<?xml version="1.0" encoding="UTF-8"?>
<testsuite xmlns:xsi="http://www.w3.org/2001/XMLSchema-instance" xsi:noNamespaceSchemaLocation="https://maven.apache.org/surefire/maven-surefire-plugin/xsd/surefire-test-report.xsd" name="org.apache.hadoop.ozone.TestStorageContainerManager" time="103.905" tests="9" errors="3" skipped="0" failures="1">
  <properties>
    <property name="awt.toolkit" value="sun.awt.X11.XToolkit"/>
    <property name="file.encoding.pkg" value="sun.io"/>
    <property name="java.specification.version" value="1.8"/>
    <property name="sun.cpu.isalist" value=""/>
    <property name="sun.jnu.encoding" value="UTF-8"/>
    <property name="java.class.path" value="/workdir/hadoop-ozone/integration-test/target/test-classes:/workdir/hadoop-ozone/integration-test/target/classes:/home/user/.m2/repository/org/apache/hadoop/hadoop-ozone-common/0.4.1-SNAPSHOT/hadoop-ozone-common-0.4.1-SNAPSHOT.jar:/home/user/.m2/repository/org/apache/commons/commons-compress/1.4.1/commons-compress-1.4.1.jar:/home/user/.m2/repository/org/tukaani/xz/1.0/xz-1.0.jar:/home/user/.m2/repository/org/apache/hadoop/hadoop-common/3.2.0/hadoop-common-3.2.0.jar:/home/user/.m2/repository/org/apache/hadoop/hadoop-hdfs/3.2.0/hadoop-hdfs-3.2.0.jar:/home/user/.m2/repository/org/apache/hadoop/hadoop-hdfs-client/3.2.0/hadoop-hdfs-client-3.2.0.jar:/home/user/.m2/repository/com/fasterxml/jackson/core/jackson-annotations/2.9.5/jackson-annotations-2.9.5.jar:/home/user/.m2/repository/org/apache/hadoop/hadoop-hdds-common/0.4.1-SNAPSHOT/hadoop-hdds-common-0.4.1-SNAPSHOT.jar:/home/user/.m2/repository/javax/annotation/javax.annotation-api/1.2/javax.annotation-api-1.2.jar:/home/user/.m2/repository/org/apache/ratis/ratis-server/0.4.0-2337318-SNAPSHOT/ratis-server-0.4.0-2337318-SNAPSHOT.jar:/home/user/.m2/repository/org/apache/ratis/ratis-thirdparty-misc/0.2.0/ratis-thirdparty-misc-0.2.0.jar:/home/user/.m2/repository/org/apache/ratis/ratis-proto/0.4.0-2337318-SNAPSHOT/ratis-proto-0.4.0-2337318-SNAPSHOT.jar:/home/user/.m2/repository/org/apache/ratis/ratis-common/0.4.0-2337318-SNAPSHOT/ratis-common-0.4.0-2337318-SNAPSHOT.jar:/home/user/.m2/repository/org/apache/ratis/ratis-client/0.4.0-2337318-SNAPSHOT/ratis-client-0.4.0-2337318-SNAPSHOT.jar:/home/user/.m2/repository/org/apache/ratis/ratis-metrics/0.4.0-2337318-SNAPSHOT/ratis-metrics-0.4.0-2337318-SNAPSHOT.jar:/home/user/.m2/repository/org/apache/ratis/ratis-netty/0.4.0-2337318-SNAPSHOT/ratis-netty-0.4.0-2337318-SNAPSHOT.jar:/home/user/.m2/repository/org/apache/ratis/ratis-grpc/0.4.0-2337318-SNAPSHOT/ratis-grpc-0.4.0-2337318-SNAPSHOT.jar:/home/user/.m2/repository/org/rocksdb/rocksdbjni/6.0.1/rocksdbjni-6.0.1.jar:/home/user/.m2/repository/org/apache/logging/log4j/log4j-api/2.11.0/log4j-api-2.11.0.jar:/home/user/.m2/repository/org/apache/logging/log4j/log4j-core/2.11.0/log4j-core-2.11.0.jar:/home/user/.m2/repository/com/lmax/disruptor/3.4.2/disruptor-3.4.2.jar:/home/user/.m2/repository/org/apache/commons/commons-pool2/2.6.0/commons-pool2-2.6.0.jar:/home/user/.m2/repository/org/bouncycastle/bcpkix-jdk15on/1.60/bcpkix-jdk15on-1.60.jar:/home/user/.m2/repository/commons-validator/commons-validator/1.6/commons-validator-1.6.jar:/home/user/.m2/repository/commons-digester/commons-digester/1.8.1/commons-digester-1.8.1.jar:/home/user/.m2/repository/io/jaegertracing/jaeger-client/0.33.1/jaeger-client-0.33.1.jar:/home/user/.m2/repository/io/jaegertracing/jaeger-thrift/0.33.1/jaeger-thrift-0.33.1.jar:/home/user/.m2/repository/org/apache/thrift/libthrift/0.11.0/libthrift-0.11.0.jar:/home/user/.m2/repository/com/squareup/okhttp3/okhttp/3.9.0/okhttp-3.9.0.jar:/home/user/.m2/repository/com/squareup/okio/okio/1.13.0/okio-1.13.0.jar:/home/user/.m2/repository/io/jaegertracing/jaeger-core/0.33.1/jaeger-core-0.33.1.jar:/home/user/.m2/repository/io/jaegertracing/jaeger-tracerresolver/0.33.1/jaeger-tracerresolver-0.33.1.jar:/home/user/.m2/repository/io/opentracing/contrib/opentracing-tracerresolver/0.1.5/opentracing-tracerresolver-0.1.5.jar:/home/user/.m2/repository/io/opentracing/opentracing-util/0.31.0/opentracing-util-0.31.0.jar:/home/user/.m2/repository/io/opentracing/opentracing-api/0.31.0/opentracing-api-0.31.0.jar:/home/user/.m2/repository/io/opentracing/opentracing-noop/0.31.0/opentracing-noop-0.31.0.jar:/home/user/.m2/repository/org/apache/hadoop/hadoop-hdds-server-framework/0.4.1-SNAPSHOT/hadoop-hdds-server-framework-0.4.1-SNAPSHOT.jar:/home/user/.m2/repository/org/apache/hadoop/hadoop-hdds-container-service/0.4.1-SNAPSHOT/hadoop-hdds-container-service-0.4.1-SNAPSHOT.jar:/home/user/.m2/repository/org/apache/hadoop/hadoop-hdds-client/0.4.1-SNAPSHOT/hadoop-hdds-client-0.4.1-SNAPSHOT.jar:/home/user/.m2/repository/org/apache/hadoop/hadoop-hdds-tools/0.4.1-SNAPSHOT/hadoop-hdds-tools-0.4.1-SNAPSHOT.jar:/home/user/.m2/repository/org/apache/hadoop/hadoop-hdds-server-scm/0.4.1-SNAPSHOT/hadoop-hdds-server-scm-0.4.1-SNAPSHOT.jar:/home/user/.m2/repository/org/apache/hadoop/hadoop-hdds-docs/0.4.1-SNAPSHOT/hadoop-hdds-docs-0.4.1-SNAPSHOT.jar:/home/user/.m2/repository/io/dropwizard/metrics/metrics-core/3.2.4/metrics-core-3.2.4.jar:/home/user/.m2/repository/org/hamcrest/hamcrest-all/1.3/hamcrest-all-1.3.jar:/home/user/.m2/repository/org/bouncycastle/bcprov-jdk15on/1.60/bcprov-jdk15on-1.60.jar:/home/user/.m2/repository/info/picocli/picocli/3.9.6/picocli-3.9.6.jar:/home/user/.m2/repository/com/google/protobuf/protobuf-java/2.5.0/protobuf-java-2.5.0.jar:/home/user/.m2/repository/com/google/guava/guava/11.0.2/guava-11.0.2.jar:/home/user/.m2/repository/org/apache/hadoop/hadoop-ozone-ozone-manager/0.4.1-SNAPSHOT/hadoop-ozone-ozone-manager-0.4.1-SNAPSHOT.jar:/home/user/.m2/repository/org/apache/hadoop/hadoop-minikdc/3.2.0/hadoop-minikdc-3.2.0.jar:/home/user/.m2/repository/commons-io/commons-io/2.5/commons-io-2.5.jar:/home/user/.m2/repository/org/apache/kerby/kerb-simplekdc/1.0.1/kerb-simplekdc-1.0.1.jar:/home/user/.m2/repository/org/apache/kerby/kerb-client/1.0.1/kerb-client-1.0.1.jar:/home/user/.m2/repository/org/apache/kerby/kerby-config/1.0.1/kerby-config-1.0.1.jar:/home/user/.m2/repository/org/apache/kerby/kerb-core/1.0.1/kerb-core-1.0.1.jar:/home/user/.m2/repository/org/apache/kerby/kerby-pkix/1.0.1/kerby-pkix-1.0.1.jar:/home/user/.m2/repository/org/apache/kerby/kerby-asn1/1.0.1/kerby-asn1-1.0.1.jar:/home/user/.m2/repository/org/apache/kerby/kerby-util/1.0.1/kerby-util-1.0.1.jar:/home/user/.m2/repository/org/apache/kerby/kerb-common/1.0.1/kerb-common-1.0.1.jar:/home/user/.m2/repository/org/apache/kerby/kerb-crypto/1.0.1/kerb-crypto-1.0.1.jar:/home/user/.m2/repository/org/apache/kerby/kerb-util/1.0.1/kerb-util-1.0.1.jar:/home/user/.m2/repository/org/apache/kerby/token-provider/1.0.1/token-provider-1.0.1.jar:/home/user/.m2/repository/org/apache/kerby/kerb-admin/1.0.1/kerb-admin-1.0.1.jar:/home/user/.m2/repository/org/apache/kerby/kerb-server/1.0.1/kerb-server-1.0.1.jar:/home/user/.m2/repository/org/apache/kerby/kerb-identity/1.0.1/kerb-identity-1.0.1.jar:/home/user/.m2/repository/org/apache/kerby/kerby-xdr/1.0.1/kerby-xdr-1.0.1.jar:/home/user/.m2/repository/org/slf4j/slf4j-log4j12/1.7.25/slf4j-log4j12-1.7.25.jar:/home/user/.m2/repository/org/apache/hadoop/hadoop-ozone-objectstore-service/0.4.1-SNAPSHOT/hadoop-ozone-objectstore-service-0.4.1-SNAPSHOT.jar:/home/user/.m2/repository/org/apache/hadoop/hadoop-ozone-s3gateway/0.4.1-SNAPSHOT/hadoop-ozone-s3gateway-0.4.1-SNAPSHOT.jar:/home/user/.m2/repository/org/jboss/weld/servlet/weld-servlet/2.4.7.Final/weld-servlet-2.4.7.Final.jar:/home/user/.m2/repository/org/glassfish/jersey/containers/jersey-container-servlet-core/2.27/jersey-container-servlet-core-2.27.jar:/home/user/.m2/repository/org/glassfish/hk2/external/javax.inject/2.5.0-b42/javax.inject-2.5.0-b42.jar:/home/user/.m2/repository/org/glassfish/jersey/core/jersey-common/2.27/jersey-common-2.27.jar:/home/user/.m2/repository/org/glassfish/hk2/osgi-resource-locator/1.0.1/osgi-resource-locator-1.0.1.jar:/home/user/.m2/repository/javax/ws/rs/javax.ws.rs-api/2.1/javax.ws.rs-api-2.1.jar:/home/user/.m2/repository/org/glassfish/jersey/ext/cdi/jersey-cdi1x/2.27/jersey-cdi1x-2.27.jar:/home/user/.m2/repository/org/glassfish/jersey/inject/jersey-hk2/2.27/jersey-hk2-2.27.jar:/home/user/.m2/repository/org/glassfish/hk2/hk2-locator/2.5.0-b42/hk2-locator-2.5.0-b42.jar:/home/user/.m2/repository/org/javassist/javassist/3.22.0-CR2/javassist-3.22.0-CR2.jar:/home/user/.m2/repository/org/glassfish/hk2/hk2-api/2.5.0/hk2-api-2.5.0.jar:/home/user/.m2/repository/org/glassfish/hk2/external/jakarta.inject/2.5.0/jakarta.inject-2.5.0.jar:/home/user/.m2/repository/org/glassfish/hk2/hk2-utils/2.5.0/hk2-utils-2.5.0.jar:/home/user/.m2/repository/jakarta/annotation/jakarta.annotation-api/1.3.4/jakarta.annotation-api-1.3.4.jar:/home/user/.m2/repository/org/glassfish/hk2/external/aopalliance-repackaged/2.5.0/aopalliance-repackaged-2.5.0.jar:/home/user/.m2/repository/com/fasterxml/jackson/dataformat/jackson-dataformat-xml/2.9.0/jackson-dataformat-xml-2.9.0.jar:/home/user/.m2/repository/com/fasterxml/jackson/core/jackson-core/2.9.5/jackson-core-2.9.5.jar:/home/user/.m2/repository/com/fasterxml/jackson/module/jackson-module-jaxb-annotations/2.9.5/jackson-module-jaxb-annotations-2.9.5.jar:/home/user/.m2/repository/javax/enterprise/cdi-api/1.2/cdi-api-1.2.jar:/home/user/.m2/repository/javax/el/javax.el-api/3.0.0/javax.el-api-3.0.0.jar:/home/user/.m2/repository/javax/interceptor/javax.interceptor-api/1.2/javax.interceptor-api-1.2.jar:/home/user/.m2/repository/javax/inject/javax.inject/1/javax.inject-1.jar:/home/user/.m2/repository/com/sun/xml/bind/jaxb-impl/2.3.0.1/jaxb-impl-2.3.0.1.jar:/home/user/.m2/repository/com/sun/xml/bind/jaxb-core/2.3.0.1/jaxb-core-2.3.0.1.jar:/home/user/.m2/repository/javax/xml/bind/jaxb-api/2.3.0/jaxb-api-2.3.0.jar:/home/user/.m2/repository/javax/activation/activation/1.1.1/activation-1.1.1.jar:/home/user/.m2/repository/org/apache/hadoop/hadoop-ozone-csi/0.4.1-SNAPSHOT/hadoop-ozone-csi-0.4.1-SNAPSHOT.jar:/home/user/.m2/repository/com/google/protobuf/protobuf-java-util/3.5.1/protobuf-java-util-3.5.1.jar:/home/user/.m2/repository/org/apache/hadoop/hadoop-hdds-config/0.4.1-SNAPSHOT/hadoop-hdds-config-0.4.1-SNAPSHOT.jar:/home/user/.m2/repository/io/grpc/grpc-netty/1.17.1/grpc-netty-1.17.1.jar:/home/user/.m2/repository/io/grpc/grpc-core/1.17.1/grpc-core-1.17.1.jar:/home/user/.m2/repository/io/grpc/grpc-context/1.17.1/grpc-context-1.17.1.jar:/home/user/.m2/repository/com/google/errorprone/error_prone_annotations/2.2.0/error_prone_annotations-2.2.0.jar:/home/user/.m2/repository/org/codehaus/mojo/animal-sniffer-annotations/1.17/animal-sniffer-annotations-1.17.jar:/home/user/.m2/repository/io/opencensus/opencensus-api/0.17.0/opencensus-api-0.17.0.jar:/home/user/.m2/repository/io/opencensus/opencensus-contrib-grpc-metrics/0.17.0/opencensus-contrib-grpc-metrics-0.17.0.jar:/home/user/.m2/repository/io/netty/netty-codec-http2/4.1.30.Final/netty-codec-http2-4.1.30.Final.jar:/home/user/.m2/repository/io/netty/netty-codec-http/4.1.30.Final/netty-codec-http-4.1.30.Final.jar:/home/user/.m2/repository/io/netty/netty-codec/4.1.30.Final/netty-codec-4.1.30.Final.jar:/home/user/.m2/repository/io/netty/netty-handler/4.1.30.Final/netty-handler-4.1.30.Final.jar:/home/user/.m2/repository/io/netty/netty-handler-proxy/4.1.30.Final/netty-handler-proxy-4.1.30.Final.jar:/home/user/.m2/repository/io/netty/netty-codec-socks/4.1.30.Final/netty-codec-socks-4.1.30.Final.jar:/home/user/.m2/repository/io/netty/netty-transport-native-epoll/4.1.30.Final/netty-transport-native-epoll-4.1.30.Final.jar:/home/user/.m2/repository/io/netty/netty-common/4.1.30.Final/netty-common-4.1.30.Final.jar:/home/user/.m2/repository/io/netty/netty-buffer/4.1.30.Final/netty-buffer-4.1.30.Final.jar:/home/user/.m2/repository/io/netty/netty-transport/4.1.30.Final/netty-transport-4.1.30.Final.jar:/home/user/.m2/repository/io/netty/netty-resolver/4.1.30.Final/netty-resolver-4.1.30.Final.jar:/home/user/.m2/repository/io/netty/netty-transport-native-unix-common/4.1.30.Final/netty-transport-native-unix-common-4.1.30.Final.jar:/home/user/.m2/repository/io/grpc/grpc-protobuf/1.17.1/grpc-protobuf-1.17.1.jar:/home/user/.m2/repository/com/google/api/grpc/proto-google-common-protos/1.0.0/proto-google-common-protos-1.0.0.jar:/home/user/.m2/repository/io/grpc/grpc-protobuf-lite/1.17.1/grpc-protobuf-lite-1.17.1.jar:/home/user/.m2/repository/io/grpc/grpc-stub/1.17.1/grpc-stub-1.17.1.jar:/home/user/.m2/repository/org/apache/hadoop/hadoop-ozone-recon/0.4.1-SNAPSHOT/hadoop-ozone-recon-0.4.1-SNAPSHOT.jar:/home/user/.m2/repository/org/apache/hadoop/hadoop-ozone-reconcodegen/0.4.1-SNAPSHOT/hadoop-ozone-reconcodegen-0.4.1-SNAPSHOT.jar:/home/user/.m2/repository/com/google/inject/extensions/guice-multibindings/4.0/guice-multibindings-4.0.jar:/home/user/.m2/repository/com/google/inject/guice/4.0/guice-4.0.jar:/home/user/.m2/repository/aopalliance/aopalliance/1.0/aopalliance-1.0.jar:/home/user/.m2/repository/com/google/inject/extensions/guice-servlet/4.0/guice-servlet-4.0.jar:/home/user/.m2/repository/org/glassfish/jersey/containers/jersey-container-servlet/2.27/jersey-container-servlet-2.27.jar:/home/user/.m2/repository/org/glassfish/hk2/guice-bridge/2.5.0/guice-bridge-2.5.0.jar:/home/user/.m2/repository/org/glassfish/jersey/core/jersey-server/2.27/jersey-server-2.27.jar:/home/user/.m2/repository/org/glassfish/jersey/core/jersey-client/2.27/jersey-client-2.27.jar:/home/user/.m2/repository/org/glassfish/jersey/media/jersey-media-jaxb/2.27/jersey-media-jaxb-2.27.jar:/home/user/.m2/repository/javax/validation/validation-api/1.1.0.Final/validation-api-1.1.0.Final.jar:/home/user/.m2/repository/org/glassfish/jersey/media/jersey-media-json-jackson/2.27/jersey-media-json-jackson-2.27.jar:/home/user/.m2/repository/org/glassfish/jersey/ext/jersey-entity-filtering/2.27/jersey-entity-filtering-2.27.jar:/home/user/.m2/repository/com/google/inject/extensions/guice-assistedinject/4.0/guice-assistedinject-4.0.jar:/home/user/.m2/repository/org/jooq/jooq/3.11.10/jooq-3.11.10.jar:/home/user/.m2/repository/org/jooq/jooq-meta/3.11.10/jooq-meta-3.11.10.jar:/home/user/.m2/repository/org/jooq/jooq-codegen/3.11.10/jooq-codegen-3.11.10.jar:/home/user/.m2/repository/com/jolbox/bonecp/0.8.0.RELEASE/bonecp-0.8.0.RELEASE.jar:/home/user/.m2/repository/org/xerial/sqlite-jdbc/3.25.2/sqlite-jdbc-3.25.2.jar:/home/user/.m2/repository/org/springframework/spring-jdbc/5.1.3.RELEASE/spring-jdbc-5.1.3.RELEASE.jar:/home/user/.m2/repository/org/springframework/spring-beans/5.1.3.RELEASE/spring-beans-5.1.3.RELEASE.jar:/home/user/.m2/repository/org/springframework/spring-core/5.1.3.RELEASE/spring-core-5.1.3.RELEASE.jar:/home/user/.m2/repository/org/springframework/spring-jcl/5.1.3.RELEASE/spring-jcl-5.1.3.RELEASE.jar:/home/user/.m2/repository/org/springframework/spring-tx/5.1.3.RELEASE/spring-tx-5.1.3.RELEASE.jar:/home/user/.m2/repository/org/apache/hadoop/hadoop-ozone-client/0.4.1-SNAPSHOT/hadoop-ozone-client-0.4.1-SNAPSHOT.jar:/home/user/.m2/repository/commons-lang/commons-lang/2.6/commons-lang-2.6.jar:/home/user/.m2/repository/org/apache/hadoop/hadoop-ozone-ozone-manager/0.4.1-SNAPSHOT/hadoop-ozone-ozone-manager-0.4.1-SNAPSHOT-tests.jar:/home/user/.m2/repository/junit/junit/4.11/junit-4.11.jar:/home/user/.m2/repository/org/hamcrest/hamcrest-core/1.3/hamcrest-core-1.3.jar:/home/user/.m2/repository/org/openjdk/jmh/jmh-core/1.19/jmh-core-1.19.jar:/home/user/.m2/repository/net/sf/jopt-simple/jopt-simple/4.6/jopt-simple-4.6.jar:/home/user/.m2/repository/org/apache/commons/commons-math3/3.1.1/commons-math3-3.1.1.jar:/home/user/.m2/repository/org/openjdk/jmh/jmh-generator-annprocess/1.19/jmh-generator-annprocess-1.19.jar:/home/user/.m2/repository/org/mockito/mockito-all/1.8.5/mockito-all-1.8.5.jar:/home/user/.m2/repository/org/apache/hadoop/hadoop-kms/3.2.0/hadoop-kms-3.2.0.jar:/home/user/.m2/repository/org/apache/hadoop/hadoop-auth/3.2.0/hadoop-auth-3.2.0.jar:/home/user/.m2/repository/com/nimbusds/nimbus-jose-jwt/4.41.1/nimbus-jose-jwt-4.41.1.jar:/home/user/.m2/repository/com/github/stephenc/jcip/jcip-annotations/1.0-1/jcip-annotations-1.0-1.jar:/home/user/.m2/repository/net/minidev/json-smart/2.3/json-smart-2.3.jar:/home/user/.m2/repository/net/minidev/accessors-smart/1.2/accessors-smart-1.2.jar:/home/user/.m2/repository/org/ow2/asm/asm/5.0.4/asm-5.0.4.jar:/home/user/.m2/repository/org/apache/curator/curator-framework/2.12.0/curator-framework-2.12.0.jar:/home/user/.m2/repository/com/sun/jersey/jersey-core/1.19/jersey-core-1.19.jar:/home/user/.m2/repository/javax/ws/rs/jsr311-api/1.1.1/jsr311-api-1.1.1.jar:/home/user/.m2/repository/com/sun/jersey/jersey-server/1.19/jersey-server-1.19.jar:/home/user/.m2/repository/javax/servlet/javax.servlet-api/3.1.0/javax.servlet-api-3.1.0.jar:/home/user/.m2/repository/org/eclipse/jetty/jetty-server/9.3.24.v20180605/jetty-server-9.3.24.v20180605.jar:/home/user/.m2/repository/org/eclipse/jetty/jetty-http/9.3.24.v20180605/jetty-http-9.3.24.v20180605.jar:/home/user/.m2/repository/org/eclipse/jetty/jetty-io/9.3.24.v20180605/jetty-io-9.3.24.v20180605.jar:/home/user/.m2/repository/org/eclipse/jetty/jetty-webapp/9.3.24.v20180605/jetty-webapp-9.3.24.v20180605.jar:/home/user/.m2/repository/org/eclipse/jetty/jetty-xml/9.3.24.v20180605/jetty-xml-9.3.24.v20180605.jar:/home/user/.m2/repository/log4j/log4j/1.2.17/log4j-1.2.17.jar:/home/user/.m2/repository/org/slf4j/slf4j-api/1.7.25/slf4j-api-1.7.25.jar:/home/user/.m2/repository/org/slf4j/jul-to-slf4j/1.7.25/jul-to-slf4j-1.7.25.jar:/home/user/.m2/repository/org/eclipse/jetty/jetty-util/9.3.24.v20180605/jetty-util-9.3.24.v20180605.jar:/home/user/.m2/repository/com/fasterxml/jackson/core/jackson-databind/2.9.5/jackson-databind-2.9.5.jar:/home/user/.m2/repository/org/apache/hadoop/hadoop-kms/3.2.0/hadoop-kms-3.2.0-tests.jar:/home/user/.m2/repository/org/apache/hadoop/hadoop-hdds-server-scm/0.4.1-SNAPSHOT/hadoop-hdds-server-scm-0.4.1-SNAPSHOT-tests.jar:/home/user/.m2/repository/org/apache/hadoop/hadoop-hdds-container-service/0.4.1-SNAPSHOT/hadoop-hdds-container-service-0.4.1-SNAPSHOT-tests.jar:/home/user/.m2/repository/org/yaml/snakeyaml/1.16/snakeyaml-1.16.jar:/home/user/.m2/repository/org/apache/hadoop/hadoop-common/3.2.0/hadoop-common-3.2.0-tests.jar:/home/user/.m2/repository/org/apache/hadoop/hadoop-annotations/3.2.0/hadoop-annotations-3.2.0.jar:/usr/lib/jvm/java-1.8-openjdk/jre/../lib/tools.jar:/home/user/.m2/repository/commons-cli/commons-cli/1.2/commons-cli-1.2.jar:/home/user/.m2/repository/org/apache/httpcomponents/httpclient/4.5.2/httpclient-4.5.2.jar:/home/user/.m2/repository/org/apache/httpcomponents/httpcore/4.4.4/httpcore-4.4.4.jar:/home/user/.m2/repository/commons-codec/commons-codec/1.11/commons-codec-1.11.jar:/home/user/.m2/repository/commons-net/commons-net/3.6/commons-net-3.6.jar:/home/user/.m2/repository/commons-collections/commons-collections/3.2.2/commons-collections-3.2.2.jar:/home/user/.m2/repository/org/eclipse/jetty/jetty-servlet/9.3.24.v20180605/jetty-servlet-9.3.24.v20180605.jar:/home/user/.m2/repository/org/eclipse/jetty/jetty-security/9.3.24.v20180605/jetty-security-9.3.24.v20180605.jar:/home/user/.m2/repository/javax/servlet/jsp/jsp-api/2.1/jsp-api-2.1.jar:/home/user/.m2/repository/com/sun/jersey/jersey-servlet/1.19/jersey-servlet-1.19.jar:/home/user/.m2/repository/com/sun/jersey/jersey-json/1.19/jersey-json-1.19.jar:/home/user/.m2/repository/org/codehaus/jettison/jettison/1.1/jettison-1.1.jar:/home/user/.m2/repository/org/codehaus/jackson/jackson-core-asl/1.9.13/jackson-core-asl-1.9.13.jar:/home/user/.m2/repository/org/codehaus/jackson/jackson-mapper-asl/1.9.13/jackson-mapper-asl-1.9.13.jar:/home/user/.m2/repository/org/codehaus/jackson/jackson-jaxrs/1.9.13/jackson-jaxrs-1.9.13.jar:/home/user/.m2/repository/org/codehaus/jackson/jackson-xc/1.9.13/jackson-xc-1.9.13.jar:/home/user/.m2/repository/commons-logging/commons-logging/1.1.3/commons-logging-1.1.3.jar:/home/user/.m2/repository/commons-beanutils/commons-beanutils/1.9.3/commons-beanutils-1.9.3.jar:/home/user/.m2/repository/org/apache/commons/commons-configuration2/2.1.1/commons-configuration2-2.1.1.jar:/home/user/.m2/repository/org/apache/commons/commons-lang3/3.7/commons-lang3-3.7.jar:/home/user/.m2/repository/org/apache/commons/commons-text/1.4/commons-text-1.4.jar:/home/user/.m2/repository/org/apache/avro/avro/1.7.7/avro-1.7.7.jar:/home/user/.m2/repository/com/thoughtworks/paranamer/paranamer/2.3/paranamer-2.3.jar:/home/user/.m2/repository/org/xerial/snappy/snappy-java/1.0.5/snappy-java-1.0.5.jar:/home/user/.m2/repository/com/google/re2j/re2j/1.1/re2j-1.1.jar:/home/user/.m2/repository/com/google/code/gson/gson/2.2.4/gson-2.2.4.jar:/home/user/.m2/repository/com/jcraft/jsch/0.1.54/jsch-0.1.54.jar:/home/user/.m2/repository/org/apache/curator/curator-client/2.12.0/curator-client-2.12.0.jar:/home/user/.m2/repository/org/apache/curator/curator-recipes/2.12.0/curator-recipes-2.12.0.jar:/home/user/.m2/repository/com/google/code/findbugs/jsr305/3.0.0/jsr305-3.0.0.jar:/home/user/.m2/repository/org/apache/htrace/htrace-core4/4.1.0-incubating/htrace-core4-4.1.0-incubating.jar:/home/user/.m2/repository/org/apache/zookeeper/zookeeper/3.4.13/zookeeper-3.4.13.jar:/home/user/.m2/repository/org/apache/yetus/audience-annotations/0.5.0/audience-annotations-0.5.0.jar:/home/user/.m2/repository/org/codehaus/woodstox/stax2-api/3.1.4/stax2-api-3.1.4.jar:/home/user/.m2/repository/com/fasterxml/woodstox/woodstox-core/5.0.3/woodstox-core-5.0.3.jar:/home/user/.m2/repository/dnsjava/dnsjava/2.1.7/dnsjava-2.1.7.jar:/home/user/.m2/repository/org/apache/hadoop/hadoop-hdfs/3.2.0/hadoop-hdfs-3.2.0-tests.jar:/home/user/.m2/repository/org/eclipse/jetty/jetty-util-ajax/9.3.24.v20180605/jetty-util-ajax-9.3.24.v20180605.jar:/home/user/.m2/repository/commons-daemon/commons-daemon/1.0.13/commons-daemon-1.0.13.jar:/home/user/.m2/repository/io/netty/netty/3.10.5.Final/netty-3.10.5.Final.jar:/home/user/.m2/repository/io/netty/netty-all/4.0.52.Final/netty-all-4.0.52.Final.jar:/home/user/.m2/repository/org/fusesource/leveldbjni/leveldbjni-all/1.8/leveldbjni-all-1.8.jar:"/>
    <property name="java.vm.vendor" value="IcedTea"/>
    <property name="sun.arch.data.model" value="64"/>
    <property name="test.build.dir" value="/workdir/hadoop-ozone/integration-test/target/test-dir"/>
    <property name="test.cache.data" value=""/>
    <property name="java.vendor.url" value="https://icedtea.classpath.org"/>
    <property name="user.timezone" value=""/>
    <property name="java.vm.specification.version" value="1.8"/>
    <property name="os.name" value="Linux"/>
    <property name="test.build.data" value="/workdir/hadoop-ozone/integration-test/target/test-dir"/>
    <property name="user.country" value="US"/>
    <property name="sun.java.launcher" value="SUN_STANDARD"/>
    <property name="sun.boot.library.path" value="/usr/lib/jvm/java-1.8-openjdk/jre/lib/amd64"/>
    <property name="sun.java.command" value="/workdir/hadoop-ozone/integration-test/target/surefire/surefirebooter8779139100199126734.jar /workdir/hadoop-ozone/integration-test/target/surefire 2019-07-30T18-42-54_965-jvmRun1 surefire1843819324313341585tmp surefire_247965589424026886578tmp"/>
    <property name="surefire.test.class.path" value="/workdir/hadoop-ozone/integration-test/target/test-classes:/workdir/hadoop-ozone/integration-test/target/classes:/home/user/.m2/repository/org/apache/hadoop/hadoop-ozone-common/0.4.1-SNAPSHOT/hadoop-ozone-common-0.4.1-SNAPSHOT.jar:/home/user/.m2/repository/org/apache/commons/commons-compress/1.4.1/commons-compress-1.4.1.jar:/home/user/.m2/repository/org/tukaani/xz/1.0/xz-1.0.jar:/home/user/.m2/repository/org/apache/hadoop/hadoop-common/3.2.0/hadoop-common-3.2.0.jar:/home/user/.m2/repository/org/apache/hadoop/hadoop-hdfs/3.2.0/hadoop-hdfs-3.2.0.jar:/home/user/.m2/repository/org/apache/hadoop/hadoop-hdfs-client/3.2.0/hadoop-hdfs-client-3.2.0.jar:/home/user/.m2/repository/com/fasterxml/jackson/core/jackson-annotations/2.9.5/jackson-annotations-2.9.5.jar:/home/user/.m2/repository/org/apache/hadoop/hadoop-hdds-common/0.4.1-SNAPSHOT/hadoop-hdds-common-0.4.1-SNAPSHOT.jar:/home/user/.m2/repository/javax/annotation/javax.annotation-api/1.2/javax.annotation-api-1.2.jar:/home/user/.m2/repository/org/apache/ratis/ratis-server/0.4.0-2337318-SNAPSHOT/ratis-server-0.4.0-2337318-SNAPSHOT.jar:/home/user/.m2/repository/org/apache/ratis/ratis-thirdparty-misc/0.2.0/ratis-thirdparty-misc-0.2.0.jar:/home/user/.m2/repository/org/apache/ratis/ratis-proto/0.4.0-2337318-SNAPSHOT/ratis-proto-0.4.0-2337318-SNAPSHOT.jar:/home/user/.m2/repository/org/apache/ratis/ratis-common/0.4.0-2337318-SNAPSHOT/ratis-common-0.4.0-2337318-SNAPSHOT.jar:/home/user/.m2/repository/org/apache/ratis/ratis-client/0.4.0-2337318-SNAPSHOT/ratis-client-0.4.0-2337318-SNAPSHOT.jar:/home/user/.m2/repository/org/apache/ratis/ratis-metrics/0.4.0-2337318-SNAPSHOT/ratis-metrics-0.4.0-2337318-SNAPSHOT.jar:/home/user/.m2/repository/org/apache/ratis/ratis-netty/0.4.0-2337318-SNAPSHOT/ratis-netty-0.4.0-2337318-SNAPSHOT.jar:/home/user/.m2/repository/org/apache/ratis/ratis-grpc/0.4.0-2337318-SNAPSHOT/ratis-grpc-0.4.0-2337318-SNAPSHOT.jar:/home/user/.m2/repository/org/rocksdb/rocksdbjni/6.0.1/rocksdbjni-6.0.1.jar:/home/user/.m2/repository/org/apache/logging/log4j/log4j-api/2.11.0/log4j-api-2.11.0.jar:/home/user/.m2/repository/org/apache/logging/log4j/log4j-core/2.11.0/log4j-core-2.11.0.jar:/home/user/.m2/repository/com/lmax/disruptor/3.4.2/disruptor-3.4.2.jar:/home/user/.m2/repository/org/apache/commons/commons-pool2/2.6.0/commons-pool2-2.6.0.jar:/home/user/.m2/repository/org/bouncycastle/bcpkix-jdk15on/1.60/bcpkix-jdk15on-1.60.jar:/home/user/.m2/repository/commons-validator/commons-validator/1.6/commons-validator-1.6.jar:/home/user/.m2/repository/commons-digester/commons-digester/1.8.1/commons-digester-1.8.1.jar:/home/user/.m2/repository/io/jaegertracing/jaeger-client/0.33.1/jaeger-client-0.33.1.jar:/home/user/.m2/repository/io/jaegertracing/jaeger-thrift/0.33.1/jaeger-thrift-0.33.1.jar:/home/user/.m2/repository/org/apache/thrift/libthrift/0.11.0/libthrift-0.11.0.jar:/home/user/.m2/repository/com/squareup/okhttp3/okhttp/3.9.0/okhttp-3.9.0.jar:/home/user/.m2/repository/com/squareup/okio/okio/1.13.0/okio-1.13.0.jar:/home/user/.m2/repository/io/jaegertracing/jaeger-core/0.33.1/jaeger-core-0.33.1.jar:/home/user/.m2/repository/io/jaegertracing/jaeger-tracerresolver/0.33.1/jaeger-tracerresolver-0.33.1.jar:/home/user/.m2/repository/io/opentracing/contrib/opentracing-tracerresolver/0.1.5/opentracing-tracerresolver-0.1.5.jar:/home/user/.m2/repository/io/opentracing/opentracing-util/0.31.0/opentracing-util-0.31.0.jar:/home/user/.m2/repository/io/opentracing/opentracing-api/0.31.0/opentracing-api-0.31.0.jar:/home/user/.m2/repository/io/opentracing/opentracing-noop/0.31.0/opentracing-noop-0.31.0.jar:/home/user/.m2/repository/org/apache/hadoop/hadoop-hdds-server-framework/0.4.1-SNAPSHOT/hadoop-hdds-server-framework-0.4.1-SNAPSHOT.jar:/home/user/.m2/repository/org/apache/hadoop/hadoop-hdds-container-service/0.4.1-SNAPSHOT/hadoop-hdds-container-service-0.4.1-SNAPSHOT.jar:/home/user/.m2/repository/org/apache/hadoop/hadoop-hdds-client/0.4.1-SNAPSHOT/hadoop-hdds-client-0.4.1-SNAPSHOT.jar:/home/user/.m2/repository/org/apache/hadoop/hadoop-hdds-tools/0.4.1-SNAPSHOT/hadoop-hdds-tools-0.4.1-SNAPSHOT.jar:/home/user/.m2/repository/org/apache/hadoop/hadoop-hdds-server-scm/0.4.1-SNAPSHOT/hadoop-hdds-server-scm-0.4.1-SNAPSHOT.jar:/home/user/.m2/repository/org/apache/hadoop/hadoop-hdds-docs/0.4.1-SNAPSHOT/hadoop-hdds-docs-0.4.1-SNAPSHOT.jar:/home/user/.m2/repository/io/dropwizard/metrics/metrics-core/3.2.4/metrics-core-3.2.4.jar:/home/user/.m2/repository/org/hamcrest/hamcrest-all/1.3/hamcrest-all-1.3.jar:/home/user/.m2/repository/org/bouncycastle/bcprov-jdk15on/1.60/bcprov-jdk15on-1.60.jar:/home/user/.m2/repository/info/picocli/picocli/3.9.6/picocli-3.9.6.jar:/home/user/.m2/repository/com/google/protobuf/protobuf-java/2.5.0/protobuf-java-2.5.0.jar:/home/user/.m2/repository/com/google/guava/guava/11.0.2/guava-11.0.2.jar:/home/user/.m2/repository/org/apache/hadoop/hadoop-ozone-ozone-manager/0.4.1-SNAPSHOT/hadoop-ozone-ozone-manager-0.4.1-SNAPSHOT.jar:/home/user/.m2/repository/org/apache/hadoop/hadoop-minikdc/3.2.0/hadoop-minikdc-3.2.0.jar:/home/user/.m2/repository/commons-io/commons-io/2.5/commons-io-2.5.jar:/home/user/.m2/repository/org/apache/kerby/kerb-simplekdc/1.0.1/kerb-simplekdc-1.0.1.jar:/home/user/.m2/repository/org/apache/kerby/kerb-client/1.0.1/kerb-client-1.0.1.jar:/home/user/.m2/repository/org/apache/kerby/kerby-config/1.0.1/kerby-config-1.0.1.jar:/home/user/.m2/repository/org/apache/kerby/kerb-core/1.0.1/kerb-core-1.0.1.jar:/home/user/.m2/repository/org/apache/kerby/kerby-pkix/1.0.1/kerby-pkix-1.0.1.jar:/home/user/.m2/repository/org/apache/kerby/kerby-asn1/1.0.1/kerby-asn1-1.0.1.jar:/home/user/.m2/repository/org/apache/kerby/kerby-util/1.0.1/kerby-util-1.0.1.jar:/home/user/.m2/repository/org/apache/kerby/kerb-common/1.0.1/kerb-common-1.0.1.jar:/home/user/.m2/repository/org/apache/kerby/kerb-crypto/1.0.1/kerb-crypto-1.0.1.jar:/home/user/.m2/repository/org/apache/kerby/kerb-util/1.0.1/kerb-util-1.0.1.jar:/home/user/.m2/repository/org/apache/kerby/token-provider/1.0.1/token-provider-1.0.1.jar:/home/user/.m2/repository/org/apache/kerby/kerb-admin/1.0.1/kerb-admin-1.0.1.jar:/home/user/.m2/repository/org/apache/kerby/kerb-server/1.0.1/kerb-server-1.0.1.jar:/home/user/.m2/repository/org/apache/kerby/kerb-identity/1.0.1/kerb-identity-1.0.1.jar:/home/user/.m2/repository/org/apache/kerby/kerby-xdr/1.0.1/kerby-xdr-1.0.1.jar:/home/user/.m2/repository/org/slf4j/slf4j-log4j12/1.7.25/slf4j-log4j12-1.7.25.jar:/home/user/.m2/repository/org/apache/hadoop/hadoop-ozone-objectstore-service/0.4.1-SNAPSHOT/hadoop-ozone-objectstore-service-0.4.1-SNAPSHOT.jar:/home/user/.m2/repository/org/apache/hadoop/hadoop-ozone-s3gateway/0.4.1-SNAPSHOT/hadoop-ozone-s3gateway-0.4.1-SNAPSHOT.jar:/home/user/.m2/repository/org/jboss/weld/servlet/weld-servlet/2.4.7.Final/weld-servlet-2.4.7.Final.jar:/home/user/.m2/repository/org/glassfish/jersey/containers/jersey-container-servlet-core/2.27/jersey-container-servlet-core-2.27.jar:/home/user/.m2/repository/org/glassfish/hk2/external/javax.inject/2.5.0-b42/javax.inject-2.5.0-b42.jar:/home/user/.m2/repository/org/glassfish/jersey/core/jersey-common/2.27/jersey-common-2.27.jar:/home/user/.m2/repository/org/glassfish/hk2/osgi-resource-locator/1.0.1/osgi-resource-locator-1.0.1.jar:/home/user/.m2/repository/javax/ws/rs/javax.ws.rs-api/2.1/javax.ws.rs-api-2.1.jar:/home/user/.m2/repository/org/glassfish/jersey/ext/cdi/jersey-cdi1x/2.27/jersey-cdi1x-2.27.jar:/home/user/.m2/repository/org/glassfish/jersey/inject/jersey-hk2/2.27/jersey-hk2-2.27.jar:/home/user/.m2/repository/org/glassfish/hk2/hk2-locator/2.5.0-b42/hk2-locator-2.5.0-b42.jar:/home/user/.m2/repository/org/javassist/javassist/3.22.0-CR2/javassist-3.22.0-CR2.jar:/home/user/.m2/repository/org/glassfish/hk2/hk2-api/2.5.0/hk2-api-2.5.0.jar:/home/user/.m2/repository/org/glassfish/hk2/external/jakarta.inject/2.5.0/jakarta.inject-2.5.0.jar:/home/user/.m2/repository/org/glassfish/hk2/hk2-utils/2.5.0/hk2-utils-2.5.0.jar:/home/user/.m2/repository/jakarta/annotation/jakarta.annotation-api/1.3.4/jakarta.annotation-api-1.3.4.jar:/home/user/.m2/repository/org/glassfish/hk2/external/aopalliance-repackaged/2.5.0/aopalliance-repackaged-2.5.0.jar:/home/user/.m2/repository/com/fasterxml/jackson/dataformat/jackson-dataformat-xml/2.9.0/jackson-dataformat-xml-2.9.0.jar:/home/user/.m2/repository/com/fasterxml/jackson/core/jackson-core/2.9.5/jackson-core-2.9.5.jar:/home/user/.m2/repository/com/fasterxml/jackson/module/jackson-module-jaxb-annotations/2.9.5/jackson-module-jaxb-annotations-2.9.5.jar:/home/user/.m2/repository/javax/enterprise/cdi-api/1.2/cdi-api-1.2.jar:/home/user/.m2/repository/javax/el/javax.el-api/3.0.0/javax.el-api-3.0.0.jar:/home/user/.m2/repository/javax/interceptor/javax.interceptor-api/1.2/javax.interceptor-api-1.2.jar:/home/user/.m2/repository/javax/inject/javax.inject/1/javax.inject-1.jar:/home/user/.m2/repository/com/sun/xml/bind/jaxb-impl/2.3.0.1/jaxb-impl-2.3.0.1.jar:/home/user/.m2/repository/com/sun/xml/bind/jaxb-core/2.3.0.1/jaxb-core-2.3.0.1.jar:/home/user/.m2/repository/javax/xml/bind/jaxb-api/2.3.0/jaxb-api-2.3.0.jar:/home/user/.m2/repository/javax/activation/activation/1.1.1/activation-1.1.1.jar:/home/user/.m2/repository/org/apache/hadoop/hadoop-ozone-csi/0.4.1-SNAPSHOT/hadoop-ozone-csi-0.4.1-SNAPSHOT.jar:/home/user/.m2/repository/com/google/protobuf/protobuf-java-util/3.5.1/protobuf-java-util-3.5.1.jar:/home/user/.m2/repository/org/apache/hadoop/hadoop-hdds-config/0.4.1-SNAPSHOT/hadoop-hdds-config-0.4.1-SNAPSHOT.jar:/home/user/.m2/repository/io/grpc/grpc-netty/1.17.1/grpc-netty-1.17.1.jar:/home/user/.m2/repository/io/grpc/grpc-core/1.17.1/grpc-core-1.17.1.jar:/home/user/.m2/repository/io/grpc/grpc-context/1.17.1/grpc-context-1.17.1.jar:/home/user/.m2/repository/com/google/errorprone/error_prone_annotations/2.2.0/error_prone_annotations-2.2.0.jar:/home/user/.m2/repository/org/codehaus/mojo/animal-sniffer-annotations/1.17/animal-sniffer-annotations-1.17.jar:/home/user/.m2/repository/io/opencensus/opencensus-api/0.17.0/opencensus-api-0.17.0.jar:/home/user/.m2/repository/io/opencensus/opencensus-contrib-grpc-metrics/0.17.0/opencensus-contrib-grpc-metrics-0.17.0.jar:/home/user/.m2/repository/io/netty/netty-codec-http2/4.1.30.Final/netty-codec-http2-4.1.30.Final.jar:/home/user/.m2/repository/io/netty/netty-codec-http/4.1.30.Final/netty-codec-http-4.1.30.Final.jar:/home/user/.m2/repository/io/netty/netty-codec/4.1.30.Final/netty-codec-4.1.30.Final.jar:/home/user/.m2/repository/io/netty/netty-handler/4.1.30.Final/netty-handler-4.1.30.Final.jar:/home/user/.m2/repository/io/netty/netty-handler-proxy/4.1.30.Final/netty-handler-proxy-4.1.30.Final.jar:/home/user/.m2/repository/io/netty/netty-codec-socks/4.1.30.Final/netty-codec-socks-4.1.30.Final.jar:/home/user/.m2/repository/io/netty/netty-transport-native-epoll/4.1.30.Final/netty-transport-native-epoll-4.1.30.Final.jar:/home/user/.m2/repository/io/netty/netty-common/4.1.30.Final/netty-common-4.1.30.Final.jar:/home/user/.m2/repository/io/netty/netty-buffer/4.1.30.Final/netty-buffer-4.1.30.Final.jar:/home/user/.m2/repository/io/netty/netty-transport/4.1.30.Final/netty-transport-4.1.30.Final.jar:/home/user/.m2/repository/io/netty/netty-resolver/4.1.30.Final/netty-resolver-4.1.30.Final.jar:/home/user/.m2/repository/io/netty/netty-transport-native-unix-common/4.1.30.Final/netty-transport-native-unix-common-4.1.30.Final.jar:/home/user/.m2/repository/io/grpc/grpc-protobuf/1.17.1/grpc-protobuf-1.17.1.jar:/home/user/.m2/repository/com/google/api/grpc/proto-google-common-protos/1.0.0/proto-google-common-protos-1.0.0.jar:/home/user/.m2/repository/io/grpc/grpc-protobuf-lite/1.17.1/grpc-protobuf-lite-1.17.1.jar:/home/user/.m2/repository/io/grpc/grpc-stub/1.17.1/grpc-stub-1.17.1.jar:/home/user/.m2/repository/org/apache/hadoop/hadoop-ozone-recon/0.4.1-SNAPSHOT/hadoop-ozone-recon-0.4.1-SNAPSHOT.jar:/home/user/.m2/repository/org/apache/hadoop/hadoop-ozone-reconcodegen/0.4.1-SNAPSHOT/hadoop-ozone-reconcodegen-0.4.1-SNAPSHOT.jar:/home/user/.m2/repository/com/google/inject/extensions/guice-multibindings/4.0/guice-multibindings-4.0.jar:/home/user/.m2/repository/com/google/inject/guice/4.0/guice-4.0.jar:/home/user/.m2/repository/aopalliance/aopalliance/1.0/aopalliance-1.0.jar:/home/user/.m2/repository/com/google/inject/extensions/guice-servlet/4.0/guice-servlet-4.0.jar:/home/user/.m2/repository/org/glassfish/jersey/containers/jersey-container-servlet/2.27/jersey-container-servlet-2.27.jar:/home/user/.m2/repository/org/glassfish/hk2/guice-bridge/2.5.0/guice-bridge-2.5.0.jar:/home/user/.m2/repository/org/glassfish/jersey/core/jersey-server/2.27/jersey-server-2.27.jar:/home/user/.m2/repository/org/glassfish/jersey/core/jersey-client/2.27/jersey-client-2.27.jar:/home/user/.m2/repository/org/glassfish/jersey/media/jersey-media-jaxb/2.27/jersey-media-jaxb-2.27.jar:/home/user/.m2/repository/javax/validation/validation-api/1.1.0.Final/validation-api-1.1.0.Final.jar:/home/user/.m2/repository/org/glassfish/jersey/media/jersey-media-json-jackson/2.27/jersey-media-json-jackson-2.27.jar:/home/user/.m2/repository/org/glassfish/jersey/ext/jersey-entity-filtering/2.27/jersey-entity-filtering-2.27.jar:/home/user/.m2/repository/com/google/inject/extensions/guice-assistedinject/4.0/guice-assistedinject-4.0.jar:/home/user/.m2/repository/org/jooq/jooq/3.11.10/jooq-3.11.10.jar:/home/user/.m2/repository/org/jooq/jooq-meta/3.11.10/jooq-meta-3.11.10.jar:/home/user/.m2/repository/org/jooq/jooq-codegen/3.11.10/jooq-codegen-3.11.10.jar:/home/user/.m2/repository/com/jolbox/bonecp/0.8.0.RELEASE/bonecp-0.8.0.RELEASE.jar:/home/user/.m2/repository/org/xerial/sqlite-jdbc/3.25.2/sqlite-jdbc-3.25.2.jar:/home/user/.m2/repository/org/springframework/spring-jdbc/5.1.3.RELEASE/spring-jdbc-5.1.3.RELEASE.jar:/home/user/.m2/repository/org/springframework/spring-beans/5.1.3.RELEASE/spring-beans-5.1.3.RELEASE.jar:/home/user/.m2/repository/org/springframework/spring-core/5.1.3.RELEASE/spring-core-5.1.3.RELEASE.jar:/home/user/.m2/repository/org/springframework/spring-jcl/5.1.3.RELEASE/spring-jcl-5.1.3.RELEASE.jar:/home/user/.m2/repository/org/springframework/spring-tx/5.1.3.RELEASE/spring-tx-5.1.3.RELEASE.jar:/home/user/.m2/repository/org/apache/hadoop/hadoop-ozone-client/0.4.1-SNAPSHOT/hadoop-ozone-client-0.4.1-SNAPSHOT.jar:/home/user/.m2/repository/commons-lang/commons-lang/2.6/commons-lang-2.6.jar:/home/user/.m2/repository/org/apache/hadoop/hadoop-ozone-ozone-manager/0.4.1-SNAPSHOT/hadoop-ozone-ozone-manager-0.4.1-SNAPSHOT-tests.jar:/home/user/.m2/repository/junit/junit/4.11/junit-4.11.jar:/home/user/.m2/repository/org/hamcrest/hamcrest-core/1.3/hamcrest-core-1.3.jar:/home/user/.m2/repository/org/openjdk/jmh/jmh-core/1.19/jmh-core-1.19.jar:/home/user/.m2/repository/net/sf/jopt-simple/jopt-simple/4.6/jopt-simple-4.6.jar:/home/user/.m2/repository/org/apache/commons/commons-math3/3.1.1/commons-math3-3.1.1.jar:/home/user/.m2/repository/org/openjdk/jmh/jmh-generator-annprocess/1.19/jmh-generator-annprocess-1.19.jar:/home/user/.m2/repository/org/mockito/mockito-all/1.8.5/mockito-all-1.8.5.jar:/home/user/.m2/repository/org/apache/hadoop/hadoop-kms/3.2.0/hadoop-kms-3.2.0.jar:/home/user/.m2/repository/org/apache/hadoop/hadoop-auth/3.2.0/hadoop-auth-3.2.0.jar:/home/user/.m2/repository/com/nimbusds/nimbus-jose-jwt/4.41.1/nimbus-jose-jwt-4.41.1.jar:/home/user/.m2/repository/com/github/stephenc/jcip/jcip-annotations/1.0-1/jcip-annotations-1.0-1.jar:/home/user/.m2/repository/net/minidev/json-smart/2.3/json-smart-2.3.jar:/home/user/.m2/repository/net/minidev/accessors-smart/1.2/accessors-smart-1.2.jar:/home/user/.m2/repository/org/ow2/asm/asm/5.0.4/asm-5.0.4.jar:/home/user/.m2/repository/org/apache/curator/curator-framework/2.12.0/curator-framework-2.12.0.jar:/home/user/.m2/repository/com/sun/jersey/jersey-core/1.19/jersey-core-1.19.jar:/home/user/.m2/repository/javax/ws/rs/jsr311-api/1.1.1/jsr311-api-1.1.1.jar:/home/user/.m2/repository/com/sun/jersey/jersey-server/1.19/jersey-server-1.19.jar:/home/user/.m2/repository/javax/servlet/javax.servlet-api/3.1.0/javax.servlet-api-3.1.0.jar:/home/user/.m2/repository/org/eclipse/jetty/jetty-server/9.3.24.v20180605/jetty-server-9.3.24.v20180605.jar:/home/user/.m2/repository/org/eclipse/jetty/jetty-http/9.3.24.v20180605/jetty-http-9.3.24.v20180605.jar:/home/user/.m2/repository/org/eclipse/jetty/jetty-io/9.3.24.v20180605/jetty-io-9.3.24.v20180605.jar:/home/user/.m2/repository/org/eclipse/jetty/jetty-webapp/9.3.24.v20180605/jetty-webapp-9.3.24.v20180605.jar:/home/user/.m2/repository/org/eclipse/jetty/jetty-xml/9.3.24.v20180605/jetty-xml-9.3.24.v20180605.jar:/home/user/.m2/repository/log4j/log4j/1.2.17/log4j-1.2.17.jar:/home/user/.m2/repository/org/slf4j/slf4j-api/1.7.25/slf4j-api-1.7.25.jar:/home/user/.m2/repository/org/slf4j/jul-to-slf4j/1.7.25/jul-to-slf4j-1.7.25.jar:/home/user/.m2/repository/org/eclipse/jetty/jetty-util/9.3.24.v20180605/jetty-util-9.3.24.v20180605.jar:/home/user/.m2/repository/com/fasterxml/jackson/core/jackson-databind/2.9.5/jackson-databind-2.9.5.jar:/home/user/.m2/repository/org/apache/hadoop/hadoop-kms/3.2.0/hadoop-kms-3.2.0-tests.jar:/home/user/.m2/repository/org/apache/hadoop/hadoop-hdds-server-scm/0.4.1-SNAPSHOT/hadoop-hdds-server-scm-0.4.1-SNAPSHOT-tests.jar:/home/user/.m2/repository/org/apache/hadoop/hadoop-hdds-container-service/0.4.1-SNAPSHOT/hadoop-hdds-container-service-0.4.1-SNAPSHOT-tests.jar:/home/user/.m2/repository/org/yaml/snakeyaml/1.16/snakeyaml-1.16.jar:/home/user/.m2/repository/org/apache/hadoop/hadoop-common/3.2.0/hadoop-common-3.2.0-tests.jar:/home/user/.m2/repository/org/apache/hadoop/hadoop-annotations/3.2.0/hadoop-annotations-3.2.0.jar:/usr/lib/jvm/java-1.8-openjdk/jre/../lib/tools.jar:/home/user/.m2/repository/commons-cli/commons-cli/1.2/commons-cli-1.2.jar:/home/user/.m2/repository/org/apache/httpcomponents/httpclient/4.5.2/httpclient-4.5.2.jar:/home/user/.m2/repository/org/apache/httpcomponents/httpcore/4.4.4/httpcore-4.4.4.jar:/home/user/.m2/repository/commons-codec/commons-codec/1.11/commons-codec-1.11.jar:/home/user/.m2/repository/commons-net/commons-net/3.6/commons-net-3.6.jar:/home/user/.m2/repository/commons-collections/commons-collections/3.2.2/commons-collections-3.2.2.jar:/home/user/.m2/repository/org/eclipse/jetty/jetty-servlet/9.3.24.v20180605/jetty-servlet-9.3.24.v20180605.jar:/home/user/.m2/repository/org/eclipse/jetty/jetty-security/9.3.24.v20180605/jetty-security-9.3.24.v20180605.jar:/home/user/.m2/repository/javax/servlet/jsp/jsp-api/2.1/jsp-api-2.1.jar:/home/user/.m2/repository/com/sun/jersey/jersey-servlet/1.19/jersey-servlet-1.19.jar:/home/user/.m2/repository/com/sun/jersey/jersey-json/1.19/jersey-json-1.19.jar:/home/user/.m2/repository/org/codehaus/jettison/jettison/1.1/jettison-1.1.jar:/home/user/.m2/repository/org/codehaus/jackson/jackson-core-asl/1.9.13/jackson-core-asl-1.9.13.jar:/home/user/.m2/repository/org/codehaus/jackson/jackson-mapper-asl/1.9.13/jackson-mapper-asl-1.9.13.jar:/home/user/.m2/repository/org/codehaus/jackson/jackson-jaxrs/1.9.13/jackson-jaxrs-1.9.13.jar:/home/user/.m2/repository/org/codehaus/jackson/jackson-xc/1.9.13/jackson-xc-1.9.13.jar:/home/user/.m2/repository/commons-logging/commons-logging/1.1.3/commons-logging-1.1.3.jar:/home/user/.m2/repository/commons-beanutils/commons-beanutils/1.9.3/commons-beanutils-1.9.3.jar:/home/user/.m2/repository/org/apache/commons/commons-configuration2/2.1.1/commons-configuration2-2.1.1.jar:/home/user/.m2/repository/org/apache/commons/commons-lang3/3.7/commons-lang3-3.7.jar:/home/user/.m2/repository/org/apache/commons/commons-text/1.4/commons-text-1.4.jar:/home/user/.m2/repository/org/apache/avro/avro/1.7.7/avro-1.7.7.jar:/home/user/.m2/repository/com/thoughtworks/paranamer/paranamer/2.3/paranamer-2.3.jar:/home/user/.m2/repository/org/xerial/snappy/snappy-java/1.0.5/snappy-java-1.0.5.jar:/home/user/.m2/repository/com/google/re2j/re2j/1.1/re2j-1.1.jar:/home/user/.m2/repository/com/google/code/gson/gson/2.2.4/gson-2.2.4.jar:/home/user/.m2/repository/com/jcraft/jsch/0.1.54/jsch-0.1.54.jar:/home/user/.m2/repository/org/apache/curator/curator-client/2.12.0/curator-client-2.12.0.jar:/home/user/.m2/repository/org/apache/curator/curator-recipes/2.12.0/curator-recipes-2.12.0.jar:/home/user/.m2/repository/com/google/code/findbugs/jsr305/3.0.0/jsr305-3.0.0.jar:/home/user/.m2/repository/org/apache/htrace/htrace-core4/4.1.0-incubating/htrace-core4-4.1.0-incubating.jar:/home/user/.m2/repository/org/apache/zookeeper/zookeeper/3.4.13/zookeeper-3.4.13.jar:/home/user/.m2/repository/org/apache/yetus/audience-annotations/0.5.0/audience-annotations-0.5.0.jar:/home/user/.m2/repository/org/codehaus/woodstox/stax2-api/3.1.4/stax2-api-3.1.4.jar:/home/user/.m2/repository/com/fasterxml/woodstox/woodstox-core/5.0.3/woodstox-core-5.0.3.jar:/home/user/.m2/repository/dnsjava/dnsjava/2.1.7/dnsjava-2.1.7.jar:/home/user/.m2/repository/org/apache/hadoop/hadoop-hdfs/3.2.0/hadoop-hdfs-3.2.0-tests.jar:/home/user/.m2/repository/org/eclipse/jetty/jetty-util-ajax/9.3.24.v20180605/jetty-util-ajax-9.3.24.v20180605.jar:/home/user/.m2/repository/commons-daemon/commons-daemon/1.0.13/commons-daemon-1.0.13.jar:/home/user/.m2/repository/io/netty/netty/3.10.5.Final/netty-3.10.5.Final.jar:/home/user/.m2/repository/io/netty/netty-all/4.0.52.Final/netty-all-4.0.52.Final.jar:/home/user/.m2/repository/org/fusesource/leveldbjni/leveldbjni-all/1.8/leveldbjni-all-1.8.jar:"/>
    <property name="sun.cpu.endian" value="little"/>
    <property name="user.home" value="/home/user"/>
    <property name="user.language" value="en"/>
    <property name="java.specification.vendor" value="Oracle Corporation"/>
    <property name="java.home" value="/usr/lib/jvm/java-1.8-openjdk/jre"/>
    <property name="java.security.krb5.conf" value="/workdir/hadoop-ozone/integration-test/target/test-classes/krb5.conf"/>
    <property name="basedir" value="/workdir/hadoop-ozone/integration-test"/>
    <property name="file.separator" value="/"/>
    <property name="line.separator" value="&#10;"/>
    <property name="java.vm.specification.vendor" value="Oracle Corporation"/>
    <property name="java.specification.name" value="Java Platform API Specification"/>
    <property name="java.awt.graphicsenv" value="sun.awt.X11GraphicsEnvironment"/>
    <property name="surefire.real.class.path" value="/workdir/hadoop-ozone/integration-test/target/surefire/surefirebooter8779139100199126734.jar"/>
    <property name="hadoop.log.dir" value="/workdir/hadoop-ozone/integration-test/target/log"/>
    <property name="sun.boot.class.path" value="/usr/lib/jvm/java-1.8-openjdk/jre/lib/resources.jar:/usr/lib/jvm/java-1.8-openjdk/jre/lib/rt.jar:/usr/lib/jvm/java-1.8-openjdk/jre/lib/sunrsasign.jar:/usr/lib/jvm/java-1.8-openjdk/jre/lib/jsse.jar:/usr/lib/jvm/java-1.8-openjdk/jre/lib/jce.jar:/usr/lib/jvm/java-1.8-openjdk/jre/lib/charsets.jar:/usr/lib/jvm/java-1.8-openjdk/jre/lib/jfr.jar:/usr/lib/jvm/java-1.8-openjdk/jre/classes"/>
    <property name="sun.management.compiler" value="HotSpot 64-Bit Tiered Compilers"/>
    <property name="java.runtime.version" value="1.8.0_212-b04"/>
    <property name="java.net.preferIPv4Stack" value="true"/>
    <property name="user.name" value="jenkins1000"/>
    <property name="path.separator" value=":"/>
    <property name="java.security.egd" value="file:///dev/urandom"/>
    <property name="os.version" value="3.10.0-957.12.2.el7.x86_64"/>
    <property name="java.endorsed.dirs" value="/usr/lib/jvm/java-1.8-openjdk/jre/lib/endorsed"/>
    <property name="java.runtime.name" value="OpenJDK Runtime Environment"/>
    <property name="file.encoding" value="UTF-8"/>
    <property name="java.vm.name" value="OpenJDK 64-Bit Server VM"/>
    <property name="test.build.webapps" value=""/>
    <property name="localRepository" value="/home/user/.m2/repository"/>
    <property name="java.vendor.url.bug" value="https://icedtea.classpath.org/bugzilla"/>
    <property name="java.io.tmpdir" value="/tmp"/>
    <property name="require.test.libhadoop" value=""/>
    <property name="java.version" value="1.8.0_212"/>
    <property name="user.dir" value="/workdir/hadoop-ozone/integration-test"/>
    <property name="os.arch" value="amd64"/>
    <property name="java.vm.specification.name" value="Java Virtual Machine Specification"/>
    <property name="test.build.classes" value="/workdir/hadoop-ozone/integration-test/target/test-classes"/>
    <property name="java.awt.printerjob" value="sun.print.PSPrinterJob"/>
    <property name="sun.os.patch.level" value="unknown"/>
    <property name="hadoop.tmp.dir" value="/workdir/hadoop-ozone/integration-test/target/tmp"/>
    <property name="java.library.path" value="/usr/lib/jvm/java-1.8-openjdk/jre/lib/amd64/server:/usr/lib/jvm/java-1.8-openjdk/jre/lib/amd64:/usr/lib/jvm/java-1.8-openjdk/jre/../lib/amd64:/workdir/hadoop-ozone/integration-test/target/native/target/usr/local/lib:/workdir/hadoop-ozone/integration-test/../../hadoop-common-project/hadoop-common/target/native/target/usr/local/lib:/usr/java/packages/lib/amd64:/usr/lib64:/lib64:/lib:/usr/lib"/>
    <property name="java.vm.info" value="mixed mode"/>
    <property name="java.vendor" value="IcedTea"/>
    <property name="java.vm.version" value="25.212-b04"/>
    <property name="java.ext.dirs" value="/usr/lib/jvm/java-1.8-openjdk/jre/lib/ext:/usr/java/packages/lib/ext"/>
    <property name="sun.io.unicode.encoding" value="UnicodeLittle"/>
    <property name="java.class.version" value="52.0"/>
  </properties>
  <testcase name="testBlockDeletionTransactions" classname="org.apache.hadoop.ozone.TestStorageContainerManager" time="16.779">
    <error message="Unexpected Storage Container Exception: org.apache.hadoop.hdds.scm.container.common.helpers.StorageContainerException: ContainerID 5 creation failed" type="java.io.IOException">java.io.IOException: Unexpected Storage Container Exception: org.apache.hadoop.hdds.scm.container.common.helpers.StorageContainerException: ContainerID 5 creation failed
	at org.apache.hadoop.hdds.scm.storage.BlockOutputStream.setIoException(BlockOutputStream.java:541)
	at org.apache.hadoop.hdds.scm.storage.BlockOutputStream.validateResponse(BlockOutputStream.java:532)
	at org.apache.hadoop.hdds.scm.storage.BlockOutputStream.lambda$writeChunkToContainer$2(BlockOutputStream.java:606)
	at java.util.concurrent.CompletableFuture.uniApply(CompletableFuture.java:602)
	at java.util.concurrent.CompletableFuture$UniApply.tryFire(CompletableFuture.java:577)
	at java.util.concurrent.CompletableFuture$Completion.run(CompletableFuture.java:442)
	at java.util.concurrent.ThreadPoolExecutor.runWorker(ThreadPoolExecutor.java:1149)
	at java.util.concurrent.ThreadPoolExecutor$Worker.run(ThreadPoolExecutor.java:624)
	at java.lang.Thread.run(Thread.java:748)
Caused by: org.apache.hadoop.hdds.scm.container.common.helpers.StorageContainerException: ContainerID 5 creation failed
	at org.apache.hadoop.hdds.scm.storage.ContainerProtocolCalls.validateContainerResponse(ContainerProtocolCalls.java:536)
	at org.apache.hadoop.hdds.scm.storage.BlockOutputStream.validateResponse(BlockOutputStream.java:529)
	... 7 more
</error>
    <system-out><![CDATA[2019-07-30 18:56:08,824 WARN  server.ServerUtils (ServerUtils.java:getScmDbDir(145)) - ozone.scm.db.dirs is not configured. We recommend adding this setting. Falling back to ozone.metadata.dirs instead.
2019-07-30 18:56:08,878 WARN  server.ServerUtils (ServerUtils.java:getScmDbDir(145)) - ozone.scm.db.dirs is not configured. We recommend adding this setting. Falling back to ozone.metadata.dirs instead.
2019-07-30 18:56:08,882 WARN  server.ServerUtils (ServerUtils.java:getScmDbDir(145)) - ozone.scm.db.dirs is not configured. We recommend adding this setting. Falling back to ozone.metadata.dirs instead.
2019-07-30 18:56:08,903 INFO  util.log (Log.java:initialized(192)) - Logging initialized @947ms
2019-07-30 18:56:09,010 INFO  db.DBStoreBuilder (DBStoreBuilder.java:addTable(110)) - using custom profile for table: deletedBlocks
2019-07-30 18:56:09,011 INFO  db.DBStoreBuilder (DBStoreBuilder.java:processTables(161)) - Using default column profile:DBProfile.DISK for Table:deletedBlocks
2019-07-30 18:56:09,011 INFO  db.DBStoreBuilder (DBStoreBuilder.java:addTable(110)) - using custom profile for table: validCerts
2019-07-30 18:56:09,011 INFO  db.DBStoreBuilder (DBStoreBuilder.java:processTables(161)) - Using default column profile:DBProfile.DISK for Table:validCerts
2019-07-30 18:56:09,012 INFO  db.DBStoreBuilder (DBStoreBuilder.java:addTable(110)) - using custom profile for table: revokedCerts
2019-07-30 18:56:09,012 INFO  db.DBStoreBuilder (DBStoreBuilder.java:processTables(161)) - Using default column profile:DBProfile.DISK for Table:revokedCerts
2019-07-30 18:56:09,024 INFO  db.DBStoreBuilder (DBStoreBuilder.java:addTable(110)) - using custom profile for table: default
2019-07-30 18:56:09,024 INFO  db.DBStoreBuilder (DBStoreBuilder.java:processTables(167)) - Using default column profile:DBProfile.DISK for Table:default
2019-07-30 18:56:09,025 INFO  db.DBStoreBuilder (DBStoreBuilder.java:getDbProfile(198)) - Using default options. DBProfile.DISK
2019-07-30 18:56:09,143 INFO  net.NodeSchemaLoader (NodeSchemaLoader.java:loadSchemaFromFile(125)) - Loading file from sun.misc.CompoundEnumeration@6ec0d9c9
2019-07-30 18:56:09,145 INFO  net.NodeSchemaLoader (NodeSchemaLoader.java:loadSchema(171)) - Loading network topology layer schema file
2019-07-30 18:56:09,225 WARN  server.ServerUtils (ServerUtils.java:sanitizeUserArgs(70)) - ozone.scm.stale.node.interval value = 300000 is larger than max = 100000 based on the key value of ozone.scm.heartbeat.thread.interval, reset to the max value 100000.
2019-07-30 18:56:09,227 WARN  server.ServerUtils (ServerUtils.java:sanitizeUserArgs(70)) - ozone.scm.stale.node.interval value = 300000 is larger than max = 100000 based on the key value of ozone.scm.heartbeat.thread.interval, reset to the max value 100000.
2019-07-30 18:56:09,229 INFO  node.SCMNodeManager (SCMNodeManager.java:<init>(121)) - Entering startup safe mode.
2019-07-30 18:56:09,313 WARN  server.ServerUtils (ServerUtils.java:getScmDbDir(145)) - ozone.scm.db.dirs is not configured. We recommend adding this setting. Falling back to ozone.metadata.dirs instead.
2019-07-30 18:56:09,367 INFO  pipeline.SCMPipelineManager (SCMPipelineManager.java:initializePipelineState(126)) - No pipeline exists in current db
2019-07-30 18:56:09,370 WARN  server.ServerUtils (ServerUtils.java:getScmDbDir(145)) - ozone.scm.db.dirs is not configured. We recommend adding this setting. Falling back to ozone.metadata.dirs instead.
2019-07-30 18:56:09,457 WARN  events.EventQueue (EventQueue.java:fireEvent(175)) - No event handler registered for event TypedEvent{payloadType=SafeModeStatus, name='SafeModeStatus'}
2019-07-30 18:56:09,816 INFO  ipc.CallQueueManager (CallQueueManager.java:<init>(84)) - Using callQueue: class java.util.concurrent.LinkedBlockingQueue, queueCapacity: 2000, scheduler: class org.apache.hadoop.ipc.DefaultRpcScheduler, ipcBackoff: false.
2019-07-30 18:56:09,844 INFO  ipc.Server (Server.java:run(1074)) - Starting Socket Reader #1 for port 32873
2019-07-30 18:56:09,867 INFO  ipc.CallQueueManager (CallQueueManager.java:<init>(84)) - Using callQueue: class java.util.concurrent.LinkedBlockingQueue, queueCapacity: 2000, scheduler: class org.apache.hadoop.ipc.DefaultRpcScheduler, ipcBackoff: false.
2019-07-30 18:56:09,868 INFO  ipc.Server (Server.java:run(1074)) - Starting Socket Reader #1 for port 41066
2019-07-30 18:56:09,874 INFO  ipc.CallQueueManager (CallQueueManager.java:<init>(84)) - Using callQueue: class java.util.concurrent.LinkedBlockingQueue, queueCapacity: 2000, scheduler: class org.apache.hadoop.ipc.DefaultRpcScheduler, ipcBackoff: false.
2019-07-30 18:56:09,875 INFO  ipc.Server (Server.java:run(1074)) - Starting Socket Reader #1 for port 43758
2019-07-30 18:56:10,010 INFO  hdfs.DFSUtil (DFSUtil.java:httpServerTemplateForNNAndJN(1641)) - Starting Web-server for scm at: http://0.0.0.0:0
2019-07-30 18:56:10,171 INFO  server.AuthenticationFilter (AuthenticationFilter.java:constructSecretProvider(240)) - Unable to initialize FileSignerSecretProvider, falling back to use random secrets.
2019-07-30 18:56:10,178 WARN  http.HttpRequestLog (HttpRequestLog.java:getRequestLog(97)) - Jetty request log can only be enabled using Log4j
2019-07-30 18:56:10,186 INFO  http.HttpServer2 (HttpServer2.java:addGlobalFilter(975)) - Added global filter 'safety' (class=org.apache.hadoop.http.HttpServer2$QuotingInputFilter)
2019-07-30 18:56:10,188 INFO  http.HttpServer2 (HttpServer2.java:addFilter(948)) - Added filter static_user_filter (class=org.apache.hadoop.http.lib.StaticUserWebFilter$StaticUserFilter) to context scm
2019-07-30 18:56:10,189 INFO  http.HttpServer2 (HttpServer2.java:addFilter(958)) - Added filter static_user_filter (class=org.apache.hadoop.http.lib.StaticUserWebFilter$StaticUserFilter) to context logs
2019-07-30 18:56:10,189 INFO  http.HttpServer2 (HttpServer2.java:addFilter(958)) - Added filter static_user_filter (class=org.apache.hadoop.http.lib.StaticUserWebFilter$StaticUserFilter) to context static
2019-07-30 18:56:10,216 INFO  server.StorageContainerManager (StorageContainerManager.java:start(758)) - StorageContainerLocationProtocol RPC server is listening at /0.0.0.0:43758
2019-07-30 18:56:10,276 WARN  impl.MetricsConfig (MetricsConfig.java:loadFirst(134)) - Cannot locate configuration: tried hadoop-metrics2-storagecontainermanager.properties,hadoop-metrics2.properties
2019-07-30 18:56:10,289 INFO  impl.MetricsSystemImpl (MetricsSystemImpl.java:startTimer(374)) - Scheduled Metric snapshot period at 10 second(s).
2019-07-30 18:56:10,289 INFO  impl.MetricsSystemImpl (MetricsSystemImpl.java:start(191)) - StorageContainerManager metrics system started
2019-07-30 18:56:10,506 INFO  server.SCMClientProtocolServer (SCMClientProtocolServer.java:start(151)) - RPC server for Client  is listening at /0.0.0.0:43758
2019-07-30 18:56:10,507 INFO  ipc.Server (Server.java:run(1314)) - IPC Server Responder: starting
2019-07-30 18:56:10,507 INFO  ipc.Server (Server.java:run(1153)) - IPC Server listener on 43758: starting
2019-07-30 18:56:10,513 INFO  server.StorageContainerManager (StorageContainerManager.java:start(768)) - ScmBlockLocationProtocol RPC server is listening at /0.0.0.0:41066
2019-07-30 18:56:10,513 INFO  server.SCMBlockProtocolServer (SCMBlockProtocolServer.java:start(140)) - RPC server for Block Protocol is listening at /0.0.0.0:41066
2019-07-30 18:56:10,514 INFO  ipc.Server (Server.java:run(1314)) - IPC Server Responder: starting
2019-07-30 18:56:10,514 INFO  ipc.Server (Server.java:run(1153)) - IPC Server listener on 41066: starting
2019-07-30 18:56:10,518 INFO  server.StorageContainerManager (StorageContainerManager.java:start(772)) - ScmDatanodeProtocl RPC server is listening at /0.0.0.0:32873
2019-07-30 18:56:10,519 INFO  server.SCMDatanodeProtocolServer (SCMDatanodeProtocolServer.java:start(191)) - RPC server for DataNodes is listening at /0.0.0.0:32873
2019-07-30 18:56:10,520 INFO  ipc.Server (Server.java:run(1314)) - IPC Server Responder: starting
2019-07-30 18:56:10,521 INFO  ipc.Server (Server.java:run(1153)) - IPC Server listener on 32873: starting
2019-07-30 18:56:10,532 INFO  http.HttpServer2 (HttpServer2.java:bindListener(1191)) - Jetty bound to port 45761
2019-07-30 18:56:10,534 INFO  server.Server (Server.java:doStart(351)) - jetty-9.3.24.v20180605, build timestamp: 2018-06-05T17:11:56Z, git hash: 84205aa28f11a4f31f2a3b86d1bba2cc8ab69827
2019-07-30 18:56:10,587 INFO  handler.ContextHandler (ContextHandler.java:doStart(781)) - Started o.e.j.s.ServletContextHandler@67f90339{/logs,file:///workdir/hadoop-ozone/integration-test/target/log,AVAILABLE}
2019-07-30 18:56:10,587 INFO  handler.ContextHandler (ContextHandler.java:doStart(781)) - Started o.e.j.s.ServletContextHandler@4cd4031{/static,file:///workdir/hadoop-ozone/integration-test/target/test-classes/webapps/static,AVAILABLE}
2019-07-30 18:56:10,629 INFO  handler.ContextHandler (ContextHandler.java:doStart(781)) - Started o.e.j.w.WebAppContext@3bbe12c{/,file:///workdir/hadoop-ozone/integration-test/target/test-classes/webapps/scm/,AVAILABLE}{/scm}
2019-07-30 18:56:10,636 INFO  server.AbstractConnector (AbstractConnector.java:doStart(278)) - Started ServerConnector@6456e4b9{HTTP/1.1,[http/1.1]}{0.0.0.0:45761}
2019-07-30 18:56:10,636 INFO  server.Server (Server.java:doStart(419)) - Started @2680ms
2019-07-30 18:56:10,637 INFO  server.BaseHttpServer (BaseHttpServer.java:updateConnectorAddress(207)) - HTTP server of SCM is listening at http://0.0.0.0:45761
2019-07-30 18:56:10,646 INFO  util.JvmPauseMonitor (JvmPauseMonitor.java:run(188)) - Starting JVM pause monitor
2019-07-30 18:56:10,649 WARN  server.ServerUtils (ServerUtils.java:getDBPath(222)) - ozone.om.db.dirs is not configured. We recommend adding this setting. Falling back to ozone.metadata.dirs instead.
2019-07-30 18:56:10,767 WARN  server.ServerUtils (ServerUtils.java:getDBPath(222)) - ozone.om.db.dirs is not configured. We recommend adding this setting. Falling back to ozone.metadata.dirs instead.
2019-07-30 18:56:10,768 WARN  server.ServerUtils (ServerUtils.java:getDBPath(222)) - ozone.om.db.dirs is not configured. We recommend adding this setting. Falling back to ozone.metadata.dirs instead.
2019-07-30 18:56:10,769 INFO  om.OzoneManager (OzoneManager.java:setOMNodeDetails(644)) - OM Service ID is not set. Setting it to the default ID: omServiceIdDefault
2019-07-30 18:56:10,769 INFO  om.OzoneManager (OzoneManager.java:setOMNodeDetails(650)) - OM Node ID is not set. Setting it to the OmStorage's OmID: f5f48519-1b14-45bb-8c46-abde54eb8f59
2019-07-30 18:56:10,770 INFO  om.OzoneManager (OzoneManager.java:loadOMHAConfigs(601)) - Found matching OM address with OMServiceId: null, OMNodeId: null, RPC Address: localhost:0 and Ratis port: 9872
2019-07-30 18:56:11,512 WARN  server.ServerUtils (ServerUtils.java:getDBPath(222)) - ozone.om.db.dirs is not configured. We recommend adding this setting. Falling back to ozone.metadata.dirs instead.
2019-07-30 18:56:11,522 INFO  db.DBStoreBuilder (DBStoreBuilder.java:addTable(110)) - using custom profile for table: userTable
2019-07-30 18:56:11,522 INFO  db.DBStoreBuilder (DBStoreBuilder.java:processTables(161)) - Using default column profile:DBProfile.DISK for Table:userTable
2019-07-30 18:56:11,523 INFO  db.DBStoreBuilder (DBStoreBuilder.java:addTable(110)) - using custom profile for table: volumeTable
2019-07-30 18:56:11,523 INFO  db.DBStoreBuilder (DBStoreBuilder.java:processTables(161)) - Using default column profile:DBProfile.DISK for Table:volumeTable
2019-07-30 18:56:11,523 INFO  db.DBStoreBuilder (DBStoreBuilder.java:addTable(110)) - using custom profile for table: bucketTable
2019-07-30 18:56:11,523 INFO  db.DBStoreBuilder (DBStoreBuilder.java:processTables(161)) - Using default column profile:DBProfile.DISK for Table:bucketTable
2019-07-30 18:56:11,524 INFO  db.DBStoreBuilder (DBStoreBuilder.java:addTable(110)) - using custom profile for table: keyTable
2019-07-30 18:56:11,524 INFO  db.DBStoreBuilder (DBStoreBuilder.java:processTables(161)) - Using default column profile:DBProfile.DISK for Table:keyTable
2019-07-30 18:56:11,524 INFO  db.DBStoreBuilder (DBStoreBuilder.java:addTable(110)) - using custom profile for table: deletedTable
2019-07-30 18:56:11,524 INFO  db.DBStoreBuilder (DBStoreBuilder.java:processTables(161)) - Using default column profile:DBProfile.DISK for Table:deletedTable
2019-07-30 18:56:11,525 INFO  db.DBStoreBuilder (DBStoreBuilder.java:addTable(110)) - using custom profile for table: openKeyTable
2019-07-30 18:56:11,525 INFO  db.DBStoreBuilder (DBStoreBuilder.java:processTables(161)) - Using default column profile:DBProfile.DISK for Table:openKeyTable
2019-07-30 18:56:11,525 INFO  db.DBStoreBuilder (DBStoreBuilder.java:addTable(110)) - using custom profile for table: s3Table
2019-07-30 18:56:11,525 INFO  db.DBStoreBuilder (DBStoreBuilder.java:processTables(161)) - Using default column profile:DBProfile.DISK for Table:s3Table
2019-07-30 18:56:11,526 INFO  db.DBStoreBuilder (DBStoreBuilder.java:addTable(110)) - using custom profile for table: multipartInfoTable
2019-07-30 18:56:11,526 INFO  db.DBStoreBuilder (DBStoreBuilder.java:processTables(161)) - Using default column profile:DBProfile.DISK for Table:multipartInfoTable
2019-07-30 18:56:11,526 INFO  db.DBStoreBuilder (DBStoreBuilder.java:addTable(110)) - using custom profile for table: dTokenTable
2019-07-30 18:56:11,526 INFO  db.DBStoreBuilder (DBStoreBuilder.java:processTables(161)) - Using default column profile:DBProfile.DISK for Table:dTokenTable
2019-07-30 18:56:11,527 INFO  db.DBStoreBuilder (DBStoreBuilder.java:addTable(110)) - using custom profile for table: s3SecretTable
2019-07-30 18:56:11,527 INFO  db.DBStoreBuilder (DBStoreBuilder.java:processTables(161)) - Using default column profile:DBProfile.DISK for Table:s3SecretTable
2019-07-30 18:56:11,527 INFO  db.DBStoreBuilder (DBStoreBuilder.java:addTable(110)) - using custom profile for table: prefixTable
2019-07-30 18:56:11,528 INFO  db.DBStoreBuilder (DBStoreBuilder.java:processTables(161)) - Using default column profile:DBProfile.DISK for Table:prefixTable
2019-07-30 18:56:11,528 INFO  db.DBStoreBuilder (DBStoreBuilder.java:addTable(110)) - using custom profile for table: default
2019-07-30 18:56:11,528 INFO  db.DBStoreBuilder (DBStoreBuilder.java:processTables(167)) - Using default column profile:DBProfile.DISK for Table:default
2019-07-30 18:56:11,528 INFO  db.DBStoreBuilder (DBStoreBuilder.java:getDbProfile(198)) - Using default options. DBProfile.DISK
2019-07-30 18:56:11,795 INFO  ipc.CallQueueManager (CallQueueManager.java:<init>(84)) - Using callQueue: class java.util.concurrent.LinkedBlockingQueue, queueCapacity: 2000, scheduler: class org.apache.hadoop.ipc.DefaultRpcScheduler, ipcBackoff: false.
2019-07-30 18:56:11,796 INFO  ipc.Server (Server.java:run(1074)) - Starting Socket Reader #1 for port 44558
2019-07-30 18:56:11,816 INFO  om.OzoneManager (OzoneManager.java:start(1255)) - OzoneManager RPC server is listening at localhost/127.0.0.1:44558
2019-07-30 18:56:11,816 INFO  impl.MetricsSystemImpl (MetricsSystemImpl.java:init(158)) - OzoneManager metrics system started (again)
2019-07-30 18:56:11,818 INFO  ipc.Server (Server.java:run(1314)) - IPC Server Responder: starting
2019-07-30 18:56:11,818 INFO  ipc.Server (Server.java:run(1153)) - IPC Server listener on 44558: starting
2019-07-30 18:56:11,824 INFO  hdfs.DFSUtil (DFSUtil.java:httpServerTemplateForNNAndJN(1641)) - Starting Web-server for ozoneManager at: http://0.0.0.0:0
2019-07-30 18:56:11,826 INFO  server.AuthenticationFilter (AuthenticationFilter.java:constructSecretProvider(240)) - Unable to initialize FileSignerSecretProvider, falling back to use random secrets.
2019-07-30 18:56:11,827 WARN  http.HttpRequestLog (HttpRequestLog.java:getRequestLog(97)) - Jetty request log can only be enabled using Log4j
2019-07-30 18:56:11,830 INFO  http.HttpServer2 (HttpServer2.java:addGlobalFilter(975)) - Added global filter 'safety' (class=org.apache.hadoop.http.HttpServer2$QuotingInputFilter)
2019-07-30 18:56:11,832 INFO  http.HttpServer2 (HttpServer2.java:addFilter(948)) - Added filter static_user_filter (class=org.apache.hadoop.http.lib.StaticUserWebFilter$StaticUserFilter) to context ozoneManager
2019-07-30 18:56:11,832 INFO  http.HttpServer2 (HttpServer2.java:addFilter(958)) - Added filter static_user_filter (class=org.apache.hadoop.http.lib.StaticUserWebFilter$StaticUserFilter) to context static
2019-07-30 18:56:11,832 INFO  http.HttpServer2 (HttpServer2.java:addFilter(958)) - Added filter static_user_filter (class=org.apache.hadoop.http.lib.StaticUserWebFilter$StaticUserFilter) to context logs
2019-07-30 18:56:11,835 INFO  http.HttpServer2 (HttpServer2.java:bindListener(1191)) - Jetty bound to port 36271
2019-07-30 18:56:11,835 INFO  server.Server (Server.java:doStart(351)) - jetty-9.3.24.v20180605, build timestamp: 2018-06-05T17:11:56Z, git hash: 84205aa28f11a4f31f2a3b86d1bba2cc8ab69827
2019-07-30 18:56:11,837 INFO  handler.ContextHandler (ContextHandler.java:doStart(781)) - Started o.e.j.s.ServletContextHandler@227302fc{/logs,file:///workdir/hadoop-ozone/integration-test/target/log,AVAILABLE}
2019-07-30 18:56:11,837 INFO  handler.ContextHandler (ContextHandler.java:doStart(781)) - Started o.e.j.s.ServletContextHandler@d87de7a{/static,file:///workdir/hadoop-ozone/integration-test/target/test-classes/webapps/static,AVAILABLE}
2019-07-30 18:56:11,842 INFO  handler.ContextHandler (ContextHandler.java:doStart(781)) - Started o.e.j.w.WebAppContext@61a8bba2{/,file:///workdir/hadoop-ozone/integration-test/target/test-classes/webapps/ozoneManager/,AVAILABLE}{/ozoneManager}
2019-07-30 18:56:11,842 INFO  server.AbstractConnector (AbstractConnector.java:doStart(278)) - Started ServerConnector@3c974e4a{HTTP/1.1,[http/1.1]}{0.0.0.0:36271}
2019-07-30 18:56:11,843 INFO  server.Server (Server.java:doStart(419)) - Started @3887ms
2019-07-30 18:56:11,844 INFO  server.BaseHttpServer (BaseHttpServer.java:updateConnectorAddress(207)) - HTTP server of OZONEMANAGER is listening at http://0.0.0.0:36271
2019-07-30 18:56:12,192 INFO  impl.MetricsSystemImpl (MetricsSystemImpl.java:init(158)) - HddsDatanode metrics system started (again)
2019-07-30 18:56:12,279 INFO  ozone.HddsDatanodeService (HddsDatanodeService.java:start(184)) - HddsDatanodeService host:byscane-nightly-d7s94-1643579034 ip:192.168.5.147
2019-07-30 18:56:12,310 INFO  volume.HddsVolume (HddsVolume.java:<init>(176)) - Creating Volume: /workdir/hadoop-ozone/integration-test/target/test-dir/MiniOzoneClusterImpl-577a63a9-960b-461c-92f7-e666d1a800de/datanode-0/data/containers/hdds of  storage type : DISK and capacity : 52710309888
2019-07-30 18:56:12,312 INFO  volume.VolumeSet (VolumeSet.java:initializeVolumeSet(170)) - Added Volume : /workdir/hadoop-ozone/integration-test/target/test-dir/MiniOzoneClusterImpl-577a63a9-960b-461c-92f7-e666d1a800de/datanode-0/data/containers/hdds to VolumeSet
2019-07-30 18:56:12,315 INFO  volume.ThrottledAsyncChecker (ThrottledAsyncChecker.java:schedule(140)) - Scheduling a check for org.apache.hadoop.ozone.container.common.volume.HddsVolume@41e4bd28
2019-07-30 18:56:12,333 INFO  volume.HddsVolumeChecker (HddsVolumeChecker.java:checkAllVolumes(203)) - Scheduled health check for volume org.apache.hadoop.ozone.container.common.volume.HddsVolume@41e4bd28
2019-07-30 18:56:12,474 INFO  impl.RaftServerProxy (ConfUtils.java:logGet(43)) - raft.rpc.type = GRPC (default)
2019-07-30 18:56:12,547 INFO  grpc.GrpcFactory (GrpcFactory.java:checkPooledByteBufAllocatorUseCacheForAllThreads(45)) - PERFORMANCE WARNING: useCacheForAllThreads is true that may cause Netty to create a lot garbage objects and, as a result, trigger GC.
	It is recommended to disable useCacheForAllThreads by setting -Dorg.apache.ratis.thirdparty.io.netty.allocator.useCacheForAllThreads=false in command line.
2019-07-30 18:56:12,551 INFO  grpc.GrpcConfigKeys$Server (ConfUtils.java:logGet(43)) - raft.grpc.server.port = 0 (default)
2019-07-30 18:56:12,552 INFO  server.GrpcService (ConfUtils.java:logGet(43)) - raft.grpc.message.size.max = 33570816 (custom)
2019-07-30 18:56:12,553 INFO  server.RaftServerConfigKeys (ConfUtils.java:logGet(43)) - raft.server.log.appender.buffer.byte-limit = 33554432 (custom)
2019-07-30 18:56:12,554 INFO  server.GrpcService (ConfUtils.java:logGet(43)) - raft.grpc.flow.control.window = 1MB (=1048576) (default)
2019-07-30 18:56:12,555 INFO  server.RaftServerConfigKeys (ConfUtils.java:logGet(43)) - raft.server.rpc.request.timeout = 3000ms (default)
2019-07-30 18:56:12,712 INFO  server.RaftServerConfigKeys (ConfUtils.java:logGet(43)) - raft.server.storage.dir = [/workdir/hadoop-ozone/integration-test/target/test-dir/MiniOzoneClusterImpl-577a63a9-960b-461c-92f7-e666d1a800de/datanode-0/data/ratis] (custom)
2019-07-30 18:56:12,749 INFO  replication.SimpleContainerDownloader (SimpleContainerDownloader.java:<init>(72)) - Starting container downloader service to copy containers to replicate.
2019-07-30 18:56:12,762 INFO  hdfs.DFSUtil (DFSUtil.java:httpServerTemplateForNNAndJN(1641)) - Starting Web-server for hddsDatanode at: http://0.0.0.0:0
2019-07-30 18:56:12,764 INFO  server.AuthenticationFilter (AuthenticationFilter.java:constructSecretProvider(240)) - Unable to initialize FileSignerSecretProvider, falling back to use random secrets.
2019-07-30 18:56:12,765 WARN  http.HttpRequestLog (HttpRequestLog.java:getRequestLog(97)) - Jetty request log can only be enabled using Log4j
2019-07-30 18:56:12,769 INFO  http.HttpServer2 (HttpServer2.java:addGlobalFilter(975)) - Added global filter 'safety' (class=org.apache.hadoop.http.HttpServer2$QuotingInputFilter)
2019-07-30 18:56:12,770 INFO  http.HttpServer2 (HttpServer2.java:addFilter(948)) - Added filter static_user_filter (class=org.apache.hadoop.http.lib.StaticUserWebFilter$StaticUserFilter) to context hddsDatanode
2019-07-30 18:56:12,770 INFO  http.HttpServer2 (HttpServer2.java:addFilter(958)) - Added filter static_user_filter (class=org.apache.hadoop.http.lib.StaticUserWebFilter$StaticUserFilter) to context logs
2019-07-30 18:56:12,771 INFO  http.HttpServer2 (HttpServer2.java:addFilter(958)) - Added filter static_user_filter (class=org.apache.hadoop.http.lib.StaticUserWebFilter$StaticUserFilter) to context static
2019-07-30 18:56:12,772 INFO  http.HttpServer2 (HttpServer2.java:bindListener(1191)) - Jetty bound to port 33086
2019-07-30 18:56:12,772 INFO  server.Server (Server.java:doStart(351)) - jetty-9.3.24.v20180605, build timestamp: 2018-06-05T17:11:56Z, git hash: 84205aa28f11a4f31f2a3b86d1bba2cc8ab69827
2019-07-30 18:56:12,776 INFO  handler.ContextHandler (ContextHandler.java:doStart(781)) - Started o.e.j.s.ServletContextHandler@47587361{/logs,file:///workdir/hadoop-ozone/integration-test/target/log,AVAILABLE}
2019-07-30 18:56:12,777 INFO  handler.ContextHandler (ContextHandler.java:doStart(781)) - Started o.e.j.s.ServletContextHandler@1e05543c{/static,jar:file:/home/user/.m2/repository/org/apache/hadoop/hadoop-hdds-container-service/0.4.1-SNAPSHOT/hadoop-hdds-container-service-0.4.1-SNAPSHOT.jar!/webapps/static,AVAILABLE}
2019-07-30 18:56:12,826 INFO  handler.ContextHandler (ContextHandler.java:doStart(781)) - Started o.e.j.w.WebAppContext@54035107{/,file:///tmp/jetty-0.0.0.0-33086-hddsDatanode-_-any-8473633557177683829.dir/webapp/,AVAILABLE}{/hddsDatanode}
2019-07-30 18:56:12,827 INFO  server.AbstractConnector (AbstractConnector.java:doStart(278)) - Started ServerConnector@348e4ca3{HTTP/1.1,[http/1.1]}{0.0.0.0:33086}
2019-07-30 18:56:12,827 INFO  server.Server (Server.java:doStart(419)) - Started @4871ms
2019-07-30 18:56:12,829 INFO  server.BaseHttpServer (BaseHttpServer.java:updateConnectorAddress(207)) - HTTP server of HDDSDATANODE is listening at http://0.0.0.0:33086
2019-07-30 18:56:14,071 INFO  ozone.HddsDatanodeService (HddsDatanodeService.java:startPlugins(395)) - Started plug-in org.apache.hadoop.ozone.web.OzoneHddsDatanodeService@77f19af9
2019-07-30 18:56:14,072 INFO  ozone.MiniOzoneClusterImpl (MiniOzoneClusterImpl.java:lambda$waitForClusterToBeReady$0(142)) - Waiting for cluster to be ready. Got 0 of 1 DN Heartbeats.
2019-07-30 18:56:14,079 INFO  util.JvmPauseMonitor (JvmPauseMonitor.java:run(188)) - Starting JVM pause monitor
2019-07-30 18:56:14,200 INFO  datanode.InitDatanodeState (InitDatanodeState.java:persistContainerDatanodeDetails(140)) - DatanodeDetails is persisted to /workdir/hadoop-ozone/integration-test/target/test-dir/MiniOzoneClusterImpl-577a63a9-960b-461c-92f7-e666d1a800de/datanode-0/meta/datanode.id
2019-07-30 18:56:15,073 INFO  ozone.MiniOzoneClusterImpl (MiniOzoneClusterImpl.java:lambda$waitForClusterToBeReady$0(142)) - Waiting for cluster to be ready. Got 0 of 1 DN Heartbeats.
2019-07-30 18:56:16,074 INFO  ozone.MiniOzoneClusterImpl (MiniOzoneClusterImpl.java:lambda$waitForClusterToBeReady$0(142)) - Waiting for cluster to be ready. Got 0 of 1 DN Heartbeats.
2019-07-30 18:56:16,139 INFO  ozoneimpl.OzoneContainer (OzoneContainer.java:start(186)) - Attempting to start container services.
2019-07-30 18:56:16,140 INFO  ozoneimpl.OzoneContainer (OzoneContainer.java:startContainerScrub(160)) - Background container scrubber has been disabled by hdds.containerscrub.enabled
2019-07-30 18:56:16,141 INFO  ratis.XceiverServerRatis (XceiverServerRatis.java:start(404)) - Starting XceiverServerRatis 876649b9-08c4-41de-82fa-7a91dadc7d1c at port 0
2019-07-30 18:56:16,165 INFO  impl.RaftServerProxy (RaftServerProxy.java:lambda$start$3(299)) - 876649b9-08c4-41de-82fa-7a91dadc7d1c: start RPC server
2019-07-30 18:56:16,291 INFO  server.GrpcService (GrpcService.java:startImpl(149)) - 876649b9-08c4-41de-82fa-7a91dadc7d1c: GrpcService started, listening on 0.0.0.0/0.0.0.0:33926
2019-07-30 18:56:16,292 INFO  ratis.XceiverServerRatis (XceiverServerRatis.java:start(414)) - XceiverServerRatis 876649b9-08c4-41de-82fa-7a91dadc7d1c is started using port 33926
2019-07-30 18:56:16,296 INFO  server.XceiverServerGrpc (XceiverServerGrpc.java:start(161)) - XceiverServerGrpc 876649b9-08c4-41de-82fa-7a91dadc7d1c is started using port 46241
2019-07-30 18:56:17,074 INFO  ozone.MiniOzoneClusterImpl (MiniOzoneClusterImpl.java:lambda$waitForClusterToBeReady$0(142)) - Waiting for cluster to be ready. Got 0 of 1 DN Heartbeats.
2019-07-30 18:56:18,075 INFO  ozone.MiniOzoneClusterImpl (MiniOzoneClusterImpl.java:lambda$waitForClusterToBeReady$0(142)) - Waiting for cluster to be ready. Got 0 of 1 DN Heartbeats.
2019-07-30 18:56:18,116 INFO  net.NetworkTopology (NetworkTopologyImpl.java:add(110)) - Added a new node: /default-rack/876649b9-08c4-41de-82fa-7a91dadc7d1c
2019-07-30 18:56:18,117 INFO  node.SCMNodeManager (SCMNodeManager.java:register(273)) - Registered Data node : 876649b9-08c4-41de-82fa-7a91dadc7d1c{ip: 192.168.5.147, host: byscane-nightly-d7s94-1643579034, networkLocation: /default-rack, certSerialId: null}
2019-07-30 18:56:18,122 INFO  safemode.SCMSafeModeManager (DataNodeSafeModeRule.java:process(71)) - SCM in safe mode. 1 DataNodes registered, 1 required.
2019-07-30 18:56:18,122 INFO  safemode.SCMSafeModeManager (SCMSafeModeManager.java:validateSafeModeExitRules(177)) - ScmSafeModeManager, all rules are successfully validated
2019-07-30 18:56:18,122 INFO  safemode.SCMSafeModeManager (SCMSafeModeManager.java:exitSafeMode(193)) - SCM exiting safe mode.
2019-07-30 18:56:18,712 INFO  impl.RaftServerProxy (RaftServerProxy.java:addNew(89)) - 876649b9-08c4-41de-82fa-7a91dadc7d1c: addNew group-0E3A8022518D:[876649b9-08c4-41de-82fa-7a91dadc7d1c:192.168.5.147:33926] returns group-0E3A8022518D:java.util.concurrent.CompletableFuture@400b52a9[Not completed]
2019-07-30 18:56:18,732 INFO  impl.RaftServerImpl (RaftServerImpl.java:<init>(93)) - 876649b9-08c4-41de-82fa-7a91dadc7d1c: new RaftServerImpl for group-0E3A8022518D:[876649b9-08c4-41de-82fa-7a91dadc7d1c:192.168.5.147:33926] with ContainerStateMachine:uninitialized
2019-07-30 18:56:18,735 INFO  server.RaftServerConfigKeys (ConfUtils.java:logGet(43)) - raft.server.rpc.timeout.min = 5s (custom)
2019-07-30 18:56:18,736 INFO  server.RaftServerConfigKeys (ConfUtils.java:logGet(43)) - raft.server.rpc.timeout.max = 5200ms (custom)
2019-07-30 18:56:18,736 INFO  server.RaftServerConfigKeys (ConfUtils.java:logGet(43)) - raft.server.rpcslowness.timeout = 120s (custom)
2019-07-30 18:56:18,737 INFO  server.RaftServerConfigKeys (ConfUtils.java:logGet(43)) - raft.server.sleep.deviation.threshold = 300 (default)
2019-07-30 18:56:18,738 INFO  server.RaftServerConfigKeys (ConfUtils.java:logGet(43)) - raft.server.log.appender.install.snapshot.enabled = false (custom)
2019-07-30 18:56:18,748 INFO  impl.RaftServerImpl (ServerState.java:<init>(105)) - 876649b9-08c4-41de-82fa-7a91dadc7d1c:group-0E3A8022518D ConfigurationManager, init=-1: [876649b9-08c4-41de-82fa-7a91dadc7d1c:192.168.5.147:33926], old=null, confs=<EMPTY_MAP>
2019-07-30 18:56:18,749 INFO  server.RaftServerConfigKeys (ConfUtils.java:logGet(43)) - raft.server.storage.dir = [/workdir/hadoop-ozone/integration-test/target/test-dir/MiniOzoneClusterImpl-577a63a9-960b-461c-92f7-e666d1a800de/datanode-0/data/ratis] (custom)
2019-07-30 18:56:18,758 INFO  storage.RaftStorageDirectory (RaftStorageDirectory.java:analyzeStorage(246)) - The storage directory /workdir/hadoop-ozone/integration-test/target/test-dir/MiniOzoneClusterImpl-577a63a9-960b-461c-92f7-e666d1a800de/datanode-0/data/ratis/05d3eee7-feee-40d7-a1ef-0e3a8022518d does not exist. Creating ...
2019-07-30 18:56:18,767 INFO  storage.RaftStorageDirectory (RaftStorageDirectory.java:tryLock(328)) - Lock on /workdir/hadoop-ozone/integration-test/target/test-dir/MiniOzoneClusterImpl-577a63a9-960b-461c-92f7-e666d1a800de/datanode-0/data/ratis/05d3eee7-feee-40d7-a1ef-0e3a8022518d/in_use.lock acquired by nodename 24311@byscane-nightly-d7s94-1643579034
2019-07-30 18:56:18,773 INFO  storage.RaftStorage (RaftStorage.java:format(72)) - Storage directory /workdir/hadoop-ozone/integration-test/target/test-dir/MiniOzoneClusterImpl-577a63a9-960b-461c-92f7-e666d1a800de/datanode-0/data/ratis/05d3eee7-feee-40d7-a1ef-0e3a8022518d has been successfully formatted.
2019-07-30 18:56:18,775 INFO  ratis.ContainerStateMachine (ContainerStateMachine.java:loadSnapshot(213)) - group-0E3A8022518D: The snapshot info is null. Setting the last applied indexto:(t:0, i:~)
2019-07-30 18:56:18,775 INFO  server.RaftServerConfigKeys (ConfUtils.java:logGet(43)) - raft.server.leader.election.timeout = 120s (custom)
2019-07-30 18:56:18,777 INFO  server.RaftServerConfigKeys (ConfUtils.java:logGet(43)) - raft.server.log.use.memory = false (default)
2019-07-30 18:56:18,783 INFO  server.RaftServerConfigKeys (ConfUtils.java:logGet(43)) - raft.server.log.purge.gap = 1000000000 (custom)
2019-07-30 18:56:18,784 INFO  server.RaftServerConfigKeys (ConfUtils.java:logGet(43)) - raft.server.log.appender.buffer.byte-limit = 33554432 (custom)
2019-07-30 18:56:18,785 INFO  server.RaftServerConfigKeys (ConfUtils.java:logGet(43)) - raft.server.log.segment.size.max = 1048576 (custom)
2019-07-30 18:56:19,121 INFO  ozone.MiniOzoneClusterImpl (MiniOzoneClusterImpl.java:lambda$waitForClusterToBeReady$0(142)) - Cluster is ready. Got 1 of 1 DN Heartbeats.
2019-07-30 18:56:19,127 INFO  server.RaftServerConfigKeys (ConfUtils.java:logGet(43)) - raft.server.log.segment.cache.num.max = 2 (custom)
2019-07-30 18:56:19,150 INFO  segmented.SegmentedRaftLogWorker (SegmentedRaftLogWorker.java:<init>(172)) - new 876649b9-08c4-41de-82fa-7a91dadc7d1c-SegmentedRaftLogWorker:Storage Directory /workdir/hadoop-ozone/integration-test/target/test-dir/MiniOzoneClusterImpl-577a63a9-960b-461c-92f7-e666d1a800de/datanode-0/data/ratis/05d3eee7-feee-40d7-a1ef-0e3a8022518d for RaftStorage:Storage Directory /workdir/hadoop-ozone/integration-test/target/test-dir/MiniOzoneClusterImpl-577a63a9-960b-461c-92f7-e666d1a800de/datanode-0/data/ratis/05d3eee7-feee-40d7-a1ef-0e3a8022518d
2019-07-30 18:56:19,166 INFO  server.RaftServerConfigKeys (ConfUtils.java:logGet(43)) - raft.server.log.queue.byte-limit = 2147483647 (custom)
2019-07-30 18:56:19,166 INFO  server.RaftServerConfigKeys (ConfUtils.java:logGet(43)) - raft.server.log.queue.element-limit = 1024 (custom)
2019-07-30 18:56:19,172 INFO  server.RaftServerConfigKeys (ConfUtils.java:logGet(43)) - raft.server.log.segment.size.max = 1048576 (custom)
2019-07-30 18:56:19,173 INFO  server.RaftServerConfigKeys (ConfUtils.java:logGet(43)) - raft.server.log.preallocated.size = 16384 (custom)
2019-07-30 18:56:19,174 INFO  server.RaftServerConfigKeys (ConfUtils.java:logGet(43)) - raft.server.log.write.buffer.size = 33554432 (custom)
2019-07-30 18:56:19,174 INFO  server.RaftServerConfigKeys (ConfUtils.java:logGet(43)) - raft.server.log.force.sync.num = 128 (default)
2019-07-30 18:56:19,175 INFO  server.RaftServerConfigKeys (ConfUtils.java:logGet(43)) - raft.server.log.statemachine.data.sync = true (default)
2019-07-30 18:56:19,176 INFO  server.RaftServerConfigKeys (ConfUtils.java:logGet(43)) - raft.server.log.statemachine.data.sync.timeout = 10s (default)
2019-07-30 18:56:19,176 INFO  server.RaftServerConfigKeys (ConfUtils.java:logGet(43)) - raft.server.log.statemachine.data.sync.timeout.retry = -1 (default)
2019-07-30 18:56:19,187 INFO  server.RaftServerConfigKeys (ConfUtils.java:logGet(43)) - raft.server.log.statemachine.data.caching.enabled = true (custom)
2019-07-30 18:56:19,192 INFO  segmented.SegmentedRaftLogWorker (SegmentedRaftLogWorker.java:lambda$new$0(132)) - 876649b9-08c4-41de-82fa-7a91dadc7d1c-SegmentedRaftLogWorker:Storage Directory /workdir/hadoop-ozone/integration-test/target/test-dir/MiniOzoneClusterImpl-577a63a9-960b-461c-92f7-e666d1a800de/datanode-0/data/ratis/05d3eee7-feee-40d7-a1ef-0e3a8022518d: flushIndex: setUnconditionally 0 -> -1
2019-07-30 18:56:19,197 INFO  server.RaftServerConfigKeys (ConfUtils.java:logGet(43)) - raft.server.snapshot.auto.trigger.enabled = true (custom)
2019-07-30 18:56:19,198 INFO  server.RaftServerConfigKeys (ConfUtils.java:logGet(43)) - raft.server.snapshot.auto.trigger.threshold = 10000 (custom)
2019-07-30 18:56:19,198 INFO  server.RaftServerConfigKeys (ConfUtils.java:logGet(43)) - raft.server.retrycache.expirytime = 600000ms (custom)
2019-07-30 18:56:19,221 INFO  impl.RaftServerImpl (RaftServerImpl.java:start(180)) - 876649b9-08c4-41de-82fa-7a91dadc7d1c: start group-0E3A8022518D
2019-07-30 18:56:19,222 INFO  impl.RaftServerImpl (RaftServerImpl.java:setRole(171)) - 876649b9-08c4-41de-82fa-7a91dadc7d1c:group-0E3A8022518D changes role from null to FOLLOWER at term 0 for startAsFollower
2019-07-30 18:56:19,223 INFO  impl.RoleInfo (RoleInfo.java:updateAndGet(143)) - 876649b9-08c4-41de-82fa-7a91dadc7d1c: start FollowerState
2019-07-30 18:56:19,225 INFO  util.JmxRegister (JmxRegister.java:tryRegister(44)) - Successfully registered JMX Bean with object name Ratis:service=RaftServer,group=group-0E3A8022518D,id=876649b9-08c4-41de-82fa-7a91dadc7d1c
2019-07-30 18:56:19,285 INFO  pipeline.PipelineStateManager (PipelineStateManager.java:addPipeline(56)) - Created pipeline Pipeline[ Id: 05d3eee7-feee-40d7-a1ef-0e3a8022518d, Nodes: 876649b9-08c4-41de-82fa-7a91dadc7d1c{ip: 192.168.5.147, host: byscane-nightly-d7s94-1643579034, networkLocation: /default-rack, certSerialId: null}, Type:RATIS, Factor:ONE, State:OPEN]
2019-07-30 18:56:19,532 INFO  pipeline.PipelineStateManager (PipelineStateManager.java:addPipeline(56)) - Created pipeline Pipeline[ Id: 00744696-a0ac-4376-9b42-b439225eaf1c, Nodes: 876649b9-08c4-41de-82fa-7a91dadc7d1c{ip: 192.168.5.147, host: byscane-nightly-d7s94-1643579034, networkLocation: /default-rack, certSerialId: null}, Type:STAND_ALONE, Factor:ONE, State:OPEN]
2019-07-30 18:56:19,609 INFO  impl.MetricsSystemImpl (MetricsSystemImpl.java:init(158)) - XceiverClientMetrics metrics system started (again)
2019-07-30 18:56:20,299 INFO  keyvalue.KeyValueHandler (ContainerUtils.java:logAndReturnError(146)) - Operation: CreateContainer : Trace ID: 3c41d79091000bed:3c41d79091000bed:0:0 : Message: Container creation failed, due to disk out of space : Result: DISK_OUT_OF_SPACE
18:56:20.301 [grpc-default-executor-1] ERROR DNAudit - user=null | ip=null | op=WRITE_CHUNK {blockData=conID: 5 locID: 102531922671304713 bcsId: 0} | ret=FAILURE
org.apache.hadoop.hdds.scm.container.common.helpers.StorageContainerException: ContainerID 5 creation failed
	at org.apache.hadoop.ozone.container.common.impl.HddsDispatcher.dispatchRequest(HddsDispatcher.java:227) [hadoop-hdds-container-service-0.4.1-SNAPSHOT.jar:?]
	at org.apache.hadoop.ozone.container.common.impl.HddsDispatcher.dispatch(HddsDispatcher.java:148) [hadoop-hdds-container-service-0.4.1-SNAPSHOT.jar:?]
	at org.apache.hadoop.ozone.container.common.transport.server.GrpcXceiverService$1.onNext(GrpcXceiverService.java:73) [hadoop-hdds-container-service-0.4.1-SNAPSHOT.jar:?]
	at org.apache.hadoop.ozone.container.common.transport.server.GrpcXceiverService$1.onNext(GrpcXceiverService.java:61) [hadoop-hdds-container-service-0.4.1-SNAPSHOT.jar:?]
	at org.apache.ratis.thirdparty.io.grpc.stub.ServerCalls$StreamingServerCallHandler$StreamingServerCallListener.onMessage(ServerCalls.java:248) [ratis-thirdparty-misc-0.2.0.jar:0.2.0]
	at org.apache.ratis.thirdparty.io.grpc.ForwardingServerCallListener.onMessage(ForwardingServerCallListener.java:33) [ratis-thirdparty-misc-0.2.0.jar:0.2.0]
	at org.apache.ratis.thirdparty.io.grpc.Contexts$ContextualizedServerCallListener.onMessage(Contexts.java:76) [ratis-thirdparty-misc-0.2.0.jar:0.2.0]
	at org.apache.ratis.thirdparty.io.grpc.ForwardingServerCallListener.onMessage(ForwardingServerCallListener.java:33) [ratis-thirdparty-misc-0.2.0.jar:0.2.0]
	at org.apache.hadoop.hdds.tracing.GrpcServerInterceptor$1.onMessage(GrpcServerInterceptor.java:46) [hadoop-hdds-common-0.4.1-SNAPSHOT.jar:?]
	at org.apache.ratis.thirdparty.io.grpc.internal.ServerCallImpl$ServerStreamListenerImpl.messagesAvailable(ServerCallImpl.java:263) [ratis-thirdparty-misc-0.2.0.jar:0.2.0]
	at org.apache.ratis.thirdparty.io.grpc.internal.ServerImpl$JumpToApplicationThreadServerStreamListener$1MessagesAvailable.runInContext(ServerImpl.java:686) [ratis-thirdparty-misc-0.2.0.jar:0.2.0]
	at org.apache.ratis.thirdparty.io.grpc.internal.ContextRunnable.run(ContextRunnable.java:37) [ratis-thirdparty-misc-0.2.0.jar:0.2.0]
	at org.apache.ratis.thirdparty.io.grpc.internal.SerializingExecutor.run(SerializingExecutor.java:123) [ratis-thirdparty-misc-0.2.0.jar:0.2.0]
	at java.util.concurrent.ThreadPoolExecutor.runWorker(ThreadPoolExecutor.java:1149) [?:1.8.0_212]
	at java.util.concurrent.ThreadPoolExecutor$Worker.run(ThreadPoolExecutor.java:624) [?:1.8.0_212]
	at java.lang.Thread.run(Thread.java:748) [?:1.8.0_212]
2019-07-30 18:56:20,310 INFO  impl.HddsDispatcher (ContainerUtils.java:logAndReturnError(146)) - Operation: WriteChunk : Trace ID: 3c41d79091000bed:3c41d79091000bed:0:0 : Message: ContainerID 5 creation failed : Result: DISK_OUT_OF_SPACE
18:56:20.317 [grpc-default-executor-1] ERROR DNAudit - user=null | ip=null | op=PUT_BLOCK {blockData=[blockId=conID: 5 locID: 102531922671304713 bcsId: 0,size=5]} | ret=FAILURE
org.apache.hadoop.hdds.scm.container.common.helpers.StorageContainerException: ContainerID 5 does not exist
	at org.apache.hadoop.ozone.container.common.impl.HddsDispatcher.dispatchRequest(HddsDispatcher.java:242) [hadoop-hdds-container-service-0.4.1-SNAPSHOT.jar:?]
	at org.apache.hadoop.ozone.container.common.impl.HddsDispatcher.dispatch(HddsDispatcher.java:148) [hadoop-hdds-container-service-0.4.1-SNAPSHOT.jar:?]
	at org.apache.hadoop.ozone.container.common.transport.server.GrpcXceiverService$1.onNext(GrpcXceiverService.java:73) [hadoop-hdds-container-service-0.4.1-SNAPSHOT.jar:?]
	at org.apache.hadoop.ozone.container.common.transport.server.GrpcXceiverService$1.onNext(GrpcXceiverService.java:61) [hadoop-hdds-container-service-0.4.1-SNAPSHOT.jar:?]
	at org.apache.ratis.thirdparty.io.grpc.stub.ServerCalls$StreamingServerCallHandler$StreamingServerCallListener.onMessage(ServerCalls.java:248) [ratis-thirdparty-misc-0.2.0.jar:0.2.0]
	at org.apache.ratis.thirdparty.io.grpc.ForwardingServerCallListener.onMessage(ForwardingServerCallListener.java:33) [ratis-thirdparty-misc-0.2.0.jar:0.2.0]
	at org.apache.ratis.thirdparty.io.grpc.Contexts$ContextualizedServerCallListener.onMessage(Contexts.java:76) [ratis-thirdparty-misc-0.2.0.jar:0.2.0]
	at org.apache.ratis.thirdparty.io.grpc.ForwardingServerCallListener.onMessage(ForwardingServerCallListener.java:33) [ratis-thirdparty-misc-0.2.0.jar:0.2.0]
	at org.apache.hadoop.hdds.tracing.GrpcServerInterceptor$1.onMessage(GrpcServerInterceptor.java:46) [hadoop-hdds-common-0.4.1-SNAPSHOT.jar:?]
	at org.apache.ratis.thirdparty.io.grpc.internal.ServerCallImpl$ServerStreamListenerImpl.messagesAvailable(ServerCallImpl.java:263) [ratis-thirdparty-misc-0.2.0.jar:0.2.0]
	at org.apache.ratis.thirdparty.io.grpc.internal.ServerImpl$JumpToApplicationThreadServerStreamListener$1MessagesAvailable.runInContext(ServerImpl.java:686) [ratis-thirdparty-misc-0.2.0.jar:0.2.0]
	at org.apache.ratis.thirdparty.io.grpc.internal.ContextRunnable.run(ContextRunnable.java:37) [ratis-thirdparty-misc-0.2.0.jar:0.2.0]
	at org.apache.ratis.thirdparty.io.grpc.internal.SerializingExecutor.run(SerializingExecutor.java:123) [ratis-thirdparty-misc-0.2.0.jar:0.2.0]
	at java.util.concurrent.ThreadPoolExecutor.runWorker(ThreadPoolExecutor.java:1149) [?:1.8.0_212]
	at java.util.concurrent.ThreadPoolExecutor$Worker.run(ThreadPoolExecutor.java:624) [?:1.8.0_212]
	at java.lang.Thread.run(Thread.java:748) [?:1.8.0_212]
2019-07-30 18:56:20,314 ERROR storage.BlockOutputStream (BlockOutputStream.java:validateResponse(531)) - Unexpected Storage Container Exception: 
org.apache.hadoop.hdds.scm.container.common.helpers.StorageContainerException: ContainerID 5 creation failed
	at org.apache.hadoop.hdds.scm.storage.ContainerProtocolCalls.validateContainerResponse(ContainerProtocolCalls.java:536)
	at org.apache.hadoop.hdds.scm.storage.BlockOutputStream.validateResponse(BlockOutputStream.java:529)
	at org.apache.hadoop.hdds.scm.storage.BlockOutputStream.lambda$writeChunkToContainer$2(BlockOutputStream.java:606)
	at java.util.concurrent.CompletableFuture.uniApply(CompletableFuture.java:602)
	at java.util.concurrent.CompletableFuture$UniApply.tryFire(CompletableFuture.java:577)
	at java.util.concurrent.CompletableFuture$Completion.run(CompletableFuture.java:442)
	at java.util.concurrent.ThreadPoolExecutor.runWorker(ThreadPoolExecutor.java:1149)
	at java.util.concurrent.ThreadPoolExecutor$Worker.run(ThreadPoolExecutor.java:624)
	at java.lang.Thread.run(Thread.java:748)
2019-07-30 18:56:20,318 INFO  impl.HddsDispatcher (ContainerUtils.java:logAndReturnError(146)) - Operation: PutBlock : Trace ID: 53457d95896f035c:53457d95896f035c:0:0 : Message: ContainerID 5 does not exist : Result: CONTAINER_NOT_FOUND
2019-07-30 18:56:20,323 INFO  ozone.MiniOzoneClusterImpl (MiniOzoneClusterImpl.java:shutdown(321)) - Shutting down the Mini Ozone Cluster
2019-07-30 18:56:20,324 INFO  ozone.MiniOzoneClusterImpl (MiniOzoneClusterImpl.java:stop(336)) - Stopping the Mini Ozone Cluster
2019-07-30 18:56:20,324 INFO  ozone.MiniOzoneClusterImpl (MiniOzoneClusterImpl.java:stop(338)) - Stopping the OzoneManager
2019-07-30 18:56:20,325 INFO  ipc.Server (Server.java:stop(3082)) - Stopping server on 44558
2019-07-30 18:56:20,326 INFO  ipc.Server (Server.java:run(1185)) - Stopping IPC Server listener on 44558
2019-07-30 18:56:20,326 INFO  utils.BackgroundService (BackgroundService.java:shutdown(148)) - Shutting down service KeyDeletingService
2019-07-30 18:56:20,327 INFO  ipc.Server (Server.java:run(1319)) - Stopping IPC Server Responder
2019-07-30 18:56:20,330 INFO  handler.ContextHandler (ContextHandler.java:doStop(910)) - Stopped o.e.j.w.WebAppContext@61a8bba2{/,null,UNAVAILABLE}{/ozoneManager}
2019-07-30 18:56:20,334 INFO  server.AbstractConnector (AbstractConnector.java:doStop(318)) - Stopped ServerConnector@3c974e4a{HTTP/1.1,[http/1.1]}{0.0.0.0:0}
2019-07-30 18:56:20,335 INFO  handler.ContextHandler (ContextHandler.java:doStop(910)) - Stopped o.e.j.s.ServletContextHandler@d87de7a{/static,file:///workdir/hadoop-ozone/integration-test/target/test-classes/webapps/static,UNAVAILABLE}
2019-07-30 18:56:20,335 INFO  handler.ContextHandler (ContextHandler.java:doStop(910)) - Stopped o.e.j.s.ServletContextHandler@227302fc{/logs,file:///workdir/hadoop-ozone/integration-test/target/log,UNAVAILABLE}
2019-07-30 18:56:20,339 INFO  ozone.MiniOzoneClusterImpl (MiniOzoneClusterImpl.java:stop(344)) - Shutting the HddsDatanodes
2019-07-30 18:56:20,339 INFO  datanode.ObjectStoreHandler (ObjectStoreHandler.java:close(155)) - Closing ObjectStoreHandler.
2019-07-30 18:56:20,340 INFO  ozone.HddsDatanodeService (HddsDatanodeService.java:stop(451)) - Stopped plug-in org.apache.hadoop.ozone.web.OzoneHddsDatanodeService@77f19af9
2019-07-30 18:56:20,364 INFO  statemachine.DatanodeStateMachine (DatanodeStateMachine.java:lambda$startDaemon$0(350)) - Ozone container server started.
2019-07-30 18:56:21,124 INFO  container.ReplicationManager (ReplicationManager.java:start(155)) - Starting Replication Monitor Thread.
2019-07-30 18:56:21,127 INFO  container.ReplicationManager (ReplicationManager.java:run(207)) - Replication Monitor Thread took 2 milliseconds for processing 5 containers.
2019-07-30 18:56:24,395 INFO  impl.FollowerState (FollowerState.java:run(106)) - 876649b9-08c4-41de-82fa-7a91dadc7d1c:group-0E3A8022518D changes to CANDIDATE, lastRpcTime:5172, electionTimeout:5171ms
2019-07-30 18:56:24,395 INFO  impl.RoleInfo (RoleInfo.java:shutdownFollowerState(121)) - 876649b9-08c4-41de-82fa-7a91dadc7d1c: shutdown FollowerState
2019-07-30 18:56:24,397 INFO  impl.RaftServerImpl (RaftServerImpl.java:setRole(171)) - 876649b9-08c4-41de-82fa-7a91dadc7d1c:group-0E3A8022518D changes role from FOLLOWER to CANDIDATE at term 0 for changeToCandidate
2019-07-30 18:56:24,401 INFO  impl.RoleInfo (RoleInfo.java:updateAndGet(143)) - 876649b9-08c4-41de-82fa-7a91dadc7d1c: start LeaderElection
2019-07-30 18:56:24,409 INFO  impl.LeaderElection (LeaderElection.java:askForVotes(181)) - 876649b9-08c4-41de-82fa-7a91dadc7d1c:group-0E3A8022518D:LeaderElection1: begin an election at term 1 for -1: [876649b9-08c4-41de-82fa-7a91dadc7d1c:192.168.5.147:33926], old=null
2019-07-30 18:56:24,411 INFO  impl.RoleInfo (RoleInfo.java:shutdownLeaderElection(134)) - 876649b9-08c4-41de-82fa-7a91dadc7d1c: shutdown LeaderElection
2019-07-30 18:56:24,412 INFO  impl.RaftServerImpl (RaftServerImpl.java:setRole(171)) - 876649b9-08c4-41de-82fa-7a91dadc7d1c:group-0E3A8022518D changes role from CANDIDATE to LEADER at term 1 for changeToLeader
2019-07-30 18:56:24,412 INFO  impl.RaftServerImpl (ServerState.java:setLeader(263)) - 876649b9-08c4-41de-82fa-7a91dadc7d1c:group-0E3A8022518D change Leader from null to 876649b9-08c4-41de-82fa-7a91dadc7d1c at term 1 for becomeLeader, leader elected after 5636ms
2019-07-30 18:56:24,419 INFO  server.RaftServerConfigKeys (ConfUtils.java:logGet(43)) - raft.server.staging.catchup.gap = 1000 (default)
2019-07-30 18:56:24,419 INFO  server.RaftServerConfigKeys (ConfUtils.java:logGet(43)) - raft.server.rpc.sleep.time = 25ms (default)
2019-07-30 18:56:24,421 INFO  server.RaftServerConfigKeys (ConfUtils.java:logGet(43)) - raft.server.write.element-limit = 4096 (default)
2019-07-30 18:56:24,424 INFO  server.RaftServerConfigKeys (ConfUtils.java:logGet(43)) - raft.server.watch.timeout = 10s (default)
2019-07-30 18:56:24,424 INFO  server.RaftServerConfigKeys (ConfUtils.java:logGet(43)) - raft.server.watch.timeout.denomination = 1s (default)
2019-07-30 18:56:24,425 INFO  server.RaftServerConfigKeys (ConfUtils.java:logGet(43)) - raft.server.watch.element-limit = 65536 (default)
2019-07-30 18:56:24,432 INFO  impl.RoleInfo (RoleInfo.java:updateAndGet(143)) - 876649b9-08c4-41de-82fa-7a91dadc7d1c: start LeaderState
2019-07-30 18:56:24,451 INFO  segmented.SegmentedRaftLogWorker (SegmentedRaftLogWorker.java:startLogSegment(380)) - 876649b9-08c4-41de-82fa-7a91dadc7d1c-SegmentedRaftLogWorker:Storage Directory /workdir/hadoop-ozone/integration-test/target/test-dir/MiniOzoneClusterImpl-577a63a9-960b-461c-92f7-e666d1a800de/datanode-0/data/ratis/05d3eee7-feee-40d7-a1ef-0e3a8022518d: Starting segment from index:0
2019-07-30 18:56:24,459 INFO  impl.RaftServerImpl (ServerState.java:setRaftConf(361)) - 876649b9-08c4-41de-82fa-7a91dadc7d1c:group-0E3A8022518D set configuration 0: [876649b9-08c4-41de-82fa-7a91dadc7d1c:192.168.5.147:33926], old=null at 0
2019-07-30 18:56:24,668 INFO  segmented.SegmentedRaftLogWorker (SegmentedRaftLogWorker.java:execute(569)) - 876649b9-08c4-41de-82fa-7a91dadc7d1c-SegmentedRaftLogWorker:Storage Directory /workdir/hadoop-ozone/integration-test/target/test-dir/MiniOzoneClusterImpl-577a63a9-960b-461c-92f7-e666d1a800de/datanode-0/data/ratis/05d3eee7-feee-40d7-a1ef-0e3a8022518d: created new log segment /workdir/hadoop-ozone/integration-test/target/test-dir/MiniOzoneClusterImpl-577a63a9-960b-461c-92f7-e666d1a800de/datanode-0/data/ratis/05d3eee7-feee-40d7-a1ef-0e3a8022518d/current/log_inprogress_0
2019-07-30 18:56:25,343 INFO  ozoneimpl.OzoneContainer (OzoneContainer.java:stop(199)) - Attempting to stop container services.
2019-07-30 18:56:25,347 INFO  impl.RaftServerProxy (RaftServerProxy.java:lambda$close$4(314)) - 876649b9-08c4-41de-82fa-7a91dadc7d1c: close
2019-07-30 18:56:25,350 INFO  impl.RaftServerImpl (RaftServerImpl.java:lambda$shutdown$3(245)) - 876649b9-08c4-41de-82fa-7a91dadc7d1c: shutdown group-0E3A8022518D
2019-07-30 18:56:25,350 INFO  util.JmxRegister (JmxRegister.java:unregister(73)) - Successfully un-registered JMX Bean with object name Ratis:service=RaftServer,group=group-0E3A8022518D,id=876649b9-08c4-41de-82fa-7a91dadc7d1c
2019-07-30 18:56:25,351 INFO  impl.RoleInfo (RoleInfo.java:shutdownLeaderState(104)) - 876649b9-08c4-41de-82fa-7a91dadc7d1c: shutdown LeaderState
2019-07-30 18:56:25,353 INFO  impl.PendingRequests (PendingRequests.java:sendNotLeaderResponses(202)) - 876649b9-08c4-41de-82fa-7a91dadc7d1c-PendingRequests: sendNotLeaderResponses
2019-07-30 18:56:25,355 INFO  impl.StateMachineUpdater (StateMachineUpdater.java:stopAndJoin(115)) - StateMachineUpdater:876649b9-08c4-41de-82fa-7a91dadc7d1c:group-0E3A8022518D: set stopIndex = 0
2019-07-30 18:56:25,356 INFO  impl.RaftServerImpl (ServerState.java:close(394)) - 876649b9-08c4-41de-82fa-7a91dadc7d1c:group-0E3A8022518D closes. The last applied log index is 0
2019-07-30 18:56:25,359 INFO  segmented.SegmentedRaftLogWorker (SegmentedRaftLogWorker.java:run(313)) - 876649b9-08c4-41de-82fa-7a91dadc7d1c-SegmentedRaftLogWorker:Storage Directory /workdir/hadoop-ozone/integration-test/target/test-dir/MiniOzoneClusterImpl-577a63a9-960b-461c-92f7-e666d1a800de/datanode-0/data/ratis/05d3eee7-feee-40d7-a1ef-0e3a8022518d was interrupted, exiting. There are 0 tasks remaining in the queue.
2019-07-30 18:56:25,361 INFO  segmented.SegmentedRaftLogWorker (SegmentedRaftLogWorker.java:close(228)) - 876649b9-08c4-41de-82fa-7a91dadc7d1c-SegmentedRaftLogWorker:Storage Directory /workdir/hadoop-ozone/integration-test/target/test-dir/MiniOzoneClusterImpl-577a63a9-960b-461c-92f7-e666d1a800de/datanode-0/data/ratis/05d3eee7-feee-40d7-a1ef-0e3a8022518d close()
2019-07-30 18:56:25,363 INFO  server.GrpcService (GrpcService.java:closeImpl(155)) - 876649b9-08c4-41de-82fa-7a91dadc7d1c: shutdown server with port 33926 now
2019-07-30 18:56:25,368 INFO  server.GrpcService (GrpcService.java:closeImpl(163)) - 876649b9-08c4-41de-82fa-7a91dadc7d1c: shutdown server with port 33926 successfully
2019-07-30 18:56:25,374 INFO  utils.BackgroundService (BackgroundService.java:shutdown(148)) - Shutting down service BlockDeletingService
2019-07-30 18:56:25,377 WARN  fs.CachingGetSpaceUsed (CachingGetSpaceUsed.java:run(183)) - Thread Interrupted waiting to refresh disk information: sleep interrupted
2019-07-30 18:56:25,393 INFO  statemachine.DatanodeStateMachine (DatanodeStateMachine.java:stopDaemon(395)) - Ozone container server stopped.
2019-07-30 18:56:25,395 INFO  handler.ContextHandler (ContextHandler.java:doStop(910)) - Stopped o.e.j.w.WebAppContext@54035107{/,null,UNAVAILABLE}{/hddsDatanode}
2019-07-30 18:56:25,396 INFO  server.AbstractConnector (AbstractConnector.java:doStop(318)) - Stopped ServerConnector@348e4ca3{HTTP/1.1,[http/1.1]}{0.0.0.0:0}
2019-07-30 18:56:25,396 INFO  handler.ContextHandler (ContextHandler.java:doStop(910)) - Stopped o.e.j.s.ServletContextHandler@1e05543c{/static,jar:file:/home/user/.m2/repository/org/apache/hadoop/hadoop-hdds-container-service/0.4.1-SNAPSHOT/hadoop-hdds-container-service-0.4.1-SNAPSHOT.jar!/webapps/static,UNAVAILABLE}
2019-07-30 18:56:25,396 INFO  handler.ContextHandler (ContextHandler.java:doStop(910)) - Stopped o.e.j.s.ServletContextHandler@47587361{/logs,file:///workdir/hadoop-ozone/integration-test/target/log,UNAVAILABLE}
2019-07-30 18:56:25,398 INFO  ozone.MiniOzoneClusterImpl (MiniOzoneClusterImpl.java:stop(353)) - Stopping the StorageContainerManager
2019-07-30 18:56:25,399 INFO  server.StorageContainerManager (StorageContainerManager.java:stop(796)) - Stopping Replication Manager Service.
2019-07-30 18:56:25,399 INFO  container.ReplicationManager (ReplicationManager.java:stop(187)) - Stopping Replication Monitor Thread.
2019-07-30 18:56:25,399 INFO  server.StorageContainerManager (StorageContainerManager.java:stop(803)) - Stopping Lease Manager of the command watchers
2019-07-30 18:56:25,399 INFO  server.StorageContainerManager (StorageContainerManager.java:stop(810)) - Stopping datanode service RPC server
2019-07-30 18:56:25,399 INFO  server.SCMDatanodeProtocolServer (SCMDatanodeProtocolServer.java:stop(367)) - Stopping the RPC server for DataNodes
2019-07-30 18:56:25,399 INFO  ipc.Server (Server.java:stop(3082)) - Stopping server on 32873
2019-07-30 18:56:25,401 INFO  ipc.Server (Server.java:run(1185)) - Stopping IPC Server listener on 32873
2019-07-30 18:56:25,401 INFO  ipc.Server (Server.java:run(1319)) - Stopping IPC Server Responder
2019-07-30 18:56:25,436 WARN  node.NodeStateManager (NodeStateManager.java:scheduleNextHealthCheck(631)) - Current Thread is interrupted, shutting down HB processing thread for Node Manager.
2019-07-30 18:56:25,436 INFO  server.StorageContainerManager (StorageContainerManager.java:stop(818)) - Stopping block service RPC server
2019-07-30 18:56:25,436 INFO  server.SCMBlockProtocolServer (SCMBlockProtocolServer.java:stop(148)) - Stopping the RPC server for Block Protocol
2019-07-30 18:56:25,436 INFO  ipc.Server (Server.java:stop(3082)) - Stopping server on 41066
2019-07-30 18:56:25,438 INFO  server.StorageContainerManager (StorageContainerManager.java:stop(825)) - Stopping the StorageContainerLocationProtocol RPC server
2019-07-30 18:56:25,438 INFO  ipc.Server (Server.java:run(1185)) - Stopping IPC Server listener on 41066
2019-07-30 18:56:25,438 INFO  server.SCMClientProtocolServer (SCMClientProtocolServer.java:stop(159)) - Stopping the RPC server for Client Protocol
2019-07-30 18:56:25,438 INFO  ipc.Server (Server.java:run(1319)) - Stopping IPC Server Responder
2019-07-30 18:56:25,439 INFO  ipc.Server (Server.java:stop(3082)) - Stopping server on 43758
2019-07-30 18:56:25,441 INFO  ipc.Server (Server.java:run(1185)) - Stopping IPC Server listener on 43758
2019-07-30 18:56:25,441 INFO  server.StorageContainerManager (StorageContainerManager.java:stop(832)) - Stopping Storage Container Manager HTTP server.
2019-07-30 18:56:25,441 INFO  ipc.Server (Server.java:run(1319)) - Stopping IPC Server Responder
2019-07-30 18:56:25,442 INFO  handler.ContextHandler (ContextHandler.java:doStop(910)) - Stopped o.e.j.w.WebAppContext@3bbe12c{/,null,UNAVAILABLE}{/scm}
2019-07-30 18:56:25,443 INFO  server.AbstractConnector (AbstractConnector.java:doStop(318)) - Stopped ServerConnector@6456e4b9{HTTP/1.1,[http/1.1]}{0.0.0.0:0}
2019-07-30 18:56:25,443 INFO  handler.ContextHandler (ContextHandler.java:doStop(910)) - Stopped o.e.j.s.ServletContextHandler@4cd4031{/static,file:///workdir/hadoop-ozone/integration-test/target/test-classes/webapps/static,UNAVAILABLE}
2019-07-30 18:56:25,444 INFO  handler.ContextHandler (ContextHandler.java:doStop(910)) - Stopped o.e.j.s.ServletContextHandler@67f90339{/logs,file:///workdir/hadoop-ozone/integration-test/target/log,UNAVAILABLE}
2019-07-30 18:56:25,445 INFO  server.StorageContainerManager (StorageContainerManager.java:stop(843)) - Stopping Block Manager Service.
2019-07-30 18:56:25,446 INFO  utils.BackgroundService (BackgroundService.java:shutdown(148)) - Shutting down service SCMBlockDeletingService
2019-07-30 18:56:25,446 INFO  utils.BackgroundService (BackgroundService.java:shutdown(148)) - Shutting down service SCMBlockDeletingService
2019-07-30 18:56:25,447 INFO  server.StorageContainerManager (StorageContainerManager.java:stop(865)) - Stopping SCM Event Queue.
2019-07-30 18:56:25,453 INFO  impl.MetricsSystemImpl (MetricsSystemImpl.java:stop(210)) - Stopping XceiverClientMetrics metrics system...
2019-07-30 18:56:25,455 INFO  impl.MetricsSystemImpl (MetricsSystemImpl.java:stop(216)) - XceiverClientMetrics metrics system stopped.
]]></system-out>
    <system-err><![CDATA[ERROR StatusLogger No Log4j 2 configuration file found. Using default configuration (logging only errors to the console), or user programmatically provided configurations. Set system property 'log4j2.debug' to show Log4j 2 internal initialization logging. See https://logging.apache.org/log4j/2.x/manual/configuration.html for instructions on how to configure Log4j 2
Jul 30, 2019 6:56:13 PM com.sun.jersey.server.impl.application.WebApplicationImpl _initiate
INFO: Initiating Jersey application, version 'Jersey: 1.19 02/11/2015 03:25 AM'
Jul 30, 2019 6:56:19 PM com.sun.jersey.server.impl.application.WebApplicationImpl _initiate
INFO: Initiating Jersey application, version 'Jersey: 1.19 02/11/2015 03:25 AM'
]]></system-err>
  </testcase>
  <testcase name="testBlockDeletingThrottling" classname="org.apache.hadoop.ozone.TestStorageContainerManager" time="6.436">
    <error message="Unexpected Storage Container Exception: org.apache.hadoop.hdds.scm.container.common.helpers.StorageContainerException: ContainerID 5 creation failed" type="java.io.IOException">java.io.IOException: Unexpected Storage Container Exception: org.apache.hadoop.hdds.scm.container.common.helpers.StorageContainerException: ContainerID 5 creation failed
	at org.apache.hadoop.hdds.scm.storage.BlockOutputStream.setIoException(BlockOutputStream.java:541)
	at org.apache.hadoop.hdds.scm.storage.BlockOutputStream.validateResponse(BlockOutputStream.java:532)
	at org.apache.hadoop.hdds.scm.storage.BlockOutputStream.lambda$writeChunkToContainer$2(BlockOutputStream.java:606)
	at java.util.concurrent.CompletableFuture.uniApply(CompletableFuture.java:602)
	at java.util.concurrent.CompletableFuture$UniApply.tryFire(CompletableFuture.java:577)
	at java.util.concurrent.CompletableFuture$Completion.run(CompletableFuture.java:442)
	at java.util.concurrent.ThreadPoolExecutor.runWorker(ThreadPoolExecutor.java:1149)
	at java.util.concurrent.ThreadPoolExecutor$Worker.run(ThreadPoolExecutor.java:624)
	at java.lang.Thread.run(Thread.java:748)
Caused by: org.apache.hadoop.hdds.scm.container.common.helpers.StorageContainerException: ContainerID 5 creation failed
	at org.apache.hadoop.hdds.scm.storage.ContainerProtocolCalls.validateContainerResponse(ContainerProtocolCalls.java:536)
	at org.apache.hadoop.hdds.scm.storage.BlockOutputStream.validateResponse(BlockOutputStream.java:529)
	... 7 more
</error>
    <system-out><![CDATA[2019-07-30 18:56:25,519 WARN  server.ServerUtils (ServerUtils.java:getScmDbDir(145)) - ozone.scm.db.dirs is not configured. We recommend adding this setting. Falling back to ozone.metadata.dirs instead.
2019-07-30 18:56:25,529 WARN  server.ServerUtils (ServerUtils.java:getScmDbDir(145)) - ozone.scm.db.dirs is not configured. We recommend adding this setting. Falling back to ozone.metadata.dirs instead.
2019-07-30 18:56:25,529 WARN  server.ServerUtils (ServerUtils.java:getScmDbDir(145)) - ozone.scm.db.dirs is not configured. We recommend adding this setting. Falling back to ozone.metadata.dirs instead.
2019-07-30 18:56:25,530 INFO  db.DBStoreBuilder (DBStoreBuilder.java:addTable(110)) - using custom profile for table: deletedBlocks
2019-07-30 18:56:25,530 INFO  db.DBStoreBuilder (DBStoreBuilder.java:processTables(161)) - Using default column profile:DBProfile.DISK for Table:deletedBlocks
2019-07-30 18:56:25,531 INFO  db.DBStoreBuilder (DBStoreBuilder.java:addTable(110)) - using custom profile for table: validCerts
2019-07-30 18:56:25,531 INFO  db.DBStoreBuilder (DBStoreBuilder.java:processTables(161)) - Using default column profile:DBProfile.DISK for Table:validCerts
2019-07-30 18:56:25,531 INFO  db.DBStoreBuilder (DBStoreBuilder.java:addTable(110)) - using custom profile for table: revokedCerts
2019-07-30 18:56:25,532 INFO  db.DBStoreBuilder (DBStoreBuilder.java:processTables(161)) - Using default column profile:DBProfile.DISK for Table:revokedCerts
2019-07-30 18:56:25,532 INFO  db.DBStoreBuilder (DBStoreBuilder.java:addTable(110)) - using custom profile for table: default
2019-07-30 18:56:25,532 INFO  db.DBStoreBuilder (DBStoreBuilder.java:processTables(167)) - Using default column profile:DBProfile.DISK for Table:default
2019-07-30 18:56:25,532 INFO  db.DBStoreBuilder (DBStoreBuilder.java:getDbProfile(198)) - Using default options. DBProfile.DISK
2019-07-30 18:56:25,598 INFO  net.NodeSchemaLoader (NodeSchemaLoader.java:loadSchemaFromFile(125)) - Loading file from sun.misc.CompoundEnumeration@1fd5a8e1
2019-07-30 18:56:25,598 INFO  net.NodeSchemaLoader (NodeSchemaLoader.java:loadSchema(171)) - Loading network topology layer schema file
2019-07-30 18:56:25,603 INFO  node.SCMNodeManager (SCMNodeManager.java:<init>(121)) - Entering startup safe mode.
2019-07-30 18:56:25,604 WARN  server.ServerUtils (ServerUtils.java:getScmDbDir(145)) - ozone.scm.db.dirs is not configured. We recommend adding this setting. Falling back to ozone.metadata.dirs instead.
2019-07-30 18:56:25,634 INFO  pipeline.SCMPipelineManager (SCMPipelineManager.java:initializePipelineState(126)) - No pipeline exists in current db
2019-07-30 18:56:25,634 WARN  server.ServerUtils (ServerUtils.java:getScmDbDir(145)) - ozone.scm.db.dirs is not configured. We recommend adding this setting. Falling back to ozone.metadata.dirs instead.
2019-07-30 18:56:25,660 WARN  events.EventQueue (EventQueue.java:fireEvent(175)) - No event handler registered for event TypedEvent{payloadType=SafeModeStatus, name='SafeModeStatus'}
2019-07-30 18:56:25,661 INFO  ipc.CallQueueManager (CallQueueManager.java:<init>(84)) - Using callQueue: class java.util.concurrent.LinkedBlockingQueue, queueCapacity: 2000, scheduler: class org.apache.hadoop.ipc.DefaultRpcScheduler, ipcBackoff: false.
2019-07-30 18:56:25,662 INFO  ipc.Server (Server.java:run(1074)) - Starting Socket Reader #1 for port 34947
2019-07-30 18:56:25,663 INFO  ipc.CallQueueManager (CallQueueManager.java:<init>(84)) - Using callQueue: class java.util.concurrent.LinkedBlockingQueue, queueCapacity: 2000, scheduler: class org.apache.hadoop.ipc.DefaultRpcScheduler, ipcBackoff: false.
2019-07-30 18:56:25,664 INFO  ipc.Server (Server.java:run(1074)) - Starting Socket Reader #1 for port 36306
2019-07-30 18:56:25,665 INFO  ipc.CallQueueManager (CallQueueManager.java:<init>(84)) - Using callQueue: class java.util.concurrent.LinkedBlockingQueue, queueCapacity: 2000, scheduler: class org.apache.hadoop.ipc.DefaultRpcScheduler, ipcBackoff: false.
2019-07-30 18:56:25,665 INFO  ipc.Server (Server.java:run(1074)) - Starting Socket Reader #1 for port 39295
2019-07-30 18:56:25,668 INFO  hdfs.DFSUtil (DFSUtil.java:httpServerTemplateForNNAndJN(1641)) - Starting Web-server for scm at: http://0.0.0.0:0
2019-07-30 18:56:25,670 INFO  server.AuthenticationFilter (AuthenticationFilter.java:constructSecretProvider(240)) - Unable to initialize FileSignerSecretProvider, falling back to use random secrets.
2019-07-30 18:56:25,671 WARN  http.HttpRequestLog (HttpRequestLog.java:getRequestLog(97)) - Jetty request log can only be enabled using Log4j
2019-07-30 18:56:25,673 INFO  http.HttpServer2 (HttpServer2.java:addGlobalFilter(975)) - Added global filter 'safety' (class=org.apache.hadoop.http.HttpServer2$QuotingInputFilter)
2019-07-30 18:56:25,673 INFO  http.HttpServer2 (HttpServer2.java:addFilter(948)) - Added filter static_user_filter (class=org.apache.hadoop.http.lib.StaticUserWebFilter$StaticUserFilter) to context scm
2019-07-30 18:56:25,673 INFO  http.HttpServer2 (HttpServer2.java:addFilter(958)) - Added filter static_user_filter (class=org.apache.hadoop.http.lib.StaticUserWebFilter$StaticUserFilter) to context static
2019-07-30 18:56:25,673 INFO  http.HttpServer2 (HttpServer2.java:addFilter(958)) - Added filter static_user_filter (class=org.apache.hadoop.http.lib.StaticUserWebFilter$StaticUserFilter) to context logs
2019-07-30 18:56:25,675 INFO  server.StorageContainerManager (StorageContainerManager.java:start(758)) - StorageContainerLocationProtocol RPC server is listening at /0.0.0.0:39295
2019-07-30 18:56:25,677 WARN  impl.MetricsConfig (MetricsConfig.java:loadFirst(134)) - Cannot locate configuration: tried hadoop-metrics2-storagecontainermanager.properties,hadoop-metrics2.properties
2019-07-30 18:56:25,678 INFO  impl.MetricsSystemImpl (MetricsSystemImpl.java:startTimer(374)) - Scheduled Metric snapshot period at 10 second(s).
2019-07-30 18:56:25,678 INFO  impl.MetricsSystemImpl (MetricsSystemImpl.java:start(191)) - StorageContainerManager metrics system started
2019-07-30 18:56:25,698 INFO  server.SCMClientProtocolServer (SCMClientProtocolServer.java:start(151)) - RPC server for Client  is listening at /0.0.0.0:39295
2019-07-30 18:56:25,699 INFO  ipc.Server (Server.java:run(1314)) - IPC Server Responder: starting
2019-07-30 18:56:25,699 INFO  ipc.Server (Server.java:run(1153)) - IPC Server listener on 39295: starting
2019-07-30 18:56:25,702 INFO  server.StorageContainerManager (StorageContainerManager.java:start(768)) - ScmBlockLocationProtocol RPC server is listening at /0.0.0.0:36306
2019-07-30 18:56:25,702 INFO  server.SCMBlockProtocolServer (SCMBlockProtocolServer.java:start(140)) - RPC server for Block Protocol is listening at /0.0.0.0:36306
2019-07-30 18:56:25,702 INFO  ipc.Server (Server.java:run(1314)) - IPC Server Responder: starting
2019-07-30 18:56:25,702 INFO  ipc.Server (Server.java:run(1153)) - IPC Server listener on 36306: starting
2019-07-30 18:56:25,705 INFO  server.StorageContainerManager (StorageContainerManager.java:start(772)) - ScmDatanodeProtocl RPC server is listening at /0.0.0.0:34947
2019-07-30 18:56:25,705 INFO  server.SCMDatanodeProtocolServer (SCMDatanodeProtocolServer.java:start(191)) - RPC server for DataNodes is listening at /0.0.0.0:34947
2019-07-30 18:56:25,705 INFO  ipc.Server (Server.java:run(1314)) - IPC Server Responder: starting
2019-07-30 18:56:25,705 INFO  ipc.Server (Server.java:run(1153)) - IPC Server listener on 34947: starting
2019-07-30 18:56:25,708 INFO  http.HttpServer2 (HttpServer2.java:bindListener(1191)) - Jetty bound to port 46092
2019-07-30 18:56:25,709 INFO  server.Server (Server.java:doStart(351)) - jetty-9.3.24.v20180605, build timestamp: 2018-06-05T17:11:56Z, git hash: 84205aa28f11a4f31f2a3b86d1bba2cc8ab69827
2019-07-30 18:56:25,711 INFO  handler.ContextHandler (ContextHandler.java:doStart(781)) - Started o.e.j.s.ServletContextHandler@1b22631e{/logs,file:///workdir/hadoop-ozone/integration-test/target/log,AVAILABLE}
2019-07-30 18:56:25,711 INFO  handler.ContextHandler (ContextHandler.java:doStart(781)) - Started o.e.j.s.ServletContextHandler@60858720{/static,file:///workdir/hadoop-ozone/integration-test/target/test-classes/webapps/static,AVAILABLE}
2019-07-30 18:56:25,715 INFO  handler.ContextHandler (ContextHandler.java:doStart(781)) - Started o.e.j.w.WebAppContext@564cbb08{/,file:///workdir/hadoop-ozone/integration-test/target/test-classes/webapps/scm/,AVAILABLE}{/scm}
2019-07-30 18:56:25,716 INFO  server.AbstractConnector (AbstractConnector.java:doStart(278)) - Started ServerConnector@6c7722e2{HTTP/1.1,[http/1.1]}{0.0.0.0:46092}
2019-07-30 18:56:25,716 INFO  server.Server (Server.java:doStart(419)) - Started @17761ms
2019-07-30 18:56:25,717 INFO  server.BaseHttpServer (BaseHttpServer.java:updateConnectorAddress(207)) - HTTP server of SCM is listening at http://0.0.0.0:46092
2019-07-30 18:56:25,718 WARN  server.ServerUtils (ServerUtils.java:getDBPath(222)) - ozone.om.db.dirs is not configured. We recommend adding this setting. Falling back to ozone.metadata.dirs instead.
2019-07-30 18:56:25,718 INFO  util.JvmPauseMonitor (JvmPauseMonitor.java:run(188)) - Starting JVM pause monitor
2019-07-30 18:56:25,733 WARN  server.ServerUtils (ServerUtils.java:getDBPath(222)) - ozone.om.db.dirs is not configured. We recommend adding this setting. Falling back to ozone.metadata.dirs instead.
2019-07-30 18:56:25,733 WARN  server.ServerUtils (ServerUtils.java:getDBPath(222)) - ozone.om.db.dirs is not configured. We recommend adding this setting. Falling back to ozone.metadata.dirs instead.
2019-07-30 18:56:25,734 INFO  om.OzoneManager (OzoneManager.java:setOMNodeDetails(644)) - OM Service ID is not set. Setting it to the default ID: omServiceIdDefault
2019-07-30 18:56:25,734 INFO  om.OzoneManager (OzoneManager.java:setOMNodeDetails(650)) - OM Node ID is not set. Setting it to the OmStorage's OmID: 4dccc7e0-7833-4b61-a5d5-f6521cb3f055
2019-07-30 18:56:25,734 INFO  om.OzoneManager (OzoneManager.java:loadOMHAConfigs(601)) - Found matching OM address with OMServiceId: null, OMNodeId: null, RPC Address: localhost:0 and Ratis port: 9872
2019-07-30 18:56:25,742 WARN  server.ServerUtils (ServerUtils.java:getDBPath(222)) - ozone.om.db.dirs is not configured. We recommend adding this setting. Falling back to ozone.metadata.dirs instead.
2019-07-30 18:56:25,742 INFO  db.DBStoreBuilder (DBStoreBuilder.java:addTable(110)) - using custom profile for table: userTable
2019-07-30 18:56:25,743 INFO  db.DBStoreBuilder (DBStoreBuilder.java:processTables(161)) - Using default column profile:DBProfile.DISK for Table:userTable
2019-07-30 18:56:25,743 INFO  db.DBStoreBuilder (DBStoreBuilder.java:addTable(110)) - using custom profile for table: volumeTable
2019-07-30 18:56:25,743 INFO  db.DBStoreBuilder (DBStoreBuilder.java:processTables(161)) - Using default column profile:DBProfile.DISK for Table:volumeTable
2019-07-30 18:56:25,743 INFO  db.DBStoreBuilder (DBStoreBuilder.java:addTable(110)) - using custom profile for table: bucketTable
2019-07-30 18:56:25,744 INFO  db.DBStoreBuilder (DBStoreBuilder.java:processTables(161)) - Using default column profile:DBProfile.DISK for Table:bucketTable
2019-07-30 18:56:25,744 INFO  db.DBStoreBuilder (DBStoreBuilder.java:addTable(110)) - using custom profile for table: keyTable
2019-07-30 18:56:25,744 INFO  db.DBStoreBuilder (DBStoreBuilder.java:processTables(161)) - Using default column profile:DBProfile.DISK for Table:keyTable
2019-07-30 18:56:25,744 INFO  db.DBStoreBuilder (DBStoreBuilder.java:addTable(110)) - using custom profile for table: deletedTable
2019-07-30 18:56:25,745 INFO  db.DBStoreBuilder (DBStoreBuilder.java:processTables(161)) - Using default column profile:DBProfile.DISK for Table:deletedTable
2019-07-30 18:56:25,745 INFO  db.DBStoreBuilder (DBStoreBuilder.java:addTable(110)) - using custom profile for table: openKeyTable
2019-07-30 18:56:25,745 INFO  db.DBStoreBuilder (DBStoreBuilder.java:processTables(161)) - Using default column profile:DBProfile.DISK for Table:openKeyTable
2019-07-30 18:56:25,745 INFO  db.DBStoreBuilder (DBStoreBuilder.java:addTable(110)) - using custom profile for table: s3Table
2019-07-30 18:56:25,746 INFO  db.DBStoreBuilder (DBStoreBuilder.java:processTables(161)) - Using default column profile:DBProfile.DISK for Table:s3Table
2019-07-30 18:56:25,746 INFO  db.DBStoreBuilder (DBStoreBuilder.java:addTable(110)) - using custom profile for table: multipartInfoTable
2019-07-30 18:56:25,746 INFO  db.DBStoreBuilder (DBStoreBuilder.java:processTables(161)) - Using default column profile:DBProfile.DISK for Table:multipartInfoTable
2019-07-30 18:56:25,746 INFO  db.DBStoreBuilder (DBStoreBuilder.java:addTable(110)) - using custom profile for table: dTokenTable
2019-07-30 18:56:25,746 INFO  db.DBStoreBuilder (DBStoreBuilder.java:processTables(161)) - Using default column profile:DBProfile.DISK for Table:dTokenTable
2019-07-30 18:56:25,747 INFO  db.DBStoreBuilder (DBStoreBuilder.java:addTable(110)) - using custom profile for table: s3SecretTable
2019-07-30 18:56:25,747 INFO  db.DBStoreBuilder (DBStoreBuilder.java:processTables(161)) - Using default column profile:DBProfile.DISK for Table:s3SecretTable
2019-07-30 18:56:25,747 INFO  db.DBStoreBuilder (DBStoreBuilder.java:addTable(110)) - using custom profile for table: prefixTable
2019-07-30 18:56:25,747 INFO  db.DBStoreBuilder (DBStoreBuilder.java:processTables(161)) - Using default column profile:DBProfile.DISK for Table:prefixTable
2019-07-30 18:56:25,748 INFO  db.DBStoreBuilder (DBStoreBuilder.java:addTable(110)) - using custom profile for table: default
2019-07-30 18:56:25,748 INFO  db.DBStoreBuilder (DBStoreBuilder.java:processTables(167)) - Using default column profile:DBProfile.DISK for Table:default
2019-07-30 18:56:25,748 INFO  db.DBStoreBuilder (DBStoreBuilder.java:getDbProfile(198)) - Using default options. DBProfile.DISK
2019-07-30 18:56:26,066 INFO  ipc.CallQueueManager (CallQueueManager.java:<init>(84)) - Using callQueue: class java.util.concurrent.LinkedBlockingQueue, queueCapacity: 2000, scheduler: class org.apache.hadoop.ipc.DefaultRpcScheduler, ipcBackoff: false.
2019-07-30 18:56:26,066 INFO  ipc.Server (Server.java:run(1074)) - Starting Socket Reader #1 for port 32881
2019-07-30 18:56:26,079 INFO  om.OzoneManager (OzoneManager.java:start(1255)) - OzoneManager RPC server is listening at localhost/127.0.0.1:32881
2019-07-30 18:56:26,079 INFO  impl.MetricsSystemImpl (MetricsSystemImpl.java:init(158)) - OzoneManager metrics system started (again)
2019-07-30 18:56:26,080 INFO  ipc.Server (Server.java:run(1314)) - IPC Server Responder: starting
2019-07-30 18:56:26,081 INFO  ipc.Server (Server.java:run(1153)) - IPC Server listener on 32881: starting
2019-07-30 18:56:26,085 INFO  hdfs.DFSUtil (DFSUtil.java:httpServerTemplateForNNAndJN(1641)) - Starting Web-server for ozoneManager at: http://0.0.0.0:0
2019-07-30 18:56:26,086 INFO  server.AuthenticationFilter (AuthenticationFilter.java:constructSecretProvider(240)) - Unable to initialize FileSignerSecretProvider, falling back to use random secrets.
2019-07-30 18:56:26,087 WARN  http.HttpRequestLog (HttpRequestLog.java:getRequestLog(97)) - Jetty request log can only be enabled using Log4j
2019-07-30 18:56:26,088 INFO  http.HttpServer2 (HttpServer2.java:addGlobalFilter(975)) - Added global filter 'safety' (class=org.apache.hadoop.http.HttpServer2$QuotingInputFilter)
2019-07-30 18:56:26,089 INFO  http.HttpServer2 (HttpServer2.java:addFilter(948)) - Added filter static_user_filter (class=org.apache.hadoop.http.lib.StaticUserWebFilter$StaticUserFilter) to context ozoneManager
2019-07-30 18:56:26,089 INFO  http.HttpServer2 (HttpServer2.java:addFilter(958)) - Added filter static_user_filter (class=org.apache.hadoop.http.lib.StaticUserWebFilter$StaticUserFilter) to context logs
2019-07-30 18:56:26,089 INFO  http.HttpServer2 (HttpServer2.java:addFilter(958)) - Added filter static_user_filter (class=org.apache.hadoop.http.lib.StaticUserWebFilter$StaticUserFilter) to context static
2019-07-30 18:56:26,090 INFO  http.HttpServer2 (HttpServer2.java:bindListener(1191)) - Jetty bound to port 40423
2019-07-30 18:56:26,090 INFO  server.Server (Server.java:doStart(351)) - jetty-9.3.24.v20180605, build timestamp: 2018-06-05T17:11:56Z, git hash: 84205aa28f11a4f31f2a3b86d1bba2cc8ab69827
2019-07-30 18:56:26,091 INFO  handler.ContextHandler (ContextHandler.java:doStart(781)) - Started o.e.j.s.ServletContextHandler@5593022f{/logs,file:///workdir/hadoop-ozone/integration-test/target/log,AVAILABLE}
2019-07-30 18:56:26,092 INFO  handler.ContextHandler (ContextHandler.java:doStart(781)) - Started o.e.j.s.ServletContextHandler@10fb6cd6{/static,file:///workdir/hadoop-ozone/integration-test/target/test-classes/webapps/static,AVAILABLE}
2019-07-30 18:56:26,096 INFO  handler.ContextHandler (ContextHandler.java:doStart(781)) - Started o.e.j.w.WebAppContext@6f2cfd57{/,file:///workdir/hadoop-ozone/integration-test/target/test-classes/webapps/ozoneManager/,AVAILABLE}{/ozoneManager}
2019-07-30 18:56:26,097 INFO  server.AbstractConnector (AbstractConnector.java:doStart(278)) - Started ServerConnector@2a559496{HTTP/1.1,[http/1.1]}{0.0.0.0:40423}
2019-07-30 18:56:26,097 INFO  server.Server (Server.java:doStart(419)) - Started @18141ms
2019-07-30 18:56:26,098 INFO  server.BaseHttpServer (BaseHttpServer.java:updateConnectorAddress(207)) - HTTP server of OZONEMANAGER is listening at http://0.0.0.0:40423
2019-07-30 18:56:26,114 INFO  impl.MetricsSystemImpl (MetricsSystemImpl.java:init(158)) - HddsDatanode metrics system started (again)
2019-07-30 18:56:26,116 INFO  ozone.HddsDatanodeService (HddsDatanodeService.java:start(184)) - HddsDatanodeService host:byscane-nightly-d7s94-1643579034 ip:192.168.5.147
2019-07-30 18:56:26,122 INFO  volume.HddsVolume (HddsVolume.java:<init>(176)) - Creating Volume: /workdir/hadoop-ozone/integration-test/target/test-dir/MiniOzoneClusterImpl-4256958d-99f5-467f-9756-b29794d919b3/datanode-0/data/containers/hdds of  storage type : DISK and capacity : 52710309888
2019-07-30 18:56:26,122 INFO  volume.VolumeSet (VolumeSet.java:initializeVolumeSet(170)) - Added Volume : /workdir/hadoop-ozone/integration-test/target/test-dir/MiniOzoneClusterImpl-4256958d-99f5-467f-9756-b29794d919b3/datanode-0/data/containers/hdds to VolumeSet
2019-07-30 18:56:26,123 INFO  volume.ThrottledAsyncChecker (ThrottledAsyncChecker.java:schedule(140)) - Scheduling a check for org.apache.hadoop.ozone.container.common.volume.HddsVolume@25b9a93d
2019-07-30 18:56:26,124 INFO  volume.HddsVolumeChecker (HddsVolumeChecker.java:checkAllVolumes(203)) - Scheduled health check for volume org.apache.hadoop.ozone.container.common.volume.HddsVolume@25b9a93d
2019-07-30 18:56:26,138 INFO  impl.RaftServerProxy (ConfUtils.java:logGet(43)) - raft.rpc.type = GRPC (default)
2019-07-30 18:56:26,138 INFO  grpc.GrpcFactory (GrpcFactory.java:checkPooledByteBufAllocatorUseCacheForAllThreads(45)) - PERFORMANCE WARNING: useCacheForAllThreads is true that may cause Netty to create a lot garbage objects and, as a result, trigger GC.
	It is recommended to disable useCacheForAllThreads by setting -Dorg.apache.ratis.thirdparty.io.netty.allocator.useCacheForAllThreads=false in command line.
2019-07-30 18:56:26,139 INFO  grpc.GrpcConfigKeys$Server (ConfUtils.java:logGet(43)) - raft.grpc.server.port = 0 (default)
2019-07-30 18:56:26,139 INFO  server.GrpcService (ConfUtils.java:logGet(43)) - raft.grpc.message.size.max = 33570816 (custom)
2019-07-30 18:56:26,140 INFO  server.RaftServerConfigKeys (ConfUtils.java:logGet(43)) - raft.server.log.appender.buffer.byte-limit = 33554432 (custom)
2019-07-30 18:56:26,140 INFO  server.GrpcService (ConfUtils.java:logGet(43)) - raft.grpc.flow.control.window = 1MB (=1048576) (default)
2019-07-30 18:56:26,140 INFO  server.RaftServerConfigKeys (ConfUtils.java:logGet(43)) - raft.server.rpc.request.timeout = 3000ms (default)
2019-07-30 18:56:26,141 INFO  server.RaftServerConfigKeys (ConfUtils.java:logGet(43)) - raft.server.storage.dir = [/workdir/hadoop-ozone/integration-test/target/test-dir/MiniOzoneClusterImpl-4256958d-99f5-467f-9756-b29794d919b3/datanode-0/data/ratis] (custom)
2019-07-30 18:56:26,141 INFO  replication.SimpleContainerDownloader (SimpleContainerDownloader.java:<init>(72)) - Starting container downloader service to copy containers to replicate.
2019-07-30 18:56:26,143 INFO  hdfs.DFSUtil (DFSUtil.java:httpServerTemplateForNNAndJN(1641)) - Starting Web-server for hddsDatanode at: http://0.0.0.0:0
2019-07-30 18:56:26,144 INFO  server.AuthenticationFilter (AuthenticationFilter.java:constructSecretProvider(240)) - Unable to initialize FileSignerSecretProvider, falling back to use random secrets.
2019-07-30 18:56:26,145 WARN  http.HttpRequestLog (HttpRequestLog.java:getRequestLog(97)) - Jetty request log can only be enabled using Log4j
2019-07-30 18:56:26,146 INFO  http.HttpServer2 (HttpServer2.java:addGlobalFilter(975)) - Added global filter 'safety' (class=org.apache.hadoop.http.HttpServer2$QuotingInputFilter)
2019-07-30 18:56:26,147 INFO  http.HttpServer2 (HttpServer2.java:addFilter(948)) - Added filter static_user_filter (class=org.apache.hadoop.http.lib.StaticUserWebFilter$StaticUserFilter) to context hddsDatanode
2019-07-30 18:56:26,147 INFO  http.HttpServer2 (HttpServer2.java:addFilter(958)) - Added filter static_user_filter (class=org.apache.hadoop.http.lib.StaticUserWebFilter$StaticUserFilter) to context logs
2019-07-30 18:56:26,147 INFO  http.HttpServer2 (HttpServer2.java:addFilter(958)) - Added filter static_user_filter (class=org.apache.hadoop.http.lib.StaticUserWebFilter$StaticUserFilter) to context static
2019-07-30 18:56:26,148 INFO  http.HttpServer2 (HttpServer2.java:bindListener(1191)) - Jetty bound to port 46481
2019-07-30 18:56:26,148 INFO  server.Server (Server.java:doStart(351)) - jetty-9.3.24.v20180605, build timestamp: 2018-06-05T17:11:56Z, git hash: 84205aa28f11a4f31f2a3b86d1bba2cc8ab69827
2019-07-30 18:56:26,151 INFO  handler.ContextHandler (ContextHandler.java:doStart(781)) - Started o.e.j.s.ServletContextHandler@3fb86dbd{/logs,file:///workdir/hadoop-ozone/integration-test/target/log,AVAILABLE}
2019-07-30 18:56:26,151 INFO  handler.ContextHandler (ContextHandler.java:doStart(781)) - Started o.e.j.s.ServletContextHandler@414bb5d1{/static,jar:file:/home/user/.m2/repository/org/apache/hadoop/hadoop-hdds-container-service/0.4.1-SNAPSHOT/hadoop-hdds-container-service-0.4.1-SNAPSHOT.jar!/webapps/static,AVAILABLE}
2019-07-30 18:56:26,180 INFO  handler.ContextHandler (ContextHandler.java:doStart(781)) - Started o.e.j.w.WebAppContext@6e42f858{/,file:///tmp/jetty-0.0.0.0-46481-hddsDatanode-_-any-5641350129980214821.dir/webapp/,AVAILABLE}{/hddsDatanode}
2019-07-30 18:56:26,181 INFO  server.AbstractConnector (AbstractConnector.java:doStart(278)) - Started ServerConnector@4eaec152{HTTP/1.1,[http/1.1]}{0.0.0.0:46481}
2019-07-30 18:56:26,182 INFO  server.Server (Server.java:doStart(419)) - Started @18226ms
2019-07-30 18:56:26,182 INFO  server.BaseHttpServer (BaseHttpServer.java:updateConnectorAddress(207)) - HTTP server of HDDSDATANODE is listening at http://0.0.0.0:46481
2019-07-30 18:56:26,324 INFO  ozone.HddsDatanodeService (HddsDatanodeService.java:startPlugins(395)) - Started plug-in org.apache.hadoop.ozone.web.OzoneHddsDatanodeService@31ec6626
2019-07-30 18:56:26,324 INFO  ozone.MiniOzoneClusterImpl (MiniOzoneClusterImpl.java:lambda$waitForClusterToBeReady$0(142)) - Waiting for cluster to be ready. Got 0 of 1 DN Heartbeats.
2019-07-30 18:56:26,327 INFO  util.JvmPauseMonitor (JvmPauseMonitor.java:run(188)) - Starting JVM pause monitor
2019-07-30 18:56:26,332 INFO  datanode.InitDatanodeState (InitDatanodeState.java:persistContainerDatanodeDetails(140)) - DatanodeDetails is persisted to /workdir/hadoop-ozone/integration-test/target/test-dir/MiniOzoneClusterImpl-4256958d-99f5-467f-9756-b29794d919b3/datanode-0/meta/datanode.id
2019-07-30 18:56:27,326 INFO  ozone.MiniOzoneClusterImpl (MiniOzoneClusterImpl.java:lambda$waitForClusterToBeReady$0(142)) - Waiting for cluster to be ready. Got 0 of 1 DN Heartbeats.
2019-07-30 18:56:28,327 INFO  ozone.MiniOzoneClusterImpl (MiniOzoneClusterImpl.java:lambda$waitForClusterToBeReady$0(142)) - Waiting for cluster to be ready. Got 0 of 1 DN Heartbeats.
2019-07-30 18:56:28,344 INFO  ozoneimpl.OzoneContainer (OzoneContainer.java:start(186)) - Attempting to start container services.
2019-07-30 18:56:28,345 INFO  ozoneimpl.OzoneContainer (OzoneContainer.java:startContainerScrub(160)) - Background container scrubber has been disabled by hdds.containerscrub.enabled
2019-07-30 18:56:28,345 INFO  ratis.XceiverServerRatis (XceiverServerRatis.java:start(404)) - Starting XceiverServerRatis b377c1db-4e6f-4f1c-8b85-04c59026bd09 at port 0
2019-07-30 18:56:28,355 INFO  impl.RaftServerProxy (RaftServerProxy.java:lambda$start$3(299)) - b377c1db-4e6f-4f1c-8b85-04c59026bd09: start RPC server
2019-07-30 18:56:28,358 INFO  server.GrpcService (GrpcService.java:startImpl(149)) - b377c1db-4e6f-4f1c-8b85-04c59026bd09: GrpcService started, listening on 0.0.0.0/0.0.0.0:43305
2019-07-30 18:56:28,358 INFO  ratis.XceiverServerRatis (XceiverServerRatis.java:start(414)) - XceiverServerRatis b377c1db-4e6f-4f1c-8b85-04c59026bd09 is started using port 43305
2019-07-30 18:56:28,359 INFO  server.XceiverServerGrpc (XceiverServerGrpc.java:start(161)) - XceiverServerGrpc b377c1db-4e6f-4f1c-8b85-04c59026bd09 is started using port 44731
2019-07-30 18:56:29,327 INFO  ozone.MiniOzoneClusterImpl (MiniOzoneClusterImpl.java:lambda$waitForClusterToBeReady$0(142)) - Waiting for cluster to be ready. Got 0 of 1 DN Heartbeats.
2019-07-30 18:56:30,328 INFO  ozone.MiniOzoneClusterImpl (MiniOzoneClusterImpl.java:lambda$waitForClusterToBeReady$0(142)) - Waiting for cluster to be ready. Got 0 of 1 DN Heartbeats.
2019-07-30 18:56:30,334 INFO  net.NetworkTopology (NetworkTopologyImpl.java:add(110)) - Added a new node: /default-rack/b377c1db-4e6f-4f1c-8b85-04c59026bd09
2019-07-30 18:56:30,335 INFO  node.SCMNodeManager (SCMNodeManager.java:register(273)) - Registered Data node : b377c1db-4e6f-4f1c-8b85-04c59026bd09{ip: 192.168.5.147, host: byscane-nightly-d7s94-1643579034, networkLocation: /default-rack, certSerialId: null}
2019-07-30 18:56:30,337 INFO  safemode.SCMSafeModeManager (DataNodeSafeModeRule.java:process(71)) - SCM in safe mode. 1 DataNodes registered, 1 required.
2019-07-30 18:56:30,338 INFO  safemode.SCMSafeModeManager (SCMSafeModeManager.java:validateSafeModeExitRules(177)) - ScmSafeModeManager, all rules are successfully validated
2019-07-30 18:56:30,339 INFO  safemode.SCMSafeModeManager (SCMSafeModeManager.java:exitSafeMode(193)) - SCM exiting safe mode.
2019-07-30 18:56:30,354 INFO  impl.RaftServerProxy (RaftServerProxy.java:addNew(89)) - b377c1db-4e6f-4f1c-8b85-04c59026bd09: addNew group-9AA05F632DB0:[b377c1db-4e6f-4f1c-8b85-04c59026bd09:192.168.5.147:43305] returns group-9AA05F632DB0:java.util.concurrent.CompletableFuture@748464b4[Not completed]
2019-07-30 18:56:30,356 INFO  impl.RaftServerImpl (RaftServerImpl.java:<init>(93)) - b377c1db-4e6f-4f1c-8b85-04c59026bd09: new RaftServerImpl for group-9AA05F632DB0:[b377c1db-4e6f-4f1c-8b85-04c59026bd09:192.168.5.147:43305] with ContainerStateMachine:uninitialized
2019-07-30 18:56:30,357 INFO  server.RaftServerConfigKeys (ConfUtils.java:logGet(43)) - raft.server.rpc.timeout.min = 5s (custom)
2019-07-30 18:56:30,357 INFO  server.RaftServerConfigKeys (ConfUtils.java:logGet(43)) - raft.server.rpc.timeout.max = 5200ms (custom)
2019-07-30 18:56:30,357 INFO  server.RaftServerConfigKeys (ConfUtils.java:logGet(43)) - raft.server.rpcslowness.timeout = 120s (custom)
2019-07-30 18:56:30,357 INFO  server.RaftServerConfigKeys (ConfUtils.java:logGet(43)) - raft.server.sleep.deviation.threshold = 300 (default)
2019-07-30 18:56:30,358 INFO  server.RaftServerConfigKeys (ConfUtils.java:logGet(43)) - raft.server.log.appender.install.snapshot.enabled = false (custom)
2019-07-30 18:56:30,358 INFO  impl.RaftServerImpl (ServerState.java:<init>(105)) - b377c1db-4e6f-4f1c-8b85-04c59026bd09:group-9AA05F632DB0 ConfigurationManager, init=-1: [b377c1db-4e6f-4f1c-8b85-04c59026bd09:192.168.5.147:43305], old=null, confs=<EMPTY_MAP>
2019-07-30 18:56:30,358 INFO  server.RaftServerConfigKeys (ConfUtils.java:logGet(43)) - raft.server.storage.dir = [/workdir/hadoop-ozone/integration-test/target/test-dir/MiniOzoneClusterImpl-4256958d-99f5-467f-9756-b29794d919b3/datanode-0/data/ratis] (custom)
2019-07-30 18:56:30,359 INFO  storage.RaftStorageDirectory (RaftStorageDirectory.java:analyzeStorage(246)) - The storage directory /workdir/hadoop-ozone/integration-test/target/test-dir/MiniOzoneClusterImpl-4256958d-99f5-467f-9756-b29794d919b3/datanode-0/data/ratis/c169ded6-dca5-40fa-b5ad-9aa05f632db0 does not exist. Creating ...
2019-07-30 18:56:30,374 INFO  storage.RaftStorageDirectory (RaftStorageDirectory.java:tryLock(328)) - Lock on /workdir/hadoop-ozone/integration-test/target/test-dir/MiniOzoneClusterImpl-4256958d-99f5-467f-9756-b29794d919b3/datanode-0/data/ratis/c169ded6-dca5-40fa-b5ad-9aa05f632db0/in_use.lock acquired by nodename 24311@byscane-nightly-d7s94-1643579034
2019-07-30 18:56:30,387 INFO  storage.RaftStorage (RaftStorage.java:format(72)) - Storage directory /workdir/hadoop-ozone/integration-test/target/test-dir/MiniOzoneClusterImpl-4256958d-99f5-467f-9756-b29794d919b3/datanode-0/data/ratis/c169ded6-dca5-40fa-b5ad-9aa05f632db0 has been successfully formatted.
2019-07-30 18:56:30,387 INFO  ratis.ContainerStateMachine (ContainerStateMachine.java:loadSnapshot(213)) - group-9AA05F632DB0: The snapshot info is null. Setting the last applied indexto:(t:0, i:~)
2019-07-30 18:56:30,388 INFO  server.RaftServerConfigKeys (ConfUtils.java:logGet(43)) - raft.server.leader.election.timeout = 120s (custom)
2019-07-30 18:56:30,388 INFO  server.RaftServerConfigKeys (ConfUtils.java:logGet(43)) - raft.server.log.use.memory = false (default)
2019-07-30 18:56:30,388 INFO  server.RaftServerConfigKeys (ConfUtils.java:logGet(43)) - raft.server.log.purge.gap = 1000000000 (custom)
2019-07-30 18:56:30,388 INFO  server.RaftServerConfigKeys (ConfUtils.java:logGet(43)) - raft.server.log.appender.buffer.byte-limit = 33554432 (custom)
2019-07-30 18:56:30,389 INFO  server.RaftServerConfigKeys (ConfUtils.java:logGet(43)) - raft.server.log.segment.size.max = 1048576 (custom)
2019-07-30 18:56:30,389 INFO  server.RaftServerConfigKeys (ConfUtils.java:logGet(43)) - raft.server.log.segment.cache.num.max = 2 (custom)
2019-07-30 18:56:30,389 INFO  segmented.SegmentedRaftLogWorker (SegmentedRaftLogWorker.java:<init>(172)) - new b377c1db-4e6f-4f1c-8b85-04c59026bd09-SegmentedRaftLogWorker:Storage Directory /workdir/hadoop-ozone/integration-test/target/test-dir/MiniOzoneClusterImpl-4256958d-99f5-467f-9756-b29794d919b3/datanode-0/data/ratis/c169ded6-dca5-40fa-b5ad-9aa05f632db0 for RaftStorage:Storage Directory /workdir/hadoop-ozone/integration-test/target/test-dir/MiniOzoneClusterImpl-4256958d-99f5-467f-9756-b29794d919b3/datanode-0/data/ratis/c169ded6-dca5-40fa-b5ad-9aa05f632db0
2019-07-30 18:56:30,389 INFO  server.RaftServerConfigKeys (ConfUtils.java:logGet(43)) - raft.server.log.queue.byte-limit = 2147483647 (custom)
2019-07-30 18:56:30,389 INFO  server.RaftServerConfigKeys (ConfUtils.java:logGet(43)) - raft.server.log.queue.element-limit = 1024 (custom)
2019-07-30 18:56:30,390 INFO  server.RaftServerConfigKeys (ConfUtils.java:logGet(43)) - raft.server.log.segment.size.max = 1048576 (custom)
2019-07-30 18:56:30,390 INFO  server.RaftServerConfigKeys (ConfUtils.java:logGet(43)) - raft.server.log.preallocated.size = 16384 (custom)
2019-07-30 18:56:30,390 INFO  server.RaftServerConfigKeys (ConfUtils.java:logGet(43)) - raft.server.log.write.buffer.size = 33554432 (custom)
2019-07-30 18:56:30,390 INFO  server.RaftServerConfigKeys (ConfUtils.java:logGet(43)) - raft.server.log.force.sync.num = 128 (default)
2019-07-30 18:56:30,391 INFO  server.RaftServerConfigKeys (ConfUtils.java:logGet(43)) - raft.server.log.statemachine.data.sync = true (default)
2019-07-30 18:56:30,391 INFO  server.RaftServerConfigKeys (ConfUtils.java:logGet(43)) - raft.server.log.statemachine.data.sync.timeout = 10s (default)
2019-07-30 18:56:30,391 INFO  server.RaftServerConfigKeys (ConfUtils.java:logGet(43)) - raft.server.log.statemachine.data.sync.timeout.retry = -1 (default)
2019-07-30 18:56:30,392 INFO  server.RaftServerConfigKeys (ConfUtils.java:logGet(43)) - raft.server.log.statemachine.data.caching.enabled = true (custom)
2019-07-30 18:56:30,392 INFO  segmented.SegmentedRaftLogWorker (SegmentedRaftLogWorker.java:lambda$new$0(132)) - b377c1db-4e6f-4f1c-8b85-04c59026bd09-SegmentedRaftLogWorker:Storage Directory /workdir/hadoop-ozone/integration-test/target/test-dir/MiniOzoneClusterImpl-4256958d-99f5-467f-9756-b29794d919b3/datanode-0/data/ratis/c169ded6-dca5-40fa-b5ad-9aa05f632db0: flushIndex: setUnconditionally 0 -> -1
2019-07-30 18:56:30,393 INFO  server.RaftServerConfigKeys (ConfUtils.java:logGet(43)) - raft.server.snapshot.auto.trigger.enabled = true (custom)
2019-07-30 18:56:30,393 INFO  server.RaftServerConfigKeys (ConfUtils.java:logGet(43)) - raft.server.snapshot.auto.trigger.threshold = 10000 (custom)
2019-07-30 18:56:30,393 INFO  server.RaftServerConfigKeys (ConfUtils.java:logGet(43)) - raft.server.retrycache.expirytime = 600000ms (custom)
2019-07-30 18:56:30,393 INFO  impl.RaftServerImpl (RaftServerImpl.java:start(180)) - b377c1db-4e6f-4f1c-8b85-04c59026bd09: start group-9AA05F632DB0
2019-07-30 18:56:30,394 INFO  impl.RaftServerImpl (RaftServerImpl.java:setRole(171)) - b377c1db-4e6f-4f1c-8b85-04c59026bd09:group-9AA05F632DB0 changes role from null to FOLLOWER at term 0 for startAsFollower
2019-07-30 18:56:30,394 INFO  impl.RoleInfo (RoleInfo.java:updateAndGet(143)) - b377c1db-4e6f-4f1c-8b85-04c59026bd09: start FollowerState
2019-07-30 18:56:30,394 INFO  util.JmxRegister (JmxRegister.java:tryRegister(44)) - Successfully registered JMX Bean with object name Ratis:service=RaftServer,group=group-9AA05F632DB0,id=b377c1db-4e6f-4f1c-8b85-04c59026bd09
2019-07-30 18:56:30,404 INFO  pipeline.PipelineStateManager (PipelineStateManager.java:addPipeline(56)) - Created pipeline Pipeline[ Id: c169ded6-dca5-40fa-b5ad-9aa05f632db0, Nodes: b377c1db-4e6f-4f1c-8b85-04c59026bd09{ip: 192.168.5.147, host: byscane-nightly-d7s94-1643579034, networkLocation: /default-rack, certSerialId: null}, Type:RATIS, Factor:ONE, State:OPEN]
2019-07-30 18:56:31,329 INFO  ozone.MiniOzoneClusterImpl (MiniOzoneClusterImpl.java:lambda$waitForClusterToBeReady$0(142)) - Cluster is ready. Got 1 of 1 DN Heartbeats.
2019-07-30 18:56:31,518 INFO  pipeline.PipelineStateManager (PipelineStateManager.java:addPipeline(56)) - Created pipeline Pipeline[ Id: 479a7656-e1bc-4f43-8c58-981b6e910a5c, Nodes: b377c1db-4e6f-4f1c-8b85-04c59026bd09{ip: 192.168.5.147, host: byscane-nightly-d7s94-1643579034, networkLocation: /default-rack, certSerialId: null}, Type:STAND_ALONE, Factor:ONE, State:OPEN]
2019-07-30 18:56:31,920 INFO  keyvalue.KeyValueHandler (ContainerUtils.java:logAndReturnError(146)) - Operation: CreateContainer : Trace ID: 7405aca12126f3e4:7405aca12126f3e4:0:0 : Message: Container creation failed, due to disk out of space : Result: DISK_OUT_OF_SPACE
18:56:31.920 [grpc-default-executor-0] ERROR DNAudit - user=null | ip=null | op=WRITE_CHUNK {blockData=conID: 5 locID: 102531923438075923 bcsId: 0} | ret=FAILURE
org.apache.hadoop.hdds.scm.container.common.helpers.StorageContainerException: ContainerID 5 creation failed
	at org.apache.hadoop.ozone.container.common.impl.HddsDispatcher.dispatchRequest(HddsDispatcher.java:227) [hadoop-hdds-container-service-0.4.1-SNAPSHOT.jar:?]
	at org.apache.hadoop.ozone.container.common.impl.HddsDispatcher.dispatch(HddsDispatcher.java:148) [hadoop-hdds-container-service-0.4.1-SNAPSHOT.jar:?]
	at org.apache.hadoop.ozone.container.common.transport.server.GrpcXceiverService$1.onNext(GrpcXceiverService.java:73) [hadoop-hdds-container-service-0.4.1-SNAPSHOT.jar:?]
	at org.apache.hadoop.ozone.container.common.transport.server.GrpcXceiverService$1.onNext(GrpcXceiverService.java:61) [hadoop-hdds-container-service-0.4.1-SNAPSHOT.jar:?]
	at org.apache.ratis.thirdparty.io.grpc.stub.ServerCalls$StreamingServerCallHandler$StreamingServerCallListener.onMessage(ServerCalls.java:248) [ratis-thirdparty-misc-0.2.0.jar:0.2.0]
	at org.apache.ratis.thirdparty.io.grpc.ForwardingServerCallListener.onMessage(ForwardingServerCallListener.java:33) [ratis-thirdparty-misc-0.2.0.jar:0.2.0]
	at org.apache.ratis.thirdparty.io.grpc.Contexts$ContextualizedServerCallListener.onMessage(Contexts.java:76) [ratis-thirdparty-misc-0.2.0.jar:0.2.0]
	at org.apache.ratis.thirdparty.io.grpc.ForwardingServerCallListener.onMessage(ForwardingServerCallListener.java:33) [ratis-thirdparty-misc-0.2.0.jar:0.2.0]
	at org.apache.hadoop.hdds.tracing.GrpcServerInterceptor$1.onMessage(GrpcServerInterceptor.java:46) [hadoop-hdds-common-0.4.1-SNAPSHOT.jar:?]
	at org.apache.ratis.thirdparty.io.grpc.internal.ServerCallImpl$ServerStreamListenerImpl.messagesAvailable(ServerCallImpl.java:263) [ratis-thirdparty-misc-0.2.0.jar:0.2.0]
	at org.apache.ratis.thirdparty.io.grpc.internal.ServerImpl$JumpToApplicationThreadServerStreamListener$1MessagesAvailable.runInContext(ServerImpl.java:686) [ratis-thirdparty-misc-0.2.0.jar:0.2.0]
	at org.apache.ratis.thirdparty.io.grpc.internal.ContextRunnable.run(ContextRunnable.java:37) [ratis-thirdparty-misc-0.2.0.jar:0.2.0]
	at org.apache.ratis.thirdparty.io.grpc.internal.SerializingExecutor.run(SerializingExecutor.java:123) [ratis-thirdparty-misc-0.2.0.jar:0.2.0]
	at java.util.concurrent.ThreadPoolExecutor.runWorker(ThreadPoolExecutor.java:1149) [?:1.8.0_212]
	at java.util.concurrent.ThreadPoolExecutor$Worker.run(ThreadPoolExecutor.java:624) [?:1.8.0_212]
	at java.lang.Thread.run(Thread.java:748) [?:1.8.0_212]
2019-07-30 18:56:31,921 INFO  impl.HddsDispatcher (ContainerUtils.java:logAndReturnError(146)) - Operation: WriteChunk : Trace ID: 7405aca12126f3e4:7405aca12126f3e4:0:0 : Message: ContainerID 5 creation failed : Result: DISK_OUT_OF_SPACE
2019-07-30 18:56:31,924 ERROR storage.BlockOutputStream (BlockOutputStream.java:validateResponse(531)) - Unexpected Storage Container Exception: 
org.apache.hadoop.hdds.scm.container.common.helpers.StorageContainerException: ContainerID 5 creation failed
	at org.apache.hadoop.hdds.scm.storage.ContainerProtocolCalls.validateContainerResponse(ContainerProtocolCalls.java:536)
	at org.apache.hadoop.hdds.scm.storage.BlockOutputStream.validateResponse(BlockOutputStream.java:529)
	at org.apache.hadoop.hdds.scm.storage.BlockOutputStream.lambda$writeChunkToContainer$2(BlockOutputStream.java:606)
	at java.util.concurrent.CompletableFuture.uniApply(CompletableFuture.java:602)
	at java.util.concurrent.CompletableFuture$UniApply.tryFire(CompletableFuture.java:577)
	at java.util.concurrent.CompletableFuture$Completion.run(CompletableFuture.java:442)
	at java.util.concurrent.ThreadPoolExecutor.runWorker(ThreadPoolExecutor.java:1149)
	at java.util.concurrent.ThreadPoolExecutor$Worker.run(ThreadPoolExecutor.java:624)
	at java.lang.Thread.run(Thread.java:748)
18:56:31.926 [grpc-default-executor-0] ERROR DNAudit - user=null | ip=null | op=PUT_BLOCK {blockData=[blockId=conID: 5 locID: 102531923438075923 bcsId: 0,size=5]} | ret=FAILURE
org.apache.hadoop.hdds.scm.container.common.helpers.StorageContainerException: ContainerID 5 does not exist
	at org.apache.hadoop.ozone.container.common.impl.HddsDispatcher.dispatchRequest(HddsDispatcher.java:242) [hadoop-hdds-container-service-0.4.1-SNAPSHOT.jar:?]
	at org.apache.hadoop.ozone.container.common.impl.HddsDispatcher.dispatch(HddsDispatcher.java:148) [hadoop-hdds-container-service-0.4.1-SNAPSHOT.jar:?]
	at org.apache.hadoop.ozone.container.common.transport.server.GrpcXceiverService$1.onNext(GrpcXceiverService.java:73) [hadoop-hdds-container-service-0.4.1-SNAPSHOT.jar:?]
	at org.apache.hadoop.ozone.container.common.transport.server.GrpcXceiverService$1.onNext(GrpcXceiverService.java:61) [hadoop-hdds-container-service-0.4.1-SNAPSHOT.jar:?]
	at org.apache.ratis.thirdparty.io.grpc.stub.ServerCalls$StreamingServerCallHandler$StreamingServerCallListener.onMessage(ServerCalls.java:248) [ratis-thirdparty-misc-0.2.0.jar:0.2.0]
	at org.apache.ratis.thirdparty.io.grpc.ForwardingServerCallListener.onMessage(ForwardingServerCallListener.java:33) [ratis-thirdparty-misc-0.2.0.jar:0.2.0]
	at org.apache.ratis.thirdparty.io.grpc.Contexts$ContextualizedServerCallListener.onMessage(Contexts.java:76) [ratis-thirdparty-misc-0.2.0.jar:0.2.0]
	at org.apache.ratis.thirdparty.io.grpc.ForwardingServerCallListener.onMessage(ForwardingServerCallListener.java:33) [ratis-thirdparty-misc-0.2.0.jar:0.2.0]
	at org.apache.hadoop.hdds.tracing.GrpcServerInterceptor$1.onMessage(GrpcServerInterceptor.java:46) [hadoop-hdds-common-0.4.1-SNAPSHOT.jar:?]
	at org.apache.ratis.thirdparty.io.grpc.internal.ServerCallImpl$ServerStreamListenerImpl.messagesAvailable(ServerCallImpl.java:263) [ratis-thirdparty-misc-0.2.0.jar:0.2.0]
	at org.apache.ratis.thirdparty.io.grpc.internal.ServerImpl$JumpToApplicationThreadServerStreamListener$1MessagesAvailable.runInContext(ServerImpl.java:686) [ratis-thirdparty-misc-0.2.0.jar:0.2.0]
	at org.apache.ratis.thirdparty.io.grpc.internal.ContextRunnable.run(ContextRunnable.java:37) [ratis-thirdparty-misc-0.2.0.jar:0.2.0]
	at org.apache.ratis.thirdparty.io.grpc.internal.SerializingExecutor.run(SerializingExecutor.java:123) [ratis-thirdparty-misc-0.2.0.jar:0.2.0]
	at java.util.concurrent.ThreadPoolExecutor.runWorker(ThreadPoolExecutor.java:1149) [?:1.8.0_212]
	at java.util.concurrent.ThreadPoolExecutor$Worker.run(ThreadPoolExecutor.java:624) [?:1.8.0_212]
	at java.lang.Thread.run(Thread.java:748) [?:1.8.0_212]
2019-07-30 18:56:31,927 INFO  impl.HddsDispatcher (ContainerUtils.java:logAndReturnError(146)) - Operation: PutBlock : Trace ID: 38f57b8b1c586b40:38f57b8b1c586b40:0:0 : Message: ContainerID 5 does not exist : Result: CONTAINER_NOT_FOUND
]]></system-out>
    <system-err><![CDATA[Jul 30, 2019 6:56:26 PM com.sun.jersey.server.impl.application.WebApplicationImpl _initiate
INFO: Initiating Jersey application, version 'Jersey: 1.19 02/11/2015 03:25 AM'
Jul 30, 2019 6:56:31 PM com.sun.jersey.server.impl.application.WebApplicationImpl _initiate
INFO: Initiating Jersey application, version 'Jersey: 1.19 02/11/2015 03:25 AM'
]]></system-err>
  </testcase>
  <testcase name="testSCMReinitialization" classname="org.apache.hadoop.ozone.TestStorageContainerManager" time="11.004"/>
  <testcase name="testCloseContainerCommandOnRestart" classname="org.apache.hadoop.ozone.TestStorageContainerManager" time="6.611">
    <error message="Unexpected Storage Container Exception: org.apache.hadoop.hdds.scm.container.common.helpers.StorageContainerException: ContainerID 5 creation failed" type="java.io.IOException">java.io.IOException: Unexpected Storage Container Exception: org.apache.hadoop.hdds.scm.container.common.helpers.StorageContainerException: ContainerID 5 creation failed
	at org.apache.hadoop.hdds.scm.storage.BlockOutputStream.setIoException(BlockOutputStream.java:541)
	at org.apache.hadoop.hdds.scm.storage.BlockOutputStream.validateResponse(BlockOutputStream.java:532)
	at org.apache.hadoop.hdds.scm.storage.BlockOutputStream.lambda$writeChunkToContainer$2(BlockOutputStream.java:606)
	at java.util.concurrent.CompletableFuture.uniApply(CompletableFuture.java:602)
	at java.util.concurrent.CompletableFuture$UniApply.tryFire(CompletableFuture.java:577)
	at java.util.concurrent.CompletableFuture$Completion.run(CompletableFuture.java:442)
	at java.util.concurrent.ThreadPoolExecutor.runWorker(ThreadPoolExecutor.java:1149)
	at java.util.concurrent.ThreadPoolExecutor$Worker.run(ThreadPoolExecutor.java:624)
	at java.lang.Thread.run(Thread.java:748)
Caused by: org.apache.hadoop.hdds.scm.container.common.helpers.StorageContainerException: ContainerID 5 creation failed
	at org.apache.hadoop.hdds.scm.storage.ContainerProtocolCalls.validateContainerResponse(ContainerProtocolCalls.java:536)
	at org.apache.hadoop.hdds.scm.storage.BlockOutputStream.validateResponse(BlockOutputStream.java:529)
	... 7 more
</error>
    <system-out><![CDATA[2019-07-30 18:56:42,954 WARN  server.ServerUtils (ServerUtils.java:getScmDbDir(145)) - ozone.scm.db.dirs is not configured. We recommend adding this setting. Falling back to ozone.metadata.dirs instead.
2019-07-30 18:56:42,962 WARN  server.ServerUtils (ServerUtils.java:getScmDbDir(145)) - ozone.scm.db.dirs is not configured. We recommend adding this setting. Falling back to ozone.metadata.dirs instead.
2019-07-30 18:56:42,963 WARN  server.ServerUtils (ServerUtils.java:getScmDbDir(145)) - ozone.scm.db.dirs is not configured. We recommend adding this setting. Falling back to ozone.metadata.dirs instead.
2019-07-30 18:56:42,963 INFO  db.DBStoreBuilder (DBStoreBuilder.java:addTable(110)) - using custom profile for table: deletedBlocks
2019-07-30 18:56:42,963 INFO  db.DBStoreBuilder (DBStoreBuilder.java:processTables(161)) - Using default column profile:DBProfile.DISK for Table:deletedBlocks
2019-07-30 18:56:42,964 INFO  db.DBStoreBuilder (DBStoreBuilder.java:addTable(110)) - using custom profile for table: validCerts
2019-07-30 18:56:42,964 INFO  db.DBStoreBuilder (DBStoreBuilder.java:processTables(161)) - Using default column profile:DBProfile.DISK for Table:validCerts
2019-07-30 18:56:42,964 INFO  db.DBStoreBuilder (DBStoreBuilder.java:addTable(110)) - using custom profile for table: revokedCerts
2019-07-30 18:56:42,964 INFO  db.DBStoreBuilder (DBStoreBuilder.java:processTables(161)) - Using default column profile:DBProfile.DISK for Table:revokedCerts
2019-07-30 18:56:42,965 INFO  db.DBStoreBuilder (DBStoreBuilder.java:addTable(110)) - using custom profile for table: default
2019-07-30 18:56:42,965 INFO  db.DBStoreBuilder (DBStoreBuilder.java:processTables(167)) - Using default column profile:DBProfile.DISK for Table:default
2019-07-30 18:56:42,965 INFO  db.DBStoreBuilder (DBStoreBuilder.java:getDbProfile(198)) - Using default options. DBProfile.DISK
2019-07-30 18:56:43,047 INFO  net.NodeSchemaLoader (NodeSchemaLoader.java:loadSchemaFromFile(125)) - Loading file from sun.misc.CompoundEnumeration@339dff47
2019-07-30 18:56:43,047 INFO  net.NodeSchemaLoader (NodeSchemaLoader.java:loadSchema(171)) - Loading network topology layer schema file
2019-07-30 18:56:43,053 INFO  node.SCMNodeManager (SCMNodeManager.java:<init>(121)) - Entering startup safe mode.
2019-07-30 18:56:43,053 WARN  server.ServerUtils (ServerUtils.java:getScmDbDir(145)) - ozone.scm.db.dirs is not configured. We recommend adding this setting. Falling back to ozone.metadata.dirs instead.
2019-07-30 18:56:43,083 INFO  pipeline.SCMPipelineManager (SCMPipelineManager.java:initializePipelineState(126)) - No pipeline exists in current db
2019-07-30 18:56:43,083 WARN  server.ServerUtils (ServerUtils.java:getScmDbDir(145)) - ozone.scm.db.dirs is not configured. We recommend adding this setting. Falling back to ozone.metadata.dirs instead.
2019-07-30 18:56:43,113 WARN  events.EventQueue (EventQueue.java:fireEvent(175)) - No event handler registered for event TypedEvent{payloadType=SafeModeStatus, name='SafeModeStatus'}
2019-07-30 18:56:43,114 INFO  ipc.CallQueueManager (CallQueueManager.java:<init>(84)) - Using callQueue: class java.util.concurrent.LinkedBlockingQueue, queueCapacity: 2000, scheduler: class org.apache.hadoop.ipc.DefaultRpcScheduler, ipcBackoff: false.
2019-07-30 18:56:43,115 INFO  ipc.Server (Server.java:run(1074)) - Starting Socket Reader #1 for port 35156
2019-07-30 18:56:43,118 INFO  ipc.CallQueueManager (CallQueueManager.java:<init>(84)) - Using callQueue: class java.util.concurrent.LinkedBlockingQueue, queueCapacity: 2000, scheduler: class org.apache.hadoop.ipc.DefaultRpcScheduler, ipcBackoff: false.
2019-07-30 18:56:43,119 INFO  ipc.Server (Server.java:run(1074)) - Starting Socket Reader #1 for port 39348
2019-07-30 18:56:43,121 INFO  ipc.CallQueueManager (CallQueueManager.java:<init>(84)) - Using callQueue: class java.util.concurrent.LinkedBlockingQueue, queueCapacity: 2000, scheduler: class org.apache.hadoop.ipc.DefaultRpcScheduler, ipcBackoff: false.
2019-07-30 18:56:43,122 INFO  ipc.Server (Server.java:run(1074)) - Starting Socket Reader #1 for port 46044
2019-07-30 18:56:43,125 INFO  hdfs.DFSUtil (DFSUtil.java:httpServerTemplateForNNAndJN(1641)) - Starting Web-server for scm at: http://0.0.0.0:0
2019-07-30 18:56:43,128 INFO  server.AuthenticationFilter (AuthenticationFilter.java:constructSecretProvider(240)) - Unable to initialize FileSignerSecretProvider, falling back to use random secrets.
2019-07-30 18:56:43,128 WARN  http.HttpRequestLog (HttpRequestLog.java:getRequestLog(97)) - Jetty request log can only be enabled using Log4j
2019-07-30 18:56:43,131 INFO  http.HttpServer2 (HttpServer2.java:addGlobalFilter(975)) - Added global filter 'safety' (class=org.apache.hadoop.http.HttpServer2$QuotingInputFilter)
2019-07-30 18:56:43,132 INFO  http.HttpServer2 (HttpServer2.java:addFilter(948)) - Added filter static_user_filter (class=org.apache.hadoop.http.lib.StaticUserWebFilter$StaticUserFilter) to context scm
2019-07-30 18:56:43,132 INFO  http.HttpServer2 (HttpServer2.java:addFilter(958)) - Added filter static_user_filter (class=org.apache.hadoop.http.lib.StaticUserWebFilter$StaticUserFilter) to context logs
2019-07-30 18:56:43,132 INFO  http.HttpServer2 (HttpServer2.java:addFilter(958)) - Added filter static_user_filter (class=org.apache.hadoop.http.lib.StaticUserWebFilter$StaticUserFilter) to context static
2019-07-30 18:56:43,136 INFO  server.StorageContainerManager (StorageContainerManager.java:start(758)) - StorageContainerLocationProtocol RPC server is listening at /0.0.0.0:46044
2019-07-30 18:56:43,138 WARN  impl.MetricsConfig (MetricsConfig.java:loadFirst(134)) - Cannot locate configuration: tried hadoop-metrics2-storagecontainermanager.properties,hadoop-metrics2.properties
2019-07-30 18:56:43,140 INFO  impl.MetricsSystemImpl (MetricsSystemImpl.java:startTimer(374)) - Scheduled Metric snapshot period at 10 second(s).
2019-07-30 18:56:43,140 INFO  impl.MetricsSystemImpl (MetricsSystemImpl.java:start(191)) - StorageContainerManager metrics system started
2019-07-30 18:56:43,256 INFO  server.SCMClientProtocolServer (SCMClientProtocolServer.java:start(151)) - RPC server for Client  is listening at /0.0.0.0:46044
2019-07-30 18:56:43,257 INFO  ipc.Server (Server.java:run(1314)) - IPC Server Responder: starting
2019-07-30 18:56:43,257 INFO  ipc.Server (Server.java:run(1153)) - IPC Server listener on 46044: starting
2019-07-30 18:56:43,263 INFO  server.StorageContainerManager (StorageContainerManager.java:start(768)) - ScmBlockLocationProtocol RPC server is listening at /0.0.0.0:39348
2019-07-30 18:56:43,263 INFO  server.SCMBlockProtocolServer (SCMBlockProtocolServer.java:start(140)) - RPC server for Block Protocol is listening at /0.0.0.0:39348
2019-07-30 18:56:43,263 INFO  ipc.Server (Server.java:run(1314)) - IPC Server Responder: starting
2019-07-30 18:56:43,264 INFO  ipc.Server (Server.java:run(1153)) - IPC Server listener on 39348: starting
2019-07-30 18:56:43,269 INFO  server.StorageContainerManager (StorageContainerManager.java:start(772)) - ScmDatanodeProtocl RPC server is listening at /0.0.0.0:35156
2019-07-30 18:56:43,269 INFO  server.SCMDatanodeProtocolServer (SCMDatanodeProtocolServer.java:start(191)) - RPC server for DataNodes is listening at /0.0.0.0:35156
2019-07-30 18:56:43,269 INFO  ipc.Server (Server.java:run(1314)) - IPC Server Responder: starting
2019-07-30 18:56:43,271 INFO  ipc.Server (Server.java:run(1153)) - IPC Server listener on 35156: starting
2019-07-30 18:56:43,275 INFO  http.HttpServer2 (HttpServer2.java:bindListener(1191)) - Jetty bound to port 37257
2019-07-30 18:56:43,275 INFO  server.Server (Server.java:doStart(351)) - jetty-9.3.24.v20180605, build timestamp: 2018-06-05T17:11:56Z, git hash: 84205aa28f11a4f31f2a3b86d1bba2cc8ab69827
2019-07-30 18:56:43,278 INFO  handler.ContextHandler (ContextHandler.java:doStart(781)) - Started o.e.j.s.ServletContextHandler@f539f0a{/logs,file:///workdir/hadoop-ozone/integration-test/target/log,AVAILABLE}
2019-07-30 18:56:43,278 INFO  handler.ContextHandler (ContextHandler.java:doStart(781)) - Started o.e.j.s.ServletContextHandler@72fedd72{/static,file:///workdir/hadoop-ozone/integration-test/target/test-classes/webapps/static,AVAILABLE}
2019-07-30 18:56:43,284 INFO  handler.ContextHandler (ContextHandler.java:doStart(781)) - Started o.e.j.w.WebAppContext@7326ae5f{/,file:///workdir/hadoop-ozone/integration-test/target/test-classes/webapps/scm/,AVAILABLE}{/scm}
2019-07-30 18:56:43,286 INFO  server.AbstractConnector (AbstractConnector.java:doStart(278)) - Started ServerConnector@795e345{HTTP/1.1,[http/1.1]}{0.0.0.0:37257}
2019-07-30 18:56:43,286 INFO  server.Server (Server.java:doStart(419)) - Started @35330ms
2019-07-30 18:56:43,287 INFO  server.BaseHttpServer (BaseHttpServer.java:updateConnectorAddress(207)) - HTTP server of SCM is listening at http://0.0.0.0:37257
2019-07-30 18:56:43,289 WARN  server.ServerUtils (ServerUtils.java:getDBPath(222)) - ozone.om.db.dirs is not configured. We recommend adding this setting. Falling back to ozone.metadata.dirs instead.
2019-07-30 18:56:43,289 INFO  util.JvmPauseMonitor (JvmPauseMonitor.java:run(188)) - Starting JVM pause monitor
2019-07-30 18:56:43,293 WARN  server.ServerUtils (ServerUtils.java:getDBPath(222)) - ozone.om.db.dirs is not configured. We recommend adding this setting. Falling back to ozone.metadata.dirs instead.
2019-07-30 18:56:43,293 WARN  server.ServerUtils (ServerUtils.java:getDBPath(222)) - ozone.om.db.dirs is not configured. We recommend adding this setting. Falling back to ozone.metadata.dirs instead.
2019-07-30 18:56:43,294 INFO  om.OzoneManager (OzoneManager.java:setOMNodeDetails(644)) - OM Service ID is not set. Setting it to the default ID: omServiceIdDefault
2019-07-30 18:56:43,294 INFO  om.OzoneManager (OzoneManager.java:setOMNodeDetails(650)) - OM Node ID is not set. Setting it to the OmStorage's OmID: 9d6c7dde-1128-42ec-8003-dd74002a8e1a
2019-07-30 18:56:43,294 INFO  om.OzoneManager (OzoneManager.java:loadOMHAConfigs(601)) - Found matching OM address with OMServiceId: null, OMNodeId: null, RPC Address: localhost:0 and Ratis port: 9872
2019-07-30 18:56:43,302 WARN  server.ServerUtils (ServerUtils.java:getDBPath(222)) - ozone.om.db.dirs is not configured. We recommend adding this setting. Falling back to ozone.metadata.dirs instead.
2019-07-30 18:56:43,303 INFO  db.DBStoreBuilder (DBStoreBuilder.java:addTable(110)) - using custom profile for table: userTable
2019-07-30 18:56:43,303 INFO  db.DBStoreBuilder (DBStoreBuilder.java:processTables(161)) - Using default column profile:DBProfile.DISK for Table:userTable
2019-07-30 18:56:43,303 INFO  db.DBStoreBuilder (DBStoreBuilder.java:addTable(110)) - using custom profile for table: volumeTable
2019-07-30 18:56:43,303 INFO  db.DBStoreBuilder (DBStoreBuilder.java:processTables(161)) - Using default column profile:DBProfile.DISK for Table:volumeTable
2019-07-30 18:56:43,304 INFO  db.DBStoreBuilder (DBStoreBuilder.java:addTable(110)) - using custom profile for table: bucketTable
2019-07-30 18:56:43,304 INFO  db.DBStoreBuilder (DBStoreBuilder.java:processTables(161)) - Using default column profile:DBProfile.DISK for Table:bucketTable
2019-07-30 18:56:43,304 INFO  db.DBStoreBuilder (DBStoreBuilder.java:addTable(110)) - using custom profile for table: keyTable
2019-07-30 18:56:43,304 INFO  db.DBStoreBuilder (DBStoreBuilder.java:processTables(161)) - Using default column profile:DBProfile.DISK for Table:keyTable
2019-07-30 18:56:43,304 INFO  db.DBStoreBuilder (DBStoreBuilder.java:addTable(110)) - using custom profile for table: deletedTable
2019-07-30 18:56:43,305 INFO  db.DBStoreBuilder (DBStoreBuilder.java:processTables(161)) - Using default column profile:DBProfile.DISK for Table:deletedTable
2019-07-30 18:56:43,305 INFO  db.DBStoreBuilder (DBStoreBuilder.java:addTable(110)) - using custom profile for table: openKeyTable
2019-07-30 18:56:43,305 INFO  db.DBStoreBuilder (DBStoreBuilder.java:processTables(161)) - Using default column profile:DBProfile.DISK for Table:openKeyTable
2019-07-30 18:56:43,305 INFO  db.DBStoreBuilder (DBStoreBuilder.java:addTable(110)) - using custom profile for table: s3Table
2019-07-30 18:56:43,305 INFO  db.DBStoreBuilder (DBStoreBuilder.java:processTables(161)) - Using default column profile:DBProfile.DISK for Table:s3Table
2019-07-30 18:56:43,305 INFO  db.DBStoreBuilder (DBStoreBuilder.java:addTable(110)) - using custom profile for table: multipartInfoTable
2019-07-30 18:56:43,306 INFO  db.DBStoreBuilder (DBStoreBuilder.java:processTables(161)) - Using default column profile:DBProfile.DISK for Table:multipartInfoTable
2019-07-30 18:56:43,306 INFO  db.DBStoreBuilder (DBStoreBuilder.java:addTable(110)) - using custom profile for table: dTokenTable
2019-07-30 18:56:43,306 INFO  db.DBStoreBuilder (DBStoreBuilder.java:processTables(161)) - Using default column profile:DBProfile.DISK for Table:dTokenTable
2019-07-30 18:56:43,306 INFO  db.DBStoreBuilder (DBStoreBuilder.java:addTable(110)) - using custom profile for table: s3SecretTable
2019-07-30 18:56:43,306 INFO  db.DBStoreBuilder (DBStoreBuilder.java:processTables(161)) - Using default column profile:DBProfile.DISK for Table:s3SecretTable
2019-07-30 18:56:43,307 INFO  db.DBStoreBuilder (DBStoreBuilder.java:addTable(110)) - using custom profile for table: prefixTable
2019-07-30 18:56:43,307 INFO  db.DBStoreBuilder (DBStoreBuilder.java:processTables(161)) - Using default column profile:DBProfile.DISK for Table:prefixTable
2019-07-30 18:56:43,307 INFO  db.DBStoreBuilder (DBStoreBuilder.java:addTable(110)) - using custom profile for table: default
2019-07-30 18:56:43,307 INFO  db.DBStoreBuilder (DBStoreBuilder.java:processTables(167)) - Using default column profile:DBProfile.DISK for Table:default
2019-07-30 18:56:43,307 INFO  db.DBStoreBuilder (DBStoreBuilder.java:getDbProfile(198)) - Using default options. DBProfile.DISK
2019-07-30 18:56:43,641 INFO  ipc.CallQueueManager (CallQueueManager.java:<init>(84)) - Using callQueue: class java.util.concurrent.LinkedBlockingQueue, queueCapacity: 2000, scheduler: class org.apache.hadoop.ipc.DefaultRpcScheduler, ipcBackoff: false.
2019-07-30 18:56:43,642 INFO  ipc.Server (Server.java:run(1074)) - Starting Socket Reader #1 for port 39067
2019-07-30 18:56:43,658 INFO  om.OzoneManager (OzoneManager.java:start(1255)) - OzoneManager RPC server is listening at localhost/127.0.0.1:39067
2019-07-30 18:56:43,658 INFO  impl.MetricsSystemImpl (MetricsSystemImpl.java:init(158)) - OzoneManager metrics system started (again)
2019-07-30 18:56:43,659 INFO  ipc.Server (Server.java:run(1314)) - IPC Server Responder: starting
2019-07-30 18:56:43,659 INFO  ipc.Server (Server.java:run(1153)) - IPC Server listener on 39067: starting
2019-07-30 18:56:43,664 INFO  hdfs.DFSUtil (DFSUtil.java:httpServerTemplateForNNAndJN(1641)) - Starting Web-server for ozoneManager at: http://0.0.0.0:0
2019-07-30 18:56:43,666 INFO  server.AuthenticationFilter (AuthenticationFilter.java:constructSecretProvider(240)) - Unable to initialize FileSignerSecretProvider, falling back to use random secrets.
2019-07-30 18:56:43,667 WARN  http.HttpRequestLog (HttpRequestLog.java:getRequestLog(97)) - Jetty request log can only be enabled using Log4j
2019-07-30 18:56:43,669 INFO  http.HttpServer2 (HttpServer2.java:addGlobalFilter(975)) - Added global filter 'safety' (class=org.apache.hadoop.http.HttpServer2$QuotingInputFilter)
2019-07-30 18:56:43,670 INFO  http.HttpServer2 (HttpServer2.java:addFilter(948)) - Added filter static_user_filter (class=org.apache.hadoop.http.lib.StaticUserWebFilter$StaticUserFilter) to context ozoneManager
2019-07-30 18:56:43,670 INFO  http.HttpServer2 (HttpServer2.java:addFilter(958)) - Added filter static_user_filter (class=org.apache.hadoop.http.lib.StaticUserWebFilter$StaticUserFilter) to context logs
2019-07-30 18:56:43,670 INFO  http.HttpServer2 (HttpServer2.java:addFilter(958)) - Added filter static_user_filter (class=org.apache.hadoop.http.lib.StaticUserWebFilter$StaticUserFilter) to context static
2019-07-30 18:56:43,671 INFO  http.HttpServer2 (HttpServer2.java:bindListener(1191)) - Jetty bound to port 38995
2019-07-30 18:56:43,672 INFO  server.Server (Server.java:doStart(351)) - jetty-9.3.24.v20180605, build timestamp: 2018-06-05T17:11:56Z, git hash: 84205aa28f11a4f31f2a3b86d1bba2cc8ab69827
2019-07-30 18:56:43,674 INFO  handler.ContextHandler (ContextHandler.java:doStart(781)) - Started o.e.j.s.ServletContextHandler@2dfbd4a1{/logs,file:///workdir/hadoop-ozone/integration-test/target/log,AVAILABLE}
2019-07-30 18:56:43,675 INFO  handler.ContextHandler (ContextHandler.java:doStart(781)) - Started o.e.j.s.ServletContextHandler@67c83643{/static,file:///workdir/hadoop-ozone/integration-test/target/test-classes/webapps/static,AVAILABLE}
2019-07-30 18:56:43,681 INFO  handler.ContextHandler (ContextHandler.java:doStart(781)) - Started o.e.j.w.WebAppContext@79ae3761{/,file:///workdir/hadoop-ozone/integration-test/target/test-classes/webapps/ozoneManager/,AVAILABLE}{/ozoneManager}
2019-07-30 18:56:43,681 INFO  server.AbstractConnector (AbstractConnector.java:doStart(278)) - Started ServerConnector@78459fc6{HTTP/1.1,[http/1.1]}{0.0.0.0:38995}
2019-07-30 18:56:43,683 INFO  server.Server (Server.java:doStart(419)) - Started @35727ms
2019-07-30 18:56:43,683 INFO  server.BaseHttpServer (BaseHttpServer.java:updateConnectorAddress(207)) - HTTP server of OZONEMANAGER is listening at http://0.0.0.0:38995
2019-07-30 18:56:43,688 INFO  impl.MetricsSystemImpl (MetricsSystemImpl.java:init(158)) - HddsDatanode metrics system started (again)
2019-07-30 18:56:43,693 INFO  ozone.HddsDatanodeService (HddsDatanodeService.java:start(184)) - HddsDatanodeService host:byscane-nightly-d7s94-1643579034 ip:192.168.5.147
2019-07-30 18:56:43,703 INFO  volume.HddsVolume (HddsVolume.java:<init>(176)) - Creating Volume: /workdir/hadoop-ozone/integration-test/target/test-dir/MiniOzoneClusterImpl-04cfc99d-efd0-43ee-af73-7ae9d0f397c2/datanode-0/data/containers/hdds of  storage type : DISK and capacity : 52710309888
2019-07-30 18:56:43,704 INFO  volume.VolumeSet (VolumeSet.java:initializeVolumeSet(170)) - Added Volume : /workdir/hadoop-ozone/integration-test/target/test-dir/MiniOzoneClusterImpl-04cfc99d-efd0-43ee-af73-7ae9d0f397c2/datanode-0/data/containers/hdds to VolumeSet
2019-07-30 18:56:43,704 INFO  volume.ThrottledAsyncChecker (ThrottledAsyncChecker.java:schedule(140)) - Scheduling a check for org.apache.hadoop.ozone.container.common.volume.HddsVolume@3c7faaa
2019-07-30 18:56:43,705 INFO  volume.HddsVolumeChecker (HddsVolumeChecker.java:checkAllVolumes(203)) - Scheduled health check for volume org.apache.hadoop.ozone.container.common.volume.HddsVolume@3c7faaa
2019-07-30 18:56:43,726 INFO  impl.RaftServerProxy (ConfUtils.java:logGet(43)) - raft.rpc.type = GRPC (default)
2019-07-30 18:56:43,726 INFO  grpc.GrpcFactory (GrpcFactory.java:checkPooledByteBufAllocatorUseCacheForAllThreads(45)) - PERFORMANCE WARNING: useCacheForAllThreads is true that may cause Netty to create a lot garbage objects and, as a result, trigger GC.
	It is recommended to disable useCacheForAllThreads by setting -Dorg.apache.ratis.thirdparty.io.netty.allocator.useCacheForAllThreads=false in command line.
2019-07-30 18:56:43,726 INFO  grpc.GrpcConfigKeys$Server (ConfUtils.java:logGet(43)) - raft.grpc.server.port = 0 (default)
2019-07-30 18:56:43,727 INFO  server.GrpcService (ConfUtils.java:logGet(43)) - raft.grpc.message.size.max = 33570816 (custom)
2019-07-30 18:56:43,727 INFO  server.RaftServerConfigKeys (ConfUtils.java:logGet(43)) - raft.server.log.appender.buffer.byte-limit = 33554432 (custom)
2019-07-30 18:56:43,727 INFO  server.GrpcService (ConfUtils.java:logGet(43)) - raft.grpc.flow.control.window = 1MB (=1048576) (default)
2019-07-30 18:56:43,727 INFO  server.RaftServerConfigKeys (ConfUtils.java:logGet(43)) - raft.server.rpc.request.timeout = 3000ms (default)
2019-07-30 18:56:43,728 INFO  server.RaftServerConfigKeys (ConfUtils.java:logGet(43)) - raft.server.storage.dir = [/workdir/hadoop-ozone/integration-test/target/test-dir/MiniOzoneClusterImpl-04cfc99d-efd0-43ee-af73-7ae9d0f397c2/datanode-0/data/ratis] (custom)
2019-07-30 18:56:43,729 INFO  replication.SimpleContainerDownloader (SimpleContainerDownloader.java:<init>(72)) - Starting container downloader service to copy containers to replicate.
2019-07-30 18:56:43,730 INFO  hdfs.DFSUtil (DFSUtil.java:httpServerTemplateForNNAndJN(1641)) - Starting Web-server for hddsDatanode at: http://0.0.0.0:0
2019-07-30 18:56:43,731 INFO  server.AuthenticationFilter (AuthenticationFilter.java:constructSecretProvider(240)) - Unable to initialize FileSignerSecretProvider, falling back to use random secrets.
2019-07-30 18:56:43,732 WARN  http.HttpRequestLog (HttpRequestLog.java:getRequestLog(97)) - Jetty request log can only be enabled using Log4j
2019-07-30 18:56:43,734 INFO  http.HttpServer2 (HttpServer2.java:addGlobalFilter(975)) - Added global filter 'safety' (class=org.apache.hadoop.http.HttpServer2$QuotingInputFilter)
2019-07-30 18:56:43,734 INFO  http.HttpServer2 (HttpServer2.java:addFilter(948)) - Added filter static_user_filter (class=org.apache.hadoop.http.lib.StaticUserWebFilter$StaticUserFilter) to context hddsDatanode
2019-07-30 18:56:43,734 INFO  http.HttpServer2 (HttpServer2.java:addFilter(958)) - Added filter static_user_filter (class=org.apache.hadoop.http.lib.StaticUserWebFilter$StaticUserFilter) to context logs
2019-07-30 18:56:43,735 INFO  http.HttpServer2 (HttpServer2.java:addFilter(958)) - Added filter static_user_filter (class=org.apache.hadoop.http.lib.StaticUserWebFilter$StaticUserFilter) to context static
2019-07-30 18:56:43,735 INFO  http.HttpServer2 (HttpServer2.java:bindListener(1191)) - Jetty bound to port 33786
2019-07-30 18:56:43,736 INFO  server.Server (Server.java:doStart(351)) - jetty-9.3.24.v20180605, build timestamp: 2018-06-05T17:11:56Z, git hash: 84205aa28f11a4f31f2a3b86d1bba2cc8ab69827
2019-07-30 18:56:43,738 INFO  handler.ContextHandler (ContextHandler.java:doStart(781)) - Started o.e.j.s.ServletContextHandler@713bb295{/logs,file:///workdir/hadoop-ozone/integration-test/target/log,AVAILABLE}
2019-07-30 18:56:43,738 INFO  handler.ContextHandler (ContextHandler.java:doStart(781)) - Started o.e.j.s.ServletContextHandler@64727f1d{/static,jar:file:/home/user/.m2/repository/org/apache/hadoop/hadoop-hdds-container-service/0.4.1-SNAPSHOT/hadoop-hdds-container-service-0.4.1-SNAPSHOT.jar!/webapps/static,AVAILABLE}
2019-07-30 18:56:43,773 INFO  handler.ContextHandler (ContextHandler.java:doStart(781)) - Started o.e.j.w.WebAppContext@30c84a15{/,file:///tmp/jetty-0.0.0.0-33786-hddsDatanode-_-any-5895281569489890798.dir/webapp/,AVAILABLE}{/hddsDatanode}
2019-07-30 18:56:43,773 INFO  server.AbstractConnector (AbstractConnector.java:doStart(278)) - Started ServerConnector@5c39a787{HTTP/1.1,[http/1.1]}{0.0.0.0:33786}
2019-07-30 18:56:43,775 INFO  server.Server (Server.java:doStart(419)) - Started @35819ms
2019-07-30 18:56:43,775 INFO  server.BaseHttpServer (BaseHttpServer.java:updateConnectorAddress(207)) - HTTP server of HDDSDATANODE is listening at http://0.0.0.0:33786
2019-07-30 18:56:43,925 INFO  ozone.HddsDatanodeService (HddsDatanodeService.java:startPlugins(395)) - Started plug-in org.apache.hadoop.ozone.web.OzoneHddsDatanodeService@68ca1ae
2019-07-30 18:56:43,926 INFO  ozone.MiniOzoneClusterImpl (MiniOzoneClusterImpl.java:lambda$waitForClusterToBeReady$0(142)) - Waiting for cluster to be ready. Got 0 of 1 DN Heartbeats.
2019-07-30 18:56:43,929 INFO  util.JvmPauseMonitor (JvmPauseMonitor.java:run(188)) - Starting JVM pause monitor
2019-07-30 18:56:43,932 INFO  datanode.InitDatanodeState (InitDatanodeState.java:persistContainerDatanodeDetails(140)) - DatanodeDetails is persisted to /workdir/hadoop-ozone/integration-test/target/test-dir/MiniOzoneClusterImpl-04cfc99d-efd0-43ee-af73-7ae9d0f397c2/datanode-0/meta/datanode.id
2019-07-30 18:56:44,926 INFO  ozone.MiniOzoneClusterImpl (MiniOzoneClusterImpl.java:lambda$waitForClusterToBeReady$0(142)) - Waiting for cluster to be ready. Got 0 of 1 DN Heartbeats.
2019-07-30 18:56:45,926 INFO  ozone.MiniOzoneClusterImpl (MiniOzoneClusterImpl.java:lambda$waitForClusterToBeReady$0(142)) - Waiting for cluster to be ready. Got 0 of 1 DN Heartbeats.
2019-07-30 18:56:45,940 INFO  ozoneimpl.OzoneContainer (OzoneContainer.java:start(186)) - Attempting to start container services.
2019-07-30 18:56:45,942 INFO  ozoneimpl.OzoneContainer (OzoneContainer.java:startContainerScrub(160)) - Background container scrubber has been disabled by hdds.containerscrub.enabled
2019-07-30 18:56:45,943 INFO  ratis.XceiverServerRatis (XceiverServerRatis.java:start(404)) - Starting XceiverServerRatis b51570fe-391b-4c17-ac73-60473fb84d54 at port 0
2019-07-30 18:56:45,954 INFO  impl.RaftServerProxy (RaftServerProxy.java:lambda$start$3(299)) - b51570fe-391b-4c17-ac73-60473fb84d54: start RPC server
2019-07-30 18:56:45,957 INFO  server.GrpcService (GrpcService.java:startImpl(149)) - b51570fe-391b-4c17-ac73-60473fb84d54: GrpcService started, listening on 0.0.0.0/0.0.0.0:36781
2019-07-30 18:56:45,957 INFO  ratis.XceiverServerRatis (XceiverServerRatis.java:start(414)) - XceiverServerRatis b51570fe-391b-4c17-ac73-60473fb84d54 is started using port 36781
2019-07-30 18:56:45,959 INFO  server.XceiverServerGrpc (XceiverServerGrpc.java:start(161)) - XceiverServerGrpc b51570fe-391b-4c17-ac73-60473fb84d54 is started using port 45095
2019-07-30 18:56:46,927 INFO  ozone.MiniOzoneClusterImpl (MiniOzoneClusterImpl.java:lambda$waitForClusterToBeReady$0(142)) - Waiting for cluster to be ready. Got 0 of 1 DN Heartbeats.
2019-07-30 18:56:47,927 INFO  ozone.MiniOzoneClusterImpl (MiniOzoneClusterImpl.java:lambda$waitForClusterToBeReady$0(142)) - Waiting for cluster to be ready. Got 0 of 1 DN Heartbeats.
2019-07-30 18:56:47,933 INFO  net.NetworkTopology (NetworkTopologyImpl.java:add(110)) - Added a new node: /default-rack/b51570fe-391b-4c17-ac73-60473fb84d54
2019-07-30 18:56:47,935 INFO  node.SCMNodeManager (SCMNodeManager.java:register(273)) - Registered Data node : b51570fe-391b-4c17-ac73-60473fb84d54{ip: 192.168.5.147, host: byscane-nightly-d7s94-1643579034, networkLocation: /default-rack, certSerialId: null}
2019-07-30 18:56:47,939 INFO  safemode.SCMSafeModeManager (DataNodeSafeModeRule.java:process(71)) - SCM in safe mode. 1 DataNodes registered, 1 required.
2019-07-30 18:56:47,941 INFO  safemode.SCMSafeModeManager (SCMSafeModeManager.java:validateSafeModeExitRules(177)) - ScmSafeModeManager, all rules are successfully validated
2019-07-30 18:56:47,941 INFO  safemode.SCMSafeModeManager (SCMSafeModeManager.java:exitSafeMode(193)) - SCM exiting safe mode.
2019-07-30 18:56:47,963 INFO  impl.RaftServerProxy (RaftServerProxy.java:addNew(89)) - b51570fe-391b-4c17-ac73-60473fb84d54: addNew group-D710A801B6D1:[b51570fe-391b-4c17-ac73-60473fb84d54:192.168.5.147:36781] returns group-D710A801B6D1:java.util.concurrent.CompletableFuture@73857bae[Not completed]
2019-07-30 18:56:47,965 INFO  impl.RaftServerImpl (RaftServerImpl.java:<init>(93)) - b51570fe-391b-4c17-ac73-60473fb84d54: new RaftServerImpl for group-D710A801B6D1:[b51570fe-391b-4c17-ac73-60473fb84d54:192.168.5.147:36781] with ContainerStateMachine:uninitialized
2019-07-30 18:56:47,967 INFO  server.RaftServerConfigKeys (ConfUtils.java:logGet(43)) - raft.server.rpc.timeout.min = 5s (custom)
2019-07-30 18:56:47,967 INFO  server.RaftServerConfigKeys (ConfUtils.java:logGet(43)) - raft.server.rpc.timeout.max = 5200ms (custom)
2019-07-30 18:56:47,967 INFO  server.RaftServerConfigKeys (ConfUtils.java:logGet(43)) - raft.server.rpcslowness.timeout = 120s (custom)
2019-07-30 18:56:47,967 INFO  server.RaftServerConfigKeys (ConfUtils.java:logGet(43)) - raft.server.sleep.deviation.threshold = 300 (default)
2019-07-30 18:56:47,968 INFO  server.RaftServerConfigKeys (ConfUtils.java:logGet(43)) - raft.server.log.appender.install.snapshot.enabled = false (custom)
2019-07-30 18:56:47,968 INFO  impl.RaftServerImpl (ServerState.java:<init>(105)) - b51570fe-391b-4c17-ac73-60473fb84d54:group-D710A801B6D1 ConfigurationManager, init=-1: [b51570fe-391b-4c17-ac73-60473fb84d54:192.168.5.147:36781], old=null, confs=<EMPTY_MAP>
2019-07-30 18:56:47,968 INFO  server.RaftServerConfigKeys (ConfUtils.java:logGet(43)) - raft.server.storage.dir = [/workdir/hadoop-ozone/integration-test/target/test-dir/MiniOzoneClusterImpl-04cfc99d-efd0-43ee-af73-7ae9d0f397c2/datanode-0/data/ratis] (custom)
2019-07-30 18:56:47,968 INFO  storage.RaftStorageDirectory (RaftStorageDirectory.java:analyzeStorage(246)) - The storage directory /workdir/hadoop-ozone/integration-test/target/test-dir/MiniOzoneClusterImpl-04cfc99d-efd0-43ee-af73-7ae9d0f397c2/datanode-0/data/ratis/753a83e1-1e04-46bf-ab36-d710a801b6d1 does not exist. Creating ...
2019-07-30 18:56:47,975 INFO  storage.RaftStorageDirectory (RaftStorageDirectory.java:tryLock(328)) - Lock on /workdir/hadoop-ozone/integration-test/target/test-dir/MiniOzoneClusterImpl-04cfc99d-efd0-43ee-af73-7ae9d0f397c2/datanode-0/data/ratis/753a83e1-1e04-46bf-ab36-d710a801b6d1/in_use.lock acquired by nodename 24311@byscane-nightly-d7s94-1643579034
2019-07-30 18:56:47,978 INFO  storage.RaftStorage (RaftStorage.java:format(72)) - Storage directory /workdir/hadoop-ozone/integration-test/target/test-dir/MiniOzoneClusterImpl-04cfc99d-efd0-43ee-af73-7ae9d0f397c2/datanode-0/data/ratis/753a83e1-1e04-46bf-ab36-d710a801b6d1 has been successfully formatted.
2019-07-30 18:56:47,978 INFO  ratis.ContainerStateMachine (ContainerStateMachine.java:loadSnapshot(213)) - group-D710A801B6D1: The snapshot info is null. Setting the last applied indexto:(t:0, i:~)
2019-07-30 18:56:47,978 INFO  server.RaftServerConfigKeys (ConfUtils.java:logGet(43)) - raft.server.leader.election.timeout = 120s (custom)
2019-07-30 18:56:47,979 INFO  server.RaftServerConfigKeys (ConfUtils.java:logGet(43)) - raft.server.log.use.memory = false (default)
2019-07-30 18:56:47,979 INFO  server.RaftServerConfigKeys (ConfUtils.java:logGet(43)) - raft.server.log.purge.gap = 1000000000 (custom)
2019-07-30 18:56:47,979 INFO  server.RaftServerConfigKeys (ConfUtils.java:logGet(43)) - raft.server.log.appender.buffer.byte-limit = 33554432 (custom)
2019-07-30 18:56:47,979 INFO  server.RaftServerConfigKeys (ConfUtils.java:logGet(43)) - raft.server.log.segment.size.max = 1048576 (custom)
2019-07-30 18:56:47,979 INFO  server.RaftServerConfigKeys (ConfUtils.java:logGet(43)) - raft.server.log.segment.cache.num.max = 2 (custom)
2019-07-30 18:56:47,980 INFO  segmented.SegmentedRaftLogWorker (SegmentedRaftLogWorker.java:<init>(172)) - new b51570fe-391b-4c17-ac73-60473fb84d54-SegmentedRaftLogWorker:Storage Directory /workdir/hadoop-ozone/integration-test/target/test-dir/MiniOzoneClusterImpl-04cfc99d-efd0-43ee-af73-7ae9d0f397c2/datanode-0/data/ratis/753a83e1-1e04-46bf-ab36-d710a801b6d1 for RaftStorage:Storage Directory /workdir/hadoop-ozone/integration-test/target/test-dir/MiniOzoneClusterImpl-04cfc99d-efd0-43ee-af73-7ae9d0f397c2/datanode-0/data/ratis/753a83e1-1e04-46bf-ab36-d710a801b6d1
2019-07-30 18:56:47,980 INFO  server.RaftServerConfigKeys (ConfUtils.java:logGet(43)) - raft.server.log.queue.byte-limit = 2147483647 (custom)
2019-07-30 18:56:47,980 INFO  server.RaftServerConfigKeys (ConfUtils.java:logGet(43)) - raft.server.log.queue.element-limit = 1024 (custom)
2019-07-30 18:56:47,980 INFO  server.RaftServerConfigKeys (ConfUtils.java:logGet(43)) - raft.server.log.segment.size.max = 1048576 (custom)
2019-07-30 18:56:47,981 INFO  server.RaftServerConfigKeys (ConfUtils.java:logGet(43)) - raft.server.log.preallocated.size = 16384 (custom)
2019-07-30 18:56:47,981 INFO  server.RaftServerConfigKeys (ConfUtils.java:logGet(43)) - raft.server.log.write.buffer.size = 33554432 (custom)
2019-07-30 18:56:47,981 INFO  server.RaftServerConfigKeys (ConfUtils.java:logGet(43)) - raft.server.log.force.sync.num = 128 (default)
2019-07-30 18:56:47,981 INFO  server.RaftServerConfigKeys (ConfUtils.java:logGet(43)) - raft.server.log.statemachine.data.sync = true (default)
2019-07-30 18:56:47,981 INFO  server.RaftServerConfigKeys (ConfUtils.java:logGet(43)) - raft.server.log.statemachine.data.sync.timeout = 10s (default)
2019-07-30 18:56:47,981 INFO  server.RaftServerConfigKeys (ConfUtils.java:logGet(43)) - raft.server.log.statemachine.data.sync.timeout.retry = -1 (default)
2019-07-30 18:56:47,982 INFO  server.RaftServerConfigKeys (ConfUtils.java:logGet(43)) - raft.server.log.statemachine.data.caching.enabled = true (custom)
2019-07-30 18:56:47,982 INFO  segmented.SegmentedRaftLogWorker (SegmentedRaftLogWorker.java:lambda$new$0(132)) - b51570fe-391b-4c17-ac73-60473fb84d54-SegmentedRaftLogWorker:Storage Directory /workdir/hadoop-ozone/integration-test/target/test-dir/MiniOzoneClusterImpl-04cfc99d-efd0-43ee-af73-7ae9d0f397c2/datanode-0/data/ratis/753a83e1-1e04-46bf-ab36-d710a801b6d1: flushIndex: setUnconditionally 0 -> -1
2019-07-30 18:56:47,983 INFO  server.RaftServerConfigKeys (ConfUtils.java:logGet(43)) - raft.server.snapshot.auto.trigger.enabled = true (custom)
2019-07-30 18:56:47,983 INFO  server.RaftServerConfigKeys (ConfUtils.java:logGet(43)) - raft.server.snapshot.auto.trigger.threshold = 10000 (custom)
2019-07-30 18:56:47,983 INFO  server.RaftServerConfigKeys (ConfUtils.java:logGet(43)) - raft.server.retrycache.expirytime = 600000ms (custom)
2019-07-30 18:56:47,983 INFO  impl.RaftServerImpl (RaftServerImpl.java:start(180)) - b51570fe-391b-4c17-ac73-60473fb84d54: start group-D710A801B6D1
2019-07-30 18:56:47,983 INFO  impl.RaftServerImpl (RaftServerImpl.java:setRole(171)) - b51570fe-391b-4c17-ac73-60473fb84d54:group-D710A801B6D1 changes role from null to FOLLOWER at term 0 for startAsFollower
2019-07-30 18:56:47,984 INFO  impl.RoleInfo (RoleInfo.java:updateAndGet(143)) - b51570fe-391b-4c17-ac73-60473fb84d54: start FollowerState
2019-07-30 18:56:47,984 INFO  util.JmxRegister (JmxRegister.java:tryRegister(44)) - Successfully registered JMX Bean with object name Ratis:service=RaftServer,group=group-D710A801B6D1,id=b51570fe-391b-4c17-ac73-60473fb84d54
2019-07-30 18:56:47,993 INFO  pipeline.PipelineStateManager (PipelineStateManager.java:addPipeline(56)) - Created pipeline Pipeline[ Id: 753a83e1-1e04-46bf-ab36-d710a801b6d1, Nodes: b51570fe-391b-4c17-ac73-60473fb84d54{ip: 192.168.5.147, host: byscane-nightly-d7s94-1643579034, networkLocation: /default-rack, certSerialId: null}, Type:RATIS, Factor:ONE, State:OPEN]
2019-07-30 18:56:48,928 INFO  ozone.MiniOzoneClusterImpl (MiniOzoneClusterImpl.java:lambda$waitForClusterToBeReady$0(142)) - Cluster is ready. Got 1 of 1 DN Heartbeats.
2019-07-30 18:56:49,185 INFO  pipeline.PipelineStateManager (PipelineStateManager.java:addPipeline(56)) - Created pipeline Pipeline[ Id: 3f180368-4e21-44df-baa1-30116b5f6d7c, Nodes: b51570fe-391b-4c17-ac73-60473fb84d54{ip: 192.168.5.147, host: byscane-nightly-d7s94-1643579034, networkLocation: /default-rack, certSerialId: null}, Type:STAND_ALONE, Factor:ONE, State:OPEN]
2019-07-30 18:56:49,530 INFO  keyvalue.KeyValueHandler (ContainerUtils.java:logAndReturnError(146)) - Operation: CreateContainer : Trace ID: 99fd8101e533c5c7:99fd8101e533c5c7:0:0 : Message: Container creation failed, due to disk out of space : Result: DISK_OUT_OF_SPACE
18:56:49.533 [grpc-default-executor-1] ERROR DNAudit - user=null | ip=null | op=WRITE_CHUNK {blockData=conID: 5 locID: 102531924592164893 bcsId: 0} | ret=FAILURE
org.apache.hadoop.hdds.scm.container.common.helpers.StorageContainerException: ContainerID 5 creation failed
	at org.apache.hadoop.ozone.container.common.impl.HddsDispatcher.dispatchRequest(HddsDispatcher.java:227) [hadoop-hdds-container-service-0.4.1-SNAPSHOT.jar:?]
	at org.apache.hadoop.ozone.container.common.impl.HddsDispatcher.dispatch(HddsDispatcher.java:148) [hadoop-hdds-container-service-0.4.1-SNAPSHOT.jar:?]
	at org.apache.hadoop.ozone.container.common.transport.server.GrpcXceiverService$1.onNext(GrpcXceiverService.java:73) [hadoop-hdds-container-service-0.4.1-SNAPSHOT.jar:?]
	at org.apache.hadoop.ozone.container.common.transport.server.GrpcXceiverService$1.onNext(GrpcXceiverService.java:61) [hadoop-hdds-container-service-0.4.1-SNAPSHOT.jar:?]
	at org.apache.ratis.thirdparty.io.grpc.stub.ServerCalls$StreamingServerCallHandler$StreamingServerCallListener.onMessage(ServerCalls.java:248) [ratis-thirdparty-misc-0.2.0.jar:0.2.0]
	at org.apache.ratis.thirdparty.io.grpc.ForwardingServerCallListener.onMessage(ForwardingServerCallListener.java:33) [ratis-thirdparty-misc-0.2.0.jar:0.2.0]
	at org.apache.ratis.thirdparty.io.grpc.Contexts$ContextualizedServerCallListener.onMessage(Contexts.java:76) [ratis-thirdparty-misc-0.2.0.jar:0.2.0]
	at org.apache.ratis.thirdparty.io.grpc.ForwardingServerCallListener.onMessage(ForwardingServerCallListener.java:33) [ratis-thirdparty-misc-0.2.0.jar:0.2.0]
	at org.apache.hadoop.hdds.tracing.GrpcServerInterceptor$1.onMessage(GrpcServerInterceptor.java:46) [hadoop-hdds-common-0.4.1-SNAPSHOT.jar:?]
	at org.apache.ratis.thirdparty.io.grpc.internal.ServerCallImpl$ServerStreamListenerImpl.messagesAvailable(ServerCallImpl.java:263) [ratis-thirdparty-misc-0.2.0.jar:0.2.0]
	at org.apache.ratis.thirdparty.io.grpc.internal.ServerImpl$JumpToApplicationThreadServerStreamListener$1MessagesAvailable.runInContext(ServerImpl.java:686) [ratis-thirdparty-misc-0.2.0.jar:0.2.0]
	at org.apache.ratis.thirdparty.io.grpc.internal.ContextRunnable.run(ContextRunnable.java:37) [ratis-thirdparty-misc-0.2.0.jar:0.2.0]
	at org.apache.ratis.thirdparty.io.grpc.internal.SerializingExecutor.run(SerializingExecutor.java:123) [ratis-thirdparty-misc-0.2.0.jar:0.2.0]
	at java.util.concurrent.ThreadPoolExecutor.runWorker(ThreadPoolExecutor.java:1149) [?:1.8.0_212]
	at java.util.concurrent.ThreadPoolExecutor$Worker.run(ThreadPoolExecutor.java:624) [?:1.8.0_212]
	at java.lang.Thread.run(Thread.java:748) [?:1.8.0_212]
2019-07-30 18:56:49,534 INFO  impl.HddsDispatcher (ContainerUtils.java:logAndReturnError(146)) - Operation: WriteChunk : Trace ID: 99fd8101e533c5c7:99fd8101e533c5c7:0:0 : Message: ContainerID 5 creation failed : Result: DISK_OUT_OF_SPACE
2019-07-30 18:56:49,537 ERROR storage.BlockOutputStream (BlockOutputStream.java:validateResponse(531)) - Unexpected Storage Container Exception: 
org.apache.hadoop.hdds.scm.container.common.helpers.StorageContainerException: ContainerID 5 creation failed
	at org.apache.hadoop.hdds.scm.storage.ContainerProtocolCalls.validateContainerResponse(ContainerProtocolCalls.java:536)
	at org.apache.hadoop.hdds.scm.storage.BlockOutputStream.validateResponse(BlockOutputStream.java:529)
	at org.apache.hadoop.hdds.scm.storage.BlockOutputStream.lambda$writeChunkToContainer$2(BlockOutputStream.java:606)
	at java.util.concurrent.CompletableFuture.uniApply(CompletableFuture.java:602)
	at java.util.concurrent.CompletableFuture$UniApply.tryFire(CompletableFuture.java:577)
	at java.util.concurrent.CompletableFuture$Completion.run(CompletableFuture.java:442)
	at java.util.concurrent.ThreadPoolExecutor.runWorker(ThreadPoolExecutor.java:1149)
	at java.util.concurrent.ThreadPoolExecutor$Worker.run(ThreadPoolExecutor.java:624)
	at java.lang.Thread.run(Thread.java:748)
18:56:49.541 [grpc-default-executor-1] ERROR DNAudit - user=null | ip=null | op=PUT_BLOCK {blockData=[blockId=conID: 5 locID: 102531924592164893 bcsId: 0,size=5]} | ret=FAILURE
org.apache.hadoop.hdds.scm.container.common.helpers.StorageContainerException: ContainerID 5 does not exist
	at org.apache.hadoop.ozone.container.common.impl.HddsDispatcher.dispatchRequest(HddsDispatcher.java:242) [hadoop-hdds-container-service-0.4.1-SNAPSHOT.jar:?]
	at org.apache.hadoop.ozone.container.common.impl.HddsDispatcher.dispatch(HddsDispatcher.java:148) [hadoop-hdds-container-service-0.4.1-SNAPSHOT.jar:?]
	at org.apache.hadoop.ozone.container.common.transport.server.GrpcXceiverService$1.onNext(GrpcXceiverService.java:73) [hadoop-hdds-container-service-0.4.1-SNAPSHOT.jar:?]
	at org.apache.hadoop.ozone.container.common.transport.server.GrpcXceiverService$1.onNext(GrpcXceiverService.java:61) [hadoop-hdds-container-service-0.4.1-SNAPSHOT.jar:?]
	at org.apache.ratis.thirdparty.io.grpc.stub.ServerCalls$StreamingServerCallHandler$StreamingServerCallListener.onMessage(ServerCalls.java:248) [ratis-thirdparty-misc-0.2.0.jar:0.2.0]
	at org.apache.ratis.thirdparty.io.grpc.ForwardingServerCallListener.onMessage(ForwardingServerCallListener.java:33) [ratis-thirdparty-misc-0.2.0.jar:0.2.0]
	at org.apache.ratis.thirdparty.io.grpc.Contexts$ContextualizedServerCallListener.onMessage(Contexts.java:76) [ratis-thirdparty-misc-0.2.0.jar:0.2.0]
	at org.apache.ratis.thirdparty.io.grpc.ForwardingServerCallListener.onMessage(ForwardingServerCallListener.java:33) [ratis-thirdparty-misc-0.2.0.jar:0.2.0]
	at org.apache.hadoop.hdds.tracing.GrpcServerInterceptor$1.onMessage(GrpcServerInterceptor.java:46) [hadoop-hdds-common-0.4.1-SNAPSHOT.jar:?]
	at org.apache.ratis.thirdparty.io.grpc.internal.ServerCallImpl$ServerStreamListenerImpl.messagesAvailable(ServerCallImpl.java:263) [ratis-thirdparty-misc-0.2.0.jar:0.2.0]
	at org.apache.ratis.thirdparty.io.grpc.internal.ServerImpl$JumpToApplicationThreadServerStreamListener$1MessagesAvailable.runInContext(ServerImpl.java:686) [ratis-thirdparty-misc-0.2.0.jar:0.2.0]
	at org.apache.ratis.thirdparty.io.grpc.internal.ContextRunnable.run(ContextRunnable.java:37) [ratis-thirdparty-misc-0.2.0.jar:0.2.0]
	at org.apache.ratis.thirdparty.io.grpc.internal.SerializingExecutor.run(SerializingExecutor.java:123) [ratis-thirdparty-misc-0.2.0.jar:0.2.0]
	at java.util.concurrent.ThreadPoolExecutor.runWorker(ThreadPoolExecutor.java:1149) [?:1.8.0_212]
	at java.util.concurrent.ThreadPoolExecutor$Worker.run(ThreadPoolExecutor.java:624) [?:1.8.0_212]
	at java.lang.Thread.run(Thread.java:748) [?:1.8.0_212]
2019-07-30 18:56:49,542 INFO  impl.HddsDispatcher (ContainerUtils.java:logAndReturnError(146)) - Operation: PutBlock : Trace ID: 8e2067fe24cd98b1:8e2067fe24cd98b1:0:0 : Message: ContainerID 5 does not exist : Result: CONTAINER_NOT_FOUND
]]></system-out>
    <system-err><![CDATA[Jul 30, 2019 6:56:43 PM com.sun.jersey.server.impl.application.WebApplicationImpl _initiate
INFO: Initiating Jersey application, version 'Jersey: 1.19 02/11/2015 03:25 AM'
Jul 30, 2019 6:56:48 PM com.sun.jersey.server.impl.application.WebApplicationImpl _initiate
INFO: Initiating Jersey application, version 'Jersey: 1.19 02/11/2015 03:25 AM'
Jul 30, 2019 6:56:49 PM org.apache.ratis.thirdparty.io.grpc.internal.ManagedChannelOrphanWrapper$ManagedChannelReference cleanQueue
SEVERE: *~*~*~ Channel ManagedChannelImpl{logId=12, target=192.168.5.147:46241} was not shutdown properly!!! ~*~*~*
    Make sure to call shutdown()/shutdownNow() and wait until awaitTermination() returns true.
java.lang.RuntimeException: ManagedChannel allocation site
	at org.apache.ratis.thirdparty.io.grpc.internal.ManagedChannelOrphanWrapper$ManagedChannelReference.<init>(ManagedChannelOrphanWrapper.java:103)
	at org.apache.ratis.thirdparty.io.grpc.internal.ManagedChannelOrphanWrapper.<init>(ManagedChannelOrphanWrapper.java:53)
	at org.apache.ratis.thirdparty.io.grpc.internal.ManagedChannelOrphanWrapper.<init>(ManagedChannelOrphanWrapper.java:44)
	at org.apache.ratis.thirdparty.io.grpc.internal.AbstractManagedChannelImplBuilder.build(AbstractManagedChannelImplBuilder.java:411)
	at org.apache.hadoop.hdds.scm.XceiverClientGrpc.connectToDatanode(XceiverClientGrpc.java:174)
	at org.apache.hadoop.hdds.scm.XceiverClientGrpc.reconnect(XceiverClientGrpc.java:422)
	at org.apache.hadoop.hdds.scm.XceiverClientGrpc.sendCommandAsync(XceiverClientGrpc.java:371)
	at org.apache.hadoop.hdds.scm.XceiverClientGrpc.sendCommandAsync(XceiverClientGrpc.java:346)
	at org.apache.hadoop.hdds.scm.storage.ContainerProtocolCalls.writeChunkAsync(ContainerProtocolCalls.java:310)
	at org.apache.hadoop.hdds.scm.storage.BlockOutputStream.writeChunkToContainer(BlockOutputStream.java:601)
	at org.apache.hadoop.hdds.scm.storage.BlockOutputStream.writeChunk(BlockOutputStream.java:459)
	at org.apache.hadoop.hdds.scm.storage.BlockOutputStream.handleFlush(BlockOutputStream.java:470)
	at org.apache.hadoop.hdds.scm.storage.BlockOutputStream.close(BlockOutputStream.java:493)
	at org.apache.hadoop.ozone.client.io.BlockOutputStreamEntry.close(BlockOutputStreamEntry.java:143)
	at org.apache.hadoop.ozone.client.io.KeyOutputStream.handleFlushOrClose(KeyOutputStream.java:434)
	at org.apache.hadoop.ozone.client.io.KeyOutputStream.close(KeyOutputStream.java:472)
	at org.apache.hadoop.ozone.client.io.OzoneOutputStream.close(OzoneOutputStream.java:60)
	at org.apache.hadoop.ozone.TestStorageContainerManagerHelper.createKeys(TestStorageContainerManagerHelper.java:102)
	at org.apache.hadoop.ozone.TestStorageContainerManager.testBlockDeletionTransactions(TestStorageContainerManager.java:249)
	at sun.reflect.NativeMethodAccessorImpl.invoke0(Native Method)
	at sun.reflect.NativeMethodAccessorImpl.invoke(NativeMethodAccessorImpl.java:62)
	at sun.reflect.DelegatingMethodAccessorImpl.invoke(DelegatingMethodAccessorImpl.java:43)
	at java.lang.reflect.Method.invoke(Method.java:498)
	at org.junit.runners.model.FrameworkMethod$1.runReflectiveCall(FrameworkMethod.java:47)
	at org.junit.internal.runners.model.ReflectiveCallable.run(ReflectiveCallable.java:12)
	at org.junit.runners.model.FrameworkMethod.invokeExplosively(FrameworkMethod.java:44)
	at org.junit.internal.runners.statements.InvokeMethod.evaluate(InvokeMethod.java:17)
	at org.junit.internal.runners.statements.FailOnTimeout$StatementThread.run(FailOnTimeout.java:74)

Jul 30, 2019 6:56:49 PM org.apache.ratis.thirdparty.io.grpc.internal.ManagedChannelOrphanWrapper$ManagedChannelReference cleanQueue
SEVERE: *~*~*~ Channel ManagedChannelImpl{logId=28, target=192.168.5.147:44731} was not shutdown properly!!! ~*~*~*
    Make sure to call shutdown()/shutdownNow() and wait until awaitTermination() returns true.
java.lang.RuntimeException: ManagedChannel allocation site
	at org.apache.ratis.thirdparty.io.grpc.internal.ManagedChannelOrphanWrapper$ManagedChannelReference.<init>(ManagedChannelOrphanWrapper.java:103)
	at org.apache.ratis.thirdparty.io.grpc.internal.ManagedChannelOrphanWrapper.<init>(ManagedChannelOrphanWrapper.java:53)
	at org.apache.ratis.thirdparty.io.grpc.internal.ManagedChannelOrphanWrapper.<init>(ManagedChannelOrphanWrapper.java:44)
	at org.apache.ratis.thirdparty.io.grpc.internal.AbstractManagedChannelImplBuilder.build(AbstractManagedChannelImplBuilder.java:411)
	at org.apache.hadoop.hdds.scm.XceiverClientGrpc.connectToDatanode(XceiverClientGrpc.java:174)
	at org.apache.hadoop.hdds.scm.XceiverClientGrpc.reconnect(XceiverClientGrpc.java:422)
	at org.apache.hadoop.hdds.scm.XceiverClientGrpc.sendCommandAsync(XceiverClientGrpc.java:371)
	at org.apache.hadoop.hdds.scm.XceiverClientGrpc.sendCommandAsync(XceiverClientGrpc.java:346)
	at org.apache.hadoop.hdds.scm.storage.ContainerProtocolCalls.writeChunkAsync(ContainerProtocolCalls.java:310)
	at org.apache.hadoop.hdds.scm.storage.BlockOutputStream.writeChunkToContainer(BlockOutputStream.java:601)
	at org.apache.hadoop.hdds.scm.storage.BlockOutputStream.writeChunk(BlockOutputStream.java:459)
	at org.apache.hadoop.hdds.scm.storage.BlockOutputStream.handleFlush(BlockOutputStream.java:470)
	at org.apache.hadoop.hdds.scm.storage.BlockOutputStream.close(BlockOutputStream.java:493)
	at org.apache.hadoop.ozone.client.io.BlockOutputStreamEntry.close(BlockOutputStreamEntry.java:143)
	at org.apache.hadoop.ozone.client.io.KeyOutputStream.handleFlushOrClose(KeyOutputStream.java:434)
	at org.apache.hadoop.ozone.client.io.KeyOutputStream.close(KeyOutputStream.java:472)
	at org.apache.hadoop.ozone.client.io.OzoneOutputStream.close(OzoneOutputStream.java:60)
	at org.apache.hadoop.ozone.TestStorageContainerManagerHelper.createKeys(TestStorageContainerManagerHelper.java:102)
	at org.apache.hadoop.ozone.TestStorageContainerManager.testBlockDeletingThrottling(TestStorageContainerManager.java:338)
	at sun.reflect.NativeMethodAccessorImpl.invoke0(Native Method)
	at sun.reflect.NativeMethodAccessorImpl.invoke(NativeMethodAccessorImpl.java:62)
	at sun.reflect.DelegatingMethodAccessorImpl.invoke(DelegatingMethodAccessorImpl.java:43)
	at java.lang.reflect.Method.invoke(Method.java:498)
	at org.junit.runners.model.FrameworkMethod$1.runReflectiveCall(FrameworkMethod.java:47)
	at org.junit.internal.runners.model.ReflectiveCallable.run(ReflectiveCallable.java:12)
	at org.junit.runners.model.FrameworkMethod.invokeExplosively(FrameworkMethod.java:44)
	at org.junit.internal.runners.statements.InvokeMethod.evaluate(InvokeMethod.java:17)
	at org.junit.internal.runners.statements.FailOnTimeout$StatementThread.run(FailOnTimeout.java:74)

]]></system-err>
  </testcase>
  <testcase name="testRpcPermission" classname="org.apache.hadoop.ozone.TestStorageContainerManager" time="33.525"/>
  <testcase name="testSCMInitializationFailure" classname="org.apache.hadoop.ozone.TestStorageContainerManager" time="0.022"/>
  <testcase name="testSCMInitialization" classname="org.apache.hadoop.ozone.TestStorageContainerManager" time="0.031"/>
  <testcase name="testScmProcessDatanodeHeartbeat" classname="org.apache.hadoop.ozone.TestStorageContainerManager" time="28.922">
    <failure type="java.lang.AssertionError">java.lang.AssertionError
	at org.junit.Assert.fail(Assert.java:86)
	at org.junit.Assert.assertTrue(Assert.java:41)
	at org.junit.Assert.assertTrue(Assert.java:52)
	at org.apache.hadoop.ozone.TestStorageContainerManager.testScmProcessDatanodeHeartbeat(TestStorageContainerManager.java:531)
	at sun.reflect.NativeMethodAccessorImpl.invoke0(Native Method)
	at sun.reflect.NativeMethodAccessorImpl.invoke(NativeMethodAccessorImpl.java:62)
	at sun.reflect.DelegatingMethodAccessorImpl.invoke(DelegatingMethodAccessorImpl.java:43)
	at java.lang.reflect.Method.invoke(Method.java:498)
	at org.junit.runners.model.FrameworkMethod$1.runReflectiveCall(FrameworkMethod.java:47)
	at org.junit.internal.runners.model.ReflectiveCallable.run(ReflectiveCallable.java:12)
	at org.junit.runners.model.FrameworkMethod.invokeExplosively(FrameworkMethod.java:44)
	at org.junit.internal.runners.statements.InvokeMethod.evaluate(InvokeMethod.java:17)
	at org.junit.internal.runners.statements.FailOnTimeout$StatementThread.run(FailOnTimeout.java:74)
</failure>
    <system-out><![CDATA[2019-07-30 18:57:23,148 WARN  server.ServerUtils (ServerUtils.java:getScmDbDir(145)) - ozone.scm.db.dirs is not configured. We recommend adding this setting. Falling back to ozone.metadata.dirs instead.
2019-07-30 18:57:23,155 WARN  server.ServerUtils (ServerUtils.java:getScmDbDir(145)) - ozone.scm.db.dirs is not configured. We recommend adding this setting. Falling back to ozone.metadata.dirs instead.
2019-07-30 18:57:23,155 WARN  server.ServerUtils (ServerUtils.java:getScmDbDir(145)) - ozone.scm.db.dirs is not configured. We recommend adding this setting. Falling back to ozone.metadata.dirs instead.
2019-07-30 18:57:23,156 INFO  db.DBStoreBuilder (DBStoreBuilder.java:addTable(110)) - using custom profile for table: deletedBlocks
2019-07-30 18:57:23,156 INFO  db.DBStoreBuilder (DBStoreBuilder.java:processTables(161)) - Using default column profile:DBProfile.DISK for Table:deletedBlocks
2019-07-30 18:57:23,156 INFO  db.DBStoreBuilder (DBStoreBuilder.java:addTable(110)) - using custom profile for table: validCerts
2019-07-30 18:57:23,156 INFO  db.DBStoreBuilder (DBStoreBuilder.java:processTables(161)) - Using default column profile:DBProfile.DISK for Table:validCerts
2019-07-30 18:57:23,156 INFO  db.DBStoreBuilder (DBStoreBuilder.java:addTable(110)) - using custom profile for table: revokedCerts
2019-07-30 18:57:23,156 INFO  db.DBStoreBuilder (DBStoreBuilder.java:processTables(161)) - Using default column profile:DBProfile.DISK for Table:revokedCerts
2019-07-30 18:57:23,157 INFO  db.DBStoreBuilder (DBStoreBuilder.java:addTable(110)) - using custom profile for table: default
2019-07-30 18:57:23,157 INFO  db.DBStoreBuilder (DBStoreBuilder.java:processTables(167)) - Using default column profile:DBProfile.DISK for Table:default
2019-07-30 18:57:23,157 INFO  db.DBStoreBuilder (DBStoreBuilder.java:getDbProfile(198)) - Using default options. DBProfile.DISK
2019-07-30 18:57:23,240 INFO  net.NodeSchemaLoader (NodeSchemaLoader.java:loadSchemaFromFile(125)) - Loading file from sun.misc.CompoundEnumeration@56b3faa3
2019-07-30 18:57:23,240 INFO  net.NodeSchemaLoader (NodeSchemaLoader.java:loadSchema(171)) - Loading network topology layer schema file
2019-07-30 18:57:23,245 WARN  server.ServerUtils (ServerUtils.java:sanitizeUserArgs(70)) - ozone.scm.stale.node.interval value = 300000 is larger than max = 100000 based on the key value of ozone.scm.heartbeat.thread.interval, reset to the max value 100000.
2019-07-30 18:57:23,245 WARN  server.ServerUtils (ServerUtils.java:sanitizeUserArgs(70)) - ozone.scm.stale.node.interval value = 300000 is larger than max = 100000 based on the key value of ozone.scm.heartbeat.thread.interval, reset to the max value 100000.
2019-07-30 18:57:23,245 INFO  node.SCMNodeManager (SCMNodeManager.java:<init>(121)) - Entering startup safe mode.
2019-07-30 18:57:23,246 INFO  Configuration.deprecation (Configuration.java:logDeprecation(1394)) - hadoop.configured.node.mapping is deprecated. Instead, use net.topology.configured.node.mapping
2019-07-30 18:57:23,246 WARN  server.ServerUtils (ServerUtils.java:getScmDbDir(145)) - ozone.scm.db.dirs is not configured. We recommend adding this setting. Falling back to ozone.metadata.dirs instead.
2019-07-30 18:57:23,268 INFO  pipeline.SCMPipelineManager (SCMPipelineManager.java:initializePipelineState(126)) - No pipeline exists in current db
2019-07-30 18:57:23,268 WARN  server.ServerUtils (ServerUtils.java:getScmDbDir(145)) - ozone.scm.db.dirs is not configured. We recommend adding this setting. Falling back to ozone.metadata.dirs instead.
2019-07-30 18:57:23,356 WARN  events.EventQueue (EventQueue.java:fireEvent(175)) - No event handler registered for event TypedEvent{payloadType=SafeModeStatus, name='SafeModeStatus'}
2019-07-30 18:57:23,357 INFO  ipc.CallQueueManager (CallQueueManager.java:<init>(84)) - Using callQueue: class java.util.concurrent.LinkedBlockingQueue, queueCapacity: 2000, scheduler: class org.apache.hadoop.ipc.DefaultRpcScheduler, ipcBackoff: false.
2019-07-30 18:57:23,358 INFO  ipc.Server (Server.java:run(1074)) - Starting Socket Reader #1 for port 40426
2019-07-30 18:57:23,361 INFO  ipc.CallQueueManager (CallQueueManager.java:<init>(84)) - Using callQueue: class java.util.concurrent.LinkedBlockingQueue, queueCapacity: 2000, scheduler: class org.apache.hadoop.ipc.DefaultRpcScheduler, ipcBackoff: false.
2019-07-30 18:57:23,362 INFO  ipc.Server (Server.java:run(1074)) - Starting Socket Reader #1 for port 33580
2019-07-30 18:57:23,364 INFO  ipc.CallQueueManager (CallQueueManager.java:<init>(84)) - Using callQueue: class java.util.concurrent.LinkedBlockingQueue, queueCapacity: 2000, scheduler: class org.apache.hadoop.ipc.DefaultRpcScheduler, ipcBackoff: false.
2019-07-30 18:57:23,365 INFO  ipc.Server (Server.java:run(1074)) - Starting Socket Reader #1 for port 38429
2019-07-30 18:57:23,369 INFO  hdfs.DFSUtil (DFSUtil.java:httpServerTemplateForNNAndJN(1641)) - Starting Web-server for scm at: http://0.0.0.0:0
2019-07-30 18:57:23,378 INFO  server.AuthenticationFilter (AuthenticationFilter.java:constructSecretProvider(240)) - Unable to initialize FileSignerSecretProvider, falling back to use random secrets.
2019-07-30 18:57:23,379 WARN  http.HttpRequestLog (HttpRequestLog.java:getRequestLog(97)) - Jetty request log can only be enabled using Log4j
2019-07-30 18:57:23,381 INFO  http.HttpServer2 (HttpServer2.java:addGlobalFilter(975)) - Added global filter 'safety' (class=org.apache.hadoop.http.HttpServer2$QuotingInputFilter)
2019-07-30 18:57:23,382 INFO  http.HttpServer2 (HttpServer2.java:addFilter(948)) - Added filter static_user_filter (class=org.apache.hadoop.http.lib.StaticUserWebFilter$StaticUserFilter) to context scm
2019-07-30 18:57:23,382 INFO  http.HttpServer2 (HttpServer2.java:addFilter(958)) - Added filter static_user_filter (class=org.apache.hadoop.http.lib.StaticUserWebFilter$StaticUserFilter) to context logs
2019-07-30 18:57:23,382 INFO  http.HttpServer2 (HttpServer2.java:addFilter(958)) - Added filter static_user_filter (class=org.apache.hadoop.http.lib.StaticUserWebFilter$StaticUserFilter) to context static
2019-07-30 18:57:23,384 INFO  server.StorageContainerManager (StorageContainerManager.java:start(758)) - StorageContainerLocationProtocol RPC server is listening at /0.0.0.0:38429
2019-07-30 18:57:23,386 WARN  impl.MetricsConfig (MetricsConfig.java:loadFirst(134)) - Cannot locate configuration: tried hadoop-metrics2-storagecontainermanager.properties,hadoop-metrics2.properties
2019-07-30 18:57:23,387 INFO  impl.MetricsSystemImpl (MetricsSystemImpl.java:startTimer(374)) - Scheduled Metric snapshot period at 10 second(s).
2019-07-30 18:57:23,387 INFO  impl.MetricsSystemImpl (MetricsSystemImpl.java:start(191)) - StorageContainerManager metrics system started
2019-07-30 18:57:23,515 INFO  server.SCMClientProtocolServer (SCMClientProtocolServer.java:start(151)) - RPC server for Client  is listening at /0.0.0.0:38429
2019-07-30 18:57:23,516 INFO  ipc.Server (Server.java:run(1314)) - IPC Server Responder: starting
2019-07-30 18:57:23,517 INFO  ipc.Server (Server.java:run(1153)) - IPC Server listener on 38429: starting
2019-07-30 18:57:23,521 INFO  server.StorageContainerManager (StorageContainerManager.java:start(768)) - ScmBlockLocationProtocol RPC server is listening at /0.0.0.0:33580
2019-07-30 18:57:23,521 INFO  server.SCMBlockProtocolServer (SCMBlockProtocolServer.java:start(140)) - RPC server for Block Protocol is listening at /0.0.0.0:33580
2019-07-30 18:57:23,521 INFO  ipc.Server (Server.java:run(1314)) - IPC Server Responder: starting
2019-07-30 18:57:23,521 INFO  ipc.Server (Server.java:run(1153)) - IPC Server listener on 33580: starting
2019-07-30 18:57:23,525 INFO  server.StorageContainerManager (StorageContainerManager.java:start(772)) - ScmDatanodeProtocl RPC server is listening at /0.0.0.0:40426
2019-07-30 18:57:23,525 INFO  server.SCMDatanodeProtocolServer (SCMDatanodeProtocolServer.java:start(191)) - RPC server for DataNodes is listening at /0.0.0.0:40426
2019-07-30 18:57:23,526 INFO  ipc.Server (Server.java:run(1314)) - IPC Server Responder: starting
2019-07-30 18:57:23,526 INFO  ipc.Server (Server.java:run(1153)) - IPC Server listener on 40426: starting
2019-07-30 18:57:23,531 INFO  http.HttpServer2 (HttpServer2.java:bindListener(1191)) - Jetty bound to port 39252
2019-07-30 18:57:23,531 INFO  server.Server (Server.java:doStart(351)) - jetty-9.3.24.v20180605, build timestamp: 2018-06-05T17:11:56Z, git hash: 84205aa28f11a4f31f2a3b86d1bba2cc8ab69827
2019-07-30 18:57:23,533 INFO  handler.ContextHandler (ContextHandler.java:doStart(781)) - Started o.e.j.s.ServletContextHandler@47a7ed83{/logs,file:///workdir/hadoop-ozone/integration-test/target/log,AVAILABLE}
2019-07-30 18:57:23,534 INFO  handler.ContextHandler (ContextHandler.java:doStart(781)) - Started o.e.j.s.ServletContextHandler@325699a2{/static,file:///workdir/hadoop-ozone/integration-test/target/test-classes/webapps/static,AVAILABLE}
2019-07-30 18:57:23,540 INFO  handler.ContextHandler (ContextHandler.java:doStart(781)) - Started o.e.j.w.WebAppContext@2462805{/,file:///workdir/hadoop-ozone/integration-test/target/test-classes/webapps/scm/,AVAILABLE}{/scm}
2019-07-30 18:57:23,541 INFO  server.AbstractConnector (AbstractConnector.java:doStart(278)) - Started ServerConnector@65bd8e78{HTTP/1.1,[http/1.1]}{0.0.0.0:39252}
2019-07-30 18:57:23,541 INFO  server.Server (Server.java:doStart(419)) - Started @75585ms
2019-07-30 18:57:23,542 INFO  server.BaseHttpServer (BaseHttpServer.java:updateConnectorAddress(207)) - HTTP server of SCM is listening at http://0.0.0.0:39252
2019-07-30 18:57:23,552 INFO  util.JvmPauseMonitor (JvmPauseMonitor.java:run(188)) - Starting JVM pause monitor
2019-07-30 18:57:23,552 WARN  server.ServerUtils (ServerUtils.java:getDBPath(222)) - ozone.om.db.dirs is not configured. We recommend adding this setting. Falling back to ozone.metadata.dirs instead.
2019-07-30 18:57:23,558 WARN  server.ServerUtils (ServerUtils.java:getDBPath(222)) - ozone.om.db.dirs is not configured. We recommend adding this setting. Falling back to ozone.metadata.dirs instead.
2019-07-30 18:57:23,559 WARN  server.ServerUtils (ServerUtils.java:getDBPath(222)) - ozone.om.db.dirs is not configured. We recommend adding this setting. Falling back to ozone.metadata.dirs instead.
2019-07-30 18:57:23,559 INFO  om.OzoneManager (OzoneManager.java:setOMNodeDetails(644)) - OM Service ID is not set. Setting it to the default ID: omServiceIdDefault
2019-07-30 18:57:23,560 INFO  om.OzoneManager (OzoneManager.java:setOMNodeDetails(650)) - OM Node ID is not set. Setting it to the OmStorage's OmID: 72054b6a-7ecf-49c1-8ff7-631676dec210
2019-07-30 18:57:23,560 INFO  om.OzoneManager (OzoneManager.java:loadOMHAConfigs(601)) - Found matching OM address with OMServiceId: null, OMNodeId: null, RPC Address: localhost:0 and Ratis port: 9872
2019-07-30 18:57:23,570 WARN  server.ServerUtils (ServerUtils.java:getDBPath(222)) - ozone.om.db.dirs is not configured. We recommend adding this setting. Falling back to ozone.metadata.dirs instead.
2019-07-30 18:57:23,571 INFO  db.DBStoreBuilder (DBStoreBuilder.java:addTable(110)) - using custom profile for table: userTable
2019-07-30 18:57:23,571 INFO  db.DBStoreBuilder (DBStoreBuilder.java:processTables(161)) - Using default column profile:DBProfile.DISK for Table:userTable
2019-07-30 18:57:23,571 INFO  db.DBStoreBuilder (DBStoreBuilder.java:addTable(110)) - using custom profile for table: volumeTable
2019-07-30 18:57:23,571 INFO  db.DBStoreBuilder (DBStoreBuilder.java:processTables(161)) - Using default column profile:DBProfile.DISK for Table:volumeTable
2019-07-30 18:57:23,572 INFO  db.DBStoreBuilder (DBStoreBuilder.java:addTable(110)) - using custom profile for table: bucketTable
2019-07-30 18:57:23,572 INFO  db.DBStoreBuilder (DBStoreBuilder.java:processTables(161)) - Using default column profile:DBProfile.DISK for Table:bucketTable
2019-07-30 18:57:23,572 INFO  db.DBStoreBuilder (DBStoreBuilder.java:addTable(110)) - using custom profile for table: keyTable
2019-07-30 18:57:23,572 INFO  db.DBStoreBuilder (DBStoreBuilder.java:processTables(161)) - Using default column profile:DBProfile.DISK for Table:keyTable
2019-07-30 18:57:23,572 INFO  db.DBStoreBuilder (DBStoreBuilder.java:addTable(110)) - using custom profile for table: deletedTable
2019-07-30 18:57:23,572 INFO  db.DBStoreBuilder (DBStoreBuilder.java:processTables(161)) - Using default column profile:DBProfile.DISK for Table:deletedTable
2019-07-30 18:57:23,573 INFO  db.DBStoreBuilder (DBStoreBuilder.java:addTable(110)) - using custom profile for table: openKeyTable
2019-07-30 18:57:23,573 INFO  db.DBStoreBuilder (DBStoreBuilder.java:processTables(161)) - Using default column profile:DBProfile.DISK for Table:openKeyTable
2019-07-30 18:57:23,573 INFO  db.DBStoreBuilder (DBStoreBuilder.java:addTable(110)) - using custom profile for table: s3Table
2019-07-30 18:57:23,573 INFO  db.DBStoreBuilder (DBStoreBuilder.java:processTables(161)) - Using default column profile:DBProfile.DISK for Table:s3Table
2019-07-30 18:57:23,573 INFO  db.DBStoreBuilder (DBStoreBuilder.java:addTable(110)) - using custom profile for table: multipartInfoTable
2019-07-30 18:57:23,573 INFO  db.DBStoreBuilder (DBStoreBuilder.java:processTables(161)) - Using default column profile:DBProfile.DISK for Table:multipartInfoTable
2019-07-30 18:57:23,573 INFO  db.DBStoreBuilder (DBStoreBuilder.java:addTable(110)) - using custom profile for table: dTokenTable
2019-07-30 18:57:23,574 INFO  db.DBStoreBuilder (DBStoreBuilder.java:processTables(161)) - Using default column profile:DBProfile.DISK for Table:dTokenTable
2019-07-30 18:57:23,574 INFO  db.DBStoreBuilder (DBStoreBuilder.java:addTable(110)) - using custom profile for table: s3SecretTable
2019-07-30 18:57:23,574 INFO  db.DBStoreBuilder (DBStoreBuilder.java:processTables(161)) - Using default column profile:DBProfile.DISK for Table:s3SecretTable
2019-07-30 18:57:23,574 INFO  db.DBStoreBuilder (DBStoreBuilder.java:addTable(110)) - using custom profile for table: prefixTable
2019-07-30 18:57:23,574 INFO  db.DBStoreBuilder (DBStoreBuilder.java:processTables(161)) - Using default column profile:DBProfile.DISK for Table:prefixTable
2019-07-30 18:57:23,575 INFO  db.DBStoreBuilder (DBStoreBuilder.java:addTable(110)) - using custom profile for table: default
2019-07-30 18:57:23,575 INFO  db.DBStoreBuilder (DBStoreBuilder.java:processTables(167)) - Using default column profile:DBProfile.DISK for Table:default
2019-07-30 18:57:23,575 INFO  db.DBStoreBuilder (DBStoreBuilder.java:getDbProfile(198)) - Using default options. DBProfile.DISK
2019-07-30 18:57:23,885 INFO  ipc.CallQueueManager (CallQueueManager.java:<init>(84)) - Using callQueue: class java.util.concurrent.LinkedBlockingQueue, queueCapacity: 2000, scheduler: class org.apache.hadoop.ipc.DefaultRpcScheduler, ipcBackoff: false.
2019-07-30 18:57:23,886 INFO  ipc.Server (Server.java:run(1074)) - Starting Socket Reader #1 for port 46756
2019-07-30 18:57:23,902 INFO  om.OzoneManager (OzoneManager.java:start(1255)) - OzoneManager RPC server is listening at localhost/127.0.0.1:46756
2019-07-30 18:57:23,902 INFO  impl.MetricsSystemImpl (MetricsSystemImpl.java:init(158)) - OzoneManager metrics system started (again)
2019-07-30 18:57:23,903 INFO  ipc.Server (Server.java:run(1314)) - IPC Server Responder: starting
2019-07-30 18:57:23,905 INFO  ipc.Server (Server.java:run(1153)) - IPC Server listener on 46756: starting
2019-07-30 18:57:23,911 INFO  hdfs.DFSUtil (DFSUtil.java:httpServerTemplateForNNAndJN(1641)) - Starting Web-server for ozoneManager at: http://0.0.0.0:0
2019-07-30 18:57:23,913 INFO  server.AuthenticationFilter (AuthenticationFilter.java:constructSecretProvider(240)) - Unable to initialize FileSignerSecretProvider, falling back to use random secrets.
2019-07-30 18:57:23,913 WARN  http.HttpRequestLog (HttpRequestLog.java:getRequestLog(97)) - Jetty request log can only be enabled using Log4j
2019-07-30 18:57:23,915 INFO  http.HttpServer2 (HttpServer2.java:addGlobalFilter(975)) - Added global filter 'safety' (class=org.apache.hadoop.http.HttpServer2$QuotingInputFilter)
2019-07-30 18:57:23,916 INFO  http.HttpServer2 (HttpServer2.java:addFilter(948)) - Added filter static_user_filter (class=org.apache.hadoop.http.lib.StaticUserWebFilter$StaticUserFilter) to context ozoneManager
2019-07-30 18:57:23,916 INFO  http.HttpServer2 (HttpServer2.java:addFilter(958)) - Added filter static_user_filter (class=org.apache.hadoop.http.lib.StaticUserWebFilter$StaticUserFilter) to context static
2019-07-30 18:57:23,917 INFO  http.HttpServer2 (HttpServer2.java:addFilter(958)) - Added filter static_user_filter (class=org.apache.hadoop.http.lib.StaticUserWebFilter$StaticUserFilter) to context logs
2019-07-30 18:57:23,917 INFO  http.HttpServer2 (HttpServer2.java:bindListener(1191)) - Jetty bound to port 42455
2019-07-30 18:57:23,918 INFO  server.Server (Server.java:doStart(351)) - jetty-9.3.24.v20180605, build timestamp: 2018-06-05T17:11:56Z, git hash: 84205aa28f11a4f31f2a3b86d1bba2cc8ab69827
2019-07-30 18:57:23,920 INFO  handler.ContextHandler (ContextHandler.java:doStart(781)) - Started o.e.j.s.ServletContextHandler@526717f8{/logs,file:///workdir/hadoop-ozone/integration-test/target/log,AVAILABLE}
2019-07-30 18:57:23,920 INFO  handler.ContextHandler (ContextHandler.java:doStart(781)) - Started o.e.j.s.ServletContextHandler@2856bb17{/static,file:///workdir/hadoop-ozone/integration-test/target/test-classes/webapps/static,AVAILABLE}
2019-07-30 18:57:23,925 INFO  handler.ContextHandler (ContextHandler.java:doStart(781)) - Started o.e.j.w.WebAppContext@784f6e84{/,file:///workdir/hadoop-ozone/integration-test/target/test-classes/webapps/ozoneManager/,AVAILABLE}{/ozoneManager}
2019-07-30 18:57:23,926 INFO  server.AbstractConnector (AbstractConnector.java:doStart(278)) - Started ServerConnector@4773422{HTTP/1.1,[http/1.1]}{0.0.0.0:42455}
2019-07-30 18:57:23,927 INFO  server.Server (Server.java:doStart(419)) - Started @75972ms
2019-07-30 18:57:23,928 INFO  server.BaseHttpServer (BaseHttpServer.java:updateConnectorAddress(207)) - HTTP server of OZONEMANAGER is listening at http://0.0.0.0:42455
2019-07-30 18:57:23,937 INFO  impl.MetricsSystemImpl (MetricsSystemImpl.java:init(158)) - HddsDatanode metrics system started (again)
2019-07-30 18:57:23,946 INFO  ozone.HddsDatanodeService (HddsDatanodeService.java:start(184)) - HddsDatanodeService host:byscane-nightly-d7s94-1643579034 ip:192.168.5.147
2019-07-30 18:57:23,956 INFO  volume.HddsVolume (HddsVolume.java:<init>(176)) - Creating Volume: /workdir/hadoop-ozone/integration-test/target/test-dir/MiniOzoneClusterImpl-ceb5da31-5fea-43e0-af46-24746aa3ff01/datanode-0/data/containers/hdds of  storage type : DISK and capacity : 52710309888
2019-07-30 18:57:23,956 INFO  volume.VolumeSet (VolumeSet.java:initializeVolumeSet(170)) - Added Volume : /workdir/hadoop-ozone/integration-test/target/test-dir/MiniOzoneClusterImpl-ceb5da31-5fea-43e0-af46-24746aa3ff01/datanode-0/data/containers/hdds to VolumeSet
2019-07-30 18:57:23,956 INFO  volume.ThrottledAsyncChecker (ThrottledAsyncChecker.java:schedule(140)) - Scheduling a check for org.apache.hadoop.ozone.container.common.volume.HddsVolume@2785356
2019-07-30 18:57:23,957 INFO  volume.HddsVolumeChecker (HddsVolumeChecker.java:checkAllVolumes(203)) - Scheduled health check for volume org.apache.hadoop.ozone.container.common.volume.HddsVolume@2785356
2019-07-30 18:57:23,977 INFO  impl.RaftServerProxy (ConfUtils.java:logGet(43)) - raft.rpc.type = GRPC (default)
2019-07-30 18:57:23,977 INFO  grpc.GrpcFactory (GrpcFactory.java:checkPooledByteBufAllocatorUseCacheForAllThreads(45)) - PERFORMANCE WARNING: useCacheForAllThreads is true that may cause Netty to create a lot garbage objects and, as a result, trigger GC.
	It is recommended to disable useCacheForAllThreads by setting -Dorg.apache.ratis.thirdparty.io.netty.allocator.useCacheForAllThreads=false in command line.
2019-07-30 18:57:23,977 INFO  grpc.GrpcConfigKeys$Server (ConfUtils.java:logGet(43)) - raft.grpc.server.port = 0 (default)
2019-07-30 18:57:23,977 INFO  server.GrpcService (ConfUtils.java:logGet(43)) - raft.grpc.message.size.max = 33570816 (custom)
2019-07-30 18:57:23,978 INFO  server.RaftServerConfigKeys (ConfUtils.java:logGet(43)) - raft.server.log.appender.buffer.byte-limit = 33554432 (custom)
2019-07-30 18:57:23,978 INFO  server.GrpcService (ConfUtils.java:logGet(43)) - raft.grpc.flow.control.window = 1MB (=1048576) (default)
2019-07-30 18:57:23,978 INFO  server.RaftServerConfigKeys (ConfUtils.java:logGet(43)) - raft.server.rpc.request.timeout = 3000ms (default)
2019-07-30 18:57:23,979 INFO  server.RaftServerConfigKeys (ConfUtils.java:logGet(43)) - raft.server.storage.dir = [/workdir/hadoop-ozone/integration-test/target/test-dir/MiniOzoneClusterImpl-ceb5da31-5fea-43e0-af46-24746aa3ff01/datanode-0/data/ratis] (custom)
2019-07-30 18:57:23,979 INFO  replication.SimpleContainerDownloader (SimpleContainerDownloader.java:<init>(72)) - Starting container downloader service to copy containers to replicate.
2019-07-30 18:57:23,980 INFO  hdfs.DFSUtil (DFSUtil.java:httpServerTemplateForNNAndJN(1641)) - Starting Web-server for hddsDatanode at: http://0.0.0.0:0
2019-07-30 18:57:23,981 INFO  server.AuthenticationFilter (AuthenticationFilter.java:constructSecretProvider(240)) - Unable to initialize FileSignerSecretProvider, falling back to use random secrets.
2019-07-30 18:57:23,982 WARN  http.HttpRequestLog (HttpRequestLog.java:getRequestLog(97)) - Jetty request log can only be enabled using Log4j
2019-07-30 18:57:23,983 INFO  http.HttpServer2 (HttpServer2.java:addGlobalFilter(975)) - Added global filter 'safety' (class=org.apache.hadoop.http.HttpServer2$QuotingInputFilter)
2019-07-30 18:57:23,984 INFO  http.HttpServer2 (HttpServer2.java:addFilter(948)) - Added filter static_user_filter (class=org.apache.hadoop.http.lib.StaticUserWebFilter$StaticUserFilter) to context hddsDatanode
2019-07-30 18:57:23,984 INFO  http.HttpServer2 (HttpServer2.java:addFilter(958)) - Added filter static_user_filter (class=org.apache.hadoop.http.lib.StaticUserWebFilter$StaticUserFilter) to context logs
2019-07-30 18:57:23,984 INFO  http.HttpServer2 (HttpServer2.java:addFilter(958)) - Added filter static_user_filter (class=org.apache.hadoop.http.lib.StaticUserWebFilter$StaticUserFilter) to context static
2019-07-30 18:57:23,985 INFO  http.HttpServer2 (HttpServer2.java:bindListener(1191)) - Jetty bound to port 45299
2019-07-30 18:57:23,985 INFO  server.Server (Server.java:doStart(351)) - jetty-9.3.24.v20180605, build timestamp: 2018-06-05T17:11:56Z, git hash: 84205aa28f11a4f31f2a3b86d1bba2cc8ab69827
2019-07-30 18:57:23,987 INFO  handler.ContextHandler (ContextHandler.java:doStart(781)) - Started o.e.j.s.ServletContextHandler@61d7e537{/logs,file:///workdir/hadoop-ozone/integration-test/target/log,AVAILABLE}
2019-07-30 18:57:23,987 INFO  handler.ContextHandler (ContextHandler.java:doStart(781)) - Started o.e.j.s.ServletContextHandler@647a8c86{/static,jar:file:/home/user/.m2/repository/org/apache/hadoop/hadoop-hdds-container-service/0.4.1-SNAPSHOT/hadoop-hdds-container-service-0.4.1-SNAPSHOT.jar!/webapps/static,AVAILABLE}
2019-07-30 18:57:24,021 INFO  handler.ContextHandler (ContextHandler.java:doStart(781)) - Started o.e.j.w.WebAppContext@59a83bd4{/,file:///tmp/jetty-0.0.0.0-45299-hddsDatanode-_-any-2836094202241701962.dir/webapp/,AVAILABLE}{/hddsDatanode}
2019-07-30 18:57:24,021 INFO  server.AbstractConnector (AbstractConnector.java:doStart(278)) - Started ServerConnector@61a9774e{HTTP/1.1,[http/1.1]}{0.0.0.0:45299}
2019-07-30 18:57:24,023 INFO  server.Server (Server.java:doStart(419)) - Started @76067ms
2019-07-30 18:57:24,024 INFO  server.BaseHttpServer (BaseHttpServer.java:updateConnectorAddress(207)) - HTTP server of HDDSDATANODE is listening at http://0.0.0.0:45299
2019-07-30 18:57:24,190 INFO  ozone.HddsDatanodeService (HddsDatanodeService.java:startPlugins(395)) - Started plug-in org.apache.hadoop.ozone.web.OzoneHddsDatanodeService@224d0825
2019-07-30 18:57:24,191 INFO  impl.MetricsSystemImpl (MetricsSystemImpl.java:init(158)) - HddsDatanode metrics system started (again)
2019-07-30 18:57:24,202 INFO  util.JvmPauseMonitor (JvmPauseMonitor.java:run(188)) - Starting JVM pause monitor
2019-07-30 18:57:24,203 INFO  ozone.HddsDatanodeService (HddsDatanodeService.java:start(184)) - HddsDatanodeService host:byscane-nightly-d7s94-1643579034 ip:192.168.5.147
2019-07-30 18:57:24,205 INFO  datanode.InitDatanodeState (InitDatanodeState.java:persistContainerDatanodeDetails(140)) - DatanodeDetails is persisted to /workdir/hadoop-ozone/integration-test/target/test-dir/MiniOzoneClusterImpl-ceb5da31-5fea-43e0-af46-24746aa3ff01/datanode-0/meta/datanode.id
2019-07-30 18:57:24,213 INFO  volume.HddsVolume (HddsVolume.java:<init>(176)) - Creating Volume: /workdir/hadoop-ozone/integration-test/target/test-dir/MiniOzoneClusterImpl-ceb5da31-5fea-43e0-af46-24746aa3ff01/datanode-1/data/containers/hdds of  storage type : DISK and capacity : 52710309888
2019-07-30 18:57:24,213 INFO  volume.VolumeSet (VolumeSet.java:initializeVolumeSet(170)) - Added Volume : /workdir/hadoop-ozone/integration-test/target/test-dir/MiniOzoneClusterImpl-ceb5da31-5fea-43e0-af46-24746aa3ff01/datanode-1/data/containers/hdds to VolumeSet
2019-07-30 18:57:24,213 INFO  volume.ThrottledAsyncChecker (ThrottledAsyncChecker.java:schedule(140)) - Scheduling a check for org.apache.hadoop.ozone.container.common.volume.HddsVolume@24991045
2019-07-30 18:57:24,214 INFO  volume.HddsVolumeChecker (HddsVolumeChecker.java:checkAllVolumes(203)) - Scheduled health check for volume org.apache.hadoop.ozone.container.common.volume.HddsVolume@24991045
2019-07-30 18:57:24,235 INFO  impl.RaftServerProxy (ConfUtils.java:logGet(43)) - raft.rpc.type = GRPC (default)
2019-07-30 18:57:24,236 INFO  grpc.GrpcFactory (GrpcFactory.java:checkPooledByteBufAllocatorUseCacheForAllThreads(45)) - PERFORMANCE WARNING: useCacheForAllThreads is true that may cause Netty to create a lot garbage objects and, as a result, trigger GC.
	It is recommended to disable useCacheForAllThreads by setting -Dorg.apache.ratis.thirdparty.io.netty.allocator.useCacheForAllThreads=false in command line.
2019-07-30 18:57:24,236 INFO  grpc.GrpcConfigKeys$Server (ConfUtils.java:logGet(43)) - raft.grpc.server.port = 0 (default)
2019-07-30 18:57:24,237 INFO  server.GrpcService (ConfUtils.java:logGet(43)) - raft.grpc.message.size.max = 33570816 (custom)
2019-07-30 18:57:24,237 INFO  server.RaftServerConfigKeys (ConfUtils.java:logGet(43)) - raft.server.log.appender.buffer.byte-limit = 33554432 (custom)
2019-07-30 18:57:24,237 INFO  server.GrpcService (ConfUtils.java:logGet(43)) - raft.grpc.flow.control.window = 1MB (=1048576) (default)
2019-07-30 18:57:24,237 INFO  server.RaftServerConfigKeys (ConfUtils.java:logGet(43)) - raft.server.rpc.request.timeout = 3000ms (default)
2019-07-30 18:57:24,238 INFO  server.RaftServerConfigKeys (ConfUtils.java:logGet(43)) - raft.server.storage.dir = [/workdir/hadoop-ozone/integration-test/target/test-dir/MiniOzoneClusterImpl-ceb5da31-5fea-43e0-af46-24746aa3ff01/datanode-1/data/ratis] (custom)
2019-07-30 18:57:24,238 INFO  replication.SimpleContainerDownloader (SimpleContainerDownloader.java:<init>(72)) - Starting container downloader service to copy containers to replicate.
2019-07-30 18:57:24,239 INFO  hdfs.DFSUtil (DFSUtil.java:httpServerTemplateForNNAndJN(1641)) - Starting Web-server for hddsDatanode at: http://0.0.0.0:0
2019-07-30 18:57:24,241 INFO  server.AuthenticationFilter (AuthenticationFilter.java:constructSecretProvider(240)) - Unable to initialize FileSignerSecretProvider, falling back to use random secrets.
2019-07-30 18:57:24,242 WARN  http.HttpRequestLog (HttpRequestLog.java:getRequestLog(97)) - Jetty request log can only be enabled using Log4j
2019-07-30 18:57:24,244 INFO  http.HttpServer2 (HttpServer2.java:addGlobalFilter(975)) - Added global filter 'safety' (class=org.apache.hadoop.http.HttpServer2$QuotingInputFilter)
2019-07-30 18:57:24,245 INFO  http.HttpServer2 (HttpServer2.java:addFilter(948)) - Added filter static_user_filter (class=org.apache.hadoop.http.lib.StaticUserWebFilter$StaticUserFilter) to context hddsDatanode
2019-07-30 18:57:24,245 INFO  http.HttpServer2 (HttpServer2.java:addFilter(958)) - Added filter static_user_filter (class=org.apache.hadoop.http.lib.StaticUserWebFilter$StaticUserFilter) to context static
2019-07-30 18:57:24,245 INFO  http.HttpServer2 (HttpServer2.java:addFilter(958)) - Added filter static_user_filter (class=org.apache.hadoop.http.lib.StaticUserWebFilter$StaticUserFilter) to context logs
2019-07-30 18:57:24,246 INFO  http.HttpServer2 (HttpServer2.java:bindListener(1191)) - Jetty bound to port 38974
2019-07-30 18:57:24,246 INFO  server.Server (Server.java:doStart(351)) - jetty-9.3.24.v20180605, build timestamp: 2018-06-05T17:11:56Z, git hash: 84205aa28f11a4f31f2a3b86d1bba2cc8ab69827
2019-07-30 18:57:24,249 INFO  handler.ContextHandler (ContextHandler.java:doStart(781)) - Started o.e.j.s.ServletContextHandler@1eff1323{/logs,file:///workdir/hadoop-ozone/integration-test/target/log,AVAILABLE}
2019-07-30 18:57:24,250 INFO  handler.ContextHandler (ContextHandler.java:doStart(781)) - Started o.e.j.s.ServletContextHandler@70704e4b{/static,jar:file:/home/user/.m2/repository/org/apache/hadoop/hadoop-hdds-container-service/0.4.1-SNAPSHOT/hadoop-hdds-container-service-0.4.1-SNAPSHOT.jar!/webapps/static,AVAILABLE}
2019-07-30 18:57:24,293 INFO  handler.ContextHandler (ContextHandler.java:doStart(781)) - Started o.e.j.w.WebAppContext@6923a42b{/,file:///tmp/jetty-0.0.0.0-38974-hddsDatanode-_-any-2649460077080798623.dir/webapp/,AVAILABLE}{/hddsDatanode}
2019-07-30 18:57:24,294 INFO  server.AbstractConnector (AbstractConnector.java:doStart(278)) - Started ServerConnector@4fc396e0{HTTP/1.1,[http/1.1]}{0.0.0.0:38974}
2019-07-30 18:57:24,296 INFO  server.Server (Server.java:doStart(419)) - Started @76340ms
2019-07-30 18:57:24,297 INFO  server.BaseHttpServer (BaseHttpServer.java:updateConnectorAddress(207)) - HTTP server of HDDSDATANODE is listening at http://0.0.0.0:38974
2019-07-30 18:57:24,440 INFO  ozone.HddsDatanodeService (HddsDatanodeService.java:startPlugins(395)) - Started plug-in org.apache.hadoop.ozone.web.OzoneHddsDatanodeService@e73ec1
2019-07-30 18:57:24,440 INFO  impl.MetricsSystemImpl (MetricsSystemImpl.java:init(158)) - HddsDatanode metrics system started (again)
2019-07-30 18:57:24,453 INFO  util.JvmPauseMonitor (JvmPauseMonitor.java:run(188)) - Starting JVM pause monitor
2019-07-30 18:57:24,454 INFO  ozone.HddsDatanodeService (HddsDatanodeService.java:start(184)) - HddsDatanodeService host:byscane-nightly-d7s94-1643579034 ip:192.168.5.147
2019-07-30 18:57:24,455 INFO  datanode.InitDatanodeState (InitDatanodeState.java:persistContainerDatanodeDetails(140)) - DatanodeDetails is persisted to /workdir/hadoop-ozone/integration-test/target/test-dir/MiniOzoneClusterImpl-ceb5da31-5fea-43e0-af46-24746aa3ff01/datanode-1/meta/datanode.id
2019-07-30 18:57:24,463 INFO  volume.HddsVolume (HddsVolume.java:<init>(176)) - Creating Volume: /workdir/hadoop-ozone/integration-test/target/test-dir/MiniOzoneClusterImpl-ceb5da31-5fea-43e0-af46-24746aa3ff01/datanode-2/data/containers/hdds of  storage type : DISK and capacity : 52710309888
2019-07-30 18:57:24,463 INFO  volume.VolumeSet (VolumeSet.java:initializeVolumeSet(170)) - Added Volume : /workdir/hadoop-ozone/integration-test/target/test-dir/MiniOzoneClusterImpl-ceb5da31-5fea-43e0-af46-24746aa3ff01/datanode-2/data/containers/hdds to VolumeSet
2019-07-30 18:57:24,464 INFO  volume.ThrottledAsyncChecker (ThrottledAsyncChecker.java:schedule(140)) - Scheduling a check for org.apache.hadoop.ozone.container.common.volume.HddsVolume@4ae21bfd
2019-07-30 18:57:24,464 INFO  volume.HddsVolumeChecker (HddsVolumeChecker.java:checkAllVolumes(203)) - Scheduled health check for volume org.apache.hadoop.ozone.container.common.volume.HddsVolume@4ae21bfd
2019-07-30 18:57:24,480 INFO  impl.RaftServerProxy (ConfUtils.java:logGet(43)) - raft.rpc.type = GRPC (default)
2019-07-30 18:57:24,480 INFO  grpc.GrpcFactory (GrpcFactory.java:checkPooledByteBufAllocatorUseCacheForAllThreads(45)) - PERFORMANCE WARNING: useCacheForAllThreads is true that may cause Netty to create a lot garbage objects and, as a result, trigger GC.
	It is recommended to disable useCacheForAllThreads by setting -Dorg.apache.ratis.thirdparty.io.netty.allocator.useCacheForAllThreads=false in command line.
2019-07-30 18:57:24,480 INFO  grpc.GrpcConfigKeys$Server (ConfUtils.java:logGet(43)) - raft.grpc.server.port = 0 (default)
2019-07-30 18:57:24,481 INFO  server.GrpcService (ConfUtils.java:logGet(43)) - raft.grpc.message.size.max = 33570816 (custom)
2019-07-30 18:57:24,481 INFO  server.RaftServerConfigKeys (ConfUtils.java:logGet(43)) - raft.server.log.appender.buffer.byte-limit = 33554432 (custom)
2019-07-30 18:57:24,481 INFO  server.GrpcService (ConfUtils.java:logGet(43)) - raft.grpc.flow.control.window = 1MB (=1048576) (default)
2019-07-30 18:57:24,482 INFO  server.RaftServerConfigKeys (ConfUtils.java:logGet(43)) - raft.server.rpc.request.timeout = 3000ms (default)
2019-07-30 18:57:24,482 INFO  server.RaftServerConfigKeys (ConfUtils.java:logGet(43)) - raft.server.storage.dir = [/workdir/hadoop-ozone/integration-test/target/test-dir/MiniOzoneClusterImpl-ceb5da31-5fea-43e0-af46-24746aa3ff01/datanode-2/data/ratis] (custom)
2019-07-30 18:57:24,483 INFO  replication.SimpleContainerDownloader (SimpleContainerDownloader.java:<init>(72)) - Starting container downloader service to copy containers to replicate.
2019-07-30 18:57:24,484 INFO  hdfs.DFSUtil (DFSUtil.java:httpServerTemplateForNNAndJN(1641)) - Starting Web-server for hddsDatanode at: http://0.0.0.0:0
2019-07-30 18:57:24,485 INFO  server.AuthenticationFilter (AuthenticationFilter.java:constructSecretProvider(240)) - Unable to initialize FileSignerSecretProvider, falling back to use random secrets.
2019-07-30 18:57:24,486 WARN  http.HttpRequestLog (HttpRequestLog.java:getRequestLog(97)) - Jetty request log can only be enabled using Log4j
2019-07-30 18:57:24,487 INFO  http.HttpServer2 (HttpServer2.java:addGlobalFilter(975)) - Added global filter 'safety' (class=org.apache.hadoop.http.HttpServer2$QuotingInputFilter)
2019-07-30 18:57:24,487 INFO  http.HttpServer2 (HttpServer2.java:addFilter(948)) - Added filter static_user_filter (class=org.apache.hadoop.http.lib.StaticUserWebFilter$StaticUserFilter) to context hddsDatanode
2019-07-30 18:57:24,487 INFO  http.HttpServer2 (HttpServer2.java:addFilter(958)) - Added filter static_user_filter (class=org.apache.hadoop.http.lib.StaticUserWebFilter$StaticUserFilter) to context logs
2019-07-30 18:57:24,487 INFO  http.HttpServer2 (HttpServer2.java:addFilter(958)) - Added filter static_user_filter (class=org.apache.hadoop.http.lib.StaticUserWebFilter$StaticUserFilter) to context static
2019-07-30 18:57:24,488 INFO  http.HttpServer2 (HttpServer2.java:bindListener(1191)) - Jetty bound to port 35284
2019-07-30 18:57:24,488 INFO  server.Server (Server.java:doStart(351)) - jetty-9.3.24.v20180605, build timestamp: 2018-06-05T17:11:56Z, git hash: 84205aa28f11a4f31f2a3b86d1bba2cc8ab69827
2019-07-30 18:57:24,490 INFO  handler.ContextHandler (ContextHandler.java:doStart(781)) - Started o.e.j.s.ServletContextHandler@4b37fc15{/logs,file:///workdir/hadoop-ozone/integration-test/target/log,AVAILABLE}
2019-07-30 18:57:24,491 INFO  handler.ContextHandler (ContextHandler.java:doStart(781)) - Started o.e.j.s.ServletContextHandler@e7f814b{/static,jar:file:/home/user/.m2/repository/org/apache/hadoop/hadoop-hdds-container-service/0.4.1-SNAPSHOT/hadoop-hdds-container-service-0.4.1-SNAPSHOT.jar!/webapps/static,AVAILABLE}
2019-07-30 18:57:24,531 INFO  handler.ContextHandler (ContextHandler.java:doStart(781)) - Started o.e.j.w.WebAppContext@22e56a93{/,file:///tmp/jetty-0.0.0.0-35284-hddsDatanode-_-any-8246947413337995150.dir/webapp/,AVAILABLE}{/hddsDatanode}
2019-07-30 18:57:24,532 INFO  server.AbstractConnector (AbstractConnector.java:doStart(278)) - Started ServerConnector@1107dd6f{HTTP/1.1,[http/1.1]}{0.0.0.0:35284}
2019-07-30 18:57:24,534 INFO  server.Server (Server.java:doStart(419)) - Started @76578ms
2019-07-30 18:57:24,535 INFO  server.BaseHttpServer (BaseHttpServer.java:updateConnectorAddress(207)) - HTTP server of HDDSDATANODE is listening at http://0.0.0.0:35284
2019-07-30 18:57:24,702 INFO  ozone.HddsDatanodeService (HddsDatanodeService.java:startPlugins(395)) - Started plug-in org.apache.hadoop.ozone.web.OzoneHddsDatanodeService@dc07920
2019-07-30 18:57:24,702 INFO  ozone.MiniOzoneClusterImpl (MiniOzoneClusterImpl.java:lambda$waitForClusterToBeReady$0(142)) - Waiting for cluster to be ready. Got 0 of 3 DN Heartbeats.
2019-07-30 18:57:24,707 INFO  util.JvmPauseMonitor (JvmPauseMonitor.java:run(188)) - Starting JVM pause monitor
2019-07-30 18:57:24,709 INFO  datanode.InitDatanodeState (InitDatanodeState.java:persistContainerDatanodeDetails(140)) - DatanodeDetails is persisted to /workdir/hadoop-ozone/integration-test/target/test-dir/MiniOzoneClusterImpl-ceb5da31-5fea-43e0-af46-24746aa3ff01/datanode-2/meta/datanode.id
2019-07-30 18:57:25,703 INFO  ozone.MiniOzoneClusterImpl (MiniOzoneClusterImpl.java:lambda$waitForClusterToBeReady$0(142)) - Waiting for cluster to be ready. Got 0 of 3 DN Heartbeats.
2019-07-30 18:57:26,224 INFO  ozoneimpl.OzoneContainer (OzoneContainer.java:start(186)) - Attempting to start container services.
2019-07-30 18:57:26,230 INFO  ozoneimpl.OzoneContainer (OzoneContainer.java:startContainerScrub(160)) - Background container scrubber has been disabled by hdds.containerscrub.enabled
2019-07-30 18:57:26,230 INFO  ratis.XceiverServerRatis (XceiverServerRatis.java:start(404)) - Starting XceiverServerRatis fae847a1-21dd-4124-a25a-168436ad6b5e at port 0
2019-07-30 18:57:26,238 INFO  impl.RaftServerProxy (RaftServerProxy.java:lambda$start$3(299)) - fae847a1-21dd-4124-a25a-168436ad6b5e: start RPC server
2019-07-30 18:57:26,240 INFO  server.GrpcService (GrpcService.java:startImpl(149)) - fae847a1-21dd-4124-a25a-168436ad6b5e: GrpcService started, listening on 0.0.0.0/0.0.0.0:33878
2019-07-30 18:57:26,241 INFO  ratis.XceiverServerRatis (XceiverServerRatis.java:start(414)) - XceiverServerRatis fae847a1-21dd-4124-a25a-168436ad6b5e is started using port 33878
2019-07-30 18:57:26,243 INFO  server.XceiverServerGrpc (XceiverServerGrpc.java:start(161)) - XceiverServerGrpc fae847a1-21dd-4124-a25a-168436ad6b5e is started using port 40436
2019-07-30 18:57:26,471 INFO  ozoneimpl.OzoneContainer (OzoneContainer.java:start(186)) - Attempting to start container services.
2019-07-30 18:57:26,471 INFO  ozoneimpl.OzoneContainer (OzoneContainer.java:startContainerScrub(160)) - Background container scrubber has been disabled by hdds.containerscrub.enabled
2019-07-30 18:57:26,472 INFO  ratis.XceiverServerRatis (XceiverServerRatis.java:start(404)) - Starting XceiverServerRatis 895671ac-4e50-4147-895c-4f845fff57ce at port 0
2019-07-30 18:57:26,479 INFO  impl.RaftServerProxy (RaftServerProxy.java:lambda$start$3(299)) - 895671ac-4e50-4147-895c-4f845fff57ce: start RPC server
2019-07-30 18:57:26,483 INFO  server.GrpcService (GrpcService.java:startImpl(149)) - 895671ac-4e50-4147-895c-4f845fff57ce: GrpcService started, listening on 0.0.0.0/0.0.0.0:40427
2019-07-30 18:57:26,483 INFO  ratis.XceiverServerRatis (XceiverServerRatis.java:start(414)) - XceiverServerRatis 895671ac-4e50-4147-895c-4f845fff57ce is started using port 40427
2019-07-30 18:57:26,496 INFO  server.XceiverServerGrpc (XceiverServerGrpc.java:start(161)) - XceiverServerGrpc 895671ac-4e50-4147-895c-4f845fff57ce is started using port 35767
2019-07-30 18:57:26,703 INFO  ozone.MiniOzoneClusterImpl (MiniOzoneClusterImpl.java:lambda$waitForClusterToBeReady$0(142)) - Waiting for cluster to be ready. Got 0 of 3 DN Heartbeats.
2019-07-30 18:57:26,722 INFO  ozoneimpl.OzoneContainer (OzoneContainer.java:start(186)) - Attempting to start container services.
2019-07-30 18:57:26,723 INFO  ozoneimpl.OzoneContainer (OzoneContainer.java:startContainerScrub(160)) - Background container scrubber has been disabled by hdds.containerscrub.enabled
2019-07-30 18:57:26,723 INFO  ratis.XceiverServerRatis (XceiverServerRatis.java:start(404)) - Starting XceiverServerRatis 23ac1009-dd5d-4e92-bc89-541c1acd21fa at port 0
2019-07-30 18:57:26,731 INFO  impl.RaftServerProxy (RaftServerProxy.java:lambda$start$3(299)) - 23ac1009-dd5d-4e92-bc89-541c1acd21fa: start RPC server
2019-07-30 18:57:26,736 INFO  server.GrpcService (GrpcService.java:startImpl(149)) - 23ac1009-dd5d-4e92-bc89-541c1acd21fa: GrpcService started, listening on 0.0.0.0/0.0.0.0:35258
2019-07-30 18:57:26,737 INFO  ratis.XceiverServerRatis (XceiverServerRatis.java:start(414)) - XceiverServerRatis 23ac1009-dd5d-4e92-bc89-541c1acd21fa is started using port 35258
2019-07-30 18:57:26,750 INFO  server.XceiverServerGrpc (XceiverServerGrpc.java:start(161)) - XceiverServerGrpc 23ac1009-dd5d-4e92-bc89-541c1acd21fa is started using port 35576
2019-07-30 18:57:27,704 INFO  ozone.MiniOzoneClusterImpl (MiniOzoneClusterImpl.java:lambda$waitForClusterToBeReady$0(142)) - Waiting for cluster to be ready. Got 0 of 3 DN Heartbeats.
2019-07-30 18:57:28,211 INFO  net.NetworkTopology (NetworkTopologyImpl.java:add(110)) - Added a new node: /default-rack/fae847a1-21dd-4124-a25a-168436ad6b5e
2019-07-30 18:57:28,214 INFO  node.SCMNodeManager (SCMNodeManager.java:register(273)) - Registered Data node : fae847a1-21dd-4124-a25a-168436ad6b5e{ip: 192.168.5.147, host: byscane-nightly-d7s94-1643579034, networkLocation: /default-rack, certSerialId: null}
2019-07-30 18:57:28,215 INFO  safemode.SCMSafeModeManager (DataNodeSafeModeRule.java:process(71)) - SCM in safe mode. 1 DataNodes registered, 1 required.
2019-07-30 18:57:28,218 INFO  safemode.SCMSafeModeManager (SCMSafeModeManager.java:validateSafeModeExitRules(177)) - ScmSafeModeManager, all rules are successfully validated
2019-07-30 18:57:28,218 INFO  safemode.SCMSafeModeManager (SCMSafeModeManager.java:exitSafeMode(193)) - SCM exiting safe mode.
2019-07-30 18:57:28,243 INFO  impl.RaftServerProxy (RaftServerProxy.java:addNew(89)) - fae847a1-21dd-4124-a25a-168436ad6b5e: addNew group-0B3C60240334:[fae847a1-21dd-4124-a25a-168436ad6b5e:192.168.5.147:33878] returns group-0B3C60240334:java.util.concurrent.CompletableFuture@7b56dc1[Not completed]
2019-07-30 18:57:28,249 INFO  impl.RaftServerImpl (RaftServerImpl.java:<init>(93)) - fae847a1-21dd-4124-a25a-168436ad6b5e: new RaftServerImpl for group-0B3C60240334:[fae847a1-21dd-4124-a25a-168436ad6b5e:192.168.5.147:33878] with ContainerStateMachine:uninitialized
2019-07-30 18:57:28,249 INFO  server.RaftServerConfigKeys (ConfUtils.java:logGet(43)) - raft.server.rpc.timeout.min = 5s (custom)
2019-07-30 18:57:28,250 INFO  server.RaftServerConfigKeys (ConfUtils.java:logGet(43)) - raft.server.rpc.timeout.max = 5200ms (custom)
2019-07-30 18:57:28,250 INFO  server.RaftServerConfigKeys (ConfUtils.java:logGet(43)) - raft.server.rpcslowness.timeout = 120s (custom)
2019-07-30 18:57:28,250 INFO  server.RaftServerConfigKeys (ConfUtils.java:logGet(43)) - raft.server.sleep.deviation.threshold = 300 (default)
2019-07-30 18:57:28,250 INFO  server.RaftServerConfigKeys (ConfUtils.java:logGet(43)) - raft.server.log.appender.install.snapshot.enabled = false (custom)
2019-07-30 18:57:28,250 INFO  impl.RaftServerImpl (ServerState.java:<init>(105)) - fae847a1-21dd-4124-a25a-168436ad6b5e:group-0B3C60240334 ConfigurationManager, init=-1: [fae847a1-21dd-4124-a25a-168436ad6b5e:192.168.5.147:33878], old=null, confs=<EMPTY_MAP>
2019-07-30 18:57:28,250 INFO  server.RaftServerConfigKeys (ConfUtils.java:logGet(43)) - raft.server.storage.dir = [/workdir/hadoop-ozone/integration-test/target/test-dir/MiniOzoneClusterImpl-ceb5da31-5fea-43e0-af46-24746aa3ff01/datanode-0/data/ratis] (custom)
2019-07-30 18:57:28,251 INFO  storage.RaftStorageDirectory (RaftStorageDirectory.java:analyzeStorage(246)) - The storage directory /workdir/hadoop-ozone/integration-test/target/test-dir/MiniOzoneClusterImpl-ceb5da31-5fea-43e0-af46-24746aa3ff01/datanode-0/data/ratis/11397caf-1bbf-4a69-ab3a-0b3c60240334 does not exist. Creating ...
2019-07-30 18:57:28,272 INFO  storage.RaftStorageDirectory (RaftStorageDirectory.java:tryLock(328)) - Lock on /workdir/hadoop-ozone/integration-test/target/test-dir/MiniOzoneClusterImpl-ceb5da31-5fea-43e0-af46-24746aa3ff01/datanode-0/data/ratis/11397caf-1bbf-4a69-ab3a-0b3c60240334/in_use.lock acquired by nodename 24311@byscane-nightly-d7s94-1643579034
2019-07-30 18:57:28,277 INFO  storage.RaftStorage (RaftStorage.java:format(72)) - Storage directory /workdir/hadoop-ozone/integration-test/target/test-dir/MiniOzoneClusterImpl-ceb5da31-5fea-43e0-af46-24746aa3ff01/datanode-0/data/ratis/11397caf-1bbf-4a69-ab3a-0b3c60240334 has been successfully formatted.
2019-07-30 18:57:28,277 INFO  ratis.ContainerStateMachine (ContainerStateMachine.java:loadSnapshot(213)) - group-0B3C60240334: The snapshot info is null. Setting the last applied indexto:(t:0, i:~)
2019-07-30 18:57:28,277 INFO  server.RaftServerConfigKeys (ConfUtils.java:logGet(43)) - raft.server.leader.election.timeout = 120s (custom)
2019-07-30 18:57:28,278 INFO  server.RaftServerConfigKeys (ConfUtils.java:logGet(43)) - raft.server.log.use.memory = false (default)
2019-07-30 18:57:28,278 INFO  server.RaftServerConfigKeys (ConfUtils.java:logGet(43)) - raft.server.log.purge.gap = 1000000000 (custom)
2019-07-30 18:57:28,278 INFO  server.RaftServerConfigKeys (ConfUtils.java:logGet(43)) - raft.server.log.appender.buffer.byte-limit = 33554432 (custom)
2019-07-30 18:57:28,278 INFO  server.RaftServerConfigKeys (ConfUtils.java:logGet(43)) - raft.server.log.segment.size.max = 1048576 (custom)
2019-07-30 18:57:28,279 INFO  server.RaftServerConfigKeys (ConfUtils.java:logGet(43)) - raft.server.log.segment.cache.num.max = 2 (custom)
2019-07-30 18:57:28,279 INFO  segmented.SegmentedRaftLogWorker (SegmentedRaftLogWorker.java:<init>(172)) - new fae847a1-21dd-4124-a25a-168436ad6b5e-SegmentedRaftLogWorker:Storage Directory /workdir/hadoop-ozone/integration-test/target/test-dir/MiniOzoneClusterImpl-ceb5da31-5fea-43e0-af46-24746aa3ff01/datanode-0/data/ratis/11397caf-1bbf-4a69-ab3a-0b3c60240334 for RaftStorage:Storage Directory /workdir/hadoop-ozone/integration-test/target/test-dir/MiniOzoneClusterImpl-ceb5da31-5fea-43e0-af46-24746aa3ff01/datanode-0/data/ratis/11397caf-1bbf-4a69-ab3a-0b3c60240334
2019-07-30 18:57:28,279 INFO  server.RaftServerConfigKeys (ConfUtils.java:logGet(43)) - raft.server.log.queue.byte-limit = 2147483647 (custom)
2019-07-30 18:57:28,280 INFO  server.RaftServerConfigKeys (ConfUtils.java:logGet(43)) - raft.server.log.queue.element-limit = 1024 (custom)
2019-07-30 18:57:28,280 INFO  server.RaftServerConfigKeys (ConfUtils.java:logGet(43)) - raft.server.log.segment.size.max = 1048576 (custom)
2019-07-30 18:57:28,280 INFO  server.RaftServerConfigKeys (ConfUtils.java:logGet(43)) - raft.server.log.preallocated.size = 16384 (custom)
2019-07-30 18:57:28,280 INFO  server.RaftServerConfigKeys (ConfUtils.java:logGet(43)) - raft.server.log.write.buffer.size = 33554432 (custom)
2019-07-30 18:57:28,281 INFO  server.RaftServerConfigKeys (ConfUtils.java:logGet(43)) - raft.server.log.force.sync.num = 128 (default)
2019-07-30 18:57:28,281 INFO  server.RaftServerConfigKeys (ConfUtils.java:logGet(43)) - raft.server.log.statemachine.data.sync = true (default)
2019-07-30 18:57:28,281 INFO  server.RaftServerConfigKeys (ConfUtils.java:logGet(43)) - raft.server.log.statemachine.data.sync.timeout = 10s (default)
2019-07-30 18:57:28,281 INFO  server.RaftServerConfigKeys (ConfUtils.java:logGet(43)) - raft.server.log.statemachine.data.sync.timeout.retry = -1 (default)
2019-07-30 18:57:28,282 INFO  server.RaftServerConfigKeys (ConfUtils.java:logGet(43)) - raft.server.log.statemachine.data.caching.enabled = true (custom)
2019-07-30 18:57:28,282 INFO  segmented.SegmentedRaftLogWorker (SegmentedRaftLogWorker.java:lambda$new$0(132)) - fae847a1-21dd-4124-a25a-168436ad6b5e-SegmentedRaftLogWorker:Storage Directory /workdir/hadoop-ozone/integration-test/target/test-dir/MiniOzoneClusterImpl-ceb5da31-5fea-43e0-af46-24746aa3ff01/datanode-0/data/ratis/11397caf-1bbf-4a69-ab3a-0b3c60240334: flushIndex: setUnconditionally 0 -> -1
2019-07-30 18:57:28,283 INFO  server.RaftServerConfigKeys (ConfUtils.java:logGet(43)) - raft.server.snapshot.auto.trigger.enabled = true (custom)
2019-07-30 18:57:28,283 INFO  server.RaftServerConfigKeys (ConfUtils.java:logGet(43)) - raft.server.snapshot.auto.trigger.threshold = 10000 (custom)
2019-07-30 18:57:28,283 INFO  server.RaftServerConfigKeys (ConfUtils.java:logGet(43)) - raft.server.retrycache.expirytime = 600000ms (custom)
2019-07-30 18:57:28,284 INFO  impl.RaftServerImpl (RaftServerImpl.java:start(180)) - fae847a1-21dd-4124-a25a-168436ad6b5e: start group-0B3C60240334
2019-07-30 18:57:28,284 INFO  impl.RaftServerImpl (RaftServerImpl.java:setRole(171)) - fae847a1-21dd-4124-a25a-168436ad6b5e:group-0B3C60240334 changes role from null to FOLLOWER at term 0 for startAsFollower
2019-07-30 18:57:28,284 INFO  impl.RoleInfo (RoleInfo.java:updateAndGet(143)) - fae847a1-21dd-4124-a25a-168436ad6b5e: start FollowerState
2019-07-30 18:57:28,285 INFO  util.JmxRegister (JmxRegister.java:tryRegister(44)) - Successfully registered JMX Bean with object name Ratis:service=RaftServer,group=group-0B3C60240334,id=fae847a1-21dd-4124-a25a-168436ad6b5e
2019-07-30 18:57:28,298 INFO  pipeline.PipelineStateManager (PipelineStateManager.java:addPipeline(56)) - Created pipeline Pipeline[ Id: 11397caf-1bbf-4a69-ab3a-0b3c60240334, Nodes: fae847a1-21dd-4124-a25a-168436ad6b5e{ip: 192.168.5.147, host: byscane-nightly-d7s94-1643579034, networkLocation: /default-rack, certSerialId: null}, Type:RATIS, Factor:ONE, State:OPEN]
2019-07-30 18:57:28,455 INFO  net.NetworkTopology (NetworkTopologyImpl.java:add(110)) - Added a new node: /default-rack/895671ac-4e50-4147-895c-4f845fff57ce
2019-07-30 18:57:28,455 INFO  node.SCMNodeManager (SCMNodeManager.java:register(273)) - Registered Data node : 895671ac-4e50-4147-895c-4f845fff57ce{ip: 192.168.5.147, host: byscane-nightly-d7s94-1643579034, networkLocation: /default-rack, certSerialId: null}
2019-07-30 18:57:28,477 INFO  impl.RaftServerProxy (RaftServerProxy.java:addNew(89)) - 895671ac-4e50-4147-895c-4f845fff57ce: addNew group-21FDD8580245:[895671ac-4e50-4147-895c-4f845fff57ce:192.168.5.147:40427] returns group-21FDD8580245:java.util.concurrent.CompletableFuture@1d44bc3d[Not completed]
2019-07-30 18:57:28,483 INFO  impl.RaftServerImpl (RaftServerImpl.java:<init>(93)) - 895671ac-4e50-4147-895c-4f845fff57ce: new RaftServerImpl for group-21FDD8580245:[895671ac-4e50-4147-895c-4f845fff57ce:192.168.5.147:40427] with ContainerStateMachine:uninitialized
2019-07-30 18:57:28,483 INFO  server.RaftServerConfigKeys (ConfUtils.java:logGet(43)) - raft.server.rpc.timeout.min = 5s (custom)
2019-07-30 18:57:28,484 INFO  server.RaftServerConfigKeys (ConfUtils.java:logGet(43)) - raft.server.rpc.timeout.max = 5200ms (custom)
2019-07-30 18:57:28,484 INFO  server.RaftServerConfigKeys (ConfUtils.java:logGet(43)) - raft.server.rpcslowness.timeout = 120s (custom)
2019-07-30 18:57:28,484 INFO  server.RaftServerConfigKeys (ConfUtils.java:logGet(43)) - raft.server.sleep.deviation.threshold = 300 (default)
2019-07-30 18:57:28,484 INFO  server.RaftServerConfigKeys (ConfUtils.java:logGet(43)) - raft.server.log.appender.install.snapshot.enabled = false (custom)
2019-07-30 18:57:28,484 INFO  impl.RaftServerImpl (ServerState.java:<init>(105)) - 895671ac-4e50-4147-895c-4f845fff57ce:group-21FDD8580245 ConfigurationManager, init=-1: [895671ac-4e50-4147-895c-4f845fff57ce:192.168.5.147:40427], old=null, confs=<EMPTY_MAP>
2019-07-30 18:57:28,485 INFO  server.RaftServerConfigKeys (ConfUtils.java:logGet(43)) - raft.server.storage.dir = [/workdir/hadoop-ozone/integration-test/target/test-dir/MiniOzoneClusterImpl-ceb5da31-5fea-43e0-af46-24746aa3ff01/datanode-1/data/ratis] (custom)
2019-07-30 18:57:28,485 INFO  storage.RaftStorageDirectory (RaftStorageDirectory.java:analyzeStorage(246)) - The storage directory /workdir/hadoop-ozone/integration-test/target/test-dir/MiniOzoneClusterImpl-ceb5da31-5fea-43e0-af46-24746aa3ff01/datanode-1/data/ratis/759728b7-1fc1-4e42-9a46-21fdd8580245 does not exist. Creating ...
2019-07-30 18:57:28,491 INFO  storage.RaftStorageDirectory (RaftStorageDirectory.java:tryLock(328)) - Lock on /workdir/hadoop-ozone/integration-test/target/test-dir/MiniOzoneClusterImpl-ceb5da31-5fea-43e0-af46-24746aa3ff01/datanode-1/data/ratis/759728b7-1fc1-4e42-9a46-21fdd8580245/in_use.lock acquired by nodename 24311@byscane-nightly-d7s94-1643579034
2019-07-30 18:57:28,495 INFO  storage.RaftStorage (RaftStorage.java:format(72)) - Storage directory /workdir/hadoop-ozone/integration-test/target/test-dir/MiniOzoneClusterImpl-ceb5da31-5fea-43e0-af46-24746aa3ff01/datanode-1/data/ratis/759728b7-1fc1-4e42-9a46-21fdd8580245 has been successfully formatted.
2019-07-30 18:57:28,495 INFO  ratis.ContainerStateMachine (ContainerStateMachine.java:loadSnapshot(213)) - group-21FDD8580245: The snapshot info is null. Setting the last applied indexto:(t:0, i:~)
2019-07-30 18:57:28,495 INFO  server.RaftServerConfigKeys (ConfUtils.java:logGet(43)) - raft.server.leader.election.timeout = 120s (custom)
2019-07-30 18:57:28,495 INFO  server.RaftServerConfigKeys (ConfUtils.java:logGet(43)) - raft.server.log.use.memory = false (default)
2019-07-30 18:57:28,495 INFO  server.RaftServerConfigKeys (ConfUtils.java:logGet(43)) - raft.server.log.purge.gap = 1000000000 (custom)
2019-07-30 18:57:28,496 INFO  server.RaftServerConfigKeys (ConfUtils.java:logGet(43)) - raft.server.log.appender.buffer.byte-limit = 33554432 (custom)
2019-07-30 18:57:28,496 INFO  server.RaftServerConfigKeys (ConfUtils.java:logGet(43)) - raft.server.log.segment.size.max = 1048576 (custom)
2019-07-30 18:57:28,496 INFO  server.RaftServerConfigKeys (ConfUtils.java:logGet(43)) - raft.server.log.segment.cache.num.max = 2 (custom)
2019-07-30 18:57:28,496 INFO  segmented.SegmentedRaftLogWorker (SegmentedRaftLogWorker.java:<init>(172)) - new 895671ac-4e50-4147-895c-4f845fff57ce-SegmentedRaftLogWorker:Storage Directory /workdir/hadoop-ozone/integration-test/target/test-dir/MiniOzoneClusterImpl-ceb5da31-5fea-43e0-af46-24746aa3ff01/datanode-1/data/ratis/759728b7-1fc1-4e42-9a46-21fdd8580245 for RaftStorage:Storage Directory /workdir/hadoop-ozone/integration-test/target/test-dir/MiniOzoneClusterImpl-ceb5da31-5fea-43e0-af46-24746aa3ff01/datanode-1/data/ratis/759728b7-1fc1-4e42-9a46-21fdd8580245
2019-07-30 18:57:28,496 INFO  server.RaftServerConfigKeys (ConfUtils.java:logGet(43)) - raft.server.log.queue.byte-limit = 2147483647 (custom)
2019-07-30 18:57:28,497 INFO  server.RaftServerConfigKeys (ConfUtils.java:logGet(43)) - raft.server.log.queue.element-limit = 1024 (custom)
2019-07-30 18:57:28,497 INFO  server.RaftServerConfigKeys (ConfUtils.java:logGet(43)) - raft.server.log.segment.size.max = 1048576 (custom)
2019-07-30 18:57:28,497 INFO  server.RaftServerConfigKeys (ConfUtils.java:logGet(43)) - raft.server.log.preallocated.size = 16384 (custom)
2019-07-30 18:57:28,498 INFO  server.RaftServerConfigKeys (ConfUtils.java:logGet(43)) - raft.server.log.write.buffer.size = 33554432 (custom)
2019-07-30 18:57:28,498 INFO  server.RaftServerConfigKeys (ConfUtils.java:logGet(43)) - raft.server.log.force.sync.num = 128 (default)
2019-07-30 18:57:28,498 INFO  server.RaftServerConfigKeys (ConfUtils.java:logGet(43)) - raft.server.log.statemachine.data.sync = true (default)
2019-07-30 18:57:28,498 INFO  server.RaftServerConfigKeys (ConfUtils.java:logGet(43)) - raft.server.log.statemachine.data.sync.timeout = 10s (default)
2019-07-30 18:57:28,498 INFO  server.RaftServerConfigKeys (ConfUtils.java:logGet(43)) - raft.server.log.statemachine.data.sync.timeout.retry = -1 (default)
2019-07-30 18:57:28,499 INFO  server.RaftServerConfigKeys (ConfUtils.java:logGet(43)) - raft.server.log.statemachine.data.caching.enabled = true (custom)
2019-07-30 18:57:28,499 INFO  segmented.SegmentedRaftLogWorker (SegmentedRaftLogWorker.java:lambda$new$0(132)) - 895671ac-4e50-4147-895c-4f845fff57ce-SegmentedRaftLogWorker:Storage Directory /workdir/hadoop-ozone/integration-test/target/test-dir/MiniOzoneClusterImpl-ceb5da31-5fea-43e0-af46-24746aa3ff01/datanode-1/data/ratis/759728b7-1fc1-4e42-9a46-21fdd8580245: flushIndex: setUnconditionally 0 -> -1
2019-07-30 18:57:28,500 INFO  server.RaftServerConfigKeys (ConfUtils.java:logGet(43)) - raft.server.snapshot.auto.trigger.enabled = true (custom)
2019-07-30 18:57:28,500 INFO  server.RaftServerConfigKeys (ConfUtils.java:logGet(43)) - raft.server.snapshot.auto.trigger.threshold = 10000 (custom)
2019-07-30 18:57:28,500 INFO  server.RaftServerConfigKeys (ConfUtils.java:logGet(43)) - raft.server.retrycache.expirytime = 600000ms (custom)
2019-07-30 18:57:28,500 INFO  impl.RaftServerImpl (RaftServerImpl.java:start(180)) - 895671ac-4e50-4147-895c-4f845fff57ce: start group-21FDD8580245
2019-07-30 18:57:28,500 INFO  impl.RaftServerImpl (RaftServerImpl.java:setRole(171)) - 895671ac-4e50-4147-895c-4f845fff57ce:group-21FDD8580245 changes role from null to FOLLOWER at term 0 for startAsFollower
2019-07-30 18:57:28,501 INFO  impl.RoleInfo (RoleInfo.java:updateAndGet(143)) - 895671ac-4e50-4147-895c-4f845fff57ce: start FollowerState
2019-07-30 18:57:28,501 INFO  util.JmxRegister (JmxRegister.java:tryRegister(44)) - Successfully registered JMX Bean with object name Ratis:service=RaftServer,group=group-21FDD8580245,id=895671ac-4e50-4147-895c-4f845fff57ce
2019-07-30 18:57:28,513 INFO  pipeline.PipelineStateManager (PipelineStateManager.java:addPipeline(56)) - Created pipeline Pipeline[ Id: 759728b7-1fc1-4e42-9a46-21fdd8580245, Nodes: 895671ac-4e50-4147-895c-4f845fff57ce{ip: 192.168.5.147, host: byscane-nightly-d7s94-1643579034, networkLocation: /default-rack, certSerialId: null}, Type:RATIS, Factor:ONE, State:OPEN]
2019-07-30 18:57:28,704 INFO  ozone.MiniOzoneClusterImpl (MiniOzoneClusterImpl.java:lambda$waitForClusterToBeReady$0(142)) - Waiting for cluster to be ready. Got 2 of 3 DN Heartbeats.
2019-07-30 18:57:28,708 INFO  net.NetworkTopology (NetworkTopologyImpl.java:add(110)) - Added a new node: /default-rack/23ac1009-dd5d-4e92-bc89-541c1acd21fa
2019-07-30 18:57:28,708 INFO  node.SCMNodeManager (SCMNodeManager.java:register(273)) - Registered Data node : 23ac1009-dd5d-4e92-bc89-541c1acd21fa{ip: 192.168.5.147, host: byscane-nightly-d7s94-1643579034, networkLocation: /default-rack, certSerialId: null}
2019-07-30 18:57:28,729 INFO  impl.RaftServerProxy (RaftServerProxy.java:addNew(89)) - 23ac1009-dd5d-4e92-bc89-541c1acd21fa: addNew group-6BEB9229B693:[23ac1009-dd5d-4e92-bc89-541c1acd21fa:192.168.5.147:35258] returns group-6BEB9229B693:java.util.concurrent.CompletableFuture@16baeea6[Not completed]
2019-07-30 18:57:28,736 INFO  impl.RaftServerImpl (RaftServerImpl.java:<init>(93)) - 23ac1009-dd5d-4e92-bc89-541c1acd21fa: new RaftServerImpl for group-6BEB9229B693:[23ac1009-dd5d-4e92-bc89-541c1acd21fa:192.168.5.147:35258] with ContainerStateMachine:uninitialized
2019-07-30 18:57:28,736 INFO  server.RaftServerConfigKeys (ConfUtils.java:logGet(43)) - raft.server.rpc.timeout.min = 5s (custom)
2019-07-30 18:57:28,736 INFO  server.RaftServerConfigKeys (ConfUtils.java:logGet(43)) - raft.server.rpc.timeout.max = 5200ms (custom)
2019-07-30 18:57:28,736 INFO  server.RaftServerConfigKeys (ConfUtils.java:logGet(43)) - raft.server.rpcslowness.timeout = 120s (custom)
2019-07-30 18:57:28,737 INFO  server.RaftServerConfigKeys (ConfUtils.java:logGet(43)) - raft.server.sleep.deviation.threshold = 300 (default)
2019-07-30 18:57:28,737 INFO  server.RaftServerConfigKeys (ConfUtils.java:logGet(43)) - raft.server.log.appender.install.snapshot.enabled = false (custom)
2019-07-30 18:57:28,737 INFO  impl.RaftServerImpl (ServerState.java:<init>(105)) - 23ac1009-dd5d-4e92-bc89-541c1acd21fa:group-6BEB9229B693 ConfigurationManager, init=-1: [23ac1009-dd5d-4e92-bc89-541c1acd21fa:192.168.5.147:35258], old=null, confs=<EMPTY_MAP>
2019-07-30 18:57:28,737 INFO  server.RaftServerConfigKeys (ConfUtils.java:logGet(43)) - raft.server.storage.dir = [/workdir/hadoop-ozone/integration-test/target/test-dir/MiniOzoneClusterImpl-ceb5da31-5fea-43e0-af46-24746aa3ff01/datanode-2/data/ratis] (custom)
2019-07-30 18:57:28,738 INFO  storage.RaftStorageDirectory (RaftStorageDirectory.java:analyzeStorage(246)) - The storage directory /workdir/hadoop-ozone/integration-test/target/test-dir/MiniOzoneClusterImpl-ceb5da31-5fea-43e0-af46-24746aa3ff01/datanode-2/data/ratis/43ebae64-06ed-4272-b7c6-6beb9229b693 does not exist. Creating ...
2019-07-30 18:57:28,753 INFO  storage.RaftStorageDirectory (RaftStorageDirectory.java:tryLock(328)) - Lock on /workdir/hadoop-ozone/integration-test/target/test-dir/MiniOzoneClusterImpl-ceb5da31-5fea-43e0-af46-24746aa3ff01/datanode-2/data/ratis/43ebae64-06ed-4272-b7c6-6beb9229b693/in_use.lock acquired by nodename 24311@byscane-nightly-d7s94-1643579034
2019-07-30 18:57:28,756 INFO  storage.RaftStorage (RaftStorage.java:format(72)) - Storage directory /workdir/hadoop-ozone/integration-test/target/test-dir/MiniOzoneClusterImpl-ceb5da31-5fea-43e0-af46-24746aa3ff01/datanode-2/data/ratis/43ebae64-06ed-4272-b7c6-6beb9229b693 has been successfully formatted.
2019-07-30 18:57:28,757 INFO  ratis.ContainerStateMachine (ContainerStateMachine.java:loadSnapshot(213)) - group-6BEB9229B693: The snapshot info is null. Setting the last applied indexto:(t:0, i:~)
2019-07-30 18:57:28,757 INFO  server.RaftServerConfigKeys (ConfUtils.java:logGet(43)) - raft.server.leader.election.timeout = 120s (custom)
2019-07-30 18:57:28,757 INFO  server.RaftServerConfigKeys (ConfUtils.java:logGet(43)) - raft.server.log.use.memory = false (default)
2019-07-30 18:57:28,757 INFO  server.RaftServerConfigKeys (ConfUtils.java:logGet(43)) - raft.server.log.purge.gap = 1000000000 (custom)
2019-07-30 18:57:28,758 INFO  server.RaftServerConfigKeys (ConfUtils.java:logGet(43)) - raft.server.log.appender.buffer.byte-limit = 33554432 (custom)
2019-07-30 18:57:28,758 INFO  server.RaftServerConfigKeys (ConfUtils.java:logGet(43)) - raft.server.log.segment.size.max = 1048576 (custom)
2019-07-30 18:57:28,758 INFO  server.RaftServerConfigKeys (ConfUtils.java:logGet(43)) - raft.server.log.segment.cache.num.max = 2 (custom)
2019-07-30 18:57:28,758 INFO  segmented.SegmentedRaftLogWorker (SegmentedRaftLogWorker.java:<init>(172)) - new 23ac1009-dd5d-4e92-bc89-541c1acd21fa-SegmentedRaftLogWorker:Storage Directory /workdir/hadoop-ozone/integration-test/target/test-dir/MiniOzoneClusterImpl-ceb5da31-5fea-43e0-af46-24746aa3ff01/datanode-2/data/ratis/43ebae64-06ed-4272-b7c6-6beb9229b693 for RaftStorage:Storage Directory /workdir/hadoop-ozone/integration-test/target/test-dir/MiniOzoneClusterImpl-ceb5da31-5fea-43e0-af46-24746aa3ff01/datanode-2/data/ratis/43ebae64-06ed-4272-b7c6-6beb9229b693
2019-07-30 18:57:28,759 INFO  server.RaftServerConfigKeys (ConfUtils.java:logGet(43)) - raft.server.log.queue.byte-limit = 2147483647 (custom)
2019-07-30 18:57:28,759 INFO  server.RaftServerConfigKeys (ConfUtils.java:logGet(43)) - raft.server.log.queue.element-limit = 1024 (custom)
2019-07-30 18:57:28,759 INFO  server.RaftServerConfigKeys (ConfUtils.java:logGet(43)) - raft.server.log.segment.size.max = 1048576 (custom)
2019-07-30 18:57:28,759 INFO  server.RaftServerConfigKeys (ConfUtils.java:logGet(43)) - raft.server.log.preallocated.size = 16384 (custom)
2019-07-30 18:57:28,759 INFO  server.RaftServerConfigKeys (ConfUtils.java:logGet(43)) - raft.server.log.write.buffer.size = 33554432 (custom)
2019-07-30 18:57:28,760 INFO  server.RaftServerConfigKeys (ConfUtils.java:logGet(43)) - raft.server.log.force.sync.num = 128 (default)
2019-07-30 18:57:28,760 INFO  server.RaftServerConfigKeys (ConfUtils.java:logGet(43)) - raft.server.log.statemachine.data.sync = true (default)
2019-07-30 18:57:28,760 INFO  server.RaftServerConfigKeys (ConfUtils.java:logGet(43)) - raft.server.log.statemachine.data.sync.timeout = 10s (default)
2019-07-30 18:57:28,760 INFO  server.RaftServerConfigKeys (ConfUtils.java:logGet(43)) - raft.server.log.statemachine.data.sync.timeout.retry = -1 (default)
2019-07-30 18:57:28,761 INFO  server.RaftServerConfigKeys (ConfUtils.java:logGet(43)) - raft.server.log.statemachine.data.caching.enabled = true (custom)
2019-07-30 18:57:28,761 INFO  segmented.SegmentedRaftLogWorker (SegmentedRaftLogWorker.java:lambda$new$0(132)) - 23ac1009-dd5d-4e92-bc89-541c1acd21fa-SegmentedRaftLogWorker:Storage Directory /workdir/hadoop-ozone/integration-test/target/test-dir/MiniOzoneClusterImpl-ceb5da31-5fea-43e0-af46-24746aa3ff01/datanode-2/data/ratis/43ebae64-06ed-4272-b7c6-6beb9229b693: flushIndex: setUnconditionally 0 -> -1
2019-07-30 18:57:28,761 INFO  server.RaftServerConfigKeys (ConfUtils.java:logGet(43)) - raft.server.snapshot.auto.trigger.enabled = true (custom)
2019-07-30 18:57:28,762 INFO  server.RaftServerConfigKeys (ConfUtils.java:logGet(43)) - raft.server.snapshot.auto.trigger.threshold = 10000 (custom)
2019-07-30 18:57:28,762 INFO  server.RaftServerConfigKeys (ConfUtils.java:logGet(43)) - raft.server.retrycache.expirytime = 600000ms (custom)
2019-07-30 18:57:28,762 INFO  impl.RaftServerImpl (RaftServerImpl.java:start(180)) - 23ac1009-dd5d-4e92-bc89-541c1acd21fa: start group-6BEB9229B693
2019-07-30 18:57:28,762 INFO  impl.RaftServerImpl (RaftServerImpl.java:setRole(171)) - 23ac1009-dd5d-4e92-bc89-541c1acd21fa:group-6BEB9229B693 changes role from null to FOLLOWER at term 0 for startAsFollower
2019-07-30 18:57:28,763 INFO  impl.RoleInfo (RoleInfo.java:updateAndGet(143)) - 23ac1009-dd5d-4e92-bc89-541c1acd21fa: start FollowerState
2019-07-30 18:57:28,763 INFO  util.JmxRegister (JmxRegister.java:tryRegister(44)) - Successfully registered JMX Bean with object name Ratis:service=RaftServer,group=group-6BEB9229B693,id=23ac1009-dd5d-4e92-bc89-541c1acd21fa
2019-07-30 18:57:28,773 INFO  pipeline.PipelineStateManager (PipelineStateManager.java:addPipeline(56)) - Created pipeline Pipeline[ Id: 43ebae64-06ed-4272-b7c6-6beb9229b693, Nodes: 23ac1009-dd5d-4e92-bc89-541c1acd21fa{ip: 192.168.5.147, host: byscane-nightly-d7s94-1643579034, networkLocation: /default-rack, certSerialId: null}, Type:RATIS, Factor:ONE, State:OPEN]
2019-07-30 18:57:28,839 INFO  impl.RaftServerProxy (RaftServerProxy.java:addNew(89)) - 23ac1009-dd5d-4e92-bc89-541c1acd21fa: addNew group-F546A636E85F:[23ac1009-dd5d-4e92-bc89-541c1acd21fa:192.168.5.147:35258, fae847a1-21dd-4124-a25a-168436ad6b5e:192.168.5.147:33878, 895671ac-4e50-4147-895c-4f845fff57ce:192.168.5.147:40427] returns group-F546A636E85F:java.util.concurrent.CompletableFuture@552729ce[Not completed]
2019-07-30 18:57:28,841 INFO  impl.RaftServerProxy (RaftServerProxy.java:addNew(89)) - fae847a1-21dd-4124-a25a-168436ad6b5e: addNew group-F546A636E85F:[23ac1009-dd5d-4e92-bc89-541c1acd21fa:192.168.5.147:35258, fae847a1-21dd-4124-a25a-168436ad6b5e:192.168.5.147:33878, 895671ac-4e50-4147-895c-4f845fff57ce:192.168.5.147:40427] returns group-F546A636E85F:java.util.concurrent.CompletableFuture@2b57f079[Not completed]
2019-07-30 18:57:28,842 INFO  impl.RaftServerProxy (RaftServerProxy.java:addNew(89)) - 895671ac-4e50-4147-895c-4f845fff57ce: addNew group-F546A636E85F:[23ac1009-dd5d-4e92-bc89-541c1acd21fa:192.168.5.147:35258, fae847a1-21dd-4124-a25a-168436ad6b5e:192.168.5.147:33878, 895671ac-4e50-4147-895c-4f845fff57ce:192.168.5.147:40427] returns group-F546A636E85F:java.util.concurrent.CompletableFuture@7342b64[Not completed]
2019-07-30 18:57:28,843 INFO  impl.RaftServerImpl (RaftServerImpl.java:<init>(93)) - 23ac1009-dd5d-4e92-bc89-541c1acd21fa: new RaftServerImpl for group-F546A636E85F:[23ac1009-dd5d-4e92-bc89-541c1acd21fa:192.168.5.147:35258, fae847a1-21dd-4124-a25a-168436ad6b5e:192.168.5.147:33878, 895671ac-4e50-4147-895c-4f845fff57ce:192.168.5.147:40427] with ContainerStateMachine:uninitialized
2019-07-30 18:57:28,843 INFO  server.RaftServerConfigKeys (ConfUtils.java:logGet(43)) - raft.server.rpc.timeout.min = 5s (custom)
2019-07-30 18:57:28,843 INFO  impl.RaftServerImpl (RaftServerImpl.java:<init>(93)) - 895671ac-4e50-4147-895c-4f845fff57ce: new RaftServerImpl for group-F546A636E85F:[23ac1009-dd5d-4e92-bc89-541c1acd21fa:192.168.5.147:35258, fae847a1-21dd-4124-a25a-168436ad6b5e:192.168.5.147:33878, 895671ac-4e50-4147-895c-4f845fff57ce:192.168.5.147:40427] with ContainerStateMachine:uninitialized
2019-07-30 18:57:28,843 INFO  server.RaftServerConfigKeys (ConfUtils.java:logGet(43)) - raft.server.rpc.timeout.max = 5200ms (custom)
2019-07-30 18:57:28,843 INFO  server.RaftServerConfigKeys (ConfUtils.java:logGet(43)) - raft.server.rpc.timeout.min = 5s (custom)
2019-07-30 18:57:28,843 INFO  server.RaftServerConfigKeys (ConfUtils.java:logGet(43)) - raft.server.rpcslowness.timeout = 120s (custom)
2019-07-30 18:57:28,843 INFO  impl.RaftServerImpl (RaftServerImpl.java:<init>(93)) - fae847a1-21dd-4124-a25a-168436ad6b5e: new RaftServerImpl for group-F546A636E85F:[23ac1009-dd5d-4e92-bc89-541c1acd21fa:192.168.5.147:35258, fae847a1-21dd-4124-a25a-168436ad6b5e:192.168.5.147:33878, 895671ac-4e50-4147-895c-4f845fff57ce:192.168.5.147:40427] with ContainerStateMachine:uninitialized
2019-07-30 18:57:28,843 INFO  server.RaftServerConfigKeys (ConfUtils.java:logGet(43)) - raft.server.rpc.timeout.max = 5200ms (custom)
2019-07-30 18:57:28,844 INFO  server.RaftServerConfigKeys (ConfUtils.java:logGet(43)) - raft.server.rpc.timeout.min = 5s (custom)
2019-07-30 18:57:28,844 INFO  server.RaftServerConfigKeys (ConfUtils.java:logGet(43)) - raft.server.sleep.deviation.threshold = 300 (default)
2019-07-30 18:57:28,844 INFO  server.RaftServerConfigKeys (ConfUtils.java:logGet(43)) - raft.server.rpc.timeout.max = 5200ms (custom)
2019-07-30 18:57:28,844 INFO  server.RaftServerConfigKeys (ConfUtils.java:logGet(43)) - raft.server.rpcslowness.timeout = 120s (custom)
2019-07-30 18:57:28,844 INFO  server.RaftServerConfigKeys (ConfUtils.java:logGet(43)) - raft.server.rpcslowness.timeout = 120s (custom)
2019-07-30 18:57:28,844 INFO  server.RaftServerConfigKeys (ConfUtils.java:logGet(43)) - raft.server.log.appender.install.snapshot.enabled = false (custom)
2019-07-30 18:57:28,845 INFO  server.RaftServerConfigKeys (ConfUtils.java:logGet(43)) - raft.server.sleep.deviation.threshold = 300 (default)
2019-07-30 18:57:28,845 INFO  server.RaftServerConfigKeys (ConfUtils.java:logGet(43)) - raft.server.log.appender.install.snapshot.enabled = false (custom)
2019-07-30 18:57:28,844 INFO  server.RaftServerConfigKeys (ConfUtils.java:logGet(43)) - raft.server.sleep.deviation.threshold = 300 (default)
2019-07-30 18:57:28,845 INFO  impl.RaftServerImpl (ServerState.java:<init>(105)) - fae847a1-21dd-4124-a25a-168436ad6b5e:group-F546A636E85F ConfigurationManager, init=-1: [23ac1009-dd5d-4e92-bc89-541c1acd21fa:192.168.5.147:35258, fae847a1-21dd-4124-a25a-168436ad6b5e:192.168.5.147:33878, 895671ac-4e50-4147-895c-4f845fff57ce:192.168.5.147:40427], old=null, confs=<EMPTY_MAP>
2019-07-30 18:57:28,845 INFO  impl.RaftServerImpl (ServerState.java:<init>(105)) - 23ac1009-dd5d-4e92-bc89-541c1acd21fa:group-F546A636E85F ConfigurationManager, init=-1: [23ac1009-dd5d-4e92-bc89-541c1acd21fa:192.168.5.147:35258, fae847a1-21dd-4124-a25a-168436ad6b5e:192.168.5.147:33878, 895671ac-4e50-4147-895c-4f845fff57ce:192.168.5.147:40427], old=null, confs=<EMPTY_MAP>
2019-07-30 18:57:28,845 INFO  server.RaftServerConfigKeys (ConfUtils.java:logGet(43)) - raft.server.storage.dir = [/workdir/hadoop-ozone/integration-test/target/test-dir/MiniOzoneClusterImpl-ceb5da31-5fea-43e0-af46-24746aa3ff01/datanode-0/data/ratis] (custom)
2019-07-30 18:57:28,845 INFO  server.RaftServerConfigKeys (ConfUtils.java:logGet(43)) - raft.server.log.appender.install.snapshot.enabled = false (custom)
2019-07-30 18:57:28,846 INFO  server.RaftServerConfigKeys (ConfUtils.java:logGet(43)) - raft.server.storage.dir = [/workdir/hadoop-ozone/integration-test/target/test-dir/MiniOzoneClusterImpl-ceb5da31-5fea-43e0-af46-24746aa3ff01/datanode-2/data/ratis] (custom)
2019-07-30 18:57:28,846 INFO  impl.RaftServerImpl (ServerState.java:<init>(105)) - 895671ac-4e50-4147-895c-4f845fff57ce:group-F546A636E85F ConfigurationManager, init=-1: [23ac1009-dd5d-4e92-bc89-541c1acd21fa:192.168.5.147:35258, fae847a1-21dd-4124-a25a-168436ad6b5e:192.168.5.147:33878, 895671ac-4e50-4147-895c-4f845fff57ce:192.168.5.147:40427], old=null, confs=<EMPTY_MAP>
2019-07-30 18:57:28,846 INFO  storage.RaftStorageDirectory (RaftStorageDirectory.java:analyzeStorage(246)) - The storage directory /workdir/hadoop-ozone/integration-test/target/test-dir/MiniOzoneClusterImpl-ceb5da31-5fea-43e0-af46-24746aa3ff01/datanode-0/data/ratis/4180c5e5-2613-41b2-8981-f546a636e85f does not exist. Creating ...
2019-07-30 18:57:28,846 INFO  storage.RaftStorageDirectory (RaftStorageDirectory.java:analyzeStorage(246)) - The storage directory /workdir/hadoop-ozone/integration-test/target/test-dir/MiniOzoneClusterImpl-ceb5da31-5fea-43e0-af46-24746aa3ff01/datanode-2/data/ratis/4180c5e5-2613-41b2-8981-f546a636e85f does not exist. Creating ...
2019-07-30 18:57:28,846 INFO  server.RaftServerConfigKeys (ConfUtils.java:logGet(43)) - raft.server.storage.dir = [/workdir/hadoop-ozone/integration-test/target/test-dir/MiniOzoneClusterImpl-ceb5da31-5fea-43e0-af46-24746aa3ff01/datanode-1/data/ratis] (custom)
2019-07-30 18:57:28,847 INFO  storage.RaftStorageDirectory (RaftStorageDirectory.java:analyzeStorage(246)) - The storage directory /workdir/hadoop-ozone/integration-test/target/test-dir/MiniOzoneClusterImpl-ceb5da31-5fea-43e0-af46-24746aa3ff01/datanode-1/data/ratis/4180c5e5-2613-41b2-8981-f546a636e85f does not exist. Creating ...
2019-07-30 18:57:28,859 INFO  storage.RaftStorageDirectory (RaftStorageDirectory.java:tryLock(328)) - Lock on /workdir/hadoop-ozone/integration-test/target/test-dir/MiniOzoneClusterImpl-ceb5da31-5fea-43e0-af46-24746aa3ff01/datanode-2/data/ratis/4180c5e5-2613-41b2-8981-f546a636e85f/in_use.lock acquired by nodename 24311@byscane-nightly-d7s94-1643579034
2019-07-30 18:57:28,859 INFO  storage.RaftStorageDirectory (RaftStorageDirectory.java:tryLock(328)) - Lock on /workdir/hadoop-ozone/integration-test/target/test-dir/MiniOzoneClusterImpl-ceb5da31-5fea-43e0-af46-24746aa3ff01/datanode-0/data/ratis/4180c5e5-2613-41b2-8981-f546a636e85f/in_use.lock acquired by nodename 24311@byscane-nightly-d7s94-1643579034
2019-07-30 18:57:28,859 INFO  storage.RaftStorageDirectory (RaftStorageDirectory.java:tryLock(328)) - Lock on /workdir/hadoop-ozone/integration-test/target/test-dir/MiniOzoneClusterImpl-ceb5da31-5fea-43e0-af46-24746aa3ff01/datanode-1/data/ratis/4180c5e5-2613-41b2-8981-f546a636e85f/in_use.lock acquired by nodename 24311@byscane-nightly-d7s94-1643579034
2019-07-30 18:57:28,867 INFO  storage.RaftStorage (RaftStorage.java:format(72)) - Storage directory /workdir/hadoop-ozone/integration-test/target/test-dir/MiniOzoneClusterImpl-ceb5da31-5fea-43e0-af46-24746aa3ff01/datanode-2/data/ratis/4180c5e5-2613-41b2-8981-f546a636e85f has been successfully formatted.
2019-07-30 18:57:28,867 INFO  storage.RaftStorage (RaftStorage.java:format(72)) - Storage directory /workdir/hadoop-ozone/integration-test/target/test-dir/MiniOzoneClusterImpl-ceb5da31-5fea-43e0-af46-24746aa3ff01/datanode-1/data/ratis/4180c5e5-2613-41b2-8981-f546a636e85f has been successfully formatted.
2019-07-30 18:57:28,868 INFO  ratis.ContainerStateMachine (ContainerStateMachine.java:loadSnapshot(213)) - group-F546A636E85F: The snapshot info is null. Setting the last applied indexto:(t:0, i:~)
2019-07-30 18:57:28,867 INFO  storage.RaftStorage (RaftStorage.java:format(72)) - Storage directory /workdir/hadoop-ozone/integration-test/target/test-dir/MiniOzoneClusterImpl-ceb5da31-5fea-43e0-af46-24746aa3ff01/datanode-0/data/ratis/4180c5e5-2613-41b2-8981-f546a636e85f has been successfully formatted.
2019-07-30 18:57:28,868 INFO  server.RaftServerConfigKeys (ConfUtils.java:logGet(43)) - raft.server.leader.election.timeout = 120s (custom)
2019-07-30 18:57:28,868 INFO  ratis.ContainerStateMachine (ContainerStateMachine.java:loadSnapshot(213)) - group-F546A636E85F: The snapshot info is null. Setting the last applied indexto:(t:0, i:~)
2019-07-30 18:57:28,868 INFO  ratis.ContainerStateMachine (ContainerStateMachine.java:loadSnapshot(213)) - group-F546A636E85F: The snapshot info is null. Setting the last applied indexto:(t:0, i:~)
2019-07-30 18:57:28,868 INFO  server.RaftServerConfigKeys (ConfUtils.java:logGet(43)) - raft.server.log.use.memory = false (default)
2019-07-30 18:57:28,869 INFO  server.RaftServerConfigKeys (ConfUtils.java:logGet(43)) - raft.server.leader.election.timeout = 120s (custom)
2019-07-30 18:57:28,868 INFO  server.RaftServerConfigKeys (ConfUtils.java:logGet(43)) - raft.server.leader.election.timeout = 120s (custom)
2019-07-30 18:57:28,869 INFO  server.RaftServerConfigKeys (ConfUtils.java:logGet(43)) - raft.server.log.use.memory = false (default)
2019-07-30 18:57:28,869 INFO  server.RaftServerConfigKeys (ConfUtils.java:logGet(43)) - raft.server.log.purge.gap = 1000000000 (custom)
2019-07-30 18:57:28,869 INFO  server.RaftServerConfigKeys (ConfUtils.java:logGet(43)) - raft.server.log.purge.gap = 1000000000 (custom)
2019-07-30 18:57:28,869 INFO  server.RaftServerConfigKeys (ConfUtils.java:logGet(43)) - raft.server.log.use.memory = false (default)
2019-07-30 18:57:28,870 INFO  server.RaftServerConfigKeys (ConfUtils.java:logGet(43)) - raft.server.log.appender.buffer.byte-limit = 33554432 (custom)
2019-07-30 18:57:28,869 INFO  server.RaftServerConfigKeys (ConfUtils.java:logGet(43)) - raft.server.log.appender.buffer.byte-limit = 33554432 (custom)
2019-07-30 18:57:28,870 INFO  server.RaftServerConfigKeys (ConfUtils.java:logGet(43)) - raft.server.log.segment.size.max = 1048576 (custom)
2019-07-30 18:57:28,870 INFO  server.RaftServerConfigKeys (ConfUtils.java:logGet(43)) - raft.server.log.purge.gap = 1000000000 (custom)
2019-07-30 18:57:28,870 INFO  server.RaftServerConfigKeys (ConfUtils.java:logGet(43)) - raft.server.log.segment.cache.num.max = 2 (custom)
2019-07-30 18:57:28,870 INFO  server.RaftServerConfigKeys (ConfUtils.java:logGet(43)) - raft.server.log.segment.size.max = 1048576 (custom)
2019-07-30 18:57:28,871 INFO  segmented.SegmentedRaftLogWorker (SegmentedRaftLogWorker.java:<init>(172)) - new fae847a1-21dd-4124-a25a-168436ad6b5e-SegmentedRaftLogWorker:Storage Directory /workdir/hadoop-ozone/integration-test/target/test-dir/MiniOzoneClusterImpl-ceb5da31-5fea-43e0-af46-24746aa3ff01/datanode-0/data/ratis/4180c5e5-2613-41b2-8981-f546a636e85f for RaftStorage:Storage Directory /workdir/hadoop-ozone/integration-test/target/test-dir/MiniOzoneClusterImpl-ceb5da31-5fea-43e0-af46-24746aa3ff01/datanode-0/data/ratis/4180c5e5-2613-41b2-8981-f546a636e85f
2019-07-30 18:57:28,870 INFO  server.RaftServerConfigKeys (ConfUtils.java:logGet(43)) - raft.server.log.appender.buffer.byte-limit = 33554432 (custom)
2019-07-30 18:57:28,871 INFO  server.RaftServerConfigKeys (ConfUtils.java:logGet(43)) - raft.server.log.queue.byte-limit = 2147483647 (custom)
2019-07-30 18:57:28,871 INFO  server.RaftServerConfigKeys (ConfUtils.java:logGet(43)) - raft.server.log.segment.cache.num.max = 2 (custom)
2019-07-30 18:57:28,874 INFO  server.RaftServerConfigKeys (ConfUtils.java:logGet(43)) - raft.server.log.queue.element-limit = 1024 (custom)
2019-07-30 18:57:28,871 INFO  server.RaftServerConfigKeys (ConfUtils.java:logGet(43)) - raft.server.log.segment.size.max = 1048576 (custom)
2019-07-30 18:57:28,875 INFO  server.RaftServerConfigKeys (ConfUtils.java:logGet(43)) - raft.server.log.segment.size.max = 1048576 (custom)
2019-07-30 18:57:28,875 INFO  segmented.SegmentedRaftLogWorker (SegmentedRaftLogWorker.java:<init>(172)) - new 23ac1009-dd5d-4e92-bc89-541c1acd21fa-SegmentedRaftLogWorker:Storage Directory /workdir/hadoop-ozone/integration-test/target/test-dir/MiniOzoneClusterImpl-ceb5da31-5fea-43e0-af46-24746aa3ff01/datanode-2/data/ratis/4180c5e5-2613-41b2-8981-f546a636e85f for RaftStorage:Storage Directory /workdir/hadoop-ozone/integration-test/target/test-dir/MiniOzoneClusterImpl-ceb5da31-5fea-43e0-af46-24746aa3ff01/datanode-2/data/ratis/4180c5e5-2613-41b2-8981-f546a636e85f
2019-07-30 18:57:28,875 INFO  server.RaftServerConfigKeys (ConfUtils.java:logGet(43)) - raft.server.log.preallocated.size = 16384 (custom)
2019-07-30 18:57:28,875 INFO  server.RaftServerConfigKeys (ConfUtils.java:logGet(43)) - raft.server.log.segment.cache.num.max = 2 (custom)
2019-07-30 18:57:28,875 INFO  server.RaftServerConfigKeys (ConfUtils.java:logGet(43)) - raft.server.log.write.buffer.size = 33554432 (custom)
2019-07-30 18:57:28,875 INFO  server.RaftServerConfigKeys (ConfUtils.java:logGet(43)) - raft.server.log.queue.byte-limit = 2147483647 (custom)
2019-07-30 18:57:28,878 INFO  server.RaftServerConfigKeys (ConfUtils.java:logGet(43)) - raft.server.log.force.sync.num = 128 (default)
2019-07-30 18:57:28,878 INFO  segmented.SegmentedRaftLogWorker (SegmentedRaftLogWorker.java:<init>(172)) - new 895671ac-4e50-4147-895c-4f845fff57ce-SegmentedRaftLogWorker:Storage Directory /workdir/hadoop-ozone/integration-test/target/test-dir/MiniOzoneClusterImpl-ceb5da31-5fea-43e0-af46-24746aa3ff01/datanode-1/data/ratis/4180c5e5-2613-41b2-8981-f546a636e85f for RaftStorage:Storage Directory /workdir/hadoop-ozone/integration-test/target/test-dir/MiniOzoneClusterImpl-ceb5da31-5fea-43e0-af46-24746aa3ff01/datanode-1/data/ratis/4180c5e5-2613-41b2-8981-f546a636e85f
2019-07-30 18:57:28,879 INFO  server.RaftServerConfigKeys (ConfUtils.java:logGet(43)) - raft.server.log.statemachine.data.sync = true (default)
2019-07-30 18:57:28,879 INFO  server.RaftServerConfigKeys (ConfUtils.java:logGet(43)) - raft.server.log.queue.element-limit = 1024 (custom)
2019-07-30 18:57:28,879 INFO  server.RaftServerConfigKeys (ConfUtils.java:logGet(43)) - raft.server.log.statemachine.data.sync.timeout = 10s (default)
2019-07-30 18:57:28,879 INFO  server.RaftServerConfigKeys (ConfUtils.java:logGet(43)) - raft.server.log.queue.byte-limit = 2147483647 (custom)
2019-07-30 18:57:28,891 INFO  server.RaftServerConfigKeys (ConfUtils.java:logGet(43)) - raft.server.log.statemachine.data.sync.timeout.retry = -1 (default)
2019-07-30 18:57:28,891 INFO  server.RaftServerConfigKeys (ConfUtils.java:logGet(43)) - raft.server.log.segment.size.max = 1048576 (custom)
2019-07-30 18:57:28,891 INFO  server.RaftServerConfigKeys (ConfUtils.java:logGet(43)) - raft.server.log.queue.element-limit = 1024 (custom)
2019-07-30 18:57:28,892 INFO  server.RaftServerConfigKeys (ConfUtils.java:logGet(43)) - raft.server.log.preallocated.size = 16384 (custom)
2019-07-30 18:57:28,892 INFO  server.RaftServerConfigKeys (ConfUtils.java:logGet(43)) - raft.server.log.statemachine.data.caching.enabled = true (custom)
2019-07-30 18:57:28,892 INFO  server.RaftServerConfigKeys (ConfUtils.java:logGet(43)) - raft.server.log.write.buffer.size = 33554432 (custom)
2019-07-30 18:57:28,892 INFO  server.RaftServerConfigKeys (ConfUtils.java:logGet(43)) - raft.server.log.segment.size.max = 1048576 (custom)
2019-07-30 18:57:28,892 INFO  server.RaftServerConfigKeys (ConfUtils.java:logGet(43)) - raft.server.log.force.sync.num = 128 (default)
2019-07-30 18:57:28,893 INFO  segmented.SegmentedRaftLogWorker (SegmentedRaftLogWorker.java:lambda$new$0(132)) - fae847a1-21dd-4124-a25a-168436ad6b5e-SegmentedRaftLogWorker:Storage Directory /workdir/hadoop-ozone/integration-test/target/test-dir/MiniOzoneClusterImpl-ceb5da31-5fea-43e0-af46-24746aa3ff01/datanode-0/data/ratis/4180c5e5-2613-41b2-8981-f546a636e85f: flushIndex: setUnconditionally 0 -> -1
2019-07-30 18:57:28,893 INFO  server.RaftServerConfigKeys (ConfUtils.java:logGet(43)) - raft.server.log.preallocated.size = 16384 (custom)
2019-07-30 18:57:28,893 INFO  server.RaftServerConfigKeys (ConfUtils.java:logGet(43)) - raft.server.log.statemachine.data.sync = true (default)
2019-07-30 18:57:28,893 INFO  server.RaftServerConfigKeys (ConfUtils.java:logGet(43)) - raft.server.log.write.buffer.size = 33554432 (custom)
2019-07-30 18:57:28,893 INFO  server.RaftServerConfigKeys (ConfUtils.java:logGet(43)) - raft.server.snapshot.auto.trigger.enabled = true (custom)
2019-07-30 18:57:28,893 INFO  server.RaftServerConfigKeys (ConfUtils.java:logGet(43)) - raft.server.log.statemachine.data.sync.timeout = 10s (default)
2019-07-30 18:57:28,894 INFO  server.RaftServerConfigKeys (ConfUtils.java:logGet(43)) - raft.server.snapshot.auto.trigger.threshold = 10000 (custom)
2019-07-30 18:57:28,893 INFO  server.RaftServerConfigKeys (ConfUtils.java:logGet(43)) - raft.server.log.force.sync.num = 128 (default)
2019-07-30 18:57:28,894 INFO  server.RaftServerConfigKeys (ConfUtils.java:logGet(43)) - raft.server.log.statemachine.data.sync.timeout.retry = -1 (default)
2019-07-30 18:57:28,894 INFO  server.RaftServerConfigKeys (ConfUtils.java:logGet(43)) - raft.server.retrycache.expirytime = 600000ms (custom)
2019-07-30 18:57:28,894 INFO  server.RaftServerConfigKeys (ConfUtils.java:logGet(43)) - raft.server.log.statemachine.data.sync = true (default)
2019-07-30 18:57:28,894 INFO  server.RaftServerConfigKeys (ConfUtils.java:logGet(43)) - raft.server.log.statemachine.data.caching.enabled = true (custom)
2019-07-30 18:57:28,895 INFO  impl.RaftServerImpl (RaftServerImpl.java:start(180)) - fae847a1-21dd-4124-a25a-168436ad6b5e: start group-F546A636E85F
2019-07-30 18:57:28,895 INFO  server.RaftServerConfigKeys (ConfUtils.java:logGet(43)) - raft.server.log.statemachine.data.sync.timeout = 10s (default)
2019-07-30 18:57:28,895 INFO  impl.RaftServerImpl (RaftServerImpl.java:setRole(171)) - fae847a1-21dd-4124-a25a-168436ad6b5e:group-F546A636E85F changes role from null to FOLLOWER at term 0 for startAsFollower
2019-07-30 18:57:28,895 INFO  segmented.SegmentedRaftLogWorker (SegmentedRaftLogWorker.java:lambda$new$0(132)) - 23ac1009-dd5d-4e92-bc89-541c1acd21fa-SegmentedRaftLogWorker:Storage Directory /workdir/hadoop-ozone/integration-test/target/test-dir/MiniOzoneClusterImpl-ceb5da31-5fea-43e0-af46-24746aa3ff01/datanode-2/data/ratis/4180c5e5-2613-41b2-8981-f546a636e85f: flushIndex: setUnconditionally 0 -> -1
2019-07-30 18:57:28,895 INFO  impl.RoleInfo (RoleInfo.java:updateAndGet(143)) - fae847a1-21dd-4124-a25a-168436ad6b5e: start FollowerState
2019-07-30 18:57:28,895 INFO  server.RaftServerConfigKeys (ConfUtils.java:logGet(43)) - raft.server.log.statemachine.data.sync.timeout.retry = -1 (default)
2019-07-30 18:57:28,896 INFO  server.RaftServerConfigKeys (ConfUtils.java:logGet(43)) - raft.server.snapshot.auto.trigger.enabled = true (custom)
2019-07-30 18:57:28,896 INFO  server.RaftServerConfigKeys (ConfUtils.java:logGet(43)) - raft.server.log.statemachine.data.caching.enabled = true (custom)
2019-07-30 18:57:28,896 INFO  server.RaftServerConfigKeys (ConfUtils.java:logGet(43)) - raft.server.snapshot.auto.trigger.threshold = 10000 (custom)
2019-07-30 18:57:28,896 INFO  util.JmxRegister (JmxRegister.java:tryRegister(44)) - Successfully registered JMX Bean with object name Ratis:service=RaftServer,group=group-F546A636E85F,id=fae847a1-21dd-4124-a25a-168436ad6b5e
2019-07-30 18:57:28,896 INFO  server.RaftServerConfigKeys (ConfUtils.java:logGet(43)) - raft.server.retrycache.expirytime = 600000ms (custom)
2019-07-30 18:57:28,896 INFO  segmented.SegmentedRaftLogWorker (SegmentedRaftLogWorker.java:lambda$new$0(132)) - 895671ac-4e50-4147-895c-4f845fff57ce-SegmentedRaftLogWorker:Storage Directory /workdir/hadoop-ozone/integration-test/target/test-dir/MiniOzoneClusterImpl-ceb5da31-5fea-43e0-af46-24746aa3ff01/datanode-1/data/ratis/4180c5e5-2613-41b2-8981-f546a636e85f: flushIndex: setUnconditionally 0 -> -1
2019-07-30 18:57:28,897 INFO  impl.RaftServerImpl (RaftServerImpl.java:start(180)) - 23ac1009-dd5d-4e92-bc89-541c1acd21fa: start group-F546A636E85F
2019-07-30 18:57:28,897 INFO  impl.RaftServerImpl (RaftServerImpl.java:setRole(171)) - 23ac1009-dd5d-4e92-bc89-541c1acd21fa:group-F546A636E85F changes role from null to FOLLOWER at term 0 for startAsFollower
2019-07-30 18:57:28,897 INFO  server.RaftServerConfigKeys (ConfUtils.java:logGet(43)) - raft.server.snapshot.auto.trigger.enabled = true (custom)
2019-07-30 18:57:28,897 INFO  impl.RoleInfo (RoleInfo.java:updateAndGet(143)) - 23ac1009-dd5d-4e92-bc89-541c1acd21fa: start FollowerState
2019-07-30 18:57:28,897 INFO  server.RaftServerConfigKeys (ConfUtils.java:logGet(43)) - raft.server.snapshot.auto.trigger.threshold = 10000 (custom)
2019-07-30 18:57:28,897 INFO  server.RaftServerConfigKeys (ConfUtils.java:logGet(43)) - raft.server.retrycache.expirytime = 600000ms (custom)
2019-07-30 18:57:28,897 INFO  util.JmxRegister (JmxRegister.java:tryRegister(44)) - Successfully registered JMX Bean with object name Ratis:service=RaftServer,group=group-F546A636E85F,id=23ac1009-dd5d-4e92-bc89-541c1acd21fa
2019-07-30 18:57:28,897 INFO  impl.RaftServerImpl (RaftServerImpl.java:start(180)) - 895671ac-4e50-4147-895c-4f845fff57ce: start group-F546A636E85F
2019-07-30 18:57:28,898 INFO  impl.RaftServerImpl (RaftServerImpl.java:setRole(171)) - 895671ac-4e50-4147-895c-4f845fff57ce:group-F546A636E85F changes role from null to FOLLOWER at term 0 for startAsFollower
2019-07-30 18:57:28,898 INFO  impl.RoleInfo (RoleInfo.java:updateAndGet(143)) - 895671ac-4e50-4147-895c-4f845fff57ce: start FollowerState
2019-07-30 18:57:28,898 INFO  util.JmxRegister (JmxRegister.java:tryRegister(44)) - Successfully registered JMX Bean with object name Ratis:service=RaftServer,group=group-F546A636E85F,id=895671ac-4e50-4147-895c-4f845fff57ce
2019-07-30 18:57:28,927 INFO  pipeline.PipelineStateManager (PipelineStateManager.java:addPipeline(56)) - Created pipeline Pipeline[ Id: 4180c5e5-2613-41b2-8981-f546a636e85f, Nodes: 895671ac-4e50-4147-895c-4f845fff57ce{ip: 192.168.5.147, host: byscane-nightly-d7s94-1643579034, networkLocation: /default-rack, certSerialId: null}23ac1009-dd5d-4e92-bc89-541c1acd21fa{ip: 192.168.5.147, host: byscane-nightly-d7s94-1643579034, networkLocation: /default-rack, certSerialId: null}fae847a1-21dd-4124-a25a-168436ad6b5e{ip: 192.168.5.147, host: byscane-nightly-d7s94-1643579034, networkLocation: /default-rack, certSerialId: null}, Type:RATIS, Factor:THREE, State:OPEN]
2019-07-30 18:57:29,705 INFO  ozone.MiniOzoneClusterImpl (MiniOzoneClusterImpl.java:lambda$waitForClusterToBeReady$0(142)) - Cluster is ready. Got 3 of 3 DN Heartbeats.
2019-07-30 18:57:31,224 INFO  container.ReplicationManager (ReplicationManager.java:start(155)) - Starting Replication Monitor Thread.
2019-07-30 18:57:31,230 INFO  container.ReplicationManager (ReplicationManager.java:run(207)) - Replication Monitor Thread took 0 milliseconds for processing 0 containers.
2019-07-30 18:57:33,480 INFO  impl.FollowerState (FollowerState.java:run(106)) - fae847a1-21dd-4124-a25a-168436ad6b5e:group-0B3C60240334 changes to CANDIDATE, lastRpcTime:5195, electionTimeout:5195ms
2019-07-30 18:57:33,480 INFO  impl.RoleInfo (RoleInfo.java:shutdownFollowerState(121)) - fae847a1-21dd-4124-a25a-168436ad6b5e: shutdown FollowerState
2019-07-30 18:57:33,480 INFO  impl.RaftServerImpl (RaftServerImpl.java:setRole(171)) - fae847a1-21dd-4124-a25a-168436ad6b5e:group-0B3C60240334 changes role from FOLLOWER to CANDIDATE at term 0 for changeToCandidate
2019-07-30 18:57:33,481 INFO  impl.RoleInfo (RoleInfo.java:updateAndGet(143)) - fae847a1-21dd-4124-a25a-168436ad6b5e: start LeaderElection
2019-07-30 18:57:33,494 INFO  impl.LeaderElection (LeaderElection.java:askForVotes(181)) - fae847a1-21dd-4124-a25a-168436ad6b5e:group-0B3C60240334:LeaderElection8: begin an election at term 1 for -1: [fae847a1-21dd-4124-a25a-168436ad6b5e:192.168.5.147:33878], old=null
2019-07-30 18:57:33,495 INFO  impl.RoleInfo (RoleInfo.java:shutdownLeaderElection(134)) - fae847a1-21dd-4124-a25a-168436ad6b5e: shutdown LeaderElection
2019-07-30 18:57:33,495 INFO  impl.RaftServerImpl (RaftServerImpl.java:setRole(171)) - fae847a1-21dd-4124-a25a-168436ad6b5e:group-0B3C60240334 changes role from CANDIDATE to LEADER at term 1 for changeToLeader
2019-07-30 18:57:33,495 INFO  impl.RaftServerImpl (ServerState.java:setLeader(263)) - fae847a1-21dd-4124-a25a-168436ad6b5e:group-0B3C60240334 change Leader from null to fae847a1-21dd-4124-a25a-168436ad6b5e at term 1 for becomeLeader, leader elected after 5217ms
2019-07-30 18:57:33,497 INFO  server.RaftServerConfigKeys (ConfUtils.java:logGet(43)) - raft.server.staging.catchup.gap = 1000 (default)
2019-07-30 18:57:33,498 INFO  server.RaftServerConfigKeys (ConfUtils.java:logGet(43)) - raft.server.rpc.sleep.time = 25ms (default)
2019-07-30 18:57:33,498 INFO  server.RaftServerConfigKeys (ConfUtils.java:logGet(43)) - raft.server.write.element-limit = 4096 (default)
2019-07-30 18:57:33,498 INFO  server.RaftServerConfigKeys (ConfUtils.java:logGet(43)) - raft.server.watch.timeout = 10s (default)
2019-07-30 18:57:33,498 INFO  server.RaftServerConfigKeys (ConfUtils.java:logGet(43)) - raft.server.watch.timeout.denomination = 1s (default)
2019-07-30 18:57:33,499 INFO  server.RaftServerConfigKeys (ConfUtils.java:logGet(43)) - raft.server.watch.element-limit = 65536 (default)
2019-07-30 18:57:33,499 INFO  impl.RoleInfo (RoleInfo.java:updateAndGet(143)) - fae847a1-21dd-4124-a25a-168436ad6b5e: start LeaderState
2019-07-30 18:57:33,499 INFO  segmented.SegmentedRaftLogWorker (SegmentedRaftLogWorker.java:startLogSegment(380)) - fae847a1-21dd-4124-a25a-168436ad6b5e-SegmentedRaftLogWorker:Storage Directory /workdir/hadoop-ozone/integration-test/target/test-dir/MiniOzoneClusterImpl-ceb5da31-5fea-43e0-af46-24746aa3ff01/datanode-0/data/ratis/11397caf-1bbf-4a69-ab3a-0b3c60240334: Starting segment from index:0
2019-07-30 18:57:33,500 INFO  impl.RaftServerImpl (ServerState.java:setRaftConf(361)) - fae847a1-21dd-4124-a25a-168436ad6b5e:group-0B3C60240334 set configuration 0: [fae847a1-21dd-4124-a25a-168436ad6b5e:192.168.5.147:33878], old=null at 0
2019-07-30 18:57:33,526 INFO  segmented.SegmentedRaftLogWorker (SegmentedRaftLogWorker.java:execute(569)) - fae847a1-21dd-4124-a25a-168436ad6b5e-SegmentedRaftLogWorker:Storage Directory /workdir/hadoop-ozone/integration-test/target/test-dir/MiniOzoneClusterImpl-ceb5da31-5fea-43e0-af46-24746aa3ff01/datanode-0/data/ratis/11397caf-1bbf-4a69-ab3a-0b3c60240334: created new log segment /workdir/hadoop-ozone/integration-test/target/test-dir/MiniOzoneClusterImpl-ceb5da31-5fea-43e0-af46-24746aa3ff01/datanode-0/data/ratis/11397caf-1bbf-4a69-ab3a-0b3c60240334/current/log_inprogress_0
2019-07-30 18:57:33,623 INFO  impl.FollowerState (FollowerState.java:run(106)) - 895671ac-4e50-4147-895c-4f845fff57ce:group-21FDD8580245 changes to CANDIDATE, lastRpcTime:5122, electionTimeout:5122ms
2019-07-30 18:57:33,624 INFO  impl.RoleInfo (RoleInfo.java:shutdownFollowerState(121)) - 895671ac-4e50-4147-895c-4f845fff57ce: shutdown FollowerState
2019-07-30 18:57:33,624 INFO  impl.RaftServerImpl (RaftServerImpl.java:setRole(171)) - 895671ac-4e50-4147-895c-4f845fff57ce:group-21FDD8580245 changes role from FOLLOWER to CANDIDATE at term 0 for changeToCandidate
2019-07-30 18:57:33,624 INFO  impl.RoleInfo (RoleInfo.java:updateAndGet(143)) - 895671ac-4e50-4147-895c-4f845fff57ce: start LeaderElection
2019-07-30 18:57:33,636 INFO  impl.LeaderElection (LeaderElection.java:askForVotes(181)) - 895671ac-4e50-4147-895c-4f845fff57ce:group-21FDD8580245:LeaderElection9: begin an election at term 1 for -1: [895671ac-4e50-4147-895c-4f845fff57ce:192.168.5.147:40427], old=null
2019-07-30 18:57:33,639 INFO  impl.RoleInfo (RoleInfo.java:shutdownLeaderElection(134)) - 895671ac-4e50-4147-895c-4f845fff57ce: shutdown LeaderElection
2019-07-30 18:57:33,639 INFO  impl.RaftServerImpl (RaftServerImpl.java:setRole(171)) - 895671ac-4e50-4147-895c-4f845fff57ce:group-21FDD8580245 changes role from CANDIDATE to LEADER at term 1 for changeToLeader
2019-07-30 18:57:33,639 INFO  impl.RaftServerImpl (ServerState.java:setLeader(263)) - 895671ac-4e50-4147-895c-4f845fff57ce:group-21FDD8580245 change Leader from null to 895671ac-4e50-4147-895c-4f845fff57ce at term 1 for becomeLeader, leader elected after 5144ms
2019-07-30 18:57:33,642 INFO  server.RaftServerConfigKeys (ConfUtils.java:logGet(43)) - raft.server.staging.catchup.gap = 1000 (default)
2019-07-30 18:57:33,642 INFO  server.RaftServerConfigKeys (ConfUtils.java:logGet(43)) - raft.server.rpc.sleep.time = 25ms (default)
2019-07-30 18:57:33,642 INFO  server.RaftServerConfigKeys (ConfUtils.java:logGet(43)) - raft.server.write.element-limit = 4096 (default)
2019-07-30 18:57:33,642 INFO  server.RaftServerConfigKeys (ConfUtils.java:logGet(43)) - raft.server.watch.timeout = 10s (default)
2019-07-30 18:57:33,643 INFO  server.RaftServerConfigKeys (ConfUtils.java:logGet(43)) - raft.server.watch.timeout.denomination = 1s (default)
2019-07-30 18:57:33,643 INFO  server.RaftServerConfigKeys (ConfUtils.java:logGet(43)) - raft.server.watch.element-limit = 65536 (default)
2019-07-30 18:57:33,643 INFO  impl.RoleInfo (RoleInfo.java:updateAndGet(143)) - 895671ac-4e50-4147-895c-4f845fff57ce: start LeaderState
2019-07-30 18:57:33,643 INFO  segmented.SegmentedRaftLogWorker (SegmentedRaftLogWorker.java:startLogSegment(380)) - 895671ac-4e50-4147-895c-4f845fff57ce-SegmentedRaftLogWorker:Storage Directory /workdir/hadoop-ozone/integration-test/target/test-dir/MiniOzoneClusterImpl-ceb5da31-5fea-43e0-af46-24746aa3ff01/datanode-1/data/ratis/759728b7-1fc1-4e42-9a46-21fdd8580245: Starting segment from index:0
2019-07-30 18:57:33,644 INFO  impl.RaftServerImpl (ServerState.java:setRaftConf(361)) - 895671ac-4e50-4147-895c-4f845fff57ce:group-21FDD8580245 set configuration 0: [895671ac-4e50-4147-895c-4f845fff57ce:192.168.5.147:40427], old=null at 0
2019-07-30 18:57:33,669 INFO  segmented.SegmentedRaftLogWorker (SegmentedRaftLogWorker.java:execute(569)) - 895671ac-4e50-4147-895c-4f845fff57ce-SegmentedRaftLogWorker:Storage Directory /workdir/hadoop-ozone/integration-test/target/test-dir/MiniOzoneClusterImpl-ceb5da31-5fea-43e0-af46-24746aa3ff01/datanode-1/data/ratis/759728b7-1fc1-4e42-9a46-21fdd8580245: created new log segment /workdir/hadoop-ozone/integration-test/target/test-dir/MiniOzoneClusterImpl-ceb5da31-5fea-43e0-af46-24746aa3ff01/datanode-1/data/ratis/759728b7-1fc1-4e42-9a46-21fdd8580245/current/log_inprogress_0
2019-07-30 18:57:33,945 INFO  impl.FollowerState (FollowerState.java:run(106)) - 23ac1009-dd5d-4e92-bc89-541c1acd21fa:group-6BEB9229B693 changes to CANDIDATE, lastRpcTime:5182, electionTimeout:5182ms
2019-07-30 18:57:33,945 INFO  impl.RoleInfo (RoleInfo.java:shutdownFollowerState(121)) - 23ac1009-dd5d-4e92-bc89-541c1acd21fa: shutdown FollowerState
2019-07-30 18:57:33,945 INFO  impl.RaftServerImpl (RaftServerImpl.java:setRole(171)) - 23ac1009-dd5d-4e92-bc89-541c1acd21fa:group-6BEB9229B693 changes role from FOLLOWER to CANDIDATE at term 0 for changeToCandidate
2019-07-30 18:57:33,946 INFO  impl.RoleInfo (RoleInfo.java:updateAndGet(143)) - 23ac1009-dd5d-4e92-bc89-541c1acd21fa: start LeaderElection
2019-07-30 18:57:33,968 INFO  impl.LeaderElection (LeaderElection.java:askForVotes(181)) - 23ac1009-dd5d-4e92-bc89-541c1acd21fa:group-6BEB9229B693:LeaderElection10: begin an election at term 1 for -1: [23ac1009-dd5d-4e92-bc89-541c1acd21fa:192.168.5.147:35258], old=null
2019-07-30 18:57:33,970 INFO  impl.RoleInfo (RoleInfo.java:shutdownLeaderElection(134)) - 23ac1009-dd5d-4e92-bc89-541c1acd21fa: shutdown LeaderElection
2019-07-30 18:57:33,970 INFO  impl.RaftServerImpl (RaftServerImpl.java:setRole(171)) - 23ac1009-dd5d-4e92-bc89-541c1acd21fa:group-6BEB9229B693 changes role from CANDIDATE to LEADER at term 1 for changeToLeader
2019-07-30 18:57:33,971 INFO  impl.RaftServerImpl (ServerState.java:setLeader(263)) - 23ac1009-dd5d-4e92-bc89-541c1acd21fa:group-6BEB9229B693 change Leader from null to 23ac1009-dd5d-4e92-bc89-541c1acd21fa at term 1 for becomeLeader, leader elected after 5213ms
2019-07-30 18:57:33,973 INFO  server.RaftServerConfigKeys (ConfUtils.java:logGet(43)) - raft.server.staging.catchup.gap = 1000 (default)
2019-07-30 18:57:33,973 INFO  server.RaftServerConfigKeys (ConfUtils.java:logGet(43)) - raft.server.rpc.sleep.time = 25ms (default)
2019-07-30 18:57:33,973 INFO  server.RaftServerConfigKeys (ConfUtils.java:logGet(43)) - raft.server.write.element-limit = 4096 (default)
2019-07-30 18:57:33,974 INFO  server.RaftServerConfigKeys (ConfUtils.java:logGet(43)) - raft.server.watch.timeout = 10s (default)
2019-07-30 18:57:33,974 INFO  server.RaftServerConfigKeys (ConfUtils.java:logGet(43)) - raft.server.watch.timeout.denomination = 1s (default)
2019-07-30 18:57:33,974 INFO  server.RaftServerConfigKeys (ConfUtils.java:logGet(43)) - raft.server.watch.element-limit = 65536 (default)
2019-07-30 18:57:33,974 INFO  impl.RoleInfo (RoleInfo.java:updateAndGet(143)) - 23ac1009-dd5d-4e92-bc89-541c1acd21fa: start LeaderState
2019-07-30 18:57:33,975 INFO  segmented.SegmentedRaftLogWorker (SegmentedRaftLogWorker.java:startLogSegment(380)) - 23ac1009-dd5d-4e92-bc89-541c1acd21fa-SegmentedRaftLogWorker:Storage Directory /workdir/hadoop-ozone/integration-test/target/test-dir/MiniOzoneClusterImpl-ceb5da31-5fea-43e0-af46-24746aa3ff01/datanode-2/data/ratis/43ebae64-06ed-4272-b7c6-6beb9229b693: Starting segment from index:0
2019-07-30 18:57:33,975 INFO  impl.RaftServerImpl (ServerState.java:setRaftConf(361)) - 23ac1009-dd5d-4e92-bc89-541c1acd21fa:group-6BEB9229B693 set configuration 0: [23ac1009-dd5d-4e92-bc89-541c1acd21fa:192.168.5.147:35258], old=null at 0
2019-07-30 18:57:34,014 INFO  impl.FollowerState (FollowerState.java:run(106)) - fae847a1-21dd-4124-a25a-168436ad6b5e:group-F546A636E85F changes to CANDIDATE, lastRpcTime:5118, electionTimeout:5088ms
2019-07-30 18:57:34,014 INFO  impl.RoleInfo (RoleInfo.java:shutdownFollowerState(121)) - fae847a1-21dd-4124-a25a-168436ad6b5e: shutdown FollowerState
2019-07-30 18:57:34,014 INFO  impl.RaftServerImpl (RaftServerImpl.java:setRole(171)) - fae847a1-21dd-4124-a25a-168436ad6b5e:group-F546A636E85F changes role from FOLLOWER to CANDIDATE at term 0 for changeToCandidate
2019-07-30 18:57:34,014 INFO  impl.RoleInfo (RoleInfo.java:updateAndGet(143)) - fae847a1-21dd-4124-a25a-168436ad6b5e: start LeaderElection
2019-07-30 18:57:34,019 INFO  segmented.SegmentedRaftLogWorker (SegmentedRaftLogWorker.java:execute(569)) - 23ac1009-dd5d-4e92-bc89-541c1acd21fa-SegmentedRaftLogWorker:Storage Directory /workdir/hadoop-ozone/integration-test/target/test-dir/MiniOzoneClusterImpl-ceb5da31-5fea-43e0-af46-24746aa3ff01/datanode-2/data/ratis/43ebae64-06ed-4272-b7c6-6beb9229b693: created new log segment /workdir/hadoop-ozone/integration-test/target/test-dir/MiniOzoneClusterImpl-ceb5da31-5fea-43e0-af46-24746aa3ff01/datanode-2/data/ratis/43ebae64-06ed-4272-b7c6-6beb9229b693/current/log_inprogress_0
2019-07-30 18:57:34,024 INFO  impl.LeaderElection (LeaderElection.java:askForVotes(181)) - fae847a1-21dd-4124-a25a-168436ad6b5e:group-F546A636E85F:LeaderElection11: begin an election at term 1 for -1: [23ac1009-dd5d-4e92-bc89-541c1acd21fa:192.168.5.147:35258, fae847a1-21dd-4124-a25a-168436ad6b5e:192.168.5.147:33878, 895671ac-4e50-4147-895c-4f845fff57ce:192.168.5.147:40427], old=null
2019-07-30 18:57:34,026 INFO  impl.FollowerState (FollowerState.java:run(106)) - 23ac1009-dd5d-4e92-bc89-541c1acd21fa:group-F546A636E85F changes to CANDIDATE, lastRpcTime:5128, electionTimeout:5128ms
2019-07-30 18:57:34,027 INFO  impl.RoleInfo (RoleInfo.java:shutdownFollowerState(121)) - 23ac1009-dd5d-4e92-bc89-541c1acd21fa: shutdown FollowerState
2019-07-30 18:57:34,027 INFO  impl.RaftServerImpl (RaftServerImpl.java:setRole(171)) - 23ac1009-dd5d-4e92-bc89-541c1acd21fa:group-F546A636E85F changes role from FOLLOWER to CANDIDATE at term 0 for changeToCandidate
2019-07-30 18:57:34,028 INFO  impl.RoleInfo (RoleInfo.java:updateAndGet(143)) - 23ac1009-dd5d-4e92-bc89-541c1acd21fa: start LeaderElection
2019-07-30 18:57:34,036 INFO  impl.LeaderElection (LeaderElection.java:askForVotes(181)) - 23ac1009-dd5d-4e92-bc89-541c1acd21fa:group-F546A636E85F:LeaderElection12: begin an election at term 1 for -1: [23ac1009-dd5d-4e92-bc89-541c1acd21fa:192.168.5.147:35258, fae847a1-21dd-4124-a25a-168436ad6b5e:192.168.5.147:33878, 895671ac-4e50-4147-895c-4f845fff57ce:192.168.5.147:40427], old=null
2019-07-30 18:57:34,037 INFO  impl.FollowerState (FollowerState.java:run(106)) - 895671ac-4e50-4147-895c-4f845fff57ce:group-F546A636E85F changes to CANDIDATE, lastRpcTime:5139, electionTimeout:5139ms
2019-07-30 18:57:34,038 INFO  impl.RoleInfo (RoleInfo.java:shutdownFollowerState(121)) - 895671ac-4e50-4147-895c-4f845fff57ce: shutdown FollowerState
2019-07-30 18:57:34,038 INFO  impl.RaftServerImpl (RaftServerImpl.java:setRole(171)) - 895671ac-4e50-4147-895c-4f845fff57ce:group-F546A636E85F changes role from FOLLOWER to CANDIDATE at term 0 for changeToCandidate
2019-07-30 18:57:34,038 INFO  impl.RoleInfo (RoleInfo.java:updateAndGet(143)) - 895671ac-4e50-4147-895c-4f845fff57ce: start LeaderElection
2019-07-30 18:57:34,047 INFO  impl.LeaderElection (LeaderElection.java:askForVotes(181)) - 895671ac-4e50-4147-895c-4f845fff57ce:group-F546A636E85F:LeaderElection13: begin an election at term 1 for -1: [23ac1009-dd5d-4e92-bc89-541c1acd21fa:192.168.5.147:35258, fae847a1-21dd-4124-a25a-168436ad6b5e:192.168.5.147:33878, 895671ac-4e50-4147-895c-4f845fff57ce:192.168.5.147:40427], old=null
2019-07-30 18:57:34,161 INFO  impl.LeaderElection (LeaderElection.java:logAndReturn(56)) - fae847a1-21dd-4124-a25a-168436ad6b5e:group-F546A636E85F:LeaderElection11: Election REJECTED; received 2 response(s) [fae847a1-21dd-4124-a25a-168436ad6b5e<-23ac1009-dd5d-4e92-bc89-541c1acd21fa#0:FAIL-t1, fae847a1-21dd-4124-a25a-168436ad6b5e<-895671ac-4e50-4147-895c-4f845fff57ce#0:FAIL-t1] and 0 exception(s); fae847a1-21dd-4124-a25a-168436ad6b5e:t1, leader=null, voted=fae847a1-21dd-4124-a25a-168436ad6b5e, raftlog=fae847a1-21dd-4124-a25a-168436ad6b5e-SegmentedRaftLog:OPENED:c-1,f-1,i0, conf=-1: [23ac1009-dd5d-4e92-bc89-541c1acd21fa:192.168.5.147:35258, fae847a1-21dd-4124-a25a-168436ad6b5e:192.168.5.147:33878, 895671ac-4e50-4147-895c-4f845fff57ce:192.168.5.147:40427], old=null
2019-07-30 18:57:34,161 INFO  impl.LeaderElection (LeaderElection.java:logAndReturn(56)) - 23ac1009-dd5d-4e92-bc89-541c1acd21fa:group-F546A636E85F:LeaderElection12: Election REJECTED; received 2 response(s) [23ac1009-dd5d-4e92-bc89-541c1acd21fa<-fae847a1-21dd-4124-a25a-168436ad6b5e#0:FAIL-t1, 23ac1009-dd5d-4e92-bc89-541c1acd21fa<-895671ac-4e50-4147-895c-4f845fff57ce#0:FAIL-t1] and 0 exception(s); 23ac1009-dd5d-4e92-bc89-541c1acd21fa:t1, leader=null, voted=23ac1009-dd5d-4e92-bc89-541c1acd21fa, raftlog=23ac1009-dd5d-4e92-bc89-541c1acd21fa-SegmentedRaftLog:OPENED:c-1,f-1,i0, conf=-1: [23ac1009-dd5d-4e92-bc89-541c1acd21fa:192.168.5.147:35258, fae847a1-21dd-4124-a25a-168436ad6b5e:192.168.5.147:33878, 895671ac-4e50-4147-895c-4f845fff57ce:192.168.5.147:40427], old=null
2019-07-30 18:57:34,161 INFO  impl.LeaderElection (LeaderElection.java:logAndReturn(56)) - 895671ac-4e50-4147-895c-4f845fff57ce:group-F546A636E85F:LeaderElection13: Election REJECTED; received 2 response(s) [895671ac-4e50-4147-895c-4f845fff57ce<-23ac1009-dd5d-4e92-bc89-541c1acd21fa#0:FAIL-t1, 895671ac-4e50-4147-895c-4f845fff57ce<-fae847a1-21dd-4124-a25a-168436ad6b5e#0:FAIL-t1] and 0 exception(s); 895671ac-4e50-4147-895c-4f845fff57ce:t1, leader=null, voted=895671ac-4e50-4147-895c-4f845fff57ce, raftlog=895671ac-4e50-4147-895c-4f845fff57ce-SegmentedRaftLog:OPENED:c-1,f-1,i0, conf=-1: [23ac1009-dd5d-4e92-bc89-541c1acd21fa:192.168.5.147:35258, fae847a1-21dd-4124-a25a-168436ad6b5e:192.168.5.147:33878, 895671ac-4e50-4147-895c-4f845fff57ce:192.168.5.147:40427], old=null
2019-07-30 18:57:34,169 INFO  impl.RaftServerImpl (RaftServerImpl.java:setRole(171)) - fae847a1-21dd-4124-a25a-168436ad6b5e:group-F546A636E85F changes role from CANDIDATE to FOLLOWER at term 1 for DISCOVERED_A_NEW_TERM
2019-07-30 18:57:34,176 INFO  impl.RaftServerImpl (RaftServerImpl.java:setRole(171)) - 23ac1009-dd5d-4e92-bc89-541c1acd21fa:group-F546A636E85F changes role from CANDIDATE to FOLLOWER at term 1 for DISCOVERED_A_NEW_TERM
2019-07-30 18:57:34,177 INFO  impl.RoleInfo (RoleInfo.java:shutdownLeaderElection(134)) - 23ac1009-dd5d-4e92-bc89-541c1acd21fa: shutdown LeaderElection
2019-07-30 18:57:34,169 INFO  impl.RaftServerImpl (RaftServerImpl.java:setRole(171)) - 895671ac-4e50-4147-895c-4f845fff57ce:group-F546A636E85F changes role from CANDIDATE to FOLLOWER at term 1 for DISCOVERED_A_NEW_TERM
2019-07-30 18:57:34,178 INFO  impl.RoleInfo (RoleInfo.java:updateAndGet(143)) - 23ac1009-dd5d-4e92-bc89-541c1acd21fa: start FollowerState
2019-07-30 18:57:34,176 INFO  impl.RoleInfo (RoleInfo.java:shutdownLeaderElection(134)) - fae847a1-21dd-4124-a25a-168436ad6b5e: shutdown LeaderElection
2019-07-30 18:57:34,178 INFO  impl.RoleInfo (RoleInfo.java:shutdownLeaderElection(134)) - 895671ac-4e50-4147-895c-4f845fff57ce: shutdown LeaderElection
2019-07-30 18:57:34,178 INFO  impl.RoleInfo (RoleInfo.java:updateAndGet(143)) - fae847a1-21dd-4124-a25a-168436ad6b5e: start FollowerState
2019-07-30 18:57:34,178 INFO  impl.RoleInfo (RoleInfo.java:updateAndGet(143)) - 895671ac-4e50-4147-895c-4f845fff57ce: start FollowerState
2019-07-30 18:57:39,182 INFO  impl.FollowerState (FollowerState.java:run(106)) - fae847a1-21dd-4124-a25a-168436ad6b5e:group-F546A636E85F changes to CANDIDATE, lastRpcTime:5003, electionTimeout:5003ms
2019-07-30 18:57:39,182 INFO  impl.RoleInfo (RoleInfo.java:shutdownFollowerState(121)) - fae847a1-21dd-4124-a25a-168436ad6b5e: shutdown FollowerState
2019-07-30 18:57:39,182 INFO  impl.RaftServerImpl (RaftServerImpl.java:setRole(171)) - fae847a1-21dd-4124-a25a-168436ad6b5e:group-F546A636E85F changes role from FOLLOWER to CANDIDATE at term 1 for changeToCandidate
2019-07-30 18:57:39,182 INFO  impl.RoleInfo (RoleInfo.java:updateAndGet(143)) - fae847a1-21dd-4124-a25a-168436ad6b5e: start LeaderElection
2019-07-30 18:57:39,203 INFO  impl.LeaderElection (LeaderElection.java:askForVotes(181)) - fae847a1-21dd-4124-a25a-168436ad6b5e:group-F546A636E85F:LeaderElection14: begin an election at term 2 for -1: [23ac1009-dd5d-4e92-bc89-541c1acd21fa:192.168.5.147:35258, fae847a1-21dd-4124-a25a-168436ad6b5e:192.168.5.147:33878, 895671ac-4e50-4147-895c-4f845fff57ce:192.168.5.147:40427], old=null
2019-07-30 18:57:39,210 INFO  impl.RaftServerImpl (RaftServerImpl.java:setRole(171)) - 23ac1009-dd5d-4e92-bc89-541c1acd21fa:group-F546A636E85F changes role from FOLLOWER to FOLLOWER at term 2 for recognizeCandidate:fae847a1-21dd-4124-a25a-168436ad6b5e
2019-07-30 18:57:39,210 INFO  impl.RaftServerImpl (RaftServerImpl.java:setRole(171)) - 895671ac-4e50-4147-895c-4f845fff57ce:group-F546A636E85F changes role from FOLLOWER to FOLLOWER at term 2 for recognizeCandidate:fae847a1-21dd-4124-a25a-168436ad6b5e
2019-07-30 18:57:39,211 INFO  impl.RoleInfo (RoleInfo.java:shutdownFollowerState(121)) - 23ac1009-dd5d-4e92-bc89-541c1acd21fa: shutdown FollowerState
2019-07-30 18:57:39,211 INFO  impl.RoleInfo (RoleInfo.java:shutdownFollowerState(121)) - 895671ac-4e50-4147-895c-4f845fff57ce: shutdown FollowerState
2019-07-30 18:57:39,211 INFO  impl.RoleInfo (RoleInfo.java:updateAndGet(143)) - 23ac1009-dd5d-4e92-bc89-541c1acd21fa: start FollowerState
2019-07-30 18:57:39,211 INFO  impl.FollowerState (FollowerState.java:run(114)) - 23ac1009-dd5d-4e92-bc89-541c1acd21fa: FollowerState was interrupted: java.lang.InterruptedException: sleep interrupted
2019-07-30 18:57:39,211 INFO  impl.FollowerState (FollowerState.java:run(114)) - 895671ac-4e50-4147-895c-4f845fff57ce: FollowerState was interrupted: java.lang.InterruptedException: sleep interrupted
2019-07-30 18:57:39,211 INFO  impl.RoleInfo (RoleInfo.java:updateAndGet(143)) - 895671ac-4e50-4147-895c-4f845fff57ce: start FollowerState
2019-07-30 18:57:39,228 INFO  impl.LeaderElection (LeaderElection.java:logAndReturn(56)) - fae847a1-21dd-4124-a25a-168436ad6b5e:group-F546A636E85F:LeaderElection14: Election PASSED; received 1 response(s) [fae847a1-21dd-4124-a25a-168436ad6b5e<-895671ac-4e50-4147-895c-4f845fff57ce#0:OK-t2] and 0 exception(s); fae847a1-21dd-4124-a25a-168436ad6b5e:t2, leader=null, voted=fae847a1-21dd-4124-a25a-168436ad6b5e, raftlog=fae847a1-21dd-4124-a25a-168436ad6b5e-SegmentedRaftLog:OPENED:c-1,f-1,i0, conf=-1: [23ac1009-dd5d-4e92-bc89-541c1acd21fa:192.168.5.147:35258, fae847a1-21dd-4124-a25a-168436ad6b5e:192.168.5.147:33878, 895671ac-4e50-4147-895c-4f845fff57ce:192.168.5.147:40427], old=null
2019-07-30 18:57:39,228 INFO  impl.RoleInfo (RoleInfo.java:shutdownLeaderElection(134)) - fae847a1-21dd-4124-a25a-168436ad6b5e: shutdown LeaderElection
2019-07-30 18:57:39,230 INFO  impl.RaftServerImpl (RaftServerImpl.java:setRole(171)) - fae847a1-21dd-4124-a25a-168436ad6b5e:group-F546A636E85F changes role from CANDIDATE to LEADER at term 2 for changeToLeader
2019-07-30 18:57:39,230 INFO  impl.RaftServerImpl (ServerState.java:setLeader(263)) - fae847a1-21dd-4124-a25a-168436ad6b5e:group-F546A636E85F change Leader from null to fae847a1-21dd-4124-a25a-168436ad6b5e at term 2 for becomeLeader, leader elected after 10361ms
2019-07-30 18:57:39,231 INFO  server.RaftServerConfigKeys (ConfUtils.java:logGet(43)) - raft.server.staging.catchup.gap = 1000 (default)
2019-07-30 18:57:39,231 INFO  server.RaftServerConfigKeys (ConfUtils.java:logGet(43)) - raft.server.rpc.sleep.time = 25ms (default)
2019-07-30 18:57:39,231 INFO  server.RaftServerConfigKeys (ConfUtils.java:logGet(43)) - raft.server.write.element-limit = 4096 (default)
2019-07-30 18:57:39,231 INFO  server.RaftServerConfigKeys (ConfUtils.java:logGet(43)) - raft.server.watch.timeout = 10s (default)
2019-07-30 18:57:39,231 INFO  server.RaftServerConfigKeys (ConfUtils.java:logGet(43)) - raft.server.watch.timeout.denomination = 1s (default)
2019-07-30 18:57:39,232 INFO  server.RaftServerConfigKeys (ConfUtils.java:logGet(43)) - raft.server.watch.element-limit = 65536 (default)
2019-07-30 18:57:39,235 INFO  server.RaftServerConfigKeys (ConfUtils.java:logGet(43)) - raft.server.log.appender.snapshot.chunk.size.max = 16MB (=16777216) (default)
2019-07-30 18:57:39,235 INFO  server.RaftServerConfigKeys (ConfUtils.java:logGet(43)) - raft.server.log.appender.buffer.byte-limit = 33554432 (custom)
2019-07-30 18:57:39,236 INFO  server.RaftServerConfigKeys (ConfUtils.java:logGet(43)) - raft.server.log.appender.buffer.element-limit = 1 (custom)
2019-07-30 18:57:39,240 INFO  grpc.GrpcConfigKeys$Server (ConfUtils.java:logGet(43)) - raft.grpc.server.leader.outstanding.appends.max = 128 (default)
2019-07-30 18:57:39,240 INFO  server.RaftServerConfigKeys (ConfUtils.java:logGet(43)) - raft.server.rpc.request.timeout = 3000ms (default)
2019-07-30 18:57:39,241 INFO  server.RaftServerConfigKeys (ConfUtils.java:logGet(43)) - raft.server.log.appender.install.snapshot.enabled = false (custom)
2019-07-30 18:57:39,241 INFO  server.RaftServerConfigKeys (ConfUtils.java:logGet(43)) - raft.server.log.appender.snapshot.chunk.size.max = 16MB (=16777216) (default)
2019-07-30 18:57:39,241 INFO  server.RaftServerConfigKeys (ConfUtils.java:logGet(43)) - raft.server.log.appender.buffer.byte-limit = 33554432 (custom)
2019-07-30 18:57:39,241 INFO  server.RaftServerConfigKeys (ConfUtils.java:logGet(43)) - raft.server.log.appender.buffer.element-limit = 1 (custom)
2019-07-30 18:57:39,241 INFO  grpc.GrpcConfigKeys$Server (ConfUtils.java:logGet(43)) - raft.grpc.server.leader.outstanding.appends.max = 128 (default)
2019-07-30 18:57:39,242 INFO  server.RaftServerConfigKeys (ConfUtils.java:logGet(43)) - raft.server.rpc.request.timeout = 3000ms (default)
2019-07-30 18:57:39,242 INFO  server.RaftServerConfigKeys (ConfUtils.java:logGet(43)) - raft.server.log.appender.install.snapshot.enabled = false (custom)
2019-07-30 18:57:39,246 INFO  impl.RoleInfo (RoleInfo.java:updateAndGet(143)) - fae847a1-21dd-4124-a25a-168436ad6b5e: start LeaderState
2019-07-30 18:57:39,246 INFO  segmented.SegmentedRaftLogWorker (SegmentedRaftLogWorker.java:startLogSegment(380)) - fae847a1-21dd-4124-a25a-168436ad6b5e-SegmentedRaftLogWorker:Storage Directory /workdir/hadoop-ozone/integration-test/target/test-dir/MiniOzoneClusterImpl-ceb5da31-5fea-43e0-af46-24746aa3ff01/datanode-0/data/ratis/4180c5e5-2613-41b2-8981-f546a636e85f: Starting segment from index:0
2019-07-30 18:57:39,247 INFO  impl.RaftServerImpl (ServerState.java:setRaftConf(361)) - fae847a1-21dd-4124-a25a-168436ad6b5e:group-F546A636E85F set configuration 0: [23ac1009-dd5d-4e92-bc89-541c1acd21fa:192.168.5.147:35258, fae847a1-21dd-4124-a25a-168436ad6b5e:192.168.5.147:33878, 895671ac-4e50-4147-895c-4f845fff57ce:192.168.5.147:40427], old=null at 0
2019-07-30 18:57:39,276 INFO  segmented.SegmentedRaftLogWorker (SegmentedRaftLogWorker.java:execute(569)) - fae847a1-21dd-4124-a25a-168436ad6b5e-SegmentedRaftLogWorker:Storage Directory /workdir/hadoop-ozone/integration-test/target/test-dir/MiniOzoneClusterImpl-ceb5da31-5fea-43e0-af46-24746aa3ff01/datanode-0/data/ratis/4180c5e5-2613-41b2-8981-f546a636e85f: created new log segment /workdir/hadoop-ozone/integration-test/target/test-dir/MiniOzoneClusterImpl-ceb5da31-5fea-43e0-af46-24746aa3ff01/datanode-0/data/ratis/4180c5e5-2613-41b2-8981-f546a636e85f/current/log_inprogress_0
2019-07-30 18:57:39,292 INFO  impl.RaftServerImpl (ServerState.java:setLeader(263)) - 23ac1009-dd5d-4e92-bc89-541c1acd21fa:group-F546A636E85F change Leader from null to fae847a1-21dd-4124-a25a-168436ad6b5e at term 2 for appendEntries, leader elected after 10424ms
2019-07-30 18:57:39,292 INFO  impl.RaftServerImpl (ServerState.java:setLeader(263)) - 895671ac-4e50-4147-895c-4f845fff57ce:group-F546A636E85F change Leader from null to fae847a1-21dd-4124-a25a-168436ad6b5e at term 2 for appendEntries, leader elected after 10423ms
2019-07-30 18:57:39,333 INFO  impl.RaftServerImpl (ServerState.java:setRaftConf(361)) - 895671ac-4e50-4147-895c-4f845fff57ce:group-F546A636E85F set configuration 0: [23ac1009-dd5d-4e92-bc89-541c1acd21fa:192.168.5.147:35258, fae847a1-21dd-4124-a25a-168436ad6b5e:192.168.5.147:33878, 895671ac-4e50-4147-895c-4f845fff57ce:192.168.5.147:40427], old=null at 0
2019-07-30 18:57:39,333 INFO  impl.RaftServerImpl (ServerState.java:setRaftConf(361)) - 23ac1009-dd5d-4e92-bc89-541c1acd21fa:group-F546A636E85F set configuration 0: [23ac1009-dd5d-4e92-bc89-541c1acd21fa:192.168.5.147:35258, fae847a1-21dd-4124-a25a-168436ad6b5e:192.168.5.147:33878, 895671ac-4e50-4147-895c-4f845fff57ce:192.168.5.147:40427], old=null at 0
2019-07-30 18:57:39,333 INFO  segmented.SegmentedRaftLogWorker (SegmentedRaftLogWorker.java:startLogSegment(380)) - 895671ac-4e50-4147-895c-4f845fff57ce-SegmentedRaftLogWorker:Storage Directory /workdir/hadoop-ozone/integration-test/target/test-dir/MiniOzoneClusterImpl-ceb5da31-5fea-43e0-af46-24746aa3ff01/datanode-1/data/ratis/4180c5e5-2613-41b2-8981-f546a636e85f: Starting segment from index:0
2019-07-30 18:57:39,334 INFO  segmented.SegmentedRaftLogWorker (SegmentedRaftLogWorker.java:startLogSegment(380)) - 23ac1009-dd5d-4e92-bc89-541c1acd21fa-SegmentedRaftLogWorker:Storage Directory /workdir/hadoop-ozone/integration-test/target/test-dir/MiniOzoneClusterImpl-ceb5da31-5fea-43e0-af46-24746aa3ff01/datanode-2/data/ratis/4180c5e5-2613-41b2-8981-f546a636e85f: Starting segment from index:0
2019-07-30 18:57:39,361 INFO  segmented.SegmentedRaftLogWorker (SegmentedRaftLogWorker.java:execute(569)) - 895671ac-4e50-4147-895c-4f845fff57ce-SegmentedRaftLogWorker:Storage Directory /workdir/hadoop-ozone/integration-test/target/test-dir/MiniOzoneClusterImpl-ceb5da31-5fea-43e0-af46-24746aa3ff01/datanode-1/data/ratis/4180c5e5-2613-41b2-8981-f546a636e85f: created new log segment /workdir/hadoop-ozone/integration-test/target/test-dir/MiniOzoneClusterImpl-ceb5da31-5fea-43e0-af46-24746aa3ff01/datanode-1/data/ratis/4180c5e5-2613-41b2-8981-f546a636e85f/current/log_inprogress_0
2019-07-30 18:57:39,372 INFO  segmented.SegmentedRaftLogWorker (SegmentedRaftLogWorker.java:execute(569)) - 23ac1009-dd5d-4e92-bc89-541c1acd21fa-SegmentedRaftLogWorker:Storage Directory /workdir/hadoop-ozone/integration-test/target/test-dir/MiniOzoneClusterImpl-ceb5da31-5fea-43e0-af46-24746aa3ff01/datanode-2/data/ratis/4180c5e5-2613-41b2-8981-f546a636e85f: created new log segment /workdir/hadoop-ozone/integration-test/target/test-dir/MiniOzoneClusterImpl-ceb5da31-5fea-43e0-af46-24746aa3ff01/datanode-2/data/ratis/4180c5e5-2613-41b2-8981-f546a636e85f/current/log_inprogress_0
2019-07-30 18:57:41,708 INFO  ozone.MiniOzoneClusterImpl (MiniOzoneClusterImpl.java:shutdown(321)) - Shutting down the Mini Ozone Cluster
2019-07-30 18:57:41,712 INFO  ozone.MiniOzoneClusterImpl (MiniOzoneClusterImpl.java:stop(336)) - Stopping the Mini Ozone Cluster
2019-07-30 18:57:41,713 INFO  ozone.MiniOzoneClusterImpl (MiniOzoneClusterImpl.java:stop(338)) - Stopping the OzoneManager
2019-07-30 18:57:41,713 INFO  ipc.Server (Server.java:stop(3082)) - Stopping server on 46756
2019-07-30 18:57:41,719 INFO  ipc.Server (Server.java:run(1185)) - Stopping IPC Server listener on 46756
2019-07-30 18:57:41,721 INFO  utils.BackgroundService (BackgroundService.java:shutdown(148)) - Shutting down service KeyDeletingService
2019-07-30 18:57:41,721 INFO  ipc.Server (Server.java:run(1319)) - Stopping IPC Server Responder
2019-07-30 18:57:41,726 INFO  handler.ContextHandler (ContextHandler.java:doStop(910)) - Stopped o.e.j.w.WebAppContext@784f6e84{/,null,UNAVAILABLE}{/ozoneManager}
2019-07-30 18:57:41,727 INFO  server.AbstractConnector (AbstractConnector.java:doStop(318)) - Stopped ServerConnector@4773422{HTTP/1.1,[http/1.1]}{0.0.0.0:0}
2019-07-30 18:57:41,727 INFO  handler.ContextHandler (ContextHandler.java:doStop(910)) - Stopped o.e.j.s.ServletContextHandler@2856bb17{/static,file:///workdir/hadoop-ozone/integration-test/target/test-classes/webapps/static,UNAVAILABLE}
2019-07-30 18:57:41,728 INFO  handler.ContextHandler (ContextHandler.java:doStop(910)) - Stopped o.e.j.s.ServletContextHandler@526717f8{/logs,file:///workdir/hadoop-ozone/integration-test/target/log,UNAVAILABLE}
2019-07-30 18:57:41,731 INFO  ozone.MiniOzoneClusterImpl (MiniOzoneClusterImpl.java:stop(344)) - Shutting the HddsDatanodes
2019-07-30 18:57:41,731 INFO  datanode.ObjectStoreHandler (ObjectStoreHandler.java:close(155)) - Closing ObjectStoreHandler.
2019-07-30 18:57:41,731 INFO  datanode.ObjectStoreHandler (ObjectStoreHandler.java:close(155)) - Closing ObjectStoreHandler.
2019-07-30 18:57:41,732 INFO  ozone.HddsDatanodeService (HddsDatanodeService.java:stop(451)) - Stopped plug-in org.apache.hadoop.ozone.web.OzoneHddsDatanodeService@e73ec1
2019-07-30 18:57:41,732 INFO  ozone.HddsDatanodeService (HddsDatanodeService.java:stop(451)) - Stopped plug-in org.apache.hadoop.ozone.web.OzoneHddsDatanodeService@224d0825
2019-07-30 18:57:42,204 INFO  statemachine.DatanodeStateMachine (DatanodeStateMachine.java:lambda$startDaemon$0(350)) - Ozone container server started.
2019-07-30 18:57:42,455 INFO  statemachine.DatanodeStateMachine (DatanodeStateMachine.java:lambda$startDaemon$0(350)) - Ozone container server started.
2019-07-30 18:57:46,733 INFO  ozoneimpl.OzoneContainer (OzoneContainer.java:stop(199)) - Attempting to stop container services.
2019-07-30 18:57:46,733 INFO  ozoneimpl.OzoneContainer (OzoneContainer.java:stop(199)) - Attempting to stop container services.
2019-07-30 18:57:46,733 INFO  impl.RaftServerProxy (RaftServerProxy.java:lambda$close$4(314)) - 895671ac-4e50-4147-895c-4f845fff57ce: close
2019-07-30 18:57:46,734 INFO  impl.RaftServerProxy (RaftServerProxy.java:lambda$close$4(314)) - fae847a1-21dd-4124-a25a-168436ad6b5e: close
2019-07-30 18:57:46,734 INFO  impl.RaftServerImpl (RaftServerImpl.java:lambda$shutdown$3(245)) - 895671ac-4e50-4147-895c-4f845fff57ce: shutdown group-21FDD8580245
2019-07-30 18:57:46,734 INFO  impl.RaftServerImpl (RaftServerImpl.java:lambda$shutdown$3(245)) - fae847a1-21dd-4124-a25a-168436ad6b5e: shutdown group-0B3C60240334
2019-07-30 18:57:46,734 INFO  util.JmxRegister (JmxRegister.java:unregister(73)) - Successfully un-registered JMX Bean with object name Ratis:service=RaftServer,group=group-21FDD8580245,id=895671ac-4e50-4147-895c-4f845fff57ce
2019-07-30 18:57:46,735 INFO  util.JmxRegister (JmxRegister.java:unregister(73)) - Successfully un-registered JMX Bean with object name Ratis:service=RaftServer,group=group-0B3C60240334,id=fae847a1-21dd-4124-a25a-168436ad6b5e
2019-07-30 18:57:46,735 INFO  impl.RoleInfo (RoleInfo.java:shutdownLeaderState(104)) - 895671ac-4e50-4147-895c-4f845fff57ce: shutdown LeaderState
2019-07-30 18:57:46,735 INFO  impl.RoleInfo (RoleInfo.java:shutdownLeaderState(104)) - fae847a1-21dd-4124-a25a-168436ad6b5e: shutdown LeaderState
2019-07-30 18:57:46,736 INFO  impl.PendingRequests (PendingRequests.java:sendNotLeaderResponses(202)) - 895671ac-4e50-4147-895c-4f845fff57ce-PendingRequests: sendNotLeaderResponses
2019-07-30 18:57:46,736 INFO  impl.PendingRequests (PendingRequests.java:sendNotLeaderResponses(202)) - fae847a1-21dd-4124-a25a-168436ad6b5e-PendingRequests: sendNotLeaderResponses
2019-07-30 18:57:46,737 INFO  impl.StateMachineUpdater (StateMachineUpdater.java:stopAndJoin(115)) - StateMachineUpdater:895671ac-4e50-4147-895c-4f845fff57ce:group-21FDD8580245: set stopIndex = 0
2019-07-30 18:57:46,737 INFO  impl.StateMachineUpdater (StateMachineUpdater.java:stopAndJoin(115)) - StateMachineUpdater:fae847a1-21dd-4124-a25a-168436ad6b5e:group-0B3C60240334: set stopIndex = 0
2019-07-30 18:57:46,737 INFO  impl.RaftServerImpl (ServerState.java:close(394)) - 895671ac-4e50-4147-895c-4f845fff57ce:group-21FDD8580245 closes. The last applied log index is 0
2019-07-30 18:57:46,737 INFO  impl.RaftServerImpl (ServerState.java:close(394)) - fae847a1-21dd-4124-a25a-168436ad6b5e:group-0B3C60240334 closes. The last applied log index is 0
2019-07-30 18:57:46,738 INFO  segmented.SegmentedRaftLogWorker (SegmentedRaftLogWorker.java:run(313)) - 895671ac-4e50-4147-895c-4f845fff57ce-SegmentedRaftLogWorker:Storage Directory /workdir/hadoop-ozone/integration-test/target/test-dir/MiniOzoneClusterImpl-ceb5da31-5fea-43e0-af46-24746aa3ff01/datanode-1/data/ratis/759728b7-1fc1-4e42-9a46-21fdd8580245 was interrupted, exiting. There are 0 tasks remaining in the queue.
2019-07-30 18:57:46,738 INFO  segmented.SegmentedRaftLogWorker (SegmentedRaftLogWorker.java:run(313)) - fae847a1-21dd-4124-a25a-168436ad6b5e-SegmentedRaftLogWorker:Storage Directory /workdir/hadoop-ozone/integration-test/target/test-dir/MiniOzoneClusterImpl-ceb5da31-5fea-43e0-af46-24746aa3ff01/datanode-0/data/ratis/11397caf-1bbf-4a69-ab3a-0b3c60240334 was interrupted, exiting. There are 0 tasks remaining in the queue.
2019-07-30 18:57:46,742 INFO  segmented.SegmentedRaftLogWorker (SegmentedRaftLogWorker.java:close(228)) - 895671ac-4e50-4147-895c-4f845fff57ce-SegmentedRaftLogWorker:Storage Directory /workdir/hadoop-ozone/integration-test/target/test-dir/MiniOzoneClusterImpl-ceb5da31-5fea-43e0-af46-24746aa3ff01/datanode-1/data/ratis/759728b7-1fc1-4e42-9a46-21fdd8580245 close()
2019-07-30 18:57:46,745 INFO  segmented.SegmentedRaftLogWorker (SegmentedRaftLogWorker.java:close(228)) - fae847a1-21dd-4124-a25a-168436ad6b5e-SegmentedRaftLogWorker:Storage Directory /workdir/hadoop-ozone/integration-test/target/test-dir/MiniOzoneClusterImpl-ceb5da31-5fea-43e0-af46-24746aa3ff01/datanode-0/data/ratis/11397caf-1bbf-4a69-ab3a-0b3c60240334 close()
2019-07-30 18:57:46,749 INFO  impl.RaftServerImpl (RaftServerImpl.java:lambda$shutdown$3(245)) - 895671ac-4e50-4147-895c-4f845fff57ce: shutdown group-F546A636E85F
2019-07-30 18:57:46,754 INFO  impl.RaftServerImpl (RaftServerImpl.java:lambda$shutdown$3(245)) - fae847a1-21dd-4124-a25a-168436ad6b5e: shutdown group-F546A636E85F
2019-07-30 18:57:46,754 INFO  util.JmxRegister (JmxRegister.java:unregister(73)) - Successfully un-registered JMX Bean with object name Ratis:service=RaftServer,group=group-F546A636E85F,id=895671ac-4e50-4147-895c-4f845fff57ce
2019-07-30 18:57:46,755 INFO  util.JmxRegister (JmxRegister.java:unregister(73)) - Successfully un-registered JMX Bean with object name Ratis:service=RaftServer,group=group-F546A636E85F,id=fae847a1-21dd-4124-a25a-168436ad6b5e
2019-07-30 18:57:46,755 INFO  impl.RoleInfo (RoleInfo.java:shutdownFollowerState(121)) - 895671ac-4e50-4147-895c-4f845fff57ce: shutdown FollowerState
2019-07-30 18:57:46,755 INFO  impl.RoleInfo (RoleInfo.java:shutdownLeaderState(104)) - fae847a1-21dd-4124-a25a-168436ad6b5e: shutdown LeaderState
2019-07-30 18:57:46,756 INFO  impl.FollowerState (FollowerState.java:run(114)) - 895671ac-4e50-4147-895c-4f845fff57ce: FollowerState was interrupted: java.lang.InterruptedException: sleep interrupted
2019-07-30 18:57:46,756 INFO  impl.StateMachineUpdater (StateMachineUpdater.java:stopAndJoin(115)) - StateMachineUpdater:895671ac-4e50-4147-895c-4f845fff57ce:group-F546A636E85F: set stopIndex = 0
2019-07-30 18:57:46,765 INFO  impl.RaftServerImpl (ServerState.java:close(394)) - 895671ac-4e50-4147-895c-4f845fff57ce:group-F546A636E85F closes. The last applied log index is 0
2019-07-30 18:57:46,763 WARN  server.GrpcLogAppender (GrpcLogAppender.java:mayWait(143)) - GrpcLogAppender(fae847a1-21dd-4124-a25a-168436ad6b5e->895671ac-4e50-4147-895c-4f845fff57ce): Wait interrupted by java.lang.InterruptedException
2019-07-30 18:57:46,763 WARN  server.GrpcLogAppender (GrpcLogAppender.java:mayWait(143)) - GrpcLogAppender(fae847a1-21dd-4124-a25a-168436ad6b5e->23ac1009-dd5d-4e92-bc89-541c1acd21fa): Wait interrupted by java.lang.InterruptedException
2019-07-30 18:57:46,763 INFO  impl.PendingRequests (PendingRequests.java:sendNotLeaderResponses(202)) - fae847a1-21dd-4124-a25a-168436ad6b5e-PendingRequests: sendNotLeaderResponses
2019-07-30 18:57:46,766 INFO  segmented.SegmentedRaftLogWorker (SegmentedRaftLogWorker.java:run(313)) - 895671ac-4e50-4147-895c-4f845fff57ce-SegmentedRaftLogWorker:Storage Directory /workdir/hadoop-ozone/integration-test/target/test-dir/MiniOzoneClusterImpl-ceb5da31-5fea-43e0-af46-24746aa3ff01/datanode-1/data/ratis/4180c5e5-2613-41b2-8981-f546a636e85f was interrupted, exiting. There are 0 tasks remaining in the queue.
2019-07-30 18:57:46,767 INFO  impl.StateMachineUpdater (StateMachineUpdater.java:stopAndJoin(115)) - StateMachineUpdater:fae847a1-21dd-4124-a25a-168436ad6b5e:group-F546A636E85F: set stopIndex = 0
2019-07-30 18:57:46,769 INFO  segmented.SegmentedRaftLogWorker (SegmentedRaftLogWorker.java:close(228)) - 895671ac-4e50-4147-895c-4f845fff57ce-SegmentedRaftLogWorker:Storage Directory /workdir/hadoop-ozone/integration-test/target/test-dir/MiniOzoneClusterImpl-ceb5da31-5fea-43e0-af46-24746aa3ff01/datanode-1/data/ratis/4180c5e5-2613-41b2-8981-f546a636e85f close()
2019-07-30 18:57:46,769 INFO  impl.RaftServerImpl (ServerState.java:close(394)) - fae847a1-21dd-4124-a25a-168436ad6b5e:group-F546A636E85F closes. The last applied log index is 0
2019-07-30 18:57:46,776 INFO  server.GrpcService (GrpcService.java:closeImpl(155)) - 895671ac-4e50-4147-895c-4f845fff57ce: shutdown server with port 40427 now
2019-07-30 18:57:46,777 INFO  server.GrpcServerProtocolService (GrpcServerProtocolService.java:onCompleted(104)) - 23ac1009-dd5d-4e92-bc89-541c1acd21fa: appendEntries completed
2019-07-30 18:57:46,777 INFO  server.GrpcServerProtocolService (GrpcServerProtocolService.java:onCompleted(104)) - 895671ac-4e50-4147-895c-4f845fff57ce: appendEntries completed
2019-07-30 18:57:46,777 INFO  segmented.SegmentedRaftLogWorker (SegmentedRaftLogWorker.java:run(313)) - fae847a1-21dd-4124-a25a-168436ad6b5e-SegmentedRaftLogWorker:Storage Directory /workdir/hadoop-ozone/integration-test/target/test-dir/MiniOzoneClusterImpl-ceb5da31-5fea-43e0-af46-24746aa3ff01/datanode-0/data/ratis/4180c5e5-2613-41b2-8981-f546a636e85f was interrupted, exiting. There are 0 tasks remaining in the queue.
2019-07-30 18:57:46,788 INFO  segmented.SegmentedRaftLogWorker (SegmentedRaftLogWorker.java:close(228)) - fae847a1-21dd-4124-a25a-168436ad6b5e-SegmentedRaftLogWorker:Storage Directory /workdir/hadoop-ozone/integration-test/target/test-dir/MiniOzoneClusterImpl-ceb5da31-5fea-43e0-af46-24746aa3ff01/datanode-0/data/ratis/4180c5e5-2613-41b2-8981-f546a636e85f close()
2019-07-30 18:57:46,794 INFO  server.GrpcService (GrpcService.java:closeImpl(155)) - fae847a1-21dd-4124-a25a-168436ad6b5e: shutdown server with port 33878 now
2019-07-30 18:57:46,795 INFO  server.GrpcLogAppender (GrpcLogAppender.java:onCompleted(292)) - fae847a1-21dd-4124-a25a-168436ad6b5e->23ac1009-dd5d-4e92-bc89-541c1acd21fa: follower responses appendEntries COMPLETED
2019-07-30 18:57:46,803 INFO  server.GrpcService (GrpcService.java:closeImpl(163)) - fae847a1-21dd-4124-a25a-168436ad6b5e: shutdown server with port 33878 successfully
2019-07-30 18:57:46,806 INFO  impl.FollowerInfo (FollowerInfo.java:lambda$new$0(50)) - fae847a1-21dd-4124-a25a-168436ad6b5e->23ac1009-dd5d-4e92-bc89-541c1acd21fa: nextIndex: updateUnconditionally 1 -> 0
2019-07-30 18:57:46,807 INFO  server.GrpcLogAppender (GrpcLogAppender.java:onError(281)) - GrpcLogAppender(fae847a1-21dd-4124-a25a-168436ad6b5e->895671ac-4e50-4147-895c-4f845fff57ce) is stopped
2019-07-30 18:57:46,807 INFO  server.GrpcService (GrpcService.java:closeImpl(163)) - 895671ac-4e50-4147-895c-4f845fff57ce: shutdown server with port 40427 successfully
2019-07-30 18:57:46,807 INFO  utils.BackgroundService (BackgroundService.java:shutdown(148)) - Shutting down service BlockDeletingService
2019-07-30 18:57:46,813 WARN  fs.CachingGetSpaceUsed (CachingGetSpaceUsed.java:run(183)) - Thread Interrupted waiting to refresh disk information: sleep interrupted
2019-07-30 18:57:46,814 INFO  utils.BackgroundService (BackgroundService.java:shutdown(148)) - Shutting down service BlockDeletingService
2019-07-30 18:57:46,818 WARN  fs.CachingGetSpaceUsed (CachingGetSpaceUsed.java:run(183)) - Thread Interrupted waiting to refresh disk information: sleep interrupted
2019-07-30 18:57:46,842 INFO  statemachine.DatanodeStateMachine (DatanodeStateMachine.java:stopDaemon(395)) - Ozone container server stopped.
2019-07-30 18:57:46,847 INFO  handler.ContextHandler (ContextHandler.java:doStop(910)) - Stopped o.e.j.w.WebAppContext@59a83bd4{/,null,UNAVAILABLE}{/hddsDatanode}
2019-07-30 18:57:46,852 INFO  statemachine.DatanodeStateMachine (DatanodeStateMachine.java:stopDaemon(395)) - Ozone container server stopped.
2019-07-30 18:57:46,852 INFO  server.AbstractConnector (AbstractConnector.java:doStop(318)) - Stopped ServerConnector@61a9774e{HTTP/1.1,[http/1.1]}{0.0.0.0:0}
2019-07-30 18:57:46,854 INFO  handler.ContextHandler (ContextHandler.java:doStop(910)) - Stopped o.e.j.s.ServletContextHandler@647a8c86{/static,jar:file:/home/user/.m2/repository/org/apache/hadoop/hadoop-hdds-container-service/0.4.1-SNAPSHOT/hadoop-hdds-container-service-0.4.1-SNAPSHOT.jar!/webapps/static,UNAVAILABLE}
2019-07-30 18:57:46,856 INFO  handler.ContextHandler (ContextHandler.java:doStop(910)) - Stopped o.e.j.w.WebAppContext@6923a42b{/,null,UNAVAILABLE}{/hddsDatanode}
2019-07-30 18:57:46,856 INFO  handler.ContextHandler (ContextHandler.java:doStop(910)) - Stopped o.e.j.s.ServletContextHandler@61d7e537{/logs,file:///workdir/hadoop-ozone/integration-test/target/log,UNAVAILABLE}
2019-07-30 18:57:46,857 INFO  server.AbstractConnector (AbstractConnector.java:doStop(318)) - Stopped ServerConnector@4fc396e0{HTTP/1.1,[http/1.1]}{0.0.0.0:0}
2019-07-30 18:57:46,857 INFO  handler.ContextHandler (ContextHandler.java:doStop(910)) - Stopped o.e.j.s.ServletContextHandler@70704e4b{/static,jar:file:/home/user/.m2/repository/org/apache/hadoop/hadoop-hdds-container-service/0.4.1-SNAPSHOT/hadoop-hdds-container-service-0.4.1-SNAPSHOT.jar!/webapps/static,UNAVAILABLE}
2019-07-30 18:57:46,858 INFO  datanode.ObjectStoreHandler (ObjectStoreHandler.java:close(155)) - Closing ObjectStoreHandler.
2019-07-30 18:57:46,858 INFO  handler.ContextHandler (ContextHandler.java:doStop(910)) - Stopped o.e.j.s.ServletContextHandler@1eff1323{/logs,file:///workdir/hadoop-ozone/integration-test/target/log,UNAVAILABLE}
2019-07-30 18:57:46,860 INFO  ozone.HddsDatanodeService (HddsDatanodeService.java:stop(451)) - Stopped plug-in org.apache.hadoop.ozone.web.OzoneHddsDatanodeService@dc07920
2019-07-30 18:57:47,714 INFO  statemachine.DatanodeStateMachine (DatanodeStateMachine.java:lambda$startDaemon$0(350)) - Ozone container server started.
2019-07-30 18:57:51,861 INFO  ozoneimpl.OzoneContainer (OzoneContainer.java:stop(199)) - Attempting to stop container services.
2019-07-30 18:57:51,861 INFO  impl.RaftServerProxy (RaftServerProxy.java:lambda$close$4(314)) - 23ac1009-dd5d-4e92-bc89-541c1acd21fa: close
2019-07-30 18:57:51,862 INFO  impl.RaftServerImpl (RaftServerImpl.java:lambda$shutdown$3(245)) - 23ac1009-dd5d-4e92-bc89-541c1acd21fa: shutdown group-6BEB9229B693
2019-07-30 18:57:51,862 INFO  util.JmxRegister (JmxRegister.java:unregister(73)) - Successfully un-registered JMX Bean with object name Ratis:service=RaftServer,group=group-6BEB9229B693,id=23ac1009-dd5d-4e92-bc89-541c1acd21fa
2019-07-30 18:57:51,863 INFO  impl.RoleInfo (RoleInfo.java:shutdownLeaderState(104)) - 23ac1009-dd5d-4e92-bc89-541c1acd21fa: shutdown LeaderState
2019-07-30 18:57:51,863 INFO  impl.PendingRequests (PendingRequests.java:sendNotLeaderResponses(202)) - 23ac1009-dd5d-4e92-bc89-541c1acd21fa-PendingRequests: sendNotLeaderResponses
2019-07-30 18:57:51,864 INFO  impl.StateMachineUpdater (StateMachineUpdater.java:stopAndJoin(115)) - StateMachineUpdater:23ac1009-dd5d-4e92-bc89-541c1acd21fa:group-6BEB9229B693: set stopIndex = 0
2019-07-30 18:57:51,864 INFO  impl.RaftServerImpl (ServerState.java:close(394)) - 23ac1009-dd5d-4e92-bc89-541c1acd21fa:group-6BEB9229B693 closes. The last applied log index is 0
2019-07-30 18:57:51,865 INFO  segmented.SegmentedRaftLogWorker (SegmentedRaftLogWorker.java:run(313)) - 23ac1009-dd5d-4e92-bc89-541c1acd21fa-SegmentedRaftLogWorker:Storage Directory /workdir/hadoop-ozone/integration-test/target/test-dir/MiniOzoneClusterImpl-ceb5da31-5fea-43e0-af46-24746aa3ff01/datanode-2/data/ratis/43ebae64-06ed-4272-b7c6-6beb9229b693 was interrupted, exiting. There are 0 tasks remaining in the queue.
2019-07-30 18:57:51,868 INFO  segmented.SegmentedRaftLogWorker (SegmentedRaftLogWorker.java:close(228)) - 23ac1009-dd5d-4e92-bc89-541c1acd21fa-SegmentedRaftLogWorker:Storage Directory /workdir/hadoop-ozone/integration-test/target/test-dir/MiniOzoneClusterImpl-ceb5da31-5fea-43e0-af46-24746aa3ff01/datanode-2/data/ratis/43ebae64-06ed-4272-b7c6-6beb9229b693 close()
2019-07-30 18:57:51,882 INFO  impl.RaftServerImpl (RaftServerImpl.java:lambda$shutdown$3(245)) - 23ac1009-dd5d-4e92-bc89-541c1acd21fa: shutdown group-F546A636E85F
2019-07-30 18:57:51,882 INFO  util.JmxRegister (JmxRegister.java:unregister(73)) - Successfully un-registered JMX Bean with object name Ratis:service=RaftServer,group=group-F546A636E85F,id=23ac1009-dd5d-4e92-bc89-541c1acd21fa
2019-07-30 18:57:51,882 INFO  impl.RoleInfo (RoleInfo.java:shutdownFollowerState(121)) - 23ac1009-dd5d-4e92-bc89-541c1acd21fa: shutdown FollowerState
2019-07-30 18:57:51,883 INFO  impl.StateMachineUpdater (StateMachineUpdater.java:stopAndJoin(115)) - StateMachineUpdater:23ac1009-dd5d-4e92-bc89-541c1acd21fa:group-F546A636E85F: set stopIndex = 0
2019-07-30 18:57:51,883 INFO  impl.FollowerState (FollowerState.java:run(114)) - 23ac1009-dd5d-4e92-bc89-541c1acd21fa: FollowerState was interrupted: java.lang.InterruptedException: sleep interrupted
2019-07-30 18:57:51,883 INFO  impl.RaftServerImpl (ServerState.java:close(394)) - 23ac1009-dd5d-4e92-bc89-541c1acd21fa:group-F546A636E85F closes. The last applied log index is 0
2019-07-30 18:57:51,886 INFO  segmented.SegmentedRaftLogWorker (SegmentedRaftLogWorker.java:run(313)) - 23ac1009-dd5d-4e92-bc89-541c1acd21fa-SegmentedRaftLogWorker:Storage Directory /workdir/hadoop-ozone/integration-test/target/test-dir/MiniOzoneClusterImpl-ceb5da31-5fea-43e0-af46-24746aa3ff01/datanode-2/data/ratis/4180c5e5-2613-41b2-8981-f546a636e85f was interrupted, exiting. There are 0 tasks remaining in the queue.
2019-07-30 18:57:51,886 INFO  segmented.SegmentedRaftLogWorker (SegmentedRaftLogWorker.java:close(228)) - 23ac1009-dd5d-4e92-bc89-541c1acd21fa-SegmentedRaftLogWorker:Storage Directory /workdir/hadoop-ozone/integration-test/target/test-dir/MiniOzoneClusterImpl-ceb5da31-5fea-43e0-af46-24746aa3ff01/datanode-2/data/ratis/4180c5e5-2613-41b2-8981-f546a636e85f close()
2019-07-30 18:57:51,888 INFO  server.GrpcService (GrpcService.java:closeImpl(155)) - 23ac1009-dd5d-4e92-bc89-541c1acd21fa: shutdown server with port 35258 now
2019-07-30 18:57:51,893 INFO  server.GrpcService (GrpcService.java:closeImpl(163)) - 23ac1009-dd5d-4e92-bc89-541c1acd21fa: shutdown server with port 35258 successfully
2019-07-30 18:57:51,894 INFO  utils.BackgroundService (BackgroundService.java:shutdown(148)) - Shutting down service BlockDeletingService
2019-07-30 18:57:51,896 WARN  fs.CachingGetSpaceUsed (CachingGetSpaceUsed.java:run(183)) - Thread Interrupted waiting to refresh disk information: sleep interrupted
2019-07-30 18:57:51,923 INFO  statemachine.DatanodeStateMachine (DatanodeStateMachine.java:stopDaemon(395)) - Ozone container server stopped.
2019-07-30 18:57:51,928 INFO  handler.ContextHandler (ContextHandler.java:doStop(910)) - Stopped o.e.j.w.WebAppContext@22e56a93{/,null,UNAVAILABLE}{/hddsDatanode}
2019-07-30 18:57:51,929 INFO  server.AbstractConnector (AbstractConnector.java:doStop(318)) - Stopped ServerConnector@1107dd6f{HTTP/1.1,[http/1.1]}{0.0.0.0:0}
2019-07-30 18:57:51,931 INFO  handler.ContextHandler (ContextHandler.java:doStop(910)) - Stopped o.e.j.s.ServletContextHandler@e7f814b{/static,jar:file:/home/user/.m2/repository/org/apache/hadoop/hadoop-hdds-container-service/0.4.1-SNAPSHOT/hadoop-hdds-container-service-0.4.1-SNAPSHOT.jar!/webapps/static,UNAVAILABLE}
2019-07-30 18:57:51,933 INFO  handler.ContextHandler (ContextHandler.java:doStop(910)) - Stopped o.e.j.s.ServletContextHandler@4b37fc15{/logs,file:///workdir/hadoop-ozone/integration-test/target/log,UNAVAILABLE}
2019-07-30 18:57:51,935 INFO  ozone.MiniOzoneClusterImpl (MiniOzoneClusterImpl.java:stop(353)) - Stopping the StorageContainerManager
2019-07-30 18:57:51,935 INFO  server.StorageContainerManager (StorageContainerManager.java:stop(796)) - Stopping Replication Manager Service.
2019-07-30 18:57:51,935 INFO  container.ReplicationManager (ReplicationManager.java:stop(187)) - Stopping Replication Monitor Thread.
2019-07-30 18:57:51,935 INFO  server.StorageContainerManager (StorageContainerManager.java:stop(803)) - Stopping Lease Manager of the command watchers
2019-07-30 18:57:51,936 INFO  server.StorageContainerManager (StorageContainerManager.java:stop(810)) - Stopping datanode service RPC server
2019-07-30 18:57:51,936 INFO  server.SCMDatanodeProtocolServer (SCMDatanodeProtocolServer.java:stop(367)) - Stopping the RPC server for DataNodes
2019-07-30 18:57:51,936 INFO  ipc.Server (Server.java:stop(3082)) - Stopping server on 40426
2019-07-30 18:57:51,939 INFO  ipc.Server (Server.java:run(1185)) - Stopping IPC Server listener on 40426
2019-07-30 18:57:51,939 INFO  ipc.Server (Server.java:run(1319)) - Stopping IPC Server Responder
2019-07-30 18:57:51,993 WARN  node.NodeStateManager (NodeStateManager.java:scheduleNextHealthCheck(631)) - Current Thread is interrupted, shutting down HB processing thread for Node Manager.
2019-07-30 18:57:51,993 INFO  server.StorageContainerManager (StorageContainerManager.java:stop(818)) - Stopping block service RPC server
2019-07-30 18:57:51,993 INFO  server.SCMBlockProtocolServer (SCMBlockProtocolServer.java:stop(148)) - Stopping the RPC server for Block Protocol
2019-07-30 18:57:51,993 INFO  ipc.Server (Server.java:stop(3082)) - Stopping server on 33580
2019-07-30 18:57:51,996 INFO  server.StorageContainerManager (StorageContainerManager.java:stop(825)) - Stopping the StorageContainerLocationProtocol RPC server
2019-07-30 18:57:51,997 INFO  server.SCMClientProtocolServer (SCMClientProtocolServer.java:stop(159)) - Stopping the RPC server for Client Protocol
2019-07-30 18:57:51,997 INFO  ipc.Server (Server.java:run(1319)) - Stopping IPC Server Responder
2019-07-30 18:57:51,997 INFO  ipc.Server (Server.java:stop(3082)) - Stopping server on 38429
2019-07-30 18:57:51,997 INFO  ipc.Server (Server.java:run(1185)) - Stopping IPC Server listener on 33580
2019-07-30 18:57:52,007 INFO  ipc.Server (Server.java:run(1185)) - Stopping IPC Server listener on 38429
2019-07-30 18:57:52,011 INFO  ipc.Server (Server.java:run(1319)) - Stopping IPC Server Responder
2019-07-30 18:57:52,011 INFO  server.StorageContainerManager (StorageContainerManager.java:stop(832)) - Stopping Storage Container Manager HTTP server.
2019-07-30 18:57:52,015 INFO  handler.ContextHandler (ContextHandler.java:doStop(910)) - Stopped o.e.j.w.WebAppContext@2462805{/,null,UNAVAILABLE}{/scm}
2019-07-30 18:57:52,017 INFO  server.AbstractConnector (AbstractConnector.java:doStop(318)) - Stopped ServerConnector@65bd8e78{HTTP/1.1,[http/1.1]}{0.0.0.0:0}
2019-07-30 18:57:52,017 INFO  handler.ContextHandler (ContextHandler.java:doStop(910)) - Stopped o.e.j.s.ServletContextHandler@325699a2{/static,file:///workdir/hadoop-ozone/integration-test/target/test-classes/webapps/static,UNAVAILABLE}
2019-07-30 18:57:52,018 INFO  handler.ContextHandler (ContextHandler.java:doStop(910)) - Stopped o.e.j.s.ServletContextHandler@47a7ed83{/logs,file:///workdir/hadoop-ozone/integration-test/target/log,UNAVAILABLE}
2019-07-30 18:57:52,019 INFO  server.StorageContainerManager (StorageContainerManager.java:stop(843)) - Stopping Block Manager Service.
2019-07-30 18:57:52,019 INFO  utils.BackgroundService (BackgroundService.java:shutdown(148)) - Shutting down service SCMBlockDeletingService
2019-07-30 18:57:52,021 INFO  utils.BackgroundService (BackgroundService.java:shutdown(148)) - Shutting down service SCMBlockDeletingService
2019-07-30 18:57:52,021 INFO  server.StorageContainerManager (StorageContainerManager.java:stop(865)) - Stopping SCM Event Queue.
2019-07-30 18:57:52,025 INFO  impl.MetricsSystemImpl (MetricsSystemImpl.java:stop(210)) - Stopping HddsDatanode metrics system...
2019-07-30 18:57:52,032 INFO  impl.MetricsSystemImpl (MetricsSystemImpl.java:stop(216)) - HddsDatanode metrics system stopped.
]]></system-out>
    <system-err><![CDATA[Jul 30, 2019 6:57:24 PM com.sun.jersey.server.impl.application.WebApplicationImpl _initiate
INFO: Initiating Jersey application, version 'Jersey: 1.19 02/11/2015 03:25 AM'
Jul 30, 2019 6:57:24 PM com.sun.jersey.server.impl.application.WebApplicationImpl _initiate
INFO: Initiating Jersey application, version 'Jersey: 1.19 02/11/2015 03:25 AM'
Jul 30, 2019 6:57:24 PM com.sun.jersey.server.impl.application.WebApplicationImpl _initiate
INFO: Initiating Jersey application, version 'Jersey: 1.19 02/11/2015 03:25 AM'
]]></system-err>
  </testcase>
  <testcase name="testScmInfo" classname="org.apache.hadoop.ozone.TestStorageContainerManager" time="0.184"/>
</testsuite>