<?xml version="1.0" encoding="UTF-8"?>
<testsuite xmlns:xsi="http://www.w3.org/2001/XMLSchema-instance" xsi:noNamespaceSchemaLocation="https://maven.apache.org/surefire/maven-surefire-plugin/xsd/surefire-test-report.xsd" name="org.apache.hadoop.ozone.client.rpc.TestMultiBlockWritesWithDnFailures" time="38.129" tests="1" errors="1" skipped="0" failures="0">
  <properties>
    <property name="awt.toolkit" value="sun.awt.X11.XToolkit"/>
    <property name="file.encoding.pkg" value="sun.io"/>
    <property name="java.specification.version" value="1.8"/>
    <property name="sun.cpu.isalist" value=""/>
    <property name="sun.jnu.encoding" value="UTF-8"/>
    <property name="java.class.path" value="/workdir/hadoop-ozone/integration-test/target/test-classes:/workdir/hadoop-ozone/integration-test/target/classes:/home/user/.m2/repository/org/apache/hadoop/hadoop-ozone-common/0.4.1-SNAPSHOT/hadoop-ozone-common-0.4.1-SNAPSHOT.jar:/home/user/.m2/repository/org/apache/commons/commons-compress/1.4.1/commons-compress-1.4.1.jar:/home/user/.m2/repository/org/tukaani/xz/1.0/xz-1.0.jar:/home/user/.m2/repository/org/apache/hadoop/hadoop-common/3.2.0/hadoop-common-3.2.0.jar:/home/user/.m2/repository/org/apache/hadoop/hadoop-hdfs/3.2.0/hadoop-hdfs-3.2.0.jar:/home/user/.m2/repository/org/apache/hadoop/hadoop-hdfs-client/3.2.0/hadoop-hdfs-client-3.2.0.jar:/home/user/.m2/repository/com/fasterxml/jackson/core/jackson-annotations/2.9.5/jackson-annotations-2.9.5.jar:/home/user/.m2/repository/org/apache/hadoop/hadoop-hdds-common/0.4.1-SNAPSHOT/hadoop-hdds-common-0.4.1-SNAPSHOT.jar:/home/user/.m2/repository/javax/annotation/javax.annotation-api/1.2/javax.annotation-api-1.2.jar:/home/user/.m2/repository/org/apache/ratis/ratis-server/0.4.0-2337318-SNAPSHOT/ratis-server-0.4.0-2337318-SNAPSHOT.jar:/home/user/.m2/repository/org/apache/ratis/ratis-thirdparty-misc/0.2.0/ratis-thirdparty-misc-0.2.0.jar:/home/user/.m2/repository/org/apache/ratis/ratis-proto/0.4.0-2337318-SNAPSHOT/ratis-proto-0.4.0-2337318-SNAPSHOT.jar:/home/user/.m2/repository/org/apache/ratis/ratis-common/0.4.0-2337318-SNAPSHOT/ratis-common-0.4.0-2337318-SNAPSHOT.jar:/home/user/.m2/repository/org/apache/ratis/ratis-client/0.4.0-2337318-SNAPSHOT/ratis-client-0.4.0-2337318-SNAPSHOT.jar:/home/user/.m2/repository/org/apache/ratis/ratis-metrics/0.4.0-2337318-SNAPSHOT/ratis-metrics-0.4.0-2337318-SNAPSHOT.jar:/home/user/.m2/repository/org/apache/ratis/ratis-netty/0.4.0-2337318-SNAPSHOT/ratis-netty-0.4.0-2337318-SNAPSHOT.jar:/home/user/.m2/repository/org/apache/ratis/ratis-grpc/0.4.0-2337318-SNAPSHOT/ratis-grpc-0.4.0-2337318-SNAPSHOT.jar:/home/user/.m2/repository/org/rocksdb/rocksdbjni/6.0.1/rocksdbjni-6.0.1.jar:/home/user/.m2/repository/org/apache/logging/log4j/log4j-api/2.11.0/log4j-api-2.11.0.jar:/home/user/.m2/repository/org/apache/logging/log4j/log4j-core/2.11.0/log4j-core-2.11.0.jar:/home/user/.m2/repository/com/lmax/disruptor/3.4.2/disruptor-3.4.2.jar:/home/user/.m2/repository/org/apache/commons/commons-pool2/2.6.0/commons-pool2-2.6.0.jar:/home/user/.m2/repository/org/bouncycastle/bcpkix-jdk15on/1.60/bcpkix-jdk15on-1.60.jar:/home/user/.m2/repository/commons-validator/commons-validator/1.6/commons-validator-1.6.jar:/home/user/.m2/repository/commons-digester/commons-digester/1.8.1/commons-digester-1.8.1.jar:/home/user/.m2/repository/io/jaegertracing/jaeger-client/0.33.1/jaeger-client-0.33.1.jar:/home/user/.m2/repository/io/jaegertracing/jaeger-thrift/0.33.1/jaeger-thrift-0.33.1.jar:/home/user/.m2/repository/org/apache/thrift/libthrift/0.11.0/libthrift-0.11.0.jar:/home/user/.m2/repository/com/squareup/okhttp3/okhttp/3.9.0/okhttp-3.9.0.jar:/home/user/.m2/repository/com/squareup/okio/okio/1.13.0/okio-1.13.0.jar:/home/user/.m2/repository/io/jaegertracing/jaeger-core/0.33.1/jaeger-core-0.33.1.jar:/home/user/.m2/repository/io/jaegertracing/jaeger-tracerresolver/0.33.1/jaeger-tracerresolver-0.33.1.jar:/home/user/.m2/repository/io/opentracing/contrib/opentracing-tracerresolver/0.1.5/opentracing-tracerresolver-0.1.5.jar:/home/user/.m2/repository/io/opentracing/opentracing-util/0.31.0/opentracing-util-0.31.0.jar:/home/user/.m2/repository/io/opentracing/opentracing-api/0.31.0/opentracing-api-0.31.0.jar:/home/user/.m2/repository/io/opentracing/opentracing-noop/0.31.0/opentracing-noop-0.31.0.jar:/home/user/.m2/repository/org/apache/hadoop/hadoop-hdds-server-framework/0.4.1-SNAPSHOT/hadoop-hdds-server-framework-0.4.1-SNAPSHOT.jar:/home/user/.m2/repository/org/apache/hadoop/hadoop-hdds-container-service/0.4.1-SNAPSHOT/hadoop-hdds-container-service-0.4.1-SNAPSHOT.jar:/home/user/.m2/repository/org/apache/hadoop/hadoop-hdds-client/0.4.1-SNAPSHOT/hadoop-hdds-client-0.4.1-SNAPSHOT.jar:/home/user/.m2/repository/org/apache/hadoop/hadoop-hdds-tools/0.4.1-SNAPSHOT/hadoop-hdds-tools-0.4.1-SNAPSHOT.jar:/home/user/.m2/repository/org/apache/hadoop/hadoop-hdds-server-scm/0.4.1-SNAPSHOT/hadoop-hdds-server-scm-0.4.1-SNAPSHOT.jar:/home/user/.m2/repository/org/apache/hadoop/hadoop-hdds-docs/0.4.1-SNAPSHOT/hadoop-hdds-docs-0.4.1-SNAPSHOT.jar:/home/user/.m2/repository/io/dropwizard/metrics/metrics-core/3.2.4/metrics-core-3.2.4.jar:/home/user/.m2/repository/org/hamcrest/hamcrest-all/1.3/hamcrest-all-1.3.jar:/home/user/.m2/repository/org/bouncycastle/bcprov-jdk15on/1.60/bcprov-jdk15on-1.60.jar:/home/user/.m2/repository/info/picocli/picocli/3.9.6/picocli-3.9.6.jar:/home/user/.m2/repository/com/google/protobuf/protobuf-java/2.5.0/protobuf-java-2.5.0.jar:/home/user/.m2/repository/com/google/guava/guava/11.0.2/guava-11.0.2.jar:/home/user/.m2/repository/org/apache/hadoop/hadoop-ozone-ozone-manager/0.4.1-SNAPSHOT/hadoop-ozone-ozone-manager-0.4.1-SNAPSHOT.jar:/home/user/.m2/repository/org/apache/hadoop/hadoop-minikdc/3.2.0/hadoop-minikdc-3.2.0.jar:/home/user/.m2/repository/commons-io/commons-io/2.5/commons-io-2.5.jar:/home/user/.m2/repository/org/apache/kerby/kerb-simplekdc/1.0.1/kerb-simplekdc-1.0.1.jar:/home/user/.m2/repository/org/apache/kerby/kerb-client/1.0.1/kerb-client-1.0.1.jar:/home/user/.m2/repository/org/apache/kerby/kerby-config/1.0.1/kerby-config-1.0.1.jar:/home/user/.m2/repository/org/apache/kerby/kerb-core/1.0.1/kerb-core-1.0.1.jar:/home/user/.m2/repository/org/apache/kerby/kerby-pkix/1.0.1/kerby-pkix-1.0.1.jar:/home/user/.m2/repository/org/apache/kerby/kerby-asn1/1.0.1/kerby-asn1-1.0.1.jar:/home/user/.m2/repository/org/apache/kerby/kerby-util/1.0.1/kerby-util-1.0.1.jar:/home/user/.m2/repository/org/apache/kerby/kerb-common/1.0.1/kerb-common-1.0.1.jar:/home/user/.m2/repository/org/apache/kerby/kerb-crypto/1.0.1/kerb-crypto-1.0.1.jar:/home/user/.m2/repository/org/apache/kerby/kerb-util/1.0.1/kerb-util-1.0.1.jar:/home/user/.m2/repository/org/apache/kerby/token-provider/1.0.1/token-provider-1.0.1.jar:/home/user/.m2/repository/org/apache/kerby/kerb-admin/1.0.1/kerb-admin-1.0.1.jar:/home/user/.m2/repository/org/apache/kerby/kerb-server/1.0.1/kerb-server-1.0.1.jar:/home/user/.m2/repository/org/apache/kerby/kerb-identity/1.0.1/kerb-identity-1.0.1.jar:/home/user/.m2/repository/org/apache/kerby/kerby-xdr/1.0.1/kerby-xdr-1.0.1.jar:/home/user/.m2/repository/org/slf4j/slf4j-log4j12/1.7.25/slf4j-log4j12-1.7.25.jar:/home/user/.m2/repository/org/apache/hadoop/hadoop-ozone-objectstore-service/0.4.1-SNAPSHOT/hadoop-ozone-objectstore-service-0.4.1-SNAPSHOT.jar:/home/user/.m2/repository/org/apache/hadoop/hadoop-ozone-s3gateway/0.4.1-SNAPSHOT/hadoop-ozone-s3gateway-0.4.1-SNAPSHOT.jar:/home/user/.m2/repository/org/jboss/weld/servlet/weld-servlet/2.4.7.Final/weld-servlet-2.4.7.Final.jar:/home/user/.m2/repository/org/glassfish/jersey/containers/jersey-container-servlet-core/2.27/jersey-container-servlet-core-2.27.jar:/home/user/.m2/repository/org/glassfish/hk2/external/javax.inject/2.5.0-b42/javax.inject-2.5.0-b42.jar:/home/user/.m2/repository/org/glassfish/jersey/core/jersey-common/2.27/jersey-common-2.27.jar:/home/user/.m2/repository/org/glassfish/hk2/osgi-resource-locator/1.0.1/osgi-resource-locator-1.0.1.jar:/home/user/.m2/repository/javax/ws/rs/javax.ws.rs-api/2.1/javax.ws.rs-api-2.1.jar:/home/user/.m2/repository/org/glassfish/jersey/ext/cdi/jersey-cdi1x/2.27/jersey-cdi1x-2.27.jar:/home/user/.m2/repository/org/glassfish/jersey/inject/jersey-hk2/2.27/jersey-hk2-2.27.jar:/home/user/.m2/repository/org/glassfish/hk2/hk2-locator/2.5.0-b42/hk2-locator-2.5.0-b42.jar:/home/user/.m2/repository/org/javassist/javassist/3.22.0-CR2/javassist-3.22.0-CR2.jar:/home/user/.m2/repository/org/glassfish/hk2/hk2-api/2.5.0/hk2-api-2.5.0.jar:/home/user/.m2/repository/org/glassfish/hk2/external/jakarta.inject/2.5.0/jakarta.inject-2.5.0.jar:/home/user/.m2/repository/org/glassfish/hk2/hk2-utils/2.5.0/hk2-utils-2.5.0.jar:/home/user/.m2/repository/jakarta/annotation/jakarta.annotation-api/1.3.4/jakarta.annotation-api-1.3.4.jar:/home/user/.m2/repository/org/glassfish/hk2/external/aopalliance-repackaged/2.5.0/aopalliance-repackaged-2.5.0.jar:/home/user/.m2/repository/com/fasterxml/jackson/dataformat/jackson-dataformat-xml/2.9.0/jackson-dataformat-xml-2.9.0.jar:/home/user/.m2/repository/com/fasterxml/jackson/core/jackson-core/2.9.5/jackson-core-2.9.5.jar:/home/user/.m2/repository/com/fasterxml/jackson/module/jackson-module-jaxb-annotations/2.9.5/jackson-module-jaxb-annotations-2.9.5.jar:/home/user/.m2/repository/javax/enterprise/cdi-api/1.2/cdi-api-1.2.jar:/home/user/.m2/repository/javax/el/javax.el-api/3.0.0/javax.el-api-3.0.0.jar:/home/user/.m2/repository/javax/interceptor/javax.interceptor-api/1.2/javax.interceptor-api-1.2.jar:/home/user/.m2/repository/javax/inject/javax.inject/1/javax.inject-1.jar:/home/user/.m2/repository/com/sun/xml/bind/jaxb-impl/2.3.0.1/jaxb-impl-2.3.0.1.jar:/home/user/.m2/repository/com/sun/xml/bind/jaxb-core/2.3.0.1/jaxb-core-2.3.0.1.jar:/home/user/.m2/repository/javax/xml/bind/jaxb-api/2.3.0/jaxb-api-2.3.0.jar:/home/user/.m2/repository/javax/activation/activation/1.1.1/activation-1.1.1.jar:/home/user/.m2/repository/org/apache/hadoop/hadoop-ozone-csi/0.4.1-SNAPSHOT/hadoop-ozone-csi-0.4.1-SNAPSHOT.jar:/home/user/.m2/repository/com/google/protobuf/protobuf-java-util/3.5.1/protobuf-java-util-3.5.1.jar:/home/user/.m2/repository/org/apache/hadoop/hadoop-hdds-config/0.4.1-SNAPSHOT/hadoop-hdds-config-0.4.1-SNAPSHOT.jar:/home/user/.m2/repository/io/grpc/grpc-netty/1.17.1/grpc-netty-1.17.1.jar:/home/user/.m2/repository/io/grpc/grpc-core/1.17.1/grpc-core-1.17.1.jar:/home/user/.m2/repository/io/grpc/grpc-context/1.17.1/grpc-context-1.17.1.jar:/home/user/.m2/repository/com/google/errorprone/error_prone_annotations/2.2.0/error_prone_annotations-2.2.0.jar:/home/user/.m2/repository/org/codehaus/mojo/animal-sniffer-annotations/1.17/animal-sniffer-annotations-1.17.jar:/home/user/.m2/repository/io/opencensus/opencensus-api/0.17.0/opencensus-api-0.17.0.jar:/home/user/.m2/repository/io/opencensus/opencensus-contrib-grpc-metrics/0.17.0/opencensus-contrib-grpc-metrics-0.17.0.jar:/home/user/.m2/repository/io/netty/netty-codec-http2/4.1.30.Final/netty-codec-http2-4.1.30.Final.jar:/home/user/.m2/repository/io/netty/netty-codec-http/4.1.30.Final/netty-codec-http-4.1.30.Final.jar:/home/user/.m2/repository/io/netty/netty-codec/4.1.30.Final/netty-codec-4.1.30.Final.jar:/home/user/.m2/repository/io/netty/netty-handler/4.1.30.Final/netty-handler-4.1.30.Final.jar:/home/user/.m2/repository/io/netty/netty-handler-proxy/4.1.30.Final/netty-handler-proxy-4.1.30.Final.jar:/home/user/.m2/repository/io/netty/netty-codec-socks/4.1.30.Final/netty-codec-socks-4.1.30.Final.jar:/home/user/.m2/repository/io/netty/netty-transport-native-epoll/4.1.30.Final/netty-transport-native-epoll-4.1.30.Final.jar:/home/user/.m2/repository/io/netty/netty-common/4.1.30.Final/netty-common-4.1.30.Final.jar:/home/user/.m2/repository/io/netty/netty-buffer/4.1.30.Final/netty-buffer-4.1.30.Final.jar:/home/user/.m2/repository/io/netty/netty-transport/4.1.30.Final/netty-transport-4.1.30.Final.jar:/home/user/.m2/repository/io/netty/netty-resolver/4.1.30.Final/netty-resolver-4.1.30.Final.jar:/home/user/.m2/repository/io/netty/netty-transport-native-unix-common/4.1.30.Final/netty-transport-native-unix-common-4.1.30.Final.jar:/home/user/.m2/repository/io/grpc/grpc-protobuf/1.17.1/grpc-protobuf-1.17.1.jar:/home/user/.m2/repository/com/google/api/grpc/proto-google-common-protos/1.0.0/proto-google-common-protos-1.0.0.jar:/home/user/.m2/repository/io/grpc/grpc-protobuf-lite/1.17.1/grpc-protobuf-lite-1.17.1.jar:/home/user/.m2/repository/io/grpc/grpc-stub/1.17.1/grpc-stub-1.17.1.jar:/home/user/.m2/repository/org/apache/hadoop/hadoop-ozone-recon/0.4.1-SNAPSHOT/hadoop-ozone-recon-0.4.1-SNAPSHOT.jar:/home/user/.m2/repository/org/apache/hadoop/hadoop-ozone-reconcodegen/0.4.1-SNAPSHOT/hadoop-ozone-reconcodegen-0.4.1-SNAPSHOT.jar:/home/user/.m2/repository/com/google/inject/extensions/guice-multibindings/4.0/guice-multibindings-4.0.jar:/home/user/.m2/repository/com/google/inject/guice/4.0/guice-4.0.jar:/home/user/.m2/repository/aopalliance/aopalliance/1.0/aopalliance-1.0.jar:/home/user/.m2/repository/com/google/inject/extensions/guice-servlet/4.0/guice-servlet-4.0.jar:/home/user/.m2/repository/org/glassfish/jersey/containers/jersey-container-servlet/2.27/jersey-container-servlet-2.27.jar:/home/user/.m2/repository/org/glassfish/hk2/guice-bridge/2.5.0/guice-bridge-2.5.0.jar:/home/user/.m2/repository/org/glassfish/jersey/core/jersey-server/2.27/jersey-server-2.27.jar:/home/user/.m2/repository/org/glassfish/jersey/core/jersey-client/2.27/jersey-client-2.27.jar:/home/user/.m2/repository/org/glassfish/jersey/media/jersey-media-jaxb/2.27/jersey-media-jaxb-2.27.jar:/home/user/.m2/repository/javax/validation/validation-api/1.1.0.Final/validation-api-1.1.0.Final.jar:/home/user/.m2/repository/org/glassfish/jersey/media/jersey-media-json-jackson/2.27/jersey-media-json-jackson-2.27.jar:/home/user/.m2/repository/org/glassfish/jersey/ext/jersey-entity-filtering/2.27/jersey-entity-filtering-2.27.jar:/home/user/.m2/repository/com/google/inject/extensions/guice-assistedinject/4.0/guice-assistedinject-4.0.jar:/home/user/.m2/repository/org/jooq/jooq/3.11.10/jooq-3.11.10.jar:/home/user/.m2/repository/org/jooq/jooq-meta/3.11.10/jooq-meta-3.11.10.jar:/home/user/.m2/repository/org/jooq/jooq-codegen/3.11.10/jooq-codegen-3.11.10.jar:/home/user/.m2/repository/com/jolbox/bonecp/0.8.0.RELEASE/bonecp-0.8.0.RELEASE.jar:/home/user/.m2/repository/org/xerial/sqlite-jdbc/3.25.2/sqlite-jdbc-3.25.2.jar:/home/user/.m2/repository/org/springframework/spring-jdbc/5.1.3.RELEASE/spring-jdbc-5.1.3.RELEASE.jar:/home/user/.m2/repository/org/springframework/spring-beans/5.1.3.RELEASE/spring-beans-5.1.3.RELEASE.jar:/home/user/.m2/repository/org/springframework/spring-core/5.1.3.RELEASE/spring-core-5.1.3.RELEASE.jar:/home/user/.m2/repository/org/springframework/spring-jcl/5.1.3.RELEASE/spring-jcl-5.1.3.RELEASE.jar:/home/user/.m2/repository/org/springframework/spring-tx/5.1.3.RELEASE/spring-tx-5.1.3.RELEASE.jar:/home/user/.m2/repository/org/apache/hadoop/hadoop-ozone-client/0.4.1-SNAPSHOT/hadoop-ozone-client-0.4.1-SNAPSHOT.jar:/home/user/.m2/repository/commons-lang/commons-lang/2.6/commons-lang-2.6.jar:/home/user/.m2/repository/org/apache/hadoop/hadoop-ozone-ozone-manager/0.4.1-SNAPSHOT/hadoop-ozone-ozone-manager-0.4.1-SNAPSHOT-tests.jar:/home/user/.m2/repository/junit/junit/4.11/junit-4.11.jar:/home/user/.m2/repository/org/hamcrest/hamcrest-core/1.3/hamcrest-core-1.3.jar:/home/user/.m2/repository/org/openjdk/jmh/jmh-core/1.19/jmh-core-1.19.jar:/home/user/.m2/repository/net/sf/jopt-simple/jopt-simple/4.6/jopt-simple-4.6.jar:/home/user/.m2/repository/org/apache/commons/commons-math3/3.1.1/commons-math3-3.1.1.jar:/home/user/.m2/repository/org/openjdk/jmh/jmh-generator-annprocess/1.19/jmh-generator-annprocess-1.19.jar:/home/user/.m2/repository/org/mockito/mockito-all/1.8.5/mockito-all-1.8.5.jar:/home/user/.m2/repository/org/apache/hadoop/hadoop-kms/3.2.0/hadoop-kms-3.2.0.jar:/home/user/.m2/repository/org/apache/hadoop/hadoop-auth/3.2.0/hadoop-auth-3.2.0.jar:/home/user/.m2/repository/com/nimbusds/nimbus-jose-jwt/4.41.1/nimbus-jose-jwt-4.41.1.jar:/home/user/.m2/repository/com/github/stephenc/jcip/jcip-annotations/1.0-1/jcip-annotations-1.0-1.jar:/home/user/.m2/repository/net/minidev/json-smart/2.3/json-smart-2.3.jar:/home/user/.m2/repository/net/minidev/accessors-smart/1.2/accessors-smart-1.2.jar:/home/user/.m2/repository/org/ow2/asm/asm/5.0.4/asm-5.0.4.jar:/home/user/.m2/repository/org/apache/curator/curator-framework/2.12.0/curator-framework-2.12.0.jar:/home/user/.m2/repository/com/sun/jersey/jersey-core/1.19/jersey-core-1.19.jar:/home/user/.m2/repository/javax/ws/rs/jsr311-api/1.1.1/jsr311-api-1.1.1.jar:/home/user/.m2/repository/com/sun/jersey/jersey-server/1.19/jersey-server-1.19.jar:/home/user/.m2/repository/javax/servlet/javax.servlet-api/3.1.0/javax.servlet-api-3.1.0.jar:/home/user/.m2/repository/org/eclipse/jetty/jetty-server/9.3.24.v20180605/jetty-server-9.3.24.v20180605.jar:/home/user/.m2/repository/org/eclipse/jetty/jetty-http/9.3.24.v20180605/jetty-http-9.3.24.v20180605.jar:/home/user/.m2/repository/org/eclipse/jetty/jetty-io/9.3.24.v20180605/jetty-io-9.3.24.v20180605.jar:/home/user/.m2/repository/org/eclipse/jetty/jetty-webapp/9.3.24.v20180605/jetty-webapp-9.3.24.v20180605.jar:/home/user/.m2/repository/org/eclipse/jetty/jetty-xml/9.3.24.v20180605/jetty-xml-9.3.24.v20180605.jar:/home/user/.m2/repository/log4j/log4j/1.2.17/log4j-1.2.17.jar:/home/user/.m2/repository/org/slf4j/slf4j-api/1.7.25/slf4j-api-1.7.25.jar:/home/user/.m2/repository/org/slf4j/jul-to-slf4j/1.7.25/jul-to-slf4j-1.7.25.jar:/home/user/.m2/repository/org/eclipse/jetty/jetty-util/9.3.24.v20180605/jetty-util-9.3.24.v20180605.jar:/home/user/.m2/repository/com/fasterxml/jackson/core/jackson-databind/2.9.5/jackson-databind-2.9.5.jar:/home/user/.m2/repository/org/apache/hadoop/hadoop-kms/3.2.0/hadoop-kms-3.2.0-tests.jar:/home/user/.m2/repository/org/apache/hadoop/hadoop-hdds-server-scm/0.4.1-SNAPSHOT/hadoop-hdds-server-scm-0.4.1-SNAPSHOT-tests.jar:/home/user/.m2/repository/org/apache/hadoop/hadoop-hdds-container-service/0.4.1-SNAPSHOT/hadoop-hdds-container-service-0.4.1-SNAPSHOT-tests.jar:/home/user/.m2/repository/org/yaml/snakeyaml/1.16/snakeyaml-1.16.jar:/home/user/.m2/repository/org/apache/hadoop/hadoop-common/3.2.0/hadoop-common-3.2.0-tests.jar:/home/user/.m2/repository/org/apache/hadoop/hadoop-annotations/3.2.0/hadoop-annotations-3.2.0.jar:/usr/lib/jvm/java-1.8-openjdk/jre/../lib/tools.jar:/home/user/.m2/repository/commons-cli/commons-cli/1.2/commons-cli-1.2.jar:/home/user/.m2/repository/org/apache/httpcomponents/httpclient/4.5.2/httpclient-4.5.2.jar:/home/user/.m2/repository/org/apache/httpcomponents/httpcore/4.4.4/httpcore-4.4.4.jar:/home/user/.m2/repository/commons-codec/commons-codec/1.11/commons-codec-1.11.jar:/home/user/.m2/repository/commons-net/commons-net/3.6/commons-net-3.6.jar:/home/user/.m2/repository/commons-collections/commons-collections/3.2.2/commons-collections-3.2.2.jar:/home/user/.m2/repository/org/eclipse/jetty/jetty-servlet/9.3.24.v20180605/jetty-servlet-9.3.24.v20180605.jar:/home/user/.m2/repository/org/eclipse/jetty/jetty-security/9.3.24.v20180605/jetty-security-9.3.24.v20180605.jar:/home/user/.m2/repository/javax/servlet/jsp/jsp-api/2.1/jsp-api-2.1.jar:/home/user/.m2/repository/com/sun/jersey/jersey-servlet/1.19/jersey-servlet-1.19.jar:/home/user/.m2/repository/com/sun/jersey/jersey-json/1.19/jersey-json-1.19.jar:/home/user/.m2/repository/org/codehaus/jettison/jettison/1.1/jettison-1.1.jar:/home/user/.m2/repository/org/codehaus/jackson/jackson-core-asl/1.9.13/jackson-core-asl-1.9.13.jar:/home/user/.m2/repository/org/codehaus/jackson/jackson-mapper-asl/1.9.13/jackson-mapper-asl-1.9.13.jar:/home/user/.m2/repository/org/codehaus/jackson/jackson-jaxrs/1.9.13/jackson-jaxrs-1.9.13.jar:/home/user/.m2/repository/org/codehaus/jackson/jackson-xc/1.9.13/jackson-xc-1.9.13.jar:/home/user/.m2/repository/commons-logging/commons-logging/1.1.3/commons-logging-1.1.3.jar:/home/user/.m2/repository/commons-beanutils/commons-beanutils/1.9.3/commons-beanutils-1.9.3.jar:/home/user/.m2/repository/org/apache/commons/commons-configuration2/2.1.1/commons-configuration2-2.1.1.jar:/home/user/.m2/repository/org/apache/commons/commons-lang3/3.7/commons-lang3-3.7.jar:/home/user/.m2/repository/org/apache/commons/commons-text/1.4/commons-text-1.4.jar:/home/user/.m2/repository/org/apache/avro/avro/1.7.7/avro-1.7.7.jar:/home/user/.m2/repository/com/thoughtworks/paranamer/paranamer/2.3/paranamer-2.3.jar:/home/user/.m2/repository/org/xerial/snappy/snappy-java/1.0.5/snappy-java-1.0.5.jar:/home/user/.m2/repository/com/google/re2j/re2j/1.1/re2j-1.1.jar:/home/user/.m2/repository/com/google/code/gson/gson/2.2.4/gson-2.2.4.jar:/home/user/.m2/repository/com/jcraft/jsch/0.1.54/jsch-0.1.54.jar:/home/user/.m2/repository/org/apache/curator/curator-client/2.12.0/curator-client-2.12.0.jar:/home/user/.m2/repository/org/apache/curator/curator-recipes/2.12.0/curator-recipes-2.12.0.jar:/home/user/.m2/repository/com/google/code/findbugs/jsr305/3.0.0/jsr305-3.0.0.jar:/home/user/.m2/repository/org/apache/htrace/htrace-core4/4.1.0-incubating/htrace-core4-4.1.0-incubating.jar:/home/user/.m2/repository/org/apache/zookeeper/zookeeper/3.4.13/zookeeper-3.4.13.jar:/home/user/.m2/repository/org/apache/yetus/audience-annotations/0.5.0/audience-annotations-0.5.0.jar:/home/user/.m2/repository/org/codehaus/woodstox/stax2-api/3.1.4/stax2-api-3.1.4.jar:/home/user/.m2/repository/com/fasterxml/woodstox/woodstox-core/5.0.3/woodstox-core-5.0.3.jar:/home/user/.m2/repository/dnsjava/dnsjava/2.1.7/dnsjava-2.1.7.jar:/home/user/.m2/repository/org/apache/hadoop/hadoop-hdfs/3.2.0/hadoop-hdfs-3.2.0-tests.jar:/home/user/.m2/repository/org/eclipse/jetty/jetty-util-ajax/9.3.24.v20180605/jetty-util-ajax-9.3.24.v20180605.jar:/home/user/.m2/repository/commons-daemon/commons-daemon/1.0.13/commons-daemon-1.0.13.jar:/home/user/.m2/repository/io/netty/netty/3.10.5.Final/netty-3.10.5.Final.jar:/home/user/.m2/repository/io/netty/netty-all/4.0.52.Final/netty-all-4.0.52.Final.jar:/home/user/.m2/repository/org/fusesource/leveldbjni/leveldbjni-all/1.8/leveldbjni-all-1.8.jar:"/>
    <property name="java.vm.vendor" value="IcedTea"/>
    <property name="sun.arch.data.model" value="64"/>
    <property name="test.build.dir" value="/workdir/hadoop-ozone/integration-test/target/test-dir"/>
    <property name="test.cache.data" value=""/>
    <property name="java.vendor.url" value="https://icedtea.classpath.org"/>
    <property name="user.timezone" value=""/>
    <property name="java.vm.specification.version" value="1.8"/>
    <property name="os.name" value="Linux"/>
    <property name="test.build.data" value="/workdir/hadoop-ozone/integration-test/target/test-dir"/>
    <property name="user.country" value="US"/>
    <property name="sun.java.launcher" value="SUN_STANDARD"/>
    <property name="sun.boot.library.path" value="/usr/lib/jvm/java-1.8-openjdk/jre/lib/amd64"/>
    <property name="sun.java.command" value="/workdir/hadoop-ozone/integration-test/target/surefire/surefirebooter8676610013553281311.jar /workdir/hadoop-ozone/integration-test/target/surefire 2019-07-30T18-42-54_965-jvmRun1 surefire4779604742464643307tmp surefire_425387390482187499144tmp"/>
    <property name="surefire.test.class.path" value="/workdir/hadoop-ozone/integration-test/target/test-classes:/workdir/hadoop-ozone/integration-test/target/classes:/home/user/.m2/repository/org/apache/hadoop/hadoop-ozone-common/0.4.1-SNAPSHOT/hadoop-ozone-common-0.4.1-SNAPSHOT.jar:/home/user/.m2/repository/org/apache/commons/commons-compress/1.4.1/commons-compress-1.4.1.jar:/home/user/.m2/repository/org/tukaani/xz/1.0/xz-1.0.jar:/home/user/.m2/repository/org/apache/hadoop/hadoop-common/3.2.0/hadoop-common-3.2.0.jar:/home/user/.m2/repository/org/apache/hadoop/hadoop-hdfs/3.2.0/hadoop-hdfs-3.2.0.jar:/home/user/.m2/repository/org/apache/hadoop/hadoop-hdfs-client/3.2.0/hadoop-hdfs-client-3.2.0.jar:/home/user/.m2/repository/com/fasterxml/jackson/core/jackson-annotations/2.9.5/jackson-annotations-2.9.5.jar:/home/user/.m2/repository/org/apache/hadoop/hadoop-hdds-common/0.4.1-SNAPSHOT/hadoop-hdds-common-0.4.1-SNAPSHOT.jar:/home/user/.m2/repository/javax/annotation/javax.annotation-api/1.2/javax.annotation-api-1.2.jar:/home/user/.m2/repository/org/apache/ratis/ratis-server/0.4.0-2337318-SNAPSHOT/ratis-server-0.4.0-2337318-SNAPSHOT.jar:/home/user/.m2/repository/org/apache/ratis/ratis-thirdparty-misc/0.2.0/ratis-thirdparty-misc-0.2.0.jar:/home/user/.m2/repository/org/apache/ratis/ratis-proto/0.4.0-2337318-SNAPSHOT/ratis-proto-0.4.0-2337318-SNAPSHOT.jar:/home/user/.m2/repository/org/apache/ratis/ratis-common/0.4.0-2337318-SNAPSHOT/ratis-common-0.4.0-2337318-SNAPSHOT.jar:/home/user/.m2/repository/org/apache/ratis/ratis-client/0.4.0-2337318-SNAPSHOT/ratis-client-0.4.0-2337318-SNAPSHOT.jar:/home/user/.m2/repository/org/apache/ratis/ratis-metrics/0.4.0-2337318-SNAPSHOT/ratis-metrics-0.4.0-2337318-SNAPSHOT.jar:/home/user/.m2/repository/org/apache/ratis/ratis-netty/0.4.0-2337318-SNAPSHOT/ratis-netty-0.4.0-2337318-SNAPSHOT.jar:/home/user/.m2/repository/org/apache/ratis/ratis-grpc/0.4.0-2337318-SNAPSHOT/ratis-grpc-0.4.0-2337318-SNAPSHOT.jar:/home/user/.m2/repository/org/rocksdb/rocksdbjni/6.0.1/rocksdbjni-6.0.1.jar:/home/user/.m2/repository/org/apache/logging/log4j/log4j-api/2.11.0/log4j-api-2.11.0.jar:/home/user/.m2/repository/org/apache/logging/log4j/log4j-core/2.11.0/log4j-core-2.11.0.jar:/home/user/.m2/repository/com/lmax/disruptor/3.4.2/disruptor-3.4.2.jar:/home/user/.m2/repository/org/apache/commons/commons-pool2/2.6.0/commons-pool2-2.6.0.jar:/home/user/.m2/repository/org/bouncycastle/bcpkix-jdk15on/1.60/bcpkix-jdk15on-1.60.jar:/home/user/.m2/repository/commons-validator/commons-validator/1.6/commons-validator-1.6.jar:/home/user/.m2/repository/commons-digester/commons-digester/1.8.1/commons-digester-1.8.1.jar:/home/user/.m2/repository/io/jaegertracing/jaeger-client/0.33.1/jaeger-client-0.33.1.jar:/home/user/.m2/repository/io/jaegertracing/jaeger-thrift/0.33.1/jaeger-thrift-0.33.1.jar:/home/user/.m2/repository/org/apache/thrift/libthrift/0.11.0/libthrift-0.11.0.jar:/home/user/.m2/repository/com/squareup/okhttp3/okhttp/3.9.0/okhttp-3.9.0.jar:/home/user/.m2/repository/com/squareup/okio/okio/1.13.0/okio-1.13.0.jar:/home/user/.m2/repository/io/jaegertracing/jaeger-core/0.33.1/jaeger-core-0.33.1.jar:/home/user/.m2/repository/io/jaegertracing/jaeger-tracerresolver/0.33.1/jaeger-tracerresolver-0.33.1.jar:/home/user/.m2/repository/io/opentracing/contrib/opentracing-tracerresolver/0.1.5/opentracing-tracerresolver-0.1.5.jar:/home/user/.m2/repository/io/opentracing/opentracing-util/0.31.0/opentracing-util-0.31.0.jar:/home/user/.m2/repository/io/opentracing/opentracing-api/0.31.0/opentracing-api-0.31.0.jar:/home/user/.m2/repository/io/opentracing/opentracing-noop/0.31.0/opentracing-noop-0.31.0.jar:/home/user/.m2/repository/org/apache/hadoop/hadoop-hdds-server-framework/0.4.1-SNAPSHOT/hadoop-hdds-server-framework-0.4.1-SNAPSHOT.jar:/home/user/.m2/repository/org/apache/hadoop/hadoop-hdds-container-service/0.4.1-SNAPSHOT/hadoop-hdds-container-service-0.4.1-SNAPSHOT.jar:/home/user/.m2/repository/org/apache/hadoop/hadoop-hdds-client/0.4.1-SNAPSHOT/hadoop-hdds-client-0.4.1-SNAPSHOT.jar:/home/user/.m2/repository/org/apache/hadoop/hadoop-hdds-tools/0.4.1-SNAPSHOT/hadoop-hdds-tools-0.4.1-SNAPSHOT.jar:/home/user/.m2/repository/org/apache/hadoop/hadoop-hdds-server-scm/0.4.1-SNAPSHOT/hadoop-hdds-server-scm-0.4.1-SNAPSHOT.jar:/home/user/.m2/repository/org/apache/hadoop/hadoop-hdds-docs/0.4.1-SNAPSHOT/hadoop-hdds-docs-0.4.1-SNAPSHOT.jar:/home/user/.m2/repository/io/dropwizard/metrics/metrics-core/3.2.4/metrics-core-3.2.4.jar:/home/user/.m2/repository/org/hamcrest/hamcrest-all/1.3/hamcrest-all-1.3.jar:/home/user/.m2/repository/org/bouncycastle/bcprov-jdk15on/1.60/bcprov-jdk15on-1.60.jar:/home/user/.m2/repository/info/picocli/picocli/3.9.6/picocli-3.9.6.jar:/home/user/.m2/repository/com/google/protobuf/protobuf-java/2.5.0/protobuf-java-2.5.0.jar:/home/user/.m2/repository/com/google/guava/guava/11.0.2/guava-11.0.2.jar:/home/user/.m2/repository/org/apache/hadoop/hadoop-ozone-ozone-manager/0.4.1-SNAPSHOT/hadoop-ozone-ozone-manager-0.4.1-SNAPSHOT.jar:/home/user/.m2/repository/org/apache/hadoop/hadoop-minikdc/3.2.0/hadoop-minikdc-3.2.0.jar:/home/user/.m2/repository/commons-io/commons-io/2.5/commons-io-2.5.jar:/home/user/.m2/repository/org/apache/kerby/kerb-simplekdc/1.0.1/kerb-simplekdc-1.0.1.jar:/home/user/.m2/repository/org/apache/kerby/kerb-client/1.0.1/kerb-client-1.0.1.jar:/home/user/.m2/repository/org/apache/kerby/kerby-config/1.0.1/kerby-config-1.0.1.jar:/home/user/.m2/repository/org/apache/kerby/kerb-core/1.0.1/kerb-core-1.0.1.jar:/home/user/.m2/repository/org/apache/kerby/kerby-pkix/1.0.1/kerby-pkix-1.0.1.jar:/home/user/.m2/repository/org/apache/kerby/kerby-asn1/1.0.1/kerby-asn1-1.0.1.jar:/home/user/.m2/repository/org/apache/kerby/kerby-util/1.0.1/kerby-util-1.0.1.jar:/home/user/.m2/repository/org/apache/kerby/kerb-common/1.0.1/kerb-common-1.0.1.jar:/home/user/.m2/repository/org/apache/kerby/kerb-crypto/1.0.1/kerb-crypto-1.0.1.jar:/home/user/.m2/repository/org/apache/kerby/kerb-util/1.0.1/kerb-util-1.0.1.jar:/home/user/.m2/repository/org/apache/kerby/token-provider/1.0.1/token-provider-1.0.1.jar:/home/user/.m2/repository/org/apache/kerby/kerb-admin/1.0.1/kerb-admin-1.0.1.jar:/home/user/.m2/repository/org/apache/kerby/kerb-server/1.0.1/kerb-server-1.0.1.jar:/home/user/.m2/repository/org/apache/kerby/kerb-identity/1.0.1/kerb-identity-1.0.1.jar:/home/user/.m2/repository/org/apache/kerby/kerby-xdr/1.0.1/kerby-xdr-1.0.1.jar:/home/user/.m2/repository/org/slf4j/slf4j-log4j12/1.7.25/slf4j-log4j12-1.7.25.jar:/home/user/.m2/repository/org/apache/hadoop/hadoop-ozone-objectstore-service/0.4.1-SNAPSHOT/hadoop-ozone-objectstore-service-0.4.1-SNAPSHOT.jar:/home/user/.m2/repository/org/apache/hadoop/hadoop-ozone-s3gateway/0.4.1-SNAPSHOT/hadoop-ozone-s3gateway-0.4.1-SNAPSHOT.jar:/home/user/.m2/repository/org/jboss/weld/servlet/weld-servlet/2.4.7.Final/weld-servlet-2.4.7.Final.jar:/home/user/.m2/repository/org/glassfish/jersey/containers/jersey-container-servlet-core/2.27/jersey-container-servlet-core-2.27.jar:/home/user/.m2/repository/org/glassfish/hk2/external/javax.inject/2.5.0-b42/javax.inject-2.5.0-b42.jar:/home/user/.m2/repository/org/glassfish/jersey/core/jersey-common/2.27/jersey-common-2.27.jar:/home/user/.m2/repository/org/glassfish/hk2/osgi-resource-locator/1.0.1/osgi-resource-locator-1.0.1.jar:/home/user/.m2/repository/javax/ws/rs/javax.ws.rs-api/2.1/javax.ws.rs-api-2.1.jar:/home/user/.m2/repository/org/glassfish/jersey/ext/cdi/jersey-cdi1x/2.27/jersey-cdi1x-2.27.jar:/home/user/.m2/repository/org/glassfish/jersey/inject/jersey-hk2/2.27/jersey-hk2-2.27.jar:/home/user/.m2/repository/org/glassfish/hk2/hk2-locator/2.5.0-b42/hk2-locator-2.5.0-b42.jar:/home/user/.m2/repository/org/javassist/javassist/3.22.0-CR2/javassist-3.22.0-CR2.jar:/home/user/.m2/repository/org/glassfish/hk2/hk2-api/2.5.0/hk2-api-2.5.0.jar:/home/user/.m2/repository/org/glassfish/hk2/external/jakarta.inject/2.5.0/jakarta.inject-2.5.0.jar:/home/user/.m2/repository/org/glassfish/hk2/hk2-utils/2.5.0/hk2-utils-2.5.0.jar:/home/user/.m2/repository/jakarta/annotation/jakarta.annotation-api/1.3.4/jakarta.annotation-api-1.3.4.jar:/home/user/.m2/repository/org/glassfish/hk2/external/aopalliance-repackaged/2.5.0/aopalliance-repackaged-2.5.0.jar:/home/user/.m2/repository/com/fasterxml/jackson/dataformat/jackson-dataformat-xml/2.9.0/jackson-dataformat-xml-2.9.0.jar:/home/user/.m2/repository/com/fasterxml/jackson/core/jackson-core/2.9.5/jackson-core-2.9.5.jar:/home/user/.m2/repository/com/fasterxml/jackson/module/jackson-module-jaxb-annotations/2.9.5/jackson-module-jaxb-annotations-2.9.5.jar:/home/user/.m2/repository/javax/enterprise/cdi-api/1.2/cdi-api-1.2.jar:/home/user/.m2/repository/javax/el/javax.el-api/3.0.0/javax.el-api-3.0.0.jar:/home/user/.m2/repository/javax/interceptor/javax.interceptor-api/1.2/javax.interceptor-api-1.2.jar:/home/user/.m2/repository/javax/inject/javax.inject/1/javax.inject-1.jar:/home/user/.m2/repository/com/sun/xml/bind/jaxb-impl/2.3.0.1/jaxb-impl-2.3.0.1.jar:/home/user/.m2/repository/com/sun/xml/bind/jaxb-core/2.3.0.1/jaxb-core-2.3.0.1.jar:/home/user/.m2/repository/javax/xml/bind/jaxb-api/2.3.0/jaxb-api-2.3.0.jar:/home/user/.m2/repository/javax/activation/activation/1.1.1/activation-1.1.1.jar:/home/user/.m2/repository/org/apache/hadoop/hadoop-ozone-csi/0.4.1-SNAPSHOT/hadoop-ozone-csi-0.4.1-SNAPSHOT.jar:/home/user/.m2/repository/com/google/protobuf/protobuf-java-util/3.5.1/protobuf-java-util-3.5.1.jar:/home/user/.m2/repository/org/apache/hadoop/hadoop-hdds-config/0.4.1-SNAPSHOT/hadoop-hdds-config-0.4.1-SNAPSHOT.jar:/home/user/.m2/repository/io/grpc/grpc-netty/1.17.1/grpc-netty-1.17.1.jar:/home/user/.m2/repository/io/grpc/grpc-core/1.17.1/grpc-core-1.17.1.jar:/home/user/.m2/repository/io/grpc/grpc-context/1.17.1/grpc-context-1.17.1.jar:/home/user/.m2/repository/com/google/errorprone/error_prone_annotations/2.2.0/error_prone_annotations-2.2.0.jar:/home/user/.m2/repository/org/codehaus/mojo/animal-sniffer-annotations/1.17/animal-sniffer-annotations-1.17.jar:/home/user/.m2/repository/io/opencensus/opencensus-api/0.17.0/opencensus-api-0.17.0.jar:/home/user/.m2/repository/io/opencensus/opencensus-contrib-grpc-metrics/0.17.0/opencensus-contrib-grpc-metrics-0.17.0.jar:/home/user/.m2/repository/io/netty/netty-codec-http2/4.1.30.Final/netty-codec-http2-4.1.30.Final.jar:/home/user/.m2/repository/io/netty/netty-codec-http/4.1.30.Final/netty-codec-http-4.1.30.Final.jar:/home/user/.m2/repository/io/netty/netty-codec/4.1.30.Final/netty-codec-4.1.30.Final.jar:/home/user/.m2/repository/io/netty/netty-handler/4.1.30.Final/netty-handler-4.1.30.Final.jar:/home/user/.m2/repository/io/netty/netty-handler-proxy/4.1.30.Final/netty-handler-proxy-4.1.30.Final.jar:/home/user/.m2/repository/io/netty/netty-codec-socks/4.1.30.Final/netty-codec-socks-4.1.30.Final.jar:/home/user/.m2/repository/io/netty/netty-transport-native-epoll/4.1.30.Final/netty-transport-native-epoll-4.1.30.Final.jar:/home/user/.m2/repository/io/netty/netty-common/4.1.30.Final/netty-common-4.1.30.Final.jar:/home/user/.m2/repository/io/netty/netty-buffer/4.1.30.Final/netty-buffer-4.1.30.Final.jar:/home/user/.m2/repository/io/netty/netty-transport/4.1.30.Final/netty-transport-4.1.30.Final.jar:/home/user/.m2/repository/io/netty/netty-resolver/4.1.30.Final/netty-resolver-4.1.30.Final.jar:/home/user/.m2/repository/io/netty/netty-transport-native-unix-common/4.1.30.Final/netty-transport-native-unix-common-4.1.30.Final.jar:/home/user/.m2/repository/io/grpc/grpc-protobuf/1.17.1/grpc-protobuf-1.17.1.jar:/home/user/.m2/repository/com/google/api/grpc/proto-google-common-protos/1.0.0/proto-google-common-protos-1.0.0.jar:/home/user/.m2/repository/io/grpc/grpc-protobuf-lite/1.17.1/grpc-protobuf-lite-1.17.1.jar:/home/user/.m2/repository/io/grpc/grpc-stub/1.17.1/grpc-stub-1.17.1.jar:/home/user/.m2/repository/org/apache/hadoop/hadoop-ozone-recon/0.4.1-SNAPSHOT/hadoop-ozone-recon-0.4.1-SNAPSHOT.jar:/home/user/.m2/repository/org/apache/hadoop/hadoop-ozone-reconcodegen/0.4.1-SNAPSHOT/hadoop-ozone-reconcodegen-0.4.1-SNAPSHOT.jar:/home/user/.m2/repository/com/google/inject/extensions/guice-multibindings/4.0/guice-multibindings-4.0.jar:/home/user/.m2/repository/com/google/inject/guice/4.0/guice-4.0.jar:/home/user/.m2/repository/aopalliance/aopalliance/1.0/aopalliance-1.0.jar:/home/user/.m2/repository/com/google/inject/extensions/guice-servlet/4.0/guice-servlet-4.0.jar:/home/user/.m2/repository/org/glassfish/jersey/containers/jersey-container-servlet/2.27/jersey-container-servlet-2.27.jar:/home/user/.m2/repository/org/glassfish/hk2/guice-bridge/2.5.0/guice-bridge-2.5.0.jar:/home/user/.m2/repository/org/glassfish/jersey/core/jersey-server/2.27/jersey-server-2.27.jar:/home/user/.m2/repository/org/glassfish/jersey/core/jersey-client/2.27/jersey-client-2.27.jar:/home/user/.m2/repository/org/glassfish/jersey/media/jersey-media-jaxb/2.27/jersey-media-jaxb-2.27.jar:/home/user/.m2/repository/javax/validation/validation-api/1.1.0.Final/validation-api-1.1.0.Final.jar:/home/user/.m2/repository/org/glassfish/jersey/media/jersey-media-json-jackson/2.27/jersey-media-json-jackson-2.27.jar:/home/user/.m2/repository/org/glassfish/jersey/ext/jersey-entity-filtering/2.27/jersey-entity-filtering-2.27.jar:/home/user/.m2/repository/com/google/inject/extensions/guice-assistedinject/4.0/guice-assistedinject-4.0.jar:/home/user/.m2/repository/org/jooq/jooq/3.11.10/jooq-3.11.10.jar:/home/user/.m2/repository/org/jooq/jooq-meta/3.11.10/jooq-meta-3.11.10.jar:/home/user/.m2/repository/org/jooq/jooq-codegen/3.11.10/jooq-codegen-3.11.10.jar:/home/user/.m2/repository/com/jolbox/bonecp/0.8.0.RELEASE/bonecp-0.8.0.RELEASE.jar:/home/user/.m2/repository/org/xerial/sqlite-jdbc/3.25.2/sqlite-jdbc-3.25.2.jar:/home/user/.m2/repository/org/springframework/spring-jdbc/5.1.3.RELEASE/spring-jdbc-5.1.3.RELEASE.jar:/home/user/.m2/repository/org/springframework/spring-beans/5.1.3.RELEASE/spring-beans-5.1.3.RELEASE.jar:/home/user/.m2/repository/org/springframework/spring-core/5.1.3.RELEASE/spring-core-5.1.3.RELEASE.jar:/home/user/.m2/repository/org/springframework/spring-jcl/5.1.3.RELEASE/spring-jcl-5.1.3.RELEASE.jar:/home/user/.m2/repository/org/springframework/spring-tx/5.1.3.RELEASE/spring-tx-5.1.3.RELEASE.jar:/home/user/.m2/repository/org/apache/hadoop/hadoop-ozone-client/0.4.1-SNAPSHOT/hadoop-ozone-client-0.4.1-SNAPSHOT.jar:/home/user/.m2/repository/commons-lang/commons-lang/2.6/commons-lang-2.6.jar:/home/user/.m2/repository/org/apache/hadoop/hadoop-ozone-ozone-manager/0.4.1-SNAPSHOT/hadoop-ozone-ozone-manager-0.4.1-SNAPSHOT-tests.jar:/home/user/.m2/repository/junit/junit/4.11/junit-4.11.jar:/home/user/.m2/repository/org/hamcrest/hamcrest-core/1.3/hamcrest-core-1.3.jar:/home/user/.m2/repository/org/openjdk/jmh/jmh-core/1.19/jmh-core-1.19.jar:/home/user/.m2/repository/net/sf/jopt-simple/jopt-simple/4.6/jopt-simple-4.6.jar:/home/user/.m2/repository/org/apache/commons/commons-math3/3.1.1/commons-math3-3.1.1.jar:/home/user/.m2/repository/org/openjdk/jmh/jmh-generator-annprocess/1.19/jmh-generator-annprocess-1.19.jar:/home/user/.m2/repository/org/mockito/mockito-all/1.8.5/mockito-all-1.8.5.jar:/home/user/.m2/repository/org/apache/hadoop/hadoop-kms/3.2.0/hadoop-kms-3.2.0.jar:/home/user/.m2/repository/org/apache/hadoop/hadoop-auth/3.2.0/hadoop-auth-3.2.0.jar:/home/user/.m2/repository/com/nimbusds/nimbus-jose-jwt/4.41.1/nimbus-jose-jwt-4.41.1.jar:/home/user/.m2/repository/com/github/stephenc/jcip/jcip-annotations/1.0-1/jcip-annotations-1.0-1.jar:/home/user/.m2/repository/net/minidev/json-smart/2.3/json-smart-2.3.jar:/home/user/.m2/repository/net/minidev/accessors-smart/1.2/accessors-smart-1.2.jar:/home/user/.m2/repository/org/ow2/asm/asm/5.0.4/asm-5.0.4.jar:/home/user/.m2/repository/org/apache/curator/curator-framework/2.12.0/curator-framework-2.12.0.jar:/home/user/.m2/repository/com/sun/jersey/jersey-core/1.19/jersey-core-1.19.jar:/home/user/.m2/repository/javax/ws/rs/jsr311-api/1.1.1/jsr311-api-1.1.1.jar:/home/user/.m2/repository/com/sun/jersey/jersey-server/1.19/jersey-server-1.19.jar:/home/user/.m2/repository/javax/servlet/javax.servlet-api/3.1.0/javax.servlet-api-3.1.0.jar:/home/user/.m2/repository/org/eclipse/jetty/jetty-server/9.3.24.v20180605/jetty-server-9.3.24.v20180605.jar:/home/user/.m2/repository/org/eclipse/jetty/jetty-http/9.3.24.v20180605/jetty-http-9.3.24.v20180605.jar:/home/user/.m2/repository/org/eclipse/jetty/jetty-io/9.3.24.v20180605/jetty-io-9.3.24.v20180605.jar:/home/user/.m2/repository/org/eclipse/jetty/jetty-webapp/9.3.24.v20180605/jetty-webapp-9.3.24.v20180605.jar:/home/user/.m2/repository/org/eclipse/jetty/jetty-xml/9.3.24.v20180605/jetty-xml-9.3.24.v20180605.jar:/home/user/.m2/repository/log4j/log4j/1.2.17/log4j-1.2.17.jar:/home/user/.m2/repository/org/slf4j/slf4j-api/1.7.25/slf4j-api-1.7.25.jar:/home/user/.m2/repository/org/slf4j/jul-to-slf4j/1.7.25/jul-to-slf4j-1.7.25.jar:/home/user/.m2/repository/org/eclipse/jetty/jetty-util/9.3.24.v20180605/jetty-util-9.3.24.v20180605.jar:/home/user/.m2/repository/com/fasterxml/jackson/core/jackson-databind/2.9.5/jackson-databind-2.9.5.jar:/home/user/.m2/repository/org/apache/hadoop/hadoop-kms/3.2.0/hadoop-kms-3.2.0-tests.jar:/home/user/.m2/repository/org/apache/hadoop/hadoop-hdds-server-scm/0.4.1-SNAPSHOT/hadoop-hdds-server-scm-0.4.1-SNAPSHOT-tests.jar:/home/user/.m2/repository/org/apache/hadoop/hadoop-hdds-container-service/0.4.1-SNAPSHOT/hadoop-hdds-container-service-0.4.1-SNAPSHOT-tests.jar:/home/user/.m2/repository/org/yaml/snakeyaml/1.16/snakeyaml-1.16.jar:/home/user/.m2/repository/org/apache/hadoop/hadoop-common/3.2.0/hadoop-common-3.2.0-tests.jar:/home/user/.m2/repository/org/apache/hadoop/hadoop-annotations/3.2.0/hadoop-annotations-3.2.0.jar:/usr/lib/jvm/java-1.8-openjdk/jre/../lib/tools.jar:/home/user/.m2/repository/commons-cli/commons-cli/1.2/commons-cli-1.2.jar:/home/user/.m2/repository/org/apache/httpcomponents/httpclient/4.5.2/httpclient-4.5.2.jar:/home/user/.m2/repository/org/apache/httpcomponents/httpcore/4.4.4/httpcore-4.4.4.jar:/home/user/.m2/repository/commons-codec/commons-codec/1.11/commons-codec-1.11.jar:/home/user/.m2/repository/commons-net/commons-net/3.6/commons-net-3.6.jar:/home/user/.m2/repository/commons-collections/commons-collections/3.2.2/commons-collections-3.2.2.jar:/home/user/.m2/repository/org/eclipse/jetty/jetty-servlet/9.3.24.v20180605/jetty-servlet-9.3.24.v20180605.jar:/home/user/.m2/repository/org/eclipse/jetty/jetty-security/9.3.24.v20180605/jetty-security-9.3.24.v20180605.jar:/home/user/.m2/repository/javax/servlet/jsp/jsp-api/2.1/jsp-api-2.1.jar:/home/user/.m2/repository/com/sun/jersey/jersey-servlet/1.19/jersey-servlet-1.19.jar:/home/user/.m2/repository/com/sun/jersey/jersey-json/1.19/jersey-json-1.19.jar:/home/user/.m2/repository/org/codehaus/jettison/jettison/1.1/jettison-1.1.jar:/home/user/.m2/repository/org/codehaus/jackson/jackson-core-asl/1.9.13/jackson-core-asl-1.9.13.jar:/home/user/.m2/repository/org/codehaus/jackson/jackson-mapper-asl/1.9.13/jackson-mapper-asl-1.9.13.jar:/home/user/.m2/repository/org/codehaus/jackson/jackson-jaxrs/1.9.13/jackson-jaxrs-1.9.13.jar:/home/user/.m2/repository/org/codehaus/jackson/jackson-xc/1.9.13/jackson-xc-1.9.13.jar:/home/user/.m2/repository/commons-logging/commons-logging/1.1.3/commons-logging-1.1.3.jar:/home/user/.m2/repository/commons-beanutils/commons-beanutils/1.9.3/commons-beanutils-1.9.3.jar:/home/user/.m2/repository/org/apache/commons/commons-configuration2/2.1.1/commons-configuration2-2.1.1.jar:/home/user/.m2/repository/org/apache/commons/commons-lang3/3.7/commons-lang3-3.7.jar:/home/user/.m2/repository/org/apache/commons/commons-text/1.4/commons-text-1.4.jar:/home/user/.m2/repository/org/apache/avro/avro/1.7.7/avro-1.7.7.jar:/home/user/.m2/repository/com/thoughtworks/paranamer/paranamer/2.3/paranamer-2.3.jar:/home/user/.m2/repository/org/xerial/snappy/snappy-java/1.0.5/snappy-java-1.0.5.jar:/home/user/.m2/repository/com/google/re2j/re2j/1.1/re2j-1.1.jar:/home/user/.m2/repository/com/google/code/gson/gson/2.2.4/gson-2.2.4.jar:/home/user/.m2/repository/com/jcraft/jsch/0.1.54/jsch-0.1.54.jar:/home/user/.m2/repository/org/apache/curator/curator-client/2.12.0/curator-client-2.12.0.jar:/home/user/.m2/repository/org/apache/curator/curator-recipes/2.12.0/curator-recipes-2.12.0.jar:/home/user/.m2/repository/com/google/code/findbugs/jsr305/3.0.0/jsr305-3.0.0.jar:/home/user/.m2/repository/org/apache/htrace/htrace-core4/4.1.0-incubating/htrace-core4-4.1.0-incubating.jar:/home/user/.m2/repository/org/apache/zookeeper/zookeeper/3.4.13/zookeeper-3.4.13.jar:/home/user/.m2/repository/org/apache/yetus/audience-annotations/0.5.0/audience-annotations-0.5.0.jar:/home/user/.m2/repository/org/codehaus/woodstox/stax2-api/3.1.4/stax2-api-3.1.4.jar:/home/user/.m2/repository/com/fasterxml/woodstox/woodstox-core/5.0.3/woodstox-core-5.0.3.jar:/home/user/.m2/repository/dnsjava/dnsjava/2.1.7/dnsjava-2.1.7.jar:/home/user/.m2/repository/org/apache/hadoop/hadoop-hdfs/3.2.0/hadoop-hdfs-3.2.0-tests.jar:/home/user/.m2/repository/org/eclipse/jetty/jetty-util-ajax/9.3.24.v20180605/jetty-util-ajax-9.3.24.v20180605.jar:/home/user/.m2/repository/commons-daemon/commons-daemon/1.0.13/commons-daemon-1.0.13.jar:/home/user/.m2/repository/io/netty/netty/3.10.5.Final/netty-3.10.5.Final.jar:/home/user/.m2/repository/io/netty/netty-all/4.0.52.Final/netty-all-4.0.52.Final.jar:/home/user/.m2/repository/org/fusesource/leveldbjni/leveldbjni-all/1.8/leveldbjni-all-1.8.jar:"/>
    <property name="sun.cpu.endian" value="little"/>
    <property name="user.home" value="/home/user"/>
    <property name="user.language" value="en"/>
    <property name="java.specification.vendor" value="Oracle Corporation"/>
    <property name="java.home" value="/usr/lib/jvm/java-1.8-openjdk/jre"/>
    <property name="java.security.krb5.conf" value="/workdir/hadoop-ozone/integration-test/target/test-classes/krb5.conf"/>
    <property name="basedir" value="/workdir/hadoop-ozone/integration-test"/>
    <property name="file.separator" value="/"/>
    <property name="line.separator" value="&#10;"/>
    <property name="java.vm.specification.vendor" value="Oracle Corporation"/>
    <property name="java.specification.name" value="Java Platform API Specification"/>
    <property name="java.awt.graphicsenv" value="sun.awt.X11GraphicsEnvironment"/>
    <property name="surefire.real.class.path" value="/workdir/hadoop-ozone/integration-test/target/surefire/surefirebooter8676610013553281311.jar"/>
    <property name="hadoop.log.dir" value="/workdir/hadoop-ozone/integration-test/target/log"/>
    <property name="sun.boot.class.path" value="/usr/lib/jvm/java-1.8-openjdk/jre/lib/resources.jar:/usr/lib/jvm/java-1.8-openjdk/jre/lib/rt.jar:/usr/lib/jvm/java-1.8-openjdk/jre/lib/sunrsasign.jar:/usr/lib/jvm/java-1.8-openjdk/jre/lib/jsse.jar:/usr/lib/jvm/java-1.8-openjdk/jre/lib/jce.jar:/usr/lib/jvm/java-1.8-openjdk/jre/lib/charsets.jar:/usr/lib/jvm/java-1.8-openjdk/jre/lib/jfr.jar:/usr/lib/jvm/java-1.8-openjdk/jre/classes"/>
    <property name="sun.management.compiler" value="HotSpot 64-Bit Tiered Compilers"/>
    <property name="java.runtime.version" value="1.8.0_212-b04"/>
    <property name="java.net.preferIPv4Stack" value="true"/>
    <property name="user.name" value="jenkins1000"/>
    <property name="path.separator" value=":"/>
    <property name="java.security.egd" value="file:///dev/urandom"/>
    <property name="os.version" value="3.10.0-957.12.2.el7.x86_64"/>
    <property name="java.endorsed.dirs" value="/usr/lib/jvm/java-1.8-openjdk/jre/lib/endorsed"/>
    <property name="java.runtime.name" value="OpenJDK Runtime Environment"/>
    <property name="file.encoding" value="UTF-8"/>
    <property name="java.vm.name" value="OpenJDK 64-Bit Server VM"/>
    <property name="test.build.webapps" value=""/>
    <property name="localRepository" value="/home/user/.m2/repository"/>
    <property name="java.vendor.url.bug" value="https://icedtea.classpath.org/bugzilla"/>
    <property name="java.io.tmpdir" value="/tmp"/>
    <property name="require.test.libhadoop" value=""/>
    <property name="java.version" value="1.8.0_212"/>
    <property name="user.dir" value="/workdir/hadoop-ozone/integration-test"/>
    <property name="os.arch" value="amd64"/>
    <property name="java.vm.specification.name" value="Java Virtual Machine Specification"/>
    <property name="test.build.classes" value="/workdir/hadoop-ozone/integration-test/target/test-classes"/>
    <property name="java.awt.printerjob" value="sun.print.PSPrinterJob"/>
    <property name="sun.os.patch.level" value="unknown"/>
    <property name="hadoop.tmp.dir" value="/workdir/hadoop-ozone/integration-test/target/tmp"/>
    <property name="java.library.path" value="/usr/lib/jvm/java-1.8-openjdk/jre/lib/amd64/server:/usr/lib/jvm/java-1.8-openjdk/jre/lib/amd64:/usr/lib/jvm/java-1.8-openjdk/jre/../lib/amd64:/workdir/hadoop-ozone/integration-test/target/native/target/usr/local/lib:/workdir/hadoop-ozone/integration-test/../../hadoop-common-project/hadoop-common/target/native/target/usr/local/lib:/usr/java/packages/lib/amd64:/usr/lib64:/lib64:/lib:/usr/lib"/>
    <property name="java.vm.info" value="mixed mode"/>
    <property name="java.vendor" value="IcedTea"/>
    <property name="java.vm.version" value="25.212-b04"/>
    <property name="java.ext.dirs" value="/usr/lib/jvm/java-1.8-openjdk/jre/lib/ext:/usr/java/packages/lib/ext"/>
    <property name="sun.io.unicode.encoding" value="UnicodeLittle"/>
    <property name="java.class.version" value="52.0"/>
  </properties>
  <testcase name="testMultiBlockWritesWithDnFailures" classname="org.apache.hadoop.ozone.client.rpc.TestMultiBlockWritesWithDnFailures" time="38.069">
    <error message="Allocated 0 blocks. Requested 1 blocks" type="INTERNAL_ERROR org.apache.hadoop.ozone.om.exceptions.OMException">INTERNAL_ERROR org.apache.hadoop.ozone.om.exceptions.OMException: Allocated 0 blocks. Requested 1 blocks
	at org.apache.hadoop.ozone.om.protocolPB.OzoneManagerProtocolClientSideTranslatorPB.handleError(OzoneManagerProtocolClientSideTranslatorPB.java:720)
	at org.apache.hadoop.ozone.om.protocolPB.OzoneManagerProtocolClientSideTranslatorPB.allocateBlock(OzoneManagerProtocolClientSideTranslatorPB.java:752)
	at org.apache.hadoop.ozone.client.io.BlockOutputStreamEntryPool.allocateNewBlock(BlockOutputStreamEntryPool.java:248)
	at org.apache.hadoop.ozone.client.io.BlockOutputStreamEntryPool.allocateBlockIfNeeded(BlockOutputStreamEntryPool.java:296)
	at org.apache.hadoop.ozone.client.io.KeyOutputStream.handleWrite(KeyOutputStream.java:201)
	at org.apache.hadoop.ozone.client.io.KeyOutputStream.handleRetry(KeyOutputStream.java:376)
	at org.apache.hadoop.ozone.client.io.KeyOutputStream.handleException(KeyOutputStream.java:325)
	at org.apache.hadoop.ozone.client.io.KeyOutputStream.handleWrite(KeyOutputStream.java:231)
	at org.apache.hadoop.ozone.client.io.KeyOutputStream.write(KeyOutputStream.java:193)
	at org.apache.hadoop.ozone.client.io.OzoneOutputStream.write(OzoneOutputStream.java:49)
	at java.io.OutputStream.write(OutputStream.java:75)
	at org.apache.hadoop.ozone.client.rpc.TestMultiBlockWritesWithDnFailures.testMultiBlockWritesWithDnFailures(TestMultiBlockWritesWithDnFailures.java:144)
	at sun.reflect.NativeMethodAccessorImpl.invoke0(Native Method)
	at sun.reflect.NativeMethodAccessorImpl.invoke(NativeMethodAccessorImpl.java:62)
	at sun.reflect.DelegatingMethodAccessorImpl.invoke(DelegatingMethodAccessorImpl.java:43)
	at java.lang.reflect.Method.invoke(Method.java:498)
	at org.junit.runners.model.FrameworkMethod$1.runReflectiveCall(FrameworkMethod.java:47)
	at org.junit.internal.runners.model.ReflectiveCallable.run(ReflectiveCallable.java:12)
	at org.junit.runners.model.FrameworkMethod.invokeExplosively(FrameworkMethod.java:44)
	at org.junit.internal.runners.statements.InvokeMethod.evaluate(InvokeMethod.java:17)
	at org.junit.runners.ParentRunner.runLeaf(ParentRunner.java:271)
	at org.junit.runners.BlockJUnit4ClassRunner.runChild(BlockJUnit4ClassRunner.java:70)
	at org.junit.runners.BlockJUnit4ClassRunner.runChild(BlockJUnit4ClassRunner.java:50)
	at org.junit.runners.ParentRunner$3.run(ParentRunner.java:238)
	at org.junit.runners.ParentRunner$1.schedule(ParentRunner.java:63)
	at org.junit.runners.ParentRunner.runChildren(ParentRunner.java:236)
	at org.junit.runners.ParentRunner.access$000(ParentRunner.java:53)
	at org.junit.runners.ParentRunner$2.evaluate(ParentRunner.java:229)
	at org.junit.runners.ParentRunner.run(ParentRunner.java:309)
	at org.apache.maven.surefire.junit4.JUnit4Provider.execute(JUnit4Provider.java:365)
	at org.apache.maven.surefire.junit4.JUnit4Provider.executeWithRerun(JUnit4Provider.java:273)
	at org.apache.maven.surefire.junit4.JUnit4Provider.executeTestSet(JUnit4Provider.java:238)
	at org.apache.maven.surefire.junit4.JUnit4Provider.invoke(JUnit4Provider.java:159)
	at org.apache.maven.surefire.booter.ForkedBooter.invokeProviderInSameClassLoader(ForkedBooter.java:384)
	at org.apache.maven.surefire.booter.ForkedBooter.runSuitesInProcess(ForkedBooter.java:345)
	at org.apache.maven.surefire.booter.ForkedBooter.execute(ForkedBooter.java:126)
	at org.apache.maven.surefire.booter.ForkedBooter.main(ForkedBooter.java:418)
</error>
    <system-out><![CDATA[2019-07-30 19:24:55,950 WARN  server.ServerUtils (ServerUtils.java:getScmDbDir(145)) - ozone.scm.db.dirs is not configured. We recommend adding this setting. Falling back to ozone.metadata.dirs instead.
2019-07-30 19:24:56,076 WARN  server.ServerUtils (ServerUtils.java:getScmDbDir(145)) - ozone.scm.db.dirs is not configured. We recommend adding this setting. Falling back to ozone.metadata.dirs instead.
2019-07-30 19:24:56,080 WARN  server.ServerUtils (ServerUtils.java:getScmDbDir(145)) - ozone.scm.db.dirs is not configured. We recommend adding this setting. Falling back to ozone.metadata.dirs instead.
2019-07-30 19:24:56,098 INFO  util.log (Log.java:initialized(192)) - Logging initialized @833ms
2019-07-30 19:24:56,199 INFO  db.DBStoreBuilder (DBStoreBuilder.java:addTable(110)) - using custom profile for table: deletedBlocks
2019-07-30 19:24:56,200 INFO  db.DBStoreBuilder (DBStoreBuilder.java:processTables(161)) - Using default column profile:DBProfile.DISK for Table:deletedBlocks
2019-07-30 19:24:56,200 INFO  db.DBStoreBuilder (DBStoreBuilder.java:addTable(110)) - using custom profile for table: validCerts
2019-07-30 19:24:56,200 INFO  db.DBStoreBuilder (DBStoreBuilder.java:processTables(161)) - Using default column profile:DBProfile.DISK for Table:validCerts
2019-07-30 19:24:56,201 INFO  db.DBStoreBuilder (DBStoreBuilder.java:addTable(110)) - using custom profile for table: revokedCerts
2019-07-30 19:24:56,201 INFO  db.DBStoreBuilder (DBStoreBuilder.java:processTables(161)) - Using default column profile:DBProfile.DISK for Table:revokedCerts
2019-07-30 19:24:56,213 INFO  db.DBStoreBuilder (DBStoreBuilder.java:addTable(110)) - using custom profile for table: default
2019-07-30 19:24:56,213 INFO  db.DBStoreBuilder (DBStoreBuilder.java:processTables(167)) - Using default column profile:DBProfile.DISK for Table:default
2019-07-30 19:24:56,214 INFO  db.DBStoreBuilder (DBStoreBuilder.java:getDbProfile(198)) - Using default options. DBProfile.DISK
2019-07-30 19:24:56,375 INFO  net.NodeSchemaLoader (NodeSchemaLoader.java:loadSchemaFromFile(125)) - Loading file from sun.misc.CompoundEnumeration@7193666c
2019-07-30 19:24:56,378 INFO  net.NodeSchemaLoader (NodeSchemaLoader.java:loadSchema(171)) - Loading network topology layer schema file
2019-07-30 19:24:56,460 INFO  node.SCMNodeManager (SCMNodeManager.java:<init>(121)) - Entering startup safe mode.
2019-07-30 19:24:56,544 WARN  server.ServerUtils (ServerUtils.java:getScmDbDir(145)) - ozone.scm.db.dirs is not configured. We recommend adding this setting. Falling back to ozone.metadata.dirs instead.
2019-07-30 19:24:56,582 INFO  pipeline.SCMPipelineManager (SCMPipelineManager.java:initializePipelineState(126)) - No pipeline exists in current db
2019-07-30 19:24:56,586 WARN  server.ServerUtils (ServerUtils.java:getScmDbDir(145)) - ozone.scm.db.dirs is not configured. We recommend adding this setting. Falling back to ozone.metadata.dirs instead.
2019-07-30 19:24:56,697 WARN  events.EventQueue (EventQueue.java:fireEvent(175)) - No event handler registered for event TypedEvent{payloadType=SafeModeStatus, name='SafeModeStatus'}
2019-07-30 19:24:57,027 INFO  ipc.CallQueueManager (CallQueueManager.java:<init>(84)) - Using callQueue: class java.util.concurrent.LinkedBlockingQueue, queueCapacity: 2000, scheduler: class org.apache.hadoop.ipc.DefaultRpcScheduler, ipcBackoff: false.
2019-07-30 19:24:57,055 INFO  ipc.Server (Server.java:run(1074)) - Starting Socket Reader #1 for port 43336
2019-07-30 19:24:57,078 INFO  ipc.CallQueueManager (CallQueueManager.java:<init>(84)) - Using callQueue: class java.util.concurrent.LinkedBlockingQueue, queueCapacity: 2000, scheduler: class org.apache.hadoop.ipc.DefaultRpcScheduler, ipcBackoff: false.
2019-07-30 19:24:57,080 INFO  ipc.Server (Server.java:run(1074)) - Starting Socket Reader #1 for port 39801
2019-07-30 19:24:57,086 INFO  ipc.CallQueueManager (CallQueueManager.java:<init>(84)) - Using callQueue: class java.util.concurrent.LinkedBlockingQueue, queueCapacity: 2000, scheduler: class org.apache.hadoop.ipc.DefaultRpcScheduler, ipcBackoff: false.
2019-07-30 19:24:57,087 INFO  ipc.Server (Server.java:run(1074)) - Starting Socket Reader #1 for port 40785
2019-07-30 19:24:57,209 INFO  hdfs.DFSUtil (DFSUtil.java:httpServerTemplateForNNAndJN(1641)) - Starting Web-server for scm at: http://0.0.0.0:0
2019-07-30 19:24:57,373 INFO  server.AuthenticationFilter (AuthenticationFilter.java:constructSecretProvider(240)) - Unable to initialize FileSignerSecretProvider, falling back to use random secrets.
2019-07-30 19:24:57,380 WARN  http.HttpRequestLog (HttpRequestLog.java:getRequestLog(97)) - Jetty request log can only be enabled using Log4j
2019-07-30 19:24:57,388 INFO  http.HttpServer2 (HttpServer2.java:addGlobalFilter(975)) - Added global filter 'safety' (class=org.apache.hadoop.http.HttpServer2$QuotingInputFilter)
2019-07-30 19:24:57,390 INFO  http.HttpServer2 (HttpServer2.java:addFilter(948)) - Added filter static_user_filter (class=org.apache.hadoop.http.lib.StaticUserWebFilter$StaticUserFilter) to context scm
2019-07-30 19:24:57,390 INFO  http.HttpServer2 (HttpServer2.java:addFilter(958)) - Added filter static_user_filter (class=org.apache.hadoop.http.lib.StaticUserWebFilter$StaticUserFilter) to context logs
2019-07-30 19:24:57,391 INFO  http.HttpServer2 (HttpServer2.java:addFilter(958)) - Added filter static_user_filter (class=org.apache.hadoop.http.lib.StaticUserWebFilter$StaticUserFilter) to context static
2019-07-30 19:24:57,418 INFO  server.StorageContainerManager (StorageContainerManager.java:start(758)) - StorageContainerLocationProtocol RPC server is listening at /0.0.0.0:40785
2019-07-30 19:24:57,473 WARN  impl.MetricsConfig (MetricsConfig.java:loadFirst(134)) - Cannot locate configuration: tried hadoop-metrics2-storagecontainermanager.properties,hadoop-metrics2.properties
2019-07-30 19:24:57,485 INFO  impl.MetricsSystemImpl (MetricsSystemImpl.java:startTimer(374)) - Scheduled Metric snapshot period at 10 second(s).
2019-07-30 19:24:57,485 INFO  impl.MetricsSystemImpl (MetricsSystemImpl.java:start(191)) - StorageContainerManager metrics system started
2019-07-30 19:24:57,701 INFO  server.SCMClientProtocolServer (SCMClientProtocolServer.java:start(151)) - RPC server for Client  is listening at /0.0.0.0:40785
2019-07-30 19:24:57,702 INFO  ipc.Server (Server.java:run(1314)) - IPC Server Responder: starting
2019-07-30 19:24:57,703 INFO  ipc.Server (Server.java:run(1153)) - IPC Server listener on 40785: starting
2019-07-30 19:24:57,707 INFO  server.StorageContainerManager (StorageContainerManager.java:start(768)) - ScmBlockLocationProtocol RPC server is listening at /0.0.0.0:39801
2019-07-30 19:24:57,707 INFO  server.SCMBlockProtocolServer (SCMBlockProtocolServer.java:start(140)) - RPC server for Block Protocol is listening at /0.0.0.0:39801
2019-07-30 19:24:57,707 INFO  ipc.Server (Server.java:run(1314)) - IPC Server Responder: starting
2019-07-30 19:24:57,707 INFO  ipc.Server (Server.java:run(1153)) - IPC Server listener on 39801: starting
2019-07-30 19:24:57,717 INFO  server.StorageContainerManager (StorageContainerManager.java:start(772)) - ScmDatanodeProtocl RPC server is listening at /0.0.0.0:43336
2019-07-30 19:24:57,717 INFO  server.SCMDatanodeProtocolServer (SCMDatanodeProtocolServer.java:start(191)) - RPC server for DataNodes is listening at /0.0.0.0:43336
2019-07-30 19:24:57,719 INFO  ipc.Server (Server.java:run(1314)) - IPC Server Responder: starting
2019-07-30 19:24:57,720 INFO  ipc.Server (Server.java:run(1153)) - IPC Server listener on 43336: starting
2019-07-30 19:24:57,732 INFO  http.HttpServer2 (HttpServer2.java:bindListener(1191)) - Jetty bound to port 45664
2019-07-30 19:24:57,735 INFO  server.Server (Server.java:doStart(351)) - jetty-9.3.24.v20180605, build timestamp: 2018-06-05T17:11:56Z, git hash: 84205aa28f11a4f31f2a3b86d1bba2cc8ab69827
2019-07-30 19:24:57,775 INFO  handler.ContextHandler (ContextHandler.java:doStart(781)) - Started o.e.j.s.ServletContextHandler@75f95314{/logs,file:///workdir/hadoop-ozone/integration-test/target/log,AVAILABLE}
2019-07-30 19:24:57,776 INFO  handler.ContextHandler (ContextHandler.java:doStart(781)) - Started o.e.j.s.ServletContextHandler@6bbe2511{/static,file:///workdir/hadoop-ozone/integration-test/target/test-classes/webapps/static,AVAILABLE}
2019-07-30 19:24:57,808 INFO  handler.ContextHandler (ContextHandler.java:doStart(781)) - Started o.e.j.w.WebAppContext@285d851a{/,file:///workdir/hadoop-ozone/integration-test/target/test-classes/webapps/scm/,AVAILABLE}{/scm}
2019-07-30 19:24:57,813 INFO  server.AbstractConnector (AbstractConnector.java:doStart(278)) - Started ServerConnector@32232e55{HTTP/1.1,[http/1.1]}{0.0.0.0:45664}
2019-07-30 19:24:57,813 INFO  server.Server (Server.java:doStart(419)) - Started @2549ms
2019-07-30 19:24:57,815 INFO  server.BaseHttpServer (BaseHttpServer.java:updateConnectorAddress(207)) - HTTP server of SCM is listening at http://0.0.0.0:45664
2019-07-30 19:24:57,821 INFO  util.JvmPauseMonitor (JvmPauseMonitor.java:run(188)) - Starting JVM pause monitor
2019-07-30 19:24:57,823 WARN  server.ServerUtils (ServerUtils.java:getDBPath(222)) - ozone.om.db.dirs is not configured. We recommend adding this setting. Falling back to ozone.metadata.dirs instead.
2019-07-30 19:24:57,931 WARN  server.ServerUtils (ServerUtils.java:getDBPath(222)) - ozone.om.db.dirs is not configured. We recommend adding this setting. Falling back to ozone.metadata.dirs instead.
2019-07-30 19:24:57,932 WARN  server.ServerUtils (ServerUtils.java:getDBPath(222)) - ozone.om.db.dirs is not configured. We recommend adding this setting. Falling back to ozone.metadata.dirs instead.
2019-07-30 19:24:57,933 INFO  om.OzoneManager (OzoneManager.java:setOMNodeDetails(644)) - OM Service ID is not set. Setting it to the default ID: omServiceIdDefault
2019-07-30 19:24:57,933 INFO  om.OzoneManager (OzoneManager.java:setOMNodeDetails(650)) - OM Node ID is not set. Setting it to the OmStorage's OmID: d2f8a9e4-77f8-49a2-8e1f-80a5b2b5a595
2019-07-30 19:24:57,934 INFO  om.OzoneManager (OzoneManager.java:loadOMHAConfigs(601)) - Found matching OM address with OMServiceId: null, OMNodeId: null, RPC Address: localhost:0 and Ratis port: 9872
2019-07-30 19:24:58,599 WARN  server.ServerUtils (ServerUtils.java:getDBPath(222)) - ozone.om.db.dirs is not configured. We recommend adding this setting. Falling back to ozone.metadata.dirs instead.
2019-07-30 19:24:58,607 INFO  db.DBStoreBuilder (DBStoreBuilder.java:addTable(110)) - using custom profile for table: userTable
2019-07-30 19:24:58,607 INFO  db.DBStoreBuilder (DBStoreBuilder.java:processTables(161)) - Using default column profile:DBProfile.DISK for Table:userTable
2019-07-30 19:24:58,607 INFO  db.DBStoreBuilder (DBStoreBuilder.java:addTable(110)) - using custom profile for table: volumeTable
2019-07-30 19:24:58,608 INFO  db.DBStoreBuilder (DBStoreBuilder.java:processTables(161)) - Using default column profile:DBProfile.DISK for Table:volumeTable
2019-07-30 19:24:58,608 INFO  db.DBStoreBuilder (DBStoreBuilder.java:addTable(110)) - using custom profile for table: bucketTable
2019-07-30 19:24:58,608 INFO  db.DBStoreBuilder (DBStoreBuilder.java:processTables(161)) - Using default column profile:DBProfile.DISK for Table:bucketTable
2019-07-30 19:24:58,608 INFO  db.DBStoreBuilder (DBStoreBuilder.java:addTable(110)) - using custom profile for table: keyTable
2019-07-30 19:24:58,609 INFO  db.DBStoreBuilder (DBStoreBuilder.java:processTables(161)) - Using default column profile:DBProfile.DISK for Table:keyTable
2019-07-30 19:24:58,609 INFO  db.DBStoreBuilder (DBStoreBuilder.java:addTable(110)) - using custom profile for table: deletedTable
2019-07-30 19:24:58,609 INFO  db.DBStoreBuilder (DBStoreBuilder.java:processTables(161)) - Using default column profile:DBProfile.DISK for Table:deletedTable
2019-07-30 19:24:58,609 INFO  db.DBStoreBuilder (DBStoreBuilder.java:addTable(110)) - using custom profile for table: openKeyTable
2019-07-30 19:24:58,610 INFO  db.DBStoreBuilder (DBStoreBuilder.java:processTables(161)) - Using default column profile:DBProfile.DISK for Table:openKeyTable
2019-07-30 19:24:58,610 INFO  db.DBStoreBuilder (DBStoreBuilder.java:addTable(110)) - using custom profile for table: s3Table
2019-07-30 19:24:58,610 INFO  db.DBStoreBuilder (DBStoreBuilder.java:processTables(161)) - Using default column profile:DBProfile.DISK for Table:s3Table
2019-07-30 19:24:58,610 INFO  db.DBStoreBuilder (DBStoreBuilder.java:addTable(110)) - using custom profile for table: multipartInfoTable
2019-07-30 19:24:58,611 INFO  db.DBStoreBuilder (DBStoreBuilder.java:processTables(161)) - Using default column profile:DBProfile.DISK for Table:multipartInfoTable
2019-07-30 19:24:58,611 INFO  db.DBStoreBuilder (DBStoreBuilder.java:addTable(110)) - using custom profile for table: dTokenTable
2019-07-30 19:24:58,611 INFO  db.DBStoreBuilder (DBStoreBuilder.java:processTables(161)) - Using default column profile:DBProfile.DISK for Table:dTokenTable
2019-07-30 19:24:58,612 INFO  db.DBStoreBuilder (DBStoreBuilder.java:addTable(110)) - using custom profile for table: s3SecretTable
2019-07-30 19:24:58,612 INFO  db.DBStoreBuilder (DBStoreBuilder.java:processTables(161)) - Using default column profile:DBProfile.DISK for Table:s3SecretTable
2019-07-30 19:24:58,612 INFO  db.DBStoreBuilder (DBStoreBuilder.java:addTable(110)) - using custom profile for table: prefixTable
2019-07-30 19:24:58,612 INFO  db.DBStoreBuilder (DBStoreBuilder.java:processTables(161)) - Using default column profile:DBProfile.DISK for Table:prefixTable
2019-07-30 19:24:58,613 INFO  db.DBStoreBuilder (DBStoreBuilder.java:addTable(110)) - using custom profile for table: default
2019-07-30 19:24:58,613 INFO  db.DBStoreBuilder (DBStoreBuilder.java:processTables(167)) - Using default column profile:DBProfile.DISK for Table:default
2019-07-30 19:24:58,613 INFO  db.DBStoreBuilder (DBStoreBuilder.java:getDbProfile(198)) - Using default options. DBProfile.DISK
2019-07-30 19:24:59,054 INFO  ipc.CallQueueManager (CallQueueManager.java:<init>(84)) - Using callQueue: class java.util.concurrent.LinkedBlockingQueue, queueCapacity: 2000, scheduler: class org.apache.hadoop.ipc.DefaultRpcScheduler, ipcBackoff: false.
2019-07-30 19:24:59,056 INFO  ipc.Server (Server.java:run(1074)) - Starting Socket Reader #1 for port 34569
2019-07-30 19:24:59,076 INFO  om.OzoneManager (OzoneManager.java:start(1255)) - OzoneManager RPC server is listening at localhost/127.0.0.1:34569
2019-07-30 19:24:59,076 INFO  impl.MetricsSystemImpl (MetricsSystemImpl.java:init(158)) - OzoneManager metrics system started (again)
2019-07-30 19:24:59,077 INFO  ipc.Server (Server.java:run(1153)) - IPC Server listener on 34569: starting
2019-07-30 19:24:59,079 INFO  ipc.Server (Server.java:run(1314)) - IPC Server Responder: starting
2019-07-30 19:24:59,087 INFO  hdfs.DFSUtil (DFSUtil.java:httpServerTemplateForNNAndJN(1641)) - Starting Web-server for ozoneManager at: http://0.0.0.0:0
2019-07-30 19:24:59,088 INFO  server.AuthenticationFilter (AuthenticationFilter.java:constructSecretProvider(240)) - Unable to initialize FileSignerSecretProvider, falling back to use random secrets.
2019-07-30 19:24:59,089 WARN  http.HttpRequestLog (HttpRequestLog.java:getRequestLog(97)) - Jetty request log can only be enabled using Log4j
2019-07-30 19:24:59,091 INFO  http.HttpServer2 (HttpServer2.java:addGlobalFilter(975)) - Added global filter 'safety' (class=org.apache.hadoop.http.HttpServer2$QuotingInputFilter)
2019-07-30 19:24:59,092 INFO  http.HttpServer2 (HttpServer2.java:addFilter(948)) - Added filter static_user_filter (class=org.apache.hadoop.http.lib.StaticUserWebFilter$StaticUserFilter) to context ozoneManager
2019-07-30 19:24:59,092 INFO  http.HttpServer2 (HttpServer2.java:addFilter(958)) - Added filter static_user_filter (class=org.apache.hadoop.http.lib.StaticUserWebFilter$StaticUserFilter) to context static
2019-07-30 19:24:59,092 INFO  http.HttpServer2 (HttpServer2.java:addFilter(958)) - Added filter static_user_filter (class=org.apache.hadoop.http.lib.StaticUserWebFilter$StaticUserFilter) to context logs
2019-07-30 19:24:59,094 INFO  http.HttpServer2 (HttpServer2.java:bindListener(1191)) - Jetty bound to port 46335
2019-07-30 19:24:59,094 INFO  server.Server (Server.java:doStart(351)) - jetty-9.3.24.v20180605, build timestamp: 2018-06-05T17:11:56Z, git hash: 84205aa28f11a4f31f2a3b86d1bba2cc8ab69827
2019-07-30 19:24:59,096 INFO  handler.ContextHandler (ContextHandler.java:doStart(781)) - Started o.e.j.s.ServletContextHandler@7808fb9{/logs,file:///workdir/hadoop-ozone/integration-test/target/log,AVAILABLE}
2019-07-30 19:24:59,097 INFO  handler.ContextHandler (ContextHandler.java:doStart(781)) - Started o.e.j.s.ServletContextHandler@6b580b88{/static,file:///workdir/hadoop-ozone/integration-test/target/test-classes/webapps/static,AVAILABLE}
2019-07-30 19:24:59,102 INFO  handler.ContextHandler (ContextHandler.java:doStart(781)) - Started o.e.j.w.WebAppContext@4a1c0752{/,file:///workdir/hadoop-ozone/integration-test/target/test-classes/webapps/ozoneManager/,AVAILABLE}{/ozoneManager}
2019-07-30 19:24:59,102 INFO  server.AbstractConnector (AbstractConnector.java:doStart(278)) - Started ServerConnector@332f25c8{HTTP/1.1,[http/1.1]}{0.0.0.0:46335}
2019-07-30 19:24:59,103 INFO  server.Server (Server.java:doStart(419)) - Started @3838ms
2019-07-30 19:24:59,103 INFO  server.BaseHttpServer (BaseHttpServer.java:updateConnectorAddress(207)) - HTTP server of OZONEMANAGER is listening at http://0.0.0.0:46335
2019-07-30 19:24:59,448 INFO  impl.MetricsSystemImpl (MetricsSystemImpl.java:init(158)) - HddsDatanode metrics system started (again)
2019-07-30 19:24:59,535 INFO  ozone.HddsDatanodeService (HddsDatanodeService.java:start(184)) - HddsDatanodeService host:byscane-nightly-d7s94-1643579034 ip:192.168.5.147
2019-07-30 19:24:59,566 INFO  volume.HddsVolume (HddsVolume.java:<init>(176)) - Creating Volume: /workdir/hadoop-ozone/integration-test/target/test-dir/MiniOzoneClusterImpl-42384d6b-b67d-4fd2-8a74-534ae66fc332/datanode-0/data/containers/hdds of  storage type : DISK and capacity : 52710309888
2019-07-30 19:24:59,568 INFO  volume.VolumeSet (VolumeSet.java:initializeVolumeSet(170)) - Added Volume : /workdir/hadoop-ozone/integration-test/target/test-dir/MiniOzoneClusterImpl-42384d6b-b67d-4fd2-8a74-534ae66fc332/datanode-0/data/containers/hdds to VolumeSet
2019-07-30 19:24:59,571 INFO  volume.ThrottledAsyncChecker (ThrottledAsyncChecker.java:schedule(140)) - Scheduling a check for org.apache.hadoop.ozone.container.common.volume.HddsVolume@29a69a35
2019-07-30 19:24:59,590 INFO  volume.HddsVolumeChecker (HddsVolumeChecker.java:checkAllVolumes(203)) - Scheduled health check for volume org.apache.hadoop.ozone.container.common.volume.HddsVolume@29a69a35
2019-07-30 19:24:59,701 INFO  impl.RaftServerProxy (ConfUtils.java:logGet(43)) - raft.rpc.type = GRPC (default)
2019-07-30 19:24:59,768 INFO  grpc.GrpcFactory (GrpcFactory.java:checkPooledByteBufAllocatorUseCacheForAllThreads(45)) - PERFORMANCE WARNING: useCacheForAllThreads is true that may cause Netty to create a lot garbage objects and, as a result, trigger GC.
	It is recommended to disable useCacheForAllThreads by setting -Dorg.apache.ratis.thirdparty.io.netty.allocator.useCacheForAllThreads=false in command line.
2019-07-30 19:24:59,773 INFO  grpc.GrpcConfigKeys$Server (ConfUtils.java:logGet(43)) - raft.grpc.server.port = 0 (default)
2019-07-30 19:24:59,774 INFO  server.GrpcService (ConfUtils.java:logGet(43)) - raft.grpc.message.size.max = 33570816 (custom)
2019-07-30 19:24:59,775 INFO  server.RaftServerConfigKeys (ConfUtils.java:logGet(43)) - raft.server.log.appender.buffer.byte-limit = 33554432 (custom)
2019-07-30 19:24:59,776 INFO  server.GrpcService (ConfUtils.java:logGet(43)) - raft.grpc.flow.control.window = 1MB (=1048576) (default)
2019-07-30 19:24:59,777 INFO  server.RaftServerConfigKeys (ConfUtils.java:logGet(43)) - raft.server.rpc.request.timeout = 3000ms (default)
2019-07-30 19:24:59,944 INFO  server.RaftServerConfigKeys (ConfUtils.java:logGet(43)) - raft.server.storage.dir = [/workdir/hadoop-ozone/integration-test/target/test-dir/MiniOzoneClusterImpl-42384d6b-b67d-4fd2-8a74-534ae66fc332/datanode-0/data/ratis] (custom)
2019-07-30 19:24:59,995 INFO  replication.SimpleContainerDownloader (SimpleContainerDownloader.java:<init>(72)) - Starting container downloader service to copy containers to replicate.
2019-07-30 19:25:00,012 INFO  hdfs.DFSUtil (DFSUtil.java:httpServerTemplateForNNAndJN(1641)) - Starting Web-server for hddsDatanode at: http://0.0.0.0:0
2019-07-30 19:25:00,015 INFO  server.AuthenticationFilter (AuthenticationFilter.java:constructSecretProvider(240)) - Unable to initialize FileSignerSecretProvider, falling back to use random secrets.
2019-07-30 19:25:00,016 WARN  http.HttpRequestLog (HttpRequestLog.java:getRequestLog(97)) - Jetty request log can only be enabled using Log4j
2019-07-30 19:25:00,019 INFO  http.HttpServer2 (HttpServer2.java:addGlobalFilter(975)) - Added global filter 'safety' (class=org.apache.hadoop.http.HttpServer2$QuotingInputFilter)
2019-07-30 19:25:00,024 INFO  http.HttpServer2 (HttpServer2.java:addFilter(948)) - Added filter static_user_filter (class=org.apache.hadoop.http.lib.StaticUserWebFilter$StaticUserFilter) to context hddsDatanode
2019-07-30 19:25:00,025 INFO  http.HttpServer2 (HttpServer2.java:addFilter(958)) - Added filter static_user_filter (class=org.apache.hadoop.http.lib.StaticUserWebFilter$StaticUserFilter) to context logs
2019-07-30 19:25:00,025 INFO  http.HttpServer2 (HttpServer2.java:addFilter(958)) - Added filter static_user_filter (class=org.apache.hadoop.http.lib.StaticUserWebFilter$StaticUserFilter) to context static
2019-07-30 19:25:00,029 INFO  http.HttpServer2 (HttpServer2.java:bindListener(1191)) - Jetty bound to port 44574
2019-07-30 19:25:00,029 INFO  server.Server (Server.java:doStart(351)) - jetty-9.3.24.v20180605, build timestamp: 2018-06-05T17:11:56Z, git hash: 84205aa28f11a4f31f2a3b86d1bba2cc8ab69827
2019-07-30 19:25:00,034 INFO  handler.ContextHandler (ContextHandler.java:doStart(781)) - Started o.e.j.s.ServletContextHandler@65c33b92{/logs,file:///workdir/hadoop-ozone/integration-test/target/log,AVAILABLE}
2019-07-30 19:25:00,035 INFO  handler.ContextHandler (ContextHandler.java:doStart(781)) - Started o.e.j.s.ServletContextHandler@4e08acf9{/static,jar:file:/home/user/.m2/repository/org/apache/hadoop/hadoop-hdds-container-service/0.4.1-SNAPSHOT/hadoop-hdds-container-service-0.4.1-SNAPSHOT.jar!/webapps/static,AVAILABLE}
2019-07-30 19:25:00,093 INFO  handler.ContextHandler (ContextHandler.java:doStart(781)) - Started o.e.j.w.WebAppContext@36417a54{/,file:///tmp/jetty-0.0.0.0-44574-hddsDatanode-_-any-6204202969432357996.dir/webapp/,AVAILABLE}{/hddsDatanode}
2019-07-30 19:25:00,094 INFO  server.AbstractConnector (AbstractConnector.java:doStart(278)) - Started ServerConnector@2b8bb184{HTTP/1.1,[http/1.1]}{0.0.0.0:44574}
2019-07-30 19:25:00,098 INFO  server.Server (Server.java:doStart(419)) - Started @4833ms
2019-07-30 19:25:00,100 INFO  server.BaseHttpServer (BaseHttpServer.java:updateConnectorAddress(207)) - HTTP server of HDDSDATANODE is listening at http://0.0.0.0:44574
2019-07-30 19:25:01,175 INFO  ozone.HddsDatanodeService (HddsDatanodeService.java:startPlugins(395)) - Started plug-in org.apache.hadoop.ozone.web.OzoneHddsDatanodeService@623e0631
2019-07-30 19:25:01,176 INFO  impl.MetricsSystemImpl (MetricsSystemImpl.java:init(158)) - HddsDatanode metrics system started (again)
2019-07-30 19:25:01,180 INFO  ozone.HddsDatanodeService (HddsDatanodeService.java:start(184)) - HddsDatanodeService host:byscane-nightly-d7s94-1643579034 ip:192.168.5.147
2019-07-30 19:25:01,183 INFO  util.JvmPauseMonitor (JvmPauseMonitor.java:run(188)) - Starting JVM pause monitor
2019-07-30 19:25:01,189 INFO  volume.HddsVolume (HddsVolume.java:<init>(176)) - Creating Volume: /workdir/hadoop-ozone/integration-test/target/test-dir/MiniOzoneClusterImpl-42384d6b-b67d-4fd2-8a74-534ae66fc332/datanode-1/data/containers/hdds of  storage type : DISK and capacity : 52710309888
2019-07-30 19:25:01,190 INFO  volume.VolumeSet (VolumeSet.java:initializeVolumeSet(170)) - Added Volume : /workdir/hadoop-ozone/integration-test/target/test-dir/MiniOzoneClusterImpl-42384d6b-b67d-4fd2-8a74-534ae66fc332/datanode-1/data/containers/hdds to VolumeSet
2019-07-30 19:25:01,193 INFO  volume.ThrottledAsyncChecker (ThrottledAsyncChecker.java:schedule(140)) - Scheduling a check for org.apache.hadoop.ozone.container.common.volume.HddsVolume@6e02721d
2019-07-30 19:25:01,196 INFO  volume.HddsVolumeChecker (HddsVolumeChecker.java:checkAllVolumes(203)) - Scheduled health check for volume org.apache.hadoop.ozone.container.common.volume.HddsVolume@6e02721d
2019-07-30 19:25:01,218 INFO  impl.RaftServerProxy (ConfUtils.java:logGet(43)) - raft.rpc.type = GRPC (default)
2019-07-30 19:25:01,219 INFO  grpc.GrpcFactory (GrpcFactory.java:checkPooledByteBufAllocatorUseCacheForAllThreads(45)) - PERFORMANCE WARNING: useCacheForAllThreads is true that may cause Netty to create a lot garbage objects and, as a result, trigger GC.
	It is recommended to disable useCacheForAllThreads by setting -Dorg.apache.ratis.thirdparty.io.netty.allocator.useCacheForAllThreads=false in command line.
2019-07-30 19:25:01,219 INFO  grpc.GrpcConfigKeys$Server (ConfUtils.java:logGet(43)) - raft.grpc.server.port = 0 (default)
2019-07-30 19:25:01,219 INFO  server.GrpcService (ConfUtils.java:logGet(43)) - raft.grpc.message.size.max = 33570816 (custom)
2019-07-30 19:25:01,221 INFO  server.RaftServerConfigKeys (ConfUtils.java:logGet(43)) - raft.server.log.appender.buffer.byte-limit = 33554432 (custom)
2019-07-30 19:25:01,221 INFO  server.GrpcService (ConfUtils.java:logGet(43)) - raft.grpc.flow.control.window = 1MB (=1048576) (default)
2019-07-30 19:25:01,221 INFO  server.RaftServerConfigKeys (ConfUtils.java:logGet(43)) - raft.server.rpc.request.timeout = 3000ms (default)
2019-07-30 19:25:01,222 INFO  server.RaftServerConfigKeys (ConfUtils.java:logGet(43)) - raft.server.storage.dir = [/workdir/hadoop-ozone/integration-test/target/test-dir/MiniOzoneClusterImpl-42384d6b-b67d-4fd2-8a74-534ae66fc332/datanode-1/data/ratis] (custom)
2019-07-30 19:25:01,223 INFO  replication.SimpleContainerDownloader (SimpleContainerDownloader.java:<init>(72)) - Starting container downloader service to copy containers to replicate.
2019-07-30 19:25:01,225 INFO  hdfs.DFSUtil (DFSUtil.java:httpServerTemplateForNNAndJN(1641)) - Starting Web-server for hddsDatanode at: http://0.0.0.0:0
2019-07-30 19:25:01,227 INFO  server.AuthenticationFilter (AuthenticationFilter.java:constructSecretProvider(240)) - Unable to initialize FileSignerSecretProvider, falling back to use random secrets.
2019-07-30 19:25:01,229 WARN  http.HttpRequestLog (HttpRequestLog.java:getRequestLog(97)) - Jetty request log can only be enabled using Log4j
2019-07-30 19:25:01,231 INFO  http.HttpServer2 (HttpServer2.java:addGlobalFilter(975)) - Added global filter 'safety' (class=org.apache.hadoop.http.HttpServer2$QuotingInputFilter)
2019-07-30 19:25:01,232 INFO  http.HttpServer2 (HttpServer2.java:addFilter(948)) - Added filter static_user_filter (class=org.apache.hadoop.http.lib.StaticUserWebFilter$StaticUserFilter) to context hddsDatanode
2019-07-30 19:25:01,233 INFO  http.HttpServer2 (HttpServer2.java:addFilter(958)) - Added filter static_user_filter (class=org.apache.hadoop.http.lib.StaticUserWebFilter$StaticUserFilter) to context logs
2019-07-30 19:25:01,233 INFO  http.HttpServer2 (HttpServer2.java:addFilter(958)) - Added filter static_user_filter (class=org.apache.hadoop.http.lib.StaticUserWebFilter$StaticUserFilter) to context static
2019-07-30 19:25:01,234 INFO  http.HttpServer2 (HttpServer2.java:bindListener(1191)) - Jetty bound to port 37307
2019-07-30 19:25:01,235 INFO  server.Server (Server.java:doStart(351)) - jetty-9.3.24.v20180605, build timestamp: 2018-06-05T17:11:56Z, git hash: 84205aa28f11a4f31f2a3b86d1bba2cc8ab69827
2019-07-30 19:25:01,237 INFO  handler.ContextHandler (ContextHandler.java:doStart(781)) - Started o.e.j.s.ServletContextHandler@69a024a0{/logs,file:///workdir/hadoop-ozone/integration-test/target/log,AVAILABLE}
2019-07-30 19:25:01,238 INFO  handler.ContextHandler (ContextHandler.java:doStart(781)) - Started o.e.j.s.ServletContextHandler@2d7637e6{/static,jar:file:/home/user/.m2/repository/org/apache/hadoop/hadoop-hdds-container-service/0.4.1-SNAPSHOT/hadoop-hdds-container-service-0.4.1-SNAPSHOT.jar!/webapps/static,AVAILABLE}
2019-07-30 19:25:01,281 INFO  handler.ContextHandler (ContextHandler.java:doStart(781)) - Started o.e.j.w.WebAppContext@2ce03e86{/,file:///tmp/jetty-0.0.0.0-37307-hddsDatanode-_-any-1627006580102091747.dir/webapp/,AVAILABLE}{/hddsDatanode}
2019-07-30 19:25:01,282 INFO  server.AbstractConnector (AbstractConnector.java:doStart(278)) - Started ServerConnector@1c628f6a{HTTP/1.1,[http/1.1]}{0.0.0.0:37307}
2019-07-30 19:25:01,283 INFO  server.Server (Server.java:doStart(419)) - Started @6019ms
2019-07-30 19:25:01,284 INFO  server.BaseHttpServer (BaseHttpServer.java:updateConnectorAddress(207)) - HTTP server of HDDSDATANODE is listening at http://0.0.0.0:37307
2019-07-30 19:25:01,305 INFO  datanode.InitDatanodeState (InitDatanodeState.java:persistContainerDatanodeDetails(140)) - DatanodeDetails is persisted to /workdir/hadoop-ozone/integration-test/target/test-dir/MiniOzoneClusterImpl-42384d6b-b67d-4fd2-8a74-534ae66fc332/datanode-0/meta/datanode.id
2019-07-30 19:25:01,428 INFO  ozone.HddsDatanodeService (HddsDatanodeService.java:startPlugins(395)) - Started plug-in org.apache.hadoop.ozone.web.OzoneHddsDatanodeService@ccd341d
2019-07-30 19:25:01,429 INFO  impl.MetricsSystemImpl (MetricsSystemImpl.java:init(158)) - HddsDatanode metrics system started (again)
2019-07-30 19:25:01,432 INFO  util.JvmPauseMonitor (JvmPauseMonitor.java:run(188)) - Starting JVM pause monitor
2019-07-30 19:25:01,432 INFO  ozone.HddsDatanodeService (HddsDatanodeService.java:start(184)) - HddsDatanodeService host:byscane-nightly-d7s94-1643579034 ip:192.168.5.147
2019-07-30 19:25:01,438 INFO  datanode.InitDatanodeState (InitDatanodeState.java:persistContainerDatanodeDetails(140)) - DatanodeDetails is persisted to /workdir/hadoop-ozone/integration-test/target/test-dir/MiniOzoneClusterImpl-42384d6b-b67d-4fd2-8a74-534ae66fc332/datanode-1/meta/datanode.id
2019-07-30 19:25:01,442 INFO  volume.HddsVolume (HddsVolume.java:<init>(176)) - Creating Volume: /workdir/hadoop-ozone/integration-test/target/test-dir/MiniOzoneClusterImpl-42384d6b-b67d-4fd2-8a74-534ae66fc332/datanode-2/data/containers/hdds of  storage type : DISK and capacity : 52710309888
2019-07-30 19:25:01,442 INFO  volume.VolumeSet (VolumeSet.java:initializeVolumeSet(170)) - Added Volume : /workdir/hadoop-ozone/integration-test/target/test-dir/MiniOzoneClusterImpl-42384d6b-b67d-4fd2-8a74-534ae66fc332/datanode-2/data/containers/hdds to VolumeSet
2019-07-30 19:25:01,442 INFO  volume.ThrottledAsyncChecker (ThrottledAsyncChecker.java:schedule(140)) - Scheduling a check for org.apache.hadoop.ozone.container.common.volume.HddsVolume@1f10fec6
2019-07-30 19:25:01,443 INFO  volume.HddsVolumeChecker (HddsVolumeChecker.java:checkAllVolumes(203)) - Scheduled health check for volume org.apache.hadoop.ozone.container.common.volume.HddsVolume@1f10fec6
2019-07-30 19:25:01,457 INFO  impl.RaftServerProxy (ConfUtils.java:logGet(43)) - raft.rpc.type = GRPC (default)
2019-07-30 19:25:01,457 INFO  grpc.GrpcFactory (GrpcFactory.java:checkPooledByteBufAllocatorUseCacheForAllThreads(45)) - PERFORMANCE WARNING: useCacheForAllThreads is true that may cause Netty to create a lot garbage objects and, as a result, trigger GC.
	It is recommended to disable useCacheForAllThreads by setting -Dorg.apache.ratis.thirdparty.io.netty.allocator.useCacheForAllThreads=false in command line.
2019-07-30 19:25:01,457 INFO  grpc.GrpcConfigKeys$Server (ConfUtils.java:logGet(43)) - raft.grpc.server.port = 0 (default)
2019-07-30 19:25:01,458 INFO  server.GrpcService (ConfUtils.java:logGet(43)) - raft.grpc.message.size.max = 33570816 (custom)
2019-07-30 19:25:01,458 INFO  server.RaftServerConfigKeys (ConfUtils.java:logGet(43)) - raft.server.log.appender.buffer.byte-limit = 33554432 (custom)
2019-07-30 19:25:01,458 INFO  server.GrpcService (ConfUtils.java:logGet(43)) - raft.grpc.flow.control.window = 1MB (=1048576) (default)
2019-07-30 19:25:01,458 INFO  server.RaftServerConfigKeys (ConfUtils.java:logGet(43)) - raft.server.rpc.request.timeout = 3000ms (default)
2019-07-30 19:25:01,459 INFO  server.RaftServerConfigKeys (ConfUtils.java:logGet(43)) - raft.server.storage.dir = [/workdir/hadoop-ozone/integration-test/target/test-dir/MiniOzoneClusterImpl-42384d6b-b67d-4fd2-8a74-534ae66fc332/datanode-2/data/ratis] (custom)
2019-07-30 19:25:01,460 INFO  replication.SimpleContainerDownloader (SimpleContainerDownloader.java:<init>(72)) - Starting container downloader service to copy containers to replicate.
2019-07-30 19:25:01,461 INFO  hdfs.DFSUtil (DFSUtil.java:httpServerTemplateForNNAndJN(1641)) - Starting Web-server for hddsDatanode at: http://0.0.0.0:0
2019-07-30 19:25:01,462 INFO  server.AuthenticationFilter (AuthenticationFilter.java:constructSecretProvider(240)) - Unable to initialize FileSignerSecretProvider, falling back to use random secrets.
2019-07-30 19:25:01,463 WARN  http.HttpRequestLog (HttpRequestLog.java:getRequestLog(97)) - Jetty request log can only be enabled using Log4j
2019-07-30 19:25:01,464 INFO  http.HttpServer2 (HttpServer2.java:addGlobalFilter(975)) - Added global filter 'safety' (class=org.apache.hadoop.http.HttpServer2$QuotingInputFilter)
2019-07-30 19:25:01,465 INFO  http.HttpServer2 (HttpServer2.java:addFilter(948)) - Added filter static_user_filter (class=org.apache.hadoop.http.lib.StaticUserWebFilter$StaticUserFilter) to context hddsDatanode
2019-07-30 19:25:01,465 INFO  http.HttpServer2 (HttpServer2.java:addFilter(958)) - Added filter static_user_filter (class=org.apache.hadoop.http.lib.StaticUserWebFilter$StaticUserFilter) to context logs
2019-07-30 19:25:01,465 INFO  http.HttpServer2 (HttpServer2.java:addFilter(958)) - Added filter static_user_filter (class=org.apache.hadoop.http.lib.StaticUserWebFilter$StaticUserFilter) to context static
2019-07-30 19:25:01,466 INFO  http.HttpServer2 (HttpServer2.java:bindListener(1191)) - Jetty bound to port 45361
2019-07-30 19:25:01,466 INFO  server.Server (Server.java:doStart(351)) - jetty-9.3.24.v20180605, build timestamp: 2018-06-05T17:11:56Z, git hash: 84205aa28f11a4f31f2a3b86d1bba2cc8ab69827
2019-07-30 19:25:01,469 INFO  handler.ContextHandler (ContextHandler.java:doStart(781)) - Started o.e.j.s.ServletContextHandler@7cfb0c4c{/logs,file:///workdir/hadoop-ozone/integration-test/target/log,AVAILABLE}
2019-07-30 19:25:01,470 INFO  handler.ContextHandler (ContextHandler.java:doStart(781)) - Started o.e.j.s.ServletContextHandler@6b63abdc{/static,jar:file:/home/user/.m2/repository/org/apache/hadoop/hadoop-hdds-container-service/0.4.1-SNAPSHOT/hadoop-hdds-container-service-0.4.1-SNAPSHOT.jar!/webapps/static,AVAILABLE}
2019-07-30 19:25:01,498 INFO  handler.ContextHandler (ContextHandler.java:doStart(781)) - Started o.e.j.w.WebAppContext@35787726{/,file:///tmp/jetty-0.0.0.0-45361-hddsDatanode-_-any-2942982954818206973.dir/webapp/,AVAILABLE}{/hddsDatanode}
2019-07-30 19:25:01,499 INFO  server.AbstractConnector (AbstractConnector.java:doStart(278)) - Started ServerConnector@2199e845{HTTP/1.1,[http/1.1]}{0.0.0.0:45361}
2019-07-30 19:25:01,499 INFO  server.Server (Server.java:doStart(419)) - Started @6235ms
2019-07-30 19:25:01,501 INFO  server.BaseHttpServer (BaseHttpServer.java:updateConnectorAddress(207)) - HTTP server of HDDSDATANODE is listening at http://0.0.0.0:45361
2019-07-30 19:25:01,642 INFO  ozone.HddsDatanodeService (HddsDatanodeService.java:startPlugins(395)) - Started plug-in org.apache.hadoop.ozone.web.OzoneHddsDatanodeService@6a98f353
2019-07-30 19:25:01,643 INFO  impl.MetricsSystemImpl (MetricsSystemImpl.java:init(158)) - HddsDatanode metrics system started (again)
2019-07-30 19:25:01,646 INFO  ozone.HddsDatanodeService (HddsDatanodeService.java:start(184)) - HddsDatanodeService host:byscane-nightly-d7s94-1643579034 ip:192.168.5.147
2019-07-30 19:25:01,647 INFO  util.JvmPauseMonitor (JvmPauseMonitor.java:run(188)) - Starting JVM pause monitor
2019-07-30 19:25:01,649 INFO  datanode.InitDatanodeState (InitDatanodeState.java:persistContainerDatanodeDetails(140)) - DatanodeDetails is persisted to /workdir/hadoop-ozone/integration-test/target/test-dir/MiniOzoneClusterImpl-42384d6b-b67d-4fd2-8a74-534ae66fc332/datanode-2/meta/datanode.id
2019-07-30 19:25:01,656 INFO  volume.HddsVolume (HddsVolume.java:<init>(176)) - Creating Volume: /workdir/hadoop-ozone/integration-test/target/test-dir/MiniOzoneClusterImpl-42384d6b-b67d-4fd2-8a74-534ae66fc332/datanode-3/data/containers/hdds of  storage type : DISK and capacity : 52710309888
2019-07-30 19:25:01,656 INFO  volume.VolumeSet (VolumeSet.java:initializeVolumeSet(170)) - Added Volume : /workdir/hadoop-ozone/integration-test/target/test-dir/MiniOzoneClusterImpl-42384d6b-b67d-4fd2-8a74-534ae66fc332/datanode-3/data/containers/hdds to VolumeSet
2019-07-30 19:25:01,657 INFO  volume.ThrottledAsyncChecker (ThrottledAsyncChecker.java:schedule(140)) - Scheduling a check for org.apache.hadoop.ozone.container.common.volume.HddsVolume@58687fb7
2019-07-30 19:25:01,657 INFO  volume.HddsVolumeChecker (HddsVolumeChecker.java:checkAllVolumes(203)) - Scheduled health check for volume org.apache.hadoop.ozone.container.common.volume.HddsVolume@58687fb7
2019-07-30 19:25:01,671 INFO  impl.RaftServerProxy (ConfUtils.java:logGet(43)) - raft.rpc.type = GRPC (default)
2019-07-30 19:25:01,672 INFO  grpc.GrpcFactory (GrpcFactory.java:checkPooledByteBufAllocatorUseCacheForAllThreads(45)) - PERFORMANCE WARNING: useCacheForAllThreads is true that may cause Netty to create a lot garbage objects and, as a result, trigger GC.
	It is recommended to disable useCacheForAllThreads by setting -Dorg.apache.ratis.thirdparty.io.netty.allocator.useCacheForAllThreads=false in command line.
2019-07-30 19:25:01,672 INFO  grpc.GrpcConfigKeys$Server (ConfUtils.java:logGet(43)) - raft.grpc.server.port = 0 (default)
2019-07-30 19:25:01,672 INFO  server.GrpcService (ConfUtils.java:logGet(43)) - raft.grpc.message.size.max = 33570816 (custom)
2019-07-30 19:25:01,672 INFO  server.RaftServerConfigKeys (ConfUtils.java:logGet(43)) - raft.server.log.appender.buffer.byte-limit = 33554432 (custom)
2019-07-30 19:25:01,673 INFO  server.GrpcService (ConfUtils.java:logGet(43)) - raft.grpc.flow.control.window = 1MB (=1048576) (default)
2019-07-30 19:25:01,673 INFO  server.RaftServerConfigKeys (ConfUtils.java:logGet(43)) - raft.server.rpc.request.timeout = 3000ms (default)
2019-07-30 19:25:01,673 INFO  server.RaftServerConfigKeys (ConfUtils.java:logGet(43)) - raft.server.storage.dir = [/workdir/hadoop-ozone/integration-test/target/test-dir/MiniOzoneClusterImpl-42384d6b-b67d-4fd2-8a74-534ae66fc332/datanode-3/data/ratis] (custom)
2019-07-30 19:25:01,674 INFO  replication.SimpleContainerDownloader (SimpleContainerDownloader.java:<init>(72)) - Starting container downloader service to copy containers to replicate.
2019-07-30 19:25:01,675 INFO  hdfs.DFSUtil (DFSUtil.java:httpServerTemplateForNNAndJN(1641)) - Starting Web-server for hddsDatanode at: http://0.0.0.0:0
2019-07-30 19:25:01,676 INFO  server.AuthenticationFilter (AuthenticationFilter.java:constructSecretProvider(240)) - Unable to initialize FileSignerSecretProvider, falling back to use random secrets.
2019-07-30 19:25:01,677 WARN  http.HttpRequestLog (HttpRequestLog.java:getRequestLog(97)) - Jetty request log can only be enabled using Log4j
2019-07-30 19:25:01,678 INFO  http.HttpServer2 (HttpServer2.java:addGlobalFilter(975)) - Added global filter 'safety' (class=org.apache.hadoop.http.HttpServer2$QuotingInputFilter)
2019-07-30 19:25:01,679 INFO  http.HttpServer2 (HttpServer2.java:addFilter(948)) - Added filter static_user_filter (class=org.apache.hadoop.http.lib.StaticUserWebFilter$StaticUserFilter) to context hddsDatanode
2019-07-30 19:25:01,679 INFO  http.HttpServer2 (HttpServer2.java:addFilter(958)) - Added filter static_user_filter (class=org.apache.hadoop.http.lib.StaticUserWebFilter$StaticUserFilter) to context static
2019-07-30 19:25:01,679 INFO  http.HttpServer2 (HttpServer2.java:addFilter(958)) - Added filter static_user_filter (class=org.apache.hadoop.http.lib.StaticUserWebFilter$StaticUserFilter) to context logs
2019-07-30 19:25:01,680 INFO  http.HttpServer2 (HttpServer2.java:bindListener(1191)) - Jetty bound to port 34009
2019-07-30 19:25:01,680 INFO  server.Server (Server.java:doStart(351)) - jetty-9.3.24.v20180605, build timestamp: 2018-06-05T17:11:56Z, git hash: 84205aa28f11a4f31f2a3b86d1bba2cc8ab69827
2019-07-30 19:25:01,682 INFO  handler.ContextHandler (ContextHandler.java:doStart(781)) - Started o.e.j.s.ServletContextHandler@14b275bd{/logs,file:///workdir/hadoop-ozone/integration-test/target/log,AVAILABLE}
2019-07-30 19:25:01,683 INFO  handler.ContextHandler (ContextHandler.java:doStart(781)) - Started o.e.j.s.ServletContextHandler@4b03cbad{/static,jar:file:/home/user/.m2/repository/org/apache/hadoop/hadoop-hdds-container-service/0.4.1-SNAPSHOT/hadoop-hdds-container-service-0.4.1-SNAPSHOT.jar!/webapps/static,AVAILABLE}
2019-07-30 19:25:01,713 INFO  handler.ContextHandler (ContextHandler.java:doStart(781)) - Started o.e.j.w.WebAppContext@6b162ecc{/,file:///tmp/jetty-0.0.0.0-34009-hddsDatanode-_-any-3990669038643795534.dir/webapp/,AVAILABLE}{/hddsDatanode}
2019-07-30 19:25:01,713 INFO  server.AbstractConnector (AbstractConnector.java:doStart(278)) - Started ServerConnector@3b4086c1{HTTP/1.1,[http/1.1]}{0.0.0.0:34009}
2019-07-30 19:25:01,714 INFO  server.Server (Server.java:doStart(419)) - Started @6449ms
2019-07-30 19:25:01,717 INFO  server.BaseHttpServer (BaseHttpServer.java:updateConnectorAddress(207)) - HTTP server of HDDSDATANODE is listening at http://0.0.0.0:34009
2019-07-30 19:25:01,860 INFO  ozone.HddsDatanodeService (HddsDatanodeService.java:startPlugins(395)) - Started plug-in org.apache.hadoop.ozone.web.OzoneHddsDatanodeService@34c7232c
2019-07-30 19:25:01,860 INFO  impl.MetricsSystemImpl (MetricsSystemImpl.java:init(158)) - HddsDatanode metrics system started (again)
2019-07-30 19:25:01,864 INFO  util.JvmPauseMonitor (JvmPauseMonitor.java:run(188)) - Starting JVM pause monitor
2019-07-30 19:25:01,864 INFO  ozone.HddsDatanodeService (HddsDatanodeService.java:start(184)) - HddsDatanodeService host:byscane-nightly-d7s94-1643579034 ip:192.168.5.147
2019-07-30 19:25:01,867 INFO  datanode.InitDatanodeState (InitDatanodeState.java:persistContainerDatanodeDetails(140)) - DatanodeDetails is persisted to /workdir/hadoop-ozone/integration-test/target/test-dir/MiniOzoneClusterImpl-42384d6b-b67d-4fd2-8a74-534ae66fc332/datanode-3/meta/datanode.id
2019-07-30 19:25:01,874 INFO  volume.HddsVolume (HddsVolume.java:<init>(176)) - Creating Volume: /workdir/hadoop-ozone/integration-test/target/test-dir/MiniOzoneClusterImpl-42384d6b-b67d-4fd2-8a74-534ae66fc332/datanode-4/data/containers/hdds of  storage type : DISK and capacity : 52710309888
2019-07-30 19:25:01,875 INFO  volume.VolumeSet (VolumeSet.java:initializeVolumeSet(170)) - Added Volume : /workdir/hadoop-ozone/integration-test/target/test-dir/MiniOzoneClusterImpl-42384d6b-b67d-4fd2-8a74-534ae66fc332/datanode-4/data/containers/hdds to VolumeSet
2019-07-30 19:25:01,875 INFO  volume.ThrottledAsyncChecker (ThrottledAsyncChecker.java:schedule(140)) - Scheduling a check for org.apache.hadoop.ozone.container.common.volume.HddsVolume@71936a92
2019-07-30 19:25:01,875 INFO  volume.HddsVolumeChecker (HddsVolumeChecker.java:checkAllVolumes(203)) - Scheduled health check for volume org.apache.hadoop.ozone.container.common.volume.HddsVolume@71936a92
2019-07-30 19:25:01,890 INFO  impl.RaftServerProxy (ConfUtils.java:logGet(43)) - raft.rpc.type = GRPC (default)
2019-07-30 19:25:01,891 INFO  grpc.GrpcFactory (GrpcFactory.java:checkPooledByteBufAllocatorUseCacheForAllThreads(45)) - PERFORMANCE WARNING: useCacheForAllThreads is true that may cause Netty to create a lot garbage objects and, as a result, trigger GC.
	It is recommended to disable useCacheForAllThreads by setting -Dorg.apache.ratis.thirdparty.io.netty.allocator.useCacheForAllThreads=false in command line.
2019-07-30 19:25:01,891 INFO  grpc.GrpcConfigKeys$Server (ConfUtils.java:logGet(43)) - raft.grpc.server.port = 0 (default)
2019-07-30 19:25:01,892 INFO  server.GrpcService (ConfUtils.java:logGet(43)) - raft.grpc.message.size.max = 33570816 (custom)
2019-07-30 19:25:01,892 INFO  server.RaftServerConfigKeys (ConfUtils.java:logGet(43)) - raft.server.log.appender.buffer.byte-limit = 33554432 (custom)
2019-07-30 19:25:01,892 INFO  server.GrpcService (ConfUtils.java:logGet(43)) - raft.grpc.flow.control.window = 1MB (=1048576) (default)
2019-07-30 19:25:01,892 INFO  server.RaftServerConfigKeys (ConfUtils.java:logGet(43)) - raft.server.rpc.request.timeout = 3000ms (default)
2019-07-30 19:25:01,893 INFO  server.RaftServerConfigKeys (ConfUtils.java:logGet(43)) - raft.server.storage.dir = [/workdir/hadoop-ozone/integration-test/target/test-dir/MiniOzoneClusterImpl-42384d6b-b67d-4fd2-8a74-534ae66fc332/datanode-4/data/ratis] (custom)
2019-07-30 19:25:01,893 INFO  replication.SimpleContainerDownloader (SimpleContainerDownloader.java:<init>(72)) - Starting container downloader service to copy containers to replicate.
2019-07-30 19:25:01,895 INFO  hdfs.DFSUtil (DFSUtil.java:httpServerTemplateForNNAndJN(1641)) - Starting Web-server for hddsDatanode at: http://0.0.0.0:0
2019-07-30 19:25:01,896 INFO  server.AuthenticationFilter (AuthenticationFilter.java:constructSecretProvider(240)) - Unable to initialize FileSignerSecretProvider, falling back to use random secrets.
2019-07-30 19:25:01,896 WARN  http.HttpRequestLog (HttpRequestLog.java:getRequestLog(97)) - Jetty request log can only be enabled using Log4j
2019-07-30 19:25:01,897 INFO  http.HttpServer2 (HttpServer2.java:addGlobalFilter(975)) - Added global filter 'safety' (class=org.apache.hadoop.http.HttpServer2$QuotingInputFilter)
2019-07-30 19:25:01,898 INFO  http.HttpServer2 (HttpServer2.java:addFilter(948)) - Added filter static_user_filter (class=org.apache.hadoop.http.lib.StaticUserWebFilter$StaticUserFilter) to context hddsDatanode
2019-07-30 19:25:01,898 INFO  http.HttpServer2 (HttpServer2.java:addFilter(958)) - Added filter static_user_filter (class=org.apache.hadoop.http.lib.StaticUserWebFilter$StaticUserFilter) to context logs
2019-07-30 19:25:01,898 INFO  http.HttpServer2 (HttpServer2.java:addFilter(958)) - Added filter static_user_filter (class=org.apache.hadoop.http.lib.StaticUserWebFilter$StaticUserFilter) to context static
2019-07-30 19:25:01,899 INFO  http.HttpServer2 (HttpServer2.java:bindListener(1191)) - Jetty bound to port 34018
2019-07-30 19:25:01,899 INFO  server.Server (Server.java:doStart(351)) - jetty-9.3.24.v20180605, build timestamp: 2018-06-05T17:11:56Z, git hash: 84205aa28f11a4f31f2a3b86d1bba2cc8ab69827
2019-07-30 19:25:01,904 INFO  handler.ContextHandler (ContextHandler.java:doStart(781)) - Started o.e.j.s.ServletContextHandler@51e7589f{/logs,file:///workdir/hadoop-ozone/integration-test/target/log,AVAILABLE}
2019-07-30 19:25:01,905 INFO  handler.ContextHandler (ContextHandler.java:doStart(781)) - Started o.e.j.s.ServletContextHandler@42c12b3e{/static,jar:file:/home/user/.m2/repository/org/apache/hadoop/hadoop-hdds-container-service/0.4.1-SNAPSHOT/hadoop-hdds-container-service-0.4.1-SNAPSHOT.jar!/webapps/static,AVAILABLE}
2019-07-30 19:25:01,933 INFO  handler.ContextHandler (ContextHandler.java:doStart(781)) - Started o.e.j.w.WebAppContext@3caee3a8{/,file:///tmp/jetty-0.0.0.0-34018-hddsDatanode-_-any-4511345455560152291.dir/webapp/,AVAILABLE}{/hddsDatanode}
2019-07-30 19:25:01,933 INFO  server.AbstractConnector (AbstractConnector.java:doStart(278)) - Started ServerConnector@69a40b3c{HTTP/1.1,[http/1.1]}{0.0.0.0:34018}
2019-07-30 19:25:01,934 INFO  server.Server (Server.java:doStart(419)) - Started @6670ms
2019-07-30 19:25:01,935 INFO  server.BaseHttpServer (BaseHttpServer.java:updateConnectorAddress(207)) - HTTP server of HDDSDATANODE is listening at http://0.0.0.0:34018
2019-07-30 19:25:02,077 INFO  ozone.HddsDatanodeService (HddsDatanodeService.java:startPlugins(395)) - Started plug-in org.apache.hadoop.ozone.web.OzoneHddsDatanodeService@2c9fdb64
2019-07-30 19:25:02,078 INFO  impl.MetricsSystemImpl (MetricsSystemImpl.java:init(158)) - HddsDatanode metrics system started (again)
2019-07-30 19:25:02,082 INFO  util.JvmPauseMonitor (JvmPauseMonitor.java:run(188)) - Starting JVM pause monitor
2019-07-30 19:25:02,082 INFO  ozone.HddsDatanodeService (HddsDatanodeService.java:start(184)) - HddsDatanodeService host:byscane-nightly-d7s94-1643579034 ip:192.168.5.147
2019-07-30 19:25:02,085 INFO  datanode.InitDatanodeState (InitDatanodeState.java:persistContainerDatanodeDetails(140)) - DatanodeDetails is persisted to /workdir/hadoop-ozone/integration-test/target/test-dir/MiniOzoneClusterImpl-42384d6b-b67d-4fd2-8a74-534ae66fc332/datanode-4/meta/datanode.id
2019-07-30 19:25:02,090 INFO  volume.HddsVolume (HddsVolume.java:<init>(176)) - Creating Volume: /workdir/hadoop-ozone/integration-test/target/test-dir/MiniOzoneClusterImpl-42384d6b-b67d-4fd2-8a74-534ae66fc332/datanode-5/data/containers/hdds of  storage type : DISK and capacity : 52710309888
2019-07-30 19:25:02,091 INFO  volume.VolumeSet (VolumeSet.java:initializeVolumeSet(170)) - Added Volume : /workdir/hadoop-ozone/integration-test/target/test-dir/MiniOzoneClusterImpl-42384d6b-b67d-4fd2-8a74-534ae66fc332/datanode-5/data/containers/hdds to VolumeSet
2019-07-30 19:25:02,091 INFO  volume.ThrottledAsyncChecker (ThrottledAsyncChecker.java:schedule(140)) - Scheduling a check for org.apache.hadoop.ozone.container.common.volume.HddsVolume@79ca7bea
2019-07-30 19:25:02,092 INFO  volume.HddsVolumeChecker (HddsVolumeChecker.java:checkAllVolumes(203)) - Scheduled health check for volume org.apache.hadoop.ozone.container.common.volume.HddsVolume@79ca7bea
2019-07-30 19:25:02,107 INFO  impl.RaftServerProxy (ConfUtils.java:logGet(43)) - raft.rpc.type = GRPC (default)
2019-07-30 19:25:02,108 INFO  grpc.GrpcFactory (GrpcFactory.java:checkPooledByteBufAllocatorUseCacheForAllThreads(45)) - PERFORMANCE WARNING: useCacheForAllThreads is true that may cause Netty to create a lot garbage objects and, as a result, trigger GC.
	It is recommended to disable useCacheForAllThreads by setting -Dorg.apache.ratis.thirdparty.io.netty.allocator.useCacheForAllThreads=false in command line.
2019-07-30 19:25:02,108 INFO  grpc.GrpcConfigKeys$Server (ConfUtils.java:logGet(43)) - raft.grpc.server.port = 0 (default)
2019-07-30 19:25:02,108 INFO  server.GrpcService (ConfUtils.java:logGet(43)) - raft.grpc.message.size.max = 33570816 (custom)
2019-07-30 19:25:02,108 INFO  server.RaftServerConfigKeys (ConfUtils.java:logGet(43)) - raft.server.log.appender.buffer.byte-limit = 33554432 (custom)
2019-07-30 19:25:02,109 INFO  server.GrpcService (ConfUtils.java:logGet(43)) - raft.grpc.flow.control.window = 1MB (=1048576) (default)
2019-07-30 19:25:02,109 INFO  server.RaftServerConfigKeys (ConfUtils.java:logGet(43)) - raft.server.rpc.request.timeout = 3000ms (default)
2019-07-30 19:25:02,109 INFO  server.RaftServerConfigKeys (ConfUtils.java:logGet(43)) - raft.server.storage.dir = [/workdir/hadoop-ozone/integration-test/target/test-dir/MiniOzoneClusterImpl-42384d6b-b67d-4fd2-8a74-534ae66fc332/datanode-5/data/ratis] (custom)
2019-07-30 19:25:02,110 INFO  replication.SimpleContainerDownloader (SimpleContainerDownloader.java:<init>(72)) - Starting container downloader service to copy containers to replicate.
2019-07-30 19:25:02,111 INFO  hdfs.DFSUtil (DFSUtil.java:httpServerTemplateForNNAndJN(1641)) - Starting Web-server for hddsDatanode at: http://0.0.0.0:0
2019-07-30 19:25:02,113 INFO  server.AuthenticationFilter (AuthenticationFilter.java:constructSecretProvider(240)) - Unable to initialize FileSignerSecretProvider, falling back to use random secrets.
2019-07-30 19:25:02,113 WARN  http.HttpRequestLog (HttpRequestLog.java:getRequestLog(97)) - Jetty request log can only be enabled using Log4j
2019-07-30 19:25:02,115 INFO  http.HttpServer2 (HttpServer2.java:addGlobalFilter(975)) - Added global filter 'safety' (class=org.apache.hadoop.http.HttpServer2$QuotingInputFilter)
2019-07-30 19:25:02,115 INFO  http.HttpServer2 (HttpServer2.java:addFilter(948)) - Added filter static_user_filter (class=org.apache.hadoop.http.lib.StaticUserWebFilter$StaticUserFilter) to context hddsDatanode
2019-07-30 19:25:02,116 INFO  http.HttpServer2 (HttpServer2.java:addFilter(958)) - Added filter static_user_filter (class=org.apache.hadoop.http.lib.StaticUserWebFilter$StaticUserFilter) to context static
2019-07-30 19:25:02,116 INFO  http.HttpServer2 (HttpServer2.java:addFilter(958)) - Added filter static_user_filter (class=org.apache.hadoop.http.lib.StaticUserWebFilter$StaticUserFilter) to context logs
2019-07-30 19:25:02,116 INFO  http.HttpServer2 (HttpServer2.java:bindListener(1191)) - Jetty bound to port 38113
2019-07-30 19:25:02,117 INFO  server.Server (Server.java:doStart(351)) - jetty-9.3.24.v20180605, build timestamp: 2018-06-05T17:11:56Z, git hash: 84205aa28f11a4f31f2a3b86d1bba2cc8ab69827
2019-07-30 19:25:02,119 INFO  handler.ContextHandler (ContextHandler.java:doStart(781)) - Started o.e.j.s.ServletContextHandler@6c2a95d5{/logs,file:///workdir/hadoop-ozone/integration-test/target/log,AVAILABLE}
2019-07-30 19:25:02,119 INFO  handler.ContextHandler (ContextHandler.java:doStart(781)) - Started o.e.j.s.ServletContextHandler@3f048c86{/static,jar:file:/home/user/.m2/repository/org/apache/hadoop/hadoop-hdds-container-service/0.4.1-SNAPSHOT/hadoop-hdds-container-service-0.4.1-SNAPSHOT.jar!/webapps/static,AVAILABLE}
2019-07-30 19:25:02,147 INFO  handler.ContextHandler (ContextHandler.java:doStart(781)) - Started o.e.j.w.WebAppContext@4b4969ea{/,file:///tmp/jetty-0.0.0.0-38113-hddsDatanode-_-any-297090239025110419.dir/webapp/,AVAILABLE}{/hddsDatanode}
2019-07-30 19:25:02,148 INFO  server.AbstractConnector (AbstractConnector.java:doStart(278)) - Started ServerConnector@11c581a0{HTTP/1.1,[http/1.1]}{0.0.0.0:38113}
2019-07-30 19:25:02,149 INFO  server.Server (Server.java:doStart(419)) - Started @6885ms
2019-07-30 19:25:02,150 INFO  server.BaseHttpServer (BaseHttpServer.java:updateConnectorAddress(207)) - HTTP server of HDDSDATANODE is listening at http://0.0.0.0:38113
2019-07-30 19:25:02,293 INFO  ozone.HddsDatanodeService (HddsDatanodeService.java:startPlugins(395)) - Started plug-in org.apache.hadoop.ozone.web.OzoneHddsDatanodeService@44fd7ba4
2019-07-30 19:25:02,296 INFO  ozone.MiniOzoneClusterImpl (MiniOzoneClusterImpl.java:lambda$waitForClusterToBeReady$0(142)) - Waiting for cluster to be ready. Got 0 of 6 DN Heartbeats.
2019-07-30 19:25:02,297 INFO  util.JvmPauseMonitor (JvmPauseMonitor.java:run(188)) - Starting JVM pause monitor
2019-07-30 19:25:02,300 INFO  datanode.InitDatanodeState (InitDatanodeState.java:persistContainerDatanodeDetails(140)) - DatanodeDetails is persisted to /workdir/hadoop-ozone/integration-test/target/test-dir/MiniOzoneClusterImpl-42384d6b-b67d-4fd2-8a74-534ae66fc332/datanode-5/meta/datanode.id
2019-07-30 19:25:03,297 INFO  ozone.MiniOzoneClusterImpl (MiniOzoneClusterImpl.java:lambda$waitForClusterToBeReady$0(142)) - Waiting for cluster to be ready. Got 0 of 6 DN Heartbeats.
2019-07-30 19:25:03,322 INFO  ozoneimpl.OzoneContainer (OzoneContainer.java:start(186)) - Attempting to start container services.
2019-07-30 19:25:03,324 INFO  ozoneimpl.OzoneContainer (OzoneContainer.java:startContainerScrub(160)) - Background container scrubber has been disabled by hdds.containerscrub.enabled
2019-07-30 19:25:03,325 INFO  ratis.XceiverServerRatis (XceiverServerRatis.java:start(404)) - Starting XceiverServerRatis 88fcb211-bcbb-4f9e-96ff-cf1ee420930f at port 0
2019-07-30 19:25:03,348 INFO  impl.RaftServerProxy (RaftServerProxy.java:lambda$start$3(299)) - 88fcb211-bcbb-4f9e-96ff-cf1ee420930f: start RPC server
2019-07-30 19:25:03,451 INFO  ozoneimpl.OzoneContainer (OzoneContainer.java:start(186)) - Attempting to start container services.
2019-07-30 19:25:03,455 INFO  ozoneimpl.OzoneContainer (OzoneContainer.java:startContainerScrub(160)) - Background container scrubber has been disabled by hdds.containerscrub.enabled
2019-07-30 19:25:03,455 INFO  ratis.XceiverServerRatis (XceiverServerRatis.java:start(404)) - Starting XceiverServerRatis 02c482de-ed81-4a84-8c9f-f8cc8228fdd9 at port 0
2019-07-30 19:25:03,467 INFO  impl.RaftServerProxy (RaftServerProxy.java:lambda$start$3(299)) - 02c482de-ed81-4a84-8c9f-f8cc8228fdd9: start RPC server
2019-07-30 19:25:03,482 INFO  server.GrpcService (GrpcService.java:startImpl(149)) - 88fcb211-bcbb-4f9e-96ff-cf1ee420930f: GrpcService started, listening on 0.0.0.0/0.0.0.0:43851
2019-07-30 19:25:03,482 INFO  server.GrpcService (GrpcService.java:startImpl(149)) - 02c482de-ed81-4a84-8c9f-f8cc8228fdd9: GrpcService started, listening on 0.0.0.0/0.0.0.0:34566
2019-07-30 19:25:03,483 INFO  ratis.XceiverServerRatis (XceiverServerRatis.java:start(414)) - XceiverServerRatis 88fcb211-bcbb-4f9e-96ff-cf1ee420930f is started using port 43851
2019-07-30 19:25:03,483 INFO  ratis.XceiverServerRatis (XceiverServerRatis.java:start(414)) - XceiverServerRatis 02c482de-ed81-4a84-8c9f-f8cc8228fdd9 is started using port 34566
2019-07-30 19:25:03,488 INFO  server.XceiverServerGrpc (XceiverServerGrpc.java:start(161)) - XceiverServerGrpc 88fcb211-bcbb-4f9e-96ff-cf1ee420930f is started using port 40467
2019-07-30 19:25:03,488 INFO  server.XceiverServerGrpc (XceiverServerGrpc.java:start(161)) - XceiverServerGrpc 02c482de-ed81-4a84-8c9f-f8cc8228fdd9 is started using port 37275
2019-07-30 19:25:03,656 INFO  ozoneimpl.OzoneContainer (OzoneContainer.java:start(186)) - Attempting to start container services.
2019-07-30 19:25:03,658 INFO  ozoneimpl.OzoneContainer (OzoneContainer.java:startContainerScrub(160)) - Background container scrubber has been disabled by hdds.containerscrub.enabled
2019-07-30 19:25:03,659 INFO  ratis.XceiverServerRatis (XceiverServerRatis.java:start(404)) - Starting XceiverServerRatis 6a4f679e-aef1-4eca-876c-0e3691f93789 at port 0
2019-07-30 19:25:03,666 INFO  impl.RaftServerProxy (RaftServerProxy.java:lambda$start$3(299)) - 6a4f679e-aef1-4eca-876c-0e3691f93789: start RPC server
2019-07-30 19:25:03,670 INFO  server.GrpcService (GrpcService.java:startImpl(149)) - 6a4f679e-aef1-4eca-876c-0e3691f93789: GrpcService started, listening on 0.0.0.0/0.0.0.0:38879
2019-07-30 19:25:03,670 INFO  ratis.XceiverServerRatis (XceiverServerRatis.java:start(414)) - XceiverServerRatis 6a4f679e-aef1-4eca-876c-0e3691f93789 is started using port 38879
2019-07-30 19:25:03,673 INFO  server.XceiverServerGrpc (XceiverServerGrpc.java:start(161)) - XceiverServerGrpc 6a4f679e-aef1-4eca-876c-0e3691f93789 is started using port 43055
2019-07-30 19:25:03,890 INFO  ozoneimpl.OzoneContainer (OzoneContainer.java:start(186)) - Attempting to start container services.
2019-07-30 19:25:03,892 INFO  ozoneimpl.OzoneContainer (OzoneContainer.java:startContainerScrub(160)) - Background container scrubber has been disabled by hdds.containerscrub.enabled
2019-07-30 19:25:03,893 INFO  ratis.XceiverServerRatis (XceiverServerRatis.java:start(404)) - Starting XceiverServerRatis 20d3046f-97fb-4e85-81a2-bca6d0aac141 at port 0
2019-07-30 19:25:03,902 INFO  impl.RaftServerProxy (RaftServerProxy.java:lambda$start$3(299)) - 20d3046f-97fb-4e85-81a2-bca6d0aac141: start RPC server
2019-07-30 19:25:03,906 INFO  server.GrpcService (GrpcService.java:startImpl(149)) - 20d3046f-97fb-4e85-81a2-bca6d0aac141: GrpcService started, listening on 0.0.0.0/0.0.0.0:44076
2019-07-30 19:25:03,906 INFO  ratis.XceiverServerRatis (XceiverServerRatis.java:start(414)) - XceiverServerRatis 20d3046f-97fb-4e85-81a2-bca6d0aac141 is started using port 44076
2019-07-30 19:25:03,910 INFO  server.XceiverServerGrpc (XceiverServerGrpc.java:start(161)) - XceiverServerGrpc 20d3046f-97fb-4e85-81a2-bca6d0aac141 is started using port 44323
2019-07-30 19:25:04,107 INFO  ozoneimpl.OzoneContainer (OzoneContainer.java:start(186)) - Attempting to start container services.
2019-07-30 19:25:04,114 INFO  ozoneimpl.OzoneContainer (OzoneContainer.java:startContainerScrub(160)) - Background container scrubber has been disabled by hdds.containerscrub.enabled
2019-07-30 19:25:04,114 INFO  ratis.XceiverServerRatis (XceiverServerRatis.java:start(404)) - Starting XceiverServerRatis a142f5ec-8aba-49aa-bcdc-37d1c8969c1d at port 0
2019-07-30 19:25:04,124 INFO  impl.RaftServerProxy (RaftServerProxy.java:lambda$start$3(299)) - a142f5ec-8aba-49aa-bcdc-37d1c8969c1d: start RPC server
2019-07-30 19:25:04,128 INFO  server.GrpcService (GrpcService.java:startImpl(149)) - a142f5ec-8aba-49aa-bcdc-37d1c8969c1d: GrpcService started, listening on 0.0.0.0/0.0.0.0:38246
2019-07-30 19:25:04,128 INFO  ratis.XceiverServerRatis (XceiverServerRatis.java:start(414)) - XceiverServerRatis a142f5ec-8aba-49aa-bcdc-37d1c8969c1d is started using port 38246
2019-07-30 19:25:04,131 INFO  server.XceiverServerGrpc (XceiverServerGrpc.java:start(161)) - XceiverServerGrpc a142f5ec-8aba-49aa-bcdc-37d1c8969c1d is started using port 36097
2019-07-30 19:25:04,297 INFO  ozone.MiniOzoneClusterImpl (MiniOzoneClusterImpl.java:lambda$waitForClusterToBeReady$0(142)) - Waiting for cluster to be ready. Got 0 of 6 DN Heartbeats.
2019-07-30 19:25:04,313 INFO  ozoneimpl.OzoneContainer (OzoneContainer.java:start(186)) - Attempting to start container services.
2019-07-30 19:25:04,314 INFO  ozoneimpl.OzoneContainer (OzoneContainer.java:startContainerScrub(160)) - Background container scrubber has been disabled by hdds.containerscrub.enabled
2019-07-30 19:25:04,314 INFO  ratis.XceiverServerRatis (XceiverServerRatis.java:start(404)) - Starting XceiverServerRatis 70a1bb6b-0f49-4c42-8ee2-19d04b813aa0 at port 0
2019-07-30 19:25:04,322 INFO  impl.RaftServerProxy (RaftServerProxy.java:lambda$start$3(299)) - 70a1bb6b-0f49-4c42-8ee2-19d04b813aa0: start RPC server
2019-07-30 19:25:04,326 INFO  server.GrpcService (GrpcService.java:startImpl(149)) - 70a1bb6b-0f49-4c42-8ee2-19d04b813aa0: GrpcService started, listening on 0.0.0.0/0.0.0.0:39545
2019-07-30 19:25:04,327 INFO  ratis.XceiverServerRatis (XceiverServerRatis.java:start(414)) - XceiverServerRatis 70a1bb6b-0f49-4c42-8ee2-19d04b813aa0 is started using port 39545
2019-07-30 19:25:04,331 INFO  server.XceiverServerGrpc (XceiverServerGrpc.java:start(161)) - XceiverServerGrpc 70a1bb6b-0f49-4c42-8ee2-19d04b813aa0 is started using port 38602
2019-07-30 19:25:05,233 INFO  net.NetworkTopology (NetworkTopologyImpl.java:add(110)) - Added a new node: /default-rack/88fcb211-bcbb-4f9e-96ff-cf1ee420930f
2019-07-30 19:25:05,234 INFO  node.SCMNodeManager (SCMNodeManager.java:register(273)) - Registered Data node : 88fcb211-bcbb-4f9e-96ff-cf1ee420930f{ip: 192.168.5.147, host: byscane-nightly-d7s94-1643579034, networkLocation: /default-rack, certSerialId: null}
2019-07-30 19:25:05,242 INFO  safemode.SCMSafeModeManager (DataNodeSafeModeRule.java:process(71)) - SCM in safe mode. 1 DataNodes registered, 1 required.
2019-07-30 19:25:05,242 INFO  safemode.SCMSafeModeManager (SCMSafeModeManager.java:validateSafeModeExitRules(177)) - ScmSafeModeManager, all rules are successfully validated
2019-07-30 19:25:05,242 INFO  safemode.SCMSafeModeManager (SCMSafeModeManager.java:exitSafeMode(193)) - SCM exiting safe mode.
2019-07-30 19:25:05,301 INFO  ozone.MiniOzoneClusterImpl (MiniOzoneClusterImpl.java:lambda$waitForClusterToBeReady$0(142)) - Waiting for cluster to be ready. Got 1 of 6 DN Heartbeats.
2019-07-30 19:25:05,437 INFO  net.NetworkTopology (NetworkTopologyImpl.java:add(110)) - Added a new node: /default-rack/02c482de-ed81-4a84-8c9f-f8cc8228fdd9
2019-07-30 19:25:05,438 INFO  node.SCMNodeManager (SCMNodeManager.java:register(273)) - Registered Data node : 02c482de-ed81-4a84-8c9f-f8cc8228fdd9{ip: 192.168.5.147, host: byscane-nightly-d7s94-1643579034, networkLocation: /default-rack, certSerialId: null}
2019-07-30 19:25:05,667 INFO  net.NetworkTopology (NetworkTopologyImpl.java:add(110)) - Added a new node: /default-rack/6a4f679e-aef1-4eca-876c-0e3691f93789
2019-07-30 19:25:05,668 INFO  node.SCMNodeManager (SCMNodeManager.java:register(273)) - Registered Data node : 6a4f679e-aef1-4eca-876c-0e3691f93789{ip: 192.168.5.147, host: byscane-nightly-d7s94-1643579034, networkLocation: /default-rack, certSerialId: null}
2019-07-30 19:25:05,853 INFO  impl.RaftServerProxy (RaftServerProxy.java:addNew(89)) - 88fcb211-bcbb-4f9e-96ff-cf1ee420930f: addNew group-28C121A4F037:[88fcb211-bcbb-4f9e-96ff-cf1ee420930f:192.168.5.147:43851] returns group-28C121A4F037:java.util.concurrent.CompletableFuture@762fe744[Not completed]
2019-07-30 19:25:06,225 INFO  net.NetworkTopology (NetworkTopologyImpl.java:add(110)) - Added a new node: /default-rack/a142f5ec-8aba-49aa-bcdc-37d1c8969c1d
2019-07-30 19:25:06,225 INFO  net.NetworkTopology (NetworkTopologyImpl.java:add(110)) - Added a new node: /default-rack/20d3046f-97fb-4e85-81a2-bca6d0aac141
2019-07-30 19:25:06,225 INFO  node.SCMNodeManager (SCMNodeManager.java:register(273)) - Registered Data node : a142f5ec-8aba-49aa-bcdc-37d1c8969c1d{ip: 192.168.5.147, host: byscane-nightly-d7s94-1643579034, networkLocation: /default-rack, certSerialId: null}
2019-07-30 19:25:06,226 INFO  node.SCMNodeManager (SCMNodeManager.java:register(273)) - Registered Data node : 20d3046f-97fb-4e85-81a2-bca6d0aac141{ip: 192.168.5.147, host: byscane-nightly-d7s94-1643579034, networkLocation: /default-rack, certSerialId: null}
2019-07-30 19:25:06,229 INFO  impl.RaftServerImpl (RaftServerImpl.java:<init>(93)) - 88fcb211-bcbb-4f9e-96ff-cf1ee420930f: new RaftServerImpl for group-28C121A4F037:[88fcb211-bcbb-4f9e-96ff-cf1ee420930f:192.168.5.147:43851] with ContainerStateMachine:uninitialized
2019-07-30 19:25:06,230 INFO  server.RaftServerConfigKeys (ConfUtils.java:logGet(43)) - raft.server.rpc.timeout.min = 5s (custom)
2019-07-30 19:25:06,232 INFO  server.RaftServerConfigKeys (ConfUtils.java:logGet(43)) - raft.server.rpc.timeout.max = 5200ms (custom)
2019-07-30 19:25:06,232 INFO  server.RaftServerConfigKeys (ConfUtils.java:logGet(43)) - raft.server.rpcslowness.timeout = 120s (custom)
2019-07-30 19:25:06,233 INFO  server.RaftServerConfigKeys (ConfUtils.java:logGet(43)) - raft.server.sleep.deviation.threshold = 300 (default)
2019-07-30 19:25:06,234 INFO  server.RaftServerConfigKeys (ConfUtils.java:logGet(43)) - raft.server.log.appender.install.snapshot.enabled = false (custom)
2019-07-30 19:25:06,240 INFO  impl.RaftServerImpl (ServerState.java:<init>(105)) - 88fcb211-bcbb-4f9e-96ff-cf1ee420930f:group-28C121A4F037 ConfigurationManager, init=-1: [88fcb211-bcbb-4f9e-96ff-cf1ee420930f:192.168.5.147:43851], old=null, confs=<EMPTY_MAP>
2019-07-30 19:25:06,241 INFO  server.RaftServerConfigKeys (ConfUtils.java:logGet(43)) - raft.server.storage.dir = [/workdir/hadoop-ozone/integration-test/target/test-dir/MiniOzoneClusterImpl-42384d6b-b67d-4fd2-8a74-534ae66fc332/datanode-0/data/ratis] (custom)
2019-07-30 19:25:06,247 INFO  storage.RaftStorageDirectory (RaftStorageDirectory.java:analyzeStorage(246)) - The storage directory /workdir/hadoop-ozone/integration-test/target/test-dir/MiniOzoneClusterImpl-42384d6b-b67d-4fd2-8a74-534ae66fc332/datanode-0/data/ratis/d7fe3608-474d-4494-bb72-28c121a4f037 does not exist. Creating ...
2019-07-30 19:25:06,262 INFO  storage.RaftStorageDirectory (RaftStorageDirectory.java:tryLock(328)) - Lock on /workdir/hadoop-ozone/integration-test/target/test-dir/MiniOzoneClusterImpl-42384d6b-b67d-4fd2-8a74-534ae66fc332/datanode-0/data/ratis/d7fe3608-474d-4494-bb72-28c121a4f037/in_use.lock acquired by nodename 9017@byscane-nightly-d7s94-1643579034
2019-07-30 19:25:06,274 INFO  storage.RaftStorage (RaftStorage.java:format(72)) - Storage directory /workdir/hadoop-ozone/integration-test/target/test-dir/MiniOzoneClusterImpl-42384d6b-b67d-4fd2-8a74-534ae66fc332/datanode-0/data/ratis/d7fe3608-474d-4494-bb72-28c121a4f037 has been successfully formatted.
2019-07-30 19:25:06,276 INFO  ratis.ContainerStateMachine (ContainerStateMachine.java:loadSnapshot(213)) - group-28C121A4F037: The snapshot info is null. Setting the last applied indexto:(t:0, i:~)
2019-07-30 19:25:06,276 INFO  server.RaftServerConfigKeys (ConfUtils.java:logGet(43)) - raft.server.leader.election.timeout = 120s (custom)
2019-07-30 19:25:06,278 INFO  server.RaftServerConfigKeys (ConfUtils.java:logGet(43)) - raft.server.log.use.memory = false (default)
2019-07-30 19:25:06,283 INFO  server.RaftServerConfigKeys (ConfUtils.java:logGet(43)) - raft.server.log.purge.gap = 1000000000 (custom)
2019-07-30 19:25:06,283 INFO  server.RaftServerConfigKeys (ConfUtils.java:logGet(43)) - raft.server.log.appender.buffer.byte-limit = 33554432 (custom)
2019-07-30 19:25:06,284 INFO  server.RaftServerConfigKeys (ConfUtils.java:logGet(43)) - raft.server.log.segment.size.max = 1048576 (custom)
2019-07-30 19:25:06,288 INFO  server.RaftServerConfigKeys (ConfUtils.java:logGet(43)) - raft.server.log.segment.cache.num.max = 2 (custom)
2019-07-30 19:25:06,293 INFO  segmented.SegmentedRaftLogWorker (SegmentedRaftLogWorker.java:<init>(172)) - new 88fcb211-bcbb-4f9e-96ff-cf1ee420930f-SegmentedRaftLogWorker:Storage Directory /workdir/hadoop-ozone/integration-test/target/test-dir/MiniOzoneClusterImpl-42384d6b-b67d-4fd2-8a74-534ae66fc332/datanode-0/data/ratis/d7fe3608-474d-4494-bb72-28c121a4f037 for RaftStorage:Storage Directory /workdir/hadoop-ozone/integration-test/target/test-dir/MiniOzoneClusterImpl-42384d6b-b67d-4fd2-8a74-534ae66fc332/datanode-0/data/ratis/d7fe3608-474d-4494-bb72-28c121a4f037
2019-07-30 19:25:06,301 INFO  net.NetworkTopology (NetworkTopologyImpl.java:add(110)) - Added a new node: /default-rack/70a1bb6b-0f49-4c42-8ee2-19d04b813aa0
2019-07-30 19:25:06,301 INFO  node.SCMNodeManager (SCMNodeManager.java:register(273)) - Registered Data node : 70a1bb6b-0f49-4c42-8ee2-19d04b813aa0{ip: 192.168.5.147, host: byscane-nightly-d7s94-1643579034, networkLocation: /default-rack, certSerialId: null}
2019-07-30 19:25:06,302 INFO  ozone.MiniOzoneClusterImpl (MiniOzoneClusterImpl.java:lambda$waitForClusterToBeReady$0(142)) - Cluster is ready. Got 6 of 6 DN Heartbeats.
2019-07-30 19:25:06,309 INFO  server.RaftServerConfigKeys (ConfUtils.java:logGet(43)) - raft.server.log.queue.byte-limit = 2147483647 (custom)
2019-07-30 19:25:06,309 INFO  server.RaftServerConfigKeys (ConfUtils.java:logGet(43)) - raft.server.log.queue.element-limit = 1024 (custom)
2019-07-30 19:25:06,314 INFO  server.RaftServerConfigKeys (ConfUtils.java:logGet(43)) - raft.server.log.segment.size.max = 1048576 (custom)
2019-07-30 19:25:06,315 INFO  server.RaftServerConfigKeys (ConfUtils.java:logGet(43)) - raft.server.log.preallocated.size = 16384 (custom)
2019-07-30 19:25:06,315 INFO  server.RaftServerConfigKeys (ConfUtils.java:logGet(43)) - raft.server.log.write.buffer.size = 33554432 (custom)
2019-07-30 19:25:06,316 INFO  server.RaftServerConfigKeys (ConfUtils.java:logGet(43)) - raft.server.log.force.sync.num = 128 (default)
2019-07-30 19:25:06,317 INFO  server.RaftServerConfigKeys (ConfUtils.java:logGet(43)) - raft.server.log.statemachine.data.sync = true (default)
2019-07-30 19:25:06,317 INFO  server.RaftServerConfigKeys (ConfUtils.java:logGet(43)) - raft.server.log.statemachine.data.sync.timeout = 10s (default)
2019-07-30 19:25:06,317 INFO  server.RaftServerConfigKeys (ConfUtils.java:logGet(43)) - raft.server.log.statemachine.data.sync.timeout.retry = -1 (default)
2019-07-30 19:25:06,327 INFO  server.RaftServerConfigKeys (ConfUtils.java:logGet(43)) - raft.server.log.statemachine.data.caching.enabled = true (custom)
2019-07-30 19:25:06,331 INFO  segmented.SegmentedRaftLogWorker (SegmentedRaftLogWorker.java:lambda$new$0(132)) - 88fcb211-bcbb-4f9e-96ff-cf1ee420930f-SegmentedRaftLogWorker:Storage Directory /workdir/hadoop-ozone/integration-test/target/test-dir/MiniOzoneClusterImpl-42384d6b-b67d-4fd2-8a74-534ae66fc332/datanode-0/data/ratis/d7fe3608-474d-4494-bb72-28c121a4f037: flushIndex: setUnconditionally 0 -> -1
2019-07-30 19:25:06,335 INFO  server.RaftServerConfigKeys (ConfUtils.java:logGet(43)) - raft.server.snapshot.auto.trigger.enabled = true (custom)
2019-07-30 19:25:06,336 INFO  server.RaftServerConfigKeys (ConfUtils.java:logGet(43)) - raft.server.snapshot.auto.trigger.threshold = 10000 (custom)
2019-07-30 19:25:06,336 INFO  server.RaftServerConfigKeys (ConfUtils.java:logGet(43)) - raft.server.retrycache.expirytime = 600000ms (custom)
2019-07-30 19:25:06,363 INFO  impl.RaftServerImpl (RaftServerImpl.java:start(180)) - 88fcb211-bcbb-4f9e-96ff-cf1ee420930f: start group-28C121A4F037
2019-07-30 19:25:06,364 INFO  impl.RaftServerImpl (RaftServerImpl.java:setRole(171)) - 88fcb211-bcbb-4f9e-96ff-cf1ee420930f:group-28C121A4F037 changes role from null to FOLLOWER at term 0 for startAsFollower
2019-07-30 19:25:06,365 INFO  impl.RoleInfo (RoleInfo.java:updateAndGet(143)) - 88fcb211-bcbb-4f9e-96ff-cf1ee420930f: start FollowerState
2019-07-30 19:25:06,367 INFO  util.JmxRegister (JmxRegister.java:tryRegister(44)) - Successfully registered JMX Bean with object name Ratis:service=RaftServer,group=group-28C121A4F037,id=88fcb211-bcbb-4f9e-96ff-cf1ee420930f
2019-07-30 19:25:06,438 INFO  pipeline.PipelineStateManager (PipelineStateManager.java:addPipeline(56)) - Created pipeline Pipeline[ Id: d7fe3608-474d-4494-bb72-28c121a4f037, Nodes: 88fcb211-bcbb-4f9e-96ff-cf1ee420930f{ip: 192.168.5.147, host: byscane-nightly-d7s94-1643579034, networkLocation: /default-rack, certSerialId: null}, Type:RATIS, Factor:ONE, State:OPEN]
2019-07-30 19:25:06,469 INFO  impl.RaftServerProxy (RaftServerProxy.java:addNew(89)) - 6a4f679e-aef1-4eca-876c-0e3691f93789: addNew group-1D41AEC8E32E:[6a4f679e-aef1-4eca-876c-0e3691f93789:192.168.5.147:38879] returns group-1D41AEC8E32E:java.util.concurrent.CompletableFuture@565966f6[Not completed]
2019-07-30 19:25:06,523 INFO  impl.RaftServerImpl (RaftServerImpl.java:<init>(93)) - 6a4f679e-aef1-4eca-876c-0e3691f93789: new RaftServerImpl for group-1D41AEC8E32E:[6a4f679e-aef1-4eca-876c-0e3691f93789:192.168.5.147:38879] with ContainerStateMachine:uninitialized
2019-07-30 19:25:06,525 INFO  server.RaftServerConfigKeys (ConfUtils.java:logGet(43)) - raft.server.rpc.timeout.min = 5s (custom)
2019-07-30 19:25:06,525 INFO  server.RaftServerConfigKeys (ConfUtils.java:logGet(43)) - raft.server.rpc.timeout.max = 5200ms (custom)
2019-07-30 19:25:06,525 INFO  server.RaftServerConfigKeys (ConfUtils.java:logGet(43)) - raft.server.rpcslowness.timeout = 120s (custom)
2019-07-30 19:25:06,525 INFO  server.RaftServerConfigKeys (ConfUtils.java:logGet(43)) - raft.server.sleep.deviation.threshold = 300 (default)
2019-07-30 19:25:06,525 INFO  server.RaftServerConfigKeys (ConfUtils.java:logGet(43)) - raft.server.log.appender.install.snapshot.enabled = false (custom)
2019-07-30 19:25:06,525 INFO  impl.RaftServerImpl (ServerState.java:<init>(105)) - 6a4f679e-aef1-4eca-876c-0e3691f93789:group-1D41AEC8E32E ConfigurationManager, init=-1: [6a4f679e-aef1-4eca-876c-0e3691f93789:192.168.5.147:38879], old=null, confs=<EMPTY_MAP>
2019-07-30 19:25:06,526 INFO  server.RaftServerConfigKeys (ConfUtils.java:logGet(43)) - raft.server.storage.dir = [/workdir/hadoop-ozone/integration-test/target/test-dir/MiniOzoneClusterImpl-42384d6b-b67d-4fd2-8a74-534ae66fc332/datanode-2/data/ratis] (custom)
2019-07-30 19:25:06,526 INFO  storage.RaftStorageDirectory (RaftStorageDirectory.java:analyzeStorage(246)) - The storage directory /workdir/hadoop-ozone/integration-test/target/test-dir/MiniOzoneClusterImpl-42384d6b-b67d-4fd2-8a74-534ae66fc332/datanode-2/data/ratis/53c0bc91-84b7-41e6-b740-1d41aec8e32e does not exist. Creating ...
2019-07-30 19:25:06,543 INFO  storage.RaftStorageDirectory (RaftStorageDirectory.java:tryLock(328)) - Lock on /workdir/hadoop-ozone/integration-test/target/test-dir/MiniOzoneClusterImpl-42384d6b-b67d-4fd2-8a74-534ae66fc332/datanode-2/data/ratis/53c0bc91-84b7-41e6-b740-1d41aec8e32e/in_use.lock acquired by nodename 9017@byscane-nightly-d7s94-1643579034
2019-07-30 19:25:06,546 INFO  storage.RaftStorage (RaftStorage.java:format(72)) - Storage directory /workdir/hadoop-ozone/integration-test/target/test-dir/MiniOzoneClusterImpl-42384d6b-b67d-4fd2-8a74-534ae66fc332/datanode-2/data/ratis/53c0bc91-84b7-41e6-b740-1d41aec8e32e has been successfully formatted.
2019-07-30 19:25:06,548 INFO  ratis.ContainerStateMachine (ContainerStateMachine.java:loadSnapshot(213)) - group-1D41AEC8E32E: The snapshot info is null. Setting the last applied indexto:(t:0, i:~)
2019-07-30 19:25:06,550 INFO  server.RaftServerConfigKeys (ConfUtils.java:logGet(43)) - raft.server.leader.election.timeout = 120s (custom)
2019-07-30 19:25:06,550 INFO  server.RaftServerConfigKeys (ConfUtils.java:logGet(43)) - raft.server.log.use.memory = false (default)
2019-07-30 19:25:06,550 INFO  server.RaftServerConfigKeys (ConfUtils.java:logGet(43)) - raft.server.log.purge.gap = 1000000000 (custom)
2019-07-30 19:25:06,550 INFO  server.RaftServerConfigKeys (ConfUtils.java:logGet(43)) - raft.server.log.appender.buffer.byte-limit = 33554432 (custom)
2019-07-30 19:25:06,551 INFO  server.RaftServerConfigKeys (ConfUtils.java:logGet(43)) - raft.server.log.segment.size.max = 1048576 (custom)
2019-07-30 19:25:06,551 INFO  server.RaftServerConfigKeys (ConfUtils.java:logGet(43)) - raft.server.log.segment.cache.num.max = 2 (custom)
2019-07-30 19:25:06,551 INFO  segmented.SegmentedRaftLogWorker (SegmentedRaftLogWorker.java:<init>(172)) - new 6a4f679e-aef1-4eca-876c-0e3691f93789-SegmentedRaftLogWorker:Storage Directory /workdir/hadoop-ozone/integration-test/target/test-dir/MiniOzoneClusterImpl-42384d6b-b67d-4fd2-8a74-534ae66fc332/datanode-2/data/ratis/53c0bc91-84b7-41e6-b740-1d41aec8e32e for RaftStorage:Storage Directory /workdir/hadoop-ozone/integration-test/target/test-dir/MiniOzoneClusterImpl-42384d6b-b67d-4fd2-8a74-534ae66fc332/datanode-2/data/ratis/53c0bc91-84b7-41e6-b740-1d41aec8e32e
2019-07-30 19:25:06,552 INFO  server.RaftServerConfigKeys (ConfUtils.java:logGet(43)) - raft.server.log.queue.byte-limit = 2147483647 (custom)
2019-07-30 19:25:06,553 INFO  server.RaftServerConfigKeys (ConfUtils.java:logGet(43)) - raft.server.log.queue.element-limit = 1024 (custom)
2019-07-30 19:25:06,553 INFO  server.RaftServerConfigKeys (ConfUtils.java:logGet(43)) - raft.server.log.segment.size.max = 1048576 (custom)
2019-07-30 19:25:06,553 INFO  server.RaftServerConfigKeys (ConfUtils.java:logGet(43)) - raft.server.log.preallocated.size = 16384 (custom)
2019-07-30 19:25:06,553 INFO  server.RaftServerConfigKeys (ConfUtils.java:logGet(43)) - raft.server.log.write.buffer.size = 33554432 (custom)
2019-07-30 19:25:06,554 INFO  server.RaftServerConfigKeys (ConfUtils.java:logGet(43)) - raft.server.log.force.sync.num = 128 (default)
2019-07-30 19:25:06,554 INFO  server.RaftServerConfigKeys (ConfUtils.java:logGet(43)) - raft.server.log.statemachine.data.sync = true (default)
2019-07-30 19:25:06,554 INFO  server.RaftServerConfigKeys (ConfUtils.java:logGet(43)) - raft.server.log.statemachine.data.sync.timeout = 10s (default)
2019-07-30 19:25:06,554 INFO  server.RaftServerConfigKeys (ConfUtils.java:logGet(43)) - raft.server.log.statemachine.data.sync.timeout.retry = -1 (default)
2019-07-30 19:25:06,555 INFO  server.RaftServerConfigKeys (ConfUtils.java:logGet(43)) - raft.server.log.statemachine.data.caching.enabled = true (custom)
2019-07-30 19:25:06,555 INFO  segmented.SegmentedRaftLogWorker (SegmentedRaftLogWorker.java:lambda$new$0(132)) - 6a4f679e-aef1-4eca-876c-0e3691f93789-SegmentedRaftLogWorker:Storage Directory /workdir/hadoop-ozone/integration-test/target/test-dir/MiniOzoneClusterImpl-42384d6b-b67d-4fd2-8a74-534ae66fc332/datanode-2/data/ratis/53c0bc91-84b7-41e6-b740-1d41aec8e32e: flushIndex: setUnconditionally 0 -> -1
2019-07-30 19:25:06,556 INFO  server.RaftServerConfigKeys (ConfUtils.java:logGet(43)) - raft.server.snapshot.auto.trigger.enabled = true (custom)
2019-07-30 19:25:06,556 INFO  server.RaftServerConfigKeys (ConfUtils.java:logGet(43)) - raft.server.snapshot.auto.trigger.threshold = 10000 (custom)
2019-07-30 19:25:06,556 INFO  server.RaftServerConfigKeys (ConfUtils.java:logGet(43)) - raft.server.retrycache.expirytime = 600000ms (custom)
2019-07-30 19:25:06,556 INFO  impl.RaftServerImpl (RaftServerImpl.java:start(180)) - 6a4f679e-aef1-4eca-876c-0e3691f93789: start group-1D41AEC8E32E
2019-07-30 19:25:06,557 INFO  impl.RaftServerImpl (RaftServerImpl.java:setRole(171)) - 6a4f679e-aef1-4eca-876c-0e3691f93789:group-1D41AEC8E32E changes role from null to FOLLOWER at term 0 for startAsFollower
2019-07-30 19:25:06,557 INFO  impl.RoleInfo (RoleInfo.java:updateAndGet(143)) - 6a4f679e-aef1-4eca-876c-0e3691f93789: start FollowerState
2019-07-30 19:25:06,559 INFO  util.JmxRegister (JmxRegister.java:tryRegister(44)) - Successfully registered JMX Bean with object name Ratis:service=RaftServer,group=group-1D41AEC8E32E,id=6a4f679e-aef1-4eca-876c-0e3691f93789
2019-07-30 19:25:06,574 INFO  pipeline.PipelineStateManager (PipelineStateManager.java:addPipeline(56)) - Created pipeline Pipeline[ Id: 53c0bc91-84b7-41e6-b740-1d41aec8e32e, Nodes: 6a4f679e-aef1-4eca-876c-0e3691f93789{ip: 192.168.5.147, host: byscane-nightly-d7s94-1643579034, networkLocation: /default-rack, certSerialId: null}, Type:RATIS, Factor:ONE, State:OPEN]
2019-07-30 19:25:06,598 INFO  impl.RaftServerProxy (RaftServerProxy.java:addNew(89)) - 70a1bb6b-0f49-4c42-8ee2-19d04b813aa0: addNew group-62CA726A8F30:[70a1bb6b-0f49-4c42-8ee2-19d04b813aa0:192.168.5.147:39545] returns group-62CA726A8F30:java.util.concurrent.CompletableFuture@4ec83ef8[Not completed]
2019-07-30 19:25:06,609 INFO  impl.RaftServerImpl (RaftServerImpl.java:<init>(93)) - 70a1bb6b-0f49-4c42-8ee2-19d04b813aa0: new RaftServerImpl for group-62CA726A8F30:[70a1bb6b-0f49-4c42-8ee2-19d04b813aa0:192.168.5.147:39545] with ContainerStateMachine:uninitialized
2019-07-30 19:25:06,609 INFO  server.RaftServerConfigKeys (ConfUtils.java:logGet(43)) - raft.server.rpc.timeout.min = 5s (custom)
2019-07-30 19:25:06,610 INFO  server.RaftServerConfigKeys (ConfUtils.java:logGet(43)) - raft.server.rpc.timeout.max = 5200ms (custom)
2019-07-30 19:25:06,610 INFO  server.RaftServerConfigKeys (ConfUtils.java:logGet(43)) - raft.server.rpcslowness.timeout = 120s (custom)
2019-07-30 19:25:06,610 INFO  server.RaftServerConfigKeys (ConfUtils.java:logGet(43)) - raft.server.sleep.deviation.threshold = 300 (default)
2019-07-30 19:25:06,610 INFO  server.RaftServerConfigKeys (ConfUtils.java:logGet(43)) - raft.server.log.appender.install.snapshot.enabled = false (custom)
2019-07-30 19:25:06,610 INFO  impl.RaftServerImpl (ServerState.java:<init>(105)) - 70a1bb6b-0f49-4c42-8ee2-19d04b813aa0:group-62CA726A8F30 ConfigurationManager, init=-1: [70a1bb6b-0f49-4c42-8ee2-19d04b813aa0:192.168.5.147:39545], old=null, confs=<EMPTY_MAP>
2019-07-30 19:25:06,611 INFO  server.RaftServerConfigKeys (ConfUtils.java:logGet(43)) - raft.server.storage.dir = [/workdir/hadoop-ozone/integration-test/target/test-dir/MiniOzoneClusterImpl-42384d6b-b67d-4fd2-8a74-534ae66fc332/datanode-5/data/ratis] (custom)
2019-07-30 19:25:06,611 INFO  storage.RaftStorageDirectory (RaftStorageDirectory.java:analyzeStorage(246)) - The storage directory /workdir/hadoop-ozone/integration-test/target/test-dir/MiniOzoneClusterImpl-42384d6b-b67d-4fd2-8a74-534ae66fc332/datanode-5/data/ratis/4b1e7c7c-7ea0-4f1a-873f-62ca726a8f30 does not exist. Creating ...
2019-07-30 19:25:06,622 INFO  storage.RaftStorageDirectory (RaftStorageDirectory.java:tryLock(328)) - Lock on /workdir/hadoop-ozone/integration-test/target/test-dir/MiniOzoneClusterImpl-42384d6b-b67d-4fd2-8a74-534ae66fc332/datanode-5/data/ratis/4b1e7c7c-7ea0-4f1a-873f-62ca726a8f30/in_use.lock acquired by nodename 9017@byscane-nightly-d7s94-1643579034
2019-07-30 19:25:06,627 INFO  storage.RaftStorage (RaftStorage.java:format(72)) - Storage directory /workdir/hadoop-ozone/integration-test/target/test-dir/MiniOzoneClusterImpl-42384d6b-b67d-4fd2-8a74-534ae66fc332/datanode-5/data/ratis/4b1e7c7c-7ea0-4f1a-873f-62ca726a8f30 has been successfully formatted.
2019-07-30 19:25:06,628 INFO  ratis.ContainerStateMachine (ContainerStateMachine.java:loadSnapshot(213)) - group-62CA726A8F30: The snapshot info is null. Setting the last applied indexto:(t:0, i:~)
2019-07-30 19:25:06,628 INFO  server.RaftServerConfigKeys (ConfUtils.java:logGet(43)) - raft.server.leader.election.timeout = 120s (custom)
2019-07-30 19:25:06,628 INFO  server.RaftServerConfigKeys (ConfUtils.java:logGet(43)) - raft.server.log.use.memory = false (default)
2019-07-30 19:25:06,628 INFO  server.RaftServerConfigKeys (ConfUtils.java:logGet(43)) - raft.server.log.purge.gap = 1000000000 (custom)
2019-07-30 19:25:06,629 INFO  server.RaftServerConfigKeys (ConfUtils.java:logGet(43)) - raft.server.log.appender.buffer.byte-limit = 33554432 (custom)
2019-07-30 19:25:06,629 INFO  server.RaftServerConfigKeys (ConfUtils.java:logGet(43)) - raft.server.log.segment.size.max = 1048576 (custom)
2019-07-30 19:25:06,629 INFO  server.RaftServerConfigKeys (ConfUtils.java:logGet(43)) - raft.server.log.segment.cache.num.max = 2 (custom)
2019-07-30 19:25:06,629 INFO  segmented.SegmentedRaftLogWorker (SegmentedRaftLogWorker.java:<init>(172)) - new 70a1bb6b-0f49-4c42-8ee2-19d04b813aa0-SegmentedRaftLogWorker:Storage Directory /workdir/hadoop-ozone/integration-test/target/test-dir/MiniOzoneClusterImpl-42384d6b-b67d-4fd2-8a74-534ae66fc332/datanode-5/data/ratis/4b1e7c7c-7ea0-4f1a-873f-62ca726a8f30 for RaftStorage:Storage Directory /workdir/hadoop-ozone/integration-test/target/test-dir/MiniOzoneClusterImpl-42384d6b-b67d-4fd2-8a74-534ae66fc332/datanode-5/data/ratis/4b1e7c7c-7ea0-4f1a-873f-62ca726a8f30
2019-07-30 19:25:06,630 INFO  server.RaftServerConfigKeys (ConfUtils.java:logGet(43)) - raft.server.log.queue.byte-limit = 2147483647 (custom)
2019-07-30 19:25:06,630 INFO  server.RaftServerConfigKeys (ConfUtils.java:logGet(43)) - raft.server.log.queue.element-limit = 1024 (custom)
2019-07-30 19:25:06,630 INFO  server.RaftServerConfigKeys (ConfUtils.java:logGet(43)) - raft.server.log.segment.size.max = 1048576 (custom)
2019-07-30 19:25:06,630 INFO  server.RaftServerConfigKeys (ConfUtils.java:logGet(43)) - raft.server.log.preallocated.size = 16384 (custom)
2019-07-30 19:25:06,630 INFO  server.RaftServerConfigKeys (ConfUtils.java:logGet(43)) - raft.server.log.write.buffer.size = 33554432 (custom)
2019-07-30 19:25:06,631 INFO  server.RaftServerConfigKeys (ConfUtils.java:logGet(43)) - raft.server.log.force.sync.num = 128 (default)
2019-07-30 19:25:06,631 INFO  server.RaftServerConfigKeys (ConfUtils.java:logGet(43)) - raft.server.log.statemachine.data.sync = true (default)
2019-07-30 19:25:06,631 INFO  server.RaftServerConfigKeys (ConfUtils.java:logGet(43)) - raft.server.log.statemachine.data.sync.timeout = 10s (default)
2019-07-30 19:25:06,631 INFO  server.RaftServerConfigKeys (ConfUtils.java:logGet(43)) - raft.server.log.statemachine.data.sync.timeout.retry = -1 (default)
2019-07-30 19:25:06,632 INFO  server.RaftServerConfigKeys (ConfUtils.java:logGet(43)) - raft.server.log.statemachine.data.caching.enabled = true (custom)
2019-07-30 19:25:06,632 INFO  segmented.SegmentedRaftLogWorker (SegmentedRaftLogWorker.java:lambda$new$0(132)) - 70a1bb6b-0f49-4c42-8ee2-19d04b813aa0-SegmentedRaftLogWorker:Storage Directory /workdir/hadoop-ozone/integration-test/target/test-dir/MiniOzoneClusterImpl-42384d6b-b67d-4fd2-8a74-534ae66fc332/datanode-5/data/ratis/4b1e7c7c-7ea0-4f1a-873f-62ca726a8f30: flushIndex: setUnconditionally 0 -> -1
2019-07-30 19:25:06,633 INFO  server.RaftServerConfigKeys (ConfUtils.java:logGet(43)) - raft.server.snapshot.auto.trigger.enabled = true (custom)
2019-07-30 19:25:06,633 INFO  server.RaftServerConfigKeys (ConfUtils.java:logGet(43)) - raft.server.snapshot.auto.trigger.threshold = 10000 (custom)
2019-07-30 19:25:06,633 INFO  server.RaftServerConfigKeys (ConfUtils.java:logGet(43)) - raft.server.retrycache.expirytime = 600000ms (custom)
2019-07-30 19:25:06,633 INFO  impl.RaftServerImpl (RaftServerImpl.java:start(180)) - 70a1bb6b-0f49-4c42-8ee2-19d04b813aa0: start group-62CA726A8F30
2019-07-30 19:25:06,634 INFO  impl.RaftServerImpl (RaftServerImpl.java:setRole(171)) - 70a1bb6b-0f49-4c42-8ee2-19d04b813aa0:group-62CA726A8F30 changes role from null to FOLLOWER at term 0 for startAsFollower
2019-07-30 19:25:06,634 INFO  impl.RoleInfo (RoleInfo.java:updateAndGet(143)) - 70a1bb6b-0f49-4c42-8ee2-19d04b813aa0: start FollowerState
2019-07-30 19:25:06,634 INFO  util.JmxRegister (JmxRegister.java:tryRegister(44)) - Successfully registered JMX Bean with object name Ratis:service=RaftServer,group=group-62CA726A8F30,id=70a1bb6b-0f49-4c42-8ee2-19d04b813aa0
2019-07-30 19:25:06,649 INFO  pipeline.PipelineStateManager (PipelineStateManager.java:addPipeline(56)) - Created pipeline Pipeline[ Id: 4b1e7c7c-7ea0-4f1a-873f-62ca726a8f30, Nodes: 70a1bb6b-0f49-4c42-8ee2-19d04b813aa0{ip: 192.168.5.147, host: byscane-nightly-d7s94-1643579034, networkLocation: /default-rack, certSerialId: null}, Type:RATIS, Factor:ONE, State:OPEN]
2019-07-30 19:25:06,686 INFO  impl.RaftServerProxy (RaftServerProxy.java:addNew(89)) - a142f5ec-8aba-49aa-bcdc-37d1c8969c1d: addNew group-28399239E04F:[a142f5ec-8aba-49aa-bcdc-37d1c8969c1d:192.168.5.147:38246] returns group-28399239E04F:java.util.concurrent.CompletableFuture@28af7fe5[Not completed]
2019-07-30 19:25:06,689 INFO  impl.RaftServerImpl (RaftServerImpl.java:<init>(93)) - a142f5ec-8aba-49aa-bcdc-37d1c8969c1d: new RaftServerImpl for group-28399239E04F:[a142f5ec-8aba-49aa-bcdc-37d1c8969c1d:192.168.5.147:38246] with ContainerStateMachine:uninitialized
2019-07-30 19:25:06,689 INFO  server.RaftServerConfigKeys (ConfUtils.java:logGet(43)) - raft.server.rpc.timeout.min = 5s (custom)
2019-07-30 19:25:06,690 INFO  server.RaftServerConfigKeys (ConfUtils.java:logGet(43)) - raft.server.rpc.timeout.max = 5200ms (custom)
2019-07-30 19:25:06,690 INFO  server.RaftServerConfigKeys (ConfUtils.java:logGet(43)) - raft.server.rpcslowness.timeout = 120s (custom)
2019-07-30 19:25:06,690 INFO  server.RaftServerConfigKeys (ConfUtils.java:logGet(43)) - raft.server.sleep.deviation.threshold = 300 (default)
2019-07-30 19:25:06,690 INFO  server.RaftServerConfigKeys (ConfUtils.java:logGet(43)) - raft.server.log.appender.install.snapshot.enabled = false (custom)
2019-07-30 19:25:06,690 INFO  impl.RaftServerImpl (ServerState.java:<init>(105)) - a142f5ec-8aba-49aa-bcdc-37d1c8969c1d:group-28399239E04F ConfigurationManager, init=-1: [a142f5ec-8aba-49aa-bcdc-37d1c8969c1d:192.168.5.147:38246], old=null, confs=<EMPTY_MAP>
2019-07-30 19:25:06,691 INFO  server.RaftServerConfigKeys (ConfUtils.java:logGet(43)) - raft.server.storage.dir = [/workdir/hadoop-ozone/integration-test/target/test-dir/MiniOzoneClusterImpl-42384d6b-b67d-4fd2-8a74-534ae66fc332/datanode-4/data/ratis] (custom)
2019-07-30 19:25:06,691 INFO  storage.RaftStorageDirectory (RaftStorageDirectory.java:analyzeStorage(246)) - The storage directory /workdir/hadoop-ozone/integration-test/target/test-dir/MiniOzoneClusterImpl-42384d6b-b67d-4fd2-8a74-534ae66fc332/datanode-4/data/ratis/eb2cae4e-8d5b-4198-bf8a-28399239e04f does not exist. Creating ...
2019-07-30 19:25:06,703 INFO  storage.RaftStorageDirectory (RaftStorageDirectory.java:tryLock(328)) - Lock on /workdir/hadoop-ozone/integration-test/target/test-dir/MiniOzoneClusterImpl-42384d6b-b67d-4fd2-8a74-534ae66fc332/datanode-4/data/ratis/eb2cae4e-8d5b-4198-bf8a-28399239e04f/in_use.lock acquired by nodename 9017@byscane-nightly-d7s94-1643579034
2019-07-30 19:25:06,714 INFO  storage.RaftStorage (RaftStorage.java:format(72)) - Storage directory /workdir/hadoop-ozone/integration-test/target/test-dir/MiniOzoneClusterImpl-42384d6b-b67d-4fd2-8a74-534ae66fc332/datanode-4/data/ratis/eb2cae4e-8d5b-4198-bf8a-28399239e04f has been successfully formatted.
2019-07-30 19:25:06,716 INFO  ratis.ContainerStateMachine (ContainerStateMachine.java:loadSnapshot(213)) - group-28399239E04F: The snapshot info is null. Setting the last applied indexto:(t:0, i:~)
2019-07-30 19:25:06,716 INFO  server.RaftServerConfigKeys (ConfUtils.java:logGet(43)) - raft.server.leader.election.timeout = 120s (custom)
2019-07-30 19:25:06,716 INFO  server.RaftServerConfigKeys (ConfUtils.java:logGet(43)) - raft.server.log.use.memory = false (default)
2019-07-30 19:25:06,717 INFO  server.RaftServerConfigKeys (ConfUtils.java:logGet(43)) - raft.server.log.purge.gap = 1000000000 (custom)
2019-07-30 19:25:06,717 INFO  server.RaftServerConfigKeys (ConfUtils.java:logGet(43)) - raft.server.log.appender.buffer.byte-limit = 33554432 (custom)
2019-07-30 19:25:06,719 INFO  server.RaftServerConfigKeys (ConfUtils.java:logGet(43)) - raft.server.log.segment.size.max = 1048576 (custom)
2019-07-30 19:25:06,730 INFO  server.RaftServerConfigKeys (ConfUtils.java:logGet(43)) - raft.server.log.segment.cache.num.max = 2 (custom)
2019-07-30 19:25:06,731 INFO  segmented.SegmentedRaftLogWorker (SegmentedRaftLogWorker.java:<init>(172)) - new a142f5ec-8aba-49aa-bcdc-37d1c8969c1d-SegmentedRaftLogWorker:Storage Directory /workdir/hadoop-ozone/integration-test/target/test-dir/MiniOzoneClusterImpl-42384d6b-b67d-4fd2-8a74-534ae66fc332/datanode-4/data/ratis/eb2cae4e-8d5b-4198-bf8a-28399239e04f for RaftStorage:Storage Directory /workdir/hadoop-ozone/integration-test/target/test-dir/MiniOzoneClusterImpl-42384d6b-b67d-4fd2-8a74-534ae66fc332/datanode-4/data/ratis/eb2cae4e-8d5b-4198-bf8a-28399239e04f
2019-07-30 19:25:06,731 INFO  server.RaftServerConfigKeys (ConfUtils.java:logGet(43)) - raft.server.log.queue.byte-limit = 2147483647 (custom)
2019-07-30 19:25:06,731 INFO  server.RaftServerConfigKeys (ConfUtils.java:logGet(43)) - raft.server.log.queue.element-limit = 1024 (custom)
2019-07-30 19:25:06,731 INFO  server.RaftServerConfigKeys (ConfUtils.java:logGet(43)) - raft.server.log.segment.size.max = 1048576 (custom)
2019-07-30 19:25:06,732 INFO  server.RaftServerConfigKeys (ConfUtils.java:logGet(43)) - raft.server.log.preallocated.size = 16384 (custom)
2019-07-30 19:25:06,732 INFO  server.RaftServerConfigKeys (ConfUtils.java:logGet(43)) - raft.server.log.write.buffer.size = 33554432 (custom)
2019-07-30 19:25:06,732 INFO  server.RaftServerConfigKeys (ConfUtils.java:logGet(43)) - raft.server.log.force.sync.num = 128 (default)
2019-07-30 19:25:06,733 INFO  server.RaftServerConfigKeys (ConfUtils.java:logGet(43)) - raft.server.log.statemachine.data.sync = true (default)
2019-07-30 19:25:06,733 INFO  server.RaftServerConfigKeys (ConfUtils.java:logGet(43)) - raft.server.log.statemachine.data.sync.timeout = 10s (default)
2019-07-30 19:25:06,733 INFO  server.RaftServerConfigKeys (ConfUtils.java:logGet(43)) - raft.server.log.statemachine.data.sync.timeout.retry = -1 (default)
2019-07-30 19:25:06,733 INFO  server.RaftServerConfigKeys (ConfUtils.java:logGet(43)) - raft.server.log.statemachine.data.caching.enabled = true (custom)
2019-07-30 19:25:06,734 INFO  segmented.SegmentedRaftLogWorker (SegmentedRaftLogWorker.java:lambda$new$0(132)) - a142f5ec-8aba-49aa-bcdc-37d1c8969c1d-SegmentedRaftLogWorker:Storage Directory /workdir/hadoop-ozone/integration-test/target/test-dir/MiniOzoneClusterImpl-42384d6b-b67d-4fd2-8a74-534ae66fc332/datanode-4/data/ratis/eb2cae4e-8d5b-4198-bf8a-28399239e04f: flushIndex: setUnconditionally 0 -> -1
2019-07-30 19:25:06,734 INFO  server.RaftServerConfigKeys (ConfUtils.java:logGet(43)) - raft.server.snapshot.auto.trigger.enabled = true (custom)
2019-07-30 19:25:06,734 INFO  server.RaftServerConfigKeys (ConfUtils.java:logGet(43)) - raft.server.snapshot.auto.trigger.threshold = 10000 (custom)
2019-07-30 19:25:06,735 INFO  server.RaftServerConfigKeys (ConfUtils.java:logGet(43)) - raft.server.retrycache.expirytime = 600000ms (custom)
2019-07-30 19:25:06,735 INFO  impl.RaftServerImpl (RaftServerImpl.java:start(180)) - a142f5ec-8aba-49aa-bcdc-37d1c8969c1d: start group-28399239E04F
2019-07-30 19:25:06,735 INFO  impl.RaftServerImpl (RaftServerImpl.java:setRole(171)) - a142f5ec-8aba-49aa-bcdc-37d1c8969c1d:group-28399239E04F changes role from null to FOLLOWER at term 0 for startAsFollower
2019-07-30 19:25:06,735 INFO  impl.RoleInfo (RoleInfo.java:updateAndGet(143)) - a142f5ec-8aba-49aa-bcdc-37d1c8969c1d: start FollowerState
2019-07-30 19:25:06,736 INFO  util.JmxRegister (JmxRegister.java:tryRegister(44)) - Successfully registered JMX Bean with object name Ratis:service=RaftServer,group=group-28399239E04F,id=a142f5ec-8aba-49aa-bcdc-37d1c8969c1d
2019-07-30 19:25:06,749 INFO  pipeline.PipelineStateManager (PipelineStateManager.java:addPipeline(56)) - Created pipeline Pipeline[ Id: eb2cae4e-8d5b-4198-bf8a-28399239e04f, Nodes: a142f5ec-8aba-49aa-bcdc-37d1c8969c1d{ip: 192.168.5.147, host: byscane-nightly-d7s94-1643579034, networkLocation: /default-rack, certSerialId: null}, Type:RATIS, Factor:ONE, State:OPEN]
2019-07-30 19:25:06,784 INFO  impl.RaftServerProxy (RaftServerProxy.java:addNew(89)) - 02c482de-ed81-4a84-8c9f-f8cc8228fdd9: addNew group-BBB81A3E573C:[02c482de-ed81-4a84-8c9f-f8cc8228fdd9:192.168.5.147:34566] returns group-BBB81A3E573C:java.util.concurrent.CompletableFuture@30464013[Not completed]
2019-07-30 19:25:06,786 INFO  impl.RaftServerImpl (RaftServerImpl.java:<init>(93)) - 02c482de-ed81-4a84-8c9f-f8cc8228fdd9: new RaftServerImpl for group-BBB81A3E573C:[02c482de-ed81-4a84-8c9f-f8cc8228fdd9:192.168.5.147:34566] with ContainerStateMachine:uninitialized
2019-07-30 19:25:06,786 INFO  server.RaftServerConfigKeys (ConfUtils.java:logGet(43)) - raft.server.rpc.timeout.min = 5s (custom)
2019-07-30 19:25:06,786 INFO  server.RaftServerConfigKeys (ConfUtils.java:logGet(43)) - raft.server.rpc.timeout.max = 5200ms (custom)
2019-07-30 19:25:06,787 INFO  server.RaftServerConfigKeys (ConfUtils.java:logGet(43)) - raft.server.rpcslowness.timeout = 120s (custom)
2019-07-30 19:25:06,787 INFO  server.RaftServerConfigKeys (ConfUtils.java:logGet(43)) - raft.server.sleep.deviation.threshold = 300 (default)
2019-07-30 19:25:06,787 INFO  server.RaftServerConfigKeys (ConfUtils.java:logGet(43)) - raft.server.log.appender.install.snapshot.enabled = false (custom)
2019-07-30 19:25:06,787 INFO  impl.RaftServerImpl (ServerState.java:<init>(105)) - 02c482de-ed81-4a84-8c9f-f8cc8228fdd9:group-BBB81A3E573C ConfigurationManager, init=-1: [02c482de-ed81-4a84-8c9f-f8cc8228fdd9:192.168.5.147:34566], old=null, confs=<EMPTY_MAP>
2019-07-30 19:25:06,787 INFO  server.RaftServerConfigKeys (ConfUtils.java:logGet(43)) - raft.server.storage.dir = [/workdir/hadoop-ozone/integration-test/target/test-dir/MiniOzoneClusterImpl-42384d6b-b67d-4fd2-8a74-534ae66fc332/datanode-1/data/ratis] (custom)
2019-07-30 19:25:06,788 INFO  storage.RaftStorageDirectory (RaftStorageDirectory.java:analyzeStorage(246)) - The storage directory /workdir/hadoop-ozone/integration-test/target/test-dir/MiniOzoneClusterImpl-42384d6b-b67d-4fd2-8a74-534ae66fc332/datanode-1/data/ratis/445d6402-1f1f-4d41-b822-bbb81a3e573c does not exist. Creating ...
2019-07-30 19:25:06,801 INFO  storage.RaftStorageDirectory (RaftStorageDirectory.java:tryLock(328)) - Lock on /workdir/hadoop-ozone/integration-test/target/test-dir/MiniOzoneClusterImpl-42384d6b-b67d-4fd2-8a74-534ae66fc332/datanode-1/data/ratis/445d6402-1f1f-4d41-b822-bbb81a3e573c/in_use.lock acquired by nodename 9017@byscane-nightly-d7s94-1643579034
2019-07-30 19:25:06,812 INFO  storage.RaftStorage (RaftStorage.java:format(72)) - Storage directory /workdir/hadoop-ozone/integration-test/target/test-dir/MiniOzoneClusterImpl-42384d6b-b67d-4fd2-8a74-534ae66fc332/datanode-1/data/ratis/445d6402-1f1f-4d41-b822-bbb81a3e573c has been successfully formatted.
2019-07-30 19:25:06,812 INFO  ratis.ContainerStateMachine (ContainerStateMachine.java:loadSnapshot(213)) - group-BBB81A3E573C: The snapshot info is null. Setting the last applied indexto:(t:0, i:~)
2019-07-30 19:25:06,813 INFO  server.RaftServerConfigKeys (ConfUtils.java:logGet(43)) - raft.server.leader.election.timeout = 120s (custom)
2019-07-30 19:25:06,813 INFO  server.RaftServerConfigKeys (ConfUtils.java:logGet(43)) - raft.server.log.use.memory = false (default)
2019-07-30 19:25:06,813 INFO  server.RaftServerConfigKeys (ConfUtils.java:logGet(43)) - raft.server.log.purge.gap = 1000000000 (custom)
2019-07-30 19:25:06,813 INFO  server.RaftServerConfigKeys (ConfUtils.java:logGet(43)) - raft.server.log.appender.buffer.byte-limit = 33554432 (custom)
2019-07-30 19:25:06,813 INFO  server.RaftServerConfigKeys (ConfUtils.java:logGet(43)) - raft.server.log.segment.size.max = 1048576 (custom)
2019-07-30 19:25:06,814 INFO  server.RaftServerConfigKeys (ConfUtils.java:logGet(43)) - raft.server.log.segment.cache.num.max = 2 (custom)
2019-07-30 19:25:06,814 INFO  segmented.SegmentedRaftLogWorker (SegmentedRaftLogWorker.java:<init>(172)) - new 02c482de-ed81-4a84-8c9f-f8cc8228fdd9-SegmentedRaftLogWorker:Storage Directory /workdir/hadoop-ozone/integration-test/target/test-dir/MiniOzoneClusterImpl-42384d6b-b67d-4fd2-8a74-534ae66fc332/datanode-1/data/ratis/445d6402-1f1f-4d41-b822-bbb81a3e573c for RaftStorage:Storage Directory /workdir/hadoop-ozone/integration-test/target/test-dir/MiniOzoneClusterImpl-42384d6b-b67d-4fd2-8a74-534ae66fc332/datanode-1/data/ratis/445d6402-1f1f-4d41-b822-bbb81a3e573c
2019-07-30 19:25:06,814 INFO  server.RaftServerConfigKeys (ConfUtils.java:logGet(43)) - raft.server.log.queue.byte-limit = 2147483647 (custom)
2019-07-30 19:25:06,814 INFO  server.RaftServerConfigKeys (ConfUtils.java:logGet(43)) - raft.server.log.queue.element-limit = 1024 (custom)
2019-07-30 19:25:06,815 INFO  server.RaftServerConfigKeys (ConfUtils.java:logGet(43)) - raft.server.log.segment.size.max = 1048576 (custom)
2019-07-30 19:25:06,815 INFO  server.RaftServerConfigKeys (ConfUtils.java:logGet(43)) - raft.server.log.preallocated.size = 16384 (custom)
2019-07-30 19:25:06,815 INFO  server.RaftServerConfigKeys (ConfUtils.java:logGet(43)) - raft.server.log.write.buffer.size = 33554432 (custom)
2019-07-30 19:25:06,815 INFO  server.RaftServerConfigKeys (ConfUtils.java:logGet(43)) - raft.server.log.force.sync.num = 128 (default)
2019-07-30 19:25:06,815 INFO  server.RaftServerConfigKeys (ConfUtils.java:logGet(43)) - raft.server.log.statemachine.data.sync = true (default)
2019-07-30 19:25:06,816 INFO  server.RaftServerConfigKeys (ConfUtils.java:logGet(43)) - raft.server.log.statemachine.data.sync.timeout = 10s (default)
2019-07-30 19:25:06,816 INFO  server.RaftServerConfigKeys (ConfUtils.java:logGet(43)) - raft.server.log.statemachine.data.sync.timeout.retry = -1 (default)
2019-07-30 19:25:06,816 INFO  server.RaftServerConfigKeys (ConfUtils.java:logGet(43)) - raft.server.log.statemachine.data.caching.enabled = true (custom)
2019-07-30 19:25:06,817 INFO  segmented.SegmentedRaftLogWorker (SegmentedRaftLogWorker.java:lambda$new$0(132)) - 02c482de-ed81-4a84-8c9f-f8cc8228fdd9-SegmentedRaftLogWorker:Storage Directory /workdir/hadoop-ozone/integration-test/target/test-dir/MiniOzoneClusterImpl-42384d6b-b67d-4fd2-8a74-534ae66fc332/datanode-1/data/ratis/445d6402-1f1f-4d41-b822-bbb81a3e573c: flushIndex: setUnconditionally 0 -> -1
2019-07-30 19:25:06,817 INFO  server.RaftServerConfigKeys (ConfUtils.java:logGet(43)) - raft.server.snapshot.auto.trigger.enabled = true (custom)
2019-07-30 19:25:06,817 INFO  server.RaftServerConfigKeys (ConfUtils.java:logGet(43)) - raft.server.snapshot.auto.trigger.threshold = 10000 (custom)
2019-07-30 19:25:06,818 INFO  server.RaftServerConfigKeys (ConfUtils.java:logGet(43)) - raft.server.retrycache.expirytime = 600000ms (custom)
2019-07-30 19:25:06,818 INFO  impl.RaftServerImpl (RaftServerImpl.java:start(180)) - 02c482de-ed81-4a84-8c9f-f8cc8228fdd9: start group-BBB81A3E573C
2019-07-30 19:25:06,818 INFO  impl.RaftServerImpl (RaftServerImpl.java:setRole(171)) - 02c482de-ed81-4a84-8c9f-f8cc8228fdd9:group-BBB81A3E573C changes role from null to FOLLOWER at term 0 for startAsFollower
2019-07-30 19:25:06,818 INFO  impl.RoleInfo (RoleInfo.java:updateAndGet(143)) - 02c482de-ed81-4a84-8c9f-f8cc8228fdd9: start FollowerState
2019-07-30 19:25:06,819 INFO  util.JmxRegister (JmxRegister.java:tryRegister(44)) - Successfully registered JMX Bean with object name Ratis:service=RaftServer,group=group-BBB81A3E573C,id=02c482de-ed81-4a84-8c9f-f8cc8228fdd9
2019-07-30 19:25:06,845 INFO  pipeline.PipelineStateManager (PipelineStateManager.java:addPipeline(56)) - Created pipeline Pipeline[ Id: 445d6402-1f1f-4d41-b822-bbb81a3e573c, Nodes: 02c482de-ed81-4a84-8c9f-f8cc8228fdd9{ip: 192.168.5.147, host: byscane-nightly-d7s94-1643579034, networkLocation: /default-rack, certSerialId: null}, Type:RATIS, Factor:ONE, State:OPEN]
2019-07-30 19:25:06,858 INFO  rpc.RpcClient (RpcClient.java:createVolume(288)) - Creating Volume: datanodefailurehandlingtest, with jenkins1000 as owner.
2019-07-30 19:25:06,879 INFO  impl.RaftServerProxy (RaftServerProxy.java:addNew(89)) - 20d3046f-97fb-4e85-81a2-bca6d0aac141: addNew group-A861C765245E:[20d3046f-97fb-4e85-81a2-bca6d0aac141:192.168.5.147:44076] returns group-A861C765245E:java.util.concurrent.CompletableFuture@ee7fd67[Not completed]
2019-07-30 19:25:06,881 INFO  impl.RaftServerImpl (RaftServerImpl.java:<init>(93)) - 20d3046f-97fb-4e85-81a2-bca6d0aac141: new RaftServerImpl for group-A861C765245E:[20d3046f-97fb-4e85-81a2-bca6d0aac141:192.168.5.147:44076] with ContainerStateMachine:uninitialized
2019-07-30 19:25:06,881 INFO  server.RaftServerConfigKeys (ConfUtils.java:logGet(43)) - raft.server.rpc.timeout.min = 5s (custom)
2019-07-30 19:25:06,881 INFO  server.RaftServerConfigKeys (ConfUtils.java:logGet(43)) - raft.server.rpc.timeout.max = 5200ms (custom)
2019-07-30 19:25:06,882 INFO  server.RaftServerConfigKeys (ConfUtils.java:logGet(43)) - raft.server.rpcslowness.timeout = 120s (custom)
2019-07-30 19:25:06,882 INFO  server.RaftServerConfigKeys (ConfUtils.java:logGet(43)) - raft.server.sleep.deviation.threshold = 300 (default)
2019-07-30 19:25:06,882 INFO  server.RaftServerConfigKeys (ConfUtils.java:logGet(43)) - raft.server.log.appender.install.snapshot.enabled = false (custom)
2019-07-30 19:25:06,882 INFO  impl.RaftServerImpl (ServerState.java:<init>(105)) - 20d3046f-97fb-4e85-81a2-bca6d0aac141:group-A861C765245E ConfigurationManager, init=-1: [20d3046f-97fb-4e85-81a2-bca6d0aac141:192.168.5.147:44076], old=null, confs=<EMPTY_MAP>
2019-07-30 19:25:06,882 INFO  server.RaftServerConfigKeys (ConfUtils.java:logGet(43)) - raft.server.storage.dir = [/workdir/hadoop-ozone/integration-test/target/test-dir/MiniOzoneClusterImpl-42384d6b-b67d-4fd2-8a74-534ae66fc332/datanode-3/data/ratis] (custom)
2019-07-30 19:25:06,883 INFO  storage.RaftStorageDirectory (RaftStorageDirectory.java:analyzeStorage(246)) - The storage directory /workdir/hadoop-ozone/integration-test/target/test-dir/MiniOzoneClusterImpl-42384d6b-b67d-4fd2-8a74-534ae66fc332/datanode-3/data/ratis/c273767e-c3e7-489a-9e8b-a861c765245e does not exist. Creating ...
2019-07-30 19:25:06,887 INFO  storage.RaftStorageDirectory (RaftStorageDirectory.java:tryLock(328)) - Lock on /workdir/hadoop-ozone/integration-test/target/test-dir/MiniOzoneClusterImpl-42384d6b-b67d-4fd2-8a74-534ae66fc332/datanode-3/data/ratis/c273767e-c3e7-489a-9e8b-a861c765245e/in_use.lock acquired by nodename 9017@byscane-nightly-d7s94-1643579034
2019-07-30 19:25:06,890 INFO  storage.RaftStorage (RaftStorage.java:format(72)) - Storage directory /workdir/hadoop-ozone/integration-test/target/test-dir/MiniOzoneClusterImpl-42384d6b-b67d-4fd2-8a74-534ae66fc332/datanode-3/data/ratis/c273767e-c3e7-489a-9e8b-a861c765245e has been successfully formatted.
2019-07-30 19:25:06,891 INFO  ratis.ContainerStateMachine (ContainerStateMachine.java:loadSnapshot(213)) - group-A861C765245E: The snapshot info is null. Setting the last applied indexto:(t:0, i:~)
2019-07-30 19:25:06,891 INFO  server.RaftServerConfigKeys (ConfUtils.java:logGet(43)) - raft.server.leader.election.timeout = 120s (custom)
2019-07-30 19:25:06,891 INFO  server.RaftServerConfigKeys (ConfUtils.java:logGet(43)) - raft.server.log.use.memory = false (default)
2019-07-30 19:25:06,891 INFO  server.RaftServerConfigKeys (ConfUtils.java:logGet(43)) - raft.server.log.purge.gap = 1000000000 (custom)
2019-07-30 19:25:06,891 INFO  server.RaftServerConfigKeys (ConfUtils.java:logGet(43)) - raft.server.log.appender.buffer.byte-limit = 33554432 (custom)
2019-07-30 19:25:06,891 INFO  server.RaftServerConfigKeys (ConfUtils.java:logGet(43)) - raft.server.log.segment.size.max = 1048576 (custom)
2019-07-30 19:25:06,892 INFO  server.RaftServerConfigKeys (ConfUtils.java:logGet(43)) - raft.server.log.segment.cache.num.max = 2 (custom)
2019-07-30 19:25:06,892 INFO  segmented.SegmentedRaftLogWorker (SegmentedRaftLogWorker.java:<init>(172)) - new 20d3046f-97fb-4e85-81a2-bca6d0aac141-SegmentedRaftLogWorker:Storage Directory /workdir/hadoop-ozone/integration-test/target/test-dir/MiniOzoneClusterImpl-42384d6b-b67d-4fd2-8a74-534ae66fc332/datanode-3/data/ratis/c273767e-c3e7-489a-9e8b-a861c765245e for RaftStorage:Storage Directory /workdir/hadoop-ozone/integration-test/target/test-dir/MiniOzoneClusterImpl-42384d6b-b67d-4fd2-8a74-534ae66fc332/datanode-3/data/ratis/c273767e-c3e7-489a-9e8b-a861c765245e
2019-07-30 19:25:06,892 INFO  server.RaftServerConfigKeys (ConfUtils.java:logGet(43)) - raft.server.log.queue.byte-limit = 2147483647 (custom)
2019-07-30 19:25:06,892 INFO  server.RaftServerConfigKeys (ConfUtils.java:logGet(43)) - raft.server.log.queue.element-limit = 1024 (custom)
2019-07-30 19:25:06,892 INFO  server.RaftServerConfigKeys (ConfUtils.java:logGet(43)) - raft.server.log.segment.size.max = 1048576 (custom)
2019-07-30 19:25:06,893 INFO  server.RaftServerConfigKeys (ConfUtils.java:logGet(43)) - raft.server.log.preallocated.size = 16384 (custom)
2019-07-30 19:25:06,893 INFO  server.RaftServerConfigKeys (ConfUtils.java:logGet(43)) - raft.server.log.write.buffer.size = 33554432 (custom)
2019-07-30 19:25:06,893 INFO  server.RaftServerConfigKeys (ConfUtils.java:logGet(43)) - raft.server.log.force.sync.num = 128 (default)
2019-07-30 19:25:06,893 INFO  server.RaftServerConfigKeys (ConfUtils.java:logGet(43)) - raft.server.log.statemachine.data.sync = true (default)
2019-07-30 19:25:06,893 INFO  server.RaftServerConfigKeys (ConfUtils.java:logGet(43)) - raft.server.log.statemachine.data.sync.timeout = 10s (default)
2019-07-30 19:25:06,893 INFO  server.RaftServerConfigKeys (ConfUtils.java:logGet(43)) - raft.server.log.statemachine.data.sync.timeout.retry = -1 (default)
2019-07-30 19:25:06,894 INFO  server.RaftServerConfigKeys (ConfUtils.java:logGet(43)) - raft.server.log.statemachine.data.caching.enabled = true (custom)
2019-07-30 19:25:06,894 INFO  segmented.SegmentedRaftLogWorker (SegmentedRaftLogWorker.java:lambda$new$0(132)) - 20d3046f-97fb-4e85-81a2-bca6d0aac141-SegmentedRaftLogWorker:Storage Directory /workdir/hadoop-ozone/integration-test/target/test-dir/MiniOzoneClusterImpl-42384d6b-b67d-4fd2-8a74-534ae66fc332/datanode-3/data/ratis/c273767e-c3e7-489a-9e8b-a861c765245e: flushIndex: setUnconditionally 0 -> -1
2019-07-30 19:25:06,895 INFO  server.RaftServerConfigKeys (ConfUtils.java:logGet(43)) - raft.server.snapshot.auto.trigger.enabled = true (custom)
2019-07-30 19:25:06,895 INFO  server.RaftServerConfigKeys (ConfUtils.java:logGet(43)) - raft.server.snapshot.auto.trigger.threshold = 10000 (custom)
2019-07-30 19:25:06,895 INFO  server.RaftServerConfigKeys (ConfUtils.java:logGet(43)) - raft.server.retrycache.expirytime = 600000ms (custom)
2019-07-30 19:25:06,895 INFO  impl.RaftServerImpl (RaftServerImpl.java:start(180)) - 20d3046f-97fb-4e85-81a2-bca6d0aac141: start group-A861C765245E
2019-07-30 19:25:06,896 INFO  impl.RaftServerImpl (RaftServerImpl.java:setRole(171)) - 20d3046f-97fb-4e85-81a2-bca6d0aac141:group-A861C765245E changes role from null to FOLLOWER at term 0 for startAsFollower
2019-07-30 19:25:06,896 INFO  impl.RoleInfo (RoleInfo.java:updateAndGet(143)) - 20d3046f-97fb-4e85-81a2-bca6d0aac141: start FollowerState
2019-07-30 19:25:06,896 INFO  util.JmxRegister (JmxRegister.java:tryRegister(44)) - Successfully registered JMX Bean with object name Ratis:service=RaftServer,group=group-A861C765245E,id=20d3046f-97fb-4e85-81a2-bca6d0aac141
2019-07-30 19:25:06,907 INFO  pipeline.PipelineStateManager (PipelineStateManager.java:addPipeline(56)) - Created pipeline Pipeline[ Id: c273767e-c3e7-489a-9e8b-a861c765245e, Nodes: 20d3046f-97fb-4e85-81a2-bca6d0aac141{ip: 192.168.5.147, host: byscane-nightly-d7s94-1643579034, networkLocation: /default-rack, certSerialId: null}, Type:RATIS, Factor:ONE, State:OPEN]
2019-07-30 19:25:06,945 INFO  rpc.RpcClient (RpcClient.java:createBucket(425)) - Creating Bucket: datanodefailurehandlingtest/datanodefailurehandlingtest, with Versioning false and Storage Type set to DISK and Encryption set to false 
2019-07-30 19:25:06,948 INFO  impl.RaftServerProxy (RaftServerProxy.java:addNew(89)) - 70a1bb6b-0f49-4c42-8ee2-19d04b813aa0: addNew group-2BBF3A396A15:[6a4f679e-aef1-4eca-876c-0e3691f93789:192.168.5.147:38879, 70a1bb6b-0f49-4c42-8ee2-19d04b813aa0:192.168.5.147:39545, 88fcb211-bcbb-4f9e-96ff-cf1ee420930f:192.168.5.147:43851] returns group-2BBF3A396A15:java.util.concurrent.CompletableFuture@3a91724a[Not completed]
2019-07-30 19:25:06,948 INFO  impl.RaftServerProxy (RaftServerProxy.java:addNew(89)) - 6a4f679e-aef1-4eca-876c-0e3691f93789: addNew group-2BBF3A396A15:[6a4f679e-aef1-4eca-876c-0e3691f93789:192.168.5.147:38879, 70a1bb6b-0f49-4c42-8ee2-19d04b813aa0:192.168.5.147:39545, 88fcb211-bcbb-4f9e-96ff-cf1ee420930f:192.168.5.147:43851] returns group-2BBF3A396A15:java.util.concurrent.CompletableFuture@1b1080f8[Not completed]
2019-07-30 19:25:06,951 INFO  impl.RaftServerProxy (RaftServerProxy.java:addNew(89)) - 88fcb211-bcbb-4f9e-96ff-cf1ee420930f: addNew group-2BBF3A396A15:[6a4f679e-aef1-4eca-876c-0e3691f93789:192.168.5.147:38879, 70a1bb6b-0f49-4c42-8ee2-19d04b813aa0:192.168.5.147:39545, 88fcb211-bcbb-4f9e-96ff-cf1ee420930f:192.168.5.147:43851] returns group-2BBF3A396A15:java.util.concurrent.CompletableFuture@8922ba[Not completed]
2019-07-30 19:25:06,952 INFO  impl.RaftServerImpl (RaftServerImpl.java:<init>(93)) - 70a1bb6b-0f49-4c42-8ee2-19d04b813aa0: new RaftServerImpl for group-2BBF3A396A15:[6a4f679e-aef1-4eca-876c-0e3691f93789:192.168.5.147:38879, 70a1bb6b-0f49-4c42-8ee2-19d04b813aa0:192.168.5.147:39545, 88fcb211-bcbb-4f9e-96ff-cf1ee420930f:192.168.5.147:43851] with ContainerStateMachine:uninitialized
2019-07-30 19:25:06,952 INFO  server.RaftServerConfigKeys (ConfUtils.java:logGet(43)) - raft.server.rpc.timeout.min = 5s (custom)
2019-07-30 19:25:06,952 INFO  server.RaftServerConfigKeys (ConfUtils.java:logGet(43)) - raft.server.rpc.timeout.max = 5200ms (custom)
2019-07-30 19:25:06,952 INFO  server.RaftServerConfigKeys (ConfUtils.java:logGet(43)) - raft.server.rpcslowness.timeout = 120s (custom)
2019-07-30 19:25:06,952 INFO  server.RaftServerConfigKeys (ConfUtils.java:logGet(43)) - raft.server.sleep.deviation.threshold = 300 (default)
2019-07-30 19:25:06,952 INFO  server.RaftServerConfigKeys (ConfUtils.java:logGet(43)) - raft.server.log.appender.install.snapshot.enabled = false (custom)
2019-07-30 19:25:06,953 INFO  impl.RaftServerImpl (ServerState.java:<init>(105)) - 70a1bb6b-0f49-4c42-8ee2-19d04b813aa0:group-2BBF3A396A15 ConfigurationManager, init=-1: [6a4f679e-aef1-4eca-876c-0e3691f93789:192.168.5.147:38879, 70a1bb6b-0f49-4c42-8ee2-19d04b813aa0:192.168.5.147:39545, 88fcb211-bcbb-4f9e-96ff-cf1ee420930f:192.168.5.147:43851], old=null, confs=<EMPTY_MAP>
2019-07-30 19:25:06,953 INFO  server.RaftServerConfigKeys (ConfUtils.java:logGet(43)) - raft.server.storage.dir = [/workdir/hadoop-ozone/integration-test/target/test-dir/MiniOzoneClusterImpl-42384d6b-b67d-4fd2-8a74-534ae66fc332/datanode-5/data/ratis] (custom)
2019-07-30 19:25:06,953 INFO  impl.RaftServerImpl (RaftServerImpl.java:<init>(93)) - 6a4f679e-aef1-4eca-876c-0e3691f93789: new RaftServerImpl for group-2BBF3A396A15:[6a4f679e-aef1-4eca-876c-0e3691f93789:192.168.5.147:38879, 70a1bb6b-0f49-4c42-8ee2-19d04b813aa0:192.168.5.147:39545, 88fcb211-bcbb-4f9e-96ff-cf1ee420930f:192.168.5.147:43851] with ContainerStateMachine:uninitialized
2019-07-30 19:25:06,953 INFO  server.RaftServerConfigKeys (ConfUtils.java:logGet(43)) - raft.server.rpc.timeout.min = 5s (custom)
2019-07-30 19:25:06,953 INFO  storage.RaftStorageDirectory (RaftStorageDirectory.java:analyzeStorage(246)) - The storage directory /workdir/hadoop-ozone/integration-test/target/test-dir/MiniOzoneClusterImpl-42384d6b-b67d-4fd2-8a74-534ae66fc332/datanode-5/data/ratis/ea9aa92a-d065-4e26-ae30-2bbf3a396a15 does not exist. Creating ...
2019-07-30 19:25:06,953 INFO  server.RaftServerConfigKeys (ConfUtils.java:logGet(43)) - raft.server.rpc.timeout.max = 5200ms (custom)
2019-07-30 19:25:06,954 INFO  impl.RaftServerImpl (RaftServerImpl.java:<init>(93)) - 88fcb211-bcbb-4f9e-96ff-cf1ee420930f: new RaftServerImpl for group-2BBF3A396A15:[6a4f679e-aef1-4eca-876c-0e3691f93789:192.168.5.147:38879, 70a1bb6b-0f49-4c42-8ee2-19d04b813aa0:192.168.5.147:39545, 88fcb211-bcbb-4f9e-96ff-cf1ee420930f:192.168.5.147:43851] with ContainerStateMachine:uninitialized
2019-07-30 19:25:06,954 INFO  server.RaftServerConfigKeys (ConfUtils.java:logGet(43)) - raft.server.rpcslowness.timeout = 120s (custom)
2019-07-30 19:25:06,954 INFO  server.RaftServerConfigKeys (ConfUtils.java:logGet(43)) - raft.server.rpc.timeout.min = 5s (custom)
2019-07-30 19:25:06,954 INFO  server.RaftServerConfigKeys (ConfUtils.java:logGet(43)) - raft.server.sleep.deviation.threshold = 300 (default)
2019-07-30 19:25:06,954 INFO  server.RaftServerConfigKeys (ConfUtils.java:logGet(43)) - raft.server.rpc.timeout.max = 5200ms (custom)
2019-07-30 19:25:06,954 INFO  server.RaftServerConfigKeys (ConfUtils.java:logGet(43)) - raft.server.log.appender.install.snapshot.enabled = false (custom)
2019-07-30 19:25:06,954 INFO  server.RaftServerConfigKeys (ConfUtils.java:logGet(43)) - raft.server.rpcslowness.timeout = 120s (custom)
2019-07-30 19:25:06,956 INFO  impl.RaftServerImpl (ServerState.java:<init>(105)) - 6a4f679e-aef1-4eca-876c-0e3691f93789:group-2BBF3A396A15 ConfigurationManager, init=-1: [6a4f679e-aef1-4eca-876c-0e3691f93789:192.168.5.147:38879, 70a1bb6b-0f49-4c42-8ee2-19d04b813aa0:192.168.5.147:39545, 88fcb211-bcbb-4f9e-96ff-cf1ee420930f:192.168.5.147:43851], old=null, confs=<EMPTY_MAP>
2019-07-30 19:25:06,956 INFO  server.RaftServerConfigKeys (ConfUtils.java:logGet(43)) - raft.server.sleep.deviation.threshold = 300 (default)
2019-07-30 19:25:06,956 INFO  server.RaftServerConfigKeys (ConfUtils.java:logGet(43)) - raft.server.storage.dir = [/workdir/hadoop-ozone/integration-test/target/test-dir/MiniOzoneClusterImpl-42384d6b-b67d-4fd2-8a74-534ae66fc332/datanode-2/data/ratis] (custom)
2019-07-30 19:25:06,956 INFO  server.RaftServerConfigKeys (ConfUtils.java:logGet(43)) - raft.server.log.appender.install.snapshot.enabled = false (custom)
2019-07-30 19:25:06,957 INFO  impl.RaftServerImpl (ServerState.java:<init>(105)) - 88fcb211-bcbb-4f9e-96ff-cf1ee420930f:group-2BBF3A396A15 ConfigurationManager, init=-1: [6a4f679e-aef1-4eca-876c-0e3691f93789:192.168.5.147:38879, 70a1bb6b-0f49-4c42-8ee2-19d04b813aa0:192.168.5.147:39545, 88fcb211-bcbb-4f9e-96ff-cf1ee420930f:192.168.5.147:43851], old=null, confs=<EMPTY_MAP>
2019-07-30 19:25:06,957 INFO  storage.RaftStorageDirectory (RaftStorageDirectory.java:analyzeStorage(246)) - The storage directory /workdir/hadoop-ozone/integration-test/target/test-dir/MiniOzoneClusterImpl-42384d6b-b67d-4fd2-8a74-534ae66fc332/datanode-2/data/ratis/ea9aa92a-d065-4e26-ae30-2bbf3a396a15 does not exist. Creating ...
2019-07-30 19:25:06,957 INFO  server.RaftServerConfigKeys (ConfUtils.java:logGet(43)) - raft.server.storage.dir = [/workdir/hadoop-ozone/integration-test/target/test-dir/MiniOzoneClusterImpl-42384d6b-b67d-4fd2-8a74-534ae66fc332/datanode-0/data/ratis] (custom)
2019-07-30 19:25:06,957 INFO  storage.RaftStorageDirectory (RaftStorageDirectory.java:analyzeStorage(246)) - The storage directory /workdir/hadoop-ozone/integration-test/target/test-dir/MiniOzoneClusterImpl-42384d6b-b67d-4fd2-8a74-534ae66fc332/datanode-0/data/ratis/ea9aa92a-d065-4e26-ae30-2bbf3a396a15 does not exist. Creating ...
2019-07-30 19:25:06,968 INFO  storage.RaftStorageDirectory (RaftStorageDirectory.java:tryLock(328)) - Lock on /workdir/hadoop-ozone/integration-test/target/test-dir/MiniOzoneClusterImpl-42384d6b-b67d-4fd2-8a74-534ae66fc332/datanode-5/data/ratis/ea9aa92a-d065-4e26-ae30-2bbf3a396a15/in_use.lock acquired by nodename 9017@byscane-nightly-d7s94-1643579034
2019-07-30 19:25:06,968 INFO  storage.RaftStorageDirectory (RaftStorageDirectory.java:tryLock(328)) - Lock on /workdir/hadoop-ozone/integration-test/target/test-dir/MiniOzoneClusterImpl-42384d6b-b67d-4fd2-8a74-534ae66fc332/datanode-0/data/ratis/ea9aa92a-d065-4e26-ae30-2bbf3a396a15/in_use.lock acquired by nodename 9017@byscane-nightly-d7s94-1643579034
2019-07-30 19:25:06,968 INFO  storage.RaftStorageDirectory (RaftStorageDirectory.java:tryLock(328)) - Lock on /workdir/hadoop-ozone/integration-test/target/test-dir/MiniOzoneClusterImpl-42384d6b-b67d-4fd2-8a74-534ae66fc332/datanode-2/data/ratis/ea9aa92a-d065-4e26-ae30-2bbf3a396a15/in_use.lock acquired by nodename 9017@byscane-nightly-d7s94-1643579034
2019-07-30 19:25:06,974 INFO  storage.RaftStorage (RaftStorage.java:format(72)) - Storage directory /workdir/hadoop-ozone/integration-test/target/test-dir/MiniOzoneClusterImpl-42384d6b-b67d-4fd2-8a74-534ae66fc332/datanode-2/data/ratis/ea9aa92a-d065-4e26-ae30-2bbf3a396a15 has been successfully formatted.
2019-07-30 19:25:06,974 INFO  storage.RaftStorage (RaftStorage.java:format(72)) - Storage directory /workdir/hadoop-ozone/integration-test/target/test-dir/MiniOzoneClusterImpl-42384d6b-b67d-4fd2-8a74-534ae66fc332/datanode-0/data/ratis/ea9aa92a-d065-4e26-ae30-2bbf3a396a15 has been successfully formatted.
2019-07-30 19:25:06,975 INFO  ratis.ContainerStateMachine (ContainerStateMachine.java:loadSnapshot(213)) - group-2BBF3A396A15: The snapshot info is null. Setting the last applied indexto:(t:0, i:~)
2019-07-30 19:25:06,974 INFO  storage.RaftStorage (RaftStorage.java:format(72)) - Storage directory /workdir/hadoop-ozone/integration-test/target/test-dir/MiniOzoneClusterImpl-42384d6b-b67d-4fd2-8a74-534ae66fc332/datanode-5/data/ratis/ea9aa92a-d065-4e26-ae30-2bbf3a396a15 has been successfully formatted.
2019-07-30 19:25:06,977 INFO  ratis.ContainerStateMachine (ContainerStateMachine.java:loadSnapshot(213)) - group-2BBF3A396A15: The snapshot info is null. Setting the last applied indexto:(t:0, i:~)
2019-07-30 19:25:06,977 INFO  server.RaftServerConfigKeys (ConfUtils.java:logGet(43)) - raft.server.leader.election.timeout = 120s (custom)
2019-07-30 19:25:06,977 INFO  server.RaftServerConfigKeys (ConfUtils.java:logGet(43)) - raft.server.leader.election.timeout = 120s (custom)
2019-07-30 19:25:06,977 INFO  ratis.ContainerStateMachine (ContainerStateMachine.java:loadSnapshot(213)) - group-2BBF3A396A15: The snapshot info is null. Setting the last applied indexto:(t:0, i:~)
2019-07-30 19:25:06,977 INFO  server.RaftServerConfigKeys (ConfUtils.java:logGet(43)) - raft.server.log.use.memory = false (default)
2019-07-30 19:25:06,977 INFO  server.RaftServerConfigKeys (ConfUtils.java:logGet(43)) - raft.server.log.use.memory = false (default)
2019-07-30 19:25:06,978 INFO  server.RaftServerConfigKeys (ConfUtils.java:logGet(43)) - raft.server.log.purge.gap = 1000000000 (custom)
2019-07-30 19:25:06,977 INFO  server.RaftServerConfigKeys (ConfUtils.java:logGet(43)) - raft.server.leader.election.timeout = 120s (custom)
2019-07-30 19:25:06,978 INFO  server.RaftServerConfigKeys (ConfUtils.java:logGet(43)) - raft.server.log.appender.buffer.byte-limit = 33554432 (custom)
2019-07-30 19:25:06,978 INFO  server.RaftServerConfigKeys (ConfUtils.java:logGet(43)) - raft.server.log.purge.gap = 1000000000 (custom)
2019-07-30 19:25:06,978 INFO  server.RaftServerConfigKeys (ConfUtils.java:logGet(43)) - raft.server.log.segment.size.max = 1048576 (custom)
2019-07-30 19:25:06,978 INFO  server.RaftServerConfigKeys (ConfUtils.java:logGet(43)) - raft.server.log.use.memory = false (default)
2019-07-30 19:25:06,978 INFO  server.RaftServerConfigKeys (ConfUtils.java:logGet(43)) - raft.server.log.segment.cache.num.max = 2 (custom)
2019-07-30 19:25:06,978 INFO  server.RaftServerConfigKeys (ConfUtils.java:logGet(43)) - raft.server.log.appender.buffer.byte-limit = 33554432 (custom)
2019-07-30 19:25:06,979 INFO  segmented.SegmentedRaftLogWorker (SegmentedRaftLogWorker.java:<init>(172)) - new 88fcb211-bcbb-4f9e-96ff-cf1ee420930f-SegmentedRaftLogWorker:Storage Directory /workdir/hadoop-ozone/integration-test/target/test-dir/MiniOzoneClusterImpl-42384d6b-b67d-4fd2-8a74-534ae66fc332/datanode-0/data/ratis/ea9aa92a-d065-4e26-ae30-2bbf3a396a15 for RaftStorage:Storage Directory /workdir/hadoop-ozone/integration-test/target/test-dir/MiniOzoneClusterImpl-42384d6b-b67d-4fd2-8a74-534ae66fc332/datanode-0/data/ratis/ea9aa92a-d065-4e26-ae30-2bbf3a396a15
2019-07-30 19:25:06,979 INFO  server.RaftServerConfigKeys (ConfUtils.java:logGet(43)) - raft.server.log.purge.gap = 1000000000 (custom)
2019-07-30 19:25:06,979 INFO  server.RaftServerConfigKeys (ConfUtils.java:logGet(43)) - raft.server.log.queue.byte-limit = 2147483647 (custom)
2019-07-30 19:25:06,979 INFO  server.RaftServerConfigKeys (ConfUtils.java:logGet(43)) - raft.server.log.segment.size.max = 1048576 (custom)
2019-07-30 19:25:06,981 INFO  server.RaftServerConfigKeys (ConfUtils.java:logGet(43)) - raft.server.log.queue.element-limit = 1024 (custom)
2019-07-30 19:25:06,981 INFO  server.RaftServerConfigKeys (ConfUtils.java:logGet(43)) - raft.server.log.appender.buffer.byte-limit = 33554432 (custom)
2019-07-30 19:25:06,981 INFO  server.RaftServerConfigKeys (ConfUtils.java:logGet(43)) - raft.server.log.segment.size.max = 1048576 (custom)
2019-07-30 19:25:06,981 INFO  server.RaftServerConfigKeys (ConfUtils.java:logGet(43)) - raft.server.log.segment.cache.num.max = 2 (custom)
2019-07-30 19:25:06,981 INFO  server.RaftServerConfigKeys (ConfUtils.java:logGet(43)) - raft.server.log.preallocated.size = 16384 (custom)
2019-07-30 19:25:06,981 INFO  server.RaftServerConfigKeys (ConfUtils.java:logGet(43)) - raft.server.log.segment.size.max = 1048576 (custom)
2019-07-30 19:25:06,982 INFO  server.RaftServerConfigKeys (ConfUtils.java:logGet(43)) - raft.server.log.write.buffer.size = 33554432 (custom)
2019-07-30 19:25:06,981 INFO  segmented.SegmentedRaftLogWorker (SegmentedRaftLogWorker.java:<init>(172)) - new 6a4f679e-aef1-4eca-876c-0e3691f93789-SegmentedRaftLogWorker:Storage Directory /workdir/hadoop-ozone/integration-test/target/test-dir/MiniOzoneClusterImpl-42384d6b-b67d-4fd2-8a74-534ae66fc332/datanode-2/data/ratis/ea9aa92a-d065-4e26-ae30-2bbf3a396a15 for RaftStorage:Storage Directory /workdir/hadoop-ozone/integration-test/target/test-dir/MiniOzoneClusterImpl-42384d6b-b67d-4fd2-8a74-534ae66fc332/datanode-2/data/ratis/ea9aa92a-d065-4e26-ae30-2bbf3a396a15
2019-07-30 19:25:06,984 INFO  server.RaftServerConfigKeys (ConfUtils.java:logGet(43)) - raft.server.log.force.sync.num = 128 (default)
2019-07-30 19:25:06,982 INFO  server.RaftServerConfigKeys (ConfUtils.java:logGet(43)) - raft.server.log.segment.cache.num.max = 2 (custom)
2019-07-30 19:25:06,984 INFO  server.RaftServerConfigKeys (ConfUtils.java:logGet(43)) - raft.server.log.statemachine.data.sync = true (default)
2019-07-30 19:25:06,984 INFO  server.RaftServerConfigKeys (ConfUtils.java:logGet(43)) - raft.server.log.queue.byte-limit = 2147483647 (custom)
2019-07-30 19:25:06,986 INFO  server.RaftServerConfigKeys (ConfUtils.java:logGet(43)) - raft.server.log.statemachine.data.sync.timeout = 10s (default)
2019-07-30 19:25:06,986 INFO  segmented.SegmentedRaftLogWorker (SegmentedRaftLogWorker.java:<init>(172)) - new 70a1bb6b-0f49-4c42-8ee2-19d04b813aa0-SegmentedRaftLogWorker:Storage Directory /workdir/hadoop-ozone/integration-test/target/test-dir/MiniOzoneClusterImpl-42384d6b-b67d-4fd2-8a74-534ae66fc332/datanode-5/data/ratis/ea9aa92a-d065-4e26-ae30-2bbf3a396a15 for RaftStorage:Storage Directory /workdir/hadoop-ozone/integration-test/target/test-dir/MiniOzoneClusterImpl-42384d6b-b67d-4fd2-8a74-534ae66fc332/datanode-5/data/ratis/ea9aa92a-d065-4e26-ae30-2bbf3a396a15
2019-07-30 19:25:06,987 INFO  server.RaftServerConfigKeys (ConfUtils.java:logGet(43)) - raft.server.log.statemachine.data.sync.timeout.retry = -1 (default)
2019-07-30 19:25:06,987 INFO  server.RaftServerConfigKeys (ConfUtils.java:logGet(43)) - raft.server.log.queue.byte-limit = 2147483647 (custom)
2019-07-30 19:25:06,986 INFO  server.RaftServerConfigKeys (ConfUtils.java:logGet(43)) - raft.server.log.queue.element-limit = 1024 (custom)
2019-07-30 19:25:06,989 INFO  server.RaftServerConfigKeys (ConfUtils.java:logGet(43)) - raft.server.log.queue.element-limit = 1024 (custom)
2019-07-30 19:25:06,988 INFO  server.RaftServerConfigKeys (ConfUtils.java:logGet(43)) - raft.server.log.statemachine.data.caching.enabled = true (custom)
2019-07-30 19:25:06,989 INFO  server.RaftServerConfigKeys (ConfUtils.java:logGet(43)) - raft.server.log.segment.size.max = 1048576 (custom)
2019-07-30 19:25:06,989 INFO  server.RaftServerConfigKeys (ConfUtils.java:logGet(43)) - raft.server.log.segment.size.max = 1048576 (custom)
2019-07-30 19:25:06,989 INFO  server.RaftServerConfigKeys (ConfUtils.java:logGet(43)) - raft.server.log.preallocated.size = 16384 (custom)
2019-07-30 19:25:06,989 INFO  segmented.SegmentedRaftLogWorker (SegmentedRaftLogWorker.java:lambda$new$0(132)) - 88fcb211-bcbb-4f9e-96ff-cf1ee420930f-SegmentedRaftLogWorker:Storage Directory /workdir/hadoop-ozone/integration-test/target/test-dir/MiniOzoneClusterImpl-42384d6b-b67d-4fd2-8a74-534ae66fc332/datanode-0/data/ratis/ea9aa92a-d065-4e26-ae30-2bbf3a396a15: flushIndex: setUnconditionally 0 -> -1
2019-07-30 19:25:06,989 INFO  server.RaftServerConfigKeys (ConfUtils.java:logGet(43)) - raft.server.log.preallocated.size = 16384 (custom)
2019-07-30 19:25:06,989 INFO  server.RaftServerConfigKeys (ConfUtils.java:logGet(43)) - raft.server.log.write.buffer.size = 33554432 (custom)
2019-07-30 19:25:06,990 INFO  server.RaftServerConfigKeys (ConfUtils.java:logGet(43)) - raft.server.snapshot.auto.trigger.enabled = true (custom)
2019-07-30 19:25:06,990 INFO  server.RaftServerConfigKeys (ConfUtils.java:logGet(43)) - raft.server.log.write.buffer.size = 33554432 (custom)
2019-07-30 19:25:06,990 INFO  server.RaftServerConfigKeys (ConfUtils.java:logGet(43)) - raft.server.snapshot.auto.trigger.threshold = 10000 (custom)
2019-07-30 19:25:06,990 INFO  server.RaftServerConfigKeys (ConfUtils.java:logGet(43)) - raft.server.log.force.sync.num = 128 (default)
2019-07-30 19:25:06,990 INFO  server.RaftServerConfigKeys (ConfUtils.java:logGet(43)) - raft.server.retrycache.expirytime = 600000ms (custom)
2019-07-30 19:25:06,990 INFO  server.RaftServerConfigKeys (ConfUtils.java:logGet(43)) - raft.server.log.force.sync.num = 128 (default)
2019-07-30 19:25:06,991 INFO  server.RaftServerConfigKeys (ConfUtils.java:logGet(43)) - raft.server.log.statemachine.data.sync = true (default)
2019-07-30 19:25:06,991 INFO  impl.RaftServerImpl (RaftServerImpl.java:start(180)) - 88fcb211-bcbb-4f9e-96ff-cf1ee420930f: start group-2BBF3A396A15
2019-07-30 19:25:06,991 INFO  server.RaftServerConfigKeys (ConfUtils.java:logGet(43)) - raft.server.log.statemachine.data.sync = true (default)
2019-07-30 19:25:06,991 INFO  impl.RaftServerImpl (RaftServerImpl.java:setRole(171)) - 88fcb211-bcbb-4f9e-96ff-cf1ee420930f:group-2BBF3A396A15 changes role from null to FOLLOWER at term 0 for startAsFollower
2019-07-30 19:25:06,991 INFO  server.RaftServerConfigKeys (ConfUtils.java:logGet(43)) - raft.server.log.statemachine.data.sync.timeout = 10s (default)
2019-07-30 19:25:06,991 INFO  impl.RoleInfo (RoleInfo.java:updateAndGet(143)) - 88fcb211-bcbb-4f9e-96ff-cf1ee420930f: start FollowerState
2019-07-30 19:25:06,991 INFO  server.RaftServerConfigKeys (ConfUtils.java:logGet(43)) - raft.server.log.statemachine.data.sync.timeout = 10s (default)
2019-07-30 19:25:06,991 INFO  server.RaftServerConfigKeys (ConfUtils.java:logGet(43)) - raft.server.log.statemachine.data.sync.timeout.retry = -1 (default)
2019-07-30 19:25:06,992 INFO  server.RaftServerConfigKeys (ConfUtils.java:logGet(43)) - raft.server.log.statemachine.data.sync.timeout.retry = -1 (default)
2019-07-30 19:25:06,992 INFO  server.RaftServerConfigKeys (ConfUtils.java:logGet(43)) - raft.server.log.statemachine.data.caching.enabled = true (custom)
2019-07-30 19:25:06,992 INFO  util.JmxRegister (JmxRegister.java:tryRegister(44)) - Successfully registered JMX Bean with object name Ratis:service=RaftServer,group=group-2BBF3A396A15,id=88fcb211-bcbb-4f9e-96ff-cf1ee420930f
2019-07-30 19:25:06,992 INFO  server.RaftServerConfigKeys (ConfUtils.java:logGet(43)) - raft.server.log.statemachine.data.caching.enabled = true (custom)
2019-07-30 19:25:06,992 INFO  segmented.SegmentedRaftLogWorker (SegmentedRaftLogWorker.java:lambda$new$0(132)) - 70a1bb6b-0f49-4c42-8ee2-19d04b813aa0-SegmentedRaftLogWorker:Storage Directory /workdir/hadoop-ozone/integration-test/target/test-dir/MiniOzoneClusterImpl-42384d6b-b67d-4fd2-8a74-534ae66fc332/datanode-5/data/ratis/ea9aa92a-d065-4e26-ae30-2bbf3a396a15: flushIndex: setUnconditionally 0 -> -1
2019-07-30 19:25:06,992 INFO  segmented.SegmentedRaftLogWorker (SegmentedRaftLogWorker.java:lambda$new$0(132)) - 6a4f679e-aef1-4eca-876c-0e3691f93789-SegmentedRaftLogWorker:Storage Directory /workdir/hadoop-ozone/integration-test/target/test-dir/MiniOzoneClusterImpl-42384d6b-b67d-4fd2-8a74-534ae66fc332/datanode-2/data/ratis/ea9aa92a-d065-4e26-ae30-2bbf3a396a15: flushIndex: setUnconditionally 0 -> -1
2019-07-30 19:25:06,993 INFO  server.RaftServerConfigKeys (ConfUtils.java:logGet(43)) - raft.server.snapshot.auto.trigger.enabled = true (custom)
2019-07-30 19:25:06,993 INFO  server.RaftServerConfigKeys (ConfUtils.java:logGet(43)) - raft.server.snapshot.auto.trigger.enabled = true (custom)
2019-07-30 19:25:06,993 INFO  server.RaftServerConfigKeys (ConfUtils.java:logGet(43)) - raft.server.snapshot.auto.trigger.threshold = 10000 (custom)
2019-07-30 19:25:06,993 INFO  server.RaftServerConfigKeys (ConfUtils.java:logGet(43)) - raft.server.snapshot.auto.trigger.threshold = 10000 (custom)
2019-07-30 19:25:06,993 INFO  server.RaftServerConfigKeys (ConfUtils.java:logGet(43)) - raft.server.retrycache.expirytime = 600000ms (custom)
2019-07-30 19:25:06,993 INFO  server.RaftServerConfigKeys (ConfUtils.java:logGet(43)) - raft.server.retrycache.expirytime = 600000ms (custom)
2019-07-30 19:25:06,993 INFO  impl.RaftServerImpl (RaftServerImpl.java:start(180)) - 70a1bb6b-0f49-4c42-8ee2-19d04b813aa0: start group-2BBF3A396A15
2019-07-30 19:25:06,993 INFO  impl.RaftServerImpl (RaftServerImpl.java:start(180)) - 6a4f679e-aef1-4eca-876c-0e3691f93789: start group-2BBF3A396A15
2019-07-30 19:25:06,995 INFO  impl.RaftServerImpl (RaftServerImpl.java:setRole(171)) - 70a1bb6b-0f49-4c42-8ee2-19d04b813aa0:group-2BBF3A396A15 changes role from null to FOLLOWER at term 0 for startAsFollower
2019-07-30 19:25:06,995 INFO  impl.RaftServerImpl (RaftServerImpl.java:setRole(171)) - 6a4f679e-aef1-4eca-876c-0e3691f93789:group-2BBF3A396A15 changes role from null to FOLLOWER at term 0 for startAsFollower
2019-07-30 19:25:06,995 INFO  impl.RoleInfo (RoleInfo.java:updateAndGet(143)) - 70a1bb6b-0f49-4c42-8ee2-19d04b813aa0: start FollowerState
2019-07-30 19:25:06,995 INFO  impl.RoleInfo (RoleInfo.java:updateAndGet(143)) - 6a4f679e-aef1-4eca-876c-0e3691f93789: start FollowerState
2019-07-30 19:25:06,996 INFO  util.JmxRegister (JmxRegister.java:tryRegister(44)) - Successfully registered JMX Bean with object name Ratis:service=RaftServer,group=group-2BBF3A396A15,id=70a1bb6b-0f49-4c42-8ee2-19d04b813aa0
2019-07-30 19:25:06,996 INFO  util.JmxRegister (JmxRegister.java:tryRegister(44)) - Successfully registered JMX Bean with object name Ratis:service=RaftServer,group=group-2BBF3A396A15,id=6a4f679e-aef1-4eca-876c-0e3691f93789
2019-07-30 19:25:07,044 INFO  pipeline.PipelineStateManager (PipelineStateManager.java:addPipeline(56)) - Created pipeline Pipeline[ Id: ea9aa92a-d065-4e26-ae30-2bbf3a396a15, Nodes: 6a4f679e-aef1-4eca-876c-0e3691f93789{ip: 192.168.5.147, host: byscane-nightly-d7s94-1643579034, networkLocation: /default-rack, certSerialId: null}70a1bb6b-0f49-4c42-8ee2-19d04b813aa0{ip: 192.168.5.147, host: byscane-nightly-d7s94-1643579034, networkLocation: /default-rack, certSerialId: null}88fcb211-bcbb-4f9e-96ff-cf1ee420930f{ip: 192.168.5.147, host: byscane-nightly-d7s94-1643579034, networkLocation: /default-rack, certSerialId: null}, Type:RATIS, Factor:THREE, State:OPEN]
2019-07-30 19:25:07,082 INFO  impl.RaftServerProxy (RaftServerProxy.java:addNew(89)) - 02c482de-ed81-4a84-8c9f-f8cc8228fdd9: addNew group-AD2141D77F2C:[a142f5ec-8aba-49aa-bcdc-37d1c8969c1d:192.168.5.147:38246, 02c482de-ed81-4a84-8c9f-f8cc8228fdd9:192.168.5.147:34566, 20d3046f-97fb-4e85-81a2-bca6d0aac141:192.168.5.147:44076] returns group-AD2141D77F2C:java.util.concurrent.CompletableFuture@26133fad[Not completed]
2019-07-30 19:25:07,082 INFO  impl.RaftServerProxy (RaftServerProxy.java:addNew(89)) - a142f5ec-8aba-49aa-bcdc-37d1c8969c1d: addNew group-AD2141D77F2C:[a142f5ec-8aba-49aa-bcdc-37d1c8969c1d:192.168.5.147:38246, 02c482de-ed81-4a84-8c9f-f8cc8228fdd9:192.168.5.147:34566, 20d3046f-97fb-4e85-81a2-bca6d0aac141:192.168.5.147:44076] returns group-AD2141D77F2C:java.util.concurrent.CompletableFuture@870191f[Not completed]
2019-07-30 19:25:07,085 INFO  impl.RaftServerProxy (RaftServerProxy.java:addNew(89)) - 20d3046f-97fb-4e85-81a2-bca6d0aac141: addNew group-AD2141D77F2C:[a142f5ec-8aba-49aa-bcdc-37d1c8969c1d:192.168.5.147:38246, 02c482de-ed81-4a84-8c9f-f8cc8228fdd9:192.168.5.147:34566, 20d3046f-97fb-4e85-81a2-bca6d0aac141:192.168.5.147:44076] returns group-AD2141D77F2C:java.util.concurrent.CompletableFuture@74b9d7d[Not completed]
2019-07-30 19:25:07,086 INFO  impl.RaftServerImpl (RaftServerImpl.java:<init>(93)) - a142f5ec-8aba-49aa-bcdc-37d1c8969c1d: new RaftServerImpl for group-AD2141D77F2C:[a142f5ec-8aba-49aa-bcdc-37d1c8969c1d:192.168.5.147:38246, 02c482de-ed81-4a84-8c9f-f8cc8228fdd9:192.168.5.147:34566, 20d3046f-97fb-4e85-81a2-bca6d0aac141:192.168.5.147:44076] with ContainerStateMachine:uninitialized
2019-07-30 19:25:07,086 INFO  server.RaftServerConfigKeys (ConfUtils.java:logGet(43)) - raft.server.rpc.timeout.min = 5s (custom)
2019-07-30 19:25:07,086 INFO  server.RaftServerConfigKeys (ConfUtils.java:logGet(43)) - raft.server.rpc.timeout.max = 5200ms (custom)
2019-07-30 19:25:07,086 INFO  server.RaftServerConfigKeys (ConfUtils.java:logGet(43)) - raft.server.rpcslowness.timeout = 120s (custom)
2019-07-30 19:25:07,086 INFO  server.RaftServerConfigKeys (ConfUtils.java:logGet(43)) - raft.server.sleep.deviation.threshold = 300 (default)
2019-07-30 19:25:07,087 INFO  server.RaftServerConfigKeys (ConfUtils.java:logGet(43)) - raft.server.log.appender.install.snapshot.enabled = false (custom)
2019-07-30 19:25:07,087 INFO  impl.RaftServerImpl (ServerState.java:<init>(105)) - a142f5ec-8aba-49aa-bcdc-37d1c8969c1d:group-AD2141D77F2C ConfigurationManager, init=-1: [a142f5ec-8aba-49aa-bcdc-37d1c8969c1d:192.168.5.147:38246, 02c482de-ed81-4a84-8c9f-f8cc8228fdd9:192.168.5.147:34566, 20d3046f-97fb-4e85-81a2-bca6d0aac141:192.168.5.147:44076], old=null, confs=<EMPTY_MAP>
2019-07-30 19:25:07,087 INFO  impl.RaftServerImpl (RaftServerImpl.java:<init>(93)) - 20d3046f-97fb-4e85-81a2-bca6d0aac141: new RaftServerImpl for group-AD2141D77F2C:[a142f5ec-8aba-49aa-bcdc-37d1c8969c1d:192.168.5.147:38246, 02c482de-ed81-4a84-8c9f-f8cc8228fdd9:192.168.5.147:34566, 20d3046f-97fb-4e85-81a2-bca6d0aac141:192.168.5.147:44076] with ContainerStateMachine:uninitialized
2019-07-30 19:25:07,087 INFO  server.RaftServerConfigKeys (ConfUtils.java:logGet(43)) - raft.server.storage.dir = [/workdir/hadoop-ozone/integration-test/target/test-dir/MiniOzoneClusterImpl-42384d6b-b67d-4fd2-8a74-534ae66fc332/datanode-4/data/ratis] (custom)
2019-07-30 19:25:07,087 INFO  server.RaftServerConfigKeys (ConfUtils.java:logGet(43)) - raft.server.rpc.timeout.min = 5s (custom)
2019-07-30 19:25:07,087 INFO  server.RaftServerConfigKeys (ConfUtils.java:logGet(43)) - raft.server.rpc.timeout.max = 5200ms (custom)
2019-07-30 19:25:07,087 INFO  storage.RaftStorageDirectory (RaftStorageDirectory.java:analyzeStorage(246)) - The storage directory /workdir/hadoop-ozone/integration-test/target/test-dir/MiniOzoneClusterImpl-42384d6b-b67d-4fd2-8a74-534ae66fc332/datanode-4/data/ratis/19cda09f-3940-4229-85ef-ad2141d77f2c does not exist. Creating ...
2019-07-30 19:25:07,087 INFO  server.RaftServerConfigKeys (ConfUtils.java:logGet(43)) - raft.server.rpcslowness.timeout = 120s (custom)
2019-07-30 19:25:07,088 INFO  server.RaftServerConfigKeys (ConfUtils.java:logGet(43)) - raft.server.sleep.deviation.threshold = 300 (default)
2019-07-30 19:25:07,088 INFO  server.RaftServerConfigKeys (ConfUtils.java:logGet(43)) - raft.server.log.appender.install.snapshot.enabled = false (custom)
2019-07-30 19:25:07,088 INFO  impl.RaftServerImpl (RaftServerImpl.java:<init>(93)) - 02c482de-ed81-4a84-8c9f-f8cc8228fdd9: new RaftServerImpl for group-AD2141D77F2C:[a142f5ec-8aba-49aa-bcdc-37d1c8969c1d:192.168.5.147:38246, 02c482de-ed81-4a84-8c9f-f8cc8228fdd9:192.168.5.147:34566, 20d3046f-97fb-4e85-81a2-bca6d0aac141:192.168.5.147:44076] with ContainerStateMachine:uninitialized
2019-07-30 19:25:07,088 INFO  impl.RaftServerImpl (ServerState.java:<init>(105)) - 20d3046f-97fb-4e85-81a2-bca6d0aac141:group-AD2141D77F2C ConfigurationManager, init=-1: [a142f5ec-8aba-49aa-bcdc-37d1c8969c1d:192.168.5.147:38246, 02c482de-ed81-4a84-8c9f-f8cc8228fdd9:192.168.5.147:34566, 20d3046f-97fb-4e85-81a2-bca6d0aac141:192.168.5.147:44076], old=null, confs=<EMPTY_MAP>
2019-07-30 19:25:07,088 INFO  server.RaftServerConfigKeys (ConfUtils.java:logGet(43)) - raft.server.rpc.timeout.min = 5s (custom)
2019-07-30 19:25:07,088 INFO  server.RaftServerConfigKeys (ConfUtils.java:logGet(43)) - raft.server.storage.dir = [/workdir/hadoop-ozone/integration-test/target/test-dir/MiniOzoneClusterImpl-42384d6b-b67d-4fd2-8a74-534ae66fc332/datanode-3/data/ratis] (custom)
2019-07-30 19:25:07,088 INFO  server.RaftServerConfigKeys (ConfUtils.java:logGet(43)) - raft.server.rpc.timeout.max = 5200ms (custom)
2019-07-30 19:25:07,089 INFO  server.RaftServerConfigKeys (ConfUtils.java:logGet(43)) - raft.server.rpcslowness.timeout = 120s (custom)
2019-07-30 19:25:07,089 INFO  storage.RaftStorageDirectory (RaftStorageDirectory.java:analyzeStorage(246)) - The storage directory /workdir/hadoop-ozone/integration-test/target/test-dir/MiniOzoneClusterImpl-42384d6b-b67d-4fd2-8a74-534ae66fc332/datanode-3/data/ratis/19cda09f-3940-4229-85ef-ad2141d77f2c does not exist. Creating ...
2019-07-30 19:25:07,089 INFO  server.RaftServerConfigKeys (ConfUtils.java:logGet(43)) - raft.server.sleep.deviation.threshold = 300 (default)
2019-07-30 19:25:07,089 INFO  server.RaftServerConfigKeys (ConfUtils.java:logGet(43)) - raft.server.log.appender.install.snapshot.enabled = false (custom)
2019-07-30 19:25:07,089 INFO  impl.RaftServerImpl (ServerState.java:<init>(105)) - 02c482de-ed81-4a84-8c9f-f8cc8228fdd9:group-AD2141D77F2C ConfigurationManager, init=-1: [a142f5ec-8aba-49aa-bcdc-37d1c8969c1d:192.168.5.147:38246, 02c482de-ed81-4a84-8c9f-f8cc8228fdd9:192.168.5.147:34566, 20d3046f-97fb-4e85-81a2-bca6d0aac141:192.168.5.147:44076], old=null, confs=<EMPTY_MAP>
2019-07-30 19:25:07,090 INFO  server.RaftServerConfigKeys (ConfUtils.java:logGet(43)) - raft.server.storage.dir = [/workdir/hadoop-ozone/integration-test/target/test-dir/MiniOzoneClusterImpl-42384d6b-b67d-4fd2-8a74-534ae66fc332/datanode-1/data/ratis] (custom)
2019-07-30 19:25:07,090 INFO  storage.RaftStorageDirectory (RaftStorageDirectory.java:analyzeStorage(246)) - The storage directory /workdir/hadoop-ozone/integration-test/target/test-dir/MiniOzoneClusterImpl-42384d6b-b67d-4fd2-8a74-534ae66fc332/datanode-1/data/ratis/19cda09f-3940-4229-85ef-ad2141d77f2c does not exist. Creating ...
2019-07-30 19:25:07,095 INFO  storage.RaftStorageDirectory (RaftStorageDirectory.java:tryLock(328)) - Lock on /workdir/hadoop-ozone/integration-test/target/test-dir/MiniOzoneClusterImpl-42384d6b-b67d-4fd2-8a74-534ae66fc332/datanode-3/data/ratis/19cda09f-3940-4229-85ef-ad2141d77f2c/in_use.lock acquired by nodename 9017@byscane-nightly-d7s94-1643579034
2019-07-30 19:25:07,095 INFO  storage.RaftStorageDirectory (RaftStorageDirectory.java:tryLock(328)) - Lock on /workdir/hadoop-ozone/integration-test/target/test-dir/MiniOzoneClusterImpl-42384d6b-b67d-4fd2-8a74-534ae66fc332/datanode-4/data/ratis/19cda09f-3940-4229-85ef-ad2141d77f2c/in_use.lock acquired by nodename 9017@byscane-nightly-d7s94-1643579034
2019-07-30 19:25:07,095 INFO  storage.RaftStorageDirectory (RaftStorageDirectory.java:tryLock(328)) - Lock on /workdir/hadoop-ozone/integration-test/target/test-dir/MiniOzoneClusterImpl-42384d6b-b67d-4fd2-8a74-534ae66fc332/datanode-1/data/ratis/19cda09f-3940-4229-85ef-ad2141d77f2c/in_use.lock acquired by nodename 9017@byscane-nightly-d7s94-1643579034
2019-07-30 19:25:07,110 INFO  storage.RaftStorage (RaftStorage.java:format(72)) - Storage directory /workdir/hadoop-ozone/integration-test/target/test-dir/MiniOzoneClusterImpl-42384d6b-b67d-4fd2-8a74-534ae66fc332/datanode-1/data/ratis/19cda09f-3940-4229-85ef-ad2141d77f2c has been successfully formatted.
2019-07-30 19:25:07,110 INFO  storage.RaftStorage (RaftStorage.java:format(72)) - Storage directory /workdir/hadoop-ozone/integration-test/target/test-dir/MiniOzoneClusterImpl-42384d6b-b67d-4fd2-8a74-534ae66fc332/datanode-3/data/ratis/19cda09f-3940-4229-85ef-ad2141d77f2c has been successfully formatted.
2019-07-30 19:25:07,110 INFO  storage.RaftStorage (RaftStorage.java:format(72)) - Storage directory /workdir/hadoop-ozone/integration-test/target/test-dir/MiniOzoneClusterImpl-42384d6b-b67d-4fd2-8a74-534ae66fc332/datanode-4/data/ratis/19cda09f-3940-4229-85ef-ad2141d77f2c has been successfully formatted.
2019-07-30 19:25:07,110 INFO  ratis.ContainerStateMachine (ContainerStateMachine.java:loadSnapshot(213)) - group-AD2141D77F2C: The snapshot info is null. Setting the last applied indexto:(t:0, i:~)
2019-07-30 19:25:07,110 INFO  ratis.ContainerStateMachine (ContainerStateMachine.java:loadSnapshot(213)) - group-AD2141D77F2C: The snapshot info is null. Setting the last applied indexto:(t:0, i:~)
2019-07-30 19:25:07,110 INFO  ratis.ContainerStateMachine (ContainerStateMachine.java:loadSnapshot(213)) - group-AD2141D77F2C: The snapshot info is null. Setting the last applied indexto:(t:0, i:~)
2019-07-30 19:25:07,110 INFO  server.RaftServerConfigKeys (ConfUtils.java:logGet(43)) - raft.server.leader.election.timeout = 120s (custom)
2019-07-30 19:25:07,111 INFO  server.RaftServerConfigKeys (ConfUtils.java:logGet(43)) - raft.server.leader.election.timeout = 120s (custom)
2019-07-30 19:25:07,110 INFO  server.RaftServerConfigKeys (ConfUtils.java:logGet(43)) - raft.server.leader.election.timeout = 120s (custom)
2019-07-30 19:25:07,111 INFO  server.RaftServerConfigKeys (ConfUtils.java:logGet(43)) - raft.server.log.use.memory = false (default)
2019-07-30 19:25:07,111 INFO  server.RaftServerConfigKeys (ConfUtils.java:logGet(43)) - raft.server.log.use.memory = false (default)
2019-07-30 19:25:07,111 INFO  server.RaftServerConfigKeys (ConfUtils.java:logGet(43)) - raft.server.log.purge.gap = 1000000000 (custom)
2019-07-30 19:25:07,111 INFO  server.RaftServerConfigKeys (ConfUtils.java:logGet(43)) - raft.server.log.use.memory = false (default)
2019-07-30 19:25:07,112 INFO  server.RaftServerConfigKeys (ConfUtils.java:logGet(43)) - raft.server.log.appender.buffer.byte-limit = 33554432 (custom)
2019-07-30 19:25:07,111 INFO  server.RaftServerConfigKeys (ConfUtils.java:logGet(43)) - raft.server.log.purge.gap = 1000000000 (custom)
2019-07-30 19:25:07,112 INFO  server.RaftServerConfigKeys (ConfUtils.java:logGet(43)) - raft.server.log.segment.size.max = 1048576 (custom)
2019-07-30 19:25:07,112 INFO  server.RaftServerConfigKeys (ConfUtils.java:logGet(43)) - raft.server.log.purge.gap = 1000000000 (custom)
2019-07-30 19:25:07,112 INFO  server.RaftServerConfigKeys (ConfUtils.java:logGet(43)) - raft.server.log.segment.cache.num.max = 2 (custom)
2019-07-30 19:25:07,112 INFO  server.RaftServerConfigKeys (ConfUtils.java:logGet(43)) - raft.server.log.appender.buffer.byte-limit = 33554432 (custom)
2019-07-30 19:25:07,112 INFO  segmented.SegmentedRaftLogWorker (SegmentedRaftLogWorker.java:<init>(172)) - new a142f5ec-8aba-49aa-bcdc-37d1c8969c1d-SegmentedRaftLogWorker:Storage Directory /workdir/hadoop-ozone/integration-test/target/test-dir/MiniOzoneClusterImpl-42384d6b-b67d-4fd2-8a74-534ae66fc332/datanode-4/data/ratis/19cda09f-3940-4229-85ef-ad2141d77f2c for RaftStorage:Storage Directory /workdir/hadoop-ozone/integration-test/target/test-dir/MiniOzoneClusterImpl-42384d6b-b67d-4fd2-8a74-534ae66fc332/datanode-4/data/ratis/19cda09f-3940-4229-85ef-ad2141d77f2c
2019-07-30 19:25:07,112 INFO  server.RaftServerConfigKeys (ConfUtils.java:logGet(43)) - raft.server.log.appender.buffer.byte-limit = 33554432 (custom)
2019-07-30 19:25:07,113 INFO  server.RaftServerConfigKeys (ConfUtils.java:logGet(43)) - raft.server.log.queue.byte-limit = 2147483647 (custom)
2019-07-30 19:25:07,113 INFO  server.RaftServerConfigKeys (ConfUtils.java:logGet(43)) - raft.server.log.segment.size.max = 1048576 (custom)
2019-07-30 19:25:07,116 INFO  server.RaftServerConfigKeys (ConfUtils.java:logGet(43)) - raft.server.log.queue.element-limit = 1024 (custom)
2019-07-30 19:25:07,113 INFO  server.RaftServerConfigKeys (ConfUtils.java:logGet(43)) - raft.server.log.segment.size.max = 1048576 (custom)
2019-07-30 19:25:07,116 INFO  server.RaftServerConfigKeys (ConfUtils.java:logGet(43)) - raft.server.log.segment.size.max = 1048576 (custom)
2019-07-30 19:25:07,116 INFO  server.RaftServerConfigKeys (ConfUtils.java:logGet(43)) - raft.server.log.segment.cache.num.max = 2 (custom)
2019-07-30 19:25:07,116 INFO  server.RaftServerConfigKeys (ConfUtils.java:logGet(43)) - raft.server.log.preallocated.size = 16384 (custom)
2019-07-30 19:25:07,116 INFO  server.RaftServerConfigKeys (ConfUtils.java:logGet(43)) - raft.server.log.segment.cache.num.max = 2 (custom)
2019-07-30 19:25:07,117 INFO  server.RaftServerConfigKeys (ConfUtils.java:logGet(43)) - raft.server.log.write.buffer.size = 33554432 (custom)
2019-07-30 19:25:07,116 INFO  segmented.SegmentedRaftLogWorker (SegmentedRaftLogWorker.java:<init>(172)) - new 02c482de-ed81-4a84-8c9f-f8cc8228fdd9-SegmentedRaftLogWorker:Storage Directory /workdir/hadoop-ozone/integration-test/target/test-dir/MiniOzoneClusterImpl-42384d6b-b67d-4fd2-8a74-534ae66fc332/datanode-1/data/ratis/19cda09f-3940-4229-85ef-ad2141d77f2c for RaftStorage:Storage Directory /workdir/hadoop-ozone/integration-test/target/test-dir/MiniOzoneClusterImpl-42384d6b-b67d-4fd2-8a74-534ae66fc332/datanode-1/data/ratis/19cda09f-3940-4229-85ef-ad2141d77f2c
2019-07-30 19:25:07,117 INFO  server.RaftServerConfigKeys (ConfUtils.java:logGet(43)) - raft.server.log.force.sync.num = 128 (default)
2019-07-30 19:25:07,117 INFO  segmented.SegmentedRaftLogWorker (SegmentedRaftLogWorker.java:<init>(172)) - new 20d3046f-97fb-4e85-81a2-bca6d0aac141-SegmentedRaftLogWorker:Storage Directory /workdir/hadoop-ozone/integration-test/target/test-dir/MiniOzoneClusterImpl-42384d6b-b67d-4fd2-8a74-534ae66fc332/datanode-3/data/ratis/19cda09f-3940-4229-85ef-ad2141d77f2c for RaftStorage:Storage Directory /workdir/hadoop-ozone/integration-test/target/test-dir/MiniOzoneClusterImpl-42384d6b-b67d-4fd2-8a74-534ae66fc332/datanode-3/data/ratis/19cda09f-3940-4229-85ef-ad2141d77f2c
2019-07-30 19:25:07,117 INFO  server.RaftServerConfigKeys (ConfUtils.java:logGet(43)) - raft.server.log.statemachine.data.sync = true (default)
2019-07-30 19:25:07,117 INFO  server.RaftServerConfigKeys (ConfUtils.java:logGet(43)) - raft.server.log.queue.byte-limit = 2147483647 (custom)
2019-07-30 19:25:07,121 INFO  server.RaftServerConfigKeys (ConfUtils.java:logGet(43)) - raft.server.log.statemachine.data.sync.timeout = 10s (default)
2019-07-30 19:25:07,119 INFO  server.RaftServerConfigKeys (ConfUtils.java:logGet(43)) - raft.server.log.queue.byte-limit = 2147483647 (custom)
2019-07-30 19:25:07,122 INFO  server.RaftServerConfigKeys (ConfUtils.java:logGet(43)) - raft.server.log.statemachine.data.sync.timeout.retry = -1 (default)
2019-07-30 19:25:07,121 INFO  server.RaftServerConfigKeys (ConfUtils.java:logGet(43)) - raft.server.log.queue.element-limit = 1024 (custom)
2019-07-30 19:25:07,122 INFO  server.RaftServerConfigKeys (ConfUtils.java:logGet(43)) - raft.server.log.queue.element-limit = 1024 (custom)
2019-07-30 19:25:07,122 INFO  server.RaftServerConfigKeys (ConfUtils.java:logGet(43)) - raft.server.log.segment.size.max = 1048576 (custom)
2019-07-30 19:25:07,122 INFO  server.RaftServerConfigKeys (ConfUtils.java:logGet(43)) - raft.server.log.statemachine.data.caching.enabled = true (custom)
2019-07-30 19:25:07,123 INFO  server.RaftServerConfigKeys (ConfUtils.java:logGet(43)) - raft.server.log.preallocated.size = 16384 (custom)
2019-07-30 19:25:07,122 INFO  server.RaftServerConfigKeys (ConfUtils.java:logGet(43)) - raft.server.log.segment.size.max = 1048576 (custom)
2019-07-30 19:25:07,123 INFO  segmented.SegmentedRaftLogWorker (SegmentedRaftLogWorker.java:lambda$new$0(132)) - a142f5ec-8aba-49aa-bcdc-37d1c8969c1d-SegmentedRaftLogWorker:Storage Directory /workdir/hadoop-ozone/integration-test/target/test-dir/MiniOzoneClusterImpl-42384d6b-b67d-4fd2-8a74-534ae66fc332/datanode-4/data/ratis/19cda09f-3940-4229-85ef-ad2141d77f2c: flushIndex: setUnconditionally 0 -> -1
2019-07-30 19:25:07,123 INFO  server.RaftServerConfigKeys (ConfUtils.java:logGet(43)) - raft.server.log.write.buffer.size = 33554432 (custom)
2019-07-30 19:25:07,123 INFO  server.RaftServerConfigKeys (ConfUtils.java:logGet(43)) - raft.server.log.preallocated.size = 16384 (custom)
2019-07-30 19:25:07,123 INFO  server.RaftServerConfigKeys (ConfUtils.java:logGet(43)) - raft.server.snapshot.auto.trigger.enabled = true (custom)
2019-07-30 19:25:07,123 INFO  server.RaftServerConfigKeys (ConfUtils.java:logGet(43)) - raft.server.log.force.sync.num = 128 (default)
2019-07-30 19:25:07,124 INFO  server.RaftServerConfigKeys (ConfUtils.java:logGet(43)) - raft.server.snapshot.auto.trigger.threshold = 10000 (custom)
2019-07-30 19:25:07,123 INFO  server.RaftServerConfigKeys (ConfUtils.java:logGet(43)) - raft.server.log.write.buffer.size = 33554432 (custom)
2019-07-30 19:25:07,124 INFO  server.RaftServerConfigKeys (ConfUtils.java:logGet(43)) - raft.server.retrycache.expirytime = 600000ms (custom)
2019-07-30 19:25:07,124 INFO  server.RaftServerConfigKeys (ConfUtils.java:logGet(43)) - raft.server.log.statemachine.data.sync = true (default)
2019-07-30 19:25:07,124 INFO  server.RaftServerConfigKeys (ConfUtils.java:logGet(43)) - raft.server.log.force.sync.num = 128 (default)
2019-07-30 19:25:07,124 INFO  impl.RaftServerImpl (RaftServerImpl.java:start(180)) - a142f5ec-8aba-49aa-bcdc-37d1c8969c1d: start group-AD2141D77F2C
2019-07-30 19:25:07,124 INFO  server.RaftServerConfigKeys (ConfUtils.java:logGet(43)) - raft.server.log.statemachine.data.sync.timeout = 10s (default)
2019-07-30 19:25:07,125 INFO  impl.RaftServerImpl (RaftServerImpl.java:setRole(171)) - a142f5ec-8aba-49aa-bcdc-37d1c8969c1d:group-AD2141D77F2C changes role from null to FOLLOWER at term 0 for startAsFollower
2019-07-30 19:25:07,125 INFO  server.RaftServerConfigKeys (ConfUtils.java:logGet(43)) - raft.server.log.statemachine.data.sync = true (default)
2019-07-30 19:25:07,125 INFO  impl.RoleInfo (RoleInfo.java:updateAndGet(143)) - a142f5ec-8aba-49aa-bcdc-37d1c8969c1d: start FollowerState
2019-07-30 19:25:07,125 INFO  server.RaftServerConfigKeys (ConfUtils.java:logGet(43)) - raft.server.log.statemachine.data.sync.timeout.retry = -1 (default)
2019-07-30 19:25:07,125 INFO  server.RaftServerConfigKeys (ConfUtils.java:logGet(43)) - raft.server.log.statemachine.data.sync.timeout = 10s (default)
2019-07-30 19:25:07,126 INFO  util.JmxRegister (JmxRegister.java:tryRegister(44)) - Successfully registered JMX Bean with object name Ratis:service=RaftServer,group=group-AD2141D77F2C,id=a142f5ec-8aba-49aa-bcdc-37d1c8969c1d
2019-07-30 19:25:07,126 INFO  server.RaftServerConfigKeys (ConfUtils.java:logGet(43)) - raft.server.log.statemachine.data.caching.enabled = true (custom)
2019-07-30 19:25:07,126 INFO  server.RaftServerConfigKeys (ConfUtils.java:logGet(43)) - raft.server.log.statemachine.data.sync.timeout.retry = -1 (default)
2019-07-30 19:25:07,126 INFO  segmented.SegmentedRaftLogWorker (SegmentedRaftLogWorker.java:lambda$new$0(132)) - 02c482de-ed81-4a84-8c9f-f8cc8228fdd9-SegmentedRaftLogWorker:Storage Directory /workdir/hadoop-ozone/integration-test/target/test-dir/MiniOzoneClusterImpl-42384d6b-b67d-4fd2-8a74-534ae66fc332/datanode-1/data/ratis/19cda09f-3940-4229-85ef-ad2141d77f2c: flushIndex: setUnconditionally 0 -> -1
2019-07-30 19:25:07,127 INFO  server.RaftServerConfigKeys (ConfUtils.java:logGet(43)) - raft.server.snapshot.auto.trigger.enabled = true (custom)
2019-07-30 19:25:07,127 INFO  server.RaftServerConfigKeys (ConfUtils.java:logGet(43)) - raft.server.log.statemachine.data.caching.enabled = true (custom)
2019-07-30 19:25:07,127 INFO  server.RaftServerConfigKeys (ConfUtils.java:logGet(43)) - raft.server.snapshot.auto.trigger.threshold = 10000 (custom)
2019-07-30 19:25:07,127 INFO  server.RaftServerConfigKeys (ConfUtils.java:logGet(43)) - raft.server.retrycache.expirytime = 600000ms (custom)
2019-07-30 19:25:07,127 INFO  segmented.SegmentedRaftLogWorker (SegmentedRaftLogWorker.java:lambda$new$0(132)) - 20d3046f-97fb-4e85-81a2-bca6d0aac141-SegmentedRaftLogWorker:Storage Directory /workdir/hadoop-ozone/integration-test/target/test-dir/MiniOzoneClusterImpl-42384d6b-b67d-4fd2-8a74-534ae66fc332/datanode-3/data/ratis/19cda09f-3940-4229-85ef-ad2141d77f2c: flushIndex: setUnconditionally 0 -> -1
2019-07-30 19:25:07,127 INFO  impl.RaftServerImpl (RaftServerImpl.java:start(180)) - 02c482de-ed81-4a84-8c9f-f8cc8228fdd9: start group-AD2141D77F2C
2019-07-30 19:25:07,128 INFO  impl.RaftServerImpl (RaftServerImpl.java:setRole(171)) - 02c482de-ed81-4a84-8c9f-f8cc8228fdd9:group-AD2141D77F2C changes role from null to FOLLOWER at term 0 for startAsFollower
2019-07-30 19:25:07,128 INFO  server.RaftServerConfigKeys (ConfUtils.java:logGet(43)) - raft.server.snapshot.auto.trigger.enabled = true (custom)
2019-07-30 19:25:07,128 INFO  impl.RoleInfo (RoleInfo.java:updateAndGet(143)) - 02c482de-ed81-4a84-8c9f-f8cc8228fdd9: start FollowerState
2019-07-30 19:25:07,128 INFO  server.RaftServerConfigKeys (ConfUtils.java:logGet(43)) - raft.server.snapshot.auto.trigger.threshold = 10000 (custom)
2019-07-30 19:25:07,130 INFO  server.RaftServerConfigKeys (ConfUtils.java:logGet(43)) - raft.server.retrycache.expirytime = 600000ms (custom)
2019-07-30 19:25:07,130 INFO  util.JmxRegister (JmxRegister.java:tryRegister(44)) - Successfully registered JMX Bean with object name Ratis:service=RaftServer,group=group-AD2141D77F2C,id=02c482de-ed81-4a84-8c9f-f8cc8228fdd9
2019-07-30 19:25:07,132 INFO  impl.RaftServerImpl (RaftServerImpl.java:start(180)) - 20d3046f-97fb-4e85-81a2-bca6d0aac141: start group-AD2141D77F2C
2019-07-30 19:25:07,132 INFO  impl.RaftServerImpl (RaftServerImpl.java:setRole(171)) - 20d3046f-97fb-4e85-81a2-bca6d0aac141:group-AD2141D77F2C changes role from null to FOLLOWER at term 0 for startAsFollower
2019-07-30 19:25:07,132 INFO  impl.RoleInfo (RoleInfo.java:updateAndGet(143)) - 20d3046f-97fb-4e85-81a2-bca6d0aac141: start FollowerState
2019-07-30 19:25:07,135 INFO  util.JmxRegister (JmxRegister.java:tryRegister(44)) - Successfully registered JMX Bean with object name Ratis:service=RaftServer,group=group-AD2141D77F2C,id=20d3046f-97fb-4e85-81a2-bca6d0aac141
2019-07-30 19:25:07,153 INFO  pipeline.PipelineStateManager (PipelineStateManager.java:addPipeline(56)) - Created pipeline Pipeline[ Id: 19cda09f-3940-4229-85ef-ad2141d77f2c, Nodes: a142f5ec-8aba-49aa-bcdc-37d1c8969c1d{ip: 192.168.5.147, host: byscane-nightly-d7s94-1643579034, networkLocation: /default-rack, certSerialId: null}02c482de-ed81-4a84-8c9f-f8cc8228fdd9{ip: 192.168.5.147, host: byscane-nightly-d7s94-1643579034, networkLocation: /default-rack, certSerialId: null}20d3046f-97fb-4e85-81a2-bca6d0aac141{ip: 192.168.5.147, host: byscane-nightly-d7s94-1643579034, networkLocation: /default-rack, certSerialId: null}, Type:RATIS, Factor:THREE, State:OPEN]
2019-07-30 19:25:07,310 INFO  impl.MetricsSystemImpl (MetricsSystemImpl.java:init(158)) - XceiverClientMetrics metrics system started (again)
2019-07-30 19:25:07,434 INFO  client.GrpcClientProtocolClient (GrpcClientProtocolClient.java:onNext(255)) - client-A96214E1DBD7->a142f5ec-8aba-49aa-bcdc-37d1c8969c1d: receive RaftClientReply:client-A96214E1DBD7->a142f5ec-8aba-49aa-bcdc-37d1c8969c1d@group-AD2141D77F2C, cid=12, FAILED org.apache.ratis.protocol.NotLeaderException: Server a142f5ec-8aba-49aa-bcdc-37d1c8969c1d is not the leader (null). Request must be sent to leader., logIndex=0, commits[a142f5ec-8aba-49aa-bcdc-37d1c8969c1d:c-1]
2019-07-30 19:25:08,245 INFO  container.ReplicationManager (ReplicationManager.java:start(155)) - Starting Replication Monitor Thread.
2019-07-30 19:25:08,250 INFO  container.ReplicationManager (ReplicationManager.java:run(207)) - Replication Monitor Thread took 5 milliseconds for processing 1 containers.
2019-07-30 19:25:08,496 INFO  client.GrpcClientProtocolClient (GrpcClientProtocolClient.java:onNext(255)) - client-A96214E1DBD7->20d3046f-97fb-4e85-81a2-bca6d0aac141: receive RaftClientReply:client-A96214E1DBD7->20d3046f-97fb-4e85-81a2-bca6d0aac141@group-AD2141D77F2C, cid=12, FAILED org.apache.ratis.protocol.NotLeaderException: Server 20d3046f-97fb-4e85-81a2-bca6d0aac141 is not the leader (null). Request must be sent to leader., logIndex=0, commits[20d3046f-97fb-4e85-81a2-bca6d0aac141:c-1]
2019-07-30 19:25:09,533 INFO  client.GrpcClientProtocolClient (GrpcClientProtocolClient.java:onNext(255)) - client-A96214E1DBD7->a142f5ec-8aba-49aa-bcdc-37d1c8969c1d: receive RaftClientReply:client-A96214E1DBD7->a142f5ec-8aba-49aa-bcdc-37d1c8969c1d@group-AD2141D77F2C, cid=12, FAILED org.apache.ratis.protocol.NotLeaderException: Server a142f5ec-8aba-49aa-bcdc-37d1c8969c1d is not the leader (null). Request must be sent to leader., logIndex=0, commits[a142f5ec-8aba-49aa-bcdc-37d1c8969c1d:c-1]
2019-07-30 19:25:10,578 INFO  client.GrpcClientProtocolClient (GrpcClientProtocolClient.java:onNext(255)) - client-A96214E1DBD7->20d3046f-97fb-4e85-81a2-bca6d0aac141: receive RaftClientReply:client-A96214E1DBD7->20d3046f-97fb-4e85-81a2-bca6d0aac141@group-AD2141D77F2C, cid=12, FAILED org.apache.ratis.protocol.NotLeaderException: Server 20d3046f-97fb-4e85-81a2-bca6d0aac141 is not the leader (null). Request must be sent to leader., logIndex=0, commits[20d3046f-97fb-4e85-81a2-bca6d0aac141:c-1]
2019-07-30 19:25:11,439 INFO  impl.FollowerState (FollowerState.java:run(106)) - 88fcb211-bcbb-4f9e-96ff-cf1ee420930f:group-28C121A4F037 changes to CANDIDATE, lastRpcTime:5074, electionTimeout:5073ms
2019-07-30 19:25:11,439 INFO  impl.RoleInfo (RoleInfo.java:shutdownFollowerState(121)) - 88fcb211-bcbb-4f9e-96ff-cf1ee420930f: shutdown FollowerState
2019-07-30 19:25:11,440 INFO  impl.RaftServerImpl (RaftServerImpl.java:setRole(171)) - 88fcb211-bcbb-4f9e-96ff-cf1ee420930f:group-28C121A4F037 changes role from FOLLOWER to CANDIDATE at term 0 for changeToCandidate
2019-07-30 19:25:11,443 INFO  impl.RoleInfo (RoleInfo.java:updateAndGet(143)) - 88fcb211-bcbb-4f9e-96ff-cf1ee420930f: start LeaderElection
2019-07-30 19:25:11,464 INFO  impl.LeaderElection (LeaderElection.java:askForVotes(181)) - 88fcb211-bcbb-4f9e-96ff-cf1ee420930f:group-28C121A4F037:LeaderElection1: begin an election at term 1 for -1: [88fcb211-bcbb-4f9e-96ff-cf1ee420930f:192.168.5.147:43851], old=null
2019-07-30 19:25:11,466 INFO  impl.RoleInfo (RoleInfo.java:shutdownLeaderElection(134)) - 88fcb211-bcbb-4f9e-96ff-cf1ee420930f: shutdown LeaderElection
2019-07-30 19:25:11,467 INFO  impl.RaftServerImpl (RaftServerImpl.java:setRole(171)) - 88fcb211-bcbb-4f9e-96ff-cf1ee420930f:group-28C121A4F037 changes role from CANDIDATE to LEADER at term 1 for changeToLeader
2019-07-30 19:25:11,467 INFO  impl.RaftServerImpl (ServerState.java:setLeader(263)) - 88fcb211-bcbb-4f9e-96ff-cf1ee420930f:group-28C121A4F037 change Leader from null to 88fcb211-bcbb-4f9e-96ff-cf1ee420930f at term 1 for becomeLeader, leader elected after 5190ms
2019-07-30 19:25:11,477 INFO  server.RaftServerConfigKeys (ConfUtils.java:logGet(43)) - raft.server.staging.catchup.gap = 1000 (default)
2019-07-30 19:25:11,477 INFO  server.RaftServerConfigKeys (ConfUtils.java:logGet(43)) - raft.server.rpc.sleep.time = 25ms (default)
2019-07-30 19:25:11,480 INFO  server.RaftServerConfigKeys (ConfUtils.java:logGet(43)) - raft.server.write.element-limit = 4096 (default)
2019-07-30 19:25:11,483 INFO  server.RaftServerConfigKeys (ConfUtils.java:logGet(43)) - raft.server.watch.timeout = 10s (default)
2019-07-30 19:25:11,483 INFO  server.RaftServerConfigKeys (ConfUtils.java:logGet(43)) - raft.server.watch.timeout.denomination = 1s (default)
2019-07-30 19:25:11,485 INFO  server.RaftServerConfigKeys (ConfUtils.java:logGet(43)) - raft.server.watch.element-limit = 65536 (default)
2019-07-30 19:25:11,495 INFO  impl.RoleInfo (RoleInfo.java:updateAndGet(143)) - 88fcb211-bcbb-4f9e-96ff-cf1ee420930f: start LeaderState
2019-07-30 19:25:11,519 INFO  segmented.SegmentedRaftLogWorker (SegmentedRaftLogWorker.java:startLogSegment(380)) - 88fcb211-bcbb-4f9e-96ff-cf1ee420930f-SegmentedRaftLogWorker:Storage Directory /workdir/hadoop-ozone/integration-test/target/test-dir/MiniOzoneClusterImpl-42384d6b-b67d-4fd2-8a74-534ae66fc332/datanode-0/data/ratis/d7fe3608-474d-4494-bb72-28c121a4f037: Starting segment from index:0
2019-07-30 19:25:11,530 INFO  impl.RaftServerImpl (ServerState.java:setRaftConf(361)) - 88fcb211-bcbb-4f9e-96ff-cf1ee420930f:group-28C121A4F037 set configuration 0: [88fcb211-bcbb-4f9e-96ff-cf1ee420930f:192.168.5.147:43851], old=null at 0
2019-07-30 19:25:11,608 INFO  client.GrpcClientProtocolClient (GrpcClientProtocolClient.java:onNext(255)) - client-A96214E1DBD7->a142f5ec-8aba-49aa-bcdc-37d1c8969c1d: receive RaftClientReply:client-A96214E1DBD7->a142f5ec-8aba-49aa-bcdc-37d1c8969c1d@group-AD2141D77F2C, cid=12, FAILED org.apache.ratis.protocol.NotLeaderException: Server a142f5ec-8aba-49aa-bcdc-37d1c8969c1d is not the leader (null). Request must be sent to leader., logIndex=0, commits[a142f5ec-8aba-49aa-bcdc-37d1c8969c1d:c-1]
2019-07-30 19:25:11,622 WARN  io.KeyOutputStream (KeyOutputStream.java:handleException(276)) - Encountered exception java.io.IOException: Unexpected Storage Container Exception: java.util.concurrent.CompletionException: java.util.concurrent.CompletionException: org.apache.ratis.protocol.RaftRetryFailureException: Failed RaftClientRequest:client-A96214E1DBD7->a142f5ec-8aba-49aa-bcdc-37d1c8969c1d@group-AD2141D77F2C, cid=12, seq=1*, RW, org.apache.hadoop.hdds.scm.XceiverClientRatis$$Lambda$314/1472633143@58b4f305 for 5 attempts with RetryLimited(maxAttempts=5, sleepTime=1000ms) on the pipeline Pipeline[ Id: 19cda09f-3940-4229-85ef-ad2141d77f2c, Nodes: a142f5ec-8aba-49aa-bcdc-37d1c8969c1d{ip: 192.168.5.147, host: byscane-nightly-d7s94-1643579034, networkLocation: /default-rack, certSerialId: null}02c482de-ed81-4a84-8c9f-f8cc8228fdd9{ip: 192.168.5.147, host: byscane-nightly-d7s94-1643579034, networkLocation: /default-rack, certSerialId: null}20d3046f-97fb-4e85-81a2-bca6d0aac141{ip: 192.168.5.147, host: byscane-nightly-d7s94-1643579034, networkLocation: /default-rack, certSerialId: null}, Type:RATIS, Factor:THREE, State:OPEN]. The last committed block length is 0, uncommitted data length is 2097152 retry count 0
2019-07-30 19:25:11,675 INFO  client.GrpcClientProtocolClient (GrpcClientProtocolClient.java:onNext(255)) - client-FA2343067D90->6a4f679e-aef1-4eca-876c-0e3691f93789: receive RaftClientReply:client-FA2343067D90->6a4f679e-aef1-4eca-876c-0e3691f93789@group-2BBF3A396A15, cid=16, FAILED org.apache.ratis.protocol.NotLeaderException: Server 6a4f679e-aef1-4eca-876c-0e3691f93789 is not the leader (null). Request must be sent to leader., logIndex=0, commits[6a4f679e-aef1-4eca-876c-0e3691f93789:c-1]
2019-07-30 19:25:11,687 INFO  impl.FollowerState (FollowerState.java:run(106)) - 70a1bb6b-0f49-4c42-8ee2-19d04b813aa0:group-62CA726A8F30 changes to CANDIDATE, lastRpcTime:5053, electionTimeout:5053ms
2019-07-30 19:25:11,689 INFO  impl.RoleInfo (RoleInfo.java:shutdownFollowerState(121)) - 70a1bb6b-0f49-4c42-8ee2-19d04b813aa0: shutdown FollowerState
2019-07-30 19:25:11,690 INFO  impl.RaftServerImpl (RaftServerImpl.java:setRole(171)) - 70a1bb6b-0f49-4c42-8ee2-19d04b813aa0:group-62CA726A8F30 changes role from FOLLOWER to CANDIDATE at term 0 for changeToCandidate
2019-07-30 19:25:11,690 INFO  impl.RoleInfo (RoleInfo.java:updateAndGet(143)) - 70a1bb6b-0f49-4c42-8ee2-19d04b813aa0: start LeaderElection
2019-07-30 19:25:11,705 INFO  impl.LeaderElection (LeaderElection.java:askForVotes(181)) - 70a1bb6b-0f49-4c42-8ee2-19d04b813aa0:group-62CA726A8F30:LeaderElection2: begin an election at term 1 for -1: [70a1bb6b-0f49-4c42-8ee2-19d04b813aa0:192.168.5.147:39545], old=null
2019-07-30 19:25:11,716 INFO  impl.RoleInfo (RoleInfo.java:shutdownLeaderElection(134)) - 70a1bb6b-0f49-4c42-8ee2-19d04b813aa0: shutdown LeaderElection
2019-07-30 19:25:11,717 INFO  impl.RaftServerImpl (RaftServerImpl.java:setRole(171)) - 70a1bb6b-0f49-4c42-8ee2-19d04b813aa0:group-62CA726A8F30 changes role from CANDIDATE to LEADER at term 1 for changeToLeader
2019-07-30 19:25:11,717 INFO  impl.RaftServerImpl (ServerState.java:setLeader(263)) - 70a1bb6b-0f49-4c42-8ee2-19d04b813aa0:group-62CA726A8F30 change Leader from null to 70a1bb6b-0f49-4c42-8ee2-19d04b813aa0 at term 1 for becomeLeader, leader elected after 5088ms
2019-07-30 19:25:11,718 INFO  server.RaftServerConfigKeys (ConfUtils.java:logGet(43)) - raft.server.staging.catchup.gap = 1000 (default)
2019-07-30 19:25:11,718 INFO  server.RaftServerConfigKeys (ConfUtils.java:logGet(43)) - raft.server.rpc.sleep.time = 25ms (default)
2019-07-30 19:25:11,718 INFO  server.RaftServerConfigKeys (ConfUtils.java:logGet(43)) - raft.server.write.element-limit = 4096 (default)
2019-07-30 19:25:11,719 INFO  server.RaftServerConfigKeys (ConfUtils.java:logGet(43)) - raft.server.watch.timeout = 10s (default)
2019-07-30 19:25:11,719 INFO  server.RaftServerConfigKeys (ConfUtils.java:logGet(43)) - raft.server.watch.timeout.denomination = 1s (default)
2019-07-30 19:25:11,719 INFO  server.RaftServerConfigKeys (ConfUtils.java:logGet(43)) - raft.server.watch.element-limit = 65536 (default)
2019-07-30 19:25:11,719 INFO  impl.RoleInfo (RoleInfo.java:updateAndGet(143)) - 70a1bb6b-0f49-4c42-8ee2-19d04b813aa0: start LeaderState
2019-07-30 19:25:11,720 INFO  segmented.SegmentedRaftLogWorker (SegmentedRaftLogWorker.java:startLogSegment(380)) - 70a1bb6b-0f49-4c42-8ee2-19d04b813aa0-SegmentedRaftLogWorker:Storage Directory /workdir/hadoop-ozone/integration-test/target/test-dir/MiniOzoneClusterImpl-42384d6b-b67d-4fd2-8a74-534ae66fc332/datanode-5/data/ratis/4b1e7c7c-7ea0-4f1a-873f-62ca726a8f30: Starting segment from index:0
2019-07-30 19:25:11,720 INFO  impl.RaftServerImpl (ServerState.java:setRaftConf(361)) - 70a1bb6b-0f49-4c42-8ee2-19d04b813aa0:group-62CA726A8F30 set configuration 0: [70a1bb6b-0f49-4c42-8ee2-19d04b813aa0:192.168.5.147:39545], old=null at 0
2019-07-30 19:25:11,735 INFO  segmented.SegmentedRaftLogWorker (SegmentedRaftLogWorker.java:execute(569)) - 88fcb211-bcbb-4f9e-96ff-cf1ee420930f-SegmentedRaftLogWorker:Storage Directory /workdir/hadoop-ozone/integration-test/target/test-dir/MiniOzoneClusterImpl-42384d6b-b67d-4fd2-8a74-534ae66fc332/datanode-0/data/ratis/d7fe3608-474d-4494-bb72-28c121a4f037: created new log segment /workdir/hadoop-ozone/integration-test/target/test-dir/MiniOzoneClusterImpl-42384d6b-b67d-4fd2-8a74-534ae66fc332/datanode-0/data/ratis/d7fe3608-474d-4494-bb72-28c121a4f037/current/log_inprogress_0
2019-07-30 19:25:11,743 INFO  impl.FollowerState (FollowerState.java:run(106)) - 6a4f679e-aef1-4eca-876c-0e3691f93789:group-1D41AEC8E32E changes to CANDIDATE, lastRpcTime:5185, electionTimeout:5184ms
2019-07-30 19:25:11,743 INFO  impl.RoleInfo (RoleInfo.java:shutdownFollowerState(121)) - 6a4f679e-aef1-4eca-876c-0e3691f93789: shutdown FollowerState
2019-07-30 19:25:11,743 INFO  impl.RaftServerImpl (RaftServerImpl.java:setRole(171)) - 6a4f679e-aef1-4eca-876c-0e3691f93789:group-1D41AEC8E32E changes role from FOLLOWER to CANDIDATE at term 0 for changeToCandidate
2019-07-30 19:25:11,743 INFO  impl.RoleInfo (RoleInfo.java:updateAndGet(143)) - 6a4f679e-aef1-4eca-876c-0e3691f93789: start LeaderElection
2019-07-30 19:25:11,749 INFO  segmented.SegmentedRaftLogWorker (SegmentedRaftLogWorker.java:execute(569)) - 70a1bb6b-0f49-4c42-8ee2-19d04b813aa0-SegmentedRaftLogWorker:Storage Directory /workdir/hadoop-ozone/integration-test/target/test-dir/MiniOzoneClusterImpl-42384d6b-b67d-4fd2-8a74-534ae66fc332/datanode-5/data/ratis/4b1e7c7c-7ea0-4f1a-873f-62ca726a8f30: created new log segment /workdir/hadoop-ozone/integration-test/target/test-dir/MiniOzoneClusterImpl-42384d6b-b67d-4fd2-8a74-534ae66fc332/datanode-5/data/ratis/4b1e7c7c-7ea0-4f1a-873f-62ca726a8f30/current/log_inprogress_0
2019-07-30 19:25:11,751 INFO  impl.LeaderElection (LeaderElection.java:askForVotes(181)) - 6a4f679e-aef1-4eca-876c-0e3691f93789:group-1D41AEC8E32E:LeaderElection3: begin an election at term 1 for -1: [6a4f679e-aef1-4eca-876c-0e3691f93789:192.168.5.147:38879], old=null
2019-07-30 19:25:11,751 INFO  impl.RoleInfo (RoleInfo.java:shutdownLeaderElection(134)) - 6a4f679e-aef1-4eca-876c-0e3691f93789: shutdown LeaderElection
2019-07-30 19:25:11,751 INFO  impl.RaftServerImpl (RaftServerImpl.java:setRole(171)) - 6a4f679e-aef1-4eca-876c-0e3691f93789:group-1D41AEC8E32E changes role from CANDIDATE to LEADER at term 1 for changeToLeader
2019-07-30 19:25:11,751 INFO  impl.RaftServerImpl (ServerState.java:setLeader(263)) - 6a4f679e-aef1-4eca-876c-0e3691f93789:group-1D41AEC8E32E change Leader from null to 6a4f679e-aef1-4eca-876c-0e3691f93789 at term 1 for becomeLeader, leader elected after 5201ms
2019-07-30 19:25:11,752 INFO  server.RaftServerConfigKeys (ConfUtils.java:logGet(43)) - raft.server.staging.catchup.gap = 1000 (default)
2019-07-30 19:25:11,753 INFO  server.RaftServerConfigKeys (ConfUtils.java:logGet(43)) - raft.server.rpc.sleep.time = 25ms (default)
2019-07-30 19:25:11,753 INFO  server.RaftServerConfigKeys (ConfUtils.java:logGet(43)) - raft.server.write.element-limit = 4096 (default)
2019-07-30 19:25:11,753 INFO  server.RaftServerConfigKeys (ConfUtils.java:logGet(43)) - raft.server.watch.timeout = 10s (default)
2019-07-30 19:25:11,753 INFO  server.RaftServerConfigKeys (ConfUtils.java:logGet(43)) - raft.server.watch.timeout.denomination = 1s (default)
2019-07-30 19:25:11,753 INFO  server.RaftServerConfigKeys (ConfUtils.java:logGet(43)) - raft.server.watch.element-limit = 65536 (default)
2019-07-30 19:25:11,753 INFO  impl.RoleInfo (RoleInfo.java:updateAndGet(143)) - 6a4f679e-aef1-4eca-876c-0e3691f93789: start LeaderState
2019-07-30 19:25:11,754 INFO  segmented.SegmentedRaftLogWorker (SegmentedRaftLogWorker.java:startLogSegment(380)) - 6a4f679e-aef1-4eca-876c-0e3691f93789-SegmentedRaftLogWorker:Storage Directory /workdir/hadoop-ozone/integration-test/target/test-dir/MiniOzoneClusterImpl-42384d6b-b67d-4fd2-8a74-534ae66fc332/datanode-2/data/ratis/53c0bc91-84b7-41e6-b740-1d41aec8e32e: Starting segment from index:0
2019-07-30 19:25:11,754 INFO  impl.RaftServerImpl (ServerState.java:setRaftConf(361)) - 6a4f679e-aef1-4eca-876c-0e3691f93789:group-1D41AEC8E32E set configuration 0: [6a4f679e-aef1-4eca-876c-0e3691f93789:192.168.5.147:38879], old=null at 0
2019-07-30 19:25:11,785 INFO  segmented.SegmentedRaftLogWorker (SegmentedRaftLogWorker.java:execute(569)) - 6a4f679e-aef1-4eca-876c-0e3691f93789-SegmentedRaftLogWorker:Storage Directory /workdir/hadoop-ozone/integration-test/target/test-dir/MiniOzoneClusterImpl-42384d6b-b67d-4fd2-8a74-534ae66fc332/datanode-2/data/ratis/53c0bc91-84b7-41e6-b740-1d41aec8e32e: created new log segment /workdir/hadoop-ozone/integration-test/target/test-dir/MiniOzoneClusterImpl-42384d6b-b67d-4fd2-8a74-534ae66fc332/datanode-2/data/ratis/53c0bc91-84b7-41e6-b740-1d41aec8e32e/current/log_inprogress_0
2019-07-30 19:25:11,799 INFO  impl.FollowerState (FollowerState.java:run(106)) - a142f5ec-8aba-49aa-bcdc-37d1c8969c1d:group-28399239E04F changes to CANDIDATE, lastRpcTime:5063, electionTimeout:5063ms
2019-07-30 19:25:11,799 INFO  impl.RoleInfo (RoleInfo.java:shutdownFollowerState(121)) - a142f5ec-8aba-49aa-bcdc-37d1c8969c1d: shutdown FollowerState
2019-07-30 19:25:11,799 INFO  impl.RaftServerImpl (RaftServerImpl.java:setRole(171)) - a142f5ec-8aba-49aa-bcdc-37d1c8969c1d:group-28399239E04F changes role from FOLLOWER to CANDIDATE at term 0 for changeToCandidate
2019-07-30 19:25:11,799 INFO  impl.RoleInfo (RoleInfo.java:updateAndGet(143)) - a142f5ec-8aba-49aa-bcdc-37d1c8969c1d: start LeaderElection
2019-07-30 19:25:11,806 INFO  impl.LeaderElection (LeaderElection.java:askForVotes(181)) - a142f5ec-8aba-49aa-bcdc-37d1c8969c1d:group-28399239E04F:LeaderElection4: begin an election at term 1 for -1: [a142f5ec-8aba-49aa-bcdc-37d1c8969c1d:192.168.5.147:38246], old=null
2019-07-30 19:25:11,807 INFO  impl.RoleInfo (RoleInfo.java:shutdownLeaderElection(134)) - a142f5ec-8aba-49aa-bcdc-37d1c8969c1d: shutdown LeaderElection
2019-07-30 19:25:11,807 INFO  impl.RaftServerImpl (RaftServerImpl.java:setRole(171)) - a142f5ec-8aba-49aa-bcdc-37d1c8969c1d:group-28399239E04F changes role from CANDIDATE to LEADER at term 1 for changeToLeader
2019-07-30 19:25:11,807 INFO  impl.RaftServerImpl (ServerState.java:setLeader(263)) - a142f5ec-8aba-49aa-bcdc-37d1c8969c1d:group-28399239E04F change Leader from null to a142f5ec-8aba-49aa-bcdc-37d1c8969c1d at term 1 for becomeLeader, leader elected after 5091ms
2019-07-30 19:25:11,809 INFO  server.RaftServerConfigKeys (ConfUtils.java:logGet(43)) - raft.server.staging.catchup.gap = 1000 (default)
2019-07-30 19:25:11,809 INFO  server.RaftServerConfigKeys (ConfUtils.java:logGet(43)) - raft.server.rpc.sleep.time = 25ms (default)
2019-07-30 19:25:11,809 INFO  server.RaftServerConfigKeys (ConfUtils.java:logGet(43)) - raft.server.write.element-limit = 4096 (default)
2019-07-30 19:25:11,809 INFO  server.RaftServerConfigKeys (ConfUtils.java:logGet(43)) - raft.server.watch.timeout = 10s (default)
2019-07-30 19:25:11,810 INFO  server.RaftServerConfigKeys (ConfUtils.java:logGet(43)) - raft.server.watch.timeout.denomination = 1s (default)
2019-07-30 19:25:11,810 INFO  server.RaftServerConfigKeys (ConfUtils.java:logGet(43)) - raft.server.watch.element-limit = 65536 (default)
2019-07-30 19:25:11,810 INFO  impl.RoleInfo (RoleInfo.java:updateAndGet(143)) - a142f5ec-8aba-49aa-bcdc-37d1c8969c1d: start LeaderState
2019-07-30 19:25:11,810 INFO  segmented.SegmentedRaftLogWorker (SegmentedRaftLogWorker.java:startLogSegment(380)) - a142f5ec-8aba-49aa-bcdc-37d1c8969c1d-SegmentedRaftLogWorker:Storage Directory /workdir/hadoop-ozone/integration-test/target/test-dir/MiniOzoneClusterImpl-42384d6b-b67d-4fd2-8a74-534ae66fc332/datanode-4/data/ratis/eb2cae4e-8d5b-4198-bf8a-28399239e04f: Starting segment from index:0
2019-07-30 19:25:11,811 INFO  impl.RaftServerImpl (ServerState.java:setRaftConf(361)) - a142f5ec-8aba-49aa-bcdc-37d1c8969c1d:group-28399239E04F set configuration 0: [a142f5ec-8aba-49aa-bcdc-37d1c8969c1d:192.168.5.147:38246], old=null at 0
2019-07-30 19:25:11,837 INFO  impl.FollowerState (FollowerState.java:run(106)) - 02c482de-ed81-4a84-8c9f-f8cc8228fdd9:group-BBB81A3E573C changes to CANDIDATE, lastRpcTime:5019, electionTimeout:5003ms
2019-07-30 19:25:11,838 INFO  impl.RoleInfo (RoleInfo.java:shutdownFollowerState(121)) - 02c482de-ed81-4a84-8c9f-f8cc8228fdd9: shutdown FollowerState
2019-07-30 19:25:11,838 INFO  impl.RaftServerImpl (RaftServerImpl.java:setRole(171)) - 02c482de-ed81-4a84-8c9f-f8cc8228fdd9:group-BBB81A3E573C changes role from FOLLOWER to CANDIDATE at term 0 for changeToCandidate
2019-07-30 19:25:11,838 INFO  impl.RoleInfo (RoleInfo.java:updateAndGet(143)) - 02c482de-ed81-4a84-8c9f-f8cc8228fdd9: start LeaderElection
2019-07-30 19:25:11,854 INFO  segmented.SegmentedRaftLogWorker (SegmentedRaftLogWorker.java:execute(569)) - a142f5ec-8aba-49aa-bcdc-37d1c8969c1d-SegmentedRaftLogWorker:Storage Directory /workdir/hadoop-ozone/integration-test/target/test-dir/MiniOzoneClusterImpl-42384d6b-b67d-4fd2-8a74-534ae66fc332/datanode-4/data/ratis/eb2cae4e-8d5b-4198-bf8a-28399239e04f: created new log segment /workdir/hadoop-ozone/integration-test/target/test-dir/MiniOzoneClusterImpl-42384d6b-b67d-4fd2-8a74-534ae66fc332/datanode-4/data/ratis/eb2cae4e-8d5b-4198-bf8a-28399239e04f/current/log_inprogress_0
2019-07-30 19:25:11,854 INFO  impl.LeaderElection (LeaderElection.java:askForVotes(181)) - 02c482de-ed81-4a84-8c9f-f8cc8228fdd9:group-BBB81A3E573C:LeaderElection5: begin an election at term 1 for -1: [02c482de-ed81-4a84-8c9f-f8cc8228fdd9:192.168.5.147:34566], old=null
2019-07-30 19:25:11,863 INFO  impl.RoleInfo (RoleInfo.java:shutdownLeaderElection(134)) - 02c482de-ed81-4a84-8c9f-f8cc8228fdd9: shutdown LeaderElection
2019-07-30 19:25:11,868 INFO  impl.RaftServerImpl (RaftServerImpl.java:setRole(171)) - 02c482de-ed81-4a84-8c9f-f8cc8228fdd9:group-BBB81A3E573C changes role from CANDIDATE to LEADER at term 1 for changeToLeader
2019-07-30 19:25:11,869 INFO  impl.RaftServerImpl (ServerState.java:setLeader(263)) - 02c482de-ed81-4a84-8c9f-f8cc8228fdd9:group-BBB81A3E573C change Leader from null to 02c482de-ed81-4a84-8c9f-f8cc8228fdd9 at term 1 for becomeLeader, leader elected after 5056ms
2019-07-30 19:25:11,870 INFO  server.RaftServerConfigKeys (ConfUtils.java:logGet(43)) - raft.server.staging.catchup.gap = 1000 (default)
2019-07-30 19:25:11,870 INFO  server.RaftServerConfigKeys (ConfUtils.java:logGet(43)) - raft.server.rpc.sleep.time = 25ms (default)
2019-07-30 19:25:11,871 INFO  server.RaftServerConfigKeys (ConfUtils.java:logGet(43)) - raft.server.write.element-limit = 4096 (default)
2019-07-30 19:25:11,871 INFO  server.RaftServerConfigKeys (ConfUtils.java:logGet(43)) - raft.server.watch.timeout = 10s (default)
2019-07-30 19:25:11,871 INFO  server.RaftServerConfigKeys (ConfUtils.java:logGet(43)) - raft.server.watch.timeout.denomination = 1s (default)
2019-07-30 19:25:11,871 INFO  server.RaftServerConfigKeys (ConfUtils.java:logGet(43)) - raft.server.watch.element-limit = 65536 (default)
2019-07-30 19:25:11,871 INFO  impl.RoleInfo (RoleInfo.java:updateAndGet(143)) - 02c482de-ed81-4a84-8c9f-f8cc8228fdd9: start LeaderState
2019-07-30 19:25:11,872 INFO  segmented.SegmentedRaftLogWorker (SegmentedRaftLogWorker.java:startLogSegment(380)) - 02c482de-ed81-4a84-8c9f-f8cc8228fdd9-SegmentedRaftLogWorker:Storage Directory /workdir/hadoop-ozone/integration-test/target/test-dir/MiniOzoneClusterImpl-42384d6b-b67d-4fd2-8a74-534ae66fc332/datanode-1/data/ratis/445d6402-1f1f-4d41-b822-bbb81a3e573c: Starting segment from index:0
2019-07-30 19:25:11,872 INFO  impl.RaftServerImpl (ServerState.java:setRaftConf(361)) - 02c482de-ed81-4a84-8c9f-f8cc8228fdd9:group-BBB81A3E573C set configuration 0: [02c482de-ed81-4a84-8c9f-f8cc8228fdd9:192.168.5.147:34566], old=null at 0
2019-07-30 19:25:11,915 INFO  segmented.SegmentedRaftLogWorker (SegmentedRaftLogWorker.java:execute(569)) - 02c482de-ed81-4a84-8c9f-f8cc8228fdd9-SegmentedRaftLogWorker:Storage Directory /workdir/hadoop-ozone/integration-test/target/test-dir/MiniOzoneClusterImpl-42384d6b-b67d-4fd2-8a74-534ae66fc332/datanode-1/data/ratis/445d6402-1f1f-4d41-b822-bbb81a3e573c: created new log segment /workdir/hadoop-ozone/integration-test/target/test-dir/MiniOzoneClusterImpl-42384d6b-b67d-4fd2-8a74-534ae66fc332/datanode-1/data/ratis/445d6402-1f1f-4d41-b822-bbb81a3e573c/current/log_inprogress_0
2019-07-30 19:25:11,920 INFO  impl.FollowerState (FollowerState.java:run(106)) - 20d3046f-97fb-4e85-81a2-bca6d0aac141:group-A861C765245E changes to CANDIDATE, lastRpcTime:5023, electionTimeout:5022ms
2019-07-30 19:25:11,920 INFO  impl.RoleInfo (RoleInfo.java:shutdownFollowerState(121)) - 20d3046f-97fb-4e85-81a2-bca6d0aac141: shutdown FollowerState
2019-07-30 19:25:11,920 INFO  impl.RaftServerImpl (RaftServerImpl.java:setRole(171)) - 20d3046f-97fb-4e85-81a2-bca6d0aac141:group-A861C765245E changes role from FOLLOWER to CANDIDATE at term 0 for changeToCandidate
2019-07-30 19:25:11,920 INFO  impl.RoleInfo (RoleInfo.java:updateAndGet(143)) - 20d3046f-97fb-4e85-81a2-bca6d0aac141: start LeaderElection
2019-07-30 19:25:11,937 INFO  impl.LeaderElection (LeaderElection.java:askForVotes(181)) - 20d3046f-97fb-4e85-81a2-bca6d0aac141:group-A861C765245E:LeaderElection6: begin an election at term 1 for -1: [20d3046f-97fb-4e85-81a2-bca6d0aac141:192.168.5.147:44076], old=null
2019-07-30 19:25:11,944 INFO  impl.RoleInfo (RoleInfo.java:shutdownLeaderElection(134)) - 20d3046f-97fb-4e85-81a2-bca6d0aac141: shutdown LeaderElection
2019-07-30 19:25:11,945 INFO  impl.RaftServerImpl (RaftServerImpl.java:setRole(171)) - 20d3046f-97fb-4e85-81a2-bca6d0aac141:group-A861C765245E changes role from CANDIDATE to LEADER at term 1 for changeToLeader
2019-07-30 19:25:11,945 INFO  impl.RaftServerImpl (ServerState.java:setLeader(263)) - 20d3046f-97fb-4e85-81a2-bca6d0aac141:group-A861C765245E change Leader from null to 20d3046f-97fb-4e85-81a2-bca6d0aac141 at term 1 for becomeLeader, leader elected after 5054ms
2019-07-30 19:25:11,946 INFO  server.RaftServerConfigKeys (ConfUtils.java:logGet(43)) - raft.server.staging.catchup.gap = 1000 (default)
2019-07-30 19:25:11,947 INFO  server.RaftServerConfigKeys (ConfUtils.java:logGet(43)) - raft.server.rpc.sleep.time = 25ms (default)
2019-07-30 19:25:11,947 INFO  server.RaftServerConfigKeys (ConfUtils.java:logGet(43)) - raft.server.write.element-limit = 4096 (default)
2019-07-30 19:25:11,947 INFO  server.RaftServerConfigKeys (ConfUtils.java:logGet(43)) - raft.server.watch.timeout = 10s (default)
2019-07-30 19:25:11,947 INFO  server.RaftServerConfigKeys (ConfUtils.java:logGet(43)) - raft.server.watch.timeout.denomination = 1s (default)
2019-07-30 19:25:11,948 INFO  server.RaftServerConfigKeys (ConfUtils.java:logGet(43)) - raft.server.watch.element-limit = 65536 (default)
2019-07-30 19:25:11,948 INFO  impl.RoleInfo (RoleInfo.java:updateAndGet(143)) - 20d3046f-97fb-4e85-81a2-bca6d0aac141: start LeaderState
2019-07-30 19:25:11,948 INFO  segmented.SegmentedRaftLogWorker (SegmentedRaftLogWorker.java:startLogSegment(380)) - 20d3046f-97fb-4e85-81a2-bca6d0aac141-SegmentedRaftLogWorker:Storage Directory /workdir/hadoop-ozone/integration-test/target/test-dir/MiniOzoneClusterImpl-42384d6b-b67d-4fd2-8a74-534ae66fc332/datanode-3/data/ratis/c273767e-c3e7-489a-9e8b-a861c765245e: Starting segment from index:0
2019-07-30 19:25:11,949 INFO  impl.RaftServerImpl (ServerState.java:setRaftConf(361)) - 20d3046f-97fb-4e85-81a2-bca6d0aac141:group-A861C765245E set configuration 0: [20d3046f-97fb-4e85-81a2-bca6d0aac141:192.168.5.147:44076], old=null at 0
2019-07-30 19:25:11,975 INFO  segmented.SegmentedRaftLogWorker (SegmentedRaftLogWorker.java:execute(569)) - 20d3046f-97fb-4e85-81a2-bca6d0aac141-SegmentedRaftLogWorker:Storage Directory /workdir/hadoop-ozone/integration-test/target/test-dir/MiniOzoneClusterImpl-42384d6b-b67d-4fd2-8a74-534ae66fc332/datanode-3/data/ratis/c273767e-c3e7-489a-9e8b-a861c765245e: created new log segment /workdir/hadoop-ozone/integration-test/target/test-dir/MiniOzoneClusterImpl-42384d6b-b67d-4fd2-8a74-534ae66fc332/datanode-3/data/ratis/c273767e-c3e7-489a-9e8b-a861c765245e/current/log_inprogress_0
2019-07-30 19:25:12,003 INFO  impl.FollowerState (FollowerState.java:run(106)) - 70a1bb6b-0f49-4c42-8ee2-19d04b813aa0:group-2BBF3A396A15 changes to CANDIDATE, lastRpcTime:5007, electionTimeout:5007ms
2019-07-30 19:25:12,003 INFO  impl.RoleInfo (RoleInfo.java:shutdownFollowerState(121)) - 70a1bb6b-0f49-4c42-8ee2-19d04b813aa0: shutdown FollowerState
2019-07-30 19:25:12,004 INFO  impl.RaftServerImpl (RaftServerImpl.java:setRole(171)) - 70a1bb6b-0f49-4c42-8ee2-19d04b813aa0:group-2BBF3A396A15 changes role from FOLLOWER to CANDIDATE at term 0 for changeToCandidate
2019-07-30 19:25:12,004 INFO  impl.RoleInfo (RoleInfo.java:updateAndGet(143)) - 70a1bb6b-0f49-4c42-8ee2-19d04b813aa0: start LeaderElection
2019-07-30 19:25:12,008 INFO  impl.FollowerState (FollowerState.java:run(106)) - 88fcb211-bcbb-4f9e-96ff-cf1ee420930f:group-2BBF3A396A15 changes to CANDIDATE, lastRpcTime:5016, electionTimeout:5016ms
2019-07-30 19:25:12,009 INFO  impl.RoleInfo (RoleInfo.java:shutdownFollowerState(121)) - 88fcb211-bcbb-4f9e-96ff-cf1ee420930f: shutdown FollowerState
2019-07-30 19:25:12,010 INFO  impl.RaftServerImpl (RaftServerImpl.java:setRole(171)) - 88fcb211-bcbb-4f9e-96ff-cf1ee420930f:group-2BBF3A396A15 changes role from FOLLOWER to CANDIDATE at term 0 for changeToCandidate
2019-07-30 19:25:12,010 INFO  impl.RoleInfo (RoleInfo.java:updateAndGet(143)) - 88fcb211-bcbb-4f9e-96ff-cf1ee420930f: start LeaderElection
2019-07-30 19:25:12,014 INFO  impl.LeaderElection (LeaderElection.java:askForVotes(181)) - 70a1bb6b-0f49-4c42-8ee2-19d04b813aa0:group-2BBF3A396A15:LeaderElection7: begin an election at term 1 for -1: [6a4f679e-aef1-4eca-876c-0e3691f93789:192.168.5.147:38879, 70a1bb6b-0f49-4c42-8ee2-19d04b813aa0:192.168.5.147:39545, 88fcb211-bcbb-4f9e-96ff-cf1ee420930f:192.168.5.147:43851], old=null
2019-07-30 19:25:12,017 INFO  impl.LeaderElection (LeaderElection.java:askForVotes(181)) - 88fcb211-bcbb-4f9e-96ff-cf1ee420930f:group-2BBF3A396A15:LeaderElection8: begin an election at term 1 for -1: [6a4f679e-aef1-4eca-876c-0e3691f93789:192.168.5.147:38879, 70a1bb6b-0f49-4c42-8ee2-19d04b813aa0:192.168.5.147:39545, 88fcb211-bcbb-4f9e-96ff-cf1ee420930f:192.168.5.147:43851], old=null
2019-07-30 19:25:12,057 INFO  impl.RaftServerImpl (RaftServerImpl.java:setRole(171)) - 6a4f679e-aef1-4eca-876c-0e3691f93789:group-2BBF3A396A15 changes role from FOLLOWER to FOLLOWER at term 1 for recognizeCandidate:88fcb211-bcbb-4f9e-96ff-cf1ee420930f
2019-07-30 19:25:12,058 INFO  impl.RoleInfo (RoleInfo.java:shutdownFollowerState(121)) - 6a4f679e-aef1-4eca-876c-0e3691f93789: shutdown FollowerState
2019-07-30 19:25:12,058 INFO  impl.RoleInfo (RoleInfo.java:updateAndGet(143)) - 6a4f679e-aef1-4eca-876c-0e3691f93789: start FollowerState
2019-07-30 19:25:12,058 INFO  impl.FollowerState (FollowerState.java:run(114)) - 6a4f679e-aef1-4eca-876c-0e3691f93789: FollowerState was interrupted: java.lang.InterruptedException: sleep interrupted
2019-07-30 19:25:12,096 INFO  impl.LeaderElection (LeaderElection.java:logAndReturn(56)) - 88fcb211-bcbb-4f9e-96ff-cf1ee420930f:group-2BBF3A396A15:LeaderElection8: Election PASSED; received 2 response(s) [88fcb211-bcbb-4f9e-96ff-cf1ee420930f<-70a1bb6b-0f49-4c42-8ee2-19d04b813aa0#0:FAIL-t1, 88fcb211-bcbb-4f9e-96ff-cf1ee420930f<-6a4f679e-aef1-4eca-876c-0e3691f93789#0:OK-t1] and 0 exception(s); 88fcb211-bcbb-4f9e-96ff-cf1ee420930f:t1, leader=null, voted=88fcb211-bcbb-4f9e-96ff-cf1ee420930f, raftlog=88fcb211-bcbb-4f9e-96ff-cf1ee420930f-SegmentedRaftLog:OPENED:c-1,f-1,i0, conf=-1: [6a4f679e-aef1-4eca-876c-0e3691f93789:192.168.5.147:38879, 70a1bb6b-0f49-4c42-8ee2-19d04b813aa0:192.168.5.147:39545, 88fcb211-bcbb-4f9e-96ff-cf1ee420930f:192.168.5.147:43851], old=null
2019-07-30 19:25:12,096 INFO  impl.LeaderElection (LeaderElection.java:logAndReturn(56)) - 70a1bb6b-0f49-4c42-8ee2-19d04b813aa0:group-2BBF3A396A15:LeaderElection7: Election REJECTED; received 2 response(s) [70a1bb6b-0f49-4c42-8ee2-19d04b813aa0<-6a4f679e-aef1-4eca-876c-0e3691f93789#0:FAIL-t1, 70a1bb6b-0f49-4c42-8ee2-19d04b813aa0<-88fcb211-bcbb-4f9e-96ff-cf1ee420930f#0:FAIL-t1] and 0 exception(s); 70a1bb6b-0f49-4c42-8ee2-19d04b813aa0:t1, leader=null, voted=70a1bb6b-0f49-4c42-8ee2-19d04b813aa0, raftlog=70a1bb6b-0f49-4c42-8ee2-19d04b813aa0-SegmentedRaftLog:OPENED:c-1,f-1,i0, conf=-1: [6a4f679e-aef1-4eca-876c-0e3691f93789:192.168.5.147:38879, 70a1bb6b-0f49-4c42-8ee2-19d04b813aa0:192.168.5.147:39545, 88fcb211-bcbb-4f9e-96ff-cf1ee420930f:192.168.5.147:43851], old=null
2019-07-30 19:25:12,096 INFO  impl.RoleInfo (RoleInfo.java:shutdownLeaderElection(134)) - 88fcb211-bcbb-4f9e-96ff-cf1ee420930f: shutdown LeaderElection
2019-07-30 19:25:12,098 INFO  impl.RaftServerImpl (RaftServerImpl.java:setRole(171)) - 88fcb211-bcbb-4f9e-96ff-cf1ee420930f:group-2BBF3A396A15 changes role from CANDIDATE to LEADER at term 1 for changeToLeader
2019-07-30 19:25:12,098 INFO  impl.RaftServerImpl (ServerState.java:setLeader(263)) - 88fcb211-bcbb-4f9e-96ff-cf1ee420930f:group-2BBF3A396A15 change Leader from null to 88fcb211-bcbb-4f9e-96ff-cf1ee420930f at term 1 for becomeLeader, leader elected after 5121ms
2019-07-30 19:25:12,098 INFO  impl.RaftServerImpl (RaftServerImpl.java:setRole(171)) - 70a1bb6b-0f49-4c42-8ee2-19d04b813aa0:group-2BBF3A396A15 changes role from CANDIDATE to FOLLOWER at term 1 for DISCOVERED_A_NEW_TERM
2019-07-30 19:25:12,105 INFO  impl.RoleInfo (RoleInfo.java:shutdownLeaderElection(134)) - 70a1bb6b-0f49-4c42-8ee2-19d04b813aa0: shutdown LeaderElection
2019-07-30 19:25:12,105 INFO  server.RaftServerConfigKeys (ConfUtils.java:logGet(43)) - raft.server.staging.catchup.gap = 1000 (default)
2019-07-30 19:25:12,107 INFO  impl.RoleInfo (RoleInfo.java:updateAndGet(143)) - 70a1bb6b-0f49-4c42-8ee2-19d04b813aa0: start FollowerState
2019-07-30 19:25:12,107 INFO  server.RaftServerConfigKeys (ConfUtils.java:logGet(43)) - raft.server.rpc.sleep.time = 25ms (default)
2019-07-30 19:25:12,108 INFO  server.RaftServerConfigKeys (ConfUtils.java:logGet(43)) - raft.server.write.element-limit = 4096 (default)
2019-07-30 19:25:12,109 INFO  server.RaftServerConfigKeys (ConfUtils.java:logGet(43)) - raft.server.watch.timeout = 10s (default)
2019-07-30 19:25:12,110 INFO  server.RaftServerConfigKeys (ConfUtils.java:logGet(43)) - raft.server.watch.timeout.denomination = 1s (default)
2019-07-30 19:25:12,110 INFO  server.RaftServerConfigKeys (ConfUtils.java:logGet(43)) - raft.server.watch.element-limit = 65536 (default)
2019-07-30 19:25:12,112 INFO  server.RaftServerConfigKeys (ConfUtils.java:logGet(43)) - raft.server.log.appender.snapshot.chunk.size.max = 16MB (=16777216) (default)
2019-07-30 19:25:12,112 INFO  server.RaftServerConfigKeys (ConfUtils.java:logGet(43)) - raft.server.log.appender.buffer.byte-limit = 33554432 (custom)
2019-07-30 19:25:12,113 INFO  server.RaftServerConfigKeys (ConfUtils.java:logGet(43)) - raft.server.log.appender.buffer.element-limit = 1 (custom)
2019-07-30 19:25:12,116 INFO  grpc.GrpcConfigKeys$Server (ConfUtils.java:logGet(43)) - raft.grpc.server.leader.outstanding.appends.max = 128 (default)
2019-07-30 19:25:12,118 INFO  server.RaftServerConfigKeys (ConfUtils.java:logGet(43)) - raft.server.rpc.request.timeout = 3000ms (default)
2019-07-30 19:25:12,118 INFO  server.RaftServerConfigKeys (ConfUtils.java:logGet(43)) - raft.server.log.appender.install.snapshot.enabled = false (custom)
2019-07-30 19:25:12,118 INFO  server.RaftServerConfigKeys (ConfUtils.java:logGet(43)) - raft.server.log.appender.snapshot.chunk.size.max = 16MB (=16777216) (default)
2019-07-30 19:25:12,118 INFO  server.RaftServerConfigKeys (ConfUtils.java:logGet(43)) - raft.server.log.appender.buffer.byte-limit = 33554432 (custom)
2019-07-30 19:25:12,118 INFO  server.RaftServerConfigKeys (ConfUtils.java:logGet(43)) - raft.server.log.appender.buffer.element-limit = 1 (custom)
2019-07-30 19:25:12,119 INFO  grpc.GrpcConfigKeys$Server (ConfUtils.java:logGet(43)) - raft.grpc.server.leader.outstanding.appends.max = 128 (default)
2019-07-30 19:25:12,119 INFO  server.RaftServerConfigKeys (ConfUtils.java:logGet(43)) - raft.server.rpc.request.timeout = 3000ms (default)
2019-07-30 19:25:12,119 INFO  server.RaftServerConfigKeys (ConfUtils.java:logGet(43)) - raft.server.log.appender.install.snapshot.enabled = false (custom)
2019-07-30 19:25:12,120 INFO  impl.RoleInfo (RoleInfo.java:updateAndGet(143)) - 88fcb211-bcbb-4f9e-96ff-cf1ee420930f: start LeaderState
2019-07-30 19:25:12,121 INFO  segmented.SegmentedRaftLogWorker (SegmentedRaftLogWorker.java:startLogSegment(380)) - 88fcb211-bcbb-4f9e-96ff-cf1ee420930f-SegmentedRaftLogWorker:Storage Directory /workdir/hadoop-ozone/integration-test/target/test-dir/MiniOzoneClusterImpl-42384d6b-b67d-4fd2-8a74-534ae66fc332/datanode-0/data/ratis/ea9aa92a-d065-4e26-ae30-2bbf3a396a15: Starting segment from index:0
2019-07-30 19:25:12,122 INFO  impl.RaftServerImpl (ServerState.java:setRaftConf(361)) - 88fcb211-bcbb-4f9e-96ff-cf1ee420930f:group-2BBF3A396A15 set configuration 0: [6a4f679e-aef1-4eca-876c-0e3691f93789:192.168.5.147:38879, 70a1bb6b-0f49-4c42-8ee2-19d04b813aa0:192.168.5.147:39545, 88fcb211-bcbb-4f9e-96ff-cf1ee420930f:192.168.5.147:43851], old=null at 0
2019-07-30 19:25:12,151 INFO  segmented.SegmentedRaftLogWorker (SegmentedRaftLogWorker.java:execute(569)) - 88fcb211-bcbb-4f9e-96ff-cf1ee420930f-SegmentedRaftLogWorker:Storage Directory /workdir/hadoop-ozone/integration-test/target/test-dir/MiniOzoneClusterImpl-42384d6b-b67d-4fd2-8a74-534ae66fc332/datanode-0/data/ratis/ea9aa92a-d065-4e26-ae30-2bbf3a396a15: created new log segment /workdir/hadoop-ozone/integration-test/target/test-dir/MiniOzoneClusterImpl-42384d6b-b67d-4fd2-8a74-534ae66fc332/datanode-0/data/ratis/ea9aa92a-d065-4e26-ae30-2bbf3a396a15/current/log_inprogress_0
2019-07-30 19:25:12,170 INFO  impl.RaftServerImpl (ServerState.java:setLeader(263)) - 6a4f679e-aef1-4eca-876c-0e3691f93789:group-2BBF3A396A15 change Leader from null to 88fcb211-bcbb-4f9e-96ff-cf1ee420930f at term 1 for appendEntries, leader elected after 5193ms
2019-07-30 19:25:12,170 INFO  impl.RaftServerImpl (ServerState.java:setLeader(263)) - 70a1bb6b-0f49-4c42-8ee2-19d04b813aa0:group-2BBF3A396A15 change Leader from null to 88fcb211-bcbb-4f9e-96ff-cf1ee420930f at term 1 for appendEntries, leader elected after 5193ms
2019-07-30 19:25:12,212 INFO  impl.RaftServerImpl (ServerState.java:setRaftConf(361)) - 70a1bb6b-0f49-4c42-8ee2-19d04b813aa0:group-2BBF3A396A15 set configuration 0: [6a4f679e-aef1-4eca-876c-0e3691f93789:192.168.5.147:38879, 70a1bb6b-0f49-4c42-8ee2-19d04b813aa0:192.168.5.147:39545, 88fcb211-bcbb-4f9e-96ff-cf1ee420930f:192.168.5.147:43851], old=null at 0
2019-07-30 19:25:12,212 INFO  impl.RaftServerImpl (ServerState.java:setRaftConf(361)) - 6a4f679e-aef1-4eca-876c-0e3691f93789:group-2BBF3A396A15 set configuration 0: [6a4f679e-aef1-4eca-876c-0e3691f93789:192.168.5.147:38879, 70a1bb6b-0f49-4c42-8ee2-19d04b813aa0:192.168.5.147:39545, 88fcb211-bcbb-4f9e-96ff-cf1ee420930f:192.168.5.147:43851], old=null at 0
2019-07-30 19:25:12,213 INFO  segmented.SegmentedRaftLogWorker (SegmentedRaftLogWorker.java:startLogSegment(380)) - 70a1bb6b-0f49-4c42-8ee2-19d04b813aa0-SegmentedRaftLogWorker:Storage Directory /workdir/hadoop-ozone/integration-test/target/test-dir/MiniOzoneClusterImpl-42384d6b-b67d-4fd2-8a74-534ae66fc332/datanode-5/data/ratis/ea9aa92a-d065-4e26-ae30-2bbf3a396a15: Starting segment from index:0
2019-07-30 19:25:12,213 INFO  segmented.SegmentedRaftLogWorker (SegmentedRaftLogWorker.java:startLogSegment(380)) - 6a4f679e-aef1-4eca-876c-0e3691f93789-SegmentedRaftLogWorker:Storage Directory /workdir/hadoop-ozone/integration-test/target/test-dir/MiniOzoneClusterImpl-42384d6b-b67d-4fd2-8a74-534ae66fc332/datanode-2/data/ratis/ea9aa92a-d065-4e26-ae30-2bbf3a396a15: Starting segment from index:0
2019-07-30 19:25:12,243 INFO  segmented.SegmentedRaftLogWorker (SegmentedRaftLogWorker.java:execute(569)) - 70a1bb6b-0f49-4c42-8ee2-19d04b813aa0-SegmentedRaftLogWorker:Storage Directory /workdir/hadoop-ozone/integration-test/target/test-dir/MiniOzoneClusterImpl-42384d6b-b67d-4fd2-8a74-534ae66fc332/datanode-5/data/ratis/ea9aa92a-d065-4e26-ae30-2bbf3a396a15: created new log segment /workdir/hadoop-ozone/integration-test/target/test-dir/MiniOzoneClusterImpl-42384d6b-b67d-4fd2-8a74-534ae66fc332/datanode-5/data/ratis/ea9aa92a-d065-4e26-ae30-2bbf3a396a15/current/log_inprogress_0
2019-07-30 19:25:12,268 INFO  segmented.SegmentedRaftLogWorker (SegmentedRaftLogWorker.java:execute(569)) - 6a4f679e-aef1-4eca-876c-0e3691f93789-SegmentedRaftLogWorker:Storage Directory /workdir/hadoop-ozone/integration-test/target/test-dir/MiniOzoneClusterImpl-42384d6b-b67d-4fd2-8a74-534ae66fc332/datanode-2/data/ratis/ea9aa92a-d065-4e26-ae30-2bbf3a396a15: created new log segment /workdir/hadoop-ozone/integration-test/target/test-dir/MiniOzoneClusterImpl-42384d6b-b67d-4fd2-8a74-534ae66fc332/datanode-2/data/ratis/ea9aa92a-d065-4e26-ae30-2bbf3a396a15/current/log_inprogress_0
2019-07-30 19:25:12,308 INFO  impl.FollowerState (FollowerState.java:run(106)) - 20d3046f-97fb-4e85-81a2-bca6d0aac141:group-AD2141D77F2C changes to CANDIDATE, lastRpcTime:5175, electionTimeout:5173ms
2019-07-30 19:25:12,311 INFO  impl.RoleInfo (RoleInfo.java:shutdownFollowerState(121)) - 20d3046f-97fb-4e85-81a2-bca6d0aac141: shutdown FollowerState
2019-07-30 19:25:12,311 INFO  impl.RaftServerImpl (RaftServerImpl.java:setRole(171)) - 20d3046f-97fb-4e85-81a2-bca6d0aac141:group-AD2141D77F2C changes role from FOLLOWER to CANDIDATE at term 0 for changeToCandidate
2019-07-30 19:25:12,311 INFO  impl.RoleInfo (RoleInfo.java:updateAndGet(143)) - 20d3046f-97fb-4e85-81a2-bca6d0aac141: start LeaderElection
2019-07-30 19:25:12,316 INFO  impl.FollowerState (FollowerState.java:run(106)) - a142f5ec-8aba-49aa-bcdc-37d1c8969c1d:group-AD2141D77F2C changes to CANDIDATE, lastRpcTime:5190, electionTimeout:5190ms
2019-07-30 19:25:12,318 INFO  impl.FollowerState (FollowerState.java:run(106)) - 02c482de-ed81-4a84-8c9f-f8cc8228fdd9:group-AD2141D77F2C changes to CANDIDATE, lastRpcTime:5189, electionTimeout:5186ms
2019-07-30 19:25:12,318 INFO  impl.RoleInfo (RoleInfo.java:shutdownFollowerState(121)) - a142f5ec-8aba-49aa-bcdc-37d1c8969c1d: shutdown FollowerState
2019-07-30 19:25:12,318 INFO  impl.RoleInfo (RoleInfo.java:shutdownFollowerState(121)) - 02c482de-ed81-4a84-8c9f-f8cc8228fdd9: shutdown FollowerState
2019-07-30 19:25:12,318 INFO  impl.RaftServerImpl (RaftServerImpl.java:setRole(171)) - a142f5ec-8aba-49aa-bcdc-37d1c8969c1d:group-AD2141D77F2C changes role from FOLLOWER to CANDIDATE at term 0 for changeToCandidate
2019-07-30 19:25:12,318 INFO  impl.RaftServerImpl (RaftServerImpl.java:setRole(171)) - 02c482de-ed81-4a84-8c9f-f8cc8228fdd9:group-AD2141D77F2C changes role from FOLLOWER to CANDIDATE at term 0 for changeToCandidate
2019-07-30 19:25:12,318 INFO  impl.RoleInfo (RoleInfo.java:updateAndGet(143)) - a142f5ec-8aba-49aa-bcdc-37d1c8969c1d: start LeaderElection
2019-07-30 19:25:12,319 INFO  impl.RoleInfo (RoleInfo.java:updateAndGet(143)) - 02c482de-ed81-4a84-8c9f-f8cc8228fdd9: start LeaderElection
2019-07-30 19:25:12,330 INFO  impl.LeaderElection (LeaderElection.java:askForVotes(181)) - 20d3046f-97fb-4e85-81a2-bca6d0aac141:group-AD2141D77F2C:LeaderElection9: begin an election at term 1 for -1: [a142f5ec-8aba-49aa-bcdc-37d1c8969c1d:192.168.5.147:38246, 02c482de-ed81-4a84-8c9f-f8cc8228fdd9:192.168.5.147:34566, 20d3046f-97fb-4e85-81a2-bca6d0aac141:192.168.5.147:44076], old=null
2019-07-30 19:25:12,330 INFO  impl.LeaderElection (LeaderElection.java:askForVotes(181)) - 02c482de-ed81-4a84-8c9f-f8cc8228fdd9:group-AD2141D77F2C:LeaderElection11: begin an election at term 1 for -1: [a142f5ec-8aba-49aa-bcdc-37d1c8969c1d:192.168.5.147:38246, 02c482de-ed81-4a84-8c9f-f8cc8228fdd9:192.168.5.147:34566, 20d3046f-97fb-4e85-81a2-bca6d0aac141:192.168.5.147:44076], old=null
2019-07-30 19:25:12,330 INFO  impl.LeaderElection (LeaderElection.java:askForVotes(181)) - a142f5ec-8aba-49aa-bcdc-37d1c8969c1d:group-AD2141D77F2C:LeaderElection10: begin an election at term 1 for -1: [a142f5ec-8aba-49aa-bcdc-37d1c8969c1d:192.168.5.147:38246, 02c482de-ed81-4a84-8c9f-f8cc8228fdd9:192.168.5.147:34566, 20d3046f-97fb-4e85-81a2-bca6d0aac141:192.168.5.147:44076], old=null
2019-07-30 19:25:12,364 INFO  impl.LeaderElection (LeaderElection.java:logAndReturn(56)) - 02c482de-ed81-4a84-8c9f-f8cc8228fdd9:group-AD2141D77F2C:LeaderElection11: Election REJECTED; received 2 response(s) [02c482de-ed81-4a84-8c9f-f8cc8228fdd9<-a142f5ec-8aba-49aa-bcdc-37d1c8969c1d#0:FAIL-t1, 02c482de-ed81-4a84-8c9f-f8cc8228fdd9<-20d3046f-97fb-4e85-81a2-bca6d0aac141#0:FAIL-t1] and 0 exception(s); 02c482de-ed81-4a84-8c9f-f8cc8228fdd9:t1, leader=null, voted=02c482de-ed81-4a84-8c9f-f8cc8228fdd9, raftlog=02c482de-ed81-4a84-8c9f-f8cc8228fdd9-SegmentedRaftLog:OPENED:c-1,f-1,i0, conf=-1: [a142f5ec-8aba-49aa-bcdc-37d1c8969c1d:192.168.5.147:38246, 02c482de-ed81-4a84-8c9f-f8cc8228fdd9:192.168.5.147:34566, 20d3046f-97fb-4e85-81a2-bca6d0aac141:192.168.5.147:44076], old=null
2019-07-30 19:25:12,365 INFO  impl.RaftServerImpl (RaftServerImpl.java:setRole(171)) - 02c482de-ed81-4a84-8c9f-f8cc8228fdd9:group-AD2141D77F2C changes role from CANDIDATE to FOLLOWER at term 1 for DISCOVERED_A_NEW_TERM
2019-07-30 19:25:12,367 INFO  impl.RoleInfo (RoleInfo.java:shutdownLeaderElection(134)) - 02c482de-ed81-4a84-8c9f-f8cc8228fdd9: shutdown LeaderElection
2019-07-30 19:25:12,370 INFO  impl.RoleInfo (RoleInfo.java:updateAndGet(143)) - 02c482de-ed81-4a84-8c9f-f8cc8228fdd9: start FollowerState
2019-07-30 19:25:12,378 INFO  impl.LeaderElection (LeaderElection.java:logAndReturn(56)) - a142f5ec-8aba-49aa-bcdc-37d1c8969c1d:group-AD2141D77F2C:LeaderElection10: Election REJECTED; received 2 response(s) [a142f5ec-8aba-49aa-bcdc-37d1c8969c1d<-02c482de-ed81-4a84-8c9f-f8cc8228fdd9#0:FAIL-t1, a142f5ec-8aba-49aa-bcdc-37d1c8969c1d<-20d3046f-97fb-4e85-81a2-bca6d0aac141#0:FAIL-t1] and 0 exception(s); a142f5ec-8aba-49aa-bcdc-37d1c8969c1d:t1, leader=null, voted=a142f5ec-8aba-49aa-bcdc-37d1c8969c1d, raftlog=a142f5ec-8aba-49aa-bcdc-37d1c8969c1d-SegmentedRaftLog:OPENED:c-1,f-1,i0, conf=-1: [a142f5ec-8aba-49aa-bcdc-37d1c8969c1d:192.168.5.147:38246, 02c482de-ed81-4a84-8c9f-f8cc8228fdd9:192.168.5.147:34566, 20d3046f-97fb-4e85-81a2-bca6d0aac141:192.168.5.147:44076], old=null
2019-07-30 19:25:12,383 INFO  impl.RaftServerImpl (RaftServerImpl.java:setRole(171)) - a142f5ec-8aba-49aa-bcdc-37d1c8969c1d:group-AD2141D77F2C changes role from CANDIDATE to FOLLOWER at term 1 for DISCOVERED_A_NEW_TERM
2019-07-30 19:25:12,385 INFO  impl.RoleInfo (RoleInfo.java:shutdownLeaderElection(134)) - a142f5ec-8aba-49aa-bcdc-37d1c8969c1d: shutdown LeaderElection
2019-07-30 19:25:12,385 INFO  impl.RoleInfo (RoleInfo.java:updateAndGet(143)) - a142f5ec-8aba-49aa-bcdc-37d1c8969c1d: start FollowerState
2019-07-30 19:25:12,386 INFO  impl.LeaderElection (LeaderElection.java:logAndReturn(56)) - 20d3046f-97fb-4e85-81a2-bca6d0aac141:group-AD2141D77F2C:LeaderElection9: Election REJECTED; received 2 response(s) [20d3046f-97fb-4e85-81a2-bca6d0aac141<-a142f5ec-8aba-49aa-bcdc-37d1c8969c1d#0:FAIL-t1, 20d3046f-97fb-4e85-81a2-bca6d0aac141<-02c482de-ed81-4a84-8c9f-f8cc8228fdd9#0:FAIL-t1] and 0 exception(s); 20d3046f-97fb-4e85-81a2-bca6d0aac141:t1, leader=null, voted=20d3046f-97fb-4e85-81a2-bca6d0aac141, raftlog=20d3046f-97fb-4e85-81a2-bca6d0aac141-SegmentedRaftLog:OPENED:c-1,f-1,i0, conf=-1: [a142f5ec-8aba-49aa-bcdc-37d1c8969c1d:192.168.5.147:38246, 02c482de-ed81-4a84-8c9f-f8cc8228fdd9:192.168.5.147:34566, 20d3046f-97fb-4e85-81a2-bca6d0aac141:192.168.5.147:44076], old=null
2019-07-30 19:25:12,388 INFO  impl.RaftServerImpl (RaftServerImpl.java:setRole(171)) - 20d3046f-97fb-4e85-81a2-bca6d0aac141:group-AD2141D77F2C changes role from CANDIDATE to FOLLOWER at term 1 for DISCOVERED_A_NEW_TERM
2019-07-30 19:25:12,389 INFO  impl.RoleInfo (RoleInfo.java:shutdownLeaderElection(134)) - 20d3046f-97fb-4e85-81a2-bca6d0aac141: shutdown LeaderElection
2019-07-30 19:25:12,396 INFO  impl.RoleInfo (RoleInfo.java:updateAndGet(143)) - 20d3046f-97fb-4e85-81a2-bca6d0aac141: start FollowerState
2019-07-30 19:25:12,709 INFO  client.GrpcClientProtocolClient (GrpcClientProtocolClient.java:onNext(255)) - client-FA2343067D90->70a1bb6b-0f49-4c42-8ee2-19d04b813aa0: receive RaftClientReply:client-FA2343067D90->70a1bb6b-0f49-4c42-8ee2-19d04b813aa0@group-2BBF3A396A15, cid=16, FAILED org.apache.ratis.protocol.NotLeaderException: Server 70a1bb6b-0f49-4c42-8ee2-19d04b813aa0 is not the leader (88fcb211-bcbb-4f9e-96ff-cf1ee420930f:192.168.5.147:43851). Request must be sent to leader., logIndex=0, commits[70a1bb6b-0f49-4c42-8ee2-19d04b813aa0:c0, 6a4f679e-aef1-4eca-876c-0e3691f93789:c-1, 88fcb211-bcbb-4f9e-96ff-cf1ee420930f:c0]
2019-07-30 19:25:13,011 INFO  client.GrpcClientProtocolClient (GrpcClientProtocolClient.java:onNext(255)) - client-FA2343067D90->88fcb211-bcbb-4f9e-96ff-cf1ee420930f: receive RaftClientReply:client-FA2343067D90->88fcb211-bcbb-4f9e-96ff-cf1ee420930f@group-2BBF3A396A15, cid=16, SUCCESS, logIndex=1, commits[88fcb211-bcbb-4f9e-96ff-cf1ee420930f:c1, 6a4f679e-aef1-4eca-876c-0e3691f93789:c0, 70a1bb6b-0f49-4c42-8ee2-19d04b813aa0:c0]
2019-07-30 19:25:13,109 INFO  client.GrpcClientProtocolClient (GrpcClientProtocolClient.java:onNext(255)) - client-FA2343067D90->88fcb211-bcbb-4f9e-96ff-cf1ee420930f: receive RaftClientReply:client-FA2343067D90->88fcb211-bcbb-4f9e-96ff-cf1ee420930f@group-2BBF3A396A15, cid=17, SUCCESS, logIndex=3, commits[88fcb211-bcbb-4f9e-96ff-cf1ee420930f:c8, 6a4f679e-aef1-4eca-876c-0e3691f93789:c6, 70a1bb6b-0f49-4c42-8ee2-19d04b813aa0:c6]
2019-07-30 19:25:13,111 INFO  client.GrpcClientProtocolClient (GrpcClientProtocolClient.java:onNext(255)) - client-FA2343067D90->88fcb211-bcbb-4f9e-96ff-cf1ee420930f: receive RaftClientReply:client-FA2343067D90->88fcb211-bcbb-4f9e-96ff-cf1ee420930f@group-2BBF3A396A15, cid=18, SUCCESS, logIndex=5, commits[88fcb211-bcbb-4f9e-96ff-cf1ee420930f:c8, 6a4f679e-aef1-4eca-876c-0e3691f93789:c6, 70a1bb6b-0f49-4c42-8ee2-19d04b813aa0:c6]
2019-07-30 19:25:13,158 INFO  client.GrpcClientProtocolClient (GrpcClientProtocolClient.java:onNext(255)) - client-FA2343067D90->88fcb211-bcbb-4f9e-96ff-cf1ee420930f: receive RaftClientReply:client-FA2343067D90->88fcb211-bcbb-4f9e-96ff-cf1ee420930f@group-2BBF3A396A15, cid=19, SUCCESS, logIndex=6, commits[88fcb211-bcbb-4f9e-96ff-cf1ee420930f:c8, 6a4f679e-aef1-4eca-876c-0e3691f93789:c6, 70a1bb6b-0f49-4c42-8ee2-19d04b813aa0:c6]
2019-07-30 19:25:13,224 INFO  client.GrpcClientProtocolClient (GrpcClientProtocolClient.java:onNext(255)) - client-FA2343067D90->88fcb211-bcbb-4f9e-96ff-cf1ee420930f: receive RaftClientReply:client-FA2343067D90->88fcb211-bcbb-4f9e-96ff-cf1ee420930f@group-2BBF3A396A15, cid=20, SUCCESS, logIndex=9, commits[88fcb211-bcbb-4f9e-96ff-cf1ee420930f:c10, 6a4f679e-aef1-4eca-876c-0e3691f93789:c8, 70a1bb6b-0f49-4c42-8ee2-19d04b813aa0:c8]
2019-07-30 19:25:13,228 INFO  client.GrpcClientProtocolClient (GrpcClientProtocolClient.java:onNext(255)) - client-FA2343067D90->88fcb211-bcbb-4f9e-96ff-cf1ee420930f: receive RaftClientReply:client-FA2343067D90->88fcb211-bcbb-4f9e-96ff-cf1ee420930f@group-2BBF3A396A15, cid=21, SUCCESS, logIndex=10, commits[88fcb211-bcbb-4f9e-96ff-cf1ee420930f:c10, 6a4f679e-aef1-4eca-876c-0e3691f93789:c8, 70a1bb6b-0f49-4c42-8ee2-19d04b813aa0:c8]
2019-07-30 19:25:13,251 INFO  client.GrpcClientProtocolClient (GrpcClientProtocolClient.java:onNext(255)) - client-FA2343067D90->88fcb211-bcbb-4f9e-96ff-cf1ee420930f: receive RaftClientReply:client-FA2343067D90->88fcb211-bcbb-4f9e-96ff-cf1ee420930f@group-2BBF3A396A15, cid=22, SUCCESS, logIndex=11, commits[88fcb211-bcbb-4f9e-96ff-cf1ee420930f:c13, 6a4f679e-aef1-4eca-876c-0e3691f93789:c10, 70a1bb6b-0f49-4c42-8ee2-19d04b813aa0:c8]
2019-07-30 19:25:13,253 INFO  client.GrpcClientProtocolClient (GrpcClientProtocolClient.java:onNext(255)) - client-FA2343067D90->88fcb211-bcbb-4f9e-96ff-cf1ee420930f: receive RaftClientReply:client-FA2343067D90->88fcb211-bcbb-4f9e-96ff-cf1ee420930f@group-2BBF3A396A15, cid=23, SUCCESS, logIndex=12, commits[88fcb211-bcbb-4f9e-96ff-cf1ee420930f:c14, 6a4f679e-aef1-4eca-876c-0e3691f93789:c10, 70a1bb6b-0f49-4c42-8ee2-19d04b813aa0:c9]
2019-07-30 19:25:13,271 INFO  client.GrpcClientProtocolClient (GrpcClientProtocolClient.java:onNext(255)) - client-FA2343067D90->88fcb211-bcbb-4f9e-96ff-cf1ee420930f: receive RaftClientReply:client-FA2343067D90->88fcb211-bcbb-4f9e-96ff-cf1ee420930f@group-2BBF3A396A15, cid=24, SUCCESS, logIndex=0, commits[88fcb211-bcbb-4f9e-96ff-cf1ee420930f:c16, 6a4f679e-aef1-4eca-876c-0e3691f93789:c14, 70a1bb6b-0f49-4c42-8ee2-19d04b813aa0:c13]
2019-07-30 19:25:13,277 INFO  client.GrpcClientProtocolClient (GrpcClientProtocolClient.java:onNext(255)) - client-FA2343067D90->88fcb211-bcbb-4f9e-96ff-cf1ee420930f: receive RaftClientReply:client-FA2343067D90->88fcb211-bcbb-4f9e-96ff-cf1ee420930f@group-2BBF3A396A15, cid=25, SUCCESS, logIndex=0, commits[88fcb211-bcbb-4f9e-96ff-cf1ee420930f:c16, 6a4f679e-aef1-4eca-876c-0e3691f93789:c14, 70a1bb6b-0f49-4c42-8ee2-19d04b813aa0:c13]
2019-07-30 19:25:13,290 INFO  datanode.ObjectStoreHandler (ObjectStoreHandler.java:close(155)) - Closing ObjectStoreHandler.
2019-07-30 19:25:13,291 INFO  ozone.HddsDatanodeService (HddsDatanodeService.java:stop(451)) - Stopped plug-in org.apache.hadoop.ozone.web.OzoneHddsDatanodeService@6a98f353
2019-07-30 19:25:13,414 INFO  statemachine.DatanodeStateMachine (DatanodeStateMachine.java:lambda$startDaemon$0(350)) - Ozone container server started.
2019-07-30 19:25:13,434 INFO  client.GrpcClientProtocolClient (GrpcClientProtocolClient.java:onNext(255)) - client-FA2343067D90->88fcb211-bcbb-4f9e-96ff-cf1ee420930f: receive RaftClientReply:client-FA2343067D90->88fcb211-bcbb-4f9e-96ff-cf1ee420930f@group-2BBF3A396A15, cid=26, SUCCESS, logIndex=17, commits[88fcb211-bcbb-4f9e-96ff-cf1ee420930f:c18, 6a4f679e-aef1-4eca-876c-0e3691f93789:c16, 70a1bb6b-0f49-4c42-8ee2-19d04b813aa0:c16]
2019-07-30 19:25:13,474 INFO  client.GrpcClientProtocolClient (GrpcClientProtocolClient.java:onNext(255)) - client-FA2343067D90->88fcb211-bcbb-4f9e-96ff-cf1ee420930f: receive RaftClientReply:client-FA2343067D90->88fcb211-bcbb-4f9e-96ff-cf1ee420930f@group-2BBF3A396A15, cid=27, SUCCESS, logIndex=18, commits[88fcb211-bcbb-4f9e-96ff-cf1ee420930f:c20, 6a4f679e-aef1-4eca-876c-0e3691f93789:c18, 70a1bb6b-0f49-4c42-8ee2-19d04b813aa0:c18]
2019-07-30 19:25:17,442 INFO  impl.FollowerState (FollowerState.java:run(106)) - 20d3046f-97fb-4e85-81a2-bca6d0aac141:group-AD2141D77F2C changes to CANDIDATE, lastRpcTime:5045, electionTimeout:5045ms
2019-07-30 19:25:17,443 INFO  impl.RoleInfo (RoleInfo.java:shutdownFollowerState(121)) - 20d3046f-97fb-4e85-81a2-bca6d0aac141: shutdown FollowerState
2019-07-30 19:25:17,443 INFO  impl.RaftServerImpl (RaftServerImpl.java:setRole(171)) - 20d3046f-97fb-4e85-81a2-bca6d0aac141:group-AD2141D77F2C changes role from FOLLOWER to CANDIDATE at term 1 for changeToCandidate
2019-07-30 19:25:17,443 INFO  impl.RoleInfo (RoleInfo.java:updateAndGet(143)) - 20d3046f-97fb-4e85-81a2-bca6d0aac141: start LeaderElection
2019-07-30 19:25:17,461 INFO  impl.LeaderElection (LeaderElection.java:askForVotes(181)) - 20d3046f-97fb-4e85-81a2-bca6d0aac141:group-AD2141D77F2C:LeaderElection12: begin an election at term 2 for -1: [a142f5ec-8aba-49aa-bcdc-37d1c8969c1d:192.168.5.147:38246, 02c482de-ed81-4a84-8c9f-f8cc8228fdd9:192.168.5.147:34566, 20d3046f-97fb-4e85-81a2-bca6d0aac141:192.168.5.147:44076], old=null
2019-07-30 19:25:17,471 INFO  impl.RaftServerImpl (RaftServerImpl.java:setRole(171)) - 02c482de-ed81-4a84-8c9f-f8cc8228fdd9:group-AD2141D77F2C changes role from FOLLOWER to FOLLOWER at term 2 for recognizeCandidate:20d3046f-97fb-4e85-81a2-bca6d0aac141
2019-07-30 19:25:17,471 INFO  impl.RaftServerImpl (RaftServerImpl.java:setRole(171)) - a142f5ec-8aba-49aa-bcdc-37d1c8969c1d:group-AD2141D77F2C changes role from FOLLOWER to FOLLOWER at term 2 for recognizeCandidate:20d3046f-97fb-4e85-81a2-bca6d0aac141
2019-07-30 19:25:17,471 INFO  impl.RoleInfo (RoleInfo.java:shutdownFollowerState(121)) - 02c482de-ed81-4a84-8c9f-f8cc8228fdd9: shutdown FollowerState
2019-07-30 19:25:17,472 INFO  impl.RoleInfo (RoleInfo.java:shutdownFollowerState(121)) - a142f5ec-8aba-49aa-bcdc-37d1c8969c1d: shutdown FollowerState
2019-07-30 19:25:17,472 INFO  impl.RoleInfo (RoleInfo.java:updateAndGet(143)) - 02c482de-ed81-4a84-8c9f-f8cc8228fdd9: start FollowerState
2019-07-30 19:25:17,472 INFO  impl.RoleInfo (RoleInfo.java:updateAndGet(143)) - a142f5ec-8aba-49aa-bcdc-37d1c8969c1d: start FollowerState
2019-07-30 19:25:17,472 INFO  impl.FollowerState (FollowerState.java:run(114)) - 02c482de-ed81-4a84-8c9f-f8cc8228fdd9: FollowerState was interrupted: java.lang.InterruptedException: sleep interrupted
2019-07-30 19:25:17,472 INFO  impl.FollowerState (FollowerState.java:run(114)) - a142f5ec-8aba-49aa-bcdc-37d1c8969c1d: FollowerState was interrupted: java.lang.InterruptedException: sleep interrupted
2019-07-30 19:25:17,484 INFO  impl.LeaderElection (LeaderElection.java:logAndReturn(56)) - 20d3046f-97fb-4e85-81a2-bca6d0aac141:group-AD2141D77F2C:LeaderElection12: Election PASSED; received 1 response(s) [20d3046f-97fb-4e85-81a2-bca6d0aac141<-02c482de-ed81-4a84-8c9f-f8cc8228fdd9#0:OK-t2] and 0 exception(s); 20d3046f-97fb-4e85-81a2-bca6d0aac141:t2, leader=null, voted=20d3046f-97fb-4e85-81a2-bca6d0aac141, raftlog=20d3046f-97fb-4e85-81a2-bca6d0aac141-SegmentedRaftLog:OPENED:c-1,f-1,i0, conf=-1: [a142f5ec-8aba-49aa-bcdc-37d1c8969c1d:192.168.5.147:38246, 02c482de-ed81-4a84-8c9f-f8cc8228fdd9:192.168.5.147:34566, 20d3046f-97fb-4e85-81a2-bca6d0aac141:192.168.5.147:44076], old=null
2019-07-30 19:25:17,484 INFO  impl.RoleInfo (RoleInfo.java:shutdownLeaderElection(134)) - 20d3046f-97fb-4e85-81a2-bca6d0aac141: shutdown LeaderElection
2019-07-30 19:25:17,486 INFO  impl.RaftServerImpl (RaftServerImpl.java:setRole(171)) - 20d3046f-97fb-4e85-81a2-bca6d0aac141:group-AD2141D77F2C changes role from CANDIDATE to LEADER at term 2 for changeToLeader
2019-07-30 19:25:17,486 INFO  impl.RaftServerImpl (ServerState.java:setLeader(263)) - 20d3046f-97fb-4e85-81a2-bca6d0aac141:group-AD2141D77F2C change Leader from null to 20d3046f-97fb-4e85-81a2-bca6d0aac141 at term 2 for becomeLeader, leader elected after 10375ms
2019-07-30 19:25:17,486 INFO  server.RaftServerConfigKeys (ConfUtils.java:logGet(43)) - raft.server.staging.catchup.gap = 1000 (default)
2019-07-30 19:25:17,487 INFO  server.RaftServerConfigKeys (ConfUtils.java:logGet(43)) - raft.server.rpc.sleep.time = 25ms (default)
2019-07-30 19:25:17,487 INFO  server.RaftServerConfigKeys (ConfUtils.java:logGet(43)) - raft.server.write.element-limit = 4096 (default)
2019-07-30 19:25:17,487 INFO  server.RaftServerConfigKeys (ConfUtils.java:logGet(43)) - raft.server.watch.timeout = 10s (default)
2019-07-30 19:25:17,487 INFO  server.RaftServerConfigKeys (ConfUtils.java:logGet(43)) - raft.server.watch.timeout.denomination = 1s (default)
2019-07-30 19:25:17,487 INFO  server.RaftServerConfigKeys (ConfUtils.java:logGet(43)) - raft.server.watch.element-limit = 65536 (default)
2019-07-30 19:25:17,488 INFO  server.RaftServerConfigKeys (ConfUtils.java:logGet(43)) - raft.server.log.appender.snapshot.chunk.size.max = 16MB (=16777216) (default)
2019-07-30 19:25:17,488 INFO  server.RaftServerConfigKeys (ConfUtils.java:logGet(43)) - raft.server.log.appender.buffer.byte-limit = 33554432 (custom)
2019-07-30 19:25:17,488 INFO  server.RaftServerConfigKeys (ConfUtils.java:logGet(43)) - raft.server.log.appender.buffer.element-limit = 1 (custom)
2019-07-30 19:25:17,489 INFO  grpc.GrpcConfigKeys$Server (ConfUtils.java:logGet(43)) - raft.grpc.server.leader.outstanding.appends.max = 128 (default)
2019-07-30 19:25:17,489 INFO  server.RaftServerConfigKeys (ConfUtils.java:logGet(43)) - raft.server.rpc.request.timeout = 3000ms (default)
2019-07-30 19:25:17,489 INFO  server.RaftServerConfigKeys (ConfUtils.java:logGet(43)) - raft.server.log.appender.install.snapshot.enabled = false (custom)
2019-07-30 19:25:17,489 INFO  server.RaftServerConfigKeys (ConfUtils.java:logGet(43)) - raft.server.log.appender.snapshot.chunk.size.max = 16MB (=16777216) (default)
2019-07-30 19:25:17,489 INFO  server.RaftServerConfigKeys (ConfUtils.java:logGet(43)) - raft.server.log.appender.buffer.byte-limit = 33554432 (custom)
2019-07-30 19:25:17,490 INFO  server.RaftServerConfigKeys (ConfUtils.java:logGet(43)) - raft.server.log.appender.buffer.element-limit = 1 (custom)
2019-07-30 19:25:17,490 INFO  grpc.GrpcConfigKeys$Server (ConfUtils.java:logGet(43)) - raft.grpc.server.leader.outstanding.appends.max = 128 (default)
2019-07-30 19:25:17,490 INFO  server.RaftServerConfigKeys (ConfUtils.java:logGet(43)) - raft.server.rpc.request.timeout = 3000ms (default)
2019-07-30 19:25:17,490 INFO  server.RaftServerConfigKeys (ConfUtils.java:logGet(43)) - raft.server.log.appender.install.snapshot.enabled = false (custom)
2019-07-30 19:25:17,491 INFO  impl.RoleInfo (RoleInfo.java:updateAndGet(143)) - 20d3046f-97fb-4e85-81a2-bca6d0aac141: start LeaderState
2019-07-30 19:25:17,491 INFO  segmented.SegmentedRaftLogWorker (SegmentedRaftLogWorker.java:startLogSegment(380)) - 20d3046f-97fb-4e85-81a2-bca6d0aac141-SegmentedRaftLogWorker:Storage Directory /workdir/hadoop-ozone/integration-test/target/test-dir/MiniOzoneClusterImpl-42384d6b-b67d-4fd2-8a74-534ae66fc332/datanode-3/data/ratis/19cda09f-3940-4229-85ef-ad2141d77f2c: Starting segment from index:0
2019-07-30 19:25:17,492 INFO  impl.RaftServerImpl (ServerState.java:setRaftConf(361)) - 20d3046f-97fb-4e85-81a2-bca6d0aac141:group-AD2141D77F2C set configuration 0: [a142f5ec-8aba-49aa-bcdc-37d1c8969c1d:192.168.5.147:38246, 02c482de-ed81-4a84-8c9f-f8cc8228fdd9:192.168.5.147:34566, 20d3046f-97fb-4e85-81a2-bca6d0aac141:192.168.5.147:44076], old=null at 0
2019-07-30 19:25:17,528 INFO  impl.RaftServerImpl (ServerState.java:setLeader(263)) - a142f5ec-8aba-49aa-bcdc-37d1c8969c1d:group-AD2141D77F2C change Leader from null to 20d3046f-97fb-4e85-81a2-bca6d0aac141 at term 2 for appendEntries, leader elected after 10417ms
2019-07-30 19:25:17,531 INFO  impl.RaftServerImpl (ServerState.java:setLeader(263)) - 02c482de-ed81-4a84-8c9f-f8cc8228fdd9:group-AD2141D77F2C change Leader from null to 20d3046f-97fb-4e85-81a2-bca6d0aac141 at term 2 for appendEntries, leader elected after 10420ms
2019-07-30 19:25:17,534 INFO  impl.RaftServerImpl (ServerState.java:setRaftConf(361)) - a142f5ec-8aba-49aa-bcdc-37d1c8969c1d:group-AD2141D77F2C set configuration 0: [a142f5ec-8aba-49aa-bcdc-37d1c8969c1d:192.168.5.147:38246, 02c482de-ed81-4a84-8c9f-f8cc8228fdd9:192.168.5.147:34566, 20d3046f-97fb-4e85-81a2-bca6d0aac141:192.168.5.147:44076], old=null at 0
2019-07-30 19:25:17,535 INFO  segmented.SegmentedRaftLogWorker (SegmentedRaftLogWorker.java:startLogSegment(380)) - a142f5ec-8aba-49aa-bcdc-37d1c8969c1d-SegmentedRaftLogWorker:Storage Directory /workdir/hadoop-ozone/integration-test/target/test-dir/MiniOzoneClusterImpl-42384d6b-b67d-4fd2-8a74-534ae66fc332/datanode-4/data/ratis/19cda09f-3940-4229-85ef-ad2141d77f2c: Starting segment from index:0
2019-07-30 19:25:17,535 INFO  impl.RaftServerImpl (ServerState.java:setRaftConf(361)) - 02c482de-ed81-4a84-8c9f-f8cc8228fdd9:group-AD2141D77F2C set configuration 0: [a142f5ec-8aba-49aa-bcdc-37d1c8969c1d:192.168.5.147:38246, 02c482de-ed81-4a84-8c9f-f8cc8228fdd9:192.168.5.147:34566, 20d3046f-97fb-4e85-81a2-bca6d0aac141:192.168.5.147:44076], old=null at 0
2019-07-30 19:25:17,536 INFO  segmented.SegmentedRaftLogWorker (SegmentedRaftLogWorker.java:startLogSegment(380)) - 02c482de-ed81-4a84-8c9f-f8cc8228fdd9-SegmentedRaftLogWorker:Storage Directory /workdir/hadoop-ozone/integration-test/target/test-dir/MiniOzoneClusterImpl-42384d6b-b67d-4fd2-8a74-534ae66fc332/datanode-1/data/ratis/19cda09f-3940-4229-85ef-ad2141d77f2c: Starting segment from index:0
2019-07-30 19:25:17,536 INFO  segmented.SegmentedRaftLogWorker (SegmentedRaftLogWorker.java:execute(569)) - 20d3046f-97fb-4e85-81a2-bca6d0aac141-SegmentedRaftLogWorker:Storage Directory /workdir/hadoop-ozone/integration-test/target/test-dir/MiniOzoneClusterImpl-42384d6b-b67d-4fd2-8a74-534ae66fc332/datanode-3/data/ratis/19cda09f-3940-4229-85ef-ad2141d77f2c: created new log segment /workdir/hadoop-ozone/integration-test/target/test-dir/MiniOzoneClusterImpl-42384d6b-b67d-4fd2-8a74-534ae66fc332/datanode-3/data/ratis/19cda09f-3940-4229-85ef-ad2141d77f2c/current/log_inprogress_0
2019-07-30 19:25:17,565 INFO  segmented.SegmentedRaftLogWorker (SegmentedRaftLogWorker.java:execute(569)) - a142f5ec-8aba-49aa-bcdc-37d1c8969c1d-SegmentedRaftLogWorker:Storage Directory /workdir/hadoop-ozone/integration-test/target/test-dir/MiniOzoneClusterImpl-42384d6b-b67d-4fd2-8a74-534ae66fc332/datanode-4/data/ratis/19cda09f-3940-4229-85ef-ad2141d77f2c: created new log segment /workdir/hadoop-ozone/integration-test/target/test-dir/MiniOzoneClusterImpl-42384d6b-b67d-4fd2-8a74-534ae66fc332/datanode-4/data/ratis/19cda09f-3940-4229-85ef-ad2141d77f2c/current/log_inprogress_0
2019-07-30 19:25:17,575 INFO  segmented.SegmentedRaftLogWorker (SegmentedRaftLogWorker.java:execute(569)) - 02c482de-ed81-4a84-8c9f-f8cc8228fdd9-SegmentedRaftLogWorker:Storage Directory /workdir/hadoop-ozone/integration-test/target/test-dir/MiniOzoneClusterImpl-42384d6b-b67d-4fd2-8a74-534ae66fc332/datanode-1/data/ratis/19cda09f-3940-4229-85ef-ad2141d77f2c: created new log segment /workdir/hadoop-ozone/integration-test/target/test-dir/MiniOzoneClusterImpl-42384d6b-b67d-4fd2-8a74-534ae66fc332/datanode-1/data/ratis/19cda09f-3940-4229-85ef-ad2141d77f2c/current/log_inprogress_0
2019-07-30 19:25:18,293 INFO  ozoneimpl.OzoneContainer (OzoneContainer.java:stop(199)) - Attempting to stop container services.
2019-07-30 19:25:18,298 INFO  impl.RaftServerProxy (RaftServerProxy.java:lambda$close$4(314)) - 6a4f679e-aef1-4eca-876c-0e3691f93789: close
2019-07-30 19:25:18,300 INFO  impl.RaftServerImpl (RaftServerImpl.java:lambda$shutdown$3(245)) - 6a4f679e-aef1-4eca-876c-0e3691f93789: shutdown group-2BBF3A396A15
2019-07-30 19:25:18,301 INFO  util.JmxRegister (JmxRegister.java:unregister(73)) - Successfully un-registered JMX Bean with object name Ratis:service=RaftServer,group=group-2BBF3A396A15,id=6a4f679e-aef1-4eca-876c-0e3691f93789
2019-07-30 19:25:18,301 INFO  impl.RoleInfo (RoleInfo.java:shutdownFollowerState(121)) - 6a4f679e-aef1-4eca-876c-0e3691f93789: shutdown FollowerState
2019-07-30 19:25:18,302 INFO  impl.StateMachineUpdater (StateMachineUpdater.java:stopAndJoin(115)) - StateMachineUpdater:6a4f679e-aef1-4eca-876c-0e3691f93789:group-2BBF3A396A15: set stopIndex = 20
2019-07-30 19:25:18,302 INFO  impl.FollowerState (FollowerState.java:run(114)) - 6a4f679e-aef1-4eca-876c-0e3691f93789: FollowerState was interrupted: java.lang.InterruptedException: sleep interrupted
2019-07-30 19:25:18,304 INFO  ratis.ContainerStateMachine (ContainerStateMachine.java:takeSnapshot(262)) - group-2BBF3A396A15: Taking a snapshot at:(t:1, i:18) file /workdir/hadoop-ozone/integration-test/target/test-dir/MiniOzoneClusterImpl-42384d6b-b67d-4fd2-8a74-534ae66fc332/datanode-2/data/ratis/ea9aa92a-d065-4e26-ae30-2bbf3a396a15/sm/snapshot.1_18
2019-07-30 19:25:18,333 INFO  ratis.ContainerStateMachine (ContainerStateMachine.java:takeSnapshot(273)) - group-2BBF3A396A15: Finished taking a snapshot at:(t:1, i:18) file:/workdir/hadoop-ozone/integration-test/target/test-dir/MiniOzoneClusterImpl-42384d6b-b67d-4fd2-8a74-534ae66fc332/datanode-2/data/ratis/ea9aa92a-d065-4e26-ae30-2bbf3a396a15/sm/snapshot.1_18 time:30
2019-07-30 19:25:18,333 INFO  impl.StateMachineUpdater (StateMachineUpdater.java:takeSnapshot(242)) - StateMachineUpdater:6a4f679e-aef1-4eca-876c-0e3691f93789:group-2BBF3A396A15: Took a snapshot at index 18
2019-07-30 19:25:18,346 INFO  impl.StateMachineUpdater (StateMachineUpdater.java:lambda$new$0(80)) - StateMachineUpdater:6a4f679e-aef1-4eca-876c-0e3691f93789:group-2BBF3A396A15: snapshotIndex: updateIncreasingly -1 -> 18
2019-07-30 19:25:18,352 INFO  impl.RaftServerImpl (ServerState.java:close(394)) - 6a4f679e-aef1-4eca-876c-0e3691f93789:group-2BBF3A396A15 closes. The last applied log index is 20
2019-07-30 19:25:18,354 INFO  segmented.SegmentedRaftLogWorker (SegmentedRaftLogWorker.java:run(313)) - 6a4f679e-aef1-4eca-876c-0e3691f93789-SegmentedRaftLogWorker:Storage Directory /workdir/hadoop-ozone/integration-test/target/test-dir/MiniOzoneClusterImpl-42384d6b-b67d-4fd2-8a74-534ae66fc332/datanode-2/data/ratis/ea9aa92a-d065-4e26-ae30-2bbf3a396a15 was interrupted, exiting. There are 0 tasks remaining in the queue.
2019-07-30 19:25:18,356 INFO  segmented.SegmentedRaftLogWorker (SegmentedRaftLogWorker.java:close(228)) - 6a4f679e-aef1-4eca-876c-0e3691f93789-SegmentedRaftLogWorker:Storage Directory /workdir/hadoop-ozone/integration-test/target/test-dir/MiniOzoneClusterImpl-42384d6b-b67d-4fd2-8a74-534ae66fc332/datanode-2/data/ratis/ea9aa92a-d065-4e26-ae30-2bbf3a396a15 close()
2019-07-30 19:25:18,360 INFO  impl.RaftServerImpl (RaftServerImpl.java:lambda$shutdown$3(245)) - 6a4f679e-aef1-4eca-876c-0e3691f93789: shutdown group-1D41AEC8E32E
2019-07-30 19:25:18,361 INFO  util.JmxRegister (JmxRegister.java:unregister(73)) - Successfully un-registered JMX Bean with object name Ratis:service=RaftServer,group=group-1D41AEC8E32E,id=6a4f679e-aef1-4eca-876c-0e3691f93789
2019-07-30 19:25:18,361 INFO  impl.RoleInfo (RoleInfo.java:shutdownLeaderState(104)) - 6a4f679e-aef1-4eca-876c-0e3691f93789: shutdown LeaderState
2019-07-30 19:25:18,362 INFO  impl.PendingRequests (PendingRequests.java:sendNotLeaderResponses(202)) - 6a4f679e-aef1-4eca-876c-0e3691f93789-PendingRequests: sendNotLeaderResponses
2019-07-30 19:25:18,364 INFO  impl.StateMachineUpdater (StateMachineUpdater.java:stopAndJoin(115)) - StateMachineUpdater:6a4f679e-aef1-4eca-876c-0e3691f93789:group-1D41AEC8E32E: set stopIndex = 0
2019-07-30 19:25:18,366 INFO  impl.RaftServerImpl (ServerState.java:close(394)) - 6a4f679e-aef1-4eca-876c-0e3691f93789:group-1D41AEC8E32E closes. The last applied log index is 0
2019-07-30 19:25:18,367 INFO  segmented.SegmentedRaftLogWorker (SegmentedRaftLogWorker.java:run(313)) - 6a4f679e-aef1-4eca-876c-0e3691f93789-SegmentedRaftLogWorker:Storage Directory /workdir/hadoop-ozone/integration-test/target/test-dir/MiniOzoneClusterImpl-42384d6b-b67d-4fd2-8a74-534ae66fc332/datanode-2/data/ratis/53c0bc91-84b7-41e6-b740-1d41aec8e32e was interrupted, exiting. There are 0 tasks remaining in the queue.
2019-07-30 19:25:18,369 INFO  segmented.SegmentedRaftLogWorker (SegmentedRaftLogWorker.java:close(228)) - 6a4f679e-aef1-4eca-876c-0e3691f93789-SegmentedRaftLogWorker:Storage Directory /workdir/hadoop-ozone/integration-test/target/test-dir/MiniOzoneClusterImpl-42384d6b-b67d-4fd2-8a74-534ae66fc332/datanode-2/data/ratis/53c0bc91-84b7-41e6-b740-1d41aec8e32e close()
2019-07-30 19:25:18,373 INFO  server.GrpcService (GrpcService.java:closeImpl(155)) - 6a4f679e-aef1-4eca-876c-0e3691f93789: shutdown server with port 38879 now
2019-07-30 19:25:18,386 INFO  server.GrpcService (GrpcService.java:closeImpl(163)) - 6a4f679e-aef1-4eca-876c-0e3691f93789: shutdown server with port 38879 successfully
2019-07-30 19:25:18,387 WARN  server.GrpcServerProtocolService (LogUtils.java:warn(134)) - 6a4f679e-aef1-4eca-876c-0e3691f93789: appendEntries onError: org.apache.ratis.thirdparty.io.grpc.StatusRuntimeException: CANCELLED: cancelled before receiving half close
2019-07-30 19:25:18,388 WARN  server.GrpcLogAppender (LogUtils.java:warn(134)) - 88fcb211-bcbb-4f9e-96ff-cf1ee420930f->6a4f679e-aef1-4eca-876c-0e3691f93789: Failed appendEntries: org.apache.ratis.thirdparty.io.grpc.StatusRuntimeException: CANCELLED: HTTP/2 error code: CANCEL
Received Rst Stream
2019-07-30 19:25:18,393 INFO  impl.FollowerInfo (FollowerInfo.java:lambda$new$0(50)) - 88fcb211-bcbb-4f9e-96ff-cf1ee420930f->6a4f679e-aef1-4eca-876c-0e3691f93789: nextIndex: updateUnconditionally 21 -> 20
2019-07-30 19:25:18,397 INFO  utils.BackgroundService (BackgroundService.java:shutdown(148)) - Shutting down service BlockDeletingService
2019-07-30 19:25:18,398 WARN  fs.CachingGetSpaceUsed (CachingGetSpaceUsed.java:run(183)) - Thread Interrupted waiting to refresh disk information: sleep interrupted
2019-07-30 19:25:18,421 INFO  statemachine.DatanodeStateMachine (DatanodeStateMachine.java:stopDaemon(395)) - Ozone container server stopped.
2019-07-30 19:25:18,424 INFO  handler.ContextHandler (ContextHandler.java:doStop(910)) - Stopped o.e.j.w.WebAppContext@35787726{/,null,UNAVAILABLE}{/hddsDatanode}
2019-07-30 19:25:18,431 INFO  server.AbstractConnector (AbstractConnector.java:doStop(318)) - Stopped ServerConnector@2199e845{HTTP/1.1,[http/1.1]}{0.0.0.0:0}
2019-07-30 19:25:18,431 INFO  handler.ContextHandler (ContextHandler.java:doStop(910)) - Stopped o.e.j.s.ServletContextHandler@6b63abdc{/static,jar:file:/home/user/.m2/repository/org/apache/hadoop/hadoop-hdds-container-service/0.4.1-SNAPSHOT/hadoop-hdds-container-service-0.4.1-SNAPSHOT.jar!/webapps/static,UNAVAILABLE}
2019-07-30 19:25:18,431 INFO  handler.ContextHandler (ContextHandler.java:doStop(910)) - Stopped o.e.j.s.ServletContextHandler@7cfb0c4c{/logs,file:///workdir/hadoop-ozone/integration-test/target/log,UNAVAILABLE}
2019-07-30 19:25:18,433 INFO  datanode.ObjectStoreHandler (ObjectStoreHandler.java:close(155)) - Closing ObjectStoreHandler.
2019-07-30 19:25:18,434 INFO  ozone.HddsDatanodeService (HddsDatanodeService.java:stop(451)) - Stopped plug-in org.apache.hadoop.ozone.web.OzoneHddsDatanodeService@44fd7ba4
2019-07-30 19:25:18,473 WARN  server.GrpcLogAppender (LogUtils.java:warn(134)) - 88fcb211-bcbb-4f9e-96ff-cf1ee420930f->6a4f679e-aef1-4eca-876c-0e3691f93789: Failed appendEntries: org.apache.ratis.thirdparty.io.grpc.StatusRuntimeException: UNAVAILABLE: io exception
2019-07-30 19:25:18,476 INFO  impl.FollowerInfo (FollowerInfo.java:lambda$new$0(50)) - 88fcb211-bcbb-4f9e-96ff-cf1ee420930f->6a4f679e-aef1-4eca-876c-0e3691f93789: nextIndex: updateUnconditionally 20 -> 19
2019-07-30 19:25:19,414 INFO  statemachine.DatanodeStateMachine (DatanodeStateMachine.java:lambda$startDaemon$0(350)) - Ozone container server started.
2019-07-30 19:25:20,970 WARN  server.GrpcLogAppender (LogUtils.java:warn(134)) - 88fcb211-bcbb-4f9e-96ff-cf1ee420930f->6a4f679e-aef1-4eca-876c-0e3691f93789: Failed appendEntries: org.apache.ratis.thirdparty.io.grpc.StatusRuntimeException: UNAVAILABLE: io exception
2019-07-30 19:25:20,973 INFO  impl.FollowerInfo (FollowerInfo.java:lambda$new$0(50)) - 88fcb211-bcbb-4f9e-96ff-cf1ee420930f->6a4f679e-aef1-4eca-876c-0e3691f93789: nextIndex: updateUnconditionally 19 -> 18
2019-07-30 19:25:23,435 INFO  ozoneimpl.OzoneContainer (OzoneContainer.java:stop(199)) - Attempting to stop container services.
2019-07-30 19:25:23,435 INFO  impl.RaftServerProxy (RaftServerProxy.java:lambda$close$4(314)) - 70a1bb6b-0f49-4c42-8ee2-19d04b813aa0: close
2019-07-30 19:25:23,436 INFO  impl.RaftServerImpl (RaftServerImpl.java:lambda$shutdown$3(245)) - 70a1bb6b-0f49-4c42-8ee2-19d04b813aa0: shutdown group-2BBF3A396A15
2019-07-30 19:25:23,437 INFO  util.JmxRegister (JmxRegister.java:unregister(73)) - Successfully un-registered JMX Bean with object name Ratis:service=RaftServer,group=group-2BBF3A396A15,id=70a1bb6b-0f49-4c42-8ee2-19d04b813aa0
2019-07-30 19:25:23,437 INFO  impl.RoleInfo (RoleInfo.java:shutdownFollowerState(121)) - 70a1bb6b-0f49-4c42-8ee2-19d04b813aa0: shutdown FollowerState
2019-07-30 19:25:23,438 INFO  impl.StateMachineUpdater (StateMachineUpdater.java:stopAndJoin(115)) - StateMachineUpdater:70a1bb6b-0f49-4c42-8ee2-19d04b813aa0:group-2BBF3A396A15: set stopIndex = 20
2019-07-30 19:25:23,438 INFO  ratis.ContainerStateMachine (ContainerStateMachine.java:takeSnapshot(262)) - group-2BBF3A396A15: Taking a snapshot at:(t:1, i:18) file /workdir/hadoop-ozone/integration-test/target/test-dir/MiniOzoneClusterImpl-42384d6b-b67d-4fd2-8a74-534ae66fc332/datanode-5/data/ratis/ea9aa92a-d065-4e26-ae30-2bbf3a396a15/sm/snapshot.1_18
2019-07-30 19:25:23,438 INFO  impl.FollowerState (FollowerState.java:run(114)) - 70a1bb6b-0f49-4c42-8ee2-19d04b813aa0: FollowerState was interrupted: java.lang.InterruptedException: sleep interrupted
2019-07-30 19:25:23,453 INFO  ratis.ContainerStateMachine (ContainerStateMachine.java:takeSnapshot(273)) - group-2BBF3A396A15: Finished taking a snapshot at:(t:1, i:18) file:/workdir/hadoop-ozone/integration-test/target/test-dir/MiniOzoneClusterImpl-42384d6b-b67d-4fd2-8a74-534ae66fc332/datanode-5/data/ratis/ea9aa92a-d065-4e26-ae30-2bbf3a396a15/sm/snapshot.1_18 time:16
2019-07-30 19:25:23,454 INFO  impl.StateMachineUpdater (StateMachineUpdater.java:takeSnapshot(242)) - StateMachineUpdater:70a1bb6b-0f49-4c42-8ee2-19d04b813aa0:group-2BBF3A396A15: Took a snapshot at index 18
2019-07-30 19:25:23,454 INFO  impl.StateMachineUpdater (StateMachineUpdater.java:lambda$new$0(80)) - StateMachineUpdater:70a1bb6b-0f49-4c42-8ee2-19d04b813aa0:group-2BBF3A396A15: snapshotIndex: updateIncreasingly -1 -> 18
2019-07-30 19:25:23,455 INFO  impl.RaftServerImpl (ServerState.java:close(394)) - 70a1bb6b-0f49-4c42-8ee2-19d04b813aa0:group-2BBF3A396A15 closes. The last applied log index is 20
2019-07-30 19:25:23,455 INFO  segmented.SegmentedRaftLogWorker (SegmentedRaftLogWorker.java:run(313)) - 70a1bb6b-0f49-4c42-8ee2-19d04b813aa0-SegmentedRaftLogWorker:Storage Directory /workdir/hadoop-ozone/integration-test/target/test-dir/MiniOzoneClusterImpl-42384d6b-b67d-4fd2-8a74-534ae66fc332/datanode-5/data/ratis/ea9aa92a-d065-4e26-ae30-2bbf3a396a15 was interrupted, exiting. There are 0 tasks remaining in the queue.
2019-07-30 19:25:23,457 INFO  segmented.SegmentedRaftLogWorker (SegmentedRaftLogWorker.java:close(228)) - 70a1bb6b-0f49-4c42-8ee2-19d04b813aa0-SegmentedRaftLogWorker:Storage Directory /workdir/hadoop-ozone/integration-test/target/test-dir/MiniOzoneClusterImpl-42384d6b-b67d-4fd2-8a74-534ae66fc332/datanode-5/data/ratis/ea9aa92a-d065-4e26-ae30-2bbf3a396a15 close()
2019-07-30 19:25:23,461 INFO  impl.RaftServerImpl (RaftServerImpl.java:lambda$shutdown$3(245)) - 70a1bb6b-0f49-4c42-8ee2-19d04b813aa0: shutdown group-62CA726A8F30
2019-07-30 19:25:23,462 INFO  util.JmxRegister (JmxRegister.java:unregister(73)) - Successfully un-registered JMX Bean with object name Ratis:service=RaftServer,group=group-62CA726A8F30,id=70a1bb6b-0f49-4c42-8ee2-19d04b813aa0
2019-07-30 19:25:23,462 INFO  impl.RoleInfo (RoleInfo.java:shutdownLeaderState(104)) - 70a1bb6b-0f49-4c42-8ee2-19d04b813aa0: shutdown LeaderState
2019-07-30 19:25:23,462 INFO  impl.PendingRequests (PendingRequests.java:sendNotLeaderResponses(202)) - 70a1bb6b-0f49-4c42-8ee2-19d04b813aa0-PendingRequests: sendNotLeaderResponses
2019-07-30 19:25:23,463 INFO  impl.StateMachineUpdater (StateMachineUpdater.java:stopAndJoin(115)) - StateMachineUpdater:70a1bb6b-0f49-4c42-8ee2-19d04b813aa0:group-62CA726A8F30: set stopIndex = 0
2019-07-30 19:25:23,463 INFO  impl.RaftServerImpl (ServerState.java:close(394)) - 70a1bb6b-0f49-4c42-8ee2-19d04b813aa0:group-62CA726A8F30 closes. The last applied log index is 0
2019-07-30 19:25:23,464 INFO  segmented.SegmentedRaftLogWorker (SegmentedRaftLogWorker.java:run(313)) - 70a1bb6b-0f49-4c42-8ee2-19d04b813aa0-SegmentedRaftLogWorker:Storage Directory /workdir/hadoop-ozone/integration-test/target/test-dir/MiniOzoneClusterImpl-42384d6b-b67d-4fd2-8a74-534ae66fc332/datanode-5/data/ratis/4b1e7c7c-7ea0-4f1a-873f-62ca726a8f30 was interrupted, exiting. There are 0 tasks remaining in the queue.
2019-07-30 19:25:23,465 INFO  segmented.SegmentedRaftLogWorker (SegmentedRaftLogWorker.java:close(228)) - 70a1bb6b-0f49-4c42-8ee2-19d04b813aa0-SegmentedRaftLogWorker:Storage Directory /workdir/hadoop-ozone/integration-test/target/test-dir/MiniOzoneClusterImpl-42384d6b-b67d-4fd2-8a74-534ae66fc332/datanode-5/data/ratis/4b1e7c7c-7ea0-4f1a-873f-62ca726a8f30 close()
2019-07-30 19:25:23,468 INFO  server.GrpcService (GrpcService.java:closeImpl(155)) - 70a1bb6b-0f49-4c42-8ee2-19d04b813aa0: shutdown server with port 39545 now
2019-07-30 19:25:23,474 WARN  server.GrpcServerProtocolService (LogUtils.java:warn(134)) - 70a1bb6b-0f49-4c42-8ee2-19d04b813aa0: appendEntries onError: org.apache.ratis.thirdparty.io.grpc.StatusRuntimeException: CANCELLED: cancelled before receiving half close
2019-07-30 19:25:23,475 INFO  server.GrpcService (GrpcService.java:closeImpl(163)) - 70a1bb6b-0f49-4c42-8ee2-19d04b813aa0: shutdown server with port 39545 successfully
2019-07-30 19:25:23,477 WARN  server.GrpcLogAppender (LogUtils.java:warn(134)) - 88fcb211-bcbb-4f9e-96ff-cf1ee420930f->70a1bb6b-0f49-4c42-8ee2-19d04b813aa0: Failed appendEntries: org.apache.ratis.thirdparty.io.grpc.StatusRuntimeException: CANCELLED: HTTP/2 error code: CANCEL
Received Rst Stream
2019-07-30 19:25:23,479 INFO  impl.FollowerInfo (FollowerInfo.java:lambda$new$0(50)) - 88fcb211-bcbb-4f9e-96ff-cf1ee420930f->70a1bb6b-0f49-4c42-8ee2-19d04b813aa0: nextIndex: updateUnconditionally 21 -> 20
2019-07-30 19:25:23,480 INFO  utils.BackgroundService (BackgroundService.java:shutdown(148)) - Shutting down service BlockDeletingService
2019-07-30 19:25:23,483 WARN  server.GrpcLogAppender (LogUtils.java:warn(134)) - 88fcb211-bcbb-4f9e-96ff-cf1ee420930f->6a4f679e-aef1-4eca-876c-0e3691f93789: Failed appendEntries: org.apache.ratis.thirdparty.io.grpc.StatusRuntimeException: UNAVAILABLE: io exception
2019-07-30 19:25:23,485 WARN  fs.CachingGetSpaceUsed (CachingGetSpaceUsed.java:run(183)) - Thread Interrupted waiting to refresh disk information: sleep interrupted
2019-07-30 19:25:23,487 INFO  impl.FollowerInfo (FollowerInfo.java:lambda$new$0(50)) - 88fcb211-bcbb-4f9e-96ff-cf1ee420930f->6a4f679e-aef1-4eca-876c-0e3691f93789: nextIndex: updateUnconditionally 18 -> 17
2019-07-30 19:25:23,510 INFO  statemachine.DatanodeStateMachine (DatanodeStateMachine.java:stopDaemon(395)) - Ozone container server stopped.
2019-07-30 19:25:23,511 INFO  handler.ContextHandler (ContextHandler.java:doStop(910)) - Stopped o.e.j.w.WebAppContext@4b4969ea{/,null,UNAVAILABLE}{/hddsDatanode}
2019-07-30 19:25:23,512 INFO  server.AbstractConnector (AbstractConnector.java:doStop(318)) - Stopped ServerConnector@11c581a0{HTTP/1.1,[http/1.1]}{0.0.0.0:0}
2019-07-30 19:25:23,513 INFO  handler.ContextHandler (ContextHandler.java:doStop(910)) - Stopped o.e.j.s.ServletContextHandler@3f048c86{/static,jar:file:/home/user/.m2/repository/org/apache/hadoop/hadoop-hdds-container-service/0.4.1-SNAPSHOT/hadoop-hdds-container-service-0.4.1-SNAPSHOT.jar!/webapps/static,UNAVAILABLE}
2019-07-30 19:25:23,513 INFO  handler.ContextHandler (ContextHandler.java:doStop(910)) - Stopped o.e.j.s.ServletContextHandler@6c2a95d5{/logs,file:///workdir/hadoop-ozone/integration-test/target/log,UNAVAILABLE}
2019-07-30 19:25:23,560 WARN  server.GrpcLogAppender (LogUtils.java:warn(134)) - 88fcb211-bcbb-4f9e-96ff-cf1ee420930f->70a1bb6b-0f49-4c42-8ee2-19d04b813aa0: Failed appendEntries: org.apache.ratis.thirdparty.io.grpc.StatusRuntimeException: UNAVAILABLE: io exception
2019-07-30 19:25:23,562 INFO  impl.FollowerInfo (FollowerInfo.java:lambda$new$0(50)) - 88fcb211-bcbb-4f9e-96ff-cf1ee420930f->70a1bb6b-0f49-4c42-8ee2-19d04b813aa0: nextIndex: updateUnconditionally 21 -> 20
2019-07-30 19:25:23,592 WARN  server.GrpcLogAppender (LogUtils.java:warn(134)) - 88fcb211-bcbb-4f9e-96ff-cf1ee420930f->6a4f679e-aef1-4eca-876c-0e3691f93789: Failed appendEntries: org.apache.ratis.thirdparty.io.grpc.StatusRuntimeException: UNAVAILABLE: io exception
2019-07-30 19:25:23,594 INFO  impl.FollowerInfo (FollowerInfo.java:lambda$new$0(50)) - 88fcb211-bcbb-4f9e-96ff-cf1ee420930f->6a4f679e-aef1-4eca-876c-0e3691f93789: nextIndex: updateUnconditionally 18 -> 17
2019-07-30 19:25:23,594 WARN  server.GrpcLogAppender (LogUtils.java:warn(134)) - 88fcb211-bcbb-4f9e-96ff-cf1ee420930f->70a1bb6b-0f49-4c42-8ee2-19d04b813aa0: Failed appendEntries: org.apache.ratis.thirdparty.io.grpc.StatusRuntimeException: UNAVAILABLE: io exception
2019-07-30 19:25:23,596 INFO  impl.FollowerInfo (FollowerInfo.java:lambda$new$0(50)) - 88fcb211-bcbb-4f9e-96ff-cf1ee420930f->70a1bb6b-0f49-4c42-8ee2-19d04b813aa0: nextIndex: updateUnconditionally 21 -> 20
2019-07-30 19:25:26,097 WARN  server.GrpcLogAppender (LogUtils.java:warn(134)) - 88fcb211-bcbb-4f9e-96ff-cf1ee420930f->6a4f679e-aef1-4eca-876c-0e3691f93789: Failed appendEntries: org.apache.ratis.thirdparty.io.grpc.StatusRuntimeException: UNAVAILABLE: io exception
2019-07-30 19:25:26,099 WARN  server.GrpcLogAppender (LogUtils.java:warn(134)) - 88fcb211-bcbb-4f9e-96ff-cf1ee420930f->70a1bb6b-0f49-4c42-8ee2-19d04b813aa0: Failed appendEntries: org.apache.ratis.thirdparty.io.grpc.StatusRuntimeException: UNAVAILABLE: io exception
2019-07-30 19:25:26,099 INFO  impl.FollowerInfo (FollowerInfo.java:lambda$new$0(50)) - 88fcb211-bcbb-4f9e-96ff-cf1ee420930f->6a4f679e-aef1-4eca-876c-0e3691f93789: nextIndex: updateUnconditionally 17 -> 16
2019-07-30 19:25:26,100 INFO  impl.FollowerInfo (FollowerInfo.java:lambda$new$0(50)) - 88fcb211-bcbb-4f9e-96ff-cf1ee420930f->70a1bb6b-0f49-4c42-8ee2-19d04b813aa0: nextIndex: updateUnconditionally 20 -> 19
2019-07-30 19:25:28,602 WARN  server.GrpcLogAppender (LogUtils.java:warn(134)) - 88fcb211-bcbb-4f9e-96ff-cf1ee420930f->6a4f679e-aef1-4eca-876c-0e3691f93789: Failed appendEntries: org.apache.ratis.thirdparty.io.grpc.StatusRuntimeException: UNAVAILABLE: io exception
2019-07-30 19:25:28,603 WARN  server.GrpcLogAppender (LogUtils.java:warn(134)) - 88fcb211-bcbb-4f9e-96ff-cf1ee420930f->70a1bb6b-0f49-4c42-8ee2-19d04b813aa0: Failed appendEntries: org.apache.ratis.thirdparty.io.grpc.StatusRuntimeException: UNAVAILABLE: io exception
2019-07-30 19:25:28,603 INFO  impl.FollowerInfo (FollowerInfo.java:lambda$new$0(50)) - 88fcb211-bcbb-4f9e-96ff-cf1ee420930f->6a4f679e-aef1-4eca-876c-0e3691f93789: nextIndex: updateUnconditionally 16 -> 15
2019-07-30 19:25:28,605 INFO  impl.FollowerInfo (FollowerInfo.java:lambda$new$0(50)) - 88fcb211-bcbb-4f9e-96ff-cf1ee420930f->70a1bb6b-0f49-4c42-8ee2-19d04b813aa0: nextIndex: updateUnconditionally 19 -> 18
2019-07-30 19:25:31,103 WARN  server.GrpcLogAppender (LogUtils.java:warn(134)) - 88fcb211-bcbb-4f9e-96ff-cf1ee420930f->6a4f679e-aef1-4eca-876c-0e3691f93789: Failed appendEntries: org.apache.ratis.thirdparty.io.grpc.StatusRuntimeException: UNAVAILABLE: io exception
2019-07-30 19:25:31,103 WARN  server.GrpcLogAppender (LogUtils.java:warn(134)) - 88fcb211-bcbb-4f9e-96ff-cf1ee420930f->70a1bb6b-0f49-4c42-8ee2-19d04b813aa0: Failed appendEntries: org.apache.ratis.thirdparty.io.grpc.StatusRuntimeException: UNAVAILABLE: io exception
2019-07-30 19:25:31,106 INFO  impl.FollowerInfo (FollowerInfo.java:lambda$new$0(50)) - 88fcb211-bcbb-4f9e-96ff-cf1ee420930f->6a4f679e-aef1-4eca-876c-0e3691f93789: nextIndex: updateUnconditionally 15 -> 14
2019-07-30 19:25:31,107 INFO  impl.FollowerInfo (FollowerInfo.java:lambda$new$0(50)) - 88fcb211-bcbb-4f9e-96ff-cf1ee420930f->70a1bb6b-0f49-4c42-8ee2-19d04b813aa0: nextIndex: updateUnconditionally 18 -> 17
2019-07-30 19:25:33,605 WARN  server.GrpcLogAppender (LogUtils.java:warn(134)) - 88fcb211-bcbb-4f9e-96ff-cf1ee420930f->6a4f679e-aef1-4eca-876c-0e3691f93789: Failed appendEntries: org.apache.ratis.thirdparty.io.grpc.StatusRuntimeException: UNAVAILABLE: io exception
2019-07-30 19:25:33,605 WARN  server.GrpcLogAppender (LogUtils.java:warn(134)) - 88fcb211-bcbb-4f9e-96ff-cf1ee420930f->70a1bb6b-0f49-4c42-8ee2-19d04b813aa0: Failed appendEntries: org.apache.ratis.thirdparty.io.grpc.StatusRuntimeException: UNAVAILABLE: io exception
2019-07-30 19:25:33,608 INFO  impl.FollowerInfo (FollowerInfo.java:lambda$new$0(50)) - 88fcb211-bcbb-4f9e-96ff-cf1ee420930f->6a4f679e-aef1-4eca-876c-0e3691f93789: nextIndex: updateUnconditionally 14 -> 13
2019-07-30 19:25:33,613 INFO  impl.FollowerInfo (FollowerInfo.java:lambda$new$0(50)) - 88fcb211-bcbb-4f9e-96ff-cf1ee420930f->70a1bb6b-0f49-4c42-8ee2-19d04b813aa0: nextIndex: updateUnconditionally 17 -> 16
2019-07-30 19:25:33,642 WARN  io.KeyOutputStream (KeyOutputStream.java:handleException(276)) - Encountered exception java.io.IOException: Unexpected Storage Container Exception: java.util.concurrent.CompletionException: java.util.concurrent.CompletionException: org.apache.ratis.protocol.RaftRetryFailureException: Failed RaftClientRequest:client-FA2343067D90->88fcb211-bcbb-4f9e-96ff-cf1ee420930f@group-2BBF3A396A15, cid=28, seq=11*, RW, org.apache.hadoop.hdds.scm.XceiverClientRatis$$Lambda$314/1472633143@7fbce5ca for 5 attempts with RetryLimited(maxAttempts=5, sleepTime=1000ms) on the pipeline Pipeline[ Id: ea9aa92a-d065-4e26-ae30-2bbf3a396a15, Nodes: 6a4f679e-aef1-4eca-876c-0e3691f93789{ip: 192.168.5.147, host: byscane-nightly-d7s94-1643579034, networkLocation: /default-rack, certSerialId: null}70a1bb6b-0f49-4c42-8ee2-19d04b813aa0{ip: 192.168.5.147, host: byscane-nightly-d7s94-1643579034, networkLocation: /default-rack, certSerialId: null}88fcb211-bcbb-4f9e-96ff-cf1ee420930f{ip: 192.168.5.147, host: byscane-nightly-d7s94-1643579034, networkLocation: /default-rack, certSerialId: null}, Type:RATIS, Factor:THREE, State:OPEN]. The last committed block length is 1048576, uncommitted data length is 1048576 retry count 0
2019-07-30 19:25:33,673 WARN  block.BlockManagerImpl (BlockManagerImpl.java:allocateBlock(192)) - Pipeline creation failed for type:RATIS factor:THREE. Retrying get pipelines call once.
org.apache.hadoop.hdds.scm.pipeline.InsufficientDatanodesException: Cannot create pipeline of factor 3 using 0 nodes.
	at org.apache.hadoop.hdds.scm.pipeline.RatisPipelineProvider.create(RatisPipelineProvider.java:151)
	at org.apache.hadoop.hdds.scm.pipeline.PipelineFactory.create(PipelineFactory.java:57)
	at org.apache.hadoop.hdds.scm.pipeline.SCMPipelineManager.createPipeline(SCMPipelineManager.java:149)
	at org.apache.hadoop.hdds.scm.block.BlockManagerImpl.allocateBlock(BlockManagerImpl.java:190)
	at org.apache.hadoop.hdds.scm.server.SCMBlockProtocolServer.allocateBlock(SCMBlockProtocolServer.java:175)
	at org.apache.hadoop.ozone.protocolPB.ScmBlockLocationProtocolServerSideTranslatorPB.allocateScmBlock(ScmBlockLocationProtocolServerSideTranslatorPB.java:153)
	at org.apache.hadoop.ozone.protocolPB.ScmBlockLocationProtocolServerSideTranslatorPB.send(ScmBlockLocationProtocolServerSideTranslatorPB.java:112)
	at org.apache.hadoop.hdds.protocol.proto.ScmBlockLocationProtocolProtos$ScmBlockLocationProtocolService$2.callBlockingMethod(ScmBlockLocationProtocolProtos.java:13157)
	at org.apache.hadoop.ipc.ProtobufRpcEngine$Server$ProtoBufRpcInvoker.call(ProtobufRpcEngine.java:524)
	at org.apache.hadoop.ipc.RPC$Server.call(RPC.java:1025)
	at org.apache.hadoop.ipc.Server$RpcCall.run(Server.java:876)
	at org.apache.hadoop.ipc.Server$RpcCall.run(Server.java:822)
	at java.security.AccessController.doPrivileged(Native Method)
	at javax.security.auth.Subject.doAs(Subject.java:422)
	at org.apache.hadoop.security.UserGroupInformation.doAs(UserGroupInformation.java:1730)
	at org.apache.hadoop.ipc.Server$Handler.run(Server.java:2682)
2019-07-30 19:25:33,678 INFO  block.BlockManagerImpl (BlockManagerImpl.java:allocateBlock(198)) - Could not find available pipeline of type:RATIS and factor:THREE even after retrying
2019-07-30 19:25:33,678 ERROR block.BlockManagerImpl (BlockManagerImpl.java:allocateBlock(222)) - Unable to allocate a block for the size: 4194304, type: RATIS, factor: THREE
19:25:33.684 [IPC Server handler 18 on 34569] ERROR OMAudit - user=jenkins1000 | ip=127.0.0.1 | op=ALLOCATE_BLOCK {volume=datanodefailurehandlingtest, bucket=datanodefailurehandlingtest, key=ratis3, dataSize=0, replicationType=null, replicationFactor=null, keyLocationInfo=null, clientID=102532035840835584} | ret=FAILURE
org.apache.hadoop.hdds.scm.exceptions.SCMException: Allocated 0 blocks. Requested 1 blocks
	at org.apache.hadoop.hdds.scm.protocolPB.ScmBlockLocationProtocolClientSideTranslatorPB.handleError(ScmBlockLocationProtocolClientSideTranslatorPB.java:118) ~[hadoop-hdds-common-0.4.1-SNAPSHOT.jar:?]
	at org.apache.hadoop.hdds.scm.protocolPB.ScmBlockLocationProtocolClientSideTranslatorPB.allocateBlock(ScmBlockLocationProtocolClientSideTranslatorPB.java:156) ~[hadoop-hdds-common-0.4.1-SNAPSHOT.jar:?]
	at sun.reflect.NativeMethodAccessorImpl.invoke0(Native Method) ~[?:1.8.0_212]
	at sun.reflect.NativeMethodAccessorImpl.invoke(NativeMethodAccessorImpl.java:62) ~[?:1.8.0_212]
	at sun.reflect.DelegatingMethodAccessorImpl.invoke(DelegatingMethodAccessorImpl.java:43) ~[?:1.8.0_212]
	at java.lang.reflect.Method.invoke(Method.java:498) ~[?:1.8.0_212]
	at org.apache.hadoop.hdds.tracing.TraceAllMethod.invoke(TraceAllMethod.java:66) ~[hadoop-hdds-common-0.4.1-SNAPSHOT.jar:?]
	at com.sun.proxy.$Proxy25.allocateBlock(Unknown Source) ~[?:?]
	at org.apache.hadoop.ozone.om.KeyManagerImpl.allocateBlock(KeyManagerImpl.java:333) ~[hadoop-ozone-ozone-manager-0.4.1-SNAPSHOT.jar:?]
	at org.apache.hadoop.ozone.om.KeyManagerImpl.allocateBlock(KeyManagerImpl.java:304) ~[hadoop-ozone-ozone-manager-0.4.1-SNAPSHOT.jar:?]
	at org.apache.hadoop.ozone.om.OzoneManager.allocateBlock(OzoneManager.java:2291) [hadoop-ozone-ozone-manager-0.4.1-SNAPSHOT.jar:?]
	at org.apache.hadoop.ozone.protocolPB.OzoneManagerRequestHandler.allocateBlock(OzoneManagerRequestHandler.java:717) [hadoop-ozone-ozone-manager-0.4.1-SNAPSHOT.jar:?]
	at org.apache.hadoop.ozone.protocolPB.OzoneManagerRequestHandler.handle(OzoneManagerRequestHandler.java:240) [hadoop-ozone-ozone-manager-0.4.1-SNAPSHOT.jar:?]
	at org.apache.hadoop.ozone.protocolPB.OzoneManagerProtocolServerSideTranslatorPB.submitRequestDirectlyToOM(OzoneManagerProtocolServerSideTranslatorPB.java:192) [hadoop-ozone-ozone-manager-0.4.1-SNAPSHOT.jar:?]
	at org.apache.hadoop.ozone.protocolPB.OzoneManagerProtocolServerSideTranslatorPB.submitRequest(OzoneManagerProtocolServerSideTranslatorPB.java:110) [hadoop-ozone-ozone-manager-0.4.1-SNAPSHOT.jar:?]
	at org.apache.hadoop.ozone.protocol.proto.OzoneManagerProtocolProtos$OzoneManagerService$2.callBlockingMethod(OzoneManagerProtocolProtos.java) [hadoop-ozone-common-0.4.1-SNAPSHOT.jar:?]
	at org.apache.hadoop.ipc.ProtobufRpcEngine$Server$ProtoBufRpcInvoker.call(ProtobufRpcEngine.java:524) [hadoop-common-3.2.0.jar:?]
	at org.apache.hadoop.ipc.RPC$Server.call(RPC.java:1025) [hadoop-common-3.2.0.jar:?]
	at org.apache.hadoop.ipc.Server$RpcCall.run(Server.java:876) [hadoop-common-3.2.0.jar:?]
	at org.apache.hadoop.ipc.Server$RpcCall.run(Server.java:822) [hadoop-common-3.2.0.jar:?]
	at java.security.AccessController.doPrivileged(Native Method) [?:1.8.0_212]
	at javax.security.auth.Subject.doAs(Subject.java:422) [?:1.8.0_212]
	at org.apache.hadoop.security.UserGroupInformation.doAs(UserGroupInformation.java:1730) [hadoop-common-3.2.0.jar:?]
	at org.apache.hadoop.ipc.Server$Handler.run(Server.java:2682) [hadoop-common-3.2.0.jar:?]
2019-07-30 19:25:33,701 ERROR io.BlockOutputStreamEntryPool (BlockOutputStreamEntryPool.java:allocateBlockIfNeeded(299)) - Try to allocate more blocks for write failed, already allocated 0 blocks for this write.
INTERNAL_ERROR org.apache.hadoop.ozone.om.exceptions.OMException: Allocated 0 blocks. Requested 1 blocks
	at org.apache.hadoop.ozone.om.protocolPB.OzoneManagerProtocolClientSideTranslatorPB.handleError(OzoneManagerProtocolClientSideTranslatorPB.java:720)
	at org.apache.hadoop.ozone.om.protocolPB.OzoneManagerProtocolClientSideTranslatorPB.allocateBlock(OzoneManagerProtocolClientSideTranslatorPB.java:752)
	at org.apache.hadoop.ozone.client.io.BlockOutputStreamEntryPool.allocateNewBlock(BlockOutputStreamEntryPool.java:248)
	at org.apache.hadoop.ozone.client.io.BlockOutputStreamEntryPool.allocateBlockIfNeeded(BlockOutputStreamEntryPool.java:296)
	at org.apache.hadoop.ozone.client.io.KeyOutputStream.handleWrite(KeyOutputStream.java:201)
	at org.apache.hadoop.ozone.client.io.KeyOutputStream.handleRetry(KeyOutputStream.java:376)
	at org.apache.hadoop.ozone.client.io.KeyOutputStream.handleException(KeyOutputStream.java:325)
	at org.apache.hadoop.ozone.client.io.KeyOutputStream.handleWrite(KeyOutputStream.java:231)
	at org.apache.hadoop.ozone.client.io.KeyOutputStream.write(KeyOutputStream.java:193)
	at org.apache.hadoop.ozone.client.io.OzoneOutputStream.write(OzoneOutputStream.java:49)
	at java.io.OutputStream.write(OutputStream.java:75)
	at org.apache.hadoop.ozone.client.rpc.TestMultiBlockWritesWithDnFailures.testMultiBlockWritesWithDnFailures(TestMultiBlockWritesWithDnFailures.java:144)
	at sun.reflect.NativeMethodAccessorImpl.invoke0(Native Method)
	at sun.reflect.NativeMethodAccessorImpl.invoke(NativeMethodAccessorImpl.java:62)
	at sun.reflect.DelegatingMethodAccessorImpl.invoke(DelegatingMethodAccessorImpl.java:43)
	at java.lang.reflect.Method.invoke(Method.java:498)
	at org.junit.runners.model.FrameworkMethod$1.runReflectiveCall(FrameworkMethod.java:47)
	at org.junit.internal.runners.model.ReflectiveCallable.run(ReflectiveCallable.java:12)
	at org.junit.runners.model.FrameworkMethod.invokeExplosively(FrameworkMethod.java:44)
	at org.junit.internal.runners.statements.InvokeMethod.evaluate(InvokeMethod.java:17)
	at org.junit.runners.ParentRunner.runLeaf(ParentRunner.java:271)
	at org.junit.runners.BlockJUnit4ClassRunner.runChild(BlockJUnit4ClassRunner.java:70)
	at org.junit.runners.BlockJUnit4ClassRunner.runChild(BlockJUnit4ClassRunner.java:50)
	at org.junit.runners.ParentRunner$3.run(ParentRunner.java:238)
	at org.junit.runners.ParentRunner$1.schedule(ParentRunner.java:63)
	at org.junit.runners.ParentRunner.runChildren(ParentRunner.java:236)
	at org.junit.runners.ParentRunner.access$000(ParentRunner.java:53)
	at org.junit.runners.ParentRunner$2.evaluate(ParentRunner.java:229)
	at org.junit.runners.ParentRunner.run(ParentRunner.java:309)
	at org.apache.maven.surefire.junit4.JUnit4Provider.execute(JUnit4Provider.java:365)
	at org.apache.maven.surefire.junit4.JUnit4Provider.executeWithRerun(JUnit4Provider.java:273)
	at org.apache.maven.surefire.junit4.JUnit4Provider.executeTestSet(JUnit4Provider.java:238)
	at org.apache.maven.surefire.junit4.JUnit4Provider.invoke(JUnit4Provider.java:159)
	at org.apache.maven.surefire.booter.ForkedBooter.invokeProviderInSameClassLoader(ForkedBooter.java:384)
	at org.apache.maven.surefire.booter.ForkedBooter.runSuitesInProcess(ForkedBooter.java:345)
	at org.apache.maven.surefire.booter.ForkedBooter.execute(ForkedBooter.java:126)
	at org.apache.maven.surefire.booter.ForkedBooter.main(ForkedBooter.java:418)
]]></system-out>
    <system-err><![CDATA[ERROR StatusLogger No Log4j 2 configuration file found. Using default configuration (logging only errors to the console), or user programmatically provided configurations. Set system property 'log4j2.debug' to show Log4j 2 internal initialization logging. See https://logging.apache.org/log4j/2.x/manual/configuration.html for instructions on how to configure Log4j 2
Jul 30, 2019 7:25:00 PM com.sun.jersey.server.impl.application.WebApplicationImpl _initiate
INFO: Initiating Jersey application, version 'Jersey: 1.19 02/11/2015 03:25 AM'
Jul 30, 2019 7:25:01 PM com.sun.jersey.server.impl.application.WebApplicationImpl _initiate
INFO: Initiating Jersey application, version 'Jersey: 1.19 02/11/2015 03:25 AM'
Jul 30, 2019 7:25:01 PM com.sun.jersey.server.impl.application.WebApplicationImpl _initiate
INFO: Initiating Jersey application, version 'Jersey: 1.19 02/11/2015 03:25 AM'
Jul 30, 2019 7:25:01 PM com.sun.jersey.server.impl.application.WebApplicationImpl _initiate
INFO: Initiating Jersey application, version 'Jersey: 1.19 02/11/2015 03:25 AM'
Jul 30, 2019 7:25:01 PM com.sun.jersey.server.impl.application.WebApplicationImpl _initiate
INFO: Initiating Jersey application, version 'Jersey: 1.19 02/11/2015 03:25 AM'
Jul 30, 2019 7:25:02 PM com.sun.jersey.server.impl.application.WebApplicationImpl _initiate
INFO: Initiating Jersey application, version 'Jersey: 1.19 02/11/2015 03:25 AM'
]]></system-err>
  </testcase>
</testsuite>