<?xml version="1.0" encoding="UTF-8"?>
<testsuite xmlns:xsi="http://www.w3.org/2001/XMLSchema-instance" xsi:noNamespaceSchemaLocation="https://maven.apache.org/surefire/maven-surefire-plugin/xsd/surefire-test-report.xsd" name="org.apache.hadoop.ozone.client.rpc.TestOzoneClientRetriesOnException" time="72.945" tests="2" errors="1" skipped="0" failures="0">
  <properties>
    <property name="awt.toolkit" value="sun.awt.X11.XToolkit"/>
    <property name="file.encoding.pkg" value="sun.io"/>
    <property name="java.specification.version" value="1.8"/>
    <property name="sun.cpu.isalist" value=""/>
    <property name="sun.jnu.encoding" value="UTF-8"/>
    <property name="java.class.path" value="/workdir/hadoop-ozone/integration-test/target/test-classes:/workdir/hadoop-ozone/integration-test/target/classes:/home/user/.m2/repository/org/apache/hadoop/hadoop-ozone-common/0.4.1-SNAPSHOT/hadoop-ozone-common-0.4.1-SNAPSHOT.jar:/home/user/.m2/repository/org/apache/commons/commons-compress/1.4.1/commons-compress-1.4.1.jar:/home/user/.m2/repository/org/tukaani/xz/1.0/xz-1.0.jar:/home/user/.m2/repository/org/apache/hadoop/hadoop-common/3.2.0/hadoop-common-3.2.0.jar:/home/user/.m2/repository/org/apache/hadoop/hadoop-hdfs/3.2.0/hadoop-hdfs-3.2.0.jar:/home/user/.m2/repository/org/apache/hadoop/hadoop-hdfs-client/3.2.0/hadoop-hdfs-client-3.2.0.jar:/home/user/.m2/repository/com/fasterxml/jackson/core/jackson-annotations/2.9.5/jackson-annotations-2.9.5.jar:/home/user/.m2/repository/org/apache/hadoop/hadoop-hdds-common/0.4.1-SNAPSHOT/hadoop-hdds-common-0.4.1-SNAPSHOT.jar:/home/user/.m2/repository/javax/annotation/javax.annotation-api/1.2/javax.annotation-api-1.2.jar:/home/user/.m2/repository/org/apache/ratis/ratis-server/0.4.0-2337318-SNAPSHOT/ratis-server-0.4.0-2337318-SNAPSHOT.jar:/home/user/.m2/repository/org/apache/ratis/ratis-thirdparty-misc/0.2.0/ratis-thirdparty-misc-0.2.0.jar:/home/user/.m2/repository/org/apache/ratis/ratis-proto/0.4.0-2337318-SNAPSHOT/ratis-proto-0.4.0-2337318-SNAPSHOT.jar:/home/user/.m2/repository/org/apache/ratis/ratis-common/0.4.0-2337318-SNAPSHOT/ratis-common-0.4.0-2337318-SNAPSHOT.jar:/home/user/.m2/repository/org/apache/ratis/ratis-client/0.4.0-2337318-SNAPSHOT/ratis-client-0.4.0-2337318-SNAPSHOT.jar:/home/user/.m2/repository/org/apache/ratis/ratis-metrics/0.4.0-2337318-SNAPSHOT/ratis-metrics-0.4.0-2337318-SNAPSHOT.jar:/home/user/.m2/repository/org/apache/ratis/ratis-netty/0.4.0-2337318-SNAPSHOT/ratis-netty-0.4.0-2337318-SNAPSHOT.jar:/home/user/.m2/repository/org/apache/ratis/ratis-grpc/0.4.0-2337318-SNAPSHOT/ratis-grpc-0.4.0-2337318-SNAPSHOT.jar:/home/user/.m2/repository/org/rocksdb/rocksdbjni/6.0.1/rocksdbjni-6.0.1.jar:/home/user/.m2/repository/org/apache/logging/log4j/log4j-api/2.11.0/log4j-api-2.11.0.jar:/home/user/.m2/repository/org/apache/logging/log4j/log4j-core/2.11.0/log4j-core-2.11.0.jar:/home/user/.m2/repository/com/lmax/disruptor/3.4.2/disruptor-3.4.2.jar:/home/user/.m2/repository/org/apache/commons/commons-pool2/2.6.0/commons-pool2-2.6.0.jar:/home/user/.m2/repository/org/bouncycastle/bcpkix-jdk15on/1.60/bcpkix-jdk15on-1.60.jar:/home/user/.m2/repository/commons-validator/commons-validator/1.6/commons-validator-1.6.jar:/home/user/.m2/repository/commons-digester/commons-digester/1.8.1/commons-digester-1.8.1.jar:/home/user/.m2/repository/io/jaegertracing/jaeger-client/0.33.1/jaeger-client-0.33.1.jar:/home/user/.m2/repository/io/jaegertracing/jaeger-thrift/0.33.1/jaeger-thrift-0.33.1.jar:/home/user/.m2/repository/org/apache/thrift/libthrift/0.11.0/libthrift-0.11.0.jar:/home/user/.m2/repository/com/squareup/okhttp3/okhttp/3.9.0/okhttp-3.9.0.jar:/home/user/.m2/repository/com/squareup/okio/okio/1.13.0/okio-1.13.0.jar:/home/user/.m2/repository/io/jaegertracing/jaeger-core/0.33.1/jaeger-core-0.33.1.jar:/home/user/.m2/repository/io/jaegertracing/jaeger-tracerresolver/0.33.1/jaeger-tracerresolver-0.33.1.jar:/home/user/.m2/repository/io/opentracing/contrib/opentracing-tracerresolver/0.1.5/opentracing-tracerresolver-0.1.5.jar:/home/user/.m2/repository/io/opentracing/opentracing-util/0.31.0/opentracing-util-0.31.0.jar:/home/user/.m2/repository/io/opentracing/opentracing-api/0.31.0/opentracing-api-0.31.0.jar:/home/user/.m2/repository/io/opentracing/opentracing-noop/0.31.0/opentracing-noop-0.31.0.jar:/home/user/.m2/repository/org/apache/hadoop/hadoop-hdds-server-framework/0.4.1-SNAPSHOT/hadoop-hdds-server-framework-0.4.1-SNAPSHOT.jar:/home/user/.m2/repository/org/apache/hadoop/hadoop-hdds-container-service/0.4.1-SNAPSHOT/hadoop-hdds-container-service-0.4.1-SNAPSHOT.jar:/home/user/.m2/repository/org/apache/hadoop/hadoop-hdds-client/0.4.1-SNAPSHOT/hadoop-hdds-client-0.4.1-SNAPSHOT.jar:/home/user/.m2/repository/org/apache/hadoop/hadoop-hdds-tools/0.4.1-SNAPSHOT/hadoop-hdds-tools-0.4.1-SNAPSHOT.jar:/home/user/.m2/repository/org/apache/hadoop/hadoop-hdds-server-scm/0.4.1-SNAPSHOT/hadoop-hdds-server-scm-0.4.1-SNAPSHOT.jar:/home/user/.m2/repository/org/apache/hadoop/hadoop-hdds-docs/0.4.1-SNAPSHOT/hadoop-hdds-docs-0.4.1-SNAPSHOT.jar:/home/user/.m2/repository/io/dropwizard/metrics/metrics-core/3.2.4/metrics-core-3.2.4.jar:/home/user/.m2/repository/org/hamcrest/hamcrest-all/1.3/hamcrest-all-1.3.jar:/home/user/.m2/repository/org/bouncycastle/bcprov-jdk15on/1.60/bcprov-jdk15on-1.60.jar:/home/user/.m2/repository/info/picocli/picocli/3.9.6/picocli-3.9.6.jar:/home/user/.m2/repository/com/google/protobuf/protobuf-java/2.5.0/protobuf-java-2.5.0.jar:/home/user/.m2/repository/com/google/guava/guava/11.0.2/guava-11.0.2.jar:/home/user/.m2/repository/org/apache/hadoop/hadoop-ozone-ozone-manager/0.4.1-SNAPSHOT/hadoop-ozone-ozone-manager-0.4.1-SNAPSHOT.jar:/home/user/.m2/repository/org/apache/hadoop/hadoop-minikdc/3.2.0/hadoop-minikdc-3.2.0.jar:/home/user/.m2/repository/commons-io/commons-io/2.5/commons-io-2.5.jar:/home/user/.m2/repository/org/apache/kerby/kerb-simplekdc/1.0.1/kerb-simplekdc-1.0.1.jar:/home/user/.m2/repository/org/apache/kerby/kerb-client/1.0.1/kerb-client-1.0.1.jar:/home/user/.m2/repository/org/apache/kerby/kerby-config/1.0.1/kerby-config-1.0.1.jar:/home/user/.m2/repository/org/apache/kerby/kerb-core/1.0.1/kerb-core-1.0.1.jar:/home/user/.m2/repository/org/apache/kerby/kerby-pkix/1.0.1/kerby-pkix-1.0.1.jar:/home/user/.m2/repository/org/apache/kerby/kerby-asn1/1.0.1/kerby-asn1-1.0.1.jar:/home/user/.m2/repository/org/apache/kerby/kerby-util/1.0.1/kerby-util-1.0.1.jar:/home/user/.m2/repository/org/apache/kerby/kerb-common/1.0.1/kerb-common-1.0.1.jar:/home/user/.m2/repository/org/apache/kerby/kerb-crypto/1.0.1/kerb-crypto-1.0.1.jar:/home/user/.m2/repository/org/apache/kerby/kerb-util/1.0.1/kerb-util-1.0.1.jar:/home/user/.m2/repository/org/apache/kerby/token-provider/1.0.1/token-provider-1.0.1.jar:/home/user/.m2/repository/org/apache/kerby/kerb-admin/1.0.1/kerb-admin-1.0.1.jar:/home/user/.m2/repository/org/apache/kerby/kerb-server/1.0.1/kerb-server-1.0.1.jar:/home/user/.m2/repository/org/apache/kerby/kerb-identity/1.0.1/kerb-identity-1.0.1.jar:/home/user/.m2/repository/org/apache/kerby/kerby-xdr/1.0.1/kerby-xdr-1.0.1.jar:/home/user/.m2/repository/org/slf4j/slf4j-log4j12/1.7.25/slf4j-log4j12-1.7.25.jar:/home/user/.m2/repository/org/apache/hadoop/hadoop-ozone-objectstore-service/0.4.1-SNAPSHOT/hadoop-ozone-objectstore-service-0.4.1-SNAPSHOT.jar:/home/user/.m2/repository/org/apache/hadoop/hadoop-ozone-s3gateway/0.4.1-SNAPSHOT/hadoop-ozone-s3gateway-0.4.1-SNAPSHOT.jar:/home/user/.m2/repository/org/jboss/weld/servlet/weld-servlet/2.4.7.Final/weld-servlet-2.4.7.Final.jar:/home/user/.m2/repository/org/glassfish/jersey/containers/jersey-container-servlet-core/2.27/jersey-container-servlet-core-2.27.jar:/home/user/.m2/repository/org/glassfish/hk2/external/javax.inject/2.5.0-b42/javax.inject-2.5.0-b42.jar:/home/user/.m2/repository/org/glassfish/jersey/core/jersey-common/2.27/jersey-common-2.27.jar:/home/user/.m2/repository/org/glassfish/hk2/osgi-resource-locator/1.0.1/osgi-resource-locator-1.0.1.jar:/home/user/.m2/repository/javax/ws/rs/javax.ws.rs-api/2.1/javax.ws.rs-api-2.1.jar:/home/user/.m2/repository/org/glassfish/jersey/ext/cdi/jersey-cdi1x/2.27/jersey-cdi1x-2.27.jar:/home/user/.m2/repository/org/glassfish/jersey/inject/jersey-hk2/2.27/jersey-hk2-2.27.jar:/home/user/.m2/repository/org/glassfish/hk2/hk2-locator/2.5.0-b42/hk2-locator-2.5.0-b42.jar:/home/user/.m2/repository/org/javassist/javassist/3.22.0-CR2/javassist-3.22.0-CR2.jar:/home/user/.m2/repository/org/glassfish/hk2/hk2-api/2.5.0/hk2-api-2.5.0.jar:/home/user/.m2/repository/org/glassfish/hk2/external/jakarta.inject/2.5.0/jakarta.inject-2.5.0.jar:/home/user/.m2/repository/org/glassfish/hk2/hk2-utils/2.5.0/hk2-utils-2.5.0.jar:/home/user/.m2/repository/jakarta/annotation/jakarta.annotation-api/1.3.4/jakarta.annotation-api-1.3.4.jar:/home/user/.m2/repository/org/glassfish/hk2/external/aopalliance-repackaged/2.5.0/aopalliance-repackaged-2.5.0.jar:/home/user/.m2/repository/com/fasterxml/jackson/dataformat/jackson-dataformat-xml/2.9.0/jackson-dataformat-xml-2.9.0.jar:/home/user/.m2/repository/com/fasterxml/jackson/core/jackson-core/2.9.5/jackson-core-2.9.5.jar:/home/user/.m2/repository/com/fasterxml/jackson/module/jackson-module-jaxb-annotations/2.9.5/jackson-module-jaxb-annotations-2.9.5.jar:/home/user/.m2/repository/javax/enterprise/cdi-api/1.2/cdi-api-1.2.jar:/home/user/.m2/repository/javax/el/javax.el-api/3.0.0/javax.el-api-3.0.0.jar:/home/user/.m2/repository/javax/interceptor/javax.interceptor-api/1.2/javax.interceptor-api-1.2.jar:/home/user/.m2/repository/javax/inject/javax.inject/1/javax.inject-1.jar:/home/user/.m2/repository/com/sun/xml/bind/jaxb-impl/2.3.0.1/jaxb-impl-2.3.0.1.jar:/home/user/.m2/repository/com/sun/xml/bind/jaxb-core/2.3.0.1/jaxb-core-2.3.0.1.jar:/home/user/.m2/repository/javax/xml/bind/jaxb-api/2.3.0/jaxb-api-2.3.0.jar:/home/user/.m2/repository/javax/activation/activation/1.1.1/activation-1.1.1.jar:/home/user/.m2/repository/org/apache/hadoop/hadoop-ozone-csi/0.4.1-SNAPSHOT/hadoop-ozone-csi-0.4.1-SNAPSHOT.jar:/home/user/.m2/repository/com/google/protobuf/protobuf-java-util/3.5.1/protobuf-java-util-3.5.1.jar:/home/user/.m2/repository/org/apache/hadoop/hadoop-hdds-config/0.4.1-SNAPSHOT/hadoop-hdds-config-0.4.1-SNAPSHOT.jar:/home/user/.m2/repository/io/grpc/grpc-netty/1.17.1/grpc-netty-1.17.1.jar:/home/user/.m2/repository/io/grpc/grpc-core/1.17.1/grpc-core-1.17.1.jar:/home/user/.m2/repository/io/grpc/grpc-context/1.17.1/grpc-context-1.17.1.jar:/home/user/.m2/repository/com/google/errorprone/error_prone_annotations/2.2.0/error_prone_annotations-2.2.0.jar:/home/user/.m2/repository/org/codehaus/mojo/animal-sniffer-annotations/1.17/animal-sniffer-annotations-1.17.jar:/home/user/.m2/repository/io/opencensus/opencensus-api/0.17.0/opencensus-api-0.17.0.jar:/home/user/.m2/repository/io/opencensus/opencensus-contrib-grpc-metrics/0.17.0/opencensus-contrib-grpc-metrics-0.17.0.jar:/home/user/.m2/repository/io/netty/netty-codec-http2/4.1.30.Final/netty-codec-http2-4.1.30.Final.jar:/home/user/.m2/repository/io/netty/netty-codec-http/4.1.30.Final/netty-codec-http-4.1.30.Final.jar:/home/user/.m2/repository/io/netty/netty-codec/4.1.30.Final/netty-codec-4.1.30.Final.jar:/home/user/.m2/repository/io/netty/netty-handler/4.1.30.Final/netty-handler-4.1.30.Final.jar:/home/user/.m2/repository/io/netty/netty-handler-proxy/4.1.30.Final/netty-handler-proxy-4.1.30.Final.jar:/home/user/.m2/repository/io/netty/netty-codec-socks/4.1.30.Final/netty-codec-socks-4.1.30.Final.jar:/home/user/.m2/repository/io/netty/netty-transport-native-epoll/4.1.30.Final/netty-transport-native-epoll-4.1.30.Final.jar:/home/user/.m2/repository/io/netty/netty-common/4.1.30.Final/netty-common-4.1.30.Final.jar:/home/user/.m2/repository/io/netty/netty-buffer/4.1.30.Final/netty-buffer-4.1.30.Final.jar:/home/user/.m2/repository/io/netty/netty-transport/4.1.30.Final/netty-transport-4.1.30.Final.jar:/home/user/.m2/repository/io/netty/netty-resolver/4.1.30.Final/netty-resolver-4.1.30.Final.jar:/home/user/.m2/repository/io/netty/netty-transport-native-unix-common/4.1.30.Final/netty-transport-native-unix-common-4.1.30.Final.jar:/home/user/.m2/repository/io/grpc/grpc-protobuf/1.17.1/grpc-protobuf-1.17.1.jar:/home/user/.m2/repository/com/google/api/grpc/proto-google-common-protos/1.0.0/proto-google-common-protos-1.0.0.jar:/home/user/.m2/repository/io/grpc/grpc-protobuf-lite/1.17.1/grpc-protobuf-lite-1.17.1.jar:/home/user/.m2/repository/io/grpc/grpc-stub/1.17.1/grpc-stub-1.17.1.jar:/home/user/.m2/repository/org/apache/hadoop/hadoop-ozone-recon/0.4.1-SNAPSHOT/hadoop-ozone-recon-0.4.1-SNAPSHOT.jar:/home/user/.m2/repository/org/apache/hadoop/hadoop-ozone-reconcodegen/0.4.1-SNAPSHOT/hadoop-ozone-reconcodegen-0.4.1-SNAPSHOT.jar:/home/user/.m2/repository/com/google/inject/extensions/guice-multibindings/4.0/guice-multibindings-4.0.jar:/home/user/.m2/repository/com/google/inject/guice/4.0/guice-4.0.jar:/home/user/.m2/repository/aopalliance/aopalliance/1.0/aopalliance-1.0.jar:/home/user/.m2/repository/com/google/inject/extensions/guice-servlet/4.0/guice-servlet-4.0.jar:/home/user/.m2/repository/org/glassfish/jersey/containers/jersey-container-servlet/2.27/jersey-container-servlet-2.27.jar:/home/user/.m2/repository/org/glassfish/hk2/guice-bridge/2.5.0/guice-bridge-2.5.0.jar:/home/user/.m2/repository/org/glassfish/jersey/core/jersey-server/2.27/jersey-server-2.27.jar:/home/user/.m2/repository/org/glassfish/jersey/core/jersey-client/2.27/jersey-client-2.27.jar:/home/user/.m2/repository/org/glassfish/jersey/media/jersey-media-jaxb/2.27/jersey-media-jaxb-2.27.jar:/home/user/.m2/repository/javax/validation/validation-api/1.1.0.Final/validation-api-1.1.0.Final.jar:/home/user/.m2/repository/org/glassfish/jersey/media/jersey-media-json-jackson/2.27/jersey-media-json-jackson-2.27.jar:/home/user/.m2/repository/org/glassfish/jersey/ext/jersey-entity-filtering/2.27/jersey-entity-filtering-2.27.jar:/home/user/.m2/repository/com/google/inject/extensions/guice-assistedinject/4.0/guice-assistedinject-4.0.jar:/home/user/.m2/repository/org/jooq/jooq/3.11.10/jooq-3.11.10.jar:/home/user/.m2/repository/org/jooq/jooq-meta/3.11.10/jooq-meta-3.11.10.jar:/home/user/.m2/repository/org/jooq/jooq-codegen/3.11.10/jooq-codegen-3.11.10.jar:/home/user/.m2/repository/com/jolbox/bonecp/0.8.0.RELEASE/bonecp-0.8.0.RELEASE.jar:/home/user/.m2/repository/org/xerial/sqlite-jdbc/3.25.2/sqlite-jdbc-3.25.2.jar:/home/user/.m2/repository/org/springframework/spring-jdbc/5.1.3.RELEASE/spring-jdbc-5.1.3.RELEASE.jar:/home/user/.m2/repository/org/springframework/spring-beans/5.1.3.RELEASE/spring-beans-5.1.3.RELEASE.jar:/home/user/.m2/repository/org/springframework/spring-core/5.1.3.RELEASE/spring-core-5.1.3.RELEASE.jar:/home/user/.m2/repository/org/springframework/spring-jcl/5.1.3.RELEASE/spring-jcl-5.1.3.RELEASE.jar:/home/user/.m2/repository/org/springframework/spring-tx/5.1.3.RELEASE/spring-tx-5.1.3.RELEASE.jar:/home/user/.m2/repository/org/apache/hadoop/hadoop-ozone-client/0.4.1-SNAPSHOT/hadoop-ozone-client-0.4.1-SNAPSHOT.jar:/home/user/.m2/repository/commons-lang/commons-lang/2.6/commons-lang-2.6.jar:/home/user/.m2/repository/org/apache/hadoop/hadoop-ozone-ozone-manager/0.4.1-SNAPSHOT/hadoop-ozone-ozone-manager-0.4.1-SNAPSHOT-tests.jar:/home/user/.m2/repository/junit/junit/4.11/junit-4.11.jar:/home/user/.m2/repository/org/hamcrest/hamcrest-core/1.3/hamcrest-core-1.3.jar:/home/user/.m2/repository/org/openjdk/jmh/jmh-core/1.19/jmh-core-1.19.jar:/home/user/.m2/repository/net/sf/jopt-simple/jopt-simple/4.6/jopt-simple-4.6.jar:/home/user/.m2/repository/org/apache/commons/commons-math3/3.1.1/commons-math3-3.1.1.jar:/home/user/.m2/repository/org/openjdk/jmh/jmh-generator-annprocess/1.19/jmh-generator-annprocess-1.19.jar:/home/user/.m2/repository/org/mockito/mockito-all/1.8.5/mockito-all-1.8.5.jar:/home/user/.m2/repository/org/apache/hadoop/hadoop-kms/3.2.0/hadoop-kms-3.2.0.jar:/home/user/.m2/repository/org/apache/hadoop/hadoop-auth/3.2.0/hadoop-auth-3.2.0.jar:/home/user/.m2/repository/com/nimbusds/nimbus-jose-jwt/4.41.1/nimbus-jose-jwt-4.41.1.jar:/home/user/.m2/repository/com/github/stephenc/jcip/jcip-annotations/1.0-1/jcip-annotations-1.0-1.jar:/home/user/.m2/repository/net/minidev/json-smart/2.3/json-smart-2.3.jar:/home/user/.m2/repository/net/minidev/accessors-smart/1.2/accessors-smart-1.2.jar:/home/user/.m2/repository/org/ow2/asm/asm/5.0.4/asm-5.0.4.jar:/home/user/.m2/repository/org/apache/curator/curator-framework/2.12.0/curator-framework-2.12.0.jar:/home/user/.m2/repository/com/sun/jersey/jersey-core/1.19/jersey-core-1.19.jar:/home/user/.m2/repository/javax/ws/rs/jsr311-api/1.1.1/jsr311-api-1.1.1.jar:/home/user/.m2/repository/com/sun/jersey/jersey-server/1.19/jersey-server-1.19.jar:/home/user/.m2/repository/javax/servlet/javax.servlet-api/3.1.0/javax.servlet-api-3.1.0.jar:/home/user/.m2/repository/org/eclipse/jetty/jetty-server/9.3.24.v20180605/jetty-server-9.3.24.v20180605.jar:/home/user/.m2/repository/org/eclipse/jetty/jetty-http/9.3.24.v20180605/jetty-http-9.3.24.v20180605.jar:/home/user/.m2/repository/org/eclipse/jetty/jetty-io/9.3.24.v20180605/jetty-io-9.3.24.v20180605.jar:/home/user/.m2/repository/org/eclipse/jetty/jetty-webapp/9.3.24.v20180605/jetty-webapp-9.3.24.v20180605.jar:/home/user/.m2/repository/org/eclipse/jetty/jetty-xml/9.3.24.v20180605/jetty-xml-9.3.24.v20180605.jar:/home/user/.m2/repository/log4j/log4j/1.2.17/log4j-1.2.17.jar:/home/user/.m2/repository/org/slf4j/slf4j-api/1.7.25/slf4j-api-1.7.25.jar:/home/user/.m2/repository/org/slf4j/jul-to-slf4j/1.7.25/jul-to-slf4j-1.7.25.jar:/home/user/.m2/repository/org/eclipse/jetty/jetty-util/9.3.24.v20180605/jetty-util-9.3.24.v20180605.jar:/home/user/.m2/repository/com/fasterxml/jackson/core/jackson-databind/2.9.5/jackson-databind-2.9.5.jar:/home/user/.m2/repository/org/apache/hadoop/hadoop-kms/3.2.0/hadoop-kms-3.2.0-tests.jar:/home/user/.m2/repository/org/apache/hadoop/hadoop-hdds-server-scm/0.4.1-SNAPSHOT/hadoop-hdds-server-scm-0.4.1-SNAPSHOT-tests.jar:/home/user/.m2/repository/org/apache/hadoop/hadoop-hdds-container-service/0.4.1-SNAPSHOT/hadoop-hdds-container-service-0.4.1-SNAPSHOT-tests.jar:/home/user/.m2/repository/org/yaml/snakeyaml/1.16/snakeyaml-1.16.jar:/home/user/.m2/repository/org/apache/hadoop/hadoop-common/3.2.0/hadoop-common-3.2.0-tests.jar:/home/user/.m2/repository/org/apache/hadoop/hadoop-annotations/3.2.0/hadoop-annotations-3.2.0.jar:/usr/lib/jvm/java-1.8-openjdk/jre/../lib/tools.jar:/home/user/.m2/repository/commons-cli/commons-cli/1.2/commons-cli-1.2.jar:/home/user/.m2/repository/org/apache/httpcomponents/httpclient/4.5.2/httpclient-4.5.2.jar:/home/user/.m2/repository/org/apache/httpcomponents/httpcore/4.4.4/httpcore-4.4.4.jar:/home/user/.m2/repository/commons-codec/commons-codec/1.11/commons-codec-1.11.jar:/home/user/.m2/repository/commons-net/commons-net/3.6/commons-net-3.6.jar:/home/user/.m2/repository/commons-collections/commons-collections/3.2.2/commons-collections-3.2.2.jar:/home/user/.m2/repository/org/eclipse/jetty/jetty-servlet/9.3.24.v20180605/jetty-servlet-9.3.24.v20180605.jar:/home/user/.m2/repository/org/eclipse/jetty/jetty-security/9.3.24.v20180605/jetty-security-9.3.24.v20180605.jar:/home/user/.m2/repository/javax/servlet/jsp/jsp-api/2.1/jsp-api-2.1.jar:/home/user/.m2/repository/com/sun/jersey/jersey-servlet/1.19/jersey-servlet-1.19.jar:/home/user/.m2/repository/com/sun/jersey/jersey-json/1.19/jersey-json-1.19.jar:/home/user/.m2/repository/org/codehaus/jettison/jettison/1.1/jettison-1.1.jar:/home/user/.m2/repository/org/codehaus/jackson/jackson-core-asl/1.9.13/jackson-core-asl-1.9.13.jar:/home/user/.m2/repository/org/codehaus/jackson/jackson-mapper-asl/1.9.13/jackson-mapper-asl-1.9.13.jar:/home/user/.m2/repository/org/codehaus/jackson/jackson-jaxrs/1.9.13/jackson-jaxrs-1.9.13.jar:/home/user/.m2/repository/org/codehaus/jackson/jackson-xc/1.9.13/jackson-xc-1.9.13.jar:/home/user/.m2/repository/commons-logging/commons-logging/1.1.3/commons-logging-1.1.3.jar:/home/user/.m2/repository/commons-beanutils/commons-beanutils/1.9.3/commons-beanutils-1.9.3.jar:/home/user/.m2/repository/org/apache/commons/commons-configuration2/2.1.1/commons-configuration2-2.1.1.jar:/home/user/.m2/repository/org/apache/commons/commons-lang3/3.7/commons-lang3-3.7.jar:/home/user/.m2/repository/org/apache/commons/commons-text/1.4/commons-text-1.4.jar:/home/user/.m2/repository/org/apache/avro/avro/1.7.7/avro-1.7.7.jar:/home/user/.m2/repository/com/thoughtworks/paranamer/paranamer/2.3/paranamer-2.3.jar:/home/user/.m2/repository/org/xerial/snappy/snappy-java/1.0.5/snappy-java-1.0.5.jar:/home/user/.m2/repository/com/google/re2j/re2j/1.1/re2j-1.1.jar:/home/user/.m2/repository/com/google/code/gson/gson/2.2.4/gson-2.2.4.jar:/home/user/.m2/repository/com/jcraft/jsch/0.1.54/jsch-0.1.54.jar:/home/user/.m2/repository/org/apache/curator/curator-client/2.12.0/curator-client-2.12.0.jar:/home/user/.m2/repository/org/apache/curator/curator-recipes/2.12.0/curator-recipes-2.12.0.jar:/home/user/.m2/repository/com/google/code/findbugs/jsr305/3.0.0/jsr305-3.0.0.jar:/home/user/.m2/repository/org/apache/htrace/htrace-core4/4.1.0-incubating/htrace-core4-4.1.0-incubating.jar:/home/user/.m2/repository/org/apache/zookeeper/zookeeper/3.4.13/zookeeper-3.4.13.jar:/home/user/.m2/repository/org/apache/yetus/audience-annotations/0.5.0/audience-annotations-0.5.0.jar:/home/user/.m2/repository/org/codehaus/woodstox/stax2-api/3.1.4/stax2-api-3.1.4.jar:/home/user/.m2/repository/com/fasterxml/woodstox/woodstox-core/5.0.3/woodstox-core-5.0.3.jar:/home/user/.m2/repository/dnsjava/dnsjava/2.1.7/dnsjava-2.1.7.jar:/home/user/.m2/repository/org/apache/hadoop/hadoop-hdfs/3.2.0/hadoop-hdfs-3.2.0-tests.jar:/home/user/.m2/repository/org/eclipse/jetty/jetty-util-ajax/9.3.24.v20180605/jetty-util-ajax-9.3.24.v20180605.jar:/home/user/.m2/repository/commons-daemon/commons-daemon/1.0.13/commons-daemon-1.0.13.jar:/home/user/.m2/repository/io/netty/netty/3.10.5.Final/netty-3.10.5.Final.jar:/home/user/.m2/repository/io/netty/netty-all/4.0.52.Final/netty-all-4.0.52.Final.jar:/home/user/.m2/repository/org/fusesource/leveldbjni/leveldbjni-all/1.8/leveldbjni-all-1.8.jar:"/>
    <property name="java.vm.vendor" value="IcedTea"/>
    <property name="sun.arch.data.model" value="64"/>
    <property name="test.build.dir" value="/workdir/hadoop-ozone/integration-test/target/test-dir"/>
    <property name="test.cache.data" value=""/>
    <property name="java.vendor.url" value="https://icedtea.classpath.org"/>
    <property name="user.timezone" value=""/>
    <property name="java.vm.specification.version" value="1.8"/>
    <property name="os.name" value="Linux"/>
    <property name="test.build.data" value="/workdir/hadoop-ozone/integration-test/target/test-dir"/>
    <property name="user.country" value="US"/>
    <property name="sun.java.launcher" value="SUN_STANDARD"/>
    <property name="sun.boot.library.path" value="/usr/lib/jvm/java-1.8-openjdk/jre/lib/amd64"/>
    <property name="sun.java.command" value="/workdir/hadoop-ozone/integration-test/target/surefire/surefirebooter8375329731271872801.jar /workdir/hadoop-ozone/integration-test/target/surefire 2019-07-30T18-42-54_965-jvmRun1 surefire2936751937713458165tmp surefire_415609341301157743179tmp"/>
    <property name="surefire.test.class.path" value="/workdir/hadoop-ozone/integration-test/target/test-classes:/workdir/hadoop-ozone/integration-test/target/classes:/home/user/.m2/repository/org/apache/hadoop/hadoop-ozone-common/0.4.1-SNAPSHOT/hadoop-ozone-common-0.4.1-SNAPSHOT.jar:/home/user/.m2/repository/org/apache/commons/commons-compress/1.4.1/commons-compress-1.4.1.jar:/home/user/.m2/repository/org/tukaani/xz/1.0/xz-1.0.jar:/home/user/.m2/repository/org/apache/hadoop/hadoop-common/3.2.0/hadoop-common-3.2.0.jar:/home/user/.m2/repository/org/apache/hadoop/hadoop-hdfs/3.2.0/hadoop-hdfs-3.2.0.jar:/home/user/.m2/repository/org/apache/hadoop/hadoop-hdfs-client/3.2.0/hadoop-hdfs-client-3.2.0.jar:/home/user/.m2/repository/com/fasterxml/jackson/core/jackson-annotations/2.9.5/jackson-annotations-2.9.5.jar:/home/user/.m2/repository/org/apache/hadoop/hadoop-hdds-common/0.4.1-SNAPSHOT/hadoop-hdds-common-0.4.1-SNAPSHOT.jar:/home/user/.m2/repository/javax/annotation/javax.annotation-api/1.2/javax.annotation-api-1.2.jar:/home/user/.m2/repository/org/apache/ratis/ratis-server/0.4.0-2337318-SNAPSHOT/ratis-server-0.4.0-2337318-SNAPSHOT.jar:/home/user/.m2/repository/org/apache/ratis/ratis-thirdparty-misc/0.2.0/ratis-thirdparty-misc-0.2.0.jar:/home/user/.m2/repository/org/apache/ratis/ratis-proto/0.4.0-2337318-SNAPSHOT/ratis-proto-0.4.0-2337318-SNAPSHOT.jar:/home/user/.m2/repository/org/apache/ratis/ratis-common/0.4.0-2337318-SNAPSHOT/ratis-common-0.4.0-2337318-SNAPSHOT.jar:/home/user/.m2/repository/org/apache/ratis/ratis-client/0.4.0-2337318-SNAPSHOT/ratis-client-0.4.0-2337318-SNAPSHOT.jar:/home/user/.m2/repository/org/apache/ratis/ratis-metrics/0.4.0-2337318-SNAPSHOT/ratis-metrics-0.4.0-2337318-SNAPSHOT.jar:/home/user/.m2/repository/org/apache/ratis/ratis-netty/0.4.0-2337318-SNAPSHOT/ratis-netty-0.4.0-2337318-SNAPSHOT.jar:/home/user/.m2/repository/org/apache/ratis/ratis-grpc/0.4.0-2337318-SNAPSHOT/ratis-grpc-0.4.0-2337318-SNAPSHOT.jar:/home/user/.m2/repository/org/rocksdb/rocksdbjni/6.0.1/rocksdbjni-6.0.1.jar:/home/user/.m2/repository/org/apache/logging/log4j/log4j-api/2.11.0/log4j-api-2.11.0.jar:/home/user/.m2/repository/org/apache/logging/log4j/log4j-core/2.11.0/log4j-core-2.11.0.jar:/home/user/.m2/repository/com/lmax/disruptor/3.4.2/disruptor-3.4.2.jar:/home/user/.m2/repository/org/apache/commons/commons-pool2/2.6.0/commons-pool2-2.6.0.jar:/home/user/.m2/repository/org/bouncycastle/bcpkix-jdk15on/1.60/bcpkix-jdk15on-1.60.jar:/home/user/.m2/repository/commons-validator/commons-validator/1.6/commons-validator-1.6.jar:/home/user/.m2/repository/commons-digester/commons-digester/1.8.1/commons-digester-1.8.1.jar:/home/user/.m2/repository/io/jaegertracing/jaeger-client/0.33.1/jaeger-client-0.33.1.jar:/home/user/.m2/repository/io/jaegertracing/jaeger-thrift/0.33.1/jaeger-thrift-0.33.1.jar:/home/user/.m2/repository/org/apache/thrift/libthrift/0.11.0/libthrift-0.11.0.jar:/home/user/.m2/repository/com/squareup/okhttp3/okhttp/3.9.0/okhttp-3.9.0.jar:/home/user/.m2/repository/com/squareup/okio/okio/1.13.0/okio-1.13.0.jar:/home/user/.m2/repository/io/jaegertracing/jaeger-core/0.33.1/jaeger-core-0.33.1.jar:/home/user/.m2/repository/io/jaegertracing/jaeger-tracerresolver/0.33.1/jaeger-tracerresolver-0.33.1.jar:/home/user/.m2/repository/io/opentracing/contrib/opentracing-tracerresolver/0.1.5/opentracing-tracerresolver-0.1.5.jar:/home/user/.m2/repository/io/opentracing/opentracing-util/0.31.0/opentracing-util-0.31.0.jar:/home/user/.m2/repository/io/opentracing/opentracing-api/0.31.0/opentracing-api-0.31.0.jar:/home/user/.m2/repository/io/opentracing/opentracing-noop/0.31.0/opentracing-noop-0.31.0.jar:/home/user/.m2/repository/org/apache/hadoop/hadoop-hdds-server-framework/0.4.1-SNAPSHOT/hadoop-hdds-server-framework-0.4.1-SNAPSHOT.jar:/home/user/.m2/repository/org/apache/hadoop/hadoop-hdds-container-service/0.4.1-SNAPSHOT/hadoop-hdds-container-service-0.4.1-SNAPSHOT.jar:/home/user/.m2/repository/org/apache/hadoop/hadoop-hdds-client/0.4.1-SNAPSHOT/hadoop-hdds-client-0.4.1-SNAPSHOT.jar:/home/user/.m2/repository/org/apache/hadoop/hadoop-hdds-tools/0.4.1-SNAPSHOT/hadoop-hdds-tools-0.4.1-SNAPSHOT.jar:/home/user/.m2/repository/org/apache/hadoop/hadoop-hdds-server-scm/0.4.1-SNAPSHOT/hadoop-hdds-server-scm-0.4.1-SNAPSHOT.jar:/home/user/.m2/repository/org/apache/hadoop/hadoop-hdds-docs/0.4.1-SNAPSHOT/hadoop-hdds-docs-0.4.1-SNAPSHOT.jar:/home/user/.m2/repository/io/dropwizard/metrics/metrics-core/3.2.4/metrics-core-3.2.4.jar:/home/user/.m2/repository/org/hamcrest/hamcrest-all/1.3/hamcrest-all-1.3.jar:/home/user/.m2/repository/org/bouncycastle/bcprov-jdk15on/1.60/bcprov-jdk15on-1.60.jar:/home/user/.m2/repository/info/picocli/picocli/3.9.6/picocli-3.9.6.jar:/home/user/.m2/repository/com/google/protobuf/protobuf-java/2.5.0/protobuf-java-2.5.0.jar:/home/user/.m2/repository/com/google/guava/guava/11.0.2/guava-11.0.2.jar:/home/user/.m2/repository/org/apache/hadoop/hadoop-ozone-ozone-manager/0.4.1-SNAPSHOT/hadoop-ozone-ozone-manager-0.4.1-SNAPSHOT.jar:/home/user/.m2/repository/org/apache/hadoop/hadoop-minikdc/3.2.0/hadoop-minikdc-3.2.0.jar:/home/user/.m2/repository/commons-io/commons-io/2.5/commons-io-2.5.jar:/home/user/.m2/repository/org/apache/kerby/kerb-simplekdc/1.0.1/kerb-simplekdc-1.0.1.jar:/home/user/.m2/repository/org/apache/kerby/kerb-client/1.0.1/kerb-client-1.0.1.jar:/home/user/.m2/repository/org/apache/kerby/kerby-config/1.0.1/kerby-config-1.0.1.jar:/home/user/.m2/repository/org/apache/kerby/kerb-core/1.0.1/kerb-core-1.0.1.jar:/home/user/.m2/repository/org/apache/kerby/kerby-pkix/1.0.1/kerby-pkix-1.0.1.jar:/home/user/.m2/repository/org/apache/kerby/kerby-asn1/1.0.1/kerby-asn1-1.0.1.jar:/home/user/.m2/repository/org/apache/kerby/kerby-util/1.0.1/kerby-util-1.0.1.jar:/home/user/.m2/repository/org/apache/kerby/kerb-common/1.0.1/kerb-common-1.0.1.jar:/home/user/.m2/repository/org/apache/kerby/kerb-crypto/1.0.1/kerb-crypto-1.0.1.jar:/home/user/.m2/repository/org/apache/kerby/kerb-util/1.0.1/kerb-util-1.0.1.jar:/home/user/.m2/repository/org/apache/kerby/token-provider/1.0.1/token-provider-1.0.1.jar:/home/user/.m2/repository/org/apache/kerby/kerb-admin/1.0.1/kerb-admin-1.0.1.jar:/home/user/.m2/repository/org/apache/kerby/kerb-server/1.0.1/kerb-server-1.0.1.jar:/home/user/.m2/repository/org/apache/kerby/kerb-identity/1.0.1/kerb-identity-1.0.1.jar:/home/user/.m2/repository/org/apache/kerby/kerby-xdr/1.0.1/kerby-xdr-1.0.1.jar:/home/user/.m2/repository/org/slf4j/slf4j-log4j12/1.7.25/slf4j-log4j12-1.7.25.jar:/home/user/.m2/repository/org/apache/hadoop/hadoop-ozone-objectstore-service/0.4.1-SNAPSHOT/hadoop-ozone-objectstore-service-0.4.1-SNAPSHOT.jar:/home/user/.m2/repository/org/apache/hadoop/hadoop-ozone-s3gateway/0.4.1-SNAPSHOT/hadoop-ozone-s3gateway-0.4.1-SNAPSHOT.jar:/home/user/.m2/repository/org/jboss/weld/servlet/weld-servlet/2.4.7.Final/weld-servlet-2.4.7.Final.jar:/home/user/.m2/repository/org/glassfish/jersey/containers/jersey-container-servlet-core/2.27/jersey-container-servlet-core-2.27.jar:/home/user/.m2/repository/org/glassfish/hk2/external/javax.inject/2.5.0-b42/javax.inject-2.5.0-b42.jar:/home/user/.m2/repository/org/glassfish/jersey/core/jersey-common/2.27/jersey-common-2.27.jar:/home/user/.m2/repository/org/glassfish/hk2/osgi-resource-locator/1.0.1/osgi-resource-locator-1.0.1.jar:/home/user/.m2/repository/javax/ws/rs/javax.ws.rs-api/2.1/javax.ws.rs-api-2.1.jar:/home/user/.m2/repository/org/glassfish/jersey/ext/cdi/jersey-cdi1x/2.27/jersey-cdi1x-2.27.jar:/home/user/.m2/repository/org/glassfish/jersey/inject/jersey-hk2/2.27/jersey-hk2-2.27.jar:/home/user/.m2/repository/org/glassfish/hk2/hk2-locator/2.5.0-b42/hk2-locator-2.5.0-b42.jar:/home/user/.m2/repository/org/javassist/javassist/3.22.0-CR2/javassist-3.22.0-CR2.jar:/home/user/.m2/repository/org/glassfish/hk2/hk2-api/2.5.0/hk2-api-2.5.0.jar:/home/user/.m2/repository/org/glassfish/hk2/external/jakarta.inject/2.5.0/jakarta.inject-2.5.0.jar:/home/user/.m2/repository/org/glassfish/hk2/hk2-utils/2.5.0/hk2-utils-2.5.0.jar:/home/user/.m2/repository/jakarta/annotation/jakarta.annotation-api/1.3.4/jakarta.annotation-api-1.3.4.jar:/home/user/.m2/repository/org/glassfish/hk2/external/aopalliance-repackaged/2.5.0/aopalliance-repackaged-2.5.0.jar:/home/user/.m2/repository/com/fasterxml/jackson/dataformat/jackson-dataformat-xml/2.9.0/jackson-dataformat-xml-2.9.0.jar:/home/user/.m2/repository/com/fasterxml/jackson/core/jackson-core/2.9.5/jackson-core-2.9.5.jar:/home/user/.m2/repository/com/fasterxml/jackson/module/jackson-module-jaxb-annotations/2.9.5/jackson-module-jaxb-annotations-2.9.5.jar:/home/user/.m2/repository/javax/enterprise/cdi-api/1.2/cdi-api-1.2.jar:/home/user/.m2/repository/javax/el/javax.el-api/3.0.0/javax.el-api-3.0.0.jar:/home/user/.m2/repository/javax/interceptor/javax.interceptor-api/1.2/javax.interceptor-api-1.2.jar:/home/user/.m2/repository/javax/inject/javax.inject/1/javax.inject-1.jar:/home/user/.m2/repository/com/sun/xml/bind/jaxb-impl/2.3.0.1/jaxb-impl-2.3.0.1.jar:/home/user/.m2/repository/com/sun/xml/bind/jaxb-core/2.3.0.1/jaxb-core-2.3.0.1.jar:/home/user/.m2/repository/javax/xml/bind/jaxb-api/2.3.0/jaxb-api-2.3.0.jar:/home/user/.m2/repository/javax/activation/activation/1.1.1/activation-1.1.1.jar:/home/user/.m2/repository/org/apache/hadoop/hadoop-ozone-csi/0.4.1-SNAPSHOT/hadoop-ozone-csi-0.4.1-SNAPSHOT.jar:/home/user/.m2/repository/com/google/protobuf/protobuf-java-util/3.5.1/protobuf-java-util-3.5.1.jar:/home/user/.m2/repository/org/apache/hadoop/hadoop-hdds-config/0.4.1-SNAPSHOT/hadoop-hdds-config-0.4.1-SNAPSHOT.jar:/home/user/.m2/repository/io/grpc/grpc-netty/1.17.1/grpc-netty-1.17.1.jar:/home/user/.m2/repository/io/grpc/grpc-core/1.17.1/grpc-core-1.17.1.jar:/home/user/.m2/repository/io/grpc/grpc-context/1.17.1/grpc-context-1.17.1.jar:/home/user/.m2/repository/com/google/errorprone/error_prone_annotations/2.2.0/error_prone_annotations-2.2.0.jar:/home/user/.m2/repository/org/codehaus/mojo/animal-sniffer-annotations/1.17/animal-sniffer-annotations-1.17.jar:/home/user/.m2/repository/io/opencensus/opencensus-api/0.17.0/opencensus-api-0.17.0.jar:/home/user/.m2/repository/io/opencensus/opencensus-contrib-grpc-metrics/0.17.0/opencensus-contrib-grpc-metrics-0.17.0.jar:/home/user/.m2/repository/io/netty/netty-codec-http2/4.1.30.Final/netty-codec-http2-4.1.30.Final.jar:/home/user/.m2/repository/io/netty/netty-codec-http/4.1.30.Final/netty-codec-http-4.1.30.Final.jar:/home/user/.m2/repository/io/netty/netty-codec/4.1.30.Final/netty-codec-4.1.30.Final.jar:/home/user/.m2/repository/io/netty/netty-handler/4.1.30.Final/netty-handler-4.1.30.Final.jar:/home/user/.m2/repository/io/netty/netty-handler-proxy/4.1.30.Final/netty-handler-proxy-4.1.30.Final.jar:/home/user/.m2/repository/io/netty/netty-codec-socks/4.1.30.Final/netty-codec-socks-4.1.30.Final.jar:/home/user/.m2/repository/io/netty/netty-transport-native-epoll/4.1.30.Final/netty-transport-native-epoll-4.1.30.Final.jar:/home/user/.m2/repository/io/netty/netty-common/4.1.30.Final/netty-common-4.1.30.Final.jar:/home/user/.m2/repository/io/netty/netty-buffer/4.1.30.Final/netty-buffer-4.1.30.Final.jar:/home/user/.m2/repository/io/netty/netty-transport/4.1.30.Final/netty-transport-4.1.30.Final.jar:/home/user/.m2/repository/io/netty/netty-resolver/4.1.30.Final/netty-resolver-4.1.30.Final.jar:/home/user/.m2/repository/io/netty/netty-transport-native-unix-common/4.1.30.Final/netty-transport-native-unix-common-4.1.30.Final.jar:/home/user/.m2/repository/io/grpc/grpc-protobuf/1.17.1/grpc-protobuf-1.17.1.jar:/home/user/.m2/repository/com/google/api/grpc/proto-google-common-protos/1.0.0/proto-google-common-protos-1.0.0.jar:/home/user/.m2/repository/io/grpc/grpc-protobuf-lite/1.17.1/grpc-protobuf-lite-1.17.1.jar:/home/user/.m2/repository/io/grpc/grpc-stub/1.17.1/grpc-stub-1.17.1.jar:/home/user/.m2/repository/org/apache/hadoop/hadoop-ozone-recon/0.4.1-SNAPSHOT/hadoop-ozone-recon-0.4.1-SNAPSHOT.jar:/home/user/.m2/repository/org/apache/hadoop/hadoop-ozone-reconcodegen/0.4.1-SNAPSHOT/hadoop-ozone-reconcodegen-0.4.1-SNAPSHOT.jar:/home/user/.m2/repository/com/google/inject/extensions/guice-multibindings/4.0/guice-multibindings-4.0.jar:/home/user/.m2/repository/com/google/inject/guice/4.0/guice-4.0.jar:/home/user/.m2/repository/aopalliance/aopalliance/1.0/aopalliance-1.0.jar:/home/user/.m2/repository/com/google/inject/extensions/guice-servlet/4.0/guice-servlet-4.0.jar:/home/user/.m2/repository/org/glassfish/jersey/containers/jersey-container-servlet/2.27/jersey-container-servlet-2.27.jar:/home/user/.m2/repository/org/glassfish/hk2/guice-bridge/2.5.0/guice-bridge-2.5.0.jar:/home/user/.m2/repository/org/glassfish/jersey/core/jersey-server/2.27/jersey-server-2.27.jar:/home/user/.m2/repository/org/glassfish/jersey/core/jersey-client/2.27/jersey-client-2.27.jar:/home/user/.m2/repository/org/glassfish/jersey/media/jersey-media-jaxb/2.27/jersey-media-jaxb-2.27.jar:/home/user/.m2/repository/javax/validation/validation-api/1.1.0.Final/validation-api-1.1.0.Final.jar:/home/user/.m2/repository/org/glassfish/jersey/media/jersey-media-json-jackson/2.27/jersey-media-json-jackson-2.27.jar:/home/user/.m2/repository/org/glassfish/jersey/ext/jersey-entity-filtering/2.27/jersey-entity-filtering-2.27.jar:/home/user/.m2/repository/com/google/inject/extensions/guice-assistedinject/4.0/guice-assistedinject-4.0.jar:/home/user/.m2/repository/org/jooq/jooq/3.11.10/jooq-3.11.10.jar:/home/user/.m2/repository/org/jooq/jooq-meta/3.11.10/jooq-meta-3.11.10.jar:/home/user/.m2/repository/org/jooq/jooq-codegen/3.11.10/jooq-codegen-3.11.10.jar:/home/user/.m2/repository/com/jolbox/bonecp/0.8.0.RELEASE/bonecp-0.8.0.RELEASE.jar:/home/user/.m2/repository/org/xerial/sqlite-jdbc/3.25.2/sqlite-jdbc-3.25.2.jar:/home/user/.m2/repository/org/springframework/spring-jdbc/5.1.3.RELEASE/spring-jdbc-5.1.3.RELEASE.jar:/home/user/.m2/repository/org/springframework/spring-beans/5.1.3.RELEASE/spring-beans-5.1.3.RELEASE.jar:/home/user/.m2/repository/org/springframework/spring-core/5.1.3.RELEASE/spring-core-5.1.3.RELEASE.jar:/home/user/.m2/repository/org/springframework/spring-jcl/5.1.3.RELEASE/spring-jcl-5.1.3.RELEASE.jar:/home/user/.m2/repository/org/springframework/spring-tx/5.1.3.RELEASE/spring-tx-5.1.3.RELEASE.jar:/home/user/.m2/repository/org/apache/hadoop/hadoop-ozone-client/0.4.1-SNAPSHOT/hadoop-ozone-client-0.4.1-SNAPSHOT.jar:/home/user/.m2/repository/commons-lang/commons-lang/2.6/commons-lang-2.6.jar:/home/user/.m2/repository/org/apache/hadoop/hadoop-ozone-ozone-manager/0.4.1-SNAPSHOT/hadoop-ozone-ozone-manager-0.4.1-SNAPSHOT-tests.jar:/home/user/.m2/repository/junit/junit/4.11/junit-4.11.jar:/home/user/.m2/repository/org/hamcrest/hamcrest-core/1.3/hamcrest-core-1.3.jar:/home/user/.m2/repository/org/openjdk/jmh/jmh-core/1.19/jmh-core-1.19.jar:/home/user/.m2/repository/net/sf/jopt-simple/jopt-simple/4.6/jopt-simple-4.6.jar:/home/user/.m2/repository/org/apache/commons/commons-math3/3.1.1/commons-math3-3.1.1.jar:/home/user/.m2/repository/org/openjdk/jmh/jmh-generator-annprocess/1.19/jmh-generator-annprocess-1.19.jar:/home/user/.m2/repository/org/mockito/mockito-all/1.8.5/mockito-all-1.8.5.jar:/home/user/.m2/repository/org/apache/hadoop/hadoop-kms/3.2.0/hadoop-kms-3.2.0.jar:/home/user/.m2/repository/org/apache/hadoop/hadoop-auth/3.2.0/hadoop-auth-3.2.0.jar:/home/user/.m2/repository/com/nimbusds/nimbus-jose-jwt/4.41.1/nimbus-jose-jwt-4.41.1.jar:/home/user/.m2/repository/com/github/stephenc/jcip/jcip-annotations/1.0-1/jcip-annotations-1.0-1.jar:/home/user/.m2/repository/net/minidev/json-smart/2.3/json-smart-2.3.jar:/home/user/.m2/repository/net/minidev/accessors-smart/1.2/accessors-smart-1.2.jar:/home/user/.m2/repository/org/ow2/asm/asm/5.0.4/asm-5.0.4.jar:/home/user/.m2/repository/org/apache/curator/curator-framework/2.12.0/curator-framework-2.12.0.jar:/home/user/.m2/repository/com/sun/jersey/jersey-core/1.19/jersey-core-1.19.jar:/home/user/.m2/repository/javax/ws/rs/jsr311-api/1.1.1/jsr311-api-1.1.1.jar:/home/user/.m2/repository/com/sun/jersey/jersey-server/1.19/jersey-server-1.19.jar:/home/user/.m2/repository/javax/servlet/javax.servlet-api/3.1.0/javax.servlet-api-3.1.0.jar:/home/user/.m2/repository/org/eclipse/jetty/jetty-server/9.3.24.v20180605/jetty-server-9.3.24.v20180605.jar:/home/user/.m2/repository/org/eclipse/jetty/jetty-http/9.3.24.v20180605/jetty-http-9.3.24.v20180605.jar:/home/user/.m2/repository/org/eclipse/jetty/jetty-io/9.3.24.v20180605/jetty-io-9.3.24.v20180605.jar:/home/user/.m2/repository/org/eclipse/jetty/jetty-webapp/9.3.24.v20180605/jetty-webapp-9.3.24.v20180605.jar:/home/user/.m2/repository/org/eclipse/jetty/jetty-xml/9.3.24.v20180605/jetty-xml-9.3.24.v20180605.jar:/home/user/.m2/repository/log4j/log4j/1.2.17/log4j-1.2.17.jar:/home/user/.m2/repository/org/slf4j/slf4j-api/1.7.25/slf4j-api-1.7.25.jar:/home/user/.m2/repository/org/slf4j/jul-to-slf4j/1.7.25/jul-to-slf4j-1.7.25.jar:/home/user/.m2/repository/org/eclipse/jetty/jetty-util/9.3.24.v20180605/jetty-util-9.3.24.v20180605.jar:/home/user/.m2/repository/com/fasterxml/jackson/core/jackson-databind/2.9.5/jackson-databind-2.9.5.jar:/home/user/.m2/repository/org/apache/hadoop/hadoop-kms/3.2.0/hadoop-kms-3.2.0-tests.jar:/home/user/.m2/repository/org/apache/hadoop/hadoop-hdds-server-scm/0.4.1-SNAPSHOT/hadoop-hdds-server-scm-0.4.1-SNAPSHOT-tests.jar:/home/user/.m2/repository/org/apache/hadoop/hadoop-hdds-container-service/0.4.1-SNAPSHOT/hadoop-hdds-container-service-0.4.1-SNAPSHOT-tests.jar:/home/user/.m2/repository/org/yaml/snakeyaml/1.16/snakeyaml-1.16.jar:/home/user/.m2/repository/org/apache/hadoop/hadoop-common/3.2.0/hadoop-common-3.2.0-tests.jar:/home/user/.m2/repository/org/apache/hadoop/hadoop-annotations/3.2.0/hadoop-annotations-3.2.0.jar:/usr/lib/jvm/java-1.8-openjdk/jre/../lib/tools.jar:/home/user/.m2/repository/commons-cli/commons-cli/1.2/commons-cli-1.2.jar:/home/user/.m2/repository/org/apache/httpcomponents/httpclient/4.5.2/httpclient-4.5.2.jar:/home/user/.m2/repository/org/apache/httpcomponents/httpcore/4.4.4/httpcore-4.4.4.jar:/home/user/.m2/repository/commons-codec/commons-codec/1.11/commons-codec-1.11.jar:/home/user/.m2/repository/commons-net/commons-net/3.6/commons-net-3.6.jar:/home/user/.m2/repository/commons-collections/commons-collections/3.2.2/commons-collections-3.2.2.jar:/home/user/.m2/repository/org/eclipse/jetty/jetty-servlet/9.3.24.v20180605/jetty-servlet-9.3.24.v20180605.jar:/home/user/.m2/repository/org/eclipse/jetty/jetty-security/9.3.24.v20180605/jetty-security-9.3.24.v20180605.jar:/home/user/.m2/repository/javax/servlet/jsp/jsp-api/2.1/jsp-api-2.1.jar:/home/user/.m2/repository/com/sun/jersey/jersey-servlet/1.19/jersey-servlet-1.19.jar:/home/user/.m2/repository/com/sun/jersey/jersey-json/1.19/jersey-json-1.19.jar:/home/user/.m2/repository/org/codehaus/jettison/jettison/1.1/jettison-1.1.jar:/home/user/.m2/repository/org/codehaus/jackson/jackson-core-asl/1.9.13/jackson-core-asl-1.9.13.jar:/home/user/.m2/repository/org/codehaus/jackson/jackson-mapper-asl/1.9.13/jackson-mapper-asl-1.9.13.jar:/home/user/.m2/repository/org/codehaus/jackson/jackson-jaxrs/1.9.13/jackson-jaxrs-1.9.13.jar:/home/user/.m2/repository/org/codehaus/jackson/jackson-xc/1.9.13/jackson-xc-1.9.13.jar:/home/user/.m2/repository/commons-logging/commons-logging/1.1.3/commons-logging-1.1.3.jar:/home/user/.m2/repository/commons-beanutils/commons-beanutils/1.9.3/commons-beanutils-1.9.3.jar:/home/user/.m2/repository/org/apache/commons/commons-configuration2/2.1.1/commons-configuration2-2.1.1.jar:/home/user/.m2/repository/org/apache/commons/commons-lang3/3.7/commons-lang3-3.7.jar:/home/user/.m2/repository/org/apache/commons/commons-text/1.4/commons-text-1.4.jar:/home/user/.m2/repository/org/apache/avro/avro/1.7.7/avro-1.7.7.jar:/home/user/.m2/repository/com/thoughtworks/paranamer/paranamer/2.3/paranamer-2.3.jar:/home/user/.m2/repository/org/xerial/snappy/snappy-java/1.0.5/snappy-java-1.0.5.jar:/home/user/.m2/repository/com/google/re2j/re2j/1.1/re2j-1.1.jar:/home/user/.m2/repository/com/google/code/gson/gson/2.2.4/gson-2.2.4.jar:/home/user/.m2/repository/com/jcraft/jsch/0.1.54/jsch-0.1.54.jar:/home/user/.m2/repository/org/apache/curator/curator-client/2.12.0/curator-client-2.12.0.jar:/home/user/.m2/repository/org/apache/curator/curator-recipes/2.12.0/curator-recipes-2.12.0.jar:/home/user/.m2/repository/com/google/code/findbugs/jsr305/3.0.0/jsr305-3.0.0.jar:/home/user/.m2/repository/org/apache/htrace/htrace-core4/4.1.0-incubating/htrace-core4-4.1.0-incubating.jar:/home/user/.m2/repository/org/apache/zookeeper/zookeeper/3.4.13/zookeeper-3.4.13.jar:/home/user/.m2/repository/org/apache/yetus/audience-annotations/0.5.0/audience-annotations-0.5.0.jar:/home/user/.m2/repository/org/codehaus/woodstox/stax2-api/3.1.4/stax2-api-3.1.4.jar:/home/user/.m2/repository/com/fasterxml/woodstox/woodstox-core/5.0.3/woodstox-core-5.0.3.jar:/home/user/.m2/repository/dnsjava/dnsjava/2.1.7/dnsjava-2.1.7.jar:/home/user/.m2/repository/org/apache/hadoop/hadoop-hdfs/3.2.0/hadoop-hdfs-3.2.0-tests.jar:/home/user/.m2/repository/org/eclipse/jetty/jetty-util-ajax/9.3.24.v20180605/jetty-util-ajax-9.3.24.v20180605.jar:/home/user/.m2/repository/commons-daemon/commons-daemon/1.0.13/commons-daemon-1.0.13.jar:/home/user/.m2/repository/io/netty/netty/3.10.5.Final/netty-3.10.5.Final.jar:/home/user/.m2/repository/io/netty/netty-all/4.0.52.Final/netty-all-4.0.52.Final.jar:/home/user/.m2/repository/org/fusesource/leveldbjni/leveldbjni-all/1.8/leveldbjni-all-1.8.jar:"/>
    <property name="sun.cpu.endian" value="little"/>
    <property name="user.home" value="/home/user"/>
    <property name="user.language" value="en"/>
    <property name="java.specification.vendor" value="Oracle Corporation"/>
    <property name="java.home" value="/usr/lib/jvm/java-1.8-openjdk/jre"/>
    <property name="java.security.krb5.conf" value="/workdir/hadoop-ozone/integration-test/target/test-classes/krb5.conf"/>
    <property name="basedir" value="/workdir/hadoop-ozone/integration-test"/>
    <property name="file.separator" value="/"/>
    <property name="line.separator" value="&#10;"/>
    <property name="java.vm.specification.vendor" value="Oracle Corporation"/>
    <property name="java.specification.name" value="Java Platform API Specification"/>
    <property name="java.awt.graphicsenv" value="sun.awt.X11GraphicsEnvironment"/>
    <property name="surefire.real.class.path" value="/workdir/hadoop-ozone/integration-test/target/surefire/surefirebooter8375329731271872801.jar"/>
    <property name="hadoop.log.dir" value="/workdir/hadoop-ozone/integration-test/target/log"/>
    <property name="sun.boot.class.path" value="/usr/lib/jvm/java-1.8-openjdk/jre/lib/resources.jar:/usr/lib/jvm/java-1.8-openjdk/jre/lib/rt.jar:/usr/lib/jvm/java-1.8-openjdk/jre/lib/sunrsasign.jar:/usr/lib/jvm/java-1.8-openjdk/jre/lib/jsse.jar:/usr/lib/jvm/java-1.8-openjdk/jre/lib/jce.jar:/usr/lib/jvm/java-1.8-openjdk/jre/lib/charsets.jar:/usr/lib/jvm/java-1.8-openjdk/jre/lib/jfr.jar:/usr/lib/jvm/java-1.8-openjdk/jre/classes"/>
    <property name="sun.management.compiler" value="HotSpot 64-Bit Tiered Compilers"/>
    <property name="java.runtime.version" value="1.8.0_212-b04"/>
    <property name="java.net.preferIPv4Stack" value="true"/>
    <property name="user.name" value="jenkins1000"/>
    <property name="path.separator" value=":"/>
    <property name="java.security.egd" value="file:///dev/urandom"/>
    <property name="os.version" value="3.10.0-957.12.2.el7.x86_64"/>
    <property name="java.endorsed.dirs" value="/usr/lib/jvm/java-1.8-openjdk/jre/lib/endorsed"/>
    <property name="java.runtime.name" value="OpenJDK Runtime Environment"/>
    <property name="file.encoding" value="UTF-8"/>
    <property name="java.vm.name" value="OpenJDK 64-Bit Server VM"/>
    <property name="test.build.webapps" value=""/>
    <property name="localRepository" value="/home/user/.m2/repository"/>
    <property name="java.vendor.url.bug" value="https://icedtea.classpath.org/bugzilla"/>
    <property name="java.io.tmpdir" value="/tmp"/>
    <property name="require.test.libhadoop" value=""/>
    <property name="java.version" value="1.8.0_212"/>
    <property name="user.dir" value="/workdir/hadoop-ozone/integration-test"/>
    <property name="os.arch" value="amd64"/>
    <property name="java.vm.specification.name" value="Java Virtual Machine Specification"/>
    <property name="test.build.classes" value="/workdir/hadoop-ozone/integration-test/target/test-classes"/>
    <property name="java.awt.printerjob" value="sun.print.PSPrinterJob"/>
    <property name="sun.os.patch.level" value="unknown"/>
    <property name="hadoop.tmp.dir" value="/workdir/hadoop-ozone/integration-test/target/tmp"/>
    <property name="java.library.path" value="/usr/lib/jvm/java-1.8-openjdk/jre/lib/amd64/server:/usr/lib/jvm/java-1.8-openjdk/jre/lib/amd64:/usr/lib/jvm/java-1.8-openjdk/jre/../lib/amd64:/workdir/hadoop-ozone/integration-test/target/native/target/usr/local/lib:/workdir/hadoop-ozone/integration-test/../../hadoop-common-project/hadoop-common/target/native/target/usr/local/lib:/usr/java/packages/lib/amd64:/usr/lib64:/lib64:/lib:/usr/lib"/>
    <property name="java.vm.info" value="mixed mode"/>
    <property name="java.vendor" value="IcedTea"/>
    <property name="java.vm.version" value="25.212-b04"/>
    <property name="java.ext.dirs" value="/usr/lib/jvm/java-1.8-openjdk/jre/lib/ext:/usr/java/packages/lib/ext"/>
    <property name="sun.io.unicode.encoding" value="UnicodeLittle"/>
    <property name="java.class.version" value="52.0"/>
  </properties>
  <testcase name="testGroupMismatchExceptionHandling" classname="org.apache.hadoop.ozone.client.rpc.TestOzoneClientRetriesOnException" time="40.366"/>
  <testcase name="testMaxRetriesByOzoneClient" classname="org.apache.hadoop.ozone.client.rpc.TestOzoneClientRetriesOnException" time="32.358">
    <error message="Failed to command cmdType: CreateContainer&#10;containerID: 1&#10;datanodeUuid: &quot;caa8b8d2-d638-4306-8dd7-ea5e547edd63&quot;&#10;createContainer {&#10;}&#10;" type="java.io.IOException">java.io.IOException: 
Failed to command cmdType: CreateContainer
containerID: 1
datanodeUuid: "caa8b8d2-d638-4306-8dd7-ea5e547edd63"
createContainer {
}

	at org.apache.hadoop.hdds.scm.XceiverClientSpi.sendCommand(XceiverClientSpi.java:113)
	at org.apache.hadoop.ozone.client.rpc.TestOzoneClientRetriesOnException.testMaxRetriesByOzoneClient(TestOzoneClientRetriesOnException.java:190)
	at sun.reflect.NativeMethodAccessorImpl.invoke0(Native Method)
	at sun.reflect.NativeMethodAccessorImpl.invoke(NativeMethodAccessorImpl.java:62)
	at sun.reflect.DelegatingMethodAccessorImpl.invoke(DelegatingMethodAccessorImpl.java:43)
	at java.lang.reflect.Method.invoke(Method.java:498)
	at org.junit.runners.model.FrameworkMethod$1.runReflectiveCall(FrameworkMethod.java:47)
	at org.junit.internal.runners.model.ReflectiveCallable.run(ReflectiveCallable.java:12)
	at org.junit.runners.model.FrameworkMethod.invokeExplosively(FrameworkMethod.java:44)
	at org.junit.internal.runners.statements.InvokeMethod.evaluate(InvokeMethod.java:17)
	at org.junit.internal.runners.statements.RunBefores.evaluate(RunBefores.java:26)
	at org.junit.internal.runners.statements.RunAfters.evaluate(RunAfters.java:27)
	at org.junit.runners.ParentRunner.runLeaf(ParentRunner.java:271)
	at org.junit.runners.BlockJUnit4ClassRunner.runChild(BlockJUnit4ClassRunner.java:70)
	at org.junit.runners.BlockJUnit4ClassRunner.runChild(BlockJUnit4ClassRunner.java:50)
	at org.junit.runners.ParentRunner$3.run(ParentRunner.java:238)
	at org.junit.runners.ParentRunner$1.schedule(ParentRunner.java:63)
	at org.junit.runners.ParentRunner.runChildren(ParentRunner.java:236)
	at org.junit.runners.ParentRunner.access$000(ParentRunner.java:53)
	at org.junit.runners.ParentRunner$2.evaluate(ParentRunner.java:229)
	at org.junit.runners.ParentRunner.run(ParentRunner.java:309)
	at org.apache.maven.surefire.junit4.JUnit4Provider.execute(JUnit4Provider.java:365)
	at org.apache.maven.surefire.junit4.JUnit4Provider.executeWithRerun(JUnit4Provider.java:273)
	at org.apache.maven.surefire.junit4.JUnit4Provider.executeTestSet(JUnit4Provider.java:238)
	at org.apache.maven.surefire.junit4.JUnit4Provider.invoke(JUnit4Provider.java:159)
	at org.apache.maven.surefire.booter.ForkedBooter.invokeProviderInSameClassLoader(ForkedBooter.java:384)
	at org.apache.maven.surefire.booter.ForkedBooter.runSuitesInProcess(ForkedBooter.java:345)
	at org.apache.maven.surefire.booter.ForkedBooter.execute(ForkedBooter.java:126)
	at org.apache.maven.surefire.booter.ForkedBooter.main(ForkedBooter.java:418)
Caused by: java.util.concurrent.ExecutionException: org.apache.ratis.protocol.StateMachineException: java.util.concurrent.CompletionException: java.lang.IllegalArgumentException
	at java.util.concurrent.CompletableFuture.reportGet(CompletableFuture.java:357)
	at java.util.concurrent.CompletableFuture.get(CompletableFuture.java:1895)
	at org.apache.hadoop.hdds.scm.XceiverClientSpi.sendCommand(XceiverClientSpi.java:110)
	... 28 more
Caused by: org.apache.ratis.protocol.StateMachineException: java.util.concurrent.CompletionException: java.lang.IllegalArgumentException
	at java.util.concurrent.CompletableFuture.encodeThrowable(CompletableFuture.java:273)
	at java.util.concurrent.CompletableFuture.completeThrowable(CompletableFuture.java:280)
	at java.util.concurrent.CompletableFuture$AsyncSupply.run(CompletableFuture.java:1592)
	at java.util.concurrent.ThreadPoolExecutor.runWorker(ThreadPoolExecutor.java:1149)
	at java.util.concurrent.ThreadPoolExecutor$Worker.run(ThreadPoolExecutor.java:624)
	at java.lang.Thread.run(Thread.java:748)
</error>
    <system-out><![CDATA[2019-07-30 19:24:22,426 WARN  server.ServerUtils (ServerUtils.java:getScmDbDir(145)) - ozone.scm.db.dirs is not configured. We recommend adding this setting. Falling back to ozone.metadata.dirs instead.
2019-07-30 19:24:22,440 WARN  server.ServerUtils (ServerUtils.java:getScmDbDir(145)) - ozone.scm.db.dirs is not configured. We recommend adding this setting. Falling back to ozone.metadata.dirs instead.
2019-07-30 19:24:22,441 WARN  server.ServerUtils (ServerUtils.java:getScmDbDir(145)) - ozone.scm.db.dirs is not configured. We recommend adding this setting. Falling back to ozone.metadata.dirs instead.
2019-07-30 19:24:22,441 INFO  db.DBStoreBuilder (DBStoreBuilder.java:addTable(110)) - using custom profile for table: deletedBlocks
2019-07-30 19:24:22,441 INFO  db.DBStoreBuilder (DBStoreBuilder.java:processTables(161)) - Using default column profile:DBProfile.DISK for Table:deletedBlocks
2019-07-30 19:24:22,442 INFO  db.DBStoreBuilder (DBStoreBuilder.java:addTable(110)) - using custom profile for table: validCerts
2019-07-30 19:24:22,442 INFO  db.DBStoreBuilder (DBStoreBuilder.java:processTables(161)) - Using default column profile:DBProfile.DISK for Table:validCerts
2019-07-30 19:24:22,442 INFO  db.DBStoreBuilder (DBStoreBuilder.java:addTable(110)) - using custom profile for table: revokedCerts
2019-07-30 19:24:22,442 INFO  db.DBStoreBuilder (DBStoreBuilder.java:processTables(161)) - Using default column profile:DBProfile.DISK for Table:revokedCerts
2019-07-30 19:24:22,443 INFO  db.DBStoreBuilder (DBStoreBuilder.java:addTable(110)) - using custom profile for table: default
2019-07-30 19:24:22,443 INFO  db.DBStoreBuilder (DBStoreBuilder.java:processTables(167)) - Using default column profile:DBProfile.DISK for Table:default
2019-07-30 19:24:22,443 INFO  db.DBStoreBuilder (DBStoreBuilder.java:getDbProfile(198)) - Using default options. DBProfile.DISK
2019-07-30 19:24:22,521 INFO  net.NodeSchemaLoader (NodeSchemaLoader.java:loadSchemaFromFile(125)) - Loading file from sun.misc.CompoundEnumeration@65e4cb84
2019-07-30 19:24:22,521 INFO  net.NodeSchemaLoader (NodeSchemaLoader.java:loadSchema(171)) - Loading network topology layer schema file
2019-07-30 19:24:22,526 WARN  server.ServerUtils (ServerUtils.java:sanitizeUserArgs(70)) - ozone.scm.stale.node.interval value = 300000 is larger than max = 100000 based on the key value of ozone.scm.heartbeat.thread.interval, reset to the max value 100000.
2019-07-30 19:24:22,527 WARN  server.ServerUtils (ServerUtils.java:sanitizeUserArgs(70)) - ozone.scm.stale.node.interval value = 300000 is larger than max = 100000 based on the key value of ozone.scm.heartbeat.thread.interval, reset to the max value 100000.
2019-07-30 19:24:22,527 INFO  node.SCMNodeManager (SCMNodeManager.java:<init>(121)) - Entering startup safe mode.
2019-07-30 19:24:22,528 WARN  server.ServerUtils (ServerUtils.java:getScmDbDir(145)) - ozone.scm.db.dirs is not configured. We recommend adding this setting. Falling back to ozone.metadata.dirs instead.
2019-07-30 19:24:22,561 INFO  pipeline.SCMPipelineManager (SCMPipelineManager.java:initializePipelineState(126)) - No pipeline exists in current db
2019-07-30 19:24:22,561 WARN  server.ServerUtils (ServerUtils.java:getScmDbDir(145)) - ozone.scm.db.dirs is not configured. We recommend adding this setting. Falling back to ozone.metadata.dirs instead.
2019-07-30 19:24:22,622 WARN  events.EventQueue (EventQueue.java:fireEvent(175)) - No event handler registered for event TypedEvent{payloadType=SafeModeStatus, name='SafeModeStatus'}
2019-07-30 19:24:22,623 INFO  ipc.CallQueueManager (CallQueueManager.java:<init>(84)) - Using callQueue: class java.util.concurrent.LinkedBlockingQueue, queueCapacity: 2000, scheduler: class org.apache.hadoop.ipc.DefaultRpcScheduler, ipcBackoff: false.
2019-07-30 19:24:22,624 INFO  ipc.Server (Server.java:run(1074)) - Starting Socket Reader #1 for port 44877
2019-07-30 19:24:22,627 INFO  ipc.CallQueueManager (CallQueueManager.java:<init>(84)) - Using callQueue: class java.util.concurrent.LinkedBlockingQueue, queueCapacity: 2000, scheduler: class org.apache.hadoop.ipc.DefaultRpcScheduler, ipcBackoff: false.
2019-07-30 19:24:22,628 INFO  ipc.Server (Server.java:run(1074)) - Starting Socket Reader #1 for port 34145
2019-07-30 19:24:22,629 INFO  ipc.CallQueueManager (CallQueueManager.java:<init>(84)) - Using callQueue: class java.util.concurrent.LinkedBlockingQueue, queueCapacity: 2000, scheduler: class org.apache.hadoop.ipc.DefaultRpcScheduler, ipcBackoff: false.
2019-07-30 19:24:22,631 INFO  ipc.Server (Server.java:run(1074)) - Starting Socket Reader #1 for port 44445
2019-07-30 19:24:22,634 INFO  hdfs.DFSUtil (DFSUtil.java:httpServerTemplateForNNAndJN(1641)) - Starting Web-server for scm at: http://0.0.0.0:0
2019-07-30 19:24:22,638 INFO  server.AuthenticationFilter (AuthenticationFilter.java:constructSecretProvider(240)) - Unable to initialize FileSignerSecretProvider, falling back to use random secrets.
2019-07-30 19:24:22,639 WARN  http.HttpRequestLog (HttpRequestLog.java:getRequestLog(97)) - Jetty request log can only be enabled using Log4j
2019-07-30 19:24:22,641 INFO  http.HttpServer2 (HttpServer2.java:addGlobalFilter(975)) - Added global filter 'safety' (class=org.apache.hadoop.http.HttpServer2$QuotingInputFilter)
2019-07-30 19:24:22,642 INFO  http.HttpServer2 (HttpServer2.java:addFilter(948)) - Added filter static_user_filter (class=org.apache.hadoop.http.lib.StaticUserWebFilter$StaticUserFilter) to context scm
2019-07-30 19:24:22,643 INFO  http.HttpServer2 (HttpServer2.java:addFilter(958)) - Added filter static_user_filter (class=org.apache.hadoop.http.lib.StaticUserWebFilter$StaticUserFilter) to context static
2019-07-30 19:24:22,643 INFO  http.HttpServer2 (HttpServer2.java:addFilter(958)) - Added filter static_user_filter (class=org.apache.hadoop.http.lib.StaticUserWebFilter$StaticUserFilter) to context logs
2019-07-30 19:24:22,647 INFO  server.StorageContainerManager (StorageContainerManager.java:start(758)) - StorageContainerLocationProtocol RPC server is listening at /0.0.0.0:44445
2019-07-30 19:24:22,649 WARN  impl.MetricsConfig (MetricsConfig.java:loadFirst(134)) - Cannot locate configuration: tried hadoop-metrics2-storagecontainermanager.properties,hadoop-metrics2.properties
2019-07-30 19:24:22,651 INFO  impl.MetricsSystemImpl (MetricsSystemImpl.java:startTimer(374)) - Scheduled Metric snapshot period at 10 second(s).
2019-07-30 19:24:22,651 INFO  impl.MetricsSystemImpl (MetricsSystemImpl.java:start(191)) - StorageContainerManager metrics system started
2019-07-30 19:24:22,707 INFO  server.SCMClientProtocolServer (SCMClientProtocolServer.java:start(151)) - RPC server for Client  is listening at /0.0.0.0:44445
2019-07-30 19:24:22,707 INFO  ipc.Server (Server.java:run(1314)) - IPC Server Responder: starting
2019-07-30 19:24:22,707 INFO  ipc.Server (Server.java:run(1153)) - IPC Server listener on 44445: starting
2019-07-30 19:24:22,711 INFO  server.StorageContainerManager (StorageContainerManager.java:start(768)) - ScmBlockLocationProtocol RPC server is listening at /0.0.0.0:34145
2019-07-30 19:24:22,711 INFO  server.SCMBlockProtocolServer (SCMBlockProtocolServer.java:start(140)) - RPC server for Block Protocol is listening at /0.0.0.0:34145
2019-07-30 19:24:22,712 INFO  ipc.Server (Server.java:run(1314)) - IPC Server Responder: starting
2019-07-30 19:24:22,712 INFO  ipc.Server (Server.java:run(1153)) - IPC Server listener on 34145: starting
2019-07-30 19:24:22,716 INFO  server.StorageContainerManager (StorageContainerManager.java:start(772)) - ScmDatanodeProtocl RPC server is listening at /0.0.0.0:44877
2019-07-30 19:24:22,717 INFO  server.SCMDatanodeProtocolServer (SCMDatanodeProtocolServer.java:start(191)) - RPC server for DataNodes is listening at /0.0.0.0:44877
2019-07-30 19:24:22,717 INFO  ipc.Server (Server.java:run(1314)) - IPC Server Responder: starting
2019-07-30 19:24:22,717 INFO  ipc.Server (Server.java:run(1153)) - IPC Server listener on 44877: starting
2019-07-30 19:24:22,722 INFO  http.HttpServer2 (HttpServer2.java:bindListener(1191)) - Jetty bound to port 34521
2019-07-30 19:24:22,722 INFO  server.Server (Server.java:doStart(351)) - jetty-9.3.24.v20180605, build timestamp: 2018-06-05T17:11:56Z, git hash: 84205aa28f11a4f31f2a3b86d1bba2cc8ab69827
2019-07-30 19:24:22,725 INFO  handler.ContextHandler (ContextHandler.java:doStart(781)) - Started o.e.j.s.ServletContextHandler@d16209e{/logs,file:///workdir/hadoop-ozone/integration-test/target/log,AVAILABLE}
2019-07-30 19:24:22,726 INFO  handler.ContextHandler (ContextHandler.java:doStart(781)) - Started o.e.j.s.ServletContextHandler@76596288{/static,file:///workdir/hadoop-ozone/integration-test/target/test-classes/webapps/static,AVAILABLE}
2019-07-30 19:24:22,731 INFO  handler.ContextHandler (ContextHandler.java:doStart(781)) - Started o.e.j.w.WebAppContext@1930a804{/,file:///workdir/hadoop-ozone/integration-test/target/test-classes/webapps/scm/,AVAILABLE}{/scm}
2019-07-30 19:24:22,731 INFO  server.AbstractConnector (AbstractConnector.java:doStart(278)) - Started ServerConnector@bd4ee01{HTTP/1.1,[http/1.1]}{0.0.0.0:34521}
2019-07-30 19:24:22,732 INFO  server.Server (Server.java:doStart(419)) - Started @41243ms
2019-07-30 19:24:22,735 INFO  server.BaseHttpServer (BaseHttpServer.java:updateConnectorAddress(207)) - HTTP server of SCM is listening at http://0.0.0.0:34521
2019-07-30 19:24:22,735 WARN  server.ServerUtils (ServerUtils.java:getDBPath(222)) - ozone.om.db.dirs is not configured. We recommend adding this setting. Falling back to ozone.metadata.dirs instead.
2019-07-30 19:24:22,736 INFO  util.JvmPauseMonitor (JvmPauseMonitor.java:run(188)) - Starting JVM pause monitor
2019-07-30 19:24:22,758 WARN  server.ServerUtils (ServerUtils.java:getDBPath(222)) - ozone.om.db.dirs is not configured. We recommend adding this setting. Falling back to ozone.metadata.dirs instead.
2019-07-30 19:24:22,758 WARN  server.ServerUtils (ServerUtils.java:getDBPath(222)) - ozone.om.db.dirs is not configured. We recommend adding this setting. Falling back to ozone.metadata.dirs instead.
2019-07-30 19:24:22,759 INFO  om.OzoneManager (OzoneManager.java:setOMNodeDetails(644)) - OM Service ID is not set. Setting it to the default ID: omServiceIdDefault
2019-07-30 19:24:22,759 INFO  om.OzoneManager (OzoneManager.java:setOMNodeDetails(650)) - OM Node ID is not set. Setting it to the OmStorage's OmID: 76dec7fd-e3da-4068-8cb8-cd570d3ea0f5
2019-07-30 19:24:22,759 INFO  om.OzoneManager (OzoneManager.java:loadOMHAConfigs(601)) - Found matching OM address with OMServiceId: null, OMNodeId: null, RPC Address: localhost:0 and Ratis port: 9872
2019-07-30 19:24:22,768 WARN  server.ServerUtils (ServerUtils.java:getDBPath(222)) - ozone.om.db.dirs is not configured. We recommend adding this setting. Falling back to ozone.metadata.dirs instead.
2019-07-30 19:24:22,769 INFO  db.DBStoreBuilder (DBStoreBuilder.java:addTable(110)) - using custom profile for table: userTable
2019-07-30 19:24:22,769 INFO  db.DBStoreBuilder (DBStoreBuilder.java:processTables(161)) - Using default column profile:DBProfile.DISK for Table:userTable
2019-07-30 19:24:22,769 INFO  db.DBStoreBuilder (DBStoreBuilder.java:addTable(110)) - using custom profile for table: volumeTable
2019-07-30 19:24:22,770 INFO  db.DBStoreBuilder (DBStoreBuilder.java:processTables(161)) - Using default column profile:DBProfile.DISK for Table:volumeTable
2019-07-30 19:24:22,770 INFO  db.DBStoreBuilder (DBStoreBuilder.java:addTable(110)) - using custom profile for table: bucketTable
2019-07-30 19:24:22,770 INFO  db.DBStoreBuilder (DBStoreBuilder.java:processTables(161)) - Using default column profile:DBProfile.DISK for Table:bucketTable
2019-07-30 19:24:22,770 INFO  db.DBStoreBuilder (DBStoreBuilder.java:addTable(110)) - using custom profile for table: keyTable
2019-07-30 19:24:22,771 INFO  db.DBStoreBuilder (DBStoreBuilder.java:processTables(161)) - Using default column profile:DBProfile.DISK for Table:keyTable
2019-07-30 19:24:22,771 INFO  db.DBStoreBuilder (DBStoreBuilder.java:addTable(110)) - using custom profile for table: deletedTable
2019-07-30 19:24:22,771 INFO  db.DBStoreBuilder (DBStoreBuilder.java:processTables(161)) - Using default column profile:DBProfile.DISK for Table:deletedTable
2019-07-30 19:24:22,771 INFO  db.DBStoreBuilder (DBStoreBuilder.java:addTable(110)) - using custom profile for table: openKeyTable
2019-07-30 19:24:22,772 INFO  db.DBStoreBuilder (DBStoreBuilder.java:processTables(161)) - Using default column profile:DBProfile.DISK for Table:openKeyTable
2019-07-30 19:24:22,772 INFO  db.DBStoreBuilder (DBStoreBuilder.java:addTable(110)) - using custom profile for table: s3Table
2019-07-30 19:24:22,772 INFO  db.DBStoreBuilder (DBStoreBuilder.java:processTables(161)) - Using default column profile:DBProfile.DISK for Table:s3Table
2019-07-30 19:24:22,772 INFO  db.DBStoreBuilder (DBStoreBuilder.java:addTable(110)) - using custom profile for table: multipartInfoTable
2019-07-30 19:24:22,772 INFO  db.DBStoreBuilder (DBStoreBuilder.java:processTables(161)) - Using default column profile:DBProfile.DISK for Table:multipartInfoTable
2019-07-30 19:24:22,773 INFO  db.DBStoreBuilder (DBStoreBuilder.java:addTable(110)) - using custom profile for table: dTokenTable
2019-07-30 19:24:22,773 INFO  db.DBStoreBuilder (DBStoreBuilder.java:processTables(161)) - Using default column profile:DBProfile.DISK for Table:dTokenTable
2019-07-30 19:24:22,773 INFO  db.DBStoreBuilder (DBStoreBuilder.java:addTable(110)) - using custom profile for table: s3SecretTable
2019-07-30 19:24:22,773 INFO  db.DBStoreBuilder (DBStoreBuilder.java:processTables(161)) - Using default column profile:DBProfile.DISK for Table:s3SecretTable
2019-07-30 19:24:22,774 INFO  db.DBStoreBuilder (DBStoreBuilder.java:addTable(110)) - using custom profile for table: prefixTable
2019-07-30 19:24:22,774 INFO  db.DBStoreBuilder (DBStoreBuilder.java:processTables(161)) - Using default column profile:DBProfile.DISK for Table:prefixTable
2019-07-30 19:24:22,774 INFO  db.DBStoreBuilder (DBStoreBuilder.java:addTable(110)) - using custom profile for table: default
2019-07-30 19:24:22,774 INFO  db.DBStoreBuilder (DBStoreBuilder.java:processTables(167)) - Using default column profile:DBProfile.DISK for Table:default
2019-07-30 19:24:22,775 INFO  db.DBStoreBuilder (DBStoreBuilder.java:getDbProfile(198)) - Using default options. DBProfile.DISK
2019-07-30 19:24:23,101 INFO  ipc.CallQueueManager (CallQueueManager.java:<init>(84)) - Using callQueue: class java.util.concurrent.LinkedBlockingQueue, queueCapacity: 2000, scheduler: class org.apache.hadoop.ipc.DefaultRpcScheduler, ipcBackoff: false.
2019-07-30 19:24:23,102 INFO  ipc.Server (Server.java:run(1074)) - Starting Socket Reader #1 for port 38635
2019-07-30 19:24:23,117 INFO  om.OzoneManager (OzoneManager.java:start(1255)) - OzoneManager RPC server is listening at localhost/127.0.0.1:38635
2019-07-30 19:24:23,118 INFO  impl.MetricsSystemImpl (MetricsSystemImpl.java:init(158)) - OzoneManager metrics system started (again)
2019-07-30 19:24:23,119 INFO  ipc.Server (Server.java:run(1314)) - IPC Server Responder: starting
2019-07-30 19:24:23,119 INFO  ipc.Server (Server.java:run(1153)) - IPC Server listener on 38635: starting
2019-07-30 19:24:23,125 INFO  hdfs.DFSUtil (DFSUtil.java:httpServerTemplateForNNAndJN(1641)) - Starting Web-server for ozoneManager at: http://0.0.0.0:0
2019-07-30 19:24:23,127 INFO  server.AuthenticationFilter (AuthenticationFilter.java:constructSecretProvider(240)) - Unable to initialize FileSignerSecretProvider, falling back to use random secrets.
2019-07-30 19:24:23,127 WARN  http.HttpRequestLog (HttpRequestLog.java:getRequestLog(97)) - Jetty request log can only be enabled using Log4j
2019-07-30 19:24:23,129 INFO  http.HttpServer2 (HttpServer2.java:addGlobalFilter(975)) - Added global filter 'safety' (class=org.apache.hadoop.http.HttpServer2$QuotingInputFilter)
2019-07-30 19:24:23,130 INFO  http.HttpServer2 (HttpServer2.java:addFilter(948)) - Added filter static_user_filter (class=org.apache.hadoop.http.lib.StaticUserWebFilter$StaticUserFilter) to context ozoneManager
2019-07-30 19:24:23,130 INFO  http.HttpServer2 (HttpServer2.java:addFilter(958)) - Added filter static_user_filter (class=org.apache.hadoop.http.lib.StaticUserWebFilter$StaticUserFilter) to context static
2019-07-30 19:24:23,130 INFO  http.HttpServer2 (HttpServer2.java:addFilter(958)) - Added filter static_user_filter (class=org.apache.hadoop.http.lib.StaticUserWebFilter$StaticUserFilter) to context logs
2019-07-30 19:24:23,131 INFO  http.HttpServer2 (HttpServer2.java:bindListener(1191)) - Jetty bound to port 42539
2019-07-30 19:24:23,131 INFO  server.Server (Server.java:doStart(351)) - jetty-9.3.24.v20180605, build timestamp: 2018-06-05T17:11:56Z, git hash: 84205aa28f11a4f31f2a3b86d1bba2cc8ab69827
2019-07-30 19:24:23,134 INFO  handler.ContextHandler (ContextHandler.java:doStart(781)) - Started o.e.j.s.ServletContextHandler@455f4483{/logs,file:///workdir/hadoop-ozone/integration-test/target/log,AVAILABLE}
2019-07-30 19:24:23,134 INFO  handler.ContextHandler (ContextHandler.java:doStart(781)) - Started o.e.j.s.ServletContextHandler@7996d0d4{/static,file:///workdir/hadoop-ozone/integration-test/target/test-classes/webapps/static,AVAILABLE}
2019-07-30 19:24:23,141 INFO  handler.ContextHandler (ContextHandler.java:doStart(781)) - Started o.e.j.w.WebAppContext@6133e20b{/,file:///workdir/hadoop-ozone/integration-test/target/test-classes/webapps/ozoneManager/,AVAILABLE}{/ozoneManager}
2019-07-30 19:24:23,141 INFO  server.AbstractConnector (AbstractConnector.java:doStart(278)) - Started ServerConnector@30ffb2a6{HTTP/1.1,[http/1.1]}{0.0.0.0:42539}
2019-07-30 19:24:23,142 INFO  server.Server (Server.java:doStart(419)) - Started @41654ms
2019-07-30 19:24:23,143 INFO  server.BaseHttpServer (BaseHttpServer.java:updateConnectorAddress(207)) - HTTP server of OZONEMANAGER is listening at http://0.0.0.0:42539
2019-07-30 19:24:23,157 INFO  impl.MetricsSystemImpl (MetricsSystemImpl.java:init(158)) - HddsDatanode metrics system started (again)
2019-07-30 19:24:23,159 INFO  ozone.HddsDatanodeService (HddsDatanodeService.java:start(184)) - HddsDatanodeService host:byscane-nightly-d7s94-1643579034 ip:192.168.5.147
2019-07-30 19:24:23,166 INFO  volume.HddsVolume (HddsVolume.java:<init>(176)) - Creating Volume: /workdir/hadoop-ozone/integration-test/target/test-dir/MiniOzoneClusterImpl-5e904719-a08a-4eb0-9523-00d8d6adb52c/datanode-0/data/containers/hdds of  storage type : DISK and capacity : 52710309888
2019-07-30 19:24:23,166 INFO  volume.VolumeSet (VolumeSet.java:initializeVolumeSet(170)) - Added Volume : /workdir/hadoop-ozone/integration-test/target/test-dir/MiniOzoneClusterImpl-5e904719-a08a-4eb0-9523-00d8d6adb52c/datanode-0/data/containers/hdds to VolumeSet
2019-07-30 19:24:23,166 INFO  volume.ThrottledAsyncChecker (ThrottledAsyncChecker.java:schedule(140)) - Scheduling a check for org.apache.hadoop.ozone.container.common.volume.HddsVolume@5e24592e
2019-07-30 19:24:23,167 INFO  volume.HddsVolumeChecker (HddsVolumeChecker.java:checkAllVolumes(203)) - Scheduled health check for volume org.apache.hadoop.ozone.container.common.volume.HddsVolume@5e24592e
2019-07-30 19:24:23,180 INFO  impl.RaftServerProxy (ConfUtils.java:logGet(43)) - raft.rpc.type = GRPC (default)
2019-07-30 19:24:23,180 INFO  grpc.GrpcFactory (GrpcFactory.java:checkPooledByteBufAllocatorUseCacheForAllThreads(45)) - PERFORMANCE WARNING: useCacheForAllThreads is true that may cause Netty to create a lot garbage objects and, as a result, trigger GC.
	It is recommended to disable useCacheForAllThreads by setting -Dorg.apache.ratis.thirdparty.io.netty.allocator.useCacheForAllThreads=false in command line.
2019-07-30 19:24:23,181 INFO  grpc.GrpcConfigKeys$Server (ConfUtils.java:logGet(43)) - raft.grpc.server.port = 0 (default)
2019-07-30 19:24:23,181 INFO  server.GrpcService (ConfUtils.java:logGet(43)) - raft.grpc.message.size.max = 33570816 (custom)
2019-07-30 19:24:23,181 INFO  server.RaftServerConfigKeys (ConfUtils.java:logGet(43)) - raft.server.log.appender.buffer.byte-limit = 33554432 (custom)
2019-07-30 19:24:23,181 INFO  server.GrpcService (ConfUtils.java:logGet(43)) - raft.grpc.flow.control.window = 1MB (=1048576) (default)
2019-07-30 19:24:23,181 INFO  server.RaftServerConfigKeys (ConfUtils.java:logGet(43)) - raft.server.rpc.request.timeout = 3000ms (default)
2019-07-30 19:24:23,182 INFO  server.RaftServerConfigKeys (ConfUtils.java:logGet(43)) - raft.server.storage.dir = [/workdir/hadoop-ozone/integration-test/target/test-dir/MiniOzoneClusterImpl-5e904719-a08a-4eb0-9523-00d8d6adb52c/datanode-0/data/ratis] (custom)
2019-07-30 19:24:23,182 INFO  replication.SimpleContainerDownloader (SimpleContainerDownloader.java:<init>(72)) - Starting container downloader service to copy containers to replicate.
2019-07-30 19:24:23,183 INFO  hdfs.DFSUtil (DFSUtil.java:httpServerTemplateForNNAndJN(1641)) - Starting Web-server for hddsDatanode at: http://0.0.0.0:0
2019-07-30 19:24:23,184 INFO  server.AuthenticationFilter (AuthenticationFilter.java:constructSecretProvider(240)) - Unable to initialize FileSignerSecretProvider, falling back to use random secrets.
2019-07-30 19:24:23,185 WARN  http.HttpRequestLog (HttpRequestLog.java:getRequestLog(97)) - Jetty request log can only be enabled using Log4j
2019-07-30 19:24:23,186 INFO  http.HttpServer2 (HttpServer2.java:addGlobalFilter(975)) - Added global filter 'safety' (class=org.apache.hadoop.http.HttpServer2$QuotingInputFilter)
2019-07-30 19:24:23,186 INFO  http.HttpServer2 (HttpServer2.java:addFilter(948)) - Added filter static_user_filter (class=org.apache.hadoop.http.lib.StaticUserWebFilter$StaticUserFilter) to context hddsDatanode
2019-07-30 19:24:23,187 INFO  http.HttpServer2 (HttpServer2.java:addFilter(958)) - Added filter static_user_filter (class=org.apache.hadoop.http.lib.StaticUserWebFilter$StaticUserFilter) to context logs
2019-07-30 19:24:23,187 INFO  http.HttpServer2 (HttpServer2.java:addFilter(958)) - Added filter static_user_filter (class=org.apache.hadoop.http.lib.StaticUserWebFilter$StaticUserFilter) to context static
2019-07-30 19:24:23,187 INFO  http.HttpServer2 (HttpServer2.java:bindListener(1191)) - Jetty bound to port 39031
2019-07-30 19:24:23,187 INFO  server.Server (Server.java:doStart(351)) - jetty-9.3.24.v20180605, build timestamp: 2018-06-05T17:11:56Z, git hash: 84205aa28f11a4f31f2a3b86d1bba2cc8ab69827
2019-07-30 19:24:23,189 INFO  handler.ContextHandler (ContextHandler.java:doStart(781)) - Started o.e.j.s.ServletContextHandler@34f23816{/logs,file:///workdir/hadoop-ozone/integration-test/target/log,AVAILABLE}
2019-07-30 19:24:23,189 INFO  handler.ContextHandler (ContextHandler.java:doStart(781)) - Started o.e.j.s.ServletContextHandler@12f9f896{/static,jar:file:/home/user/.m2/repository/org/apache/hadoop/hadoop-hdds-container-service/0.4.1-SNAPSHOT/hadoop-hdds-container-service-0.4.1-SNAPSHOT.jar!/webapps/static,AVAILABLE}
2019-07-30 19:24:23,217 INFO  handler.ContextHandler (ContextHandler.java:doStart(781)) - Started o.e.j.w.WebAppContext@2d24cdd9{/,file:///tmp/jetty-0.0.0.0-39031-hddsDatanode-_-any-6383040568260120648.dir/webapp/,AVAILABLE}{/hddsDatanode}
2019-07-30 19:24:23,217 INFO  server.AbstractConnector (AbstractConnector.java:doStart(278)) - Started ServerConnector@30dd00b6{HTTP/1.1,[http/1.1]}{0.0.0.0:39031}
2019-07-30 19:24:23,218 INFO  server.Server (Server.java:doStart(419)) - Started @41729ms
2019-07-30 19:24:23,219 INFO  server.BaseHttpServer (BaseHttpServer.java:updateConnectorAddress(207)) - HTTP server of HDDSDATANODE is listening at http://0.0.0.0:39031
2019-07-30 19:24:23,356 INFO  ozone.HddsDatanodeService (HddsDatanodeService.java:startPlugins(395)) - Started plug-in org.apache.hadoop.ozone.web.OzoneHddsDatanodeService@5ad6f98e
2019-07-30 19:24:23,357 INFO  impl.MetricsSystemImpl (MetricsSystemImpl.java:init(158)) - HddsDatanode metrics system started (again)
2019-07-30 19:24:23,361 INFO  ozone.HddsDatanodeService (HddsDatanodeService.java:start(184)) - HddsDatanodeService host:byscane-nightly-d7s94-1643579034 ip:192.168.5.147
2019-07-30 19:24:23,361 INFO  util.JvmPauseMonitor (JvmPauseMonitor.java:run(188)) - Starting JVM pause monitor
2019-07-30 19:24:23,364 INFO  datanode.InitDatanodeState (InitDatanodeState.java:persistContainerDatanodeDetails(140)) - DatanodeDetails is persisted to /workdir/hadoop-ozone/integration-test/target/test-dir/MiniOzoneClusterImpl-5e904719-a08a-4eb0-9523-00d8d6adb52c/datanode-0/meta/datanode.id
2019-07-30 19:24:23,369 INFO  volume.HddsVolume (HddsVolume.java:<init>(176)) - Creating Volume: /workdir/hadoop-ozone/integration-test/target/test-dir/MiniOzoneClusterImpl-5e904719-a08a-4eb0-9523-00d8d6adb52c/datanode-1/data/containers/hdds of  storage type : DISK and capacity : 52710309888
2019-07-30 19:24:23,369 INFO  volume.VolumeSet (VolumeSet.java:initializeVolumeSet(170)) - Added Volume : /workdir/hadoop-ozone/integration-test/target/test-dir/MiniOzoneClusterImpl-5e904719-a08a-4eb0-9523-00d8d6adb52c/datanode-1/data/containers/hdds to VolumeSet
2019-07-30 19:24:23,369 INFO  volume.ThrottledAsyncChecker (ThrottledAsyncChecker.java:schedule(140)) - Scheduling a check for org.apache.hadoop.ozone.container.common.volume.HddsVolume@194b9783
2019-07-30 19:24:23,370 INFO  volume.HddsVolumeChecker (HddsVolumeChecker.java:checkAllVolumes(203)) - Scheduled health check for volume org.apache.hadoop.ozone.container.common.volume.HddsVolume@194b9783
2019-07-30 19:24:23,385 INFO  impl.RaftServerProxy (ConfUtils.java:logGet(43)) - raft.rpc.type = GRPC (default)
2019-07-30 19:24:23,385 INFO  grpc.GrpcFactory (GrpcFactory.java:checkPooledByteBufAllocatorUseCacheForAllThreads(45)) - PERFORMANCE WARNING: useCacheForAllThreads is true that may cause Netty to create a lot garbage objects and, as a result, trigger GC.
	It is recommended to disable useCacheForAllThreads by setting -Dorg.apache.ratis.thirdparty.io.netty.allocator.useCacheForAllThreads=false in command line.
2019-07-30 19:24:23,385 INFO  grpc.GrpcConfigKeys$Server (ConfUtils.java:logGet(43)) - raft.grpc.server.port = 0 (default)
2019-07-30 19:24:23,386 INFO  server.GrpcService (ConfUtils.java:logGet(43)) - raft.grpc.message.size.max = 33570816 (custom)
2019-07-30 19:24:23,386 INFO  server.RaftServerConfigKeys (ConfUtils.java:logGet(43)) - raft.server.log.appender.buffer.byte-limit = 33554432 (custom)
2019-07-30 19:24:23,386 INFO  server.GrpcService (ConfUtils.java:logGet(43)) - raft.grpc.flow.control.window = 1MB (=1048576) (default)
2019-07-30 19:24:23,386 INFO  server.RaftServerConfigKeys (ConfUtils.java:logGet(43)) - raft.server.rpc.request.timeout = 3000ms (default)
2019-07-30 19:24:23,387 INFO  server.RaftServerConfigKeys (ConfUtils.java:logGet(43)) - raft.server.storage.dir = [/workdir/hadoop-ozone/integration-test/target/test-dir/MiniOzoneClusterImpl-5e904719-a08a-4eb0-9523-00d8d6adb52c/datanode-1/data/ratis] (custom)
2019-07-30 19:24:23,387 INFO  replication.SimpleContainerDownloader (SimpleContainerDownloader.java:<init>(72)) - Starting container downloader service to copy containers to replicate.
2019-07-30 19:24:23,388 INFO  hdfs.DFSUtil (DFSUtil.java:httpServerTemplateForNNAndJN(1641)) - Starting Web-server for hddsDatanode at: http://0.0.0.0:0
2019-07-30 19:24:23,390 INFO  server.AuthenticationFilter (AuthenticationFilter.java:constructSecretProvider(240)) - Unable to initialize FileSignerSecretProvider, falling back to use random secrets.
2019-07-30 19:24:23,390 WARN  http.HttpRequestLog (HttpRequestLog.java:getRequestLog(97)) - Jetty request log can only be enabled using Log4j
2019-07-30 19:24:23,391 INFO  http.HttpServer2 (HttpServer2.java:addGlobalFilter(975)) - Added global filter 'safety' (class=org.apache.hadoop.http.HttpServer2$QuotingInputFilter)
2019-07-30 19:24:23,392 INFO  http.HttpServer2 (HttpServer2.java:addFilter(948)) - Added filter static_user_filter (class=org.apache.hadoop.http.lib.StaticUserWebFilter$StaticUserFilter) to context hddsDatanode
2019-07-30 19:24:23,392 INFO  http.HttpServer2 (HttpServer2.java:addFilter(958)) - Added filter static_user_filter (class=org.apache.hadoop.http.lib.StaticUserWebFilter$StaticUserFilter) to context static
2019-07-30 19:24:23,392 INFO  http.HttpServer2 (HttpServer2.java:addFilter(958)) - Added filter static_user_filter (class=org.apache.hadoop.http.lib.StaticUserWebFilter$StaticUserFilter) to context logs
2019-07-30 19:24:23,393 INFO  http.HttpServer2 (HttpServer2.java:bindListener(1191)) - Jetty bound to port 41352
2019-07-30 19:24:23,393 INFO  server.Server (Server.java:doStart(351)) - jetty-9.3.24.v20180605, build timestamp: 2018-06-05T17:11:56Z, git hash: 84205aa28f11a4f31f2a3b86d1bba2cc8ab69827
2019-07-30 19:24:23,395 INFO  handler.ContextHandler (ContextHandler.java:doStart(781)) - Started o.e.j.s.ServletContextHandler@297bd171{/logs,file:///workdir/hadoop-ozone/integration-test/target/log,AVAILABLE}
2019-07-30 19:24:23,396 INFO  handler.ContextHandler (ContextHandler.java:doStart(781)) - Started o.e.j.s.ServletContextHandler@4cc26df{/static,jar:file:/home/user/.m2/repository/org/apache/hadoop/hadoop-hdds-container-service/0.4.1-SNAPSHOT/hadoop-hdds-container-service-0.4.1-SNAPSHOT.jar!/webapps/static,AVAILABLE}
2019-07-30 19:24:23,423 INFO  handler.ContextHandler (ContextHandler.java:doStart(781)) - Started o.e.j.w.WebAppContext@2913ca3e{/,file:///tmp/jetty-0.0.0.0-41352-hddsDatanode-_-any-607490485995596391.dir/webapp/,AVAILABLE}{/hddsDatanode}
2019-07-30 19:24:23,424 INFO  server.AbstractConnector (AbstractConnector.java:doStart(278)) - Started ServerConnector@636dbfe7{HTTP/1.1,[http/1.1]}{0.0.0.0:41352}
2019-07-30 19:24:23,425 INFO  server.Server (Server.java:doStart(419)) - Started @41936ms
2019-07-30 19:24:23,426 INFO  server.BaseHttpServer (BaseHttpServer.java:updateConnectorAddress(207)) - HTTP server of HDDSDATANODE is listening at http://0.0.0.0:41352
2019-07-30 19:24:23,550 INFO  ozone.HddsDatanodeService (HddsDatanodeService.java:startPlugins(395)) - Started plug-in org.apache.hadoop.ozone.web.OzoneHddsDatanodeService@73b0ed03
2019-07-30 19:24:23,550 INFO  impl.MetricsSystemImpl (MetricsSystemImpl.java:init(158)) - HddsDatanode metrics system started (again)
2019-07-30 19:24:23,554 INFO  ozone.HddsDatanodeService (HddsDatanodeService.java:start(184)) - HddsDatanodeService host:byscane-nightly-d7s94-1643579034 ip:192.168.5.147
2019-07-30 19:24:23,554 INFO  util.JvmPauseMonitor (JvmPauseMonitor.java:run(188)) - Starting JVM pause monitor
2019-07-30 19:24:23,556 INFO  datanode.InitDatanodeState (InitDatanodeState.java:persistContainerDatanodeDetails(140)) - DatanodeDetails is persisted to /workdir/hadoop-ozone/integration-test/target/test-dir/MiniOzoneClusterImpl-5e904719-a08a-4eb0-9523-00d8d6adb52c/datanode-1/meta/datanode.id
2019-07-30 19:24:23,561 INFO  volume.HddsVolume (HddsVolume.java:<init>(176)) - Creating Volume: /workdir/hadoop-ozone/integration-test/target/test-dir/MiniOzoneClusterImpl-5e904719-a08a-4eb0-9523-00d8d6adb52c/datanode-2/data/containers/hdds of  storage type : DISK and capacity : 52710309888
2019-07-30 19:24:23,561 INFO  volume.VolumeSet (VolumeSet.java:initializeVolumeSet(170)) - Added Volume : /workdir/hadoop-ozone/integration-test/target/test-dir/MiniOzoneClusterImpl-5e904719-a08a-4eb0-9523-00d8d6adb52c/datanode-2/data/containers/hdds to VolumeSet
2019-07-30 19:24:23,562 INFO  volume.ThrottledAsyncChecker (ThrottledAsyncChecker.java:schedule(140)) - Scheduling a check for org.apache.hadoop.ozone.container.common.volume.HddsVolume@4af70b83
2019-07-30 19:24:23,562 INFO  volume.HddsVolumeChecker (HddsVolumeChecker.java:checkAllVolumes(203)) - Scheduled health check for volume org.apache.hadoop.ozone.container.common.volume.HddsVolume@4af70b83
2019-07-30 19:24:23,575 INFO  impl.RaftServerProxy (ConfUtils.java:logGet(43)) - raft.rpc.type = GRPC (default)
2019-07-30 19:24:23,575 INFO  grpc.GrpcFactory (GrpcFactory.java:checkPooledByteBufAllocatorUseCacheForAllThreads(45)) - PERFORMANCE WARNING: useCacheForAllThreads is true that may cause Netty to create a lot garbage objects and, as a result, trigger GC.
	It is recommended to disable useCacheForAllThreads by setting -Dorg.apache.ratis.thirdparty.io.netty.allocator.useCacheForAllThreads=false in command line.
2019-07-30 19:24:23,575 INFO  grpc.GrpcConfigKeys$Server (ConfUtils.java:logGet(43)) - raft.grpc.server.port = 0 (default)
2019-07-30 19:24:23,576 INFO  server.GrpcService (ConfUtils.java:logGet(43)) - raft.grpc.message.size.max = 33570816 (custom)
2019-07-30 19:24:23,576 INFO  server.RaftServerConfigKeys (ConfUtils.java:logGet(43)) - raft.server.log.appender.buffer.byte-limit = 33554432 (custom)
2019-07-30 19:24:23,576 INFO  server.GrpcService (ConfUtils.java:logGet(43)) - raft.grpc.flow.control.window = 1MB (=1048576) (default)
2019-07-30 19:24:23,576 INFO  server.RaftServerConfigKeys (ConfUtils.java:logGet(43)) - raft.server.rpc.request.timeout = 3000ms (default)
2019-07-30 19:24:23,577 INFO  server.RaftServerConfigKeys (ConfUtils.java:logGet(43)) - raft.server.storage.dir = [/workdir/hadoop-ozone/integration-test/target/test-dir/MiniOzoneClusterImpl-5e904719-a08a-4eb0-9523-00d8d6adb52c/datanode-2/data/ratis] (custom)
2019-07-30 19:24:23,577 INFO  replication.SimpleContainerDownloader (SimpleContainerDownloader.java:<init>(72)) - Starting container downloader service to copy containers to replicate.
2019-07-30 19:24:23,578 INFO  hdfs.DFSUtil (DFSUtil.java:httpServerTemplateForNNAndJN(1641)) - Starting Web-server for hddsDatanode at: http://0.0.0.0:0
2019-07-30 19:24:23,579 INFO  server.AuthenticationFilter (AuthenticationFilter.java:constructSecretProvider(240)) - Unable to initialize FileSignerSecretProvider, falling back to use random secrets.
2019-07-30 19:24:23,580 WARN  http.HttpRequestLog (HttpRequestLog.java:getRequestLog(97)) - Jetty request log can only be enabled using Log4j
2019-07-30 19:24:23,582 INFO  http.HttpServer2 (HttpServer2.java:addGlobalFilter(975)) - Added global filter 'safety' (class=org.apache.hadoop.http.HttpServer2$QuotingInputFilter)
2019-07-30 19:24:23,582 INFO  http.HttpServer2 (HttpServer2.java:addFilter(948)) - Added filter static_user_filter (class=org.apache.hadoop.http.lib.StaticUserWebFilter$StaticUserFilter) to context hddsDatanode
2019-07-30 19:24:23,582 INFO  http.HttpServer2 (HttpServer2.java:addFilter(958)) - Added filter static_user_filter (class=org.apache.hadoop.http.lib.StaticUserWebFilter$StaticUserFilter) to context static
2019-07-30 19:24:23,582 INFO  http.HttpServer2 (HttpServer2.java:addFilter(958)) - Added filter static_user_filter (class=org.apache.hadoop.http.lib.StaticUserWebFilter$StaticUserFilter) to context logs
2019-07-30 19:24:23,583 INFO  http.HttpServer2 (HttpServer2.java:bindListener(1191)) - Jetty bound to port 43821
2019-07-30 19:24:23,583 INFO  server.Server (Server.java:doStart(351)) - jetty-9.3.24.v20180605, build timestamp: 2018-06-05T17:11:56Z, git hash: 84205aa28f11a4f31f2a3b86d1bba2cc8ab69827
2019-07-30 19:24:23,585 INFO  handler.ContextHandler (ContextHandler.java:doStart(781)) - Started o.e.j.s.ServletContextHandler@2c3f43d1{/logs,file:///workdir/hadoop-ozone/integration-test/target/log,AVAILABLE}
2019-07-30 19:24:23,585 INFO  handler.ContextHandler (ContextHandler.java:doStart(781)) - Started o.e.j.s.ServletContextHandler@f10d055{/static,jar:file:/home/user/.m2/repository/org/apache/hadoop/hadoop-hdds-container-service/0.4.1-SNAPSHOT/hadoop-hdds-container-service-0.4.1-SNAPSHOT.jar!/webapps/static,AVAILABLE}
2019-07-30 19:24:23,613 INFO  handler.ContextHandler (ContextHandler.java:doStart(781)) - Started o.e.j.w.WebAppContext@5a82bc58{/,file:///tmp/jetty-0.0.0.0-43821-hddsDatanode-_-any-875207104683516346.dir/webapp/,AVAILABLE}{/hddsDatanode}
2019-07-30 19:24:23,613 INFO  server.AbstractConnector (AbstractConnector.java:doStart(278)) - Started ServerConnector@4aab7195{HTTP/1.1,[http/1.1]}{0.0.0.0:43821}
2019-07-30 19:24:23,614 INFO  server.Server (Server.java:doStart(419)) - Started @42125ms
2019-07-30 19:24:23,615 INFO  server.BaseHttpServer (BaseHttpServer.java:updateConnectorAddress(207)) - HTTP server of HDDSDATANODE is listening at http://0.0.0.0:43821
2019-07-30 19:24:23,758 INFO  ozone.HddsDatanodeService (HddsDatanodeService.java:startPlugins(395)) - Started plug-in org.apache.hadoop.ozone.web.OzoneHddsDatanodeService@2fa212df
2019-07-30 19:24:23,758 INFO  impl.MetricsSystemImpl (MetricsSystemImpl.java:init(158)) - HddsDatanode metrics system started (again)
2019-07-30 19:24:23,763 INFO  util.JvmPauseMonitor (JvmPauseMonitor.java:run(188)) - Starting JVM pause monitor
2019-07-30 19:24:23,764 INFO  ozone.HddsDatanodeService (HddsDatanodeService.java:start(184)) - HddsDatanodeService host:byscane-nightly-d7s94-1643579034 ip:192.168.5.147
2019-07-30 19:24:23,765 INFO  datanode.InitDatanodeState (InitDatanodeState.java:persistContainerDatanodeDetails(140)) - DatanodeDetails is persisted to /workdir/hadoop-ozone/integration-test/target/test-dir/MiniOzoneClusterImpl-5e904719-a08a-4eb0-9523-00d8d6adb52c/datanode-2/meta/datanode.id
2019-07-30 19:24:23,772 INFO  volume.HddsVolume (HddsVolume.java:<init>(176)) - Creating Volume: /workdir/hadoop-ozone/integration-test/target/test-dir/MiniOzoneClusterImpl-5e904719-a08a-4eb0-9523-00d8d6adb52c/datanode-3/data/containers/hdds of  storage type : DISK and capacity : 52710309888
2019-07-30 19:24:23,772 INFO  volume.VolumeSet (VolumeSet.java:initializeVolumeSet(170)) - Added Volume : /workdir/hadoop-ozone/integration-test/target/test-dir/MiniOzoneClusterImpl-5e904719-a08a-4eb0-9523-00d8d6adb52c/datanode-3/data/containers/hdds to VolumeSet
2019-07-30 19:24:23,772 INFO  volume.ThrottledAsyncChecker (ThrottledAsyncChecker.java:schedule(140)) - Scheduling a check for org.apache.hadoop.ozone.container.common.volume.HddsVolume@7aa3857b
2019-07-30 19:24:23,773 INFO  volume.HddsVolumeChecker (HddsVolumeChecker.java:checkAllVolumes(203)) - Scheduled health check for volume org.apache.hadoop.ozone.container.common.volume.HddsVolume@7aa3857b
2019-07-30 19:24:23,793 INFO  impl.RaftServerProxy (ConfUtils.java:logGet(43)) - raft.rpc.type = GRPC (default)
2019-07-30 19:24:23,793 INFO  grpc.GrpcFactory (GrpcFactory.java:checkPooledByteBufAllocatorUseCacheForAllThreads(45)) - PERFORMANCE WARNING: useCacheForAllThreads is true that may cause Netty to create a lot garbage objects and, as a result, trigger GC.
	It is recommended to disable useCacheForAllThreads by setting -Dorg.apache.ratis.thirdparty.io.netty.allocator.useCacheForAllThreads=false in command line.
2019-07-30 19:24:23,794 INFO  grpc.GrpcConfigKeys$Server (ConfUtils.java:logGet(43)) - raft.grpc.server.port = 0 (default)
2019-07-30 19:24:23,794 INFO  server.GrpcService (ConfUtils.java:logGet(43)) - raft.grpc.message.size.max = 33570816 (custom)
2019-07-30 19:24:23,794 INFO  server.RaftServerConfigKeys (ConfUtils.java:logGet(43)) - raft.server.log.appender.buffer.byte-limit = 33554432 (custom)
2019-07-30 19:24:23,794 INFO  server.GrpcService (ConfUtils.java:logGet(43)) - raft.grpc.flow.control.window = 1MB (=1048576) (default)
2019-07-30 19:24:23,794 INFO  server.RaftServerConfigKeys (ConfUtils.java:logGet(43)) - raft.server.rpc.request.timeout = 3000ms (default)
2019-07-30 19:24:23,795 INFO  server.RaftServerConfigKeys (ConfUtils.java:logGet(43)) - raft.server.storage.dir = [/workdir/hadoop-ozone/integration-test/target/test-dir/MiniOzoneClusterImpl-5e904719-a08a-4eb0-9523-00d8d6adb52c/datanode-3/data/ratis] (custom)
2019-07-30 19:24:23,795 INFO  replication.SimpleContainerDownloader (SimpleContainerDownloader.java:<init>(72)) - Starting container downloader service to copy containers to replicate.
2019-07-30 19:24:23,797 INFO  hdfs.DFSUtil (DFSUtil.java:httpServerTemplateForNNAndJN(1641)) - Starting Web-server for hddsDatanode at: http://0.0.0.0:0
2019-07-30 19:24:23,798 INFO  server.AuthenticationFilter (AuthenticationFilter.java:constructSecretProvider(240)) - Unable to initialize FileSignerSecretProvider, falling back to use random secrets.
2019-07-30 19:24:23,798 WARN  http.HttpRequestLog (HttpRequestLog.java:getRequestLog(97)) - Jetty request log can only be enabled using Log4j
2019-07-30 19:24:23,800 INFO  http.HttpServer2 (HttpServer2.java:addGlobalFilter(975)) - Added global filter 'safety' (class=org.apache.hadoop.http.HttpServer2$QuotingInputFilter)
2019-07-30 19:24:23,801 INFO  http.HttpServer2 (HttpServer2.java:addFilter(948)) - Added filter static_user_filter (class=org.apache.hadoop.http.lib.StaticUserWebFilter$StaticUserFilter) to context hddsDatanode
2019-07-30 19:24:23,801 INFO  http.HttpServer2 (HttpServer2.java:addFilter(958)) - Added filter static_user_filter (class=org.apache.hadoop.http.lib.StaticUserWebFilter$StaticUserFilter) to context static
2019-07-30 19:24:23,801 INFO  http.HttpServer2 (HttpServer2.java:addFilter(958)) - Added filter static_user_filter (class=org.apache.hadoop.http.lib.StaticUserWebFilter$StaticUserFilter) to context logs
2019-07-30 19:24:23,802 INFO  http.HttpServer2 (HttpServer2.java:bindListener(1191)) - Jetty bound to port 35303
2019-07-30 19:24:23,802 INFO  server.Server (Server.java:doStart(351)) - jetty-9.3.24.v20180605, build timestamp: 2018-06-05T17:11:56Z, git hash: 84205aa28f11a4f31f2a3b86d1bba2cc8ab69827
2019-07-30 19:24:23,804 INFO  handler.ContextHandler (ContextHandler.java:doStart(781)) - Started o.e.j.s.ServletContextHandler@25f7cc38{/logs,file:///workdir/hadoop-ozone/integration-test/target/log,AVAILABLE}
2019-07-30 19:24:23,804 INFO  handler.ContextHandler (ContextHandler.java:doStart(781)) - Started o.e.j.s.ServletContextHandler@53e28097{/static,jar:file:/home/user/.m2/repository/org/apache/hadoop/hadoop-hdds-container-service/0.4.1-SNAPSHOT/hadoop-hdds-container-service-0.4.1-SNAPSHOT.jar!/webapps/static,AVAILABLE}
2019-07-30 19:24:23,833 INFO  handler.ContextHandler (ContextHandler.java:doStart(781)) - Started o.e.j.w.WebAppContext@37cf91d8{/,file:///tmp/jetty-0.0.0.0-35303-hddsDatanode-_-any-2867420778794650181.dir/webapp/,AVAILABLE}{/hddsDatanode}
2019-07-30 19:24:23,833 INFO  server.AbstractConnector (AbstractConnector.java:doStart(278)) - Started ServerConnector@571d0925{HTTP/1.1,[http/1.1]}{0.0.0.0:35303}
2019-07-30 19:24:23,835 INFO  server.Server (Server.java:doStart(419)) - Started @42346ms
2019-07-30 19:24:23,836 INFO  server.BaseHttpServer (BaseHttpServer.java:updateConnectorAddress(207)) - HTTP server of HDDSDATANODE is listening at http://0.0.0.0:35303
2019-07-30 19:24:23,996 INFO  ozone.HddsDatanodeService (HddsDatanodeService.java:startPlugins(395)) - Started plug-in org.apache.hadoop.ozone.web.OzoneHddsDatanodeService@516c20de
2019-07-30 19:24:23,996 INFO  impl.MetricsSystemImpl (MetricsSystemImpl.java:init(158)) - HddsDatanode metrics system started (again)
2019-07-30 19:24:24,001 INFO  ozone.HddsDatanodeService (HddsDatanodeService.java:start(184)) - HddsDatanodeService host:byscane-nightly-d7s94-1643579034 ip:192.168.5.147
2019-07-30 19:24:24,001 INFO  util.JvmPauseMonitor (JvmPauseMonitor.java:run(188)) - Starting JVM pause monitor
2019-07-30 19:24:24,003 INFO  datanode.InitDatanodeState (InitDatanodeState.java:persistContainerDatanodeDetails(140)) - DatanodeDetails is persisted to /workdir/hadoop-ozone/integration-test/target/test-dir/MiniOzoneClusterImpl-5e904719-a08a-4eb0-9523-00d8d6adb52c/datanode-3/meta/datanode.id
2019-07-30 19:24:24,009 INFO  volume.HddsVolume (HddsVolume.java:<init>(176)) - Creating Volume: /workdir/hadoop-ozone/integration-test/target/test-dir/MiniOzoneClusterImpl-5e904719-a08a-4eb0-9523-00d8d6adb52c/datanode-4/data/containers/hdds of  storage type : DISK and capacity : 52710309888
2019-07-30 19:24:24,009 INFO  volume.VolumeSet (VolumeSet.java:initializeVolumeSet(170)) - Added Volume : /workdir/hadoop-ozone/integration-test/target/test-dir/MiniOzoneClusterImpl-5e904719-a08a-4eb0-9523-00d8d6adb52c/datanode-4/data/containers/hdds to VolumeSet
2019-07-30 19:24:24,009 INFO  volume.ThrottledAsyncChecker (ThrottledAsyncChecker.java:schedule(140)) - Scheduling a check for org.apache.hadoop.ozone.container.common.volume.HddsVolume@25421809
2019-07-30 19:24:24,010 INFO  volume.HddsVolumeChecker (HddsVolumeChecker.java:checkAllVolumes(203)) - Scheduled health check for volume org.apache.hadoop.ozone.container.common.volume.HddsVolume@25421809
2019-07-30 19:24:24,037 INFO  impl.RaftServerProxy (ConfUtils.java:logGet(43)) - raft.rpc.type = GRPC (default)
2019-07-30 19:24:24,037 INFO  grpc.GrpcFactory (GrpcFactory.java:checkPooledByteBufAllocatorUseCacheForAllThreads(45)) - PERFORMANCE WARNING: useCacheForAllThreads is true that may cause Netty to create a lot garbage objects and, as a result, trigger GC.
	It is recommended to disable useCacheForAllThreads by setting -Dorg.apache.ratis.thirdparty.io.netty.allocator.useCacheForAllThreads=false in command line.
2019-07-30 19:24:24,038 INFO  grpc.GrpcConfigKeys$Server (ConfUtils.java:logGet(43)) - raft.grpc.server.port = 0 (default)
2019-07-30 19:24:24,038 INFO  server.GrpcService (ConfUtils.java:logGet(43)) - raft.grpc.message.size.max = 33570816 (custom)
2019-07-30 19:24:24,039 INFO  server.RaftServerConfigKeys (ConfUtils.java:logGet(43)) - raft.server.log.appender.buffer.byte-limit = 33554432 (custom)
2019-07-30 19:24:24,039 INFO  server.GrpcService (ConfUtils.java:logGet(43)) - raft.grpc.flow.control.window = 1MB (=1048576) (default)
2019-07-30 19:24:24,040 INFO  server.RaftServerConfigKeys (ConfUtils.java:logGet(43)) - raft.server.rpc.request.timeout = 3000ms (default)
2019-07-30 19:24:24,041 INFO  server.RaftServerConfigKeys (ConfUtils.java:logGet(43)) - raft.server.storage.dir = [/workdir/hadoop-ozone/integration-test/target/test-dir/MiniOzoneClusterImpl-5e904719-a08a-4eb0-9523-00d8d6adb52c/datanode-4/data/ratis] (custom)
2019-07-30 19:24:24,042 INFO  replication.SimpleContainerDownloader (SimpleContainerDownloader.java:<init>(72)) - Starting container downloader service to copy containers to replicate.
2019-07-30 19:24:24,044 INFO  hdfs.DFSUtil (DFSUtil.java:httpServerTemplateForNNAndJN(1641)) - Starting Web-server for hddsDatanode at: http://0.0.0.0:0
2019-07-30 19:24:24,046 INFO  server.AuthenticationFilter (AuthenticationFilter.java:constructSecretProvider(240)) - Unable to initialize FileSignerSecretProvider, falling back to use random secrets.
2019-07-30 19:24:24,047 WARN  http.HttpRequestLog (HttpRequestLog.java:getRequestLog(97)) - Jetty request log can only be enabled using Log4j
2019-07-30 19:24:24,049 INFO  http.HttpServer2 (HttpServer2.java:addGlobalFilter(975)) - Added global filter 'safety' (class=org.apache.hadoop.http.HttpServer2$QuotingInputFilter)
2019-07-30 19:24:24,051 INFO  http.HttpServer2 (HttpServer2.java:addFilter(948)) - Added filter static_user_filter (class=org.apache.hadoop.http.lib.StaticUserWebFilter$StaticUserFilter) to context hddsDatanode
2019-07-30 19:24:24,051 INFO  http.HttpServer2 (HttpServer2.java:addFilter(958)) - Added filter static_user_filter (class=org.apache.hadoop.http.lib.StaticUserWebFilter$StaticUserFilter) to context logs
2019-07-30 19:24:24,051 INFO  http.HttpServer2 (HttpServer2.java:addFilter(958)) - Added filter static_user_filter (class=org.apache.hadoop.http.lib.StaticUserWebFilter$StaticUserFilter) to context static
2019-07-30 19:24:24,052 INFO  http.HttpServer2 (HttpServer2.java:bindListener(1191)) - Jetty bound to port 33671
2019-07-30 19:24:24,053 INFO  server.Server (Server.java:doStart(351)) - jetty-9.3.24.v20180605, build timestamp: 2018-06-05T17:11:56Z, git hash: 84205aa28f11a4f31f2a3b86d1bba2cc8ab69827
2019-07-30 19:24:24,056 INFO  handler.ContextHandler (ContextHandler.java:doStart(781)) - Started o.e.j.s.ServletContextHandler@51141f64{/logs,file:///workdir/hadoop-ozone/integration-test/target/log,AVAILABLE}
2019-07-30 19:24:24,056 INFO  handler.ContextHandler (ContextHandler.java:doStart(781)) - Started o.e.j.s.ServletContextHandler@35ceec81{/static,jar:file:/home/user/.m2/repository/org/apache/hadoop/hadoop-hdds-container-service/0.4.1-SNAPSHOT/hadoop-hdds-container-service-0.4.1-SNAPSHOT.jar!/webapps/static,AVAILABLE}
2019-07-30 19:24:24,095 INFO  handler.ContextHandler (ContextHandler.java:doStart(781)) - Started o.e.j.w.WebAppContext@3c3ab672{/,file:///tmp/jetty-0.0.0.0-33671-hddsDatanode-_-any-3813199090324801498.dir/webapp/,AVAILABLE}{/hddsDatanode}
2019-07-30 19:24:24,095 INFO  server.AbstractConnector (AbstractConnector.java:doStart(278)) - Started ServerConnector@3e6acec2{HTTP/1.1,[http/1.1]}{0.0.0.0:33671}
2019-07-30 19:24:24,097 INFO  server.Server (Server.java:doStart(419)) - Started @42608ms
2019-07-30 19:24:24,098 INFO  server.BaseHttpServer (BaseHttpServer.java:updateConnectorAddress(207)) - HTTP server of HDDSDATANODE is listening at http://0.0.0.0:33671
2019-07-30 19:24:24,389 INFO  ozone.HddsDatanodeService (HddsDatanodeService.java:startPlugins(395)) - Started plug-in org.apache.hadoop.ozone.web.OzoneHddsDatanodeService@35f760a4
2019-07-30 19:24:24,390 INFO  impl.MetricsSystemImpl (MetricsSystemImpl.java:init(158)) - HddsDatanode metrics system started (again)
2019-07-30 19:24:24,397 INFO  util.JvmPauseMonitor (JvmPauseMonitor.java:run(188)) - Starting JVM pause monitor
2019-07-30 19:24:24,398 INFO  ozone.HddsDatanodeService (HddsDatanodeService.java:start(184)) - HddsDatanodeService host:byscane-nightly-d7s94-1643579034 ip:192.168.5.147
2019-07-30 19:24:24,401 INFO  datanode.InitDatanodeState (InitDatanodeState.java:persistContainerDatanodeDetails(140)) - DatanodeDetails is persisted to /workdir/hadoop-ozone/integration-test/target/test-dir/MiniOzoneClusterImpl-5e904719-a08a-4eb0-9523-00d8d6adb52c/datanode-4/meta/datanode.id
2019-07-30 19:24:24,408 INFO  volume.HddsVolume (HddsVolume.java:<init>(176)) - Creating Volume: /workdir/hadoop-ozone/integration-test/target/test-dir/MiniOzoneClusterImpl-5e904719-a08a-4eb0-9523-00d8d6adb52c/datanode-5/data/containers/hdds of  storage type : DISK and capacity : 52710309888
2019-07-30 19:24:24,408 INFO  volume.VolumeSet (VolumeSet.java:initializeVolumeSet(170)) - Added Volume : /workdir/hadoop-ozone/integration-test/target/test-dir/MiniOzoneClusterImpl-5e904719-a08a-4eb0-9523-00d8d6adb52c/datanode-5/data/containers/hdds to VolumeSet
2019-07-30 19:24:24,408 INFO  volume.ThrottledAsyncChecker (ThrottledAsyncChecker.java:schedule(140)) - Scheduling a check for org.apache.hadoop.ozone.container.common.volume.HddsVolume@5534e6f1
2019-07-30 19:24:24,409 INFO  volume.HddsVolumeChecker (HddsVolumeChecker.java:checkAllVolumes(203)) - Scheduled health check for volume org.apache.hadoop.ozone.container.common.volume.HddsVolume@5534e6f1
2019-07-30 19:24:24,425 INFO  impl.RaftServerProxy (ConfUtils.java:logGet(43)) - raft.rpc.type = GRPC (default)
2019-07-30 19:24:24,425 INFO  grpc.GrpcFactory (GrpcFactory.java:checkPooledByteBufAllocatorUseCacheForAllThreads(45)) - PERFORMANCE WARNING: useCacheForAllThreads is true that may cause Netty to create a lot garbage objects and, as a result, trigger GC.
	It is recommended to disable useCacheForAllThreads by setting -Dorg.apache.ratis.thirdparty.io.netty.allocator.useCacheForAllThreads=false in command line.
2019-07-30 19:24:24,425 INFO  grpc.GrpcConfigKeys$Server (ConfUtils.java:logGet(43)) - raft.grpc.server.port = 0 (default)
2019-07-30 19:24:24,426 INFO  server.GrpcService (ConfUtils.java:logGet(43)) - raft.grpc.message.size.max = 33570816 (custom)
2019-07-30 19:24:24,426 INFO  server.RaftServerConfigKeys (ConfUtils.java:logGet(43)) - raft.server.log.appender.buffer.byte-limit = 33554432 (custom)
2019-07-30 19:24:24,426 INFO  server.GrpcService (ConfUtils.java:logGet(43)) - raft.grpc.flow.control.window = 1MB (=1048576) (default)
2019-07-30 19:24:24,426 INFO  server.RaftServerConfigKeys (ConfUtils.java:logGet(43)) - raft.server.rpc.request.timeout = 3000ms (default)
2019-07-30 19:24:24,427 INFO  server.RaftServerConfigKeys (ConfUtils.java:logGet(43)) - raft.server.storage.dir = [/workdir/hadoop-ozone/integration-test/target/test-dir/MiniOzoneClusterImpl-5e904719-a08a-4eb0-9523-00d8d6adb52c/datanode-5/data/ratis] (custom)
2019-07-30 19:24:24,427 INFO  replication.SimpleContainerDownloader (SimpleContainerDownloader.java:<init>(72)) - Starting container downloader service to copy containers to replicate.
2019-07-30 19:24:24,429 INFO  hdfs.DFSUtil (DFSUtil.java:httpServerTemplateForNNAndJN(1641)) - Starting Web-server for hddsDatanode at: http://0.0.0.0:0
2019-07-30 19:24:24,430 INFO  server.AuthenticationFilter (AuthenticationFilter.java:constructSecretProvider(240)) - Unable to initialize FileSignerSecretProvider, falling back to use random secrets.
2019-07-30 19:24:24,430 WARN  http.HttpRequestLog (HttpRequestLog.java:getRequestLog(97)) - Jetty request log can only be enabled using Log4j
2019-07-30 19:24:24,432 INFO  http.HttpServer2 (HttpServer2.java:addGlobalFilter(975)) - Added global filter 'safety' (class=org.apache.hadoop.http.HttpServer2$QuotingInputFilter)
2019-07-30 19:24:24,432 INFO  http.HttpServer2 (HttpServer2.java:addFilter(948)) - Added filter static_user_filter (class=org.apache.hadoop.http.lib.StaticUserWebFilter$StaticUserFilter) to context hddsDatanode
2019-07-30 19:24:24,433 INFO  http.HttpServer2 (HttpServer2.java:addFilter(958)) - Added filter static_user_filter (class=org.apache.hadoop.http.lib.StaticUserWebFilter$StaticUserFilter) to context logs
2019-07-30 19:24:24,433 INFO  http.HttpServer2 (HttpServer2.java:addFilter(958)) - Added filter static_user_filter (class=org.apache.hadoop.http.lib.StaticUserWebFilter$StaticUserFilter) to context static
2019-07-30 19:24:24,433 INFO  http.HttpServer2 (HttpServer2.java:bindListener(1191)) - Jetty bound to port 40079
2019-07-30 19:24:24,434 INFO  server.Server (Server.java:doStart(351)) - jetty-9.3.24.v20180605, build timestamp: 2018-06-05T17:11:56Z, git hash: 84205aa28f11a4f31f2a3b86d1bba2cc8ab69827
2019-07-30 19:24:24,435 INFO  handler.ContextHandler (ContextHandler.java:doStart(781)) - Started o.e.j.s.ServletContextHandler@6b6fd0{/logs,file:///workdir/hadoop-ozone/integration-test/target/log,AVAILABLE}
2019-07-30 19:24:24,436 INFO  handler.ContextHandler (ContextHandler.java:doStart(781)) - Started o.e.j.s.ServletContextHandler@2cdb5974{/static,jar:file:/home/user/.m2/repository/org/apache/hadoop/hadoop-hdds-container-service/0.4.1-SNAPSHOT/hadoop-hdds-container-service-0.4.1-SNAPSHOT.jar!/webapps/static,AVAILABLE}
2019-07-30 19:24:24,463 INFO  handler.ContextHandler (ContextHandler.java:doStart(781)) - Started o.e.j.w.WebAppContext@3bc891f2{/,file:///tmp/jetty-0.0.0.0-40079-hddsDatanode-_-any-5197563475707196033.dir/webapp/,AVAILABLE}{/hddsDatanode}
2019-07-30 19:24:24,464 INFO  server.AbstractConnector (AbstractConnector.java:doStart(278)) - Started ServerConnector@445b85d7{HTTP/1.1,[http/1.1]}{0.0.0.0:40079}
2019-07-30 19:24:24,465 INFO  server.Server (Server.java:doStart(419)) - Started @42976ms
2019-07-30 19:24:24,466 INFO  server.BaseHttpServer (BaseHttpServer.java:updateConnectorAddress(207)) - HTTP server of HDDSDATANODE is listening at http://0.0.0.0:40079
2019-07-30 19:24:24,572 INFO  ozone.HddsDatanodeService (HddsDatanodeService.java:startPlugins(395)) - Started plug-in org.apache.hadoop.ozone.web.OzoneHddsDatanodeService@29bd2796
2019-07-30 19:24:24,572 INFO  impl.MetricsSystemImpl (MetricsSystemImpl.java:init(158)) - HddsDatanode metrics system started (again)
2019-07-30 19:24:24,577 INFO  ozone.HddsDatanodeService (HddsDatanodeService.java:start(184)) - HddsDatanodeService host:byscane-nightly-d7s94-1643579034 ip:192.168.5.147
2019-07-30 19:24:24,577 INFO  util.JvmPauseMonitor (JvmPauseMonitor.java:run(188)) - Starting JVM pause monitor
2019-07-30 19:24:24,579 INFO  datanode.InitDatanodeState (InitDatanodeState.java:persistContainerDatanodeDetails(140)) - DatanodeDetails is persisted to /workdir/hadoop-ozone/integration-test/target/test-dir/MiniOzoneClusterImpl-5e904719-a08a-4eb0-9523-00d8d6adb52c/datanode-5/meta/datanode.id
2019-07-30 19:24:24,585 INFO  volume.HddsVolume (HddsVolume.java:<init>(176)) - Creating Volume: /workdir/hadoop-ozone/integration-test/target/test-dir/MiniOzoneClusterImpl-5e904719-a08a-4eb0-9523-00d8d6adb52c/datanode-6/data/containers/hdds of  storage type : DISK and capacity : 52710309888
2019-07-30 19:24:24,586 INFO  volume.VolumeSet (VolumeSet.java:initializeVolumeSet(170)) - Added Volume : /workdir/hadoop-ozone/integration-test/target/test-dir/MiniOzoneClusterImpl-5e904719-a08a-4eb0-9523-00d8d6adb52c/datanode-6/data/containers/hdds to VolumeSet
2019-07-30 19:24:24,586 INFO  volume.ThrottledAsyncChecker (ThrottledAsyncChecker.java:schedule(140)) - Scheduling a check for org.apache.hadoop.ozone.container.common.volume.HddsVolume@1c2cdc67
2019-07-30 19:24:24,586 INFO  volume.HddsVolumeChecker (HddsVolumeChecker.java:checkAllVolumes(203)) - Scheduled health check for volume org.apache.hadoop.ozone.container.common.volume.HddsVolume@1c2cdc67
2019-07-30 19:24:24,604 INFO  impl.RaftServerProxy (ConfUtils.java:logGet(43)) - raft.rpc.type = GRPC (default)
2019-07-30 19:24:24,604 INFO  grpc.GrpcFactory (GrpcFactory.java:checkPooledByteBufAllocatorUseCacheForAllThreads(45)) - PERFORMANCE WARNING: useCacheForAllThreads is true that may cause Netty to create a lot garbage objects and, as a result, trigger GC.
	It is recommended to disable useCacheForAllThreads by setting -Dorg.apache.ratis.thirdparty.io.netty.allocator.useCacheForAllThreads=false in command line.
2019-07-30 19:24:24,604 INFO  grpc.GrpcConfigKeys$Server (ConfUtils.java:logGet(43)) - raft.grpc.server.port = 0 (default)
2019-07-30 19:24:24,605 INFO  server.GrpcService (ConfUtils.java:logGet(43)) - raft.grpc.message.size.max = 33570816 (custom)
2019-07-30 19:24:24,605 INFO  server.RaftServerConfigKeys (ConfUtils.java:logGet(43)) - raft.server.log.appender.buffer.byte-limit = 33554432 (custom)
2019-07-30 19:24:24,605 INFO  server.GrpcService (ConfUtils.java:logGet(43)) - raft.grpc.flow.control.window = 1MB (=1048576) (default)
2019-07-30 19:24:24,605 INFO  server.RaftServerConfigKeys (ConfUtils.java:logGet(43)) - raft.server.rpc.request.timeout = 3000ms (default)
2019-07-30 19:24:24,606 INFO  server.RaftServerConfigKeys (ConfUtils.java:logGet(43)) - raft.server.storage.dir = [/workdir/hadoop-ozone/integration-test/target/test-dir/MiniOzoneClusterImpl-5e904719-a08a-4eb0-9523-00d8d6adb52c/datanode-6/data/ratis] (custom)
2019-07-30 19:24:24,606 INFO  replication.SimpleContainerDownloader (SimpleContainerDownloader.java:<init>(72)) - Starting container downloader service to copy containers to replicate.
2019-07-30 19:24:24,607 INFO  hdfs.DFSUtil (DFSUtil.java:httpServerTemplateForNNAndJN(1641)) - Starting Web-server for hddsDatanode at: http://0.0.0.0:0
2019-07-30 19:24:24,609 INFO  server.AuthenticationFilter (AuthenticationFilter.java:constructSecretProvider(240)) - Unable to initialize FileSignerSecretProvider, falling back to use random secrets.
2019-07-30 19:24:24,609 WARN  http.HttpRequestLog (HttpRequestLog.java:getRequestLog(97)) - Jetty request log can only be enabled using Log4j
2019-07-30 19:24:24,611 INFO  http.HttpServer2 (HttpServer2.java:addGlobalFilter(975)) - Added global filter 'safety' (class=org.apache.hadoop.http.HttpServer2$QuotingInputFilter)
2019-07-30 19:24:24,611 INFO  http.HttpServer2 (HttpServer2.java:addFilter(948)) - Added filter static_user_filter (class=org.apache.hadoop.http.lib.StaticUserWebFilter$StaticUserFilter) to context hddsDatanode
2019-07-30 19:24:24,612 INFO  http.HttpServer2 (HttpServer2.java:addFilter(958)) - Added filter static_user_filter (class=org.apache.hadoop.http.lib.StaticUserWebFilter$StaticUserFilter) to context logs
2019-07-30 19:24:24,612 INFO  http.HttpServer2 (HttpServer2.java:addFilter(958)) - Added filter static_user_filter (class=org.apache.hadoop.http.lib.StaticUserWebFilter$StaticUserFilter) to context static
2019-07-30 19:24:24,612 INFO  http.HttpServer2 (HttpServer2.java:bindListener(1191)) - Jetty bound to port 46015
2019-07-30 19:24:24,613 INFO  server.Server (Server.java:doStart(351)) - jetty-9.3.24.v20180605, build timestamp: 2018-06-05T17:11:56Z, git hash: 84205aa28f11a4f31f2a3b86d1bba2cc8ab69827
2019-07-30 19:24:24,614 INFO  handler.ContextHandler (ContextHandler.java:doStart(781)) - Started o.e.j.s.ServletContextHandler@611a2d82{/logs,file:///workdir/hadoop-ozone/integration-test/target/log,AVAILABLE}
2019-07-30 19:24:24,615 INFO  handler.ContextHandler (ContextHandler.java:doStart(781)) - Started o.e.j.s.ServletContextHandler@2299f6d7{/static,jar:file:/home/user/.m2/repository/org/apache/hadoop/hadoop-hdds-container-service/0.4.1-SNAPSHOT/hadoop-hdds-container-service-0.4.1-SNAPSHOT.jar!/webapps/static,AVAILABLE}
2019-07-30 19:24:24,648 INFO  handler.ContextHandler (ContextHandler.java:doStart(781)) - Started o.e.j.w.WebAppContext@5d9d8e46{/,file:///tmp/jetty-0.0.0.0-46015-hddsDatanode-_-any-6713872323256675181.dir/webapp/,AVAILABLE}{/hddsDatanode}
2019-07-30 19:24:24,648 INFO  server.AbstractConnector (AbstractConnector.java:doStart(278)) - Started ServerConnector@6d0a14c2{HTTP/1.1,[http/1.1]}{0.0.0.0:46015}
2019-07-30 19:24:24,649 INFO  server.Server (Server.java:doStart(419)) - Started @43161ms
2019-07-30 19:24:24,650 INFO  server.BaseHttpServer (BaseHttpServer.java:updateConnectorAddress(207)) - HTTP server of HDDSDATANODE is listening at http://0.0.0.0:46015
2019-07-30 19:24:24,756 INFO  ozone.HddsDatanodeService (HddsDatanodeService.java:startPlugins(395)) - Started plug-in org.apache.hadoop.ozone.web.OzoneHddsDatanodeService@7793b55d
2019-07-30 19:24:24,756 INFO  ozone.MiniOzoneClusterImpl (MiniOzoneClusterImpl.java:lambda$waitForClusterToBeReady$0(142)) - Waiting for cluster to be ready. Got 0 of 7 DN Heartbeats.
2019-07-30 19:24:24,758 INFO  util.JvmPauseMonitor (JvmPauseMonitor.java:run(188)) - Starting JVM pause monitor
2019-07-30 19:24:24,760 INFO  datanode.InitDatanodeState (InitDatanodeState.java:persistContainerDatanodeDetails(140)) - DatanodeDetails is persisted to /workdir/hadoop-ozone/integration-test/target/test-dir/MiniOzoneClusterImpl-5e904719-a08a-4eb0-9523-00d8d6adb52c/datanode-6/meta/datanode.id
2019-07-30 19:24:25,384 INFO  ozoneimpl.OzoneContainer (OzoneContainer.java:start(186)) - Attempting to start container services.
2019-07-30 19:24:25,387 INFO  ozoneimpl.OzoneContainer (OzoneContainer.java:startContainerScrub(160)) - Background container scrubber has been disabled by hdds.containerscrub.enabled
2019-07-30 19:24:25,387 INFO  ratis.XceiverServerRatis (XceiverServerRatis.java:start(404)) - Starting XceiverServerRatis d78c5311-1ee2-41ae-b3e0-25a7764f2197 at port 0
2019-07-30 19:24:25,395 INFO  impl.RaftServerProxy (RaftServerProxy.java:lambda$start$3(299)) - d78c5311-1ee2-41ae-b3e0-25a7764f2197: start RPC server
2019-07-30 19:24:25,397 INFO  server.GrpcService (GrpcService.java:startImpl(149)) - d78c5311-1ee2-41ae-b3e0-25a7764f2197: GrpcService started, listening on 0.0.0.0/0.0.0.0:46184
2019-07-30 19:24:25,397 INFO  ratis.XceiverServerRatis (XceiverServerRatis.java:start(414)) - XceiverServerRatis d78c5311-1ee2-41ae-b3e0-25a7764f2197 is started using port 46184
2019-07-30 19:24:25,399 INFO  server.XceiverServerGrpc (XceiverServerGrpc.java:start(161)) - XceiverServerGrpc d78c5311-1ee2-41ae-b3e0-25a7764f2197 is started using port 36025
2019-07-30 19:24:25,570 INFO  ozoneimpl.OzoneContainer (OzoneContainer.java:start(186)) - Attempting to start container services.
2019-07-30 19:24:25,577 INFO  ozoneimpl.OzoneContainer (OzoneContainer.java:startContainerScrub(160)) - Background container scrubber has been disabled by hdds.containerscrub.enabled
2019-07-30 19:24:25,577 INFO  ratis.XceiverServerRatis (XceiverServerRatis.java:start(404)) - Starting XceiverServerRatis 5152d23a-019f-4fdf-ad40-44f3a5af89e0 at port 0
2019-07-30 19:24:25,585 INFO  impl.RaftServerProxy (RaftServerProxy.java:lambda$start$3(299)) - 5152d23a-019f-4fdf-ad40-44f3a5af89e0: start RPC server
2019-07-30 19:24:25,586 INFO  server.GrpcService (GrpcService.java:startImpl(149)) - 5152d23a-019f-4fdf-ad40-44f3a5af89e0: GrpcService started, listening on 0.0.0.0/0.0.0.0:41099
2019-07-30 19:24:25,586 INFO  ratis.XceiverServerRatis (XceiverServerRatis.java:start(414)) - XceiverServerRatis 5152d23a-019f-4fdf-ad40-44f3a5af89e0 is started using port 41099
2019-07-30 19:24:25,591 INFO  server.XceiverServerGrpc (XceiverServerGrpc.java:start(161)) - XceiverServerGrpc 5152d23a-019f-4fdf-ad40-44f3a5af89e0 is started using port 37272
2019-07-30 19:24:25,756 INFO  ozone.MiniOzoneClusterImpl (MiniOzoneClusterImpl.java:lambda$waitForClusterToBeReady$0(142)) - Waiting for cluster to be ready. Got 0 of 7 DN Heartbeats.
2019-07-30 19:24:25,769 INFO  ozoneimpl.OzoneContainer (OzoneContainer.java:start(186)) - Attempting to start container services.
2019-07-30 19:24:25,770 INFO  ozoneimpl.OzoneContainer (OzoneContainer.java:startContainerScrub(160)) - Background container scrubber has been disabled by hdds.containerscrub.enabled
2019-07-30 19:24:25,770 INFO  ratis.XceiverServerRatis (XceiverServerRatis.java:start(404)) - Starting XceiverServerRatis 0d2a94fb-2d77-4fa7-a5c5-a38a0a96ae2a at port 0
2019-07-30 19:24:25,777 INFO  impl.RaftServerProxy (RaftServerProxy.java:lambda$start$3(299)) - 0d2a94fb-2d77-4fa7-a5c5-a38a0a96ae2a: start RPC server
2019-07-30 19:24:25,781 INFO  server.GrpcService (GrpcService.java:startImpl(149)) - 0d2a94fb-2d77-4fa7-a5c5-a38a0a96ae2a: GrpcService started, listening on 0.0.0.0/0.0.0.0:37411
2019-07-30 19:24:25,781 INFO  ratis.XceiverServerRatis (XceiverServerRatis.java:start(414)) - XceiverServerRatis 0d2a94fb-2d77-4fa7-a5c5-a38a0a96ae2a is started using port 37411
2019-07-30 19:24:25,791 INFO  server.XceiverServerGrpc (XceiverServerGrpc.java:start(161)) - XceiverServerGrpc 0d2a94fb-2d77-4fa7-a5c5-a38a0a96ae2a is started using port 38701
2019-07-30 19:24:26,008 INFO  ozoneimpl.OzoneContainer (OzoneContainer.java:start(186)) - Attempting to start container services.
2019-07-30 19:24:26,008 INFO  ozoneimpl.OzoneContainer (OzoneContainer.java:startContainerScrub(160)) - Background container scrubber has been disabled by hdds.containerscrub.enabled
2019-07-30 19:24:26,008 INFO  ratis.XceiverServerRatis (XceiverServerRatis.java:start(404)) - Starting XceiverServerRatis 6615b6ad-88ee-4030-9311-adc02a0cbf11 at port 0
2019-07-30 19:24:26,016 INFO  impl.RaftServerProxy (RaftServerProxy.java:lambda$start$3(299)) - 6615b6ad-88ee-4030-9311-adc02a0cbf11: start RPC server
2019-07-30 19:24:26,017 INFO  server.GrpcService (GrpcService.java:startImpl(149)) - 6615b6ad-88ee-4030-9311-adc02a0cbf11: GrpcService started, listening on 0.0.0.0/0.0.0.0:36190
2019-07-30 19:24:26,017 INFO  ratis.XceiverServerRatis (XceiverServerRatis.java:start(414)) - XceiverServerRatis 6615b6ad-88ee-4030-9311-adc02a0cbf11 is started using port 36190
2019-07-30 19:24:26,020 INFO  server.XceiverServerGrpc (XceiverServerGrpc.java:start(161)) - XceiverServerGrpc 6615b6ad-88ee-4030-9311-adc02a0cbf11 is started using port 42158
2019-07-30 19:24:26,403 INFO  ozoneimpl.OzoneContainer (OzoneContainer.java:start(186)) - Attempting to start container services.
2019-07-30 19:24:26,403 INFO  ozoneimpl.OzoneContainer (OzoneContainer.java:startContainerScrub(160)) - Background container scrubber has been disabled by hdds.containerscrub.enabled
2019-07-30 19:24:26,403 INFO  ratis.XceiverServerRatis (XceiverServerRatis.java:start(404)) - Starting XceiverServerRatis f441f724-e66f-4c24-bd50-28b7c9ee9ce6 at port 0
2019-07-30 19:24:26,412 INFO  impl.RaftServerProxy (RaftServerProxy.java:lambda$start$3(299)) - f441f724-e66f-4c24-bd50-28b7c9ee9ce6: start RPC server
2019-07-30 19:24:26,413 INFO  server.GrpcService (GrpcService.java:startImpl(149)) - f441f724-e66f-4c24-bd50-28b7c9ee9ce6: GrpcService started, listening on 0.0.0.0/0.0.0.0:33032
2019-07-30 19:24:26,413 INFO  ratis.XceiverServerRatis (XceiverServerRatis.java:start(414)) - XceiverServerRatis f441f724-e66f-4c24-bd50-28b7c9ee9ce6 is started using port 33032
2019-07-30 19:24:26,414 INFO  server.XceiverServerGrpc (XceiverServerGrpc.java:start(161)) - XceiverServerGrpc f441f724-e66f-4c24-bd50-28b7c9ee9ce6 is started using port 34837
2019-07-30 19:24:26,584 INFO  ozoneimpl.OzoneContainer (OzoneContainer.java:start(186)) - Attempting to start container services.
2019-07-30 19:24:26,584 INFO  ozoneimpl.OzoneContainer (OzoneContainer.java:startContainerScrub(160)) - Background container scrubber has been disabled by hdds.containerscrub.enabled
2019-07-30 19:24:26,584 INFO  ratis.XceiverServerRatis (XceiverServerRatis.java:start(404)) - Starting XceiverServerRatis caa8b8d2-d638-4306-8dd7-ea5e547edd63 at port 0
2019-07-30 19:24:26,593 INFO  impl.RaftServerProxy (RaftServerProxy.java:lambda$start$3(299)) - caa8b8d2-d638-4306-8dd7-ea5e547edd63: start RPC server
2019-07-30 19:24:26,597 INFO  server.GrpcService (GrpcService.java:startImpl(149)) - caa8b8d2-d638-4306-8dd7-ea5e547edd63: GrpcService started, listening on 0.0.0.0/0.0.0.0:42983
2019-07-30 19:24:26,597 INFO  ratis.XceiverServerRatis (XceiverServerRatis.java:start(414)) - XceiverServerRatis caa8b8d2-d638-4306-8dd7-ea5e547edd63 is started using port 42983
2019-07-30 19:24:26,598 INFO  server.XceiverServerGrpc (XceiverServerGrpc.java:start(161)) - XceiverServerGrpc caa8b8d2-d638-4306-8dd7-ea5e547edd63 is started using port 44959
2019-07-30 19:24:26,757 INFO  ozone.MiniOzoneClusterImpl (MiniOzoneClusterImpl.java:lambda$waitForClusterToBeReady$0(142)) - Waiting for cluster to be ready. Got 0 of 7 DN Heartbeats.
2019-07-30 19:24:26,771 INFO  ozoneimpl.OzoneContainer (OzoneContainer.java:start(186)) - Attempting to start container services.
2019-07-30 19:24:26,771 INFO  ozoneimpl.OzoneContainer (OzoneContainer.java:startContainerScrub(160)) - Background container scrubber has been disabled by hdds.containerscrub.enabled
2019-07-30 19:24:26,772 INFO  ratis.XceiverServerRatis (XceiverServerRatis.java:start(404)) - Starting XceiverServerRatis f94ed98b-697d-40e0-ba9b-85f65122946a at port 0
2019-07-30 19:24:26,779 INFO  impl.RaftServerProxy (RaftServerProxy.java:lambda$start$3(299)) - f94ed98b-697d-40e0-ba9b-85f65122946a: start RPC server
2019-07-30 19:24:26,779 INFO  server.GrpcService (GrpcService.java:startImpl(149)) - f94ed98b-697d-40e0-ba9b-85f65122946a: GrpcService started, listening on 0.0.0.0/0.0.0.0:34255
2019-07-30 19:24:26,780 INFO  ratis.XceiverServerRatis (XceiverServerRatis.java:start(414)) - XceiverServerRatis f94ed98b-697d-40e0-ba9b-85f65122946a is started using port 34255
2019-07-30 19:24:26,780 INFO  server.XceiverServerGrpc (XceiverServerGrpc.java:start(161)) - XceiverServerGrpc f94ed98b-697d-40e0-ba9b-85f65122946a is started using port 37925
2019-07-30 19:24:27,368 INFO  net.NetworkTopology (NetworkTopologyImpl.java:add(110)) - Added a new node: /default-rack/d78c5311-1ee2-41ae-b3e0-25a7764f2197
2019-07-30 19:24:27,370 INFO  node.SCMNodeManager (SCMNodeManager.java:register(273)) - Registered Data node : d78c5311-1ee2-41ae-b3e0-25a7764f2197{ip: 192.168.5.147, host: byscane-nightly-d7s94-1643579034, networkLocation: /default-rack, certSerialId: null}
2019-07-30 19:24:27,371 INFO  safemode.SCMSafeModeManager (DataNodeSafeModeRule.java:process(71)) - SCM in safe mode. 1 DataNodes registered, 1 required.
2019-07-30 19:24:27,374 INFO  safemode.SCMSafeModeManager (SCMSafeModeManager.java:validateSafeModeExitRules(177)) - ScmSafeModeManager, all rules are successfully validated
2019-07-30 19:24:27,374 INFO  safemode.SCMSafeModeManager (SCMSafeModeManager.java:exitSafeMode(193)) - SCM exiting safe mode.
2019-07-30 19:24:27,390 INFO  impl.RaftServerProxy (RaftServerProxy.java:addNew(89)) - d78c5311-1ee2-41ae-b3e0-25a7764f2197: addNew group-A9B3E0892C53:[d78c5311-1ee2-41ae-b3e0-25a7764f2197:192.168.5.147:46184] returns group-A9B3E0892C53:java.util.concurrent.CompletableFuture@c4445ba[Not completed]
2019-07-30 19:24:27,392 INFO  impl.RaftServerImpl (RaftServerImpl.java:<init>(93)) - d78c5311-1ee2-41ae-b3e0-25a7764f2197: new RaftServerImpl for group-A9B3E0892C53:[d78c5311-1ee2-41ae-b3e0-25a7764f2197:192.168.5.147:46184] with ContainerStateMachine:uninitialized
2019-07-30 19:24:27,392 INFO  server.RaftServerConfigKeys (ConfUtils.java:logGet(43)) - raft.server.rpc.timeout.min = 5s (custom)
2019-07-30 19:24:27,392 INFO  server.RaftServerConfigKeys (ConfUtils.java:logGet(43)) - raft.server.rpc.timeout.max = 5200ms (custom)
2019-07-30 19:24:27,392 INFO  server.RaftServerConfigKeys (ConfUtils.java:logGet(43)) - raft.server.rpcslowness.timeout = 120s (custom)
2019-07-30 19:24:27,392 INFO  server.RaftServerConfigKeys (ConfUtils.java:logGet(43)) - raft.server.sleep.deviation.threshold = 300 (default)
2019-07-30 19:24:27,393 INFO  server.RaftServerConfigKeys (ConfUtils.java:logGet(43)) - raft.server.log.appender.install.snapshot.enabled = false (custom)
2019-07-30 19:24:27,393 INFO  impl.RaftServerImpl (ServerState.java:<init>(105)) - d78c5311-1ee2-41ae-b3e0-25a7764f2197:group-A9B3E0892C53 ConfigurationManager, init=-1: [d78c5311-1ee2-41ae-b3e0-25a7764f2197:192.168.5.147:46184], old=null, confs=<EMPTY_MAP>
2019-07-30 19:24:27,393 INFO  server.RaftServerConfigKeys (ConfUtils.java:logGet(43)) - raft.server.storage.dir = [/workdir/hadoop-ozone/integration-test/target/test-dir/MiniOzoneClusterImpl-5e904719-a08a-4eb0-9523-00d8d6adb52c/datanode-0/data/ratis] (custom)
2019-07-30 19:24:27,394 INFO  storage.RaftStorageDirectory (RaftStorageDirectory.java:analyzeStorage(246)) - The storage directory /workdir/hadoop-ozone/integration-test/target/test-dir/MiniOzoneClusterImpl-5e904719-a08a-4eb0-9523-00d8d6adb52c/datanode-0/data/ratis/ab4773ee-a40d-4aff-853a-a9b3e0892c53 does not exist. Creating ...
2019-07-30 19:24:27,407 INFO  storage.RaftStorageDirectory (RaftStorageDirectory.java:tryLock(328)) - Lock on /workdir/hadoop-ozone/integration-test/target/test-dir/MiniOzoneClusterImpl-5e904719-a08a-4eb0-9523-00d8d6adb52c/datanode-0/data/ratis/ab4773ee-a40d-4aff-853a-a9b3e0892c53/in_use.lock acquired by nodename 6387@byscane-nightly-d7s94-1643579034
2019-07-30 19:24:27,410 INFO  storage.RaftStorage (RaftStorage.java:format(72)) - Storage directory /workdir/hadoop-ozone/integration-test/target/test-dir/MiniOzoneClusterImpl-5e904719-a08a-4eb0-9523-00d8d6adb52c/datanode-0/data/ratis/ab4773ee-a40d-4aff-853a-a9b3e0892c53 has been successfully formatted.
2019-07-30 19:24:27,410 INFO  ratis.ContainerStateMachine (ContainerStateMachine.java:loadSnapshot(213)) - group-A9B3E0892C53: The snapshot info is null. Setting the last applied indexto:(t:0, i:~)
2019-07-30 19:24:27,410 INFO  server.RaftServerConfigKeys (ConfUtils.java:logGet(43)) - raft.server.leader.election.timeout = 120s (custom)
2019-07-30 19:24:27,411 INFO  server.RaftServerConfigKeys (ConfUtils.java:logGet(43)) - raft.server.log.use.memory = false (default)
2019-07-30 19:24:27,411 INFO  server.RaftServerConfigKeys (ConfUtils.java:logGet(43)) - raft.server.log.purge.gap = 1000000000 (custom)
2019-07-30 19:24:27,411 INFO  server.RaftServerConfigKeys (ConfUtils.java:logGet(43)) - raft.server.log.appender.buffer.byte-limit = 33554432 (custom)
2019-07-30 19:24:27,411 INFO  server.RaftServerConfigKeys (ConfUtils.java:logGet(43)) - raft.server.log.segment.size.max = 1048576 (custom)
2019-07-30 19:24:27,411 INFO  server.RaftServerConfigKeys (ConfUtils.java:logGet(43)) - raft.server.log.segment.cache.num.max = 2 (custom)
2019-07-30 19:24:27,412 INFO  segmented.SegmentedRaftLogWorker (SegmentedRaftLogWorker.java:<init>(172)) - new d78c5311-1ee2-41ae-b3e0-25a7764f2197-SegmentedRaftLogWorker:Storage Directory /workdir/hadoop-ozone/integration-test/target/test-dir/MiniOzoneClusterImpl-5e904719-a08a-4eb0-9523-00d8d6adb52c/datanode-0/data/ratis/ab4773ee-a40d-4aff-853a-a9b3e0892c53 for RaftStorage:Storage Directory /workdir/hadoop-ozone/integration-test/target/test-dir/MiniOzoneClusterImpl-5e904719-a08a-4eb0-9523-00d8d6adb52c/datanode-0/data/ratis/ab4773ee-a40d-4aff-853a-a9b3e0892c53
2019-07-30 19:24:27,412 INFO  server.RaftServerConfigKeys (ConfUtils.java:logGet(43)) - raft.server.log.queue.byte-limit = 2147483647 (custom)
2019-07-30 19:24:27,412 INFO  server.RaftServerConfigKeys (ConfUtils.java:logGet(43)) - raft.server.log.queue.element-limit = 1024 (custom)
2019-07-30 19:24:27,413 INFO  server.RaftServerConfigKeys (ConfUtils.java:logGet(43)) - raft.server.log.segment.size.max = 1048576 (custom)
2019-07-30 19:24:27,413 INFO  server.RaftServerConfigKeys (ConfUtils.java:logGet(43)) - raft.server.log.preallocated.size = 16384 (custom)
2019-07-30 19:24:27,413 INFO  server.RaftServerConfigKeys (ConfUtils.java:logGet(43)) - raft.server.log.write.buffer.size = 33554432 (custom)
2019-07-30 19:24:27,413 INFO  server.RaftServerConfigKeys (ConfUtils.java:logGet(43)) - raft.server.log.force.sync.num = 128 (default)
2019-07-30 19:24:27,413 INFO  server.RaftServerConfigKeys (ConfUtils.java:logGet(43)) - raft.server.log.statemachine.data.sync = true (default)
2019-07-30 19:24:27,414 INFO  server.RaftServerConfigKeys (ConfUtils.java:logGet(43)) - raft.server.log.statemachine.data.sync.timeout = 10s (default)
2019-07-30 19:24:27,414 INFO  server.RaftServerConfigKeys (ConfUtils.java:logGet(43)) - raft.server.log.statemachine.data.sync.timeout.retry = -1 (default)
2019-07-30 19:24:27,414 INFO  server.RaftServerConfigKeys (ConfUtils.java:logGet(43)) - raft.server.log.statemachine.data.caching.enabled = true (custom)
2019-07-30 19:24:27,415 INFO  segmented.SegmentedRaftLogWorker (SegmentedRaftLogWorker.java:lambda$new$0(132)) - d78c5311-1ee2-41ae-b3e0-25a7764f2197-SegmentedRaftLogWorker:Storage Directory /workdir/hadoop-ozone/integration-test/target/test-dir/MiniOzoneClusterImpl-5e904719-a08a-4eb0-9523-00d8d6adb52c/datanode-0/data/ratis/ab4773ee-a40d-4aff-853a-a9b3e0892c53: flushIndex: setUnconditionally 0 -> -1
2019-07-30 19:24:27,415 INFO  server.RaftServerConfigKeys (ConfUtils.java:logGet(43)) - raft.server.snapshot.auto.trigger.enabled = true (custom)
2019-07-30 19:24:27,415 INFO  server.RaftServerConfigKeys (ConfUtils.java:logGet(43)) - raft.server.snapshot.auto.trigger.threshold = 10000 (custom)
2019-07-30 19:24:27,416 INFO  server.RaftServerConfigKeys (ConfUtils.java:logGet(43)) - raft.server.retrycache.expirytime = 600000ms (custom)
2019-07-30 19:24:27,416 INFO  impl.RaftServerImpl (RaftServerImpl.java:start(180)) - d78c5311-1ee2-41ae-b3e0-25a7764f2197: start group-A9B3E0892C53
2019-07-30 19:24:27,416 INFO  impl.RaftServerImpl (RaftServerImpl.java:setRole(171)) - d78c5311-1ee2-41ae-b3e0-25a7764f2197:group-A9B3E0892C53 changes role from null to FOLLOWER at term 0 for startAsFollower
2019-07-30 19:24:27,416 INFO  impl.RoleInfo (RoleInfo.java:updateAndGet(143)) - d78c5311-1ee2-41ae-b3e0-25a7764f2197: start FollowerState
2019-07-30 19:24:27,418 INFO  util.JmxRegister (JmxRegister.java:tryRegister(44)) - Successfully registered JMX Bean with object name Ratis:service=RaftServer,group=group-A9B3E0892C53,id=d78c5311-1ee2-41ae-b3e0-25a7764f2197
2019-07-30 19:24:27,424 INFO  pipeline.PipelineStateManager (PipelineStateManager.java:addPipeline(56)) - Created pipeline Pipeline[ Id: ab4773ee-a40d-4aff-853a-a9b3e0892c53, Nodes: d78c5311-1ee2-41ae-b3e0-25a7764f2197{ip: 192.168.5.147, host: byscane-nightly-d7s94-1643579034, networkLocation: /default-rack, certSerialId: null}, Type:RATIS, Factor:ONE, State:OPEN]
2019-07-30 19:24:27,556 INFO  net.NetworkTopology (NetworkTopologyImpl.java:add(110)) - Added a new node: /default-rack/5152d23a-019f-4fdf-ad40-44f3a5af89e0
2019-07-30 19:24:27,557 INFO  node.SCMNodeManager (SCMNodeManager.java:register(273)) - Registered Data node : 5152d23a-019f-4fdf-ad40-44f3a5af89e0{ip: 192.168.5.147, host: byscane-nightly-d7s94-1643579034, networkLocation: /default-rack, certSerialId: null}
2019-07-30 19:24:27,567 INFO  impl.RaftServerProxy (RaftServerProxy.java:addNew(89)) - 5152d23a-019f-4fdf-ad40-44f3a5af89e0: addNew group-CF752D89D5BD:[5152d23a-019f-4fdf-ad40-44f3a5af89e0:192.168.5.147:41099] returns group-CF752D89D5BD:java.util.concurrent.CompletableFuture@60ad949e[Not completed]
2019-07-30 19:24:27,572 INFO  impl.RaftServerImpl (RaftServerImpl.java:<init>(93)) - 5152d23a-019f-4fdf-ad40-44f3a5af89e0: new RaftServerImpl for group-CF752D89D5BD:[5152d23a-019f-4fdf-ad40-44f3a5af89e0:192.168.5.147:41099] with ContainerStateMachine:uninitialized
2019-07-30 19:24:27,572 INFO  server.RaftServerConfigKeys (ConfUtils.java:logGet(43)) - raft.server.rpc.timeout.min = 5s (custom)
2019-07-30 19:24:27,572 INFO  server.RaftServerConfigKeys (ConfUtils.java:logGet(43)) - raft.server.rpc.timeout.max = 5200ms (custom)
2019-07-30 19:24:27,572 INFO  server.RaftServerConfigKeys (ConfUtils.java:logGet(43)) - raft.server.rpcslowness.timeout = 120s (custom)
2019-07-30 19:24:27,572 INFO  server.RaftServerConfigKeys (ConfUtils.java:logGet(43)) - raft.server.sleep.deviation.threshold = 300 (default)
2019-07-30 19:24:27,573 INFO  server.RaftServerConfigKeys (ConfUtils.java:logGet(43)) - raft.server.log.appender.install.snapshot.enabled = false (custom)
2019-07-30 19:24:27,573 INFO  impl.RaftServerImpl (ServerState.java:<init>(105)) - 5152d23a-019f-4fdf-ad40-44f3a5af89e0:group-CF752D89D5BD ConfigurationManager, init=-1: [5152d23a-019f-4fdf-ad40-44f3a5af89e0:192.168.5.147:41099], old=null, confs=<EMPTY_MAP>
2019-07-30 19:24:27,573 INFO  server.RaftServerConfigKeys (ConfUtils.java:logGet(43)) - raft.server.storage.dir = [/workdir/hadoop-ozone/integration-test/target/test-dir/MiniOzoneClusterImpl-5e904719-a08a-4eb0-9523-00d8d6adb52c/datanode-1/data/ratis] (custom)
2019-07-30 19:24:27,574 INFO  storage.RaftStorageDirectory (RaftStorageDirectory.java:analyzeStorage(246)) - The storage directory /workdir/hadoop-ozone/integration-test/target/test-dir/MiniOzoneClusterImpl-5e904719-a08a-4eb0-9523-00d8d6adb52c/datanode-1/data/ratis/e31e942b-b4ef-4c28-ba62-cf752d89d5bd does not exist. Creating ...
2019-07-30 19:24:27,595 INFO  storage.RaftStorageDirectory (RaftStorageDirectory.java:tryLock(328)) - Lock on /workdir/hadoop-ozone/integration-test/target/test-dir/MiniOzoneClusterImpl-5e904719-a08a-4eb0-9523-00d8d6adb52c/datanode-1/data/ratis/e31e942b-b4ef-4c28-ba62-cf752d89d5bd/in_use.lock acquired by nodename 6387@byscane-nightly-d7s94-1643579034
2019-07-30 19:24:27,608 INFO  storage.RaftStorage (RaftStorage.java:format(72)) - Storage directory /workdir/hadoop-ozone/integration-test/target/test-dir/MiniOzoneClusterImpl-5e904719-a08a-4eb0-9523-00d8d6adb52c/datanode-1/data/ratis/e31e942b-b4ef-4c28-ba62-cf752d89d5bd has been successfully formatted.
2019-07-30 19:24:27,608 INFO  ratis.ContainerStateMachine (ContainerStateMachine.java:loadSnapshot(213)) - group-CF752D89D5BD: The snapshot info is null. Setting the last applied indexto:(t:0, i:~)
2019-07-30 19:24:27,608 INFO  server.RaftServerConfigKeys (ConfUtils.java:logGet(43)) - raft.server.leader.election.timeout = 120s (custom)
2019-07-30 19:24:27,609 INFO  server.RaftServerConfigKeys (ConfUtils.java:logGet(43)) - raft.server.log.use.memory = false (default)
2019-07-30 19:24:27,609 INFO  server.RaftServerConfigKeys (ConfUtils.java:logGet(43)) - raft.server.log.purge.gap = 1000000000 (custom)
2019-07-30 19:24:27,609 INFO  server.RaftServerConfigKeys (ConfUtils.java:logGet(43)) - raft.server.log.appender.buffer.byte-limit = 33554432 (custom)
2019-07-30 19:24:27,609 INFO  server.RaftServerConfigKeys (ConfUtils.java:logGet(43)) - raft.server.log.segment.size.max = 1048576 (custom)
2019-07-30 19:24:27,609 INFO  server.RaftServerConfigKeys (ConfUtils.java:logGet(43)) - raft.server.log.segment.cache.num.max = 2 (custom)
2019-07-30 19:24:27,609 INFO  segmented.SegmentedRaftLogWorker (SegmentedRaftLogWorker.java:<init>(172)) - new 5152d23a-019f-4fdf-ad40-44f3a5af89e0-SegmentedRaftLogWorker:Storage Directory /workdir/hadoop-ozone/integration-test/target/test-dir/MiniOzoneClusterImpl-5e904719-a08a-4eb0-9523-00d8d6adb52c/datanode-1/data/ratis/e31e942b-b4ef-4c28-ba62-cf752d89d5bd for RaftStorage:Storage Directory /workdir/hadoop-ozone/integration-test/target/test-dir/MiniOzoneClusterImpl-5e904719-a08a-4eb0-9523-00d8d6adb52c/datanode-1/data/ratis/e31e942b-b4ef-4c28-ba62-cf752d89d5bd
2019-07-30 19:24:27,609 INFO  server.RaftServerConfigKeys (ConfUtils.java:logGet(43)) - raft.server.log.queue.byte-limit = 2147483647 (custom)
2019-07-30 19:24:27,610 INFO  server.RaftServerConfigKeys (ConfUtils.java:logGet(43)) - raft.server.log.queue.element-limit = 1024 (custom)
2019-07-30 19:24:27,610 INFO  server.RaftServerConfigKeys (ConfUtils.java:logGet(43)) - raft.server.log.segment.size.max = 1048576 (custom)
2019-07-30 19:24:27,610 INFO  server.RaftServerConfigKeys (ConfUtils.java:logGet(43)) - raft.server.log.preallocated.size = 16384 (custom)
2019-07-30 19:24:27,610 INFO  server.RaftServerConfigKeys (ConfUtils.java:logGet(43)) - raft.server.log.write.buffer.size = 33554432 (custom)
2019-07-30 19:24:27,610 INFO  server.RaftServerConfigKeys (ConfUtils.java:logGet(43)) - raft.server.log.force.sync.num = 128 (default)
2019-07-30 19:24:27,610 INFO  server.RaftServerConfigKeys (ConfUtils.java:logGet(43)) - raft.server.log.statemachine.data.sync = true (default)
2019-07-30 19:24:27,611 INFO  server.RaftServerConfigKeys (ConfUtils.java:logGet(43)) - raft.server.log.statemachine.data.sync.timeout = 10s (default)
2019-07-30 19:24:27,611 INFO  server.RaftServerConfigKeys (ConfUtils.java:logGet(43)) - raft.server.log.statemachine.data.sync.timeout.retry = -1 (default)
2019-07-30 19:24:27,611 INFO  server.RaftServerConfigKeys (ConfUtils.java:logGet(43)) - raft.server.log.statemachine.data.caching.enabled = true (custom)
2019-07-30 19:24:27,611 INFO  segmented.SegmentedRaftLogWorker (SegmentedRaftLogWorker.java:lambda$new$0(132)) - 5152d23a-019f-4fdf-ad40-44f3a5af89e0-SegmentedRaftLogWorker:Storage Directory /workdir/hadoop-ozone/integration-test/target/test-dir/MiniOzoneClusterImpl-5e904719-a08a-4eb0-9523-00d8d6adb52c/datanode-1/data/ratis/e31e942b-b4ef-4c28-ba62-cf752d89d5bd: flushIndex: setUnconditionally 0 -> -1
2019-07-30 19:24:27,612 INFO  server.RaftServerConfigKeys (ConfUtils.java:logGet(43)) - raft.server.snapshot.auto.trigger.enabled = true (custom)
2019-07-30 19:24:27,612 INFO  server.RaftServerConfigKeys (ConfUtils.java:logGet(43)) - raft.server.snapshot.auto.trigger.threshold = 10000 (custom)
2019-07-30 19:24:27,612 INFO  server.RaftServerConfigKeys (ConfUtils.java:logGet(43)) - raft.server.retrycache.expirytime = 600000ms (custom)
2019-07-30 19:24:27,612 INFO  impl.RaftServerImpl (RaftServerImpl.java:start(180)) - 5152d23a-019f-4fdf-ad40-44f3a5af89e0: start group-CF752D89D5BD
2019-07-30 19:24:27,612 INFO  impl.RaftServerImpl (RaftServerImpl.java:setRole(171)) - 5152d23a-019f-4fdf-ad40-44f3a5af89e0:group-CF752D89D5BD changes role from null to FOLLOWER at term 0 for startAsFollower
2019-07-30 19:24:27,612 INFO  impl.RoleInfo (RoleInfo.java:updateAndGet(143)) - 5152d23a-019f-4fdf-ad40-44f3a5af89e0: start FollowerState
2019-07-30 19:24:27,613 INFO  util.JmxRegister (JmxRegister.java:tryRegister(44)) - Successfully registered JMX Bean with object name Ratis:service=RaftServer,group=group-CF752D89D5BD,id=5152d23a-019f-4fdf-ad40-44f3a5af89e0
2019-07-30 19:24:27,618 INFO  pipeline.PipelineStateManager (PipelineStateManager.java:addPipeline(56)) - Created pipeline Pipeline[ Id: e31e942b-b4ef-4c28-ba62-cf752d89d5bd, Nodes: 5152d23a-019f-4fdf-ad40-44f3a5af89e0{ip: 192.168.5.147, host: byscane-nightly-d7s94-1643579034, networkLocation: /default-rack, certSerialId: null}, Type:RATIS, Factor:ONE, State:OPEN]
2019-07-30 19:24:27,757 INFO  ozone.MiniOzoneClusterImpl (MiniOzoneClusterImpl.java:lambda$waitForClusterToBeReady$0(142)) - Waiting for cluster to be ready. Got 2 of 7 DN Heartbeats.
2019-07-30 19:24:27,766 INFO  net.NetworkTopology (NetworkTopologyImpl.java:add(110)) - Added a new node: /default-rack/0d2a94fb-2d77-4fa7-a5c5-a38a0a96ae2a
2019-07-30 19:24:27,766 INFO  node.SCMNodeManager (SCMNodeManager.java:register(273)) - Registered Data node : 0d2a94fb-2d77-4fa7-a5c5-a38a0a96ae2a{ip: 192.168.5.147, host: byscane-nightly-d7s94-1643579034, networkLocation: /default-rack, certSerialId: null}
2019-07-30 19:24:27,776 INFO  impl.RaftServerProxy (RaftServerProxy.java:addNew(89)) - 0d2a94fb-2d77-4fa7-a5c5-a38a0a96ae2a: addNew group-AA6FF9D1B348:[0d2a94fb-2d77-4fa7-a5c5-a38a0a96ae2a:192.168.5.147:37411] returns group-AA6FF9D1B348:java.util.concurrent.CompletableFuture@5181310c[Not completed]
2019-07-30 19:24:27,782 INFO  impl.RaftServerImpl (RaftServerImpl.java:<init>(93)) - 0d2a94fb-2d77-4fa7-a5c5-a38a0a96ae2a: new RaftServerImpl for group-AA6FF9D1B348:[0d2a94fb-2d77-4fa7-a5c5-a38a0a96ae2a:192.168.5.147:37411] with ContainerStateMachine:uninitialized
2019-07-30 19:24:27,783 INFO  server.RaftServerConfigKeys (ConfUtils.java:logGet(43)) - raft.server.rpc.timeout.min = 5s (custom)
2019-07-30 19:24:27,783 INFO  server.RaftServerConfigKeys (ConfUtils.java:logGet(43)) - raft.server.rpc.timeout.max = 5200ms (custom)
2019-07-30 19:24:27,783 INFO  server.RaftServerConfigKeys (ConfUtils.java:logGet(43)) - raft.server.rpcslowness.timeout = 120s (custom)
2019-07-30 19:24:27,783 INFO  server.RaftServerConfigKeys (ConfUtils.java:logGet(43)) - raft.server.sleep.deviation.threshold = 300 (default)
2019-07-30 19:24:27,784 INFO  server.RaftServerConfigKeys (ConfUtils.java:logGet(43)) - raft.server.log.appender.install.snapshot.enabled = false (custom)
2019-07-30 19:24:27,784 INFO  impl.RaftServerImpl (ServerState.java:<init>(105)) - 0d2a94fb-2d77-4fa7-a5c5-a38a0a96ae2a:group-AA6FF9D1B348 ConfigurationManager, init=-1: [0d2a94fb-2d77-4fa7-a5c5-a38a0a96ae2a:192.168.5.147:37411], old=null, confs=<EMPTY_MAP>
2019-07-30 19:24:27,784 INFO  server.RaftServerConfigKeys (ConfUtils.java:logGet(43)) - raft.server.storage.dir = [/workdir/hadoop-ozone/integration-test/target/test-dir/MiniOzoneClusterImpl-5e904719-a08a-4eb0-9523-00d8d6adb52c/datanode-2/data/ratis] (custom)
2019-07-30 19:24:27,785 INFO  storage.RaftStorageDirectory (RaftStorageDirectory.java:analyzeStorage(246)) - The storage directory /workdir/hadoop-ozone/integration-test/target/test-dir/MiniOzoneClusterImpl-5e904719-a08a-4eb0-9523-00d8d6adb52c/datanode-2/data/ratis/31132023-1f03-4232-8100-aa6ff9d1b348 does not exist. Creating ...
2019-07-30 19:24:27,790 INFO  storage.RaftStorageDirectory (RaftStorageDirectory.java:tryLock(328)) - Lock on /workdir/hadoop-ozone/integration-test/target/test-dir/MiniOzoneClusterImpl-5e904719-a08a-4eb0-9523-00d8d6adb52c/datanode-2/data/ratis/31132023-1f03-4232-8100-aa6ff9d1b348/in_use.lock acquired by nodename 6387@byscane-nightly-d7s94-1643579034
2019-07-30 19:24:27,794 INFO  storage.RaftStorage (RaftStorage.java:format(72)) - Storage directory /workdir/hadoop-ozone/integration-test/target/test-dir/MiniOzoneClusterImpl-5e904719-a08a-4eb0-9523-00d8d6adb52c/datanode-2/data/ratis/31132023-1f03-4232-8100-aa6ff9d1b348 has been successfully formatted.
2019-07-30 19:24:27,795 INFO  ratis.ContainerStateMachine (ContainerStateMachine.java:loadSnapshot(213)) - group-AA6FF9D1B348: The snapshot info is null. Setting the last applied indexto:(t:0, i:~)
2019-07-30 19:24:27,795 INFO  server.RaftServerConfigKeys (ConfUtils.java:logGet(43)) - raft.server.leader.election.timeout = 120s (custom)
2019-07-30 19:24:27,795 INFO  server.RaftServerConfigKeys (ConfUtils.java:logGet(43)) - raft.server.log.use.memory = false (default)
2019-07-30 19:24:27,796 INFO  server.RaftServerConfigKeys (ConfUtils.java:logGet(43)) - raft.server.log.purge.gap = 1000000000 (custom)
2019-07-30 19:24:27,796 INFO  server.RaftServerConfigKeys (ConfUtils.java:logGet(43)) - raft.server.log.appender.buffer.byte-limit = 33554432 (custom)
2019-07-30 19:24:27,796 INFO  server.RaftServerConfigKeys (ConfUtils.java:logGet(43)) - raft.server.log.segment.size.max = 1048576 (custom)
2019-07-30 19:24:27,796 INFO  server.RaftServerConfigKeys (ConfUtils.java:logGet(43)) - raft.server.log.segment.cache.num.max = 2 (custom)
2019-07-30 19:24:27,797 INFO  segmented.SegmentedRaftLogWorker (SegmentedRaftLogWorker.java:<init>(172)) - new 0d2a94fb-2d77-4fa7-a5c5-a38a0a96ae2a-SegmentedRaftLogWorker:Storage Directory /workdir/hadoop-ozone/integration-test/target/test-dir/MiniOzoneClusterImpl-5e904719-a08a-4eb0-9523-00d8d6adb52c/datanode-2/data/ratis/31132023-1f03-4232-8100-aa6ff9d1b348 for RaftStorage:Storage Directory /workdir/hadoop-ozone/integration-test/target/test-dir/MiniOzoneClusterImpl-5e904719-a08a-4eb0-9523-00d8d6adb52c/datanode-2/data/ratis/31132023-1f03-4232-8100-aa6ff9d1b348
2019-07-30 19:24:27,797 INFO  server.RaftServerConfigKeys (ConfUtils.java:logGet(43)) - raft.server.log.queue.byte-limit = 2147483647 (custom)
2019-07-30 19:24:27,797 INFO  server.RaftServerConfigKeys (ConfUtils.java:logGet(43)) - raft.server.log.queue.element-limit = 1024 (custom)
2019-07-30 19:24:27,798 INFO  server.RaftServerConfigKeys (ConfUtils.java:logGet(43)) - raft.server.log.segment.size.max = 1048576 (custom)
2019-07-30 19:24:27,798 INFO  server.RaftServerConfigKeys (ConfUtils.java:logGet(43)) - raft.server.log.preallocated.size = 16384 (custom)
2019-07-30 19:24:27,798 INFO  server.RaftServerConfigKeys (ConfUtils.java:logGet(43)) - raft.server.log.write.buffer.size = 33554432 (custom)
2019-07-30 19:24:27,799 INFO  server.RaftServerConfigKeys (ConfUtils.java:logGet(43)) - raft.server.log.force.sync.num = 128 (default)
2019-07-30 19:24:27,799 INFO  server.RaftServerConfigKeys (ConfUtils.java:logGet(43)) - raft.server.log.statemachine.data.sync = true (default)
2019-07-30 19:24:27,799 INFO  server.RaftServerConfigKeys (ConfUtils.java:logGet(43)) - raft.server.log.statemachine.data.sync.timeout = 10s (default)
2019-07-30 19:24:27,799 INFO  server.RaftServerConfigKeys (ConfUtils.java:logGet(43)) - raft.server.log.statemachine.data.sync.timeout.retry = -1 (default)
2019-07-30 19:24:27,800 INFO  server.RaftServerConfigKeys (ConfUtils.java:logGet(43)) - raft.server.log.statemachine.data.caching.enabled = true (custom)
2019-07-30 19:24:27,800 INFO  segmented.SegmentedRaftLogWorker (SegmentedRaftLogWorker.java:lambda$new$0(132)) - 0d2a94fb-2d77-4fa7-a5c5-a38a0a96ae2a-SegmentedRaftLogWorker:Storage Directory /workdir/hadoop-ozone/integration-test/target/test-dir/MiniOzoneClusterImpl-5e904719-a08a-4eb0-9523-00d8d6adb52c/datanode-2/data/ratis/31132023-1f03-4232-8100-aa6ff9d1b348: flushIndex: setUnconditionally 0 -> -1
2019-07-30 19:24:27,801 INFO  server.RaftServerConfigKeys (ConfUtils.java:logGet(43)) - raft.server.snapshot.auto.trigger.enabled = true (custom)
2019-07-30 19:24:27,801 INFO  server.RaftServerConfigKeys (ConfUtils.java:logGet(43)) - raft.server.snapshot.auto.trigger.threshold = 10000 (custom)
2019-07-30 19:24:27,802 INFO  server.RaftServerConfigKeys (ConfUtils.java:logGet(43)) - raft.server.retrycache.expirytime = 600000ms (custom)
2019-07-30 19:24:27,802 INFO  impl.RaftServerImpl (RaftServerImpl.java:start(180)) - 0d2a94fb-2d77-4fa7-a5c5-a38a0a96ae2a: start group-AA6FF9D1B348
2019-07-30 19:24:27,802 INFO  impl.RaftServerImpl (RaftServerImpl.java:setRole(171)) - 0d2a94fb-2d77-4fa7-a5c5-a38a0a96ae2a:group-AA6FF9D1B348 changes role from null to FOLLOWER at term 0 for startAsFollower
2019-07-30 19:24:27,803 INFO  impl.RoleInfo (RoleInfo.java:updateAndGet(143)) - 0d2a94fb-2d77-4fa7-a5c5-a38a0a96ae2a: start FollowerState
2019-07-30 19:24:27,803 INFO  util.JmxRegister (JmxRegister.java:tryRegister(44)) - Successfully registered JMX Bean with object name Ratis:service=RaftServer,group=group-AA6FF9D1B348,id=0d2a94fb-2d77-4fa7-a5c5-a38a0a96ae2a
2019-07-30 19:24:27,808 INFO  pipeline.PipelineStateManager (PipelineStateManager.java:addPipeline(56)) - Created pipeline Pipeline[ Id: 31132023-1f03-4232-8100-aa6ff9d1b348, Nodes: 0d2a94fb-2d77-4fa7-a5c5-a38a0a96ae2a{ip: 192.168.5.147, host: byscane-nightly-d7s94-1643579034, networkLocation: /default-rack, certSerialId: null}, Type:RATIS, Factor:ONE, State:OPEN]
2019-07-30 19:24:27,823 INFO  impl.RaftServerProxy (RaftServerProxy.java:addNew(89)) - 0d2a94fb-2d77-4fa7-a5c5-a38a0a96ae2a: addNew group-D56295E18C3D:[d78c5311-1ee2-41ae-b3e0-25a7764f2197:192.168.5.147:46184, 0d2a94fb-2d77-4fa7-a5c5-a38a0a96ae2a:192.168.5.147:37411, 5152d23a-019f-4fdf-ad40-44f3a5af89e0:192.168.5.147:41099] returns group-D56295E18C3D:java.util.concurrent.CompletableFuture@1a05cc39[Not completed]
2019-07-30 19:24:27,824 INFO  impl.RaftServerProxy (RaftServerProxy.java:addNew(89)) - d78c5311-1ee2-41ae-b3e0-25a7764f2197: addNew group-D56295E18C3D:[d78c5311-1ee2-41ae-b3e0-25a7764f2197:192.168.5.147:46184, 0d2a94fb-2d77-4fa7-a5c5-a38a0a96ae2a:192.168.5.147:37411, 5152d23a-019f-4fdf-ad40-44f3a5af89e0:192.168.5.147:41099] returns group-D56295E18C3D:java.util.concurrent.CompletableFuture@1ea3a8b0[Not completed]
2019-07-30 19:24:27,824 INFO  impl.RaftServerProxy (RaftServerProxy.java:addNew(89)) - 5152d23a-019f-4fdf-ad40-44f3a5af89e0: addNew group-D56295E18C3D:[d78c5311-1ee2-41ae-b3e0-25a7764f2197:192.168.5.147:46184, 0d2a94fb-2d77-4fa7-a5c5-a38a0a96ae2a:192.168.5.147:37411, 5152d23a-019f-4fdf-ad40-44f3a5af89e0:192.168.5.147:41099] returns group-D56295E18C3D:java.util.concurrent.CompletableFuture@40d6d696[Not completed]
2019-07-30 19:24:27,825 INFO  impl.RaftServerImpl (RaftServerImpl.java:<init>(93)) - 0d2a94fb-2d77-4fa7-a5c5-a38a0a96ae2a: new RaftServerImpl for group-D56295E18C3D:[d78c5311-1ee2-41ae-b3e0-25a7764f2197:192.168.5.147:46184, 0d2a94fb-2d77-4fa7-a5c5-a38a0a96ae2a:192.168.5.147:37411, 5152d23a-019f-4fdf-ad40-44f3a5af89e0:192.168.5.147:41099] with ContainerStateMachine:uninitialized
2019-07-30 19:24:27,825 INFO  server.RaftServerConfigKeys (ConfUtils.java:logGet(43)) - raft.server.rpc.timeout.min = 5s (custom)
2019-07-30 19:24:27,825 INFO  server.RaftServerConfigKeys (ConfUtils.java:logGet(43)) - raft.server.rpc.timeout.max = 5200ms (custom)
2019-07-30 19:24:27,825 INFO  server.RaftServerConfigKeys (ConfUtils.java:logGet(43)) - raft.server.rpcslowness.timeout = 120s (custom)
2019-07-30 19:24:27,825 INFO  server.RaftServerConfigKeys (ConfUtils.java:logGet(43)) - raft.server.sleep.deviation.threshold = 300 (default)
2019-07-30 19:24:27,825 INFO  impl.RaftServerImpl (RaftServerImpl.java:<init>(93)) - 5152d23a-019f-4fdf-ad40-44f3a5af89e0: new RaftServerImpl for group-D56295E18C3D:[d78c5311-1ee2-41ae-b3e0-25a7764f2197:192.168.5.147:46184, 0d2a94fb-2d77-4fa7-a5c5-a38a0a96ae2a:192.168.5.147:37411, 5152d23a-019f-4fdf-ad40-44f3a5af89e0:192.168.5.147:41099] with ContainerStateMachine:uninitialized
2019-07-30 19:24:27,826 INFO  server.RaftServerConfigKeys (ConfUtils.java:logGet(43)) - raft.server.log.appender.install.snapshot.enabled = false (custom)
2019-07-30 19:24:27,826 INFO  server.RaftServerConfigKeys (ConfUtils.java:logGet(43)) - raft.server.rpc.timeout.min = 5s (custom)
2019-07-30 19:24:27,826 INFO  impl.RaftServerImpl (ServerState.java:<init>(105)) - 0d2a94fb-2d77-4fa7-a5c5-a38a0a96ae2a:group-D56295E18C3D ConfigurationManager, init=-1: [d78c5311-1ee2-41ae-b3e0-25a7764f2197:192.168.5.147:46184, 0d2a94fb-2d77-4fa7-a5c5-a38a0a96ae2a:192.168.5.147:37411, 5152d23a-019f-4fdf-ad40-44f3a5af89e0:192.168.5.147:41099], old=null, confs=<EMPTY_MAP>
2019-07-30 19:24:27,826 INFO  server.RaftServerConfigKeys (ConfUtils.java:logGet(43)) - raft.server.rpc.timeout.max = 5200ms (custom)
2019-07-30 19:24:27,826 INFO  server.RaftServerConfigKeys (ConfUtils.java:logGet(43)) - raft.server.storage.dir = [/workdir/hadoop-ozone/integration-test/target/test-dir/MiniOzoneClusterImpl-5e904719-a08a-4eb0-9523-00d8d6adb52c/datanode-2/data/ratis] (custom)
2019-07-30 19:24:27,826 INFO  server.RaftServerConfigKeys (ConfUtils.java:logGet(43)) - raft.server.rpcslowness.timeout = 120s (custom)
2019-07-30 19:24:27,826 INFO  server.RaftServerConfigKeys (ConfUtils.java:logGet(43)) - raft.server.sleep.deviation.threshold = 300 (default)
2019-07-30 19:24:27,827 INFO  storage.RaftStorageDirectory (RaftStorageDirectory.java:analyzeStorage(246)) - The storage directory /workdir/hadoop-ozone/integration-test/target/test-dir/MiniOzoneClusterImpl-5e904719-a08a-4eb0-9523-00d8d6adb52c/datanode-2/data/ratis/5fec00bd-b7e8-44ff-879d-d56295e18c3d does not exist. Creating ...
2019-07-30 19:24:27,826 INFO  impl.RaftServerImpl (RaftServerImpl.java:<init>(93)) - d78c5311-1ee2-41ae-b3e0-25a7764f2197: new RaftServerImpl for group-D56295E18C3D:[d78c5311-1ee2-41ae-b3e0-25a7764f2197:192.168.5.147:46184, 0d2a94fb-2d77-4fa7-a5c5-a38a0a96ae2a:192.168.5.147:37411, 5152d23a-019f-4fdf-ad40-44f3a5af89e0:192.168.5.147:41099] with ContainerStateMachine:uninitialized
2019-07-30 19:24:27,827 INFO  server.RaftServerConfigKeys (ConfUtils.java:logGet(43)) - raft.server.log.appender.install.snapshot.enabled = false (custom)
2019-07-30 19:24:27,827 INFO  server.RaftServerConfigKeys (ConfUtils.java:logGet(43)) - raft.server.rpc.timeout.min = 5s (custom)
2019-07-30 19:24:27,827 INFO  impl.RaftServerImpl (ServerState.java:<init>(105)) - 5152d23a-019f-4fdf-ad40-44f3a5af89e0:group-D56295E18C3D ConfigurationManager, init=-1: [d78c5311-1ee2-41ae-b3e0-25a7764f2197:192.168.5.147:46184, 0d2a94fb-2d77-4fa7-a5c5-a38a0a96ae2a:192.168.5.147:37411, 5152d23a-019f-4fdf-ad40-44f3a5af89e0:192.168.5.147:41099], old=null, confs=<EMPTY_MAP>
2019-07-30 19:24:27,827 INFO  server.RaftServerConfigKeys (ConfUtils.java:logGet(43)) - raft.server.rpc.timeout.max = 5200ms (custom)
2019-07-30 19:24:27,828 INFO  server.RaftServerConfigKeys (ConfUtils.java:logGet(43)) - raft.server.storage.dir = [/workdir/hadoop-ozone/integration-test/target/test-dir/MiniOzoneClusterImpl-5e904719-a08a-4eb0-9523-00d8d6adb52c/datanode-1/data/ratis] (custom)
2019-07-30 19:24:27,828 INFO  server.RaftServerConfigKeys (ConfUtils.java:logGet(43)) - raft.server.rpcslowness.timeout = 120s (custom)
2019-07-30 19:24:27,828 INFO  server.RaftServerConfigKeys (ConfUtils.java:logGet(43)) - raft.server.sleep.deviation.threshold = 300 (default)
2019-07-30 19:24:27,828 INFO  storage.RaftStorageDirectory (RaftStorageDirectory.java:analyzeStorage(246)) - The storage directory /workdir/hadoop-ozone/integration-test/target/test-dir/MiniOzoneClusterImpl-5e904719-a08a-4eb0-9523-00d8d6adb52c/datanode-1/data/ratis/5fec00bd-b7e8-44ff-879d-d56295e18c3d does not exist. Creating ...
2019-07-30 19:24:27,828 INFO  server.RaftServerConfigKeys (ConfUtils.java:logGet(43)) - raft.server.log.appender.install.snapshot.enabled = false (custom)
2019-07-30 19:24:27,828 INFO  impl.RaftServerImpl (ServerState.java:<init>(105)) - d78c5311-1ee2-41ae-b3e0-25a7764f2197:group-D56295E18C3D ConfigurationManager, init=-1: [d78c5311-1ee2-41ae-b3e0-25a7764f2197:192.168.5.147:46184, 0d2a94fb-2d77-4fa7-a5c5-a38a0a96ae2a:192.168.5.147:37411, 5152d23a-019f-4fdf-ad40-44f3a5af89e0:192.168.5.147:41099], old=null, confs=<EMPTY_MAP>
2019-07-30 19:24:27,829 INFO  server.RaftServerConfigKeys (ConfUtils.java:logGet(43)) - raft.server.storage.dir = [/workdir/hadoop-ozone/integration-test/target/test-dir/MiniOzoneClusterImpl-5e904719-a08a-4eb0-9523-00d8d6adb52c/datanode-0/data/ratis] (custom)
2019-07-30 19:24:27,829 INFO  storage.RaftStorageDirectory (RaftStorageDirectory.java:analyzeStorage(246)) - The storage directory /workdir/hadoop-ozone/integration-test/target/test-dir/MiniOzoneClusterImpl-5e904719-a08a-4eb0-9523-00d8d6adb52c/datanode-0/data/ratis/5fec00bd-b7e8-44ff-879d-d56295e18c3d does not exist. Creating ...
2019-07-30 19:24:27,839 INFO  storage.RaftStorageDirectory (RaftStorageDirectory.java:tryLock(328)) - Lock on /workdir/hadoop-ozone/integration-test/target/test-dir/MiniOzoneClusterImpl-5e904719-a08a-4eb0-9523-00d8d6adb52c/datanode-0/data/ratis/5fec00bd-b7e8-44ff-879d-d56295e18c3d/in_use.lock acquired by nodename 6387@byscane-nightly-d7s94-1643579034
2019-07-30 19:24:27,839 INFO  storage.RaftStorageDirectory (RaftStorageDirectory.java:tryLock(328)) - Lock on /workdir/hadoop-ozone/integration-test/target/test-dir/MiniOzoneClusterImpl-5e904719-a08a-4eb0-9523-00d8d6adb52c/datanode-1/data/ratis/5fec00bd-b7e8-44ff-879d-d56295e18c3d/in_use.lock acquired by nodename 6387@byscane-nightly-d7s94-1643579034
2019-07-30 19:24:27,839 INFO  storage.RaftStorageDirectory (RaftStorageDirectory.java:tryLock(328)) - Lock on /workdir/hadoop-ozone/integration-test/target/test-dir/MiniOzoneClusterImpl-5e904719-a08a-4eb0-9523-00d8d6adb52c/datanode-2/data/ratis/5fec00bd-b7e8-44ff-879d-d56295e18c3d/in_use.lock acquired by nodename 6387@byscane-nightly-d7s94-1643579034
2019-07-30 19:24:27,843 INFO  storage.RaftStorage (RaftStorage.java:format(72)) - Storage directory /workdir/hadoop-ozone/integration-test/target/test-dir/MiniOzoneClusterImpl-5e904719-a08a-4eb0-9523-00d8d6adb52c/datanode-0/data/ratis/5fec00bd-b7e8-44ff-879d-d56295e18c3d has been successfully formatted.
2019-07-30 19:24:27,843 INFO  storage.RaftStorage (RaftStorage.java:format(72)) - Storage directory /workdir/hadoop-ozone/integration-test/target/test-dir/MiniOzoneClusterImpl-5e904719-a08a-4eb0-9523-00d8d6adb52c/datanode-1/data/ratis/5fec00bd-b7e8-44ff-879d-d56295e18c3d has been successfully formatted.
2019-07-30 19:24:27,844 INFO  ratis.ContainerStateMachine (ContainerStateMachine.java:loadSnapshot(213)) - group-D56295E18C3D: The snapshot info is null. Setting the last applied indexto:(t:0, i:~)
2019-07-30 19:24:27,843 INFO  storage.RaftStorage (RaftStorage.java:format(72)) - Storage directory /workdir/hadoop-ozone/integration-test/target/test-dir/MiniOzoneClusterImpl-5e904719-a08a-4eb0-9523-00d8d6adb52c/datanode-2/data/ratis/5fec00bd-b7e8-44ff-879d-d56295e18c3d has been successfully formatted.
2019-07-30 19:24:27,844 INFO  server.RaftServerConfigKeys (ConfUtils.java:logGet(43)) - raft.server.leader.election.timeout = 120s (custom)
2019-07-30 19:24:27,844 INFO  ratis.ContainerStateMachine (ContainerStateMachine.java:loadSnapshot(213)) - group-D56295E18C3D: The snapshot info is null. Setting the last applied indexto:(t:0, i:~)
2019-07-30 19:24:27,844 INFO  server.RaftServerConfigKeys (ConfUtils.java:logGet(43)) - raft.server.log.use.memory = false (default)
2019-07-30 19:24:27,844 INFO  ratis.ContainerStateMachine (ContainerStateMachine.java:loadSnapshot(213)) - group-D56295E18C3D: The snapshot info is null. Setting the last applied indexto:(t:0, i:~)
2019-07-30 19:24:27,845 INFO  server.RaftServerConfigKeys (ConfUtils.java:logGet(43)) - raft.server.log.purge.gap = 1000000000 (custom)
2019-07-30 19:24:27,845 INFO  server.RaftServerConfigKeys (ConfUtils.java:logGet(43)) - raft.server.leader.election.timeout = 120s (custom)
2019-07-30 19:24:27,845 INFO  server.RaftServerConfigKeys (ConfUtils.java:logGet(43)) - raft.server.log.appender.buffer.byte-limit = 33554432 (custom)
2019-07-30 19:24:27,845 INFO  server.RaftServerConfigKeys (ConfUtils.java:logGet(43)) - raft.server.leader.election.timeout = 120s (custom)
2019-07-30 19:24:27,845 INFO  server.RaftServerConfigKeys (ConfUtils.java:logGet(43)) - raft.server.log.segment.size.max = 1048576 (custom)
2019-07-30 19:24:27,845 INFO  server.RaftServerConfigKeys (ConfUtils.java:logGet(43)) - raft.server.log.use.memory = false (default)
2019-07-30 19:24:27,846 INFO  server.RaftServerConfigKeys (ConfUtils.java:logGet(43)) - raft.server.log.segment.cache.num.max = 2 (custom)
2019-07-30 19:24:27,846 INFO  server.RaftServerConfigKeys (ConfUtils.java:logGet(43)) - raft.server.log.use.memory = false (default)
2019-07-30 19:24:27,846 INFO  segmented.SegmentedRaftLogWorker (SegmentedRaftLogWorker.java:<init>(172)) - new d78c5311-1ee2-41ae-b3e0-25a7764f2197-SegmentedRaftLogWorker:Storage Directory /workdir/hadoop-ozone/integration-test/target/test-dir/MiniOzoneClusterImpl-5e904719-a08a-4eb0-9523-00d8d6adb52c/datanode-0/data/ratis/5fec00bd-b7e8-44ff-879d-d56295e18c3d for RaftStorage:Storage Directory /workdir/hadoop-ozone/integration-test/target/test-dir/MiniOzoneClusterImpl-5e904719-a08a-4eb0-9523-00d8d6adb52c/datanode-0/data/ratis/5fec00bd-b7e8-44ff-879d-d56295e18c3d
2019-07-30 19:24:27,846 INFO  server.RaftServerConfigKeys (ConfUtils.java:logGet(43)) - raft.server.log.purge.gap = 1000000000 (custom)
2019-07-30 19:24:27,846 INFO  server.RaftServerConfigKeys (ConfUtils.java:logGet(43)) - raft.server.log.queue.byte-limit = 2147483647 (custom)
2019-07-30 19:24:27,846 INFO  server.RaftServerConfigKeys (ConfUtils.java:logGet(43)) - raft.server.log.purge.gap = 1000000000 (custom)
2019-07-30 19:24:27,847 INFO  server.RaftServerConfigKeys (ConfUtils.java:logGet(43)) - raft.server.log.queue.element-limit = 1024 (custom)
2019-07-30 19:24:27,847 INFO  server.RaftServerConfigKeys (ConfUtils.java:logGet(43)) - raft.server.log.appender.buffer.byte-limit = 33554432 (custom)
2019-07-30 19:24:27,847 INFO  server.RaftServerConfigKeys (ConfUtils.java:logGet(43)) - raft.server.log.segment.size.max = 1048576 (custom)
2019-07-30 19:24:27,847 INFO  server.RaftServerConfigKeys (ConfUtils.java:logGet(43)) - raft.server.log.preallocated.size = 16384 (custom)
2019-07-30 19:24:27,847 INFO  server.RaftServerConfigKeys (ConfUtils.java:logGet(43)) - raft.server.log.appender.buffer.byte-limit = 33554432 (custom)
2019-07-30 19:24:27,848 INFO  server.RaftServerConfigKeys (ConfUtils.java:logGet(43)) - raft.server.log.write.buffer.size = 33554432 (custom)
2019-07-30 19:24:27,847 INFO  server.RaftServerConfigKeys (ConfUtils.java:logGet(43)) - raft.server.log.segment.size.max = 1048576 (custom)
2019-07-30 19:24:27,848 INFO  server.RaftServerConfigKeys (ConfUtils.java:logGet(43)) - raft.server.log.force.sync.num = 128 (default)
2019-07-30 19:24:27,848 INFO  server.RaftServerConfigKeys (ConfUtils.java:logGet(43)) - raft.server.log.segment.size.max = 1048576 (custom)
2019-07-30 19:24:27,848 INFO  server.RaftServerConfigKeys (ConfUtils.java:logGet(43)) - raft.server.log.statemachine.data.sync = true (default)
2019-07-30 19:24:27,848 INFO  server.RaftServerConfigKeys (ConfUtils.java:logGet(43)) - raft.server.log.segment.cache.num.max = 2 (custom)
2019-07-30 19:24:27,849 INFO  server.RaftServerConfigKeys (ConfUtils.java:logGet(43)) - raft.server.log.statemachine.data.sync.timeout = 10s (default)
2019-07-30 19:24:27,848 INFO  server.RaftServerConfigKeys (ConfUtils.java:logGet(43)) - raft.server.log.segment.cache.num.max = 2 (custom)
2019-07-30 19:24:27,849 INFO  server.RaftServerConfigKeys (ConfUtils.java:logGet(43)) - raft.server.log.statemachine.data.sync.timeout.retry = -1 (default)
2019-07-30 19:24:27,849 INFO  segmented.SegmentedRaftLogWorker (SegmentedRaftLogWorker.java:<init>(172)) - new 5152d23a-019f-4fdf-ad40-44f3a5af89e0-SegmentedRaftLogWorker:Storage Directory /workdir/hadoop-ozone/integration-test/target/test-dir/MiniOzoneClusterImpl-5e904719-a08a-4eb0-9523-00d8d6adb52c/datanode-1/data/ratis/5fec00bd-b7e8-44ff-879d-d56295e18c3d for RaftStorage:Storage Directory /workdir/hadoop-ozone/integration-test/target/test-dir/MiniOzoneClusterImpl-5e904719-a08a-4eb0-9523-00d8d6adb52c/datanode-1/data/ratis/5fec00bd-b7e8-44ff-879d-d56295e18c3d
2019-07-30 19:24:27,849 INFO  server.RaftServerConfigKeys (ConfUtils.java:logGet(43)) - raft.server.log.statemachine.data.caching.enabled = true (custom)
2019-07-30 19:24:27,849 INFO  segmented.SegmentedRaftLogWorker (SegmentedRaftLogWorker.java:<init>(172)) - new 0d2a94fb-2d77-4fa7-a5c5-a38a0a96ae2a-SegmentedRaftLogWorker:Storage Directory /workdir/hadoop-ozone/integration-test/target/test-dir/MiniOzoneClusterImpl-5e904719-a08a-4eb0-9523-00d8d6adb52c/datanode-2/data/ratis/5fec00bd-b7e8-44ff-879d-d56295e18c3d for RaftStorage:Storage Directory /workdir/hadoop-ozone/integration-test/target/test-dir/MiniOzoneClusterImpl-5e904719-a08a-4eb0-9523-00d8d6adb52c/datanode-2/data/ratis/5fec00bd-b7e8-44ff-879d-d56295e18c3d
2019-07-30 19:24:27,850 INFO  server.RaftServerConfigKeys (ConfUtils.java:logGet(43)) - raft.server.log.queue.byte-limit = 2147483647 (custom)
2019-07-30 19:24:27,850 INFO  segmented.SegmentedRaftLogWorker (SegmentedRaftLogWorker.java:lambda$new$0(132)) - d78c5311-1ee2-41ae-b3e0-25a7764f2197-SegmentedRaftLogWorker:Storage Directory /workdir/hadoop-ozone/integration-test/target/test-dir/MiniOzoneClusterImpl-5e904719-a08a-4eb0-9523-00d8d6adb52c/datanode-0/data/ratis/5fec00bd-b7e8-44ff-879d-d56295e18c3d: flushIndex: setUnconditionally 0 -> -1
2019-07-30 19:24:27,850 INFO  server.RaftServerConfigKeys (ConfUtils.java:logGet(43)) - raft.server.log.queue.byte-limit = 2147483647 (custom)
2019-07-30 19:24:27,850 INFO  server.RaftServerConfigKeys (ConfUtils.java:logGet(43)) - raft.server.log.queue.element-limit = 1024 (custom)
2019-07-30 19:24:27,850 INFO  server.RaftServerConfigKeys (ConfUtils.java:logGet(43)) - raft.server.snapshot.auto.trigger.enabled = true (custom)
2019-07-30 19:24:27,850 INFO  server.RaftServerConfigKeys (ConfUtils.java:logGet(43)) - raft.server.log.queue.element-limit = 1024 (custom)
2019-07-30 19:24:27,851 INFO  server.RaftServerConfigKeys (ConfUtils.java:logGet(43)) - raft.server.snapshot.auto.trigger.threshold = 10000 (custom)
2019-07-30 19:24:27,850 INFO  server.RaftServerConfigKeys (ConfUtils.java:logGet(43)) - raft.server.log.segment.size.max = 1048576 (custom)
2019-07-30 19:24:27,851 INFO  server.RaftServerConfigKeys (ConfUtils.java:logGet(43)) - raft.server.retrycache.expirytime = 600000ms (custom)
2019-07-30 19:24:27,851 INFO  server.RaftServerConfigKeys (ConfUtils.java:logGet(43)) - raft.server.log.segment.size.max = 1048576 (custom)
2019-07-30 19:24:27,851 INFO  impl.RaftServerImpl (RaftServerImpl.java:start(180)) - d78c5311-1ee2-41ae-b3e0-25a7764f2197: start group-D56295E18C3D
2019-07-30 19:24:27,851 INFO  server.RaftServerConfigKeys (ConfUtils.java:logGet(43)) - raft.server.log.preallocated.size = 16384 (custom)
2019-07-30 19:24:27,852 INFO  impl.RaftServerImpl (RaftServerImpl.java:setRole(171)) - d78c5311-1ee2-41ae-b3e0-25a7764f2197:group-D56295E18C3D changes role from null to FOLLOWER at term 0 for startAsFollower
2019-07-30 19:24:27,851 INFO  server.RaftServerConfigKeys (ConfUtils.java:logGet(43)) - raft.server.log.preallocated.size = 16384 (custom)
2019-07-30 19:24:27,852 INFO  impl.RoleInfo (RoleInfo.java:updateAndGet(143)) - d78c5311-1ee2-41ae-b3e0-25a7764f2197: start FollowerState
2019-07-30 19:24:27,852 INFO  server.RaftServerConfigKeys (ConfUtils.java:logGet(43)) - raft.server.log.write.buffer.size = 33554432 (custom)
2019-07-30 19:24:27,852 INFO  server.RaftServerConfigKeys (ConfUtils.java:logGet(43)) - raft.server.log.write.buffer.size = 33554432 (custom)
2019-07-30 19:24:27,852 INFO  server.RaftServerConfigKeys (ConfUtils.java:logGet(43)) - raft.server.log.force.sync.num = 128 (default)
2019-07-30 19:24:27,862 INFO  server.RaftServerConfigKeys (ConfUtils.java:logGet(43)) - raft.server.log.force.sync.num = 128 (default)
2019-07-30 19:24:27,862 INFO  server.RaftServerConfigKeys (ConfUtils.java:logGet(43)) - raft.server.log.statemachine.data.sync = true (default)
2019-07-30 19:24:27,862 INFO  util.JmxRegister (JmxRegister.java:tryRegister(44)) - Successfully registered JMX Bean with object name Ratis:service=RaftServer,group=group-D56295E18C3D,id=d78c5311-1ee2-41ae-b3e0-25a7764f2197
2019-07-30 19:24:27,862 INFO  server.RaftServerConfigKeys (ConfUtils.java:logGet(43)) - raft.server.log.statemachine.data.sync.timeout = 10s (default)
2019-07-30 19:24:27,863 INFO  server.RaftServerConfigKeys (ConfUtils.java:logGet(43)) - raft.server.log.statemachine.data.sync.timeout.retry = -1 (default)
2019-07-30 19:24:27,862 INFO  server.RaftServerConfigKeys (ConfUtils.java:logGet(43)) - raft.server.log.statemachine.data.sync = true (default)
2019-07-30 19:24:27,870 INFO  server.RaftServerConfigKeys (ConfUtils.java:logGet(43)) - raft.server.log.statemachine.data.caching.enabled = true (custom)
2019-07-30 19:24:27,870 INFO  server.RaftServerConfigKeys (ConfUtils.java:logGet(43)) - raft.server.log.statemachine.data.sync.timeout = 10s (default)
2019-07-30 19:24:27,871 INFO  server.RaftServerConfigKeys (ConfUtils.java:logGet(43)) - raft.server.log.statemachine.data.sync.timeout.retry = -1 (default)
2019-07-30 19:24:27,871 INFO  segmented.SegmentedRaftLogWorker (SegmentedRaftLogWorker.java:lambda$new$0(132)) - 0d2a94fb-2d77-4fa7-a5c5-a38a0a96ae2a-SegmentedRaftLogWorker:Storage Directory /workdir/hadoop-ozone/integration-test/target/test-dir/MiniOzoneClusterImpl-5e904719-a08a-4eb0-9523-00d8d6adb52c/datanode-2/data/ratis/5fec00bd-b7e8-44ff-879d-d56295e18c3d: flushIndex: setUnconditionally 0 -> -1
2019-07-30 19:24:27,871 INFO  server.RaftServerConfigKeys (ConfUtils.java:logGet(43)) - raft.server.log.statemachine.data.caching.enabled = true (custom)
2019-07-30 19:24:27,871 INFO  server.RaftServerConfigKeys (ConfUtils.java:logGet(43)) - raft.server.snapshot.auto.trigger.enabled = true (custom)
2019-07-30 19:24:27,871 INFO  server.RaftServerConfigKeys (ConfUtils.java:logGet(43)) - raft.server.snapshot.auto.trigger.threshold = 10000 (custom)
2019-07-30 19:24:27,871 INFO  segmented.SegmentedRaftLogWorker (SegmentedRaftLogWorker.java:lambda$new$0(132)) - 5152d23a-019f-4fdf-ad40-44f3a5af89e0-SegmentedRaftLogWorker:Storage Directory /workdir/hadoop-ozone/integration-test/target/test-dir/MiniOzoneClusterImpl-5e904719-a08a-4eb0-9523-00d8d6adb52c/datanode-1/data/ratis/5fec00bd-b7e8-44ff-879d-d56295e18c3d: flushIndex: setUnconditionally 0 -> -1
2019-07-30 19:24:27,871 INFO  server.RaftServerConfigKeys (ConfUtils.java:logGet(43)) - raft.server.retrycache.expirytime = 600000ms (custom)
2019-07-30 19:24:27,874 INFO  impl.RaftServerImpl (RaftServerImpl.java:start(180)) - 0d2a94fb-2d77-4fa7-a5c5-a38a0a96ae2a: start group-D56295E18C3D
2019-07-30 19:24:27,874 INFO  server.RaftServerConfigKeys (ConfUtils.java:logGet(43)) - raft.server.snapshot.auto.trigger.enabled = true (custom)
2019-07-30 19:24:27,874 INFO  impl.RaftServerImpl (RaftServerImpl.java:setRole(171)) - 0d2a94fb-2d77-4fa7-a5c5-a38a0a96ae2a:group-D56295E18C3D changes role from null to FOLLOWER at term 0 for startAsFollower
2019-07-30 19:24:27,874 INFO  server.RaftServerConfigKeys (ConfUtils.java:logGet(43)) - raft.server.snapshot.auto.trigger.threshold = 10000 (custom)
2019-07-30 19:24:27,874 INFO  impl.RoleInfo (RoleInfo.java:updateAndGet(143)) - 0d2a94fb-2d77-4fa7-a5c5-a38a0a96ae2a: start FollowerState
2019-07-30 19:24:27,874 INFO  server.RaftServerConfigKeys (ConfUtils.java:logGet(43)) - raft.server.retrycache.expirytime = 600000ms (custom)
2019-07-30 19:24:27,875 INFO  impl.RaftServerImpl (RaftServerImpl.java:start(180)) - 5152d23a-019f-4fdf-ad40-44f3a5af89e0: start group-D56295E18C3D
2019-07-30 19:24:27,875 INFO  util.JmxRegister (JmxRegister.java:tryRegister(44)) - Successfully registered JMX Bean with object name Ratis:service=RaftServer,group=group-D56295E18C3D,id=0d2a94fb-2d77-4fa7-a5c5-a38a0a96ae2a
2019-07-30 19:24:27,875 INFO  impl.RaftServerImpl (RaftServerImpl.java:setRole(171)) - 5152d23a-019f-4fdf-ad40-44f3a5af89e0:group-D56295E18C3D changes role from null to FOLLOWER at term 0 for startAsFollower
2019-07-30 19:24:27,875 INFO  impl.RoleInfo (RoleInfo.java:updateAndGet(143)) - 5152d23a-019f-4fdf-ad40-44f3a5af89e0: start FollowerState
2019-07-30 19:24:27,876 INFO  util.JmxRegister (JmxRegister.java:tryRegister(44)) - Successfully registered JMX Bean with object name Ratis:service=RaftServer,group=group-D56295E18C3D,id=5152d23a-019f-4fdf-ad40-44f3a5af89e0
2019-07-30 19:24:27,883 INFO  pipeline.PipelineStateManager (PipelineStateManager.java:addPipeline(56)) - Created pipeline Pipeline[ Id: 5fec00bd-b7e8-44ff-879d-d56295e18c3d, Nodes: 0d2a94fb-2d77-4fa7-a5c5-a38a0a96ae2a{ip: 192.168.5.147, host: byscane-nightly-d7s94-1643579034, networkLocation: /default-rack, certSerialId: null}5152d23a-019f-4fdf-ad40-44f3a5af89e0{ip: 192.168.5.147, host: byscane-nightly-d7s94-1643579034, networkLocation: /default-rack, certSerialId: null}d78c5311-1ee2-41ae-b3e0-25a7764f2197{ip: 192.168.5.147, host: byscane-nightly-d7s94-1643579034, networkLocation: /default-rack, certSerialId: null}, Type:RATIS, Factor:THREE, State:OPEN]
2019-07-30 19:24:28,004 INFO  net.NetworkTopology (NetworkTopologyImpl.java:add(110)) - Added a new node: /default-rack/6615b6ad-88ee-4030-9311-adc02a0cbf11
2019-07-30 19:24:28,004 INFO  node.SCMNodeManager (SCMNodeManager.java:register(273)) - Registered Data node : 6615b6ad-88ee-4030-9311-adc02a0cbf11{ip: 192.168.5.147, host: byscane-nightly-d7s94-1643579034, networkLocation: /default-rack, certSerialId: null}
2019-07-30 19:24:28,014 INFO  impl.RaftServerProxy (RaftServerProxy.java:addNew(89)) - 6615b6ad-88ee-4030-9311-adc02a0cbf11: addNew group-003815ABCBB1:[6615b6ad-88ee-4030-9311-adc02a0cbf11:192.168.5.147:36190] returns group-003815ABCBB1:java.util.concurrent.CompletableFuture@7ca9bc67[Not completed]
2019-07-30 19:24:28,020 INFO  impl.RaftServerImpl (RaftServerImpl.java:<init>(93)) - 6615b6ad-88ee-4030-9311-adc02a0cbf11: new RaftServerImpl for group-003815ABCBB1:[6615b6ad-88ee-4030-9311-adc02a0cbf11:192.168.5.147:36190] with ContainerStateMachine:uninitialized
2019-07-30 19:24:28,020 INFO  server.RaftServerConfigKeys (ConfUtils.java:logGet(43)) - raft.server.rpc.timeout.min = 5s (custom)
2019-07-30 19:24:28,020 INFO  server.RaftServerConfigKeys (ConfUtils.java:logGet(43)) - raft.server.rpc.timeout.max = 5200ms (custom)
2019-07-30 19:24:28,020 INFO  server.RaftServerConfigKeys (ConfUtils.java:logGet(43)) - raft.server.rpcslowness.timeout = 120s (custom)
2019-07-30 19:24:28,020 INFO  server.RaftServerConfigKeys (ConfUtils.java:logGet(43)) - raft.server.sleep.deviation.threshold = 300 (default)
2019-07-30 19:24:28,020 INFO  server.RaftServerConfigKeys (ConfUtils.java:logGet(43)) - raft.server.log.appender.install.snapshot.enabled = false (custom)
2019-07-30 19:24:28,021 INFO  impl.RaftServerImpl (ServerState.java:<init>(105)) - 6615b6ad-88ee-4030-9311-adc02a0cbf11:group-003815ABCBB1 ConfigurationManager, init=-1: [6615b6ad-88ee-4030-9311-adc02a0cbf11:192.168.5.147:36190], old=null, confs=<EMPTY_MAP>
2019-07-30 19:24:28,021 INFO  server.RaftServerConfigKeys (ConfUtils.java:logGet(43)) - raft.server.storage.dir = [/workdir/hadoop-ozone/integration-test/target/test-dir/MiniOzoneClusterImpl-5e904719-a08a-4eb0-9523-00d8d6adb52c/datanode-3/data/ratis] (custom)
2019-07-30 19:24:28,021 INFO  storage.RaftStorageDirectory (RaftStorageDirectory.java:analyzeStorage(246)) - The storage directory /workdir/hadoop-ozone/integration-test/target/test-dir/MiniOzoneClusterImpl-5e904719-a08a-4eb0-9523-00d8d6adb52c/datanode-3/data/ratis/e76a74d4-3a09-4b4b-8f5f-003815abcbb1 does not exist. Creating ...
2019-07-30 19:24:28,028 INFO  storage.RaftStorageDirectory (RaftStorageDirectory.java:tryLock(328)) - Lock on /workdir/hadoop-ozone/integration-test/target/test-dir/MiniOzoneClusterImpl-5e904719-a08a-4eb0-9523-00d8d6adb52c/datanode-3/data/ratis/e76a74d4-3a09-4b4b-8f5f-003815abcbb1/in_use.lock acquired by nodename 6387@byscane-nightly-d7s94-1643579034
2019-07-30 19:24:28,031 INFO  storage.RaftStorage (RaftStorage.java:format(72)) - Storage directory /workdir/hadoop-ozone/integration-test/target/test-dir/MiniOzoneClusterImpl-5e904719-a08a-4eb0-9523-00d8d6adb52c/datanode-3/data/ratis/e76a74d4-3a09-4b4b-8f5f-003815abcbb1 has been successfully formatted.
2019-07-30 19:24:28,032 INFO  ratis.ContainerStateMachine (ContainerStateMachine.java:loadSnapshot(213)) - group-003815ABCBB1: The snapshot info is null. Setting the last applied indexto:(t:0, i:~)
2019-07-30 19:24:28,032 INFO  server.RaftServerConfigKeys (ConfUtils.java:logGet(43)) - raft.server.leader.election.timeout = 120s (custom)
2019-07-30 19:24:28,032 INFO  server.RaftServerConfigKeys (ConfUtils.java:logGet(43)) - raft.server.log.use.memory = false (default)
2019-07-30 19:24:28,032 INFO  server.RaftServerConfigKeys (ConfUtils.java:logGet(43)) - raft.server.log.purge.gap = 1000000000 (custom)
2019-07-30 19:24:28,032 INFO  server.RaftServerConfigKeys (ConfUtils.java:logGet(43)) - raft.server.log.appender.buffer.byte-limit = 33554432 (custom)
2019-07-30 19:24:28,033 INFO  server.RaftServerConfigKeys (ConfUtils.java:logGet(43)) - raft.server.log.segment.size.max = 1048576 (custom)
2019-07-30 19:24:28,033 INFO  server.RaftServerConfigKeys (ConfUtils.java:logGet(43)) - raft.server.log.segment.cache.num.max = 2 (custom)
2019-07-30 19:24:28,033 INFO  segmented.SegmentedRaftLogWorker (SegmentedRaftLogWorker.java:<init>(172)) - new 6615b6ad-88ee-4030-9311-adc02a0cbf11-SegmentedRaftLogWorker:Storage Directory /workdir/hadoop-ozone/integration-test/target/test-dir/MiniOzoneClusterImpl-5e904719-a08a-4eb0-9523-00d8d6adb52c/datanode-3/data/ratis/e76a74d4-3a09-4b4b-8f5f-003815abcbb1 for RaftStorage:Storage Directory /workdir/hadoop-ozone/integration-test/target/test-dir/MiniOzoneClusterImpl-5e904719-a08a-4eb0-9523-00d8d6adb52c/datanode-3/data/ratis/e76a74d4-3a09-4b4b-8f5f-003815abcbb1
2019-07-30 19:24:28,033 INFO  server.RaftServerConfigKeys (ConfUtils.java:logGet(43)) - raft.server.log.queue.byte-limit = 2147483647 (custom)
2019-07-30 19:24:28,033 INFO  server.RaftServerConfigKeys (ConfUtils.java:logGet(43)) - raft.server.log.queue.element-limit = 1024 (custom)
2019-07-30 19:24:28,034 INFO  server.RaftServerConfigKeys (ConfUtils.java:logGet(43)) - raft.server.log.segment.size.max = 1048576 (custom)
2019-07-30 19:24:28,034 INFO  server.RaftServerConfigKeys (ConfUtils.java:logGet(43)) - raft.server.log.preallocated.size = 16384 (custom)
2019-07-30 19:24:28,034 INFO  server.RaftServerConfigKeys (ConfUtils.java:logGet(43)) - raft.server.log.write.buffer.size = 33554432 (custom)
2019-07-30 19:24:28,034 INFO  server.RaftServerConfigKeys (ConfUtils.java:logGet(43)) - raft.server.log.force.sync.num = 128 (default)
2019-07-30 19:24:28,034 INFO  server.RaftServerConfigKeys (ConfUtils.java:logGet(43)) - raft.server.log.statemachine.data.sync = true (default)
2019-07-30 19:24:28,034 INFO  server.RaftServerConfigKeys (ConfUtils.java:logGet(43)) - raft.server.log.statemachine.data.sync.timeout = 10s (default)
2019-07-30 19:24:28,035 INFO  server.RaftServerConfigKeys (ConfUtils.java:logGet(43)) - raft.server.log.statemachine.data.sync.timeout.retry = -1 (default)
2019-07-30 19:24:28,035 INFO  server.RaftServerConfigKeys (ConfUtils.java:logGet(43)) - raft.server.log.statemachine.data.caching.enabled = true (custom)
2019-07-30 19:24:28,035 INFO  segmented.SegmentedRaftLogWorker (SegmentedRaftLogWorker.java:lambda$new$0(132)) - 6615b6ad-88ee-4030-9311-adc02a0cbf11-SegmentedRaftLogWorker:Storage Directory /workdir/hadoop-ozone/integration-test/target/test-dir/MiniOzoneClusterImpl-5e904719-a08a-4eb0-9523-00d8d6adb52c/datanode-3/data/ratis/e76a74d4-3a09-4b4b-8f5f-003815abcbb1: flushIndex: setUnconditionally 0 -> -1
2019-07-30 19:24:28,036 INFO  server.RaftServerConfigKeys (ConfUtils.java:logGet(43)) - raft.server.snapshot.auto.trigger.enabled = true (custom)
2019-07-30 19:24:28,036 INFO  server.RaftServerConfigKeys (ConfUtils.java:logGet(43)) - raft.server.snapshot.auto.trigger.threshold = 10000 (custom)
2019-07-30 19:24:28,036 INFO  server.RaftServerConfigKeys (ConfUtils.java:logGet(43)) - raft.server.retrycache.expirytime = 600000ms (custom)
2019-07-30 19:24:28,037 INFO  impl.RaftServerImpl (RaftServerImpl.java:start(180)) - 6615b6ad-88ee-4030-9311-adc02a0cbf11: start group-003815ABCBB1
2019-07-30 19:24:28,037 INFO  impl.RaftServerImpl (RaftServerImpl.java:setRole(171)) - 6615b6ad-88ee-4030-9311-adc02a0cbf11:group-003815ABCBB1 changes role from null to FOLLOWER at term 0 for startAsFollower
2019-07-30 19:24:28,037 INFO  impl.RoleInfo (RoleInfo.java:updateAndGet(143)) - 6615b6ad-88ee-4030-9311-adc02a0cbf11: start FollowerState
2019-07-30 19:24:28,038 INFO  util.JmxRegister (JmxRegister.java:tryRegister(44)) - Successfully registered JMX Bean with object name Ratis:service=RaftServer,group=group-003815ABCBB1,id=6615b6ad-88ee-4030-9311-adc02a0cbf11
2019-07-30 19:24:28,043 INFO  pipeline.PipelineStateManager (PipelineStateManager.java:addPipeline(56)) - Created pipeline Pipeline[ Id: e76a74d4-3a09-4b4b-8f5f-003815abcbb1, Nodes: 6615b6ad-88ee-4030-9311-adc02a0cbf11{ip: 192.168.5.147, host: byscane-nightly-d7s94-1643579034, networkLocation: /default-rack, certSerialId: null}, Type:RATIS, Factor:ONE, State:OPEN]
2019-07-30 19:24:28,399 INFO  net.NetworkTopology (NetworkTopologyImpl.java:add(110)) - Added a new node: /default-rack/f441f724-e66f-4c24-bd50-28b7c9ee9ce6
2019-07-30 19:24:28,399 INFO  node.SCMNodeManager (SCMNodeManager.java:register(273)) - Registered Data node : f441f724-e66f-4c24-bd50-28b7c9ee9ce6{ip: 192.168.5.147, host: byscane-nightly-d7s94-1643579034, networkLocation: /default-rack, certSerialId: null}
2019-07-30 19:24:28,411 INFO  impl.RaftServerProxy (RaftServerProxy.java:addNew(89)) - f441f724-e66f-4c24-bd50-28b7c9ee9ce6: addNew group-189F26C135B3:[f441f724-e66f-4c24-bd50-28b7c9ee9ce6:192.168.5.147:33032] returns group-189F26C135B3:java.util.concurrent.CompletableFuture@58a77a71[Not completed]
2019-07-30 19:24:28,418 INFO  impl.RaftServerImpl (RaftServerImpl.java:<init>(93)) - f441f724-e66f-4c24-bd50-28b7c9ee9ce6: new RaftServerImpl for group-189F26C135B3:[f441f724-e66f-4c24-bd50-28b7c9ee9ce6:192.168.5.147:33032] with ContainerStateMachine:uninitialized
2019-07-30 19:24:28,418 INFO  server.RaftServerConfigKeys (ConfUtils.java:logGet(43)) - raft.server.rpc.timeout.min = 5s (custom)
2019-07-30 19:24:28,418 INFO  server.RaftServerConfigKeys (ConfUtils.java:logGet(43)) - raft.server.rpc.timeout.max = 5200ms (custom)
2019-07-30 19:24:28,418 INFO  server.RaftServerConfigKeys (ConfUtils.java:logGet(43)) - raft.server.rpcslowness.timeout = 120s (custom)
2019-07-30 19:24:28,419 INFO  server.RaftServerConfigKeys (ConfUtils.java:logGet(43)) - raft.server.sleep.deviation.threshold = 300 (default)
2019-07-30 19:24:28,419 INFO  server.RaftServerConfigKeys (ConfUtils.java:logGet(43)) - raft.server.log.appender.install.snapshot.enabled = false (custom)
2019-07-30 19:24:28,419 INFO  impl.RaftServerImpl (ServerState.java:<init>(105)) - f441f724-e66f-4c24-bd50-28b7c9ee9ce6:group-189F26C135B3 ConfigurationManager, init=-1: [f441f724-e66f-4c24-bd50-28b7c9ee9ce6:192.168.5.147:33032], old=null, confs=<EMPTY_MAP>
2019-07-30 19:24:28,419 INFO  server.RaftServerConfigKeys (ConfUtils.java:logGet(43)) - raft.server.storage.dir = [/workdir/hadoop-ozone/integration-test/target/test-dir/MiniOzoneClusterImpl-5e904719-a08a-4eb0-9523-00d8d6adb52c/datanode-4/data/ratis] (custom)
2019-07-30 19:24:28,420 INFO  storage.RaftStorageDirectory (RaftStorageDirectory.java:analyzeStorage(246)) - The storage directory /workdir/hadoop-ozone/integration-test/target/test-dir/MiniOzoneClusterImpl-5e904719-a08a-4eb0-9523-00d8d6adb52c/datanode-4/data/ratis/7ecd6255-1b16-4a84-822e-189f26c135b3 does not exist. Creating ...
2019-07-30 19:24:28,434 INFO  storage.RaftStorageDirectory (RaftStorageDirectory.java:tryLock(328)) - Lock on /workdir/hadoop-ozone/integration-test/target/test-dir/MiniOzoneClusterImpl-5e904719-a08a-4eb0-9523-00d8d6adb52c/datanode-4/data/ratis/7ecd6255-1b16-4a84-822e-189f26c135b3/in_use.lock acquired by nodename 6387@byscane-nightly-d7s94-1643579034
2019-07-30 19:24:28,437 INFO  storage.RaftStorage (RaftStorage.java:format(72)) - Storage directory /workdir/hadoop-ozone/integration-test/target/test-dir/MiniOzoneClusterImpl-5e904719-a08a-4eb0-9523-00d8d6adb52c/datanode-4/data/ratis/7ecd6255-1b16-4a84-822e-189f26c135b3 has been successfully formatted.
2019-07-30 19:24:28,438 INFO  ratis.ContainerStateMachine (ContainerStateMachine.java:loadSnapshot(213)) - group-189F26C135B3: The snapshot info is null. Setting the last applied indexto:(t:0, i:~)
2019-07-30 19:24:28,438 INFO  server.RaftServerConfigKeys (ConfUtils.java:logGet(43)) - raft.server.leader.election.timeout = 120s (custom)
2019-07-30 19:24:28,438 INFO  server.RaftServerConfigKeys (ConfUtils.java:logGet(43)) - raft.server.log.use.memory = false (default)
2019-07-30 19:24:28,438 INFO  server.RaftServerConfigKeys (ConfUtils.java:logGet(43)) - raft.server.log.purge.gap = 1000000000 (custom)
2019-07-30 19:24:28,439 INFO  server.RaftServerConfigKeys (ConfUtils.java:logGet(43)) - raft.server.log.appender.buffer.byte-limit = 33554432 (custom)
2019-07-30 19:24:28,439 INFO  server.RaftServerConfigKeys (ConfUtils.java:logGet(43)) - raft.server.log.segment.size.max = 1048576 (custom)
2019-07-30 19:24:28,439 INFO  server.RaftServerConfigKeys (ConfUtils.java:logGet(43)) - raft.server.log.segment.cache.num.max = 2 (custom)
2019-07-30 19:24:28,439 INFO  segmented.SegmentedRaftLogWorker (SegmentedRaftLogWorker.java:<init>(172)) - new f441f724-e66f-4c24-bd50-28b7c9ee9ce6-SegmentedRaftLogWorker:Storage Directory /workdir/hadoop-ozone/integration-test/target/test-dir/MiniOzoneClusterImpl-5e904719-a08a-4eb0-9523-00d8d6adb52c/datanode-4/data/ratis/7ecd6255-1b16-4a84-822e-189f26c135b3 for RaftStorage:Storage Directory /workdir/hadoop-ozone/integration-test/target/test-dir/MiniOzoneClusterImpl-5e904719-a08a-4eb0-9523-00d8d6adb52c/datanode-4/data/ratis/7ecd6255-1b16-4a84-822e-189f26c135b3
2019-07-30 19:24:28,439 INFO  server.RaftServerConfigKeys (ConfUtils.java:logGet(43)) - raft.server.log.queue.byte-limit = 2147483647 (custom)
2019-07-30 19:24:28,439 INFO  server.RaftServerConfigKeys (ConfUtils.java:logGet(43)) - raft.server.log.queue.element-limit = 1024 (custom)
2019-07-30 19:24:28,440 INFO  server.RaftServerConfigKeys (ConfUtils.java:logGet(43)) - raft.server.log.segment.size.max = 1048576 (custom)
2019-07-30 19:24:28,440 INFO  server.RaftServerConfigKeys (ConfUtils.java:logGet(43)) - raft.server.log.preallocated.size = 16384 (custom)
2019-07-30 19:24:28,440 INFO  server.RaftServerConfigKeys (ConfUtils.java:logGet(43)) - raft.server.log.write.buffer.size = 33554432 (custom)
2019-07-30 19:24:28,440 INFO  server.RaftServerConfigKeys (ConfUtils.java:logGet(43)) - raft.server.log.force.sync.num = 128 (default)
2019-07-30 19:24:28,440 INFO  server.RaftServerConfigKeys (ConfUtils.java:logGet(43)) - raft.server.log.statemachine.data.sync = true (default)
2019-07-30 19:24:28,441 INFO  server.RaftServerConfigKeys (ConfUtils.java:logGet(43)) - raft.server.log.statemachine.data.sync.timeout = 10s (default)
2019-07-30 19:24:28,441 INFO  server.RaftServerConfigKeys (ConfUtils.java:logGet(43)) - raft.server.log.statemachine.data.sync.timeout.retry = -1 (default)
2019-07-30 19:24:28,441 INFO  server.RaftServerConfigKeys (ConfUtils.java:logGet(43)) - raft.server.log.statemachine.data.caching.enabled = true (custom)
2019-07-30 19:24:28,442 INFO  segmented.SegmentedRaftLogWorker (SegmentedRaftLogWorker.java:lambda$new$0(132)) - f441f724-e66f-4c24-bd50-28b7c9ee9ce6-SegmentedRaftLogWorker:Storage Directory /workdir/hadoop-ozone/integration-test/target/test-dir/MiniOzoneClusterImpl-5e904719-a08a-4eb0-9523-00d8d6adb52c/datanode-4/data/ratis/7ecd6255-1b16-4a84-822e-189f26c135b3: flushIndex: setUnconditionally 0 -> -1
2019-07-30 19:24:28,442 INFO  server.RaftServerConfigKeys (ConfUtils.java:logGet(43)) - raft.server.snapshot.auto.trigger.enabled = true (custom)
2019-07-30 19:24:28,442 INFO  server.RaftServerConfigKeys (ConfUtils.java:logGet(43)) - raft.server.snapshot.auto.trigger.threshold = 10000 (custom)
2019-07-30 19:24:28,442 INFO  server.RaftServerConfigKeys (ConfUtils.java:logGet(43)) - raft.server.retrycache.expirytime = 600000ms (custom)
2019-07-30 19:24:28,443 INFO  impl.RaftServerImpl (RaftServerImpl.java:start(180)) - f441f724-e66f-4c24-bd50-28b7c9ee9ce6: start group-189F26C135B3
2019-07-30 19:24:28,443 INFO  impl.RaftServerImpl (RaftServerImpl.java:setRole(171)) - f441f724-e66f-4c24-bd50-28b7c9ee9ce6:group-189F26C135B3 changes role from null to FOLLOWER at term 0 for startAsFollower
2019-07-30 19:24:28,443 INFO  impl.RoleInfo (RoleInfo.java:updateAndGet(143)) - f441f724-e66f-4c24-bd50-28b7c9ee9ce6: start FollowerState
2019-07-30 19:24:28,443 INFO  util.JmxRegister (JmxRegister.java:tryRegister(44)) - Successfully registered JMX Bean with object name Ratis:service=RaftServer,group=group-189F26C135B3,id=f441f724-e66f-4c24-bd50-28b7c9ee9ce6
2019-07-30 19:24:28,449 INFO  pipeline.PipelineStateManager (PipelineStateManager.java:addPipeline(56)) - Created pipeline Pipeline[ Id: 7ecd6255-1b16-4a84-822e-189f26c135b3, Nodes: f441f724-e66f-4c24-bd50-28b7c9ee9ce6{ip: 192.168.5.147, host: byscane-nightly-d7s94-1643579034, networkLocation: /default-rack, certSerialId: null}, Type:RATIS, Factor:ONE, State:OPEN]
2019-07-30 19:24:28,579 INFO  net.NetworkTopology (NetworkTopologyImpl.java:add(110)) - Added a new node: /default-rack/caa8b8d2-d638-4306-8dd7-ea5e547edd63
2019-07-30 19:24:28,580 INFO  node.SCMNodeManager (SCMNodeManager.java:register(273)) - Registered Data node : caa8b8d2-d638-4306-8dd7-ea5e547edd63{ip: 192.168.5.147, host: byscane-nightly-d7s94-1643579034, networkLocation: /default-rack, certSerialId: null}
2019-07-30 19:24:28,589 INFO  impl.RaftServerProxy (RaftServerProxy.java:addNew(89)) - caa8b8d2-d638-4306-8dd7-ea5e547edd63: addNew group-4992E6AA020E:[caa8b8d2-d638-4306-8dd7-ea5e547edd63:192.168.5.147:42983] returns group-4992E6AA020E:java.util.concurrent.CompletableFuture@45f01025[Not completed]
2019-07-30 19:24:28,595 INFO  impl.RaftServerImpl (RaftServerImpl.java:<init>(93)) - caa8b8d2-d638-4306-8dd7-ea5e547edd63: new RaftServerImpl for group-4992E6AA020E:[caa8b8d2-d638-4306-8dd7-ea5e547edd63:192.168.5.147:42983] with ContainerStateMachine:uninitialized
2019-07-30 19:24:28,595 INFO  server.RaftServerConfigKeys (ConfUtils.java:logGet(43)) - raft.server.rpc.timeout.min = 5s (custom)
2019-07-30 19:24:28,596 INFO  server.RaftServerConfigKeys (ConfUtils.java:logGet(43)) - raft.server.rpc.timeout.max = 5200ms (custom)
2019-07-30 19:24:28,596 INFO  server.RaftServerConfigKeys (ConfUtils.java:logGet(43)) - raft.server.rpcslowness.timeout = 120s (custom)
2019-07-30 19:24:28,596 INFO  server.RaftServerConfigKeys (ConfUtils.java:logGet(43)) - raft.server.sleep.deviation.threshold = 300 (default)
2019-07-30 19:24:28,596 INFO  server.RaftServerConfigKeys (ConfUtils.java:logGet(43)) - raft.server.log.appender.install.snapshot.enabled = false (custom)
2019-07-30 19:24:28,596 INFO  impl.RaftServerImpl (ServerState.java:<init>(105)) - caa8b8d2-d638-4306-8dd7-ea5e547edd63:group-4992E6AA020E ConfigurationManager, init=-1: [caa8b8d2-d638-4306-8dd7-ea5e547edd63:192.168.5.147:42983], old=null, confs=<EMPTY_MAP>
2019-07-30 19:24:28,597 INFO  server.RaftServerConfigKeys (ConfUtils.java:logGet(43)) - raft.server.storage.dir = [/workdir/hadoop-ozone/integration-test/target/test-dir/MiniOzoneClusterImpl-5e904719-a08a-4eb0-9523-00d8d6adb52c/datanode-5/data/ratis] (custom)
2019-07-30 19:24:28,597 INFO  storage.RaftStorageDirectory (RaftStorageDirectory.java:analyzeStorage(246)) - The storage directory /workdir/hadoop-ozone/integration-test/target/test-dir/MiniOzoneClusterImpl-5e904719-a08a-4eb0-9523-00d8d6adb52c/datanode-5/data/ratis/9777efa4-45f2-4eb6-a250-4992e6aa020e does not exist. Creating ...
2019-07-30 19:24:28,602 INFO  storage.RaftStorageDirectory (RaftStorageDirectory.java:tryLock(328)) - Lock on /workdir/hadoop-ozone/integration-test/target/test-dir/MiniOzoneClusterImpl-5e904719-a08a-4eb0-9523-00d8d6adb52c/datanode-5/data/ratis/9777efa4-45f2-4eb6-a250-4992e6aa020e/in_use.lock acquired by nodename 6387@byscane-nightly-d7s94-1643579034
2019-07-30 19:24:28,605 INFO  storage.RaftStorage (RaftStorage.java:format(72)) - Storage directory /workdir/hadoop-ozone/integration-test/target/test-dir/MiniOzoneClusterImpl-5e904719-a08a-4eb0-9523-00d8d6adb52c/datanode-5/data/ratis/9777efa4-45f2-4eb6-a250-4992e6aa020e has been successfully formatted.
2019-07-30 19:24:28,606 INFO  ratis.ContainerStateMachine (ContainerStateMachine.java:loadSnapshot(213)) - group-4992E6AA020E: The snapshot info is null. Setting the last applied indexto:(t:0, i:~)
2019-07-30 19:24:28,606 INFO  server.RaftServerConfigKeys (ConfUtils.java:logGet(43)) - raft.server.leader.election.timeout = 120s (custom)
2019-07-30 19:24:28,606 INFO  server.RaftServerConfigKeys (ConfUtils.java:logGet(43)) - raft.server.log.use.memory = false (default)
2019-07-30 19:24:28,606 INFO  server.RaftServerConfigKeys (ConfUtils.java:logGet(43)) - raft.server.log.purge.gap = 1000000000 (custom)
2019-07-30 19:24:28,607 INFO  server.RaftServerConfigKeys (ConfUtils.java:logGet(43)) - raft.server.log.appender.buffer.byte-limit = 33554432 (custom)
2019-07-30 19:24:28,608 INFO  server.RaftServerConfigKeys (ConfUtils.java:logGet(43)) - raft.server.log.segment.size.max = 1048576 (custom)
2019-07-30 19:24:28,608 INFO  server.RaftServerConfigKeys (ConfUtils.java:logGet(43)) - raft.server.log.segment.cache.num.max = 2 (custom)
2019-07-30 19:24:28,608 INFO  segmented.SegmentedRaftLogWorker (SegmentedRaftLogWorker.java:<init>(172)) - new caa8b8d2-d638-4306-8dd7-ea5e547edd63-SegmentedRaftLogWorker:Storage Directory /workdir/hadoop-ozone/integration-test/target/test-dir/MiniOzoneClusterImpl-5e904719-a08a-4eb0-9523-00d8d6adb52c/datanode-5/data/ratis/9777efa4-45f2-4eb6-a250-4992e6aa020e for RaftStorage:Storage Directory /workdir/hadoop-ozone/integration-test/target/test-dir/MiniOzoneClusterImpl-5e904719-a08a-4eb0-9523-00d8d6adb52c/datanode-5/data/ratis/9777efa4-45f2-4eb6-a250-4992e6aa020e
2019-07-30 19:24:28,608 INFO  server.RaftServerConfigKeys (ConfUtils.java:logGet(43)) - raft.server.log.queue.byte-limit = 2147483647 (custom)
2019-07-30 19:24:28,609 INFO  server.RaftServerConfigKeys (ConfUtils.java:logGet(43)) - raft.server.log.queue.element-limit = 1024 (custom)
2019-07-30 19:24:28,609 INFO  server.RaftServerConfigKeys (ConfUtils.java:logGet(43)) - raft.server.log.segment.size.max = 1048576 (custom)
2019-07-30 19:24:28,609 INFO  server.RaftServerConfigKeys (ConfUtils.java:logGet(43)) - raft.server.log.preallocated.size = 16384 (custom)
2019-07-30 19:24:28,609 INFO  server.RaftServerConfigKeys (ConfUtils.java:logGet(43)) - raft.server.log.write.buffer.size = 33554432 (custom)
2019-07-30 19:24:28,609 INFO  server.RaftServerConfigKeys (ConfUtils.java:logGet(43)) - raft.server.log.force.sync.num = 128 (default)
2019-07-30 19:24:28,610 INFO  server.RaftServerConfigKeys (ConfUtils.java:logGet(43)) - raft.server.log.statemachine.data.sync = true (default)
2019-07-30 19:24:28,610 INFO  server.RaftServerConfigKeys (ConfUtils.java:logGet(43)) - raft.server.log.statemachine.data.sync.timeout = 10s (default)
2019-07-30 19:24:28,610 INFO  server.RaftServerConfigKeys (ConfUtils.java:logGet(43)) - raft.server.log.statemachine.data.sync.timeout.retry = -1 (default)
2019-07-30 19:24:28,610 INFO  server.RaftServerConfigKeys (ConfUtils.java:logGet(43)) - raft.server.log.statemachine.data.caching.enabled = true (custom)
2019-07-30 19:24:28,611 INFO  segmented.SegmentedRaftLogWorker (SegmentedRaftLogWorker.java:lambda$new$0(132)) - caa8b8d2-d638-4306-8dd7-ea5e547edd63-SegmentedRaftLogWorker:Storage Directory /workdir/hadoop-ozone/integration-test/target/test-dir/MiniOzoneClusterImpl-5e904719-a08a-4eb0-9523-00d8d6adb52c/datanode-5/data/ratis/9777efa4-45f2-4eb6-a250-4992e6aa020e: flushIndex: setUnconditionally 0 -> -1
2019-07-30 19:24:28,611 INFO  server.RaftServerConfigKeys (ConfUtils.java:logGet(43)) - raft.server.snapshot.auto.trigger.enabled = true (custom)
2019-07-30 19:24:28,612 INFO  server.RaftServerConfigKeys (ConfUtils.java:logGet(43)) - raft.server.snapshot.auto.trigger.threshold = 10000 (custom)
2019-07-30 19:24:28,612 INFO  server.RaftServerConfigKeys (ConfUtils.java:logGet(43)) - raft.server.retrycache.expirytime = 600000ms (custom)
2019-07-30 19:24:28,612 INFO  impl.RaftServerImpl (RaftServerImpl.java:start(180)) - caa8b8d2-d638-4306-8dd7-ea5e547edd63: start group-4992E6AA020E
2019-07-30 19:24:28,612 INFO  impl.RaftServerImpl (RaftServerImpl.java:setRole(171)) - caa8b8d2-d638-4306-8dd7-ea5e547edd63:group-4992E6AA020E changes role from null to FOLLOWER at term 0 for startAsFollower
2019-07-30 19:24:28,612 INFO  impl.RoleInfo (RoleInfo.java:updateAndGet(143)) - caa8b8d2-d638-4306-8dd7-ea5e547edd63: start FollowerState
2019-07-30 19:24:28,613 INFO  util.JmxRegister (JmxRegister.java:tryRegister(44)) - Successfully registered JMX Bean with object name Ratis:service=RaftServer,group=group-4992E6AA020E,id=caa8b8d2-d638-4306-8dd7-ea5e547edd63
2019-07-30 19:24:28,618 INFO  pipeline.PipelineStateManager (PipelineStateManager.java:addPipeline(56)) - Created pipeline Pipeline[ Id: 9777efa4-45f2-4eb6-a250-4992e6aa020e, Nodes: caa8b8d2-d638-4306-8dd7-ea5e547edd63{ip: 192.168.5.147, host: byscane-nightly-d7s94-1643579034, networkLocation: /default-rack, certSerialId: null}, Type:RATIS, Factor:ONE, State:OPEN]
2019-07-30 19:24:28,637 INFO  impl.RaftServerProxy (RaftServerProxy.java:addNew(89)) - caa8b8d2-d638-4306-8dd7-ea5e547edd63: addNew group-8A033CC73848:[f441f724-e66f-4c24-bd50-28b7c9ee9ce6:192.168.5.147:33032, 6615b6ad-88ee-4030-9311-adc02a0cbf11:192.168.5.147:36190, caa8b8d2-d638-4306-8dd7-ea5e547edd63:192.168.5.147:42983] returns group-8A033CC73848:java.util.concurrent.CompletableFuture@daaea06[Not completed]
2019-07-30 19:24:28,638 INFO  impl.RaftServerProxy (RaftServerProxy.java:addNew(89)) - f441f724-e66f-4c24-bd50-28b7c9ee9ce6: addNew group-8A033CC73848:[f441f724-e66f-4c24-bd50-28b7c9ee9ce6:192.168.5.147:33032, 6615b6ad-88ee-4030-9311-adc02a0cbf11:192.168.5.147:36190, caa8b8d2-d638-4306-8dd7-ea5e547edd63:192.168.5.147:42983] returns group-8A033CC73848:java.util.concurrent.CompletableFuture@2a4bb5cd[Not completed]
2019-07-30 19:24:28,638 INFO  impl.RaftServerProxy (RaftServerProxy.java:addNew(89)) - 6615b6ad-88ee-4030-9311-adc02a0cbf11: addNew group-8A033CC73848:[f441f724-e66f-4c24-bd50-28b7c9ee9ce6:192.168.5.147:33032, 6615b6ad-88ee-4030-9311-adc02a0cbf11:192.168.5.147:36190, caa8b8d2-d638-4306-8dd7-ea5e547edd63:192.168.5.147:42983] returns group-8A033CC73848:java.util.concurrent.CompletableFuture@6e377bc2[Not completed]
2019-07-30 19:24:28,638 INFO  impl.RaftServerImpl (RaftServerImpl.java:<init>(93)) - caa8b8d2-d638-4306-8dd7-ea5e547edd63: new RaftServerImpl for group-8A033CC73848:[f441f724-e66f-4c24-bd50-28b7c9ee9ce6:192.168.5.147:33032, 6615b6ad-88ee-4030-9311-adc02a0cbf11:192.168.5.147:36190, caa8b8d2-d638-4306-8dd7-ea5e547edd63:192.168.5.147:42983] with ContainerStateMachine:uninitialized
2019-07-30 19:24:28,639 INFO  server.RaftServerConfigKeys (ConfUtils.java:logGet(43)) - raft.server.rpc.timeout.min = 5s (custom)
2019-07-30 19:24:28,639 INFO  server.RaftServerConfigKeys (ConfUtils.java:logGet(43)) - raft.server.rpc.timeout.max = 5200ms (custom)
2019-07-30 19:24:28,639 INFO  server.RaftServerConfigKeys (ConfUtils.java:logGet(43)) - raft.server.rpcslowness.timeout = 120s (custom)
2019-07-30 19:24:28,639 INFO  impl.RaftServerImpl (RaftServerImpl.java:<init>(93)) - f441f724-e66f-4c24-bd50-28b7c9ee9ce6: new RaftServerImpl for group-8A033CC73848:[f441f724-e66f-4c24-bd50-28b7c9ee9ce6:192.168.5.147:33032, 6615b6ad-88ee-4030-9311-adc02a0cbf11:192.168.5.147:36190, caa8b8d2-d638-4306-8dd7-ea5e547edd63:192.168.5.147:42983] with ContainerStateMachine:uninitialized
2019-07-30 19:24:28,639 INFO  server.RaftServerConfigKeys (ConfUtils.java:logGet(43)) - raft.server.sleep.deviation.threshold = 300 (default)
2019-07-30 19:24:28,639 INFO  server.RaftServerConfigKeys (ConfUtils.java:logGet(43)) - raft.server.rpc.timeout.min = 5s (custom)
2019-07-30 19:24:28,639 INFO  server.RaftServerConfigKeys (ConfUtils.java:logGet(43)) - raft.server.log.appender.install.snapshot.enabled = false (custom)
2019-07-30 19:24:28,640 INFO  impl.RaftServerImpl (RaftServerImpl.java:<init>(93)) - 6615b6ad-88ee-4030-9311-adc02a0cbf11: new RaftServerImpl for group-8A033CC73848:[f441f724-e66f-4c24-bd50-28b7c9ee9ce6:192.168.5.147:33032, 6615b6ad-88ee-4030-9311-adc02a0cbf11:192.168.5.147:36190, caa8b8d2-d638-4306-8dd7-ea5e547edd63:192.168.5.147:42983] with ContainerStateMachine:uninitialized
2019-07-30 19:24:28,640 INFO  server.RaftServerConfigKeys (ConfUtils.java:logGet(43)) - raft.server.rpc.timeout.max = 5200ms (custom)
2019-07-30 19:24:28,640 INFO  server.RaftServerConfigKeys (ConfUtils.java:logGet(43)) - raft.server.rpc.timeout.min = 5s (custom)
2019-07-30 19:24:28,640 INFO  impl.RaftServerImpl (ServerState.java:<init>(105)) - caa8b8d2-d638-4306-8dd7-ea5e547edd63:group-8A033CC73848 ConfigurationManager, init=-1: [f441f724-e66f-4c24-bd50-28b7c9ee9ce6:192.168.5.147:33032, 6615b6ad-88ee-4030-9311-adc02a0cbf11:192.168.5.147:36190, caa8b8d2-d638-4306-8dd7-ea5e547edd63:192.168.5.147:42983], old=null, confs=<EMPTY_MAP>
2019-07-30 19:24:28,640 INFO  server.RaftServerConfigKeys (ConfUtils.java:logGet(43)) - raft.server.rpc.timeout.max = 5200ms (custom)
2019-07-30 19:24:28,640 INFO  server.RaftServerConfigKeys (ConfUtils.java:logGet(43)) - raft.server.rpcslowness.timeout = 120s (custom)
2019-07-30 19:24:28,640 INFO  server.RaftServerConfigKeys (ConfUtils.java:logGet(43)) - raft.server.rpcslowness.timeout = 120s (custom)
2019-07-30 19:24:28,640 INFO  server.RaftServerConfigKeys (ConfUtils.java:logGet(43)) - raft.server.storage.dir = [/workdir/hadoop-ozone/integration-test/target/test-dir/MiniOzoneClusterImpl-5e904719-a08a-4eb0-9523-00d8d6adb52c/datanode-5/data/ratis] (custom)
2019-07-30 19:24:28,641 INFO  server.RaftServerConfigKeys (ConfUtils.java:logGet(43)) - raft.server.sleep.deviation.threshold = 300 (default)
2019-07-30 19:24:28,641 INFO  server.RaftServerConfigKeys (ConfUtils.java:logGet(43)) - raft.server.sleep.deviation.threshold = 300 (default)
2019-07-30 19:24:28,641 INFO  storage.RaftStorageDirectory (RaftStorageDirectory.java:analyzeStorage(246)) - The storage directory /workdir/hadoop-ozone/integration-test/target/test-dir/MiniOzoneClusterImpl-5e904719-a08a-4eb0-9523-00d8d6adb52c/datanode-5/data/ratis/3f198b00-defa-4515-9d02-8a033cc73848 does not exist. Creating ...
2019-07-30 19:24:28,641 INFO  server.RaftServerConfigKeys (ConfUtils.java:logGet(43)) - raft.server.log.appender.install.snapshot.enabled = false (custom)
2019-07-30 19:24:28,641 INFO  server.RaftServerConfigKeys (ConfUtils.java:logGet(43)) - raft.server.log.appender.install.snapshot.enabled = false (custom)
2019-07-30 19:24:28,642 INFO  impl.RaftServerImpl (ServerState.java:<init>(105)) - 6615b6ad-88ee-4030-9311-adc02a0cbf11:group-8A033CC73848 ConfigurationManager, init=-1: [f441f724-e66f-4c24-bd50-28b7c9ee9ce6:192.168.5.147:33032, 6615b6ad-88ee-4030-9311-adc02a0cbf11:192.168.5.147:36190, caa8b8d2-d638-4306-8dd7-ea5e547edd63:192.168.5.147:42983], old=null, confs=<EMPTY_MAP>
2019-07-30 19:24:28,642 INFO  impl.RaftServerImpl (ServerState.java:<init>(105)) - f441f724-e66f-4c24-bd50-28b7c9ee9ce6:group-8A033CC73848 ConfigurationManager, init=-1: [f441f724-e66f-4c24-bd50-28b7c9ee9ce6:192.168.5.147:33032, 6615b6ad-88ee-4030-9311-adc02a0cbf11:192.168.5.147:36190, caa8b8d2-d638-4306-8dd7-ea5e547edd63:192.168.5.147:42983], old=null, confs=<EMPTY_MAP>
2019-07-30 19:24:28,642 INFO  server.RaftServerConfigKeys (ConfUtils.java:logGet(43)) - raft.server.storage.dir = [/workdir/hadoop-ozone/integration-test/target/test-dir/MiniOzoneClusterImpl-5e904719-a08a-4eb0-9523-00d8d6adb52c/datanode-3/data/ratis] (custom)
2019-07-30 19:24:28,642 INFO  server.RaftServerConfigKeys (ConfUtils.java:logGet(43)) - raft.server.storage.dir = [/workdir/hadoop-ozone/integration-test/target/test-dir/MiniOzoneClusterImpl-5e904719-a08a-4eb0-9523-00d8d6adb52c/datanode-4/data/ratis] (custom)
2019-07-30 19:24:28,642 INFO  storage.RaftStorageDirectory (RaftStorageDirectory.java:analyzeStorage(246)) - The storage directory /workdir/hadoop-ozone/integration-test/target/test-dir/MiniOzoneClusterImpl-5e904719-a08a-4eb0-9523-00d8d6adb52c/datanode-3/data/ratis/3f198b00-defa-4515-9d02-8a033cc73848 does not exist. Creating ...
2019-07-30 19:24:28,643 INFO  storage.RaftStorageDirectory (RaftStorageDirectory.java:analyzeStorage(246)) - The storage directory /workdir/hadoop-ozone/integration-test/target/test-dir/MiniOzoneClusterImpl-5e904719-a08a-4eb0-9523-00d8d6adb52c/datanode-4/data/ratis/3f198b00-defa-4515-9d02-8a033cc73848 does not exist. Creating ...
2019-07-30 19:24:28,654 INFO  storage.RaftStorageDirectory (RaftStorageDirectory.java:tryLock(328)) - Lock on /workdir/hadoop-ozone/integration-test/target/test-dir/MiniOzoneClusterImpl-5e904719-a08a-4eb0-9523-00d8d6adb52c/datanode-5/data/ratis/3f198b00-defa-4515-9d02-8a033cc73848/in_use.lock acquired by nodename 6387@byscane-nightly-d7s94-1643579034
2019-07-30 19:24:28,654 INFO  storage.RaftStorageDirectory (RaftStorageDirectory.java:tryLock(328)) - Lock on /workdir/hadoop-ozone/integration-test/target/test-dir/MiniOzoneClusterImpl-5e904719-a08a-4eb0-9523-00d8d6adb52c/datanode-4/data/ratis/3f198b00-defa-4515-9d02-8a033cc73848/in_use.lock acquired by nodename 6387@byscane-nightly-d7s94-1643579034
2019-07-30 19:24:28,654 INFO  storage.RaftStorageDirectory (RaftStorageDirectory.java:tryLock(328)) - Lock on /workdir/hadoop-ozone/integration-test/target/test-dir/MiniOzoneClusterImpl-5e904719-a08a-4eb0-9523-00d8d6adb52c/datanode-3/data/ratis/3f198b00-defa-4515-9d02-8a033cc73848/in_use.lock acquired by nodename 6387@byscane-nightly-d7s94-1643579034
2019-07-30 19:24:28,661 INFO  storage.RaftStorage (RaftStorage.java:format(72)) - Storage directory /workdir/hadoop-ozone/integration-test/target/test-dir/MiniOzoneClusterImpl-5e904719-a08a-4eb0-9523-00d8d6adb52c/datanode-5/data/ratis/3f198b00-defa-4515-9d02-8a033cc73848 has been successfully formatted.
2019-07-30 19:24:28,661 INFO  storage.RaftStorage (RaftStorage.java:format(72)) - Storage directory /workdir/hadoop-ozone/integration-test/target/test-dir/MiniOzoneClusterImpl-5e904719-a08a-4eb0-9523-00d8d6adb52c/datanode-4/data/ratis/3f198b00-defa-4515-9d02-8a033cc73848 has been successfully formatted.
2019-07-30 19:24:28,661 INFO  storage.RaftStorage (RaftStorage.java:format(72)) - Storage directory /workdir/hadoop-ozone/integration-test/target/test-dir/MiniOzoneClusterImpl-5e904719-a08a-4eb0-9523-00d8d6adb52c/datanode-3/data/ratis/3f198b00-defa-4515-9d02-8a033cc73848 has been successfully formatted.
2019-07-30 19:24:28,661 INFO  ratis.ContainerStateMachine (ContainerStateMachine.java:loadSnapshot(213)) - group-8A033CC73848: The snapshot info is null. Setting the last applied indexto:(t:0, i:~)
2019-07-30 19:24:28,661 INFO  ratis.ContainerStateMachine (ContainerStateMachine.java:loadSnapshot(213)) - group-8A033CC73848: The snapshot info is null. Setting the last applied indexto:(t:0, i:~)
2019-07-30 19:24:28,661 INFO  server.RaftServerConfigKeys (ConfUtils.java:logGet(43)) - raft.server.leader.election.timeout = 120s (custom)
2019-07-30 19:24:28,661 INFO  ratis.ContainerStateMachine (ContainerStateMachine.java:loadSnapshot(213)) - group-8A033CC73848: The snapshot info is null. Setting the last applied indexto:(t:0, i:~)
2019-07-30 19:24:28,662 INFO  server.RaftServerConfigKeys (ConfUtils.java:logGet(43)) - raft.server.log.use.memory = false (default)
2019-07-30 19:24:28,662 INFO  server.RaftServerConfigKeys (ConfUtils.java:logGet(43)) - raft.server.leader.election.timeout = 120s (custom)
2019-07-30 19:24:28,662 INFO  server.RaftServerConfigKeys (ConfUtils.java:logGet(43)) - raft.server.log.purge.gap = 1000000000 (custom)
2019-07-30 19:24:28,662 INFO  server.RaftServerConfigKeys (ConfUtils.java:logGet(43)) - raft.server.leader.election.timeout = 120s (custom)
2019-07-30 19:24:28,662 INFO  server.RaftServerConfigKeys (ConfUtils.java:logGet(43)) - raft.server.log.appender.buffer.byte-limit = 33554432 (custom)
2019-07-30 19:24:28,662 INFO  server.RaftServerConfigKeys (ConfUtils.java:logGet(43)) - raft.server.log.use.memory = false (default)
2019-07-30 19:24:28,663 INFO  server.RaftServerConfigKeys (ConfUtils.java:logGet(43)) - raft.server.log.segment.size.max = 1048576 (custom)
2019-07-30 19:24:28,662 INFO  server.RaftServerConfigKeys (ConfUtils.java:logGet(43)) - raft.server.log.use.memory = false (default)
2019-07-30 19:24:28,663 INFO  server.RaftServerConfigKeys (ConfUtils.java:logGet(43)) - raft.server.log.segment.cache.num.max = 2 (custom)
2019-07-30 19:24:28,663 INFO  server.RaftServerConfigKeys (ConfUtils.java:logGet(43)) - raft.server.log.purge.gap = 1000000000 (custom)
2019-07-30 19:24:28,663 INFO  segmented.SegmentedRaftLogWorker (SegmentedRaftLogWorker.java:<init>(172)) - new f441f724-e66f-4c24-bd50-28b7c9ee9ce6-SegmentedRaftLogWorker:Storage Directory /workdir/hadoop-ozone/integration-test/target/test-dir/MiniOzoneClusterImpl-5e904719-a08a-4eb0-9523-00d8d6adb52c/datanode-4/data/ratis/3f198b00-defa-4515-9d02-8a033cc73848 for RaftStorage:Storage Directory /workdir/hadoop-ozone/integration-test/target/test-dir/MiniOzoneClusterImpl-5e904719-a08a-4eb0-9523-00d8d6adb52c/datanode-4/data/ratis/3f198b00-defa-4515-9d02-8a033cc73848
2019-07-30 19:24:28,663 INFO  server.RaftServerConfigKeys (ConfUtils.java:logGet(43)) - raft.server.log.purge.gap = 1000000000 (custom)
2019-07-30 19:24:28,663 INFO  server.RaftServerConfigKeys (ConfUtils.java:logGet(43)) - raft.server.log.queue.byte-limit = 2147483647 (custom)
2019-07-30 19:24:28,663 INFO  server.RaftServerConfigKeys (ConfUtils.java:logGet(43)) - raft.server.log.appender.buffer.byte-limit = 33554432 (custom)
2019-07-30 19:24:28,664 INFO  server.RaftServerConfigKeys (ConfUtils.java:logGet(43)) - raft.server.log.queue.element-limit = 1024 (custom)
2019-07-30 19:24:28,664 INFO  server.RaftServerConfigKeys (ConfUtils.java:logGet(43)) - raft.server.log.appender.buffer.byte-limit = 33554432 (custom)
2019-07-30 19:24:28,664 INFO  server.RaftServerConfigKeys (ConfUtils.java:logGet(43)) - raft.server.log.segment.size.max = 1048576 (custom)
2019-07-30 19:24:28,664 INFO  server.RaftServerConfigKeys (ConfUtils.java:logGet(43)) - raft.server.log.segment.size.max = 1048576 (custom)
2019-07-30 19:24:28,664 INFO  server.RaftServerConfigKeys (ConfUtils.java:logGet(43)) - raft.server.log.preallocated.size = 16384 (custom)
2019-07-30 19:24:28,664 INFO  server.RaftServerConfigKeys (ConfUtils.java:logGet(43)) - raft.server.log.segment.size.max = 1048576 (custom)
2019-07-30 19:24:28,665 INFO  server.RaftServerConfigKeys (ConfUtils.java:logGet(43)) - raft.server.log.write.buffer.size = 33554432 (custom)
2019-07-30 19:24:28,665 INFO  server.RaftServerConfigKeys (ConfUtils.java:logGet(43)) - raft.server.log.segment.cache.num.max = 2 (custom)
2019-07-30 19:24:28,665 INFO  server.RaftServerConfigKeys (ConfUtils.java:logGet(43)) - raft.server.log.force.sync.num = 128 (default)
2019-07-30 19:24:28,665 INFO  server.RaftServerConfigKeys (ConfUtils.java:logGet(43)) - raft.server.log.segment.cache.num.max = 2 (custom)
2019-07-30 19:24:28,665 INFO  server.RaftServerConfigKeys (ConfUtils.java:logGet(43)) - raft.server.log.statemachine.data.sync = true (default)
2019-07-30 19:24:28,665 INFO  segmented.SegmentedRaftLogWorker (SegmentedRaftLogWorker.java:<init>(172)) - new caa8b8d2-d638-4306-8dd7-ea5e547edd63-SegmentedRaftLogWorker:Storage Directory /workdir/hadoop-ozone/integration-test/target/test-dir/MiniOzoneClusterImpl-5e904719-a08a-4eb0-9523-00d8d6adb52c/datanode-5/data/ratis/3f198b00-defa-4515-9d02-8a033cc73848 for RaftStorage:Storage Directory /workdir/hadoop-ozone/integration-test/target/test-dir/MiniOzoneClusterImpl-5e904719-a08a-4eb0-9523-00d8d6adb52c/datanode-5/data/ratis/3f198b00-defa-4515-9d02-8a033cc73848
2019-07-30 19:24:28,666 INFO  server.RaftServerConfigKeys (ConfUtils.java:logGet(43)) - raft.server.log.statemachine.data.sync.timeout = 10s (default)
2019-07-30 19:24:28,665 INFO  segmented.SegmentedRaftLogWorker (SegmentedRaftLogWorker.java:<init>(172)) - new 6615b6ad-88ee-4030-9311-adc02a0cbf11-SegmentedRaftLogWorker:Storage Directory /workdir/hadoop-ozone/integration-test/target/test-dir/MiniOzoneClusterImpl-5e904719-a08a-4eb0-9523-00d8d6adb52c/datanode-3/data/ratis/3f198b00-defa-4515-9d02-8a033cc73848 for RaftStorage:Storage Directory /workdir/hadoop-ozone/integration-test/target/test-dir/MiniOzoneClusterImpl-5e904719-a08a-4eb0-9523-00d8d6adb52c/datanode-3/data/ratis/3f198b00-defa-4515-9d02-8a033cc73848
2019-07-30 19:24:28,666 INFO  server.RaftServerConfigKeys (ConfUtils.java:logGet(43)) - raft.server.log.statemachine.data.sync.timeout.retry = -1 (default)
2019-07-30 19:24:28,666 INFO  server.RaftServerConfigKeys (ConfUtils.java:logGet(43)) - raft.server.log.queue.byte-limit = 2147483647 (custom)
2019-07-30 19:24:28,666 INFO  server.RaftServerConfigKeys (ConfUtils.java:logGet(43)) - raft.server.log.statemachine.data.caching.enabled = true (custom)
2019-07-30 19:24:28,666 INFO  server.RaftServerConfigKeys (ConfUtils.java:logGet(43)) - raft.server.log.queue.byte-limit = 2147483647 (custom)
2019-07-30 19:24:28,667 INFO  segmented.SegmentedRaftLogWorker (SegmentedRaftLogWorker.java:lambda$new$0(132)) - f441f724-e66f-4c24-bd50-28b7c9ee9ce6-SegmentedRaftLogWorker:Storage Directory /workdir/hadoop-ozone/integration-test/target/test-dir/MiniOzoneClusterImpl-5e904719-a08a-4eb0-9523-00d8d6adb52c/datanode-4/data/ratis/3f198b00-defa-4515-9d02-8a033cc73848: flushIndex: setUnconditionally 0 -> -1
2019-07-30 19:24:28,666 INFO  server.RaftServerConfigKeys (ConfUtils.java:logGet(43)) - raft.server.log.queue.element-limit = 1024 (custom)
2019-07-30 19:24:28,667 INFO  server.RaftServerConfigKeys (ConfUtils.java:logGet(43)) - raft.server.log.queue.element-limit = 1024 (custom)
2019-07-30 19:24:28,667 INFO  server.RaftServerConfigKeys (ConfUtils.java:logGet(43)) - raft.server.snapshot.auto.trigger.enabled = true (custom)
2019-07-30 19:24:28,667 INFO  server.RaftServerConfigKeys (ConfUtils.java:logGet(43)) - raft.server.log.segment.size.max = 1048576 (custom)
2019-07-30 19:24:28,667 INFO  server.RaftServerConfigKeys (ConfUtils.java:logGet(43)) - raft.server.snapshot.auto.trigger.threshold = 10000 (custom)
2019-07-30 19:24:28,667 INFO  server.RaftServerConfigKeys (ConfUtils.java:logGet(43)) - raft.server.log.segment.size.max = 1048576 (custom)
2019-07-30 19:24:28,668 INFO  server.RaftServerConfigKeys (ConfUtils.java:logGet(43)) - raft.server.retrycache.expirytime = 600000ms (custom)
2019-07-30 19:24:28,667 INFO  server.RaftServerConfigKeys (ConfUtils.java:logGet(43)) - raft.server.log.preallocated.size = 16384 (custom)
2019-07-30 19:24:28,668 INFO  impl.RaftServerImpl (RaftServerImpl.java:start(180)) - f441f724-e66f-4c24-bd50-28b7c9ee9ce6: start group-8A033CC73848
2019-07-30 19:24:28,668 INFO  server.RaftServerConfigKeys (ConfUtils.java:logGet(43)) - raft.server.log.preallocated.size = 16384 (custom)
2019-07-30 19:24:28,668 INFO  impl.RaftServerImpl (RaftServerImpl.java:setRole(171)) - f441f724-e66f-4c24-bd50-28b7c9ee9ce6:group-8A033CC73848 changes role from null to FOLLOWER at term 0 for startAsFollower
2019-07-30 19:24:28,668 INFO  server.RaftServerConfigKeys (ConfUtils.java:logGet(43)) - raft.server.log.write.buffer.size = 33554432 (custom)
2019-07-30 19:24:28,668 INFO  impl.RoleInfo (RoleInfo.java:updateAndGet(143)) - f441f724-e66f-4c24-bd50-28b7c9ee9ce6: start FollowerState
2019-07-30 19:24:28,668 INFO  server.RaftServerConfigKeys (ConfUtils.java:logGet(43)) - raft.server.log.write.buffer.size = 33554432 (custom)
2019-07-30 19:24:28,668 INFO  server.RaftServerConfigKeys (ConfUtils.java:logGet(43)) - raft.server.log.force.sync.num = 128 (default)
2019-07-30 19:24:28,669 INFO  util.JmxRegister (JmxRegister.java:tryRegister(44)) - Successfully registered JMX Bean with object name Ratis:service=RaftServer,group=group-8A033CC73848,id=f441f724-e66f-4c24-bd50-28b7c9ee9ce6
2019-07-30 19:24:28,669 INFO  server.RaftServerConfigKeys (ConfUtils.java:logGet(43)) - raft.server.log.force.sync.num = 128 (default)
2019-07-30 19:24:28,669 INFO  server.RaftServerConfigKeys (ConfUtils.java:logGet(43)) - raft.server.log.statemachine.data.sync = true (default)
2019-07-30 19:24:28,669 INFO  server.RaftServerConfigKeys (ConfUtils.java:logGet(43)) - raft.server.log.statemachine.data.sync = true (default)
2019-07-30 19:24:28,669 INFO  server.RaftServerConfigKeys (ConfUtils.java:logGet(43)) - raft.server.log.statemachine.data.sync.timeout = 10s (default)
2019-07-30 19:24:28,670 INFO  server.RaftServerConfigKeys (ConfUtils.java:logGet(43)) - raft.server.log.statemachine.data.sync.timeout = 10s (default)
2019-07-30 19:24:28,670 INFO  server.RaftServerConfigKeys (ConfUtils.java:logGet(43)) - raft.server.log.statemachine.data.sync.timeout.retry = -1 (default)
2019-07-30 19:24:28,670 INFO  server.RaftServerConfigKeys (ConfUtils.java:logGet(43)) - raft.server.log.statemachine.data.sync.timeout.retry = -1 (default)
2019-07-30 19:24:28,670 INFO  server.RaftServerConfigKeys (ConfUtils.java:logGet(43)) - raft.server.log.statemachine.data.caching.enabled = true (custom)
2019-07-30 19:24:28,670 INFO  server.RaftServerConfigKeys (ConfUtils.java:logGet(43)) - raft.server.log.statemachine.data.caching.enabled = true (custom)
2019-07-30 19:24:28,670 INFO  segmented.SegmentedRaftLogWorker (SegmentedRaftLogWorker.java:lambda$new$0(132)) - caa8b8d2-d638-4306-8dd7-ea5e547edd63-SegmentedRaftLogWorker:Storage Directory /workdir/hadoop-ozone/integration-test/target/test-dir/MiniOzoneClusterImpl-5e904719-a08a-4eb0-9523-00d8d6adb52c/datanode-5/data/ratis/3f198b00-defa-4515-9d02-8a033cc73848: flushIndex: setUnconditionally 0 -> -1
2019-07-30 19:24:28,673 INFO  segmented.SegmentedRaftLogWorker (SegmentedRaftLogWorker.java:lambda$new$0(132)) - 6615b6ad-88ee-4030-9311-adc02a0cbf11-SegmentedRaftLogWorker:Storage Directory /workdir/hadoop-ozone/integration-test/target/test-dir/MiniOzoneClusterImpl-5e904719-a08a-4eb0-9523-00d8d6adb52c/datanode-3/data/ratis/3f198b00-defa-4515-9d02-8a033cc73848: flushIndex: setUnconditionally 0 -> -1
2019-07-30 19:24:28,673 INFO  server.RaftServerConfigKeys (ConfUtils.java:logGet(43)) - raft.server.snapshot.auto.trigger.enabled = true (custom)
2019-07-30 19:24:28,673 INFO  server.RaftServerConfigKeys (ConfUtils.java:logGet(43)) - raft.server.snapshot.auto.trigger.threshold = 10000 (custom)
2019-07-30 19:24:28,673 INFO  server.RaftServerConfigKeys (ConfUtils.java:logGet(43)) - raft.server.snapshot.auto.trigger.enabled = true (custom)
2019-07-30 19:24:28,673 INFO  server.RaftServerConfigKeys (ConfUtils.java:logGet(43)) - raft.server.retrycache.expirytime = 600000ms (custom)
2019-07-30 19:24:28,674 INFO  server.RaftServerConfigKeys (ConfUtils.java:logGet(43)) - raft.server.snapshot.auto.trigger.threshold = 10000 (custom)
2019-07-30 19:24:28,674 INFO  impl.RaftServerImpl (RaftServerImpl.java:start(180)) - caa8b8d2-d638-4306-8dd7-ea5e547edd63: start group-8A033CC73848
2019-07-30 19:24:28,674 INFO  server.RaftServerConfigKeys (ConfUtils.java:logGet(43)) - raft.server.retrycache.expirytime = 600000ms (custom)
2019-07-30 19:24:28,674 INFO  impl.RaftServerImpl (RaftServerImpl.java:setRole(171)) - caa8b8d2-d638-4306-8dd7-ea5e547edd63:group-8A033CC73848 changes role from null to FOLLOWER at term 0 for startAsFollower
2019-07-30 19:24:28,674 INFO  impl.RaftServerImpl (RaftServerImpl.java:start(180)) - 6615b6ad-88ee-4030-9311-adc02a0cbf11: start group-8A033CC73848
2019-07-30 19:24:28,674 INFO  impl.RoleInfo (RoleInfo.java:updateAndGet(143)) - caa8b8d2-d638-4306-8dd7-ea5e547edd63: start FollowerState
2019-07-30 19:24:28,674 INFO  impl.RaftServerImpl (RaftServerImpl.java:setRole(171)) - 6615b6ad-88ee-4030-9311-adc02a0cbf11:group-8A033CC73848 changes role from null to FOLLOWER at term 0 for startAsFollower
2019-07-30 19:24:28,675 INFO  impl.RoleInfo (RoleInfo.java:updateAndGet(143)) - 6615b6ad-88ee-4030-9311-adc02a0cbf11: start FollowerState
2019-07-30 19:24:28,675 INFO  util.JmxRegister (JmxRegister.java:tryRegister(44)) - Successfully registered JMX Bean with object name Ratis:service=RaftServer,group=group-8A033CC73848,id=caa8b8d2-d638-4306-8dd7-ea5e547edd63
2019-07-30 19:24:28,675 INFO  util.JmxRegister (JmxRegister.java:tryRegister(44)) - Successfully registered JMX Bean with object name Ratis:service=RaftServer,group=group-8A033CC73848,id=6615b6ad-88ee-4030-9311-adc02a0cbf11
2019-07-30 19:24:28,682 INFO  pipeline.PipelineStateManager (PipelineStateManager.java:addPipeline(56)) - Created pipeline Pipeline[ Id: 3f198b00-defa-4515-9d02-8a033cc73848, Nodes: caa8b8d2-d638-4306-8dd7-ea5e547edd63{ip: 192.168.5.147, host: byscane-nightly-d7s94-1643579034, networkLocation: /default-rack, certSerialId: null}f441f724-e66f-4c24-bd50-28b7c9ee9ce6{ip: 192.168.5.147, host: byscane-nightly-d7s94-1643579034, networkLocation: /default-rack, certSerialId: null}6615b6ad-88ee-4030-9311-adc02a0cbf11{ip: 192.168.5.147, host: byscane-nightly-d7s94-1643579034, networkLocation: /default-rack, certSerialId: null}, Type:RATIS, Factor:THREE, State:OPEN]
2019-07-30 19:24:28,758 INFO  ozone.MiniOzoneClusterImpl (MiniOzoneClusterImpl.java:lambda$waitForClusterToBeReady$0(142)) - Waiting for cluster to be ready. Got 6 of 7 DN Heartbeats.
2019-07-30 19:24:28,760 INFO  net.NetworkTopology (NetworkTopologyImpl.java:add(110)) - Added a new node: /default-rack/f94ed98b-697d-40e0-ba9b-85f65122946a
2019-07-30 19:24:28,761 INFO  node.SCMNodeManager (SCMNodeManager.java:register(273)) - Registered Data node : f94ed98b-697d-40e0-ba9b-85f65122946a{ip: 192.168.5.147, host: byscane-nightly-d7s94-1643579034, networkLocation: /default-rack, certSerialId: null}
2019-07-30 19:24:28,772 INFO  impl.RaftServerProxy (RaftServerProxy.java:addNew(89)) - f94ed98b-697d-40e0-ba9b-85f65122946a: addNew group-766C84C62C72:[f94ed98b-697d-40e0-ba9b-85f65122946a:192.168.5.147:34255] returns group-766C84C62C72:java.util.concurrent.CompletableFuture@37543110[Not completed]
2019-07-30 19:24:28,777 INFO  impl.RaftServerImpl (RaftServerImpl.java:<init>(93)) - f94ed98b-697d-40e0-ba9b-85f65122946a: new RaftServerImpl for group-766C84C62C72:[f94ed98b-697d-40e0-ba9b-85f65122946a:192.168.5.147:34255] with ContainerStateMachine:uninitialized
2019-07-30 19:24:28,777 INFO  server.RaftServerConfigKeys (ConfUtils.java:logGet(43)) - raft.server.rpc.timeout.min = 5s (custom)
2019-07-30 19:24:28,777 INFO  server.RaftServerConfigKeys (ConfUtils.java:logGet(43)) - raft.server.rpc.timeout.max = 5200ms (custom)
2019-07-30 19:24:28,777 INFO  server.RaftServerConfigKeys (ConfUtils.java:logGet(43)) - raft.server.rpcslowness.timeout = 120s (custom)
2019-07-30 19:24:28,777 INFO  server.RaftServerConfigKeys (ConfUtils.java:logGet(43)) - raft.server.sleep.deviation.threshold = 300 (default)
2019-07-30 19:24:28,777 INFO  server.RaftServerConfigKeys (ConfUtils.java:logGet(43)) - raft.server.log.appender.install.snapshot.enabled = false (custom)
2019-07-30 19:24:28,778 INFO  impl.RaftServerImpl (ServerState.java:<init>(105)) - f94ed98b-697d-40e0-ba9b-85f65122946a:group-766C84C62C72 ConfigurationManager, init=-1: [f94ed98b-697d-40e0-ba9b-85f65122946a:192.168.5.147:34255], old=null, confs=<EMPTY_MAP>
2019-07-30 19:24:28,778 INFO  server.RaftServerConfigKeys (ConfUtils.java:logGet(43)) - raft.server.storage.dir = [/workdir/hadoop-ozone/integration-test/target/test-dir/MiniOzoneClusterImpl-5e904719-a08a-4eb0-9523-00d8d6adb52c/datanode-6/data/ratis] (custom)
2019-07-30 19:24:28,778 INFO  storage.RaftStorageDirectory (RaftStorageDirectory.java:analyzeStorage(246)) - The storage directory /workdir/hadoop-ozone/integration-test/target/test-dir/MiniOzoneClusterImpl-5e904719-a08a-4eb0-9523-00d8d6adb52c/datanode-6/data/ratis/4653dece-d367-4545-b2f5-766c84c62c72 does not exist. Creating ...
2019-07-30 19:24:28,835 INFO  storage.RaftStorageDirectory (RaftStorageDirectory.java:tryLock(328)) - Lock on /workdir/hadoop-ozone/integration-test/target/test-dir/MiniOzoneClusterImpl-5e904719-a08a-4eb0-9523-00d8d6adb52c/datanode-6/data/ratis/4653dece-d367-4545-b2f5-766c84c62c72/in_use.lock acquired by nodename 6387@byscane-nightly-d7s94-1643579034
2019-07-30 19:24:28,848 INFO  storage.RaftStorage (RaftStorage.java:format(72)) - Storage directory /workdir/hadoop-ozone/integration-test/target/test-dir/MiniOzoneClusterImpl-5e904719-a08a-4eb0-9523-00d8d6adb52c/datanode-6/data/ratis/4653dece-d367-4545-b2f5-766c84c62c72 has been successfully formatted.
2019-07-30 19:24:28,848 INFO  ratis.ContainerStateMachine (ContainerStateMachine.java:loadSnapshot(213)) - group-766C84C62C72: The snapshot info is null. Setting the last applied indexto:(t:0, i:~)
2019-07-30 19:24:28,849 INFO  server.RaftServerConfigKeys (ConfUtils.java:logGet(43)) - raft.server.leader.election.timeout = 120s (custom)
2019-07-30 19:24:28,849 INFO  server.RaftServerConfigKeys (ConfUtils.java:logGet(43)) - raft.server.log.use.memory = false (default)
2019-07-30 19:24:28,849 INFO  server.RaftServerConfigKeys (ConfUtils.java:logGet(43)) - raft.server.log.purge.gap = 1000000000 (custom)
2019-07-30 19:24:28,849 INFO  server.RaftServerConfigKeys (ConfUtils.java:logGet(43)) - raft.server.log.appender.buffer.byte-limit = 33554432 (custom)
2019-07-30 19:24:28,849 INFO  server.RaftServerConfigKeys (ConfUtils.java:logGet(43)) - raft.server.log.segment.size.max = 1048576 (custom)
2019-07-30 19:24:28,850 INFO  server.RaftServerConfigKeys (ConfUtils.java:logGet(43)) - raft.server.log.segment.cache.num.max = 2 (custom)
2019-07-30 19:24:28,850 INFO  segmented.SegmentedRaftLogWorker (SegmentedRaftLogWorker.java:<init>(172)) - new f94ed98b-697d-40e0-ba9b-85f65122946a-SegmentedRaftLogWorker:Storage Directory /workdir/hadoop-ozone/integration-test/target/test-dir/MiniOzoneClusterImpl-5e904719-a08a-4eb0-9523-00d8d6adb52c/datanode-6/data/ratis/4653dece-d367-4545-b2f5-766c84c62c72 for RaftStorage:Storage Directory /workdir/hadoop-ozone/integration-test/target/test-dir/MiniOzoneClusterImpl-5e904719-a08a-4eb0-9523-00d8d6adb52c/datanode-6/data/ratis/4653dece-d367-4545-b2f5-766c84c62c72
2019-07-30 19:24:28,850 INFO  server.RaftServerConfigKeys (ConfUtils.java:logGet(43)) - raft.server.log.queue.byte-limit = 2147483647 (custom)
2019-07-30 19:24:28,850 INFO  server.RaftServerConfigKeys (ConfUtils.java:logGet(43)) - raft.server.log.queue.element-limit = 1024 (custom)
2019-07-30 19:24:28,850 INFO  server.RaftServerConfigKeys (ConfUtils.java:logGet(43)) - raft.server.log.segment.size.max = 1048576 (custom)
2019-07-30 19:24:28,851 INFO  server.RaftServerConfigKeys (ConfUtils.java:logGet(43)) - raft.server.log.preallocated.size = 16384 (custom)
2019-07-30 19:24:28,851 INFO  server.RaftServerConfigKeys (ConfUtils.java:logGet(43)) - raft.server.log.write.buffer.size = 33554432 (custom)
2019-07-30 19:24:28,851 INFO  server.RaftServerConfigKeys (ConfUtils.java:logGet(43)) - raft.server.log.force.sync.num = 128 (default)
2019-07-30 19:24:28,851 INFO  server.RaftServerConfigKeys (ConfUtils.java:logGet(43)) - raft.server.log.statemachine.data.sync = true (default)
2019-07-30 19:24:28,851 INFO  server.RaftServerConfigKeys (ConfUtils.java:logGet(43)) - raft.server.log.statemachine.data.sync.timeout = 10s (default)
2019-07-30 19:24:28,851 INFO  server.RaftServerConfigKeys (ConfUtils.java:logGet(43)) - raft.server.log.statemachine.data.sync.timeout.retry = -1 (default)
2019-07-30 19:24:28,852 INFO  server.RaftServerConfigKeys (ConfUtils.java:logGet(43)) - raft.server.log.statemachine.data.caching.enabled = true (custom)
2019-07-30 19:24:28,852 INFO  segmented.SegmentedRaftLogWorker (SegmentedRaftLogWorker.java:lambda$new$0(132)) - f94ed98b-697d-40e0-ba9b-85f65122946a-SegmentedRaftLogWorker:Storage Directory /workdir/hadoop-ozone/integration-test/target/test-dir/MiniOzoneClusterImpl-5e904719-a08a-4eb0-9523-00d8d6adb52c/datanode-6/data/ratis/4653dece-d367-4545-b2f5-766c84c62c72: flushIndex: setUnconditionally 0 -> -1
2019-07-30 19:24:28,852 INFO  server.RaftServerConfigKeys (ConfUtils.java:logGet(43)) - raft.server.snapshot.auto.trigger.enabled = true (custom)
2019-07-30 19:24:28,853 INFO  server.RaftServerConfigKeys (ConfUtils.java:logGet(43)) - raft.server.snapshot.auto.trigger.threshold = 10000 (custom)
2019-07-30 19:24:28,853 INFO  server.RaftServerConfigKeys (ConfUtils.java:logGet(43)) - raft.server.retrycache.expirytime = 600000ms (custom)
2019-07-30 19:24:28,853 INFO  impl.RaftServerImpl (RaftServerImpl.java:start(180)) - f94ed98b-697d-40e0-ba9b-85f65122946a: start group-766C84C62C72
2019-07-30 19:24:28,853 INFO  impl.RaftServerImpl (RaftServerImpl.java:setRole(171)) - f94ed98b-697d-40e0-ba9b-85f65122946a:group-766C84C62C72 changes role from null to FOLLOWER at term 0 for startAsFollower
2019-07-30 19:24:28,853 INFO  impl.RoleInfo (RoleInfo.java:updateAndGet(143)) - f94ed98b-697d-40e0-ba9b-85f65122946a: start FollowerState
2019-07-30 19:24:28,854 INFO  util.JmxRegister (JmxRegister.java:tryRegister(44)) - Successfully registered JMX Bean with object name Ratis:service=RaftServer,group=group-766C84C62C72,id=f94ed98b-697d-40e0-ba9b-85f65122946a
2019-07-30 19:24:28,860 INFO  pipeline.PipelineStateManager (PipelineStateManager.java:addPipeline(56)) - Created pipeline Pipeline[ Id: 4653dece-d367-4545-b2f5-766c84c62c72, Nodes: f94ed98b-697d-40e0-ba9b-85f65122946a{ip: 192.168.5.147, host: byscane-nightly-d7s94-1643579034, networkLocation: /default-rack, certSerialId: null}, Type:RATIS, Factor:ONE, State:OPEN]
2019-07-30 19:24:29,758 INFO  ozone.MiniOzoneClusterImpl (MiniOzoneClusterImpl.java:lambda$waitForClusterToBeReady$0(142)) - Cluster is ready. Got 7 of 7 DN Heartbeats.
2019-07-30 19:24:29,807 INFO  rpc.RpcClient (RpcClient.java:createVolume(288)) - Creating Volume: testblockoutputstreamwithretries, with jenkins1000 as owner.
2019-07-30 19:24:29,823 INFO  rpc.RpcClient (RpcClient.java:createBucket(425)) - Creating Bucket: testblockoutputstreamwithretries/testblockoutputstreamwithretries, with Versioning false and Storage Type set to DISK and Encryption set to false 
2019-07-30 19:24:29,862 INFO  client.GrpcClientProtocolClient (GrpcClientProtocolClient.java:onNext(255)) - client-6D820963DB13->caa8b8d2-d638-4306-8dd7-ea5e547edd63: receive RaftClientReply:client-6D820963DB13->caa8b8d2-d638-4306-8dd7-ea5e547edd63@group-8A033CC73848, cid=42, FAILED org.apache.ratis.protocol.NotLeaderException: Server caa8b8d2-d638-4306-8dd7-ea5e547edd63 is not the leader (null). Request must be sent to leader., logIndex=0, commits[caa8b8d2-d638-4306-8dd7-ea5e547edd63:c-1]
2019-07-30 19:24:30,378 INFO  container.ReplicationManager (ReplicationManager.java:start(155)) - Starting Replication Monitor Thread.
2019-07-30 19:24:30,384 INFO  container.ReplicationManager (ReplicationManager.java:run(207)) - Replication Monitor Thread took 0 milliseconds for processing 3 containers.
2019-07-30 19:24:30,897 INFO  client.GrpcClientProtocolClient (GrpcClientProtocolClient.java:onNext(255)) - client-6D820963DB13->f441f724-e66f-4c24-bd50-28b7c9ee9ce6: receive RaftClientReply:client-6D820963DB13->f441f724-e66f-4c24-bd50-28b7c9ee9ce6@group-8A033CC73848, cid=42, FAILED org.apache.ratis.protocol.NotLeaderException: Server f441f724-e66f-4c24-bd50-28b7c9ee9ce6 is not the leader (null). Request must be sent to leader., logIndex=0, commits[f441f724-e66f-4c24-bd50-28b7c9ee9ce6:c-1]
2019-07-30 19:24:31,922 INFO  client.GrpcClientProtocolClient (GrpcClientProtocolClient.java:onNext(255)) - client-6D820963DB13->caa8b8d2-d638-4306-8dd7-ea5e547edd63: receive RaftClientReply:client-6D820963DB13->caa8b8d2-d638-4306-8dd7-ea5e547edd63@group-8A033CC73848, cid=42, FAILED org.apache.ratis.protocol.NotLeaderException: Server caa8b8d2-d638-4306-8dd7-ea5e547edd63 is not the leader (null). Request must be sent to leader., logIndex=0, commits[caa8b8d2-d638-4306-8dd7-ea5e547edd63:c-1]
2019-07-30 19:24:32,521 INFO  impl.FollowerState (FollowerState.java:run(106)) - d78c5311-1ee2-41ae-b3e0-25a7764f2197:group-A9B3E0892C53 changes to CANDIDATE, lastRpcTime:5104, electionTimeout:5104ms
2019-07-30 19:24:32,521 INFO  impl.RoleInfo (RoleInfo.java:shutdownFollowerState(121)) - d78c5311-1ee2-41ae-b3e0-25a7764f2197: shutdown FollowerState
2019-07-30 19:24:32,521 INFO  impl.RaftServerImpl (RaftServerImpl.java:setRole(171)) - d78c5311-1ee2-41ae-b3e0-25a7764f2197:group-A9B3E0892C53 changes role from FOLLOWER to CANDIDATE at term 0 for changeToCandidate
2019-07-30 19:24:32,522 INFO  impl.RoleInfo (RoleInfo.java:updateAndGet(143)) - d78c5311-1ee2-41ae-b3e0-25a7764f2197: start LeaderElection
2019-07-30 19:24:32,547 INFO  impl.LeaderElection (LeaderElection.java:askForVotes(181)) - d78c5311-1ee2-41ae-b3e0-25a7764f2197:group-A9B3E0892C53:LeaderElection16: begin an election at term 1 for -1: [d78c5311-1ee2-41ae-b3e0-25a7764f2197:192.168.5.147:46184], old=null
2019-07-30 19:24:32,547 INFO  impl.RoleInfo (RoleInfo.java:shutdownLeaderElection(134)) - d78c5311-1ee2-41ae-b3e0-25a7764f2197: shutdown LeaderElection
2019-07-30 19:24:32,547 INFO  impl.RaftServerImpl (RaftServerImpl.java:setRole(171)) - d78c5311-1ee2-41ae-b3e0-25a7764f2197:group-A9B3E0892C53 changes role from CANDIDATE to LEADER at term 1 for changeToLeader
2019-07-30 19:24:32,547 INFO  impl.RaftServerImpl (ServerState.java:setLeader(263)) - d78c5311-1ee2-41ae-b3e0-25a7764f2197:group-A9B3E0892C53 change Leader from null to d78c5311-1ee2-41ae-b3e0-25a7764f2197 at term 1 for becomeLeader, leader elected after 5137ms
2019-07-30 19:24:32,550 INFO  server.RaftServerConfigKeys (ConfUtils.java:logGet(43)) - raft.server.staging.catchup.gap = 1000 (default)
2019-07-30 19:24:32,550 INFO  server.RaftServerConfigKeys (ConfUtils.java:logGet(43)) - raft.server.rpc.sleep.time = 25ms (default)
2019-07-30 19:24:32,550 INFO  server.RaftServerConfigKeys (ConfUtils.java:logGet(43)) - raft.server.write.element-limit = 4096 (default)
2019-07-30 19:24:32,551 INFO  server.RaftServerConfigKeys (ConfUtils.java:logGet(43)) - raft.server.watch.timeout = 10s (default)
2019-07-30 19:24:32,551 INFO  server.RaftServerConfigKeys (ConfUtils.java:logGet(43)) - raft.server.watch.timeout.denomination = 1s (default)
2019-07-30 19:24:32,551 INFO  server.RaftServerConfigKeys (ConfUtils.java:logGet(43)) - raft.server.watch.element-limit = 65536 (default)
2019-07-30 19:24:32,551 INFO  impl.RoleInfo (RoleInfo.java:updateAndGet(143)) - d78c5311-1ee2-41ae-b3e0-25a7764f2197: start LeaderState
2019-07-30 19:24:32,552 INFO  segmented.SegmentedRaftLogWorker (SegmentedRaftLogWorker.java:startLogSegment(380)) - d78c5311-1ee2-41ae-b3e0-25a7764f2197-SegmentedRaftLogWorker:Storage Directory /workdir/hadoop-ozone/integration-test/target/test-dir/MiniOzoneClusterImpl-5e904719-a08a-4eb0-9523-00d8d6adb52c/datanode-0/data/ratis/ab4773ee-a40d-4aff-853a-a9b3e0892c53: Starting segment from index:0
2019-07-30 19:24:32,552 INFO  impl.RaftServerImpl (ServerState.java:setRaftConf(361)) - d78c5311-1ee2-41ae-b3e0-25a7764f2197:group-A9B3E0892C53 set configuration 0: [d78c5311-1ee2-41ae-b3e0-25a7764f2197:192.168.5.147:46184], old=null at 0
2019-07-30 19:24:32,604 INFO  segmented.SegmentedRaftLogWorker (SegmentedRaftLogWorker.java:execute(569)) - d78c5311-1ee2-41ae-b3e0-25a7764f2197-SegmentedRaftLogWorker:Storage Directory /workdir/hadoop-ozone/integration-test/target/test-dir/MiniOzoneClusterImpl-5e904719-a08a-4eb0-9523-00d8d6adb52c/datanode-0/data/ratis/ab4773ee-a40d-4aff-853a-a9b3e0892c53: created new log segment /workdir/hadoop-ozone/integration-test/target/test-dir/MiniOzoneClusterImpl-5e904719-a08a-4eb0-9523-00d8d6adb52c/datanode-0/data/ratis/ab4773ee-a40d-4aff-853a-a9b3e0892c53/current/log_inprogress_0
2019-07-30 19:24:32,789 INFO  impl.FollowerState (FollowerState.java:run(106)) - 5152d23a-019f-4fdf-ad40-44f3a5af89e0:group-CF752D89D5BD changes to CANDIDATE, lastRpcTime:5176, electionTimeout:5176ms
2019-07-30 19:24:32,789 INFO  impl.RoleInfo (RoleInfo.java:shutdownFollowerState(121)) - 5152d23a-019f-4fdf-ad40-44f3a5af89e0: shutdown FollowerState
2019-07-30 19:24:32,789 INFO  impl.RaftServerImpl (RaftServerImpl.java:setRole(171)) - 5152d23a-019f-4fdf-ad40-44f3a5af89e0:group-CF752D89D5BD changes role from FOLLOWER to CANDIDATE at term 0 for changeToCandidate
2019-07-30 19:24:32,789 INFO  impl.RoleInfo (RoleInfo.java:updateAndGet(143)) - 5152d23a-019f-4fdf-ad40-44f3a5af89e0: start LeaderElection
2019-07-30 19:24:32,821 INFO  impl.LeaderElection (LeaderElection.java:askForVotes(181)) - 5152d23a-019f-4fdf-ad40-44f3a5af89e0:group-CF752D89D5BD:LeaderElection17: begin an election at term 1 for -1: [5152d23a-019f-4fdf-ad40-44f3a5af89e0:192.168.5.147:41099], old=null
2019-07-30 19:24:32,821 INFO  impl.RoleInfo (RoleInfo.java:shutdownLeaderElection(134)) - 5152d23a-019f-4fdf-ad40-44f3a5af89e0: shutdown LeaderElection
2019-07-30 19:24:32,822 INFO  impl.RaftServerImpl (RaftServerImpl.java:setRole(171)) - 5152d23a-019f-4fdf-ad40-44f3a5af89e0:group-CF752D89D5BD changes role from CANDIDATE to LEADER at term 1 for changeToLeader
2019-07-30 19:24:32,822 INFO  impl.RaftServerImpl (ServerState.java:setLeader(263)) - 5152d23a-019f-4fdf-ad40-44f3a5af89e0:group-CF752D89D5BD change Leader from null to 5152d23a-019f-4fdf-ad40-44f3a5af89e0 at term 1 for becomeLeader, leader elected after 5213ms
2019-07-30 19:24:32,824 INFO  server.RaftServerConfigKeys (ConfUtils.java:logGet(43)) - raft.server.staging.catchup.gap = 1000 (default)
2019-07-30 19:24:32,824 INFO  server.RaftServerConfigKeys (ConfUtils.java:logGet(43)) - raft.server.rpc.sleep.time = 25ms (default)
2019-07-30 19:24:32,825 INFO  server.RaftServerConfigKeys (ConfUtils.java:logGet(43)) - raft.server.write.element-limit = 4096 (default)
2019-07-30 19:24:32,825 INFO  server.RaftServerConfigKeys (ConfUtils.java:logGet(43)) - raft.server.watch.timeout = 10s (default)
2019-07-30 19:24:32,825 INFO  server.RaftServerConfigKeys (ConfUtils.java:logGet(43)) - raft.server.watch.timeout.denomination = 1s (default)
2019-07-30 19:24:32,825 INFO  server.RaftServerConfigKeys (ConfUtils.java:logGet(43)) - raft.server.watch.element-limit = 65536 (default)
2019-07-30 19:24:32,825 INFO  impl.RoleInfo (RoleInfo.java:updateAndGet(143)) - 5152d23a-019f-4fdf-ad40-44f3a5af89e0: start LeaderState
2019-07-30 19:24:32,826 INFO  segmented.SegmentedRaftLogWorker (SegmentedRaftLogWorker.java:startLogSegment(380)) - 5152d23a-019f-4fdf-ad40-44f3a5af89e0-SegmentedRaftLogWorker:Storage Directory /workdir/hadoop-ozone/integration-test/target/test-dir/MiniOzoneClusterImpl-5e904719-a08a-4eb0-9523-00d8d6adb52c/datanode-1/data/ratis/e31e942b-b4ef-4c28-ba62-cf752d89d5bd: Starting segment from index:0
2019-07-30 19:24:32,826 INFO  impl.RaftServerImpl (ServerState.java:setRaftConf(361)) - 5152d23a-019f-4fdf-ad40-44f3a5af89e0:group-CF752D89D5BD set configuration 0: [5152d23a-019f-4fdf-ad40-44f3a5af89e0:192.168.5.147:41099], old=null at 0
2019-07-30 19:24:32,852 INFO  impl.FollowerState (FollowerState.java:run(106)) - 0d2a94fb-2d77-4fa7-a5c5-a38a0a96ae2a:group-AA6FF9D1B348 changes to CANDIDATE, lastRpcTime:5049, electionTimeout:5049ms
2019-07-30 19:24:32,852 INFO  impl.RoleInfo (RoleInfo.java:shutdownFollowerState(121)) - 0d2a94fb-2d77-4fa7-a5c5-a38a0a96ae2a: shutdown FollowerState
2019-07-30 19:24:32,853 INFO  impl.RaftServerImpl (RaftServerImpl.java:setRole(171)) - 0d2a94fb-2d77-4fa7-a5c5-a38a0a96ae2a:group-AA6FF9D1B348 changes role from FOLLOWER to CANDIDATE at term 0 for changeToCandidate
2019-07-30 19:24:32,853 INFO  impl.RoleInfo (RoleInfo.java:updateAndGet(143)) - 0d2a94fb-2d77-4fa7-a5c5-a38a0a96ae2a: start LeaderElection
2019-07-30 19:24:32,855 INFO  segmented.SegmentedRaftLogWorker (SegmentedRaftLogWorker.java:execute(569)) - 5152d23a-019f-4fdf-ad40-44f3a5af89e0-SegmentedRaftLogWorker:Storage Directory /workdir/hadoop-ozone/integration-test/target/test-dir/MiniOzoneClusterImpl-5e904719-a08a-4eb0-9523-00d8d6adb52c/datanode-1/data/ratis/e31e942b-b4ef-4c28-ba62-cf752d89d5bd: created new log segment /workdir/hadoop-ozone/integration-test/target/test-dir/MiniOzoneClusterImpl-5e904719-a08a-4eb0-9523-00d8d6adb52c/datanode-1/data/ratis/e31e942b-b4ef-4c28-ba62-cf752d89d5bd/current/log_inprogress_0
2019-07-30 19:24:32,861 INFO  impl.LeaderElection (LeaderElection.java:askForVotes(181)) - 0d2a94fb-2d77-4fa7-a5c5-a38a0a96ae2a:group-AA6FF9D1B348:LeaderElection18: begin an election at term 1 for -1: [0d2a94fb-2d77-4fa7-a5c5-a38a0a96ae2a:192.168.5.147:37411], old=null
2019-07-30 19:24:32,861 INFO  impl.RoleInfo (RoleInfo.java:shutdownLeaderElection(134)) - 0d2a94fb-2d77-4fa7-a5c5-a38a0a96ae2a: shutdown LeaderElection
2019-07-30 19:24:32,861 INFO  impl.RaftServerImpl (RaftServerImpl.java:setRole(171)) - 0d2a94fb-2d77-4fa7-a5c5-a38a0a96ae2a:group-AA6FF9D1B348 changes role from CANDIDATE to LEADER at term 1 for changeToLeader
2019-07-30 19:24:32,861 INFO  impl.RaftServerImpl (ServerState.java:setLeader(263)) - 0d2a94fb-2d77-4fa7-a5c5-a38a0a96ae2a:group-AA6FF9D1B348 change Leader from null to 0d2a94fb-2d77-4fa7-a5c5-a38a0a96ae2a at term 1 for becomeLeader, leader elected after 5066ms
2019-07-30 19:24:32,864 INFO  server.RaftServerConfigKeys (ConfUtils.java:logGet(43)) - raft.server.staging.catchup.gap = 1000 (default)
2019-07-30 19:24:32,864 INFO  server.RaftServerConfigKeys (ConfUtils.java:logGet(43)) - raft.server.rpc.sleep.time = 25ms (default)
2019-07-30 19:24:32,864 INFO  server.RaftServerConfigKeys (ConfUtils.java:logGet(43)) - raft.server.write.element-limit = 4096 (default)
2019-07-30 19:24:32,864 INFO  server.RaftServerConfigKeys (ConfUtils.java:logGet(43)) - raft.server.watch.timeout = 10s (default)
2019-07-30 19:24:32,864 INFO  server.RaftServerConfigKeys (ConfUtils.java:logGet(43)) - raft.server.watch.timeout.denomination = 1s (default)
2019-07-30 19:24:32,865 INFO  server.RaftServerConfigKeys (ConfUtils.java:logGet(43)) - raft.server.watch.element-limit = 65536 (default)
2019-07-30 19:24:32,865 INFO  impl.RoleInfo (RoleInfo.java:updateAndGet(143)) - 0d2a94fb-2d77-4fa7-a5c5-a38a0a96ae2a: start LeaderState
2019-07-30 19:24:32,865 INFO  segmented.SegmentedRaftLogWorker (SegmentedRaftLogWorker.java:startLogSegment(380)) - 0d2a94fb-2d77-4fa7-a5c5-a38a0a96ae2a-SegmentedRaftLogWorker:Storage Directory /workdir/hadoop-ozone/integration-test/target/test-dir/MiniOzoneClusterImpl-5e904719-a08a-4eb0-9523-00d8d6adb52c/datanode-2/data/ratis/31132023-1f03-4232-8100-aa6ff9d1b348: Starting segment from index:0
2019-07-30 19:24:32,866 INFO  impl.RaftServerImpl (ServerState.java:setRaftConf(361)) - 0d2a94fb-2d77-4fa7-a5c5-a38a0a96ae2a:group-AA6FF9D1B348 set configuration 0: [0d2a94fb-2d77-4fa7-a5c5-a38a0a96ae2a:192.168.5.147:37411], old=null at 0
2019-07-30 19:24:32,888 INFO  impl.FollowerState (FollowerState.java:run(106)) - 5152d23a-019f-4fdf-ad40-44f3a5af89e0:group-D56295E18C3D changes to CANDIDATE, lastRpcTime:5012, electionTimeout:5005ms
2019-07-30 19:24:32,888 INFO  impl.RoleInfo (RoleInfo.java:shutdownFollowerState(121)) - 5152d23a-019f-4fdf-ad40-44f3a5af89e0: shutdown FollowerState
2019-07-30 19:24:32,888 INFO  impl.RaftServerImpl (RaftServerImpl.java:setRole(171)) - 5152d23a-019f-4fdf-ad40-44f3a5af89e0:group-D56295E18C3D changes role from FOLLOWER to CANDIDATE at term 0 for changeToCandidate
2019-07-30 19:24:32,888 INFO  impl.RoleInfo (RoleInfo.java:updateAndGet(143)) - 5152d23a-019f-4fdf-ad40-44f3a5af89e0: start LeaderElection
2019-07-30 19:24:32,901 INFO  segmented.SegmentedRaftLogWorker (SegmentedRaftLogWorker.java:execute(569)) - 0d2a94fb-2d77-4fa7-a5c5-a38a0a96ae2a-SegmentedRaftLogWorker:Storage Directory /workdir/hadoop-ozone/integration-test/target/test-dir/MiniOzoneClusterImpl-5e904719-a08a-4eb0-9523-00d8d6adb52c/datanode-2/data/ratis/31132023-1f03-4232-8100-aa6ff9d1b348: created new log segment /workdir/hadoop-ozone/integration-test/target/test-dir/MiniOzoneClusterImpl-5e904719-a08a-4eb0-9523-00d8d6adb52c/datanode-2/data/ratis/31132023-1f03-4232-8100-aa6ff9d1b348/current/log_inprogress_0
2019-07-30 19:24:32,913 INFO  impl.LeaderElection (LeaderElection.java:askForVotes(181)) - 5152d23a-019f-4fdf-ad40-44f3a5af89e0:group-D56295E18C3D:LeaderElection19: begin an election at term 1 for -1: [d78c5311-1ee2-41ae-b3e0-25a7764f2197:192.168.5.147:46184, 0d2a94fb-2d77-4fa7-a5c5-a38a0a96ae2a:192.168.5.147:37411, 5152d23a-019f-4fdf-ad40-44f3a5af89e0:192.168.5.147:41099], old=null
2019-07-30 19:24:32,921 INFO  impl.RaftServerImpl (RaftServerImpl.java:setRole(171)) - d78c5311-1ee2-41ae-b3e0-25a7764f2197:group-D56295E18C3D changes role from FOLLOWER to FOLLOWER at term 1 for recognizeCandidate:5152d23a-019f-4fdf-ad40-44f3a5af89e0
2019-07-30 19:24:32,921 INFO  impl.RaftServerImpl (RaftServerImpl.java:setRole(171)) - 0d2a94fb-2d77-4fa7-a5c5-a38a0a96ae2a:group-D56295E18C3D changes role from FOLLOWER to FOLLOWER at term 1 for recognizeCandidate:5152d23a-019f-4fdf-ad40-44f3a5af89e0
2019-07-30 19:24:32,921 INFO  impl.RoleInfo (RoleInfo.java:shutdownFollowerState(121)) - d78c5311-1ee2-41ae-b3e0-25a7764f2197: shutdown FollowerState
2019-07-30 19:24:32,921 INFO  impl.RoleInfo (RoleInfo.java:shutdownFollowerState(121)) - 0d2a94fb-2d77-4fa7-a5c5-a38a0a96ae2a: shutdown FollowerState
2019-07-30 19:24:32,922 INFO  impl.FollowerState (FollowerState.java:run(114)) - d78c5311-1ee2-41ae-b3e0-25a7764f2197: FollowerState was interrupted: java.lang.InterruptedException: sleep interrupted
2019-07-30 19:24:32,922 INFO  impl.RoleInfo (RoleInfo.java:updateAndGet(143)) - d78c5311-1ee2-41ae-b3e0-25a7764f2197: start FollowerState
2019-07-30 19:24:32,922 INFO  impl.FollowerState (FollowerState.java:run(114)) - 0d2a94fb-2d77-4fa7-a5c5-a38a0a96ae2a: FollowerState was interrupted: java.lang.InterruptedException: sleep interrupted
2019-07-30 19:24:32,922 INFO  impl.RoleInfo (RoleInfo.java:updateAndGet(143)) - 0d2a94fb-2d77-4fa7-a5c5-a38a0a96ae2a: start FollowerState
2019-07-30 19:24:32,941 INFO  impl.LeaderElection (LeaderElection.java:logAndReturn(56)) - 5152d23a-019f-4fdf-ad40-44f3a5af89e0:group-D56295E18C3D:LeaderElection19: Election PASSED; received 1 response(s) [5152d23a-019f-4fdf-ad40-44f3a5af89e0<-d78c5311-1ee2-41ae-b3e0-25a7764f2197#0:OK-t1] and 0 exception(s); 5152d23a-019f-4fdf-ad40-44f3a5af89e0:t1, leader=null, voted=5152d23a-019f-4fdf-ad40-44f3a5af89e0, raftlog=5152d23a-019f-4fdf-ad40-44f3a5af89e0-SegmentedRaftLog:OPENED:c-1,f-1,i0, conf=-1: [d78c5311-1ee2-41ae-b3e0-25a7764f2197:192.168.5.147:46184, 0d2a94fb-2d77-4fa7-a5c5-a38a0a96ae2a:192.168.5.147:37411, 5152d23a-019f-4fdf-ad40-44f3a5af89e0:192.168.5.147:41099], old=null
2019-07-30 19:24:32,943 INFO  impl.RoleInfo (RoleInfo.java:shutdownLeaderElection(134)) - 5152d23a-019f-4fdf-ad40-44f3a5af89e0: shutdown LeaderElection
2019-07-30 19:24:32,943 INFO  impl.RaftServerImpl (RaftServerImpl.java:setRole(171)) - 5152d23a-019f-4fdf-ad40-44f3a5af89e0:group-D56295E18C3D changes role from CANDIDATE to LEADER at term 1 for changeToLeader
2019-07-30 19:24:32,944 INFO  impl.RaftServerImpl (ServerState.java:setLeader(263)) - 5152d23a-019f-4fdf-ad40-44f3a5af89e0:group-D56295E18C3D change Leader from null to 5152d23a-019f-4fdf-ad40-44f3a5af89e0 at term 1 for becomeLeader, leader elected after 5099ms
2019-07-30 19:24:32,944 INFO  client.GrpcClientProtocolClient (GrpcClientProtocolClient.java:onNext(255)) - client-6D820963DB13->f441f724-e66f-4c24-bd50-28b7c9ee9ce6: receive RaftClientReply:client-6D820963DB13->f441f724-e66f-4c24-bd50-28b7c9ee9ce6@group-8A033CC73848, cid=42, FAILED org.apache.ratis.protocol.NotLeaderException: Server f441f724-e66f-4c24-bd50-28b7c9ee9ce6 is not the leader (null). Request must be sent to leader., logIndex=0, commits[f441f724-e66f-4c24-bd50-28b7c9ee9ce6:c-1]
2019-07-30 19:24:32,944 INFO  server.RaftServerConfigKeys (ConfUtils.java:logGet(43)) - raft.server.staging.catchup.gap = 1000 (default)
2019-07-30 19:24:32,946 INFO  server.RaftServerConfigKeys (ConfUtils.java:logGet(43)) - raft.server.rpc.sleep.time = 25ms (default)
2019-07-30 19:24:32,951 INFO  server.RaftServerConfigKeys (ConfUtils.java:logGet(43)) - raft.server.write.element-limit = 4096 (default)
2019-07-30 19:24:32,951 INFO  server.RaftServerConfigKeys (ConfUtils.java:logGet(43)) - raft.server.watch.timeout = 10s (default)
2019-07-30 19:24:32,951 INFO  server.RaftServerConfigKeys (ConfUtils.java:logGet(43)) - raft.server.watch.timeout.denomination = 1s (default)
2019-07-30 19:24:32,952 INFO  server.RaftServerConfigKeys (ConfUtils.java:logGet(43)) - raft.server.watch.element-limit = 65536 (default)
2019-07-30 19:24:32,954 INFO  server.RaftServerConfigKeys (ConfUtils.java:logGet(43)) - raft.server.log.appender.snapshot.chunk.size.max = 16MB (=16777216) (default)
2019-07-30 19:24:32,955 INFO  server.RaftServerConfigKeys (ConfUtils.java:logGet(43)) - raft.server.log.appender.buffer.byte-limit = 33554432 (custom)
2019-07-30 19:24:32,955 INFO  server.RaftServerConfigKeys (ConfUtils.java:logGet(43)) - raft.server.log.appender.buffer.element-limit = 1 (custom)
2019-07-30 19:24:32,955 INFO  grpc.GrpcConfigKeys$Server (ConfUtils.java:logGet(43)) - raft.grpc.server.leader.outstanding.appends.max = 128 (default)
2019-07-30 19:24:32,955 INFO  server.RaftServerConfigKeys (ConfUtils.java:logGet(43)) - raft.server.rpc.request.timeout = 3000ms (default)
2019-07-30 19:24:32,955 INFO  server.RaftServerConfigKeys (ConfUtils.java:logGet(43)) - raft.server.log.appender.install.snapshot.enabled = false (custom)
2019-07-30 19:24:32,956 INFO  server.RaftServerConfigKeys (ConfUtils.java:logGet(43)) - raft.server.log.appender.snapshot.chunk.size.max = 16MB (=16777216) (default)
2019-07-30 19:24:32,956 INFO  server.RaftServerConfigKeys (ConfUtils.java:logGet(43)) - raft.server.log.appender.buffer.byte-limit = 33554432 (custom)
2019-07-30 19:24:32,956 INFO  server.RaftServerConfigKeys (ConfUtils.java:logGet(43)) - raft.server.log.appender.buffer.element-limit = 1 (custom)
2019-07-30 19:24:32,956 INFO  grpc.GrpcConfigKeys$Server (ConfUtils.java:logGet(43)) - raft.grpc.server.leader.outstanding.appends.max = 128 (default)
2019-07-30 19:24:32,957 INFO  server.RaftServerConfigKeys (ConfUtils.java:logGet(43)) - raft.server.rpc.request.timeout = 3000ms (default)
2019-07-30 19:24:32,957 INFO  server.RaftServerConfigKeys (ConfUtils.java:logGet(43)) - raft.server.log.appender.install.snapshot.enabled = false (custom)
2019-07-30 19:24:32,957 INFO  impl.RoleInfo (RoleInfo.java:updateAndGet(143)) - 5152d23a-019f-4fdf-ad40-44f3a5af89e0: start LeaderState
2019-07-30 19:24:32,957 INFO  segmented.SegmentedRaftLogWorker (SegmentedRaftLogWorker.java:startLogSegment(380)) - 5152d23a-019f-4fdf-ad40-44f3a5af89e0-SegmentedRaftLogWorker:Storage Directory /workdir/hadoop-ozone/integration-test/target/test-dir/MiniOzoneClusterImpl-5e904719-a08a-4eb0-9523-00d8d6adb52c/datanode-1/data/ratis/5fec00bd-b7e8-44ff-879d-d56295e18c3d: Starting segment from index:0
2019-07-30 19:24:32,979 INFO  impl.RaftServerImpl (ServerState.java:setRaftConf(361)) - 5152d23a-019f-4fdf-ad40-44f3a5af89e0:group-D56295E18C3D set configuration 0: [d78c5311-1ee2-41ae-b3e0-25a7764f2197:192.168.5.147:46184, 0d2a94fb-2d77-4fa7-a5c5-a38a0a96ae2a:192.168.5.147:37411, 5152d23a-019f-4fdf-ad40-44f3a5af89e0:192.168.5.147:41099], old=null at 0
2019-07-30 19:24:32,984 INFO  impl.RaftServerImpl (ServerState.java:setLeader(263)) - d78c5311-1ee2-41ae-b3e0-25a7764f2197:group-D56295E18C3D change Leader from null to 5152d23a-019f-4fdf-ad40-44f3a5af89e0 at term 1 for appendEntries, leader elected after 5139ms
2019-07-30 19:24:32,986 INFO  impl.RaftServerImpl (ServerState.java:setLeader(263)) - 0d2a94fb-2d77-4fa7-a5c5-a38a0a96ae2a:group-D56295E18C3D change Leader from null to 5152d23a-019f-4fdf-ad40-44f3a5af89e0 at term 1 for appendEntries, leader elected after 5141ms
2019-07-30 19:24:32,991 INFO  segmented.SegmentedRaftLogWorker (SegmentedRaftLogWorker.java:execute(569)) - 5152d23a-019f-4fdf-ad40-44f3a5af89e0-SegmentedRaftLogWorker:Storage Directory /workdir/hadoop-ozone/integration-test/target/test-dir/MiniOzoneClusterImpl-5e904719-a08a-4eb0-9523-00d8d6adb52c/datanode-1/data/ratis/5fec00bd-b7e8-44ff-879d-d56295e18c3d: created new log segment /workdir/hadoop-ozone/integration-test/target/test-dir/MiniOzoneClusterImpl-5e904719-a08a-4eb0-9523-00d8d6adb52c/datanode-1/data/ratis/5fec00bd-b7e8-44ff-879d-d56295e18c3d/current/log_inprogress_0
2019-07-30 19:24:32,994 INFO  impl.RaftServerImpl (ServerState.java:setRaftConf(361)) - d78c5311-1ee2-41ae-b3e0-25a7764f2197:group-D56295E18C3D set configuration 0: [d78c5311-1ee2-41ae-b3e0-25a7764f2197:192.168.5.147:46184, 0d2a94fb-2d77-4fa7-a5c5-a38a0a96ae2a:192.168.5.147:37411, 5152d23a-019f-4fdf-ad40-44f3a5af89e0:192.168.5.147:41099], old=null at 0
2019-07-30 19:24:32,994 INFO  impl.RaftServerImpl (ServerState.java:setRaftConf(361)) - 0d2a94fb-2d77-4fa7-a5c5-a38a0a96ae2a:group-D56295E18C3D set configuration 0: [d78c5311-1ee2-41ae-b3e0-25a7764f2197:192.168.5.147:46184, 0d2a94fb-2d77-4fa7-a5c5-a38a0a96ae2a:192.168.5.147:37411, 5152d23a-019f-4fdf-ad40-44f3a5af89e0:192.168.5.147:41099], old=null at 0
2019-07-30 19:24:32,994 INFO  segmented.SegmentedRaftLogWorker (SegmentedRaftLogWorker.java:startLogSegment(380)) - d78c5311-1ee2-41ae-b3e0-25a7764f2197-SegmentedRaftLogWorker:Storage Directory /workdir/hadoop-ozone/integration-test/target/test-dir/MiniOzoneClusterImpl-5e904719-a08a-4eb0-9523-00d8d6adb52c/datanode-0/data/ratis/5fec00bd-b7e8-44ff-879d-d56295e18c3d: Starting segment from index:0
2019-07-30 19:24:32,994 INFO  segmented.SegmentedRaftLogWorker (SegmentedRaftLogWorker.java:startLogSegment(380)) - 0d2a94fb-2d77-4fa7-a5c5-a38a0a96ae2a-SegmentedRaftLogWorker:Storage Directory /workdir/hadoop-ozone/integration-test/target/test-dir/MiniOzoneClusterImpl-5e904719-a08a-4eb0-9523-00d8d6adb52c/datanode-2/data/ratis/5fec00bd-b7e8-44ff-879d-d56295e18c3d: Starting segment from index:0
2019-07-30 19:24:33,026 INFO  segmented.SegmentedRaftLogWorker (SegmentedRaftLogWorker.java:execute(569)) - 0d2a94fb-2d77-4fa7-a5c5-a38a0a96ae2a-SegmentedRaftLogWorker:Storage Directory /workdir/hadoop-ozone/integration-test/target/test-dir/MiniOzoneClusterImpl-5e904719-a08a-4eb0-9523-00d8d6adb52c/datanode-2/data/ratis/5fec00bd-b7e8-44ff-879d-d56295e18c3d: created new log segment /workdir/hadoop-ozone/integration-test/target/test-dir/MiniOzoneClusterImpl-5e904719-a08a-4eb0-9523-00d8d6adb52c/datanode-2/data/ratis/5fec00bd-b7e8-44ff-879d-d56295e18c3d/current/log_inprogress_0
2019-07-30 19:24:33,026 INFO  segmented.SegmentedRaftLogWorker (SegmentedRaftLogWorker.java:execute(569)) - d78c5311-1ee2-41ae-b3e0-25a7764f2197-SegmentedRaftLogWorker:Storage Directory /workdir/hadoop-ozone/integration-test/target/test-dir/MiniOzoneClusterImpl-5e904719-a08a-4eb0-9523-00d8d6adb52c/datanode-0/data/ratis/5fec00bd-b7e8-44ff-879d-d56295e18c3d: created new log segment /workdir/hadoop-ozone/integration-test/target/test-dir/MiniOzoneClusterImpl-5e904719-a08a-4eb0-9523-00d8d6adb52c/datanode-0/data/ratis/5fec00bd-b7e8-44ff-879d-d56295e18c3d/current/log_inprogress_0
2019-07-30 19:24:33,148 INFO  impl.FollowerState (FollowerState.java:run(106)) - 6615b6ad-88ee-4030-9311-adc02a0cbf11:group-003815ABCBB1 changes to CANDIDATE, lastRpcTime:5110, electionTimeout:5110ms
2019-07-30 19:24:33,148 INFO  impl.RoleInfo (RoleInfo.java:shutdownFollowerState(121)) - 6615b6ad-88ee-4030-9311-adc02a0cbf11: shutdown FollowerState
2019-07-30 19:24:33,148 INFO  impl.RaftServerImpl (RaftServerImpl.java:setRole(171)) - 6615b6ad-88ee-4030-9311-adc02a0cbf11:group-003815ABCBB1 changes role from FOLLOWER to CANDIDATE at term 0 for changeToCandidate
2019-07-30 19:24:33,148 INFO  impl.RoleInfo (RoleInfo.java:updateAndGet(143)) - 6615b6ad-88ee-4030-9311-adc02a0cbf11: start LeaderElection
2019-07-30 19:24:33,160 INFO  impl.LeaderElection (LeaderElection.java:askForVotes(181)) - 6615b6ad-88ee-4030-9311-adc02a0cbf11:group-003815ABCBB1:LeaderElection20: begin an election at term 1 for -1: [6615b6ad-88ee-4030-9311-adc02a0cbf11:192.168.5.147:36190], old=null
2019-07-30 19:24:33,160 INFO  impl.RoleInfo (RoleInfo.java:shutdownLeaderElection(134)) - 6615b6ad-88ee-4030-9311-adc02a0cbf11: shutdown LeaderElection
2019-07-30 19:24:33,160 INFO  impl.RaftServerImpl (RaftServerImpl.java:setRole(171)) - 6615b6ad-88ee-4030-9311-adc02a0cbf11:group-003815ABCBB1 changes role from CANDIDATE to LEADER at term 1 for changeToLeader
2019-07-30 19:24:33,160 INFO  impl.RaftServerImpl (ServerState.java:setLeader(263)) - 6615b6ad-88ee-4030-9311-adc02a0cbf11:group-003815ABCBB1 change Leader from null to 6615b6ad-88ee-4030-9311-adc02a0cbf11 at term 1 for becomeLeader, leader elected after 5128ms
2019-07-30 19:24:33,163 INFO  server.RaftServerConfigKeys (ConfUtils.java:logGet(43)) - raft.server.staging.catchup.gap = 1000 (default)
2019-07-30 19:24:33,163 INFO  server.RaftServerConfigKeys (ConfUtils.java:logGet(43)) - raft.server.rpc.sleep.time = 25ms (default)
2019-07-30 19:24:33,163 INFO  server.RaftServerConfigKeys (ConfUtils.java:logGet(43)) - raft.server.write.element-limit = 4096 (default)
2019-07-30 19:24:33,163 INFO  server.RaftServerConfigKeys (ConfUtils.java:logGet(43)) - raft.server.watch.timeout = 10s (default)
2019-07-30 19:24:33,164 INFO  server.RaftServerConfigKeys (ConfUtils.java:logGet(43)) - raft.server.watch.timeout.denomination = 1s (default)
2019-07-30 19:24:33,164 INFO  server.RaftServerConfigKeys (ConfUtils.java:logGet(43)) - raft.server.watch.element-limit = 65536 (default)
2019-07-30 19:24:33,164 INFO  impl.RoleInfo (RoleInfo.java:updateAndGet(143)) - 6615b6ad-88ee-4030-9311-adc02a0cbf11: start LeaderState
2019-07-30 19:24:33,164 INFO  segmented.SegmentedRaftLogWorker (SegmentedRaftLogWorker.java:startLogSegment(380)) - 6615b6ad-88ee-4030-9311-adc02a0cbf11-SegmentedRaftLogWorker:Storage Directory /workdir/hadoop-ozone/integration-test/target/test-dir/MiniOzoneClusterImpl-5e904719-a08a-4eb0-9523-00d8d6adb52c/datanode-3/data/ratis/e76a74d4-3a09-4b4b-8f5f-003815abcbb1: Starting segment from index:0
2019-07-30 19:24:33,165 INFO  impl.RaftServerImpl (ServerState.java:setRaftConf(361)) - 6615b6ad-88ee-4030-9311-adc02a0cbf11:group-003815ABCBB1 set configuration 0: [6615b6ad-88ee-4030-9311-adc02a0cbf11:192.168.5.147:36190], old=null at 0
2019-07-30 19:24:33,197 INFO  segmented.SegmentedRaftLogWorker (SegmentedRaftLogWorker.java:execute(569)) - 6615b6ad-88ee-4030-9311-adc02a0cbf11-SegmentedRaftLogWorker:Storage Directory /workdir/hadoop-ozone/integration-test/target/test-dir/MiniOzoneClusterImpl-5e904719-a08a-4eb0-9523-00d8d6adb52c/datanode-3/data/ratis/e76a74d4-3a09-4b4b-8f5f-003815abcbb1: created new log segment /workdir/hadoop-ozone/integration-test/target/test-dir/MiniOzoneClusterImpl-5e904719-a08a-4eb0-9523-00d8d6adb52c/datanode-3/data/ratis/e76a74d4-3a09-4b4b-8f5f-003815abcbb1/current/log_inprogress_0
2019-07-30 19:24:33,565 INFO  impl.FollowerState (FollowerState.java:run(106)) - f441f724-e66f-4c24-bd50-28b7c9ee9ce6:group-189F26C135B3 changes to CANDIDATE, lastRpcTime:5121, electionTimeout:5121ms
2019-07-30 19:24:33,565 INFO  impl.RoleInfo (RoleInfo.java:shutdownFollowerState(121)) - f441f724-e66f-4c24-bd50-28b7c9ee9ce6: shutdown FollowerState
2019-07-30 19:24:33,565 INFO  impl.RaftServerImpl (RaftServerImpl.java:setRole(171)) - f441f724-e66f-4c24-bd50-28b7c9ee9ce6:group-189F26C135B3 changes role from FOLLOWER to CANDIDATE at term 0 for changeToCandidate
2019-07-30 19:24:33,565 INFO  impl.RoleInfo (RoleInfo.java:updateAndGet(143)) - f441f724-e66f-4c24-bd50-28b7c9ee9ce6: start LeaderElection
2019-07-30 19:24:33,576 INFO  impl.LeaderElection (LeaderElection.java:askForVotes(181)) - f441f724-e66f-4c24-bd50-28b7c9ee9ce6:group-189F26C135B3:LeaderElection21: begin an election at term 1 for -1: [f441f724-e66f-4c24-bd50-28b7c9ee9ce6:192.168.5.147:33032], old=null
2019-07-30 19:24:33,576 INFO  impl.RoleInfo (RoleInfo.java:shutdownLeaderElection(134)) - f441f724-e66f-4c24-bd50-28b7c9ee9ce6: shutdown LeaderElection
2019-07-30 19:24:33,576 INFO  impl.RaftServerImpl (RaftServerImpl.java:setRole(171)) - f441f724-e66f-4c24-bd50-28b7c9ee9ce6:group-189F26C135B3 changes role from CANDIDATE to LEADER at term 1 for changeToLeader
2019-07-30 19:24:33,577 INFO  impl.RaftServerImpl (ServerState.java:setLeader(263)) - f441f724-e66f-4c24-bd50-28b7c9ee9ce6:group-189F26C135B3 change Leader from null to f441f724-e66f-4c24-bd50-28b7c9ee9ce6 at term 1 for becomeLeader, leader elected after 5138ms
2019-07-30 19:24:33,579 INFO  server.RaftServerConfigKeys (ConfUtils.java:logGet(43)) - raft.server.staging.catchup.gap = 1000 (default)
2019-07-30 19:24:33,579 INFO  server.RaftServerConfigKeys (ConfUtils.java:logGet(43)) - raft.server.rpc.sleep.time = 25ms (default)
2019-07-30 19:24:33,579 INFO  server.RaftServerConfigKeys (ConfUtils.java:logGet(43)) - raft.server.write.element-limit = 4096 (default)
2019-07-30 19:24:33,580 INFO  server.RaftServerConfigKeys (ConfUtils.java:logGet(43)) - raft.server.watch.timeout = 10s (default)
2019-07-30 19:24:33,580 INFO  server.RaftServerConfigKeys (ConfUtils.java:logGet(43)) - raft.server.watch.timeout.denomination = 1s (default)
2019-07-30 19:24:33,580 INFO  server.RaftServerConfigKeys (ConfUtils.java:logGet(43)) - raft.server.watch.element-limit = 65536 (default)
2019-07-30 19:24:33,580 INFO  impl.RoleInfo (RoleInfo.java:updateAndGet(143)) - f441f724-e66f-4c24-bd50-28b7c9ee9ce6: start LeaderState
2019-07-30 19:24:33,580 INFO  segmented.SegmentedRaftLogWorker (SegmentedRaftLogWorker.java:startLogSegment(380)) - f441f724-e66f-4c24-bd50-28b7c9ee9ce6-SegmentedRaftLogWorker:Storage Directory /workdir/hadoop-ozone/integration-test/target/test-dir/MiniOzoneClusterImpl-5e904719-a08a-4eb0-9523-00d8d6adb52c/datanode-4/data/ratis/7ecd6255-1b16-4a84-822e-189f26c135b3: Starting segment from index:0
2019-07-30 19:24:33,581 INFO  impl.RaftServerImpl (ServerState.java:setRaftConf(361)) - f441f724-e66f-4c24-bd50-28b7c9ee9ce6:group-189F26C135B3 set configuration 0: [f441f724-e66f-4c24-bd50-28b7c9ee9ce6:192.168.5.147:33032], old=null at 0
2019-07-30 19:24:33,621 INFO  impl.FollowerState (FollowerState.java:run(106)) - caa8b8d2-d638-4306-8dd7-ea5e547edd63:group-4992E6AA020E changes to CANDIDATE, lastRpcTime:5008, electionTimeout:5000ms
2019-07-30 19:24:33,622 INFO  impl.RoleInfo (RoleInfo.java:shutdownFollowerState(121)) - caa8b8d2-d638-4306-8dd7-ea5e547edd63: shutdown FollowerState
2019-07-30 19:24:33,622 INFO  impl.RaftServerImpl (RaftServerImpl.java:setRole(171)) - caa8b8d2-d638-4306-8dd7-ea5e547edd63:group-4992E6AA020E changes role from FOLLOWER to CANDIDATE at term 0 for changeToCandidate
2019-07-30 19:24:33,622 INFO  impl.RoleInfo (RoleInfo.java:updateAndGet(143)) - caa8b8d2-d638-4306-8dd7-ea5e547edd63: start LeaderElection
2019-07-30 19:24:33,632 INFO  segmented.SegmentedRaftLogWorker (SegmentedRaftLogWorker.java:execute(569)) - f441f724-e66f-4c24-bd50-28b7c9ee9ce6-SegmentedRaftLogWorker:Storage Directory /workdir/hadoop-ozone/integration-test/target/test-dir/MiniOzoneClusterImpl-5e904719-a08a-4eb0-9523-00d8d6adb52c/datanode-4/data/ratis/7ecd6255-1b16-4a84-822e-189f26c135b3: created new log segment /workdir/hadoop-ozone/integration-test/target/test-dir/MiniOzoneClusterImpl-5e904719-a08a-4eb0-9523-00d8d6adb52c/datanode-4/data/ratis/7ecd6255-1b16-4a84-822e-189f26c135b3/current/log_inprogress_0
2019-07-30 19:24:33,633 INFO  impl.LeaderElection (LeaderElection.java:askForVotes(181)) - caa8b8d2-d638-4306-8dd7-ea5e547edd63:group-4992E6AA020E:LeaderElection22: begin an election at term 1 for -1: [caa8b8d2-d638-4306-8dd7-ea5e547edd63:192.168.5.147:42983], old=null
2019-07-30 19:24:33,633 INFO  impl.RoleInfo (RoleInfo.java:shutdownLeaderElection(134)) - caa8b8d2-d638-4306-8dd7-ea5e547edd63: shutdown LeaderElection
2019-07-30 19:24:33,633 INFO  impl.RaftServerImpl (RaftServerImpl.java:setRole(171)) - caa8b8d2-d638-4306-8dd7-ea5e547edd63:group-4992E6AA020E changes role from CANDIDATE to LEADER at term 1 for changeToLeader
2019-07-30 19:24:33,633 INFO  impl.RaftServerImpl (ServerState.java:setLeader(263)) - caa8b8d2-d638-4306-8dd7-ea5e547edd63:group-4992E6AA020E change Leader from null to caa8b8d2-d638-4306-8dd7-ea5e547edd63 at term 1 for becomeLeader, leader elected after 5027ms
2019-07-30 19:24:33,636 INFO  server.RaftServerConfigKeys (ConfUtils.java:logGet(43)) - raft.server.staging.catchup.gap = 1000 (default)
2019-07-30 19:24:33,636 INFO  server.RaftServerConfigKeys (ConfUtils.java:logGet(43)) - raft.server.rpc.sleep.time = 25ms (default)
2019-07-30 19:24:33,636 INFO  server.RaftServerConfigKeys (ConfUtils.java:logGet(43)) - raft.server.write.element-limit = 4096 (default)
2019-07-30 19:24:33,636 INFO  server.RaftServerConfigKeys (ConfUtils.java:logGet(43)) - raft.server.watch.timeout = 10s (default)
2019-07-30 19:24:33,636 INFO  server.RaftServerConfigKeys (ConfUtils.java:logGet(43)) - raft.server.watch.timeout.denomination = 1s (default)
2019-07-30 19:24:33,637 INFO  server.RaftServerConfigKeys (ConfUtils.java:logGet(43)) - raft.server.watch.element-limit = 65536 (default)
2019-07-30 19:24:33,637 INFO  impl.RoleInfo (RoleInfo.java:updateAndGet(143)) - caa8b8d2-d638-4306-8dd7-ea5e547edd63: start LeaderState
2019-07-30 19:24:33,637 INFO  segmented.SegmentedRaftLogWorker (SegmentedRaftLogWorker.java:startLogSegment(380)) - caa8b8d2-d638-4306-8dd7-ea5e547edd63-SegmentedRaftLogWorker:Storage Directory /workdir/hadoop-ozone/integration-test/target/test-dir/MiniOzoneClusterImpl-5e904719-a08a-4eb0-9523-00d8d6adb52c/datanode-5/data/ratis/9777efa4-45f2-4eb6-a250-4992e6aa020e: Starting segment from index:0
2019-07-30 19:24:33,638 INFO  impl.RaftServerImpl (ServerState.java:setRaftConf(361)) - caa8b8d2-d638-4306-8dd7-ea5e547edd63:group-4992E6AA020E set configuration 0: [caa8b8d2-d638-4306-8dd7-ea5e547edd63:192.168.5.147:42983], old=null at 0
2019-07-30 19:24:33,664 INFO  segmented.SegmentedRaftLogWorker (SegmentedRaftLogWorker.java:execute(569)) - caa8b8d2-d638-4306-8dd7-ea5e547edd63-SegmentedRaftLogWorker:Storage Directory /workdir/hadoop-ozone/integration-test/target/test-dir/MiniOzoneClusterImpl-5e904719-a08a-4eb0-9523-00d8d6adb52c/datanode-5/data/ratis/9777efa4-45f2-4eb6-a250-4992e6aa020e: created new log segment /workdir/hadoop-ozone/integration-test/target/test-dir/MiniOzoneClusterImpl-5e904719-a08a-4eb0-9523-00d8d6adb52c/datanode-5/data/ratis/9777efa4-45f2-4eb6-a250-4992e6aa020e/current/log_inprogress_0
2019-07-30 19:24:33,681 INFO  impl.FollowerState (FollowerState.java:run(106)) - caa8b8d2-d638-4306-8dd7-ea5e547edd63:group-8A033CC73848 changes to CANDIDATE, lastRpcTime:5006, electionTimeout:5006ms
2019-07-30 19:24:33,681 INFO  impl.RoleInfo (RoleInfo.java:shutdownFollowerState(121)) - caa8b8d2-d638-4306-8dd7-ea5e547edd63: shutdown FollowerState
2019-07-30 19:24:33,681 INFO  impl.RaftServerImpl (RaftServerImpl.java:setRole(171)) - caa8b8d2-d638-4306-8dd7-ea5e547edd63:group-8A033CC73848 changes role from FOLLOWER to CANDIDATE at term 0 for changeToCandidate
2019-07-30 19:24:33,681 INFO  impl.RoleInfo (RoleInfo.java:updateAndGet(143)) - caa8b8d2-d638-4306-8dd7-ea5e547edd63: start LeaderElection
2019-07-30 19:24:33,690 INFO  impl.LeaderElection (LeaderElection.java:askForVotes(181)) - caa8b8d2-d638-4306-8dd7-ea5e547edd63:group-8A033CC73848:LeaderElection23: begin an election at term 1 for -1: [f441f724-e66f-4c24-bd50-28b7c9ee9ce6:192.168.5.147:33032, 6615b6ad-88ee-4030-9311-adc02a0cbf11:192.168.5.147:36190, caa8b8d2-d638-4306-8dd7-ea5e547edd63:192.168.5.147:42983], old=null
2019-07-30 19:24:33,700 INFO  impl.RaftServerImpl (RaftServerImpl.java:setRole(171)) - f441f724-e66f-4c24-bd50-28b7c9ee9ce6:group-8A033CC73848 changes role from FOLLOWER to FOLLOWER at term 1 for recognizeCandidate:caa8b8d2-d638-4306-8dd7-ea5e547edd63
2019-07-30 19:24:33,700 INFO  impl.RaftServerImpl (RaftServerImpl.java:setRole(171)) - 6615b6ad-88ee-4030-9311-adc02a0cbf11:group-8A033CC73848 changes role from FOLLOWER to FOLLOWER at term 1 for recognizeCandidate:caa8b8d2-d638-4306-8dd7-ea5e547edd63
2019-07-30 19:24:33,701 INFO  impl.RoleInfo (RoleInfo.java:shutdownFollowerState(121)) - f441f724-e66f-4c24-bd50-28b7c9ee9ce6: shutdown FollowerState
2019-07-30 19:24:33,701 INFO  impl.RoleInfo (RoleInfo.java:shutdownFollowerState(121)) - 6615b6ad-88ee-4030-9311-adc02a0cbf11: shutdown FollowerState
2019-07-30 19:24:33,701 INFO  impl.FollowerState (FollowerState.java:run(114)) - f441f724-e66f-4c24-bd50-28b7c9ee9ce6: FollowerState was interrupted: java.lang.InterruptedException: sleep interrupted
2019-07-30 19:24:33,701 INFO  impl.RoleInfo (RoleInfo.java:updateAndGet(143)) - f441f724-e66f-4c24-bd50-28b7c9ee9ce6: start FollowerState
2019-07-30 19:24:33,701 INFO  impl.FollowerState (FollowerState.java:run(114)) - 6615b6ad-88ee-4030-9311-adc02a0cbf11: FollowerState was interrupted: java.lang.InterruptedException: sleep interrupted
2019-07-30 19:24:33,701 INFO  impl.RoleInfo (RoleInfo.java:updateAndGet(143)) - 6615b6ad-88ee-4030-9311-adc02a0cbf11: start FollowerState
2019-07-30 19:24:33,731 INFO  impl.LeaderElection (LeaderElection.java:logAndReturn(56)) - caa8b8d2-d638-4306-8dd7-ea5e547edd63:group-8A033CC73848:LeaderElection23: Election PASSED; received 1 response(s) [caa8b8d2-d638-4306-8dd7-ea5e547edd63<-6615b6ad-88ee-4030-9311-adc02a0cbf11#0:OK-t1] and 0 exception(s); caa8b8d2-d638-4306-8dd7-ea5e547edd63:t1, leader=null, voted=caa8b8d2-d638-4306-8dd7-ea5e547edd63, raftlog=caa8b8d2-d638-4306-8dd7-ea5e547edd63-SegmentedRaftLog:OPENED:c-1,f-1,i0, conf=-1: [f441f724-e66f-4c24-bd50-28b7c9ee9ce6:192.168.5.147:33032, 6615b6ad-88ee-4030-9311-adc02a0cbf11:192.168.5.147:36190, caa8b8d2-d638-4306-8dd7-ea5e547edd63:192.168.5.147:42983], old=null
2019-07-30 19:24:33,731 INFO  impl.RoleInfo (RoleInfo.java:shutdownLeaderElection(134)) - caa8b8d2-d638-4306-8dd7-ea5e547edd63: shutdown LeaderElection
2019-07-30 19:24:33,731 INFO  impl.RaftServerImpl (RaftServerImpl.java:setRole(171)) - caa8b8d2-d638-4306-8dd7-ea5e547edd63:group-8A033CC73848 changes role from CANDIDATE to LEADER at term 1 for changeToLeader
2019-07-30 19:24:33,732 INFO  impl.RaftServerImpl (ServerState.java:setLeader(263)) - caa8b8d2-d638-4306-8dd7-ea5e547edd63:group-8A033CC73848 change Leader from null to caa8b8d2-d638-4306-8dd7-ea5e547edd63 at term 1 for becomeLeader, leader elected after 5070ms
2019-07-30 19:24:33,732 INFO  server.RaftServerConfigKeys (ConfUtils.java:logGet(43)) - raft.server.staging.catchup.gap = 1000 (default)
2019-07-30 19:24:33,732 INFO  server.RaftServerConfigKeys (ConfUtils.java:logGet(43)) - raft.server.rpc.sleep.time = 25ms (default)
2019-07-30 19:24:33,732 INFO  server.RaftServerConfigKeys (ConfUtils.java:logGet(43)) - raft.server.write.element-limit = 4096 (default)
2019-07-30 19:24:33,732 INFO  server.RaftServerConfigKeys (ConfUtils.java:logGet(43)) - raft.server.watch.timeout = 10s (default)
2019-07-30 19:24:33,732 INFO  server.RaftServerConfigKeys (ConfUtils.java:logGet(43)) - raft.server.watch.timeout.denomination = 1s (default)
2019-07-30 19:24:33,733 INFO  server.RaftServerConfigKeys (ConfUtils.java:logGet(43)) - raft.server.watch.element-limit = 65536 (default)
2019-07-30 19:24:33,733 INFO  server.RaftServerConfigKeys (ConfUtils.java:logGet(43)) - raft.server.log.appender.snapshot.chunk.size.max = 16MB (=16777216) (default)
2019-07-30 19:24:33,733 INFO  server.RaftServerConfigKeys (ConfUtils.java:logGet(43)) - raft.server.log.appender.buffer.byte-limit = 33554432 (custom)
2019-07-30 19:24:33,733 INFO  server.RaftServerConfigKeys (ConfUtils.java:logGet(43)) - raft.server.log.appender.buffer.element-limit = 1 (custom)
2019-07-30 19:24:33,733 INFO  grpc.GrpcConfigKeys$Server (ConfUtils.java:logGet(43)) - raft.grpc.server.leader.outstanding.appends.max = 128 (default)
2019-07-30 19:24:33,734 INFO  server.RaftServerConfigKeys (ConfUtils.java:logGet(43)) - raft.server.rpc.request.timeout = 3000ms (default)
2019-07-30 19:24:33,734 INFO  server.RaftServerConfigKeys (ConfUtils.java:logGet(43)) - raft.server.log.appender.install.snapshot.enabled = false (custom)
2019-07-30 19:24:33,734 INFO  server.RaftServerConfigKeys (ConfUtils.java:logGet(43)) - raft.server.log.appender.snapshot.chunk.size.max = 16MB (=16777216) (default)
2019-07-30 19:24:33,734 INFO  server.RaftServerConfigKeys (ConfUtils.java:logGet(43)) - raft.server.log.appender.buffer.byte-limit = 33554432 (custom)
2019-07-30 19:24:33,734 INFO  server.RaftServerConfigKeys (ConfUtils.java:logGet(43)) - raft.server.log.appender.buffer.element-limit = 1 (custom)
2019-07-30 19:24:33,735 INFO  grpc.GrpcConfigKeys$Server (ConfUtils.java:logGet(43)) - raft.grpc.server.leader.outstanding.appends.max = 128 (default)
2019-07-30 19:24:33,735 INFO  server.RaftServerConfigKeys (ConfUtils.java:logGet(43)) - raft.server.rpc.request.timeout = 3000ms (default)
2019-07-30 19:24:33,735 INFO  server.RaftServerConfigKeys (ConfUtils.java:logGet(43)) - raft.server.log.appender.install.snapshot.enabled = false (custom)
2019-07-30 19:24:33,735 INFO  impl.RoleInfo (RoleInfo.java:updateAndGet(143)) - caa8b8d2-d638-4306-8dd7-ea5e547edd63: start LeaderState
2019-07-30 19:24:33,735 INFO  segmented.SegmentedRaftLogWorker (SegmentedRaftLogWorker.java:startLogSegment(380)) - caa8b8d2-d638-4306-8dd7-ea5e547edd63-SegmentedRaftLogWorker:Storage Directory /workdir/hadoop-ozone/integration-test/target/test-dir/MiniOzoneClusterImpl-5e904719-a08a-4eb0-9523-00d8d6adb52c/datanode-5/data/ratis/3f198b00-defa-4515-9d02-8a033cc73848: Starting segment from index:0
2019-07-30 19:24:33,736 INFO  impl.RaftServerImpl (ServerState.java:setRaftConf(361)) - caa8b8d2-d638-4306-8dd7-ea5e547edd63:group-8A033CC73848 set configuration 0: [f441f724-e66f-4c24-bd50-28b7c9ee9ce6:192.168.5.147:33032, 6615b6ad-88ee-4030-9311-adc02a0cbf11:192.168.5.147:36190, caa8b8d2-d638-4306-8dd7-ea5e547edd63:192.168.5.147:42983], old=null at 0
2019-07-30 19:24:33,738 INFO  impl.RaftServerImpl (ServerState.java:setLeader(263)) - f441f724-e66f-4c24-bd50-28b7c9ee9ce6:group-8A033CC73848 change Leader from null to caa8b8d2-d638-4306-8dd7-ea5e547edd63 at term 1 for appendEntries, leader elected after 5076ms
2019-07-30 19:24:33,739 INFO  impl.RaftServerImpl (ServerState.java:setLeader(263)) - 6615b6ad-88ee-4030-9311-adc02a0cbf11:group-8A033CC73848 change Leader from null to caa8b8d2-d638-4306-8dd7-ea5e547edd63 at term 1 for appendEntries, leader elected after 5077ms
2019-07-30 19:24:33,763 INFO  impl.RaftServerImpl (ServerState.java:setRaftConf(361)) - 6615b6ad-88ee-4030-9311-adc02a0cbf11:group-8A033CC73848 set configuration 0: [f441f724-e66f-4c24-bd50-28b7c9ee9ce6:192.168.5.147:33032, 6615b6ad-88ee-4030-9311-adc02a0cbf11:192.168.5.147:36190, caa8b8d2-d638-4306-8dd7-ea5e547edd63:192.168.5.147:42983], old=null at 0
2019-07-30 19:24:33,763 INFO  segmented.SegmentedRaftLogWorker (SegmentedRaftLogWorker.java:startLogSegment(380)) - 6615b6ad-88ee-4030-9311-adc02a0cbf11-SegmentedRaftLogWorker:Storage Directory /workdir/hadoop-ozone/integration-test/target/test-dir/MiniOzoneClusterImpl-5e904719-a08a-4eb0-9523-00d8d6adb52c/datanode-3/data/ratis/3f198b00-defa-4515-9d02-8a033cc73848: Starting segment from index:0
2019-07-30 19:24:33,766 INFO  impl.RaftServerImpl (ServerState.java:setRaftConf(361)) - f441f724-e66f-4c24-bd50-28b7c9ee9ce6:group-8A033CC73848 set configuration 0: [f441f724-e66f-4c24-bd50-28b7c9ee9ce6:192.168.5.147:33032, 6615b6ad-88ee-4030-9311-adc02a0cbf11:192.168.5.147:36190, caa8b8d2-d638-4306-8dd7-ea5e547edd63:192.168.5.147:42983], old=null at 0
2019-07-30 19:24:33,766 INFO  segmented.SegmentedRaftLogWorker (SegmentedRaftLogWorker.java:startLogSegment(380)) - f441f724-e66f-4c24-bd50-28b7c9ee9ce6-SegmentedRaftLogWorker:Storage Directory /workdir/hadoop-ozone/integration-test/target/test-dir/MiniOzoneClusterImpl-5e904719-a08a-4eb0-9523-00d8d6adb52c/datanode-4/data/ratis/3f198b00-defa-4515-9d02-8a033cc73848: Starting segment from index:0
2019-07-30 19:24:33,768 INFO  segmented.SegmentedRaftLogWorker (SegmentedRaftLogWorker.java:execute(569)) - caa8b8d2-d638-4306-8dd7-ea5e547edd63-SegmentedRaftLogWorker:Storage Directory /workdir/hadoop-ozone/integration-test/target/test-dir/MiniOzoneClusterImpl-5e904719-a08a-4eb0-9523-00d8d6adb52c/datanode-5/data/ratis/3f198b00-defa-4515-9d02-8a033cc73848: created new log segment /workdir/hadoop-ozone/integration-test/target/test-dir/MiniOzoneClusterImpl-5e904719-a08a-4eb0-9523-00d8d6adb52c/datanode-5/data/ratis/3f198b00-defa-4515-9d02-8a033cc73848/current/log_inprogress_0
2019-07-30 19:24:33,797 INFO  segmented.SegmentedRaftLogWorker (SegmentedRaftLogWorker.java:execute(569)) - f441f724-e66f-4c24-bd50-28b7c9ee9ce6-SegmentedRaftLogWorker:Storage Directory /workdir/hadoop-ozone/integration-test/target/test-dir/MiniOzoneClusterImpl-5e904719-a08a-4eb0-9523-00d8d6adb52c/datanode-4/data/ratis/3f198b00-defa-4515-9d02-8a033cc73848: created new log segment /workdir/hadoop-ozone/integration-test/target/test-dir/MiniOzoneClusterImpl-5e904719-a08a-4eb0-9523-00d8d6adb52c/datanode-4/data/ratis/3f198b00-defa-4515-9d02-8a033cc73848/current/log_inprogress_0
2019-07-30 19:24:33,797 INFO  segmented.SegmentedRaftLogWorker (SegmentedRaftLogWorker.java:execute(569)) - 6615b6ad-88ee-4030-9311-adc02a0cbf11-SegmentedRaftLogWorker:Storage Directory /workdir/hadoop-ozone/integration-test/target/test-dir/MiniOzoneClusterImpl-5e904719-a08a-4eb0-9523-00d8d6adb52c/datanode-3/data/ratis/3f198b00-defa-4515-9d02-8a033cc73848: created new log segment /workdir/hadoop-ozone/integration-test/target/test-dir/MiniOzoneClusterImpl-5e904719-a08a-4eb0-9523-00d8d6adb52c/datanode-3/data/ratis/3f198b00-defa-4515-9d02-8a033cc73848/current/log_inprogress_0
2019-07-30 19:24:33,893 INFO  impl.FollowerState (FollowerState.java:run(106)) - f94ed98b-697d-40e0-ba9b-85f65122946a:group-766C84C62C72 changes to CANDIDATE, lastRpcTime:5039, electionTimeout:5039ms
2019-07-30 19:24:33,893 INFO  impl.RoleInfo (RoleInfo.java:shutdownFollowerState(121)) - f94ed98b-697d-40e0-ba9b-85f65122946a: shutdown FollowerState
2019-07-30 19:24:33,893 INFO  impl.RaftServerImpl (RaftServerImpl.java:setRole(171)) - f94ed98b-697d-40e0-ba9b-85f65122946a:group-766C84C62C72 changes role from FOLLOWER to CANDIDATE at term 0 for changeToCandidate
2019-07-30 19:24:33,893 INFO  impl.RoleInfo (RoleInfo.java:updateAndGet(143)) - f94ed98b-697d-40e0-ba9b-85f65122946a: start LeaderElection
2019-07-30 19:24:33,910 INFO  impl.LeaderElection (LeaderElection.java:askForVotes(181)) - f94ed98b-697d-40e0-ba9b-85f65122946a:group-766C84C62C72:LeaderElection24: begin an election at term 1 for -1: [f94ed98b-697d-40e0-ba9b-85f65122946a:192.168.5.147:34255], old=null
2019-07-30 19:24:33,910 INFO  impl.RoleInfo (RoleInfo.java:shutdownLeaderElection(134)) - f94ed98b-697d-40e0-ba9b-85f65122946a: shutdown LeaderElection
2019-07-30 19:24:33,910 INFO  impl.RaftServerImpl (RaftServerImpl.java:setRole(171)) - f94ed98b-697d-40e0-ba9b-85f65122946a:group-766C84C62C72 changes role from CANDIDATE to LEADER at term 1 for changeToLeader
2019-07-30 19:24:33,911 INFO  impl.RaftServerImpl (ServerState.java:setLeader(263)) - f94ed98b-697d-40e0-ba9b-85f65122946a:group-766C84C62C72 change Leader from null to f94ed98b-697d-40e0-ba9b-85f65122946a at term 1 for becomeLeader, leader elected after 5061ms
2019-07-30 19:24:33,920 INFO  server.RaftServerConfigKeys (ConfUtils.java:logGet(43)) - raft.server.staging.catchup.gap = 1000 (default)
2019-07-30 19:24:33,921 INFO  server.RaftServerConfigKeys (ConfUtils.java:logGet(43)) - raft.server.rpc.sleep.time = 25ms (default)
2019-07-30 19:24:33,921 INFO  server.RaftServerConfigKeys (ConfUtils.java:logGet(43)) - raft.server.write.element-limit = 4096 (default)
2019-07-30 19:24:33,921 INFO  server.RaftServerConfigKeys (ConfUtils.java:logGet(43)) - raft.server.watch.timeout = 10s (default)
2019-07-30 19:24:33,921 INFO  server.RaftServerConfigKeys (ConfUtils.java:logGet(43)) - raft.server.watch.timeout.denomination = 1s (default)
2019-07-30 19:24:33,922 INFO  server.RaftServerConfigKeys (ConfUtils.java:logGet(43)) - raft.server.watch.element-limit = 65536 (default)
2019-07-30 19:24:33,922 INFO  impl.RoleInfo (RoleInfo.java:updateAndGet(143)) - f94ed98b-697d-40e0-ba9b-85f65122946a: start LeaderState
2019-07-30 19:24:33,922 INFO  segmented.SegmentedRaftLogWorker (SegmentedRaftLogWorker.java:startLogSegment(380)) - f94ed98b-697d-40e0-ba9b-85f65122946a-SegmentedRaftLogWorker:Storage Directory /workdir/hadoop-ozone/integration-test/target/test-dir/MiniOzoneClusterImpl-5e904719-a08a-4eb0-9523-00d8d6adb52c/datanode-6/data/ratis/4653dece-d367-4545-b2f5-766c84c62c72: Starting segment from index:0
2019-07-30 19:24:33,923 INFO  impl.RaftServerImpl (ServerState.java:setRaftConf(361)) - f94ed98b-697d-40e0-ba9b-85f65122946a:group-766C84C62C72 set configuration 0: [f94ed98b-697d-40e0-ba9b-85f65122946a:192.168.5.147:34255], old=null at 0
2019-07-30 19:24:33,966 INFO  segmented.SegmentedRaftLogWorker (SegmentedRaftLogWorker.java:execute(569)) - f94ed98b-697d-40e0-ba9b-85f65122946a-SegmentedRaftLogWorker:Storage Directory /workdir/hadoop-ozone/integration-test/target/test-dir/MiniOzoneClusterImpl-5e904719-a08a-4eb0-9523-00d8d6adb52c/datanode-6/data/ratis/4653dece-d367-4545-b2f5-766c84c62c72: created new log segment /workdir/hadoop-ozone/integration-test/target/test-dir/MiniOzoneClusterImpl-5e904719-a08a-4eb0-9523-00d8d6adb52c/datanode-6/data/ratis/4653dece-d367-4545-b2f5-766c84c62c72/current/log_inprogress_0
2019-07-30 19:24:34,058 INFO  client.GrpcClientProtocolClient (GrpcClientProtocolClient.java:onNext(255)) - client-6D820963DB13->caa8b8d2-d638-4306-8dd7-ea5e547edd63: receive RaftClientReply:client-6D820963DB13->caa8b8d2-d638-4306-8dd7-ea5e547edd63@group-8A033CC73848, cid=42, SUCCESS, logIndex=1, commits[caa8b8d2-d638-4306-8dd7-ea5e547edd63:c2, f441f724-e66f-4c24-bd50-28b7c9ee9ce6:c1, 6615b6ad-88ee-4030-9311-adc02a0cbf11:c1]
2019-07-30 19:24:34,194 INFO  client.GrpcClientProtocolClient (GrpcClientProtocolClient.java:onNext(255)) - client-6D820963DB13->caa8b8d2-d638-4306-8dd7-ea5e547edd63: receive RaftClientReply:client-6D820963DB13->caa8b8d2-d638-4306-8dd7-ea5e547edd63@group-8A033CC73848, cid=43, SUCCESS, logIndex=3, commits[caa8b8d2-d638-4306-8dd7-ea5e547edd63:c4, f441f724-e66f-4c24-bd50-28b7c9ee9ce6:c3, 6615b6ad-88ee-4030-9311-adc02a0cbf11:c3]
2019-07-30 19:24:34,247 INFO  client.GrpcClientProtocolClient (GrpcClientProtocolClient.java:onNext(255)) - client-6D820963DB13->caa8b8d2-d638-4306-8dd7-ea5e547edd63: receive RaftClientReply:client-6D820963DB13->caa8b8d2-d638-4306-8dd7-ea5e547edd63@group-8A033CC73848, cid=44, SUCCESS, logIndex=5, commits[caa8b8d2-d638-4306-8dd7-ea5e547edd63:c6, f441f724-e66f-4c24-bd50-28b7c9ee9ce6:c5, 6615b6ad-88ee-4030-9311-adc02a0cbf11:c5]
2019-07-30 19:24:34,268 INFO  client.GrpcClientProtocolClient (GrpcClientProtocolClient.java:onNext(255)) - client-6D820963DB13->caa8b8d2-d638-4306-8dd7-ea5e547edd63: receive RaftClientReply:client-6D820963DB13->caa8b8d2-d638-4306-8dd7-ea5e547edd63@group-8A033CC73848, cid=45, FAILED org.apache.ratis.protocol.StateMachineException: java.util.concurrent.CompletionException: java.lang.IllegalArgumentException, logIndex=7, commits[caa8b8d2-d638-4306-8dd7-ea5e547edd63:c7, f441f724-e66f-4c24-bd50-28b7c9ee9ce6:c6, 6615b6ad-88ee-4030-9311-adc02a0cbf11:c6]
2019-07-30 19:24:34,272 INFO  ozone.MiniOzoneClusterImpl (MiniOzoneClusterImpl.java:shutdown(321)) - Shutting down the Mini Ozone Cluster
2019-07-30 19:24:34,273 INFO  ozone.MiniOzoneClusterImpl (MiniOzoneClusterImpl.java:stop(336)) - Stopping the Mini Ozone Cluster
2019-07-30 19:24:34,273 INFO  ozone.MiniOzoneClusterImpl (MiniOzoneClusterImpl.java:stop(338)) - Stopping the OzoneManager
2019-07-30 19:24:34,273 INFO  ipc.Server (Server.java:stop(3082)) - Stopping server on 38635
2019-07-30 19:24:34,297 INFO  ipc.Server (Server.java:run(1185)) - Stopping IPC Server listener on 38635
2019-07-30 19:24:34,297 INFO  ipc.Server (Server.java:run(1319)) - Stopping IPC Server Responder
2019-07-30 19:24:34,297 INFO  utils.BackgroundService (BackgroundService.java:shutdown(148)) - Shutting down service KeyDeletingService
2019-07-30 19:24:34,329 INFO  handler.ContextHandler (ContextHandler.java:doStop(910)) - Stopped o.e.j.w.WebAppContext@6133e20b{/,null,UNAVAILABLE}{/ozoneManager}
2019-07-30 19:24:34,330 INFO  server.AbstractConnector (AbstractConnector.java:doStop(318)) - Stopped ServerConnector@30ffb2a6{HTTP/1.1,[http/1.1]}{0.0.0.0:0}
2019-07-30 19:24:34,330 INFO  handler.ContextHandler (ContextHandler.java:doStop(910)) - Stopped o.e.j.s.ServletContextHandler@7996d0d4{/static,file:///workdir/hadoop-ozone/integration-test/target/test-classes/webapps/static,UNAVAILABLE}
2019-07-30 19:24:34,331 INFO  handler.ContextHandler (ContextHandler.java:doStop(910)) - Stopped o.e.j.s.ServletContextHandler@455f4483{/logs,file:///workdir/hadoop-ozone/integration-test/target/log,UNAVAILABLE}
2019-07-30 19:24:34,333 INFO  ozone.MiniOzoneClusterImpl (MiniOzoneClusterImpl.java:stop(344)) - Shutting the HddsDatanodes
2019-07-30 19:24:34,334 INFO  datanode.ObjectStoreHandler (ObjectStoreHandler.java:close(155)) - Closing ObjectStoreHandler.
2019-07-30 19:24:34,334 INFO  datanode.ObjectStoreHandler (ObjectStoreHandler.java:close(155)) - Closing ObjectStoreHandler.
2019-07-30 19:24:34,335 INFO  ozone.HddsDatanodeService (HddsDatanodeService.java:stop(451)) - Stopped plug-in org.apache.hadoop.ozone.web.OzoneHddsDatanodeService@73b0ed03
2019-07-30 19:24:34,335 INFO  ozone.HddsDatanodeService (HddsDatanodeService.java:stop(451)) - Stopped plug-in org.apache.hadoop.ozone.web.OzoneHddsDatanodeService@35f760a4
2019-07-30 19:24:34,555 INFO  statemachine.DatanodeStateMachine (DatanodeStateMachine.java:lambda$startDaemon$0(350)) - Ozone container server started.
2019-07-30 19:24:35,316 INFO  statemachine.DatanodeStateMachine (DatanodeStateMachine.java:lambda$startDaemon$0(350)) - Ozone container server started.
2019-07-30 19:24:39,336 INFO  ozoneimpl.OzoneContainer (OzoneContainer.java:stop(199)) - Attempting to stop container services.
2019-07-30 19:24:39,336 INFO  ozoneimpl.OzoneContainer (OzoneContainer.java:stop(199)) - Attempting to stop container services.
2019-07-30 19:24:39,337 INFO  impl.RaftServerProxy (RaftServerProxy.java:lambda$close$4(314)) - 5152d23a-019f-4fdf-ad40-44f3a5af89e0: close
2019-07-30 19:24:39,337 INFO  impl.RaftServerProxy (RaftServerProxy.java:lambda$close$4(314)) - f441f724-e66f-4c24-bd50-28b7c9ee9ce6: close
2019-07-30 19:24:39,337 INFO  impl.RaftServerImpl (RaftServerImpl.java:lambda$shutdown$3(245)) - 5152d23a-019f-4fdf-ad40-44f3a5af89e0: shutdown group-CF752D89D5BD
2019-07-30 19:24:39,338 INFO  impl.RaftServerImpl (RaftServerImpl.java:lambda$shutdown$3(245)) - f441f724-e66f-4c24-bd50-28b7c9ee9ce6: shutdown group-8A033CC73848
2019-07-30 19:24:39,338 INFO  util.JmxRegister (JmxRegister.java:unregister(73)) - Successfully un-registered JMX Bean with object name Ratis:service=RaftServer,group=group-CF752D89D5BD,id=5152d23a-019f-4fdf-ad40-44f3a5af89e0
2019-07-30 19:24:39,339 INFO  impl.RoleInfo (RoleInfo.java:shutdownLeaderState(104)) - 5152d23a-019f-4fdf-ad40-44f3a5af89e0: shutdown LeaderState
2019-07-30 19:24:39,338 INFO  util.JmxRegister (JmxRegister.java:unregister(73)) - Successfully un-registered JMX Bean with object name Ratis:service=RaftServer,group=group-8A033CC73848,id=f441f724-e66f-4c24-bd50-28b7c9ee9ce6
2019-07-30 19:24:39,339 INFO  impl.PendingRequests (PendingRequests.java:sendNotLeaderResponses(202)) - 5152d23a-019f-4fdf-ad40-44f3a5af89e0-PendingRequests: sendNotLeaderResponses
2019-07-30 19:24:39,339 INFO  impl.RoleInfo (RoleInfo.java:shutdownFollowerState(121)) - f441f724-e66f-4c24-bd50-28b7c9ee9ce6: shutdown FollowerState
2019-07-30 19:24:39,340 INFO  impl.StateMachineUpdater (StateMachineUpdater.java:stopAndJoin(115)) - StateMachineUpdater:5152d23a-019f-4fdf-ad40-44f3a5af89e0:group-CF752D89D5BD: set stopIndex = 0
2019-07-30 19:24:39,340 INFO  ratis.ContainerStateMachine (ContainerStateMachine.java:takeSnapshot(262)) - group-8A033CC73848: Taking a snapshot at:(t:1, i:6) file /workdir/hadoop-ozone/integration-test/target/test-dir/MiniOzoneClusterImpl-5e904719-a08a-4eb0-9523-00d8d6adb52c/datanode-4/data/ratis/3f198b00-defa-4515-9d02-8a033cc73848/sm/snapshot.1_6
2019-07-30 19:24:39,340 INFO  impl.FollowerState (FollowerState.java:run(114)) - f441f724-e66f-4c24-bd50-28b7c9ee9ce6: FollowerState was interrupted: java.lang.InterruptedException: sleep interrupted
2019-07-30 19:24:39,340 INFO  impl.StateMachineUpdater (StateMachineUpdater.java:stopAndJoin(115)) - StateMachineUpdater:f441f724-e66f-4c24-bd50-28b7c9ee9ce6:group-8A033CC73848: set stopIndex = 8
2019-07-30 19:24:39,341 INFO  impl.RaftServerImpl (ServerState.java:close(394)) - 5152d23a-019f-4fdf-ad40-44f3a5af89e0:group-CF752D89D5BD closes. The last applied log index is 0
2019-07-30 19:24:39,345 INFO  segmented.SegmentedRaftLogWorker (SegmentedRaftLogWorker.java:run(313)) - 5152d23a-019f-4fdf-ad40-44f3a5af89e0-SegmentedRaftLogWorker:Storage Directory /workdir/hadoop-ozone/integration-test/target/test-dir/MiniOzoneClusterImpl-5e904719-a08a-4eb0-9523-00d8d6adb52c/datanode-1/data/ratis/e31e942b-b4ef-4c28-ba62-cf752d89d5bd was interrupted, exiting. There are 0 tasks remaining in the queue.
2019-07-30 19:24:39,351 INFO  segmented.SegmentedRaftLogWorker (SegmentedRaftLogWorker.java:close(228)) - 5152d23a-019f-4fdf-ad40-44f3a5af89e0-SegmentedRaftLogWorker:Storage Directory /workdir/hadoop-ozone/integration-test/target/test-dir/MiniOzoneClusterImpl-5e904719-a08a-4eb0-9523-00d8d6adb52c/datanode-1/data/ratis/e31e942b-b4ef-4c28-ba62-cf752d89d5bd close()
2019-07-30 19:24:39,356 INFO  ratis.ContainerStateMachine (ContainerStateMachine.java:takeSnapshot(273)) - group-8A033CC73848: Finished taking a snapshot at:(t:1, i:6) file:/workdir/hadoop-ozone/integration-test/target/test-dir/MiniOzoneClusterImpl-5e904719-a08a-4eb0-9523-00d8d6adb52c/datanode-4/data/ratis/3f198b00-defa-4515-9d02-8a033cc73848/sm/snapshot.1_6 time:14
2019-07-30 19:24:39,357 INFO  impl.RaftServerImpl (RaftServerImpl.java:lambda$shutdown$3(245)) - 5152d23a-019f-4fdf-ad40-44f3a5af89e0: shutdown group-D56295E18C3D
2019-07-30 19:24:39,357 INFO  impl.StateMachineUpdater (StateMachineUpdater.java:takeSnapshot(242)) - StateMachineUpdater:f441f724-e66f-4c24-bd50-28b7c9ee9ce6:group-8A033CC73848: Took a snapshot at index 6
2019-07-30 19:24:39,357 INFO  util.JmxRegister (JmxRegister.java:unregister(73)) - Successfully un-registered JMX Bean with object name Ratis:service=RaftServer,group=group-D56295E18C3D,id=5152d23a-019f-4fdf-ad40-44f3a5af89e0
2019-07-30 19:24:39,357 INFO  impl.StateMachineUpdater (StateMachineUpdater.java:lambda$new$0(80)) - StateMachineUpdater:f441f724-e66f-4c24-bd50-28b7c9ee9ce6:group-8A033CC73848: snapshotIndex: updateIncreasingly -1 -> 6
2019-07-30 19:24:39,357 INFO  impl.RoleInfo (RoleInfo.java:shutdownLeaderState(104)) - 5152d23a-019f-4fdf-ad40-44f3a5af89e0: shutdown LeaderState
2019-07-30 19:24:39,362 INFO  impl.RaftServerImpl (ServerState.java:close(394)) - f441f724-e66f-4c24-bd50-28b7c9ee9ce6:group-8A033CC73848 closes. The last applied log index is 8
2019-07-30 19:24:39,363 WARN  server.GrpcLogAppender (GrpcLogAppender.java:mayWait(143)) - GrpcLogAppender(5152d23a-019f-4fdf-ad40-44f3a5af89e0->d78c5311-1ee2-41ae-b3e0-25a7764f2197): Wait interrupted by java.lang.InterruptedException
2019-07-30 19:24:39,362 INFO  impl.PendingRequests (PendingRequests.java:sendNotLeaderResponses(202)) - 5152d23a-019f-4fdf-ad40-44f3a5af89e0-PendingRequests: sendNotLeaderResponses
2019-07-30 19:24:39,362 WARN  server.GrpcLogAppender (GrpcLogAppender.java:mayWait(143)) - GrpcLogAppender(5152d23a-019f-4fdf-ad40-44f3a5af89e0->0d2a94fb-2d77-4fa7-a5c5-a38a0a96ae2a): Wait interrupted by java.lang.InterruptedException
2019-07-30 19:24:39,364 INFO  impl.StateMachineUpdater (StateMachineUpdater.java:stopAndJoin(115)) - StateMachineUpdater:5152d23a-019f-4fdf-ad40-44f3a5af89e0:group-D56295E18C3D: set stopIndex = 0
2019-07-30 19:24:39,364 INFO  impl.RaftServerImpl (ServerState.java:close(394)) - 5152d23a-019f-4fdf-ad40-44f3a5af89e0:group-D56295E18C3D closes. The last applied log index is 0
2019-07-30 19:24:39,363 INFO  segmented.SegmentedRaftLogWorker (SegmentedRaftLogWorker.java:run(313)) - f441f724-e66f-4c24-bd50-28b7c9ee9ce6-SegmentedRaftLogWorker:Storage Directory /workdir/hadoop-ozone/integration-test/target/test-dir/MiniOzoneClusterImpl-5e904719-a08a-4eb0-9523-00d8d6adb52c/datanode-4/data/ratis/3f198b00-defa-4515-9d02-8a033cc73848 was interrupted, exiting. There are 0 tasks remaining in the queue.
2019-07-30 19:24:39,364 INFO  segmented.SegmentedRaftLogWorker (SegmentedRaftLogWorker.java:run(313)) - 5152d23a-019f-4fdf-ad40-44f3a5af89e0-SegmentedRaftLogWorker:Storage Directory /workdir/hadoop-ozone/integration-test/target/test-dir/MiniOzoneClusterImpl-5e904719-a08a-4eb0-9523-00d8d6adb52c/datanode-1/data/ratis/5fec00bd-b7e8-44ff-879d-d56295e18c3d was interrupted, exiting. There are 0 tasks remaining in the queue.
2019-07-30 19:24:39,364 INFO  server.GrpcServerProtocolService (GrpcServerProtocolService.java:onCompleted(104)) - 0d2a94fb-2d77-4fa7-a5c5-a38a0a96ae2a: appendEntries completed
2019-07-30 19:24:39,364 INFO  server.GrpcServerProtocolService (GrpcServerProtocolService.java:onCompleted(104)) - d78c5311-1ee2-41ae-b3e0-25a7764f2197: appendEntries completed
2019-07-30 19:24:39,369 INFO  segmented.SegmentedRaftLogWorker (SegmentedRaftLogWorker.java:close(228)) - 5152d23a-019f-4fdf-ad40-44f3a5af89e0-SegmentedRaftLogWorker:Storage Directory /workdir/hadoop-ozone/integration-test/target/test-dir/MiniOzoneClusterImpl-5e904719-a08a-4eb0-9523-00d8d6adb52c/datanode-1/data/ratis/5fec00bd-b7e8-44ff-879d-d56295e18c3d close()
2019-07-30 19:24:39,367 INFO  segmented.SegmentedRaftLogWorker (SegmentedRaftLogWorker.java:close(228)) - f441f724-e66f-4c24-bd50-28b7c9ee9ce6-SegmentedRaftLogWorker:Storage Directory /workdir/hadoop-ozone/integration-test/target/test-dir/MiniOzoneClusterImpl-5e904719-a08a-4eb0-9523-00d8d6adb52c/datanode-4/data/ratis/3f198b00-defa-4515-9d02-8a033cc73848 close()
2019-07-30 19:24:39,375 INFO  server.GrpcLogAppender (GrpcLogAppender.java:onCompleted(292)) - 5152d23a-019f-4fdf-ad40-44f3a5af89e0->0d2a94fb-2d77-4fa7-a5c5-a38a0a96ae2a: follower responses appendEntries COMPLETED
2019-07-30 19:24:39,375 INFO  server.GrpcService (GrpcService.java:closeImpl(155)) - 5152d23a-019f-4fdf-ad40-44f3a5af89e0: shutdown server with port 41099 now
2019-07-30 19:24:39,380 INFO  impl.RaftServerImpl (RaftServerImpl.java:lambda$shutdown$3(245)) - f441f724-e66f-4c24-bd50-28b7c9ee9ce6: shutdown group-189F26C135B3
2019-07-30 19:24:39,375 INFO  server.GrpcLogAppender (GrpcLogAppender.java:onCompleted(292)) - 5152d23a-019f-4fdf-ad40-44f3a5af89e0->d78c5311-1ee2-41ae-b3e0-25a7764f2197: follower responses appendEntries COMPLETED
2019-07-30 19:24:39,388 INFO  util.JmxRegister (JmxRegister.java:unregister(73)) - Successfully un-registered JMX Bean with object name Ratis:service=RaftServer,group=group-189F26C135B3,id=f441f724-e66f-4c24-bd50-28b7c9ee9ce6
2019-07-30 19:24:39,389 INFO  impl.RoleInfo (RoleInfo.java:shutdownLeaderState(104)) - f441f724-e66f-4c24-bd50-28b7c9ee9ce6: shutdown LeaderState
2019-07-30 19:24:39,388 INFO  server.GrpcService (GrpcService.java:closeImpl(163)) - 5152d23a-019f-4fdf-ad40-44f3a5af89e0: shutdown server with port 41099 successfully
2019-07-30 19:24:39,383 INFO  impl.FollowerInfo (FollowerInfo.java:lambda$new$0(50)) - 5152d23a-019f-4fdf-ad40-44f3a5af89e0->0d2a94fb-2d77-4fa7-a5c5-a38a0a96ae2a: nextIndex: updateUnconditionally 1 -> 0
2019-07-30 19:24:39,389 INFO  impl.PendingRequests (PendingRequests.java:sendNotLeaderResponses(202)) - f441f724-e66f-4c24-bd50-28b7c9ee9ce6-PendingRequests: sendNotLeaderResponses
2019-07-30 19:24:39,388 INFO  impl.FollowerInfo (FollowerInfo.java:lambda$new$0(50)) - 5152d23a-019f-4fdf-ad40-44f3a5af89e0->d78c5311-1ee2-41ae-b3e0-25a7764f2197: nextIndex: updateUnconditionally 1 -> 0
2019-07-30 19:24:39,390 INFO  utils.BackgroundService (BackgroundService.java:shutdown(148)) - Shutting down service BlockDeletingService
2019-07-30 19:24:39,390 INFO  impl.StateMachineUpdater (StateMachineUpdater.java:stopAndJoin(115)) - StateMachineUpdater:f441f724-e66f-4c24-bd50-28b7c9ee9ce6:group-189F26C135B3: set stopIndex = 0
2019-07-30 19:24:39,391 INFO  impl.RaftServerImpl (ServerState.java:close(394)) - f441f724-e66f-4c24-bd50-28b7c9ee9ce6:group-189F26C135B3 closes. The last applied log index is 0
2019-07-30 19:24:39,391 INFO  segmented.SegmentedRaftLogWorker (SegmentedRaftLogWorker.java:run(313)) - f441f724-e66f-4c24-bd50-28b7c9ee9ce6-SegmentedRaftLogWorker:Storage Directory /workdir/hadoop-ozone/integration-test/target/test-dir/MiniOzoneClusterImpl-5e904719-a08a-4eb0-9523-00d8d6adb52c/datanode-4/data/ratis/7ecd6255-1b16-4a84-822e-189f26c135b3 was interrupted, exiting. There are 0 tasks remaining in the queue.
2019-07-30 19:24:39,392 WARN  fs.CachingGetSpaceUsed (CachingGetSpaceUsed.java:run(183)) - Thread Interrupted waiting to refresh disk information: sleep interrupted
2019-07-30 19:24:39,394 INFO  segmented.SegmentedRaftLogWorker (SegmentedRaftLogWorker.java:close(228)) - f441f724-e66f-4c24-bd50-28b7c9ee9ce6-SegmentedRaftLogWorker:Storage Directory /workdir/hadoop-ozone/integration-test/target/test-dir/MiniOzoneClusterImpl-5e904719-a08a-4eb0-9523-00d8d6adb52c/datanode-4/data/ratis/7ecd6255-1b16-4a84-822e-189f26c135b3 close()
2019-07-30 19:24:39,410 INFO  server.GrpcService (GrpcService.java:closeImpl(155)) - f441f724-e66f-4c24-bd50-28b7c9ee9ce6: shutdown server with port 33032 now
2019-07-30 19:24:39,411 WARN  server.GrpcServerProtocolService (LogUtils.java:warn(134)) - f441f724-e66f-4c24-bd50-28b7c9ee9ce6: appendEntries onError: org.apache.ratis.thirdparty.io.grpc.StatusRuntimeException: CANCELLED: cancelled before receiving half close
2019-07-30 19:24:39,411 INFO  server.GrpcService (GrpcService.java:closeImpl(163)) - f441f724-e66f-4c24-bd50-28b7c9ee9ce6: shutdown server with port 33032 successfully
2019-07-30 19:24:39,411 WARN  server.GrpcLogAppender (LogUtils.java:warn(134)) - caa8b8d2-d638-4306-8dd7-ea5e547edd63->f441f724-e66f-4c24-bd50-28b7c9ee9ce6: Failed appendEntries: org.apache.ratis.thirdparty.io.grpc.StatusRuntimeException: CANCELLED: HTTP/2 error code: CANCEL
Received Rst Stream
2019-07-30 19:24:39,416 INFO  impl.FollowerInfo (FollowerInfo.java:lambda$new$0(50)) - caa8b8d2-d638-4306-8dd7-ea5e547edd63->f441f724-e66f-4c24-bd50-28b7c9ee9ce6: nextIndex: updateUnconditionally 9 -> 8
2019-07-30 19:24:39,418 INFO  utils.BackgroundService (BackgroundService.java:shutdown(148)) - Shutting down service BlockDeletingService
2019-07-30 19:24:39,418 WARN  fs.CachingGetSpaceUsed (CachingGetSpaceUsed.java:run(183)) - Thread Interrupted waiting to refresh disk information: sleep interrupted
2019-07-30 19:24:39,441 INFO  statemachine.DatanodeStateMachine (DatanodeStateMachine.java:stopDaemon(395)) - Ozone container server stopped.
2019-07-30 19:24:39,441 INFO  statemachine.DatanodeStateMachine (DatanodeStateMachine.java:stopDaemon(395)) - Ozone container server stopped.
2019-07-30 19:24:39,455 INFO  handler.ContextHandler (ContextHandler.java:doStop(910)) - Stopped o.e.j.w.WebAppContext@3c3ab672{/,null,UNAVAILABLE}{/hddsDatanode}
2019-07-30 19:24:39,457 INFO  handler.ContextHandler (ContextHandler.java:doStop(910)) - Stopped o.e.j.w.WebAppContext@2913ca3e{/,null,UNAVAILABLE}{/hddsDatanode}
2019-07-30 19:24:39,458 INFO  server.AbstractConnector (AbstractConnector.java:doStop(318)) - Stopped ServerConnector@3e6acec2{HTTP/1.1,[http/1.1]}{0.0.0.0:0}
2019-07-30 19:24:39,458 INFO  server.AbstractConnector (AbstractConnector.java:doStop(318)) - Stopped ServerConnector@636dbfe7{HTTP/1.1,[http/1.1]}{0.0.0.0:0}
2019-07-30 19:24:39,458 INFO  handler.ContextHandler (ContextHandler.java:doStop(910)) - Stopped o.e.j.s.ServletContextHandler@35ceec81{/static,jar:file:/home/user/.m2/repository/org/apache/hadoop/hadoop-hdds-container-service/0.4.1-SNAPSHOT/hadoop-hdds-container-service-0.4.1-SNAPSHOT.jar!/webapps/static,UNAVAILABLE}
2019-07-30 19:24:39,460 INFO  handler.ContextHandler (ContextHandler.java:doStop(910)) - Stopped o.e.j.s.ServletContextHandler@4cc26df{/static,jar:file:/home/user/.m2/repository/org/apache/hadoop/hadoop-hdds-container-service/0.4.1-SNAPSHOT/hadoop-hdds-container-service-0.4.1-SNAPSHOT.jar!/webapps/static,UNAVAILABLE}
2019-07-30 19:24:39,460 INFO  handler.ContextHandler (ContextHandler.java:doStop(910)) - Stopped o.e.j.s.ServletContextHandler@51141f64{/logs,file:///workdir/hadoop-ozone/integration-test/target/log,UNAVAILABLE}
2019-07-30 19:24:39,463 INFO  handler.ContextHandler (ContextHandler.java:doStop(910)) - Stopped o.e.j.s.ServletContextHandler@297bd171{/logs,file:///workdir/hadoop-ozone/integration-test/target/log,UNAVAILABLE}
2019-07-30 19:24:39,463 INFO  datanode.ObjectStoreHandler (ObjectStoreHandler.java:close(155)) - Closing ObjectStoreHandler.
2019-07-30 19:24:39,464 INFO  datanode.ObjectStoreHandler (ObjectStoreHandler.java:close(155)) - Closing ObjectStoreHandler.
2019-07-30 19:24:39,464 INFO  ozone.HddsDatanodeService (HddsDatanodeService.java:stop(451)) - Stopped plug-in org.apache.hadoop.ozone.web.OzoneHddsDatanodeService@516c20de
2019-07-30 19:24:39,464 INFO  ozone.HddsDatanodeService (HddsDatanodeService.java:stop(451)) - Stopped plug-in org.apache.hadoop.ozone.web.OzoneHddsDatanodeService@2fa212df
2019-07-30 19:24:39,765 INFO  statemachine.DatanodeStateMachine (DatanodeStateMachine.java:lambda$startDaemon$0(350)) - Ozone container server started.
2019-07-30 19:24:40,305 INFO  statemachine.DatanodeStateMachine (DatanodeStateMachine.java:lambda$startDaemon$0(350)) - Ozone container server started.
2019-07-30 19:24:41,778 WARN  server.GrpcLogAppender (LogUtils.java:warn(134)) - caa8b8d2-d638-4306-8dd7-ea5e547edd63->f441f724-e66f-4c24-bd50-28b7c9ee9ce6: Failed appendEntries: org.apache.ratis.thirdparty.io.grpc.StatusRuntimeException: UNAVAILABLE: io exception
2019-07-30 19:24:41,781 INFO  impl.FollowerInfo (FollowerInfo.java:lambda$new$0(50)) - caa8b8d2-d638-4306-8dd7-ea5e547edd63->f441f724-e66f-4c24-bd50-28b7c9ee9ce6: nextIndex: updateUnconditionally 8 -> 7
2019-07-30 19:24:44,279 WARN  server.GrpcLogAppender (LogUtils.java:warn(134)) - caa8b8d2-d638-4306-8dd7-ea5e547edd63->f441f724-e66f-4c24-bd50-28b7c9ee9ce6: Failed appendEntries: org.apache.ratis.thirdparty.io.grpc.StatusRuntimeException: UNAVAILABLE: io exception
2019-07-30 19:24:44,283 INFO  impl.FollowerInfo (FollowerInfo.java:lambda$new$0(50)) - caa8b8d2-d638-4306-8dd7-ea5e547edd63->f441f724-e66f-4c24-bd50-28b7c9ee9ce6: nextIndex: updateUnconditionally 7 -> 6
2019-07-30 19:24:44,465 INFO  ozoneimpl.OzoneContainer (OzoneContainer.java:stop(199)) - Attempting to stop container services.
2019-07-30 19:24:44,465 INFO  ozoneimpl.OzoneContainer (OzoneContainer.java:stop(199)) - Attempting to stop container services.
2019-07-30 19:24:44,466 INFO  impl.RaftServerProxy (RaftServerProxy.java:lambda$close$4(314)) - 6615b6ad-88ee-4030-9311-adc02a0cbf11: close
2019-07-30 19:24:44,466 INFO  impl.RaftServerProxy (RaftServerProxy.java:lambda$close$4(314)) - 0d2a94fb-2d77-4fa7-a5c5-a38a0a96ae2a: close
2019-07-30 19:24:44,466 INFO  impl.RaftServerImpl (RaftServerImpl.java:lambda$shutdown$3(245)) - 6615b6ad-88ee-4030-9311-adc02a0cbf11: shutdown group-003815ABCBB1
2019-07-30 19:24:44,467 INFO  impl.RaftServerImpl (RaftServerImpl.java:lambda$shutdown$3(245)) - 0d2a94fb-2d77-4fa7-a5c5-a38a0a96ae2a: shutdown group-D56295E18C3D
2019-07-30 19:24:44,467 INFO  util.JmxRegister (JmxRegister.java:unregister(73)) - Successfully un-registered JMX Bean with object name Ratis:service=RaftServer,group=group-003815ABCBB1,id=6615b6ad-88ee-4030-9311-adc02a0cbf11
2019-07-30 19:24:44,468 INFO  impl.RoleInfo (RoleInfo.java:shutdownLeaderState(104)) - 6615b6ad-88ee-4030-9311-adc02a0cbf11: shutdown LeaderState
2019-07-30 19:24:44,467 INFO  util.JmxRegister (JmxRegister.java:unregister(73)) - Successfully un-registered JMX Bean with object name Ratis:service=RaftServer,group=group-D56295E18C3D,id=0d2a94fb-2d77-4fa7-a5c5-a38a0a96ae2a
2019-07-30 19:24:44,468 INFO  impl.PendingRequests (PendingRequests.java:sendNotLeaderResponses(202)) - 6615b6ad-88ee-4030-9311-adc02a0cbf11-PendingRequests: sendNotLeaderResponses
2019-07-30 19:24:44,468 INFO  impl.RoleInfo (RoleInfo.java:shutdownFollowerState(121)) - 0d2a94fb-2d77-4fa7-a5c5-a38a0a96ae2a: shutdown FollowerState
2019-07-30 19:24:44,469 INFO  impl.StateMachineUpdater (StateMachineUpdater.java:stopAndJoin(115)) - StateMachineUpdater:6615b6ad-88ee-4030-9311-adc02a0cbf11:group-003815ABCBB1: set stopIndex = 0
2019-07-30 19:24:44,469 INFO  impl.FollowerState (FollowerState.java:run(114)) - 0d2a94fb-2d77-4fa7-a5c5-a38a0a96ae2a: FollowerState was interrupted: java.lang.InterruptedException: sleep interrupted
2019-07-30 19:24:44,469 INFO  impl.StateMachineUpdater (StateMachineUpdater.java:stopAndJoin(115)) - StateMachineUpdater:0d2a94fb-2d77-4fa7-a5c5-a38a0a96ae2a:group-D56295E18C3D: set stopIndex = 0
2019-07-30 19:24:44,470 INFO  impl.RaftServerImpl (ServerState.java:close(394)) - 6615b6ad-88ee-4030-9311-adc02a0cbf11:group-003815ABCBB1 closes. The last applied log index is 0
2019-07-30 19:24:44,472 INFO  impl.RaftServerImpl (ServerState.java:close(394)) - 0d2a94fb-2d77-4fa7-a5c5-a38a0a96ae2a:group-D56295E18C3D closes. The last applied log index is 0
2019-07-30 19:24:44,473 INFO  segmented.SegmentedRaftLogWorker (SegmentedRaftLogWorker.java:run(313)) - 6615b6ad-88ee-4030-9311-adc02a0cbf11-SegmentedRaftLogWorker:Storage Directory /workdir/hadoop-ozone/integration-test/target/test-dir/MiniOzoneClusterImpl-5e904719-a08a-4eb0-9523-00d8d6adb52c/datanode-3/data/ratis/e76a74d4-3a09-4b4b-8f5f-003815abcbb1 was interrupted, exiting. There are 0 tasks remaining in the queue.
2019-07-30 19:24:44,473 INFO  segmented.SegmentedRaftLogWorker (SegmentedRaftLogWorker.java:run(313)) - 0d2a94fb-2d77-4fa7-a5c5-a38a0a96ae2a-SegmentedRaftLogWorker:Storage Directory /workdir/hadoop-ozone/integration-test/target/test-dir/MiniOzoneClusterImpl-5e904719-a08a-4eb0-9523-00d8d6adb52c/datanode-2/data/ratis/5fec00bd-b7e8-44ff-879d-d56295e18c3d was interrupted, exiting. There are 0 tasks remaining in the queue.
2019-07-30 19:24:44,476 INFO  segmented.SegmentedRaftLogWorker (SegmentedRaftLogWorker.java:close(228)) - 6615b6ad-88ee-4030-9311-adc02a0cbf11-SegmentedRaftLogWorker:Storage Directory /workdir/hadoop-ozone/integration-test/target/test-dir/MiniOzoneClusterImpl-5e904719-a08a-4eb0-9523-00d8d6adb52c/datanode-3/data/ratis/e76a74d4-3a09-4b4b-8f5f-003815abcbb1 close()
2019-07-30 19:24:44,480 INFO  impl.RaftServerImpl (RaftServerImpl.java:lambda$shutdown$3(245)) - 6615b6ad-88ee-4030-9311-adc02a0cbf11: shutdown group-8A033CC73848
2019-07-30 19:24:44,481 INFO  util.JmxRegister (JmxRegister.java:unregister(73)) - Successfully un-registered JMX Bean with object name Ratis:service=RaftServer,group=group-8A033CC73848,id=6615b6ad-88ee-4030-9311-adc02a0cbf11
2019-07-30 19:24:44,481 INFO  impl.RoleInfo (RoleInfo.java:shutdownFollowerState(121)) - 6615b6ad-88ee-4030-9311-adc02a0cbf11: shutdown FollowerState
2019-07-30 19:24:44,481 INFO  impl.StateMachineUpdater (StateMachineUpdater.java:stopAndJoin(115)) - StateMachineUpdater:6615b6ad-88ee-4030-9311-adc02a0cbf11:group-8A033CC73848: set stopIndex = 8
2019-07-30 19:24:44,482 INFO  ratis.ContainerStateMachine (ContainerStateMachine.java:takeSnapshot(262)) - group-8A033CC73848: Taking a snapshot at:(t:1, i:6) file /workdir/hadoop-ozone/integration-test/target/test-dir/MiniOzoneClusterImpl-5e904719-a08a-4eb0-9523-00d8d6adb52c/datanode-3/data/ratis/3f198b00-defa-4515-9d02-8a033cc73848/sm/snapshot.1_6
2019-07-30 19:24:44,481 INFO  impl.FollowerState (FollowerState.java:run(114)) - 6615b6ad-88ee-4030-9311-adc02a0cbf11: FollowerState was interrupted: java.lang.InterruptedException: sleep interrupted
2019-07-30 19:24:44,488 INFO  segmented.SegmentedRaftLogWorker (SegmentedRaftLogWorker.java:close(228)) - 0d2a94fb-2d77-4fa7-a5c5-a38a0a96ae2a-SegmentedRaftLogWorker:Storage Directory /workdir/hadoop-ozone/integration-test/target/test-dir/MiniOzoneClusterImpl-5e904719-a08a-4eb0-9523-00d8d6adb52c/datanode-2/data/ratis/5fec00bd-b7e8-44ff-879d-d56295e18c3d close()
2019-07-30 19:24:44,490 INFO  impl.RaftServerImpl (RaftServerImpl.java:lambda$shutdown$3(245)) - 0d2a94fb-2d77-4fa7-a5c5-a38a0a96ae2a: shutdown group-AA6FF9D1B348
2019-07-30 19:24:44,491 INFO  util.JmxRegister (JmxRegister.java:unregister(73)) - Successfully un-registered JMX Bean with object name Ratis:service=RaftServer,group=group-AA6FF9D1B348,id=0d2a94fb-2d77-4fa7-a5c5-a38a0a96ae2a
2019-07-30 19:24:44,491 INFO  ratis.ContainerStateMachine (ContainerStateMachine.java:takeSnapshot(273)) - group-8A033CC73848: Finished taking a snapshot at:(t:1, i:6) file:/workdir/hadoop-ozone/integration-test/target/test-dir/MiniOzoneClusterImpl-5e904719-a08a-4eb0-9523-00d8d6adb52c/datanode-3/data/ratis/3f198b00-defa-4515-9d02-8a033cc73848/sm/snapshot.1_6 time:10
2019-07-30 19:24:44,491 INFO  impl.RoleInfo (RoleInfo.java:shutdownLeaderState(104)) - 0d2a94fb-2d77-4fa7-a5c5-a38a0a96ae2a: shutdown LeaderState
2019-07-30 19:24:44,491 INFO  impl.StateMachineUpdater (StateMachineUpdater.java:takeSnapshot(242)) - StateMachineUpdater:6615b6ad-88ee-4030-9311-adc02a0cbf11:group-8A033CC73848: Took a snapshot at index 6
2019-07-30 19:24:44,492 INFO  impl.PendingRequests (PendingRequests.java:sendNotLeaderResponses(202)) - 0d2a94fb-2d77-4fa7-a5c5-a38a0a96ae2a-PendingRequests: sendNotLeaderResponses
2019-07-30 19:24:44,492 INFO  impl.StateMachineUpdater (StateMachineUpdater.java:lambda$new$0(80)) - StateMachineUpdater:6615b6ad-88ee-4030-9311-adc02a0cbf11:group-8A033CC73848: snapshotIndex: updateIncreasingly -1 -> 6
2019-07-30 19:24:44,492 INFO  impl.StateMachineUpdater (StateMachineUpdater.java:stopAndJoin(115)) - StateMachineUpdater:0d2a94fb-2d77-4fa7-a5c5-a38a0a96ae2a:group-AA6FF9D1B348: set stopIndex = 0
2019-07-30 19:24:44,492 INFO  impl.RaftServerImpl (ServerState.java:close(394)) - 0d2a94fb-2d77-4fa7-a5c5-a38a0a96ae2a:group-AA6FF9D1B348 closes. The last applied log index is 0
2019-07-30 19:24:44,493 INFO  impl.RaftServerImpl (ServerState.java:close(394)) - 6615b6ad-88ee-4030-9311-adc02a0cbf11:group-8A033CC73848 closes. The last applied log index is 8
2019-07-30 19:24:44,493 INFO  segmented.SegmentedRaftLogWorker (SegmentedRaftLogWorker.java:run(313)) - 0d2a94fb-2d77-4fa7-a5c5-a38a0a96ae2a-SegmentedRaftLogWorker:Storage Directory /workdir/hadoop-ozone/integration-test/target/test-dir/MiniOzoneClusterImpl-5e904719-a08a-4eb0-9523-00d8d6adb52c/datanode-2/data/ratis/31132023-1f03-4232-8100-aa6ff9d1b348 was interrupted, exiting. There are 0 tasks remaining in the queue.
2019-07-30 19:24:44,493 INFO  segmented.SegmentedRaftLogWorker (SegmentedRaftLogWorker.java:run(313)) - 6615b6ad-88ee-4030-9311-adc02a0cbf11-SegmentedRaftLogWorker:Storage Directory /workdir/hadoop-ozone/integration-test/target/test-dir/MiniOzoneClusterImpl-5e904719-a08a-4eb0-9523-00d8d6adb52c/datanode-3/data/ratis/3f198b00-defa-4515-9d02-8a033cc73848 was interrupted, exiting. There are 0 tasks remaining in the queue.
2019-07-30 19:24:44,496 INFO  segmented.SegmentedRaftLogWorker (SegmentedRaftLogWorker.java:close(228)) - 0d2a94fb-2d77-4fa7-a5c5-a38a0a96ae2a-SegmentedRaftLogWorker:Storage Directory /workdir/hadoop-ozone/integration-test/target/test-dir/MiniOzoneClusterImpl-5e904719-a08a-4eb0-9523-00d8d6adb52c/datanode-2/data/ratis/31132023-1f03-4232-8100-aa6ff9d1b348 close()
2019-07-30 19:24:44,498 INFO  segmented.SegmentedRaftLogWorker (SegmentedRaftLogWorker.java:close(228)) - 6615b6ad-88ee-4030-9311-adc02a0cbf11-SegmentedRaftLogWorker:Storage Directory /workdir/hadoop-ozone/integration-test/target/test-dir/MiniOzoneClusterImpl-5e904719-a08a-4eb0-9523-00d8d6adb52c/datanode-3/data/ratis/3f198b00-defa-4515-9d02-8a033cc73848 close()
2019-07-30 19:24:44,501 INFO  server.GrpcService (GrpcService.java:closeImpl(155)) - 0d2a94fb-2d77-4fa7-a5c5-a38a0a96ae2a: shutdown server with port 37411 now
2019-07-30 19:24:44,503 INFO  server.GrpcService (GrpcService.java:closeImpl(155)) - 6615b6ad-88ee-4030-9311-adc02a0cbf11: shutdown server with port 36190 now
2019-07-30 19:24:44,503 INFO  server.GrpcService (GrpcService.java:closeImpl(163)) - 0d2a94fb-2d77-4fa7-a5c5-a38a0a96ae2a: shutdown server with port 37411 successfully
2019-07-30 19:24:44,504 WARN  server.GrpcServerProtocolService (LogUtils.java:warn(134)) - 6615b6ad-88ee-4030-9311-adc02a0cbf11: appendEntries onError: org.apache.ratis.thirdparty.io.grpc.StatusRuntimeException: CANCELLED: cancelled before receiving half close
2019-07-30 19:24:44,505 INFO  server.GrpcService (GrpcService.java:closeImpl(163)) - 6615b6ad-88ee-4030-9311-adc02a0cbf11: shutdown server with port 36190 successfully
2019-07-30 19:24:44,505 INFO  utils.BackgroundService (BackgroundService.java:shutdown(148)) - Shutting down service BlockDeletingService
2019-07-30 19:24:44,505 WARN  server.GrpcLogAppender (LogUtils.java:warn(134)) - caa8b8d2-d638-4306-8dd7-ea5e547edd63->6615b6ad-88ee-4030-9311-adc02a0cbf11: Failed appendEntries: org.apache.ratis.thirdparty.io.grpc.StatusRuntimeException: CANCELLED: HTTP/2 error code: CANCEL
Received Rst Stream
2019-07-30 19:24:44,508 WARN  fs.CachingGetSpaceUsed (CachingGetSpaceUsed.java:run(183)) - Thread Interrupted waiting to refresh disk information: sleep interrupted
2019-07-30 19:24:44,508 INFO  impl.FollowerInfo (FollowerInfo.java:lambda$new$0(50)) - caa8b8d2-d638-4306-8dd7-ea5e547edd63->6615b6ad-88ee-4030-9311-adc02a0cbf11: nextIndex: updateUnconditionally 9 -> 8
2019-07-30 19:24:44,509 INFO  utils.BackgroundService (BackgroundService.java:shutdown(148)) - Shutting down service BlockDeletingService
2019-07-30 19:24:44,511 WARN  fs.CachingGetSpaceUsed (CachingGetSpaceUsed.java:run(183)) - Thread Interrupted waiting to refresh disk information: sleep interrupted
2019-07-30 19:24:44,531 INFO  statemachine.DatanodeStateMachine (DatanodeStateMachine.java:stopDaemon(395)) - Ozone container server stopped.
2019-07-30 19:24:44,532 INFO  handler.ContextHandler (ContextHandler.java:doStop(910)) - Stopped o.e.j.w.WebAppContext@37cf91d8{/,null,UNAVAILABLE}{/hddsDatanode}
2019-07-30 19:24:44,534 INFO  server.AbstractConnector (AbstractConnector.java:doStop(318)) - Stopped ServerConnector@571d0925{HTTP/1.1,[http/1.1]}{0.0.0.0:0}
2019-07-30 19:24:44,537 INFO  statemachine.DatanodeStateMachine (DatanodeStateMachine.java:stopDaemon(395)) - Ozone container server stopped.
2019-07-30 19:24:44,538 INFO  handler.ContextHandler (ContextHandler.java:doStop(910)) - Stopped o.e.j.s.ServletContextHandler@53e28097{/static,jar:file:/home/user/.m2/repository/org/apache/hadoop/hadoop-hdds-container-service/0.4.1-SNAPSHOT/hadoop-hdds-container-service-0.4.1-SNAPSHOT.jar!/webapps/static,UNAVAILABLE}
2019-07-30 19:24:44,542 INFO  handler.ContextHandler (ContextHandler.java:doStop(910)) - Stopped o.e.j.s.ServletContextHandler@25f7cc38{/logs,file:///workdir/hadoop-ozone/integration-test/target/log,UNAVAILABLE}
2019-07-30 19:24:44,543 INFO  handler.ContextHandler (ContextHandler.java:doStop(910)) - Stopped o.e.j.w.WebAppContext@5a82bc58{/,null,UNAVAILABLE}{/hddsDatanode}
2019-07-30 19:24:44,544 INFO  datanode.ObjectStoreHandler (ObjectStoreHandler.java:close(155)) - Closing ObjectStoreHandler.
2019-07-30 19:24:44,544 INFO  server.AbstractConnector (AbstractConnector.java:doStop(318)) - Stopped ServerConnector@4aab7195{HTTP/1.1,[http/1.1]}{0.0.0.0:0}
2019-07-30 19:24:44,546 INFO  ozone.HddsDatanodeService (HddsDatanodeService.java:stop(451)) - Stopped plug-in org.apache.hadoop.ozone.web.OzoneHddsDatanodeService@7793b55d
2019-07-30 19:24:44,546 INFO  handler.ContextHandler (ContextHandler.java:doStop(910)) - Stopped o.e.j.s.ServletContextHandler@f10d055{/static,jar:file:/home/user/.m2/repository/org/apache/hadoop/hadoop-hdds-container-service/0.4.1-SNAPSHOT/hadoop-hdds-container-service-0.4.1-SNAPSHOT.jar!/webapps/static,UNAVAILABLE}
2019-07-30 19:24:44,549 INFO  handler.ContextHandler (ContextHandler.java:doStop(910)) - Stopped o.e.j.s.ServletContextHandler@2c3f43d1{/logs,file:///workdir/hadoop-ozone/integration-test/target/log,UNAVAILABLE}
2019-07-30 19:24:44,550 INFO  datanode.ObjectStoreHandler (ObjectStoreHandler.java:close(155)) - Closing ObjectStoreHandler.
2019-07-30 19:24:44,550 INFO  ozone.HddsDatanodeService (HddsDatanodeService.java:stop(451)) - Stopped plug-in org.apache.hadoop.ozone.web.OzoneHddsDatanodeService@5ad6f98e
2019-07-30 19:24:44,764 INFO  statemachine.DatanodeStateMachine (DatanodeStateMachine.java:lambda$startDaemon$0(350)) - Ozone container server started.
2019-07-30 19:24:45,363 INFO  statemachine.DatanodeStateMachine (DatanodeStateMachine.java:lambda$startDaemon$0(350)) - Ozone container server started.
2019-07-30 19:24:46,781 WARN  server.GrpcLogAppender (LogUtils.java:warn(134)) - caa8b8d2-d638-4306-8dd7-ea5e547edd63->f441f724-e66f-4c24-bd50-28b7c9ee9ce6: Failed appendEntries: org.apache.ratis.thirdparty.io.grpc.StatusRuntimeException: UNAVAILABLE: io exception
2019-07-30 19:24:46,784 INFO  impl.FollowerInfo (FollowerInfo.java:lambda$new$0(50)) - caa8b8d2-d638-4306-8dd7-ea5e547edd63->f441f724-e66f-4c24-bd50-28b7c9ee9ce6: nextIndex: updateUnconditionally 6 -> 5
2019-07-30 19:24:46,788 WARN  server.GrpcLogAppender (LogUtils.java:warn(134)) - caa8b8d2-d638-4306-8dd7-ea5e547edd63->6615b6ad-88ee-4030-9311-adc02a0cbf11: Failed appendEntries: org.apache.ratis.thirdparty.io.grpc.StatusRuntimeException: UNAVAILABLE: io exception
2019-07-30 19:24:46,790 INFO  impl.FollowerInfo (FollowerInfo.java:lambda$new$0(50)) - caa8b8d2-d638-4306-8dd7-ea5e547edd63->6615b6ad-88ee-4030-9311-adc02a0cbf11: nextIndex: updateUnconditionally 8 -> 7
2019-07-30 19:24:48,320 INFO  impl.FollowerState (FollowerState.java:run(106)) - d78c5311-1ee2-41ae-b3e0-25a7764f2197:group-D56295E18C3D changes to CANDIDATE, lastRpcTime:10275, electionTimeout:5185ms
2019-07-30 19:24:48,321 INFO  impl.RoleInfo (RoleInfo.java:shutdownFollowerState(121)) - d78c5311-1ee2-41ae-b3e0-25a7764f2197: shutdown FollowerState
2019-07-30 19:24:48,321 INFO  impl.RaftServerImpl (RaftServerImpl.java:setRole(171)) - d78c5311-1ee2-41ae-b3e0-25a7764f2197:group-D56295E18C3D changes role from FOLLOWER to CANDIDATE at term 1 for changeToCandidate
2019-07-30 19:24:48,321 INFO  impl.RoleInfo (RoleInfo.java:updateAndGet(143)) - d78c5311-1ee2-41ae-b3e0-25a7764f2197: start LeaderElection
2019-07-30 19:24:48,324 INFO  impl.RaftServerImpl (ServerState.java:setLeader(263)) - d78c5311-1ee2-41ae-b3e0-25a7764f2197:group-D56295E18C3D change Leader from 5152d23a-019f-4fdf-ad40-44f3a5af89e0 to null at term 1 for initElection
2019-07-30 19:24:48,351 INFO  impl.LeaderElection (LeaderElection.java:askForVotes(181)) - d78c5311-1ee2-41ae-b3e0-25a7764f2197:group-D56295E18C3D:LeaderElection25: begin an election at term 2 for 0: [d78c5311-1ee2-41ae-b3e0-25a7764f2197:192.168.5.147:46184, 0d2a94fb-2d77-4fa7-a5c5-a38a0a96ae2a:192.168.5.147:37411, 5152d23a-019f-4fdf-ad40-44f3a5af89e0:192.168.5.147:41099], old=null
2019-07-30 19:24:48,366 INFO  impl.LeaderElection (LogUtils.java:infoOrTrace(149)) - d78c5311-1ee2-41ae-b3e0-25a7764f2197:group-D56295E18C3D:LeaderElection25 got exception when requesting votes: {}
java.util.concurrent.ExecutionException: org.apache.ratis.thirdparty.io.grpc.StatusRuntimeException: UNAVAILABLE: io exception
	at java.util.concurrent.FutureTask.report(FutureTask.java:122)
	at java.util.concurrent.FutureTask.get(FutureTask.java:192)
	at org.apache.ratis.server.impl.LeaderElection.waitForResults(LeaderElection.java:262)
	at org.apache.ratis.server.impl.LeaderElection.askForVotes(LeaderElection.java:200)
	at org.apache.ratis.server.impl.LeaderElection.run(LeaderElection.java:130)
	at java.lang.Thread.run(Thread.java:748)
Caused by: org.apache.ratis.thirdparty.io.grpc.StatusRuntimeException: UNAVAILABLE: io exception
	at org.apache.ratis.thirdparty.io.grpc.stub.ClientCalls.toStatusRuntimeException(ClientCalls.java:233)
	at org.apache.ratis.thirdparty.io.grpc.stub.ClientCalls.getUnchecked(ClientCalls.java:214)
	at org.apache.ratis.thirdparty.io.grpc.stub.ClientCalls.blockingUnaryCall(ClientCalls.java:139)
	at org.apache.ratis.proto.grpc.RaftServerProtocolServiceGrpc$RaftServerProtocolServiceBlockingStub.requestVote(RaftServerProtocolServiceGrpc.java:265)
	at org.apache.ratis.grpc.server.GrpcServerProtocolClient.requestVote(GrpcServerProtocolClient.java:83)
	at org.apache.ratis.grpc.server.GrpcService.requestVote(GrpcService.java:195)
	at org.apache.ratis.server.impl.LeaderElection.lambda$submitRequests$1(LeaderElection.java:237)
	at java.util.concurrent.FutureTask.run(FutureTask.java:266)
	at java.util.concurrent.Executors$RunnableAdapter.call(Executors.java:511)
	at java.util.concurrent.FutureTask.run(FutureTask.java:266)
	at java.util.concurrent.ThreadPoolExecutor.runWorker(ThreadPoolExecutor.java:1149)
	at java.util.concurrent.ThreadPoolExecutor$Worker.run(ThreadPoolExecutor.java:624)
	... 1 more
Caused by: org.apache.ratis.thirdparty.io.netty.channel.AbstractChannel$AnnotatedConnectException: Connection refused: /192.168.5.147:37411
	at sun.nio.ch.SocketChannelImpl.checkConnect(Native Method)
	at sun.nio.ch.SocketChannelImpl.finishConnect(SocketChannelImpl.java:717)
	at org.apache.ratis.thirdparty.io.netty.channel.socket.nio.NioSocketChannel.doFinishConnect(NioSocketChannel.java:327)
	at org.apache.ratis.thirdparty.io.netty.channel.nio.AbstractNioChannel$AbstractNioUnsafe.finishConnect(AbstractNioChannel.java:340)
	at org.apache.ratis.thirdparty.io.netty.channel.nio.NioEventLoop.processSelectedKey(NioEventLoop.java:632)
	at org.apache.ratis.thirdparty.io.netty.channel.nio.NioEventLoop.processSelectedKeysOptimized(NioEventLoop.java:579)
	at org.apache.ratis.thirdparty.io.netty.channel.nio.NioEventLoop.processSelectedKeys(NioEventLoop.java:496)
	at org.apache.ratis.thirdparty.io.netty.channel.nio.NioEventLoop.run(NioEventLoop.java:458)
	at org.apache.ratis.thirdparty.io.netty.util.concurrent.SingleThreadEventExecutor$5.run(SingleThreadEventExecutor.java:897)
	at org.apache.ratis.thirdparty.io.netty.util.concurrent.FastThreadLocalRunnable.run(FastThreadLocalRunnable.java:30)
	... 1 more
Caused by: java.net.ConnectException: Connection refused
	... 11 more
2019-07-30 19:24:48,368 INFO  impl.LeaderElection (LogUtils.java:infoOrTrace(149)) - d78c5311-1ee2-41ae-b3e0-25a7764f2197:group-D56295E18C3D:LeaderElection25 got exception when requesting votes: {}
java.util.concurrent.ExecutionException: org.apache.ratis.thirdparty.io.grpc.StatusRuntimeException: UNAVAILABLE: io exception
	at java.util.concurrent.FutureTask.report(FutureTask.java:122)
	at java.util.concurrent.FutureTask.get(FutureTask.java:192)
	at org.apache.ratis.server.impl.LeaderElection.waitForResults(LeaderElection.java:262)
	at org.apache.ratis.server.impl.LeaderElection.askForVotes(LeaderElection.java:200)
	at org.apache.ratis.server.impl.LeaderElection.run(LeaderElection.java:130)
	at java.lang.Thread.run(Thread.java:748)
Caused by: org.apache.ratis.thirdparty.io.grpc.StatusRuntimeException: UNAVAILABLE: io exception
	at org.apache.ratis.thirdparty.io.grpc.stub.ClientCalls.toStatusRuntimeException(ClientCalls.java:233)
	at org.apache.ratis.thirdparty.io.grpc.stub.ClientCalls.getUnchecked(ClientCalls.java:214)
	at org.apache.ratis.thirdparty.io.grpc.stub.ClientCalls.blockingUnaryCall(ClientCalls.java:139)
	at org.apache.ratis.proto.grpc.RaftServerProtocolServiceGrpc$RaftServerProtocolServiceBlockingStub.requestVote(RaftServerProtocolServiceGrpc.java:265)
	at org.apache.ratis.grpc.server.GrpcServerProtocolClient.requestVote(GrpcServerProtocolClient.java:83)
	at org.apache.ratis.grpc.server.GrpcService.requestVote(GrpcService.java:195)
	at org.apache.ratis.server.impl.LeaderElection.lambda$submitRequests$1(LeaderElection.java:237)
	at java.util.concurrent.FutureTask.run(FutureTask.java:266)
	at java.util.concurrent.Executors$RunnableAdapter.call(Executors.java:511)
	at java.util.concurrent.FutureTask.run(FutureTask.java:266)
	at java.util.concurrent.ThreadPoolExecutor.runWorker(ThreadPoolExecutor.java:1149)
	at java.util.concurrent.ThreadPoolExecutor$Worker.run(ThreadPoolExecutor.java:624)
	... 1 more
Caused by: org.apache.ratis.thirdparty.io.netty.channel.AbstractChannel$AnnotatedConnectException: Connection refused: /192.168.5.147:41099
	at sun.nio.ch.SocketChannelImpl.checkConnect(Native Method)
	at sun.nio.ch.SocketChannelImpl.finishConnect(SocketChannelImpl.java:717)
	at org.apache.ratis.thirdparty.io.netty.channel.socket.nio.NioSocketChannel.doFinishConnect(NioSocketChannel.java:327)
	at org.apache.ratis.thirdparty.io.netty.channel.nio.AbstractNioChannel$AbstractNioUnsafe.finishConnect(AbstractNioChannel.java:340)
	at org.apache.ratis.thirdparty.io.netty.channel.nio.NioEventLoop.processSelectedKey(NioEventLoop.java:632)
	at org.apache.ratis.thirdparty.io.netty.channel.nio.NioEventLoop.processSelectedKeysOptimized(NioEventLoop.java:579)
	at org.apache.ratis.thirdparty.io.netty.channel.nio.NioEventLoop.processSelectedKeys(NioEventLoop.java:496)
	at org.apache.ratis.thirdparty.io.netty.channel.nio.NioEventLoop.run(NioEventLoop.java:458)
	at org.apache.ratis.thirdparty.io.netty.util.concurrent.SingleThreadEventExecutor$5.run(SingleThreadEventExecutor.java:897)
	at org.apache.ratis.thirdparty.io.netty.util.concurrent.FastThreadLocalRunnable.run(FastThreadLocalRunnable.java:30)
	... 1 more
Caused by: java.net.ConnectException: Connection refused
	... 11 more
2019-07-30 19:24:48,370 INFO  impl.LeaderElection (LeaderElection.java:logAndReturn(56)) - d78c5311-1ee2-41ae-b3e0-25a7764f2197:group-D56295E18C3D:LeaderElection25: Election REJECTED; received 0 response(s) [] and 2 exception(s); d78c5311-1ee2-41ae-b3e0-25a7764f2197:t2, leader=null, voted=d78c5311-1ee2-41ae-b3e0-25a7764f2197, raftlog=d78c5311-1ee2-41ae-b3e0-25a7764f2197-SegmentedRaftLog:OPENED:c0,f0,i0, conf=0: [d78c5311-1ee2-41ae-b3e0-25a7764f2197:192.168.5.147:46184, 0d2a94fb-2d77-4fa7-a5c5-a38a0a96ae2a:192.168.5.147:37411, 5152d23a-019f-4fdf-ad40-44f3a5af89e0:192.168.5.147:41099], old=null
2019-07-30 19:24:48,371 INFO  impl.LeaderElection (LogUtils.java:infoOrTrace(149)) -   Exception 0: {}
java.util.concurrent.ExecutionException: org.apache.ratis.thirdparty.io.grpc.StatusRuntimeException: UNAVAILABLE: io exception
	at java.util.concurrent.FutureTask.report(FutureTask.java:122)
	at java.util.concurrent.FutureTask.get(FutureTask.java:192)
	at org.apache.ratis.server.impl.LeaderElection.waitForResults(LeaderElection.java:262)
	at org.apache.ratis.server.impl.LeaderElection.askForVotes(LeaderElection.java:200)
	at org.apache.ratis.server.impl.LeaderElection.run(LeaderElection.java:130)
	at java.lang.Thread.run(Thread.java:748)
Caused by: org.apache.ratis.thirdparty.io.grpc.StatusRuntimeException: UNAVAILABLE: io exception
	at org.apache.ratis.thirdparty.io.grpc.stub.ClientCalls.toStatusRuntimeException(ClientCalls.java:233)
	at org.apache.ratis.thirdparty.io.grpc.stub.ClientCalls.getUnchecked(ClientCalls.java:214)
	at org.apache.ratis.thirdparty.io.grpc.stub.ClientCalls.blockingUnaryCall(ClientCalls.java:139)
	at org.apache.ratis.proto.grpc.RaftServerProtocolServiceGrpc$RaftServerProtocolServiceBlockingStub.requestVote(RaftServerProtocolServiceGrpc.java:265)
	at org.apache.ratis.grpc.server.GrpcServerProtocolClient.requestVote(GrpcServerProtocolClient.java:83)
	at org.apache.ratis.grpc.server.GrpcService.requestVote(GrpcService.java:195)
	at org.apache.ratis.server.impl.LeaderElection.lambda$submitRequests$1(LeaderElection.java:237)
	at java.util.concurrent.FutureTask.run(FutureTask.java:266)
	at java.util.concurrent.Executors$RunnableAdapter.call(Executors.java:511)
	at java.util.concurrent.FutureTask.run(FutureTask.java:266)
	at java.util.concurrent.ThreadPoolExecutor.runWorker(ThreadPoolExecutor.java:1149)
	at java.util.concurrent.ThreadPoolExecutor$Worker.run(ThreadPoolExecutor.java:624)
	... 1 more
Caused by: org.apache.ratis.thirdparty.io.netty.channel.AbstractChannel$AnnotatedConnectException: Connection refused: /192.168.5.147:37411
	at sun.nio.ch.SocketChannelImpl.checkConnect(Native Method)
	at sun.nio.ch.SocketChannelImpl.finishConnect(SocketChannelImpl.java:717)
	at org.apache.ratis.thirdparty.io.netty.channel.socket.nio.NioSocketChannel.doFinishConnect(NioSocketChannel.java:327)
	at org.apache.ratis.thirdparty.io.netty.channel.nio.AbstractNioChannel$AbstractNioUnsafe.finishConnect(AbstractNioChannel.java:340)
	at org.apache.ratis.thirdparty.io.netty.channel.nio.NioEventLoop.processSelectedKey(NioEventLoop.java:632)
	at org.apache.ratis.thirdparty.io.netty.channel.nio.NioEventLoop.processSelectedKeysOptimized(NioEventLoop.java:579)
	at org.apache.ratis.thirdparty.io.netty.channel.nio.NioEventLoop.processSelectedKeys(NioEventLoop.java:496)
	at org.apache.ratis.thirdparty.io.netty.channel.nio.NioEventLoop.run(NioEventLoop.java:458)
	at org.apache.ratis.thirdparty.io.netty.util.concurrent.SingleThreadEventExecutor$5.run(SingleThreadEventExecutor.java:897)
	at org.apache.ratis.thirdparty.io.netty.util.concurrent.FastThreadLocalRunnable.run(FastThreadLocalRunnable.java:30)
	... 1 more
Caused by: java.net.ConnectException: Connection refused
	... 11 more
2019-07-30 19:24:48,371 INFO  impl.LeaderElection (LogUtils.java:infoOrTrace(149)) -   Exception 1: {}
java.util.concurrent.ExecutionException: org.apache.ratis.thirdparty.io.grpc.StatusRuntimeException: UNAVAILABLE: io exception
	at java.util.concurrent.FutureTask.report(FutureTask.java:122)
	at java.util.concurrent.FutureTask.get(FutureTask.java:192)
	at org.apache.ratis.server.impl.LeaderElection.waitForResults(LeaderElection.java:262)
	at org.apache.ratis.server.impl.LeaderElection.askForVotes(LeaderElection.java:200)
	at org.apache.ratis.server.impl.LeaderElection.run(LeaderElection.java:130)
	at java.lang.Thread.run(Thread.java:748)
Caused by: org.apache.ratis.thirdparty.io.grpc.StatusRuntimeException: UNAVAILABLE: io exception
	at org.apache.ratis.thirdparty.io.grpc.stub.ClientCalls.toStatusRuntimeException(ClientCalls.java:233)
	at org.apache.ratis.thirdparty.io.grpc.stub.ClientCalls.getUnchecked(ClientCalls.java:214)
	at org.apache.ratis.thirdparty.io.grpc.stub.ClientCalls.blockingUnaryCall(ClientCalls.java:139)
	at org.apache.ratis.proto.grpc.RaftServerProtocolServiceGrpc$RaftServerProtocolServiceBlockingStub.requestVote(RaftServerProtocolServiceGrpc.java:265)
	at org.apache.ratis.grpc.server.GrpcServerProtocolClient.requestVote(GrpcServerProtocolClient.java:83)
	at org.apache.ratis.grpc.server.GrpcService.requestVote(GrpcService.java:195)
	at org.apache.ratis.server.impl.LeaderElection.lambda$submitRequests$1(LeaderElection.java:237)
	at java.util.concurrent.FutureTask.run(FutureTask.java:266)
	at java.util.concurrent.Executors$RunnableAdapter.call(Executors.java:511)
	at java.util.concurrent.FutureTask.run(FutureTask.java:266)
	at java.util.concurrent.ThreadPoolExecutor.runWorker(ThreadPoolExecutor.java:1149)
	at java.util.concurrent.ThreadPoolExecutor$Worker.run(ThreadPoolExecutor.java:624)
	... 1 more
Caused by: org.apache.ratis.thirdparty.io.netty.channel.AbstractChannel$AnnotatedConnectException: Connection refused: /192.168.5.147:41099
	at sun.nio.ch.SocketChannelImpl.checkConnect(Native Method)
	at sun.nio.ch.SocketChannelImpl.finishConnect(SocketChannelImpl.java:717)
	at org.apache.ratis.thirdparty.io.netty.channel.socket.nio.NioSocketChannel.doFinishConnect(NioSocketChannel.java:327)
	at org.apache.ratis.thirdparty.io.netty.channel.nio.AbstractNioChannel$AbstractNioUnsafe.finishConnect(AbstractNioChannel.java:340)
	at org.apache.ratis.thirdparty.io.netty.channel.nio.NioEventLoop.processSelectedKey(NioEventLoop.java:632)
	at org.apache.ratis.thirdparty.io.netty.channel.nio.NioEventLoop.processSelectedKeysOptimized(NioEventLoop.java:579)
	at org.apache.ratis.thirdparty.io.netty.channel.nio.NioEventLoop.processSelectedKeys(NioEventLoop.java:496)
	at org.apache.ratis.thirdparty.io.netty.channel.nio.NioEventLoop.run(NioEventLoop.java:458)
	at org.apache.ratis.thirdparty.io.netty.util.concurrent.SingleThreadEventExecutor$5.run(SingleThreadEventExecutor.java:897)
	at org.apache.ratis.thirdparty.io.netty.util.concurrent.FastThreadLocalRunnable.run(FastThreadLocalRunnable.java:30)
	... 1 more
Caused by: java.net.ConnectException: Connection refused
	... 11 more
2019-07-30 19:24:48,371 INFO  impl.RaftServerImpl (RaftServerImpl.java:setRole(171)) - d78c5311-1ee2-41ae-b3e0-25a7764f2197:group-D56295E18C3D changes role from CANDIDATE to FOLLOWER at term 2 for DISCOVERED_A_NEW_TERM
2019-07-30 19:24:48,371 INFO  impl.RoleInfo (RoleInfo.java:shutdownLeaderElection(134)) - d78c5311-1ee2-41ae-b3e0-25a7764f2197: shutdown LeaderElection
2019-07-30 19:24:48,372 INFO  impl.RoleInfo (RoleInfo.java:updateAndGet(143)) - d78c5311-1ee2-41ae-b3e0-25a7764f2197: start FollowerState
2019-07-30 19:24:49,282 WARN  server.GrpcLogAppender (LogUtils.java:warn(134)) - caa8b8d2-d638-4306-8dd7-ea5e547edd63->f441f724-e66f-4c24-bd50-28b7c9ee9ce6: Failed appendEntries: org.apache.ratis.thirdparty.io.grpc.StatusRuntimeException: UNAVAILABLE: io exception
2019-07-30 19:24:49,285 INFO  impl.FollowerInfo (FollowerInfo.java:lambda$new$0(50)) - caa8b8d2-d638-4306-8dd7-ea5e547edd63->f441f724-e66f-4c24-bd50-28b7c9ee9ce6: nextIndex: updateUnconditionally 5 -> 4
2019-07-30 19:24:49,289 WARN  server.GrpcLogAppender (LogUtils.java:warn(134)) - caa8b8d2-d638-4306-8dd7-ea5e547edd63->6615b6ad-88ee-4030-9311-adc02a0cbf11: Failed appendEntries: org.apache.ratis.thirdparty.io.grpc.StatusRuntimeException: UNAVAILABLE: io exception
2019-07-30 19:24:49,290 INFO  impl.FollowerInfo (FollowerInfo.java:lambda$new$0(50)) - caa8b8d2-d638-4306-8dd7-ea5e547edd63->6615b6ad-88ee-4030-9311-adc02a0cbf11: nextIndex: updateUnconditionally 7 -> 6
2019-07-30 19:24:49,548 INFO  ozoneimpl.OzoneContainer (OzoneContainer.java:stop(199)) - Attempting to stop container services.
2019-07-30 19:24:49,548 INFO  impl.RaftServerProxy (RaftServerProxy.java:lambda$close$4(314)) - f94ed98b-697d-40e0-ba9b-85f65122946a: close
2019-07-30 19:24:49,549 INFO  impl.RaftServerImpl (RaftServerImpl.java:lambda$shutdown$3(245)) - f94ed98b-697d-40e0-ba9b-85f65122946a: shutdown group-766C84C62C72
2019-07-30 19:24:49,549 INFO  util.JmxRegister (JmxRegister.java:unregister(73)) - Successfully un-registered JMX Bean with object name Ratis:service=RaftServer,group=group-766C84C62C72,id=f94ed98b-697d-40e0-ba9b-85f65122946a
2019-07-30 19:24:49,550 INFO  impl.RoleInfo (RoleInfo.java:shutdownLeaderState(104)) - f94ed98b-697d-40e0-ba9b-85f65122946a: shutdown LeaderState
2019-07-30 19:24:49,550 INFO  impl.PendingRequests (PendingRequests.java:sendNotLeaderResponses(202)) - f94ed98b-697d-40e0-ba9b-85f65122946a-PendingRequests: sendNotLeaderResponses
2019-07-30 19:24:49,551 INFO  impl.StateMachineUpdater (StateMachineUpdater.java:stopAndJoin(115)) - StateMachineUpdater:f94ed98b-697d-40e0-ba9b-85f65122946a:group-766C84C62C72: set stopIndex = 0
2019-07-30 19:24:49,551 INFO  ozoneimpl.OzoneContainer (OzoneContainer.java:stop(199)) - Attempting to stop container services.
2019-07-30 19:24:49,551 INFO  impl.RaftServerImpl (ServerState.java:close(394)) - f94ed98b-697d-40e0-ba9b-85f65122946a:group-766C84C62C72 closes. The last applied log index is 0
2019-07-30 19:24:49,552 INFO  impl.RaftServerProxy (RaftServerProxy.java:lambda$close$4(314)) - d78c5311-1ee2-41ae-b3e0-25a7764f2197: close
2019-07-30 19:24:49,552 INFO  segmented.SegmentedRaftLogWorker (SegmentedRaftLogWorker.java:run(313)) - f94ed98b-697d-40e0-ba9b-85f65122946a-SegmentedRaftLogWorker:Storage Directory /workdir/hadoop-ozone/integration-test/target/test-dir/MiniOzoneClusterImpl-5e904719-a08a-4eb0-9523-00d8d6adb52c/datanode-6/data/ratis/4653dece-d367-4545-b2f5-766c84c62c72 was interrupted, exiting. There are 0 tasks remaining in the queue.
2019-07-30 19:24:49,552 INFO  impl.RaftServerImpl (RaftServerImpl.java:lambda$shutdown$3(245)) - d78c5311-1ee2-41ae-b3e0-25a7764f2197: shutdown group-D56295E18C3D
2019-07-30 19:24:49,555 INFO  segmented.SegmentedRaftLogWorker (SegmentedRaftLogWorker.java:close(228)) - f94ed98b-697d-40e0-ba9b-85f65122946a-SegmentedRaftLogWorker:Storage Directory /workdir/hadoop-ozone/integration-test/target/test-dir/MiniOzoneClusterImpl-5e904719-a08a-4eb0-9523-00d8d6adb52c/datanode-6/data/ratis/4653dece-d367-4545-b2f5-766c84c62c72 close()
2019-07-30 19:24:49,555 INFO  util.JmxRegister (JmxRegister.java:unregister(73)) - Successfully un-registered JMX Bean with object name Ratis:service=RaftServer,group=group-D56295E18C3D,id=d78c5311-1ee2-41ae-b3e0-25a7764f2197
2019-07-30 19:24:49,557 INFO  server.GrpcService (GrpcService.java:closeImpl(155)) - f94ed98b-697d-40e0-ba9b-85f65122946a: shutdown server with port 34255 now
2019-07-30 19:24:49,557 INFO  impl.RoleInfo (RoleInfo.java:shutdownFollowerState(121)) - d78c5311-1ee2-41ae-b3e0-25a7764f2197: shutdown FollowerState
2019-07-30 19:24:49,559 INFO  impl.StateMachineUpdater (StateMachineUpdater.java:stopAndJoin(115)) - StateMachineUpdater:d78c5311-1ee2-41ae-b3e0-25a7764f2197:group-D56295E18C3D: set stopIndex = 0
2019-07-30 19:24:49,559 INFO  impl.RaftServerImpl (ServerState.java:close(394)) - d78c5311-1ee2-41ae-b3e0-25a7764f2197:group-D56295E18C3D closes. The last applied log index is 0
2019-07-30 19:24:49,559 INFO  impl.FollowerState (FollowerState.java:run(114)) - d78c5311-1ee2-41ae-b3e0-25a7764f2197: FollowerState was interrupted: java.lang.InterruptedException: sleep interrupted
2019-07-30 19:24:49,559 INFO  server.GrpcService (GrpcService.java:closeImpl(163)) - f94ed98b-697d-40e0-ba9b-85f65122946a: shutdown server with port 34255 successfully
2019-07-30 19:24:49,560 INFO  segmented.SegmentedRaftLogWorker (SegmentedRaftLogWorker.java:run(313)) - d78c5311-1ee2-41ae-b3e0-25a7764f2197-SegmentedRaftLogWorker:Storage Directory /workdir/hadoop-ozone/integration-test/target/test-dir/MiniOzoneClusterImpl-5e904719-a08a-4eb0-9523-00d8d6adb52c/datanode-0/data/ratis/5fec00bd-b7e8-44ff-879d-d56295e18c3d was interrupted, exiting. There are 0 tasks remaining in the queue.
2019-07-30 19:24:49,563 INFO  segmented.SegmentedRaftLogWorker (SegmentedRaftLogWorker.java:close(228)) - d78c5311-1ee2-41ae-b3e0-25a7764f2197-SegmentedRaftLogWorker:Storage Directory /workdir/hadoop-ozone/integration-test/target/test-dir/MiniOzoneClusterImpl-5e904719-a08a-4eb0-9523-00d8d6adb52c/datanode-0/data/ratis/5fec00bd-b7e8-44ff-879d-d56295e18c3d close()
2019-07-30 19:24:49,569 INFO  impl.RaftServerImpl (RaftServerImpl.java:lambda$shutdown$3(245)) - d78c5311-1ee2-41ae-b3e0-25a7764f2197: shutdown group-A9B3E0892C53
2019-07-30 19:24:49,569 INFO  utils.BackgroundService (BackgroundService.java:shutdown(148)) - Shutting down service BlockDeletingService
2019-07-30 19:24:49,570 INFO  util.JmxRegister (JmxRegister.java:unregister(73)) - Successfully un-registered JMX Bean with object name Ratis:service=RaftServer,group=group-A9B3E0892C53,id=d78c5311-1ee2-41ae-b3e0-25a7764f2197
2019-07-30 19:24:49,570 INFO  impl.RoleInfo (RoleInfo.java:shutdownLeaderState(104)) - d78c5311-1ee2-41ae-b3e0-25a7764f2197: shutdown LeaderState
2019-07-30 19:24:49,571 INFO  impl.PendingRequests (PendingRequests.java:sendNotLeaderResponses(202)) - d78c5311-1ee2-41ae-b3e0-25a7764f2197-PendingRequests: sendNotLeaderResponses
2019-07-30 19:24:49,571 WARN  fs.CachingGetSpaceUsed (CachingGetSpaceUsed.java:run(183)) - Thread Interrupted waiting to refresh disk information: sleep interrupted
2019-07-30 19:24:49,571 INFO  impl.StateMachineUpdater (StateMachineUpdater.java:stopAndJoin(115)) - StateMachineUpdater:d78c5311-1ee2-41ae-b3e0-25a7764f2197:group-A9B3E0892C53: set stopIndex = 0
2019-07-30 19:24:49,571 INFO  impl.RaftServerImpl (ServerState.java:close(394)) - d78c5311-1ee2-41ae-b3e0-25a7764f2197:group-A9B3E0892C53 closes. The last applied log index is 0
2019-07-30 19:24:49,572 INFO  segmented.SegmentedRaftLogWorker (SegmentedRaftLogWorker.java:run(313)) - d78c5311-1ee2-41ae-b3e0-25a7764f2197-SegmentedRaftLogWorker:Storage Directory /workdir/hadoop-ozone/integration-test/target/test-dir/MiniOzoneClusterImpl-5e904719-a08a-4eb0-9523-00d8d6adb52c/datanode-0/data/ratis/ab4773ee-a40d-4aff-853a-a9b3e0892c53 was interrupted, exiting. There are 0 tasks remaining in the queue.
2019-07-30 19:24:49,572 INFO  segmented.SegmentedRaftLogWorker (SegmentedRaftLogWorker.java:close(228)) - d78c5311-1ee2-41ae-b3e0-25a7764f2197-SegmentedRaftLogWorker:Storage Directory /workdir/hadoop-ozone/integration-test/target/test-dir/MiniOzoneClusterImpl-5e904719-a08a-4eb0-9523-00d8d6adb52c/datanode-0/data/ratis/ab4773ee-a40d-4aff-853a-a9b3e0892c53 close()
2019-07-30 19:24:49,573 INFO  server.GrpcService (GrpcService.java:closeImpl(155)) - d78c5311-1ee2-41ae-b3e0-25a7764f2197: shutdown server with port 46184 now
2019-07-30 19:24:49,576 INFO  server.GrpcService (GrpcService.java:closeImpl(163)) - d78c5311-1ee2-41ae-b3e0-25a7764f2197: shutdown server with port 46184 successfully
2019-07-30 19:24:49,578 INFO  utils.BackgroundService (BackgroundService.java:shutdown(148)) - Shutting down service BlockDeletingService
2019-07-30 19:24:49,579 WARN  fs.CachingGetSpaceUsed (CachingGetSpaceUsed.java:run(183)) - Thread Interrupted waiting to refresh disk information: sleep interrupted
2019-07-30 19:24:49,595 INFO  statemachine.DatanodeStateMachine (DatanodeStateMachine.java:stopDaemon(395)) - Ozone container server stopped.
2019-07-30 19:24:49,599 INFO  statemachine.DatanodeStateMachine (DatanodeStateMachine.java:stopDaemon(395)) - Ozone container server stopped.
2019-07-30 19:24:49,608 INFO  handler.ContextHandler (ContextHandler.java:doStop(910)) - Stopped o.e.j.w.WebAppContext@5d9d8e46{/,null,UNAVAILABLE}{/hddsDatanode}
2019-07-30 19:24:49,608 INFO  handler.ContextHandler (ContextHandler.java:doStop(910)) - Stopped o.e.j.w.WebAppContext@2d24cdd9{/,null,UNAVAILABLE}{/hddsDatanode}
2019-07-30 19:24:49,609 INFO  server.AbstractConnector (AbstractConnector.java:doStop(318)) - Stopped ServerConnector@6d0a14c2{HTTP/1.1,[http/1.1]}{0.0.0.0:0}
2019-07-30 19:24:49,609 INFO  server.AbstractConnector (AbstractConnector.java:doStop(318)) - Stopped ServerConnector@30dd00b6{HTTP/1.1,[http/1.1]}{0.0.0.0:0}
2019-07-30 19:24:49,610 INFO  handler.ContextHandler (ContextHandler.java:doStop(910)) - Stopped o.e.j.s.ServletContextHandler@2299f6d7{/static,jar:file:/home/user/.m2/repository/org/apache/hadoop/hadoop-hdds-container-service/0.4.1-SNAPSHOT/hadoop-hdds-container-service-0.4.1-SNAPSHOT.jar!/webapps/static,UNAVAILABLE}
2019-07-30 19:24:49,611 INFO  handler.ContextHandler (ContextHandler.java:doStop(910)) - Stopped o.e.j.s.ServletContextHandler@12f9f896{/static,jar:file:/home/user/.m2/repository/org/apache/hadoop/hadoop-hdds-container-service/0.4.1-SNAPSHOT/hadoop-hdds-container-service-0.4.1-SNAPSHOT.jar!/webapps/static,UNAVAILABLE}
2019-07-30 19:24:49,611 INFO  handler.ContextHandler (ContextHandler.java:doStop(910)) - Stopped o.e.j.s.ServletContextHandler@611a2d82{/logs,file:///workdir/hadoop-ozone/integration-test/target/log,UNAVAILABLE}
2019-07-30 19:24:49,612 INFO  handler.ContextHandler (ContextHandler.java:doStop(910)) - Stopped o.e.j.s.ServletContextHandler@34f23816{/logs,file:///workdir/hadoop-ozone/integration-test/target/log,UNAVAILABLE}
2019-07-30 19:24:49,613 INFO  datanode.ObjectStoreHandler (ObjectStoreHandler.java:close(155)) - Closing ObjectStoreHandler.
2019-07-30 19:24:49,614 INFO  ozone.HddsDatanodeService (HddsDatanodeService.java:stop(451)) - Stopped plug-in org.apache.hadoop.ozone.web.OzoneHddsDatanodeService@29bd2796
2019-07-30 19:24:50,249 INFO  statemachine.DatanodeStateMachine (DatanodeStateMachine.java:lambda$startDaemon$0(350)) - Ozone container server started.
2019-07-30 19:24:51,786 WARN  server.GrpcLogAppender (LogUtils.java:warn(134)) - caa8b8d2-d638-4306-8dd7-ea5e547edd63->f441f724-e66f-4c24-bd50-28b7c9ee9ce6: Failed appendEntries: org.apache.ratis.thirdparty.io.grpc.StatusRuntimeException: UNAVAILABLE: io exception
2019-07-30 19:24:51,790 INFO  impl.FollowerInfo (FollowerInfo.java:lambda$new$0(50)) - caa8b8d2-d638-4306-8dd7-ea5e547edd63->f441f724-e66f-4c24-bd50-28b7c9ee9ce6: nextIndex: updateUnconditionally 4 -> 3
2019-07-30 19:24:51,792 WARN  server.GrpcLogAppender (LogUtils.java:warn(134)) - caa8b8d2-d638-4306-8dd7-ea5e547edd63->6615b6ad-88ee-4030-9311-adc02a0cbf11: Failed appendEntries: org.apache.ratis.thirdparty.io.grpc.StatusRuntimeException: UNAVAILABLE: io exception
2019-07-30 19:24:51,794 INFO  impl.FollowerInfo (FollowerInfo.java:lambda$new$0(50)) - caa8b8d2-d638-4306-8dd7-ea5e547edd63->6615b6ad-88ee-4030-9311-adc02a0cbf11: nextIndex: updateUnconditionally 6 -> 5
2019-07-30 19:24:54,286 WARN  server.GrpcLogAppender (LogUtils.java:warn(134)) - caa8b8d2-d638-4306-8dd7-ea5e547edd63->f441f724-e66f-4c24-bd50-28b7c9ee9ce6: Failed appendEntries: org.apache.ratis.thirdparty.io.grpc.StatusRuntimeException: UNAVAILABLE: io exception
2019-07-30 19:24:54,289 INFO  impl.FollowerInfo (FollowerInfo.java:lambda$new$0(50)) - caa8b8d2-d638-4306-8dd7-ea5e547edd63->f441f724-e66f-4c24-bd50-28b7c9ee9ce6: nextIndex: updateUnconditionally 3 -> 2
2019-07-30 19:24:54,294 WARN  server.GrpcLogAppender (LogUtils.java:warn(134)) - caa8b8d2-d638-4306-8dd7-ea5e547edd63->6615b6ad-88ee-4030-9311-adc02a0cbf11: Failed appendEntries: org.apache.ratis.thirdparty.io.grpc.StatusRuntimeException: UNAVAILABLE: io exception
2019-07-30 19:24:54,295 INFO  impl.FollowerInfo (FollowerInfo.java:lambda$new$0(50)) - caa8b8d2-d638-4306-8dd7-ea5e547edd63->6615b6ad-88ee-4030-9311-adc02a0cbf11: nextIndex: updateUnconditionally 5 -> 4
2019-07-30 19:24:54,615 INFO  ozoneimpl.OzoneContainer (OzoneContainer.java:stop(199)) - Attempting to stop container services.
2019-07-30 19:24:54,616 INFO  impl.RaftServerProxy (RaftServerProxy.java:lambda$close$4(314)) - caa8b8d2-d638-4306-8dd7-ea5e547edd63: close
2019-07-30 19:24:54,617 INFO  impl.RaftServerImpl (RaftServerImpl.java:lambda$shutdown$3(245)) - caa8b8d2-d638-4306-8dd7-ea5e547edd63: shutdown group-4992E6AA020E
2019-07-30 19:24:54,617 INFO  impl.RaftServerImpl (RaftServerImpl.java:lambda$shutdown$3(245)) - caa8b8d2-d638-4306-8dd7-ea5e547edd63: shutdown group-8A033CC73848
2019-07-30 19:24:54,617 INFO  util.JmxRegister (JmxRegister.java:unregister(73)) - Successfully un-registered JMX Bean with object name Ratis:service=RaftServer,group=group-4992E6AA020E,id=caa8b8d2-d638-4306-8dd7-ea5e547edd63
2019-07-30 19:24:54,617 INFO  util.JmxRegister (JmxRegister.java:unregister(73)) - Successfully un-registered JMX Bean with object name Ratis:service=RaftServer,group=group-8A033CC73848,id=caa8b8d2-d638-4306-8dd7-ea5e547edd63
2019-07-30 19:24:54,618 INFO  impl.RoleInfo (RoleInfo.java:shutdownLeaderState(104)) - caa8b8d2-d638-4306-8dd7-ea5e547edd63: shutdown LeaderState
2019-07-30 19:24:54,618 INFO  impl.RoleInfo (RoleInfo.java:shutdownLeaderState(104)) - caa8b8d2-d638-4306-8dd7-ea5e547edd63: shutdown LeaderState
2019-07-30 19:24:54,619 INFO  impl.PendingRequests (PendingRequests.java:sendNotLeaderResponses(202)) - caa8b8d2-d638-4306-8dd7-ea5e547edd63-PendingRequests: sendNotLeaderResponses
2019-07-30 19:24:54,621 WARN  server.GrpcLogAppender (GrpcLogAppender.java:mayWait(143)) - GrpcLogAppender(caa8b8d2-d638-4306-8dd7-ea5e547edd63->f441f724-e66f-4c24-bd50-28b7c9ee9ce6): Wait interrupted by java.lang.InterruptedException
2019-07-30 19:24:54,621 WARN  server.GrpcLogAppender (GrpcLogAppender.java:mayWait(143)) - GrpcLogAppender(caa8b8d2-d638-4306-8dd7-ea5e547edd63->6615b6ad-88ee-4030-9311-adc02a0cbf11): Wait interrupted by java.lang.InterruptedException
2019-07-30 19:24:54,621 INFO  impl.PendingRequests (PendingRequests.java:sendNotLeaderResponses(202)) - caa8b8d2-d638-4306-8dd7-ea5e547edd63-PendingRequests: sendNotLeaderResponses
2019-07-30 19:24:54,622 INFO  impl.StateMachineUpdater (StateMachineUpdater.java:stopAndJoin(115)) - StateMachineUpdater:caa8b8d2-d638-4306-8dd7-ea5e547edd63:group-4992E6AA020E: set stopIndex = 0
2019-07-30 19:24:54,624 INFO  impl.StateMachineUpdater (StateMachineUpdater.java:stopAndJoin(115)) - StateMachineUpdater:caa8b8d2-d638-4306-8dd7-ea5e547edd63:group-8A033CC73848: set stopIndex = 8
2019-07-30 19:24:54,624 INFO  ratis.ContainerStateMachine (ContainerStateMachine.java:takeSnapshot(262)) - group-8A033CC73848: Taking a snapshot at:(t:1, i:6) file /workdir/hadoop-ozone/integration-test/target/test-dir/MiniOzoneClusterImpl-5e904719-a08a-4eb0-9523-00d8d6adb52c/datanode-5/data/ratis/3f198b00-defa-4515-9d02-8a033cc73848/sm/snapshot.1_6
2019-07-30 19:24:54,624 INFO  impl.RaftServerImpl (ServerState.java:close(394)) - caa8b8d2-d638-4306-8dd7-ea5e547edd63:group-4992E6AA020E closes. The last applied log index is 0
2019-07-30 19:24:54,625 INFO  segmented.SegmentedRaftLogWorker (SegmentedRaftLogWorker.java:run(313)) - caa8b8d2-d638-4306-8dd7-ea5e547edd63-SegmentedRaftLogWorker:Storage Directory /workdir/hadoop-ozone/integration-test/target/test-dir/MiniOzoneClusterImpl-5e904719-a08a-4eb0-9523-00d8d6adb52c/datanode-5/data/ratis/9777efa4-45f2-4eb6-a250-4992e6aa020e was interrupted, exiting. There are 0 tasks remaining in the queue.
2019-07-30 19:24:54,627 INFO  segmented.SegmentedRaftLogWorker (SegmentedRaftLogWorker.java:close(228)) - caa8b8d2-d638-4306-8dd7-ea5e547edd63-SegmentedRaftLogWorker:Storage Directory /workdir/hadoop-ozone/integration-test/target/test-dir/MiniOzoneClusterImpl-5e904719-a08a-4eb0-9523-00d8d6adb52c/datanode-5/data/ratis/9777efa4-45f2-4eb6-a250-4992e6aa020e close()
2019-07-30 19:24:54,628 INFO  ratis.ContainerStateMachine (ContainerStateMachine.java:takeSnapshot(273)) - group-8A033CC73848: Finished taking a snapshot at:(t:1, i:6) file:/workdir/hadoop-ozone/integration-test/target/test-dir/MiniOzoneClusterImpl-5e904719-a08a-4eb0-9523-00d8d6adb52c/datanode-5/data/ratis/3f198b00-defa-4515-9d02-8a033cc73848/sm/snapshot.1_6 time:5
2019-07-30 19:24:54,628 INFO  impl.StateMachineUpdater (StateMachineUpdater.java:takeSnapshot(242)) - StateMachineUpdater:caa8b8d2-d638-4306-8dd7-ea5e547edd63:group-8A033CC73848: Took a snapshot at index 6
2019-07-30 19:24:54,628 INFO  impl.StateMachineUpdater (StateMachineUpdater.java:lambda$new$0(80)) - StateMachineUpdater:caa8b8d2-d638-4306-8dd7-ea5e547edd63:group-8A033CC73848: snapshotIndex: updateIncreasingly -1 -> 6
2019-07-30 19:24:54,629 INFO  impl.RaftServerImpl (ServerState.java:close(394)) - caa8b8d2-d638-4306-8dd7-ea5e547edd63:group-8A033CC73848 closes. The last applied log index is 8
2019-07-30 19:24:54,629 INFO  segmented.SegmentedRaftLogWorker (SegmentedRaftLogWorker.java:run(313)) - caa8b8d2-d638-4306-8dd7-ea5e547edd63-SegmentedRaftLogWorker:Storage Directory /workdir/hadoop-ozone/integration-test/target/test-dir/MiniOzoneClusterImpl-5e904719-a08a-4eb0-9523-00d8d6adb52c/datanode-5/data/ratis/3f198b00-defa-4515-9d02-8a033cc73848 was interrupted, exiting. There are 0 tasks remaining in the queue.
2019-07-30 19:24:54,629 INFO  segmented.SegmentedRaftLogWorker (SegmentedRaftLogWorker.java:close(228)) - caa8b8d2-d638-4306-8dd7-ea5e547edd63-SegmentedRaftLogWorker:Storage Directory /workdir/hadoop-ozone/integration-test/target/test-dir/MiniOzoneClusterImpl-5e904719-a08a-4eb0-9523-00d8d6adb52c/datanode-5/data/ratis/3f198b00-defa-4515-9d02-8a033cc73848 close()
2019-07-30 19:24:54,630 INFO  server.GrpcService (GrpcService.java:closeImpl(155)) - caa8b8d2-d638-4306-8dd7-ea5e547edd63: shutdown server with port 42983 now
2019-07-30 19:24:54,631 INFO  server.GrpcService (GrpcService.java:closeImpl(163)) - caa8b8d2-d638-4306-8dd7-ea5e547edd63: shutdown server with port 42983 successfully
2019-07-30 19:24:54,632 INFO  utils.BackgroundService (BackgroundService.java:shutdown(148)) - Shutting down service BlockDeletingService
2019-07-30 19:24:54,634 WARN  fs.CachingGetSpaceUsed (CachingGetSpaceUsed.java:run(183)) - Thread Interrupted waiting to refresh disk information: sleep interrupted
2019-07-30 19:24:54,654 INFO  statemachine.DatanodeStateMachine (DatanodeStateMachine.java:stopDaemon(395)) - Ozone container server stopped.
2019-07-30 19:24:54,667 INFO  handler.ContextHandler (ContextHandler.java:doStop(910)) - Stopped o.e.j.w.WebAppContext@3bc891f2{/,null,UNAVAILABLE}{/hddsDatanode}
2019-07-30 19:24:54,668 INFO  server.AbstractConnector (AbstractConnector.java:doStop(318)) - Stopped ServerConnector@445b85d7{HTTP/1.1,[http/1.1]}{0.0.0.0:0}
2019-07-30 19:24:54,669 INFO  handler.ContextHandler (ContextHandler.java:doStop(910)) - Stopped o.e.j.s.ServletContextHandler@2cdb5974{/static,jar:file:/home/user/.m2/repository/org/apache/hadoop/hadoop-hdds-container-service/0.4.1-SNAPSHOT/hadoop-hdds-container-service-0.4.1-SNAPSHOT.jar!/webapps/static,UNAVAILABLE}
2019-07-30 19:24:54,670 INFO  handler.ContextHandler (ContextHandler.java:doStop(910)) - Stopped o.e.j.s.ServletContextHandler@6b6fd0{/logs,file:///workdir/hadoop-ozone/integration-test/target/log,UNAVAILABLE}
2019-07-30 19:24:54,671 INFO  ozone.MiniOzoneClusterImpl (MiniOzoneClusterImpl.java:stop(353)) - Stopping the StorageContainerManager
2019-07-30 19:24:54,671 INFO  server.StorageContainerManager (StorageContainerManager.java:stop(796)) - Stopping Replication Manager Service.
2019-07-30 19:24:54,671 INFO  container.ReplicationManager (ReplicationManager.java:stop(187)) - Stopping Replication Monitor Thread.
2019-07-30 19:24:54,672 INFO  server.StorageContainerManager (StorageContainerManager.java:stop(803)) - Stopping Lease Manager of the command watchers
2019-07-30 19:24:54,672 INFO  server.StorageContainerManager (StorageContainerManager.java:stop(810)) - Stopping datanode service RPC server
2019-07-30 19:24:54,672 INFO  server.SCMDatanodeProtocolServer (SCMDatanodeProtocolServer.java:stop(367)) - Stopping the RPC server for DataNodes
2019-07-30 19:24:54,672 INFO  ipc.Server (Server.java:stop(3082)) - Stopping server on 44877
2019-07-30 19:24:54,674 INFO  ipc.Server (Server.java:run(1185)) - Stopping IPC Server listener on 44877
2019-07-30 19:24:54,674 INFO  ipc.Server (Server.java:run(1319)) - Stopping IPC Server Responder
2019-07-30 19:24:54,703 WARN  node.NodeStateManager (NodeStateManager.java:scheduleNextHealthCheck(631)) - Current Thread is interrupted, shutting down HB processing thread for Node Manager.
2019-07-30 19:24:54,704 INFO  server.StorageContainerManager (StorageContainerManager.java:stop(818)) - Stopping block service RPC server
2019-07-30 19:24:54,704 INFO  server.SCMBlockProtocolServer (SCMBlockProtocolServer.java:stop(148)) - Stopping the RPC server for Block Protocol
2019-07-30 19:24:54,704 INFO  ipc.Server (Server.java:stop(3082)) - Stopping server on 34145
2019-07-30 19:24:54,707 INFO  ipc.Server (Server.java:run(1185)) - Stopping IPC Server listener on 34145
2019-07-30 19:24:54,707 INFO  ipc.Server (Server.java:run(1319)) - Stopping IPC Server Responder
2019-07-30 19:24:54,707 INFO  server.StorageContainerManager (StorageContainerManager.java:stop(825)) - Stopping the StorageContainerLocationProtocol RPC server
2019-07-30 19:24:54,708 INFO  server.SCMClientProtocolServer (SCMClientProtocolServer.java:stop(159)) - Stopping the RPC server for Client Protocol
2019-07-30 19:24:54,708 INFO  ipc.Server (Server.java:stop(3082)) - Stopping server on 44445
2019-07-30 19:24:54,710 INFO  ipc.Server (Server.java:run(1185)) - Stopping IPC Server listener on 44445
2019-07-30 19:24:54,710 INFO  server.StorageContainerManager (StorageContainerManager.java:stop(832)) - Stopping Storage Container Manager HTTP server.
2019-07-30 19:24:54,711 INFO  ipc.Server (Server.java:run(1319)) - Stopping IPC Server Responder
2019-07-30 19:24:54,712 INFO  handler.ContextHandler (ContextHandler.java:doStop(910)) - Stopped o.e.j.w.WebAppContext@1930a804{/,null,UNAVAILABLE}{/scm}
2019-07-30 19:24:54,713 INFO  server.AbstractConnector (AbstractConnector.java:doStop(318)) - Stopped ServerConnector@bd4ee01{HTTP/1.1,[http/1.1]}{0.0.0.0:0}
2019-07-30 19:24:54,713 INFO  handler.ContextHandler (ContextHandler.java:doStop(910)) - Stopped o.e.j.s.ServletContextHandler@76596288{/static,file:///workdir/hadoop-ozone/integration-test/target/test-classes/webapps/static,UNAVAILABLE}
2019-07-30 19:24:54,714 INFO  handler.ContextHandler (ContextHandler.java:doStop(910)) - Stopped o.e.j.s.ServletContextHandler@d16209e{/logs,file:///workdir/hadoop-ozone/integration-test/target/log,UNAVAILABLE}
2019-07-30 19:24:54,715 INFO  server.StorageContainerManager (StorageContainerManager.java:stop(843)) - Stopping Block Manager Service.
2019-07-30 19:24:54,715 INFO  utils.BackgroundService (BackgroundService.java:shutdown(148)) - Shutting down service SCMBlockDeletingService
2019-07-30 19:24:54,715 INFO  utils.BackgroundService (BackgroundService.java:shutdown(148)) - Shutting down service SCMBlockDeletingService
2019-07-30 19:24:54,716 INFO  server.StorageContainerManager (StorageContainerManager.java:stop(865)) - Stopping SCM Event Queue.
2019-07-30 19:24:54,721 INFO  impl.MetricsSystemImpl (MetricsSystemImpl.java:stop(210)) - Stopping HddsDatanode metrics system...
2019-07-30 19:24:54,727 INFO  impl.MetricsSystemImpl (MetricsSystemImpl.java:stop(216)) - HddsDatanode metrics system stopped.
]]></system-out>
    <system-err><![CDATA[Jul 30, 2019 7:24:23 PM com.sun.jersey.server.impl.application.WebApplicationImpl _initiate
INFO: Initiating Jersey application, version 'Jersey: 1.19 02/11/2015 03:25 AM'
Jul 30, 2019 7:24:23 PM com.sun.jersey.server.impl.application.WebApplicationImpl _initiate
INFO: Initiating Jersey application, version 'Jersey: 1.19 02/11/2015 03:25 AM'
Jul 30, 2019 7:24:23 PM com.sun.jersey.server.impl.application.WebApplicationImpl _initiate
INFO: Initiating Jersey application, version 'Jersey: 1.19 02/11/2015 03:25 AM'
Jul 30, 2019 7:24:23 PM com.sun.jersey.server.impl.application.WebApplicationImpl _initiate
INFO: Initiating Jersey application, version 'Jersey: 1.19 02/11/2015 03:25 AM'
Jul 30, 2019 7:24:24 PM com.sun.jersey.server.impl.application.WebApplicationImpl _initiate
INFO: Initiating Jersey application, version 'Jersey: 1.19 02/11/2015 03:25 AM'
Jul 30, 2019 7:24:24 PM com.sun.jersey.server.impl.application.WebApplicationImpl _initiate
INFO: Initiating Jersey application, version 'Jersey: 1.19 02/11/2015 03:25 AM'
Jul 30, 2019 7:24:24 PM com.sun.jersey.server.impl.application.WebApplicationImpl _initiate
INFO: Initiating Jersey application, version 'Jersey: 1.19 02/11/2015 03:25 AM'
]]></system-err>
  </testcase>
</testsuite>