<?xml version="1.0" encoding="UTF-8"?>
<testsuite xmlns:xsi="http://www.w3.org/2001/XMLSchema-instance" xsi:noNamespaceSchemaLocation="https://maven.apache.org/surefire/maven-surefire-plugin/xsd/surefire-test-report.xsd" name="org.apache.hadoop.ozone.client.rpc.TestMultiBlockWritesWithDnFailures" time="147.787" tests="2" errors="1" skipped="0" failures="0">
  <properties>
    <property name="awt.toolkit" value="sun.awt.X11.XToolkit"/>
    <property name="file.encoding.pkg" value="sun.io"/>
    <property name="java.specification.version" value="1.8"/>
    <property name="sun.cpu.isalist" value=""/>
    <property name="sun.jnu.encoding" value="UTF-8"/>
    <property name="java.class.path" value="/workdir/hadoop-ozone/integration-test/target/test-classes:/workdir/hadoop-ozone/integration-test/target/classes:/home/user/.m2/repository/org/apache/hadoop/hadoop-ozone-common/0.5.0-SNAPSHOT/hadoop-ozone-common-0.5.0-SNAPSHOT.jar:/home/user/.m2/repository/org/apache/commons/commons-compress/1.4.1/commons-compress-1.4.1.jar:/home/user/.m2/repository/org/tukaani/xz/1.0/xz-1.0.jar:/home/user/.m2/repository/org/apache/hadoop/hadoop-common/3.2.0/hadoop-common-3.2.0.jar:/home/user/.m2/repository/org/apache/hadoop/hadoop-hdfs/3.2.0/hadoop-hdfs-3.2.0.jar:/home/user/.m2/repository/org/apache/hadoop/hadoop-hdfs-client/3.2.0/hadoop-hdfs-client-3.2.0.jar:/home/user/.m2/repository/com/fasterxml/jackson/core/jackson-annotations/2.9.5/jackson-annotations-2.9.5.jar:/home/user/.m2/repository/org/apache/hadoop/hadoop-hdds-common/0.5.0-SNAPSHOT/hadoop-hdds-common-0.5.0-SNAPSHOT.jar:/home/user/.m2/repository/javax/annotation/javax.annotation-api/1.2/javax.annotation-api-1.2.jar:/home/user/.m2/repository/org/apache/ratis/ratis-server/0.4.0-78e95b9-SNAPSHOT/ratis-server-0.4.0-78e95b9-SNAPSHOT.jar:/home/user/.m2/repository/org/apache/ratis/ratis-thirdparty-misc/0.2.0/ratis-thirdparty-misc-0.2.0.jar:/home/user/.m2/repository/org/apache/ratis/ratis-proto/0.4.0-78e95b9-SNAPSHOT/ratis-proto-0.4.0-78e95b9-SNAPSHOT.jar:/home/user/.m2/repository/org/apache/ratis/ratis-common/0.4.0-78e95b9-SNAPSHOT/ratis-common-0.4.0-78e95b9-SNAPSHOT.jar:/home/user/.m2/repository/org/apache/ratis/ratis-client/0.4.0-78e95b9-SNAPSHOT/ratis-client-0.4.0-78e95b9-SNAPSHOT.jar:/home/user/.m2/repository/org/apache/ratis/ratis-metrics/0.4.0-78e95b9-SNAPSHOT/ratis-metrics-0.4.0-78e95b9-SNAPSHOT.jar:/home/user/.m2/repository/com/github/joshelser/dropwizard-metrics-hadoop-metrics2-reporter/0.1.2/dropwizard-metrics-hadoop-metrics2-reporter-0.1.2.jar:/home/user/.m2/repository/io/dropwizard/metrics/metrics-jvm/3.2.5/metrics-jvm-3.2.5.jar:/home/user/.m2/repository/io/dropwizard/metrics/metrics-ganglia/3.2.5/metrics-ganglia-3.2.5.jar:/home/user/.m2/repository/info/ganglia/gmetric4j/gmetric4j/1.0.7/gmetric4j-1.0.7.jar:/home/user/.m2/repository/org/apache/ratis/ratis-netty/0.4.0-78e95b9-SNAPSHOT/ratis-netty-0.4.0-78e95b9-SNAPSHOT.jar:/home/user/.m2/repository/org/apache/ratis/ratis-grpc/0.4.0-78e95b9-SNAPSHOT/ratis-grpc-0.4.0-78e95b9-SNAPSHOT.jar:/home/user/.m2/repository/org/rocksdb/rocksdbjni/6.0.1/rocksdbjni-6.0.1.jar:/home/user/.m2/repository/org/apache/logging/log4j/log4j-api/2.11.0/log4j-api-2.11.0.jar:/home/user/.m2/repository/org/apache/logging/log4j/log4j-core/2.11.0/log4j-core-2.11.0.jar:/home/user/.m2/repository/com/lmax/disruptor/3.4.2/disruptor-3.4.2.jar:/home/user/.m2/repository/org/apache/commons/commons-pool2/2.6.0/commons-pool2-2.6.0.jar:/home/user/.m2/repository/org/bouncycastle/bcpkix-jdk15on/1.60/bcpkix-jdk15on-1.60.jar:/home/user/.m2/repository/commons-validator/commons-validator/1.6/commons-validator-1.6.jar:/home/user/.m2/repository/commons-digester/commons-digester/1.8.1/commons-digester-1.8.1.jar:/home/user/.m2/repository/io/jaegertracing/jaeger-client/0.33.1/jaeger-client-0.33.1.jar:/home/user/.m2/repository/io/jaegertracing/jaeger-thrift/0.33.1/jaeger-thrift-0.33.1.jar:/home/user/.m2/repository/org/apache/thrift/libthrift/0.11.0/libthrift-0.11.0.jar:/home/user/.m2/repository/com/squareup/okhttp3/okhttp/3.9.0/okhttp-3.9.0.jar:/home/user/.m2/repository/com/squareup/okio/okio/1.13.0/okio-1.13.0.jar:/home/user/.m2/repository/io/jaegertracing/jaeger-core/0.33.1/jaeger-core-0.33.1.jar:/home/user/.m2/repository/io/jaegertracing/jaeger-tracerresolver/0.33.1/jaeger-tracerresolver-0.33.1.jar:/home/user/.m2/repository/io/opentracing/contrib/opentracing-tracerresolver/0.1.5/opentracing-tracerresolver-0.1.5.jar:/home/user/.m2/repository/io/opentracing/opentracing-util/0.31.0/opentracing-util-0.31.0.jar:/home/user/.m2/repository/io/opentracing/opentracing-api/0.31.0/opentracing-api-0.31.0.jar:/home/user/.m2/repository/io/opentracing/opentracing-noop/0.31.0/opentracing-noop-0.31.0.jar:/home/user/.m2/repository/org/apache/hadoop/hadoop-hdds-server-framework/0.5.0-SNAPSHOT/hadoop-hdds-server-framework-0.5.0-SNAPSHOT.jar:/home/user/.m2/repository/org/apache/hadoop/hadoop-hdds-container-service/0.5.0-SNAPSHOT/hadoop-hdds-container-service-0.5.0-SNAPSHOT.jar:/home/user/.m2/repository/org/apache/hadoop/hadoop-hdds-client/0.5.0-SNAPSHOT/hadoop-hdds-client-0.5.0-SNAPSHOT.jar:/home/user/.m2/repository/org/apache/hadoop/hadoop-hdds-tools/0.5.0-SNAPSHOT/hadoop-hdds-tools-0.5.0-SNAPSHOT.jar:/home/user/.m2/repository/org/apache/hadoop/hadoop-hdds-server-scm/0.5.0-SNAPSHOT/hadoop-hdds-server-scm-0.5.0-SNAPSHOT.jar:/home/user/.m2/repository/org/apache/hadoop/hadoop-hdds-docs/0.5.0-SNAPSHOT/hadoop-hdds-docs-0.5.0-SNAPSHOT.jar:/home/user/.m2/repository/io/dropwizard/metrics/metrics-core/3.2.4/metrics-core-3.2.4.jar:/home/user/.m2/repository/org/hamcrest/hamcrest-all/1.3/hamcrest-all-1.3.jar:/home/user/.m2/repository/org/bouncycastle/bcprov-jdk15on/1.60/bcprov-jdk15on-1.60.jar:/home/user/.m2/repository/info/picocli/picocli/3.9.6/picocli-3.9.6.jar:/home/user/.m2/repository/com/google/protobuf/protobuf-java/2.5.0/protobuf-java-2.5.0.jar:/home/user/.m2/repository/com/google/guava/guava/11.0.2/guava-11.0.2.jar:/home/user/.m2/repository/org/apache/hadoop/hadoop-ozone-ozone-manager/0.5.0-SNAPSHOT/hadoop-ozone-ozone-manager-0.5.0-SNAPSHOT.jar:/home/user/.m2/repository/org/apache/hadoop/hadoop-minikdc/3.2.0/hadoop-minikdc-3.2.0.jar:/home/user/.m2/repository/commons-io/commons-io/2.5/commons-io-2.5.jar:/home/user/.m2/repository/org/apache/kerby/kerb-simplekdc/1.0.1/kerb-simplekdc-1.0.1.jar:/home/user/.m2/repository/org/apache/kerby/kerb-client/1.0.1/kerb-client-1.0.1.jar:/home/user/.m2/repository/org/apache/kerby/kerby-config/1.0.1/kerby-config-1.0.1.jar:/home/user/.m2/repository/org/apache/kerby/kerb-core/1.0.1/kerb-core-1.0.1.jar:/home/user/.m2/repository/org/apache/kerby/kerby-pkix/1.0.1/kerby-pkix-1.0.1.jar:/home/user/.m2/repository/org/apache/kerby/kerby-asn1/1.0.1/kerby-asn1-1.0.1.jar:/home/user/.m2/repository/org/apache/kerby/kerby-util/1.0.1/kerby-util-1.0.1.jar:/home/user/.m2/repository/org/apache/kerby/kerb-common/1.0.1/kerb-common-1.0.1.jar:/home/user/.m2/repository/org/apache/kerby/kerb-crypto/1.0.1/kerb-crypto-1.0.1.jar:/home/user/.m2/repository/org/apache/kerby/kerb-util/1.0.1/kerb-util-1.0.1.jar:/home/user/.m2/repository/org/apache/kerby/token-provider/1.0.1/token-provider-1.0.1.jar:/home/user/.m2/repository/org/apache/kerby/kerb-admin/1.0.1/kerb-admin-1.0.1.jar:/home/user/.m2/repository/org/apache/kerby/kerb-server/1.0.1/kerb-server-1.0.1.jar:/home/user/.m2/repository/org/apache/kerby/kerb-identity/1.0.1/kerb-identity-1.0.1.jar:/home/user/.m2/repository/org/apache/kerby/kerby-xdr/1.0.1/kerby-xdr-1.0.1.jar:/home/user/.m2/repository/org/slf4j/slf4j-log4j12/1.7.25/slf4j-log4j12-1.7.25.jar:/home/user/.m2/repository/org/apache/hadoop/hadoop-ozone-s3gateway/0.5.0-SNAPSHOT/hadoop-ozone-s3gateway-0.5.0-SNAPSHOT.jar:/home/user/.m2/repository/org/jboss/weld/servlet/weld-servlet/2.4.7.Final/weld-servlet-2.4.7.Final.jar:/home/user/.m2/repository/org/glassfish/jersey/containers/jersey-container-servlet-core/2.27/jersey-container-servlet-core-2.27.jar:/home/user/.m2/repository/org/glassfish/hk2/external/javax.inject/2.5.0-b42/javax.inject-2.5.0-b42.jar:/home/user/.m2/repository/org/glassfish/jersey/core/jersey-common/2.27/jersey-common-2.27.jar:/home/user/.m2/repository/org/glassfish/hk2/osgi-resource-locator/1.0.1/osgi-resource-locator-1.0.1.jar:/home/user/.m2/repository/javax/ws/rs/javax.ws.rs-api/2.1/javax.ws.rs-api-2.1.jar:/home/user/.m2/repository/org/glassfish/jersey/ext/cdi/jersey-cdi1x/2.27/jersey-cdi1x-2.27.jar:/home/user/.m2/repository/org/glassfish/jersey/inject/jersey-hk2/2.27/jersey-hk2-2.27.jar:/home/user/.m2/repository/org/glassfish/hk2/hk2-locator/2.5.0-b42/hk2-locator-2.5.0-b42.jar:/home/user/.m2/repository/org/javassist/javassist/3.22.0-CR2/javassist-3.22.0-CR2.jar:/home/user/.m2/repository/org/glassfish/hk2/hk2-api/2.5.0/hk2-api-2.5.0.jar:/home/user/.m2/repository/org/glassfish/hk2/external/jakarta.inject/2.5.0/jakarta.inject-2.5.0.jar:/home/user/.m2/repository/org/glassfish/hk2/hk2-utils/2.5.0/hk2-utils-2.5.0.jar:/home/user/.m2/repository/jakarta/annotation/jakarta.annotation-api/1.3.4/jakarta.annotation-api-1.3.4.jar:/home/user/.m2/repository/org/glassfish/hk2/external/aopalliance-repackaged/2.5.0/aopalliance-repackaged-2.5.0.jar:/home/user/.m2/repository/com/fasterxml/jackson/dataformat/jackson-dataformat-xml/2.9.0/jackson-dataformat-xml-2.9.0.jar:/home/user/.m2/repository/com/fasterxml/jackson/core/jackson-core/2.9.5/jackson-core-2.9.5.jar:/home/user/.m2/repository/com/fasterxml/jackson/module/jackson-module-jaxb-annotations/2.9.5/jackson-module-jaxb-annotations-2.9.5.jar:/home/user/.m2/repository/javax/enterprise/cdi-api/1.2/cdi-api-1.2.jar:/home/user/.m2/repository/javax/el/javax.el-api/3.0.0/javax.el-api-3.0.0.jar:/home/user/.m2/repository/javax/interceptor/javax.interceptor-api/1.2/javax.interceptor-api-1.2.jar:/home/user/.m2/repository/javax/inject/javax.inject/1/javax.inject-1.jar:/home/user/.m2/repository/com/sun/xml/bind/jaxb-impl/2.3.0.1/jaxb-impl-2.3.0.1.jar:/home/user/.m2/repository/com/sun/xml/bind/jaxb-core/2.3.0.1/jaxb-core-2.3.0.1.jar:/home/user/.m2/repository/javax/xml/bind/jaxb-api/2.3.0/jaxb-api-2.3.0.jar:/home/user/.m2/repository/javax/activation/activation/1.1.1/activation-1.1.1.jar:/home/user/.m2/repository/org/apache/hadoop/hadoop-ozone-csi/0.5.0-SNAPSHOT/hadoop-ozone-csi-0.5.0-SNAPSHOT.jar:/home/user/.m2/repository/com/google/protobuf/protobuf-java-util/3.5.1/protobuf-java-util-3.5.1.jar:/home/user/.m2/repository/org/apache/hadoop/hadoop-hdds-config/0.5.0-SNAPSHOT/hadoop-hdds-config-0.5.0-SNAPSHOT.jar:/home/user/.m2/repository/io/grpc/grpc-netty/1.17.1/grpc-netty-1.17.1.jar:/home/user/.m2/repository/io/grpc/grpc-core/1.17.1/grpc-core-1.17.1.jar:/home/user/.m2/repository/io/grpc/grpc-context/1.17.1/grpc-context-1.17.1.jar:/home/user/.m2/repository/com/google/errorprone/error_prone_annotations/2.2.0/error_prone_annotations-2.2.0.jar:/home/user/.m2/repository/org/codehaus/mojo/animal-sniffer-annotations/1.17/animal-sniffer-annotations-1.17.jar:/home/user/.m2/repository/io/opencensus/opencensus-api/0.17.0/opencensus-api-0.17.0.jar:/home/user/.m2/repository/io/opencensus/opencensus-contrib-grpc-metrics/0.17.0/opencensus-contrib-grpc-metrics-0.17.0.jar:/home/user/.m2/repository/io/netty/netty-codec-http2/4.1.30.Final/netty-codec-http2-4.1.30.Final.jar:/home/user/.m2/repository/io/netty/netty-codec-http/4.1.30.Final/netty-codec-http-4.1.30.Final.jar:/home/user/.m2/repository/io/netty/netty-codec/4.1.30.Final/netty-codec-4.1.30.Final.jar:/home/user/.m2/repository/io/netty/netty-handler/4.1.30.Final/netty-handler-4.1.30.Final.jar:/home/user/.m2/repository/io/netty/netty-handler-proxy/4.1.30.Final/netty-handler-proxy-4.1.30.Final.jar:/home/user/.m2/repository/io/netty/netty-codec-socks/4.1.30.Final/netty-codec-socks-4.1.30.Final.jar:/home/user/.m2/repository/io/netty/netty-transport-native-epoll/4.1.30.Final/netty-transport-native-epoll-4.1.30.Final.jar:/home/user/.m2/repository/io/netty/netty-common/4.1.30.Final/netty-common-4.1.30.Final.jar:/home/user/.m2/repository/io/netty/netty-buffer/4.1.30.Final/netty-buffer-4.1.30.Final.jar:/home/user/.m2/repository/io/netty/netty-transport/4.1.30.Final/netty-transport-4.1.30.Final.jar:/home/user/.m2/repository/io/netty/netty-resolver/4.1.30.Final/netty-resolver-4.1.30.Final.jar:/home/user/.m2/repository/io/netty/netty-transport-native-unix-common/4.1.30.Final/netty-transport-native-unix-common-4.1.30.Final.jar:/home/user/.m2/repository/io/grpc/grpc-protobuf/1.17.1/grpc-protobuf-1.17.1.jar:/home/user/.m2/repository/com/google/api/grpc/proto-google-common-protos/1.0.0/proto-google-common-protos-1.0.0.jar:/home/user/.m2/repository/io/grpc/grpc-protobuf-lite/1.17.1/grpc-protobuf-lite-1.17.1.jar:/home/user/.m2/repository/io/grpc/grpc-stub/1.17.1/grpc-stub-1.17.1.jar:/home/user/.m2/repository/org/apache/hadoop/hadoop-ozone-recon/0.5.0-SNAPSHOT/hadoop-ozone-recon-0.5.0-SNAPSHOT.jar:/home/user/.m2/repository/org/apache/hadoop/hadoop-ozone-reconcodegen/0.5.0-SNAPSHOT/hadoop-ozone-reconcodegen-0.5.0-SNAPSHOT.jar:/home/user/.m2/repository/com/google/inject/extensions/guice-multibindings/4.0/guice-multibindings-4.0.jar:/home/user/.m2/repository/com/google/inject/guice/4.0/guice-4.0.jar:/home/user/.m2/repository/aopalliance/aopalliance/1.0/aopalliance-1.0.jar:/home/user/.m2/repository/com/google/inject/extensions/guice-servlet/4.0/guice-servlet-4.0.jar:/home/user/.m2/repository/org/glassfish/jersey/containers/jersey-container-servlet/2.27/jersey-container-servlet-2.27.jar:/home/user/.m2/repository/org/glassfish/hk2/guice-bridge/2.5.0/guice-bridge-2.5.0.jar:/home/user/.m2/repository/org/glassfish/jersey/core/jersey-server/2.27/jersey-server-2.27.jar:/home/user/.m2/repository/org/glassfish/jersey/core/jersey-client/2.27/jersey-client-2.27.jar:/home/user/.m2/repository/org/glassfish/jersey/media/jersey-media-jaxb/2.27/jersey-media-jaxb-2.27.jar:/home/user/.m2/repository/javax/validation/validation-api/1.1.0.Final/validation-api-1.1.0.Final.jar:/home/user/.m2/repository/org/glassfish/jersey/media/jersey-media-json-jackson/2.27/jersey-media-json-jackson-2.27.jar:/home/user/.m2/repository/org/glassfish/jersey/ext/jersey-entity-filtering/2.27/jersey-entity-filtering-2.27.jar:/home/user/.m2/repository/com/google/inject/extensions/guice-assistedinject/4.0/guice-assistedinject-4.0.jar:/home/user/.m2/repository/org/jooq/jooq/3.11.10/jooq-3.11.10.jar:/home/user/.m2/repository/org/jooq/jooq-meta/3.11.10/jooq-meta-3.11.10.jar:/home/user/.m2/repository/org/jooq/jooq-codegen/3.11.10/jooq-codegen-3.11.10.jar:/home/user/.m2/repository/com/jolbox/bonecp/0.8.0.RELEASE/bonecp-0.8.0.RELEASE.jar:/home/user/.m2/repository/org/xerial/sqlite-jdbc/3.25.2/sqlite-jdbc-3.25.2.jar:/home/user/.m2/repository/org/springframework/spring-jdbc/5.1.3.RELEASE/spring-jdbc-5.1.3.RELEASE.jar:/home/user/.m2/repository/org/springframework/spring-beans/5.1.3.RELEASE/spring-beans-5.1.3.RELEASE.jar:/home/user/.m2/repository/org/springframework/spring-core/5.1.3.RELEASE/spring-core-5.1.3.RELEASE.jar:/home/user/.m2/repository/org/springframework/spring-jcl/5.1.3.RELEASE/spring-jcl-5.1.3.RELEASE.jar:/home/user/.m2/repository/org/springframework/spring-tx/5.1.3.RELEASE/spring-tx-5.1.3.RELEASE.jar:/home/user/.m2/repository/org/apache/hadoop/hadoop-ozone-client/0.5.0-SNAPSHOT/hadoop-ozone-client-0.5.0-SNAPSHOT.jar:/home/user/.m2/repository/commons-lang/commons-lang/2.6/commons-lang-2.6.jar:/home/user/.m2/repository/org/apache/hadoop/hadoop-ozone-ozone-manager/0.5.0-SNAPSHOT/hadoop-ozone-ozone-manager-0.5.0-SNAPSHOT-tests.jar:/home/user/.m2/repository/junit/junit/4.11/junit-4.11.jar:/home/user/.m2/repository/org/hamcrest/hamcrest-core/1.3/hamcrest-core-1.3.jar:/home/user/.m2/repository/org/openjdk/jmh/jmh-core/1.19/jmh-core-1.19.jar:/home/user/.m2/repository/net/sf/jopt-simple/jopt-simple/4.6/jopt-simple-4.6.jar:/home/user/.m2/repository/org/apache/commons/commons-math3/3.1.1/commons-math3-3.1.1.jar:/home/user/.m2/repository/org/openjdk/jmh/jmh-generator-annprocess/1.19/jmh-generator-annprocess-1.19.jar:/home/user/.m2/repository/org/mockito/mockito-all/1.8.5/mockito-all-1.8.5.jar:/home/user/.m2/repository/org/apache/hadoop/hadoop-kms/3.2.0/hadoop-kms-3.2.0.jar:/home/user/.m2/repository/org/apache/hadoop/hadoop-auth/3.2.0/hadoop-auth-3.2.0.jar:/home/user/.m2/repository/com/nimbusds/nimbus-jose-jwt/4.41.1/nimbus-jose-jwt-4.41.1.jar:/home/user/.m2/repository/com/github/stephenc/jcip/jcip-annotations/1.0-1/jcip-annotations-1.0-1.jar:/home/user/.m2/repository/net/minidev/json-smart/2.3/json-smart-2.3.jar:/home/user/.m2/repository/net/minidev/accessors-smart/1.2/accessors-smart-1.2.jar:/home/user/.m2/repository/org/ow2/asm/asm/5.0.4/asm-5.0.4.jar:/home/user/.m2/repository/org/apache/curator/curator-framework/2.12.0/curator-framework-2.12.0.jar:/home/user/.m2/repository/com/sun/jersey/jersey-core/1.19/jersey-core-1.19.jar:/home/user/.m2/repository/javax/ws/rs/jsr311-api/1.1.1/jsr311-api-1.1.1.jar:/home/user/.m2/repository/com/sun/jersey/jersey-server/1.19/jersey-server-1.19.jar:/home/user/.m2/repository/javax/servlet/javax.servlet-api/3.1.0/javax.servlet-api-3.1.0.jar:/home/user/.m2/repository/org/eclipse/jetty/jetty-server/9.3.24.v20180605/jetty-server-9.3.24.v20180605.jar:/home/user/.m2/repository/org/eclipse/jetty/jetty-http/9.3.24.v20180605/jetty-http-9.3.24.v20180605.jar:/home/user/.m2/repository/org/eclipse/jetty/jetty-io/9.3.24.v20180605/jetty-io-9.3.24.v20180605.jar:/home/user/.m2/repository/org/eclipse/jetty/jetty-webapp/9.3.24.v20180605/jetty-webapp-9.3.24.v20180605.jar:/home/user/.m2/repository/org/eclipse/jetty/jetty-xml/9.3.24.v20180605/jetty-xml-9.3.24.v20180605.jar:/home/user/.m2/repository/log4j/log4j/1.2.17/log4j-1.2.17.jar:/home/user/.m2/repository/org/slf4j/slf4j-api/1.7.25/slf4j-api-1.7.25.jar:/home/user/.m2/repository/org/slf4j/jul-to-slf4j/1.7.25/jul-to-slf4j-1.7.25.jar:/home/user/.m2/repository/org/eclipse/jetty/jetty-util/9.3.24.v20180605/jetty-util-9.3.24.v20180605.jar:/home/user/.m2/repository/com/fasterxml/jackson/core/jackson-databind/2.9.5/jackson-databind-2.9.5.jar:/home/user/.m2/repository/org/apache/hadoop/hadoop-kms/3.2.0/hadoop-kms-3.2.0-tests.jar:/home/user/.m2/repository/org/apache/hadoop/hadoop-hdds-server-scm/0.5.0-SNAPSHOT/hadoop-hdds-server-scm-0.5.0-SNAPSHOT-tests.jar:/home/user/.m2/repository/org/apache/hadoop/hadoop-hdds-container-service/0.5.0-SNAPSHOT/hadoop-hdds-container-service-0.5.0-SNAPSHOT-tests.jar:/home/user/.m2/repository/org/yaml/snakeyaml/1.16/snakeyaml-1.16.jar:/home/user/.m2/repository/org/apache/hadoop/hadoop-common/3.2.0/hadoop-common-3.2.0-tests.jar:/home/user/.m2/repository/org/apache/hadoop/hadoop-annotations/3.2.0/hadoop-annotations-3.2.0.jar:/usr/lib/jvm/java-1.8-openjdk/jre/../lib/tools.jar:/home/user/.m2/repository/commons-cli/commons-cli/1.2/commons-cli-1.2.jar:/home/user/.m2/repository/org/apache/httpcomponents/httpclient/4.5.2/httpclient-4.5.2.jar:/home/user/.m2/repository/org/apache/httpcomponents/httpcore/4.4.4/httpcore-4.4.4.jar:/home/user/.m2/repository/commons-codec/commons-codec/1.11/commons-codec-1.11.jar:/home/user/.m2/repository/commons-net/commons-net/3.6/commons-net-3.6.jar:/home/user/.m2/repository/commons-collections/commons-collections/3.2.2/commons-collections-3.2.2.jar:/home/user/.m2/repository/org/eclipse/jetty/jetty-servlet/9.3.24.v20180605/jetty-servlet-9.3.24.v20180605.jar:/home/user/.m2/repository/org/eclipse/jetty/jetty-security/9.3.24.v20180605/jetty-security-9.3.24.v20180605.jar:/home/user/.m2/repository/javax/servlet/jsp/jsp-api/2.1/jsp-api-2.1.jar:/home/user/.m2/repository/com/sun/jersey/jersey-servlet/1.19/jersey-servlet-1.19.jar:/home/user/.m2/repository/com/sun/jersey/jersey-json/1.19/jersey-json-1.19.jar:/home/user/.m2/repository/org/codehaus/jettison/jettison/1.1/jettison-1.1.jar:/home/user/.m2/repository/org/codehaus/jackson/jackson-core-asl/1.9.13/jackson-core-asl-1.9.13.jar:/home/user/.m2/repository/org/codehaus/jackson/jackson-mapper-asl/1.9.13/jackson-mapper-asl-1.9.13.jar:/home/user/.m2/repository/org/codehaus/jackson/jackson-jaxrs/1.9.13/jackson-jaxrs-1.9.13.jar:/home/user/.m2/repository/org/codehaus/jackson/jackson-xc/1.9.13/jackson-xc-1.9.13.jar:/home/user/.m2/repository/commons-logging/commons-logging/1.1.3/commons-logging-1.1.3.jar:/home/user/.m2/repository/commons-beanutils/commons-beanutils/1.9.3/commons-beanutils-1.9.3.jar:/home/user/.m2/repository/org/apache/commons/commons-configuration2/2.1.1/commons-configuration2-2.1.1.jar:/home/user/.m2/repository/org/apache/commons/commons-lang3/3.7/commons-lang3-3.7.jar:/home/user/.m2/repository/org/apache/commons/commons-text/1.4/commons-text-1.4.jar:/home/user/.m2/repository/org/apache/avro/avro/1.7.7/avro-1.7.7.jar:/home/user/.m2/repository/com/thoughtworks/paranamer/paranamer/2.3/paranamer-2.3.jar:/home/user/.m2/repository/org/xerial/snappy/snappy-java/1.0.5/snappy-java-1.0.5.jar:/home/user/.m2/repository/com/google/re2j/re2j/1.1/re2j-1.1.jar:/home/user/.m2/repository/com/google/code/gson/gson/2.2.4/gson-2.2.4.jar:/home/user/.m2/repository/com/jcraft/jsch/0.1.54/jsch-0.1.54.jar:/home/user/.m2/repository/org/apache/curator/curator-client/2.12.0/curator-client-2.12.0.jar:/home/user/.m2/repository/org/apache/curator/curator-recipes/2.12.0/curator-recipes-2.12.0.jar:/home/user/.m2/repository/com/google/code/findbugs/jsr305/3.0.0/jsr305-3.0.0.jar:/home/user/.m2/repository/org/apache/htrace/htrace-core4/4.1.0-incubating/htrace-core4-4.1.0-incubating.jar:/home/user/.m2/repository/org/apache/zookeeper/zookeeper/3.4.13/zookeeper-3.4.13.jar:/home/user/.m2/repository/org/apache/yetus/audience-annotations/0.5.0/audience-annotations-0.5.0.jar:/home/user/.m2/repository/org/codehaus/woodstox/stax2-api/3.1.4/stax2-api-3.1.4.jar:/home/user/.m2/repository/com/fasterxml/woodstox/woodstox-core/5.0.3/woodstox-core-5.0.3.jar:/home/user/.m2/repository/dnsjava/dnsjava/2.1.7/dnsjava-2.1.7.jar:/home/user/.m2/repository/org/apache/hadoop/hadoop-hdfs/3.2.0/hadoop-hdfs-3.2.0-tests.jar:/home/user/.m2/repository/org/eclipse/jetty/jetty-util-ajax/9.3.24.v20180605/jetty-util-ajax-9.3.24.v20180605.jar:/home/user/.m2/repository/commons-daemon/commons-daemon/1.0.13/commons-daemon-1.0.13.jar:/home/user/.m2/repository/io/netty/netty/3.10.5.Final/netty-3.10.5.Final.jar:/home/user/.m2/repository/io/netty/netty-all/4.0.52.Final/netty-all-4.0.52.Final.jar:/home/user/.m2/repository/org/fusesource/leveldbjni/leveldbjni-all/1.8/leveldbjni-all-1.8.jar:"/>
    <property name="java.vm.vendor" value="IcedTea"/>
    <property name="sun.arch.data.model" value="64"/>
    <property name="test.build.dir" value="/workdir/hadoop-ozone/integration-test/target/test-dir"/>
    <property name="test.cache.data" value=""/>
    <property name="java.vendor.url" value="https://icedtea.classpath.org"/>
    <property name="user.timezone" value=""/>
    <property name="java.vm.specification.version" value="1.8"/>
    <property name="os.name" value="Linux"/>
    <property name="test.build.data" value="/workdir/hadoop-ozone/integration-test/target/test-dir"/>
    <property name="user.country" value="US"/>
    <property name="sun.java.launcher" value="SUN_STANDARD"/>
    <property name="sun.boot.library.path" value="/usr/lib/jvm/java-1.8-openjdk/jre/lib/amd64"/>
    <property name="sun.java.command" value="/workdir/hadoop-ozone/integration-test/target/surefire/surefirebooter8735820072665556848.jar /workdir/hadoop-ozone/integration-test/target/surefire 2019-09-17T06-14-38_856-jvmRun1 surefire4904508509472894013tmp surefire_725019663286409147009tmp"/>
    <property name="test" value="!TestMiniChaosOzoneCluster"/>
    <property name="surefire.test.class.path" value="/workdir/hadoop-ozone/integration-test/target/test-classes:/workdir/hadoop-ozone/integration-test/target/classes:/home/user/.m2/repository/org/apache/hadoop/hadoop-ozone-common/0.5.0-SNAPSHOT/hadoop-ozone-common-0.5.0-SNAPSHOT.jar:/home/user/.m2/repository/org/apache/commons/commons-compress/1.4.1/commons-compress-1.4.1.jar:/home/user/.m2/repository/org/tukaani/xz/1.0/xz-1.0.jar:/home/user/.m2/repository/org/apache/hadoop/hadoop-common/3.2.0/hadoop-common-3.2.0.jar:/home/user/.m2/repository/org/apache/hadoop/hadoop-hdfs/3.2.0/hadoop-hdfs-3.2.0.jar:/home/user/.m2/repository/org/apache/hadoop/hadoop-hdfs-client/3.2.0/hadoop-hdfs-client-3.2.0.jar:/home/user/.m2/repository/com/fasterxml/jackson/core/jackson-annotations/2.9.5/jackson-annotations-2.9.5.jar:/home/user/.m2/repository/org/apache/hadoop/hadoop-hdds-common/0.5.0-SNAPSHOT/hadoop-hdds-common-0.5.0-SNAPSHOT.jar:/home/user/.m2/repository/javax/annotation/javax.annotation-api/1.2/javax.annotation-api-1.2.jar:/home/user/.m2/repository/org/apache/ratis/ratis-server/0.4.0-78e95b9-SNAPSHOT/ratis-server-0.4.0-78e95b9-SNAPSHOT.jar:/home/user/.m2/repository/org/apache/ratis/ratis-thirdparty-misc/0.2.0/ratis-thirdparty-misc-0.2.0.jar:/home/user/.m2/repository/org/apache/ratis/ratis-proto/0.4.0-78e95b9-SNAPSHOT/ratis-proto-0.4.0-78e95b9-SNAPSHOT.jar:/home/user/.m2/repository/org/apache/ratis/ratis-common/0.4.0-78e95b9-SNAPSHOT/ratis-common-0.4.0-78e95b9-SNAPSHOT.jar:/home/user/.m2/repository/org/apache/ratis/ratis-client/0.4.0-78e95b9-SNAPSHOT/ratis-client-0.4.0-78e95b9-SNAPSHOT.jar:/home/user/.m2/repository/org/apache/ratis/ratis-metrics/0.4.0-78e95b9-SNAPSHOT/ratis-metrics-0.4.0-78e95b9-SNAPSHOT.jar:/home/user/.m2/repository/com/github/joshelser/dropwizard-metrics-hadoop-metrics2-reporter/0.1.2/dropwizard-metrics-hadoop-metrics2-reporter-0.1.2.jar:/home/user/.m2/repository/io/dropwizard/metrics/metrics-jvm/3.2.5/metrics-jvm-3.2.5.jar:/home/user/.m2/repository/io/dropwizard/metrics/metrics-ganglia/3.2.5/metrics-ganglia-3.2.5.jar:/home/user/.m2/repository/info/ganglia/gmetric4j/gmetric4j/1.0.7/gmetric4j-1.0.7.jar:/home/user/.m2/repository/org/apache/ratis/ratis-netty/0.4.0-78e95b9-SNAPSHOT/ratis-netty-0.4.0-78e95b9-SNAPSHOT.jar:/home/user/.m2/repository/org/apache/ratis/ratis-grpc/0.4.0-78e95b9-SNAPSHOT/ratis-grpc-0.4.0-78e95b9-SNAPSHOT.jar:/home/user/.m2/repository/org/rocksdb/rocksdbjni/6.0.1/rocksdbjni-6.0.1.jar:/home/user/.m2/repository/org/apache/logging/log4j/log4j-api/2.11.0/log4j-api-2.11.0.jar:/home/user/.m2/repository/org/apache/logging/log4j/log4j-core/2.11.0/log4j-core-2.11.0.jar:/home/user/.m2/repository/com/lmax/disruptor/3.4.2/disruptor-3.4.2.jar:/home/user/.m2/repository/org/apache/commons/commons-pool2/2.6.0/commons-pool2-2.6.0.jar:/home/user/.m2/repository/org/bouncycastle/bcpkix-jdk15on/1.60/bcpkix-jdk15on-1.60.jar:/home/user/.m2/repository/commons-validator/commons-validator/1.6/commons-validator-1.6.jar:/home/user/.m2/repository/commons-digester/commons-digester/1.8.1/commons-digester-1.8.1.jar:/home/user/.m2/repository/io/jaegertracing/jaeger-client/0.33.1/jaeger-client-0.33.1.jar:/home/user/.m2/repository/io/jaegertracing/jaeger-thrift/0.33.1/jaeger-thrift-0.33.1.jar:/home/user/.m2/repository/org/apache/thrift/libthrift/0.11.0/libthrift-0.11.0.jar:/home/user/.m2/repository/com/squareup/okhttp3/okhttp/3.9.0/okhttp-3.9.0.jar:/home/user/.m2/repository/com/squareup/okio/okio/1.13.0/okio-1.13.0.jar:/home/user/.m2/repository/io/jaegertracing/jaeger-core/0.33.1/jaeger-core-0.33.1.jar:/home/user/.m2/repository/io/jaegertracing/jaeger-tracerresolver/0.33.1/jaeger-tracerresolver-0.33.1.jar:/home/user/.m2/repository/io/opentracing/contrib/opentracing-tracerresolver/0.1.5/opentracing-tracerresolver-0.1.5.jar:/home/user/.m2/repository/io/opentracing/opentracing-util/0.31.0/opentracing-util-0.31.0.jar:/home/user/.m2/repository/io/opentracing/opentracing-api/0.31.0/opentracing-api-0.31.0.jar:/home/user/.m2/repository/io/opentracing/opentracing-noop/0.31.0/opentracing-noop-0.31.0.jar:/home/user/.m2/repository/org/apache/hadoop/hadoop-hdds-server-framework/0.5.0-SNAPSHOT/hadoop-hdds-server-framework-0.5.0-SNAPSHOT.jar:/home/user/.m2/repository/org/apache/hadoop/hadoop-hdds-container-service/0.5.0-SNAPSHOT/hadoop-hdds-container-service-0.5.0-SNAPSHOT.jar:/home/user/.m2/repository/org/apache/hadoop/hadoop-hdds-client/0.5.0-SNAPSHOT/hadoop-hdds-client-0.5.0-SNAPSHOT.jar:/home/user/.m2/repository/org/apache/hadoop/hadoop-hdds-tools/0.5.0-SNAPSHOT/hadoop-hdds-tools-0.5.0-SNAPSHOT.jar:/home/user/.m2/repository/org/apache/hadoop/hadoop-hdds-server-scm/0.5.0-SNAPSHOT/hadoop-hdds-server-scm-0.5.0-SNAPSHOT.jar:/home/user/.m2/repository/org/apache/hadoop/hadoop-hdds-docs/0.5.0-SNAPSHOT/hadoop-hdds-docs-0.5.0-SNAPSHOT.jar:/home/user/.m2/repository/io/dropwizard/metrics/metrics-core/3.2.4/metrics-core-3.2.4.jar:/home/user/.m2/repository/org/hamcrest/hamcrest-all/1.3/hamcrest-all-1.3.jar:/home/user/.m2/repository/org/bouncycastle/bcprov-jdk15on/1.60/bcprov-jdk15on-1.60.jar:/home/user/.m2/repository/info/picocli/picocli/3.9.6/picocli-3.9.6.jar:/home/user/.m2/repository/com/google/protobuf/protobuf-java/2.5.0/protobuf-java-2.5.0.jar:/home/user/.m2/repository/com/google/guava/guava/11.0.2/guava-11.0.2.jar:/home/user/.m2/repository/org/apache/hadoop/hadoop-ozone-ozone-manager/0.5.0-SNAPSHOT/hadoop-ozone-ozone-manager-0.5.0-SNAPSHOT.jar:/home/user/.m2/repository/org/apache/hadoop/hadoop-minikdc/3.2.0/hadoop-minikdc-3.2.0.jar:/home/user/.m2/repository/commons-io/commons-io/2.5/commons-io-2.5.jar:/home/user/.m2/repository/org/apache/kerby/kerb-simplekdc/1.0.1/kerb-simplekdc-1.0.1.jar:/home/user/.m2/repository/org/apache/kerby/kerb-client/1.0.1/kerb-client-1.0.1.jar:/home/user/.m2/repository/org/apache/kerby/kerby-config/1.0.1/kerby-config-1.0.1.jar:/home/user/.m2/repository/org/apache/kerby/kerb-core/1.0.1/kerb-core-1.0.1.jar:/home/user/.m2/repository/org/apache/kerby/kerby-pkix/1.0.1/kerby-pkix-1.0.1.jar:/home/user/.m2/repository/org/apache/kerby/kerby-asn1/1.0.1/kerby-asn1-1.0.1.jar:/home/user/.m2/repository/org/apache/kerby/kerby-util/1.0.1/kerby-util-1.0.1.jar:/home/user/.m2/repository/org/apache/kerby/kerb-common/1.0.1/kerb-common-1.0.1.jar:/home/user/.m2/repository/org/apache/kerby/kerb-crypto/1.0.1/kerb-crypto-1.0.1.jar:/home/user/.m2/repository/org/apache/kerby/kerb-util/1.0.1/kerb-util-1.0.1.jar:/home/user/.m2/repository/org/apache/kerby/token-provider/1.0.1/token-provider-1.0.1.jar:/home/user/.m2/repository/org/apache/kerby/kerb-admin/1.0.1/kerb-admin-1.0.1.jar:/home/user/.m2/repository/org/apache/kerby/kerb-server/1.0.1/kerb-server-1.0.1.jar:/home/user/.m2/repository/org/apache/kerby/kerb-identity/1.0.1/kerb-identity-1.0.1.jar:/home/user/.m2/repository/org/apache/kerby/kerby-xdr/1.0.1/kerby-xdr-1.0.1.jar:/home/user/.m2/repository/org/slf4j/slf4j-log4j12/1.7.25/slf4j-log4j12-1.7.25.jar:/home/user/.m2/repository/org/apache/hadoop/hadoop-ozone-s3gateway/0.5.0-SNAPSHOT/hadoop-ozone-s3gateway-0.5.0-SNAPSHOT.jar:/home/user/.m2/repository/org/jboss/weld/servlet/weld-servlet/2.4.7.Final/weld-servlet-2.4.7.Final.jar:/home/user/.m2/repository/org/glassfish/jersey/containers/jersey-container-servlet-core/2.27/jersey-container-servlet-core-2.27.jar:/home/user/.m2/repository/org/glassfish/hk2/external/javax.inject/2.5.0-b42/javax.inject-2.5.0-b42.jar:/home/user/.m2/repository/org/glassfish/jersey/core/jersey-common/2.27/jersey-common-2.27.jar:/home/user/.m2/repository/org/glassfish/hk2/osgi-resource-locator/1.0.1/osgi-resource-locator-1.0.1.jar:/home/user/.m2/repository/javax/ws/rs/javax.ws.rs-api/2.1/javax.ws.rs-api-2.1.jar:/home/user/.m2/repository/org/glassfish/jersey/ext/cdi/jersey-cdi1x/2.27/jersey-cdi1x-2.27.jar:/home/user/.m2/repository/org/glassfish/jersey/inject/jersey-hk2/2.27/jersey-hk2-2.27.jar:/home/user/.m2/repository/org/glassfish/hk2/hk2-locator/2.5.0-b42/hk2-locator-2.5.0-b42.jar:/home/user/.m2/repository/org/javassist/javassist/3.22.0-CR2/javassist-3.22.0-CR2.jar:/home/user/.m2/repository/org/glassfish/hk2/hk2-api/2.5.0/hk2-api-2.5.0.jar:/home/user/.m2/repository/org/glassfish/hk2/external/jakarta.inject/2.5.0/jakarta.inject-2.5.0.jar:/home/user/.m2/repository/org/glassfish/hk2/hk2-utils/2.5.0/hk2-utils-2.5.0.jar:/home/user/.m2/repository/jakarta/annotation/jakarta.annotation-api/1.3.4/jakarta.annotation-api-1.3.4.jar:/home/user/.m2/repository/org/glassfish/hk2/external/aopalliance-repackaged/2.5.0/aopalliance-repackaged-2.5.0.jar:/home/user/.m2/repository/com/fasterxml/jackson/dataformat/jackson-dataformat-xml/2.9.0/jackson-dataformat-xml-2.9.0.jar:/home/user/.m2/repository/com/fasterxml/jackson/core/jackson-core/2.9.5/jackson-core-2.9.5.jar:/home/user/.m2/repository/com/fasterxml/jackson/module/jackson-module-jaxb-annotations/2.9.5/jackson-module-jaxb-annotations-2.9.5.jar:/home/user/.m2/repository/javax/enterprise/cdi-api/1.2/cdi-api-1.2.jar:/home/user/.m2/repository/javax/el/javax.el-api/3.0.0/javax.el-api-3.0.0.jar:/home/user/.m2/repository/javax/interceptor/javax.interceptor-api/1.2/javax.interceptor-api-1.2.jar:/home/user/.m2/repository/javax/inject/javax.inject/1/javax.inject-1.jar:/home/user/.m2/repository/com/sun/xml/bind/jaxb-impl/2.3.0.1/jaxb-impl-2.3.0.1.jar:/home/user/.m2/repository/com/sun/xml/bind/jaxb-core/2.3.0.1/jaxb-core-2.3.0.1.jar:/home/user/.m2/repository/javax/xml/bind/jaxb-api/2.3.0/jaxb-api-2.3.0.jar:/home/user/.m2/repository/javax/activation/activation/1.1.1/activation-1.1.1.jar:/home/user/.m2/repository/org/apache/hadoop/hadoop-ozone-csi/0.5.0-SNAPSHOT/hadoop-ozone-csi-0.5.0-SNAPSHOT.jar:/home/user/.m2/repository/com/google/protobuf/protobuf-java-util/3.5.1/protobuf-java-util-3.5.1.jar:/home/user/.m2/repository/org/apache/hadoop/hadoop-hdds-config/0.5.0-SNAPSHOT/hadoop-hdds-config-0.5.0-SNAPSHOT.jar:/home/user/.m2/repository/io/grpc/grpc-netty/1.17.1/grpc-netty-1.17.1.jar:/home/user/.m2/repository/io/grpc/grpc-core/1.17.1/grpc-core-1.17.1.jar:/home/user/.m2/repository/io/grpc/grpc-context/1.17.1/grpc-context-1.17.1.jar:/home/user/.m2/repository/com/google/errorprone/error_prone_annotations/2.2.0/error_prone_annotations-2.2.0.jar:/home/user/.m2/repository/org/codehaus/mojo/animal-sniffer-annotations/1.17/animal-sniffer-annotations-1.17.jar:/home/user/.m2/repository/io/opencensus/opencensus-api/0.17.0/opencensus-api-0.17.0.jar:/home/user/.m2/repository/io/opencensus/opencensus-contrib-grpc-metrics/0.17.0/opencensus-contrib-grpc-metrics-0.17.0.jar:/home/user/.m2/repository/io/netty/netty-codec-http2/4.1.30.Final/netty-codec-http2-4.1.30.Final.jar:/home/user/.m2/repository/io/netty/netty-codec-http/4.1.30.Final/netty-codec-http-4.1.30.Final.jar:/home/user/.m2/repository/io/netty/netty-codec/4.1.30.Final/netty-codec-4.1.30.Final.jar:/home/user/.m2/repository/io/netty/netty-handler/4.1.30.Final/netty-handler-4.1.30.Final.jar:/home/user/.m2/repository/io/netty/netty-handler-proxy/4.1.30.Final/netty-handler-proxy-4.1.30.Final.jar:/home/user/.m2/repository/io/netty/netty-codec-socks/4.1.30.Final/netty-codec-socks-4.1.30.Final.jar:/home/user/.m2/repository/io/netty/netty-transport-native-epoll/4.1.30.Final/netty-transport-native-epoll-4.1.30.Final.jar:/home/user/.m2/repository/io/netty/netty-common/4.1.30.Final/netty-common-4.1.30.Final.jar:/home/user/.m2/repository/io/netty/netty-buffer/4.1.30.Final/netty-buffer-4.1.30.Final.jar:/home/user/.m2/repository/io/netty/netty-transport/4.1.30.Final/netty-transport-4.1.30.Final.jar:/home/user/.m2/repository/io/netty/netty-resolver/4.1.30.Final/netty-resolver-4.1.30.Final.jar:/home/user/.m2/repository/io/netty/netty-transport-native-unix-common/4.1.30.Final/netty-transport-native-unix-common-4.1.30.Final.jar:/home/user/.m2/repository/io/grpc/grpc-protobuf/1.17.1/grpc-protobuf-1.17.1.jar:/home/user/.m2/repository/com/google/api/grpc/proto-google-common-protos/1.0.0/proto-google-common-protos-1.0.0.jar:/home/user/.m2/repository/io/grpc/grpc-protobuf-lite/1.17.1/grpc-protobuf-lite-1.17.1.jar:/home/user/.m2/repository/io/grpc/grpc-stub/1.17.1/grpc-stub-1.17.1.jar:/home/user/.m2/repository/org/apache/hadoop/hadoop-ozone-recon/0.5.0-SNAPSHOT/hadoop-ozone-recon-0.5.0-SNAPSHOT.jar:/home/user/.m2/repository/org/apache/hadoop/hadoop-ozone-reconcodegen/0.5.0-SNAPSHOT/hadoop-ozone-reconcodegen-0.5.0-SNAPSHOT.jar:/home/user/.m2/repository/com/google/inject/extensions/guice-multibindings/4.0/guice-multibindings-4.0.jar:/home/user/.m2/repository/com/google/inject/guice/4.0/guice-4.0.jar:/home/user/.m2/repository/aopalliance/aopalliance/1.0/aopalliance-1.0.jar:/home/user/.m2/repository/com/google/inject/extensions/guice-servlet/4.0/guice-servlet-4.0.jar:/home/user/.m2/repository/org/glassfish/jersey/containers/jersey-container-servlet/2.27/jersey-container-servlet-2.27.jar:/home/user/.m2/repository/org/glassfish/hk2/guice-bridge/2.5.0/guice-bridge-2.5.0.jar:/home/user/.m2/repository/org/glassfish/jersey/core/jersey-server/2.27/jersey-server-2.27.jar:/home/user/.m2/repository/org/glassfish/jersey/core/jersey-client/2.27/jersey-client-2.27.jar:/home/user/.m2/repository/org/glassfish/jersey/media/jersey-media-jaxb/2.27/jersey-media-jaxb-2.27.jar:/home/user/.m2/repository/javax/validation/validation-api/1.1.0.Final/validation-api-1.1.0.Final.jar:/home/user/.m2/repository/org/glassfish/jersey/media/jersey-media-json-jackson/2.27/jersey-media-json-jackson-2.27.jar:/home/user/.m2/repository/org/glassfish/jersey/ext/jersey-entity-filtering/2.27/jersey-entity-filtering-2.27.jar:/home/user/.m2/repository/com/google/inject/extensions/guice-assistedinject/4.0/guice-assistedinject-4.0.jar:/home/user/.m2/repository/org/jooq/jooq/3.11.10/jooq-3.11.10.jar:/home/user/.m2/repository/org/jooq/jooq-meta/3.11.10/jooq-meta-3.11.10.jar:/home/user/.m2/repository/org/jooq/jooq-codegen/3.11.10/jooq-codegen-3.11.10.jar:/home/user/.m2/repository/com/jolbox/bonecp/0.8.0.RELEASE/bonecp-0.8.0.RELEASE.jar:/home/user/.m2/repository/org/xerial/sqlite-jdbc/3.25.2/sqlite-jdbc-3.25.2.jar:/home/user/.m2/repository/org/springframework/spring-jdbc/5.1.3.RELEASE/spring-jdbc-5.1.3.RELEASE.jar:/home/user/.m2/repository/org/springframework/spring-beans/5.1.3.RELEASE/spring-beans-5.1.3.RELEASE.jar:/home/user/.m2/repository/org/springframework/spring-core/5.1.3.RELEASE/spring-core-5.1.3.RELEASE.jar:/home/user/.m2/repository/org/springframework/spring-jcl/5.1.3.RELEASE/spring-jcl-5.1.3.RELEASE.jar:/home/user/.m2/repository/org/springframework/spring-tx/5.1.3.RELEASE/spring-tx-5.1.3.RELEASE.jar:/home/user/.m2/repository/org/apache/hadoop/hadoop-ozone-client/0.5.0-SNAPSHOT/hadoop-ozone-client-0.5.0-SNAPSHOT.jar:/home/user/.m2/repository/commons-lang/commons-lang/2.6/commons-lang-2.6.jar:/home/user/.m2/repository/org/apache/hadoop/hadoop-ozone-ozone-manager/0.5.0-SNAPSHOT/hadoop-ozone-ozone-manager-0.5.0-SNAPSHOT-tests.jar:/home/user/.m2/repository/junit/junit/4.11/junit-4.11.jar:/home/user/.m2/repository/org/hamcrest/hamcrest-core/1.3/hamcrest-core-1.3.jar:/home/user/.m2/repository/org/openjdk/jmh/jmh-core/1.19/jmh-core-1.19.jar:/home/user/.m2/repository/net/sf/jopt-simple/jopt-simple/4.6/jopt-simple-4.6.jar:/home/user/.m2/repository/org/apache/commons/commons-math3/3.1.1/commons-math3-3.1.1.jar:/home/user/.m2/repository/org/openjdk/jmh/jmh-generator-annprocess/1.19/jmh-generator-annprocess-1.19.jar:/home/user/.m2/repository/org/mockito/mockito-all/1.8.5/mockito-all-1.8.5.jar:/home/user/.m2/repository/org/apache/hadoop/hadoop-kms/3.2.0/hadoop-kms-3.2.0.jar:/home/user/.m2/repository/org/apache/hadoop/hadoop-auth/3.2.0/hadoop-auth-3.2.0.jar:/home/user/.m2/repository/com/nimbusds/nimbus-jose-jwt/4.41.1/nimbus-jose-jwt-4.41.1.jar:/home/user/.m2/repository/com/github/stephenc/jcip/jcip-annotations/1.0-1/jcip-annotations-1.0-1.jar:/home/user/.m2/repository/net/minidev/json-smart/2.3/json-smart-2.3.jar:/home/user/.m2/repository/net/minidev/accessors-smart/1.2/accessors-smart-1.2.jar:/home/user/.m2/repository/org/ow2/asm/asm/5.0.4/asm-5.0.4.jar:/home/user/.m2/repository/org/apache/curator/curator-framework/2.12.0/curator-framework-2.12.0.jar:/home/user/.m2/repository/com/sun/jersey/jersey-core/1.19/jersey-core-1.19.jar:/home/user/.m2/repository/javax/ws/rs/jsr311-api/1.1.1/jsr311-api-1.1.1.jar:/home/user/.m2/repository/com/sun/jersey/jersey-server/1.19/jersey-server-1.19.jar:/home/user/.m2/repository/javax/servlet/javax.servlet-api/3.1.0/javax.servlet-api-3.1.0.jar:/home/user/.m2/repository/org/eclipse/jetty/jetty-server/9.3.24.v20180605/jetty-server-9.3.24.v20180605.jar:/home/user/.m2/repository/org/eclipse/jetty/jetty-http/9.3.24.v20180605/jetty-http-9.3.24.v20180605.jar:/home/user/.m2/repository/org/eclipse/jetty/jetty-io/9.3.24.v20180605/jetty-io-9.3.24.v20180605.jar:/home/user/.m2/repository/org/eclipse/jetty/jetty-webapp/9.3.24.v20180605/jetty-webapp-9.3.24.v20180605.jar:/home/user/.m2/repository/org/eclipse/jetty/jetty-xml/9.3.24.v20180605/jetty-xml-9.3.24.v20180605.jar:/home/user/.m2/repository/log4j/log4j/1.2.17/log4j-1.2.17.jar:/home/user/.m2/repository/org/slf4j/slf4j-api/1.7.25/slf4j-api-1.7.25.jar:/home/user/.m2/repository/org/slf4j/jul-to-slf4j/1.7.25/jul-to-slf4j-1.7.25.jar:/home/user/.m2/repository/org/eclipse/jetty/jetty-util/9.3.24.v20180605/jetty-util-9.3.24.v20180605.jar:/home/user/.m2/repository/com/fasterxml/jackson/core/jackson-databind/2.9.5/jackson-databind-2.9.5.jar:/home/user/.m2/repository/org/apache/hadoop/hadoop-kms/3.2.0/hadoop-kms-3.2.0-tests.jar:/home/user/.m2/repository/org/apache/hadoop/hadoop-hdds-server-scm/0.5.0-SNAPSHOT/hadoop-hdds-server-scm-0.5.0-SNAPSHOT-tests.jar:/home/user/.m2/repository/org/apache/hadoop/hadoop-hdds-container-service/0.5.0-SNAPSHOT/hadoop-hdds-container-service-0.5.0-SNAPSHOT-tests.jar:/home/user/.m2/repository/org/yaml/snakeyaml/1.16/snakeyaml-1.16.jar:/home/user/.m2/repository/org/apache/hadoop/hadoop-common/3.2.0/hadoop-common-3.2.0-tests.jar:/home/user/.m2/repository/org/apache/hadoop/hadoop-annotations/3.2.0/hadoop-annotations-3.2.0.jar:/usr/lib/jvm/java-1.8-openjdk/jre/../lib/tools.jar:/home/user/.m2/repository/commons-cli/commons-cli/1.2/commons-cli-1.2.jar:/home/user/.m2/repository/org/apache/httpcomponents/httpclient/4.5.2/httpclient-4.5.2.jar:/home/user/.m2/repository/org/apache/httpcomponents/httpcore/4.4.4/httpcore-4.4.4.jar:/home/user/.m2/repository/commons-codec/commons-codec/1.11/commons-codec-1.11.jar:/home/user/.m2/repository/commons-net/commons-net/3.6/commons-net-3.6.jar:/home/user/.m2/repository/commons-collections/commons-collections/3.2.2/commons-collections-3.2.2.jar:/home/user/.m2/repository/org/eclipse/jetty/jetty-servlet/9.3.24.v20180605/jetty-servlet-9.3.24.v20180605.jar:/home/user/.m2/repository/org/eclipse/jetty/jetty-security/9.3.24.v20180605/jetty-security-9.3.24.v20180605.jar:/home/user/.m2/repository/javax/servlet/jsp/jsp-api/2.1/jsp-api-2.1.jar:/home/user/.m2/repository/com/sun/jersey/jersey-servlet/1.19/jersey-servlet-1.19.jar:/home/user/.m2/repository/com/sun/jersey/jersey-json/1.19/jersey-json-1.19.jar:/home/user/.m2/repository/org/codehaus/jettison/jettison/1.1/jettison-1.1.jar:/home/user/.m2/repository/org/codehaus/jackson/jackson-core-asl/1.9.13/jackson-core-asl-1.9.13.jar:/home/user/.m2/repository/org/codehaus/jackson/jackson-mapper-asl/1.9.13/jackson-mapper-asl-1.9.13.jar:/home/user/.m2/repository/org/codehaus/jackson/jackson-jaxrs/1.9.13/jackson-jaxrs-1.9.13.jar:/home/user/.m2/repository/org/codehaus/jackson/jackson-xc/1.9.13/jackson-xc-1.9.13.jar:/home/user/.m2/repository/commons-logging/commons-logging/1.1.3/commons-logging-1.1.3.jar:/home/user/.m2/repository/commons-beanutils/commons-beanutils/1.9.3/commons-beanutils-1.9.3.jar:/home/user/.m2/repository/org/apache/commons/commons-configuration2/2.1.1/commons-configuration2-2.1.1.jar:/home/user/.m2/repository/org/apache/commons/commons-lang3/3.7/commons-lang3-3.7.jar:/home/user/.m2/repository/org/apache/commons/commons-text/1.4/commons-text-1.4.jar:/home/user/.m2/repository/org/apache/avro/avro/1.7.7/avro-1.7.7.jar:/home/user/.m2/repository/com/thoughtworks/paranamer/paranamer/2.3/paranamer-2.3.jar:/home/user/.m2/repository/org/xerial/snappy/snappy-java/1.0.5/snappy-java-1.0.5.jar:/home/user/.m2/repository/com/google/re2j/re2j/1.1/re2j-1.1.jar:/home/user/.m2/repository/com/google/code/gson/gson/2.2.4/gson-2.2.4.jar:/home/user/.m2/repository/com/jcraft/jsch/0.1.54/jsch-0.1.54.jar:/home/user/.m2/repository/org/apache/curator/curator-client/2.12.0/curator-client-2.12.0.jar:/home/user/.m2/repository/org/apache/curator/curator-recipes/2.12.0/curator-recipes-2.12.0.jar:/home/user/.m2/repository/com/google/code/findbugs/jsr305/3.0.0/jsr305-3.0.0.jar:/home/user/.m2/repository/org/apache/htrace/htrace-core4/4.1.0-incubating/htrace-core4-4.1.0-incubating.jar:/home/user/.m2/repository/org/apache/zookeeper/zookeeper/3.4.13/zookeeper-3.4.13.jar:/home/user/.m2/repository/org/apache/yetus/audience-annotations/0.5.0/audience-annotations-0.5.0.jar:/home/user/.m2/repository/org/codehaus/woodstox/stax2-api/3.1.4/stax2-api-3.1.4.jar:/home/user/.m2/repository/com/fasterxml/woodstox/woodstox-core/5.0.3/woodstox-core-5.0.3.jar:/home/user/.m2/repository/dnsjava/dnsjava/2.1.7/dnsjava-2.1.7.jar:/home/user/.m2/repository/org/apache/hadoop/hadoop-hdfs/3.2.0/hadoop-hdfs-3.2.0-tests.jar:/home/user/.m2/repository/org/eclipse/jetty/jetty-util-ajax/9.3.24.v20180605/jetty-util-ajax-9.3.24.v20180605.jar:/home/user/.m2/repository/commons-daemon/commons-daemon/1.0.13/commons-daemon-1.0.13.jar:/home/user/.m2/repository/io/netty/netty/3.10.5.Final/netty-3.10.5.Final.jar:/home/user/.m2/repository/io/netty/netty-all/4.0.52.Final/netty-all-4.0.52.Final.jar:/home/user/.m2/repository/org/fusesource/leveldbjni/leveldbjni-all/1.8/leveldbjni-all-1.8.jar:"/>
    <property name="sun.cpu.endian" value="little"/>
    <property name="user.home" value="/home/user"/>
    <property name="user.language" value="en"/>
    <property name="java.specification.vendor" value="Oracle Corporation"/>
    <property name="java.home" value="/usr/lib/jvm/java-1.8-openjdk/jre"/>
    <property name="java.security.krb5.conf" value="/workdir/hadoop-ozone/integration-test/target/test-classes/krb5.conf"/>
    <property name="basedir" value="/workdir/hadoop-ozone/integration-test"/>
    <property name="file.separator" value="/"/>
    <property name="line.separator" value="&#10;"/>
    <property name="java.vm.specification.vendor" value="Oracle Corporation"/>
    <property name="java.specification.name" value="Java Platform API Specification"/>
    <property name="java.awt.graphicsenv" value="sun.awt.X11GraphicsEnvironment"/>
    <property name="surefire.real.class.path" value="/workdir/hadoop-ozone/integration-test/target/surefire/surefirebooter8735820072665556848.jar"/>
    <property name="hadoop.log.dir" value="/workdir/hadoop-ozone/integration-test/target/log"/>
    <property name="sun.boot.class.path" value="/usr/lib/jvm/java-1.8-openjdk/jre/lib/resources.jar:/usr/lib/jvm/java-1.8-openjdk/jre/lib/rt.jar:/usr/lib/jvm/java-1.8-openjdk/jre/lib/sunrsasign.jar:/usr/lib/jvm/java-1.8-openjdk/jre/lib/jsse.jar:/usr/lib/jvm/java-1.8-openjdk/jre/lib/jce.jar:/usr/lib/jvm/java-1.8-openjdk/jre/lib/charsets.jar:/usr/lib/jvm/java-1.8-openjdk/jre/lib/jfr.jar:/usr/lib/jvm/java-1.8-openjdk/jre/classes"/>
    <property name="sun.management.compiler" value="HotSpot 64-Bit Tiered Compilers"/>
    <property name="java.runtime.version" value="1.8.0_212-b04"/>
    <property name="java.net.preferIPv4Stack" value="true"/>
    <property name="user.name" value="jenkins1000"/>
    <property name="path.separator" value=":"/>
    <property name="java.security.egd" value="file:///dev/urandom"/>
    <property name="os.version" value="3.10.0-957.12.2.el7.x86_64"/>
    <property name="java.endorsed.dirs" value="/usr/lib/jvm/java-1.8-openjdk/jre/lib/endorsed"/>
    <property name="java.runtime.name" value="OpenJDK Runtime Environment"/>
    <property name="file.encoding" value="UTF-8"/>
    <property name="java.vm.name" value="OpenJDK 64-Bit Server VM"/>
    <property name="test.build.webapps" value=""/>
    <property name="localRepository" value="/home/user/.m2/repository"/>
    <property name="java.vendor.url.bug" value="https://icedtea.classpath.org/bugzilla"/>
    <property name="java.io.tmpdir" value="/tmp"/>
    <property name="require.test.libhadoop" value=""/>
    <property name="java.version" value="1.8.0_212"/>
    <property name="user.dir" value="/workdir/hadoop-ozone/integration-test"/>
    <property name="os.arch" value="amd64"/>
    <property name="java.vm.specification.name" value="Java Virtual Machine Specification"/>
    <property name="test.build.classes" value="/workdir/hadoop-ozone/integration-test/target/test-classes"/>
    <property name="java.awt.printerjob" value="sun.print.PSPrinterJob"/>
    <property name="sun.os.patch.level" value="unknown"/>
    <property name="hadoop.tmp.dir" value="/workdir/hadoop-ozone/integration-test/target/tmp"/>
    <property name="java.library.path" value="/usr/lib/jvm/java-1.8-openjdk/jre/lib/amd64/server:/usr/lib/jvm/java-1.8-openjdk/jre/lib/amd64:/usr/lib/jvm/java-1.8-openjdk/jre/../lib/amd64:/workdir/hadoop-ozone/integration-test/target/native/target/usr/local/lib:/workdir/hadoop-ozone/integration-test/../../hadoop-common-project/hadoop-common/target/native/target/usr/local/lib:/usr/java/packages/lib/amd64:/usr/lib64:/lib64:/lib:/usr/lib"/>
    <property name="java.vm.info" value="mixed mode"/>
    <property name="java.vendor" value="IcedTea"/>
    <property name="java.vm.version" value="25.212-b04"/>
    <property name="java.ext.dirs" value="/usr/lib/jvm/java-1.8-openjdk/jre/lib/ext:/usr/java/packages/lib/ext"/>
    <property name="sun.io.unicode.encoding" value="UnicodeLittle"/>
    <property name="java.class.version" value="52.0"/>
  </properties>
  <testcase name="testMultiBlockWritesWithIntermittentDnFailures" classname="org.apache.hadoop.ozone.client.rpc.TestMultiBlockWritesWithDnFailures" time="102.848">
    <error message="Allocated 0 blocks. Requested 1 blocks" type="INTERNAL_ERROR org.apache.hadoop.ozone.om.exceptions.OMException">INTERNAL_ERROR org.apache.hadoop.ozone.om.exceptions.OMException: Allocated 0 blocks. Requested 1 blocks
	at org.apache.hadoop.ozone.om.protocolPB.OzoneManagerProtocolClientSideTranslatorPB.handleError(OzoneManagerProtocolClientSideTranslatorPB.java:726)
	at org.apache.hadoop.ozone.om.protocolPB.OzoneManagerProtocolClientSideTranslatorPB.allocateBlock(OzoneManagerProtocolClientSideTranslatorPB.java:758)
	at sun.reflect.NativeMethodAccessorImpl.invoke0(Native Method)
	at sun.reflect.NativeMethodAccessorImpl.invoke(NativeMethodAccessorImpl.java:62)
	at sun.reflect.DelegatingMethodAccessorImpl.invoke(DelegatingMethodAccessorImpl.java:43)
	at java.lang.reflect.Method.invoke(Method.java:498)
	at org.apache.hadoop.hdds.tracing.TraceAllMethod.invoke(TraceAllMethod.java:66)
	at com.sun.proxy.$Proxy36.allocateBlock(Unknown Source)
	at org.apache.hadoop.ozone.client.io.BlockOutputStreamEntryPool.allocateNewBlock(BlockOutputStreamEntryPool.java:248)
	at org.apache.hadoop.ozone.client.io.BlockOutputStreamEntryPool.allocateBlockIfNeeded(BlockOutputStreamEntryPool.java:296)
	at org.apache.hadoop.ozone.client.io.KeyOutputStream.handleWrite(KeyOutputStream.java:201)
	at org.apache.hadoop.ozone.client.io.KeyOutputStream.handleRetry(KeyOutputStream.java:376)
	at org.apache.hadoop.ozone.client.io.KeyOutputStream.handleException(KeyOutputStream.java:325)
	at org.apache.hadoop.ozone.client.io.KeyOutputStream.handleWrite(KeyOutputStream.java:231)
	at org.apache.hadoop.ozone.client.io.KeyOutputStream.write(KeyOutputStream.java:193)
	at org.apache.hadoop.ozone.client.io.OzoneOutputStream.write(OzoneOutputStream.java:49)
	at java.io.OutputStream.write(OutputStream.java:75)
	at org.apache.hadoop.ozone.client.rpc.TestMultiBlockWritesWithDnFailures.testMultiBlockWritesWithIntermittentDnFailures(TestMultiBlockWritesWithDnFailures.java:196)
	at sun.reflect.NativeMethodAccessorImpl.invoke0(Native Method)
	at sun.reflect.NativeMethodAccessorImpl.invoke(NativeMethodAccessorImpl.java:62)
	at sun.reflect.DelegatingMethodAccessorImpl.invoke(DelegatingMethodAccessorImpl.java:43)
	at java.lang.reflect.Method.invoke(Method.java:498)
	at org.junit.runners.model.FrameworkMethod$1.runReflectiveCall(FrameworkMethod.java:47)
	at org.junit.internal.runners.model.ReflectiveCallable.run(ReflectiveCallable.java:12)
	at org.junit.runners.model.FrameworkMethod.invokeExplosively(FrameworkMethod.java:44)
	at org.junit.internal.runners.statements.InvokeMethod.evaluate(InvokeMethod.java:17)
	at org.junit.internal.runners.statements.RunAfters.evaluate(RunAfters.java:27)
	at org.junit.runners.ParentRunner.runLeaf(ParentRunner.java:271)
	at org.junit.runners.BlockJUnit4ClassRunner.runChild(BlockJUnit4ClassRunner.java:70)
	at org.junit.runners.BlockJUnit4ClassRunner.runChild(BlockJUnit4ClassRunner.java:50)
	at org.junit.runners.ParentRunner$3.run(ParentRunner.java:238)
	at org.junit.runners.ParentRunner$1.schedule(ParentRunner.java:63)
	at org.junit.runners.ParentRunner.runChildren(ParentRunner.java:236)
	at org.junit.runners.ParentRunner.access$000(ParentRunner.java:53)
	at org.junit.runners.ParentRunner$2.evaluate(ParentRunner.java:229)
	at org.junit.runners.ParentRunner.run(ParentRunner.java:309)
	at org.apache.maven.surefire.junit4.JUnit4Provider.execute(JUnit4Provider.java:365)
	at org.apache.maven.surefire.junit4.JUnit4Provider.executeWithRerun(JUnit4Provider.java:273)
	at org.apache.maven.surefire.junit4.JUnit4Provider.executeTestSet(JUnit4Provider.java:238)
	at org.apache.maven.surefire.junit4.JUnit4Provider.invoke(JUnit4Provider.java:159)
	at org.apache.maven.surefire.booter.ForkedBooter.invokeProviderInSameClassLoader(ForkedBooter.java:384)
	at org.apache.maven.surefire.booter.ForkedBooter.runSuitesInProcess(ForkedBooter.java:345)
	at org.apache.maven.surefire.booter.ForkedBooter.execute(ForkedBooter.java:126)
	at org.apache.maven.surefire.booter.ForkedBooter.main(ForkedBooter.java:418)
</error>
    <system-out><![CDATA[2019-09-17 07:43:45,890 [main] WARN  server.ServerUtils (ServerUtils.java:getScmDbDir(145)) - ozone.scm.db.dirs is not configured. We recommend adding this setting. Falling back to ozone.metadata.dirs instead.
2019-09-17 07:43:45,972 [main] WARN  server.ServerUtils (ServerUtils.java:getScmDbDir(145)) - ozone.scm.db.dirs is not configured. We recommend adding this setting. Falling back to ozone.metadata.dirs instead.
2019-09-17 07:43:45,974 [main] WARN  server.ServerUtils (ServerUtils.java:getScmDbDir(145)) - ozone.scm.db.dirs is not configured. We recommend adding this setting. Falling back to ozone.metadata.dirs instead.
2019-09-17 07:43:45,988 [main] INFO  util.log (Log.java:initialized(192)) - Logging initialized @830ms
2019-09-17 07:43:46,068 [main] INFO  db.DBStoreBuilder (DBStoreBuilder.java:addTable(110)) - using custom profile for table: deletedBlocks
2019-09-17 07:43:46,068 [main] INFO  db.DBStoreBuilder (DBStoreBuilder.java:processTables(161)) - Using default column profile:DBProfile.DISK for Table:deletedBlocks
2019-09-17 07:43:46,069 [main] INFO  db.DBStoreBuilder (DBStoreBuilder.java:addTable(110)) - using custom profile for table: validCerts
2019-09-17 07:43:46,069 [main] INFO  db.DBStoreBuilder (DBStoreBuilder.java:processTables(161)) - Using default column profile:DBProfile.DISK for Table:validCerts
2019-09-17 07:43:46,069 [main] INFO  db.DBStoreBuilder (DBStoreBuilder.java:addTable(110)) - using custom profile for table: revokedCerts
2019-09-17 07:43:46,069 [main] INFO  db.DBStoreBuilder (DBStoreBuilder.java:processTables(161)) - Using default column profile:DBProfile.DISK for Table:revokedCerts
2019-09-17 07:43:46,079 [main] INFO  db.DBStoreBuilder (DBStoreBuilder.java:addTable(110)) - using custom profile for table: default
2019-09-17 07:43:46,079 [main] INFO  db.DBStoreBuilder (DBStoreBuilder.java:processTables(167)) - Using default column profile:DBProfile.DISK for Table:default
2019-09-17 07:43:46,080 [main] INFO  db.DBStoreBuilder (DBStoreBuilder.java:getDbProfile(198)) - Using default options. DBProfile.DISK
2019-09-17 07:43:46,248 [main] INFO  net.NodeSchemaLoader (NodeSchemaLoader.java:loadSchemaFromFile(125)) - Loading file from sun.misc.CompoundEnumeration@3270d194
2019-09-17 07:43:46,249 [main] INFO  net.NodeSchemaLoader (NodeSchemaLoader.java:loadSchema(171)) - Loading network topology layer schema file
2019-09-17 07:43:46,348 [main] INFO  node.SCMNodeManager (SCMNodeManager.java:<init>(114)) - Entering startup safe mode.
2019-09-17 07:43:46,414 [main] INFO  algorithms.ContainerPlacementPolicyFactory (ContainerPlacementPolicyFactory.java:getPolicy(57)) - Create container placement policy of type org.apache.hadoop.hdds.scm.container.placement.algorithms.SCMContainerPlacementRandom
2019-09-17 07:43:46,428 [main] WARN  server.ServerUtils (ServerUtils.java:getScmDbDir(145)) - ozone.scm.db.dirs is not configured. We recommend adding this setting. Falling back to ozone.metadata.dirs instead.
2019-09-17 07:43:46,598 [main] INFO  pipeline.SCMPipelineManager (SCMPipelineManager.java:initializePipelineState(128)) - No pipeline exists in current db
2019-09-17 07:43:46,602 [main] WARN  server.ServerUtils (ServerUtils.java:getScmDbDir(145)) - ozone.scm.db.dirs is not configured. We recommend adding this setting. Falling back to ozone.metadata.dirs instead.
2019-09-17 07:43:46,722 [main] WARN  events.EventQueue (EventQueue.java:fireEvent(183)) - No event handler registered for event TypedEvent{payloadType=SafeModeStatus, name='SafeModeStatus'}
2019-09-17 07:43:47,065 [main] INFO  ipc.CallQueueManager (CallQueueManager.java:<init>(84)) - Using callQueue: class java.util.concurrent.LinkedBlockingQueue, queueCapacity: 2000, scheduler: class org.apache.hadoop.ipc.DefaultRpcScheduler, ipcBackoff: false.
2019-09-17 07:43:47,088 [Socket Reader #1 for port 46879] INFO  ipc.Server (Server.java:run(1074)) - Starting Socket Reader #1 for port 46879
2019-09-17 07:43:47,262 [main] INFO  ipc.CallQueueManager (CallQueueManager.java:<init>(84)) - Using callQueue: class java.util.concurrent.LinkedBlockingQueue, queueCapacity: 2000, scheduler: class org.apache.hadoop.ipc.DefaultRpcScheduler, ipcBackoff: false.
2019-09-17 07:43:47,263 [Socket Reader #1 for port 35717] INFO  ipc.Server (Server.java:run(1074)) - Starting Socket Reader #1 for port 35717
2019-09-17 07:43:47,275 [main] INFO  ipc.CallQueueManager (CallQueueManager.java:<init>(84)) - Using callQueue: class java.util.concurrent.LinkedBlockingQueue, queueCapacity: 2000, scheduler: class org.apache.hadoop.ipc.DefaultRpcScheduler, ipcBackoff: false.
2019-09-17 07:43:47,276 [Socket Reader #1 for port 40953] INFO  ipc.Server (Server.java:run(1074)) - Starting Socket Reader #1 for port 40953
2019-09-17 07:43:47,303 [main] INFO  hdfs.DFSUtil (DFSUtil.java:httpServerTemplateForNNAndJN(1641)) - Starting Web-server for scm at: http://0.0.0.0:0
2019-09-17 07:43:47,476 [main] INFO  server.AuthenticationFilter (AuthenticationFilter.java:constructSecretProvider(240)) - Unable to initialize FileSignerSecretProvider, falling back to use random secrets.
2019-09-17 07:43:47,484 [main] WARN  http.HttpRequestLog (HttpRequestLog.java:getRequestLog(97)) - Jetty request log can only be enabled using Log4j
2019-09-17 07:43:47,492 [main] INFO  http.HttpServer2 (HttpServer2.java:addGlobalFilter(975)) - Added global filter 'safety' (class=org.apache.hadoop.http.HttpServer2$QuotingInputFilter)
2019-09-17 07:43:47,495 [main] INFO  http.HttpServer2 (HttpServer2.java:addFilter(948)) - Added filter static_user_filter (class=org.apache.hadoop.http.lib.StaticUserWebFilter$StaticUserFilter) to context scm
2019-09-17 07:43:47,495 [main] INFO  http.HttpServer2 (HttpServer2.java:addFilter(958)) - Added filter static_user_filter (class=org.apache.hadoop.http.lib.StaticUserWebFilter$StaticUserFilter) to context logs
2019-09-17 07:43:47,495 [main] INFO  http.HttpServer2 (HttpServer2.java:addFilter(958)) - Added filter static_user_filter (class=org.apache.hadoop.http.lib.StaticUserWebFilter$StaticUserFilter) to context static
2019-09-17 07:43:47,526 [main] INFO  server.StorageContainerManager (StorageContainerManager.java:start(763)) - StorageContainerLocationProtocol RPC server is listening at /0.0.0.0:40953
2019-09-17 07:43:47,598 [main] WARN  impl.MetricsConfig (MetricsConfig.java:loadFirst(134)) - Cannot locate configuration: tried hadoop-metrics2-storagecontainermanager.properties,hadoop-metrics2.properties
2019-09-17 07:43:47,620 [main] INFO  impl.MetricsSystemImpl (MetricsSystemImpl.java:startTimer(374)) - Scheduled Metric snapshot period at 10 second(s).
2019-09-17 07:43:47,620 [main] INFO  impl.MetricsSystemImpl (MetricsSystemImpl.java:start(191)) - StorageContainerManager metrics system started
2019-09-17 07:43:47,838 [main] INFO  server.SCMClientProtocolServer (SCMClientProtocolServer.java:start(151)) - RPC server for Client  is listening at /0.0.0.0:40953
2019-09-17 07:43:47,838 [IPC Server Responder] INFO  ipc.Server (Server.java:run(1314)) - IPC Server Responder: starting
2019-09-17 07:43:47,838 [IPC Server listener on 40953] INFO  ipc.Server (Server.java:run(1153)) - IPC Server listener on 40953: starting
2019-09-17 07:43:47,841 [main] INFO  server.StorageContainerManager (StorageContainerManager.java:start(773)) - ScmBlockLocationProtocol RPC server is listening at /0.0.0.0:35717
2019-09-17 07:43:47,842 [main] INFO  server.SCMBlockProtocolServer (SCMBlockProtocolServer.java:start(146)) - RPC server for Block Protocol is listening at /0.0.0.0:35717
2019-09-17 07:43:47,843 [IPC Server Responder] INFO  ipc.Server (Server.java:run(1314)) - IPC Server Responder: starting
2019-09-17 07:43:47,843 [IPC Server listener on 35717] INFO  ipc.Server (Server.java:run(1153)) - IPC Server listener on 35717: starting
2019-09-17 07:43:47,845 [main] INFO  server.StorageContainerManager (StorageContainerManager.java:start(777)) - ScmDatanodeProtocl RPC server is listening at /0.0.0.0:46879
2019-09-17 07:43:47,846 [main] INFO  server.SCMDatanodeProtocolServer (SCMDatanodeProtocolServer.java:start(191)) - RPC server for DataNodes is listening at /0.0.0.0:46879
2019-09-17 07:43:47,846 [IPC Server Responder] INFO  ipc.Server (Server.java:run(1314)) - IPC Server Responder: starting
2019-09-17 07:43:47,846 [IPC Server listener on 46879] INFO  ipc.Server (Server.java:run(1153)) - IPC Server listener on 46879: starting
2019-09-17 07:43:47,850 [main] INFO  http.HttpServer2 (HttpServer2.java:bindListener(1191)) - Jetty bound to port 40901
2019-09-17 07:43:47,851 [main] INFO  server.Server (Server.java:doStart(351)) - jetty-9.3.24.v20180605, build timestamp: 2018-06-05T17:11:56Z, git hash: 84205aa28f11a4f31f2a3b86d1bba2cc8ab69827
2019-09-17 07:43:47,884 [main] INFO  handler.ContextHandler (ContextHandler.java:doStart(781)) - Started o.e.j.s.ServletContextHandler@732f29af{/logs,file:///workdir/hadoop-ozone/integration-test/target/log,AVAILABLE}
2019-09-17 07:43:47,885 [main] INFO  handler.ContextHandler (ContextHandler.java:doStart(781)) - Started o.e.j.s.ServletContextHandler@6622fc65{/static,file:///workdir/hadoop-ozone/integration-test/target/test-classes/webapps/static,AVAILABLE}
2019-09-17 07:43:47,911 [main] INFO  handler.ContextHandler (ContextHandler.java:doStart(781)) - Started o.e.j.w.WebAppContext@7555b920{/,file:///workdir/hadoop-ozone/integration-test/target/test-classes/webapps/scm/,AVAILABLE}{/scm}
2019-09-17 07:43:47,916 [main] INFO  server.AbstractConnector (AbstractConnector.java:doStart(278)) - Started ServerConnector@6db66836{HTTP/1.1,[http/1.1]}{0.0.0.0:40901}
2019-09-17 07:43:47,916 [main] INFO  server.Server (Server.java:doStart(419)) - Started @2758ms
2019-09-17 07:43:47,918 [main] INFO  impl.MetricsSinkAdapter (MetricsSinkAdapter.java:start(204)) - Sink prometheus started
2019-09-17 07:43:47,918 [main] INFO  impl.MetricsSystemImpl (MetricsSystemImpl.java:registerSink(301)) - Registered sink prometheus
2019-09-17 07:43:47,920 [main] INFO  server.BaseHttpServer (BaseHttpServer.java:updateConnectorAddress(215)) - HTTP server of SCM is listening at http://0.0.0.0:40901
2019-09-17 07:43:47,928 [org.apache.hadoop.util.JvmPauseMonitor$Monitor@78461bc4] INFO  util.JvmPauseMonitor (JvmPauseMonitor.java:run(188)) - Starting JVM pause monitor
2019-09-17 07:43:47,934 [main] WARN  server.ServerUtils (ServerUtils.java:getDBPath(222)) - ozone.om.db.dirs is not configured. We recommend adding this setting. Falling back to ozone.metadata.dirs instead.
2019-09-17 07:43:48,064 [main] WARN  server.ServerUtils (ServerUtils.java:getDBPath(222)) - ozone.om.db.dirs is not configured. We recommend adding this setting. Falling back to ozone.metadata.dirs instead.
2019-09-17 07:43:48,065 [main] WARN  server.ServerUtils (ServerUtils.java:getDBPath(222)) - ozone.om.db.dirs is not configured. We recommend adding this setting. Falling back to ozone.metadata.dirs instead.
2019-09-17 07:43:48,066 [main] INFO  om.OzoneManager (OzoneManager.java:setOMNodeDetails(649)) - OM Service ID is not set. Setting it to the default ID: omServiceIdDefault
2019-09-17 07:43:48,066 [main] INFO  om.OzoneManager (OzoneManager.java:setOMNodeDetails(655)) - OM Node ID is not set. Setting it to the OmStorage's OmID: 3bae3f1c-6613-434c-b597-dc864c375689
2019-09-17 07:43:48,068 [main] INFO  om.OzoneManager (OzoneManager.java:loadOMHAConfigs(606)) - Found matching OM address with OMServiceId: null, OMNodeId: null, RPC Address: localhost:0 and Ratis port: 9872
2019-09-17 07:43:48,853 [main] WARN  server.ServerUtils (ServerUtils.java:getDBPath(222)) - ozone.om.db.dirs is not configured. We recommend adding this setting. Falling back to ozone.metadata.dirs instead.
2019-09-17 07:43:48,861 [main] INFO  db.DBStoreBuilder (DBStoreBuilder.java:addTable(110)) - using custom profile for table: userTable
2019-09-17 07:43:48,861 [main] INFO  db.DBStoreBuilder (DBStoreBuilder.java:processTables(161)) - Using default column profile:DBProfile.DISK for Table:userTable
2019-09-17 07:43:48,861 [main] INFO  db.DBStoreBuilder (DBStoreBuilder.java:addTable(110)) - using custom profile for table: volumeTable
2019-09-17 07:43:48,861 [main] INFO  db.DBStoreBuilder (DBStoreBuilder.java:processTables(161)) - Using default column profile:DBProfile.DISK for Table:volumeTable
2019-09-17 07:43:48,862 [main] INFO  db.DBStoreBuilder (DBStoreBuilder.java:addTable(110)) - using custom profile for table: bucketTable
2019-09-17 07:43:48,862 [main] INFO  db.DBStoreBuilder (DBStoreBuilder.java:processTables(161)) - Using default column profile:DBProfile.DISK for Table:bucketTable
2019-09-17 07:43:48,862 [main] INFO  db.DBStoreBuilder (DBStoreBuilder.java:addTable(110)) - using custom profile for table: keyTable
2019-09-17 07:43:48,863 [main] INFO  db.DBStoreBuilder (DBStoreBuilder.java:processTables(161)) - Using default column profile:DBProfile.DISK for Table:keyTable
2019-09-17 07:43:48,863 [main] INFO  db.DBStoreBuilder (DBStoreBuilder.java:addTable(110)) - using custom profile for table: deletedTable
2019-09-17 07:43:48,863 [main] INFO  db.DBStoreBuilder (DBStoreBuilder.java:processTables(161)) - Using default column profile:DBProfile.DISK for Table:deletedTable
2019-09-17 07:43:48,863 [main] INFO  db.DBStoreBuilder (DBStoreBuilder.java:addTable(110)) - using custom profile for table: openKeyTable
2019-09-17 07:43:48,864 [main] INFO  db.DBStoreBuilder (DBStoreBuilder.java:processTables(161)) - Using default column profile:DBProfile.DISK for Table:openKeyTable
2019-09-17 07:43:48,864 [main] INFO  db.DBStoreBuilder (DBStoreBuilder.java:addTable(110)) - using custom profile for table: s3Table
2019-09-17 07:43:48,864 [main] INFO  db.DBStoreBuilder (DBStoreBuilder.java:processTables(161)) - Using default column profile:DBProfile.DISK for Table:s3Table
2019-09-17 07:43:48,864 [main] INFO  db.DBStoreBuilder (DBStoreBuilder.java:addTable(110)) - using custom profile for table: multipartInfoTable
2019-09-17 07:43:48,865 [main] INFO  db.DBStoreBuilder (DBStoreBuilder.java:processTables(161)) - Using default column profile:DBProfile.DISK for Table:multipartInfoTable
2019-09-17 07:43:48,865 [main] INFO  db.DBStoreBuilder (DBStoreBuilder.java:addTable(110)) - using custom profile for table: dTokenTable
2019-09-17 07:43:48,865 [main] INFO  db.DBStoreBuilder (DBStoreBuilder.java:processTables(161)) - Using default column profile:DBProfile.DISK for Table:dTokenTable
2019-09-17 07:43:48,866 [main] INFO  db.DBStoreBuilder (DBStoreBuilder.java:addTable(110)) - using custom profile for table: s3SecretTable
2019-09-17 07:43:48,866 [main] INFO  db.DBStoreBuilder (DBStoreBuilder.java:processTables(161)) - Using default column profile:DBProfile.DISK for Table:s3SecretTable
2019-09-17 07:43:48,866 [main] INFO  db.DBStoreBuilder (DBStoreBuilder.java:addTable(110)) - using custom profile for table: prefixTable
2019-09-17 07:43:48,866 [main] INFO  db.DBStoreBuilder (DBStoreBuilder.java:processTables(161)) - Using default column profile:DBProfile.DISK for Table:prefixTable
2019-09-17 07:43:48,867 [main] INFO  db.DBStoreBuilder (DBStoreBuilder.java:addTable(110)) - using custom profile for table: default
2019-09-17 07:43:48,867 [main] INFO  db.DBStoreBuilder (DBStoreBuilder.java:processTables(167)) - Using default column profile:DBProfile.DISK for Table:default
2019-09-17 07:43:48,867 [main] INFO  db.DBStoreBuilder (DBStoreBuilder.java:getDbProfile(198)) - Using default options. DBProfile.DISK
2019-09-17 07:43:49,201 [main] INFO  ipc.CallQueueManager (CallQueueManager.java:<init>(84)) - Using callQueue: class java.util.concurrent.LinkedBlockingQueue, queueCapacity: 2000, scheduler: class org.apache.hadoop.ipc.DefaultRpcScheduler, ipcBackoff: false.
2019-09-17 07:43:49,202 [Socket Reader #1 for port 44183] INFO  ipc.Server (Server.java:run(1074)) - Starting Socket Reader #1 for port 44183
2019-09-17 07:43:49,224 [main] INFO  om.OzoneManager (OzoneManager.java:start(1240)) - OzoneManager RPC server is listening at localhost/127.0.0.1:44183
2019-09-17 07:43:49,224 [main] INFO  impl.MetricsSystemImpl (MetricsSystemImpl.java:init(158)) - OzoneManager metrics system started (again)
2019-09-17 07:43:49,225 [IPC Server Responder] INFO  ipc.Server (Server.java:run(1314)) - IPC Server Responder: starting
2019-09-17 07:43:49,226 [IPC Server listener on 44183] INFO  ipc.Server (Server.java:run(1153)) - IPC Server listener on 44183: starting
2019-09-17 07:43:49,231 [main] INFO  hdfs.DFSUtil (DFSUtil.java:httpServerTemplateForNNAndJN(1641)) - Starting Web-server for ozoneManager at: http://0.0.0.0:0
2019-09-17 07:43:49,234 [main] INFO  server.AuthenticationFilter (AuthenticationFilter.java:constructSecretProvider(240)) - Unable to initialize FileSignerSecretProvider, falling back to use random secrets.
2019-09-17 07:43:49,234 [main] WARN  http.HttpRequestLog (HttpRequestLog.java:getRequestLog(97)) - Jetty request log can only be enabled using Log4j
2019-09-17 07:43:49,237 [main] INFO  http.HttpServer2 (HttpServer2.java:addGlobalFilter(975)) - Added global filter 'safety' (class=org.apache.hadoop.http.HttpServer2$QuotingInputFilter)
2019-09-17 07:43:49,238 [main] INFO  http.HttpServer2 (HttpServer2.java:addFilter(948)) - Added filter static_user_filter (class=org.apache.hadoop.http.lib.StaticUserWebFilter$StaticUserFilter) to context ozoneManager
2019-09-17 07:43:49,238 [main] INFO  http.HttpServer2 (HttpServer2.java:addFilter(958)) - Added filter static_user_filter (class=org.apache.hadoop.http.lib.StaticUserWebFilter$StaticUserFilter) to context logs
2019-09-17 07:43:49,239 [main] INFO  http.HttpServer2 (HttpServer2.java:addFilter(958)) - Added filter static_user_filter (class=org.apache.hadoop.http.lib.StaticUserWebFilter$StaticUserFilter) to context static
2019-09-17 07:43:49,242 [main] INFO  http.HttpServer2 (HttpServer2.java:bindListener(1191)) - Jetty bound to port 40930
2019-09-17 07:43:49,242 [main] INFO  server.Server (Server.java:doStart(351)) - jetty-9.3.24.v20180605, build timestamp: 2018-06-05T17:11:56Z, git hash: 84205aa28f11a4f31f2a3b86d1bba2cc8ab69827
2019-09-17 07:43:49,244 [main] INFO  handler.ContextHandler (ContextHandler.java:doStart(781)) - Started o.e.j.s.ServletContextHandler@25d3cfc8{/logs,file:///workdir/hadoop-ozone/integration-test/target/log,AVAILABLE}
2019-09-17 07:43:49,245 [main] INFO  handler.ContextHandler (ContextHandler.java:doStart(781)) - Started o.e.j.s.ServletContextHandler@2571066a{/static,file:///workdir/hadoop-ozone/integration-test/target/test-classes/webapps/static,AVAILABLE}
2019-09-17 07:43:49,252 [main] INFO  handler.ContextHandler (ContextHandler.java:doStart(781)) - Started o.e.j.w.WebAppContext@444548a0{/,file:///workdir/hadoop-ozone/integration-test/target/test-classes/webapps/ozoneManager/,AVAILABLE}{/ozoneManager}
2019-09-17 07:43:49,252 [main] INFO  server.AbstractConnector (AbstractConnector.java:doStart(278)) - Started ServerConnector@3766c667{HTTP/1.1,[http/1.1]}{0.0.0.0:40930}
2019-09-17 07:43:49,253 [main] INFO  server.Server (Server.java:doStart(419)) - Started @4095ms
2019-09-17 07:43:49,253 [main] WARN  impl.MetricsSystemImpl (MetricsSystemImpl.java:register(276)) - Sink prometheus already exists!
2019-09-17 07:43:49,254 [main] INFO  server.BaseHttpServer (BaseHttpServer.java:updateConnectorAddress(215)) - HTTP server of OZONEMANAGER is listening at http://0.0.0.0:40930
2019-09-17 07:43:49,600 [main] INFO  impl.MetricsSystemImpl (MetricsSystemImpl.java:init(158)) - HddsDatanode metrics system started (again)
2019-09-17 07:43:49,650 [main] INFO  ozone.HddsDatanodeService (HddsDatanodeService.java:start(184)) - HddsDatanodeService host:pr-hdds-2134-72wlk-3981800394 ip:192.168.151.112
2019-09-17 07:43:49,685 [main] INFO  volume.HddsVolume (HddsVolume.java:<init>(176)) - Creating Volume: /workdir/hadoop-ozone/integration-test/target/test-dir/MiniOzoneClusterImpl-2856df08-3e92-4080-a2c9-ea03709d96bd/datanode-0/data/containers/hdds of  storage type : DISK and capacity : 1482555576320
2019-09-17 07:43:49,688 [main] INFO  volume.VolumeSet (VolumeSet.java:initializeVolumeSet(170)) - Added Volume : /workdir/hadoop-ozone/integration-test/target/test-dir/MiniOzoneClusterImpl-2856df08-3e92-4080-a2c9-ea03709d96bd/datanode-0/data/containers/hdds to VolumeSet
2019-09-17 07:43:49,692 [main] INFO  volume.ThrottledAsyncChecker (ThrottledAsyncChecker.java:schedule(139)) - Scheduling a check for org.apache.hadoop.ozone.container.common.volume.HddsVolume@7e2f86e6
2019-09-17 07:43:49,713 [main] INFO  volume.HddsVolumeChecker (HddsVolumeChecker.java:checkAllVolumes(202)) - Scheduled health check for volume org.apache.hadoop.ozone.container.common.volume.HddsVolume@7e2f86e6
2019-09-17 07:43:49,824 [main] INFO  impl.RaftServerProxy (ConfUtils.java:logGet(43)) - raft.rpc.type = GRPC (default)
2019-09-17 07:43:49,909 [main] INFO  grpc.GrpcFactory (GrpcFactory.java:checkPooledByteBufAllocatorUseCacheForAllThreads(45)) - PERFORMANCE WARNING: useCacheForAllThreads is true that may cause Netty to create a lot garbage objects and, as a result, trigger GC.
	It is recommended to disable useCacheForAllThreads by setting -Dorg.apache.ratis.thirdparty.io.netty.allocator.useCacheForAllThreads=false in command line.
2019-09-17 07:43:49,915 [main] INFO  grpc.GrpcConfigKeys$Server (ConfUtils.java:logGet(43)) - raft.grpc.server.port = 0 (default)
2019-09-17 07:43:49,916 [main] INFO  server.GrpcService (ConfUtils.java:logGet(43)) - raft.grpc.message.size.max = 33570816 (custom)
2019-09-17 07:43:49,918 [main] INFO  server.RaftServerConfigKeys (ConfUtils.java:logGet(43)) - raft.server.log.appender.buffer.byte-limit = 33554432 (custom)
2019-09-17 07:43:49,919 [main] INFO  server.GrpcService (ConfUtils.java:logGet(43)) - raft.grpc.flow.control.window = 1MB (=1048576) (default)
2019-09-17 07:43:49,920 [main] INFO  server.RaftServerConfigKeys (ConfUtils.java:logGet(43)) - raft.server.rpc.request.timeout = 3000ms (default)
2019-09-17 07:43:50,099 [main] INFO  server.RaftServerConfigKeys (ConfUtils.java:logGet(43)) - raft.server.storage.dir = [/workdir/hadoop-ozone/integration-test/target/test-dir/MiniOzoneClusterImpl-2856df08-3e92-4080-a2c9-ea03709d96bd/datanode-0/data/ratis] (custom)
2019-09-17 07:43:50,165 [main] INFO  hdfs.DFSUtil (DFSUtil.java:httpServerTemplateForNNAndJN(1641)) - Starting Web-server for hddsDatanode at: http://0.0.0.0:0
2019-09-17 07:43:50,169 [main] INFO  server.AuthenticationFilter (AuthenticationFilter.java:constructSecretProvider(240)) - Unable to initialize FileSignerSecretProvider, falling back to use random secrets.
2019-09-17 07:43:50,170 [main] WARN  http.HttpRequestLog (HttpRequestLog.java:getRequestLog(97)) - Jetty request log can only be enabled using Log4j
2019-09-17 07:43:50,173 [main] INFO  http.HttpServer2 (HttpServer2.java:addGlobalFilter(975)) - Added global filter 'safety' (class=org.apache.hadoop.http.HttpServer2$QuotingInputFilter)
2019-09-17 07:43:50,175 [main] INFO  http.HttpServer2 (HttpServer2.java:addFilter(948)) - Added filter static_user_filter (class=org.apache.hadoop.http.lib.StaticUserWebFilter$StaticUserFilter) to context hddsDatanode
2019-09-17 07:43:50,175 [main] INFO  http.HttpServer2 (HttpServer2.java:addFilter(958)) - Added filter static_user_filter (class=org.apache.hadoop.http.lib.StaticUserWebFilter$StaticUserFilter) to context logs
2019-09-17 07:43:50,175 [main] INFO  http.HttpServer2 (HttpServer2.java:addFilter(958)) - Added filter static_user_filter (class=org.apache.hadoop.http.lib.StaticUserWebFilter$StaticUserFilter) to context static
2019-09-17 07:43:50,177 [main] INFO  http.HttpServer2 (HttpServer2.java:bindListener(1191)) - Jetty bound to port 38942
2019-09-17 07:43:50,178 [main] INFO  server.Server (Server.java:doStart(351)) - jetty-9.3.24.v20180605, build timestamp: 2018-06-05T17:11:56Z, git hash: 84205aa28f11a4f31f2a3b86d1bba2cc8ab69827
2019-09-17 07:43:50,181 [main] INFO  handler.ContextHandler (ContextHandler.java:doStart(781)) - Started o.e.j.s.ServletContextHandler@5fa23c{/logs,file:///workdir/hadoop-ozone/integration-test/target/log,AVAILABLE}
2019-09-17 07:43:50,182 [main] INFO  handler.ContextHandler (ContextHandler.java:doStart(781)) - Started o.e.j.s.ServletContextHandler@433348bc{/static,jar:file:/home/user/.m2/repository/org/apache/hadoop/hadoop-hdds-container-service/0.5.0-SNAPSHOT/hadoop-hdds-container-service-0.5.0-SNAPSHOT.jar!/webapps/static,AVAILABLE}
2019-09-17 07:43:50,235 [main] INFO  handler.ContextHandler (ContextHandler.java:doStart(781)) - Started o.e.j.w.WebAppContext@3c5dbdf8{/,file:///tmp/jetty-0.0.0.0-38942-hddsDatanode-_-any-1303815723732033372.dir/webapp/,AVAILABLE}{/hddsDatanode}
2019-09-17 07:43:50,237 [main] INFO  server.AbstractConnector (AbstractConnector.java:doStart(278)) - Started ServerConnector@352c44a8{HTTP/1.1,[http/1.1]}{0.0.0.0:38942}
2019-09-17 07:43:50,239 [main] INFO  server.Server (Server.java:doStart(419)) - Started @5080ms
2019-09-17 07:43:50,239 [main] WARN  impl.MetricsSystemImpl (MetricsSystemImpl.java:register(276)) - Sink prometheus already exists!
2019-09-17 07:43:50,240 [main] INFO  server.BaseHttpServer (BaseHttpServer.java:updateConnectorAddress(215)) - HTTP server of HDDSDATANODE is listening at http://0.0.0.0:38942
2019-09-17 07:43:50,241 [main] INFO  impl.MetricsSystemImpl (MetricsSystemImpl.java:init(158)) - HddsDatanode metrics system started (again)
2019-09-17 07:43:50,245 [main] INFO  ozone.HddsDatanodeService (HddsDatanodeService.java:start(184)) - HddsDatanodeService host:pr-hdds-2134-72wlk-3981800394 ip:192.168.151.112
2019-09-17 07:43:50,248 [org.apache.hadoop.util.JvmPauseMonitor$Monitor@7a5fd7ce] INFO  util.JvmPauseMonitor (JvmPauseMonitor.java:run(188)) - Starting JVM pause monitor
2019-09-17 07:43:50,256 [main] INFO  volume.HddsVolume (HddsVolume.java:<init>(176)) - Creating Volume: /workdir/hadoop-ozone/integration-test/target/test-dir/MiniOzoneClusterImpl-2856df08-3e92-4080-a2c9-ea03709d96bd/datanode-1/data/containers/hdds of  storage type : DISK and capacity : 1482555576320
2019-09-17 07:43:50,256 [main] INFO  volume.VolumeSet (VolumeSet.java:initializeVolumeSet(170)) - Added Volume : /workdir/hadoop-ozone/integration-test/target/test-dir/MiniOzoneClusterImpl-2856df08-3e92-4080-a2c9-ea03709d96bd/datanode-1/data/containers/hdds to VolumeSet
2019-09-17 07:43:50,257 [main] INFO  volume.ThrottledAsyncChecker (ThrottledAsyncChecker.java:schedule(139)) - Scheduling a check for org.apache.hadoop.ozone.container.common.volume.HddsVolume@3804a9a8
2019-09-17 07:43:50,258 [main] INFO  volume.HddsVolumeChecker (HddsVolumeChecker.java:checkAllVolumes(202)) - Scheduled health check for volume org.apache.hadoop.ozone.container.common.volume.HddsVolume@3804a9a8
2019-09-17 07:43:50,277 [main] INFO  impl.RaftServerProxy (ConfUtils.java:logGet(43)) - raft.rpc.type = GRPC (default)
2019-09-17 07:43:50,277 [main] INFO  grpc.GrpcFactory (GrpcFactory.java:checkPooledByteBufAllocatorUseCacheForAllThreads(45)) - PERFORMANCE WARNING: useCacheForAllThreads is true that may cause Netty to create a lot garbage objects and, as a result, trigger GC.
	It is recommended to disable useCacheForAllThreads by setting -Dorg.apache.ratis.thirdparty.io.netty.allocator.useCacheForAllThreads=false in command line.
2019-09-17 07:43:50,277 [main] INFO  grpc.GrpcConfigKeys$Server (ConfUtils.java:logGet(43)) - raft.grpc.server.port = 0 (default)
2019-09-17 07:43:50,278 [main] INFO  server.GrpcService (ConfUtils.java:logGet(43)) - raft.grpc.message.size.max = 33570816 (custom)
2019-09-17 07:43:50,278 [main] INFO  server.RaftServerConfigKeys (ConfUtils.java:logGet(43)) - raft.server.log.appender.buffer.byte-limit = 33554432 (custom)
2019-09-17 07:43:50,278 [main] INFO  server.GrpcService (ConfUtils.java:logGet(43)) - raft.grpc.flow.control.window = 1MB (=1048576) (default)
2019-09-17 07:43:50,279 [main] INFO  server.RaftServerConfigKeys (ConfUtils.java:logGet(43)) - raft.server.rpc.request.timeout = 3000ms (default)
2019-09-17 07:43:50,279 [main] INFO  server.RaftServerConfigKeys (ConfUtils.java:logGet(43)) - raft.server.storage.dir = [/workdir/hadoop-ozone/integration-test/target/test-dir/MiniOzoneClusterImpl-2856df08-3e92-4080-a2c9-ea03709d96bd/datanode-1/data/ratis] (custom)
2019-09-17 07:43:50,281 [main] INFO  hdfs.DFSUtil (DFSUtil.java:httpServerTemplateForNNAndJN(1641)) - Starting Web-server for hddsDatanode at: http://0.0.0.0:0
2019-09-17 07:43:50,283 [main] INFO  server.AuthenticationFilter (AuthenticationFilter.java:constructSecretProvider(240)) - Unable to initialize FileSignerSecretProvider, falling back to use random secrets.
2019-09-17 07:43:50,284 [main] WARN  http.HttpRequestLog (HttpRequestLog.java:getRequestLog(97)) - Jetty request log can only be enabled using Log4j
2019-09-17 07:43:50,286 [main] INFO  http.HttpServer2 (HttpServer2.java:addGlobalFilter(975)) - Added global filter 'safety' (class=org.apache.hadoop.http.HttpServer2$QuotingInputFilter)
2019-09-17 07:43:50,286 [main] INFO  http.HttpServer2 (HttpServer2.java:addFilter(948)) - Added filter static_user_filter (class=org.apache.hadoop.http.lib.StaticUserWebFilter$StaticUserFilter) to context hddsDatanode
2019-09-17 07:43:50,287 [main] INFO  http.HttpServer2 (HttpServer2.java:addFilter(958)) - Added filter static_user_filter (class=org.apache.hadoop.http.lib.StaticUserWebFilter$StaticUserFilter) to context logs
2019-09-17 07:43:50,287 [main] INFO  http.HttpServer2 (HttpServer2.java:addFilter(958)) - Added filter static_user_filter (class=org.apache.hadoop.http.lib.StaticUserWebFilter$StaticUserFilter) to context static
2019-09-17 07:43:50,288 [main] INFO  http.HttpServer2 (HttpServer2.java:bindListener(1191)) - Jetty bound to port 39483
2019-09-17 07:43:50,288 [main] INFO  server.Server (Server.java:doStart(351)) - jetty-9.3.24.v20180605, build timestamp: 2018-06-05T17:11:56Z, git hash: 84205aa28f11a4f31f2a3b86d1bba2cc8ab69827
2019-09-17 07:43:50,291 [main] INFO  handler.ContextHandler (ContextHandler.java:doStart(781)) - Started o.e.j.s.ServletContextHandler@625d9132{/logs,file:///workdir/hadoop-ozone/integration-test/target/log,AVAILABLE}
2019-09-17 07:43:50,292 [main] INFO  handler.ContextHandler (ContextHandler.java:doStart(781)) - Started o.e.j.s.ServletContextHandler@277b8fa4{/static,jar:file:/home/user/.m2/repository/org/apache/hadoop/hadoop-hdds-container-service/0.5.0-SNAPSHOT/hadoop-hdds-container-service-0.5.0-SNAPSHOT.jar!/webapps/static,AVAILABLE}
2019-09-17 07:43:50,324 [main] INFO  handler.ContextHandler (ContextHandler.java:doStart(781)) - Started o.e.j.w.WebAppContext@1422ac7f{/,file:///tmp/jetty-0.0.0.0-39483-hddsDatanode-_-any-7115973810623300778.dir/webapp/,AVAILABLE}{/hddsDatanode}
2019-09-17 07:43:50,325 [main] INFO  server.AbstractConnector (AbstractConnector.java:doStart(278)) - Started ServerConnector@5e519ad3{HTTP/1.1,[http/1.1]}{0.0.0.0:39483}
2019-09-17 07:43:50,326 [main] INFO  server.Server (Server.java:doStart(419)) - Started @5168ms
2019-09-17 07:43:50,327 [main] WARN  impl.MetricsSystemImpl (MetricsSystemImpl.java:register(276)) - Sink prometheus already exists!
2019-09-17 07:43:50,328 [main] INFO  server.BaseHttpServer (BaseHttpServer.java:updateConnectorAddress(215)) - HTTP server of HDDSDATANODE is listening at http://0.0.0.0:39483
2019-09-17 07:43:50,329 [main] INFO  impl.MetricsSystemImpl (MetricsSystemImpl.java:init(158)) - HddsDatanode metrics system started (again)
2019-09-17 07:43:50,332 [main] INFO  ozone.HddsDatanodeService (HddsDatanodeService.java:start(184)) - HddsDatanodeService host:pr-hdds-2134-72wlk-3981800394 ip:192.168.151.112
2019-09-17 07:43:50,332 [org.apache.hadoop.util.JvmPauseMonitor$Monitor@3d92b649] INFO  util.JvmPauseMonitor (JvmPauseMonitor.java:run(188)) - Starting JVM pause monitor
2019-09-17 07:43:50,342 [main] INFO  volume.HddsVolume (HddsVolume.java:<init>(176)) - Creating Volume: /workdir/hadoop-ozone/integration-test/target/test-dir/MiniOzoneClusterImpl-2856df08-3e92-4080-a2c9-ea03709d96bd/datanode-2/data/containers/hdds of  storage type : DISK and capacity : 1482555576320
2019-09-17 07:43:50,344 [main] INFO  volume.VolumeSet (VolumeSet.java:initializeVolumeSet(170)) - Added Volume : /workdir/hadoop-ozone/integration-test/target/test-dir/MiniOzoneClusterImpl-2856df08-3e92-4080-a2c9-ea03709d96bd/datanode-2/data/containers/hdds to VolumeSet
2019-09-17 07:43:50,344 [main] INFO  volume.ThrottledAsyncChecker (ThrottledAsyncChecker.java:schedule(139)) - Scheduling a check for org.apache.hadoop.ozone.container.common.volume.HddsVolume@6e0c6a7a
2019-09-17 07:43:50,345 [main] INFO  volume.HddsVolumeChecker (HddsVolumeChecker.java:checkAllVolumes(202)) - Scheduled health check for volume org.apache.hadoop.ozone.container.common.volume.HddsVolume@6e0c6a7a
2019-09-17 07:43:50,359 [main] INFO  impl.RaftServerProxy (ConfUtils.java:logGet(43)) - raft.rpc.type = GRPC (default)
2019-09-17 07:43:50,359 [main] INFO  grpc.GrpcFactory (GrpcFactory.java:checkPooledByteBufAllocatorUseCacheForAllThreads(45)) - PERFORMANCE WARNING: useCacheForAllThreads is true that may cause Netty to create a lot garbage objects and, as a result, trigger GC.
	It is recommended to disable useCacheForAllThreads by setting -Dorg.apache.ratis.thirdparty.io.netty.allocator.useCacheForAllThreads=false in command line.
2019-09-17 07:43:50,359 [main] INFO  grpc.GrpcConfigKeys$Server (ConfUtils.java:logGet(43)) - raft.grpc.server.port = 0 (default)
2019-09-17 07:43:50,359 [main] INFO  server.GrpcService (ConfUtils.java:logGet(43)) - raft.grpc.message.size.max = 33570816 (custom)
2019-09-17 07:43:50,360 [main] INFO  server.RaftServerConfigKeys (ConfUtils.java:logGet(43)) - raft.server.log.appender.buffer.byte-limit = 33554432 (custom)
2019-09-17 07:43:50,360 [main] INFO  server.GrpcService (ConfUtils.java:logGet(43)) - raft.grpc.flow.control.window = 1MB (=1048576) (default)
2019-09-17 07:43:50,360 [main] INFO  server.RaftServerConfigKeys (ConfUtils.java:logGet(43)) - raft.server.rpc.request.timeout = 3000ms (default)
2019-09-17 07:43:50,361 [main] INFO  server.RaftServerConfigKeys (ConfUtils.java:logGet(43)) - raft.server.storage.dir = [/workdir/hadoop-ozone/integration-test/target/test-dir/MiniOzoneClusterImpl-2856df08-3e92-4080-a2c9-ea03709d96bd/datanode-2/data/ratis] (custom)
2019-09-17 07:43:50,363 [main] INFO  hdfs.DFSUtil (DFSUtil.java:httpServerTemplateForNNAndJN(1641)) - Starting Web-server for hddsDatanode at: http://0.0.0.0:0
2019-09-17 07:43:50,364 [main] INFO  server.AuthenticationFilter (AuthenticationFilter.java:constructSecretProvider(240)) - Unable to initialize FileSignerSecretProvider, falling back to use random secrets.
2019-09-17 07:43:50,365 [main] WARN  http.HttpRequestLog (HttpRequestLog.java:getRequestLog(97)) - Jetty request log can only be enabled using Log4j
2019-09-17 07:43:50,366 [main] INFO  http.HttpServer2 (HttpServer2.java:addGlobalFilter(975)) - Added global filter 'safety' (class=org.apache.hadoop.http.HttpServer2$QuotingInputFilter)
2019-09-17 07:43:50,367 [main] INFO  http.HttpServer2 (HttpServer2.java:addFilter(948)) - Added filter static_user_filter (class=org.apache.hadoop.http.lib.StaticUserWebFilter$StaticUserFilter) to context hddsDatanode
2019-09-17 07:43:50,367 [main] INFO  http.HttpServer2 (HttpServer2.java:addFilter(958)) - Added filter static_user_filter (class=org.apache.hadoop.http.lib.StaticUserWebFilter$StaticUserFilter) to context static
2019-09-17 07:43:50,367 [main] INFO  http.HttpServer2 (HttpServer2.java:addFilter(958)) - Added filter static_user_filter (class=org.apache.hadoop.http.lib.StaticUserWebFilter$StaticUserFilter) to context logs
2019-09-17 07:43:50,368 [main] INFO  http.HttpServer2 (HttpServer2.java:bindListener(1191)) - Jetty bound to port 41733
2019-09-17 07:43:50,368 [main] INFO  server.Server (Server.java:doStart(351)) - jetty-9.3.24.v20180605, build timestamp: 2018-06-05T17:11:56Z, git hash: 84205aa28f11a4f31f2a3b86d1bba2cc8ab69827
2019-09-17 07:43:50,374 [main] INFO  handler.ContextHandler (ContextHandler.java:doStart(781)) - Started o.e.j.s.ServletContextHandler@5fcfde70{/logs,file:///workdir/hadoop-ozone/integration-test/target/log,AVAILABLE}
2019-09-17 07:43:50,375 [main] INFO  handler.ContextHandler (ContextHandler.java:doStart(781)) - Started o.e.j.s.ServletContextHandler@28da7d11{/static,jar:file:/home/user/.m2/repository/org/apache/hadoop/hadoop-hdds-container-service/0.5.0-SNAPSHOT/hadoop-hdds-container-service-0.5.0-SNAPSHOT.jar!/webapps/static,AVAILABLE}
2019-09-17 07:43:50,393 [Datanode State Machine Thread - 0] INFO  datanode.InitDatanodeState (InitDatanodeState.java:persistContainerDatanodeDetails(140)) - DatanodeDetails is persisted to /workdir/hadoop-ozone/integration-test/target/test-dir/MiniOzoneClusterImpl-2856df08-3e92-4080-a2c9-ea03709d96bd/datanode-0/meta/datanode.id
2019-09-17 07:43:50,398 [Datanode State Machine Thread - 0] INFO  datanode.InitDatanodeState (InitDatanodeState.java:persistContainerDatanodeDetails(140)) - DatanodeDetails is persisted to /workdir/hadoop-ozone/integration-test/target/test-dir/MiniOzoneClusterImpl-2856df08-3e92-4080-a2c9-ea03709d96bd/datanode-1/meta/datanode.id
2019-09-17 07:43:50,408 [main] INFO  handler.ContextHandler (ContextHandler.java:doStart(781)) - Started o.e.j.w.WebAppContext@296e281a{/,file:///tmp/jetty-0.0.0.0-41733-hddsDatanode-_-any-7887986172780841361.dir/webapp/,AVAILABLE}{/hddsDatanode}
2019-09-17 07:43:50,408 [main] INFO  server.AbstractConnector (AbstractConnector.java:doStart(278)) - Started ServerConnector@59cda16e{HTTP/1.1,[http/1.1]}{0.0.0.0:41733}
2019-09-17 07:43:50,409 [main] INFO  server.Server (Server.java:doStart(419)) - Started @5251ms
2019-09-17 07:43:50,409 [main] WARN  impl.MetricsSystemImpl (MetricsSystemImpl.java:register(276)) - Sink prometheus already exists!
2019-09-17 07:43:50,413 [main] INFO  server.BaseHttpServer (BaseHttpServer.java:updateConnectorAddress(215)) - HTTP server of HDDSDATANODE is listening at http://0.0.0.0:41733
2019-09-17 07:43:50,414 [main] INFO  impl.MetricsSystemImpl (MetricsSystemImpl.java:init(158)) - HddsDatanode metrics system started (again)
2019-09-17 07:43:50,416 [main] INFO  ozone.HddsDatanodeService (HddsDatanodeService.java:start(184)) - HddsDatanodeService host:pr-hdds-2134-72wlk-3981800394 ip:192.168.151.112
2019-09-17 07:43:50,417 [org.apache.hadoop.util.JvmPauseMonitor$Monitor@791b41e1] INFO  util.JvmPauseMonitor (JvmPauseMonitor.java:run(188)) - Starting JVM pause monitor
2019-09-17 07:43:50,420 [Datanode State Machine Thread - 0] INFO  datanode.InitDatanodeState (InitDatanodeState.java:persistContainerDatanodeDetails(140)) - DatanodeDetails is persisted to /workdir/hadoop-ozone/integration-test/target/test-dir/MiniOzoneClusterImpl-2856df08-3e92-4080-a2c9-ea03709d96bd/datanode-2/meta/datanode.id
2019-09-17 07:43:50,426 [main] INFO  volume.HddsVolume (HddsVolume.java:<init>(176)) - Creating Volume: /workdir/hadoop-ozone/integration-test/target/test-dir/MiniOzoneClusterImpl-2856df08-3e92-4080-a2c9-ea03709d96bd/datanode-3/data/containers/hdds of  storage type : DISK and capacity : 1482555576320
2019-09-17 07:43:50,426 [main] INFO  volume.VolumeSet (VolumeSet.java:initializeVolumeSet(170)) - Added Volume : /workdir/hadoop-ozone/integration-test/target/test-dir/MiniOzoneClusterImpl-2856df08-3e92-4080-a2c9-ea03709d96bd/datanode-3/data/containers/hdds to VolumeSet
2019-09-17 07:43:50,426 [main] INFO  volume.ThrottledAsyncChecker (ThrottledAsyncChecker.java:schedule(139)) - Scheduling a check for org.apache.hadoop.ozone.container.common.volume.HddsVolume@36c2b646
2019-09-17 07:43:50,427 [main] INFO  volume.HddsVolumeChecker (HddsVolumeChecker.java:checkAllVolumes(202)) - Scheduled health check for volume org.apache.hadoop.ozone.container.common.volume.HddsVolume@36c2b646
2019-09-17 07:43:50,441 [main] INFO  impl.RaftServerProxy (ConfUtils.java:logGet(43)) - raft.rpc.type = GRPC (default)
2019-09-17 07:43:50,441 [main] INFO  grpc.GrpcFactory (GrpcFactory.java:checkPooledByteBufAllocatorUseCacheForAllThreads(45)) - PERFORMANCE WARNING: useCacheForAllThreads is true that may cause Netty to create a lot garbage objects and, as a result, trigger GC.
	It is recommended to disable useCacheForAllThreads by setting -Dorg.apache.ratis.thirdparty.io.netty.allocator.useCacheForAllThreads=false in command line.
2019-09-17 07:43:50,442 [main] INFO  grpc.GrpcConfigKeys$Server (ConfUtils.java:logGet(43)) - raft.grpc.server.port = 0 (default)
2019-09-17 07:43:50,442 [main] INFO  server.GrpcService (ConfUtils.java:logGet(43)) - raft.grpc.message.size.max = 33570816 (custom)
2019-09-17 07:43:50,442 [main] INFO  server.RaftServerConfigKeys (ConfUtils.java:logGet(43)) - raft.server.log.appender.buffer.byte-limit = 33554432 (custom)
2019-09-17 07:43:50,442 [main] INFO  server.GrpcService (ConfUtils.java:logGet(43)) - raft.grpc.flow.control.window = 1MB (=1048576) (default)
2019-09-17 07:43:50,443 [main] INFO  server.RaftServerConfigKeys (ConfUtils.java:logGet(43)) - raft.server.rpc.request.timeout = 3000ms (default)
2019-09-17 07:43:50,443 [main] INFO  server.RaftServerConfigKeys (ConfUtils.java:logGet(43)) - raft.server.storage.dir = [/workdir/hadoop-ozone/integration-test/target/test-dir/MiniOzoneClusterImpl-2856df08-3e92-4080-a2c9-ea03709d96bd/datanode-3/data/ratis] (custom)
2019-09-17 07:43:50,445 [main] INFO  hdfs.DFSUtil (DFSUtil.java:httpServerTemplateForNNAndJN(1641)) - Starting Web-server for hddsDatanode at: http://0.0.0.0:0
2019-09-17 07:43:50,446 [main] INFO  server.AuthenticationFilter (AuthenticationFilter.java:constructSecretProvider(240)) - Unable to initialize FileSignerSecretProvider, falling back to use random secrets.
2019-09-17 07:43:50,446 [main] WARN  http.HttpRequestLog (HttpRequestLog.java:getRequestLog(97)) - Jetty request log can only be enabled using Log4j
2019-09-17 07:43:50,448 [main] INFO  http.HttpServer2 (HttpServer2.java:addGlobalFilter(975)) - Added global filter 'safety' (class=org.apache.hadoop.http.HttpServer2$QuotingInputFilter)
2019-09-17 07:43:50,448 [main] INFO  http.HttpServer2 (HttpServer2.java:addFilter(948)) - Added filter static_user_filter (class=org.apache.hadoop.http.lib.StaticUserWebFilter$StaticUserFilter) to context hddsDatanode
2019-09-17 07:43:50,449 [main] INFO  http.HttpServer2 (HttpServer2.java:addFilter(958)) - Added filter static_user_filter (class=org.apache.hadoop.http.lib.StaticUserWebFilter$StaticUserFilter) to context static
2019-09-17 07:43:50,449 [main] INFO  http.HttpServer2 (HttpServer2.java:addFilter(958)) - Added filter static_user_filter (class=org.apache.hadoop.http.lib.StaticUserWebFilter$StaticUserFilter) to context logs
2019-09-17 07:43:50,449 [main] INFO  http.HttpServer2 (HttpServer2.java:bindListener(1191)) - Jetty bound to port 41086
2019-09-17 07:43:50,450 [main] INFO  server.Server (Server.java:doStart(351)) - jetty-9.3.24.v20180605, build timestamp: 2018-06-05T17:11:56Z, git hash: 84205aa28f11a4f31f2a3b86d1bba2cc8ab69827
2019-09-17 07:43:50,452 [main] INFO  handler.ContextHandler (ContextHandler.java:doStart(781)) - Started o.e.j.s.ServletContextHandler@36480b2d{/logs,file:///workdir/hadoop-ozone/integration-test/target/log,AVAILABLE}
2019-09-17 07:43:50,452 [main] INFO  handler.ContextHandler (ContextHandler.java:doStart(781)) - Started o.e.j.s.ServletContextHandler@1f6917fb{/static,jar:file:/home/user/.m2/repository/org/apache/hadoop/hadoop-hdds-container-service/0.5.0-SNAPSHOT/hadoop-hdds-container-service-0.5.0-SNAPSHOT.jar!/webapps/static,AVAILABLE}
2019-09-17 07:43:50,480 [main] INFO  handler.ContextHandler (ContextHandler.java:doStart(781)) - Started o.e.j.w.WebAppContext@6573d2f7{/,file:///tmp/jetty-0.0.0.0-41086-hddsDatanode-_-any-8965255584068507189.dir/webapp/,AVAILABLE}{/hddsDatanode}
2019-09-17 07:43:50,481 [main] INFO  server.AbstractConnector (AbstractConnector.java:doStart(278)) - Started ServerConnector@4052c8c2{HTTP/1.1,[http/1.1]}{0.0.0.0:41086}
2019-09-17 07:43:50,482 [main] INFO  server.Server (Server.java:doStart(419)) - Started @5324ms
2019-09-17 07:43:50,482 [main] WARN  impl.MetricsSystemImpl (MetricsSystemImpl.java:register(276)) - Sink prometheus already exists!
2019-09-17 07:43:50,485 [main] INFO  server.BaseHttpServer (BaseHttpServer.java:updateConnectorAddress(215)) - HTTP server of HDDSDATANODE is listening at http://0.0.0.0:41086
2019-09-17 07:43:50,485 [main] INFO  impl.MetricsSystemImpl (MetricsSystemImpl.java:init(158)) - HddsDatanode metrics system started (again)
2019-09-17 07:43:50,488 [main] INFO  ozone.HddsDatanodeService (HddsDatanodeService.java:start(184)) - HddsDatanodeService host:pr-hdds-2134-72wlk-3981800394 ip:192.168.151.112
2019-09-17 07:43:50,489 [org.apache.hadoop.util.JvmPauseMonitor$Monitor@14806e4f] INFO  util.JvmPauseMonitor (JvmPauseMonitor.java:run(188)) - Starting JVM pause monitor
2019-09-17 07:43:50,492 [Datanode State Machine Thread - 0] INFO  datanode.InitDatanodeState (InitDatanodeState.java:persistContainerDatanodeDetails(140)) - DatanodeDetails is persisted to /workdir/hadoop-ozone/integration-test/target/test-dir/MiniOzoneClusterImpl-2856df08-3e92-4080-a2c9-ea03709d96bd/datanode-3/meta/datanode.id
2019-09-17 07:43:50,497 [main] INFO  volume.HddsVolume (HddsVolume.java:<init>(176)) - Creating Volume: /workdir/hadoop-ozone/integration-test/target/test-dir/MiniOzoneClusterImpl-2856df08-3e92-4080-a2c9-ea03709d96bd/datanode-4/data/containers/hdds of  storage type : DISK and capacity : 1482555576320
2019-09-17 07:43:50,500 [main] INFO  volume.VolumeSet (VolumeSet.java:initializeVolumeSet(170)) - Added Volume : /workdir/hadoop-ozone/integration-test/target/test-dir/MiniOzoneClusterImpl-2856df08-3e92-4080-a2c9-ea03709d96bd/datanode-4/data/containers/hdds to VolumeSet
2019-09-17 07:43:50,500 [main] INFO  volume.ThrottledAsyncChecker (ThrottledAsyncChecker.java:schedule(139)) - Scheduling a check for org.apache.hadoop.ozone.container.common.volume.HddsVolume@176996c3
2019-09-17 07:43:50,500 [main] INFO  volume.HddsVolumeChecker (HddsVolumeChecker.java:checkAllVolumes(202)) - Scheduled health check for volume org.apache.hadoop.ozone.container.common.volume.HddsVolume@176996c3
2019-09-17 07:43:50,513 [main] INFO  impl.RaftServerProxy (ConfUtils.java:logGet(43)) - raft.rpc.type = GRPC (default)
2019-09-17 07:43:50,513 [main] INFO  grpc.GrpcFactory (GrpcFactory.java:checkPooledByteBufAllocatorUseCacheForAllThreads(45)) - PERFORMANCE WARNING: useCacheForAllThreads is true that may cause Netty to create a lot garbage objects and, as a result, trigger GC.
	It is recommended to disable useCacheForAllThreads by setting -Dorg.apache.ratis.thirdparty.io.netty.allocator.useCacheForAllThreads=false in command line.
2019-09-17 07:43:50,514 [main] INFO  grpc.GrpcConfigKeys$Server (ConfUtils.java:logGet(43)) - raft.grpc.server.port = 0 (default)
2019-09-17 07:43:50,514 [main] INFO  server.GrpcService (ConfUtils.java:logGet(43)) - raft.grpc.message.size.max = 33570816 (custom)
2019-09-17 07:43:50,514 [main] INFO  server.RaftServerConfigKeys (ConfUtils.java:logGet(43)) - raft.server.log.appender.buffer.byte-limit = 33554432 (custom)
2019-09-17 07:43:50,514 [main] INFO  server.GrpcService (ConfUtils.java:logGet(43)) - raft.grpc.flow.control.window = 1MB (=1048576) (default)
2019-09-17 07:43:50,515 [main] INFO  server.RaftServerConfigKeys (ConfUtils.java:logGet(43)) - raft.server.rpc.request.timeout = 3000ms (default)
2019-09-17 07:43:50,515 [main] INFO  server.RaftServerConfigKeys (ConfUtils.java:logGet(43)) - raft.server.storage.dir = [/workdir/hadoop-ozone/integration-test/target/test-dir/MiniOzoneClusterImpl-2856df08-3e92-4080-a2c9-ea03709d96bd/datanode-4/data/ratis] (custom)
2019-09-17 07:43:50,517 [main] INFO  hdfs.DFSUtil (DFSUtil.java:httpServerTemplateForNNAndJN(1641)) - Starting Web-server for hddsDatanode at: http://0.0.0.0:0
2019-09-17 07:43:50,518 [main] INFO  server.AuthenticationFilter (AuthenticationFilter.java:constructSecretProvider(240)) - Unable to initialize FileSignerSecretProvider, falling back to use random secrets.
2019-09-17 07:43:50,519 [main] WARN  http.HttpRequestLog (HttpRequestLog.java:getRequestLog(97)) - Jetty request log can only be enabled using Log4j
2019-09-17 07:43:50,520 [main] INFO  http.HttpServer2 (HttpServer2.java:addGlobalFilter(975)) - Added global filter 'safety' (class=org.apache.hadoop.http.HttpServer2$QuotingInputFilter)
2019-09-17 07:43:50,520 [main] INFO  http.HttpServer2 (HttpServer2.java:addFilter(948)) - Added filter static_user_filter (class=org.apache.hadoop.http.lib.StaticUserWebFilter$StaticUserFilter) to context hddsDatanode
2019-09-17 07:43:50,521 [main] INFO  http.HttpServer2 (HttpServer2.java:addFilter(958)) - Added filter static_user_filter (class=org.apache.hadoop.http.lib.StaticUserWebFilter$StaticUserFilter) to context logs
2019-09-17 07:43:50,521 [main] INFO  http.HttpServer2 (HttpServer2.java:addFilter(958)) - Added filter static_user_filter (class=org.apache.hadoop.http.lib.StaticUserWebFilter$StaticUserFilter) to context static
2019-09-17 07:43:50,522 [main] INFO  http.HttpServer2 (HttpServer2.java:bindListener(1191)) - Jetty bound to port 38718
2019-09-17 07:43:50,522 [main] INFO  server.Server (Server.java:doStart(351)) - jetty-9.3.24.v20180605, build timestamp: 2018-06-05T17:11:56Z, git hash: 84205aa28f11a4f31f2a3b86d1bba2cc8ab69827
2019-09-17 07:43:50,528 [main] INFO  handler.ContextHandler (ContextHandler.java:doStart(781)) - Started o.e.j.s.ServletContextHandler@561b7d53{/logs,file:///workdir/hadoop-ozone/integration-test/target/log,AVAILABLE}
2019-09-17 07:43:50,529 [main] INFO  handler.ContextHandler (ContextHandler.java:doStart(781)) - Started o.e.j.s.ServletContextHandler@1dc3502b{/static,jar:file:/home/user/.m2/repository/org/apache/hadoop/hadoop-hdds-container-service/0.5.0-SNAPSHOT/hadoop-hdds-container-service-0.5.0-SNAPSHOT.jar!/webapps/static,AVAILABLE}
2019-09-17 07:43:50,557 [main] INFO  handler.ContextHandler (ContextHandler.java:doStart(781)) - Started o.e.j.w.WebAppContext@1d9bd4da{/,file:///tmp/jetty-0.0.0.0-38718-hddsDatanode-_-any-1450954260282744147.dir/webapp/,AVAILABLE}{/hddsDatanode}
2019-09-17 07:43:50,557 [main] INFO  server.AbstractConnector (AbstractConnector.java:doStart(278)) - Started ServerConnector@4c58255{HTTP/1.1,[http/1.1]}{0.0.0.0:38718}
2019-09-17 07:43:50,559 [main] INFO  server.Server (Server.java:doStart(419)) - Started @5401ms
2019-09-17 07:43:50,559 [main] WARN  impl.MetricsSystemImpl (MetricsSystemImpl.java:register(276)) - Sink prometheus already exists!
2019-09-17 07:43:50,561 [main] INFO  server.BaseHttpServer (BaseHttpServer.java:updateConnectorAddress(215)) - HTTP server of HDDSDATANODE is listening at http://0.0.0.0:38718
2019-09-17 07:43:50,561 [main] INFO  impl.MetricsSystemImpl (MetricsSystemImpl.java:init(158)) - HddsDatanode metrics system started (again)
2019-09-17 07:43:50,564 [main] INFO  ozone.HddsDatanodeService (HddsDatanodeService.java:start(184)) - HddsDatanodeService host:pr-hdds-2134-72wlk-3981800394 ip:192.168.151.112
2019-09-17 07:43:50,565 [org.apache.hadoop.util.JvmPauseMonitor$Monitor@21034568] INFO  util.JvmPauseMonitor (JvmPauseMonitor.java:run(188)) - Starting JVM pause monitor
2019-09-17 07:43:50,568 [Datanode State Machine Thread - 0] INFO  datanode.InitDatanodeState (InitDatanodeState.java:persistContainerDatanodeDetails(140)) - DatanodeDetails is persisted to /workdir/hadoop-ozone/integration-test/target/test-dir/MiniOzoneClusterImpl-2856df08-3e92-4080-a2c9-ea03709d96bd/datanode-4/meta/datanode.id
2019-09-17 07:43:50,575 [main] INFO  volume.HddsVolume (HddsVolume.java:<init>(176)) - Creating Volume: /workdir/hadoop-ozone/integration-test/target/test-dir/MiniOzoneClusterImpl-2856df08-3e92-4080-a2c9-ea03709d96bd/datanode-5/data/containers/hdds of  storage type : DISK and capacity : 1482555576320
2019-09-17 07:43:50,575 [main] INFO  volume.VolumeSet (VolumeSet.java:initializeVolumeSet(170)) - Added Volume : /workdir/hadoop-ozone/integration-test/target/test-dir/MiniOzoneClusterImpl-2856df08-3e92-4080-a2c9-ea03709d96bd/datanode-5/data/containers/hdds to VolumeSet
2019-09-17 07:43:50,575 [main] INFO  volume.ThrottledAsyncChecker (ThrottledAsyncChecker.java:schedule(139)) - Scheduling a check for org.apache.hadoop.ozone.container.common.volume.HddsVolume@423b2b62
2019-09-17 07:43:50,576 [main] INFO  volume.HddsVolumeChecker (HddsVolumeChecker.java:checkAllVolumes(202)) - Scheduled health check for volume org.apache.hadoop.ozone.container.common.volume.HddsVolume@423b2b62
2019-09-17 07:43:50,589 [main] INFO  impl.RaftServerProxy (ConfUtils.java:logGet(43)) - raft.rpc.type = GRPC (default)
2019-09-17 07:43:50,589 [main] INFO  grpc.GrpcFactory (GrpcFactory.java:checkPooledByteBufAllocatorUseCacheForAllThreads(45)) - PERFORMANCE WARNING: useCacheForAllThreads is true that may cause Netty to create a lot garbage objects and, as a result, trigger GC.
	It is recommended to disable useCacheForAllThreads by setting -Dorg.apache.ratis.thirdparty.io.netty.allocator.useCacheForAllThreads=false in command line.
2019-09-17 07:43:50,589 [main] INFO  grpc.GrpcConfigKeys$Server (ConfUtils.java:logGet(43)) - raft.grpc.server.port = 0 (default)
2019-09-17 07:43:50,590 [main] INFO  server.GrpcService (ConfUtils.java:logGet(43)) - raft.grpc.message.size.max = 33570816 (custom)
2019-09-17 07:43:50,590 [main] INFO  server.RaftServerConfigKeys (ConfUtils.java:logGet(43)) - raft.server.log.appender.buffer.byte-limit = 33554432 (custom)
2019-09-17 07:43:50,590 [main] INFO  server.GrpcService (ConfUtils.java:logGet(43)) - raft.grpc.flow.control.window = 1MB (=1048576) (default)
2019-09-17 07:43:50,590 [main] INFO  server.RaftServerConfigKeys (ConfUtils.java:logGet(43)) - raft.server.rpc.request.timeout = 3000ms (default)
2019-09-17 07:43:50,591 [main] INFO  server.RaftServerConfigKeys (ConfUtils.java:logGet(43)) - raft.server.storage.dir = [/workdir/hadoop-ozone/integration-test/target/test-dir/MiniOzoneClusterImpl-2856df08-3e92-4080-a2c9-ea03709d96bd/datanode-5/data/ratis] (custom)
2019-09-17 07:43:50,592 [main] INFO  hdfs.DFSUtil (DFSUtil.java:httpServerTemplateForNNAndJN(1641)) - Starting Web-server for hddsDatanode at: http://0.0.0.0:0
2019-09-17 07:43:50,593 [main] INFO  server.AuthenticationFilter (AuthenticationFilter.java:constructSecretProvider(240)) - Unable to initialize FileSignerSecretProvider, falling back to use random secrets.
2019-09-17 07:43:50,594 [main] WARN  http.HttpRequestLog (HttpRequestLog.java:getRequestLog(97)) - Jetty request log can only be enabled using Log4j
2019-09-17 07:43:50,595 [main] INFO  http.HttpServer2 (HttpServer2.java:addGlobalFilter(975)) - Added global filter 'safety' (class=org.apache.hadoop.http.HttpServer2$QuotingInputFilter)
2019-09-17 07:43:50,596 [main] INFO  http.HttpServer2 (HttpServer2.java:addFilter(948)) - Added filter static_user_filter (class=org.apache.hadoop.http.lib.StaticUserWebFilter$StaticUserFilter) to context hddsDatanode
2019-09-17 07:43:50,596 [main] INFO  http.HttpServer2 (HttpServer2.java:addFilter(958)) - Added filter static_user_filter (class=org.apache.hadoop.http.lib.StaticUserWebFilter$StaticUserFilter) to context logs
2019-09-17 07:43:50,596 [main] INFO  http.HttpServer2 (HttpServer2.java:addFilter(958)) - Added filter static_user_filter (class=org.apache.hadoop.http.lib.StaticUserWebFilter$StaticUserFilter) to context static
2019-09-17 07:43:50,597 [main] INFO  http.HttpServer2 (HttpServer2.java:bindListener(1191)) - Jetty bound to port 41873
2019-09-17 07:43:50,597 [main] INFO  server.Server (Server.java:doStart(351)) - jetty-9.3.24.v20180605, build timestamp: 2018-06-05T17:11:56Z, git hash: 84205aa28f11a4f31f2a3b86d1bba2cc8ab69827
2019-09-17 07:43:50,599 [main] INFO  handler.ContextHandler (ContextHandler.java:doStart(781)) - Started o.e.j.s.ServletContextHandler@117d32e{/logs,file:///workdir/hadoop-ozone/integration-test/target/log,AVAILABLE}
2019-09-17 07:43:50,599 [main] INFO  handler.ContextHandler (ContextHandler.java:doStart(781)) - Started o.e.j.s.ServletContextHandler@2370ac7a{/static,jar:file:/home/user/.m2/repository/org/apache/hadoop/hadoop-hdds-container-service/0.5.0-SNAPSHOT/hadoop-hdds-container-service-0.5.0-SNAPSHOT.jar!/webapps/static,AVAILABLE}
2019-09-17 07:43:50,651 [main] INFO  handler.ContextHandler (ContextHandler.java:doStart(781)) - Started o.e.j.w.WebAppContext@1c26273d{/,file:///tmp/jetty-0.0.0.0-41873-hddsDatanode-_-any-8799981313505293804.dir/webapp/,AVAILABLE}{/hddsDatanode}
2019-09-17 07:43:50,653 [main] INFO  server.AbstractConnector (AbstractConnector.java:doStart(278)) - Started ServerConnector@3a37a501{HTTP/1.1,[http/1.1]}{0.0.0.0:41873}
2019-09-17 07:43:50,655 [main] INFO  server.Server (Server.java:doStart(419)) - Started @5497ms
2019-09-17 07:43:50,655 [main] WARN  impl.MetricsSystemImpl (MetricsSystemImpl.java:register(276)) - Sink prometheus already exists!
2019-09-17 07:43:50,656 [main] INFO  server.BaseHttpServer (BaseHttpServer.java:updateConnectorAddress(215)) - HTTP server of HDDSDATANODE is listening at http://0.0.0.0:41873
2019-09-17 07:43:50,657 [main] INFO  impl.MetricsSystemImpl (MetricsSystemImpl.java:init(158)) - HddsDatanode metrics system started (again)
2019-09-17 07:43:50,662 [org.apache.hadoop.util.JvmPauseMonitor$Monitor@19865c6] INFO  util.JvmPauseMonitor (JvmPauseMonitor.java:run(188)) - Starting JVM pause monitor
2019-09-17 07:43:50,662 [main] INFO  ozone.HddsDatanodeService (HddsDatanodeService.java:start(184)) - HddsDatanodeService host:pr-hdds-2134-72wlk-3981800394 ip:192.168.151.112
2019-09-17 07:43:50,666 [Datanode State Machine Thread - 0] INFO  datanode.InitDatanodeState (InitDatanodeState.java:persistContainerDatanodeDetails(140)) - DatanodeDetails is persisted to /workdir/hadoop-ozone/integration-test/target/test-dir/MiniOzoneClusterImpl-2856df08-3e92-4080-a2c9-ea03709d96bd/datanode-5/meta/datanode.id
2019-09-17 07:43:50,675 [main] INFO  volume.HddsVolume (HddsVolume.java:<init>(176)) - Creating Volume: /workdir/hadoop-ozone/integration-test/target/test-dir/MiniOzoneClusterImpl-2856df08-3e92-4080-a2c9-ea03709d96bd/datanode-6/data/containers/hdds of  storage type : DISK and capacity : 1482555576320
2019-09-17 07:43:50,676 [main] INFO  volume.VolumeSet (VolumeSet.java:initializeVolumeSet(170)) - Added Volume : /workdir/hadoop-ozone/integration-test/target/test-dir/MiniOzoneClusterImpl-2856df08-3e92-4080-a2c9-ea03709d96bd/datanode-6/data/containers/hdds to VolumeSet
2019-09-17 07:43:50,676 [main] INFO  volume.ThrottledAsyncChecker (ThrottledAsyncChecker.java:schedule(139)) - Scheduling a check for org.apache.hadoop.ozone.container.common.volume.HddsVolume@1f346ad2
2019-09-17 07:43:50,677 [main] INFO  volume.HddsVolumeChecker (HddsVolumeChecker.java:checkAllVolumes(202)) - Scheduled health check for volume org.apache.hadoop.ozone.container.common.volume.HddsVolume@1f346ad2
2019-09-17 07:43:50,700 [main] INFO  impl.RaftServerProxy (ConfUtils.java:logGet(43)) - raft.rpc.type = GRPC (default)
2019-09-17 07:43:50,700 [main] INFO  grpc.GrpcFactory (GrpcFactory.java:checkPooledByteBufAllocatorUseCacheForAllThreads(45)) - PERFORMANCE WARNING: useCacheForAllThreads is true that may cause Netty to create a lot garbage objects and, as a result, trigger GC.
	It is recommended to disable useCacheForAllThreads by setting -Dorg.apache.ratis.thirdparty.io.netty.allocator.useCacheForAllThreads=false in command line.
2019-09-17 07:43:50,700 [main] INFO  grpc.GrpcConfigKeys$Server (ConfUtils.java:logGet(43)) - raft.grpc.server.port = 0 (default)
2019-09-17 07:43:50,701 [main] INFO  server.GrpcService (ConfUtils.java:logGet(43)) - raft.grpc.message.size.max = 33570816 (custom)
2019-09-17 07:43:50,701 [main] INFO  server.RaftServerConfigKeys (ConfUtils.java:logGet(43)) - raft.server.log.appender.buffer.byte-limit = 33554432 (custom)
2019-09-17 07:43:50,701 [main] INFO  server.GrpcService (ConfUtils.java:logGet(43)) - raft.grpc.flow.control.window = 1MB (=1048576) (default)
2019-09-17 07:43:50,702 [main] INFO  server.RaftServerConfigKeys (ConfUtils.java:logGet(43)) - raft.server.rpc.request.timeout = 3000ms (default)
2019-09-17 07:43:50,703 [main] INFO  server.RaftServerConfigKeys (ConfUtils.java:logGet(43)) - raft.server.storage.dir = [/workdir/hadoop-ozone/integration-test/target/test-dir/MiniOzoneClusterImpl-2856df08-3e92-4080-a2c9-ea03709d96bd/datanode-6/data/ratis] (custom)
2019-09-17 07:43:50,705 [main] INFO  hdfs.DFSUtil (DFSUtil.java:httpServerTemplateForNNAndJN(1641)) - Starting Web-server for hddsDatanode at: http://0.0.0.0:0
2019-09-17 07:43:50,706 [main] INFO  server.AuthenticationFilter (AuthenticationFilter.java:constructSecretProvider(240)) - Unable to initialize FileSignerSecretProvider, falling back to use random secrets.
2019-09-17 07:43:50,707 [main] WARN  http.HttpRequestLog (HttpRequestLog.java:getRequestLog(97)) - Jetty request log can only be enabled using Log4j
2019-09-17 07:43:50,709 [main] INFO  http.HttpServer2 (HttpServer2.java:addGlobalFilter(975)) - Added global filter 'safety' (class=org.apache.hadoop.http.HttpServer2$QuotingInputFilter)
2019-09-17 07:43:50,710 [main] INFO  http.HttpServer2 (HttpServer2.java:addFilter(948)) - Added filter static_user_filter (class=org.apache.hadoop.http.lib.StaticUserWebFilter$StaticUserFilter) to context hddsDatanode
2019-09-17 07:43:50,710 [main] INFO  http.HttpServer2 (HttpServer2.java:addFilter(958)) - Added filter static_user_filter (class=org.apache.hadoop.http.lib.StaticUserWebFilter$StaticUserFilter) to context logs
2019-09-17 07:43:50,710 [main] INFO  http.HttpServer2 (HttpServer2.java:addFilter(958)) - Added filter static_user_filter (class=org.apache.hadoop.http.lib.StaticUserWebFilter$StaticUserFilter) to context static
2019-09-17 07:43:50,711 [main] INFO  http.HttpServer2 (HttpServer2.java:bindListener(1191)) - Jetty bound to port 33970
2019-09-17 07:43:50,712 [main] INFO  server.Server (Server.java:doStart(351)) - jetty-9.3.24.v20180605, build timestamp: 2018-06-05T17:11:56Z, git hash: 84205aa28f11a4f31f2a3b86d1bba2cc8ab69827
2019-09-17 07:43:50,714 [main] INFO  handler.ContextHandler (ContextHandler.java:doStart(781)) - Started o.e.j.s.ServletContextHandler@72fd8a3c{/logs,file:///workdir/hadoop-ozone/integration-test/target/log,AVAILABLE}
2019-09-17 07:43:50,715 [main] INFO  handler.ContextHandler (ContextHandler.java:doStart(781)) - Started o.e.j.s.ServletContextHandler@34780cd9{/static,jar:file:/home/user/.m2/repository/org/apache/hadoop/hadoop-hdds-container-service/0.5.0-SNAPSHOT/hadoop-hdds-container-service-0.5.0-SNAPSHOT.jar!/webapps/static,AVAILABLE}
2019-09-17 07:43:50,753 [main] INFO  handler.ContextHandler (ContextHandler.java:doStart(781)) - Started o.e.j.w.WebAppContext@7a485a36{/,file:///tmp/jetty-0.0.0.0-33970-hddsDatanode-_-any-1669339752291005517.dir/webapp/,AVAILABLE}{/hddsDatanode}
2019-09-17 07:43:50,754 [main] INFO  server.AbstractConnector (AbstractConnector.java:doStart(278)) - Started ServerConnector@5cf3157b{HTTP/1.1,[http/1.1]}{0.0.0.0:33970}
2019-09-17 07:43:50,755 [main] INFO  server.Server (Server.java:doStart(419)) - Started @5597ms
2019-09-17 07:43:50,755 [main] WARN  impl.MetricsSystemImpl (MetricsSystemImpl.java:register(276)) - Sink prometheus already exists!
2019-09-17 07:43:50,756 [main] INFO  server.BaseHttpServer (BaseHttpServer.java:updateConnectorAddress(215)) - HTTP server of HDDSDATANODE is listening at http://0.0.0.0:33970
2019-09-17 07:43:50,756 [main] INFO  impl.MetricsSystemImpl (MetricsSystemImpl.java:init(158)) - HddsDatanode metrics system started (again)
2019-09-17 07:43:50,761 [main] INFO  ozone.HddsDatanodeService (HddsDatanodeService.java:start(184)) - HddsDatanodeService host:pr-hdds-2134-72wlk-3981800394 ip:192.168.151.112
2019-09-17 07:43:50,761 [org.apache.hadoop.util.JvmPauseMonitor$Monitor@78bb6cc8] INFO  util.JvmPauseMonitor (JvmPauseMonitor.java:run(188)) - Starting JVM pause monitor
2019-09-17 07:43:50,764 [Datanode State Machine Thread - 0] INFO  datanode.InitDatanodeState (InitDatanodeState.java:persistContainerDatanodeDetails(140)) - DatanodeDetails is persisted to /workdir/hadoop-ozone/integration-test/target/test-dir/MiniOzoneClusterImpl-2856df08-3e92-4080-a2c9-ea03709d96bd/datanode-6/meta/datanode.id
2019-09-17 07:43:50,771 [main] INFO  volume.HddsVolume (HddsVolume.java:<init>(176)) - Creating Volume: /workdir/hadoop-ozone/integration-test/target/test-dir/MiniOzoneClusterImpl-2856df08-3e92-4080-a2c9-ea03709d96bd/datanode-7/data/containers/hdds of  storage type : DISK and capacity : 1482555576320
2019-09-17 07:43:50,771 [main] INFO  volume.VolumeSet (VolumeSet.java:initializeVolumeSet(170)) - Added Volume : /workdir/hadoop-ozone/integration-test/target/test-dir/MiniOzoneClusterImpl-2856df08-3e92-4080-a2c9-ea03709d96bd/datanode-7/data/containers/hdds to VolumeSet
2019-09-17 07:43:50,772 [main] INFO  volume.ThrottledAsyncChecker (ThrottledAsyncChecker.java:schedule(139)) - Scheduling a check for org.apache.hadoop.ozone.container.common.volume.HddsVolume@7544ac86
2019-09-17 07:43:50,772 [main] INFO  volume.HddsVolumeChecker (HddsVolumeChecker.java:checkAllVolumes(202)) - Scheduled health check for volume org.apache.hadoop.ozone.container.common.volume.HddsVolume@7544ac86
2019-09-17 07:43:50,789 [main] INFO  impl.RaftServerProxy (ConfUtils.java:logGet(43)) - raft.rpc.type = GRPC (default)
2019-09-17 07:43:50,789 [main] INFO  grpc.GrpcFactory (GrpcFactory.java:checkPooledByteBufAllocatorUseCacheForAllThreads(45)) - PERFORMANCE WARNING: useCacheForAllThreads is true that may cause Netty to create a lot garbage objects and, as a result, trigger GC.
	It is recommended to disable useCacheForAllThreads by setting -Dorg.apache.ratis.thirdparty.io.netty.allocator.useCacheForAllThreads=false in command line.
2019-09-17 07:43:50,789 [main] INFO  grpc.GrpcConfigKeys$Server (ConfUtils.java:logGet(43)) - raft.grpc.server.port = 0 (default)
2019-09-17 07:43:50,789 [main] INFO  server.GrpcService (ConfUtils.java:logGet(43)) - raft.grpc.message.size.max = 33570816 (custom)
2019-09-17 07:43:50,790 [main] INFO  server.RaftServerConfigKeys (ConfUtils.java:logGet(43)) - raft.server.log.appender.buffer.byte-limit = 33554432 (custom)
2019-09-17 07:43:50,790 [main] INFO  server.GrpcService (ConfUtils.java:logGet(43)) - raft.grpc.flow.control.window = 1MB (=1048576) (default)
2019-09-17 07:43:50,790 [main] INFO  server.RaftServerConfigKeys (ConfUtils.java:logGet(43)) - raft.server.rpc.request.timeout = 3000ms (default)
2019-09-17 07:43:50,791 [main] INFO  server.RaftServerConfigKeys (ConfUtils.java:logGet(43)) - raft.server.storage.dir = [/workdir/hadoop-ozone/integration-test/target/test-dir/MiniOzoneClusterImpl-2856df08-3e92-4080-a2c9-ea03709d96bd/datanode-7/data/ratis] (custom)
2019-09-17 07:43:50,792 [main] INFO  hdfs.DFSUtil (DFSUtil.java:httpServerTemplateForNNAndJN(1641)) - Starting Web-server for hddsDatanode at: http://0.0.0.0:0
2019-09-17 07:43:50,794 [main] INFO  server.AuthenticationFilter (AuthenticationFilter.java:constructSecretProvider(240)) - Unable to initialize FileSignerSecretProvider, falling back to use random secrets.
2019-09-17 07:43:50,794 [main] WARN  http.HttpRequestLog (HttpRequestLog.java:getRequestLog(97)) - Jetty request log can only be enabled using Log4j
2019-09-17 07:43:50,796 [main] INFO  http.HttpServer2 (HttpServer2.java:addGlobalFilter(975)) - Added global filter 'safety' (class=org.apache.hadoop.http.HttpServer2$QuotingInputFilter)
2019-09-17 07:43:50,797 [main] INFO  http.HttpServer2 (HttpServer2.java:addFilter(948)) - Added filter static_user_filter (class=org.apache.hadoop.http.lib.StaticUserWebFilter$StaticUserFilter) to context hddsDatanode
2019-09-17 07:43:50,797 [main] INFO  http.HttpServer2 (HttpServer2.java:addFilter(958)) - Added filter static_user_filter (class=org.apache.hadoop.http.lib.StaticUserWebFilter$StaticUserFilter) to context logs
2019-09-17 07:43:50,797 [main] INFO  http.HttpServer2 (HttpServer2.java:addFilter(958)) - Added filter static_user_filter (class=org.apache.hadoop.http.lib.StaticUserWebFilter$StaticUserFilter) to context static
2019-09-17 07:43:50,798 [main] INFO  http.HttpServer2 (HttpServer2.java:bindListener(1191)) - Jetty bound to port 46400
2019-09-17 07:43:50,798 [main] INFO  server.Server (Server.java:doStart(351)) - jetty-9.3.24.v20180605, build timestamp: 2018-06-05T17:11:56Z, git hash: 84205aa28f11a4f31f2a3b86d1bba2cc8ab69827
2019-09-17 07:43:50,800 [main] INFO  handler.ContextHandler (ContextHandler.java:doStart(781)) - Started o.e.j.s.ServletContextHandler@75181b50{/logs,file:///workdir/hadoop-ozone/integration-test/target/log,AVAILABLE}
2019-09-17 07:43:50,801 [main] INFO  handler.ContextHandler (ContextHandler.java:doStart(781)) - Started o.e.j.s.ServletContextHandler@5f254608{/static,jar:file:/home/user/.m2/repository/org/apache/hadoop/hadoop-hdds-container-service/0.5.0-SNAPSHOT/hadoop-hdds-container-service-0.5.0-SNAPSHOT.jar!/webapps/static,AVAILABLE}
2019-09-17 07:43:50,830 [main] INFO  handler.ContextHandler (ContextHandler.java:doStart(781)) - Started o.e.j.w.WebAppContext@7e5843db{/,file:///tmp/jetty-0.0.0.0-46400-hddsDatanode-_-any-8657053113198537047.dir/webapp/,AVAILABLE}{/hddsDatanode}
2019-09-17 07:43:50,831 [main] INFO  server.AbstractConnector (AbstractConnector.java:doStart(278)) - Started ServerConnector@459f703f{HTTP/1.1,[http/1.1]}{0.0.0.0:46400}
2019-09-17 07:43:50,832 [main] INFO  server.Server (Server.java:doStart(419)) - Started @5674ms
2019-09-17 07:43:50,832 [main] WARN  impl.MetricsSystemImpl (MetricsSystemImpl.java:register(276)) - Sink prometheus already exists!
2019-09-17 07:43:50,833 [main] INFO  server.BaseHttpServer (BaseHttpServer.java:updateConnectorAddress(215)) - HTTP server of HDDSDATANODE is listening at http://0.0.0.0:46400
2019-09-17 07:43:50,833 [main] INFO  impl.MetricsSystemImpl (MetricsSystemImpl.java:init(158)) - HddsDatanode metrics system started (again)
2019-09-17 07:43:50,838 [org.apache.hadoop.util.JvmPauseMonitor$Monitor@69ddeb5a] INFO  util.JvmPauseMonitor (JvmPauseMonitor.java:run(188)) - Starting JVM pause monitor
2019-09-17 07:43:50,838 [main] INFO  ozone.HddsDatanodeService (HddsDatanodeService.java:start(184)) - HddsDatanodeService host:pr-hdds-2134-72wlk-3981800394 ip:192.168.151.112
2019-09-17 07:43:50,854 [Datanode State Machine Thread - 0] INFO  datanode.InitDatanodeState (InitDatanodeState.java:persistContainerDatanodeDetails(140)) - DatanodeDetails is persisted to /workdir/hadoop-ozone/integration-test/target/test-dir/MiniOzoneClusterImpl-2856df08-3e92-4080-a2c9-ea03709d96bd/datanode-7/meta/datanode.id
2019-09-17 07:43:50,858 [main] INFO  volume.HddsVolume (HddsVolume.java:<init>(176)) - Creating Volume: /workdir/hadoop-ozone/integration-test/target/test-dir/MiniOzoneClusterImpl-2856df08-3e92-4080-a2c9-ea03709d96bd/datanode-8/data/containers/hdds of  storage type : DISK and capacity : 1482555576320
2019-09-17 07:43:50,861 [main] INFO  volume.VolumeSet (VolumeSet.java:initializeVolumeSet(170)) - Added Volume : /workdir/hadoop-ozone/integration-test/target/test-dir/MiniOzoneClusterImpl-2856df08-3e92-4080-a2c9-ea03709d96bd/datanode-8/data/containers/hdds to VolumeSet
2019-09-17 07:43:50,861 [main] INFO  volume.ThrottledAsyncChecker (ThrottledAsyncChecker.java:schedule(139)) - Scheduling a check for org.apache.hadoop.ozone.container.common.volume.HddsVolume@5f2bd6d9
2019-09-17 07:43:50,862 [main] INFO  volume.HddsVolumeChecker (HddsVolumeChecker.java:checkAllVolumes(202)) - Scheduled health check for volume org.apache.hadoop.ozone.container.common.volume.HddsVolume@5f2bd6d9
2019-09-17 07:43:50,887 [main] INFO  impl.RaftServerProxy (ConfUtils.java:logGet(43)) - raft.rpc.type = GRPC (default)
2019-09-17 07:43:50,888 [main] INFO  grpc.GrpcFactory (GrpcFactory.java:checkPooledByteBufAllocatorUseCacheForAllThreads(45)) - PERFORMANCE WARNING: useCacheForAllThreads is true that may cause Netty to create a lot garbage objects and, as a result, trigger GC.
	It is recommended to disable useCacheForAllThreads by setting -Dorg.apache.ratis.thirdparty.io.netty.allocator.useCacheForAllThreads=false in command line.
2019-09-17 07:43:50,888 [main] INFO  grpc.GrpcConfigKeys$Server (ConfUtils.java:logGet(43)) - raft.grpc.server.port = 0 (default)
2019-09-17 07:43:50,888 [main] INFO  server.GrpcService (ConfUtils.java:logGet(43)) - raft.grpc.message.size.max = 33570816 (custom)
2019-09-17 07:43:50,889 [main] INFO  server.RaftServerConfigKeys (ConfUtils.java:logGet(43)) - raft.server.log.appender.buffer.byte-limit = 33554432 (custom)
2019-09-17 07:43:50,890 [main] INFO  server.GrpcService (ConfUtils.java:logGet(43)) - raft.grpc.flow.control.window = 1MB (=1048576) (default)
2019-09-17 07:43:50,890 [main] INFO  server.RaftServerConfigKeys (ConfUtils.java:logGet(43)) - raft.server.rpc.request.timeout = 3000ms (default)
2019-09-17 07:43:50,891 [main] INFO  server.RaftServerConfigKeys (ConfUtils.java:logGet(43)) - raft.server.storage.dir = [/workdir/hadoop-ozone/integration-test/target/test-dir/MiniOzoneClusterImpl-2856df08-3e92-4080-a2c9-ea03709d96bd/datanode-8/data/ratis] (custom)
2019-09-17 07:43:50,895 [main] INFO  hdfs.DFSUtil (DFSUtil.java:httpServerTemplateForNNAndJN(1641)) - Starting Web-server for hddsDatanode at: http://0.0.0.0:0
2019-09-17 07:43:50,897 [main] INFO  server.AuthenticationFilter (AuthenticationFilter.java:constructSecretProvider(240)) - Unable to initialize FileSignerSecretProvider, falling back to use random secrets.
2019-09-17 07:43:50,898 [main] WARN  http.HttpRequestLog (HttpRequestLog.java:getRequestLog(97)) - Jetty request log can only be enabled using Log4j
2019-09-17 07:43:50,901 [main] INFO  http.HttpServer2 (HttpServer2.java:addGlobalFilter(975)) - Added global filter 'safety' (class=org.apache.hadoop.http.HttpServer2$QuotingInputFilter)
2019-09-17 07:43:50,902 [main] INFO  http.HttpServer2 (HttpServer2.java:addFilter(948)) - Added filter static_user_filter (class=org.apache.hadoop.http.lib.StaticUserWebFilter$StaticUserFilter) to context hddsDatanode
2019-09-17 07:43:50,902 [main] INFO  http.HttpServer2 (HttpServer2.java:addFilter(958)) - Added filter static_user_filter (class=org.apache.hadoop.http.lib.StaticUserWebFilter$StaticUserFilter) to context static
2019-09-17 07:43:50,903 [main] INFO  http.HttpServer2 (HttpServer2.java:addFilter(958)) - Added filter static_user_filter (class=org.apache.hadoop.http.lib.StaticUserWebFilter$StaticUserFilter) to context logs
2019-09-17 07:43:50,904 [main] INFO  http.HttpServer2 (HttpServer2.java:bindListener(1191)) - Jetty bound to port 41035
2019-09-17 07:43:50,904 [main] INFO  server.Server (Server.java:doStart(351)) - jetty-9.3.24.v20180605, build timestamp: 2018-06-05T17:11:56Z, git hash: 84205aa28f11a4f31f2a3b86d1bba2cc8ab69827
2019-09-17 07:43:50,907 [main] INFO  handler.ContextHandler (ContextHandler.java:doStart(781)) - Started o.e.j.s.ServletContextHandler@2bc426f0{/logs,file:///workdir/hadoop-ozone/integration-test/target/log,AVAILABLE}
2019-09-17 07:43:50,908 [main] INFO  handler.ContextHandler (ContextHandler.java:doStart(781)) - Started o.e.j.s.ServletContextHandler@33425811{/static,jar:file:/home/user/.m2/repository/org/apache/hadoop/hadoop-hdds-container-service/0.5.0-SNAPSHOT/hadoop-hdds-container-service-0.5.0-SNAPSHOT.jar!/webapps/static,AVAILABLE}
2019-09-17 07:43:50,951 [main] INFO  handler.ContextHandler (ContextHandler.java:doStart(781)) - Started o.e.j.w.WebAppContext@70730db{/,file:///tmp/jetty-0.0.0.0-41035-hddsDatanode-_-any-8547868129946143047.dir/webapp/,AVAILABLE}{/hddsDatanode}
2019-09-17 07:43:50,953 [main] INFO  server.AbstractConnector (AbstractConnector.java:doStart(278)) - Started ServerConnector@5793b87{HTTP/1.1,[http/1.1]}{0.0.0.0:41035}
2019-09-17 07:43:50,953 [main] INFO  server.Server (Server.java:doStart(419)) - Started @5795ms
2019-09-17 07:43:50,953 [main] WARN  impl.MetricsSystemImpl (MetricsSystemImpl.java:register(276)) - Sink prometheus already exists!
2019-09-17 07:43:50,954 [main] INFO  server.BaseHttpServer (BaseHttpServer.java:updateConnectorAddress(215)) - HTTP server of HDDSDATANODE is listening at http://0.0.0.0:41035
2019-09-17 07:43:50,955 [main] INFO  impl.MetricsSystemImpl (MetricsSystemImpl.java:init(158)) - HddsDatanode metrics system started (again)
2019-09-17 07:43:50,960 [org.apache.hadoop.util.JvmPauseMonitor$Monitor@6e3a90ae] INFO  util.JvmPauseMonitor (JvmPauseMonitor.java:run(188)) - Starting JVM pause monitor
2019-09-17 07:43:50,961 [main] INFO  ozone.HddsDatanodeService (HddsDatanodeService.java:start(184)) - HddsDatanodeService host:pr-hdds-2134-72wlk-3981800394 ip:192.168.151.112
2019-09-17 07:43:50,964 [Datanode State Machine Thread - 0] INFO  datanode.InitDatanodeState (InitDatanodeState.java:persistContainerDatanodeDetails(140)) - DatanodeDetails is persisted to /workdir/hadoop-ozone/integration-test/target/test-dir/MiniOzoneClusterImpl-2856df08-3e92-4080-a2c9-ea03709d96bd/datanode-8/meta/datanode.id
2019-09-17 07:43:50,973 [main] INFO  volume.HddsVolume (HddsVolume.java:<init>(176)) - Creating Volume: /workdir/hadoop-ozone/integration-test/target/test-dir/MiniOzoneClusterImpl-2856df08-3e92-4080-a2c9-ea03709d96bd/datanode-9/data/containers/hdds of  storage type : DISK and capacity : 1482555576320
2019-09-17 07:43:50,973 [main] INFO  volume.VolumeSet (VolumeSet.java:initializeVolumeSet(170)) - Added Volume : /workdir/hadoop-ozone/integration-test/target/test-dir/MiniOzoneClusterImpl-2856df08-3e92-4080-a2c9-ea03709d96bd/datanode-9/data/containers/hdds to VolumeSet
2019-09-17 07:43:50,974 [main] INFO  volume.ThrottledAsyncChecker (ThrottledAsyncChecker.java:schedule(139)) - Scheduling a check for org.apache.hadoop.ozone.container.common.volume.HddsVolume@424de326
2019-09-17 07:43:50,974 [main] INFO  volume.HddsVolumeChecker (HddsVolumeChecker.java:checkAllVolumes(202)) - Scheduled health check for volume org.apache.hadoop.ozone.container.common.volume.HddsVolume@424de326
2019-09-17 07:43:50,992 [main] INFO  impl.RaftServerProxy (ConfUtils.java:logGet(43)) - raft.rpc.type = GRPC (default)
2019-09-17 07:43:50,993 [main] INFO  grpc.GrpcFactory (GrpcFactory.java:checkPooledByteBufAllocatorUseCacheForAllThreads(45)) - PERFORMANCE WARNING: useCacheForAllThreads is true that may cause Netty to create a lot garbage objects and, as a result, trigger GC.
	It is recommended to disable useCacheForAllThreads by setting -Dorg.apache.ratis.thirdparty.io.netty.allocator.useCacheForAllThreads=false in command line.
2019-09-17 07:43:50,993 [main] INFO  grpc.GrpcConfigKeys$Server (ConfUtils.java:logGet(43)) - raft.grpc.server.port = 0 (default)
2019-09-17 07:43:50,993 [main] INFO  server.GrpcService (ConfUtils.java:logGet(43)) - raft.grpc.message.size.max = 33570816 (custom)
2019-09-17 07:43:50,993 [main] INFO  server.RaftServerConfigKeys (ConfUtils.java:logGet(43)) - raft.server.log.appender.buffer.byte-limit = 33554432 (custom)
2019-09-17 07:43:50,994 [main] INFO  server.GrpcService (ConfUtils.java:logGet(43)) - raft.grpc.flow.control.window = 1MB (=1048576) (default)
2019-09-17 07:43:50,994 [main] INFO  server.RaftServerConfigKeys (ConfUtils.java:logGet(43)) - raft.server.rpc.request.timeout = 3000ms (default)
2019-09-17 07:43:50,995 [main] INFO  server.RaftServerConfigKeys (ConfUtils.java:logGet(43)) - raft.server.storage.dir = [/workdir/hadoop-ozone/integration-test/target/test-dir/MiniOzoneClusterImpl-2856df08-3e92-4080-a2c9-ea03709d96bd/datanode-9/data/ratis] (custom)
2019-09-17 07:43:50,997 [main] INFO  hdfs.DFSUtil (DFSUtil.java:httpServerTemplateForNNAndJN(1641)) - Starting Web-server for hddsDatanode at: http://0.0.0.0:0
2019-09-17 07:43:50,999 [main] INFO  server.AuthenticationFilter (AuthenticationFilter.java:constructSecretProvider(240)) - Unable to initialize FileSignerSecretProvider, falling back to use random secrets.
2019-09-17 07:43:51,000 [main] WARN  http.HttpRequestLog (HttpRequestLog.java:getRequestLog(97)) - Jetty request log can only be enabled using Log4j
2019-09-17 07:43:51,002 [main] INFO  http.HttpServer2 (HttpServer2.java:addGlobalFilter(975)) - Added global filter 'safety' (class=org.apache.hadoop.http.HttpServer2$QuotingInputFilter)
2019-09-17 07:43:51,003 [main] INFO  http.HttpServer2 (HttpServer2.java:addFilter(948)) - Added filter static_user_filter (class=org.apache.hadoop.http.lib.StaticUserWebFilter$StaticUserFilter) to context hddsDatanode
2019-09-17 07:43:51,004 [main] INFO  http.HttpServer2 (HttpServer2.java:addFilter(958)) - Added filter static_user_filter (class=org.apache.hadoop.http.lib.StaticUserWebFilter$StaticUserFilter) to context logs
2019-09-17 07:43:51,004 [main] INFO  http.HttpServer2 (HttpServer2.java:addFilter(958)) - Added filter static_user_filter (class=org.apache.hadoop.http.lib.StaticUserWebFilter$StaticUserFilter) to context static
2019-09-17 07:43:51,005 [main] INFO  http.HttpServer2 (HttpServer2.java:bindListener(1191)) - Jetty bound to port 43900
2019-09-17 07:43:51,006 [main] INFO  server.Server (Server.java:doStart(351)) - jetty-9.3.24.v20180605, build timestamp: 2018-06-05T17:11:56Z, git hash: 84205aa28f11a4f31f2a3b86d1bba2cc8ab69827
2019-09-17 07:43:51,008 [main] INFO  handler.ContextHandler (ContextHandler.java:doStart(781)) - Started o.e.j.s.ServletContextHandler@53c6f96d{/logs,file:///workdir/hadoop-ozone/integration-test/target/log,AVAILABLE}
2019-09-17 07:43:51,009 [main] INFO  handler.ContextHandler (ContextHandler.java:doStart(781)) - Started o.e.j.s.ServletContextHandler@4364712f{/static,jar:file:/home/user/.m2/repository/org/apache/hadoop/hadoop-hdds-container-service/0.5.0-SNAPSHOT/hadoop-hdds-container-service-0.5.0-SNAPSHOT.jar!/webapps/static,AVAILABLE}
2019-09-17 07:43:51,052 [main] INFO  handler.ContextHandler (ContextHandler.java:doStart(781)) - Started o.e.j.w.WebAppContext@3f736a16{/,file:///tmp/jetty-0.0.0.0-43900-hddsDatanode-_-any-7658896545090715200.dir/webapp/,AVAILABLE}{/hddsDatanode}
2019-09-17 07:43:51,054 [main] INFO  server.AbstractConnector (AbstractConnector.java:doStart(278)) - Started ServerConnector@4601203a{HTTP/1.1,[http/1.1]}{0.0.0.0:43900}
2019-09-17 07:43:51,054 [main] INFO  server.Server (Server.java:doStart(419)) - Started @5896ms
2019-09-17 07:43:51,054 [main] WARN  impl.MetricsSystemImpl (MetricsSystemImpl.java:register(276)) - Sink prometheus already exists!
2019-09-17 07:43:51,055 [main] INFO  server.BaseHttpServer (BaseHttpServer.java:updateConnectorAddress(215)) - HTTP server of HDDSDATANODE is listening at http://0.0.0.0:43900
2019-09-17 07:43:51,059 [main] INFO  ozone.MiniOzoneClusterImpl (MiniOzoneClusterImpl.java:lambda$waitForClusterToBeReady$0(145)) - Waiting for cluster to be ready. Got 0 of 10 DN Heartbeats.
2019-09-17 07:43:51,059 [org.apache.hadoop.util.JvmPauseMonitor$Monitor@18ea6591] INFO  util.JvmPauseMonitor (JvmPauseMonitor.java:run(188)) - Starting JVM pause monitor
2019-09-17 07:43:51,063 [Datanode State Machine Thread - 0] INFO  datanode.InitDatanodeState (InitDatanodeState.java:persistContainerDatanodeDetails(140)) - DatanodeDetails is persisted to /workdir/hadoop-ozone/integration-test/target/test-dir/MiniOzoneClusterImpl-2856df08-3e92-4080-a2c9-ea03709d96bd/datanode-9/meta/datanode.id
2019-09-17 07:43:52,059 [main] INFO  ozone.MiniOzoneClusterImpl (MiniOzoneClusterImpl.java:lambda$waitForClusterToBeReady$0(145)) - Waiting for cluster to be ready. Got 0 of 10 DN Heartbeats.
2019-09-17 07:43:52,336 [Datanode State Machine Thread - 0] INFO  ozoneimpl.OzoneContainer (OzoneContainer.java:start(217)) - Attempting to start container services.
2019-09-17 07:43:52,342 [Datanode State Machine Thread - 0] INFO  ozoneimpl.OzoneContainer (OzoneContainer.java:startContainerScrub(179)) - Background container scanner has been disabled.
2019-09-17 07:43:52,343 [Datanode State Machine Thread - 0] INFO  ratis.XceiverServerRatis (XceiverServerRatis.java:start(411)) - Starting XceiverServerRatis 193495bf-c496-4e24-ad0b-455843e1a269 at port 0
2019-09-17 07:43:52,349 [Datanode State Machine Thread - 0] INFO  ozoneimpl.OzoneContainer (OzoneContainer.java:start(217)) - Attempting to start container services.
2019-09-17 07:43:52,358 [Datanode State Machine Thread - 0] INFO  ozoneimpl.OzoneContainer (OzoneContainer.java:startContainerScrub(179)) - Background container scanner has been disabled.
2019-09-17 07:43:52,358 [Datanode State Machine Thread - 0] INFO  ratis.XceiverServerRatis (XceiverServerRatis.java:start(411)) - Starting XceiverServerRatis fd1a6a38-1d12-46a9-943d-422a00bbff87 at port 0
2019-09-17 07:43:52,376 [Datanode State Machine Thread - 0] INFO  impl.RaftServerProxy (RaftServerProxy.java:lambda$start$3(299)) - 193495bf-c496-4e24-ad0b-455843e1a269: start RPC server
2019-09-17 07:43:52,376 [Datanode State Machine Thread - 0] INFO  impl.RaftServerProxy (RaftServerProxy.java:lambda$start$3(299)) - fd1a6a38-1d12-46a9-943d-422a00bbff87: start RPC server
2019-09-17 07:43:52,433 [Datanode State Machine Thread - 0] INFO  ozoneimpl.OzoneContainer (OzoneContainer.java:start(217)) - Attempting to start container services.
2019-09-17 07:43:52,433 [Datanode State Machine Thread - 0] INFO  ozoneimpl.OzoneContainer (OzoneContainer.java:startContainerScrub(179)) - Background container scanner has been disabled.
2019-09-17 07:43:52,433 [Datanode State Machine Thread - 0] INFO  ratis.XceiverServerRatis (XceiverServerRatis.java:start(411)) - Starting XceiverServerRatis df3f7b97-e0a2-4b7a-b613-50634e06cc54 at port 0
2019-09-17 07:43:52,443 [Datanode State Machine Thread - 0] INFO  impl.RaftServerProxy (RaftServerProxy.java:lambda$start$3(299)) - df3f7b97-e0a2-4b7a-b613-50634e06cc54: start RPC server
2019-09-17 07:43:52,505 [Datanode State Machine Thread - 0] INFO  ozoneimpl.OzoneContainer (OzoneContainer.java:start(217)) - Attempting to start container services.
2019-09-17 07:43:52,506 [Datanode State Machine Thread - 0] INFO  ozoneimpl.OzoneContainer (OzoneContainer.java:startContainerScrub(179)) - Background container scanner has been disabled.
2019-09-17 07:43:52,507 [Datanode State Machine Thread - 0] INFO  ratis.XceiverServerRatis (XceiverServerRatis.java:start(411)) - Starting XceiverServerRatis 9cc127b6-6322-4ddd-ad35-07c34665999c at port 0
2019-09-17 07:43:52,532 [Datanode State Machine Thread - 0] INFO  impl.RaftServerProxy (RaftServerProxy.java:lambda$start$3(299)) - 9cc127b6-6322-4ddd-ad35-07c34665999c: start RPC server
2019-09-17 07:43:52,541 [Datanode State Machine Thread - 0] INFO  server.GrpcService (GrpcService.java:startImpl(158)) - 193495bf-c496-4e24-ad0b-455843e1a269: GrpcService started, listening on 0.0.0.0/0.0.0.0:44913
2019-09-17 07:43:52,541 [Datanode State Machine Thread - 0] INFO  server.GrpcService (GrpcService.java:startImpl(158)) - fd1a6a38-1d12-46a9-943d-422a00bbff87: GrpcService started, listening on 0.0.0.0/0.0.0.0:35309
2019-09-17 07:43:52,543 [Datanode State Machine Thread - 0] INFO  ratis.XceiverServerRatis (XceiverServerRatis.java:start(421)) - XceiverServerRatis 193495bf-c496-4e24-ad0b-455843e1a269 is started using port 44913
2019-09-17 07:43:52,541 [Datanode State Machine Thread - 0] INFO  server.GrpcService (GrpcService.java:startImpl(158)) - df3f7b97-e0a2-4b7a-b613-50634e06cc54: GrpcService started, listening on 0.0.0.0/0.0.0.0:33091
2019-09-17 07:43:52,541 [Datanode State Machine Thread - 0] INFO  server.GrpcService (GrpcService.java:startImpl(158)) - 9cc127b6-6322-4ddd-ad35-07c34665999c: GrpcService started, listening on 0.0.0.0/0.0.0.0:43030
2019-09-17 07:43:52,543 [Datanode State Machine Thread - 0] INFO  ratis.XceiverServerRatis (XceiverServerRatis.java:start(421)) - XceiverServerRatis df3f7b97-e0a2-4b7a-b613-50634e06cc54 is started using port 33091
2019-09-17 07:43:52,543 [Datanode State Machine Thread - 0] INFO  ratis.XceiverServerRatis (XceiverServerRatis.java:start(421)) - XceiverServerRatis fd1a6a38-1d12-46a9-943d-422a00bbff87 is started using port 35309
2019-09-17 07:43:52,543 [Datanode State Machine Thread - 0] INFO  ratis.XceiverServerRatis (XceiverServerRatis.java:start(421)) - XceiverServerRatis 9cc127b6-6322-4ddd-ad35-07c34665999c is started using port 43030
2019-09-17 07:43:52,555 [Datanode State Machine Thread - 0] INFO  server.XceiverServerGrpc (XceiverServerGrpc.java:start(163)) - XceiverServerGrpc 193495bf-c496-4e24-ad0b-455843e1a269 is started using port 36461
2019-09-17 07:43:52,557 [Datanode State Machine Thread - 0] INFO  server.XceiverServerGrpc (XceiverServerGrpc.java:start(163)) - XceiverServerGrpc fd1a6a38-1d12-46a9-943d-422a00bbff87 is started using port 44502
2019-09-17 07:43:52,557 [Datanode State Machine Thread - 0] INFO  server.XceiverServerGrpc (XceiverServerGrpc.java:start(163)) - XceiverServerGrpc 9cc127b6-6322-4ddd-ad35-07c34665999c is started using port 43584
2019-09-17 07:43:52,555 [Datanode State Machine Thread - 0] INFO  server.XceiverServerGrpc (XceiverServerGrpc.java:start(163)) - XceiverServerGrpc df3f7b97-e0a2-4b7a-b613-50634e06cc54 is started using port 38776
2019-09-17 07:43:52,581 [Datanode State Machine Thread - 0] INFO  ozoneimpl.OzoneContainer (OzoneContainer.java:start(217)) - Attempting to start container services.
2019-09-17 07:43:52,581 [Datanode State Machine Thread - 0] INFO  ozoneimpl.OzoneContainer (OzoneContainer.java:startContainerScrub(179)) - Background container scanner has been disabled.
2019-09-17 07:43:52,581 [Datanode State Machine Thread - 0] INFO  ratis.XceiverServerRatis (XceiverServerRatis.java:start(411)) - Starting XceiverServerRatis 96d93dec-e435-44d3-a97f-c1954b993e4b at port 0
2019-09-17 07:43:52,588 [Datanode State Machine Thread - 0] INFO  impl.RaftServerProxy (RaftServerProxy.java:lambda$start$3(299)) - 96d93dec-e435-44d3-a97f-c1954b993e4b: start RPC server
2019-09-17 07:43:52,591 [Datanode State Machine Thread - 0] INFO  server.GrpcService (GrpcService.java:startImpl(158)) - 96d93dec-e435-44d3-a97f-c1954b993e4b: GrpcService started, listening on 0.0.0.0/0.0.0.0:39352
2019-09-17 07:43:52,591 [Datanode State Machine Thread - 0] INFO  ratis.XceiverServerRatis (XceiverServerRatis.java:start(421)) - XceiverServerRatis 96d93dec-e435-44d3-a97f-c1954b993e4b is started using port 39352
2019-09-17 07:43:52,595 [Datanode State Machine Thread - 0] INFO  server.XceiverServerGrpc (XceiverServerGrpc.java:start(163)) - XceiverServerGrpc 96d93dec-e435-44d3-a97f-c1954b993e4b is started using port 40668
2019-09-17 07:43:52,688 [Datanode State Machine Thread - 0] INFO  ozoneimpl.OzoneContainer (OzoneContainer.java:start(217)) - Attempting to start container services.
2019-09-17 07:43:52,689 [Datanode State Machine Thread - 0] INFO  ozoneimpl.OzoneContainer (OzoneContainer.java:startContainerScrub(179)) - Background container scanner has been disabled.
2019-09-17 07:43:52,689 [Datanode State Machine Thread - 0] INFO  ratis.XceiverServerRatis (XceiverServerRatis.java:start(411)) - Starting XceiverServerRatis cca845ef-daa9-4965-b848-0a1a0c80ebf1 at port 0
2019-09-17 07:43:52,698 [Datanode State Machine Thread - 0] INFO  impl.RaftServerProxy (RaftServerProxy.java:lambda$start$3(299)) - cca845ef-daa9-4965-b848-0a1a0c80ebf1: start RPC server
2019-09-17 07:43:52,702 [Datanode State Machine Thread - 0] INFO  server.GrpcService (GrpcService.java:startImpl(158)) - cca845ef-daa9-4965-b848-0a1a0c80ebf1: GrpcService started, listening on 0.0.0.0/0.0.0.0:45232
2019-09-17 07:43:52,703 [Datanode State Machine Thread - 0] INFO  ratis.XceiverServerRatis (XceiverServerRatis.java:start(421)) - XceiverServerRatis cca845ef-daa9-4965-b848-0a1a0c80ebf1 is started using port 45232
2019-09-17 07:43:52,707 [Datanode State Machine Thread - 0] INFO  server.XceiverServerGrpc (XceiverServerGrpc.java:start(163)) - XceiverServerGrpc cca845ef-daa9-4965-b848-0a1a0c80ebf1 is started using port 36257
2019-09-17 07:43:52,787 [Datanode State Machine Thread - 0] INFO  ozoneimpl.OzoneContainer (OzoneContainer.java:start(217)) - Attempting to start container services.
2019-09-17 07:43:52,787 [Datanode State Machine Thread - 0] INFO  ozoneimpl.OzoneContainer (OzoneContainer.java:startContainerScrub(179)) - Background container scanner has been disabled.
2019-09-17 07:43:52,787 [Datanode State Machine Thread - 0] INFO  ratis.XceiverServerRatis (XceiverServerRatis.java:start(411)) - Starting XceiverServerRatis a6514a8e-6408-4ac6-93dd-a0b43c53a9d5 at port 0
2019-09-17 07:43:52,794 [Datanode State Machine Thread - 0] INFO  impl.RaftServerProxy (RaftServerProxy.java:lambda$start$3(299)) - a6514a8e-6408-4ac6-93dd-a0b43c53a9d5: start RPC server
2019-09-17 07:43:52,799 [Datanode State Machine Thread - 0] INFO  server.GrpcService (GrpcService.java:startImpl(158)) - a6514a8e-6408-4ac6-93dd-a0b43c53a9d5: GrpcService started, listening on 0.0.0.0/0.0.0.0:43664
2019-09-17 07:43:52,800 [Datanode State Machine Thread - 0] INFO  ratis.XceiverServerRatis (XceiverServerRatis.java:start(421)) - XceiverServerRatis a6514a8e-6408-4ac6-93dd-a0b43c53a9d5 is started using port 43664
2019-09-17 07:43:52,804 [Datanode State Machine Thread - 0] INFO  server.XceiverServerGrpc (XceiverServerGrpc.java:start(163)) - XceiverServerGrpc a6514a8e-6408-4ac6-93dd-a0b43c53a9d5 is started using port 34983
2019-09-17 07:43:52,854 [Datanode State Machine Thread - 0] INFO  ozoneimpl.OzoneContainer (OzoneContainer.java:start(217)) - Attempting to start container services.
2019-09-17 07:43:52,854 [Datanode State Machine Thread - 0] INFO  ozoneimpl.OzoneContainer (OzoneContainer.java:startContainerScrub(179)) - Background container scanner has been disabled.
2019-09-17 07:43:52,855 [Datanode State Machine Thread - 0] INFO  ratis.XceiverServerRatis (XceiverServerRatis.java:start(411)) - Starting XceiverServerRatis 0f7bb9d9-5139-4852-be99-380e1bc1143c at port 0
2019-09-17 07:43:52,861 [Datanode State Machine Thread - 0] INFO  impl.RaftServerProxy (RaftServerProxy.java:lambda$start$3(299)) - 0f7bb9d9-5139-4852-be99-380e1bc1143c: start RPC server
2019-09-17 07:43:52,866 [Datanode State Machine Thread - 0] INFO  server.GrpcService (GrpcService.java:startImpl(158)) - 0f7bb9d9-5139-4852-be99-380e1bc1143c: GrpcService started, listening on 0.0.0.0/0.0.0.0:33997
2019-09-17 07:43:52,866 [Datanode State Machine Thread - 0] INFO  ratis.XceiverServerRatis (XceiverServerRatis.java:start(421)) - XceiverServerRatis 0f7bb9d9-5139-4852-be99-380e1bc1143c is started using port 33997
2019-09-17 07:43:52,871 [Datanode State Machine Thread - 0] INFO  server.XceiverServerGrpc (XceiverServerGrpc.java:start(163)) - XceiverServerGrpc 0f7bb9d9-5139-4852-be99-380e1bc1143c is started using port 44874
2019-09-17 07:43:52,979 [Datanode State Machine Thread - 0] INFO  ozoneimpl.OzoneContainer (OzoneContainer.java:start(217)) - Attempting to start container services.
2019-09-17 07:43:52,979 [Datanode State Machine Thread - 0] INFO  ozoneimpl.OzoneContainer (OzoneContainer.java:startContainerScrub(179)) - Background container scanner has been disabled.
2019-09-17 07:43:52,979 [Datanode State Machine Thread - 0] INFO  ratis.XceiverServerRatis (XceiverServerRatis.java:start(411)) - Starting XceiverServerRatis 6a48daa3-10a7-4dcf-835e-de50be54fa2c at port 0
2019-09-17 07:43:52,987 [Datanode State Machine Thread - 0] INFO  impl.RaftServerProxy (RaftServerProxy.java:lambda$start$3(299)) - 6a48daa3-10a7-4dcf-835e-de50be54fa2c: start RPC server
2019-09-17 07:43:52,993 [Datanode State Machine Thread - 0] INFO  server.GrpcService (GrpcService.java:startImpl(158)) - 6a48daa3-10a7-4dcf-835e-de50be54fa2c: GrpcService started, listening on 0.0.0.0/0.0.0.0:37061
2019-09-17 07:43:52,993 [Datanode State Machine Thread - 0] INFO  ratis.XceiverServerRatis (XceiverServerRatis.java:start(421)) - XceiverServerRatis 6a48daa3-10a7-4dcf-835e-de50be54fa2c is started using port 37061
2019-09-17 07:43:52,999 [Datanode State Machine Thread - 0] INFO  server.XceiverServerGrpc (XceiverServerGrpc.java:start(163)) - XceiverServerGrpc 6a48daa3-10a7-4dcf-835e-de50be54fa2c is started using port 42961
2019-09-17 07:43:53,063 [main] INFO  ozone.MiniOzoneClusterImpl (MiniOzoneClusterImpl.java:lambda$waitForClusterToBeReady$0(145)) - Waiting for cluster to be ready. Got 0 of 10 DN Heartbeats.
2019-09-17 07:43:53,075 [Datanode State Machine Thread - 0] INFO  ozoneimpl.OzoneContainer (OzoneContainer.java:start(217)) - Attempting to start container services.
2019-09-17 07:43:53,075 [Datanode State Machine Thread - 0] INFO  ozoneimpl.OzoneContainer (OzoneContainer.java:startContainerScrub(179)) - Background container scanner has been disabled.
2019-09-17 07:43:53,076 [Datanode State Machine Thread - 0] INFO  ratis.XceiverServerRatis (XceiverServerRatis.java:start(411)) - Starting XceiverServerRatis 07d4361b-7c4c-4556-bca6-aef62f6805c3 at port 0
2019-09-17 07:43:53,083 [Datanode State Machine Thread - 0] INFO  impl.RaftServerProxy (RaftServerProxy.java:lambda$start$3(299)) - 07d4361b-7c4c-4556-bca6-aef62f6805c3: start RPC server
2019-09-17 07:43:53,099 [Datanode State Machine Thread - 0] INFO  server.GrpcService (GrpcService.java:startImpl(158)) - 07d4361b-7c4c-4556-bca6-aef62f6805c3: GrpcService started, listening on 0.0.0.0/0.0.0.0:33018
2019-09-17 07:43:53,100 [Datanode State Machine Thread - 0] INFO  ratis.XceiverServerRatis (XceiverServerRatis.java:start(421)) - XceiverServerRatis 07d4361b-7c4c-4556-bca6-aef62f6805c3 is started using port 33018
2019-09-17 07:43:53,121 [Datanode State Machine Thread - 0] INFO  server.XceiverServerGrpc (XceiverServerGrpc.java:start(163)) - XceiverServerGrpc 07d4361b-7c4c-4556-bca6-aef62f6805c3 is started using port 46156
2019-09-17 07:43:54,064 [main] INFO  ozone.MiniOzoneClusterImpl (MiniOzoneClusterImpl.java:lambda$waitForClusterToBeReady$0(145)) - Waiting for cluster to be ready. Got 0 of 10 DN Heartbeats.
2019-09-17 07:43:54,301 [IPC Server handler 2 on 46879] INFO  net.NetworkTopology (NetworkTopologyImpl.java:add(110)) - Added a new node: /default-rack/193495bf-c496-4e24-ad0b-455843e1a269
2019-09-17 07:43:54,301 [IPC Server handler 2 on 46879] INFO  node.SCMNodeManager (SCMNodeManager.java:register(266)) - Registered Data node : 193495bf-c496-4e24-ad0b-455843e1a269{ip: 192.168.151.112, host: pr-hdds-2134-72wlk-3981800394, networkLocation: /default-rack, certSerialId: null}
2019-09-17 07:43:54,309 [EventQueue-NodeRegistrationContainerReportForDataNodeSafeModeRule] INFO  safemode.SCMSafeModeManager (DataNodeSafeModeRule.java:process(71)) - SCM in safe mode. 1 DataNodes registered, 1 required.
2019-09-17 07:43:54,309 [EventQueue-NodeRegistrationContainerReportForDataNodeSafeModeRule] INFO  safemode.SCMSafeModeManager (SCMSafeModeManager.java:validateSafeModeExitRules(177)) - ScmSafeModeManager, all rules are successfully validated
2019-09-17 07:43:54,310 [EventQueue-NodeRegistrationContainerReportForDataNodeSafeModeRule] INFO  safemode.SCMSafeModeManager (SCMSafeModeManager.java:exitSafeMode(193)) - SCM exiting safe mode.
2019-09-17 07:43:54,337 [IPC Server handler 6 on 46879] INFO  net.NetworkTopology (NetworkTopologyImpl.java:add(110)) - Added a new node: /default-rack/fd1a6a38-1d12-46a9-943d-422a00bbff87
2019-09-17 07:43:54,338 [IPC Server handler 6 on 46879] INFO  node.SCMNodeManager (SCMNodeManager.java:register(266)) - Registered Data node : fd1a6a38-1d12-46a9-943d-422a00bbff87{ip: 192.168.151.112, host: pr-hdds-2134-72wlk-3981800394, networkLocation: /default-rack, certSerialId: null}
2019-09-17 07:43:54,422 [IPC Server handler 5 on 46879] INFO  net.NetworkTopology (NetworkTopologyImpl.java:add(110)) - Added a new node: /default-rack/df3f7b97-e0a2-4b7a-b613-50634e06cc54
2019-09-17 07:43:54,422 [IPC Server handler 5 on 46879] INFO  node.SCMNodeManager (SCMNodeManager.java:register(266)) - Registered Data node : df3f7b97-e0a2-4b7a-b613-50634e06cc54{ip: 192.168.151.112, host: pr-hdds-2134-72wlk-3981800394, networkLocation: /default-rack, certSerialId: null}
2019-09-17 07:43:54,494 [IPC Server handler 8 on 46879] INFO  net.NetworkTopology (NetworkTopologyImpl.java:add(110)) - Added a new node: /default-rack/9cc127b6-6322-4ddd-ad35-07c34665999c
2019-09-17 07:43:54,494 [IPC Server handler 8 on 46879] INFO  node.SCMNodeManager (SCMNodeManager.java:register(266)) - Registered Data node : 9cc127b6-6322-4ddd-ad35-07c34665999c{ip: 192.168.151.112, host: pr-hdds-2134-72wlk-3981800394, networkLocation: /default-rack, certSerialId: null}
2019-09-17 07:43:54,570 [IPC Server handler 3 on 46879] INFO  net.NetworkTopology (NetworkTopologyImpl.java:add(110)) - Added a new node: /default-rack/96d93dec-e435-44d3-a97f-c1954b993e4b
2019-09-17 07:43:54,570 [IPC Server handler 3 on 46879] INFO  node.SCMNodeManager (SCMNodeManager.java:register(266)) - Registered Data node : 96d93dec-e435-44d3-a97f-c1954b993e4b{ip: 192.168.151.112, host: pr-hdds-2134-72wlk-3981800394, networkLocation: /default-rack, certSerialId: null}
2019-09-17 07:43:54,675 [IPC Server handler 4 on 46879] INFO  net.NetworkTopology (NetworkTopologyImpl.java:add(110)) - Added a new node: /default-rack/cca845ef-daa9-4965-b848-0a1a0c80ebf1
2019-09-17 07:43:54,675 [IPC Server handler 4 on 46879] INFO  node.SCMNodeManager (SCMNodeManager.java:register(266)) - Registered Data node : cca845ef-daa9-4965-b848-0a1a0c80ebf1{ip: 192.168.151.112, host: pr-hdds-2134-72wlk-3981800394, networkLocation: /default-rack, certSerialId: null}
2019-09-17 07:43:54,793 [IPC Server handler 9 on 46879] INFO  net.NetworkTopology (NetworkTopologyImpl.java:add(110)) - Added a new node: /default-rack/a6514a8e-6408-4ac6-93dd-a0b43c53a9d5
2019-09-17 07:43:54,793 [IPC Server handler 9 on 46879] INFO  node.SCMNodeManager (SCMNodeManager.java:register(266)) - Registered Data node : a6514a8e-6408-4ac6-93dd-a0b43c53a9d5{ip: 192.168.151.112, host: pr-hdds-2134-72wlk-3981800394, networkLocation: /default-rack, certSerialId: null}
2019-09-17 07:43:54,842 [IPC Server handler 7 on 46879] INFO  net.NetworkTopology (NetworkTopologyImpl.java:add(110)) - Added a new node: /default-rack/0f7bb9d9-5139-4852-be99-380e1bc1143c
2019-09-17 07:43:54,842 [IPC Server handler 7 on 46879] INFO  node.SCMNodeManager (SCMNodeManager.java:register(266)) - Registered Data node : 0f7bb9d9-5139-4852-be99-380e1bc1143c{ip: 192.168.151.112, host: pr-hdds-2134-72wlk-3981800394, networkLocation: /default-rack, certSerialId: null}
2019-09-17 07:43:54,966 [IPC Server handler 0 on 46879] INFO  net.NetworkTopology (NetworkTopologyImpl.java:add(110)) - Added a new node: /default-rack/6a48daa3-10a7-4dcf-835e-de50be54fa2c
2019-09-17 07:43:54,967 [IPC Server handler 0 on 46879] INFO  node.SCMNodeManager (SCMNodeManager.java:register(266)) - Registered Data node : 6a48daa3-10a7-4dcf-835e-de50be54fa2c{ip: 192.168.151.112, host: pr-hdds-2134-72wlk-3981800394, networkLocation: /default-rack, certSerialId: null}
2019-09-17 07:43:54,997 [grpc-default-executor-0] INFO  impl.RaftServerProxy (RaftServerProxy.java:addNew(89)) - 193495bf-c496-4e24-ad0b-455843e1a269: addNew group-0739475C793C:[193495bf-c496-4e24-ad0b-455843e1a269:192.168.151.112:44913] returns group-0739475C793C:java.util.concurrent.CompletableFuture@2ed944a0[Not completed]
2019-09-17 07:43:55,030 [pool-27-thread-1] INFO  impl.RaftServerImpl (RaftServerImpl.java:<init>(95)) - 193495bf-c496-4e24-ad0b-455843e1a269: new RaftServerImpl for group-0739475C793C:[193495bf-c496-4e24-ad0b-455843e1a269:192.168.151.112:44913] with ContainerStateMachine:uninitialized
2019-09-17 07:43:55,033 [pool-27-thread-1] INFO  server.RaftServerConfigKeys (ConfUtils.java:logGet(43)) - raft.server.rpc.timeout.min = 1s (custom)
2019-09-17 07:43:55,035 [pool-27-thread-1] INFO  server.RaftServerConfigKeys (ConfUtils.java:logGet(43)) - raft.server.rpc.timeout.max = 1200ms (custom)
2019-09-17 07:43:55,035 [pool-27-thread-1] INFO  server.RaftServerConfigKeys (ConfUtils.java:logGet(43)) - raft.server.rpcslowness.timeout = 120s (custom)
2019-09-17 07:43:55,036 [pool-27-thread-1] INFO  server.RaftServerConfigKeys (ConfUtils.java:logGet(43)) - raft.server.sleep.deviation.threshold = 300 (default)
2019-09-17 07:43:55,037 [pool-27-thread-1] INFO  server.RaftServerConfigKeys (ConfUtils.java:logGet(43)) - raft.server.log.appender.install.snapshot.enabled = false (custom)
2019-09-17 07:43:55,048 [pool-27-thread-1] INFO  impl.RaftServerImpl (ServerState.java:<init>(103)) - 193495bf-c496-4e24-ad0b-455843e1a269@group-0739475C793C: ConfigurationManager, init=-1: [193495bf-c496-4e24-ad0b-455843e1a269:192.168.151.112:44913], old=null, confs=<EMPTY_MAP>
2019-09-17 07:43:55,048 [pool-27-thread-1] INFO  server.RaftServerConfigKeys (ConfUtils.java:logGet(43)) - raft.server.storage.dir = [/workdir/hadoop-ozone/integration-test/target/test-dir/MiniOzoneClusterImpl-2856df08-3e92-4080-a2c9-ea03709d96bd/datanode-0/data/ratis] (custom)
2019-09-17 07:43:55,058 [pool-27-thread-1] INFO  storage.RaftStorageDirectory (RaftStorageDirectory.java:analyzeStorage(246)) - The storage directory /workdir/hadoop-ozone/integration-test/target/test-dir/MiniOzoneClusterImpl-2856df08-3e92-4080-a2c9-ea03709d96bd/datanode-0/data/ratis/c525683c-4906-478d-816f-0739475c793c does not exist. Creating ...
2019-09-17 07:43:55,067 [main] INFO  ozone.MiniOzoneClusterImpl (MiniOzoneClusterImpl.java:lambda$waitForClusterToBeReady$0(145)) - Waiting for cluster to be ready. Got 9 of 10 DN Heartbeats.
2019-09-17 07:43:55,076 [IPC Server handler 2 on 46879] INFO  net.NetworkTopology (NetworkTopologyImpl.java:add(110)) - Added a new node: /default-rack/07d4361b-7c4c-4556-bca6-aef62f6805c3
2019-09-17 07:43:55,076 [IPC Server handler 2 on 46879] INFO  node.SCMNodeManager (SCMNodeManager.java:register(266)) - Registered Data node : 07d4361b-7c4c-4556-bca6-aef62f6805c3{ip: 192.168.151.112, host: pr-hdds-2134-72wlk-3981800394, networkLocation: /default-rack, certSerialId: null}
2019-09-17 07:43:55,092 [pool-27-thread-1] INFO  storage.RaftStorageDirectory (RaftStorageDirectory.java:tryLock(328)) - Lock on /workdir/hadoop-ozone/integration-test/target/test-dir/MiniOzoneClusterImpl-2856df08-3e92-4080-a2c9-ea03709d96bd/datanode-0/data/ratis/c525683c-4906-478d-816f-0739475c793c/in_use.lock acquired by nodename 12626@pr-hdds-2134-72wlk-3981800394
2019-09-17 07:43:55,108 [pool-27-thread-1] INFO  storage.RaftStorage (RaftStorage.java:format(72)) - Storage directory /workdir/hadoop-ozone/integration-test/target/test-dir/MiniOzoneClusterImpl-2856df08-3e92-4080-a2c9-ea03709d96bd/datanode-0/data/ratis/c525683c-4906-478d-816f-0739475c793c has been successfully formatted.
2019-09-17 07:43:55,111 [pool-27-thread-1] INFO  ratis.ContainerStateMachine (ContainerStateMachine.java:loadSnapshot(230)) - group-0739475C793C: The snapshot info is null. Setting the last applied indexto:(t:0, i:~)
2019-09-17 07:43:55,111 [pool-27-thread-1] INFO  server.RaftServerConfigKeys (ConfUtils.java:logGet(43)) - raft.server.notification.no-leader.timeout = 120s (custom)
2019-09-17 07:43:55,114 [pool-27-thread-1] INFO  server.RaftServerConfigKeys (ConfUtils.java:logGet(43)) - raft.server.log.use.memory = false (default)
2019-09-17 07:43:55,121 [pool-27-thread-1] INFO  server.RaftServerConfigKeys (ConfUtils.java:logGet(43)) - raft.server.log.purge.gap = 1000000 (custom)
2019-09-17 07:43:55,121 [pool-27-thread-1] INFO  server.RaftServerConfigKeys (ConfUtils.java:logGet(43)) - raft.server.log.appender.buffer.byte-limit = 33554432 (custom)
2019-09-17 07:43:55,124 [pool-27-thread-1] INFO  server.RaftServerConfigKeys (ConfUtils.java:logGet(43)) - raft.server.log.segment.size.max = 1048576 (custom)
2019-09-17 07:43:55,130 [pool-27-thread-1] INFO  server.RaftServerConfigKeys (ConfUtils.java:logGet(43)) - raft.server.log.segment.cache.num.max = 2 (custom)
2019-09-17 07:43:55,136 [pool-27-thread-1] INFO  segmented.SegmentedRaftLogWorker (SegmentedRaftLogWorker.java:<init>(172)) - new 193495bf-c496-4e24-ad0b-455843e1a269@group-0739475C793C-SegmentedRaftLogWorker for RaftStorage:Storage Directory /workdir/hadoop-ozone/integration-test/target/test-dir/MiniOzoneClusterImpl-2856df08-3e92-4080-a2c9-ea03709d96bd/datanode-0/data/ratis/c525683c-4906-478d-816f-0739475c793c
2019-09-17 07:43:55,138 [pool-27-thread-1] INFO  impl.MetricsSystemImpl (MetricsSystemImpl.java:init(158)) - ratis metrics system started (again)
2019-09-17 07:43:55,177 [pool-27-thread-1] INFO  server.RaftServerConfigKeys (ConfUtils.java:logGet(43)) - raft.server.log.queue.byte-limit = 2147483647 (custom)
2019-09-17 07:43:55,177 [pool-27-thread-1] INFO  server.RaftServerConfigKeys (ConfUtils.java:logGet(43)) - raft.server.log.queue.element-limit = 1024 (custom)
2019-09-17 07:43:55,181 [pool-27-thread-1] INFO  server.RaftServerConfigKeys (ConfUtils.java:logGet(43)) - raft.server.log.segment.size.max = 1048576 (custom)
2019-09-17 07:43:55,181 [pool-27-thread-1] INFO  server.RaftServerConfigKeys (ConfUtils.java:logGet(43)) - raft.server.log.preallocated.size = 16384 (custom)
2019-09-17 07:43:55,182 [pool-27-thread-1] INFO  server.RaftServerConfigKeys (ConfUtils.java:logGet(43)) - raft.server.log.write.buffer.size = 33554432 (custom)
2019-09-17 07:43:55,182 [pool-27-thread-1] INFO  server.RaftServerConfigKeys (ConfUtils.java:logGet(43)) - raft.server.log.force.sync.num = 128 (default)
2019-09-17 07:43:55,183 [pool-27-thread-1] INFO  server.RaftServerConfigKeys (ConfUtils.java:logGet(43)) - raft.server.log.statemachine.data.sync = true (default)
2019-09-17 07:43:55,183 [pool-27-thread-1] INFO  server.RaftServerConfigKeys (ConfUtils.java:logGet(43)) - raft.server.log.statemachine.data.sync.timeout = 10s (default)
2019-09-17 07:43:55,184 [pool-27-thread-1] INFO  server.RaftServerConfigKeys (ConfUtils.java:logGet(43)) - raft.server.log.statemachine.data.sync.timeout.retry = -1 (default)
2019-09-17 07:43:55,193 [pool-27-thread-1] INFO  server.RaftServerConfigKeys (ConfUtils.java:logGet(43)) - raft.server.log.statemachine.data.caching.enabled = true (custom)
2019-09-17 07:43:55,197 [pool-27-thread-1] INFO  segmented.SegmentedRaftLogWorker (SegmentedRaftLogWorker.java:lambda$new$0(132)) - 193495bf-c496-4e24-ad0b-455843e1a269@group-0739475C793C-SegmentedRaftLogWorker: flushIndex: setUnconditionally 0 -> -1
2019-09-17 07:43:55,202 [pool-27-thread-1] INFO  server.RaftServerConfigKeys (ConfUtils.java:logGet(43)) - raft.server.snapshot.auto.trigger.enabled = true (custom)
2019-09-17 07:43:55,203 [pool-27-thread-1] INFO  server.RaftServerConfigKeys (ConfUtils.java:logGet(43)) - raft.server.snapshot.auto.trigger.threshold = 10000 (custom)
2019-09-17 07:43:55,203 [pool-27-thread-1] INFO  server.RaftServerConfigKeys (ConfUtils.java:logGet(43)) - raft.server.snapshot.retention.num.files = 5 (custom)
2019-09-17 07:43:55,204 [pool-27-thread-1] INFO  server.RaftServerConfigKeys (ConfUtils.java:logGet(43)) - raft.server.retrycache.expirytime = 600000ms (custom)
2019-09-17 07:43:55,231 [pool-27-thread-1] INFO  impl.RaftServerImpl (RaftServerImpl.java:start(185)) - 193495bf-c496-4e24-ad0b-455843e1a269@group-0739475C793C: start as a follower, conf=-1: [193495bf-c496-4e24-ad0b-455843e1a269:192.168.151.112:44913], old=null
2019-09-17 07:43:55,232 [pool-27-thread-1] INFO  impl.RaftServerImpl (RaftServerImpl.java:setRole(174)) - 193495bf-c496-4e24-ad0b-455843e1a269@group-0739475C793C: changes role from      null to FOLLOWER at term 0 for startAsFollower
2019-09-17 07:43:55,233 [pool-27-thread-1] INFO  impl.RoleInfo (RoleInfo.java:updateAndGet(143)) - 193495bf-c496-4e24-ad0b-455843e1a269: start FollowerState
2019-09-17 07:43:55,235 [pool-27-thread-1] INFO  util.JmxRegister (JmxRegister.java:tryRegister(44)) - Successfully registered JMX Bean with object name Ratis:service=RaftServer,group=group-0739475C793C,id=193495bf-c496-4e24-ad0b-455843e1a269
2019-09-17 07:43:55,300 [RatisPipelineUtilsThread] INFO  pipeline.PipelineStateManager (PipelineStateManager.java:addPipeline(56)) - Created pipeline Pipeline[ Id: c525683c-4906-478d-816f-0739475c793c, Nodes: 193495bf-c496-4e24-ad0b-455843e1a269{ip: 192.168.151.112, host: pr-hdds-2134-72wlk-3981800394, networkLocation: /default-rack, certSerialId: null}, Type:RATIS, Factor:ONE, State:OPEN]
2019-09-17 07:43:55,329 [grpc-default-executor-1] INFO  impl.RaftServerProxy (RaftServerProxy.java:addNew(89)) - fd1a6a38-1d12-46a9-943d-422a00bbff87: addNew group-2107CA32C477:[fd1a6a38-1d12-46a9-943d-422a00bbff87:192.168.151.112:35309] returns group-2107CA32C477:java.util.concurrent.CompletableFuture@1292fc42[Not completed]
2019-09-17 07:43:55,413 [pool-37-thread-1] INFO  impl.RaftServerImpl (RaftServerImpl.java:<init>(95)) - fd1a6a38-1d12-46a9-943d-422a00bbff87: new RaftServerImpl for group-2107CA32C477:[fd1a6a38-1d12-46a9-943d-422a00bbff87:192.168.151.112:35309] with ContainerStateMachine:uninitialized
2019-09-17 07:43:55,414 [pool-37-thread-1] INFO  server.RaftServerConfigKeys (ConfUtils.java:logGet(43)) - raft.server.rpc.timeout.min = 1s (custom)
2019-09-17 07:43:55,415 [pool-37-thread-1] INFO  server.RaftServerConfigKeys (ConfUtils.java:logGet(43)) - raft.server.rpc.timeout.max = 1200ms (custom)
2019-09-17 07:43:55,415 [pool-37-thread-1] INFO  server.RaftServerConfigKeys (ConfUtils.java:logGet(43)) - raft.server.rpcslowness.timeout = 120s (custom)
2019-09-17 07:43:55,415 [pool-37-thread-1] INFO  server.RaftServerConfigKeys (ConfUtils.java:logGet(43)) - raft.server.sleep.deviation.threshold = 300 (default)
2019-09-17 07:43:55,415 [pool-37-thread-1] INFO  server.RaftServerConfigKeys (ConfUtils.java:logGet(43)) - raft.server.log.appender.install.snapshot.enabled = false (custom)
2019-09-17 07:43:55,416 [pool-37-thread-1] INFO  impl.RaftServerImpl (ServerState.java:<init>(103)) - fd1a6a38-1d12-46a9-943d-422a00bbff87@group-2107CA32C477: ConfigurationManager, init=-1: [fd1a6a38-1d12-46a9-943d-422a00bbff87:192.168.151.112:35309], old=null, confs=<EMPTY_MAP>
2019-09-17 07:43:55,416 [pool-37-thread-1] INFO  server.RaftServerConfigKeys (ConfUtils.java:logGet(43)) - raft.server.storage.dir = [/workdir/hadoop-ozone/integration-test/target/test-dir/MiniOzoneClusterImpl-2856df08-3e92-4080-a2c9-ea03709d96bd/datanode-1/data/ratis] (custom)
2019-09-17 07:43:55,416 [pool-37-thread-1] INFO  storage.RaftStorageDirectory (RaftStorageDirectory.java:analyzeStorage(246)) - The storage directory /workdir/hadoop-ozone/integration-test/target/test-dir/MiniOzoneClusterImpl-2856df08-3e92-4080-a2c9-ea03709d96bd/datanode-1/data/ratis/8a986509-2030-4149-840f-2107ca32c477 does not exist. Creating ...
2019-09-17 07:43:55,431 [pool-37-thread-1] INFO  storage.RaftStorageDirectory (RaftStorageDirectory.java:tryLock(328)) - Lock on /workdir/hadoop-ozone/integration-test/target/test-dir/MiniOzoneClusterImpl-2856df08-3e92-4080-a2c9-ea03709d96bd/datanode-1/data/ratis/8a986509-2030-4149-840f-2107ca32c477/in_use.lock acquired by nodename 12626@pr-hdds-2134-72wlk-3981800394
2019-09-17 07:43:55,444 [pool-37-thread-1] INFO  storage.RaftStorage (RaftStorage.java:format(72)) - Storage directory /workdir/hadoop-ozone/integration-test/target/test-dir/MiniOzoneClusterImpl-2856df08-3e92-4080-a2c9-ea03709d96bd/datanode-1/data/ratis/8a986509-2030-4149-840f-2107ca32c477 has been successfully formatted.
2019-09-17 07:43:55,446 [pool-37-thread-1] INFO  ratis.ContainerStateMachine (ContainerStateMachine.java:loadSnapshot(230)) - group-2107CA32C477: The snapshot info is null. Setting the last applied indexto:(t:0, i:~)
2019-09-17 07:43:55,448 [pool-37-thread-1] INFO  server.RaftServerConfigKeys (ConfUtils.java:logGet(43)) - raft.server.notification.no-leader.timeout = 120s (custom)
2019-09-17 07:43:55,448 [pool-37-thread-1] INFO  server.RaftServerConfigKeys (ConfUtils.java:logGet(43)) - raft.server.log.use.memory = false (default)
2019-09-17 07:43:55,449 [pool-37-thread-1] INFO  server.RaftServerConfigKeys (ConfUtils.java:logGet(43)) - raft.server.log.purge.gap = 1000000 (custom)
2019-09-17 07:43:55,449 [pool-37-thread-1] INFO  server.RaftServerConfigKeys (ConfUtils.java:logGet(43)) - raft.server.log.appender.buffer.byte-limit = 33554432 (custom)
2019-09-17 07:43:55,449 [pool-37-thread-1] INFO  server.RaftServerConfigKeys (ConfUtils.java:logGet(43)) - raft.server.log.segment.size.max = 1048576 (custom)
2019-09-17 07:43:55,449 [pool-37-thread-1] INFO  server.RaftServerConfigKeys (ConfUtils.java:logGet(43)) - raft.server.log.segment.cache.num.max = 2 (custom)
2019-09-17 07:43:55,450 [pool-37-thread-1] INFO  segmented.SegmentedRaftLogWorker (SegmentedRaftLogWorker.java:<init>(172)) - new fd1a6a38-1d12-46a9-943d-422a00bbff87@group-2107CA32C477-SegmentedRaftLogWorker for RaftStorage:Storage Directory /workdir/hadoop-ozone/integration-test/target/test-dir/MiniOzoneClusterImpl-2856df08-3e92-4080-a2c9-ea03709d96bd/datanode-1/data/ratis/8a986509-2030-4149-840f-2107ca32c477
2019-09-17 07:43:55,458 [pool-37-thread-1] INFO  server.RaftServerConfigKeys (ConfUtils.java:logGet(43)) - raft.server.log.queue.byte-limit = 2147483647 (custom)
2019-09-17 07:43:55,458 [pool-37-thread-1] INFO  server.RaftServerConfigKeys (ConfUtils.java:logGet(43)) - raft.server.log.queue.element-limit = 1024 (custom)
2019-09-17 07:43:55,459 [pool-37-thread-1] INFO  server.RaftServerConfigKeys (ConfUtils.java:logGet(43)) - raft.server.log.segment.size.max = 1048576 (custom)
2019-09-17 07:43:55,459 [pool-37-thread-1] INFO  server.RaftServerConfigKeys (ConfUtils.java:logGet(43)) - raft.server.log.preallocated.size = 16384 (custom)
2019-09-17 07:43:55,459 [pool-37-thread-1] INFO  server.RaftServerConfigKeys (ConfUtils.java:logGet(43)) - raft.server.log.write.buffer.size = 33554432 (custom)
2019-09-17 07:43:55,460 [pool-37-thread-1] INFO  server.RaftServerConfigKeys (ConfUtils.java:logGet(43)) - raft.server.log.force.sync.num = 128 (default)
2019-09-17 07:43:55,460 [pool-37-thread-1] INFO  server.RaftServerConfigKeys (ConfUtils.java:logGet(43)) - raft.server.log.statemachine.data.sync = true (default)
2019-09-17 07:43:55,460 [pool-37-thread-1] INFO  server.RaftServerConfigKeys (ConfUtils.java:logGet(43)) - raft.server.log.statemachine.data.sync.timeout = 10s (default)
2019-09-17 07:43:55,460 [pool-37-thread-1] INFO  server.RaftServerConfigKeys (ConfUtils.java:logGet(43)) - raft.server.log.statemachine.data.sync.timeout.retry = -1 (default)
2019-09-17 07:43:55,461 [pool-37-thread-1] INFO  server.RaftServerConfigKeys (ConfUtils.java:logGet(43)) - raft.server.log.statemachine.data.caching.enabled = true (custom)
2019-09-17 07:43:55,461 [pool-37-thread-1] INFO  segmented.SegmentedRaftLogWorker (SegmentedRaftLogWorker.java:lambda$new$0(132)) - fd1a6a38-1d12-46a9-943d-422a00bbff87@group-2107CA32C477-SegmentedRaftLogWorker: flushIndex: setUnconditionally 0 -> -1
2019-09-17 07:43:55,462 [pool-37-thread-1] INFO  server.RaftServerConfigKeys (ConfUtils.java:logGet(43)) - raft.server.snapshot.auto.trigger.enabled = true (custom)
2019-09-17 07:43:55,462 [pool-37-thread-1] INFO  server.RaftServerConfigKeys (ConfUtils.java:logGet(43)) - raft.server.snapshot.auto.trigger.threshold = 10000 (custom)
2019-09-17 07:43:55,462 [pool-37-thread-1] INFO  server.RaftServerConfigKeys (ConfUtils.java:logGet(43)) - raft.server.snapshot.retention.num.files = 5 (custom)
2019-09-17 07:43:55,462 [pool-37-thread-1] INFO  server.RaftServerConfigKeys (ConfUtils.java:logGet(43)) - raft.server.retrycache.expirytime = 600000ms (custom)
2019-09-17 07:43:55,469 [pool-37-thread-1] INFO  impl.RaftServerImpl (RaftServerImpl.java:start(185)) - fd1a6a38-1d12-46a9-943d-422a00bbff87@group-2107CA32C477: start as a follower, conf=-1: [fd1a6a38-1d12-46a9-943d-422a00bbff87:192.168.151.112:35309], old=null
2019-09-17 07:43:55,469 [pool-37-thread-1] INFO  impl.RaftServerImpl (RaftServerImpl.java:setRole(174)) - fd1a6a38-1d12-46a9-943d-422a00bbff87@group-2107CA32C477: changes role from      null to FOLLOWER at term 0 for startAsFollower
2019-09-17 07:43:55,469 [pool-37-thread-1] INFO  impl.RoleInfo (RoleInfo.java:updateAndGet(143)) - fd1a6a38-1d12-46a9-943d-422a00bbff87: start FollowerState
2019-09-17 07:43:55,472 [pool-37-thread-1] INFO  util.JmxRegister (JmxRegister.java:tryRegister(44)) - Successfully registered JMX Bean with object name Ratis:service=RaftServer,group=group-2107CA32C477,id=fd1a6a38-1d12-46a9-943d-422a00bbff87
2019-09-17 07:43:55,491 [RatisPipelineUtilsThread] INFO  pipeline.PipelineStateManager (PipelineStateManager.java:addPipeline(56)) - Created pipeline Pipeline[ Id: 8a986509-2030-4149-840f-2107ca32c477, Nodes: fd1a6a38-1d12-46a9-943d-422a00bbff87{ip: 192.168.151.112, host: pr-hdds-2134-72wlk-3981800394, networkLocation: /default-rack, certSerialId: null}, Type:RATIS, Factor:ONE, State:OPEN]
2019-09-17 07:43:55,519 [grpc-default-executor-1] INFO  impl.RaftServerProxy (RaftServerProxy.java:addNew(89)) - df3f7b97-e0a2-4b7a-b613-50634e06cc54: addNew group-BE95C9452DF3:[df3f7b97-e0a2-4b7a-b613-50634e06cc54:192.168.151.112:33091] returns group-BE95C9452DF3:java.util.concurrent.CompletableFuture@6743f565[Not completed]
2019-09-17 07:43:55,554 [pool-47-thread-1] INFO  impl.RaftServerImpl (RaftServerImpl.java:<init>(95)) - df3f7b97-e0a2-4b7a-b613-50634e06cc54: new RaftServerImpl for group-BE95C9452DF3:[df3f7b97-e0a2-4b7a-b613-50634e06cc54:192.168.151.112:33091] with ContainerStateMachine:uninitialized
2019-09-17 07:43:55,555 [pool-47-thread-1] INFO  server.RaftServerConfigKeys (ConfUtils.java:logGet(43)) - raft.server.rpc.timeout.min = 1s (custom)
2019-09-17 07:43:55,555 [pool-47-thread-1] INFO  server.RaftServerConfigKeys (ConfUtils.java:logGet(43)) - raft.server.rpc.timeout.max = 1200ms (custom)
2019-09-17 07:43:55,555 [pool-47-thread-1] INFO  server.RaftServerConfigKeys (ConfUtils.java:logGet(43)) - raft.server.rpcslowness.timeout = 120s (custom)
2019-09-17 07:43:55,555 [pool-47-thread-1] INFO  server.RaftServerConfigKeys (ConfUtils.java:logGet(43)) - raft.server.sleep.deviation.threshold = 300 (default)
2019-09-17 07:43:55,555 [pool-47-thread-1] INFO  server.RaftServerConfigKeys (ConfUtils.java:logGet(43)) - raft.server.log.appender.install.snapshot.enabled = false (custom)
2019-09-17 07:43:55,556 [pool-47-thread-1] INFO  impl.RaftServerImpl (ServerState.java:<init>(103)) - df3f7b97-e0a2-4b7a-b613-50634e06cc54@group-BE95C9452DF3: ConfigurationManager, init=-1: [df3f7b97-e0a2-4b7a-b613-50634e06cc54:192.168.151.112:33091], old=null, confs=<EMPTY_MAP>
2019-09-17 07:43:55,556 [pool-47-thread-1] INFO  server.RaftServerConfigKeys (ConfUtils.java:logGet(43)) - raft.server.storage.dir = [/workdir/hadoop-ozone/integration-test/target/test-dir/MiniOzoneClusterImpl-2856df08-3e92-4080-a2c9-ea03709d96bd/datanode-2/data/ratis] (custom)
2019-09-17 07:43:55,557 [pool-47-thread-1] INFO  storage.RaftStorageDirectory (RaftStorageDirectory.java:analyzeStorage(246)) - The storage directory /workdir/hadoop-ozone/integration-test/target/test-dir/MiniOzoneClusterImpl-2856df08-3e92-4080-a2c9-ea03709d96bd/datanode-2/data/ratis/6f1afcc0-da5f-49a0-b7ba-be95c9452df3 does not exist. Creating ...
2019-09-17 07:43:55,570 [pool-47-thread-1] INFO  storage.RaftStorageDirectory (RaftStorageDirectory.java:tryLock(328)) - Lock on /workdir/hadoop-ozone/integration-test/target/test-dir/MiniOzoneClusterImpl-2856df08-3e92-4080-a2c9-ea03709d96bd/datanode-2/data/ratis/6f1afcc0-da5f-49a0-b7ba-be95c9452df3/in_use.lock acquired by nodename 12626@pr-hdds-2134-72wlk-3981800394
2019-09-17 07:43:55,584 [pool-47-thread-1] INFO  storage.RaftStorage (RaftStorage.java:format(72)) - Storage directory /workdir/hadoop-ozone/integration-test/target/test-dir/MiniOzoneClusterImpl-2856df08-3e92-4080-a2c9-ea03709d96bd/datanode-2/data/ratis/6f1afcc0-da5f-49a0-b7ba-be95c9452df3 has been successfully formatted.
2019-09-17 07:43:55,584 [pool-47-thread-1] INFO  ratis.ContainerStateMachine (ContainerStateMachine.java:loadSnapshot(230)) - group-BE95C9452DF3: The snapshot info is null. Setting the last applied indexto:(t:0, i:~)
2019-09-17 07:43:55,585 [pool-47-thread-1] INFO  server.RaftServerConfigKeys (ConfUtils.java:logGet(43)) - raft.server.notification.no-leader.timeout = 120s (custom)
2019-09-17 07:43:55,585 [pool-47-thread-1] INFO  server.RaftServerConfigKeys (ConfUtils.java:logGet(43)) - raft.server.log.use.memory = false (default)
2019-09-17 07:43:55,585 [pool-47-thread-1] INFO  server.RaftServerConfigKeys (ConfUtils.java:logGet(43)) - raft.server.log.purge.gap = 1000000 (custom)
2019-09-17 07:43:55,585 [pool-47-thread-1] INFO  server.RaftServerConfigKeys (ConfUtils.java:logGet(43)) - raft.server.log.appender.buffer.byte-limit = 33554432 (custom)
2019-09-17 07:43:55,585 [pool-47-thread-1] INFO  server.RaftServerConfigKeys (ConfUtils.java:logGet(43)) - raft.server.log.segment.size.max = 1048576 (custom)
2019-09-17 07:43:55,586 [pool-47-thread-1] INFO  server.RaftServerConfigKeys (ConfUtils.java:logGet(43)) - raft.server.log.segment.cache.num.max = 2 (custom)
2019-09-17 07:43:55,586 [pool-47-thread-1] INFO  segmented.SegmentedRaftLogWorker (SegmentedRaftLogWorker.java:<init>(172)) - new df3f7b97-e0a2-4b7a-b613-50634e06cc54@group-BE95C9452DF3-SegmentedRaftLogWorker for RaftStorage:Storage Directory /workdir/hadoop-ozone/integration-test/target/test-dir/MiniOzoneClusterImpl-2856df08-3e92-4080-a2c9-ea03709d96bd/datanode-2/data/ratis/6f1afcc0-da5f-49a0-b7ba-be95c9452df3
2019-09-17 07:43:55,629 [pool-47-thread-1] INFO  server.RaftServerConfigKeys (ConfUtils.java:logGet(43)) - raft.server.log.queue.byte-limit = 2147483647 (custom)
2019-09-17 07:43:55,629 [pool-47-thread-1] INFO  server.RaftServerConfigKeys (ConfUtils.java:logGet(43)) - raft.server.log.queue.element-limit = 1024 (custom)
2019-09-17 07:43:55,629 [pool-47-thread-1] INFO  server.RaftServerConfigKeys (ConfUtils.java:logGet(43)) - raft.server.log.segment.size.max = 1048576 (custom)
2019-09-17 07:43:55,629 [pool-47-thread-1] INFO  server.RaftServerConfigKeys (ConfUtils.java:logGet(43)) - raft.server.log.preallocated.size = 16384 (custom)
2019-09-17 07:43:55,630 [pool-47-thread-1] INFO  server.RaftServerConfigKeys (ConfUtils.java:logGet(43)) - raft.server.log.write.buffer.size = 33554432 (custom)
2019-09-17 07:43:55,630 [pool-47-thread-1] INFO  server.RaftServerConfigKeys (ConfUtils.java:logGet(43)) - raft.server.log.force.sync.num = 128 (default)
2019-09-17 07:43:55,630 [pool-47-thread-1] INFO  server.RaftServerConfigKeys (ConfUtils.java:logGet(43)) - raft.server.log.statemachine.data.sync = true (default)
2019-09-17 07:43:55,630 [pool-47-thread-1] INFO  server.RaftServerConfigKeys (ConfUtils.java:logGet(43)) - raft.server.log.statemachine.data.sync.timeout = 10s (default)
2019-09-17 07:43:55,630 [pool-47-thread-1] INFO  server.RaftServerConfigKeys (ConfUtils.java:logGet(43)) - raft.server.log.statemachine.data.sync.timeout.retry = -1 (default)
2019-09-17 07:43:55,631 [pool-47-thread-1] INFO  server.RaftServerConfigKeys (ConfUtils.java:logGet(43)) - raft.server.log.statemachine.data.caching.enabled = true (custom)
2019-09-17 07:43:55,631 [pool-47-thread-1] INFO  segmented.SegmentedRaftLogWorker (SegmentedRaftLogWorker.java:lambda$new$0(132)) - df3f7b97-e0a2-4b7a-b613-50634e06cc54@group-BE95C9452DF3-SegmentedRaftLogWorker: flushIndex: setUnconditionally 0 -> -1
2019-09-17 07:43:55,631 [pool-47-thread-1] INFO  server.RaftServerConfigKeys (ConfUtils.java:logGet(43)) - raft.server.snapshot.auto.trigger.enabled = true (custom)
2019-09-17 07:43:55,632 [pool-47-thread-1] INFO  server.RaftServerConfigKeys (ConfUtils.java:logGet(43)) - raft.server.snapshot.auto.trigger.threshold = 10000 (custom)
2019-09-17 07:43:55,632 [pool-47-thread-1] INFO  server.RaftServerConfigKeys (ConfUtils.java:logGet(43)) - raft.server.snapshot.retention.num.files = 5 (custom)
2019-09-17 07:43:55,632 [pool-47-thread-1] INFO  server.RaftServerConfigKeys (ConfUtils.java:logGet(43)) - raft.server.retrycache.expirytime = 600000ms (custom)
2019-09-17 07:43:55,636 [pool-47-thread-1] INFO  impl.RaftServerImpl (RaftServerImpl.java:start(185)) - df3f7b97-e0a2-4b7a-b613-50634e06cc54@group-BE95C9452DF3: start as a follower, conf=-1: [df3f7b97-e0a2-4b7a-b613-50634e06cc54:192.168.151.112:33091], old=null
2019-09-17 07:43:55,637 [pool-47-thread-1] INFO  impl.RaftServerImpl (RaftServerImpl.java:setRole(174)) - df3f7b97-e0a2-4b7a-b613-50634e06cc54@group-BE95C9452DF3: changes role from      null to FOLLOWER at term 0 for startAsFollower
2019-09-17 07:43:55,637 [pool-47-thread-1] INFO  impl.RoleInfo (RoleInfo.java:updateAndGet(143)) - df3f7b97-e0a2-4b7a-b613-50634e06cc54: start FollowerState
2019-09-17 07:43:55,637 [pool-47-thread-1] INFO  util.JmxRegister (JmxRegister.java:tryRegister(44)) - Successfully registered JMX Bean with object name Ratis:service=RaftServer,group=group-BE95C9452DF3,id=df3f7b97-e0a2-4b7a-b613-50634e06cc54
2019-09-17 07:43:55,651 [RatisPipelineUtilsThread] INFO  pipeline.PipelineStateManager (PipelineStateManager.java:addPipeline(56)) - Created pipeline Pipeline[ Id: 6f1afcc0-da5f-49a0-b7ba-be95c9452df3, Nodes: df3f7b97-e0a2-4b7a-b613-50634e06cc54{ip: 192.168.151.112, host: pr-hdds-2134-72wlk-3981800394, networkLocation: /default-rack, certSerialId: null}, Type:RATIS, Factor:ONE, State:OPEN]
2019-09-17 07:43:55,676 [grpc-default-executor-1] INFO  impl.RaftServerProxy (RaftServerProxy.java:addNew(89)) - 0f7bb9d9-5139-4852-be99-380e1bc1143c: addNew group-C7248902042F:[0f7bb9d9-5139-4852-be99-380e1bc1143c:192.168.151.112:33997] returns group-C7248902042F:java.util.concurrent.CompletableFuture@33800936[Not completed]
2019-09-17 07:43:55,689 [pool-97-thread-1] INFO  impl.RaftServerImpl (RaftServerImpl.java:<init>(95)) - 0f7bb9d9-5139-4852-be99-380e1bc1143c: new RaftServerImpl for group-C7248902042F:[0f7bb9d9-5139-4852-be99-380e1bc1143c:192.168.151.112:33997] with ContainerStateMachine:uninitialized
2019-09-17 07:43:55,689 [pool-97-thread-1] INFO  server.RaftServerConfigKeys (ConfUtils.java:logGet(43)) - raft.server.rpc.timeout.min = 1s (custom)
2019-09-17 07:43:55,690 [pool-97-thread-1] INFO  server.RaftServerConfigKeys (ConfUtils.java:logGet(43)) - raft.server.rpc.timeout.max = 1200ms (custom)
2019-09-17 07:43:55,690 [pool-97-thread-1] INFO  server.RaftServerConfigKeys (ConfUtils.java:logGet(43)) - raft.server.rpcslowness.timeout = 120s (custom)
2019-09-17 07:43:55,690 [pool-97-thread-1] INFO  server.RaftServerConfigKeys (ConfUtils.java:logGet(43)) - raft.server.sleep.deviation.threshold = 300 (default)
2019-09-17 07:43:55,690 [pool-97-thread-1] INFO  server.RaftServerConfigKeys (ConfUtils.java:logGet(43)) - raft.server.log.appender.install.snapshot.enabled = false (custom)
2019-09-17 07:43:55,690 [pool-97-thread-1] INFO  impl.RaftServerImpl (ServerState.java:<init>(103)) - 0f7bb9d9-5139-4852-be99-380e1bc1143c@group-C7248902042F: ConfigurationManager, init=-1: [0f7bb9d9-5139-4852-be99-380e1bc1143c:192.168.151.112:33997], old=null, confs=<EMPTY_MAP>
2019-09-17 07:43:55,691 [pool-97-thread-1] INFO  server.RaftServerConfigKeys (ConfUtils.java:logGet(43)) - raft.server.storage.dir = [/workdir/hadoop-ozone/integration-test/target/test-dir/MiniOzoneClusterImpl-2856df08-3e92-4080-a2c9-ea03709d96bd/datanode-7/data/ratis] (custom)
2019-09-17 07:43:55,691 [pool-97-thread-1] INFO  storage.RaftStorageDirectory (RaftStorageDirectory.java:analyzeStorage(246)) - The storage directory /workdir/hadoop-ozone/integration-test/target/test-dir/MiniOzoneClusterImpl-2856df08-3e92-4080-a2c9-ea03709d96bd/datanode-7/data/ratis/bddf1b3d-949c-463a-8e68-c7248902042f does not exist. Creating ...
2019-09-17 07:43:55,704 [pool-97-thread-1] INFO  storage.RaftStorageDirectory (RaftStorageDirectory.java:tryLock(328)) - Lock on /workdir/hadoop-ozone/integration-test/target/test-dir/MiniOzoneClusterImpl-2856df08-3e92-4080-a2c9-ea03709d96bd/datanode-7/data/ratis/bddf1b3d-949c-463a-8e68-c7248902042f/in_use.lock acquired by nodename 12626@pr-hdds-2134-72wlk-3981800394
2019-09-17 07:43:55,717 [pool-97-thread-1] INFO  storage.RaftStorage (RaftStorage.java:format(72)) - Storage directory /workdir/hadoop-ozone/integration-test/target/test-dir/MiniOzoneClusterImpl-2856df08-3e92-4080-a2c9-ea03709d96bd/datanode-7/data/ratis/bddf1b3d-949c-463a-8e68-c7248902042f has been successfully formatted.
2019-09-17 07:43:55,718 [pool-97-thread-1] INFO  ratis.ContainerStateMachine (ContainerStateMachine.java:loadSnapshot(230)) - group-C7248902042F: The snapshot info is null. Setting the last applied indexto:(t:0, i:~)
2019-09-17 07:43:55,718 [pool-97-thread-1] INFO  server.RaftServerConfigKeys (ConfUtils.java:logGet(43)) - raft.server.notification.no-leader.timeout = 120s (custom)
2019-09-17 07:43:55,718 [pool-97-thread-1] INFO  server.RaftServerConfigKeys (ConfUtils.java:logGet(43)) - raft.server.log.use.memory = false (default)
2019-09-17 07:43:55,718 [pool-97-thread-1] INFO  server.RaftServerConfigKeys (ConfUtils.java:logGet(43)) - raft.server.log.purge.gap = 1000000 (custom)
2019-09-17 07:43:55,719 [pool-97-thread-1] INFO  server.RaftServerConfigKeys (ConfUtils.java:logGet(43)) - raft.server.log.appender.buffer.byte-limit = 33554432 (custom)
2019-09-17 07:43:55,719 [pool-97-thread-1] INFO  server.RaftServerConfigKeys (ConfUtils.java:logGet(43)) - raft.server.log.segment.size.max = 1048576 (custom)
2019-09-17 07:43:55,719 [pool-97-thread-1] INFO  server.RaftServerConfigKeys (ConfUtils.java:logGet(43)) - raft.server.log.segment.cache.num.max = 2 (custom)
2019-09-17 07:43:55,719 [pool-97-thread-1] INFO  segmented.SegmentedRaftLogWorker (SegmentedRaftLogWorker.java:<init>(172)) - new 0f7bb9d9-5139-4852-be99-380e1bc1143c@group-C7248902042F-SegmentedRaftLogWorker for RaftStorage:Storage Directory /workdir/hadoop-ozone/integration-test/target/test-dir/MiniOzoneClusterImpl-2856df08-3e92-4080-a2c9-ea03709d96bd/datanode-7/data/ratis/bddf1b3d-949c-463a-8e68-c7248902042f
2019-09-17 07:43:55,725 [pool-97-thread-1] INFO  server.RaftServerConfigKeys (ConfUtils.java:logGet(43)) - raft.server.log.queue.byte-limit = 2147483647 (custom)
2019-09-17 07:43:55,725 [pool-97-thread-1] INFO  server.RaftServerConfigKeys (ConfUtils.java:logGet(43)) - raft.server.log.queue.element-limit = 1024 (custom)
2019-09-17 07:43:55,728 [pool-97-thread-1] INFO  server.RaftServerConfigKeys (ConfUtils.java:logGet(43)) - raft.server.log.segment.size.max = 1048576 (custom)
2019-09-17 07:43:55,728 [pool-97-thread-1] INFO  server.RaftServerConfigKeys (ConfUtils.java:logGet(43)) - raft.server.log.preallocated.size = 16384 (custom)
2019-09-17 07:43:55,729 [pool-97-thread-1] INFO  server.RaftServerConfigKeys (ConfUtils.java:logGet(43)) - raft.server.log.write.buffer.size = 33554432 (custom)
2019-09-17 07:43:55,729 [pool-97-thread-1] INFO  server.RaftServerConfigKeys (ConfUtils.java:logGet(43)) - raft.server.log.force.sync.num = 128 (default)
2019-09-17 07:43:55,729 [pool-97-thread-1] INFO  server.RaftServerConfigKeys (ConfUtils.java:logGet(43)) - raft.server.log.statemachine.data.sync = true (default)
2019-09-17 07:43:55,729 [pool-97-thread-1] INFO  server.RaftServerConfigKeys (ConfUtils.java:logGet(43)) - raft.server.log.statemachine.data.sync.timeout = 10s (default)
2019-09-17 07:43:55,729 [pool-97-thread-1] INFO  server.RaftServerConfigKeys (ConfUtils.java:logGet(43)) - raft.server.log.statemachine.data.sync.timeout.retry = -1 (default)
2019-09-17 07:43:55,730 [pool-97-thread-1] INFO  server.RaftServerConfigKeys (ConfUtils.java:logGet(43)) - raft.server.log.statemachine.data.caching.enabled = true (custom)
2019-09-17 07:43:55,730 [pool-97-thread-1] INFO  segmented.SegmentedRaftLogWorker (SegmentedRaftLogWorker.java:lambda$new$0(132)) - 0f7bb9d9-5139-4852-be99-380e1bc1143c@group-C7248902042F-SegmentedRaftLogWorker: flushIndex: setUnconditionally 0 -> -1
2019-09-17 07:43:55,731 [pool-97-thread-1] INFO  server.RaftServerConfigKeys (ConfUtils.java:logGet(43)) - raft.server.snapshot.auto.trigger.enabled = true (custom)
2019-09-17 07:43:55,731 [pool-97-thread-1] INFO  server.RaftServerConfigKeys (ConfUtils.java:logGet(43)) - raft.server.snapshot.auto.trigger.threshold = 10000 (custom)
2019-09-17 07:43:55,731 [pool-97-thread-1] INFO  server.RaftServerConfigKeys (ConfUtils.java:logGet(43)) - raft.server.snapshot.retention.num.files = 5 (custom)
2019-09-17 07:43:55,731 [pool-97-thread-1] INFO  server.RaftServerConfigKeys (ConfUtils.java:logGet(43)) - raft.server.retrycache.expirytime = 600000ms (custom)
2019-09-17 07:43:55,737 [pool-97-thread-1] INFO  impl.RaftServerImpl (RaftServerImpl.java:start(185)) - 0f7bb9d9-5139-4852-be99-380e1bc1143c@group-C7248902042F: start as a follower, conf=-1: [0f7bb9d9-5139-4852-be99-380e1bc1143c:192.168.151.112:33997], old=null
2019-09-17 07:43:55,738 [pool-97-thread-1] INFO  impl.RaftServerImpl (RaftServerImpl.java:setRole(174)) - 0f7bb9d9-5139-4852-be99-380e1bc1143c@group-C7248902042F: changes role from      null to FOLLOWER at term 0 for startAsFollower
2019-09-17 07:43:55,738 [pool-97-thread-1] INFO  impl.RoleInfo (RoleInfo.java:updateAndGet(143)) - 0f7bb9d9-5139-4852-be99-380e1bc1143c: start FollowerState
2019-09-17 07:43:55,738 [pool-97-thread-1] INFO  util.JmxRegister (JmxRegister.java:tryRegister(44)) - Successfully registered JMX Bean with object name Ratis:service=RaftServer,group=group-C7248902042F,id=0f7bb9d9-5139-4852-be99-380e1bc1143c
2019-09-17 07:43:55,765 [RatisPipelineUtilsThread] INFO  pipeline.PipelineStateManager (PipelineStateManager.java:addPipeline(56)) - Created pipeline Pipeline[ Id: bddf1b3d-949c-463a-8e68-c7248902042f, Nodes: 0f7bb9d9-5139-4852-be99-380e1bc1143c{ip: 192.168.151.112, host: pr-hdds-2134-72wlk-3981800394, networkLocation: /default-rack, certSerialId: null}, Type:RATIS, Factor:ONE, State:OPEN]
2019-09-17 07:43:55,785 [grpc-default-executor-1] INFO  impl.RaftServerProxy (RaftServerProxy.java:addNew(89)) - 6a48daa3-10a7-4dcf-835e-de50be54fa2c: addNew group-CC71AAF6458D:[6a48daa3-10a7-4dcf-835e-de50be54fa2c:192.168.151.112:37061] returns group-CC71AAF6458D:java.util.concurrent.CompletableFuture@4b4b61e[Not completed]
2019-09-17 07:43:55,792 [pool-107-thread-1] INFO  impl.RaftServerImpl (RaftServerImpl.java:<init>(95)) - 6a48daa3-10a7-4dcf-835e-de50be54fa2c: new RaftServerImpl for group-CC71AAF6458D:[6a48daa3-10a7-4dcf-835e-de50be54fa2c:192.168.151.112:37061] with ContainerStateMachine:uninitialized
2019-09-17 07:43:55,792 [pool-107-thread-1] INFO  server.RaftServerConfigKeys (ConfUtils.java:logGet(43)) - raft.server.rpc.timeout.min = 1s (custom)
2019-09-17 07:43:55,793 [pool-107-thread-1] INFO  server.RaftServerConfigKeys (ConfUtils.java:logGet(43)) - raft.server.rpc.timeout.max = 1200ms (custom)
2019-09-17 07:43:55,793 [pool-107-thread-1] INFO  server.RaftServerConfigKeys (ConfUtils.java:logGet(43)) - raft.server.rpcslowness.timeout = 120s (custom)
2019-09-17 07:43:55,793 [pool-107-thread-1] INFO  server.RaftServerConfigKeys (ConfUtils.java:logGet(43)) - raft.server.sleep.deviation.threshold = 300 (default)
2019-09-17 07:43:55,793 [pool-107-thread-1] INFO  server.RaftServerConfigKeys (ConfUtils.java:logGet(43)) - raft.server.log.appender.install.snapshot.enabled = false (custom)
2019-09-17 07:43:55,793 [pool-107-thread-1] INFO  impl.RaftServerImpl (ServerState.java:<init>(103)) - 6a48daa3-10a7-4dcf-835e-de50be54fa2c@group-CC71AAF6458D: ConfigurationManager, init=-1: [6a48daa3-10a7-4dcf-835e-de50be54fa2c:192.168.151.112:37061], old=null, confs=<EMPTY_MAP>
2019-09-17 07:43:55,794 [pool-107-thread-1] INFO  server.RaftServerConfigKeys (ConfUtils.java:logGet(43)) - raft.server.storage.dir = [/workdir/hadoop-ozone/integration-test/target/test-dir/MiniOzoneClusterImpl-2856df08-3e92-4080-a2c9-ea03709d96bd/datanode-8/data/ratis] (custom)
2019-09-17 07:43:55,794 [pool-107-thread-1] INFO  storage.RaftStorageDirectory (RaftStorageDirectory.java:analyzeStorage(246)) - The storage directory /workdir/hadoop-ozone/integration-test/target/test-dir/MiniOzoneClusterImpl-2856df08-3e92-4080-a2c9-ea03709d96bd/datanode-8/data/ratis/bf718766-d124-437c-8ed7-cc71aaf6458d does not exist. Creating ...
2019-09-17 07:43:55,807 [pool-107-thread-1] INFO  storage.RaftStorageDirectory (RaftStorageDirectory.java:tryLock(328)) - Lock on /workdir/hadoop-ozone/integration-test/target/test-dir/MiniOzoneClusterImpl-2856df08-3e92-4080-a2c9-ea03709d96bd/datanode-8/data/ratis/bf718766-d124-437c-8ed7-cc71aaf6458d/in_use.lock acquired by nodename 12626@pr-hdds-2134-72wlk-3981800394
2019-09-17 07:43:55,821 [pool-107-thread-1] INFO  storage.RaftStorage (RaftStorage.java:format(72)) - Storage directory /workdir/hadoop-ozone/integration-test/target/test-dir/MiniOzoneClusterImpl-2856df08-3e92-4080-a2c9-ea03709d96bd/datanode-8/data/ratis/bf718766-d124-437c-8ed7-cc71aaf6458d has been successfully formatted.
2019-09-17 07:43:55,821 [pool-107-thread-1] INFO  ratis.ContainerStateMachine (ContainerStateMachine.java:loadSnapshot(230)) - group-CC71AAF6458D: The snapshot info is null. Setting the last applied indexto:(t:0, i:~)
2019-09-17 07:43:55,821 [pool-107-thread-1] INFO  server.RaftServerConfigKeys (ConfUtils.java:logGet(43)) - raft.server.notification.no-leader.timeout = 120s (custom)
2019-09-17 07:43:55,822 [pool-107-thread-1] INFO  server.RaftServerConfigKeys (ConfUtils.java:logGet(43)) - raft.server.log.use.memory = false (default)
2019-09-17 07:43:55,822 [pool-107-thread-1] INFO  server.RaftServerConfigKeys (ConfUtils.java:logGet(43)) - raft.server.log.purge.gap = 1000000 (custom)
2019-09-17 07:43:55,822 [pool-107-thread-1] INFO  server.RaftServerConfigKeys (ConfUtils.java:logGet(43)) - raft.server.log.appender.buffer.byte-limit = 33554432 (custom)
2019-09-17 07:43:55,822 [pool-107-thread-1] INFO  server.RaftServerConfigKeys (ConfUtils.java:logGet(43)) - raft.server.log.segment.size.max = 1048576 (custom)
2019-09-17 07:43:55,822 [pool-107-thread-1] INFO  server.RaftServerConfigKeys (ConfUtils.java:logGet(43)) - raft.server.log.segment.cache.num.max = 2 (custom)
2019-09-17 07:43:55,823 [pool-107-thread-1] INFO  segmented.SegmentedRaftLogWorker (SegmentedRaftLogWorker.java:<init>(172)) - new 6a48daa3-10a7-4dcf-835e-de50be54fa2c@group-CC71AAF6458D-SegmentedRaftLogWorker for RaftStorage:Storage Directory /workdir/hadoop-ozone/integration-test/target/test-dir/MiniOzoneClusterImpl-2856df08-3e92-4080-a2c9-ea03709d96bd/datanode-8/data/ratis/bf718766-d124-437c-8ed7-cc71aaf6458d
2019-09-17 07:43:55,827 [pool-107-thread-1] INFO  server.RaftServerConfigKeys (ConfUtils.java:logGet(43)) - raft.server.log.queue.byte-limit = 2147483647 (custom)
2019-09-17 07:43:55,828 [pool-107-thread-1] INFO  server.RaftServerConfigKeys (ConfUtils.java:logGet(43)) - raft.server.log.queue.element-limit = 1024 (custom)
2019-09-17 07:43:55,828 [pool-107-thread-1] INFO  server.RaftServerConfigKeys (ConfUtils.java:logGet(43)) - raft.server.log.segment.size.max = 1048576 (custom)
2019-09-17 07:43:55,828 [pool-107-thread-1] INFO  server.RaftServerConfigKeys (ConfUtils.java:logGet(43)) - raft.server.log.preallocated.size = 16384 (custom)
2019-09-17 07:43:55,828 [pool-107-thread-1] INFO  server.RaftServerConfigKeys (ConfUtils.java:logGet(43)) - raft.server.log.write.buffer.size = 33554432 (custom)
2019-09-17 07:43:55,828 [pool-107-thread-1] INFO  server.RaftServerConfigKeys (ConfUtils.java:logGet(43)) - raft.server.log.force.sync.num = 128 (default)
2019-09-17 07:43:55,829 [pool-107-thread-1] INFO  server.RaftServerConfigKeys (ConfUtils.java:logGet(43)) - raft.server.log.statemachine.data.sync = true (default)
2019-09-17 07:43:55,829 [pool-107-thread-1] INFO  server.RaftServerConfigKeys (ConfUtils.java:logGet(43)) - raft.server.log.statemachine.data.sync.timeout = 10s (default)
2019-09-17 07:43:55,829 [pool-107-thread-1] INFO  server.RaftServerConfigKeys (ConfUtils.java:logGet(43)) - raft.server.log.statemachine.data.sync.timeout.retry = -1 (default)
2019-09-17 07:43:55,829 [pool-107-thread-1] INFO  server.RaftServerConfigKeys (ConfUtils.java:logGet(43)) - raft.server.log.statemachine.data.caching.enabled = true (custom)
2019-09-17 07:43:55,830 [pool-107-thread-1] INFO  segmented.SegmentedRaftLogWorker (SegmentedRaftLogWorker.java:lambda$new$0(132)) - 6a48daa3-10a7-4dcf-835e-de50be54fa2c@group-CC71AAF6458D-SegmentedRaftLogWorker: flushIndex: setUnconditionally 0 -> -1
2019-09-17 07:43:55,830 [pool-107-thread-1] INFO  server.RaftServerConfigKeys (ConfUtils.java:logGet(43)) - raft.server.snapshot.auto.trigger.enabled = true (custom)
2019-09-17 07:43:55,830 [pool-107-thread-1] INFO  server.RaftServerConfigKeys (ConfUtils.java:logGet(43)) - raft.server.snapshot.auto.trigger.threshold = 10000 (custom)
2019-09-17 07:43:55,830 [pool-107-thread-1] INFO  server.RaftServerConfigKeys (ConfUtils.java:logGet(43)) - raft.server.snapshot.retention.num.files = 5 (custom)
2019-09-17 07:43:55,831 [pool-107-thread-1] INFO  server.RaftServerConfigKeys (ConfUtils.java:logGet(43)) - raft.server.retrycache.expirytime = 600000ms (custom)
2019-09-17 07:43:55,835 [pool-107-thread-1] INFO  impl.RaftServerImpl (RaftServerImpl.java:start(185)) - 6a48daa3-10a7-4dcf-835e-de50be54fa2c@group-CC71AAF6458D: start as a follower, conf=-1: [6a48daa3-10a7-4dcf-835e-de50be54fa2c:192.168.151.112:37061], old=null
2019-09-17 07:43:55,835 [pool-107-thread-1] INFO  impl.RaftServerImpl (RaftServerImpl.java:setRole(174)) - 6a48daa3-10a7-4dcf-835e-de50be54fa2c@group-CC71AAF6458D: changes role from      null to FOLLOWER at term 0 for startAsFollower
2019-09-17 07:43:55,836 [pool-107-thread-1] INFO  impl.RoleInfo (RoleInfo.java:updateAndGet(143)) - 6a48daa3-10a7-4dcf-835e-de50be54fa2c: start FollowerState
2019-09-17 07:43:55,836 [pool-107-thread-1] INFO  util.JmxRegister (JmxRegister.java:tryRegister(44)) - Successfully registered JMX Bean with object name Ratis:service=RaftServer,group=group-CC71AAF6458D,id=6a48daa3-10a7-4dcf-835e-de50be54fa2c
2019-09-17 07:43:55,939 [RatisPipelineUtilsThread] INFO  pipeline.PipelineStateManager (PipelineStateManager.java:addPipeline(56)) - Created pipeline Pipeline[ Id: bf718766-d124-437c-8ed7-cc71aaf6458d, Nodes: 6a48daa3-10a7-4dcf-835e-de50be54fa2c{ip: 192.168.151.112, host: pr-hdds-2134-72wlk-3981800394, networkLocation: /default-rack, certSerialId: null}, Type:RATIS, Factor:ONE, State:OPEN]
2019-09-17 07:43:56,029 [grpc-default-executor-1] INFO  impl.RaftServerProxy (RaftServerProxy.java:addNew(89)) - 9cc127b6-6322-4ddd-ad35-07c34665999c: addNew group-04E13EADA265:[9cc127b6-6322-4ddd-ad35-07c34665999c:192.168.151.112:43030] returns group-04E13EADA265:java.util.concurrent.CompletableFuture@11ffd361[Not completed]
2019-09-17 07:43:56,036 [pool-57-thread-1] INFO  impl.RaftServerImpl (RaftServerImpl.java:<init>(95)) - 9cc127b6-6322-4ddd-ad35-07c34665999c: new RaftServerImpl for group-04E13EADA265:[9cc127b6-6322-4ddd-ad35-07c34665999c:192.168.151.112:43030] with ContainerStateMachine:uninitialized
2019-09-17 07:43:56,036 [pool-57-thread-1] INFO  server.RaftServerConfigKeys (ConfUtils.java:logGet(43)) - raft.server.rpc.timeout.min = 1s (custom)
2019-09-17 07:43:56,036 [pool-57-thread-1] INFO  server.RaftServerConfigKeys (ConfUtils.java:logGet(43)) - raft.server.rpc.timeout.max = 1200ms (custom)
2019-09-17 07:43:56,036 [pool-57-thread-1] INFO  server.RaftServerConfigKeys (ConfUtils.java:logGet(43)) - raft.server.rpcslowness.timeout = 120s (custom)
2019-09-17 07:43:56,036 [pool-57-thread-1] INFO  server.RaftServerConfigKeys (ConfUtils.java:logGet(43)) - raft.server.sleep.deviation.threshold = 300 (default)
2019-09-17 07:43:56,037 [pool-57-thread-1] INFO  server.RaftServerConfigKeys (ConfUtils.java:logGet(43)) - raft.server.log.appender.install.snapshot.enabled = false (custom)
2019-09-17 07:43:56,037 [pool-57-thread-1] INFO  impl.RaftServerImpl (ServerState.java:<init>(103)) - 9cc127b6-6322-4ddd-ad35-07c34665999c@group-04E13EADA265: ConfigurationManager, init=-1: [9cc127b6-6322-4ddd-ad35-07c34665999c:192.168.151.112:43030], old=null, confs=<EMPTY_MAP>
2019-09-17 07:43:56,037 [pool-57-thread-1] INFO  server.RaftServerConfigKeys (ConfUtils.java:logGet(43)) - raft.server.storage.dir = [/workdir/hadoop-ozone/integration-test/target/test-dir/MiniOzoneClusterImpl-2856df08-3e92-4080-a2c9-ea03709d96bd/datanode-3/data/ratis] (custom)
2019-09-17 07:43:56,038 [pool-57-thread-1] INFO  storage.RaftStorageDirectory (RaftStorageDirectory.java:analyzeStorage(246)) - The storage directory /workdir/hadoop-ozone/integration-test/target/test-dir/MiniOzoneClusterImpl-2856df08-3e92-4080-a2c9-ea03709d96bd/datanode-3/data/ratis/67c1b9ea-e96e-4b90-938e-04e13eada265 does not exist. Creating ...
2019-09-17 07:43:56,042 [pool-57-thread-1] INFO  storage.RaftStorageDirectory (RaftStorageDirectory.java:tryLock(328)) - Lock on /workdir/hadoop-ozone/integration-test/target/test-dir/MiniOzoneClusterImpl-2856df08-3e92-4080-a2c9-ea03709d96bd/datanode-3/data/ratis/67c1b9ea-e96e-4b90-938e-04e13eada265/in_use.lock acquired by nodename 12626@pr-hdds-2134-72wlk-3981800394
2019-09-17 07:43:56,047 [pool-57-thread-1] INFO  storage.RaftStorage (RaftStorage.java:format(72)) - Storage directory /workdir/hadoop-ozone/integration-test/target/test-dir/MiniOzoneClusterImpl-2856df08-3e92-4080-a2c9-ea03709d96bd/datanode-3/data/ratis/67c1b9ea-e96e-4b90-938e-04e13eada265 has been successfully formatted.
2019-09-17 07:43:56,047 [pool-57-thread-1] INFO  ratis.ContainerStateMachine (ContainerStateMachine.java:loadSnapshot(230)) - group-04E13EADA265: The snapshot info is null. Setting the last applied indexto:(t:0, i:~)
2019-09-17 07:43:56,047 [pool-57-thread-1] INFO  server.RaftServerConfigKeys (ConfUtils.java:logGet(43)) - raft.server.notification.no-leader.timeout = 120s (custom)
2019-09-17 07:43:56,047 [pool-57-thread-1] INFO  server.RaftServerConfigKeys (ConfUtils.java:logGet(43)) - raft.server.log.use.memory = false (default)
2019-09-17 07:43:56,048 [pool-57-thread-1] INFO  server.RaftServerConfigKeys (ConfUtils.java:logGet(43)) - raft.server.log.purge.gap = 1000000 (custom)
2019-09-17 07:43:56,048 [pool-57-thread-1] INFO  server.RaftServerConfigKeys (ConfUtils.java:logGet(43)) - raft.server.log.appender.buffer.byte-limit = 33554432 (custom)
2019-09-17 07:43:56,048 [pool-57-thread-1] INFO  server.RaftServerConfigKeys (ConfUtils.java:logGet(43)) - raft.server.log.segment.size.max = 1048576 (custom)
2019-09-17 07:43:56,048 [pool-57-thread-1] INFO  server.RaftServerConfigKeys (ConfUtils.java:logGet(43)) - raft.server.log.segment.cache.num.max = 2 (custom)
2019-09-17 07:43:56,048 [pool-57-thread-1] INFO  segmented.SegmentedRaftLogWorker (SegmentedRaftLogWorker.java:<init>(172)) - new 9cc127b6-6322-4ddd-ad35-07c34665999c@group-04E13EADA265-SegmentedRaftLogWorker for RaftStorage:Storage Directory /workdir/hadoop-ozone/integration-test/target/test-dir/MiniOzoneClusterImpl-2856df08-3e92-4080-a2c9-ea03709d96bd/datanode-3/data/ratis/67c1b9ea-e96e-4b90-938e-04e13eada265
2019-09-17 07:43:56,052 [pool-57-thread-1] INFO  server.RaftServerConfigKeys (ConfUtils.java:logGet(43)) - raft.server.log.queue.byte-limit = 2147483647 (custom)
2019-09-17 07:43:56,053 [pool-57-thread-1] INFO  server.RaftServerConfigKeys (ConfUtils.java:logGet(43)) - raft.server.log.queue.element-limit = 1024 (custom)
2019-09-17 07:43:56,053 [pool-57-thread-1] INFO  server.RaftServerConfigKeys (ConfUtils.java:logGet(43)) - raft.server.log.segment.size.max = 1048576 (custom)
2019-09-17 07:43:56,053 [pool-57-thread-1] INFO  server.RaftServerConfigKeys (ConfUtils.java:logGet(43)) - raft.server.log.preallocated.size = 16384 (custom)
2019-09-17 07:43:56,053 [pool-57-thread-1] INFO  server.RaftServerConfigKeys (ConfUtils.java:logGet(43)) - raft.server.log.write.buffer.size = 33554432 (custom)
2019-09-17 07:43:56,053 [pool-57-thread-1] INFO  server.RaftServerConfigKeys (ConfUtils.java:logGet(43)) - raft.server.log.force.sync.num = 128 (default)
2019-09-17 07:43:56,054 [pool-57-thread-1] INFO  server.RaftServerConfigKeys (ConfUtils.java:logGet(43)) - raft.server.log.statemachine.data.sync = true (default)
2019-09-17 07:43:56,054 [pool-57-thread-1] INFO  server.RaftServerConfigKeys (ConfUtils.java:logGet(43)) - raft.server.log.statemachine.data.sync.timeout = 10s (default)
2019-09-17 07:43:56,054 [pool-57-thread-1] INFO  server.RaftServerConfigKeys (ConfUtils.java:logGet(43)) - raft.server.log.statemachine.data.sync.timeout.retry = -1 (default)
2019-09-17 07:43:56,054 [pool-57-thread-1] INFO  server.RaftServerConfigKeys (ConfUtils.java:logGet(43)) - raft.server.log.statemachine.data.caching.enabled = true (custom)
2019-09-17 07:43:56,055 [pool-57-thread-1] INFO  segmented.SegmentedRaftLogWorker (SegmentedRaftLogWorker.java:lambda$new$0(132)) - 9cc127b6-6322-4ddd-ad35-07c34665999c@group-04E13EADA265-SegmentedRaftLogWorker: flushIndex: setUnconditionally 0 -> -1
2019-09-17 07:43:56,055 [pool-57-thread-1] INFO  server.RaftServerConfigKeys (ConfUtils.java:logGet(43)) - raft.server.snapshot.auto.trigger.enabled = true (custom)
2019-09-17 07:43:56,055 [pool-57-thread-1] INFO  server.RaftServerConfigKeys (ConfUtils.java:logGet(43)) - raft.server.snapshot.auto.trigger.threshold = 10000 (custom)
2019-09-17 07:43:56,056 [pool-57-thread-1] INFO  server.RaftServerConfigKeys (ConfUtils.java:logGet(43)) - raft.server.snapshot.retention.num.files = 5 (custom)
2019-09-17 07:43:56,056 [pool-57-thread-1] INFO  server.RaftServerConfigKeys (ConfUtils.java:logGet(43)) - raft.server.retrycache.expirytime = 600000ms (custom)
2019-09-17 07:43:56,059 [pool-57-thread-1] INFO  impl.RaftServerImpl (RaftServerImpl.java:start(185)) - 9cc127b6-6322-4ddd-ad35-07c34665999c@group-04E13EADA265: start as a follower, conf=-1: [9cc127b6-6322-4ddd-ad35-07c34665999c:192.168.151.112:43030], old=null
2019-09-17 07:43:56,060 [pool-57-thread-1] INFO  impl.RaftServerImpl (RaftServerImpl.java:setRole(174)) - 9cc127b6-6322-4ddd-ad35-07c34665999c@group-04E13EADA265: changes role from      null to FOLLOWER at term 0 for startAsFollower
2019-09-17 07:43:56,060 [pool-57-thread-1] INFO  impl.RoleInfo (RoleInfo.java:updateAndGet(143)) - 9cc127b6-6322-4ddd-ad35-07c34665999c: start FollowerState
2019-09-17 07:43:56,060 [pool-57-thread-1] INFO  util.JmxRegister (JmxRegister.java:tryRegister(44)) - Successfully registered JMX Bean with object name Ratis:service=RaftServer,group=group-04E13EADA265,id=9cc127b6-6322-4ddd-ad35-07c34665999c
2019-09-17 07:43:56,075 [RatisPipelineUtilsThread] INFO  pipeline.PipelineStateManager (PipelineStateManager.java:addPipeline(56)) - Created pipeline Pipeline[ Id: 67c1b9ea-e96e-4b90-938e-04e13eada265, Nodes: 9cc127b6-6322-4ddd-ad35-07c34665999c{ip: 192.168.151.112, host: pr-hdds-2134-72wlk-3981800394, networkLocation: /default-rack, certSerialId: null}, Type:RATIS, Factor:ONE, State:OPEN]
2019-09-17 07:43:56,076 [main] INFO  ozone.MiniOzoneClusterImpl (MiniOzoneClusterImpl.java:lambda$waitForClusterToBeReady$0(145)) - Cluster is ready. Got 10 of 10 DN Heartbeats.
2019-09-17 07:43:56,099 [grpc-default-executor-1] INFO  impl.RaftServerProxy (RaftServerProxy.java:addNew(89)) - cca845ef-daa9-4965-b848-0a1a0c80ebf1: addNew group-7EC530A629AC:[cca845ef-daa9-4965-b848-0a1a0c80ebf1:192.168.151.112:45232] returns group-7EC530A629AC:java.util.concurrent.CompletableFuture@162f3b8f[Not completed]
2019-09-17 07:43:56,105 [pool-77-thread-1] INFO  impl.RaftServerImpl (RaftServerImpl.java:<init>(95)) - cca845ef-daa9-4965-b848-0a1a0c80ebf1: new RaftServerImpl for group-7EC530A629AC:[cca845ef-daa9-4965-b848-0a1a0c80ebf1:192.168.151.112:45232] with ContainerStateMachine:uninitialized
2019-09-17 07:43:56,105 [pool-77-thread-1] INFO  server.RaftServerConfigKeys (ConfUtils.java:logGet(43)) - raft.server.rpc.timeout.min = 1s (custom)
2019-09-17 07:43:56,105 [pool-77-thread-1] INFO  server.RaftServerConfigKeys (ConfUtils.java:logGet(43)) - raft.server.rpc.timeout.max = 1200ms (custom)
2019-09-17 07:43:56,105 [pool-77-thread-1] INFO  server.RaftServerConfigKeys (ConfUtils.java:logGet(43)) - raft.server.rpcslowness.timeout = 120s (custom)
2019-09-17 07:43:56,105 [pool-77-thread-1] INFO  server.RaftServerConfigKeys (ConfUtils.java:logGet(43)) - raft.server.sleep.deviation.threshold = 300 (default)
2019-09-17 07:43:56,105 [pool-77-thread-1] INFO  server.RaftServerConfigKeys (ConfUtils.java:logGet(43)) - raft.server.log.appender.install.snapshot.enabled = false (custom)
2019-09-17 07:43:56,106 [pool-77-thread-1] INFO  impl.RaftServerImpl (ServerState.java:<init>(103)) - cca845ef-daa9-4965-b848-0a1a0c80ebf1@group-7EC530A629AC: ConfigurationManager, init=-1: [cca845ef-daa9-4965-b848-0a1a0c80ebf1:192.168.151.112:45232], old=null, confs=<EMPTY_MAP>
2019-09-17 07:43:56,106 [pool-77-thread-1] INFO  server.RaftServerConfigKeys (ConfUtils.java:logGet(43)) - raft.server.storage.dir = [/workdir/hadoop-ozone/integration-test/target/test-dir/MiniOzoneClusterImpl-2856df08-3e92-4080-a2c9-ea03709d96bd/datanode-5/data/ratis] (custom)
2019-09-17 07:43:56,106 [pool-77-thread-1] INFO  storage.RaftStorageDirectory (RaftStorageDirectory.java:analyzeStorage(246)) - The storage directory /workdir/hadoop-ozone/integration-test/target/test-dir/MiniOzoneClusterImpl-2856df08-3e92-4080-a2c9-ea03709d96bd/datanode-5/data/ratis/c8460ea1-d304-4a66-bdd4-7ec530a629ac does not exist. Creating ...
2019-09-17 07:43:56,123 [pool-77-thread-1] INFO  storage.RaftStorageDirectory (RaftStorageDirectory.java:tryLock(328)) - Lock on /workdir/hadoop-ozone/integration-test/target/test-dir/MiniOzoneClusterImpl-2856df08-3e92-4080-a2c9-ea03709d96bd/datanode-5/data/ratis/c8460ea1-d304-4a66-bdd4-7ec530a629ac/in_use.lock acquired by nodename 12626@pr-hdds-2134-72wlk-3981800394
2019-09-17 07:43:56,137 [pool-77-thread-1] INFO  storage.RaftStorage (RaftStorage.java:format(72)) - Storage directory /workdir/hadoop-ozone/integration-test/target/test-dir/MiniOzoneClusterImpl-2856df08-3e92-4080-a2c9-ea03709d96bd/datanode-5/data/ratis/c8460ea1-d304-4a66-bdd4-7ec530a629ac has been successfully formatted.
2019-09-17 07:43:56,137 [pool-77-thread-1] INFO  ratis.ContainerStateMachine (ContainerStateMachine.java:loadSnapshot(230)) - group-7EC530A629AC: The snapshot info is null. Setting the last applied indexto:(t:0, i:~)
2019-09-17 07:43:56,137 [pool-77-thread-1] INFO  server.RaftServerConfigKeys (ConfUtils.java:logGet(43)) - raft.server.notification.no-leader.timeout = 120s (custom)
2019-09-17 07:43:56,137 [pool-77-thread-1] INFO  server.RaftServerConfigKeys (ConfUtils.java:logGet(43)) - raft.server.log.use.memory = false (default)
2019-09-17 07:43:56,138 [pool-77-thread-1] INFO  server.RaftServerConfigKeys (ConfUtils.java:logGet(43)) - raft.server.log.purge.gap = 1000000 (custom)
2019-09-17 07:43:56,138 [pool-77-thread-1] INFO  server.RaftServerConfigKeys (ConfUtils.java:logGet(43)) - raft.server.log.appender.buffer.byte-limit = 33554432 (custom)
2019-09-17 07:43:56,138 [pool-77-thread-1] INFO  server.RaftServerConfigKeys (ConfUtils.java:logGet(43)) - raft.server.log.segment.size.max = 1048576 (custom)
2019-09-17 07:43:56,138 [pool-77-thread-1] INFO  server.RaftServerConfigKeys (ConfUtils.java:logGet(43)) - raft.server.log.segment.cache.num.max = 2 (custom)
2019-09-17 07:43:56,138 [pool-77-thread-1] INFO  segmented.SegmentedRaftLogWorker (SegmentedRaftLogWorker.java:<init>(172)) - new cca845ef-daa9-4965-b848-0a1a0c80ebf1@group-7EC530A629AC-SegmentedRaftLogWorker for RaftStorage:Storage Directory /workdir/hadoop-ozone/integration-test/target/test-dir/MiniOzoneClusterImpl-2856df08-3e92-4080-a2c9-ea03709d96bd/datanode-5/data/ratis/c8460ea1-d304-4a66-bdd4-7ec530a629ac
2019-09-17 07:43:56,142 [pool-77-thread-1] INFO  server.RaftServerConfigKeys (ConfUtils.java:logGet(43)) - raft.server.log.queue.byte-limit = 2147483647 (custom)
2019-09-17 07:43:56,143 [pool-77-thread-1] INFO  server.RaftServerConfigKeys (ConfUtils.java:logGet(43)) - raft.server.log.queue.element-limit = 1024 (custom)
2019-09-17 07:43:56,143 [pool-77-thread-1] INFO  server.RaftServerConfigKeys (ConfUtils.java:logGet(43)) - raft.server.log.segment.size.max = 1048576 (custom)
2019-09-17 07:43:56,143 [pool-77-thread-1] INFO  server.RaftServerConfigKeys (ConfUtils.java:logGet(43)) - raft.server.log.preallocated.size = 16384 (custom)
2019-09-17 07:43:56,144 [pool-77-thread-1] INFO  server.RaftServerConfigKeys (ConfUtils.java:logGet(43)) - raft.server.log.write.buffer.size = 33554432 (custom)
2019-09-17 07:43:56,144 [pool-77-thread-1] INFO  server.RaftServerConfigKeys (ConfUtils.java:logGet(43)) - raft.server.log.force.sync.num = 128 (default)
2019-09-17 07:43:56,144 [pool-77-thread-1] INFO  server.RaftServerConfigKeys (ConfUtils.java:logGet(43)) - raft.server.log.statemachine.data.sync = true (default)
2019-09-17 07:43:56,144 [pool-77-thread-1] INFO  server.RaftServerConfigKeys (ConfUtils.java:logGet(43)) - raft.server.log.statemachine.data.sync.timeout = 10s (default)
2019-09-17 07:43:56,144 [pool-77-thread-1] INFO  server.RaftServerConfigKeys (ConfUtils.java:logGet(43)) - raft.server.log.statemachine.data.sync.timeout.retry = -1 (default)
2019-09-17 07:43:56,145 [pool-77-thread-1] INFO  server.RaftServerConfigKeys (ConfUtils.java:logGet(43)) - raft.server.log.statemachine.data.caching.enabled = true (custom)
2019-09-17 07:43:56,145 [pool-77-thread-1] INFO  segmented.SegmentedRaftLogWorker (SegmentedRaftLogWorker.java:lambda$new$0(132)) - cca845ef-daa9-4965-b848-0a1a0c80ebf1@group-7EC530A629AC-SegmentedRaftLogWorker: flushIndex: setUnconditionally 0 -> -1
2019-09-17 07:43:56,146 [pool-77-thread-1] INFO  server.RaftServerConfigKeys (ConfUtils.java:logGet(43)) - raft.server.snapshot.auto.trigger.enabled = true (custom)
2019-09-17 07:43:56,146 [pool-77-thread-1] INFO  server.RaftServerConfigKeys (ConfUtils.java:logGet(43)) - raft.server.snapshot.auto.trigger.threshold = 10000 (custom)
2019-09-17 07:43:56,146 [pool-77-thread-1] INFO  server.RaftServerConfigKeys (ConfUtils.java:logGet(43)) - raft.server.snapshot.retention.num.files = 5 (custom)
2019-09-17 07:43:56,146 [pool-77-thread-1] INFO  server.RaftServerConfigKeys (ConfUtils.java:logGet(43)) - raft.server.retrycache.expirytime = 600000ms (custom)
2019-09-17 07:43:56,150 [pool-77-thread-1] INFO  impl.RaftServerImpl (RaftServerImpl.java:start(185)) - cca845ef-daa9-4965-b848-0a1a0c80ebf1@group-7EC530A629AC: start as a follower, conf=-1: [cca845ef-daa9-4965-b848-0a1a0c80ebf1:192.168.151.112:45232], old=null
2019-09-17 07:43:56,150 [pool-77-thread-1] INFO  impl.RaftServerImpl (RaftServerImpl.java:setRole(174)) - cca845ef-daa9-4965-b848-0a1a0c80ebf1@group-7EC530A629AC: changes role from      null to FOLLOWER at term 0 for startAsFollower
2019-09-17 07:43:56,150 [pool-77-thread-1] INFO  impl.RoleInfo (RoleInfo.java:updateAndGet(143)) - cca845ef-daa9-4965-b848-0a1a0c80ebf1: start FollowerState
2019-09-17 07:43:56,151 [pool-77-thread-1] INFO  util.JmxRegister (JmxRegister.java:tryRegister(44)) - Successfully registered JMX Bean with object name Ratis:service=RaftServer,group=group-7EC530A629AC,id=cca845ef-daa9-4965-b848-0a1a0c80ebf1
2019-09-17 07:43:56,172 [RatisPipelineUtilsThread] INFO  pipeline.PipelineStateManager (PipelineStateManager.java:addPipeline(56)) - Created pipeline Pipeline[ Id: c8460ea1-d304-4a66-bdd4-7ec530a629ac, Nodes: cca845ef-daa9-4965-b848-0a1a0c80ebf1{ip: 192.168.151.112, host: pr-hdds-2134-72wlk-3981800394, networkLocation: /default-rack, certSerialId: null}, Type:RATIS, Factor:ONE, State:OPEN]
2019-09-17 07:43:56,200 [grpc-default-executor-1] INFO  impl.RaftServerProxy (RaftServerProxy.java:addNew(89)) - 96d93dec-e435-44d3-a97f-c1954b993e4b: addNew group-CD965A7A1117:[96d93dec-e435-44d3-a97f-c1954b993e4b:192.168.151.112:39352] returns group-CD965A7A1117:java.util.concurrent.CompletableFuture@44911490[Not completed]
2019-09-17 07:43:56,206 [pool-67-thread-1] INFO  impl.RaftServerImpl (RaftServerImpl.java:<init>(95)) - 96d93dec-e435-44d3-a97f-c1954b993e4b: new RaftServerImpl for group-CD965A7A1117:[96d93dec-e435-44d3-a97f-c1954b993e4b:192.168.151.112:39352] with ContainerStateMachine:uninitialized
2019-09-17 07:43:56,206 [pool-67-thread-1] INFO  server.RaftServerConfigKeys (ConfUtils.java:logGet(43)) - raft.server.rpc.timeout.min = 1s (custom)
2019-09-17 07:43:56,207 [pool-67-thread-1] INFO  server.RaftServerConfigKeys (ConfUtils.java:logGet(43)) - raft.server.rpc.timeout.max = 1200ms (custom)
2019-09-17 07:43:56,207 [pool-67-thread-1] INFO  server.RaftServerConfigKeys (ConfUtils.java:logGet(43)) - raft.server.rpcslowness.timeout = 120s (custom)
2019-09-17 07:43:56,207 [pool-67-thread-1] INFO  server.RaftServerConfigKeys (ConfUtils.java:logGet(43)) - raft.server.sleep.deviation.threshold = 300 (default)
2019-09-17 07:43:56,207 [pool-67-thread-1] INFO  server.RaftServerConfigKeys (ConfUtils.java:logGet(43)) - raft.server.log.appender.install.snapshot.enabled = false (custom)
2019-09-17 07:43:56,207 [pool-67-thread-1] INFO  impl.RaftServerImpl (ServerState.java:<init>(103)) - 96d93dec-e435-44d3-a97f-c1954b993e4b@group-CD965A7A1117: ConfigurationManager, init=-1: [96d93dec-e435-44d3-a97f-c1954b993e4b:192.168.151.112:39352], old=null, confs=<EMPTY_MAP>
2019-09-17 07:43:56,207 [pool-67-thread-1] INFO  server.RaftServerConfigKeys (ConfUtils.java:logGet(43)) - raft.server.storage.dir = [/workdir/hadoop-ozone/integration-test/target/test-dir/MiniOzoneClusterImpl-2856df08-3e92-4080-a2c9-ea03709d96bd/datanode-4/data/ratis] (custom)
2019-09-17 07:43:56,208 [pool-67-thread-1] INFO  storage.RaftStorageDirectory (RaftStorageDirectory.java:analyzeStorage(246)) - The storage directory /workdir/hadoop-ozone/integration-test/target/test-dir/MiniOzoneClusterImpl-2856df08-3e92-4080-a2c9-ea03709d96bd/datanode-4/data/ratis/e00dd6e5-3648-4705-9778-cd965a7a1117 does not exist. Creating ...
2019-09-17 07:43:56,222 [pool-67-thread-1] INFO  storage.RaftStorageDirectory (RaftStorageDirectory.java:tryLock(328)) - Lock on /workdir/hadoop-ozone/integration-test/target/test-dir/MiniOzoneClusterImpl-2856df08-3e92-4080-a2c9-ea03709d96bd/datanode-4/data/ratis/e00dd6e5-3648-4705-9778-cd965a7a1117/in_use.lock acquired by nodename 12626@pr-hdds-2134-72wlk-3981800394
2019-09-17 07:43:56,235 [pool-67-thread-1] INFO  storage.RaftStorage (RaftStorage.java:format(72)) - Storage directory /workdir/hadoop-ozone/integration-test/target/test-dir/MiniOzoneClusterImpl-2856df08-3e92-4080-a2c9-ea03709d96bd/datanode-4/data/ratis/e00dd6e5-3648-4705-9778-cd965a7a1117 has been successfully formatted.
2019-09-17 07:43:56,236 [pool-67-thread-1] INFO  ratis.ContainerStateMachine (ContainerStateMachine.java:loadSnapshot(230)) - group-CD965A7A1117: The snapshot info is null. Setting the last applied indexto:(t:0, i:~)
2019-09-17 07:43:56,236 [pool-67-thread-1] INFO  server.RaftServerConfigKeys (ConfUtils.java:logGet(43)) - raft.server.notification.no-leader.timeout = 120s (custom)
2019-09-17 07:43:56,236 [pool-67-thread-1] INFO  server.RaftServerConfigKeys (ConfUtils.java:logGet(43)) - raft.server.log.use.memory = false (default)
2019-09-17 07:43:56,236 [pool-67-thread-1] INFO  server.RaftServerConfigKeys (ConfUtils.java:logGet(43)) - raft.server.log.purge.gap = 1000000 (custom)
2019-09-17 07:43:56,236 [pool-67-thread-1] INFO  server.RaftServerConfigKeys (ConfUtils.java:logGet(43)) - raft.server.log.appender.buffer.byte-limit = 33554432 (custom)
2019-09-17 07:43:56,237 [pool-67-thread-1] INFO  server.RaftServerConfigKeys (ConfUtils.java:logGet(43)) - raft.server.log.segment.size.max = 1048576 (custom)
2019-09-17 07:43:56,237 [pool-67-thread-1] INFO  server.RaftServerConfigKeys (ConfUtils.java:logGet(43)) - raft.server.log.segment.cache.num.max = 2 (custom)
2019-09-17 07:43:56,237 [pool-67-thread-1] INFO  segmented.SegmentedRaftLogWorker (SegmentedRaftLogWorker.java:<init>(172)) - new 96d93dec-e435-44d3-a97f-c1954b993e4b@group-CD965A7A1117-SegmentedRaftLogWorker for RaftStorage:Storage Directory /workdir/hadoop-ozone/integration-test/target/test-dir/MiniOzoneClusterImpl-2856df08-3e92-4080-a2c9-ea03709d96bd/datanode-4/data/ratis/e00dd6e5-3648-4705-9778-cd965a7a1117
2019-09-17 07:43:56,240 [pool-67-thread-1] INFO  server.RaftServerConfigKeys (ConfUtils.java:logGet(43)) - raft.server.log.queue.byte-limit = 2147483647 (custom)
2019-09-17 07:43:56,240 [pool-67-thread-1] INFO  server.RaftServerConfigKeys (ConfUtils.java:logGet(43)) - raft.server.log.queue.element-limit = 1024 (custom)
2019-09-17 07:43:56,240 [pool-67-thread-1] INFO  server.RaftServerConfigKeys (ConfUtils.java:logGet(43)) - raft.server.log.segment.size.max = 1048576 (custom)
2019-09-17 07:43:56,241 [pool-67-thread-1] INFO  server.RaftServerConfigKeys (ConfUtils.java:logGet(43)) - raft.server.log.preallocated.size = 16384 (custom)
2019-09-17 07:43:56,241 [pool-67-thread-1] INFO  server.RaftServerConfigKeys (ConfUtils.java:logGet(43)) - raft.server.log.write.buffer.size = 33554432 (custom)
2019-09-17 07:43:56,241 [pool-67-thread-1] INFO  server.RaftServerConfigKeys (ConfUtils.java:logGet(43)) - raft.server.log.force.sync.num = 128 (default)
2019-09-17 07:43:56,241 [pool-67-thread-1] INFO  server.RaftServerConfigKeys (ConfUtils.java:logGet(43)) - raft.server.log.statemachine.data.sync = true (default)
2019-09-17 07:43:56,241 [pool-67-thread-1] INFO  server.RaftServerConfigKeys (ConfUtils.java:logGet(43)) - raft.server.log.statemachine.data.sync.timeout = 10s (default)
2019-09-17 07:43:56,241 [pool-67-thread-1] INFO  server.RaftServerConfigKeys (ConfUtils.java:logGet(43)) - raft.server.log.statemachine.data.sync.timeout.retry = -1 (default)
2019-09-17 07:43:56,242 [pool-67-thread-1] INFO  server.RaftServerConfigKeys (ConfUtils.java:logGet(43)) - raft.server.log.statemachine.data.caching.enabled = true (custom)
2019-09-17 07:43:56,242 [pool-67-thread-1] INFO  segmented.SegmentedRaftLogWorker (SegmentedRaftLogWorker.java:lambda$new$0(132)) - 96d93dec-e435-44d3-a97f-c1954b993e4b@group-CD965A7A1117-SegmentedRaftLogWorker: flushIndex: setUnconditionally 0 -> -1
2019-09-17 07:43:56,243 [pool-67-thread-1] INFO  server.RaftServerConfigKeys (ConfUtils.java:logGet(43)) - raft.server.snapshot.auto.trigger.enabled = true (custom)
2019-09-17 07:43:56,243 [pool-67-thread-1] INFO  server.RaftServerConfigKeys (ConfUtils.java:logGet(43)) - raft.server.snapshot.auto.trigger.threshold = 10000 (custom)
2019-09-17 07:43:56,243 [pool-67-thread-1] INFO  server.RaftServerConfigKeys (ConfUtils.java:logGet(43)) - raft.server.snapshot.retention.num.files = 5 (custom)
2019-09-17 07:43:56,243 [pool-67-thread-1] INFO  server.RaftServerConfigKeys (ConfUtils.java:logGet(43)) - raft.server.retrycache.expirytime = 600000ms (custom)
2019-09-17 07:43:56,246 [pool-67-thread-1] INFO  impl.RaftServerImpl (RaftServerImpl.java:start(185)) - 96d93dec-e435-44d3-a97f-c1954b993e4b@group-CD965A7A1117: start as a follower, conf=-1: [96d93dec-e435-44d3-a97f-c1954b993e4b:192.168.151.112:39352], old=null
2019-09-17 07:43:56,246 [pool-67-thread-1] INFO  impl.RaftServerImpl (RaftServerImpl.java:setRole(174)) - 96d93dec-e435-44d3-a97f-c1954b993e4b@group-CD965A7A1117: changes role from      null to FOLLOWER at term 0 for startAsFollower
2019-09-17 07:43:56,246 [pool-67-thread-1] INFO  impl.RoleInfo (RoleInfo.java:updateAndGet(143)) - 96d93dec-e435-44d3-a97f-c1954b993e4b: start FollowerState
2019-09-17 07:43:56,247 [pool-67-thread-1] INFO  util.JmxRegister (JmxRegister.java:tryRegister(44)) - Successfully registered JMX Bean with object name Ratis:service=RaftServer,group=group-CD965A7A1117,id=96d93dec-e435-44d3-a97f-c1954b993e4b
2019-09-17 07:43:56,264 [RatisPipelineUtilsThread] INFO  pipeline.PipelineStateManager (PipelineStateManager.java:addPipeline(56)) - Created pipeline Pipeline[ Id: e00dd6e5-3648-4705-9778-cd965a7a1117, Nodes: 96d93dec-e435-44d3-a97f-c1954b993e4b{ip: 192.168.151.112, host: pr-hdds-2134-72wlk-3981800394, networkLocation: /default-rack, certSerialId: null}, Type:RATIS, Factor:ONE, State:OPEN]
2019-09-17 07:43:56,289 [Thread-285] INFO  impl.FollowerState (FollowerState.java:run(106)) - 193495bf-c496-4e24-ad0b-455843e1a269:group-0739475C793C changes to CANDIDATE, lastRpcTime:1056, electionTimeout:1055ms
2019-09-17 07:43:56,289 [grpc-default-executor-1] INFO  impl.RaftServerProxy (RaftServerProxy.java:addNew(89)) - a6514a8e-6408-4ac6-93dd-a0b43c53a9d5: addNew group-DBCBC5799FC4:[a6514a8e-6408-4ac6-93dd-a0b43c53a9d5:192.168.151.112:43664] returns group-DBCBC5799FC4:java.util.concurrent.CompletableFuture@788c9380[Not completed]
2019-09-17 07:43:56,296 [pool-87-thread-1] INFO  impl.RaftServerImpl (RaftServerImpl.java:<init>(95)) - a6514a8e-6408-4ac6-93dd-a0b43c53a9d5: new RaftServerImpl for group-DBCBC5799FC4:[a6514a8e-6408-4ac6-93dd-a0b43c53a9d5:192.168.151.112:43664] with ContainerStateMachine:uninitialized
2019-09-17 07:43:56,296 [Thread-285] INFO  impl.RoleInfo (RoleInfo.java:shutdownFollowerState(121)) - 193495bf-c496-4e24-ad0b-455843e1a269: shutdown FollowerState
2019-09-17 07:43:56,296 [pool-87-thread-1] INFO  server.RaftServerConfigKeys (ConfUtils.java:logGet(43)) - raft.server.rpc.timeout.min = 1s (custom)
2019-09-17 07:43:56,297 [Thread-285] INFO  impl.RaftServerImpl (RaftServerImpl.java:setRole(174)) - 193495bf-c496-4e24-ad0b-455843e1a269@group-0739475C793C: changes role from  FOLLOWER to CANDIDATE at term 0 for changeToCandidate
2019-09-17 07:43:56,297 [pool-87-thread-1] INFO  server.RaftServerConfigKeys (ConfUtils.java:logGet(43)) - raft.server.rpc.timeout.max = 1200ms (custom)
2019-09-17 07:43:56,297 [pool-87-thread-1] INFO  server.RaftServerConfigKeys (ConfUtils.java:logGet(43)) - raft.server.rpcslowness.timeout = 120s (custom)
2019-09-17 07:43:56,297 [pool-87-thread-1] INFO  server.RaftServerConfigKeys (ConfUtils.java:logGet(43)) - raft.server.sleep.deviation.threshold = 300 (default)
2019-09-17 07:43:56,297 [pool-87-thread-1] INFO  server.RaftServerConfigKeys (ConfUtils.java:logGet(43)) - raft.server.log.appender.install.snapshot.enabled = false (custom)
2019-09-17 07:43:56,298 [pool-87-thread-1] INFO  impl.RaftServerImpl (ServerState.java:<init>(103)) - a6514a8e-6408-4ac6-93dd-a0b43c53a9d5@group-DBCBC5799FC4: ConfigurationManager, init=-1: [a6514a8e-6408-4ac6-93dd-a0b43c53a9d5:192.168.151.112:43664], old=null, confs=<EMPTY_MAP>
2019-09-17 07:43:56,298 [pool-87-thread-1] INFO  server.RaftServerConfigKeys (ConfUtils.java:logGet(43)) - raft.server.storage.dir = [/workdir/hadoop-ozone/integration-test/target/test-dir/MiniOzoneClusterImpl-2856df08-3e92-4080-a2c9-ea03709d96bd/datanode-6/data/ratis] (custom)
2019-09-17 07:43:56,298 [pool-87-thread-1] INFO  storage.RaftStorageDirectory (RaftStorageDirectory.java:analyzeStorage(246)) - The storage directory /workdir/hadoop-ozone/integration-test/target/test-dir/MiniOzoneClusterImpl-2856df08-3e92-4080-a2c9-ea03709d96bd/datanode-6/data/ratis/98160496-ae0e-491f-8007-dbcbc5799fc4 does not exist. Creating ...
2019-09-17 07:43:56,301 [Thread-285] INFO  impl.RoleInfo (RoleInfo.java:updateAndGet(143)) - 193495bf-c496-4e24-ad0b-455843e1a269: start LeaderElection
2019-09-17 07:43:56,312 [pool-87-thread-1] INFO  storage.RaftStorageDirectory (RaftStorageDirectory.java:tryLock(328)) - Lock on /workdir/hadoop-ozone/integration-test/target/test-dir/MiniOzoneClusterImpl-2856df08-3e92-4080-a2c9-ea03709d96bd/datanode-6/data/ratis/98160496-ae0e-491f-8007-dbcbc5799fc4/in_use.lock acquired by nodename 12626@pr-hdds-2134-72wlk-3981800394
2019-09-17 07:43:56,312 [193495bf-c496-4e24-ad0b-455843e1a269@group-0739475C793C:LeaderElection1] INFO  impl.LeaderElection (LeaderElection.java:askForVotes(182)) - 193495bf-c496-4e24-ad0b-455843e1a269@group-0739475C793C:LeaderElection1: begin an election at term 1 for -1: [193495bf-c496-4e24-ad0b-455843e1a269:192.168.151.112:44913], old=null
2019-09-17 07:43:56,314 [193495bf-c496-4e24-ad0b-455843e1a269@group-0739475C793C:LeaderElection1] INFO  impl.RoleInfo (RoleInfo.java:shutdownLeaderElection(134)) - 193495bf-c496-4e24-ad0b-455843e1a269: shutdown LeaderElection
2019-09-17 07:43:56,315 [193495bf-c496-4e24-ad0b-455843e1a269@group-0739475C793C:LeaderElection1] INFO  impl.RaftServerImpl (RaftServerImpl.java:setRole(174)) - 193495bf-c496-4e24-ad0b-455843e1a269@group-0739475C793C: changes role from CANDIDATE to LEADER at term 1 for changeToLeader
2019-09-17 07:43:56,315 [193495bf-c496-4e24-ad0b-455843e1a269@group-0739475C793C:LeaderElection1] INFO  impl.RaftServerImpl (ServerState.java:setLeader(253)) - 193495bf-c496-4e24-ad0b-455843e1a269@group-0739475C793C: change Leader from null to 193495bf-c496-4e24-ad0b-455843e1a269 at term 1 for becomeLeader, leader elected after 1203ms
2019-09-17 07:43:56,326 [193495bf-c496-4e24-ad0b-455843e1a269@group-0739475C793C:LeaderElection1] INFO  server.RaftServerConfigKeys (ConfUtils.java:logGet(43)) - raft.server.staging.catchup.gap = 1000 (default)
2019-09-17 07:43:56,326 [pool-87-thread-1] INFO  storage.RaftStorage (RaftStorage.java:format(72)) - Storage directory /workdir/hadoop-ozone/integration-test/target/test-dir/MiniOzoneClusterImpl-2856df08-3e92-4080-a2c9-ea03709d96bd/datanode-6/data/ratis/98160496-ae0e-491f-8007-dbcbc5799fc4 has been successfully formatted.
2019-09-17 07:43:56,328 [193495bf-c496-4e24-ad0b-455843e1a269@group-0739475C793C:LeaderElection1] INFO  server.RaftServerConfigKeys (ConfUtils.java:logGet(43)) - raft.server.rpc.sleep.time = 25ms (default)
2019-09-17 07:43:56,329 [pool-87-thread-1] INFO  ratis.ContainerStateMachine (ContainerStateMachine.java:loadSnapshot(230)) - group-DBCBC5799FC4: The snapshot info is null. Setting the last applied indexto:(t:0, i:~)
2019-09-17 07:43:56,329 [pool-87-thread-1] INFO  server.RaftServerConfigKeys (ConfUtils.java:logGet(43)) - raft.server.notification.no-leader.timeout = 120s (custom)
2019-09-17 07:43:56,329 [pool-87-thread-1] INFO  server.RaftServerConfigKeys (ConfUtils.java:logGet(43)) - raft.server.log.use.memory = false (default)
2019-09-17 07:43:56,329 [pool-87-thread-1] INFO  server.RaftServerConfigKeys (ConfUtils.java:logGet(43)) - raft.server.log.purge.gap = 1000000 (custom)
2019-09-17 07:43:56,329 [pool-87-thread-1] INFO  server.RaftServerConfigKeys (ConfUtils.java:logGet(43)) - raft.server.log.appender.buffer.byte-limit = 33554432 (custom)
2019-09-17 07:43:56,329 [pool-87-thread-1] INFO  server.RaftServerConfigKeys (ConfUtils.java:logGet(43)) - raft.server.log.segment.size.max = 1048576 (custom)
2019-09-17 07:43:56,330 [pool-87-thread-1] INFO  server.RaftServerConfigKeys (ConfUtils.java:logGet(43)) - raft.server.log.segment.cache.num.max = 2 (custom)
2019-09-17 07:43:56,330 [pool-87-thread-1] INFO  segmented.SegmentedRaftLogWorker (SegmentedRaftLogWorker.java:<init>(172)) - new a6514a8e-6408-4ac6-93dd-a0b43c53a9d5@group-DBCBC5799FC4-SegmentedRaftLogWorker for RaftStorage:Storage Directory /workdir/hadoop-ozone/integration-test/target/test-dir/MiniOzoneClusterImpl-2856df08-3e92-4080-a2c9-ea03709d96bd/datanode-6/data/ratis/98160496-ae0e-491f-8007-dbcbc5799fc4
2019-09-17 07:43:56,334 [pool-87-thread-1] INFO  server.RaftServerConfigKeys (ConfUtils.java:logGet(43)) - raft.server.log.queue.byte-limit = 2147483647 (custom)
2019-09-17 07:43:56,335 [pool-87-thread-1] INFO  server.RaftServerConfigKeys (ConfUtils.java:logGet(43)) - raft.server.log.queue.element-limit = 1024 (custom)
2019-09-17 07:43:56,335 [193495bf-c496-4e24-ad0b-455843e1a269@group-0739475C793C:LeaderElection1] INFO  server.RaftServerConfigKeys (ConfUtils.java:logGet(43)) - raft.server.write.element-limit = 4096 (default)
2019-09-17 07:43:56,335 [pool-87-thread-1] INFO  server.RaftServerConfigKeys (ConfUtils.java:logGet(43)) - raft.server.log.segment.size.max = 1048576 (custom)
2019-09-17 07:43:56,338 [pool-87-thread-1] INFO  server.RaftServerConfigKeys (ConfUtils.java:logGet(43)) - raft.server.log.preallocated.size = 16384 (custom)
2019-09-17 07:43:56,338 [pool-87-thread-1] INFO  server.RaftServerConfigKeys (ConfUtils.java:logGet(43)) - raft.server.log.write.buffer.size = 33554432 (custom)
2019-09-17 07:43:56,338 [pool-87-thread-1] INFO  server.RaftServerConfigKeys (ConfUtils.java:logGet(43)) - raft.server.log.force.sync.num = 128 (default)
2019-09-17 07:43:56,338 [pool-87-thread-1] INFO  server.RaftServerConfigKeys (ConfUtils.java:logGet(43)) - raft.server.log.statemachine.data.sync = true (default)
2019-09-17 07:43:56,338 [pool-87-thread-1] INFO  server.RaftServerConfigKeys (ConfUtils.java:logGet(43)) - raft.server.log.statemachine.data.sync.timeout = 10s (default)
2019-09-17 07:43:56,339 [pool-87-thread-1] INFO  server.RaftServerConfigKeys (ConfUtils.java:logGet(43)) - raft.server.log.statemachine.data.sync.timeout.retry = -1 (default)
2019-09-17 07:43:56,339 [pool-87-thread-1] INFO  server.RaftServerConfigKeys (ConfUtils.java:logGet(43)) - raft.server.log.statemachine.data.caching.enabled = true (custom)
2019-09-17 07:43:56,339 [pool-87-thread-1] INFO  segmented.SegmentedRaftLogWorker (SegmentedRaftLogWorker.java:lambda$new$0(132)) - a6514a8e-6408-4ac6-93dd-a0b43c53a9d5@group-DBCBC5799FC4-SegmentedRaftLogWorker: flushIndex: setUnconditionally 0 -> -1
2019-09-17 07:43:56,340 [pool-87-thread-1] INFO  server.RaftServerConfigKeys (ConfUtils.java:logGet(43)) - raft.server.snapshot.auto.trigger.enabled = true (custom)
2019-09-17 07:43:56,340 [pool-87-thread-1] INFO  server.RaftServerConfigKeys (ConfUtils.java:logGet(43)) - raft.server.snapshot.auto.trigger.threshold = 10000 (custom)
2019-09-17 07:43:56,340 [pool-87-thread-1] INFO  server.RaftServerConfigKeys (ConfUtils.java:logGet(43)) - raft.server.snapshot.retention.num.files = 5 (custom)
2019-09-17 07:43:56,340 [pool-87-thread-1] INFO  server.RaftServerConfigKeys (ConfUtils.java:logGet(43)) - raft.server.retrycache.expirytime = 600000ms (custom)
2019-09-17 07:43:56,340 [193495bf-c496-4e24-ad0b-455843e1a269@group-0739475C793C:LeaderElection1] INFO  server.RaftServerConfigKeys (ConfUtils.java:logGet(43)) - raft.server.watch.timeout = 10s (default)
2019-09-17 07:43:56,341 [193495bf-c496-4e24-ad0b-455843e1a269@group-0739475C793C:LeaderElection1] INFO  server.RaftServerConfigKeys (ConfUtils.java:logGet(43)) - raft.server.watch.timeout.denomination = 1s (default)
2019-09-17 07:43:56,342 [193495bf-c496-4e24-ad0b-455843e1a269@group-0739475C793C:LeaderElection1] INFO  server.RaftServerConfigKeys (ConfUtils.java:logGet(43)) - raft.server.watch.element-limit = 65536 (default)
2019-09-17 07:43:56,342 [pool-87-thread-1] INFO  impl.RaftServerImpl (RaftServerImpl.java:start(185)) - a6514a8e-6408-4ac6-93dd-a0b43c53a9d5@group-DBCBC5799FC4: start as a follower, conf=-1: [a6514a8e-6408-4ac6-93dd-a0b43c53a9d5:192.168.151.112:43664], old=null
2019-09-17 07:43:56,342 [pool-87-thread-1] INFO  impl.RaftServerImpl (RaftServerImpl.java:setRole(174)) - a6514a8e-6408-4ac6-93dd-a0b43c53a9d5@group-DBCBC5799FC4: changes role from      null to FOLLOWER at term 0 for startAsFollower
2019-09-17 07:43:56,342 [pool-87-thread-1] INFO  impl.RoleInfo (RoleInfo.java:updateAndGet(143)) - a6514a8e-6408-4ac6-93dd-a0b43c53a9d5: start FollowerState
2019-09-17 07:43:56,343 [pool-87-thread-1] INFO  util.JmxRegister (JmxRegister.java:tryRegister(44)) - Successfully registered JMX Bean with object name Ratis:service=RaftServer,group=group-DBCBC5799FC4,id=a6514a8e-6408-4ac6-93dd-a0b43c53a9d5
2019-09-17 07:43:56,358 [RatisPipelineUtilsThread] INFO  pipeline.PipelineStateManager (PipelineStateManager.java:addPipeline(56)) - Created pipeline Pipeline[ Id: 98160496-ae0e-491f-8007-dbcbc5799fc4, Nodes: a6514a8e-6408-4ac6-93dd-a0b43c53a9d5{ip: 192.168.151.112, host: pr-hdds-2134-72wlk-3981800394, networkLocation: /default-rack, certSerialId: null}, Type:RATIS, Factor:ONE, State:OPEN]
2019-09-17 07:43:56,384 [193495bf-c496-4e24-ad0b-455843e1a269@group-0739475C793C:LeaderElection1] INFO  impl.RoleInfo (RoleInfo.java:updateAndGet(143)) - 193495bf-c496-4e24-ad0b-455843e1a269: start LeaderState
2019-09-17 07:43:56,390 [grpc-default-executor-1] INFO  impl.RaftServerProxy (RaftServerProxy.java:addNew(89)) - 07d4361b-7c4c-4556-bca6-aef62f6805c3: addNew group-C8B8825E57F2:[07d4361b-7c4c-4556-bca6-aef62f6805c3:192.168.151.112:33018] returns group-C8B8825E57F2:java.util.concurrent.CompletableFuture@1d16c7ef[Not completed]
2019-09-17 07:43:56,401 [pool-117-thread-1] INFO  impl.RaftServerImpl (RaftServerImpl.java:<init>(95)) - 07d4361b-7c4c-4556-bca6-aef62f6805c3: new RaftServerImpl for group-C8B8825E57F2:[07d4361b-7c4c-4556-bca6-aef62f6805c3:192.168.151.112:33018] with ContainerStateMachine:uninitialized
2019-09-17 07:43:56,401 [pool-117-thread-1] INFO  server.RaftServerConfigKeys (ConfUtils.java:logGet(43)) - raft.server.rpc.timeout.min = 1s (custom)
2019-09-17 07:43:56,401 [pool-117-thread-1] INFO  server.RaftServerConfigKeys (ConfUtils.java:logGet(43)) - raft.server.rpc.timeout.max = 1200ms (custom)
2019-09-17 07:43:56,402 [pool-117-thread-1] INFO  server.RaftServerConfigKeys (ConfUtils.java:logGet(43)) - raft.server.rpcslowness.timeout = 120s (custom)
2019-09-17 07:43:56,402 [pool-117-thread-1] INFO  server.RaftServerConfigKeys (ConfUtils.java:logGet(43)) - raft.server.sleep.deviation.threshold = 300 (default)
2019-09-17 07:43:56,402 [pool-117-thread-1] INFO  server.RaftServerConfigKeys (ConfUtils.java:logGet(43)) - raft.server.log.appender.install.snapshot.enabled = false (custom)
2019-09-17 07:43:56,402 [pool-117-thread-1] INFO  impl.RaftServerImpl (ServerState.java:<init>(103)) - 07d4361b-7c4c-4556-bca6-aef62f6805c3@group-C8B8825E57F2: ConfigurationManager, init=-1: [07d4361b-7c4c-4556-bca6-aef62f6805c3:192.168.151.112:33018], old=null, confs=<EMPTY_MAP>
2019-09-17 07:43:56,402 [pool-117-thread-1] INFO  server.RaftServerConfigKeys (ConfUtils.java:logGet(43)) - raft.server.storage.dir = [/workdir/hadoop-ozone/integration-test/target/test-dir/MiniOzoneClusterImpl-2856df08-3e92-4080-a2c9-ea03709d96bd/datanode-9/data/ratis] (custom)
2019-09-17 07:43:56,403 [pool-117-thread-1] INFO  storage.RaftStorageDirectory (RaftStorageDirectory.java:analyzeStorage(246)) - The storage directory /workdir/hadoop-ozone/integration-test/target/test-dir/MiniOzoneClusterImpl-2856df08-3e92-4080-a2c9-ea03709d96bd/datanode-9/data/ratis/1877b565-2de5-4403-91a1-c8b8825e57f2 does not exist. Creating ...
2019-09-17 07:43:56,415 [pool-117-thread-1] INFO  storage.RaftStorageDirectory (RaftStorageDirectory.java:tryLock(328)) - Lock on /workdir/hadoop-ozone/integration-test/target/test-dir/MiniOzoneClusterImpl-2856df08-3e92-4080-a2c9-ea03709d96bd/datanode-9/data/ratis/1877b565-2de5-4403-91a1-c8b8825e57f2/in_use.lock acquired by nodename 12626@pr-hdds-2134-72wlk-3981800394
2019-09-17 07:43:56,428 [pool-117-thread-1] INFO  storage.RaftStorage (RaftStorage.java:format(72)) - Storage directory /workdir/hadoop-ozone/integration-test/target/test-dir/MiniOzoneClusterImpl-2856df08-3e92-4080-a2c9-ea03709d96bd/datanode-9/data/ratis/1877b565-2de5-4403-91a1-c8b8825e57f2 has been successfully formatted.
2019-09-17 07:43:56,428 [pool-117-thread-1] INFO  ratis.ContainerStateMachine (ContainerStateMachine.java:loadSnapshot(230)) - group-C8B8825E57F2: The snapshot info is null. Setting the last applied indexto:(t:0, i:~)
2019-09-17 07:43:56,428 [pool-117-thread-1] INFO  server.RaftServerConfigKeys (ConfUtils.java:logGet(43)) - raft.server.notification.no-leader.timeout = 120s (custom)
2019-09-17 07:43:56,428 [pool-117-thread-1] INFO  server.RaftServerConfigKeys (ConfUtils.java:logGet(43)) - raft.server.log.use.memory = false (default)
2019-09-17 07:43:56,429 [pool-117-thread-1] INFO  server.RaftServerConfigKeys (ConfUtils.java:logGet(43)) - raft.server.log.purge.gap = 1000000 (custom)
2019-09-17 07:43:56,429 [pool-117-thread-1] INFO  server.RaftServerConfigKeys (ConfUtils.java:logGet(43)) - raft.server.log.appender.buffer.byte-limit = 33554432 (custom)
2019-09-17 07:43:56,429 [pool-117-thread-1] INFO  server.RaftServerConfigKeys (ConfUtils.java:logGet(43)) - raft.server.log.segment.size.max = 1048576 (custom)
2019-09-17 07:43:56,429 [pool-117-thread-1] INFO  server.RaftServerConfigKeys (ConfUtils.java:logGet(43)) - raft.server.log.segment.cache.num.max = 2 (custom)
2019-09-17 07:43:56,429 [pool-117-thread-1] INFO  segmented.SegmentedRaftLogWorker (SegmentedRaftLogWorker.java:<init>(172)) - new 07d4361b-7c4c-4556-bca6-aef62f6805c3@group-C8B8825E57F2-SegmentedRaftLogWorker for RaftStorage:Storage Directory /workdir/hadoop-ozone/integration-test/target/test-dir/MiniOzoneClusterImpl-2856df08-3e92-4080-a2c9-ea03709d96bd/datanode-9/data/ratis/1877b565-2de5-4403-91a1-c8b8825e57f2
2019-09-17 07:43:56,430 [193495bf-c496-4e24-ad0b-455843e1a269@group-0739475C793C:LeaderElection1] INFO  segmented.SegmentedRaftLogWorker (SegmentedRaftLogWorker.java:startLogSegment(380)) - 193495bf-c496-4e24-ad0b-455843e1a269@group-0739475C793C-SegmentedRaftLogWorker: Starting segment from index:0
2019-09-17 07:43:56,431 [pool-117-thread-1] INFO  server.RaftServerConfigKeys (ConfUtils.java:logGet(43)) - raft.server.log.queue.byte-limit = 2147483647 (custom)
2019-09-17 07:43:56,431 [pool-117-thread-1] INFO  server.RaftServerConfigKeys (ConfUtils.java:logGet(43)) - raft.server.log.queue.element-limit = 1024 (custom)
2019-09-17 07:43:56,432 [pool-117-thread-1] INFO  server.RaftServerConfigKeys (ConfUtils.java:logGet(43)) - raft.server.log.segment.size.max = 1048576 (custom)
2019-09-17 07:43:56,432 [pool-117-thread-1] INFO  server.RaftServerConfigKeys (ConfUtils.java:logGet(43)) - raft.server.log.preallocated.size = 16384 (custom)
2019-09-17 07:43:56,432 [pool-117-thread-1] INFO  server.RaftServerConfigKeys (ConfUtils.java:logGet(43)) - raft.server.log.write.buffer.size = 33554432 (custom)
2019-09-17 07:43:56,432 [pool-117-thread-1] INFO  server.RaftServerConfigKeys (ConfUtils.java:logGet(43)) - raft.server.log.force.sync.num = 128 (default)
2019-09-17 07:43:56,432 [pool-117-thread-1] INFO  server.RaftServerConfigKeys (ConfUtils.java:logGet(43)) - raft.server.log.statemachine.data.sync = true (default)
2019-09-17 07:43:56,432 [pool-117-thread-1] INFO  server.RaftServerConfigKeys (ConfUtils.java:logGet(43)) - raft.server.log.statemachine.data.sync.timeout = 10s (default)
2019-09-17 07:43:56,432 [pool-117-thread-1] INFO  server.RaftServerConfigKeys (ConfUtils.java:logGet(43)) - raft.server.log.statemachine.data.sync.timeout.retry = -1 (default)
2019-09-17 07:43:56,433 [pool-117-thread-1] INFO  server.RaftServerConfigKeys (ConfUtils.java:logGet(43)) - raft.server.log.statemachine.data.caching.enabled = true (custom)
2019-09-17 07:43:56,433 [pool-117-thread-1] INFO  segmented.SegmentedRaftLogWorker (SegmentedRaftLogWorker.java:lambda$new$0(132)) - 07d4361b-7c4c-4556-bca6-aef62f6805c3@group-C8B8825E57F2-SegmentedRaftLogWorker: flushIndex: setUnconditionally 0 -> -1
2019-09-17 07:43:56,433 [pool-117-thread-1] INFO  server.RaftServerConfigKeys (ConfUtils.java:logGet(43)) - raft.server.snapshot.auto.trigger.enabled = true (custom)
2019-09-17 07:43:56,433 [pool-117-thread-1] INFO  server.RaftServerConfigKeys (ConfUtils.java:logGet(43)) - raft.server.snapshot.auto.trigger.threshold = 10000 (custom)
2019-09-17 07:43:56,433 [pool-117-thread-1] INFO  server.RaftServerConfigKeys (ConfUtils.java:logGet(43)) - raft.server.snapshot.retention.num.files = 5 (custom)
2019-09-17 07:43:56,434 [pool-117-thread-1] INFO  server.RaftServerConfigKeys (ConfUtils.java:logGet(43)) - raft.server.retrycache.expirytime = 600000ms (custom)
2019-09-17 07:43:56,436 [pool-117-thread-1] INFO  impl.RaftServerImpl (RaftServerImpl.java:start(185)) - 07d4361b-7c4c-4556-bca6-aef62f6805c3@group-C8B8825E57F2: start as a follower, conf=-1: [07d4361b-7c4c-4556-bca6-aef62f6805c3:192.168.151.112:33018], old=null
2019-09-17 07:43:56,436 [pool-117-thread-1] INFO  impl.RaftServerImpl (RaftServerImpl.java:setRole(174)) - 07d4361b-7c4c-4556-bca6-aef62f6805c3@group-C8B8825E57F2: changes role from      null to FOLLOWER at term 0 for startAsFollower
2019-09-17 07:43:56,436 [pool-117-thread-1] INFO  impl.RoleInfo (RoleInfo.java:updateAndGet(143)) - 07d4361b-7c4c-4556-bca6-aef62f6805c3: start FollowerState
2019-09-17 07:43:56,436 [pool-117-thread-1] INFO  util.JmxRegister (JmxRegister.java:tryRegister(44)) - Successfully registered JMX Bean with object name Ratis:service=RaftServer,group=group-C8B8825E57F2,id=07d4361b-7c4c-4556-bca6-aef62f6805c3
2019-09-17 07:43:56,449 [193495bf-c496-4e24-ad0b-455843e1a269@group-0739475C793C:LeaderElection1] INFO  impl.RaftServerImpl (ServerState.java:setRaftConf(354)) - 193495bf-c496-4e24-ad0b-455843e1a269@group-0739475C793C: set configuration 0: [193495bf-c496-4e24-ad0b-455843e1a269:192.168.151.112:44913], old=null at 0
2019-09-17 07:43:56,450 [RatisPipelineUtilsThread] INFO  pipeline.PipelineStateManager (PipelineStateManager.java:addPipeline(56)) - Created pipeline Pipeline[ Id: 1877b565-2de5-4403-91a1-c8b8825e57f2, Nodes: 07d4361b-7c4c-4556-bca6-aef62f6805c3{ip: 192.168.151.112, host: pr-hdds-2134-72wlk-3981800394, networkLocation: /default-rack, certSerialId: null}, Type:RATIS, Factor:ONE, State:OPEN]
2019-09-17 07:43:56,497 [grpc-default-executor-1] INFO  impl.RaftServerProxy (RaftServerProxy.java:addNew(89)) - fd1a6a38-1d12-46a9-943d-422a00bbff87: addNew group-CE3B9C89E676:[193495bf-c496-4e24-ad0b-455843e1a269:192.168.151.112:44913, fd1a6a38-1d12-46a9-943d-422a00bbff87:192.168.151.112:35309, df3f7b97-e0a2-4b7a-b613-50634e06cc54:192.168.151.112:33091] returns group-CE3B9C89E676:java.util.concurrent.CompletableFuture@2a10b423[Not completed]
2019-09-17 07:43:56,499 [grpc-default-executor-2] INFO  impl.RaftServerProxy (RaftServerProxy.java:addNew(89)) - 193495bf-c496-4e24-ad0b-455843e1a269: addNew group-CE3B9C89E676:[193495bf-c496-4e24-ad0b-455843e1a269:192.168.151.112:44913, fd1a6a38-1d12-46a9-943d-422a00bbff87:192.168.151.112:35309, df3f7b97-e0a2-4b7a-b613-50634e06cc54:192.168.151.112:33091] returns group-CE3B9C89E676:java.util.concurrent.CompletableFuture@7a43ea51[Not completed]
2019-09-17 07:43:56,499 [grpc-default-executor-0] INFO  impl.RaftServerProxy (RaftServerProxy.java:addNew(89)) - df3f7b97-e0a2-4b7a-b613-50634e06cc54: addNew group-CE3B9C89E676:[193495bf-c496-4e24-ad0b-455843e1a269:192.168.151.112:44913, fd1a6a38-1d12-46a9-943d-422a00bbff87:192.168.151.112:35309, df3f7b97-e0a2-4b7a-b613-50634e06cc54:192.168.151.112:33091] returns group-CE3B9C89E676:java.util.concurrent.CompletableFuture@36adcbc5[Not completed]
2019-09-17 07:43:56,501 [pool-37-thread-1] INFO  impl.RaftServerImpl (RaftServerImpl.java:<init>(95)) - fd1a6a38-1d12-46a9-943d-422a00bbff87: new RaftServerImpl for group-CE3B9C89E676:[193495bf-c496-4e24-ad0b-455843e1a269:192.168.151.112:44913, fd1a6a38-1d12-46a9-943d-422a00bbff87:192.168.151.112:35309, df3f7b97-e0a2-4b7a-b613-50634e06cc54:192.168.151.112:33091] with ContainerStateMachine:uninitialized
2019-09-17 07:43:56,501 [pool-37-thread-1] INFO  server.RaftServerConfigKeys (ConfUtils.java:logGet(43)) - raft.server.rpc.timeout.min = 1s (custom)
2019-09-17 07:43:56,501 [pool-37-thread-1] INFO  server.RaftServerConfigKeys (ConfUtils.java:logGet(43)) - raft.server.rpc.timeout.max = 1200ms (custom)
2019-09-17 07:43:56,501 [pool-37-thread-1] INFO  server.RaftServerConfigKeys (ConfUtils.java:logGet(43)) - raft.server.rpcslowness.timeout = 120s (custom)
2019-09-17 07:43:56,501 [pool-37-thread-1] INFO  server.RaftServerConfigKeys (ConfUtils.java:logGet(43)) - raft.server.sleep.deviation.threshold = 300 (default)
2019-09-17 07:43:56,502 [pool-37-thread-1] INFO  server.RaftServerConfigKeys (ConfUtils.java:logGet(43)) - raft.server.log.appender.install.snapshot.enabled = false (custom)
2019-09-17 07:43:56,502 [pool-37-thread-1] INFO  impl.RaftServerImpl (ServerState.java:<init>(103)) - fd1a6a38-1d12-46a9-943d-422a00bbff87@group-CE3B9C89E676: ConfigurationManager, init=-1: [193495bf-c496-4e24-ad0b-455843e1a269:192.168.151.112:44913, fd1a6a38-1d12-46a9-943d-422a00bbff87:192.168.151.112:35309, df3f7b97-e0a2-4b7a-b613-50634e06cc54:192.168.151.112:33091], old=null, confs=<EMPTY_MAP>
2019-09-17 07:43:56,502 [pool-27-thread-1] INFO  impl.RaftServerImpl (RaftServerImpl.java:<init>(95)) - 193495bf-c496-4e24-ad0b-455843e1a269: new RaftServerImpl for group-CE3B9C89E676:[193495bf-c496-4e24-ad0b-455843e1a269:192.168.151.112:44913, fd1a6a38-1d12-46a9-943d-422a00bbff87:192.168.151.112:35309, df3f7b97-e0a2-4b7a-b613-50634e06cc54:192.168.151.112:33091] with ContainerStateMachine:uninitialized
2019-09-17 07:43:56,502 [pool-37-thread-1] INFO  server.RaftServerConfigKeys (ConfUtils.java:logGet(43)) - raft.server.storage.dir = [/workdir/hadoop-ozone/integration-test/target/test-dir/MiniOzoneClusterImpl-2856df08-3e92-4080-a2c9-ea03709d96bd/datanode-1/data/ratis] (custom)
2019-09-17 07:43:56,506 [pool-27-thread-1] INFO  server.RaftServerConfigKeys (ConfUtils.java:logGet(43)) - raft.server.rpc.timeout.min = 1s (custom)
2019-09-17 07:43:56,508 [pool-27-thread-1] INFO  server.RaftServerConfigKeys (ConfUtils.java:logGet(43)) - raft.server.rpc.timeout.max = 1200ms (custom)
2019-09-17 07:43:56,508 [pool-27-thread-1] INFO  server.RaftServerConfigKeys (ConfUtils.java:logGet(43)) - raft.server.rpcslowness.timeout = 120s (custom)
2019-09-17 07:43:56,508 [pool-47-thread-1] INFO  impl.RaftServerImpl (RaftServerImpl.java:<init>(95)) - df3f7b97-e0a2-4b7a-b613-50634e06cc54: new RaftServerImpl for group-CE3B9C89E676:[193495bf-c496-4e24-ad0b-455843e1a269:192.168.151.112:44913, fd1a6a38-1d12-46a9-943d-422a00bbff87:192.168.151.112:35309, df3f7b97-e0a2-4b7a-b613-50634e06cc54:192.168.151.112:33091] with ContainerStateMachine:uninitialized
2019-09-17 07:43:56,508 [pool-27-thread-1] INFO  server.RaftServerConfigKeys (ConfUtils.java:logGet(43)) - raft.server.sleep.deviation.threshold = 300 (default)
2019-09-17 07:43:56,508 [pool-37-thread-1] INFO  storage.RaftStorageDirectory (RaftStorageDirectory.java:analyzeStorage(246)) - The storage directory /workdir/hadoop-ozone/integration-test/target/test-dir/MiniOzoneClusterImpl-2856df08-3e92-4080-a2c9-ea03709d96bd/datanode-1/data/ratis/8c56802a-ccaf-4c04-a2b5-ce3b9c89e676 does not exist. Creating ...
2019-09-17 07:43:56,508 [pool-27-thread-1] INFO  server.RaftServerConfigKeys (ConfUtils.java:logGet(43)) - raft.server.log.appender.install.snapshot.enabled = false (custom)
2019-09-17 07:43:56,508 [pool-47-thread-1] INFO  server.RaftServerConfigKeys (ConfUtils.java:logGet(43)) - raft.server.rpc.timeout.min = 1s (custom)
2019-09-17 07:43:56,509 [pool-27-thread-1] INFO  impl.RaftServerImpl (ServerState.java:<init>(103)) - 193495bf-c496-4e24-ad0b-455843e1a269@group-CE3B9C89E676: ConfigurationManager, init=-1: [193495bf-c496-4e24-ad0b-455843e1a269:192.168.151.112:44913, fd1a6a38-1d12-46a9-943d-422a00bbff87:192.168.151.112:35309, df3f7b97-e0a2-4b7a-b613-50634e06cc54:192.168.151.112:33091], old=null, confs=<EMPTY_MAP>
2019-09-17 07:43:56,509 [pool-47-thread-1] INFO  server.RaftServerConfigKeys (ConfUtils.java:logGet(43)) - raft.server.rpc.timeout.max = 1200ms (custom)
2019-09-17 07:43:56,509 [pool-27-thread-1] INFO  server.RaftServerConfigKeys (ConfUtils.java:logGet(43)) - raft.server.storage.dir = [/workdir/hadoop-ozone/integration-test/target/test-dir/MiniOzoneClusterImpl-2856df08-3e92-4080-a2c9-ea03709d96bd/datanode-0/data/ratis] (custom)
2019-09-17 07:43:56,509 [pool-47-thread-1] INFO  server.RaftServerConfigKeys (ConfUtils.java:logGet(43)) - raft.server.rpcslowness.timeout = 120s (custom)
2019-09-17 07:43:56,510 [pool-47-thread-1] INFO  server.RaftServerConfigKeys (ConfUtils.java:logGet(43)) - raft.server.sleep.deviation.threshold = 300 (default)
2019-09-17 07:43:56,510 [pool-47-thread-1] INFO  server.RaftServerConfigKeys (ConfUtils.java:logGet(43)) - raft.server.log.appender.install.snapshot.enabled = false (custom)
2019-09-17 07:43:56,510 [pool-27-thread-1] INFO  storage.RaftStorageDirectory (RaftStorageDirectory.java:analyzeStorage(246)) - The storage directory /workdir/hadoop-ozone/integration-test/target/test-dir/MiniOzoneClusterImpl-2856df08-3e92-4080-a2c9-ea03709d96bd/datanode-0/data/ratis/8c56802a-ccaf-4c04-a2b5-ce3b9c89e676 does not exist. Creating ...
2019-09-17 07:43:56,510 [pool-47-thread-1] INFO  impl.RaftServerImpl (ServerState.java:<init>(103)) - df3f7b97-e0a2-4b7a-b613-50634e06cc54@group-CE3B9C89E676: ConfigurationManager, init=-1: [193495bf-c496-4e24-ad0b-455843e1a269:192.168.151.112:44913, fd1a6a38-1d12-46a9-943d-422a00bbff87:192.168.151.112:35309, df3f7b97-e0a2-4b7a-b613-50634e06cc54:192.168.151.112:33091], old=null, confs=<EMPTY_MAP>
2019-09-17 07:43:56,510 [pool-47-thread-1] INFO  server.RaftServerConfigKeys (ConfUtils.java:logGet(43)) - raft.server.storage.dir = [/workdir/hadoop-ozone/integration-test/target/test-dir/MiniOzoneClusterImpl-2856df08-3e92-4080-a2c9-ea03709d96bd/datanode-2/data/ratis] (custom)
2019-09-17 07:43:56,510 [pool-47-thread-1] INFO  storage.RaftStorageDirectory (RaftStorageDirectory.java:analyzeStorage(246)) - The storage directory /workdir/hadoop-ozone/integration-test/target/test-dir/MiniOzoneClusterImpl-2856df08-3e92-4080-a2c9-ea03709d96bd/datanode-2/data/ratis/8c56802a-ccaf-4c04-a2b5-ce3b9c89e676 does not exist. Creating ...
2019-09-17 07:43:56,517 [Thread-288] INFO  impl.FollowerState (FollowerState.java:run(106)) - fd1a6a38-1d12-46a9-943d-422a00bbff87:group-2107CA32C477 changes to CANDIDATE, lastRpcTime:1047, electionTimeout:1045ms
2019-09-17 07:43:56,519 [Thread-288] INFO  impl.RoleInfo (RoleInfo.java:shutdownFollowerState(121)) - fd1a6a38-1d12-46a9-943d-422a00bbff87: shutdown FollowerState
2019-09-17 07:43:56,519 [Thread-288] INFO  impl.RaftServerImpl (RaftServerImpl.java:setRole(174)) - fd1a6a38-1d12-46a9-943d-422a00bbff87@group-2107CA32C477: changes role from  FOLLOWER to CANDIDATE at term 0 for changeToCandidate
2019-09-17 07:43:56,519 [Thread-288] INFO  impl.RoleInfo (RoleInfo.java:updateAndGet(143)) - fd1a6a38-1d12-46a9-943d-422a00bbff87: start LeaderElection
2019-09-17 07:43:56,523 [pool-47-thread-1] INFO  storage.RaftStorageDirectory (RaftStorageDirectory.java:tryLock(328)) - Lock on /workdir/hadoop-ozone/integration-test/target/test-dir/MiniOzoneClusterImpl-2856df08-3e92-4080-a2c9-ea03709d96bd/datanode-2/data/ratis/8c56802a-ccaf-4c04-a2b5-ce3b9c89e676/in_use.lock acquired by nodename 12626@pr-hdds-2134-72wlk-3981800394
2019-09-17 07:43:56,523 [pool-37-thread-1] INFO  storage.RaftStorageDirectory (RaftStorageDirectory.java:tryLock(328)) - Lock on /workdir/hadoop-ozone/integration-test/target/test-dir/MiniOzoneClusterImpl-2856df08-3e92-4080-a2c9-ea03709d96bd/datanode-1/data/ratis/8c56802a-ccaf-4c04-a2b5-ce3b9c89e676/in_use.lock acquired by nodename 12626@pr-hdds-2134-72wlk-3981800394
2019-09-17 07:43:56,523 [pool-27-thread-1] INFO  storage.RaftStorageDirectory (RaftStorageDirectory.java:tryLock(328)) - Lock on /workdir/hadoop-ozone/integration-test/target/test-dir/MiniOzoneClusterImpl-2856df08-3e92-4080-a2c9-ea03709d96bd/datanode-0/data/ratis/8c56802a-ccaf-4c04-a2b5-ce3b9c89e676/in_use.lock acquired by nodename 12626@pr-hdds-2134-72wlk-3981800394
2019-09-17 07:43:56,539 [pool-47-thread-1] INFO  storage.RaftStorage (RaftStorage.java:format(72)) - Storage directory /workdir/hadoop-ozone/integration-test/target/test-dir/MiniOzoneClusterImpl-2856df08-3e92-4080-a2c9-ea03709d96bd/datanode-2/data/ratis/8c56802a-ccaf-4c04-a2b5-ce3b9c89e676 has been successfully formatted.
2019-09-17 07:43:56,539 [fd1a6a38-1d12-46a9-943d-422a00bbff87@group-2107CA32C477:LeaderElection2] INFO  impl.LeaderElection (LeaderElection.java:askForVotes(182)) - fd1a6a38-1d12-46a9-943d-422a00bbff87@group-2107CA32C477:LeaderElection2: begin an election at term 1 for -1: [fd1a6a38-1d12-46a9-943d-422a00bbff87:192.168.151.112:35309], old=null
2019-09-17 07:43:56,539 [pool-27-thread-1] INFO  storage.RaftStorage (RaftStorage.java:format(72)) - Storage directory /workdir/hadoop-ozone/integration-test/target/test-dir/MiniOzoneClusterImpl-2856df08-3e92-4080-a2c9-ea03709d96bd/datanode-0/data/ratis/8c56802a-ccaf-4c04-a2b5-ce3b9c89e676 has been successfully formatted.
2019-09-17 07:43:56,539 [pool-37-thread-1] INFO  storage.RaftStorage (RaftStorage.java:format(72)) - Storage directory /workdir/hadoop-ozone/integration-test/target/test-dir/MiniOzoneClusterImpl-2856df08-3e92-4080-a2c9-ea03709d96bd/datanode-1/data/ratis/8c56802a-ccaf-4c04-a2b5-ce3b9c89e676 has been successfully formatted.
2019-09-17 07:43:56,548 [fd1a6a38-1d12-46a9-943d-422a00bbff87@group-2107CA32C477:LeaderElection2] INFO  impl.RoleInfo (RoleInfo.java:shutdownLeaderElection(134)) - fd1a6a38-1d12-46a9-943d-422a00bbff87: shutdown LeaderElection
2019-09-17 07:43:56,548 [pool-47-thread-1] INFO  ratis.ContainerStateMachine (ContainerStateMachine.java:loadSnapshot(230)) - group-CE3B9C89E676: The snapshot info is null. Setting the last applied indexto:(t:0, i:~)
2019-09-17 07:43:56,548 [fd1a6a38-1d12-46a9-943d-422a00bbff87@group-2107CA32C477:LeaderElection2] INFO  impl.RaftServerImpl (RaftServerImpl.java:setRole(174)) - fd1a6a38-1d12-46a9-943d-422a00bbff87@group-2107CA32C477: changes role from CANDIDATE to LEADER at term 1 for changeToLeader
2019-09-17 07:43:56,548 [pool-37-thread-1] INFO  ratis.ContainerStateMachine (ContainerStateMachine.java:loadSnapshot(230)) - group-CE3B9C89E676: The snapshot info is null. Setting the last applied indexto:(t:0, i:~)
2019-09-17 07:43:56,548 [pool-27-thread-1] INFO  ratis.ContainerStateMachine (ContainerStateMachine.java:loadSnapshot(230)) - group-CE3B9C89E676: The snapshot info is null. Setting the last applied indexto:(t:0, i:~)
2019-09-17 07:43:56,549 [pool-37-thread-1] INFO  server.RaftServerConfigKeys (ConfUtils.java:logGet(43)) - raft.server.notification.no-leader.timeout = 120s (custom)
2019-09-17 07:43:56,548 [fd1a6a38-1d12-46a9-943d-422a00bbff87@group-2107CA32C477:LeaderElection2] INFO  impl.RaftServerImpl (ServerState.java:setLeader(253)) - fd1a6a38-1d12-46a9-943d-422a00bbff87@group-2107CA32C477: change Leader from null to fd1a6a38-1d12-46a9-943d-422a00bbff87 at term 1 for becomeLeader, leader elected after 1100ms
2019-09-17 07:43:56,548 [pool-47-thread-1] INFO  server.RaftServerConfigKeys (ConfUtils.java:logGet(43)) - raft.server.notification.no-leader.timeout = 120s (custom)
2019-09-17 07:43:56,549 [fd1a6a38-1d12-46a9-943d-422a00bbff87@group-2107CA32C477:LeaderElection2] INFO  server.RaftServerConfigKeys (ConfUtils.java:logGet(43)) - raft.server.staging.catchup.gap = 1000 (default)
2019-09-17 07:43:56,549 [pool-37-thread-1] INFO  server.RaftServerConfigKeys (ConfUtils.java:logGet(43)) - raft.server.log.use.memory = false (default)
2019-09-17 07:43:56,549 [pool-27-thread-1] INFO  server.RaftServerConfigKeys (ConfUtils.java:logGet(43)) - raft.server.notification.no-leader.timeout = 120s (custom)
2019-09-17 07:43:56,551 [pool-37-thread-1] INFO  server.RaftServerConfigKeys (ConfUtils.java:logGet(43)) - raft.server.log.purge.gap = 1000000 (custom)
2019-09-17 07:43:56,551 [fd1a6a38-1d12-46a9-943d-422a00bbff87@group-2107CA32C477:LeaderElection2] INFO  server.RaftServerConfigKeys (ConfUtils.java:logGet(43)) - raft.server.rpc.sleep.time = 25ms (default)
2019-09-17 07:43:56,549 [pool-47-thread-1] INFO  server.RaftServerConfigKeys (ConfUtils.java:logGet(43)) - raft.server.log.use.memory = false (default)
2019-09-17 07:43:56,552 [fd1a6a38-1d12-46a9-943d-422a00bbff87@group-2107CA32C477:LeaderElection2] INFO  server.RaftServerConfigKeys (ConfUtils.java:logGet(43)) - raft.server.write.element-limit = 4096 (default)
2019-09-17 07:43:56,552 [pool-37-thread-1] INFO  server.RaftServerConfigKeys (ConfUtils.java:logGet(43)) - raft.server.log.appender.buffer.byte-limit = 33554432 (custom)
2019-09-17 07:43:56,551 [pool-27-thread-1] INFO  server.RaftServerConfigKeys (ConfUtils.java:logGet(43)) - raft.server.log.use.memory = false (default)
2019-09-17 07:43:56,552 [pool-37-thread-1] INFO  server.RaftServerConfigKeys (ConfUtils.java:logGet(43)) - raft.server.log.segment.size.max = 1048576 (custom)
2019-09-17 07:43:56,552 [fd1a6a38-1d12-46a9-943d-422a00bbff87@group-2107CA32C477:LeaderElection2] INFO  server.RaftServerConfigKeys (ConfUtils.java:logGet(43)) - raft.server.watch.timeout = 10s (default)
2019-09-17 07:43:56,552 [pool-47-thread-1] INFO  server.RaftServerConfigKeys (ConfUtils.java:logGet(43)) - raft.server.log.purge.gap = 1000000 (custom)
2019-09-17 07:43:56,553 [fd1a6a38-1d12-46a9-943d-422a00bbff87@group-2107CA32C477:LeaderElection2] INFO  server.RaftServerConfigKeys (ConfUtils.java:logGet(43)) - raft.server.watch.timeout.denomination = 1s (default)
2019-09-17 07:43:56,553 [pool-37-thread-1] INFO  server.RaftServerConfigKeys (ConfUtils.java:logGet(43)) - raft.server.log.segment.cache.num.max = 2 (custom)
2019-09-17 07:43:56,552 [pool-27-thread-1] INFO  server.RaftServerConfigKeys (ConfUtils.java:logGet(43)) - raft.server.log.purge.gap = 1000000 (custom)
2019-09-17 07:43:56,553 [pool-37-thread-1] INFO  segmented.SegmentedRaftLogWorker (SegmentedRaftLogWorker.java:<init>(172)) - new fd1a6a38-1d12-46a9-943d-422a00bbff87@group-CE3B9C89E676-SegmentedRaftLogWorker for RaftStorage:Storage Directory /workdir/hadoop-ozone/integration-test/target/test-dir/MiniOzoneClusterImpl-2856df08-3e92-4080-a2c9-ea03709d96bd/datanode-1/data/ratis/8c56802a-ccaf-4c04-a2b5-ce3b9c89e676
2019-09-17 07:43:56,553 [fd1a6a38-1d12-46a9-943d-422a00bbff87@group-2107CA32C477:LeaderElection2] INFO  server.RaftServerConfigKeys (ConfUtils.java:logGet(43)) - raft.server.watch.element-limit = 65536 (default)
2019-09-17 07:43:56,553 [pool-47-thread-1] INFO  server.RaftServerConfigKeys (ConfUtils.java:logGet(43)) - raft.server.log.appender.buffer.byte-limit = 33554432 (custom)
2019-09-17 07:43:56,554 [pool-37-thread-1] INFO  server.RaftServerConfigKeys (ConfUtils.java:logGet(43)) - raft.server.log.queue.byte-limit = 2147483647 (custom)
2019-09-17 07:43:56,553 [pool-27-thread-1] INFO  server.RaftServerConfigKeys (ConfUtils.java:logGet(43)) - raft.server.log.appender.buffer.byte-limit = 33554432 (custom)
2019-09-17 07:43:56,554 [pool-37-thread-1] INFO  server.RaftServerConfigKeys (ConfUtils.java:logGet(43)) - raft.server.log.queue.element-limit = 1024 (custom)
2019-09-17 07:43:56,554 [pool-47-thread-1] INFO  server.RaftServerConfigKeys (ConfUtils.java:logGet(43)) - raft.server.log.segment.size.max = 1048576 (custom)
2019-09-17 07:43:56,554 [pool-37-thread-1] INFO  server.RaftServerConfigKeys (ConfUtils.java:logGet(43)) - raft.server.log.segment.size.max = 1048576 (custom)
2019-09-17 07:43:56,554 [pool-27-thread-1] INFO  server.RaftServerConfigKeys (ConfUtils.java:logGet(43)) - raft.server.log.segment.size.max = 1048576 (custom)
2019-09-17 07:43:56,555 [pool-37-thread-1] INFO  server.RaftServerConfigKeys (ConfUtils.java:logGet(43)) - raft.server.log.preallocated.size = 16384 (custom)
2019-09-17 07:43:56,555 [pool-47-thread-1] INFO  server.RaftServerConfigKeys (ConfUtils.java:logGet(43)) - raft.server.log.segment.cache.num.max = 2 (custom)
2019-09-17 07:43:56,555 [pool-37-thread-1] INFO  server.RaftServerConfigKeys (ConfUtils.java:logGet(43)) - raft.server.log.write.buffer.size = 33554432 (custom)
2019-09-17 07:43:56,555 [pool-27-thread-1] INFO  server.RaftServerConfigKeys (ConfUtils.java:logGet(43)) - raft.server.log.segment.cache.num.max = 2 (custom)
2019-09-17 07:43:56,555 [pool-37-thread-1] INFO  server.RaftServerConfigKeys (ConfUtils.java:logGet(43)) - raft.server.log.force.sync.num = 128 (default)
2019-09-17 07:43:56,555 [pool-47-thread-1] INFO  segmented.SegmentedRaftLogWorker (SegmentedRaftLogWorker.java:<init>(172)) - new df3f7b97-e0a2-4b7a-b613-50634e06cc54@group-CE3B9C89E676-SegmentedRaftLogWorker for RaftStorage:Storage Directory /workdir/hadoop-ozone/integration-test/target/test-dir/MiniOzoneClusterImpl-2856df08-3e92-4080-a2c9-ea03709d96bd/datanode-2/data/ratis/8c56802a-ccaf-4c04-a2b5-ce3b9c89e676
2019-09-17 07:43:56,556 [pool-37-thread-1] INFO  server.RaftServerConfigKeys (ConfUtils.java:logGet(43)) - raft.server.log.statemachine.data.sync = true (default)
2019-09-17 07:43:56,555 [pool-27-thread-1] INFO  segmented.SegmentedRaftLogWorker (SegmentedRaftLogWorker.java:<init>(172)) - new 193495bf-c496-4e24-ad0b-455843e1a269@group-CE3B9C89E676-SegmentedRaftLogWorker for RaftStorage:Storage Directory /workdir/hadoop-ozone/integration-test/target/test-dir/MiniOzoneClusterImpl-2856df08-3e92-4080-a2c9-ea03709d96bd/datanode-0/data/ratis/8c56802a-ccaf-4c04-a2b5-ce3b9c89e676
2019-09-17 07:43:56,556 [pool-37-thread-1] INFO  server.RaftServerConfigKeys (ConfUtils.java:logGet(43)) - raft.server.log.statemachine.data.sync.timeout = 10s (default)
2019-09-17 07:43:56,556 [pool-47-thread-1] INFO  server.RaftServerConfigKeys (ConfUtils.java:logGet(43)) - raft.server.log.queue.byte-limit = 2147483647 (custom)
2019-09-17 07:43:56,556 [pool-37-thread-1] INFO  server.RaftServerConfigKeys (ConfUtils.java:logGet(43)) - raft.server.log.statemachine.data.sync.timeout.retry = -1 (default)
2019-09-17 07:43:56,556 [pool-27-thread-1] INFO  server.RaftServerConfigKeys (ConfUtils.java:logGet(43)) - raft.server.log.queue.byte-limit = 2147483647 (custom)
2019-09-17 07:43:56,557 [pool-37-thread-1] INFO  server.RaftServerConfigKeys (ConfUtils.java:logGet(43)) - raft.server.log.statemachine.data.caching.enabled = true (custom)
2019-09-17 07:43:56,556 [fd1a6a38-1d12-46a9-943d-422a00bbff87@group-2107CA32C477:LeaderElection2] INFO  impl.RoleInfo (RoleInfo.java:updateAndGet(143)) - fd1a6a38-1d12-46a9-943d-422a00bbff87: start LeaderState
2019-09-17 07:43:56,556 [pool-47-thread-1] INFO  server.RaftServerConfigKeys (ConfUtils.java:logGet(43)) - raft.server.log.queue.element-limit = 1024 (custom)
2019-09-17 07:43:56,558 [pool-37-thread-1] INFO  segmented.SegmentedRaftLogWorker (SegmentedRaftLogWorker.java:lambda$new$0(132)) - fd1a6a38-1d12-46a9-943d-422a00bbff87@group-CE3B9C89E676-SegmentedRaftLogWorker: flushIndex: setUnconditionally 0 -> -1
2019-09-17 07:43:56,557 [pool-27-thread-1] INFO  server.RaftServerConfigKeys (ConfUtils.java:logGet(43)) - raft.server.log.queue.element-limit = 1024 (custom)
2019-09-17 07:43:56,559 [pool-47-thread-1] INFO  server.RaftServerConfigKeys (ConfUtils.java:logGet(43)) - raft.server.log.segment.size.max = 1048576 (custom)
2019-09-17 07:43:56,559 [fd1a6a38-1d12-46a9-943d-422a00bbff87@group-2107CA32C477:LeaderElection2] INFO  segmented.SegmentedRaftLogWorker (SegmentedRaftLogWorker.java:startLogSegment(380)) - fd1a6a38-1d12-46a9-943d-422a00bbff87@group-2107CA32C477-SegmentedRaftLogWorker: Starting segment from index:0
2019-09-17 07:43:56,559 [pool-47-thread-1] INFO  server.RaftServerConfigKeys (ConfUtils.java:logGet(43)) - raft.server.log.preallocated.size = 16384 (custom)
2019-09-17 07:43:56,559 [pool-37-thread-1] INFO  server.RaftServerConfigKeys (ConfUtils.java:logGet(43)) - raft.server.snapshot.auto.trigger.enabled = true (custom)
2019-09-17 07:43:56,559 [pool-27-thread-1] INFO  server.RaftServerConfigKeys (ConfUtils.java:logGet(43)) - raft.server.log.segment.size.max = 1048576 (custom)
2019-09-17 07:43:56,560 [fd1a6a38-1d12-46a9-943d-422a00bbff87@group-2107CA32C477:LeaderElection2] INFO  impl.RaftServerImpl (ServerState.java:setRaftConf(354)) - fd1a6a38-1d12-46a9-943d-422a00bbff87@group-2107CA32C477: set configuration 0: [fd1a6a38-1d12-46a9-943d-422a00bbff87:192.168.151.112:35309], old=null at 0
2019-09-17 07:43:56,560 [pool-37-thread-1] INFO  server.RaftServerConfigKeys (ConfUtils.java:logGet(43)) - raft.server.snapshot.auto.trigger.threshold = 10000 (custom)
2019-09-17 07:43:56,560 [pool-47-thread-1] INFO  server.RaftServerConfigKeys (ConfUtils.java:logGet(43)) - raft.server.log.write.buffer.size = 33554432 (custom)
2019-09-17 07:43:56,562 [pool-37-thread-1] INFO  server.RaftServerConfigKeys (ConfUtils.java:logGet(43)) - raft.server.snapshot.retention.num.files = 5 (custom)
2019-09-17 07:43:56,560 [pool-27-thread-1] INFO  server.RaftServerConfigKeys (ConfUtils.java:logGet(43)) - raft.server.log.preallocated.size = 16384 (custom)
2019-09-17 07:43:56,562 [pool-37-thread-1] INFO  server.RaftServerConfigKeys (ConfUtils.java:logGet(43)) - raft.server.retrycache.expirytime = 600000ms (custom)
2019-09-17 07:43:56,562 [pool-47-thread-1] INFO  server.RaftServerConfigKeys (ConfUtils.java:logGet(43)) - raft.server.log.force.sync.num = 128 (default)
2019-09-17 07:43:56,562 [pool-27-thread-1] INFO  server.RaftServerConfigKeys (ConfUtils.java:logGet(43)) - raft.server.log.write.buffer.size = 33554432 (custom)
2019-09-17 07:43:56,563 [pool-47-thread-1] INFO  server.RaftServerConfigKeys (ConfUtils.java:logGet(43)) - raft.server.log.statemachine.data.sync = true (default)
2019-09-17 07:43:56,563 [pool-27-thread-1] INFO  server.RaftServerConfigKeys (ConfUtils.java:logGet(43)) - raft.server.log.force.sync.num = 128 (default)
2019-09-17 07:43:56,563 [pool-47-thread-1] INFO  server.RaftServerConfigKeys (ConfUtils.java:logGet(43)) - raft.server.log.statemachine.data.sync.timeout = 10s (default)
2019-09-17 07:43:56,563 [pool-27-thread-1] INFO  server.RaftServerConfigKeys (ConfUtils.java:logGet(43)) - raft.server.log.statemachine.data.sync = true (default)
2019-09-17 07:43:56,563 [pool-47-thread-1] INFO  server.RaftServerConfigKeys (ConfUtils.java:logGet(43)) - raft.server.log.statemachine.data.sync.timeout.retry = -1 (default)
2019-09-17 07:43:56,564 [pool-27-thread-1] INFO  server.RaftServerConfigKeys (ConfUtils.java:logGet(43)) - raft.server.log.statemachine.data.sync.timeout = 10s (default)
2019-09-17 07:43:56,564 [pool-47-thread-1] INFO  server.RaftServerConfigKeys (ConfUtils.java:logGet(43)) - raft.server.log.statemachine.data.caching.enabled = true (custom)
2019-09-17 07:43:56,564 [pool-27-thread-1] INFO  server.RaftServerConfigKeys (ConfUtils.java:logGet(43)) - raft.server.log.statemachine.data.sync.timeout.retry = -1 (default)
2019-09-17 07:43:56,564 [pool-47-thread-1] INFO  segmented.SegmentedRaftLogWorker (SegmentedRaftLogWorker.java:lambda$new$0(132)) - df3f7b97-e0a2-4b7a-b613-50634e06cc54@group-CE3B9C89E676-SegmentedRaftLogWorker: flushIndex: setUnconditionally 0 -> -1
2019-09-17 07:43:56,564 [pool-27-thread-1] INFO  server.RaftServerConfigKeys (ConfUtils.java:logGet(43)) - raft.server.log.statemachine.data.caching.enabled = true (custom)
2019-09-17 07:43:56,565 [pool-47-thread-1] INFO  server.RaftServerConfigKeys (ConfUtils.java:logGet(43)) - raft.server.snapshot.auto.trigger.enabled = true (custom)
2019-09-17 07:43:56,565 [pool-47-thread-1] INFO  server.RaftServerConfigKeys (ConfUtils.java:logGet(43)) - raft.server.snapshot.auto.trigger.threshold = 10000 (custom)
2019-09-17 07:43:56,565 [pool-27-thread-1] INFO  segmented.SegmentedRaftLogWorker (SegmentedRaftLogWorker.java:lambda$new$0(132)) - 193495bf-c496-4e24-ad0b-455843e1a269@group-CE3B9C89E676-SegmentedRaftLogWorker: flushIndex: setUnconditionally 0 -> -1
2019-09-17 07:43:56,565 [pool-47-thread-1] INFO  server.RaftServerConfigKeys (ConfUtils.java:logGet(43)) - raft.server.snapshot.retention.num.files = 5 (custom)
2019-09-17 07:43:56,565 [pool-47-thread-1] INFO  server.RaftServerConfigKeys (ConfUtils.java:logGet(43)) - raft.server.retrycache.expirytime = 600000ms (custom)
2019-09-17 07:43:56,565 [pool-37-thread-1] INFO  impl.RaftServerImpl (RaftServerImpl.java:start(185)) - fd1a6a38-1d12-46a9-943d-422a00bbff87@group-CE3B9C89E676: start as a follower, conf=-1: [193495bf-c496-4e24-ad0b-455843e1a269:192.168.151.112:44913, fd1a6a38-1d12-46a9-943d-422a00bbff87:192.168.151.112:35309, df3f7b97-e0a2-4b7a-b613-50634e06cc54:192.168.151.112:33091], old=null
2019-09-17 07:43:56,565 [pool-27-thread-1] INFO  server.RaftServerConfigKeys (ConfUtils.java:logGet(43)) - raft.server.snapshot.auto.trigger.enabled = true (custom)
2019-09-17 07:43:56,566 [pool-37-thread-1] INFO  impl.RaftServerImpl (RaftServerImpl.java:setRole(174)) - fd1a6a38-1d12-46a9-943d-422a00bbff87@group-CE3B9C89E676: changes role from      null to FOLLOWER at term 0 for startAsFollower
2019-09-17 07:43:56,566 [pool-27-thread-1] INFO  server.RaftServerConfigKeys (ConfUtils.java:logGet(43)) - raft.server.snapshot.auto.trigger.threshold = 10000 (custom)
2019-09-17 07:43:56,566 [pool-37-thread-1] INFO  impl.RoleInfo (RoleInfo.java:updateAndGet(143)) - fd1a6a38-1d12-46a9-943d-422a00bbff87: start FollowerState
2019-09-17 07:43:56,566 [pool-27-thread-1] INFO  server.RaftServerConfigKeys (ConfUtils.java:logGet(43)) - raft.server.snapshot.retention.num.files = 5 (custom)
2019-09-17 07:43:56,568 [pool-27-thread-1] INFO  server.RaftServerConfigKeys (ConfUtils.java:logGet(43)) - raft.server.retrycache.expirytime = 600000ms (custom)
2019-09-17 07:43:56,568 [pool-37-thread-1] INFO  util.JmxRegister (JmxRegister.java:tryRegister(44)) - Successfully registered JMX Bean with object name Ratis:service=RaftServer,group=group-CE3B9C89E676,id=fd1a6a38-1d12-46a9-943d-422a00bbff87
2019-09-17 07:43:56,576 [pool-47-thread-1] INFO  impl.RaftServerImpl (RaftServerImpl.java:start(185)) - df3f7b97-e0a2-4b7a-b613-50634e06cc54@group-CE3B9C89E676: start as a follower, conf=-1: [193495bf-c496-4e24-ad0b-455843e1a269:192.168.151.112:44913, fd1a6a38-1d12-46a9-943d-422a00bbff87:192.168.151.112:35309, df3f7b97-e0a2-4b7a-b613-50634e06cc54:192.168.151.112:33091], old=null
2019-09-17 07:43:56,577 [pool-47-thread-1] INFO  impl.RaftServerImpl (RaftServerImpl.java:setRole(174)) - df3f7b97-e0a2-4b7a-b613-50634e06cc54@group-CE3B9C89E676: changes role from      null to FOLLOWER at term 0 for startAsFollower
2019-09-17 07:43:56,577 [pool-47-thread-1] INFO  impl.RoleInfo (RoleInfo.java:updateAndGet(143)) - df3f7b97-e0a2-4b7a-b613-50634e06cc54: start FollowerState
2019-09-17 07:43:56,577 [pool-27-thread-1] INFO  impl.RaftServerImpl (RaftServerImpl.java:start(185)) - 193495bf-c496-4e24-ad0b-455843e1a269@group-CE3B9C89E676: start as a follower, conf=-1: [193495bf-c496-4e24-ad0b-455843e1a269:192.168.151.112:44913, fd1a6a38-1d12-46a9-943d-422a00bbff87:192.168.151.112:35309, df3f7b97-e0a2-4b7a-b613-50634e06cc54:192.168.151.112:33091], old=null
2019-09-17 07:43:56,579 [pool-47-thread-1] INFO  util.JmxRegister (JmxRegister.java:tryRegister(44)) - Successfully registered JMX Bean with object name Ratis:service=RaftServer,group=group-CE3B9C89E676,id=df3f7b97-e0a2-4b7a-b613-50634e06cc54
2019-09-17 07:43:56,581 [pool-27-thread-1] INFO  impl.RaftServerImpl (RaftServerImpl.java:setRole(174)) - 193495bf-c496-4e24-ad0b-455843e1a269@group-CE3B9C89E676: changes role from      null to FOLLOWER at term 0 for startAsFollower
2019-09-17 07:43:56,581 [pool-27-thread-1] INFO  impl.RoleInfo (RoleInfo.java:updateAndGet(143)) - 193495bf-c496-4e24-ad0b-455843e1a269: start FollowerState
2019-09-17 07:43:56,582 [pool-27-thread-1] INFO  util.JmxRegister (JmxRegister.java:tryRegister(44)) - Successfully registered JMX Bean with object name Ratis:service=RaftServer,group=group-CE3B9C89E676,id=193495bf-c496-4e24-ad0b-455843e1a269
2019-09-17 07:43:56,599 [RatisPipelineUtilsThread] INFO  pipeline.PipelineStateManager (PipelineStateManager.java:addPipeline(56)) - Created pipeline Pipeline[ Id: 8c56802a-ccaf-4c04-a2b5-ce3b9c89e676, Nodes: 193495bf-c496-4e24-ad0b-455843e1a269{ip: 192.168.151.112, host: pr-hdds-2134-72wlk-3981800394, networkLocation: /default-rack, certSerialId: null}fd1a6a38-1d12-46a9-943d-422a00bbff87{ip: 192.168.151.112, host: pr-hdds-2134-72wlk-3981800394, networkLocation: /default-rack, certSerialId: null}df3f7b97-e0a2-4b7a-b613-50634e06cc54{ip: 192.168.151.112, host: pr-hdds-2134-72wlk-3981800394, networkLocation: /default-rack, certSerialId: null}, Type:RATIS, Factor:THREE, State:OPEN]
2019-09-17 07:43:56,626 [grpc-default-executor-1] INFO  impl.RaftServerProxy (RaftServerProxy.java:addNew(89)) - 9cc127b6-6322-4ddd-ad35-07c34665999c: addNew group-7C72F7D496C4:[0f7bb9d9-5139-4852-be99-380e1bc1143c:192.168.151.112:33997, 6a48daa3-10a7-4dcf-835e-de50be54fa2c:192.168.151.112:37061, 9cc127b6-6322-4ddd-ad35-07c34665999c:192.168.151.112:43030] returns group-7C72F7D496C4:java.util.concurrent.CompletableFuture@52e1a0ea[Not completed]
2019-09-17 07:43:56,626 [grpc-default-executor-0] INFO  impl.RaftServerProxy (RaftServerProxy.java:addNew(89)) - 0f7bb9d9-5139-4852-be99-380e1bc1143c: addNew group-7C72F7D496C4:[0f7bb9d9-5139-4852-be99-380e1bc1143c:192.168.151.112:33997, 6a48daa3-10a7-4dcf-835e-de50be54fa2c:192.168.151.112:37061, 9cc127b6-6322-4ddd-ad35-07c34665999c:192.168.151.112:43030] returns group-7C72F7D496C4:java.util.concurrent.CompletableFuture@5b48bb09[Not completed]
2019-09-17 07:43:56,631 [grpc-default-executor-1] INFO  impl.RaftServerProxy (RaftServerProxy.java:addNew(89)) - 6a48daa3-10a7-4dcf-835e-de50be54fa2c: addNew group-7C72F7D496C4:[0f7bb9d9-5139-4852-be99-380e1bc1143c:192.168.151.112:33997, 6a48daa3-10a7-4dcf-835e-de50be54fa2c:192.168.151.112:37061, 9cc127b6-6322-4ddd-ad35-07c34665999c:192.168.151.112:43030] returns group-7C72F7D496C4:java.util.concurrent.CompletableFuture@38cedce8[Not completed]
2019-09-17 07:43:56,631 [pool-97-thread-1] INFO  impl.RaftServerImpl (RaftServerImpl.java:<init>(95)) - 0f7bb9d9-5139-4852-be99-380e1bc1143c: new RaftServerImpl for group-7C72F7D496C4:[0f7bb9d9-5139-4852-be99-380e1bc1143c:192.168.151.112:33997, 6a48daa3-10a7-4dcf-835e-de50be54fa2c:192.168.151.112:37061, 9cc127b6-6322-4ddd-ad35-07c34665999c:192.168.151.112:43030] with ContainerStateMachine:uninitialized
2019-09-17 07:43:56,632 [pool-97-thread-1] INFO  server.RaftServerConfigKeys (ConfUtils.java:logGet(43)) - raft.server.rpc.timeout.min = 1s (custom)
2019-09-17 07:43:56,632 [pool-97-thread-1] INFO  server.RaftServerConfigKeys (ConfUtils.java:logGet(43)) - raft.server.rpc.timeout.max = 1200ms (custom)
2019-09-17 07:43:56,632 [pool-97-thread-1] INFO  server.RaftServerConfigKeys (ConfUtils.java:logGet(43)) - raft.server.rpcslowness.timeout = 120s (custom)
2019-09-17 07:43:56,632 [pool-97-thread-1] INFO  server.RaftServerConfigKeys (ConfUtils.java:logGet(43)) - raft.server.sleep.deviation.threshold = 300 (default)
2019-09-17 07:43:56,632 [pool-97-thread-1] INFO  server.RaftServerConfigKeys (ConfUtils.java:logGet(43)) - raft.server.log.appender.install.snapshot.enabled = false (custom)
2019-09-17 07:43:56,632 [pool-97-thread-1] INFO  impl.RaftServerImpl (ServerState.java:<init>(103)) - 0f7bb9d9-5139-4852-be99-380e1bc1143c@group-7C72F7D496C4: ConfigurationManager, init=-1: [0f7bb9d9-5139-4852-be99-380e1bc1143c:192.168.151.112:33997, 6a48daa3-10a7-4dcf-835e-de50be54fa2c:192.168.151.112:37061, 9cc127b6-6322-4ddd-ad35-07c34665999c:192.168.151.112:43030], old=null, confs=<EMPTY_MAP>
2019-09-17 07:43:56,632 [pool-97-thread-1] INFO  server.RaftServerConfigKeys (ConfUtils.java:logGet(43)) - raft.server.storage.dir = [/workdir/hadoop-ozone/integration-test/target/test-dir/MiniOzoneClusterImpl-2856df08-3e92-4080-a2c9-ea03709d96bd/datanode-7/data/ratis] (custom)
2019-09-17 07:43:56,633 [pool-97-thread-1] INFO  storage.RaftStorageDirectory (RaftStorageDirectory.java:analyzeStorage(246)) - The storage directory /workdir/hadoop-ozone/integration-test/target/test-dir/MiniOzoneClusterImpl-2856df08-3e92-4080-a2c9-ea03709d96bd/datanode-7/data/ratis/0dd04a28-7048-4f82-b477-7c72f7d496c4 does not exist. Creating ...
2019-09-17 07:43:56,633 [pool-57-thread-1] INFO  impl.RaftServerImpl (RaftServerImpl.java:<init>(95)) - 9cc127b6-6322-4ddd-ad35-07c34665999c: new RaftServerImpl for group-7C72F7D496C4:[0f7bb9d9-5139-4852-be99-380e1bc1143c:192.168.151.112:33997, 6a48daa3-10a7-4dcf-835e-de50be54fa2c:192.168.151.112:37061, 9cc127b6-6322-4ddd-ad35-07c34665999c:192.168.151.112:43030] with ContainerStateMachine:uninitialized
2019-09-17 07:43:56,633 [pool-57-thread-1] INFO  server.RaftServerConfigKeys (ConfUtils.java:logGet(43)) - raft.server.rpc.timeout.min = 1s (custom)
2019-09-17 07:43:56,633 [pool-57-thread-1] INFO  server.RaftServerConfigKeys (ConfUtils.java:logGet(43)) - raft.server.rpc.timeout.max = 1200ms (custom)
2019-09-17 07:43:56,634 [pool-57-thread-1] INFO  server.RaftServerConfigKeys (ConfUtils.java:logGet(43)) - raft.server.rpcslowness.timeout = 120s (custom)
2019-09-17 07:43:56,634 [pool-57-thread-1] INFO  server.RaftServerConfigKeys (ConfUtils.java:logGet(43)) - raft.server.sleep.deviation.threshold = 300 (default)
2019-09-17 07:43:56,634 [pool-57-thread-1] INFO  server.RaftServerConfigKeys (ConfUtils.java:logGet(43)) - raft.server.log.appender.install.snapshot.enabled = false (custom)
2019-09-17 07:43:56,634 [pool-107-thread-1] INFO  impl.RaftServerImpl (RaftServerImpl.java:<init>(95)) - 6a48daa3-10a7-4dcf-835e-de50be54fa2c: new RaftServerImpl for group-7C72F7D496C4:[0f7bb9d9-5139-4852-be99-380e1bc1143c:192.168.151.112:33997, 6a48daa3-10a7-4dcf-835e-de50be54fa2c:192.168.151.112:37061, 9cc127b6-6322-4ddd-ad35-07c34665999c:192.168.151.112:43030] with ContainerStateMachine:uninitialized
2019-09-17 07:43:56,634 [pool-57-thread-1] INFO  impl.RaftServerImpl (ServerState.java:<init>(103)) - 9cc127b6-6322-4ddd-ad35-07c34665999c@group-7C72F7D496C4: ConfigurationManager, init=-1: [0f7bb9d9-5139-4852-be99-380e1bc1143c:192.168.151.112:33997, 6a48daa3-10a7-4dcf-835e-de50be54fa2c:192.168.151.112:37061, 9cc127b6-6322-4ddd-ad35-07c34665999c:192.168.151.112:43030], old=null, confs=<EMPTY_MAP>
2019-09-17 07:43:56,634 [pool-107-thread-1] INFO  server.RaftServerConfigKeys (ConfUtils.java:logGet(43)) - raft.server.rpc.timeout.min = 1s (custom)
2019-09-17 07:43:56,634 [pool-57-thread-1] INFO  server.RaftServerConfigKeys (ConfUtils.java:logGet(43)) - raft.server.storage.dir = [/workdir/hadoop-ozone/integration-test/target/test-dir/MiniOzoneClusterImpl-2856df08-3e92-4080-a2c9-ea03709d96bd/datanode-3/data/ratis] (custom)
2019-09-17 07:43:56,635 [pool-107-thread-1] INFO  server.RaftServerConfigKeys (ConfUtils.java:logGet(43)) - raft.server.rpc.timeout.max = 1200ms (custom)
2019-09-17 07:43:56,635 [pool-107-thread-1] INFO  server.RaftServerConfigKeys (ConfUtils.java:logGet(43)) - raft.server.rpcslowness.timeout = 120s (custom)
2019-09-17 07:43:56,635 [pool-107-thread-1] INFO  server.RaftServerConfigKeys (ConfUtils.java:logGet(43)) - raft.server.sleep.deviation.threshold = 300 (default)
2019-09-17 07:43:56,635 [pool-57-thread-1] INFO  storage.RaftStorageDirectory (RaftStorageDirectory.java:analyzeStorage(246)) - The storage directory /workdir/hadoop-ozone/integration-test/target/test-dir/MiniOzoneClusterImpl-2856df08-3e92-4080-a2c9-ea03709d96bd/datanode-3/data/ratis/0dd04a28-7048-4f82-b477-7c72f7d496c4 does not exist. Creating ...
2019-09-17 07:43:56,635 [pool-107-thread-1] INFO  server.RaftServerConfigKeys (ConfUtils.java:logGet(43)) - raft.server.log.appender.install.snapshot.enabled = false (custom)
2019-09-17 07:43:56,635 [pool-107-thread-1] INFO  impl.RaftServerImpl (ServerState.java:<init>(103)) - 6a48daa3-10a7-4dcf-835e-de50be54fa2c@group-7C72F7D496C4: ConfigurationManager, init=-1: [0f7bb9d9-5139-4852-be99-380e1bc1143c:192.168.151.112:33997, 6a48daa3-10a7-4dcf-835e-de50be54fa2c:192.168.151.112:37061, 9cc127b6-6322-4ddd-ad35-07c34665999c:192.168.151.112:43030], old=null, confs=<EMPTY_MAP>
2019-09-17 07:43:56,636 [pool-107-thread-1] INFO  server.RaftServerConfigKeys (ConfUtils.java:logGet(43)) - raft.server.storage.dir = [/workdir/hadoop-ozone/integration-test/target/test-dir/MiniOzoneClusterImpl-2856df08-3e92-4080-a2c9-ea03709d96bd/datanode-8/data/ratis] (custom)
2019-09-17 07:43:56,636 [pool-107-thread-1] INFO  storage.RaftStorageDirectory (RaftStorageDirectory.java:analyzeStorage(246)) - The storage directory /workdir/hadoop-ozone/integration-test/target/test-dir/MiniOzoneClusterImpl-2856df08-3e92-4080-a2c9-ea03709d96bd/datanode-8/data/ratis/0dd04a28-7048-4f82-b477-7c72f7d496c4 does not exist. Creating ...
2019-09-17 07:43:56,647 [pool-57-thread-1] INFO  storage.RaftStorageDirectory (RaftStorageDirectory.java:tryLock(328)) - Lock on /workdir/hadoop-ozone/integration-test/target/test-dir/MiniOzoneClusterImpl-2856df08-3e92-4080-a2c9-ea03709d96bd/datanode-3/data/ratis/0dd04a28-7048-4f82-b477-7c72f7d496c4/in_use.lock acquired by nodename 12626@pr-hdds-2134-72wlk-3981800394
2019-09-17 07:43:56,647 [pool-97-thread-1] INFO  storage.RaftStorageDirectory (RaftStorageDirectory.java:tryLock(328)) - Lock on /workdir/hadoop-ozone/integration-test/target/test-dir/MiniOzoneClusterImpl-2856df08-3e92-4080-a2c9-ea03709d96bd/datanode-7/data/ratis/0dd04a28-7048-4f82-b477-7c72f7d496c4/in_use.lock acquired by nodename 12626@pr-hdds-2134-72wlk-3981800394
2019-09-17 07:43:56,647 [pool-107-thread-1] INFO  storage.RaftStorageDirectory (RaftStorageDirectory.java:tryLock(328)) - Lock on /workdir/hadoop-ozone/integration-test/target/test-dir/MiniOzoneClusterImpl-2856df08-3e92-4080-a2c9-ea03709d96bd/datanode-8/data/ratis/0dd04a28-7048-4f82-b477-7c72f7d496c4/in_use.lock acquired by nodename 12626@pr-hdds-2134-72wlk-3981800394
2019-09-17 07:43:56,663 [pool-97-thread-1] INFO  storage.RaftStorage (RaftStorage.java:format(72)) - Storage directory /workdir/hadoop-ozone/integration-test/target/test-dir/MiniOzoneClusterImpl-2856df08-3e92-4080-a2c9-ea03709d96bd/datanode-7/data/ratis/0dd04a28-7048-4f82-b477-7c72f7d496c4 has been successfully formatted.
2019-09-17 07:43:56,663 [pool-57-thread-1] INFO  storage.RaftStorage (RaftStorage.java:format(72)) - Storage directory /workdir/hadoop-ozone/integration-test/target/test-dir/MiniOzoneClusterImpl-2856df08-3e92-4080-a2c9-ea03709d96bd/datanode-3/data/ratis/0dd04a28-7048-4f82-b477-7c72f7d496c4 has been successfully formatted.
2019-09-17 07:43:56,663 [pool-97-thread-1] INFO  ratis.ContainerStateMachine (ContainerStateMachine.java:loadSnapshot(230)) - group-7C72F7D496C4: The snapshot info is null. Setting the last applied indexto:(t:0, i:~)
2019-09-17 07:43:56,663 [pool-107-thread-1] INFO  storage.RaftStorage (RaftStorage.java:format(72)) - Storage directory /workdir/hadoop-ozone/integration-test/target/test-dir/MiniOzoneClusterImpl-2856df08-3e92-4080-a2c9-ea03709d96bd/datanode-8/data/ratis/0dd04a28-7048-4f82-b477-7c72f7d496c4 has been successfully formatted.
2019-09-17 07:43:56,664 [pool-57-thread-1] INFO  ratis.ContainerStateMachine (ContainerStateMachine.java:loadSnapshot(230)) - group-7C72F7D496C4: The snapshot info is null. Setting the last applied indexto:(t:0, i:~)
2019-09-17 07:43:56,664 [pool-97-thread-1] INFO  server.RaftServerConfigKeys (ConfUtils.java:logGet(43)) - raft.server.notification.no-leader.timeout = 120s (custom)
2019-09-17 07:43:56,664 [pool-107-thread-1] INFO  ratis.ContainerStateMachine (ContainerStateMachine.java:loadSnapshot(230)) - group-7C72F7D496C4: The snapshot info is null. Setting the last applied indexto:(t:0, i:~)
2019-09-17 07:43:56,664 [pool-57-thread-1] INFO  server.RaftServerConfigKeys (ConfUtils.java:logGet(43)) - raft.server.notification.no-leader.timeout = 120s (custom)
2019-09-17 07:43:56,664 [pool-107-thread-1] INFO  server.RaftServerConfigKeys (ConfUtils.java:logGet(43)) - raft.server.notification.no-leader.timeout = 120s (custom)
2019-09-17 07:43:56,665 [pool-107-thread-1] INFO  server.RaftServerConfigKeys (ConfUtils.java:logGet(43)) - raft.server.log.use.memory = false (default)
2019-09-17 07:43:56,664 [pool-97-thread-1] INFO  server.RaftServerConfigKeys (ConfUtils.java:logGet(43)) - raft.server.log.use.memory = false (default)
2019-09-17 07:43:56,666 [pool-107-thread-1] INFO  server.RaftServerConfigKeys (ConfUtils.java:logGet(43)) - raft.server.log.purge.gap = 1000000 (custom)
2019-09-17 07:43:56,664 [pool-57-thread-1] INFO  server.RaftServerConfigKeys (ConfUtils.java:logGet(43)) - raft.server.log.use.memory = false (default)
2019-09-17 07:43:56,667 [pool-107-thread-1] INFO  server.RaftServerConfigKeys (ConfUtils.java:logGet(43)) - raft.server.log.appender.buffer.byte-limit = 33554432 (custom)
2019-09-17 07:43:56,667 [pool-97-thread-1] INFO  server.RaftServerConfigKeys (ConfUtils.java:logGet(43)) - raft.server.log.purge.gap = 1000000 (custom)
2019-09-17 07:43:56,667 [pool-107-thread-1] INFO  server.RaftServerConfigKeys (ConfUtils.java:logGet(43)) - raft.server.log.segment.size.max = 1048576 (custom)
2019-09-17 07:43:56,667 [pool-57-thread-1] INFO  server.RaftServerConfigKeys (ConfUtils.java:logGet(43)) - raft.server.log.purge.gap = 1000000 (custom)
2019-09-17 07:43:56,667 [pool-107-thread-1] INFO  server.RaftServerConfigKeys (ConfUtils.java:logGet(43)) - raft.server.log.segment.cache.num.max = 2 (custom)
2019-09-17 07:43:56,667 [pool-97-thread-1] INFO  server.RaftServerConfigKeys (ConfUtils.java:logGet(43)) - raft.server.log.appender.buffer.byte-limit = 33554432 (custom)
2019-09-17 07:43:56,668 [pool-107-thread-1] INFO  segmented.SegmentedRaftLogWorker (SegmentedRaftLogWorker.java:<init>(172)) - new 6a48daa3-10a7-4dcf-835e-de50be54fa2c@group-7C72F7D496C4-SegmentedRaftLogWorker for RaftStorage:Storage Directory /workdir/hadoop-ozone/integration-test/target/test-dir/MiniOzoneClusterImpl-2856df08-3e92-4080-a2c9-ea03709d96bd/datanode-8/data/ratis/0dd04a28-7048-4f82-b477-7c72f7d496c4
2019-09-17 07:43:56,668 [pool-57-thread-1] INFO  server.RaftServerConfigKeys (ConfUtils.java:logGet(43)) - raft.server.log.appender.buffer.byte-limit = 33554432 (custom)
2019-09-17 07:43:56,668 [pool-107-thread-1] INFO  server.RaftServerConfigKeys (ConfUtils.java:logGet(43)) - raft.server.log.queue.byte-limit = 2147483647 (custom)
2019-09-17 07:43:56,668 [pool-97-thread-1] INFO  server.RaftServerConfigKeys (ConfUtils.java:logGet(43)) - raft.server.log.segment.size.max = 1048576 (custom)
2019-09-17 07:43:56,668 [pool-107-thread-1] INFO  server.RaftServerConfigKeys (ConfUtils.java:logGet(43)) - raft.server.log.queue.element-limit = 1024 (custom)
2019-09-17 07:43:56,668 [pool-57-thread-1] INFO  server.RaftServerConfigKeys (ConfUtils.java:logGet(43)) - raft.server.log.segment.size.max = 1048576 (custom)
2019-09-17 07:43:56,669 [pool-107-thread-1] INFO  server.RaftServerConfigKeys (ConfUtils.java:logGet(43)) - raft.server.log.segment.size.max = 1048576 (custom)
2019-09-17 07:43:56,669 [pool-97-thread-1] INFO  server.RaftServerConfigKeys (ConfUtils.java:logGet(43)) - raft.server.log.segment.cache.num.max = 2 (custom)
2019-09-17 07:43:56,669 [pool-107-thread-1] INFO  server.RaftServerConfigKeys (ConfUtils.java:logGet(43)) - raft.server.log.preallocated.size = 16384 (custom)
2019-09-17 07:43:56,669 [pool-107-thread-1] INFO  server.RaftServerConfigKeys (ConfUtils.java:logGet(43)) - raft.server.log.write.buffer.size = 33554432 (custom)
2019-09-17 07:43:56,669 [pool-57-thread-1] INFO  server.RaftServerConfigKeys (ConfUtils.java:logGet(43)) - raft.server.log.segment.cache.num.max = 2 (custom)
2019-09-17 07:43:56,670 [pool-107-thread-1] INFO  server.RaftServerConfigKeys (ConfUtils.java:logGet(43)) - raft.server.log.force.sync.num = 128 (default)
2019-09-17 07:43:56,669 [pool-97-thread-1] INFO  segmented.SegmentedRaftLogWorker (SegmentedRaftLogWorker.java:<init>(172)) - new 0f7bb9d9-5139-4852-be99-380e1bc1143c@group-7C72F7D496C4-SegmentedRaftLogWorker for RaftStorage:Storage Directory /workdir/hadoop-ozone/integration-test/target/test-dir/MiniOzoneClusterImpl-2856df08-3e92-4080-a2c9-ea03709d96bd/datanode-7/data/ratis/0dd04a28-7048-4f82-b477-7c72f7d496c4
2019-09-17 07:43:56,670 [pool-107-thread-1] INFO  server.RaftServerConfigKeys (ConfUtils.java:logGet(43)) - raft.server.log.statemachine.data.sync = true (default)
2019-09-17 07:43:56,670 [pool-57-thread-1] INFO  segmented.SegmentedRaftLogWorker (SegmentedRaftLogWorker.java:<init>(172)) - new 9cc127b6-6322-4ddd-ad35-07c34665999c@group-7C72F7D496C4-SegmentedRaftLogWorker for RaftStorage:Storage Directory /workdir/hadoop-ozone/integration-test/target/test-dir/MiniOzoneClusterImpl-2856df08-3e92-4080-a2c9-ea03709d96bd/datanode-3/data/ratis/0dd04a28-7048-4f82-b477-7c72f7d496c4
2019-09-17 07:43:56,670 [pool-107-thread-1] INFO  server.RaftServerConfigKeys (ConfUtils.java:logGet(43)) - raft.server.log.statemachine.data.sync.timeout = 10s (default)
2019-09-17 07:43:56,670 [pool-97-thread-1] INFO  server.RaftServerConfigKeys (ConfUtils.java:logGet(43)) - raft.server.log.queue.byte-limit = 2147483647 (custom)
2019-09-17 07:43:56,671 [pool-107-thread-1] INFO  server.RaftServerConfigKeys (ConfUtils.java:logGet(43)) - raft.server.log.statemachine.data.sync.timeout.retry = -1 (default)
2019-09-17 07:43:56,670 [pool-57-thread-1] INFO  server.RaftServerConfigKeys (ConfUtils.java:logGet(43)) - raft.server.log.queue.byte-limit = 2147483647 (custom)
2019-09-17 07:43:56,671 [pool-107-thread-1] INFO  server.RaftServerConfigKeys (ConfUtils.java:logGet(43)) - raft.server.log.statemachine.data.caching.enabled = true (custom)
2019-09-17 07:43:56,671 [pool-97-thread-1] INFO  server.RaftServerConfigKeys (ConfUtils.java:logGet(43)) - raft.server.log.queue.element-limit = 1024 (custom)
2019-09-17 07:43:56,671 [pool-57-thread-1] INFO  server.RaftServerConfigKeys (ConfUtils.java:logGet(43)) - raft.server.log.queue.element-limit = 1024 (custom)
2019-09-17 07:43:56,671 [pool-107-thread-1] INFO  segmented.SegmentedRaftLogWorker (SegmentedRaftLogWorker.java:lambda$new$0(132)) - 6a48daa3-10a7-4dcf-835e-de50be54fa2c@group-7C72F7D496C4-SegmentedRaftLogWorker: flushIndex: setUnconditionally 0 -> -1
2019-09-17 07:43:56,671 [pool-97-thread-1] INFO  server.RaftServerConfigKeys (ConfUtils.java:logGet(43)) - raft.server.log.segment.size.max = 1048576 (custom)
2019-09-17 07:43:56,672 [pool-57-thread-1] INFO  server.RaftServerConfigKeys (ConfUtils.java:logGet(43)) - raft.server.log.segment.size.max = 1048576 (custom)
2019-09-17 07:43:56,672 [pool-107-thread-1] INFO  server.RaftServerConfigKeys (ConfUtils.java:logGet(43)) - raft.server.snapshot.auto.trigger.enabled = true (custom)
2019-09-17 07:43:56,672 [pool-97-thread-1] INFO  server.RaftServerConfigKeys (ConfUtils.java:logGet(43)) - raft.server.log.preallocated.size = 16384 (custom)
2019-09-17 07:43:56,672 [pool-107-thread-1] INFO  server.RaftServerConfigKeys (ConfUtils.java:logGet(43)) - raft.server.snapshot.auto.trigger.threshold = 10000 (custom)
2019-09-17 07:43:56,672 [pool-107-thread-1] INFO  server.RaftServerConfigKeys (ConfUtils.java:logGet(43)) - raft.server.snapshot.retention.num.files = 5 (custom)
2019-09-17 07:43:56,672 [pool-57-thread-1] INFO  server.RaftServerConfigKeys (ConfUtils.java:logGet(43)) - raft.server.log.preallocated.size = 16384 (custom)
2019-09-17 07:43:56,673 [pool-107-thread-1] INFO  server.RaftServerConfigKeys (ConfUtils.java:logGet(43)) - raft.server.retrycache.expirytime = 600000ms (custom)
2019-09-17 07:43:56,672 [pool-97-thread-1] INFO  server.RaftServerConfigKeys (ConfUtils.java:logGet(43)) - raft.server.log.write.buffer.size = 33554432 (custom)
2019-09-17 07:43:56,673 [pool-57-thread-1] INFO  server.RaftServerConfigKeys (ConfUtils.java:logGet(43)) - raft.server.log.write.buffer.size = 33554432 (custom)
2019-09-17 07:43:56,673 [pool-97-thread-1] INFO  server.RaftServerConfigKeys (ConfUtils.java:logGet(43)) - raft.server.log.force.sync.num = 128 (default)
2019-09-17 07:43:56,673 [pool-57-thread-1] INFO  server.RaftServerConfigKeys (ConfUtils.java:logGet(43)) - raft.server.log.force.sync.num = 128 (default)
2019-09-17 07:43:56,673 [pool-97-thread-1] INFO  server.RaftServerConfigKeys (ConfUtils.java:logGet(43)) - raft.server.log.statemachine.data.sync = true (default)
2019-09-17 07:43:56,674 [pool-57-thread-1] INFO  server.RaftServerConfigKeys (ConfUtils.java:logGet(43)) - raft.server.log.statemachine.data.sync = true (default)
2019-09-17 07:43:56,674 [pool-97-thread-1] INFO  server.RaftServerConfigKeys (ConfUtils.java:logGet(43)) - raft.server.log.statemachine.data.sync.timeout = 10s (default)
2019-09-17 07:43:56,674 [pool-57-thread-1] INFO  server.RaftServerConfigKeys (ConfUtils.java:logGet(43)) - raft.server.log.statemachine.data.sync.timeout = 10s (default)
2019-09-17 07:43:56,674 [pool-97-thread-1] INFO  server.RaftServerConfigKeys (ConfUtils.java:logGet(43)) - raft.server.log.statemachine.data.sync.timeout.retry = -1 (default)
2019-09-17 07:43:56,674 [pool-57-thread-1] INFO  server.RaftServerConfigKeys (ConfUtils.java:logGet(43)) - raft.server.log.statemachine.data.sync.timeout.retry = -1 (default)
2019-09-17 07:43:56,674 [pool-97-thread-1] INFO  server.RaftServerConfigKeys (ConfUtils.java:logGet(43)) - raft.server.log.statemachine.data.caching.enabled = true (custom)
2019-09-17 07:43:56,675 [pool-57-thread-1] INFO  server.RaftServerConfigKeys (ConfUtils.java:logGet(43)) - raft.server.log.statemachine.data.caching.enabled = true (custom)
2019-09-17 07:43:56,675 [pool-97-thread-1] INFO  segmented.SegmentedRaftLogWorker (SegmentedRaftLogWorker.java:lambda$new$0(132)) - 0f7bb9d9-5139-4852-be99-380e1bc1143c@group-7C72F7D496C4-SegmentedRaftLogWorker: flushIndex: setUnconditionally 0 -> -1
2019-09-17 07:43:56,675 [pool-57-thread-1] INFO  segmented.SegmentedRaftLogWorker (SegmentedRaftLogWorker.java:lambda$new$0(132)) - 9cc127b6-6322-4ddd-ad35-07c34665999c@group-7C72F7D496C4-SegmentedRaftLogWorker: flushIndex: setUnconditionally 0 -> -1
2019-09-17 07:43:56,675 [pool-97-thread-1] INFO  server.RaftServerConfigKeys (ConfUtils.java:logGet(43)) - raft.server.snapshot.auto.trigger.enabled = true (custom)
2019-09-17 07:43:56,675 [pool-97-thread-1] INFO  server.RaftServerConfigKeys (ConfUtils.java:logGet(43)) - raft.server.snapshot.auto.trigger.threshold = 10000 (custom)
2019-09-17 07:43:56,675 [pool-57-thread-1] INFO  server.RaftServerConfigKeys (ConfUtils.java:logGet(43)) - raft.server.snapshot.auto.trigger.enabled = true (custom)
2019-09-17 07:43:56,676 [pool-97-thread-1] INFO  server.RaftServerConfigKeys (ConfUtils.java:logGet(43)) - raft.server.snapshot.retention.num.files = 5 (custom)
2019-09-17 07:43:56,676 [pool-57-thread-1] INFO  server.RaftServerConfigKeys (ConfUtils.java:logGet(43)) - raft.server.snapshot.auto.trigger.threshold = 10000 (custom)
2019-09-17 07:43:56,676 [pool-107-thread-1] INFO  impl.RaftServerImpl (RaftServerImpl.java:start(185)) - 6a48daa3-10a7-4dcf-835e-de50be54fa2c@group-7C72F7D496C4: start as a follower, conf=-1: [0f7bb9d9-5139-4852-be99-380e1bc1143c:192.168.151.112:33997, 6a48daa3-10a7-4dcf-835e-de50be54fa2c:192.168.151.112:37061, 9cc127b6-6322-4ddd-ad35-07c34665999c:192.168.151.112:43030], old=null
2019-09-17 07:43:56,676 [pool-97-thread-1] INFO  server.RaftServerConfigKeys (ConfUtils.java:logGet(43)) - raft.server.retrycache.expirytime = 600000ms (custom)
2019-09-17 07:43:56,676 [pool-107-thread-1] INFO  impl.RaftServerImpl (RaftServerImpl.java:setRole(174)) - 6a48daa3-10a7-4dcf-835e-de50be54fa2c@group-7C72F7D496C4: changes role from      null to FOLLOWER at term 0 for startAsFollower
2019-09-17 07:43:56,676 [pool-57-thread-1] INFO  server.RaftServerConfigKeys (ConfUtils.java:logGet(43)) - raft.server.snapshot.retention.num.files = 5 (custom)
2019-09-17 07:43:56,676 [pool-107-thread-1] INFO  impl.RoleInfo (RoleInfo.java:updateAndGet(143)) - 6a48daa3-10a7-4dcf-835e-de50be54fa2c: start FollowerState
2019-09-17 07:43:56,677 [pool-57-thread-1] INFO  server.RaftServerConfigKeys (ConfUtils.java:logGet(43)) - raft.server.retrycache.expirytime = 600000ms (custom)
2019-09-17 07:43:56,677 [pool-107-thread-1] INFO  util.JmxRegister (JmxRegister.java:tryRegister(44)) - Successfully registered JMX Bean with object name Ratis:service=RaftServer,group=group-7C72F7D496C4,id=6a48daa3-10a7-4dcf-835e-de50be54fa2c
2019-09-17 07:43:56,679 [pool-97-thread-1] INFO  impl.RaftServerImpl (RaftServerImpl.java:start(185)) - 0f7bb9d9-5139-4852-be99-380e1bc1143c@group-7C72F7D496C4: start as a follower, conf=-1: [0f7bb9d9-5139-4852-be99-380e1bc1143c:192.168.151.112:33997, 6a48daa3-10a7-4dcf-835e-de50be54fa2c:192.168.151.112:37061, 9cc127b6-6322-4ddd-ad35-07c34665999c:192.168.151.112:43030], old=null
2019-09-17 07:43:56,681 [pool-97-thread-1] INFO  impl.RaftServerImpl (RaftServerImpl.java:setRole(174)) - 0f7bb9d9-5139-4852-be99-380e1bc1143c@group-7C72F7D496C4: changes role from      null to FOLLOWER at term 0 for startAsFollower
2019-09-17 07:43:56,681 [pool-97-thread-1] INFO  impl.RoleInfo (RoleInfo.java:updateAndGet(143)) - 0f7bb9d9-5139-4852-be99-380e1bc1143c: start FollowerState
2019-09-17 07:43:56,689 [pool-97-thread-1] INFO  util.JmxRegister (JmxRegister.java:tryRegister(44)) - Successfully registered JMX Bean with object name Ratis:service=RaftServer,group=group-7C72F7D496C4,id=0f7bb9d9-5139-4852-be99-380e1bc1143c
2019-09-17 07:43:56,690 [pool-57-thread-1] INFO  impl.RaftServerImpl (RaftServerImpl.java:start(185)) - 9cc127b6-6322-4ddd-ad35-07c34665999c@group-7C72F7D496C4: start as a follower, conf=-1: [0f7bb9d9-5139-4852-be99-380e1bc1143c:192.168.151.112:33997, 6a48daa3-10a7-4dcf-835e-de50be54fa2c:192.168.151.112:37061, 9cc127b6-6322-4ddd-ad35-07c34665999c:192.168.151.112:43030], old=null
2019-09-17 07:43:56,690 [pool-57-thread-1] INFO  impl.RaftServerImpl (RaftServerImpl.java:setRole(174)) - 9cc127b6-6322-4ddd-ad35-07c34665999c@group-7C72F7D496C4: changes role from      null to FOLLOWER at term 0 for startAsFollower
2019-09-17 07:43:56,690 [pool-57-thread-1] INFO  impl.RoleInfo (RoleInfo.java:updateAndGet(143)) - 9cc127b6-6322-4ddd-ad35-07c34665999c: start FollowerState
2019-09-17 07:43:56,691 [pool-57-thread-1] INFO  util.JmxRegister (JmxRegister.java:tryRegister(44)) - Successfully registered JMX Bean with object name Ratis:service=RaftServer,group=group-7C72F7D496C4,id=9cc127b6-6322-4ddd-ad35-07c34665999c
2019-09-17 07:43:56,736 [Thread-291] INFO  impl.FollowerState (FollowerState.java:run(106)) - df3f7b97-e0a2-4b7a-b613-50634e06cc54:group-BE95C9452DF3 changes to CANDIDATE, lastRpcTime:1099, electionTimeout:1076ms
2019-09-17 07:43:56,742 [Thread-291] INFO  impl.RoleInfo (RoleInfo.java:shutdownFollowerState(121)) - df3f7b97-e0a2-4b7a-b613-50634e06cc54: shutdown FollowerState
2019-09-17 07:43:56,742 [Thread-291] INFO  impl.RaftServerImpl (RaftServerImpl.java:setRole(174)) - df3f7b97-e0a2-4b7a-b613-50634e06cc54@group-BE95C9452DF3: changes role from  FOLLOWER to CANDIDATE at term 0 for changeToCandidate
2019-09-17 07:43:56,742 [Thread-291] INFO  impl.RoleInfo (RoleInfo.java:updateAndGet(143)) - df3f7b97-e0a2-4b7a-b613-50634e06cc54: start LeaderElection
2019-09-17 07:43:56,751 [RatisPipelineUtilsThread] INFO  pipeline.PipelineStateManager (PipelineStateManager.java:addPipeline(56)) - Created pipeline Pipeline[ Id: 0dd04a28-7048-4f82-b477-7c72f7d496c4, Nodes: 0f7bb9d9-5139-4852-be99-380e1bc1143c{ip: 192.168.151.112, host: pr-hdds-2134-72wlk-3981800394, networkLocation: /default-rack, certSerialId: null}6a48daa3-10a7-4dcf-835e-de50be54fa2c{ip: 192.168.151.112, host: pr-hdds-2134-72wlk-3981800394, networkLocation: /default-rack, certSerialId: null}9cc127b6-6322-4ddd-ad35-07c34665999c{ip: 192.168.151.112, host: pr-hdds-2134-72wlk-3981800394, networkLocation: /default-rack, certSerialId: null}, Type:RATIS, Factor:THREE, State:OPEN]
2019-09-17 07:43:56,767 [fd1a6a38-1d12-46a9-943d-422a00bbff87@group-2107CA32C477-SegmentedRaftLogWorker] INFO  segmented.SegmentedRaftLogWorker (SegmentedRaftLogWorker.java:execute(569)) - fd1a6a38-1d12-46a9-943d-422a00bbff87@group-2107CA32C477-SegmentedRaftLogWorker: created new log segment /workdir/hadoop-ozone/integration-test/target/test-dir/MiniOzoneClusterImpl-2856df08-3e92-4080-a2c9-ea03709d96bd/datanode-1/data/ratis/8a986509-2030-4149-840f-2107ca32c477/current/log_inprogress_0
2019-09-17 07:43:56,767 [df3f7b97-e0a2-4b7a-b613-50634e06cc54@group-BE95C9452DF3:LeaderElection3] INFO  impl.LeaderElection (LeaderElection.java:askForVotes(182)) - df3f7b97-e0a2-4b7a-b613-50634e06cc54@group-BE95C9452DF3:LeaderElection3: begin an election at term 1 for -1: [df3f7b97-e0a2-4b7a-b613-50634e06cc54:192.168.151.112:33091], old=null
2019-09-17 07:43:56,767 [193495bf-c496-4e24-ad0b-455843e1a269@group-0739475C793C-SegmentedRaftLogWorker] INFO  segmented.SegmentedRaftLogWorker (SegmentedRaftLogWorker.java:execute(569)) - 193495bf-c496-4e24-ad0b-455843e1a269@group-0739475C793C-SegmentedRaftLogWorker: created new log segment /workdir/hadoop-ozone/integration-test/target/test-dir/MiniOzoneClusterImpl-2856df08-3e92-4080-a2c9-ea03709d96bd/datanode-0/data/ratis/c525683c-4906-478d-816f-0739475c793c/current/log_inprogress_0
2019-09-17 07:43:56,772 [df3f7b97-e0a2-4b7a-b613-50634e06cc54@group-BE95C9452DF3:LeaderElection3] INFO  impl.RoleInfo (RoleInfo.java:shutdownLeaderElection(134)) - df3f7b97-e0a2-4b7a-b613-50634e06cc54: shutdown LeaderElection
2019-09-17 07:43:56,772 [df3f7b97-e0a2-4b7a-b613-50634e06cc54@group-BE95C9452DF3:LeaderElection3] INFO  impl.RaftServerImpl (RaftServerImpl.java:setRole(174)) - df3f7b97-e0a2-4b7a-b613-50634e06cc54@group-BE95C9452DF3: changes role from CANDIDATE to LEADER at term 1 for changeToLeader
2019-09-17 07:43:56,772 [df3f7b97-e0a2-4b7a-b613-50634e06cc54@group-BE95C9452DF3:LeaderElection3] INFO  impl.RaftServerImpl (ServerState.java:setLeader(253)) - df3f7b97-e0a2-4b7a-b613-50634e06cc54@group-BE95C9452DF3: change Leader from null to df3f7b97-e0a2-4b7a-b613-50634e06cc54 at term 1 for becomeLeader, leader elected after 1187ms
2019-09-17 07:43:56,772 [df3f7b97-e0a2-4b7a-b613-50634e06cc54@group-BE95C9452DF3:LeaderElection3] INFO  server.RaftServerConfigKeys (ConfUtils.java:logGet(43)) - raft.server.staging.catchup.gap = 1000 (default)
2019-09-17 07:43:56,772 [df3f7b97-e0a2-4b7a-b613-50634e06cc54@group-BE95C9452DF3:LeaderElection3] INFO  server.RaftServerConfigKeys (ConfUtils.java:logGet(43)) - raft.server.rpc.sleep.time = 25ms (default)
2019-09-17 07:43:56,773 [df3f7b97-e0a2-4b7a-b613-50634e06cc54@group-BE95C9452DF3:LeaderElection3] INFO  server.RaftServerConfigKeys (ConfUtils.java:logGet(43)) - raft.server.write.element-limit = 4096 (default)
2019-09-17 07:43:56,773 [df3f7b97-e0a2-4b7a-b613-50634e06cc54@group-BE95C9452DF3:LeaderElection3] INFO  server.RaftServerConfigKeys (ConfUtils.java:logGet(43)) - raft.server.watch.timeout = 10s (default)
2019-09-17 07:43:56,773 [df3f7b97-e0a2-4b7a-b613-50634e06cc54@group-BE95C9452DF3:LeaderElection3] INFO  server.RaftServerConfigKeys (ConfUtils.java:logGet(43)) - raft.server.watch.timeout.denomination = 1s (default)
2019-09-17 07:43:56,773 [df3f7b97-e0a2-4b7a-b613-50634e06cc54@group-BE95C9452DF3:LeaderElection3] INFO  server.RaftServerConfigKeys (ConfUtils.java:logGet(43)) - raft.server.watch.element-limit = 65536 (default)
2019-09-17 07:43:56,781 [grpc-default-executor-0] INFO  impl.RaftServerProxy (RaftServerProxy.java:addNew(89)) - a6514a8e-6408-4ac6-93dd-a0b43c53a9d5: addNew group-EAB0D3E59377:[a6514a8e-6408-4ac6-93dd-a0b43c53a9d5:192.168.151.112:43664, cca845ef-daa9-4965-b848-0a1a0c80ebf1:192.168.151.112:45232, 96d93dec-e435-44d3-a97f-c1954b993e4b:192.168.151.112:39352] returns group-EAB0D3E59377:java.util.concurrent.CompletableFuture@1caacd89[Not completed]
2019-09-17 07:43:56,785 [df3f7b97-e0a2-4b7a-b613-50634e06cc54@group-BE95C9452DF3:LeaderElection3] INFO  impl.RoleInfo (RoleInfo.java:updateAndGet(143)) - df3f7b97-e0a2-4b7a-b613-50634e06cc54: start LeaderState
2019-09-17 07:43:56,788 [df3f7b97-e0a2-4b7a-b613-50634e06cc54@group-BE95C9452DF3:LeaderElection3] INFO  segmented.SegmentedRaftLogWorker (SegmentedRaftLogWorker.java:startLogSegment(380)) - df3f7b97-e0a2-4b7a-b613-50634e06cc54@group-BE95C9452DF3-SegmentedRaftLogWorker: Starting segment from index:0
2019-09-17 07:43:56,788 [grpc-default-executor-1] INFO  impl.RaftServerProxy (RaftServerProxy.java:addNew(89)) - cca845ef-daa9-4965-b848-0a1a0c80ebf1: addNew group-EAB0D3E59377:[a6514a8e-6408-4ac6-93dd-a0b43c53a9d5:192.168.151.112:43664, cca845ef-daa9-4965-b848-0a1a0c80ebf1:192.168.151.112:45232, 96d93dec-e435-44d3-a97f-c1954b993e4b:192.168.151.112:39352] returns group-EAB0D3E59377:java.util.concurrent.CompletableFuture@76b501a[Not completed]
2019-09-17 07:43:56,789 [grpc-default-executor-0] INFO  impl.RaftServerProxy (RaftServerProxy.java:addNew(89)) - 96d93dec-e435-44d3-a97f-c1954b993e4b: addNew group-EAB0D3E59377:[a6514a8e-6408-4ac6-93dd-a0b43c53a9d5:192.168.151.112:43664, cca845ef-daa9-4965-b848-0a1a0c80ebf1:192.168.151.112:45232, 96d93dec-e435-44d3-a97f-c1954b993e4b:192.168.151.112:39352] returns group-EAB0D3E59377:java.util.concurrent.CompletableFuture@20d547c[Not completed]
2019-09-17 07:43:56,789 [pool-87-thread-1] INFO  impl.RaftServerImpl (RaftServerImpl.java:<init>(95)) - a6514a8e-6408-4ac6-93dd-a0b43c53a9d5: new RaftServerImpl for group-EAB0D3E59377:[a6514a8e-6408-4ac6-93dd-a0b43c53a9d5:192.168.151.112:43664, cca845ef-daa9-4965-b848-0a1a0c80ebf1:192.168.151.112:45232, 96d93dec-e435-44d3-a97f-c1954b993e4b:192.168.151.112:39352] with ContainerStateMachine:uninitialized
2019-09-17 07:43:56,789 [df3f7b97-e0a2-4b7a-b613-50634e06cc54@group-BE95C9452DF3:LeaderElection3] INFO  impl.RaftServerImpl (ServerState.java:setRaftConf(354)) - df3f7b97-e0a2-4b7a-b613-50634e06cc54@group-BE95C9452DF3: set configuration 0: [df3f7b97-e0a2-4b7a-b613-50634e06cc54:192.168.151.112:33091], old=null at 0
2019-09-17 07:43:56,789 [pool-87-thread-1] INFO  server.RaftServerConfigKeys (ConfUtils.java:logGet(43)) - raft.server.rpc.timeout.min = 1s (custom)
2019-09-17 07:43:56,824 [pool-87-thread-1] INFO  server.RaftServerConfigKeys (ConfUtils.java:logGet(43)) - raft.server.rpc.timeout.max = 1200ms (custom)
2019-09-17 07:43:56,826 [pool-87-thread-1] INFO  server.RaftServerConfigKeys (ConfUtils.java:logGet(43)) - raft.server.rpcslowness.timeout = 120s (custom)
2019-09-17 07:43:56,826 [pool-87-thread-1] INFO  server.RaftServerConfigKeys (ConfUtils.java:logGet(43)) - raft.server.sleep.deviation.threshold = 300 (default)
2019-09-17 07:43:56,827 [pool-87-thread-1] INFO  server.RaftServerConfigKeys (ConfUtils.java:logGet(43)) - raft.server.log.appender.install.snapshot.enabled = false (custom)
2019-09-17 07:43:56,827 [pool-87-thread-1] INFO  impl.RaftServerImpl (ServerState.java:<init>(103)) - a6514a8e-6408-4ac6-93dd-a0b43c53a9d5@group-EAB0D3E59377: ConfigurationManager, init=-1: [a6514a8e-6408-4ac6-93dd-a0b43c53a9d5:192.168.151.112:43664, cca845ef-daa9-4965-b848-0a1a0c80ebf1:192.168.151.112:45232, 96d93dec-e435-44d3-a97f-c1954b993e4b:192.168.151.112:39352], old=null, confs=<EMPTY_MAP>
2019-09-17 07:43:56,827 [pool-87-thread-1] INFO  server.RaftServerConfigKeys (ConfUtils.java:logGet(43)) - raft.server.storage.dir = [/workdir/hadoop-ozone/integration-test/target/test-dir/MiniOzoneClusterImpl-2856df08-3e92-4080-a2c9-ea03709d96bd/datanode-6/data/ratis] (custom)
2019-09-17 07:43:56,827 [pool-77-thread-1] INFO  impl.RaftServerImpl (RaftServerImpl.java:<init>(95)) - cca845ef-daa9-4965-b848-0a1a0c80ebf1: new RaftServerImpl for group-EAB0D3E59377:[a6514a8e-6408-4ac6-93dd-a0b43c53a9d5:192.168.151.112:43664, cca845ef-daa9-4965-b848-0a1a0c80ebf1:192.168.151.112:45232, 96d93dec-e435-44d3-a97f-c1954b993e4b:192.168.151.112:39352] with ContainerStateMachine:uninitialized
2019-09-17 07:43:56,828 [pool-87-thread-1] INFO  storage.RaftStorageDirectory (RaftStorageDirectory.java:analyzeStorage(246)) - The storage directory /workdir/hadoop-ozone/integration-test/target/test-dir/MiniOzoneClusterImpl-2856df08-3e92-4080-a2c9-ea03709d96bd/datanode-6/data/ratis/732dae7b-d889-40b8-a54e-eab0d3e59377 does not exist. Creating ...
2019-09-17 07:43:56,828 [pool-77-thread-1] INFO  server.RaftServerConfigKeys (ConfUtils.java:logGet(43)) - raft.server.rpc.timeout.min = 1s (custom)
2019-09-17 07:43:56,828 [pool-77-thread-1] INFO  server.RaftServerConfigKeys (ConfUtils.java:logGet(43)) - raft.server.rpc.timeout.max = 1200ms (custom)
2019-09-17 07:43:56,828 [pool-77-thread-1] INFO  server.RaftServerConfigKeys (ConfUtils.java:logGet(43)) - raft.server.rpcslowness.timeout = 120s (custom)
2019-09-17 07:43:56,828 [pool-77-thread-1] INFO  server.RaftServerConfigKeys (ConfUtils.java:logGet(43)) - raft.server.sleep.deviation.threshold = 300 (default)
2019-09-17 07:43:56,828 [pool-77-thread-1] INFO  server.RaftServerConfigKeys (ConfUtils.java:logGet(43)) - raft.server.log.appender.install.snapshot.enabled = false (custom)
2019-09-17 07:43:56,829 [pool-77-thread-1] INFO  impl.RaftServerImpl (ServerState.java:<init>(103)) - cca845ef-daa9-4965-b848-0a1a0c80ebf1@group-EAB0D3E59377: ConfigurationManager, init=-1: [a6514a8e-6408-4ac6-93dd-a0b43c53a9d5:192.168.151.112:43664, cca845ef-daa9-4965-b848-0a1a0c80ebf1:192.168.151.112:45232, 96d93dec-e435-44d3-a97f-c1954b993e4b:192.168.151.112:39352], old=null, confs=<EMPTY_MAP>
2019-09-17 07:43:56,829 [pool-77-thread-1] INFO  server.RaftServerConfigKeys (ConfUtils.java:logGet(43)) - raft.server.storage.dir = [/workdir/hadoop-ozone/integration-test/target/test-dir/MiniOzoneClusterImpl-2856df08-3e92-4080-a2c9-ea03709d96bd/datanode-5/data/ratis] (custom)
2019-09-17 07:43:56,829 [pool-67-thread-1] INFO  impl.RaftServerImpl (RaftServerImpl.java:<init>(95)) - 96d93dec-e435-44d3-a97f-c1954b993e4b: new RaftServerImpl for group-EAB0D3E59377:[a6514a8e-6408-4ac6-93dd-a0b43c53a9d5:192.168.151.112:43664, cca845ef-daa9-4965-b848-0a1a0c80ebf1:192.168.151.112:45232, 96d93dec-e435-44d3-a97f-c1954b993e4b:192.168.151.112:39352] with ContainerStateMachine:uninitialized
2019-09-17 07:43:56,829 [pool-67-thread-1] INFO  server.RaftServerConfigKeys (ConfUtils.java:logGet(43)) - raft.server.rpc.timeout.min = 1s (custom)
2019-09-17 07:43:56,829 [pool-77-thread-1] INFO  storage.RaftStorageDirectory (RaftStorageDirectory.java:analyzeStorage(246)) - The storage directory /workdir/hadoop-ozone/integration-test/target/test-dir/MiniOzoneClusterImpl-2856df08-3e92-4080-a2c9-ea03709d96bd/datanode-5/data/ratis/732dae7b-d889-40b8-a54e-eab0d3e59377 does not exist. Creating ...
2019-09-17 07:43:56,829 [pool-67-thread-1] INFO  server.RaftServerConfigKeys (ConfUtils.java:logGet(43)) - raft.server.rpc.timeout.max = 1200ms (custom)
2019-09-17 07:43:56,830 [pool-67-thread-1] INFO  server.RaftServerConfigKeys (ConfUtils.java:logGet(43)) - raft.server.rpcslowness.timeout = 120s (custom)
2019-09-17 07:43:56,830 [pool-67-thread-1] INFO  server.RaftServerConfigKeys (ConfUtils.java:logGet(43)) - raft.server.sleep.deviation.threshold = 300 (default)
2019-09-17 07:43:56,830 [pool-67-thread-1] INFO  server.RaftServerConfigKeys (ConfUtils.java:logGet(43)) - raft.server.log.appender.install.snapshot.enabled = false (custom)
2019-09-17 07:43:56,830 [pool-67-thread-1] INFO  impl.RaftServerImpl (ServerState.java:<init>(103)) - 96d93dec-e435-44d3-a97f-c1954b993e4b@group-EAB0D3E59377: ConfigurationManager, init=-1: [a6514a8e-6408-4ac6-93dd-a0b43c53a9d5:192.168.151.112:43664, cca845ef-daa9-4965-b848-0a1a0c80ebf1:192.168.151.112:45232, 96d93dec-e435-44d3-a97f-c1954b993e4b:192.168.151.112:39352], old=null, confs=<EMPTY_MAP>
2019-09-17 07:43:56,833 [pool-67-thread-1] INFO  server.RaftServerConfigKeys (ConfUtils.java:logGet(43)) - raft.server.storage.dir = [/workdir/hadoop-ozone/integration-test/target/test-dir/MiniOzoneClusterImpl-2856df08-3e92-4080-a2c9-ea03709d96bd/datanode-4/data/ratis] (custom)
2019-09-17 07:43:56,834 [pool-67-thread-1] INFO  storage.RaftStorageDirectory (RaftStorageDirectory.java:analyzeStorage(246)) - The storage directory /workdir/hadoop-ozone/integration-test/target/test-dir/MiniOzoneClusterImpl-2856df08-3e92-4080-a2c9-ea03709d96bd/datanode-4/data/ratis/732dae7b-d889-40b8-a54e-eab0d3e59377 does not exist. Creating ...
2019-09-17 07:43:56,836 [pool-87-thread-1] INFO  storage.RaftStorageDirectory (RaftStorageDirectory.java:tryLock(328)) - Lock on /workdir/hadoop-ozone/integration-test/target/test-dir/MiniOzoneClusterImpl-2856df08-3e92-4080-a2c9-ea03709d96bd/datanode-6/data/ratis/732dae7b-d889-40b8-a54e-eab0d3e59377/in_use.lock acquired by nodename 12626@pr-hdds-2134-72wlk-3981800394
2019-09-17 07:43:56,836 [df3f7b97-e0a2-4b7a-b613-50634e06cc54@group-BE95C9452DF3-SegmentedRaftLogWorker] INFO  segmented.SegmentedRaftLogWorker (SegmentedRaftLogWorker.java:execute(569)) - df3f7b97-e0a2-4b7a-b613-50634e06cc54@group-BE95C9452DF3-SegmentedRaftLogWorker: created new log segment /workdir/hadoop-ozone/integration-test/target/test-dir/MiniOzoneClusterImpl-2856df08-3e92-4080-a2c9-ea03709d96bd/datanode-2/data/ratis/6f1afcc0-da5f-49a0-b7ba-be95c9452df3/current/log_inprogress_0
2019-09-17 07:43:56,836 [pool-77-thread-1] INFO  storage.RaftStorageDirectory (RaftStorageDirectory.java:tryLock(328)) - Lock on /workdir/hadoop-ozone/integration-test/target/test-dir/MiniOzoneClusterImpl-2856df08-3e92-4080-a2c9-ea03709d96bd/datanode-5/data/ratis/732dae7b-d889-40b8-a54e-eab0d3e59377/in_use.lock acquired by nodename 12626@pr-hdds-2134-72wlk-3981800394
2019-09-17 07:43:56,837 [pool-67-thread-1] INFO  storage.RaftStorageDirectory (RaftStorageDirectory.java:tryLock(328)) - Lock on /workdir/hadoop-ozone/integration-test/target/test-dir/MiniOzoneClusterImpl-2856df08-3e92-4080-a2c9-ea03709d96bd/datanode-4/data/ratis/732dae7b-d889-40b8-a54e-eab0d3e59377/in_use.lock acquired by nodename 12626@pr-hdds-2134-72wlk-3981800394
2019-09-17 07:43:56,840 [pool-87-thread-1] INFO  storage.RaftStorage (RaftStorage.java:format(72)) - Storage directory /workdir/hadoop-ozone/integration-test/target/test-dir/MiniOzoneClusterImpl-2856df08-3e92-4080-a2c9-ea03709d96bd/datanode-6/data/ratis/732dae7b-d889-40b8-a54e-eab0d3e59377 has been successfully formatted.
2019-09-17 07:43:56,840 [pool-77-thread-1] INFO  storage.RaftStorage (RaftStorage.java:format(72)) - Storage directory /workdir/hadoop-ozone/integration-test/target/test-dir/MiniOzoneClusterImpl-2856df08-3e92-4080-a2c9-ea03709d96bd/datanode-5/data/ratis/732dae7b-d889-40b8-a54e-eab0d3e59377 has been successfully formatted.
2019-09-17 07:43:56,843 [pool-77-thread-1] INFO  ratis.ContainerStateMachine (ContainerStateMachine.java:loadSnapshot(230)) - group-EAB0D3E59377: The snapshot info is null. Setting the last applied indexto:(t:0, i:~)
2019-09-17 07:43:56,843 [pool-87-thread-1] INFO  ratis.ContainerStateMachine (ContainerStateMachine.java:loadSnapshot(230)) - group-EAB0D3E59377: The snapshot info is null. Setting the last applied indexto:(t:0, i:~)
2019-09-17 07:43:56,843 [pool-77-thread-1] INFO  server.RaftServerConfigKeys (ConfUtils.java:logGet(43)) - raft.server.notification.no-leader.timeout = 120s (custom)
2019-09-17 07:43:56,844 [pool-87-thread-1] INFO  server.RaftServerConfigKeys (ConfUtils.java:logGet(43)) - raft.server.notification.no-leader.timeout = 120s (custom)
2019-09-17 07:43:56,844 [pool-77-thread-1] INFO  server.RaftServerConfigKeys (ConfUtils.java:logGet(43)) - raft.server.log.use.memory = false (default)
2019-09-17 07:43:56,844 [pool-87-thread-1] INFO  server.RaftServerConfigKeys (ConfUtils.java:logGet(43)) - raft.server.log.use.memory = false (default)
2019-09-17 07:43:56,844 [pool-77-thread-1] INFO  server.RaftServerConfigKeys (ConfUtils.java:logGet(43)) - raft.server.log.purge.gap = 1000000 (custom)
2019-09-17 07:43:56,844 [pool-87-thread-1] INFO  server.RaftServerConfigKeys (ConfUtils.java:logGet(43)) - raft.server.log.purge.gap = 1000000 (custom)
2019-09-17 07:43:56,844 [pool-77-thread-1] INFO  server.RaftServerConfigKeys (ConfUtils.java:logGet(43)) - raft.server.log.appender.buffer.byte-limit = 33554432 (custom)
2019-09-17 07:43:56,844 [pool-87-thread-1] INFO  server.RaftServerConfigKeys (ConfUtils.java:logGet(43)) - raft.server.log.appender.buffer.byte-limit = 33554432 (custom)
2019-09-17 07:43:56,845 [pool-77-thread-1] INFO  server.RaftServerConfigKeys (ConfUtils.java:logGet(43)) - raft.server.log.segment.size.max = 1048576 (custom)
2019-09-17 07:43:56,845 [pool-87-thread-1] INFO  server.RaftServerConfigKeys (ConfUtils.java:logGet(43)) - raft.server.log.segment.size.max = 1048576 (custom)
2019-09-17 07:43:56,845 [pool-77-thread-1] INFO  server.RaftServerConfigKeys (ConfUtils.java:logGet(43)) - raft.server.log.segment.cache.num.max = 2 (custom)
2019-09-17 07:43:56,845 [pool-87-thread-1] INFO  server.RaftServerConfigKeys (ConfUtils.java:logGet(43)) - raft.server.log.segment.cache.num.max = 2 (custom)
2019-09-17 07:43:56,845 [pool-77-thread-1] INFO  segmented.SegmentedRaftLogWorker (SegmentedRaftLogWorker.java:<init>(172)) - new cca845ef-daa9-4965-b848-0a1a0c80ebf1@group-EAB0D3E59377-SegmentedRaftLogWorker for RaftStorage:Storage Directory /workdir/hadoop-ozone/integration-test/target/test-dir/MiniOzoneClusterImpl-2856df08-3e92-4080-a2c9-ea03709d96bd/datanode-5/data/ratis/732dae7b-d889-40b8-a54e-eab0d3e59377
2019-09-17 07:43:56,845 [pool-87-thread-1] INFO  segmented.SegmentedRaftLogWorker (SegmentedRaftLogWorker.java:<init>(172)) - new a6514a8e-6408-4ac6-93dd-a0b43c53a9d5@group-EAB0D3E59377-SegmentedRaftLogWorker for RaftStorage:Storage Directory /workdir/hadoop-ozone/integration-test/target/test-dir/MiniOzoneClusterImpl-2856df08-3e92-4080-a2c9-ea03709d96bd/datanode-6/data/ratis/732dae7b-d889-40b8-a54e-eab0d3e59377
2019-09-17 07:43:56,845 [pool-77-thread-1] INFO  server.RaftServerConfigKeys (ConfUtils.java:logGet(43)) - raft.server.log.queue.byte-limit = 2147483647 (custom)
2019-09-17 07:43:56,846 [pool-87-thread-1] INFO  server.RaftServerConfigKeys (ConfUtils.java:logGet(43)) - raft.server.log.queue.byte-limit = 2147483647 (custom)
2019-09-17 07:43:56,846 [pool-77-thread-1] INFO  server.RaftServerConfigKeys (ConfUtils.java:logGet(43)) - raft.server.log.queue.element-limit = 1024 (custom)
2019-09-17 07:43:56,846 [pool-87-thread-1] INFO  server.RaftServerConfigKeys (ConfUtils.java:logGet(43)) - raft.server.log.queue.element-limit = 1024 (custom)
2019-09-17 07:43:56,846 [pool-77-thread-1] INFO  server.RaftServerConfigKeys (ConfUtils.java:logGet(43)) - raft.server.log.segment.size.max = 1048576 (custom)
2019-09-17 07:43:56,846 [pool-87-thread-1] INFO  server.RaftServerConfigKeys (ConfUtils.java:logGet(43)) - raft.server.log.segment.size.max = 1048576 (custom)
2019-09-17 07:43:56,846 [pool-77-thread-1] INFO  server.RaftServerConfigKeys (ConfUtils.java:logGet(43)) - raft.server.log.preallocated.size = 16384 (custom)
2019-09-17 07:43:56,846 [pool-87-thread-1] INFO  server.RaftServerConfigKeys (ConfUtils.java:logGet(43)) - raft.server.log.preallocated.size = 16384 (custom)
2019-09-17 07:43:56,847 [pool-77-thread-1] INFO  server.RaftServerConfigKeys (ConfUtils.java:logGet(43)) - raft.server.log.write.buffer.size = 33554432 (custom)
2019-09-17 07:43:56,847 [pool-87-thread-1] INFO  server.RaftServerConfigKeys (ConfUtils.java:logGet(43)) - raft.server.log.write.buffer.size = 33554432 (custom)
2019-09-17 07:43:56,847 [pool-77-thread-1] INFO  server.RaftServerConfigKeys (ConfUtils.java:logGet(43)) - raft.server.log.force.sync.num = 128 (default)
2019-09-17 07:43:56,847 [pool-87-thread-1] INFO  server.RaftServerConfigKeys (ConfUtils.java:logGet(43)) - raft.server.log.force.sync.num = 128 (default)
2019-09-17 07:43:56,847 [pool-77-thread-1] INFO  server.RaftServerConfigKeys (ConfUtils.java:logGet(43)) - raft.server.log.statemachine.data.sync = true (default)
2019-09-17 07:43:56,847 [pool-87-thread-1] INFO  server.RaftServerConfigKeys (ConfUtils.java:logGet(43)) - raft.server.log.statemachine.data.sync = true (default)
2019-09-17 07:43:56,847 [pool-77-thread-1] INFO  server.RaftServerConfigKeys (ConfUtils.java:logGet(43)) - raft.server.log.statemachine.data.sync.timeout = 10s (default)
2019-09-17 07:43:56,848 [pool-87-thread-1] INFO  server.RaftServerConfigKeys (ConfUtils.java:logGet(43)) - raft.server.log.statemachine.data.sync.timeout = 10s (default)
2019-09-17 07:43:56,848 [pool-77-thread-1] INFO  server.RaftServerConfigKeys (ConfUtils.java:logGet(43)) - raft.server.log.statemachine.data.sync.timeout.retry = -1 (default)
2019-09-17 07:43:56,848 [pool-87-thread-1] INFO  server.RaftServerConfigKeys (ConfUtils.java:logGet(43)) - raft.server.log.statemachine.data.sync.timeout.retry = -1 (default)
2019-09-17 07:43:56,848 [pool-77-thread-1] INFO  server.RaftServerConfigKeys (ConfUtils.java:logGet(43)) - raft.server.log.statemachine.data.caching.enabled = true (custom)
2019-09-17 07:43:56,848 [pool-87-thread-1] INFO  server.RaftServerConfigKeys (ConfUtils.java:logGet(43)) - raft.server.log.statemachine.data.caching.enabled = true (custom)
2019-09-17 07:43:56,848 [pool-77-thread-1] INFO  segmented.SegmentedRaftLogWorker (SegmentedRaftLogWorker.java:lambda$new$0(132)) - cca845ef-daa9-4965-b848-0a1a0c80ebf1@group-EAB0D3E59377-SegmentedRaftLogWorker: flushIndex: setUnconditionally 0 -> -1
2019-09-17 07:43:56,849 [pool-87-thread-1] INFO  segmented.SegmentedRaftLogWorker (SegmentedRaftLogWorker.java:lambda$new$0(132)) - a6514a8e-6408-4ac6-93dd-a0b43c53a9d5@group-EAB0D3E59377-SegmentedRaftLogWorker: flushIndex: setUnconditionally 0 -> -1
2019-09-17 07:43:56,849 [pool-77-thread-1] INFO  server.RaftServerConfigKeys (ConfUtils.java:logGet(43)) - raft.server.snapshot.auto.trigger.enabled = true (custom)
2019-09-17 07:43:56,849 [pool-87-thread-1] INFO  server.RaftServerConfigKeys (ConfUtils.java:logGet(43)) - raft.server.snapshot.auto.trigger.enabled = true (custom)
2019-09-17 07:43:56,849 [pool-77-thread-1] INFO  server.RaftServerConfigKeys (ConfUtils.java:logGet(43)) - raft.server.snapshot.auto.trigger.threshold = 10000 (custom)
2019-09-17 07:43:56,849 [pool-87-thread-1] INFO  server.RaftServerConfigKeys (ConfUtils.java:logGet(43)) - raft.server.snapshot.auto.trigger.threshold = 10000 (custom)
2019-09-17 07:43:56,849 [pool-77-thread-1] INFO  server.RaftServerConfigKeys (ConfUtils.java:logGet(43)) - raft.server.snapshot.retention.num.files = 5 (custom)
2019-09-17 07:43:56,849 [pool-87-thread-1] INFO  server.RaftServerConfigKeys (ConfUtils.java:logGet(43)) - raft.server.snapshot.retention.num.files = 5 (custom)
2019-09-17 07:43:56,850 [pool-77-thread-1] INFO  server.RaftServerConfigKeys (ConfUtils.java:logGet(43)) - raft.server.retrycache.expirytime = 600000ms (custom)
2019-09-17 07:43:56,850 [pool-87-thread-1] INFO  server.RaftServerConfigKeys (ConfUtils.java:logGet(43)) - raft.server.retrycache.expirytime = 600000ms (custom)
2019-09-17 07:43:56,854 [pool-77-thread-1] INFO  impl.RaftServerImpl (RaftServerImpl.java:start(185)) - cca845ef-daa9-4965-b848-0a1a0c80ebf1@group-EAB0D3E59377: start as a follower, conf=-1: [a6514a8e-6408-4ac6-93dd-a0b43c53a9d5:192.168.151.112:43664, cca845ef-daa9-4965-b848-0a1a0c80ebf1:192.168.151.112:45232, 96d93dec-e435-44d3-a97f-c1954b993e4b:192.168.151.112:39352], old=null
2019-09-17 07:43:56,854 [pool-77-thread-1] INFO  impl.RaftServerImpl (RaftServerImpl.java:setRole(174)) - cca845ef-daa9-4965-b848-0a1a0c80ebf1@group-EAB0D3E59377: changes role from      null to FOLLOWER at term 0 for startAsFollower
2019-09-17 07:43:56,854 [pool-87-thread-1] INFO  impl.RaftServerImpl (RaftServerImpl.java:start(185)) - a6514a8e-6408-4ac6-93dd-a0b43c53a9d5@group-EAB0D3E59377: start as a follower, conf=-1: [a6514a8e-6408-4ac6-93dd-a0b43c53a9d5:192.168.151.112:43664, cca845ef-daa9-4965-b848-0a1a0c80ebf1:192.168.151.112:45232, 96d93dec-e435-44d3-a97f-c1954b993e4b:192.168.151.112:39352], old=null
2019-09-17 07:43:56,854 [pool-77-thread-1] INFO  impl.RoleInfo (RoleInfo.java:updateAndGet(143)) - cca845ef-daa9-4965-b848-0a1a0c80ebf1: start FollowerState
2019-09-17 07:43:56,854 [pool-87-thread-1] INFO  impl.RaftServerImpl (RaftServerImpl.java:setRole(174)) - a6514a8e-6408-4ac6-93dd-a0b43c53a9d5@group-EAB0D3E59377: changes role from      null to FOLLOWER at term 0 for startAsFollower
2019-09-17 07:43:56,854 [pool-87-thread-1] INFO  impl.RoleInfo (RoleInfo.java:updateAndGet(143)) - a6514a8e-6408-4ac6-93dd-a0b43c53a9d5: start FollowerState
2019-09-17 07:43:56,854 [pool-77-thread-1] INFO  util.JmxRegister (JmxRegister.java:tryRegister(44)) - Successfully registered JMX Bean with object name Ratis:service=RaftServer,group=group-EAB0D3E59377,id=cca845ef-daa9-4965-b848-0a1a0c80ebf1
2019-09-17 07:43:56,855 [pool-87-thread-1] INFO  util.JmxRegister (JmxRegister.java:tryRegister(44)) - Successfully registered JMX Bean with object name Ratis:service=RaftServer,group=group-EAB0D3E59377,id=a6514a8e-6408-4ac6-93dd-a0b43c53a9d5
2019-09-17 07:43:56,856 [pool-67-thread-1] INFO  storage.RaftStorage (RaftStorage.java:format(72)) - Storage directory /workdir/hadoop-ozone/integration-test/target/test-dir/MiniOzoneClusterImpl-2856df08-3e92-4080-a2c9-ea03709d96bd/datanode-4/data/ratis/732dae7b-d889-40b8-a54e-eab0d3e59377 has been successfully formatted.
2019-09-17 07:43:56,856 [pool-67-thread-1] INFO  ratis.ContainerStateMachine (ContainerStateMachine.java:loadSnapshot(230)) - group-EAB0D3E59377: The snapshot info is null. Setting the last applied indexto:(t:0, i:~)
2019-09-17 07:43:56,856 [pool-67-thread-1] INFO  server.RaftServerConfigKeys (ConfUtils.java:logGet(43)) - raft.server.notification.no-leader.timeout = 120s (custom)
2019-09-17 07:43:56,857 [pool-67-thread-1] INFO  server.RaftServerConfigKeys (ConfUtils.java:logGet(43)) - raft.server.log.use.memory = false (default)
2019-09-17 07:43:56,872 [pool-67-thread-1] INFO  server.RaftServerConfigKeys (ConfUtils.java:logGet(43)) - raft.server.log.purge.gap = 1000000 (custom)
2019-09-17 07:43:56,872 [pool-67-thread-1] INFO  server.RaftServerConfigKeys (ConfUtils.java:logGet(43)) - raft.server.log.appender.buffer.byte-limit = 33554432 (custom)
2019-09-17 07:43:56,872 [pool-67-thread-1] INFO  server.RaftServerConfigKeys (ConfUtils.java:logGet(43)) - raft.server.log.segment.size.max = 1048576 (custom)
2019-09-17 07:43:56,872 [pool-67-thread-1] INFO  server.RaftServerConfigKeys (ConfUtils.java:logGet(43)) - raft.server.log.segment.cache.num.max = 2 (custom)
2019-09-17 07:43:56,872 [pool-67-thread-1] INFO  segmented.SegmentedRaftLogWorker (SegmentedRaftLogWorker.java:<init>(172)) - new 96d93dec-e435-44d3-a97f-c1954b993e4b@group-EAB0D3E59377-SegmentedRaftLogWorker for RaftStorage:Storage Directory /workdir/hadoop-ozone/integration-test/target/test-dir/MiniOzoneClusterImpl-2856df08-3e92-4080-a2c9-ea03709d96bd/datanode-4/data/ratis/732dae7b-d889-40b8-a54e-eab0d3e59377
2019-09-17 07:43:56,875 [pool-67-thread-1] INFO  server.RaftServerConfigKeys (ConfUtils.java:logGet(43)) - raft.server.log.queue.byte-limit = 2147483647 (custom)
2019-09-17 07:43:56,875 [pool-67-thread-1] INFO  server.RaftServerConfigKeys (ConfUtils.java:logGet(43)) - raft.server.log.queue.element-limit = 1024 (custom)
2019-09-17 07:43:56,875 [pool-67-thread-1] INFO  server.RaftServerConfigKeys (ConfUtils.java:logGet(43)) - raft.server.log.segment.size.max = 1048576 (custom)
2019-09-17 07:43:56,875 [pool-67-thread-1] INFO  server.RaftServerConfigKeys (ConfUtils.java:logGet(43)) - raft.server.log.preallocated.size = 16384 (custom)
2019-09-17 07:43:56,875 [pool-67-thread-1] INFO  server.RaftServerConfigKeys (ConfUtils.java:logGet(43)) - raft.server.log.write.buffer.size = 33554432 (custom)
2019-09-17 07:43:56,876 [pool-67-thread-1] INFO  server.RaftServerConfigKeys (ConfUtils.java:logGet(43)) - raft.server.log.force.sync.num = 128 (default)
2019-09-17 07:43:56,876 [pool-67-thread-1] INFO  server.RaftServerConfigKeys (ConfUtils.java:logGet(43)) - raft.server.log.statemachine.data.sync = true (default)
2019-09-17 07:43:56,878 [pool-67-thread-1] INFO  server.RaftServerConfigKeys (ConfUtils.java:logGet(43)) - raft.server.log.statemachine.data.sync.timeout = 10s (default)
2019-09-17 07:43:56,878 [pool-67-thread-1] INFO  server.RaftServerConfigKeys (ConfUtils.java:logGet(43)) - raft.server.log.statemachine.data.sync.timeout.retry = -1 (default)
2019-09-17 07:43:56,878 [pool-67-thread-1] INFO  server.RaftServerConfigKeys (ConfUtils.java:logGet(43)) - raft.server.log.statemachine.data.caching.enabled = true (custom)
2019-09-17 07:43:56,878 [pool-67-thread-1] INFO  segmented.SegmentedRaftLogWorker (SegmentedRaftLogWorker.java:lambda$new$0(132)) - 96d93dec-e435-44d3-a97f-c1954b993e4b@group-EAB0D3E59377-SegmentedRaftLogWorker: flushIndex: setUnconditionally 0 -> -1
2019-09-17 07:43:56,879 [pool-67-thread-1] INFO  server.RaftServerConfigKeys (ConfUtils.java:logGet(43)) - raft.server.snapshot.auto.trigger.enabled = true (custom)
2019-09-17 07:43:56,879 [pool-67-thread-1] INFO  server.RaftServerConfigKeys (ConfUtils.java:logGet(43)) - raft.server.snapshot.auto.trigger.threshold = 10000 (custom)
2019-09-17 07:43:56,879 [pool-67-thread-1] INFO  server.RaftServerConfigKeys (ConfUtils.java:logGet(43)) - raft.server.snapshot.retention.num.files = 5 (custom)
2019-09-17 07:43:56,879 [pool-67-thread-1] INFO  server.RaftServerConfigKeys (ConfUtils.java:logGet(43)) - raft.server.retrycache.expirytime = 600000ms (custom)
2019-09-17 07:43:56,882 [pool-67-thread-1] INFO  impl.RaftServerImpl (RaftServerImpl.java:start(185)) - 96d93dec-e435-44d3-a97f-c1954b993e4b@group-EAB0D3E59377: start as a follower, conf=-1: [a6514a8e-6408-4ac6-93dd-a0b43c53a9d5:192.168.151.112:43664, cca845ef-daa9-4965-b848-0a1a0c80ebf1:192.168.151.112:45232, 96d93dec-e435-44d3-a97f-c1954b993e4b:192.168.151.112:39352], old=null
2019-09-17 07:43:56,882 [pool-67-thread-1] INFO  impl.RaftServerImpl (RaftServerImpl.java:setRole(174)) - 96d93dec-e435-44d3-a97f-c1954b993e4b@group-EAB0D3E59377: changes role from      null to FOLLOWER at term 0 for startAsFollower
2019-09-17 07:43:56,882 [pool-67-thread-1] INFO  impl.RoleInfo (RoleInfo.java:updateAndGet(143)) - 96d93dec-e435-44d3-a97f-c1954b993e4b: start FollowerState
2019-09-17 07:43:56,882 [pool-67-thread-1] INFO  util.JmxRegister (JmxRegister.java:tryRegister(44)) - Successfully registered JMX Bean with object name Ratis:service=RaftServer,group=group-EAB0D3E59377,id=96d93dec-e435-44d3-a97f-c1954b993e4b
2019-09-17 07:43:56,888 [RatisPipelineUtilsThread] INFO  pipeline.PipelineStateManager (PipelineStateManager.java:addPipeline(56)) - Created pipeline Pipeline[ Id: 732dae7b-d889-40b8-a54e-eab0d3e59377, Nodes: cca845ef-daa9-4965-b848-0a1a0c80ebf1{ip: 192.168.151.112, host: pr-hdds-2134-72wlk-3981800394, networkLocation: /default-rack, certSerialId: null}96d93dec-e435-44d3-a97f-c1954b993e4b{ip: 192.168.151.112, host: pr-hdds-2134-72wlk-3981800394, networkLocation: /default-rack, certSerialId: null}a6514a8e-6408-4ac6-93dd-a0b43c53a9d5{ip: 192.168.151.112, host: pr-hdds-2134-72wlk-3981800394, networkLocation: /default-rack, certSerialId: null}, Type:RATIS, Factor:THREE, State:OPEN]
2019-09-17 07:43:56,906 [Thread-294] INFO  impl.FollowerState (FollowerState.java:run(106)) - 0f7bb9d9-5139-4852-be99-380e1bc1143c:group-C7248902042F changes to CANDIDATE, lastRpcTime:1168, electionTimeout:1168ms
2019-09-17 07:43:56,907 [Thread-294] INFO  impl.RoleInfo (RoleInfo.java:shutdownFollowerState(121)) - 0f7bb9d9-5139-4852-be99-380e1bc1143c: shutdown FollowerState
2019-09-17 07:43:56,907 [Thread-294] INFO  impl.RaftServerImpl (RaftServerImpl.java:setRole(174)) - 0f7bb9d9-5139-4852-be99-380e1bc1143c@group-C7248902042F: changes role from  FOLLOWER to CANDIDATE at term 0 for changeToCandidate
2019-09-17 07:43:56,907 [Thread-294] INFO  impl.RoleInfo (RoleInfo.java:updateAndGet(143)) - 0f7bb9d9-5139-4852-be99-380e1bc1143c: start LeaderElection
2019-09-17 07:43:56,917 [0f7bb9d9-5139-4852-be99-380e1bc1143c@group-C7248902042F:LeaderElection4] INFO  impl.LeaderElection (LeaderElection.java:askForVotes(182)) - 0f7bb9d9-5139-4852-be99-380e1bc1143c@group-C7248902042F:LeaderElection4: begin an election at term 1 for -1: [0f7bb9d9-5139-4852-be99-380e1bc1143c:192.168.151.112:33997], old=null
2019-09-17 07:43:56,919 [0f7bb9d9-5139-4852-be99-380e1bc1143c@group-C7248902042F:LeaderElection4] INFO  impl.RoleInfo (RoleInfo.java:shutdownLeaderElection(134)) - 0f7bb9d9-5139-4852-be99-380e1bc1143c: shutdown LeaderElection
2019-09-17 07:43:56,919 [0f7bb9d9-5139-4852-be99-380e1bc1143c@group-C7248902042F:LeaderElection4] INFO  impl.RaftServerImpl (RaftServerImpl.java:setRole(174)) - 0f7bb9d9-5139-4852-be99-380e1bc1143c@group-C7248902042F: changes role from CANDIDATE to LEADER at term 1 for changeToLeader
2019-09-17 07:43:56,919 [0f7bb9d9-5139-4852-be99-380e1bc1143c@group-C7248902042F:LeaderElection4] INFO  impl.RaftServerImpl (ServerState.java:setLeader(253)) - 0f7bb9d9-5139-4852-be99-380e1bc1143c@group-C7248902042F: change Leader from null to 0f7bb9d9-5139-4852-be99-380e1bc1143c at term 1 for becomeLeader, leader elected after 1201ms
2019-09-17 07:43:56,920 [0f7bb9d9-5139-4852-be99-380e1bc1143c@group-C7248902042F:LeaderElection4] INFO  server.RaftServerConfigKeys (ConfUtils.java:logGet(43)) - raft.server.staging.catchup.gap = 1000 (default)
2019-09-17 07:43:56,920 [0f7bb9d9-5139-4852-be99-380e1bc1143c@group-C7248902042F:LeaderElection4] INFO  server.RaftServerConfigKeys (ConfUtils.java:logGet(43)) - raft.server.rpc.sleep.time = 25ms (default)
2019-09-17 07:43:56,920 [0f7bb9d9-5139-4852-be99-380e1bc1143c@group-C7248902042F:LeaderElection4] INFO  server.RaftServerConfigKeys (ConfUtils.java:logGet(43)) - raft.server.write.element-limit = 4096 (default)
2019-09-17 07:43:56,920 [0f7bb9d9-5139-4852-be99-380e1bc1143c@group-C7248902042F:LeaderElection4] INFO  server.RaftServerConfigKeys (ConfUtils.java:logGet(43)) - raft.server.watch.timeout = 10s (default)
2019-09-17 07:43:56,920 [0f7bb9d9-5139-4852-be99-380e1bc1143c@group-C7248902042F:LeaderElection4] INFO  server.RaftServerConfigKeys (ConfUtils.java:logGet(43)) - raft.server.watch.timeout.denomination = 1s (default)
2019-09-17 07:43:56,920 [0f7bb9d9-5139-4852-be99-380e1bc1143c@group-C7248902042F:LeaderElection4] INFO  server.RaftServerConfigKeys (ConfUtils.java:logGet(43)) - raft.server.watch.element-limit = 65536 (default)
2019-09-17 07:43:56,922 [0f7bb9d9-5139-4852-be99-380e1bc1143c@group-C7248902042F:LeaderElection4] INFO  impl.RoleInfo (RoleInfo.java:updateAndGet(143)) - 0f7bb9d9-5139-4852-be99-380e1bc1143c: start LeaderState
2019-09-17 07:43:56,922 [0f7bb9d9-5139-4852-be99-380e1bc1143c@group-C7248902042F:LeaderElection4] INFO  segmented.SegmentedRaftLogWorker (SegmentedRaftLogWorker.java:startLogSegment(380)) - 0f7bb9d9-5139-4852-be99-380e1bc1143c@group-C7248902042F-SegmentedRaftLogWorker: Starting segment from index:0
2019-09-17 07:43:56,923 [0f7bb9d9-5139-4852-be99-380e1bc1143c@group-C7248902042F:LeaderElection4] INFO  impl.RaftServerImpl (ServerState.java:setRaftConf(354)) - 0f7bb9d9-5139-4852-be99-380e1bc1143c@group-C7248902042F: set configuration 0: [0f7bb9d9-5139-4852-be99-380e1bc1143c:192.168.151.112:33997], old=null at 0
2019-09-17 07:43:56,991 [0f7bb9d9-5139-4852-be99-380e1bc1143c@group-C7248902042F-SegmentedRaftLogWorker] INFO  segmented.SegmentedRaftLogWorker (SegmentedRaftLogWorker.java:execute(569)) - 0f7bb9d9-5139-4852-be99-380e1bc1143c@group-C7248902042F-SegmentedRaftLogWorker: created new log segment /workdir/hadoop-ozone/integration-test/target/test-dir/MiniOzoneClusterImpl-2856df08-3e92-4080-a2c9-ea03709d96bd/datanode-7/data/ratis/bddf1b3d-949c-463a-8e68-c7248902042f/current/log_inprogress_0
2019-09-17 07:43:57,006 [Thread-297] INFO  impl.FollowerState (FollowerState.java:run(106)) - 6a48daa3-10a7-4dcf-835e-de50be54fa2c:group-CC71AAF6458D changes to CANDIDATE, lastRpcTime:1170, electionTimeout:1170ms
2019-09-17 07:43:57,007 [Thread-297] INFO  impl.RoleInfo (RoleInfo.java:shutdownFollowerState(121)) - 6a48daa3-10a7-4dcf-835e-de50be54fa2c: shutdown FollowerState
2019-09-17 07:43:57,007 [Thread-297] INFO  impl.RaftServerImpl (RaftServerImpl.java:setRole(174)) - 6a48daa3-10a7-4dcf-835e-de50be54fa2c@group-CC71AAF6458D: changes role from  FOLLOWER to CANDIDATE at term 0 for changeToCandidate
2019-09-17 07:43:57,007 [Thread-297] INFO  impl.RoleInfo (RoleInfo.java:updateAndGet(143)) - 6a48daa3-10a7-4dcf-835e-de50be54fa2c: start LeaderElection
2019-09-17 07:43:57,024 [6a48daa3-10a7-4dcf-835e-de50be54fa2c@group-CC71AAF6458D:LeaderElection5] INFO  impl.LeaderElection (LeaderElection.java:askForVotes(182)) - 6a48daa3-10a7-4dcf-835e-de50be54fa2c@group-CC71AAF6458D:LeaderElection5: begin an election at term 1 for -1: [6a48daa3-10a7-4dcf-835e-de50be54fa2c:192.168.151.112:37061], old=null
2019-09-17 07:43:57,024 [6a48daa3-10a7-4dcf-835e-de50be54fa2c@group-CC71AAF6458D:LeaderElection5] INFO  impl.RoleInfo (RoleInfo.java:shutdownLeaderElection(134)) - 6a48daa3-10a7-4dcf-835e-de50be54fa2c: shutdown LeaderElection
2019-09-17 07:43:57,025 [6a48daa3-10a7-4dcf-835e-de50be54fa2c@group-CC71AAF6458D:LeaderElection5] INFO  impl.RaftServerImpl (RaftServerImpl.java:setRole(174)) - 6a48daa3-10a7-4dcf-835e-de50be54fa2c@group-CC71AAF6458D: changes role from CANDIDATE to LEADER at term 1 for changeToLeader
2019-09-17 07:43:57,025 [6a48daa3-10a7-4dcf-835e-de50be54fa2c@group-CC71AAF6458D:LeaderElection5] INFO  impl.RaftServerImpl (ServerState.java:setLeader(253)) - 6a48daa3-10a7-4dcf-835e-de50be54fa2c@group-CC71AAF6458D: change Leader from null to 6a48daa3-10a7-4dcf-835e-de50be54fa2c at term 1 for becomeLeader, leader elected after 1203ms
2019-09-17 07:43:57,025 [6a48daa3-10a7-4dcf-835e-de50be54fa2c@group-CC71AAF6458D:LeaderElection5] INFO  server.RaftServerConfigKeys (ConfUtils.java:logGet(43)) - raft.server.staging.catchup.gap = 1000 (default)
2019-09-17 07:43:57,025 [6a48daa3-10a7-4dcf-835e-de50be54fa2c@group-CC71AAF6458D:LeaderElection5] INFO  server.RaftServerConfigKeys (ConfUtils.java:logGet(43)) - raft.server.rpc.sleep.time = 25ms (default)
2019-09-17 07:43:57,025 [6a48daa3-10a7-4dcf-835e-de50be54fa2c@group-CC71AAF6458D:LeaderElection5] INFO  server.RaftServerConfigKeys (ConfUtils.java:logGet(43)) - raft.server.write.element-limit = 4096 (default)
2019-09-17 07:43:57,026 [6a48daa3-10a7-4dcf-835e-de50be54fa2c@group-CC71AAF6458D:LeaderElection5] INFO  server.RaftServerConfigKeys (ConfUtils.java:logGet(43)) - raft.server.watch.timeout = 10s (default)
2019-09-17 07:43:57,026 [6a48daa3-10a7-4dcf-835e-de50be54fa2c@group-CC71AAF6458D:LeaderElection5] INFO  server.RaftServerConfigKeys (ConfUtils.java:logGet(43)) - raft.server.watch.timeout.denomination = 1s (default)
2019-09-17 07:43:57,026 [6a48daa3-10a7-4dcf-835e-de50be54fa2c@group-CC71AAF6458D:LeaderElection5] INFO  server.RaftServerConfigKeys (ConfUtils.java:logGet(43)) - raft.server.watch.element-limit = 65536 (default)
2019-09-17 07:43:57,029 [6a48daa3-10a7-4dcf-835e-de50be54fa2c@group-CC71AAF6458D:LeaderElection5] INFO  impl.RoleInfo (RoleInfo.java:updateAndGet(143)) - 6a48daa3-10a7-4dcf-835e-de50be54fa2c: start LeaderState
2019-09-17 07:43:57,030 [6a48daa3-10a7-4dcf-835e-de50be54fa2c@group-CC71AAF6458D:LeaderElection5] INFO  segmented.SegmentedRaftLogWorker (SegmentedRaftLogWorker.java:startLogSegment(380)) - 6a48daa3-10a7-4dcf-835e-de50be54fa2c@group-CC71AAF6458D-SegmentedRaftLogWorker: Starting segment from index:0
2019-09-17 07:43:57,030 [6a48daa3-10a7-4dcf-835e-de50be54fa2c@group-CC71AAF6458D:LeaderElection5] INFO  impl.RaftServerImpl (ServerState.java:setRaftConf(354)) - 6a48daa3-10a7-4dcf-835e-de50be54fa2c@group-CC71AAF6458D: set configuration 0: [6a48daa3-10a7-4dcf-835e-de50be54fa2c:192.168.151.112:37061], old=null at 0
2019-09-17 07:43:57,088 [6a48daa3-10a7-4dcf-835e-de50be54fa2c@group-CC71AAF6458D-SegmentedRaftLogWorker] INFO  segmented.SegmentedRaftLogWorker (SegmentedRaftLogWorker.java:execute(569)) - 6a48daa3-10a7-4dcf-835e-de50be54fa2c@group-CC71AAF6458D-SegmentedRaftLogWorker: created new log segment /workdir/hadoop-ozone/integration-test/target/test-dir/MiniOzoneClusterImpl-2856df08-3e92-4080-a2c9-ea03709d96bd/datanode-8/data/ratis/bf718766-d124-437c-8ed7-cc71aaf6458d/current/log_inprogress_0
2019-09-17 07:43:57,139 [main] INFO  rpc.RpcClient (RpcClient.java:createVolume(302)) - Creating Volume: datanodefailurehandlingtest, with jenkins1000 as owner.
2019-09-17 07:43:57,202 [Thread-300] INFO  impl.FollowerState (FollowerState.java:run(106)) - 9cc127b6-6322-4ddd-ad35-07c34665999c:group-04E13EADA265 changes to CANDIDATE, lastRpcTime:1141, electionTimeout:1141ms
2019-09-17 07:43:57,202 [Thread-300] INFO  impl.RoleInfo (RoleInfo.java:shutdownFollowerState(121)) - 9cc127b6-6322-4ddd-ad35-07c34665999c: shutdown FollowerState
2019-09-17 07:43:57,202 [Thread-300] INFO  impl.RaftServerImpl (RaftServerImpl.java:setRole(174)) - 9cc127b6-6322-4ddd-ad35-07c34665999c@group-04E13EADA265: changes role from  FOLLOWER to CANDIDATE at term 0 for changeToCandidate
2019-09-17 07:43:57,202 [Thread-300] INFO  impl.RoleInfo (RoleInfo.java:updateAndGet(143)) - 9cc127b6-6322-4ddd-ad35-07c34665999c: start LeaderElection
2019-09-17 07:43:57,219 [9cc127b6-6322-4ddd-ad35-07c34665999c@group-04E13EADA265:LeaderElection6] INFO  impl.LeaderElection (LeaderElection.java:askForVotes(182)) - 9cc127b6-6322-4ddd-ad35-07c34665999c@group-04E13EADA265:LeaderElection6: begin an election at term 1 for -1: [9cc127b6-6322-4ddd-ad35-07c34665999c:192.168.151.112:43030], old=null
2019-09-17 07:43:57,219 [9cc127b6-6322-4ddd-ad35-07c34665999c@group-04E13EADA265:LeaderElection6] INFO  impl.RoleInfo (RoleInfo.java:shutdownLeaderElection(134)) - 9cc127b6-6322-4ddd-ad35-07c34665999c: shutdown LeaderElection
2019-09-17 07:43:57,220 [9cc127b6-6322-4ddd-ad35-07c34665999c@group-04E13EADA265:LeaderElection6] INFO  impl.RaftServerImpl (RaftServerImpl.java:setRole(174)) - 9cc127b6-6322-4ddd-ad35-07c34665999c@group-04E13EADA265: changes role from CANDIDATE to LEADER at term 1 for changeToLeader
2019-09-17 07:43:57,220 [9cc127b6-6322-4ddd-ad35-07c34665999c@group-04E13EADA265:LeaderElection6] INFO  impl.RaftServerImpl (ServerState.java:setLeader(253)) - 9cc127b6-6322-4ddd-ad35-07c34665999c@group-04E13EADA265: change Leader from null to 9cc127b6-6322-4ddd-ad35-07c34665999c at term 1 for becomeLeader, leader elected after 1172ms
2019-09-17 07:43:57,220 [9cc127b6-6322-4ddd-ad35-07c34665999c@group-04E13EADA265:LeaderElection6] INFO  server.RaftServerConfigKeys (ConfUtils.java:logGet(43)) - raft.server.staging.catchup.gap = 1000 (default)
2019-09-17 07:43:57,220 [9cc127b6-6322-4ddd-ad35-07c34665999c@group-04E13EADA265:LeaderElection6] INFO  server.RaftServerConfigKeys (ConfUtils.java:logGet(43)) - raft.server.rpc.sleep.time = 25ms (default)
2019-09-17 07:43:57,220 [9cc127b6-6322-4ddd-ad35-07c34665999c@group-04E13EADA265:LeaderElection6] INFO  server.RaftServerConfigKeys (ConfUtils.java:logGet(43)) - raft.server.write.element-limit = 4096 (default)
2019-09-17 07:43:57,221 [9cc127b6-6322-4ddd-ad35-07c34665999c@group-04E13EADA265:LeaderElection6] INFO  server.RaftServerConfigKeys (ConfUtils.java:logGet(43)) - raft.server.watch.timeout = 10s (default)
2019-09-17 07:43:57,221 [9cc127b6-6322-4ddd-ad35-07c34665999c@group-04E13EADA265:LeaderElection6] INFO  server.RaftServerConfigKeys (ConfUtils.java:logGet(43)) - raft.server.watch.timeout.denomination = 1s (default)
2019-09-17 07:43:57,221 [9cc127b6-6322-4ddd-ad35-07c34665999c@group-04E13EADA265:LeaderElection6] INFO  server.RaftServerConfigKeys (ConfUtils.java:logGet(43)) - raft.server.watch.element-limit = 65536 (default)
2019-09-17 07:43:57,575 [Thread-306] INFO  impl.FollowerState (FollowerState.java:run(106)) - 96d93dec-e435-44d3-a97f-c1954b993e4b:group-CD965A7A1117 changes to CANDIDATE, lastRpcTime:1328, electionTimeout:1117ms
2019-09-17 07:43:57,576 [Thread-303] INFO  impl.FollowerState (FollowerState.java:run(106)) - cca845ef-daa9-4965-b848-0a1a0c80ebf1:group-7EC530A629AC changes to CANDIDATE, lastRpcTime:1425, electionTimeout:1174ms
2019-09-17 07:43:57,576 [Thread-306] INFO  impl.RoleInfo (RoleInfo.java:shutdownFollowerState(121)) - 96d93dec-e435-44d3-a97f-c1954b993e4b: shutdown FollowerState
2019-09-17 07:43:57,576 [Thread-303] INFO  impl.RoleInfo (RoleInfo.java:shutdownFollowerState(121)) - cca845ef-daa9-4965-b848-0a1a0c80ebf1: shutdown FollowerState
2019-09-17 07:43:57,576 [Thread-303] INFO  impl.RaftServerImpl (RaftServerImpl.java:setRole(174)) - cca845ef-daa9-4965-b848-0a1a0c80ebf1@group-7EC530A629AC: changes role from  FOLLOWER to CANDIDATE at term 0 for changeToCandidate
2019-09-17 07:43:57,576 [Thread-311] INFO  impl.FollowerState (FollowerState.java:run(106)) - a6514a8e-6408-4ac6-93dd-a0b43c53a9d5:group-DBCBC5799FC4 changes to CANDIDATE, lastRpcTime:1234, electionTimeout:1146ms
2019-09-17 07:43:57,576 [Thread-314] INFO  impl.FollowerState (FollowerState.java:run(106)) - 07d4361b-7c4c-4556-bca6-aef62f6805c3:group-C8B8825E57F2 changes to CANDIDATE, lastRpcTime:1140, electionTimeout:1136ms
2019-09-17 07:43:57,583 [Thread-303] INFO  impl.RoleInfo (RoleInfo.java:updateAndGet(143)) - cca845ef-daa9-4965-b848-0a1a0c80ebf1: start LeaderElection
2019-09-17 07:43:57,576 [Thread-306] INFO  impl.RaftServerImpl (RaftServerImpl.java:setRole(174)) - 96d93dec-e435-44d3-a97f-c1954b993e4b@group-CD965A7A1117: changes role from  FOLLOWER to CANDIDATE at term 0 for changeToCandidate
2019-09-17 07:43:57,584 [Thread-314] INFO  impl.RoleInfo (RoleInfo.java:shutdownFollowerState(121)) - 07d4361b-7c4c-4556-bca6-aef62f6805c3: shutdown FollowerState
2019-09-17 07:43:57,580 [Thread-311] INFO  impl.RoleInfo (RoleInfo.java:shutdownFollowerState(121)) - a6514a8e-6408-4ac6-93dd-a0b43c53a9d5: shutdown FollowerState
2019-09-17 07:43:57,590 [Thread-311] INFO  impl.RaftServerImpl (RaftServerImpl.java:setRole(174)) - a6514a8e-6408-4ac6-93dd-a0b43c53a9d5@group-DBCBC5799FC4: changes role from  FOLLOWER to CANDIDATE at term 0 for changeToCandidate
2019-09-17 07:43:57,590 [Thread-314] INFO  impl.RaftServerImpl (RaftServerImpl.java:setRole(174)) - 07d4361b-7c4c-4556-bca6-aef62f6805c3@group-C8B8825E57F2: changes role from  FOLLOWER to CANDIDATE at term 0 for changeToCandidate
2019-09-17 07:43:57,590 [Thread-311] INFO  impl.RoleInfo (RoleInfo.java:updateAndGet(143)) - a6514a8e-6408-4ac6-93dd-a0b43c53a9d5: start LeaderElection
2019-09-17 07:43:57,593 [Thread-314] INFO  impl.RoleInfo (RoleInfo.java:updateAndGet(143)) - 07d4361b-7c4c-4556-bca6-aef62f6805c3: start LeaderElection
2019-09-17 07:43:57,590 [Thread-306] INFO  impl.RoleInfo (RoleInfo.java:updateAndGet(143)) - 96d93dec-e435-44d3-a97f-c1954b993e4b: start LeaderElection
2019-09-17 07:43:57,613 [9cc127b6-6322-4ddd-ad35-07c34665999c@group-04E13EADA265:LeaderElection6] INFO  impl.RoleInfo (RoleInfo.java:updateAndGet(143)) - 9cc127b6-6322-4ddd-ad35-07c34665999c: start LeaderState
2019-09-17 07:43:57,613 [9cc127b6-6322-4ddd-ad35-07c34665999c@group-04E13EADA265:LeaderElection6] INFO  segmented.SegmentedRaftLogWorker (SegmentedRaftLogWorker.java:startLogSegment(380)) - 9cc127b6-6322-4ddd-ad35-07c34665999c@group-04E13EADA265-SegmentedRaftLogWorker: Starting segment from index:0
2019-09-17 07:43:57,614 [Thread-283] INFO  container.ReplicationManager (ReplicationManager.java:start(162)) - Starting Replication Monitor Thread.
2019-09-17 07:43:57,614 [9cc127b6-6322-4ddd-ad35-07c34665999c@group-04E13EADA265:LeaderElection6] INFO  impl.RaftServerImpl (ServerState.java:setRaftConf(354)) - 9cc127b6-6322-4ddd-ad35-07c34665999c@group-04E13EADA265: set configuration 0: [9cc127b6-6322-4ddd-ad35-07c34665999c:192.168.151.112:43030], old=null at 0
2019-09-17 07:43:57,656 [cca845ef-daa9-4965-b848-0a1a0c80ebf1@group-7EC530A629AC:LeaderElection7] INFO  impl.LeaderElection (LeaderElection.java:askForVotes(182)) - cca845ef-daa9-4965-b848-0a1a0c80ebf1@group-7EC530A629AC:LeaderElection7: begin an election at term 1 for -1: [cca845ef-daa9-4965-b848-0a1a0c80ebf1:192.168.151.112:45232], old=null
2019-09-17 07:43:57,656 [a6514a8e-6408-4ac6-93dd-a0b43c53a9d5@group-DBCBC5799FC4:LeaderElection9] INFO  impl.LeaderElection (LeaderElection.java:askForVotes(182)) - a6514a8e-6408-4ac6-93dd-a0b43c53a9d5@group-DBCBC5799FC4:LeaderElection9: begin an election at term 1 for -1: [a6514a8e-6408-4ac6-93dd-a0b43c53a9d5:192.168.151.112:43664], old=null
2019-09-17 07:43:57,657 [cca845ef-daa9-4965-b848-0a1a0c80ebf1@group-7EC530A629AC:LeaderElection7] INFO  impl.RoleInfo (RoleInfo.java:shutdownLeaderElection(134)) - cca845ef-daa9-4965-b848-0a1a0c80ebf1: shutdown LeaderElection
2019-09-17 07:43:57,656 [07d4361b-7c4c-4556-bca6-aef62f6805c3@group-C8B8825E57F2:LeaderElection10] INFO  impl.LeaderElection (LeaderElection.java:askForVotes(182)) - 07d4361b-7c4c-4556-bca6-aef62f6805c3@group-C8B8825E57F2:LeaderElection10: begin an election at term 1 for -1: [07d4361b-7c4c-4556-bca6-aef62f6805c3:192.168.151.112:33018], old=null
2019-09-17 07:43:57,656 [96d93dec-e435-44d3-a97f-c1954b993e4b@group-CD965A7A1117:LeaderElection8] INFO  impl.LeaderElection (LeaderElection.java:askForVotes(182)) - 96d93dec-e435-44d3-a97f-c1954b993e4b@group-CD965A7A1117:LeaderElection8: begin an election at term 1 for -1: [96d93dec-e435-44d3-a97f-c1954b993e4b:192.168.151.112:39352], old=null
2019-09-17 07:43:57,657 [07d4361b-7c4c-4556-bca6-aef62f6805c3@group-C8B8825E57F2:LeaderElection10] INFO  impl.RoleInfo (RoleInfo.java:shutdownLeaderElection(134)) - 07d4361b-7c4c-4556-bca6-aef62f6805c3: shutdown LeaderElection
2019-09-17 07:43:57,657 [cca845ef-daa9-4965-b848-0a1a0c80ebf1@group-7EC530A629AC:LeaderElection7] INFO  impl.RaftServerImpl (RaftServerImpl.java:setRole(174)) - cca845ef-daa9-4965-b848-0a1a0c80ebf1@group-7EC530A629AC: changes role from CANDIDATE to LEADER at term 1 for changeToLeader
2019-09-17 07:43:57,657 [a6514a8e-6408-4ac6-93dd-a0b43c53a9d5@group-DBCBC5799FC4:LeaderElection9] INFO  impl.RoleInfo (RoleInfo.java:shutdownLeaderElection(134)) - a6514a8e-6408-4ac6-93dd-a0b43c53a9d5: shutdown LeaderElection
2019-09-17 07:43:57,657 [cca845ef-daa9-4965-b848-0a1a0c80ebf1@group-7EC530A629AC:LeaderElection7] INFO  impl.RaftServerImpl (ServerState.java:setLeader(253)) - cca845ef-daa9-4965-b848-0a1a0c80ebf1@group-7EC530A629AC: change Leader from null to cca845ef-daa9-4965-b848-0a1a0c80ebf1 at term 1 for becomeLeader, leader elected after 1520ms
2019-09-17 07:43:57,657 [07d4361b-7c4c-4556-bca6-aef62f6805c3@group-C8B8825E57F2:LeaderElection10] INFO  impl.RaftServerImpl (RaftServerImpl.java:setRole(174)) - 07d4361b-7c4c-4556-bca6-aef62f6805c3@group-C8B8825E57F2: changes role from CANDIDATE to LEADER at term 1 for changeToLeader
2019-09-17 07:43:57,658 [cca845ef-daa9-4965-b848-0a1a0c80ebf1@group-7EC530A629AC:LeaderElection7] INFO  server.RaftServerConfigKeys (ConfUtils.java:logGet(43)) - raft.server.staging.catchup.gap = 1000 (default)
2019-09-17 07:43:57,657 [96d93dec-e435-44d3-a97f-c1954b993e4b@group-CD965A7A1117:LeaderElection8] INFO  impl.RoleInfo (RoleInfo.java:shutdownLeaderElection(134)) - 96d93dec-e435-44d3-a97f-c1954b993e4b: shutdown LeaderElection
2019-09-17 07:43:57,658 [cca845ef-daa9-4965-b848-0a1a0c80ebf1@group-7EC530A629AC:LeaderElection7] INFO  server.RaftServerConfigKeys (ConfUtils.java:logGet(43)) - raft.server.rpc.sleep.time = 25ms (default)
2019-09-17 07:43:57,658 [07d4361b-7c4c-4556-bca6-aef62f6805c3@group-C8B8825E57F2:LeaderElection10] INFO  impl.RaftServerImpl (ServerState.java:setLeader(253)) - 07d4361b-7c4c-4556-bca6-aef62f6805c3@group-C8B8825E57F2: change Leader from null to 07d4361b-7c4c-4556-bca6-aef62f6805c3 at term 1 for becomeLeader, leader elected after 1229ms
2019-09-17 07:43:57,658 [a6514a8e-6408-4ac6-93dd-a0b43c53a9d5@group-DBCBC5799FC4:LeaderElection9] INFO  impl.RaftServerImpl (RaftServerImpl.java:setRole(174)) - a6514a8e-6408-4ac6-93dd-a0b43c53a9d5@group-DBCBC5799FC4: changes role from CANDIDATE to LEADER at term 1 for changeToLeader
2019-09-17 07:43:57,659 [ReplicationMonitor] INFO  container.ReplicationManager (ReplicationManager.java:run(225)) - Replication Monitor Thread took 1 milliseconds for processing 0 containers.
2019-09-17 07:43:57,659 [07d4361b-7c4c-4556-bca6-aef62f6805c3@group-C8B8825E57F2:LeaderElection10] INFO  server.RaftServerConfigKeys (ConfUtils.java:logGet(43)) - raft.server.staging.catchup.gap = 1000 (default)
2019-09-17 07:43:57,658 [cca845ef-daa9-4965-b848-0a1a0c80ebf1@group-7EC530A629AC:LeaderElection7] INFO  server.RaftServerConfigKeys (ConfUtils.java:logGet(43)) - raft.server.write.element-limit = 4096 (default)
2019-09-17 07:43:57,658 [96d93dec-e435-44d3-a97f-c1954b993e4b@group-CD965A7A1117:LeaderElection8] INFO  impl.RaftServerImpl (RaftServerImpl.java:setRole(174)) - 96d93dec-e435-44d3-a97f-c1954b993e4b@group-CD965A7A1117: changes role from CANDIDATE to LEADER at term 1 for changeToLeader
2019-09-17 07:43:57,659 [cca845ef-daa9-4965-b848-0a1a0c80ebf1@group-7EC530A629AC:LeaderElection7] INFO  server.RaftServerConfigKeys (ConfUtils.java:logGet(43)) - raft.server.watch.timeout = 10s (default)
2019-09-17 07:43:57,659 [07d4361b-7c4c-4556-bca6-aef62f6805c3@group-C8B8825E57F2:LeaderElection10] INFO  server.RaftServerConfigKeys (ConfUtils.java:logGet(43)) - raft.server.rpc.sleep.time = 25ms (default)
2019-09-17 07:43:57,659 [a6514a8e-6408-4ac6-93dd-a0b43c53a9d5@group-DBCBC5799FC4:LeaderElection9] INFO  impl.RaftServerImpl (ServerState.java:setLeader(253)) - a6514a8e-6408-4ac6-93dd-a0b43c53a9d5@group-DBCBC5799FC4: change Leader from null to a6514a8e-6408-4ac6-93dd-a0b43c53a9d5 at term 1 for becomeLeader, leader elected after 1329ms
2019-09-17 07:43:57,660 [07d4361b-7c4c-4556-bca6-aef62f6805c3@group-C8B8825E57F2:LeaderElection10] INFO  server.RaftServerConfigKeys (ConfUtils.java:logGet(43)) - raft.server.write.element-limit = 4096 (default)
2019-09-17 07:43:57,660 [cca845ef-daa9-4965-b848-0a1a0c80ebf1@group-7EC530A629AC:LeaderElection7] INFO  server.RaftServerConfigKeys (ConfUtils.java:logGet(43)) - raft.server.watch.timeout.denomination = 1s (default)
2019-09-17 07:43:57,660 [96d93dec-e435-44d3-a97f-c1954b993e4b@group-CD965A7A1117:LeaderElection8] INFO  impl.RaftServerImpl (ServerState.java:setLeader(253)) - 96d93dec-e435-44d3-a97f-c1954b993e4b@group-CD965A7A1117: change Leader from null to 96d93dec-e435-44d3-a97f-c1954b993e4b at term 1 for becomeLeader, leader elected after 1423ms
2019-09-17 07:43:57,660 [cca845ef-daa9-4965-b848-0a1a0c80ebf1@group-7EC530A629AC:LeaderElection7] INFO  server.RaftServerConfigKeys (ConfUtils.java:logGet(43)) - raft.server.watch.element-limit = 65536 (default)
2019-09-17 07:43:57,660 [07d4361b-7c4c-4556-bca6-aef62f6805c3@group-C8B8825E57F2:LeaderElection10] INFO  server.RaftServerConfigKeys (ConfUtils.java:logGet(43)) - raft.server.watch.timeout = 10s (default)
2019-09-17 07:43:57,660 [a6514a8e-6408-4ac6-93dd-a0b43c53a9d5@group-DBCBC5799FC4:LeaderElection9] INFO  server.RaftServerConfigKeys (ConfUtils.java:logGet(43)) - raft.server.staging.catchup.gap = 1000 (default)
2019-09-17 07:43:57,661 [07d4361b-7c4c-4556-bca6-aef62f6805c3@group-C8B8825E57F2:LeaderElection10] INFO  server.RaftServerConfigKeys (ConfUtils.java:logGet(43)) - raft.server.watch.timeout.denomination = 1s (default)
2019-09-17 07:43:57,661 [96d93dec-e435-44d3-a97f-c1954b993e4b@group-CD965A7A1117:LeaderElection8] INFO  server.RaftServerConfigKeys (ConfUtils.java:logGet(43)) - raft.server.staging.catchup.gap = 1000 (default)
2019-09-17 07:43:57,661 [07d4361b-7c4c-4556-bca6-aef62f6805c3@group-C8B8825E57F2:LeaderElection10] INFO  server.RaftServerConfigKeys (ConfUtils.java:logGet(43)) - raft.server.watch.element-limit = 65536 (default)
2019-09-17 07:43:57,661 [a6514a8e-6408-4ac6-93dd-a0b43c53a9d5@group-DBCBC5799FC4:LeaderElection9] INFO  server.RaftServerConfigKeys (ConfUtils.java:logGet(43)) - raft.server.rpc.sleep.time = 25ms (default)
2019-09-17 07:43:57,662 [96d93dec-e435-44d3-a97f-c1954b993e4b@group-CD965A7A1117:LeaderElection8] INFO  server.RaftServerConfigKeys (ConfUtils.java:logGet(43)) - raft.server.rpc.sleep.time = 25ms (default)
2019-09-17 07:43:57,662 [a6514a8e-6408-4ac6-93dd-a0b43c53a9d5@group-DBCBC5799FC4:LeaderElection9] INFO  server.RaftServerConfigKeys (ConfUtils.java:logGet(43)) - raft.server.write.element-limit = 4096 (default)
2019-09-17 07:43:57,662 [96d93dec-e435-44d3-a97f-c1954b993e4b@group-CD965A7A1117:LeaderElection8] INFO  server.RaftServerConfigKeys (ConfUtils.java:logGet(43)) - raft.server.write.element-limit = 4096 (default)
2019-09-17 07:43:57,662 [a6514a8e-6408-4ac6-93dd-a0b43c53a9d5@group-DBCBC5799FC4:LeaderElection9] INFO  server.RaftServerConfigKeys (ConfUtils.java:logGet(43)) - raft.server.watch.timeout = 10s (default)
2019-09-17 07:43:57,662 [96d93dec-e435-44d3-a97f-c1954b993e4b@group-CD965A7A1117:LeaderElection8] INFO  server.RaftServerConfigKeys (ConfUtils.java:logGet(43)) - raft.server.watch.timeout = 10s (default)
2019-09-17 07:43:57,663 [a6514a8e-6408-4ac6-93dd-a0b43c53a9d5@group-DBCBC5799FC4:LeaderElection9] INFO  server.RaftServerConfigKeys (ConfUtils.java:logGet(43)) - raft.server.watch.timeout.denomination = 1s (default)
2019-09-17 07:43:57,663 [96d93dec-e435-44d3-a97f-c1954b993e4b@group-CD965A7A1117:LeaderElection8] INFO  server.RaftServerConfigKeys (ConfUtils.java:logGet(43)) - raft.server.watch.timeout.denomination = 1s (default)
2019-09-17 07:43:57,663 [a6514a8e-6408-4ac6-93dd-a0b43c53a9d5@group-DBCBC5799FC4:LeaderElection9] INFO  server.RaftServerConfigKeys (ConfUtils.java:logGet(43)) - raft.server.watch.element-limit = 65536 (default)
2019-09-17 07:43:57,663 [96d93dec-e435-44d3-a97f-c1954b993e4b@group-CD965A7A1117:LeaderElection8] INFO  server.RaftServerConfigKeys (ConfUtils.java:logGet(43)) - raft.server.watch.element-limit = 65536 (default)
2019-09-17 07:43:57,669 [9cc127b6-6322-4ddd-ad35-07c34665999c@group-04E13EADA265-SegmentedRaftLogWorker] INFO  segmented.SegmentedRaftLogWorker (SegmentedRaftLogWorker.java:execute(569)) - 9cc127b6-6322-4ddd-ad35-07c34665999c@group-04E13EADA265-SegmentedRaftLogWorker: created new log segment /workdir/hadoop-ozone/integration-test/target/test-dir/MiniOzoneClusterImpl-2856df08-3e92-4080-a2c9-ea03709d96bd/datanode-3/data/ratis/67c1b9ea-e96e-4b90-938e-04e13eada265/current/log_inprogress_0
2019-09-17 07:43:57,672 [Thread-324] INFO  impl.FollowerState (FollowerState.java:run(106)) - df3f7b97-e0a2-4b7a-b613-50634e06cc54:group-CE3B9C89E676 changes to CANDIDATE, lastRpcTime:1095, electionTimeout:1093ms
2019-09-17 07:43:57,672 [Thread-324] INFO  impl.RoleInfo (RoleInfo.java:shutdownFollowerState(121)) - df3f7b97-e0a2-4b7a-b613-50634e06cc54: shutdown FollowerState
2019-09-17 07:43:57,704 [Thread-324] INFO  impl.RaftServerImpl (RaftServerImpl.java:setRole(174)) - df3f7b97-e0a2-4b7a-b613-50634e06cc54@group-CE3B9C89E676: changes role from  FOLLOWER to CANDIDATE at term 0 for changeToCandidate
2019-09-17 07:43:57,713 [Thread-333] INFO  impl.FollowerState (FollowerState.java:run(106)) - 0f7bb9d9-5139-4852-be99-380e1bc1143c:group-7C72F7D496C4 changes to CANDIDATE, lastRpcTime:1020, electionTimeout:1010ms
2019-09-17 07:43:57,726 [Thread-324] INFO  impl.RoleInfo (RoleInfo.java:updateAndGet(143)) - df3f7b97-e0a2-4b7a-b613-50634e06cc54: start LeaderElection
2019-09-17 07:43:57,729 [Thread-333] INFO  impl.RoleInfo (RoleInfo.java:shutdownFollowerState(121)) - 0f7bb9d9-5139-4852-be99-380e1bc1143c: shutdown FollowerState
2019-09-17 07:43:57,729 [Thread-333] INFO  impl.RaftServerImpl (RaftServerImpl.java:setRole(174)) - 0f7bb9d9-5139-4852-be99-380e1bc1143c@group-7C72F7D496C4: changes role from  FOLLOWER to CANDIDATE at term 0 for changeToCandidate
2019-09-17 07:43:57,730 [Thread-333] INFO  impl.RoleInfo (RoleInfo.java:updateAndGet(143)) - 0f7bb9d9-5139-4852-be99-380e1bc1143c: start LeaderElection
2019-09-17 07:43:57,743 [Thread-326] INFO  impl.FollowerState (FollowerState.java:run(106)) - 193495bf-c496-4e24-ad0b-455843e1a269:group-CE3B9C89E676 changes to CANDIDATE, lastRpcTime:1161, electionTimeout:1161ms
2019-09-17 07:43:57,743 [Thread-326] INFO  impl.RoleInfo (RoleInfo.java:shutdownFollowerState(121)) - 193495bf-c496-4e24-ad0b-455843e1a269: shutdown FollowerState
2019-09-17 07:43:57,743 [Thread-326] INFO  impl.RaftServerImpl (RaftServerImpl.java:setRole(174)) - 193495bf-c496-4e24-ad0b-455843e1a269@group-CE3B9C89E676: changes role from  FOLLOWER to CANDIDATE at term 0 for changeToCandidate
2019-09-17 07:43:57,759 [Thread-321] INFO  impl.FollowerState (FollowerState.java:run(106)) - fd1a6a38-1d12-46a9-943d-422a00bbff87:group-CE3B9C89E676 changes to CANDIDATE, lastRpcTime:1193, electionTimeout:1191ms
2019-09-17 07:43:57,760 [Thread-321] INFO  impl.RoleInfo (RoleInfo.java:shutdownFollowerState(121)) - fd1a6a38-1d12-46a9-943d-422a00bbff87: shutdown FollowerState
2019-09-17 07:43:57,760 [Thread-321] INFO  impl.RaftServerImpl (RaftServerImpl.java:setRole(174)) - fd1a6a38-1d12-46a9-943d-422a00bbff87@group-CE3B9C89E676: changes role from  FOLLOWER to CANDIDATE at term 0 for changeToCandidate
2019-09-17 07:43:57,762 [Thread-321] INFO  impl.RoleInfo (RoleInfo.java:updateAndGet(143)) - fd1a6a38-1d12-46a9-943d-422a00bbff87: start LeaderElection
2019-09-17 07:43:57,791 [Thread-326] INFO  impl.RoleInfo (RoleInfo.java:updateAndGet(143)) - 193495bf-c496-4e24-ad0b-455843e1a269: start LeaderElection
2019-09-17 07:43:57,794 [IPC Server handler 1 on 44183] INFO  volume.OMVolumeCreateRequest (OMVolumeCreateRequest.java:validateAndUpdateCache(189)) - created volume:datanodefailurehandlingtest for user:jenkins1000
2019-09-17 07:43:57,825 [df3f7b97-e0a2-4b7a-b613-50634e06cc54@group-CE3B9C89E676:LeaderElection11] INFO  impl.LeaderElection (LeaderElection.java:askForVotes(182)) - df3f7b97-e0a2-4b7a-b613-50634e06cc54@group-CE3B9C89E676:LeaderElection11: begin an election at term 1 for -1: [193495bf-c496-4e24-ad0b-455843e1a269:192.168.151.112:44913, fd1a6a38-1d12-46a9-943d-422a00bbff87:192.168.151.112:35309, df3f7b97-e0a2-4b7a-b613-50634e06cc54:192.168.151.112:33091], old=null
2019-09-17 07:43:57,825 [0f7bb9d9-5139-4852-be99-380e1bc1143c@group-7C72F7D496C4:LeaderElection12] INFO  impl.LeaderElection (LeaderElection.java:askForVotes(182)) - 0f7bb9d9-5139-4852-be99-380e1bc1143c@group-7C72F7D496C4:LeaderElection12: begin an election at term 1 for -1: [0f7bb9d9-5139-4852-be99-380e1bc1143c:192.168.151.112:33997, 6a48daa3-10a7-4dcf-835e-de50be54fa2c:192.168.151.112:37061, 9cc127b6-6322-4ddd-ad35-07c34665999c:192.168.151.112:43030], old=null
2019-09-17 07:43:57,825 [fd1a6a38-1d12-46a9-943d-422a00bbff87@group-CE3B9C89E676:LeaderElection14] INFO  impl.LeaderElection (LeaderElection.java:askForVotes(182)) - fd1a6a38-1d12-46a9-943d-422a00bbff87@group-CE3B9C89E676:LeaderElection14: begin an election at term 1 for -1: [193495bf-c496-4e24-ad0b-455843e1a269:192.168.151.112:44913, fd1a6a38-1d12-46a9-943d-422a00bbff87:192.168.151.112:35309, df3f7b97-e0a2-4b7a-b613-50634e06cc54:192.168.151.112:33091], old=null
2019-09-17 07:43:57,825 [193495bf-c496-4e24-ad0b-455843e1a269@group-CE3B9C89E676:LeaderElection13] INFO  impl.LeaderElection (LeaderElection.java:askForVotes(182)) - 193495bf-c496-4e24-ad0b-455843e1a269@group-CE3B9C89E676:LeaderElection13: begin an election at term 1 for -1: [193495bf-c496-4e24-ad0b-455843e1a269:192.168.151.112:44913, fd1a6a38-1d12-46a9-943d-422a00bbff87:192.168.151.112:35309, df3f7b97-e0a2-4b7a-b613-50634e06cc54:192.168.151.112:33091], old=null
2019-09-17 07:43:57,843 [Thread-330] INFO  impl.FollowerState (FollowerState.java:run(106)) - 6a48daa3-10a7-4dcf-835e-de50be54fa2c:group-7C72F7D496C4 changes to CANDIDATE, lastRpcTime:1166, electionTimeout:1166ms
2019-09-17 07:43:57,843 [Thread-330] INFO  impl.RoleInfo (RoleInfo.java:shutdownFollowerState(121)) - 6a48daa3-10a7-4dcf-835e-de50be54fa2c: shutdown FollowerState
2019-09-17 07:43:57,843 [Thread-330] INFO  impl.RaftServerImpl (RaftServerImpl.java:setRole(174)) - 6a48daa3-10a7-4dcf-835e-de50be54fa2c@group-7C72F7D496C4: changes role from  FOLLOWER to CANDIDATE at term 0 for changeToCandidate
2019-09-17 07:43:57,856 [Thread-330] INFO  impl.RoleInfo (RoleInfo.java:updateAndGet(143)) - 6a48daa3-10a7-4dcf-835e-de50be54fa2c: start LeaderElection
2019-09-17 07:43:57,872 [Thread-341] INFO  impl.FollowerState (FollowerState.java:run(106)) - cca845ef-daa9-4965-b848-0a1a0c80ebf1:group-EAB0D3E59377 changes to CANDIDATE, lastRpcTime:1018, electionTimeout:1014ms
2019-09-17 07:43:57,911 [Thread-335] INFO  impl.FollowerState (FollowerState.java:run(106)) - 9cc127b6-6322-4ddd-ad35-07c34665999c:group-7C72F7D496C4 changes to CANDIDATE, lastRpcTime:1184, electionTimeout:1183ms
2019-09-17 07:43:57,912 [Thread-342] INFO  impl.FollowerState (FollowerState.java:run(106)) - a6514a8e-6408-4ac6-93dd-a0b43c53a9d5:group-EAB0D3E59377 changes to CANDIDATE, lastRpcTime:1047, electionTimeout:1037ms
2019-09-17 07:43:57,912 [Thread-335] INFO  impl.RoleInfo (RoleInfo.java:shutdownFollowerState(121)) - 9cc127b6-6322-4ddd-ad35-07c34665999c: shutdown FollowerState
2019-09-17 07:43:57,912 [Thread-342] INFO  impl.RoleInfo (RoleInfo.java:shutdownFollowerState(121)) - a6514a8e-6408-4ac6-93dd-a0b43c53a9d5: shutdown FollowerState
2019-09-17 07:43:57,912 [Thread-341] INFO  impl.RoleInfo (RoleInfo.java:shutdownFollowerState(121)) - cca845ef-daa9-4965-b848-0a1a0c80ebf1: shutdown FollowerState
2019-09-17 07:43:57,912 [Thread-342] INFO  impl.RaftServerImpl (RaftServerImpl.java:setRole(174)) - a6514a8e-6408-4ac6-93dd-a0b43c53a9d5@group-EAB0D3E59377: changes role from  FOLLOWER to CANDIDATE at term 0 for changeToCandidate
2019-09-17 07:43:57,912 [Thread-335] INFO  impl.RaftServerImpl (RaftServerImpl.java:setRole(174)) - 9cc127b6-6322-4ddd-ad35-07c34665999c@group-7C72F7D496C4: changes role from  FOLLOWER to CANDIDATE at term 0 for changeToCandidate
2019-09-17 07:43:57,912 [Thread-341] INFO  impl.RaftServerImpl (RaftServerImpl.java:setRole(174)) - cca845ef-daa9-4965-b848-0a1a0c80ebf1@group-EAB0D3E59377: changes role from  FOLLOWER to CANDIDATE at term 0 for changeToCandidate
2019-09-17 07:43:57,912 [6a48daa3-10a7-4dcf-835e-de50be54fa2c@group-7C72F7D496C4:LeaderElection15] INFO  impl.LeaderElection (LeaderElection.java:askForVotes(182)) - 6a48daa3-10a7-4dcf-835e-de50be54fa2c@group-7C72F7D496C4:LeaderElection15: begin an election at term 1 for -1: [0f7bb9d9-5139-4852-be99-380e1bc1143c:192.168.151.112:33997, 6a48daa3-10a7-4dcf-835e-de50be54fa2c:192.168.151.112:37061, 9cc127b6-6322-4ddd-ad35-07c34665999c:192.168.151.112:43030], old=null
2019-09-17 07:43:57,944 [Thread-341] INFO  impl.RoleInfo (RoleInfo.java:updateAndGet(143)) - cca845ef-daa9-4965-b848-0a1a0c80ebf1: start LeaderElection
2019-09-17 07:43:57,944 [Thread-335] INFO  impl.RoleInfo (RoleInfo.java:updateAndGet(143)) - 9cc127b6-6322-4ddd-ad35-07c34665999c: start LeaderElection
2019-09-17 07:43:57,944 [Thread-342] INFO  impl.RoleInfo (RoleInfo.java:updateAndGet(143)) - a6514a8e-6408-4ac6-93dd-a0b43c53a9d5: start LeaderElection
2019-09-17 07:43:57,991 [9cc127b6-6322-4ddd-ad35-07c34665999c@group-7C72F7D496C4:LeaderElection17] INFO  impl.LeaderElection (LeaderElection.java:askForVotes(182)) - 9cc127b6-6322-4ddd-ad35-07c34665999c@group-7C72F7D496C4:LeaderElection17: begin an election at term 1 for -1: [0f7bb9d9-5139-4852-be99-380e1bc1143c:192.168.151.112:33997, 6a48daa3-10a7-4dcf-835e-de50be54fa2c:192.168.151.112:37061, 9cc127b6-6322-4ddd-ad35-07c34665999c:192.168.151.112:43030], old=null
2019-09-17 07:43:57,998 [main] INFO  rpc.RpcClient (RpcClient.java:createBucket(441)) - Creating Bucket: datanodefailurehandlingtest/datanodefailurehandlingtest, with Versioning false and Storage Type set to DISK and Encryption set to false 
2019-09-17 07:43:58,002 [cca845ef-daa9-4965-b848-0a1a0c80ebf1@group-EAB0D3E59377:LeaderElection18] INFO  impl.LeaderElection (LeaderElection.java:askForVotes(182)) - cca845ef-daa9-4965-b848-0a1a0c80ebf1@group-EAB0D3E59377:LeaderElection18: begin an election at term 1 for -1: [a6514a8e-6408-4ac6-93dd-a0b43c53a9d5:192.168.151.112:43664, cca845ef-daa9-4965-b848-0a1a0c80ebf1:192.168.151.112:45232, 96d93dec-e435-44d3-a97f-c1954b993e4b:192.168.151.112:39352], old=null
2019-09-17 07:43:58,002 [a6514a8e-6408-4ac6-93dd-a0b43c53a9d5@group-EAB0D3E59377:LeaderElection16] INFO  impl.LeaderElection (LeaderElection.java:askForVotes(182)) - a6514a8e-6408-4ac6-93dd-a0b43c53a9d5@group-EAB0D3E59377:LeaderElection16: begin an election at term 1 for -1: [a6514a8e-6408-4ac6-93dd-a0b43c53a9d5:192.168.151.112:43664, cca845ef-daa9-4965-b848-0a1a0c80ebf1:192.168.151.112:45232, 96d93dec-e435-44d3-a97f-c1954b993e4b:192.168.151.112:39352], old=null
2019-09-17 07:43:58,055 [Thread-346] INFO  impl.FollowerState (FollowerState.java:run(106)) - 96d93dec-e435-44d3-a97f-c1954b993e4b:group-EAB0D3E59377 changes to CANDIDATE, lastRpcTime:1172, electionTimeout:1167ms
2019-09-17 07:43:58,058 [Thread-346] INFO  impl.RoleInfo (RoleInfo.java:shutdownFollowerState(121)) - 96d93dec-e435-44d3-a97f-c1954b993e4b: shutdown FollowerState
2019-09-17 07:43:58,058 [Thread-346] INFO  impl.RaftServerImpl (RaftServerImpl.java:setRole(174)) - 96d93dec-e435-44d3-a97f-c1954b993e4b@group-EAB0D3E59377: changes role from  FOLLOWER to CANDIDATE at term 0 for changeToCandidate
2019-09-17 07:43:58,092 [Thread-346] INFO  impl.RoleInfo (RoleInfo.java:updateAndGet(143)) - 96d93dec-e435-44d3-a97f-c1954b993e4b: start LeaderElection
2019-09-17 07:43:58,111 [96d93dec-e435-44d3-a97f-c1954b993e4b@group-EAB0D3E59377:LeaderElection19] INFO  impl.LeaderElection (LeaderElection.java:askForVotes(182)) - 96d93dec-e435-44d3-a97f-c1954b993e4b@group-EAB0D3E59377:LeaderElection19: begin an election at term 1 for -1: [a6514a8e-6408-4ac6-93dd-a0b43c53a9d5:192.168.151.112:43664, cca845ef-daa9-4965-b848-0a1a0c80ebf1:192.168.151.112:45232, 96d93dec-e435-44d3-a97f-c1954b993e4b:192.168.151.112:39352], old=null
2019-09-17 07:43:58,254 [a6514a8e-6408-4ac6-93dd-a0b43c53a9d5@group-EAB0D3E59377:LeaderElection16] INFO  impl.LeaderElection (LeaderElection.java:logAndReturn(56)) - a6514a8e-6408-4ac6-93dd-a0b43c53a9d5@group-EAB0D3E59377:LeaderElection16: Election REJECTED; received 2 response(s) [a6514a8e-6408-4ac6-93dd-a0b43c53a9d5<-cca845ef-daa9-4965-b848-0a1a0c80ebf1#0:FAIL-t1, a6514a8e-6408-4ac6-93dd-a0b43c53a9d5<-96d93dec-e435-44d3-a97f-c1954b993e4b#0:FAIL-t1] and 0 exception(s); a6514a8e-6408-4ac6-93dd-a0b43c53a9d5@group-EAB0D3E59377:t1, leader=null, voted=a6514a8e-6408-4ac6-93dd-a0b43c53a9d5, raftlog=a6514a8e-6408-4ac6-93dd-a0b43c53a9d5@group-EAB0D3E59377-SegmentedRaftLog:OPENED:c-1,f-1,i0, conf=-1: [a6514a8e-6408-4ac6-93dd-a0b43c53a9d5:192.168.151.112:43664, cca845ef-daa9-4965-b848-0a1a0c80ebf1:192.168.151.112:45232, 96d93dec-e435-44d3-a97f-c1954b993e4b:192.168.151.112:39352], old=null
2019-09-17 07:43:58,272 [cca845ef-daa9-4965-b848-0a1a0c80ebf1@group-EAB0D3E59377:LeaderElection18] INFO  impl.LeaderElection (LeaderElection.java:logAndReturn(56)) - cca845ef-daa9-4965-b848-0a1a0c80ebf1@group-EAB0D3E59377:LeaderElection18: Election REJECTED; received 2 response(s) [cca845ef-daa9-4965-b848-0a1a0c80ebf1<-a6514a8e-6408-4ac6-93dd-a0b43c53a9d5#0:FAIL-t1, cca845ef-daa9-4965-b848-0a1a0c80ebf1<-96d93dec-e435-44d3-a97f-c1954b993e4b#0:FAIL-t1] and 0 exception(s); cca845ef-daa9-4965-b848-0a1a0c80ebf1@group-EAB0D3E59377:t1, leader=null, voted=cca845ef-daa9-4965-b848-0a1a0c80ebf1, raftlog=cca845ef-daa9-4965-b848-0a1a0c80ebf1@group-EAB0D3E59377-SegmentedRaftLog:OPENED:c-1,f-1,i0, conf=-1: [a6514a8e-6408-4ac6-93dd-a0b43c53a9d5:192.168.151.112:43664, cca845ef-daa9-4965-b848-0a1a0c80ebf1:192.168.151.112:45232, 96d93dec-e435-44d3-a97f-c1954b993e4b:192.168.151.112:39352], old=null
2019-09-17 07:43:58,272 [df3f7b97-e0a2-4b7a-b613-50634e06cc54@group-CE3B9C89E676:LeaderElection11] INFO  impl.LeaderElection (LeaderElection.java:logAndReturn(56)) - df3f7b97-e0a2-4b7a-b613-50634e06cc54@group-CE3B9C89E676:LeaderElection11: Election REJECTED; received 2 response(s) [df3f7b97-e0a2-4b7a-b613-50634e06cc54<-193495bf-c496-4e24-ad0b-455843e1a269#0:FAIL-t1, df3f7b97-e0a2-4b7a-b613-50634e06cc54<-fd1a6a38-1d12-46a9-943d-422a00bbff87#0:FAIL-t1] and 0 exception(s); df3f7b97-e0a2-4b7a-b613-50634e06cc54@group-CE3B9C89E676:t1, leader=null, voted=df3f7b97-e0a2-4b7a-b613-50634e06cc54, raftlog=df3f7b97-e0a2-4b7a-b613-50634e06cc54@group-CE3B9C89E676-SegmentedRaftLog:OPENED:c-1,f-1,i0, conf=-1: [193495bf-c496-4e24-ad0b-455843e1a269:192.168.151.112:44913, fd1a6a38-1d12-46a9-943d-422a00bbff87:192.168.151.112:35309, df3f7b97-e0a2-4b7a-b613-50634e06cc54:192.168.151.112:33091], old=null
2019-09-17 07:43:58,276 [6a48daa3-10a7-4dcf-835e-de50be54fa2c@group-7C72F7D496C4:LeaderElection15] INFO  impl.LeaderElection (LeaderElection.java:logAndReturn(56)) - 6a48daa3-10a7-4dcf-835e-de50be54fa2c@group-7C72F7D496C4:LeaderElection15: Election REJECTED; received 2 response(s) [6a48daa3-10a7-4dcf-835e-de50be54fa2c<-0f7bb9d9-5139-4852-be99-380e1bc1143c#0:FAIL-t1, 6a48daa3-10a7-4dcf-835e-de50be54fa2c<-9cc127b6-6322-4ddd-ad35-07c34665999c#0:FAIL-t1] and 0 exception(s); 6a48daa3-10a7-4dcf-835e-de50be54fa2c@group-7C72F7D496C4:t1, leader=null, voted=6a48daa3-10a7-4dcf-835e-de50be54fa2c, raftlog=6a48daa3-10a7-4dcf-835e-de50be54fa2c@group-7C72F7D496C4-SegmentedRaftLog:OPENED:c-1,f-1,i0, conf=-1: [0f7bb9d9-5139-4852-be99-380e1bc1143c:192.168.151.112:33997, 6a48daa3-10a7-4dcf-835e-de50be54fa2c:192.168.151.112:37061, 9cc127b6-6322-4ddd-ad35-07c34665999c:192.168.151.112:43030], old=null
2019-09-17 07:43:58,276 [a6514a8e-6408-4ac6-93dd-a0b43c53a9d5@group-EAB0D3E59377:LeaderElection16] INFO  impl.RaftServerImpl (RaftServerImpl.java:setRole(174)) - a6514a8e-6408-4ac6-93dd-a0b43c53a9d5@group-EAB0D3E59377: changes role from CANDIDATE to FOLLOWER at term 1 for DISCOVERED_A_NEW_TERM
2019-09-17 07:43:58,276 [cca845ef-daa9-4965-b848-0a1a0c80ebf1@group-EAB0D3E59377:LeaderElection18] INFO  impl.RaftServerImpl (RaftServerImpl.java:setRole(174)) - cca845ef-daa9-4965-b848-0a1a0c80ebf1@group-EAB0D3E59377: changes role from CANDIDATE to FOLLOWER at term 1 for DISCOVERED_A_NEW_TERM
2019-09-17 07:43:58,283 [cca845ef-daa9-4965-b848-0a1a0c80ebf1@group-EAB0D3E59377:LeaderElection18] INFO  impl.RoleInfo (RoleInfo.java:shutdownLeaderElection(134)) - cca845ef-daa9-4965-b848-0a1a0c80ebf1: shutdown LeaderElection
2019-09-17 07:43:58,280 [df3f7b97-e0a2-4b7a-b613-50634e06cc54@group-CE3B9C89E676:LeaderElection11] INFO  impl.RaftServerImpl (RaftServerImpl.java:setRole(174)) - df3f7b97-e0a2-4b7a-b613-50634e06cc54@group-CE3B9C89E676: changes role from CANDIDATE to FOLLOWER at term 1 for DISCOVERED_A_NEW_TERM
2019-09-17 07:43:58,285 [cca845ef-daa9-4965-b848-0a1a0c80ebf1@group-EAB0D3E59377:LeaderElection18] INFO  impl.RoleInfo (RoleInfo.java:updateAndGet(143)) - cca845ef-daa9-4965-b848-0a1a0c80ebf1: start FollowerState
2019-09-17 07:43:58,285 [6a48daa3-10a7-4dcf-835e-de50be54fa2c@group-7C72F7D496C4:LeaderElection15] INFO  impl.RaftServerImpl (RaftServerImpl.java:setRole(174)) - 6a48daa3-10a7-4dcf-835e-de50be54fa2c@group-7C72F7D496C4: changes role from CANDIDATE to FOLLOWER at term 1 for DISCOVERED_A_NEW_TERM
2019-09-17 07:43:58,285 [6a48daa3-10a7-4dcf-835e-de50be54fa2c@group-7C72F7D496C4:LeaderElection15] INFO  impl.RoleInfo (RoleInfo.java:shutdownLeaderElection(134)) - 6a48daa3-10a7-4dcf-835e-de50be54fa2c: shutdown LeaderElection
2019-09-17 07:43:58,280 [a6514a8e-6408-4ac6-93dd-a0b43c53a9d5@group-EAB0D3E59377:LeaderElection16] INFO  impl.RoleInfo (RoleInfo.java:shutdownLeaderElection(134)) - a6514a8e-6408-4ac6-93dd-a0b43c53a9d5: shutdown LeaderElection
2019-09-17 07:43:58,287 [6a48daa3-10a7-4dcf-835e-de50be54fa2c@group-7C72F7D496C4:LeaderElection15] INFO  impl.RoleInfo (RoleInfo.java:updateAndGet(143)) - 6a48daa3-10a7-4dcf-835e-de50be54fa2c: start FollowerState
2019-09-17 07:43:58,285 [df3f7b97-e0a2-4b7a-b613-50634e06cc54@group-CE3B9C89E676:LeaderElection11] INFO  impl.RoleInfo (RoleInfo.java:shutdownLeaderElection(134)) - df3f7b97-e0a2-4b7a-b613-50634e06cc54: shutdown LeaderElection
2019-09-17 07:43:58,291 [a6514a8e-6408-4ac6-93dd-a0b43c53a9d5@group-EAB0D3E59377:LeaderElection16] INFO  impl.RoleInfo (RoleInfo.java:updateAndGet(143)) - a6514a8e-6408-4ac6-93dd-a0b43c53a9d5: start FollowerState
2019-09-17 07:43:58,292 [193495bf-c496-4e24-ad0b-455843e1a269@group-CE3B9C89E676:LeaderElection13] INFO  impl.LeaderElection (LeaderElection.java:logAndReturn(56)) - 193495bf-c496-4e24-ad0b-455843e1a269@group-CE3B9C89E676:LeaderElection13: Election REJECTED; received 2 response(s) [193495bf-c496-4e24-ad0b-455843e1a269<-fd1a6a38-1d12-46a9-943d-422a00bbff87#0:FAIL-t1, 193495bf-c496-4e24-ad0b-455843e1a269<-df3f7b97-e0a2-4b7a-b613-50634e06cc54#0:FAIL-t1] and 0 exception(s); 193495bf-c496-4e24-ad0b-455843e1a269@group-CE3B9C89E676:t1, leader=null, voted=193495bf-c496-4e24-ad0b-455843e1a269, raftlog=193495bf-c496-4e24-ad0b-455843e1a269@group-CE3B9C89E676-SegmentedRaftLog:OPENED:c-1,f-1,i0, conf=-1: [193495bf-c496-4e24-ad0b-455843e1a269:192.168.151.112:44913, fd1a6a38-1d12-46a9-943d-422a00bbff87:192.168.151.112:35309, df3f7b97-e0a2-4b7a-b613-50634e06cc54:192.168.151.112:33091], old=null
2019-09-17 07:43:58,294 [9cc127b6-6322-4ddd-ad35-07c34665999c@group-7C72F7D496C4:LeaderElection17] INFO  impl.LeaderElection (LeaderElection.java:logAndReturn(56)) - 9cc127b6-6322-4ddd-ad35-07c34665999c@group-7C72F7D496C4:LeaderElection17: Election REJECTED; received 2 response(s) [9cc127b6-6322-4ddd-ad35-07c34665999c<-0f7bb9d9-5139-4852-be99-380e1bc1143c#0:FAIL-t1, 9cc127b6-6322-4ddd-ad35-07c34665999c<-6a48daa3-10a7-4dcf-835e-de50be54fa2c#0:FAIL-t1] and 0 exception(s); 9cc127b6-6322-4ddd-ad35-07c34665999c@group-7C72F7D496C4:t1, leader=null, voted=9cc127b6-6322-4ddd-ad35-07c34665999c, raftlog=9cc127b6-6322-4ddd-ad35-07c34665999c@group-7C72F7D496C4-SegmentedRaftLog:OPENED:c-1,f-1,i0, conf=-1: [0f7bb9d9-5139-4852-be99-380e1bc1143c:192.168.151.112:33997, 6a48daa3-10a7-4dcf-835e-de50be54fa2c:192.168.151.112:37061, 9cc127b6-6322-4ddd-ad35-07c34665999c:192.168.151.112:43030], old=null
2019-09-17 07:43:58,320 [9cc127b6-6322-4ddd-ad35-07c34665999c@group-7C72F7D496C4:LeaderElection17] INFO  impl.RaftServerImpl (RaftServerImpl.java:setRole(174)) - 9cc127b6-6322-4ddd-ad35-07c34665999c@group-7C72F7D496C4: changes role from CANDIDATE to FOLLOWER at term 1 for DISCOVERED_A_NEW_TERM
2019-09-17 07:43:58,320 [193495bf-c496-4e24-ad0b-455843e1a269@group-CE3B9C89E676:LeaderElection13] INFO  impl.RaftServerImpl (RaftServerImpl.java:setRole(174)) - 193495bf-c496-4e24-ad0b-455843e1a269@group-CE3B9C89E676: changes role from CANDIDATE to FOLLOWER at term 1 for DISCOVERED_A_NEW_TERM
2019-09-17 07:43:58,327 [9cc127b6-6322-4ddd-ad35-07c34665999c@group-7C72F7D496C4:LeaderElection17] INFO  impl.RoleInfo (RoleInfo.java:shutdownLeaderElection(134)) - 9cc127b6-6322-4ddd-ad35-07c34665999c: shutdown LeaderElection
2019-09-17 07:43:58,324 [df3f7b97-e0a2-4b7a-b613-50634e06cc54@group-CE3B9C89E676:LeaderElection11] INFO  impl.RoleInfo (RoleInfo.java:updateAndGet(143)) - df3f7b97-e0a2-4b7a-b613-50634e06cc54: start FollowerState
2019-09-17 07:43:58,340 [9cc127b6-6322-4ddd-ad35-07c34665999c@group-7C72F7D496C4:LeaderElection17] INFO  impl.RoleInfo (RoleInfo.java:updateAndGet(143)) - 9cc127b6-6322-4ddd-ad35-07c34665999c: start FollowerState
2019-09-17 07:43:58,328 [193495bf-c496-4e24-ad0b-455843e1a269@group-CE3B9C89E676:LeaderElection13] INFO  impl.RoleInfo (RoleInfo.java:shutdownLeaderElection(134)) - 193495bf-c496-4e24-ad0b-455843e1a269: shutdown LeaderElection
2019-09-17 07:43:58,340 [fd1a6a38-1d12-46a9-943d-422a00bbff87@group-CE3B9C89E676:LeaderElection14] INFO  impl.LeaderElection (LeaderElection.java:logAndReturn(56)) - fd1a6a38-1d12-46a9-943d-422a00bbff87@group-CE3B9C89E676:LeaderElection14: Election REJECTED; received 2 response(s) [fd1a6a38-1d12-46a9-943d-422a00bbff87<-193495bf-c496-4e24-ad0b-455843e1a269#0:FAIL-t1, fd1a6a38-1d12-46a9-943d-422a00bbff87<-df3f7b97-e0a2-4b7a-b613-50634e06cc54#0:FAIL-t1] and 0 exception(s); fd1a6a38-1d12-46a9-943d-422a00bbff87@group-CE3B9C89E676:t1, leader=null, voted=fd1a6a38-1d12-46a9-943d-422a00bbff87, raftlog=fd1a6a38-1d12-46a9-943d-422a00bbff87@group-CE3B9C89E676-SegmentedRaftLog:OPENED:c-1,f-1,i0, conf=-1: [193495bf-c496-4e24-ad0b-455843e1a269:192.168.151.112:44913, fd1a6a38-1d12-46a9-943d-422a00bbff87:192.168.151.112:35309, df3f7b97-e0a2-4b7a-b613-50634e06cc54:192.168.151.112:33091], old=null
2019-09-17 07:43:58,340 [193495bf-c496-4e24-ad0b-455843e1a269@group-CE3B9C89E676:LeaderElection13] INFO  impl.RoleInfo (RoleInfo.java:updateAndGet(143)) - 193495bf-c496-4e24-ad0b-455843e1a269: start FollowerState
2019-09-17 07:43:58,341 [fd1a6a38-1d12-46a9-943d-422a00bbff87@group-CE3B9C89E676:LeaderElection14] INFO  impl.RaftServerImpl (RaftServerImpl.java:setRole(174)) - fd1a6a38-1d12-46a9-943d-422a00bbff87@group-CE3B9C89E676: changes role from CANDIDATE to FOLLOWER at term 1 for DISCOVERED_A_NEW_TERM
2019-09-17 07:43:58,347 [fd1a6a38-1d12-46a9-943d-422a00bbff87@group-CE3B9C89E676:LeaderElection14] INFO  impl.RoleInfo (RoleInfo.java:shutdownLeaderElection(134)) - fd1a6a38-1d12-46a9-943d-422a00bbff87: shutdown LeaderElection
2019-09-17 07:43:58,347 [fd1a6a38-1d12-46a9-943d-422a00bbff87@group-CE3B9C89E676:LeaderElection14] INFO  impl.RoleInfo (RoleInfo.java:updateAndGet(143)) - fd1a6a38-1d12-46a9-943d-422a00bbff87: start FollowerState
2019-09-17 07:43:58,348 [0f7bb9d9-5139-4852-be99-380e1bc1143c@group-7C72F7D496C4:LeaderElection12] INFO  impl.LeaderElection (LeaderElection.java:logAndReturn(56)) - 0f7bb9d9-5139-4852-be99-380e1bc1143c@group-7C72F7D496C4:LeaderElection12: Election REJECTED; received 2 response(s) [0f7bb9d9-5139-4852-be99-380e1bc1143c<-6a48daa3-10a7-4dcf-835e-de50be54fa2c#0:FAIL-t1, 0f7bb9d9-5139-4852-be99-380e1bc1143c<-9cc127b6-6322-4ddd-ad35-07c34665999c#0:FAIL-t1] and 0 exception(s); 0f7bb9d9-5139-4852-be99-380e1bc1143c@group-7C72F7D496C4:t1, leader=null, voted=0f7bb9d9-5139-4852-be99-380e1bc1143c, raftlog=0f7bb9d9-5139-4852-be99-380e1bc1143c@group-7C72F7D496C4-SegmentedRaftLog:OPENED:c-1,f-1,i0, conf=-1: [0f7bb9d9-5139-4852-be99-380e1bc1143c:192.168.151.112:33997, 6a48daa3-10a7-4dcf-835e-de50be54fa2c:192.168.151.112:37061, 9cc127b6-6322-4ddd-ad35-07c34665999c:192.168.151.112:43030], old=null
2019-09-17 07:43:58,384 [0f7bb9d9-5139-4852-be99-380e1bc1143c@group-7C72F7D496C4:LeaderElection12] INFO  impl.RaftServerImpl (RaftServerImpl.java:setRole(174)) - 0f7bb9d9-5139-4852-be99-380e1bc1143c@group-7C72F7D496C4: changes role from CANDIDATE to FOLLOWER at term 1 for DISCOVERED_A_NEW_TERM
2019-09-17 07:43:58,384 [0f7bb9d9-5139-4852-be99-380e1bc1143c@group-7C72F7D496C4:LeaderElection12] INFO  impl.RoleInfo (RoleInfo.java:shutdownLeaderElection(134)) - 0f7bb9d9-5139-4852-be99-380e1bc1143c: shutdown LeaderElection
2019-09-17 07:43:58,384 [0f7bb9d9-5139-4852-be99-380e1bc1143c@group-7C72F7D496C4:LeaderElection12] INFO  impl.RoleInfo (RoleInfo.java:updateAndGet(143)) - 0f7bb9d9-5139-4852-be99-380e1bc1143c: start FollowerState
2019-09-17 07:43:58,384 [96d93dec-e435-44d3-a97f-c1954b993e4b@group-EAB0D3E59377:LeaderElection19] INFO  impl.LeaderElection (LeaderElection.java:logAndReturn(56)) - 96d93dec-e435-44d3-a97f-c1954b993e4b@group-EAB0D3E59377:LeaderElection19: Election REJECTED; received 2 response(s) [96d93dec-e435-44d3-a97f-c1954b993e4b<-a6514a8e-6408-4ac6-93dd-a0b43c53a9d5#0:FAIL-t1, 96d93dec-e435-44d3-a97f-c1954b993e4b<-cca845ef-daa9-4965-b848-0a1a0c80ebf1#0:FAIL-t1] and 0 exception(s); 96d93dec-e435-44d3-a97f-c1954b993e4b@group-EAB0D3E59377:t1, leader=null, voted=96d93dec-e435-44d3-a97f-c1954b993e4b, raftlog=96d93dec-e435-44d3-a97f-c1954b993e4b@group-EAB0D3E59377-SegmentedRaftLog:OPENED:c-1,f-1,i0, conf=-1: [a6514a8e-6408-4ac6-93dd-a0b43c53a9d5:192.168.151.112:43664, cca845ef-daa9-4965-b848-0a1a0c80ebf1:192.168.151.112:45232, 96d93dec-e435-44d3-a97f-c1954b993e4b:192.168.151.112:39352], old=null
2019-09-17 07:43:58,388 [96d93dec-e435-44d3-a97f-c1954b993e4b@group-EAB0D3E59377:LeaderElection19] INFO  impl.RaftServerImpl (RaftServerImpl.java:setRole(174)) - 96d93dec-e435-44d3-a97f-c1954b993e4b@group-EAB0D3E59377: changes role from CANDIDATE to FOLLOWER at term 1 for DISCOVERED_A_NEW_TERM
2019-09-17 07:43:58,388 [96d93dec-e435-44d3-a97f-c1954b993e4b@group-EAB0D3E59377:LeaderElection19] INFO  impl.RoleInfo (RoleInfo.java:shutdownLeaderElection(134)) - 96d93dec-e435-44d3-a97f-c1954b993e4b: shutdown LeaderElection
2019-09-17 07:43:58,388 [96d93dec-e435-44d3-a97f-c1954b993e4b@group-EAB0D3E59377:LeaderElection19] INFO  impl.RoleInfo (RoleInfo.java:updateAndGet(143)) - 96d93dec-e435-44d3-a97f-c1954b993e4b: start FollowerState
2019-09-17 07:43:58,477 [96d93dec-e435-44d3-a97f-c1954b993e4b@group-CD965A7A1117:LeaderElection8] INFO  impl.RoleInfo (RoleInfo.java:updateAndGet(143)) - 96d93dec-e435-44d3-a97f-c1954b993e4b: start LeaderState
2019-09-17 07:43:58,480 [96d93dec-e435-44d3-a97f-c1954b993e4b@group-CD965A7A1117:LeaderElection8] INFO  segmented.SegmentedRaftLogWorker (SegmentedRaftLogWorker.java:startLogSegment(380)) - 96d93dec-e435-44d3-a97f-c1954b993e4b@group-CD965A7A1117-SegmentedRaftLogWorker: Starting segment from index:0
2019-09-17 07:43:58,481 [96d93dec-e435-44d3-a97f-c1954b993e4b@group-CD965A7A1117:LeaderElection8] INFO  impl.RaftServerImpl (ServerState.java:setRaftConf(354)) - 96d93dec-e435-44d3-a97f-c1954b993e4b@group-CD965A7A1117: set configuration 0: [96d93dec-e435-44d3-a97f-c1954b993e4b:192.168.151.112:39352], old=null at 0
2019-09-17 07:43:58,481 [a6514a8e-6408-4ac6-93dd-a0b43c53a9d5@group-DBCBC5799FC4:LeaderElection9] INFO  impl.RoleInfo (RoleInfo.java:updateAndGet(143)) - a6514a8e-6408-4ac6-93dd-a0b43c53a9d5: start LeaderState
2019-09-17 07:43:58,481 [a6514a8e-6408-4ac6-93dd-a0b43c53a9d5@group-DBCBC5799FC4:LeaderElection9] INFO  segmented.SegmentedRaftLogWorker (SegmentedRaftLogWorker.java:startLogSegment(380)) - a6514a8e-6408-4ac6-93dd-a0b43c53a9d5@group-DBCBC5799FC4-SegmentedRaftLogWorker: Starting segment from index:0
2019-09-17 07:43:58,482 [07d4361b-7c4c-4556-bca6-aef62f6805c3@group-C8B8825E57F2:LeaderElection10] INFO  impl.RoleInfo (RoleInfo.java:updateAndGet(143)) - 07d4361b-7c4c-4556-bca6-aef62f6805c3: start LeaderState
2019-09-17 07:43:58,482 [a6514a8e-6408-4ac6-93dd-a0b43c53a9d5@group-DBCBC5799FC4:LeaderElection9] INFO  impl.RaftServerImpl (ServerState.java:setRaftConf(354)) - a6514a8e-6408-4ac6-93dd-a0b43c53a9d5@group-DBCBC5799FC4: set configuration 0: [a6514a8e-6408-4ac6-93dd-a0b43c53a9d5:192.168.151.112:43664], old=null at 0
2019-09-17 07:43:58,482 [07d4361b-7c4c-4556-bca6-aef62f6805c3@group-C8B8825E57F2:LeaderElection10] INFO  segmented.SegmentedRaftLogWorker (SegmentedRaftLogWorker.java:startLogSegment(380)) - 07d4361b-7c4c-4556-bca6-aef62f6805c3@group-C8B8825E57F2-SegmentedRaftLogWorker: Starting segment from index:0
2019-09-17 07:43:58,482 [cca845ef-daa9-4965-b848-0a1a0c80ebf1@group-7EC530A629AC:LeaderElection7] INFO  impl.RoleInfo (RoleInfo.java:updateAndGet(143)) - cca845ef-daa9-4965-b848-0a1a0c80ebf1: start LeaderState
2019-09-17 07:43:58,482 [07d4361b-7c4c-4556-bca6-aef62f6805c3@group-C8B8825E57F2:LeaderElection10] INFO  impl.RaftServerImpl (ServerState.java:setRaftConf(354)) - 07d4361b-7c4c-4556-bca6-aef62f6805c3@group-C8B8825E57F2: set configuration 0: [07d4361b-7c4c-4556-bca6-aef62f6805c3:192.168.151.112:33018], old=null at 0
2019-09-17 07:43:58,483 [cca845ef-daa9-4965-b848-0a1a0c80ebf1@group-7EC530A629AC:LeaderElection7] INFO  segmented.SegmentedRaftLogWorker (SegmentedRaftLogWorker.java:startLogSegment(380)) - cca845ef-daa9-4965-b848-0a1a0c80ebf1@group-7EC530A629AC-SegmentedRaftLogWorker: Starting segment from index:0
2019-09-17 07:43:58,483 [cca845ef-daa9-4965-b848-0a1a0c80ebf1@group-7EC530A629AC:LeaderElection7] INFO  impl.RaftServerImpl (ServerState.java:setRaftConf(354)) - cca845ef-daa9-4965-b848-0a1a0c80ebf1@group-7EC530A629AC: set configuration 0: [cca845ef-daa9-4965-b848-0a1a0c80ebf1:192.168.151.112:45232], old=null at 0
2019-09-17 07:43:58,557 [96d93dec-e435-44d3-a97f-c1954b993e4b@group-CD965A7A1117-SegmentedRaftLogWorker] INFO  segmented.SegmentedRaftLogWorker (SegmentedRaftLogWorker.java:execute(569)) - 96d93dec-e435-44d3-a97f-c1954b993e4b@group-CD965A7A1117-SegmentedRaftLogWorker: created new log segment /workdir/hadoop-ozone/integration-test/target/test-dir/MiniOzoneClusterImpl-2856df08-3e92-4080-a2c9-ea03709d96bd/datanode-4/data/ratis/e00dd6e5-3648-4705-9778-cd965a7a1117/current/log_inprogress_0
2019-09-17 07:43:58,557 [07d4361b-7c4c-4556-bca6-aef62f6805c3@group-C8B8825E57F2-SegmentedRaftLogWorker] INFO  segmented.SegmentedRaftLogWorker (SegmentedRaftLogWorker.java:execute(569)) - 07d4361b-7c4c-4556-bca6-aef62f6805c3@group-C8B8825E57F2-SegmentedRaftLogWorker: created new log segment /workdir/hadoop-ozone/integration-test/target/test-dir/MiniOzoneClusterImpl-2856df08-3e92-4080-a2c9-ea03709d96bd/datanode-9/data/ratis/1877b565-2de5-4403-91a1-c8b8825e57f2/current/log_inprogress_0
2019-09-17 07:43:58,557 [cca845ef-daa9-4965-b848-0a1a0c80ebf1@group-7EC530A629AC-SegmentedRaftLogWorker] INFO  segmented.SegmentedRaftLogWorker (SegmentedRaftLogWorker.java:execute(569)) - cca845ef-daa9-4965-b848-0a1a0c80ebf1@group-7EC530A629AC-SegmentedRaftLogWorker: created new log segment /workdir/hadoop-ozone/integration-test/target/test-dir/MiniOzoneClusterImpl-2856df08-3e92-4080-a2c9-ea03709d96bd/datanode-5/data/ratis/c8460ea1-d304-4a66-bdd4-7ec530a629ac/current/log_inprogress_0
2019-09-17 07:43:58,557 [a6514a8e-6408-4ac6-93dd-a0b43c53a9d5@group-DBCBC5799FC4-SegmentedRaftLogWorker] INFO  segmented.SegmentedRaftLogWorker (SegmentedRaftLogWorker.java:execute(569)) - a6514a8e-6408-4ac6-93dd-a0b43c53a9d5@group-DBCBC5799FC4-SegmentedRaftLogWorker: created new log segment /workdir/hadoop-ozone/integration-test/target/test-dir/MiniOzoneClusterImpl-2856df08-3e92-4080-a2c9-ea03709d96bd/datanode-6/data/ratis/98160496-ae0e-491f-8007-dbcbc5799fc4/current/log_inprogress_0
2019-09-17 07:43:58,660 [main] INFO  impl.MetricsSystemImpl (MetricsSystemImpl.java:init(158)) - XceiverClientMetrics metrics system started (again)
2019-09-17 07:43:58,781 [grpc-default-executor-7] INFO  client.GrpcClientProtocolClient (GrpcClientProtocolClient.java:onNext(264)) - client-F68F3035F915->193495bf-c496-4e24-ad0b-455843e1a269: receive RaftClientReply:client-F68F3035F915->193495bf-c496-4e24-ad0b-455843e1a269@group-CE3B9C89E676, cid=19, FAILED org.apache.ratis.protocol.NotLeaderException: Server 193495bf-c496-4e24-ad0b-455843e1a269@group-CE3B9C89E676 is not the leader, logIndex=0, commits[193495bf-c496-4e24-ad0b-455843e1a269:c-1]
2019-09-17 07:43:59,289 [Thread-392] INFO  impl.FollowerState (FollowerState.java:run(106)) - cca845ef-daa9-4965-b848-0a1a0c80ebf1:group-EAB0D3E59377 changes to CANDIDATE, lastRpcTime:1003, electionTimeout:1001ms
2019-09-17 07:43:59,289 [Thread-392] INFO  impl.RoleInfo (RoleInfo.java:shutdownFollowerState(121)) - cca845ef-daa9-4965-b848-0a1a0c80ebf1: shutdown FollowerState
2019-09-17 07:43:59,289 [Thread-392] INFO  impl.RaftServerImpl (RaftServerImpl.java:setRole(174)) - cca845ef-daa9-4965-b848-0a1a0c80ebf1@group-EAB0D3E59377: changes role from  FOLLOWER to CANDIDATE at term 1 for changeToCandidate
2019-09-17 07:43:59,290 [Thread-392] INFO  impl.RoleInfo (RoleInfo.java:updateAndGet(143)) - cca845ef-daa9-4965-b848-0a1a0c80ebf1: start LeaderElection
2019-09-17 07:43:59,316 [cca845ef-daa9-4965-b848-0a1a0c80ebf1@group-EAB0D3E59377:LeaderElection20] INFO  impl.LeaderElection (LeaderElection.java:askForVotes(182)) - cca845ef-daa9-4965-b848-0a1a0c80ebf1@group-EAB0D3E59377:LeaderElection20: begin an election at term 2 for -1: [a6514a8e-6408-4ac6-93dd-a0b43c53a9d5:192.168.151.112:43664, cca845ef-daa9-4965-b848-0a1a0c80ebf1:192.168.151.112:45232, 96d93dec-e435-44d3-a97f-c1954b993e4b:192.168.151.112:39352], old=null
2019-09-17 07:43:59,331 [grpc-default-executor-9] INFO  impl.RaftServerImpl (RaftServerImpl.java:setRole(174)) - a6514a8e-6408-4ac6-93dd-a0b43c53a9d5@group-EAB0D3E59377: changes role from  FOLLOWER to FOLLOWER at term 2 for recognizeCandidate:cca845ef-daa9-4965-b848-0a1a0c80ebf1
2019-09-17 07:43:59,331 [grpc-default-executor-9] INFO  impl.RoleInfo (RoleInfo.java:shutdownFollowerState(121)) - a6514a8e-6408-4ac6-93dd-a0b43c53a9d5: shutdown FollowerState
2019-09-17 07:43:59,331 [grpc-default-executor-9] INFO  impl.RoleInfo (RoleInfo.java:updateAndGet(143)) - a6514a8e-6408-4ac6-93dd-a0b43c53a9d5: start FollowerState
2019-09-17 07:43:59,332 [Thread-394] INFO  impl.FollowerState (FollowerState.java:run(115)) - a6514a8e-6408-4ac6-93dd-a0b43c53a9d5: FollowerState was interrupted: java.lang.InterruptedException: sleep interrupted
2019-09-17 07:43:59,332 [grpc-default-executor-7] INFO  impl.RaftServerImpl (RaftServerImpl.java:setRole(174)) - 96d93dec-e435-44d3-a97f-c1954b993e4b@group-EAB0D3E59377: changes role from  FOLLOWER to FOLLOWER at term 2 for recognizeCandidate:cca845ef-daa9-4965-b848-0a1a0c80ebf1
2019-09-17 07:43:59,332 [grpc-default-executor-7] INFO  impl.RoleInfo (RoleInfo.java:shutdownFollowerState(121)) - 96d93dec-e435-44d3-a97f-c1954b993e4b: shutdown FollowerState
2019-09-17 07:43:59,332 [grpc-default-executor-7] INFO  impl.RoleInfo (RoleInfo.java:updateAndGet(143)) - 96d93dec-e435-44d3-a97f-c1954b993e4b: start FollowerState
2019-09-17 07:43:59,332 [Thread-401] INFO  impl.FollowerState (FollowerState.java:run(115)) - 96d93dec-e435-44d3-a97f-c1954b993e4b: FollowerState was interrupted: java.lang.InterruptedException: sleep interrupted
2019-09-17 07:43:59,348 [cca845ef-daa9-4965-b848-0a1a0c80ebf1@group-EAB0D3E59377:LeaderElection20] INFO  impl.LeaderElection (LeaderElection.java:logAndReturn(56)) - cca845ef-daa9-4965-b848-0a1a0c80ebf1@group-EAB0D3E59377:LeaderElection20: Election PASSED; received 1 response(s) [cca845ef-daa9-4965-b848-0a1a0c80ebf1<-96d93dec-e435-44d3-a97f-c1954b993e4b#0:OK-t2] and 0 exception(s); cca845ef-daa9-4965-b848-0a1a0c80ebf1@group-EAB0D3E59377:t2, leader=null, voted=cca845ef-daa9-4965-b848-0a1a0c80ebf1, raftlog=cca845ef-daa9-4965-b848-0a1a0c80ebf1@group-EAB0D3E59377-SegmentedRaftLog:OPENED:c-1,f-1,i0, conf=-1: [a6514a8e-6408-4ac6-93dd-a0b43c53a9d5:192.168.151.112:43664, cca845ef-daa9-4965-b848-0a1a0c80ebf1:192.168.151.112:45232, 96d93dec-e435-44d3-a97f-c1954b993e4b:192.168.151.112:39352], old=null
2019-09-17 07:43:59,349 [cca845ef-daa9-4965-b848-0a1a0c80ebf1@group-EAB0D3E59377:LeaderElection20] INFO  impl.RoleInfo (RoleInfo.java:shutdownLeaderElection(134)) - cca845ef-daa9-4965-b848-0a1a0c80ebf1: shutdown LeaderElection
2019-09-17 07:43:59,352 [cca845ef-daa9-4965-b848-0a1a0c80ebf1@group-EAB0D3E59377:LeaderElection20] INFO  impl.RaftServerImpl (RaftServerImpl.java:setRole(174)) - cca845ef-daa9-4965-b848-0a1a0c80ebf1@group-EAB0D3E59377: changes role from CANDIDATE to LEADER at term 2 for changeToLeader
2019-09-17 07:43:59,352 [cca845ef-daa9-4965-b848-0a1a0c80ebf1@group-EAB0D3E59377:LeaderElection20] INFO  impl.RaftServerImpl (ServerState.java:setLeader(253)) - cca845ef-daa9-4965-b848-0a1a0c80ebf1@group-EAB0D3E59377: change Leader from null to cca845ef-daa9-4965-b848-0a1a0c80ebf1 at term 2 for becomeLeader, leader elected after 2508ms
2019-09-17 07:43:59,352 [cca845ef-daa9-4965-b848-0a1a0c80ebf1@group-EAB0D3E59377:LeaderElection20] INFO  server.RaftServerConfigKeys (ConfUtils.java:logGet(43)) - raft.server.staging.catchup.gap = 1000 (default)
2019-09-17 07:43:59,353 [cca845ef-daa9-4965-b848-0a1a0c80ebf1@group-EAB0D3E59377:LeaderElection20] INFO  server.RaftServerConfigKeys (ConfUtils.java:logGet(43)) - raft.server.rpc.sleep.time = 25ms (default)
2019-09-17 07:43:59,353 [cca845ef-daa9-4965-b848-0a1a0c80ebf1@group-EAB0D3E59377:LeaderElection20] INFO  server.RaftServerConfigKeys (ConfUtils.java:logGet(43)) - raft.server.write.element-limit = 4096 (default)
2019-09-17 07:43:59,353 [cca845ef-daa9-4965-b848-0a1a0c80ebf1@group-EAB0D3E59377:LeaderElection20] INFO  server.RaftServerConfigKeys (ConfUtils.java:logGet(43)) - raft.server.watch.timeout = 10s (default)
2019-09-17 07:43:59,353 [cca845ef-daa9-4965-b848-0a1a0c80ebf1@group-EAB0D3E59377:LeaderElection20] INFO  server.RaftServerConfigKeys (ConfUtils.java:logGet(43)) - raft.server.watch.timeout.denomination = 1s (default)
2019-09-17 07:43:59,353 [cca845ef-daa9-4965-b848-0a1a0c80ebf1@group-EAB0D3E59377:LeaderElection20] INFO  server.RaftServerConfigKeys (ConfUtils.java:logGet(43)) - raft.server.watch.element-limit = 65536 (default)
2019-09-17 07:43:59,360 [cca845ef-daa9-4965-b848-0a1a0c80ebf1@group-EAB0D3E59377:LeaderElection20] INFO  server.RaftServerConfigKeys (ConfUtils.java:logGet(43)) - raft.server.log.appender.snapshot.chunk.size.max = 16MB (=16777216) (default)
2019-09-17 07:43:59,361 [cca845ef-daa9-4965-b848-0a1a0c80ebf1@group-EAB0D3E59377:LeaderElection20] INFO  server.RaftServerConfigKeys (ConfUtils.java:logGet(43)) - raft.server.log.appender.buffer.byte-limit = 33554432 (custom)
2019-09-17 07:43:59,361 [cca845ef-daa9-4965-b848-0a1a0c80ebf1@group-EAB0D3E59377:LeaderElection20] INFO  server.RaftServerConfigKeys (ConfUtils.java:logGet(43)) - raft.server.log.appender.buffer.element-limit = 1 (custom)
2019-09-17 07:43:59,366 [cca845ef-daa9-4965-b848-0a1a0c80ebf1@group-EAB0D3E59377:LeaderElection20] INFO  grpc.GrpcConfigKeys$Server (ConfUtils.java:logGet(43)) - raft.grpc.server.leader.outstanding.appends.max = 128 (default)
2019-09-17 07:43:59,366 [cca845ef-daa9-4965-b848-0a1a0c80ebf1@group-EAB0D3E59377:LeaderElection20] INFO  server.RaftServerConfigKeys (ConfUtils.java:logGet(43)) - raft.server.rpc.request.timeout = 3000ms (default)
2019-09-17 07:43:59,367 [cca845ef-daa9-4965-b848-0a1a0c80ebf1@group-EAB0D3E59377:LeaderElection20] INFO  server.RaftServerConfigKeys (ConfUtils.java:logGet(43)) - raft.server.log.appender.install.snapshot.enabled = false (custom)
2019-09-17 07:43:59,368 [cca845ef-daa9-4965-b848-0a1a0c80ebf1@group-EAB0D3E59377:LeaderElection20] INFO  server.RaftServerConfigKeys (ConfUtils.java:logGet(43)) - raft.server.log.appender.snapshot.chunk.size.max = 16MB (=16777216) (default)
2019-09-17 07:43:59,368 [cca845ef-daa9-4965-b848-0a1a0c80ebf1@group-EAB0D3E59377:LeaderElection20] INFO  server.RaftServerConfigKeys (ConfUtils.java:logGet(43)) - raft.server.log.appender.buffer.byte-limit = 33554432 (custom)
2019-09-17 07:43:59,369 [cca845ef-daa9-4965-b848-0a1a0c80ebf1@group-EAB0D3E59377:LeaderElection20] INFO  server.RaftServerConfigKeys (ConfUtils.java:logGet(43)) - raft.server.log.appender.buffer.element-limit = 1 (custom)
2019-09-17 07:43:59,369 [cca845ef-daa9-4965-b848-0a1a0c80ebf1@group-EAB0D3E59377:LeaderElection20] INFO  grpc.GrpcConfigKeys$Server (ConfUtils.java:logGet(43)) - raft.grpc.server.leader.outstanding.appends.max = 128 (default)
2019-09-17 07:43:59,369 [cca845ef-daa9-4965-b848-0a1a0c80ebf1@group-EAB0D3E59377:LeaderElection20] INFO  server.RaftServerConfigKeys (ConfUtils.java:logGet(43)) - raft.server.rpc.request.timeout = 3000ms (default)
2019-09-17 07:43:59,369 [cca845ef-daa9-4965-b848-0a1a0c80ebf1@group-EAB0D3E59377:LeaderElection20] INFO  server.RaftServerConfigKeys (ConfUtils.java:logGet(43)) - raft.server.log.appender.install.snapshot.enabled = false (custom)
2019-09-17 07:43:59,371 [cca845ef-daa9-4965-b848-0a1a0c80ebf1@group-EAB0D3E59377:LeaderElection20] INFO  impl.RoleInfo (RoleInfo.java:updateAndGet(143)) - cca845ef-daa9-4965-b848-0a1a0c80ebf1: start LeaderState
2019-09-17 07:43:59,371 [cca845ef-daa9-4965-b848-0a1a0c80ebf1@group-EAB0D3E59377:LeaderElection20] INFO  segmented.SegmentedRaftLogWorker (SegmentedRaftLogWorker.java:startLogSegment(380)) - cca845ef-daa9-4965-b848-0a1a0c80ebf1@group-EAB0D3E59377-SegmentedRaftLogWorker: Starting segment from index:0
2019-09-17 07:43:59,372 [cca845ef-daa9-4965-b848-0a1a0c80ebf1@group-EAB0D3E59377:LeaderElection20] INFO  impl.RaftServerImpl (ServerState.java:setRaftConf(354)) - cca845ef-daa9-4965-b848-0a1a0c80ebf1@group-EAB0D3E59377: set configuration 0: [a6514a8e-6408-4ac6-93dd-a0b43c53a9d5:192.168.151.112:43664, cca845ef-daa9-4965-b848-0a1a0c80ebf1:192.168.151.112:45232, 96d93dec-e435-44d3-a97f-c1954b993e4b:192.168.151.112:39352], old=null at 0
2019-09-17 07:43:59,414 [Thread-400] INFO  impl.FollowerState (FollowerState.java:run(106)) - 0f7bb9d9-5139-4852-be99-380e1bc1143c:group-7C72F7D496C4 changes to CANDIDATE, lastRpcTime:1030, electionTimeout:1014ms
2019-09-17 07:43:59,417 [Thread-400] INFO  impl.RoleInfo (RoleInfo.java:shutdownFollowerState(121)) - 0f7bb9d9-5139-4852-be99-380e1bc1143c: shutdown FollowerState
2019-09-17 07:43:59,417 [Thread-400] INFO  impl.RaftServerImpl (RaftServerImpl.java:setRole(174)) - 0f7bb9d9-5139-4852-be99-380e1bc1143c@group-7C72F7D496C4: changes role from  FOLLOWER to CANDIDATE at term 1 for changeToCandidate
2019-09-17 07:43:59,417 [Thread-398] INFO  impl.FollowerState (FollowerState.java:run(106)) - 193495bf-c496-4e24-ad0b-455843e1a269:group-CE3B9C89E676 changes to CANDIDATE, lastRpcTime:1076, electionTimeout:1037ms
2019-09-17 07:43:59,417 [Thread-400] INFO  impl.RoleInfo (RoleInfo.java:updateAndGet(143)) - 0f7bb9d9-5139-4852-be99-380e1bc1143c: start LeaderElection
2019-09-17 07:43:59,418 [Thread-398] INFO  impl.RoleInfo (RoleInfo.java:shutdownFollowerState(121)) - 193495bf-c496-4e24-ad0b-455843e1a269: shutdown FollowerState
2019-09-17 07:43:59,418 [Thread-398] INFO  impl.RaftServerImpl (RaftServerImpl.java:setRole(174)) - 193495bf-c496-4e24-ad0b-455843e1a269@group-CE3B9C89E676: changes role from  FOLLOWER to CANDIDATE at term 1 for changeToCandidate
2019-09-17 07:43:59,418 [Thread-398] INFO  impl.RoleInfo (RoleInfo.java:updateAndGet(143)) - 193495bf-c496-4e24-ad0b-455843e1a269: start LeaderElection
2019-09-17 07:43:59,430 [cca845ef-daa9-4965-b848-0a1a0c80ebf1@group-EAB0D3E59377-SegmentedRaftLogWorker] INFO  segmented.SegmentedRaftLogWorker (SegmentedRaftLogWorker.java:execute(569)) - cca845ef-daa9-4965-b848-0a1a0c80ebf1@group-EAB0D3E59377-SegmentedRaftLogWorker: created new log segment /workdir/hadoop-ozone/integration-test/target/test-dir/MiniOzoneClusterImpl-2856df08-3e92-4080-a2c9-ea03709d96bd/datanode-5/data/ratis/732dae7b-d889-40b8-a54e-eab0d3e59377/current/log_inprogress_0
2019-09-17 07:43:59,430 [193495bf-c496-4e24-ad0b-455843e1a269@group-CE3B9C89E676:LeaderElection22] INFO  impl.LeaderElection (LeaderElection.java:askForVotes(182)) - 193495bf-c496-4e24-ad0b-455843e1a269@group-CE3B9C89E676:LeaderElection22: begin an election at term 2 for -1: [193495bf-c496-4e24-ad0b-455843e1a269:192.168.151.112:44913, fd1a6a38-1d12-46a9-943d-422a00bbff87:192.168.151.112:35309, df3f7b97-e0a2-4b7a-b613-50634e06cc54:192.168.151.112:33091], old=null
2019-09-17 07:43:59,430 [0f7bb9d9-5139-4852-be99-380e1bc1143c@group-7C72F7D496C4:LeaderElection21] INFO  impl.LeaderElection (LeaderElection.java:askForVotes(182)) - 0f7bb9d9-5139-4852-be99-380e1bc1143c@group-7C72F7D496C4:LeaderElection21: begin an election at term 2 for -1: [0f7bb9d9-5139-4852-be99-380e1bc1143c:192.168.151.112:33997, 6a48daa3-10a7-4dcf-835e-de50be54fa2c:192.168.151.112:37061, 9cc127b6-6322-4ddd-ad35-07c34665999c:192.168.151.112:43030], old=null
2019-09-17 07:43:59,435 [grpc-default-executor-7] INFO  impl.RaftServerImpl (RaftServerImpl.java:setRole(174)) - 9cc127b6-6322-4ddd-ad35-07c34665999c@group-7C72F7D496C4: changes role from  FOLLOWER to FOLLOWER at term 2 for recognizeCandidate:0f7bb9d9-5139-4852-be99-380e1bc1143c
2019-09-17 07:43:59,435 [grpc-default-executor-7] INFO  impl.RoleInfo (RoleInfo.java:shutdownFollowerState(121)) - 9cc127b6-6322-4ddd-ad35-07c34665999c: shutdown FollowerState
2019-09-17 07:43:59,435 [grpc-default-executor-6] INFO  impl.RaftServerImpl (RaftServerImpl.java:setRole(174)) - 6a48daa3-10a7-4dcf-835e-de50be54fa2c@group-7C72F7D496C4: changes role from  FOLLOWER to FOLLOWER at term 2 for recognizeCandidate:0f7bb9d9-5139-4852-be99-380e1bc1143c
2019-09-17 07:43:59,435 [Thread-397] INFO  impl.FollowerState (FollowerState.java:run(115)) - 9cc127b6-6322-4ddd-ad35-07c34665999c: FollowerState was interrupted: java.lang.InterruptedException: sleep interrupted
2019-09-17 07:43:59,435 [grpc-default-executor-0] INFO  impl.RaftServerImpl (RaftServerImpl.java:setRole(174)) - fd1a6a38-1d12-46a9-943d-422a00bbff87@group-CE3B9C89E676: changes role from  FOLLOWER to FOLLOWER at term 2 for recognizeCandidate:193495bf-c496-4e24-ad0b-455843e1a269
2019-09-17 07:43:59,436 [grpc-default-executor-8] INFO  impl.RaftServerImpl (RaftServerImpl.java:setRole(174)) - df3f7b97-e0a2-4b7a-b613-50634e06cc54@group-CE3B9C89E676: changes role from  FOLLOWER to FOLLOWER at term 2 for recognizeCandidate:193495bf-c496-4e24-ad0b-455843e1a269
2019-09-17 07:43:59,435 [grpc-default-executor-7] INFO  impl.RoleInfo (RoleInfo.java:updateAndGet(143)) - 9cc127b6-6322-4ddd-ad35-07c34665999c: start FollowerState
2019-09-17 07:43:59,436 [grpc-default-executor-8] INFO  impl.RoleInfo (RoleInfo.java:shutdownFollowerState(121)) - df3f7b97-e0a2-4b7a-b613-50634e06cc54: shutdown FollowerState
2019-09-17 07:43:59,436 [grpc-default-executor-0] INFO  impl.RoleInfo (RoleInfo.java:shutdownFollowerState(121)) - fd1a6a38-1d12-46a9-943d-422a00bbff87: shutdown FollowerState
2019-09-17 07:43:59,435 [grpc-default-executor-6] INFO  impl.RoleInfo (RoleInfo.java:shutdownFollowerState(121)) - 6a48daa3-10a7-4dcf-835e-de50be54fa2c: shutdown FollowerState
2019-09-17 07:43:59,437 [Thread-399] INFO  impl.FollowerState (FollowerState.java:run(115)) - fd1a6a38-1d12-46a9-943d-422a00bbff87: FollowerState was interrupted: java.lang.InterruptedException: sleep interrupted
2019-09-17 07:43:59,437 [Thread-393] INFO  impl.FollowerState (FollowerState.java:run(115)) - 6a48daa3-10a7-4dcf-835e-de50be54fa2c: FollowerState was interrupted: java.lang.InterruptedException: sleep interrupted
2019-09-17 07:43:59,437 [grpc-default-executor-0] INFO  impl.RoleInfo (RoleInfo.java:updateAndGet(143)) - fd1a6a38-1d12-46a9-943d-422a00bbff87: start FollowerState
2019-09-17 07:43:59,436 [Thread-395] INFO  impl.FollowerState (FollowerState.java:run(115)) - df3f7b97-e0a2-4b7a-b613-50634e06cc54: FollowerState was interrupted: java.lang.InterruptedException: sleep interrupted
2019-09-17 07:43:59,436 [grpc-default-executor-8] INFO  impl.RoleInfo (RoleInfo.java:updateAndGet(143)) - df3f7b97-e0a2-4b7a-b613-50634e06cc54: start FollowerState
2019-09-17 07:43:59,437 [grpc-default-executor-6] INFO  impl.RoleInfo (RoleInfo.java:updateAndGet(143)) - 6a48daa3-10a7-4dcf-835e-de50be54fa2c: start FollowerState
2019-09-17 07:43:59,448 [grpc-default-executor-2] INFO  impl.RaftServerImpl (ServerState.java:setLeader(253)) - a6514a8e-6408-4ac6-93dd-a0b43c53a9d5@group-EAB0D3E59377: change Leader from null to cca845ef-daa9-4965-b848-0a1a0c80ebf1 at term 2 for appendEntries, leader elected after 2604ms
2019-09-17 07:43:59,448 [grpc-default-executor-9] INFO  impl.RaftServerImpl (ServerState.java:setLeader(253)) - 96d93dec-e435-44d3-a97f-c1954b993e4b@group-EAB0D3E59377: change Leader from null to cca845ef-daa9-4965-b848-0a1a0c80ebf1 at term 2 for appendEntries, leader elected after 2591ms
2019-09-17 07:43:59,450 [193495bf-c496-4e24-ad0b-455843e1a269@group-CE3B9C89E676:LeaderElection22] INFO  impl.LeaderElection (LeaderElection.java:logAndReturn(56)) - 193495bf-c496-4e24-ad0b-455843e1a269@group-CE3B9C89E676:LeaderElection22: Election PASSED; received 1 response(s) [193495bf-c496-4e24-ad0b-455843e1a269<-df3f7b97-e0a2-4b7a-b613-50634e06cc54#0:OK-t2] and 0 exception(s); 193495bf-c496-4e24-ad0b-455843e1a269@group-CE3B9C89E676:t2, leader=null, voted=193495bf-c496-4e24-ad0b-455843e1a269, raftlog=193495bf-c496-4e24-ad0b-455843e1a269@group-CE3B9C89E676-SegmentedRaftLog:OPENED:c-1,f-1,i0, conf=-1: [193495bf-c496-4e24-ad0b-455843e1a269:192.168.151.112:44913, fd1a6a38-1d12-46a9-943d-422a00bbff87:192.168.151.112:35309, df3f7b97-e0a2-4b7a-b613-50634e06cc54:192.168.151.112:33091], old=null
2019-09-17 07:43:59,450 [193495bf-c496-4e24-ad0b-455843e1a269@group-CE3B9C89E676:LeaderElection22] INFO  impl.RoleInfo (RoleInfo.java:shutdownLeaderElection(134)) - 193495bf-c496-4e24-ad0b-455843e1a269: shutdown LeaderElection
2019-09-17 07:43:59,450 [0f7bb9d9-5139-4852-be99-380e1bc1143c@group-7C72F7D496C4:LeaderElection21] INFO  impl.LeaderElection (LeaderElection.java:logAndReturn(56)) - 0f7bb9d9-5139-4852-be99-380e1bc1143c@group-7C72F7D496C4:LeaderElection21: Election PASSED; received 1 response(s) [0f7bb9d9-5139-4852-be99-380e1bc1143c<-6a48daa3-10a7-4dcf-835e-de50be54fa2c#0:OK-t2] and 0 exception(s); 0f7bb9d9-5139-4852-be99-380e1bc1143c@group-7C72F7D496C4:t2, leader=null, voted=0f7bb9d9-5139-4852-be99-380e1bc1143c, raftlog=0f7bb9d9-5139-4852-be99-380e1bc1143c@group-7C72F7D496C4-SegmentedRaftLog:OPENED:c-1,f-1,i0, conf=-1: [0f7bb9d9-5139-4852-be99-380e1bc1143c:192.168.151.112:33997, 6a48daa3-10a7-4dcf-835e-de50be54fa2c:192.168.151.112:37061, 9cc127b6-6322-4ddd-ad35-07c34665999c:192.168.151.112:43030], old=null
2019-09-17 07:43:59,453 [0f7bb9d9-5139-4852-be99-380e1bc1143c@group-7C72F7D496C4:LeaderElection21] INFO  impl.RoleInfo (RoleInfo.java:shutdownLeaderElection(134)) - 0f7bb9d9-5139-4852-be99-380e1bc1143c: shutdown LeaderElection
2019-09-17 07:43:59,453 [193495bf-c496-4e24-ad0b-455843e1a269@group-CE3B9C89E676:LeaderElection22] INFO  impl.RaftServerImpl (RaftServerImpl.java:setRole(174)) - 193495bf-c496-4e24-ad0b-455843e1a269@group-CE3B9C89E676: changes role from CANDIDATE to LEADER at term 2 for changeToLeader
2019-09-17 07:43:59,458 [0f7bb9d9-5139-4852-be99-380e1bc1143c@group-7C72F7D496C4:LeaderElection21] INFO  impl.RaftServerImpl (RaftServerImpl.java:setRole(174)) - 0f7bb9d9-5139-4852-be99-380e1bc1143c@group-7C72F7D496C4: changes role from CANDIDATE to LEADER at term 2 for changeToLeader
2019-09-17 07:43:59,460 [193495bf-c496-4e24-ad0b-455843e1a269@group-CE3B9C89E676:LeaderElection22] INFO  impl.RaftServerImpl (ServerState.java:setLeader(253)) - 193495bf-c496-4e24-ad0b-455843e1a269@group-CE3B9C89E676: change Leader from null to 193495bf-c496-4e24-ad0b-455843e1a269 at term 2 for becomeLeader, leader elected after 2911ms
2019-09-17 07:43:59,460 [0f7bb9d9-5139-4852-be99-380e1bc1143c@group-7C72F7D496C4:LeaderElection21] INFO  impl.RaftServerImpl (ServerState.java:setLeader(253)) - 0f7bb9d9-5139-4852-be99-380e1bc1143c@group-7C72F7D496C4: change Leader from null to 0f7bb9d9-5139-4852-be99-380e1bc1143c at term 2 for becomeLeader, leader elected after 2796ms
2019-09-17 07:43:59,463 [193495bf-c496-4e24-ad0b-455843e1a269@group-CE3B9C89E676:LeaderElection22] INFO  server.RaftServerConfigKeys (ConfUtils.java:logGet(43)) - raft.server.staging.catchup.gap = 1000 (default)
2019-09-17 07:43:59,463 [0f7bb9d9-5139-4852-be99-380e1bc1143c@group-7C72F7D496C4:LeaderElection21] INFO  server.RaftServerConfigKeys (ConfUtils.java:logGet(43)) - raft.server.staging.catchup.gap = 1000 (default)
2019-09-17 07:43:59,463 [193495bf-c496-4e24-ad0b-455843e1a269@group-CE3B9C89E676:LeaderElection22] INFO  server.RaftServerConfigKeys (ConfUtils.java:logGet(43)) - raft.server.rpc.sleep.time = 25ms (default)
2019-09-17 07:43:59,463 [0f7bb9d9-5139-4852-be99-380e1bc1143c@group-7C72F7D496C4:LeaderElection21] INFO  server.RaftServerConfigKeys (ConfUtils.java:logGet(43)) - raft.server.rpc.sleep.time = 25ms (default)
2019-09-17 07:43:59,464 [193495bf-c496-4e24-ad0b-455843e1a269@group-CE3B9C89E676:LeaderElection22] INFO  server.RaftServerConfigKeys (ConfUtils.java:logGet(43)) - raft.server.write.element-limit = 4096 (default)
2019-09-17 07:43:59,464 [0f7bb9d9-5139-4852-be99-380e1bc1143c@group-7C72F7D496C4:LeaderElection21] INFO  server.RaftServerConfigKeys (ConfUtils.java:logGet(43)) - raft.server.write.element-limit = 4096 (default)
2019-09-17 07:43:59,464 [193495bf-c496-4e24-ad0b-455843e1a269@group-CE3B9C89E676:LeaderElection22] INFO  server.RaftServerConfigKeys (ConfUtils.java:logGet(43)) - raft.server.watch.timeout = 10s (default)
2019-09-17 07:43:59,464 [0f7bb9d9-5139-4852-be99-380e1bc1143c@group-7C72F7D496C4:LeaderElection21] INFO  server.RaftServerConfigKeys (ConfUtils.java:logGet(43)) - raft.server.watch.timeout = 10s (default)
2019-09-17 07:43:59,466 [193495bf-c496-4e24-ad0b-455843e1a269@group-CE3B9C89E676:LeaderElection22] INFO  server.RaftServerConfigKeys (ConfUtils.java:logGet(43)) - raft.server.watch.timeout.denomination = 1s (default)
2019-09-17 07:43:59,466 [0f7bb9d9-5139-4852-be99-380e1bc1143c@group-7C72F7D496C4:LeaderElection21] INFO  server.RaftServerConfigKeys (ConfUtils.java:logGet(43)) - raft.server.watch.timeout.denomination = 1s (default)
2019-09-17 07:43:59,466 [193495bf-c496-4e24-ad0b-455843e1a269@group-CE3B9C89E676:LeaderElection22] INFO  server.RaftServerConfigKeys (ConfUtils.java:logGet(43)) - raft.server.watch.element-limit = 65536 (default)
2019-09-17 07:43:59,471 [0f7bb9d9-5139-4852-be99-380e1bc1143c@group-7C72F7D496C4:LeaderElection21] INFO  server.RaftServerConfigKeys (ConfUtils.java:logGet(43)) - raft.server.watch.element-limit = 65536 (default)
2019-09-17 07:43:59,475 [193495bf-c496-4e24-ad0b-455843e1a269@group-CE3B9C89E676:LeaderElection22] INFO  server.RaftServerConfigKeys (ConfUtils.java:logGet(43)) - raft.server.log.appender.snapshot.chunk.size.max = 16MB (=16777216) (default)
2019-09-17 07:43:59,475 [193495bf-c496-4e24-ad0b-455843e1a269@group-CE3B9C89E676:LeaderElection22] INFO  server.RaftServerConfigKeys (ConfUtils.java:logGet(43)) - raft.server.log.appender.buffer.byte-limit = 33554432 (custom)
2019-09-17 07:43:59,475 [0f7bb9d9-5139-4852-be99-380e1bc1143c@group-7C72F7D496C4:LeaderElection21] INFO  server.RaftServerConfigKeys (ConfUtils.java:logGet(43)) - raft.server.log.appender.snapshot.chunk.size.max = 16MB (=16777216) (default)
2019-09-17 07:43:59,475 [193495bf-c496-4e24-ad0b-455843e1a269@group-CE3B9C89E676:LeaderElection22] INFO  server.RaftServerConfigKeys (ConfUtils.java:logGet(43)) - raft.server.log.appender.buffer.element-limit = 1 (custom)
2019-09-17 07:43:59,476 [0f7bb9d9-5139-4852-be99-380e1bc1143c@group-7C72F7D496C4:LeaderElection21] INFO  server.RaftServerConfigKeys (ConfUtils.java:logGet(43)) - raft.server.log.appender.buffer.byte-limit = 33554432 (custom)
2019-09-17 07:43:59,476 [193495bf-c496-4e24-ad0b-455843e1a269@group-CE3B9C89E676:LeaderElection22] INFO  grpc.GrpcConfigKeys$Server (ConfUtils.java:logGet(43)) - raft.grpc.server.leader.outstanding.appends.max = 128 (default)
2019-09-17 07:43:59,478 [0f7bb9d9-5139-4852-be99-380e1bc1143c@group-7C72F7D496C4:LeaderElection21] INFO  server.RaftServerConfigKeys (ConfUtils.java:logGet(43)) - raft.server.log.appender.buffer.element-limit = 1 (custom)
2019-09-17 07:43:59,478 [193495bf-c496-4e24-ad0b-455843e1a269@group-CE3B9C89E676:LeaderElection22] INFO  server.RaftServerConfigKeys (ConfUtils.java:logGet(43)) - raft.server.rpc.request.timeout = 3000ms (default)
2019-09-17 07:43:59,479 [0f7bb9d9-5139-4852-be99-380e1bc1143c@group-7C72F7D496C4:LeaderElection21] INFO  grpc.GrpcConfigKeys$Server (ConfUtils.java:logGet(43)) - raft.grpc.server.leader.outstanding.appends.max = 128 (default)
2019-09-17 07:43:59,479 [193495bf-c496-4e24-ad0b-455843e1a269@group-CE3B9C89E676:LeaderElection22] INFO  server.RaftServerConfigKeys (ConfUtils.java:logGet(43)) - raft.server.log.appender.install.snapshot.enabled = false (custom)
2019-09-17 07:43:59,479 [0f7bb9d9-5139-4852-be99-380e1bc1143c@group-7C72F7D496C4:LeaderElection21] INFO  server.RaftServerConfigKeys (ConfUtils.java:logGet(43)) - raft.server.rpc.request.timeout = 3000ms (default)
2019-09-17 07:43:59,479 [193495bf-c496-4e24-ad0b-455843e1a269@group-CE3B9C89E676:LeaderElection22] INFO  server.RaftServerConfigKeys (ConfUtils.java:logGet(43)) - raft.server.log.appender.snapshot.chunk.size.max = 16MB (=16777216) (default)
2019-09-17 07:43:59,479 [0f7bb9d9-5139-4852-be99-380e1bc1143c@group-7C72F7D496C4:LeaderElection21] INFO  server.RaftServerConfigKeys (ConfUtils.java:logGet(43)) - raft.server.log.appender.install.snapshot.enabled = false (custom)
2019-09-17 07:43:59,480 [193495bf-c496-4e24-ad0b-455843e1a269@group-CE3B9C89E676:LeaderElection22] INFO  server.RaftServerConfigKeys (ConfUtils.java:logGet(43)) - raft.server.log.appender.buffer.byte-limit = 33554432 (custom)
2019-09-17 07:43:59,480 [0f7bb9d9-5139-4852-be99-380e1bc1143c@group-7C72F7D496C4:LeaderElection21] INFO  server.RaftServerConfigKeys (ConfUtils.java:logGet(43)) - raft.server.log.appender.snapshot.chunk.size.max = 16MB (=16777216) (default)
2019-09-17 07:43:59,480 [193495bf-c496-4e24-ad0b-455843e1a269@group-CE3B9C89E676:LeaderElection22] INFO  server.RaftServerConfigKeys (ConfUtils.java:logGet(43)) - raft.server.log.appender.buffer.element-limit = 1 (custom)
2019-09-17 07:43:59,480 [0f7bb9d9-5139-4852-be99-380e1bc1143c@group-7C72F7D496C4:LeaderElection21] INFO  server.RaftServerConfigKeys (ConfUtils.java:logGet(43)) - raft.server.log.appender.buffer.byte-limit = 33554432 (custom)
2019-09-17 07:43:59,481 [193495bf-c496-4e24-ad0b-455843e1a269@group-CE3B9C89E676:LeaderElection22] INFO  grpc.GrpcConfigKeys$Server (ConfUtils.java:logGet(43)) - raft.grpc.server.leader.outstanding.appends.max = 128 (default)
2019-09-17 07:43:59,481 [0f7bb9d9-5139-4852-be99-380e1bc1143c@group-7C72F7D496C4:LeaderElection21] INFO  server.RaftServerConfigKeys (ConfUtils.java:logGet(43)) - raft.server.log.appender.buffer.element-limit = 1 (custom)
2019-09-17 07:43:59,481 [193495bf-c496-4e24-ad0b-455843e1a269@group-CE3B9C89E676:LeaderElection22] INFO  server.RaftServerConfigKeys (ConfUtils.java:logGet(43)) - raft.server.rpc.request.timeout = 3000ms (default)
2019-09-17 07:43:59,481 [0f7bb9d9-5139-4852-be99-380e1bc1143c@group-7C72F7D496C4:LeaderElection21] INFO  grpc.GrpcConfigKeys$Server (ConfUtils.java:logGet(43)) - raft.grpc.server.leader.outstanding.appends.max = 128 (default)
2019-09-17 07:43:59,481 [193495bf-c496-4e24-ad0b-455843e1a269@group-CE3B9C89E676:LeaderElection22] INFO  server.RaftServerConfigKeys (ConfUtils.java:logGet(43)) - raft.server.log.appender.install.snapshot.enabled = false (custom)
2019-09-17 07:43:59,482 [0f7bb9d9-5139-4852-be99-380e1bc1143c@group-7C72F7D496C4:LeaderElection21] INFO  server.RaftServerConfigKeys (ConfUtils.java:logGet(43)) - raft.server.rpc.request.timeout = 3000ms (default)
2019-09-17 07:43:59,482 [0f7bb9d9-5139-4852-be99-380e1bc1143c@group-7C72F7D496C4:LeaderElection21] INFO  server.RaftServerConfigKeys (ConfUtils.java:logGet(43)) - raft.server.log.appender.install.snapshot.enabled = false (custom)
2019-09-17 07:43:59,482 [193495bf-c496-4e24-ad0b-455843e1a269@group-CE3B9C89E676:LeaderElection22] INFO  impl.RoleInfo (RoleInfo.java:updateAndGet(143)) - 193495bf-c496-4e24-ad0b-455843e1a269: start LeaderState
2019-09-17 07:43:59,482 [0f7bb9d9-5139-4852-be99-380e1bc1143c@group-7C72F7D496C4:LeaderElection21] INFO  impl.RoleInfo (RoleInfo.java:updateAndGet(143)) - 0f7bb9d9-5139-4852-be99-380e1bc1143c: start LeaderState
2019-09-17 07:43:59,482 [193495bf-c496-4e24-ad0b-455843e1a269@group-CE3B9C89E676:LeaderElection22] INFO  segmented.SegmentedRaftLogWorker (SegmentedRaftLogWorker.java:startLogSegment(380)) - 193495bf-c496-4e24-ad0b-455843e1a269@group-CE3B9C89E676-SegmentedRaftLogWorker: Starting segment from index:0
2019-09-17 07:43:59,483 [0f7bb9d9-5139-4852-be99-380e1bc1143c@group-7C72F7D496C4:LeaderElection21] INFO  segmented.SegmentedRaftLogWorker (SegmentedRaftLogWorker.java:startLogSegment(380)) - 0f7bb9d9-5139-4852-be99-380e1bc1143c@group-7C72F7D496C4-SegmentedRaftLogWorker: Starting segment from index:0
2019-09-17 07:43:59,484 [193495bf-c496-4e24-ad0b-455843e1a269@group-CE3B9C89E676:LeaderElection22] INFO  impl.RaftServerImpl (ServerState.java:setRaftConf(354)) - 193495bf-c496-4e24-ad0b-455843e1a269@group-CE3B9C89E676: set configuration 0: [193495bf-c496-4e24-ad0b-455843e1a269:192.168.151.112:44913, fd1a6a38-1d12-46a9-943d-422a00bbff87:192.168.151.112:35309, df3f7b97-e0a2-4b7a-b613-50634e06cc54:192.168.151.112:33091], old=null at 0
2019-09-17 07:43:59,529 [0f7bb9d9-5139-4852-be99-380e1bc1143c@group-7C72F7D496C4:LeaderElection21] INFO  impl.RaftServerImpl (ServerState.java:setRaftConf(354)) - 0f7bb9d9-5139-4852-be99-380e1bc1143c@group-7C72F7D496C4: set configuration 0: [0f7bb9d9-5139-4852-be99-380e1bc1143c:192.168.151.112:33997, 6a48daa3-10a7-4dcf-835e-de50be54fa2c:192.168.151.112:37061, 9cc127b6-6322-4ddd-ad35-07c34665999c:192.168.151.112:43030], old=null at 0
2019-09-17 07:43:59,540 [grpc-default-executor-2] INFO  impl.RaftServerImpl (ServerState.java:setLeader(253)) - fd1a6a38-1d12-46a9-943d-422a00bbff87@group-CE3B9C89E676: change Leader from null to 193495bf-c496-4e24-ad0b-455843e1a269 at term 2 for appendEntries, leader elected after 2991ms
2019-09-17 07:43:59,540 [grpc-default-executor-8] INFO  impl.RaftServerImpl (ServerState.java:setLeader(253)) - df3f7b97-e0a2-4b7a-b613-50634e06cc54@group-CE3B9C89E676: change Leader from null to 193495bf-c496-4e24-ad0b-455843e1a269 at term 2 for appendEntries, leader elected after 2992ms
2019-09-17 07:43:59,541 [grpc-default-executor-6] INFO  impl.RaftServerImpl (ServerState.java:setLeader(253)) - 9cc127b6-6322-4ddd-ad35-07c34665999c@group-7C72F7D496C4: change Leader from null to 0f7bb9d9-5139-4852-be99-380e1bc1143c at term 2 for appendEntries, leader elected after 2877ms
2019-09-17 07:43:59,542 [0f7bb9d9-5139-4852-be99-380e1bc1143c@group-7C72F7D496C4-SegmentedRaftLogWorker] INFO  segmented.SegmentedRaftLogWorker (SegmentedRaftLogWorker.java:execute(569)) - 0f7bb9d9-5139-4852-be99-380e1bc1143c@group-7C72F7D496C4-SegmentedRaftLogWorker: created new log segment /workdir/hadoop-ozone/integration-test/target/test-dir/MiniOzoneClusterImpl-2856df08-3e92-4080-a2c9-ea03709d96bd/datanode-7/data/ratis/0dd04a28-7048-4f82-b477-7c72f7d496c4/current/log_inprogress_0
2019-09-17 07:43:59,542 [grpc-default-executor-9] INFO  impl.RaftServerImpl (ServerState.java:setLeader(253)) - 6a48daa3-10a7-4dcf-835e-de50be54fa2c@group-7C72F7D496C4: change Leader from null to 0f7bb9d9-5139-4852-be99-380e1bc1143c at term 2 for appendEntries, leader elected after 2877ms
2019-09-17 07:43:59,542 [193495bf-c496-4e24-ad0b-455843e1a269@group-CE3B9C89E676-SegmentedRaftLogWorker] INFO  segmented.SegmentedRaftLogWorker (SegmentedRaftLogWorker.java:execute(569)) - 193495bf-c496-4e24-ad0b-455843e1a269@group-CE3B9C89E676-SegmentedRaftLogWorker: created new log segment /workdir/hadoop-ozone/integration-test/target/test-dir/MiniOzoneClusterImpl-2856df08-3e92-4080-a2c9-ea03709d96bd/datanode-0/data/ratis/8c56802a-ccaf-4c04-a2b5-ce3b9c89e676/current/log_inprogress_0
2019-09-17 07:43:59,549 [grpc-default-executor-8] INFO  impl.RaftServerImpl (ServerState.java:setRaftConf(354)) - df3f7b97-e0a2-4b7a-b613-50634e06cc54@group-CE3B9C89E676: set configuration 0: [193495bf-c496-4e24-ad0b-455843e1a269:192.168.151.112:44913, fd1a6a38-1d12-46a9-943d-422a00bbff87:192.168.151.112:35309, df3f7b97-e0a2-4b7a-b613-50634e06cc54:192.168.151.112:33091], old=null at 0
2019-09-17 07:43:59,549 [grpc-default-executor-6] INFO  impl.RaftServerImpl (ServerState.java:setRaftConf(354)) - 9cc127b6-6322-4ddd-ad35-07c34665999c@group-7C72F7D496C4: set configuration 0: [0f7bb9d9-5139-4852-be99-380e1bc1143c:192.168.151.112:33997, 6a48daa3-10a7-4dcf-835e-de50be54fa2c:192.168.151.112:37061, 9cc127b6-6322-4ddd-ad35-07c34665999c:192.168.151.112:43030], old=null at 0
2019-09-17 07:43:59,549 [grpc-default-executor-2] INFO  impl.RaftServerImpl (ServerState.java:setRaftConf(354)) - a6514a8e-6408-4ac6-93dd-a0b43c53a9d5@group-EAB0D3E59377: set configuration 0: [a6514a8e-6408-4ac6-93dd-a0b43c53a9d5:192.168.151.112:43664, cca845ef-daa9-4965-b848-0a1a0c80ebf1:192.168.151.112:45232, 96d93dec-e435-44d3-a97f-c1954b993e4b:192.168.151.112:39352], old=null at 0
2019-09-17 07:43:59,549 [grpc-default-executor-9] INFO  impl.RaftServerImpl (ServerState.java:setRaftConf(354)) - fd1a6a38-1d12-46a9-943d-422a00bbff87@group-CE3B9C89E676: set configuration 0: [193495bf-c496-4e24-ad0b-455843e1a269:192.168.151.112:44913, fd1a6a38-1d12-46a9-943d-422a00bbff87:192.168.151.112:35309, df3f7b97-e0a2-4b7a-b613-50634e06cc54:192.168.151.112:33091], old=null at 0
2019-09-17 07:43:59,549 [grpc-default-executor-7] INFO  impl.RaftServerImpl (ServerState.java:setRaftConf(354)) - 96d93dec-e435-44d3-a97f-c1954b993e4b@group-EAB0D3E59377: set configuration 0: [a6514a8e-6408-4ac6-93dd-a0b43c53a9d5:192.168.151.112:43664, cca845ef-daa9-4965-b848-0a1a0c80ebf1:192.168.151.112:45232, 96d93dec-e435-44d3-a97f-c1954b993e4b:192.168.151.112:39352], old=null at 0
2019-09-17 07:43:59,549 [grpc-default-executor-0] INFO  impl.RaftServerImpl (ServerState.java:setRaftConf(354)) - 6a48daa3-10a7-4dcf-835e-de50be54fa2c@group-7C72F7D496C4: set configuration 0: [0f7bb9d9-5139-4852-be99-380e1bc1143c:192.168.151.112:33997, 6a48daa3-10a7-4dcf-835e-de50be54fa2c:192.168.151.112:37061, 9cc127b6-6322-4ddd-ad35-07c34665999c:192.168.151.112:43030], old=null at 0
2019-09-17 07:43:59,550 [grpc-default-executor-7] INFO  segmented.SegmentedRaftLogWorker (SegmentedRaftLogWorker.java:startLogSegment(380)) - 96d93dec-e435-44d3-a97f-c1954b993e4b@group-EAB0D3E59377-SegmentedRaftLogWorker: Starting segment from index:0
2019-09-17 07:43:59,550 [grpc-default-executor-9] INFO  segmented.SegmentedRaftLogWorker (SegmentedRaftLogWorker.java:startLogSegment(380)) - fd1a6a38-1d12-46a9-943d-422a00bbff87@group-CE3B9C89E676-SegmentedRaftLogWorker: Starting segment from index:0
2019-09-17 07:43:59,550 [grpc-default-executor-2] INFO  segmented.SegmentedRaftLogWorker (SegmentedRaftLogWorker.java:startLogSegment(380)) - a6514a8e-6408-4ac6-93dd-a0b43c53a9d5@group-EAB0D3E59377-SegmentedRaftLogWorker: Starting segment from index:0
2019-09-17 07:43:59,550 [grpc-default-executor-6] INFO  segmented.SegmentedRaftLogWorker (SegmentedRaftLogWorker.java:startLogSegment(380)) - 9cc127b6-6322-4ddd-ad35-07c34665999c@group-7C72F7D496C4-SegmentedRaftLogWorker: Starting segment from index:0
2019-09-17 07:43:59,549 [grpc-default-executor-8] INFO  segmented.SegmentedRaftLogWorker (SegmentedRaftLogWorker.java:startLogSegment(380)) - df3f7b97-e0a2-4b7a-b613-50634e06cc54@group-CE3B9C89E676-SegmentedRaftLogWorker: Starting segment from index:0
2019-09-17 07:43:59,551 [grpc-default-executor-0] INFO  segmented.SegmentedRaftLogWorker (SegmentedRaftLogWorker.java:startLogSegment(380)) - 6a48daa3-10a7-4dcf-835e-de50be54fa2c@group-7C72F7D496C4-SegmentedRaftLogWorker: Starting segment from index:0
2019-09-17 07:43:59,613 [df3f7b97-e0a2-4b7a-b613-50634e06cc54@group-CE3B9C89E676-SegmentedRaftLogWorker] INFO  segmented.SegmentedRaftLogWorker (SegmentedRaftLogWorker.java:execute(569)) - df3f7b97-e0a2-4b7a-b613-50634e06cc54@group-CE3B9C89E676-SegmentedRaftLogWorker: created new log segment /workdir/hadoop-ozone/integration-test/target/test-dir/MiniOzoneClusterImpl-2856df08-3e92-4080-a2c9-ea03709d96bd/datanode-2/data/ratis/8c56802a-ccaf-4c04-a2b5-ce3b9c89e676/current/log_inprogress_0
2019-09-17 07:43:59,613 [fd1a6a38-1d12-46a9-943d-422a00bbff87@group-CE3B9C89E676-SegmentedRaftLogWorker] INFO  segmented.SegmentedRaftLogWorker (SegmentedRaftLogWorker.java:execute(569)) - fd1a6a38-1d12-46a9-943d-422a00bbff87@group-CE3B9C89E676-SegmentedRaftLogWorker: created new log segment /workdir/hadoop-ozone/integration-test/target/test-dir/MiniOzoneClusterImpl-2856df08-3e92-4080-a2c9-ea03709d96bd/datanode-1/data/ratis/8c56802a-ccaf-4c04-a2b5-ce3b9c89e676/current/log_inprogress_0
2019-09-17 07:43:59,613 [6a48daa3-10a7-4dcf-835e-de50be54fa2c@group-7C72F7D496C4-SegmentedRaftLogWorker] INFO  segmented.SegmentedRaftLogWorker (SegmentedRaftLogWorker.java:execute(569)) - 6a48daa3-10a7-4dcf-835e-de50be54fa2c@group-7C72F7D496C4-SegmentedRaftLogWorker: created new log segment /workdir/hadoop-ozone/integration-test/target/test-dir/MiniOzoneClusterImpl-2856df08-3e92-4080-a2c9-ea03709d96bd/datanode-8/data/ratis/0dd04a28-7048-4f82-b477-7c72f7d496c4/current/log_inprogress_0
2019-09-17 07:43:59,613 [9cc127b6-6322-4ddd-ad35-07c34665999c@group-7C72F7D496C4-SegmentedRaftLogWorker] INFO  segmented.SegmentedRaftLogWorker (SegmentedRaftLogWorker.java:execute(569)) - 9cc127b6-6322-4ddd-ad35-07c34665999c@group-7C72F7D496C4-SegmentedRaftLogWorker: created new log segment /workdir/hadoop-ozone/integration-test/target/test-dir/MiniOzoneClusterImpl-2856df08-3e92-4080-a2c9-ea03709d96bd/datanode-3/data/ratis/0dd04a28-7048-4f82-b477-7c72f7d496c4/current/log_inprogress_0
2019-09-17 07:43:59,613 [a6514a8e-6408-4ac6-93dd-a0b43c53a9d5@group-EAB0D3E59377-SegmentedRaftLogWorker] INFO  segmented.SegmentedRaftLogWorker (SegmentedRaftLogWorker.java:execute(569)) - a6514a8e-6408-4ac6-93dd-a0b43c53a9d5@group-EAB0D3E59377-SegmentedRaftLogWorker: created new log segment /workdir/hadoop-ozone/integration-test/target/test-dir/MiniOzoneClusterImpl-2856df08-3e92-4080-a2c9-ea03709d96bd/datanode-6/data/ratis/732dae7b-d889-40b8-a54e-eab0d3e59377/current/log_inprogress_0
2019-09-17 07:43:59,613 [96d93dec-e435-44d3-a97f-c1954b993e4b@group-EAB0D3E59377-SegmentedRaftLogWorker] INFO  segmented.SegmentedRaftLogWorker (SegmentedRaftLogWorker.java:execute(569)) - 96d93dec-e435-44d3-a97f-c1954b993e4b@group-EAB0D3E59377-SegmentedRaftLogWorker: created new log segment /workdir/hadoop-ozone/integration-test/target/test-dir/MiniOzoneClusterImpl-2856df08-3e92-4080-a2c9-ea03709d96bd/datanode-4/data/ratis/732dae7b-d889-40b8-a54e-eab0d3e59377/current/log_inprogress_0
2019-09-17 07:43:59,840 [grpc-default-executor-0] INFO  client.GrpcClientProtocolClient (GrpcClientProtocolClient.java:onNext(264)) - client-F68F3035F915->fd1a6a38-1d12-46a9-943d-422a00bbff87: receive RaftClientReply:client-F68F3035F915->fd1a6a38-1d12-46a9-943d-422a00bbff87@group-CE3B9C89E676, cid=19, FAILED org.apache.ratis.protocol.NotLeaderException: Server fd1a6a38-1d12-46a9-943d-422a00bbff87@group-CE3B9C89E676 is not the leader 193495bf-c496-4e24-ad0b-455843e1a269:192.168.151.112:44913, logIndex=0, commits[fd1a6a38-1d12-46a9-943d-422a00bbff87:c-1, 193495bf-c496-4e24-ad0b-455843e1a269:c-1, df3f7b97-e0a2-4b7a-b613-50634e06cc54:c-1]
2019-09-17 07:44:00,187 [grpc-default-executor-2] INFO  client.GrpcClientProtocolClient (GrpcClientProtocolClient.java:onNext(264)) - client-F68F3035F915->193495bf-c496-4e24-ad0b-455843e1a269: receive RaftClientReply:client-F68F3035F915->193495bf-c496-4e24-ad0b-455843e1a269@group-CE3B9C89E676, cid=19, SUCCESS, logIndex=1, commits[193495bf-c496-4e24-ad0b-455843e1a269:c1, fd1a6a38-1d12-46a9-943d-422a00bbff87:c0, df3f7b97-e0a2-4b7a-b613-50634e06cc54:c0]
2019-09-17 07:44:00,310 [grpc-default-executor-6] INFO  client.GrpcClientProtocolClient (GrpcClientProtocolClient.java:onNext(264)) - client-F68F3035F915->193495bf-c496-4e24-ad0b-455843e1a269: receive RaftClientReply:client-F68F3035F915->193495bf-c496-4e24-ad0b-455843e1a269@group-CE3B9C89E676, cid=20, SUCCESS, logIndex=3, commits[193495bf-c496-4e24-ad0b-455843e1a269:c8, fd1a6a38-1d12-46a9-943d-422a00bbff87:c6, df3f7b97-e0a2-4b7a-b613-50634e06cc54:c6]
2019-09-17 07:44:00,321 [grpc-default-executor-6] INFO  client.GrpcClientProtocolClient (GrpcClientProtocolClient.java:onNext(264)) - client-F68F3035F915->193495bf-c496-4e24-ad0b-455843e1a269: receive RaftClientReply:client-F68F3035F915->193495bf-c496-4e24-ad0b-455843e1a269@group-CE3B9C89E676, cid=21, SUCCESS, logIndex=4, commits[193495bf-c496-4e24-ad0b-455843e1a269:c8, fd1a6a38-1d12-46a9-943d-422a00bbff87:c6, df3f7b97-e0a2-4b7a-b613-50634e06cc54:c6]
2019-09-17 07:44:00,392 [grpc-default-executor-6] INFO  client.GrpcClientProtocolClient (GrpcClientProtocolClient.java:onNext(264)) - client-F68F3035F915->193495bf-c496-4e24-ad0b-455843e1a269: receive RaftClientReply:client-F68F3035F915->193495bf-c496-4e24-ad0b-455843e1a269@group-CE3B9C89E676, cid=22, SUCCESS, logIndex=5, commits[193495bf-c496-4e24-ad0b-455843e1a269:c8, fd1a6a38-1d12-46a9-943d-422a00bbff87:c6, df3f7b97-e0a2-4b7a-b613-50634e06cc54:c6]
2019-09-17 07:44:00,449 [grpc-default-executor-8] INFO  client.GrpcClientProtocolClient (GrpcClientProtocolClient.java:onNext(264)) - client-F68F3035F915->193495bf-c496-4e24-ad0b-455843e1a269: receive RaftClientReply:client-F68F3035F915->193495bf-c496-4e24-ad0b-455843e1a269@group-CE3B9C89E676, cid=23, SUCCESS, logIndex=9, commits[193495bf-c496-4e24-ad0b-455843e1a269:c10, fd1a6a38-1d12-46a9-943d-422a00bbff87:c8, df3f7b97-e0a2-4b7a-b613-50634e06cc54:c6]
2019-09-17 07:44:00,450 [grpc-default-executor-8] INFO  client.GrpcClientProtocolClient (GrpcClientProtocolClient.java:onNext(264)) - client-F68F3035F915->193495bf-c496-4e24-ad0b-455843e1a269: receive RaftClientReply:client-F68F3035F915->193495bf-c496-4e24-ad0b-455843e1a269@group-CE3B9C89E676, cid=24, SUCCESS, logIndex=10, commits[193495bf-c496-4e24-ad0b-455843e1a269:c10, fd1a6a38-1d12-46a9-943d-422a00bbff87:c8, df3f7b97-e0a2-4b7a-b613-50634e06cc54:c6]
2019-09-17 07:44:00,465 [grpc-default-executor-2] INFO  client.GrpcClientProtocolClient (GrpcClientProtocolClient.java:onNext(264)) - client-F68F3035F915->193495bf-c496-4e24-ad0b-455843e1a269: receive RaftClientReply:client-F68F3035F915->193495bf-c496-4e24-ad0b-455843e1a269@group-CE3B9C89E676, cid=25, SUCCESS, logIndex=11, commits[193495bf-c496-4e24-ad0b-455843e1a269:c12, fd1a6a38-1d12-46a9-943d-422a00bbff87:c8, df3f7b97-e0a2-4b7a-b613-50634e06cc54:c8]
2019-09-17 07:44:00,469 [grpc-default-executor-2] INFO  client.GrpcClientProtocolClient (GrpcClientProtocolClient.java:onNext(264)) - client-F68F3035F915->193495bf-c496-4e24-ad0b-455843e1a269: receive RaftClientReply:client-F68F3035F915->193495bf-c496-4e24-ad0b-455843e1a269@group-CE3B9C89E676, cid=26, SUCCESS, logIndex=12, commits[193495bf-c496-4e24-ad0b-455843e1a269:c13, fd1a6a38-1d12-46a9-943d-422a00bbff87:c9, df3f7b97-e0a2-4b7a-b613-50634e06cc54:c8]
2019-09-17 07:44:00,495 [grpc-default-executor-0] INFO  client.GrpcClientProtocolClient (GrpcClientProtocolClient.java:onNext(264)) - client-F68F3035F915->193495bf-c496-4e24-ad0b-455843e1a269: receive RaftClientReply:client-F68F3035F915->193495bf-c496-4e24-ad0b-455843e1a269@group-CE3B9C89E676, cid=27, SUCCESS, logIndex=0, commits[193495bf-c496-4e24-ad0b-455843e1a269:c16, fd1a6a38-1d12-46a9-943d-422a00bbff87:c12, df3f7b97-e0a2-4b7a-b613-50634e06cc54:c12]
2019-09-17 07:44:00,500 [grpc-default-executor-0] INFO  client.GrpcClientProtocolClient (GrpcClientProtocolClient.java:onNext(264)) - client-F68F3035F915->193495bf-c496-4e24-ad0b-455843e1a269: receive RaftClientReply:client-F68F3035F915->193495bf-c496-4e24-ad0b-455843e1a269@group-CE3B9C89E676, cid=28, SUCCESS, logIndex=0, commits[193495bf-c496-4e24-ad0b-455843e1a269:c16, fd1a6a38-1d12-46a9-943d-422a00bbff87:c12, df3f7b97-e0a2-4b7a-b613-50634e06cc54:c12]
2019-09-17 07:44:00,693 [grpc-default-executor-0] INFO  client.GrpcClientProtocolClient (GrpcClientProtocolClient.java:onNext(264)) - client-69A455D4D0FE->cca845ef-daa9-4965-b848-0a1a0c80ebf1: receive RaftClientReply:client-69A455D4D0FE->cca845ef-daa9-4965-b848-0a1a0c80ebf1@group-EAB0D3E59377, cid=29, SUCCESS, logIndex=1, commits[cca845ef-daa9-4965-b848-0a1a0c80ebf1:c1, a6514a8e-6408-4ac6-93dd-a0b43c53a9d5:c0, 96d93dec-e435-44d3-a97f-c1954b993e4b:c0]
2019-09-17 07:44:00,761 [grpc-default-executor-6] INFO  client.GrpcClientProtocolClient (GrpcClientProtocolClient.java:onNext(264)) - client-69A455D4D0FE->cca845ef-daa9-4965-b848-0a1a0c80ebf1: receive RaftClientReply:client-69A455D4D0FE->cca845ef-daa9-4965-b848-0a1a0c80ebf1@group-EAB0D3E59377, cid=30, SUCCESS, logIndex=3, commits[cca845ef-daa9-4965-b848-0a1a0c80ebf1:c7, a6514a8e-6408-4ac6-93dd-a0b43c53a9d5:c5, 96d93dec-e435-44d3-a97f-c1954b993e4b:c5]
2019-09-17 07:44:00,770 [grpc-default-executor-6] INFO  client.GrpcClientProtocolClient (GrpcClientProtocolClient.java:onNext(264)) - client-69A455D4D0FE->cca845ef-daa9-4965-b848-0a1a0c80ebf1: receive RaftClientReply:client-69A455D4D0FE->cca845ef-daa9-4965-b848-0a1a0c80ebf1@group-EAB0D3E59377, cid=31, SUCCESS, logIndex=4, commits[cca845ef-daa9-4965-b848-0a1a0c80ebf1:c7, a6514a8e-6408-4ac6-93dd-a0b43c53a9d5:c5, 96d93dec-e435-44d3-a97f-c1954b993e4b:c5]
2019-09-17 07:44:00,881 [grpc-default-executor-6] INFO  client.GrpcClientProtocolClient (GrpcClientProtocolClient.java:onNext(264)) - client-69A455D4D0FE->cca845ef-daa9-4965-b848-0a1a0c80ebf1: receive RaftClientReply:client-69A455D4D0FE->cca845ef-daa9-4965-b848-0a1a0c80ebf1@group-EAB0D3E59377, cid=32, SUCCESS, logIndex=5, commits[cca845ef-daa9-4965-b848-0a1a0c80ebf1:c7, a6514a8e-6408-4ac6-93dd-a0b43c53a9d5:c5, 96d93dec-e435-44d3-a97f-c1954b993e4b:c5]
2019-09-17 07:44:00,967 [grpc-default-executor-2] INFO  client.GrpcClientProtocolClient (GrpcClientProtocolClient.java:onNext(264)) - client-69A455D4D0FE->cca845ef-daa9-4965-b848-0a1a0c80ebf1: receive RaftClientReply:client-69A455D4D0FE->cca845ef-daa9-4965-b848-0a1a0c80ebf1@group-EAB0D3E59377, cid=33, SUCCESS, logIndex=8, commits[cca845ef-daa9-4965-b848-0a1a0c80ebf1:c9, a6514a8e-6408-4ac6-93dd-a0b43c53a9d5:c7, 96d93dec-e435-44d3-a97f-c1954b993e4b:c7]
2019-09-17 07:44:00,968 [grpc-default-executor-8] INFO  client.GrpcClientProtocolClient (GrpcClientProtocolClient.java:onNext(264)) - client-69A455D4D0FE->cca845ef-daa9-4965-b848-0a1a0c80ebf1: receive RaftClientReply:client-69A455D4D0FE->cca845ef-daa9-4965-b848-0a1a0c80ebf1@group-EAB0D3E59377, cid=34, SUCCESS, logIndex=9, commits[cca845ef-daa9-4965-b848-0a1a0c80ebf1:c11, a6514a8e-6408-4ac6-93dd-a0b43c53a9d5:c7, 96d93dec-e435-44d3-a97f-c1954b993e4b:c7]
2019-09-17 07:44:00,969 [grpc-default-executor-8] INFO  client.GrpcClientProtocolClient (GrpcClientProtocolClient.java:onNext(264)) - client-69A455D4D0FE->cca845ef-daa9-4965-b848-0a1a0c80ebf1: receive RaftClientReply:client-69A455D4D0FE->cca845ef-daa9-4965-b848-0a1a0c80ebf1@group-EAB0D3E59377, cid=35, SUCCESS, logIndex=10, commits[cca845ef-daa9-4965-b848-0a1a0c80ebf1:c11, a6514a8e-6408-4ac6-93dd-a0b43c53a9d5:c7, 96d93dec-e435-44d3-a97f-c1954b993e4b:c7]
2019-09-17 07:44:00,970 [grpc-default-executor-8] INFO  client.GrpcClientProtocolClient (GrpcClientProtocolClient.java:onNext(264)) - client-69A455D4D0FE->cca845ef-daa9-4965-b848-0a1a0c80ebf1: receive RaftClientReply:client-69A455D4D0FE->cca845ef-daa9-4965-b848-0a1a0c80ebf1@group-EAB0D3E59377, cid=36, SUCCESS, logIndex=11, commits[cca845ef-daa9-4965-b848-0a1a0c80ebf1:c11, a6514a8e-6408-4ac6-93dd-a0b43c53a9d5:c7, 96d93dec-e435-44d3-a97f-c1954b993e4b:c7]
2019-09-17 07:44:00,989 [grpc-default-executor-2] INFO  client.GrpcClientProtocolClient (GrpcClientProtocolClient.java:onNext(264)) - client-69A455D4D0FE->cca845ef-daa9-4965-b848-0a1a0c80ebf1: receive RaftClientReply:client-69A455D4D0FE->cca845ef-daa9-4965-b848-0a1a0c80ebf1@group-EAB0D3E59377, cid=37, SUCCESS, logIndex=0, commits[cca845ef-daa9-4965-b848-0a1a0c80ebf1:c12, a6514a8e-6408-4ac6-93dd-a0b43c53a9d5:c9, 96d93dec-e435-44d3-a97f-c1954b993e4b:c9]
2019-09-17 07:44:00,998 [grpc-default-executor-6] INFO  client.GrpcClientProtocolClient (GrpcClientProtocolClient.java:onNext(264)) - client-69A455D4D0FE->cca845ef-daa9-4965-b848-0a1a0c80ebf1: receive RaftClientReply:client-69A455D4D0FE->cca845ef-daa9-4965-b848-0a1a0c80ebf1@group-EAB0D3E59377, cid=38, SUCCESS, logIndex=0, commits[cca845ef-daa9-4965-b848-0a1a0c80ebf1:c15, a6514a8e-6408-4ac6-93dd-a0b43c53a9d5:c11, 96d93dec-e435-44d3-a97f-c1954b993e4b:c11]
2019-09-17 07:44:04,017 [java.util.concurrent.ThreadPoolExecutor$Worker@7d834fc8[State = -1, empty queue]] WARN  server.GrpcLogAppender (GrpcLogAppender.java:timeoutAppendRequest(200)) - 193495bf-c496-4e24-ad0b-455843e1a269@group-CE3B9C89E676->fd1a6a38-1d12-46a9-943d-422a00bbff87-GrpcLogAppender: appendEntries Timeout, request=193495bf-c496-4e24-ad0b-455843e1a269->fd1a6a38-1d12-46a9-943d-422a00bbff87#19-t2, previous=(t:2, i:16), leaderCommit=16, initializing? false, entries: size=1, first=(t:2, i:17), STATEMACHINELOGENTRY, client-F68F3035F915, cid=39
2019-09-17 07:44:04,017 [java.util.concurrent.ThreadPoolExecutor$Worker@4a5226fb[State = -1, empty queue]] WARN  server.GrpcLogAppender (GrpcLogAppender.java:timeoutAppendRequest(200)) - 193495bf-c496-4e24-ad0b-455843e1a269@group-CE3B9C89E676->df3f7b97-e0a2-4b7a-b613-50634e06cc54-GrpcLogAppender: appendEntries Timeout, request=193495bf-c496-4e24-ad0b-455843e1a269->df3f7b97-e0a2-4b7a-b613-50634e06cc54#19-t2, previous=(t:2, i:16), leaderCommit=16, initializing? false, entries: size=1, first=(t:2, i:17), STATEMACHINELOGENTRY, client-F68F3035F915, cid=39
2019-09-17 07:44:04,022 [java.util.concurrent.ThreadPoolExecutor$Worker@7d834fc8[State = -1, empty queue]] WARN  server.GrpcLogAppender (GrpcLogAppender.java:timeoutAppendRequest(200)) - 193495bf-c496-4e24-ad0b-455843e1a269@group-CE3B9C89E676->fd1a6a38-1d12-46a9-943d-422a00bbff87-GrpcLogAppender: appendEntries Timeout, request=193495bf-c496-4e24-ad0b-455843e1a269->fd1a6a38-1d12-46a9-943d-422a00bbff87#20-t2, previous=(t:2, i:17), leaderCommit=16, initializing? false, entries: size=1, first=(t:2, i:18), STATEMACHINELOGENTRY, client-F68F3035F915, cid=40
2019-09-17 07:44:04,024 [java.util.concurrent.ThreadPoolExecutor$Worker@4a5226fb[State = -1, empty queue]] WARN  server.GrpcLogAppender (GrpcLogAppender.java:timeoutAppendRequest(200)) - 193495bf-c496-4e24-ad0b-455843e1a269@group-CE3B9C89E676->df3f7b97-e0a2-4b7a-b613-50634e06cc54-GrpcLogAppender: appendEntries Timeout, request=193495bf-c496-4e24-ad0b-455843e1a269->df3f7b97-e0a2-4b7a-b613-50634e06cc54#20-t2, previous=(t:2, i:17), leaderCommit=16, initializing? false, entries: size=1, first=(t:2, i:18), STATEMACHINELOGENTRY, client-F68F3035F915, cid=40
2019-09-17 07:44:04,027 [java.util.concurrent.ThreadPoolExecutor$Worker@7d834fc8[State = -1, empty queue]] WARN  server.GrpcLogAppender (GrpcLogAppender.java:timeoutAppendRequest(200)) - 193495bf-c496-4e24-ad0b-455843e1a269@group-CE3B9C89E676->fd1a6a38-1d12-46a9-943d-422a00bbff87-GrpcLogAppender: appendEntries Timeout, request=193495bf-c496-4e24-ad0b-455843e1a269->fd1a6a38-1d12-46a9-943d-422a00bbff87#21-t2, previous=(t:2, i:18), leaderCommit=16, initializing? false, entries: size=1, first=(t:2, i:19), STATEMACHINELOGENTRY, client-F68F3035F915, cid=41
2019-09-17 07:44:04,029 [java.util.concurrent.ThreadPoolExecutor$Worker@4a5226fb[State = -1, empty queue]] WARN  server.GrpcLogAppender (GrpcLogAppender.java:timeoutAppendRequest(200)) - 193495bf-c496-4e24-ad0b-455843e1a269@group-CE3B9C89E676->df3f7b97-e0a2-4b7a-b613-50634e06cc54-GrpcLogAppender: appendEntries Timeout, request=193495bf-c496-4e24-ad0b-455843e1a269->df3f7b97-e0a2-4b7a-b613-50634e06cc54#21-t2, previous=(t:2, i:18), leaderCommit=16, initializing? false, entries: size=1, first=(t:2, i:19), STATEMACHINELOGENTRY, client-F68F3035F915, cid=41
2019-09-17 07:44:04,031 [java.util.concurrent.ThreadPoolExecutor$Worker@7d834fc8[State = -1, empty queue]] WARN  server.GrpcLogAppender (GrpcLogAppender.java:timeoutAppendRequest(200)) - 193495bf-c496-4e24-ad0b-455843e1a269@group-CE3B9C89E676->fd1a6a38-1d12-46a9-943d-422a00bbff87-GrpcLogAppender: appendEntries Timeout, request=193495bf-c496-4e24-ad0b-455843e1a269->fd1a6a38-1d12-46a9-943d-422a00bbff87#22-t2, previous=(t:2, i:19), leaderCommit=16, initializing? false, entries: size=1, first=(t:2, i:20), STATEMACHINELOGENTRY, client-F68F3035F915, cid=42
2019-09-17 07:44:04,040 [java.util.concurrent.ThreadPoolExecutor$Worker@4a5226fb[State = -1, empty queue]] WARN  server.GrpcLogAppender (GrpcLogAppender.java:timeoutAppendRequest(200)) - 193495bf-c496-4e24-ad0b-455843e1a269@group-CE3B9C89E676->df3f7b97-e0a2-4b7a-b613-50634e06cc54-GrpcLogAppender: appendEntries Timeout, request=193495bf-c496-4e24-ad0b-455843e1a269->df3f7b97-e0a2-4b7a-b613-50634e06cc54#22-t2, previous=(t:2, i:19), leaderCommit=16, initializing? false, entries: size=1, first=(t:2, i:20), STATEMACHINELOGENTRY, client-F68F3035F915, cid=42
2019-09-17 07:44:04,524 [java.util.concurrent.ThreadPoolExecutor$Worker@7d834fc8[State = -1, empty queue]] WARN  server.GrpcLogAppender (GrpcLogAppender.java:timeoutAppendRequest(200)) - 193495bf-c496-4e24-ad0b-455843e1a269@group-CE3B9C89E676->fd1a6a38-1d12-46a9-943d-422a00bbff87-GrpcLogAppender: appendEntries Timeout, request=193495bf-c496-4e24-ad0b-455843e1a269->fd1a6a38-1d12-46a9-943d-422a00bbff87#23-t2, previous=(t:2, i:20), leaderCommit=16, initializing? false, entries: <empty>
2019-09-17 07:44:04,527 [java.util.concurrent.ThreadPoolExecutor$Worker@4a5226fb[State = -1, empty queue]] WARN  server.GrpcLogAppender (GrpcLogAppender.java:timeoutAppendRequest(200)) - 193495bf-c496-4e24-ad0b-455843e1a269@group-CE3B9C89E676->df3f7b97-e0a2-4b7a-b613-50634e06cc54-GrpcLogAppender: appendEntries Timeout, request=193495bf-c496-4e24-ad0b-455843e1a269->df3f7b97-e0a2-4b7a-b613-50634e06cc54#23-t2, previous=(t:2, i:20), leaderCommit=16, initializing? false, entries: <empty>
2019-09-17 07:44:05,025 [java.util.concurrent.ThreadPoolExecutor$Worker@7d834fc8[State = -1, empty queue]] WARN  server.GrpcLogAppender (GrpcLogAppender.java:timeoutAppendRequest(200)) - 193495bf-c496-4e24-ad0b-455843e1a269@group-CE3B9C89E676->fd1a6a38-1d12-46a9-943d-422a00bbff87-GrpcLogAppender: appendEntries Timeout, request=193495bf-c496-4e24-ad0b-455843e1a269->fd1a6a38-1d12-46a9-943d-422a00bbff87#24-t2, previous=(t:2, i:20), leaderCommit=16, initializing? false, entries: <empty>
2019-09-17 07:44:05,025 [java.util.concurrent.ThreadPoolExecutor$Worker@4a5226fb[State = -1, empty queue]] WARN  server.GrpcLogAppender (GrpcLogAppender.java:timeoutAppendRequest(200)) - 193495bf-c496-4e24-ad0b-455843e1a269@group-CE3B9C89E676->df3f7b97-e0a2-4b7a-b613-50634e06cc54-GrpcLogAppender: appendEntries Timeout, request=193495bf-c496-4e24-ad0b-455843e1a269->df3f7b97-e0a2-4b7a-b613-50634e06cc54#24-t2, previous=(t:2, i:20), leaderCommit=16, initializing? false, entries: <empty>
2019-09-17 07:44:05,526 [java.util.concurrent.ThreadPoolExecutor$Worker@7d834fc8[State = -1, empty queue]] WARN  server.GrpcLogAppender (GrpcLogAppender.java:timeoutAppendRequest(200)) - 193495bf-c496-4e24-ad0b-455843e1a269@group-CE3B9C89E676->fd1a6a38-1d12-46a9-943d-422a00bbff87-GrpcLogAppender: appendEntries Timeout, request=193495bf-c496-4e24-ad0b-455843e1a269->fd1a6a38-1d12-46a9-943d-422a00bbff87#25-t2, previous=(t:2, i:20), leaderCommit=16, initializing? false, entries: <empty>
2019-09-17 07:44:05,526 [java.util.concurrent.ThreadPoolExecutor$Worker@4a5226fb[State = -1, empty queue]] WARN  server.GrpcLogAppender (GrpcLogAppender.java:timeoutAppendRequest(200)) - 193495bf-c496-4e24-ad0b-455843e1a269@group-CE3B9C89E676->df3f7b97-e0a2-4b7a-b613-50634e06cc54-GrpcLogAppender: appendEntries Timeout, request=193495bf-c496-4e24-ad0b-455843e1a269->df3f7b97-e0a2-4b7a-b613-50634e06cc54#25-t2, previous=(t:2, i:20), leaderCommit=16, initializing? false, entries: <empty>
2019-09-17 07:44:06,026 [java.util.concurrent.ThreadPoolExecutor$Worker@7d834fc8[State = -1, empty queue]] WARN  server.GrpcLogAppender (GrpcLogAppender.java:timeoutAppendRequest(200)) - 193495bf-c496-4e24-ad0b-455843e1a269@group-CE3B9C89E676->fd1a6a38-1d12-46a9-943d-422a00bbff87-GrpcLogAppender: appendEntries Timeout, request=193495bf-c496-4e24-ad0b-455843e1a269->fd1a6a38-1d12-46a9-943d-422a00bbff87#26-t2, previous=(t:2, i:20), leaderCommit=16, initializing? false, entries: <empty>
2019-09-17 07:44:06,026 [java.util.concurrent.ThreadPoolExecutor$Worker@4a5226fb[State = -1, empty queue]] WARN  server.GrpcLogAppender (GrpcLogAppender.java:timeoutAppendRequest(200)) - 193495bf-c496-4e24-ad0b-455843e1a269@group-CE3B9C89E676->df3f7b97-e0a2-4b7a-b613-50634e06cc54-GrpcLogAppender: appendEntries Timeout, request=193495bf-c496-4e24-ad0b-455843e1a269->df3f7b97-e0a2-4b7a-b613-50634e06cc54#26-t2, previous=(t:2, i:20), leaderCommit=16, initializing? false, entries: <empty>
2019-09-17 07:44:06,099 [grpc-default-executor-6] INFO  client.GrpcClientProtocolClient (GrpcClientProtocolClient.java:onNext(264)) - client-F68F3035F915->df3f7b97-e0a2-4b7a-b613-50634e06cc54: receive RaftClientReply:client-F68F3035F915->df3f7b97-e0a2-4b7a-b613-50634e06cc54@group-CE3B9C89E676, cid=39, FAILED org.apache.ratis.protocol.NotLeaderException: Server df3f7b97-e0a2-4b7a-b613-50634e06cc54@group-CE3B9C89E676 is not the leader 193495bf-c496-4e24-ad0b-455843e1a269:192.168.151.112:44913, logIndex=0, commits[df3f7b97-e0a2-4b7a-b613-50634e06cc54:c16, 193495bf-c496-4e24-ad0b-455843e1a269:c16, fd1a6a38-1d12-46a9-943d-422a00bbff87:c16]
2019-09-17 07:44:06,526 [java.util.concurrent.ThreadPoolExecutor$Worker@7d834fc8[State = -1, empty queue]] WARN  server.GrpcLogAppender (GrpcLogAppender.java:timeoutAppendRequest(200)) - 193495bf-c496-4e24-ad0b-455843e1a269@group-CE3B9C89E676->fd1a6a38-1d12-46a9-943d-422a00bbff87-GrpcLogAppender: appendEntries Timeout, request=193495bf-c496-4e24-ad0b-455843e1a269->fd1a6a38-1d12-46a9-943d-422a00bbff87#27-t2, previous=(t:2, i:20), leaderCommit=16, initializing? false, entries: <empty>
2019-09-17 07:44:06,526 [java.util.concurrent.ThreadPoolExecutor$Worker@4a5226fb[State = -1, empty queue]] WARN  server.GrpcLogAppender (GrpcLogAppender.java:timeoutAppendRequest(200)) - 193495bf-c496-4e24-ad0b-455843e1a269@group-CE3B9C89E676->df3f7b97-e0a2-4b7a-b613-50634e06cc54-GrpcLogAppender: appendEntries Timeout, request=193495bf-c496-4e24-ad0b-455843e1a269->df3f7b97-e0a2-4b7a-b613-50634e06cc54#27-t2, previous=(t:2, i:20), leaderCommit=16, initializing? false, entries: <empty>
2019-09-17 07:44:07,030 [java.util.concurrent.ThreadPoolExecutor$Worker@7d834fc8[State = -1, empty queue]] WARN  server.GrpcLogAppender (GrpcLogAppender.java:timeoutAppendRequest(200)) - 193495bf-c496-4e24-ad0b-455843e1a269@group-CE3B9C89E676->fd1a6a38-1d12-46a9-943d-422a00bbff87-GrpcLogAppender: appendEntries Timeout, request=193495bf-c496-4e24-ad0b-455843e1a269->fd1a6a38-1d12-46a9-943d-422a00bbff87#28-t2, previous=(t:2, i:20), leaderCommit=16, initializing? false, entries: <empty>
2019-09-17 07:44:07,032 [java.util.concurrent.ThreadPoolExecutor$Worker@4a5226fb[State = -1, empty queue]] WARN  server.GrpcLogAppender (GrpcLogAppender.java:timeoutAppendRequest(200)) - 193495bf-c496-4e24-ad0b-455843e1a269@group-CE3B9C89E676->df3f7b97-e0a2-4b7a-b613-50634e06cc54-GrpcLogAppender: appendEntries Timeout, request=193495bf-c496-4e24-ad0b-455843e1a269->df3f7b97-e0a2-4b7a-b613-50634e06cc54#28-t2, previous=(t:2, i:20), leaderCommit=16, initializing? false, entries: <empty>
2019-09-17 07:44:07,532 [java.util.concurrent.ThreadPoolExecutor$Worker@4a5226fb[State = -1, empty queue]] WARN  server.GrpcLogAppender (GrpcLogAppender.java:timeoutAppendRequest(200)) - 193495bf-c496-4e24-ad0b-455843e1a269@group-CE3B9C89E676->df3f7b97-e0a2-4b7a-b613-50634e06cc54-GrpcLogAppender: appendEntries Timeout, request=193495bf-c496-4e24-ad0b-455843e1a269->df3f7b97-e0a2-4b7a-b613-50634e06cc54#29-t2, previous=(t:2, i:20), leaderCommit=16, initializing? false, entries: <empty>
2019-09-17 07:44:07,540 [java.util.concurrent.ThreadPoolExecutor$Worker@7d834fc8[State = -1, empty queue]] WARN  server.GrpcLogAppender (GrpcLogAppender.java:timeoutAppendRequest(200)) - 193495bf-c496-4e24-ad0b-455843e1a269@group-CE3B9C89E676->fd1a6a38-1d12-46a9-943d-422a00bbff87-GrpcLogAppender: appendEntries Timeout, request=193495bf-c496-4e24-ad0b-455843e1a269->fd1a6a38-1d12-46a9-943d-422a00bbff87#29-t2, previous=(t:2, i:20), leaderCommit=16, initializing? false, entries: <empty>
2019-09-17 07:44:08,033 [java.util.concurrent.ThreadPoolExecutor$Worker@4a5226fb[State = -1, empty queue]] WARN  server.GrpcLogAppender (GrpcLogAppender.java:timeoutAppendRequest(200)) - 193495bf-c496-4e24-ad0b-455843e1a269@group-CE3B9C89E676->df3f7b97-e0a2-4b7a-b613-50634e06cc54-GrpcLogAppender: appendEntries Timeout, request=193495bf-c496-4e24-ad0b-455843e1a269->df3f7b97-e0a2-4b7a-b613-50634e06cc54#30-t2, previous=(t:2, i:20), leaderCommit=16, initializing? false, entries: <empty>
2019-09-17 07:44:08,041 [java.util.concurrent.ThreadPoolExecutor$Worker@7d834fc8[State = -1, empty queue]] WARN  server.GrpcLogAppender (GrpcLogAppender.java:timeoutAppendRequest(200)) - 193495bf-c496-4e24-ad0b-455843e1a269@group-CE3B9C89E676->fd1a6a38-1d12-46a9-943d-422a00bbff87-GrpcLogAppender: appendEntries Timeout, request=193495bf-c496-4e24-ad0b-455843e1a269->fd1a6a38-1d12-46a9-943d-422a00bbff87#30-t2, previous=(t:2, i:20), leaderCommit=16, initializing? false, entries: <empty>
2019-09-17 07:44:08,534 [java.util.concurrent.ThreadPoolExecutor$Worker@4a5226fb[State = -1, empty queue]] WARN  server.GrpcLogAppender (GrpcLogAppender.java:timeoutAppendRequest(200)) - 193495bf-c496-4e24-ad0b-455843e1a269@group-CE3B9C89E676->df3f7b97-e0a2-4b7a-b613-50634e06cc54-GrpcLogAppender: appendEntries Timeout, request=193495bf-c496-4e24-ad0b-455843e1a269->df3f7b97-e0a2-4b7a-b613-50634e06cc54#31-t2, previous=(t:2, i:20), leaderCommit=16, initializing? false, entries: <empty>
2019-09-17 07:44:08,542 [java.util.concurrent.ThreadPoolExecutor$Worker@7d834fc8[State = -1, empty queue]] WARN  server.GrpcLogAppender (GrpcLogAppender.java:timeoutAppendRequest(200)) - 193495bf-c496-4e24-ad0b-455843e1a269@group-CE3B9C89E676->fd1a6a38-1d12-46a9-943d-422a00bbff87-GrpcLogAppender: appendEntries Timeout, request=193495bf-c496-4e24-ad0b-455843e1a269->fd1a6a38-1d12-46a9-943d-422a00bbff87#31-t2, previous=(t:2, i:20), leaderCommit=16, initializing? false, entries: <empty>
2019-09-17 07:44:09,034 [java.util.concurrent.ThreadPoolExecutor$Worker@4a5226fb[State = -1, empty queue]] WARN  server.GrpcLogAppender (GrpcLogAppender.java:timeoutAppendRequest(200)) - 193495bf-c496-4e24-ad0b-455843e1a269@group-CE3B9C89E676->df3f7b97-e0a2-4b7a-b613-50634e06cc54-GrpcLogAppender: appendEntries Timeout, request=193495bf-c496-4e24-ad0b-455843e1a269->df3f7b97-e0a2-4b7a-b613-50634e06cc54#32-t2, previous=(t:2, i:20), leaderCommit=16, initializing? false, entries: <empty>
2019-09-17 07:44:09,041 [java.util.concurrent.ThreadPoolExecutor$Worker@7d834fc8[State = -1, empty queue]] WARN  server.GrpcLogAppender (GrpcLogAppender.java:timeoutAppendRequest(200)) - 193495bf-c496-4e24-ad0b-455843e1a269@group-CE3B9C89E676->fd1a6a38-1d12-46a9-943d-422a00bbff87-GrpcLogAppender: appendEntries Timeout, request=193495bf-c496-4e24-ad0b-455843e1a269->fd1a6a38-1d12-46a9-943d-422a00bbff87#32-t2, previous=(t:2, i:20), leaderCommit=16, initializing? false, entries: <empty>
2019-09-17 07:44:09,535 [java.util.concurrent.ThreadPoolExecutor$Worker@4a5226fb[State = -1, empty queue]] WARN  server.GrpcLogAppender (GrpcLogAppender.java:timeoutAppendRequest(200)) - 193495bf-c496-4e24-ad0b-455843e1a269@group-CE3B9C89E676->df3f7b97-e0a2-4b7a-b613-50634e06cc54-GrpcLogAppender: appendEntries Timeout, request=193495bf-c496-4e24-ad0b-455843e1a269->df3f7b97-e0a2-4b7a-b613-50634e06cc54#33-t2, previous=(t:2, i:20), leaderCommit=16, initializing? false, entries: <empty>
2019-09-17 07:44:09,542 [java.util.concurrent.ThreadPoolExecutor$Worker@7d834fc8[State = -1, empty queue]] WARN  server.GrpcLogAppender (GrpcLogAppender.java:timeoutAppendRequest(200)) - 193495bf-c496-4e24-ad0b-455843e1a269@group-CE3B9C89E676->fd1a6a38-1d12-46a9-943d-422a00bbff87-GrpcLogAppender: appendEntries Timeout, request=193495bf-c496-4e24-ad0b-455843e1a269->fd1a6a38-1d12-46a9-943d-422a00bbff87#33-t2, previous=(t:2, i:20), leaderCommit=16, initializing? false, entries: <empty>
2019-09-17 07:44:10,035 [java.util.concurrent.ThreadPoolExecutor$Worker@4a5226fb[State = -1, empty queue]] WARN  server.GrpcLogAppender (GrpcLogAppender.java:timeoutAppendRequest(200)) - 193495bf-c496-4e24-ad0b-455843e1a269@group-CE3B9C89E676->df3f7b97-e0a2-4b7a-b613-50634e06cc54-GrpcLogAppender: appendEntries Timeout, request=193495bf-c496-4e24-ad0b-455843e1a269->df3f7b97-e0a2-4b7a-b613-50634e06cc54#34-t2, previous=(t:2, i:20), leaderCommit=16, initializing? false, entries: <empty>
2019-09-17 07:44:10,042 [java.util.concurrent.ThreadPoolExecutor$Worker@7d834fc8[State = -1, empty queue]] WARN  server.GrpcLogAppender (GrpcLogAppender.java:timeoutAppendRequest(200)) - 193495bf-c496-4e24-ad0b-455843e1a269@group-CE3B9C89E676->fd1a6a38-1d12-46a9-943d-422a00bbff87-GrpcLogAppender: appendEntries Timeout, request=193495bf-c496-4e24-ad0b-455843e1a269->fd1a6a38-1d12-46a9-943d-422a00bbff87#34-t2, previous=(t:2, i:20), leaderCommit=16, initializing? false, entries: <empty>
2019-09-17 07:44:10,536 [java.util.concurrent.ThreadPoolExecutor$Worker@4a5226fb[State = -1, empty queue]] WARN  server.GrpcLogAppender (GrpcLogAppender.java:timeoutAppendRequest(200)) - 193495bf-c496-4e24-ad0b-455843e1a269@group-CE3B9C89E676->df3f7b97-e0a2-4b7a-b613-50634e06cc54-GrpcLogAppender: appendEntries Timeout, request=193495bf-c496-4e24-ad0b-455843e1a269->df3f7b97-e0a2-4b7a-b613-50634e06cc54#35-t2, previous=(t:2, i:20), leaderCommit=16, initializing? false, entries: <empty>
2019-09-17 07:44:10,543 [java.util.concurrent.ThreadPoolExecutor$Worker@7d834fc8[State = -1, empty queue]] WARN  server.GrpcLogAppender (GrpcLogAppender.java:timeoutAppendRequest(200)) - 193495bf-c496-4e24-ad0b-455843e1a269@group-CE3B9C89E676->fd1a6a38-1d12-46a9-943d-422a00bbff87-GrpcLogAppender: appendEntries Timeout, request=193495bf-c496-4e24-ad0b-455843e1a269->fd1a6a38-1d12-46a9-943d-422a00bbff87#35-t2, previous=(t:2, i:20), leaderCommit=16, initializing? false, entries: <empty>
2019-09-17 07:44:11,036 [java.util.concurrent.ThreadPoolExecutor$Worker@4a5226fb[State = -1, empty queue]] WARN  server.GrpcLogAppender (GrpcLogAppender.java:timeoutAppendRequest(200)) - 193495bf-c496-4e24-ad0b-455843e1a269@group-CE3B9C89E676->df3f7b97-e0a2-4b7a-b613-50634e06cc54-GrpcLogAppender: appendEntries Timeout, request=193495bf-c496-4e24-ad0b-455843e1a269->df3f7b97-e0a2-4b7a-b613-50634e06cc54#36-t2, previous=(t:2, i:20), leaderCommit=16, initializing? false, entries: <empty>
2019-09-17 07:44:11,043 [java.util.concurrent.ThreadPoolExecutor$Worker@7d834fc8[State = -1, empty queue]] WARN  server.GrpcLogAppender (GrpcLogAppender.java:timeoutAppendRequest(200)) - 193495bf-c496-4e24-ad0b-455843e1a269@group-CE3B9C89E676->fd1a6a38-1d12-46a9-943d-422a00bbff87-GrpcLogAppender: appendEntries Timeout, request=193495bf-c496-4e24-ad0b-455843e1a269->fd1a6a38-1d12-46a9-943d-422a00bbff87#36-t2, previous=(t:2, i:20), leaderCommit=16, initializing? false, entries: <empty>
2019-09-17 07:44:11,144 [fd1a6a38-1d12-46a9-943d-422a00bbff87@group-CE3B9C89E676-SegmentedRaftLogWorker] WARN  segmented.SegmentedRaftLogWorker (SegmentedRaftLogWorker.java:getFromFuture(90)) - Timeout 0/~
org.apache.ratis.protocol.TimeoutIOException: Timeout 10s: WriteLog:19: (t:2, i:19), STATEMACHINELOGENTRY, client-F68F3035F915, cid=41-writeStateMachineData
	at org.apache.ratis.util.IOUtils.getFromFuture(IOUtils.java:87)
	at org.apache.ratis.server.raftlog.segmented.SegmentedRaftLogWorker$StateMachineDataPolicy.getFromFuture(SegmentedRaftLogWorker.java:87)
	at org.apache.ratis.server.raftlog.segmented.SegmentedRaftLogWorker$WriteLog.execute(SegmentedRaftLogWorker.java:477)
	at org.apache.ratis.server.raftlog.segmented.SegmentedRaftLogWorker.run(SegmentedRaftLogWorker.java:289)
	at java.lang.Thread.run(Thread.java:748)
Caused by: java.util.concurrent.TimeoutException
	at java.util.concurrent.CompletableFuture.timedGet(CompletableFuture.java:1771)
	at java.util.concurrent.CompletableFuture.get(CompletableFuture.java:1915)
	at org.apache.ratis.util.IOUtils.getFromFuture(IOUtils.java:79)
	... 4 more
2019-09-17 07:44:11,144 [df3f7b97-e0a2-4b7a-b613-50634e06cc54@group-CE3B9C89E676-SegmentedRaftLogWorker] WARN  segmented.SegmentedRaftLogWorker (SegmentedRaftLogWorker.java:getFromFuture(90)) - Timeout 0/~
org.apache.ratis.protocol.TimeoutIOException: Timeout 10s: WriteLog:19: (t:2, i:19), STATEMACHINELOGENTRY, client-F68F3035F915, cid=41-writeStateMachineData
	at org.apache.ratis.util.IOUtils.getFromFuture(IOUtils.java:87)
	at org.apache.ratis.server.raftlog.segmented.SegmentedRaftLogWorker$StateMachineDataPolicy.getFromFuture(SegmentedRaftLogWorker.java:87)
	at org.apache.ratis.server.raftlog.segmented.SegmentedRaftLogWorker$WriteLog.execute(SegmentedRaftLogWorker.java:477)
	at org.apache.ratis.server.raftlog.segmented.SegmentedRaftLogWorker.run(SegmentedRaftLogWorker.java:289)
	at java.lang.Thread.run(Thread.java:748)
Caused by: java.util.concurrent.TimeoutException
	at java.util.concurrent.CompletableFuture.timedGet(CompletableFuture.java:1771)
	at java.util.concurrent.CompletableFuture.get(CompletableFuture.java:1915)
	at org.apache.ratis.util.IOUtils.getFromFuture(IOUtils.java:79)
	... 4 more
2019-09-17 07:44:11,144 [193495bf-c496-4e24-ad0b-455843e1a269@group-CE3B9C89E676-SegmentedRaftLogWorker] WARN  segmented.SegmentedRaftLogWorker (SegmentedRaftLogWorker.java:getFromFuture(90)) - Timeout 0/~
org.apache.ratis.protocol.TimeoutIOException: Timeout 10s: WriteLog:19: (t:2, i:19), STATEMACHINELOGENTRY, client-F68F3035F915, cid=41-writeStateMachineData
	at org.apache.ratis.util.IOUtils.getFromFuture(IOUtils.java:87)
	at org.apache.ratis.server.raftlog.segmented.SegmentedRaftLogWorker$StateMachineDataPolicy.getFromFuture(SegmentedRaftLogWorker.java:87)
	at org.apache.ratis.server.raftlog.segmented.SegmentedRaftLogWorker$WriteLog.execute(SegmentedRaftLogWorker.java:477)
	at org.apache.ratis.server.raftlog.segmented.SegmentedRaftLogWorker.run(SegmentedRaftLogWorker.java:289)
	at java.lang.Thread.run(Thread.java:748)
Caused by: java.util.concurrent.TimeoutException
	at java.util.concurrent.CompletableFuture.timedGet(CompletableFuture.java:1771)
	at java.util.concurrent.CompletableFuture.get(CompletableFuture.java:1915)
	at org.apache.ratis.util.IOUtils.getFromFuture(IOUtils.java:79)
	... 4 more
2019-09-17 07:44:11,170 [grpc-default-executor-6] INFO  client.GrpcClientProtocolClient (GrpcClientProtocolClient.java:onNext(264)) - client-F68F3035F915->df3f7b97-e0a2-4b7a-b613-50634e06cc54: receive RaftClientReply:client-F68F3035F915->df3f7b97-e0a2-4b7a-b613-50634e06cc54@group-CE3B9C89E676, cid=39, FAILED org.apache.ratis.protocol.NotLeaderException: Server df3f7b97-e0a2-4b7a-b613-50634e06cc54@group-CE3B9C89E676 is not the leader 193495bf-c496-4e24-ad0b-455843e1a269:192.168.151.112:44913, logIndex=0, commits[df3f7b97-e0a2-4b7a-b613-50634e06cc54:c16, 193495bf-c496-4e24-ad0b-455843e1a269:c16, fd1a6a38-1d12-46a9-943d-422a00bbff87:c16]
2019-09-17 07:44:11,537 [java.util.concurrent.ThreadPoolExecutor$Worker@4a5226fb[State = -1, empty queue]] WARN  server.GrpcLogAppender (GrpcLogAppender.java:timeoutAppendRequest(200)) - 193495bf-c496-4e24-ad0b-455843e1a269@group-CE3B9C89E676->df3f7b97-e0a2-4b7a-b613-50634e06cc54-GrpcLogAppender: appendEntries Timeout, request=193495bf-c496-4e24-ad0b-455843e1a269->df3f7b97-e0a2-4b7a-b613-50634e06cc54#37-t2, previous=(t:2, i:20), leaderCommit=16, initializing? false, entries: <empty>
2019-09-17 07:44:11,546 [java.util.concurrent.ThreadPoolExecutor$Worker@7d834fc8[State = -1, empty queue]] WARN  server.GrpcLogAppender (GrpcLogAppender.java:timeoutAppendRequest(200)) - 193495bf-c496-4e24-ad0b-455843e1a269@group-CE3B9C89E676->fd1a6a38-1d12-46a9-943d-422a00bbff87-GrpcLogAppender: appendEntries Timeout, request=193495bf-c496-4e24-ad0b-455843e1a269->fd1a6a38-1d12-46a9-943d-422a00bbff87#37-t2, previous=(t:2, i:20), leaderCommit=16, initializing? false, entries: <empty>
2019-09-17 07:44:12,038 [java.util.concurrent.ThreadPoolExecutor$Worker@4a5226fb[State = -1, empty queue]] WARN  server.GrpcLogAppender (GrpcLogAppender.java:timeoutAppendRequest(200)) - 193495bf-c496-4e24-ad0b-455843e1a269@group-CE3B9C89E676->df3f7b97-e0a2-4b7a-b613-50634e06cc54-GrpcLogAppender: appendEntries Timeout, request=193495bf-c496-4e24-ad0b-455843e1a269->df3f7b97-e0a2-4b7a-b613-50634e06cc54#38-t2, previous=(t:2, i:20), leaderCommit=16, initializing? false, entries: <empty>
2019-09-17 07:44:12,047 [java.util.concurrent.ThreadPoolExecutor$Worker@7d834fc8[State = -1, empty queue]] WARN  server.GrpcLogAppender (GrpcLogAppender.java:timeoutAppendRequest(200)) - 193495bf-c496-4e24-ad0b-455843e1a269@group-CE3B9C89E676->fd1a6a38-1d12-46a9-943d-422a00bbff87-GrpcLogAppender: appendEntries Timeout, request=193495bf-c496-4e24-ad0b-455843e1a269->fd1a6a38-1d12-46a9-943d-422a00bbff87#38-t2, previous=(t:2, i:20), leaderCommit=16, initializing? false, entries: <empty>
2019-09-17 07:44:12,538 [java.util.concurrent.ThreadPoolExecutor$Worker@4a5226fb[State = -1, empty queue]] WARN  server.GrpcLogAppender (GrpcLogAppender.java:timeoutAppendRequest(200)) - 193495bf-c496-4e24-ad0b-455843e1a269@group-CE3B9C89E676->df3f7b97-e0a2-4b7a-b613-50634e06cc54-GrpcLogAppender: appendEntries Timeout, request=193495bf-c496-4e24-ad0b-455843e1a269->df3f7b97-e0a2-4b7a-b613-50634e06cc54#39-t2, previous=(t:2, i:20), leaderCommit=16, initializing? false, entries: <empty>
2019-09-17 07:44:12,547 [java.util.concurrent.ThreadPoolExecutor$Worker@7d834fc8[State = -1, empty queue]] WARN  server.GrpcLogAppender (GrpcLogAppender.java:timeoutAppendRequest(200)) - 193495bf-c496-4e24-ad0b-455843e1a269@group-CE3B9C89E676->fd1a6a38-1d12-46a9-943d-422a00bbff87-GrpcLogAppender: appendEntries Timeout, request=193495bf-c496-4e24-ad0b-455843e1a269->fd1a6a38-1d12-46a9-943d-422a00bbff87#39-t2, previous=(t:2, i:20), leaderCommit=16, initializing? false, entries: <empty>
2019-09-17 07:44:13,038 [java.util.concurrent.ThreadPoolExecutor$Worker@4a5226fb[State = -1, empty queue]] WARN  server.GrpcLogAppender (GrpcLogAppender.java:timeoutAppendRequest(200)) - 193495bf-c496-4e24-ad0b-455843e1a269@group-CE3B9C89E676->df3f7b97-e0a2-4b7a-b613-50634e06cc54-GrpcLogAppender: appendEntries Timeout, request=193495bf-c496-4e24-ad0b-455843e1a269->df3f7b97-e0a2-4b7a-b613-50634e06cc54#40-t2, previous=(t:2, i:20), leaderCommit=16, initializing? false, entries: <empty>
2019-09-17 07:44:13,048 [java.util.concurrent.ThreadPoolExecutor$Worker@7d834fc8[State = -1, empty queue]] WARN  server.GrpcLogAppender (GrpcLogAppender.java:timeoutAppendRequest(200)) - 193495bf-c496-4e24-ad0b-455843e1a269@group-CE3B9C89E676->fd1a6a38-1d12-46a9-943d-422a00bbff87-GrpcLogAppender: appendEntries Timeout, request=193495bf-c496-4e24-ad0b-455843e1a269->fd1a6a38-1d12-46a9-943d-422a00bbff87#40-t2, previous=(t:2, i:20), leaderCommit=16, initializing? false, entries: <empty>
2019-09-17 07:44:13,539 [java.util.concurrent.ThreadPoolExecutor$Worker@4a5226fb[State = -1, empty queue]] WARN  server.GrpcLogAppender (GrpcLogAppender.java:timeoutAppendRequest(200)) - 193495bf-c496-4e24-ad0b-455843e1a269@group-CE3B9C89E676->df3f7b97-e0a2-4b7a-b613-50634e06cc54-GrpcLogAppender: appendEntries Timeout, request=193495bf-c496-4e24-ad0b-455843e1a269->df3f7b97-e0a2-4b7a-b613-50634e06cc54#41-t2, previous=(t:2, i:20), leaderCommit=16, initializing? false, entries: <empty>
2019-09-17 07:44:13,548 [java.util.concurrent.ThreadPoolExecutor$Worker@7d834fc8[State = -1, empty queue]] WARN  server.GrpcLogAppender (GrpcLogAppender.java:timeoutAppendRequest(200)) - 193495bf-c496-4e24-ad0b-455843e1a269@group-CE3B9C89E676->fd1a6a38-1d12-46a9-943d-422a00bbff87-GrpcLogAppender: appendEntries Timeout, request=193495bf-c496-4e24-ad0b-455843e1a269->fd1a6a38-1d12-46a9-943d-422a00bbff87#41-t2, previous=(t:2, i:20), leaderCommit=16, initializing? false, entries: <empty>
2019-09-17 07:44:14,039 [java.util.concurrent.ThreadPoolExecutor$Worker@4a5226fb[State = -1, empty queue]] WARN  server.GrpcLogAppender (GrpcLogAppender.java:timeoutAppendRequest(200)) - 193495bf-c496-4e24-ad0b-455843e1a269@group-CE3B9C89E676->df3f7b97-e0a2-4b7a-b613-50634e06cc54-GrpcLogAppender: appendEntries Timeout, request=193495bf-c496-4e24-ad0b-455843e1a269->df3f7b97-e0a2-4b7a-b613-50634e06cc54#42-t2, previous=(t:2, i:20), leaderCommit=16, initializing? false, entries: <empty>
2019-09-17 07:44:14,049 [java.util.concurrent.ThreadPoolExecutor$Worker@7d834fc8[State = -1, empty queue]] WARN  server.GrpcLogAppender (GrpcLogAppender.java:timeoutAppendRequest(200)) - 193495bf-c496-4e24-ad0b-455843e1a269@group-CE3B9C89E676->fd1a6a38-1d12-46a9-943d-422a00bbff87-GrpcLogAppender: appendEntries Timeout, request=193495bf-c496-4e24-ad0b-455843e1a269->fd1a6a38-1d12-46a9-943d-422a00bbff87#42-t2, previous=(t:2, i:20), leaderCommit=16, initializing? false, entries: <empty>
2019-09-17 07:44:14,540 [java.util.concurrent.ThreadPoolExecutor$Worker@4a5226fb[State = -1, empty queue]] WARN  server.GrpcLogAppender (GrpcLogAppender.java:timeoutAppendRequest(200)) - 193495bf-c496-4e24-ad0b-455843e1a269@group-CE3B9C89E676->df3f7b97-e0a2-4b7a-b613-50634e06cc54-GrpcLogAppender: appendEntries Timeout, request=193495bf-c496-4e24-ad0b-455843e1a269->df3f7b97-e0a2-4b7a-b613-50634e06cc54#43-t2, previous=(t:2, i:20), leaderCommit=16, initializing? false, entries: <empty>
2019-09-17 07:44:14,550 [java.util.concurrent.ThreadPoolExecutor$Worker@7d834fc8[State = -1, empty queue]] WARN  server.GrpcLogAppender (GrpcLogAppender.java:timeoutAppendRequest(200)) - 193495bf-c496-4e24-ad0b-455843e1a269@group-CE3B9C89E676->fd1a6a38-1d12-46a9-943d-422a00bbff87-GrpcLogAppender: appendEntries Timeout, request=193495bf-c496-4e24-ad0b-455843e1a269->fd1a6a38-1d12-46a9-943d-422a00bbff87#43-t2, previous=(t:2, i:20), leaderCommit=16, initializing? false, entries: <empty>
2019-09-17 07:44:15,040 [java.util.concurrent.ThreadPoolExecutor$Worker@4a5226fb[State = -1, empty queue]] WARN  server.GrpcLogAppender (GrpcLogAppender.java:timeoutAppendRequest(200)) - 193495bf-c496-4e24-ad0b-455843e1a269@group-CE3B9C89E676->df3f7b97-e0a2-4b7a-b613-50634e06cc54-GrpcLogAppender: appendEntries Timeout, request=193495bf-c496-4e24-ad0b-455843e1a269->df3f7b97-e0a2-4b7a-b613-50634e06cc54#44-t2, previous=(t:2, i:20), leaderCommit=16, initializing? false, entries: <empty>
2019-09-17 07:44:15,050 [java.util.concurrent.ThreadPoolExecutor$Worker@7d834fc8[State = -1, empty queue]] WARN  server.GrpcLogAppender (GrpcLogAppender.java:timeoutAppendRequest(200)) - 193495bf-c496-4e24-ad0b-455843e1a269@group-CE3B9C89E676->fd1a6a38-1d12-46a9-943d-422a00bbff87-GrpcLogAppender: appendEntries Timeout, request=193495bf-c496-4e24-ad0b-455843e1a269->fd1a6a38-1d12-46a9-943d-422a00bbff87#44-t2, previous=(t:2, i:20), leaderCommit=16, initializing? false, entries: <empty>
2019-09-17 07:44:15,541 [java.util.concurrent.ThreadPoolExecutor$Worker@4a5226fb[State = -1, empty queue]] WARN  server.GrpcLogAppender (GrpcLogAppender.java:timeoutAppendRequest(200)) - 193495bf-c496-4e24-ad0b-455843e1a269@group-CE3B9C89E676->df3f7b97-e0a2-4b7a-b613-50634e06cc54-GrpcLogAppender: appendEntries Timeout, request=193495bf-c496-4e24-ad0b-455843e1a269->df3f7b97-e0a2-4b7a-b613-50634e06cc54#45-t2, previous=(t:2, i:20), leaderCommit=16, initializing? false, entries: <empty>
2019-09-17 07:44:15,550 [java.util.concurrent.ThreadPoolExecutor$Worker@7d834fc8[State = -1, empty queue]] WARN  server.GrpcLogAppender (GrpcLogAppender.java:timeoutAppendRequest(200)) - 193495bf-c496-4e24-ad0b-455843e1a269@group-CE3B9C89E676->fd1a6a38-1d12-46a9-943d-422a00bbff87-GrpcLogAppender: appendEntries Timeout, request=193495bf-c496-4e24-ad0b-455843e1a269->fd1a6a38-1d12-46a9-943d-422a00bbff87#45-t2, previous=(t:2, i:20), leaderCommit=16, initializing? false, entries: <empty>
2019-09-17 07:44:16,041 [java.util.concurrent.ThreadPoolExecutor$Worker@4a5226fb[State = -1, empty queue]] WARN  server.GrpcLogAppender (GrpcLogAppender.java:timeoutAppendRequest(200)) - 193495bf-c496-4e24-ad0b-455843e1a269@group-CE3B9C89E676->df3f7b97-e0a2-4b7a-b613-50634e06cc54-GrpcLogAppender: appendEntries Timeout, request=193495bf-c496-4e24-ad0b-455843e1a269->df3f7b97-e0a2-4b7a-b613-50634e06cc54#46-t2, previous=(t:2, i:20), leaderCommit=16, initializing? false, entries: <empty>
2019-09-17 07:44:16,051 [java.util.concurrent.ThreadPoolExecutor$Worker@7d834fc8[State = -1, empty queue]] WARN  server.GrpcLogAppender (GrpcLogAppender.java:timeoutAppendRequest(200)) - 193495bf-c496-4e24-ad0b-455843e1a269@group-CE3B9C89E676->fd1a6a38-1d12-46a9-943d-422a00bbff87-GrpcLogAppender: appendEntries Timeout, request=193495bf-c496-4e24-ad0b-455843e1a269->fd1a6a38-1d12-46a9-943d-422a00bbff87#46-t2, previous=(t:2, i:20), leaderCommit=16, initializing? false, entries: <empty>
2019-09-17 07:44:16,246 [grpc-default-executor-8] INFO  client.GrpcClientProtocolClient (GrpcClientProtocolClient.java:onNext(264)) - client-F68F3035F915->fd1a6a38-1d12-46a9-943d-422a00bbff87: receive RaftClientReply:client-F68F3035F915->fd1a6a38-1d12-46a9-943d-422a00bbff87@group-CE3B9C89E676, cid=39, FAILED org.apache.ratis.protocol.NotLeaderException: Server fd1a6a38-1d12-46a9-943d-422a00bbff87@group-CE3B9C89E676 is not the leader 193495bf-c496-4e24-ad0b-455843e1a269:192.168.151.112:44913, logIndex=0, commits[fd1a6a38-1d12-46a9-943d-422a00bbff87:c16, 193495bf-c496-4e24-ad0b-455843e1a269:c16, df3f7b97-e0a2-4b7a-b613-50634e06cc54:c16]
2019-09-17 07:44:16,541 [java.util.concurrent.ThreadPoolExecutor$Worker@4a5226fb[State = -1, empty queue]] WARN  server.GrpcLogAppender (GrpcLogAppender.java:timeoutAppendRequest(200)) - 193495bf-c496-4e24-ad0b-455843e1a269@group-CE3B9C89E676->df3f7b97-e0a2-4b7a-b613-50634e06cc54-GrpcLogAppender: appendEntries Timeout, request=193495bf-c496-4e24-ad0b-455843e1a269->df3f7b97-e0a2-4b7a-b613-50634e06cc54#47-t2, previous=(t:2, i:20), leaderCommit=16, initializing? false, entries: <empty>
2019-09-17 07:44:16,551 [java.util.concurrent.ThreadPoolExecutor$Worker@7d834fc8[State = -1, empty queue]] WARN  server.GrpcLogAppender (GrpcLogAppender.java:timeoutAppendRequest(200)) - 193495bf-c496-4e24-ad0b-455843e1a269@group-CE3B9C89E676->fd1a6a38-1d12-46a9-943d-422a00bbff87-GrpcLogAppender: appendEntries Timeout, request=193495bf-c496-4e24-ad0b-455843e1a269->fd1a6a38-1d12-46a9-943d-422a00bbff87#47-t2, previous=(t:2, i:20), leaderCommit=16, initializing? false, entries: <empty>
2019-09-17 07:44:17,042 [java.util.concurrent.ThreadPoolExecutor$Worker@4a5226fb[State = -1, empty queue]] WARN  server.GrpcLogAppender (GrpcLogAppender.java:timeoutAppendRequest(200)) - 193495bf-c496-4e24-ad0b-455843e1a269@group-CE3B9C89E676->df3f7b97-e0a2-4b7a-b613-50634e06cc54-GrpcLogAppender: appendEntries Timeout, request=193495bf-c496-4e24-ad0b-455843e1a269->df3f7b97-e0a2-4b7a-b613-50634e06cc54#48-t2, previous=(t:2, i:20), leaderCommit=16, initializing? false, entries: <empty>
2019-09-17 07:44:17,068 [java.util.concurrent.ThreadPoolExecutor$Worker@7d834fc8[State = -1, empty queue]] WARN  server.GrpcLogAppender (GrpcLogAppender.java:timeoutAppendRequest(200)) - 193495bf-c496-4e24-ad0b-455843e1a269@group-CE3B9C89E676->fd1a6a38-1d12-46a9-943d-422a00bbff87-GrpcLogAppender: appendEntries Timeout, request=193495bf-c496-4e24-ad0b-455843e1a269->fd1a6a38-1d12-46a9-943d-422a00bbff87#48-t2, previous=(t:2, i:20), leaderCommit=16, initializing? false, entries: <empty>
2019-09-17 07:44:17,543 [java.util.concurrent.ThreadPoolExecutor$Worker@4a5226fb[State = -1, empty queue]] WARN  server.GrpcLogAppender (GrpcLogAppender.java:timeoutAppendRequest(200)) - 193495bf-c496-4e24-ad0b-455843e1a269@group-CE3B9C89E676->df3f7b97-e0a2-4b7a-b613-50634e06cc54-GrpcLogAppender: appendEntries Timeout, request=193495bf-c496-4e24-ad0b-455843e1a269->df3f7b97-e0a2-4b7a-b613-50634e06cc54#49-t2, previous=(t:2, i:20), leaderCommit=16, initializing? false, entries: <empty>
2019-09-17 07:44:17,553 [java.util.concurrent.ThreadPoolExecutor$Worker@7d834fc8[State = -1, empty queue]] WARN  server.GrpcLogAppender (GrpcLogAppender.java:timeoutAppendRequest(200)) - 193495bf-c496-4e24-ad0b-455843e1a269@group-CE3B9C89E676->fd1a6a38-1d12-46a9-943d-422a00bbff87-GrpcLogAppender: appendEntries Timeout, request=193495bf-c496-4e24-ad0b-455843e1a269->fd1a6a38-1d12-46a9-943d-422a00bbff87#49-t2, previous=(t:2, i:20), leaderCommit=16, initializing? false, entries: <empty>
2019-09-17 07:44:18,043 [java.util.concurrent.ThreadPoolExecutor$Worker@4a5226fb[State = -1, empty queue]] WARN  server.GrpcLogAppender (GrpcLogAppender.java:timeoutAppendRequest(200)) - 193495bf-c496-4e24-ad0b-455843e1a269@group-CE3B9C89E676->df3f7b97-e0a2-4b7a-b613-50634e06cc54-GrpcLogAppender: appendEntries Timeout, request=193495bf-c496-4e24-ad0b-455843e1a269->df3f7b97-e0a2-4b7a-b613-50634e06cc54#50-t2, previous=(t:2, i:20), leaderCommit=16, initializing? false, entries: <empty>
2019-09-17 07:44:18,053 [java.util.concurrent.ThreadPoolExecutor$Worker@7d834fc8[State = -1, empty queue]] WARN  server.GrpcLogAppender (GrpcLogAppender.java:timeoutAppendRequest(200)) - 193495bf-c496-4e24-ad0b-455843e1a269@group-CE3B9C89E676->fd1a6a38-1d12-46a9-943d-422a00bbff87-GrpcLogAppender: appendEntries Timeout, request=193495bf-c496-4e24-ad0b-455843e1a269->fd1a6a38-1d12-46a9-943d-422a00bbff87#50-t2, previous=(t:2, i:20), leaderCommit=16, initializing? false, entries: <empty>
2019-09-17 07:44:18,544 [java.util.concurrent.ThreadPoolExecutor$Worker@4a5226fb[State = -1, empty queue]] WARN  server.GrpcLogAppender (GrpcLogAppender.java:timeoutAppendRequest(200)) - 193495bf-c496-4e24-ad0b-455843e1a269@group-CE3B9C89E676->df3f7b97-e0a2-4b7a-b613-50634e06cc54-GrpcLogAppender: appendEntries Timeout, request=193495bf-c496-4e24-ad0b-455843e1a269->df3f7b97-e0a2-4b7a-b613-50634e06cc54#51-t2, previous=(t:2, i:20), leaderCommit=16, initializing? false, entries: <empty>
2019-09-17 07:44:18,553 [java.util.concurrent.ThreadPoolExecutor$Worker@7d834fc8[State = -1, empty queue]] WARN  server.GrpcLogAppender (GrpcLogAppender.java:timeoutAppendRequest(200)) - 193495bf-c496-4e24-ad0b-455843e1a269@group-CE3B9C89E676->fd1a6a38-1d12-46a9-943d-422a00bbff87-GrpcLogAppender: appendEntries Timeout, request=193495bf-c496-4e24-ad0b-455843e1a269->fd1a6a38-1d12-46a9-943d-422a00bbff87#51-t2, previous=(t:2, i:20), leaderCommit=16, initializing? false, entries: <empty>
2019-09-17 07:44:19,050 [java.util.concurrent.ThreadPoolExecutor$Worker@4a5226fb[State = -1, empty queue]] WARN  server.GrpcLogAppender (GrpcLogAppender.java:timeoutAppendRequest(200)) - 193495bf-c496-4e24-ad0b-455843e1a269@group-CE3B9C89E676->df3f7b97-e0a2-4b7a-b613-50634e06cc54-GrpcLogAppender: appendEntries Timeout, request=193495bf-c496-4e24-ad0b-455843e1a269->df3f7b97-e0a2-4b7a-b613-50634e06cc54#52-t2, previous=(t:2, i:20), leaderCommit=16, initializing? false, entries: <empty>
2019-09-17 07:44:19,054 [java.util.concurrent.ThreadPoolExecutor$Worker@7d834fc8[State = -1, empty queue]] WARN  server.GrpcLogAppender (GrpcLogAppender.java:timeoutAppendRequest(200)) - 193495bf-c496-4e24-ad0b-455843e1a269@group-CE3B9C89E676->fd1a6a38-1d12-46a9-943d-422a00bbff87-GrpcLogAppender: appendEntries Timeout, request=193495bf-c496-4e24-ad0b-455843e1a269->fd1a6a38-1d12-46a9-943d-422a00bbff87#52-t2, previous=(t:2, i:20), leaderCommit=16, initializing? false, entries: <empty>
2019-09-17 07:44:19,285 [main] WARN  io.KeyOutputStream (KeyOutputStream.java:handleException(276)) - Encountered exception java.io.IOException: Unexpected Storage Container Exception: java.util.concurrent.CompletionException: java.util.concurrent.CompletionException: org.apache.ratis.protocol.RaftRetryFailureException: Failed RaftClientRequest:client-F68F3035F915->193495bf-c496-4e24-ad0b-455843e1a269@group-CE3B9C89E676, cid=39, seq=9*, RW, org.apache.hadoop.hdds.scm.XceiverClientRatis$$Lambda$458/1412392963@50428b5a for 10 attempts with RetryLimited(maxAttempts=10, sleepTime=1000ms) on the pipeline Pipeline[ Id: 8c56802a-ccaf-4c04-a2b5-ce3b9c89e676, Nodes: 193495bf-c496-4e24-ad0b-455843e1a269{ip: 192.168.151.112, host: pr-hdds-2134-72wlk-3981800394, networkLocation: /default-rack, certSerialId: null}fd1a6a38-1d12-46a9-943d-422a00bbff87{ip: 192.168.151.112, host: pr-hdds-2134-72wlk-3981800394, networkLocation: /default-rack, certSerialId: null}df3f7b97-e0a2-4b7a-b613-50634e06cc54{ip: 192.168.151.112, host: pr-hdds-2134-72wlk-3981800394, networkLocation: /default-rack, certSerialId: null}, Type:RATIS, Factor:THREE, State:OPEN]. The last committed block length is 0, uncommitted data length is 2097152 retry count 0
2019-09-17 07:44:19,483 [grpc-default-executor-2] INFO  client.GrpcClientProtocolClient (GrpcClientProtocolClient.java:onNext(264)) - client-E0A2BD2BFF31->0f7bb9d9-5139-4852-be99-380e1bc1143c: receive RaftClientReply:client-E0A2BD2BFF31->0f7bb9d9-5139-4852-be99-380e1bc1143c@group-7C72F7D496C4, cid=43, SUCCESS, logIndex=1, commits[0f7bb9d9-5139-4852-be99-380e1bc1143c:c1, 6a48daa3-10a7-4dcf-835e-de50be54fa2c:c0, 9cc127b6-6322-4ddd-ad35-07c34665999c:c0]
2019-09-17 07:44:19,753 [java.util.concurrent.ThreadPoolExecutor$Worker@7d834fc8[State = -1, empty queue]] WARN  server.GrpcLogAppender (GrpcLogAppender.java:timeoutAppendRequest(200)) - 193495bf-c496-4e24-ad0b-455843e1a269@group-CE3B9C89E676->fd1a6a38-1d12-46a9-943d-422a00bbff87-GrpcLogAppender: appendEntries Timeout, request=193495bf-c496-4e24-ad0b-455843e1a269->fd1a6a38-1d12-46a9-943d-422a00bbff87#53-t2, previous=(t:2, i:20), leaderCommit=16, initializing? false, entries: <empty>
2019-09-17 07:44:19,754 [java.util.concurrent.ThreadPoolExecutor$Worker@4a5226fb[State = -1, empty queue]] WARN  server.GrpcLogAppender (GrpcLogAppender.java:timeoutAppendRequest(200)) - 193495bf-c496-4e24-ad0b-455843e1a269@group-CE3B9C89E676->df3f7b97-e0a2-4b7a-b613-50634e06cc54-GrpcLogAppender: appendEntries Timeout, request=193495bf-c496-4e24-ad0b-455843e1a269->df3f7b97-e0a2-4b7a-b613-50634e06cc54#53-t2, previous=(t:2, i:20), leaderCommit=16, initializing? false, entries: <empty>
2019-09-17 07:44:19,851 [grpc-default-executor-6] INFO  client.GrpcClientProtocolClient (GrpcClientProtocolClient.java:onNext(264)) - client-E0A2BD2BFF31->0f7bb9d9-5139-4852-be99-380e1bc1143c: receive RaftClientReply:client-E0A2BD2BFF31->0f7bb9d9-5139-4852-be99-380e1bc1143c@group-7C72F7D496C4, cid=44, SUCCESS, logIndex=3, commits[0f7bb9d9-5139-4852-be99-380e1bc1143c:c8, 6a48daa3-10a7-4dcf-835e-de50be54fa2c:c6, 9cc127b6-6322-4ddd-ad35-07c34665999c:c6]
2019-09-17 07:44:19,852 [grpc-default-executor-6] INFO  client.GrpcClientProtocolClient (GrpcClientProtocolClient.java:onNext(264)) - client-E0A2BD2BFF31->0f7bb9d9-5139-4852-be99-380e1bc1143c: receive RaftClientReply:client-E0A2BD2BFF31->0f7bb9d9-5139-4852-be99-380e1bc1143c@group-7C72F7D496C4, cid=45, SUCCESS, logIndex=4, commits[0f7bb9d9-5139-4852-be99-380e1bc1143c:c8, 6a48daa3-10a7-4dcf-835e-de50be54fa2c:c6, 9cc127b6-6322-4ddd-ad35-07c34665999c:c6]
2019-09-17 07:44:19,981 [grpc-default-executor-6] INFO  client.GrpcClientProtocolClient (GrpcClientProtocolClient.java:onNext(264)) - client-E0A2BD2BFF31->0f7bb9d9-5139-4852-be99-380e1bc1143c: receive RaftClientReply:client-E0A2BD2BFF31->0f7bb9d9-5139-4852-be99-380e1bc1143c@group-7C72F7D496C4, cid=46, SUCCESS, logIndex=5, commits[0f7bb9d9-5139-4852-be99-380e1bc1143c:c8, 6a48daa3-10a7-4dcf-835e-de50be54fa2c:c6, 9cc127b6-6322-4ddd-ad35-07c34665999c:c6]
2019-09-17 07:44:20,072 [java.util.concurrent.ThreadPoolExecutor$Worker@4a5226fb[State = -1, empty queue]] WARN  server.GrpcLogAppender (GrpcLogAppender.java:timeoutAppendRequest(200)) - 193495bf-c496-4e24-ad0b-455843e1a269@group-CE3B9C89E676->df3f7b97-e0a2-4b7a-b613-50634e06cc54-GrpcLogAppender: appendEntries Timeout, request=193495bf-c496-4e24-ad0b-455843e1a269->df3f7b97-e0a2-4b7a-b613-50634e06cc54#54-t2, previous=(t:2, i:20), leaderCommit=16, initializing? false, entries: <empty>
2019-09-17 07:44:20,072 [java.util.concurrent.ThreadPoolExecutor$Worker@7d834fc8[State = -1, empty queue]] WARN  server.GrpcLogAppender (GrpcLogAppender.java:timeoutAppendRequest(200)) - 193495bf-c496-4e24-ad0b-455843e1a269@group-CE3B9C89E676->fd1a6a38-1d12-46a9-943d-422a00bbff87-GrpcLogAppender: appendEntries Timeout, request=193495bf-c496-4e24-ad0b-455843e1a269->fd1a6a38-1d12-46a9-943d-422a00bbff87#54-t2, previous=(t:2, i:20), leaderCommit=16, initializing? false, entries: <empty>
2019-09-17 07:44:20,143 [Datanode State Machine Thread - 0] INFO  statemachine.DatanodeStateMachine (DatanodeStateMachine.java:lambda$startDaemon$0(350)) - Ozone container server started.
2019-09-17 07:44:20,572 [java.util.concurrent.ThreadPoolExecutor$Worker@4a5226fb[State = -1, empty queue]] WARN  server.GrpcLogAppender (GrpcLogAppender.java:timeoutAppendRequest(200)) - 193495bf-c496-4e24-ad0b-455843e1a269@group-CE3B9C89E676->df3f7b97-e0a2-4b7a-b613-50634e06cc54-GrpcLogAppender: appendEntries Timeout, request=193495bf-c496-4e24-ad0b-455843e1a269->df3f7b97-e0a2-4b7a-b613-50634e06cc54#55-t2, previous=(t:2, i:20), leaderCommit=16, initializing? false, entries: <empty>
2019-09-17 07:44:20,572 [java.util.concurrent.ThreadPoolExecutor$Worker@7d834fc8[State = -1, empty queue]] WARN  server.GrpcLogAppender (GrpcLogAppender.java:timeoutAppendRequest(200)) - 193495bf-c496-4e24-ad0b-455843e1a269@group-CE3B9C89E676->fd1a6a38-1d12-46a9-943d-422a00bbff87-GrpcLogAppender: appendEntries Timeout, request=193495bf-c496-4e24-ad0b-455843e1a269->fd1a6a38-1d12-46a9-943d-422a00bbff87#55-t2, previous=(t:2, i:20), leaderCommit=16, initializing? false, entries: <empty>
2019-09-17 07:44:21,076 [java.util.concurrent.ThreadPoolExecutor$Worker@7d834fc8[State = -1, empty queue]] WARN  server.GrpcLogAppender (GrpcLogAppender.java:timeoutAppendRequest(200)) - 193495bf-c496-4e24-ad0b-455843e1a269@group-CE3B9C89E676->fd1a6a38-1d12-46a9-943d-422a00bbff87-GrpcLogAppender: appendEntries Timeout, request=193495bf-c496-4e24-ad0b-455843e1a269->fd1a6a38-1d12-46a9-943d-422a00bbff87#56-t2, previous=(t:2, i:20), leaderCommit=16, initializing? false, entries: <empty>
2019-09-17 07:44:21,076 [java.util.concurrent.ThreadPoolExecutor$Worker@4a5226fb[State = -1, empty queue]] WARN  server.GrpcLogAppender (GrpcLogAppender.java:timeoutAppendRequest(200)) - 193495bf-c496-4e24-ad0b-455843e1a269@group-CE3B9C89E676->df3f7b97-e0a2-4b7a-b613-50634e06cc54-GrpcLogAppender: appendEntries Timeout, request=193495bf-c496-4e24-ad0b-455843e1a269->df3f7b97-e0a2-4b7a-b613-50634e06cc54#56-t2, previous=(t:2, i:20), leaderCommit=16, initializing? false, entries: <empty>
2019-09-17 07:44:21,147 [fd1a6a38-1d12-46a9-943d-422a00bbff87@group-CE3B9C89E676-SegmentedRaftLogWorker] WARN  segmented.SegmentedRaftLogWorker (SegmentedRaftLogWorker.java:getFromFuture(90)) - Timeout 1/~
org.apache.ratis.protocol.TimeoutIOException: Timeout 10s: WriteLog:19: (t:2, i:19), STATEMACHINELOGENTRY, client-F68F3035F915, cid=41-writeStateMachineData
	at org.apache.ratis.util.IOUtils.getFromFuture(IOUtils.java:87)
	at org.apache.ratis.server.raftlog.segmented.SegmentedRaftLogWorker$StateMachineDataPolicy.getFromFuture(SegmentedRaftLogWorker.java:87)
	at org.apache.ratis.server.raftlog.segmented.SegmentedRaftLogWorker$WriteLog.execute(SegmentedRaftLogWorker.java:477)
	at org.apache.ratis.server.raftlog.segmented.SegmentedRaftLogWorker.run(SegmentedRaftLogWorker.java:289)
	at java.lang.Thread.run(Thread.java:748)
Caused by: java.util.concurrent.TimeoutException
	at java.util.concurrent.CompletableFuture.timedGet(CompletableFuture.java:1771)
	at java.util.concurrent.CompletableFuture.get(CompletableFuture.java:1915)
	at org.apache.ratis.util.IOUtils.getFromFuture(IOUtils.java:79)
	... 4 more
2019-09-17 07:44:21,148 [df3f7b97-e0a2-4b7a-b613-50634e06cc54@group-CE3B9C89E676-SegmentedRaftLogWorker] WARN  segmented.SegmentedRaftLogWorker (SegmentedRaftLogWorker.java:getFromFuture(90)) - Timeout 1/~
org.apache.ratis.protocol.TimeoutIOException: Timeout 10s: WriteLog:19: (t:2, i:19), STATEMACHINELOGENTRY, client-F68F3035F915, cid=41-writeStateMachineData
	at org.apache.ratis.util.IOUtils.getFromFuture(IOUtils.java:87)
	at org.apache.ratis.server.raftlog.segmented.SegmentedRaftLogWorker$StateMachineDataPolicy.getFromFuture(SegmentedRaftLogWorker.java:87)
	at org.apache.ratis.server.raftlog.segmented.SegmentedRaftLogWorker$WriteLog.execute(SegmentedRaftLogWorker.java:477)
	at org.apache.ratis.server.raftlog.segmented.SegmentedRaftLogWorker.run(SegmentedRaftLogWorker.java:289)
	at java.lang.Thread.run(Thread.java:748)
Caused by: java.util.concurrent.TimeoutException
	at java.util.concurrent.CompletableFuture.timedGet(CompletableFuture.java:1771)
	at java.util.concurrent.CompletableFuture.get(CompletableFuture.java:1915)
	at org.apache.ratis.util.IOUtils.getFromFuture(IOUtils.java:79)
	... 4 more
2019-09-17 07:44:21,148 [193495bf-c496-4e24-ad0b-455843e1a269@group-CE3B9C89E676-SegmentedRaftLogWorker] WARN  segmented.SegmentedRaftLogWorker (SegmentedRaftLogWorker.java:getFromFuture(90)) - Timeout 1/~
org.apache.ratis.protocol.TimeoutIOException: Timeout 10s: WriteLog:19: (t:2, i:19), STATEMACHINELOGENTRY, client-F68F3035F915, cid=41-writeStateMachineData
	at org.apache.ratis.util.IOUtils.getFromFuture(IOUtils.java:87)
	at org.apache.ratis.server.raftlog.segmented.SegmentedRaftLogWorker$StateMachineDataPolicy.getFromFuture(SegmentedRaftLogWorker.java:87)
	at org.apache.ratis.server.raftlog.segmented.SegmentedRaftLogWorker$WriteLog.execute(SegmentedRaftLogWorker.java:477)
	at org.apache.ratis.server.raftlog.segmented.SegmentedRaftLogWorker.run(SegmentedRaftLogWorker.java:289)
	at java.lang.Thread.run(Thread.java:748)
Caused by: java.util.concurrent.TimeoutException
	at java.util.concurrent.CompletableFuture.timedGet(CompletableFuture.java:1771)
	at java.util.concurrent.CompletableFuture.get(CompletableFuture.java:1915)
	at org.apache.ratis.util.IOUtils.getFromFuture(IOUtils.java:79)
	... 4 more
2019-09-17 07:44:21,576 [java.util.concurrent.ThreadPoolExecutor$Worker@7d834fc8[State = -1, empty queue]] WARN  server.GrpcLogAppender (GrpcLogAppender.java:timeoutAppendRequest(200)) - 193495bf-c496-4e24-ad0b-455843e1a269@group-CE3B9C89E676->fd1a6a38-1d12-46a9-943d-422a00bbff87-GrpcLogAppender: appendEntries Timeout, request=193495bf-c496-4e24-ad0b-455843e1a269->fd1a6a38-1d12-46a9-943d-422a00bbff87#57-t2, previous=(t:2, i:20), leaderCommit=16, initializing? false, entries: <empty>
2019-09-17 07:44:21,576 [java.util.concurrent.ThreadPoolExecutor$Worker@4a5226fb[State = -1, empty queue]] WARN  server.GrpcLogAppender (GrpcLogAppender.java:timeoutAppendRequest(200)) - 193495bf-c496-4e24-ad0b-455843e1a269@group-CE3B9C89E676->df3f7b97-e0a2-4b7a-b613-50634e06cc54-GrpcLogAppender: appendEntries Timeout, request=193495bf-c496-4e24-ad0b-455843e1a269->df3f7b97-e0a2-4b7a-b613-50634e06cc54#57-t2, previous=(t:2, i:20), leaderCommit=16, initializing? false, entries: <empty>
2019-09-17 07:44:22,077 [java.util.concurrent.ThreadPoolExecutor$Worker@4a5226fb[State = -1, empty queue]] WARN  server.GrpcLogAppender (GrpcLogAppender.java:timeoutAppendRequest(200)) - 193495bf-c496-4e24-ad0b-455843e1a269@group-CE3B9C89E676->df3f7b97-e0a2-4b7a-b613-50634e06cc54-GrpcLogAppender: appendEntries Timeout, request=193495bf-c496-4e24-ad0b-455843e1a269->df3f7b97-e0a2-4b7a-b613-50634e06cc54#58-t2, previous=(t:2, i:20), leaderCommit=16, initializing? false, entries: <empty>
2019-09-17 07:44:22,077 [java.util.concurrent.ThreadPoolExecutor$Worker@7d834fc8[State = -1, empty queue]] WARN  server.GrpcLogAppender (GrpcLogAppender.java:timeoutAppendRequest(200)) - 193495bf-c496-4e24-ad0b-455843e1a269@group-CE3B9C89E676->fd1a6a38-1d12-46a9-943d-422a00bbff87-GrpcLogAppender: appendEntries Timeout, request=193495bf-c496-4e24-ad0b-455843e1a269->fd1a6a38-1d12-46a9-943d-422a00bbff87#58-t2, previous=(t:2, i:20), leaderCommit=16, initializing? false, entries: <empty>
2019-09-17 07:44:22,754 [java.util.concurrent.ThreadPoolExecutor$Worker@7d834fc8[State = -1, empty queue]] WARN  server.GrpcLogAppender (GrpcLogAppender.java:timeoutAppendRequest(200)) - 193495bf-c496-4e24-ad0b-455843e1a269@group-CE3B9C89E676->fd1a6a38-1d12-46a9-943d-422a00bbff87-GrpcLogAppender: appendEntries Timeout, request=193495bf-c496-4e24-ad0b-455843e1a269->fd1a6a38-1d12-46a9-943d-422a00bbff87#59-t2, previous=(t:2, i:20), leaderCommit=16, initializing? false, entries: <empty>
2019-09-17 07:44:22,754 [java.util.concurrent.ThreadPoolExecutor$Worker@4a5226fb[State = -1, empty queue]] WARN  server.GrpcLogAppender (GrpcLogAppender.java:timeoutAppendRequest(200)) - 193495bf-c496-4e24-ad0b-455843e1a269@group-CE3B9C89E676->df3f7b97-e0a2-4b7a-b613-50634e06cc54-GrpcLogAppender: appendEntries Timeout, request=193495bf-c496-4e24-ad0b-455843e1a269->df3f7b97-e0a2-4b7a-b613-50634e06cc54#59-t2, previous=(t:2, i:20), leaderCommit=16, initializing? false, entries: <empty>
2019-09-17 07:44:23,254 [java.util.concurrent.ThreadPoolExecutor$Worker@4a5226fb[State = -1, empty queue]] WARN  server.GrpcLogAppender (GrpcLogAppender.java:timeoutAppendRequest(200)) - 193495bf-c496-4e24-ad0b-455843e1a269@group-CE3B9C89E676->df3f7b97-e0a2-4b7a-b613-50634e06cc54-GrpcLogAppender: appendEntries Timeout, request=193495bf-c496-4e24-ad0b-455843e1a269->df3f7b97-e0a2-4b7a-b613-50634e06cc54#60-t2, previous=(t:2, i:20), leaderCommit=16, initializing? false, entries: <empty>
2019-09-17 07:44:23,254 [java.util.concurrent.ThreadPoolExecutor$Worker@7d834fc8[State = -1, empty queue]] WARN  server.GrpcLogAppender (GrpcLogAppender.java:timeoutAppendRequest(200)) - 193495bf-c496-4e24-ad0b-455843e1a269@group-CE3B9C89E676->fd1a6a38-1d12-46a9-943d-422a00bbff87-GrpcLogAppender: appendEntries Timeout, request=193495bf-c496-4e24-ad0b-455843e1a269->fd1a6a38-1d12-46a9-943d-422a00bbff87#60-t2, previous=(t:2, i:20), leaderCommit=16, initializing? false, entries: <empty>
2019-09-17 07:44:23,754 [java.util.concurrent.ThreadPoolExecutor$Worker@4a5226fb[State = -1, empty queue]] WARN  server.GrpcLogAppender (GrpcLogAppender.java:timeoutAppendRequest(200)) - 193495bf-c496-4e24-ad0b-455843e1a269@group-CE3B9C89E676->df3f7b97-e0a2-4b7a-b613-50634e06cc54-GrpcLogAppender: appendEntries Timeout, request=193495bf-c496-4e24-ad0b-455843e1a269->df3f7b97-e0a2-4b7a-b613-50634e06cc54#61-t2, previous=(t:2, i:20), leaderCommit=16, initializing? false, entries: <empty>
2019-09-17 07:44:23,754 [java.util.concurrent.ThreadPoolExecutor$Worker@7d834fc8[State = -1, empty queue]] WARN  server.GrpcLogAppender (GrpcLogAppender.java:timeoutAppendRequest(200)) - 193495bf-c496-4e24-ad0b-455843e1a269@group-CE3B9C89E676->fd1a6a38-1d12-46a9-943d-422a00bbff87-GrpcLogAppender: appendEntries Timeout, request=193495bf-c496-4e24-ad0b-455843e1a269->fd1a6a38-1d12-46a9-943d-422a00bbff87#61-t2, previous=(t:2, i:20), leaderCommit=16, initializing? false, entries: <empty>
2019-09-17 07:44:24,255 [java.util.concurrent.ThreadPoolExecutor$Worker@4a5226fb[State = -1, empty queue]] WARN  server.GrpcLogAppender (GrpcLogAppender.java:timeoutAppendRequest(200)) - 193495bf-c496-4e24-ad0b-455843e1a269@group-CE3B9C89E676->df3f7b97-e0a2-4b7a-b613-50634e06cc54-GrpcLogAppender: appendEntries Timeout, request=193495bf-c496-4e24-ad0b-455843e1a269->df3f7b97-e0a2-4b7a-b613-50634e06cc54#62-t2, previous=(t:2, i:20), leaderCommit=16, initializing? false, entries: <empty>
2019-09-17 07:44:24,255 [java.util.concurrent.ThreadPoolExecutor$Worker@7d834fc8[State = -1, empty queue]] WARN  server.GrpcLogAppender (GrpcLogAppender.java:timeoutAppendRequest(200)) - 193495bf-c496-4e24-ad0b-455843e1a269@group-CE3B9C89E676->fd1a6a38-1d12-46a9-943d-422a00bbff87-GrpcLogAppender: appendEntries Timeout, request=193495bf-c496-4e24-ad0b-455843e1a269->fd1a6a38-1d12-46a9-943d-422a00bbff87#62-t2, previous=(t:2, i:20), leaderCommit=16, initializing? false, entries: <empty>
2019-09-17 07:44:24,755 [java.util.concurrent.ThreadPoolExecutor$Worker@4a5226fb[State = -1, empty queue]] WARN  server.GrpcLogAppender (GrpcLogAppender.java:timeoutAppendRequest(200)) - 193495bf-c496-4e24-ad0b-455843e1a269@group-CE3B9C89E676->df3f7b97-e0a2-4b7a-b613-50634e06cc54-GrpcLogAppender: appendEntries Timeout, request=193495bf-c496-4e24-ad0b-455843e1a269->df3f7b97-e0a2-4b7a-b613-50634e06cc54#63-t2, previous=(t:2, i:20), leaderCommit=16, initializing? false, entries: <empty>
2019-09-17 07:44:24,755 [java.util.concurrent.ThreadPoolExecutor$Worker@7d834fc8[State = -1, empty queue]] WARN  server.GrpcLogAppender (GrpcLogAppender.java:timeoutAppendRequest(200)) - 193495bf-c496-4e24-ad0b-455843e1a269@group-CE3B9C89E676->fd1a6a38-1d12-46a9-943d-422a00bbff87-GrpcLogAppender: appendEntries Timeout, request=193495bf-c496-4e24-ad0b-455843e1a269->fd1a6a38-1d12-46a9-943d-422a00bbff87#63-t2, previous=(t:2, i:20), leaderCommit=16, initializing? false, entries: <empty>
2019-09-17 07:44:24,986 [main] INFO  ozoneimpl.OzoneContainer (OzoneContainer.java:stop(231)) - Attempting to stop container services.
2019-09-17 07:44:24,994 [main] INFO  impl.RaftServerProxy (RaftServerProxy.java:lambda$close$4(314)) - 193495bf-c496-4e24-ad0b-455843e1a269: close
2019-09-17 07:44:25,004 [main] INFO  impl.RaftServerImpl (RaftServerImpl.java:lambda$shutdown$3(251)) - 193495bf-c496-4e24-ad0b-455843e1a269@group-0739475C793C: shutdown
2019-09-17 07:44:25,005 [main] INFO  util.JmxRegister (JmxRegister.java:unregister(73)) - Successfully un-registered JMX Bean with object name Ratis:service=RaftServer,group=group-0739475C793C,id=193495bf-c496-4e24-ad0b-455843e1a269
2019-09-17 07:44:25,005 [main] INFO  impl.RoleInfo (RoleInfo.java:shutdownLeaderState(104)) - 193495bf-c496-4e24-ad0b-455843e1a269: shutdown LeaderState
2019-09-17 07:44:25,006 [main] INFO  impl.PendingRequests (PendingRequests.java:sendNotLeaderResponses(202)) - 193495bf-c496-4e24-ad0b-455843e1a269-PendingRequests: sendNotLeaderResponses
2019-09-17 07:44:25,009 [main] INFO  impl.StateMachineUpdater (StateMachineUpdater.java:stopAndJoin(125)) - 193495bf-c496-4e24-ad0b-455843e1a269@group-0739475C793C-StateMachineUpdater: set stopIndex = 0
2019-09-17 07:44:25,010 [main] INFO  impl.RaftServerImpl (ServerState.java:close(385)) - 193495bf-c496-4e24-ad0b-455843e1a269@group-0739475C793C: closes. applyIndex: 0
2019-09-17 07:44:25,013 [193495bf-c496-4e24-ad0b-455843e1a269@group-0739475C793C-SegmentedRaftLogWorker] INFO  segmented.SegmentedRaftLogWorker (SegmentedRaftLogWorker.java:run(313)) - 193495bf-c496-4e24-ad0b-455843e1a269@group-0739475C793C-SegmentedRaftLogWorker was interrupted, exiting. There are 0 tasks remaining in the queue.
2019-09-17 07:44:25,016 [main] INFO  segmented.SegmentedRaftLogWorker (SegmentedRaftLogWorker.java:close(228)) - 193495bf-c496-4e24-ad0b-455843e1a269@group-0739475C793C-SegmentedRaftLogWorker close()
2019-09-17 07:44:25,023 [main] INFO  impl.RaftServerImpl (RaftServerImpl.java:lambda$shutdown$3(251)) - 193495bf-c496-4e24-ad0b-455843e1a269@group-CE3B9C89E676: shutdown
2019-09-17 07:44:25,024 [main] INFO  util.JmxRegister (JmxRegister.java:unregister(73)) - Successfully un-registered JMX Bean with object name Ratis:service=RaftServer,group=group-CE3B9C89E676,id=193495bf-c496-4e24-ad0b-455843e1a269
2019-09-17 07:44:25,024 [main] INFO  impl.RoleInfo (RoleInfo.java:shutdownLeaderState(104)) - 193495bf-c496-4e24-ad0b-455843e1a269: shutdown LeaderState
2019-09-17 07:44:25,030 [main] INFO  impl.PendingRequests (PendingRequests.java:sendNotLeaderResponses(202)) - 193495bf-c496-4e24-ad0b-455843e1a269-PendingRequests: sendNotLeaderResponses
2019-09-17 07:44:25,030 [org.apache.ratis.server.impl.LogAppender$AppenderDaemon$$Lambda$529/56849046@2ef6937b] WARN  server.GrpcLogAppender (GrpcLogAppender.java:mayWait(143)) - 193495bf-c496-4e24-ad0b-455843e1a269@group-CE3B9C89E676->fd1a6a38-1d12-46a9-943d-422a00bbff87-GrpcLogAppender: Wait interrupted by java.lang.InterruptedException
2019-09-17 07:44:25,030 [org.apache.ratis.server.impl.LogAppender$AppenderDaemon$$Lambda$529/56849046@2ca03157] WARN  server.GrpcLogAppender (GrpcLogAppender.java:mayWait(143)) - 193495bf-c496-4e24-ad0b-455843e1a269@group-CE3B9C89E676->df3f7b97-e0a2-4b7a-b613-50634e06cc54-GrpcLogAppender: Wait interrupted by java.lang.InterruptedException
2019-09-17 07:44:25,038 [main] INFO  impl.StateMachineUpdater (StateMachineUpdater.java:stopAndJoin(125)) - 193495bf-c496-4e24-ad0b-455843e1a269@group-CE3B9C89E676-StateMachineUpdater: set stopIndex = 16
2019-09-17 07:44:25,038 [193495bf-c496-4e24-ad0b-455843e1a269@group-CE3B9C89E676-StateMachineUpdater] INFO  ratis.ContainerStateMachine (ContainerStateMachine.java:takeSnapshot(289)) - group-CE3B9C89E676: Taking a snapshot at:(t:2, i:13) file /workdir/hadoop-ozone/integration-test/target/test-dir/MiniOzoneClusterImpl-2856df08-3e92-4080-a2c9-ea03709d96bd/datanode-0/data/ratis/8c56802a-ccaf-4c04-a2b5-ce3b9c89e676/sm/snapshot.2_13
2019-09-17 07:44:25,039 [grpc-default-executor-6] INFO  server.GrpcServerProtocolService (GrpcServerProtocolService.java:onCompleted(113)) - fd1a6a38-1d12-46a9-943d-422a00bbff87: Completed APPEND_ENTRIES, lastRequest: 193495bf-c496-4e24-ad0b-455843e1a269->fd1a6a38-1d12-46a9-943d-422a00bbff87#69-t2, previous=(t:2, i:20), leaderCommit=16, initializing? false, entries: <empty>
2019-09-17 07:44:25,039 [grpc-default-executor-2] INFO  server.GrpcServerProtocolService (GrpcServerProtocolService.java:onCompleted(113)) - df3f7b97-e0a2-4b7a-b613-50634e06cc54: Completed APPEND_ENTRIES, lastRequest: 193495bf-c496-4e24-ad0b-455843e1a269->df3f7b97-e0a2-4b7a-b613-50634e06cc54#69-t2, previous=(t:2, i:20), leaderCommit=16, initializing? false, entries: <empty>
2019-09-17 07:44:25,044 [grpc-default-executor-6] INFO  server.GrpcLogAppender (GrpcLogAppender.java:onCompleted(293)) - 193495bf-c496-4e24-ad0b-455843e1a269@group-CE3B9C89E676->df3f7b97-e0a2-4b7a-b613-50634e06cc54-AppendLogResponseHandler: follower responses appendEntries COMPLETED
2019-09-17 07:44:25,044 [grpc-default-executor-2] INFO  server.GrpcLogAppender (GrpcLogAppender.java:onCompleted(293)) - 193495bf-c496-4e24-ad0b-455843e1a269@group-CE3B9C89E676->fd1a6a38-1d12-46a9-943d-422a00bbff87-AppendLogResponseHandler: follower responses appendEntries COMPLETED
2019-09-17 07:44:25,051 [grpc-default-executor-2] INFO  impl.FollowerInfo (FollowerInfo.java:lambda$new$0(51)) - 193495bf-c496-4e24-ad0b-455843e1a269@group-CE3B9C89E676->fd1a6a38-1d12-46a9-943d-422a00bbff87: nextIndex: updateUnconditionally 21 -> 17
2019-09-17 07:44:25,051 [grpc-default-executor-6] INFO  impl.FollowerInfo (FollowerInfo.java:lambda$new$0(51)) - 193495bf-c496-4e24-ad0b-455843e1a269@group-CE3B9C89E676->df3f7b97-e0a2-4b7a-b613-50634e06cc54: nextIndex: updateUnconditionally 21 -> 17
2019-09-17 07:44:25,082 [193495bf-c496-4e24-ad0b-455843e1a269@group-CE3B9C89E676-StateMachineUpdater] INFO  ratis.ContainerStateMachine (ContainerStateMachine.java:takeSnapshot(300)) - group-CE3B9C89E676: Finished taking a snapshot at:(t:2, i:13) file:/workdir/hadoop-ozone/integration-test/target/test-dir/MiniOzoneClusterImpl-2856df08-3e92-4080-a2c9-ea03709d96bd/datanode-0/data/ratis/8c56802a-ccaf-4c04-a2b5-ce3b9c89e676/sm/snapshot.2_13 time:44
2019-09-17 07:44:25,089 [193495bf-c496-4e24-ad0b-455843e1a269@group-CE3B9C89E676-StateMachineUpdater] INFO  impl.StateMachineUpdater (StateMachineUpdater.java:takeSnapshot(258)) - 193495bf-c496-4e24-ad0b-455843e1a269@group-CE3B9C89E676-StateMachineUpdater: Took a snapshot at index 13
2019-09-17 07:44:25,092 [193495bf-c496-4e24-ad0b-455843e1a269@group-CE3B9C89E676-StateMachineUpdater] INFO  impl.StateMachineUpdater (StateMachineUpdater.java:lambda$new$0(83)) - 193495bf-c496-4e24-ad0b-455843e1a269@group-CE3B9C89E676-StateMachineUpdater: snapshotIndex: updateIncreasingly -1 -> 13
2019-09-17 07:44:25,096 [193495bf-c496-4e24-ad0b-455843e1a269@group-CE3B9C89E676-StateMachineUpdater] INFO  ratis.ContainerStateMachine (ContainerStateMachine.java:takeSnapshot(289)) - group-CE3B9C89E676: Taking a snapshot at:(t:2, i:13) file /workdir/hadoop-ozone/integration-test/target/test-dir/MiniOzoneClusterImpl-2856df08-3e92-4080-a2c9-ea03709d96bd/datanode-0/data/ratis/8c56802a-ccaf-4c04-a2b5-ce3b9c89e676/sm/snapshot.2_13
2019-09-17 07:44:25,109 [193495bf-c496-4e24-ad0b-455843e1a269@group-CE3B9C89E676-StateMachineUpdater] INFO  ratis.ContainerStateMachine (ContainerStateMachine.java:takeSnapshot(300)) - group-CE3B9C89E676: Finished taking a snapshot at:(t:2, i:13) file:/workdir/hadoop-ozone/integration-test/target/test-dir/MiniOzoneClusterImpl-2856df08-3e92-4080-a2c9-ea03709d96bd/datanode-0/data/ratis/8c56802a-ccaf-4c04-a2b5-ce3b9c89e676/sm/snapshot.2_13 time:14
2019-09-17 07:44:25,109 [193495bf-c496-4e24-ad0b-455843e1a269@group-CE3B9C89E676-StateMachineUpdater] INFO  impl.StateMachineUpdater (StateMachineUpdater.java:takeSnapshot(258)) - 193495bf-c496-4e24-ad0b-455843e1a269@group-CE3B9C89E676-StateMachineUpdater: Took a snapshot at index 13
2019-09-17 07:44:25,109 [193495bf-c496-4e24-ad0b-455843e1a269@group-CE3B9C89E676-StateMachineUpdater] INFO  impl.StateMachineUpdater (StateMachineUpdater.java:lambda$new$0(83)) - 193495bf-c496-4e24-ad0b-455843e1a269@group-CE3B9C89E676-StateMachineUpdater: snapshotIndex: updateIncreasingly 13 -> 13
2019-09-17 07:44:25,110 [main] INFO  impl.RaftServerImpl (ServerState.java:close(385)) - 193495bf-c496-4e24-ad0b-455843e1a269@group-CE3B9C89E676: closes. applyIndex: 16
2019-09-17 07:44:25,123 [193495bf-c496-4e24-ad0b-455843e1a269@group-CE3B9C89E676-SegmentedRaftLogWorker] ERROR ratis.XceiverServerRatis (XceiverServerRatis.java:triggerPipelineClose(575)) - pipeline Action CLOSE  on pipeline PipelineID=8c56802a-ccaf-4c04-a2b5-ce3b9c89e676.Reason : WriteLog:19: (t:2, i:19), STATEMACHINELOGENTRY, client-F68F3035F915, cid=41-writeStateMachineData interrupted.
2019-09-17 07:44:25,127 [main] INFO  segmented.SegmentedRaftLogWorker (SegmentedRaftLogWorker.java:close(228)) - 193495bf-c496-4e24-ad0b-455843e1a269@group-CE3B9C89E676-SegmentedRaftLogWorker close()
2019-09-17 07:44:25,134 [main] INFO  server.GrpcService (GrpcService.java:closeImpl(164)) - 193495bf-c496-4e24-ad0b-455843e1a269: shutdown server with port 44913 now
2019-09-17 07:44:25,138 [main] INFO  server.GrpcService (GrpcService.java:closeImpl(172)) - 193495bf-c496-4e24-ad0b-455843e1a269: shutdown server with port 44913 successfully
2019-09-17 07:44:25,142 [refreshUsed-/workdir/hadoop-ozone/integration-test/target/test-dir/MiniOzoneClusterImpl-2856df08-3e92-4080-a2c9-ea03709d96bd/datanode-0/data/containers] WARN  fs.CachingGetSpaceUsed (CachingGetSpaceUsed.java:run(183)) - Thread Interrupted waiting to refresh disk information: sleep interrupted
2019-09-17 07:44:25,164 [main] INFO  utils.BackgroundService (BackgroundService.java:shutdown(148)) - Shutting down service BlockDeletingService
2019-09-17 07:44:25,172 [main] INFO  statemachine.DatanodeStateMachine (DatanodeStateMachine.java:stopDaemon(395)) - Ozone container server stopped.
2019-09-17 07:44:25,178 [main] INFO  handler.ContextHandler (ContextHandler.java:doStop(910)) - Stopped o.e.j.w.WebAppContext@3c5dbdf8{/,null,UNAVAILABLE}{/hddsDatanode}
2019-09-17 07:44:25,185 [main] INFO  server.AbstractConnector (AbstractConnector.java:doStop(318)) - Stopped ServerConnector@352c44a8{HTTP/1.1,[http/1.1]}{0.0.0.0:0}
2019-09-17 07:44:25,185 [main] INFO  handler.ContextHandler (ContextHandler.java:doStop(910)) - Stopped o.e.j.s.ServletContextHandler@433348bc{/static,jar:file:/home/user/.m2/repository/org/apache/hadoop/hadoop-hdds-container-service/0.5.0-SNAPSHOT/hadoop-hdds-container-service-0.5.0-SNAPSHOT.jar!/webapps/static,UNAVAILABLE}
2019-09-17 07:44:25,186 [main] INFO  handler.ContextHandler (ContextHandler.java:doStop(910)) - Stopped o.e.j.s.ServletContextHandler@5fa23c{/logs,file:///workdir/hadoop-ozone/integration-test/target/log,UNAVAILABLE}
2019-09-17 07:44:25,260 [grpc-default-executor-6] INFO  client.GrpcClientProtocolClient (GrpcClientProtocolClient.java:onNext(264)) - client-E0A2BD2BFF31->0f7bb9d9-5139-4852-be99-380e1bc1143c: receive RaftClientReply:client-E0A2BD2BFF31->0f7bb9d9-5139-4852-be99-380e1bc1143c@group-7C72F7D496C4, cid=47, SUCCESS, logIndex=9, commits[0f7bb9d9-5139-4852-be99-380e1bc1143c:c12, 6a48daa3-10a7-4dcf-835e-de50be54fa2c:c8, 9cc127b6-6322-4ddd-ad35-07c34665999c:c8]
2019-09-17 07:44:25,261 [grpc-default-executor-6] INFO  client.GrpcClientProtocolClient (GrpcClientProtocolClient.java:onNext(264)) - client-E0A2BD2BFF31->0f7bb9d9-5139-4852-be99-380e1bc1143c: receive RaftClientReply:client-E0A2BD2BFF31->0f7bb9d9-5139-4852-be99-380e1bc1143c@group-7C72F7D496C4, cid=48, SUCCESS, logIndex=10, commits[0f7bb9d9-5139-4852-be99-380e1bc1143c:c12, 6a48daa3-10a7-4dcf-835e-de50be54fa2c:c8, 9cc127b6-6322-4ddd-ad35-07c34665999c:c8]
2019-09-17 07:44:25,262 [grpc-default-executor-6] INFO  client.GrpcClientProtocolClient (GrpcClientProtocolClient.java:onNext(264)) - client-E0A2BD2BFF31->0f7bb9d9-5139-4852-be99-380e1bc1143c: receive RaftClientReply:client-E0A2BD2BFF31->0f7bb9d9-5139-4852-be99-380e1bc1143c@group-7C72F7D496C4, cid=49, SUCCESS, logIndex=11, commits[0f7bb9d9-5139-4852-be99-380e1bc1143c:c12, 6a48daa3-10a7-4dcf-835e-de50be54fa2c:c8, 9cc127b6-6322-4ddd-ad35-07c34665999c:c8]
2019-09-17 07:44:25,263 [grpc-default-executor-6] INFO  client.GrpcClientProtocolClient (GrpcClientProtocolClient.java:onNext(264)) - client-E0A2BD2BFF31->0f7bb9d9-5139-4852-be99-380e1bc1143c: receive RaftClientReply:client-E0A2BD2BFF31->0f7bb9d9-5139-4852-be99-380e1bc1143c@group-7C72F7D496C4, cid=50, SUCCESS, logIndex=12, commits[0f7bb9d9-5139-4852-be99-380e1bc1143c:c12, 6a48daa3-10a7-4dcf-835e-de50be54fa2c:c8, 9cc127b6-6322-4ddd-ad35-07c34665999c:c8]
2019-09-17 07:44:25,274 [grpc-default-executor-6] INFO  client.GrpcClientProtocolClient (GrpcClientProtocolClient.java:onNext(264)) - client-E0A2BD2BFF31->0f7bb9d9-5139-4852-be99-380e1bc1143c: receive RaftClientReply:client-E0A2BD2BFF31->0f7bb9d9-5139-4852-be99-380e1bc1143c@group-7C72F7D496C4, cid=51, SUCCESS, logIndex=0, commits[0f7bb9d9-5139-4852-be99-380e1bc1143c:c16, 6a48daa3-10a7-4dcf-835e-de50be54fa2c:c12, 9cc127b6-6322-4ddd-ad35-07c34665999c:c10]
2019-09-17 07:44:25,277 [grpc-default-executor-6] INFO  client.GrpcClientProtocolClient (GrpcClientProtocolClient.java:onNext(264)) - client-E0A2BD2BFF31->0f7bb9d9-5139-4852-be99-380e1bc1143c: receive RaftClientReply:client-E0A2BD2BFF31->0f7bb9d9-5139-4852-be99-380e1bc1143c@group-7C72F7D496C4, cid=52, SUCCESS, logIndex=0, commits[0f7bb9d9-5139-4852-be99-380e1bc1143c:c16, 6a48daa3-10a7-4dcf-835e-de50be54fa2c:c12, 9cc127b6-6322-4ddd-ad35-07c34665999c:c12]
2019-09-17 07:44:28,287 [java.util.concurrent.ThreadPoolExecutor$Worker@621a8e3a[State = -1, empty queue]] WARN  server.GrpcLogAppender (GrpcLogAppender.java:timeoutAppendRequest(200)) - 0f7bb9d9-5139-4852-be99-380e1bc1143c@group-7C72F7D496C4->9cc127b6-6322-4ddd-ad35-07c34665999c-GrpcLogAppender: appendEntries Timeout, request=0f7bb9d9-5139-4852-be99-380e1bc1143c->9cc127b6-6322-4ddd-ad35-07c34665999c#67-t2, previous=(t:2, i:16), leaderCommit=16, initializing? false, entries: size=1, first=(t:2, i:17), STATEMACHINELOGENTRY, client-E0A2BD2BFF31, cid=53
2019-09-17 07:44:28,287 [java.util.concurrent.ThreadPoolExecutor$Worker@34920f4e[State = -1, empty queue]] WARN  server.GrpcLogAppender (GrpcLogAppender.java:timeoutAppendRequest(200)) - 0f7bb9d9-5139-4852-be99-380e1bc1143c@group-7C72F7D496C4->6a48daa3-10a7-4dcf-835e-de50be54fa2c-GrpcLogAppender: appendEntries Timeout, request=0f7bb9d9-5139-4852-be99-380e1bc1143c->6a48daa3-10a7-4dcf-835e-de50be54fa2c#67-t2, previous=(t:2, i:16), leaderCommit=16, initializing? false, entries: size=1, first=(t:2, i:17), STATEMACHINELOGENTRY, client-E0A2BD2BFF31, cid=53
2019-09-17 07:44:28,288 [java.util.concurrent.ThreadPoolExecutor$Worker@621a8e3a[State = -1, empty queue]] WARN  server.GrpcLogAppender (GrpcLogAppender.java:timeoutAppendRequest(200)) - 0f7bb9d9-5139-4852-be99-380e1bc1143c@group-7C72F7D496C4->9cc127b6-6322-4ddd-ad35-07c34665999c-GrpcLogAppender: appendEntries Timeout, request=0f7bb9d9-5139-4852-be99-380e1bc1143c->9cc127b6-6322-4ddd-ad35-07c34665999c#68-t2, previous=(t:2, i:17), leaderCommit=16, initializing? false, entries: size=1, first=(t:2, i:18), STATEMACHINELOGENTRY, client-E0A2BD2BFF31, cid=54
2019-09-17 07:44:28,292 [java.util.concurrent.ThreadPoolExecutor$Worker@34920f4e[State = -1, empty queue]] WARN  server.GrpcLogAppender (GrpcLogAppender.java:timeoutAppendRequest(200)) - 0f7bb9d9-5139-4852-be99-380e1bc1143c@group-7C72F7D496C4->6a48daa3-10a7-4dcf-835e-de50be54fa2c-GrpcLogAppender: appendEntries Timeout, request=0f7bb9d9-5139-4852-be99-380e1bc1143c->6a48daa3-10a7-4dcf-835e-de50be54fa2c#68-t2, previous=(t:2, i:17), leaderCommit=16, initializing? false, entries: size=1, first=(t:2, i:18), STATEMACHINELOGENTRY, client-E0A2BD2BFF31, cid=54
2019-09-17 07:44:28,294 [java.util.concurrent.ThreadPoolExecutor$Worker@621a8e3a[State = -1, empty queue]] WARN  server.GrpcLogAppender (GrpcLogAppender.java:timeoutAppendRequest(200)) - 0f7bb9d9-5139-4852-be99-380e1bc1143c@group-7C72F7D496C4->9cc127b6-6322-4ddd-ad35-07c34665999c-GrpcLogAppender: appendEntries Timeout, request=0f7bb9d9-5139-4852-be99-380e1bc1143c->9cc127b6-6322-4ddd-ad35-07c34665999c#69-t2, previous=(t:2, i:18), leaderCommit=16, initializing? false, entries: size=1, first=(t:2, i:19), STATEMACHINELOGENTRY, client-E0A2BD2BFF31, cid=55
2019-09-17 07:44:28,297 [java.util.concurrent.ThreadPoolExecutor$Worker@34920f4e[State = -1, empty queue]] WARN  server.GrpcLogAppender (GrpcLogAppender.java:timeoutAppendRequest(200)) - 0f7bb9d9-5139-4852-be99-380e1bc1143c@group-7C72F7D496C4->6a48daa3-10a7-4dcf-835e-de50be54fa2c-GrpcLogAppender: appendEntries Timeout, request=0f7bb9d9-5139-4852-be99-380e1bc1143c->6a48daa3-10a7-4dcf-835e-de50be54fa2c#69-t2, previous=(t:2, i:18), leaderCommit=16, initializing? false, entries: size=1, first=(t:2, i:19), STATEMACHINELOGENTRY, client-E0A2BD2BFF31, cid=55
2019-09-17 07:44:28,300 [java.util.concurrent.ThreadPoolExecutor$Worker@621a8e3a[State = -1, empty queue]] WARN  server.GrpcLogAppender (GrpcLogAppender.java:timeoutAppendRequest(200)) - 0f7bb9d9-5139-4852-be99-380e1bc1143c@group-7C72F7D496C4->9cc127b6-6322-4ddd-ad35-07c34665999c-GrpcLogAppender: appendEntries Timeout, request=0f7bb9d9-5139-4852-be99-380e1bc1143c->9cc127b6-6322-4ddd-ad35-07c34665999c#70-t2, previous=(t:2, i:19), leaderCommit=16, initializing? false, entries: size=1, first=(t:2, i:20), STATEMACHINELOGENTRY, client-E0A2BD2BFF31, cid=56
2019-09-17 07:44:28,303 [java.util.concurrent.ThreadPoolExecutor$Worker@34920f4e[State = -1, empty queue]] WARN  server.GrpcLogAppender (GrpcLogAppender.java:timeoutAppendRequest(200)) - 0f7bb9d9-5139-4852-be99-380e1bc1143c@group-7C72F7D496C4->6a48daa3-10a7-4dcf-835e-de50be54fa2c-GrpcLogAppender: appendEntries Timeout, request=0f7bb9d9-5139-4852-be99-380e1bc1143c->6a48daa3-10a7-4dcf-835e-de50be54fa2c#70-t2, previous=(t:2, i:19), leaderCommit=16, initializing? false, entries: size=1, first=(t:2, i:20), STATEMACHINELOGENTRY, client-E0A2BD2BFF31, cid=56
2019-09-17 07:44:28,793 [java.util.concurrent.ThreadPoolExecutor$Worker@34920f4e[State = -1, empty queue]] WARN  server.GrpcLogAppender (GrpcLogAppender.java:timeoutAppendRequest(200)) - 0f7bb9d9-5139-4852-be99-380e1bc1143c@group-7C72F7D496C4->6a48daa3-10a7-4dcf-835e-de50be54fa2c-GrpcLogAppender: appendEntries Timeout, request=0f7bb9d9-5139-4852-be99-380e1bc1143c->6a48daa3-10a7-4dcf-835e-de50be54fa2c#71-t2, previous=(t:2, i:20), leaderCommit=16, initializing? false, entries: <empty>
2019-09-17 07:44:28,793 [java.util.concurrent.ThreadPoolExecutor$Worker@621a8e3a[State = -1, empty queue]] WARN  server.GrpcLogAppender (GrpcLogAppender.java:timeoutAppendRequest(200)) - 0f7bb9d9-5139-4852-be99-380e1bc1143c@group-7C72F7D496C4->9cc127b6-6322-4ddd-ad35-07c34665999c-GrpcLogAppender: appendEntries Timeout, request=0f7bb9d9-5139-4852-be99-380e1bc1143c->9cc127b6-6322-4ddd-ad35-07c34665999c#71-t2, previous=(t:2, i:20), leaderCommit=16, initializing? false, entries: <empty>
2019-09-17 07:44:29,315 [java.util.concurrent.ThreadPoolExecutor$Worker@621a8e3a[State = -1, empty queue]] WARN  server.GrpcLogAppender (GrpcLogAppender.java:timeoutAppendRequest(200)) - 0f7bb9d9-5139-4852-be99-380e1bc1143c@group-7C72F7D496C4->9cc127b6-6322-4ddd-ad35-07c34665999c-GrpcLogAppender: appendEntries Timeout, request=0f7bb9d9-5139-4852-be99-380e1bc1143c->9cc127b6-6322-4ddd-ad35-07c34665999c#72-t2, previous=(t:2, i:20), leaderCommit=16, initializing? false, entries: <empty>
2019-09-17 07:44:29,315 [java.util.concurrent.ThreadPoolExecutor$Worker@34920f4e[State = -1, empty queue]] WARN  server.GrpcLogAppender (GrpcLogAppender.java:timeoutAppendRequest(200)) - 0f7bb9d9-5139-4852-be99-380e1bc1143c@group-7C72F7D496C4->6a48daa3-10a7-4dcf-835e-de50be54fa2c-GrpcLogAppender: appendEntries Timeout, request=0f7bb9d9-5139-4852-be99-380e1bc1143c->6a48daa3-10a7-4dcf-835e-de50be54fa2c#72-t2, previous=(t:2, i:20), leaderCommit=16, initializing? false, entries: <empty>
2019-09-17 07:44:29,794 [java.util.concurrent.ThreadPoolExecutor$Worker@621a8e3a[State = -1, empty queue]] WARN  server.GrpcLogAppender (GrpcLogAppender.java:timeoutAppendRequest(200)) - 0f7bb9d9-5139-4852-be99-380e1bc1143c@group-7C72F7D496C4->9cc127b6-6322-4ddd-ad35-07c34665999c-GrpcLogAppender: appendEntries Timeout, request=0f7bb9d9-5139-4852-be99-380e1bc1143c->9cc127b6-6322-4ddd-ad35-07c34665999c#73-t2, previous=(t:2, i:20), leaderCommit=16, initializing? false, entries: <empty>
2019-09-17 07:44:29,794 [java.util.concurrent.ThreadPoolExecutor$Worker@34920f4e[State = -1, empty queue]] WARN  server.GrpcLogAppender (GrpcLogAppender.java:timeoutAppendRequest(200)) - 0f7bb9d9-5139-4852-be99-380e1bc1143c@group-7C72F7D496C4->6a48daa3-10a7-4dcf-835e-de50be54fa2c-GrpcLogAppender: appendEntries Timeout, request=0f7bb9d9-5139-4852-be99-380e1bc1143c->6a48daa3-10a7-4dcf-835e-de50be54fa2c#73-t2, previous=(t:2, i:20), leaderCommit=16, initializing? false, entries: <empty>
2019-09-17 07:44:30,294 [java.util.concurrent.ThreadPoolExecutor$Worker@34920f4e[State = -1, empty queue]] WARN  server.GrpcLogAppender (GrpcLogAppender.java:timeoutAppendRequest(200)) - 0f7bb9d9-5139-4852-be99-380e1bc1143c@group-7C72F7D496C4->6a48daa3-10a7-4dcf-835e-de50be54fa2c-GrpcLogAppender: appendEntries Timeout, request=0f7bb9d9-5139-4852-be99-380e1bc1143c->6a48daa3-10a7-4dcf-835e-de50be54fa2c#74-t2, previous=(t:2, i:20), leaderCommit=16, initializing? false, entries: <empty>
2019-09-17 07:44:30,294 [java.util.concurrent.ThreadPoolExecutor$Worker@621a8e3a[State = -1, empty queue]] WARN  server.GrpcLogAppender (GrpcLogAppender.java:timeoutAppendRequest(200)) - 0f7bb9d9-5139-4852-be99-380e1bc1143c@group-7C72F7D496C4->9cc127b6-6322-4ddd-ad35-07c34665999c-GrpcLogAppender: appendEntries Timeout, request=0f7bb9d9-5139-4852-be99-380e1bc1143c->9cc127b6-6322-4ddd-ad35-07c34665999c#74-t2, previous=(t:2, i:20), leaderCommit=16, initializing? false, entries: <empty>
2019-09-17 07:44:30,377 [grpc-default-executor-2] INFO  client.GrpcClientProtocolClient (GrpcClientProtocolClient.java:onNext(264)) - client-E0A2BD2BFF31->6a48daa3-10a7-4dcf-835e-de50be54fa2c: receive RaftClientReply:client-E0A2BD2BFF31->6a48daa3-10a7-4dcf-835e-de50be54fa2c@group-7C72F7D496C4, cid=53, FAILED org.apache.ratis.protocol.NotLeaderException: Server 6a48daa3-10a7-4dcf-835e-de50be54fa2c@group-7C72F7D496C4 is not the leader 0f7bb9d9-5139-4852-be99-380e1bc1143c:192.168.151.112:33997, logIndex=0, commits[6a48daa3-10a7-4dcf-835e-de50be54fa2c:c16, 0f7bb9d9-5139-4852-be99-380e1bc1143c:c16, 9cc127b6-6322-4ddd-ad35-07c34665999c:c12]
2019-09-17 07:44:30,796 [java.util.concurrent.ThreadPoolExecutor$Worker@621a8e3a[State = -1, empty queue]] WARN  server.GrpcLogAppender (GrpcLogAppender.java:timeoutAppendRequest(200)) - 0f7bb9d9-5139-4852-be99-380e1bc1143c@group-7C72F7D496C4->9cc127b6-6322-4ddd-ad35-07c34665999c-GrpcLogAppender: appendEntries Timeout, request=0f7bb9d9-5139-4852-be99-380e1bc1143c->9cc127b6-6322-4ddd-ad35-07c34665999c#75-t2, previous=(t:2, i:20), leaderCommit=16, initializing? false, entries: <empty>
2019-09-17 07:44:30,796 [java.util.concurrent.ThreadPoolExecutor$Worker@34920f4e[State = -1, empty queue]] WARN  server.GrpcLogAppender (GrpcLogAppender.java:timeoutAppendRequest(200)) - 0f7bb9d9-5139-4852-be99-380e1bc1143c@group-7C72F7D496C4->6a48daa3-10a7-4dcf-835e-de50be54fa2c-GrpcLogAppender: appendEntries Timeout, request=0f7bb9d9-5139-4852-be99-380e1bc1143c->6a48daa3-10a7-4dcf-835e-de50be54fa2c#75-t2, previous=(t:2, i:20), leaderCommit=16, initializing? false, entries: <empty>
2019-09-17 07:44:31,148 [fd1a6a38-1d12-46a9-943d-422a00bbff87@group-CE3B9C89E676-SegmentedRaftLogWorker] WARN  segmented.SegmentedRaftLogWorker (SegmentedRaftLogWorker.java:getFromFuture(90)) - Timeout 2/~
org.apache.ratis.protocol.TimeoutIOException: Timeout 10s: WriteLog:19: (t:2, i:19), STATEMACHINELOGENTRY, client-F68F3035F915, cid=41-writeStateMachineData
	at org.apache.ratis.util.IOUtils.getFromFuture(IOUtils.java:87)
	at org.apache.ratis.server.raftlog.segmented.SegmentedRaftLogWorker$StateMachineDataPolicy.getFromFuture(SegmentedRaftLogWorker.java:87)
	at org.apache.ratis.server.raftlog.segmented.SegmentedRaftLogWorker$WriteLog.execute(SegmentedRaftLogWorker.java:477)
	at org.apache.ratis.server.raftlog.segmented.SegmentedRaftLogWorker.run(SegmentedRaftLogWorker.java:289)
	at java.lang.Thread.run(Thread.java:748)
Caused by: java.util.concurrent.TimeoutException
	at java.util.concurrent.CompletableFuture.timedGet(CompletableFuture.java:1771)
	at java.util.concurrent.CompletableFuture.get(CompletableFuture.java:1915)
	at org.apache.ratis.util.IOUtils.getFromFuture(IOUtils.java:79)
	... 4 more
2019-09-17 07:44:31,149 [df3f7b97-e0a2-4b7a-b613-50634e06cc54@group-CE3B9C89E676-SegmentedRaftLogWorker] WARN  segmented.SegmentedRaftLogWorker (SegmentedRaftLogWorker.java:getFromFuture(90)) - Timeout 2/~
org.apache.ratis.protocol.TimeoutIOException: Timeout 10s: WriteLog:19: (t:2, i:19), STATEMACHINELOGENTRY, client-F68F3035F915, cid=41-writeStateMachineData
	at org.apache.ratis.util.IOUtils.getFromFuture(IOUtils.java:87)
	at org.apache.ratis.server.raftlog.segmented.SegmentedRaftLogWorker$StateMachineDataPolicy.getFromFuture(SegmentedRaftLogWorker.java:87)
	at org.apache.ratis.server.raftlog.segmented.SegmentedRaftLogWorker$WriteLog.execute(SegmentedRaftLogWorker.java:477)
	at org.apache.ratis.server.raftlog.segmented.SegmentedRaftLogWorker.run(SegmentedRaftLogWorker.java:289)
	at java.lang.Thread.run(Thread.java:748)
Caused by: java.util.concurrent.TimeoutException
	at java.util.concurrent.CompletableFuture.timedGet(CompletableFuture.java:1771)
	at java.util.concurrent.CompletableFuture.get(CompletableFuture.java:1915)
	at org.apache.ratis.util.IOUtils.getFromFuture(IOUtils.java:79)
	... 4 more
2019-09-17 07:44:31,300 [java.util.concurrent.ThreadPoolExecutor$Worker@621a8e3a[State = -1, empty queue]] WARN  server.GrpcLogAppender (GrpcLogAppender.java:timeoutAppendRequest(200)) - 0f7bb9d9-5139-4852-be99-380e1bc1143c@group-7C72F7D496C4->9cc127b6-6322-4ddd-ad35-07c34665999c-GrpcLogAppender: appendEntries Timeout, request=0f7bb9d9-5139-4852-be99-380e1bc1143c->9cc127b6-6322-4ddd-ad35-07c34665999c#76-t2, previous=(t:2, i:20), leaderCommit=16, initializing? false, entries: <empty>
2019-09-17 07:44:31,300 [java.util.concurrent.ThreadPoolExecutor$Worker@34920f4e[State = -1, empty queue]] WARN  server.GrpcLogAppender (GrpcLogAppender.java:timeoutAppendRequest(200)) - 0f7bb9d9-5139-4852-be99-380e1bc1143c@group-7C72F7D496C4->6a48daa3-10a7-4dcf-835e-de50be54fa2c-GrpcLogAppender: appendEntries Timeout, request=0f7bb9d9-5139-4852-be99-380e1bc1143c->6a48daa3-10a7-4dcf-835e-de50be54fa2c#76-t2, previous=(t:2, i:20), leaderCommit=16, initializing? false, entries: <empty>
2019-09-17 07:44:31,801 [java.util.concurrent.ThreadPoolExecutor$Worker@34920f4e[State = -1, empty queue]] WARN  server.GrpcLogAppender (GrpcLogAppender.java:timeoutAppendRequest(200)) - 0f7bb9d9-5139-4852-be99-380e1bc1143c@group-7C72F7D496C4->6a48daa3-10a7-4dcf-835e-de50be54fa2c-GrpcLogAppender: appendEntries Timeout, request=0f7bb9d9-5139-4852-be99-380e1bc1143c->6a48daa3-10a7-4dcf-835e-de50be54fa2c#77-t2, previous=(t:2, i:20), leaderCommit=16, initializing? false, entries: <empty>
2019-09-17 07:44:31,801 [java.util.concurrent.ThreadPoolExecutor$Worker@621a8e3a[State = -1, empty queue]] WARN  server.GrpcLogAppender (GrpcLogAppender.java:timeoutAppendRequest(200)) - 0f7bb9d9-5139-4852-be99-380e1bc1143c@group-7C72F7D496C4->9cc127b6-6322-4ddd-ad35-07c34665999c-GrpcLogAppender: appendEntries Timeout, request=0f7bb9d9-5139-4852-be99-380e1bc1143c->9cc127b6-6322-4ddd-ad35-07c34665999c#77-t2, previous=(t:2, i:20), leaderCommit=16, initializing? false, entries: <empty>
2019-09-17 07:44:32,315 [java.util.concurrent.ThreadPoolExecutor$Worker@34920f4e[State = -1, empty queue]] WARN  server.GrpcLogAppender (GrpcLogAppender.java:timeoutAppendRequest(200)) - 0f7bb9d9-5139-4852-be99-380e1bc1143c@group-7C72F7D496C4->6a48daa3-10a7-4dcf-835e-de50be54fa2c-GrpcLogAppender: appendEntries Timeout, request=0f7bb9d9-5139-4852-be99-380e1bc1143c->6a48daa3-10a7-4dcf-835e-de50be54fa2c#78-t2, previous=(t:2, i:20), leaderCommit=16, initializing? false, entries: <empty>
2019-09-17 07:44:32,315 [java.util.concurrent.ThreadPoolExecutor$Worker@621a8e3a[State = -1, empty queue]] WARN  server.GrpcLogAppender (GrpcLogAppender.java:timeoutAppendRequest(200)) - 0f7bb9d9-5139-4852-be99-380e1bc1143c@group-7C72F7D496C4->9cc127b6-6322-4ddd-ad35-07c34665999c-GrpcLogAppender: appendEntries Timeout, request=0f7bb9d9-5139-4852-be99-380e1bc1143c->9cc127b6-6322-4ddd-ad35-07c34665999c#78-t2, previous=(t:2, i:20), leaderCommit=16, initializing? false, entries: <empty>
2019-09-17 07:44:32,816 [java.util.concurrent.ThreadPoolExecutor$Worker@621a8e3a[State = -1, empty queue]] WARN  server.GrpcLogAppender (GrpcLogAppender.java:timeoutAppendRequest(200)) - 0f7bb9d9-5139-4852-be99-380e1bc1143c@group-7C72F7D496C4->9cc127b6-6322-4ddd-ad35-07c34665999c-GrpcLogAppender: appendEntries Timeout, request=0f7bb9d9-5139-4852-be99-380e1bc1143c->9cc127b6-6322-4ddd-ad35-07c34665999c#79-t2, previous=(t:2, i:20), leaderCommit=16, initializing? false, entries: <empty>
2019-09-17 07:44:32,816 [java.util.concurrent.ThreadPoolExecutor$Worker@34920f4e[State = -1, empty queue]] WARN  server.GrpcLogAppender (GrpcLogAppender.java:timeoutAppendRequest(200)) - 0f7bb9d9-5139-4852-be99-380e1bc1143c@group-7C72F7D496C4->6a48daa3-10a7-4dcf-835e-de50be54fa2c-GrpcLogAppender: appendEntries Timeout, request=0f7bb9d9-5139-4852-be99-380e1bc1143c->6a48daa3-10a7-4dcf-835e-de50be54fa2c#79-t2, previous=(t:2, i:20), leaderCommit=16, initializing? false, entries: <empty>
2019-09-17 07:44:33,317 [java.util.concurrent.ThreadPoolExecutor$Worker@621a8e3a[State = -1, empty queue]] WARN  server.GrpcLogAppender (GrpcLogAppender.java:timeoutAppendRequest(200)) - 0f7bb9d9-5139-4852-be99-380e1bc1143c@group-7C72F7D496C4->9cc127b6-6322-4ddd-ad35-07c34665999c-GrpcLogAppender: appendEntries Timeout, request=0f7bb9d9-5139-4852-be99-380e1bc1143c->9cc127b6-6322-4ddd-ad35-07c34665999c#80-t2, previous=(t:2, i:20), leaderCommit=16, initializing? false, entries: <empty>
2019-09-17 07:44:33,317 [java.util.concurrent.ThreadPoolExecutor$Worker@34920f4e[State = -1, empty queue]] WARN  server.GrpcLogAppender (GrpcLogAppender.java:timeoutAppendRequest(200)) - 0f7bb9d9-5139-4852-be99-380e1bc1143c@group-7C72F7D496C4->6a48daa3-10a7-4dcf-835e-de50be54fa2c-GrpcLogAppender: appendEntries Timeout, request=0f7bb9d9-5139-4852-be99-380e1bc1143c->6a48daa3-10a7-4dcf-835e-de50be54fa2c#80-t2, previous=(t:2, i:20), leaderCommit=16, initializing? false, entries: <empty>
2019-09-17 07:44:33,817 [java.util.concurrent.ThreadPoolExecutor$Worker@621a8e3a[State = -1, empty queue]] WARN  server.GrpcLogAppender (GrpcLogAppender.java:timeoutAppendRequest(200)) - 0f7bb9d9-5139-4852-be99-380e1bc1143c@group-7C72F7D496C4->9cc127b6-6322-4ddd-ad35-07c34665999c-GrpcLogAppender: appendEntries Timeout, request=0f7bb9d9-5139-4852-be99-380e1bc1143c->9cc127b6-6322-4ddd-ad35-07c34665999c#81-t2, previous=(t:2, i:20), leaderCommit=16, initializing? false, entries: <empty>
2019-09-17 07:44:33,817 [java.util.concurrent.ThreadPoolExecutor$Worker@34920f4e[State = -1, empty queue]] WARN  server.GrpcLogAppender (GrpcLogAppender.java:timeoutAppendRequest(200)) - 0f7bb9d9-5139-4852-be99-380e1bc1143c@group-7C72F7D496C4->6a48daa3-10a7-4dcf-835e-de50be54fa2c-GrpcLogAppender: appendEntries Timeout, request=0f7bb9d9-5139-4852-be99-380e1bc1143c->6a48daa3-10a7-4dcf-835e-de50be54fa2c#81-t2, previous=(t:2, i:20), leaderCommit=16, initializing? false, entries: <empty>
2019-09-17 07:44:34,318 [java.util.concurrent.ThreadPoolExecutor$Worker@621a8e3a[State = -1, empty queue]] WARN  server.GrpcLogAppender (GrpcLogAppender.java:timeoutAppendRequest(200)) - 0f7bb9d9-5139-4852-be99-380e1bc1143c@group-7C72F7D496C4->9cc127b6-6322-4ddd-ad35-07c34665999c-GrpcLogAppender: appendEntries Timeout, request=0f7bb9d9-5139-4852-be99-380e1bc1143c->9cc127b6-6322-4ddd-ad35-07c34665999c#82-t2, previous=(t:2, i:20), leaderCommit=16, initializing? false, entries: <empty>
2019-09-17 07:44:34,318 [java.util.concurrent.ThreadPoolExecutor$Worker@34920f4e[State = -1, empty queue]] WARN  server.GrpcLogAppender (GrpcLogAppender.java:timeoutAppendRequest(200)) - 0f7bb9d9-5139-4852-be99-380e1bc1143c@group-7C72F7D496C4->6a48daa3-10a7-4dcf-835e-de50be54fa2c-GrpcLogAppender: appendEntries Timeout, request=0f7bb9d9-5139-4852-be99-380e1bc1143c->6a48daa3-10a7-4dcf-835e-de50be54fa2c#82-t2, previous=(t:2, i:20), leaderCommit=16, initializing? false, entries: <empty>
2019-09-17 07:44:34,819 [java.util.concurrent.ThreadPoolExecutor$Worker@34920f4e[State = -1, empty queue]] WARN  server.GrpcLogAppender (GrpcLogAppender.java:timeoutAppendRequest(200)) - 0f7bb9d9-5139-4852-be99-380e1bc1143c@group-7C72F7D496C4->6a48daa3-10a7-4dcf-835e-de50be54fa2c-GrpcLogAppender: appendEntries Timeout, request=0f7bb9d9-5139-4852-be99-380e1bc1143c->6a48daa3-10a7-4dcf-835e-de50be54fa2c#83-t2, previous=(t:2, i:20), leaderCommit=16, initializing? false, entries: <empty>
2019-09-17 07:44:34,819 [java.util.concurrent.ThreadPoolExecutor$Worker@621a8e3a[State = -1, empty queue]] WARN  server.GrpcLogAppender (GrpcLogAppender.java:timeoutAppendRequest(200)) - 0f7bb9d9-5139-4852-be99-380e1bc1143c@group-7C72F7D496C4->9cc127b6-6322-4ddd-ad35-07c34665999c-GrpcLogAppender: appendEntries Timeout, request=0f7bb9d9-5139-4852-be99-380e1bc1143c->9cc127b6-6322-4ddd-ad35-07c34665999c#83-t2, previous=(t:2, i:20), leaderCommit=16, initializing? false, entries: <empty>
2019-09-17 07:44:35,286 [0f7bb9d9-5139-4852-be99-380e1bc1143c@group-7C72F7D496C4-SegmentedRaftLogWorker] WARN  segmented.SegmentedRaftLogWorker (SegmentedRaftLogWorker.java:getFromFuture(90)) - Timeout 0/~
org.apache.ratis.protocol.TimeoutIOException: Timeout 10s: WriteLog:17: (t:2, i:17), STATEMACHINELOGENTRY, client-E0A2BD2BFF31, cid=53-writeStateMachineData
	at org.apache.ratis.util.IOUtils.getFromFuture(IOUtils.java:87)
	at org.apache.ratis.server.raftlog.segmented.SegmentedRaftLogWorker$StateMachineDataPolicy.getFromFuture(SegmentedRaftLogWorker.java:87)
	at org.apache.ratis.server.raftlog.segmented.SegmentedRaftLogWorker$WriteLog.execute(SegmentedRaftLogWorker.java:477)
	at org.apache.ratis.server.raftlog.segmented.SegmentedRaftLogWorker.run(SegmentedRaftLogWorker.java:289)
	at java.lang.Thread.run(Thread.java:748)
Caused by: java.util.concurrent.TimeoutException
	at java.util.concurrent.CompletableFuture.timedGet(CompletableFuture.java:1771)
	at java.util.concurrent.CompletableFuture.get(CompletableFuture.java:1915)
	at org.apache.ratis.util.IOUtils.getFromFuture(IOUtils.java:79)
	... 4 more
2019-09-17 07:44:35,292 [9cc127b6-6322-4ddd-ad35-07c34665999c@group-7C72F7D496C4-SegmentedRaftLogWorker] WARN  segmented.SegmentedRaftLogWorker (SegmentedRaftLogWorker.java:getFromFuture(90)) - Timeout 0/~
org.apache.ratis.protocol.TimeoutIOException: Timeout 10s: WriteLog:17: (t:2, i:17), STATEMACHINELOGENTRY, client-E0A2BD2BFF31, cid=53-writeStateMachineData
	at org.apache.ratis.util.IOUtils.getFromFuture(IOUtils.java:87)
	at org.apache.ratis.server.raftlog.segmented.SegmentedRaftLogWorker$StateMachineDataPolicy.getFromFuture(SegmentedRaftLogWorker.java:87)
	at org.apache.ratis.server.raftlog.segmented.SegmentedRaftLogWorker$WriteLog.execute(SegmentedRaftLogWorker.java:477)
	at org.apache.ratis.server.raftlog.segmented.SegmentedRaftLogWorker.run(SegmentedRaftLogWorker.java:289)
	at java.lang.Thread.run(Thread.java:748)
Caused by: java.util.concurrent.TimeoutException
	at java.util.concurrent.CompletableFuture.timedGet(CompletableFuture.java:1771)
	at java.util.concurrent.CompletableFuture.get(CompletableFuture.java:1915)
	at org.apache.ratis.util.IOUtils.getFromFuture(IOUtils.java:79)
	... 4 more
2019-09-17 07:44:35,294 [6a48daa3-10a7-4dcf-835e-de50be54fa2c@group-7C72F7D496C4-SegmentedRaftLogWorker] WARN  segmented.SegmentedRaftLogWorker (SegmentedRaftLogWorker.java:getFromFuture(90)) - Timeout 0/~
org.apache.ratis.protocol.TimeoutIOException: Timeout 10s: WriteLog:17: (t:2, i:17), STATEMACHINELOGENTRY, client-E0A2BD2BFF31, cid=53-writeStateMachineData
	at org.apache.ratis.util.IOUtils.getFromFuture(IOUtils.java:87)
	at org.apache.ratis.server.raftlog.segmented.SegmentedRaftLogWorker$StateMachineDataPolicy.getFromFuture(SegmentedRaftLogWorker.java:87)
	at org.apache.ratis.server.raftlog.segmented.SegmentedRaftLogWorker$WriteLog.execute(SegmentedRaftLogWorker.java:477)
	at org.apache.ratis.server.raftlog.segmented.SegmentedRaftLogWorker.run(SegmentedRaftLogWorker.java:289)
	at java.lang.Thread.run(Thread.java:748)
Caused by: java.util.concurrent.TimeoutException
	at java.util.concurrent.CompletableFuture.timedGet(CompletableFuture.java:1771)
	at java.util.concurrent.CompletableFuture.get(CompletableFuture.java:1915)
	at org.apache.ratis.util.IOUtils.getFromFuture(IOUtils.java:79)
	... 4 more
2019-09-17 07:44:35,319 [java.util.concurrent.ThreadPoolExecutor$Worker@34920f4e[State = -1, empty queue]] WARN  server.GrpcLogAppender (GrpcLogAppender.java:timeoutAppendRequest(200)) - 0f7bb9d9-5139-4852-be99-380e1bc1143c@group-7C72F7D496C4->6a48daa3-10a7-4dcf-835e-de50be54fa2c-GrpcLogAppender: appendEntries Timeout, request=0f7bb9d9-5139-4852-be99-380e1bc1143c->6a48daa3-10a7-4dcf-835e-de50be54fa2c#84-t2, previous=(t:2, i:20), leaderCommit=16, initializing? false, entries: <empty>
2019-09-17 07:44:35,319 [java.util.concurrent.ThreadPoolExecutor$Worker@621a8e3a[State = -1, empty queue]] WARN  server.GrpcLogAppender (GrpcLogAppender.java:timeoutAppendRequest(200)) - 0f7bb9d9-5139-4852-be99-380e1bc1143c@group-7C72F7D496C4->9cc127b6-6322-4ddd-ad35-07c34665999c-GrpcLogAppender: appendEntries Timeout, request=0f7bb9d9-5139-4852-be99-380e1bc1143c->9cc127b6-6322-4ddd-ad35-07c34665999c#84-t2, previous=(t:2, i:20), leaderCommit=16, initializing? false, entries: <empty>
2019-09-17 07:44:35,454 [grpc-default-executor-6] INFO  client.GrpcClientProtocolClient (GrpcClientProtocolClient.java:onNext(264)) - client-E0A2BD2BFF31->9cc127b6-6322-4ddd-ad35-07c34665999c: receive RaftClientReply:client-E0A2BD2BFF31->9cc127b6-6322-4ddd-ad35-07c34665999c@group-7C72F7D496C4, cid=53, FAILED org.apache.ratis.protocol.NotLeaderException: Server 9cc127b6-6322-4ddd-ad35-07c34665999c@group-7C72F7D496C4 is not the leader 0f7bb9d9-5139-4852-be99-380e1bc1143c:192.168.151.112:33997, logIndex=0, commits[9cc127b6-6322-4ddd-ad35-07c34665999c:c16, 0f7bb9d9-5139-4852-be99-380e1bc1143c:c16, 6a48daa3-10a7-4dcf-835e-de50be54fa2c:c12]
2019-09-17 07:44:35,819 [java.util.concurrent.ThreadPoolExecutor$Worker@34920f4e[State = -1, empty queue]] WARN  server.GrpcLogAppender (GrpcLogAppender.java:timeoutAppendRequest(200)) - 0f7bb9d9-5139-4852-be99-380e1bc1143c@group-7C72F7D496C4->6a48daa3-10a7-4dcf-835e-de50be54fa2c-GrpcLogAppender: appendEntries Timeout, request=0f7bb9d9-5139-4852-be99-380e1bc1143c->6a48daa3-10a7-4dcf-835e-de50be54fa2c#85-t2, previous=(t:2, i:20), leaderCommit=16, initializing? false, entries: <empty>
2019-09-17 07:44:35,819 [java.util.concurrent.ThreadPoolExecutor$Worker@621a8e3a[State = -1, empty queue]] WARN  server.GrpcLogAppender (GrpcLogAppender.java:timeoutAppendRequest(200)) - 0f7bb9d9-5139-4852-be99-380e1bc1143c@group-7C72F7D496C4->9cc127b6-6322-4ddd-ad35-07c34665999c-GrpcLogAppender: appendEntries Timeout, request=0f7bb9d9-5139-4852-be99-380e1bc1143c->9cc127b6-6322-4ddd-ad35-07c34665999c#85-t2, previous=(t:2, i:20), leaderCommit=16, initializing? false, entries: <empty>
2019-09-17 07:44:36,320 [java.util.concurrent.ThreadPoolExecutor$Worker@621a8e3a[State = -1, empty queue]] WARN  server.GrpcLogAppender (GrpcLogAppender.java:timeoutAppendRequest(200)) - 0f7bb9d9-5139-4852-be99-380e1bc1143c@group-7C72F7D496C4->9cc127b6-6322-4ddd-ad35-07c34665999c-GrpcLogAppender: appendEntries Timeout, request=0f7bb9d9-5139-4852-be99-380e1bc1143c->9cc127b6-6322-4ddd-ad35-07c34665999c#86-t2, previous=(t:2, i:20), leaderCommit=16, initializing? false, entries: <empty>
2019-09-17 07:44:36,320 [java.util.concurrent.ThreadPoolExecutor$Worker@34920f4e[State = -1, empty queue]] WARN  server.GrpcLogAppender (GrpcLogAppender.java:timeoutAppendRequest(200)) - 0f7bb9d9-5139-4852-be99-380e1bc1143c@group-7C72F7D496C4->6a48daa3-10a7-4dcf-835e-de50be54fa2c-GrpcLogAppender: appendEntries Timeout, request=0f7bb9d9-5139-4852-be99-380e1bc1143c->6a48daa3-10a7-4dcf-835e-de50be54fa2c#86-t2, previous=(t:2, i:20), leaderCommit=16, initializing? false, entries: <empty>
2019-09-17 07:44:36,820 [java.util.concurrent.ThreadPoolExecutor$Worker@34920f4e[State = -1, empty queue]] WARN  server.GrpcLogAppender (GrpcLogAppender.java:timeoutAppendRequest(200)) - 0f7bb9d9-5139-4852-be99-380e1bc1143c@group-7C72F7D496C4->6a48daa3-10a7-4dcf-835e-de50be54fa2c-GrpcLogAppender: appendEntries Timeout, request=0f7bb9d9-5139-4852-be99-380e1bc1143c->6a48daa3-10a7-4dcf-835e-de50be54fa2c#87-t2, previous=(t:2, i:20), leaderCommit=16, initializing? false, entries: <empty>
2019-09-17 07:44:36,820 [java.util.concurrent.ThreadPoolExecutor$Worker@621a8e3a[State = -1, empty queue]] WARN  server.GrpcLogAppender (GrpcLogAppender.java:timeoutAppendRequest(200)) - 0f7bb9d9-5139-4852-be99-380e1bc1143c@group-7C72F7D496C4->9cc127b6-6322-4ddd-ad35-07c34665999c-GrpcLogAppender: appendEntries Timeout, request=0f7bb9d9-5139-4852-be99-380e1bc1143c->9cc127b6-6322-4ddd-ad35-07c34665999c#87-t2, previous=(t:2, i:20), leaderCommit=16, initializing? false, entries: <empty>
2019-09-17 07:44:37,321 [java.util.concurrent.ThreadPoolExecutor$Worker@34920f4e[State = -1, empty queue]] WARN  server.GrpcLogAppender (GrpcLogAppender.java:timeoutAppendRequest(200)) - 0f7bb9d9-5139-4852-be99-380e1bc1143c@group-7C72F7D496C4->6a48daa3-10a7-4dcf-835e-de50be54fa2c-GrpcLogAppender: appendEntries Timeout, request=0f7bb9d9-5139-4852-be99-380e1bc1143c->6a48daa3-10a7-4dcf-835e-de50be54fa2c#88-t2, previous=(t:2, i:20), leaderCommit=16, initializing? false, entries: <empty>
2019-09-17 07:44:37,321 [java.util.concurrent.ThreadPoolExecutor$Worker@621a8e3a[State = -1, empty queue]] WARN  server.GrpcLogAppender (GrpcLogAppender.java:timeoutAppendRequest(200)) - 0f7bb9d9-5139-4852-be99-380e1bc1143c@group-7C72F7D496C4->9cc127b6-6322-4ddd-ad35-07c34665999c-GrpcLogAppender: appendEntries Timeout, request=0f7bb9d9-5139-4852-be99-380e1bc1143c->9cc127b6-6322-4ddd-ad35-07c34665999c#88-t2, previous=(t:2, i:20), leaderCommit=16, initializing? false, entries: <empty>
2019-09-17 07:44:37,822 [java.util.concurrent.ThreadPoolExecutor$Worker@34920f4e[State = -1, empty queue]] WARN  server.GrpcLogAppender (GrpcLogAppender.java:timeoutAppendRequest(200)) - 0f7bb9d9-5139-4852-be99-380e1bc1143c@group-7C72F7D496C4->6a48daa3-10a7-4dcf-835e-de50be54fa2c-GrpcLogAppender: appendEntries Timeout, request=0f7bb9d9-5139-4852-be99-380e1bc1143c->6a48daa3-10a7-4dcf-835e-de50be54fa2c#89-t2, previous=(t:2, i:20), leaderCommit=16, initializing? false, entries: <empty>
2019-09-17 07:44:37,822 [java.util.concurrent.ThreadPoolExecutor$Worker@621a8e3a[State = -1, empty queue]] WARN  server.GrpcLogAppender (GrpcLogAppender.java:timeoutAppendRequest(200)) - 0f7bb9d9-5139-4852-be99-380e1bc1143c@group-7C72F7D496C4->9cc127b6-6322-4ddd-ad35-07c34665999c-GrpcLogAppender: appendEntries Timeout, request=0f7bb9d9-5139-4852-be99-380e1bc1143c->9cc127b6-6322-4ddd-ad35-07c34665999c#89-t2, previous=(t:2, i:20), leaderCommit=16, initializing? false, entries: <empty>
2019-09-17 07:44:38,322 [java.util.concurrent.ThreadPoolExecutor$Worker@621a8e3a[State = -1, empty queue]] WARN  server.GrpcLogAppender (GrpcLogAppender.java:timeoutAppendRequest(200)) - 0f7bb9d9-5139-4852-be99-380e1bc1143c@group-7C72F7D496C4->9cc127b6-6322-4ddd-ad35-07c34665999c-GrpcLogAppender: appendEntries Timeout, request=0f7bb9d9-5139-4852-be99-380e1bc1143c->9cc127b6-6322-4ddd-ad35-07c34665999c#90-t2, previous=(t:2, i:20), leaderCommit=16, initializing? false, entries: <empty>
2019-09-17 07:44:38,322 [java.util.concurrent.ThreadPoolExecutor$Worker@34920f4e[State = -1, empty queue]] WARN  server.GrpcLogAppender (GrpcLogAppender.java:timeoutAppendRequest(200)) - 0f7bb9d9-5139-4852-be99-380e1bc1143c@group-7C72F7D496C4->6a48daa3-10a7-4dcf-835e-de50be54fa2c-GrpcLogAppender: appendEntries Timeout, request=0f7bb9d9-5139-4852-be99-380e1bc1143c->6a48daa3-10a7-4dcf-835e-de50be54fa2c#90-t2, previous=(t:2, i:20), leaderCommit=16, initializing? false, entries: <empty>
2019-09-17 07:44:38,826 [java.util.concurrent.ThreadPoolExecutor$Worker@34920f4e[State = -1, empty queue]] WARN  server.GrpcLogAppender (GrpcLogAppender.java:timeoutAppendRequest(200)) - 0f7bb9d9-5139-4852-be99-380e1bc1143c@group-7C72F7D496C4->6a48daa3-10a7-4dcf-835e-de50be54fa2c-GrpcLogAppender: appendEntries Timeout, request=0f7bb9d9-5139-4852-be99-380e1bc1143c->6a48daa3-10a7-4dcf-835e-de50be54fa2c#91-t2, previous=(t:2, i:20), leaderCommit=16, initializing? false, entries: <empty>
2019-09-17 07:44:38,826 [java.util.concurrent.ThreadPoolExecutor$Worker@621a8e3a[State = -1, empty queue]] WARN  server.GrpcLogAppender (GrpcLogAppender.java:timeoutAppendRequest(200)) - 0f7bb9d9-5139-4852-be99-380e1bc1143c@group-7C72F7D496C4->9cc127b6-6322-4ddd-ad35-07c34665999c-GrpcLogAppender: appendEntries Timeout, request=0f7bb9d9-5139-4852-be99-380e1bc1143c->9cc127b6-6322-4ddd-ad35-07c34665999c#91-t2, previous=(t:2, i:20), leaderCommit=16, initializing? false, entries: <empty>
2019-09-17 07:44:39,327 [java.util.concurrent.ThreadPoolExecutor$Worker@621a8e3a[State = -1, empty queue]] WARN  server.GrpcLogAppender (GrpcLogAppender.java:timeoutAppendRequest(200)) - 0f7bb9d9-5139-4852-be99-380e1bc1143c@group-7C72F7D496C4->9cc127b6-6322-4ddd-ad35-07c34665999c-GrpcLogAppender: appendEntries Timeout, request=0f7bb9d9-5139-4852-be99-380e1bc1143c->9cc127b6-6322-4ddd-ad35-07c34665999c#92-t2, previous=(t:2, i:20), leaderCommit=16, initializing? false, entries: <empty>
2019-09-17 07:44:39,327 [java.util.concurrent.ThreadPoolExecutor$Worker@34920f4e[State = -1, empty queue]] WARN  server.GrpcLogAppender (GrpcLogAppender.java:timeoutAppendRequest(200)) - 0f7bb9d9-5139-4852-be99-380e1bc1143c@group-7C72F7D496C4->6a48daa3-10a7-4dcf-835e-de50be54fa2c-GrpcLogAppender: appendEntries Timeout, request=0f7bb9d9-5139-4852-be99-380e1bc1143c->6a48daa3-10a7-4dcf-835e-de50be54fa2c#92-t2, previous=(t:2, i:20), leaderCommit=16, initializing? false, entries: <empty>
2019-09-17 07:44:39,831 [java.util.concurrent.ThreadPoolExecutor$Worker@621a8e3a[State = -1, empty queue]] WARN  server.GrpcLogAppender (GrpcLogAppender.java:timeoutAppendRequest(200)) - 0f7bb9d9-5139-4852-be99-380e1bc1143c@group-7C72F7D496C4->9cc127b6-6322-4ddd-ad35-07c34665999c-GrpcLogAppender: appendEntries Timeout, request=0f7bb9d9-5139-4852-be99-380e1bc1143c->9cc127b6-6322-4ddd-ad35-07c34665999c#93-t2, previous=(t:2, i:20), leaderCommit=16, initializing? false, entries: <empty>
2019-09-17 07:44:39,831 [java.util.concurrent.ThreadPoolExecutor$Worker@34920f4e[State = -1, empty queue]] WARN  server.GrpcLogAppender (GrpcLogAppender.java:timeoutAppendRequest(200)) - 0f7bb9d9-5139-4852-be99-380e1bc1143c@group-7C72F7D496C4->6a48daa3-10a7-4dcf-835e-de50be54fa2c-GrpcLogAppender: appendEntries Timeout, request=0f7bb9d9-5139-4852-be99-380e1bc1143c->6a48daa3-10a7-4dcf-835e-de50be54fa2c#93-t2, previous=(t:2, i:20), leaderCommit=16, initializing? false, entries: <empty>
2019-09-17 07:44:40,331 [java.util.concurrent.ThreadPoolExecutor$Worker@34920f4e[State = -1, empty queue]] WARN  server.GrpcLogAppender (GrpcLogAppender.java:timeoutAppendRequest(200)) - 0f7bb9d9-5139-4852-be99-380e1bc1143c@group-7C72F7D496C4->6a48daa3-10a7-4dcf-835e-de50be54fa2c-GrpcLogAppender: appendEntries Timeout, request=0f7bb9d9-5139-4852-be99-380e1bc1143c->6a48daa3-10a7-4dcf-835e-de50be54fa2c#94-t2, previous=(t:2, i:20), leaderCommit=16, initializing? false, entries: <empty>
2019-09-17 07:44:40,331 [java.util.concurrent.ThreadPoolExecutor$Worker@621a8e3a[State = -1, empty queue]] WARN  server.GrpcLogAppender (GrpcLogAppender.java:timeoutAppendRequest(200)) - 0f7bb9d9-5139-4852-be99-380e1bc1143c@group-7C72F7D496C4->9cc127b6-6322-4ddd-ad35-07c34665999c-GrpcLogAppender: appendEntries Timeout, request=0f7bb9d9-5139-4852-be99-380e1bc1143c->9cc127b6-6322-4ddd-ad35-07c34665999c#94-t2, previous=(t:2, i:20), leaderCommit=16, initializing? false, entries: <empty>
2019-09-17 07:44:40,526 [grpc-default-executor-0] INFO  client.GrpcClientProtocolClient (GrpcClientProtocolClient.java:onNext(264)) - client-E0A2BD2BFF31->6a48daa3-10a7-4dcf-835e-de50be54fa2c: receive RaftClientReply:client-E0A2BD2BFF31->6a48daa3-10a7-4dcf-835e-de50be54fa2c@group-7C72F7D496C4, cid=53, FAILED org.apache.ratis.protocol.NotLeaderException: Server 6a48daa3-10a7-4dcf-835e-de50be54fa2c@group-7C72F7D496C4 is not the leader 0f7bb9d9-5139-4852-be99-380e1bc1143c:192.168.151.112:33997, logIndex=0, commits[6a48daa3-10a7-4dcf-835e-de50be54fa2c:c16, 0f7bb9d9-5139-4852-be99-380e1bc1143c:c16, 9cc127b6-6322-4ddd-ad35-07c34665999c:c12]
2019-09-17 07:44:40,832 [java.util.concurrent.ThreadPoolExecutor$Worker@34920f4e[State = -1, empty queue]] WARN  server.GrpcLogAppender (GrpcLogAppender.java:timeoutAppendRequest(200)) - 0f7bb9d9-5139-4852-be99-380e1bc1143c@group-7C72F7D496C4->6a48daa3-10a7-4dcf-835e-de50be54fa2c-GrpcLogAppender: appendEntries Timeout, request=0f7bb9d9-5139-4852-be99-380e1bc1143c->6a48daa3-10a7-4dcf-835e-de50be54fa2c#95-t2, previous=(t:2, i:20), leaderCommit=16, initializing? false, entries: <empty>
2019-09-17 07:44:40,832 [java.util.concurrent.ThreadPoolExecutor$Worker@621a8e3a[State = -1, empty queue]] WARN  server.GrpcLogAppender (GrpcLogAppender.java:timeoutAppendRequest(200)) - 0f7bb9d9-5139-4852-be99-380e1bc1143c@group-7C72F7D496C4->9cc127b6-6322-4ddd-ad35-07c34665999c-GrpcLogAppender: appendEntries Timeout, request=0f7bb9d9-5139-4852-be99-380e1bc1143c->9cc127b6-6322-4ddd-ad35-07c34665999c#95-t2, previous=(t:2, i:20), leaderCommit=16, initializing? false, entries: <empty>
2019-09-17 07:44:41,150 [fd1a6a38-1d12-46a9-943d-422a00bbff87@group-CE3B9C89E676-SegmentedRaftLogWorker] WARN  segmented.SegmentedRaftLogWorker (SegmentedRaftLogWorker.java:getFromFuture(90)) - Timeout 3/~
org.apache.ratis.protocol.TimeoutIOException: Timeout 10s: WriteLog:19: (t:2, i:19), STATEMACHINELOGENTRY, client-F68F3035F915, cid=41-writeStateMachineData
	at org.apache.ratis.util.IOUtils.getFromFuture(IOUtils.java:87)
	at org.apache.ratis.server.raftlog.segmented.SegmentedRaftLogWorker$StateMachineDataPolicy.getFromFuture(SegmentedRaftLogWorker.java:87)
	at org.apache.ratis.server.raftlog.segmented.SegmentedRaftLogWorker$WriteLog.execute(SegmentedRaftLogWorker.java:477)
	at org.apache.ratis.server.raftlog.segmented.SegmentedRaftLogWorker.run(SegmentedRaftLogWorker.java:289)
	at java.lang.Thread.run(Thread.java:748)
Caused by: java.util.concurrent.TimeoutException
	at java.util.concurrent.CompletableFuture.timedGet(CompletableFuture.java:1771)
	at java.util.concurrent.CompletableFuture.get(CompletableFuture.java:1915)
	at org.apache.ratis.util.IOUtils.getFromFuture(IOUtils.java:79)
	... 4 more
2019-09-17 07:44:41,150 [df3f7b97-e0a2-4b7a-b613-50634e06cc54@group-CE3B9C89E676-SegmentedRaftLogWorker] WARN  segmented.SegmentedRaftLogWorker (SegmentedRaftLogWorker.java:getFromFuture(90)) - Timeout 3/~
org.apache.ratis.protocol.TimeoutIOException: Timeout 10s: WriteLog:19: (t:2, i:19), STATEMACHINELOGENTRY, client-F68F3035F915, cid=41-writeStateMachineData
	at org.apache.ratis.util.IOUtils.getFromFuture(IOUtils.java:87)
	at org.apache.ratis.server.raftlog.segmented.SegmentedRaftLogWorker$StateMachineDataPolicy.getFromFuture(SegmentedRaftLogWorker.java:87)
	at org.apache.ratis.server.raftlog.segmented.SegmentedRaftLogWorker$WriteLog.execute(SegmentedRaftLogWorker.java:477)
	at org.apache.ratis.server.raftlog.segmented.SegmentedRaftLogWorker.run(SegmentedRaftLogWorker.java:289)
	at java.lang.Thread.run(Thread.java:748)
Caused by: java.util.concurrent.TimeoutException
	at java.util.concurrent.CompletableFuture.timedGet(CompletableFuture.java:1771)
	at java.util.concurrent.CompletableFuture.get(CompletableFuture.java:1915)
	at org.apache.ratis.util.IOUtils.getFromFuture(IOUtils.java:79)
	... 4 more
2019-09-17 07:44:41,333 [java.util.concurrent.ThreadPoolExecutor$Worker@621a8e3a[State = -1, empty queue]] WARN  server.GrpcLogAppender (GrpcLogAppender.java:timeoutAppendRequest(200)) - 0f7bb9d9-5139-4852-be99-380e1bc1143c@group-7C72F7D496C4->9cc127b6-6322-4ddd-ad35-07c34665999c-GrpcLogAppender: appendEntries Timeout, request=0f7bb9d9-5139-4852-be99-380e1bc1143c->9cc127b6-6322-4ddd-ad35-07c34665999c#96-t2, previous=(t:2, i:20), leaderCommit=16, initializing? false, entries: <empty>
2019-09-17 07:44:41,333 [java.util.concurrent.ThreadPoolExecutor$Worker@34920f4e[State = -1, empty queue]] WARN  server.GrpcLogAppender (GrpcLogAppender.java:timeoutAppendRequest(200)) - 0f7bb9d9-5139-4852-be99-380e1bc1143c@group-7C72F7D496C4->6a48daa3-10a7-4dcf-835e-de50be54fa2c-GrpcLogAppender: appendEntries Timeout, request=0f7bb9d9-5139-4852-be99-380e1bc1143c->6a48daa3-10a7-4dcf-835e-de50be54fa2c#96-t2, previous=(t:2, i:20), leaderCommit=16, initializing? false, entries: <empty>
2019-09-17 07:44:41,833 [java.util.concurrent.ThreadPoolExecutor$Worker@621a8e3a[State = -1, empty queue]] WARN  server.GrpcLogAppender (GrpcLogAppender.java:timeoutAppendRequest(200)) - 0f7bb9d9-5139-4852-be99-380e1bc1143c@group-7C72F7D496C4->9cc127b6-6322-4ddd-ad35-07c34665999c-GrpcLogAppender: appendEntries Timeout, request=0f7bb9d9-5139-4852-be99-380e1bc1143c->9cc127b6-6322-4ddd-ad35-07c34665999c#97-t2, previous=(t:2, i:20), leaderCommit=16, initializing? false, entries: <empty>
2019-09-17 07:44:41,833 [java.util.concurrent.ThreadPoolExecutor$Worker@34920f4e[State = -1, empty queue]] WARN  server.GrpcLogAppender (GrpcLogAppender.java:timeoutAppendRequest(200)) - 0f7bb9d9-5139-4852-be99-380e1bc1143c@group-7C72F7D496C4->6a48daa3-10a7-4dcf-835e-de50be54fa2c-GrpcLogAppender: appendEntries Timeout, request=0f7bb9d9-5139-4852-be99-380e1bc1143c->6a48daa3-10a7-4dcf-835e-de50be54fa2c#97-t2, previous=(t:2, i:20), leaderCommit=16, initializing? false, entries: <empty>
2019-09-17 07:44:42,334 [java.util.concurrent.ThreadPoolExecutor$Worker@621a8e3a[State = -1, empty queue]] WARN  server.GrpcLogAppender (GrpcLogAppender.java:timeoutAppendRequest(200)) - 0f7bb9d9-5139-4852-be99-380e1bc1143c@group-7C72F7D496C4->9cc127b6-6322-4ddd-ad35-07c34665999c-GrpcLogAppender: appendEntries Timeout, request=0f7bb9d9-5139-4852-be99-380e1bc1143c->9cc127b6-6322-4ddd-ad35-07c34665999c#98-t2, previous=(t:2, i:20), leaderCommit=16, initializing? false, entries: <empty>
2019-09-17 07:44:42,334 [java.util.concurrent.ThreadPoolExecutor$Worker@34920f4e[State = -1, empty queue]] WARN  server.GrpcLogAppender (GrpcLogAppender.java:timeoutAppendRequest(200)) - 0f7bb9d9-5139-4852-be99-380e1bc1143c@group-7C72F7D496C4->6a48daa3-10a7-4dcf-835e-de50be54fa2c-GrpcLogAppender: appendEntries Timeout, request=0f7bb9d9-5139-4852-be99-380e1bc1143c->6a48daa3-10a7-4dcf-835e-de50be54fa2c#98-t2, previous=(t:2, i:20), leaderCommit=16, initializing? false, entries: <empty>
2019-09-17 07:44:42,834 [java.util.concurrent.ThreadPoolExecutor$Worker@621a8e3a[State = -1, empty queue]] WARN  server.GrpcLogAppender (GrpcLogAppender.java:timeoutAppendRequest(200)) - 0f7bb9d9-5139-4852-be99-380e1bc1143c@group-7C72F7D496C4->9cc127b6-6322-4ddd-ad35-07c34665999c-GrpcLogAppender: appendEntries Timeout, request=0f7bb9d9-5139-4852-be99-380e1bc1143c->9cc127b6-6322-4ddd-ad35-07c34665999c#99-t2, previous=(t:2, i:20), leaderCommit=16, initializing? false, entries: <empty>
2019-09-17 07:44:42,834 [java.util.concurrent.ThreadPoolExecutor$Worker@34920f4e[State = -1, empty queue]] WARN  server.GrpcLogAppender (GrpcLogAppender.java:timeoutAppendRequest(200)) - 0f7bb9d9-5139-4852-be99-380e1bc1143c@group-7C72F7D496C4->6a48daa3-10a7-4dcf-835e-de50be54fa2c-GrpcLogAppender: appendEntries Timeout, request=0f7bb9d9-5139-4852-be99-380e1bc1143c->6a48daa3-10a7-4dcf-835e-de50be54fa2c#99-t2, previous=(t:2, i:20), leaderCommit=16, initializing? false, entries: <empty>
2019-09-17 07:44:43,335 [java.util.concurrent.ThreadPoolExecutor$Worker@621a8e3a[State = -1, empty queue]] WARN  server.GrpcLogAppender (GrpcLogAppender.java:timeoutAppendRequest(200)) - 0f7bb9d9-5139-4852-be99-380e1bc1143c@group-7C72F7D496C4->9cc127b6-6322-4ddd-ad35-07c34665999c-GrpcLogAppender: appendEntries Timeout, request=0f7bb9d9-5139-4852-be99-380e1bc1143c->9cc127b6-6322-4ddd-ad35-07c34665999c#100-t2, previous=(t:2, i:20), leaderCommit=16, initializing? false, entries: <empty>
2019-09-17 07:44:43,335 [java.util.concurrent.ThreadPoolExecutor$Worker@34920f4e[State = -1, empty queue]] WARN  server.GrpcLogAppender (GrpcLogAppender.java:timeoutAppendRequest(200)) - 0f7bb9d9-5139-4852-be99-380e1bc1143c@group-7C72F7D496C4->6a48daa3-10a7-4dcf-835e-de50be54fa2c-GrpcLogAppender: appendEntries Timeout, request=0f7bb9d9-5139-4852-be99-380e1bc1143c->6a48daa3-10a7-4dcf-835e-de50be54fa2c#100-t2, previous=(t:2, i:20), leaderCommit=16, initializing? false, entries: <empty>
2019-09-17 07:44:43,555 [main] WARN  io.KeyOutputStream (KeyOutputStream.java:handleException(276)) - Encountered exception java.io.IOException: Unexpected Storage Container Exception: java.util.concurrent.CompletionException: java.util.concurrent.CompletionException: org.apache.ratis.protocol.RaftRetryFailureException: Failed RaftClientRequest:client-E0A2BD2BFF31->0f7bb9d9-5139-4852-be99-380e1bc1143c@group-7C72F7D496C4, cid=53, seq=9*, RW, org.apache.hadoop.hdds.scm.XceiverClientRatis$$Lambda$458/1412392963@65f6691a for 10 attempts with RetryLimited(maxAttempts=10, sleepTime=1000ms) on the pipeline Pipeline[ Id: 0dd04a28-7048-4f82-b477-7c72f7d496c4, Nodes: 0f7bb9d9-5139-4852-be99-380e1bc1143c{ip: 192.168.151.112, host: pr-hdds-2134-72wlk-3981800394, networkLocation: /default-rack, certSerialId: null}6a48daa3-10a7-4dcf-835e-de50be54fa2c{ip: 192.168.151.112, host: pr-hdds-2134-72wlk-3981800394, networkLocation: /default-rack, certSerialId: null}9cc127b6-6322-4ddd-ad35-07c34665999c{ip: 192.168.151.112, host: pr-hdds-2134-72wlk-3981800394, networkLocation: /default-rack, certSerialId: null}, Type:RATIS, Factor:THREE, State:OPEN]. The last committed block length is 0, uncommitted data length is 2097152 retry count 0
2019-09-17 07:44:43,833 [grpc-default-executor-2] INFO  client.GrpcClientProtocolClient (GrpcClientProtocolClient.java:onNext(264)) - client-8A13B18BF2D1->cca845ef-daa9-4965-b848-0a1a0c80ebf1: receive RaftClientReply:client-8A13B18BF2D1->cca845ef-daa9-4965-b848-0a1a0c80ebf1@group-EAB0D3E59377, cid=57, SUCCESS, logIndex=16, commits[cca845ef-daa9-4965-b848-0a1a0c80ebf1:c16, a6514a8e-6408-4ac6-93dd-a0b43c53a9d5:c15, 96d93dec-e435-44d3-a97f-c1954b993e4b:c15]
2019-09-17 07:44:43,838 [java.util.concurrent.ThreadPoolExecutor$Worker@34920f4e[State = -1, empty queue]] WARN  server.GrpcLogAppender (GrpcLogAppender.java:timeoutAppendRequest(200)) - 0f7bb9d9-5139-4852-be99-380e1bc1143c@group-7C72F7D496C4->6a48daa3-10a7-4dcf-835e-de50be54fa2c-GrpcLogAppender: appendEntries Timeout, request=0f7bb9d9-5139-4852-be99-380e1bc1143c->6a48daa3-10a7-4dcf-835e-de50be54fa2c#101-t2, previous=(t:2, i:20), leaderCommit=16, initializing? false, entries: <empty>
2019-09-17 07:44:43,851 [java.util.concurrent.ThreadPoolExecutor$Worker@621a8e3a[State = -1, empty queue]] WARN  server.GrpcLogAppender (GrpcLogAppender.java:timeoutAppendRequest(200)) - 0f7bb9d9-5139-4852-be99-380e1bc1143c@group-7C72F7D496C4->9cc127b6-6322-4ddd-ad35-07c34665999c-GrpcLogAppender: appendEntries Timeout, request=0f7bb9d9-5139-4852-be99-380e1bc1143c->9cc127b6-6322-4ddd-ad35-07c34665999c#101-t2, previous=(t:2, i:20), leaderCommit=16, initializing? false, entries: <empty>
2019-09-17 07:44:43,886 [grpc-default-executor-8] INFO  client.GrpcClientProtocolClient (GrpcClientProtocolClient.java:onNext(264)) - client-8A13B18BF2D1->cca845ef-daa9-4965-b848-0a1a0c80ebf1: receive RaftClientReply:client-8A13B18BF2D1->cca845ef-daa9-4965-b848-0a1a0c80ebf1@group-EAB0D3E59377, cid=58, SUCCESS, logIndex=18, commits[cca845ef-daa9-4965-b848-0a1a0c80ebf1:c22, a6514a8e-6408-4ac6-93dd-a0b43c53a9d5:c19, 96d93dec-e435-44d3-a97f-c1954b993e4b:c21]
2019-09-17 07:44:43,887 [grpc-default-executor-8] INFO  client.GrpcClientProtocolClient (GrpcClientProtocolClient.java:onNext(264)) - client-8A13B18BF2D1->cca845ef-daa9-4965-b848-0a1a0c80ebf1: receive RaftClientReply:client-8A13B18BF2D1->cca845ef-daa9-4965-b848-0a1a0c80ebf1@group-EAB0D3E59377, cid=59, SUCCESS, logIndex=20, commits[cca845ef-daa9-4965-b848-0a1a0c80ebf1:c22, a6514a8e-6408-4ac6-93dd-a0b43c53a9d5:c21, 96d93dec-e435-44d3-a97f-c1954b993e4b:c21]
2019-09-17 07:44:43,999 [grpc-default-executor-8] INFO  client.GrpcClientProtocolClient (GrpcClientProtocolClient.java:onNext(264)) - client-8A13B18BF2D1->cca845ef-daa9-4965-b848-0a1a0c80ebf1: receive RaftClientReply:client-8A13B18BF2D1->cca845ef-daa9-4965-b848-0a1a0c80ebf1@group-EAB0D3E59377, cid=60, SUCCESS, logIndex=21, commits[cca845ef-daa9-4965-b848-0a1a0c80ebf1:c23, a6514a8e-6408-4ac6-93dd-a0b43c53a9d5:c21, 96d93dec-e435-44d3-a97f-c1954b993e4b:c21]
2019-09-17 07:44:44,035 [grpc-default-executor-6] INFO  client.GrpcClientProtocolClient (GrpcClientProtocolClient.java:onNext(264)) - client-8A13B18BF2D1->cca845ef-daa9-4965-b848-0a1a0c80ebf1: receive RaftClientReply:client-8A13B18BF2D1->cca845ef-daa9-4965-b848-0a1a0c80ebf1@group-EAB0D3E59377, cid=61, SUCCESS, logIndex=24, commits[cca845ef-daa9-4965-b848-0a1a0c80ebf1:c25, a6514a8e-6408-4ac6-93dd-a0b43c53a9d5:c23, 96d93dec-e435-44d3-a97f-c1954b993e4b:c23]
2019-09-17 07:44:44,036 [grpc-default-executor-6] INFO  client.GrpcClientProtocolClient (GrpcClientProtocolClient.java:onNext(264)) - client-8A13B18BF2D1->cca845ef-daa9-4965-b848-0a1a0c80ebf1: receive RaftClientReply:client-8A13B18BF2D1->cca845ef-daa9-4965-b848-0a1a0c80ebf1@group-EAB0D3E59377, cid=62, SUCCESS, logIndex=25, commits[cca845ef-daa9-4965-b848-0a1a0c80ebf1:c25, a6514a8e-6408-4ac6-93dd-a0b43c53a9d5:c23, 96d93dec-e435-44d3-a97f-c1954b993e4b:c23]
2019-09-17 07:44:44,141 [Datanode State Machine Thread - 0] INFO  statemachine.DatanodeStateMachine (DatanodeStateMachine.java:lambda$startDaemon$0(350)) - Ozone container server started.
2019-09-17 07:44:44,337 [java.util.concurrent.ThreadPoolExecutor$Worker@621a8e3a[State = -1, empty queue]] WARN  server.GrpcLogAppender (GrpcLogAppender.java:timeoutAppendRequest(200)) - 0f7bb9d9-5139-4852-be99-380e1bc1143c@group-7C72F7D496C4->9cc127b6-6322-4ddd-ad35-07c34665999c-GrpcLogAppender: appendEntries Timeout, request=0f7bb9d9-5139-4852-be99-380e1bc1143c->9cc127b6-6322-4ddd-ad35-07c34665999c#102-t2, previous=(t:2, i:20), leaderCommit=16, initializing? false, entries: <empty>
2019-09-17 07:44:44,337 [java.util.concurrent.ThreadPoolExecutor$Worker@34920f4e[State = -1, empty queue]] WARN  server.GrpcLogAppender (GrpcLogAppender.java:timeoutAppendRequest(200)) - 0f7bb9d9-5139-4852-be99-380e1bc1143c@group-7C72F7D496C4->6a48daa3-10a7-4dcf-835e-de50be54fa2c-GrpcLogAppender: appendEntries Timeout, request=0f7bb9d9-5139-4852-be99-380e1bc1143c->6a48daa3-10a7-4dcf-835e-de50be54fa2c#102-t2, previous=(t:2, i:20), leaderCommit=16, initializing? false, entries: <empty>
2019-09-17 07:44:44,845 [java.util.concurrent.ThreadPoolExecutor$Worker@621a8e3a[State = -1, empty queue]] WARN  server.GrpcLogAppender (GrpcLogAppender.java:timeoutAppendRequest(200)) - 0f7bb9d9-5139-4852-be99-380e1bc1143c@group-7C72F7D496C4->9cc127b6-6322-4ddd-ad35-07c34665999c-GrpcLogAppender: appendEntries Timeout, request=0f7bb9d9-5139-4852-be99-380e1bc1143c->9cc127b6-6322-4ddd-ad35-07c34665999c#103-t2, previous=(t:2, i:20), leaderCommit=16, initializing? false, entries: <empty>
2019-09-17 07:44:44,845 [java.util.concurrent.ThreadPoolExecutor$Worker@34920f4e[State = -1, empty queue]] WARN  server.GrpcLogAppender (GrpcLogAppender.java:timeoutAppendRequest(200)) - 0f7bb9d9-5139-4852-be99-380e1bc1143c@group-7C72F7D496C4->6a48daa3-10a7-4dcf-835e-de50be54fa2c-GrpcLogAppender: appendEntries Timeout, request=0f7bb9d9-5139-4852-be99-380e1bc1143c->6a48daa3-10a7-4dcf-835e-de50be54fa2c#103-t2, previous=(t:2, i:20), leaderCommit=16, initializing? false, entries: <empty>
2019-09-17 07:44:45,287 [0f7bb9d9-5139-4852-be99-380e1bc1143c@group-7C72F7D496C4-SegmentedRaftLogWorker] WARN  segmented.SegmentedRaftLogWorker (SegmentedRaftLogWorker.java:getFromFuture(90)) - Timeout 1/~
org.apache.ratis.protocol.TimeoutIOException: Timeout 10s: WriteLog:17: (t:2, i:17), STATEMACHINELOGENTRY, client-E0A2BD2BFF31, cid=53-writeStateMachineData
	at org.apache.ratis.util.IOUtils.getFromFuture(IOUtils.java:87)
	at org.apache.ratis.server.raftlog.segmented.SegmentedRaftLogWorker$StateMachineDataPolicy.getFromFuture(SegmentedRaftLogWorker.java:87)
	at org.apache.ratis.server.raftlog.segmented.SegmentedRaftLogWorker$WriteLog.execute(SegmentedRaftLogWorker.java:477)
	at org.apache.ratis.server.raftlog.segmented.SegmentedRaftLogWorker.run(SegmentedRaftLogWorker.java:289)
	at java.lang.Thread.run(Thread.java:748)
Caused by: java.util.concurrent.TimeoutException
	at java.util.concurrent.CompletableFuture.timedGet(CompletableFuture.java:1771)
	at java.util.concurrent.CompletableFuture.get(CompletableFuture.java:1915)
	at org.apache.ratis.util.IOUtils.getFromFuture(IOUtils.java:79)
	... 4 more
2019-09-17 07:44:45,292 [9cc127b6-6322-4ddd-ad35-07c34665999c@group-7C72F7D496C4-SegmentedRaftLogWorker] WARN  segmented.SegmentedRaftLogWorker (SegmentedRaftLogWorker.java:getFromFuture(90)) - Timeout 1/~
org.apache.ratis.protocol.TimeoutIOException: Timeout 10s: WriteLog:17: (t:2, i:17), STATEMACHINELOGENTRY, client-E0A2BD2BFF31, cid=53-writeStateMachineData
	at org.apache.ratis.util.IOUtils.getFromFuture(IOUtils.java:87)
	at org.apache.ratis.server.raftlog.segmented.SegmentedRaftLogWorker$StateMachineDataPolicy.getFromFuture(SegmentedRaftLogWorker.java:87)
	at org.apache.ratis.server.raftlog.segmented.SegmentedRaftLogWorker$WriteLog.execute(SegmentedRaftLogWorker.java:477)
	at org.apache.ratis.server.raftlog.segmented.SegmentedRaftLogWorker.run(SegmentedRaftLogWorker.java:289)
	at java.lang.Thread.run(Thread.java:748)
Caused by: java.util.concurrent.TimeoutException
	at java.util.concurrent.CompletableFuture.timedGet(CompletableFuture.java:1771)
	at java.util.concurrent.CompletableFuture.get(CompletableFuture.java:1915)
	at org.apache.ratis.util.IOUtils.getFromFuture(IOUtils.java:79)
	... 4 more
2019-09-17 07:44:45,295 [6a48daa3-10a7-4dcf-835e-de50be54fa2c@group-7C72F7D496C4-SegmentedRaftLogWorker] WARN  segmented.SegmentedRaftLogWorker (SegmentedRaftLogWorker.java:getFromFuture(90)) - Timeout 1/~
org.apache.ratis.protocol.TimeoutIOException: Timeout 10s: WriteLog:17: (t:2, i:17), STATEMACHINELOGENTRY, client-E0A2BD2BFF31, cid=53-writeStateMachineData
	at org.apache.ratis.util.IOUtils.getFromFuture(IOUtils.java:87)
	at org.apache.ratis.server.raftlog.segmented.SegmentedRaftLogWorker$StateMachineDataPolicy.getFromFuture(SegmentedRaftLogWorker.java:87)
	at org.apache.ratis.server.raftlog.segmented.SegmentedRaftLogWorker$WriteLog.execute(SegmentedRaftLogWorker.java:477)
	at org.apache.ratis.server.raftlog.segmented.SegmentedRaftLogWorker.run(SegmentedRaftLogWorker.java:289)
	at java.lang.Thread.run(Thread.java:748)
Caused by: java.util.concurrent.TimeoutException
	at java.util.concurrent.CompletableFuture.timedGet(CompletableFuture.java:1771)
	at java.util.concurrent.CompletableFuture.get(CompletableFuture.java:1915)
	at org.apache.ratis.util.IOUtils.getFromFuture(IOUtils.java:79)
	... 4 more
2019-09-17 07:44:45,345 [java.util.concurrent.ThreadPoolExecutor$Worker@621a8e3a[State = -1, empty queue]] WARN  server.GrpcLogAppender (GrpcLogAppender.java:timeoutAppendRequest(200)) - 0f7bb9d9-5139-4852-be99-380e1bc1143c@group-7C72F7D496C4->9cc127b6-6322-4ddd-ad35-07c34665999c-GrpcLogAppender: appendEntries Timeout, request=0f7bb9d9-5139-4852-be99-380e1bc1143c->9cc127b6-6322-4ddd-ad35-07c34665999c#104-t2, previous=(t:2, i:20), leaderCommit=16, initializing? false, entries: <empty>
2019-09-17 07:44:45,345 [java.util.concurrent.ThreadPoolExecutor$Worker@34920f4e[State = -1, empty queue]] WARN  server.GrpcLogAppender (GrpcLogAppender.java:timeoutAppendRequest(200)) - 0f7bb9d9-5139-4852-be99-380e1bc1143c@group-7C72F7D496C4->6a48daa3-10a7-4dcf-835e-de50be54fa2c-GrpcLogAppender: appendEntries Timeout, request=0f7bb9d9-5139-4852-be99-380e1bc1143c->6a48daa3-10a7-4dcf-835e-de50be54fa2c#104-t2, previous=(t:2, i:20), leaderCommit=16, initializing? false, entries: <empty>
2019-09-17 07:44:45,852 [java.util.concurrent.ThreadPoolExecutor$Worker@621a8e3a[State = -1, empty queue]] WARN  server.GrpcLogAppender (GrpcLogAppender.java:timeoutAppendRequest(200)) - 0f7bb9d9-5139-4852-be99-380e1bc1143c@group-7C72F7D496C4->9cc127b6-6322-4ddd-ad35-07c34665999c-GrpcLogAppender: appendEntries Timeout, request=0f7bb9d9-5139-4852-be99-380e1bc1143c->9cc127b6-6322-4ddd-ad35-07c34665999c#105-t2, previous=(t:2, i:20), leaderCommit=16, initializing? false, entries: <empty>
2019-09-17 07:44:45,852 [java.util.concurrent.ThreadPoolExecutor$Worker@34920f4e[State = -1, empty queue]] WARN  server.GrpcLogAppender (GrpcLogAppender.java:timeoutAppendRequest(200)) - 0f7bb9d9-5139-4852-be99-380e1bc1143c@group-7C72F7D496C4->6a48daa3-10a7-4dcf-835e-de50be54fa2c-GrpcLogAppender: appendEntries Timeout, request=0f7bb9d9-5139-4852-be99-380e1bc1143c->6a48daa3-10a7-4dcf-835e-de50be54fa2c#105-t2, previous=(t:2, i:20), leaderCommit=16, initializing? false, entries: <empty>
2019-09-17 07:44:46,353 [java.util.concurrent.ThreadPoolExecutor$Worker@621a8e3a[State = -1, empty queue]] WARN  server.GrpcLogAppender (GrpcLogAppender.java:timeoutAppendRequest(200)) - 0f7bb9d9-5139-4852-be99-380e1bc1143c@group-7C72F7D496C4->9cc127b6-6322-4ddd-ad35-07c34665999c-GrpcLogAppender: appendEntries Timeout, request=0f7bb9d9-5139-4852-be99-380e1bc1143c->9cc127b6-6322-4ddd-ad35-07c34665999c#106-t2, previous=(t:2, i:20), leaderCommit=16, initializing? false, entries: <empty>
2019-09-17 07:44:46,353 [java.util.concurrent.ThreadPoolExecutor$Worker@34920f4e[State = -1, empty queue]] WARN  server.GrpcLogAppender (GrpcLogAppender.java:timeoutAppendRequest(200)) - 0f7bb9d9-5139-4852-be99-380e1bc1143c@group-7C72F7D496C4->6a48daa3-10a7-4dcf-835e-de50be54fa2c-GrpcLogAppender: appendEntries Timeout, request=0f7bb9d9-5139-4852-be99-380e1bc1143c->6a48daa3-10a7-4dcf-835e-de50be54fa2c#106-t2, previous=(t:2, i:20), leaderCommit=16, initializing? false, entries: <empty>
2019-09-17 07:44:46,853 [java.util.concurrent.ThreadPoolExecutor$Worker@34920f4e[State = -1, empty queue]] WARN  server.GrpcLogAppender (GrpcLogAppender.java:timeoutAppendRequest(200)) - 0f7bb9d9-5139-4852-be99-380e1bc1143c@group-7C72F7D496C4->6a48daa3-10a7-4dcf-835e-de50be54fa2c-GrpcLogAppender: appendEntries Timeout, request=0f7bb9d9-5139-4852-be99-380e1bc1143c->6a48daa3-10a7-4dcf-835e-de50be54fa2c#107-t2, previous=(t:2, i:20), leaderCommit=16, initializing? false, entries: <empty>
2019-09-17 07:44:46,853 [java.util.concurrent.ThreadPoolExecutor$Worker@621a8e3a[State = -1, empty queue]] WARN  server.GrpcLogAppender (GrpcLogAppender.java:timeoutAppendRequest(200)) - 0f7bb9d9-5139-4852-be99-380e1bc1143c@group-7C72F7D496C4->9cc127b6-6322-4ddd-ad35-07c34665999c-GrpcLogAppender: appendEntries Timeout, request=0f7bb9d9-5139-4852-be99-380e1bc1143c->9cc127b6-6322-4ddd-ad35-07c34665999c#107-t2, previous=(t:2, i:20), leaderCommit=16, initializing? false, entries: <empty>
2019-09-17 07:44:47,353 [java.util.concurrent.ThreadPoolExecutor$Worker@621a8e3a[State = -1, empty queue]] WARN  server.GrpcLogAppender (GrpcLogAppender.java:timeoutAppendRequest(200)) - 0f7bb9d9-5139-4852-be99-380e1bc1143c@group-7C72F7D496C4->9cc127b6-6322-4ddd-ad35-07c34665999c-GrpcLogAppender: appendEntries Timeout, request=0f7bb9d9-5139-4852-be99-380e1bc1143c->9cc127b6-6322-4ddd-ad35-07c34665999c#108-t2, previous=(t:2, i:20), leaderCommit=16, initializing? false, entries: <empty>
2019-09-17 07:44:47,353 [java.util.concurrent.ThreadPoolExecutor$Worker@34920f4e[State = -1, empty queue]] WARN  server.GrpcLogAppender (GrpcLogAppender.java:timeoutAppendRequest(200)) - 0f7bb9d9-5139-4852-be99-380e1bc1143c@group-7C72F7D496C4->6a48daa3-10a7-4dcf-835e-de50be54fa2c-GrpcLogAppender: appendEntries Timeout, request=0f7bb9d9-5139-4852-be99-380e1bc1143c->6a48daa3-10a7-4dcf-835e-de50be54fa2c#108-t2, previous=(t:2, i:20), leaderCommit=16, initializing? false, entries: <empty>
2019-09-17 07:44:47,854 [java.util.concurrent.ThreadPoolExecutor$Worker@34920f4e[State = -1, empty queue]] WARN  server.GrpcLogAppender (GrpcLogAppender.java:timeoutAppendRequest(200)) - 0f7bb9d9-5139-4852-be99-380e1bc1143c@group-7C72F7D496C4->6a48daa3-10a7-4dcf-835e-de50be54fa2c-GrpcLogAppender: appendEntries Timeout, request=0f7bb9d9-5139-4852-be99-380e1bc1143c->6a48daa3-10a7-4dcf-835e-de50be54fa2c#109-t2, previous=(t:2, i:20), leaderCommit=16, initializing? false, entries: <empty>
2019-09-17 07:44:47,854 [java.util.concurrent.ThreadPoolExecutor$Worker@621a8e3a[State = -1, empty queue]] WARN  server.GrpcLogAppender (GrpcLogAppender.java:timeoutAppendRequest(200)) - 0f7bb9d9-5139-4852-be99-380e1bc1143c@group-7C72F7D496C4->9cc127b6-6322-4ddd-ad35-07c34665999c-GrpcLogAppender: appendEntries Timeout, request=0f7bb9d9-5139-4852-be99-380e1bc1143c->9cc127b6-6322-4ddd-ad35-07c34665999c#109-t2, previous=(t:2, i:20), leaderCommit=16, initializing? false, entries: <empty>
2019-09-17 07:44:48,354 [java.util.concurrent.ThreadPoolExecutor$Worker@621a8e3a[State = -1, empty queue]] WARN  server.GrpcLogAppender (GrpcLogAppender.java:timeoutAppendRequest(200)) - 0f7bb9d9-5139-4852-be99-380e1bc1143c@group-7C72F7D496C4->9cc127b6-6322-4ddd-ad35-07c34665999c-GrpcLogAppender: appendEntries Timeout, request=0f7bb9d9-5139-4852-be99-380e1bc1143c->9cc127b6-6322-4ddd-ad35-07c34665999c#110-t2, previous=(t:2, i:20), leaderCommit=16, initializing? false, entries: <empty>
2019-09-17 07:44:48,354 [java.util.concurrent.ThreadPoolExecutor$Worker@34920f4e[State = -1, empty queue]] WARN  server.GrpcLogAppender (GrpcLogAppender.java:timeoutAppendRequest(200)) - 0f7bb9d9-5139-4852-be99-380e1bc1143c@group-7C72F7D496C4->6a48daa3-10a7-4dcf-835e-de50be54fa2c-GrpcLogAppender: appendEntries Timeout, request=0f7bb9d9-5139-4852-be99-380e1bc1143c->6a48daa3-10a7-4dcf-835e-de50be54fa2c#110-t2, previous=(t:2, i:20), leaderCommit=16, initializing? false, entries: <empty>
2019-09-17 07:44:48,854 [java.util.concurrent.ThreadPoolExecutor$Worker@621a8e3a[State = -1, empty queue]] WARN  server.GrpcLogAppender (GrpcLogAppender.java:timeoutAppendRequest(200)) - 0f7bb9d9-5139-4852-be99-380e1bc1143c@group-7C72F7D496C4->9cc127b6-6322-4ddd-ad35-07c34665999c-GrpcLogAppender: appendEntries Timeout, request=0f7bb9d9-5139-4852-be99-380e1bc1143c->9cc127b6-6322-4ddd-ad35-07c34665999c#111-t2, previous=(t:2, i:20), leaderCommit=16, initializing? false, entries: <empty>
2019-09-17 07:44:48,854 [java.util.concurrent.ThreadPoolExecutor$Worker@34920f4e[State = -1, empty queue]] WARN  server.GrpcLogAppender (GrpcLogAppender.java:timeoutAppendRequest(200)) - 0f7bb9d9-5139-4852-be99-380e1bc1143c@group-7C72F7D496C4->6a48daa3-10a7-4dcf-835e-de50be54fa2c-GrpcLogAppender: appendEntries Timeout, request=0f7bb9d9-5139-4852-be99-380e1bc1143c->6a48daa3-10a7-4dcf-835e-de50be54fa2c#111-t2, previous=(t:2, i:20), leaderCommit=16, initializing? false, entries: <empty>
2019-09-17 07:44:49,012 [main] INFO  ozoneimpl.OzoneContainer (OzoneContainer.java:stop(231)) - Attempting to stop container services.
2019-09-17 07:44:49,013 [main] INFO  impl.RaftServerProxy (RaftServerProxy.java:lambda$close$4(314)) - fd1a6a38-1d12-46a9-943d-422a00bbff87: close
2019-09-17 07:44:49,014 [main] INFO  impl.RaftServerImpl (RaftServerImpl.java:lambda$shutdown$3(251)) - fd1a6a38-1d12-46a9-943d-422a00bbff87@group-2107CA32C477: shutdown
2019-09-17 07:44:49,014 [main] INFO  util.JmxRegister (JmxRegister.java:unregister(73)) - Successfully un-registered JMX Bean with object name Ratis:service=RaftServer,group=group-2107CA32C477,id=fd1a6a38-1d12-46a9-943d-422a00bbff87
2019-09-17 07:44:49,015 [main] INFO  impl.RoleInfo (RoleInfo.java:shutdownLeaderState(104)) - fd1a6a38-1d12-46a9-943d-422a00bbff87: shutdown LeaderState
2019-09-17 07:44:49,015 [main] INFO  impl.PendingRequests (PendingRequests.java:sendNotLeaderResponses(202)) - fd1a6a38-1d12-46a9-943d-422a00bbff87-PendingRequests: sendNotLeaderResponses
2019-09-17 07:44:49,016 [main] INFO  impl.StateMachineUpdater (StateMachineUpdater.java:stopAndJoin(125)) - fd1a6a38-1d12-46a9-943d-422a00bbff87@group-2107CA32C477-StateMachineUpdater: set stopIndex = 0
2019-09-17 07:44:49,017 [main] INFO  impl.RaftServerImpl (ServerState.java:close(385)) - fd1a6a38-1d12-46a9-943d-422a00bbff87@group-2107CA32C477: closes. applyIndex: 0
2019-09-17 07:44:49,018 [fd1a6a38-1d12-46a9-943d-422a00bbff87@group-2107CA32C477-SegmentedRaftLogWorker] INFO  segmented.SegmentedRaftLogWorker (SegmentedRaftLogWorker.java:run(313)) - fd1a6a38-1d12-46a9-943d-422a00bbff87@group-2107CA32C477-SegmentedRaftLogWorker was interrupted, exiting. There are 0 tasks remaining in the queue.
2019-09-17 07:44:49,027 [main] INFO  segmented.SegmentedRaftLogWorker (SegmentedRaftLogWorker.java:close(228)) - fd1a6a38-1d12-46a9-943d-422a00bbff87@group-2107CA32C477-SegmentedRaftLogWorker close()
2019-09-17 07:44:49,032 [main] INFO  impl.RaftServerImpl (RaftServerImpl.java:lambda$shutdown$3(251)) - fd1a6a38-1d12-46a9-943d-422a00bbff87@group-CE3B9C89E676: shutdown
2019-09-17 07:44:49,033 [main] INFO  util.JmxRegister (JmxRegister.java:unregister(73)) - Successfully un-registered JMX Bean with object name Ratis:service=RaftServer,group=group-CE3B9C89E676,id=fd1a6a38-1d12-46a9-943d-422a00bbff87
2019-09-17 07:44:49,033 [main] INFO  impl.RoleInfo (RoleInfo.java:shutdownFollowerState(121)) - fd1a6a38-1d12-46a9-943d-422a00bbff87: shutdown FollowerState
2019-09-17 07:44:49,034 [main] INFO  impl.StateMachineUpdater (StateMachineUpdater.java:stopAndJoin(125)) - fd1a6a38-1d12-46a9-943d-422a00bbff87@group-CE3B9C89E676-StateMachineUpdater: set stopIndex = 16
2019-09-17 07:44:49,034 [fd1a6a38-1d12-46a9-943d-422a00bbff87@group-CE3B9C89E676-StateMachineUpdater] INFO  ratis.ContainerStateMachine (ContainerStateMachine.java:takeSnapshot(289)) - group-CE3B9C89E676: Taking a snapshot at:(t:2, i:12) file /workdir/hadoop-ozone/integration-test/target/test-dir/MiniOzoneClusterImpl-2856df08-3e92-4080-a2c9-ea03709d96bd/datanode-1/data/ratis/8c56802a-ccaf-4c04-a2b5-ce3b9c89e676/sm/snapshot.2_12
2019-09-17 07:44:49,034 [Thread-423] INFO  impl.FollowerState (FollowerState.java:run(115)) - fd1a6a38-1d12-46a9-943d-422a00bbff87: FollowerState was interrupted: java.lang.InterruptedException: sleep interrupted
2019-09-17 07:44:49,051 [fd1a6a38-1d12-46a9-943d-422a00bbff87@group-CE3B9C89E676-StateMachineUpdater] INFO  ratis.ContainerStateMachine (ContainerStateMachine.java:takeSnapshot(300)) - group-CE3B9C89E676: Finished taking a snapshot at:(t:2, i:12) file:/workdir/hadoop-ozone/integration-test/target/test-dir/MiniOzoneClusterImpl-2856df08-3e92-4080-a2c9-ea03709d96bd/datanode-1/data/ratis/8c56802a-ccaf-4c04-a2b5-ce3b9c89e676/sm/snapshot.2_12 time:18
2019-09-17 07:44:49,052 [fd1a6a38-1d12-46a9-943d-422a00bbff87@group-CE3B9C89E676-StateMachineUpdater] INFO  impl.StateMachineUpdater (StateMachineUpdater.java:takeSnapshot(258)) - fd1a6a38-1d12-46a9-943d-422a00bbff87@group-CE3B9C89E676-StateMachineUpdater: Took a snapshot at index 12
2019-09-17 07:44:49,052 [fd1a6a38-1d12-46a9-943d-422a00bbff87@group-CE3B9C89E676-StateMachineUpdater] INFO  impl.StateMachineUpdater (StateMachineUpdater.java:lambda$new$0(83)) - fd1a6a38-1d12-46a9-943d-422a00bbff87@group-CE3B9C89E676-StateMachineUpdater: snapshotIndex: updateIncreasingly -1 -> 12
2019-09-17 07:44:49,052 [fd1a6a38-1d12-46a9-943d-422a00bbff87@group-CE3B9C89E676-StateMachineUpdater] INFO  ratis.ContainerStateMachine (ContainerStateMachine.java:takeSnapshot(289)) - group-CE3B9C89E676: Taking a snapshot at:(t:2, i:12) file /workdir/hadoop-ozone/integration-test/target/test-dir/MiniOzoneClusterImpl-2856df08-3e92-4080-a2c9-ea03709d96bd/datanode-1/data/ratis/8c56802a-ccaf-4c04-a2b5-ce3b9c89e676/sm/snapshot.2_12
2019-09-17 07:44:49,064 [fd1a6a38-1d12-46a9-943d-422a00bbff87@group-CE3B9C89E676-StateMachineUpdater] INFO  ratis.ContainerStateMachine (ContainerStateMachine.java:takeSnapshot(300)) - group-CE3B9C89E676: Finished taking a snapshot at:(t:2, i:12) file:/workdir/hadoop-ozone/integration-test/target/test-dir/MiniOzoneClusterImpl-2856df08-3e92-4080-a2c9-ea03709d96bd/datanode-1/data/ratis/8c56802a-ccaf-4c04-a2b5-ce3b9c89e676/sm/snapshot.2_12 time:12
2019-09-17 07:44:49,065 [fd1a6a38-1d12-46a9-943d-422a00bbff87@group-CE3B9C89E676-StateMachineUpdater] INFO  impl.StateMachineUpdater (StateMachineUpdater.java:takeSnapshot(258)) - fd1a6a38-1d12-46a9-943d-422a00bbff87@group-CE3B9C89E676-StateMachineUpdater: Took a snapshot at index 12
2019-09-17 07:44:49,065 [fd1a6a38-1d12-46a9-943d-422a00bbff87@group-CE3B9C89E676-StateMachineUpdater] INFO  impl.StateMachineUpdater (StateMachineUpdater.java:lambda$new$0(83)) - fd1a6a38-1d12-46a9-943d-422a00bbff87@group-CE3B9C89E676-StateMachineUpdater: snapshotIndex: updateIncreasingly 12 -> 12
2019-09-17 07:44:49,065 [main] INFO  impl.RaftServerImpl (ServerState.java:close(385)) - fd1a6a38-1d12-46a9-943d-422a00bbff87@group-CE3B9C89E676: closes. applyIndex: 16
2019-09-17 07:44:49,069 [fd1a6a38-1d12-46a9-943d-422a00bbff87@group-CE3B9C89E676-SegmentedRaftLogWorker] ERROR ratis.XceiverServerRatis (XceiverServerRatis.java:triggerPipelineClose(575)) - pipeline Action CLOSE  on pipeline PipelineID=8c56802a-ccaf-4c04-a2b5-ce3b9c89e676.Reason : WriteLog:19: (t:2, i:19), STATEMACHINELOGENTRY, client-F68F3035F915, cid=41-writeStateMachineData interrupted.
2019-09-17 07:44:49,083 [main] INFO  segmented.SegmentedRaftLogWorker (SegmentedRaftLogWorker.java:close(228)) - fd1a6a38-1d12-46a9-943d-422a00bbff87@group-CE3B9C89E676-SegmentedRaftLogWorker close()
2019-09-17 07:44:49,088 [main] INFO  server.GrpcService (GrpcService.java:closeImpl(164)) - fd1a6a38-1d12-46a9-943d-422a00bbff87: shutdown server with port 35309 now
2019-09-17 07:44:49,103 [main] INFO  server.GrpcService (GrpcService.java:closeImpl(172)) - fd1a6a38-1d12-46a9-943d-422a00bbff87: shutdown server with port 35309 successfully
2019-09-17 07:44:49,115 [refreshUsed-/workdir/hadoop-ozone/integration-test/target/test-dir/MiniOzoneClusterImpl-2856df08-3e92-4080-a2c9-ea03709d96bd/datanode-1/data/containers] WARN  fs.CachingGetSpaceUsed (CachingGetSpaceUsed.java:run(183)) - Thread Interrupted waiting to refresh disk information: sleep interrupted
2019-09-17 07:44:49,136 [main] INFO  utils.BackgroundService (BackgroundService.java:shutdown(148)) - Shutting down service BlockDeletingService
2019-09-17 07:44:49,143 [main] INFO  statemachine.DatanodeStateMachine (DatanodeStateMachine.java:stopDaemon(395)) - Ozone container server stopped.
2019-09-17 07:44:49,145 [main] INFO  handler.ContextHandler (ContextHandler.java:doStop(910)) - Stopped o.e.j.w.WebAppContext@1422ac7f{/,null,UNAVAILABLE}{/hddsDatanode}
2019-09-17 07:44:49,146 [main] INFO  server.AbstractConnector (AbstractConnector.java:doStop(318)) - Stopped ServerConnector@5e519ad3{HTTP/1.1,[http/1.1]}{0.0.0.0:0}
2019-09-17 07:44:49,146 [main] INFO  handler.ContextHandler (ContextHandler.java:doStop(910)) - Stopped o.e.j.s.ServletContextHandler@277b8fa4{/static,jar:file:/home/user/.m2/repository/org/apache/hadoop/hadoop-hdds-container-service/0.5.0-SNAPSHOT/hadoop-hdds-container-service-0.5.0-SNAPSHOT.jar!/webapps/static,UNAVAILABLE}
2019-09-17 07:44:49,147 [main] INFO  handler.ContextHandler (ContextHandler.java:doStop(910)) - Stopped o.e.j.s.ServletContextHandler@625d9132{/logs,file:///workdir/hadoop-ozone/integration-test/target/log,UNAVAILABLE}
2019-09-17 07:44:49,209 [grpc-default-executor-8] INFO  client.GrpcClientProtocolClient (GrpcClientProtocolClient.java:onNext(264)) - client-8A13B18BF2D1->cca845ef-daa9-4965-b848-0a1a0c80ebf1: receive RaftClientReply:client-8A13B18BF2D1->cca845ef-daa9-4965-b848-0a1a0c80ebf1@group-EAB0D3E59377, cid=63, SUCCESS, logIndex=28, commits[cca845ef-daa9-4965-b848-0a1a0c80ebf1:c29, a6514a8e-6408-4ac6-93dd-a0b43c53a9d5:c27, 96d93dec-e435-44d3-a97f-c1954b993e4b:c27]
2019-09-17 07:44:49,210 [grpc-default-executor-8] INFO  client.GrpcClientProtocolClient (GrpcClientProtocolClient.java:onNext(264)) - client-8A13B18BF2D1->cca845ef-daa9-4965-b848-0a1a0c80ebf1: receive RaftClientReply:client-8A13B18BF2D1->cca845ef-daa9-4965-b848-0a1a0c80ebf1@group-EAB0D3E59377, cid=64, SUCCESS, logIndex=29, commits[cca845ef-daa9-4965-b848-0a1a0c80ebf1:c29, a6514a8e-6408-4ac6-93dd-a0b43c53a9d5:c27, 96d93dec-e435-44d3-a97f-c1954b993e4b:c27]
2019-09-17 07:44:49,237 [grpc-default-executor-8] INFO  client.GrpcClientProtocolClient (GrpcClientProtocolClient.java:onNext(264)) - client-8A13B18BF2D1->cca845ef-daa9-4965-b848-0a1a0c80ebf1: receive RaftClientReply:client-8A13B18BF2D1->cca845ef-daa9-4965-b848-0a1a0c80ebf1@group-EAB0D3E59377, cid=65, SUCCESS, logIndex=0, commits[cca845ef-daa9-4965-b848-0a1a0c80ebf1:c30, a6514a8e-6408-4ac6-93dd-a0b43c53a9d5:c29, 96d93dec-e435-44d3-a97f-c1954b993e4b:c29]
2019-09-17 07:44:49,355 [java.util.concurrent.ThreadPoolExecutor$Worker@34920f4e[State = -1, empty queue]] WARN  server.GrpcLogAppender (GrpcLogAppender.java:timeoutAppendRequest(200)) - 0f7bb9d9-5139-4852-be99-380e1bc1143c@group-7C72F7D496C4->6a48daa3-10a7-4dcf-835e-de50be54fa2c-GrpcLogAppender: appendEntries Timeout, request=0f7bb9d9-5139-4852-be99-380e1bc1143c->6a48daa3-10a7-4dcf-835e-de50be54fa2c#112-t2, previous=(t:2, i:20), leaderCommit=16, initializing? false, entries: <empty>
2019-09-17 07:44:49,355 [java.util.concurrent.ThreadPoolExecutor$Worker@621a8e3a[State = -1, empty queue]] WARN  server.GrpcLogAppender (GrpcLogAppender.java:timeoutAppendRequest(200)) - 0f7bb9d9-5139-4852-be99-380e1bc1143c@group-7C72F7D496C4->9cc127b6-6322-4ddd-ad35-07c34665999c-GrpcLogAppender: appendEntries Timeout, request=0f7bb9d9-5139-4852-be99-380e1bc1143c->9cc127b6-6322-4ddd-ad35-07c34665999c#112-t2, previous=(t:2, i:20), leaderCommit=16, initializing? false, entries: <empty>
2019-09-17 07:44:49,855 [java.util.concurrent.ThreadPoolExecutor$Worker@621a8e3a[State = -1, empty queue]] WARN  server.GrpcLogAppender (GrpcLogAppender.java:timeoutAppendRequest(200)) - 0f7bb9d9-5139-4852-be99-380e1bc1143c@group-7C72F7D496C4->9cc127b6-6322-4ddd-ad35-07c34665999c-GrpcLogAppender: appendEntries Timeout, request=0f7bb9d9-5139-4852-be99-380e1bc1143c->9cc127b6-6322-4ddd-ad35-07c34665999c#113-t2, previous=(t:2, i:20), leaderCommit=16, initializing? false, entries: <empty>
2019-09-17 07:44:49,855 [java.util.concurrent.ThreadPoolExecutor$Worker@34920f4e[State = -1, empty queue]] WARN  server.GrpcLogAppender (GrpcLogAppender.java:timeoutAppendRequest(200)) - 0f7bb9d9-5139-4852-be99-380e1bc1143c@group-7C72F7D496C4->6a48daa3-10a7-4dcf-835e-de50be54fa2c-GrpcLogAppender: appendEntries Timeout, request=0f7bb9d9-5139-4852-be99-380e1bc1143c->6a48daa3-10a7-4dcf-835e-de50be54fa2c#113-t2, previous=(t:2, i:20), leaderCommit=16, initializing? false, entries: <empty>
2019-09-17 07:44:50,355 [java.util.concurrent.ThreadPoolExecutor$Worker@621a8e3a[State = -1, empty queue]] WARN  server.GrpcLogAppender (GrpcLogAppender.java:timeoutAppendRequest(200)) - 0f7bb9d9-5139-4852-be99-380e1bc1143c@group-7C72F7D496C4->9cc127b6-6322-4ddd-ad35-07c34665999c-GrpcLogAppender: appendEntries Timeout, request=0f7bb9d9-5139-4852-be99-380e1bc1143c->9cc127b6-6322-4ddd-ad35-07c34665999c#114-t2, previous=(t:2, i:20), leaderCommit=16, initializing? false, entries: <empty>
2019-09-17 07:44:50,355 [java.util.concurrent.ThreadPoolExecutor$Worker@34920f4e[State = -1, empty queue]] WARN  server.GrpcLogAppender (GrpcLogAppender.java:timeoutAppendRequest(200)) - 0f7bb9d9-5139-4852-be99-380e1bc1143c@group-7C72F7D496C4->6a48daa3-10a7-4dcf-835e-de50be54fa2c-GrpcLogAppender: appendEntries Timeout, request=0f7bb9d9-5139-4852-be99-380e1bc1143c->6a48daa3-10a7-4dcf-835e-de50be54fa2c#114-t2, previous=(t:2, i:20), leaderCommit=16, initializing? false, entries: <empty>
2019-09-17 07:44:50,856 [java.util.concurrent.ThreadPoolExecutor$Worker@621a8e3a[State = -1, empty queue]] WARN  server.GrpcLogAppender (GrpcLogAppender.java:timeoutAppendRequest(200)) - 0f7bb9d9-5139-4852-be99-380e1bc1143c@group-7C72F7D496C4->9cc127b6-6322-4ddd-ad35-07c34665999c-GrpcLogAppender: appendEntries Timeout, request=0f7bb9d9-5139-4852-be99-380e1bc1143c->9cc127b6-6322-4ddd-ad35-07c34665999c#115-t2, previous=(t:2, i:20), leaderCommit=16, initializing? false, entries: <empty>
2019-09-17 07:44:50,856 [java.util.concurrent.ThreadPoolExecutor$Worker@34920f4e[State = -1, empty queue]] WARN  server.GrpcLogAppender (GrpcLogAppender.java:timeoutAppendRequest(200)) - 0f7bb9d9-5139-4852-be99-380e1bc1143c@group-7C72F7D496C4->6a48daa3-10a7-4dcf-835e-de50be54fa2c-GrpcLogAppender: appendEntries Timeout, request=0f7bb9d9-5139-4852-be99-380e1bc1143c->6a48daa3-10a7-4dcf-835e-de50be54fa2c#115-t2, previous=(t:2, i:20), leaderCommit=16, initializing? false, entries: <empty>
2019-09-17 07:44:51,152 [df3f7b97-e0a2-4b7a-b613-50634e06cc54@group-CE3B9C89E676-SegmentedRaftLogWorker] WARN  segmented.SegmentedRaftLogWorker (SegmentedRaftLogWorker.java:getFromFuture(90)) - Timeout 4/~
org.apache.ratis.protocol.TimeoutIOException: Timeout 10s: WriteLog:19: (t:2, i:19), STATEMACHINELOGENTRY, client-F68F3035F915, cid=41-writeStateMachineData
	at org.apache.ratis.util.IOUtils.getFromFuture(IOUtils.java:87)
	at org.apache.ratis.server.raftlog.segmented.SegmentedRaftLogWorker$StateMachineDataPolicy.getFromFuture(SegmentedRaftLogWorker.java:87)
	at org.apache.ratis.server.raftlog.segmented.SegmentedRaftLogWorker$WriteLog.execute(SegmentedRaftLogWorker.java:477)
	at org.apache.ratis.server.raftlog.segmented.SegmentedRaftLogWorker.run(SegmentedRaftLogWorker.java:289)
	at java.lang.Thread.run(Thread.java:748)
Caused by: java.util.concurrent.TimeoutException
	at java.util.concurrent.CompletableFuture.timedGet(CompletableFuture.java:1771)
	at java.util.concurrent.CompletableFuture.get(CompletableFuture.java:1915)
	at org.apache.ratis.util.IOUtils.getFromFuture(IOUtils.java:79)
	... 4 more
2019-09-17 07:44:51,356 [java.util.concurrent.ThreadPoolExecutor$Worker@621a8e3a[State = -1, empty queue]] WARN  server.GrpcLogAppender (GrpcLogAppender.java:timeoutAppendRequest(200)) - 0f7bb9d9-5139-4852-be99-380e1bc1143c@group-7C72F7D496C4->9cc127b6-6322-4ddd-ad35-07c34665999c-GrpcLogAppender: appendEntries Timeout, request=0f7bb9d9-5139-4852-be99-380e1bc1143c->9cc127b6-6322-4ddd-ad35-07c34665999c#116-t2, previous=(t:2, i:20), leaderCommit=16, initializing? false, entries: <empty>
2019-09-17 07:44:51,356 [java.util.concurrent.ThreadPoolExecutor$Worker@34920f4e[State = -1, empty queue]] WARN  server.GrpcLogAppender (GrpcLogAppender.java:timeoutAppendRequest(200)) - 0f7bb9d9-5139-4852-be99-380e1bc1143c@group-7C72F7D496C4->6a48daa3-10a7-4dcf-835e-de50be54fa2c-GrpcLogAppender: appendEntries Timeout, request=0f7bb9d9-5139-4852-be99-380e1bc1143c->6a48daa3-10a7-4dcf-835e-de50be54fa2c#116-t2, previous=(t:2, i:20), leaderCommit=16, initializing? false, entries: <empty>
2019-09-17 07:44:51,857 [java.util.concurrent.ThreadPoolExecutor$Worker@621a8e3a[State = -1, empty queue]] WARN  server.GrpcLogAppender (GrpcLogAppender.java:timeoutAppendRequest(200)) - 0f7bb9d9-5139-4852-be99-380e1bc1143c@group-7C72F7D496C4->9cc127b6-6322-4ddd-ad35-07c34665999c-GrpcLogAppender: appendEntries Timeout, request=0f7bb9d9-5139-4852-be99-380e1bc1143c->9cc127b6-6322-4ddd-ad35-07c34665999c#117-t2, previous=(t:2, i:20), leaderCommit=16, initializing? false, entries: <empty>
2019-09-17 07:44:51,857 [java.util.concurrent.ThreadPoolExecutor$Worker@34920f4e[State = -1, empty queue]] WARN  server.GrpcLogAppender (GrpcLogAppender.java:timeoutAppendRequest(200)) - 0f7bb9d9-5139-4852-be99-380e1bc1143c@group-7C72F7D496C4->6a48daa3-10a7-4dcf-835e-de50be54fa2c-GrpcLogAppender: appendEntries Timeout, request=0f7bb9d9-5139-4852-be99-380e1bc1143c->6a48daa3-10a7-4dcf-835e-de50be54fa2c#117-t2, previous=(t:2, i:20), leaderCommit=16, initializing? false, entries: <empty>
2019-09-17 07:44:52,276 [java.util.concurrent.ThreadPoolExecutor$Worker@1a8f3f9a[State = -1, empty queue]] WARN  server.GrpcLogAppender (GrpcLogAppender.java:timeoutAppendRequest(200)) - cca845ef-daa9-4965-b848-0a1a0c80ebf1@group-EAB0D3E59377->a6514a8e-6408-4ac6-93dd-a0b43c53a9d5-GrpcLogAppender: appendEntries Timeout, request=cca845ef-daa9-4965-b848-0a1a0c80ebf1->a6514a8e-6408-4ac6-93dd-a0b43c53a9d5#128-t2, previous=(t:2, i:31), leaderCommit=31, initializing? false, entries: size=1, first=(t:2, i:32), STATEMACHINELOGENTRY, client-8A13B18BF2D1, cid=66
2019-09-17 07:44:52,276 [java.util.concurrent.ThreadPoolExecutor$Worker@d090998[State = -1, empty queue]] WARN  server.GrpcLogAppender (GrpcLogAppender.java:timeoutAppendRequest(200)) - cca845ef-daa9-4965-b848-0a1a0c80ebf1@group-EAB0D3E59377->96d93dec-e435-44d3-a97f-c1954b993e4b-GrpcLogAppender: appendEntries Timeout, request=cca845ef-daa9-4965-b848-0a1a0c80ebf1->96d93dec-e435-44d3-a97f-c1954b993e4b#128-t2, previous=(t:2, i:31), leaderCommit=31, initializing? false, entries: size=1, first=(t:2, i:32), STATEMACHINELOGENTRY, client-8A13B18BF2D1, cid=66
2019-09-17 07:44:52,277 [java.util.concurrent.ThreadPoolExecutor$Worker@1a8f3f9a[State = -1, empty queue]] WARN  server.GrpcLogAppender (GrpcLogAppender.java:timeoutAppendRequest(200)) - cca845ef-daa9-4965-b848-0a1a0c80ebf1@group-EAB0D3E59377->a6514a8e-6408-4ac6-93dd-a0b43c53a9d5-GrpcLogAppender: appendEntries Timeout, request=cca845ef-daa9-4965-b848-0a1a0c80ebf1->a6514a8e-6408-4ac6-93dd-a0b43c53a9d5#129-t2, previous=(t:2, i:32), leaderCommit=31, initializing? false, entries: size=1, first=(t:2, i:33), STATEMACHINELOGENTRY, client-8A13B18BF2D1, cid=67
2019-09-17 07:44:52,279 [java.util.concurrent.ThreadPoolExecutor$Worker@d090998[State = -1, empty queue]] WARN  server.GrpcLogAppender (GrpcLogAppender.java:timeoutAppendRequest(200)) - cca845ef-daa9-4965-b848-0a1a0c80ebf1@group-EAB0D3E59377->96d93dec-e435-44d3-a97f-c1954b993e4b-GrpcLogAppender: appendEntries Timeout, request=cca845ef-daa9-4965-b848-0a1a0c80ebf1->96d93dec-e435-44d3-a97f-c1954b993e4b#129-t2, previous=(t:2, i:32), leaderCommit=31, initializing? false, entries: size=1, first=(t:2, i:33), STATEMACHINELOGENTRY, client-8A13B18BF2D1, cid=67
2019-09-17 07:44:52,287 [java.util.concurrent.ThreadPoolExecutor$Worker@d090998[State = -1, empty queue]] WARN  server.GrpcLogAppender (GrpcLogAppender.java:timeoutAppendRequest(200)) - cca845ef-daa9-4965-b848-0a1a0c80ebf1@group-EAB0D3E59377->96d93dec-e435-44d3-a97f-c1954b993e4b-GrpcLogAppender: appendEntries Timeout, request=cca845ef-daa9-4965-b848-0a1a0c80ebf1->96d93dec-e435-44d3-a97f-c1954b993e4b#130-t2, previous=(t:2, i:33), leaderCommit=31, initializing? false, entries: size=1, first=(t:2, i:34), STATEMACHINELOGENTRY, client-8A13B18BF2D1, cid=68
2019-09-17 07:44:52,287 [java.util.concurrent.ThreadPoolExecutor$Worker@1a8f3f9a[State = -1, empty queue]] WARN  server.GrpcLogAppender (GrpcLogAppender.java:timeoutAppendRequest(200)) - cca845ef-daa9-4965-b848-0a1a0c80ebf1@group-EAB0D3E59377->a6514a8e-6408-4ac6-93dd-a0b43c53a9d5-GrpcLogAppender: appendEntries Timeout, request=cca845ef-daa9-4965-b848-0a1a0c80ebf1->a6514a8e-6408-4ac6-93dd-a0b43c53a9d5#130-t2, previous=(t:2, i:33), leaderCommit=31, initializing? false, entries: size=1, first=(t:2, i:34), STATEMACHINELOGENTRY, client-8A13B18BF2D1, cid=68
2019-09-17 07:44:52,290 [java.util.concurrent.ThreadPoolExecutor$Worker@d090998[State = -1, empty queue]] WARN  server.GrpcLogAppender (GrpcLogAppender.java:timeoutAppendRequest(200)) - cca845ef-daa9-4965-b848-0a1a0c80ebf1@group-EAB0D3E59377->96d93dec-e435-44d3-a97f-c1954b993e4b-GrpcLogAppender: appendEntries Timeout, request=cca845ef-daa9-4965-b848-0a1a0c80ebf1->96d93dec-e435-44d3-a97f-c1954b993e4b#131-t2, previous=(t:2, i:34), leaderCommit=31, initializing? false, entries: size=1, first=(t:2, i:35), STATEMACHINELOGENTRY, client-8A13B18BF2D1, cid=69
2019-09-17 07:44:52,292 [java.util.concurrent.ThreadPoolExecutor$Worker@1a8f3f9a[State = -1, empty queue]] WARN  server.GrpcLogAppender (GrpcLogAppender.java:timeoutAppendRequest(200)) - cca845ef-daa9-4965-b848-0a1a0c80ebf1@group-EAB0D3E59377->a6514a8e-6408-4ac6-93dd-a0b43c53a9d5-GrpcLogAppender: appendEntries Timeout, request=cca845ef-daa9-4965-b848-0a1a0c80ebf1->a6514a8e-6408-4ac6-93dd-a0b43c53a9d5#131-t2, previous=(t:2, i:34), leaderCommit=31, initializing? false, entries: size=1, first=(t:2, i:35), STATEMACHINELOGENTRY, client-8A13B18BF2D1, cid=69
2019-09-17 07:44:52,357 [java.util.concurrent.ThreadPoolExecutor$Worker@34920f4e[State = -1, empty queue]] WARN  server.GrpcLogAppender (GrpcLogAppender.java:timeoutAppendRequest(200)) - 0f7bb9d9-5139-4852-be99-380e1bc1143c@group-7C72F7D496C4->6a48daa3-10a7-4dcf-835e-de50be54fa2c-GrpcLogAppender: appendEntries Timeout, request=0f7bb9d9-5139-4852-be99-380e1bc1143c->6a48daa3-10a7-4dcf-835e-de50be54fa2c#118-t2, previous=(t:2, i:20), leaderCommit=16, initializing? false, entries: <empty>
2019-09-17 07:44:52,357 [java.util.concurrent.ThreadPoolExecutor$Worker@621a8e3a[State = -1, empty queue]] WARN  server.GrpcLogAppender (GrpcLogAppender.java:timeoutAppendRequest(200)) - 0f7bb9d9-5139-4852-be99-380e1bc1143c@group-7C72F7D496C4->9cc127b6-6322-4ddd-ad35-07c34665999c-GrpcLogAppender: appendEntries Timeout, request=0f7bb9d9-5139-4852-be99-380e1bc1143c->9cc127b6-6322-4ddd-ad35-07c34665999c#118-t2, previous=(t:2, i:20), leaderCommit=16, initializing? false, entries: <empty>
2019-09-17 07:44:52,788 [java.util.concurrent.ThreadPoolExecutor$Worker@d090998[State = -1, empty queue]] WARN  server.GrpcLogAppender (GrpcLogAppender.java:timeoutAppendRequest(200)) - cca845ef-daa9-4965-b848-0a1a0c80ebf1@group-EAB0D3E59377->96d93dec-e435-44d3-a97f-c1954b993e4b-GrpcLogAppender: appendEntries Timeout, request=cca845ef-daa9-4965-b848-0a1a0c80ebf1->96d93dec-e435-44d3-a97f-c1954b993e4b#132-t2, previous=(t:2, i:35), leaderCommit=31, initializing? false, entries: <empty>
2019-09-17 07:44:52,788 [java.util.concurrent.ThreadPoolExecutor$Worker@1a8f3f9a[State = -1, empty queue]] WARN  server.GrpcLogAppender (GrpcLogAppender.java:timeoutAppendRequest(200)) - cca845ef-daa9-4965-b848-0a1a0c80ebf1@group-EAB0D3E59377->a6514a8e-6408-4ac6-93dd-a0b43c53a9d5-GrpcLogAppender: appendEntries Timeout, request=cca845ef-daa9-4965-b848-0a1a0c80ebf1->a6514a8e-6408-4ac6-93dd-a0b43c53a9d5#132-t2, previous=(t:2, i:35), leaderCommit=31, initializing? false, entries: <empty>
2019-09-17 07:44:52,857 [java.util.concurrent.ThreadPoolExecutor$Worker@621a8e3a[State = -1, empty queue]] WARN  server.GrpcLogAppender (GrpcLogAppender.java:timeoutAppendRequest(200)) - 0f7bb9d9-5139-4852-be99-380e1bc1143c@group-7C72F7D496C4->9cc127b6-6322-4ddd-ad35-07c34665999c-GrpcLogAppender: appendEntries Timeout, request=0f7bb9d9-5139-4852-be99-380e1bc1143c->9cc127b6-6322-4ddd-ad35-07c34665999c#119-t2, previous=(t:2, i:20), leaderCommit=16, initializing? false, entries: <empty>
2019-09-17 07:44:52,857 [java.util.concurrent.ThreadPoolExecutor$Worker@34920f4e[State = -1, empty queue]] WARN  server.GrpcLogAppender (GrpcLogAppender.java:timeoutAppendRequest(200)) - 0f7bb9d9-5139-4852-be99-380e1bc1143c@group-7C72F7D496C4->6a48daa3-10a7-4dcf-835e-de50be54fa2c-GrpcLogAppender: appendEntries Timeout, request=0f7bb9d9-5139-4852-be99-380e1bc1143c->6a48daa3-10a7-4dcf-835e-de50be54fa2c#119-t2, previous=(t:2, i:20), leaderCommit=16, initializing? false, entries: <empty>
2019-09-17 07:44:53,288 [java.util.concurrent.ThreadPoolExecutor$Worker@d090998[State = -1, empty queue]] WARN  server.GrpcLogAppender (GrpcLogAppender.java:timeoutAppendRequest(200)) - cca845ef-daa9-4965-b848-0a1a0c80ebf1@group-EAB0D3E59377->96d93dec-e435-44d3-a97f-c1954b993e4b-GrpcLogAppender: appendEntries Timeout, request=cca845ef-daa9-4965-b848-0a1a0c80ebf1->96d93dec-e435-44d3-a97f-c1954b993e4b#133-t2, previous=(t:2, i:35), leaderCommit=31, initializing? false, entries: <empty>
2019-09-17 07:44:53,288 [java.util.concurrent.ThreadPoolExecutor$Worker@1a8f3f9a[State = -1, empty queue]] WARN  server.GrpcLogAppender (GrpcLogAppender.java:timeoutAppendRequest(200)) - cca845ef-daa9-4965-b848-0a1a0c80ebf1@group-EAB0D3E59377->a6514a8e-6408-4ac6-93dd-a0b43c53a9d5-GrpcLogAppender: appendEntries Timeout, request=cca845ef-daa9-4965-b848-0a1a0c80ebf1->a6514a8e-6408-4ac6-93dd-a0b43c53a9d5#133-t2, previous=(t:2, i:35), leaderCommit=31, initializing? false, entries: <empty>
2019-09-17 07:44:53,357 [java.util.concurrent.ThreadPoolExecutor$Worker@34920f4e[State = -1, empty queue]] WARN  server.GrpcLogAppender (GrpcLogAppender.java:timeoutAppendRequest(200)) - 0f7bb9d9-5139-4852-be99-380e1bc1143c@group-7C72F7D496C4->6a48daa3-10a7-4dcf-835e-de50be54fa2c-GrpcLogAppender: appendEntries Timeout, request=0f7bb9d9-5139-4852-be99-380e1bc1143c->6a48daa3-10a7-4dcf-835e-de50be54fa2c#120-t2, previous=(t:2, i:20), leaderCommit=16, initializing? false, entries: <empty>
2019-09-17 07:44:53,358 [java.util.concurrent.ThreadPoolExecutor$Worker@621a8e3a[State = -1, empty queue]] WARN  server.GrpcLogAppender (GrpcLogAppender.java:timeoutAppendRequest(200)) - 0f7bb9d9-5139-4852-be99-380e1bc1143c@group-7C72F7D496C4->9cc127b6-6322-4ddd-ad35-07c34665999c-GrpcLogAppender: appendEntries Timeout, request=0f7bb9d9-5139-4852-be99-380e1bc1143c->9cc127b6-6322-4ddd-ad35-07c34665999c#120-t2, previous=(t:2, i:20), leaderCommit=16, initializing? false, entries: <empty>
2019-09-17 07:44:53,788 [java.util.concurrent.ThreadPoolExecutor$Worker@d090998[State = -1, empty queue]] WARN  server.GrpcLogAppender (GrpcLogAppender.java:timeoutAppendRequest(200)) - cca845ef-daa9-4965-b848-0a1a0c80ebf1@group-EAB0D3E59377->96d93dec-e435-44d3-a97f-c1954b993e4b-GrpcLogAppender: appendEntries Timeout, request=cca845ef-daa9-4965-b848-0a1a0c80ebf1->96d93dec-e435-44d3-a97f-c1954b993e4b#134-t2, previous=(t:2, i:35), leaderCommit=31, initializing? false, entries: <empty>
2019-09-17 07:44:53,788 [java.util.concurrent.ThreadPoolExecutor$Worker@1a8f3f9a[State = -1, empty queue]] WARN  server.GrpcLogAppender (GrpcLogAppender.java:timeoutAppendRequest(200)) - cca845ef-daa9-4965-b848-0a1a0c80ebf1@group-EAB0D3E59377->a6514a8e-6408-4ac6-93dd-a0b43c53a9d5-GrpcLogAppender: appendEntries Timeout, request=cca845ef-daa9-4965-b848-0a1a0c80ebf1->a6514a8e-6408-4ac6-93dd-a0b43c53a9d5#134-t2, previous=(t:2, i:35), leaderCommit=31, initializing? false, entries: <empty>
2019-09-17 07:44:53,858 [java.util.concurrent.ThreadPoolExecutor$Worker@34920f4e[State = -1, empty queue]] WARN  server.GrpcLogAppender (GrpcLogAppender.java:timeoutAppendRequest(200)) - 0f7bb9d9-5139-4852-be99-380e1bc1143c@group-7C72F7D496C4->6a48daa3-10a7-4dcf-835e-de50be54fa2c-GrpcLogAppender: appendEntries Timeout, request=0f7bb9d9-5139-4852-be99-380e1bc1143c->6a48daa3-10a7-4dcf-835e-de50be54fa2c#121-t2, previous=(t:2, i:20), leaderCommit=16, initializing? false, entries: <empty>
2019-09-17 07:44:53,858 [java.util.concurrent.ThreadPoolExecutor$Worker@621a8e3a[State = -1, empty queue]] WARN  server.GrpcLogAppender (GrpcLogAppender.java:timeoutAppendRequest(200)) - 0f7bb9d9-5139-4852-be99-380e1bc1143c@group-7C72F7D496C4->9cc127b6-6322-4ddd-ad35-07c34665999c-GrpcLogAppender: appendEntries Timeout, request=0f7bb9d9-5139-4852-be99-380e1bc1143c->9cc127b6-6322-4ddd-ad35-07c34665999c#121-t2, previous=(t:2, i:20), leaderCommit=16, initializing? false, entries: <empty>
2019-09-17 07:44:54,290 [java.util.concurrent.ThreadPoolExecutor$Worker@d090998[State = -1, empty queue]] WARN  server.GrpcLogAppender (GrpcLogAppender.java:timeoutAppendRequest(200)) - cca845ef-daa9-4965-b848-0a1a0c80ebf1@group-EAB0D3E59377->96d93dec-e435-44d3-a97f-c1954b993e4b-GrpcLogAppender: appendEntries Timeout, request=cca845ef-daa9-4965-b848-0a1a0c80ebf1->96d93dec-e435-44d3-a97f-c1954b993e4b#135-t2, previous=(t:2, i:35), leaderCommit=31, initializing? false, entries: <empty>
2019-09-17 07:44:54,290 [java.util.concurrent.ThreadPoolExecutor$Worker@1a8f3f9a[State = -1, empty queue]] WARN  server.GrpcLogAppender (GrpcLogAppender.java:timeoutAppendRequest(200)) - cca845ef-daa9-4965-b848-0a1a0c80ebf1@group-EAB0D3E59377->a6514a8e-6408-4ac6-93dd-a0b43c53a9d5-GrpcLogAppender: appendEntries Timeout, request=cca845ef-daa9-4965-b848-0a1a0c80ebf1->a6514a8e-6408-4ac6-93dd-a0b43c53a9d5#135-t2, previous=(t:2, i:35), leaderCommit=31, initializing? false, entries: <empty>
2019-09-17 07:44:54,307 [grpc-default-executor-8] INFO  client.GrpcClientProtocolClient (GrpcClientProtocolClient.java:onNext(264)) - client-8A13B18BF2D1->96d93dec-e435-44d3-a97f-c1954b993e4b: receive RaftClientReply:client-8A13B18BF2D1->96d93dec-e435-44d3-a97f-c1954b993e4b@group-EAB0D3E59377, cid=66, FAILED org.apache.ratis.protocol.NotLeaderException: Server 96d93dec-e435-44d3-a97f-c1954b993e4b@group-EAB0D3E59377 is not the leader cca845ef-daa9-4965-b848-0a1a0c80ebf1:192.168.151.112:45232, logIndex=0, commits[96d93dec-e435-44d3-a97f-c1954b993e4b:c31, a6514a8e-6408-4ac6-93dd-a0b43c53a9d5:c29, cca845ef-daa9-4965-b848-0a1a0c80ebf1:c31]
2019-09-17 07:44:54,358 [java.util.concurrent.ThreadPoolExecutor$Worker@34920f4e[State = -1, empty queue]] WARN  server.GrpcLogAppender (GrpcLogAppender.java:timeoutAppendRequest(200)) - 0f7bb9d9-5139-4852-be99-380e1bc1143c@group-7C72F7D496C4->6a48daa3-10a7-4dcf-835e-de50be54fa2c-GrpcLogAppender: appendEntries Timeout, request=0f7bb9d9-5139-4852-be99-380e1bc1143c->6a48daa3-10a7-4dcf-835e-de50be54fa2c#122-t2, previous=(t:2, i:20), leaderCommit=16, initializing? false, entries: <empty>
2019-09-17 07:44:54,358 [java.util.concurrent.ThreadPoolExecutor$Worker@621a8e3a[State = -1, empty queue]] WARN  server.GrpcLogAppender (GrpcLogAppender.java:timeoutAppendRequest(200)) - 0f7bb9d9-5139-4852-be99-380e1bc1143c@group-7C72F7D496C4->9cc127b6-6322-4ddd-ad35-07c34665999c-GrpcLogAppender: appendEntries Timeout, request=0f7bb9d9-5139-4852-be99-380e1bc1143c->9cc127b6-6322-4ddd-ad35-07c34665999c#122-t2, previous=(t:2, i:20), leaderCommit=16, initializing? false, entries: <empty>
2019-09-17 07:44:54,789 [java.util.concurrent.ThreadPoolExecutor$Worker@d090998[State = -1, empty queue]] WARN  server.GrpcLogAppender (GrpcLogAppender.java:timeoutAppendRequest(200)) - cca845ef-daa9-4965-b848-0a1a0c80ebf1@group-EAB0D3E59377->96d93dec-e435-44d3-a97f-c1954b993e4b-GrpcLogAppender: appendEntries Timeout, request=cca845ef-daa9-4965-b848-0a1a0c80ebf1->96d93dec-e435-44d3-a97f-c1954b993e4b#136-t2, previous=(t:2, i:35), leaderCommit=31, initializing? false, entries: <empty>
2019-09-17 07:44:54,789 [java.util.concurrent.ThreadPoolExecutor$Worker@1a8f3f9a[State = -1, empty queue]] WARN  server.GrpcLogAppender (GrpcLogAppender.java:timeoutAppendRequest(200)) - cca845ef-daa9-4965-b848-0a1a0c80ebf1@group-EAB0D3E59377->a6514a8e-6408-4ac6-93dd-a0b43c53a9d5-GrpcLogAppender: appendEntries Timeout, request=cca845ef-daa9-4965-b848-0a1a0c80ebf1->a6514a8e-6408-4ac6-93dd-a0b43c53a9d5#136-t2, previous=(t:2, i:35), leaderCommit=31, initializing? false, entries: <empty>
2019-09-17 07:44:54,858 [java.util.concurrent.ThreadPoolExecutor$Worker@34920f4e[State = -1, empty queue]] WARN  server.GrpcLogAppender (GrpcLogAppender.java:timeoutAppendRequest(200)) - 0f7bb9d9-5139-4852-be99-380e1bc1143c@group-7C72F7D496C4->6a48daa3-10a7-4dcf-835e-de50be54fa2c-GrpcLogAppender: appendEntries Timeout, request=0f7bb9d9-5139-4852-be99-380e1bc1143c->6a48daa3-10a7-4dcf-835e-de50be54fa2c#123-t2, previous=(t:2, i:20), leaderCommit=16, initializing? false, entries: <empty>
2019-09-17 07:44:54,858 [java.util.concurrent.ThreadPoolExecutor$Worker@621a8e3a[State = -1, empty queue]] WARN  server.GrpcLogAppender (GrpcLogAppender.java:timeoutAppendRequest(200)) - 0f7bb9d9-5139-4852-be99-380e1bc1143c@group-7C72F7D496C4->9cc127b6-6322-4ddd-ad35-07c34665999c-GrpcLogAppender: appendEntries Timeout, request=0f7bb9d9-5139-4852-be99-380e1bc1143c->9cc127b6-6322-4ddd-ad35-07c34665999c#123-t2, previous=(t:2, i:20), leaderCommit=16, initializing? false, entries: <empty>
2019-09-17 07:44:55,288 [0f7bb9d9-5139-4852-be99-380e1bc1143c@group-7C72F7D496C4-SegmentedRaftLogWorker] WARN  segmented.SegmentedRaftLogWorker (SegmentedRaftLogWorker.java:getFromFuture(90)) - Timeout 2/~
org.apache.ratis.protocol.TimeoutIOException: Timeout 10s: WriteLog:17: (t:2, i:17), STATEMACHINELOGENTRY, client-E0A2BD2BFF31, cid=53-writeStateMachineData
	at org.apache.ratis.util.IOUtils.getFromFuture(IOUtils.java:87)
	at org.apache.ratis.server.raftlog.segmented.SegmentedRaftLogWorker$StateMachineDataPolicy.getFromFuture(SegmentedRaftLogWorker.java:87)
	at org.apache.ratis.server.raftlog.segmented.SegmentedRaftLogWorker$WriteLog.execute(SegmentedRaftLogWorker.java:477)
	at org.apache.ratis.server.raftlog.segmented.SegmentedRaftLogWorker.run(SegmentedRaftLogWorker.java:289)
	at java.lang.Thread.run(Thread.java:748)
Caused by: java.util.concurrent.TimeoutException
	at java.util.concurrent.CompletableFuture.timedGet(CompletableFuture.java:1771)
	at java.util.concurrent.CompletableFuture.get(CompletableFuture.java:1915)
	at org.apache.ratis.util.IOUtils.getFromFuture(IOUtils.java:79)
	... 4 more
2019-09-17 07:44:55,290 [java.util.concurrent.ThreadPoolExecutor$Worker@d090998[State = -1, empty queue]] WARN  server.GrpcLogAppender (GrpcLogAppender.java:timeoutAppendRequest(200)) - cca845ef-daa9-4965-b848-0a1a0c80ebf1@group-EAB0D3E59377->96d93dec-e435-44d3-a97f-c1954b993e4b-GrpcLogAppender: appendEntries Timeout, request=cca845ef-daa9-4965-b848-0a1a0c80ebf1->96d93dec-e435-44d3-a97f-c1954b993e4b#137-t2, previous=(t:2, i:35), leaderCommit=31, initializing? false, entries: <empty>
2019-09-17 07:44:55,290 [java.util.concurrent.ThreadPoolExecutor$Worker@1a8f3f9a[State = -1, empty queue]] WARN  server.GrpcLogAppender (GrpcLogAppender.java:timeoutAppendRequest(200)) - cca845ef-daa9-4965-b848-0a1a0c80ebf1@group-EAB0D3E59377->a6514a8e-6408-4ac6-93dd-a0b43c53a9d5-GrpcLogAppender: appendEntries Timeout, request=cca845ef-daa9-4965-b848-0a1a0c80ebf1->a6514a8e-6408-4ac6-93dd-a0b43c53a9d5#137-t2, previous=(t:2, i:35), leaderCommit=31, initializing? false, entries: <empty>
2019-09-17 07:44:55,293 [9cc127b6-6322-4ddd-ad35-07c34665999c@group-7C72F7D496C4-SegmentedRaftLogWorker] WARN  segmented.SegmentedRaftLogWorker (SegmentedRaftLogWorker.java:getFromFuture(90)) - Timeout 2/~
org.apache.ratis.protocol.TimeoutIOException: Timeout 10s: WriteLog:17: (t:2, i:17), STATEMACHINELOGENTRY, client-E0A2BD2BFF31, cid=53-writeStateMachineData
	at org.apache.ratis.util.IOUtils.getFromFuture(IOUtils.java:87)
	at org.apache.ratis.server.raftlog.segmented.SegmentedRaftLogWorker$StateMachineDataPolicy.getFromFuture(SegmentedRaftLogWorker.java:87)
	at org.apache.ratis.server.raftlog.segmented.SegmentedRaftLogWorker$WriteLog.execute(SegmentedRaftLogWorker.java:477)
	at org.apache.ratis.server.raftlog.segmented.SegmentedRaftLogWorker.run(SegmentedRaftLogWorker.java:289)
	at java.lang.Thread.run(Thread.java:748)
Caused by: java.util.concurrent.TimeoutException
	at java.util.concurrent.CompletableFuture.timedGet(CompletableFuture.java:1771)
	at java.util.concurrent.CompletableFuture.get(CompletableFuture.java:1915)
	at org.apache.ratis.util.IOUtils.getFromFuture(IOUtils.java:79)
	... 4 more
2019-09-17 07:44:55,295 [6a48daa3-10a7-4dcf-835e-de50be54fa2c@group-7C72F7D496C4-SegmentedRaftLogWorker] WARN  segmented.SegmentedRaftLogWorker (SegmentedRaftLogWorker.java:getFromFuture(90)) - Timeout 2/~
org.apache.ratis.protocol.TimeoutIOException: Timeout 10s: WriteLog:17: (t:2, i:17), STATEMACHINELOGENTRY, client-E0A2BD2BFF31, cid=53-writeStateMachineData
	at org.apache.ratis.util.IOUtils.getFromFuture(IOUtils.java:87)
	at org.apache.ratis.server.raftlog.segmented.SegmentedRaftLogWorker$StateMachineDataPolicy.getFromFuture(SegmentedRaftLogWorker.java:87)
	at org.apache.ratis.server.raftlog.segmented.SegmentedRaftLogWorker$WriteLog.execute(SegmentedRaftLogWorker.java:477)
	at org.apache.ratis.server.raftlog.segmented.SegmentedRaftLogWorker.run(SegmentedRaftLogWorker.java:289)
	at java.lang.Thread.run(Thread.java:748)
Caused by: java.util.concurrent.TimeoutException
	at java.util.concurrent.CompletableFuture.timedGet(CompletableFuture.java:1771)
	at java.util.concurrent.CompletableFuture.get(CompletableFuture.java:1915)
	at org.apache.ratis.util.IOUtils.getFromFuture(IOUtils.java:79)
	... 4 more
2019-09-17 07:44:55,359 [java.util.concurrent.ThreadPoolExecutor$Worker@621a8e3a[State = -1, empty queue]] WARN  server.GrpcLogAppender (GrpcLogAppender.java:timeoutAppendRequest(200)) - 0f7bb9d9-5139-4852-be99-380e1bc1143c@group-7C72F7D496C4->9cc127b6-6322-4ddd-ad35-07c34665999c-GrpcLogAppender: appendEntries Timeout, request=0f7bb9d9-5139-4852-be99-380e1bc1143c->9cc127b6-6322-4ddd-ad35-07c34665999c#124-t2, previous=(t:2, i:20), leaderCommit=16, initializing? false, entries: <empty>
2019-09-17 07:44:55,359 [java.util.concurrent.ThreadPoolExecutor$Worker@34920f4e[State = -1, empty queue]] WARN  server.GrpcLogAppender (GrpcLogAppender.java:timeoutAppendRequest(200)) - 0f7bb9d9-5139-4852-be99-380e1bc1143c@group-7C72F7D496C4->6a48daa3-10a7-4dcf-835e-de50be54fa2c-GrpcLogAppender: appendEntries Timeout, request=0f7bb9d9-5139-4852-be99-380e1bc1143c->6a48daa3-10a7-4dcf-835e-de50be54fa2c#124-t2, previous=(t:2, i:20), leaderCommit=16, initializing? false, entries: <empty>
2019-09-17 07:44:55,790 [java.util.concurrent.ThreadPoolExecutor$Worker@d090998[State = -1, empty queue]] WARN  server.GrpcLogAppender (GrpcLogAppender.java:timeoutAppendRequest(200)) - cca845ef-daa9-4965-b848-0a1a0c80ebf1@group-EAB0D3E59377->96d93dec-e435-44d3-a97f-c1954b993e4b-GrpcLogAppender: appendEntries Timeout, request=cca845ef-daa9-4965-b848-0a1a0c80ebf1->96d93dec-e435-44d3-a97f-c1954b993e4b#138-t2, previous=(t:2, i:35), leaderCommit=31, initializing? false, entries: <empty>
2019-09-17 07:44:55,790 [java.util.concurrent.ThreadPoolExecutor$Worker@1a8f3f9a[State = -1, empty queue]] WARN  server.GrpcLogAppender (GrpcLogAppender.java:timeoutAppendRequest(200)) - cca845ef-daa9-4965-b848-0a1a0c80ebf1@group-EAB0D3E59377->a6514a8e-6408-4ac6-93dd-a0b43c53a9d5-GrpcLogAppender: appendEntries Timeout, request=cca845ef-daa9-4965-b848-0a1a0c80ebf1->a6514a8e-6408-4ac6-93dd-a0b43c53a9d5#138-t2, previous=(t:2, i:35), leaderCommit=31, initializing? false, entries: <empty>
2019-09-17 07:44:55,859 [java.util.concurrent.ThreadPoolExecutor$Worker@621a8e3a[State = -1, empty queue]] WARN  server.GrpcLogAppender (GrpcLogAppender.java:timeoutAppendRequest(200)) - 0f7bb9d9-5139-4852-be99-380e1bc1143c@group-7C72F7D496C4->9cc127b6-6322-4ddd-ad35-07c34665999c-GrpcLogAppender: appendEntries Timeout, request=0f7bb9d9-5139-4852-be99-380e1bc1143c->9cc127b6-6322-4ddd-ad35-07c34665999c#125-t2, previous=(t:2, i:20), leaderCommit=16, initializing? false, entries: <empty>
2019-09-17 07:44:55,859 [java.util.concurrent.ThreadPoolExecutor$Worker@34920f4e[State = -1, empty queue]] WARN  server.GrpcLogAppender (GrpcLogAppender.java:timeoutAppendRequest(200)) - 0f7bb9d9-5139-4852-be99-380e1bc1143c@group-7C72F7D496C4->6a48daa3-10a7-4dcf-835e-de50be54fa2c-GrpcLogAppender: appendEntries Timeout, request=0f7bb9d9-5139-4852-be99-380e1bc1143c->6a48daa3-10a7-4dcf-835e-de50be54fa2c#125-t2, previous=(t:2, i:20), leaderCommit=16, initializing? false, entries: <empty>
2019-09-17 07:44:56,290 [java.util.concurrent.ThreadPoolExecutor$Worker@d090998[State = -1, empty queue]] WARN  server.GrpcLogAppender (GrpcLogAppender.java:timeoutAppendRequest(200)) - cca845ef-daa9-4965-b848-0a1a0c80ebf1@group-EAB0D3E59377->96d93dec-e435-44d3-a97f-c1954b993e4b-GrpcLogAppender: appendEntries Timeout, request=cca845ef-daa9-4965-b848-0a1a0c80ebf1->96d93dec-e435-44d3-a97f-c1954b993e4b#139-t2, previous=(t:2, i:35), leaderCommit=31, initializing? false, entries: <empty>
2019-09-17 07:44:56,290 [java.util.concurrent.ThreadPoolExecutor$Worker@1a8f3f9a[State = -1, empty queue]] WARN  server.GrpcLogAppender (GrpcLogAppender.java:timeoutAppendRequest(200)) - cca845ef-daa9-4965-b848-0a1a0c80ebf1@group-EAB0D3E59377->a6514a8e-6408-4ac6-93dd-a0b43c53a9d5-GrpcLogAppender: appendEntries Timeout, request=cca845ef-daa9-4965-b848-0a1a0c80ebf1->a6514a8e-6408-4ac6-93dd-a0b43c53a9d5#139-t2, previous=(t:2, i:35), leaderCommit=31, initializing? false, entries: <empty>
2019-09-17 07:44:56,360 [java.util.concurrent.ThreadPoolExecutor$Worker@621a8e3a[State = -1, empty queue]] WARN  server.GrpcLogAppender (GrpcLogAppender.java:timeoutAppendRequest(200)) - 0f7bb9d9-5139-4852-be99-380e1bc1143c@group-7C72F7D496C4->9cc127b6-6322-4ddd-ad35-07c34665999c-GrpcLogAppender: appendEntries Timeout, request=0f7bb9d9-5139-4852-be99-380e1bc1143c->9cc127b6-6322-4ddd-ad35-07c34665999c#126-t2, previous=(t:2, i:20), leaderCommit=16, initializing? false, entries: <empty>
2019-09-17 07:44:56,360 [java.util.concurrent.ThreadPoolExecutor$Worker@34920f4e[State = -1, empty queue]] WARN  server.GrpcLogAppender (GrpcLogAppender.java:timeoutAppendRequest(200)) - 0f7bb9d9-5139-4852-be99-380e1bc1143c@group-7C72F7D496C4->6a48daa3-10a7-4dcf-835e-de50be54fa2c-GrpcLogAppender: appendEntries Timeout, request=0f7bb9d9-5139-4852-be99-380e1bc1143c->6a48daa3-10a7-4dcf-835e-de50be54fa2c#126-t2, previous=(t:2, i:20), leaderCommit=16, initializing? false, entries: <empty>
2019-09-17 07:44:56,791 [java.util.concurrent.ThreadPoolExecutor$Worker@d090998[State = -1, empty queue]] WARN  server.GrpcLogAppender (GrpcLogAppender.java:timeoutAppendRequest(200)) - cca845ef-daa9-4965-b848-0a1a0c80ebf1@group-EAB0D3E59377->96d93dec-e435-44d3-a97f-c1954b993e4b-GrpcLogAppender: appendEntries Timeout, request=cca845ef-daa9-4965-b848-0a1a0c80ebf1->96d93dec-e435-44d3-a97f-c1954b993e4b#140-t2, previous=(t:2, i:35), leaderCommit=31, initializing? false, entries: <empty>
2019-09-17 07:44:56,791 [java.util.concurrent.ThreadPoolExecutor$Worker@1a8f3f9a[State = -1, empty queue]] WARN  server.GrpcLogAppender (GrpcLogAppender.java:timeoutAppendRequest(200)) - cca845ef-daa9-4965-b848-0a1a0c80ebf1@group-EAB0D3E59377->a6514a8e-6408-4ac6-93dd-a0b43c53a9d5-GrpcLogAppender: appendEntries Timeout, request=cca845ef-daa9-4965-b848-0a1a0c80ebf1->a6514a8e-6408-4ac6-93dd-a0b43c53a9d5#140-t2, previous=(t:2, i:35), leaderCommit=31, initializing? false, entries: <empty>
2019-09-17 07:44:56,860 [java.util.concurrent.ThreadPoolExecutor$Worker@621a8e3a[State = -1, empty queue]] WARN  server.GrpcLogAppender (GrpcLogAppender.java:timeoutAppendRequest(200)) - 0f7bb9d9-5139-4852-be99-380e1bc1143c@group-7C72F7D496C4->9cc127b6-6322-4ddd-ad35-07c34665999c-GrpcLogAppender: appendEntries Timeout, request=0f7bb9d9-5139-4852-be99-380e1bc1143c->9cc127b6-6322-4ddd-ad35-07c34665999c#127-t2, previous=(t:2, i:20), leaderCommit=16, initializing? false, entries: <empty>
2019-09-17 07:44:56,860 [java.util.concurrent.ThreadPoolExecutor$Worker@34920f4e[State = -1, empty queue]] WARN  server.GrpcLogAppender (GrpcLogAppender.java:timeoutAppendRequest(200)) - 0f7bb9d9-5139-4852-be99-380e1bc1143c@group-7C72F7D496C4->6a48daa3-10a7-4dcf-835e-de50be54fa2c-GrpcLogAppender: appendEntries Timeout, request=0f7bb9d9-5139-4852-be99-380e1bc1143c->6a48daa3-10a7-4dcf-835e-de50be54fa2c#127-t2, previous=(t:2, i:20), leaderCommit=16, initializing? false, entries: <empty>
2019-09-17 07:44:57,291 [java.util.concurrent.ThreadPoolExecutor$Worker@1a8f3f9a[State = -1, empty queue]] WARN  server.GrpcLogAppender (GrpcLogAppender.java:timeoutAppendRequest(200)) - cca845ef-daa9-4965-b848-0a1a0c80ebf1@group-EAB0D3E59377->a6514a8e-6408-4ac6-93dd-a0b43c53a9d5-GrpcLogAppender: appendEntries Timeout, request=cca845ef-daa9-4965-b848-0a1a0c80ebf1->a6514a8e-6408-4ac6-93dd-a0b43c53a9d5#141-t2, previous=(t:2, i:35), leaderCommit=31, initializing? false, entries: <empty>
2019-09-17 07:44:57,291 [java.util.concurrent.ThreadPoolExecutor$Worker@d090998[State = -1, empty queue]] WARN  server.GrpcLogAppender (GrpcLogAppender.java:timeoutAppendRequest(200)) - cca845ef-daa9-4965-b848-0a1a0c80ebf1@group-EAB0D3E59377->96d93dec-e435-44d3-a97f-c1954b993e4b-GrpcLogAppender: appendEntries Timeout, request=cca845ef-daa9-4965-b848-0a1a0c80ebf1->96d93dec-e435-44d3-a97f-c1954b993e4b#141-t2, previous=(t:2, i:35), leaderCommit=31, initializing? false, entries: <empty>
2019-09-17 07:44:57,361 [java.util.concurrent.ThreadPoolExecutor$Worker@34920f4e[State = -1, empty queue]] WARN  server.GrpcLogAppender (GrpcLogAppender.java:timeoutAppendRequest(200)) - 0f7bb9d9-5139-4852-be99-380e1bc1143c@group-7C72F7D496C4->6a48daa3-10a7-4dcf-835e-de50be54fa2c-GrpcLogAppender: appendEntries Timeout, request=0f7bb9d9-5139-4852-be99-380e1bc1143c->6a48daa3-10a7-4dcf-835e-de50be54fa2c#128-t2, previous=(t:2, i:20), leaderCommit=16, initializing? false, entries: <empty>
2019-09-17 07:44:57,361 [java.util.concurrent.ThreadPoolExecutor$Worker@621a8e3a[State = -1, empty queue]] WARN  server.GrpcLogAppender (GrpcLogAppender.java:timeoutAppendRequest(200)) - 0f7bb9d9-5139-4852-be99-380e1bc1143c@group-7C72F7D496C4->9cc127b6-6322-4ddd-ad35-07c34665999c-GrpcLogAppender: appendEntries Timeout, request=0f7bb9d9-5139-4852-be99-380e1bc1143c->9cc127b6-6322-4ddd-ad35-07c34665999c#128-t2, previous=(t:2, i:20), leaderCommit=16, initializing? false, entries: <empty>
2019-09-17 07:44:57,791 [java.util.concurrent.ThreadPoolExecutor$Worker@d090998[State = -1, empty queue]] WARN  server.GrpcLogAppender (GrpcLogAppender.java:timeoutAppendRequest(200)) - cca845ef-daa9-4965-b848-0a1a0c80ebf1@group-EAB0D3E59377->96d93dec-e435-44d3-a97f-c1954b993e4b-GrpcLogAppender: appendEntries Timeout, request=cca845ef-daa9-4965-b848-0a1a0c80ebf1->96d93dec-e435-44d3-a97f-c1954b993e4b#142-t2, previous=(t:2, i:35), leaderCommit=31, initializing? false, entries: <empty>
2019-09-17 07:44:57,791 [java.util.concurrent.ThreadPoolExecutor$Worker@1a8f3f9a[State = -1, empty queue]] WARN  server.GrpcLogAppender (GrpcLogAppender.java:timeoutAppendRequest(200)) - cca845ef-daa9-4965-b848-0a1a0c80ebf1@group-EAB0D3E59377->a6514a8e-6408-4ac6-93dd-a0b43c53a9d5-GrpcLogAppender: appendEntries Timeout, request=cca845ef-daa9-4965-b848-0a1a0c80ebf1->a6514a8e-6408-4ac6-93dd-a0b43c53a9d5#142-t2, previous=(t:2, i:35), leaderCommit=31, initializing? false, entries: <empty>
2019-09-17 07:44:57,861 [java.util.concurrent.ThreadPoolExecutor$Worker@621a8e3a[State = -1, empty queue]] WARN  server.GrpcLogAppender (GrpcLogAppender.java:timeoutAppendRequest(200)) - 0f7bb9d9-5139-4852-be99-380e1bc1143c@group-7C72F7D496C4->9cc127b6-6322-4ddd-ad35-07c34665999c-GrpcLogAppender: appendEntries Timeout, request=0f7bb9d9-5139-4852-be99-380e1bc1143c->9cc127b6-6322-4ddd-ad35-07c34665999c#129-t2, previous=(t:2, i:20), leaderCommit=16, initializing? false, entries: <empty>
2019-09-17 07:44:57,861 [java.util.concurrent.ThreadPoolExecutor$Worker@34920f4e[State = -1, empty queue]] WARN  server.GrpcLogAppender (GrpcLogAppender.java:timeoutAppendRequest(200)) - 0f7bb9d9-5139-4852-be99-380e1bc1143c@group-7C72F7D496C4->6a48daa3-10a7-4dcf-835e-de50be54fa2c-GrpcLogAppender: appendEntries Timeout, request=0f7bb9d9-5139-4852-be99-380e1bc1143c->6a48daa3-10a7-4dcf-835e-de50be54fa2c#129-t2, previous=(t:2, i:20), leaderCommit=16, initializing? false, entries: <empty>
2019-09-17 07:44:58,292 [java.util.concurrent.ThreadPoolExecutor$Worker@1a8f3f9a[State = -1, empty queue]] WARN  server.GrpcLogAppender (GrpcLogAppender.java:timeoutAppendRequest(200)) - cca845ef-daa9-4965-b848-0a1a0c80ebf1@group-EAB0D3E59377->a6514a8e-6408-4ac6-93dd-a0b43c53a9d5-GrpcLogAppender: appendEntries Timeout, request=cca845ef-daa9-4965-b848-0a1a0c80ebf1->a6514a8e-6408-4ac6-93dd-a0b43c53a9d5#143-t2, previous=(t:2, i:35), leaderCommit=31, initializing? false, entries: <empty>
2019-09-17 07:44:58,292 [java.util.concurrent.ThreadPoolExecutor$Worker@d090998[State = -1, empty queue]] WARN  server.GrpcLogAppender (GrpcLogAppender.java:timeoutAppendRequest(200)) - cca845ef-daa9-4965-b848-0a1a0c80ebf1@group-EAB0D3E59377->96d93dec-e435-44d3-a97f-c1954b993e4b-GrpcLogAppender: appendEntries Timeout, request=cca845ef-daa9-4965-b848-0a1a0c80ebf1->96d93dec-e435-44d3-a97f-c1954b993e4b#143-t2, previous=(t:2, i:35), leaderCommit=31, initializing? false, entries: <empty>
2019-09-17 07:44:58,362 [java.util.concurrent.ThreadPoolExecutor$Worker@34920f4e[State = -1, empty queue]] WARN  server.GrpcLogAppender (GrpcLogAppender.java:timeoutAppendRequest(200)) - 0f7bb9d9-5139-4852-be99-380e1bc1143c@group-7C72F7D496C4->6a48daa3-10a7-4dcf-835e-de50be54fa2c-GrpcLogAppender: appendEntries Timeout, request=0f7bb9d9-5139-4852-be99-380e1bc1143c->6a48daa3-10a7-4dcf-835e-de50be54fa2c#130-t2, previous=(t:2, i:20), leaderCommit=16, initializing? false, entries: <empty>
2019-09-17 07:44:58,362 [java.util.concurrent.ThreadPoolExecutor$Worker@621a8e3a[State = -1, empty queue]] WARN  server.GrpcLogAppender (GrpcLogAppender.java:timeoutAppendRequest(200)) - 0f7bb9d9-5139-4852-be99-380e1bc1143c@group-7C72F7D496C4->9cc127b6-6322-4ddd-ad35-07c34665999c-GrpcLogAppender: appendEntries Timeout, request=0f7bb9d9-5139-4852-be99-380e1bc1143c->9cc127b6-6322-4ddd-ad35-07c34665999c#130-t2, previous=(t:2, i:20), leaderCommit=16, initializing? false, entries: <empty>
2019-09-17 07:44:58,792 [java.util.concurrent.ThreadPoolExecutor$Worker@d090998[State = -1, empty queue]] WARN  server.GrpcLogAppender (GrpcLogAppender.java:timeoutAppendRequest(200)) - cca845ef-daa9-4965-b848-0a1a0c80ebf1@group-EAB0D3E59377->96d93dec-e435-44d3-a97f-c1954b993e4b-GrpcLogAppender: appendEntries Timeout, request=cca845ef-daa9-4965-b848-0a1a0c80ebf1->96d93dec-e435-44d3-a97f-c1954b993e4b#144-t2, previous=(t:2, i:35), leaderCommit=31, initializing? false, entries: <empty>
2019-09-17 07:44:58,792 [java.util.concurrent.ThreadPoolExecutor$Worker@1a8f3f9a[State = -1, empty queue]] WARN  server.GrpcLogAppender (GrpcLogAppender.java:timeoutAppendRequest(200)) - cca845ef-daa9-4965-b848-0a1a0c80ebf1@group-EAB0D3E59377->a6514a8e-6408-4ac6-93dd-a0b43c53a9d5-GrpcLogAppender: appendEntries Timeout, request=cca845ef-daa9-4965-b848-0a1a0c80ebf1->a6514a8e-6408-4ac6-93dd-a0b43c53a9d5#144-t2, previous=(t:2, i:35), leaderCommit=31, initializing? false, entries: <empty>
2019-09-17 07:44:58,862 [java.util.concurrent.ThreadPoolExecutor$Worker@621a8e3a[State = -1, empty queue]] WARN  server.GrpcLogAppender (GrpcLogAppender.java:timeoutAppendRequest(200)) - 0f7bb9d9-5139-4852-be99-380e1bc1143c@group-7C72F7D496C4->9cc127b6-6322-4ddd-ad35-07c34665999c-GrpcLogAppender: appendEntries Timeout, request=0f7bb9d9-5139-4852-be99-380e1bc1143c->9cc127b6-6322-4ddd-ad35-07c34665999c#131-t2, previous=(t:2, i:20), leaderCommit=16, initializing? false, entries: <empty>
2019-09-17 07:44:58,862 [java.util.concurrent.ThreadPoolExecutor$Worker@34920f4e[State = -1, empty queue]] WARN  server.GrpcLogAppender (GrpcLogAppender.java:timeoutAppendRequest(200)) - 0f7bb9d9-5139-4852-be99-380e1bc1143c@group-7C72F7D496C4->6a48daa3-10a7-4dcf-835e-de50be54fa2c-GrpcLogAppender: appendEntries Timeout, request=0f7bb9d9-5139-4852-be99-380e1bc1143c->6a48daa3-10a7-4dcf-835e-de50be54fa2c#131-t2, previous=(t:2, i:20), leaderCommit=16, initializing? false, entries: <empty>
2019-09-17 07:44:59,274 [cca845ef-daa9-4965-b848-0a1a0c80ebf1@group-EAB0D3E59377-SegmentedRaftLogWorker] WARN  segmented.SegmentedRaftLogWorker (SegmentedRaftLogWorker.java:getFromFuture(90)) - Timeout 0/~
org.apache.ratis.protocol.TimeoutIOException: Timeout 10s: WriteLog:32: (t:2, i:32), STATEMACHINELOGENTRY, client-8A13B18BF2D1, cid=66-writeStateMachineData
	at org.apache.ratis.util.IOUtils.getFromFuture(IOUtils.java:87)
	at org.apache.ratis.server.raftlog.segmented.SegmentedRaftLogWorker$StateMachineDataPolicy.getFromFuture(SegmentedRaftLogWorker.java:87)
	at org.apache.ratis.server.raftlog.segmented.SegmentedRaftLogWorker$WriteLog.execute(SegmentedRaftLogWorker.java:477)
	at org.apache.ratis.server.raftlog.segmented.SegmentedRaftLogWorker.run(SegmentedRaftLogWorker.java:289)
	at java.lang.Thread.run(Thread.java:748)
Caused by: java.util.concurrent.TimeoutException
	at java.util.concurrent.CompletableFuture.timedGet(CompletableFuture.java:1771)
	at java.util.concurrent.CompletableFuture.get(CompletableFuture.java:1915)
	at org.apache.ratis.util.IOUtils.getFromFuture(IOUtils.java:79)
	... 4 more
2019-09-17 07:44:59,282 [a6514a8e-6408-4ac6-93dd-a0b43c53a9d5@group-EAB0D3E59377-SegmentedRaftLogWorker] WARN  segmented.SegmentedRaftLogWorker (SegmentedRaftLogWorker.java:getFromFuture(90)) - Timeout 0/~
org.apache.ratis.protocol.TimeoutIOException: Timeout 10s: WriteLog:32: (t:2, i:32), STATEMACHINELOGENTRY, client-8A13B18BF2D1, cid=66-writeStateMachineData
	at org.apache.ratis.util.IOUtils.getFromFuture(IOUtils.java:87)
	at org.apache.ratis.server.raftlog.segmented.SegmentedRaftLogWorker$StateMachineDataPolicy.getFromFuture(SegmentedRaftLogWorker.java:87)
	at org.apache.ratis.server.raftlog.segmented.SegmentedRaftLogWorker$WriteLog.execute(SegmentedRaftLogWorker.java:477)
	at org.apache.ratis.server.raftlog.segmented.SegmentedRaftLogWorker.run(SegmentedRaftLogWorker.java:289)
	at java.lang.Thread.run(Thread.java:748)
Caused by: java.util.concurrent.TimeoutException
	at java.util.concurrent.CompletableFuture.timedGet(CompletableFuture.java:1771)
	at java.util.concurrent.CompletableFuture.get(CompletableFuture.java:1915)
	at org.apache.ratis.util.IOUtils.getFromFuture(IOUtils.java:79)
	... 4 more
2019-09-17 07:44:59,285 [96d93dec-e435-44d3-a97f-c1954b993e4b@group-EAB0D3E59377-SegmentedRaftLogWorker] WARN  segmented.SegmentedRaftLogWorker (SegmentedRaftLogWorker.java:getFromFuture(90)) - Timeout 0/~
org.apache.ratis.protocol.TimeoutIOException: Timeout 10s: WriteLog:32: (t:2, i:32), STATEMACHINELOGENTRY, client-8A13B18BF2D1, cid=66-writeStateMachineData
	at org.apache.ratis.util.IOUtils.getFromFuture(IOUtils.java:87)
	at org.apache.ratis.server.raftlog.segmented.SegmentedRaftLogWorker$StateMachineDataPolicy.getFromFuture(SegmentedRaftLogWorker.java:87)
	at org.apache.ratis.server.raftlog.segmented.SegmentedRaftLogWorker$WriteLog.execute(SegmentedRaftLogWorker.java:477)
	at org.apache.ratis.server.raftlog.segmented.SegmentedRaftLogWorker.run(SegmentedRaftLogWorker.java:289)
	at java.lang.Thread.run(Thread.java:748)
Caused by: java.util.concurrent.TimeoutException
	at java.util.concurrent.CompletableFuture.timedGet(CompletableFuture.java:1771)
	at java.util.concurrent.CompletableFuture.get(CompletableFuture.java:1915)
	at org.apache.ratis.util.IOUtils.getFromFuture(IOUtils.java:79)
	... 4 more
2019-09-17 07:44:59,292 [java.util.concurrent.ThreadPoolExecutor$Worker@1a8f3f9a[State = -1, empty queue]] WARN  server.GrpcLogAppender (GrpcLogAppender.java:timeoutAppendRequest(200)) - cca845ef-daa9-4965-b848-0a1a0c80ebf1@group-EAB0D3E59377->a6514a8e-6408-4ac6-93dd-a0b43c53a9d5-GrpcLogAppender: appendEntries Timeout, request=cca845ef-daa9-4965-b848-0a1a0c80ebf1->a6514a8e-6408-4ac6-93dd-a0b43c53a9d5#145-t2, previous=(t:2, i:35), leaderCommit=31, initializing? false, entries: <empty>
2019-09-17 07:44:59,292 [java.util.concurrent.ThreadPoolExecutor$Worker@d090998[State = -1, empty queue]] WARN  server.GrpcLogAppender (GrpcLogAppender.java:timeoutAppendRequest(200)) - cca845ef-daa9-4965-b848-0a1a0c80ebf1@group-EAB0D3E59377->96d93dec-e435-44d3-a97f-c1954b993e4b-GrpcLogAppender: appendEntries Timeout, request=cca845ef-daa9-4965-b848-0a1a0c80ebf1->96d93dec-e435-44d3-a97f-c1954b993e4b#145-t2, previous=(t:2, i:35), leaderCommit=31, initializing? false, entries: <empty>
2019-09-17 07:44:59,363 [java.util.concurrent.ThreadPoolExecutor$Worker@621a8e3a[State = -1, empty queue]] WARN  server.GrpcLogAppender (GrpcLogAppender.java:timeoutAppendRequest(200)) - 0f7bb9d9-5139-4852-be99-380e1bc1143c@group-7C72F7D496C4->9cc127b6-6322-4ddd-ad35-07c34665999c-GrpcLogAppender: appendEntries Timeout, request=0f7bb9d9-5139-4852-be99-380e1bc1143c->9cc127b6-6322-4ddd-ad35-07c34665999c#132-t2, previous=(t:2, i:20), leaderCommit=16, initializing? false, entries: <empty>
2019-09-17 07:44:59,363 [java.util.concurrent.ThreadPoolExecutor$Worker@34920f4e[State = -1, empty queue]] WARN  server.GrpcLogAppender (GrpcLogAppender.java:timeoutAppendRequest(200)) - 0f7bb9d9-5139-4852-be99-380e1bc1143c@group-7C72F7D496C4->6a48daa3-10a7-4dcf-835e-de50be54fa2c-GrpcLogAppender: appendEntries Timeout, request=0f7bb9d9-5139-4852-be99-380e1bc1143c->6a48daa3-10a7-4dcf-835e-de50be54fa2c#132-t2, previous=(t:2, i:20), leaderCommit=16, initializing? false, entries: <empty>
2019-09-17 07:44:59,371 [grpc-default-executor-8] INFO  client.GrpcClientProtocolClient (GrpcClientProtocolClient.java:onNext(264)) - client-8A13B18BF2D1->a6514a8e-6408-4ac6-93dd-a0b43c53a9d5: receive RaftClientReply:client-8A13B18BF2D1->a6514a8e-6408-4ac6-93dd-a0b43c53a9d5@group-EAB0D3E59377, cid=66, FAILED org.apache.ratis.protocol.NotLeaderException: Server a6514a8e-6408-4ac6-93dd-a0b43c53a9d5@group-EAB0D3E59377 is not the leader cca845ef-daa9-4965-b848-0a1a0c80ebf1:192.168.151.112:45232, logIndex=0, commits[a6514a8e-6408-4ac6-93dd-a0b43c53a9d5:c31, cca845ef-daa9-4965-b848-0a1a0c80ebf1:c31, 96d93dec-e435-44d3-a97f-c1954b993e4b:c29]
2019-09-17 07:44:59,793 [java.util.concurrent.ThreadPoolExecutor$Worker@d090998[State = -1, empty queue]] WARN  server.GrpcLogAppender (GrpcLogAppender.java:timeoutAppendRequest(200)) - cca845ef-daa9-4965-b848-0a1a0c80ebf1@group-EAB0D3E59377->96d93dec-e435-44d3-a97f-c1954b993e4b-GrpcLogAppender: appendEntries Timeout, request=cca845ef-daa9-4965-b848-0a1a0c80ebf1->96d93dec-e435-44d3-a97f-c1954b993e4b#146-t2, previous=(t:2, i:35), leaderCommit=31, initializing? false, entries: <empty>
2019-09-17 07:44:59,793 [java.util.concurrent.ThreadPoolExecutor$Worker@1a8f3f9a[State = -1, empty queue]] WARN  server.GrpcLogAppender (GrpcLogAppender.java:timeoutAppendRequest(200)) - cca845ef-daa9-4965-b848-0a1a0c80ebf1@group-EAB0D3E59377->a6514a8e-6408-4ac6-93dd-a0b43c53a9d5-GrpcLogAppender: appendEntries Timeout, request=cca845ef-daa9-4965-b848-0a1a0c80ebf1->a6514a8e-6408-4ac6-93dd-a0b43c53a9d5#146-t2, previous=(t:2, i:35), leaderCommit=31, initializing? false, entries: <empty>
2019-09-17 07:44:59,863 [java.util.concurrent.ThreadPoolExecutor$Worker@621a8e3a[State = -1, empty queue]] WARN  server.GrpcLogAppender (GrpcLogAppender.java:timeoutAppendRequest(200)) - 0f7bb9d9-5139-4852-be99-380e1bc1143c@group-7C72F7D496C4->9cc127b6-6322-4ddd-ad35-07c34665999c-GrpcLogAppender: appendEntries Timeout, request=0f7bb9d9-5139-4852-be99-380e1bc1143c->9cc127b6-6322-4ddd-ad35-07c34665999c#133-t2, previous=(t:2, i:20), leaderCommit=16, initializing? false, entries: <empty>
2019-09-17 07:44:59,863 [java.util.concurrent.ThreadPoolExecutor$Worker@34920f4e[State = -1, empty queue]] WARN  server.GrpcLogAppender (GrpcLogAppender.java:timeoutAppendRequest(200)) - 0f7bb9d9-5139-4852-be99-380e1bc1143c@group-7C72F7D496C4->6a48daa3-10a7-4dcf-835e-de50be54fa2c-GrpcLogAppender: appendEntries Timeout, request=0f7bb9d9-5139-4852-be99-380e1bc1143c->6a48daa3-10a7-4dcf-835e-de50be54fa2c#133-t2, previous=(t:2, i:20), leaderCommit=16, initializing? false, entries: <empty>
2019-09-17 07:45:00,294 [java.util.concurrent.ThreadPoolExecutor$Worker@d090998[State = -1, empty queue]] WARN  server.GrpcLogAppender (GrpcLogAppender.java:timeoutAppendRequest(200)) - cca845ef-daa9-4965-b848-0a1a0c80ebf1@group-EAB0D3E59377->96d93dec-e435-44d3-a97f-c1954b993e4b-GrpcLogAppender: appendEntries Timeout, request=cca845ef-daa9-4965-b848-0a1a0c80ebf1->96d93dec-e435-44d3-a97f-c1954b993e4b#147-t2, previous=(t:2, i:35), leaderCommit=31, initializing? false, entries: <empty>
2019-09-17 07:45:00,294 [java.util.concurrent.ThreadPoolExecutor$Worker@1a8f3f9a[State = -1, empty queue]] WARN  server.GrpcLogAppender (GrpcLogAppender.java:timeoutAppendRequest(200)) - cca845ef-daa9-4965-b848-0a1a0c80ebf1@group-EAB0D3E59377->a6514a8e-6408-4ac6-93dd-a0b43c53a9d5-GrpcLogAppender: appendEntries Timeout, request=cca845ef-daa9-4965-b848-0a1a0c80ebf1->a6514a8e-6408-4ac6-93dd-a0b43c53a9d5#147-t2, previous=(t:2, i:35), leaderCommit=31, initializing? false, entries: <empty>
2019-09-17 07:45:00,363 [java.util.concurrent.ThreadPoolExecutor$Worker@621a8e3a[State = -1, empty queue]] WARN  server.GrpcLogAppender (GrpcLogAppender.java:timeoutAppendRequest(200)) - 0f7bb9d9-5139-4852-be99-380e1bc1143c@group-7C72F7D496C4->9cc127b6-6322-4ddd-ad35-07c34665999c-GrpcLogAppender: appendEntries Timeout, request=0f7bb9d9-5139-4852-be99-380e1bc1143c->9cc127b6-6322-4ddd-ad35-07c34665999c#134-t2, previous=(t:2, i:20), leaderCommit=16, initializing? false, entries: <empty>
2019-09-17 07:45:00,363 [java.util.concurrent.ThreadPoolExecutor$Worker@34920f4e[State = -1, empty queue]] WARN  server.GrpcLogAppender (GrpcLogAppender.java:timeoutAppendRequest(200)) - 0f7bb9d9-5139-4852-be99-380e1bc1143c@group-7C72F7D496C4->6a48daa3-10a7-4dcf-835e-de50be54fa2c-GrpcLogAppender: appendEntries Timeout, request=0f7bb9d9-5139-4852-be99-380e1bc1143c->6a48daa3-10a7-4dcf-835e-de50be54fa2c#134-t2, previous=(t:2, i:20), leaderCommit=16, initializing? false, entries: <empty>
2019-09-17 07:45:00,794 [java.util.concurrent.ThreadPoolExecutor$Worker@d090998[State = -1, empty queue]] WARN  server.GrpcLogAppender (GrpcLogAppender.java:timeoutAppendRequest(200)) - cca845ef-daa9-4965-b848-0a1a0c80ebf1@group-EAB0D3E59377->96d93dec-e435-44d3-a97f-c1954b993e4b-GrpcLogAppender: appendEntries Timeout, request=cca845ef-daa9-4965-b848-0a1a0c80ebf1->96d93dec-e435-44d3-a97f-c1954b993e4b#148-t2, previous=(t:2, i:35), leaderCommit=31, initializing? false, entries: <empty>
2019-09-17 07:45:00,794 [java.util.concurrent.ThreadPoolExecutor$Worker@1a8f3f9a[State = -1, empty queue]] WARN  server.GrpcLogAppender (GrpcLogAppender.java:timeoutAppendRequest(200)) - cca845ef-daa9-4965-b848-0a1a0c80ebf1@group-EAB0D3E59377->a6514a8e-6408-4ac6-93dd-a0b43c53a9d5-GrpcLogAppender: appendEntries Timeout, request=cca845ef-daa9-4965-b848-0a1a0c80ebf1->a6514a8e-6408-4ac6-93dd-a0b43c53a9d5#148-t2, previous=(t:2, i:35), leaderCommit=31, initializing? false, entries: <empty>
2019-09-17 07:45:00,864 [java.util.concurrent.ThreadPoolExecutor$Worker@34920f4e[State = -1, empty queue]] WARN  server.GrpcLogAppender (GrpcLogAppender.java:timeoutAppendRequest(200)) - 0f7bb9d9-5139-4852-be99-380e1bc1143c@group-7C72F7D496C4->6a48daa3-10a7-4dcf-835e-de50be54fa2c-GrpcLogAppender: appendEntries Timeout, request=0f7bb9d9-5139-4852-be99-380e1bc1143c->6a48daa3-10a7-4dcf-835e-de50be54fa2c#135-t2, previous=(t:2, i:20), leaderCommit=16, initializing? false, entries: <empty>
2019-09-17 07:45:00,864 [java.util.concurrent.ThreadPoolExecutor$Worker@621a8e3a[State = -1, empty queue]] WARN  server.GrpcLogAppender (GrpcLogAppender.java:timeoutAppendRequest(200)) - 0f7bb9d9-5139-4852-be99-380e1bc1143c@group-7C72F7D496C4->9cc127b6-6322-4ddd-ad35-07c34665999c-GrpcLogAppender: appendEntries Timeout, request=0f7bb9d9-5139-4852-be99-380e1bc1143c->9cc127b6-6322-4ddd-ad35-07c34665999c#135-t2, previous=(t:2, i:20), leaderCommit=16, initializing? false, entries: <empty>
2019-09-17 07:45:01,153 [df3f7b97-e0a2-4b7a-b613-50634e06cc54@group-CE3B9C89E676-SegmentedRaftLogWorker] WARN  segmented.SegmentedRaftLogWorker (SegmentedRaftLogWorker.java:getFromFuture(90)) - Timeout 5/~
org.apache.ratis.protocol.TimeoutIOException: Timeout 10s: WriteLog:19: (t:2, i:19), STATEMACHINELOGENTRY, client-F68F3035F915, cid=41-writeStateMachineData
	at org.apache.ratis.util.IOUtils.getFromFuture(IOUtils.java:87)
	at org.apache.ratis.server.raftlog.segmented.SegmentedRaftLogWorker$StateMachineDataPolicy.getFromFuture(SegmentedRaftLogWorker.java:87)
	at org.apache.ratis.server.raftlog.segmented.SegmentedRaftLogWorker$WriteLog.execute(SegmentedRaftLogWorker.java:477)
	at org.apache.ratis.server.raftlog.segmented.SegmentedRaftLogWorker.run(SegmentedRaftLogWorker.java:289)
	at java.lang.Thread.run(Thread.java:748)
Caused by: java.util.concurrent.TimeoutException
	at java.util.concurrent.CompletableFuture.timedGet(CompletableFuture.java:1771)
	at java.util.concurrent.CompletableFuture.get(CompletableFuture.java:1915)
	at org.apache.ratis.util.IOUtils.getFromFuture(IOUtils.java:79)
	... 4 more
2019-09-17 07:45:01,295 [java.util.concurrent.ThreadPoolExecutor$Worker@1a8f3f9a[State = -1, empty queue]] WARN  server.GrpcLogAppender (GrpcLogAppender.java:timeoutAppendRequest(200)) - cca845ef-daa9-4965-b848-0a1a0c80ebf1@group-EAB0D3E59377->a6514a8e-6408-4ac6-93dd-a0b43c53a9d5-GrpcLogAppender: appendEntries Timeout, request=cca845ef-daa9-4965-b848-0a1a0c80ebf1->a6514a8e-6408-4ac6-93dd-a0b43c53a9d5#149-t2, previous=(t:2, i:35), leaderCommit=31, initializing? false, entries: <empty>
2019-09-17 07:45:01,295 [java.util.concurrent.ThreadPoolExecutor$Worker@d090998[State = -1, empty queue]] WARN  server.GrpcLogAppender (GrpcLogAppender.java:timeoutAppendRequest(200)) - cca845ef-daa9-4965-b848-0a1a0c80ebf1@group-EAB0D3E59377->96d93dec-e435-44d3-a97f-c1954b993e4b-GrpcLogAppender: appendEntries Timeout, request=cca845ef-daa9-4965-b848-0a1a0c80ebf1->96d93dec-e435-44d3-a97f-c1954b993e4b#149-t2, previous=(t:2, i:35), leaderCommit=31, initializing? false, entries: <empty>
2019-09-17 07:45:01,364 [java.util.concurrent.ThreadPoolExecutor$Worker@34920f4e[State = -1, empty queue]] WARN  server.GrpcLogAppender (GrpcLogAppender.java:timeoutAppendRequest(200)) - 0f7bb9d9-5139-4852-be99-380e1bc1143c@group-7C72F7D496C4->6a48daa3-10a7-4dcf-835e-de50be54fa2c-GrpcLogAppender: appendEntries Timeout, request=0f7bb9d9-5139-4852-be99-380e1bc1143c->6a48daa3-10a7-4dcf-835e-de50be54fa2c#136-t2, previous=(t:2, i:20), leaderCommit=16, initializing? false, entries: <empty>
2019-09-17 07:45:01,364 [java.util.concurrent.ThreadPoolExecutor$Worker@621a8e3a[State = -1, empty queue]] WARN  server.GrpcLogAppender (GrpcLogAppender.java:timeoutAppendRequest(200)) - 0f7bb9d9-5139-4852-be99-380e1bc1143c@group-7C72F7D496C4->9cc127b6-6322-4ddd-ad35-07c34665999c-GrpcLogAppender: appendEntries Timeout, request=0f7bb9d9-5139-4852-be99-380e1bc1143c->9cc127b6-6322-4ddd-ad35-07c34665999c#136-t2, previous=(t:2, i:20), leaderCommit=16, initializing? false, entries: <empty>
2019-09-17 07:45:01,795 [java.util.concurrent.ThreadPoolExecutor$Worker@d090998[State = -1, empty queue]] WARN  server.GrpcLogAppender (GrpcLogAppender.java:timeoutAppendRequest(200)) - cca845ef-daa9-4965-b848-0a1a0c80ebf1@group-EAB0D3E59377->96d93dec-e435-44d3-a97f-c1954b993e4b-GrpcLogAppender: appendEntries Timeout, request=cca845ef-daa9-4965-b848-0a1a0c80ebf1->96d93dec-e435-44d3-a97f-c1954b993e4b#150-t2, previous=(t:2, i:35), leaderCommit=31, initializing? false, entries: <empty>
2019-09-17 07:45:01,795 [java.util.concurrent.ThreadPoolExecutor$Worker@1a8f3f9a[State = -1, empty queue]] WARN  server.GrpcLogAppender (GrpcLogAppender.java:timeoutAppendRequest(200)) - cca845ef-daa9-4965-b848-0a1a0c80ebf1@group-EAB0D3E59377->a6514a8e-6408-4ac6-93dd-a0b43c53a9d5-GrpcLogAppender: appendEntries Timeout, request=cca845ef-daa9-4965-b848-0a1a0c80ebf1->a6514a8e-6408-4ac6-93dd-a0b43c53a9d5#150-t2, previous=(t:2, i:35), leaderCommit=31, initializing? false, entries: <empty>
2019-09-17 07:45:01,864 [java.util.concurrent.ThreadPoolExecutor$Worker@621a8e3a[State = -1, empty queue]] WARN  server.GrpcLogAppender (GrpcLogAppender.java:timeoutAppendRequest(200)) - 0f7bb9d9-5139-4852-be99-380e1bc1143c@group-7C72F7D496C4->9cc127b6-6322-4ddd-ad35-07c34665999c-GrpcLogAppender: appendEntries Timeout, request=0f7bb9d9-5139-4852-be99-380e1bc1143c->9cc127b6-6322-4ddd-ad35-07c34665999c#137-t2, previous=(t:2, i:20), leaderCommit=16, initializing? false, entries: <empty>
2019-09-17 07:45:01,864 [java.util.concurrent.ThreadPoolExecutor$Worker@34920f4e[State = -1, empty queue]] WARN  server.GrpcLogAppender (GrpcLogAppender.java:timeoutAppendRequest(200)) - 0f7bb9d9-5139-4852-be99-380e1bc1143c@group-7C72F7D496C4->6a48daa3-10a7-4dcf-835e-de50be54fa2c-GrpcLogAppender: appendEntries Timeout, request=0f7bb9d9-5139-4852-be99-380e1bc1143c->6a48daa3-10a7-4dcf-835e-de50be54fa2c#137-t2, previous=(t:2, i:20), leaderCommit=16, initializing? false, entries: <empty>
2019-09-17 07:45:02,295 [java.util.concurrent.ThreadPoolExecutor$Worker@1a8f3f9a[State = -1, empty queue]] WARN  server.GrpcLogAppender (GrpcLogAppender.java:timeoutAppendRequest(200)) - cca845ef-daa9-4965-b848-0a1a0c80ebf1@group-EAB0D3E59377->a6514a8e-6408-4ac6-93dd-a0b43c53a9d5-GrpcLogAppender: appendEntries Timeout, request=cca845ef-daa9-4965-b848-0a1a0c80ebf1->a6514a8e-6408-4ac6-93dd-a0b43c53a9d5#151-t2, previous=(t:2, i:35), leaderCommit=31, initializing? false, entries: <empty>
2019-09-17 07:45:02,295 [java.util.concurrent.ThreadPoolExecutor$Worker@d090998[State = -1, empty queue]] WARN  server.GrpcLogAppender (GrpcLogAppender.java:timeoutAppendRequest(200)) - cca845ef-daa9-4965-b848-0a1a0c80ebf1@group-EAB0D3E59377->96d93dec-e435-44d3-a97f-c1954b993e4b-GrpcLogAppender: appendEntries Timeout, request=cca845ef-daa9-4965-b848-0a1a0c80ebf1->96d93dec-e435-44d3-a97f-c1954b993e4b#151-t2, previous=(t:2, i:35), leaderCommit=31, initializing? false, entries: <empty>
2019-09-17 07:45:02,365 [java.util.concurrent.ThreadPoolExecutor$Worker@34920f4e[State = -1, empty queue]] WARN  server.GrpcLogAppender (GrpcLogAppender.java:timeoutAppendRequest(200)) - 0f7bb9d9-5139-4852-be99-380e1bc1143c@group-7C72F7D496C4->6a48daa3-10a7-4dcf-835e-de50be54fa2c-GrpcLogAppender: appendEntries Timeout, request=0f7bb9d9-5139-4852-be99-380e1bc1143c->6a48daa3-10a7-4dcf-835e-de50be54fa2c#138-t2, previous=(t:2, i:20), leaderCommit=16, initializing? false, entries: <empty>
2019-09-17 07:45:02,365 [java.util.concurrent.ThreadPoolExecutor$Worker@621a8e3a[State = -1, empty queue]] WARN  server.GrpcLogAppender (GrpcLogAppender.java:timeoutAppendRequest(200)) - 0f7bb9d9-5139-4852-be99-380e1bc1143c@group-7C72F7D496C4->9cc127b6-6322-4ddd-ad35-07c34665999c-GrpcLogAppender: appendEntries Timeout, request=0f7bb9d9-5139-4852-be99-380e1bc1143c->9cc127b6-6322-4ddd-ad35-07c34665999c#138-t2, previous=(t:2, i:20), leaderCommit=16, initializing? false, entries: <empty>
2019-09-17 07:45:02,797 [java.util.concurrent.ThreadPoolExecutor$Worker@d090998[State = -1, empty queue]] WARN  server.GrpcLogAppender (GrpcLogAppender.java:timeoutAppendRequest(200)) - cca845ef-daa9-4965-b848-0a1a0c80ebf1@group-EAB0D3E59377->96d93dec-e435-44d3-a97f-c1954b993e4b-GrpcLogAppender: appendEntries Timeout, request=cca845ef-daa9-4965-b848-0a1a0c80ebf1->96d93dec-e435-44d3-a97f-c1954b993e4b#152-t2, previous=(t:2, i:35), leaderCommit=31, initializing? false, entries: <empty>
2019-09-17 07:45:02,797 [java.util.concurrent.ThreadPoolExecutor$Worker@1a8f3f9a[State = -1, empty queue]] WARN  server.GrpcLogAppender (GrpcLogAppender.java:timeoutAppendRequest(200)) - cca845ef-daa9-4965-b848-0a1a0c80ebf1@group-EAB0D3E59377->a6514a8e-6408-4ac6-93dd-a0b43c53a9d5-GrpcLogAppender: appendEntries Timeout, request=cca845ef-daa9-4965-b848-0a1a0c80ebf1->a6514a8e-6408-4ac6-93dd-a0b43c53a9d5#152-t2, previous=(t:2, i:35), leaderCommit=31, initializing? false, entries: <empty>
2019-09-17 07:45:02,865 [java.util.concurrent.ThreadPoolExecutor$Worker@34920f4e[State = -1, empty queue]] WARN  server.GrpcLogAppender (GrpcLogAppender.java:timeoutAppendRequest(200)) - 0f7bb9d9-5139-4852-be99-380e1bc1143c@group-7C72F7D496C4->6a48daa3-10a7-4dcf-835e-de50be54fa2c-GrpcLogAppender: appendEntries Timeout, request=0f7bb9d9-5139-4852-be99-380e1bc1143c->6a48daa3-10a7-4dcf-835e-de50be54fa2c#139-t2, previous=(t:2, i:20), leaderCommit=16, initializing? false, entries: <empty>
2019-09-17 07:45:02,865 [java.util.concurrent.ThreadPoolExecutor$Worker@621a8e3a[State = -1, empty queue]] WARN  server.GrpcLogAppender (GrpcLogAppender.java:timeoutAppendRequest(200)) - 0f7bb9d9-5139-4852-be99-380e1bc1143c@group-7C72F7D496C4->9cc127b6-6322-4ddd-ad35-07c34665999c-GrpcLogAppender: appendEntries Timeout, request=0f7bb9d9-5139-4852-be99-380e1bc1143c->9cc127b6-6322-4ddd-ad35-07c34665999c#139-t2, previous=(t:2, i:20), leaderCommit=16, initializing? false, entries: <empty>
2019-09-17 07:45:03,297 [java.util.concurrent.ThreadPoolExecutor$Worker@1a8f3f9a[State = -1, empty queue]] WARN  server.GrpcLogAppender (GrpcLogAppender.java:timeoutAppendRequest(200)) - cca845ef-daa9-4965-b848-0a1a0c80ebf1@group-EAB0D3E59377->a6514a8e-6408-4ac6-93dd-a0b43c53a9d5-GrpcLogAppender: appendEntries Timeout, request=cca845ef-daa9-4965-b848-0a1a0c80ebf1->a6514a8e-6408-4ac6-93dd-a0b43c53a9d5#153-t2, previous=(t:2, i:35), leaderCommit=31, initializing? false, entries: <empty>
2019-09-17 07:45:03,297 [java.util.concurrent.ThreadPoolExecutor$Worker@d090998[State = -1, empty queue]] WARN  server.GrpcLogAppender (GrpcLogAppender.java:timeoutAppendRequest(200)) - cca845ef-daa9-4965-b848-0a1a0c80ebf1@group-EAB0D3E59377->96d93dec-e435-44d3-a97f-c1954b993e4b-GrpcLogAppender: appendEntries Timeout, request=cca845ef-daa9-4965-b848-0a1a0c80ebf1->96d93dec-e435-44d3-a97f-c1954b993e4b#153-t2, previous=(t:2, i:35), leaderCommit=31, initializing? false, entries: <empty>
2019-09-17 07:45:03,365 [java.util.concurrent.ThreadPoolExecutor$Worker@34920f4e[State = -1, empty queue]] WARN  server.GrpcLogAppender (GrpcLogAppender.java:timeoutAppendRequest(200)) - 0f7bb9d9-5139-4852-be99-380e1bc1143c@group-7C72F7D496C4->6a48daa3-10a7-4dcf-835e-de50be54fa2c-GrpcLogAppender: appendEntries Timeout, request=0f7bb9d9-5139-4852-be99-380e1bc1143c->6a48daa3-10a7-4dcf-835e-de50be54fa2c#140-t2, previous=(t:2, i:20), leaderCommit=16, initializing? false, entries: <empty>
2019-09-17 07:45:03,365 [java.util.concurrent.ThreadPoolExecutor$Worker@621a8e3a[State = -1, empty queue]] WARN  server.GrpcLogAppender (GrpcLogAppender.java:timeoutAppendRequest(200)) - 0f7bb9d9-5139-4852-be99-380e1bc1143c@group-7C72F7D496C4->9cc127b6-6322-4ddd-ad35-07c34665999c-GrpcLogAppender: appendEntries Timeout, request=0f7bb9d9-5139-4852-be99-380e1bc1143c->9cc127b6-6322-4ddd-ad35-07c34665999c#140-t2, previous=(t:2, i:20), leaderCommit=16, initializing? false, entries: <empty>
2019-09-17 07:45:03,798 [java.util.concurrent.ThreadPoolExecutor$Worker@d090998[State = -1, empty queue]] WARN  server.GrpcLogAppender (GrpcLogAppender.java:timeoutAppendRequest(200)) - cca845ef-daa9-4965-b848-0a1a0c80ebf1@group-EAB0D3E59377->96d93dec-e435-44d3-a97f-c1954b993e4b-GrpcLogAppender: appendEntries Timeout, request=cca845ef-daa9-4965-b848-0a1a0c80ebf1->96d93dec-e435-44d3-a97f-c1954b993e4b#154-t2, previous=(t:2, i:35), leaderCommit=31, initializing? false, entries: <empty>
2019-09-17 07:45:03,798 [java.util.concurrent.ThreadPoolExecutor$Worker@1a8f3f9a[State = -1, empty queue]] WARN  server.GrpcLogAppender (GrpcLogAppender.java:timeoutAppendRequest(200)) - cca845ef-daa9-4965-b848-0a1a0c80ebf1@group-EAB0D3E59377->a6514a8e-6408-4ac6-93dd-a0b43c53a9d5-GrpcLogAppender: appendEntries Timeout, request=cca845ef-daa9-4965-b848-0a1a0c80ebf1->a6514a8e-6408-4ac6-93dd-a0b43c53a9d5#154-t2, previous=(t:2, i:35), leaderCommit=31, initializing? false, entries: <empty>
2019-09-17 07:45:03,865 [java.util.concurrent.ThreadPoolExecutor$Worker@34920f4e[State = -1, empty queue]] WARN  server.GrpcLogAppender (GrpcLogAppender.java:timeoutAppendRequest(200)) - 0f7bb9d9-5139-4852-be99-380e1bc1143c@group-7C72F7D496C4->6a48daa3-10a7-4dcf-835e-de50be54fa2c-GrpcLogAppender: appendEntries Timeout, request=0f7bb9d9-5139-4852-be99-380e1bc1143c->6a48daa3-10a7-4dcf-835e-de50be54fa2c#141-t2, previous=(t:2, i:20), leaderCommit=16, initializing? false, entries: <empty>
2019-09-17 07:45:03,865 [java.util.concurrent.ThreadPoolExecutor$Worker@621a8e3a[State = -1, empty queue]] WARN  server.GrpcLogAppender (GrpcLogAppender.java:timeoutAppendRequest(200)) - 0f7bb9d9-5139-4852-be99-380e1bc1143c@group-7C72F7D496C4->9cc127b6-6322-4ddd-ad35-07c34665999c-GrpcLogAppender: appendEntries Timeout, request=0f7bb9d9-5139-4852-be99-380e1bc1143c->9cc127b6-6322-4ddd-ad35-07c34665999c#141-t2, previous=(t:2, i:20), leaderCommit=16, initializing? false, entries: <empty>
2019-09-17 07:45:04,298 [java.util.concurrent.ThreadPoolExecutor$Worker@d090998[State = -1, empty queue]] WARN  server.GrpcLogAppender (GrpcLogAppender.java:timeoutAppendRequest(200)) - cca845ef-daa9-4965-b848-0a1a0c80ebf1@group-EAB0D3E59377->96d93dec-e435-44d3-a97f-c1954b993e4b-GrpcLogAppender: appendEntries Timeout, request=cca845ef-daa9-4965-b848-0a1a0c80ebf1->96d93dec-e435-44d3-a97f-c1954b993e4b#155-t2, previous=(t:2, i:35), leaderCommit=31, initializing? false, entries: <empty>
2019-09-17 07:45:04,298 [java.util.concurrent.ThreadPoolExecutor$Worker@1a8f3f9a[State = -1, empty queue]] WARN  server.GrpcLogAppender (GrpcLogAppender.java:timeoutAppendRequest(200)) - cca845ef-daa9-4965-b848-0a1a0c80ebf1@group-EAB0D3E59377->a6514a8e-6408-4ac6-93dd-a0b43c53a9d5-GrpcLogAppender: appendEntries Timeout, request=cca845ef-daa9-4965-b848-0a1a0c80ebf1->a6514a8e-6408-4ac6-93dd-a0b43c53a9d5#155-t2, previous=(t:2, i:35), leaderCommit=31, initializing? false, entries: <empty>
2019-09-17 07:45:04,365 [java.util.concurrent.ThreadPoolExecutor$Worker@34920f4e[State = -1, empty queue]] WARN  server.GrpcLogAppender (GrpcLogAppender.java:timeoutAppendRequest(200)) - 0f7bb9d9-5139-4852-be99-380e1bc1143c@group-7C72F7D496C4->6a48daa3-10a7-4dcf-835e-de50be54fa2c-GrpcLogAppender: appendEntries Timeout, request=0f7bb9d9-5139-4852-be99-380e1bc1143c->6a48daa3-10a7-4dcf-835e-de50be54fa2c#142-t2, previous=(t:2, i:20), leaderCommit=16, initializing? false, entries: <empty>
2019-09-17 07:45:04,366 [java.util.concurrent.ThreadPoolExecutor$Worker@621a8e3a[State = -1, empty queue]] WARN  server.GrpcLogAppender (GrpcLogAppender.java:timeoutAppendRequest(200)) - 0f7bb9d9-5139-4852-be99-380e1bc1143c@group-7C72F7D496C4->9cc127b6-6322-4ddd-ad35-07c34665999c-GrpcLogAppender: appendEntries Timeout, request=0f7bb9d9-5139-4852-be99-380e1bc1143c->9cc127b6-6322-4ddd-ad35-07c34665999c#142-t2, previous=(t:2, i:20), leaderCommit=16, initializing? false, entries: <empty>
2019-09-17 07:45:04,447 [grpc-default-executor-6] INFO  client.GrpcClientProtocolClient (GrpcClientProtocolClient.java:onNext(264)) - client-8A13B18BF2D1->a6514a8e-6408-4ac6-93dd-a0b43c53a9d5: receive RaftClientReply:client-8A13B18BF2D1->a6514a8e-6408-4ac6-93dd-a0b43c53a9d5@group-EAB0D3E59377, cid=66, FAILED org.apache.ratis.protocol.NotLeaderException: Server a6514a8e-6408-4ac6-93dd-a0b43c53a9d5@group-EAB0D3E59377 is not the leader cca845ef-daa9-4965-b848-0a1a0c80ebf1:192.168.151.112:45232, logIndex=0, commits[a6514a8e-6408-4ac6-93dd-a0b43c53a9d5:c31, cca845ef-daa9-4965-b848-0a1a0c80ebf1:c31, 96d93dec-e435-44d3-a97f-c1954b993e4b:c29]
2019-09-17 07:45:04,798 [java.util.concurrent.ThreadPoolExecutor$Worker@1a8f3f9a[State = -1, empty queue]] WARN  server.GrpcLogAppender (GrpcLogAppender.java:timeoutAppendRequest(200)) - cca845ef-daa9-4965-b848-0a1a0c80ebf1@group-EAB0D3E59377->a6514a8e-6408-4ac6-93dd-a0b43c53a9d5-GrpcLogAppender: appendEntries Timeout, request=cca845ef-daa9-4965-b848-0a1a0c80ebf1->a6514a8e-6408-4ac6-93dd-a0b43c53a9d5#156-t2, previous=(t:2, i:35), leaderCommit=31, initializing? false, entries: <empty>
2019-09-17 07:45:04,798 [java.util.concurrent.ThreadPoolExecutor$Worker@d090998[State = -1, empty queue]] WARN  server.GrpcLogAppender (GrpcLogAppender.java:timeoutAppendRequest(200)) - cca845ef-daa9-4965-b848-0a1a0c80ebf1@group-EAB0D3E59377->96d93dec-e435-44d3-a97f-c1954b993e4b-GrpcLogAppender: appendEntries Timeout, request=cca845ef-daa9-4965-b848-0a1a0c80ebf1->96d93dec-e435-44d3-a97f-c1954b993e4b#156-t2, previous=(t:2, i:35), leaderCommit=31, initializing? false, entries: <empty>
2019-09-17 07:45:04,866 [java.util.concurrent.ThreadPoolExecutor$Worker@34920f4e[State = -1, empty queue]] WARN  server.GrpcLogAppender (GrpcLogAppender.java:timeoutAppendRequest(200)) - 0f7bb9d9-5139-4852-be99-380e1bc1143c@group-7C72F7D496C4->6a48daa3-10a7-4dcf-835e-de50be54fa2c-GrpcLogAppender: appendEntries Timeout, request=0f7bb9d9-5139-4852-be99-380e1bc1143c->6a48daa3-10a7-4dcf-835e-de50be54fa2c#143-t2, previous=(t:2, i:20), leaderCommit=16, initializing? false, entries: <empty>
2019-09-17 07:45:04,866 [java.util.concurrent.ThreadPoolExecutor$Worker@621a8e3a[State = -1, empty queue]] WARN  server.GrpcLogAppender (GrpcLogAppender.java:timeoutAppendRequest(200)) - 0f7bb9d9-5139-4852-be99-380e1bc1143c@group-7C72F7D496C4->9cc127b6-6322-4ddd-ad35-07c34665999c-GrpcLogAppender: appendEntries Timeout, request=0f7bb9d9-5139-4852-be99-380e1bc1143c->9cc127b6-6322-4ddd-ad35-07c34665999c#143-t2, previous=(t:2, i:20), leaderCommit=16, initializing? false, entries: <empty>
2019-09-17 07:45:05,290 [0f7bb9d9-5139-4852-be99-380e1bc1143c@group-7C72F7D496C4-SegmentedRaftLogWorker] WARN  segmented.SegmentedRaftLogWorker (SegmentedRaftLogWorker.java:getFromFuture(90)) - Timeout 3/~
org.apache.ratis.protocol.TimeoutIOException: Timeout 10s: WriteLog:17: (t:2, i:17), STATEMACHINELOGENTRY, client-E0A2BD2BFF31, cid=53-writeStateMachineData
	at org.apache.ratis.util.IOUtils.getFromFuture(IOUtils.java:87)
	at org.apache.ratis.server.raftlog.segmented.SegmentedRaftLogWorker$StateMachineDataPolicy.getFromFuture(SegmentedRaftLogWorker.java:87)
	at org.apache.ratis.server.raftlog.segmented.SegmentedRaftLogWorker$WriteLog.execute(SegmentedRaftLogWorker.java:477)
	at org.apache.ratis.server.raftlog.segmented.SegmentedRaftLogWorker.run(SegmentedRaftLogWorker.java:289)
	at java.lang.Thread.run(Thread.java:748)
Caused by: java.util.concurrent.TimeoutException
	at java.util.concurrent.CompletableFuture.timedGet(CompletableFuture.java:1771)
	at java.util.concurrent.CompletableFuture.get(CompletableFuture.java:1915)
	at org.apache.ratis.util.IOUtils.getFromFuture(IOUtils.java:79)
	... 4 more
2019-09-17 07:45:05,294 [9cc127b6-6322-4ddd-ad35-07c34665999c@group-7C72F7D496C4-SegmentedRaftLogWorker] WARN  segmented.SegmentedRaftLogWorker (SegmentedRaftLogWorker.java:getFromFuture(90)) - Timeout 3/~
org.apache.ratis.protocol.TimeoutIOException: Timeout 10s: WriteLog:17: (t:2, i:17), STATEMACHINELOGENTRY, client-E0A2BD2BFF31, cid=53-writeStateMachineData
	at org.apache.ratis.util.IOUtils.getFromFuture(IOUtils.java:87)
	at org.apache.ratis.server.raftlog.segmented.SegmentedRaftLogWorker$StateMachineDataPolicy.getFromFuture(SegmentedRaftLogWorker.java:87)
	at org.apache.ratis.server.raftlog.segmented.SegmentedRaftLogWorker$WriteLog.execute(SegmentedRaftLogWorker.java:477)
	at org.apache.ratis.server.raftlog.segmented.SegmentedRaftLogWorker.run(SegmentedRaftLogWorker.java:289)
	at java.lang.Thread.run(Thread.java:748)
Caused by: java.util.concurrent.TimeoutException
	at java.util.concurrent.CompletableFuture.timedGet(CompletableFuture.java:1771)
	at java.util.concurrent.CompletableFuture.get(CompletableFuture.java:1915)
	at org.apache.ratis.util.IOUtils.getFromFuture(IOUtils.java:79)
	... 4 more
2019-09-17 07:45:05,299 [java.util.concurrent.ThreadPoolExecutor$Worker@d090998[State = -1, empty queue]] WARN  server.GrpcLogAppender (GrpcLogAppender.java:timeoutAppendRequest(200)) - cca845ef-daa9-4965-b848-0a1a0c80ebf1@group-EAB0D3E59377->96d93dec-e435-44d3-a97f-c1954b993e4b-GrpcLogAppender: appendEntries Timeout, request=cca845ef-daa9-4965-b848-0a1a0c80ebf1->96d93dec-e435-44d3-a97f-c1954b993e4b#157-t2, previous=(t:2, i:35), leaderCommit=31, initializing? false, entries: <empty>
2019-09-17 07:45:05,299 [java.util.concurrent.ThreadPoolExecutor$Worker@1a8f3f9a[State = -1, empty queue]] WARN  server.GrpcLogAppender (GrpcLogAppender.java:timeoutAppendRequest(200)) - cca845ef-daa9-4965-b848-0a1a0c80ebf1@group-EAB0D3E59377->a6514a8e-6408-4ac6-93dd-a0b43c53a9d5-GrpcLogAppender: appendEntries Timeout, request=cca845ef-daa9-4965-b848-0a1a0c80ebf1->a6514a8e-6408-4ac6-93dd-a0b43c53a9d5#157-t2, previous=(t:2, i:35), leaderCommit=31, initializing? false, entries: <empty>
2019-09-17 07:45:05,318 [6a48daa3-10a7-4dcf-835e-de50be54fa2c@group-7C72F7D496C4-SegmentedRaftLogWorker] WARN  segmented.SegmentedRaftLogWorker (SegmentedRaftLogWorker.java:getFromFuture(90)) - Timeout 3/~
org.apache.ratis.protocol.TimeoutIOException: Timeout 10s: WriteLog:17: (t:2, i:17), STATEMACHINELOGENTRY, client-E0A2BD2BFF31, cid=53-writeStateMachineData
	at org.apache.ratis.util.IOUtils.getFromFuture(IOUtils.java:87)
	at org.apache.ratis.server.raftlog.segmented.SegmentedRaftLogWorker$StateMachineDataPolicy.getFromFuture(SegmentedRaftLogWorker.java:87)
	at org.apache.ratis.server.raftlog.segmented.SegmentedRaftLogWorker$WriteLog.execute(SegmentedRaftLogWorker.java:477)
	at org.apache.ratis.server.raftlog.segmented.SegmentedRaftLogWorker.run(SegmentedRaftLogWorker.java:289)
	at java.lang.Thread.run(Thread.java:748)
Caused by: java.util.concurrent.TimeoutException
	at java.util.concurrent.CompletableFuture.timedGet(CompletableFuture.java:1771)
	at java.util.concurrent.CompletableFuture.get(CompletableFuture.java:1915)
	at org.apache.ratis.util.IOUtils.getFromFuture(IOUtils.java:79)
	... 4 more
2019-09-17 07:45:05,366 [java.util.concurrent.ThreadPoolExecutor$Worker@621a8e3a[State = -1, empty queue]] WARN  server.GrpcLogAppender (GrpcLogAppender.java:timeoutAppendRequest(200)) - 0f7bb9d9-5139-4852-be99-380e1bc1143c@group-7C72F7D496C4->9cc127b6-6322-4ddd-ad35-07c34665999c-GrpcLogAppender: appendEntries Timeout, request=0f7bb9d9-5139-4852-be99-380e1bc1143c->9cc127b6-6322-4ddd-ad35-07c34665999c#144-t2, previous=(t:2, i:20), leaderCommit=16, initializing? false, entries: <empty>
2019-09-17 07:45:05,366 [java.util.concurrent.ThreadPoolExecutor$Worker@34920f4e[State = -1, empty queue]] WARN  server.GrpcLogAppender (GrpcLogAppender.java:timeoutAppendRequest(200)) - 0f7bb9d9-5139-4852-be99-380e1bc1143c@group-7C72F7D496C4->6a48daa3-10a7-4dcf-835e-de50be54fa2c-GrpcLogAppender: appendEntries Timeout, request=0f7bb9d9-5139-4852-be99-380e1bc1143c->6a48daa3-10a7-4dcf-835e-de50be54fa2c#144-t2, previous=(t:2, i:20), leaderCommit=16, initializing? false, entries: <empty>
2019-09-17 07:45:05,800 [java.util.concurrent.ThreadPoolExecutor$Worker@d090998[State = -1, empty queue]] WARN  server.GrpcLogAppender (GrpcLogAppender.java:timeoutAppendRequest(200)) - cca845ef-daa9-4965-b848-0a1a0c80ebf1@group-EAB0D3E59377->96d93dec-e435-44d3-a97f-c1954b993e4b-GrpcLogAppender: appendEntries Timeout, request=cca845ef-daa9-4965-b848-0a1a0c80ebf1->96d93dec-e435-44d3-a97f-c1954b993e4b#158-t2, previous=(t:2, i:35), leaderCommit=31, initializing? false, entries: <empty>
2019-09-17 07:45:05,800 [java.util.concurrent.ThreadPoolExecutor$Worker@1a8f3f9a[State = -1, empty queue]] WARN  server.GrpcLogAppender (GrpcLogAppender.java:timeoutAppendRequest(200)) - cca845ef-daa9-4965-b848-0a1a0c80ebf1@group-EAB0D3E59377->a6514a8e-6408-4ac6-93dd-a0b43c53a9d5-GrpcLogAppender: appendEntries Timeout, request=cca845ef-daa9-4965-b848-0a1a0c80ebf1->a6514a8e-6408-4ac6-93dd-a0b43c53a9d5#158-t2, previous=(t:2, i:35), leaderCommit=31, initializing? false, entries: <empty>
2019-09-17 07:45:05,866 [java.util.concurrent.ThreadPoolExecutor$Worker@621a8e3a[State = -1, empty queue]] WARN  server.GrpcLogAppender (GrpcLogAppender.java:timeoutAppendRequest(200)) - 0f7bb9d9-5139-4852-be99-380e1bc1143c@group-7C72F7D496C4->9cc127b6-6322-4ddd-ad35-07c34665999c-GrpcLogAppender: appendEntries Timeout, request=0f7bb9d9-5139-4852-be99-380e1bc1143c->9cc127b6-6322-4ddd-ad35-07c34665999c#145-t2, previous=(t:2, i:20), leaderCommit=16, initializing? false, entries: <empty>
2019-09-17 07:45:05,867 [java.util.concurrent.ThreadPoolExecutor$Worker@34920f4e[State = -1, empty queue]] WARN  server.GrpcLogAppender (GrpcLogAppender.java:timeoutAppendRequest(200)) - 0f7bb9d9-5139-4852-be99-380e1bc1143c@group-7C72F7D496C4->6a48daa3-10a7-4dcf-835e-de50be54fa2c-GrpcLogAppender: appendEntries Timeout, request=0f7bb9d9-5139-4852-be99-380e1bc1143c->6a48daa3-10a7-4dcf-835e-de50be54fa2c#145-t2, previous=(t:2, i:20), leaderCommit=16, initializing? false, entries: <empty>
2019-09-17 07:45:06,300 [java.util.concurrent.ThreadPoolExecutor$Worker@d090998[State = -1, empty queue]] WARN  server.GrpcLogAppender (GrpcLogAppender.java:timeoutAppendRequest(200)) - cca845ef-daa9-4965-b848-0a1a0c80ebf1@group-EAB0D3E59377->96d93dec-e435-44d3-a97f-c1954b993e4b-GrpcLogAppender: appendEntries Timeout, request=cca845ef-daa9-4965-b848-0a1a0c80ebf1->96d93dec-e435-44d3-a97f-c1954b993e4b#159-t2, previous=(t:2, i:35), leaderCommit=31, initializing? false, entries: <empty>
2019-09-17 07:45:06,300 [java.util.concurrent.ThreadPoolExecutor$Worker@1a8f3f9a[State = -1, empty queue]] WARN  server.GrpcLogAppender (GrpcLogAppender.java:timeoutAppendRequest(200)) - cca845ef-daa9-4965-b848-0a1a0c80ebf1@group-EAB0D3E59377->a6514a8e-6408-4ac6-93dd-a0b43c53a9d5-GrpcLogAppender: appendEntries Timeout, request=cca845ef-daa9-4965-b848-0a1a0c80ebf1->a6514a8e-6408-4ac6-93dd-a0b43c53a9d5#159-t2, previous=(t:2, i:35), leaderCommit=31, initializing? false, entries: <empty>
2019-09-17 07:45:06,367 [java.util.concurrent.ThreadPoolExecutor$Worker@621a8e3a[State = -1, empty queue]] WARN  server.GrpcLogAppender (GrpcLogAppender.java:timeoutAppendRequest(200)) - 0f7bb9d9-5139-4852-be99-380e1bc1143c@group-7C72F7D496C4->9cc127b6-6322-4ddd-ad35-07c34665999c-GrpcLogAppender: appendEntries Timeout, request=0f7bb9d9-5139-4852-be99-380e1bc1143c->9cc127b6-6322-4ddd-ad35-07c34665999c#146-t2, previous=(t:2, i:20), leaderCommit=16, initializing? false, entries: <empty>
2019-09-17 07:45:06,367 [java.util.concurrent.ThreadPoolExecutor$Worker@34920f4e[State = -1, empty queue]] WARN  server.GrpcLogAppender (GrpcLogAppender.java:timeoutAppendRequest(200)) - 0f7bb9d9-5139-4852-be99-380e1bc1143c@group-7C72F7D496C4->6a48daa3-10a7-4dcf-835e-de50be54fa2c-GrpcLogAppender: appendEntries Timeout, request=0f7bb9d9-5139-4852-be99-380e1bc1143c->6a48daa3-10a7-4dcf-835e-de50be54fa2c#146-t2, previous=(t:2, i:20), leaderCommit=16, initializing? false, entries: <empty>
2019-09-17 07:45:06,801 [java.util.concurrent.ThreadPoolExecutor$Worker@1a8f3f9a[State = -1, empty queue]] WARN  server.GrpcLogAppender (GrpcLogAppender.java:timeoutAppendRequest(200)) - cca845ef-daa9-4965-b848-0a1a0c80ebf1@group-EAB0D3E59377->a6514a8e-6408-4ac6-93dd-a0b43c53a9d5-GrpcLogAppender: appendEntries Timeout, request=cca845ef-daa9-4965-b848-0a1a0c80ebf1->a6514a8e-6408-4ac6-93dd-a0b43c53a9d5#160-t2, previous=(t:2, i:35), leaderCommit=31, initializing? false, entries: <empty>
2019-09-17 07:45:06,801 [java.util.concurrent.ThreadPoolExecutor$Worker@d090998[State = -1, empty queue]] WARN  server.GrpcLogAppender (GrpcLogAppender.java:timeoutAppendRequest(200)) - cca845ef-daa9-4965-b848-0a1a0c80ebf1@group-EAB0D3E59377->96d93dec-e435-44d3-a97f-c1954b993e4b-GrpcLogAppender: appendEntries Timeout, request=cca845ef-daa9-4965-b848-0a1a0c80ebf1->96d93dec-e435-44d3-a97f-c1954b993e4b#160-t2, previous=(t:2, i:35), leaderCommit=31, initializing? false, entries: <empty>
2019-09-17 07:45:06,867 [java.util.concurrent.ThreadPoolExecutor$Worker@621a8e3a[State = -1, empty queue]] WARN  server.GrpcLogAppender (GrpcLogAppender.java:timeoutAppendRequest(200)) - 0f7bb9d9-5139-4852-be99-380e1bc1143c@group-7C72F7D496C4->9cc127b6-6322-4ddd-ad35-07c34665999c-GrpcLogAppender: appendEntries Timeout, request=0f7bb9d9-5139-4852-be99-380e1bc1143c->9cc127b6-6322-4ddd-ad35-07c34665999c#147-t2, previous=(t:2, i:20), leaderCommit=16, initializing? false, entries: <empty>
2019-09-17 07:45:06,867 [java.util.concurrent.ThreadPoolExecutor$Worker@34920f4e[State = -1, empty queue]] WARN  server.GrpcLogAppender (GrpcLogAppender.java:timeoutAppendRequest(200)) - 0f7bb9d9-5139-4852-be99-380e1bc1143c@group-7C72F7D496C4->6a48daa3-10a7-4dcf-835e-de50be54fa2c-GrpcLogAppender: appendEntries Timeout, request=0f7bb9d9-5139-4852-be99-380e1bc1143c->6a48daa3-10a7-4dcf-835e-de50be54fa2c#147-t2, previous=(t:2, i:20), leaderCommit=16, initializing? false, entries: <empty>
2019-09-17 07:45:07,301 [java.util.concurrent.ThreadPoolExecutor$Worker@d090998[State = -1, empty queue]] WARN  server.GrpcLogAppender (GrpcLogAppender.java:timeoutAppendRequest(200)) - cca845ef-daa9-4965-b848-0a1a0c80ebf1@group-EAB0D3E59377->96d93dec-e435-44d3-a97f-c1954b993e4b-GrpcLogAppender: appendEntries Timeout, request=cca845ef-daa9-4965-b848-0a1a0c80ebf1->96d93dec-e435-44d3-a97f-c1954b993e4b#161-t2, previous=(t:2, i:35), leaderCommit=31, initializing? false, entries: <empty>
2019-09-17 07:45:07,301 [java.util.concurrent.ThreadPoolExecutor$Worker@1a8f3f9a[State = -1, empty queue]] WARN  server.GrpcLogAppender (GrpcLogAppender.java:timeoutAppendRequest(200)) - cca845ef-daa9-4965-b848-0a1a0c80ebf1@group-EAB0D3E59377->a6514a8e-6408-4ac6-93dd-a0b43c53a9d5-GrpcLogAppender: appendEntries Timeout, request=cca845ef-daa9-4965-b848-0a1a0c80ebf1->a6514a8e-6408-4ac6-93dd-a0b43c53a9d5#161-t2, previous=(t:2, i:35), leaderCommit=31, initializing? false, entries: <empty>
2019-09-17 07:45:07,367 [java.util.concurrent.ThreadPoolExecutor$Worker@621a8e3a[State = -1, empty queue]] WARN  server.GrpcLogAppender (GrpcLogAppender.java:timeoutAppendRequest(200)) - 0f7bb9d9-5139-4852-be99-380e1bc1143c@group-7C72F7D496C4->9cc127b6-6322-4ddd-ad35-07c34665999c-GrpcLogAppender: appendEntries Timeout, request=0f7bb9d9-5139-4852-be99-380e1bc1143c->9cc127b6-6322-4ddd-ad35-07c34665999c#148-t2, previous=(t:2, i:20), leaderCommit=16, initializing? false, entries: <empty>
2019-09-17 07:45:07,368 [java.util.concurrent.ThreadPoolExecutor$Worker@34920f4e[State = -1, empty queue]] WARN  server.GrpcLogAppender (GrpcLogAppender.java:timeoutAppendRequest(200)) - 0f7bb9d9-5139-4852-be99-380e1bc1143c@group-7C72F7D496C4->6a48daa3-10a7-4dcf-835e-de50be54fa2c-GrpcLogAppender: appendEntries Timeout, request=0f7bb9d9-5139-4852-be99-380e1bc1143c->6a48daa3-10a7-4dcf-835e-de50be54fa2c#148-t2, previous=(t:2, i:20), leaderCommit=16, initializing? false, entries: <empty>
2019-09-17 07:45:07,474 [main] WARN  io.KeyOutputStream (KeyOutputStream.java:handleException(276)) - Encountered exception java.io.IOException: Unexpected Storage Container Exception: java.util.concurrent.CompletionException: java.util.concurrent.CompletionException: org.apache.ratis.protocol.RaftRetryFailureException: Failed RaftClientRequest:client-8A13B18BF2D1->cca845ef-daa9-4965-b848-0a1a0c80ebf1@group-EAB0D3E59377, cid=66, seq=9*, RW, org.apache.hadoop.hdds.scm.XceiverClientRatis$$Lambda$458/1412392963@781ea67d for 10 attempts with RetryLimited(maxAttempts=10, sleepTime=1000ms) on the pipeline Pipeline[ Id: 732dae7b-d889-40b8-a54e-eab0d3e59377, Nodes: cca845ef-daa9-4965-b848-0a1a0c80ebf1{ip: 192.168.151.112, host: pr-hdds-2134-72wlk-3981800394, networkLocation: /default-rack, certSerialId: null}96d93dec-e435-44d3-a97f-c1954b993e4b{ip: 192.168.151.112, host: pr-hdds-2134-72wlk-3981800394, networkLocation: /default-rack, certSerialId: null}a6514a8e-6408-4ac6-93dd-a0b43c53a9d5{ip: 192.168.151.112, host: pr-hdds-2134-72wlk-3981800394, networkLocation: /default-rack, certSerialId: null}, Type:RATIS, Factor:THREE, State:OPEN]. The last committed block length is 0, uncommitted data length is 2097152 retry count 0
2019-09-17 07:45:07,506 [IPC Server handler 19 on 35717] WARN  block.BlockManagerImpl (BlockManagerImpl.java:allocateBlock(192)) - Pipeline creation failed for type:RATIS factor:THREE. Retrying get pipelines call once.
org.apache.hadoop.hdds.scm.pipeline.InsufficientDatanodesException: Cannot create pipeline of factor 3 using 1 nodes.
	at org.apache.hadoop.hdds.scm.pipeline.RatisPipelineProvider.create(RatisPipelineProvider.java:152)
	at org.apache.hadoop.hdds.scm.pipeline.PipelineFactory.create(PipelineFactory.java:57)
	at org.apache.hadoop.hdds.scm.pipeline.SCMPipelineManager.createPipeline(SCMPipelineManager.java:151)
	at org.apache.hadoop.hdds.scm.block.BlockManagerImpl.allocateBlock(BlockManagerImpl.java:190)
	at org.apache.hadoop.hdds.scm.server.SCMBlockProtocolServer.allocateBlock(SCMBlockProtocolServer.java:182)
	at org.apache.hadoop.ozone.protocolPB.ScmBlockLocationProtocolServerSideTranslatorPB.allocateScmBlock(ScmBlockLocationProtocolServerSideTranslatorPB.java:183)
	at org.apache.hadoop.ozone.protocolPB.ScmBlockLocationProtocolServerSideTranslatorPB.processMessage(ScmBlockLocationProtocolServerSideTranslatorPB.java:141)
	at org.apache.hadoop.ozone.protocolPB.ScmBlockLocationProtocolServerSideTranslatorPB.send(ScmBlockLocationProtocolServerSideTranslatorPB.java:116)
	at org.apache.hadoop.hdds.protocol.proto.ScmBlockLocationProtocolProtos$ScmBlockLocationProtocolService$2.callBlockingMethod(ScmBlockLocationProtocolProtos.java:13157)
	at org.apache.hadoop.ipc.ProtobufRpcEngine$Server$ProtoBufRpcInvoker.call(ProtobufRpcEngine.java:524)
	at org.apache.hadoop.ipc.RPC$Server.call(RPC.java:1025)
	at org.apache.hadoop.ipc.Server$RpcCall.run(Server.java:876)
	at org.apache.hadoop.ipc.Server$RpcCall.run(Server.java:822)
	at java.security.AccessController.doPrivileged(Native Method)
	at javax.security.auth.Subject.doAs(Subject.java:422)
	at org.apache.hadoop.security.UserGroupInformation.doAs(UserGroupInformation.java:1730)
	at org.apache.hadoop.ipc.Server$Handler.run(Server.java:2682)
2019-09-17 07:45:07,510 [IPC Server handler 19 on 35717] INFO  block.BlockManagerImpl (BlockManagerImpl.java:allocateBlock(198)) - Could not find available pipeline of type:RATIS and factor:THREE even after retrying
2019-09-17 07:45:07,511 [IPC Server handler 19 on 35717] ERROR block.BlockManagerImpl (BlockManagerImpl.java:allocateBlock(222)) - Unable to allocate a block for the size: 4194304, type: RATIS, factor: THREE
2019-09-17 07:45:07,517 [main] ERROR io.BlockOutputStreamEntryPool (BlockOutputStreamEntryPool.java:allocateBlockIfNeeded(299)) - Try to allocate more blocks for write failed, already allocated 0 blocks for this write.
INTERNAL_ERROR org.apache.hadoop.ozone.om.exceptions.OMException: Allocated 0 blocks. Requested 1 blocks
	at org.apache.hadoop.ozone.om.protocolPB.OzoneManagerProtocolClientSideTranslatorPB.handleError(OzoneManagerProtocolClientSideTranslatorPB.java:726)
	at org.apache.hadoop.ozone.om.protocolPB.OzoneManagerProtocolClientSideTranslatorPB.allocateBlock(OzoneManagerProtocolClientSideTranslatorPB.java:758)
	at sun.reflect.NativeMethodAccessorImpl.invoke0(Native Method)
	at sun.reflect.NativeMethodAccessorImpl.invoke(NativeMethodAccessorImpl.java:62)
	at sun.reflect.DelegatingMethodAccessorImpl.invoke(DelegatingMethodAccessorImpl.java:43)
	at java.lang.reflect.Method.invoke(Method.java:498)
	at org.apache.hadoop.hdds.tracing.TraceAllMethod.invoke(TraceAllMethod.java:66)
	at com.sun.proxy.$Proxy36.allocateBlock(Unknown Source)
	at org.apache.hadoop.ozone.client.io.BlockOutputStreamEntryPool.allocateNewBlock(BlockOutputStreamEntryPool.java:248)
	at org.apache.hadoop.ozone.client.io.BlockOutputStreamEntryPool.allocateBlockIfNeeded(BlockOutputStreamEntryPool.java:296)
	at org.apache.hadoop.ozone.client.io.KeyOutputStream.handleWrite(KeyOutputStream.java:201)
	at org.apache.hadoop.ozone.client.io.KeyOutputStream.handleRetry(KeyOutputStream.java:376)
	at org.apache.hadoop.ozone.client.io.KeyOutputStream.handleException(KeyOutputStream.java:325)
	at org.apache.hadoop.ozone.client.io.KeyOutputStream.handleWrite(KeyOutputStream.java:231)
	at org.apache.hadoop.ozone.client.io.KeyOutputStream.write(KeyOutputStream.java:193)
	at org.apache.hadoop.ozone.client.io.OzoneOutputStream.write(OzoneOutputStream.java:49)
	at java.io.OutputStream.write(OutputStream.java:75)
	at org.apache.hadoop.ozone.client.rpc.TestMultiBlockWritesWithDnFailures.testMultiBlockWritesWithIntermittentDnFailures(TestMultiBlockWritesWithDnFailures.java:196)
	at sun.reflect.NativeMethodAccessorImpl.invoke0(Native Method)
	at sun.reflect.NativeMethodAccessorImpl.invoke(NativeMethodAccessorImpl.java:62)
	at sun.reflect.DelegatingMethodAccessorImpl.invoke(DelegatingMethodAccessorImpl.java:43)
	at java.lang.reflect.Method.invoke(Method.java:498)
	at org.junit.runners.model.FrameworkMethod$1.runReflectiveCall(FrameworkMethod.java:47)
	at org.junit.internal.runners.model.ReflectiveCallable.run(ReflectiveCallable.java:12)
	at org.junit.runners.model.FrameworkMethod.invokeExplosively(FrameworkMethod.java:44)
	at org.junit.internal.runners.statements.InvokeMethod.evaluate(InvokeMethod.java:17)
	at org.junit.internal.runners.statements.RunAfters.evaluate(RunAfters.java:27)
	at org.junit.runners.ParentRunner.runLeaf(ParentRunner.java:271)
	at org.junit.runners.BlockJUnit4ClassRunner.runChild(BlockJUnit4ClassRunner.java:70)
	at org.junit.runners.BlockJUnit4ClassRunner.runChild(BlockJUnit4ClassRunner.java:50)
	at org.junit.runners.ParentRunner$3.run(ParentRunner.java:238)
	at org.junit.runners.ParentRunner$1.schedule(ParentRunner.java:63)
	at org.junit.runners.ParentRunner.runChildren(ParentRunner.java:236)
	at org.junit.runners.ParentRunner.access$000(ParentRunner.java:53)
	at org.junit.runners.ParentRunner$2.evaluate(ParentRunner.java:229)
	at org.junit.runners.ParentRunner.run(ParentRunner.java:309)
	at org.apache.maven.surefire.junit4.JUnit4Provider.execute(JUnit4Provider.java:365)
	at org.apache.maven.surefire.junit4.JUnit4Provider.executeWithRerun(JUnit4Provider.java:273)
	at org.apache.maven.surefire.junit4.JUnit4Provider.executeTestSet(JUnit4Provider.java:238)
	at org.apache.maven.surefire.junit4.JUnit4Provider.invoke(JUnit4Provider.java:159)
	at org.apache.maven.surefire.booter.ForkedBooter.invokeProviderInSameClassLoader(ForkedBooter.java:384)
	at org.apache.maven.surefire.booter.ForkedBooter.runSuitesInProcess(ForkedBooter.java:345)
	at org.apache.maven.surefire.booter.ForkedBooter.execute(ForkedBooter.java:126)
	at org.apache.maven.surefire.booter.ForkedBooter.main(ForkedBooter.java:418)
2019-09-17 07:45:07,521 [main] INFO  ozone.MiniOzoneClusterImpl (MiniOzoneClusterImpl.java:shutdown(312)) - Shutting down the Mini Ozone Cluster
2019-09-17 07:45:07,522 [main] INFO  ozone.MiniOzoneClusterImpl (MiniOzoneClusterImpl.java:stop(327)) - Stopping the Mini Ozone Cluster
2019-09-17 07:45:07,522 [main] INFO  ozone.MiniOzoneClusterImpl (MiniOzoneClusterImpl.java:stop(329)) - Stopping the OzoneManager
2019-09-17 07:45:07,522 [main] INFO  ipc.Server (Server.java:stop(3082)) - Stopping server on 44183
2019-09-17 07:45:07,523 [IPC Server listener on 44183] INFO  ipc.Server (Server.java:run(1185)) - Stopping IPC Server listener on 44183
2019-09-17 07:45:07,524 [main] INFO  ratis.OzoneManagerDoubleBuffer (OzoneManagerDoubleBuffer.java:stop(248)) - Stopping OMDoubleBuffer flush thread
2019-09-17 07:45:07,524 [IPC Server Responder] INFO  ipc.Server (Server.java:run(1319)) - Stopping IPC Server Responder
2019-09-17 07:45:07,525 [OMDoubleBufferFlushThread] INFO  ratis.OzoneManagerDoubleBuffer (OzoneManagerDoubleBuffer.java:flushTransactions(191)) - OMDoubleBuffer flush thread OMDoubleBufferFlushThread is interrupted and will exit. OMDoubleBufferFlushThread
2019-09-17 07:45:07,526 [main] INFO  utils.BackgroundService (BackgroundService.java:shutdown(148)) - Shutting down service KeyDeletingService
2019-09-17 07:45:07,528 [main] INFO  handler.ContextHandler (ContextHandler.java:doStop(910)) - Stopped o.e.j.w.WebAppContext@444548a0{/,null,UNAVAILABLE}{/ozoneManager}
2019-09-17 07:45:07,529 [main] INFO  server.AbstractConnector (AbstractConnector.java:doStop(318)) - Stopped ServerConnector@3766c667{HTTP/1.1,[http/1.1]}{0.0.0.0:0}
2019-09-17 07:45:07,529 [main] INFO  handler.ContextHandler (ContextHandler.java:doStop(910)) - Stopped o.e.j.s.ServletContextHandler@2571066a{/static,file:///workdir/hadoop-ozone/integration-test/target/test-classes/webapps/static,UNAVAILABLE}
2019-09-17 07:45:07,529 [main] INFO  handler.ContextHandler (ContextHandler.java:doStop(910)) - Stopped o.e.j.s.ServletContextHandler@25d3cfc8{/logs,file:///workdir/hadoop-ozone/integration-test/target/log,UNAVAILABLE}
2019-09-17 07:45:07,533 [main] INFO  ozone.MiniOzoneClusterImpl (MiniOzoneClusterImpl.java:stop(335)) - Shutting the HddsDatanodes
2019-09-17 07:45:07,804 [java.util.concurrent.ThreadPoolExecutor$Worker@1a8f3f9a[State = -1, empty queue]] WARN  server.GrpcLogAppender (GrpcLogAppender.java:timeoutAppendRequest(200)) - cca845ef-daa9-4965-b848-0a1a0c80ebf1@group-EAB0D3E59377->a6514a8e-6408-4ac6-93dd-a0b43c53a9d5-GrpcLogAppender: appendEntries Timeout, request=cca845ef-daa9-4965-b848-0a1a0c80ebf1->a6514a8e-6408-4ac6-93dd-a0b43c53a9d5#162-t2, previous=(t:2, i:35), leaderCommit=31, initializing? false, entries: <empty>
2019-09-17 07:45:07,804 [java.util.concurrent.ThreadPoolExecutor$Worker@d090998[State = -1, empty queue]] WARN  server.GrpcLogAppender (GrpcLogAppender.java:timeoutAppendRequest(200)) - cca845ef-daa9-4965-b848-0a1a0c80ebf1@group-EAB0D3E59377->96d93dec-e435-44d3-a97f-c1954b993e4b-GrpcLogAppender: appendEntries Timeout, request=cca845ef-daa9-4965-b848-0a1a0c80ebf1->96d93dec-e435-44d3-a97f-c1954b993e4b#162-t2, previous=(t:2, i:35), leaderCommit=31, initializing? false, entries: <empty>
2019-09-17 07:45:07,868 [java.util.concurrent.ThreadPoolExecutor$Worker@621a8e3a[State = -1, empty queue]] WARN  server.GrpcLogAppender (GrpcLogAppender.java:timeoutAppendRequest(200)) - 0f7bb9d9-5139-4852-be99-380e1bc1143c@group-7C72F7D496C4->9cc127b6-6322-4ddd-ad35-07c34665999c-GrpcLogAppender: appendEntries Timeout, request=0f7bb9d9-5139-4852-be99-380e1bc1143c->9cc127b6-6322-4ddd-ad35-07c34665999c#149-t2, previous=(t:2, i:20), leaderCommit=16, initializing? false, entries: <empty>
2019-09-17 07:45:07,868 [java.util.concurrent.ThreadPoolExecutor$Worker@34920f4e[State = -1, empty queue]] WARN  server.GrpcLogAppender (GrpcLogAppender.java:timeoutAppendRequest(200)) - 0f7bb9d9-5139-4852-be99-380e1bc1143c@group-7C72F7D496C4->6a48daa3-10a7-4dcf-835e-de50be54fa2c-GrpcLogAppender: appendEntries Timeout, request=0f7bb9d9-5139-4852-be99-380e1bc1143c->6a48daa3-10a7-4dcf-835e-de50be54fa2c#149-t2, previous=(t:2, i:20), leaderCommit=16, initializing? false, entries: <empty>
2019-09-17 07:45:08,147 [Datanode State Machine Thread - 0] INFO  statemachine.DatanodeStateMachine (DatanodeStateMachine.java:lambda$startDaemon$0(350)) - Ozone container server started.
2019-09-17 07:45:08,304 [java.util.concurrent.ThreadPoolExecutor$Worker@1a8f3f9a[State = -1, empty queue]] WARN  server.GrpcLogAppender (GrpcLogAppender.java:timeoutAppendRequest(200)) - cca845ef-daa9-4965-b848-0a1a0c80ebf1@group-EAB0D3E59377->a6514a8e-6408-4ac6-93dd-a0b43c53a9d5-GrpcLogAppender: appendEntries Timeout, request=cca845ef-daa9-4965-b848-0a1a0c80ebf1->a6514a8e-6408-4ac6-93dd-a0b43c53a9d5#163-t2, previous=(t:2, i:35), leaderCommit=31, initializing? false, entries: <empty>
2019-09-17 07:45:08,304 [java.util.concurrent.ThreadPoolExecutor$Worker@d090998[State = -1, empty queue]] WARN  server.GrpcLogAppender (GrpcLogAppender.java:timeoutAppendRequest(200)) - cca845ef-daa9-4965-b848-0a1a0c80ebf1@group-EAB0D3E59377->96d93dec-e435-44d3-a97f-c1954b993e4b-GrpcLogAppender: appendEntries Timeout, request=cca845ef-daa9-4965-b848-0a1a0c80ebf1->96d93dec-e435-44d3-a97f-c1954b993e4b#163-t2, previous=(t:2, i:35), leaderCommit=31, initializing? false, entries: <empty>
2019-09-17 07:45:08,368 [java.util.concurrent.ThreadPoolExecutor$Worker@621a8e3a[State = -1, empty queue]] WARN  server.GrpcLogAppender (GrpcLogAppender.java:timeoutAppendRequest(200)) - 0f7bb9d9-5139-4852-be99-380e1bc1143c@group-7C72F7D496C4->9cc127b6-6322-4ddd-ad35-07c34665999c-GrpcLogAppender: appendEntries Timeout, request=0f7bb9d9-5139-4852-be99-380e1bc1143c->9cc127b6-6322-4ddd-ad35-07c34665999c#150-t2, previous=(t:2, i:20), leaderCommit=16, initializing? false, entries: <empty>
2019-09-17 07:45:08,368 [java.util.concurrent.ThreadPoolExecutor$Worker@34920f4e[State = -1, empty queue]] WARN  server.GrpcLogAppender (GrpcLogAppender.java:timeoutAppendRequest(200)) - 0f7bb9d9-5139-4852-be99-380e1bc1143c@group-7C72F7D496C4->6a48daa3-10a7-4dcf-835e-de50be54fa2c-GrpcLogAppender: appendEntries Timeout, request=0f7bb9d9-5139-4852-be99-380e1bc1143c->6a48daa3-10a7-4dcf-835e-de50be54fa2c#150-t2, previous=(t:2, i:20), leaderCommit=16, initializing? false, entries: <empty>
2019-09-17 07:45:08,430 [Datanode State Machine Thread - 0] INFO  statemachine.DatanodeStateMachine (DatanodeStateMachine.java:lambda$startDaemon$0(350)) - Ozone container server started.
2019-09-17 07:45:08,811 [java.util.concurrent.ThreadPoolExecutor$Worker@1a8f3f9a[State = -1, empty queue]] WARN  server.GrpcLogAppender (GrpcLogAppender.java:timeoutAppendRequest(200)) - cca845ef-daa9-4965-b848-0a1a0c80ebf1@group-EAB0D3E59377->a6514a8e-6408-4ac6-93dd-a0b43c53a9d5-GrpcLogAppender: appendEntries Timeout, request=cca845ef-daa9-4965-b848-0a1a0c80ebf1->a6514a8e-6408-4ac6-93dd-a0b43c53a9d5#164-t2, previous=(t:2, i:35), leaderCommit=31, initializing? false, entries: <empty>
2019-09-17 07:45:08,811 [java.util.concurrent.ThreadPoolExecutor$Worker@d090998[State = -1, empty queue]] WARN  server.GrpcLogAppender (GrpcLogAppender.java:timeoutAppendRequest(200)) - cca845ef-daa9-4965-b848-0a1a0c80ebf1@group-EAB0D3E59377->96d93dec-e435-44d3-a97f-c1954b993e4b-GrpcLogAppender: appendEntries Timeout, request=cca845ef-daa9-4965-b848-0a1a0c80ebf1->96d93dec-e435-44d3-a97f-c1954b993e4b#164-t2, previous=(t:2, i:35), leaderCommit=31, initializing? false, entries: <empty>
2019-09-17 07:45:08,868 [java.util.concurrent.ThreadPoolExecutor$Worker@621a8e3a[State = -1, empty queue]] WARN  server.GrpcLogAppender (GrpcLogAppender.java:timeoutAppendRequest(200)) - 0f7bb9d9-5139-4852-be99-380e1bc1143c@group-7C72F7D496C4->9cc127b6-6322-4ddd-ad35-07c34665999c-GrpcLogAppender: appendEntries Timeout, request=0f7bb9d9-5139-4852-be99-380e1bc1143c->9cc127b6-6322-4ddd-ad35-07c34665999c#151-t2, previous=(t:2, i:20), leaderCommit=16, initializing? false, entries: <empty>
2019-09-17 07:45:08,868 [java.util.concurrent.ThreadPoolExecutor$Worker@34920f4e[State = -1, empty queue]] WARN  server.GrpcLogAppender (GrpcLogAppender.java:timeoutAppendRequest(200)) - 0f7bb9d9-5139-4852-be99-380e1bc1143c@group-7C72F7D496C4->6a48daa3-10a7-4dcf-835e-de50be54fa2c-GrpcLogAppender: appendEntries Timeout, request=0f7bb9d9-5139-4852-be99-380e1bc1143c->6a48daa3-10a7-4dcf-835e-de50be54fa2c#151-t2, previous=(t:2, i:20), leaderCommit=16, initializing? false, entries: <empty>
2019-09-17 07:45:09,275 [cca845ef-daa9-4965-b848-0a1a0c80ebf1@group-EAB0D3E59377-SegmentedRaftLogWorker] WARN  segmented.SegmentedRaftLogWorker (SegmentedRaftLogWorker.java:getFromFuture(90)) - Timeout 1/~
org.apache.ratis.protocol.TimeoutIOException: Timeout 10s: WriteLog:32: (t:2, i:32), STATEMACHINELOGENTRY, client-8A13B18BF2D1, cid=66-writeStateMachineData
	at org.apache.ratis.util.IOUtils.getFromFuture(IOUtils.java:87)
	at org.apache.ratis.server.raftlog.segmented.SegmentedRaftLogWorker$StateMachineDataPolicy.getFromFuture(SegmentedRaftLogWorker.java:87)
	at org.apache.ratis.server.raftlog.segmented.SegmentedRaftLogWorker$WriteLog.execute(SegmentedRaftLogWorker.java:477)
	at org.apache.ratis.server.raftlog.segmented.SegmentedRaftLogWorker.run(SegmentedRaftLogWorker.java:289)
	at java.lang.Thread.run(Thread.java:748)
Caused by: java.util.concurrent.TimeoutException
	at java.util.concurrent.CompletableFuture.timedGet(CompletableFuture.java:1771)
	at java.util.concurrent.CompletableFuture.get(CompletableFuture.java:1915)
	at org.apache.ratis.util.IOUtils.getFromFuture(IOUtils.java:79)
	... 4 more
2019-09-17 07:45:09,283 [a6514a8e-6408-4ac6-93dd-a0b43c53a9d5@group-EAB0D3E59377-SegmentedRaftLogWorker] WARN  segmented.SegmentedRaftLogWorker (SegmentedRaftLogWorker.java:getFromFuture(90)) - Timeout 1/~
org.apache.ratis.protocol.TimeoutIOException: Timeout 10s: WriteLog:32: (t:2, i:32), STATEMACHINELOGENTRY, client-8A13B18BF2D1, cid=66-writeStateMachineData
	at org.apache.ratis.util.IOUtils.getFromFuture(IOUtils.java:87)
	at org.apache.ratis.server.raftlog.segmented.SegmentedRaftLogWorker$StateMachineDataPolicy.getFromFuture(SegmentedRaftLogWorker.java:87)
	at org.apache.ratis.server.raftlog.segmented.SegmentedRaftLogWorker$WriteLog.execute(SegmentedRaftLogWorker.java:477)
	at org.apache.ratis.server.raftlog.segmented.SegmentedRaftLogWorker.run(SegmentedRaftLogWorker.java:289)
	at java.lang.Thread.run(Thread.java:748)
Caused by: java.util.concurrent.TimeoutException
	at java.util.concurrent.CompletableFuture.timedGet(CompletableFuture.java:1771)
	at java.util.concurrent.CompletableFuture.get(CompletableFuture.java:1915)
	at org.apache.ratis.util.IOUtils.getFromFuture(IOUtils.java:79)
	... 4 more
2019-09-17 07:45:09,286 [96d93dec-e435-44d3-a97f-c1954b993e4b@group-EAB0D3E59377-SegmentedRaftLogWorker] WARN  segmented.SegmentedRaftLogWorker (SegmentedRaftLogWorker.java:getFromFuture(90)) - Timeout 1/~
org.apache.ratis.protocol.TimeoutIOException: Timeout 10s: WriteLog:32: (t:2, i:32), STATEMACHINELOGENTRY, client-8A13B18BF2D1, cid=66-writeStateMachineData
	at org.apache.ratis.util.IOUtils.getFromFuture(IOUtils.java:87)
	at org.apache.ratis.server.raftlog.segmented.SegmentedRaftLogWorker$StateMachineDataPolicy.getFromFuture(SegmentedRaftLogWorker.java:87)
	at org.apache.ratis.server.raftlog.segmented.SegmentedRaftLogWorker$WriteLog.execute(SegmentedRaftLogWorker.java:477)
	at org.apache.ratis.server.raftlog.segmented.SegmentedRaftLogWorker.run(SegmentedRaftLogWorker.java:289)
	at java.lang.Thread.run(Thread.java:748)
Caused by: java.util.concurrent.TimeoutException
	at java.util.concurrent.CompletableFuture.timedGet(CompletableFuture.java:1771)
	at java.util.concurrent.CompletableFuture.get(CompletableFuture.java:1915)
	at org.apache.ratis.util.IOUtils.getFromFuture(IOUtils.java:79)
	... 4 more
2019-09-17 07:45:09,312 [java.util.concurrent.ThreadPoolExecutor$Worker@1a8f3f9a[State = -1, empty queue]] WARN  server.GrpcLogAppender (GrpcLogAppender.java:timeoutAppendRequest(200)) - cca845ef-daa9-4965-b848-0a1a0c80ebf1@group-EAB0D3E59377->a6514a8e-6408-4ac6-93dd-a0b43c53a9d5-GrpcLogAppender: appendEntries Timeout, request=cca845ef-daa9-4965-b848-0a1a0c80ebf1->a6514a8e-6408-4ac6-93dd-a0b43c53a9d5#165-t2, previous=(t:2, i:35), leaderCommit=31, initializing? false, entries: <empty>
2019-09-17 07:45:09,312 [java.util.concurrent.ThreadPoolExecutor$Worker@d090998[State = -1, empty queue]] WARN  server.GrpcLogAppender (GrpcLogAppender.java:timeoutAppendRequest(200)) - cca845ef-daa9-4965-b848-0a1a0c80ebf1@group-EAB0D3E59377->96d93dec-e435-44d3-a97f-c1954b993e4b-GrpcLogAppender: appendEntries Timeout, request=cca845ef-daa9-4965-b848-0a1a0c80ebf1->96d93dec-e435-44d3-a97f-c1954b993e4b#165-t2, previous=(t:2, i:35), leaderCommit=31, initializing? false, entries: <empty>
2019-09-17 07:45:09,368 [java.util.concurrent.ThreadPoolExecutor$Worker@621a8e3a[State = -1, empty queue]] WARN  server.GrpcLogAppender (GrpcLogAppender.java:timeoutAppendRequest(200)) - 0f7bb9d9-5139-4852-be99-380e1bc1143c@group-7C72F7D496C4->9cc127b6-6322-4ddd-ad35-07c34665999c-GrpcLogAppender: appendEntries Timeout, request=0f7bb9d9-5139-4852-be99-380e1bc1143c->9cc127b6-6322-4ddd-ad35-07c34665999c#152-t2, previous=(t:2, i:20), leaderCommit=16, initializing? false, entries: <empty>
2019-09-17 07:45:09,368 [java.util.concurrent.ThreadPoolExecutor$Worker@34920f4e[State = -1, empty queue]] WARN  server.GrpcLogAppender (GrpcLogAppender.java:timeoutAppendRequest(200)) - 0f7bb9d9-5139-4852-be99-380e1bc1143c@group-7C72F7D496C4->6a48daa3-10a7-4dcf-835e-de50be54fa2c-GrpcLogAppender: appendEntries Timeout, request=0f7bb9d9-5139-4852-be99-380e1bc1143c->6a48daa3-10a7-4dcf-835e-de50be54fa2c#152-t2, previous=(t:2, i:20), leaderCommit=16, initializing? false, entries: <empty>
2019-09-17 07:45:09,812 [java.util.concurrent.ThreadPoolExecutor$Worker@d090998[State = -1, empty queue]] WARN  server.GrpcLogAppender (GrpcLogAppender.java:timeoutAppendRequest(200)) - cca845ef-daa9-4965-b848-0a1a0c80ebf1@group-EAB0D3E59377->96d93dec-e435-44d3-a97f-c1954b993e4b-GrpcLogAppender: appendEntries Timeout, request=cca845ef-daa9-4965-b848-0a1a0c80ebf1->96d93dec-e435-44d3-a97f-c1954b993e4b#166-t2, previous=(t:2, i:35), leaderCommit=31, initializing? false, entries: <empty>
2019-09-17 07:45:09,812 [java.util.concurrent.ThreadPoolExecutor$Worker@1a8f3f9a[State = -1, empty queue]] WARN  server.GrpcLogAppender (GrpcLogAppender.java:timeoutAppendRequest(200)) - cca845ef-daa9-4965-b848-0a1a0c80ebf1@group-EAB0D3E59377->a6514a8e-6408-4ac6-93dd-a0b43c53a9d5-GrpcLogAppender: appendEntries Timeout, request=cca845ef-daa9-4965-b848-0a1a0c80ebf1->a6514a8e-6408-4ac6-93dd-a0b43c53a9d5#166-t2, previous=(t:2, i:35), leaderCommit=31, initializing? false, entries: <empty>
2019-09-17 07:45:09,869 [java.util.concurrent.ThreadPoolExecutor$Worker@34920f4e[State = -1, empty queue]] WARN  server.GrpcLogAppender (GrpcLogAppender.java:timeoutAppendRequest(200)) - 0f7bb9d9-5139-4852-be99-380e1bc1143c@group-7C72F7D496C4->6a48daa3-10a7-4dcf-835e-de50be54fa2c-GrpcLogAppender: appendEntries Timeout, request=0f7bb9d9-5139-4852-be99-380e1bc1143c->6a48daa3-10a7-4dcf-835e-de50be54fa2c#153-t2, previous=(t:2, i:20), leaderCommit=16, initializing? false, entries: <empty>
2019-09-17 07:45:09,869 [java.util.concurrent.ThreadPoolExecutor$Worker@621a8e3a[State = -1, empty queue]] WARN  server.GrpcLogAppender (GrpcLogAppender.java:timeoutAppendRequest(200)) - 0f7bb9d9-5139-4852-be99-380e1bc1143c@group-7C72F7D496C4->9cc127b6-6322-4ddd-ad35-07c34665999c-GrpcLogAppender: appendEntries Timeout, request=0f7bb9d9-5139-4852-be99-380e1bc1143c->9cc127b6-6322-4ddd-ad35-07c34665999c#153-t2, previous=(t:2, i:20), leaderCommit=16, initializing? false, entries: <empty>
2019-09-17 07:45:10,313 [java.util.concurrent.ThreadPoolExecutor$Worker@1a8f3f9a[State = -1, empty queue]] WARN  server.GrpcLogAppender (GrpcLogAppender.java:timeoutAppendRequest(200)) - cca845ef-daa9-4965-b848-0a1a0c80ebf1@group-EAB0D3E59377->a6514a8e-6408-4ac6-93dd-a0b43c53a9d5-GrpcLogAppender: appendEntries Timeout, request=cca845ef-daa9-4965-b848-0a1a0c80ebf1->a6514a8e-6408-4ac6-93dd-a0b43c53a9d5#167-t2, previous=(t:2, i:35), leaderCommit=31, initializing? false, entries: <empty>
2019-09-17 07:45:10,313 [java.util.concurrent.ThreadPoolExecutor$Worker@d090998[State = -1, empty queue]] WARN  server.GrpcLogAppender (GrpcLogAppender.java:timeoutAppendRequest(200)) - cca845ef-daa9-4965-b848-0a1a0c80ebf1@group-EAB0D3E59377->96d93dec-e435-44d3-a97f-c1954b993e4b-GrpcLogAppender: appendEntries Timeout, request=cca845ef-daa9-4965-b848-0a1a0c80ebf1->96d93dec-e435-44d3-a97f-c1954b993e4b#167-t2, previous=(t:2, i:35), leaderCommit=31, initializing? false, entries: <empty>
2019-09-17 07:45:10,369 [java.util.concurrent.ThreadPoolExecutor$Worker@621a8e3a[State = -1, empty queue]] WARN  server.GrpcLogAppender (GrpcLogAppender.java:timeoutAppendRequest(200)) - 0f7bb9d9-5139-4852-be99-380e1bc1143c@group-7C72F7D496C4->9cc127b6-6322-4ddd-ad35-07c34665999c-GrpcLogAppender: appendEntries Timeout, request=0f7bb9d9-5139-4852-be99-380e1bc1143c->9cc127b6-6322-4ddd-ad35-07c34665999c#154-t2, previous=(t:2, i:20), leaderCommit=16, initializing? false, entries: <empty>
2019-09-17 07:45:10,369 [java.util.concurrent.ThreadPoolExecutor$Worker@34920f4e[State = -1, empty queue]] WARN  server.GrpcLogAppender (GrpcLogAppender.java:timeoutAppendRequest(200)) - 0f7bb9d9-5139-4852-be99-380e1bc1143c@group-7C72F7D496C4->6a48daa3-10a7-4dcf-835e-de50be54fa2c-GrpcLogAppender: appendEntries Timeout, request=0f7bb9d9-5139-4852-be99-380e1bc1143c->6a48daa3-10a7-4dcf-835e-de50be54fa2c#154-t2, previous=(t:2, i:20), leaderCommit=16, initializing? false, entries: <empty>
2019-09-17 07:45:10,813 [java.util.concurrent.ThreadPoolExecutor$Worker@d090998[State = -1, empty queue]] WARN  server.GrpcLogAppender (GrpcLogAppender.java:timeoutAppendRequest(200)) - cca845ef-daa9-4965-b848-0a1a0c80ebf1@group-EAB0D3E59377->96d93dec-e435-44d3-a97f-c1954b993e4b-GrpcLogAppender: appendEntries Timeout, request=cca845ef-daa9-4965-b848-0a1a0c80ebf1->96d93dec-e435-44d3-a97f-c1954b993e4b#168-t2, previous=(t:2, i:35), leaderCommit=31, initializing? false, entries: <empty>
2019-09-17 07:45:10,813 [java.util.concurrent.ThreadPoolExecutor$Worker@1a8f3f9a[State = -1, empty queue]] WARN  server.GrpcLogAppender (GrpcLogAppender.java:timeoutAppendRequest(200)) - cca845ef-daa9-4965-b848-0a1a0c80ebf1@group-EAB0D3E59377->a6514a8e-6408-4ac6-93dd-a0b43c53a9d5-GrpcLogAppender: appendEntries Timeout, request=cca845ef-daa9-4965-b848-0a1a0c80ebf1->a6514a8e-6408-4ac6-93dd-a0b43c53a9d5#168-t2, previous=(t:2, i:35), leaderCommit=31, initializing? false, entries: <empty>
2019-09-17 07:45:10,869 [java.util.concurrent.ThreadPoolExecutor$Worker@34920f4e[State = -1, empty queue]] WARN  server.GrpcLogAppender (GrpcLogAppender.java:timeoutAppendRequest(200)) - 0f7bb9d9-5139-4852-be99-380e1bc1143c@group-7C72F7D496C4->6a48daa3-10a7-4dcf-835e-de50be54fa2c-GrpcLogAppender: appendEntries Timeout, request=0f7bb9d9-5139-4852-be99-380e1bc1143c->6a48daa3-10a7-4dcf-835e-de50be54fa2c#155-t2, previous=(t:2, i:20), leaderCommit=16, initializing? false, entries: <empty>
2019-09-17 07:45:10,869 [java.util.concurrent.ThreadPoolExecutor$Worker@621a8e3a[State = -1, empty queue]] WARN  server.GrpcLogAppender (GrpcLogAppender.java:timeoutAppendRequest(200)) - 0f7bb9d9-5139-4852-be99-380e1bc1143c@group-7C72F7D496C4->9cc127b6-6322-4ddd-ad35-07c34665999c-GrpcLogAppender: appendEntries Timeout, request=0f7bb9d9-5139-4852-be99-380e1bc1143c->9cc127b6-6322-4ddd-ad35-07c34665999c#155-t2, previous=(t:2, i:20), leaderCommit=16, initializing? false, entries: <empty>
2019-09-17 07:45:11,154 [df3f7b97-e0a2-4b7a-b613-50634e06cc54@group-CE3B9C89E676-SegmentedRaftLogWorker] WARN  segmented.SegmentedRaftLogWorker (SegmentedRaftLogWorker.java:getFromFuture(90)) - Timeout 6/~
org.apache.ratis.protocol.TimeoutIOException: Timeout 10s: WriteLog:19: (t:2, i:19), STATEMACHINELOGENTRY, client-F68F3035F915, cid=41-writeStateMachineData
	at org.apache.ratis.util.IOUtils.getFromFuture(IOUtils.java:87)
	at org.apache.ratis.server.raftlog.segmented.SegmentedRaftLogWorker$StateMachineDataPolicy.getFromFuture(SegmentedRaftLogWorker.java:87)
	at org.apache.ratis.server.raftlog.segmented.SegmentedRaftLogWorker$WriteLog.execute(SegmentedRaftLogWorker.java:477)
	at org.apache.ratis.server.raftlog.segmented.SegmentedRaftLogWorker.run(SegmentedRaftLogWorker.java:289)
	at java.lang.Thread.run(Thread.java:748)
Caused by: java.util.concurrent.TimeoutException
	at java.util.concurrent.CompletableFuture.timedGet(CompletableFuture.java:1771)
	at java.util.concurrent.CompletableFuture.get(CompletableFuture.java:1915)
	at org.apache.ratis.util.IOUtils.getFromFuture(IOUtils.java:79)
	... 4 more
2019-09-17 07:45:11,313 [java.util.concurrent.ThreadPoolExecutor$Worker@d090998[State = -1, empty queue]] WARN  server.GrpcLogAppender (GrpcLogAppender.java:timeoutAppendRequest(200)) - cca845ef-daa9-4965-b848-0a1a0c80ebf1@group-EAB0D3E59377->96d93dec-e435-44d3-a97f-c1954b993e4b-GrpcLogAppender: appendEntries Timeout, request=cca845ef-daa9-4965-b848-0a1a0c80ebf1->96d93dec-e435-44d3-a97f-c1954b993e4b#169-t2, previous=(t:2, i:35), leaderCommit=31, initializing? false, entries: <empty>
2019-09-17 07:45:11,313 [java.util.concurrent.ThreadPoolExecutor$Worker@1a8f3f9a[State = -1, empty queue]] WARN  server.GrpcLogAppender (GrpcLogAppender.java:timeoutAppendRequest(200)) - cca845ef-daa9-4965-b848-0a1a0c80ebf1@group-EAB0D3E59377->a6514a8e-6408-4ac6-93dd-a0b43c53a9d5-GrpcLogAppender: appendEntries Timeout, request=cca845ef-daa9-4965-b848-0a1a0c80ebf1->a6514a8e-6408-4ac6-93dd-a0b43c53a9d5#169-t2, previous=(t:2, i:35), leaderCommit=31, initializing? false, entries: <empty>
2019-09-17 07:45:11,370 [java.util.concurrent.ThreadPoolExecutor$Worker@34920f4e[State = -1, empty queue]] WARN  server.GrpcLogAppender (GrpcLogAppender.java:timeoutAppendRequest(200)) - 0f7bb9d9-5139-4852-be99-380e1bc1143c@group-7C72F7D496C4->6a48daa3-10a7-4dcf-835e-de50be54fa2c-GrpcLogAppender: appendEntries Timeout, request=0f7bb9d9-5139-4852-be99-380e1bc1143c->6a48daa3-10a7-4dcf-835e-de50be54fa2c#156-t2, previous=(t:2, i:20), leaderCommit=16, initializing? false, entries: <empty>
2019-09-17 07:45:11,370 [java.util.concurrent.ThreadPoolExecutor$Worker@621a8e3a[State = -1, empty queue]] WARN  server.GrpcLogAppender (GrpcLogAppender.java:timeoutAppendRequest(200)) - 0f7bb9d9-5139-4852-be99-380e1bc1143c@group-7C72F7D496C4->9cc127b6-6322-4ddd-ad35-07c34665999c-GrpcLogAppender: appendEntries Timeout, request=0f7bb9d9-5139-4852-be99-380e1bc1143c->9cc127b6-6322-4ddd-ad35-07c34665999c#156-t2, previous=(t:2, i:20), leaderCommit=16, initializing? false, entries: <empty>
2019-09-17 07:45:11,813 [java.util.concurrent.ThreadPoolExecutor$Worker@d090998[State = -1, empty queue]] WARN  server.GrpcLogAppender (GrpcLogAppender.java:timeoutAppendRequest(200)) - cca845ef-daa9-4965-b848-0a1a0c80ebf1@group-EAB0D3E59377->96d93dec-e435-44d3-a97f-c1954b993e4b-GrpcLogAppender: appendEntries Timeout, request=cca845ef-daa9-4965-b848-0a1a0c80ebf1->96d93dec-e435-44d3-a97f-c1954b993e4b#170-t2, previous=(t:2, i:35), leaderCommit=31, initializing? false, entries: <empty>
2019-09-17 07:45:11,814 [java.util.concurrent.ThreadPoolExecutor$Worker@1a8f3f9a[State = -1, empty queue]] WARN  server.GrpcLogAppender (GrpcLogAppender.java:timeoutAppendRequest(200)) - cca845ef-daa9-4965-b848-0a1a0c80ebf1@group-EAB0D3E59377->a6514a8e-6408-4ac6-93dd-a0b43c53a9d5-GrpcLogAppender: appendEntries Timeout, request=cca845ef-daa9-4965-b848-0a1a0c80ebf1->a6514a8e-6408-4ac6-93dd-a0b43c53a9d5#170-t2, previous=(t:2, i:35), leaderCommit=31, initializing? false, entries: <empty>
2019-09-17 07:45:11,870 [java.util.concurrent.ThreadPoolExecutor$Worker@621a8e3a[State = -1, empty queue]] WARN  server.GrpcLogAppender (GrpcLogAppender.java:timeoutAppendRequest(200)) - 0f7bb9d9-5139-4852-be99-380e1bc1143c@group-7C72F7D496C4->9cc127b6-6322-4ddd-ad35-07c34665999c-GrpcLogAppender: appendEntries Timeout, request=0f7bb9d9-5139-4852-be99-380e1bc1143c->9cc127b6-6322-4ddd-ad35-07c34665999c#157-t2, previous=(t:2, i:20), leaderCommit=16, initializing? false, entries: <empty>
2019-09-17 07:45:11,870 [java.util.concurrent.ThreadPoolExecutor$Worker@34920f4e[State = -1, empty queue]] WARN  server.GrpcLogAppender (GrpcLogAppender.java:timeoutAppendRequest(200)) - 0f7bb9d9-5139-4852-be99-380e1bc1143c@group-7C72F7D496C4->6a48daa3-10a7-4dcf-835e-de50be54fa2c-GrpcLogAppender: appendEntries Timeout, request=0f7bb9d9-5139-4852-be99-380e1bc1143c->6a48daa3-10a7-4dcf-835e-de50be54fa2c#157-t2, previous=(t:2, i:20), leaderCommit=16, initializing? false, entries: <empty>
2019-09-17 07:45:12,314 [java.util.concurrent.ThreadPoolExecutor$Worker@1a8f3f9a[State = -1, empty queue]] WARN  server.GrpcLogAppender (GrpcLogAppender.java:timeoutAppendRequest(200)) - cca845ef-daa9-4965-b848-0a1a0c80ebf1@group-EAB0D3E59377->a6514a8e-6408-4ac6-93dd-a0b43c53a9d5-GrpcLogAppender: appendEntries Timeout, request=cca845ef-daa9-4965-b848-0a1a0c80ebf1->a6514a8e-6408-4ac6-93dd-a0b43c53a9d5#171-t2, previous=(t:2, i:35), leaderCommit=31, initializing? false, entries: <empty>
2019-09-17 07:45:12,314 [java.util.concurrent.ThreadPoolExecutor$Worker@d090998[State = -1, empty queue]] WARN  server.GrpcLogAppender (GrpcLogAppender.java:timeoutAppendRequest(200)) - cca845ef-daa9-4965-b848-0a1a0c80ebf1@group-EAB0D3E59377->96d93dec-e435-44d3-a97f-c1954b993e4b-GrpcLogAppender: appendEntries Timeout, request=cca845ef-daa9-4965-b848-0a1a0c80ebf1->96d93dec-e435-44d3-a97f-c1954b993e4b#171-t2, previous=(t:2, i:35), leaderCommit=31, initializing? false, entries: <empty>
2019-09-17 07:45:12,370 [java.util.concurrent.ThreadPoolExecutor$Worker@621a8e3a[State = -1, empty queue]] WARN  server.GrpcLogAppender (GrpcLogAppender.java:timeoutAppendRequest(200)) - 0f7bb9d9-5139-4852-be99-380e1bc1143c@group-7C72F7D496C4->9cc127b6-6322-4ddd-ad35-07c34665999c-GrpcLogAppender: appendEntries Timeout, request=0f7bb9d9-5139-4852-be99-380e1bc1143c->9cc127b6-6322-4ddd-ad35-07c34665999c#158-t2, previous=(t:2, i:20), leaderCommit=16, initializing? false, entries: <empty>
2019-09-17 07:45:12,370 [java.util.concurrent.ThreadPoolExecutor$Worker@34920f4e[State = -1, empty queue]] WARN  server.GrpcLogAppender (GrpcLogAppender.java:timeoutAppendRequest(200)) - 0f7bb9d9-5139-4852-be99-380e1bc1143c@group-7C72F7D496C4->6a48daa3-10a7-4dcf-835e-de50be54fa2c-GrpcLogAppender: appendEntries Timeout, request=0f7bb9d9-5139-4852-be99-380e1bc1143c->6a48daa3-10a7-4dcf-835e-de50be54fa2c#158-t2, previous=(t:2, i:20), leaderCommit=16, initializing? false, entries: <empty>
2019-09-17 07:45:12,536 [main] INFO  ozoneimpl.OzoneContainer (OzoneContainer.java:stop(231)) - Attempting to stop container services.
2019-09-17 07:45:12,537 [ForkJoinPool.commonPool-worker-0] INFO  ozoneimpl.OzoneContainer (OzoneContainer.java:stop(231)) - Attempting to stop container services.
2019-09-17 07:45:12,537 [main] INFO  impl.RaftServerProxy (RaftServerProxy.java:lambda$close$4(314)) - cca845ef-daa9-4965-b848-0a1a0c80ebf1: close
2019-09-17 07:45:12,538 [ForkJoinPool.commonPool-worker-0] INFO  impl.RaftServerProxy (RaftServerProxy.java:lambda$close$4(314)) - df3f7b97-e0a2-4b7a-b613-50634e06cc54: close
2019-09-17 07:45:12,538 [ForkJoinPool.commonPool-worker-0] INFO  impl.RaftServerImpl (RaftServerImpl.java:lambda$shutdown$3(251)) - df3f7b97-e0a2-4b7a-b613-50634e06cc54@group-CE3B9C89E676: shutdown
2019-09-17 07:45:12,538 [main] INFO  impl.RaftServerImpl (RaftServerImpl.java:lambda$shutdown$3(251)) - cca845ef-daa9-4965-b848-0a1a0c80ebf1@group-EAB0D3E59377: shutdown
2019-09-17 07:45:12,538 [ForkJoinPool.commonPool-worker-0] INFO  util.JmxRegister (JmxRegister.java:unregister(73)) - Successfully un-registered JMX Bean with object name Ratis:service=RaftServer,group=group-CE3B9C89E676,id=df3f7b97-e0a2-4b7a-b613-50634e06cc54
2019-09-17 07:45:12,539 [main] INFO  util.JmxRegister (JmxRegister.java:unregister(73)) - Successfully un-registered JMX Bean with object name Ratis:service=RaftServer,group=group-EAB0D3E59377,id=cca845ef-daa9-4965-b848-0a1a0c80ebf1
2019-09-17 07:45:12,539 [ForkJoinPool.commonPool-worker-0] INFO  impl.RoleInfo (RoleInfo.java:shutdownFollowerState(121)) - df3f7b97-e0a2-4b7a-b613-50634e06cc54: shutdown FollowerState
2019-09-17 07:45:12,539 [main] INFO  impl.RoleInfo (RoleInfo.java:shutdownLeaderState(104)) - cca845ef-daa9-4965-b848-0a1a0c80ebf1: shutdown LeaderState
2019-09-17 07:45:12,540 [df3f7b97-e0a2-4b7a-b613-50634e06cc54@group-CE3B9C89E676-StateMachineUpdater] INFO  ratis.ContainerStateMachine (ContainerStateMachine.java:takeSnapshot(289)) - group-CE3B9C89E676: Taking a snapshot at:(t:2, i:12) file /workdir/hadoop-ozone/integration-test/target/test-dir/MiniOzoneClusterImpl-2856df08-3e92-4080-a2c9-ea03709d96bd/datanode-2/data/ratis/8c56802a-ccaf-4c04-a2b5-ce3b9c89e676/sm/snapshot.2_12
2019-09-17 07:45:12,539 [Thread-422] INFO  impl.FollowerState (FollowerState.java:run(115)) - df3f7b97-e0a2-4b7a-b613-50634e06cc54: FollowerState was interrupted: java.lang.InterruptedException: sleep interrupted
2019-09-17 07:45:12,539 [ForkJoinPool.commonPool-worker-0] INFO  impl.StateMachineUpdater (StateMachineUpdater.java:stopAndJoin(125)) - df3f7b97-e0a2-4b7a-b613-50634e06cc54@group-CE3B9C89E676-StateMachineUpdater: set stopIndex = 16
2019-09-17 07:45:12,549 [org.apache.ratis.server.impl.LogAppender$AppenderDaemon$$Lambda$529/56849046@786f776e] WARN  server.GrpcLogAppender (GrpcLogAppender.java:mayWait(143)) - cca845ef-daa9-4965-b848-0a1a0c80ebf1@group-EAB0D3E59377->a6514a8e-6408-4ac6-93dd-a0b43c53a9d5-GrpcLogAppender: Wait interrupted by java.lang.InterruptedException
2019-09-17 07:45:12,549 [main] INFO  impl.PendingRequests (PendingRequests.java:sendNotLeaderResponses(202)) - cca845ef-daa9-4965-b848-0a1a0c80ebf1-PendingRequests: sendNotLeaderResponses
2019-09-17 07:45:12,549 [org.apache.ratis.server.impl.LogAppender$AppenderDaemon$$Lambda$529/56849046@7a6531b] WARN  server.GrpcLogAppender (GrpcLogAppender.java:mayWait(143)) - cca845ef-daa9-4965-b848-0a1a0c80ebf1@group-EAB0D3E59377->96d93dec-e435-44d3-a97f-c1954b993e4b-GrpcLogAppender: Wait interrupted by java.lang.InterruptedException
2019-09-17 07:45:12,553 [grpc-default-executor-0] INFO  server.GrpcServerProtocolService (GrpcServerProtocolService.java:onCompleted(113)) - a6514a8e-6408-4ac6-93dd-a0b43c53a9d5: Completed APPEND_ENTRIES, lastRequest: cca845ef-daa9-4965-b848-0a1a0c80ebf1->a6514a8e-6408-4ac6-93dd-a0b43c53a9d5#177-t2, previous=(t:2, i:35), leaderCommit=31, initializing? false, entries: <empty>
2019-09-17 07:45:12,553 [grpc-default-executor-6] INFO  server.GrpcServerProtocolService (GrpcServerProtocolService.java:onCompleted(113)) - 96d93dec-e435-44d3-a97f-c1954b993e4b: Completed APPEND_ENTRIES, lastRequest: cca845ef-daa9-4965-b848-0a1a0c80ebf1->96d93dec-e435-44d3-a97f-c1954b993e4b#177-t2, previous=(t:2, i:35), leaderCommit=31, initializing? false, entries: <empty>
2019-09-17 07:45:12,556 [main] INFO  impl.StateMachineUpdater (StateMachineUpdater.java:stopAndJoin(125)) - cca845ef-daa9-4965-b848-0a1a0c80ebf1@group-EAB0D3E59377-StateMachineUpdater: set stopIndex = 31
2019-09-17 07:45:12,556 [cca845ef-daa9-4965-b848-0a1a0c80ebf1@group-EAB0D3E59377-StateMachineUpdater] INFO  ratis.ContainerStateMachine (ContainerStateMachine.java:takeSnapshot(289)) - group-EAB0D3E59377: Taking a snapshot at:(t:2, i:29) file /workdir/hadoop-ozone/integration-test/target/test-dir/MiniOzoneClusterImpl-2856df08-3e92-4080-a2c9-ea03709d96bd/datanode-5/data/ratis/732dae7b-d889-40b8-a54e-eab0d3e59377/sm/snapshot.2_29
2019-09-17 07:45:12,557 [grpc-default-executor-6] INFO  server.GrpcLogAppender (GrpcLogAppender.java:onCompleted(293)) - cca845ef-daa9-4965-b848-0a1a0c80ebf1@group-EAB0D3E59377->a6514a8e-6408-4ac6-93dd-a0b43c53a9d5-AppendLogResponseHandler: follower responses appendEntries COMPLETED
2019-09-17 07:45:12,557 [grpc-default-executor-0] INFO  server.GrpcLogAppender (GrpcLogAppender.java:onCompleted(293)) - cca845ef-daa9-4965-b848-0a1a0c80ebf1@group-EAB0D3E59377->96d93dec-e435-44d3-a97f-c1954b993e4b-AppendLogResponseHandler: follower responses appendEntries COMPLETED
2019-09-17 07:45:12,557 [df3f7b97-e0a2-4b7a-b613-50634e06cc54@group-CE3B9C89E676-StateMachineUpdater] INFO  ratis.ContainerStateMachine (ContainerStateMachine.java:takeSnapshot(300)) - group-CE3B9C89E676: Finished taking a snapshot at:(t:2, i:12) file:/workdir/hadoop-ozone/integration-test/target/test-dir/MiniOzoneClusterImpl-2856df08-3e92-4080-a2c9-ea03709d96bd/datanode-2/data/ratis/8c56802a-ccaf-4c04-a2b5-ce3b9c89e676/sm/snapshot.2_12 time:17
2019-09-17 07:45:12,559 [df3f7b97-e0a2-4b7a-b613-50634e06cc54@group-CE3B9C89E676-StateMachineUpdater] INFO  impl.StateMachineUpdater (StateMachineUpdater.java:takeSnapshot(258)) - df3f7b97-e0a2-4b7a-b613-50634e06cc54@group-CE3B9C89E676-StateMachineUpdater: Took a snapshot at index 12
2019-09-17 07:45:12,559 [df3f7b97-e0a2-4b7a-b613-50634e06cc54@group-CE3B9C89E676-StateMachineUpdater] INFO  impl.StateMachineUpdater (StateMachineUpdater.java:lambda$new$0(83)) - df3f7b97-e0a2-4b7a-b613-50634e06cc54@group-CE3B9C89E676-StateMachineUpdater: snapshotIndex: updateIncreasingly -1 -> 12
2019-09-17 07:45:12,560 [grpc-default-executor-0] INFO  impl.FollowerInfo (FollowerInfo.java:lambda$new$0(51)) - cca845ef-daa9-4965-b848-0a1a0c80ebf1@group-EAB0D3E59377->96d93dec-e435-44d3-a97f-c1954b993e4b: nextIndex: updateUnconditionally 36 -> 32
2019-09-17 07:45:12,560 [grpc-default-executor-6] INFO  impl.FollowerInfo (FollowerInfo.java:lambda$new$0(51)) - cca845ef-daa9-4965-b848-0a1a0c80ebf1@group-EAB0D3E59377->a6514a8e-6408-4ac6-93dd-a0b43c53a9d5: nextIndex: updateUnconditionally 36 -> 32
2019-09-17 07:45:12,560 [df3f7b97-e0a2-4b7a-b613-50634e06cc54@group-CE3B9C89E676-StateMachineUpdater] INFO  ratis.ContainerStateMachine (ContainerStateMachine.java:takeSnapshot(289)) - group-CE3B9C89E676: Taking a snapshot at:(t:2, i:12) file /workdir/hadoop-ozone/integration-test/target/test-dir/MiniOzoneClusterImpl-2856df08-3e92-4080-a2c9-ea03709d96bd/datanode-2/data/ratis/8c56802a-ccaf-4c04-a2b5-ce3b9c89e676/sm/snapshot.2_12
2019-09-17 07:45:12,561 [cca845ef-daa9-4965-b848-0a1a0c80ebf1@group-EAB0D3E59377-StateMachineUpdater] INFO  ratis.ContainerStateMachine (ContainerStateMachine.java:takeSnapshot(300)) - group-EAB0D3E59377: Finished taking a snapshot at:(t:2, i:29) file:/workdir/hadoop-ozone/integration-test/target/test-dir/MiniOzoneClusterImpl-2856df08-3e92-4080-a2c9-ea03709d96bd/datanode-5/data/ratis/732dae7b-d889-40b8-a54e-eab0d3e59377/sm/snapshot.2_29 time:5
2019-09-17 07:45:12,561 [cca845ef-daa9-4965-b848-0a1a0c80ebf1@group-EAB0D3E59377-StateMachineUpdater] INFO  impl.StateMachineUpdater (StateMachineUpdater.java:takeSnapshot(258)) - cca845ef-daa9-4965-b848-0a1a0c80ebf1@group-EAB0D3E59377-StateMachineUpdater: Took a snapshot at index 29
2019-09-17 07:45:12,562 [cca845ef-daa9-4965-b848-0a1a0c80ebf1@group-EAB0D3E59377-StateMachineUpdater] INFO  impl.StateMachineUpdater (StateMachineUpdater.java:lambda$new$0(83)) - cca845ef-daa9-4965-b848-0a1a0c80ebf1@group-EAB0D3E59377-StateMachineUpdater: snapshotIndex: updateIncreasingly -1 -> 29
2019-09-17 07:45:12,562 [cca845ef-daa9-4965-b848-0a1a0c80ebf1@group-EAB0D3E59377-StateMachineUpdater] INFO  ratis.ContainerStateMachine (ContainerStateMachine.java:takeSnapshot(289)) - group-EAB0D3E59377: Taking a snapshot at:(t:2, i:29) file /workdir/hadoop-ozone/integration-test/target/test-dir/MiniOzoneClusterImpl-2856df08-3e92-4080-a2c9-ea03709d96bd/datanode-5/data/ratis/732dae7b-d889-40b8-a54e-eab0d3e59377/sm/snapshot.2_29
2019-09-17 07:45:12,566 [cca845ef-daa9-4965-b848-0a1a0c80ebf1@group-EAB0D3E59377-StateMachineUpdater] INFO  ratis.ContainerStateMachine (ContainerStateMachine.java:takeSnapshot(300)) - group-EAB0D3E59377: Finished taking a snapshot at:(t:2, i:29) file:/workdir/hadoop-ozone/integration-test/target/test-dir/MiniOzoneClusterImpl-2856df08-3e92-4080-a2c9-ea03709d96bd/datanode-5/data/ratis/732dae7b-d889-40b8-a54e-eab0d3e59377/sm/snapshot.2_29 time:5
2019-09-17 07:45:12,566 [df3f7b97-e0a2-4b7a-b613-50634e06cc54@group-CE3B9C89E676-StateMachineUpdater] INFO  ratis.ContainerStateMachine (ContainerStateMachine.java:takeSnapshot(300)) - group-CE3B9C89E676: Finished taking a snapshot at:(t:2, i:12) file:/workdir/hadoop-ozone/integration-test/target/test-dir/MiniOzoneClusterImpl-2856df08-3e92-4080-a2c9-ea03709d96bd/datanode-2/data/ratis/8c56802a-ccaf-4c04-a2b5-ce3b9c89e676/sm/snapshot.2_12 time:7
2019-09-17 07:45:12,566 [cca845ef-daa9-4965-b848-0a1a0c80ebf1@group-EAB0D3E59377-StateMachineUpdater] INFO  impl.StateMachineUpdater (StateMachineUpdater.java:takeSnapshot(258)) - cca845ef-daa9-4965-b848-0a1a0c80ebf1@group-EAB0D3E59377-StateMachineUpdater: Took a snapshot at index 29
2019-09-17 07:45:12,566 [cca845ef-daa9-4965-b848-0a1a0c80ebf1@group-EAB0D3E59377-StateMachineUpdater] INFO  impl.StateMachineUpdater (StateMachineUpdater.java:lambda$new$0(83)) - cca845ef-daa9-4965-b848-0a1a0c80ebf1@group-EAB0D3E59377-StateMachineUpdater: snapshotIndex: updateIncreasingly 29 -> 29
2019-09-17 07:45:12,567 [df3f7b97-e0a2-4b7a-b613-50634e06cc54@group-CE3B9C89E676-StateMachineUpdater] INFO  impl.StateMachineUpdater (StateMachineUpdater.java:takeSnapshot(258)) - df3f7b97-e0a2-4b7a-b613-50634e06cc54@group-CE3B9C89E676-StateMachineUpdater: Took a snapshot at index 12
2019-09-17 07:45:12,567 [main] INFO  impl.RaftServerImpl (ServerState.java:close(385)) - cca845ef-daa9-4965-b848-0a1a0c80ebf1@group-EAB0D3E59377: closes. applyIndex: 31
2019-09-17 07:45:12,567 [df3f7b97-e0a2-4b7a-b613-50634e06cc54@group-CE3B9C89E676-StateMachineUpdater] INFO  impl.StateMachineUpdater (StateMachineUpdater.java:lambda$new$0(83)) - df3f7b97-e0a2-4b7a-b613-50634e06cc54@group-CE3B9C89E676-StateMachineUpdater: snapshotIndex: updateIncreasingly 12 -> 12
2019-09-17 07:45:12,567 [ForkJoinPool.commonPool-worker-0] INFO  impl.RaftServerImpl (ServerState.java:close(385)) - df3f7b97-e0a2-4b7a-b613-50634e06cc54@group-CE3B9C89E676: closes. applyIndex: 16
2019-09-17 07:45:12,570 [cca845ef-daa9-4965-b848-0a1a0c80ebf1@group-EAB0D3E59377-SegmentedRaftLogWorker] ERROR ratis.XceiverServerRatis (XceiverServerRatis.java:triggerPipelineClose(575)) - pipeline Action CLOSE  on pipeline PipelineID=732dae7b-d889-40b8-a54e-eab0d3e59377.Reason : WriteLog:32: (t:2, i:32), STATEMACHINELOGENTRY, client-8A13B18BF2D1, cid=66-writeStateMachineData interrupted.
2019-09-17 07:45:12,573 [df3f7b97-e0a2-4b7a-b613-50634e06cc54@group-CE3B9C89E676-SegmentedRaftLogWorker] ERROR ratis.XceiverServerRatis (XceiverServerRatis.java:triggerPipelineClose(575)) - pipeline Action CLOSE  on pipeline PipelineID=8c56802a-ccaf-4c04-a2b5-ce3b9c89e676.Reason : WriteLog:19: (t:2, i:19), STATEMACHINELOGENTRY, client-F68F3035F915, cid=41-writeStateMachineData interrupted.
2019-09-17 07:45:12,577 [main] INFO  segmented.SegmentedRaftLogWorker (SegmentedRaftLogWorker.java:close(228)) - cca845ef-daa9-4965-b848-0a1a0c80ebf1@group-EAB0D3E59377-SegmentedRaftLogWorker close()
2019-09-17 07:45:12,580 [main] INFO  impl.RaftServerImpl (RaftServerImpl.java:lambda$shutdown$3(251)) - cca845ef-daa9-4965-b848-0a1a0c80ebf1@group-7EC530A629AC: shutdown
2019-09-17 07:45:12,580 [main] INFO  util.JmxRegister (JmxRegister.java:unregister(73)) - Successfully un-registered JMX Bean with object name Ratis:service=RaftServer,group=group-7EC530A629AC,id=cca845ef-daa9-4965-b848-0a1a0c80ebf1
2019-09-17 07:45:12,581 [main] INFO  impl.RoleInfo (RoleInfo.java:shutdownLeaderState(104)) - cca845ef-daa9-4965-b848-0a1a0c80ebf1: shutdown LeaderState
2019-09-17 07:45:12,581 [main] INFO  impl.PendingRequests (PendingRequests.java:sendNotLeaderResponses(202)) - cca845ef-daa9-4965-b848-0a1a0c80ebf1-PendingRequests: sendNotLeaderResponses
2019-09-17 07:45:12,582 [main] INFO  impl.StateMachineUpdater (StateMachineUpdater.java:stopAndJoin(125)) - cca845ef-daa9-4965-b848-0a1a0c80ebf1@group-7EC530A629AC-StateMachineUpdater: set stopIndex = 0
2019-09-17 07:45:12,582 [main] INFO  impl.RaftServerImpl (ServerState.java:close(385)) - cca845ef-daa9-4965-b848-0a1a0c80ebf1@group-7EC530A629AC: closes. applyIndex: 0
2019-09-17 07:45:12,582 [cca845ef-daa9-4965-b848-0a1a0c80ebf1@group-7EC530A629AC-SegmentedRaftLogWorker] INFO  segmented.SegmentedRaftLogWorker (SegmentedRaftLogWorker.java:run(313)) - cca845ef-daa9-4965-b848-0a1a0c80ebf1@group-7EC530A629AC-SegmentedRaftLogWorker was interrupted, exiting. There are 0 tasks remaining in the queue.
2019-09-17 07:45:12,584 [main] INFO  segmented.SegmentedRaftLogWorker (SegmentedRaftLogWorker.java:close(228)) - cca845ef-daa9-4965-b848-0a1a0c80ebf1@group-7EC530A629AC-SegmentedRaftLogWorker close()
2019-09-17 07:45:12,587 [main] INFO  server.GrpcService (GrpcService.java:closeImpl(164)) - cca845ef-daa9-4965-b848-0a1a0c80ebf1: shutdown server with port 45232 now
2019-09-17 07:45:12,587 [main] INFO  server.GrpcService (GrpcService.java:closeImpl(172)) - cca845ef-daa9-4965-b848-0a1a0c80ebf1: shutdown server with port 45232 successfully
2019-09-17 07:45:12,588 [ForkJoinPool.commonPool-worker-0] INFO  segmented.SegmentedRaftLogWorker (SegmentedRaftLogWorker.java:close(228)) - df3f7b97-e0a2-4b7a-b613-50634e06cc54@group-CE3B9C89E676-SegmentedRaftLogWorker close()
2019-09-17 07:45:12,591 [ForkJoinPool.commonPool-worker-0] INFO  impl.RaftServerImpl (RaftServerImpl.java:lambda$shutdown$3(251)) - df3f7b97-e0a2-4b7a-b613-50634e06cc54@group-BE95C9452DF3: shutdown
2019-09-17 07:45:12,591 [ForkJoinPool.commonPool-worker-0] INFO  util.JmxRegister (JmxRegister.java:unregister(73)) - Successfully un-registered JMX Bean with object name Ratis:service=RaftServer,group=group-BE95C9452DF3,id=df3f7b97-e0a2-4b7a-b613-50634e06cc54
2019-09-17 07:45:12,591 [ForkJoinPool.commonPool-worker-0] INFO  impl.RoleInfo (RoleInfo.java:shutdownLeaderState(104)) - df3f7b97-e0a2-4b7a-b613-50634e06cc54: shutdown LeaderState
2019-09-17 07:45:12,591 [ForkJoinPool.commonPool-worker-0] INFO  impl.PendingRequests (PendingRequests.java:sendNotLeaderResponses(202)) - df3f7b97-e0a2-4b7a-b613-50634e06cc54-PendingRequests: sendNotLeaderResponses
2019-09-17 07:45:12,593 [ForkJoinPool.commonPool-worker-0] INFO  impl.StateMachineUpdater (StateMachineUpdater.java:stopAndJoin(125)) - df3f7b97-e0a2-4b7a-b613-50634e06cc54@group-BE95C9452DF3-StateMachineUpdater: set stopIndex = 0
2019-09-17 07:45:12,594 [refreshUsed-/workdir/hadoop-ozone/integration-test/target/test-dir/MiniOzoneClusterImpl-2856df08-3e92-4080-a2c9-ea03709d96bd/datanode-5/data/containers] WARN  fs.CachingGetSpaceUsed (CachingGetSpaceUsed.java:run(183)) - Thread Interrupted waiting to refresh disk information: sleep interrupted
2019-09-17 07:45:12,594 [ForkJoinPool.commonPool-worker-0] INFO  impl.RaftServerImpl (ServerState.java:close(385)) - df3f7b97-e0a2-4b7a-b613-50634e06cc54@group-BE95C9452DF3: closes. applyIndex: 0
2019-09-17 07:45:12,594 [df3f7b97-e0a2-4b7a-b613-50634e06cc54@group-BE95C9452DF3-SegmentedRaftLogWorker] INFO  segmented.SegmentedRaftLogWorker (SegmentedRaftLogWorker.java:run(313)) - df3f7b97-e0a2-4b7a-b613-50634e06cc54@group-BE95C9452DF3-SegmentedRaftLogWorker was interrupted, exiting. There are 0 tasks remaining in the queue.
2019-09-17 07:45:12,596 [ForkJoinPool.commonPool-worker-0] INFO  segmented.SegmentedRaftLogWorker (SegmentedRaftLogWorker.java:close(228)) - df3f7b97-e0a2-4b7a-b613-50634e06cc54@group-BE95C9452DF3-SegmentedRaftLogWorker close()
2019-09-17 07:45:12,599 [ForkJoinPool.commonPool-worker-0] INFO  server.GrpcService (GrpcService.java:closeImpl(164)) - df3f7b97-e0a2-4b7a-b613-50634e06cc54: shutdown server with port 33091 now
2019-09-17 07:45:12,600 [ForkJoinPool.commonPool-worker-0] INFO  server.GrpcService (GrpcService.java:closeImpl(172)) - df3f7b97-e0a2-4b7a-b613-50634e06cc54: shutdown server with port 33091 successfully
2019-09-17 07:45:12,611 [refreshUsed-/workdir/hadoop-ozone/integration-test/target/test-dir/MiniOzoneClusterImpl-2856df08-3e92-4080-a2c9-ea03709d96bd/datanode-2/data/containers] WARN  fs.CachingGetSpaceUsed (CachingGetSpaceUsed.java:run(183)) - Thread Interrupted waiting to refresh disk information: sleep interrupted
2019-09-17 07:45:12,620 [main] INFO  utils.BackgroundService (BackgroundService.java:shutdown(148)) - Shutting down service BlockDeletingService
2019-09-17 07:45:12,625 [main] INFO  statemachine.DatanodeStateMachine (DatanodeStateMachine.java:stopDaemon(395)) - Ozone container server stopped.
2019-09-17 07:45:12,627 [main] INFO  handler.ContextHandler (ContextHandler.java:doStop(910)) - Stopped o.e.j.w.WebAppContext@1c26273d{/,null,UNAVAILABLE}{/hddsDatanode}
2019-09-17 07:45:12,628 [main] INFO  server.AbstractConnector (AbstractConnector.java:doStop(318)) - Stopped ServerConnector@3a37a501{HTTP/1.1,[http/1.1]}{0.0.0.0:0}
2019-09-17 07:45:12,628 [main] INFO  handler.ContextHandler (ContextHandler.java:doStop(910)) - Stopped o.e.j.s.ServletContextHandler@2370ac7a{/static,jar:file:/home/user/.m2/repository/org/apache/hadoop/hadoop-hdds-container-service/0.5.0-SNAPSHOT/hadoop-hdds-container-service-0.5.0-SNAPSHOT.jar!/webapps/static,UNAVAILABLE}
2019-09-17 07:45:12,629 [main] INFO  handler.ContextHandler (ContextHandler.java:doStop(910)) - Stopped o.e.j.s.ServletContextHandler@117d32e{/logs,file:///workdir/hadoop-ozone/integration-test/target/log,UNAVAILABLE}
2019-09-17 07:45:12,630 [ForkJoinPool.commonPool-worker-0] INFO  utils.BackgroundService (BackgroundService.java:shutdown(148)) - Shutting down service BlockDeletingService
2019-09-17 07:45:12,634 [ForkJoinPool.commonPool-worker-0] INFO  statemachine.DatanodeStateMachine (DatanodeStateMachine.java:stopDaemon(395)) - Ozone container server stopped.
2019-09-17 07:45:12,638 [ForkJoinPool.commonPool-worker-0] INFO  handler.ContextHandler (ContextHandler.java:doStop(910)) - Stopped o.e.j.w.WebAppContext@296e281a{/,null,UNAVAILABLE}{/hddsDatanode}
2019-09-17 07:45:12,639 [ForkJoinPool.commonPool-worker-0] INFO  server.AbstractConnector (AbstractConnector.java:doStop(318)) - Stopped ServerConnector@59cda16e{HTTP/1.1,[http/1.1]}{0.0.0.0:0}
2019-09-17 07:45:12,640 [ForkJoinPool.commonPool-worker-0] INFO  handler.ContextHandler (ContextHandler.java:doStop(910)) - Stopped o.e.j.s.ServletContextHandler@28da7d11{/static,jar:file:/home/user/.m2/repository/org/apache/hadoop/hadoop-hdds-container-service/0.5.0-SNAPSHOT/hadoop-hdds-container-service-0.5.0-SNAPSHOT.jar!/webapps/static,UNAVAILABLE}
2019-09-17 07:45:12,642 [ForkJoinPool.commonPool-worker-0] INFO  handler.ContextHandler (ContextHandler.java:doStop(910)) - Stopped o.e.j.s.ServletContextHandler@5fcfde70{/logs,file:///workdir/hadoop-ozone/integration-test/target/log,UNAVAILABLE}
2019-09-17 07:45:12,870 [java.util.concurrent.ThreadPoolExecutor$Worker@621a8e3a[State = -1, empty queue]] WARN  server.GrpcLogAppender (GrpcLogAppender.java:timeoutAppendRequest(200)) - 0f7bb9d9-5139-4852-be99-380e1bc1143c@group-7C72F7D496C4->9cc127b6-6322-4ddd-ad35-07c34665999c-GrpcLogAppender: appendEntries Timeout, request=0f7bb9d9-5139-4852-be99-380e1bc1143c->9cc127b6-6322-4ddd-ad35-07c34665999c#159-t2, previous=(t:2, i:20), leaderCommit=16, initializing? false, entries: <empty>
2019-09-17 07:45:12,870 [java.util.concurrent.ThreadPoolExecutor$Worker@34920f4e[State = -1, empty queue]] WARN  server.GrpcLogAppender (GrpcLogAppender.java:timeoutAppendRequest(200)) - 0f7bb9d9-5139-4852-be99-380e1bc1143c@group-7C72F7D496C4->6a48daa3-10a7-4dcf-835e-de50be54fa2c-GrpcLogAppender: appendEntries Timeout, request=0f7bb9d9-5139-4852-be99-380e1bc1143c->6a48daa3-10a7-4dcf-835e-de50be54fa2c#159-t2, previous=(t:2, i:20), leaderCommit=16, initializing? false, entries: <empty>
2019-09-17 07:45:13,371 [java.util.concurrent.ThreadPoolExecutor$Worker@34920f4e[State = -1, empty queue]] WARN  server.GrpcLogAppender (GrpcLogAppender.java:timeoutAppendRequest(200)) - 0f7bb9d9-5139-4852-be99-380e1bc1143c@group-7C72F7D496C4->6a48daa3-10a7-4dcf-835e-de50be54fa2c-GrpcLogAppender: appendEntries Timeout, request=0f7bb9d9-5139-4852-be99-380e1bc1143c->6a48daa3-10a7-4dcf-835e-de50be54fa2c#160-t2, previous=(t:2, i:20), leaderCommit=16, initializing? false, entries: <empty>
2019-09-17 07:45:13,371 [java.util.concurrent.ThreadPoolExecutor$Worker@621a8e3a[State = -1, empty queue]] WARN  server.GrpcLogAppender (GrpcLogAppender.java:timeoutAppendRequest(200)) - 0f7bb9d9-5139-4852-be99-380e1bc1143c@group-7C72F7D496C4->9cc127b6-6322-4ddd-ad35-07c34665999c-GrpcLogAppender: appendEntries Timeout, request=0f7bb9d9-5139-4852-be99-380e1bc1143c->9cc127b6-6322-4ddd-ad35-07c34665999c#160-t2, previous=(t:2, i:20), leaderCommit=16, initializing? false, entries: <empty>
2019-09-17 07:45:13,432 [Datanode State Machine Thread - 0] INFO  statemachine.DatanodeStateMachine (DatanodeStateMachine.java:lambda$startDaemon$0(350)) - Ozone container server started.
2019-09-17 07:45:13,434 [Datanode State Machine Thread - 0] INFO  statemachine.DatanodeStateMachine (DatanodeStateMachine.java:lambda$startDaemon$0(350)) - Ozone container server started.
2019-09-17 07:45:13,871 [java.util.concurrent.ThreadPoolExecutor$Worker@621a8e3a[State = -1, empty queue]] WARN  server.GrpcLogAppender (GrpcLogAppender.java:timeoutAppendRequest(200)) - 0f7bb9d9-5139-4852-be99-380e1bc1143c@group-7C72F7D496C4->9cc127b6-6322-4ddd-ad35-07c34665999c-GrpcLogAppender: appendEntries Timeout, request=0f7bb9d9-5139-4852-be99-380e1bc1143c->9cc127b6-6322-4ddd-ad35-07c34665999c#161-t2, previous=(t:2, i:20), leaderCommit=16, initializing? false, entries: <empty>
2019-09-17 07:45:13,871 [java.util.concurrent.ThreadPoolExecutor$Worker@34920f4e[State = -1, empty queue]] WARN  server.GrpcLogAppender (GrpcLogAppender.java:timeoutAppendRequest(200)) - 0f7bb9d9-5139-4852-be99-380e1bc1143c@group-7C72F7D496C4->6a48daa3-10a7-4dcf-835e-de50be54fa2c-GrpcLogAppender: appendEntries Timeout, request=0f7bb9d9-5139-4852-be99-380e1bc1143c->6a48daa3-10a7-4dcf-835e-de50be54fa2c#161-t2, previous=(t:2, i:20), leaderCommit=16, initializing? false, entries: <empty>
2019-09-17 07:45:14,371 [java.util.concurrent.ThreadPoolExecutor$Worker@34920f4e[State = -1, empty queue]] WARN  server.GrpcLogAppender (GrpcLogAppender.java:timeoutAppendRequest(200)) - 0f7bb9d9-5139-4852-be99-380e1bc1143c@group-7C72F7D496C4->6a48daa3-10a7-4dcf-835e-de50be54fa2c-GrpcLogAppender: appendEntries Timeout, request=0f7bb9d9-5139-4852-be99-380e1bc1143c->6a48daa3-10a7-4dcf-835e-de50be54fa2c#162-t2, previous=(t:2, i:20), leaderCommit=16, initializing? false, entries: <empty>
2019-09-17 07:45:14,371 [java.util.concurrent.ThreadPoolExecutor$Worker@621a8e3a[State = -1, empty queue]] WARN  server.GrpcLogAppender (GrpcLogAppender.java:timeoutAppendRequest(200)) - 0f7bb9d9-5139-4852-be99-380e1bc1143c@group-7C72F7D496C4->9cc127b6-6322-4ddd-ad35-07c34665999c-GrpcLogAppender: appendEntries Timeout, request=0f7bb9d9-5139-4852-be99-380e1bc1143c->9cc127b6-6322-4ddd-ad35-07c34665999c#162-t2, previous=(t:2, i:20), leaderCommit=16, initializing? false, entries: <empty>
2019-09-17 07:45:14,872 [java.util.concurrent.ThreadPoolExecutor$Worker@621a8e3a[State = -1, empty queue]] WARN  server.GrpcLogAppender (GrpcLogAppender.java:timeoutAppendRequest(200)) - 0f7bb9d9-5139-4852-be99-380e1bc1143c@group-7C72F7D496C4->9cc127b6-6322-4ddd-ad35-07c34665999c-GrpcLogAppender: appendEntries Timeout, request=0f7bb9d9-5139-4852-be99-380e1bc1143c->9cc127b6-6322-4ddd-ad35-07c34665999c#163-t2, previous=(t:2, i:20), leaderCommit=16, initializing? false, entries: <empty>
2019-09-17 07:45:14,872 [java.util.concurrent.ThreadPoolExecutor$Worker@34920f4e[State = -1, empty queue]] WARN  server.GrpcLogAppender (GrpcLogAppender.java:timeoutAppendRequest(200)) - 0f7bb9d9-5139-4852-be99-380e1bc1143c@group-7C72F7D496C4->6a48daa3-10a7-4dcf-835e-de50be54fa2c-GrpcLogAppender: appendEntries Timeout, request=0f7bb9d9-5139-4852-be99-380e1bc1143c->6a48daa3-10a7-4dcf-835e-de50be54fa2c#163-t2, previous=(t:2, i:20), leaderCommit=16, initializing? false, entries: <empty>
2019-09-17 07:45:15,291 [0f7bb9d9-5139-4852-be99-380e1bc1143c@group-7C72F7D496C4-SegmentedRaftLogWorker] WARN  segmented.SegmentedRaftLogWorker (SegmentedRaftLogWorker.java:getFromFuture(90)) - Timeout 4/~
org.apache.ratis.protocol.TimeoutIOException: Timeout 10s: WriteLog:17: (t:2, i:17), STATEMACHINELOGENTRY, client-E0A2BD2BFF31, cid=53-writeStateMachineData
	at org.apache.ratis.util.IOUtils.getFromFuture(IOUtils.java:87)
	at org.apache.ratis.server.raftlog.segmented.SegmentedRaftLogWorker$StateMachineDataPolicy.getFromFuture(SegmentedRaftLogWorker.java:87)
	at org.apache.ratis.server.raftlog.segmented.SegmentedRaftLogWorker$WriteLog.execute(SegmentedRaftLogWorker.java:477)
	at org.apache.ratis.server.raftlog.segmented.SegmentedRaftLogWorker.run(SegmentedRaftLogWorker.java:289)
	at java.lang.Thread.run(Thread.java:748)
Caused by: java.util.concurrent.TimeoutException
	at java.util.concurrent.CompletableFuture.timedGet(CompletableFuture.java:1771)
	at java.util.concurrent.CompletableFuture.get(CompletableFuture.java:1915)
	at org.apache.ratis.util.IOUtils.getFromFuture(IOUtils.java:79)
	... 4 more
2019-09-17 07:45:15,295 [9cc127b6-6322-4ddd-ad35-07c34665999c@group-7C72F7D496C4-SegmentedRaftLogWorker] WARN  segmented.SegmentedRaftLogWorker (SegmentedRaftLogWorker.java:getFromFuture(90)) - Timeout 4/~
org.apache.ratis.protocol.TimeoutIOException: Timeout 10s: WriteLog:17: (t:2, i:17), STATEMACHINELOGENTRY, client-E0A2BD2BFF31, cid=53-writeStateMachineData
	at org.apache.ratis.util.IOUtils.getFromFuture(IOUtils.java:87)
	at org.apache.ratis.server.raftlog.segmented.SegmentedRaftLogWorker$StateMachineDataPolicy.getFromFuture(SegmentedRaftLogWorker.java:87)
	at org.apache.ratis.server.raftlog.segmented.SegmentedRaftLogWorker$WriteLog.execute(SegmentedRaftLogWorker.java:477)
	at org.apache.ratis.server.raftlog.segmented.SegmentedRaftLogWorker.run(SegmentedRaftLogWorker.java:289)
	at java.lang.Thread.run(Thread.java:748)
Caused by: java.util.concurrent.TimeoutException
	at java.util.concurrent.CompletableFuture.timedGet(CompletableFuture.java:1771)
	at java.util.concurrent.CompletableFuture.get(CompletableFuture.java:1915)
	at org.apache.ratis.util.IOUtils.getFromFuture(IOUtils.java:79)
	... 4 more
2019-09-17 07:45:15,319 [6a48daa3-10a7-4dcf-835e-de50be54fa2c@group-7C72F7D496C4-SegmentedRaftLogWorker] WARN  segmented.SegmentedRaftLogWorker (SegmentedRaftLogWorker.java:getFromFuture(90)) - Timeout 4/~
org.apache.ratis.protocol.TimeoutIOException: Timeout 10s: WriteLog:17: (t:2, i:17), STATEMACHINELOGENTRY, client-E0A2BD2BFF31, cid=53-writeStateMachineData
	at org.apache.ratis.util.IOUtils.getFromFuture(IOUtils.java:87)
	at org.apache.ratis.server.raftlog.segmented.SegmentedRaftLogWorker$StateMachineDataPolicy.getFromFuture(SegmentedRaftLogWorker.java:87)
	at org.apache.ratis.server.raftlog.segmented.SegmentedRaftLogWorker$WriteLog.execute(SegmentedRaftLogWorker.java:477)
	at org.apache.ratis.server.raftlog.segmented.SegmentedRaftLogWorker.run(SegmentedRaftLogWorker.java:289)
	at java.lang.Thread.run(Thread.java:748)
Caused by: java.util.concurrent.TimeoutException
	at java.util.concurrent.CompletableFuture.timedGet(CompletableFuture.java:1771)
	at java.util.concurrent.CompletableFuture.get(CompletableFuture.java:1915)
	at org.apache.ratis.util.IOUtils.getFromFuture(IOUtils.java:79)
	... 4 more
2019-09-17 07:45:15,372 [java.util.concurrent.ThreadPoolExecutor$Worker@621a8e3a[State = -1, empty queue]] WARN  server.GrpcLogAppender (GrpcLogAppender.java:timeoutAppendRequest(200)) - 0f7bb9d9-5139-4852-be99-380e1bc1143c@group-7C72F7D496C4->9cc127b6-6322-4ddd-ad35-07c34665999c-GrpcLogAppender: appendEntries Timeout, request=0f7bb9d9-5139-4852-be99-380e1bc1143c->9cc127b6-6322-4ddd-ad35-07c34665999c#164-t2, previous=(t:2, i:20), leaderCommit=16, initializing? false, entries: <empty>
2019-09-17 07:45:15,372 [java.util.concurrent.ThreadPoolExecutor$Worker@34920f4e[State = -1, empty queue]] WARN  server.GrpcLogAppender (GrpcLogAppender.java:timeoutAppendRequest(200)) - 0f7bb9d9-5139-4852-be99-380e1bc1143c@group-7C72F7D496C4->6a48daa3-10a7-4dcf-835e-de50be54fa2c-GrpcLogAppender: appendEntries Timeout, request=0f7bb9d9-5139-4852-be99-380e1bc1143c->6a48daa3-10a7-4dcf-835e-de50be54fa2c#164-t2, previous=(t:2, i:20), leaderCommit=16, initializing? false, entries: <empty>
2019-09-17 07:45:15,872 [java.util.concurrent.ThreadPoolExecutor$Worker@621a8e3a[State = -1, empty queue]] WARN  server.GrpcLogAppender (GrpcLogAppender.java:timeoutAppendRequest(200)) - 0f7bb9d9-5139-4852-be99-380e1bc1143c@group-7C72F7D496C4->9cc127b6-6322-4ddd-ad35-07c34665999c-GrpcLogAppender: appendEntries Timeout, request=0f7bb9d9-5139-4852-be99-380e1bc1143c->9cc127b6-6322-4ddd-ad35-07c34665999c#165-t2, previous=(t:2, i:20), leaderCommit=16, initializing? false, entries: <empty>
2019-09-17 07:45:15,872 [java.util.concurrent.ThreadPoolExecutor$Worker@34920f4e[State = -1, empty queue]] WARN  server.GrpcLogAppender (GrpcLogAppender.java:timeoutAppendRequest(200)) - 0f7bb9d9-5139-4852-be99-380e1bc1143c@group-7C72F7D496C4->6a48daa3-10a7-4dcf-835e-de50be54fa2c-GrpcLogAppender: appendEntries Timeout, request=0f7bb9d9-5139-4852-be99-380e1bc1143c->6a48daa3-10a7-4dcf-835e-de50be54fa2c#165-t2, previous=(t:2, i:20), leaderCommit=16, initializing? false, entries: <empty>
2019-09-17 07:45:16,372 [java.util.concurrent.ThreadPoolExecutor$Worker@621a8e3a[State = -1, empty queue]] WARN  server.GrpcLogAppender (GrpcLogAppender.java:timeoutAppendRequest(200)) - 0f7bb9d9-5139-4852-be99-380e1bc1143c@group-7C72F7D496C4->9cc127b6-6322-4ddd-ad35-07c34665999c-GrpcLogAppender: appendEntries Timeout, request=0f7bb9d9-5139-4852-be99-380e1bc1143c->9cc127b6-6322-4ddd-ad35-07c34665999c#166-t2, previous=(t:2, i:20), leaderCommit=16, initializing? false, entries: <empty>
2019-09-17 07:45:16,373 [java.util.concurrent.ThreadPoolExecutor$Worker@34920f4e[State = -1, empty queue]] WARN  server.GrpcLogAppender (GrpcLogAppender.java:timeoutAppendRequest(200)) - 0f7bb9d9-5139-4852-be99-380e1bc1143c@group-7C72F7D496C4->6a48daa3-10a7-4dcf-835e-de50be54fa2c-GrpcLogAppender: appendEntries Timeout, request=0f7bb9d9-5139-4852-be99-380e1bc1143c->6a48daa3-10a7-4dcf-835e-de50be54fa2c#166-t2, previous=(t:2, i:20), leaderCommit=16, initializing? false, entries: <empty>
2019-09-17 07:45:16,873 [java.util.concurrent.ThreadPoolExecutor$Worker@621a8e3a[State = -1, empty queue]] WARN  server.GrpcLogAppender (GrpcLogAppender.java:timeoutAppendRequest(200)) - 0f7bb9d9-5139-4852-be99-380e1bc1143c@group-7C72F7D496C4->9cc127b6-6322-4ddd-ad35-07c34665999c-GrpcLogAppender: appendEntries Timeout, request=0f7bb9d9-5139-4852-be99-380e1bc1143c->9cc127b6-6322-4ddd-ad35-07c34665999c#167-t2, previous=(t:2, i:20), leaderCommit=16, initializing? false, entries: <empty>
2019-09-17 07:45:16,873 [java.util.concurrent.ThreadPoolExecutor$Worker@34920f4e[State = -1, empty queue]] WARN  server.GrpcLogAppender (GrpcLogAppender.java:timeoutAppendRequest(200)) - 0f7bb9d9-5139-4852-be99-380e1bc1143c@group-7C72F7D496C4->6a48daa3-10a7-4dcf-835e-de50be54fa2c-GrpcLogAppender: appendEntries Timeout, request=0f7bb9d9-5139-4852-be99-380e1bc1143c->6a48daa3-10a7-4dcf-835e-de50be54fa2c#167-t2, previous=(t:2, i:20), leaderCommit=16, initializing? false, entries: <empty>
2019-09-17 07:45:17,373 [java.util.concurrent.ThreadPoolExecutor$Worker@34920f4e[State = -1, empty queue]] WARN  server.GrpcLogAppender (GrpcLogAppender.java:timeoutAppendRequest(200)) - 0f7bb9d9-5139-4852-be99-380e1bc1143c@group-7C72F7D496C4->6a48daa3-10a7-4dcf-835e-de50be54fa2c-GrpcLogAppender: appendEntries Timeout, request=0f7bb9d9-5139-4852-be99-380e1bc1143c->6a48daa3-10a7-4dcf-835e-de50be54fa2c#168-t2, previous=(t:2, i:20), leaderCommit=16, initializing? false, entries: <empty>
2019-09-17 07:45:17,373 [java.util.concurrent.ThreadPoolExecutor$Worker@621a8e3a[State = -1, empty queue]] WARN  server.GrpcLogAppender (GrpcLogAppender.java:timeoutAppendRequest(200)) - 0f7bb9d9-5139-4852-be99-380e1bc1143c@group-7C72F7D496C4->9cc127b6-6322-4ddd-ad35-07c34665999c-GrpcLogAppender: appendEntries Timeout, request=0f7bb9d9-5139-4852-be99-380e1bc1143c->9cc127b6-6322-4ddd-ad35-07c34665999c#168-t2, previous=(t:2, i:20), leaderCommit=16, initializing? false, entries: <empty>
2019-09-17 07:45:17,638 [main] INFO  ozoneimpl.OzoneContainer (OzoneContainer.java:stop(231)) - Attempting to stop container services.
2019-09-17 07:45:17,640 [main] INFO  impl.RaftServerProxy (RaftServerProxy.java:lambda$close$4(314)) - a6514a8e-6408-4ac6-93dd-a0b43c53a9d5: close
2019-09-17 07:45:17,640 [main] INFO  impl.RaftServerImpl (RaftServerImpl.java:lambda$shutdown$3(251)) - a6514a8e-6408-4ac6-93dd-a0b43c53a9d5@group-DBCBC5799FC4: shutdown
2019-09-17 07:45:17,641 [main] INFO  util.JmxRegister (JmxRegister.java:unregister(73)) - Successfully un-registered JMX Bean with object name Ratis:service=RaftServer,group=group-DBCBC5799FC4,id=a6514a8e-6408-4ac6-93dd-a0b43c53a9d5
2019-09-17 07:45:17,641 [main] INFO  impl.RoleInfo (RoleInfo.java:shutdownLeaderState(104)) - a6514a8e-6408-4ac6-93dd-a0b43c53a9d5: shutdown LeaderState
2019-09-17 07:45:17,641 [main] INFO  impl.PendingRequests (PendingRequests.java:sendNotLeaderResponses(202)) - a6514a8e-6408-4ac6-93dd-a0b43c53a9d5-PendingRequests: sendNotLeaderResponses
2019-09-17 07:45:17,642 [main] INFO  impl.StateMachineUpdater (StateMachineUpdater.java:stopAndJoin(125)) - a6514a8e-6408-4ac6-93dd-a0b43c53a9d5@group-DBCBC5799FC4-StateMachineUpdater: set stopIndex = 0
2019-09-17 07:45:17,643 [main] INFO  impl.RaftServerImpl (ServerState.java:close(385)) - a6514a8e-6408-4ac6-93dd-a0b43c53a9d5@group-DBCBC5799FC4: closes. applyIndex: 0
2019-09-17 07:45:17,649 [ForkJoinPool.commonPool-worker-0] INFO  ozoneimpl.OzoneContainer (OzoneContainer.java:stop(231)) - Attempting to stop container services.
2019-09-17 07:45:17,650 [a6514a8e-6408-4ac6-93dd-a0b43c53a9d5@group-DBCBC5799FC4-SegmentedRaftLogWorker] INFO  segmented.SegmentedRaftLogWorker (SegmentedRaftLogWorker.java:run(313)) - a6514a8e-6408-4ac6-93dd-a0b43c53a9d5@group-DBCBC5799FC4-SegmentedRaftLogWorker was interrupted, exiting. There are 0 tasks remaining in the queue.
2019-09-17 07:45:17,655 [ForkJoinPool.commonPool-worker-0] INFO  impl.RaftServerProxy (RaftServerProxy.java:lambda$close$4(314)) - 9cc127b6-6322-4ddd-ad35-07c34665999c: close
2019-09-17 07:45:17,655 [main] INFO  segmented.SegmentedRaftLogWorker (SegmentedRaftLogWorker.java:close(228)) - a6514a8e-6408-4ac6-93dd-a0b43c53a9d5@group-DBCBC5799FC4-SegmentedRaftLogWorker close()
2019-09-17 07:45:17,656 [ForkJoinPool.commonPool-worker-0] INFO  impl.RaftServerImpl (RaftServerImpl.java:lambda$shutdown$3(251)) - 9cc127b6-6322-4ddd-ad35-07c34665999c@group-04E13EADA265: shutdown
2019-09-17 07:45:17,660 [main] INFO  impl.RaftServerImpl (RaftServerImpl.java:lambda$shutdown$3(251)) - a6514a8e-6408-4ac6-93dd-a0b43c53a9d5@group-EAB0D3E59377: shutdown
2019-09-17 07:45:17,660 [ForkJoinPool.commonPool-worker-0] INFO  util.JmxRegister (JmxRegister.java:unregister(73)) - Successfully un-registered JMX Bean with object name Ratis:service=RaftServer,group=group-04E13EADA265,id=9cc127b6-6322-4ddd-ad35-07c34665999c
2019-09-17 07:45:17,660 [main] INFO  util.JmxRegister (JmxRegister.java:unregister(73)) - Successfully un-registered JMX Bean with object name Ratis:service=RaftServer,group=group-EAB0D3E59377,id=a6514a8e-6408-4ac6-93dd-a0b43c53a9d5
2019-09-17 07:45:17,661 [main] INFO  impl.RoleInfo (RoleInfo.java:shutdownFollowerState(121)) - a6514a8e-6408-4ac6-93dd-a0b43c53a9d5: shutdown FollowerState
2019-09-17 07:45:17,661 [ForkJoinPool.commonPool-worker-0] INFO  impl.RoleInfo (RoleInfo.java:shutdownLeaderState(104)) - 9cc127b6-6322-4ddd-ad35-07c34665999c: shutdown LeaderState
2019-09-17 07:45:17,662 [ForkJoinPool.commonPool-worker-0] INFO  impl.PendingRequests (PendingRequests.java:sendNotLeaderResponses(202)) - 9cc127b6-6322-4ddd-ad35-07c34665999c-PendingRequests: sendNotLeaderResponses
2019-09-17 07:45:17,662 [ForkJoinPool.commonPool-worker-0] INFO  impl.StateMachineUpdater (StateMachineUpdater.java:stopAndJoin(125)) - 9cc127b6-6322-4ddd-ad35-07c34665999c@group-04E13EADA265-StateMachineUpdater: set stopIndex = 0
2019-09-17 07:45:17,662 [ForkJoinPool.commonPool-worker-0] INFO  impl.RaftServerImpl (ServerState.java:close(385)) - 9cc127b6-6322-4ddd-ad35-07c34665999c@group-04E13EADA265: closes. applyIndex: 0
2019-09-17 07:45:17,668 [main] INFO  impl.StateMachineUpdater (StateMachineUpdater.java:stopAndJoin(125)) - a6514a8e-6408-4ac6-93dd-a0b43c53a9d5@group-EAB0D3E59377-StateMachineUpdater: set stopIndex = 31
2019-09-17 07:45:17,668 [a6514a8e-6408-4ac6-93dd-a0b43c53a9d5@group-EAB0D3E59377-StateMachineUpdater] INFO  ratis.ContainerStateMachine (ContainerStateMachine.java:takeSnapshot(289)) - group-EAB0D3E59377: Taking a snapshot at:(t:2, i:29) file /workdir/hadoop-ozone/integration-test/target/test-dir/MiniOzoneClusterImpl-2856df08-3e92-4080-a2c9-ea03709d96bd/datanode-6/data/ratis/732dae7b-d889-40b8-a54e-eab0d3e59377/sm/snapshot.2_29
2019-09-17 07:45:17,668 [Thread-408] INFO  impl.FollowerState (FollowerState.java:run(115)) - a6514a8e-6408-4ac6-93dd-a0b43c53a9d5: FollowerState was interrupted: java.lang.InterruptedException: sleep interrupted
2019-09-17 07:45:17,668 [9cc127b6-6322-4ddd-ad35-07c34665999c@group-04E13EADA265-SegmentedRaftLogWorker] INFO  segmented.SegmentedRaftLogWorker (SegmentedRaftLogWorker.java:run(313)) - 9cc127b6-6322-4ddd-ad35-07c34665999c@group-04E13EADA265-SegmentedRaftLogWorker was interrupted, exiting. There are 0 tasks remaining in the queue.
2019-09-17 07:45:17,673 [ForkJoinPool.commonPool-worker-0] INFO  segmented.SegmentedRaftLogWorker (SegmentedRaftLogWorker.java:close(228)) - 9cc127b6-6322-4ddd-ad35-07c34665999c@group-04E13EADA265-SegmentedRaftLogWorker close()
2019-09-17 07:45:17,694 [ForkJoinPool.commonPool-worker-0] INFO  impl.RaftServerImpl (RaftServerImpl.java:lambda$shutdown$3(251)) - 9cc127b6-6322-4ddd-ad35-07c34665999c@group-7C72F7D496C4: shutdown
2019-09-17 07:45:17,694 [ForkJoinPool.commonPool-worker-0] INFO  util.JmxRegister (JmxRegister.java:unregister(73)) - Successfully un-registered JMX Bean with object name Ratis:service=RaftServer,group=group-7C72F7D496C4,id=9cc127b6-6322-4ddd-ad35-07c34665999c
2019-09-17 07:45:17,694 [ForkJoinPool.commonPool-worker-0] INFO  impl.RoleInfo (RoleInfo.java:shutdownFollowerState(121)) - 9cc127b6-6322-4ddd-ad35-07c34665999c: shutdown FollowerState
2019-09-17 07:45:17,694 [ForkJoinPool.commonPool-worker-0] INFO  impl.StateMachineUpdater (StateMachineUpdater.java:stopAndJoin(125)) - 9cc127b6-6322-4ddd-ad35-07c34665999c@group-7C72F7D496C4-StateMachineUpdater: set stopIndex = 16
2019-09-17 07:45:17,695 [9cc127b6-6322-4ddd-ad35-07c34665999c@group-7C72F7D496C4-StateMachineUpdater] INFO  ratis.ContainerStateMachine (ContainerStateMachine.java:takeSnapshot(289)) - group-7C72F7D496C4: Taking a snapshot at:(t:2, i:12) file /workdir/hadoop-ozone/integration-test/target/test-dir/MiniOzoneClusterImpl-2856df08-3e92-4080-a2c9-ea03709d96bd/datanode-3/data/ratis/0dd04a28-7048-4f82-b477-7c72f7d496c4/sm/snapshot.2_12
2019-09-17 07:45:17,695 [Thread-421] INFO  impl.FollowerState (FollowerState.java:run(115)) - 9cc127b6-6322-4ddd-ad35-07c34665999c: FollowerState was interrupted: java.lang.InterruptedException: sleep interrupted
2019-09-17 07:45:17,698 [a6514a8e-6408-4ac6-93dd-a0b43c53a9d5@group-EAB0D3E59377-StateMachineUpdater] INFO  ratis.ContainerStateMachine (ContainerStateMachine.java:takeSnapshot(300)) - group-EAB0D3E59377: Finished taking a snapshot at:(t:2, i:29) file:/workdir/hadoop-ozone/integration-test/target/test-dir/MiniOzoneClusterImpl-2856df08-3e92-4080-a2c9-ea03709d96bd/datanode-6/data/ratis/732dae7b-d889-40b8-a54e-eab0d3e59377/sm/snapshot.2_29 time:29
2019-09-17 07:45:17,698 [a6514a8e-6408-4ac6-93dd-a0b43c53a9d5@group-EAB0D3E59377-StateMachineUpdater] INFO  impl.StateMachineUpdater (StateMachineUpdater.java:takeSnapshot(258)) - a6514a8e-6408-4ac6-93dd-a0b43c53a9d5@group-EAB0D3E59377-StateMachineUpdater: Took a snapshot at index 29
2019-09-17 07:45:17,698 [a6514a8e-6408-4ac6-93dd-a0b43c53a9d5@group-EAB0D3E59377-StateMachineUpdater] INFO  impl.StateMachineUpdater (StateMachineUpdater.java:lambda$new$0(83)) - a6514a8e-6408-4ac6-93dd-a0b43c53a9d5@group-EAB0D3E59377-StateMachineUpdater: snapshotIndex: updateIncreasingly -1 -> 29
2019-09-17 07:45:17,698 [a6514a8e-6408-4ac6-93dd-a0b43c53a9d5@group-EAB0D3E59377-StateMachineUpdater] INFO  ratis.ContainerStateMachine (ContainerStateMachine.java:takeSnapshot(289)) - group-EAB0D3E59377: Taking a snapshot at:(t:2, i:29) file /workdir/hadoop-ozone/integration-test/target/test-dir/MiniOzoneClusterImpl-2856df08-3e92-4080-a2c9-ea03709d96bd/datanode-6/data/ratis/732dae7b-d889-40b8-a54e-eab0d3e59377/sm/snapshot.2_29
2019-09-17 07:45:17,699 [9cc127b6-6322-4ddd-ad35-07c34665999c@group-7C72F7D496C4-StateMachineUpdater] INFO  ratis.ContainerStateMachine (ContainerStateMachine.java:takeSnapshot(300)) - group-7C72F7D496C4: Finished taking a snapshot at:(t:2, i:12) file:/workdir/hadoop-ozone/integration-test/target/test-dir/MiniOzoneClusterImpl-2856df08-3e92-4080-a2c9-ea03709d96bd/datanode-3/data/ratis/0dd04a28-7048-4f82-b477-7c72f7d496c4/sm/snapshot.2_12 time:5
2019-09-17 07:45:17,700 [9cc127b6-6322-4ddd-ad35-07c34665999c@group-7C72F7D496C4-StateMachineUpdater] INFO  impl.StateMachineUpdater (StateMachineUpdater.java:takeSnapshot(258)) - 9cc127b6-6322-4ddd-ad35-07c34665999c@group-7C72F7D496C4-StateMachineUpdater: Took a snapshot at index 12
2019-09-17 07:45:17,700 [9cc127b6-6322-4ddd-ad35-07c34665999c@group-7C72F7D496C4-StateMachineUpdater] INFO  impl.StateMachineUpdater (StateMachineUpdater.java:lambda$new$0(83)) - 9cc127b6-6322-4ddd-ad35-07c34665999c@group-7C72F7D496C4-StateMachineUpdater: snapshotIndex: updateIncreasingly -1 -> 12
2019-09-17 07:45:17,700 [9cc127b6-6322-4ddd-ad35-07c34665999c@group-7C72F7D496C4-StateMachineUpdater] INFO  ratis.ContainerStateMachine (ContainerStateMachine.java:takeSnapshot(289)) - group-7C72F7D496C4: Taking a snapshot at:(t:2, i:12) file /workdir/hadoop-ozone/integration-test/target/test-dir/MiniOzoneClusterImpl-2856df08-3e92-4080-a2c9-ea03709d96bd/datanode-3/data/ratis/0dd04a28-7048-4f82-b477-7c72f7d496c4/sm/snapshot.2_12
2019-09-17 07:45:17,713 [a6514a8e-6408-4ac6-93dd-a0b43c53a9d5@group-EAB0D3E59377-StateMachineUpdater] INFO  ratis.ContainerStateMachine (ContainerStateMachine.java:takeSnapshot(300)) - group-EAB0D3E59377: Finished taking a snapshot at:(t:2, i:29) file:/workdir/hadoop-ozone/integration-test/target/test-dir/MiniOzoneClusterImpl-2856df08-3e92-4080-a2c9-ea03709d96bd/datanode-6/data/ratis/732dae7b-d889-40b8-a54e-eab0d3e59377/sm/snapshot.2_29 time:14
2019-09-17 07:45:17,713 [9cc127b6-6322-4ddd-ad35-07c34665999c@group-7C72F7D496C4-StateMachineUpdater] INFO  ratis.ContainerStateMachine (ContainerStateMachine.java:takeSnapshot(300)) - group-7C72F7D496C4: Finished taking a snapshot at:(t:2, i:12) file:/workdir/hadoop-ozone/integration-test/target/test-dir/MiniOzoneClusterImpl-2856df08-3e92-4080-a2c9-ea03709d96bd/datanode-3/data/ratis/0dd04a28-7048-4f82-b477-7c72f7d496c4/sm/snapshot.2_12 time:13
2019-09-17 07:45:17,713 [a6514a8e-6408-4ac6-93dd-a0b43c53a9d5@group-EAB0D3E59377-StateMachineUpdater] INFO  impl.StateMachineUpdater (StateMachineUpdater.java:takeSnapshot(258)) - a6514a8e-6408-4ac6-93dd-a0b43c53a9d5@group-EAB0D3E59377-StateMachineUpdater: Took a snapshot at index 29
2019-09-17 07:45:17,713 [a6514a8e-6408-4ac6-93dd-a0b43c53a9d5@group-EAB0D3E59377-StateMachineUpdater] INFO  impl.StateMachineUpdater (StateMachineUpdater.java:lambda$new$0(83)) - a6514a8e-6408-4ac6-93dd-a0b43c53a9d5@group-EAB0D3E59377-StateMachineUpdater: snapshotIndex: updateIncreasingly 29 -> 29
2019-09-17 07:45:17,713 [9cc127b6-6322-4ddd-ad35-07c34665999c@group-7C72F7D496C4-StateMachineUpdater] INFO  impl.StateMachineUpdater (StateMachineUpdater.java:takeSnapshot(258)) - 9cc127b6-6322-4ddd-ad35-07c34665999c@group-7C72F7D496C4-StateMachineUpdater: Took a snapshot at index 12
2019-09-17 07:45:17,713 [9cc127b6-6322-4ddd-ad35-07c34665999c@group-7C72F7D496C4-StateMachineUpdater] INFO  impl.StateMachineUpdater (StateMachineUpdater.java:lambda$new$0(83)) - 9cc127b6-6322-4ddd-ad35-07c34665999c@group-7C72F7D496C4-StateMachineUpdater: snapshotIndex: updateIncreasingly 12 -> 12
2019-09-17 07:45:17,714 [ForkJoinPool.commonPool-worker-0] INFO  impl.RaftServerImpl (ServerState.java:close(385)) - 9cc127b6-6322-4ddd-ad35-07c34665999c@group-7C72F7D496C4: closes. applyIndex: 16
2019-09-17 07:45:17,714 [main] INFO  impl.RaftServerImpl (ServerState.java:close(385)) - a6514a8e-6408-4ac6-93dd-a0b43c53a9d5@group-EAB0D3E59377: closes. applyIndex: 31
2019-09-17 07:45:17,718 [a6514a8e-6408-4ac6-93dd-a0b43c53a9d5@group-EAB0D3E59377-SegmentedRaftLogWorker] ERROR ratis.XceiverServerRatis (XceiverServerRatis.java:triggerPipelineClose(575)) - pipeline Action CLOSE  on pipeline PipelineID=732dae7b-d889-40b8-a54e-eab0d3e59377.Reason : WriteLog:32: (t:2, i:32), STATEMACHINELOGENTRY, client-8A13B18BF2D1, cid=66-writeStateMachineData interrupted.
2019-09-17 07:45:17,718 [9cc127b6-6322-4ddd-ad35-07c34665999c@group-7C72F7D496C4-SegmentedRaftLogWorker] ERROR ratis.XceiverServerRatis (XceiverServerRatis.java:triggerPipelineClose(575)) - pipeline Action CLOSE  on pipeline PipelineID=0dd04a28-7048-4f82-b477-7c72f7d496c4.Reason : WriteLog:17: (t:2, i:17), STATEMACHINELOGENTRY, client-E0A2BD2BFF31, cid=53-writeStateMachineData interrupted.
2019-09-17 07:45:17,718 [main] INFO  segmented.SegmentedRaftLogWorker (SegmentedRaftLogWorker.java:close(228)) - a6514a8e-6408-4ac6-93dd-a0b43c53a9d5@group-EAB0D3E59377-SegmentedRaftLogWorker close()
2019-09-17 07:45:17,718 [ForkJoinPool.commonPool-worker-0] INFO  segmented.SegmentedRaftLogWorker (SegmentedRaftLogWorker.java:close(228)) - 9cc127b6-6322-4ddd-ad35-07c34665999c@group-7C72F7D496C4-SegmentedRaftLogWorker close()
2019-09-17 07:45:17,728 [ForkJoinPool.commonPool-worker-0] INFO  server.GrpcService (GrpcService.java:closeImpl(164)) - 9cc127b6-6322-4ddd-ad35-07c34665999c: shutdown server with port 43030 now
2019-09-17 07:45:17,728 [main] INFO  server.GrpcService (GrpcService.java:closeImpl(164)) - a6514a8e-6408-4ac6-93dd-a0b43c53a9d5: shutdown server with port 43664 now
2019-09-17 07:45:17,730 [main] INFO  server.GrpcService (GrpcService.java:closeImpl(172)) - a6514a8e-6408-4ac6-93dd-a0b43c53a9d5: shutdown server with port 43664 successfully
2019-09-17 07:45:17,732 [ForkJoinPool.commonPool-worker-0] INFO  server.GrpcService (GrpcService.java:closeImpl(172)) - 9cc127b6-6322-4ddd-ad35-07c34665999c: shutdown server with port 43030 successfully
2019-09-17 07:45:17,733 [grpc-default-executor-8] WARN  server.GrpcLogAppender (LogUtils.java:warn(134)) - 0f7bb9d9-5139-4852-be99-380e1bc1143c@group-7C72F7D496C4->9cc127b6-6322-4ddd-ad35-07c34665999c-AppendLogResponseHandler: Failed appendEntries: org.apache.ratis.thirdparty.io.grpc.StatusRuntimeException: CANCELLED: HTTP/2 error code: CANCEL
Received Rst Stream
2019-09-17 07:45:17,733 [grpc-default-executor-0] WARN  server.GrpcServerProtocolService (LogUtils.java:warn(134)) - 9cc127b6-6322-4ddd-ad35-07c34665999c: installSnapshot onError, lastRequest: 0f7bb9d9-5139-4852-be99-380e1bc1143c->9cc127b6-6322-4ddd-ad35-07c34665999c#174-t2, previous=(t:2, i:20), leaderCommit=16, initializing? false, entries: <empty>: org.apache.ratis.thirdparty.io.grpc.StatusRuntimeException: CANCELLED: cancelled before receiving half close
2019-09-17 07:45:17,734 [grpc-default-executor-8] INFO  impl.FollowerInfo (FollowerInfo.java:lambda$new$0(51)) - 0f7bb9d9-5139-4852-be99-380e1bc1143c@group-7C72F7D496C4->9cc127b6-6322-4ddd-ad35-07c34665999c: nextIndex: updateUnconditionally 21 -> 17
2019-09-17 07:45:17,740 [refreshUsed-/workdir/hadoop-ozone/integration-test/target/test-dir/MiniOzoneClusterImpl-2856df08-3e92-4080-a2c9-ea03709d96bd/datanode-6/data/containers] WARN  fs.CachingGetSpaceUsed (CachingGetSpaceUsed.java:run(183)) - Thread Interrupted waiting to refresh disk information: sleep interrupted
2019-09-17 07:45:17,742 [refreshUsed-/workdir/hadoop-ozone/integration-test/target/test-dir/MiniOzoneClusterImpl-2856df08-3e92-4080-a2c9-ea03709d96bd/datanode-3/data/containers] WARN  fs.CachingGetSpaceUsed (CachingGetSpaceUsed.java:run(183)) - Thread Interrupted waiting to refresh disk information: sleep interrupted
2019-09-17 07:45:17,764 [main] INFO  utils.BackgroundService (BackgroundService.java:shutdown(148)) - Shutting down service BlockDeletingService
2019-09-17 07:45:17,765 [ForkJoinPool.commonPool-worker-0] INFO  utils.BackgroundService (BackgroundService.java:shutdown(148)) - Shutting down service BlockDeletingService
2019-09-17 07:45:17,780 [ForkJoinPool.commonPool-worker-0] INFO  statemachine.DatanodeStateMachine (DatanodeStateMachine.java:stopDaemon(395)) - Ozone container server stopped.
2019-09-17 07:45:17,781 [main] INFO  statemachine.DatanodeStateMachine (DatanodeStateMachine.java:stopDaemon(395)) - Ozone container server stopped.
2019-09-17 07:45:17,790 [ForkJoinPool.commonPool-worker-0] INFO  handler.ContextHandler (ContextHandler.java:doStop(910)) - Stopped o.e.j.w.WebAppContext@6573d2f7{/,null,UNAVAILABLE}{/hddsDatanode}
2019-09-17 07:45:17,790 [main] INFO  handler.ContextHandler (ContextHandler.java:doStop(910)) - Stopped o.e.j.w.WebAppContext@7a485a36{/,null,UNAVAILABLE}{/hddsDatanode}
2019-09-17 07:45:17,965 [java.util.concurrent.ThreadPoolExecutor$Worker@34920f4e[State = -1, empty queue]] WARN  server.GrpcLogAppender (GrpcLogAppender.java:timeoutAppendRequest(200)) - 0f7bb9d9-5139-4852-be99-380e1bc1143c@group-7C72F7D496C4->6a48daa3-10a7-4dcf-835e-de50be54fa2c-GrpcLogAppender: appendEntries Timeout, request=0f7bb9d9-5139-4852-be99-380e1bc1143c->6a48daa3-10a7-4dcf-835e-de50be54fa2c#169-t2, previous=(t:2, i:20), leaderCommit=16, initializing? false, entries: <empty>
2019-09-17 07:45:17,999 [ForkJoinPool.commonPool-worker-0] INFO  server.AbstractConnector (AbstractConnector.java:doStop(318)) - Stopped ServerConnector@4052c8c2{HTTP/1.1,[http/1.1]}{0.0.0.0:0}
2019-09-17 07:45:18,005 [main] INFO  server.AbstractConnector (AbstractConnector.java:doStop(318)) - Stopped ServerConnector@5cf3157b{HTTP/1.1,[http/1.1]}{0.0.0.0:0}
2019-09-17 07:45:18,008 [ForkJoinPool.commonPool-worker-0] INFO  handler.ContextHandler (ContextHandler.java:doStop(910)) - Stopped o.e.j.s.ServletContextHandler@1f6917fb{/static,jar:file:/home/user/.m2/repository/org/apache/hadoop/hadoop-hdds-container-service/0.5.0-SNAPSHOT/hadoop-hdds-container-service-0.5.0-SNAPSHOT.jar!/webapps/static,UNAVAILABLE}
2019-09-17 07:45:18,008 [main] INFO  handler.ContextHandler (ContextHandler.java:doStop(910)) - Stopped o.e.j.s.ServletContextHandler@34780cd9{/static,jar:file:/home/user/.m2/repository/org/apache/hadoop/hadoop-hdds-container-service/0.5.0-SNAPSHOT/hadoop-hdds-container-service-0.5.0-SNAPSHOT.jar!/webapps/static,UNAVAILABLE}
2019-09-17 07:45:18,012 [ForkJoinPool.commonPool-worker-0] INFO  handler.ContextHandler (ContextHandler.java:doStop(910)) - Stopped o.e.j.s.ServletContextHandler@36480b2d{/logs,file:///workdir/hadoop-ozone/integration-test/target/log,UNAVAILABLE}
2019-09-17 07:45:18,012 [main] INFO  handler.ContextHandler (ContextHandler.java:doStop(910)) - Stopped o.e.j.s.ServletContextHandler@72fd8a3c{/logs,file:///workdir/hadoop-ozone/integration-test/target/log,UNAVAILABLE}
2019-09-17 07:45:18,046 [grpc-default-executor-8] WARN  server.GrpcLogAppender (LogUtils.java:warn(134)) - 0f7bb9d9-5139-4852-be99-380e1bc1143c@group-7C72F7D496C4->9cc127b6-6322-4ddd-ad35-07c34665999c-AppendLogResponseHandler: Failed appendEntries: org.apache.ratis.thirdparty.io.grpc.StatusRuntimeException: UNAVAILABLE: io exception
2019-09-17 07:45:18,048 [grpc-default-executor-8] INFO  impl.FollowerInfo (FollowerInfo.java:lambda$new$0(51)) - 0f7bb9d9-5139-4852-be99-380e1bc1143c@group-7C72F7D496C4->9cc127b6-6322-4ddd-ad35-07c34665999c: nextIndex: updateUnconditionally 17 -> 16
2019-09-17 07:45:18,374 [java.util.concurrent.ThreadPoolExecutor$Worker@34920f4e[State = -1, empty queue]] WARN  server.GrpcLogAppender (GrpcLogAppender.java:timeoutAppendRequest(200)) - 0f7bb9d9-5139-4852-be99-380e1bc1143c@group-7C72F7D496C4->6a48daa3-10a7-4dcf-835e-de50be54fa2c-GrpcLogAppender: appendEntries Timeout, request=0f7bb9d9-5139-4852-be99-380e1bc1143c->6a48daa3-10a7-4dcf-835e-de50be54fa2c#170-t2, previous=(t:2, i:20), leaderCommit=16, initializing? false, entries: <empty>
2019-09-17 07:45:18,429 [Datanode State Machine Thread - 0] INFO  statemachine.DatanodeStateMachine (DatanodeStateMachine.java:lambda$startDaemon$0(350)) - Ozone container server started.
2019-09-17 07:45:18,435 [Datanode State Machine Thread - 0] INFO  statemachine.DatanodeStateMachine (DatanodeStateMachine.java:lambda$startDaemon$0(350)) - Ozone container server started.
2019-09-17 07:45:18,521 [grpc-default-executor-6] WARN  server.GrpcLogAppender (LogUtils.java:warn(134)) - 0f7bb9d9-5139-4852-be99-380e1bc1143c@group-7C72F7D496C4->9cc127b6-6322-4ddd-ad35-07c34665999c-AppendLogResponseHandler: Failed appendEntries: org.apache.ratis.thirdparty.io.grpc.StatusRuntimeException: UNAVAILABLE: io exception
2019-09-17 07:45:18,523 [grpc-default-executor-6] INFO  impl.FollowerInfo (FollowerInfo.java:lambda$new$0(51)) - 0f7bb9d9-5139-4852-be99-380e1bc1143c@group-7C72F7D496C4->9cc127b6-6322-4ddd-ad35-07c34665999c: nextIndex: updateUnconditionally 16 -> 15
2019-09-17 07:45:18,874 [java.util.concurrent.ThreadPoolExecutor$Worker@34920f4e[State = -1, empty queue]] WARN  server.GrpcLogAppender (GrpcLogAppender.java:timeoutAppendRequest(200)) - 0f7bb9d9-5139-4852-be99-380e1bc1143c@group-7C72F7D496C4->6a48daa3-10a7-4dcf-835e-de50be54fa2c-GrpcLogAppender: appendEntries Timeout, request=0f7bb9d9-5139-4852-be99-380e1bc1143c->6a48daa3-10a7-4dcf-835e-de50be54fa2c#171-t2, previous=(t:2, i:20), leaderCommit=16, initializing? false, entries: <empty>
2019-09-17 07:45:19,022 [grpc-default-executor-0] WARN  server.GrpcLogAppender (LogUtils.java:warn(134)) - 0f7bb9d9-5139-4852-be99-380e1bc1143c@group-7C72F7D496C4->9cc127b6-6322-4ddd-ad35-07c34665999c-AppendLogResponseHandler: Failed appendEntries: org.apache.ratis.thirdparty.io.grpc.StatusRuntimeException: UNAVAILABLE: io exception
2019-09-17 07:45:19,025 [grpc-default-executor-0] INFO  impl.FollowerInfo (FollowerInfo.java:lambda$new$0(51)) - 0f7bb9d9-5139-4852-be99-380e1bc1143c@group-7C72F7D496C4->9cc127b6-6322-4ddd-ad35-07c34665999c: nextIndex: updateUnconditionally 15 -> 14
2019-09-17 07:45:19,287 [96d93dec-e435-44d3-a97f-c1954b993e4b@group-EAB0D3E59377-SegmentedRaftLogWorker] WARN  segmented.SegmentedRaftLogWorker (SegmentedRaftLogWorker.java:getFromFuture(90)) - Timeout 2/~
org.apache.ratis.protocol.TimeoutIOException: Timeout 10s: WriteLog:32: (t:2, i:32), STATEMACHINELOGENTRY, client-8A13B18BF2D1, cid=66-writeStateMachineData
	at org.apache.ratis.util.IOUtils.getFromFuture(IOUtils.java:87)
	at org.apache.ratis.server.raftlog.segmented.SegmentedRaftLogWorker$StateMachineDataPolicy.getFromFuture(SegmentedRaftLogWorker.java:87)
	at org.apache.ratis.server.raftlog.segmented.SegmentedRaftLogWorker$WriteLog.execute(SegmentedRaftLogWorker.java:477)
	at org.apache.ratis.server.raftlog.segmented.SegmentedRaftLogWorker.run(SegmentedRaftLogWorker.java:289)
	at java.lang.Thread.run(Thread.java:748)
Caused by: java.util.concurrent.TimeoutException
	at java.util.concurrent.CompletableFuture.timedGet(CompletableFuture.java:1771)
	at java.util.concurrent.CompletableFuture.get(CompletableFuture.java:1915)
	at org.apache.ratis.util.IOUtils.getFromFuture(IOUtils.java:79)
	... 4 more
2019-09-17 07:45:19,375 [java.util.concurrent.ThreadPoolExecutor$Worker@34920f4e[State = -1, empty queue]] WARN  server.GrpcLogAppender (GrpcLogAppender.java:timeoutAppendRequest(200)) - 0f7bb9d9-5139-4852-be99-380e1bc1143c@group-7C72F7D496C4->6a48daa3-10a7-4dcf-835e-de50be54fa2c-GrpcLogAppender: appendEntries Timeout, request=0f7bb9d9-5139-4852-be99-380e1bc1143c->6a48daa3-10a7-4dcf-835e-de50be54fa2c#172-t2, previous=(t:2, i:20), leaderCommit=16, initializing? false, entries: <empty>
2019-09-17 07:45:19,523 [grpc-default-executor-8] WARN  server.GrpcLogAppender (LogUtils.java:warn(134)) - 0f7bb9d9-5139-4852-be99-380e1bc1143c@group-7C72F7D496C4->9cc127b6-6322-4ddd-ad35-07c34665999c-AppendLogResponseHandler: Failed appendEntries: org.apache.ratis.thirdparty.io.grpc.StatusRuntimeException: UNAVAILABLE: io exception
2019-09-17 07:45:19,526 [grpc-default-executor-8] INFO  impl.FollowerInfo (FollowerInfo.java:lambda$new$0(51)) - 0f7bb9d9-5139-4852-be99-380e1bc1143c@group-7C72F7D496C4->9cc127b6-6322-4ddd-ad35-07c34665999c: nextIndex: updateUnconditionally 14 -> 13
2019-09-17 07:45:19,876 [java.util.concurrent.ThreadPoolExecutor$Worker@34920f4e[State = -1, empty queue]] WARN  server.GrpcLogAppender (GrpcLogAppender.java:timeoutAppendRequest(200)) - 0f7bb9d9-5139-4852-be99-380e1bc1143c@group-7C72F7D496C4->6a48daa3-10a7-4dcf-835e-de50be54fa2c-GrpcLogAppender: appendEntries Timeout, request=0f7bb9d9-5139-4852-be99-380e1bc1143c->6a48daa3-10a7-4dcf-835e-de50be54fa2c#173-t2, previous=(t:2, i:20), leaderCommit=16, initializing? false, entries: <empty>
2019-09-17 07:45:20,024 [grpc-default-executor-6] WARN  server.GrpcLogAppender (LogUtils.java:warn(134)) - 0f7bb9d9-5139-4852-be99-380e1bc1143c@group-7C72F7D496C4->9cc127b6-6322-4ddd-ad35-07c34665999c-AppendLogResponseHandler: Failed appendEntries: org.apache.ratis.thirdparty.io.grpc.StatusRuntimeException: UNAVAILABLE: io exception
2019-09-17 07:45:20,029 [grpc-default-executor-6] INFO  impl.FollowerInfo (FollowerInfo.java:lambda$new$0(51)) - 0f7bb9d9-5139-4852-be99-380e1bc1143c@group-7C72F7D496C4->9cc127b6-6322-4ddd-ad35-07c34665999c: nextIndex: updateUnconditionally 13 -> 12
2019-09-17 07:45:20,377 [java.util.concurrent.ThreadPoolExecutor$Worker@34920f4e[State = -1, empty queue]] WARN  server.GrpcLogAppender (GrpcLogAppender.java:timeoutAppendRequest(200)) - 0f7bb9d9-5139-4852-be99-380e1bc1143c@group-7C72F7D496C4->6a48daa3-10a7-4dcf-835e-de50be54fa2c-GrpcLogAppender: appendEntries Timeout, request=0f7bb9d9-5139-4852-be99-380e1bc1143c->6a48daa3-10a7-4dcf-835e-de50be54fa2c#174-t2, previous=(t:2, i:20), leaderCommit=16, initializing? false, entries: <empty>
2019-09-17 07:45:20,527 [grpc-default-executor-0] WARN  server.GrpcLogAppender (LogUtils.java:warn(134)) - 0f7bb9d9-5139-4852-be99-380e1bc1143c@group-7C72F7D496C4->9cc127b6-6322-4ddd-ad35-07c34665999c-AppendLogResponseHandler: Failed appendEntries: org.apache.ratis.thirdparty.io.grpc.StatusRuntimeException: UNAVAILABLE: io exception
2019-09-17 07:45:20,530 [grpc-default-executor-0] INFO  impl.FollowerInfo (FollowerInfo.java:lambda$new$0(51)) - 0f7bb9d9-5139-4852-be99-380e1bc1143c@group-7C72F7D496C4->9cc127b6-6322-4ddd-ad35-07c34665999c: nextIndex: updateUnconditionally 12 -> 11
2019-09-17 07:45:20,983 [java.util.concurrent.ThreadPoolExecutor$Worker@34920f4e[State = -1, empty queue]] WARN  server.GrpcLogAppender (GrpcLogAppender.java:timeoutAppendRequest(200)) - 0f7bb9d9-5139-4852-be99-380e1bc1143c@group-7C72F7D496C4->6a48daa3-10a7-4dcf-835e-de50be54fa2c-GrpcLogAppender: appendEntries Timeout, request=0f7bb9d9-5139-4852-be99-380e1bc1143c->6a48daa3-10a7-4dcf-835e-de50be54fa2c#175-t2, previous=(t:2, i:20), leaderCommit=16, initializing? false, entries: <empty>
2019-09-17 07:45:21,026 [grpc-default-executor-8] WARN  server.GrpcLogAppender (LogUtils.java:warn(134)) - 0f7bb9d9-5139-4852-be99-380e1bc1143c@group-7C72F7D496C4->9cc127b6-6322-4ddd-ad35-07c34665999c-AppendLogResponseHandler: Failed appendEntries: org.apache.ratis.thirdparty.io.grpc.StatusRuntimeException: UNAVAILABLE: io exception
2019-09-17 07:45:21,029 [grpc-default-executor-8] INFO  impl.FollowerInfo (FollowerInfo.java:lambda$new$0(51)) - 0f7bb9d9-5139-4852-be99-380e1bc1143c@group-7C72F7D496C4->9cc127b6-6322-4ddd-ad35-07c34665999c: nextIndex: updateUnconditionally 11 -> 10
2019-09-17 07:45:21,483 [java.util.concurrent.ThreadPoolExecutor$Worker@34920f4e[State = -1, empty queue]] WARN  server.GrpcLogAppender (GrpcLogAppender.java:timeoutAppendRequest(200)) - 0f7bb9d9-5139-4852-be99-380e1bc1143c@group-7C72F7D496C4->6a48daa3-10a7-4dcf-835e-de50be54fa2c-GrpcLogAppender: appendEntries Timeout, request=0f7bb9d9-5139-4852-be99-380e1bc1143c->6a48daa3-10a7-4dcf-835e-de50be54fa2c#176-t2, previous=(t:2, i:20), leaderCommit=16, initializing? false, entries: <empty>
2019-09-17 07:45:21,530 [grpc-default-executor-8] WARN  server.GrpcLogAppender (LogUtils.java:warn(134)) - 0f7bb9d9-5139-4852-be99-380e1bc1143c@group-7C72F7D496C4->9cc127b6-6322-4ddd-ad35-07c34665999c-AppendLogResponseHandler: Failed appendEntries: org.apache.ratis.thirdparty.io.grpc.StatusRuntimeException: UNAVAILABLE: io exception
2019-09-17 07:45:21,537 [grpc-default-executor-8] INFO  impl.FollowerInfo (FollowerInfo.java:lambda$new$0(51)) - 0f7bb9d9-5139-4852-be99-380e1bc1143c@group-7C72F7D496C4->9cc127b6-6322-4ddd-ad35-07c34665999c: nextIndex: updateUnconditionally 10 -> 9
2019-09-17 07:45:21,984 [java.util.concurrent.ThreadPoolExecutor$Worker@34920f4e[State = -1, empty queue]] WARN  server.GrpcLogAppender (GrpcLogAppender.java:timeoutAppendRequest(200)) - 0f7bb9d9-5139-4852-be99-380e1bc1143c@group-7C72F7D496C4->6a48daa3-10a7-4dcf-835e-de50be54fa2c-GrpcLogAppender: appendEntries Timeout, request=0f7bb9d9-5139-4852-be99-380e1bc1143c->6a48daa3-10a7-4dcf-835e-de50be54fa2c#177-t2, previous=(t:2, i:20), leaderCommit=16, initializing? false, entries: <empty>
2019-09-17 07:45:22,033 [grpc-default-executor-6] WARN  server.GrpcLogAppender (LogUtils.java:warn(134)) - 0f7bb9d9-5139-4852-be99-380e1bc1143c@group-7C72F7D496C4->9cc127b6-6322-4ddd-ad35-07c34665999c-AppendLogResponseHandler: Failed appendEntries: org.apache.ratis.thirdparty.io.grpc.StatusRuntimeException: UNAVAILABLE: io exception
2019-09-17 07:45:22,038 [grpc-default-executor-6] INFO  impl.FollowerInfo (FollowerInfo.java:lambda$new$0(51)) - 0f7bb9d9-5139-4852-be99-380e1bc1143c@group-7C72F7D496C4->9cc127b6-6322-4ddd-ad35-07c34665999c: nextIndex: updateUnconditionally 9 -> 8
2019-09-17 07:45:22,484 [java.util.concurrent.ThreadPoolExecutor$Worker@34920f4e[State = -1, empty queue]] WARN  server.GrpcLogAppender (GrpcLogAppender.java:timeoutAppendRequest(200)) - 0f7bb9d9-5139-4852-be99-380e1bc1143c@group-7C72F7D496C4->6a48daa3-10a7-4dcf-835e-de50be54fa2c-GrpcLogAppender: appendEntries Timeout, request=0f7bb9d9-5139-4852-be99-380e1bc1143c->6a48daa3-10a7-4dcf-835e-de50be54fa2c#178-t2, previous=(t:2, i:20), leaderCommit=16, initializing? false, entries: <empty>
2019-09-17 07:45:22,532 [grpc-default-executor-0] WARN  server.GrpcLogAppender (LogUtils.java:warn(134)) - 0f7bb9d9-5139-4852-be99-380e1bc1143c@group-7C72F7D496C4->9cc127b6-6322-4ddd-ad35-07c34665999c-AppendLogResponseHandler: Failed appendEntries: org.apache.ratis.thirdparty.io.grpc.StatusRuntimeException: UNAVAILABLE: io exception
2019-09-17 07:45:22,535 [grpc-default-executor-0] INFO  impl.FollowerInfo (FollowerInfo.java:lambda$new$0(51)) - 0f7bb9d9-5139-4852-be99-380e1bc1143c@group-7C72F7D496C4->9cc127b6-6322-4ddd-ad35-07c34665999c: nextIndex: updateUnconditionally 8 -> 7
2019-09-17 07:45:22,984 [java.util.concurrent.ThreadPoolExecutor$Worker@34920f4e[State = -1, empty queue]] WARN  server.GrpcLogAppender (GrpcLogAppender.java:timeoutAppendRequest(200)) - 0f7bb9d9-5139-4852-be99-380e1bc1143c@group-7C72F7D496C4->6a48daa3-10a7-4dcf-835e-de50be54fa2c-GrpcLogAppender: appendEntries Timeout, request=0f7bb9d9-5139-4852-be99-380e1bc1143c->6a48daa3-10a7-4dcf-835e-de50be54fa2c#179-t2, previous=(t:2, i:20), leaderCommit=16, initializing? false, entries: <empty>
2019-09-17 07:45:23,017 [main] INFO  ozoneimpl.OzoneContainer (OzoneContainer.java:stop(231)) - Attempting to stop container services.
2019-09-17 07:45:23,017 [ForkJoinPool.commonPool-worker-0] INFO  ozoneimpl.OzoneContainer (OzoneContainer.java:stop(231)) - Attempting to stop container services.
2019-09-17 07:45:23,018 [main] INFO  impl.RaftServerProxy (RaftServerProxy.java:lambda$close$4(314)) - 6a48daa3-10a7-4dcf-835e-de50be54fa2c: close
2019-09-17 07:45:23,019 [ForkJoinPool.commonPool-worker-0] INFO  impl.RaftServerProxy (RaftServerProxy.java:lambda$close$4(314)) - 96d93dec-e435-44d3-a97f-c1954b993e4b: close
2019-09-17 07:45:23,019 [main] INFO  impl.RaftServerImpl (RaftServerImpl.java:lambda$shutdown$3(251)) - 6a48daa3-10a7-4dcf-835e-de50be54fa2c@group-CC71AAF6458D: shutdown
2019-09-17 07:45:23,019 [ForkJoinPool.commonPool-worker-0] INFO  impl.RaftServerImpl (RaftServerImpl.java:lambda$shutdown$3(251)) - 96d93dec-e435-44d3-a97f-c1954b993e4b@group-CD965A7A1117: shutdown
2019-09-17 07:45:23,020 [main] INFO  util.JmxRegister (JmxRegister.java:unregister(73)) - Successfully un-registered JMX Bean with object name Ratis:service=RaftServer,group=group-CC71AAF6458D,id=6a48daa3-10a7-4dcf-835e-de50be54fa2c
2019-09-17 07:45:23,020 [ForkJoinPool.commonPool-worker-0] INFO  util.JmxRegister (JmxRegister.java:unregister(73)) - Successfully un-registered JMX Bean with object name Ratis:service=RaftServer,group=group-CD965A7A1117,id=96d93dec-e435-44d3-a97f-c1954b993e4b
2019-09-17 07:45:23,020 [main] INFO  impl.RoleInfo (RoleInfo.java:shutdownLeaderState(104)) - 6a48daa3-10a7-4dcf-835e-de50be54fa2c: shutdown LeaderState
2019-09-17 07:45:23,021 [ForkJoinPool.commonPool-worker-0] INFO  impl.RoleInfo (RoleInfo.java:shutdownLeaderState(104)) - 96d93dec-e435-44d3-a97f-c1954b993e4b: shutdown LeaderState
2019-09-17 07:45:23,021 [main] INFO  impl.PendingRequests (PendingRequests.java:sendNotLeaderResponses(202)) - 6a48daa3-10a7-4dcf-835e-de50be54fa2c-PendingRequests: sendNotLeaderResponses
2019-09-17 07:45:23,021 [ForkJoinPool.commonPool-worker-0] INFO  impl.PendingRequests (PendingRequests.java:sendNotLeaderResponses(202)) - 96d93dec-e435-44d3-a97f-c1954b993e4b-PendingRequests: sendNotLeaderResponses
2019-09-17 07:45:23,022 [main] INFO  impl.StateMachineUpdater (StateMachineUpdater.java:stopAndJoin(125)) - 6a48daa3-10a7-4dcf-835e-de50be54fa2c@group-CC71AAF6458D-StateMachineUpdater: set stopIndex = 0
2019-09-17 07:45:23,022 [ForkJoinPool.commonPool-worker-0] INFO  impl.StateMachineUpdater (StateMachineUpdater.java:stopAndJoin(125)) - 96d93dec-e435-44d3-a97f-c1954b993e4b@group-CD965A7A1117-StateMachineUpdater: set stopIndex = 0
2019-09-17 07:45:23,023 [main] INFO  impl.RaftServerImpl (ServerState.java:close(385)) - 6a48daa3-10a7-4dcf-835e-de50be54fa2c@group-CC71AAF6458D: closes. applyIndex: 0
2019-09-17 07:45:23,024 [6a48daa3-10a7-4dcf-835e-de50be54fa2c@group-CC71AAF6458D-SegmentedRaftLogWorker] INFO  segmented.SegmentedRaftLogWorker (SegmentedRaftLogWorker.java:run(313)) - 6a48daa3-10a7-4dcf-835e-de50be54fa2c@group-CC71AAF6458D-SegmentedRaftLogWorker was interrupted, exiting. There are 0 tasks remaining in the queue.
2019-09-17 07:45:23,024 [ForkJoinPool.commonPool-worker-0] INFO  impl.RaftServerImpl (ServerState.java:close(385)) - 96d93dec-e435-44d3-a97f-c1954b993e4b@group-CD965A7A1117: closes. applyIndex: 0
2019-09-17 07:45:23,024 [main] INFO  segmented.SegmentedRaftLogWorker (SegmentedRaftLogWorker.java:close(228)) - 6a48daa3-10a7-4dcf-835e-de50be54fa2c@group-CC71AAF6458D-SegmentedRaftLogWorker close()
2019-09-17 07:45:23,025 [96d93dec-e435-44d3-a97f-c1954b993e4b@group-CD965A7A1117-SegmentedRaftLogWorker] INFO  segmented.SegmentedRaftLogWorker (SegmentedRaftLogWorker.java:run(313)) - 96d93dec-e435-44d3-a97f-c1954b993e4b@group-CD965A7A1117-SegmentedRaftLogWorker was interrupted, exiting. There are 0 tasks remaining in the queue.
2019-09-17 07:45:23,027 [main] INFO  impl.RaftServerImpl (RaftServerImpl.java:lambda$shutdown$3(251)) - 6a48daa3-10a7-4dcf-835e-de50be54fa2c@group-7C72F7D496C4: shutdown
2019-09-17 07:45:23,028 [main] INFO  util.JmxRegister (JmxRegister.java:unregister(73)) - Successfully un-registered JMX Bean with object name Ratis:service=RaftServer,group=group-7C72F7D496C4,id=6a48daa3-10a7-4dcf-835e-de50be54fa2c
2019-09-17 07:45:23,028 [main] INFO  impl.RoleInfo (RoleInfo.java:shutdownFollowerState(121)) - 6a48daa3-10a7-4dcf-835e-de50be54fa2c: shutdown FollowerState
2019-09-17 07:45:23,028 [main] INFO  impl.StateMachineUpdater (StateMachineUpdater.java:stopAndJoin(125)) - 6a48daa3-10a7-4dcf-835e-de50be54fa2c@group-7C72F7D496C4-StateMachineUpdater: set stopIndex = 16
2019-09-17 07:45:23,029 [Thread-424] INFO  impl.FollowerState (FollowerState.java:run(115)) - 6a48daa3-10a7-4dcf-835e-de50be54fa2c: FollowerState was interrupted: java.lang.InterruptedException: sleep interrupted
2019-09-17 07:45:23,029 [6a48daa3-10a7-4dcf-835e-de50be54fa2c@group-7C72F7D496C4-StateMachineUpdater] INFO  ratis.ContainerStateMachine (ContainerStateMachine.java:takeSnapshot(289)) - group-7C72F7D496C4: Taking a snapshot at:(t:2, i:12) file /workdir/hadoop-ozone/integration-test/target/test-dir/MiniOzoneClusterImpl-2856df08-3e92-4080-a2c9-ea03709d96bd/datanode-8/data/ratis/0dd04a28-7048-4f82-b477-7c72f7d496c4/sm/snapshot.2_12
2019-09-17 07:45:23,033 [grpc-default-executor-8] WARN  server.GrpcLogAppender (LogUtils.java:warn(134)) - 0f7bb9d9-5139-4852-be99-380e1bc1143c@group-7C72F7D496C4->9cc127b6-6322-4ddd-ad35-07c34665999c-AppendLogResponseHandler: Failed appendEntries: org.apache.ratis.thirdparty.io.grpc.StatusRuntimeException: UNAVAILABLE: io exception
2019-09-17 07:45:23,035 [grpc-default-executor-8] INFO  impl.FollowerInfo (FollowerInfo.java:lambda$new$0(51)) - 0f7bb9d9-5139-4852-be99-380e1bc1143c@group-7C72F7D496C4->9cc127b6-6322-4ddd-ad35-07c34665999c: nextIndex: updateUnconditionally 7 -> 6
2019-09-17 07:45:23,036 [ForkJoinPool.commonPool-worker-0] INFO  segmented.SegmentedRaftLogWorker (SegmentedRaftLogWorker.java:close(228)) - 96d93dec-e435-44d3-a97f-c1954b993e4b@group-CD965A7A1117-SegmentedRaftLogWorker close()
2019-09-17 07:45:23,038 [ForkJoinPool.commonPool-worker-0] INFO  impl.RaftServerImpl (RaftServerImpl.java:lambda$shutdown$3(251)) - 96d93dec-e435-44d3-a97f-c1954b993e4b@group-EAB0D3E59377: shutdown
2019-09-17 07:45:23,038 [ForkJoinPool.commonPool-worker-0] INFO  util.JmxRegister (JmxRegister.java:unregister(73)) - Successfully un-registered JMX Bean with object name Ratis:service=RaftServer,group=group-EAB0D3E59377,id=96d93dec-e435-44d3-a97f-c1954b993e4b
2019-09-17 07:45:23,039 [ForkJoinPool.commonPool-worker-0] INFO  impl.RoleInfo (RoleInfo.java:shutdownFollowerState(121)) - 96d93dec-e435-44d3-a97f-c1954b993e4b: shutdown FollowerState
2019-09-17 07:45:23,039 [ForkJoinPool.commonPool-worker-0] INFO  impl.StateMachineUpdater (StateMachineUpdater.java:stopAndJoin(125)) - 96d93dec-e435-44d3-a97f-c1954b993e4b@group-EAB0D3E59377-StateMachineUpdater: set stopIndex = 31
2019-09-17 07:45:23,039 [96d93dec-e435-44d3-a97f-c1954b993e4b@group-EAB0D3E59377-StateMachineUpdater] INFO  ratis.ContainerStateMachine (ContainerStateMachine.java:takeSnapshot(289)) - group-EAB0D3E59377: Taking a snapshot at:(t:2, i:29) file /workdir/hadoop-ozone/integration-test/target/test-dir/MiniOzoneClusterImpl-2856df08-3e92-4080-a2c9-ea03709d96bd/datanode-4/data/ratis/732dae7b-d889-40b8-a54e-eab0d3e59377/sm/snapshot.2_29
2019-09-17 07:45:23,039 [Thread-409] INFO  impl.FollowerState (FollowerState.java:run(115)) - 96d93dec-e435-44d3-a97f-c1954b993e4b: FollowerState was interrupted: java.lang.InterruptedException: sleep interrupted
2019-09-17 07:45:23,049 [6a48daa3-10a7-4dcf-835e-de50be54fa2c@group-7C72F7D496C4-StateMachineUpdater] INFO  ratis.ContainerStateMachine (ContainerStateMachine.java:takeSnapshot(300)) - group-7C72F7D496C4: Finished taking a snapshot at:(t:2, i:12) file:/workdir/hadoop-ozone/integration-test/target/test-dir/MiniOzoneClusterImpl-2856df08-3e92-4080-a2c9-ea03709d96bd/datanode-8/data/ratis/0dd04a28-7048-4f82-b477-7c72f7d496c4/sm/snapshot.2_12 time:21
2019-09-17 07:45:23,050 [6a48daa3-10a7-4dcf-835e-de50be54fa2c@group-7C72F7D496C4-StateMachineUpdater] INFO  impl.StateMachineUpdater (StateMachineUpdater.java:takeSnapshot(258)) - 6a48daa3-10a7-4dcf-835e-de50be54fa2c@group-7C72F7D496C4-StateMachineUpdater: Took a snapshot at index 12
2019-09-17 07:45:23,050 [6a48daa3-10a7-4dcf-835e-de50be54fa2c@group-7C72F7D496C4-StateMachineUpdater] INFO  impl.StateMachineUpdater (StateMachineUpdater.java:lambda$new$0(83)) - 6a48daa3-10a7-4dcf-835e-de50be54fa2c@group-7C72F7D496C4-StateMachineUpdater: snapshotIndex: updateIncreasingly -1 -> 12
2019-09-17 07:45:23,050 [6a48daa3-10a7-4dcf-835e-de50be54fa2c@group-7C72F7D496C4-StateMachineUpdater] INFO  ratis.ContainerStateMachine (ContainerStateMachine.java:takeSnapshot(289)) - group-7C72F7D496C4: Taking a snapshot at:(t:2, i:12) file /workdir/hadoop-ozone/integration-test/target/test-dir/MiniOzoneClusterImpl-2856df08-3e92-4080-a2c9-ea03709d96bd/datanode-8/data/ratis/0dd04a28-7048-4f82-b477-7c72f7d496c4/sm/snapshot.2_12
2019-09-17 07:45:23,051 [96d93dec-e435-44d3-a97f-c1954b993e4b@group-EAB0D3E59377-StateMachineUpdater] INFO  ratis.ContainerStateMachine (ContainerStateMachine.java:takeSnapshot(300)) - group-EAB0D3E59377: Finished taking a snapshot at:(t:2, i:29) file:/workdir/hadoop-ozone/integration-test/target/test-dir/MiniOzoneClusterImpl-2856df08-3e92-4080-a2c9-ea03709d96bd/datanode-4/data/ratis/732dae7b-d889-40b8-a54e-eab0d3e59377/sm/snapshot.2_29 time:11
2019-09-17 07:45:23,051 [96d93dec-e435-44d3-a97f-c1954b993e4b@group-EAB0D3E59377-StateMachineUpdater] INFO  impl.StateMachineUpdater (StateMachineUpdater.java:takeSnapshot(258)) - 96d93dec-e435-44d3-a97f-c1954b993e4b@group-EAB0D3E59377-StateMachineUpdater: Took a snapshot at index 29
2019-09-17 07:45:23,052 [96d93dec-e435-44d3-a97f-c1954b993e4b@group-EAB0D3E59377-StateMachineUpdater] INFO  impl.StateMachineUpdater (StateMachineUpdater.java:lambda$new$0(83)) - 96d93dec-e435-44d3-a97f-c1954b993e4b@group-EAB0D3E59377-StateMachineUpdater: snapshotIndex: updateIncreasingly -1 -> 29
2019-09-17 07:45:23,052 [96d93dec-e435-44d3-a97f-c1954b993e4b@group-EAB0D3E59377-StateMachineUpdater] INFO  ratis.ContainerStateMachine (ContainerStateMachine.java:takeSnapshot(289)) - group-EAB0D3E59377: Taking a snapshot at:(t:2, i:29) file /workdir/hadoop-ozone/integration-test/target/test-dir/MiniOzoneClusterImpl-2856df08-3e92-4080-a2c9-ea03709d96bd/datanode-4/data/ratis/732dae7b-d889-40b8-a54e-eab0d3e59377/sm/snapshot.2_29
2019-09-17 07:45:23,053 [6a48daa3-10a7-4dcf-835e-de50be54fa2c@group-7C72F7D496C4-StateMachineUpdater] INFO  ratis.ContainerStateMachine (ContainerStateMachine.java:takeSnapshot(300)) - group-7C72F7D496C4: Finished taking a snapshot at:(t:2, i:12) file:/workdir/hadoop-ozone/integration-test/target/test-dir/MiniOzoneClusterImpl-2856df08-3e92-4080-a2c9-ea03709d96bd/datanode-8/data/ratis/0dd04a28-7048-4f82-b477-7c72f7d496c4/sm/snapshot.2_12 time:2
2019-09-17 07:45:23,053 [6a48daa3-10a7-4dcf-835e-de50be54fa2c@group-7C72F7D496C4-StateMachineUpdater] INFO  impl.StateMachineUpdater (StateMachineUpdater.java:takeSnapshot(258)) - 6a48daa3-10a7-4dcf-835e-de50be54fa2c@group-7C72F7D496C4-StateMachineUpdater: Took a snapshot at index 12
2019-09-17 07:45:23,053 [6a48daa3-10a7-4dcf-835e-de50be54fa2c@group-7C72F7D496C4-StateMachineUpdater] INFO  impl.StateMachineUpdater (StateMachineUpdater.java:lambda$new$0(83)) - 6a48daa3-10a7-4dcf-835e-de50be54fa2c@group-7C72F7D496C4-StateMachineUpdater: snapshotIndex: updateIncreasingly 12 -> 12
2019-09-17 07:45:23,054 [main] INFO  impl.RaftServerImpl (ServerState.java:close(385)) - 6a48daa3-10a7-4dcf-835e-de50be54fa2c@group-7C72F7D496C4: closes. applyIndex: 16
2019-09-17 07:45:23,056 [6a48daa3-10a7-4dcf-835e-de50be54fa2c@group-7C72F7D496C4-SegmentedRaftLogWorker] ERROR ratis.XceiverServerRatis (XceiverServerRatis.java:triggerPipelineClose(575)) - pipeline Action CLOSE  on pipeline PipelineID=0dd04a28-7048-4f82-b477-7c72f7d496c4.Reason : WriteLog:17: (t:2, i:17), STATEMACHINELOGENTRY, client-E0A2BD2BFF31, cid=53-writeStateMachineData interrupted.
2019-09-17 07:45:23,065 [main] INFO  segmented.SegmentedRaftLogWorker (SegmentedRaftLogWorker.java:close(228)) - 6a48daa3-10a7-4dcf-835e-de50be54fa2c@group-7C72F7D496C4-SegmentedRaftLogWorker close()
2019-09-17 07:45:23,066 [96d93dec-e435-44d3-a97f-c1954b993e4b@group-EAB0D3E59377-StateMachineUpdater] INFO  ratis.ContainerStateMachine (ContainerStateMachine.java:takeSnapshot(300)) - group-EAB0D3E59377: Finished taking a snapshot at:(t:2, i:29) file:/workdir/hadoop-ozone/integration-test/target/test-dir/MiniOzoneClusterImpl-2856df08-3e92-4080-a2c9-ea03709d96bd/datanode-4/data/ratis/732dae7b-d889-40b8-a54e-eab0d3e59377/sm/snapshot.2_29 time:14
2019-09-17 07:45:23,067 [main] INFO  server.GrpcService (GrpcService.java:closeImpl(164)) - 6a48daa3-10a7-4dcf-835e-de50be54fa2c: shutdown server with port 37061 now
2019-09-17 07:45:23,068 [96d93dec-e435-44d3-a97f-c1954b993e4b@group-EAB0D3E59377-StateMachineUpdater] INFO  impl.StateMachineUpdater (StateMachineUpdater.java:takeSnapshot(258)) - 96d93dec-e435-44d3-a97f-c1954b993e4b@group-EAB0D3E59377-StateMachineUpdater: Took a snapshot at index 29
2019-09-17 07:45:23,068 [96d93dec-e435-44d3-a97f-c1954b993e4b@group-EAB0D3E59377-StateMachineUpdater] INFO  impl.StateMachineUpdater (StateMachineUpdater.java:lambda$new$0(83)) - 96d93dec-e435-44d3-a97f-c1954b993e4b@group-EAB0D3E59377-StateMachineUpdater: snapshotIndex: updateIncreasingly 29 -> 29
2019-09-17 07:45:23,068 [ForkJoinPool.commonPool-worker-0] INFO  impl.RaftServerImpl (ServerState.java:close(385)) - 96d93dec-e435-44d3-a97f-c1954b993e4b@group-EAB0D3E59377: closes. applyIndex: 31
2019-09-17 07:45:23,069 [grpc-default-executor-0] WARN  server.GrpcServerProtocolService (LogUtils.java:warn(134)) - 6a48daa3-10a7-4dcf-835e-de50be54fa2c: installSnapshot onError, lastRequest: 0f7bb9d9-5139-4852-be99-380e1bc1143c->6a48daa3-10a7-4dcf-835e-de50be54fa2c#185-t2, previous=(t:2, i:20), leaderCommit=16, initializing? false, entries: <empty>: org.apache.ratis.thirdparty.io.grpc.StatusRuntimeException: CANCELLED: cancelled before receiving half close
2019-09-17 07:45:23,069 [main] INFO  server.GrpcService (GrpcService.java:closeImpl(172)) - 6a48daa3-10a7-4dcf-835e-de50be54fa2c: shutdown server with port 37061 successfully
2019-09-17 07:45:23,071 [grpc-default-executor-6] WARN  server.GrpcLogAppender (LogUtils.java:warn(134)) - 0f7bb9d9-5139-4852-be99-380e1bc1143c@group-7C72F7D496C4->6a48daa3-10a7-4dcf-835e-de50be54fa2c-AppendLogResponseHandler: Failed appendEntries: org.apache.ratis.thirdparty.io.grpc.StatusRuntimeException: CANCELLED: HTTP/2 error code: CANCEL
Received Rst Stream
2019-09-17 07:45:23,071 [96d93dec-e435-44d3-a97f-c1954b993e4b@group-EAB0D3E59377-SegmentedRaftLogWorker] ERROR ratis.XceiverServerRatis (XceiverServerRatis.java:triggerPipelineClose(575)) - pipeline Action CLOSE  on pipeline PipelineID=732dae7b-d889-40b8-a54e-eab0d3e59377.Reason : WriteLog:32: (t:2, i:32), STATEMACHINELOGENTRY, client-8A13B18BF2D1, cid=66-writeStateMachineData interrupted.
2019-09-17 07:45:23,072 [grpc-default-executor-6] INFO  impl.FollowerInfo (FollowerInfo.java:lambda$new$0(51)) - 0f7bb9d9-5139-4852-be99-380e1bc1143c@group-7C72F7D496C4->6a48daa3-10a7-4dcf-835e-de50be54fa2c: nextIndex: updateUnconditionally 21 -> 17
2019-09-17 07:45:23,072 [ForkJoinPool.commonPool-worker-0] INFO  segmented.SegmentedRaftLogWorker (SegmentedRaftLogWorker.java:close(228)) - 96d93dec-e435-44d3-a97f-c1954b993e4b@group-EAB0D3E59377-SegmentedRaftLogWorker close()
2019-09-17 07:45:23,075 [ForkJoinPool.commonPool-worker-0] INFO  server.GrpcService (GrpcService.java:closeImpl(164)) - 96d93dec-e435-44d3-a97f-c1954b993e4b: shutdown server with port 39352 now
2019-09-17 07:45:23,075 [ForkJoinPool.commonPool-worker-0] INFO  server.GrpcService (GrpcService.java:closeImpl(172)) - 96d93dec-e435-44d3-a97f-c1954b993e4b: shutdown server with port 39352 successfully
2019-09-17 07:45:23,075 [refreshUsed-/workdir/hadoop-ozone/integration-test/target/test-dir/MiniOzoneClusterImpl-2856df08-3e92-4080-a2c9-ea03709d96bd/datanode-8/data/containers] WARN  fs.CachingGetSpaceUsed (CachingGetSpaceUsed.java:run(183)) - Thread Interrupted waiting to refresh disk information: sleep interrupted
2019-09-17 07:45:23,077 [refreshUsed-/workdir/hadoop-ozone/integration-test/target/test-dir/MiniOzoneClusterImpl-2856df08-3e92-4080-a2c9-ea03709d96bd/datanode-4/data/containers] WARN  fs.CachingGetSpaceUsed (CachingGetSpaceUsed.java:run(183)) - Thread Interrupted waiting to refresh disk information: sleep interrupted
2019-09-17 07:45:23,109 [main] INFO  utils.BackgroundService (BackgroundService.java:shutdown(148)) - Shutting down service BlockDeletingService
2019-09-17 07:45:23,114 [main] INFO  statemachine.DatanodeStateMachine (DatanodeStateMachine.java:stopDaemon(395)) - Ozone container server stopped.
2019-09-17 07:45:23,115 [main] INFO  handler.ContextHandler (ContextHandler.java:doStop(910)) - Stopped o.e.j.w.WebAppContext@70730db{/,null,UNAVAILABLE}{/hddsDatanode}
2019-09-17 07:45:23,116 [ForkJoinPool.commonPool-worker-0] INFO  utils.BackgroundService (BackgroundService.java:shutdown(148)) - Shutting down service BlockDeletingService
2019-09-17 07:45:23,116 [main] INFO  server.AbstractConnector (AbstractConnector.java:doStop(318)) - Stopped ServerConnector@5793b87{HTTP/1.1,[http/1.1]}{0.0.0.0:0}
2019-09-17 07:45:23,119 [ForkJoinPool.commonPool-worker-0] INFO  statemachine.DatanodeStateMachine (DatanodeStateMachine.java:stopDaemon(395)) - Ozone container server stopped.
2019-09-17 07:45:23,119 [main] INFO  handler.ContextHandler (ContextHandler.java:doStop(910)) - Stopped o.e.j.s.ServletContextHandler@33425811{/static,jar:file:/home/user/.m2/repository/org/apache/hadoop/hadoop-hdds-container-service/0.5.0-SNAPSHOT/hadoop-hdds-container-service-0.5.0-SNAPSHOT.jar!/webapps/static,UNAVAILABLE}
2019-09-17 07:45:23,122 [main] INFO  handler.ContextHandler (ContextHandler.java:doStop(910)) - Stopped o.e.j.s.ServletContextHandler@2bc426f0{/logs,file:///workdir/hadoop-ozone/integration-test/target/log,UNAVAILABLE}
2019-09-17 07:45:23,123 [ForkJoinPool.commonPool-worker-0] INFO  handler.ContextHandler (ContextHandler.java:doStop(910)) - Stopped o.e.j.w.WebAppContext@1d9bd4da{/,null,UNAVAILABLE}{/hddsDatanode}
2019-09-17 07:45:23,124 [ForkJoinPool.commonPool-worker-0] INFO  server.AbstractConnector (AbstractConnector.java:doStop(318)) - Stopped ServerConnector@4c58255{HTTP/1.1,[http/1.1]}{0.0.0.0:0}
2019-09-17 07:45:23,125 [ForkJoinPool.commonPool-worker-0] INFO  handler.ContextHandler (ContextHandler.java:doStop(910)) - Stopped o.e.j.s.ServletContextHandler@1dc3502b{/static,jar:file:/home/user/.m2/repository/org/apache/hadoop/hadoop-hdds-container-service/0.5.0-SNAPSHOT/hadoop-hdds-container-service-0.5.0-SNAPSHOT.jar!/webapps/static,UNAVAILABLE}
2019-09-17 07:45:23,126 [ForkJoinPool.commonPool-worker-0] INFO  handler.ContextHandler (ContextHandler.java:doStop(910)) - Stopped o.e.j.s.ServletContextHandler@561b7d53{/logs,file:///workdir/hadoop-ozone/integration-test/target/log,UNAVAILABLE}
2019-09-17 07:45:23,429 [Datanode State Machine Thread - 0] INFO  statemachine.DatanodeStateMachine (DatanodeStateMachine.java:lambda$startDaemon$0(350)) - Ozone container server started.
2019-09-17 07:45:23,492 [grpc-default-executor-8] WARN  server.GrpcLogAppender (LogUtils.java:warn(134)) - 0f7bb9d9-5139-4852-be99-380e1bc1143c@group-7C72F7D496C4->6a48daa3-10a7-4dcf-835e-de50be54fa2c-AppendLogResponseHandler: Failed appendEntries: org.apache.ratis.thirdparty.io.grpc.StatusRuntimeException: UNAVAILABLE: io exception
2019-09-17 07:45:23,494 [grpc-default-executor-8] INFO  impl.FollowerInfo (FollowerInfo.java:lambda$new$0(51)) - 0f7bb9d9-5139-4852-be99-380e1bc1143c@group-7C72F7D496C4->6a48daa3-10a7-4dcf-835e-de50be54fa2c: nextIndex: updateUnconditionally 17 -> 16
2019-09-17 07:45:23,534 [grpc-default-executor-0] WARN  server.GrpcLogAppender (LogUtils.java:warn(134)) - 0f7bb9d9-5139-4852-be99-380e1bc1143c@group-7C72F7D496C4->9cc127b6-6322-4ddd-ad35-07c34665999c-AppendLogResponseHandler: Failed appendEntries: org.apache.ratis.thirdparty.io.grpc.StatusRuntimeException: UNAVAILABLE: io exception
2019-09-17 07:45:23,536 [grpc-default-executor-0] INFO  impl.FollowerInfo (FollowerInfo.java:lambda$new$0(51)) - 0f7bb9d9-5139-4852-be99-380e1bc1143c@group-7C72F7D496C4->9cc127b6-6322-4ddd-ad35-07c34665999c: nextIndex: updateUnconditionally 6 -> 5
2019-09-17 07:45:23,992 [grpc-default-executor-6] WARN  server.GrpcLogAppender (LogUtils.java:warn(134)) - 0f7bb9d9-5139-4852-be99-380e1bc1143c@group-7C72F7D496C4->6a48daa3-10a7-4dcf-835e-de50be54fa2c-AppendLogResponseHandler: Failed appendEntries: org.apache.ratis.thirdparty.io.grpc.StatusRuntimeException: UNAVAILABLE: io exception
2019-09-17 07:45:23,994 [grpc-default-executor-6] INFO  impl.FollowerInfo (FollowerInfo.java:lambda$new$0(51)) - 0f7bb9d9-5139-4852-be99-380e1bc1143c@group-7C72F7D496C4->6a48daa3-10a7-4dcf-835e-de50be54fa2c: nextIndex: updateUnconditionally 16 -> 15
2019-09-17 07:45:24,034 [grpc-default-executor-8] WARN  server.GrpcLogAppender (LogUtils.java:warn(134)) - 0f7bb9d9-5139-4852-be99-380e1bc1143c@group-7C72F7D496C4->9cc127b6-6322-4ddd-ad35-07c34665999c-AppendLogResponseHandler: Failed appendEntries: org.apache.ratis.thirdparty.io.grpc.StatusRuntimeException: UNAVAILABLE: io exception
2019-09-17 07:45:24,036 [grpc-default-executor-8] INFO  impl.FollowerInfo (FollowerInfo.java:lambda$new$0(51)) - 0f7bb9d9-5139-4852-be99-380e1bc1143c@group-7C72F7D496C4->9cc127b6-6322-4ddd-ad35-07c34665999c: nextIndex: updateUnconditionally 5 -> 4
2019-09-17 07:45:24,079 [Datanode State Machine Thread - 0] INFO  statemachine.DatanodeStateMachine (DatanodeStateMachine.java:lambda$startDaemon$0(350)) - Ozone container server started.
2019-09-17 07:45:24,493 [grpc-default-executor-0] WARN  server.GrpcLogAppender (LogUtils.java:warn(134)) - 0f7bb9d9-5139-4852-be99-380e1bc1143c@group-7C72F7D496C4->6a48daa3-10a7-4dcf-835e-de50be54fa2c-AppendLogResponseHandler: Failed appendEntries: org.apache.ratis.thirdparty.io.grpc.StatusRuntimeException: UNAVAILABLE: io exception
2019-09-17 07:45:24,495 [grpc-default-executor-0] INFO  impl.FollowerInfo (FollowerInfo.java:lambda$new$0(51)) - 0f7bb9d9-5139-4852-be99-380e1bc1143c@group-7C72F7D496C4->6a48daa3-10a7-4dcf-835e-de50be54fa2c: nextIndex: updateUnconditionally 15 -> 14
2019-09-17 07:45:24,536 [grpc-default-executor-8] WARN  server.GrpcLogAppender (LogUtils.java:warn(134)) - 0f7bb9d9-5139-4852-be99-380e1bc1143c@group-7C72F7D496C4->9cc127b6-6322-4ddd-ad35-07c34665999c-AppendLogResponseHandler: Failed appendEntries: org.apache.ratis.thirdparty.io.grpc.StatusRuntimeException: UNAVAILABLE: io exception
2019-09-17 07:45:24,538 [grpc-default-executor-8] INFO  impl.FollowerInfo (FollowerInfo.java:lambda$new$0(51)) - 0f7bb9d9-5139-4852-be99-380e1bc1143c@group-7C72F7D496C4->9cc127b6-6322-4ddd-ad35-07c34665999c: nextIndex: updateUnconditionally 4 -> 3
2019-09-17 07:45:24,994 [grpc-default-executor-0] WARN  server.GrpcLogAppender (LogUtils.java:warn(134)) - 0f7bb9d9-5139-4852-be99-380e1bc1143c@group-7C72F7D496C4->6a48daa3-10a7-4dcf-835e-de50be54fa2c-AppendLogResponseHandler: Failed appendEntries: org.apache.ratis.thirdparty.io.grpc.StatusRuntimeException: UNAVAILABLE: io exception
2019-09-17 07:45:24,996 [grpc-default-executor-0] INFO  impl.FollowerInfo (FollowerInfo.java:lambda$new$0(51)) - 0f7bb9d9-5139-4852-be99-380e1bc1143c@group-7C72F7D496C4->6a48daa3-10a7-4dcf-835e-de50be54fa2c: nextIndex: updateUnconditionally 14 -> 13
2019-09-17 07:45:25,036 [grpc-default-executor-8] WARN  server.GrpcLogAppender (LogUtils.java:warn(134)) - 0f7bb9d9-5139-4852-be99-380e1bc1143c@group-7C72F7D496C4->9cc127b6-6322-4ddd-ad35-07c34665999c-AppendLogResponseHandler: Failed appendEntries: org.apache.ratis.thirdparty.io.grpc.StatusRuntimeException: UNAVAILABLE: io exception
2019-09-17 07:45:25,037 [grpc-default-executor-8] INFO  impl.FollowerInfo (FollowerInfo.java:lambda$new$0(51)) - 0f7bb9d9-5139-4852-be99-380e1bc1143c@group-7C72F7D496C4->9cc127b6-6322-4ddd-ad35-07c34665999c: nextIndex: updateUnconditionally 3 -> 2
2019-09-17 07:45:25,293 [0f7bb9d9-5139-4852-be99-380e1bc1143c@group-7C72F7D496C4-SegmentedRaftLogWorker] WARN  segmented.SegmentedRaftLogWorker (SegmentedRaftLogWorker.java:getFromFuture(90)) - Timeout 5/~
org.apache.ratis.protocol.TimeoutIOException: Timeout 10s: WriteLog:17: (t:2, i:17), STATEMACHINELOGENTRY, client-E0A2BD2BFF31, cid=53-writeStateMachineData
	at org.apache.ratis.util.IOUtils.getFromFuture(IOUtils.java:87)
	at org.apache.ratis.server.raftlog.segmented.SegmentedRaftLogWorker$StateMachineDataPolicy.getFromFuture(SegmentedRaftLogWorker.java:87)
	at org.apache.ratis.server.raftlog.segmented.SegmentedRaftLogWorker$WriteLog.execute(SegmentedRaftLogWorker.java:477)
	at org.apache.ratis.server.raftlog.segmented.SegmentedRaftLogWorker.run(SegmentedRaftLogWorker.java:289)
	at java.lang.Thread.run(Thread.java:748)
Caused by: java.util.concurrent.TimeoutException
	at java.util.concurrent.CompletableFuture.timedGet(CompletableFuture.java:1771)
	at java.util.concurrent.CompletableFuture.get(CompletableFuture.java:1915)
	at org.apache.ratis.util.IOUtils.getFromFuture(IOUtils.java:79)
	... 4 more
2019-09-17 07:45:25,511 [grpc-default-executor-6] WARN  server.GrpcLogAppender (LogUtils.java:warn(134)) - 0f7bb9d9-5139-4852-be99-380e1bc1143c@group-7C72F7D496C4->6a48daa3-10a7-4dcf-835e-de50be54fa2c-AppendLogResponseHandler: Failed appendEntries: org.apache.ratis.thirdparty.io.grpc.StatusRuntimeException: UNAVAILABLE: io exception
2019-09-17 07:45:25,518 [grpc-default-executor-6] INFO  impl.FollowerInfo (FollowerInfo.java:lambda$new$0(51)) - 0f7bb9d9-5139-4852-be99-380e1bc1143c@group-7C72F7D496C4->6a48daa3-10a7-4dcf-835e-de50be54fa2c: nextIndex: updateUnconditionally 13 -> 12
2019-09-17 07:45:25,538 [grpc-default-executor-0] WARN  server.GrpcLogAppender (LogUtils.java:warn(134)) - 0f7bb9d9-5139-4852-be99-380e1bc1143c@group-7C72F7D496C4->9cc127b6-6322-4ddd-ad35-07c34665999c-AppendLogResponseHandler: Failed appendEntries: org.apache.ratis.thirdparty.io.grpc.StatusRuntimeException: UNAVAILABLE: io exception
2019-09-17 07:45:25,540 [grpc-default-executor-0] INFO  impl.FollowerInfo (FollowerInfo.java:lambda$new$0(51)) - 0f7bb9d9-5139-4852-be99-380e1bc1143c@group-7C72F7D496C4->9cc127b6-6322-4ddd-ad35-07c34665999c: nextIndex: updateUnconditionally 2 -> 1
2019-09-17 07:45:26,000 [grpc-default-executor-8] WARN  server.GrpcLogAppender (LogUtils.java:warn(134)) - 0f7bb9d9-5139-4852-be99-380e1bc1143c@group-7C72F7D496C4->6a48daa3-10a7-4dcf-835e-de50be54fa2c-AppendLogResponseHandler: Failed appendEntries: org.apache.ratis.thirdparty.io.grpc.StatusRuntimeException: UNAVAILABLE: io exception
2019-09-17 07:45:26,003 [grpc-default-executor-8] INFO  impl.FollowerInfo (FollowerInfo.java:lambda$new$0(51)) - 0f7bb9d9-5139-4852-be99-380e1bc1143c@group-7C72F7D496C4->6a48daa3-10a7-4dcf-835e-de50be54fa2c: nextIndex: updateUnconditionally 12 -> 11
2019-09-17 07:45:26,038 [grpc-default-executor-6] WARN  server.GrpcLogAppender (LogUtils.java:warn(134)) - 0f7bb9d9-5139-4852-be99-380e1bc1143c@group-7C72F7D496C4->9cc127b6-6322-4ddd-ad35-07c34665999c-AppendLogResponseHandler: Failed appendEntries: org.apache.ratis.thirdparty.io.grpc.StatusRuntimeException: UNAVAILABLE: io exception
2019-09-17 07:45:26,040 [grpc-default-executor-6] INFO  impl.FollowerInfo (FollowerInfo.java:lambda$new$0(51)) - 0f7bb9d9-5139-4852-be99-380e1bc1143c@group-7C72F7D496C4->9cc127b6-6322-4ddd-ad35-07c34665999c: nextIndex: updateUnconditionally 1 -> 0
2019-09-17 07:45:26,500 [grpc-default-executor-0] WARN  server.GrpcLogAppender (LogUtils.java:warn(134)) - 0f7bb9d9-5139-4852-be99-380e1bc1143c@group-7C72F7D496C4->6a48daa3-10a7-4dcf-835e-de50be54fa2c-AppendLogResponseHandler: Failed appendEntries: org.apache.ratis.thirdparty.io.grpc.StatusRuntimeException: UNAVAILABLE: io exception
2019-09-17 07:45:26,502 [grpc-default-executor-0] INFO  impl.FollowerInfo (FollowerInfo.java:lambda$new$0(51)) - 0f7bb9d9-5139-4852-be99-380e1bc1143c@group-7C72F7D496C4->6a48daa3-10a7-4dcf-835e-de50be54fa2c: nextIndex: updateUnconditionally 11 -> 10
2019-09-17 07:45:26,539 [grpc-default-executor-8] WARN  server.GrpcLogAppender (LogUtils.java:warn(134)) - 0f7bb9d9-5139-4852-be99-380e1bc1143c@group-7C72F7D496C4->9cc127b6-6322-4ddd-ad35-07c34665999c-AppendLogResponseHandler: Failed appendEntries: org.apache.ratis.thirdparty.io.grpc.StatusRuntimeException: UNAVAILABLE: io exception
2019-09-17 07:45:26,541 [grpc-default-executor-8] INFO  impl.FollowerInfo (FollowerInfo.java:lambda$new$0(51)) - 0f7bb9d9-5139-4852-be99-380e1bc1143c@group-7C72F7D496C4->9cc127b6-6322-4ddd-ad35-07c34665999c: nextIndex: updateUnconditionally 0 -> 0
2019-09-17 07:45:27,003 [grpc-default-executor-8] WARN  server.GrpcLogAppender (LogUtils.java:warn(134)) - 0f7bb9d9-5139-4852-be99-380e1bc1143c@group-7C72F7D496C4->6a48daa3-10a7-4dcf-835e-de50be54fa2c-AppendLogResponseHandler: Failed appendEntries: org.apache.ratis.thirdparty.io.grpc.StatusRuntimeException: UNAVAILABLE: io exception
2019-09-17 07:45:27,008 [grpc-default-executor-8] INFO  impl.FollowerInfo (FollowerInfo.java:lambda$new$0(51)) - 0f7bb9d9-5139-4852-be99-380e1bc1143c@group-7C72F7D496C4->6a48daa3-10a7-4dcf-835e-de50be54fa2c: nextIndex: updateUnconditionally 10 -> 9
2019-09-17 07:45:27,040 [grpc-default-executor-6] WARN  server.GrpcLogAppender (LogUtils.java:warn(134)) - 0f7bb9d9-5139-4852-be99-380e1bc1143c@group-7C72F7D496C4->9cc127b6-6322-4ddd-ad35-07c34665999c-AppendLogResponseHandler: Failed appendEntries: org.apache.ratis.thirdparty.io.grpc.StatusRuntimeException: UNAVAILABLE: io exception
2019-09-17 07:45:27,043 [grpc-default-executor-6] INFO  impl.FollowerInfo (FollowerInfo.java:lambda$new$0(51)) - 0f7bb9d9-5139-4852-be99-380e1bc1143c@group-7C72F7D496C4->9cc127b6-6322-4ddd-ad35-07c34665999c: nextIndex: updateUnconditionally 0 -> 0
2019-09-17 07:45:27,505 [grpc-default-executor-0] WARN  server.GrpcLogAppender (LogUtils.java:warn(134)) - 0f7bb9d9-5139-4852-be99-380e1bc1143c@group-7C72F7D496C4->6a48daa3-10a7-4dcf-835e-de50be54fa2c-AppendLogResponseHandler: Failed appendEntries: org.apache.ratis.thirdparty.io.grpc.StatusRuntimeException: UNAVAILABLE: io exception
2019-09-17 07:45:27,508 [grpc-default-executor-0] INFO  impl.FollowerInfo (FollowerInfo.java:lambda$new$0(51)) - 0f7bb9d9-5139-4852-be99-380e1bc1143c@group-7C72F7D496C4->6a48daa3-10a7-4dcf-835e-de50be54fa2c: nextIndex: updateUnconditionally 9 -> 8
2019-09-17 07:45:27,542 [grpc-default-executor-8] WARN  server.GrpcLogAppender (LogUtils.java:warn(134)) - 0f7bb9d9-5139-4852-be99-380e1bc1143c@group-7C72F7D496C4->9cc127b6-6322-4ddd-ad35-07c34665999c-AppendLogResponseHandler: Failed appendEntries: org.apache.ratis.thirdparty.io.grpc.StatusRuntimeException: UNAVAILABLE: io exception
2019-09-17 07:45:27,544 [grpc-default-executor-8] INFO  impl.FollowerInfo (FollowerInfo.java:lambda$new$0(51)) - 0f7bb9d9-5139-4852-be99-380e1bc1143c@group-7C72F7D496C4->9cc127b6-6322-4ddd-ad35-07c34665999c: nextIndex: updateUnconditionally 0 -> 0
2019-09-17 07:45:28,005 [grpc-default-executor-6] WARN  server.GrpcLogAppender (LogUtils.java:warn(134)) - 0f7bb9d9-5139-4852-be99-380e1bc1143c@group-7C72F7D496C4->6a48daa3-10a7-4dcf-835e-de50be54fa2c-AppendLogResponseHandler: Failed appendEntries: org.apache.ratis.thirdparty.io.grpc.StatusRuntimeException: UNAVAILABLE: io exception
2019-09-17 07:45:28,008 [grpc-default-executor-6] INFO  impl.FollowerInfo (FollowerInfo.java:lambda$new$0(51)) - 0f7bb9d9-5139-4852-be99-380e1bc1143c@group-7C72F7D496C4->6a48daa3-10a7-4dcf-835e-de50be54fa2c: nextIndex: updateUnconditionally 8 -> 7
2019-09-17 07:45:28,041 [grpc-default-executor-0] WARN  server.GrpcLogAppender (LogUtils.java:warn(134)) - 0f7bb9d9-5139-4852-be99-380e1bc1143c@group-7C72F7D496C4->9cc127b6-6322-4ddd-ad35-07c34665999c-AppendLogResponseHandler: Failed appendEntries: org.apache.ratis.thirdparty.io.grpc.StatusRuntimeException: UNAVAILABLE: io exception
2019-09-17 07:45:28,043 [grpc-default-executor-0] INFO  impl.FollowerInfo (FollowerInfo.java:lambda$new$0(51)) - 0f7bb9d9-5139-4852-be99-380e1bc1143c@group-7C72F7D496C4->9cc127b6-6322-4ddd-ad35-07c34665999c: nextIndex: updateUnconditionally 0 -> 0
2019-09-17 07:45:28,125 [main] INFO  ozoneimpl.OzoneContainer (OzoneContainer.java:stop(231)) - Attempting to stop container services.
2019-09-17 07:45:28,126 [main] INFO  impl.RaftServerProxy (RaftServerProxy.java:lambda$close$4(314)) - 07d4361b-7c4c-4556-bca6-aef62f6805c3: close
2019-09-17 07:45:28,127 [main] INFO  impl.RaftServerImpl (RaftServerImpl.java:lambda$shutdown$3(251)) - 07d4361b-7c4c-4556-bca6-aef62f6805c3@group-C8B8825E57F2: shutdown
2019-09-17 07:45:28,128 [main] INFO  util.JmxRegister (JmxRegister.java:unregister(73)) - Successfully un-registered JMX Bean with object name Ratis:service=RaftServer,group=group-C8B8825E57F2,id=07d4361b-7c4c-4556-bca6-aef62f6805c3
2019-09-17 07:45:28,128 [main] INFO  impl.RoleInfo (RoleInfo.java:shutdownLeaderState(104)) - 07d4361b-7c4c-4556-bca6-aef62f6805c3: shutdown LeaderState
2019-09-17 07:45:28,128 [ForkJoinPool.commonPool-worker-0] INFO  ozoneimpl.OzoneContainer (OzoneContainer.java:stop(231)) - Attempting to stop container services.
2019-09-17 07:45:28,129 [main] INFO  impl.PendingRequests (PendingRequests.java:sendNotLeaderResponses(202)) - 07d4361b-7c4c-4556-bca6-aef62f6805c3-PendingRequests: sendNotLeaderResponses
2019-09-17 07:45:28,129 [ForkJoinPool.commonPool-worker-0] INFO  impl.RaftServerProxy (RaftServerProxy.java:lambda$close$4(314)) - 0f7bb9d9-5139-4852-be99-380e1bc1143c: close
2019-09-17 07:45:28,130 [ForkJoinPool.commonPool-worker-0] INFO  impl.RaftServerImpl (RaftServerImpl.java:lambda$shutdown$3(251)) - 0f7bb9d9-5139-4852-be99-380e1bc1143c@group-C7248902042F: shutdown
2019-09-17 07:45:28,130 [main] INFO  impl.StateMachineUpdater (StateMachineUpdater.java:stopAndJoin(125)) - 07d4361b-7c4c-4556-bca6-aef62f6805c3@group-C8B8825E57F2-StateMachineUpdater: set stopIndex = 0
2019-09-17 07:45:28,130 [main] INFO  impl.RaftServerImpl (ServerState.java:close(385)) - 07d4361b-7c4c-4556-bca6-aef62f6805c3@group-C8B8825E57F2: closes. applyIndex: 0
2019-09-17 07:45:28,130 [ForkJoinPool.commonPool-worker-0] INFO  util.JmxRegister (JmxRegister.java:unregister(73)) - Successfully un-registered JMX Bean with object name Ratis:service=RaftServer,group=group-C7248902042F,id=0f7bb9d9-5139-4852-be99-380e1bc1143c
2019-09-17 07:45:28,131 [07d4361b-7c4c-4556-bca6-aef62f6805c3@group-C8B8825E57F2-SegmentedRaftLogWorker] INFO  segmented.SegmentedRaftLogWorker (SegmentedRaftLogWorker.java:run(313)) - 07d4361b-7c4c-4556-bca6-aef62f6805c3@group-C8B8825E57F2-SegmentedRaftLogWorker was interrupted, exiting. There are 0 tasks remaining in the queue.
2019-09-17 07:45:28,131 [ForkJoinPool.commonPool-worker-0] INFO  impl.RoleInfo (RoleInfo.java:shutdownLeaderState(104)) - 0f7bb9d9-5139-4852-be99-380e1bc1143c: shutdown LeaderState
2019-09-17 07:45:28,132 [main] INFO  segmented.SegmentedRaftLogWorker (SegmentedRaftLogWorker.java:close(228)) - 07d4361b-7c4c-4556-bca6-aef62f6805c3@group-C8B8825E57F2-SegmentedRaftLogWorker close()
2019-09-17 07:45:28,132 [ForkJoinPool.commonPool-worker-0] INFO  impl.PendingRequests (PendingRequests.java:sendNotLeaderResponses(202)) - 0f7bb9d9-5139-4852-be99-380e1bc1143c-PendingRequests: sendNotLeaderResponses
2019-09-17 07:45:28,133 [main] INFO  server.GrpcService (GrpcService.java:closeImpl(164)) - 07d4361b-7c4c-4556-bca6-aef62f6805c3: shutdown server with port 33018 now
2019-09-17 07:45:28,134 [ForkJoinPool.commonPool-worker-0] INFO  impl.StateMachineUpdater (StateMachineUpdater.java:stopAndJoin(125)) - 0f7bb9d9-5139-4852-be99-380e1bc1143c@group-C7248902042F-StateMachineUpdater: set stopIndex = 0
2019-09-17 07:45:28,135 [main] INFO  server.GrpcService (GrpcService.java:closeImpl(172)) - 07d4361b-7c4c-4556-bca6-aef62f6805c3: shutdown server with port 33018 successfully
2019-09-17 07:45:28,136 [ForkJoinPool.commonPool-worker-0] INFO  impl.RaftServerImpl (ServerState.java:close(385)) - 0f7bb9d9-5139-4852-be99-380e1bc1143c@group-C7248902042F: closes. applyIndex: 0
2019-09-17 07:45:28,137 [0f7bb9d9-5139-4852-be99-380e1bc1143c@group-C7248902042F-SegmentedRaftLogWorker] INFO  segmented.SegmentedRaftLogWorker (SegmentedRaftLogWorker.java:run(313)) - 0f7bb9d9-5139-4852-be99-380e1bc1143c@group-C7248902042F-SegmentedRaftLogWorker was interrupted, exiting. There are 0 tasks remaining in the queue.
2019-09-17 07:45:28,137 [ForkJoinPool.commonPool-worker-0] INFO  segmented.SegmentedRaftLogWorker (SegmentedRaftLogWorker.java:close(228)) - 0f7bb9d9-5139-4852-be99-380e1bc1143c@group-C7248902042F-SegmentedRaftLogWorker close()
2019-09-17 07:45:28,139 [ForkJoinPool.commonPool-worker-0] INFO  impl.RaftServerImpl (RaftServerImpl.java:lambda$shutdown$3(251)) - 0f7bb9d9-5139-4852-be99-380e1bc1143c@group-7C72F7D496C4: shutdown
2019-09-17 07:45:28,140 [ForkJoinPool.commonPool-worker-0] INFO  util.JmxRegister (JmxRegister.java:unregister(73)) - Successfully un-registered JMX Bean with object name Ratis:service=RaftServer,group=group-7C72F7D496C4,id=0f7bb9d9-5139-4852-be99-380e1bc1143c
2019-09-17 07:45:28,140 [ForkJoinPool.commonPool-worker-0] INFO  impl.RoleInfo (RoleInfo.java:shutdownLeaderState(104)) - 0f7bb9d9-5139-4852-be99-380e1bc1143c: shutdown LeaderState
2019-09-17 07:45:28,142 [ForkJoinPool.commonPool-worker-0] INFO  impl.PendingRequests (PendingRequests.java:sendNotLeaderResponses(202)) - 0f7bb9d9-5139-4852-be99-380e1bc1143c-PendingRequests: sendNotLeaderResponses
2019-09-17 07:45:28,142 [org.apache.ratis.server.impl.LogAppender$AppenderDaemon$$Lambda$529/56849046@41288962] WARN  server.GrpcLogAppender (GrpcLogAppender.java:mayWait(143)) - 0f7bb9d9-5139-4852-be99-380e1bc1143c@group-7C72F7D496C4->9cc127b6-6322-4ddd-ad35-07c34665999c-GrpcLogAppender: Wait interrupted by java.lang.InterruptedException
2019-09-17 07:45:28,142 [org.apache.ratis.server.impl.LogAppender$AppenderDaemon$$Lambda$529/56849046@262b3fd1] WARN  server.GrpcLogAppender (GrpcLogAppender.java:mayWait(143)) - 0f7bb9d9-5139-4852-be99-380e1bc1143c@group-7C72F7D496C4->6a48daa3-10a7-4dcf-835e-de50be54fa2c-GrpcLogAppender: Wait interrupted by java.lang.InterruptedException
2019-09-17 07:45:28,144 [refreshUsed-/workdir/hadoop-ozone/integration-test/target/test-dir/MiniOzoneClusterImpl-2856df08-3e92-4080-a2c9-ea03709d96bd/datanode-9/data/containers] WARN  fs.CachingGetSpaceUsed (CachingGetSpaceUsed.java:run(183)) - Thread Interrupted waiting to refresh disk information: sleep interrupted
2019-09-17 07:45:28,147 [ForkJoinPool.commonPool-worker-0] INFO  impl.StateMachineUpdater (StateMachineUpdater.java:stopAndJoin(125)) - 0f7bb9d9-5139-4852-be99-380e1bc1143c@group-7C72F7D496C4-StateMachineUpdater: set stopIndex = 16
2019-09-17 07:45:28,148 [0f7bb9d9-5139-4852-be99-380e1bc1143c@group-7C72F7D496C4-StateMachineUpdater] INFO  ratis.ContainerStateMachine (ContainerStateMachine.java:takeSnapshot(289)) - group-7C72F7D496C4: Taking a snapshot at:(t:2, i:12) file /workdir/hadoop-ozone/integration-test/target/test-dir/MiniOzoneClusterImpl-2856df08-3e92-4080-a2c9-ea03709d96bd/datanode-7/data/ratis/0dd04a28-7048-4f82-b477-7c72f7d496c4/sm/snapshot.2_12
2019-09-17 07:45:28,167 [main] INFO  utils.BackgroundService (BackgroundService.java:shutdown(148)) - Shutting down service BlockDeletingService
2019-09-17 07:45:28,171 [main] INFO  statemachine.DatanodeStateMachine (DatanodeStateMachine.java:stopDaemon(395)) - Ozone container server stopped.
2019-09-17 07:45:28,173 [main] INFO  handler.ContextHandler (ContextHandler.java:doStop(910)) - Stopped o.e.j.w.WebAppContext@3f736a16{/,null,UNAVAILABLE}{/hddsDatanode}
2019-09-17 07:45:28,174 [main] INFO  server.AbstractConnector (AbstractConnector.java:doStop(318)) - Stopped ServerConnector@4601203a{HTTP/1.1,[http/1.1]}{0.0.0.0:0}
2019-09-17 07:45:28,174 [main] INFO  handler.ContextHandler (ContextHandler.java:doStop(910)) - Stopped o.e.j.s.ServletContextHandler@4364712f{/static,jar:file:/home/user/.m2/repository/org/apache/hadoop/hadoop-hdds-container-service/0.5.0-SNAPSHOT/hadoop-hdds-container-service-0.5.0-SNAPSHOT.jar!/webapps/static,UNAVAILABLE}
2019-09-17 07:45:28,175 [main] INFO  handler.ContextHandler (ContextHandler.java:doStop(910)) - Stopped o.e.j.s.ServletContextHandler@53c6f96d{/logs,file:///workdir/hadoop-ozone/integration-test/target/log,UNAVAILABLE}
2019-09-17 07:45:28,183 [0f7bb9d9-5139-4852-be99-380e1bc1143c@group-7C72F7D496C4-StateMachineUpdater] INFO  ratis.ContainerStateMachine (ContainerStateMachine.java:takeSnapshot(300)) - group-7C72F7D496C4: Finished taking a snapshot at:(t:2, i:12) file:/workdir/hadoop-ozone/integration-test/target/test-dir/MiniOzoneClusterImpl-2856df08-3e92-4080-a2c9-ea03709d96bd/datanode-7/data/ratis/0dd04a28-7048-4f82-b477-7c72f7d496c4/sm/snapshot.2_12 time:36
2019-09-17 07:45:28,184 [0f7bb9d9-5139-4852-be99-380e1bc1143c@group-7C72F7D496C4-StateMachineUpdater] INFO  impl.StateMachineUpdater (StateMachineUpdater.java:takeSnapshot(258)) - 0f7bb9d9-5139-4852-be99-380e1bc1143c@group-7C72F7D496C4-StateMachineUpdater: Took a snapshot at index 12
2019-09-17 07:45:28,184 [0f7bb9d9-5139-4852-be99-380e1bc1143c@group-7C72F7D496C4-StateMachineUpdater] INFO  impl.StateMachineUpdater (StateMachineUpdater.java:lambda$new$0(83)) - 0f7bb9d9-5139-4852-be99-380e1bc1143c@group-7C72F7D496C4-StateMachineUpdater: snapshotIndex: updateIncreasingly -1 -> 12
2019-09-17 07:45:28,184 [0f7bb9d9-5139-4852-be99-380e1bc1143c@group-7C72F7D496C4-StateMachineUpdater] INFO  ratis.ContainerStateMachine (ContainerStateMachine.java:takeSnapshot(289)) - group-7C72F7D496C4: Taking a snapshot at:(t:2, i:12) file /workdir/hadoop-ozone/integration-test/target/test-dir/MiniOzoneClusterImpl-2856df08-3e92-4080-a2c9-ea03709d96bd/datanode-7/data/ratis/0dd04a28-7048-4f82-b477-7c72f7d496c4/sm/snapshot.2_12
2019-09-17 07:45:28,197 [0f7bb9d9-5139-4852-be99-380e1bc1143c@group-7C72F7D496C4-StateMachineUpdater] INFO  ratis.ContainerStateMachine (ContainerStateMachine.java:takeSnapshot(300)) - group-7C72F7D496C4: Finished taking a snapshot at:(t:2, i:12) file:/workdir/hadoop-ozone/integration-test/target/test-dir/MiniOzoneClusterImpl-2856df08-3e92-4080-a2c9-ea03709d96bd/datanode-7/data/ratis/0dd04a28-7048-4f82-b477-7c72f7d496c4/sm/snapshot.2_12 time:12
2019-09-17 07:45:28,197 [0f7bb9d9-5139-4852-be99-380e1bc1143c@group-7C72F7D496C4-StateMachineUpdater] INFO  impl.StateMachineUpdater (StateMachineUpdater.java:takeSnapshot(258)) - 0f7bb9d9-5139-4852-be99-380e1bc1143c@group-7C72F7D496C4-StateMachineUpdater: Took a snapshot at index 12
2019-09-17 07:45:28,197 [0f7bb9d9-5139-4852-be99-380e1bc1143c@group-7C72F7D496C4-StateMachineUpdater] INFO  impl.StateMachineUpdater (StateMachineUpdater.java:lambda$new$0(83)) - 0f7bb9d9-5139-4852-be99-380e1bc1143c@group-7C72F7D496C4-StateMachineUpdater: snapshotIndex: updateIncreasingly 12 -> 12
2019-09-17 07:45:28,197 [ForkJoinPool.commonPool-worker-0] INFO  impl.RaftServerImpl (ServerState.java:close(385)) - 0f7bb9d9-5139-4852-be99-380e1bc1143c@group-7C72F7D496C4: closes. applyIndex: 16
2019-09-17 07:45:28,199 [0f7bb9d9-5139-4852-be99-380e1bc1143c@group-7C72F7D496C4-SegmentedRaftLogWorker] ERROR ratis.XceiverServerRatis (XceiverServerRatis.java:triggerPipelineClose(575)) - pipeline Action CLOSE  on pipeline PipelineID=0dd04a28-7048-4f82-b477-7c72f7d496c4.Reason : WriteLog:17: (t:2, i:17), STATEMACHINELOGENTRY, client-E0A2BD2BFF31, cid=53-writeStateMachineData interrupted.
2019-09-17 07:45:28,200 [ForkJoinPool.commonPool-worker-0] INFO  segmented.SegmentedRaftLogWorker (SegmentedRaftLogWorker.java:close(228)) - 0f7bb9d9-5139-4852-be99-380e1bc1143c@group-7C72F7D496C4-SegmentedRaftLogWorker close()
2019-09-17 07:45:28,201 [ForkJoinPool.commonPool-worker-0] INFO  server.GrpcService (GrpcService.java:closeImpl(164)) - 0f7bb9d9-5139-4852-be99-380e1bc1143c: shutdown server with port 33997 now
2019-09-17 07:45:28,201 [ForkJoinPool.commonPool-worker-0] INFO  server.GrpcService (GrpcService.java:closeImpl(172)) - 0f7bb9d9-5139-4852-be99-380e1bc1143c: shutdown server with port 33997 successfully
2019-09-17 07:45:28,205 [refreshUsed-/workdir/hadoop-ozone/integration-test/target/test-dir/MiniOzoneClusterImpl-2856df08-3e92-4080-a2c9-ea03709d96bd/datanode-7/data/containers] WARN  fs.CachingGetSpaceUsed (CachingGetSpaceUsed.java:run(183)) - Thread Interrupted waiting to refresh disk information: sleep interrupted
2019-09-17 07:45:28,218 [ForkJoinPool.commonPool-worker-0] INFO  utils.BackgroundService (BackgroundService.java:shutdown(148)) - Shutting down service BlockDeletingService
2019-09-17 07:45:28,220 [ForkJoinPool.commonPool-worker-0] INFO  statemachine.DatanodeStateMachine (DatanodeStateMachine.java:stopDaemon(395)) - Ozone container server stopped.
2019-09-17 07:45:28,223 [ForkJoinPool.commonPool-worker-0] INFO  handler.ContextHandler (ContextHandler.java:doStop(910)) - Stopped o.e.j.w.WebAppContext@7e5843db{/,null,UNAVAILABLE}{/hddsDatanode}
2019-09-17 07:45:28,224 [ForkJoinPool.commonPool-worker-0] INFO  server.AbstractConnector (AbstractConnector.java:doStop(318)) - Stopped ServerConnector@459f703f{HTTP/1.1,[http/1.1]}{0.0.0.0:0}
2019-09-17 07:45:28,225 [ForkJoinPool.commonPool-worker-0] INFO  handler.ContextHandler (ContextHandler.java:doStop(910)) - Stopped o.e.j.s.ServletContextHandler@5f254608{/static,jar:file:/home/user/.m2/repository/org/apache/hadoop/hadoop-hdds-container-service/0.5.0-SNAPSHOT/hadoop-hdds-container-service-0.5.0-SNAPSHOT.jar!/webapps/static,UNAVAILABLE}
2019-09-17 07:45:28,227 [ForkJoinPool.commonPool-worker-0] INFO  handler.ContextHandler (ContextHandler.java:doStop(910)) - Stopped o.e.j.s.ServletContextHandler@75181b50{/logs,file:///workdir/hadoop-ozone/integration-test/target/log,UNAVAILABLE}
2019-09-17 07:45:28,228 [main] INFO  ozone.MiniOzoneClusterImpl (MiniOzoneClusterImpl.java:stop(344)) - Stopping the StorageContainerManager
2019-09-17 07:45:28,228 [main] INFO  server.StorageContainerManager (StorageContainerManager.java:stop(801)) - Stopping Replication Manager Service.
2019-09-17 07:45:28,228 [main] INFO  container.ReplicationManager (ReplicationManager.java:stop(203)) - Stopping Replication Monitor Thread.
2019-09-17 07:45:28,229 [main] INFO  server.StorageContainerManager (StorageContainerManager.java:stop(808)) - Stopping Lease Manager of the command watchers
2019-09-17 07:45:28,229 [main] INFO  server.StorageContainerManager (StorageContainerManager.java:stop(815)) - Stopping datanode service RPC server
2019-09-17 07:45:28,230 [main] INFO  server.SCMDatanodeProtocolServer (SCMDatanodeProtocolServer.java:stop(367)) - Stopping the RPC server for DataNodes
2019-09-17 07:45:28,230 [main] INFO  ipc.Server (Server.java:stop(3082)) - Stopping server on 46879
2019-09-17 07:45:28,232 [IPC Server listener on 46879] INFO  ipc.Server (Server.java:run(1185)) - Stopping IPC Server listener on 46879
2019-09-17 07:45:28,232 [IPC Server Responder] INFO  ipc.Server (Server.java:run(1319)) - Stopping IPC Server Responder
2019-09-17 07:45:28,275 [SCM Heartbeat Processing Thread - 0] WARN  node.NodeStateManager (NodeStateManager.java:scheduleNextHealthCheck(646)) - Current Thread is interrupted, shutting down HB processing thread for Node Manager.
2019-09-17 07:45:28,276 [main] INFO  server.StorageContainerManager (StorageContainerManager.java:stop(823)) - Stopping block service RPC server
2019-09-17 07:45:28,276 [main] INFO  server.SCMBlockProtocolServer (SCMBlockProtocolServer.java:stop(155)) - Stopping the RPC server for Block Protocol
2019-09-17 07:45:28,276 [main] INFO  ipc.Server (Server.java:stop(3082)) - Stopping server on 35717
2019-09-17 07:45:28,278 [IPC Server listener on 35717] INFO  ipc.Server (Server.java:run(1185)) - Stopping IPC Server listener on 35717
2019-09-17 07:45:28,278 [main] INFO  server.StorageContainerManager (StorageContainerManager.java:stop(830)) - Stopping the StorageContainerLocationProtocol RPC server
2019-09-17 07:45:28,278 [IPC Server Responder] INFO  ipc.Server (Server.java:run(1319)) - Stopping IPC Server Responder
2019-09-17 07:45:28,279 [main] INFO  server.SCMClientProtocolServer (SCMClientProtocolServer.java:stop(159)) - Stopping the RPC server for Client Protocol
2019-09-17 07:45:28,279 [main] INFO  ipc.Server (Server.java:stop(3082)) - Stopping server on 40953
2019-09-17 07:45:28,281 [IPC Server listener on 40953] INFO  ipc.Server (Server.java:run(1185)) - Stopping IPC Server listener on 40953
2019-09-17 07:45:28,281 [IPC Server Responder] INFO  ipc.Server (Server.java:run(1319)) - Stopping IPC Server Responder
2019-09-17 07:45:28,281 [main] INFO  server.StorageContainerManager (StorageContainerManager.java:stop(837)) - Stopping Storage Container Manager HTTP server.
2019-09-17 07:45:28,282 [main] INFO  handler.ContextHandler (ContextHandler.java:doStop(910)) - Stopped o.e.j.w.WebAppContext@7555b920{/,null,UNAVAILABLE}{/scm}
2019-09-17 07:45:28,282 [main] INFO  server.AbstractConnector (AbstractConnector.java:doStop(318)) - Stopped ServerConnector@6db66836{HTTP/1.1,[http/1.1]}{0.0.0.0:0}
2019-09-17 07:45:28,283 [main] INFO  handler.ContextHandler (ContextHandler.java:doStop(910)) - Stopped o.e.j.s.ServletContextHandler@6622fc65{/static,file:///workdir/hadoop-ozone/integration-test/target/test-classes/webapps/static,UNAVAILABLE}
2019-09-17 07:45:28,283 [main] INFO  handler.ContextHandler (ContextHandler.java:doStop(910)) - Stopped o.e.j.s.ServletContextHandler@732f29af{/logs,file:///workdir/hadoop-ozone/integration-test/target/log,UNAVAILABLE}
2019-09-17 07:45:28,284 [main] INFO  server.StorageContainerManager (StorageContainerManager.java:stop(848)) - Stopping Block Manager Service.
2019-09-17 07:45:28,284 [main] INFO  utils.BackgroundService (BackgroundService.java:shutdown(148)) - Shutting down service SCMBlockDeletingService
2019-09-17 07:45:28,285 [main] INFO  utils.BackgroundService (BackgroundService.java:shutdown(148)) - Shutting down service SCMBlockDeletingService
2019-09-17 07:45:28,285 [main] INFO  server.StorageContainerManager (StorageContainerManager.java:stop(870)) - Stopping SCM Event Queue.
2019-09-17 07:45:28,293 [main] INFO  impl.MetricsSystemImpl (MetricsSystemImpl.java:stop(210)) - Stopping XceiverClientMetrics metrics system...
2019-09-17 07:45:28,307 [prometheus] INFO  impl.MetricsSinkAdapter (MetricsSinkAdapter.java:publishMetricsFromQueue(141)) - prometheus thread interrupted.
2019-09-17 07:45:28,307 [main] INFO  impl.MetricsSystemImpl (MetricsSystemImpl.java:stop(216)) - XceiverClientMetrics metrics system stopped.
]]></system-out>
    <system-err><![CDATA[ERROR StatusLogger No Log4j 2 configuration file found. Using default configuration (logging only errors to the console), or user programmatically provided configurations. Set system property 'log4j2.debug' to show Log4j 2 internal initialization logging. See https://logging.apache.org/log4j/2.x/manual/configuration.html for instructions on how to configure Log4j 2
Sep 17, 2019 7:45:17 AM org.apache.ratis.thirdparty.io.grpc.internal.SerializingExecutor run
SEVERE: Exception while executing runnable org.apache.ratis.thirdparty.io.grpc.internal.ServerImpl$JumpToApplicationThreadServerStreamListener$1Closed@350033f0
org.apache.ratis.thirdparty.io.grpc.StatusRuntimeException: CANCELLED: call already cancelled
	at org.apache.ratis.thirdparty.io.grpc.Status.asRuntimeException(Status.java:517)
	at org.apache.ratis.thirdparty.io.grpc.stub.ServerCalls$ServerCallStreamObserverImpl.onCompleted(ServerCalls.java:356)
	at org.apache.ratis.grpc.server.GrpcServerProtocolService$ServerRequestStreamObserver.onError(GrpcServerProtocolService.java:121)
	at org.apache.ratis.thirdparty.io.grpc.stub.ServerCalls$StreamingServerCallHandler$StreamingServerCallListener.onCancel(ServerCalls.java:269)
	at org.apache.ratis.thirdparty.io.grpc.internal.ServerCallImpl$ServerStreamListenerImpl.closed(ServerCallImpl.java:293)
	at org.apache.ratis.thirdparty.io.grpc.internal.ServerImpl$JumpToApplicationThreadServerStreamListener$1Closed.runInContext(ServerImpl.java:741)
	at org.apache.ratis.thirdparty.io.grpc.internal.ContextRunnable.run(ContextRunnable.java:37)
	at org.apache.ratis.thirdparty.io.grpc.internal.SerializingExecutor.run(SerializingExecutor.java:123)
	at java.util.concurrent.ThreadPoolExecutor.runWorker(ThreadPoolExecutor.java:1149)
	at java.util.concurrent.ThreadPoolExecutor$Worker.run(ThreadPoolExecutor.java:624)
	at java.lang.Thread.run(Thread.java:748)

Sep 17, 2019 7:45:23 AM org.apache.ratis.thirdparty.io.grpc.internal.SerializingExecutor run
SEVERE: Exception while executing runnable org.apache.ratis.thirdparty.io.grpc.internal.ServerImpl$JumpToApplicationThreadServerStreamListener$1Closed@10142d58
org.apache.ratis.thirdparty.io.grpc.StatusRuntimeException: CANCELLED: call already cancelled
	at org.apache.ratis.thirdparty.io.grpc.Status.asRuntimeException(Status.java:517)
	at org.apache.ratis.thirdparty.io.grpc.stub.ServerCalls$ServerCallStreamObserverImpl.onCompleted(ServerCalls.java:356)
	at org.apache.ratis.grpc.server.GrpcServerProtocolService$ServerRequestStreamObserver.onError(GrpcServerProtocolService.java:121)
	at org.apache.ratis.thirdparty.io.grpc.stub.ServerCalls$StreamingServerCallHandler$StreamingServerCallListener.onCancel(ServerCalls.java:269)
	at org.apache.ratis.thirdparty.io.grpc.internal.ServerCallImpl$ServerStreamListenerImpl.closed(ServerCallImpl.java:293)
	at org.apache.ratis.thirdparty.io.grpc.internal.ServerImpl$JumpToApplicationThreadServerStreamListener$1Closed.runInContext(ServerImpl.java:741)
	at org.apache.ratis.thirdparty.io.grpc.internal.ContextRunnable.run(ContextRunnable.java:37)
	at org.apache.ratis.thirdparty.io.grpc.internal.SerializingExecutor.run(SerializingExecutor.java:123)
	at java.util.concurrent.ThreadPoolExecutor.runWorker(ThreadPoolExecutor.java:1149)
	at java.util.concurrent.ThreadPoolExecutor$Worker.run(ThreadPoolExecutor.java:624)
	at java.lang.Thread.run(Thread.java:748)

]]></system-err>
  </testcase>
  <testcase name="testMultiBlockWritesWithDnFailures" classname="org.apache.hadoop.ozone.client.rpc.TestMultiBlockWritesWithDnFailures" time="44.874"/>
</testsuite>