<?xml version="1.0" encoding="UTF-8"?>
<testsuite xmlns:xsi="http://www.w3.org/2001/XMLSchema-instance" xsi:noNamespaceSchemaLocation="https://maven.apache.org/surefire/maven-surefire-plugin/xsd/surefire-test-report.xsd" name="org.apache.hadoop.ozone.client.rpc.TestBlockOutputStream" time="237.324" tests="6" errors="0" skipped="0" failures="1">
  <properties>
    <property name="awt.toolkit" value="sun.awt.X11.XToolkit"/>
    <property name="file.encoding.pkg" value="sun.io"/>
    <property name="java.specification.version" value="1.8"/>
    <property name="sun.cpu.isalist" value=""/>
    <property name="sun.jnu.encoding" value="UTF-8"/>
    <property name="java.class.path" value="/workdir/hadoop-ozone/integration-test/target/test-classes:/workdir/hadoop-ozone/integration-test/target/classes:/home/user/.m2/repository/org/apache/hadoop/hadoop-ozone-common/0.5.0-SNAPSHOT/hadoop-ozone-common-0.5.0-SNAPSHOT.jar:/home/user/.m2/repository/org/apache/commons/commons-compress/1.4.1/commons-compress-1.4.1.jar:/home/user/.m2/repository/org/tukaani/xz/1.0/xz-1.0.jar:/home/user/.m2/repository/org/apache/hadoop/hadoop-common/3.2.0/hadoop-common-3.2.0.jar:/home/user/.m2/repository/org/apache/hadoop/hadoop-hdfs/3.2.0/hadoop-hdfs-3.2.0.jar:/home/user/.m2/repository/org/apache/hadoop/hadoop-hdfs-client/3.2.0/hadoop-hdfs-client-3.2.0.jar:/home/user/.m2/repository/com/fasterxml/jackson/core/jackson-annotations/2.9.5/jackson-annotations-2.9.5.jar:/home/user/.m2/repository/org/apache/hadoop/hadoop-hdds-common/0.5.0-SNAPSHOT/hadoop-hdds-common-0.5.0-SNAPSHOT.jar:/home/user/.m2/repository/javax/annotation/javax.annotation-api/1.2/javax.annotation-api-1.2.jar:/home/user/.m2/repository/org/apache/ratis/ratis-server/0.4.0-78e95b9-SNAPSHOT/ratis-server-0.4.0-78e95b9-SNAPSHOT.jar:/home/user/.m2/repository/org/apache/ratis/ratis-thirdparty-misc/0.2.0/ratis-thirdparty-misc-0.2.0.jar:/home/user/.m2/repository/org/apache/ratis/ratis-proto/0.4.0-78e95b9-SNAPSHOT/ratis-proto-0.4.0-78e95b9-SNAPSHOT.jar:/home/user/.m2/repository/org/apache/ratis/ratis-common/0.4.0-78e95b9-SNAPSHOT/ratis-common-0.4.0-78e95b9-SNAPSHOT.jar:/home/user/.m2/repository/org/apache/ratis/ratis-client/0.4.0-78e95b9-SNAPSHOT/ratis-client-0.4.0-78e95b9-SNAPSHOT.jar:/home/user/.m2/repository/org/apache/ratis/ratis-metrics/0.4.0-78e95b9-SNAPSHOT/ratis-metrics-0.4.0-78e95b9-SNAPSHOT.jar:/home/user/.m2/repository/com/github/joshelser/dropwizard-metrics-hadoop-metrics2-reporter/0.1.2/dropwizard-metrics-hadoop-metrics2-reporter-0.1.2.jar:/home/user/.m2/repository/io/dropwizard/metrics/metrics-jvm/3.2.5/metrics-jvm-3.2.5.jar:/home/user/.m2/repository/io/dropwizard/metrics/metrics-ganglia/3.2.5/metrics-ganglia-3.2.5.jar:/home/user/.m2/repository/info/ganglia/gmetric4j/gmetric4j/1.0.7/gmetric4j-1.0.7.jar:/home/user/.m2/repository/org/apache/ratis/ratis-netty/0.4.0-78e95b9-SNAPSHOT/ratis-netty-0.4.0-78e95b9-SNAPSHOT.jar:/home/user/.m2/repository/org/apache/ratis/ratis-grpc/0.4.0-78e95b9-SNAPSHOT/ratis-grpc-0.4.0-78e95b9-SNAPSHOT.jar:/home/user/.m2/repository/org/rocksdb/rocksdbjni/6.0.1/rocksdbjni-6.0.1.jar:/home/user/.m2/repository/org/apache/logging/log4j/log4j-api/2.11.0/log4j-api-2.11.0.jar:/home/user/.m2/repository/org/apache/logging/log4j/log4j-core/2.11.0/log4j-core-2.11.0.jar:/home/user/.m2/repository/com/lmax/disruptor/3.4.2/disruptor-3.4.2.jar:/home/user/.m2/repository/org/apache/commons/commons-pool2/2.6.0/commons-pool2-2.6.0.jar:/home/user/.m2/repository/org/bouncycastle/bcpkix-jdk15on/1.60/bcpkix-jdk15on-1.60.jar:/home/user/.m2/repository/commons-validator/commons-validator/1.6/commons-validator-1.6.jar:/home/user/.m2/repository/commons-digester/commons-digester/1.8.1/commons-digester-1.8.1.jar:/home/user/.m2/repository/io/jaegertracing/jaeger-client/0.33.1/jaeger-client-0.33.1.jar:/home/user/.m2/repository/io/jaegertracing/jaeger-thrift/0.33.1/jaeger-thrift-0.33.1.jar:/home/user/.m2/repository/org/apache/thrift/libthrift/0.11.0/libthrift-0.11.0.jar:/home/user/.m2/repository/com/squareup/okhttp3/okhttp/3.9.0/okhttp-3.9.0.jar:/home/user/.m2/repository/com/squareup/okio/okio/1.13.0/okio-1.13.0.jar:/home/user/.m2/repository/io/jaegertracing/jaeger-core/0.33.1/jaeger-core-0.33.1.jar:/home/user/.m2/repository/io/jaegertracing/jaeger-tracerresolver/0.33.1/jaeger-tracerresolver-0.33.1.jar:/home/user/.m2/repository/io/opentracing/contrib/opentracing-tracerresolver/0.1.5/opentracing-tracerresolver-0.1.5.jar:/home/user/.m2/repository/io/opentracing/opentracing-util/0.31.0/opentracing-util-0.31.0.jar:/home/user/.m2/repository/io/opentracing/opentracing-api/0.31.0/opentracing-api-0.31.0.jar:/home/user/.m2/repository/io/opentracing/opentracing-noop/0.31.0/opentracing-noop-0.31.0.jar:/home/user/.m2/repository/org/apache/hadoop/hadoop-hdds-server-framework/0.5.0-SNAPSHOT/hadoop-hdds-server-framework-0.5.0-SNAPSHOT.jar:/home/user/.m2/repository/org/apache/hadoop/hadoop-hdds-container-service/0.5.0-SNAPSHOT/hadoop-hdds-container-service-0.5.0-SNAPSHOT.jar:/home/user/.m2/repository/org/apache/hadoop/hadoop-hdds-client/0.5.0-SNAPSHOT/hadoop-hdds-client-0.5.0-SNAPSHOT.jar:/home/user/.m2/repository/org/apache/hadoop/hadoop-hdds-tools/0.5.0-SNAPSHOT/hadoop-hdds-tools-0.5.0-SNAPSHOT.jar:/home/user/.m2/repository/org/apache/hadoop/hadoop-hdds-server-scm/0.5.0-SNAPSHOT/hadoop-hdds-server-scm-0.5.0-SNAPSHOT.jar:/home/user/.m2/repository/org/apache/hadoop/hadoop-hdds-docs/0.5.0-SNAPSHOT/hadoop-hdds-docs-0.5.0-SNAPSHOT.jar:/home/user/.m2/repository/io/dropwizard/metrics/metrics-core/3.2.4/metrics-core-3.2.4.jar:/home/user/.m2/repository/org/hamcrest/hamcrest-all/1.3/hamcrest-all-1.3.jar:/home/user/.m2/repository/org/bouncycastle/bcprov-jdk15on/1.60/bcprov-jdk15on-1.60.jar:/home/user/.m2/repository/info/picocli/picocli/3.9.6/picocli-3.9.6.jar:/home/user/.m2/repository/com/google/protobuf/protobuf-java/2.5.0/protobuf-java-2.5.0.jar:/home/user/.m2/repository/com/google/guava/guava/11.0.2/guava-11.0.2.jar:/home/user/.m2/repository/org/apache/hadoop/hadoop-ozone-ozone-manager/0.5.0-SNAPSHOT/hadoop-ozone-ozone-manager-0.5.0-SNAPSHOT.jar:/home/user/.m2/repository/org/apache/hadoop/hadoop-minikdc/3.2.0/hadoop-minikdc-3.2.0.jar:/home/user/.m2/repository/commons-io/commons-io/2.5/commons-io-2.5.jar:/home/user/.m2/repository/org/apache/kerby/kerb-simplekdc/1.0.1/kerb-simplekdc-1.0.1.jar:/home/user/.m2/repository/org/apache/kerby/kerb-client/1.0.1/kerb-client-1.0.1.jar:/home/user/.m2/repository/org/apache/kerby/kerby-config/1.0.1/kerby-config-1.0.1.jar:/home/user/.m2/repository/org/apache/kerby/kerb-core/1.0.1/kerb-core-1.0.1.jar:/home/user/.m2/repository/org/apache/kerby/kerby-pkix/1.0.1/kerby-pkix-1.0.1.jar:/home/user/.m2/repository/org/apache/kerby/kerby-asn1/1.0.1/kerby-asn1-1.0.1.jar:/home/user/.m2/repository/org/apache/kerby/kerby-util/1.0.1/kerby-util-1.0.1.jar:/home/user/.m2/repository/org/apache/kerby/kerb-common/1.0.1/kerb-common-1.0.1.jar:/home/user/.m2/repository/org/apache/kerby/kerb-crypto/1.0.1/kerb-crypto-1.0.1.jar:/home/user/.m2/repository/org/apache/kerby/kerb-util/1.0.1/kerb-util-1.0.1.jar:/home/user/.m2/repository/org/apache/kerby/token-provider/1.0.1/token-provider-1.0.1.jar:/home/user/.m2/repository/org/apache/kerby/kerb-admin/1.0.1/kerb-admin-1.0.1.jar:/home/user/.m2/repository/org/apache/kerby/kerb-server/1.0.1/kerb-server-1.0.1.jar:/home/user/.m2/repository/org/apache/kerby/kerb-identity/1.0.1/kerb-identity-1.0.1.jar:/home/user/.m2/repository/org/apache/kerby/kerby-xdr/1.0.1/kerby-xdr-1.0.1.jar:/home/user/.m2/repository/org/slf4j/slf4j-log4j12/1.7.25/slf4j-log4j12-1.7.25.jar:/home/user/.m2/repository/org/apache/hadoop/hadoop-ozone-s3gateway/0.5.0-SNAPSHOT/hadoop-ozone-s3gateway-0.5.0-SNAPSHOT.jar:/home/user/.m2/repository/org/jboss/weld/servlet/weld-servlet/2.4.7.Final/weld-servlet-2.4.7.Final.jar:/home/user/.m2/repository/org/glassfish/jersey/containers/jersey-container-servlet-core/2.27/jersey-container-servlet-core-2.27.jar:/home/user/.m2/repository/org/glassfish/hk2/external/javax.inject/2.5.0-b42/javax.inject-2.5.0-b42.jar:/home/user/.m2/repository/org/glassfish/jersey/core/jersey-common/2.27/jersey-common-2.27.jar:/home/user/.m2/repository/org/glassfish/hk2/osgi-resource-locator/1.0.1/osgi-resource-locator-1.0.1.jar:/home/user/.m2/repository/javax/ws/rs/javax.ws.rs-api/2.1/javax.ws.rs-api-2.1.jar:/home/user/.m2/repository/org/glassfish/jersey/ext/cdi/jersey-cdi1x/2.27/jersey-cdi1x-2.27.jar:/home/user/.m2/repository/org/glassfish/jersey/inject/jersey-hk2/2.27/jersey-hk2-2.27.jar:/home/user/.m2/repository/org/glassfish/hk2/hk2-locator/2.5.0-b42/hk2-locator-2.5.0-b42.jar:/home/user/.m2/repository/org/javassist/javassist/3.22.0-CR2/javassist-3.22.0-CR2.jar:/home/user/.m2/repository/org/glassfish/hk2/hk2-api/2.5.0/hk2-api-2.5.0.jar:/home/user/.m2/repository/org/glassfish/hk2/external/jakarta.inject/2.5.0/jakarta.inject-2.5.0.jar:/home/user/.m2/repository/org/glassfish/hk2/hk2-utils/2.5.0/hk2-utils-2.5.0.jar:/home/user/.m2/repository/jakarta/annotation/jakarta.annotation-api/1.3.4/jakarta.annotation-api-1.3.4.jar:/home/user/.m2/repository/org/glassfish/hk2/external/aopalliance-repackaged/2.5.0/aopalliance-repackaged-2.5.0.jar:/home/user/.m2/repository/com/fasterxml/jackson/dataformat/jackson-dataformat-xml/2.9.0/jackson-dataformat-xml-2.9.0.jar:/home/user/.m2/repository/com/fasterxml/jackson/core/jackson-core/2.9.5/jackson-core-2.9.5.jar:/home/user/.m2/repository/com/fasterxml/jackson/module/jackson-module-jaxb-annotations/2.9.5/jackson-module-jaxb-annotations-2.9.5.jar:/home/user/.m2/repository/javax/enterprise/cdi-api/1.2/cdi-api-1.2.jar:/home/user/.m2/repository/javax/el/javax.el-api/3.0.0/javax.el-api-3.0.0.jar:/home/user/.m2/repository/javax/interceptor/javax.interceptor-api/1.2/javax.interceptor-api-1.2.jar:/home/user/.m2/repository/javax/inject/javax.inject/1/javax.inject-1.jar:/home/user/.m2/repository/com/sun/xml/bind/jaxb-impl/2.3.0.1/jaxb-impl-2.3.0.1.jar:/home/user/.m2/repository/com/sun/xml/bind/jaxb-core/2.3.0.1/jaxb-core-2.3.0.1.jar:/home/user/.m2/repository/javax/xml/bind/jaxb-api/2.3.0/jaxb-api-2.3.0.jar:/home/user/.m2/repository/javax/activation/activation/1.1.1/activation-1.1.1.jar:/home/user/.m2/repository/org/apache/hadoop/hadoop-ozone-csi/0.5.0-SNAPSHOT/hadoop-ozone-csi-0.5.0-SNAPSHOT.jar:/home/user/.m2/repository/com/google/protobuf/protobuf-java-util/3.5.1/protobuf-java-util-3.5.1.jar:/home/user/.m2/repository/org/apache/hadoop/hadoop-hdds-config/0.5.0-SNAPSHOT/hadoop-hdds-config-0.5.0-SNAPSHOT.jar:/home/user/.m2/repository/io/grpc/grpc-netty/1.17.1/grpc-netty-1.17.1.jar:/home/user/.m2/repository/io/grpc/grpc-core/1.17.1/grpc-core-1.17.1.jar:/home/user/.m2/repository/io/grpc/grpc-context/1.17.1/grpc-context-1.17.1.jar:/home/user/.m2/repository/com/google/errorprone/error_prone_annotations/2.2.0/error_prone_annotations-2.2.0.jar:/home/user/.m2/repository/org/codehaus/mojo/animal-sniffer-annotations/1.17/animal-sniffer-annotations-1.17.jar:/home/user/.m2/repository/io/opencensus/opencensus-api/0.17.0/opencensus-api-0.17.0.jar:/home/user/.m2/repository/io/opencensus/opencensus-contrib-grpc-metrics/0.17.0/opencensus-contrib-grpc-metrics-0.17.0.jar:/home/user/.m2/repository/io/netty/netty-codec-http2/4.1.30.Final/netty-codec-http2-4.1.30.Final.jar:/home/user/.m2/repository/io/netty/netty-codec-http/4.1.30.Final/netty-codec-http-4.1.30.Final.jar:/home/user/.m2/repository/io/netty/netty-codec/4.1.30.Final/netty-codec-4.1.30.Final.jar:/home/user/.m2/repository/io/netty/netty-handler/4.1.30.Final/netty-handler-4.1.30.Final.jar:/home/user/.m2/repository/io/netty/netty-handler-proxy/4.1.30.Final/netty-handler-proxy-4.1.30.Final.jar:/home/user/.m2/repository/io/netty/netty-codec-socks/4.1.30.Final/netty-codec-socks-4.1.30.Final.jar:/home/user/.m2/repository/io/netty/netty-transport-native-epoll/4.1.30.Final/netty-transport-native-epoll-4.1.30.Final.jar:/home/user/.m2/repository/io/netty/netty-common/4.1.30.Final/netty-common-4.1.30.Final.jar:/home/user/.m2/repository/io/netty/netty-buffer/4.1.30.Final/netty-buffer-4.1.30.Final.jar:/home/user/.m2/repository/io/netty/netty-transport/4.1.30.Final/netty-transport-4.1.30.Final.jar:/home/user/.m2/repository/io/netty/netty-resolver/4.1.30.Final/netty-resolver-4.1.30.Final.jar:/home/user/.m2/repository/io/netty/netty-transport-native-unix-common/4.1.30.Final/netty-transport-native-unix-common-4.1.30.Final.jar:/home/user/.m2/repository/io/grpc/grpc-protobuf/1.17.1/grpc-protobuf-1.17.1.jar:/home/user/.m2/repository/com/google/api/grpc/proto-google-common-protos/1.0.0/proto-google-common-protos-1.0.0.jar:/home/user/.m2/repository/io/grpc/grpc-protobuf-lite/1.17.1/grpc-protobuf-lite-1.17.1.jar:/home/user/.m2/repository/io/grpc/grpc-stub/1.17.1/grpc-stub-1.17.1.jar:/home/user/.m2/repository/org/apache/hadoop/hadoop-ozone-recon/0.5.0-SNAPSHOT/hadoop-ozone-recon-0.5.0-SNAPSHOT.jar:/home/user/.m2/repository/org/apache/hadoop/hadoop-ozone-reconcodegen/0.5.0-SNAPSHOT/hadoop-ozone-reconcodegen-0.5.0-SNAPSHOT.jar:/home/user/.m2/repository/com/google/inject/extensions/guice-multibindings/4.0/guice-multibindings-4.0.jar:/home/user/.m2/repository/com/google/inject/guice/4.0/guice-4.0.jar:/home/user/.m2/repository/aopalliance/aopalliance/1.0/aopalliance-1.0.jar:/home/user/.m2/repository/com/google/inject/extensions/guice-servlet/4.0/guice-servlet-4.0.jar:/home/user/.m2/repository/org/glassfish/jersey/containers/jersey-container-servlet/2.27/jersey-container-servlet-2.27.jar:/home/user/.m2/repository/org/glassfish/hk2/guice-bridge/2.5.0/guice-bridge-2.5.0.jar:/home/user/.m2/repository/org/glassfish/jersey/core/jersey-server/2.27/jersey-server-2.27.jar:/home/user/.m2/repository/org/glassfish/jersey/core/jersey-client/2.27/jersey-client-2.27.jar:/home/user/.m2/repository/org/glassfish/jersey/media/jersey-media-jaxb/2.27/jersey-media-jaxb-2.27.jar:/home/user/.m2/repository/javax/validation/validation-api/1.1.0.Final/validation-api-1.1.0.Final.jar:/home/user/.m2/repository/org/glassfish/jersey/media/jersey-media-json-jackson/2.27/jersey-media-json-jackson-2.27.jar:/home/user/.m2/repository/org/glassfish/jersey/ext/jersey-entity-filtering/2.27/jersey-entity-filtering-2.27.jar:/home/user/.m2/repository/com/google/inject/extensions/guice-assistedinject/4.0/guice-assistedinject-4.0.jar:/home/user/.m2/repository/org/jooq/jooq/3.11.10/jooq-3.11.10.jar:/home/user/.m2/repository/org/jooq/jooq-meta/3.11.10/jooq-meta-3.11.10.jar:/home/user/.m2/repository/org/jooq/jooq-codegen/3.11.10/jooq-codegen-3.11.10.jar:/home/user/.m2/repository/com/jolbox/bonecp/0.8.0.RELEASE/bonecp-0.8.0.RELEASE.jar:/home/user/.m2/repository/org/xerial/sqlite-jdbc/3.25.2/sqlite-jdbc-3.25.2.jar:/home/user/.m2/repository/org/springframework/spring-jdbc/5.1.3.RELEASE/spring-jdbc-5.1.3.RELEASE.jar:/home/user/.m2/repository/org/springframework/spring-beans/5.1.3.RELEASE/spring-beans-5.1.3.RELEASE.jar:/home/user/.m2/repository/org/springframework/spring-core/5.1.3.RELEASE/spring-core-5.1.3.RELEASE.jar:/home/user/.m2/repository/org/springframework/spring-jcl/5.1.3.RELEASE/spring-jcl-5.1.3.RELEASE.jar:/home/user/.m2/repository/org/springframework/spring-tx/5.1.3.RELEASE/spring-tx-5.1.3.RELEASE.jar:/home/user/.m2/repository/org/apache/hadoop/hadoop-ozone-client/0.5.0-SNAPSHOT/hadoop-ozone-client-0.5.0-SNAPSHOT.jar:/home/user/.m2/repository/commons-lang/commons-lang/2.6/commons-lang-2.6.jar:/home/user/.m2/repository/org/apache/hadoop/hadoop-ozone-ozone-manager/0.5.0-SNAPSHOT/hadoop-ozone-ozone-manager-0.5.0-SNAPSHOT-tests.jar:/home/user/.m2/repository/junit/junit/4.11/junit-4.11.jar:/home/user/.m2/repository/org/hamcrest/hamcrest-core/1.3/hamcrest-core-1.3.jar:/home/user/.m2/repository/org/openjdk/jmh/jmh-core/1.19/jmh-core-1.19.jar:/home/user/.m2/repository/net/sf/jopt-simple/jopt-simple/4.6/jopt-simple-4.6.jar:/home/user/.m2/repository/org/apache/commons/commons-math3/3.1.1/commons-math3-3.1.1.jar:/home/user/.m2/repository/org/openjdk/jmh/jmh-generator-annprocess/1.19/jmh-generator-annprocess-1.19.jar:/home/user/.m2/repository/org/mockito/mockito-all/1.8.5/mockito-all-1.8.5.jar:/home/user/.m2/repository/org/apache/hadoop/hadoop-kms/3.2.0/hadoop-kms-3.2.0.jar:/home/user/.m2/repository/org/apache/hadoop/hadoop-auth/3.2.0/hadoop-auth-3.2.0.jar:/home/user/.m2/repository/com/nimbusds/nimbus-jose-jwt/4.41.1/nimbus-jose-jwt-4.41.1.jar:/home/user/.m2/repository/com/github/stephenc/jcip/jcip-annotations/1.0-1/jcip-annotations-1.0-1.jar:/home/user/.m2/repository/net/minidev/json-smart/2.3/json-smart-2.3.jar:/home/user/.m2/repository/net/minidev/accessors-smart/1.2/accessors-smart-1.2.jar:/home/user/.m2/repository/org/ow2/asm/asm/5.0.4/asm-5.0.4.jar:/home/user/.m2/repository/org/apache/curator/curator-framework/2.12.0/curator-framework-2.12.0.jar:/home/user/.m2/repository/com/sun/jersey/jersey-core/1.19/jersey-core-1.19.jar:/home/user/.m2/repository/javax/ws/rs/jsr311-api/1.1.1/jsr311-api-1.1.1.jar:/home/user/.m2/repository/com/sun/jersey/jersey-server/1.19/jersey-server-1.19.jar:/home/user/.m2/repository/javax/servlet/javax.servlet-api/3.1.0/javax.servlet-api-3.1.0.jar:/home/user/.m2/repository/org/eclipse/jetty/jetty-server/9.3.24.v20180605/jetty-server-9.3.24.v20180605.jar:/home/user/.m2/repository/org/eclipse/jetty/jetty-http/9.3.24.v20180605/jetty-http-9.3.24.v20180605.jar:/home/user/.m2/repository/org/eclipse/jetty/jetty-io/9.3.24.v20180605/jetty-io-9.3.24.v20180605.jar:/home/user/.m2/repository/org/eclipse/jetty/jetty-webapp/9.3.24.v20180605/jetty-webapp-9.3.24.v20180605.jar:/home/user/.m2/repository/org/eclipse/jetty/jetty-xml/9.3.24.v20180605/jetty-xml-9.3.24.v20180605.jar:/home/user/.m2/repository/log4j/log4j/1.2.17/log4j-1.2.17.jar:/home/user/.m2/repository/org/slf4j/slf4j-api/1.7.25/slf4j-api-1.7.25.jar:/home/user/.m2/repository/org/slf4j/jul-to-slf4j/1.7.25/jul-to-slf4j-1.7.25.jar:/home/user/.m2/repository/org/eclipse/jetty/jetty-util/9.3.24.v20180605/jetty-util-9.3.24.v20180605.jar:/home/user/.m2/repository/com/fasterxml/jackson/core/jackson-databind/2.9.5/jackson-databind-2.9.5.jar:/home/user/.m2/repository/org/apache/hadoop/hadoop-kms/3.2.0/hadoop-kms-3.2.0-tests.jar:/home/user/.m2/repository/org/apache/hadoop/hadoop-hdds-server-scm/0.5.0-SNAPSHOT/hadoop-hdds-server-scm-0.5.0-SNAPSHOT-tests.jar:/home/user/.m2/repository/org/apache/hadoop/hadoop-hdds-container-service/0.5.0-SNAPSHOT/hadoop-hdds-container-service-0.5.0-SNAPSHOT-tests.jar:/home/user/.m2/repository/org/yaml/snakeyaml/1.16/snakeyaml-1.16.jar:/home/user/.m2/repository/org/apache/hadoop/hadoop-common/3.2.0/hadoop-common-3.2.0-tests.jar:/home/user/.m2/repository/org/apache/hadoop/hadoop-annotations/3.2.0/hadoop-annotations-3.2.0.jar:/usr/lib/jvm/java-1.8-openjdk/jre/../lib/tools.jar:/home/user/.m2/repository/commons-cli/commons-cli/1.2/commons-cli-1.2.jar:/home/user/.m2/repository/org/apache/httpcomponents/httpclient/4.5.2/httpclient-4.5.2.jar:/home/user/.m2/repository/org/apache/httpcomponents/httpcore/4.4.4/httpcore-4.4.4.jar:/home/user/.m2/repository/commons-codec/commons-codec/1.11/commons-codec-1.11.jar:/home/user/.m2/repository/commons-net/commons-net/3.6/commons-net-3.6.jar:/home/user/.m2/repository/commons-collections/commons-collections/3.2.2/commons-collections-3.2.2.jar:/home/user/.m2/repository/org/eclipse/jetty/jetty-servlet/9.3.24.v20180605/jetty-servlet-9.3.24.v20180605.jar:/home/user/.m2/repository/org/eclipse/jetty/jetty-security/9.3.24.v20180605/jetty-security-9.3.24.v20180605.jar:/home/user/.m2/repository/javax/servlet/jsp/jsp-api/2.1/jsp-api-2.1.jar:/home/user/.m2/repository/com/sun/jersey/jersey-servlet/1.19/jersey-servlet-1.19.jar:/home/user/.m2/repository/com/sun/jersey/jersey-json/1.19/jersey-json-1.19.jar:/home/user/.m2/repository/org/codehaus/jettison/jettison/1.1/jettison-1.1.jar:/home/user/.m2/repository/org/codehaus/jackson/jackson-core-asl/1.9.13/jackson-core-asl-1.9.13.jar:/home/user/.m2/repository/org/codehaus/jackson/jackson-mapper-asl/1.9.13/jackson-mapper-asl-1.9.13.jar:/home/user/.m2/repository/org/codehaus/jackson/jackson-jaxrs/1.9.13/jackson-jaxrs-1.9.13.jar:/home/user/.m2/repository/org/codehaus/jackson/jackson-xc/1.9.13/jackson-xc-1.9.13.jar:/home/user/.m2/repository/commons-logging/commons-logging/1.1.3/commons-logging-1.1.3.jar:/home/user/.m2/repository/commons-beanutils/commons-beanutils/1.9.3/commons-beanutils-1.9.3.jar:/home/user/.m2/repository/org/apache/commons/commons-configuration2/2.1.1/commons-configuration2-2.1.1.jar:/home/user/.m2/repository/org/apache/commons/commons-lang3/3.7/commons-lang3-3.7.jar:/home/user/.m2/repository/org/apache/commons/commons-text/1.4/commons-text-1.4.jar:/home/user/.m2/repository/org/apache/avro/avro/1.7.7/avro-1.7.7.jar:/home/user/.m2/repository/com/thoughtworks/paranamer/paranamer/2.3/paranamer-2.3.jar:/home/user/.m2/repository/org/xerial/snappy/snappy-java/1.0.5/snappy-java-1.0.5.jar:/home/user/.m2/repository/com/google/re2j/re2j/1.1/re2j-1.1.jar:/home/user/.m2/repository/com/google/code/gson/gson/2.2.4/gson-2.2.4.jar:/home/user/.m2/repository/com/jcraft/jsch/0.1.54/jsch-0.1.54.jar:/home/user/.m2/repository/org/apache/curator/curator-client/2.12.0/curator-client-2.12.0.jar:/home/user/.m2/repository/org/apache/curator/curator-recipes/2.12.0/curator-recipes-2.12.0.jar:/home/user/.m2/repository/com/google/code/findbugs/jsr305/3.0.0/jsr305-3.0.0.jar:/home/user/.m2/repository/org/apache/htrace/htrace-core4/4.1.0-incubating/htrace-core4-4.1.0-incubating.jar:/home/user/.m2/repository/org/apache/zookeeper/zookeeper/3.4.13/zookeeper-3.4.13.jar:/home/user/.m2/repository/org/apache/yetus/audience-annotations/0.5.0/audience-annotations-0.5.0.jar:/home/user/.m2/repository/org/codehaus/woodstox/stax2-api/3.1.4/stax2-api-3.1.4.jar:/home/user/.m2/repository/com/fasterxml/woodstox/woodstox-core/5.0.3/woodstox-core-5.0.3.jar:/home/user/.m2/repository/dnsjava/dnsjava/2.1.7/dnsjava-2.1.7.jar:/home/user/.m2/repository/org/apache/hadoop/hadoop-hdfs/3.2.0/hadoop-hdfs-3.2.0-tests.jar:/home/user/.m2/repository/org/eclipse/jetty/jetty-util-ajax/9.3.24.v20180605/jetty-util-ajax-9.3.24.v20180605.jar:/home/user/.m2/repository/commons-daemon/commons-daemon/1.0.13/commons-daemon-1.0.13.jar:/home/user/.m2/repository/io/netty/netty/3.10.5.Final/netty-3.10.5.Final.jar:/home/user/.m2/repository/io/netty/netty-all/4.0.52.Final/netty-all-4.0.52.Final.jar:/home/user/.m2/repository/org/fusesource/leveldbjni/leveldbjni-all/1.8/leveldbjni-all-1.8.jar:"/>
    <property name="java.vm.vendor" value="IcedTea"/>
    <property name="sun.arch.data.model" value="64"/>
    <property name="test.build.dir" value="/workdir/hadoop-ozone/integration-test/target/test-dir"/>
    <property name="test.cache.data" value=""/>
    <property name="java.vendor.url" value="https://icedtea.classpath.org"/>
    <property name="user.timezone" value=""/>
    <property name="java.vm.specification.version" value="1.8"/>
    <property name="os.name" value="Linux"/>
    <property name="test.build.data" value="/workdir/hadoop-ozone/integration-test/target/test-dir"/>
    <property name="user.country" value="US"/>
    <property name="sun.java.launcher" value="SUN_STANDARD"/>
    <property name="sun.boot.library.path" value="/usr/lib/jvm/java-1.8-openjdk/jre/lib/amd64"/>
    <property name="sun.java.command" value="/workdir/hadoop-ozone/integration-test/target/surefire/surefirebooter1005929342920366792.jar /workdir/hadoop-ozone/integration-test/target/surefire 2019-09-17T06-14-38_856-jvmRun1 surefire9094968906667744545tmp surefire_772139265800462517297tmp"/>
    <property name="test" value="!TestMiniChaosOzoneCluster"/>
    <property name="surefire.test.class.path" value="/workdir/hadoop-ozone/integration-test/target/test-classes:/workdir/hadoop-ozone/integration-test/target/classes:/home/user/.m2/repository/org/apache/hadoop/hadoop-ozone-common/0.5.0-SNAPSHOT/hadoop-ozone-common-0.5.0-SNAPSHOT.jar:/home/user/.m2/repository/org/apache/commons/commons-compress/1.4.1/commons-compress-1.4.1.jar:/home/user/.m2/repository/org/tukaani/xz/1.0/xz-1.0.jar:/home/user/.m2/repository/org/apache/hadoop/hadoop-common/3.2.0/hadoop-common-3.2.0.jar:/home/user/.m2/repository/org/apache/hadoop/hadoop-hdfs/3.2.0/hadoop-hdfs-3.2.0.jar:/home/user/.m2/repository/org/apache/hadoop/hadoop-hdfs-client/3.2.0/hadoop-hdfs-client-3.2.0.jar:/home/user/.m2/repository/com/fasterxml/jackson/core/jackson-annotations/2.9.5/jackson-annotations-2.9.5.jar:/home/user/.m2/repository/org/apache/hadoop/hadoop-hdds-common/0.5.0-SNAPSHOT/hadoop-hdds-common-0.5.0-SNAPSHOT.jar:/home/user/.m2/repository/javax/annotation/javax.annotation-api/1.2/javax.annotation-api-1.2.jar:/home/user/.m2/repository/org/apache/ratis/ratis-server/0.4.0-78e95b9-SNAPSHOT/ratis-server-0.4.0-78e95b9-SNAPSHOT.jar:/home/user/.m2/repository/org/apache/ratis/ratis-thirdparty-misc/0.2.0/ratis-thirdparty-misc-0.2.0.jar:/home/user/.m2/repository/org/apache/ratis/ratis-proto/0.4.0-78e95b9-SNAPSHOT/ratis-proto-0.4.0-78e95b9-SNAPSHOT.jar:/home/user/.m2/repository/org/apache/ratis/ratis-common/0.4.0-78e95b9-SNAPSHOT/ratis-common-0.4.0-78e95b9-SNAPSHOT.jar:/home/user/.m2/repository/org/apache/ratis/ratis-client/0.4.0-78e95b9-SNAPSHOT/ratis-client-0.4.0-78e95b9-SNAPSHOT.jar:/home/user/.m2/repository/org/apache/ratis/ratis-metrics/0.4.0-78e95b9-SNAPSHOT/ratis-metrics-0.4.0-78e95b9-SNAPSHOT.jar:/home/user/.m2/repository/com/github/joshelser/dropwizard-metrics-hadoop-metrics2-reporter/0.1.2/dropwizard-metrics-hadoop-metrics2-reporter-0.1.2.jar:/home/user/.m2/repository/io/dropwizard/metrics/metrics-jvm/3.2.5/metrics-jvm-3.2.5.jar:/home/user/.m2/repository/io/dropwizard/metrics/metrics-ganglia/3.2.5/metrics-ganglia-3.2.5.jar:/home/user/.m2/repository/info/ganglia/gmetric4j/gmetric4j/1.0.7/gmetric4j-1.0.7.jar:/home/user/.m2/repository/org/apache/ratis/ratis-netty/0.4.0-78e95b9-SNAPSHOT/ratis-netty-0.4.0-78e95b9-SNAPSHOT.jar:/home/user/.m2/repository/org/apache/ratis/ratis-grpc/0.4.0-78e95b9-SNAPSHOT/ratis-grpc-0.4.0-78e95b9-SNAPSHOT.jar:/home/user/.m2/repository/org/rocksdb/rocksdbjni/6.0.1/rocksdbjni-6.0.1.jar:/home/user/.m2/repository/org/apache/logging/log4j/log4j-api/2.11.0/log4j-api-2.11.0.jar:/home/user/.m2/repository/org/apache/logging/log4j/log4j-core/2.11.0/log4j-core-2.11.0.jar:/home/user/.m2/repository/com/lmax/disruptor/3.4.2/disruptor-3.4.2.jar:/home/user/.m2/repository/org/apache/commons/commons-pool2/2.6.0/commons-pool2-2.6.0.jar:/home/user/.m2/repository/org/bouncycastle/bcpkix-jdk15on/1.60/bcpkix-jdk15on-1.60.jar:/home/user/.m2/repository/commons-validator/commons-validator/1.6/commons-validator-1.6.jar:/home/user/.m2/repository/commons-digester/commons-digester/1.8.1/commons-digester-1.8.1.jar:/home/user/.m2/repository/io/jaegertracing/jaeger-client/0.33.1/jaeger-client-0.33.1.jar:/home/user/.m2/repository/io/jaegertracing/jaeger-thrift/0.33.1/jaeger-thrift-0.33.1.jar:/home/user/.m2/repository/org/apache/thrift/libthrift/0.11.0/libthrift-0.11.0.jar:/home/user/.m2/repository/com/squareup/okhttp3/okhttp/3.9.0/okhttp-3.9.0.jar:/home/user/.m2/repository/com/squareup/okio/okio/1.13.0/okio-1.13.0.jar:/home/user/.m2/repository/io/jaegertracing/jaeger-core/0.33.1/jaeger-core-0.33.1.jar:/home/user/.m2/repository/io/jaegertracing/jaeger-tracerresolver/0.33.1/jaeger-tracerresolver-0.33.1.jar:/home/user/.m2/repository/io/opentracing/contrib/opentracing-tracerresolver/0.1.5/opentracing-tracerresolver-0.1.5.jar:/home/user/.m2/repository/io/opentracing/opentracing-util/0.31.0/opentracing-util-0.31.0.jar:/home/user/.m2/repository/io/opentracing/opentracing-api/0.31.0/opentracing-api-0.31.0.jar:/home/user/.m2/repository/io/opentracing/opentracing-noop/0.31.0/opentracing-noop-0.31.0.jar:/home/user/.m2/repository/org/apache/hadoop/hadoop-hdds-server-framework/0.5.0-SNAPSHOT/hadoop-hdds-server-framework-0.5.0-SNAPSHOT.jar:/home/user/.m2/repository/org/apache/hadoop/hadoop-hdds-container-service/0.5.0-SNAPSHOT/hadoop-hdds-container-service-0.5.0-SNAPSHOT.jar:/home/user/.m2/repository/org/apache/hadoop/hadoop-hdds-client/0.5.0-SNAPSHOT/hadoop-hdds-client-0.5.0-SNAPSHOT.jar:/home/user/.m2/repository/org/apache/hadoop/hadoop-hdds-tools/0.5.0-SNAPSHOT/hadoop-hdds-tools-0.5.0-SNAPSHOT.jar:/home/user/.m2/repository/org/apache/hadoop/hadoop-hdds-server-scm/0.5.0-SNAPSHOT/hadoop-hdds-server-scm-0.5.0-SNAPSHOT.jar:/home/user/.m2/repository/org/apache/hadoop/hadoop-hdds-docs/0.5.0-SNAPSHOT/hadoop-hdds-docs-0.5.0-SNAPSHOT.jar:/home/user/.m2/repository/io/dropwizard/metrics/metrics-core/3.2.4/metrics-core-3.2.4.jar:/home/user/.m2/repository/org/hamcrest/hamcrest-all/1.3/hamcrest-all-1.3.jar:/home/user/.m2/repository/org/bouncycastle/bcprov-jdk15on/1.60/bcprov-jdk15on-1.60.jar:/home/user/.m2/repository/info/picocli/picocli/3.9.6/picocli-3.9.6.jar:/home/user/.m2/repository/com/google/protobuf/protobuf-java/2.5.0/protobuf-java-2.5.0.jar:/home/user/.m2/repository/com/google/guava/guava/11.0.2/guava-11.0.2.jar:/home/user/.m2/repository/org/apache/hadoop/hadoop-ozone-ozone-manager/0.5.0-SNAPSHOT/hadoop-ozone-ozone-manager-0.5.0-SNAPSHOT.jar:/home/user/.m2/repository/org/apache/hadoop/hadoop-minikdc/3.2.0/hadoop-minikdc-3.2.0.jar:/home/user/.m2/repository/commons-io/commons-io/2.5/commons-io-2.5.jar:/home/user/.m2/repository/org/apache/kerby/kerb-simplekdc/1.0.1/kerb-simplekdc-1.0.1.jar:/home/user/.m2/repository/org/apache/kerby/kerb-client/1.0.1/kerb-client-1.0.1.jar:/home/user/.m2/repository/org/apache/kerby/kerby-config/1.0.1/kerby-config-1.0.1.jar:/home/user/.m2/repository/org/apache/kerby/kerb-core/1.0.1/kerb-core-1.0.1.jar:/home/user/.m2/repository/org/apache/kerby/kerby-pkix/1.0.1/kerby-pkix-1.0.1.jar:/home/user/.m2/repository/org/apache/kerby/kerby-asn1/1.0.1/kerby-asn1-1.0.1.jar:/home/user/.m2/repository/org/apache/kerby/kerby-util/1.0.1/kerby-util-1.0.1.jar:/home/user/.m2/repository/org/apache/kerby/kerb-common/1.0.1/kerb-common-1.0.1.jar:/home/user/.m2/repository/org/apache/kerby/kerb-crypto/1.0.1/kerb-crypto-1.0.1.jar:/home/user/.m2/repository/org/apache/kerby/kerb-util/1.0.1/kerb-util-1.0.1.jar:/home/user/.m2/repository/org/apache/kerby/token-provider/1.0.1/token-provider-1.0.1.jar:/home/user/.m2/repository/org/apache/kerby/kerb-admin/1.0.1/kerb-admin-1.0.1.jar:/home/user/.m2/repository/org/apache/kerby/kerb-server/1.0.1/kerb-server-1.0.1.jar:/home/user/.m2/repository/org/apache/kerby/kerb-identity/1.0.1/kerb-identity-1.0.1.jar:/home/user/.m2/repository/org/apache/kerby/kerby-xdr/1.0.1/kerby-xdr-1.0.1.jar:/home/user/.m2/repository/org/slf4j/slf4j-log4j12/1.7.25/slf4j-log4j12-1.7.25.jar:/home/user/.m2/repository/org/apache/hadoop/hadoop-ozone-s3gateway/0.5.0-SNAPSHOT/hadoop-ozone-s3gateway-0.5.0-SNAPSHOT.jar:/home/user/.m2/repository/org/jboss/weld/servlet/weld-servlet/2.4.7.Final/weld-servlet-2.4.7.Final.jar:/home/user/.m2/repository/org/glassfish/jersey/containers/jersey-container-servlet-core/2.27/jersey-container-servlet-core-2.27.jar:/home/user/.m2/repository/org/glassfish/hk2/external/javax.inject/2.5.0-b42/javax.inject-2.5.0-b42.jar:/home/user/.m2/repository/org/glassfish/jersey/core/jersey-common/2.27/jersey-common-2.27.jar:/home/user/.m2/repository/org/glassfish/hk2/osgi-resource-locator/1.0.1/osgi-resource-locator-1.0.1.jar:/home/user/.m2/repository/javax/ws/rs/javax.ws.rs-api/2.1/javax.ws.rs-api-2.1.jar:/home/user/.m2/repository/org/glassfish/jersey/ext/cdi/jersey-cdi1x/2.27/jersey-cdi1x-2.27.jar:/home/user/.m2/repository/org/glassfish/jersey/inject/jersey-hk2/2.27/jersey-hk2-2.27.jar:/home/user/.m2/repository/org/glassfish/hk2/hk2-locator/2.5.0-b42/hk2-locator-2.5.0-b42.jar:/home/user/.m2/repository/org/javassist/javassist/3.22.0-CR2/javassist-3.22.0-CR2.jar:/home/user/.m2/repository/org/glassfish/hk2/hk2-api/2.5.0/hk2-api-2.5.0.jar:/home/user/.m2/repository/org/glassfish/hk2/external/jakarta.inject/2.5.0/jakarta.inject-2.5.0.jar:/home/user/.m2/repository/org/glassfish/hk2/hk2-utils/2.5.0/hk2-utils-2.5.0.jar:/home/user/.m2/repository/jakarta/annotation/jakarta.annotation-api/1.3.4/jakarta.annotation-api-1.3.4.jar:/home/user/.m2/repository/org/glassfish/hk2/external/aopalliance-repackaged/2.5.0/aopalliance-repackaged-2.5.0.jar:/home/user/.m2/repository/com/fasterxml/jackson/dataformat/jackson-dataformat-xml/2.9.0/jackson-dataformat-xml-2.9.0.jar:/home/user/.m2/repository/com/fasterxml/jackson/core/jackson-core/2.9.5/jackson-core-2.9.5.jar:/home/user/.m2/repository/com/fasterxml/jackson/module/jackson-module-jaxb-annotations/2.9.5/jackson-module-jaxb-annotations-2.9.5.jar:/home/user/.m2/repository/javax/enterprise/cdi-api/1.2/cdi-api-1.2.jar:/home/user/.m2/repository/javax/el/javax.el-api/3.0.0/javax.el-api-3.0.0.jar:/home/user/.m2/repository/javax/interceptor/javax.interceptor-api/1.2/javax.interceptor-api-1.2.jar:/home/user/.m2/repository/javax/inject/javax.inject/1/javax.inject-1.jar:/home/user/.m2/repository/com/sun/xml/bind/jaxb-impl/2.3.0.1/jaxb-impl-2.3.0.1.jar:/home/user/.m2/repository/com/sun/xml/bind/jaxb-core/2.3.0.1/jaxb-core-2.3.0.1.jar:/home/user/.m2/repository/javax/xml/bind/jaxb-api/2.3.0/jaxb-api-2.3.0.jar:/home/user/.m2/repository/javax/activation/activation/1.1.1/activation-1.1.1.jar:/home/user/.m2/repository/org/apache/hadoop/hadoop-ozone-csi/0.5.0-SNAPSHOT/hadoop-ozone-csi-0.5.0-SNAPSHOT.jar:/home/user/.m2/repository/com/google/protobuf/protobuf-java-util/3.5.1/protobuf-java-util-3.5.1.jar:/home/user/.m2/repository/org/apache/hadoop/hadoop-hdds-config/0.5.0-SNAPSHOT/hadoop-hdds-config-0.5.0-SNAPSHOT.jar:/home/user/.m2/repository/io/grpc/grpc-netty/1.17.1/grpc-netty-1.17.1.jar:/home/user/.m2/repository/io/grpc/grpc-core/1.17.1/grpc-core-1.17.1.jar:/home/user/.m2/repository/io/grpc/grpc-context/1.17.1/grpc-context-1.17.1.jar:/home/user/.m2/repository/com/google/errorprone/error_prone_annotations/2.2.0/error_prone_annotations-2.2.0.jar:/home/user/.m2/repository/org/codehaus/mojo/animal-sniffer-annotations/1.17/animal-sniffer-annotations-1.17.jar:/home/user/.m2/repository/io/opencensus/opencensus-api/0.17.0/opencensus-api-0.17.0.jar:/home/user/.m2/repository/io/opencensus/opencensus-contrib-grpc-metrics/0.17.0/opencensus-contrib-grpc-metrics-0.17.0.jar:/home/user/.m2/repository/io/netty/netty-codec-http2/4.1.30.Final/netty-codec-http2-4.1.30.Final.jar:/home/user/.m2/repository/io/netty/netty-codec-http/4.1.30.Final/netty-codec-http-4.1.30.Final.jar:/home/user/.m2/repository/io/netty/netty-codec/4.1.30.Final/netty-codec-4.1.30.Final.jar:/home/user/.m2/repository/io/netty/netty-handler/4.1.30.Final/netty-handler-4.1.30.Final.jar:/home/user/.m2/repository/io/netty/netty-handler-proxy/4.1.30.Final/netty-handler-proxy-4.1.30.Final.jar:/home/user/.m2/repository/io/netty/netty-codec-socks/4.1.30.Final/netty-codec-socks-4.1.30.Final.jar:/home/user/.m2/repository/io/netty/netty-transport-native-epoll/4.1.30.Final/netty-transport-native-epoll-4.1.30.Final.jar:/home/user/.m2/repository/io/netty/netty-common/4.1.30.Final/netty-common-4.1.30.Final.jar:/home/user/.m2/repository/io/netty/netty-buffer/4.1.30.Final/netty-buffer-4.1.30.Final.jar:/home/user/.m2/repository/io/netty/netty-transport/4.1.30.Final/netty-transport-4.1.30.Final.jar:/home/user/.m2/repository/io/netty/netty-resolver/4.1.30.Final/netty-resolver-4.1.30.Final.jar:/home/user/.m2/repository/io/netty/netty-transport-native-unix-common/4.1.30.Final/netty-transport-native-unix-common-4.1.30.Final.jar:/home/user/.m2/repository/io/grpc/grpc-protobuf/1.17.1/grpc-protobuf-1.17.1.jar:/home/user/.m2/repository/com/google/api/grpc/proto-google-common-protos/1.0.0/proto-google-common-protos-1.0.0.jar:/home/user/.m2/repository/io/grpc/grpc-protobuf-lite/1.17.1/grpc-protobuf-lite-1.17.1.jar:/home/user/.m2/repository/io/grpc/grpc-stub/1.17.1/grpc-stub-1.17.1.jar:/home/user/.m2/repository/org/apache/hadoop/hadoop-ozone-recon/0.5.0-SNAPSHOT/hadoop-ozone-recon-0.5.0-SNAPSHOT.jar:/home/user/.m2/repository/org/apache/hadoop/hadoop-ozone-reconcodegen/0.5.0-SNAPSHOT/hadoop-ozone-reconcodegen-0.5.0-SNAPSHOT.jar:/home/user/.m2/repository/com/google/inject/extensions/guice-multibindings/4.0/guice-multibindings-4.0.jar:/home/user/.m2/repository/com/google/inject/guice/4.0/guice-4.0.jar:/home/user/.m2/repository/aopalliance/aopalliance/1.0/aopalliance-1.0.jar:/home/user/.m2/repository/com/google/inject/extensions/guice-servlet/4.0/guice-servlet-4.0.jar:/home/user/.m2/repository/org/glassfish/jersey/containers/jersey-container-servlet/2.27/jersey-container-servlet-2.27.jar:/home/user/.m2/repository/org/glassfish/hk2/guice-bridge/2.5.0/guice-bridge-2.5.0.jar:/home/user/.m2/repository/org/glassfish/jersey/core/jersey-server/2.27/jersey-server-2.27.jar:/home/user/.m2/repository/org/glassfish/jersey/core/jersey-client/2.27/jersey-client-2.27.jar:/home/user/.m2/repository/org/glassfish/jersey/media/jersey-media-jaxb/2.27/jersey-media-jaxb-2.27.jar:/home/user/.m2/repository/javax/validation/validation-api/1.1.0.Final/validation-api-1.1.0.Final.jar:/home/user/.m2/repository/org/glassfish/jersey/media/jersey-media-json-jackson/2.27/jersey-media-json-jackson-2.27.jar:/home/user/.m2/repository/org/glassfish/jersey/ext/jersey-entity-filtering/2.27/jersey-entity-filtering-2.27.jar:/home/user/.m2/repository/com/google/inject/extensions/guice-assistedinject/4.0/guice-assistedinject-4.0.jar:/home/user/.m2/repository/org/jooq/jooq/3.11.10/jooq-3.11.10.jar:/home/user/.m2/repository/org/jooq/jooq-meta/3.11.10/jooq-meta-3.11.10.jar:/home/user/.m2/repository/org/jooq/jooq-codegen/3.11.10/jooq-codegen-3.11.10.jar:/home/user/.m2/repository/com/jolbox/bonecp/0.8.0.RELEASE/bonecp-0.8.0.RELEASE.jar:/home/user/.m2/repository/org/xerial/sqlite-jdbc/3.25.2/sqlite-jdbc-3.25.2.jar:/home/user/.m2/repository/org/springframework/spring-jdbc/5.1.3.RELEASE/spring-jdbc-5.1.3.RELEASE.jar:/home/user/.m2/repository/org/springframework/spring-beans/5.1.3.RELEASE/spring-beans-5.1.3.RELEASE.jar:/home/user/.m2/repository/org/springframework/spring-core/5.1.3.RELEASE/spring-core-5.1.3.RELEASE.jar:/home/user/.m2/repository/org/springframework/spring-jcl/5.1.3.RELEASE/spring-jcl-5.1.3.RELEASE.jar:/home/user/.m2/repository/org/springframework/spring-tx/5.1.3.RELEASE/spring-tx-5.1.3.RELEASE.jar:/home/user/.m2/repository/org/apache/hadoop/hadoop-ozone-client/0.5.0-SNAPSHOT/hadoop-ozone-client-0.5.0-SNAPSHOT.jar:/home/user/.m2/repository/commons-lang/commons-lang/2.6/commons-lang-2.6.jar:/home/user/.m2/repository/org/apache/hadoop/hadoop-ozone-ozone-manager/0.5.0-SNAPSHOT/hadoop-ozone-ozone-manager-0.5.0-SNAPSHOT-tests.jar:/home/user/.m2/repository/junit/junit/4.11/junit-4.11.jar:/home/user/.m2/repository/org/hamcrest/hamcrest-core/1.3/hamcrest-core-1.3.jar:/home/user/.m2/repository/org/openjdk/jmh/jmh-core/1.19/jmh-core-1.19.jar:/home/user/.m2/repository/net/sf/jopt-simple/jopt-simple/4.6/jopt-simple-4.6.jar:/home/user/.m2/repository/org/apache/commons/commons-math3/3.1.1/commons-math3-3.1.1.jar:/home/user/.m2/repository/org/openjdk/jmh/jmh-generator-annprocess/1.19/jmh-generator-annprocess-1.19.jar:/home/user/.m2/repository/org/mockito/mockito-all/1.8.5/mockito-all-1.8.5.jar:/home/user/.m2/repository/org/apache/hadoop/hadoop-kms/3.2.0/hadoop-kms-3.2.0.jar:/home/user/.m2/repository/org/apache/hadoop/hadoop-auth/3.2.0/hadoop-auth-3.2.0.jar:/home/user/.m2/repository/com/nimbusds/nimbus-jose-jwt/4.41.1/nimbus-jose-jwt-4.41.1.jar:/home/user/.m2/repository/com/github/stephenc/jcip/jcip-annotations/1.0-1/jcip-annotations-1.0-1.jar:/home/user/.m2/repository/net/minidev/json-smart/2.3/json-smart-2.3.jar:/home/user/.m2/repository/net/minidev/accessors-smart/1.2/accessors-smart-1.2.jar:/home/user/.m2/repository/org/ow2/asm/asm/5.0.4/asm-5.0.4.jar:/home/user/.m2/repository/org/apache/curator/curator-framework/2.12.0/curator-framework-2.12.0.jar:/home/user/.m2/repository/com/sun/jersey/jersey-core/1.19/jersey-core-1.19.jar:/home/user/.m2/repository/javax/ws/rs/jsr311-api/1.1.1/jsr311-api-1.1.1.jar:/home/user/.m2/repository/com/sun/jersey/jersey-server/1.19/jersey-server-1.19.jar:/home/user/.m2/repository/javax/servlet/javax.servlet-api/3.1.0/javax.servlet-api-3.1.0.jar:/home/user/.m2/repository/org/eclipse/jetty/jetty-server/9.3.24.v20180605/jetty-server-9.3.24.v20180605.jar:/home/user/.m2/repository/org/eclipse/jetty/jetty-http/9.3.24.v20180605/jetty-http-9.3.24.v20180605.jar:/home/user/.m2/repository/org/eclipse/jetty/jetty-io/9.3.24.v20180605/jetty-io-9.3.24.v20180605.jar:/home/user/.m2/repository/org/eclipse/jetty/jetty-webapp/9.3.24.v20180605/jetty-webapp-9.3.24.v20180605.jar:/home/user/.m2/repository/org/eclipse/jetty/jetty-xml/9.3.24.v20180605/jetty-xml-9.3.24.v20180605.jar:/home/user/.m2/repository/log4j/log4j/1.2.17/log4j-1.2.17.jar:/home/user/.m2/repository/org/slf4j/slf4j-api/1.7.25/slf4j-api-1.7.25.jar:/home/user/.m2/repository/org/slf4j/jul-to-slf4j/1.7.25/jul-to-slf4j-1.7.25.jar:/home/user/.m2/repository/org/eclipse/jetty/jetty-util/9.3.24.v20180605/jetty-util-9.3.24.v20180605.jar:/home/user/.m2/repository/com/fasterxml/jackson/core/jackson-databind/2.9.5/jackson-databind-2.9.5.jar:/home/user/.m2/repository/org/apache/hadoop/hadoop-kms/3.2.0/hadoop-kms-3.2.0-tests.jar:/home/user/.m2/repository/org/apache/hadoop/hadoop-hdds-server-scm/0.5.0-SNAPSHOT/hadoop-hdds-server-scm-0.5.0-SNAPSHOT-tests.jar:/home/user/.m2/repository/org/apache/hadoop/hadoop-hdds-container-service/0.5.0-SNAPSHOT/hadoop-hdds-container-service-0.5.0-SNAPSHOT-tests.jar:/home/user/.m2/repository/org/yaml/snakeyaml/1.16/snakeyaml-1.16.jar:/home/user/.m2/repository/org/apache/hadoop/hadoop-common/3.2.0/hadoop-common-3.2.0-tests.jar:/home/user/.m2/repository/org/apache/hadoop/hadoop-annotations/3.2.0/hadoop-annotations-3.2.0.jar:/usr/lib/jvm/java-1.8-openjdk/jre/../lib/tools.jar:/home/user/.m2/repository/commons-cli/commons-cli/1.2/commons-cli-1.2.jar:/home/user/.m2/repository/org/apache/httpcomponents/httpclient/4.5.2/httpclient-4.5.2.jar:/home/user/.m2/repository/org/apache/httpcomponents/httpcore/4.4.4/httpcore-4.4.4.jar:/home/user/.m2/repository/commons-codec/commons-codec/1.11/commons-codec-1.11.jar:/home/user/.m2/repository/commons-net/commons-net/3.6/commons-net-3.6.jar:/home/user/.m2/repository/commons-collections/commons-collections/3.2.2/commons-collections-3.2.2.jar:/home/user/.m2/repository/org/eclipse/jetty/jetty-servlet/9.3.24.v20180605/jetty-servlet-9.3.24.v20180605.jar:/home/user/.m2/repository/org/eclipse/jetty/jetty-security/9.3.24.v20180605/jetty-security-9.3.24.v20180605.jar:/home/user/.m2/repository/javax/servlet/jsp/jsp-api/2.1/jsp-api-2.1.jar:/home/user/.m2/repository/com/sun/jersey/jersey-servlet/1.19/jersey-servlet-1.19.jar:/home/user/.m2/repository/com/sun/jersey/jersey-json/1.19/jersey-json-1.19.jar:/home/user/.m2/repository/org/codehaus/jettison/jettison/1.1/jettison-1.1.jar:/home/user/.m2/repository/org/codehaus/jackson/jackson-core-asl/1.9.13/jackson-core-asl-1.9.13.jar:/home/user/.m2/repository/org/codehaus/jackson/jackson-mapper-asl/1.9.13/jackson-mapper-asl-1.9.13.jar:/home/user/.m2/repository/org/codehaus/jackson/jackson-jaxrs/1.9.13/jackson-jaxrs-1.9.13.jar:/home/user/.m2/repository/org/codehaus/jackson/jackson-xc/1.9.13/jackson-xc-1.9.13.jar:/home/user/.m2/repository/commons-logging/commons-logging/1.1.3/commons-logging-1.1.3.jar:/home/user/.m2/repository/commons-beanutils/commons-beanutils/1.9.3/commons-beanutils-1.9.3.jar:/home/user/.m2/repository/org/apache/commons/commons-configuration2/2.1.1/commons-configuration2-2.1.1.jar:/home/user/.m2/repository/org/apache/commons/commons-lang3/3.7/commons-lang3-3.7.jar:/home/user/.m2/repository/org/apache/commons/commons-text/1.4/commons-text-1.4.jar:/home/user/.m2/repository/org/apache/avro/avro/1.7.7/avro-1.7.7.jar:/home/user/.m2/repository/com/thoughtworks/paranamer/paranamer/2.3/paranamer-2.3.jar:/home/user/.m2/repository/org/xerial/snappy/snappy-java/1.0.5/snappy-java-1.0.5.jar:/home/user/.m2/repository/com/google/re2j/re2j/1.1/re2j-1.1.jar:/home/user/.m2/repository/com/google/code/gson/gson/2.2.4/gson-2.2.4.jar:/home/user/.m2/repository/com/jcraft/jsch/0.1.54/jsch-0.1.54.jar:/home/user/.m2/repository/org/apache/curator/curator-client/2.12.0/curator-client-2.12.0.jar:/home/user/.m2/repository/org/apache/curator/curator-recipes/2.12.0/curator-recipes-2.12.0.jar:/home/user/.m2/repository/com/google/code/findbugs/jsr305/3.0.0/jsr305-3.0.0.jar:/home/user/.m2/repository/org/apache/htrace/htrace-core4/4.1.0-incubating/htrace-core4-4.1.0-incubating.jar:/home/user/.m2/repository/org/apache/zookeeper/zookeeper/3.4.13/zookeeper-3.4.13.jar:/home/user/.m2/repository/org/apache/yetus/audience-annotations/0.5.0/audience-annotations-0.5.0.jar:/home/user/.m2/repository/org/codehaus/woodstox/stax2-api/3.1.4/stax2-api-3.1.4.jar:/home/user/.m2/repository/com/fasterxml/woodstox/woodstox-core/5.0.3/woodstox-core-5.0.3.jar:/home/user/.m2/repository/dnsjava/dnsjava/2.1.7/dnsjava-2.1.7.jar:/home/user/.m2/repository/org/apache/hadoop/hadoop-hdfs/3.2.0/hadoop-hdfs-3.2.0-tests.jar:/home/user/.m2/repository/org/eclipse/jetty/jetty-util-ajax/9.3.24.v20180605/jetty-util-ajax-9.3.24.v20180605.jar:/home/user/.m2/repository/commons-daemon/commons-daemon/1.0.13/commons-daemon-1.0.13.jar:/home/user/.m2/repository/io/netty/netty/3.10.5.Final/netty-3.10.5.Final.jar:/home/user/.m2/repository/io/netty/netty-all/4.0.52.Final/netty-all-4.0.52.Final.jar:/home/user/.m2/repository/org/fusesource/leveldbjni/leveldbjni-all/1.8/leveldbjni-all-1.8.jar:"/>
    <property name="sun.cpu.endian" value="little"/>
    <property name="user.home" value="/home/user"/>
    <property name="user.language" value="en"/>
    <property name="java.specification.vendor" value="Oracle Corporation"/>
    <property name="java.home" value="/usr/lib/jvm/java-1.8-openjdk/jre"/>
    <property name="java.security.krb5.conf" value="/workdir/hadoop-ozone/integration-test/target/test-classes/krb5.conf"/>
    <property name="basedir" value="/workdir/hadoop-ozone/integration-test"/>
    <property name="file.separator" value="/"/>
    <property name="line.separator" value="&#10;"/>
    <property name="java.vm.specification.vendor" value="Oracle Corporation"/>
    <property name="java.specification.name" value="Java Platform API Specification"/>
    <property name="java.awt.graphicsenv" value="sun.awt.X11GraphicsEnvironment"/>
    <property name="surefire.real.class.path" value="/workdir/hadoop-ozone/integration-test/target/surefire/surefirebooter1005929342920366792.jar"/>
    <property name="hadoop.log.dir" value="/workdir/hadoop-ozone/integration-test/target/log"/>
    <property name="sun.boot.class.path" value="/usr/lib/jvm/java-1.8-openjdk/jre/lib/resources.jar:/usr/lib/jvm/java-1.8-openjdk/jre/lib/rt.jar:/usr/lib/jvm/java-1.8-openjdk/jre/lib/sunrsasign.jar:/usr/lib/jvm/java-1.8-openjdk/jre/lib/jsse.jar:/usr/lib/jvm/java-1.8-openjdk/jre/lib/jce.jar:/usr/lib/jvm/java-1.8-openjdk/jre/lib/charsets.jar:/usr/lib/jvm/java-1.8-openjdk/jre/lib/jfr.jar:/usr/lib/jvm/java-1.8-openjdk/jre/classes"/>
    <property name="sun.management.compiler" value="HotSpot 64-Bit Tiered Compilers"/>
    <property name="java.runtime.version" value="1.8.0_212-b04"/>
    <property name="java.net.preferIPv4Stack" value="true"/>
    <property name="user.name" value="jenkins1000"/>
    <property name="path.separator" value=":"/>
    <property name="java.security.egd" value="file:///dev/urandom"/>
    <property name="os.version" value="3.10.0-957.12.2.el7.x86_64"/>
    <property name="java.endorsed.dirs" value="/usr/lib/jvm/java-1.8-openjdk/jre/lib/endorsed"/>
    <property name="java.runtime.name" value="OpenJDK Runtime Environment"/>
    <property name="file.encoding" value="UTF-8"/>
    <property name="java.vm.name" value="OpenJDK 64-Bit Server VM"/>
    <property name="test.build.webapps" value=""/>
    <property name="localRepository" value="/home/user/.m2/repository"/>
    <property name="java.vendor.url.bug" value="https://icedtea.classpath.org/bugzilla"/>
    <property name="java.io.tmpdir" value="/tmp"/>
    <property name="require.test.libhadoop" value=""/>
    <property name="java.version" value="1.8.0_212"/>
    <property name="user.dir" value="/workdir/hadoop-ozone/integration-test"/>
    <property name="os.arch" value="amd64"/>
    <property name="java.vm.specification.name" value="Java Virtual Machine Specification"/>
    <property name="test.build.classes" value="/workdir/hadoop-ozone/integration-test/target/test-classes"/>
    <property name="java.awt.printerjob" value="sun.print.PSPrinterJob"/>
    <property name="sun.os.patch.level" value="unknown"/>
    <property name="hadoop.tmp.dir" value="/workdir/hadoop-ozone/integration-test/target/tmp"/>
    <property name="java.library.path" value="/usr/lib/jvm/java-1.8-openjdk/jre/lib/amd64/server:/usr/lib/jvm/java-1.8-openjdk/jre/lib/amd64:/usr/lib/jvm/java-1.8-openjdk/jre/../lib/amd64:/workdir/hadoop-ozone/integration-test/target/native/target/usr/local/lib:/workdir/hadoop-ozone/integration-test/../../hadoop-common-project/hadoop-common/target/native/target/usr/local/lib:/usr/java/packages/lib/amd64:/usr/lib64:/lib64:/lib:/usr/lib"/>
    <property name="java.vm.info" value="mixed mode"/>
    <property name="java.vendor" value="IcedTea"/>
    <property name="java.vm.version" value="25.212-b04"/>
    <property name="java.ext.dirs" value="/usr/lib/jvm/java-1.8-openjdk/jre/lib/ext:/usr/java/packages/lib/ext"/>
    <property name="sun.io.unicode.encoding" value="UnicodeLittle"/>
    <property name="java.class.version" value="52.0"/>
  </properties>
  <testcase name="testFlushChunk" classname="org.apache.hadoop.ozone.client.rpc.TestBlockOutputStream" time="10.626"/>
  <testcase name="testMultiChunkWrite2" classname="org.apache.hadoop.ozone.client.rpc.TestBlockOutputStream" time="0.499"/>
  <testcase name="testMultiChunkWrite" classname="org.apache.hadoop.ozone.client.rpc.TestBlockOutputStream" time="0.412"/>
  <testcase name="testFullBufferCondition" classname="org.apache.hadoop.ozone.client.rpc.TestBlockOutputStream" time="192.745">
    <failure type="java.lang.AssertionError">java.lang.AssertionError
	at org.junit.Assert.fail(Assert.java:86)
	at org.junit.Assert.assertTrue(Assert.java:41)
	at org.junit.Assert.assertTrue(Assert.java:52)
	at org.apache.hadoop.ozone.client.rpc.TestBlockOutputStream.testFullBufferCondition(TestBlockOutputStream.java:515)
	at sun.reflect.NativeMethodAccessorImpl.invoke0(Native Method)
	at sun.reflect.NativeMethodAccessorImpl.invoke(NativeMethodAccessorImpl.java:62)
	at sun.reflect.DelegatingMethodAccessorImpl.invoke(DelegatingMethodAccessorImpl.java:43)
	at java.lang.reflect.Method.invoke(Method.java:498)
	at org.junit.runners.model.FrameworkMethod$1.runReflectiveCall(FrameworkMethod.java:47)
	at org.junit.internal.runners.model.ReflectiveCallable.run(ReflectiveCallable.java:12)
	at org.junit.runners.model.FrameworkMethod.invokeExplosively(FrameworkMethod.java:44)
	at org.junit.internal.runners.statements.InvokeMethod.evaluate(InvokeMethod.java:17)
	at org.junit.runners.ParentRunner.runLeaf(ParentRunner.java:271)
	at org.junit.runners.BlockJUnit4ClassRunner.runChild(BlockJUnit4ClassRunner.java:70)
	at org.junit.runners.BlockJUnit4ClassRunner.runChild(BlockJUnit4ClassRunner.java:50)
	at org.junit.runners.ParentRunner$3.run(ParentRunner.java:238)
	at org.junit.runners.ParentRunner$1.schedule(ParentRunner.java:63)
	at org.junit.runners.ParentRunner.runChildren(ParentRunner.java:236)
	at org.junit.runners.ParentRunner.access$000(ParentRunner.java:53)
	at org.junit.runners.ParentRunner$2.evaluate(ParentRunner.java:229)
	at org.junit.internal.runners.statements.RunBefores.evaluate(RunBefores.java:26)
	at org.junit.internal.runners.statements.RunAfters.evaluate(RunAfters.java:27)
	at org.junit.runners.ParentRunner.run(ParentRunner.java:309)
	at org.apache.maven.surefire.junit4.JUnit4Provider.execute(JUnit4Provider.java:365)
	at org.apache.maven.surefire.junit4.JUnit4Provider.executeWithRerun(JUnit4Provider.java:273)
	at org.apache.maven.surefire.junit4.JUnit4Provider.executeTestSet(JUnit4Provider.java:238)
	at org.apache.maven.surefire.junit4.JUnit4Provider.invoke(JUnit4Provider.java:159)
	at org.apache.maven.surefire.booter.ForkedBooter.invokeProviderInSameClassLoader(ForkedBooter.java:384)
	at org.apache.maven.surefire.booter.ForkedBooter.runSuitesInProcess(ForkedBooter.java:345)
	at org.apache.maven.surefire.booter.ForkedBooter.execute(ForkedBooter.java:126)
	at org.apache.maven.surefire.booter.ForkedBooter.main(ForkedBooter.java:418)
</failure>
    <system-out><![CDATA[2019-09-17 07:57:24,326 [java.util.concurrent.ThreadPoolExecutor$Worker@4ccc1ceb[State = -1, empty queue]] WARN  server.GrpcLogAppender (GrpcLogAppender.java:timeoutAppendRequest(200)) - fa69ee7c-0798-4ff8-b468-99ad50c0848e@group-9D95763EF4C0->7dacd8a8-dd8d-4754-a701-fe48d6265aff-GrpcLogAppender: appendEntries Timeout, request=fa69ee7c-0798-4ff8-b468-99ad50c0848e->7dacd8a8-dd8d-4754-a701-fe48d6265aff#10-t1, previous=(t:1, i:6), leaderCommit=6, initializing? false, entries: size=1, first=(t:1, i:7), STATEMACHINELOGENTRY, client-77AE72837E11, cid=24
2019-09-17 07:57:24,326 [java.util.concurrent.ThreadPoolExecutor$Worker@2149b9c7[State = -1, empty queue]] WARN  server.GrpcLogAppender (GrpcLogAppender.java:timeoutAppendRequest(200)) - fa69ee7c-0798-4ff8-b468-99ad50c0848e@group-9D95763EF4C0->e5fde6a0-3418-4bd7-b263-40da0cf228f6-GrpcLogAppender: appendEntries Timeout, request=fa69ee7c-0798-4ff8-b468-99ad50c0848e->e5fde6a0-3418-4bd7-b263-40da0cf228f6#10-t1, previous=(t:1, i:6), leaderCommit=6, initializing? false, entries: size=1, first=(t:1, i:7), STATEMACHINELOGENTRY, client-77AE72837E11, cid=24
2019-09-17 07:57:24,327 [java.util.concurrent.ThreadPoolExecutor$Worker@4ccc1ceb[State = -1, empty queue]] WARN  server.GrpcLogAppender (GrpcLogAppender.java:timeoutAppendRequest(200)) - fa69ee7c-0798-4ff8-b468-99ad50c0848e@group-9D95763EF4C0->7dacd8a8-dd8d-4754-a701-fe48d6265aff-GrpcLogAppender: appendEntries Timeout, request=fa69ee7c-0798-4ff8-b468-99ad50c0848e->7dacd8a8-dd8d-4754-a701-fe48d6265aff#11-t1, previous=(t:1, i:7), leaderCommit=6, initializing? false, entries: size=1, first=(t:1, i:8), STATEMACHINELOGENTRY, client-77AE72837E11, cid=25
2019-09-17 07:57:24,330 [java.util.concurrent.ThreadPoolExecutor$Worker@2149b9c7[State = -1, empty queue]] WARN  server.GrpcLogAppender (GrpcLogAppender.java:timeoutAppendRequest(200)) - fa69ee7c-0798-4ff8-b468-99ad50c0848e@group-9D95763EF4C0->e5fde6a0-3418-4bd7-b263-40da0cf228f6-GrpcLogAppender: appendEntries Timeout, request=fa69ee7c-0798-4ff8-b468-99ad50c0848e->e5fde6a0-3418-4bd7-b263-40da0cf228f6#11-t1, previous=(t:1, i:7), leaderCommit=6, initializing? false, entries: size=1, first=(t:1, i:8), STATEMACHINELOGENTRY, client-77AE72837E11, cid=25
2019-09-17 07:57:24,332 [java.util.concurrent.ThreadPoolExecutor$Worker@4ccc1ceb[State = -1, empty queue]] WARN  server.GrpcLogAppender (GrpcLogAppender.java:timeoutAppendRequest(200)) - fa69ee7c-0798-4ff8-b468-99ad50c0848e@group-9D95763EF4C0->7dacd8a8-dd8d-4754-a701-fe48d6265aff-GrpcLogAppender: appendEntries Timeout, request=fa69ee7c-0798-4ff8-b468-99ad50c0848e->7dacd8a8-dd8d-4754-a701-fe48d6265aff#12-t1, previous=(t:1, i:8), leaderCommit=6, initializing? false, entries: size=1, first=(t:1, i:9), STATEMACHINELOGENTRY, client-77AE72837E11, cid=26
2019-09-17 07:57:24,335 [java.util.concurrent.ThreadPoolExecutor$Worker@4ccc1ceb[State = -1, empty queue]] WARN  server.GrpcLogAppender (GrpcLogAppender.java:timeoutAppendRequest(200)) - fa69ee7c-0798-4ff8-b468-99ad50c0848e@group-9D95763EF4C0->7dacd8a8-dd8d-4754-a701-fe48d6265aff-GrpcLogAppender: appendEntries Timeout, request=fa69ee7c-0798-4ff8-b468-99ad50c0848e->7dacd8a8-dd8d-4754-a701-fe48d6265aff#13-t1, previous=(t:1, i:9), leaderCommit=6, initializing? false, entries: size=1, first=(t:1, i:10), STATEMACHINELOGENTRY, client-77AE72837E11, cid=27
2019-09-17 07:57:24,335 [java.util.concurrent.ThreadPoolExecutor$Worker@2149b9c7[State = -1, empty queue]] WARN  server.GrpcLogAppender (GrpcLogAppender.java:timeoutAppendRequest(200)) - fa69ee7c-0798-4ff8-b468-99ad50c0848e@group-9D95763EF4C0->e5fde6a0-3418-4bd7-b263-40da0cf228f6-GrpcLogAppender: appendEntries Timeout, request=fa69ee7c-0798-4ff8-b468-99ad50c0848e->e5fde6a0-3418-4bd7-b263-40da0cf228f6#12-t1, previous=(t:1, i:8), leaderCommit=6, initializing? false, entries: size=1, first=(t:1, i:9), STATEMACHINELOGENTRY, client-77AE72837E11, cid=26
2019-09-17 07:57:24,337 [java.util.concurrent.ThreadPoolExecutor$Worker@4ccc1ceb[State = -1, empty queue]] WARN  server.GrpcLogAppender (GrpcLogAppender.java:timeoutAppendRequest(200)) - fa69ee7c-0798-4ff8-b468-99ad50c0848e@group-9D95763EF4C0->7dacd8a8-dd8d-4754-a701-fe48d6265aff-GrpcLogAppender: appendEntries Timeout, request=fa69ee7c-0798-4ff8-b468-99ad50c0848e->7dacd8a8-dd8d-4754-a701-fe48d6265aff#14-t1, previous=(t:1, i:10), leaderCommit=6, initializing? false, entries: size=1, first=(t:1, i:11), STATEMACHINELOGENTRY, client-77AE72837E11, cid=28
2019-09-17 07:57:24,339 [java.util.concurrent.ThreadPoolExecutor$Worker@4ccc1ceb[State = -1, empty queue]] WARN  server.GrpcLogAppender (GrpcLogAppender.java:timeoutAppendRequest(200)) - fa69ee7c-0798-4ff8-b468-99ad50c0848e@group-9D95763EF4C0->7dacd8a8-dd8d-4754-a701-fe48d6265aff-GrpcLogAppender: appendEntries Timeout, request=fa69ee7c-0798-4ff8-b468-99ad50c0848e->7dacd8a8-dd8d-4754-a701-fe48d6265aff#15-t1, previous=(t:1, i:11), leaderCommit=6, initializing? false, entries: size=1, first=(t:1, i:12), STATEMACHINELOGENTRY, client-77AE72837E11, cid=29
2019-09-17 07:57:24,339 [java.util.concurrent.ThreadPoolExecutor$Worker@2149b9c7[State = -1, empty queue]] WARN  server.GrpcLogAppender (GrpcLogAppender.java:timeoutAppendRequest(200)) - fa69ee7c-0798-4ff8-b468-99ad50c0848e@group-9D95763EF4C0->e5fde6a0-3418-4bd7-b263-40da0cf228f6-GrpcLogAppender: appendEntries Timeout, request=fa69ee7c-0798-4ff8-b468-99ad50c0848e->e5fde6a0-3418-4bd7-b263-40da0cf228f6#13-t1, previous=(t:1, i:9), leaderCommit=6, initializing? false, entries: size=1, first=(t:1, i:10), STATEMACHINELOGENTRY, client-77AE72837E11, cid=27
2019-09-17 07:57:24,342 [java.util.concurrent.ThreadPoolExecutor$Worker@2149b9c7[State = -1, empty queue]] WARN  server.GrpcLogAppender (GrpcLogAppender.java:timeoutAppendRequest(200)) - fa69ee7c-0798-4ff8-b468-99ad50c0848e@group-9D95763EF4C0->e5fde6a0-3418-4bd7-b263-40da0cf228f6-GrpcLogAppender: appendEntries Timeout, request=fa69ee7c-0798-4ff8-b468-99ad50c0848e->e5fde6a0-3418-4bd7-b263-40da0cf228f6#14-t1, previous=(t:1, i:10), leaderCommit=6, initializing? false, entries: size=1, first=(t:1, i:11), STATEMACHINELOGENTRY, client-77AE72837E11, cid=28
2019-09-17 07:57:24,342 [java.util.concurrent.ThreadPoolExecutor$Worker@2149b9c7[State = -1, empty queue]] WARN  server.GrpcLogAppender (GrpcLogAppender.java:timeoutAppendRequest(200)) - fa69ee7c-0798-4ff8-b468-99ad50c0848e@group-9D95763EF4C0->e5fde6a0-3418-4bd7-b263-40da0cf228f6-GrpcLogAppender: appendEntries Timeout, request=fa69ee7c-0798-4ff8-b468-99ad50c0848e->e5fde6a0-3418-4bd7-b263-40da0cf228f6#15-t1, previous=(t:1, i:11), leaderCommit=6, initializing? false, entries: size=1, first=(t:1, i:12), STATEMACHINELOGENTRY, client-77AE72837E11, cid=29
2019-09-17 07:57:26,389 [grpc-default-executor-1] INFO  client.GrpcClientProtocolClient (GrpcClientProtocolClient.java:onNext(264)) - client-77AE72837E11->e5fde6a0-3418-4bd7-b263-40da0cf228f6: receive RaftClientReply:client-77AE72837E11->e5fde6a0-3418-4bd7-b263-40da0cf228f6@group-9D95763EF4C0, cid=24, FAILED org.apache.ratis.protocol.NotLeaderException: Server e5fde6a0-3418-4bd7-b263-40da0cf228f6@group-9D95763EF4C0 is not the leader fa69ee7c-0798-4ff8-b468-99ad50c0848e:192.168.151.112:42872, logIndex=0, commits[e5fde6a0-3418-4bd7-b263-40da0cf228f6:c6, fa69ee7c-0798-4ff8-b468-99ad50c0848e:c6, 7dacd8a8-dd8d-4754-a701-fe48d6265aff:c4]
2019-09-17 07:57:26,834 [java.util.concurrent.ThreadPoolExecutor$Worker@2149b9c7[State = -1, empty queue]] WARN  server.GrpcLogAppender (GrpcLogAppender.java:timeoutAppendRequest(200)) - fa69ee7c-0798-4ff8-b468-99ad50c0848e@group-9D95763EF4C0->e5fde6a0-3418-4bd7-b263-40da0cf228f6-GrpcLogAppender: appendEntries Timeout, request=fa69ee7c-0798-4ff8-b468-99ad50c0848e->e5fde6a0-3418-4bd7-b263-40da0cf228f6#16-t1, previous=(t:1, i:12), leaderCommit=6, initializing? false, entries: <empty>
2019-09-17 07:57:26,834 [java.util.concurrent.ThreadPoolExecutor$Worker@4ccc1ceb[State = -1, empty queue]] WARN  server.GrpcLogAppender (GrpcLogAppender.java:timeoutAppendRequest(200)) - fa69ee7c-0798-4ff8-b468-99ad50c0848e@group-9D95763EF4C0->7dacd8a8-dd8d-4754-a701-fe48d6265aff-GrpcLogAppender: appendEntries Timeout, request=fa69ee7c-0798-4ff8-b468-99ad50c0848e->7dacd8a8-dd8d-4754-a701-fe48d6265aff#16-t1, previous=(t:1, i:12), leaderCommit=6, initializing? false, entries: <empty>
2019-09-17 07:57:29,335 [java.util.concurrent.ThreadPoolExecutor$Worker@2149b9c7[State = -1, empty queue]] WARN  server.GrpcLogAppender (GrpcLogAppender.java:timeoutAppendRequest(200)) - fa69ee7c-0798-4ff8-b468-99ad50c0848e@group-9D95763EF4C0->e5fde6a0-3418-4bd7-b263-40da0cf228f6-GrpcLogAppender: appendEntries Timeout, request=fa69ee7c-0798-4ff8-b468-99ad50c0848e->e5fde6a0-3418-4bd7-b263-40da0cf228f6#17-t1, previous=(t:1, i:12), leaderCommit=6, initializing? false, entries: <empty>
2019-09-17 07:57:29,335 [java.util.concurrent.ThreadPoolExecutor$Worker@4ccc1ceb[State = -1, empty queue]] WARN  server.GrpcLogAppender (GrpcLogAppender.java:timeoutAppendRequest(200)) - fa69ee7c-0798-4ff8-b468-99ad50c0848e@group-9D95763EF4C0->7dacd8a8-dd8d-4754-a701-fe48d6265aff-GrpcLogAppender: appendEntries Timeout, request=fa69ee7c-0798-4ff8-b468-99ad50c0848e->7dacd8a8-dd8d-4754-a701-fe48d6265aff#17-t1, previous=(t:1, i:12), leaderCommit=6, initializing? false, entries: <empty>
2019-09-17 07:57:31,442 [grpc-default-executor-1] INFO  client.GrpcClientProtocolClient (GrpcClientProtocolClient.java:onNext(264)) - client-77AE72837E11->7dacd8a8-dd8d-4754-a701-fe48d6265aff: receive RaftClientReply:client-77AE72837E11->7dacd8a8-dd8d-4754-a701-fe48d6265aff@group-9D95763EF4C0, cid=24, FAILED org.apache.ratis.protocol.NotLeaderException: Server 7dacd8a8-dd8d-4754-a701-fe48d6265aff@group-9D95763EF4C0 is not the leader fa69ee7c-0798-4ff8-b468-99ad50c0848e:192.168.151.112:42872, logIndex=0, commits[7dacd8a8-dd8d-4754-a701-fe48d6265aff:c6, fa69ee7c-0798-4ff8-b468-99ad50c0848e:c6, e5fde6a0-3418-4bd7-b263-40da0cf228f6:c4]
2019-09-17 07:57:31,463 [e5fde6a0-3418-4bd7-b263-40da0cf228f6@group-9D95763EF4C0-SegmentedRaftLogWorker] WARN  segmented.SegmentedRaftLogWorker (SegmentedRaftLogWorker.java:getFromFuture(90)) - Timeout 0/~
org.apache.ratis.protocol.TimeoutIOException: Timeout 10s: WriteLog:8: (t:1, i:8), STATEMACHINELOGENTRY, client-77AE72837E11, cid=25-writeStateMachineData
	at org.apache.ratis.util.IOUtils.getFromFuture(IOUtils.java:87)
	at org.apache.ratis.server.raftlog.segmented.SegmentedRaftLogWorker$StateMachineDataPolicy.getFromFuture(SegmentedRaftLogWorker.java:87)
	at org.apache.ratis.server.raftlog.segmented.SegmentedRaftLogWorker$WriteLog.execute(SegmentedRaftLogWorker.java:477)
	at org.apache.ratis.server.raftlog.segmented.SegmentedRaftLogWorker.run(SegmentedRaftLogWorker.java:289)
	at java.lang.Thread.run(Thread.java:748)
Caused by: java.util.concurrent.TimeoutException
	at java.util.concurrent.CompletableFuture.timedGet(CompletableFuture.java:1771)
	at java.util.concurrent.CompletableFuture.get(CompletableFuture.java:1915)
	at org.apache.ratis.util.IOUtils.getFromFuture(IOUtils.java:79)
	... 4 more
2019-09-17 07:57:31,463 [7dacd8a8-dd8d-4754-a701-fe48d6265aff@group-9D95763EF4C0-SegmentedRaftLogWorker] WARN  segmented.SegmentedRaftLogWorker (SegmentedRaftLogWorker.java:getFromFuture(90)) - Timeout 0/~
org.apache.ratis.protocol.TimeoutIOException: Timeout 10s: WriteLog:8: (t:1, i:8), STATEMACHINELOGENTRY, client-77AE72837E11, cid=25-writeStateMachineData
	at org.apache.ratis.util.IOUtils.getFromFuture(IOUtils.java:87)
	at org.apache.ratis.server.raftlog.segmented.SegmentedRaftLogWorker$StateMachineDataPolicy.getFromFuture(SegmentedRaftLogWorker.java:87)
	at org.apache.ratis.server.raftlog.segmented.SegmentedRaftLogWorker$WriteLog.execute(SegmentedRaftLogWorker.java:477)
	at org.apache.ratis.server.raftlog.segmented.SegmentedRaftLogWorker.run(SegmentedRaftLogWorker.java:289)
	at java.lang.Thread.run(Thread.java:748)
Caused by: java.util.concurrent.TimeoutException
	at java.util.concurrent.CompletableFuture.timedGet(CompletableFuture.java:1771)
	at java.util.concurrent.CompletableFuture.get(CompletableFuture.java:1915)
	at org.apache.ratis.util.IOUtils.getFromFuture(IOUtils.java:79)
	... 4 more
2019-09-17 07:57:31,463 [fa69ee7c-0798-4ff8-b468-99ad50c0848e@group-9D95763EF4C0-SegmentedRaftLogWorker] WARN  segmented.SegmentedRaftLogWorker (SegmentedRaftLogWorker.java:getFromFuture(90)) - Timeout 0/~
org.apache.ratis.protocol.TimeoutIOException: Timeout 10s: WriteLog:8: (t:1, i:8), STATEMACHINELOGENTRY, client-77AE72837E11, cid=25-writeStateMachineData
	at org.apache.ratis.util.IOUtils.getFromFuture(IOUtils.java:87)
	at org.apache.ratis.server.raftlog.segmented.SegmentedRaftLogWorker$StateMachineDataPolicy.getFromFuture(SegmentedRaftLogWorker.java:87)
	at org.apache.ratis.server.raftlog.segmented.SegmentedRaftLogWorker$WriteLog.execute(SegmentedRaftLogWorker.java:477)
	at org.apache.ratis.server.raftlog.segmented.SegmentedRaftLogWorker.run(SegmentedRaftLogWorker.java:289)
	at java.lang.Thread.run(Thread.java:748)
Caused by: java.util.concurrent.TimeoutException
	at java.util.concurrent.CompletableFuture.timedGet(CompletableFuture.java:1771)
	at java.util.concurrent.CompletableFuture.get(CompletableFuture.java:1915)
	at org.apache.ratis.util.IOUtils.getFromFuture(IOUtils.java:79)
	... 4 more
2019-09-17 07:57:31,837 [java.util.concurrent.ThreadPoolExecutor$Worker@2149b9c7[State = -1, empty queue]] WARN  server.GrpcLogAppender (GrpcLogAppender.java:timeoutAppendRequest(200)) - fa69ee7c-0798-4ff8-b468-99ad50c0848e@group-9D95763EF4C0->e5fde6a0-3418-4bd7-b263-40da0cf228f6-GrpcLogAppender: appendEntries Timeout, request=fa69ee7c-0798-4ff8-b468-99ad50c0848e->e5fde6a0-3418-4bd7-b263-40da0cf228f6#18-t1, previous=(t:1, i:12), leaderCommit=6, initializing? false, entries: <empty>
2019-09-17 07:57:31,837 [java.util.concurrent.ThreadPoolExecutor$Worker@4ccc1ceb[State = -1, empty queue]] WARN  server.GrpcLogAppender (GrpcLogAppender.java:timeoutAppendRequest(200)) - fa69ee7c-0798-4ff8-b468-99ad50c0848e@group-9D95763EF4C0->7dacd8a8-dd8d-4754-a701-fe48d6265aff-GrpcLogAppender: appendEntries Timeout, request=fa69ee7c-0798-4ff8-b468-99ad50c0848e->7dacd8a8-dd8d-4754-a701-fe48d6265aff#18-t1, previous=(t:1, i:12), leaderCommit=6, initializing? false, entries: <empty>
2019-09-17 07:57:34,338 [java.util.concurrent.ThreadPoolExecutor$Worker@2149b9c7[State = -1, empty queue]] WARN  server.GrpcLogAppender (GrpcLogAppender.java:timeoutAppendRequest(200)) - fa69ee7c-0798-4ff8-b468-99ad50c0848e@group-9D95763EF4C0->e5fde6a0-3418-4bd7-b263-40da0cf228f6-GrpcLogAppender: appendEntries Timeout, request=fa69ee7c-0798-4ff8-b468-99ad50c0848e->e5fde6a0-3418-4bd7-b263-40da0cf228f6#19-t1, previous=(t:1, i:12), leaderCommit=6, initializing? false, entries: <empty>
2019-09-17 07:57:34,338 [java.util.concurrent.ThreadPoolExecutor$Worker@4ccc1ceb[State = -1, empty queue]] WARN  server.GrpcLogAppender (GrpcLogAppender.java:timeoutAppendRequest(200)) - fa69ee7c-0798-4ff8-b468-99ad50c0848e@group-9D95763EF4C0->7dacd8a8-dd8d-4754-a701-fe48d6265aff-GrpcLogAppender: appendEntries Timeout, request=fa69ee7c-0798-4ff8-b468-99ad50c0848e->7dacd8a8-dd8d-4754-a701-fe48d6265aff#19-t1, previous=(t:1, i:12), leaderCommit=6, initializing? false, entries: <empty>
2019-09-17 07:57:36,498 [grpc-default-executor-1] INFO  client.GrpcClientProtocolClient (GrpcClientProtocolClient.java:onNext(264)) - client-77AE72837E11->7dacd8a8-dd8d-4754-a701-fe48d6265aff: receive RaftClientReply:client-77AE72837E11->7dacd8a8-dd8d-4754-a701-fe48d6265aff@group-9D95763EF4C0, cid=24, FAILED org.apache.ratis.protocol.NotLeaderException: Server 7dacd8a8-dd8d-4754-a701-fe48d6265aff@group-9D95763EF4C0 is not the leader fa69ee7c-0798-4ff8-b468-99ad50c0848e:192.168.151.112:42872, logIndex=0, commits[7dacd8a8-dd8d-4754-a701-fe48d6265aff:c6, fa69ee7c-0798-4ff8-b468-99ad50c0848e:c6, e5fde6a0-3418-4bd7-b263-40da0cf228f6:c4]
2019-09-17 07:57:36,839 [java.util.concurrent.ThreadPoolExecutor$Worker@4ccc1ceb[State = -1, empty queue]] WARN  server.GrpcLogAppender (GrpcLogAppender.java:timeoutAppendRequest(200)) - fa69ee7c-0798-4ff8-b468-99ad50c0848e@group-9D95763EF4C0->7dacd8a8-dd8d-4754-a701-fe48d6265aff-GrpcLogAppender: appendEntries Timeout, request=fa69ee7c-0798-4ff8-b468-99ad50c0848e->7dacd8a8-dd8d-4754-a701-fe48d6265aff#20-t1, previous=(t:1, i:12), leaderCommit=6, initializing? false, entries: <empty>
2019-09-17 07:57:36,839 [java.util.concurrent.ThreadPoolExecutor$Worker@2149b9c7[State = -1, empty queue]] WARN  server.GrpcLogAppender (GrpcLogAppender.java:timeoutAppendRequest(200)) - fa69ee7c-0798-4ff8-b468-99ad50c0848e@group-9D95763EF4C0->e5fde6a0-3418-4bd7-b263-40da0cf228f6-GrpcLogAppender: appendEntries Timeout, request=fa69ee7c-0798-4ff8-b468-99ad50c0848e->e5fde6a0-3418-4bd7-b263-40da0cf228f6#20-t1, previous=(t:1, i:12), leaderCommit=6, initializing? false, entries: <empty>
2019-09-17 07:57:39,340 [java.util.concurrent.ThreadPoolExecutor$Worker@2149b9c7[State = -1, empty queue]] WARN  server.GrpcLogAppender (GrpcLogAppender.java:timeoutAppendRequest(200)) - fa69ee7c-0798-4ff8-b468-99ad50c0848e@group-9D95763EF4C0->e5fde6a0-3418-4bd7-b263-40da0cf228f6-GrpcLogAppender: appendEntries Timeout, request=fa69ee7c-0798-4ff8-b468-99ad50c0848e->e5fde6a0-3418-4bd7-b263-40da0cf228f6#21-t1, previous=(t:1, i:12), leaderCommit=6, initializing? false, entries: <empty>
2019-09-17 07:57:39,340 [java.util.concurrent.ThreadPoolExecutor$Worker@4ccc1ceb[State = -1, empty queue]] WARN  server.GrpcLogAppender (GrpcLogAppender.java:timeoutAppendRequest(200)) - fa69ee7c-0798-4ff8-b468-99ad50c0848e@group-9D95763EF4C0->7dacd8a8-dd8d-4754-a701-fe48d6265aff-GrpcLogAppender: appendEntries Timeout, request=fa69ee7c-0798-4ff8-b468-99ad50c0848e->7dacd8a8-dd8d-4754-a701-fe48d6265aff#21-t1, previous=(t:1, i:12), leaderCommit=6, initializing? false, entries: <empty>
2019-09-17 07:57:41,468 [e5fde6a0-3418-4bd7-b263-40da0cf228f6@group-9D95763EF4C0-SegmentedRaftLogWorker] WARN  segmented.SegmentedRaftLogWorker (SegmentedRaftLogWorker.java:getFromFuture(90)) - Timeout 1/~
org.apache.ratis.protocol.TimeoutIOException: Timeout 10s: WriteLog:8: (t:1, i:8), STATEMACHINELOGENTRY, client-77AE72837E11, cid=25-writeStateMachineData
	at org.apache.ratis.util.IOUtils.getFromFuture(IOUtils.java:87)
	at org.apache.ratis.server.raftlog.segmented.SegmentedRaftLogWorker$StateMachineDataPolicy.getFromFuture(SegmentedRaftLogWorker.java:87)
	at org.apache.ratis.server.raftlog.segmented.SegmentedRaftLogWorker$WriteLog.execute(SegmentedRaftLogWorker.java:477)
	at org.apache.ratis.server.raftlog.segmented.SegmentedRaftLogWorker.run(SegmentedRaftLogWorker.java:289)
	at java.lang.Thread.run(Thread.java:748)
Caused by: java.util.concurrent.TimeoutException
	at java.util.concurrent.CompletableFuture.timedGet(CompletableFuture.java:1771)
	at java.util.concurrent.CompletableFuture.get(CompletableFuture.java:1915)
	at org.apache.ratis.util.IOUtils.getFromFuture(IOUtils.java:79)
	... 4 more
2019-09-17 07:57:41,471 [7dacd8a8-dd8d-4754-a701-fe48d6265aff@group-9D95763EF4C0-SegmentedRaftLogWorker] WARN  segmented.SegmentedRaftLogWorker (SegmentedRaftLogWorker.java:getFromFuture(90)) - Timeout 1/~
org.apache.ratis.protocol.TimeoutIOException: Timeout 10s: WriteLog:8: (t:1, i:8), STATEMACHINELOGENTRY, client-77AE72837E11, cid=25-writeStateMachineData
	at org.apache.ratis.util.IOUtils.getFromFuture(IOUtils.java:87)
	at org.apache.ratis.server.raftlog.segmented.SegmentedRaftLogWorker$StateMachineDataPolicy.getFromFuture(SegmentedRaftLogWorker.java:87)
	at org.apache.ratis.server.raftlog.segmented.SegmentedRaftLogWorker$WriteLog.execute(SegmentedRaftLogWorker.java:477)
	at org.apache.ratis.server.raftlog.segmented.SegmentedRaftLogWorker.run(SegmentedRaftLogWorker.java:289)
	at java.lang.Thread.run(Thread.java:748)
Caused by: java.util.concurrent.TimeoutException
	at java.util.concurrent.CompletableFuture.timedGet(CompletableFuture.java:1771)
	at java.util.concurrent.CompletableFuture.get(CompletableFuture.java:1915)
	at org.apache.ratis.util.IOUtils.getFromFuture(IOUtils.java:79)
	... 4 more
2019-09-17 07:57:41,471 [fa69ee7c-0798-4ff8-b468-99ad50c0848e@group-9D95763EF4C0-SegmentedRaftLogWorker] WARN  segmented.SegmentedRaftLogWorker (SegmentedRaftLogWorker.java:getFromFuture(90)) - Timeout 1/~
org.apache.ratis.protocol.TimeoutIOException: Timeout 10s: WriteLog:8: (t:1, i:8), STATEMACHINELOGENTRY, client-77AE72837E11, cid=25-writeStateMachineData
	at org.apache.ratis.util.IOUtils.getFromFuture(IOUtils.java:87)
	at org.apache.ratis.server.raftlog.segmented.SegmentedRaftLogWorker$StateMachineDataPolicy.getFromFuture(SegmentedRaftLogWorker.java:87)
	at org.apache.ratis.server.raftlog.segmented.SegmentedRaftLogWorker$WriteLog.execute(SegmentedRaftLogWorker.java:477)
	at org.apache.ratis.server.raftlog.segmented.SegmentedRaftLogWorker.run(SegmentedRaftLogWorker.java:289)
	at java.lang.Thread.run(Thread.java:748)
Caused by: java.util.concurrent.TimeoutException
	at java.util.concurrent.CompletableFuture.timedGet(CompletableFuture.java:1771)
	at java.util.concurrent.CompletableFuture.get(CompletableFuture.java:1915)
	at org.apache.ratis.util.IOUtils.getFromFuture(IOUtils.java:79)
	... 4 more
2019-09-17 07:57:41,575 [grpc-default-executor-1] INFO  client.GrpcClientProtocolClient (GrpcClientProtocolClient.java:onNext(264)) - client-77AE72837E11->7dacd8a8-dd8d-4754-a701-fe48d6265aff: receive RaftClientReply:client-77AE72837E11->7dacd8a8-dd8d-4754-a701-fe48d6265aff@group-9D95763EF4C0, cid=24, FAILED org.apache.ratis.protocol.NotLeaderException: Server 7dacd8a8-dd8d-4754-a701-fe48d6265aff@group-9D95763EF4C0 is not the leader fa69ee7c-0798-4ff8-b468-99ad50c0848e:192.168.151.112:42872, logIndex=0, commits[7dacd8a8-dd8d-4754-a701-fe48d6265aff:c6, fa69ee7c-0798-4ff8-b468-99ad50c0848e:c6, e5fde6a0-3418-4bd7-b263-40da0cf228f6:c4]
2019-09-17 07:57:41,841 [java.util.concurrent.ThreadPoolExecutor$Worker@4ccc1ceb[State = -1, empty queue]] WARN  server.GrpcLogAppender (GrpcLogAppender.java:timeoutAppendRequest(200)) - fa69ee7c-0798-4ff8-b468-99ad50c0848e@group-9D95763EF4C0->7dacd8a8-dd8d-4754-a701-fe48d6265aff-GrpcLogAppender: appendEntries Timeout, request=fa69ee7c-0798-4ff8-b468-99ad50c0848e->7dacd8a8-dd8d-4754-a701-fe48d6265aff#22-t1, previous=(t:1, i:12), leaderCommit=6, initializing? false, entries: <empty>
2019-09-17 07:57:41,841 [java.util.concurrent.ThreadPoolExecutor$Worker@2149b9c7[State = -1, empty queue]] WARN  server.GrpcLogAppender (GrpcLogAppender.java:timeoutAppendRequest(200)) - fa69ee7c-0798-4ff8-b468-99ad50c0848e@group-9D95763EF4C0->e5fde6a0-3418-4bd7-b263-40da0cf228f6-GrpcLogAppender: appendEntries Timeout, request=fa69ee7c-0798-4ff8-b468-99ad50c0848e->e5fde6a0-3418-4bd7-b263-40da0cf228f6#22-t1, previous=(t:1, i:12), leaderCommit=6, initializing? false, entries: <empty>
2019-09-17 07:57:44,342 [java.util.concurrent.ThreadPoolExecutor$Worker@2149b9c7[State = -1, empty queue]] WARN  server.GrpcLogAppender (GrpcLogAppender.java:timeoutAppendRequest(200)) - fa69ee7c-0798-4ff8-b468-99ad50c0848e@group-9D95763EF4C0->e5fde6a0-3418-4bd7-b263-40da0cf228f6-GrpcLogAppender: appendEntries Timeout, request=fa69ee7c-0798-4ff8-b468-99ad50c0848e->e5fde6a0-3418-4bd7-b263-40da0cf228f6#23-t1, previous=(t:1, i:12), leaderCommit=6, initializing? false, entries: <empty>
2019-09-17 07:57:44,342 [java.util.concurrent.ThreadPoolExecutor$Worker@4ccc1ceb[State = -1, empty queue]] WARN  server.GrpcLogAppender (GrpcLogAppender.java:timeoutAppendRequest(200)) - fa69ee7c-0798-4ff8-b468-99ad50c0848e@group-9D95763EF4C0->7dacd8a8-dd8d-4754-a701-fe48d6265aff-GrpcLogAppender: appendEntries Timeout, request=fa69ee7c-0798-4ff8-b468-99ad50c0848e->7dacd8a8-dd8d-4754-a701-fe48d6265aff#23-t1, previous=(t:1, i:12), leaderCommit=6, initializing? false, entries: <empty>
2019-09-17 07:57:46,649 [grpc-default-executor-1] INFO  client.GrpcClientProtocolClient (GrpcClientProtocolClient.java:onNext(264)) - client-77AE72837E11->7dacd8a8-dd8d-4754-a701-fe48d6265aff: receive RaftClientReply:client-77AE72837E11->7dacd8a8-dd8d-4754-a701-fe48d6265aff@group-9D95763EF4C0, cid=24, FAILED org.apache.ratis.protocol.NotLeaderException: Server 7dacd8a8-dd8d-4754-a701-fe48d6265aff@group-9D95763EF4C0 is not the leader fa69ee7c-0798-4ff8-b468-99ad50c0848e:192.168.151.112:42872, logIndex=0, commits[7dacd8a8-dd8d-4754-a701-fe48d6265aff:c6, fa69ee7c-0798-4ff8-b468-99ad50c0848e:c6, e5fde6a0-3418-4bd7-b263-40da0cf228f6:c4]
2019-09-17 07:57:46,844 [java.util.concurrent.ThreadPoolExecutor$Worker@4ccc1ceb[State = -1, empty queue]] WARN  server.GrpcLogAppender (GrpcLogAppender.java:timeoutAppendRequest(200)) - fa69ee7c-0798-4ff8-b468-99ad50c0848e@group-9D95763EF4C0->7dacd8a8-dd8d-4754-a701-fe48d6265aff-GrpcLogAppender: appendEntries Timeout, request=fa69ee7c-0798-4ff8-b468-99ad50c0848e->7dacd8a8-dd8d-4754-a701-fe48d6265aff#24-t1, previous=(t:1, i:12), leaderCommit=6, initializing? false, entries: <empty>
2019-09-17 07:57:46,844 [java.util.concurrent.ThreadPoolExecutor$Worker@2149b9c7[State = -1, empty queue]] WARN  server.GrpcLogAppender (GrpcLogAppender.java:timeoutAppendRequest(200)) - fa69ee7c-0798-4ff8-b468-99ad50c0848e@group-9D95763EF4C0->e5fde6a0-3418-4bd7-b263-40da0cf228f6-GrpcLogAppender: appendEntries Timeout, request=fa69ee7c-0798-4ff8-b468-99ad50c0848e->e5fde6a0-3418-4bd7-b263-40da0cf228f6#24-t1, previous=(t:1, i:12), leaderCommit=6, initializing? false, entries: <empty>
2019-09-17 07:57:49,346 [java.util.concurrent.ThreadPoolExecutor$Worker@4ccc1ceb[State = -1, empty queue]] WARN  server.GrpcLogAppender (GrpcLogAppender.java:timeoutAppendRequest(200)) - fa69ee7c-0798-4ff8-b468-99ad50c0848e@group-9D95763EF4C0->7dacd8a8-dd8d-4754-a701-fe48d6265aff-GrpcLogAppender: appendEntries Timeout, request=fa69ee7c-0798-4ff8-b468-99ad50c0848e->7dacd8a8-dd8d-4754-a701-fe48d6265aff#25-t1, previous=(t:1, i:12), leaderCommit=6, initializing? false, entries: <empty>
2019-09-17 07:57:49,346 [java.util.concurrent.ThreadPoolExecutor$Worker@2149b9c7[State = -1, empty queue]] WARN  server.GrpcLogAppender (GrpcLogAppender.java:timeoutAppendRequest(200)) - fa69ee7c-0798-4ff8-b468-99ad50c0848e@group-9D95763EF4C0->e5fde6a0-3418-4bd7-b263-40da0cf228f6-GrpcLogAppender: appendEntries Timeout, request=fa69ee7c-0798-4ff8-b468-99ad50c0848e->e5fde6a0-3418-4bd7-b263-40da0cf228f6#25-t1, previous=(t:1, i:12), leaderCommit=6, initializing? false, entries: <empty>
2019-09-17 07:57:51,470 [e5fde6a0-3418-4bd7-b263-40da0cf228f6@group-9D95763EF4C0-SegmentedRaftLogWorker] WARN  segmented.SegmentedRaftLogWorker (SegmentedRaftLogWorker.java:getFromFuture(90)) - Timeout 2/~
org.apache.ratis.protocol.TimeoutIOException: Timeout 10s: WriteLog:8: (t:1, i:8), STATEMACHINELOGENTRY, client-77AE72837E11, cid=25-writeStateMachineData
	at org.apache.ratis.util.IOUtils.getFromFuture(IOUtils.java:87)
	at org.apache.ratis.server.raftlog.segmented.SegmentedRaftLogWorker$StateMachineDataPolicy.getFromFuture(SegmentedRaftLogWorker.java:87)
	at org.apache.ratis.server.raftlog.segmented.SegmentedRaftLogWorker$WriteLog.execute(SegmentedRaftLogWorker.java:477)
	at org.apache.ratis.server.raftlog.segmented.SegmentedRaftLogWorker.run(SegmentedRaftLogWorker.java:289)
	at java.lang.Thread.run(Thread.java:748)
Caused by: java.util.concurrent.TimeoutException
	at java.util.concurrent.CompletableFuture.timedGet(CompletableFuture.java:1771)
	at java.util.concurrent.CompletableFuture.get(CompletableFuture.java:1915)
	at org.apache.ratis.util.IOUtils.getFromFuture(IOUtils.java:79)
	... 4 more
2019-09-17 07:57:51,472 [7dacd8a8-dd8d-4754-a701-fe48d6265aff@group-9D95763EF4C0-SegmentedRaftLogWorker] WARN  segmented.SegmentedRaftLogWorker (SegmentedRaftLogWorker.java:getFromFuture(90)) - Timeout 2/~
org.apache.ratis.protocol.TimeoutIOException: Timeout 10s: WriteLog:8: (t:1, i:8), STATEMACHINELOGENTRY, client-77AE72837E11, cid=25-writeStateMachineData
	at org.apache.ratis.util.IOUtils.getFromFuture(IOUtils.java:87)
	at org.apache.ratis.server.raftlog.segmented.SegmentedRaftLogWorker$StateMachineDataPolicy.getFromFuture(SegmentedRaftLogWorker.java:87)
	at org.apache.ratis.server.raftlog.segmented.SegmentedRaftLogWorker$WriteLog.execute(SegmentedRaftLogWorker.java:477)
	at org.apache.ratis.server.raftlog.segmented.SegmentedRaftLogWorker.run(SegmentedRaftLogWorker.java:289)
	at java.lang.Thread.run(Thread.java:748)
Caused by: java.util.concurrent.TimeoutException
	at java.util.concurrent.CompletableFuture.timedGet(CompletableFuture.java:1771)
	at java.util.concurrent.CompletableFuture.get(CompletableFuture.java:1915)
	at org.apache.ratis.util.IOUtils.getFromFuture(IOUtils.java:79)
	... 4 more
2019-09-17 07:57:51,472 [fa69ee7c-0798-4ff8-b468-99ad50c0848e@group-9D95763EF4C0-SegmentedRaftLogWorker] WARN  segmented.SegmentedRaftLogWorker (SegmentedRaftLogWorker.java:getFromFuture(90)) - Timeout 2/~
org.apache.ratis.protocol.TimeoutIOException: Timeout 10s: WriteLog:8: (t:1, i:8), STATEMACHINELOGENTRY, client-77AE72837E11, cid=25-writeStateMachineData
	at org.apache.ratis.util.IOUtils.getFromFuture(IOUtils.java:87)
	at org.apache.ratis.server.raftlog.segmented.SegmentedRaftLogWorker$StateMachineDataPolicy.getFromFuture(SegmentedRaftLogWorker.java:87)
	at org.apache.ratis.server.raftlog.segmented.SegmentedRaftLogWorker$WriteLog.execute(SegmentedRaftLogWorker.java:477)
	at org.apache.ratis.server.raftlog.segmented.SegmentedRaftLogWorker.run(SegmentedRaftLogWorker.java:289)
	at java.lang.Thread.run(Thread.java:748)
Caused by: java.util.concurrent.TimeoutException
	at java.util.concurrent.CompletableFuture.timedGet(CompletableFuture.java:1771)
	at java.util.concurrent.CompletableFuture.get(CompletableFuture.java:1915)
	at org.apache.ratis.util.IOUtils.getFromFuture(IOUtils.java:79)
	... 4 more
2019-09-17 07:57:51,718 [grpc-default-executor-3] INFO  client.GrpcClientProtocolClient (GrpcClientProtocolClient.java:onNext(264)) - client-77AE72837E11->7dacd8a8-dd8d-4754-a701-fe48d6265aff: receive RaftClientReply:client-77AE72837E11->7dacd8a8-dd8d-4754-a701-fe48d6265aff@group-9D95763EF4C0, cid=24, FAILED org.apache.ratis.protocol.NotLeaderException: Server 7dacd8a8-dd8d-4754-a701-fe48d6265aff@group-9D95763EF4C0 is not the leader fa69ee7c-0798-4ff8-b468-99ad50c0848e:192.168.151.112:42872, logIndex=0, commits[7dacd8a8-dd8d-4754-a701-fe48d6265aff:c6, fa69ee7c-0798-4ff8-b468-99ad50c0848e:c6, e5fde6a0-3418-4bd7-b263-40da0cf228f6:c4]
2019-09-17 07:57:51,847 [java.util.concurrent.ThreadPoolExecutor$Worker@2149b9c7[State = -1, empty queue]] WARN  server.GrpcLogAppender (GrpcLogAppender.java:timeoutAppendRequest(200)) - fa69ee7c-0798-4ff8-b468-99ad50c0848e@group-9D95763EF4C0->e5fde6a0-3418-4bd7-b263-40da0cf228f6-GrpcLogAppender: appendEntries Timeout, request=fa69ee7c-0798-4ff8-b468-99ad50c0848e->e5fde6a0-3418-4bd7-b263-40da0cf228f6#26-t1, previous=(t:1, i:12), leaderCommit=6, initializing? false, entries: <empty>
2019-09-17 07:57:51,847 [java.util.concurrent.ThreadPoolExecutor$Worker@4ccc1ceb[State = -1, empty queue]] WARN  server.GrpcLogAppender (GrpcLogAppender.java:timeoutAppendRequest(200)) - fa69ee7c-0798-4ff8-b468-99ad50c0848e@group-9D95763EF4C0->7dacd8a8-dd8d-4754-a701-fe48d6265aff-GrpcLogAppender: appendEntries Timeout, request=fa69ee7c-0798-4ff8-b468-99ad50c0848e->7dacd8a8-dd8d-4754-a701-fe48d6265aff#26-t1, previous=(t:1, i:12), leaderCommit=6, initializing? false, entries: <empty>
2019-09-17 07:57:54,348 [java.util.concurrent.ThreadPoolExecutor$Worker@2149b9c7[State = -1, empty queue]] WARN  server.GrpcLogAppender (GrpcLogAppender.java:timeoutAppendRequest(200)) - fa69ee7c-0798-4ff8-b468-99ad50c0848e@group-9D95763EF4C0->e5fde6a0-3418-4bd7-b263-40da0cf228f6-GrpcLogAppender: appendEntries Timeout, request=fa69ee7c-0798-4ff8-b468-99ad50c0848e->e5fde6a0-3418-4bd7-b263-40da0cf228f6#27-t1, previous=(t:1, i:12), leaderCommit=6, initializing? false, entries: <empty>
2019-09-17 07:57:54,348 [java.util.concurrent.ThreadPoolExecutor$Worker@4ccc1ceb[State = -1, empty queue]] WARN  server.GrpcLogAppender (GrpcLogAppender.java:timeoutAppendRequest(200)) - fa69ee7c-0798-4ff8-b468-99ad50c0848e@group-9D95763EF4C0->7dacd8a8-dd8d-4754-a701-fe48d6265aff-GrpcLogAppender: appendEntries Timeout, request=fa69ee7c-0798-4ff8-b468-99ad50c0848e->7dacd8a8-dd8d-4754-a701-fe48d6265aff#27-t1, previous=(t:1, i:12), leaderCommit=6, initializing? false, entries: <empty>
2019-09-17 07:57:56,784 [grpc-default-executor-2] INFO  client.GrpcClientProtocolClient (GrpcClientProtocolClient.java:onNext(264)) - client-77AE72837E11->7dacd8a8-dd8d-4754-a701-fe48d6265aff: receive RaftClientReply:client-77AE72837E11->7dacd8a8-dd8d-4754-a701-fe48d6265aff@group-9D95763EF4C0, cid=24, FAILED org.apache.ratis.protocol.NotLeaderException: Server 7dacd8a8-dd8d-4754-a701-fe48d6265aff@group-9D95763EF4C0 is not the leader fa69ee7c-0798-4ff8-b468-99ad50c0848e:192.168.151.112:42872, logIndex=0, commits[7dacd8a8-dd8d-4754-a701-fe48d6265aff:c6, fa69ee7c-0798-4ff8-b468-99ad50c0848e:c6, e5fde6a0-3418-4bd7-b263-40da0cf228f6:c4]
2019-09-17 07:57:56,850 [java.util.concurrent.ThreadPoolExecutor$Worker@2149b9c7[State = -1, empty queue]] WARN  server.GrpcLogAppender (GrpcLogAppender.java:timeoutAppendRequest(200)) - fa69ee7c-0798-4ff8-b468-99ad50c0848e@group-9D95763EF4C0->e5fde6a0-3418-4bd7-b263-40da0cf228f6-GrpcLogAppender: appendEntries Timeout, request=fa69ee7c-0798-4ff8-b468-99ad50c0848e->e5fde6a0-3418-4bd7-b263-40da0cf228f6#28-t1, previous=(t:1, i:12), leaderCommit=6, initializing? false, entries: <empty>
2019-09-17 07:57:56,850 [java.util.concurrent.ThreadPoolExecutor$Worker@4ccc1ceb[State = -1, empty queue]] WARN  server.GrpcLogAppender (GrpcLogAppender.java:timeoutAppendRequest(200)) - fa69ee7c-0798-4ff8-b468-99ad50c0848e@group-9D95763EF4C0->7dacd8a8-dd8d-4754-a701-fe48d6265aff-GrpcLogAppender: appendEntries Timeout, request=fa69ee7c-0798-4ff8-b468-99ad50c0848e->7dacd8a8-dd8d-4754-a701-fe48d6265aff#28-t1, previous=(t:1, i:12), leaderCommit=6, initializing? false, entries: <empty>
2019-09-17 07:57:59,353 [java.util.concurrent.ThreadPoolExecutor$Worker@2149b9c7[State = -1, empty queue]] WARN  server.GrpcLogAppender (GrpcLogAppender.java:timeoutAppendRequest(200)) - fa69ee7c-0798-4ff8-b468-99ad50c0848e@group-9D95763EF4C0->e5fde6a0-3418-4bd7-b263-40da0cf228f6-GrpcLogAppender: appendEntries Timeout, request=fa69ee7c-0798-4ff8-b468-99ad50c0848e->e5fde6a0-3418-4bd7-b263-40da0cf228f6#29-t1, previous=(t:1, i:12), leaderCommit=6, initializing? false, entries: <empty>
2019-09-17 07:57:59,353 [java.util.concurrent.ThreadPoolExecutor$Worker@4ccc1ceb[State = -1, empty queue]] WARN  server.GrpcLogAppender (GrpcLogAppender.java:timeoutAppendRequest(200)) - fa69ee7c-0798-4ff8-b468-99ad50c0848e@group-9D95763EF4C0->7dacd8a8-dd8d-4754-a701-fe48d6265aff-GrpcLogAppender: appendEntries Timeout, request=fa69ee7c-0798-4ff8-b468-99ad50c0848e->7dacd8a8-dd8d-4754-a701-fe48d6265aff#29-t1, previous=(t:1, i:12), leaderCommit=6, initializing? false, entries: <empty>
2019-09-17 07:58:01,472 [e5fde6a0-3418-4bd7-b263-40da0cf228f6@group-9D95763EF4C0-SegmentedRaftLogWorker] WARN  segmented.SegmentedRaftLogWorker (SegmentedRaftLogWorker.java:getFromFuture(90)) - Timeout 3/~
org.apache.ratis.protocol.TimeoutIOException: Timeout 10s: WriteLog:8: (t:1, i:8), STATEMACHINELOGENTRY, client-77AE72837E11, cid=25-writeStateMachineData
	at org.apache.ratis.util.IOUtils.getFromFuture(IOUtils.java:87)
	at org.apache.ratis.server.raftlog.segmented.SegmentedRaftLogWorker$StateMachineDataPolicy.getFromFuture(SegmentedRaftLogWorker.java:87)
	at org.apache.ratis.server.raftlog.segmented.SegmentedRaftLogWorker$WriteLog.execute(SegmentedRaftLogWorker.java:477)
	at org.apache.ratis.server.raftlog.segmented.SegmentedRaftLogWorker.run(SegmentedRaftLogWorker.java:289)
	at java.lang.Thread.run(Thread.java:748)
Caused by: java.util.concurrent.TimeoutException
	at java.util.concurrent.CompletableFuture.timedGet(CompletableFuture.java:1771)
	at java.util.concurrent.CompletableFuture.get(CompletableFuture.java:1915)
	at org.apache.ratis.util.IOUtils.getFromFuture(IOUtils.java:79)
	... 4 more
2019-09-17 07:58:01,473 [7dacd8a8-dd8d-4754-a701-fe48d6265aff@group-9D95763EF4C0-SegmentedRaftLogWorker] WARN  segmented.SegmentedRaftLogWorker (SegmentedRaftLogWorker.java:getFromFuture(90)) - Timeout 3/~
org.apache.ratis.protocol.TimeoutIOException: Timeout 10s: WriteLog:8: (t:1, i:8), STATEMACHINELOGENTRY, client-77AE72837E11, cid=25-writeStateMachineData
	at org.apache.ratis.util.IOUtils.getFromFuture(IOUtils.java:87)
	at org.apache.ratis.server.raftlog.segmented.SegmentedRaftLogWorker$StateMachineDataPolicy.getFromFuture(SegmentedRaftLogWorker.java:87)
	at org.apache.ratis.server.raftlog.segmented.SegmentedRaftLogWorker$WriteLog.execute(SegmentedRaftLogWorker.java:477)
	at org.apache.ratis.server.raftlog.segmented.SegmentedRaftLogWorker.run(SegmentedRaftLogWorker.java:289)
	at java.lang.Thread.run(Thread.java:748)
Caused by: java.util.concurrent.TimeoutException
	at java.util.concurrent.CompletableFuture.timedGet(CompletableFuture.java:1771)
	at java.util.concurrent.CompletableFuture.get(CompletableFuture.java:1915)
	at org.apache.ratis.util.IOUtils.getFromFuture(IOUtils.java:79)
	... 4 more
2019-09-17 07:58:01,473 [fa69ee7c-0798-4ff8-b468-99ad50c0848e@group-9D95763EF4C0-SegmentedRaftLogWorker] WARN  segmented.SegmentedRaftLogWorker (SegmentedRaftLogWorker.java:getFromFuture(90)) - Timeout 3/~
org.apache.ratis.protocol.TimeoutIOException: Timeout 10s: WriteLog:8: (t:1, i:8), STATEMACHINELOGENTRY, client-77AE72837E11, cid=25-writeStateMachineData
	at org.apache.ratis.util.IOUtils.getFromFuture(IOUtils.java:87)
	at org.apache.ratis.server.raftlog.segmented.SegmentedRaftLogWorker$StateMachineDataPolicy.getFromFuture(SegmentedRaftLogWorker.java:87)
	at org.apache.ratis.server.raftlog.segmented.SegmentedRaftLogWorker$WriteLog.execute(SegmentedRaftLogWorker.java:477)
	at org.apache.ratis.server.raftlog.segmented.SegmentedRaftLogWorker.run(SegmentedRaftLogWorker.java:289)
	at java.lang.Thread.run(Thread.java:748)
Caused by: java.util.concurrent.TimeoutException
	at java.util.concurrent.CompletableFuture.timedGet(CompletableFuture.java:1771)
	at java.util.concurrent.CompletableFuture.get(CompletableFuture.java:1915)
	at org.apache.ratis.util.IOUtils.getFromFuture(IOUtils.java:79)
	... 4 more
2019-09-17 07:58:01,838 [grpc-default-executor-2] INFO  client.GrpcClientProtocolClient (GrpcClientProtocolClient.java:onNext(264)) - client-77AE72837E11->e5fde6a0-3418-4bd7-b263-40da0cf228f6: receive RaftClientReply:client-77AE72837E11->e5fde6a0-3418-4bd7-b263-40da0cf228f6@group-9D95763EF4C0, cid=24, FAILED org.apache.ratis.protocol.NotLeaderException: Server e5fde6a0-3418-4bd7-b263-40da0cf228f6@group-9D95763EF4C0 is not the leader fa69ee7c-0798-4ff8-b468-99ad50c0848e:192.168.151.112:42872, logIndex=0, commits[e5fde6a0-3418-4bd7-b263-40da0cf228f6:c6, fa69ee7c-0798-4ff8-b468-99ad50c0848e:c6, 7dacd8a8-dd8d-4754-a701-fe48d6265aff:c4]
2019-09-17 07:58:01,858 [java.util.concurrent.ThreadPoolExecutor$Worker@2149b9c7[State = -1, empty queue]] WARN  server.GrpcLogAppender (GrpcLogAppender.java:timeoutAppendRequest(200)) - fa69ee7c-0798-4ff8-b468-99ad50c0848e@group-9D95763EF4C0->e5fde6a0-3418-4bd7-b263-40da0cf228f6-GrpcLogAppender: appendEntries Timeout, request=fa69ee7c-0798-4ff8-b468-99ad50c0848e->e5fde6a0-3418-4bd7-b263-40da0cf228f6#30-t1, previous=(t:1, i:12), leaderCommit=6, initializing? false, entries: <empty>
2019-09-17 07:58:01,858 [java.util.concurrent.ThreadPoolExecutor$Worker@4ccc1ceb[State = -1, empty queue]] WARN  server.GrpcLogAppender (GrpcLogAppender.java:timeoutAppendRequest(200)) - fa69ee7c-0798-4ff8-b468-99ad50c0848e@group-9D95763EF4C0->7dacd8a8-dd8d-4754-a701-fe48d6265aff-GrpcLogAppender: appendEntries Timeout, request=fa69ee7c-0798-4ff8-b468-99ad50c0848e->7dacd8a8-dd8d-4754-a701-fe48d6265aff#30-t1, previous=(t:1, i:12), leaderCommit=6, initializing? false, entries: <empty>
2019-09-17 07:58:04,358 [java.util.concurrent.ThreadPoolExecutor$Worker@2149b9c7[State = -1, empty queue]] WARN  server.GrpcLogAppender (GrpcLogAppender.java:timeoutAppendRequest(200)) - fa69ee7c-0798-4ff8-b468-99ad50c0848e@group-9D95763EF4C0->e5fde6a0-3418-4bd7-b263-40da0cf228f6-GrpcLogAppender: appendEntries Timeout, request=fa69ee7c-0798-4ff8-b468-99ad50c0848e->e5fde6a0-3418-4bd7-b263-40da0cf228f6#31-t1, previous=(t:1, i:12), leaderCommit=6, initializing? false, entries: <empty>
2019-09-17 07:58:04,358 [java.util.concurrent.ThreadPoolExecutor$Worker@4ccc1ceb[State = -1, empty queue]] WARN  server.GrpcLogAppender (GrpcLogAppender.java:timeoutAppendRequest(200)) - fa69ee7c-0798-4ff8-b468-99ad50c0848e@group-9D95763EF4C0->7dacd8a8-dd8d-4754-a701-fe48d6265aff-GrpcLogAppender: appendEntries Timeout, request=fa69ee7c-0798-4ff8-b468-99ad50c0848e->7dacd8a8-dd8d-4754-a701-fe48d6265aff#31-t1, previous=(t:1, i:12), leaderCommit=6, initializing? false, entries: <empty>
2019-09-17 07:58:06,859 [java.util.concurrent.ThreadPoolExecutor$Worker@2149b9c7[State = -1, empty queue]] WARN  server.GrpcLogAppender (GrpcLogAppender.java:timeoutAppendRequest(200)) - fa69ee7c-0798-4ff8-b468-99ad50c0848e@group-9D95763EF4C0->e5fde6a0-3418-4bd7-b263-40da0cf228f6-GrpcLogAppender: appendEntries Timeout, request=fa69ee7c-0798-4ff8-b468-99ad50c0848e->e5fde6a0-3418-4bd7-b263-40da0cf228f6#32-t1, previous=(t:1, i:12), leaderCommit=6, initializing? false, entries: <empty>
2019-09-17 07:58:06,859 [java.util.concurrent.ThreadPoolExecutor$Worker@4ccc1ceb[State = -1, empty queue]] WARN  server.GrpcLogAppender (GrpcLogAppender.java:timeoutAppendRequest(200)) - fa69ee7c-0798-4ff8-b468-99ad50c0848e@group-9D95763EF4C0->7dacd8a8-dd8d-4754-a701-fe48d6265aff-GrpcLogAppender: appendEntries Timeout, request=fa69ee7c-0798-4ff8-b468-99ad50c0848e->7dacd8a8-dd8d-4754-a701-fe48d6265aff#32-t1, previous=(t:1, i:12), leaderCommit=6, initializing? false, entries: <empty>
2019-09-17 07:58:06,882 [grpc-default-executor-2] INFO  client.GrpcClientProtocolClient (GrpcClientProtocolClient.java:onNext(264)) - client-77AE72837E11->7dacd8a8-dd8d-4754-a701-fe48d6265aff: receive RaftClientReply:client-77AE72837E11->7dacd8a8-dd8d-4754-a701-fe48d6265aff@group-9D95763EF4C0, cid=24, FAILED org.apache.ratis.protocol.NotLeaderException: Server 7dacd8a8-dd8d-4754-a701-fe48d6265aff@group-9D95763EF4C0 is not the leader fa69ee7c-0798-4ff8-b468-99ad50c0848e:192.168.151.112:42872, logIndex=0, commits[7dacd8a8-dd8d-4754-a701-fe48d6265aff:c6, fa69ee7c-0798-4ff8-b468-99ad50c0848e:c6, e5fde6a0-3418-4bd7-b263-40da0cf228f6:c4]
2019-09-17 07:58:09,359 [java.util.concurrent.ThreadPoolExecutor$Worker@2149b9c7[State = -1, empty queue]] WARN  server.GrpcLogAppender (GrpcLogAppender.java:timeoutAppendRequest(200)) - fa69ee7c-0798-4ff8-b468-99ad50c0848e@group-9D95763EF4C0->e5fde6a0-3418-4bd7-b263-40da0cf228f6-GrpcLogAppender: appendEntries Timeout, request=fa69ee7c-0798-4ff8-b468-99ad50c0848e->e5fde6a0-3418-4bd7-b263-40da0cf228f6#33-t1, previous=(t:1, i:12), leaderCommit=6, initializing? false, entries: <empty>
2019-09-17 07:58:09,359 [java.util.concurrent.ThreadPoolExecutor$Worker@4ccc1ceb[State = -1, empty queue]] WARN  server.GrpcLogAppender (GrpcLogAppender.java:timeoutAppendRequest(200)) - fa69ee7c-0798-4ff8-b468-99ad50c0848e@group-9D95763EF4C0->7dacd8a8-dd8d-4754-a701-fe48d6265aff-GrpcLogAppender: appendEntries Timeout, request=fa69ee7c-0798-4ff8-b468-99ad50c0848e->7dacd8a8-dd8d-4754-a701-fe48d6265aff#33-t1, previous=(t:1, i:12), leaderCommit=6, initializing? false, entries: <empty>
2019-09-17 07:58:11,474 [e5fde6a0-3418-4bd7-b263-40da0cf228f6@group-9D95763EF4C0-SegmentedRaftLogWorker] WARN  segmented.SegmentedRaftLogWorker (SegmentedRaftLogWorker.java:getFromFuture(90)) - Timeout 4/~
org.apache.ratis.protocol.TimeoutIOException: Timeout 10s: WriteLog:8: (t:1, i:8), STATEMACHINELOGENTRY, client-77AE72837E11, cid=25-writeStateMachineData
	at org.apache.ratis.util.IOUtils.getFromFuture(IOUtils.java:87)
	at org.apache.ratis.server.raftlog.segmented.SegmentedRaftLogWorker$StateMachineDataPolicy.getFromFuture(SegmentedRaftLogWorker.java:87)
	at org.apache.ratis.server.raftlog.segmented.SegmentedRaftLogWorker$WriteLog.execute(SegmentedRaftLogWorker.java:477)
	at org.apache.ratis.server.raftlog.segmented.SegmentedRaftLogWorker.run(SegmentedRaftLogWorker.java:289)
	at java.lang.Thread.run(Thread.java:748)
Caused by: java.util.concurrent.TimeoutException
	at java.util.concurrent.CompletableFuture.timedGet(CompletableFuture.java:1771)
	at java.util.concurrent.CompletableFuture.get(CompletableFuture.java:1915)
	at org.apache.ratis.util.IOUtils.getFromFuture(IOUtils.java:79)
	... 4 more
2019-09-17 07:58:11,474 [fa69ee7c-0798-4ff8-b468-99ad50c0848e@group-9D95763EF4C0-SegmentedRaftLogWorker] WARN  segmented.SegmentedRaftLogWorker (SegmentedRaftLogWorker.java:getFromFuture(90)) - Timeout 4/~
org.apache.ratis.protocol.TimeoutIOException: Timeout 10s: WriteLog:8: (t:1, i:8), STATEMACHINELOGENTRY, client-77AE72837E11, cid=25-writeStateMachineData
	at org.apache.ratis.util.IOUtils.getFromFuture(IOUtils.java:87)
	at org.apache.ratis.server.raftlog.segmented.SegmentedRaftLogWorker$StateMachineDataPolicy.getFromFuture(SegmentedRaftLogWorker.java:87)
	at org.apache.ratis.server.raftlog.segmented.SegmentedRaftLogWorker$WriteLog.execute(SegmentedRaftLogWorker.java:477)
	at org.apache.ratis.server.raftlog.segmented.SegmentedRaftLogWorker.run(SegmentedRaftLogWorker.java:289)
	at java.lang.Thread.run(Thread.java:748)
Caused by: java.util.concurrent.TimeoutException
	at java.util.concurrent.CompletableFuture.timedGet(CompletableFuture.java:1771)
	at java.util.concurrent.CompletableFuture.get(CompletableFuture.java:1915)
	at org.apache.ratis.util.IOUtils.getFromFuture(IOUtils.java:79)
	... 4 more
2019-09-17 07:58:11,474 [7dacd8a8-dd8d-4754-a701-fe48d6265aff@group-9D95763EF4C0-SegmentedRaftLogWorker] WARN  segmented.SegmentedRaftLogWorker (SegmentedRaftLogWorker.java:getFromFuture(90)) - Timeout 4/~
org.apache.ratis.protocol.TimeoutIOException: Timeout 10s: WriteLog:8: (t:1, i:8), STATEMACHINELOGENTRY, client-77AE72837E11, cid=25-writeStateMachineData
	at org.apache.ratis.util.IOUtils.getFromFuture(IOUtils.java:87)
	at org.apache.ratis.server.raftlog.segmented.SegmentedRaftLogWorker$StateMachineDataPolicy.getFromFuture(SegmentedRaftLogWorker.java:87)
	at org.apache.ratis.server.raftlog.segmented.SegmentedRaftLogWorker$WriteLog.execute(SegmentedRaftLogWorker.java:477)
	at org.apache.ratis.server.raftlog.segmented.SegmentedRaftLogWorker.run(SegmentedRaftLogWorker.java:289)
	at java.lang.Thread.run(Thread.java:748)
Caused by: java.util.concurrent.TimeoutException
	at java.util.concurrent.CompletableFuture.timedGet(CompletableFuture.java:1771)
	at java.util.concurrent.CompletableFuture.get(CompletableFuture.java:1915)
	at org.apache.ratis.util.IOUtils.getFromFuture(IOUtils.java:79)
	... 4 more
2019-09-17 07:58:11,861 [java.util.concurrent.ThreadPoolExecutor$Worker@2149b9c7[State = -1, empty queue]] WARN  server.GrpcLogAppender (GrpcLogAppender.java:timeoutAppendRequest(200)) - fa69ee7c-0798-4ff8-b468-99ad50c0848e@group-9D95763EF4C0->e5fde6a0-3418-4bd7-b263-40da0cf228f6-GrpcLogAppender: appendEntries Timeout, request=fa69ee7c-0798-4ff8-b468-99ad50c0848e->e5fde6a0-3418-4bd7-b263-40da0cf228f6#34-t1, previous=(t:1, i:12), leaderCommit=6, initializing? false, entries: <empty>
2019-09-17 07:58:11,861 [java.util.concurrent.ThreadPoolExecutor$Worker@4ccc1ceb[State = -1, empty queue]] WARN  server.GrpcLogAppender (GrpcLogAppender.java:timeoutAppendRequest(200)) - fa69ee7c-0798-4ff8-b468-99ad50c0848e@group-9D95763EF4C0->7dacd8a8-dd8d-4754-a701-fe48d6265aff-GrpcLogAppender: appendEntries Timeout, request=fa69ee7c-0798-4ff8-b468-99ad50c0848e->7dacd8a8-dd8d-4754-a701-fe48d6265aff#34-t1, previous=(t:1, i:12), leaderCommit=6, initializing? false, entries: <empty>
2019-09-17 07:58:11,931 [grpc-default-executor-2] INFO  client.GrpcClientProtocolClient (GrpcClientProtocolClient.java:onNext(264)) - client-77AE72837E11->7dacd8a8-dd8d-4754-a701-fe48d6265aff: receive RaftClientReply:client-77AE72837E11->7dacd8a8-dd8d-4754-a701-fe48d6265aff@group-9D95763EF4C0, cid=24, FAILED org.apache.ratis.protocol.NotLeaderException: Server 7dacd8a8-dd8d-4754-a701-fe48d6265aff@group-9D95763EF4C0 is not the leader fa69ee7c-0798-4ff8-b468-99ad50c0848e:192.168.151.112:42872, logIndex=0, commits[7dacd8a8-dd8d-4754-a701-fe48d6265aff:c6, fa69ee7c-0798-4ff8-b468-99ad50c0848e:c6, e5fde6a0-3418-4bd7-b263-40da0cf228f6:c4]
2019-09-17 07:58:14,363 [java.util.concurrent.ThreadPoolExecutor$Worker@2149b9c7[State = -1, empty queue]] WARN  server.GrpcLogAppender (GrpcLogAppender.java:timeoutAppendRequest(200)) - fa69ee7c-0798-4ff8-b468-99ad50c0848e@group-9D95763EF4C0->e5fde6a0-3418-4bd7-b263-40da0cf228f6-GrpcLogAppender: appendEntries Timeout, request=fa69ee7c-0798-4ff8-b468-99ad50c0848e->e5fde6a0-3418-4bd7-b263-40da0cf228f6#35-t1, previous=(t:1, i:12), leaderCommit=6, initializing? false, entries: <empty>
2019-09-17 07:58:14,363 [java.util.concurrent.ThreadPoolExecutor$Worker@4ccc1ceb[State = -1, empty queue]] WARN  server.GrpcLogAppender (GrpcLogAppender.java:timeoutAppendRequest(200)) - fa69ee7c-0798-4ff8-b468-99ad50c0848e@group-9D95763EF4C0->7dacd8a8-dd8d-4754-a701-fe48d6265aff-GrpcLogAppender: appendEntries Timeout, request=fa69ee7c-0798-4ff8-b468-99ad50c0848e->7dacd8a8-dd8d-4754-a701-fe48d6265aff#35-t1, previous=(t:1, i:12), leaderCommit=6, initializing? false, entries: <empty>
2019-09-17 07:58:16,864 [java.util.concurrent.ThreadPoolExecutor$Worker@4ccc1ceb[State = -1, empty queue]] WARN  server.GrpcLogAppender (GrpcLogAppender.java:timeoutAppendRequest(200)) - fa69ee7c-0798-4ff8-b468-99ad50c0848e@group-9D95763EF4C0->7dacd8a8-dd8d-4754-a701-fe48d6265aff-GrpcLogAppender: appendEntries Timeout, request=fa69ee7c-0798-4ff8-b468-99ad50c0848e->7dacd8a8-dd8d-4754-a701-fe48d6265aff#36-t1, previous=(t:1, i:12), leaderCommit=6, initializing? false, entries: <empty>
2019-09-17 07:58:16,864 [java.util.concurrent.ThreadPoolExecutor$Worker@2149b9c7[State = -1, empty queue]] WARN  server.GrpcLogAppender (GrpcLogAppender.java:timeoutAppendRequest(200)) - fa69ee7c-0798-4ff8-b468-99ad50c0848e@group-9D95763EF4C0->e5fde6a0-3418-4bd7-b263-40da0cf228f6-GrpcLogAppender: appendEntries Timeout, request=fa69ee7c-0798-4ff8-b468-99ad50c0848e->e5fde6a0-3418-4bd7-b263-40da0cf228f6#36-t1, previous=(t:1, i:12), leaderCommit=6, initializing? false, entries: <empty>
2019-09-17 07:58:16,987 [grpc-default-executor-1] INFO  client.GrpcClientProtocolClient (GrpcClientProtocolClient.java:onNext(264)) - client-77AE72837E11->e5fde6a0-3418-4bd7-b263-40da0cf228f6: receive RaftClientReply:client-77AE72837E11->e5fde6a0-3418-4bd7-b263-40da0cf228f6@group-9D95763EF4C0, cid=24, FAILED org.apache.ratis.protocol.NotLeaderException: Server e5fde6a0-3418-4bd7-b263-40da0cf228f6@group-9D95763EF4C0 is not the leader fa69ee7c-0798-4ff8-b468-99ad50c0848e:192.168.151.112:42872, logIndex=0, commits[e5fde6a0-3418-4bd7-b263-40da0cf228f6:c6, fa69ee7c-0798-4ff8-b468-99ad50c0848e:c6, 7dacd8a8-dd8d-4754-a701-fe48d6265aff:c4]
2019-09-17 07:58:19,365 [java.util.concurrent.ThreadPoolExecutor$Worker@2149b9c7[State = -1, empty queue]] WARN  server.GrpcLogAppender (GrpcLogAppender.java:timeoutAppendRequest(200)) - fa69ee7c-0798-4ff8-b468-99ad50c0848e@group-9D95763EF4C0->e5fde6a0-3418-4bd7-b263-40da0cf228f6-GrpcLogAppender: appendEntries Timeout, request=fa69ee7c-0798-4ff8-b468-99ad50c0848e->e5fde6a0-3418-4bd7-b263-40da0cf228f6#37-t1, previous=(t:1, i:12), leaderCommit=6, initializing? false, entries: <empty>
2019-09-17 07:58:19,365 [java.util.concurrent.ThreadPoolExecutor$Worker@4ccc1ceb[State = -1, empty queue]] WARN  server.GrpcLogAppender (GrpcLogAppender.java:timeoutAppendRequest(200)) - fa69ee7c-0798-4ff8-b468-99ad50c0848e@group-9D95763EF4C0->7dacd8a8-dd8d-4754-a701-fe48d6265aff-GrpcLogAppender: appendEntries Timeout, request=fa69ee7c-0798-4ff8-b468-99ad50c0848e->7dacd8a8-dd8d-4754-a701-fe48d6265aff#37-t1, previous=(t:1, i:12), leaderCommit=6, initializing? false, entries: <empty>
2019-09-17 07:58:21,476 [e5fde6a0-3418-4bd7-b263-40da0cf228f6@group-9D95763EF4C0-SegmentedRaftLogWorker] WARN  segmented.SegmentedRaftLogWorker (SegmentedRaftLogWorker.java:getFromFuture(90)) - Timeout 5/~
org.apache.ratis.protocol.TimeoutIOException: Timeout 10s: WriteLog:8: (t:1, i:8), STATEMACHINELOGENTRY, client-77AE72837E11, cid=25-writeStateMachineData
	at org.apache.ratis.util.IOUtils.getFromFuture(IOUtils.java:87)
	at org.apache.ratis.server.raftlog.segmented.SegmentedRaftLogWorker$StateMachineDataPolicy.getFromFuture(SegmentedRaftLogWorker.java:87)
	at org.apache.ratis.server.raftlog.segmented.SegmentedRaftLogWorker$WriteLog.execute(SegmentedRaftLogWorker.java:477)
	at org.apache.ratis.server.raftlog.segmented.SegmentedRaftLogWorker.run(SegmentedRaftLogWorker.java:289)
	at java.lang.Thread.run(Thread.java:748)
Caused by: java.util.concurrent.TimeoutException
	at java.util.concurrent.CompletableFuture.timedGet(CompletableFuture.java:1771)
	at java.util.concurrent.CompletableFuture.get(CompletableFuture.java:1915)
	at org.apache.ratis.util.IOUtils.getFromFuture(IOUtils.java:79)
	... 4 more
2019-09-17 07:58:21,476 [fa69ee7c-0798-4ff8-b468-99ad50c0848e@group-9D95763EF4C0-SegmentedRaftLogWorker] WARN  segmented.SegmentedRaftLogWorker (SegmentedRaftLogWorker.java:getFromFuture(90)) - Timeout 5/~
org.apache.ratis.protocol.TimeoutIOException: Timeout 10s: WriteLog:8: (t:1, i:8), STATEMACHINELOGENTRY, client-77AE72837E11, cid=25-writeStateMachineData
	at org.apache.ratis.util.IOUtils.getFromFuture(IOUtils.java:87)
	at org.apache.ratis.server.raftlog.segmented.SegmentedRaftLogWorker$StateMachineDataPolicy.getFromFuture(SegmentedRaftLogWorker.java:87)
	at org.apache.ratis.server.raftlog.segmented.SegmentedRaftLogWorker$WriteLog.execute(SegmentedRaftLogWorker.java:477)
	at org.apache.ratis.server.raftlog.segmented.SegmentedRaftLogWorker.run(SegmentedRaftLogWorker.java:289)
	at java.lang.Thread.run(Thread.java:748)
Caused by: java.util.concurrent.TimeoutException
	at java.util.concurrent.CompletableFuture.timedGet(CompletableFuture.java:1771)
	at java.util.concurrent.CompletableFuture.get(CompletableFuture.java:1915)
	at org.apache.ratis.util.IOUtils.getFromFuture(IOUtils.java:79)
	... 4 more
2019-09-17 07:58:21,477 [7dacd8a8-dd8d-4754-a701-fe48d6265aff@group-9D95763EF4C0-SegmentedRaftLogWorker] WARN  segmented.SegmentedRaftLogWorker (SegmentedRaftLogWorker.java:getFromFuture(90)) - Timeout 5/~
org.apache.ratis.protocol.TimeoutIOException: Timeout 10s: WriteLog:8: (t:1, i:8), STATEMACHINELOGENTRY, client-77AE72837E11, cid=25-writeStateMachineData
	at org.apache.ratis.util.IOUtils.getFromFuture(IOUtils.java:87)
	at org.apache.ratis.server.raftlog.segmented.SegmentedRaftLogWorker$StateMachineDataPolicy.getFromFuture(SegmentedRaftLogWorker.java:87)
	at org.apache.ratis.server.raftlog.segmented.SegmentedRaftLogWorker$WriteLog.execute(SegmentedRaftLogWorker.java:477)
	at org.apache.ratis.server.raftlog.segmented.SegmentedRaftLogWorker.run(SegmentedRaftLogWorker.java:289)
	at java.lang.Thread.run(Thread.java:748)
Caused by: java.util.concurrent.TimeoutException
	at java.util.concurrent.CompletableFuture.timedGet(CompletableFuture.java:1771)
	at java.util.concurrent.CompletableFuture.get(CompletableFuture.java:1915)
	at org.apache.ratis.util.IOUtils.getFromFuture(IOUtils.java:79)
	... 4 more
2019-09-17 07:58:21,865 [java.util.concurrent.ThreadPoolExecutor$Worker@2149b9c7[State = -1, empty queue]] WARN  server.GrpcLogAppender (GrpcLogAppender.java:timeoutAppendRequest(200)) - fa69ee7c-0798-4ff8-b468-99ad50c0848e@group-9D95763EF4C0->e5fde6a0-3418-4bd7-b263-40da0cf228f6-GrpcLogAppender: appendEntries Timeout, request=fa69ee7c-0798-4ff8-b468-99ad50c0848e->e5fde6a0-3418-4bd7-b263-40da0cf228f6#38-t1, previous=(t:1, i:12), leaderCommit=6, initializing? false, entries: <empty>
2019-09-17 07:58:21,865 [java.util.concurrent.ThreadPoolExecutor$Worker@4ccc1ceb[State = -1, empty queue]] WARN  server.GrpcLogAppender (GrpcLogAppender.java:timeoutAppendRequest(200)) - fa69ee7c-0798-4ff8-b468-99ad50c0848e@group-9D95763EF4C0->7dacd8a8-dd8d-4754-a701-fe48d6265aff-GrpcLogAppender: appendEntries Timeout, request=fa69ee7c-0798-4ff8-b468-99ad50c0848e->7dacd8a8-dd8d-4754-a701-fe48d6265aff#38-t1, previous=(t:1, i:12), leaderCommit=6, initializing? false, entries: <empty>
2019-09-17 07:58:22,043 [grpc-default-executor-1] INFO  client.GrpcClientProtocolClient (GrpcClientProtocolClient.java:onNext(264)) - client-77AE72837E11->e5fde6a0-3418-4bd7-b263-40da0cf228f6: receive RaftClientReply:client-77AE72837E11->e5fde6a0-3418-4bd7-b263-40da0cf228f6@group-9D95763EF4C0, cid=24, FAILED org.apache.ratis.protocol.NotLeaderException: Server e5fde6a0-3418-4bd7-b263-40da0cf228f6@group-9D95763EF4C0 is not the leader fa69ee7c-0798-4ff8-b468-99ad50c0848e:192.168.151.112:42872, logIndex=0, commits[e5fde6a0-3418-4bd7-b263-40da0cf228f6:c6, fa69ee7c-0798-4ff8-b468-99ad50c0848e:c6, 7dacd8a8-dd8d-4754-a701-fe48d6265aff:c4]
2019-09-17 07:58:24,366 [java.util.concurrent.ThreadPoolExecutor$Worker@2149b9c7[State = -1, empty queue]] WARN  server.GrpcLogAppender (GrpcLogAppender.java:timeoutAppendRequest(200)) - fa69ee7c-0798-4ff8-b468-99ad50c0848e@group-9D95763EF4C0->e5fde6a0-3418-4bd7-b263-40da0cf228f6-GrpcLogAppender: appendEntries Timeout, request=fa69ee7c-0798-4ff8-b468-99ad50c0848e->e5fde6a0-3418-4bd7-b263-40da0cf228f6#39-t1, previous=(t:1, i:12), leaderCommit=6, initializing? false, entries: <empty>
2019-09-17 07:58:24,366 [java.util.concurrent.ThreadPoolExecutor$Worker@4ccc1ceb[State = -1, empty queue]] WARN  server.GrpcLogAppender (GrpcLogAppender.java:timeoutAppendRequest(200)) - fa69ee7c-0798-4ff8-b468-99ad50c0848e@group-9D95763EF4C0->7dacd8a8-dd8d-4754-a701-fe48d6265aff-GrpcLogAppender: appendEntries Timeout, request=fa69ee7c-0798-4ff8-b468-99ad50c0848e->7dacd8a8-dd8d-4754-a701-fe48d6265aff#39-t1, previous=(t:1, i:12), leaderCommit=6, initializing? false, entries: <empty>
2019-09-17 07:58:26,867 [java.util.concurrent.ThreadPoolExecutor$Worker@4ccc1ceb[State = -1, empty queue]] WARN  server.GrpcLogAppender (GrpcLogAppender.java:timeoutAppendRequest(200)) - fa69ee7c-0798-4ff8-b468-99ad50c0848e@group-9D95763EF4C0->7dacd8a8-dd8d-4754-a701-fe48d6265aff-GrpcLogAppender: appendEntries Timeout, request=fa69ee7c-0798-4ff8-b468-99ad50c0848e->7dacd8a8-dd8d-4754-a701-fe48d6265aff#40-t1, previous=(t:1, i:12), leaderCommit=6, initializing? false, entries: <empty>
2019-09-17 07:58:26,867 [java.util.concurrent.ThreadPoolExecutor$Worker@2149b9c7[State = -1, empty queue]] WARN  server.GrpcLogAppender (GrpcLogAppender.java:timeoutAppendRequest(200)) - fa69ee7c-0798-4ff8-b468-99ad50c0848e@group-9D95763EF4C0->e5fde6a0-3418-4bd7-b263-40da0cf228f6-GrpcLogAppender: appendEntries Timeout, request=fa69ee7c-0798-4ff8-b468-99ad50c0848e->e5fde6a0-3418-4bd7-b263-40da0cf228f6#40-t1, previous=(t:1, i:12), leaderCommit=6, initializing? false, entries: <empty>
2019-09-17 07:58:27,089 [grpc-default-executor-2] INFO  client.GrpcClientProtocolClient (GrpcClientProtocolClient.java:onNext(264)) - client-77AE72837E11->e5fde6a0-3418-4bd7-b263-40da0cf228f6: receive RaftClientReply:client-77AE72837E11->e5fde6a0-3418-4bd7-b263-40da0cf228f6@group-9D95763EF4C0, cid=24, FAILED org.apache.ratis.protocol.NotLeaderException: Server e5fde6a0-3418-4bd7-b263-40da0cf228f6@group-9D95763EF4C0 is not the leader fa69ee7c-0798-4ff8-b468-99ad50c0848e:192.168.151.112:42872, logIndex=0, commits[e5fde6a0-3418-4bd7-b263-40da0cf228f6:c6, fa69ee7c-0798-4ff8-b468-99ad50c0848e:c6, 7dacd8a8-dd8d-4754-a701-fe48d6265aff:c4]
2019-09-17 07:58:29,368 [java.util.concurrent.ThreadPoolExecutor$Worker@2149b9c7[State = -1, empty queue]] WARN  server.GrpcLogAppender (GrpcLogAppender.java:timeoutAppendRequest(200)) - fa69ee7c-0798-4ff8-b468-99ad50c0848e@group-9D95763EF4C0->e5fde6a0-3418-4bd7-b263-40da0cf228f6-GrpcLogAppender: appendEntries Timeout, request=fa69ee7c-0798-4ff8-b468-99ad50c0848e->e5fde6a0-3418-4bd7-b263-40da0cf228f6#41-t1, previous=(t:1, i:12), leaderCommit=6, initializing? false, entries: <empty>
2019-09-17 07:58:29,368 [java.util.concurrent.ThreadPoolExecutor$Worker@4ccc1ceb[State = -1, empty queue]] WARN  server.GrpcLogAppender (GrpcLogAppender.java:timeoutAppendRequest(200)) - fa69ee7c-0798-4ff8-b468-99ad50c0848e@group-9D95763EF4C0->7dacd8a8-dd8d-4754-a701-fe48d6265aff-GrpcLogAppender: appendEntries Timeout, request=fa69ee7c-0798-4ff8-b468-99ad50c0848e->7dacd8a8-dd8d-4754-a701-fe48d6265aff#41-t1, previous=(t:1, i:12), leaderCommit=6, initializing? false, entries: <empty>
2019-09-17 07:58:31,477 [e5fde6a0-3418-4bd7-b263-40da0cf228f6@group-9D95763EF4C0-SegmentedRaftLogWorker] WARN  segmented.SegmentedRaftLogWorker (SegmentedRaftLogWorker.java:getFromFuture(90)) - Timeout 6/~
org.apache.ratis.protocol.TimeoutIOException: Timeout 10s: WriteLog:8: (t:1, i:8), STATEMACHINELOGENTRY, client-77AE72837E11, cid=25-writeStateMachineData
	at org.apache.ratis.util.IOUtils.getFromFuture(IOUtils.java:87)
	at org.apache.ratis.server.raftlog.segmented.SegmentedRaftLogWorker$StateMachineDataPolicy.getFromFuture(SegmentedRaftLogWorker.java:87)
	at org.apache.ratis.server.raftlog.segmented.SegmentedRaftLogWorker$WriteLog.execute(SegmentedRaftLogWorker.java:477)
	at org.apache.ratis.server.raftlog.segmented.SegmentedRaftLogWorker.run(SegmentedRaftLogWorker.java:289)
	at java.lang.Thread.run(Thread.java:748)
Caused by: java.util.concurrent.TimeoutException
	at java.util.concurrent.CompletableFuture.timedGet(CompletableFuture.java:1771)
	at java.util.concurrent.CompletableFuture.get(CompletableFuture.java:1915)
	at org.apache.ratis.util.IOUtils.getFromFuture(IOUtils.java:79)
	... 4 more
2019-09-17 07:58:31,477 [fa69ee7c-0798-4ff8-b468-99ad50c0848e@group-9D95763EF4C0-SegmentedRaftLogWorker] WARN  segmented.SegmentedRaftLogWorker (SegmentedRaftLogWorker.java:getFromFuture(90)) - Timeout 6/~
org.apache.ratis.protocol.TimeoutIOException: Timeout 10s: WriteLog:8: (t:1, i:8), STATEMACHINELOGENTRY, client-77AE72837E11, cid=25-writeStateMachineData
	at org.apache.ratis.util.IOUtils.getFromFuture(IOUtils.java:87)
	at org.apache.ratis.server.raftlog.segmented.SegmentedRaftLogWorker$StateMachineDataPolicy.getFromFuture(SegmentedRaftLogWorker.java:87)
	at org.apache.ratis.server.raftlog.segmented.SegmentedRaftLogWorker$WriteLog.execute(SegmentedRaftLogWorker.java:477)
	at org.apache.ratis.server.raftlog.segmented.SegmentedRaftLogWorker.run(SegmentedRaftLogWorker.java:289)
	at java.lang.Thread.run(Thread.java:748)
Caused by: java.util.concurrent.TimeoutException
	at java.util.concurrent.CompletableFuture.timedGet(CompletableFuture.java:1771)
	at java.util.concurrent.CompletableFuture.get(CompletableFuture.java:1915)
	at org.apache.ratis.util.IOUtils.getFromFuture(IOUtils.java:79)
	... 4 more
2019-09-17 07:58:31,495 [7dacd8a8-dd8d-4754-a701-fe48d6265aff@group-9D95763EF4C0-SegmentedRaftLogWorker] WARN  segmented.SegmentedRaftLogWorker (SegmentedRaftLogWorker.java:getFromFuture(90)) - Timeout 6/~
org.apache.ratis.protocol.TimeoutIOException: Timeout 10s: WriteLog:8: (t:1, i:8), STATEMACHINELOGENTRY, client-77AE72837E11, cid=25-writeStateMachineData
	at org.apache.ratis.util.IOUtils.getFromFuture(IOUtils.java:87)
	at org.apache.ratis.server.raftlog.segmented.SegmentedRaftLogWorker$StateMachineDataPolicy.getFromFuture(SegmentedRaftLogWorker.java:87)
	at org.apache.ratis.server.raftlog.segmented.SegmentedRaftLogWorker$WriteLog.execute(SegmentedRaftLogWorker.java:477)
	at org.apache.ratis.server.raftlog.segmented.SegmentedRaftLogWorker.run(SegmentedRaftLogWorker.java:289)
	at java.lang.Thread.run(Thread.java:748)
Caused by: java.util.concurrent.TimeoutException
	at java.util.concurrent.CompletableFuture.timedGet(CompletableFuture.java:1771)
	at java.util.concurrent.CompletableFuture.get(CompletableFuture.java:1915)
	at org.apache.ratis.util.IOUtils.getFromFuture(IOUtils.java:79)
	... 4 more
2019-09-17 07:58:31,868 [java.util.concurrent.ThreadPoolExecutor$Worker@4ccc1ceb[State = -1, empty queue]] WARN  server.GrpcLogAppender (GrpcLogAppender.java:timeoutAppendRequest(200)) - fa69ee7c-0798-4ff8-b468-99ad50c0848e@group-9D95763EF4C0->7dacd8a8-dd8d-4754-a701-fe48d6265aff-GrpcLogAppender: appendEntries Timeout, request=fa69ee7c-0798-4ff8-b468-99ad50c0848e->7dacd8a8-dd8d-4754-a701-fe48d6265aff#42-t1, previous=(t:1, i:12), leaderCommit=6, initializing? false, entries: <empty>
2019-09-17 07:58:31,868 [java.util.concurrent.ThreadPoolExecutor$Worker@2149b9c7[State = -1, empty queue]] WARN  server.GrpcLogAppender (GrpcLogAppender.java:timeoutAppendRequest(200)) - fa69ee7c-0798-4ff8-b468-99ad50c0848e@group-9D95763EF4C0->e5fde6a0-3418-4bd7-b263-40da0cf228f6-GrpcLogAppender: appendEntries Timeout, request=fa69ee7c-0798-4ff8-b468-99ad50c0848e->e5fde6a0-3418-4bd7-b263-40da0cf228f6#42-t1, previous=(t:1, i:12), leaderCommit=6, initializing? false, entries: <empty>
2019-09-17 07:58:32,135 [grpc-default-executor-1] INFO  client.GrpcClientProtocolClient (GrpcClientProtocolClient.java:onNext(264)) - client-77AE72837E11->7dacd8a8-dd8d-4754-a701-fe48d6265aff: receive RaftClientReply:client-77AE72837E11->7dacd8a8-dd8d-4754-a701-fe48d6265aff@group-9D95763EF4C0, cid=24, FAILED org.apache.ratis.protocol.NotLeaderException: Server 7dacd8a8-dd8d-4754-a701-fe48d6265aff@group-9D95763EF4C0 is not the leader fa69ee7c-0798-4ff8-b468-99ad50c0848e:192.168.151.112:42872, logIndex=0, commits[7dacd8a8-dd8d-4754-a701-fe48d6265aff:c6, fa69ee7c-0798-4ff8-b468-99ad50c0848e:c6, e5fde6a0-3418-4bd7-b263-40da0cf228f6:c4]
2019-09-17 07:58:34,369 [java.util.concurrent.ThreadPoolExecutor$Worker@2149b9c7[State = -1, empty queue]] WARN  server.GrpcLogAppender (GrpcLogAppender.java:timeoutAppendRequest(200)) - fa69ee7c-0798-4ff8-b468-99ad50c0848e@group-9D95763EF4C0->e5fde6a0-3418-4bd7-b263-40da0cf228f6-GrpcLogAppender: appendEntries Timeout, request=fa69ee7c-0798-4ff8-b468-99ad50c0848e->e5fde6a0-3418-4bd7-b263-40da0cf228f6#43-t1, previous=(t:1, i:12), leaderCommit=6, initializing? false, entries: <empty>
2019-09-17 07:58:34,369 [java.util.concurrent.ThreadPoolExecutor$Worker@4ccc1ceb[State = -1, empty queue]] WARN  server.GrpcLogAppender (GrpcLogAppender.java:timeoutAppendRequest(200)) - fa69ee7c-0798-4ff8-b468-99ad50c0848e@group-9D95763EF4C0->7dacd8a8-dd8d-4754-a701-fe48d6265aff-GrpcLogAppender: appendEntries Timeout, request=fa69ee7c-0798-4ff8-b468-99ad50c0848e->7dacd8a8-dd8d-4754-a701-fe48d6265aff#43-t1, previous=(t:1, i:12), leaderCommit=6, initializing? false, entries: <empty>
2019-09-17 07:58:36,869 [java.util.concurrent.ThreadPoolExecutor$Worker@2149b9c7[State = -1, empty queue]] WARN  server.GrpcLogAppender (GrpcLogAppender.java:timeoutAppendRequest(200)) - fa69ee7c-0798-4ff8-b468-99ad50c0848e@group-9D95763EF4C0->e5fde6a0-3418-4bd7-b263-40da0cf228f6-GrpcLogAppender: appendEntries Timeout, request=fa69ee7c-0798-4ff8-b468-99ad50c0848e->e5fde6a0-3418-4bd7-b263-40da0cf228f6#44-t1, previous=(t:1, i:12), leaderCommit=6, initializing? false, entries: <empty>
2019-09-17 07:58:36,869 [java.util.concurrent.ThreadPoolExecutor$Worker@4ccc1ceb[State = -1, empty queue]] WARN  server.GrpcLogAppender (GrpcLogAppender.java:timeoutAppendRequest(200)) - fa69ee7c-0798-4ff8-b468-99ad50c0848e@group-9D95763EF4C0->7dacd8a8-dd8d-4754-a701-fe48d6265aff-GrpcLogAppender: appendEntries Timeout, request=fa69ee7c-0798-4ff8-b468-99ad50c0848e->7dacd8a8-dd8d-4754-a701-fe48d6265aff#44-t1, previous=(t:1, i:12), leaderCommit=6, initializing? false, entries: <empty>
2019-09-17 07:58:37,195 [grpc-default-executor-3] INFO  client.GrpcClientProtocolClient (GrpcClientProtocolClient.java:onNext(264)) - client-77AE72837E11->7dacd8a8-dd8d-4754-a701-fe48d6265aff: receive RaftClientReply:client-77AE72837E11->7dacd8a8-dd8d-4754-a701-fe48d6265aff@group-9D95763EF4C0, cid=24, FAILED org.apache.ratis.protocol.NotLeaderException: Server 7dacd8a8-dd8d-4754-a701-fe48d6265aff@group-9D95763EF4C0 is not the leader fa69ee7c-0798-4ff8-b468-99ad50c0848e:192.168.151.112:42872, logIndex=0, commits[7dacd8a8-dd8d-4754-a701-fe48d6265aff:c6, fa69ee7c-0798-4ff8-b468-99ad50c0848e:c6, e5fde6a0-3418-4bd7-b263-40da0cf228f6:c4]
2019-09-17 07:58:39,371 [java.util.concurrent.ThreadPoolExecutor$Worker@2149b9c7[State = -1, empty queue]] WARN  server.GrpcLogAppender (GrpcLogAppender.java:timeoutAppendRequest(200)) - fa69ee7c-0798-4ff8-b468-99ad50c0848e@group-9D95763EF4C0->e5fde6a0-3418-4bd7-b263-40da0cf228f6-GrpcLogAppender: appendEntries Timeout, request=fa69ee7c-0798-4ff8-b468-99ad50c0848e->e5fde6a0-3418-4bd7-b263-40da0cf228f6#45-t1, previous=(t:1, i:12), leaderCommit=6, initializing? false, entries: <empty>
2019-09-17 07:58:39,371 [java.util.concurrent.ThreadPoolExecutor$Worker@4ccc1ceb[State = -1, empty queue]] WARN  server.GrpcLogAppender (GrpcLogAppender.java:timeoutAppendRequest(200)) - fa69ee7c-0798-4ff8-b468-99ad50c0848e@group-9D95763EF4C0->7dacd8a8-dd8d-4754-a701-fe48d6265aff-GrpcLogAppender: appendEntries Timeout, request=fa69ee7c-0798-4ff8-b468-99ad50c0848e->7dacd8a8-dd8d-4754-a701-fe48d6265aff#45-t1, previous=(t:1, i:12), leaderCommit=6, initializing? false, entries: <empty>
2019-09-17 07:58:41,478 [e5fde6a0-3418-4bd7-b263-40da0cf228f6@group-9D95763EF4C0-SegmentedRaftLogWorker] WARN  segmented.SegmentedRaftLogWorker (SegmentedRaftLogWorker.java:getFromFuture(90)) - Timeout 7/~
org.apache.ratis.protocol.TimeoutIOException: Timeout 10s: WriteLog:8: (t:1, i:8), STATEMACHINELOGENTRY, client-77AE72837E11, cid=25-writeStateMachineData
	at org.apache.ratis.util.IOUtils.getFromFuture(IOUtils.java:87)
	at org.apache.ratis.server.raftlog.segmented.SegmentedRaftLogWorker$StateMachineDataPolicy.getFromFuture(SegmentedRaftLogWorker.java:87)
	at org.apache.ratis.server.raftlog.segmented.SegmentedRaftLogWorker$WriteLog.execute(SegmentedRaftLogWorker.java:477)
	at org.apache.ratis.server.raftlog.segmented.SegmentedRaftLogWorker.run(SegmentedRaftLogWorker.java:289)
	at java.lang.Thread.run(Thread.java:748)
Caused by: java.util.concurrent.TimeoutException
	at java.util.concurrent.CompletableFuture.timedGet(CompletableFuture.java:1771)
	at java.util.concurrent.CompletableFuture.get(CompletableFuture.java:1915)
	at org.apache.ratis.util.IOUtils.getFromFuture(IOUtils.java:79)
	... 4 more
2019-09-17 07:58:41,496 [fa69ee7c-0798-4ff8-b468-99ad50c0848e@group-9D95763EF4C0-SegmentedRaftLogWorker] WARN  segmented.SegmentedRaftLogWorker (SegmentedRaftLogWorker.java:getFromFuture(90)) - Timeout 7/~
org.apache.ratis.protocol.TimeoutIOException: Timeout 10s: WriteLog:8: (t:1, i:8), STATEMACHINELOGENTRY, client-77AE72837E11, cid=25-writeStateMachineData
	at org.apache.ratis.util.IOUtils.getFromFuture(IOUtils.java:87)
	at org.apache.ratis.server.raftlog.segmented.SegmentedRaftLogWorker$StateMachineDataPolicy.getFromFuture(SegmentedRaftLogWorker.java:87)
	at org.apache.ratis.server.raftlog.segmented.SegmentedRaftLogWorker$WriteLog.execute(SegmentedRaftLogWorker.java:477)
	at org.apache.ratis.server.raftlog.segmented.SegmentedRaftLogWorker.run(SegmentedRaftLogWorker.java:289)
	at java.lang.Thread.run(Thread.java:748)
Caused by: java.util.concurrent.TimeoutException
	at java.util.concurrent.CompletableFuture.timedGet(CompletableFuture.java:1771)
	at java.util.concurrent.CompletableFuture.get(CompletableFuture.java:1915)
	at org.apache.ratis.util.IOUtils.getFromFuture(IOUtils.java:79)
	... 4 more
2019-09-17 07:58:41,496 [7dacd8a8-dd8d-4754-a701-fe48d6265aff@group-9D95763EF4C0-SegmentedRaftLogWorker] WARN  segmented.SegmentedRaftLogWorker (SegmentedRaftLogWorker.java:getFromFuture(90)) - Timeout 7/~
org.apache.ratis.protocol.TimeoutIOException: Timeout 10s: WriteLog:8: (t:1, i:8), STATEMACHINELOGENTRY, client-77AE72837E11, cid=25-writeStateMachineData
	at org.apache.ratis.util.IOUtils.getFromFuture(IOUtils.java:87)
	at org.apache.ratis.server.raftlog.segmented.SegmentedRaftLogWorker$StateMachineDataPolicy.getFromFuture(SegmentedRaftLogWorker.java:87)
	at org.apache.ratis.server.raftlog.segmented.SegmentedRaftLogWorker$WriteLog.execute(SegmentedRaftLogWorker.java:477)
	at org.apache.ratis.server.raftlog.segmented.SegmentedRaftLogWorker.run(SegmentedRaftLogWorker.java:289)
	at java.lang.Thread.run(Thread.java:748)
Caused by: java.util.concurrent.TimeoutException
	at java.util.concurrent.CompletableFuture.timedGet(CompletableFuture.java:1771)
	at java.util.concurrent.CompletableFuture.get(CompletableFuture.java:1915)
	at org.apache.ratis.util.IOUtils.getFromFuture(IOUtils.java:79)
	... 4 more
2019-09-17 07:58:41,871 [java.util.concurrent.ThreadPoolExecutor$Worker@4ccc1ceb[State = -1, empty queue]] WARN  server.GrpcLogAppender (GrpcLogAppender.java:timeoutAppendRequest(200)) - fa69ee7c-0798-4ff8-b468-99ad50c0848e@group-9D95763EF4C0->7dacd8a8-dd8d-4754-a701-fe48d6265aff-GrpcLogAppender: appendEntries Timeout, request=fa69ee7c-0798-4ff8-b468-99ad50c0848e->7dacd8a8-dd8d-4754-a701-fe48d6265aff#46-t1, previous=(t:1, i:12), leaderCommit=6, initializing? false, entries: <empty>
2019-09-17 07:58:41,871 [java.util.concurrent.ThreadPoolExecutor$Worker@2149b9c7[State = -1, empty queue]] WARN  server.GrpcLogAppender (GrpcLogAppender.java:timeoutAppendRequest(200)) - fa69ee7c-0798-4ff8-b468-99ad50c0848e@group-9D95763EF4C0->e5fde6a0-3418-4bd7-b263-40da0cf228f6-GrpcLogAppender: appendEntries Timeout, request=fa69ee7c-0798-4ff8-b468-99ad50c0848e->e5fde6a0-3418-4bd7-b263-40da0cf228f6#46-t1, previous=(t:1, i:12), leaderCommit=6, initializing? false, entries: <empty>
2019-09-17 07:58:42,264 [grpc-default-executor-3] INFO  client.GrpcClientProtocolClient (GrpcClientProtocolClient.java:onNext(264)) - client-77AE72837E11->e5fde6a0-3418-4bd7-b263-40da0cf228f6: receive RaftClientReply:client-77AE72837E11->e5fde6a0-3418-4bd7-b263-40da0cf228f6@group-9D95763EF4C0, cid=24, FAILED org.apache.ratis.protocol.NotLeaderException: Server e5fde6a0-3418-4bd7-b263-40da0cf228f6@group-9D95763EF4C0 is not the leader fa69ee7c-0798-4ff8-b468-99ad50c0848e:192.168.151.112:42872, logIndex=0, commits[e5fde6a0-3418-4bd7-b263-40da0cf228f6:c6, fa69ee7c-0798-4ff8-b468-99ad50c0848e:c6, 7dacd8a8-dd8d-4754-a701-fe48d6265aff:c4]
2019-09-17 07:58:44,371 [java.util.concurrent.ThreadPoolExecutor$Worker@2149b9c7[State = -1, empty queue]] WARN  server.GrpcLogAppender (GrpcLogAppender.java:timeoutAppendRequest(200)) - fa69ee7c-0798-4ff8-b468-99ad50c0848e@group-9D95763EF4C0->e5fde6a0-3418-4bd7-b263-40da0cf228f6-GrpcLogAppender: appendEntries Timeout, request=fa69ee7c-0798-4ff8-b468-99ad50c0848e->e5fde6a0-3418-4bd7-b263-40da0cf228f6#47-t1, previous=(t:1, i:12), leaderCommit=6, initializing? false, entries: <empty>
2019-09-17 07:58:44,371 [java.util.concurrent.ThreadPoolExecutor$Worker@4ccc1ceb[State = -1, empty queue]] WARN  server.GrpcLogAppender (GrpcLogAppender.java:timeoutAppendRequest(200)) - fa69ee7c-0798-4ff8-b468-99ad50c0848e@group-9D95763EF4C0->7dacd8a8-dd8d-4754-a701-fe48d6265aff-GrpcLogAppender: appendEntries Timeout, request=fa69ee7c-0798-4ff8-b468-99ad50c0848e->7dacd8a8-dd8d-4754-a701-fe48d6265aff#47-t1, previous=(t:1, i:12), leaderCommit=6, initializing? false, entries: <empty>
2019-09-17 07:58:46,872 [java.util.concurrent.ThreadPoolExecutor$Worker@2149b9c7[State = -1, empty queue]] WARN  server.GrpcLogAppender (GrpcLogAppender.java:timeoutAppendRequest(200)) - fa69ee7c-0798-4ff8-b468-99ad50c0848e@group-9D95763EF4C0->e5fde6a0-3418-4bd7-b263-40da0cf228f6-GrpcLogAppender: appendEntries Timeout, request=fa69ee7c-0798-4ff8-b468-99ad50c0848e->e5fde6a0-3418-4bd7-b263-40da0cf228f6#48-t1, previous=(t:1, i:12), leaderCommit=6, initializing? false, entries: <empty>
2019-09-17 07:58:46,872 [java.util.concurrent.ThreadPoolExecutor$Worker@4ccc1ceb[State = -1, empty queue]] WARN  server.GrpcLogAppender (GrpcLogAppender.java:timeoutAppendRequest(200)) - fa69ee7c-0798-4ff8-b468-99ad50c0848e@group-9D95763EF4C0->7dacd8a8-dd8d-4754-a701-fe48d6265aff-GrpcLogAppender: appendEntries Timeout, request=fa69ee7c-0798-4ff8-b468-99ad50c0848e->7dacd8a8-dd8d-4754-a701-fe48d6265aff#48-t1, previous=(t:1, i:12), leaderCommit=6, initializing? false, entries: <empty>
2019-09-17 07:58:47,330 [grpc-default-executor-3] INFO  client.GrpcClientProtocolClient (GrpcClientProtocolClient.java:onNext(264)) - client-77AE72837E11->e5fde6a0-3418-4bd7-b263-40da0cf228f6: receive RaftClientReply:client-77AE72837E11->e5fde6a0-3418-4bd7-b263-40da0cf228f6@group-9D95763EF4C0, cid=24, FAILED org.apache.ratis.protocol.NotLeaderException: Server e5fde6a0-3418-4bd7-b263-40da0cf228f6@group-9D95763EF4C0 is not the leader fa69ee7c-0798-4ff8-b468-99ad50c0848e:192.168.151.112:42872, logIndex=0, commits[e5fde6a0-3418-4bd7-b263-40da0cf228f6:c6, fa69ee7c-0798-4ff8-b468-99ad50c0848e:c6, 7dacd8a8-dd8d-4754-a701-fe48d6265aff:c4]
2019-09-17 07:58:49,373 [java.util.concurrent.ThreadPoolExecutor$Worker@4ccc1ceb[State = -1, empty queue]] WARN  server.GrpcLogAppender (GrpcLogAppender.java:timeoutAppendRequest(200)) - fa69ee7c-0798-4ff8-b468-99ad50c0848e@group-9D95763EF4C0->7dacd8a8-dd8d-4754-a701-fe48d6265aff-GrpcLogAppender: appendEntries Timeout, request=fa69ee7c-0798-4ff8-b468-99ad50c0848e->7dacd8a8-dd8d-4754-a701-fe48d6265aff#49-t1, previous=(t:1, i:12), leaderCommit=6, initializing? false, entries: <empty>
2019-09-17 07:58:49,373 [java.util.concurrent.ThreadPoolExecutor$Worker@2149b9c7[State = -1, empty queue]] WARN  server.GrpcLogAppender (GrpcLogAppender.java:timeoutAppendRequest(200)) - fa69ee7c-0798-4ff8-b468-99ad50c0848e@group-9D95763EF4C0->e5fde6a0-3418-4bd7-b263-40da0cf228f6-GrpcLogAppender: appendEntries Timeout, request=fa69ee7c-0798-4ff8-b468-99ad50c0848e->e5fde6a0-3418-4bd7-b263-40da0cf228f6#49-t1, previous=(t:1, i:12), leaderCommit=6, initializing? false, entries: <empty>
2019-09-17 07:58:51,480 [e5fde6a0-3418-4bd7-b263-40da0cf228f6@group-9D95763EF4C0-SegmentedRaftLogWorker] WARN  segmented.SegmentedRaftLogWorker (SegmentedRaftLogWorker.java:getFromFuture(90)) - Timeout 8/~
org.apache.ratis.protocol.TimeoutIOException: Timeout 10s: WriteLog:8: (t:1, i:8), STATEMACHINELOGENTRY, client-77AE72837E11, cid=25-writeStateMachineData
	at org.apache.ratis.util.IOUtils.getFromFuture(IOUtils.java:87)
	at org.apache.ratis.server.raftlog.segmented.SegmentedRaftLogWorker$StateMachineDataPolicy.getFromFuture(SegmentedRaftLogWorker.java:87)
	at org.apache.ratis.server.raftlog.segmented.SegmentedRaftLogWorker$WriteLog.execute(SegmentedRaftLogWorker.java:477)
	at org.apache.ratis.server.raftlog.segmented.SegmentedRaftLogWorker.run(SegmentedRaftLogWorker.java:289)
	at java.lang.Thread.run(Thread.java:748)
Caused by: java.util.concurrent.TimeoutException
	at java.util.concurrent.CompletableFuture.timedGet(CompletableFuture.java:1771)
	at java.util.concurrent.CompletableFuture.get(CompletableFuture.java:1915)
	at org.apache.ratis.util.IOUtils.getFromFuture(IOUtils.java:79)
	... 4 more
2019-09-17 07:58:51,496 [fa69ee7c-0798-4ff8-b468-99ad50c0848e@group-9D95763EF4C0-SegmentedRaftLogWorker] WARN  segmented.SegmentedRaftLogWorker (SegmentedRaftLogWorker.java:getFromFuture(90)) - Timeout 8/~
org.apache.ratis.protocol.TimeoutIOException: Timeout 10s: WriteLog:8: (t:1, i:8), STATEMACHINELOGENTRY, client-77AE72837E11, cid=25-writeStateMachineData
	at org.apache.ratis.util.IOUtils.getFromFuture(IOUtils.java:87)
	at org.apache.ratis.server.raftlog.segmented.SegmentedRaftLogWorker$StateMachineDataPolicy.getFromFuture(SegmentedRaftLogWorker.java:87)
	at org.apache.ratis.server.raftlog.segmented.SegmentedRaftLogWorker$WriteLog.execute(SegmentedRaftLogWorker.java:477)
	at org.apache.ratis.server.raftlog.segmented.SegmentedRaftLogWorker.run(SegmentedRaftLogWorker.java:289)
	at java.lang.Thread.run(Thread.java:748)
Caused by: java.util.concurrent.TimeoutException
	at java.util.concurrent.CompletableFuture.timedGet(CompletableFuture.java:1771)
	at java.util.concurrent.CompletableFuture.get(CompletableFuture.java:1915)
	at org.apache.ratis.util.IOUtils.getFromFuture(IOUtils.java:79)
	... 4 more
2019-09-17 07:58:51,497 [7dacd8a8-dd8d-4754-a701-fe48d6265aff@group-9D95763EF4C0-SegmentedRaftLogWorker] WARN  segmented.SegmentedRaftLogWorker (SegmentedRaftLogWorker.java:getFromFuture(90)) - Timeout 8/~
org.apache.ratis.protocol.TimeoutIOException: Timeout 10s: WriteLog:8: (t:1, i:8), STATEMACHINELOGENTRY, client-77AE72837E11, cid=25-writeStateMachineData
	at org.apache.ratis.util.IOUtils.getFromFuture(IOUtils.java:87)
	at org.apache.ratis.server.raftlog.segmented.SegmentedRaftLogWorker$StateMachineDataPolicy.getFromFuture(SegmentedRaftLogWorker.java:87)
	at org.apache.ratis.server.raftlog.segmented.SegmentedRaftLogWorker$WriteLog.execute(SegmentedRaftLogWorker.java:477)
	at org.apache.ratis.server.raftlog.segmented.SegmentedRaftLogWorker.run(SegmentedRaftLogWorker.java:289)
	at java.lang.Thread.run(Thread.java:748)
Caused by: java.util.concurrent.TimeoutException
	at java.util.concurrent.CompletableFuture.timedGet(CompletableFuture.java:1771)
	at java.util.concurrent.CompletableFuture.get(CompletableFuture.java:1915)
	at org.apache.ratis.util.IOUtils.getFromFuture(IOUtils.java:79)
	... 4 more
2019-09-17 07:58:51,874 [java.util.concurrent.ThreadPoolExecutor$Worker@4ccc1ceb[State = -1, empty queue]] WARN  server.GrpcLogAppender (GrpcLogAppender.java:timeoutAppendRequest(200)) - fa69ee7c-0798-4ff8-b468-99ad50c0848e@group-9D95763EF4C0->7dacd8a8-dd8d-4754-a701-fe48d6265aff-GrpcLogAppender: appendEntries Timeout, request=fa69ee7c-0798-4ff8-b468-99ad50c0848e->7dacd8a8-dd8d-4754-a701-fe48d6265aff#50-t1, previous=(t:1, i:12), leaderCommit=6, initializing? false, entries: <empty>
2019-09-17 07:58:51,874 [java.util.concurrent.ThreadPoolExecutor$Worker@2149b9c7[State = -1, empty queue]] WARN  server.GrpcLogAppender (GrpcLogAppender.java:timeoutAppendRequest(200)) - fa69ee7c-0798-4ff8-b468-99ad50c0848e@group-9D95763EF4C0->e5fde6a0-3418-4bd7-b263-40da0cf228f6-GrpcLogAppender: appendEntries Timeout, request=fa69ee7c-0798-4ff8-b468-99ad50c0848e->e5fde6a0-3418-4bd7-b263-40da0cf228f6#50-t1, previous=(t:1, i:12), leaderCommit=6, initializing? false, entries: <empty>
2019-09-17 07:58:52,417 [grpc-default-executor-1] INFO  client.GrpcClientProtocolClient (GrpcClientProtocolClient.java:onNext(264)) - client-77AE72837E11->e5fde6a0-3418-4bd7-b263-40da0cf228f6: receive RaftClientReply:client-77AE72837E11->e5fde6a0-3418-4bd7-b263-40da0cf228f6@group-9D95763EF4C0, cid=24, FAILED org.apache.ratis.protocol.NotLeaderException: Server e5fde6a0-3418-4bd7-b263-40da0cf228f6@group-9D95763EF4C0 is not the leader fa69ee7c-0798-4ff8-b468-99ad50c0848e:192.168.151.112:42872, logIndex=0, commits[e5fde6a0-3418-4bd7-b263-40da0cf228f6:c6, fa69ee7c-0798-4ff8-b468-99ad50c0848e:c6, 7dacd8a8-dd8d-4754-a701-fe48d6265aff:c4]
2019-09-17 07:58:54,391 [java.util.concurrent.ThreadPoolExecutor$Worker@4ccc1ceb[State = -1, empty queue]] WARN  server.GrpcLogAppender (GrpcLogAppender.java:timeoutAppendRequest(200)) - fa69ee7c-0798-4ff8-b468-99ad50c0848e@group-9D95763EF4C0->7dacd8a8-dd8d-4754-a701-fe48d6265aff-GrpcLogAppender: appendEntries Timeout, request=fa69ee7c-0798-4ff8-b468-99ad50c0848e->7dacd8a8-dd8d-4754-a701-fe48d6265aff#51-t1, previous=(t:1, i:12), leaderCommit=6, initializing? false, entries: <empty>
2019-09-17 07:58:54,391 [java.util.concurrent.ThreadPoolExecutor$Worker@2149b9c7[State = -1, empty queue]] WARN  server.GrpcLogAppender (GrpcLogAppender.java:timeoutAppendRequest(200)) - fa69ee7c-0798-4ff8-b468-99ad50c0848e@group-9D95763EF4C0->e5fde6a0-3418-4bd7-b263-40da0cf228f6-GrpcLogAppender: appendEntries Timeout, request=fa69ee7c-0798-4ff8-b468-99ad50c0848e->e5fde6a0-3418-4bd7-b263-40da0cf228f6#51-t1, previous=(t:1, i:12), leaderCommit=6, initializing? false, entries: <empty>
2019-09-17 07:58:56,891 [java.util.concurrent.ThreadPoolExecutor$Worker@2149b9c7[State = -1, empty queue]] WARN  server.GrpcLogAppender (GrpcLogAppender.java:timeoutAppendRequest(200)) - fa69ee7c-0798-4ff8-b468-99ad50c0848e@group-9D95763EF4C0->e5fde6a0-3418-4bd7-b263-40da0cf228f6-GrpcLogAppender: appendEntries Timeout, request=fa69ee7c-0798-4ff8-b468-99ad50c0848e->e5fde6a0-3418-4bd7-b263-40da0cf228f6#52-t1, previous=(t:1, i:12), leaderCommit=6, initializing? false, entries: <empty>
2019-09-17 07:58:56,891 [java.util.concurrent.ThreadPoolExecutor$Worker@4ccc1ceb[State = -1, empty queue]] WARN  server.GrpcLogAppender (GrpcLogAppender.java:timeoutAppendRequest(200)) - fa69ee7c-0798-4ff8-b468-99ad50c0848e@group-9D95763EF4C0->7dacd8a8-dd8d-4754-a701-fe48d6265aff-GrpcLogAppender: appendEntries Timeout, request=fa69ee7c-0798-4ff8-b468-99ad50c0848e->7dacd8a8-dd8d-4754-a701-fe48d6265aff#52-t1, previous=(t:1, i:12), leaderCommit=6, initializing? false, entries: <empty>
2019-09-17 07:58:57,464 [grpc-default-executor-2] INFO  client.GrpcClientProtocolClient (GrpcClientProtocolClient.java:onNext(264)) - client-77AE72837E11->e5fde6a0-3418-4bd7-b263-40da0cf228f6: receive RaftClientReply:client-77AE72837E11->e5fde6a0-3418-4bd7-b263-40da0cf228f6@group-9D95763EF4C0, cid=24, FAILED org.apache.ratis.protocol.NotLeaderException: Server e5fde6a0-3418-4bd7-b263-40da0cf228f6@group-9D95763EF4C0 is not the leader fa69ee7c-0798-4ff8-b468-99ad50c0848e:192.168.151.112:42872, logIndex=0, commits[e5fde6a0-3418-4bd7-b263-40da0cf228f6:c6, fa69ee7c-0798-4ff8-b468-99ad50c0848e:c6, 7dacd8a8-dd8d-4754-a701-fe48d6265aff:c4]
2019-09-17 07:58:59,394 [java.util.concurrent.ThreadPoolExecutor$Worker@4ccc1ceb[State = -1, empty queue]] WARN  server.GrpcLogAppender (GrpcLogAppender.java:timeoutAppendRequest(200)) - fa69ee7c-0798-4ff8-b468-99ad50c0848e@group-9D95763EF4C0->7dacd8a8-dd8d-4754-a701-fe48d6265aff-GrpcLogAppender: appendEntries Timeout, request=fa69ee7c-0798-4ff8-b468-99ad50c0848e->7dacd8a8-dd8d-4754-a701-fe48d6265aff#53-t1, previous=(t:1, i:12), leaderCommit=6, initializing? false, entries: <empty>
2019-09-17 07:58:59,394 [java.util.concurrent.ThreadPoolExecutor$Worker@2149b9c7[State = -1, empty queue]] WARN  server.GrpcLogAppender (GrpcLogAppender.java:timeoutAppendRequest(200)) - fa69ee7c-0798-4ff8-b468-99ad50c0848e@group-9D95763EF4C0->e5fde6a0-3418-4bd7-b263-40da0cf228f6-GrpcLogAppender: appendEntries Timeout, request=fa69ee7c-0798-4ff8-b468-99ad50c0848e->e5fde6a0-3418-4bd7-b263-40da0cf228f6#53-t1, previous=(t:1, i:12), leaderCommit=6, initializing? false, entries: <empty>
2019-09-17 07:59:01,484 [e5fde6a0-3418-4bd7-b263-40da0cf228f6@group-9D95763EF4C0-SegmentedRaftLogWorker] WARN  segmented.SegmentedRaftLogWorker (SegmentedRaftLogWorker.java:getFromFuture(90)) - Timeout 9/~
org.apache.ratis.protocol.TimeoutIOException: Timeout 10s: WriteLog:8: (t:1, i:8), STATEMACHINELOGENTRY, client-77AE72837E11, cid=25-writeStateMachineData
	at org.apache.ratis.util.IOUtils.getFromFuture(IOUtils.java:87)
	at org.apache.ratis.server.raftlog.segmented.SegmentedRaftLogWorker$StateMachineDataPolicy.getFromFuture(SegmentedRaftLogWorker.java:87)
	at org.apache.ratis.server.raftlog.segmented.SegmentedRaftLogWorker$WriteLog.execute(SegmentedRaftLogWorker.java:477)
	at org.apache.ratis.server.raftlog.segmented.SegmentedRaftLogWorker.run(SegmentedRaftLogWorker.java:289)
	at java.lang.Thread.run(Thread.java:748)
Caused by: java.util.concurrent.TimeoutException
	at java.util.concurrent.CompletableFuture.timedGet(CompletableFuture.java:1771)
	at java.util.concurrent.CompletableFuture.get(CompletableFuture.java:1915)
	at org.apache.ratis.util.IOUtils.getFromFuture(IOUtils.java:79)
	... 4 more
2019-09-17 07:59:01,502 [fa69ee7c-0798-4ff8-b468-99ad50c0848e@group-9D95763EF4C0-SegmentedRaftLogWorker] WARN  segmented.SegmentedRaftLogWorker (SegmentedRaftLogWorker.java:getFromFuture(90)) - Timeout 9/~
org.apache.ratis.protocol.TimeoutIOException: Timeout 10s: WriteLog:8: (t:1, i:8), STATEMACHINELOGENTRY, client-77AE72837E11, cid=25-writeStateMachineData
	at org.apache.ratis.util.IOUtils.getFromFuture(IOUtils.java:87)
	at org.apache.ratis.server.raftlog.segmented.SegmentedRaftLogWorker$StateMachineDataPolicy.getFromFuture(SegmentedRaftLogWorker.java:87)
	at org.apache.ratis.server.raftlog.segmented.SegmentedRaftLogWorker$WriteLog.execute(SegmentedRaftLogWorker.java:477)
	at org.apache.ratis.server.raftlog.segmented.SegmentedRaftLogWorker.run(SegmentedRaftLogWorker.java:289)
	at java.lang.Thread.run(Thread.java:748)
Caused by: java.util.concurrent.TimeoutException
	at java.util.concurrent.CompletableFuture.timedGet(CompletableFuture.java:1771)
	at java.util.concurrent.CompletableFuture.get(CompletableFuture.java:1915)
	at org.apache.ratis.util.IOUtils.getFromFuture(IOUtils.java:79)
	... 4 more
2019-09-17 07:59:01,502 [7dacd8a8-dd8d-4754-a701-fe48d6265aff@group-9D95763EF4C0-SegmentedRaftLogWorker] WARN  segmented.SegmentedRaftLogWorker (SegmentedRaftLogWorker.java:getFromFuture(90)) - Timeout 9/~
org.apache.ratis.protocol.TimeoutIOException: Timeout 10s: WriteLog:8: (t:1, i:8), STATEMACHINELOGENTRY, client-77AE72837E11, cid=25-writeStateMachineData
	at org.apache.ratis.util.IOUtils.getFromFuture(IOUtils.java:87)
	at org.apache.ratis.server.raftlog.segmented.SegmentedRaftLogWorker$StateMachineDataPolicy.getFromFuture(SegmentedRaftLogWorker.java:87)
	at org.apache.ratis.server.raftlog.segmented.SegmentedRaftLogWorker$WriteLog.execute(SegmentedRaftLogWorker.java:477)
	at org.apache.ratis.server.raftlog.segmented.SegmentedRaftLogWorker.run(SegmentedRaftLogWorker.java:289)
	at java.lang.Thread.run(Thread.java:748)
Caused by: java.util.concurrent.TimeoutException
	at java.util.concurrent.CompletableFuture.timedGet(CompletableFuture.java:1771)
	at java.util.concurrent.CompletableFuture.get(CompletableFuture.java:1915)
	at org.apache.ratis.util.IOUtils.getFromFuture(IOUtils.java:79)
	... 4 more
2019-09-17 07:59:01,894 [java.util.concurrent.ThreadPoolExecutor$Worker@4ccc1ceb[State = -1, empty queue]] WARN  server.GrpcLogAppender (GrpcLogAppender.java:timeoutAppendRequest(200)) - fa69ee7c-0798-4ff8-b468-99ad50c0848e@group-9D95763EF4C0->7dacd8a8-dd8d-4754-a701-fe48d6265aff-GrpcLogAppender: appendEntries Timeout, request=fa69ee7c-0798-4ff8-b468-99ad50c0848e->7dacd8a8-dd8d-4754-a701-fe48d6265aff#54-t1, previous=(t:1, i:12), leaderCommit=6, initializing? false, entries: <empty>
2019-09-17 07:59:01,894 [java.util.concurrent.ThreadPoolExecutor$Worker@2149b9c7[State = -1, empty queue]] WARN  server.GrpcLogAppender (GrpcLogAppender.java:timeoutAppendRequest(200)) - fa69ee7c-0798-4ff8-b468-99ad50c0848e@group-9D95763EF4C0->e5fde6a0-3418-4bd7-b263-40da0cf228f6-GrpcLogAppender: appendEntries Timeout, request=fa69ee7c-0798-4ff8-b468-99ad50c0848e->e5fde6a0-3418-4bd7-b263-40da0cf228f6#54-t1, previous=(t:1, i:12), leaderCommit=6, initializing? false, entries: <empty>
2019-09-17 07:59:02,536 [grpc-default-executor-3] INFO  client.GrpcClientProtocolClient (GrpcClientProtocolClient.java:onNext(264)) - client-77AE72837E11->7dacd8a8-dd8d-4754-a701-fe48d6265aff: receive RaftClientReply:client-77AE72837E11->7dacd8a8-dd8d-4754-a701-fe48d6265aff@group-9D95763EF4C0, cid=24, FAILED org.apache.ratis.protocol.NotLeaderException: Server 7dacd8a8-dd8d-4754-a701-fe48d6265aff@group-9D95763EF4C0 is not the leader fa69ee7c-0798-4ff8-b468-99ad50c0848e:192.168.151.112:42872, logIndex=0, commits[7dacd8a8-dd8d-4754-a701-fe48d6265aff:c6, fa69ee7c-0798-4ff8-b468-99ad50c0848e:c6, e5fde6a0-3418-4bd7-b263-40da0cf228f6:c4]
2019-09-17 07:59:04,395 [java.util.concurrent.ThreadPoolExecutor$Worker@2149b9c7[State = -1, empty queue]] WARN  server.GrpcLogAppender (GrpcLogAppender.java:timeoutAppendRequest(200)) - fa69ee7c-0798-4ff8-b468-99ad50c0848e@group-9D95763EF4C0->e5fde6a0-3418-4bd7-b263-40da0cf228f6-GrpcLogAppender: appendEntries Timeout, request=fa69ee7c-0798-4ff8-b468-99ad50c0848e->e5fde6a0-3418-4bd7-b263-40da0cf228f6#55-t1, previous=(t:1, i:12), leaderCommit=6, initializing? false, entries: <empty>
2019-09-17 07:59:04,395 [java.util.concurrent.ThreadPoolExecutor$Worker@4ccc1ceb[State = -1, empty queue]] WARN  server.GrpcLogAppender (GrpcLogAppender.java:timeoutAppendRequest(200)) - fa69ee7c-0798-4ff8-b468-99ad50c0848e@group-9D95763EF4C0->7dacd8a8-dd8d-4754-a701-fe48d6265aff-GrpcLogAppender: appendEntries Timeout, request=fa69ee7c-0798-4ff8-b468-99ad50c0848e->7dacd8a8-dd8d-4754-a701-fe48d6265aff#55-t1, previous=(t:1, i:12), leaderCommit=6, initializing? false, entries: <empty>
2019-09-17 07:59:06,896 [java.util.concurrent.ThreadPoolExecutor$Worker@2149b9c7[State = -1, empty queue]] WARN  server.GrpcLogAppender (GrpcLogAppender.java:timeoutAppendRequest(200)) - fa69ee7c-0798-4ff8-b468-99ad50c0848e@group-9D95763EF4C0->e5fde6a0-3418-4bd7-b263-40da0cf228f6-GrpcLogAppender: appendEntries Timeout, request=fa69ee7c-0798-4ff8-b468-99ad50c0848e->e5fde6a0-3418-4bd7-b263-40da0cf228f6#56-t1, previous=(t:1, i:12), leaderCommit=6, initializing? false, entries: <empty>
2019-09-17 07:59:06,896 [java.util.concurrent.ThreadPoolExecutor$Worker@4ccc1ceb[State = -1, empty queue]] WARN  server.GrpcLogAppender (GrpcLogAppender.java:timeoutAppendRequest(200)) - fa69ee7c-0798-4ff8-b468-99ad50c0848e@group-9D95763EF4C0->7dacd8a8-dd8d-4754-a701-fe48d6265aff-GrpcLogAppender: appendEntries Timeout, request=fa69ee7c-0798-4ff8-b468-99ad50c0848e->7dacd8a8-dd8d-4754-a701-fe48d6265aff#56-t1, previous=(t:1, i:12), leaderCommit=6, initializing? false, entries: <empty>
2019-09-17 07:59:07,583 [grpc-default-executor-2] INFO  client.GrpcClientProtocolClient (GrpcClientProtocolClient.java:onNext(264)) - client-77AE72837E11->e5fde6a0-3418-4bd7-b263-40da0cf228f6: receive RaftClientReply:client-77AE72837E11->e5fde6a0-3418-4bd7-b263-40da0cf228f6@group-9D95763EF4C0, cid=24, FAILED org.apache.ratis.protocol.NotLeaderException: Server e5fde6a0-3418-4bd7-b263-40da0cf228f6@group-9D95763EF4C0 is not the leader fa69ee7c-0798-4ff8-b468-99ad50c0848e:192.168.151.112:42872, logIndex=0, commits[e5fde6a0-3418-4bd7-b263-40da0cf228f6:c6, fa69ee7c-0798-4ff8-b468-99ad50c0848e:c6, 7dacd8a8-dd8d-4754-a701-fe48d6265aff:c4]
2019-09-17 07:59:09,396 [java.util.concurrent.ThreadPoolExecutor$Worker@2149b9c7[State = -1, empty queue]] WARN  server.GrpcLogAppender (GrpcLogAppender.java:timeoutAppendRequest(200)) - fa69ee7c-0798-4ff8-b468-99ad50c0848e@group-9D95763EF4C0->e5fde6a0-3418-4bd7-b263-40da0cf228f6-GrpcLogAppender: appendEntries Timeout, request=fa69ee7c-0798-4ff8-b468-99ad50c0848e->e5fde6a0-3418-4bd7-b263-40da0cf228f6#57-t1, previous=(t:1, i:12), leaderCommit=6, initializing? false, entries: <empty>
2019-09-17 07:59:09,396 [java.util.concurrent.ThreadPoolExecutor$Worker@4ccc1ceb[State = -1, empty queue]] WARN  server.GrpcLogAppender (GrpcLogAppender.java:timeoutAppendRequest(200)) - fa69ee7c-0798-4ff8-b468-99ad50c0848e@group-9D95763EF4C0->7dacd8a8-dd8d-4754-a701-fe48d6265aff-GrpcLogAppender: appendEntries Timeout, request=fa69ee7c-0798-4ff8-b468-99ad50c0848e->7dacd8a8-dd8d-4754-a701-fe48d6265aff#57-t1, previous=(t:1, i:12), leaderCommit=6, initializing? false, entries: <empty>
2019-09-17 07:59:11,504 [e5fde6a0-3418-4bd7-b263-40da0cf228f6@group-9D95763EF4C0-SegmentedRaftLogWorker] WARN  segmented.SegmentedRaftLogWorker (SegmentedRaftLogWorker.java:getFromFuture(90)) - Timeout 10/~
org.apache.ratis.protocol.TimeoutIOException: Timeout 10s: WriteLog:8: (t:1, i:8), STATEMACHINELOGENTRY, client-77AE72837E11, cid=25-writeStateMachineData
	at org.apache.ratis.util.IOUtils.getFromFuture(IOUtils.java:87)
	at org.apache.ratis.server.raftlog.segmented.SegmentedRaftLogWorker$StateMachineDataPolicy.getFromFuture(SegmentedRaftLogWorker.java:87)
	at org.apache.ratis.server.raftlog.segmented.SegmentedRaftLogWorker$WriteLog.execute(SegmentedRaftLogWorker.java:477)
	at org.apache.ratis.server.raftlog.segmented.SegmentedRaftLogWorker.run(SegmentedRaftLogWorker.java:289)
	at java.lang.Thread.run(Thread.java:748)
Caused by: java.util.concurrent.TimeoutException
	at java.util.concurrent.CompletableFuture.timedGet(CompletableFuture.java:1771)
	at java.util.concurrent.CompletableFuture.get(CompletableFuture.java:1915)
	at org.apache.ratis.util.IOUtils.getFromFuture(IOUtils.java:79)
	... 4 more
2019-09-17 07:59:11,504 [7dacd8a8-dd8d-4754-a701-fe48d6265aff@group-9D95763EF4C0-SegmentedRaftLogWorker] WARN  segmented.SegmentedRaftLogWorker (SegmentedRaftLogWorker.java:getFromFuture(90)) - Timeout 10/~
org.apache.ratis.protocol.TimeoutIOException: Timeout 10s: WriteLog:8: (t:1, i:8), STATEMACHINELOGENTRY, client-77AE72837E11, cid=25-writeStateMachineData
	at org.apache.ratis.util.IOUtils.getFromFuture(IOUtils.java:87)
	at org.apache.ratis.server.raftlog.segmented.SegmentedRaftLogWorker$StateMachineDataPolicy.getFromFuture(SegmentedRaftLogWorker.java:87)
	at org.apache.ratis.server.raftlog.segmented.SegmentedRaftLogWorker$WriteLog.execute(SegmentedRaftLogWorker.java:477)
	at org.apache.ratis.server.raftlog.segmented.SegmentedRaftLogWorker.run(SegmentedRaftLogWorker.java:289)
	at java.lang.Thread.run(Thread.java:748)
Caused by: java.util.concurrent.TimeoutException
	at java.util.concurrent.CompletableFuture.timedGet(CompletableFuture.java:1771)
	at java.util.concurrent.CompletableFuture.get(CompletableFuture.java:1915)
	at org.apache.ratis.util.IOUtils.getFromFuture(IOUtils.java:79)
	... 4 more
2019-09-17 07:59:11,504 [fa69ee7c-0798-4ff8-b468-99ad50c0848e@group-9D95763EF4C0-SegmentedRaftLogWorker] WARN  segmented.SegmentedRaftLogWorker (SegmentedRaftLogWorker.java:getFromFuture(90)) - Timeout 10/~
org.apache.ratis.protocol.TimeoutIOException: Timeout 10s: WriteLog:8: (t:1, i:8), STATEMACHINELOGENTRY, client-77AE72837E11, cid=25-writeStateMachineData
	at org.apache.ratis.util.IOUtils.getFromFuture(IOUtils.java:87)
	at org.apache.ratis.server.raftlog.segmented.SegmentedRaftLogWorker$StateMachineDataPolicy.getFromFuture(SegmentedRaftLogWorker.java:87)
	at org.apache.ratis.server.raftlog.segmented.SegmentedRaftLogWorker$WriteLog.execute(SegmentedRaftLogWorker.java:477)
	at org.apache.ratis.server.raftlog.segmented.SegmentedRaftLogWorker.run(SegmentedRaftLogWorker.java:289)
	at java.lang.Thread.run(Thread.java:748)
Caused by: java.util.concurrent.TimeoutException
	at java.util.concurrent.CompletableFuture.timedGet(CompletableFuture.java:1771)
	at java.util.concurrent.CompletableFuture.get(CompletableFuture.java:1915)
	at org.apache.ratis.util.IOUtils.getFromFuture(IOUtils.java:79)
	... 4 more
2019-09-17 07:59:11,898 [java.util.concurrent.ThreadPoolExecutor$Worker@2149b9c7[State = -1, empty queue]] WARN  server.GrpcLogAppender (GrpcLogAppender.java:timeoutAppendRequest(200)) - fa69ee7c-0798-4ff8-b468-99ad50c0848e@group-9D95763EF4C0->e5fde6a0-3418-4bd7-b263-40da0cf228f6-GrpcLogAppender: appendEntries Timeout, request=fa69ee7c-0798-4ff8-b468-99ad50c0848e->e5fde6a0-3418-4bd7-b263-40da0cf228f6#58-t1, previous=(t:1, i:12), leaderCommit=6, initializing? false, entries: <empty>
2019-09-17 07:59:11,898 [java.util.concurrent.ThreadPoolExecutor$Worker@4ccc1ceb[State = -1, empty queue]] WARN  server.GrpcLogAppender (GrpcLogAppender.java:timeoutAppendRequest(200)) - fa69ee7c-0798-4ff8-b468-99ad50c0848e@group-9D95763EF4C0->7dacd8a8-dd8d-4754-a701-fe48d6265aff-GrpcLogAppender: appendEntries Timeout, request=fa69ee7c-0798-4ff8-b468-99ad50c0848e->7dacd8a8-dd8d-4754-a701-fe48d6265aff#58-t1, previous=(t:1, i:12), leaderCommit=6, initializing? false, entries: <empty>
2019-09-17 07:59:12,647 [grpc-default-executor-1] INFO  client.GrpcClientProtocolClient (GrpcClientProtocolClient.java:onNext(264)) - client-77AE72837E11->e5fde6a0-3418-4bd7-b263-40da0cf228f6: receive RaftClientReply:client-77AE72837E11->e5fde6a0-3418-4bd7-b263-40da0cf228f6@group-9D95763EF4C0, cid=24, FAILED org.apache.ratis.protocol.NotLeaderException: Server e5fde6a0-3418-4bd7-b263-40da0cf228f6@group-9D95763EF4C0 is not the leader fa69ee7c-0798-4ff8-b468-99ad50c0848e:192.168.151.112:42872, logIndex=0, commits[e5fde6a0-3418-4bd7-b263-40da0cf228f6:c6, fa69ee7c-0798-4ff8-b468-99ad50c0848e:c6, 7dacd8a8-dd8d-4754-a701-fe48d6265aff:c4]
2019-09-17 07:59:14,398 [java.util.concurrent.ThreadPoolExecutor$Worker@2149b9c7[State = -1, empty queue]] WARN  server.GrpcLogAppender (GrpcLogAppender.java:timeoutAppendRequest(200)) - fa69ee7c-0798-4ff8-b468-99ad50c0848e@group-9D95763EF4C0->e5fde6a0-3418-4bd7-b263-40da0cf228f6-GrpcLogAppender: appendEntries Timeout, request=fa69ee7c-0798-4ff8-b468-99ad50c0848e->e5fde6a0-3418-4bd7-b263-40da0cf228f6#59-t1, previous=(t:1, i:12), leaderCommit=6, initializing? false, entries: <empty>
2019-09-17 07:59:14,398 [java.util.concurrent.ThreadPoolExecutor$Worker@4ccc1ceb[State = -1, empty queue]] WARN  server.GrpcLogAppender (GrpcLogAppender.java:timeoutAppendRequest(200)) - fa69ee7c-0798-4ff8-b468-99ad50c0848e@group-9D95763EF4C0->7dacd8a8-dd8d-4754-a701-fe48d6265aff-GrpcLogAppender: appendEntries Timeout, request=fa69ee7c-0798-4ff8-b468-99ad50c0848e->7dacd8a8-dd8d-4754-a701-fe48d6265aff#59-t1, previous=(t:1, i:12), leaderCommit=6, initializing? false, entries: <empty>
2019-09-17 07:59:16,898 [java.util.concurrent.ThreadPoolExecutor$Worker@4ccc1ceb[State = -1, empty queue]] WARN  server.GrpcLogAppender (GrpcLogAppender.java:timeoutAppendRequest(200)) - fa69ee7c-0798-4ff8-b468-99ad50c0848e@group-9D95763EF4C0->7dacd8a8-dd8d-4754-a701-fe48d6265aff-GrpcLogAppender: appendEntries Timeout, request=fa69ee7c-0798-4ff8-b468-99ad50c0848e->7dacd8a8-dd8d-4754-a701-fe48d6265aff#60-t1, previous=(t:1, i:12), leaderCommit=6, initializing? false, entries: <empty>
2019-09-17 07:59:16,898 [java.util.concurrent.ThreadPoolExecutor$Worker@2149b9c7[State = -1, empty queue]] WARN  server.GrpcLogAppender (GrpcLogAppender.java:timeoutAppendRequest(200)) - fa69ee7c-0798-4ff8-b468-99ad50c0848e@group-9D95763EF4C0->e5fde6a0-3418-4bd7-b263-40da0cf228f6-GrpcLogAppender: appendEntries Timeout, request=fa69ee7c-0798-4ff8-b468-99ad50c0848e->e5fde6a0-3418-4bd7-b263-40da0cf228f6#60-t1, previous=(t:1, i:12), leaderCommit=6, initializing? false, entries: <empty>
2019-09-17 07:59:17,691 [grpc-default-executor-1] INFO  client.GrpcClientProtocolClient (GrpcClientProtocolClient.java:onNext(264)) - client-77AE72837E11->7dacd8a8-dd8d-4754-a701-fe48d6265aff: receive RaftClientReply:client-77AE72837E11->7dacd8a8-dd8d-4754-a701-fe48d6265aff@group-9D95763EF4C0, cid=24, FAILED org.apache.ratis.protocol.NotLeaderException: Server 7dacd8a8-dd8d-4754-a701-fe48d6265aff@group-9D95763EF4C0 is not the leader fa69ee7c-0798-4ff8-b468-99ad50c0848e:192.168.151.112:42872, logIndex=0, commits[7dacd8a8-dd8d-4754-a701-fe48d6265aff:c6, fa69ee7c-0798-4ff8-b468-99ad50c0848e:c6, e5fde6a0-3418-4bd7-b263-40da0cf228f6:c4]
2019-09-17 07:59:19,399 [java.util.concurrent.ThreadPoolExecutor$Worker@4ccc1ceb[State = -1, empty queue]] WARN  server.GrpcLogAppender (GrpcLogAppender.java:timeoutAppendRequest(200)) - fa69ee7c-0798-4ff8-b468-99ad50c0848e@group-9D95763EF4C0->7dacd8a8-dd8d-4754-a701-fe48d6265aff-GrpcLogAppender: appendEntries Timeout, request=fa69ee7c-0798-4ff8-b468-99ad50c0848e->7dacd8a8-dd8d-4754-a701-fe48d6265aff#61-t1, previous=(t:1, i:12), leaderCommit=6, initializing? false, entries: <empty>
2019-09-17 07:59:19,399 [java.util.concurrent.ThreadPoolExecutor$Worker@2149b9c7[State = -1, empty queue]] WARN  server.GrpcLogAppender (GrpcLogAppender.java:timeoutAppendRequest(200)) - fa69ee7c-0798-4ff8-b468-99ad50c0848e@group-9D95763EF4C0->e5fde6a0-3418-4bd7-b263-40da0cf228f6-GrpcLogAppender: appendEntries Timeout, request=fa69ee7c-0798-4ff8-b468-99ad50c0848e->e5fde6a0-3418-4bd7-b263-40da0cf228f6#61-t1, previous=(t:1, i:12), leaderCommit=6, initializing? false, entries: <empty>
2019-09-17 07:59:21,456 [org.apache.ratis.server.impl.LogAppender$AppenderDaemon$$Lambda$507/852818368@2f10a133] ERROR ratis.XceiverServerRatis (XceiverServerRatis.java:triggerPipelineClose(575)) - pipeline Action CLOSE  on pipeline PipelineID=10cd0ac1-6bf1-4cef-a5bc-9d95763ef4c0.Reason : fa69ee7c-0798-4ff8-b468-99ad50c0848e has not seen follower/s e5fde6a0-3418-4bd7-b263-40da0cf228f6 for 120302ms 7dacd8a8-dd8d-4754-a701-fe48d6265aff for 120308ms
2019-09-17 07:59:21,456 [org.apache.ratis.server.impl.LogAppender$AppenderDaemon$$Lambda$507/852818368@3dd6e51d] ERROR ratis.XceiverServerRatis (XceiverServerRatis.java:triggerPipelineClose(575)) - pipeline Action CLOSE  on pipeline PipelineID=10cd0ac1-6bf1-4cef-a5bc-9d95763ef4c0.Reason : fa69ee7c-0798-4ff8-b468-99ad50c0848e has not seen follower/s e5fde6a0-3418-4bd7-b263-40da0cf228f6 for 120302ms 7dacd8a8-dd8d-4754-a701-fe48d6265aff for 120308ms
2019-09-17 07:59:21,460 [EventQueue-PipelineActionsForPipelineActionHandler] ERROR pipeline.PipelineActionHandler (PipelineActionHandler.java:onMessage(60)) - Received pipeline action CLOSE for Pipeline[ Id: 10cd0ac1-6bf1-4cef-a5bc-9d95763ef4c0, Nodes: 7dacd8a8-dd8d-4754-a701-fe48d6265aff{ip: 192.168.151.112, host: pr-hdds-2134-72wlk-3981800394, networkLocation: /default-rack, certSerialId: null}fa69ee7c-0798-4ff8-b468-99ad50c0848e{ip: 192.168.151.112, host: pr-hdds-2134-72wlk-3981800394, networkLocation: /default-rack, certSerialId: null}e5fde6a0-3418-4bd7-b263-40da0cf228f6{ip: 192.168.151.112, host: pr-hdds-2134-72wlk-3981800394, networkLocation: /default-rack, certSerialId: null}, Type:RATIS, Factor:THREE, State:OPEN] from datanode fa69ee7c-0798-4ff8-b468-99ad50c0848e{ip: 192.168.151.112, host: pr-hdds-2134-72wlk-3981800394, networkLocation: /default-rack, certSerialId: null}. Reason : fa69ee7c-0798-4ff8-b468-99ad50c0848e has not seen follower/s e5fde6a0-3418-4bd7-b263-40da0cf228f6 for 120302ms 7dacd8a8-dd8d-4754-a701-fe48d6265aff for 120308ms
2019-09-17 07:59:21,460 [EventQueue-PipelineActionsForPipelineActionHandler] INFO  pipeline.SCMPipelineManager (SCMPipelineManager.java:finalizeAndDestroyPipeline(311)) - destroying pipeline:Pipeline[ Id: 10cd0ac1-6bf1-4cef-a5bc-9d95763ef4c0, Nodes: 7dacd8a8-dd8d-4754-a701-fe48d6265aff{ip: 192.168.151.112, host: pr-hdds-2134-72wlk-3981800394, networkLocation: /default-rack, certSerialId: null}fa69ee7c-0798-4ff8-b468-99ad50c0848e{ip: 192.168.151.112, host: pr-hdds-2134-72wlk-3981800394, networkLocation: /default-rack, certSerialId: null}e5fde6a0-3418-4bd7-b263-40da0cf228f6{ip: 192.168.151.112, host: pr-hdds-2134-72wlk-3981800394, networkLocation: /default-rack, certSerialId: null}, Type:RATIS, Factor:THREE, State:OPEN]
2019-09-17 07:59:21,461 [EventQueue-PipelineActionsForPipelineActionHandler] INFO  pipeline.PipelineStateManager (PipelineStateManager.java:finalizePipeline(123)) - Pipeline Pipeline[ Id: 10cd0ac1-6bf1-4cef-a5bc-9d95763ef4c0, Nodes: 7dacd8a8-dd8d-4754-a701-fe48d6265aff{ip: 192.168.151.112, host: pr-hdds-2134-72wlk-3981800394, networkLocation: /default-rack, certSerialId: null}fa69ee7c-0798-4ff8-b468-99ad50c0848e{ip: 192.168.151.112, host: pr-hdds-2134-72wlk-3981800394, networkLocation: /default-rack, certSerialId: null}e5fde6a0-3418-4bd7-b263-40da0cf228f6{ip: 192.168.151.112, host: pr-hdds-2134-72wlk-3981800394, networkLocation: /default-rack, certSerialId: null}, Type:RATIS, Factor:THREE, State:CLOSED] moved to CLOSED state
2019-09-17 07:59:21,464 [EventQueue-CloseContainerForCloseContainerEventHandler] INFO  container.CloseContainerEventHandler (CloseContainerEventHandler.java:onMessage(61)) - Close container Event triggered for container : #3
2019-09-17 07:59:21,471 [EventQueue-CloseContainerForCloseContainerEventHandler] INFO  container.CloseContainerEventHandler (CloseContainerEventHandler.java:onMessage(61)) - Close container Event triggered for container : #4
2019-09-17 07:59:21,506 [e5fde6a0-3418-4bd7-b263-40da0cf228f6@group-9D95763EF4C0-SegmentedRaftLogWorker] WARN  segmented.SegmentedRaftLogWorker (SegmentedRaftLogWorker.java:getFromFuture(90)) - Timeout 11/~
org.apache.ratis.protocol.TimeoutIOException: Timeout 10s: WriteLog:8: (t:1, i:8), STATEMACHINELOGENTRY, client-77AE72837E11, cid=25-writeStateMachineData
	at org.apache.ratis.util.IOUtils.getFromFuture(IOUtils.java:87)
	at org.apache.ratis.server.raftlog.segmented.SegmentedRaftLogWorker$StateMachineDataPolicy.getFromFuture(SegmentedRaftLogWorker.java:87)
	at org.apache.ratis.server.raftlog.segmented.SegmentedRaftLogWorker$WriteLog.execute(SegmentedRaftLogWorker.java:477)
	at org.apache.ratis.server.raftlog.segmented.SegmentedRaftLogWorker.run(SegmentedRaftLogWorker.java:289)
	at java.lang.Thread.run(Thread.java:748)
Caused by: java.util.concurrent.TimeoutException
	at java.util.concurrent.CompletableFuture.timedGet(CompletableFuture.java:1771)
	at java.util.concurrent.CompletableFuture.get(CompletableFuture.java:1915)
	at org.apache.ratis.util.IOUtils.getFromFuture(IOUtils.java:79)
	... 4 more
2019-09-17 07:59:21,515 [7dacd8a8-dd8d-4754-a701-fe48d6265aff@group-9D95763EF4C0-SegmentedRaftLogWorker] WARN  segmented.SegmentedRaftLogWorker (SegmentedRaftLogWorker.java:getFromFuture(90)) - Timeout 11/~
org.apache.ratis.protocol.TimeoutIOException: Timeout 10s: WriteLog:8: (t:1, i:8), STATEMACHINELOGENTRY, client-77AE72837E11, cid=25-writeStateMachineData
	at org.apache.ratis.util.IOUtils.getFromFuture(IOUtils.java:87)
	at org.apache.ratis.server.raftlog.segmented.SegmentedRaftLogWorker$StateMachineDataPolicy.getFromFuture(SegmentedRaftLogWorker.java:87)
	at org.apache.ratis.server.raftlog.segmented.SegmentedRaftLogWorker$WriteLog.execute(SegmentedRaftLogWorker.java:477)
	at org.apache.ratis.server.raftlog.segmented.SegmentedRaftLogWorker.run(SegmentedRaftLogWorker.java:289)
	at java.lang.Thread.run(Thread.java:748)
Caused by: java.util.concurrent.TimeoutException
	at java.util.concurrent.CompletableFuture.timedGet(CompletableFuture.java:1771)
	at java.util.concurrent.CompletableFuture.get(CompletableFuture.java:1915)
	at org.apache.ratis.util.IOUtils.getFromFuture(IOUtils.java:79)
	... 4 more
2019-09-17 07:59:21,515 [fa69ee7c-0798-4ff8-b468-99ad50c0848e@group-9D95763EF4C0-SegmentedRaftLogWorker] WARN  segmented.SegmentedRaftLogWorker (SegmentedRaftLogWorker.java:getFromFuture(90)) - Timeout 11/~
org.apache.ratis.protocol.TimeoutIOException: Timeout 10s: WriteLog:8: (t:1, i:8), STATEMACHINELOGENTRY, client-77AE72837E11, cid=25-writeStateMachineData
	at org.apache.ratis.util.IOUtils.getFromFuture(IOUtils.java:87)
	at org.apache.ratis.server.raftlog.segmented.SegmentedRaftLogWorker$StateMachineDataPolicy.getFromFuture(SegmentedRaftLogWorker.java:87)
	at org.apache.ratis.server.raftlog.segmented.SegmentedRaftLogWorker$WriteLog.execute(SegmentedRaftLogWorker.java:477)
	at org.apache.ratis.server.raftlog.segmented.SegmentedRaftLogWorker.run(SegmentedRaftLogWorker.java:289)
	at java.lang.Thread.run(Thread.java:748)
Caused by: java.util.concurrent.TimeoutException
	at java.util.concurrent.CompletableFuture.timedGet(CompletableFuture.java:1771)
	at java.util.concurrent.CompletableFuture.get(CompletableFuture.java:1915)
	at org.apache.ratis.util.IOUtils.getFromFuture(IOUtils.java:79)
	... 4 more
2019-09-17 07:59:21,899 [java.util.concurrent.ThreadPoolExecutor$Worker@2149b9c7[State = -1, empty queue]] WARN  server.GrpcLogAppender (GrpcLogAppender.java:timeoutAppendRequest(200)) - fa69ee7c-0798-4ff8-b468-99ad50c0848e@group-9D95763EF4C0->e5fde6a0-3418-4bd7-b263-40da0cf228f6-GrpcLogAppender: appendEntries Timeout, request=fa69ee7c-0798-4ff8-b468-99ad50c0848e->e5fde6a0-3418-4bd7-b263-40da0cf228f6#62-t1, previous=(t:1, i:12), leaderCommit=6, initializing? false, entries: <empty>
2019-09-17 07:59:21,899 [java.util.concurrent.ThreadPoolExecutor$Worker@4ccc1ceb[State = -1, empty queue]] WARN  server.GrpcLogAppender (GrpcLogAppender.java:timeoutAppendRequest(200)) - fa69ee7c-0798-4ff8-b468-99ad50c0848e@group-9D95763EF4C0->7dacd8a8-dd8d-4754-a701-fe48d6265aff-GrpcLogAppender: appendEntries Timeout, request=fa69ee7c-0798-4ff8-b468-99ad50c0848e->7dacd8a8-dd8d-4754-a701-fe48d6265aff#62-t1, previous=(t:1, i:12), leaderCommit=6, initializing? false, entries: <empty>
2019-09-17 07:59:22,729 [grpc-default-executor-3] INFO  client.GrpcClientProtocolClient (GrpcClientProtocolClient.java:onNext(264)) - client-77AE72837E11->e5fde6a0-3418-4bd7-b263-40da0cf228f6: receive RaftClientReply:client-77AE72837E11->e5fde6a0-3418-4bd7-b263-40da0cf228f6@group-9D95763EF4C0, cid=24, FAILED org.apache.ratis.protocol.NotLeaderException: Server e5fde6a0-3418-4bd7-b263-40da0cf228f6@group-9D95763EF4C0 is not the leader fa69ee7c-0798-4ff8-b468-99ad50c0848e:192.168.151.112:42872, logIndex=0, commits[e5fde6a0-3418-4bd7-b263-40da0cf228f6:c6, fa69ee7c-0798-4ff8-b468-99ad50c0848e:c6, 7dacd8a8-dd8d-4754-a701-fe48d6265aff:c4]
2019-09-17 07:59:23,484 [org.apache.ratis.server.impl.LogAppender$AppenderDaemon$$Lambda$507/852818368@2f10a133] ERROR ratis.XceiverServerRatis (XceiverServerRatis.java:triggerPipelineClose(575)) - pipeline Action CLOSE  on pipeline PipelineID=10cd0ac1-6bf1-4cef-a5bc-9d95763ef4c0.Reason : fa69ee7c-0798-4ff8-b468-99ad50c0848e has not seen follower/s e5fde6a0-3418-4bd7-b263-40da0cf228f6 for 122363ms 7dacd8a8-dd8d-4754-a701-fe48d6265aff for 122365ms
2019-09-17 07:59:23,484 [org.apache.ratis.server.impl.LogAppender$AppenderDaemon$$Lambda$507/852818368@3dd6e51d] ERROR ratis.XceiverServerRatis (XceiverServerRatis.java:triggerPipelineClose(575)) - pipeline Action CLOSE  on pipeline PipelineID=10cd0ac1-6bf1-4cef-a5bc-9d95763ef4c0.Reason : fa69ee7c-0798-4ff8-b468-99ad50c0848e has not seen follower/s e5fde6a0-3418-4bd7-b263-40da0cf228f6 for 122363ms 7dacd8a8-dd8d-4754-a701-fe48d6265aff for 122365ms
2019-09-17 07:59:24,400 [java.util.concurrent.ThreadPoolExecutor$Worker@4ccc1ceb[State = -1, empty queue]] WARN  server.GrpcLogAppender (GrpcLogAppender.java:timeoutAppendRequest(200)) - fa69ee7c-0798-4ff8-b468-99ad50c0848e@group-9D95763EF4C0->7dacd8a8-dd8d-4754-a701-fe48d6265aff-GrpcLogAppender: appendEntries Timeout, request=fa69ee7c-0798-4ff8-b468-99ad50c0848e->7dacd8a8-dd8d-4754-a701-fe48d6265aff#63-t1, previous=(t:1, i:12), leaderCommit=6, initializing? false, entries: <empty>
2019-09-17 07:59:24,400 [java.util.concurrent.ThreadPoolExecutor$Worker@2149b9c7[State = -1, empty queue]] WARN  server.GrpcLogAppender (GrpcLogAppender.java:timeoutAppendRequest(200)) - fa69ee7c-0798-4ff8-b468-99ad50c0848e@group-9D95763EF4C0->e5fde6a0-3418-4bd7-b263-40da0cf228f6-GrpcLogAppender: appendEntries Timeout, request=fa69ee7c-0798-4ff8-b468-99ad50c0848e->e5fde6a0-3418-4bd7-b263-40da0cf228f6#63-t1, previous=(t:1, i:12), leaderCommit=6, initializing? false, entries: <empty>
2019-09-17 07:59:24,478 [EventQueue-PipelineActionsForPipelineActionHandler] ERROR pipeline.PipelineActionHandler (PipelineActionHandler.java:onMessage(60)) - Received pipeline action CLOSE for Pipeline[ Id: 10cd0ac1-6bf1-4cef-a5bc-9d95763ef4c0, Nodes: 7dacd8a8-dd8d-4754-a701-fe48d6265aff{ip: 192.168.151.112, host: pr-hdds-2134-72wlk-3981800394, networkLocation: /default-rack, certSerialId: null}fa69ee7c-0798-4ff8-b468-99ad50c0848e{ip: 192.168.151.112, host: pr-hdds-2134-72wlk-3981800394, networkLocation: /default-rack, certSerialId: null}e5fde6a0-3418-4bd7-b263-40da0cf228f6{ip: 192.168.151.112, host: pr-hdds-2134-72wlk-3981800394, networkLocation: /default-rack, certSerialId: null}, Type:RATIS, Factor:THREE, State:CLOSED] from datanode fa69ee7c-0798-4ff8-b468-99ad50c0848e{ip: 192.168.151.112, host: pr-hdds-2134-72wlk-3981800394, networkLocation: /default-rack, certSerialId: null}. Reason : fa69ee7c-0798-4ff8-b468-99ad50c0848e has not seen follower/s e5fde6a0-3418-4bd7-b263-40da0cf228f6 for 122363ms 7dacd8a8-dd8d-4754-a701-fe48d6265aff for 122365ms
2019-09-17 07:59:24,478 [EventQueue-PipelineActionsForPipelineActionHandler] INFO  pipeline.SCMPipelineManager (SCMPipelineManager.java:finalizeAndDestroyPipeline(311)) - destroying pipeline:Pipeline[ Id: 10cd0ac1-6bf1-4cef-a5bc-9d95763ef4c0, Nodes: 7dacd8a8-dd8d-4754-a701-fe48d6265aff{ip: 192.168.151.112, host: pr-hdds-2134-72wlk-3981800394, networkLocation: /default-rack, certSerialId: null}fa69ee7c-0798-4ff8-b468-99ad50c0848e{ip: 192.168.151.112, host: pr-hdds-2134-72wlk-3981800394, networkLocation: /default-rack, certSerialId: null}e5fde6a0-3418-4bd7-b263-40da0cf228f6{ip: 192.168.151.112, host: pr-hdds-2134-72wlk-3981800394, networkLocation: /default-rack, certSerialId: null}, Type:RATIS, Factor:THREE, State:CLOSED]
2019-09-17 07:59:25,987 [org.apache.ratis.server.impl.LogAppender$AppenderDaemon$$Lambda$507/852818368@3dd6e51d] ERROR ratis.XceiverServerRatis (XceiverServerRatis.java:triggerPipelineClose(575)) - pipeline Action CLOSE  on pipeline PipelineID=10cd0ac1-6bf1-4cef-a5bc-9d95763ef4c0.Reason : fa69ee7c-0798-4ff8-b468-99ad50c0848e has not seen follower/s e5fde6a0-3418-4bd7-b263-40da0cf228f6 for 124865ms 7dacd8a8-dd8d-4754-a701-fe48d6265aff for 124867ms
2019-09-17 07:59:25,987 [org.apache.ratis.server.impl.LogAppender$AppenderDaemon$$Lambda$507/852818368@2f10a133] ERROR ratis.XceiverServerRatis (XceiverServerRatis.java:triggerPipelineClose(575)) - pipeline Action CLOSE  on pipeline PipelineID=10cd0ac1-6bf1-4cef-a5bc-9d95763ef4c0.Reason : fa69ee7c-0798-4ff8-b468-99ad50c0848e has not seen follower/s e5fde6a0-3418-4bd7-b263-40da0cf228f6 for 124865ms 7dacd8a8-dd8d-4754-a701-fe48d6265aff for 124867ms
2019-09-17 07:59:26,481 [EventQueue-PipelineActionsForPipelineActionHandler] ERROR pipeline.PipelineActionHandler (PipelineActionHandler.java:onMessage(60)) - Received pipeline action CLOSE for Pipeline[ Id: 10cd0ac1-6bf1-4cef-a5bc-9d95763ef4c0, Nodes: 7dacd8a8-dd8d-4754-a701-fe48d6265aff{ip: 192.168.151.112, host: pr-hdds-2134-72wlk-3981800394, networkLocation: /default-rack, certSerialId: null}fa69ee7c-0798-4ff8-b468-99ad50c0848e{ip: 192.168.151.112, host: pr-hdds-2134-72wlk-3981800394, networkLocation: /default-rack, certSerialId: null}e5fde6a0-3418-4bd7-b263-40da0cf228f6{ip: 192.168.151.112, host: pr-hdds-2134-72wlk-3981800394, networkLocation: /default-rack, certSerialId: null}, Type:RATIS, Factor:THREE, State:CLOSED] from datanode fa69ee7c-0798-4ff8-b468-99ad50c0848e{ip: 192.168.151.112, host: pr-hdds-2134-72wlk-3981800394, networkLocation: /default-rack, certSerialId: null}. Reason : fa69ee7c-0798-4ff8-b468-99ad50c0848e has not seen follower/s e5fde6a0-3418-4bd7-b263-40da0cf228f6 for 124865ms 7dacd8a8-dd8d-4754-a701-fe48d6265aff for 124867ms
2019-09-17 07:59:26,482 [EventQueue-PipelineActionsForPipelineActionHandler] INFO  pipeline.SCMPipelineManager (SCMPipelineManager.java:finalizeAndDestroyPipeline(311)) - destroying pipeline:Pipeline[ Id: 10cd0ac1-6bf1-4cef-a5bc-9d95763ef4c0, Nodes: 7dacd8a8-dd8d-4754-a701-fe48d6265aff{ip: 192.168.151.112, host: pr-hdds-2134-72wlk-3981800394, networkLocation: /default-rack, certSerialId: null}fa69ee7c-0798-4ff8-b468-99ad50c0848e{ip: 192.168.151.112, host: pr-hdds-2134-72wlk-3981800394, networkLocation: /default-rack, certSerialId: null}e5fde6a0-3418-4bd7-b263-40da0cf228f6{ip: 192.168.151.112, host: pr-hdds-2134-72wlk-3981800394, networkLocation: /default-rack, certSerialId: null}, Type:RATIS, Factor:THREE, State:CLOSED]
2019-09-17 07:59:26,485 [java.util.concurrent.ThreadPoolExecutor$Worker@2149b9c7[State = -1, empty queue]] WARN  server.GrpcLogAppender (GrpcLogAppender.java:timeoutAppendRequest(200)) - fa69ee7c-0798-4ff8-b468-99ad50c0848e@group-9D95763EF4C0->e5fde6a0-3418-4bd7-b263-40da0cf228f6-GrpcLogAppender: appendEntries Timeout, request=fa69ee7c-0798-4ff8-b468-99ad50c0848e->e5fde6a0-3418-4bd7-b263-40da0cf228f6#64-t1, previous=(t:1, i:12), leaderCommit=6, initializing? false, entries: size=1, first=(t:1, i:13), STATEMACHINELOGENTRY, client-A40B5254F2AB, cid=1
2019-09-17 07:59:26,485 [java.util.concurrent.ThreadPoolExecutor$Worker@4ccc1ceb[State = -1, empty queue]] WARN  server.GrpcLogAppender (GrpcLogAppender.java:timeoutAppendRequest(200)) - fa69ee7c-0798-4ff8-b468-99ad50c0848e@group-9D95763EF4C0->7dacd8a8-dd8d-4754-a701-fe48d6265aff-GrpcLogAppender: appendEntries Timeout, request=fa69ee7c-0798-4ff8-b468-99ad50c0848e->7dacd8a8-dd8d-4754-a701-fe48d6265aff#64-t1, previous=(t:1, i:12), leaderCommit=6, initializing? false, entries: size=1, first=(t:1, i:13), STATEMACHINELOGENTRY, client-A40B5254F2AB, cid=1
2019-09-17 07:59:27,795 [grpc-default-executor-1] INFO  client.GrpcClientProtocolClient (GrpcClientProtocolClient.java:onNext(264)) - client-77AE72837E11->e5fde6a0-3418-4bd7-b263-40da0cf228f6: receive RaftClientReply:client-77AE72837E11->e5fde6a0-3418-4bd7-b263-40da0cf228f6@group-9D95763EF4C0, cid=24, FAILED org.apache.ratis.protocol.NotLeaderException: Server e5fde6a0-3418-4bd7-b263-40da0cf228f6@group-9D95763EF4C0 is not the leader fa69ee7c-0798-4ff8-b468-99ad50c0848e:192.168.151.112:42872, logIndex=0, commits[e5fde6a0-3418-4bd7-b263-40da0cf228f6:c6, fa69ee7c-0798-4ff8-b468-99ad50c0848e:c6, 7dacd8a8-dd8d-4754-a701-fe48d6265aff:c4]
2019-09-17 07:59:28,489 [org.apache.ratis.server.impl.LogAppender$AppenderDaemon$$Lambda$507/852818368@2f10a133] ERROR ratis.XceiverServerRatis (XceiverServerRatis.java:triggerPipelineClose(575)) - pipeline Action CLOSE  on pipeline PipelineID=10cd0ac1-6bf1-4cef-a5bc-9d95763ef4c0.Reason : fa69ee7c-0798-4ff8-b468-99ad50c0848e has not seen follower/s e5fde6a0-3418-4bd7-b263-40da0cf228f6 for 127367ms 7dacd8a8-dd8d-4754-a701-fe48d6265aff for 127369ms
2019-09-17 07:59:28,489 [org.apache.ratis.server.impl.LogAppender$AppenderDaemon$$Lambda$507/852818368@3dd6e51d] ERROR ratis.XceiverServerRatis (XceiverServerRatis.java:triggerPipelineClose(575)) - pipeline Action CLOSE  on pipeline PipelineID=10cd0ac1-6bf1-4cef-a5bc-9d95763ef4c0.Reason : fa69ee7c-0798-4ff8-b468-99ad50c0848e has not seen follower/s e5fde6a0-3418-4bd7-b263-40da0cf228f6 for 127367ms 7dacd8a8-dd8d-4754-a701-fe48d6265aff for 127369ms
2019-09-17 07:59:28,987 [java.util.concurrent.ThreadPoolExecutor$Worker@2149b9c7[State = -1, empty queue]] WARN  server.GrpcLogAppender (GrpcLogAppender.java:timeoutAppendRequest(200)) - fa69ee7c-0798-4ff8-b468-99ad50c0848e@group-9D95763EF4C0->e5fde6a0-3418-4bd7-b263-40da0cf228f6-GrpcLogAppender: appendEntries Timeout, request=fa69ee7c-0798-4ff8-b468-99ad50c0848e->e5fde6a0-3418-4bd7-b263-40da0cf228f6#65-t1, previous=(t:1, i:13), leaderCommit=6, initializing? false, entries: <empty>
2019-09-17 07:59:28,987 [java.util.concurrent.ThreadPoolExecutor$Worker@4ccc1ceb[State = -1, empty queue]] WARN  server.GrpcLogAppender (GrpcLogAppender.java:timeoutAppendRequest(200)) - fa69ee7c-0798-4ff8-b468-99ad50c0848e@group-9D95763EF4C0->7dacd8a8-dd8d-4754-a701-fe48d6265aff-GrpcLogAppender: appendEntries Timeout, request=fa69ee7c-0798-4ff8-b468-99ad50c0848e->7dacd8a8-dd8d-4754-a701-fe48d6265aff#65-t1, previous=(t:1, i:13), leaderCommit=6, initializing? false, entries: <empty>
2019-09-17 07:59:29,482 [EventQueue-PipelineActionsForPipelineActionHandler] ERROR pipeline.PipelineActionHandler (PipelineActionHandler.java:onMessage(60)) - Received pipeline action CLOSE for Pipeline[ Id: 10cd0ac1-6bf1-4cef-a5bc-9d95763ef4c0, Nodes: 7dacd8a8-dd8d-4754-a701-fe48d6265aff{ip: 192.168.151.112, host: pr-hdds-2134-72wlk-3981800394, networkLocation: /default-rack, certSerialId: null}fa69ee7c-0798-4ff8-b468-99ad50c0848e{ip: 192.168.151.112, host: pr-hdds-2134-72wlk-3981800394, networkLocation: /default-rack, certSerialId: null}e5fde6a0-3418-4bd7-b263-40da0cf228f6{ip: 192.168.151.112, host: pr-hdds-2134-72wlk-3981800394, networkLocation: /default-rack, certSerialId: null}, Type:RATIS, Factor:THREE, State:CLOSED] from datanode fa69ee7c-0798-4ff8-b468-99ad50c0848e{ip: 192.168.151.112, host: pr-hdds-2134-72wlk-3981800394, networkLocation: /default-rack, certSerialId: null}. Reason : fa69ee7c-0798-4ff8-b468-99ad50c0848e has not seen follower/s e5fde6a0-3418-4bd7-b263-40da0cf228f6 for 127367ms 7dacd8a8-dd8d-4754-a701-fe48d6265aff for 127369ms
2019-09-17 07:59:29,484 [EventQueue-PipelineActionsForPipelineActionHandler] INFO  pipeline.SCMPipelineManager (SCMPipelineManager.java:finalizeAndDestroyPipeline(311)) - destroying pipeline:Pipeline[ Id: 10cd0ac1-6bf1-4cef-a5bc-9d95763ef4c0, Nodes: 7dacd8a8-dd8d-4754-a701-fe48d6265aff{ip: 192.168.151.112, host: pr-hdds-2134-72wlk-3981800394, networkLocation: /default-rack, certSerialId: null}fa69ee7c-0798-4ff8-b468-99ad50c0848e{ip: 192.168.151.112, host: pr-hdds-2134-72wlk-3981800394, networkLocation: /default-rack, certSerialId: null}e5fde6a0-3418-4bd7-b263-40da0cf228f6{ip: 192.168.151.112, host: pr-hdds-2134-72wlk-3981800394, networkLocation: /default-rack, certSerialId: null}, Type:RATIS, Factor:THREE, State:CLOSED]
2019-09-17 07:59:30,992 [org.apache.ratis.server.impl.LogAppender$AppenderDaemon$$Lambda$507/852818368@3dd6e51d] ERROR ratis.XceiverServerRatis (XceiverServerRatis.java:triggerPipelineClose(575)) - pipeline Action CLOSE  on pipeline PipelineID=10cd0ac1-6bf1-4cef-a5bc-9d95763ef4c0.Reason : fa69ee7c-0798-4ff8-b468-99ad50c0848e has not seen follower/s e5fde6a0-3418-4bd7-b263-40da0cf228f6 for 129870ms 7dacd8a8-dd8d-4754-a701-fe48d6265aff for 129872ms
2019-09-17 07:59:30,992 [org.apache.ratis.server.impl.LogAppender$AppenderDaemon$$Lambda$507/852818368@2f10a133] ERROR ratis.XceiverServerRatis (XceiverServerRatis.java:triggerPipelineClose(575)) - pipeline Action CLOSE  on pipeline PipelineID=10cd0ac1-6bf1-4cef-a5bc-9d95763ef4c0.Reason : fa69ee7c-0798-4ff8-b468-99ad50c0848e has not seen follower/s e5fde6a0-3418-4bd7-b263-40da0cf228f6 for 129870ms 7dacd8a8-dd8d-4754-a701-fe48d6265aff for 129872ms
2019-09-17 07:59:31,480 [EventQueue-PipelineActionsForPipelineActionHandler] ERROR pipeline.PipelineActionHandler (PipelineActionHandler.java:onMessage(60)) - Received pipeline action CLOSE for Pipeline[ Id: 10cd0ac1-6bf1-4cef-a5bc-9d95763ef4c0, Nodes: 7dacd8a8-dd8d-4754-a701-fe48d6265aff{ip: 192.168.151.112, host: pr-hdds-2134-72wlk-3981800394, networkLocation: /default-rack, certSerialId: null}fa69ee7c-0798-4ff8-b468-99ad50c0848e{ip: 192.168.151.112, host: pr-hdds-2134-72wlk-3981800394, networkLocation: /default-rack, certSerialId: null}e5fde6a0-3418-4bd7-b263-40da0cf228f6{ip: 192.168.151.112, host: pr-hdds-2134-72wlk-3981800394, networkLocation: /default-rack, certSerialId: null}, Type:RATIS, Factor:THREE, State:CLOSED] from datanode fa69ee7c-0798-4ff8-b468-99ad50c0848e{ip: 192.168.151.112, host: pr-hdds-2134-72wlk-3981800394, networkLocation: /default-rack, certSerialId: null}. Reason : fa69ee7c-0798-4ff8-b468-99ad50c0848e has not seen follower/s e5fde6a0-3418-4bd7-b263-40da0cf228f6 for 129870ms 7dacd8a8-dd8d-4754-a701-fe48d6265aff for 129872ms
2019-09-17 07:59:31,481 [EventQueue-PipelineActionsForPipelineActionHandler] INFO  pipeline.SCMPipelineManager (SCMPipelineManager.java:finalizeAndDestroyPipeline(311)) - destroying pipeline:Pipeline[ Id: 10cd0ac1-6bf1-4cef-a5bc-9d95763ef4c0, Nodes: 7dacd8a8-dd8d-4754-a701-fe48d6265aff{ip: 192.168.151.112, host: pr-hdds-2134-72wlk-3981800394, networkLocation: /default-rack, certSerialId: null}fa69ee7c-0798-4ff8-b468-99ad50c0848e{ip: 192.168.151.112, host: pr-hdds-2134-72wlk-3981800394, networkLocation: /default-rack, certSerialId: null}e5fde6a0-3418-4bd7-b263-40da0cf228f6{ip: 192.168.151.112, host: pr-hdds-2134-72wlk-3981800394, networkLocation: /default-rack, certSerialId: null}, Type:RATIS, Factor:THREE, State:CLOSED]
2019-09-17 07:59:31,489 [java.util.concurrent.ThreadPoolExecutor$Worker@2149b9c7[State = -1, empty queue]] WARN  server.GrpcLogAppender (GrpcLogAppender.java:timeoutAppendRequest(200)) - fa69ee7c-0798-4ff8-b468-99ad50c0848e@group-9D95763EF4C0->e5fde6a0-3418-4bd7-b263-40da0cf228f6-GrpcLogAppender: appendEntries Timeout, request=fa69ee7c-0798-4ff8-b468-99ad50c0848e->e5fde6a0-3418-4bd7-b263-40da0cf228f6#66-t1, previous=(t:1, i:13), leaderCommit=6, initializing? false, entries: <empty>
2019-09-17 07:59:31,489 [java.util.concurrent.ThreadPoolExecutor$Worker@4ccc1ceb[State = -1, empty queue]] WARN  server.GrpcLogAppender (GrpcLogAppender.java:timeoutAppendRequest(200)) - fa69ee7c-0798-4ff8-b468-99ad50c0848e@group-9D95763EF4C0->7dacd8a8-dd8d-4754-a701-fe48d6265aff-GrpcLogAppender: appendEntries Timeout, request=fa69ee7c-0798-4ff8-b468-99ad50c0848e->7dacd8a8-dd8d-4754-a701-fe48d6265aff#66-t1, previous=(t:1, i:13), leaderCommit=6, initializing? false, entries: <empty>
2019-09-17 07:59:31,518 [e5fde6a0-3418-4bd7-b263-40da0cf228f6@group-9D95763EF4C0-SegmentedRaftLogWorker] WARN  segmented.SegmentedRaftLogWorker (SegmentedRaftLogWorker.java:getFromFuture(90)) - Timeout 12/~
org.apache.ratis.protocol.TimeoutIOException: Timeout 10s: WriteLog:8: (t:1, i:8), STATEMACHINELOGENTRY, client-77AE72837E11, cid=25-writeStateMachineData
	at org.apache.ratis.util.IOUtils.getFromFuture(IOUtils.java:87)
	at org.apache.ratis.server.raftlog.segmented.SegmentedRaftLogWorker$StateMachineDataPolicy.getFromFuture(SegmentedRaftLogWorker.java:87)
	at org.apache.ratis.server.raftlog.segmented.SegmentedRaftLogWorker$WriteLog.execute(SegmentedRaftLogWorker.java:477)
	at org.apache.ratis.server.raftlog.segmented.SegmentedRaftLogWorker.run(SegmentedRaftLogWorker.java:289)
	at java.lang.Thread.run(Thread.java:748)
Caused by: java.util.concurrent.TimeoutException
	at java.util.concurrent.CompletableFuture.timedGet(CompletableFuture.java:1771)
	at java.util.concurrent.CompletableFuture.get(CompletableFuture.java:1915)
	at org.apache.ratis.util.IOUtils.getFromFuture(IOUtils.java:79)
	... 4 more
2019-09-17 07:59:31,521 [7dacd8a8-dd8d-4754-a701-fe48d6265aff@group-9D95763EF4C0-SegmentedRaftLogWorker] WARN  segmented.SegmentedRaftLogWorker (SegmentedRaftLogWorker.java:getFromFuture(90)) - Timeout 12/~
org.apache.ratis.protocol.TimeoutIOException: Timeout 10s: WriteLog:8: (t:1, i:8), STATEMACHINELOGENTRY, client-77AE72837E11, cid=25-writeStateMachineData
	at org.apache.ratis.util.IOUtils.getFromFuture(IOUtils.java:87)
	at org.apache.ratis.server.raftlog.segmented.SegmentedRaftLogWorker$StateMachineDataPolicy.getFromFuture(SegmentedRaftLogWorker.java:87)
	at org.apache.ratis.server.raftlog.segmented.SegmentedRaftLogWorker$WriteLog.execute(SegmentedRaftLogWorker.java:477)
	at org.apache.ratis.server.raftlog.segmented.SegmentedRaftLogWorker.run(SegmentedRaftLogWorker.java:289)
	at java.lang.Thread.run(Thread.java:748)
Caused by: java.util.concurrent.TimeoutException
	at java.util.concurrent.CompletableFuture.timedGet(CompletableFuture.java:1771)
	at java.util.concurrent.CompletableFuture.get(CompletableFuture.java:1915)
	at org.apache.ratis.util.IOUtils.getFromFuture(IOUtils.java:79)
	... 4 more
2019-09-17 07:59:31,521 [fa69ee7c-0798-4ff8-b468-99ad50c0848e@group-9D95763EF4C0-SegmentedRaftLogWorker] WARN  segmented.SegmentedRaftLogWorker (SegmentedRaftLogWorker.java:getFromFuture(90)) - Timeout 12/~
org.apache.ratis.protocol.TimeoutIOException: Timeout 10s: WriteLog:8: (t:1, i:8), STATEMACHINELOGENTRY, client-77AE72837E11, cid=25-writeStateMachineData
	at org.apache.ratis.util.IOUtils.getFromFuture(IOUtils.java:87)
	at org.apache.ratis.server.raftlog.segmented.SegmentedRaftLogWorker$StateMachineDataPolicy.getFromFuture(SegmentedRaftLogWorker.java:87)
	at org.apache.ratis.server.raftlog.segmented.SegmentedRaftLogWorker$WriteLog.execute(SegmentedRaftLogWorker.java:477)
	at org.apache.ratis.server.raftlog.segmented.SegmentedRaftLogWorker.run(SegmentedRaftLogWorker.java:289)
	at java.lang.Thread.run(Thread.java:748)
Caused by: java.util.concurrent.TimeoutException
	at java.util.concurrent.CompletableFuture.timedGet(CompletableFuture.java:1771)
	at java.util.concurrent.CompletableFuture.get(CompletableFuture.java:1915)
	at org.apache.ratis.util.IOUtils.getFromFuture(IOUtils.java:79)
	... 4 more
2019-09-17 07:59:32,854 [grpc-default-executor-1] INFO  client.GrpcClientProtocolClient (GrpcClientProtocolClient.java:onNext(264)) - client-77AE72837E11->7dacd8a8-dd8d-4754-a701-fe48d6265aff: receive RaftClientReply:client-77AE72837E11->7dacd8a8-dd8d-4754-a701-fe48d6265aff@group-9D95763EF4C0, cid=24, FAILED org.apache.ratis.protocol.NotLeaderException: Server 7dacd8a8-dd8d-4754-a701-fe48d6265aff@group-9D95763EF4C0 is not the leader fa69ee7c-0798-4ff8-b468-99ad50c0848e:192.168.151.112:42872, logIndex=0, commits[7dacd8a8-dd8d-4754-a701-fe48d6265aff:c6, fa69ee7c-0798-4ff8-b468-99ad50c0848e:c6, e5fde6a0-3418-4bd7-b263-40da0cf228f6:c4]
2019-09-17 07:59:33,493 [org.apache.ratis.server.impl.LogAppender$AppenderDaemon$$Lambda$507/852818368@3dd6e51d] ERROR ratis.XceiverServerRatis (XceiverServerRatis.java:triggerPipelineClose(575)) - pipeline Action CLOSE  on pipeline PipelineID=10cd0ac1-6bf1-4cef-a5bc-9d95763ef4c0.Reason : fa69ee7c-0798-4ff8-b468-99ad50c0848e has not seen follower/s e5fde6a0-3418-4bd7-b263-40da0cf228f6 for 132372ms 7dacd8a8-dd8d-4754-a701-fe48d6265aff for 132373ms
2019-09-17 07:59:33,494 [org.apache.ratis.server.impl.LogAppender$AppenderDaemon$$Lambda$507/852818368@2f10a133] ERROR ratis.XceiverServerRatis (XceiverServerRatis.java:triggerPipelineClose(575)) - pipeline Action CLOSE  on pipeline PipelineID=10cd0ac1-6bf1-4cef-a5bc-9d95763ef4c0.Reason : fa69ee7c-0798-4ff8-b468-99ad50c0848e has not seen follower/s e5fde6a0-3418-4bd7-b263-40da0cf228f6 for 132372ms 7dacd8a8-dd8d-4754-a701-fe48d6265aff for 132373ms
2019-09-17 07:59:33,991 [java.util.concurrent.ThreadPoolExecutor$Worker@2149b9c7[State = -1, empty queue]] WARN  server.GrpcLogAppender (GrpcLogAppender.java:timeoutAppendRequest(200)) - fa69ee7c-0798-4ff8-b468-99ad50c0848e@group-9D95763EF4C0->e5fde6a0-3418-4bd7-b263-40da0cf228f6-GrpcLogAppender: appendEntries Timeout, request=fa69ee7c-0798-4ff8-b468-99ad50c0848e->e5fde6a0-3418-4bd7-b263-40da0cf228f6#67-t1, previous=(t:1, i:13), leaderCommit=6, initializing? false, entries: <empty>
2019-09-17 07:59:33,991 [java.util.concurrent.ThreadPoolExecutor$Worker@4ccc1ceb[State = -1, empty queue]] WARN  server.GrpcLogAppender (GrpcLogAppender.java:timeoutAppendRequest(200)) - fa69ee7c-0798-4ff8-b468-99ad50c0848e@group-9D95763EF4C0->7dacd8a8-dd8d-4754-a701-fe48d6265aff-GrpcLogAppender: appendEntries Timeout, request=fa69ee7c-0798-4ff8-b468-99ad50c0848e->7dacd8a8-dd8d-4754-a701-fe48d6265aff#67-t1, previous=(t:1, i:13), leaderCommit=6, initializing? false, entries: <empty>
2019-09-17 07:59:34,480 [EventQueue-PipelineActionsForPipelineActionHandler] ERROR pipeline.PipelineActionHandler (PipelineActionHandler.java:onMessage(60)) - Received pipeline action CLOSE for Pipeline[ Id: 10cd0ac1-6bf1-4cef-a5bc-9d95763ef4c0, Nodes: 7dacd8a8-dd8d-4754-a701-fe48d6265aff{ip: 192.168.151.112, host: pr-hdds-2134-72wlk-3981800394, networkLocation: /default-rack, certSerialId: null}fa69ee7c-0798-4ff8-b468-99ad50c0848e{ip: 192.168.151.112, host: pr-hdds-2134-72wlk-3981800394, networkLocation: /default-rack, certSerialId: null}e5fde6a0-3418-4bd7-b263-40da0cf228f6{ip: 192.168.151.112, host: pr-hdds-2134-72wlk-3981800394, networkLocation: /default-rack, certSerialId: null}, Type:RATIS, Factor:THREE, State:CLOSED] from datanode fa69ee7c-0798-4ff8-b468-99ad50c0848e{ip: 192.168.151.112, host: pr-hdds-2134-72wlk-3981800394, networkLocation: /default-rack, certSerialId: null}. Reason : fa69ee7c-0798-4ff8-b468-99ad50c0848e has not seen follower/s e5fde6a0-3418-4bd7-b263-40da0cf228f6 for 132372ms 7dacd8a8-dd8d-4754-a701-fe48d6265aff for 132373ms
2019-09-17 07:59:34,481 [EventQueue-PipelineActionsForPipelineActionHandler] INFO  pipeline.SCMPipelineManager (SCMPipelineManager.java:finalizeAndDestroyPipeline(311)) - destroying pipeline:Pipeline[ Id: 10cd0ac1-6bf1-4cef-a5bc-9d95763ef4c0, Nodes: 7dacd8a8-dd8d-4754-a701-fe48d6265aff{ip: 192.168.151.112, host: pr-hdds-2134-72wlk-3981800394, networkLocation: /default-rack, certSerialId: null}fa69ee7c-0798-4ff8-b468-99ad50c0848e{ip: 192.168.151.112, host: pr-hdds-2134-72wlk-3981800394, networkLocation: /default-rack, certSerialId: null}e5fde6a0-3418-4bd7-b263-40da0cf228f6{ip: 192.168.151.112, host: pr-hdds-2134-72wlk-3981800394, networkLocation: /default-rack, certSerialId: null}, Type:RATIS, Factor:THREE, State:CLOSED]
2019-09-17 07:59:35,995 [org.apache.ratis.server.impl.LogAppender$AppenderDaemon$$Lambda$507/852818368@3dd6e51d] ERROR ratis.XceiverServerRatis (XceiverServerRatis.java:triggerPipelineClose(575)) - pipeline Action CLOSE  on pipeline PipelineID=10cd0ac1-6bf1-4cef-a5bc-9d95763ef4c0.Reason : fa69ee7c-0798-4ff8-b468-99ad50c0848e has not seen follower/s e5fde6a0-3418-4bd7-b263-40da0cf228f6 for 134873ms 7dacd8a8-dd8d-4754-a701-fe48d6265aff for 134875ms
2019-09-17 07:59:35,995 [org.apache.ratis.server.impl.LogAppender$AppenderDaemon$$Lambda$507/852818368@2f10a133] ERROR ratis.XceiverServerRatis (XceiverServerRatis.java:triggerPipelineClose(575)) - pipeline Action CLOSE  on pipeline PipelineID=10cd0ac1-6bf1-4cef-a5bc-9d95763ef4c0.Reason : fa69ee7c-0798-4ff8-b468-99ad50c0848e has not seen follower/s e5fde6a0-3418-4bd7-b263-40da0cf228f6 for 134873ms 7dacd8a8-dd8d-4754-a701-fe48d6265aff for 134875ms
2019-09-17 07:59:36,480 [EventQueue-PipelineActionsForPipelineActionHandler] ERROR pipeline.PipelineActionHandler (PipelineActionHandler.java:onMessage(60)) - Received pipeline action CLOSE for Pipeline[ Id: 10cd0ac1-6bf1-4cef-a5bc-9d95763ef4c0, Nodes: 7dacd8a8-dd8d-4754-a701-fe48d6265aff{ip: 192.168.151.112, host: pr-hdds-2134-72wlk-3981800394, networkLocation: /default-rack, certSerialId: null}fa69ee7c-0798-4ff8-b468-99ad50c0848e{ip: 192.168.151.112, host: pr-hdds-2134-72wlk-3981800394, networkLocation: /default-rack, certSerialId: null}e5fde6a0-3418-4bd7-b263-40da0cf228f6{ip: 192.168.151.112, host: pr-hdds-2134-72wlk-3981800394, networkLocation: /default-rack, certSerialId: null}, Type:RATIS, Factor:THREE, State:CLOSED] from datanode fa69ee7c-0798-4ff8-b468-99ad50c0848e{ip: 192.168.151.112, host: pr-hdds-2134-72wlk-3981800394, networkLocation: /default-rack, certSerialId: null}. Reason : fa69ee7c-0798-4ff8-b468-99ad50c0848e has not seen follower/s e5fde6a0-3418-4bd7-b263-40da0cf228f6 for 134873ms 7dacd8a8-dd8d-4754-a701-fe48d6265aff for 134875ms
2019-09-17 07:59:36,480 [EventQueue-PipelineActionsForPipelineActionHandler] INFO  pipeline.SCMPipelineManager (SCMPipelineManager.java:finalizeAndDestroyPipeline(311)) - destroying pipeline:Pipeline[ Id: 10cd0ac1-6bf1-4cef-a5bc-9d95763ef4c0, Nodes: 7dacd8a8-dd8d-4754-a701-fe48d6265aff{ip: 192.168.151.112, host: pr-hdds-2134-72wlk-3981800394, networkLocation: /default-rack, certSerialId: null}fa69ee7c-0798-4ff8-b468-99ad50c0848e{ip: 192.168.151.112, host: pr-hdds-2134-72wlk-3981800394, networkLocation: /default-rack, certSerialId: null}e5fde6a0-3418-4bd7-b263-40da0cf228f6{ip: 192.168.151.112, host: pr-hdds-2134-72wlk-3981800394, networkLocation: /default-rack, certSerialId: null}, Type:RATIS, Factor:THREE, State:CLOSED]
2019-09-17 07:59:36,493 [java.util.concurrent.ThreadPoolExecutor$Worker@4ccc1ceb[State = -1, empty queue]] WARN  server.GrpcLogAppender (GrpcLogAppender.java:timeoutAppendRequest(200)) - fa69ee7c-0798-4ff8-b468-99ad50c0848e@group-9D95763EF4C0->7dacd8a8-dd8d-4754-a701-fe48d6265aff-GrpcLogAppender: appendEntries Timeout, request=fa69ee7c-0798-4ff8-b468-99ad50c0848e->7dacd8a8-dd8d-4754-a701-fe48d6265aff#68-t1, previous=(t:1, i:13), leaderCommit=6, initializing? false, entries: <empty>
2019-09-17 07:59:36,493 [java.util.concurrent.ThreadPoolExecutor$Worker@2149b9c7[State = -1, empty queue]] WARN  server.GrpcLogAppender (GrpcLogAppender.java:timeoutAppendRequest(200)) - fa69ee7c-0798-4ff8-b468-99ad50c0848e@group-9D95763EF4C0->e5fde6a0-3418-4bd7-b263-40da0cf228f6-GrpcLogAppender: appendEntries Timeout, request=fa69ee7c-0798-4ff8-b468-99ad50c0848e->e5fde6a0-3418-4bd7-b263-40da0cf228f6#68-t1, previous=(t:1, i:13), leaderCommit=6, initializing? false, entries: <empty>
2019-09-17 07:59:37,909 [grpc-default-executor-3] INFO  client.GrpcClientProtocolClient (GrpcClientProtocolClient.java:onNext(264)) - client-77AE72837E11->e5fde6a0-3418-4bd7-b263-40da0cf228f6: receive RaftClientReply:client-77AE72837E11->e5fde6a0-3418-4bd7-b263-40da0cf228f6@group-9D95763EF4C0, cid=24, FAILED org.apache.ratis.protocol.NotLeaderException: Server e5fde6a0-3418-4bd7-b263-40da0cf228f6@group-9D95763EF4C0 is not the leader fa69ee7c-0798-4ff8-b468-99ad50c0848e:192.168.151.112:42872, logIndex=0, commits[e5fde6a0-3418-4bd7-b263-40da0cf228f6:c6, fa69ee7c-0798-4ff8-b468-99ad50c0848e:c6, 7dacd8a8-dd8d-4754-a701-fe48d6265aff:c4]
2019-09-17 07:59:38,497 [org.apache.ratis.server.impl.LogAppender$AppenderDaemon$$Lambda$507/852818368@3dd6e51d] ERROR ratis.XceiverServerRatis (XceiverServerRatis.java:triggerPipelineClose(575)) - pipeline Action CLOSE  on pipeline PipelineID=10cd0ac1-6bf1-4cef-a5bc-9d95763ef4c0.Reason : fa69ee7c-0798-4ff8-b468-99ad50c0848e has not seen follower/s e5fde6a0-3418-4bd7-b263-40da0cf228f6 for 137375ms 7dacd8a8-dd8d-4754-a701-fe48d6265aff for 137377ms
2019-09-17 07:59:38,497 [org.apache.ratis.server.impl.LogAppender$AppenderDaemon$$Lambda$507/852818368@2f10a133] ERROR ratis.XceiverServerRatis (XceiverServerRatis.java:triggerPipelineClose(575)) - pipeline Action CLOSE  on pipeline PipelineID=10cd0ac1-6bf1-4cef-a5bc-9d95763ef4c0.Reason : fa69ee7c-0798-4ff8-b468-99ad50c0848e has not seen follower/s e5fde6a0-3418-4bd7-b263-40da0cf228f6 for 137375ms 7dacd8a8-dd8d-4754-a701-fe48d6265aff for 137377ms
2019-09-17 07:59:38,995 [java.util.concurrent.ThreadPoolExecutor$Worker@4ccc1ceb[State = -1, empty queue]] WARN  server.GrpcLogAppender (GrpcLogAppender.java:timeoutAppendRequest(200)) - fa69ee7c-0798-4ff8-b468-99ad50c0848e@group-9D95763EF4C0->7dacd8a8-dd8d-4754-a701-fe48d6265aff-GrpcLogAppender: appendEntries Timeout, request=fa69ee7c-0798-4ff8-b468-99ad50c0848e->7dacd8a8-dd8d-4754-a701-fe48d6265aff#69-t1, previous=(t:1, i:13), leaderCommit=6, initializing? false, entries: <empty>
2019-09-17 07:59:38,995 [java.util.concurrent.ThreadPoolExecutor$Worker@2149b9c7[State = -1, empty queue]] WARN  server.GrpcLogAppender (GrpcLogAppender.java:timeoutAppendRequest(200)) - fa69ee7c-0798-4ff8-b468-99ad50c0848e@group-9D95763EF4C0->e5fde6a0-3418-4bd7-b263-40da0cf228f6-GrpcLogAppender: appendEntries Timeout, request=fa69ee7c-0798-4ff8-b468-99ad50c0848e->e5fde6a0-3418-4bd7-b263-40da0cf228f6#69-t1, previous=(t:1, i:13), leaderCommit=6, initializing? false, entries: <empty>
2019-09-17 07:59:39,480 [EventQueue-PipelineActionsForPipelineActionHandler] ERROR pipeline.PipelineActionHandler (PipelineActionHandler.java:onMessage(60)) - Received pipeline action CLOSE for Pipeline[ Id: 10cd0ac1-6bf1-4cef-a5bc-9d95763ef4c0, Nodes: 7dacd8a8-dd8d-4754-a701-fe48d6265aff{ip: 192.168.151.112, host: pr-hdds-2134-72wlk-3981800394, networkLocation: /default-rack, certSerialId: null}fa69ee7c-0798-4ff8-b468-99ad50c0848e{ip: 192.168.151.112, host: pr-hdds-2134-72wlk-3981800394, networkLocation: /default-rack, certSerialId: null}e5fde6a0-3418-4bd7-b263-40da0cf228f6{ip: 192.168.151.112, host: pr-hdds-2134-72wlk-3981800394, networkLocation: /default-rack, certSerialId: null}, Type:RATIS, Factor:THREE, State:CLOSED] from datanode fa69ee7c-0798-4ff8-b468-99ad50c0848e{ip: 192.168.151.112, host: pr-hdds-2134-72wlk-3981800394, networkLocation: /default-rack, certSerialId: null}. Reason : fa69ee7c-0798-4ff8-b468-99ad50c0848e has not seen follower/s e5fde6a0-3418-4bd7-b263-40da0cf228f6 for 137375ms 7dacd8a8-dd8d-4754-a701-fe48d6265aff for 137377ms
2019-09-17 07:59:39,480 [EventQueue-PipelineActionsForPipelineActionHandler] INFO  pipeline.SCMPipelineManager (SCMPipelineManager.java:finalizeAndDestroyPipeline(311)) - destroying pipeline:Pipeline[ Id: 10cd0ac1-6bf1-4cef-a5bc-9d95763ef4c0, Nodes: 7dacd8a8-dd8d-4754-a701-fe48d6265aff{ip: 192.168.151.112, host: pr-hdds-2134-72wlk-3981800394, networkLocation: /default-rack, certSerialId: null}fa69ee7c-0798-4ff8-b468-99ad50c0848e{ip: 192.168.151.112, host: pr-hdds-2134-72wlk-3981800394, networkLocation: /default-rack, certSerialId: null}e5fde6a0-3418-4bd7-b263-40da0cf228f6{ip: 192.168.151.112, host: pr-hdds-2134-72wlk-3981800394, networkLocation: /default-rack, certSerialId: null}, Type:RATIS, Factor:THREE, State:CLOSED]
2019-09-17 07:59:40,998 [org.apache.ratis.server.impl.LogAppender$AppenderDaemon$$Lambda$507/852818368@2f10a133] ERROR ratis.XceiverServerRatis (XceiverServerRatis.java:triggerPipelineClose(575)) - pipeline Action CLOSE  on pipeline PipelineID=10cd0ac1-6bf1-4cef-a5bc-9d95763ef4c0.Reason : fa69ee7c-0798-4ff8-b468-99ad50c0848e has not seen follower/s e5fde6a0-3418-4bd7-b263-40da0cf228f6 for 139876ms 7dacd8a8-dd8d-4754-a701-fe48d6265aff for 139878ms
2019-09-17 07:59:41,013 [org.apache.ratis.server.impl.LogAppender$AppenderDaemon$$Lambda$507/852818368@3dd6e51d] ERROR ratis.XceiverServerRatis (XceiverServerRatis.java:triggerPipelineClose(575)) - pipeline Action CLOSE  on pipeline PipelineID=10cd0ac1-6bf1-4cef-a5bc-9d95763ef4c0.Reason : fa69ee7c-0798-4ff8-b468-99ad50c0848e has not seen follower/s e5fde6a0-3418-4bd7-b263-40da0cf228f6 for 139891ms 7dacd8a8-dd8d-4754-a701-fe48d6265aff for 139893ms
2019-09-17 07:59:41,481 [EventQueue-PipelineActionsForPipelineActionHandler] ERROR pipeline.PipelineActionHandler (PipelineActionHandler.java:onMessage(60)) - Received pipeline action CLOSE for Pipeline[ Id: 10cd0ac1-6bf1-4cef-a5bc-9d95763ef4c0, Nodes: 7dacd8a8-dd8d-4754-a701-fe48d6265aff{ip: 192.168.151.112, host: pr-hdds-2134-72wlk-3981800394, networkLocation: /default-rack, certSerialId: null}fa69ee7c-0798-4ff8-b468-99ad50c0848e{ip: 192.168.151.112, host: pr-hdds-2134-72wlk-3981800394, networkLocation: /default-rack, certSerialId: null}e5fde6a0-3418-4bd7-b263-40da0cf228f6{ip: 192.168.151.112, host: pr-hdds-2134-72wlk-3981800394, networkLocation: /default-rack, certSerialId: null}, Type:RATIS, Factor:THREE, State:CLOSED] from datanode fa69ee7c-0798-4ff8-b468-99ad50c0848e{ip: 192.168.151.112, host: pr-hdds-2134-72wlk-3981800394, networkLocation: /default-rack, certSerialId: null}. Reason : fa69ee7c-0798-4ff8-b468-99ad50c0848e has not seen follower/s e5fde6a0-3418-4bd7-b263-40da0cf228f6 for 139876ms 7dacd8a8-dd8d-4754-a701-fe48d6265aff for 139878ms
2019-09-17 07:59:41,482 [EventQueue-PipelineActionsForPipelineActionHandler] INFO  pipeline.SCMPipelineManager (SCMPipelineManager.java:finalizeAndDestroyPipeline(311)) - destroying pipeline:Pipeline[ Id: 10cd0ac1-6bf1-4cef-a5bc-9d95763ef4c0, Nodes: 7dacd8a8-dd8d-4754-a701-fe48d6265aff{ip: 192.168.151.112, host: pr-hdds-2134-72wlk-3981800394, networkLocation: /default-rack, certSerialId: null}fa69ee7c-0798-4ff8-b468-99ad50c0848e{ip: 192.168.151.112, host: pr-hdds-2134-72wlk-3981800394, networkLocation: /default-rack, certSerialId: null}e5fde6a0-3418-4bd7-b263-40da0cf228f6{ip: 192.168.151.112, host: pr-hdds-2134-72wlk-3981800394, networkLocation: /default-rack, certSerialId: null}, Type:RATIS, Factor:THREE, State:CLOSED]
2019-09-17 07:59:41,497 [java.util.concurrent.ThreadPoolExecutor$Worker@4ccc1ceb[State = -1, empty queue]] WARN  server.GrpcLogAppender (GrpcLogAppender.java:timeoutAppendRequest(200)) - fa69ee7c-0798-4ff8-b468-99ad50c0848e@group-9D95763EF4C0->7dacd8a8-dd8d-4754-a701-fe48d6265aff-GrpcLogAppender: appendEntries Timeout, request=fa69ee7c-0798-4ff8-b468-99ad50c0848e->7dacd8a8-dd8d-4754-a701-fe48d6265aff#70-t1, previous=(t:1, i:13), leaderCommit=6, initializing? false, entries: <empty>
2019-09-17 07:59:41,497 [java.util.concurrent.ThreadPoolExecutor$Worker@2149b9c7[State = -1, empty queue]] WARN  server.GrpcLogAppender (GrpcLogAppender.java:timeoutAppendRequest(200)) - fa69ee7c-0798-4ff8-b468-99ad50c0848e@group-9D95763EF4C0->e5fde6a0-3418-4bd7-b263-40da0cf228f6-GrpcLogAppender: appendEntries Timeout, request=fa69ee7c-0798-4ff8-b468-99ad50c0848e->e5fde6a0-3418-4bd7-b263-40da0cf228f6#70-t1, previous=(t:1, i:13), leaderCommit=6, initializing? false, entries: <empty>
2019-09-17 07:59:41,520 [e5fde6a0-3418-4bd7-b263-40da0cf228f6@group-9D95763EF4C0-SegmentedRaftLogWorker] WARN  segmented.SegmentedRaftLogWorker (SegmentedRaftLogWorker.java:getFromFuture(90)) - Timeout 13/~
org.apache.ratis.protocol.TimeoutIOException: Timeout 10s: WriteLog:8: (t:1, i:8), STATEMACHINELOGENTRY, client-77AE72837E11, cid=25-writeStateMachineData
	at org.apache.ratis.util.IOUtils.getFromFuture(IOUtils.java:87)
	at org.apache.ratis.server.raftlog.segmented.SegmentedRaftLogWorker$StateMachineDataPolicy.getFromFuture(SegmentedRaftLogWorker.java:87)
	at org.apache.ratis.server.raftlog.segmented.SegmentedRaftLogWorker$WriteLog.execute(SegmentedRaftLogWorker.java:477)
	at org.apache.ratis.server.raftlog.segmented.SegmentedRaftLogWorker.run(SegmentedRaftLogWorker.java:289)
	at java.lang.Thread.run(Thread.java:748)
Caused by: java.util.concurrent.TimeoutException
	at java.util.concurrent.CompletableFuture.timedGet(CompletableFuture.java:1771)
	at java.util.concurrent.CompletableFuture.get(CompletableFuture.java:1915)
	at org.apache.ratis.util.IOUtils.getFromFuture(IOUtils.java:79)
	... 4 more
2019-09-17 07:59:41,521 [7dacd8a8-dd8d-4754-a701-fe48d6265aff@group-9D95763EF4C0-SegmentedRaftLogWorker] WARN  segmented.SegmentedRaftLogWorker (SegmentedRaftLogWorker.java:getFromFuture(90)) - Timeout 13/~
org.apache.ratis.protocol.TimeoutIOException: Timeout 10s: WriteLog:8: (t:1, i:8), STATEMACHINELOGENTRY, client-77AE72837E11, cid=25-writeStateMachineData
	at org.apache.ratis.util.IOUtils.getFromFuture(IOUtils.java:87)
	at org.apache.ratis.server.raftlog.segmented.SegmentedRaftLogWorker$StateMachineDataPolicy.getFromFuture(SegmentedRaftLogWorker.java:87)
	at org.apache.ratis.server.raftlog.segmented.SegmentedRaftLogWorker$WriteLog.execute(SegmentedRaftLogWorker.java:477)
	at org.apache.ratis.server.raftlog.segmented.SegmentedRaftLogWorker.run(SegmentedRaftLogWorker.java:289)
	at java.lang.Thread.run(Thread.java:748)
Caused by: java.util.concurrent.TimeoutException
	at java.util.concurrent.CompletableFuture.timedGet(CompletableFuture.java:1771)
	at java.util.concurrent.CompletableFuture.get(CompletableFuture.java:1915)
	at org.apache.ratis.util.IOUtils.getFromFuture(IOUtils.java:79)
	... 4 more
2019-09-17 07:59:41,522 [fa69ee7c-0798-4ff8-b468-99ad50c0848e@group-9D95763EF4C0-SegmentedRaftLogWorker] WARN  segmented.SegmentedRaftLogWorker (SegmentedRaftLogWorker.java:getFromFuture(90)) - Timeout 13/~
org.apache.ratis.protocol.TimeoutIOException: Timeout 10s: WriteLog:8: (t:1, i:8), STATEMACHINELOGENTRY, client-77AE72837E11, cid=25-writeStateMachineData
	at org.apache.ratis.util.IOUtils.getFromFuture(IOUtils.java:87)
	at org.apache.ratis.server.raftlog.segmented.SegmentedRaftLogWorker$StateMachineDataPolicy.getFromFuture(SegmentedRaftLogWorker.java:87)
	at org.apache.ratis.server.raftlog.segmented.SegmentedRaftLogWorker$WriteLog.execute(SegmentedRaftLogWorker.java:477)
	at org.apache.ratis.server.raftlog.segmented.SegmentedRaftLogWorker.run(SegmentedRaftLogWorker.java:289)
	at java.lang.Thread.run(Thread.java:748)
Caused by: java.util.concurrent.TimeoutException
	at java.util.concurrent.CompletableFuture.timedGet(CompletableFuture.java:1771)
	at java.util.concurrent.CompletableFuture.get(CompletableFuture.java:1915)
	at org.apache.ratis.util.IOUtils.getFromFuture(IOUtils.java:79)
	... 4 more
2019-09-17 07:59:42,975 [grpc-default-executor-3] INFO  client.GrpcClientProtocolClient (GrpcClientProtocolClient.java:onNext(264)) - client-77AE72837E11->7dacd8a8-dd8d-4754-a701-fe48d6265aff: receive RaftClientReply:client-77AE72837E11->7dacd8a8-dd8d-4754-a701-fe48d6265aff@group-9D95763EF4C0, cid=24, FAILED org.apache.ratis.protocol.NotLeaderException: Server 7dacd8a8-dd8d-4754-a701-fe48d6265aff@group-9D95763EF4C0 is not the leader fa69ee7c-0798-4ff8-b468-99ad50c0848e:192.168.151.112:42872, logIndex=0, commits[7dacd8a8-dd8d-4754-a701-fe48d6265aff:c6, fa69ee7c-0798-4ff8-b468-99ad50c0848e:c6, e5fde6a0-3418-4bd7-b263-40da0cf228f6:c4]
2019-09-17 07:59:43,499 [org.apache.ratis.server.impl.LogAppender$AppenderDaemon$$Lambda$507/852818368@2f10a133] ERROR ratis.XceiverServerRatis (XceiverServerRatis.java:triggerPipelineClose(575)) - pipeline Action CLOSE  on pipeline PipelineID=10cd0ac1-6bf1-4cef-a5bc-9d95763ef4c0.Reason : fa69ee7c-0798-4ff8-b468-99ad50c0848e has not seen follower/s e5fde6a0-3418-4bd7-b263-40da0cf228f6 for 142377ms 7dacd8a8-dd8d-4754-a701-fe48d6265aff for 142379ms
2019-09-17 07:59:43,514 [org.apache.ratis.server.impl.LogAppender$AppenderDaemon$$Lambda$507/852818368@3dd6e51d] ERROR ratis.XceiverServerRatis (XceiverServerRatis.java:triggerPipelineClose(575)) - pipeline Action CLOSE  on pipeline PipelineID=10cd0ac1-6bf1-4cef-a5bc-9d95763ef4c0.Reason : fa69ee7c-0798-4ff8-b468-99ad50c0848e has not seen follower/s e5fde6a0-3418-4bd7-b263-40da0cf228f6 for 142392ms 7dacd8a8-dd8d-4754-a701-fe48d6265aff for 142394ms
2019-09-17 07:59:43,997 [java.util.concurrent.ThreadPoolExecutor$Worker@4ccc1ceb[State = -1, empty queue]] WARN  server.GrpcLogAppender (GrpcLogAppender.java:timeoutAppendRequest(200)) - fa69ee7c-0798-4ff8-b468-99ad50c0848e@group-9D95763EF4C0->7dacd8a8-dd8d-4754-a701-fe48d6265aff-GrpcLogAppender: appendEntries Timeout, request=fa69ee7c-0798-4ff8-b468-99ad50c0848e->7dacd8a8-dd8d-4754-a701-fe48d6265aff#71-t1, previous=(t:1, i:13), leaderCommit=6, initializing? false, entries: <empty>
2019-09-17 07:59:44,013 [java.util.concurrent.ThreadPoolExecutor$Worker@2149b9c7[State = -1, empty queue]] WARN  server.GrpcLogAppender (GrpcLogAppender.java:timeoutAppendRequest(200)) - fa69ee7c-0798-4ff8-b468-99ad50c0848e@group-9D95763EF4C0->e5fde6a0-3418-4bd7-b263-40da0cf228f6-GrpcLogAppender: appendEntries Timeout, request=fa69ee7c-0798-4ff8-b468-99ad50c0848e->e5fde6a0-3418-4bd7-b263-40da0cf228f6#71-t1, previous=(t:1, i:13), leaderCommit=6, initializing? false, entries: <empty>
2019-09-17 07:59:44,482 [EventQueue-PipelineActionsForPipelineActionHandler] ERROR pipeline.PipelineActionHandler (PipelineActionHandler.java:onMessage(60)) - Received pipeline action CLOSE for Pipeline[ Id: 10cd0ac1-6bf1-4cef-a5bc-9d95763ef4c0, Nodes: 7dacd8a8-dd8d-4754-a701-fe48d6265aff{ip: 192.168.151.112, host: pr-hdds-2134-72wlk-3981800394, networkLocation: /default-rack, certSerialId: null}fa69ee7c-0798-4ff8-b468-99ad50c0848e{ip: 192.168.151.112, host: pr-hdds-2134-72wlk-3981800394, networkLocation: /default-rack, certSerialId: null}e5fde6a0-3418-4bd7-b263-40da0cf228f6{ip: 192.168.151.112, host: pr-hdds-2134-72wlk-3981800394, networkLocation: /default-rack, certSerialId: null}, Type:RATIS, Factor:THREE, State:CLOSED] from datanode fa69ee7c-0798-4ff8-b468-99ad50c0848e{ip: 192.168.151.112, host: pr-hdds-2134-72wlk-3981800394, networkLocation: /default-rack, certSerialId: null}. Reason : fa69ee7c-0798-4ff8-b468-99ad50c0848e has not seen follower/s e5fde6a0-3418-4bd7-b263-40da0cf228f6 for 142377ms 7dacd8a8-dd8d-4754-a701-fe48d6265aff for 142379ms
2019-09-17 07:59:44,483 [EventQueue-PipelineActionsForPipelineActionHandler] INFO  pipeline.SCMPipelineManager (SCMPipelineManager.java:finalizeAndDestroyPipeline(311)) - destroying pipeline:Pipeline[ Id: 10cd0ac1-6bf1-4cef-a5bc-9d95763ef4c0, Nodes: 7dacd8a8-dd8d-4754-a701-fe48d6265aff{ip: 192.168.151.112, host: pr-hdds-2134-72wlk-3981800394, networkLocation: /default-rack, certSerialId: null}fa69ee7c-0798-4ff8-b468-99ad50c0848e{ip: 192.168.151.112, host: pr-hdds-2134-72wlk-3981800394, networkLocation: /default-rack, certSerialId: null}e5fde6a0-3418-4bd7-b263-40da0cf228f6{ip: 192.168.151.112, host: pr-hdds-2134-72wlk-3981800394, networkLocation: /default-rack, certSerialId: null}, Type:RATIS, Factor:THREE, State:CLOSED]
2019-09-17 07:59:45,999 [org.apache.ratis.server.impl.LogAppender$AppenderDaemon$$Lambda$507/852818368@2f10a133] ERROR ratis.XceiverServerRatis (XceiverServerRatis.java:triggerPipelineClose(575)) - pipeline Action CLOSE  on pipeline PipelineID=10cd0ac1-6bf1-4cef-a5bc-9d95763ef4c0.Reason : fa69ee7c-0798-4ff8-b468-99ad50c0848e has not seen follower/s e5fde6a0-3418-4bd7-b263-40da0cf228f6 for 144878ms 7dacd8a8-dd8d-4754-a701-fe48d6265aff for 144880ms
2019-09-17 07:59:46,014 [org.apache.ratis.server.impl.LogAppender$AppenderDaemon$$Lambda$507/852818368@3dd6e51d] ERROR ratis.XceiverServerRatis (XceiverServerRatis.java:triggerPipelineClose(575)) - pipeline Action CLOSE  on pipeline PipelineID=10cd0ac1-6bf1-4cef-a5bc-9d95763ef4c0.Reason : fa69ee7c-0798-4ff8-b468-99ad50c0848e has not seen follower/s e5fde6a0-3418-4bd7-b263-40da0cf228f6 for 144893ms 7dacd8a8-dd8d-4754-a701-fe48d6265aff for 144895ms
2019-09-17 07:59:46,483 [EventQueue-PipelineActionsForPipelineActionHandler] ERROR pipeline.PipelineActionHandler (PipelineActionHandler.java:onMessage(60)) - Received pipeline action CLOSE for Pipeline[ Id: 10cd0ac1-6bf1-4cef-a5bc-9d95763ef4c0, Nodes: 7dacd8a8-dd8d-4754-a701-fe48d6265aff{ip: 192.168.151.112, host: pr-hdds-2134-72wlk-3981800394, networkLocation: /default-rack, certSerialId: null}fa69ee7c-0798-4ff8-b468-99ad50c0848e{ip: 192.168.151.112, host: pr-hdds-2134-72wlk-3981800394, networkLocation: /default-rack, certSerialId: null}e5fde6a0-3418-4bd7-b263-40da0cf228f6{ip: 192.168.151.112, host: pr-hdds-2134-72wlk-3981800394, networkLocation: /default-rack, certSerialId: null}, Type:RATIS, Factor:THREE, State:CLOSED] from datanode fa69ee7c-0798-4ff8-b468-99ad50c0848e{ip: 192.168.151.112, host: pr-hdds-2134-72wlk-3981800394, networkLocation: /default-rack, certSerialId: null}. Reason : fa69ee7c-0798-4ff8-b468-99ad50c0848e has not seen follower/s e5fde6a0-3418-4bd7-b263-40da0cf228f6 for 144878ms 7dacd8a8-dd8d-4754-a701-fe48d6265aff for 144880ms
2019-09-17 07:59:46,483 [EventQueue-PipelineActionsForPipelineActionHandler] INFO  pipeline.SCMPipelineManager (SCMPipelineManager.java:finalizeAndDestroyPipeline(311)) - destroying pipeline:Pipeline[ Id: 10cd0ac1-6bf1-4cef-a5bc-9d95763ef4c0, Nodes: 7dacd8a8-dd8d-4754-a701-fe48d6265aff{ip: 192.168.151.112, host: pr-hdds-2134-72wlk-3981800394, networkLocation: /default-rack, certSerialId: null}fa69ee7c-0798-4ff8-b468-99ad50c0848e{ip: 192.168.151.112, host: pr-hdds-2134-72wlk-3981800394, networkLocation: /default-rack, certSerialId: null}e5fde6a0-3418-4bd7-b263-40da0cf228f6{ip: 192.168.151.112, host: pr-hdds-2134-72wlk-3981800394, networkLocation: /default-rack, certSerialId: null}, Type:RATIS, Factor:THREE, State:CLOSED]
2019-09-17 07:59:46,499 [java.util.concurrent.ThreadPoolExecutor$Worker@4ccc1ceb[State = -1, empty queue]] WARN  server.GrpcLogAppender (GrpcLogAppender.java:timeoutAppendRequest(200)) - fa69ee7c-0798-4ff8-b468-99ad50c0848e@group-9D95763EF4C0->7dacd8a8-dd8d-4754-a701-fe48d6265aff-GrpcLogAppender: appendEntries Timeout, request=fa69ee7c-0798-4ff8-b468-99ad50c0848e->7dacd8a8-dd8d-4754-a701-fe48d6265aff#72-t1, previous=(t:1, i:13), leaderCommit=6, initializing? false, entries: <empty>
2019-09-17 07:59:46,514 [java.util.concurrent.ThreadPoolExecutor$Worker@2149b9c7[State = -1, empty queue]] WARN  server.GrpcLogAppender (GrpcLogAppender.java:timeoutAppendRequest(200)) - fa69ee7c-0798-4ff8-b468-99ad50c0848e@group-9D95763EF4C0->e5fde6a0-3418-4bd7-b263-40da0cf228f6-GrpcLogAppender: appendEntries Timeout, request=fa69ee7c-0798-4ff8-b468-99ad50c0848e->e5fde6a0-3418-4bd7-b263-40da0cf228f6#72-t1, previous=(t:1, i:13), leaderCommit=6, initializing? false, entries: <empty>
2019-09-17 07:59:48,018 [grpc-default-executor-3] INFO  client.GrpcClientProtocolClient (GrpcClientProtocolClient.java:onNext(264)) - client-77AE72837E11->e5fde6a0-3418-4bd7-b263-40da0cf228f6: receive RaftClientReply:client-77AE72837E11->e5fde6a0-3418-4bd7-b263-40da0cf228f6@group-9D95763EF4C0, cid=24, FAILED org.apache.ratis.protocol.NotLeaderException: Server e5fde6a0-3418-4bd7-b263-40da0cf228f6@group-9D95763EF4C0 is not the leader fa69ee7c-0798-4ff8-b468-99ad50c0848e:192.168.151.112:42872, logIndex=0, commits[e5fde6a0-3418-4bd7-b263-40da0cf228f6:c6, fa69ee7c-0798-4ff8-b468-99ad50c0848e:c6, 7dacd8a8-dd8d-4754-a701-fe48d6265aff:c4]
2019-09-17 07:59:48,500 [org.apache.ratis.server.impl.LogAppender$AppenderDaemon$$Lambda$507/852818368@2f10a133] ERROR ratis.XceiverServerRatis (XceiverServerRatis.java:triggerPipelineClose(575)) - pipeline Action CLOSE  on pipeline PipelineID=10cd0ac1-6bf1-4cef-a5bc-9d95763ef4c0.Reason : fa69ee7c-0798-4ff8-b468-99ad50c0848e has not seen follower/s e5fde6a0-3418-4bd7-b263-40da0cf228f6 for 147379ms 7dacd8a8-dd8d-4754-a701-fe48d6265aff for 147381ms
2019-09-17 07:59:48,515 [org.apache.ratis.server.impl.LogAppender$AppenderDaemon$$Lambda$507/852818368@3dd6e51d] ERROR ratis.XceiverServerRatis (XceiverServerRatis.java:triggerPipelineClose(575)) - pipeline Action CLOSE  on pipeline PipelineID=10cd0ac1-6bf1-4cef-a5bc-9d95763ef4c0.Reason : fa69ee7c-0798-4ff8-b468-99ad50c0848e has not seen follower/s e5fde6a0-3418-4bd7-b263-40da0cf228f6 for 147393ms 7dacd8a8-dd8d-4754-a701-fe48d6265aff for 147395ms
2019-09-17 07:59:49,000 [java.util.concurrent.ThreadPoolExecutor$Worker@4ccc1ceb[State = -1, empty queue]] WARN  server.GrpcLogAppender (GrpcLogAppender.java:timeoutAppendRequest(200)) - fa69ee7c-0798-4ff8-b468-99ad50c0848e@group-9D95763EF4C0->7dacd8a8-dd8d-4754-a701-fe48d6265aff-GrpcLogAppender: appendEntries Timeout, request=fa69ee7c-0798-4ff8-b468-99ad50c0848e->7dacd8a8-dd8d-4754-a701-fe48d6265aff#73-t1, previous=(t:1, i:13), leaderCommit=6, initializing? false, entries: <empty>
2019-09-17 07:59:49,014 [java.util.concurrent.ThreadPoolExecutor$Worker@2149b9c7[State = -1, empty queue]] WARN  server.GrpcLogAppender (GrpcLogAppender.java:timeoutAppendRequest(200)) - fa69ee7c-0798-4ff8-b468-99ad50c0848e@group-9D95763EF4C0->e5fde6a0-3418-4bd7-b263-40da0cf228f6-GrpcLogAppender: appendEntries Timeout, request=fa69ee7c-0798-4ff8-b468-99ad50c0848e->e5fde6a0-3418-4bd7-b263-40da0cf228f6#73-t1, previous=(t:1, i:13), leaderCommit=6, initializing? false, entries: <empty>
2019-09-17 07:59:49,484 [EventQueue-PipelineActionsForPipelineActionHandler] ERROR pipeline.PipelineActionHandler (PipelineActionHandler.java:onMessage(60)) - Received pipeline action CLOSE for Pipeline[ Id: 10cd0ac1-6bf1-4cef-a5bc-9d95763ef4c0, Nodes: 7dacd8a8-dd8d-4754-a701-fe48d6265aff{ip: 192.168.151.112, host: pr-hdds-2134-72wlk-3981800394, networkLocation: /default-rack, certSerialId: null}fa69ee7c-0798-4ff8-b468-99ad50c0848e{ip: 192.168.151.112, host: pr-hdds-2134-72wlk-3981800394, networkLocation: /default-rack, certSerialId: null}e5fde6a0-3418-4bd7-b263-40da0cf228f6{ip: 192.168.151.112, host: pr-hdds-2134-72wlk-3981800394, networkLocation: /default-rack, certSerialId: null}, Type:RATIS, Factor:THREE, State:CLOSED] from datanode fa69ee7c-0798-4ff8-b468-99ad50c0848e{ip: 192.168.151.112, host: pr-hdds-2134-72wlk-3981800394, networkLocation: /default-rack, certSerialId: null}. Reason : fa69ee7c-0798-4ff8-b468-99ad50c0848e has not seen follower/s e5fde6a0-3418-4bd7-b263-40da0cf228f6 for 147379ms 7dacd8a8-dd8d-4754-a701-fe48d6265aff for 147381ms
2019-09-17 07:59:49,485 [EventQueue-PipelineActionsForPipelineActionHandler] INFO  pipeline.SCMPipelineManager (SCMPipelineManager.java:finalizeAndDestroyPipeline(311)) - destroying pipeline:Pipeline[ Id: 10cd0ac1-6bf1-4cef-a5bc-9d95763ef4c0, Nodes: 7dacd8a8-dd8d-4754-a701-fe48d6265aff{ip: 192.168.151.112, host: pr-hdds-2134-72wlk-3981800394, networkLocation: /default-rack, certSerialId: null}fa69ee7c-0798-4ff8-b468-99ad50c0848e{ip: 192.168.151.112, host: pr-hdds-2134-72wlk-3981800394, networkLocation: /default-rack, certSerialId: null}e5fde6a0-3418-4bd7-b263-40da0cf228f6{ip: 192.168.151.112, host: pr-hdds-2134-72wlk-3981800394, networkLocation: /default-rack, certSerialId: null}, Type:RATIS, Factor:THREE, State:CLOSED]
2019-09-17 07:59:51,001 [org.apache.ratis.server.impl.LogAppender$AppenderDaemon$$Lambda$507/852818368@2f10a133] ERROR ratis.XceiverServerRatis (XceiverServerRatis.java:triggerPipelineClose(575)) - pipeline Action CLOSE  on pipeline PipelineID=10cd0ac1-6bf1-4cef-a5bc-9d95763ef4c0.Reason : fa69ee7c-0798-4ff8-b468-99ad50c0848e has not seen follower/s e5fde6a0-3418-4bd7-b263-40da0cf228f6 for 149880ms 7dacd8a8-dd8d-4754-a701-fe48d6265aff for 149882ms
2019-09-17 07:59:51,016 [org.apache.ratis.server.impl.LogAppender$AppenderDaemon$$Lambda$507/852818368@3dd6e51d] ERROR ratis.XceiverServerRatis (XceiverServerRatis.java:triggerPipelineClose(575)) - pipeline Action CLOSE  on pipeline PipelineID=10cd0ac1-6bf1-4cef-a5bc-9d95763ef4c0.Reason : fa69ee7c-0798-4ff8-b468-99ad50c0848e has not seen follower/s e5fde6a0-3418-4bd7-b263-40da0cf228f6 for 149894ms 7dacd8a8-dd8d-4754-a701-fe48d6265aff for 149896ms
2019-09-17 07:59:51,485 [EventQueue-PipelineActionsForPipelineActionHandler] ERROR pipeline.PipelineActionHandler (PipelineActionHandler.java:onMessage(60)) - Received pipeline action CLOSE for Pipeline[ Id: 10cd0ac1-6bf1-4cef-a5bc-9d95763ef4c0, Nodes: 7dacd8a8-dd8d-4754-a701-fe48d6265aff{ip: 192.168.151.112, host: pr-hdds-2134-72wlk-3981800394, networkLocation: /default-rack, certSerialId: null}fa69ee7c-0798-4ff8-b468-99ad50c0848e{ip: 192.168.151.112, host: pr-hdds-2134-72wlk-3981800394, networkLocation: /default-rack, certSerialId: null}e5fde6a0-3418-4bd7-b263-40da0cf228f6{ip: 192.168.151.112, host: pr-hdds-2134-72wlk-3981800394, networkLocation: /default-rack, certSerialId: null}, Type:RATIS, Factor:THREE, State:CLOSED] from datanode fa69ee7c-0798-4ff8-b468-99ad50c0848e{ip: 192.168.151.112, host: pr-hdds-2134-72wlk-3981800394, networkLocation: /default-rack, certSerialId: null}. Reason : fa69ee7c-0798-4ff8-b468-99ad50c0848e has not seen follower/s e5fde6a0-3418-4bd7-b263-40da0cf228f6 for 149880ms 7dacd8a8-dd8d-4754-a701-fe48d6265aff for 149882ms
2019-09-17 07:59:51,486 [EventQueue-PipelineActionsForPipelineActionHandler] INFO  pipeline.SCMPipelineManager (SCMPipelineManager.java:finalizeAndDestroyPipeline(311)) - destroying pipeline:Pipeline[ Id: 10cd0ac1-6bf1-4cef-a5bc-9d95763ef4c0, Nodes: 7dacd8a8-dd8d-4754-a701-fe48d6265aff{ip: 192.168.151.112, host: pr-hdds-2134-72wlk-3981800394, networkLocation: /default-rack, certSerialId: null}fa69ee7c-0798-4ff8-b468-99ad50c0848e{ip: 192.168.151.112, host: pr-hdds-2134-72wlk-3981800394, networkLocation: /default-rack, certSerialId: null}e5fde6a0-3418-4bd7-b263-40da0cf228f6{ip: 192.168.151.112, host: pr-hdds-2134-72wlk-3981800394, networkLocation: /default-rack, certSerialId: null}, Type:RATIS, Factor:THREE, State:CLOSED]
2019-09-17 07:59:51,501 [java.util.concurrent.ThreadPoolExecutor$Worker@4ccc1ceb[State = -1, empty queue]] WARN  server.GrpcLogAppender (GrpcLogAppender.java:timeoutAppendRequest(200)) - fa69ee7c-0798-4ff8-b468-99ad50c0848e@group-9D95763EF4C0->7dacd8a8-dd8d-4754-a701-fe48d6265aff-GrpcLogAppender: appendEntries Timeout, request=fa69ee7c-0798-4ff8-b468-99ad50c0848e->7dacd8a8-dd8d-4754-a701-fe48d6265aff#74-t1, previous=(t:1, i:13), leaderCommit=6, initializing? false, entries: <empty>
2019-09-17 07:59:51,515 [java.util.concurrent.ThreadPoolExecutor$Worker@2149b9c7[State = -1, empty queue]] WARN  server.GrpcLogAppender (GrpcLogAppender.java:timeoutAppendRequest(200)) - fa69ee7c-0798-4ff8-b468-99ad50c0848e@group-9D95763EF4C0->e5fde6a0-3418-4bd7-b263-40da0cf228f6-GrpcLogAppender: appendEntries Timeout, request=fa69ee7c-0798-4ff8-b468-99ad50c0848e->e5fde6a0-3418-4bd7-b263-40da0cf228f6#74-t1, previous=(t:1, i:13), leaderCommit=6, initializing? false, entries: <empty>
2019-09-17 07:59:51,521 [e5fde6a0-3418-4bd7-b263-40da0cf228f6@group-9D95763EF4C0-SegmentedRaftLogWorker] WARN  segmented.SegmentedRaftLogWorker (SegmentedRaftLogWorker.java:getFromFuture(90)) - Timeout 14/~
org.apache.ratis.protocol.TimeoutIOException: Timeout 10s: WriteLog:8: (t:1, i:8), STATEMACHINELOGENTRY, client-77AE72837E11, cid=25-writeStateMachineData
	at org.apache.ratis.util.IOUtils.getFromFuture(IOUtils.java:87)
	at org.apache.ratis.server.raftlog.segmented.SegmentedRaftLogWorker$StateMachineDataPolicy.getFromFuture(SegmentedRaftLogWorker.java:87)
	at org.apache.ratis.server.raftlog.segmented.SegmentedRaftLogWorker$WriteLog.execute(SegmentedRaftLogWorker.java:477)
	at org.apache.ratis.server.raftlog.segmented.SegmentedRaftLogWorker.run(SegmentedRaftLogWorker.java:289)
	at java.lang.Thread.run(Thread.java:748)
Caused by: java.util.concurrent.TimeoutException
	at java.util.concurrent.CompletableFuture.timedGet(CompletableFuture.java:1771)
	at java.util.concurrent.CompletableFuture.get(CompletableFuture.java:1915)
	at org.apache.ratis.util.IOUtils.getFromFuture(IOUtils.java:79)
	... 4 more
2019-09-17 07:59:51,522 [7dacd8a8-dd8d-4754-a701-fe48d6265aff@group-9D95763EF4C0-SegmentedRaftLogWorker] WARN  segmented.SegmentedRaftLogWorker (SegmentedRaftLogWorker.java:getFromFuture(90)) - Timeout 14/~
org.apache.ratis.protocol.TimeoutIOException: Timeout 10s: WriteLog:8: (t:1, i:8), STATEMACHINELOGENTRY, client-77AE72837E11, cid=25-writeStateMachineData
	at org.apache.ratis.util.IOUtils.getFromFuture(IOUtils.java:87)
	at org.apache.ratis.server.raftlog.segmented.SegmentedRaftLogWorker$StateMachineDataPolicy.getFromFuture(SegmentedRaftLogWorker.java:87)
	at org.apache.ratis.server.raftlog.segmented.SegmentedRaftLogWorker$WriteLog.execute(SegmentedRaftLogWorker.java:477)
	at org.apache.ratis.server.raftlog.segmented.SegmentedRaftLogWorker.run(SegmentedRaftLogWorker.java:289)
	at java.lang.Thread.run(Thread.java:748)
Caused by: java.util.concurrent.TimeoutException
	at java.util.concurrent.CompletableFuture.timedGet(CompletableFuture.java:1771)
	at java.util.concurrent.CompletableFuture.get(CompletableFuture.java:1915)
	at org.apache.ratis.util.IOUtils.getFromFuture(IOUtils.java:79)
	... 4 more
2019-09-17 07:59:51,522 [fa69ee7c-0798-4ff8-b468-99ad50c0848e@group-9D95763EF4C0-SegmentedRaftLogWorker] WARN  segmented.SegmentedRaftLogWorker (SegmentedRaftLogWorker.java:getFromFuture(90)) - Timeout 14/~
org.apache.ratis.protocol.TimeoutIOException: Timeout 10s: WriteLog:8: (t:1, i:8), STATEMACHINELOGENTRY, client-77AE72837E11, cid=25-writeStateMachineData
	at org.apache.ratis.util.IOUtils.getFromFuture(IOUtils.java:87)
	at org.apache.ratis.server.raftlog.segmented.SegmentedRaftLogWorker$StateMachineDataPolicy.getFromFuture(SegmentedRaftLogWorker.java:87)
	at org.apache.ratis.server.raftlog.segmented.SegmentedRaftLogWorker$WriteLog.execute(SegmentedRaftLogWorker.java:477)
	at org.apache.ratis.server.raftlog.segmented.SegmentedRaftLogWorker.run(SegmentedRaftLogWorker.java:289)
	at java.lang.Thread.run(Thread.java:748)
Caused by: java.util.concurrent.TimeoutException
	at java.util.concurrent.CompletableFuture.timedGet(CompletableFuture.java:1771)
	at java.util.concurrent.CompletableFuture.get(CompletableFuture.java:1915)
	at org.apache.ratis.util.IOUtils.getFromFuture(IOUtils.java:79)
	... 4 more
2019-09-17 07:59:53,097 [grpc-default-executor-3] INFO  client.GrpcClientProtocolClient (GrpcClientProtocolClient.java:onNext(264)) - client-77AE72837E11->7dacd8a8-dd8d-4754-a701-fe48d6265aff: receive RaftClientReply:client-77AE72837E11->7dacd8a8-dd8d-4754-a701-fe48d6265aff@group-9D95763EF4C0, cid=24, FAILED org.apache.ratis.protocol.NotLeaderException: Server 7dacd8a8-dd8d-4754-a701-fe48d6265aff@group-9D95763EF4C0 is not the leader fa69ee7c-0798-4ff8-b468-99ad50c0848e:192.168.151.112:42872, logIndex=0, commits[7dacd8a8-dd8d-4754-a701-fe48d6265aff:c6, fa69ee7c-0798-4ff8-b468-99ad50c0848e:c6, e5fde6a0-3418-4bd7-b263-40da0cf228f6:c4]
2019-09-17 07:59:53,504 [org.apache.ratis.server.impl.LogAppender$AppenderDaemon$$Lambda$507/852818368@2f10a133] ERROR ratis.XceiverServerRatis (XceiverServerRatis.java:triggerPipelineClose(575)) - pipeline Action CLOSE  on pipeline PipelineID=10cd0ac1-6bf1-4cef-a5bc-9d95763ef4c0.Reason : fa69ee7c-0798-4ff8-b468-99ad50c0848e has not seen follower/s e5fde6a0-3418-4bd7-b263-40da0cf228f6 for 152382ms 7dacd8a8-dd8d-4754-a701-fe48d6265aff for 152384ms
2019-09-17 07:59:53,517 [org.apache.ratis.server.impl.LogAppender$AppenderDaemon$$Lambda$507/852818368@3dd6e51d] ERROR ratis.XceiverServerRatis (XceiverServerRatis.java:triggerPipelineClose(575)) - pipeline Action CLOSE  on pipeline PipelineID=10cd0ac1-6bf1-4cef-a5bc-9d95763ef4c0.Reason : fa69ee7c-0798-4ff8-b468-99ad50c0848e has not seen follower/s e5fde6a0-3418-4bd7-b263-40da0cf228f6 for 152395ms 7dacd8a8-dd8d-4754-a701-fe48d6265aff for 152397ms
2019-09-17 07:59:54,001 [java.util.concurrent.ThreadPoolExecutor$Worker@4ccc1ceb[State = -1, empty queue]] WARN  server.GrpcLogAppender (GrpcLogAppender.java:timeoutAppendRequest(200)) - fa69ee7c-0798-4ff8-b468-99ad50c0848e@group-9D95763EF4C0->7dacd8a8-dd8d-4754-a701-fe48d6265aff-GrpcLogAppender: appendEntries Timeout, request=fa69ee7c-0798-4ff8-b468-99ad50c0848e->7dacd8a8-dd8d-4754-a701-fe48d6265aff#75-t1, previous=(t:1, i:13), leaderCommit=6, initializing? false, entries: <empty>
2019-09-17 07:59:54,016 [java.util.concurrent.ThreadPoolExecutor$Worker@2149b9c7[State = -1, empty queue]] WARN  server.GrpcLogAppender (GrpcLogAppender.java:timeoutAppendRequest(200)) - fa69ee7c-0798-4ff8-b468-99ad50c0848e@group-9D95763EF4C0->e5fde6a0-3418-4bd7-b263-40da0cf228f6-GrpcLogAppender: appendEntries Timeout, request=fa69ee7c-0798-4ff8-b468-99ad50c0848e->e5fde6a0-3418-4bd7-b263-40da0cf228f6#75-t1, previous=(t:1, i:13), leaderCommit=6, initializing? false, entries: <empty>
2019-09-17 07:59:54,485 [EventQueue-PipelineActionsForPipelineActionHandler] ERROR pipeline.PipelineActionHandler (PipelineActionHandler.java:onMessage(60)) - Received pipeline action CLOSE for Pipeline[ Id: 10cd0ac1-6bf1-4cef-a5bc-9d95763ef4c0, Nodes: 7dacd8a8-dd8d-4754-a701-fe48d6265aff{ip: 192.168.151.112, host: pr-hdds-2134-72wlk-3981800394, networkLocation: /default-rack, certSerialId: null}fa69ee7c-0798-4ff8-b468-99ad50c0848e{ip: 192.168.151.112, host: pr-hdds-2134-72wlk-3981800394, networkLocation: /default-rack, certSerialId: null}e5fde6a0-3418-4bd7-b263-40da0cf228f6{ip: 192.168.151.112, host: pr-hdds-2134-72wlk-3981800394, networkLocation: /default-rack, certSerialId: null}, Type:RATIS, Factor:THREE, State:CLOSED] from datanode fa69ee7c-0798-4ff8-b468-99ad50c0848e{ip: 192.168.151.112, host: pr-hdds-2134-72wlk-3981800394, networkLocation: /default-rack, certSerialId: null}. Reason : fa69ee7c-0798-4ff8-b468-99ad50c0848e has not seen follower/s e5fde6a0-3418-4bd7-b263-40da0cf228f6 for 152382ms 7dacd8a8-dd8d-4754-a701-fe48d6265aff for 152384ms
2019-09-17 07:59:54,485 [EventQueue-PipelineActionsForPipelineActionHandler] INFO  pipeline.SCMPipelineManager (SCMPipelineManager.java:finalizeAndDestroyPipeline(311)) - destroying pipeline:Pipeline[ Id: 10cd0ac1-6bf1-4cef-a5bc-9d95763ef4c0, Nodes: 7dacd8a8-dd8d-4754-a701-fe48d6265aff{ip: 192.168.151.112, host: pr-hdds-2134-72wlk-3981800394, networkLocation: /default-rack, certSerialId: null}fa69ee7c-0798-4ff8-b468-99ad50c0848e{ip: 192.168.151.112, host: pr-hdds-2134-72wlk-3981800394, networkLocation: /default-rack, certSerialId: null}e5fde6a0-3418-4bd7-b263-40da0cf228f6{ip: 192.168.151.112, host: pr-hdds-2134-72wlk-3981800394, networkLocation: /default-rack, certSerialId: null}, Type:RATIS, Factor:THREE, State:CLOSED]
2019-09-17 07:59:56,005 [org.apache.ratis.server.impl.LogAppender$AppenderDaemon$$Lambda$507/852818368@2f10a133] ERROR ratis.XceiverServerRatis (XceiverServerRatis.java:triggerPipelineClose(575)) - pipeline Action CLOSE  on pipeline PipelineID=10cd0ac1-6bf1-4cef-a5bc-9d95763ef4c0.Reason : fa69ee7c-0798-4ff8-b468-99ad50c0848e has not seen follower/s e5fde6a0-3418-4bd7-b263-40da0cf228f6 for 154883ms 7dacd8a8-dd8d-4754-a701-fe48d6265aff for 154885ms
2019-09-17 07:59:56,018 [org.apache.ratis.server.impl.LogAppender$AppenderDaemon$$Lambda$507/852818368@3dd6e51d] ERROR ratis.XceiverServerRatis (XceiverServerRatis.java:triggerPipelineClose(575)) - pipeline Action CLOSE  on pipeline PipelineID=10cd0ac1-6bf1-4cef-a5bc-9d95763ef4c0.Reason : fa69ee7c-0798-4ff8-b468-99ad50c0848e has not seen follower/s e5fde6a0-3418-4bd7-b263-40da0cf228f6 for 154896ms 7dacd8a8-dd8d-4754-a701-fe48d6265aff for 154898ms
2019-09-17 07:59:56,484 [EventQueue-PipelineActionsForPipelineActionHandler] ERROR pipeline.PipelineActionHandler (PipelineActionHandler.java:onMessage(60)) - Received pipeline action CLOSE for Pipeline[ Id: 10cd0ac1-6bf1-4cef-a5bc-9d95763ef4c0, Nodes: 7dacd8a8-dd8d-4754-a701-fe48d6265aff{ip: 192.168.151.112, host: pr-hdds-2134-72wlk-3981800394, networkLocation: /default-rack, certSerialId: null}fa69ee7c-0798-4ff8-b468-99ad50c0848e{ip: 192.168.151.112, host: pr-hdds-2134-72wlk-3981800394, networkLocation: /default-rack, certSerialId: null}e5fde6a0-3418-4bd7-b263-40da0cf228f6{ip: 192.168.151.112, host: pr-hdds-2134-72wlk-3981800394, networkLocation: /default-rack, certSerialId: null}, Type:RATIS, Factor:THREE, State:CLOSED] from datanode fa69ee7c-0798-4ff8-b468-99ad50c0848e{ip: 192.168.151.112, host: pr-hdds-2134-72wlk-3981800394, networkLocation: /default-rack, certSerialId: null}. Reason : fa69ee7c-0798-4ff8-b468-99ad50c0848e has not seen follower/s e5fde6a0-3418-4bd7-b263-40da0cf228f6 for 154883ms 7dacd8a8-dd8d-4754-a701-fe48d6265aff for 154885ms
2019-09-17 07:59:56,485 [EventQueue-PipelineActionsForPipelineActionHandler] INFO  pipeline.SCMPipelineManager (SCMPipelineManager.java:finalizeAndDestroyPipeline(311)) - destroying pipeline:Pipeline[ Id: 10cd0ac1-6bf1-4cef-a5bc-9d95763ef4c0, Nodes: 7dacd8a8-dd8d-4754-a701-fe48d6265aff{ip: 192.168.151.112, host: pr-hdds-2134-72wlk-3981800394, networkLocation: /default-rack, certSerialId: null}fa69ee7c-0798-4ff8-b468-99ad50c0848e{ip: 192.168.151.112, host: pr-hdds-2134-72wlk-3981800394, networkLocation: /default-rack, certSerialId: null}e5fde6a0-3418-4bd7-b263-40da0cf228f6{ip: 192.168.151.112, host: pr-hdds-2134-72wlk-3981800394, networkLocation: /default-rack, certSerialId: null}, Type:RATIS, Factor:THREE, State:CLOSED]
2019-09-17 07:59:56,503 [java.util.concurrent.ThreadPoolExecutor$Worker@4ccc1ceb[State = -1, empty queue]] WARN  server.GrpcLogAppender (GrpcLogAppender.java:timeoutAppendRequest(200)) - fa69ee7c-0798-4ff8-b468-99ad50c0848e@group-9D95763EF4C0->7dacd8a8-dd8d-4754-a701-fe48d6265aff-GrpcLogAppender: appendEntries Timeout, request=fa69ee7c-0798-4ff8-b468-99ad50c0848e->7dacd8a8-dd8d-4754-a701-fe48d6265aff#76-t1, previous=(t:1, i:13), leaderCommit=6, initializing? false, entries: <empty>
2019-09-17 07:59:56,517 [java.util.concurrent.ThreadPoolExecutor$Worker@2149b9c7[State = -1, empty queue]] WARN  server.GrpcLogAppender (GrpcLogAppender.java:timeoutAppendRequest(200)) - fa69ee7c-0798-4ff8-b468-99ad50c0848e@group-9D95763EF4C0->e5fde6a0-3418-4bd7-b263-40da0cf228f6-GrpcLogAppender: appendEntries Timeout, request=fa69ee7c-0798-4ff8-b468-99ad50c0848e->e5fde6a0-3418-4bd7-b263-40da0cf228f6#76-t1, previous=(t:1, i:13), leaderCommit=6, initializing? false, entries: <empty>
2019-09-17 07:59:58,141 [grpc-default-executor-3] INFO  client.GrpcClientProtocolClient (GrpcClientProtocolClient.java:onNext(264)) - client-77AE72837E11->7dacd8a8-dd8d-4754-a701-fe48d6265aff: receive RaftClientReply:client-77AE72837E11->7dacd8a8-dd8d-4754-a701-fe48d6265aff@group-9D95763EF4C0, cid=24, FAILED org.apache.ratis.protocol.NotLeaderException: Server 7dacd8a8-dd8d-4754-a701-fe48d6265aff@group-9D95763EF4C0 is not the leader fa69ee7c-0798-4ff8-b468-99ad50c0848e:192.168.151.112:42872, logIndex=0, commits[7dacd8a8-dd8d-4754-a701-fe48d6265aff:c6, fa69ee7c-0798-4ff8-b468-99ad50c0848e:c6, e5fde6a0-3418-4bd7-b263-40da0cf228f6:c4]
2019-09-17 07:59:58,506 [org.apache.ratis.server.impl.LogAppender$AppenderDaemon$$Lambda$507/852818368@2f10a133] ERROR ratis.XceiverServerRatis (XceiverServerRatis.java:triggerPipelineClose(575)) - pipeline Action CLOSE  on pipeline PipelineID=10cd0ac1-6bf1-4cef-a5bc-9d95763ef4c0.Reason : fa69ee7c-0798-4ff8-b468-99ad50c0848e has not seen follower/s e5fde6a0-3418-4bd7-b263-40da0cf228f6 for 157384ms 7dacd8a8-dd8d-4754-a701-fe48d6265aff for 157386ms
2019-09-17 07:59:58,518 [org.apache.ratis.server.impl.LogAppender$AppenderDaemon$$Lambda$507/852818368@3dd6e51d] ERROR ratis.XceiverServerRatis (XceiverServerRatis.java:triggerPipelineClose(575)) - pipeline Action CLOSE  on pipeline PipelineID=10cd0ac1-6bf1-4cef-a5bc-9d95763ef4c0.Reason : fa69ee7c-0798-4ff8-b468-99ad50c0848e has not seen follower/s e5fde6a0-3418-4bd7-b263-40da0cf228f6 for 157397ms 7dacd8a8-dd8d-4754-a701-fe48d6265aff for 157399ms
2019-09-17 07:59:59,005 [java.util.concurrent.ThreadPoolExecutor$Worker@4ccc1ceb[State = -1, empty queue]] WARN  server.GrpcLogAppender (GrpcLogAppender.java:timeoutAppendRequest(200)) - fa69ee7c-0798-4ff8-b468-99ad50c0848e@group-9D95763EF4C0->7dacd8a8-dd8d-4754-a701-fe48d6265aff-GrpcLogAppender: appendEntries Timeout, request=fa69ee7c-0798-4ff8-b468-99ad50c0848e->7dacd8a8-dd8d-4754-a701-fe48d6265aff#77-t1, previous=(t:1, i:13), leaderCommit=6, initializing? false, entries: <empty>
2019-09-17 07:59:59,018 [java.util.concurrent.ThreadPoolExecutor$Worker@2149b9c7[State = -1, empty queue]] WARN  server.GrpcLogAppender (GrpcLogAppender.java:timeoutAppendRequest(200)) - fa69ee7c-0798-4ff8-b468-99ad50c0848e@group-9D95763EF4C0->e5fde6a0-3418-4bd7-b263-40da0cf228f6-GrpcLogAppender: appendEntries Timeout, request=fa69ee7c-0798-4ff8-b468-99ad50c0848e->e5fde6a0-3418-4bd7-b263-40da0cf228f6#77-t1, previous=(t:1, i:13), leaderCommit=6, initializing? false, entries: <empty>
2019-09-17 07:59:59,485 [EventQueue-PipelineActionsForPipelineActionHandler] ERROR pipeline.PipelineActionHandler (PipelineActionHandler.java:onMessage(60)) - Received pipeline action CLOSE for Pipeline[ Id: 10cd0ac1-6bf1-4cef-a5bc-9d95763ef4c0, Nodes: 7dacd8a8-dd8d-4754-a701-fe48d6265aff{ip: 192.168.151.112, host: pr-hdds-2134-72wlk-3981800394, networkLocation: /default-rack, certSerialId: null}fa69ee7c-0798-4ff8-b468-99ad50c0848e{ip: 192.168.151.112, host: pr-hdds-2134-72wlk-3981800394, networkLocation: /default-rack, certSerialId: null}e5fde6a0-3418-4bd7-b263-40da0cf228f6{ip: 192.168.151.112, host: pr-hdds-2134-72wlk-3981800394, networkLocation: /default-rack, certSerialId: null}, Type:RATIS, Factor:THREE, State:CLOSED] from datanode fa69ee7c-0798-4ff8-b468-99ad50c0848e{ip: 192.168.151.112, host: pr-hdds-2134-72wlk-3981800394, networkLocation: /default-rack, certSerialId: null}. Reason : fa69ee7c-0798-4ff8-b468-99ad50c0848e has not seen follower/s e5fde6a0-3418-4bd7-b263-40da0cf228f6 for 157384ms 7dacd8a8-dd8d-4754-a701-fe48d6265aff for 157386ms
2019-09-17 07:59:59,485 [EventQueue-PipelineActionsForPipelineActionHandler] INFO  pipeline.SCMPipelineManager (SCMPipelineManager.java:finalizeAndDestroyPipeline(311)) - destroying pipeline:Pipeline[ Id: 10cd0ac1-6bf1-4cef-a5bc-9d95763ef4c0, Nodes: 7dacd8a8-dd8d-4754-a701-fe48d6265aff{ip: 192.168.151.112, host: pr-hdds-2134-72wlk-3981800394, networkLocation: /default-rack, certSerialId: null}fa69ee7c-0798-4ff8-b468-99ad50c0848e{ip: 192.168.151.112, host: pr-hdds-2134-72wlk-3981800394, networkLocation: /default-rack, certSerialId: null}e5fde6a0-3418-4bd7-b263-40da0cf228f6{ip: 192.168.151.112, host: pr-hdds-2134-72wlk-3981800394, networkLocation: /default-rack, certSerialId: null}, Type:RATIS, Factor:THREE, State:CLOSED]
2019-09-17 08:00:01,006 [org.apache.ratis.server.impl.LogAppender$AppenderDaemon$$Lambda$507/852818368@2f10a133] ERROR ratis.XceiverServerRatis (XceiverServerRatis.java:triggerPipelineClose(575)) - pipeline Action CLOSE  on pipeline PipelineID=10cd0ac1-6bf1-4cef-a5bc-9d95763ef4c0.Reason : fa69ee7c-0798-4ff8-b468-99ad50c0848e has not seen follower/s e5fde6a0-3418-4bd7-b263-40da0cf228f6 for 159885ms 7dacd8a8-dd8d-4754-a701-fe48d6265aff for 159887ms
2019-09-17 08:00:01,019 [org.apache.ratis.server.impl.LogAppender$AppenderDaemon$$Lambda$507/852818368@3dd6e51d] ERROR ratis.XceiverServerRatis (XceiverServerRatis.java:triggerPipelineClose(575)) - pipeline Action CLOSE  on pipeline PipelineID=10cd0ac1-6bf1-4cef-a5bc-9d95763ef4c0.Reason : fa69ee7c-0798-4ff8-b468-99ad50c0848e has not seen follower/s e5fde6a0-3418-4bd7-b263-40da0cf228f6 for 159897ms 7dacd8a8-dd8d-4754-a701-fe48d6265aff for 159899ms
2019-09-17 08:00:01,485 [EventQueue-PipelineActionsForPipelineActionHandler] ERROR pipeline.PipelineActionHandler (PipelineActionHandler.java:onMessage(60)) - Received pipeline action CLOSE for Pipeline[ Id: 10cd0ac1-6bf1-4cef-a5bc-9d95763ef4c0, Nodes: 7dacd8a8-dd8d-4754-a701-fe48d6265aff{ip: 192.168.151.112, host: pr-hdds-2134-72wlk-3981800394, networkLocation: /default-rack, certSerialId: null}fa69ee7c-0798-4ff8-b468-99ad50c0848e{ip: 192.168.151.112, host: pr-hdds-2134-72wlk-3981800394, networkLocation: /default-rack, certSerialId: null}e5fde6a0-3418-4bd7-b263-40da0cf228f6{ip: 192.168.151.112, host: pr-hdds-2134-72wlk-3981800394, networkLocation: /default-rack, certSerialId: null}, Type:RATIS, Factor:THREE, State:CLOSED] from datanode fa69ee7c-0798-4ff8-b468-99ad50c0848e{ip: 192.168.151.112, host: pr-hdds-2134-72wlk-3981800394, networkLocation: /default-rack, certSerialId: null}. Reason : fa69ee7c-0798-4ff8-b468-99ad50c0848e has not seen follower/s e5fde6a0-3418-4bd7-b263-40da0cf228f6 for 159885ms 7dacd8a8-dd8d-4754-a701-fe48d6265aff for 159887ms
2019-09-17 08:00:01,485 [EventQueue-PipelineActionsForPipelineActionHandler] INFO  pipeline.SCMPipelineManager (SCMPipelineManager.java:finalizeAndDestroyPipeline(311)) - destroying pipeline:Pipeline[ Id: 10cd0ac1-6bf1-4cef-a5bc-9d95763ef4c0, Nodes: 7dacd8a8-dd8d-4754-a701-fe48d6265aff{ip: 192.168.151.112, host: pr-hdds-2134-72wlk-3981800394, networkLocation: /default-rack, certSerialId: null}fa69ee7c-0798-4ff8-b468-99ad50c0848e{ip: 192.168.151.112, host: pr-hdds-2134-72wlk-3981800394, networkLocation: /default-rack, certSerialId: null}e5fde6a0-3418-4bd7-b263-40da0cf228f6{ip: 192.168.151.112, host: pr-hdds-2134-72wlk-3981800394, networkLocation: /default-rack, certSerialId: null}, Type:RATIS, Factor:THREE, State:CLOSED]
2019-09-17 08:00:01,506 [java.util.concurrent.ThreadPoolExecutor$Worker@4ccc1ceb[State = -1, empty queue]] WARN  server.GrpcLogAppender (GrpcLogAppender.java:timeoutAppendRequest(200)) - fa69ee7c-0798-4ff8-b468-99ad50c0848e@group-9D95763EF4C0->7dacd8a8-dd8d-4754-a701-fe48d6265aff-GrpcLogAppender: appendEntries Timeout, request=fa69ee7c-0798-4ff8-b468-99ad50c0848e->7dacd8a8-dd8d-4754-a701-fe48d6265aff#78-t1, previous=(t:1, i:13), leaderCommit=6, initializing? false, entries: <empty>
2019-09-17 08:00:01,518 [java.util.concurrent.ThreadPoolExecutor$Worker@2149b9c7[State = -1, empty queue]] WARN  server.GrpcLogAppender (GrpcLogAppender.java:timeoutAppendRequest(200)) - fa69ee7c-0798-4ff8-b468-99ad50c0848e@group-9D95763EF4C0->e5fde6a0-3418-4bd7-b263-40da0cf228f6-GrpcLogAppender: appendEntries Timeout, request=fa69ee7c-0798-4ff8-b468-99ad50c0848e->e5fde6a0-3418-4bd7-b263-40da0cf228f6#78-t1, previous=(t:1, i:13), leaderCommit=6, initializing? false, entries: <empty>
2019-09-17 08:00:01,522 [e5fde6a0-3418-4bd7-b263-40da0cf228f6@group-9D95763EF4C0-SegmentedRaftLogWorker] WARN  segmented.SegmentedRaftLogWorker (SegmentedRaftLogWorker.java:getFromFuture(90)) - Timeout 15/~
org.apache.ratis.protocol.TimeoutIOException: Timeout 10s: WriteLog:8: (t:1, i:8), STATEMACHINELOGENTRY, client-77AE72837E11, cid=25-writeStateMachineData
	at org.apache.ratis.util.IOUtils.getFromFuture(IOUtils.java:87)
	at org.apache.ratis.server.raftlog.segmented.SegmentedRaftLogWorker$StateMachineDataPolicy.getFromFuture(SegmentedRaftLogWorker.java:87)
	at org.apache.ratis.server.raftlog.segmented.SegmentedRaftLogWorker$WriteLog.execute(SegmentedRaftLogWorker.java:477)
	at org.apache.ratis.server.raftlog.segmented.SegmentedRaftLogWorker.run(SegmentedRaftLogWorker.java:289)
	at java.lang.Thread.run(Thread.java:748)
Caused by: java.util.concurrent.TimeoutException
	at java.util.concurrent.CompletableFuture.timedGet(CompletableFuture.java:1771)
	at java.util.concurrent.CompletableFuture.get(CompletableFuture.java:1915)
	at org.apache.ratis.util.IOUtils.getFromFuture(IOUtils.java:79)
	... 4 more
2019-09-17 08:00:01,523 [7dacd8a8-dd8d-4754-a701-fe48d6265aff@group-9D95763EF4C0-SegmentedRaftLogWorker] WARN  segmented.SegmentedRaftLogWorker (SegmentedRaftLogWorker.java:getFromFuture(90)) - Timeout 15/~
org.apache.ratis.protocol.TimeoutIOException: Timeout 10s: WriteLog:8: (t:1, i:8), STATEMACHINELOGENTRY, client-77AE72837E11, cid=25-writeStateMachineData
	at org.apache.ratis.util.IOUtils.getFromFuture(IOUtils.java:87)
	at org.apache.ratis.server.raftlog.segmented.SegmentedRaftLogWorker$StateMachineDataPolicy.getFromFuture(SegmentedRaftLogWorker.java:87)
	at org.apache.ratis.server.raftlog.segmented.SegmentedRaftLogWorker$WriteLog.execute(SegmentedRaftLogWorker.java:477)
	at org.apache.ratis.server.raftlog.segmented.SegmentedRaftLogWorker.run(SegmentedRaftLogWorker.java:289)
	at java.lang.Thread.run(Thread.java:748)
Caused by: java.util.concurrent.TimeoutException
	at java.util.concurrent.CompletableFuture.timedGet(CompletableFuture.java:1771)
	at java.util.concurrent.CompletableFuture.get(CompletableFuture.java:1915)
	at org.apache.ratis.util.IOUtils.getFromFuture(IOUtils.java:79)
	... 4 more
2019-09-17 08:00:01,543 [fa69ee7c-0798-4ff8-b468-99ad50c0848e@group-9D95763EF4C0-SegmentedRaftLogWorker] WARN  segmented.SegmentedRaftLogWorker (SegmentedRaftLogWorker.java:getFromFuture(90)) - Timeout 15/~
org.apache.ratis.protocol.TimeoutIOException: Timeout 10s: WriteLog:8: (t:1, i:8), STATEMACHINELOGENTRY, client-77AE72837E11, cid=25-writeStateMachineData
	at org.apache.ratis.util.IOUtils.getFromFuture(IOUtils.java:87)
	at org.apache.ratis.server.raftlog.segmented.SegmentedRaftLogWorker$StateMachineDataPolicy.getFromFuture(SegmentedRaftLogWorker.java:87)
	at org.apache.ratis.server.raftlog.segmented.SegmentedRaftLogWorker$WriteLog.execute(SegmentedRaftLogWorker.java:477)
	at org.apache.ratis.server.raftlog.segmented.SegmentedRaftLogWorker.run(SegmentedRaftLogWorker.java:289)
	at java.lang.Thread.run(Thread.java:748)
Caused by: java.util.concurrent.TimeoutException
	at java.util.concurrent.CompletableFuture.timedGet(CompletableFuture.java:1771)
	at java.util.concurrent.CompletableFuture.get(CompletableFuture.java:1915)
	at org.apache.ratis.util.IOUtils.getFromFuture(IOUtils.java:79)
	... 4 more
2019-09-17 08:00:03,189 [grpc-default-executor-3] INFO  client.GrpcClientProtocolClient (GrpcClientProtocolClient.java:onNext(264)) - client-77AE72837E11->e5fde6a0-3418-4bd7-b263-40da0cf228f6: receive RaftClientReply:client-77AE72837E11->e5fde6a0-3418-4bd7-b263-40da0cf228f6@group-9D95763EF4C0, cid=24, FAILED org.apache.ratis.protocol.NotLeaderException: Server e5fde6a0-3418-4bd7-b263-40da0cf228f6@group-9D95763EF4C0 is not the leader fa69ee7c-0798-4ff8-b468-99ad50c0848e:192.168.151.112:42872, logIndex=0, commits[e5fde6a0-3418-4bd7-b263-40da0cf228f6:c6, fa69ee7c-0798-4ff8-b468-99ad50c0848e:c6, 7dacd8a8-dd8d-4754-a701-fe48d6265aff:c4]
2019-09-17 08:00:03,507 [org.apache.ratis.server.impl.LogAppender$AppenderDaemon$$Lambda$507/852818368@2f10a133] ERROR ratis.XceiverServerRatis (XceiverServerRatis.java:triggerPipelineClose(575)) - pipeline Action CLOSE  on pipeline PipelineID=10cd0ac1-6bf1-4cef-a5bc-9d95763ef4c0.Reason : fa69ee7c-0798-4ff8-b468-99ad50c0848e has not seen follower/s e5fde6a0-3418-4bd7-b263-40da0cf228f6 for 162386ms 7dacd8a8-dd8d-4754-a701-fe48d6265aff for 162387ms
2019-09-17 08:00:03,520 [org.apache.ratis.server.impl.LogAppender$AppenderDaemon$$Lambda$507/852818368@3dd6e51d] ERROR ratis.XceiverServerRatis (XceiverServerRatis.java:triggerPipelineClose(575)) - pipeline Action CLOSE  on pipeline PipelineID=10cd0ac1-6bf1-4cef-a5bc-9d95763ef4c0.Reason : fa69ee7c-0798-4ff8-b468-99ad50c0848e has not seen follower/s e5fde6a0-3418-4bd7-b263-40da0cf228f6 for 162398ms 7dacd8a8-dd8d-4754-a701-fe48d6265aff for 162400ms
2019-09-17 08:00:04,006 [java.util.concurrent.ThreadPoolExecutor$Worker@4ccc1ceb[State = -1, empty queue]] WARN  server.GrpcLogAppender (GrpcLogAppender.java:timeoutAppendRequest(200)) - fa69ee7c-0798-4ff8-b468-99ad50c0848e@group-9D95763EF4C0->7dacd8a8-dd8d-4754-a701-fe48d6265aff-GrpcLogAppender: appendEntries Timeout, request=fa69ee7c-0798-4ff8-b468-99ad50c0848e->7dacd8a8-dd8d-4754-a701-fe48d6265aff#79-t1, previous=(t:1, i:13), leaderCommit=6, initializing? false, entries: <empty>
2019-09-17 08:00:04,019 [java.util.concurrent.ThreadPoolExecutor$Worker@2149b9c7[State = -1, empty queue]] WARN  server.GrpcLogAppender (GrpcLogAppender.java:timeoutAppendRequest(200)) - fa69ee7c-0798-4ff8-b468-99ad50c0848e@group-9D95763EF4C0->e5fde6a0-3418-4bd7-b263-40da0cf228f6-GrpcLogAppender: appendEntries Timeout, request=fa69ee7c-0798-4ff8-b468-99ad50c0848e->e5fde6a0-3418-4bd7-b263-40da0cf228f6#79-t1, previous=(t:1, i:13), leaderCommit=6, initializing? false, entries: <empty>
2019-09-17 08:00:04,486 [EventQueue-PipelineActionsForPipelineActionHandler] ERROR pipeline.PipelineActionHandler (PipelineActionHandler.java:onMessage(60)) - Received pipeline action CLOSE for Pipeline[ Id: 10cd0ac1-6bf1-4cef-a5bc-9d95763ef4c0, Nodes: 7dacd8a8-dd8d-4754-a701-fe48d6265aff{ip: 192.168.151.112, host: pr-hdds-2134-72wlk-3981800394, networkLocation: /default-rack, certSerialId: null}fa69ee7c-0798-4ff8-b468-99ad50c0848e{ip: 192.168.151.112, host: pr-hdds-2134-72wlk-3981800394, networkLocation: /default-rack, certSerialId: null}e5fde6a0-3418-4bd7-b263-40da0cf228f6{ip: 192.168.151.112, host: pr-hdds-2134-72wlk-3981800394, networkLocation: /default-rack, certSerialId: null}, Type:RATIS, Factor:THREE, State:CLOSED] from datanode fa69ee7c-0798-4ff8-b468-99ad50c0848e{ip: 192.168.151.112, host: pr-hdds-2134-72wlk-3981800394, networkLocation: /default-rack, certSerialId: null}. Reason : fa69ee7c-0798-4ff8-b468-99ad50c0848e has not seen follower/s e5fde6a0-3418-4bd7-b263-40da0cf228f6 for 162386ms 7dacd8a8-dd8d-4754-a701-fe48d6265aff for 162387ms
2019-09-17 08:00:04,486 [EventQueue-PipelineActionsForPipelineActionHandler] INFO  pipeline.SCMPipelineManager (SCMPipelineManager.java:finalizeAndDestroyPipeline(311)) - destroying pipeline:Pipeline[ Id: 10cd0ac1-6bf1-4cef-a5bc-9d95763ef4c0, Nodes: 7dacd8a8-dd8d-4754-a701-fe48d6265aff{ip: 192.168.151.112, host: pr-hdds-2134-72wlk-3981800394, networkLocation: /default-rack, certSerialId: null}fa69ee7c-0798-4ff8-b468-99ad50c0848e{ip: 192.168.151.112, host: pr-hdds-2134-72wlk-3981800394, networkLocation: /default-rack, certSerialId: null}e5fde6a0-3418-4bd7-b263-40da0cf228f6{ip: 192.168.151.112, host: pr-hdds-2134-72wlk-3981800394, networkLocation: /default-rack, certSerialId: null}, Type:RATIS, Factor:THREE, State:CLOSED]
2019-09-17 08:00:06,008 [org.apache.ratis.server.impl.LogAppender$AppenderDaemon$$Lambda$507/852818368@2f10a133] ERROR ratis.XceiverServerRatis (XceiverServerRatis.java:triggerPipelineClose(575)) - pipeline Action CLOSE  on pipeline PipelineID=10cd0ac1-6bf1-4cef-a5bc-9d95763ef4c0.Reason : fa69ee7c-0798-4ff8-b468-99ad50c0848e has not seen follower/s e5fde6a0-3418-4bd7-b263-40da0cf228f6 for 164887ms 7dacd8a8-dd8d-4754-a701-fe48d6265aff for 164888ms
2019-09-17 08:00:06,020 [org.apache.ratis.server.impl.LogAppender$AppenderDaemon$$Lambda$507/852818368@3dd6e51d] ERROR ratis.XceiverServerRatis (XceiverServerRatis.java:triggerPipelineClose(575)) - pipeline Action CLOSE  on pipeline PipelineID=10cd0ac1-6bf1-4cef-a5bc-9d95763ef4c0.Reason : fa69ee7c-0798-4ff8-b468-99ad50c0848e has not seen follower/s e5fde6a0-3418-4bd7-b263-40da0cf228f6 for 164899ms 7dacd8a8-dd8d-4754-a701-fe48d6265aff for 164901ms
2019-09-17 08:00:06,486 [EventQueue-PipelineActionsForPipelineActionHandler] ERROR pipeline.PipelineActionHandler (PipelineActionHandler.java:onMessage(60)) - Received pipeline action CLOSE for Pipeline[ Id: 10cd0ac1-6bf1-4cef-a5bc-9d95763ef4c0, Nodes: 7dacd8a8-dd8d-4754-a701-fe48d6265aff{ip: 192.168.151.112, host: pr-hdds-2134-72wlk-3981800394, networkLocation: /default-rack, certSerialId: null}fa69ee7c-0798-4ff8-b468-99ad50c0848e{ip: 192.168.151.112, host: pr-hdds-2134-72wlk-3981800394, networkLocation: /default-rack, certSerialId: null}e5fde6a0-3418-4bd7-b263-40da0cf228f6{ip: 192.168.151.112, host: pr-hdds-2134-72wlk-3981800394, networkLocation: /default-rack, certSerialId: null}, Type:RATIS, Factor:THREE, State:CLOSED] from datanode fa69ee7c-0798-4ff8-b468-99ad50c0848e{ip: 192.168.151.112, host: pr-hdds-2134-72wlk-3981800394, networkLocation: /default-rack, certSerialId: null}. Reason : fa69ee7c-0798-4ff8-b468-99ad50c0848e has not seen follower/s e5fde6a0-3418-4bd7-b263-40da0cf228f6 for 164887ms 7dacd8a8-dd8d-4754-a701-fe48d6265aff for 164888ms
2019-09-17 08:00:06,486 [EventQueue-PipelineActionsForPipelineActionHandler] INFO  pipeline.SCMPipelineManager (SCMPipelineManager.java:finalizeAndDestroyPipeline(311)) - destroying pipeline:Pipeline[ Id: 10cd0ac1-6bf1-4cef-a5bc-9d95763ef4c0, Nodes: 7dacd8a8-dd8d-4754-a701-fe48d6265aff{ip: 192.168.151.112, host: pr-hdds-2134-72wlk-3981800394, networkLocation: /default-rack, certSerialId: null}fa69ee7c-0798-4ff8-b468-99ad50c0848e{ip: 192.168.151.112, host: pr-hdds-2134-72wlk-3981800394, networkLocation: /default-rack, certSerialId: null}e5fde6a0-3418-4bd7-b263-40da0cf228f6{ip: 192.168.151.112, host: pr-hdds-2134-72wlk-3981800394, networkLocation: /default-rack, certSerialId: null}, Type:RATIS, Factor:THREE, State:CLOSED]
2019-09-17 08:00:06,507 [java.util.concurrent.ThreadPoolExecutor$Worker@4ccc1ceb[State = -1, empty queue]] WARN  server.GrpcLogAppender (GrpcLogAppender.java:timeoutAppendRequest(200)) - fa69ee7c-0798-4ff8-b468-99ad50c0848e@group-9D95763EF4C0->7dacd8a8-dd8d-4754-a701-fe48d6265aff-GrpcLogAppender: appendEntries Timeout, request=fa69ee7c-0798-4ff8-b468-99ad50c0848e->7dacd8a8-dd8d-4754-a701-fe48d6265aff#80-t1, previous=(t:1, i:13), leaderCommit=6, initializing? false, entries: <empty>
2019-09-17 08:00:06,520 [java.util.concurrent.ThreadPoolExecutor$Worker@2149b9c7[State = -1, empty queue]] WARN  server.GrpcLogAppender (GrpcLogAppender.java:timeoutAppendRequest(200)) - fa69ee7c-0798-4ff8-b468-99ad50c0848e@group-9D95763EF4C0->e5fde6a0-3418-4bd7-b263-40da0cf228f6-GrpcLogAppender: appendEntries Timeout, request=fa69ee7c-0798-4ff8-b468-99ad50c0848e->e5fde6a0-3418-4bd7-b263-40da0cf228f6#80-t1, previous=(t:1, i:13), leaderCommit=6, initializing? false, entries: <empty>
2019-09-17 08:00:08,250 [grpc-default-executor-1] INFO  client.GrpcClientProtocolClient (GrpcClientProtocolClient.java:onNext(264)) - client-77AE72837E11->e5fde6a0-3418-4bd7-b263-40da0cf228f6: receive RaftClientReply:client-77AE72837E11->e5fde6a0-3418-4bd7-b263-40da0cf228f6@group-9D95763EF4C0, cid=24, FAILED org.apache.ratis.protocol.NotLeaderException: Server e5fde6a0-3418-4bd7-b263-40da0cf228f6@group-9D95763EF4C0 is not the leader fa69ee7c-0798-4ff8-b468-99ad50c0848e:192.168.151.112:42872, logIndex=0, commits[e5fde6a0-3418-4bd7-b263-40da0cf228f6:c6, fa69ee7c-0798-4ff8-b468-99ad50c0848e:c6, 7dacd8a8-dd8d-4754-a701-fe48d6265aff:c4]
2019-09-17 08:00:08,509 [org.apache.ratis.server.impl.LogAppender$AppenderDaemon$$Lambda$507/852818368@2f10a133] ERROR ratis.XceiverServerRatis (XceiverServerRatis.java:triggerPipelineClose(575)) - pipeline Action CLOSE  on pipeline PipelineID=10cd0ac1-6bf1-4cef-a5bc-9d95763ef4c0.Reason : fa69ee7c-0798-4ff8-b468-99ad50c0848e has not seen follower/s e5fde6a0-3418-4bd7-b263-40da0cf228f6 for 167388ms 7dacd8a8-dd8d-4754-a701-fe48d6265aff for 167390ms
2019-09-17 08:00:08,521 [org.apache.ratis.server.impl.LogAppender$AppenderDaemon$$Lambda$507/852818368@3dd6e51d] ERROR ratis.XceiverServerRatis (XceiverServerRatis.java:triggerPipelineClose(575)) - pipeline Action CLOSE  on pipeline PipelineID=10cd0ac1-6bf1-4cef-a5bc-9d95763ef4c0.Reason : fa69ee7c-0798-4ff8-b468-99ad50c0848e has not seen follower/s e5fde6a0-3418-4bd7-b263-40da0cf228f6 for 167400ms 7dacd8a8-dd8d-4754-a701-fe48d6265aff for 167401ms
2019-09-17 08:00:09,008 [java.util.concurrent.ThreadPoolExecutor$Worker@4ccc1ceb[State = -1, empty queue]] WARN  server.GrpcLogAppender (GrpcLogAppender.java:timeoutAppendRequest(200)) - fa69ee7c-0798-4ff8-b468-99ad50c0848e@group-9D95763EF4C0->7dacd8a8-dd8d-4754-a701-fe48d6265aff-GrpcLogAppender: appendEntries Timeout, request=fa69ee7c-0798-4ff8-b468-99ad50c0848e->7dacd8a8-dd8d-4754-a701-fe48d6265aff#81-t1, previous=(t:1, i:13), leaderCommit=6, initializing? false, entries: <empty>
2019-09-17 08:00:09,021 [java.util.concurrent.ThreadPoolExecutor$Worker@2149b9c7[State = -1, empty queue]] WARN  server.GrpcLogAppender (GrpcLogAppender.java:timeoutAppendRequest(200)) - fa69ee7c-0798-4ff8-b468-99ad50c0848e@group-9D95763EF4C0->e5fde6a0-3418-4bd7-b263-40da0cf228f6-GrpcLogAppender: appendEntries Timeout, request=fa69ee7c-0798-4ff8-b468-99ad50c0848e->e5fde6a0-3418-4bd7-b263-40da0cf228f6#81-t1, previous=(t:1, i:13), leaderCommit=6, initializing? false, entries: <empty>
2019-09-17 08:00:09,488 [EventQueue-PipelineActionsForPipelineActionHandler] ERROR pipeline.PipelineActionHandler (PipelineActionHandler.java:onMessage(60)) - Received pipeline action CLOSE for Pipeline[ Id: 10cd0ac1-6bf1-4cef-a5bc-9d95763ef4c0, Nodes: 7dacd8a8-dd8d-4754-a701-fe48d6265aff{ip: 192.168.151.112, host: pr-hdds-2134-72wlk-3981800394, networkLocation: /default-rack, certSerialId: null}fa69ee7c-0798-4ff8-b468-99ad50c0848e{ip: 192.168.151.112, host: pr-hdds-2134-72wlk-3981800394, networkLocation: /default-rack, certSerialId: null}e5fde6a0-3418-4bd7-b263-40da0cf228f6{ip: 192.168.151.112, host: pr-hdds-2134-72wlk-3981800394, networkLocation: /default-rack, certSerialId: null}, Type:RATIS, Factor:THREE, State:CLOSED] from datanode fa69ee7c-0798-4ff8-b468-99ad50c0848e{ip: 192.168.151.112, host: pr-hdds-2134-72wlk-3981800394, networkLocation: /default-rack, certSerialId: null}. Reason : fa69ee7c-0798-4ff8-b468-99ad50c0848e has not seen follower/s e5fde6a0-3418-4bd7-b263-40da0cf228f6 for 167388ms 7dacd8a8-dd8d-4754-a701-fe48d6265aff for 167390ms
2019-09-17 08:00:09,489 [EventQueue-PipelineActionsForPipelineActionHandler] INFO  pipeline.SCMPipelineManager (SCMPipelineManager.java:finalizeAndDestroyPipeline(311)) - destroying pipeline:Pipeline[ Id: 10cd0ac1-6bf1-4cef-a5bc-9d95763ef4c0, Nodes: 7dacd8a8-dd8d-4754-a701-fe48d6265aff{ip: 192.168.151.112, host: pr-hdds-2134-72wlk-3981800394, networkLocation: /default-rack, certSerialId: null}fa69ee7c-0798-4ff8-b468-99ad50c0848e{ip: 192.168.151.112, host: pr-hdds-2134-72wlk-3981800394, networkLocation: /default-rack, certSerialId: null}e5fde6a0-3418-4bd7-b263-40da0cf228f6{ip: 192.168.151.112, host: pr-hdds-2134-72wlk-3981800394, networkLocation: /default-rack, certSerialId: null}, Type:RATIS, Factor:THREE, State:CLOSED]
2019-09-17 08:00:11,011 [org.apache.ratis.server.impl.LogAppender$AppenderDaemon$$Lambda$507/852818368@2f10a133] ERROR ratis.XceiverServerRatis (XceiverServerRatis.java:triggerPipelineClose(575)) - pipeline Action CLOSE  on pipeline PipelineID=10cd0ac1-6bf1-4cef-a5bc-9d95763ef4c0.Reason : fa69ee7c-0798-4ff8-b468-99ad50c0848e has not seen follower/s e5fde6a0-3418-4bd7-b263-40da0cf228f6 for 169889ms 7dacd8a8-dd8d-4754-a701-fe48d6265aff for 169891ms
2019-09-17 08:00:11,022 [org.apache.ratis.server.impl.LogAppender$AppenderDaemon$$Lambda$507/852818368@3dd6e51d] ERROR ratis.XceiverServerRatis (XceiverServerRatis.java:triggerPipelineClose(575)) - pipeline Action CLOSE  on pipeline PipelineID=10cd0ac1-6bf1-4cef-a5bc-9d95763ef4c0.Reason : fa69ee7c-0798-4ff8-b468-99ad50c0848e has not seen follower/s e5fde6a0-3418-4bd7-b263-40da0cf228f6 for 169900ms 7dacd8a8-dd8d-4754-a701-fe48d6265aff for 169902ms
2019-09-17 08:00:11,487 [EventQueue-PipelineActionsForPipelineActionHandler] ERROR pipeline.PipelineActionHandler (PipelineActionHandler.java:onMessage(60)) - Received pipeline action CLOSE for Pipeline[ Id: 10cd0ac1-6bf1-4cef-a5bc-9d95763ef4c0, Nodes: 7dacd8a8-dd8d-4754-a701-fe48d6265aff{ip: 192.168.151.112, host: pr-hdds-2134-72wlk-3981800394, networkLocation: /default-rack, certSerialId: null}fa69ee7c-0798-4ff8-b468-99ad50c0848e{ip: 192.168.151.112, host: pr-hdds-2134-72wlk-3981800394, networkLocation: /default-rack, certSerialId: null}e5fde6a0-3418-4bd7-b263-40da0cf228f6{ip: 192.168.151.112, host: pr-hdds-2134-72wlk-3981800394, networkLocation: /default-rack, certSerialId: null}, Type:RATIS, Factor:THREE, State:CLOSED] from datanode fa69ee7c-0798-4ff8-b468-99ad50c0848e{ip: 192.168.151.112, host: pr-hdds-2134-72wlk-3981800394, networkLocation: /default-rack, certSerialId: null}. Reason : fa69ee7c-0798-4ff8-b468-99ad50c0848e has not seen follower/s e5fde6a0-3418-4bd7-b263-40da0cf228f6 for 169889ms 7dacd8a8-dd8d-4754-a701-fe48d6265aff for 169891ms
2019-09-17 08:00:11,488 [EventQueue-PipelineActionsForPipelineActionHandler] INFO  pipeline.SCMPipelineManager (SCMPipelineManager.java:finalizeAndDestroyPipeline(311)) - destroying pipeline:Pipeline[ Id: 10cd0ac1-6bf1-4cef-a5bc-9d95763ef4c0, Nodes: 7dacd8a8-dd8d-4754-a701-fe48d6265aff{ip: 192.168.151.112, host: pr-hdds-2134-72wlk-3981800394, networkLocation: /default-rack, certSerialId: null}fa69ee7c-0798-4ff8-b468-99ad50c0848e{ip: 192.168.151.112, host: pr-hdds-2134-72wlk-3981800394, networkLocation: /default-rack, certSerialId: null}e5fde6a0-3418-4bd7-b263-40da0cf228f6{ip: 192.168.151.112, host: pr-hdds-2134-72wlk-3981800394, networkLocation: /default-rack, certSerialId: null}, Type:RATIS, Factor:THREE, State:CLOSED]
2019-09-17 08:00:11,509 [java.util.concurrent.ThreadPoolExecutor$Worker@4ccc1ceb[State = -1, empty queue]] WARN  server.GrpcLogAppender (GrpcLogAppender.java:timeoutAppendRequest(200)) - fa69ee7c-0798-4ff8-b468-99ad50c0848e@group-9D95763EF4C0->7dacd8a8-dd8d-4754-a701-fe48d6265aff-GrpcLogAppender: appendEntries Timeout, request=fa69ee7c-0798-4ff8-b468-99ad50c0848e->7dacd8a8-dd8d-4754-a701-fe48d6265aff#82-t1, previous=(t:1, i:13), leaderCommit=6, initializing? false, entries: <empty>
2019-09-17 08:00:11,521 [java.util.concurrent.ThreadPoolExecutor$Worker@2149b9c7[State = -1, empty queue]] WARN  server.GrpcLogAppender (GrpcLogAppender.java:timeoutAppendRequest(200)) - fa69ee7c-0798-4ff8-b468-99ad50c0848e@group-9D95763EF4C0->e5fde6a0-3418-4bd7-b263-40da0cf228f6-GrpcLogAppender: appendEntries Timeout, request=fa69ee7c-0798-4ff8-b468-99ad50c0848e->e5fde6a0-3418-4bd7-b263-40da0cf228f6#82-t1, previous=(t:1, i:13), leaderCommit=6, initializing? false, entries: <empty>
2019-09-17 08:00:11,523 [e5fde6a0-3418-4bd7-b263-40da0cf228f6@group-9D95763EF4C0-SegmentedRaftLogWorker] WARN  segmented.SegmentedRaftLogWorker (SegmentedRaftLogWorker.java:getFromFuture(90)) - Timeout 16/~
org.apache.ratis.protocol.TimeoutIOException: Timeout 10s: WriteLog:8: (t:1, i:8), STATEMACHINELOGENTRY, client-77AE72837E11, cid=25-writeStateMachineData
	at org.apache.ratis.util.IOUtils.getFromFuture(IOUtils.java:87)
	at org.apache.ratis.server.raftlog.segmented.SegmentedRaftLogWorker$StateMachineDataPolicy.getFromFuture(SegmentedRaftLogWorker.java:87)
	at org.apache.ratis.server.raftlog.segmented.SegmentedRaftLogWorker$WriteLog.execute(SegmentedRaftLogWorker.java:477)
	at org.apache.ratis.server.raftlog.segmented.SegmentedRaftLogWorker.run(SegmentedRaftLogWorker.java:289)
	at java.lang.Thread.run(Thread.java:748)
Caused by: java.util.concurrent.TimeoutException
	at java.util.concurrent.CompletableFuture.timedGet(CompletableFuture.java:1771)
	at java.util.concurrent.CompletableFuture.get(CompletableFuture.java:1915)
	at org.apache.ratis.util.IOUtils.getFromFuture(IOUtils.java:79)
	... 4 more
2019-09-17 08:00:11,543 [7dacd8a8-dd8d-4754-a701-fe48d6265aff@group-9D95763EF4C0-SegmentedRaftLogWorker] WARN  segmented.SegmentedRaftLogWorker (SegmentedRaftLogWorker.java:getFromFuture(90)) - Timeout 16/~
org.apache.ratis.protocol.TimeoutIOException: Timeout 10s: WriteLog:8: (t:1, i:8), STATEMACHINELOGENTRY, client-77AE72837E11, cid=25-writeStateMachineData
	at org.apache.ratis.util.IOUtils.getFromFuture(IOUtils.java:87)
	at org.apache.ratis.server.raftlog.segmented.SegmentedRaftLogWorker$StateMachineDataPolicy.getFromFuture(SegmentedRaftLogWorker.java:87)
	at org.apache.ratis.server.raftlog.segmented.SegmentedRaftLogWorker$WriteLog.execute(SegmentedRaftLogWorker.java:477)
	at org.apache.ratis.server.raftlog.segmented.SegmentedRaftLogWorker.run(SegmentedRaftLogWorker.java:289)
	at java.lang.Thread.run(Thread.java:748)
Caused by: java.util.concurrent.TimeoutException
	at java.util.concurrent.CompletableFuture.timedGet(CompletableFuture.java:1771)
	at java.util.concurrent.CompletableFuture.get(CompletableFuture.java:1915)
	at org.apache.ratis.util.IOUtils.getFromFuture(IOUtils.java:79)
	... 4 more
2019-09-17 08:00:11,544 [fa69ee7c-0798-4ff8-b468-99ad50c0848e@group-9D95763EF4C0-SegmentedRaftLogWorker] WARN  segmented.SegmentedRaftLogWorker (SegmentedRaftLogWorker.java:getFromFuture(90)) - Timeout 16/~
org.apache.ratis.protocol.TimeoutIOException: Timeout 10s: WriteLog:8: (t:1, i:8), STATEMACHINELOGENTRY, client-77AE72837E11, cid=25-writeStateMachineData
	at org.apache.ratis.util.IOUtils.getFromFuture(IOUtils.java:87)
	at org.apache.ratis.server.raftlog.segmented.SegmentedRaftLogWorker$StateMachineDataPolicy.getFromFuture(SegmentedRaftLogWorker.java:87)
	at org.apache.ratis.server.raftlog.segmented.SegmentedRaftLogWorker$WriteLog.execute(SegmentedRaftLogWorker.java:477)
	at org.apache.ratis.server.raftlog.segmented.SegmentedRaftLogWorker.run(SegmentedRaftLogWorker.java:289)
	at java.lang.Thread.run(Thread.java:748)
Caused by: java.util.concurrent.TimeoutException
	at java.util.concurrent.CompletableFuture.timedGet(CompletableFuture.java:1771)
	at java.util.concurrent.CompletableFuture.get(CompletableFuture.java:1915)
	at org.apache.ratis.util.IOUtils.getFromFuture(IOUtils.java:79)
	... 4 more
2019-09-17 08:00:13,301 [grpc-default-executor-1] INFO  client.GrpcClientProtocolClient (GrpcClientProtocolClient.java:onNext(264)) - client-77AE72837E11->7dacd8a8-dd8d-4754-a701-fe48d6265aff: receive RaftClientReply:client-77AE72837E11->7dacd8a8-dd8d-4754-a701-fe48d6265aff@group-9D95763EF4C0, cid=24, FAILED org.apache.ratis.protocol.NotLeaderException: Server 7dacd8a8-dd8d-4754-a701-fe48d6265aff@group-9D95763EF4C0 is not the leader fa69ee7c-0798-4ff8-b468-99ad50c0848e:192.168.151.112:42872, logIndex=0, commits[7dacd8a8-dd8d-4754-a701-fe48d6265aff:c6, fa69ee7c-0798-4ff8-b468-99ad50c0848e:c6, e5fde6a0-3418-4bd7-b263-40da0cf228f6:c4]
2019-09-17 08:00:13,513 [org.apache.ratis.server.impl.LogAppender$AppenderDaemon$$Lambda$507/852818368@2f10a133] ERROR ratis.XceiverServerRatis (XceiverServerRatis.java:triggerPipelineClose(575)) - pipeline Action CLOSE  on pipeline PipelineID=10cd0ac1-6bf1-4cef-a5bc-9d95763ef4c0.Reason : fa69ee7c-0798-4ff8-b468-99ad50c0848e has not seen follower/s e5fde6a0-3418-4bd7-b263-40da0cf228f6 for 172391ms 7dacd8a8-dd8d-4754-a701-fe48d6265aff for 172393ms
2019-09-17 08:00:13,523 [org.apache.ratis.server.impl.LogAppender$AppenderDaemon$$Lambda$507/852818368@3dd6e51d] ERROR ratis.XceiverServerRatis (XceiverServerRatis.java:triggerPipelineClose(575)) - pipeline Action CLOSE  on pipeline PipelineID=10cd0ac1-6bf1-4cef-a5bc-9d95763ef4c0.Reason : fa69ee7c-0798-4ff8-b468-99ad50c0848e has not seen follower/s e5fde6a0-3418-4bd7-b263-40da0cf228f6 for 172401ms 7dacd8a8-dd8d-4754-a701-fe48d6265aff for 172403ms
2019-09-17 08:00:14,011 [java.util.concurrent.ThreadPoolExecutor$Worker@4ccc1ceb[State = -1, empty queue]] WARN  server.GrpcLogAppender (GrpcLogAppender.java:timeoutAppendRequest(200)) - fa69ee7c-0798-4ff8-b468-99ad50c0848e@group-9D95763EF4C0->7dacd8a8-dd8d-4754-a701-fe48d6265aff-GrpcLogAppender: appendEntries Timeout, request=fa69ee7c-0798-4ff8-b468-99ad50c0848e->7dacd8a8-dd8d-4754-a701-fe48d6265aff#83-t1, previous=(t:1, i:13), leaderCommit=6, initializing? false, entries: <empty>
2019-09-17 08:00:14,022 [java.util.concurrent.ThreadPoolExecutor$Worker@2149b9c7[State = -1, empty queue]] WARN  server.GrpcLogAppender (GrpcLogAppender.java:timeoutAppendRequest(200)) - fa69ee7c-0798-4ff8-b468-99ad50c0848e@group-9D95763EF4C0->e5fde6a0-3418-4bd7-b263-40da0cf228f6-GrpcLogAppender: appendEntries Timeout, request=fa69ee7c-0798-4ff8-b468-99ad50c0848e->e5fde6a0-3418-4bd7-b263-40da0cf228f6#83-t1, previous=(t:1, i:13), leaderCommit=6, initializing? false, entries: <empty>
2019-09-17 08:00:14,489 [EventQueue-PipelineActionsForPipelineActionHandler] ERROR pipeline.PipelineActionHandler (PipelineActionHandler.java:onMessage(60)) - Received pipeline action CLOSE for Pipeline[ Id: 10cd0ac1-6bf1-4cef-a5bc-9d95763ef4c0, Nodes: 7dacd8a8-dd8d-4754-a701-fe48d6265aff{ip: 192.168.151.112, host: pr-hdds-2134-72wlk-3981800394, networkLocation: /default-rack, certSerialId: null}fa69ee7c-0798-4ff8-b468-99ad50c0848e{ip: 192.168.151.112, host: pr-hdds-2134-72wlk-3981800394, networkLocation: /default-rack, certSerialId: null}e5fde6a0-3418-4bd7-b263-40da0cf228f6{ip: 192.168.151.112, host: pr-hdds-2134-72wlk-3981800394, networkLocation: /default-rack, certSerialId: null}, Type:RATIS, Factor:THREE, State:CLOSED] from datanode fa69ee7c-0798-4ff8-b468-99ad50c0848e{ip: 192.168.151.112, host: pr-hdds-2134-72wlk-3981800394, networkLocation: /default-rack, certSerialId: null}. Reason : fa69ee7c-0798-4ff8-b468-99ad50c0848e has not seen follower/s e5fde6a0-3418-4bd7-b263-40da0cf228f6 for 172391ms 7dacd8a8-dd8d-4754-a701-fe48d6265aff for 172393ms
2019-09-17 08:00:14,489 [EventQueue-PipelineActionsForPipelineActionHandler] INFO  pipeline.SCMPipelineManager (SCMPipelineManager.java:finalizeAndDestroyPipeline(311)) - destroying pipeline:Pipeline[ Id: 10cd0ac1-6bf1-4cef-a5bc-9d95763ef4c0, Nodes: 7dacd8a8-dd8d-4754-a701-fe48d6265aff{ip: 192.168.151.112, host: pr-hdds-2134-72wlk-3981800394, networkLocation: /default-rack, certSerialId: null}fa69ee7c-0798-4ff8-b468-99ad50c0848e{ip: 192.168.151.112, host: pr-hdds-2134-72wlk-3981800394, networkLocation: /default-rack, certSerialId: null}e5fde6a0-3418-4bd7-b263-40da0cf228f6{ip: 192.168.151.112, host: pr-hdds-2134-72wlk-3981800394, networkLocation: /default-rack, certSerialId: null}, Type:RATIS, Factor:THREE, State:CLOSED]
2019-09-17 08:00:16,015 [org.apache.ratis.server.impl.LogAppender$AppenderDaemon$$Lambda$507/852818368@2f10a133] ERROR ratis.XceiverServerRatis (XceiverServerRatis.java:triggerPipelineClose(575)) - pipeline Action CLOSE  on pipeline PipelineID=10cd0ac1-6bf1-4cef-a5bc-9d95763ef4c0.Reason : fa69ee7c-0798-4ff8-b468-99ad50c0848e has not seen follower/s e5fde6a0-3418-4bd7-b263-40da0cf228f6 for 174893ms 7dacd8a8-dd8d-4754-a701-fe48d6265aff for 174895ms
2019-09-17 08:00:16,024 [org.apache.ratis.server.impl.LogAppender$AppenderDaemon$$Lambda$507/852818368@3dd6e51d] ERROR ratis.XceiverServerRatis (XceiverServerRatis.java:triggerPipelineClose(575)) - pipeline Action CLOSE  on pipeline PipelineID=10cd0ac1-6bf1-4cef-a5bc-9d95763ef4c0.Reason : fa69ee7c-0798-4ff8-b468-99ad50c0848e has not seen follower/s e5fde6a0-3418-4bd7-b263-40da0cf228f6 for 174902ms 7dacd8a8-dd8d-4754-a701-fe48d6265aff for 174904ms
2019-09-17 08:00:16,489 [EventQueue-PipelineActionsForPipelineActionHandler] ERROR pipeline.PipelineActionHandler (PipelineActionHandler.java:onMessage(60)) - Received pipeline action CLOSE for Pipeline[ Id: 10cd0ac1-6bf1-4cef-a5bc-9d95763ef4c0, Nodes: 7dacd8a8-dd8d-4754-a701-fe48d6265aff{ip: 192.168.151.112, host: pr-hdds-2134-72wlk-3981800394, networkLocation: /default-rack, certSerialId: null}fa69ee7c-0798-4ff8-b468-99ad50c0848e{ip: 192.168.151.112, host: pr-hdds-2134-72wlk-3981800394, networkLocation: /default-rack, certSerialId: null}e5fde6a0-3418-4bd7-b263-40da0cf228f6{ip: 192.168.151.112, host: pr-hdds-2134-72wlk-3981800394, networkLocation: /default-rack, certSerialId: null}, Type:RATIS, Factor:THREE, State:CLOSED] from datanode fa69ee7c-0798-4ff8-b468-99ad50c0848e{ip: 192.168.151.112, host: pr-hdds-2134-72wlk-3981800394, networkLocation: /default-rack, certSerialId: null}. Reason : fa69ee7c-0798-4ff8-b468-99ad50c0848e has not seen follower/s e5fde6a0-3418-4bd7-b263-40da0cf228f6 for 174893ms 7dacd8a8-dd8d-4754-a701-fe48d6265aff for 174895ms
2019-09-17 08:00:16,489 [EventQueue-PipelineActionsForPipelineActionHandler] INFO  pipeline.SCMPipelineManager (SCMPipelineManager.java:finalizeAndDestroyPipeline(311)) - destroying pipeline:Pipeline[ Id: 10cd0ac1-6bf1-4cef-a5bc-9d95763ef4c0, Nodes: 7dacd8a8-dd8d-4754-a701-fe48d6265aff{ip: 192.168.151.112, host: pr-hdds-2134-72wlk-3981800394, networkLocation: /default-rack, certSerialId: null}fa69ee7c-0798-4ff8-b468-99ad50c0848e{ip: 192.168.151.112, host: pr-hdds-2134-72wlk-3981800394, networkLocation: /default-rack, certSerialId: null}e5fde6a0-3418-4bd7-b263-40da0cf228f6{ip: 192.168.151.112, host: pr-hdds-2134-72wlk-3981800394, networkLocation: /default-rack, certSerialId: null}, Type:RATIS, Factor:THREE, State:CLOSED]
2019-09-17 08:00:16,512 [java.util.concurrent.ThreadPoolExecutor$Worker@4ccc1ceb[State = -1, empty queue]] WARN  server.GrpcLogAppender (GrpcLogAppender.java:timeoutAppendRequest(200)) - fa69ee7c-0798-4ff8-b468-99ad50c0848e@group-9D95763EF4C0->7dacd8a8-dd8d-4754-a701-fe48d6265aff-GrpcLogAppender: appendEntries Timeout, request=fa69ee7c-0798-4ff8-b468-99ad50c0848e->7dacd8a8-dd8d-4754-a701-fe48d6265aff#84-t1, previous=(t:1, i:13), leaderCommit=6, initializing? false, entries: <empty>
2019-09-17 08:00:16,523 [java.util.concurrent.ThreadPoolExecutor$Worker@2149b9c7[State = -1, empty queue]] WARN  server.GrpcLogAppender (GrpcLogAppender.java:timeoutAppendRequest(200)) - fa69ee7c-0798-4ff8-b468-99ad50c0848e@group-9D95763EF4C0->e5fde6a0-3418-4bd7-b263-40da0cf228f6-GrpcLogAppender: appendEntries Timeout, request=fa69ee7c-0798-4ff8-b468-99ad50c0848e->e5fde6a0-3418-4bd7-b263-40da0cf228f6#84-t1, previous=(t:1, i:13), leaderCommit=6, initializing? false, entries: <empty>
2019-09-17 08:00:18,354 [grpc-default-executor-1] INFO  client.GrpcClientProtocolClient (GrpcClientProtocolClient.java:onNext(264)) - client-77AE72837E11->e5fde6a0-3418-4bd7-b263-40da0cf228f6: receive RaftClientReply:client-77AE72837E11->e5fde6a0-3418-4bd7-b263-40da0cf228f6@group-9D95763EF4C0, cid=24, FAILED org.apache.ratis.protocol.NotLeaderException: Server e5fde6a0-3418-4bd7-b263-40da0cf228f6@group-9D95763EF4C0 is not the leader fa69ee7c-0798-4ff8-b468-99ad50c0848e:192.168.151.112:42872, logIndex=0, commits[e5fde6a0-3418-4bd7-b263-40da0cf228f6:c6, fa69ee7c-0798-4ff8-b468-99ad50c0848e:c6, 7dacd8a8-dd8d-4754-a701-fe48d6265aff:c4]
2019-09-17 08:00:18,515 [org.apache.ratis.server.impl.LogAppender$AppenderDaemon$$Lambda$507/852818368@2f10a133] ERROR ratis.XceiverServerRatis (XceiverServerRatis.java:triggerPipelineClose(575)) - pipeline Action CLOSE  on pipeline PipelineID=10cd0ac1-6bf1-4cef-a5bc-9d95763ef4c0.Reason : fa69ee7c-0798-4ff8-b468-99ad50c0848e has not seen follower/s e5fde6a0-3418-4bd7-b263-40da0cf228f6 for 177394ms 7dacd8a8-dd8d-4754-a701-fe48d6265aff for 177396ms
2019-09-17 08:00:18,525 [org.apache.ratis.server.impl.LogAppender$AppenderDaemon$$Lambda$507/852818368@3dd6e51d] ERROR ratis.XceiverServerRatis (XceiverServerRatis.java:triggerPipelineClose(575)) - pipeline Action CLOSE  on pipeline PipelineID=10cd0ac1-6bf1-4cef-a5bc-9d95763ef4c0.Reason : fa69ee7c-0798-4ff8-b468-99ad50c0848e has not seen follower/s e5fde6a0-3418-4bd7-b263-40da0cf228f6 for 177403ms 7dacd8a8-dd8d-4754-a701-fe48d6265aff for 177405ms
2019-09-17 08:00:19,015 [java.util.concurrent.ThreadPoolExecutor$Worker@4ccc1ceb[State = -1, empty queue]] WARN  server.GrpcLogAppender (GrpcLogAppender.java:timeoutAppendRequest(200)) - fa69ee7c-0798-4ff8-b468-99ad50c0848e@group-9D95763EF4C0->7dacd8a8-dd8d-4754-a701-fe48d6265aff-GrpcLogAppender: appendEntries Timeout, request=fa69ee7c-0798-4ff8-b468-99ad50c0848e->7dacd8a8-dd8d-4754-a701-fe48d6265aff#85-t1, previous=(t:1, i:13), leaderCommit=6, initializing? false, entries: <empty>
2019-09-17 08:00:19,024 [java.util.concurrent.ThreadPoolExecutor$Worker@2149b9c7[State = -1, empty queue]] WARN  server.GrpcLogAppender (GrpcLogAppender.java:timeoutAppendRequest(200)) - fa69ee7c-0798-4ff8-b468-99ad50c0848e@group-9D95763EF4C0->e5fde6a0-3418-4bd7-b263-40da0cf228f6-GrpcLogAppender: appendEntries Timeout, request=fa69ee7c-0798-4ff8-b468-99ad50c0848e->e5fde6a0-3418-4bd7-b263-40da0cf228f6#85-t1, previous=(t:1, i:13), leaderCommit=6, initializing? false, entries: <empty>
2019-09-17 08:00:19,489 [EventQueue-PipelineActionsForPipelineActionHandler] ERROR pipeline.PipelineActionHandler (PipelineActionHandler.java:onMessage(60)) - Received pipeline action CLOSE for Pipeline[ Id: 10cd0ac1-6bf1-4cef-a5bc-9d95763ef4c0, Nodes: 7dacd8a8-dd8d-4754-a701-fe48d6265aff{ip: 192.168.151.112, host: pr-hdds-2134-72wlk-3981800394, networkLocation: /default-rack, certSerialId: null}fa69ee7c-0798-4ff8-b468-99ad50c0848e{ip: 192.168.151.112, host: pr-hdds-2134-72wlk-3981800394, networkLocation: /default-rack, certSerialId: null}e5fde6a0-3418-4bd7-b263-40da0cf228f6{ip: 192.168.151.112, host: pr-hdds-2134-72wlk-3981800394, networkLocation: /default-rack, certSerialId: null}, Type:RATIS, Factor:THREE, State:CLOSED] from datanode fa69ee7c-0798-4ff8-b468-99ad50c0848e{ip: 192.168.151.112, host: pr-hdds-2134-72wlk-3981800394, networkLocation: /default-rack, certSerialId: null}. Reason : fa69ee7c-0798-4ff8-b468-99ad50c0848e has not seen follower/s e5fde6a0-3418-4bd7-b263-40da0cf228f6 for 177394ms 7dacd8a8-dd8d-4754-a701-fe48d6265aff for 177396ms
2019-09-17 08:00:19,489 [EventQueue-PipelineActionsForPipelineActionHandler] INFO  pipeline.SCMPipelineManager (SCMPipelineManager.java:finalizeAndDestroyPipeline(311)) - destroying pipeline:Pipeline[ Id: 10cd0ac1-6bf1-4cef-a5bc-9d95763ef4c0, Nodes: 7dacd8a8-dd8d-4754-a701-fe48d6265aff{ip: 192.168.151.112, host: pr-hdds-2134-72wlk-3981800394, networkLocation: /default-rack, certSerialId: null}fa69ee7c-0798-4ff8-b468-99ad50c0848e{ip: 192.168.151.112, host: pr-hdds-2134-72wlk-3981800394, networkLocation: /default-rack, certSerialId: null}e5fde6a0-3418-4bd7-b263-40da0cf228f6{ip: 192.168.151.112, host: pr-hdds-2134-72wlk-3981800394, networkLocation: /default-rack, certSerialId: null}, Type:RATIS, Factor:THREE, State:CLOSED]
2019-09-17 08:00:21,016 [org.apache.ratis.server.impl.LogAppender$AppenderDaemon$$Lambda$507/852818368@2f10a133] ERROR ratis.XceiverServerRatis (XceiverServerRatis.java:triggerPipelineClose(575)) - pipeline Action CLOSE  on pipeline PipelineID=10cd0ac1-6bf1-4cef-a5bc-9d95763ef4c0.Reason : fa69ee7c-0798-4ff8-b468-99ad50c0848e has not seen follower/s e5fde6a0-3418-4bd7-b263-40da0cf228f6 for 179895ms 7dacd8a8-dd8d-4754-a701-fe48d6265aff for 179896ms
2019-09-17 08:00:21,025 [org.apache.ratis.server.impl.LogAppender$AppenderDaemon$$Lambda$507/852818368@3dd6e51d] ERROR ratis.XceiverServerRatis (XceiverServerRatis.java:triggerPipelineClose(575)) - pipeline Action CLOSE  on pipeline PipelineID=10cd0ac1-6bf1-4cef-a5bc-9d95763ef4c0.Reason : fa69ee7c-0798-4ff8-b468-99ad50c0848e has not seen follower/s e5fde6a0-3418-4bd7-b263-40da0cf228f6 for 179904ms 7dacd8a8-dd8d-4754-a701-fe48d6265aff for 179905ms
2019-09-17 08:00:21,489 [EventQueue-PipelineActionsForPipelineActionHandler] ERROR pipeline.PipelineActionHandler (PipelineActionHandler.java:onMessage(60)) - Received pipeline action CLOSE for Pipeline[ Id: 10cd0ac1-6bf1-4cef-a5bc-9d95763ef4c0, Nodes: 7dacd8a8-dd8d-4754-a701-fe48d6265aff{ip: 192.168.151.112, host: pr-hdds-2134-72wlk-3981800394, networkLocation: /default-rack, certSerialId: null}fa69ee7c-0798-4ff8-b468-99ad50c0848e{ip: 192.168.151.112, host: pr-hdds-2134-72wlk-3981800394, networkLocation: /default-rack, certSerialId: null}e5fde6a0-3418-4bd7-b263-40da0cf228f6{ip: 192.168.151.112, host: pr-hdds-2134-72wlk-3981800394, networkLocation: /default-rack, certSerialId: null}, Type:RATIS, Factor:THREE, State:CLOSED] from datanode fa69ee7c-0798-4ff8-b468-99ad50c0848e{ip: 192.168.151.112, host: pr-hdds-2134-72wlk-3981800394, networkLocation: /default-rack, certSerialId: null}. Reason : fa69ee7c-0798-4ff8-b468-99ad50c0848e has not seen follower/s e5fde6a0-3418-4bd7-b263-40da0cf228f6 for 179895ms 7dacd8a8-dd8d-4754-a701-fe48d6265aff for 179896ms
2019-09-17 08:00:21,490 [EventQueue-PipelineActionsForPipelineActionHandler] INFO  pipeline.SCMPipelineManager (SCMPipelineManager.java:finalizeAndDestroyPipeline(311)) - destroying pipeline:Pipeline[ Id: 10cd0ac1-6bf1-4cef-a5bc-9d95763ef4c0, Nodes: 7dacd8a8-dd8d-4754-a701-fe48d6265aff{ip: 192.168.151.112, host: pr-hdds-2134-72wlk-3981800394, networkLocation: /default-rack, certSerialId: null}fa69ee7c-0798-4ff8-b468-99ad50c0848e{ip: 192.168.151.112, host: pr-hdds-2134-72wlk-3981800394, networkLocation: /default-rack, certSerialId: null}e5fde6a0-3418-4bd7-b263-40da0cf228f6{ip: 192.168.151.112, host: pr-hdds-2134-72wlk-3981800394, networkLocation: /default-rack, certSerialId: null}, Type:RATIS, Factor:THREE, State:CLOSED]
2019-09-17 08:00:21,515 [java.util.concurrent.ThreadPoolExecutor$Worker@4ccc1ceb[State = -1, empty queue]] WARN  server.GrpcLogAppender (GrpcLogAppender.java:timeoutAppendRequest(200)) - fa69ee7c-0798-4ff8-b468-99ad50c0848e@group-9D95763EF4C0->7dacd8a8-dd8d-4754-a701-fe48d6265aff-GrpcLogAppender: appendEntries Timeout, request=fa69ee7c-0798-4ff8-b468-99ad50c0848e->7dacd8a8-dd8d-4754-a701-fe48d6265aff#86-t1, previous=(t:1, i:13), leaderCommit=6, initializing? false, entries: <empty>
2019-09-17 08:00:21,524 [e5fde6a0-3418-4bd7-b263-40da0cf228f6@group-9D95763EF4C0-SegmentedRaftLogWorker] WARN  segmented.SegmentedRaftLogWorker (SegmentedRaftLogWorker.java:getFromFuture(90)) - Timeout 17/~
org.apache.ratis.protocol.TimeoutIOException: Timeout 10s: WriteLog:8: (t:1, i:8), STATEMACHINELOGENTRY, client-77AE72837E11, cid=25-writeStateMachineData
	at org.apache.ratis.util.IOUtils.getFromFuture(IOUtils.java:87)
	at org.apache.ratis.server.raftlog.segmented.SegmentedRaftLogWorker$StateMachineDataPolicy.getFromFuture(SegmentedRaftLogWorker.java:87)
	at org.apache.ratis.server.raftlog.segmented.SegmentedRaftLogWorker$WriteLog.execute(SegmentedRaftLogWorker.java:477)
	at org.apache.ratis.server.raftlog.segmented.SegmentedRaftLogWorker.run(SegmentedRaftLogWorker.java:289)
	at java.lang.Thread.run(Thread.java:748)
Caused by: java.util.concurrent.TimeoutException
	at java.util.concurrent.CompletableFuture.timedGet(CompletableFuture.java:1771)
	at java.util.concurrent.CompletableFuture.get(CompletableFuture.java:1915)
	at org.apache.ratis.util.IOUtils.getFromFuture(IOUtils.java:79)
	... 4 more
2019-09-17 08:00:21,525 [java.util.concurrent.ThreadPoolExecutor$Worker@2149b9c7[State = -1, empty queue]] WARN  server.GrpcLogAppender (GrpcLogAppender.java:timeoutAppendRequest(200)) - fa69ee7c-0798-4ff8-b468-99ad50c0848e@group-9D95763EF4C0->e5fde6a0-3418-4bd7-b263-40da0cf228f6-GrpcLogAppender: appendEntries Timeout, request=fa69ee7c-0798-4ff8-b468-99ad50c0848e->e5fde6a0-3418-4bd7-b263-40da0cf228f6#86-t1, previous=(t:1, i:13), leaderCommit=6, initializing? false, entries: <empty>
2019-09-17 08:00:21,544 [7dacd8a8-dd8d-4754-a701-fe48d6265aff@group-9D95763EF4C0-SegmentedRaftLogWorker] WARN  segmented.SegmentedRaftLogWorker (SegmentedRaftLogWorker.java:getFromFuture(90)) - Timeout 17/~
org.apache.ratis.protocol.TimeoutIOException: Timeout 10s: WriteLog:8: (t:1, i:8), STATEMACHINELOGENTRY, client-77AE72837E11, cid=25-writeStateMachineData
	at org.apache.ratis.util.IOUtils.getFromFuture(IOUtils.java:87)
	at org.apache.ratis.server.raftlog.segmented.SegmentedRaftLogWorker$StateMachineDataPolicy.getFromFuture(SegmentedRaftLogWorker.java:87)
	at org.apache.ratis.server.raftlog.segmented.SegmentedRaftLogWorker$WriteLog.execute(SegmentedRaftLogWorker.java:477)
	at org.apache.ratis.server.raftlog.segmented.SegmentedRaftLogWorker.run(SegmentedRaftLogWorker.java:289)
	at java.lang.Thread.run(Thread.java:748)
Caused by: java.util.concurrent.TimeoutException
	at java.util.concurrent.CompletableFuture.timedGet(CompletableFuture.java:1771)
	at java.util.concurrent.CompletableFuture.get(CompletableFuture.java:1915)
	at org.apache.ratis.util.IOUtils.getFromFuture(IOUtils.java:79)
	... 4 more
2019-09-17 08:00:21,544 [fa69ee7c-0798-4ff8-b468-99ad50c0848e@group-9D95763EF4C0-SegmentedRaftLogWorker] WARN  segmented.SegmentedRaftLogWorker (SegmentedRaftLogWorker.java:getFromFuture(90)) - Timeout 17/~
org.apache.ratis.protocol.TimeoutIOException: Timeout 10s: WriteLog:8: (t:1, i:8), STATEMACHINELOGENTRY, client-77AE72837E11, cid=25-writeStateMachineData
	at org.apache.ratis.util.IOUtils.getFromFuture(IOUtils.java:87)
	at org.apache.ratis.server.raftlog.segmented.SegmentedRaftLogWorker$StateMachineDataPolicy.getFromFuture(SegmentedRaftLogWorker.java:87)
	at org.apache.ratis.server.raftlog.segmented.SegmentedRaftLogWorker$WriteLog.execute(SegmentedRaftLogWorker.java:477)
	at org.apache.ratis.server.raftlog.segmented.SegmentedRaftLogWorker.run(SegmentedRaftLogWorker.java:289)
	at java.lang.Thread.run(Thread.java:748)
Caused by: java.util.concurrent.TimeoutException
	at java.util.concurrent.CompletableFuture.timedGet(CompletableFuture.java:1771)
	at java.util.concurrent.CompletableFuture.get(CompletableFuture.java:1915)
	at org.apache.ratis.util.IOUtils.getFromFuture(IOUtils.java:79)
	... 4 more
2019-09-17 08:00:23,399 [grpc-default-executor-3] INFO  client.GrpcClientProtocolClient (GrpcClientProtocolClient.java:onNext(264)) - client-77AE72837E11->7dacd8a8-dd8d-4754-a701-fe48d6265aff: receive RaftClientReply:client-77AE72837E11->7dacd8a8-dd8d-4754-a701-fe48d6265aff@group-9D95763EF4C0, cid=24, FAILED org.apache.ratis.protocol.NotLeaderException: Server 7dacd8a8-dd8d-4754-a701-fe48d6265aff@group-9D95763EF4C0 is not the leader fa69ee7c-0798-4ff8-b468-99ad50c0848e:192.168.151.112:42872, logIndex=0, commits[7dacd8a8-dd8d-4754-a701-fe48d6265aff:c6, fa69ee7c-0798-4ff8-b468-99ad50c0848e:c6, e5fde6a0-3418-4bd7-b263-40da0cf228f6:c4]
2019-09-17 08:00:23,517 [org.apache.ratis.server.impl.LogAppender$AppenderDaemon$$Lambda$507/852818368@2f10a133] ERROR ratis.XceiverServerRatis (XceiverServerRatis.java:triggerPipelineClose(575)) - pipeline Action CLOSE  on pipeline PipelineID=10cd0ac1-6bf1-4cef-a5bc-9d95763ef4c0.Reason : fa69ee7c-0798-4ff8-b468-99ad50c0848e has not seen follower/s e5fde6a0-3418-4bd7-b263-40da0cf228f6 for 182395ms 7dacd8a8-dd8d-4754-a701-fe48d6265aff for 182397ms
2019-09-17 08:00:23,526 [org.apache.ratis.server.impl.LogAppender$AppenderDaemon$$Lambda$507/852818368@3dd6e51d] ERROR ratis.XceiverServerRatis (XceiverServerRatis.java:triggerPipelineClose(575)) - pipeline Action CLOSE  on pipeline PipelineID=10cd0ac1-6bf1-4cef-a5bc-9d95763ef4c0.Reason : fa69ee7c-0798-4ff8-b468-99ad50c0848e has not seen follower/s e5fde6a0-3418-4bd7-b263-40da0cf228f6 for 182404ms 7dacd8a8-dd8d-4754-a701-fe48d6265aff for 182406ms
2019-09-17 08:00:24,016 [java.util.concurrent.ThreadPoolExecutor$Worker@4ccc1ceb[State = -1, empty queue]] WARN  server.GrpcLogAppender (GrpcLogAppender.java:timeoutAppendRequest(200)) - fa69ee7c-0798-4ff8-b468-99ad50c0848e@group-9D95763EF4C0->7dacd8a8-dd8d-4754-a701-fe48d6265aff-GrpcLogAppender: appendEntries Timeout, request=fa69ee7c-0798-4ff8-b468-99ad50c0848e->7dacd8a8-dd8d-4754-a701-fe48d6265aff#87-t1, previous=(t:1, i:13), leaderCommit=6, initializing? false, entries: <empty>
2019-09-17 08:00:24,025 [java.util.concurrent.ThreadPoolExecutor$Worker@2149b9c7[State = -1, empty queue]] WARN  server.GrpcLogAppender (GrpcLogAppender.java:timeoutAppendRequest(200)) - fa69ee7c-0798-4ff8-b468-99ad50c0848e@group-9D95763EF4C0->e5fde6a0-3418-4bd7-b263-40da0cf228f6-GrpcLogAppender: appendEntries Timeout, request=fa69ee7c-0798-4ff8-b468-99ad50c0848e->e5fde6a0-3418-4bd7-b263-40da0cf228f6#87-t1, previous=(t:1, i:13), leaderCommit=6, initializing? false, entries: <empty>
2019-09-17 08:00:24,490 [EventQueue-PipelineActionsForPipelineActionHandler] ERROR pipeline.PipelineActionHandler (PipelineActionHandler.java:onMessage(60)) - Received pipeline action CLOSE for Pipeline[ Id: 10cd0ac1-6bf1-4cef-a5bc-9d95763ef4c0, Nodes: 7dacd8a8-dd8d-4754-a701-fe48d6265aff{ip: 192.168.151.112, host: pr-hdds-2134-72wlk-3981800394, networkLocation: /default-rack, certSerialId: null}fa69ee7c-0798-4ff8-b468-99ad50c0848e{ip: 192.168.151.112, host: pr-hdds-2134-72wlk-3981800394, networkLocation: /default-rack, certSerialId: null}e5fde6a0-3418-4bd7-b263-40da0cf228f6{ip: 192.168.151.112, host: pr-hdds-2134-72wlk-3981800394, networkLocation: /default-rack, certSerialId: null}, Type:RATIS, Factor:THREE, State:CLOSED] from datanode fa69ee7c-0798-4ff8-b468-99ad50c0848e{ip: 192.168.151.112, host: pr-hdds-2134-72wlk-3981800394, networkLocation: /default-rack, certSerialId: null}. Reason : fa69ee7c-0798-4ff8-b468-99ad50c0848e has not seen follower/s e5fde6a0-3418-4bd7-b263-40da0cf228f6 for 182395ms 7dacd8a8-dd8d-4754-a701-fe48d6265aff for 182397ms
2019-09-17 08:00:24,490 [EventQueue-PipelineActionsForPipelineActionHandler] INFO  pipeline.SCMPipelineManager (SCMPipelineManager.java:finalizeAndDestroyPipeline(311)) - destroying pipeline:Pipeline[ Id: 10cd0ac1-6bf1-4cef-a5bc-9d95763ef4c0, Nodes: 7dacd8a8-dd8d-4754-a701-fe48d6265aff{ip: 192.168.151.112, host: pr-hdds-2134-72wlk-3981800394, networkLocation: /default-rack, certSerialId: null}fa69ee7c-0798-4ff8-b468-99ad50c0848e{ip: 192.168.151.112, host: pr-hdds-2134-72wlk-3981800394, networkLocation: /default-rack, certSerialId: null}e5fde6a0-3418-4bd7-b263-40da0cf228f6{ip: 192.168.151.112, host: pr-hdds-2134-72wlk-3981800394, networkLocation: /default-rack, certSerialId: null}, Type:RATIS, Factor:THREE, State:CLOSED]
2019-09-17 08:00:26,018 [org.apache.ratis.server.impl.LogAppender$AppenderDaemon$$Lambda$507/852818368@2f10a133] ERROR ratis.XceiverServerRatis (XceiverServerRatis.java:triggerPipelineClose(575)) - pipeline Action CLOSE  on pipeline PipelineID=10cd0ac1-6bf1-4cef-a5bc-9d95763ef4c0.Reason : fa69ee7c-0798-4ff8-b468-99ad50c0848e has not seen follower/s e5fde6a0-3418-4bd7-b263-40da0cf228f6 for 184896ms 7dacd8a8-dd8d-4754-a701-fe48d6265aff for 184898ms
2019-09-17 08:00:26,026 [org.apache.ratis.server.impl.LogAppender$AppenderDaemon$$Lambda$507/852818368@3dd6e51d] ERROR ratis.XceiverServerRatis (XceiverServerRatis.java:triggerPipelineClose(575)) - pipeline Action CLOSE  on pipeline PipelineID=10cd0ac1-6bf1-4cef-a5bc-9d95763ef4c0.Reason : fa69ee7c-0798-4ff8-b468-99ad50c0848e has not seen follower/s e5fde6a0-3418-4bd7-b263-40da0cf228f6 for 184905ms 7dacd8a8-dd8d-4754-a701-fe48d6265aff for 184907ms
2019-09-17 08:00:26,490 [EventQueue-PipelineActionsForPipelineActionHandler] ERROR pipeline.PipelineActionHandler (PipelineActionHandler.java:onMessage(60)) - Received pipeline action CLOSE for Pipeline[ Id: 10cd0ac1-6bf1-4cef-a5bc-9d95763ef4c0, Nodes: 7dacd8a8-dd8d-4754-a701-fe48d6265aff{ip: 192.168.151.112, host: pr-hdds-2134-72wlk-3981800394, networkLocation: /default-rack, certSerialId: null}fa69ee7c-0798-4ff8-b468-99ad50c0848e{ip: 192.168.151.112, host: pr-hdds-2134-72wlk-3981800394, networkLocation: /default-rack, certSerialId: null}e5fde6a0-3418-4bd7-b263-40da0cf228f6{ip: 192.168.151.112, host: pr-hdds-2134-72wlk-3981800394, networkLocation: /default-rack, certSerialId: null}, Type:RATIS, Factor:THREE, State:CLOSED] from datanode fa69ee7c-0798-4ff8-b468-99ad50c0848e{ip: 192.168.151.112, host: pr-hdds-2134-72wlk-3981800394, networkLocation: /default-rack, certSerialId: null}. Reason : fa69ee7c-0798-4ff8-b468-99ad50c0848e has not seen follower/s e5fde6a0-3418-4bd7-b263-40da0cf228f6 for 184896ms 7dacd8a8-dd8d-4754-a701-fe48d6265aff for 184898ms
2019-09-17 08:00:26,490 [EventQueue-PipelineActionsForPipelineActionHandler] INFO  pipeline.SCMPipelineManager (SCMPipelineManager.java:finalizeAndDestroyPipeline(311)) - destroying pipeline:Pipeline[ Id: 10cd0ac1-6bf1-4cef-a5bc-9d95763ef4c0, Nodes: 7dacd8a8-dd8d-4754-a701-fe48d6265aff{ip: 192.168.151.112, host: pr-hdds-2134-72wlk-3981800394, networkLocation: /default-rack, certSerialId: null}fa69ee7c-0798-4ff8-b468-99ad50c0848e{ip: 192.168.151.112, host: pr-hdds-2134-72wlk-3981800394, networkLocation: /default-rack, certSerialId: null}e5fde6a0-3418-4bd7-b263-40da0cf228f6{ip: 192.168.151.112, host: pr-hdds-2134-72wlk-3981800394, networkLocation: /default-rack, certSerialId: null}, Type:RATIS, Factor:THREE, State:CLOSED]
2019-09-17 08:00:26,517 [java.util.concurrent.ThreadPoolExecutor$Worker@4ccc1ceb[State = -1, empty queue]] WARN  server.GrpcLogAppender (GrpcLogAppender.java:timeoutAppendRequest(200)) - fa69ee7c-0798-4ff8-b468-99ad50c0848e@group-9D95763EF4C0->7dacd8a8-dd8d-4754-a701-fe48d6265aff-GrpcLogAppender: appendEntries Timeout, request=fa69ee7c-0798-4ff8-b468-99ad50c0848e->7dacd8a8-dd8d-4754-a701-fe48d6265aff#88-t1, previous=(t:1, i:13), leaderCommit=6, initializing? false, entries: <empty>
2019-09-17 08:00:26,526 [java.util.concurrent.ThreadPoolExecutor$Worker@2149b9c7[State = -1, empty queue]] WARN  server.GrpcLogAppender (GrpcLogAppender.java:timeoutAppendRequest(200)) - fa69ee7c-0798-4ff8-b468-99ad50c0848e@group-9D95763EF4C0->e5fde6a0-3418-4bd7-b263-40da0cf228f6-GrpcLogAppender: appendEntries Timeout, request=fa69ee7c-0798-4ff8-b468-99ad50c0848e->e5fde6a0-3418-4bd7-b263-40da0cf228f6#88-t1, previous=(t:1, i:13), leaderCommit=6, initializing? false, entries: <empty>
2019-09-17 08:00:27,491 [grpc-default-executor-3] INFO  impl.RaftServerProxy (RaftServerProxy.java:remove(95)) - 7dacd8a8-dd8d-4754-a701-fe48d6265aff: remove  FOLLOWER 7dacd8a8-dd8d-4754-a701-fe48d6265aff@group-9D95763EF4C0:t1, leader=fa69ee7c-0798-4ff8-b468-99ad50c0848e, voted=fa69ee7c-0798-4ff8-b468-99ad50c0848e, raftlog=7dacd8a8-dd8d-4754-a701-fe48d6265aff@group-9D95763EF4C0-SegmentedRaftLog:OPENED:c6,f6,i13, conf=0: [fa69ee7c-0798-4ff8-b468-99ad50c0848e:192.168.151.112:42872, e5fde6a0-3418-4bd7-b263-40da0cf228f6:192.168.151.112:42548, 7dacd8a8-dd8d-4754-a701-fe48d6265aff:192.168.151.112:35870], old=null RUNNING
2019-09-17 08:00:27,495 [grpc-default-executor-3] INFO  impl.RaftServerImpl (RaftServerImpl.java:lambda$shutdown$3(251)) - 7dacd8a8-dd8d-4754-a701-fe48d6265aff@group-9D95763EF4C0: shutdown
2019-09-17 08:00:27,495 [grpc-default-executor-3] INFO  util.JmxRegister (JmxRegister.java:unregister(73)) - Successfully un-registered JMX Bean with object name Ratis:service=RaftServer,group=group-9D95763EF4C0,id=7dacd8a8-dd8d-4754-a701-fe48d6265aff
2019-09-17 08:00:27,496 [grpc-default-executor-3] INFO  impl.RoleInfo (RoleInfo.java:shutdownFollowerState(121)) - 7dacd8a8-dd8d-4754-a701-fe48d6265aff: shutdown FollowerState
2019-09-17 08:00:27,496 [grpc-default-executor-3] INFO  impl.StateMachineUpdater (StateMachineUpdater.java:stopAndJoin(125)) - 7dacd8a8-dd8d-4754-a701-fe48d6265aff@group-9D95763EF4C0-StateMachineUpdater: set stopIndex = 6
2019-09-17 08:00:27,496 [Thread-322] INFO  impl.FollowerState (FollowerState.java:run(115)) - 7dacd8a8-dd8d-4754-a701-fe48d6265aff: FollowerState was interrupted: java.lang.InterruptedException: sleep interrupted
2019-09-17 08:00:27,496 [7dacd8a8-dd8d-4754-a701-fe48d6265aff@group-9D95763EF4C0-StateMachineUpdater] INFO  ratis.ContainerStateMachine (ContainerStateMachine.java:takeSnapshot(289)) - group-9D95763EF4C0: Taking a snapshot at:(t:1, i:4) file /workdir/hadoop-ozone/integration-test/target/test-dir/MiniOzoneClusterImpl-e8813a34-ce39-44d2-b891-204f93c5be6a/datanode-6/data/ratis/10cd0ac1-6bf1-4cef-a5bc-9d95763ef4c0/sm/snapshot.1_4
2019-09-17 08:00:27,538 [7dacd8a8-dd8d-4754-a701-fe48d6265aff@group-9D95763EF4C0-StateMachineUpdater] INFO  ratis.ContainerStateMachine (ContainerStateMachine.java:takeSnapshot(300)) - group-9D95763EF4C0: Finished taking a snapshot at:(t:1, i:4) file:/workdir/hadoop-ozone/integration-test/target/test-dir/MiniOzoneClusterImpl-e8813a34-ce39-44d2-b891-204f93c5be6a/datanode-6/data/ratis/10cd0ac1-6bf1-4cef-a5bc-9d95763ef4c0/sm/snapshot.1_4 time:41
2019-09-17 08:00:27,539 [7dacd8a8-dd8d-4754-a701-fe48d6265aff@group-9D95763EF4C0-StateMachineUpdater] INFO  impl.StateMachineUpdater (StateMachineUpdater.java:takeSnapshot(258)) - 7dacd8a8-dd8d-4754-a701-fe48d6265aff@group-9D95763EF4C0-StateMachineUpdater: Took a snapshot at index 4
2019-09-17 08:00:27,542 [7dacd8a8-dd8d-4754-a701-fe48d6265aff@group-9D95763EF4C0-StateMachineUpdater] INFO  impl.StateMachineUpdater (StateMachineUpdater.java:lambda$new$0(83)) - 7dacd8a8-dd8d-4754-a701-fe48d6265aff@group-9D95763EF4C0-StateMachineUpdater: snapshotIndex: updateIncreasingly -1 -> 4
2019-09-17 08:00:27,547 [7dacd8a8-dd8d-4754-a701-fe48d6265aff@group-9D95763EF4C0-StateMachineUpdater] INFO  ratis.ContainerStateMachine (ContainerStateMachine.java:takeSnapshot(289)) - group-9D95763EF4C0: Taking a snapshot at:(t:1, i:4) file /workdir/hadoop-ozone/integration-test/target/test-dir/MiniOzoneClusterImpl-e8813a34-ce39-44d2-b891-204f93c5be6a/datanode-6/data/ratis/10cd0ac1-6bf1-4cef-a5bc-9d95763ef4c0/sm/snapshot.1_4
2019-09-17 08:00:27,559 [7dacd8a8-dd8d-4754-a701-fe48d6265aff@group-9D95763EF4C0-StateMachineUpdater] INFO  ratis.ContainerStateMachine (ContainerStateMachine.java:takeSnapshot(300)) - group-9D95763EF4C0: Finished taking a snapshot at:(t:1, i:4) file:/workdir/hadoop-ozone/integration-test/target/test-dir/MiniOzoneClusterImpl-e8813a34-ce39-44d2-b891-204f93c5be6a/datanode-6/data/ratis/10cd0ac1-6bf1-4cef-a5bc-9d95763ef4c0/sm/snapshot.1_4 time:12
2019-09-17 08:00:27,560 [7dacd8a8-dd8d-4754-a701-fe48d6265aff@group-9D95763EF4C0-StateMachineUpdater] INFO  impl.StateMachineUpdater (StateMachineUpdater.java:takeSnapshot(258)) - 7dacd8a8-dd8d-4754-a701-fe48d6265aff@group-9D95763EF4C0-StateMachineUpdater: Took a snapshot at index 4
2019-09-17 08:00:27,560 [7dacd8a8-dd8d-4754-a701-fe48d6265aff@group-9D95763EF4C0-StateMachineUpdater] INFO  impl.StateMachineUpdater (StateMachineUpdater.java:lambda$new$0(83)) - 7dacd8a8-dd8d-4754-a701-fe48d6265aff@group-9D95763EF4C0-StateMachineUpdater: snapshotIndex: updateIncreasingly 4 -> 4
2019-09-17 08:00:27,560 [grpc-default-executor-3] INFO  impl.RaftServerImpl (ServerState.java:close(385)) - 7dacd8a8-dd8d-4754-a701-fe48d6265aff@group-9D95763EF4C0: closes. applyIndex: 6
2019-09-17 08:00:27,564 [7dacd8a8-dd8d-4754-a701-fe48d6265aff@group-9D95763EF4C0-SegmentedRaftLogWorker] ERROR ratis.XceiverServerRatis (XceiverServerRatis.java:triggerPipelineClose(575)) - pipeline Action CLOSE  on pipeline PipelineID=10cd0ac1-6bf1-4cef-a5bc-9d95763ef4c0.Reason : WriteLog:8: (t:1, i:8), STATEMACHINELOGENTRY, client-77AE72837E11, cid=25-writeStateMachineData interrupted.
2019-09-17 08:00:27,568 [EventQueue-PipelineActionsForPipelineActionHandler] ERROR pipeline.PipelineActionHandler (PipelineActionHandler.java:onMessage(60)) - Received pipeline action CLOSE for Pipeline[ Id: 10cd0ac1-6bf1-4cef-a5bc-9d95763ef4c0, Nodes: 7dacd8a8-dd8d-4754-a701-fe48d6265aff{ip: 192.168.151.112, host: pr-hdds-2134-72wlk-3981800394, networkLocation: /default-rack, certSerialId: null}fa69ee7c-0798-4ff8-b468-99ad50c0848e{ip: 192.168.151.112, host: pr-hdds-2134-72wlk-3981800394, networkLocation: /default-rack, certSerialId: null}e5fde6a0-3418-4bd7-b263-40da0cf228f6{ip: 192.168.151.112, host: pr-hdds-2134-72wlk-3981800394, networkLocation: /default-rack, certSerialId: null}, Type:RATIS, Factor:THREE, State:CLOSED] from datanode 7dacd8a8-dd8d-4754-a701-fe48d6265aff{ip: 192.168.151.112, host: pr-hdds-2134-72wlk-3981800394, networkLocation: /default-rack, certSerialId: null}. Reason : WriteLog:8: (t:1, i:8), STATEMACHINELOGENTRY, client-77AE72837E11, cid=25-writeStateMachineData interrupted.
2019-09-17 08:00:27,569 [EventQueue-PipelineActionsForPipelineActionHandler] INFO  pipeline.SCMPipelineManager (SCMPipelineManager.java:finalizeAndDestroyPipeline(311)) - destroying pipeline:Pipeline[ Id: 10cd0ac1-6bf1-4cef-a5bc-9d95763ef4c0, Nodes: 7dacd8a8-dd8d-4754-a701-fe48d6265aff{ip: 192.168.151.112, host: pr-hdds-2134-72wlk-3981800394, networkLocation: /default-rack, certSerialId: null}fa69ee7c-0798-4ff8-b468-99ad50c0848e{ip: 192.168.151.112, host: pr-hdds-2134-72wlk-3981800394, networkLocation: /default-rack, certSerialId: null}e5fde6a0-3418-4bd7-b263-40da0cf228f6{ip: 192.168.151.112, host: pr-hdds-2134-72wlk-3981800394, networkLocation: /default-rack, certSerialId: null}, Type:RATIS, Factor:THREE, State:CLOSED]
2019-09-17 08:00:27,569 [grpc-default-executor-3] INFO  segmented.SegmentedRaftLogWorker (SegmentedRaftLogWorker.java:close(228)) - 7dacd8a8-dd8d-4754-a701-fe48d6265aff@group-9D95763EF4C0-SegmentedRaftLogWorker close()
2019-09-17 08:00:27,581 [grpc-default-executor-3] INFO  interfaces.Container (KeyValueContainer.java:flushAndSyncDB(386)) - Container 3 is synced with bcsId 4.
2019-09-17 08:00:27,582 [grpc-default-executor-3] INFO  interfaces.Container (KeyValueContainer.java:flushAndSyncDB(386)) - Container 3 is synced with bcsId 4.
2019-09-17 08:00:27,590 [EventQueue-IncrementalContainerReportForIncrementalContainerReportHandler] INFO  container.IncrementalContainerReportHandler (AbstractContainerReportHandler.java:updateContainerState(169)) - Moving container #3 to QUASI_CLOSED state, datanode 7dacd8a8-dd8d-4754-a701-fe48d6265aff{ip: 192.168.151.112, host: pr-hdds-2134-72wlk-3981800394, networkLocation: /default-rack, certSerialId: null} reported QUASI_CLOSED replica.
2019-09-17 08:00:27,607 [grpc-default-executor-3] INFO  interfaces.Container (KeyValueContainer.java:flushAndSyncDB(386)) - Container 4 is synced with bcsId 0.
2019-09-17 08:00:27,607 [grpc-default-executor-3] INFO  interfaces.Container (KeyValueContainer.java:flushAndSyncDB(386)) - Container 4 is synced with bcsId 0.
2019-09-17 08:00:27,613 [EventQueue-IncrementalContainerReportForIncrementalContainerReportHandler] INFO  container.IncrementalContainerReportHandler (AbstractContainerReportHandler.java:updateContainerState(169)) - Moving container #4 to QUASI_CLOSED state, datanode 7dacd8a8-dd8d-4754-a701-fe48d6265aff{ip: 192.168.151.112, host: pr-hdds-2134-72wlk-3981800394, networkLocation: /default-rack, certSerialId: null} reported QUASI_CLOSED replica.
2019-09-17 08:00:27,623 [grpc-default-executor-3] INFO  impl.RaftServerProxy (RaftServerProxy.java:remove(95)) - fa69ee7c-0798-4ff8-b468-99ad50c0848e: remove    LEADER fa69ee7c-0798-4ff8-b468-99ad50c0848e@group-9D95763EF4C0:t1, leader=fa69ee7c-0798-4ff8-b468-99ad50c0848e, voted=fa69ee7c-0798-4ff8-b468-99ad50c0848e, raftlog=fa69ee7c-0798-4ff8-b468-99ad50c0848e@group-9D95763EF4C0-SegmentedRaftLog:OPENED:c6,f6,i13, conf=0: [fa69ee7c-0798-4ff8-b468-99ad50c0848e:192.168.151.112:42872, e5fde6a0-3418-4bd7-b263-40da0cf228f6:192.168.151.112:42548, 7dacd8a8-dd8d-4754-a701-fe48d6265aff:192.168.151.112:35870], old=null RUNNING
2019-09-17 08:00:27,623 [grpc-default-executor-3] INFO  impl.RaftServerImpl (RaftServerImpl.java:lambda$shutdown$3(251)) - fa69ee7c-0798-4ff8-b468-99ad50c0848e@group-9D95763EF4C0: shutdown
2019-09-17 08:00:27,623 [grpc-default-executor-3] INFO  util.JmxRegister (JmxRegister.java:unregister(73)) - Successfully un-registered JMX Bean with object name Ratis:service=RaftServer,group=group-9D95763EF4C0,id=fa69ee7c-0798-4ff8-b468-99ad50c0848e
2019-09-17 08:00:27,623 [grpc-default-executor-3] INFO  impl.RoleInfo (RoleInfo.java:shutdownLeaderState(104)) - fa69ee7c-0798-4ff8-b468-99ad50c0848e: shutdown LeaderState
2019-09-17 08:00:27,628 [grpc-default-executor-3] INFO  impl.PendingRequests (PendingRequests.java:sendNotLeaderResponses(202)) - fa69ee7c-0798-4ff8-b468-99ad50c0848e-PendingRequests: sendNotLeaderResponses
2019-09-17 08:00:27,631 [org.apache.ratis.server.impl.LogAppender$AppenderDaemon$$Lambda$507/852818368@2f10a133] WARN  server.GrpcLogAppender (GrpcLogAppender.java:mayWait(143)) - fa69ee7c-0798-4ff8-b468-99ad50c0848e@group-9D95763EF4C0->7dacd8a8-dd8d-4754-a701-fe48d6265aff-GrpcLogAppender: Wait interrupted by java.lang.InterruptedException
2019-09-17 08:00:27,631 [org.apache.ratis.server.impl.LogAppender$AppenderDaemon$$Lambda$507/852818368@3dd6e51d] WARN  server.GrpcLogAppender (GrpcLogAppender.java:mayWait(143)) - fa69ee7c-0798-4ff8-b468-99ad50c0848e@group-9D95763EF4C0->e5fde6a0-3418-4bd7-b263-40da0cf228f6-GrpcLogAppender: Wait interrupted by java.lang.InterruptedException
2019-09-17 08:00:27,632 [grpc-default-executor-1] INFO  server.GrpcServerProtocolService (GrpcServerProtocolService.java:onCompleted(113)) - 7dacd8a8-dd8d-4754-a701-fe48d6265aff: Completed APPEND_ENTRIES, lastRequest: fa69ee7c-0798-4ff8-b468-99ad50c0848e->7dacd8a8-dd8d-4754-a701-fe48d6265aff#89-t1, previous=(t:1, i:13), leaderCommit=6, initializing? false, entries: <empty>
2019-09-17 08:00:27,632 [grpc-default-executor-2] INFO  server.GrpcServerProtocolService (GrpcServerProtocolService.java:onCompleted(113)) - e5fde6a0-3418-4bd7-b263-40da0cf228f6: Completed APPEND_ENTRIES, lastRequest: fa69ee7c-0798-4ff8-b468-99ad50c0848e->e5fde6a0-3418-4bd7-b263-40da0cf228f6#89-t1, previous=(t:1, i:13), leaderCommit=6, initializing? false, entries: <empty>
2019-09-17 08:00:27,637 [grpc-default-executor-3] INFO  impl.StateMachineUpdater (StateMachineUpdater.java:stopAndJoin(125)) - fa69ee7c-0798-4ff8-b468-99ad50c0848e@group-9D95763EF4C0-StateMachineUpdater: set stopIndex = 6
2019-09-17 08:00:27,637 [fa69ee7c-0798-4ff8-b468-99ad50c0848e@group-9D95763EF4C0-StateMachineUpdater] INFO  ratis.ContainerStateMachine (ContainerStateMachine.java:takeSnapshot(289)) - group-9D95763EF4C0: Taking a snapshot at:(t:1, i:6) file /workdir/hadoop-ozone/integration-test/target/test-dir/MiniOzoneClusterImpl-e8813a34-ce39-44d2-b891-204f93c5be6a/datanode-4/data/ratis/10cd0ac1-6bf1-4cef-a5bc-9d95763ef4c0/sm/snapshot.1_6
2019-09-17 08:00:27,637 [grpc-default-executor-1] INFO  server.GrpcLogAppender (GrpcLogAppender.java:onCompleted(293)) - fa69ee7c-0798-4ff8-b468-99ad50c0848e@group-9D95763EF4C0->e5fde6a0-3418-4bd7-b263-40da0cf228f6-AppendLogResponseHandler: follower responses appendEntries COMPLETED
2019-09-17 08:00:27,637 [grpc-default-executor-2] INFO  server.GrpcLogAppender (GrpcLogAppender.java:onCompleted(293)) - fa69ee7c-0798-4ff8-b468-99ad50c0848e@group-9D95763EF4C0->7dacd8a8-dd8d-4754-a701-fe48d6265aff-AppendLogResponseHandler: follower responses appendEntries COMPLETED
2019-09-17 08:00:27,638 [grpc-default-executor-1] INFO  impl.FollowerInfo (FollowerInfo.java:lambda$new$0(51)) - fa69ee7c-0798-4ff8-b468-99ad50c0848e@group-9D95763EF4C0->e5fde6a0-3418-4bd7-b263-40da0cf228f6: nextIndex: updateUnconditionally 14 -> 7
2019-09-17 08:00:27,638 [grpc-default-executor-2] INFO  impl.FollowerInfo (FollowerInfo.java:lambda$new$0(51)) - fa69ee7c-0798-4ff8-b468-99ad50c0848e@group-9D95763EF4C0->7dacd8a8-dd8d-4754-a701-fe48d6265aff: nextIndex: updateUnconditionally 14 -> 7
2019-09-17 08:00:27,640 [fa69ee7c-0798-4ff8-b468-99ad50c0848e@group-9D95763EF4C0-StateMachineUpdater] INFO  ratis.ContainerStateMachine (ContainerStateMachine.java:takeSnapshot(300)) - group-9D95763EF4C0: Finished taking a snapshot at:(t:1, i:6) file:/workdir/hadoop-ozone/integration-test/target/test-dir/MiniOzoneClusterImpl-e8813a34-ce39-44d2-b891-204f93c5be6a/datanode-4/data/ratis/10cd0ac1-6bf1-4cef-a5bc-9d95763ef4c0/sm/snapshot.1_6 time:4
2019-09-17 08:00:27,641 [fa69ee7c-0798-4ff8-b468-99ad50c0848e@group-9D95763EF4C0-StateMachineUpdater] INFO  impl.StateMachineUpdater (StateMachineUpdater.java:takeSnapshot(258)) - fa69ee7c-0798-4ff8-b468-99ad50c0848e@group-9D95763EF4C0-StateMachineUpdater: Took a snapshot at index 6
2019-09-17 08:00:27,641 [fa69ee7c-0798-4ff8-b468-99ad50c0848e@group-9D95763EF4C0-StateMachineUpdater] INFO  impl.StateMachineUpdater (StateMachineUpdater.java:lambda$new$0(83)) - fa69ee7c-0798-4ff8-b468-99ad50c0848e@group-9D95763EF4C0-StateMachineUpdater: snapshotIndex: updateIncreasingly -1 -> 6
2019-09-17 08:00:27,641 [grpc-default-executor-3] INFO  impl.RaftServerImpl (ServerState.java:close(385)) - fa69ee7c-0798-4ff8-b468-99ad50c0848e@group-9D95763EF4C0: closes. applyIndex: 6
2019-09-17 08:00:27,641 [fa69ee7c-0798-4ff8-b468-99ad50c0848e@group-9D95763EF4C0-SegmentedRaftLogWorker] ERROR ratis.XceiverServerRatis (XceiverServerRatis.java:triggerPipelineClose(575)) - pipeline Action CLOSE  on pipeline PipelineID=10cd0ac1-6bf1-4cef-a5bc-9d95763ef4c0.Reason : WriteLog:8: (t:1, i:8), STATEMACHINELOGENTRY, client-77AE72837E11, cid=25-writeStateMachineData interrupted.
2019-09-17 08:00:27,644 [EventQueue-PipelineActionsForPipelineActionHandler] ERROR pipeline.PipelineActionHandler (PipelineActionHandler.java:onMessage(60)) - Received pipeline action CLOSE for Pipeline[ Id: 10cd0ac1-6bf1-4cef-a5bc-9d95763ef4c0, Nodes: 7dacd8a8-dd8d-4754-a701-fe48d6265aff{ip: 192.168.151.112, host: pr-hdds-2134-72wlk-3981800394, networkLocation: /default-rack, certSerialId: null}fa69ee7c-0798-4ff8-b468-99ad50c0848e{ip: 192.168.151.112, host: pr-hdds-2134-72wlk-3981800394, networkLocation: /default-rack, certSerialId: null}e5fde6a0-3418-4bd7-b263-40da0cf228f6{ip: 192.168.151.112, host: pr-hdds-2134-72wlk-3981800394, networkLocation: /default-rack, certSerialId: null}, Type:RATIS, Factor:THREE, State:CLOSED] from datanode fa69ee7c-0798-4ff8-b468-99ad50c0848e{ip: 192.168.151.112, host: pr-hdds-2134-72wlk-3981800394, networkLocation: /default-rack, certSerialId: null}. Reason : WriteLog:8: (t:1, i:8), STATEMACHINELOGENTRY, client-77AE72837E11, cid=25-writeStateMachineData interrupted.
2019-09-17 08:00:27,645 [EventQueue-PipelineActionsForPipelineActionHandler] INFO  pipeline.SCMPipelineManager (SCMPipelineManager.java:finalizeAndDestroyPipeline(311)) - destroying pipeline:Pipeline[ Id: 10cd0ac1-6bf1-4cef-a5bc-9d95763ef4c0, Nodes: 7dacd8a8-dd8d-4754-a701-fe48d6265aff{ip: 192.168.151.112, host: pr-hdds-2134-72wlk-3981800394, networkLocation: /default-rack, certSerialId: null}fa69ee7c-0798-4ff8-b468-99ad50c0848e{ip: 192.168.151.112, host: pr-hdds-2134-72wlk-3981800394, networkLocation: /default-rack, certSerialId: null}e5fde6a0-3418-4bd7-b263-40da0cf228f6{ip: 192.168.151.112, host: pr-hdds-2134-72wlk-3981800394, networkLocation: /default-rack, certSerialId: null}, Type:RATIS, Factor:THREE, State:CLOSED]
2019-09-17 08:00:27,647 [Command processor thread] ERROR commandhandler.CloseContainerCommandHandler (CloseContainerCommandHandler.java:handle(125)) - Can't close container #4
java.io.IOException: org.apache.ratis.protocol.GroupMismatchException: fa69ee7c-0798-4ff8-b468-99ad50c0848e: group-9D95763EF4C0 not found.
	at org.apache.hadoop.ozone.container.common.transport.server.ratis.XceiverServerRatis.submitRequest(XceiverServerRatis.java:502)
	at org.apache.hadoop.ozone.container.common.statemachine.commandhandler.CloseContainerCommandHandler.handle(CloseContainerCommandHandler.java:102)
	at org.apache.hadoop.ozone.container.common.statemachine.commandhandler.CommandDispatcher.handle(CommandDispatcher.java:99)
	at org.apache.hadoop.ozone.container.common.statemachine.DatanodeStateMachine.lambda$initCommandHandlerThread$1(DatanodeStateMachine.java:432)
	at java.lang.Thread.run(Thread.java:748)
Caused by: java.util.concurrent.ExecutionException: org.apache.ratis.protocol.GroupMismatchException: fa69ee7c-0798-4ff8-b468-99ad50c0848e: group-9D95763EF4C0 not found.
	at java.util.concurrent.CompletableFuture.reportGet(CompletableFuture.java:357)
	at java.util.concurrent.CompletableFuture.get(CompletableFuture.java:1895)
	at org.apache.hadoop.ozone.container.common.transport.server.ratis.XceiverServerRatis.submitRequest(XceiverServerRatis.java:500)
	... 4 more
Caused by: org.apache.ratis.protocol.GroupMismatchException: fa69ee7c-0798-4ff8-b468-99ad50c0848e: group-9D95763EF4C0 not found.
	at org.apache.ratis.server.impl.RaftServerProxy$ImplMap.get(RaftServerProxy.java:122)
	at org.apache.ratis.server.impl.RaftServerProxy.getImplFuture(RaftServerProxy.java:269)
	at org.apache.ratis.server.impl.RaftServerProxy.submitRequest(RaftServerProxy.java:327)
	at org.apache.ratis.server.impl.RaftServerProxy.submitClientRequestAsync(RaftServerProxy.java:333)
	... 5 more
2019-09-17 08:00:27,647 [grpc-default-executor-3] INFO  segmented.SegmentedRaftLogWorker (SegmentedRaftLogWorker.java:close(228)) - fa69ee7c-0798-4ff8-b468-99ad50c0848e@group-9D95763EF4C0-SegmentedRaftLogWorker close()
2019-09-17 08:00:27,655 [grpc-default-executor-3] INFO  interfaces.Container (KeyValueContainer.java:flushAndSyncDB(386)) - Container 3 is synced with bcsId 4.
2019-09-17 08:00:27,655 [grpc-default-executor-3] INFO  interfaces.Container (KeyValueContainer.java:flushAndSyncDB(386)) - Container 3 is synced with bcsId 4.
2019-09-17 08:00:27,678 [grpc-default-executor-3] INFO  interfaces.Container (KeyValueContainer.java:flushAndSyncDB(386)) - Container 4 is synced with bcsId 0.
2019-09-17 08:00:27,678 [grpc-default-executor-3] INFO  interfaces.Container (KeyValueContainer.java:flushAndSyncDB(386)) - Container 4 is synced with bcsId 0.
2019-09-17 08:00:27,689 [grpc-default-executor-3] INFO  impl.RaftServerProxy (RaftServerProxy.java:remove(95)) - e5fde6a0-3418-4bd7-b263-40da0cf228f6: remove  FOLLOWER e5fde6a0-3418-4bd7-b263-40da0cf228f6@group-9D95763EF4C0:t1, leader=fa69ee7c-0798-4ff8-b468-99ad50c0848e, voted=fa69ee7c-0798-4ff8-b468-99ad50c0848e, raftlog=e5fde6a0-3418-4bd7-b263-40da0cf228f6@group-9D95763EF4C0-SegmentedRaftLog:OPENED:c6,f6,i13, conf=0: [fa69ee7c-0798-4ff8-b468-99ad50c0848e:192.168.151.112:42872, e5fde6a0-3418-4bd7-b263-40da0cf228f6:192.168.151.112:42548, 7dacd8a8-dd8d-4754-a701-fe48d6265aff:192.168.151.112:35870], old=null RUNNING
2019-09-17 08:00:27,689 [grpc-default-executor-3] INFO  impl.RaftServerImpl (RaftServerImpl.java:lambda$shutdown$3(251)) - e5fde6a0-3418-4bd7-b263-40da0cf228f6@group-9D95763EF4C0: shutdown
2019-09-17 08:00:27,690 [grpc-default-executor-3] INFO  util.JmxRegister (JmxRegister.java:unregister(73)) - Successfully un-registered JMX Bean with object name Ratis:service=RaftServer,group=group-9D95763EF4C0,id=e5fde6a0-3418-4bd7-b263-40da0cf228f6
2019-09-17 08:00:27,690 [grpc-default-executor-3] INFO  impl.RoleInfo (RoleInfo.java:shutdownFollowerState(121)) - e5fde6a0-3418-4bd7-b263-40da0cf228f6: shutdown FollowerState
2019-09-17 08:00:27,690 [grpc-default-executor-3] INFO  impl.StateMachineUpdater (StateMachineUpdater.java:stopAndJoin(125)) - e5fde6a0-3418-4bd7-b263-40da0cf228f6@group-9D95763EF4C0-StateMachineUpdater: set stopIndex = 6
2019-09-17 08:00:27,690 [Thread-321] INFO  impl.FollowerState (FollowerState.java:run(115)) - e5fde6a0-3418-4bd7-b263-40da0cf228f6: FollowerState was interrupted: java.lang.InterruptedException: sleep interrupted
2019-09-17 08:00:27,690 [e5fde6a0-3418-4bd7-b263-40da0cf228f6@group-9D95763EF4C0-StateMachineUpdater] INFO  ratis.ContainerStateMachine (ContainerStateMachine.java:takeSnapshot(289)) - group-9D95763EF4C0: Taking a snapshot at:(t:1, i:4) file /workdir/hadoop-ozone/integration-test/target/test-dir/MiniOzoneClusterImpl-e8813a34-ce39-44d2-b891-204f93c5be6a/datanode-0/data/ratis/10cd0ac1-6bf1-4cef-a5bc-9d95763ef4c0/sm/snapshot.1_4
2019-09-17 08:00:27,715 [e5fde6a0-3418-4bd7-b263-40da0cf228f6@group-9D95763EF4C0-StateMachineUpdater] INFO  ratis.ContainerStateMachine (ContainerStateMachine.java:takeSnapshot(300)) - group-9D95763EF4C0: Finished taking a snapshot at:(t:1, i:4) file:/workdir/hadoop-ozone/integration-test/target/test-dir/MiniOzoneClusterImpl-e8813a34-ce39-44d2-b891-204f93c5be6a/datanode-0/data/ratis/10cd0ac1-6bf1-4cef-a5bc-9d95763ef4c0/sm/snapshot.1_4 time:25
2019-09-17 08:00:27,715 [e5fde6a0-3418-4bd7-b263-40da0cf228f6@group-9D95763EF4C0-StateMachineUpdater] INFO  impl.StateMachineUpdater (StateMachineUpdater.java:takeSnapshot(258)) - e5fde6a0-3418-4bd7-b263-40da0cf228f6@group-9D95763EF4C0-StateMachineUpdater: Took a snapshot at index 4
2019-09-17 08:00:27,716 [e5fde6a0-3418-4bd7-b263-40da0cf228f6@group-9D95763EF4C0-StateMachineUpdater] INFO  impl.StateMachineUpdater (StateMachineUpdater.java:lambda$new$0(83)) - e5fde6a0-3418-4bd7-b263-40da0cf228f6@group-9D95763EF4C0-StateMachineUpdater: snapshotIndex: updateIncreasingly -1 -> 4
2019-09-17 08:00:27,716 [e5fde6a0-3418-4bd7-b263-40da0cf228f6@group-9D95763EF4C0-StateMachineUpdater] INFO  ratis.ContainerStateMachine (ContainerStateMachine.java:takeSnapshot(289)) - group-9D95763EF4C0: Taking a snapshot at:(t:1, i:4) file /workdir/hadoop-ozone/integration-test/target/test-dir/MiniOzoneClusterImpl-e8813a34-ce39-44d2-b891-204f93c5be6a/datanode-0/data/ratis/10cd0ac1-6bf1-4cef-a5bc-9d95763ef4c0/sm/snapshot.1_4
2019-09-17 08:00:27,719 [e5fde6a0-3418-4bd7-b263-40da0cf228f6@group-9D95763EF4C0-StateMachineUpdater] INFO  ratis.ContainerStateMachine (ContainerStateMachine.java:takeSnapshot(300)) - group-9D95763EF4C0: Finished taking a snapshot at:(t:1, i:4) file:/workdir/hadoop-ozone/integration-test/target/test-dir/MiniOzoneClusterImpl-e8813a34-ce39-44d2-b891-204f93c5be6a/datanode-0/data/ratis/10cd0ac1-6bf1-4cef-a5bc-9d95763ef4c0/sm/snapshot.1_4 time:3
2019-09-17 08:00:27,719 [e5fde6a0-3418-4bd7-b263-40da0cf228f6@group-9D95763EF4C0-StateMachineUpdater] INFO  impl.StateMachineUpdater (StateMachineUpdater.java:takeSnapshot(258)) - e5fde6a0-3418-4bd7-b263-40da0cf228f6@group-9D95763EF4C0-StateMachineUpdater: Took a snapshot at index 4
2019-09-17 08:00:27,719 [e5fde6a0-3418-4bd7-b263-40da0cf228f6@group-9D95763EF4C0-StateMachineUpdater] INFO  impl.StateMachineUpdater (StateMachineUpdater.java:lambda$new$0(83)) - e5fde6a0-3418-4bd7-b263-40da0cf228f6@group-9D95763EF4C0-StateMachineUpdater: snapshotIndex: updateIncreasingly 4 -> 4
2019-09-17 08:00:27,719 [grpc-default-executor-3] INFO  impl.RaftServerImpl (ServerState.java:close(385)) - e5fde6a0-3418-4bd7-b263-40da0cf228f6@group-9D95763EF4C0: closes. applyIndex: 6
2019-09-17 08:00:27,722 [e5fde6a0-3418-4bd7-b263-40da0cf228f6@group-9D95763EF4C0-SegmentedRaftLogWorker] ERROR ratis.XceiverServerRatis (XceiverServerRatis.java:triggerPipelineClose(575)) - pipeline Action CLOSE  on pipeline PipelineID=10cd0ac1-6bf1-4cef-a5bc-9d95763ef4c0.Reason : WriteLog:8: (t:1, i:8), STATEMACHINELOGENTRY, client-77AE72837E11, cid=25-writeStateMachineData interrupted.
2019-09-17 08:00:27,725 [EventQueue-PipelineActionsForPipelineActionHandler] ERROR pipeline.PipelineActionHandler (PipelineActionHandler.java:onMessage(60)) - Received pipeline action CLOSE for Pipeline[ Id: 10cd0ac1-6bf1-4cef-a5bc-9d95763ef4c0, Nodes: 7dacd8a8-dd8d-4754-a701-fe48d6265aff{ip: 192.168.151.112, host: pr-hdds-2134-72wlk-3981800394, networkLocation: /default-rack, certSerialId: null}fa69ee7c-0798-4ff8-b468-99ad50c0848e{ip: 192.168.151.112, host: pr-hdds-2134-72wlk-3981800394, networkLocation: /default-rack, certSerialId: null}e5fde6a0-3418-4bd7-b263-40da0cf228f6{ip: 192.168.151.112, host: pr-hdds-2134-72wlk-3981800394, networkLocation: /default-rack, certSerialId: null}, Type:RATIS, Factor:THREE, State:CLOSED] from datanode e5fde6a0-3418-4bd7-b263-40da0cf228f6{ip: 192.168.151.112, host: pr-hdds-2134-72wlk-3981800394, networkLocation: /default-rack, certSerialId: null}. Reason : WriteLog:8: (t:1, i:8), STATEMACHINELOGENTRY, client-77AE72837E11, cid=25-writeStateMachineData interrupted.
2019-09-17 08:00:27,725 [EventQueue-PipelineActionsForPipelineActionHandler] INFO  pipeline.SCMPipelineManager (SCMPipelineManager.java:finalizeAndDestroyPipeline(311)) - destroying pipeline:Pipeline[ Id: 10cd0ac1-6bf1-4cef-a5bc-9d95763ef4c0, Nodes: 7dacd8a8-dd8d-4754-a701-fe48d6265aff{ip: 192.168.151.112, host: pr-hdds-2134-72wlk-3981800394, networkLocation: /default-rack, certSerialId: null}fa69ee7c-0798-4ff8-b468-99ad50c0848e{ip: 192.168.151.112, host: pr-hdds-2134-72wlk-3981800394, networkLocation: /default-rack, certSerialId: null}e5fde6a0-3418-4bd7-b263-40da0cf228f6{ip: 192.168.151.112, host: pr-hdds-2134-72wlk-3981800394, networkLocation: /default-rack, certSerialId: null}, Type:RATIS, Factor:THREE, State:CLOSED]
2019-09-17 08:00:27,726 [grpc-default-executor-3] INFO  segmented.SegmentedRaftLogWorker (SegmentedRaftLogWorker.java:close(228)) - e5fde6a0-3418-4bd7-b263-40da0cf228f6@group-9D95763EF4C0-SegmentedRaftLogWorker close()
2019-09-17 08:00:27,733 [grpc-default-executor-3] INFO  interfaces.Container (KeyValueContainer.java:flushAndSyncDB(386)) - Container 3 is synced with bcsId 4.
2019-09-17 08:00:27,733 [grpc-default-executor-3] INFO  interfaces.Container (KeyValueContainer.java:flushAndSyncDB(386)) - Container 3 is synced with bcsId 4.
2019-09-17 08:00:27,757 [grpc-default-executor-3] INFO  interfaces.Container (KeyValueContainer.java:flushAndSyncDB(386)) - Container 4 is synced with bcsId 0.
2019-09-17 08:00:27,757 [grpc-default-executor-3] INFO  interfaces.Container (KeyValueContainer.java:flushAndSyncDB(386)) - Container 4 is synced with bcsId 0.
2019-09-17 08:00:27,764 [RatisPipelineUtilsThread] INFO  pipeline.PipelineStateManager (PipelineStateManager.java:removePipeline(108)) - Pipeline Pipeline[ Id: 10cd0ac1-6bf1-4cef-a5bc-9d95763ef4c0, Nodes: 7dacd8a8-dd8d-4754-a701-fe48d6265aff{ip: 192.168.151.112, host: pr-hdds-2134-72wlk-3981800394, networkLocation: /default-rack, certSerialId: null}fa69ee7c-0798-4ff8-b468-99ad50c0848e{ip: 192.168.151.112, host: pr-hdds-2134-72wlk-3981800394, networkLocation: /default-rack, certSerialId: null}e5fde6a0-3418-4bd7-b263-40da0cf228f6{ip: 192.168.151.112, host: pr-hdds-2134-72wlk-3981800394, networkLocation: /default-rack, certSerialId: null}, Type:RATIS, Factor:THREE, State:CLOSED] removed from db
2019-09-17 08:00:27,782 [grpc-default-executor-2] INFO  impl.RaftServerProxy (RaftServerProxy.java:addNew(89)) - 7dacd8a8-dd8d-4754-a701-fe48d6265aff: addNew group-92E9A3D2A475:[fa69ee7c-0798-4ff8-b468-99ad50c0848e:192.168.151.112:42872, e5fde6a0-3418-4bd7-b263-40da0cf228f6:192.168.151.112:42548, 7dacd8a8-dd8d-4754-a701-fe48d6265aff:192.168.151.112:35870] returns group-92E9A3D2A475:java.util.concurrent.CompletableFuture@2e578b16[Not completed]
2019-09-17 08:00:27,784 [grpc-default-executor-3] INFO  impl.RaftServerProxy (RaftServerProxy.java:addNew(89)) - e5fde6a0-3418-4bd7-b263-40da0cf228f6: addNew group-92E9A3D2A475:[fa69ee7c-0798-4ff8-b468-99ad50c0848e:192.168.151.112:42872, e5fde6a0-3418-4bd7-b263-40da0cf228f6:192.168.151.112:42548, 7dacd8a8-dd8d-4754-a701-fe48d6265aff:192.168.151.112:35870] returns group-92E9A3D2A475:java.util.concurrent.CompletableFuture@79b996c2[Not completed]
2019-09-17 08:00:27,787 [grpc-default-executor-3] INFO  impl.RaftServerProxy (RaftServerProxy.java:addNew(89)) - fa69ee7c-0798-4ff8-b468-99ad50c0848e: addNew group-92E9A3D2A475:[fa69ee7c-0798-4ff8-b468-99ad50c0848e:192.168.151.112:42872, e5fde6a0-3418-4bd7-b263-40da0cf228f6:192.168.151.112:42548, 7dacd8a8-dd8d-4754-a701-fe48d6265aff:192.168.151.112:35870] returns group-92E9A3D2A475:java.util.concurrent.CompletableFuture@623661f2[Not completed]
2019-09-17 08:00:27,789 [pool-27-thread-1] INFO  impl.RaftServerImpl (RaftServerImpl.java:<init>(95)) - e5fde6a0-3418-4bd7-b263-40da0cf228f6: new RaftServerImpl for group-92E9A3D2A475:[fa69ee7c-0798-4ff8-b468-99ad50c0848e:192.168.151.112:42872, e5fde6a0-3418-4bd7-b263-40da0cf228f6:192.168.151.112:42548, 7dacd8a8-dd8d-4754-a701-fe48d6265aff:192.168.151.112:35870] with ContainerStateMachine:uninitialized
2019-09-17 08:00:27,790 [pool-27-thread-1] INFO  server.RaftServerConfigKeys (ConfUtils.java:logGet(43)) - raft.server.rpc.timeout.min = 5s (custom)
2019-09-17 08:00:27,790 [pool-27-thread-1] INFO  server.RaftServerConfigKeys (ConfUtils.java:logGet(43)) - raft.server.rpc.timeout.max = 5200ms (custom)
2019-09-17 08:00:27,790 [pool-27-thread-1] INFO  server.RaftServerConfigKeys (ConfUtils.java:logGet(43)) - raft.server.rpcslowness.timeout = 120s (custom)
2019-09-17 08:00:27,790 [pool-27-thread-1] INFO  server.RaftServerConfigKeys (ConfUtils.java:logGet(43)) - raft.server.sleep.deviation.threshold = 300 (default)
2019-09-17 08:00:27,790 [pool-27-thread-1] INFO  server.RaftServerConfigKeys (ConfUtils.java:logGet(43)) - raft.server.log.appender.install.snapshot.enabled = false (custom)
2019-09-17 08:00:27,791 [pool-27-thread-1] INFO  impl.RaftServerImpl (ServerState.java:<init>(103)) - e5fde6a0-3418-4bd7-b263-40da0cf228f6@group-92E9A3D2A475: ConfigurationManager, init=-1: [fa69ee7c-0798-4ff8-b468-99ad50c0848e:192.168.151.112:42872, e5fde6a0-3418-4bd7-b263-40da0cf228f6:192.168.151.112:42548, 7dacd8a8-dd8d-4754-a701-fe48d6265aff:192.168.151.112:35870], old=null, confs=<EMPTY_MAP>
2019-09-17 08:00:27,791 [pool-27-thread-1] INFO  server.RaftServerConfigKeys (ConfUtils.java:logGet(43)) - raft.server.storage.dir = [/workdir/hadoop-ozone/integration-test/target/test-dir/MiniOzoneClusterImpl-e8813a34-ce39-44d2-b891-204f93c5be6a/datanode-0/data/ratis] (custom)
2019-09-17 08:00:27,791 [pool-67-thread-1] INFO  impl.RaftServerImpl (RaftServerImpl.java:<init>(95)) - fa69ee7c-0798-4ff8-b468-99ad50c0848e: new RaftServerImpl for group-92E9A3D2A475:[fa69ee7c-0798-4ff8-b468-99ad50c0848e:192.168.151.112:42872, e5fde6a0-3418-4bd7-b263-40da0cf228f6:192.168.151.112:42548, 7dacd8a8-dd8d-4754-a701-fe48d6265aff:192.168.151.112:35870] with ContainerStateMachine:uninitialized
2019-09-17 08:00:27,792 [pool-27-thread-1] INFO  storage.RaftStorageDirectory (RaftStorageDirectory.java:analyzeStorage(246)) - The storage directory /workdir/hadoop-ozone/integration-test/target/test-dir/MiniOzoneClusterImpl-e8813a34-ce39-44d2-b891-204f93c5be6a/datanode-0/data/ratis/d83774c8-a0fd-472c-bd83-92e9a3d2a475 does not exist. Creating ...
2019-09-17 08:00:27,792 [pool-67-thread-1] INFO  server.RaftServerConfigKeys (ConfUtils.java:logGet(43)) - raft.server.rpc.timeout.min = 5s (custom)
2019-09-17 08:00:27,792 [pool-67-thread-1] INFO  server.RaftServerConfigKeys (ConfUtils.java:logGet(43)) - raft.server.rpc.timeout.max = 5200ms (custom)
2019-09-17 08:00:27,792 [pool-67-thread-1] INFO  server.RaftServerConfigKeys (ConfUtils.java:logGet(43)) - raft.server.rpcslowness.timeout = 120s (custom)
2019-09-17 08:00:27,792 [pool-67-thread-1] INFO  server.RaftServerConfigKeys (ConfUtils.java:logGet(43)) - raft.server.sleep.deviation.threshold = 300 (default)
2019-09-17 08:00:27,793 [pool-67-thread-1] INFO  server.RaftServerConfigKeys (ConfUtils.java:logGet(43)) - raft.server.log.appender.install.snapshot.enabled = false (custom)
2019-09-17 08:00:27,793 [pool-67-thread-1] INFO  impl.RaftServerImpl (ServerState.java:<init>(103)) - fa69ee7c-0798-4ff8-b468-99ad50c0848e@group-92E9A3D2A475: ConfigurationManager, init=-1: [fa69ee7c-0798-4ff8-b468-99ad50c0848e:192.168.151.112:42872, e5fde6a0-3418-4bd7-b263-40da0cf228f6:192.168.151.112:42548, 7dacd8a8-dd8d-4754-a701-fe48d6265aff:192.168.151.112:35870], old=null, confs=<EMPTY_MAP>
2019-09-17 08:00:27,793 [pool-67-thread-1] INFO  server.RaftServerConfigKeys (ConfUtils.java:logGet(43)) - raft.server.storage.dir = [/workdir/hadoop-ozone/integration-test/target/test-dir/MiniOzoneClusterImpl-e8813a34-ce39-44d2-b891-204f93c5be6a/datanode-4/data/ratis] (custom)
2019-09-17 08:00:27,793 [pool-87-thread-1] INFO  impl.RaftServerImpl (RaftServerImpl.java:<init>(95)) - 7dacd8a8-dd8d-4754-a701-fe48d6265aff: new RaftServerImpl for group-92E9A3D2A475:[fa69ee7c-0798-4ff8-b468-99ad50c0848e:192.168.151.112:42872, e5fde6a0-3418-4bd7-b263-40da0cf228f6:192.168.151.112:42548, 7dacd8a8-dd8d-4754-a701-fe48d6265aff:192.168.151.112:35870] with ContainerStateMachine:uninitialized
2019-09-17 08:00:27,793 [pool-87-thread-1] INFO  server.RaftServerConfigKeys (ConfUtils.java:logGet(43)) - raft.server.rpc.timeout.min = 5s (custom)
2019-09-17 08:00:27,794 [pool-67-thread-1] INFO  storage.RaftStorageDirectory (RaftStorageDirectory.java:analyzeStorage(246)) - The storage directory /workdir/hadoop-ozone/integration-test/target/test-dir/MiniOzoneClusterImpl-e8813a34-ce39-44d2-b891-204f93c5be6a/datanode-4/data/ratis/d83774c8-a0fd-472c-bd83-92e9a3d2a475 does not exist. Creating ...
2019-09-17 08:00:27,794 [pool-87-thread-1] INFO  server.RaftServerConfigKeys (ConfUtils.java:logGet(43)) - raft.server.rpc.timeout.max = 5200ms (custom)
2019-09-17 08:00:27,794 [pool-87-thread-1] INFO  server.RaftServerConfigKeys (ConfUtils.java:logGet(43)) - raft.server.rpcslowness.timeout = 120s (custom)
2019-09-17 08:00:27,794 [pool-87-thread-1] INFO  server.RaftServerConfigKeys (ConfUtils.java:logGet(43)) - raft.server.sleep.deviation.threshold = 300 (default)
2019-09-17 08:00:27,794 [pool-87-thread-1] INFO  server.RaftServerConfigKeys (ConfUtils.java:logGet(43)) - raft.server.log.appender.install.snapshot.enabled = false (custom)
2019-09-17 08:00:27,795 [pool-87-thread-1] INFO  impl.RaftServerImpl (ServerState.java:<init>(103)) - 7dacd8a8-dd8d-4754-a701-fe48d6265aff@group-92E9A3D2A475: ConfigurationManager, init=-1: [fa69ee7c-0798-4ff8-b468-99ad50c0848e:192.168.151.112:42872, e5fde6a0-3418-4bd7-b263-40da0cf228f6:192.168.151.112:42548, 7dacd8a8-dd8d-4754-a701-fe48d6265aff:192.168.151.112:35870], old=null, confs=<EMPTY_MAP>
2019-09-17 08:00:27,795 [pool-87-thread-1] INFO  server.RaftServerConfigKeys (ConfUtils.java:logGet(43)) - raft.server.storage.dir = [/workdir/hadoop-ozone/integration-test/target/test-dir/MiniOzoneClusterImpl-e8813a34-ce39-44d2-b891-204f93c5be6a/datanode-6/data/ratis] (custom)
2019-09-17 08:00:27,795 [pool-87-thread-1] INFO  storage.RaftStorageDirectory (RaftStorageDirectory.java:analyzeStorage(246)) - The storage directory /workdir/hadoop-ozone/integration-test/target/test-dir/MiniOzoneClusterImpl-e8813a34-ce39-44d2-b891-204f93c5be6a/datanode-6/data/ratis/d83774c8-a0fd-472c-bd83-92e9a3d2a475 does not exist. Creating ...
2019-09-17 08:00:27,823 [pool-27-thread-1] INFO  storage.RaftStorageDirectory (RaftStorageDirectory.java:tryLock(328)) - Lock on /workdir/hadoop-ozone/integration-test/target/test-dir/MiniOzoneClusterImpl-e8813a34-ce39-44d2-b891-204f93c5be6a/datanode-0/data/ratis/d83774c8-a0fd-472c-bd83-92e9a3d2a475/in_use.lock acquired by nodename 30565@pr-hdds-2134-72wlk-3981800394
2019-09-17 08:00:27,823 [pool-67-thread-1] INFO  storage.RaftStorageDirectory (RaftStorageDirectory.java:tryLock(328)) - Lock on /workdir/hadoop-ozone/integration-test/target/test-dir/MiniOzoneClusterImpl-e8813a34-ce39-44d2-b891-204f93c5be6a/datanode-4/data/ratis/d83774c8-a0fd-472c-bd83-92e9a3d2a475/in_use.lock acquired by nodename 30565@pr-hdds-2134-72wlk-3981800394
2019-09-17 08:00:27,823 [pool-87-thread-1] INFO  storage.RaftStorageDirectory (RaftStorageDirectory.java:tryLock(328)) - Lock on /workdir/hadoop-ozone/integration-test/target/test-dir/MiniOzoneClusterImpl-e8813a34-ce39-44d2-b891-204f93c5be6a/datanode-6/data/ratis/d83774c8-a0fd-472c-bd83-92e9a3d2a475/in_use.lock acquired by nodename 30565@pr-hdds-2134-72wlk-3981800394
2019-09-17 08:00:27,837 [pool-27-thread-1] INFO  storage.RaftStorage (RaftStorage.java:format(72)) - Storage directory /workdir/hadoop-ozone/integration-test/target/test-dir/MiniOzoneClusterImpl-e8813a34-ce39-44d2-b891-204f93c5be6a/datanode-0/data/ratis/d83774c8-a0fd-472c-bd83-92e9a3d2a475 has been successfully formatted.
2019-09-17 08:00:27,837 [pool-87-thread-1] INFO  storage.RaftStorage (RaftStorage.java:format(72)) - Storage directory /workdir/hadoop-ozone/integration-test/target/test-dir/MiniOzoneClusterImpl-e8813a34-ce39-44d2-b891-204f93c5be6a/datanode-6/data/ratis/d83774c8-a0fd-472c-bd83-92e9a3d2a475 has been successfully formatted.
2019-09-17 08:00:27,837 [pool-67-thread-1] INFO  storage.RaftStorage (RaftStorage.java:format(72)) - Storage directory /workdir/hadoop-ozone/integration-test/target/test-dir/MiniOzoneClusterImpl-e8813a34-ce39-44d2-b891-204f93c5be6a/datanode-4/data/ratis/d83774c8-a0fd-472c-bd83-92e9a3d2a475 has been successfully formatted.
2019-09-17 08:00:27,838 [pool-87-thread-1] INFO  ratis.ContainerStateMachine (ContainerStateMachine.java:loadSnapshot(230)) - group-92E9A3D2A475: The snapshot info is null. Setting the last applied indexto:(t:0, i:~)
2019-09-17 08:00:27,838 [pool-27-thread-1] INFO  ratis.ContainerStateMachine (ContainerStateMachine.java:loadSnapshot(230)) - group-92E9A3D2A475: The snapshot info is null. Setting the last applied indexto:(t:0, i:~)
2019-09-17 08:00:27,838 [pool-87-thread-1] INFO  server.RaftServerConfigKeys (ConfUtils.java:logGet(43)) - raft.server.notification.no-leader.timeout = 120s (custom)
2019-09-17 08:00:27,838 [pool-67-thread-1] INFO  ratis.ContainerStateMachine (ContainerStateMachine.java:loadSnapshot(230)) - group-92E9A3D2A475: The snapshot info is null. Setting the last applied indexto:(t:0, i:~)
2019-09-17 08:00:27,839 [pool-87-thread-1] INFO  server.RaftServerConfigKeys (ConfUtils.java:logGet(43)) - raft.server.log.use.memory = false (default)
2019-09-17 08:00:27,838 [pool-27-thread-1] INFO  server.RaftServerConfigKeys (ConfUtils.java:logGet(43)) - raft.server.notification.no-leader.timeout = 120s (custom)
2019-09-17 08:00:27,839 [pool-87-thread-1] INFO  server.RaftServerConfigKeys (ConfUtils.java:logGet(43)) - raft.server.log.purge.gap = 1000000 (custom)
2019-09-17 08:00:27,839 [pool-67-thread-1] INFO  server.RaftServerConfigKeys (ConfUtils.java:logGet(43)) - raft.server.notification.no-leader.timeout = 120s (custom)
2019-09-17 08:00:27,839 [pool-87-thread-1] INFO  server.RaftServerConfigKeys (ConfUtils.java:logGet(43)) - raft.server.log.appender.buffer.byte-limit = 33554432 (custom)
2019-09-17 08:00:27,839 [pool-27-thread-1] INFO  server.RaftServerConfigKeys (ConfUtils.java:logGet(43)) - raft.server.log.use.memory = false (default)
2019-09-17 08:00:27,840 [pool-87-thread-1] INFO  server.RaftServerConfigKeys (ConfUtils.java:logGet(43)) - raft.server.log.segment.size.max = 1048576 (custom)
2019-09-17 08:00:27,839 [pool-67-thread-1] INFO  server.RaftServerConfigKeys (ConfUtils.java:logGet(43)) - raft.server.log.use.memory = false (default)
2019-09-17 08:00:27,840 [pool-87-thread-1] INFO  server.RaftServerConfigKeys (ConfUtils.java:logGet(43)) - raft.server.log.segment.cache.num.max = 2 (custom)
2019-09-17 08:00:27,840 [pool-27-thread-1] INFO  server.RaftServerConfigKeys (ConfUtils.java:logGet(43)) - raft.server.log.purge.gap = 1000000 (custom)
2019-09-17 08:00:27,840 [pool-87-thread-1] INFO  segmented.SegmentedRaftLogWorker (SegmentedRaftLogWorker.java:<init>(172)) - new 7dacd8a8-dd8d-4754-a701-fe48d6265aff@group-92E9A3D2A475-SegmentedRaftLogWorker for RaftStorage:Storage Directory /workdir/hadoop-ozone/integration-test/target/test-dir/MiniOzoneClusterImpl-e8813a34-ce39-44d2-b891-204f93c5be6a/datanode-6/data/ratis/d83774c8-a0fd-472c-bd83-92e9a3d2a475
2019-09-17 08:00:27,840 [pool-67-thread-1] INFO  server.RaftServerConfigKeys (ConfUtils.java:logGet(43)) - raft.server.log.purge.gap = 1000000 (custom)
2019-09-17 08:00:27,841 [pool-87-thread-1] INFO  server.RaftServerConfigKeys (ConfUtils.java:logGet(43)) - raft.server.log.queue.byte-limit = 2147483647 (custom)
2019-09-17 08:00:27,840 [pool-27-thread-1] INFO  server.RaftServerConfigKeys (ConfUtils.java:logGet(43)) - raft.server.log.appender.buffer.byte-limit = 33554432 (custom)
2019-09-17 08:00:27,841 [pool-87-thread-1] INFO  server.RaftServerConfigKeys (ConfUtils.java:logGet(43)) - raft.server.log.queue.element-limit = 1024 (custom)
2019-09-17 08:00:27,841 [pool-67-thread-1] INFO  server.RaftServerConfigKeys (ConfUtils.java:logGet(43)) - raft.server.log.appender.buffer.byte-limit = 33554432 (custom)
2019-09-17 08:00:27,841 [pool-87-thread-1] INFO  server.RaftServerConfigKeys (ConfUtils.java:logGet(43)) - raft.server.log.segment.size.max = 1048576 (custom)
2019-09-17 08:00:27,841 [pool-27-thread-1] INFO  server.RaftServerConfigKeys (ConfUtils.java:logGet(43)) - raft.server.log.segment.size.max = 1048576 (custom)
2019-09-17 08:00:27,842 [pool-87-thread-1] INFO  server.RaftServerConfigKeys (ConfUtils.java:logGet(43)) - raft.server.log.preallocated.size = 16384 (custom)
2019-09-17 08:00:27,841 [pool-67-thread-1] INFO  server.RaftServerConfigKeys (ConfUtils.java:logGet(43)) - raft.server.log.segment.size.max = 1048576 (custom)
2019-09-17 08:00:27,842 [pool-87-thread-1] INFO  server.RaftServerConfigKeys (ConfUtils.java:logGet(43)) - raft.server.log.write.buffer.size = 33554432 (custom)
2019-09-17 08:00:27,842 [pool-27-thread-1] INFO  server.RaftServerConfigKeys (ConfUtils.java:logGet(43)) - raft.server.log.segment.cache.num.max = 2 (custom)
2019-09-17 08:00:27,842 [pool-87-thread-1] INFO  server.RaftServerConfigKeys (ConfUtils.java:logGet(43)) - raft.server.log.force.sync.num = 128 (default)
2019-09-17 08:00:27,842 [pool-67-thread-1] INFO  server.RaftServerConfigKeys (ConfUtils.java:logGet(43)) - raft.server.log.segment.cache.num.max = 2 (custom)
2019-09-17 08:00:27,843 [pool-87-thread-1] INFO  server.RaftServerConfigKeys (ConfUtils.java:logGet(43)) - raft.server.log.statemachine.data.sync = true (default)
2019-09-17 08:00:27,843 [pool-27-thread-1] INFO  segmented.SegmentedRaftLogWorker (SegmentedRaftLogWorker.java:<init>(172)) - new e5fde6a0-3418-4bd7-b263-40da0cf228f6@group-92E9A3D2A475-SegmentedRaftLogWorker for RaftStorage:Storage Directory /workdir/hadoop-ozone/integration-test/target/test-dir/MiniOzoneClusterImpl-e8813a34-ce39-44d2-b891-204f93c5be6a/datanode-0/data/ratis/d83774c8-a0fd-472c-bd83-92e9a3d2a475
2019-09-17 08:00:27,843 [pool-87-thread-1] INFO  server.RaftServerConfigKeys (ConfUtils.java:logGet(43)) - raft.server.log.statemachine.data.sync.timeout = 10s (default)
2019-09-17 08:00:27,843 [pool-67-thread-1] INFO  segmented.SegmentedRaftLogWorker (SegmentedRaftLogWorker.java:<init>(172)) - new fa69ee7c-0798-4ff8-b468-99ad50c0848e@group-92E9A3D2A475-SegmentedRaftLogWorker for RaftStorage:Storage Directory /workdir/hadoop-ozone/integration-test/target/test-dir/MiniOzoneClusterImpl-e8813a34-ce39-44d2-b891-204f93c5be6a/datanode-4/data/ratis/d83774c8-a0fd-472c-bd83-92e9a3d2a475
2019-09-17 08:00:27,843 [pool-87-thread-1] INFO  server.RaftServerConfigKeys (ConfUtils.java:logGet(43)) - raft.server.log.statemachine.data.sync.timeout.retry = -1 (default)
2019-09-17 08:00:27,843 [pool-27-thread-1] INFO  server.RaftServerConfigKeys (ConfUtils.java:logGet(43)) - raft.server.log.queue.byte-limit = 2147483647 (custom)
2019-09-17 08:00:27,844 [pool-87-thread-1] INFO  server.RaftServerConfigKeys (ConfUtils.java:logGet(43)) - raft.server.log.statemachine.data.caching.enabled = true (custom)
2019-09-17 08:00:27,844 [pool-67-thread-1] INFO  server.RaftServerConfigKeys (ConfUtils.java:logGet(43)) - raft.server.log.queue.byte-limit = 2147483647 (custom)
2019-09-17 08:00:27,844 [pool-27-thread-1] INFO  server.RaftServerConfigKeys (ConfUtils.java:logGet(43)) - raft.server.log.queue.element-limit = 1024 (custom)
2019-09-17 08:00:27,844 [pool-87-thread-1] INFO  segmented.SegmentedRaftLogWorker (SegmentedRaftLogWorker.java:lambda$new$0(132)) - 7dacd8a8-dd8d-4754-a701-fe48d6265aff@group-92E9A3D2A475-SegmentedRaftLogWorker: flushIndex: setUnconditionally 0 -> -1
2019-09-17 08:00:27,844 [pool-67-thread-1] INFO  server.RaftServerConfigKeys (ConfUtils.java:logGet(43)) - raft.server.log.queue.element-limit = 1024 (custom)
2019-09-17 08:00:27,844 [pool-27-thread-1] INFO  server.RaftServerConfigKeys (ConfUtils.java:logGet(43)) - raft.server.log.segment.size.max = 1048576 (custom)
2019-09-17 08:00:27,845 [pool-87-thread-1] INFO  server.RaftServerConfigKeys (ConfUtils.java:logGet(43)) - raft.server.snapshot.auto.trigger.enabled = true (custom)
2019-09-17 08:00:27,845 [pool-67-thread-1] INFO  server.RaftServerConfigKeys (ConfUtils.java:logGet(43)) - raft.server.log.segment.size.max = 1048576 (custom)
2019-09-17 08:00:27,845 [pool-87-thread-1] INFO  server.RaftServerConfigKeys (ConfUtils.java:logGet(43)) - raft.server.snapshot.auto.trigger.threshold = 10000 (custom)
2019-09-17 08:00:27,845 [pool-27-thread-1] INFO  server.RaftServerConfigKeys (ConfUtils.java:logGet(43)) - raft.server.log.preallocated.size = 16384 (custom)
2019-09-17 08:00:27,845 [pool-87-thread-1] INFO  server.RaftServerConfigKeys (ConfUtils.java:logGet(43)) - raft.server.snapshot.retention.num.files = 5 (custom)
2019-09-17 08:00:27,845 [pool-67-thread-1] INFO  server.RaftServerConfigKeys (ConfUtils.java:logGet(43)) - raft.server.log.preallocated.size = 16384 (custom)
2019-09-17 08:00:27,846 [pool-87-thread-1] INFO  server.RaftServerConfigKeys (ConfUtils.java:logGet(43)) - raft.server.retrycache.expirytime = 600000ms (custom)
2019-09-17 08:00:27,846 [pool-27-thread-1] INFO  server.RaftServerConfigKeys (ConfUtils.java:logGet(43)) - raft.server.log.write.buffer.size = 33554432 (custom)
2019-09-17 08:00:27,846 [pool-67-thread-1] INFO  server.RaftServerConfigKeys (ConfUtils.java:logGet(43)) - raft.server.log.write.buffer.size = 33554432 (custom)
2019-09-17 08:00:27,846 [pool-27-thread-1] INFO  server.RaftServerConfigKeys (ConfUtils.java:logGet(43)) - raft.server.log.force.sync.num = 128 (default)
2019-09-17 08:00:27,847 [pool-67-thread-1] INFO  server.RaftServerConfigKeys (ConfUtils.java:logGet(43)) - raft.server.log.force.sync.num = 128 (default)
2019-09-17 08:00:27,847 [pool-27-thread-1] INFO  server.RaftServerConfigKeys (ConfUtils.java:logGet(43)) - raft.server.log.statemachine.data.sync = true (default)
2019-09-17 08:00:27,847 [pool-67-thread-1] INFO  server.RaftServerConfigKeys (ConfUtils.java:logGet(43)) - raft.server.log.statemachine.data.sync = true (default)
2019-09-17 08:00:27,847 [pool-27-thread-1] INFO  server.RaftServerConfigKeys (ConfUtils.java:logGet(43)) - raft.server.log.statemachine.data.sync.timeout = 10s (default)
2019-09-17 08:00:27,847 [pool-67-thread-1] INFO  server.RaftServerConfigKeys (ConfUtils.java:logGet(43)) - raft.server.log.statemachine.data.sync.timeout = 10s (default)
2019-09-17 08:00:27,848 [pool-27-thread-1] INFO  server.RaftServerConfigKeys (ConfUtils.java:logGet(43)) - raft.server.log.statemachine.data.sync.timeout.retry = -1 (default)
2019-09-17 08:00:27,848 [pool-67-thread-1] INFO  server.RaftServerConfigKeys (ConfUtils.java:logGet(43)) - raft.server.log.statemachine.data.sync.timeout.retry = -1 (default)
2019-09-17 08:00:27,848 [pool-27-thread-1] INFO  server.RaftServerConfigKeys (ConfUtils.java:logGet(43)) - raft.server.log.statemachine.data.caching.enabled = true (custom)
2019-09-17 08:00:27,848 [pool-67-thread-1] INFO  server.RaftServerConfigKeys (ConfUtils.java:logGet(43)) - raft.server.log.statemachine.data.caching.enabled = true (custom)
2019-09-17 08:00:27,849 [pool-27-thread-1] INFO  segmented.SegmentedRaftLogWorker (SegmentedRaftLogWorker.java:lambda$new$0(132)) - e5fde6a0-3418-4bd7-b263-40da0cf228f6@group-92E9A3D2A475-SegmentedRaftLogWorker: flushIndex: setUnconditionally 0 -> -1
2019-09-17 08:00:27,849 [pool-67-thread-1] INFO  segmented.SegmentedRaftLogWorker (SegmentedRaftLogWorker.java:lambda$new$0(132)) - fa69ee7c-0798-4ff8-b468-99ad50c0848e@group-92E9A3D2A475-SegmentedRaftLogWorker: flushIndex: setUnconditionally 0 -> -1
2019-09-17 08:00:27,849 [pool-27-thread-1] INFO  server.RaftServerConfigKeys (ConfUtils.java:logGet(43)) - raft.server.snapshot.auto.trigger.enabled = true (custom)
2019-09-17 08:00:27,849 [pool-67-thread-1] INFO  server.RaftServerConfigKeys (ConfUtils.java:logGet(43)) - raft.server.snapshot.auto.trigger.enabled = true (custom)
2019-09-17 08:00:27,849 [pool-27-thread-1] INFO  server.RaftServerConfigKeys (ConfUtils.java:logGet(43)) - raft.server.snapshot.auto.trigger.threshold = 10000 (custom)
2019-09-17 08:00:27,849 [pool-67-thread-1] INFO  server.RaftServerConfigKeys (ConfUtils.java:logGet(43)) - raft.server.snapshot.auto.trigger.threshold = 10000 (custom)
2019-09-17 08:00:27,850 [pool-27-thread-1] INFO  server.RaftServerConfigKeys (ConfUtils.java:logGet(43)) - raft.server.snapshot.retention.num.files = 5 (custom)
2019-09-17 08:00:27,850 [pool-67-thread-1] INFO  server.RaftServerConfigKeys (ConfUtils.java:logGet(43)) - raft.server.snapshot.retention.num.files = 5 (custom)
2019-09-17 08:00:27,850 [pool-27-thread-1] INFO  server.RaftServerConfigKeys (ConfUtils.java:logGet(43)) - raft.server.retrycache.expirytime = 600000ms (custom)
2019-09-17 08:00:27,850 [pool-67-thread-1] INFO  server.RaftServerConfigKeys (ConfUtils.java:logGet(43)) - raft.server.retrycache.expirytime = 600000ms (custom)
2019-09-17 08:00:27,851 [pool-87-thread-1] INFO  impl.RaftServerImpl (RaftServerImpl.java:start(185)) - 7dacd8a8-dd8d-4754-a701-fe48d6265aff@group-92E9A3D2A475: start as a follower, conf=-1: [fa69ee7c-0798-4ff8-b468-99ad50c0848e:192.168.151.112:42872, e5fde6a0-3418-4bd7-b263-40da0cf228f6:192.168.151.112:42548, 7dacd8a8-dd8d-4754-a701-fe48d6265aff:192.168.151.112:35870], old=null
2019-09-17 08:00:27,851 [pool-87-thread-1] INFO  impl.RaftServerImpl (RaftServerImpl.java:setRole(174)) - 7dacd8a8-dd8d-4754-a701-fe48d6265aff@group-92E9A3D2A475: changes role from      null to FOLLOWER at term 0 for startAsFollower
2019-09-17 08:00:27,851 [pool-87-thread-1] INFO  impl.RoleInfo (RoleInfo.java:updateAndGet(143)) - 7dacd8a8-dd8d-4754-a701-fe48d6265aff: start FollowerState
2019-09-17 08:00:27,852 [pool-87-thread-1] INFO  util.JmxRegister (JmxRegister.java:tryRegister(44)) - Successfully registered JMX Bean with object name Ratis:service=RaftServer,group=group-92E9A3D2A475,id=7dacd8a8-dd8d-4754-a701-fe48d6265aff
2019-09-17 08:00:27,855 [pool-27-thread-1] INFO  impl.RaftServerImpl (RaftServerImpl.java:start(185)) - e5fde6a0-3418-4bd7-b263-40da0cf228f6@group-92E9A3D2A475: start as a follower, conf=-1: [fa69ee7c-0798-4ff8-b468-99ad50c0848e:192.168.151.112:42872, e5fde6a0-3418-4bd7-b263-40da0cf228f6:192.168.151.112:42548, 7dacd8a8-dd8d-4754-a701-fe48d6265aff:192.168.151.112:35870], old=null
2019-09-17 08:00:27,855 [pool-27-thread-1] INFO  impl.RaftServerImpl (RaftServerImpl.java:setRole(174)) - e5fde6a0-3418-4bd7-b263-40da0cf228f6@group-92E9A3D2A475: changes role from      null to FOLLOWER at term 0 for startAsFollower
2019-09-17 08:00:27,855 [pool-27-thread-1] INFO  impl.RoleInfo (RoleInfo.java:updateAndGet(143)) - e5fde6a0-3418-4bd7-b263-40da0cf228f6: start FollowerState
2019-09-17 08:00:27,856 [pool-67-thread-1] INFO  impl.RaftServerImpl (RaftServerImpl.java:start(185)) - fa69ee7c-0798-4ff8-b468-99ad50c0848e@group-92E9A3D2A475: start as a follower, conf=-1: [fa69ee7c-0798-4ff8-b468-99ad50c0848e:192.168.151.112:42872, e5fde6a0-3418-4bd7-b263-40da0cf228f6:192.168.151.112:42548, 7dacd8a8-dd8d-4754-a701-fe48d6265aff:192.168.151.112:35870], old=null
2019-09-17 08:00:27,856 [pool-27-thread-1] INFO  util.JmxRegister (JmxRegister.java:tryRegister(44)) - Successfully registered JMX Bean with object name Ratis:service=RaftServer,group=group-92E9A3D2A475,id=e5fde6a0-3418-4bd7-b263-40da0cf228f6
2019-09-17 08:00:27,856 [pool-67-thread-1] INFO  impl.RaftServerImpl (RaftServerImpl.java:setRole(174)) - fa69ee7c-0798-4ff8-b468-99ad50c0848e@group-92E9A3D2A475: changes role from      null to FOLLOWER at term 0 for startAsFollower
2019-09-17 08:00:27,856 [pool-67-thread-1] INFO  impl.RoleInfo (RoleInfo.java:updateAndGet(143)) - fa69ee7c-0798-4ff8-b468-99ad50c0848e: start FollowerState
2019-09-17 08:00:27,857 [pool-67-thread-1] INFO  util.JmxRegister (JmxRegister.java:tryRegister(44)) - Successfully registered JMX Bean with object name Ratis:service=RaftServer,group=group-92E9A3D2A475,id=fa69ee7c-0798-4ff8-b468-99ad50c0848e
2019-09-17 08:00:27,860 [RatisPipelineUtilsThread] INFO  pipeline.PipelineStateManager (PipelineStateManager.java:addPipeline(56)) - Created pipeline Pipeline[ Id: d83774c8-a0fd-472c-bd83-92e9a3d2a475, Nodes: 7dacd8a8-dd8d-4754-a701-fe48d6265aff{ip: 192.168.151.112, host: pr-hdds-2134-72wlk-3981800394, networkLocation: /default-rack, certSerialId: null}fa69ee7c-0798-4ff8-b468-99ad50c0848e{ip: 192.168.151.112, host: pr-hdds-2134-72wlk-3981800394, networkLocation: /default-rack, certSerialId: null}e5fde6a0-3418-4bd7-b263-40da0cf228f6{ip: 192.168.151.112, host: pr-hdds-2134-72wlk-3981800394, networkLocation: /default-rack, certSerialId: null}, Type:RATIS, Factor:THREE, State:OPEN]
2019-09-17 08:00:28,475 [main] WARN  io.KeyOutputStream (KeyOutputStream.java:handleException(276)) - Encountered exception java.io.IOException: Unexpected Storage Container Exception: java.util.concurrent.CompletionException: java.util.concurrent.CompletionException: org.apache.ratis.protocol.GroupMismatchException: 7dacd8a8-dd8d-4754-a701-fe48d6265aff: group-9D95763EF4C0 not found. on the pipeline Pipeline[ Id: 10cd0ac1-6bf1-4cef-a5bc-9d95763ef4c0, Nodes: 7dacd8a8-dd8d-4754-a701-fe48d6265aff{ip: 192.168.151.112, host: pr-hdds-2134-72wlk-3981800394, networkLocation: /default-rack, certSerialId: null}fa69ee7c-0798-4ff8-b468-99ad50c0848e{ip: 192.168.151.112, host: pr-hdds-2134-72wlk-3981800394, networkLocation: /default-rack, certSerialId: null}e5fde6a0-3418-4bd7-b263-40da0cf228f6{ip: 192.168.151.112, host: pr-hdds-2134-72wlk-3981800394, networkLocation: /default-rack, certSerialId: null}, Type:RATIS, Factor:THREE, State:OPEN]. The last committed block length is 0, uncommitted data length is 400 retry count 0
2019-09-17 08:00:28,540 [grpc-default-executor-3] INFO  client.GrpcClientProtocolClient (GrpcClientProtocolClient.java:onNext(264)) - client-66C6AB80286B->7dacd8a8-dd8d-4754-a701-fe48d6265aff: receive RaftClientReply:client-66C6AB80286B->7dacd8a8-dd8d-4754-a701-fe48d6265aff@group-92E9A3D2A475, cid=36, FAILED org.apache.ratis.protocol.NotLeaderException: Server 7dacd8a8-dd8d-4754-a701-fe48d6265aff@group-92E9A3D2A475 is not the leader, logIndex=0, commits[7dacd8a8-dd8d-4754-a701-fe48d6265aff:c-1]
2019-09-17 08:00:29,567 [grpc-default-executor-2] INFO  client.GrpcClientProtocolClient (GrpcClientProtocolClient.java:onNext(264)) - client-66C6AB80286B->e5fde6a0-3418-4bd7-b263-40da0cf228f6: receive RaftClientReply:client-66C6AB80286B->e5fde6a0-3418-4bd7-b263-40da0cf228f6@group-92E9A3D2A475, cid=36, FAILED org.apache.ratis.protocol.NotLeaderException: Server e5fde6a0-3418-4bd7-b263-40da0cf228f6@group-92E9A3D2A475 is not the leader, logIndex=0, commits[e5fde6a0-3418-4bd7-b263-40da0cf228f6:c-1]
2019-09-17 08:00:30,488 [grpc-default-executor-3] INFO  impl.RaftServerProxy (RaftServerProxy.java:remove(95)) - 7dacd8a8-dd8d-4754-a701-fe48d6265aff: remove group-9D95763EF4C0:null
2019-09-17 08:00:30,496 [RatisPipelineUtilsThread] WARN  pipeline.RatisPipelineUtils (RatisPipelineUtils.java:destroyPipeline(66)) - Pipeline destroy failed for pipeline=PipelineID=10cd0ac1-6bf1-4cef-a5bc-9d95763ef4c0 dn=7dacd8a8-dd8d-4754-a701-fe48d6265aff{ip: 192.168.151.112, host: pr-hdds-2134-72wlk-3981800394, networkLocation: /default-rack, certSerialId: null}
2019-09-17 08:00:30,501 [grpc-default-executor-3] INFO  impl.RaftServerProxy (RaftServerProxy.java:remove(95)) - fa69ee7c-0798-4ff8-b468-99ad50c0848e: remove group-9D95763EF4C0:null
2019-09-17 08:00:30,506 [RatisPipelineUtilsThread] WARN  pipeline.RatisPipelineUtils (RatisPipelineUtils.java:destroyPipeline(66)) - Pipeline destroy failed for pipeline=PipelineID=10cd0ac1-6bf1-4cef-a5bc-9d95763ef4c0 dn=fa69ee7c-0798-4ff8-b468-99ad50c0848e{ip: 192.168.151.112, host: pr-hdds-2134-72wlk-3981800394, networkLocation: /default-rack, certSerialId: null}
2019-09-17 08:00:30,526 [grpc-default-executor-3] INFO  impl.RaftServerProxy (RaftServerProxy.java:remove(95)) - e5fde6a0-3418-4bd7-b263-40da0cf228f6: remove group-9D95763EF4C0:null
2019-09-17 08:00:30,532 [RatisPipelineUtilsThread] WARN  pipeline.RatisPipelineUtils (RatisPipelineUtils.java:destroyPipeline(66)) - Pipeline destroy failed for pipeline=PipelineID=10cd0ac1-6bf1-4cef-a5bc-9d95763ef4c0 dn=e5fde6a0-3418-4bd7-b263-40da0cf228f6{ip: 192.168.151.112, host: pr-hdds-2134-72wlk-3981800394, networkLocation: /default-rack, certSerialId: null}
2019-09-17 08:00:30,533 [RatisPipelineUtilsThread] ERROR pipeline.SCMPipelineManager (Scheduler.java:lambda$schedule$1(70)) - Destroy pipeline failed for pipeline:Pipeline[ Id: 10cd0ac1-6bf1-4cef-a5bc-9d95763ef4c0, Nodes: 7dacd8a8-dd8d-4754-a701-fe48d6265aff{ip: 192.168.151.112, host: pr-hdds-2134-72wlk-3981800394, networkLocation: /default-rack, certSerialId: null}fa69ee7c-0798-4ff8-b468-99ad50c0848e{ip: 192.168.151.112, host: pr-hdds-2134-72wlk-3981800394, networkLocation: /default-rack, certSerialId: null}e5fde6a0-3418-4bd7-b263-40da0cf228f6{ip: 192.168.151.112, host: pr-hdds-2134-72wlk-3981800394, networkLocation: /default-rack, certSerialId: null}, Type:RATIS, Factor:THREE, State:CLOSED]
org.apache.hadoop.hdds.scm.pipeline.PipelineNotFoundException: PipelineID=10cd0ac1-6bf1-4cef-a5bc-9d95763ef4c0 not found
	at org.apache.hadoop.hdds.scm.pipeline.PipelineStateMap.getPipeline(PipelineStateMap.java:132)
	at org.apache.hadoop.hdds.scm.pipeline.PipelineStateMap.removePipeline(PipelineStateMap.java:322)
	at org.apache.hadoop.hdds.scm.pipeline.PipelineStateManager.removePipeline(PipelineStateManager.java:107)
	at org.apache.hadoop.hdds.scm.pipeline.SCMPipelineManager.removePipeline(SCMPipelineManager.java:423)
	at org.apache.hadoop.hdds.scm.pipeline.SCMPipelineManager.destroyPipeline(SCMPipelineManager.java:409)
	at org.apache.hadoop.hdds.scm.pipeline.SCMPipelineManager.lambda$finalizeAndDestroyPipeline$0(SCMPipelineManager.java:318)
	at org.apache.hadoop.utils.Scheduler.lambda$schedule$1(Scheduler.java:68)
	at java.util.concurrent.Executors$RunnableAdapter.call(Executors.java:511)
	at java.util.concurrent.FutureTask.run(FutureTask.java:266)
	at java.util.concurrent.ScheduledThreadPoolExecutor$ScheduledFutureTask.access$201(ScheduledThreadPoolExecutor.java:180)
	at java.util.concurrent.ScheduledThreadPoolExecutor$ScheduledFutureTask.run(ScheduledThreadPoolExecutor.java:293)
	at java.util.concurrent.ThreadPoolExecutor.runWorker(ThreadPoolExecutor.java:1149)
	at java.util.concurrent.ThreadPoolExecutor$Worker.run(ThreadPoolExecutor.java:624)
	at java.lang.Thread.run(Thread.java:748)
2019-09-17 08:00:30,591 [grpc-default-executor-3] INFO  client.GrpcClientProtocolClient (GrpcClientProtocolClient.java:onNext(264)) - client-66C6AB80286B->fa69ee7c-0798-4ff8-b468-99ad50c0848e: receive RaftClientReply:client-66C6AB80286B->fa69ee7c-0798-4ff8-b468-99ad50c0848e@group-92E9A3D2A475, cid=36, FAILED org.apache.ratis.protocol.NotLeaderException: Server fa69ee7c-0798-4ff8-b468-99ad50c0848e@group-92E9A3D2A475 is not the leader, logIndex=0, commits[fa69ee7c-0798-4ff8-b468-99ad50c0848e:c-1]
2019-09-17 08:00:31,623 [grpc-default-executor-3] INFO  client.GrpcClientProtocolClient (GrpcClientProtocolClient.java:onNext(264)) - client-66C6AB80286B->7dacd8a8-dd8d-4754-a701-fe48d6265aff: receive RaftClientReply:client-66C6AB80286B->7dacd8a8-dd8d-4754-a701-fe48d6265aff@group-92E9A3D2A475, cid=36, FAILED org.apache.ratis.protocol.NotLeaderException: Server 7dacd8a8-dd8d-4754-a701-fe48d6265aff@group-92E9A3D2A475 is not the leader, logIndex=0, commits[7dacd8a8-dd8d-4754-a701-fe48d6265aff:c-1]
2019-09-17 08:00:32,501 [grpc-default-executor-2] INFO  impl.RaftServerProxy (RaftServerProxy.java:remove(95)) - 7dacd8a8-dd8d-4754-a701-fe48d6265aff: remove group-9D95763EF4C0:null
2019-09-17 08:00:32,509 [RatisPipelineUtilsThread] WARN  pipeline.RatisPipelineUtils (RatisPipelineUtils.java:destroyPipeline(66)) - Pipeline destroy failed for pipeline=PipelineID=10cd0ac1-6bf1-4cef-a5bc-9d95763ef4c0 dn=7dacd8a8-dd8d-4754-a701-fe48d6265aff{ip: 192.168.151.112, host: pr-hdds-2134-72wlk-3981800394, networkLocation: /default-rack, certSerialId: null}
2019-09-17 08:00:32,515 [grpc-default-executor-2] INFO  impl.RaftServerProxy (RaftServerProxy.java:remove(95)) - fa69ee7c-0798-4ff8-b468-99ad50c0848e: remove group-9D95763EF4C0:null
2019-09-17 08:00:32,521 [RatisPipelineUtilsThread] WARN  pipeline.RatisPipelineUtils (RatisPipelineUtils.java:destroyPipeline(66)) - Pipeline destroy failed for pipeline=PipelineID=10cd0ac1-6bf1-4cef-a5bc-9d95763ef4c0 dn=fa69ee7c-0798-4ff8-b468-99ad50c0848e{ip: 192.168.151.112, host: pr-hdds-2134-72wlk-3981800394, networkLocation: /default-rack, certSerialId: null}
2019-09-17 08:00:32,526 [grpc-default-executor-2] INFO  impl.RaftServerProxy (RaftServerProxy.java:remove(95)) - e5fde6a0-3418-4bd7-b263-40da0cf228f6: remove group-9D95763EF4C0:null
2019-09-17 08:00:32,532 [RatisPipelineUtilsThread] WARN  pipeline.RatisPipelineUtils (RatisPipelineUtils.java:destroyPipeline(66)) - Pipeline destroy failed for pipeline=PipelineID=10cd0ac1-6bf1-4cef-a5bc-9d95763ef4c0 dn=e5fde6a0-3418-4bd7-b263-40da0cf228f6{ip: 192.168.151.112, host: pr-hdds-2134-72wlk-3981800394, networkLocation: /default-rack, certSerialId: null}
2019-09-17 08:00:32,533 [RatisPipelineUtilsThread] ERROR pipeline.SCMPipelineManager (Scheduler.java:lambda$schedule$1(70)) - Destroy pipeline failed for pipeline:Pipeline[ Id: 10cd0ac1-6bf1-4cef-a5bc-9d95763ef4c0, Nodes: 7dacd8a8-dd8d-4754-a701-fe48d6265aff{ip: 192.168.151.112, host: pr-hdds-2134-72wlk-3981800394, networkLocation: /default-rack, certSerialId: null}fa69ee7c-0798-4ff8-b468-99ad50c0848e{ip: 192.168.151.112, host: pr-hdds-2134-72wlk-3981800394, networkLocation: /default-rack, certSerialId: null}e5fde6a0-3418-4bd7-b263-40da0cf228f6{ip: 192.168.151.112, host: pr-hdds-2134-72wlk-3981800394, networkLocation: /default-rack, certSerialId: null}, Type:RATIS, Factor:THREE, State:CLOSED]
org.apache.hadoop.hdds.scm.pipeline.PipelineNotFoundException: PipelineID=10cd0ac1-6bf1-4cef-a5bc-9d95763ef4c0 not found
	at org.apache.hadoop.hdds.scm.pipeline.PipelineStateMap.getPipeline(PipelineStateMap.java:132)
	at org.apache.hadoop.hdds.scm.pipeline.PipelineStateMap.removePipeline(PipelineStateMap.java:322)
	at org.apache.hadoop.hdds.scm.pipeline.PipelineStateManager.removePipeline(PipelineStateManager.java:107)
	at org.apache.hadoop.hdds.scm.pipeline.SCMPipelineManager.removePipeline(SCMPipelineManager.java:423)
	at org.apache.hadoop.hdds.scm.pipeline.SCMPipelineManager.destroyPipeline(SCMPipelineManager.java:409)
	at org.apache.hadoop.hdds.scm.pipeline.SCMPipelineManager.lambda$finalizeAndDestroyPipeline$0(SCMPipelineManager.java:318)
	at org.apache.hadoop.utils.Scheduler.lambda$schedule$1(Scheduler.java:68)
	at java.util.concurrent.Executors$RunnableAdapter.call(Executors.java:511)
	at java.util.concurrent.FutureTask.run(FutureTask.java:266)
	at java.util.concurrent.ScheduledThreadPoolExecutor$ScheduledFutureTask.access$201(ScheduledThreadPoolExecutor.java:180)
	at java.util.concurrent.ScheduledThreadPoolExecutor$ScheduledFutureTask.run(ScheduledThreadPoolExecutor.java:293)
	at java.util.concurrent.ThreadPoolExecutor.runWorker(ThreadPoolExecutor.java:1149)
	at java.util.concurrent.ThreadPoolExecutor$Worker.run(ThreadPoolExecutor.java:624)
	at java.lang.Thread.run(Thread.java:748)
2019-09-17 08:00:32,640 [grpc-default-executor-2] INFO  client.GrpcClientProtocolClient (GrpcClientProtocolClient.java:onNext(264)) - client-66C6AB80286B->fa69ee7c-0798-4ff8-b468-99ad50c0848e: receive RaftClientReply:client-66C6AB80286B->fa69ee7c-0798-4ff8-b468-99ad50c0848e@group-92E9A3D2A475, cid=36, FAILED org.apache.ratis.protocol.NotLeaderException: Server fa69ee7c-0798-4ff8-b468-99ad50c0848e@group-92E9A3D2A475 is not the leader, logIndex=0, commits[fa69ee7c-0798-4ff8-b468-99ad50c0848e:c-1]
2019-09-17 08:00:32,874 [Thread-887] INFO  impl.FollowerState (FollowerState.java:run(106)) - fa69ee7c-0798-4ff8-b468-99ad50c0848e:group-92E9A3D2A475 changes to CANDIDATE, lastRpcTime:5017, electionTimeout:5017ms
2019-09-17 08:00:32,875 [Thread-887] INFO  impl.RoleInfo (RoleInfo.java:shutdownFollowerState(121)) - fa69ee7c-0798-4ff8-b468-99ad50c0848e: shutdown FollowerState
2019-09-17 08:00:32,875 [Thread-887] INFO  impl.RaftServerImpl (RaftServerImpl.java:setRole(174)) - fa69ee7c-0798-4ff8-b468-99ad50c0848e@group-92E9A3D2A475: changes role from  FOLLOWER to CANDIDATE at term 0 for changeToCandidate
2019-09-17 08:00:32,876 [Thread-887] INFO  impl.RoleInfo (RoleInfo.java:updateAndGet(143)) - fa69ee7c-0798-4ff8-b468-99ad50c0848e: start LeaderElection
2019-09-17 08:00:32,890 [fa69ee7c-0798-4ff8-b468-99ad50c0848e@group-92E9A3D2A475:LeaderElection13] INFO  impl.LeaderElection (LeaderElection.java:askForVotes(182)) - fa69ee7c-0798-4ff8-b468-99ad50c0848e@group-92E9A3D2A475:LeaderElection13: begin an election at term 1 for -1: [fa69ee7c-0798-4ff8-b468-99ad50c0848e:192.168.151.112:42872, e5fde6a0-3418-4bd7-b263-40da0cf228f6:192.168.151.112:42548, 7dacd8a8-dd8d-4754-a701-fe48d6265aff:192.168.151.112:35870], old=null
2019-09-17 08:00:32,893 [Thread-886] INFO  impl.FollowerState (FollowerState.java:run(106)) - e5fde6a0-3418-4bd7-b263-40da0cf228f6:group-92E9A3D2A475 changes to CANDIDATE, lastRpcTime:5037, electionTimeout:5037ms
2019-09-17 08:00:32,893 [Thread-886] INFO  impl.RoleInfo (RoleInfo.java:shutdownFollowerState(121)) - e5fde6a0-3418-4bd7-b263-40da0cf228f6: shutdown FollowerState
2019-09-17 08:00:32,894 [Thread-886] INFO  impl.RaftServerImpl (RaftServerImpl.java:setRole(174)) - e5fde6a0-3418-4bd7-b263-40da0cf228f6@group-92E9A3D2A475: changes role from  FOLLOWER to CANDIDATE at term 0 for changeToCandidate
2019-09-17 08:00:32,894 [Thread-886] INFO  impl.RoleInfo (RoleInfo.java:updateAndGet(143)) - e5fde6a0-3418-4bd7-b263-40da0cf228f6: start LeaderElection
2019-09-17 08:00:32,902 [grpc-default-executor-3] INFO  impl.RaftServerImpl (RaftServerImpl.java:setRole(174)) - 7dacd8a8-dd8d-4754-a701-fe48d6265aff@group-92E9A3D2A475: changes role from  FOLLOWER to FOLLOWER at term 1 for recognizeCandidate:fa69ee7c-0798-4ff8-b468-99ad50c0848e
2019-09-17 08:00:32,902 [grpc-default-executor-3] INFO  impl.RoleInfo (RoleInfo.java:shutdownFollowerState(121)) - 7dacd8a8-dd8d-4754-a701-fe48d6265aff: shutdown FollowerState
2019-09-17 08:00:32,902 [grpc-default-executor-3] INFO  impl.RoleInfo (RoleInfo.java:updateAndGet(143)) - 7dacd8a8-dd8d-4754-a701-fe48d6265aff: start FollowerState
2019-09-17 08:00:32,902 [Thread-884] INFO  impl.FollowerState (FollowerState.java:run(115)) - 7dacd8a8-dd8d-4754-a701-fe48d6265aff: FollowerState was interrupted: java.lang.InterruptedException: sleep interrupted
2019-09-17 08:00:32,912 [e5fde6a0-3418-4bd7-b263-40da0cf228f6@group-92E9A3D2A475:LeaderElection14] INFO  impl.LeaderElection (LeaderElection.java:askForVotes(182)) - e5fde6a0-3418-4bd7-b263-40da0cf228f6@group-92E9A3D2A475:LeaderElection14: begin an election at term 1 for -1: [fa69ee7c-0798-4ff8-b468-99ad50c0848e:192.168.151.112:42872, e5fde6a0-3418-4bd7-b263-40da0cf228f6:192.168.151.112:42548, 7dacd8a8-dd8d-4754-a701-fe48d6265aff:192.168.151.112:35870], old=null
2019-09-17 08:00:32,913 [fa69ee7c-0798-4ff8-b468-99ad50c0848e@group-92E9A3D2A475:LeaderElection13] INFO  impl.LeaderElection (LeaderElection.java:logAndReturn(56)) - fa69ee7c-0798-4ff8-b468-99ad50c0848e@group-92E9A3D2A475:LeaderElection13: Election PASSED; received 1 response(s) [fa69ee7c-0798-4ff8-b468-99ad50c0848e<-7dacd8a8-dd8d-4754-a701-fe48d6265aff#0:OK-t1] and 0 exception(s); fa69ee7c-0798-4ff8-b468-99ad50c0848e@group-92E9A3D2A475:t1, leader=null, voted=fa69ee7c-0798-4ff8-b468-99ad50c0848e, raftlog=fa69ee7c-0798-4ff8-b468-99ad50c0848e@group-92E9A3D2A475-SegmentedRaftLog:OPENED:c-1,f-1,i0, conf=-1: [fa69ee7c-0798-4ff8-b468-99ad50c0848e:192.168.151.112:42872, e5fde6a0-3418-4bd7-b263-40da0cf228f6:192.168.151.112:42548, 7dacd8a8-dd8d-4754-a701-fe48d6265aff:192.168.151.112:35870], old=null
2019-09-17 08:00:32,913 [fa69ee7c-0798-4ff8-b468-99ad50c0848e@group-92E9A3D2A475:LeaderElection13] INFO  impl.RoleInfo (RoleInfo.java:shutdownLeaderElection(134)) - fa69ee7c-0798-4ff8-b468-99ad50c0848e: shutdown LeaderElection
2019-09-17 08:00:32,913 [fa69ee7c-0798-4ff8-b468-99ad50c0848e@group-92E9A3D2A475:LeaderElection13] INFO  impl.RaftServerImpl (RaftServerImpl.java:setRole(174)) - fa69ee7c-0798-4ff8-b468-99ad50c0848e@group-92E9A3D2A475: changes role from CANDIDATE to LEADER at term 1 for changeToLeader
2019-09-17 08:00:32,927 [fa69ee7c-0798-4ff8-b468-99ad50c0848e@group-92E9A3D2A475:LeaderElection13] INFO  impl.RaftServerImpl (ServerState.java:setLeader(253)) - fa69ee7c-0798-4ff8-b468-99ad50c0848e@group-92E9A3D2A475: change Leader from null to fa69ee7c-0798-4ff8-b468-99ad50c0848e at term 1 for becomeLeader, leader elected after 5088ms
2019-09-17 08:00:32,927 [fa69ee7c-0798-4ff8-b468-99ad50c0848e@group-92E9A3D2A475:LeaderElection13] INFO  server.RaftServerConfigKeys (ConfUtils.java:logGet(43)) - raft.server.staging.catchup.gap = 1000 (default)
2019-09-17 08:00:32,928 [fa69ee7c-0798-4ff8-b468-99ad50c0848e@group-92E9A3D2A475:LeaderElection13] INFO  server.RaftServerConfigKeys (ConfUtils.java:logGet(43)) - raft.server.rpc.sleep.time = 25ms (default)
2019-09-17 08:00:32,928 [fa69ee7c-0798-4ff8-b468-99ad50c0848e@group-92E9A3D2A475:LeaderElection13] INFO  server.RaftServerConfigKeys (ConfUtils.java:logGet(43)) - raft.server.write.element-limit = 4096 (default)
2019-09-17 08:00:32,928 [fa69ee7c-0798-4ff8-b468-99ad50c0848e@group-92E9A3D2A475:LeaderElection13] INFO  server.RaftServerConfigKeys (ConfUtils.java:logGet(43)) - raft.server.watch.timeout = 10s (default)
2019-09-17 08:00:32,928 [fa69ee7c-0798-4ff8-b468-99ad50c0848e@group-92E9A3D2A475:LeaderElection13] INFO  server.RaftServerConfigKeys (ConfUtils.java:logGet(43)) - raft.server.watch.timeout.denomination = 1s (default)
2019-09-17 08:00:32,928 [fa69ee7c-0798-4ff8-b468-99ad50c0848e@group-92E9A3D2A475:LeaderElection13] INFO  server.RaftServerConfigKeys (ConfUtils.java:logGet(43)) - raft.server.watch.element-limit = 65536 (default)
2019-09-17 08:00:32,937 [fa69ee7c-0798-4ff8-b468-99ad50c0848e@group-92E9A3D2A475:LeaderElection13] INFO  server.RaftServerConfigKeys (ConfUtils.java:logGet(43)) - raft.server.log.appender.snapshot.chunk.size.max = 16MB (=16777216) (default)
2019-09-17 08:00:32,937 [fa69ee7c-0798-4ff8-b468-99ad50c0848e@group-92E9A3D2A475:LeaderElection13] INFO  server.RaftServerConfigKeys (ConfUtils.java:logGet(43)) - raft.server.log.appender.buffer.byte-limit = 33554432 (custom)
2019-09-17 08:00:32,937 [fa69ee7c-0798-4ff8-b468-99ad50c0848e@group-92E9A3D2A475:LeaderElection13] INFO  server.RaftServerConfigKeys (ConfUtils.java:logGet(43)) - raft.server.log.appender.buffer.element-limit = 1 (custom)
2019-09-17 08:00:32,937 [fa69ee7c-0798-4ff8-b468-99ad50c0848e@group-92E9A3D2A475:LeaderElection13] INFO  grpc.GrpcConfigKeys$Server (ConfUtils.java:logGet(43)) - raft.grpc.server.leader.outstanding.appends.max = 128 (default)
2019-09-17 08:00:32,938 [fa69ee7c-0798-4ff8-b468-99ad50c0848e@group-92E9A3D2A475:LeaderElection13] INFO  server.RaftServerConfigKeys (ConfUtils.java:logGet(43)) - raft.server.rpc.request.timeout = 3000ms (default)
2019-09-17 08:00:32,938 [fa69ee7c-0798-4ff8-b468-99ad50c0848e@group-92E9A3D2A475:LeaderElection13] INFO  server.RaftServerConfigKeys (ConfUtils.java:logGet(43)) - raft.server.log.appender.install.snapshot.enabled = false (custom)
2019-09-17 08:00:32,938 [fa69ee7c-0798-4ff8-b468-99ad50c0848e@group-92E9A3D2A475:LeaderElection13] INFO  server.RaftServerConfigKeys (ConfUtils.java:logGet(43)) - raft.server.log.appender.snapshot.chunk.size.max = 16MB (=16777216) (default)
2019-09-17 08:00:32,938 [fa69ee7c-0798-4ff8-b468-99ad50c0848e@group-92E9A3D2A475:LeaderElection13] INFO  server.RaftServerConfigKeys (ConfUtils.java:logGet(43)) - raft.server.log.appender.buffer.byte-limit = 33554432 (custom)
2019-09-17 08:00:32,939 [fa69ee7c-0798-4ff8-b468-99ad50c0848e@group-92E9A3D2A475:LeaderElection13] INFO  server.RaftServerConfigKeys (ConfUtils.java:logGet(43)) - raft.server.log.appender.buffer.element-limit = 1 (custom)
2019-09-17 08:00:32,939 [fa69ee7c-0798-4ff8-b468-99ad50c0848e@group-92E9A3D2A475:LeaderElection13] INFO  grpc.GrpcConfigKeys$Server (ConfUtils.java:logGet(43)) - raft.grpc.server.leader.outstanding.appends.max = 128 (default)
2019-09-17 08:00:32,939 [fa69ee7c-0798-4ff8-b468-99ad50c0848e@group-92E9A3D2A475:LeaderElection13] INFO  server.RaftServerConfigKeys (ConfUtils.java:logGet(43)) - raft.server.rpc.request.timeout = 3000ms (default)
2019-09-17 08:00:32,939 [fa69ee7c-0798-4ff8-b468-99ad50c0848e@group-92E9A3D2A475:LeaderElection13] INFO  server.RaftServerConfigKeys (ConfUtils.java:logGet(43)) - raft.server.log.appender.install.snapshot.enabled = false (custom)
2019-09-17 08:00:32,939 [fa69ee7c-0798-4ff8-b468-99ad50c0848e@group-92E9A3D2A475:LeaderElection13] INFO  impl.RoleInfo (RoleInfo.java:updateAndGet(143)) - fa69ee7c-0798-4ff8-b468-99ad50c0848e: start LeaderState
2019-09-17 08:00:32,940 [fa69ee7c-0798-4ff8-b468-99ad50c0848e@group-92E9A3D2A475:LeaderElection13] INFO  segmented.SegmentedRaftLogWorker (SegmentedRaftLogWorker.java:startLogSegment(380)) - fa69ee7c-0798-4ff8-b468-99ad50c0848e@group-92E9A3D2A475-SegmentedRaftLogWorker: Starting segment from index:0
2019-09-17 08:00:32,941 [fa69ee7c-0798-4ff8-b468-99ad50c0848e@group-92E9A3D2A475:LeaderElection13] INFO  impl.RaftServerImpl (ServerState.java:setRaftConf(354)) - fa69ee7c-0798-4ff8-b468-99ad50c0848e@group-92E9A3D2A475: set configuration 0: [fa69ee7c-0798-4ff8-b468-99ad50c0848e:192.168.151.112:42872, e5fde6a0-3418-4bd7-b263-40da0cf228f6:192.168.151.112:42548, 7dacd8a8-dd8d-4754-a701-fe48d6265aff:192.168.151.112:35870], old=null at 0
2019-09-17 08:00:32,941 [grpc-default-executor-3] INFO  impl.RaftServerImpl (RaftServerImpl.java:requestVote(758)) - fa69ee7c-0798-4ff8-b468-99ad50c0848e@group-92E9A3D2A475-   LEADER: Withhold vote from candidate e5fde6a0-3418-4bd7-b263-40da0cf228f6 with term 1. State: leader=fa69ee7c-0798-4ff8-b468-99ad50c0848e, term=1, lastRpcElapsed=null
2019-09-17 08:00:32,943 [grpc-default-executor-3] INFO  impl.RaftServerImpl (RaftServerImpl.java:setRole(174)) - e5fde6a0-3418-4bd7-b263-40da0cf228f6@group-92E9A3D2A475: changes role from CANDIDATE to FOLLOWER at term 1 for appendEntries
2019-09-17 08:00:32,943 [e5fde6a0-3418-4bd7-b263-40da0cf228f6@group-92E9A3D2A475:LeaderElection14] INFO  impl.LeaderElection (LeaderElection.java:logAndReturn(56)) - e5fde6a0-3418-4bd7-b263-40da0cf228f6@group-92E9A3D2A475:LeaderElection14: Election REJECTED; received 2 response(s) [e5fde6a0-3418-4bd7-b263-40da0cf228f6<-fa69ee7c-0798-4ff8-b468-99ad50c0848e#0:FAIL-t1, e5fde6a0-3418-4bd7-b263-40da0cf228f6<-7dacd8a8-dd8d-4754-a701-fe48d6265aff#0:FAIL-t1] and 0 exception(s); e5fde6a0-3418-4bd7-b263-40da0cf228f6@group-92E9A3D2A475:t1, leader=null, voted=e5fde6a0-3418-4bd7-b263-40da0cf228f6, raftlog=e5fde6a0-3418-4bd7-b263-40da0cf228f6@group-92E9A3D2A475-SegmentedRaftLog:OPENED:c-1,f-1,i0, conf=-1: [fa69ee7c-0798-4ff8-b468-99ad50c0848e:192.168.151.112:42872, e5fde6a0-3418-4bd7-b263-40da0cf228f6:192.168.151.112:42548, 7dacd8a8-dd8d-4754-a701-fe48d6265aff:192.168.151.112:35870], old=null
2019-09-17 08:00:32,943 [grpc-default-executor-2] INFO  impl.RaftServerImpl (ServerState.java:setLeader(253)) - 7dacd8a8-dd8d-4754-a701-fe48d6265aff@group-92E9A3D2A475: change Leader from null to fa69ee7c-0798-4ff8-b468-99ad50c0848e at term 1 for appendEntries, leader elected after 5104ms
2019-09-17 08:00:32,943 [grpc-default-executor-3] INFO  impl.RoleInfo (RoleInfo.java:shutdownLeaderElection(134)) - e5fde6a0-3418-4bd7-b263-40da0cf228f6: shutdown LeaderElection
2019-09-17 08:00:32,944 [grpc-default-executor-3] INFO  impl.RoleInfo (RoleInfo.java:updateAndGet(143)) - e5fde6a0-3418-4bd7-b263-40da0cf228f6: start FollowerState
2019-09-17 08:00:32,944 [grpc-default-executor-3] INFO  impl.RaftServerImpl (ServerState.java:setLeader(253)) - e5fde6a0-3418-4bd7-b263-40da0cf228f6@group-92E9A3D2A475: change Leader from null to fa69ee7c-0798-4ff8-b468-99ad50c0848e at term 1 for appendEntries, leader elected after 5105ms
2019-09-17 08:00:32,947 [grpc-default-executor-3] INFO  impl.RaftServerImpl (ServerState.java:setRaftConf(354)) - 7dacd8a8-dd8d-4754-a701-fe48d6265aff@group-92E9A3D2A475: set configuration 0: [fa69ee7c-0798-4ff8-b468-99ad50c0848e:192.168.151.112:42872, e5fde6a0-3418-4bd7-b263-40da0cf228f6:192.168.151.112:42548, 7dacd8a8-dd8d-4754-a701-fe48d6265aff:192.168.151.112:35870], old=null at 0
2019-09-17 08:00:32,947 [grpc-default-executor-3] INFO  segmented.SegmentedRaftLogWorker (SegmentedRaftLogWorker.java:startLogSegment(380)) - 7dacd8a8-dd8d-4754-a701-fe48d6265aff@group-92E9A3D2A475-SegmentedRaftLogWorker: Starting segment from index:0
2019-09-17 08:00:32,947 [grpc-default-executor-2] INFO  impl.RaftServerImpl (ServerState.java:setRaftConf(354)) - e5fde6a0-3418-4bd7-b263-40da0cf228f6@group-92E9A3D2A475: set configuration 0: [fa69ee7c-0798-4ff8-b468-99ad50c0848e:192.168.151.112:42872, e5fde6a0-3418-4bd7-b263-40da0cf228f6:192.168.151.112:42548, 7dacd8a8-dd8d-4754-a701-fe48d6265aff:192.168.151.112:35870], old=null at 0
2019-09-17 08:00:32,947 [grpc-default-executor-2] INFO  segmented.SegmentedRaftLogWorker (SegmentedRaftLogWorker.java:startLogSegment(380)) - e5fde6a0-3418-4bd7-b263-40da0cf228f6@group-92E9A3D2A475-SegmentedRaftLogWorker: Starting segment from index:0
2019-09-17 08:00:32,992 [fa69ee7c-0798-4ff8-b468-99ad50c0848e@group-92E9A3D2A475-SegmentedRaftLogWorker] INFO  segmented.SegmentedRaftLogWorker (SegmentedRaftLogWorker.java:execute(569)) - fa69ee7c-0798-4ff8-b468-99ad50c0848e@group-92E9A3D2A475-SegmentedRaftLogWorker: created new log segment /workdir/hadoop-ozone/integration-test/target/test-dir/MiniOzoneClusterImpl-e8813a34-ce39-44d2-b891-204f93c5be6a/datanode-4/data/ratis/d83774c8-a0fd-472c-bd83-92e9a3d2a475/current/log_inprogress_0
2019-09-17 08:00:32,992 [e5fde6a0-3418-4bd7-b263-40da0cf228f6@group-92E9A3D2A475-SegmentedRaftLogWorker] INFO  segmented.SegmentedRaftLogWorker (SegmentedRaftLogWorker.java:execute(569)) - e5fde6a0-3418-4bd7-b263-40da0cf228f6@group-92E9A3D2A475-SegmentedRaftLogWorker: created new log segment /workdir/hadoop-ozone/integration-test/target/test-dir/MiniOzoneClusterImpl-e8813a34-ce39-44d2-b891-204f93c5be6a/datanode-0/data/ratis/d83774c8-a0fd-472c-bd83-92e9a3d2a475/current/log_inprogress_0
2019-09-17 08:00:32,992 [7dacd8a8-dd8d-4754-a701-fe48d6265aff@group-92E9A3D2A475-SegmentedRaftLogWorker] INFO  segmented.SegmentedRaftLogWorker (SegmentedRaftLogWorker.java:execute(569)) - 7dacd8a8-dd8d-4754-a701-fe48d6265aff@group-92E9A3D2A475-SegmentedRaftLogWorker: created new log segment /workdir/hadoop-ozone/integration-test/target/test-dir/MiniOzoneClusterImpl-e8813a34-ce39-44d2-b891-204f93c5be6a/datanode-6/data/ratis/d83774c8-a0fd-472c-bd83-92e9a3d2a475/current/log_inprogress_0
2019-09-17 08:00:33,657 [grpc-default-executor-2] INFO  client.GrpcClientProtocolClient (GrpcClientProtocolClient.java:onNext(264)) - client-66C6AB80286B->7dacd8a8-dd8d-4754-a701-fe48d6265aff: receive RaftClientReply:client-66C6AB80286B->7dacd8a8-dd8d-4754-a701-fe48d6265aff@group-92E9A3D2A475, cid=36, FAILED org.apache.ratis.protocol.NotLeaderException: Server 7dacd8a8-dd8d-4754-a701-fe48d6265aff@group-92E9A3D2A475 is not the leader fa69ee7c-0798-4ff8-b468-99ad50c0848e:192.168.151.112:42872, logIndex=0, commits[7dacd8a8-dd8d-4754-a701-fe48d6265aff:c-1, fa69ee7c-0798-4ff8-b468-99ad50c0848e:c-1, e5fde6a0-3418-4bd7-b263-40da0cf228f6:c-1]
2019-09-17 08:00:33,825 [grpc-default-executor-3] INFO  client.GrpcClientProtocolClient (GrpcClientProtocolClient.java:onNext(264)) - client-66C6AB80286B->fa69ee7c-0798-4ff8-b468-99ad50c0848e: receive RaftClientReply:client-66C6AB80286B->fa69ee7c-0798-4ff8-b468-99ad50c0848e@group-92E9A3D2A475, cid=36, SUCCESS, logIndex=1, commits[fa69ee7c-0798-4ff8-b468-99ad50c0848e:c1, e5fde6a0-3418-4bd7-b263-40da0cf228f6:c0, 7dacd8a8-dd8d-4754-a701-fe48d6265aff:c0]
2019-09-17 08:00:33,854 [grpc-default-executor-4] INFO  client.GrpcClientProtocolClient (GrpcClientProtocolClient.java:onNext(264)) - client-66C6AB80286B->fa69ee7c-0798-4ff8-b468-99ad50c0848e: receive RaftClientReply:client-66C6AB80286B->fa69ee7c-0798-4ff8-b468-99ad50c0848e@group-92E9A3D2A475, cid=37, SUCCESS, logIndex=3, commits[fa69ee7c-0798-4ff8-b468-99ad50c0848e:c4, e5fde6a0-3418-4bd7-b263-40da0cf228f6:c2, 7dacd8a8-dd8d-4754-a701-fe48d6265aff:c2]
2019-09-17 08:00:33,919 [grpc-default-executor-4] INFO  client.GrpcClientProtocolClient (GrpcClientProtocolClient.java:onNext(264)) - client-66C6AB80286B->fa69ee7c-0798-4ff8-b468-99ad50c0848e: receive RaftClientReply:client-66C6AB80286B->fa69ee7c-0798-4ff8-b468-99ad50c0848e@group-92E9A3D2A475, cid=38, SUCCESS, logIndex=4, commits[fa69ee7c-0798-4ff8-b468-99ad50c0848e:c11, e5fde6a0-3418-4bd7-b263-40da0cf228f6:c7, 7dacd8a8-dd8d-4754-a701-fe48d6265aff:c7]
2019-09-17 08:00:33,920 [grpc-default-executor-4] INFO  client.GrpcClientProtocolClient (GrpcClientProtocolClient.java:onNext(264)) - client-66C6AB80286B->fa69ee7c-0798-4ff8-b468-99ad50c0848e: receive RaftClientReply:client-66C6AB80286B->fa69ee7c-0798-4ff8-b468-99ad50c0848e@group-92E9A3D2A475, cid=39, SUCCESS, logIndex=5, commits[fa69ee7c-0798-4ff8-b468-99ad50c0848e:c11, e5fde6a0-3418-4bd7-b263-40da0cf228f6:c7, 7dacd8a8-dd8d-4754-a701-fe48d6265aff:c7]
2019-09-17 08:00:33,921 [grpc-default-executor-4] INFO  client.GrpcClientProtocolClient (GrpcClientProtocolClient.java:onNext(264)) - client-66C6AB80286B->fa69ee7c-0798-4ff8-b468-99ad50c0848e: receive RaftClientReply:client-66C6AB80286B->fa69ee7c-0798-4ff8-b468-99ad50c0848e@group-92E9A3D2A475, cid=40, SUCCESS, logIndex=6, commits[fa69ee7c-0798-4ff8-b468-99ad50c0848e:c11, e5fde6a0-3418-4bd7-b263-40da0cf228f6:c7, 7dacd8a8-dd8d-4754-a701-fe48d6265aff:c7]
2019-09-17 08:00:34,039 [grpc-default-executor-4] INFO  client.GrpcClientProtocolClient (GrpcClientProtocolClient.java:onNext(264)) - client-66C6AB80286B->fa69ee7c-0798-4ff8-b468-99ad50c0848e: receive RaftClientReply:client-66C6AB80286B->fa69ee7c-0798-4ff8-b468-99ad50c0848e@group-92E9A3D2A475, cid=41, SUCCESS, logIndex=7, commits[fa69ee7c-0798-4ff8-b468-99ad50c0848e:c11, e5fde6a0-3418-4bd7-b263-40da0cf228f6:c7, 7dacd8a8-dd8d-4754-a701-fe48d6265aff:c7]
]]></system-out>
  </testcase>
  <testcase name="testBufferCaching" classname="org.apache.hadoop.ozone.client.rpc.TestBlockOutputStream" time="0.284"/>
  <testcase name="testWriteWithExceedingMaxBufferLimit" classname="org.apache.hadoop.ozone.client.rpc.TestBlockOutputStream" time="0.55"/>
</testsuite>