<?xml version="1.0" encoding="UTF-8"?>
<testsuite xmlns:xsi="http://www.w3.org/2001/XMLSchema-instance" xsi:noNamespaceSchemaLocation="https://maven.apache.org/surefire/maven-surefire-plugin/xsd/surefire-test-report.xsd" name="org.apache.hadoop.ozone.client.rpc.TestBlockOutputStreamWithFailures" time="869.154" tests="8" errors="0" skipped="0" failures="1">
  <properties>
    <property name="awt.toolkit" value="sun.awt.X11.XToolkit"/>
    <property name="file.encoding.pkg" value="sun.io"/>
    <property name="java.specification.version" value="1.8"/>
    <property name="sun.cpu.isalist" value=""/>
    <property name="sun.jnu.encoding" value="UTF-8"/>
    <property name="java.class.path" value="/workdir/hadoop-ozone/integration-test/target/test-classes:/workdir/hadoop-ozone/integration-test/target/classes:/home/user/.m2/repository/org/apache/hadoop/hadoop-ozone-common/0.5.0-SNAPSHOT/hadoop-ozone-common-0.5.0-SNAPSHOT.jar:/home/user/.m2/repository/org/apache/commons/commons-compress/1.4.1/commons-compress-1.4.1.jar:/home/user/.m2/repository/org/tukaani/xz/1.0/xz-1.0.jar:/home/user/.m2/repository/org/apache/hadoop/hadoop-common/3.2.0/hadoop-common-3.2.0.jar:/home/user/.m2/repository/org/apache/hadoop/hadoop-hdfs/3.2.0/hadoop-hdfs-3.2.0.jar:/home/user/.m2/repository/org/apache/hadoop/hadoop-hdfs-client/3.2.0/hadoop-hdfs-client-3.2.0.jar:/home/user/.m2/repository/com/fasterxml/jackson/core/jackson-annotations/2.9.5/jackson-annotations-2.9.5.jar:/home/user/.m2/repository/org/apache/hadoop/hadoop-hdds-common/0.5.0-SNAPSHOT/hadoop-hdds-common-0.5.0-SNAPSHOT.jar:/home/user/.m2/repository/javax/annotation/javax.annotation-api/1.2/javax.annotation-api-1.2.jar:/home/user/.m2/repository/org/apache/ratis/ratis-server/0.4.0-78e95b9-SNAPSHOT/ratis-server-0.4.0-78e95b9-SNAPSHOT.jar:/home/user/.m2/repository/org/apache/ratis/ratis-thirdparty-misc/0.2.0/ratis-thirdparty-misc-0.2.0.jar:/home/user/.m2/repository/org/apache/ratis/ratis-proto/0.4.0-78e95b9-SNAPSHOT/ratis-proto-0.4.0-78e95b9-SNAPSHOT.jar:/home/user/.m2/repository/org/apache/ratis/ratis-common/0.4.0-78e95b9-SNAPSHOT/ratis-common-0.4.0-78e95b9-SNAPSHOT.jar:/home/user/.m2/repository/org/apache/ratis/ratis-client/0.4.0-78e95b9-SNAPSHOT/ratis-client-0.4.0-78e95b9-SNAPSHOT.jar:/home/user/.m2/repository/org/apache/ratis/ratis-metrics/0.4.0-78e95b9-SNAPSHOT/ratis-metrics-0.4.0-78e95b9-SNAPSHOT.jar:/home/user/.m2/repository/com/github/joshelser/dropwizard-metrics-hadoop-metrics2-reporter/0.1.2/dropwizard-metrics-hadoop-metrics2-reporter-0.1.2.jar:/home/user/.m2/repository/io/dropwizard/metrics/metrics-jvm/3.2.5/metrics-jvm-3.2.5.jar:/home/user/.m2/repository/io/dropwizard/metrics/metrics-ganglia/3.2.5/metrics-ganglia-3.2.5.jar:/home/user/.m2/repository/info/ganglia/gmetric4j/gmetric4j/1.0.7/gmetric4j-1.0.7.jar:/home/user/.m2/repository/org/apache/ratis/ratis-netty/0.4.0-78e95b9-SNAPSHOT/ratis-netty-0.4.0-78e95b9-SNAPSHOT.jar:/home/user/.m2/repository/org/apache/ratis/ratis-grpc/0.4.0-78e95b9-SNAPSHOT/ratis-grpc-0.4.0-78e95b9-SNAPSHOT.jar:/home/user/.m2/repository/org/rocksdb/rocksdbjni/6.0.1/rocksdbjni-6.0.1.jar:/home/user/.m2/repository/org/apache/logging/log4j/log4j-api/2.11.0/log4j-api-2.11.0.jar:/home/user/.m2/repository/org/apache/logging/log4j/log4j-core/2.11.0/log4j-core-2.11.0.jar:/home/user/.m2/repository/com/lmax/disruptor/3.4.2/disruptor-3.4.2.jar:/home/user/.m2/repository/org/apache/commons/commons-pool2/2.6.0/commons-pool2-2.6.0.jar:/home/user/.m2/repository/org/bouncycastle/bcpkix-jdk15on/1.60/bcpkix-jdk15on-1.60.jar:/home/user/.m2/repository/commons-validator/commons-validator/1.6/commons-validator-1.6.jar:/home/user/.m2/repository/commons-digester/commons-digester/1.8.1/commons-digester-1.8.1.jar:/home/user/.m2/repository/io/jaegertracing/jaeger-client/0.33.1/jaeger-client-0.33.1.jar:/home/user/.m2/repository/io/jaegertracing/jaeger-thrift/0.33.1/jaeger-thrift-0.33.1.jar:/home/user/.m2/repository/org/apache/thrift/libthrift/0.11.0/libthrift-0.11.0.jar:/home/user/.m2/repository/com/squareup/okhttp3/okhttp/3.9.0/okhttp-3.9.0.jar:/home/user/.m2/repository/com/squareup/okio/okio/1.13.0/okio-1.13.0.jar:/home/user/.m2/repository/io/jaegertracing/jaeger-core/0.33.1/jaeger-core-0.33.1.jar:/home/user/.m2/repository/io/jaegertracing/jaeger-tracerresolver/0.33.1/jaeger-tracerresolver-0.33.1.jar:/home/user/.m2/repository/io/opentracing/contrib/opentracing-tracerresolver/0.1.5/opentracing-tracerresolver-0.1.5.jar:/home/user/.m2/repository/io/opentracing/opentracing-util/0.31.0/opentracing-util-0.31.0.jar:/home/user/.m2/repository/io/opentracing/opentracing-api/0.31.0/opentracing-api-0.31.0.jar:/home/user/.m2/repository/io/opentracing/opentracing-noop/0.31.0/opentracing-noop-0.31.0.jar:/home/user/.m2/repository/org/apache/hadoop/hadoop-hdds-server-framework/0.5.0-SNAPSHOT/hadoop-hdds-server-framework-0.5.0-SNAPSHOT.jar:/home/user/.m2/repository/org/apache/hadoop/hadoop-hdds-container-service/0.5.0-SNAPSHOT/hadoop-hdds-container-service-0.5.0-SNAPSHOT.jar:/home/user/.m2/repository/org/apache/hadoop/hadoop-hdds-client/0.5.0-SNAPSHOT/hadoop-hdds-client-0.5.0-SNAPSHOT.jar:/home/user/.m2/repository/org/apache/hadoop/hadoop-hdds-tools/0.5.0-SNAPSHOT/hadoop-hdds-tools-0.5.0-SNAPSHOT.jar:/home/user/.m2/repository/org/apache/hadoop/hadoop-hdds-server-scm/0.5.0-SNAPSHOT/hadoop-hdds-server-scm-0.5.0-SNAPSHOT.jar:/home/user/.m2/repository/org/apache/hadoop/hadoop-hdds-docs/0.5.0-SNAPSHOT/hadoop-hdds-docs-0.5.0-SNAPSHOT.jar:/home/user/.m2/repository/io/dropwizard/metrics/metrics-core/3.2.4/metrics-core-3.2.4.jar:/home/user/.m2/repository/org/hamcrest/hamcrest-all/1.3/hamcrest-all-1.3.jar:/home/user/.m2/repository/org/bouncycastle/bcprov-jdk15on/1.60/bcprov-jdk15on-1.60.jar:/home/user/.m2/repository/info/picocli/picocli/3.9.6/picocli-3.9.6.jar:/home/user/.m2/repository/com/google/protobuf/protobuf-java/2.5.0/protobuf-java-2.5.0.jar:/home/user/.m2/repository/com/google/guava/guava/11.0.2/guava-11.0.2.jar:/home/user/.m2/repository/org/apache/hadoop/hadoop-ozone-ozone-manager/0.5.0-SNAPSHOT/hadoop-ozone-ozone-manager-0.5.0-SNAPSHOT.jar:/home/user/.m2/repository/org/apache/hadoop/hadoop-minikdc/3.2.0/hadoop-minikdc-3.2.0.jar:/home/user/.m2/repository/commons-io/commons-io/2.5/commons-io-2.5.jar:/home/user/.m2/repository/org/apache/kerby/kerb-simplekdc/1.0.1/kerb-simplekdc-1.0.1.jar:/home/user/.m2/repository/org/apache/kerby/kerb-client/1.0.1/kerb-client-1.0.1.jar:/home/user/.m2/repository/org/apache/kerby/kerby-config/1.0.1/kerby-config-1.0.1.jar:/home/user/.m2/repository/org/apache/kerby/kerb-core/1.0.1/kerb-core-1.0.1.jar:/home/user/.m2/repository/org/apache/kerby/kerby-pkix/1.0.1/kerby-pkix-1.0.1.jar:/home/user/.m2/repository/org/apache/kerby/kerby-asn1/1.0.1/kerby-asn1-1.0.1.jar:/home/user/.m2/repository/org/apache/kerby/kerby-util/1.0.1/kerby-util-1.0.1.jar:/home/user/.m2/repository/org/apache/kerby/kerb-common/1.0.1/kerb-common-1.0.1.jar:/home/user/.m2/repository/org/apache/kerby/kerb-crypto/1.0.1/kerb-crypto-1.0.1.jar:/home/user/.m2/repository/org/apache/kerby/kerb-util/1.0.1/kerb-util-1.0.1.jar:/home/user/.m2/repository/org/apache/kerby/token-provider/1.0.1/token-provider-1.0.1.jar:/home/user/.m2/repository/org/apache/kerby/kerb-admin/1.0.1/kerb-admin-1.0.1.jar:/home/user/.m2/repository/org/apache/kerby/kerb-server/1.0.1/kerb-server-1.0.1.jar:/home/user/.m2/repository/org/apache/kerby/kerb-identity/1.0.1/kerb-identity-1.0.1.jar:/home/user/.m2/repository/org/apache/kerby/kerby-xdr/1.0.1/kerby-xdr-1.0.1.jar:/home/user/.m2/repository/org/slf4j/slf4j-log4j12/1.7.25/slf4j-log4j12-1.7.25.jar:/home/user/.m2/repository/org/apache/hadoop/hadoop-ozone-s3gateway/0.5.0-SNAPSHOT/hadoop-ozone-s3gateway-0.5.0-SNAPSHOT.jar:/home/user/.m2/repository/org/jboss/weld/servlet/weld-servlet/2.4.7.Final/weld-servlet-2.4.7.Final.jar:/home/user/.m2/repository/org/glassfish/jersey/containers/jersey-container-servlet-core/2.27/jersey-container-servlet-core-2.27.jar:/home/user/.m2/repository/org/glassfish/hk2/external/javax.inject/2.5.0-b42/javax.inject-2.5.0-b42.jar:/home/user/.m2/repository/org/glassfish/jersey/core/jersey-common/2.27/jersey-common-2.27.jar:/home/user/.m2/repository/org/glassfish/hk2/osgi-resource-locator/1.0.1/osgi-resource-locator-1.0.1.jar:/home/user/.m2/repository/javax/ws/rs/javax.ws.rs-api/2.1/javax.ws.rs-api-2.1.jar:/home/user/.m2/repository/org/glassfish/jersey/ext/cdi/jersey-cdi1x/2.27/jersey-cdi1x-2.27.jar:/home/user/.m2/repository/org/glassfish/jersey/inject/jersey-hk2/2.27/jersey-hk2-2.27.jar:/home/user/.m2/repository/org/glassfish/hk2/hk2-locator/2.5.0-b42/hk2-locator-2.5.0-b42.jar:/home/user/.m2/repository/org/javassist/javassist/3.22.0-CR2/javassist-3.22.0-CR2.jar:/home/user/.m2/repository/org/glassfish/hk2/hk2-api/2.5.0/hk2-api-2.5.0.jar:/home/user/.m2/repository/org/glassfish/hk2/external/jakarta.inject/2.5.0/jakarta.inject-2.5.0.jar:/home/user/.m2/repository/org/glassfish/hk2/hk2-utils/2.5.0/hk2-utils-2.5.0.jar:/home/user/.m2/repository/jakarta/annotation/jakarta.annotation-api/1.3.4/jakarta.annotation-api-1.3.4.jar:/home/user/.m2/repository/org/glassfish/hk2/external/aopalliance-repackaged/2.5.0/aopalliance-repackaged-2.5.0.jar:/home/user/.m2/repository/com/fasterxml/jackson/dataformat/jackson-dataformat-xml/2.9.0/jackson-dataformat-xml-2.9.0.jar:/home/user/.m2/repository/com/fasterxml/jackson/core/jackson-core/2.9.5/jackson-core-2.9.5.jar:/home/user/.m2/repository/com/fasterxml/jackson/module/jackson-module-jaxb-annotations/2.9.5/jackson-module-jaxb-annotations-2.9.5.jar:/home/user/.m2/repository/javax/enterprise/cdi-api/1.2/cdi-api-1.2.jar:/home/user/.m2/repository/javax/el/javax.el-api/3.0.0/javax.el-api-3.0.0.jar:/home/user/.m2/repository/javax/interceptor/javax.interceptor-api/1.2/javax.interceptor-api-1.2.jar:/home/user/.m2/repository/javax/inject/javax.inject/1/javax.inject-1.jar:/home/user/.m2/repository/com/sun/xml/bind/jaxb-impl/2.3.0.1/jaxb-impl-2.3.0.1.jar:/home/user/.m2/repository/com/sun/xml/bind/jaxb-core/2.3.0.1/jaxb-core-2.3.0.1.jar:/home/user/.m2/repository/javax/xml/bind/jaxb-api/2.3.0/jaxb-api-2.3.0.jar:/home/user/.m2/repository/javax/activation/activation/1.1.1/activation-1.1.1.jar:/home/user/.m2/repository/org/apache/hadoop/hadoop-ozone-csi/0.5.0-SNAPSHOT/hadoop-ozone-csi-0.5.0-SNAPSHOT.jar:/home/user/.m2/repository/com/google/protobuf/protobuf-java-util/3.5.1/protobuf-java-util-3.5.1.jar:/home/user/.m2/repository/org/apache/hadoop/hadoop-hdds-config/0.5.0-SNAPSHOT/hadoop-hdds-config-0.5.0-SNAPSHOT.jar:/home/user/.m2/repository/io/grpc/grpc-netty/1.17.1/grpc-netty-1.17.1.jar:/home/user/.m2/repository/io/grpc/grpc-core/1.17.1/grpc-core-1.17.1.jar:/home/user/.m2/repository/io/grpc/grpc-context/1.17.1/grpc-context-1.17.1.jar:/home/user/.m2/repository/com/google/errorprone/error_prone_annotations/2.2.0/error_prone_annotations-2.2.0.jar:/home/user/.m2/repository/org/codehaus/mojo/animal-sniffer-annotations/1.17/animal-sniffer-annotations-1.17.jar:/home/user/.m2/repository/io/opencensus/opencensus-api/0.17.0/opencensus-api-0.17.0.jar:/home/user/.m2/repository/io/opencensus/opencensus-contrib-grpc-metrics/0.17.0/opencensus-contrib-grpc-metrics-0.17.0.jar:/home/user/.m2/repository/io/netty/netty-codec-http2/4.1.30.Final/netty-codec-http2-4.1.30.Final.jar:/home/user/.m2/repository/io/netty/netty-codec-http/4.1.30.Final/netty-codec-http-4.1.30.Final.jar:/home/user/.m2/repository/io/netty/netty-codec/4.1.30.Final/netty-codec-4.1.30.Final.jar:/home/user/.m2/repository/io/netty/netty-handler/4.1.30.Final/netty-handler-4.1.30.Final.jar:/home/user/.m2/repository/io/netty/netty-handler-proxy/4.1.30.Final/netty-handler-proxy-4.1.30.Final.jar:/home/user/.m2/repository/io/netty/netty-codec-socks/4.1.30.Final/netty-codec-socks-4.1.30.Final.jar:/home/user/.m2/repository/io/netty/netty-transport-native-epoll/4.1.30.Final/netty-transport-native-epoll-4.1.30.Final.jar:/home/user/.m2/repository/io/netty/netty-common/4.1.30.Final/netty-common-4.1.30.Final.jar:/home/user/.m2/repository/io/netty/netty-buffer/4.1.30.Final/netty-buffer-4.1.30.Final.jar:/home/user/.m2/repository/io/netty/netty-transport/4.1.30.Final/netty-transport-4.1.30.Final.jar:/home/user/.m2/repository/io/netty/netty-resolver/4.1.30.Final/netty-resolver-4.1.30.Final.jar:/home/user/.m2/repository/io/netty/netty-transport-native-unix-common/4.1.30.Final/netty-transport-native-unix-common-4.1.30.Final.jar:/home/user/.m2/repository/io/grpc/grpc-protobuf/1.17.1/grpc-protobuf-1.17.1.jar:/home/user/.m2/repository/com/google/api/grpc/proto-google-common-protos/1.0.0/proto-google-common-protos-1.0.0.jar:/home/user/.m2/repository/io/grpc/grpc-protobuf-lite/1.17.1/grpc-protobuf-lite-1.17.1.jar:/home/user/.m2/repository/io/grpc/grpc-stub/1.17.1/grpc-stub-1.17.1.jar:/home/user/.m2/repository/org/apache/hadoop/hadoop-ozone-recon/0.5.0-SNAPSHOT/hadoop-ozone-recon-0.5.0-SNAPSHOT.jar:/home/user/.m2/repository/org/apache/hadoop/hadoop-ozone-reconcodegen/0.5.0-SNAPSHOT/hadoop-ozone-reconcodegen-0.5.0-SNAPSHOT.jar:/home/user/.m2/repository/com/google/inject/extensions/guice-multibindings/4.0/guice-multibindings-4.0.jar:/home/user/.m2/repository/com/google/inject/guice/4.0/guice-4.0.jar:/home/user/.m2/repository/aopalliance/aopalliance/1.0/aopalliance-1.0.jar:/home/user/.m2/repository/com/google/inject/extensions/guice-servlet/4.0/guice-servlet-4.0.jar:/home/user/.m2/repository/org/glassfish/jersey/containers/jersey-container-servlet/2.27/jersey-container-servlet-2.27.jar:/home/user/.m2/repository/org/glassfish/hk2/guice-bridge/2.5.0/guice-bridge-2.5.0.jar:/home/user/.m2/repository/org/glassfish/jersey/core/jersey-server/2.27/jersey-server-2.27.jar:/home/user/.m2/repository/org/glassfish/jersey/core/jersey-client/2.27/jersey-client-2.27.jar:/home/user/.m2/repository/org/glassfish/jersey/media/jersey-media-jaxb/2.27/jersey-media-jaxb-2.27.jar:/home/user/.m2/repository/javax/validation/validation-api/1.1.0.Final/validation-api-1.1.0.Final.jar:/home/user/.m2/repository/org/glassfish/jersey/media/jersey-media-json-jackson/2.27/jersey-media-json-jackson-2.27.jar:/home/user/.m2/repository/org/glassfish/jersey/ext/jersey-entity-filtering/2.27/jersey-entity-filtering-2.27.jar:/home/user/.m2/repository/com/google/inject/extensions/guice-assistedinject/4.0/guice-assistedinject-4.0.jar:/home/user/.m2/repository/org/jooq/jooq/3.11.10/jooq-3.11.10.jar:/home/user/.m2/repository/org/jooq/jooq-meta/3.11.10/jooq-meta-3.11.10.jar:/home/user/.m2/repository/org/jooq/jooq-codegen/3.11.10/jooq-codegen-3.11.10.jar:/home/user/.m2/repository/com/jolbox/bonecp/0.8.0.RELEASE/bonecp-0.8.0.RELEASE.jar:/home/user/.m2/repository/org/xerial/sqlite-jdbc/3.25.2/sqlite-jdbc-3.25.2.jar:/home/user/.m2/repository/org/springframework/spring-jdbc/5.1.3.RELEASE/spring-jdbc-5.1.3.RELEASE.jar:/home/user/.m2/repository/org/springframework/spring-beans/5.1.3.RELEASE/spring-beans-5.1.3.RELEASE.jar:/home/user/.m2/repository/org/springframework/spring-core/5.1.3.RELEASE/spring-core-5.1.3.RELEASE.jar:/home/user/.m2/repository/org/springframework/spring-jcl/5.1.3.RELEASE/spring-jcl-5.1.3.RELEASE.jar:/home/user/.m2/repository/org/springframework/spring-tx/5.1.3.RELEASE/spring-tx-5.1.3.RELEASE.jar:/home/user/.m2/repository/org/apache/hadoop/hadoop-ozone-client/0.5.0-SNAPSHOT/hadoop-ozone-client-0.5.0-SNAPSHOT.jar:/home/user/.m2/repository/commons-lang/commons-lang/2.6/commons-lang-2.6.jar:/home/user/.m2/repository/org/apache/hadoop/hadoop-ozone-ozone-manager/0.5.0-SNAPSHOT/hadoop-ozone-ozone-manager-0.5.0-SNAPSHOT-tests.jar:/home/user/.m2/repository/junit/junit/4.11/junit-4.11.jar:/home/user/.m2/repository/org/hamcrest/hamcrest-core/1.3/hamcrest-core-1.3.jar:/home/user/.m2/repository/org/openjdk/jmh/jmh-core/1.19/jmh-core-1.19.jar:/home/user/.m2/repository/net/sf/jopt-simple/jopt-simple/4.6/jopt-simple-4.6.jar:/home/user/.m2/repository/org/apache/commons/commons-math3/3.1.1/commons-math3-3.1.1.jar:/home/user/.m2/repository/org/openjdk/jmh/jmh-generator-annprocess/1.19/jmh-generator-annprocess-1.19.jar:/home/user/.m2/repository/org/mockito/mockito-all/1.8.5/mockito-all-1.8.5.jar:/home/user/.m2/repository/org/apache/hadoop/hadoop-kms/3.2.0/hadoop-kms-3.2.0.jar:/home/user/.m2/repository/org/apache/hadoop/hadoop-auth/3.2.0/hadoop-auth-3.2.0.jar:/home/user/.m2/repository/com/nimbusds/nimbus-jose-jwt/4.41.1/nimbus-jose-jwt-4.41.1.jar:/home/user/.m2/repository/com/github/stephenc/jcip/jcip-annotations/1.0-1/jcip-annotations-1.0-1.jar:/home/user/.m2/repository/net/minidev/json-smart/2.3/json-smart-2.3.jar:/home/user/.m2/repository/net/minidev/accessors-smart/1.2/accessors-smart-1.2.jar:/home/user/.m2/repository/org/ow2/asm/asm/5.0.4/asm-5.0.4.jar:/home/user/.m2/repository/org/apache/curator/curator-framework/2.12.0/curator-framework-2.12.0.jar:/home/user/.m2/repository/com/sun/jersey/jersey-core/1.19/jersey-core-1.19.jar:/home/user/.m2/repository/javax/ws/rs/jsr311-api/1.1.1/jsr311-api-1.1.1.jar:/home/user/.m2/repository/com/sun/jersey/jersey-server/1.19/jersey-server-1.19.jar:/home/user/.m2/repository/javax/servlet/javax.servlet-api/3.1.0/javax.servlet-api-3.1.0.jar:/home/user/.m2/repository/org/eclipse/jetty/jetty-server/9.3.24.v20180605/jetty-server-9.3.24.v20180605.jar:/home/user/.m2/repository/org/eclipse/jetty/jetty-http/9.3.24.v20180605/jetty-http-9.3.24.v20180605.jar:/home/user/.m2/repository/org/eclipse/jetty/jetty-io/9.3.24.v20180605/jetty-io-9.3.24.v20180605.jar:/home/user/.m2/repository/org/eclipse/jetty/jetty-webapp/9.3.24.v20180605/jetty-webapp-9.3.24.v20180605.jar:/home/user/.m2/repository/org/eclipse/jetty/jetty-xml/9.3.24.v20180605/jetty-xml-9.3.24.v20180605.jar:/home/user/.m2/repository/log4j/log4j/1.2.17/log4j-1.2.17.jar:/home/user/.m2/repository/org/slf4j/slf4j-api/1.7.25/slf4j-api-1.7.25.jar:/home/user/.m2/repository/org/slf4j/jul-to-slf4j/1.7.25/jul-to-slf4j-1.7.25.jar:/home/user/.m2/repository/org/eclipse/jetty/jetty-util/9.3.24.v20180605/jetty-util-9.3.24.v20180605.jar:/home/user/.m2/repository/com/fasterxml/jackson/core/jackson-databind/2.9.5/jackson-databind-2.9.5.jar:/home/user/.m2/repository/org/apache/hadoop/hadoop-kms/3.2.0/hadoop-kms-3.2.0-tests.jar:/home/user/.m2/repository/org/apache/hadoop/hadoop-hdds-server-scm/0.5.0-SNAPSHOT/hadoop-hdds-server-scm-0.5.0-SNAPSHOT-tests.jar:/home/user/.m2/repository/org/apache/hadoop/hadoop-hdds-container-service/0.5.0-SNAPSHOT/hadoop-hdds-container-service-0.5.0-SNAPSHOT-tests.jar:/home/user/.m2/repository/org/yaml/snakeyaml/1.16/snakeyaml-1.16.jar:/home/user/.m2/repository/org/apache/hadoop/hadoop-common/3.2.0/hadoop-common-3.2.0-tests.jar:/home/user/.m2/repository/org/apache/hadoop/hadoop-annotations/3.2.0/hadoop-annotations-3.2.0.jar:/usr/lib/jvm/java-1.8-openjdk/jre/../lib/tools.jar:/home/user/.m2/repository/commons-cli/commons-cli/1.2/commons-cli-1.2.jar:/home/user/.m2/repository/org/apache/httpcomponents/httpclient/4.5.2/httpclient-4.5.2.jar:/home/user/.m2/repository/org/apache/httpcomponents/httpcore/4.4.4/httpcore-4.4.4.jar:/home/user/.m2/repository/commons-codec/commons-codec/1.11/commons-codec-1.11.jar:/home/user/.m2/repository/commons-net/commons-net/3.6/commons-net-3.6.jar:/home/user/.m2/repository/commons-collections/commons-collections/3.2.2/commons-collections-3.2.2.jar:/home/user/.m2/repository/org/eclipse/jetty/jetty-servlet/9.3.24.v20180605/jetty-servlet-9.3.24.v20180605.jar:/home/user/.m2/repository/org/eclipse/jetty/jetty-security/9.3.24.v20180605/jetty-security-9.3.24.v20180605.jar:/home/user/.m2/repository/javax/servlet/jsp/jsp-api/2.1/jsp-api-2.1.jar:/home/user/.m2/repository/com/sun/jersey/jersey-servlet/1.19/jersey-servlet-1.19.jar:/home/user/.m2/repository/com/sun/jersey/jersey-json/1.19/jersey-json-1.19.jar:/home/user/.m2/repository/org/codehaus/jettison/jettison/1.1/jettison-1.1.jar:/home/user/.m2/repository/org/codehaus/jackson/jackson-core-asl/1.9.13/jackson-core-asl-1.9.13.jar:/home/user/.m2/repository/org/codehaus/jackson/jackson-mapper-asl/1.9.13/jackson-mapper-asl-1.9.13.jar:/home/user/.m2/repository/org/codehaus/jackson/jackson-jaxrs/1.9.13/jackson-jaxrs-1.9.13.jar:/home/user/.m2/repository/org/codehaus/jackson/jackson-xc/1.9.13/jackson-xc-1.9.13.jar:/home/user/.m2/repository/commons-logging/commons-logging/1.1.3/commons-logging-1.1.3.jar:/home/user/.m2/repository/commons-beanutils/commons-beanutils/1.9.3/commons-beanutils-1.9.3.jar:/home/user/.m2/repository/org/apache/commons/commons-configuration2/2.1.1/commons-configuration2-2.1.1.jar:/home/user/.m2/repository/org/apache/commons/commons-lang3/3.7/commons-lang3-3.7.jar:/home/user/.m2/repository/org/apache/commons/commons-text/1.4/commons-text-1.4.jar:/home/user/.m2/repository/org/apache/avro/avro/1.7.7/avro-1.7.7.jar:/home/user/.m2/repository/com/thoughtworks/paranamer/paranamer/2.3/paranamer-2.3.jar:/home/user/.m2/repository/org/xerial/snappy/snappy-java/1.0.5/snappy-java-1.0.5.jar:/home/user/.m2/repository/com/google/re2j/re2j/1.1/re2j-1.1.jar:/home/user/.m2/repository/com/google/code/gson/gson/2.2.4/gson-2.2.4.jar:/home/user/.m2/repository/com/jcraft/jsch/0.1.54/jsch-0.1.54.jar:/home/user/.m2/repository/org/apache/curator/curator-client/2.12.0/curator-client-2.12.0.jar:/home/user/.m2/repository/org/apache/curator/curator-recipes/2.12.0/curator-recipes-2.12.0.jar:/home/user/.m2/repository/com/google/code/findbugs/jsr305/3.0.0/jsr305-3.0.0.jar:/home/user/.m2/repository/org/apache/htrace/htrace-core4/4.1.0-incubating/htrace-core4-4.1.0-incubating.jar:/home/user/.m2/repository/org/apache/zookeeper/zookeeper/3.4.13/zookeeper-3.4.13.jar:/home/user/.m2/repository/org/apache/yetus/audience-annotations/0.5.0/audience-annotations-0.5.0.jar:/home/user/.m2/repository/org/codehaus/woodstox/stax2-api/3.1.4/stax2-api-3.1.4.jar:/home/user/.m2/repository/com/fasterxml/woodstox/woodstox-core/5.0.3/woodstox-core-5.0.3.jar:/home/user/.m2/repository/dnsjava/dnsjava/2.1.7/dnsjava-2.1.7.jar:/home/user/.m2/repository/org/apache/hadoop/hadoop-hdfs/3.2.0/hadoop-hdfs-3.2.0-tests.jar:/home/user/.m2/repository/org/eclipse/jetty/jetty-util-ajax/9.3.24.v20180605/jetty-util-ajax-9.3.24.v20180605.jar:/home/user/.m2/repository/commons-daemon/commons-daemon/1.0.13/commons-daemon-1.0.13.jar:/home/user/.m2/repository/io/netty/netty/3.10.5.Final/netty-3.10.5.Final.jar:/home/user/.m2/repository/io/netty/netty-all/4.0.52.Final/netty-all-4.0.52.Final.jar:/home/user/.m2/repository/org/fusesource/leveldbjni/leveldbjni-all/1.8/leveldbjni-all-1.8.jar:"/>
    <property name="java.vm.vendor" value="IcedTea"/>
    <property name="sun.arch.data.model" value="64"/>
    <property name="test.build.dir" value="/workdir/hadoop-ozone/integration-test/target/test-dir"/>
    <property name="test.cache.data" value=""/>
    <property name="java.vendor.url" value="https://icedtea.classpath.org"/>
    <property name="user.timezone" value=""/>
    <property name="java.vm.specification.version" value="1.8"/>
    <property name="os.name" value="Linux"/>
    <property name="test.build.data" value="/workdir/hadoop-ozone/integration-test/target/test-dir"/>
    <property name="user.country" value="US"/>
    <property name="sun.java.launcher" value="SUN_STANDARD"/>
    <property name="sun.boot.library.path" value="/usr/lib/jvm/java-1.8-openjdk/jre/lib/amd64"/>
    <property name="sun.java.command" value="/workdir/hadoop-ozone/integration-test/target/surefire/surefirebooter7072091477067427623.jar /workdir/hadoop-ozone/integration-test/target/surefire 2019-09-18T10-59-15_532-jvmRun1 surefire794446281224386360tmp surefire_318614823355802981620tmp"/>
    <property name="test" value="!TestMiniChaosOzoneCluster"/>
    <property name="surefire.test.class.path" value="/workdir/hadoop-ozone/integration-test/target/test-classes:/workdir/hadoop-ozone/integration-test/target/classes:/home/user/.m2/repository/org/apache/hadoop/hadoop-ozone-common/0.5.0-SNAPSHOT/hadoop-ozone-common-0.5.0-SNAPSHOT.jar:/home/user/.m2/repository/org/apache/commons/commons-compress/1.4.1/commons-compress-1.4.1.jar:/home/user/.m2/repository/org/tukaani/xz/1.0/xz-1.0.jar:/home/user/.m2/repository/org/apache/hadoop/hadoop-common/3.2.0/hadoop-common-3.2.0.jar:/home/user/.m2/repository/org/apache/hadoop/hadoop-hdfs/3.2.0/hadoop-hdfs-3.2.0.jar:/home/user/.m2/repository/org/apache/hadoop/hadoop-hdfs-client/3.2.0/hadoop-hdfs-client-3.2.0.jar:/home/user/.m2/repository/com/fasterxml/jackson/core/jackson-annotations/2.9.5/jackson-annotations-2.9.5.jar:/home/user/.m2/repository/org/apache/hadoop/hadoop-hdds-common/0.5.0-SNAPSHOT/hadoop-hdds-common-0.5.0-SNAPSHOT.jar:/home/user/.m2/repository/javax/annotation/javax.annotation-api/1.2/javax.annotation-api-1.2.jar:/home/user/.m2/repository/org/apache/ratis/ratis-server/0.4.0-78e95b9-SNAPSHOT/ratis-server-0.4.0-78e95b9-SNAPSHOT.jar:/home/user/.m2/repository/org/apache/ratis/ratis-thirdparty-misc/0.2.0/ratis-thirdparty-misc-0.2.0.jar:/home/user/.m2/repository/org/apache/ratis/ratis-proto/0.4.0-78e95b9-SNAPSHOT/ratis-proto-0.4.0-78e95b9-SNAPSHOT.jar:/home/user/.m2/repository/org/apache/ratis/ratis-common/0.4.0-78e95b9-SNAPSHOT/ratis-common-0.4.0-78e95b9-SNAPSHOT.jar:/home/user/.m2/repository/org/apache/ratis/ratis-client/0.4.0-78e95b9-SNAPSHOT/ratis-client-0.4.0-78e95b9-SNAPSHOT.jar:/home/user/.m2/repository/org/apache/ratis/ratis-metrics/0.4.0-78e95b9-SNAPSHOT/ratis-metrics-0.4.0-78e95b9-SNAPSHOT.jar:/home/user/.m2/repository/com/github/joshelser/dropwizard-metrics-hadoop-metrics2-reporter/0.1.2/dropwizard-metrics-hadoop-metrics2-reporter-0.1.2.jar:/home/user/.m2/repository/io/dropwizard/metrics/metrics-jvm/3.2.5/metrics-jvm-3.2.5.jar:/home/user/.m2/repository/io/dropwizard/metrics/metrics-ganglia/3.2.5/metrics-ganglia-3.2.5.jar:/home/user/.m2/repository/info/ganglia/gmetric4j/gmetric4j/1.0.7/gmetric4j-1.0.7.jar:/home/user/.m2/repository/org/apache/ratis/ratis-netty/0.4.0-78e95b9-SNAPSHOT/ratis-netty-0.4.0-78e95b9-SNAPSHOT.jar:/home/user/.m2/repository/org/apache/ratis/ratis-grpc/0.4.0-78e95b9-SNAPSHOT/ratis-grpc-0.4.0-78e95b9-SNAPSHOT.jar:/home/user/.m2/repository/org/rocksdb/rocksdbjni/6.0.1/rocksdbjni-6.0.1.jar:/home/user/.m2/repository/org/apache/logging/log4j/log4j-api/2.11.0/log4j-api-2.11.0.jar:/home/user/.m2/repository/org/apache/logging/log4j/log4j-core/2.11.0/log4j-core-2.11.0.jar:/home/user/.m2/repository/com/lmax/disruptor/3.4.2/disruptor-3.4.2.jar:/home/user/.m2/repository/org/apache/commons/commons-pool2/2.6.0/commons-pool2-2.6.0.jar:/home/user/.m2/repository/org/bouncycastle/bcpkix-jdk15on/1.60/bcpkix-jdk15on-1.60.jar:/home/user/.m2/repository/commons-validator/commons-validator/1.6/commons-validator-1.6.jar:/home/user/.m2/repository/commons-digester/commons-digester/1.8.1/commons-digester-1.8.1.jar:/home/user/.m2/repository/io/jaegertracing/jaeger-client/0.33.1/jaeger-client-0.33.1.jar:/home/user/.m2/repository/io/jaegertracing/jaeger-thrift/0.33.1/jaeger-thrift-0.33.1.jar:/home/user/.m2/repository/org/apache/thrift/libthrift/0.11.0/libthrift-0.11.0.jar:/home/user/.m2/repository/com/squareup/okhttp3/okhttp/3.9.0/okhttp-3.9.0.jar:/home/user/.m2/repository/com/squareup/okio/okio/1.13.0/okio-1.13.0.jar:/home/user/.m2/repository/io/jaegertracing/jaeger-core/0.33.1/jaeger-core-0.33.1.jar:/home/user/.m2/repository/io/jaegertracing/jaeger-tracerresolver/0.33.1/jaeger-tracerresolver-0.33.1.jar:/home/user/.m2/repository/io/opentracing/contrib/opentracing-tracerresolver/0.1.5/opentracing-tracerresolver-0.1.5.jar:/home/user/.m2/repository/io/opentracing/opentracing-util/0.31.0/opentracing-util-0.31.0.jar:/home/user/.m2/repository/io/opentracing/opentracing-api/0.31.0/opentracing-api-0.31.0.jar:/home/user/.m2/repository/io/opentracing/opentracing-noop/0.31.0/opentracing-noop-0.31.0.jar:/home/user/.m2/repository/org/apache/hadoop/hadoop-hdds-server-framework/0.5.0-SNAPSHOT/hadoop-hdds-server-framework-0.5.0-SNAPSHOT.jar:/home/user/.m2/repository/org/apache/hadoop/hadoop-hdds-container-service/0.5.0-SNAPSHOT/hadoop-hdds-container-service-0.5.0-SNAPSHOT.jar:/home/user/.m2/repository/org/apache/hadoop/hadoop-hdds-client/0.5.0-SNAPSHOT/hadoop-hdds-client-0.5.0-SNAPSHOT.jar:/home/user/.m2/repository/org/apache/hadoop/hadoop-hdds-tools/0.5.0-SNAPSHOT/hadoop-hdds-tools-0.5.0-SNAPSHOT.jar:/home/user/.m2/repository/org/apache/hadoop/hadoop-hdds-server-scm/0.5.0-SNAPSHOT/hadoop-hdds-server-scm-0.5.0-SNAPSHOT.jar:/home/user/.m2/repository/org/apache/hadoop/hadoop-hdds-docs/0.5.0-SNAPSHOT/hadoop-hdds-docs-0.5.0-SNAPSHOT.jar:/home/user/.m2/repository/io/dropwizard/metrics/metrics-core/3.2.4/metrics-core-3.2.4.jar:/home/user/.m2/repository/org/hamcrest/hamcrest-all/1.3/hamcrest-all-1.3.jar:/home/user/.m2/repository/org/bouncycastle/bcprov-jdk15on/1.60/bcprov-jdk15on-1.60.jar:/home/user/.m2/repository/info/picocli/picocli/3.9.6/picocli-3.9.6.jar:/home/user/.m2/repository/com/google/protobuf/protobuf-java/2.5.0/protobuf-java-2.5.0.jar:/home/user/.m2/repository/com/google/guava/guava/11.0.2/guava-11.0.2.jar:/home/user/.m2/repository/org/apache/hadoop/hadoop-ozone-ozone-manager/0.5.0-SNAPSHOT/hadoop-ozone-ozone-manager-0.5.0-SNAPSHOT.jar:/home/user/.m2/repository/org/apache/hadoop/hadoop-minikdc/3.2.0/hadoop-minikdc-3.2.0.jar:/home/user/.m2/repository/commons-io/commons-io/2.5/commons-io-2.5.jar:/home/user/.m2/repository/org/apache/kerby/kerb-simplekdc/1.0.1/kerb-simplekdc-1.0.1.jar:/home/user/.m2/repository/org/apache/kerby/kerb-client/1.0.1/kerb-client-1.0.1.jar:/home/user/.m2/repository/org/apache/kerby/kerby-config/1.0.1/kerby-config-1.0.1.jar:/home/user/.m2/repository/org/apache/kerby/kerb-core/1.0.1/kerb-core-1.0.1.jar:/home/user/.m2/repository/org/apache/kerby/kerby-pkix/1.0.1/kerby-pkix-1.0.1.jar:/home/user/.m2/repository/org/apache/kerby/kerby-asn1/1.0.1/kerby-asn1-1.0.1.jar:/home/user/.m2/repository/org/apache/kerby/kerby-util/1.0.1/kerby-util-1.0.1.jar:/home/user/.m2/repository/org/apache/kerby/kerb-common/1.0.1/kerb-common-1.0.1.jar:/home/user/.m2/repository/org/apache/kerby/kerb-crypto/1.0.1/kerb-crypto-1.0.1.jar:/home/user/.m2/repository/org/apache/kerby/kerb-util/1.0.1/kerb-util-1.0.1.jar:/home/user/.m2/repository/org/apache/kerby/token-provider/1.0.1/token-provider-1.0.1.jar:/home/user/.m2/repository/org/apache/kerby/kerb-admin/1.0.1/kerb-admin-1.0.1.jar:/home/user/.m2/repository/org/apache/kerby/kerb-server/1.0.1/kerb-server-1.0.1.jar:/home/user/.m2/repository/org/apache/kerby/kerb-identity/1.0.1/kerb-identity-1.0.1.jar:/home/user/.m2/repository/org/apache/kerby/kerby-xdr/1.0.1/kerby-xdr-1.0.1.jar:/home/user/.m2/repository/org/slf4j/slf4j-log4j12/1.7.25/slf4j-log4j12-1.7.25.jar:/home/user/.m2/repository/org/apache/hadoop/hadoop-ozone-s3gateway/0.5.0-SNAPSHOT/hadoop-ozone-s3gateway-0.5.0-SNAPSHOT.jar:/home/user/.m2/repository/org/jboss/weld/servlet/weld-servlet/2.4.7.Final/weld-servlet-2.4.7.Final.jar:/home/user/.m2/repository/org/glassfish/jersey/containers/jersey-container-servlet-core/2.27/jersey-container-servlet-core-2.27.jar:/home/user/.m2/repository/org/glassfish/hk2/external/javax.inject/2.5.0-b42/javax.inject-2.5.0-b42.jar:/home/user/.m2/repository/org/glassfish/jersey/core/jersey-common/2.27/jersey-common-2.27.jar:/home/user/.m2/repository/org/glassfish/hk2/osgi-resource-locator/1.0.1/osgi-resource-locator-1.0.1.jar:/home/user/.m2/repository/javax/ws/rs/javax.ws.rs-api/2.1/javax.ws.rs-api-2.1.jar:/home/user/.m2/repository/org/glassfish/jersey/ext/cdi/jersey-cdi1x/2.27/jersey-cdi1x-2.27.jar:/home/user/.m2/repository/org/glassfish/jersey/inject/jersey-hk2/2.27/jersey-hk2-2.27.jar:/home/user/.m2/repository/org/glassfish/hk2/hk2-locator/2.5.0-b42/hk2-locator-2.5.0-b42.jar:/home/user/.m2/repository/org/javassist/javassist/3.22.0-CR2/javassist-3.22.0-CR2.jar:/home/user/.m2/repository/org/glassfish/hk2/hk2-api/2.5.0/hk2-api-2.5.0.jar:/home/user/.m2/repository/org/glassfish/hk2/external/jakarta.inject/2.5.0/jakarta.inject-2.5.0.jar:/home/user/.m2/repository/org/glassfish/hk2/hk2-utils/2.5.0/hk2-utils-2.5.0.jar:/home/user/.m2/repository/jakarta/annotation/jakarta.annotation-api/1.3.4/jakarta.annotation-api-1.3.4.jar:/home/user/.m2/repository/org/glassfish/hk2/external/aopalliance-repackaged/2.5.0/aopalliance-repackaged-2.5.0.jar:/home/user/.m2/repository/com/fasterxml/jackson/dataformat/jackson-dataformat-xml/2.9.0/jackson-dataformat-xml-2.9.0.jar:/home/user/.m2/repository/com/fasterxml/jackson/core/jackson-core/2.9.5/jackson-core-2.9.5.jar:/home/user/.m2/repository/com/fasterxml/jackson/module/jackson-module-jaxb-annotations/2.9.5/jackson-module-jaxb-annotations-2.9.5.jar:/home/user/.m2/repository/javax/enterprise/cdi-api/1.2/cdi-api-1.2.jar:/home/user/.m2/repository/javax/el/javax.el-api/3.0.0/javax.el-api-3.0.0.jar:/home/user/.m2/repository/javax/interceptor/javax.interceptor-api/1.2/javax.interceptor-api-1.2.jar:/home/user/.m2/repository/javax/inject/javax.inject/1/javax.inject-1.jar:/home/user/.m2/repository/com/sun/xml/bind/jaxb-impl/2.3.0.1/jaxb-impl-2.3.0.1.jar:/home/user/.m2/repository/com/sun/xml/bind/jaxb-core/2.3.0.1/jaxb-core-2.3.0.1.jar:/home/user/.m2/repository/javax/xml/bind/jaxb-api/2.3.0/jaxb-api-2.3.0.jar:/home/user/.m2/repository/javax/activation/activation/1.1.1/activation-1.1.1.jar:/home/user/.m2/repository/org/apache/hadoop/hadoop-ozone-csi/0.5.0-SNAPSHOT/hadoop-ozone-csi-0.5.0-SNAPSHOT.jar:/home/user/.m2/repository/com/google/protobuf/protobuf-java-util/3.5.1/protobuf-java-util-3.5.1.jar:/home/user/.m2/repository/org/apache/hadoop/hadoop-hdds-config/0.5.0-SNAPSHOT/hadoop-hdds-config-0.5.0-SNAPSHOT.jar:/home/user/.m2/repository/io/grpc/grpc-netty/1.17.1/grpc-netty-1.17.1.jar:/home/user/.m2/repository/io/grpc/grpc-core/1.17.1/grpc-core-1.17.1.jar:/home/user/.m2/repository/io/grpc/grpc-context/1.17.1/grpc-context-1.17.1.jar:/home/user/.m2/repository/com/google/errorprone/error_prone_annotations/2.2.0/error_prone_annotations-2.2.0.jar:/home/user/.m2/repository/org/codehaus/mojo/animal-sniffer-annotations/1.17/animal-sniffer-annotations-1.17.jar:/home/user/.m2/repository/io/opencensus/opencensus-api/0.17.0/opencensus-api-0.17.0.jar:/home/user/.m2/repository/io/opencensus/opencensus-contrib-grpc-metrics/0.17.0/opencensus-contrib-grpc-metrics-0.17.0.jar:/home/user/.m2/repository/io/netty/netty-codec-http2/4.1.30.Final/netty-codec-http2-4.1.30.Final.jar:/home/user/.m2/repository/io/netty/netty-codec-http/4.1.30.Final/netty-codec-http-4.1.30.Final.jar:/home/user/.m2/repository/io/netty/netty-codec/4.1.30.Final/netty-codec-4.1.30.Final.jar:/home/user/.m2/repository/io/netty/netty-handler/4.1.30.Final/netty-handler-4.1.30.Final.jar:/home/user/.m2/repository/io/netty/netty-handler-proxy/4.1.30.Final/netty-handler-proxy-4.1.30.Final.jar:/home/user/.m2/repository/io/netty/netty-codec-socks/4.1.30.Final/netty-codec-socks-4.1.30.Final.jar:/home/user/.m2/repository/io/netty/netty-transport-native-epoll/4.1.30.Final/netty-transport-native-epoll-4.1.30.Final.jar:/home/user/.m2/repository/io/netty/netty-common/4.1.30.Final/netty-common-4.1.30.Final.jar:/home/user/.m2/repository/io/netty/netty-buffer/4.1.30.Final/netty-buffer-4.1.30.Final.jar:/home/user/.m2/repository/io/netty/netty-transport/4.1.30.Final/netty-transport-4.1.30.Final.jar:/home/user/.m2/repository/io/netty/netty-resolver/4.1.30.Final/netty-resolver-4.1.30.Final.jar:/home/user/.m2/repository/io/netty/netty-transport-native-unix-common/4.1.30.Final/netty-transport-native-unix-common-4.1.30.Final.jar:/home/user/.m2/repository/io/grpc/grpc-protobuf/1.17.1/grpc-protobuf-1.17.1.jar:/home/user/.m2/repository/com/google/api/grpc/proto-google-common-protos/1.0.0/proto-google-common-protos-1.0.0.jar:/home/user/.m2/repository/io/grpc/grpc-protobuf-lite/1.17.1/grpc-protobuf-lite-1.17.1.jar:/home/user/.m2/repository/io/grpc/grpc-stub/1.17.1/grpc-stub-1.17.1.jar:/home/user/.m2/repository/org/apache/hadoop/hadoop-ozone-recon/0.5.0-SNAPSHOT/hadoop-ozone-recon-0.5.0-SNAPSHOT.jar:/home/user/.m2/repository/org/apache/hadoop/hadoop-ozone-reconcodegen/0.5.0-SNAPSHOT/hadoop-ozone-reconcodegen-0.5.0-SNAPSHOT.jar:/home/user/.m2/repository/com/google/inject/extensions/guice-multibindings/4.0/guice-multibindings-4.0.jar:/home/user/.m2/repository/com/google/inject/guice/4.0/guice-4.0.jar:/home/user/.m2/repository/aopalliance/aopalliance/1.0/aopalliance-1.0.jar:/home/user/.m2/repository/com/google/inject/extensions/guice-servlet/4.0/guice-servlet-4.0.jar:/home/user/.m2/repository/org/glassfish/jersey/containers/jersey-container-servlet/2.27/jersey-container-servlet-2.27.jar:/home/user/.m2/repository/org/glassfish/hk2/guice-bridge/2.5.0/guice-bridge-2.5.0.jar:/home/user/.m2/repository/org/glassfish/jersey/core/jersey-server/2.27/jersey-server-2.27.jar:/home/user/.m2/repository/org/glassfish/jersey/core/jersey-client/2.27/jersey-client-2.27.jar:/home/user/.m2/repository/org/glassfish/jersey/media/jersey-media-jaxb/2.27/jersey-media-jaxb-2.27.jar:/home/user/.m2/repository/javax/validation/validation-api/1.1.0.Final/validation-api-1.1.0.Final.jar:/home/user/.m2/repository/org/glassfish/jersey/media/jersey-media-json-jackson/2.27/jersey-media-json-jackson-2.27.jar:/home/user/.m2/repository/org/glassfish/jersey/ext/jersey-entity-filtering/2.27/jersey-entity-filtering-2.27.jar:/home/user/.m2/repository/com/google/inject/extensions/guice-assistedinject/4.0/guice-assistedinject-4.0.jar:/home/user/.m2/repository/org/jooq/jooq/3.11.10/jooq-3.11.10.jar:/home/user/.m2/repository/org/jooq/jooq-meta/3.11.10/jooq-meta-3.11.10.jar:/home/user/.m2/repository/org/jooq/jooq-codegen/3.11.10/jooq-codegen-3.11.10.jar:/home/user/.m2/repository/com/jolbox/bonecp/0.8.0.RELEASE/bonecp-0.8.0.RELEASE.jar:/home/user/.m2/repository/org/xerial/sqlite-jdbc/3.25.2/sqlite-jdbc-3.25.2.jar:/home/user/.m2/repository/org/springframework/spring-jdbc/5.1.3.RELEASE/spring-jdbc-5.1.3.RELEASE.jar:/home/user/.m2/repository/org/springframework/spring-beans/5.1.3.RELEASE/spring-beans-5.1.3.RELEASE.jar:/home/user/.m2/repository/org/springframework/spring-core/5.1.3.RELEASE/spring-core-5.1.3.RELEASE.jar:/home/user/.m2/repository/org/springframework/spring-jcl/5.1.3.RELEASE/spring-jcl-5.1.3.RELEASE.jar:/home/user/.m2/repository/org/springframework/spring-tx/5.1.3.RELEASE/spring-tx-5.1.3.RELEASE.jar:/home/user/.m2/repository/org/apache/hadoop/hadoop-ozone-client/0.5.0-SNAPSHOT/hadoop-ozone-client-0.5.0-SNAPSHOT.jar:/home/user/.m2/repository/commons-lang/commons-lang/2.6/commons-lang-2.6.jar:/home/user/.m2/repository/org/apache/hadoop/hadoop-ozone-ozone-manager/0.5.0-SNAPSHOT/hadoop-ozone-ozone-manager-0.5.0-SNAPSHOT-tests.jar:/home/user/.m2/repository/junit/junit/4.11/junit-4.11.jar:/home/user/.m2/repository/org/hamcrest/hamcrest-core/1.3/hamcrest-core-1.3.jar:/home/user/.m2/repository/org/openjdk/jmh/jmh-core/1.19/jmh-core-1.19.jar:/home/user/.m2/repository/net/sf/jopt-simple/jopt-simple/4.6/jopt-simple-4.6.jar:/home/user/.m2/repository/org/apache/commons/commons-math3/3.1.1/commons-math3-3.1.1.jar:/home/user/.m2/repository/org/openjdk/jmh/jmh-generator-annprocess/1.19/jmh-generator-annprocess-1.19.jar:/home/user/.m2/repository/org/mockito/mockito-all/1.8.5/mockito-all-1.8.5.jar:/home/user/.m2/repository/org/apache/hadoop/hadoop-kms/3.2.0/hadoop-kms-3.2.0.jar:/home/user/.m2/repository/org/apache/hadoop/hadoop-auth/3.2.0/hadoop-auth-3.2.0.jar:/home/user/.m2/repository/com/nimbusds/nimbus-jose-jwt/4.41.1/nimbus-jose-jwt-4.41.1.jar:/home/user/.m2/repository/com/github/stephenc/jcip/jcip-annotations/1.0-1/jcip-annotations-1.0-1.jar:/home/user/.m2/repository/net/minidev/json-smart/2.3/json-smart-2.3.jar:/home/user/.m2/repository/net/minidev/accessors-smart/1.2/accessors-smart-1.2.jar:/home/user/.m2/repository/org/ow2/asm/asm/5.0.4/asm-5.0.4.jar:/home/user/.m2/repository/org/apache/curator/curator-framework/2.12.0/curator-framework-2.12.0.jar:/home/user/.m2/repository/com/sun/jersey/jersey-core/1.19/jersey-core-1.19.jar:/home/user/.m2/repository/javax/ws/rs/jsr311-api/1.1.1/jsr311-api-1.1.1.jar:/home/user/.m2/repository/com/sun/jersey/jersey-server/1.19/jersey-server-1.19.jar:/home/user/.m2/repository/javax/servlet/javax.servlet-api/3.1.0/javax.servlet-api-3.1.0.jar:/home/user/.m2/repository/org/eclipse/jetty/jetty-server/9.3.24.v20180605/jetty-server-9.3.24.v20180605.jar:/home/user/.m2/repository/org/eclipse/jetty/jetty-http/9.3.24.v20180605/jetty-http-9.3.24.v20180605.jar:/home/user/.m2/repository/org/eclipse/jetty/jetty-io/9.3.24.v20180605/jetty-io-9.3.24.v20180605.jar:/home/user/.m2/repository/org/eclipse/jetty/jetty-webapp/9.3.24.v20180605/jetty-webapp-9.3.24.v20180605.jar:/home/user/.m2/repository/org/eclipse/jetty/jetty-xml/9.3.24.v20180605/jetty-xml-9.3.24.v20180605.jar:/home/user/.m2/repository/log4j/log4j/1.2.17/log4j-1.2.17.jar:/home/user/.m2/repository/org/slf4j/slf4j-api/1.7.25/slf4j-api-1.7.25.jar:/home/user/.m2/repository/org/slf4j/jul-to-slf4j/1.7.25/jul-to-slf4j-1.7.25.jar:/home/user/.m2/repository/org/eclipse/jetty/jetty-util/9.3.24.v20180605/jetty-util-9.3.24.v20180605.jar:/home/user/.m2/repository/com/fasterxml/jackson/core/jackson-databind/2.9.5/jackson-databind-2.9.5.jar:/home/user/.m2/repository/org/apache/hadoop/hadoop-kms/3.2.0/hadoop-kms-3.2.0-tests.jar:/home/user/.m2/repository/org/apache/hadoop/hadoop-hdds-server-scm/0.5.0-SNAPSHOT/hadoop-hdds-server-scm-0.5.0-SNAPSHOT-tests.jar:/home/user/.m2/repository/org/apache/hadoop/hadoop-hdds-container-service/0.5.0-SNAPSHOT/hadoop-hdds-container-service-0.5.0-SNAPSHOT-tests.jar:/home/user/.m2/repository/org/yaml/snakeyaml/1.16/snakeyaml-1.16.jar:/home/user/.m2/repository/org/apache/hadoop/hadoop-common/3.2.0/hadoop-common-3.2.0-tests.jar:/home/user/.m2/repository/org/apache/hadoop/hadoop-annotations/3.2.0/hadoop-annotations-3.2.0.jar:/usr/lib/jvm/java-1.8-openjdk/jre/../lib/tools.jar:/home/user/.m2/repository/commons-cli/commons-cli/1.2/commons-cli-1.2.jar:/home/user/.m2/repository/org/apache/httpcomponents/httpclient/4.5.2/httpclient-4.5.2.jar:/home/user/.m2/repository/org/apache/httpcomponents/httpcore/4.4.4/httpcore-4.4.4.jar:/home/user/.m2/repository/commons-codec/commons-codec/1.11/commons-codec-1.11.jar:/home/user/.m2/repository/commons-net/commons-net/3.6/commons-net-3.6.jar:/home/user/.m2/repository/commons-collections/commons-collections/3.2.2/commons-collections-3.2.2.jar:/home/user/.m2/repository/org/eclipse/jetty/jetty-servlet/9.3.24.v20180605/jetty-servlet-9.3.24.v20180605.jar:/home/user/.m2/repository/org/eclipse/jetty/jetty-security/9.3.24.v20180605/jetty-security-9.3.24.v20180605.jar:/home/user/.m2/repository/javax/servlet/jsp/jsp-api/2.1/jsp-api-2.1.jar:/home/user/.m2/repository/com/sun/jersey/jersey-servlet/1.19/jersey-servlet-1.19.jar:/home/user/.m2/repository/com/sun/jersey/jersey-json/1.19/jersey-json-1.19.jar:/home/user/.m2/repository/org/codehaus/jettison/jettison/1.1/jettison-1.1.jar:/home/user/.m2/repository/org/codehaus/jackson/jackson-core-asl/1.9.13/jackson-core-asl-1.9.13.jar:/home/user/.m2/repository/org/codehaus/jackson/jackson-mapper-asl/1.9.13/jackson-mapper-asl-1.9.13.jar:/home/user/.m2/repository/org/codehaus/jackson/jackson-jaxrs/1.9.13/jackson-jaxrs-1.9.13.jar:/home/user/.m2/repository/org/codehaus/jackson/jackson-xc/1.9.13/jackson-xc-1.9.13.jar:/home/user/.m2/repository/commons-logging/commons-logging/1.1.3/commons-logging-1.1.3.jar:/home/user/.m2/repository/commons-beanutils/commons-beanutils/1.9.3/commons-beanutils-1.9.3.jar:/home/user/.m2/repository/org/apache/commons/commons-configuration2/2.1.1/commons-configuration2-2.1.1.jar:/home/user/.m2/repository/org/apache/commons/commons-lang3/3.7/commons-lang3-3.7.jar:/home/user/.m2/repository/org/apache/commons/commons-text/1.4/commons-text-1.4.jar:/home/user/.m2/repository/org/apache/avro/avro/1.7.7/avro-1.7.7.jar:/home/user/.m2/repository/com/thoughtworks/paranamer/paranamer/2.3/paranamer-2.3.jar:/home/user/.m2/repository/org/xerial/snappy/snappy-java/1.0.5/snappy-java-1.0.5.jar:/home/user/.m2/repository/com/google/re2j/re2j/1.1/re2j-1.1.jar:/home/user/.m2/repository/com/google/code/gson/gson/2.2.4/gson-2.2.4.jar:/home/user/.m2/repository/com/jcraft/jsch/0.1.54/jsch-0.1.54.jar:/home/user/.m2/repository/org/apache/curator/curator-client/2.12.0/curator-client-2.12.0.jar:/home/user/.m2/repository/org/apache/curator/curator-recipes/2.12.0/curator-recipes-2.12.0.jar:/home/user/.m2/repository/com/google/code/findbugs/jsr305/3.0.0/jsr305-3.0.0.jar:/home/user/.m2/repository/org/apache/htrace/htrace-core4/4.1.0-incubating/htrace-core4-4.1.0-incubating.jar:/home/user/.m2/repository/org/apache/zookeeper/zookeeper/3.4.13/zookeeper-3.4.13.jar:/home/user/.m2/repository/org/apache/yetus/audience-annotations/0.5.0/audience-annotations-0.5.0.jar:/home/user/.m2/repository/org/codehaus/woodstox/stax2-api/3.1.4/stax2-api-3.1.4.jar:/home/user/.m2/repository/com/fasterxml/woodstox/woodstox-core/5.0.3/woodstox-core-5.0.3.jar:/home/user/.m2/repository/dnsjava/dnsjava/2.1.7/dnsjava-2.1.7.jar:/home/user/.m2/repository/org/apache/hadoop/hadoop-hdfs/3.2.0/hadoop-hdfs-3.2.0-tests.jar:/home/user/.m2/repository/org/eclipse/jetty/jetty-util-ajax/9.3.24.v20180605/jetty-util-ajax-9.3.24.v20180605.jar:/home/user/.m2/repository/commons-daemon/commons-daemon/1.0.13/commons-daemon-1.0.13.jar:/home/user/.m2/repository/io/netty/netty/3.10.5.Final/netty-3.10.5.Final.jar:/home/user/.m2/repository/io/netty/netty-all/4.0.52.Final/netty-all-4.0.52.Final.jar:/home/user/.m2/repository/org/fusesource/leveldbjni/leveldbjni-all/1.8/leveldbjni-all-1.8.jar:"/>
    <property name="sun.cpu.endian" value="little"/>
    <property name="user.home" value="/home/user"/>
    <property name="user.language" value="en"/>
    <property name="java.specification.vendor" value="Oracle Corporation"/>
    <property name="java.home" value="/usr/lib/jvm/java-1.8-openjdk/jre"/>
    <property name="java.security.krb5.conf" value="/workdir/hadoop-ozone/integration-test/target/test-classes/krb5.conf"/>
    <property name="basedir" value="/workdir/hadoop-ozone/integration-test"/>
    <property name="file.separator" value="/"/>
    <property name="line.separator" value="&#10;"/>
    <property name="java.vm.specification.vendor" value="Oracle Corporation"/>
    <property name="java.specification.name" value="Java Platform API Specification"/>
    <property name="java.awt.graphicsenv" value="sun.awt.X11GraphicsEnvironment"/>
    <property name="surefire.real.class.path" value="/workdir/hadoop-ozone/integration-test/target/surefire/surefirebooter7072091477067427623.jar"/>
    <property name="hadoop.log.dir" value="/workdir/hadoop-ozone/integration-test/target/log"/>
    <property name="sun.boot.class.path" value="/usr/lib/jvm/java-1.8-openjdk/jre/lib/resources.jar:/usr/lib/jvm/java-1.8-openjdk/jre/lib/rt.jar:/usr/lib/jvm/java-1.8-openjdk/jre/lib/sunrsasign.jar:/usr/lib/jvm/java-1.8-openjdk/jre/lib/jsse.jar:/usr/lib/jvm/java-1.8-openjdk/jre/lib/jce.jar:/usr/lib/jvm/java-1.8-openjdk/jre/lib/charsets.jar:/usr/lib/jvm/java-1.8-openjdk/jre/lib/jfr.jar:/usr/lib/jvm/java-1.8-openjdk/jre/classes"/>
    <property name="sun.management.compiler" value="HotSpot 64-Bit Tiered Compilers"/>
    <property name="java.runtime.version" value="1.8.0_212-b04"/>
    <property name="java.net.preferIPv4Stack" value="true"/>
    <property name="user.name" value="jenkins1000"/>
    <property name="path.separator" value=":"/>
    <property name="java.security.egd" value="file:///dev/urandom"/>
    <property name="os.version" value="3.10.0-957.12.2.el7.x86_64"/>
    <property name="java.endorsed.dirs" value="/usr/lib/jvm/java-1.8-openjdk/jre/lib/endorsed"/>
    <property name="java.runtime.name" value="OpenJDK Runtime Environment"/>
    <property name="file.encoding" value="UTF-8"/>
    <property name="java.vm.name" value="OpenJDK 64-Bit Server VM"/>
    <property name="test.build.webapps" value=""/>
    <property name="localRepository" value="/home/user/.m2/repository"/>
    <property name="java.vendor.url.bug" value="https://icedtea.classpath.org/bugzilla"/>
    <property name="java.io.tmpdir" value="/tmp"/>
    <property name="require.test.libhadoop" value=""/>
    <property name="java.version" value="1.8.0_212"/>
    <property name="user.dir" value="/workdir/hadoop-ozone/integration-test"/>
    <property name="os.arch" value="amd64"/>
    <property name="java.vm.specification.name" value="Java Virtual Machine Specification"/>
    <property name="test.build.classes" value="/workdir/hadoop-ozone/integration-test/target/test-classes"/>
    <property name="java.awt.printerjob" value="sun.print.PSPrinterJob"/>
    <property name="sun.os.patch.level" value="unknown"/>
    <property name="hadoop.tmp.dir" value="/workdir/hadoop-ozone/integration-test/target/tmp"/>
    <property name="java.library.path" value="/usr/lib/jvm/java-1.8-openjdk/jre/lib/amd64/server:/usr/lib/jvm/java-1.8-openjdk/jre/lib/amd64:/usr/lib/jvm/java-1.8-openjdk/jre/../lib/amd64:/workdir/hadoop-ozone/integration-test/target/native/target/usr/local/lib:/workdir/hadoop-ozone/integration-test/../../hadoop-common-project/hadoop-common/target/native/target/usr/local/lib:/usr/java/packages/lib/amd64:/usr/lib64:/lib64:/lib:/usr/lib"/>
    <property name="java.vm.info" value="mixed mode"/>
    <property name="java.vendor" value="IcedTea"/>
    <property name="java.vm.version" value="25.212-b04"/>
    <property name="java.ext.dirs" value="/usr/lib/jvm/java-1.8-openjdk/jre/lib/ext:/usr/java/packages/lib/ext"/>
    <property name="sun.io.unicode.encoding" value="UnicodeLittle"/>
    <property name="java.class.version" value="52.0"/>
  </properties>
  <testcase name="test2DatanodesFailure" classname="org.apache.hadoop.ozone.client.rpc.TestBlockOutputStreamWithFailures" time="69.497"/>
  <testcase name="testDatanodeFailureWithPreAllocation" classname="org.apache.hadoop.ozone.client.rpc.TestBlockOutputStreamWithFailures" time="242.818"/>
  <testcase name="testDatanodeFailureWithSingleNodeRatis" classname="org.apache.hadoop.ozone.client.rpc.TestBlockOutputStreamWithFailures" time="269.154"/>
  <testcase name="testWatchForCommitWithSingleNodeRatis" classname="org.apache.hadoop.ozone.client.rpc.TestBlockOutputStreamWithFailures" time="52.04"/>
  <testcase name="testWatchForCommitDatanodeFailure" classname="org.apache.hadoop.ozone.client.rpc.TestBlockOutputStreamWithFailures" time="77.459">
    <failure message="expected:&lt;2&gt; but was:&lt;3&gt;" type="java.lang.AssertionError"><![CDATA[java.lang.AssertionError: expected:<2> but was:<3>
	at org.junit.Assert.fail(Assert.java:88)
	at org.junit.Assert.failNotEquals(Assert.java:743)
	at org.junit.Assert.assertEquals(Assert.java:118)
	at org.junit.Assert.assertEquals(Assert.java:555)
	at org.junit.Assert.assertEquals(Assert.java:542)
	at org.apache.hadoop.ozone.client.rpc.TestBlockOutputStreamWithFailures.testWatchForCommitDatanodeFailure(TestBlockOutputStreamWithFailures.java:366)
	at sun.reflect.NativeMethodAccessorImpl.invoke0(Native Method)
	at sun.reflect.NativeMethodAccessorImpl.invoke(NativeMethodAccessorImpl.java:62)
	at sun.reflect.DelegatingMethodAccessorImpl.invoke(DelegatingMethodAccessorImpl.java:43)
	at java.lang.reflect.Method.invoke(Method.java:498)
	at org.junit.runners.model.FrameworkMethod$1.runReflectiveCall(FrameworkMethod.java:47)
	at org.junit.internal.runners.model.ReflectiveCallable.run(ReflectiveCallable.java:12)
	at org.junit.runners.model.FrameworkMethod.invokeExplosively(FrameworkMethod.java:44)
	at org.junit.internal.runners.statements.InvokeMethod.evaluate(InvokeMethod.java:17)
	at org.junit.internal.runners.statements.RunBefores.evaluate(RunBefores.java:26)
	at org.junit.internal.runners.statements.RunAfters.evaluate(RunAfters.java:27)
	at org.junit.runners.ParentRunner.runLeaf(ParentRunner.java:271)
	at org.junit.runners.BlockJUnit4ClassRunner.runChild(BlockJUnit4ClassRunner.java:70)
	at org.junit.runners.BlockJUnit4ClassRunner.runChild(BlockJUnit4ClassRunner.java:50)
	at org.junit.runners.ParentRunner$3.run(ParentRunner.java:238)
	at org.junit.runners.ParentRunner$1.schedule(ParentRunner.java:63)
	at org.junit.runners.ParentRunner.runChildren(ParentRunner.java:236)
	at org.junit.runners.ParentRunner.access$000(ParentRunner.java:53)
	at org.junit.runners.ParentRunner$2.evaluate(ParentRunner.java:229)
	at org.junit.runners.ParentRunner.run(ParentRunner.java:309)
	at org.apache.maven.surefire.junit4.JUnit4Provider.execute(JUnit4Provider.java:365)
	at org.apache.maven.surefire.junit4.JUnit4Provider.executeWithRerun(JUnit4Provider.java:273)
	at org.apache.maven.surefire.junit4.JUnit4Provider.executeTestSet(JUnit4Provider.java:238)
	at org.apache.maven.surefire.junit4.JUnit4Provider.invoke(JUnit4Provider.java:159)
	at org.apache.maven.surefire.booter.ForkedBooter.invokeProviderInSameClassLoader(ForkedBooter.java:384)
	at org.apache.maven.surefire.booter.ForkedBooter.runSuitesInProcess(ForkedBooter.java:345)
	at org.apache.maven.surefire.booter.ForkedBooter.execute(ForkedBooter.java:126)
	at org.apache.maven.surefire.booter.ForkedBooter.main(ForkedBooter.java:418)
]]></failure>
    <system-out><![CDATA[2019-09-18 11:47:21,391 [main] WARN  server.ServerUtils (ServerUtils.java:getScmDbDir(145)) - ozone.scm.db.dirs is not configured. We recommend adding this setting. Falling back to ozone.metadata.dirs instead.
2019-09-18 11:47:21,408 [main] WARN  server.ServerUtils (ServerUtils.java:getScmDbDir(145)) - ozone.scm.db.dirs is not configured. We recommend adding this setting. Falling back to ozone.metadata.dirs instead.
2019-09-18 11:47:21,408 [main] WARN  server.ServerUtils (ServerUtils.java:getScmDbDir(145)) - ozone.scm.db.dirs is not configured. We recommend adding this setting. Falling back to ozone.metadata.dirs instead.
2019-09-18 11:47:21,409 [main] INFO  db.DBStoreBuilder (DBStoreBuilder.java:addTable(110)) - using custom profile for table: deletedBlocks
2019-09-18 11:47:21,409 [main] INFO  db.DBStoreBuilder (DBStoreBuilder.java:processTables(161)) - Using default column profile:DBProfile.DISK for Table:deletedBlocks
2019-09-18 11:47:21,409 [main] INFO  db.DBStoreBuilder (DBStoreBuilder.java:addTable(110)) - using custom profile for table: validCerts
2019-09-18 11:47:21,409 [main] INFO  db.DBStoreBuilder (DBStoreBuilder.java:processTables(161)) - Using default column profile:DBProfile.DISK for Table:validCerts
2019-09-18 11:47:21,409 [main] INFO  db.DBStoreBuilder (DBStoreBuilder.java:addTable(110)) - using custom profile for table: revokedCerts
2019-09-18 11:47:21,409 [main] INFO  db.DBStoreBuilder (DBStoreBuilder.java:processTables(161)) - Using default column profile:DBProfile.DISK for Table:revokedCerts
2019-09-18 11:47:21,410 [main] INFO  db.DBStoreBuilder (DBStoreBuilder.java:addTable(110)) - using custom profile for table: default
2019-09-18 11:47:21,410 [main] INFO  db.DBStoreBuilder (DBStoreBuilder.java:processTables(167)) - Using default column profile:DBProfile.DISK for Table:default
2019-09-18 11:47:21,410 [main] INFO  db.DBStoreBuilder (DBStoreBuilder.java:getDbProfile(198)) - Using default options. DBProfile.DISK
2019-09-18 11:47:25,022 [main] INFO  net.NodeSchemaLoader (NodeSchemaLoader.java:loadSchemaFromFile(125)) - Loading file from sun.misc.CompoundEnumeration@691567ea
2019-09-18 11:47:25,022 [main] INFO  net.NodeSchemaLoader (NodeSchemaLoader.java:loadSchema(171)) - Loading network topology layer schema file
2019-09-18 11:47:25,028 [main] INFO  node.SCMNodeManager (SCMNodeManager.java:<init>(114)) - Entering startup safe mode.
2019-09-18 11:47:25,029 [main] INFO  algorithms.ContainerPlacementPolicyFactory (ContainerPlacementPolicyFactory.java:getPolicy(57)) - Create container placement policy of type org.apache.hadoop.hdds.scm.container.placement.algorithms.SCMContainerPlacementRandom
2019-09-18 11:47:25,029 [main] WARN  server.ServerUtils (ServerUtils.java:getScmDbDir(145)) - ozone.scm.db.dirs is not configured. We recommend adding this setting. Falling back to ozone.metadata.dirs instead.
2019-09-18 11:47:26,949 [main] INFO  pipeline.SCMPipelineManager (SCMPipelineManager.java:initializePipelineState(128)) - No pipeline exists in current db
2019-09-18 11:47:26,950 [main] WARN  server.ServerUtils (ServerUtils.java:getScmDbDir(145)) - ozone.scm.db.dirs is not configured. We recommend adding this setting. Falling back to ozone.metadata.dirs instead.
2019-09-18 11:47:28,587 [main] WARN  events.EventQueue (EventQueue.java:fireEvent(183)) - No event handler registered for event TypedEvent{payloadType=SafeModeStatus, name='SafeModeStatus'}
2019-09-18 11:47:28,589 [main] INFO  ipc.CallQueueManager (CallQueueManager.java:<init>(84)) - Using callQueue: class java.util.concurrent.LinkedBlockingQueue, queueCapacity: 2000, scheduler: class org.apache.hadoop.ipc.DefaultRpcScheduler, ipcBackoff: false.
2019-09-18 11:47:28,591 [Socket Reader #1 for port 45967] INFO  ipc.Server (Server.java:run(1074)) - Starting Socket Reader #1 for port 45967
2019-09-18 11:47:28,594 [main] INFO  ipc.CallQueueManager (CallQueueManager.java:<init>(84)) - Using callQueue: class java.util.concurrent.LinkedBlockingQueue, queueCapacity: 2000, scheduler: class org.apache.hadoop.ipc.DefaultRpcScheduler, ipcBackoff: false.
2019-09-18 11:47:28,595 [Socket Reader #1 for port 42320] INFO  ipc.Server (Server.java:run(1074)) - Starting Socket Reader #1 for port 42320
2019-09-18 11:47:28,596 [main] INFO  ipc.CallQueueManager (CallQueueManager.java:<init>(84)) - Using callQueue: class java.util.concurrent.LinkedBlockingQueue, queueCapacity: 2000, scheduler: class org.apache.hadoop.ipc.DefaultRpcScheduler, ipcBackoff: false.
2019-09-18 11:47:28,597 [Socket Reader #1 for port 39306] INFO  ipc.Server (Server.java:run(1074)) - Starting Socket Reader #1 for port 39306
2019-09-18 11:47:28,601 [main] INFO  hdfs.DFSUtil (DFSUtil.java:httpServerTemplateForNNAndJN(1641)) - Starting Web-server for scm at: http://0.0.0.0:0
2019-09-18 11:47:28,605 [main] INFO  server.AuthenticationFilter (AuthenticationFilter.java:constructSecretProvider(240)) - Unable to initialize FileSignerSecretProvider, falling back to use random secrets.
2019-09-18 11:47:28,606 [main] WARN  http.HttpRequestLog (HttpRequestLog.java:getRequestLog(97)) - Jetty request log can only be enabled using Log4j
2019-09-18 11:47:28,609 [main] INFO  http.HttpServer2 (HttpServer2.java:addGlobalFilter(975)) - Added global filter 'safety' (class=org.apache.hadoop.http.HttpServer2$QuotingInputFilter)
2019-09-18 11:47:28,610 [main] INFO  http.HttpServer2 (HttpServer2.java:addFilter(948)) - Added filter static_user_filter (class=org.apache.hadoop.http.lib.StaticUserWebFilter$StaticUserFilter) to context scm
2019-09-18 11:47:28,610 [main] INFO  http.HttpServer2 (HttpServer2.java:addFilter(958)) - Added filter static_user_filter (class=org.apache.hadoop.http.lib.StaticUserWebFilter$StaticUserFilter) to context logs
2019-09-18 11:47:28,610 [main] INFO  http.HttpServer2 (HttpServer2.java:addFilter(958)) - Added filter static_user_filter (class=org.apache.hadoop.http.lib.StaticUserWebFilter$StaticUserFilter) to context static
2019-09-18 11:47:28,613 [main] INFO  server.StorageContainerManager (StorageContainerManager.java:start(763)) - StorageContainerLocationProtocol RPC server is listening at /0.0.0.0:39306
2019-09-18 11:47:28,618 [main] WARN  impl.MetricsConfig (MetricsConfig.java:loadFirst(134)) - Cannot locate configuration: tried hadoop-metrics2-storagecontainermanager.properties,hadoop-metrics2.properties
2019-09-18 11:47:28,619 [main] INFO  impl.MetricsSystemImpl (MetricsSystemImpl.java:startTimer(374)) - Scheduled Metric snapshot period at 10 second(s).
2019-09-18 11:47:28,619 [main] INFO  impl.MetricsSystemImpl (MetricsSystemImpl.java:start(191)) - StorageContainerManager metrics system started
2019-09-18 11:47:28,683 [main] WARN  impl.MetricsSystemImpl (MetricsSystemImpl.java:register(276)) - Sink prometheus already exists!
2019-09-18 11:47:28,748 [main] INFO  server.SCMClientProtocolServer (SCMClientProtocolServer.java:start(151)) - RPC server for Client  is listening at /0.0.0.0:39306
2019-09-18 11:47:28,749 [IPC Server Responder] INFO  ipc.Server (Server.java:run(1314)) - IPC Server Responder: starting
2019-09-18 11:47:28,749 [IPC Server listener on 39306] INFO  ipc.Server (Server.java:run(1153)) - IPC Server listener on 39306: starting
2019-09-18 11:47:28,754 [main] INFO  server.StorageContainerManager (StorageContainerManager.java:start(773)) - ScmBlockLocationProtocol RPC server is listening at /0.0.0.0:42320
2019-09-18 11:47:28,754 [main] INFO  server.SCMBlockProtocolServer (SCMBlockProtocolServer.java:start(146)) - RPC server for Block Protocol is listening at /0.0.0.0:42320
2019-09-18 11:47:28,754 [IPC Server Responder] INFO  ipc.Server (Server.java:run(1314)) - IPC Server Responder: starting
2019-09-18 11:47:28,754 [IPC Server listener on 42320] INFO  ipc.Server (Server.java:run(1153)) - IPC Server listener on 42320: starting
2019-09-18 11:47:28,759 [main] INFO  server.StorageContainerManager (StorageContainerManager.java:start(777)) - ScmDatanodeProtocl RPC server is listening at /0.0.0.0:45967
2019-09-18 11:47:28,759 [main] INFO  server.SCMDatanodeProtocolServer (SCMDatanodeProtocolServer.java:start(191)) - RPC server for DataNodes is listening at /0.0.0.0:45967
2019-09-18 11:47:28,759 [IPC Server Responder] INFO  ipc.Server (Server.java:run(1314)) - IPC Server Responder: starting
2019-09-18 11:47:28,760 [IPC Server listener on 45967] INFO  ipc.Server (Server.java:run(1153)) - IPC Server listener on 45967: starting
2019-09-18 11:47:28,764 [main] INFO  http.HttpServer2 (HttpServer2.java:bindListener(1191)) - Jetty bound to port 36020
2019-09-18 11:47:28,765 [main] INFO  server.Server (Server.java:doStart(351)) - jetty-9.3.24.v20180605, build timestamp: 2018-06-05T17:11:56Z, git hash: 84205aa28f11a4f31f2a3b86d1bba2cc8ab69827
2019-09-18 11:47:28,767 [main] INFO  handler.ContextHandler (ContextHandler.java:doStart(781)) - Started o.e.j.s.ServletContextHandler@6c0b51da{/logs,file:///workdir/hadoop-ozone/integration-test/target/log,AVAILABLE}
2019-09-18 11:47:28,767 [main] INFO  handler.ContextHandler (ContextHandler.java:doStart(781)) - Started o.e.j.s.ServletContextHandler@5657967b{/static,file:///workdir/hadoop-ozone/integration-test/target/test-classes/webapps/static,AVAILABLE}
2019-09-18 11:47:28,771 [main] INFO  handler.ContextHandler (ContextHandler.java:doStart(781)) - Started o.e.j.w.WebAppContext@4a2bf50f{/,file:///workdir/hadoop-ozone/integration-test/target/test-classes/webapps/scm/,AVAILABLE}{/scm}
2019-09-18 11:47:28,772 [main] INFO  server.AbstractConnector (AbstractConnector.java:doStart(278)) - Started ServerConnector@350323a0{HTTP/1.1,[http/1.1]}{0.0.0.0:36020}
2019-09-18 11:47:28,773 [main] INFO  server.Server (Server.java:doStart(419)) - Started @641478ms
2019-09-18 11:47:28,773 [main] WARN  impl.MetricsSystemImpl (MetricsSystemImpl.java:register(276)) - Sink prometheus already exists!
2019-09-18 11:47:28,774 [main] INFO  server.BaseHttpServer (BaseHttpServer.java:updateConnectorAddress(215)) - HTTP server of SCM is listening at http://0.0.0.0:36020
2019-09-18 11:47:28,778 [main] WARN  server.ServerUtils (ServerUtils.java:getDBPath(222)) - ozone.om.db.dirs is not configured. We recommend adding this setting. Falling back to ozone.metadata.dirs instead.
2019-09-18 11:47:28,778 [org.apache.hadoop.util.JvmPauseMonitor$Monitor@5d7dd549] INFO  util.JvmPauseMonitor (JvmPauseMonitor.java:run(188)) - Starting JVM pause monitor
2019-09-18 11:47:28,792 [main] WARN  server.ServerUtils (ServerUtils.java:getDBPath(222)) - ozone.om.db.dirs is not configured. We recommend adding this setting. Falling back to ozone.metadata.dirs instead.
2019-09-18 11:47:28,792 [main] WARN  server.ServerUtils (ServerUtils.java:getDBPath(222)) - ozone.om.db.dirs is not configured. We recommend adding this setting. Falling back to ozone.metadata.dirs instead.
2019-09-18 11:47:28,793 [main] INFO  om.OzoneManager (OzoneManager.java:setOMNodeDetails(649)) - OM Service ID is not set. Setting it to the default ID: omServiceIdDefault
2019-09-18 11:47:28,793 [main] INFO  om.OzoneManager (OzoneManager.java:setOMNodeDetails(655)) - OM Node ID is not set. Setting it to the OmStorage's OmID: bd3c8249-9eaf-45d5-b858-1ecac88aabb5
2019-09-18 11:47:28,793 [main] INFO  om.OzoneManager (OzoneManager.java:loadOMHAConfigs(606)) - Found matching OM address with OMServiceId: null, OMNodeId: null, RPC Address: localhost:0 and Ratis port: 9872
2019-09-18 11:47:28,799 [main] WARN  server.ServerUtils (ServerUtils.java:getDBPath(222)) - ozone.om.db.dirs is not configured. We recommend adding this setting. Falling back to ozone.metadata.dirs instead.
2019-09-18 11:47:28,799 [main] INFO  db.DBStoreBuilder (DBStoreBuilder.java:addTable(110)) - using custom profile for table: userTable
2019-09-18 11:47:28,800 [main] INFO  db.DBStoreBuilder (DBStoreBuilder.java:processTables(161)) - Using default column profile:DBProfile.DISK for Table:userTable
2019-09-18 11:47:28,800 [main] INFO  db.DBStoreBuilder (DBStoreBuilder.java:addTable(110)) - using custom profile for table: volumeTable
2019-09-18 11:47:28,800 [main] INFO  db.DBStoreBuilder (DBStoreBuilder.java:processTables(161)) - Using default column profile:DBProfile.DISK for Table:volumeTable
2019-09-18 11:47:28,800 [main] INFO  db.DBStoreBuilder (DBStoreBuilder.java:addTable(110)) - using custom profile for table: bucketTable
2019-09-18 11:47:28,800 [main] INFO  db.DBStoreBuilder (DBStoreBuilder.java:processTables(161)) - Using default column profile:DBProfile.DISK for Table:bucketTable
2019-09-18 11:47:28,801 [main] INFO  db.DBStoreBuilder (DBStoreBuilder.java:addTable(110)) - using custom profile for table: keyTable
2019-09-18 11:47:28,801 [main] INFO  db.DBStoreBuilder (DBStoreBuilder.java:processTables(161)) - Using default column profile:DBProfile.DISK for Table:keyTable
2019-09-18 11:47:28,801 [main] INFO  db.DBStoreBuilder (DBStoreBuilder.java:addTable(110)) - using custom profile for table: deletedTable
2019-09-18 11:47:28,801 [main] INFO  db.DBStoreBuilder (DBStoreBuilder.java:processTables(161)) - Using default column profile:DBProfile.DISK for Table:deletedTable
2019-09-18 11:47:28,801 [main] INFO  db.DBStoreBuilder (DBStoreBuilder.java:addTable(110)) - using custom profile for table: openKeyTable
2019-09-18 11:47:28,801 [main] INFO  db.DBStoreBuilder (DBStoreBuilder.java:processTables(161)) - Using default column profile:DBProfile.DISK for Table:openKeyTable
2019-09-18 11:47:28,802 [main] INFO  db.DBStoreBuilder (DBStoreBuilder.java:addTable(110)) - using custom profile for table: s3Table
2019-09-18 11:47:28,802 [main] INFO  db.DBStoreBuilder (DBStoreBuilder.java:processTables(161)) - Using default column profile:DBProfile.DISK for Table:s3Table
2019-09-18 11:47:28,802 [main] INFO  db.DBStoreBuilder (DBStoreBuilder.java:addTable(110)) - using custom profile for table: multipartInfoTable
2019-09-18 11:47:28,802 [main] INFO  db.DBStoreBuilder (DBStoreBuilder.java:processTables(161)) - Using default column profile:DBProfile.DISK for Table:multipartInfoTable
2019-09-18 11:47:28,802 [main] INFO  db.DBStoreBuilder (DBStoreBuilder.java:addTable(110)) - using custom profile for table: dTokenTable
2019-09-18 11:47:28,802 [main] INFO  db.DBStoreBuilder (DBStoreBuilder.java:processTables(161)) - Using default column profile:DBProfile.DISK for Table:dTokenTable
2019-09-18 11:47:28,803 [main] INFO  db.DBStoreBuilder (DBStoreBuilder.java:addTable(110)) - using custom profile for table: s3SecretTable
2019-09-18 11:47:28,803 [main] INFO  db.DBStoreBuilder (DBStoreBuilder.java:processTables(161)) - Using default column profile:DBProfile.DISK for Table:s3SecretTable
2019-09-18 11:47:28,803 [main] INFO  db.DBStoreBuilder (DBStoreBuilder.java:addTable(110)) - using custom profile for table: prefixTable
2019-09-18 11:47:28,803 [main] INFO  db.DBStoreBuilder (DBStoreBuilder.java:processTables(161)) - Using default column profile:DBProfile.DISK for Table:prefixTable
2019-09-18 11:47:28,803 [main] INFO  db.DBStoreBuilder (DBStoreBuilder.java:addTable(110)) - using custom profile for table: default
2019-09-18 11:47:28,803 [main] INFO  db.DBStoreBuilder (DBStoreBuilder.java:processTables(167)) - Using default column profile:DBProfile.DISK for Table:default
2019-09-18 11:47:28,804 [main] INFO  db.DBStoreBuilder (DBStoreBuilder.java:getDbProfile(198)) - Using default options. DBProfile.DISK
2019-09-18 11:47:40,589 [main] INFO  ipc.CallQueueManager (CallQueueManager.java:<init>(84)) - Using callQueue: class java.util.concurrent.LinkedBlockingQueue, queueCapacity: 2000, scheduler: class org.apache.hadoop.ipc.DefaultRpcScheduler, ipcBackoff: false.
2019-09-18 11:47:40,591 [Socket Reader #1 for port 44494] INFO  ipc.Server (Server.java:run(1074)) - Starting Socket Reader #1 for port 44494
2019-09-18 11:47:40,610 [main] INFO  om.OzoneManager (OzoneManager.java:start(1240)) - OzoneManager RPC server is listening at localhost/127.0.0.1:44494
2019-09-18 11:47:40,610 [main] INFO  impl.MetricsSystemImpl (MetricsSystemImpl.java:init(158)) - OzoneManager metrics system started (again)
2019-09-18 11:47:40,610 [IPC Server Responder] INFO  ipc.Server (Server.java:run(1314)) - IPC Server Responder: starting
2019-09-18 11:47:40,611 [IPC Server listener on 44494] INFO  ipc.Server (Server.java:run(1153)) - IPC Server listener on 44494: starting
2019-09-18 11:47:40,624 [main] INFO  hdfs.DFSUtil (DFSUtil.java:httpServerTemplateForNNAndJN(1641)) - Starting Web-server for ozoneManager at: http://0.0.0.0:0
2019-09-18 11:47:40,627 [main] INFO  server.AuthenticationFilter (AuthenticationFilter.java:constructSecretProvider(240)) - Unable to initialize FileSignerSecretProvider, falling back to use random secrets.
2019-09-18 11:47:40,628 [main] WARN  http.HttpRequestLog (HttpRequestLog.java:getRequestLog(97)) - Jetty request log can only be enabled using Log4j
2019-09-18 11:47:40,631 [main] INFO  http.HttpServer2 (HttpServer2.java:addGlobalFilter(975)) - Added global filter 'safety' (class=org.apache.hadoop.http.HttpServer2$QuotingInputFilter)
2019-09-18 11:47:40,632 [main] INFO  http.HttpServer2 (HttpServer2.java:addFilter(948)) - Added filter static_user_filter (class=org.apache.hadoop.http.lib.StaticUserWebFilter$StaticUserFilter) to context ozoneManager
2019-09-18 11:47:40,632 [main] INFO  http.HttpServer2 (HttpServer2.java:addFilter(958)) - Added filter static_user_filter (class=org.apache.hadoop.http.lib.StaticUserWebFilter$StaticUserFilter) to context logs
2019-09-18 11:47:40,632 [main] INFO  http.HttpServer2 (HttpServer2.java:addFilter(958)) - Added filter static_user_filter (class=org.apache.hadoop.http.lib.StaticUserWebFilter$StaticUserFilter) to context static
2019-09-18 11:47:40,634 [main] INFO  http.HttpServer2 (HttpServer2.java:bindListener(1191)) - Jetty bound to port 38037
2019-09-18 11:47:40,634 [main] INFO  server.Server (Server.java:doStart(351)) - jetty-9.3.24.v20180605, build timestamp: 2018-06-05T17:11:56Z, git hash: 84205aa28f11a4f31f2a3b86d1bba2cc8ab69827
2019-09-18 11:47:40,636 [main] INFO  handler.ContextHandler (ContextHandler.java:doStart(781)) - Started o.e.j.s.ServletContextHandler@33e4b9c4{/logs,file:///workdir/hadoop-ozone/integration-test/target/log,AVAILABLE}
2019-09-18 11:47:40,637 [main] INFO  handler.ContextHandler (ContextHandler.java:doStart(781)) - Started o.e.j.s.ServletContextHandler@10d18696{/static,file:///workdir/hadoop-ozone/integration-test/target/test-classes/webapps/static,AVAILABLE}
2019-09-18 11:47:40,644 [main] INFO  handler.ContextHandler (ContextHandler.java:doStart(781)) - Started o.e.j.w.WebAppContext@5b8853{/,file:///workdir/hadoop-ozone/integration-test/target/test-classes/webapps/ozoneManager/,AVAILABLE}{/ozoneManager}
2019-09-18 11:47:40,644 [main] INFO  server.AbstractConnector (AbstractConnector.java:doStart(278)) - Started ServerConnector@1b8aaeab{HTTP/1.1,[http/1.1]}{0.0.0.0:38037}
2019-09-18 11:47:40,646 [main] INFO  server.Server (Server.java:doStart(419)) - Started @653351ms
2019-09-18 11:47:40,646 [main] WARN  impl.MetricsSystemImpl (MetricsSystemImpl.java:register(276)) - Sink prometheus already exists!
2019-09-18 11:47:40,648 [main] INFO  server.BaseHttpServer (BaseHttpServer.java:updateConnectorAddress(215)) - HTTP server of OZONEMANAGER is listening at http://0.0.0.0:38037
2019-09-18 11:47:40,668 [main] INFO  impl.MetricsSystemImpl (MetricsSystemImpl.java:init(158)) - HddsDatanode metrics system started (again)
2019-09-18 11:47:40,672 [main] INFO  ozone.HddsDatanodeService (HddsDatanodeService.java:start(184)) - HddsDatanodeService host:pr-hdds-2143-zjsjg-1178913 ip:192.168.157.254
2019-09-18 11:47:40,679 [main] INFO  volume.HddsVolume (HddsVolume.java:<init>(176)) - Creating Volume: /workdir/hadoop-ozone/integration-test/target/test-dir/MiniOzoneClusterImpl-29a1df15-cd37-4e65-a38b-6e93fe944b41/datanode-0/data/containers/hdds of  storage type : DISK and capacity : 1482555576320
2019-09-18 11:47:40,679 [main] INFO  volume.VolumeSet (VolumeSet.java:initializeVolumeSet(170)) - Added Volume : /workdir/hadoop-ozone/integration-test/target/test-dir/MiniOzoneClusterImpl-29a1df15-cd37-4e65-a38b-6e93fe944b41/datanode-0/data/containers/hdds to VolumeSet
2019-09-18 11:47:40,679 [main] INFO  volume.ThrottledAsyncChecker (ThrottledAsyncChecker.java:schedule(139)) - Scheduling a check for org.apache.hadoop.ozone.container.common.volume.HddsVolume@5dbab232
2019-09-18 11:47:40,681 [main] INFO  volume.HddsVolumeChecker (HddsVolumeChecker.java:checkAllVolumes(202)) - Scheduled health check for volume org.apache.hadoop.ozone.container.common.volume.HddsVolume@5dbab232
2019-09-18 11:47:40,703 [main] INFO  impl.RaftServerProxy (ConfUtils.java:logGet(43)) - raft.rpc.type = GRPC (default)
2019-09-18 11:47:40,703 [main] INFO  grpc.GrpcFactory (GrpcFactory.java:checkPooledByteBufAllocatorUseCacheForAllThreads(45)) - PERFORMANCE WARNING: useCacheForAllThreads is true that may cause Netty to create a lot garbage objects and, as a result, trigger GC.
	It is recommended to disable useCacheForAllThreads by setting -Dorg.apache.ratis.thirdparty.io.netty.allocator.useCacheForAllThreads=false in command line.
2019-09-18 11:47:40,704 [main] INFO  grpc.GrpcConfigKeys$Server (ConfUtils.java:logGet(43)) - raft.grpc.server.port = 0 (default)
2019-09-18 11:47:40,704 [main] INFO  server.GrpcService (ConfUtils.java:logGet(43)) - raft.grpc.message.size.max = 33570816 (custom)
2019-09-18 11:47:40,705 [main] INFO  server.RaftServerConfigKeys (ConfUtils.java:logGet(43)) - raft.server.log.appender.buffer.byte-limit = 33554432 (custom)
2019-09-18 11:47:40,705 [main] INFO  server.GrpcService (ConfUtils.java:logGet(43)) - raft.grpc.flow.control.window = 1MB (=1048576) (default)
2019-09-18 11:47:40,705 [main] INFO  server.RaftServerConfigKeys (ConfUtils.java:logGet(43)) - raft.server.rpc.request.timeout = 3000ms (default)
2019-09-18 11:47:40,706 [main] INFO  server.RaftServerConfigKeys (ConfUtils.java:logGet(43)) - raft.server.storage.dir = [/workdir/hadoop-ozone/integration-test/target/test-dir/MiniOzoneClusterImpl-29a1df15-cd37-4e65-a38b-6e93fe944b41/datanode-0/data/ratis] (custom)
2019-09-18 11:47:40,708 [main] INFO  hdfs.DFSUtil (DFSUtil.java:httpServerTemplateForNNAndJN(1641)) - Starting Web-server for hddsDatanode at: http://0.0.0.0:0
2019-09-18 11:47:40,710 [main] INFO  server.AuthenticationFilter (AuthenticationFilter.java:constructSecretProvider(240)) - Unable to initialize FileSignerSecretProvider, falling back to use random secrets.
2019-09-18 11:47:40,711 [main] WARN  http.HttpRequestLog (HttpRequestLog.java:getRequestLog(97)) - Jetty request log can only be enabled using Log4j
2019-09-18 11:47:40,713 [main] INFO  http.HttpServer2 (HttpServer2.java:addGlobalFilter(975)) - Added global filter 'safety' (class=org.apache.hadoop.http.HttpServer2$QuotingInputFilter)
2019-09-18 11:47:40,714 [main] INFO  http.HttpServer2 (HttpServer2.java:addFilter(948)) - Added filter static_user_filter (class=org.apache.hadoop.http.lib.StaticUserWebFilter$StaticUserFilter) to context hddsDatanode
2019-09-18 11:47:40,714 [main] INFO  http.HttpServer2 (HttpServer2.java:addFilter(958)) - Added filter static_user_filter (class=org.apache.hadoop.http.lib.StaticUserWebFilter$StaticUserFilter) to context static
2019-09-18 11:47:40,714 [main] INFO  http.HttpServer2 (HttpServer2.java:addFilter(958)) - Added filter static_user_filter (class=org.apache.hadoop.http.lib.StaticUserWebFilter$StaticUserFilter) to context logs
2019-09-18 11:47:40,715 [main] INFO  http.HttpServer2 (HttpServer2.java:bindListener(1191)) - Jetty bound to port 43979
2019-09-18 11:47:40,715 [main] INFO  server.Server (Server.java:doStart(351)) - jetty-9.3.24.v20180605, build timestamp: 2018-06-05T17:11:56Z, git hash: 84205aa28f11a4f31f2a3b86d1bba2cc8ab69827
2019-09-18 11:47:40,717 [main] INFO  handler.ContextHandler (ContextHandler.java:doStart(781)) - Started o.e.j.s.ServletContextHandler@6f1fa1d0{/logs,file:///workdir/hadoop-ozone/integration-test/target/log,AVAILABLE}
2019-09-18 11:47:40,718 [main] INFO  handler.ContextHandler (ContextHandler.java:doStart(781)) - Started o.e.j.s.ServletContextHandler@52ba685a{/static,jar:file:/home/user/.m2/repository/org/apache/hadoop/hadoop-hdds-container-service/0.5.0-SNAPSHOT/hadoop-hdds-container-service-0.5.0-SNAPSHOT.jar!/webapps/static,AVAILABLE}
2019-09-18 11:47:40,761 [main] INFO  handler.ContextHandler (ContextHandler.java:doStart(781)) - Started o.e.j.w.WebAppContext@3c18942{/,file:///tmp/jetty-0.0.0.0-43979-hddsDatanode-_-any-6462818487947232546.dir/webapp/,AVAILABLE}{/hddsDatanode}
2019-09-18 11:47:40,761 [main] INFO  server.AbstractConnector (AbstractConnector.java:doStart(278)) - Started ServerConnector@743c3520{HTTP/1.1,[http/1.1]}{0.0.0.0:43979}
2019-09-18 11:47:40,763 [main] INFO  server.Server (Server.java:doStart(419)) - Started @653468ms
2019-09-18 11:47:40,763 [main] WARN  impl.MetricsSystemImpl (MetricsSystemImpl.java:register(276)) - Sink prometheus already exists!
2019-09-18 11:47:40,764 [main] INFO  server.BaseHttpServer (BaseHttpServer.java:updateConnectorAddress(215)) - HTTP server of HDDSDATANODE is listening at http://0.0.0.0:43979
2019-09-18 11:47:40,764 [main] INFO  impl.MetricsSystemImpl (MetricsSystemImpl.java:init(158)) - HddsDatanode metrics system started (again)
2019-09-18 11:47:40,769 [org.apache.hadoop.util.JvmPauseMonitor$Monitor@7c4dcd5f] INFO  util.JvmPauseMonitor (JvmPauseMonitor.java:run(188)) - Starting JVM pause monitor
2019-09-18 11:47:40,770 [main] INFO  ozone.HddsDatanodeService (HddsDatanodeService.java:start(184)) - HddsDatanodeService host:pr-hdds-2143-zjsjg-1178913 ip:192.168.157.254
2019-09-18 11:47:40,771 [Datanode State Machine Thread - 0] INFO  datanode.InitDatanodeState (InitDatanodeState.java:persistContainerDatanodeDetails(140)) - DatanodeDetails is persisted to /workdir/hadoop-ozone/integration-test/target/test-dir/MiniOzoneClusterImpl-29a1df15-cd37-4e65-a38b-6e93fe944b41/datanode-0/meta/datanode.id
2019-09-18 11:47:40,778 [main] INFO  volume.HddsVolume (HddsVolume.java:<init>(176)) - Creating Volume: /workdir/hadoop-ozone/integration-test/target/test-dir/MiniOzoneClusterImpl-29a1df15-cd37-4e65-a38b-6e93fe944b41/datanode-1/data/containers/hdds of  storage type : DISK and capacity : 1482555576320
2019-09-18 11:47:40,778 [main] INFO  volume.VolumeSet (VolumeSet.java:initializeVolumeSet(170)) - Added Volume : /workdir/hadoop-ozone/integration-test/target/test-dir/MiniOzoneClusterImpl-29a1df15-cd37-4e65-a38b-6e93fe944b41/datanode-1/data/containers/hdds to VolumeSet
2019-09-18 11:47:40,778 [main] INFO  volume.ThrottledAsyncChecker (ThrottledAsyncChecker.java:schedule(139)) - Scheduling a check for org.apache.hadoop.ozone.container.common.volume.HddsVolume@430df350
2019-09-18 11:47:40,779 [main] INFO  volume.HddsVolumeChecker (HddsVolumeChecker.java:checkAllVolumes(202)) - Scheduled health check for volume org.apache.hadoop.ozone.container.common.volume.HddsVolume@430df350
2019-09-18 11:47:40,797 [main] INFO  impl.RaftServerProxy (ConfUtils.java:logGet(43)) - raft.rpc.type = GRPC (default)
2019-09-18 11:47:40,798 [main] INFO  grpc.GrpcFactory (GrpcFactory.java:checkPooledByteBufAllocatorUseCacheForAllThreads(45)) - PERFORMANCE WARNING: useCacheForAllThreads is true that may cause Netty to create a lot garbage objects and, as a result, trigger GC.
	It is recommended to disable useCacheForAllThreads by setting -Dorg.apache.ratis.thirdparty.io.netty.allocator.useCacheForAllThreads=false in command line.
2019-09-18 11:47:40,798 [main] INFO  grpc.GrpcConfigKeys$Server (ConfUtils.java:logGet(43)) - raft.grpc.server.port = 0 (default)
2019-09-18 11:47:40,798 [main] INFO  server.GrpcService (ConfUtils.java:logGet(43)) - raft.grpc.message.size.max = 33570816 (custom)
2019-09-18 11:47:40,798 [main] INFO  server.RaftServerConfigKeys (ConfUtils.java:logGet(43)) - raft.server.log.appender.buffer.byte-limit = 33554432 (custom)
2019-09-18 11:47:40,799 [main] INFO  server.GrpcService (ConfUtils.java:logGet(43)) - raft.grpc.flow.control.window = 1MB (=1048576) (default)
2019-09-18 11:47:40,799 [main] INFO  server.RaftServerConfigKeys (ConfUtils.java:logGet(43)) - raft.server.rpc.request.timeout = 3000ms (default)
2019-09-18 11:47:40,799 [main] INFO  server.RaftServerConfigKeys (ConfUtils.java:logGet(43)) - raft.server.storage.dir = [/workdir/hadoop-ozone/integration-test/target/test-dir/MiniOzoneClusterImpl-29a1df15-cd37-4e65-a38b-6e93fe944b41/datanode-1/data/ratis] (custom)
2019-09-18 11:47:40,801 [main] INFO  hdfs.DFSUtil (DFSUtil.java:httpServerTemplateForNNAndJN(1641)) - Starting Web-server for hddsDatanode at: http://0.0.0.0:0
2019-09-18 11:47:40,803 [main] INFO  server.AuthenticationFilter (AuthenticationFilter.java:constructSecretProvider(240)) - Unable to initialize FileSignerSecretProvider, falling back to use random secrets.
2019-09-18 11:47:40,803 [main] WARN  http.HttpRequestLog (HttpRequestLog.java:getRequestLog(97)) - Jetty request log can only be enabled using Log4j
2019-09-18 11:47:40,805 [main] INFO  http.HttpServer2 (HttpServer2.java:addGlobalFilter(975)) - Added global filter 'safety' (class=org.apache.hadoop.http.HttpServer2$QuotingInputFilter)
2019-09-18 11:47:40,805 [main] INFO  http.HttpServer2 (HttpServer2.java:addFilter(948)) - Added filter static_user_filter (class=org.apache.hadoop.http.lib.StaticUserWebFilter$StaticUserFilter) to context hddsDatanode
2019-09-18 11:47:40,806 [main] INFO  http.HttpServer2 (HttpServer2.java:addFilter(958)) - Added filter static_user_filter (class=org.apache.hadoop.http.lib.StaticUserWebFilter$StaticUserFilter) to context static
2019-09-18 11:47:40,806 [main] INFO  http.HttpServer2 (HttpServer2.java:addFilter(958)) - Added filter static_user_filter (class=org.apache.hadoop.http.lib.StaticUserWebFilter$StaticUserFilter) to context logs
2019-09-18 11:47:40,807 [main] INFO  http.HttpServer2 (HttpServer2.java:bindListener(1191)) - Jetty bound to port 45270
2019-09-18 11:47:40,807 [main] INFO  server.Server (Server.java:doStart(351)) - jetty-9.3.24.v20180605, build timestamp: 2018-06-05T17:11:56Z, git hash: 84205aa28f11a4f31f2a3b86d1bba2cc8ab69827
2019-09-18 11:47:40,809 [main] INFO  handler.ContextHandler (ContextHandler.java:doStart(781)) - Started o.e.j.s.ServletContextHandler@3009eed7{/logs,file:///workdir/hadoop-ozone/integration-test/target/log,AVAILABLE}
2019-09-18 11:47:40,810 [main] INFO  handler.ContextHandler (ContextHandler.java:doStart(781)) - Started o.e.j.s.ServletContextHandler@6650a6c{/static,jar:file:/home/user/.m2/repository/org/apache/hadoop/hadoop-hdds-container-service/0.5.0-SNAPSHOT/hadoop-hdds-container-service-0.5.0-SNAPSHOT.jar!/webapps/static,AVAILABLE}
2019-09-18 11:47:40,857 [main] INFO  handler.ContextHandler (ContextHandler.java:doStart(781)) - Started o.e.j.w.WebAppContext@13278a41{/,file:///tmp/jetty-0.0.0.0-45270-hddsDatanode-_-any-4699311940518832544.dir/webapp/,AVAILABLE}{/hddsDatanode}
2019-09-18 11:47:40,857 [main] INFO  server.AbstractConnector (AbstractConnector.java:doStart(278)) - Started ServerConnector@4a31ed12{HTTP/1.1,[http/1.1]}{0.0.0.0:45270}
2019-09-18 11:47:40,859 [main] INFO  server.Server (Server.java:doStart(419)) - Started @653564ms
2019-09-18 11:47:40,859 [main] WARN  impl.MetricsSystemImpl (MetricsSystemImpl.java:register(276)) - Sink prometheus already exists!
2019-09-18 11:47:40,860 [main] INFO  server.BaseHttpServer (BaseHttpServer.java:updateConnectorAddress(215)) - HTTP server of HDDSDATANODE is listening at http://0.0.0.0:45270
2019-09-18 11:47:40,860 [main] INFO  impl.MetricsSystemImpl (MetricsSystemImpl.java:init(158)) - HddsDatanode metrics system started (again)
2019-09-18 11:47:40,865 [org.apache.hadoop.util.JvmPauseMonitor$Monitor@e1c9330] INFO  util.JvmPauseMonitor (JvmPauseMonitor.java:run(188)) - Starting JVM pause monitor
2019-09-18 11:47:40,866 [main] INFO  ozone.HddsDatanodeService (HddsDatanodeService.java:start(184)) - HddsDatanodeService host:pr-hdds-2143-zjsjg-1178913 ip:192.168.157.254
2019-09-18 11:47:40,866 [Datanode State Machine Thread - 0] INFO  datanode.InitDatanodeState (InitDatanodeState.java:persistContainerDatanodeDetails(140)) - DatanodeDetails is persisted to /workdir/hadoop-ozone/integration-test/target/test-dir/MiniOzoneClusterImpl-29a1df15-cd37-4e65-a38b-6e93fe944b41/datanode-1/meta/datanode.id
2019-09-18 11:47:40,873 [main] INFO  volume.HddsVolume (HddsVolume.java:<init>(176)) - Creating Volume: /workdir/hadoop-ozone/integration-test/target/test-dir/MiniOzoneClusterImpl-29a1df15-cd37-4e65-a38b-6e93fe944b41/datanode-2/data/containers/hdds of  storage type : DISK and capacity : 1482555576320
2019-09-18 11:47:40,874 [main] INFO  volume.VolumeSet (VolumeSet.java:initializeVolumeSet(170)) - Added Volume : /workdir/hadoop-ozone/integration-test/target/test-dir/MiniOzoneClusterImpl-29a1df15-cd37-4e65-a38b-6e93fe944b41/datanode-2/data/containers/hdds to VolumeSet
2019-09-18 11:47:40,874 [main] INFO  volume.ThrottledAsyncChecker (ThrottledAsyncChecker.java:schedule(139)) - Scheduling a check for org.apache.hadoop.ozone.container.common.volume.HddsVolume@3e53c4ad
2019-09-18 11:47:40,875 [main] INFO  volume.HddsVolumeChecker (HddsVolumeChecker.java:checkAllVolumes(202)) - Scheduled health check for volume org.apache.hadoop.ozone.container.common.volume.HddsVolume@3e53c4ad
2019-09-18 11:47:40,894 [main] INFO  impl.RaftServerProxy (ConfUtils.java:logGet(43)) - raft.rpc.type = GRPC (default)
2019-09-18 11:47:40,895 [main] INFO  grpc.GrpcFactory (GrpcFactory.java:checkPooledByteBufAllocatorUseCacheForAllThreads(45)) - PERFORMANCE WARNING: useCacheForAllThreads is true that may cause Netty to create a lot garbage objects and, as a result, trigger GC.
	It is recommended to disable useCacheForAllThreads by setting -Dorg.apache.ratis.thirdparty.io.netty.allocator.useCacheForAllThreads=false in command line.
2019-09-18 11:47:40,895 [main] INFO  grpc.GrpcConfigKeys$Server (ConfUtils.java:logGet(43)) - raft.grpc.server.port = 0 (default)
2019-09-18 11:47:40,895 [main] INFO  server.GrpcService (ConfUtils.java:logGet(43)) - raft.grpc.message.size.max = 33570816 (custom)
2019-09-18 11:47:40,895 [main] INFO  server.RaftServerConfigKeys (ConfUtils.java:logGet(43)) - raft.server.log.appender.buffer.byte-limit = 33554432 (custom)
2019-09-18 11:47:40,896 [main] INFO  server.GrpcService (ConfUtils.java:logGet(43)) - raft.grpc.flow.control.window = 1MB (=1048576) (default)
2019-09-18 11:47:40,896 [main] INFO  server.RaftServerConfigKeys (ConfUtils.java:logGet(43)) - raft.server.rpc.request.timeout = 3000ms (default)
2019-09-18 11:47:40,897 [main] INFO  server.RaftServerConfigKeys (ConfUtils.java:logGet(43)) - raft.server.storage.dir = [/workdir/hadoop-ozone/integration-test/target/test-dir/MiniOzoneClusterImpl-29a1df15-cd37-4e65-a38b-6e93fe944b41/datanode-2/data/ratis] (custom)
2019-09-18 11:47:40,898 [main] INFO  hdfs.DFSUtil (DFSUtil.java:httpServerTemplateForNNAndJN(1641)) - Starting Web-server for hddsDatanode at: http://0.0.0.0:0
2019-09-18 11:47:40,900 [main] INFO  server.AuthenticationFilter (AuthenticationFilter.java:constructSecretProvider(240)) - Unable to initialize FileSignerSecretProvider, falling back to use random secrets.
2019-09-18 11:47:40,901 [main] WARN  http.HttpRequestLog (HttpRequestLog.java:getRequestLog(97)) - Jetty request log can only be enabled using Log4j
2019-09-18 11:47:40,903 [main] INFO  http.HttpServer2 (HttpServer2.java:addGlobalFilter(975)) - Added global filter 'safety' (class=org.apache.hadoop.http.HttpServer2$QuotingInputFilter)
2019-09-18 11:47:40,904 [main] INFO  http.HttpServer2 (HttpServer2.java:addFilter(948)) - Added filter static_user_filter (class=org.apache.hadoop.http.lib.StaticUserWebFilter$StaticUserFilter) to context hddsDatanode
2019-09-18 11:47:40,904 [main] INFO  http.HttpServer2 (HttpServer2.java:addFilter(958)) - Added filter static_user_filter (class=org.apache.hadoop.http.lib.StaticUserWebFilter$StaticUserFilter) to context static
2019-09-18 11:47:40,904 [main] INFO  http.HttpServer2 (HttpServer2.java:addFilter(958)) - Added filter static_user_filter (class=org.apache.hadoop.http.lib.StaticUserWebFilter$StaticUserFilter) to context logs
2019-09-18 11:47:40,905 [main] INFO  http.HttpServer2 (HttpServer2.java:bindListener(1191)) - Jetty bound to port 45526
2019-09-18 11:47:40,906 [main] INFO  server.Server (Server.java:doStart(351)) - jetty-9.3.24.v20180605, build timestamp: 2018-06-05T17:11:56Z, git hash: 84205aa28f11a4f31f2a3b86d1bba2cc8ab69827
2019-09-18 11:47:40,908 [main] INFO  handler.ContextHandler (ContextHandler.java:doStart(781)) - Started o.e.j.s.ServletContextHandler@545d2560{/logs,file:///workdir/hadoop-ozone/integration-test/target/log,AVAILABLE}
2019-09-18 11:47:40,908 [main] INFO  handler.ContextHandler (ContextHandler.java:doStart(781)) - Started o.e.j.s.ServletContextHandler@6885ed19{/static,jar:file:/home/user/.m2/repository/org/apache/hadoop/hadoop-hdds-container-service/0.5.0-SNAPSHOT/hadoop-hdds-container-service-0.5.0-SNAPSHOT.jar!/webapps/static,AVAILABLE}
2019-09-18 11:47:40,959 [main] INFO  handler.ContextHandler (ContextHandler.java:doStart(781)) - Started o.e.j.w.WebAppContext@46bb0bdf{/,file:///tmp/jetty-0.0.0.0-45526-hddsDatanode-_-any-4472042166204800369.dir/webapp/,AVAILABLE}{/hddsDatanode}
2019-09-18 11:47:40,960 [main] INFO  server.AbstractConnector (AbstractConnector.java:doStart(278)) - Started ServerConnector@561f9d92{HTTP/1.1,[http/1.1]}{0.0.0.0:45526}
2019-09-18 11:47:40,964 [main] INFO  server.Server (Server.java:doStart(419)) - Started @653669ms
2019-09-18 11:47:40,964 [main] WARN  impl.MetricsSystemImpl (MetricsSystemImpl.java:register(276)) - Sink prometheus already exists!
2019-09-18 11:47:40,965 [main] INFO  server.BaseHttpServer (BaseHttpServer.java:updateConnectorAddress(215)) - HTTP server of HDDSDATANODE is listening at http://0.0.0.0:45526
2019-09-18 11:47:40,966 [main] INFO  impl.MetricsSystemImpl (MetricsSystemImpl.java:init(158)) - HddsDatanode metrics system started (again)
2019-09-18 11:47:40,967 [org.apache.hadoop.util.JvmPauseMonitor$Monitor@158329ec] INFO  util.JvmPauseMonitor (JvmPauseMonitor.java:run(188)) - Starting JVM pause monitor
2019-09-18 11:47:40,974 [main] INFO  ozone.HddsDatanodeService (HddsDatanodeService.java:start(184)) - HddsDatanodeService host:pr-hdds-2143-zjsjg-1178913 ip:192.168.157.254
2019-09-18 11:47:40,974 [Datanode State Machine Thread - 0] INFO  datanode.InitDatanodeState (InitDatanodeState.java:persistContainerDatanodeDetails(140)) - DatanodeDetails is persisted to /workdir/hadoop-ozone/integration-test/target/test-dir/MiniOzoneClusterImpl-29a1df15-cd37-4e65-a38b-6e93fe944b41/datanode-2/meta/datanode.id
2019-09-18 11:47:40,982 [main] INFO  volume.HddsVolume (HddsVolume.java:<init>(176)) - Creating Volume: /workdir/hadoop-ozone/integration-test/target/test-dir/MiniOzoneClusterImpl-29a1df15-cd37-4e65-a38b-6e93fe944b41/datanode-3/data/containers/hdds of  storage type : DISK and capacity : 1482555576320
2019-09-18 11:47:40,982 [main] INFO  volume.VolumeSet (VolumeSet.java:initializeVolumeSet(170)) - Added Volume : /workdir/hadoop-ozone/integration-test/target/test-dir/MiniOzoneClusterImpl-29a1df15-cd37-4e65-a38b-6e93fe944b41/datanode-3/data/containers/hdds to VolumeSet
2019-09-18 11:47:40,983 [main] INFO  volume.ThrottledAsyncChecker (ThrottledAsyncChecker.java:schedule(139)) - Scheduling a check for org.apache.hadoop.ozone.container.common.volume.HddsVolume@454bcbbf
2019-09-18 11:47:40,983 [main] INFO  volume.HddsVolumeChecker (HddsVolumeChecker.java:checkAllVolumes(202)) - Scheduled health check for volume org.apache.hadoop.ozone.container.common.volume.HddsVolume@454bcbbf
2019-09-18 11:47:41,004 [main] INFO  impl.RaftServerProxy (ConfUtils.java:logGet(43)) - raft.rpc.type = GRPC (default)
2019-09-18 11:47:41,005 [main] INFO  grpc.GrpcFactory (GrpcFactory.java:checkPooledByteBufAllocatorUseCacheForAllThreads(45)) - PERFORMANCE WARNING: useCacheForAllThreads is true that may cause Netty to create a lot garbage objects and, as a result, trigger GC.
	It is recommended to disable useCacheForAllThreads by setting -Dorg.apache.ratis.thirdparty.io.netty.allocator.useCacheForAllThreads=false in command line.
2019-09-18 11:47:41,005 [main] INFO  grpc.GrpcConfigKeys$Server (ConfUtils.java:logGet(43)) - raft.grpc.server.port = 0 (default)
2019-09-18 11:47:41,006 [main] INFO  server.GrpcService (ConfUtils.java:logGet(43)) - raft.grpc.message.size.max = 33570816 (custom)
2019-09-18 11:47:41,006 [main] INFO  server.RaftServerConfigKeys (ConfUtils.java:logGet(43)) - raft.server.log.appender.buffer.byte-limit = 33554432 (custom)
2019-09-18 11:47:41,006 [main] INFO  server.GrpcService (ConfUtils.java:logGet(43)) - raft.grpc.flow.control.window = 1MB (=1048576) (default)
2019-09-18 11:47:41,007 [main] INFO  server.RaftServerConfigKeys (ConfUtils.java:logGet(43)) - raft.server.rpc.request.timeout = 3000ms (default)
2019-09-18 11:47:41,007 [main] INFO  server.RaftServerConfigKeys (ConfUtils.java:logGet(43)) - raft.server.storage.dir = [/workdir/hadoop-ozone/integration-test/target/test-dir/MiniOzoneClusterImpl-29a1df15-cd37-4e65-a38b-6e93fe944b41/datanode-3/data/ratis] (custom)
2019-09-18 11:47:41,009 [main] INFO  hdfs.DFSUtil (DFSUtil.java:httpServerTemplateForNNAndJN(1641)) - Starting Web-server for hddsDatanode at: http://0.0.0.0:0
2019-09-18 11:47:41,011 [main] INFO  server.AuthenticationFilter (AuthenticationFilter.java:constructSecretProvider(240)) - Unable to initialize FileSignerSecretProvider, falling back to use random secrets.
2019-09-18 11:47:41,012 [main] WARN  http.HttpRequestLog (HttpRequestLog.java:getRequestLog(97)) - Jetty request log can only be enabled using Log4j
2019-09-18 11:47:41,014 [main] INFO  http.HttpServer2 (HttpServer2.java:addGlobalFilter(975)) - Added global filter 'safety' (class=org.apache.hadoop.http.HttpServer2$QuotingInputFilter)
2019-09-18 11:47:41,015 [main] INFO  http.HttpServer2 (HttpServer2.java:addFilter(948)) - Added filter static_user_filter (class=org.apache.hadoop.http.lib.StaticUserWebFilter$StaticUserFilter) to context hddsDatanode
2019-09-18 11:47:41,015 [main] INFO  http.HttpServer2 (HttpServer2.java:addFilter(958)) - Added filter static_user_filter (class=org.apache.hadoop.http.lib.StaticUserWebFilter$StaticUserFilter) to context static
2019-09-18 11:47:41,015 [main] INFO  http.HttpServer2 (HttpServer2.java:addFilter(958)) - Added filter static_user_filter (class=org.apache.hadoop.http.lib.StaticUserWebFilter$StaticUserFilter) to context logs
2019-09-18 11:47:41,016 [main] INFO  http.HttpServer2 (HttpServer2.java:bindListener(1191)) - Jetty bound to port 45528
2019-09-18 11:47:41,016 [main] INFO  server.Server (Server.java:doStart(351)) - jetty-9.3.24.v20180605, build timestamp: 2018-06-05T17:11:56Z, git hash: 84205aa28f11a4f31f2a3b86d1bba2cc8ab69827
2019-09-18 11:47:41,018 [main] INFO  handler.ContextHandler (ContextHandler.java:doStart(781)) - Started o.e.j.s.ServletContextHandler@4bc9ca97{/logs,file:///workdir/hadoop-ozone/integration-test/target/log,AVAILABLE}
2019-09-18 11:47:41,019 [main] INFO  handler.ContextHandler (ContextHandler.java:doStart(781)) - Started o.e.j.s.ServletContextHandler@147cc940{/static,jar:file:/home/user/.m2/repository/org/apache/hadoop/hadoop-hdds-container-service/0.5.0-SNAPSHOT/hadoop-hdds-container-service-0.5.0-SNAPSHOT.jar!/webapps/static,AVAILABLE}
2019-09-18 11:47:41,058 [main] INFO  handler.ContextHandler (ContextHandler.java:doStart(781)) - Started o.e.j.w.WebAppContext@47187f50{/,file:///tmp/jetty-0.0.0.0-45528-hddsDatanode-_-any-7057617898674091673.dir/webapp/,AVAILABLE}{/hddsDatanode}
2019-09-18 11:47:41,059 [main] INFO  server.AbstractConnector (AbstractConnector.java:doStart(278)) - Started ServerConnector@78116659{HTTP/1.1,[http/1.1]}{0.0.0.0:45528}
2019-09-18 11:47:41,061 [main] INFO  server.Server (Server.java:doStart(419)) - Started @653766ms
2019-09-18 11:47:41,061 [main] WARN  impl.MetricsSystemImpl (MetricsSystemImpl.java:register(276)) - Sink prometheus already exists!
2019-09-18 11:47:41,062 [main] INFO  server.BaseHttpServer (BaseHttpServer.java:updateConnectorAddress(215)) - HTTP server of HDDSDATANODE is listening at http://0.0.0.0:45528
2019-09-18 11:47:41,062 [main] INFO  impl.MetricsSystemImpl (MetricsSystemImpl.java:init(158)) - HddsDatanode metrics system started (again)
2019-09-18 11:47:41,067 [org.apache.hadoop.util.JvmPauseMonitor$Monitor@29dd5c24] INFO  util.JvmPauseMonitor (JvmPauseMonitor.java:run(188)) - Starting JVM pause monitor
2019-09-18 11:47:41,067 [main] INFO  ozone.HddsDatanodeService (HddsDatanodeService.java:start(184)) - HddsDatanodeService host:pr-hdds-2143-zjsjg-1178913 ip:192.168.157.254
2019-09-18 11:47:41,069 [Datanode State Machine Thread - 0] INFO  datanode.InitDatanodeState (InitDatanodeState.java:persistContainerDatanodeDetails(140)) - DatanodeDetails is persisted to /workdir/hadoop-ozone/integration-test/target/test-dir/MiniOzoneClusterImpl-29a1df15-cd37-4e65-a38b-6e93fe944b41/datanode-3/meta/datanode.id
2019-09-18 11:47:41,076 [main] INFO  volume.HddsVolume (HddsVolume.java:<init>(176)) - Creating Volume: /workdir/hadoop-ozone/integration-test/target/test-dir/MiniOzoneClusterImpl-29a1df15-cd37-4e65-a38b-6e93fe944b41/datanode-4/data/containers/hdds of  storage type : DISK and capacity : 1482555576320
2019-09-18 11:47:41,076 [main] INFO  volume.VolumeSet (VolumeSet.java:initializeVolumeSet(170)) - Added Volume : /workdir/hadoop-ozone/integration-test/target/test-dir/MiniOzoneClusterImpl-29a1df15-cd37-4e65-a38b-6e93fe944b41/datanode-4/data/containers/hdds to VolumeSet
2019-09-18 11:47:41,077 [main] INFO  volume.ThrottledAsyncChecker (ThrottledAsyncChecker.java:schedule(139)) - Scheduling a check for org.apache.hadoop.ozone.container.common.volume.HddsVolume@4f3c7808
2019-09-18 11:47:41,077 [main] INFO  volume.HddsVolumeChecker (HddsVolumeChecker.java:checkAllVolumes(202)) - Scheduled health check for volume org.apache.hadoop.ozone.container.common.volume.HddsVolume@4f3c7808
2019-09-18 11:47:41,092 [main] INFO  impl.RaftServerProxy (ConfUtils.java:logGet(43)) - raft.rpc.type = GRPC (default)
2019-09-18 11:47:41,092 [main] INFO  grpc.GrpcFactory (GrpcFactory.java:checkPooledByteBufAllocatorUseCacheForAllThreads(45)) - PERFORMANCE WARNING: useCacheForAllThreads is true that may cause Netty to create a lot garbage objects and, as a result, trigger GC.
	It is recommended to disable useCacheForAllThreads by setting -Dorg.apache.ratis.thirdparty.io.netty.allocator.useCacheForAllThreads=false in command line.
2019-09-18 11:47:41,092 [main] INFO  grpc.GrpcConfigKeys$Server (ConfUtils.java:logGet(43)) - raft.grpc.server.port = 0 (default)
2019-09-18 11:47:41,092 [main] INFO  server.GrpcService (ConfUtils.java:logGet(43)) - raft.grpc.message.size.max = 33570816 (custom)
2019-09-18 11:47:41,092 [main] INFO  server.RaftServerConfigKeys (ConfUtils.java:logGet(43)) - raft.server.log.appender.buffer.byte-limit = 33554432 (custom)
2019-09-18 11:47:41,093 [main] INFO  server.GrpcService (ConfUtils.java:logGet(43)) - raft.grpc.flow.control.window = 1MB (=1048576) (default)
2019-09-18 11:47:41,093 [main] INFO  server.RaftServerConfigKeys (ConfUtils.java:logGet(43)) - raft.server.rpc.request.timeout = 3000ms (default)
2019-09-18 11:47:41,093 [main] INFO  server.RaftServerConfigKeys (ConfUtils.java:logGet(43)) - raft.server.storage.dir = [/workdir/hadoop-ozone/integration-test/target/test-dir/MiniOzoneClusterImpl-29a1df15-cd37-4e65-a38b-6e93fe944b41/datanode-4/data/ratis] (custom)
2019-09-18 11:47:41,095 [main] INFO  hdfs.DFSUtil (DFSUtil.java:httpServerTemplateForNNAndJN(1641)) - Starting Web-server for hddsDatanode at: http://0.0.0.0:0
2019-09-18 11:47:41,096 [main] INFO  server.AuthenticationFilter (AuthenticationFilter.java:constructSecretProvider(240)) - Unable to initialize FileSignerSecretProvider, falling back to use random secrets.
2019-09-18 11:47:41,096 [main] WARN  http.HttpRequestLog (HttpRequestLog.java:getRequestLog(97)) - Jetty request log can only be enabled using Log4j
2019-09-18 11:47:41,098 [main] INFO  http.HttpServer2 (HttpServer2.java:addGlobalFilter(975)) - Added global filter 'safety' (class=org.apache.hadoop.http.HttpServer2$QuotingInputFilter)
2019-09-18 11:47:41,098 [main] INFO  http.HttpServer2 (HttpServer2.java:addFilter(948)) - Added filter static_user_filter (class=org.apache.hadoop.http.lib.StaticUserWebFilter$StaticUserFilter) to context hddsDatanode
2019-09-18 11:47:41,098 [main] INFO  http.HttpServer2 (HttpServer2.java:addFilter(958)) - Added filter static_user_filter (class=org.apache.hadoop.http.lib.StaticUserWebFilter$StaticUserFilter) to context logs
2019-09-18 11:47:41,098 [main] INFO  http.HttpServer2 (HttpServer2.java:addFilter(958)) - Added filter static_user_filter (class=org.apache.hadoop.http.lib.StaticUserWebFilter$StaticUserFilter) to context static
2019-09-18 11:47:41,099 [main] INFO  http.HttpServer2 (HttpServer2.java:bindListener(1191)) - Jetty bound to port 43773
2019-09-18 11:47:41,099 [main] INFO  server.Server (Server.java:doStart(351)) - jetty-9.3.24.v20180605, build timestamp: 2018-06-05T17:11:56Z, git hash: 84205aa28f11a4f31f2a3b86d1bba2cc8ab69827
2019-09-18 11:47:41,100 [main] INFO  handler.ContextHandler (ContextHandler.java:doStart(781)) - Started o.e.j.s.ServletContextHandler@251a90ce{/logs,file:///workdir/hadoop-ozone/integration-test/target/log,AVAILABLE}
2019-09-18 11:47:41,101 [main] INFO  handler.ContextHandler (ContextHandler.java:doStart(781)) - Started o.e.j.s.ServletContextHandler@7f0766ef{/static,jar:file:/home/user/.m2/repository/org/apache/hadoop/hadoop-hdds-container-service/0.5.0-SNAPSHOT/hadoop-hdds-container-service-0.5.0-SNAPSHOT.jar!/webapps/static,AVAILABLE}
2019-09-18 11:47:41,128 [main] INFO  handler.ContextHandler (ContextHandler.java:doStart(781)) - Started o.e.j.w.WebAppContext@73a845cb{/,file:///tmp/jetty-0.0.0.0-43773-hddsDatanode-_-any-2853974866147885145.dir/webapp/,AVAILABLE}{/hddsDatanode}
2019-09-18 11:47:41,129 [main] INFO  server.AbstractConnector (AbstractConnector.java:doStart(278)) - Started ServerConnector@18a98913{HTTP/1.1,[http/1.1]}{0.0.0.0:43773}
2019-09-18 11:47:41,129 [main] INFO  server.Server (Server.java:doStart(419)) - Started @653834ms
2019-09-18 11:47:41,130 [main] WARN  impl.MetricsSystemImpl (MetricsSystemImpl.java:register(276)) - Sink prometheus already exists!
2019-09-18 11:47:41,131 [main] INFO  server.BaseHttpServer (BaseHttpServer.java:updateConnectorAddress(215)) - HTTP server of HDDSDATANODE is listening at http://0.0.0.0:43773
2019-09-18 11:47:41,131 [main] INFO  impl.MetricsSystemImpl (MetricsSystemImpl.java:init(158)) - HddsDatanode metrics system started (again)
2019-09-18 11:47:41,135 [org.apache.hadoop.util.JvmPauseMonitor$Monitor@211d3177] INFO  util.JvmPauseMonitor (JvmPauseMonitor.java:run(188)) - Starting JVM pause monitor
2019-09-18 11:47:41,136 [main] INFO  ozone.HddsDatanodeService (HddsDatanodeService.java:start(184)) - HddsDatanodeService host:pr-hdds-2143-zjsjg-1178913 ip:192.168.157.254
2019-09-18 11:47:41,136 [Datanode State Machine Thread - 0] INFO  datanode.InitDatanodeState (InitDatanodeState.java:persistContainerDatanodeDetails(140)) - DatanodeDetails is persisted to /workdir/hadoop-ozone/integration-test/target/test-dir/MiniOzoneClusterImpl-29a1df15-cd37-4e65-a38b-6e93fe944b41/datanode-4/meta/datanode.id
2019-09-18 11:47:41,143 [main] INFO  volume.HddsVolume (HddsVolume.java:<init>(176)) - Creating Volume: /workdir/hadoop-ozone/integration-test/target/test-dir/MiniOzoneClusterImpl-29a1df15-cd37-4e65-a38b-6e93fe944b41/datanode-5/data/containers/hdds of  storage type : DISK and capacity : 1482555576320
2019-09-18 11:47:41,143 [main] INFO  volume.VolumeSet (VolumeSet.java:initializeVolumeSet(170)) - Added Volume : /workdir/hadoop-ozone/integration-test/target/test-dir/MiniOzoneClusterImpl-29a1df15-cd37-4e65-a38b-6e93fe944b41/datanode-5/data/containers/hdds to VolumeSet
2019-09-18 11:47:41,143 [main] INFO  volume.ThrottledAsyncChecker (ThrottledAsyncChecker.java:schedule(139)) - Scheduling a check for org.apache.hadoop.ozone.container.common.volume.HddsVolume@307cf964
2019-09-18 11:47:41,144 [main] INFO  volume.HddsVolumeChecker (HddsVolumeChecker.java:checkAllVolumes(202)) - Scheduled health check for volume org.apache.hadoop.ozone.container.common.volume.HddsVolume@307cf964
2019-09-18 11:47:41,157 [main] INFO  impl.RaftServerProxy (ConfUtils.java:logGet(43)) - raft.rpc.type = GRPC (default)
2019-09-18 11:47:41,157 [main] INFO  grpc.GrpcFactory (GrpcFactory.java:checkPooledByteBufAllocatorUseCacheForAllThreads(45)) - PERFORMANCE WARNING: useCacheForAllThreads is true that may cause Netty to create a lot garbage objects and, as a result, trigger GC.
	It is recommended to disable useCacheForAllThreads by setting -Dorg.apache.ratis.thirdparty.io.netty.allocator.useCacheForAllThreads=false in command line.
2019-09-18 11:47:41,158 [main] INFO  grpc.GrpcConfigKeys$Server (ConfUtils.java:logGet(43)) - raft.grpc.server.port = 0 (default)
2019-09-18 11:47:41,158 [main] INFO  server.GrpcService (ConfUtils.java:logGet(43)) - raft.grpc.message.size.max = 33570816 (custom)
2019-09-18 11:47:41,158 [main] INFO  server.RaftServerConfigKeys (ConfUtils.java:logGet(43)) - raft.server.log.appender.buffer.byte-limit = 33554432 (custom)
2019-09-18 11:47:41,159 [main] INFO  server.GrpcService (ConfUtils.java:logGet(43)) - raft.grpc.flow.control.window = 1MB (=1048576) (default)
2019-09-18 11:47:41,159 [main] INFO  server.RaftServerConfigKeys (ConfUtils.java:logGet(43)) - raft.server.rpc.request.timeout = 3000ms (default)
2019-09-18 11:47:41,159 [main] INFO  server.RaftServerConfigKeys (ConfUtils.java:logGet(43)) - raft.server.storage.dir = [/workdir/hadoop-ozone/integration-test/target/test-dir/MiniOzoneClusterImpl-29a1df15-cd37-4e65-a38b-6e93fe944b41/datanode-5/data/ratis] (custom)
2019-09-18 11:47:41,161 [main] INFO  hdfs.DFSUtil (DFSUtil.java:httpServerTemplateForNNAndJN(1641)) - Starting Web-server for hddsDatanode at: http://0.0.0.0:0
2019-09-18 11:47:41,163 [main] INFO  server.AuthenticationFilter (AuthenticationFilter.java:constructSecretProvider(240)) - Unable to initialize FileSignerSecretProvider, falling back to use random secrets.
2019-09-18 11:47:41,163 [main] WARN  http.HttpRequestLog (HttpRequestLog.java:getRequestLog(97)) - Jetty request log can only be enabled using Log4j
2019-09-18 11:47:41,165 [main] INFO  http.HttpServer2 (HttpServer2.java:addGlobalFilter(975)) - Added global filter 'safety' (class=org.apache.hadoop.http.HttpServer2$QuotingInputFilter)
2019-09-18 11:47:41,166 [main] INFO  http.HttpServer2 (HttpServer2.java:addFilter(948)) - Added filter static_user_filter (class=org.apache.hadoop.http.lib.StaticUserWebFilter$StaticUserFilter) to context hddsDatanode
2019-09-18 11:47:41,166 [main] INFO  http.HttpServer2 (HttpServer2.java:addFilter(958)) - Added filter static_user_filter (class=org.apache.hadoop.http.lib.StaticUserWebFilter$StaticUserFilter) to context logs
2019-09-18 11:47:41,166 [main] INFO  http.HttpServer2 (HttpServer2.java:addFilter(958)) - Added filter static_user_filter (class=org.apache.hadoop.http.lib.StaticUserWebFilter$StaticUserFilter) to context static
2019-09-18 11:47:41,167 [main] INFO  http.HttpServer2 (HttpServer2.java:bindListener(1191)) - Jetty bound to port 40578
2019-09-18 11:47:41,168 [main] INFO  server.Server (Server.java:doStart(351)) - jetty-9.3.24.v20180605, build timestamp: 2018-06-05T17:11:56Z, git hash: 84205aa28f11a4f31f2a3b86d1bba2cc8ab69827
2019-09-18 11:47:41,169 [main] INFO  handler.ContextHandler (ContextHandler.java:doStart(781)) - Started o.e.j.s.ServletContextHandler@16f7f59f{/logs,file:///workdir/hadoop-ozone/integration-test/target/log,AVAILABLE}
2019-09-18 11:47:41,170 [main] INFO  handler.ContextHandler (ContextHandler.java:doStart(781)) - Started o.e.j.s.ServletContextHandler@53125718{/static,jar:file:/home/user/.m2/repository/org/apache/hadoop/hadoop-hdds-container-service/0.5.0-SNAPSHOT/hadoop-hdds-container-service-0.5.0-SNAPSHOT.jar!/webapps/static,AVAILABLE}
2019-09-18 11:47:41,208 [main] INFO  handler.ContextHandler (ContextHandler.java:doStart(781)) - Started o.e.j.w.WebAppContext@3f68a7f8{/,file:///tmp/jetty-0.0.0.0-40578-hddsDatanode-_-any-5808668536384913112.dir/webapp/,AVAILABLE}{/hddsDatanode}
2019-09-18 11:47:41,208 [main] INFO  server.AbstractConnector (AbstractConnector.java:doStart(278)) - Started ServerConnector@4faf1f4{HTTP/1.1,[http/1.1]}{0.0.0.0:40578}
2019-09-18 11:47:41,210 [main] INFO  server.Server (Server.java:doStart(419)) - Started @653915ms
2019-09-18 11:47:41,210 [main] WARN  impl.MetricsSystemImpl (MetricsSystemImpl.java:register(276)) - Sink prometheus already exists!
2019-09-18 11:47:41,211 [main] INFO  server.BaseHttpServer (BaseHttpServer.java:updateConnectorAddress(215)) - HTTP server of HDDSDATANODE is listening at http://0.0.0.0:40578
2019-09-18 11:47:41,211 [main] INFO  impl.MetricsSystemImpl (MetricsSystemImpl.java:init(158)) - HddsDatanode metrics system started (again)
2019-09-18 11:47:41,218 [org.apache.hadoop.util.JvmPauseMonitor$Monitor@1ffed4b7] INFO  util.JvmPauseMonitor (JvmPauseMonitor.java:run(188)) - Starting JVM pause monitor
2019-09-18 11:47:41,219 [main] INFO  ozone.HddsDatanodeService (HddsDatanodeService.java:start(184)) - HddsDatanodeService host:pr-hdds-2143-zjsjg-1178913 ip:192.168.157.254
2019-09-18 11:47:41,219 [Datanode State Machine Thread - 0] INFO  datanode.InitDatanodeState (InitDatanodeState.java:persistContainerDatanodeDetails(140)) - DatanodeDetails is persisted to /workdir/hadoop-ozone/integration-test/target/test-dir/MiniOzoneClusterImpl-29a1df15-cd37-4e65-a38b-6e93fe944b41/datanode-5/meta/datanode.id
2019-09-18 11:47:41,226 [main] INFO  volume.HddsVolume (HddsVolume.java:<init>(176)) - Creating Volume: /workdir/hadoop-ozone/integration-test/target/test-dir/MiniOzoneClusterImpl-29a1df15-cd37-4e65-a38b-6e93fe944b41/datanode-6/data/containers/hdds of  storage type : DISK and capacity : 1482555576320
2019-09-18 11:47:41,226 [main] INFO  volume.VolumeSet (VolumeSet.java:initializeVolumeSet(170)) - Added Volume : /workdir/hadoop-ozone/integration-test/target/test-dir/MiniOzoneClusterImpl-29a1df15-cd37-4e65-a38b-6e93fe944b41/datanode-6/data/containers/hdds to VolumeSet
2019-09-18 11:47:41,227 [main] INFO  volume.ThrottledAsyncChecker (ThrottledAsyncChecker.java:schedule(139)) - Scheduling a check for org.apache.hadoop.ozone.container.common.volume.HddsVolume@4e958f08
2019-09-18 11:47:41,227 [main] INFO  volume.HddsVolumeChecker (HddsVolumeChecker.java:checkAllVolumes(202)) - Scheduled health check for volume org.apache.hadoop.ozone.container.common.volume.HddsVolume@4e958f08
2019-09-18 11:47:41,246 [main] INFO  impl.RaftServerProxy (ConfUtils.java:logGet(43)) - raft.rpc.type = GRPC (default)
2019-09-18 11:47:41,246 [main] INFO  grpc.GrpcFactory (GrpcFactory.java:checkPooledByteBufAllocatorUseCacheForAllThreads(45)) - PERFORMANCE WARNING: useCacheForAllThreads is true that may cause Netty to create a lot garbage objects and, as a result, trigger GC.
	It is recommended to disable useCacheForAllThreads by setting -Dorg.apache.ratis.thirdparty.io.netty.allocator.useCacheForAllThreads=false in command line.
2019-09-18 11:47:41,246 [main] INFO  grpc.GrpcConfigKeys$Server (ConfUtils.java:logGet(43)) - raft.grpc.server.port = 0 (default)
2019-09-18 11:47:41,246 [main] INFO  server.GrpcService (ConfUtils.java:logGet(43)) - raft.grpc.message.size.max = 33570816 (custom)
2019-09-18 11:47:41,247 [main] INFO  server.RaftServerConfigKeys (ConfUtils.java:logGet(43)) - raft.server.log.appender.buffer.byte-limit = 33554432 (custom)
2019-09-18 11:47:41,247 [main] INFO  server.GrpcService (ConfUtils.java:logGet(43)) - raft.grpc.flow.control.window = 1MB (=1048576) (default)
2019-09-18 11:47:41,247 [main] INFO  server.RaftServerConfigKeys (ConfUtils.java:logGet(43)) - raft.server.rpc.request.timeout = 3000ms (default)
2019-09-18 11:47:41,248 [main] INFO  server.RaftServerConfigKeys (ConfUtils.java:logGet(43)) - raft.server.storage.dir = [/workdir/hadoop-ozone/integration-test/target/test-dir/MiniOzoneClusterImpl-29a1df15-cd37-4e65-a38b-6e93fe944b41/datanode-6/data/ratis] (custom)
2019-09-18 11:47:41,249 [main] INFO  hdfs.DFSUtil (DFSUtil.java:httpServerTemplateForNNAndJN(1641)) - Starting Web-server for hddsDatanode at: http://0.0.0.0:0
2019-09-18 11:47:41,251 [main] INFO  server.AuthenticationFilter (AuthenticationFilter.java:constructSecretProvider(240)) - Unable to initialize FileSignerSecretProvider, falling back to use random secrets.
2019-09-18 11:47:41,251 [main] WARN  http.HttpRequestLog (HttpRequestLog.java:getRequestLog(97)) - Jetty request log can only be enabled using Log4j
2019-09-18 11:47:41,254 [main] INFO  http.HttpServer2 (HttpServer2.java:addGlobalFilter(975)) - Added global filter 'safety' (class=org.apache.hadoop.http.HttpServer2$QuotingInputFilter)
2019-09-18 11:47:41,254 [main] INFO  http.HttpServer2 (HttpServer2.java:addFilter(948)) - Added filter static_user_filter (class=org.apache.hadoop.http.lib.StaticUserWebFilter$StaticUserFilter) to context hddsDatanode
2019-09-18 11:47:41,254 [main] INFO  http.HttpServer2 (HttpServer2.java:addFilter(958)) - Added filter static_user_filter (class=org.apache.hadoop.http.lib.StaticUserWebFilter$StaticUserFilter) to context logs
2019-09-18 11:47:41,255 [main] INFO  http.HttpServer2 (HttpServer2.java:addFilter(958)) - Added filter static_user_filter (class=org.apache.hadoop.http.lib.StaticUserWebFilter$StaticUserFilter) to context static
2019-09-18 11:47:41,255 [main] INFO  http.HttpServer2 (HttpServer2.java:bindListener(1191)) - Jetty bound to port 36579
2019-09-18 11:47:41,256 [main] INFO  server.Server (Server.java:doStart(351)) - jetty-9.3.24.v20180605, build timestamp: 2018-06-05T17:11:56Z, git hash: 84205aa28f11a4f31f2a3b86d1bba2cc8ab69827
2019-09-18 11:47:41,258 [main] INFO  handler.ContextHandler (ContextHandler.java:doStart(781)) - Started o.e.j.s.ServletContextHandler@47fb7ec9{/logs,file:///workdir/hadoop-ozone/integration-test/target/log,AVAILABLE}
2019-09-18 11:47:41,258 [main] INFO  handler.ContextHandler (ContextHandler.java:doStart(781)) - Started o.e.j.s.ServletContextHandler@4703c998{/static,jar:file:/home/user/.m2/repository/org/apache/hadoop/hadoop-hdds-container-service/0.5.0-SNAPSHOT/hadoop-hdds-container-service-0.5.0-SNAPSHOT.jar!/webapps/static,AVAILABLE}
2019-09-18 11:47:41,295 [main] INFO  handler.ContextHandler (ContextHandler.java:doStart(781)) - Started o.e.j.w.WebAppContext@5fb5ad40{/,file:///tmp/jetty-0.0.0.0-36579-hddsDatanode-_-any-6003458327949382026.dir/webapp/,AVAILABLE}{/hddsDatanode}
2019-09-18 11:47:41,295 [main] INFO  server.AbstractConnector (AbstractConnector.java:doStart(278)) - Started ServerConnector@615439f7{HTTP/1.1,[http/1.1]}{0.0.0.0:36579}
2019-09-18 11:47:41,301 [main] INFO  server.Server (Server.java:doStart(419)) - Started @654006ms
2019-09-18 11:47:41,301 [main] WARN  impl.MetricsSystemImpl (MetricsSystemImpl.java:register(276)) - Sink prometheus already exists!
2019-09-18 11:47:41,302 [main] INFO  server.BaseHttpServer (BaseHttpServer.java:updateConnectorAddress(215)) - HTTP server of HDDSDATANODE is listening at http://0.0.0.0:36579
2019-09-18 11:47:41,302 [main] INFO  ozone.MiniOzoneClusterImpl (MiniOzoneClusterImpl.java:lambda$waitForClusterToBeReady$0(145)) - Waiting for cluster to be ready. Got 0 of 7 DN Heartbeats.
2019-09-18 11:47:41,303 [org.apache.hadoop.util.JvmPauseMonitor$Monitor@3f160586] INFO  util.JvmPauseMonitor (JvmPauseMonitor.java:run(188)) - Starting JVM pause monitor
2019-09-18 11:47:41,305 [Datanode State Machine Thread - 0] INFO  datanode.InitDatanodeState (InitDatanodeState.java:persistContainerDatanodeDetails(140)) - DatanodeDetails is persisted to /workdir/hadoop-ozone/integration-test/target/test-dir/MiniOzoneClusterImpl-29a1df15-cd37-4e65-a38b-6e93fe944b41/datanode-6/meta/datanode.id
2019-09-18 11:47:42,302 [main] INFO  ozone.MiniOzoneClusterImpl (MiniOzoneClusterImpl.java:lambda$waitForClusterToBeReady$0(145)) - Waiting for cluster to be ready. Got 0 of 7 DN Heartbeats.
2019-09-18 11:47:42,816 [Datanode State Machine Thread - 0] INFO  ozoneimpl.OzoneContainer (OzoneContainer.java:start(217)) - Attempting to start container services.
2019-09-18 11:47:42,816 [Datanode State Machine Thread - 0] INFO  ozoneimpl.OzoneContainer (OzoneContainer.java:startContainerScrub(179)) - Background container scanner has been disabled.
2019-09-18 11:47:42,816 [Datanode State Machine Thread - 0] INFO  ratis.XceiverServerRatis (XceiverServerRatis.java:start(411)) - Starting XceiverServerRatis 667c917f-69b1-4d24-81e9-af1370db70ff at port 0
2019-09-18 11:47:42,822 [Datanode State Machine Thread - 0] INFO  impl.RaftServerProxy (RaftServerProxy.java:lambda$start$3(299)) - 667c917f-69b1-4d24-81e9-af1370db70ff: start RPC server
2019-09-18 11:47:42,824 [Datanode State Machine Thread - 0] INFO  server.GrpcService (GrpcService.java:startImpl(158)) - 667c917f-69b1-4d24-81e9-af1370db70ff: GrpcService started, listening on 0.0.0.0/0.0.0.0:42838
2019-09-18 11:47:42,824 [Datanode State Machine Thread - 0] INFO  ratis.XceiverServerRatis (XceiverServerRatis.java:start(421)) - XceiverServerRatis 667c917f-69b1-4d24-81e9-af1370db70ff is started using port 42838
2019-09-18 11:47:42,825 [Datanode State Machine Thread - 0] INFO  server.XceiverServerGrpc (XceiverServerGrpc.java:start(163)) - XceiverServerGrpc 667c917f-69b1-4d24-81e9-af1370db70ff is started using port 46649
2019-09-18 11:47:42,881 [Datanode State Machine Thread - 0] INFO  ozoneimpl.OzoneContainer (OzoneContainer.java:start(217)) - Attempting to start container services.
2019-09-18 11:47:42,881 [Datanode State Machine Thread - 0] INFO  ozoneimpl.OzoneContainer (OzoneContainer.java:startContainerScrub(179)) - Background container scanner has been disabled.
2019-09-18 11:47:42,881 [Datanode State Machine Thread - 0] INFO  ratis.XceiverServerRatis (XceiverServerRatis.java:start(411)) - Starting XceiverServerRatis 80b2273a-a181-40f7-a59c-f9bb72e1a4d3 at port 0
2019-09-18 11:47:42,889 [Datanode State Machine Thread - 0] INFO  impl.RaftServerProxy (RaftServerProxy.java:lambda$start$3(299)) - 80b2273a-a181-40f7-a59c-f9bb72e1a4d3: start RPC server
2019-09-18 11:47:42,889 [Datanode State Machine Thread - 0] INFO  server.GrpcService (GrpcService.java:startImpl(158)) - 80b2273a-a181-40f7-a59c-f9bb72e1a4d3: GrpcService started, listening on 0.0.0.0/0.0.0.0:43451
2019-09-18 11:47:42,889 [Datanode State Machine Thread - 0] INFO  ratis.XceiverServerRatis (XceiverServerRatis.java:start(421)) - XceiverServerRatis 80b2273a-a181-40f7-a59c-f9bb72e1a4d3 is started using port 43451
2019-09-18 11:47:42,891 [Datanode State Machine Thread - 0] INFO  server.XceiverServerGrpc (XceiverServerGrpc.java:start(163)) - XceiverServerGrpc 80b2273a-a181-40f7-a59c-f9bb72e1a4d3 is started using port 41050
2019-09-18 11:47:42,981 [Datanode State Machine Thread - 0] INFO  ozoneimpl.OzoneContainer (OzoneContainer.java:start(217)) - Attempting to start container services.
2019-09-18 11:47:42,981 [Datanode State Machine Thread - 0] INFO  ozoneimpl.OzoneContainer (OzoneContainer.java:startContainerScrub(179)) - Background container scanner has been disabled.
2019-09-18 11:47:42,982 [Datanode State Machine Thread - 0] INFO  ratis.XceiverServerRatis (XceiverServerRatis.java:start(411)) - Starting XceiverServerRatis aca8c137-275c-4bd4-a93f-b0c09a946b6e at port 0
2019-09-18 11:47:42,989 [Datanode State Machine Thread - 0] INFO  impl.RaftServerProxy (RaftServerProxy.java:lambda$start$3(299)) - aca8c137-275c-4bd4-a93f-b0c09a946b6e: start RPC server
2019-09-18 11:47:42,991 [Datanode State Machine Thread - 0] INFO  server.GrpcService (GrpcService.java:startImpl(158)) - aca8c137-275c-4bd4-a93f-b0c09a946b6e: GrpcService started, listening on 0.0.0.0/0.0.0.0:43242
2019-09-18 11:47:42,991 [Datanode State Machine Thread - 0] INFO  ratis.XceiverServerRatis (XceiverServerRatis.java:start(421)) - XceiverServerRatis aca8c137-275c-4bd4-a93f-b0c09a946b6e is started using port 43242
2019-09-18 11:47:42,994 [Datanode State Machine Thread - 0] INFO  server.XceiverServerGrpc (XceiverServerGrpc.java:start(163)) - XceiverServerGrpc aca8c137-275c-4bd4-a93f-b0c09a946b6e is started using port 41138
2019-09-18 11:47:43,090 [Datanode State Machine Thread - 0] INFO  ozoneimpl.OzoneContainer (OzoneContainer.java:start(217)) - Attempting to start container services.
2019-09-18 11:47:43,091 [Datanode State Machine Thread - 0] INFO  ozoneimpl.OzoneContainer (OzoneContainer.java:startContainerScrub(179)) - Background container scanner has been disabled.
2019-09-18 11:47:43,091 [Datanode State Machine Thread - 0] INFO  ratis.XceiverServerRatis (XceiverServerRatis.java:start(411)) - Starting XceiverServerRatis f9eae954-5f21-43ae-88df-c06e8fdb763a at port 0
2019-09-18 11:47:43,097 [Datanode State Machine Thread - 0] INFO  impl.RaftServerProxy (RaftServerProxy.java:lambda$start$3(299)) - f9eae954-5f21-43ae-88df-c06e8fdb763a: start RPC server
2019-09-18 11:47:43,098 [Datanode State Machine Thread - 0] INFO  server.GrpcService (GrpcService.java:startImpl(158)) - f9eae954-5f21-43ae-88df-c06e8fdb763a: GrpcService started, listening on 0.0.0.0/0.0.0.0:45021
2019-09-18 11:47:43,098 [Datanode State Machine Thread - 0] INFO  ratis.XceiverServerRatis (XceiverServerRatis.java:start(421)) - XceiverServerRatis f9eae954-5f21-43ae-88df-c06e8fdb763a is started using port 45021
2019-09-18 11:47:43,098 [Datanode State Machine Thread - 0] INFO  server.XceiverServerGrpc (XceiverServerGrpc.java:start(163)) - XceiverServerGrpc f9eae954-5f21-43ae-88df-c06e8fdb763a is started using port 35625
2019-09-18 11:47:43,150 [Datanode State Machine Thread - 0] INFO  ozoneimpl.OzoneContainer (OzoneContainer.java:start(217)) - Attempting to start container services.
2019-09-18 11:47:43,150 [Datanode State Machine Thread - 0] INFO  ozoneimpl.OzoneContainer (OzoneContainer.java:startContainerScrub(179)) - Background container scanner has been disabled.
2019-09-18 11:47:43,150 [Datanode State Machine Thread - 0] INFO  ratis.XceiverServerRatis (XceiverServerRatis.java:start(411)) - Starting XceiverServerRatis 941b1faa-5cc5-4fbd-82c3-729dc82a122f at port 0
2019-09-18 11:47:43,164 [Datanode State Machine Thread - 0] INFO  impl.RaftServerProxy (RaftServerProxy.java:lambda$start$3(299)) - 941b1faa-5cc5-4fbd-82c3-729dc82a122f: start RPC server
2019-09-18 11:47:43,173 [Datanode State Machine Thread - 0] INFO  server.GrpcService (GrpcService.java:startImpl(158)) - 941b1faa-5cc5-4fbd-82c3-729dc82a122f: GrpcService started, listening on 0.0.0.0/0.0.0.0:45475
2019-09-18 11:47:43,173 [Datanode State Machine Thread - 0] INFO  ratis.XceiverServerRatis (XceiverServerRatis.java:start(421)) - XceiverServerRatis 941b1faa-5cc5-4fbd-82c3-729dc82a122f is started using port 45475
2019-09-18 11:47:43,174 [Datanode State Machine Thread - 0] INFO  server.XceiverServerGrpc (XceiverServerGrpc.java:start(163)) - XceiverServerGrpc 941b1faa-5cc5-4fbd-82c3-729dc82a122f is started using port 38278
2019-09-18 11:47:43,232 [Datanode State Machine Thread - 0] INFO  ozoneimpl.OzoneContainer (OzoneContainer.java:start(217)) - Attempting to start container services.
2019-09-18 11:47:43,232 [Datanode State Machine Thread - 0] INFO  ozoneimpl.OzoneContainer (OzoneContainer.java:startContainerScrub(179)) - Background container scanner has been disabled.
2019-09-18 11:47:43,232 [Datanode State Machine Thread - 0] INFO  ratis.XceiverServerRatis (XceiverServerRatis.java:start(411)) - Starting XceiverServerRatis 7fcf7fc1-aad9-4c98-a442-089598333994 at port 0
2019-09-18 11:47:43,238 [Datanode State Machine Thread - 0] INFO  impl.RaftServerProxy (RaftServerProxy.java:lambda$start$3(299)) - 7fcf7fc1-aad9-4c98-a442-089598333994: start RPC server
2019-09-18 11:47:43,238 [Datanode State Machine Thread - 0] INFO  server.GrpcService (GrpcService.java:startImpl(158)) - 7fcf7fc1-aad9-4c98-a442-089598333994: GrpcService started, listening on 0.0.0.0/0.0.0.0:44987
2019-09-18 11:47:43,239 [Datanode State Machine Thread - 0] INFO  ratis.XceiverServerRatis (XceiverServerRatis.java:start(421)) - XceiverServerRatis 7fcf7fc1-aad9-4c98-a442-089598333994 is started using port 44987
2019-09-18 11:47:43,240 [Datanode State Machine Thread - 0] INFO  server.XceiverServerGrpc (XceiverServerGrpc.java:start(163)) - XceiverServerGrpc 7fcf7fc1-aad9-4c98-a442-089598333994 is started using port 39032
2019-09-18 11:47:43,303 [main] INFO  ozone.MiniOzoneClusterImpl (MiniOzoneClusterImpl.java:lambda$waitForClusterToBeReady$0(145)) - Waiting for cluster to be ready. Got 0 of 7 DN Heartbeats.
2019-09-18 11:47:43,317 [Datanode State Machine Thread - 0] INFO  ozoneimpl.OzoneContainer (OzoneContainer.java:start(217)) - Attempting to start container services.
2019-09-18 11:47:43,317 [Datanode State Machine Thread - 0] INFO  ozoneimpl.OzoneContainer (OzoneContainer.java:startContainerScrub(179)) - Background container scanner has been disabled.
2019-09-18 11:47:43,318 [Datanode State Machine Thread - 0] INFO  ratis.XceiverServerRatis (XceiverServerRatis.java:start(411)) - Starting XceiverServerRatis 43bd4a59-611b-42ac-b803-c7bc77298fb7 at port 0
2019-09-18 11:47:43,323 [Datanode State Machine Thread - 0] INFO  impl.RaftServerProxy (RaftServerProxy.java:lambda$start$3(299)) - 43bd4a59-611b-42ac-b803-c7bc77298fb7: start RPC server
2019-09-18 11:47:43,326 [Datanode State Machine Thread - 0] INFO  server.GrpcService (GrpcService.java:startImpl(158)) - 43bd4a59-611b-42ac-b803-c7bc77298fb7: GrpcService started, listening on 0.0.0.0/0.0.0.0:40697
2019-09-18 11:47:43,326 [Datanode State Machine Thread - 0] INFO  ratis.XceiverServerRatis (XceiverServerRatis.java:start(421)) - XceiverServerRatis 43bd4a59-611b-42ac-b803-c7bc77298fb7 is started using port 40697
2019-09-18 11:47:43,329 [Datanode State Machine Thread - 0] INFO  server.XceiverServerGrpc (XceiverServerGrpc.java:start(163)) - XceiverServerGrpc 43bd4a59-611b-42ac-b803-c7bc77298fb7 is started using port 40012
2019-09-18 11:47:44,303 [main] INFO  ozone.MiniOzoneClusterImpl (MiniOzoneClusterImpl.java:lambda$waitForClusterToBeReady$0(145)) - Waiting for cluster to be ready. Got 0 of 7 DN Heartbeats.
2019-09-18 11:47:44,774 [IPC Server handler 0 on 45967] INFO  net.NetworkTopology (NetworkTopologyImpl.java:add(111)) - Added a new node: /default-rack/667c917f-69b1-4d24-81e9-af1370db70ff
2019-09-18 11:47:44,777 [IPC Server handler 0 on 45967] INFO  node.SCMNodeManager (SCMNodeManager.java:register(266)) - Registered Data node : 667c917f-69b1-4d24-81e9-af1370db70ff{ip: 192.168.157.254, host: pr-hdds-2143-zjsjg-1178913, networkLocation: /default-rack, certSerialId: null}
2019-09-18 11:47:44,778 [EventQueue-NodeRegistrationContainerReportForDataNodeSafeModeRule] INFO  safemode.SCMSafeModeManager (DataNodeSafeModeRule.java:process(71)) - SCM in safe mode. 1 DataNodes registered, 1 required.
2019-09-18 11:47:44,781 [EventQueue-NodeRegistrationContainerReportForDataNodeSafeModeRule] INFO  safemode.SCMSafeModeManager (SCMSafeModeManager.java:validateSafeModeExitRules(177)) - ScmSafeModeManager, all rules are successfully validated
2019-09-18 11:47:44,781 [EventQueue-NodeRegistrationContainerReportForDataNodeSafeModeRule] INFO  safemode.SCMSafeModeManager (SCMSafeModeManager.java:exitSafeMode(193)) - SCM exiting safe mode.
2019-09-18 11:47:44,791 [grpc-default-executor-12] INFO  impl.RaftServerProxy (RaftServerProxy.java:addNew(89)) - 667c917f-69b1-4d24-81e9-af1370db70ff: addNew group-AA49E0BD0A81:[667c917f-69b1-4d24-81e9-af1370db70ff:192.168.157.254:42838] returns group-AA49E0BD0A81:java.util.concurrent.CompletableFuture@636c438a[Not completed]
2019-09-18 11:47:44,792 [pool-409-thread-1] INFO  impl.RaftServerImpl (RaftServerImpl.java:<init>(95)) - 667c917f-69b1-4d24-81e9-af1370db70ff: new RaftServerImpl for group-AA49E0BD0A81:[667c917f-69b1-4d24-81e9-af1370db70ff:192.168.157.254:42838] with ContainerStateMachine:uninitialized
2019-09-18 11:47:44,792 [pool-409-thread-1] INFO  server.RaftServerConfigKeys (ConfUtils.java:logGet(43)) - raft.server.rpc.timeout.min = 5s (custom)
2019-09-18 11:47:44,793 [pool-409-thread-1] INFO  server.RaftServerConfigKeys (ConfUtils.java:logGet(43)) - raft.server.rpc.timeout.max = 5200ms (custom)
2019-09-18 11:47:44,793 [pool-409-thread-1] INFO  server.RaftServerConfigKeys (ConfUtils.java:logGet(43)) - raft.server.rpcslowness.timeout = 120s (custom)
2019-09-18 11:47:44,793 [pool-409-thread-1] INFO  server.RaftServerConfigKeys (ConfUtils.java:logGet(43)) - raft.server.sleep.deviation.threshold = 300 (default)
2019-09-18 11:47:44,793 [pool-409-thread-1] INFO  server.RaftServerConfigKeys (ConfUtils.java:logGet(43)) - raft.server.log.appender.install.snapshot.enabled = false (custom)
2019-09-18 11:47:44,793 [pool-409-thread-1] INFO  impl.RaftServerImpl (ServerState.java:<init>(103)) - 667c917f-69b1-4d24-81e9-af1370db70ff@group-AA49E0BD0A81: ConfigurationManager, init=-1: [667c917f-69b1-4d24-81e9-af1370db70ff:192.168.157.254:42838], old=null, confs=<EMPTY_MAP>
2019-09-18 11:47:44,793 [pool-409-thread-1] INFO  server.RaftServerConfigKeys (ConfUtils.java:logGet(43)) - raft.server.storage.dir = [/workdir/hadoop-ozone/integration-test/target/test-dir/MiniOzoneClusterImpl-29a1df15-cd37-4e65-a38b-6e93fe944b41/datanode-0/data/ratis] (custom)
2019-09-18 11:47:44,794 [pool-409-thread-1] INFO  storage.RaftStorageDirectory (RaftStorageDirectory.java:analyzeStorage(246)) - The storage directory /workdir/hadoop-ozone/integration-test/target/test-dir/MiniOzoneClusterImpl-29a1df15-cd37-4e65-a38b-6e93fe944b41/datanode-0/data/ratis/024b6f03-91f4-4f50-92cc-aa49e0bd0a81 does not exist. Creating ...
2019-09-18 11:47:44,819 [pool-409-thread-1] INFO  storage.RaftStorageDirectory (RaftStorageDirectory.java:tryLock(328)) - Lock on /workdir/hadoop-ozone/integration-test/target/test-dir/MiniOzoneClusterImpl-29a1df15-cd37-4e65-a38b-6e93fe944b41/datanode-0/data/ratis/024b6f03-91f4-4f50-92cc-aa49e0bd0a81/in_use.lock acquired by nodename 5611@pr-hdds-2143-zjsjg-1178913
2019-09-18 11:47:44,832 [pool-409-thread-1] INFO  storage.RaftStorage (RaftStorage.java:format(72)) - Storage directory /workdir/hadoop-ozone/integration-test/target/test-dir/MiniOzoneClusterImpl-29a1df15-cd37-4e65-a38b-6e93fe944b41/datanode-0/data/ratis/024b6f03-91f4-4f50-92cc-aa49e0bd0a81 has been successfully formatted.
2019-09-18 11:47:44,832 [pool-409-thread-1] INFO  ratis.ContainerStateMachine (ContainerStateMachine.java:loadSnapshot(230)) - group-AA49E0BD0A81: The snapshot info is null. Setting the last applied indexto:(t:0, i:~)
2019-09-18 11:47:44,832 [pool-409-thread-1] INFO  server.RaftServerConfigKeys (ConfUtils.java:logGet(43)) - raft.server.notification.no-leader.timeout = 120s (custom)
2019-09-18 11:47:44,832 [pool-409-thread-1] INFO  server.RaftServerConfigKeys (ConfUtils.java:logGet(43)) - raft.server.log.use.memory = false (default)
2019-09-18 11:47:44,833 [pool-409-thread-1] INFO  server.RaftServerConfigKeys (ConfUtils.java:logGet(43)) - raft.server.log.purge.gap = 1000000 (custom)
2019-09-18 11:47:44,833 [pool-409-thread-1] INFO  server.RaftServerConfigKeys (ConfUtils.java:logGet(43)) - raft.server.log.appender.buffer.byte-limit = 33554432 (custom)
2019-09-18 11:47:44,833 [pool-409-thread-1] INFO  server.RaftServerConfigKeys (ConfUtils.java:logGet(43)) - raft.server.log.segment.size.max = 1048576 (custom)
2019-09-18 11:47:44,833 [pool-409-thread-1] INFO  server.RaftServerConfigKeys (ConfUtils.java:logGet(43)) - raft.server.log.segment.cache.num.max = 2 (custom)
2019-09-18 11:47:44,833 [pool-409-thread-1] INFO  segmented.SegmentedRaftLogWorker (SegmentedRaftLogWorker.java:<init>(172)) - new 667c917f-69b1-4d24-81e9-af1370db70ff@group-AA49E0BD0A81-SegmentedRaftLogWorker for RaftStorage:Storage Directory /workdir/hadoop-ozone/integration-test/target/test-dir/MiniOzoneClusterImpl-29a1df15-cd37-4e65-a38b-6e93fe944b41/datanode-0/data/ratis/024b6f03-91f4-4f50-92cc-aa49e0bd0a81
2019-09-18 11:47:44,835 [pool-409-thread-1] INFO  server.RaftServerConfigKeys (ConfUtils.java:logGet(43)) - raft.server.log.queue.byte-limit = 2147483647 (custom)
2019-09-18 11:47:44,835 [pool-409-thread-1] INFO  server.RaftServerConfigKeys (ConfUtils.java:logGet(43)) - raft.server.log.queue.element-limit = 1024 (custom)
2019-09-18 11:47:44,835 [pool-409-thread-1] INFO  server.RaftServerConfigKeys (ConfUtils.java:logGet(43)) - raft.server.log.segment.size.max = 1048576 (custom)
2019-09-18 11:47:44,835 [pool-409-thread-1] INFO  server.RaftServerConfigKeys (ConfUtils.java:logGet(43)) - raft.server.log.preallocated.size = 16384 (custom)
2019-09-18 11:47:44,836 [pool-409-thread-1] INFO  server.RaftServerConfigKeys (ConfUtils.java:logGet(43)) - raft.server.log.write.buffer.size = 33554432 (custom)
2019-09-18 11:47:44,836 [pool-409-thread-1] INFO  server.RaftServerConfigKeys (ConfUtils.java:logGet(43)) - raft.server.log.force.sync.num = 128 (default)
2019-09-18 11:47:44,836 [pool-409-thread-1] INFO  server.RaftServerConfigKeys (ConfUtils.java:logGet(43)) - raft.server.log.statemachine.data.sync = true (default)
2019-09-18 11:47:44,836 [pool-409-thread-1] INFO  server.RaftServerConfigKeys (ConfUtils.java:logGet(43)) - raft.server.log.statemachine.data.sync.timeout = 10s (default)
2019-09-18 11:47:44,836 [pool-409-thread-1] INFO  server.RaftServerConfigKeys (ConfUtils.java:logGet(43)) - raft.server.log.statemachine.data.sync.timeout.retry = -1 (default)
2019-09-18 11:47:44,836 [pool-409-thread-1] INFO  server.RaftServerConfigKeys (ConfUtils.java:logGet(43)) - raft.server.log.statemachine.data.caching.enabled = true (custom)
2019-09-18 11:47:44,837 [pool-409-thread-1] INFO  segmented.SegmentedRaftLogWorker (SegmentedRaftLogWorker.java:lambda$new$0(132)) - 667c917f-69b1-4d24-81e9-af1370db70ff@group-AA49E0BD0A81-SegmentedRaftLogWorker: flushIndex: setUnconditionally 0 -> -1
2019-09-18 11:47:44,837 [pool-409-thread-1] INFO  server.RaftServerConfigKeys (ConfUtils.java:logGet(43)) - raft.server.snapshot.auto.trigger.enabled = true (custom)
2019-09-18 11:47:44,837 [pool-409-thread-1] INFO  server.RaftServerConfigKeys (ConfUtils.java:logGet(43)) - raft.server.snapshot.auto.trigger.threshold = 10000 (custom)
2019-09-18 11:47:44,837 [pool-409-thread-1] INFO  server.RaftServerConfigKeys (ConfUtils.java:logGet(43)) - raft.server.snapshot.retention.num.files = 5 (custom)
2019-09-18 11:47:44,838 [pool-409-thread-1] INFO  server.RaftServerConfigKeys (ConfUtils.java:logGet(43)) - raft.server.retrycache.expirytime = 600000ms (custom)
2019-09-18 11:47:44,839 [pool-409-thread-1] INFO  impl.RaftServerImpl (RaftServerImpl.java:start(185)) - 667c917f-69b1-4d24-81e9-af1370db70ff@group-AA49E0BD0A81: start as a follower, conf=-1: [667c917f-69b1-4d24-81e9-af1370db70ff:192.168.157.254:42838], old=null
2019-09-18 11:47:44,839 [pool-409-thread-1] INFO  impl.RaftServerImpl (RaftServerImpl.java:setRole(174)) - 667c917f-69b1-4d24-81e9-af1370db70ff@group-AA49E0BD0A81: changes role from      null to FOLLOWER at term 0 for startAsFollower
2019-09-18 11:47:44,840 [pool-409-thread-1] INFO  impl.RoleInfo (RoleInfo.java:updateAndGet(143)) - 667c917f-69b1-4d24-81e9-af1370db70ff: start FollowerState
2019-09-18 11:47:44,840 [pool-409-thread-1] INFO  util.JmxRegister (JmxRegister.java:tryRegister(44)) - Successfully registered JMX Bean with object name Ratis:service=RaftServer,group=group-AA49E0BD0A81,id=667c917f-69b1-4d24-81e9-af1370db70ff
2019-09-18 11:47:44,846 [RatisPipelineUtilsThread] INFO  pipeline.PipelineStateManager (PipelineStateManager.java:addPipeline(56)) - Created pipeline Pipeline[ Id: 024b6f03-91f4-4f50-92cc-aa49e0bd0a81, Nodes: 667c917f-69b1-4d24-81e9-af1370db70ff{ip: 192.168.157.254, host: pr-hdds-2143-zjsjg-1178913, networkLocation: /default-rack, certSerialId: null}, Type:RATIS, Factor:ONE, State:OPEN]
2019-09-18 11:47:44,866 [IPC Server handler 1 on 45967] INFO  net.NetworkTopology (NetworkTopologyImpl.java:add(111)) - Added a new node: /default-rack/80b2273a-a181-40f7-a59c-f9bb72e1a4d3
2019-09-18 11:47:44,866 [IPC Server handler 1 on 45967] INFO  node.SCMNodeManager (SCMNodeManager.java:register(266)) - Registered Data node : 80b2273a-a181-40f7-a59c-f9bb72e1a4d3{ip: 192.168.157.254, host: pr-hdds-2143-zjsjg-1178913, networkLocation: /default-rack, certSerialId: null}
2019-09-18 11:47:44,873 [grpc-default-executor-12] INFO  impl.RaftServerProxy (RaftServerProxy.java:addNew(89)) - 80b2273a-a181-40f7-a59c-f9bb72e1a4d3: addNew group-2636724CF928:[80b2273a-a181-40f7-a59c-f9bb72e1a4d3:192.168.157.254:43451] returns group-2636724CF928:java.util.concurrent.CompletableFuture@530a037[Not completed]
2019-09-18 11:47:44,874 [pool-419-thread-1] INFO  impl.RaftServerImpl (RaftServerImpl.java:<init>(95)) - 80b2273a-a181-40f7-a59c-f9bb72e1a4d3: new RaftServerImpl for group-2636724CF928:[80b2273a-a181-40f7-a59c-f9bb72e1a4d3:192.168.157.254:43451] with ContainerStateMachine:uninitialized
2019-09-18 11:47:44,874 [pool-419-thread-1] INFO  server.RaftServerConfigKeys (ConfUtils.java:logGet(43)) - raft.server.rpc.timeout.min = 5s (custom)
2019-09-18 11:47:44,874 [pool-419-thread-1] INFO  server.RaftServerConfigKeys (ConfUtils.java:logGet(43)) - raft.server.rpc.timeout.max = 5200ms (custom)
2019-09-18 11:47:44,874 [pool-419-thread-1] INFO  server.RaftServerConfigKeys (ConfUtils.java:logGet(43)) - raft.server.rpcslowness.timeout = 120s (custom)
2019-09-18 11:47:44,874 [pool-419-thread-1] INFO  server.RaftServerConfigKeys (ConfUtils.java:logGet(43)) - raft.server.sleep.deviation.threshold = 300 (default)
2019-09-18 11:47:44,875 [pool-419-thread-1] INFO  server.RaftServerConfigKeys (ConfUtils.java:logGet(43)) - raft.server.log.appender.install.snapshot.enabled = false (custom)
2019-09-18 11:47:44,875 [pool-419-thread-1] INFO  impl.RaftServerImpl (ServerState.java:<init>(103)) - 80b2273a-a181-40f7-a59c-f9bb72e1a4d3@group-2636724CF928: ConfigurationManager, init=-1: [80b2273a-a181-40f7-a59c-f9bb72e1a4d3:192.168.157.254:43451], old=null, confs=<EMPTY_MAP>
2019-09-18 11:47:44,875 [pool-419-thread-1] INFO  server.RaftServerConfigKeys (ConfUtils.java:logGet(43)) - raft.server.storage.dir = [/workdir/hadoop-ozone/integration-test/target/test-dir/MiniOzoneClusterImpl-29a1df15-cd37-4e65-a38b-6e93fe944b41/datanode-1/data/ratis] (custom)
2019-09-18 11:47:44,875 [pool-419-thread-1] INFO  storage.RaftStorageDirectory (RaftStorageDirectory.java:analyzeStorage(246)) - The storage directory /workdir/hadoop-ozone/integration-test/target/test-dir/MiniOzoneClusterImpl-29a1df15-cd37-4e65-a38b-6e93fe944b41/datanode-1/data/ratis/674ec718-ea81-4507-aa71-2636724cf928 does not exist. Creating ...
2019-09-18 11:47:44,888 [pool-419-thread-1] INFO  storage.RaftStorageDirectory (RaftStorageDirectory.java:tryLock(328)) - Lock on /workdir/hadoop-ozone/integration-test/target/test-dir/MiniOzoneClusterImpl-29a1df15-cd37-4e65-a38b-6e93fe944b41/datanode-1/data/ratis/674ec718-ea81-4507-aa71-2636724cf928/in_use.lock acquired by nodename 5611@pr-hdds-2143-zjsjg-1178913
2019-09-18 11:47:44,901 [pool-419-thread-1] INFO  storage.RaftStorage (RaftStorage.java:format(72)) - Storage directory /workdir/hadoop-ozone/integration-test/target/test-dir/MiniOzoneClusterImpl-29a1df15-cd37-4e65-a38b-6e93fe944b41/datanode-1/data/ratis/674ec718-ea81-4507-aa71-2636724cf928 has been successfully formatted.
2019-09-18 11:47:44,901 [pool-419-thread-1] INFO  ratis.ContainerStateMachine (ContainerStateMachine.java:loadSnapshot(230)) - group-2636724CF928: The snapshot info is null. Setting the last applied indexto:(t:0, i:~)
2019-09-18 11:47:44,901 [pool-419-thread-1] INFO  server.RaftServerConfigKeys (ConfUtils.java:logGet(43)) - raft.server.notification.no-leader.timeout = 120s (custom)
2019-09-18 11:47:44,901 [pool-419-thread-1] INFO  server.RaftServerConfigKeys (ConfUtils.java:logGet(43)) - raft.server.log.use.memory = false (default)
2019-09-18 11:47:44,901 [pool-419-thread-1] INFO  server.RaftServerConfigKeys (ConfUtils.java:logGet(43)) - raft.server.log.purge.gap = 1000000 (custom)
2019-09-18 11:47:44,902 [pool-419-thread-1] INFO  server.RaftServerConfigKeys (ConfUtils.java:logGet(43)) - raft.server.log.appender.buffer.byte-limit = 33554432 (custom)
2019-09-18 11:47:44,902 [pool-419-thread-1] INFO  server.RaftServerConfigKeys (ConfUtils.java:logGet(43)) - raft.server.log.segment.size.max = 1048576 (custom)
2019-09-18 11:47:44,902 [pool-419-thread-1] INFO  server.RaftServerConfigKeys (ConfUtils.java:logGet(43)) - raft.server.log.segment.cache.num.max = 2 (custom)
2019-09-18 11:47:44,902 [pool-419-thread-1] INFO  segmented.SegmentedRaftLogWorker (SegmentedRaftLogWorker.java:<init>(172)) - new 80b2273a-a181-40f7-a59c-f9bb72e1a4d3@group-2636724CF928-SegmentedRaftLogWorker for RaftStorage:Storage Directory /workdir/hadoop-ozone/integration-test/target/test-dir/MiniOzoneClusterImpl-29a1df15-cd37-4e65-a38b-6e93fe944b41/datanode-1/data/ratis/674ec718-ea81-4507-aa71-2636724cf928
2019-09-18 11:47:44,903 [pool-419-thread-1] INFO  server.RaftServerConfigKeys (ConfUtils.java:logGet(43)) - raft.server.log.queue.byte-limit = 2147483647 (custom)
2019-09-18 11:47:44,903 [pool-419-thread-1] INFO  server.RaftServerConfigKeys (ConfUtils.java:logGet(43)) - raft.server.log.queue.element-limit = 1024 (custom)
2019-09-18 11:47:44,903 [pool-419-thread-1] INFO  server.RaftServerConfigKeys (ConfUtils.java:logGet(43)) - raft.server.log.segment.size.max = 1048576 (custom)
2019-09-18 11:47:44,904 [pool-419-thread-1] INFO  server.RaftServerConfigKeys (ConfUtils.java:logGet(43)) - raft.server.log.preallocated.size = 16384 (custom)
2019-09-18 11:47:44,904 [pool-419-thread-1] INFO  server.RaftServerConfigKeys (ConfUtils.java:logGet(43)) - raft.server.log.write.buffer.size = 33554432 (custom)
2019-09-18 11:47:44,904 [pool-419-thread-1] INFO  server.RaftServerConfigKeys (ConfUtils.java:logGet(43)) - raft.server.log.force.sync.num = 128 (default)
2019-09-18 11:47:44,904 [pool-419-thread-1] INFO  server.RaftServerConfigKeys (ConfUtils.java:logGet(43)) - raft.server.log.statemachine.data.sync = true (default)
2019-09-18 11:47:44,904 [pool-419-thread-1] INFO  server.RaftServerConfigKeys (ConfUtils.java:logGet(43)) - raft.server.log.statemachine.data.sync.timeout = 10s (default)
2019-09-18 11:47:44,904 [pool-419-thread-1] INFO  server.RaftServerConfigKeys (ConfUtils.java:logGet(43)) - raft.server.log.statemachine.data.sync.timeout.retry = -1 (default)
2019-09-18 11:47:44,904 [pool-419-thread-1] INFO  server.RaftServerConfigKeys (ConfUtils.java:logGet(43)) - raft.server.log.statemachine.data.caching.enabled = true (custom)
2019-09-18 11:47:44,905 [pool-419-thread-1] INFO  segmented.SegmentedRaftLogWorker (SegmentedRaftLogWorker.java:lambda$new$0(132)) - 80b2273a-a181-40f7-a59c-f9bb72e1a4d3@group-2636724CF928-SegmentedRaftLogWorker: flushIndex: setUnconditionally 0 -> -1
2019-09-18 11:47:44,905 [pool-419-thread-1] INFO  server.RaftServerConfigKeys (ConfUtils.java:logGet(43)) - raft.server.snapshot.auto.trigger.enabled = true (custom)
2019-09-18 11:47:44,905 [pool-419-thread-1] INFO  server.RaftServerConfigKeys (ConfUtils.java:logGet(43)) - raft.server.snapshot.auto.trigger.threshold = 10000 (custom)
2019-09-18 11:47:44,905 [pool-419-thread-1] INFO  server.RaftServerConfigKeys (ConfUtils.java:logGet(43)) - raft.server.snapshot.retention.num.files = 5 (custom)
2019-09-18 11:47:44,905 [pool-419-thread-1] INFO  server.RaftServerConfigKeys (ConfUtils.java:logGet(43)) - raft.server.retrycache.expirytime = 600000ms (custom)
2019-09-18 11:47:44,906 [pool-419-thread-1] INFO  impl.RaftServerImpl (RaftServerImpl.java:start(185)) - 80b2273a-a181-40f7-a59c-f9bb72e1a4d3@group-2636724CF928: start as a follower, conf=-1: [80b2273a-a181-40f7-a59c-f9bb72e1a4d3:192.168.157.254:43451], old=null
2019-09-18 11:47:44,907 [pool-419-thread-1] INFO  impl.RaftServerImpl (RaftServerImpl.java:setRole(174)) - 80b2273a-a181-40f7-a59c-f9bb72e1a4d3@group-2636724CF928: changes role from      null to FOLLOWER at term 0 for startAsFollower
2019-09-18 11:47:44,907 [pool-419-thread-1] INFO  impl.RoleInfo (RoleInfo.java:updateAndGet(143)) - 80b2273a-a181-40f7-a59c-f9bb72e1a4d3: start FollowerState
2019-09-18 11:47:44,907 [pool-419-thread-1] INFO  util.JmxRegister (JmxRegister.java:tryRegister(44)) - Successfully registered JMX Bean with object name Ratis:service=RaftServer,group=group-2636724CF928,id=80b2273a-a181-40f7-a59c-f9bb72e1a4d3
2019-09-18 11:47:44,968 [IPC Server handler 4 on 45967] INFO  net.NetworkTopology (NetworkTopologyImpl.java:add(111)) - Added a new node: /default-rack/aca8c137-275c-4bd4-a93f-b0c09a946b6e
2019-09-18 11:47:44,968 [IPC Server handler 4 on 45967] INFO  node.SCMNodeManager (SCMNodeManager.java:register(266)) - Registered Data node : aca8c137-275c-4bd4-a93f-b0c09a946b6e{ip: 192.168.157.254, host: pr-hdds-2143-zjsjg-1178913, networkLocation: /default-rack, certSerialId: null}
2019-09-18 11:47:44,980 [RatisPipelineUtilsThread] INFO  pipeline.PipelineStateManager (PipelineStateManager.java:addPipeline(56)) - Created pipeline Pipeline[ Id: 674ec718-ea81-4507-aa71-2636724cf928, Nodes: 80b2273a-a181-40f7-a59c-f9bb72e1a4d3{ip: 192.168.157.254, host: pr-hdds-2143-zjsjg-1178913, networkLocation: /default-rack, certSerialId: null}, Type:RATIS, Factor:ONE, State:OPEN]
2019-09-18 11:47:44,990 [grpc-default-executor-12] INFO  impl.RaftServerProxy (RaftServerProxy.java:addNew(89)) - aca8c137-275c-4bd4-a93f-b0c09a946b6e: addNew group-FB9407BFF2CA:[aca8c137-275c-4bd4-a93f-b0c09a946b6e:192.168.157.254:43242] returns group-FB9407BFF2CA:java.util.concurrent.CompletableFuture@282fd3da[Not completed]
2019-09-18 11:47:44,991 [pool-429-thread-1] INFO  impl.RaftServerImpl (RaftServerImpl.java:<init>(95)) - aca8c137-275c-4bd4-a93f-b0c09a946b6e: new RaftServerImpl for group-FB9407BFF2CA:[aca8c137-275c-4bd4-a93f-b0c09a946b6e:192.168.157.254:43242] with ContainerStateMachine:uninitialized
2019-09-18 11:47:44,991 [pool-429-thread-1] INFO  server.RaftServerConfigKeys (ConfUtils.java:logGet(43)) - raft.server.rpc.timeout.min = 5s (custom)
2019-09-18 11:47:44,991 [pool-429-thread-1] INFO  server.RaftServerConfigKeys (ConfUtils.java:logGet(43)) - raft.server.rpc.timeout.max = 5200ms (custom)
2019-09-18 11:47:44,991 [pool-429-thread-1] INFO  server.RaftServerConfigKeys (ConfUtils.java:logGet(43)) - raft.server.rpcslowness.timeout = 120s (custom)
2019-09-18 11:47:44,991 [pool-429-thread-1] INFO  server.RaftServerConfigKeys (ConfUtils.java:logGet(43)) - raft.server.sleep.deviation.threshold = 300 (default)
2019-09-18 11:47:44,991 [pool-429-thread-1] INFO  server.RaftServerConfigKeys (ConfUtils.java:logGet(43)) - raft.server.log.appender.install.snapshot.enabled = false (custom)
2019-09-18 11:47:44,991 [pool-429-thread-1] INFO  impl.RaftServerImpl (ServerState.java:<init>(103)) - aca8c137-275c-4bd4-a93f-b0c09a946b6e@group-FB9407BFF2CA: ConfigurationManager, init=-1: [aca8c137-275c-4bd4-a93f-b0c09a946b6e:192.168.157.254:43242], old=null, confs=<EMPTY_MAP>
2019-09-18 11:47:44,992 [pool-429-thread-1] INFO  server.RaftServerConfigKeys (ConfUtils.java:logGet(43)) - raft.server.storage.dir = [/workdir/hadoop-ozone/integration-test/target/test-dir/MiniOzoneClusterImpl-29a1df15-cd37-4e65-a38b-6e93fe944b41/datanode-2/data/ratis] (custom)
2019-09-18 11:47:44,992 [pool-429-thread-1] INFO  storage.RaftStorageDirectory (RaftStorageDirectory.java:analyzeStorage(246)) - The storage directory /workdir/hadoop-ozone/integration-test/target/test-dir/MiniOzoneClusterImpl-29a1df15-cd37-4e65-a38b-6e93fe944b41/datanode-2/data/ratis/edf17cfb-6eca-4d07-aab9-fb9407bff2ca does not exist. Creating ...
2019-09-18 11:47:45,069 [IPC Server handler 2 on 45967] INFO  net.NetworkTopology (NetworkTopologyImpl.java:add(111)) - Added a new node: /default-rack/f9eae954-5f21-43ae-88df-c06e8fdb763a
2019-09-18 11:47:45,069 [IPC Server handler 2 on 45967] INFO  node.SCMNodeManager (SCMNodeManager.java:register(266)) - Registered Data node : f9eae954-5f21-43ae-88df-c06e8fdb763a{ip: 192.168.157.254, host: pr-hdds-2143-zjsjg-1178913, networkLocation: /default-rack, certSerialId: null}
2019-09-18 11:47:45,136 [IPC Server handler 3 on 45967] INFO  net.NetworkTopology (NetworkTopologyImpl.java:add(111)) - Added a new node: /default-rack/941b1faa-5cc5-4fbd-82c3-729dc82a122f
2019-09-18 11:47:45,136 [IPC Server handler 3 on 45967] INFO  node.SCMNodeManager (SCMNodeManager.java:register(266)) - Registered Data node : 941b1faa-5cc5-4fbd-82c3-729dc82a122f{ip: 192.168.157.254, host: pr-hdds-2143-zjsjg-1178913, networkLocation: /default-rack, certSerialId: null}
2019-09-18 11:47:45,219 [IPC Server handler 6 on 45967] INFO  net.NetworkTopology (NetworkTopologyImpl.java:add(111)) - Added a new node: /default-rack/7fcf7fc1-aad9-4c98-a442-089598333994
2019-09-18 11:47:45,219 [IPC Server handler 6 on 45967] INFO  node.SCMNodeManager (SCMNodeManager.java:register(266)) - Registered Data node : 7fcf7fc1-aad9-4c98-a442-089598333994{ip: 192.168.157.254, host: pr-hdds-2143-zjsjg-1178913, networkLocation: /default-rack, certSerialId: null}
2019-09-18 11:47:45,304 [main] INFO  ozone.MiniOzoneClusterImpl (MiniOzoneClusterImpl.java:lambda$waitForClusterToBeReady$0(145)) - Waiting for cluster to be ready. Got 6 of 7 DN Heartbeats.
2019-09-18 11:47:45,304 [IPC Server handler 7 on 45967] INFO  net.NetworkTopology (NetworkTopologyImpl.java:add(111)) - Added a new node: /default-rack/43bd4a59-611b-42ac-b803-c7bc77298fb7
2019-09-18 11:47:45,305 [IPC Server handler 7 on 45967] INFO  node.SCMNodeManager (SCMNodeManager.java:register(266)) - Registered Data node : 43bd4a59-611b-42ac-b803-c7bc77298fb7{ip: 192.168.157.254, host: pr-hdds-2143-zjsjg-1178913, networkLocation: /default-rack, certSerialId: null}
2019-09-18 11:47:45,601 [pool-429-thread-1] INFO  storage.RaftStorageDirectory (RaftStorageDirectory.java:tryLock(328)) - Lock on /workdir/hadoop-ozone/integration-test/target/test-dir/MiniOzoneClusterImpl-29a1df15-cd37-4e65-a38b-6e93fe944b41/datanode-2/data/ratis/edf17cfb-6eca-4d07-aab9-fb9407bff2ca/in_use.lock acquired by nodename 5611@pr-hdds-2143-zjsjg-1178913
2019-09-18 11:47:45,614 [pool-429-thread-1] INFO  storage.RaftStorage (RaftStorage.java:format(72)) - Storage directory /workdir/hadoop-ozone/integration-test/target/test-dir/MiniOzoneClusterImpl-29a1df15-cd37-4e65-a38b-6e93fe944b41/datanode-2/data/ratis/edf17cfb-6eca-4d07-aab9-fb9407bff2ca has been successfully formatted.
2019-09-18 11:47:45,614 [pool-429-thread-1] INFO  ratis.ContainerStateMachine (ContainerStateMachine.java:loadSnapshot(230)) - group-FB9407BFF2CA: The snapshot info is null. Setting the last applied indexto:(t:0, i:~)
2019-09-18 11:47:45,614 [pool-429-thread-1] INFO  server.RaftServerConfigKeys (ConfUtils.java:logGet(43)) - raft.server.notification.no-leader.timeout = 120s (custom)
2019-09-18 11:47:45,614 [pool-429-thread-1] INFO  server.RaftServerConfigKeys (ConfUtils.java:logGet(43)) - raft.server.log.use.memory = false (default)
2019-09-18 11:47:45,615 [pool-429-thread-1] INFO  server.RaftServerConfigKeys (ConfUtils.java:logGet(43)) - raft.server.log.purge.gap = 1000000 (custom)
2019-09-18 11:47:45,615 [pool-429-thread-1] INFO  server.RaftServerConfigKeys (ConfUtils.java:logGet(43)) - raft.server.log.appender.buffer.byte-limit = 33554432 (custom)
2019-09-18 11:47:45,615 [pool-429-thread-1] INFO  server.RaftServerConfigKeys (ConfUtils.java:logGet(43)) - raft.server.log.segment.size.max = 1048576 (custom)
2019-09-18 11:47:45,615 [pool-429-thread-1] INFO  server.RaftServerConfigKeys (ConfUtils.java:logGet(43)) - raft.server.log.segment.cache.num.max = 2 (custom)
2019-09-18 11:47:45,615 [pool-429-thread-1] INFO  segmented.SegmentedRaftLogWorker (SegmentedRaftLogWorker.java:<init>(172)) - new aca8c137-275c-4bd4-a93f-b0c09a946b6e@group-FB9407BFF2CA-SegmentedRaftLogWorker for RaftStorage:Storage Directory /workdir/hadoop-ozone/integration-test/target/test-dir/MiniOzoneClusterImpl-29a1df15-cd37-4e65-a38b-6e93fe944b41/datanode-2/data/ratis/edf17cfb-6eca-4d07-aab9-fb9407bff2ca
2019-09-18 11:47:45,617 [pool-429-thread-1] INFO  server.RaftServerConfigKeys (ConfUtils.java:logGet(43)) - raft.server.log.queue.byte-limit = 2147483647 (custom)
2019-09-18 11:47:45,617 [pool-429-thread-1] INFO  server.RaftServerConfigKeys (ConfUtils.java:logGet(43)) - raft.server.log.queue.element-limit = 1024 (custom)
2019-09-18 11:47:45,617 [pool-429-thread-1] INFO  server.RaftServerConfigKeys (ConfUtils.java:logGet(43)) - raft.server.log.segment.size.max = 1048576 (custom)
2019-09-18 11:47:45,617 [pool-429-thread-1] INFO  server.RaftServerConfigKeys (ConfUtils.java:logGet(43)) - raft.server.log.preallocated.size = 16384 (custom)
2019-09-18 11:47:45,617 [pool-429-thread-1] INFO  server.RaftServerConfigKeys (ConfUtils.java:logGet(43)) - raft.server.log.write.buffer.size = 33554432 (custom)
2019-09-18 11:47:45,618 [pool-429-thread-1] INFO  server.RaftServerConfigKeys (ConfUtils.java:logGet(43)) - raft.server.log.force.sync.num = 128 (default)
2019-09-18 11:47:45,618 [pool-429-thread-1] INFO  server.RaftServerConfigKeys (ConfUtils.java:logGet(43)) - raft.server.log.statemachine.data.sync = true (default)
2019-09-18 11:47:45,618 [pool-429-thread-1] INFO  server.RaftServerConfigKeys (ConfUtils.java:logGet(43)) - raft.server.log.statemachine.data.sync.timeout = 10s (default)
2019-09-18 11:47:45,618 [pool-429-thread-1] INFO  server.RaftServerConfigKeys (ConfUtils.java:logGet(43)) - raft.server.log.statemachine.data.sync.timeout.retry = -1 (default)
2019-09-18 11:47:45,618 [pool-429-thread-1] INFO  server.RaftServerConfigKeys (ConfUtils.java:logGet(43)) - raft.server.log.statemachine.data.caching.enabled = true (custom)
2019-09-18 11:47:45,618 [pool-429-thread-1] INFO  segmented.SegmentedRaftLogWorker (SegmentedRaftLogWorker.java:lambda$new$0(132)) - aca8c137-275c-4bd4-a93f-b0c09a946b6e@group-FB9407BFF2CA-SegmentedRaftLogWorker: flushIndex: setUnconditionally 0 -> -1
2019-09-18 11:47:45,619 [pool-429-thread-1] INFO  server.RaftServerConfigKeys (ConfUtils.java:logGet(43)) - raft.server.snapshot.auto.trigger.enabled = true (custom)
2019-09-18 11:47:45,619 [pool-429-thread-1] INFO  server.RaftServerConfigKeys (ConfUtils.java:logGet(43)) - raft.server.snapshot.auto.trigger.threshold = 10000 (custom)
2019-09-18 11:47:45,619 [pool-429-thread-1] INFO  server.RaftServerConfigKeys (ConfUtils.java:logGet(43)) - raft.server.snapshot.retention.num.files = 5 (custom)
2019-09-18 11:47:45,619 [pool-429-thread-1] INFO  server.RaftServerConfigKeys (ConfUtils.java:logGet(43)) - raft.server.retrycache.expirytime = 600000ms (custom)
2019-09-18 11:47:45,621 [pool-429-thread-1] INFO  impl.RaftServerImpl (RaftServerImpl.java:start(185)) - aca8c137-275c-4bd4-a93f-b0c09a946b6e@group-FB9407BFF2CA: start as a follower, conf=-1: [aca8c137-275c-4bd4-a93f-b0c09a946b6e:192.168.157.254:43242], old=null
2019-09-18 11:47:45,621 [pool-429-thread-1] INFO  impl.RaftServerImpl (RaftServerImpl.java:setRole(174)) - aca8c137-275c-4bd4-a93f-b0c09a946b6e@group-FB9407BFF2CA: changes role from      null to FOLLOWER at term 0 for startAsFollower
2019-09-18 11:47:45,621 [pool-429-thread-1] INFO  impl.RoleInfo (RoleInfo.java:updateAndGet(143)) - aca8c137-275c-4bd4-a93f-b0c09a946b6e: start FollowerState
2019-09-18 11:47:45,621 [pool-429-thread-1] INFO  util.JmxRegister (JmxRegister.java:tryRegister(44)) - Successfully registered JMX Bean with object name Ratis:service=RaftServer,group=group-FB9407BFF2CA,id=aca8c137-275c-4bd4-a93f-b0c09a946b6e
2019-09-18 11:47:45,626 [RatisPipelineUtilsThread] INFO  pipeline.PipelineStateManager (PipelineStateManager.java:addPipeline(56)) - Created pipeline Pipeline[ Id: edf17cfb-6eca-4d07-aab9-fb9407bff2ca, Nodes: aca8c137-275c-4bd4-a93f-b0c09a946b6e{ip: 192.168.157.254, host: pr-hdds-2143-zjsjg-1178913, networkLocation: /default-rack, certSerialId: null}, Type:RATIS, Factor:ONE, State:OPEN]
2019-09-18 11:47:45,649 [grpc-default-executor-12] INFO  impl.RaftServerProxy (RaftServerProxy.java:addNew(89)) - f9eae954-5f21-43ae-88df-c06e8fdb763a: addNew group-DEB3884A09EF:[f9eae954-5f21-43ae-88df-c06e8fdb763a:192.168.157.254:45021] returns group-DEB3884A09EF:java.util.concurrent.CompletableFuture@32104eaa[Not completed]
2019-09-18 11:47:45,650 [pool-439-thread-1] INFO  impl.RaftServerImpl (RaftServerImpl.java:<init>(95)) - f9eae954-5f21-43ae-88df-c06e8fdb763a: new RaftServerImpl for group-DEB3884A09EF:[f9eae954-5f21-43ae-88df-c06e8fdb763a:192.168.157.254:45021] with ContainerStateMachine:uninitialized
2019-09-18 11:47:45,650 [pool-439-thread-1] INFO  server.RaftServerConfigKeys (ConfUtils.java:logGet(43)) - raft.server.rpc.timeout.min = 5s (custom)
2019-09-18 11:47:45,650 [pool-439-thread-1] INFO  server.RaftServerConfigKeys (ConfUtils.java:logGet(43)) - raft.server.rpc.timeout.max = 5200ms (custom)
2019-09-18 11:47:45,650 [pool-439-thread-1] INFO  server.RaftServerConfigKeys (ConfUtils.java:logGet(43)) - raft.server.rpcslowness.timeout = 120s (custom)
2019-09-18 11:47:45,650 [pool-439-thread-1] INFO  server.RaftServerConfigKeys (ConfUtils.java:logGet(43)) - raft.server.sleep.deviation.threshold = 300 (default)
2019-09-18 11:47:45,650 [pool-439-thread-1] INFO  server.RaftServerConfigKeys (ConfUtils.java:logGet(43)) - raft.server.log.appender.install.snapshot.enabled = false (custom)
2019-09-18 11:47:45,651 [pool-439-thread-1] INFO  impl.RaftServerImpl (ServerState.java:<init>(103)) - f9eae954-5f21-43ae-88df-c06e8fdb763a@group-DEB3884A09EF: ConfigurationManager, init=-1: [f9eae954-5f21-43ae-88df-c06e8fdb763a:192.168.157.254:45021], old=null, confs=<EMPTY_MAP>
2019-09-18 11:47:45,651 [pool-439-thread-1] INFO  server.RaftServerConfigKeys (ConfUtils.java:logGet(43)) - raft.server.storage.dir = [/workdir/hadoop-ozone/integration-test/target/test-dir/MiniOzoneClusterImpl-29a1df15-cd37-4e65-a38b-6e93fe944b41/datanode-3/data/ratis] (custom)
2019-09-18 11:47:45,651 [pool-439-thread-1] INFO  storage.RaftStorageDirectory (RaftStorageDirectory.java:analyzeStorage(246)) - The storage directory /workdir/hadoop-ozone/integration-test/target/test-dir/MiniOzoneClusterImpl-29a1df15-cd37-4e65-a38b-6e93fe944b41/datanode-3/data/ratis/acd52a42-3c76-4efb-8b73-deb3884a09ef does not exist. Creating ...
2019-09-18 11:47:45,664 [pool-439-thread-1] INFO  storage.RaftStorageDirectory (RaftStorageDirectory.java:tryLock(328)) - Lock on /workdir/hadoop-ozone/integration-test/target/test-dir/MiniOzoneClusterImpl-29a1df15-cd37-4e65-a38b-6e93fe944b41/datanode-3/data/ratis/acd52a42-3c76-4efb-8b73-deb3884a09ef/in_use.lock acquired by nodename 5611@pr-hdds-2143-zjsjg-1178913
2019-09-18 11:47:45,677 [pool-439-thread-1] INFO  storage.RaftStorage (RaftStorage.java:format(72)) - Storage directory /workdir/hadoop-ozone/integration-test/target/test-dir/MiniOzoneClusterImpl-29a1df15-cd37-4e65-a38b-6e93fe944b41/datanode-3/data/ratis/acd52a42-3c76-4efb-8b73-deb3884a09ef has been successfully formatted.
2019-09-18 11:47:45,677 [pool-439-thread-1] INFO  ratis.ContainerStateMachine (ContainerStateMachine.java:loadSnapshot(230)) - group-DEB3884A09EF: The snapshot info is null. Setting the last applied indexto:(t:0, i:~)
2019-09-18 11:47:45,677 [pool-439-thread-1] INFO  server.RaftServerConfigKeys (ConfUtils.java:logGet(43)) - raft.server.notification.no-leader.timeout = 120s (custom)
2019-09-18 11:47:45,677 [pool-439-thread-1] INFO  server.RaftServerConfigKeys (ConfUtils.java:logGet(43)) - raft.server.log.use.memory = false (default)
2019-09-18 11:47:45,677 [pool-439-thread-1] INFO  server.RaftServerConfigKeys (ConfUtils.java:logGet(43)) - raft.server.log.purge.gap = 1000000 (custom)
2019-09-18 11:47:45,677 [pool-439-thread-1] INFO  server.RaftServerConfigKeys (ConfUtils.java:logGet(43)) - raft.server.log.appender.buffer.byte-limit = 33554432 (custom)
2019-09-18 11:47:45,677 [pool-439-thread-1] INFO  server.RaftServerConfigKeys (ConfUtils.java:logGet(43)) - raft.server.log.segment.size.max = 1048576 (custom)
2019-09-18 11:47:45,678 [pool-439-thread-1] INFO  server.RaftServerConfigKeys (ConfUtils.java:logGet(43)) - raft.server.log.segment.cache.num.max = 2 (custom)
2019-09-18 11:47:45,678 [pool-439-thread-1] INFO  segmented.SegmentedRaftLogWorker (SegmentedRaftLogWorker.java:<init>(172)) - new f9eae954-5f21-43ae-88df-c06e8fdb763a@group-DEB3884A09EF-SegmentedRaftLogWorker for RaftStorage:Storage Directory /workdir/hadoop-ozone/integration-test/target/test-dir/MiniOzoneClusterImpl-29a1df15-cd37-4e65-a38b-6e93fe944b41/datanode-3/data/ratis/acd52a42-3c76-4efb-8b73-deb3884a09ef
2019-09-18 11:47:45,679 [pool-439-thread-1] INFO  server.RaftServerConfigKeys (ConfUtils.java:logGet(43)) - raft.server.log.queue.byte-limit = 2147483647 (custom)
2019-09-18 11:47:45,679 [pool-439-thread-1] INFO  server.RaftServerConfigKeys (ConfUtils.java:logGet(43)) - raft.server.log.queue.element-limit = 1024 (custom)
2019-09-18 11:47:45,680 [pool-439-thread-1] INFO  server.RaftServerConfigKeys (ConfUtils.java:logGet(43)) - raft.server.log.segment.size.max = 1048576 (custom)
2019-09-18 11:47:45,680 [pool-439-thread-1] INFO  server.RaftServerConfigKeys (ConfUtils.java:logGet(43)) - raft.server.log.preallocated.size = 16384 (custom)
2019-09-18 11:47:45,680 [pool-439-thread-1] INFO  server.RaftServerConfigKeys (ConfUtils.java:logGet(43)) - raft.server.log.write.buffer.size = 33554432 (custom)
2019-09-18 11:47:45,680 [pool-439-thread-1] INFO  server.RaftServerConfigKeys (ConfUtils.java:logGet(43)) - raft.server.log.force.sync.num = 128 (default)
2019-09-18 11:47:45,680 [pool-439-thread-1] INFO  server.RaftServerConfigKeys (ConfUtils.java:logGet(43)) - raft.server.log.statemachine.data.sync = true (default)
2019-09-18 11:47:45,680 [pool-439-thread-1] INFO  server.RaftServerConfigKeys (ConfUtils.java:logGet(43)) - raft.server.log.statemachine.data.sync.timeout = 10s (default)
2019-09-18 11:47:45,680 [pool-439-thread-1] INFO  server.RaftServerConfigKeys (ConfUtils.java:logGet(43)) - raft.server.log.statemachine.data.sync.timeout.retry = -1 (default)
2019-09-18 11:47:45,681 [pool-439-thread-1] INFO  server.RaftServerConfigKeys (ConfUtils.java:logGet(43)) - raft.server.log.statemachine.data.caching.enabled = true (custom)
2019-09-18 11:47:45,681 [pool-439-thread-1] INFO  segmented.SegmentedRaftLogWorker (SegmentedRaftLogWorker.java:lambda$new$0(132)) - f9eae954-5f21-43ae-88df-c06e8fdb763a@group-DEB3884A09EF-SegmentedRaftLogWorker: flushIndex: setUnconditionally 0 -> -1
2019-09-18 11:47:45,681 [pool-439-thread-1] INFO  server.RaftServerConfigKeys (ConfUtils.java:logGet(43)) - raft.server.snapshot.auto.trigger.enabled = true (custom)
2019-09-18 11:47:45,681 [pool-439-thread-1] INFO  server.RaftServerConfigKeys (ConfUtils.java:logGet(43)) - raft.server.snapshot.auto.trigger.threshold = 10000 (custom)
2019-09-18 11:47:45,681 [pool-439-thread-1] INFO  server.RaftServerConfigKeys (ConfUtils.java:logGet(43)) - raft.server.snapshot.retention.num.files = 5 (custom)
2019-09-18 11:47:45,681 [pool-439-thread-1] INFO  server.RaftServerConfigKeys (ConfUtils.java:logGet(43)) - raft.server.retrycache.expirytime = 600000ms (custom)
2019-09-18 11:47:45,683 [pool-439-thread-1] INFO  impl.RaftServerImpl (RaftServerImpl.java:start(185)) - f9eae954-5f21-43ae-88df-c06e8fdb763a@group-DEB3884A09EF: start as a follower, conf=-1: [f9eae954-5f21-43ae-88df-c06e8fdb763a:192.168.157.254:45021], old=null
2019-09-18 11:47:45,683 [pool-439-thread-1] INFO  impl.RaftServerImpl (RaftServerImpl.java:setRole(174)) - f9eae954-5f21-43ae-88df-c06e8fdb763a@group-DEB3884A09EF: changes role from      null to FOLLOWER at term 0 for startAsFollower
2019-09-18 11:47:45,683 [pool-439-thread-1] INFO  impl.RoleInfo (RoleInfo.java:updateAndGet(143)) - f9eae954-5f21-43ae-88df-c06e8fdb763a: start FollowerState
2019-09-18 11:47:45,683 [pool-439-thread-1] INFO  util.JmxRegister (JmxRegister.java:tryRegister(44)) - Successfully registered JMX Bean with object name Ratis:service=RaftServer,group=group-DEB3884A09EF,id=f9eae954-5f21-43ae-88df-c06e8fdb763a
2019-09-18 11:47:45,689 [RatisPipelineUtilsThread] INFO  pipeline.PipelineStateManager (PipelineStateManager.java:addPipeline(56)) - Created pipeline Pipeline[ Id: acd52a42-3c76-4efb-8b73-deb3884a09ef, Nodes: f9eae954-5f21-43ae-88df-c06e8fdb763a{ip: 192.168.157.254, host: pr-hdds-2143-zjsjg-1178913, networkLocation: /default-rack, certSerialId: null}, Type:RATIS, Factor:ONE, State:OPEN]
2019-09-18 11:47:45,698 [grpc-default-executor-12] INFO  impl.RaftServerProxy (RaftServerProxy.java:addNew(89)) - 941b1faa-5cc5-4fbd-82c3-729dc82a122f: addNew group-24D408780B77:[941b1faa-5cc5-4fbd-82c3-729dc82a122f:192.168.157.254:45475] returns group-24D408780B77:java.util.concurrent.CompletableFuture@704cd141[Not completed]
2019-09-18 11:47:45,699 [pool-449-thread-1] INFO  impl.RaftServerImpl (RaftServerImpl.java:<init>(95)) - 941b1faa-5cc5-4fbd-82c3-729dc82a122f: new RaftServerImpl for group-24D408780B77:[941b1faa-5cc5-4fbd-82c3-729dc82a122f:192.168.157.254:45475] with ContainerStateMachine:uninitialized
2019-09-18 11:47:45,699 [pool-449-thread-1] INFO  server.RaftServerConfigKeys (ConfUtils.java:logGet(43)) - raft.server.rpc.timeout.min = 5s (custom)
2019-09-18 11:47:45,699 [pool-449-thread-1] INFO  server.RaftServerConfigKeys (ConfUtils.java:logGet(43)) - raft.server.rpc.timeout.max = 5200ms (custom)
2019-09-18 11:47:45,700 [pool-449-thread-1] INFO  server.RaftServerConfigKeys (ConfUtils.java:logGet(43)) - raft.server.rpcslowness.timeout = 120s (custom)
2019-09-18 11:47:45,700 [pool-449-thread-1] INFO  server.RaftServerConfigKeys (ConfUtils.java:logGet(43)) - raft.server.sleep.deviation.threshold = 300 (default)
2019-09-18 11:47:45,700 [pool-449-thread-1] INFO  server.RaftServerConfigKeys (ConfUtils.java:logGet(43)) - raft.server.log.appender.install.snapshot.enabled = false (custom)
2019-09-18 11:47:45,700 [pool-449-thread-1] INFO  impl.RaftServerImpl (ServerState.java:<init>(103)) - 941b1faa-5cc5-4fbd-82c3-729dc82a122f@group-24D408780B77: ConfigurationManager, init=-1: [941b1faa-5cc5-4fbd-82c3-729dc82a122f:192.168.157.254:45475], old=null, confs=<EMPTY_MAP>
2019-09-18 11:47:45,700 [pool-449-thread-1] INFO  server.RaftServerConfigKeys (ConfUtils.java:logGet(43)) - raft.server.storage.dir = [/workdir/hadoop-ozone/integration-test/target/test-dir/MiniOzoneClusterImpl-29a1df15-cd37-4e65-a38b-6e93fe944b41/datanode-4/data/ratis] (custom)
2019-09-18 11:47:45,700 [pool-449-thread-1] INFO  storage.RaftStorageDirectory (RaftStorageDirectory.java:analyzeStorage(246)) - The storage directory /workdir/hadoop-ozone/integration-test/target/test-dir/MiniOzoneClusterImpl-29a1df15-cd37-4e65-a38b-6e93fe944b41/datanode-4/data/ratis/4f1e9ecb-5bdd-458d-a624-24d408780b77 does not exist. Creating ...
2019-09-18 11:47:45,713 [pool-449-thread-1] INFO  storage.RaftStorageDirectory (RaftStorageDirectory.java:tryLock(328)) - Lock on /workdir/hadoop-ozone/integration-test/target/test-dir/MiniOzoneClusterImpl-29a1df15-cd37-4e65-a38b-6e93fe944b41/datanode-4/data/ratis/4f1e9ecb-5bdd-458d-a624-24d408780b77/in_use.lock acquired by nodename 5611@pr-hdds-2143-zjsjg-1178913
2019-09-18 11:47:45,726 [pool-449-thread-1] INFO  storage.RaftStorage (RaftStorage.java:format(72)) - Storage directory /workdir/hadoop-ozone/integration-test/target/test-dir/MiniOzoneClusterImpl-29a1df15-cd37-4e65-a38b-6e93fe944b41/datanode-4/data/ratis/4f1e9ecb-5bdd-458d-a624-24d408780b77 has been successfully formatted.
2019-09-18 11:47:45,726 [pool-449-thread-1] INFO  ratis.ContainerStateMachine (ContainerStateMachine.java:loadSnapshot(230)) - group-24D408780B77: The snapshot info is null. Setting the last applied indexto:(t:0, i:~)
2019-09-18 11:47:45,726 [pool-449-thread-1] INFO  server.RaftServerConfigKeys (ConfUtils.java:logGet(43)) - raft.server.notification.no-leader.timeout = 120s (custom)
2019-09-18 11:47:45,726 [pool-449-thread-1] INFO  server.RaftServerConfigKeys (ConfUtils.java:logGet(43)) - raft.server.log.use.memory = false (default)
2019-09-18 11:47:45,727 [pool-449-thread-1] INFO  server.RaftServerConfigKeys (ConfUtils.java:logGet(43)) - raft.server.log.purge.gap = 1000000 (custom)
2019-09-18 11:47:45,727 [pool-449-thread-1] INFO  server.RaftServerConfigKeys (ConfUtils.java:logGet(43)) - raft.server.log.appender.buffer.byte-limit = 33554432 (custom)
2019-09-18 11:47:45,727 [pool-449-thread-1] INFO  server.RaftServerConfigKeys (ConfUtils.java:logGet(43)) - raft.server.log.segment.size.max = 1048576 (custom)
2019-09-18 11:47:45,727 [pool-449-thread-1] INFO  server.RaftServerConfigKeys (ConfUtils.java:logGet(43)) - raft.server.log.segment.cache.num.max = 2 (custom)
2019-09-18 11:47:45,727 [pool-449-thread-1] INFO  segmented.SegmentedRaftLogWorker (SegmentedRaftLogWorker.java:<init>(172)) - new 941b1faa-5cc5-4fbd-82c3-729dc82a122f@group-24D408780B77-SegmentedRaftLogWorker for RaftStorage:Storage Directory /workdir/hadoop-ozone/integration-test/target/test-dir/MiniOzoneClusterImpl-29a1df15-cd37-4e65-a38b-6e93fe944b41/datanode-4/data/ratis/4f1e9ecb-5bdd-458d-a624-24d408780b77
2019-09-18 11:47:45,728 [pool-449-thread-1] INFO  server.RaftServerConfigKeys (ConfUtils.java:logGet(43)) - raft.server.log.queue.byte-limit = 2147483647 (custom)
2019-09-18 11:47:45,729 [pool-449-thread-1] INFO  server.RaftServerConfigKeys (ConfUtils.java:logGet(43)) - raft.server.log.queue.element-limit = 1024 (custom)
2019-09-18 11:47:45,729 [pool-449-thread-1] INFO  server.RaftServerConfigKeys (ConfUtils.java:logGet(43)) - raft.server.log.segment.size.max = 1048576 (custom)
2019-09-18 11:47:45,729 [pool-449-thread-1] INFO  server.RaftServerConfigKeys (ConfUtils.java:logGet(43)) - raft.server.log.preallocated.size = 16384 (custom)
2019-09-18 11:47:45,729 [pool-449-thread-1] INFO  server.RaftServerConfigKeys (ConfUtils.java:logGet(43)) - raft.server.log.write.buffer.size = 33554432 (custom)
2019-09-18 11:47:45,729 [pool-449-thread-1] INFO  server.RaftServerConfigKeys (ConfUtils.java:logGet(43)) - raft.server.log.force.sync.num = 128 (default)
2019-09-18 11:47:45,729 [pool-449-thread-1] INFO  server.RaftServerConfigKeys (ConfUtils.java:logGet(43)) - raft.server.log.statemachine.data.sync = true (default)
2019-09-18 11:47:45,729 [pool-449-thread-1] INFO  server.RaftServerConfigKeys (ConfUtils.java:logGet(43)) - raft.server.log.statemachine.data.sync.timeout = 10s (default)
2019-09-18 11:47:45,729 [pool-449-thread-1] INFO  server.RaftServerConfigKeys (ConfUtils.java:logGet(43)) - raft.server.log.statemachine.data.sync.timeout.retry = -1 (default)
2019-09-18 11:47:45,730 [pool-449-thread-1] INFO  server.RaftServerConfigKeys (ConfUtils.java:logGet(43)) - raft.server.log.statemachine.data.caching.enabled = true (custom)
2019-09-18 11:47:45,730 [pool-449-thread-1] INFO  segmented.SegmentedRaftLogWorker (SegmentedRaftLogWorker.java:lambda$new$0(132)) - 941b1faa-5cc5-4fbd-82c3-729dc82a122f@group-24D408780B77-SegmentedRaftLogWorker: flushIndex: setUnconditionally 0 -> -1
2019-09-18 11:47:45,730 [pool-449-thread-1] INFO  server.RaftServerConfigKeys (ConfUtils.java:logGet(43)) - raft.server.snapshot.auto.trigger.enabled = true (custom)
2019-09-18 11:47:45,730 [pool-449-thread-1] INFO  server.RaftServerConfigKeys (ConfUtils.java:logGet(43)) - raft.server.snapshot.auto.trigger.threshold = 10000 (custom)
2019-09-18 11:47:45,730 [pool-449-thread-1] INFO  server.RaftServerConfigKeys (ConfUtils.java:logGet(43)) - raft.server.snapshot.retention.num.files = 5 (custom)
2019-09-18 11:47:45,731 [pool-449-thread-1] INFO  server.RaftServerConfigKeys (ConfUtils.java:logGet(43)) - raft.server.retrycache.expirytime = 600000ms (custom)
2019-09-18 11:47:45,732 [pool-449-thread-1] INFO  impl.RaftServerImpl (RaftServerImpl.java:start(185)) - 941b1faa-5cc5-4fbd-82c3-729dc82a122f@group-24D408780B77: start as a follower, conf=-1: [941b1faa-5cc5-4fbd-82c3-729dc82a122f:192.168.157.254:45475], old=null
2019-09-18 11:47:45,732 [pool-449-thread-1] INFO  impl.RaftServerImpl (RaftServerImpl.java:setRole(174)) - 941b1faa-5cc5-4fbd-82c3-729dc82a122f@group-24D408780B77: changes role from      null to FOLLOWER at term 0 for startAsFollower
2019-09-18 11:47:45,732 [pool-449-thread-1] INFO  impl.RoleInfo (RoleInfo.java:updateAndGet(143)) - 941b1faa-5cc5-4fbd-82c3-729dc82a122f: start FollowerState
2019-09-18 11:47:45,733 [pool-449-thread-1] INFO  util.JmxRegister (JmxRegister.java:tryRegister(44)) - Successfully registered JMX Bean with object name Ratis:service=RaftServer,group=group-24D408780B77,id=941b1faa-5cc5-4fbd-82c3-729dc82a122f
2019-09-18 11:47:45,737 [RatisPipelineUtilsThread] INFO  pipeline.PipelineStateManager (PipelineStateManager.java:addPipeline(56)) - Created pipeline Pipeline[ Id: 4f1e9ecb-5bdd-458d-a624-24d408780b77, Nodes: 941b1faa-5cc5-4fbd-82c3-729dc82a122f{ip: 192.168.157.254, host: pr-hdds-2143-zjsjg-1178913, networkLocation: /default-rack, certSerialId: null}, Type:RATIS, Factor:ONE, State:OPEN]
2019-09-18 11:47:45,744 [grpc-default-executor-12] INFO  impl.RaftServerProxy (RaftServerProxy.java:addNew(89)) - 43bd4a59-611b-42ac-b803-c7bc77298fb7: addNew group-4DAA446DAAC3:[43bd4a59-611b-42ac-b803-c7bc77298fb7:192.168.157.254:40697] returns group-4DAA446DAAC3:java.util.concurrent.CompletableFuture@6b1c8b98[Not completed]
2019-09-18 11:47:45,746 [pool-469-thread-1] INFO  impl.RaftServerImpl (RaftServerImpl.java:<init>(95)) - 43bd4a59-611b-42ac-b803-c7bc77298fb7: new RaftServerImpl for group-4DAA446DAAC3:[43bd4a59-611b-42ac-b803-c7bc77298fb7:192.168.157.254:40697] with ContainerStateMachine:uninitialized
2019-09-18 11:47:45,746 [pool-469-thread-1] INFO  server.RaftServerConfigKeys (ConfUtils.java:logGet(43)) - raft.server.rpc.timeout.min = 5s (custom)
2019-09-18 11:47:45,746 [pool-469-thread-1] INFO  server.RaftServerConfigKeys (ConfUtils.java:logGet(43)) - raft.server.rpc.timeout.max = 5200ms (custom)
2019-09-18 11:47:45,746 [pool-469-thread-1] INFO  server.RaftServerConfigKeys (ConfUtils.java:logGet(43)) - raft.server.rpcslowness.timeout = 120s (custom)
2019-09-18 11:47:45,746 [pool-469-thread-1] INFO  server.RaftServerConfigKeys (ConfUtils.java:logGet(43)) - raft.server.sleep.deviation.threshold = 300 (default)
2019-09-18 11:47:45,746 [pool-469-thread-1] INFO  server.RaftServerConfigKeys (ConfUtils.java:logGet(43)) - raft.server.log.appender.install.snapshot.enabled = false (custom)
2019-09-18 11:47:45,747 [pool-469-thread-1] INFO  impl.RaftServerImpl (ServerState.java:<init>(103)) - 43bd4a59-611b-42ac-b803-c7bc77298fb7@group-4DAA446DAAC3: ConfigurationManager, init=-1: [43bd4a59-611b-42ac-b803-c7bc77298fb7:192.168.157.254:40697], old=null, confs=<EMPTY_MAP>
2019-09-18 11:47:45,747 [pool-469-thread-1] INFO  server.RaftServerConfigKeys (ConfUtils.java:logGet(43)) - raft.server.storage.dir = [/workdir/hadoop-ozone/integration-test/target/test-dir/MiniOzoneClusterImpl-29a1df15-cd37-4e65-a38b-6e93fe944b41/datanode-6/data/ratis] (custom)
2019-09-18 11:47:45,747 [pool-469-thread-1] INFO  storage.RaftStorageDirectory (RaftStorageDirectory.java:analyzeStorage(246)) - The storage directory /workdir/hadoop-ozone/integration-test/target/test-dir/MiniOzoneClusterImpl-29a1df15-cd37-4e65-a38b-6e93fe944b41/datanode-6/data/ratis/6b0c2c97-c13c-440c-bee8-4daa446daac3 does not exist. Creating ...
2019-09-18 11:47:45,760 [pool-469-thread-1] INFO  storage.RaftStorageDirectory (RaftStorageDirectory.java:tryLock(328)) - Lock on /workdir/hadoop-ozone/integration-test/target/test-dir/MiniOzoneClusterImpl-29a1df15-cd37-4e65-a38b-6e93fe944b41/datanode-6/data/ratis/6b0c2c97-c13c-440c-bee8-4daa446daac3/in_use.lock acquired by nodename 5611@pr-hdds-2143-zjsjg-1178913
2019-09-18 11:47:45,773 [pool-469-thread-1] INFO  storage.RaftStorage (RaftStorage.java:format(72)) - Storage directory /workdir/hadoop-ozone/integration-test/target/test-dir/MiniOzoneClusterImpl-29a1df15-cd37-4e65-a38b-6e93fe944b41/datanode-6/data/ratis/6b0c2c97-c13c-440c-bee8-4daa446daac3 has been successfully formatted.
2019-09-18 11:47:45,773 [pool-469-thread-1] INFO  ratis.ContainerStateMachine (ContainerStateMachine.java:loadSnapshot(230)) - group-4DAA446DAAC3: The snapshot info is null. Setting the last applied indexto:(t:0, i:~)
2019-09-18 11:47:45,774 [pool-469-thread-1] INFO  server.RaftServerConfigKeys (ConfUtils.java:logGet(43)) - raft.server.notification.no-leader.timeout = 120s (custom)
2019-09-18 11:47:45,774 [pool-469-thread-1] INFO  server.RaftServerConfigKeys (ConfUtils.java:logGet(43)) - raft.server.log.use.memory = false (default)
2019-09-18 11:47:45,774 [pool-469-thread-1] INFO  server.RaftServerConfigKeys (ConfUtils.java:logGet(43)) - raft.server.log.purge.gap = 1000000 (custom)
2019-09-18 11:47:45,774 [pool-469-thread-1] INFO  server.RaftServerConfigKeys (ConfUtils.java:logGet(43)) - raft.server.log.appender.buffer.byte-limit = 33554432 (custom)
2019-09-18 11:47:45,774 [pool-469-thread-1] INFO  server.RaftServerConfigKeys (ConfUtils.java:logGet(43)) - raft.server.log.segment.size.max = 1048576 (custom)
2019-09-18 11:47:45,774 [pool-469-thread-1] INFO  server.RaftServerConfigKeys (ConfUtils.java:logGet(43)) - raft.server.log.segment.cache.num.max = 2 (custom)
2019-09-18 11:47:45,774 [pool-469-thread-1] INFO  segmented.SegmentedRaftLogWorker (SegmentedRaftLogWorker.java:<init>(172)) - new 43bd4a59-611b-42ac-b803-c7bc77298fb7@group-4DAA446DAAC3-SegmentedRaftLogWorker for RaftStorage:Storage Directory /workdir/hadoop-ozone/integration-test/target/test-dir/MiniOzoneClusterImpl-29a1df15-cd37-4e65-a38b-6e93fe944b41/datanode-6/data/ratis/6b0c2c97-c13c-440c-bee8-4daa446daac3
2019-09-18 11:47:45,776 [pool-469-thread-1] INFO  server.RaftServerConfigKeys (ConfUtils.java:logGet(43)) - raft.server.log.queue.byte-limit = 2147483647 (custom)
2019-09-18 11:47:45,776 [pool-469-thread-1] INFO  server.RaftServerConfigKeys (ConfUtils.java:logGet(43)) - raft.server.log.queue.element-limit = 1024 (custom)
2019-09-18 11:47:45,777 [pool-469-thread-1] INFO  server.RaftServerConfigKeys (ConfUtils.java:logGet(43)) - raft.server.log.segment.size.max = 1048576 (custom)
2019-09-18 11:47:45,777 [pool-469-thread-1] INFO  server.RaftServerConfigKeys (ConfUtils.java:logGet(43)) - raft.server.log.preallocated.size = 16384 (custom)
2019-09-18 11:47:45,777 [pool-469-thread-1] INFO  server.RaftServerConfigKeys (ConfUtils.java:logGet(43)) - raft.server.log.write.buffer.size = 33554432 (custom)
2019-09-18 11:47:45,777 [pool-469-thread-1] INFO  server.RaftServerConfigKeys (ConfUtils.java:logGet(43)) - raft.server.log.force.sync.num = 128 (default)
2019-09-18 11:47:45,777 [pool-469-thread-1] INFO  server.RaftServerConfigKeys (ConfUtils.java:logGet(43)) - raft.server.log.statemachine.data.sync = true (default)
2019-09-18 11:47:45,777 [pool-469-thread-1] INFO  server.RaftServerConfigKeys (ConfUtils.java:logGet(43)) - raft.server.log.statemachine.data.sync.timeout = 10s (default)
2019-09-18 11:47:45,778 [pool-469-thread-1] INFO  server.RaftServerConfigKeys (ConfUtils.java:logGet(43)) - raft.server.log.statemachine.data.sync.timeout.retry = -1 (default)
2019-09-18 11:47:45,778 [pool-469-thread-1] INFO  server.RaftServerConfigKeys (ConfUtils.java:logGet(43)) - raft.server.log.statemachine.data.caching.enabled = true (custom)
2019-09-18 11:47:45,778 [pool-469-thread-1] INFO  segmented.SegmentedRaftLogWorker (SegmentedRaftLogWorker.java:lambda$new$0(132)) - 43bd4a59-611b-42ac-b803-c7bc77298fb7@group-4DAA446DAAC3-SegmentedRaftLogWorker: flushIndex: setUnconditionally 0 -> -1
2019-09-18 11:47:45,778 [pool-469-thread-1] INFO  server.RaftServerConfigKeys (ConfUtils.java:logGet(43)) - raft.server.snapshot.auto.trigger.enabled = true (custom)
2019-09-18 11:47:45,778 [pool-469-thread-1] INFO  server.RaftServerConfigKeys (ConfUtils.java:logGet(43)) - raft.server.snapshot.auto.trigger.threshold = 10000 (custom)
2019-09-18 11:47:45,778 [pool-469-thread-1] INFO  server.RaftServerConfigKeys (ConfUtils.java:logGet(43)) - raft.server.snapshot.retention.num.files = 5 (custom)
2019-09-18 11:47:45,779 [pool-469-thread-1] INFO  server.RaftServerConfigKeys (ConfUtils.java:logGet(43)) - raft.server.retrycache.expirytime = 600000ms (custom)
2019-09-18 11:47:45,780 [pool-469-thread-1] INFO  impl.RaftServerImpl (RaftServerImpl.java:start(185)) - 43bd4a59-611b-42ac-b803-c7bc77298fb7@group-4DAA446DAAC3: start as a follower, conf=-1: [43bd4a59-611b-42ac-b803-c7bc77298fb7:192.168.157.254:40697], old=null
2019-09-18 11:47:45,780 [pool-469-thread-1] INFO  impl.RaftServerImpl (RaftServerImpl.java:setRole(174)) - 43bd4a59-611b-42ac-b803-c7bc77298fb7@group-4DAA446DAAC3: changes role from      null to FOLLOWER at term 0 for startAsFollower
2019-09-18 11:47:45,780 [pool-469-thread-1] INFO  impl.RoleInfo (RoleInfo.java:updateAndGet(143)) - 43bd4a59-611b-42ac-b803-c7bc77298fb7: start FollowerState
2019-09-18 11:47:45,781 [pool-469-thread-1] INFO  util.JmxRegister (JmxRegister.java:tryRegister(44)) - Successfully registered JMX Bean with object name Ratis:service=RaftServer,group=group-4DAA446DAAC3,id=43bd4a59-611b-42ac-b803-c7bc77298fb7
2019-09-18 11:47:45,786 [RatisPipelineUtilsThread] INFO  pipeline.PipelineStateManager (PipelineStateManager.java:addPipeline(56)) - Created pipeline Pipeline[ Id: 6b0c2c97-c13c-440c-bee8-4daa446daac3, Nodes: 43bd4a59-611b-42ac-b803-c7bc77298fb7{ip: 192.168.157.254, host: pr-hdds-2143-zjsjg-1178913, networkLocation: /default-rack, certSerialId: null}, Type:RATIS, Factor:ONE, State:OPEN]
2019-09-18 11:47:45,795 [grpc-default-executor-12] INFO  impl.RaftServerProxy (RaftServerProxy.java:addNew(89)) - 7fcf7fc1-aad9-4c98-a442-089598333994: addNew group-D5CB51A88392:[7fcf7fc1-aad9-4c98-a442-089598333994:192.168.157.254:44987] returns group-D5CB51A88392:java.util.concurrent.CompletableFuture@48e65bc9[Not completed]
2019-09-18 11:47:45,796 [pool-459-thread-1] INFO  impl.RaftServerImpl (RaftServerImpl.java:<init>(95)) - 7fcf7fc1-aad9-4c98-a442-089598333994: new RaftServerImpl for group-D5CB51A88392:[7fcf7fc1-aad9-4c98-a442-089598333994:192.168.157.254:44987] with ContainerStateMachine:uninitialized
2019-09-18 11:47:45,796 [pool-459-thread-1] INFO  server.RaftServerConfigKeys (ConfUtils.java:logGet(43)) - raft.server.rpc.timeout.min = 5s (custom)
2019-09-18 11:47:45,796 [pool-459-thread-1] INFO  server.RaftServerConfigKeys (ConfUtils.java:logGet(43)) - raft.server.rpc.timeout.max = 5200ms (custom)
2019-09-18 11:47:45,796 [pool-459-thread-1] INFO  server.RaftServerConfigKeys (ConfUtils.java:logGet(43)) - raft.server.rpcslowness.timeout = 120s (custom)
2019-09-18 11:47:45,796 [pool-459-thread-1] INFO  server.RaftServerConfigKeys (ConfUtils.java:logGet(43)) - raft.server.sleep.deviation.threshold = 300 (default)
2019-09-18 11:47:45,796 [pool-459-thread-1] INFO  server.RaftServerConfigKeys (ConfUtils.java:logGet(43)) - raft.server.log.appender.install.snapshot.enabled = false (custom)
2019-09-18 11:47:45,797 [pool-459-thread-1] INFO  impl.RaftServerImpl (ServerState.java:<init>(103)) - 7fcf7fc1-aad9-4c98-a442-089598333994@group-D5CB51A88392: ConfigurationManager, init=-1: [7fcf7fc1-aad9-4c98-a442-089598333994:192.168.157.254:44987], old=null, confs=<EMPTY_MAP>
2019-09-18 11:47:45,797 [pool-459-thread-1] INFO  server.RaftServerConfigKeys (ConfUtils.java:logGet(43)) - raft.server.storage.dir = [/workdir/hadoop-ozone/integration-test/target/test-dir/MiniOzoneClusterImpl-29a1df15-cd37-4e65-a38b-6e93fe944b41/datanode-5/data/ratis] (custom)
2019-09-18 11:47:45,797 [pool-459-thread-1] INFO  storage.RaftStorageDirectory (RaftStorageDirectory.java:analyzeStorage(246)) - The storage directory /workdir/hadoop-ozone/integration-test/target/test-dir/MiniOzoneClusterImpl-29a1df15-cd37-4e65-a38b-6e93fe944b41/datanode-5/data/ratis/e5219950-c061-4465-a2e6-d5cb51a88392 does not exist. Creating ...
2019-09-18 11:47:45,809 [pool-459-thread-1] INFO  storage.RaftStorageDirectory (RaftStorageDirectory.java:tryLock(328)) - Lock on /workdir/hadoop-ozone/integration-test/target/test-dir/MiniOzoneClusterImpl-29a1df15-cd37-4e65-a38b-6e93fe944b41/datanode-5/data/ratis/e5219950-c061-4465-a2e6-d5cb51a88392/in_use.lock acquired by nodename 5611@pr-hdds-2143-zjsjg-1178913
2019-09-18 11:47:45,812 [pool-459-thread-1] INFO  storage.RaftStorage (RaftStorage.java:format(72)) - Storage directory /workdir/hadoop-ozone/integration-test/target/test-dir/MiniOzoneClusterImpl-29a1df15-cd37-4e65-a38b-6e93fe944b41/datanode-5/data/ratis/e5219950-c061-4465-a2e6-d5cb51a88392 has been successfully formatted.
2019-09-18 11:47:45,812 [pool-459-thread-1] INFO  ratis.ContainerStateMachine (ContainerStateMachine.java:loadSnapshot(230)) - group-D5CB51A88392: The snapshot info is null. Setting the last applied indexto:(t:0, i:~)
2019-09-18 11:47:45,812 [pool-459-thread-1] INFO  server.RaftServerConfigKeys (ConfUtils.java:logGet(43)) - raft.server.notification.no-leader.timeout = 120s (custom)
2019-09-18 11:47:45,813 [pool-459-thread-1] INFO  server.RaftServerConfigKeys (ConfUtils.java:logGet(43)) - raft.server.log.use.memory = false (default)
2019-09-18 11:47:45,813 [pool-459-thread-1] INFO  server.RaftServerConfigKeys (ConfUtils.java:logGet(43)) - raft.server.log.purge.gap = 1000000 (custom)
2019-09-18 11:47:45,813 [pool-459-thread-1] INFO  server.RaftServerConfigKeys (ConfUtils.java:logGet(43)) - raft.server.log.appender.buffer.byte-limit = 33554432 (custom)
2019-09-18 11:47:45,813 [pool-459-thread-1] INFO  server.RaftServerConfigKeys (ConfUtils.java:logGet(43)) - raft.server.log.segment.size.max = 1048576 (custom)
2019-09-18 11:47:45,813 [pool-459-thread-1] INFO  server.RaftServerConfigKeys (ConfUtils.java:logGet(43)) - raft.server.log.segment.cache.num.max = 2 (custom)
2019-09-18 11:47:45,813 [pool-459-thread-1] INFO  segmented.SegmentedRaftLogWorker (SegmentedRaftLogWorker.java:<init>(172)) - new 7fcf7fc1-aad9-4c98-a442-089598333994@group-D5CB51A88392-SegmentedRaftLogWorker for RaftStorage:Storage Directory /workdir/hadoop-ozone/integration-test/target/test-dir/MiniOzoneClusterImpl-29a1df15-cd37-4e65-a38b-6e93fe944b41/datanode-5/data/ratis/e5219950-c061-4465-a2e6-d5cb51a88392
2019-09-18 11:47:45,814 [pool-459-thread-1] INFO  server.RaftServerConfigKeys (ConfUtils.java:logGet(43)) - raft.server.log.queue.byte-limit = 2147483647 (custom)
2019-09-18 11:47:45,815 [pool-459-thread-1] INFO  server.RaftServerConfigKeys (ConfUtils.java:logGet(43)) - raft.server.log.queue.element-limit = 1024 (custom)
2019-09-18 11:47:45,815 [pool-459-thread-1] INFO  server.RaftServerConfigKeys (ConfUtils.java:logGet(43)) - raft.server.log.segment.size.max = 1048576 (custom)
2019-09-18 11:47:45,815 [pool-459-thread-1] INFO  server.RaftServerConfigKeys (ConfUtils.java:logGet(43)) - raft.server.log.preallocated.size = 16384 (custom)
2019-09-18 11:47:45,815 [pool-459-thread-1] INFO  server.RaftServerConfigKeys (ConfUtils.java:logGet(43)) - raft.server.log.write.buffer.size = 33554432 (custom)
2019-09-18 11:47:45,815 [pool-459-thread-1] INFO  server.RaftServerConfigKeys (ConfUtils.java:logGet(43)) - raft.server.log.force.sync.num = 128 (default)
2019-09-18 11:47:45,815 [pool-459-thread-1] INFO  server.RaftServerConfigKeys (ConfUtils.java:logGet(43)) - raft.server.log.statemachine.data.sync = true (default)
2019-09-18 11:47:45,815 [pool-459-thread-1] INFO  server.RaftServerConfigKeys (ConfUtils.java:logGet(43)) - raft.server.log.statemachine.data.sync.timeout = 10s (default)
2019-09-18 11:47:45,815 [pool-459-thread-1] INFO  server.RaftServerConfigKeys (ConfUtils.java:logGet(43)) - raft.server.log.statemachine.data.sync.timeout.retry = -1 (default)
2019-09-18 11:47:45,816 [pool-459-thread-1] INFO  server.RaftServerConfigKeys (ConfUtils.java:logGet(43)) - raft.server.log.statemachine.data.caching.enabled = true (custom)
2019-09-18 11:47:45,816 [pool-459-thread-1] INFO  segmented.SegmentedRaftLogWorker (SegmentedRaftLogWorker.java:lambda$new$0(132)) - 7fcf7fc1-aad9-4c98-a442-089598333994@group-D5CB51A88392-SegmentedRaftLogWorker: flushIndex: setUnconditionally 0 -> -1
2019-09-18 11:47:45,816 [pool-459-thread-1] INFO  server.RaftServerConfigKeys (ConfUtils.java:logGet(43)) - raft.server.snapshot.auto.trigger.enabled = true (custom)
2019-09-18 11:47:45,816 [pool-459-thread-1] INFO  server.RaftServerConfigKeys (ConfUtils.java:logGet(43)) - raft.server.snapshot.auto.trigger.threshold = 10000 (custom)
2019-09-18 11:47:45,816 [pool-459-thread-1] INFO  server.RaftServerConfigKeys (ConfUtils.java:logGet(43)) - raft.server.snapshot.retention.num.files = 5 (custom)
2019-09-18 11:47:45,816 [pool-459-thread-1] INFO  server.RaftServerConfigKeys (ConfUtils.java:logGet(43)) - raft.server.retrycache.expirytime = 600000ms (custom)
2019-09-18 11:47:45,818 [pool-459-thread-1] INFO  impl.RaftServerImpl (RaftServerImpl.java:start(185)) - 7fcf7fc1-aad9-4c98-a442-089598333994@group-D5CB51A88392: start as a follower, conf=-1: [7fcf7fc1-aad9-4c98-a442-089598333994:192.168.157.254:44987], old=null
2019-09-18 11:47:45,818 [pool-459-thread-1] INFO  impl.RaftServerImpl (RaftServerImpl.java:setRole(174)) - 7fcf7fc1-aad9-4c98-a442-089598333994@group-D5CB51A88392: changes role from      null to FOLLOWER at term 0 for startAsFollower
2019-09-18 11:47:45,818 [pool-459-thread-1] INFO  impl.RoleInfo (RoleInfo.java:updateAndGet(143)) - 7fcf7fc1-aad9-4c98-a442-089598333994: start FollowerState
2019-09-18 11:47:45,818 [pool-459-thread-1] INFO  util.JmxRegister (JmxRegister.java:tryRegister(44)) - Successfully registered JMX Bean with object name Ratis:service=RaftServer,group=group-D5CB51A88392,id=7fcf7fc1-aad9-4c98-a442-089598333994
2019-09-18 11:47:45,824 [RatisPipelineUtilsThread] INFO  pipeline.PipelineStateManager (PipelineStateManager.java:addPipeline(56)) - Created pipeline Pipeline[ Id: e5219950-c061-4465-a2e6-d5cb51a88392, Nodes: 7fcf7fc1-aad9-4c98-a442-089598333994{ip: 192.168.157.254, host: pr-hdds-2143-zjsjg-1178913, networkLocation: /default-rack, certSerialId: null}, Type:RATIS, Factor:ONE, State:OPEN]
2019-09-18 11:47:45,835 [grpc-default-executor-0] INFO  impl.RaftServerProxy (RaftServerProxy.java:addNew(89)) - aca8c137-275c-4bd4-a93f-b0c09a946b6e: addNew group-092309D0A6B0:[aca8c137-275c-4bd4-a93f-b0c09a946b6e:192.168.157.254:43242, f9eae954-5f21-43ae-88df-c06e8fdb763a:192.168.157.254:45021, 941b1faa-5cc5-4fbd-82c3-729dc82a122f:192.168.157.254:45475] returns group-092309D0A6B0:java.util.concurrent.CompletableFuture@47774676[Not completed]
2019-09-18 11:47:45,835 [grpc-default-executor-12] INFO  impl.RaftServerProxy (RaftServerProxy.java:addNew(89)) - f9eae954-5f21-43ae-88df-c06e8fdb763a: addNew group-092309D0A6B0:[aca8c137-275c-4bd4-a93f-b0c09a946b6e:192.168.157.254:43242, f9eae954-5f21-43ae-88df-c06e8fdb763a:192.168.157.254:45021, 941b1faa-5cc5-4fbd-82c3-729dc82a122f:192.168.157.254:45475] returns group-092309D0A6B0:java.util.concurrent.CompletableFuture@5e37c701[Not completed]
2019-09-18 11:47:45,835 [grpc-default-executor-9] INFO  impl.RaftServerProxy (RaftServerProxy.java:addNew(89)) - 941b1faa-5cc5-4fbd-82c3-729dc82a122f: addNew group-092309D0A6B0:[aca8c137-275c-4bd4-a93f-b0c09a946b6e:192.168.157.254:43242, f9eae954-5f21-43ae-88df-c06e8fdb763a:192.168.157.254:45021, 941b1faa-5cc5-4fbd-82c3-729dc82a122f:192.168.157.254:45475] returns group-092309D0A6B0:java.util.concurrent.CompletableFuture@5419ef74[Not completed]
2019-09-18 11:47:45,836 [pool-429-thread-1] INFO  impl.RaftServerImpl (RaftServerImpl.java:<init>(95)) - aca8c137-275c-4bd4-a93f-b0c09a946b6e: new RaftServerImpl for group-092309D0A6B0:[aca8c137-275c-4bd4-a93f-b0c09a946b6e:192.168.157.254:43242, f9eae954-5f21-43ae-88df-c06e8fdb763a:192.168.157.254:45021, 941b1faa-5cc5-4fbd-82c3-729dc82a122f:192.168.157.254:45475] with ContainerStateMachine:uninitialized
2019-09-18 11:47:45,836 [pool-429-thread-1] INFO  server.RaftServerConfigKeys (ConfUtils.java:logGet(43)) - raft.server.rpc.timeout.min = 5s (custom)
2019-09-18 11:47:45,836 [pool-429-thread-1] INFO  server.RaftServerConfigKeys (ConfUtils.java:logGet(43)) - raft.server.rpc.timeout.max = 5200ms (custom)
2019-09-18 11:47:45,837 [pool-429-thread-1] INFO  server.RaftServerConfigKeys (ConfUtils.java:logGet(43)) - raft.server.rpcslowness.timeout = 120s (custom)
2019-09-18 11:47:45,837 [pool-429-thread-1] INFO  server.RaftServerConfigKeys (ConfUtils.java:logGet(43)) - raft.server.sleep.deviation.threshold = 300 (default)
2019-09-18 11:47:45,837 [pool-429-thread-1] INFO  server.RaftServerConfigKeys (ConfUtils.java:logGet(43)) - raft.server.log.appender.install.snapshot.enabled = false (custom)
2019-09-18 11:47:45,837 [pool-449-thread-1] INFO  impl.RaftServerImpl (RaftServerImpl.java:<init>(95)) - 941b1faa-5cc5-4fbd-82c3-729dc82a122f: new RaftServerImpl for group-092309D0A6B0:[aca8c137-275c-4bd4-a93f-b0c09a946b6e:192.168.157.254:43242, f9eae954-5f21-43ae-88df-c06e8fdb763a:192.168.157.254:45021, 941b1faa-5cc5-4fbd-82c3-729dc82a122f:192.168.157.254:45475] with ContainerStateMachine:uninitialized
2019-09-18 11:47:45,837 [pool-429-thread-1] INFO  impl.RaftServerImpl (ServerState.java:<init>(103)) - aca8c137-275c-4bd4-a93f-b0c09a946b6e@group-092309D0A6B0: ConfigurationManager, init=-1: [aca8c137-275c-4bd4-a93f-b0c09a946b6e:192.168.157.254:43242, f9eae954-5f21-43ae-88df-c06e8fdb763a:192.168.157.254:45021, 941b1faa-5cc5-4fbd-82c3-729dc82a122f:192.168.157.254:45475], old=null, confs=<EMPTY_MAP>
2019-09-18 11:47:45,837 [pool-449-thread-1] INFO  server.RaftServerConfigKeys (ConfUtils.java:logGet(43)) - raft.server.rpc.timeout.min = 5s (custom)
2019-09-18 11:47:45,837 [pool-429-thread-1] INFO  server.RaftServerConfigKeys (ConfUtils.java:logGet(43)) - raft.server.storage.dir = [/workdir/hadoop-ozone/integration-test/target/test-dir/MiniOzoneClusterImpl-29a1df15-cd37-4e65-a38b-6e93fe944b41/datanode-2/data/ratis] (custom)
2019-09-18 11:47:45,837 [pool-449-thread-1] INFO  server.RaftServerConfigKeys (ConfUtils.java:logGet(43)) - raft.server.rpc.timeout.max = 5200ms (custom)
2019-09-18 11:47:45,838 [pool-439-thread-1] INFO  impl.RaftServerImpl (RaftServerImpl.java:<init>(95)) - f9eae954-5f21-43ae-88df-c06e8fdb763a: new RaftServerImpl for group-092309D0A6B0:[aca8c137-275c-4bd4-a93f-b0c09a946b6e:192.168.157.254:43242, f9eae954-5f21-43ae-88df-c06e8fdb763a:192.168.157.254:45021, 941b1faa-5cc5-4fbd-82c3-729dc82a122f:192.168.157.254:45475] with ContainerStateMachine:uninitialized
2019-09-18 11:47:45,838 [pool-449-thread-1] INFO  server.RaftServerConfigKeys (ConfUtils.java:logGet(43)) - raft.server.rpcslowness.timeout = 120s (custom)
2019-09-18 11:47:45,838 [pool-429-thread-1] INFO  storage.RaftStorageDirectory (RaftStorageDirectory.java:analyzeStorage(246)) - The storage directory /workdir/hadoop-ozone/integration-test/target/test-dir/MiniOzoneClusterImpl-29a1df15-cd37-4e65-a38b-6e93fe944b41/datanode-2/data/ratis/7fee27b4-a560-4900-8c95-092309d0a6b0 does not exist. Creating ...
2019-09-18 11:47:45,838 [pool-439-thread-1] INFO  server.RaftServerConfigKeys (ConfUtils.java:logGet(43)) - raft.server.rpc.timeout.min = 5s (custom)
2019-09-18 11:47:45,838 [pool-449-thread-1] INFO  server.RaftServerConfigKeys (ConfUtils.java:logGet(43)) - raft.server.sleep.deviation.threshold = 300 (default)
2019-09-18 11:47:45,838 [pool-439-thread-1] INFO  server.RaftServerConfigKeys (ConfUtils.java:logGet(43)) - raft.server.rpc.timeout.max = 5200ms (custom)
2019-09-18 11:47:45,838 [pool-449-thread-1] INFO  server.RaftServerConfigKeys (ConfUtils.java:logGet(43)) - raft.server.log.appender.install.snapshot.enabled = false (custom)
2019-09-18 11:47:45,838 [pool-439-thread-1] INFO  server.RaftServerConfigKeys (ConfUtils.java:logGet(43)) - raft.server.rpcslowness.timeout = 120s (custom)
2019-09-18 11:47:45,838 [pool-449-thread-1] INFO  impl.RaftServerImpl (ServerState.java:<init>(103)) - 941b1faa-5cc5-4fbd-82c3-729dc82a122f@group-092309D0A6B0: ConfigurationManager, init=-1: [aca8c137-275c-4bd4-a93f-b0c09a946b6e:192.168.157.254:43242, f9eae954-5f21-43ae-88df-c06e8fdb763a:192.168.157.254:45021, 941b1faa-5cc5-4fbd-82c3-729dc82a122f:192.168.157.254:45475], old=null, confs=<EMPTY_MAP>
2019-09-18 11:47:45,838 [pool-439-thread-1] INFO  server.RaftServerConfigKeys (ConfUtils.java:logGet(43)) - raft.server.sleep.deviation.threshold = 300 (default)
2019-09-18 11:47:45,839 [pool-449-thread-1] INFO  server.RaftServerConfigKeys (ConfUtils.java:logGet(43)) - raft.server.storage.dir = [/workdir/hadoop-ozone/integration-test/target/test-dir/MiniOzoneClusterImpl-29a1df15-cd37-4e65-a38b-6e93fe944b41/datanode-4/data/ratis] (custom)
2019-09-18 11:47:45,839 [pool-439-thread-1] INFO  server.RaftServerConfigKeys (ConfUtils.java:logGet(43)) - raft.server.log.appender.install.snapshot.enabled = false (custom)
2019-09-18 11:47:45,839 [pool-439-thread-1] INFO  impl.RaftServerImpl (ServerState.java:<init>(103)) - f9eae954-5f21-43ae-88df-c06e8fdb763a@group-092309D0A6B0: ConfigurationManager, init=-1: [aca8c137-275c-4bd4-a93f-b0c09a946b6e:192.168.157.254:43242, f9eae954-5f21-43ae-88df-c06e8fdb763a:192.168.157.254:45021, 941b1faa-5cc5-4fbd-82c3-729dc82a122f:192.168.157.254:45475], old=null, confs=<EMPTY_MAP>
2019-09-18 11:47:45,839 [pool-449-thread-1] INFO  storage.RaftStorageDirectory (RaftStorageDirectory.java:analyzeStorage(246)) - The storage directory /workdir/hadoop-ozone/integration-test/target/test-dir/MiniOzoneClusterImpl-29a1df15-cd37-4e65-a38b-6e93fe944b41/datanode-4/data/ratis/7fee27b4-a560-4900-8c95-092309d0a6b0 does not exist. Creating ...
2019-09-18 11:47:45,839 [pool-439-thread-1] INFO  server.RaftServerConfigKeys (ConfUtils.java:logGet(43)) - raft.server.storage.dir = [/workdir/hadoop-ozone/integration-test/target/test-dir/MiniOzoneClusterImpl-29a1df15-cd37-4e65-a38b-6e93fe944b41/datanode-3/data/ratis] (custom)
2019-09-18 11:47:45,839 [pool-439-thread-1] INFO  storage.RaftStorageDirectory (RaftStorageDirectory.java:analyzeStorage(246)) - The storage directory /workdir/hadoop-ozone/integration-test/target/test-dir/MiniOzoneClusterImpl-29a1df15-cd37-4e65-a38b-6e93fe944b41/datanode-3/data/ratis/7fee27b4-a560-4900-8c95-092309d0a6b0 does not exist. Creating ...
2019-09-18 11:47:45,851 [pool-429-thread-1] INFO  storage.RaftStorageDirectory (RaftStorageDirectory.java:tryLock(328)) - Lock on /workdir/hadoop-ozone/integration-test/target/test-dir/MiniOzoneClusterImpl-29a1df15-cd37-4e65-a38b-6e93fe944b41/datanode-2/data/ratis/7fee27b4-a560-4900-8c95-092309d0a6b0/in_use.lock acquired by nodename 5611@pr-hdds-2143-zjsjg-1178913
2019-09-18 11:47:45,851 [pool-439-thread-1] INFO  storage.RaftStorageDirectory (RaftStorageDirectory.java:tryLock(328)) - Lock on /workdir/hadoop-ozone/integration-test/target/test-dir/MiniOzoneClusterImpl-29a1df15-cd37-4e65-a38b-6e93fe944b41/datanode-3/data/ratis/7fee27b4-a560-4900-8c95-092309d0a6b0/in_use.lock acquired by nodename 5611@pr-hdds-2143-zjsjg-1178913
2019-09-18 11:47:45,851 [pool-449-thread-1] INFO  storage.RaftStorageDirectory (RaftStorageDirectory.java:tryLock(328)) - Lock on /workdir/hadoop-ozone/integration-test/target/test-dir/MiniOzoneClusterImpl-29a1df15-cd37-4e65-a38b-6e93fe944b41/datanode-4/data/ratis/7fee27b4-a560-4900-8c95-092309d0a6b0/in_use.lock acquired by nodename 5611@pr-hdds-2143-zjsjg-1178913
2019-09-18 11:47:45,865 [pool-429-thread-1] INFO  storage.RaftStorage (RaftStorage.java:format(72)) - Storage directory /workdir/hadoop-ozone/integration-test/target/test-dir/MiniOzoneClusterImpl-29a1df15-cd37-4e65-a38b-6e93fe944b41/datanode-2/data/ratis/7fee27b4-a560-4900-8c95-092309d0a6b0 has been successfully formatted.
2019-09-18 11:47:45,865 [pool-449-thread-1] INFO  storage.RaftStorage (RaftStorage.java:format(72)) - Storage directory /workdir/hadoop-ozone/integration-test/target/test-dir/MiniOzoneClusterImpl-29a1df15-cd37-4e65-a38b-6e93fe944b41/datanode-4/data/ratis/7fee27b4-a560-4900-8c95-092309d0a6b0 has been successfully formatted.
2019-09-18 11:47:45,865 [pool-439-thread-1] INFO  storage.RaftStorage (RaftStorage.java:format(72)) - Storage directory /workdir/hadoop-ozone/integration-test/target/test-dir/MiniOzoneClusterImpl-29a1df15-cd37-4e65-a38b-6e93fe944b41/datanode-3/data/ratis/7fee27b4-a560-4900-8c95-092309d0a6b0 has been successfully formatted.
2019-09-18 11:47:45,865 [pool-449-thread-1] INFO  ratis.ContainerStateMachine (ContainerStateMachine.java:loadSnapshot(230)) - group-092309D0A6B0: The snapshot info is null. Setting the last applied indexto:(t:0, i:~)
2019-09-18 11:47:45,865 [pool-429-thread-1] INFO  ratis.ContainerStateMachine (ContainerStateMachine.java:loadSnapshot(230)) - group-092309D0A6B0: The snapshot info is null. Setting the last applied indexto:(t:0, i:~)
2019-09-18 11:47:45,865 [pool-449-thread-1] INFO  server.RaftServerConfigKeys (ConfUtils.java:logGet(43)) - raft.server.notification.no-leader.timeout = 120s (custom)
2019-09-18 11:47:45,866 [pool-449-thread-1] INFO  server.RaftServerConfigKeys (ConfUtils.java:logGet(43)) - raft.server.log.use.memory = false (default)
2019-09-18 11:47:45,865 [pool-439-thread-1] INFO  ratis.ContainerStateMachine (ContainerStateMachine.java:loadSnapshot(230)) - group-092309D0A6B0: The snapshot info is null. Setting the last applied indexto:(t:0, i:~)
2019-09-18 11:47:45,866 [pool-449-thread-1] INFO  server.RaftServerConfigKeys (ConfUtils.java:logGet(43)) - raft.server.log.purge.gap = 1000000 (custom)
2019-09-18 11:47:45,866 [pool-429-thread-1] INFO  server.RaftServerConfigKeys (ConfUtils.java:logGet(43)) - raft.server.notification.no-leader.timeout = 120s (custom)
2019-09-18 11:47:45,866 [pool-449-thread-1] INFO  server.RaftServerConfigKeys (ConfUtils.java:logGet(43)) - raft.server.log.appender.buffer.byte-limit = 33554432 (custom)
2019-09-18 11:47:45,866 [pool-439-thread-1] INFO  server.RaftServerConfigKeys (ConfUtils.java:logGet(43)) - raft.server.notification.no-leader.timeout = 120s (custom)
2019-09-18 11:47:45,867 [pool-449-thread-1] INFO  server.RaftServerConfigKeys (ConfUtils.java:logGet(43)) - raft.server.log.segment.size.max = 1048576 (custom)
2019-09-18 11:47:45,866 [pool-429-thread-1] INFO  server.RaftServerConfigKeys (ConfUtils.java:logGet(43)) - raft.server.log.use.memory = false (default)
2019-09-18 11:47:45,867 [pool-449-thread-1] INFO  server.RaftServerConfigKeys (ConfUtils.java:logGet(43)) - raft.server.log.segment.cache.num.max = 2 (custom)
2019-09-18 11:47:45,867 [pool-439-thread-1] INFO  server.RaftServerConfigKeys (ConfUtils.java:logGet(43)) - raft.server.log.use.memory = false (default)
2019-09-18 11:47:45,867 [pool-449-thread-1] INFO  segmented.SegmentedRaftLogWorker (SegmentedRaftLogWorker.java:<init>(172)) - new 941b1faa-5cc5-4fbd-82c3-729dc82a122f@group-092309D0A6B0-SegmentedRaftLogWorker for RaftStorage:Storage Directory /workdir/hadoop-ozone/integration-test/target/test-dir/MiniOzoneClusterImpl-29a1df15-cd37-4e65-a38b-6e93fe944b41/datanode-4/data/ratis/7fee27b4-a560-4900-8c95-092309d0a6b0
2019-09-18 11:47:45,867 [pool-429-thread-1] INFO  server.RaftServerConfigKeys (ConfUtils.java:logGet(43)) - raft.server.log.purge.gap = 1000000 (custom)
2019-09-18 11:47:45,867 [pool-449-thread-1] INFO  server.RaftServerConfigKeys (ConfUtils.java:logGet(43)) - raft.server.log.queue.byte-limit = 2147483647 (custom)
2019-09-18 11:47:45,867 [pool-439-thread-1] INFO  server.RaftServerConfigKeys (ConfUtils.java:logGet(43)) - raft.server.log.purge.gap = 1000000 (custom)
2019-09-18 11:47:45,868 [pool-449-thread-1] INFO  server.RaftServerConfigKeys (ConfUtils.java:logGet(43)) - raft.server.log.queue.element-limit = 1024 (custom)
2019-09-18 11:47:45,867 [pool-429-thread-1] INFO  server.RaftServerConfigKeys (ConfUtils.java:logGet(43)) - raft.server.log.appender.buffer.byte-limit = 33554432 (custom)
2019-09-18 11:47:45,868 [pool-449-thread-1] INFO  server.RaftServerConfigKeys (ConfUtils.java:logGet(43)) - raft.server.log.segment.size.max = 1048576 (custom)
2019-09-18 11:47:45,868 [pool-439-thread-1] INFO  server.RaftServerConfigKeys (ConfUtils.java:logGet(43)) - raft.server.log.appender.buffer.byte-limit = 33554432 (custom)
2019-09-18 11:47:45,868 [pool-449-thread-1] INFO  server.RaftServerConfigKeys (ConfUtils.java:logGet(43)) - raft.server.log.preallocated.size = 16384 (custom)
2019-09-18 11:47:45,868 [pool-429-thread-1] INFO  server.RaftServerConfigKeys (ConfUtils.java:logGet(43)) - raft.server.log.segment.size.max = 1048576 (custom)
2019-09-18 11:47:45,869 [pool-449-thread-1] INFO  server.RaftServerConfigKeys (ConfUtils.java:logGet(43)) - raft.server.log.write.buffer.size = 33554432 (custom)
2019-09-18 11:47:45,869 [pool-449-thread-1] INFO  server.RaftServerConfigKeys (ConfUtils.java:logGet(43)) - raft.server.log.force.sync.num = 128 (default)
2019-09-18 11:47:45,868 [pool-439-thread-1] INFO  server.RaftServerConfigKeys (ConfUtils.java:logGet(43)) - raft.server.log.segment.size.max = 1048576 (custom)
2019-09-18 11:47:45,869 [pool-449-thread-1] INFO  server.RaftServerConfigKeys (ConfUtils.java:logGet(43)) - raft.server.log.statemachine.data.sync = true (default)
2019-09-18 11:47:45,869 [pool-429-thread-1] INFO  server.RaftServerConfigKeys (ConfUtils.java:logGet(43)) - raft.server.log.segment.cache.num.max = 2 (custom)
2019-09-18 11:47:45,869 [pool-449-thread-1] INFO  server.RaftServerConfigKeys (ConfUtils.java:logGet(43)) - raft.server.log.statemachine.data.sync.timeout = 10s (default)
2019-09-18 11:47:45,869 [pool-449-thread-1] INFO  server.RaftServerConfigKeys (ConfUtils.java:logGet(43)) - raft.server.log.statemachine.data.sync.timeout.retry = -1 (default)
2019-09-18 11:47:45,869 [pool-439-thread-1] INFO  server.RaftServerConfigKeys (ConfUtils.java:logGet(43)) - raft.server.log.segment.cache.num.max = 2 (custom)
2019-09-18 11:47:45,870 [pool-449-thread-1] INFO  server.RaftServerConfigKeys (ConfUtils.java:logGet(43)) - raft.server.log.statemachine.data.caching.enabled = true (custom)
2019-09-18 11:47:45,869 [pool-429-thread-1] INFO  segmented.SegmentedRaftLogWorker (SegmentedRaftLogWorker.java:<init>(172)) - new aca8c137-275c-4bd4-a93f-b0c09a946b6e@group-092309D0A6B0-SegmentedRaftLogWorker for RaftStorage:Storage Directory /workdir/hadoop-ozone/integration-test/target/test-dir/MiniOzoneClusterImpl-29a1df15-cd37-4e65-a38b-6e93fe944b41/datanode-2/data/ratis/7fee27b4-a560-4900-8c95-092309d0a6b0
2019-09-18 11:47:45,870 [pool-439-thread-1] INFO  segmented.SegmentedRaftLogWorker (SegmentedRaftLogWorker.java:<init>(172)) - new f9eae954-5f21-43ae-88df-c06e8fdb763a@group-092309D0A6B0-SegmentedRaftLogWorker for RaftStorage:Storage Directory /workdir/hadoop-ozone/integration-test/target/test-dir/MiniOzoneClusterImpl-29a1df15-cd37-4e65-a38b-6e93fe944b41/datanode-3/data/ratis/7fee27b4-a560-4900-8c95-092309d0a6b0
2019-09-18 11:47:45,870 [pool-449-thread-1] INFO  segmented.SegmentedRaftLogWorker (SegmentedRaftLogWorker.java:lambda$new$0(132)) - 941b1faa-5cc5-4fbd-82c3-729dc82a122f@group-092309D0A6B0-SegmentedRaftLogWorker: flushIndex: setUnconditionally 0 -> -1
2019-09-18 11:47:45,870 [pool-429-thread-1] INFO  server.RaftServerConfigKeys (ConfUtils.java:logGet(43)) - raft.server.log.queue.byte-limit = 2147483647 (custom)
2019-09-18 11:47:45,870 [pool-439-thread-1] INFO  server.RaftServerConfigKeys (ConfUtils.java:logGet(43)) - raft.server.log.queue.byte-limit = 2147483647 (custom)
2019-09-18 11:47:45,871 [pool-429-thread-1] INFO  server.RaftServerConfigKeys (ConfUtils.java:logGet(43)) - raft.server.log.queue.element-limit = 1024 (custom)
2019-09-18 11:47:45,871 [pool-449-thread-1] INFO  server.RaftServerConfigKeys (ConfUtils.java:logGet(43)) - raft.server.snapshot.auto.trigger.enabled = true (custom)
2019-09-18 11:47:45,871 [pool-429-thread-1] INFO  server.RaftServerConfigKeys (ConfUtils.java:logGet(43)) - raft.server.log.segment.size.max = 1048576 (custom)
2019-09-18 11:47:45,871 [pool-439-thread-1] INFO  server.RaftServerConfigKeys (ConfUtils.java:logGet(43)) - raft.server.log.queue.element-limit = 1024 (custom)
2019-09-18 11:47:45,871 [pool-429-thread-1] INFO  server.RaftServerConfigKeys (ConfUtils.java:logGet(43)) - raft.server.log.preallocated.size = 16384 (custom)
2019-09-18 11:47:45,871 [pool-449-thread-1] INFO  server.RaftServerConfigKeys (ConfUtils.java:logGet(43)) - raft.server.snapshot.auto.trigger.threshold = 10000 (custom)
2019-09-18 11:47:45,871 [pool-429-thread-1] INFO  server.RaftServerConfigKeys (ConfUtils.java:logGet(43)) - raft.server.log.write.buffer.size = 33554432 (custom)
2019-09-18 11:47:45,871 [pool-439-thread-1] INFO  server.RaftServerConfigKeys (ConfUtils.java:logGet(43)) - raft.server.log.segment.size.max = 1048576 (custom)
2019-09-18 11:47:45,872 [pool-429-thread-1] INFO  server.RaftServerConfigKeys (ConfUtils.java:logGet(43)) - raft.server.log.force.sync.num = 128 (default)
2019-09-18 11:47:45,872 [pool-449-thread-1] INFO  server.RaftServerConfigKeys (ConfUtils.java:logGet(43)) - raft.server.snapshot.retention.num.files = 5 (custom)
2019-09-18 11:47:45,872 [pool-429-thread-1] INFO  server.RaftServerConfigKeys (ConfUtils.java:logGet(43)) - raft.server.log.statemachine.data.sync = true (default)
2019-09-18 11:47:45,872 [pool-439-thread-1] INFO  server.RaftServerConfigKeys (ConfUtils.java:logGet(43)) - raft.server.log.preallocated.size = 16384 (custom)
2019-09-18 11:47:45,872 [pool-429-thread-1] INFO  server.RaftServerConfigKeys (ConfUtils.java:logGet(43)) - raft.server.log.statemachine.data.sync.timeout = 10s (default)
2019-09-18 11:47:45,872 [pool-429-thread-1] INFO  server.RaftServerConfigKeys (ConfUtils.java:logGet(43)) - raft.server.log.statemachine.data.sync.timeout.retry = -1 (default)
2019-09-18 11:47:45,872 [pool-449-thread-1] INFO  server.RaftServerConfigKeys (ConfUtils.java:logGet(43)) - raft.server.retrycache.expirytime = 600000ms (custom)
2019-09-18 11:47:45,873 [pool-429-thread-1] INFO  server.RaftServerConfigKeys (ConfUtils.java:logGet(43)) - raft.server.log.statemachine.data.caching.enabled = true (custom)
2019-09-18 11:47:45,872 [pool-439-thread-1] INFO  server.RaftServerConfigKeys (ConfUtils.java:logGet(43)) - raft.server.log.write.buffer.size = 33554432 (custom)
2019-09-18 11:47:45,873 [pool-429-thread-1] INFO  segmented.SegmentedRaftLogWorker (SegmentedRaftLogWorker.java:lambda$new$0(132)) - aca8c137-275c-4bd4-a93f-b0c09a946b6e@group-092309D0A6B0-SegmentedRaftLogWorker: flushIndex: setUnconditionally 0 -> -1
2019-09-18 11:47:45,873 [pool-439-thread-1] INFO  server.RaftServerConfigKeys (ConfUtils.java:logGet(43)) - raft.server.log.force.sync.num = 128 (default)
2019-09-18 11:47:45,873 [pool-429-thread-1] INFO  server.RaftServerConfigKeys (ConfUtils.java:logGet(43)) - raft.server.snapshot.auto.trigger.enabled = true (custom)
2019-09-18 11:47:45,873 [pool-439-thread-1] INFO  server.RaftServerConfigKeys (ConfUtils.java:logGet(43)) - raft.server.log.statemachine.data.sync = true (default)
2019-09-18 11:47:45,873 [pool-429-thread-1] INFO  server.RaftServerConfigKeys (ConfUtils.java:logGet(43)) - raft.server.snapshot.auto.trigger.threshold = 10000 (custom)
2019-09-18 11:47:45,874 [pool-439-thread-1] INFO  server.RaftServerConfigKeys (ConfUtils.java:logGet(43)) - raft.server.log.statemachine.data.sync.timeout = 10s (default)
2019-09-18 11:47:45,874 [pool-429-thread-1] INFO  server.RaftServerConfigKeys (ConfUtils.java:logGet(43)) - raft.server.snapshot.retention.num.files = 5 (custom)
2019-09-18 11:47:45,874 [pool-439-thread-1] INFO  server.RaftServerConfigKeys (ConfUtils.java:logGet(43)) - raft.server.log.statemachine.data.sync.timeout.retry = -1 (default)
2019-09-18 11:47:45,874 [pool-429-thread-1] INFO  server.RaftServerConfigKeys (ConfUtils.java:logGet(43)) - raft.server.retrycache.expirytime = 600000ms (custom)
2019-09-18 11:47:45,874 [pool-439-thread-1] INFO  server.RaftServerConfigKeys (ConfUtils.java:logGet(43)) - raft.server.log.statemachine.data.caching.enabled = true (custom)
2019-09-18 11:47:45,875 [pool-439-thread-1] INFO  segmented.SegmentedRaftLogWorker (SegmentedRaftLogWorker.java:lambda$new$0(132)) - f9eae954-5f21-43ae-88df-c06e8fdb763a@group-092309D0A6B0-SegmentedRaftLogWorker: flushIndex: setUnconditionally 0 -> -1
2019-09-18 11:47:45,875 [pool-439-thread-1] INFO  server.RaftServerConfigKeys (ConfUtils.java:logGet(43)) - raft.server.snapshot.auto.trigger.enabled = true (custom)
2019-09-18 11:47:45,875 [pool-439-thread-1] INFO  server.RaftServerConfigKeys (ConfUtils.java:logGet(43)) - raft.server.snapshot.auto.trigger.threshold = 10000 (custom)
2019-09-18 11:47:45,875 [pool-439-thread-1] INFO  server.RaftServerConfigKeys (ConfUtils.java:logGet(43)) - raft.server.snapshot.retention.num.files = 5 (custom)
2019-09-18 11:47:45,876 [pool-449-thread-1] INFO  impl.RaftServerImpl (RaftServerImpl.java:start(185)) - 941b1faa-5cc5-4fbd-82c3-729dc82a122f@group-092309D0A6B0: start as a follower, conf=-1: [aca8c137-275c-4bd4-a93f-b0c09a946b6e:192.168.157.254:43242, f9eae954-5f21-43ae-88df-c06e8fdb763a:192.168.157.254:45021, 941b1faa-5cc5-4fbd-82c3-729dc82a122f:192.168.157.254:45475], old=null
2019-09-18 11:47:45,876 [pool-439-thread-1] INFO  server.RaftServerConfigKeys (ConfUtils.java:logGet(43)) - raft.server.retrycache.expirytime = 600000ms (custom)
2019-09-18 11:47:45,876 [pool-449-thread-1] INFO  impl.RaftServerImpl (RaftServerImpl.java:setRole(174)) - 941b1faa-5cc5-4fbd-82c3-729dc82a122f@group-092309D0A6B0: changes role from      null to FOLLOWER at term 0 for startAsFollower
2019-09-18 11:47:45,876 [pool-449-thread-1] INFO  impl.RoleInfo (RoleInfo.java:updateAndGet(143)) - 941b1faa-5cc5-4fbd-82c3-729dc82a122f: start FollowerState
2019-09-18 11:47:45,877 [pool-449-thread-1] INFO  util.JmxRegister (JmxRegister.java:tryRegister(44)) - Successfully registered JMX Bean with object name Ratis:service=RaftServer,group=group-092309D0A6B0,id=941b1faa-5cc5-4fbd-82c3-729dc82a122f
2019-09-18 11:47:45,877 [pool-429-thread-1] INFO  impl.RaftServerImpl (RaftServerImpl.java:start(185)) - aca8c137-275c-4bd4-a93f-b0c09a946b6e@group-092309D0A6B0: start as a follower, conf=-1: [aca8c137-275c-4bd4-a93f-b0c09a946b6e:192.168.157.254:43242, f9eae954-5f21-43ae-88df-c06e8fdb763a:192.168.157.254:45021, 941b1faa-5cc5-4fbd-82c3-729dc82a122f:192.168.157.254:45475], old=null
2019-09-18 11:47:45,877 [pool-429-thread-1] INFO  impl.RaftServerImpl (RaftServerImpl.java:setRole(174)) - aca8c137-275c-4bd4-a93f-b0c09a946b6e@group-092309D0A6B0: changes role from      null to FOLLOWER at term 0 for startAsFollower
2019-09-18 11:47:45,877 [pool-429-thread-1] INFO  impl.RoleInfo (RoleInfo.java:updateAndGet(143)) - aca8c137-275c-4bd4-a93f-b0c09a946b6e: start FollowerState
2019-09-18 11:47:45,877 [pool-429-thread-1] INFO  util.JmxRegister (JmxRegister.java:tryRegister(44)) - Successfully registered JMX Bean with object name Ratis:service=RaftServer,group=group-092309D0A6B0,id=aca8c137-275c-4bd4-a93f-b0c09a946b6e
2019-09-18 11:47:45,882 [pool-439-thread-1] INFO  impl.RaftServerImpl (RaftServerImpl.java:start(185)) - f9eae954-5f21-43ae-88df-c06e8fdb763a@group-092309D0A6B0: start as a follower, conf=-1: [aca8c137-275c-4bd4-a93f-b0c09a946b6e:192.168.157.254:43242, f9eae954-5f21-43ae-88df-c06e8fdb763a:192.168.157.254:45021, 941b1faa-5cc5-4fbd-82c3-729dc82a122f:192.168.157.254:45475], old=null
2019-09-18 11:47:45,885 [pool-439-thread-1] INFO  impl.RaftServerImpl (RaftServerImpl.java:setRole(174)) - f9eae954-5f21-43ae-88df-c06e8fdb763a@group-092309D0A6B0: changes role from      null to FOLLOWER at term 0 for startAsFollower
2019-09-18 11:47:45,885 [pool-439-thread-1] INFO  impl.RoleInfo (RoleInfo.java:updateAndGet(143)) - f9eae954-5f21-43ae-88df-c06e8fdb763a: start FollowerState
2019-09-18 11:47:45,886 [pool-439-thread-1] INFO  util.JmxRegister (JmxRegister.java:tryRegister(44)) - Successfully registered JMX Bean with object name Ratis:service=RaftServer,group=group-092309D0A6B0,id=f9eae954-5f21-43ae-88df-c06e8fdb763a
2019-09-18 11:47:45,890 [RatisPipelineUtilsThread] INFO  pipeline.PipelineStateManager (PipelineStateManager.java:addPipeline(56)) - Created pipeline Pipeline[ Id: 7fee27b4-a560-4900-8c95-092309d0a6b0, Nodes: f9eae954-5f21-43ae-88df-c06e8fdb763a{ip: 192.168.157.254, host: pr-hdds-2143-zjsjg-1178913, networkLocation: /default-rack, certSerialId: null}aca8c137-275c-4bd4-a93f-b0c09a946b6e{ip: 192.168.157.254, host: pr-hdds-2143-zjsjg-1178913, networkLocation: /default-rack, certSerialId: null}941b1faa-5cc5-4fbd-82c3-729dc82a122f{ip: 192.168.157.254, host: pr-hdds-2143-zjsjg-1178913, networkLocation: /default-rack, certSerialId: null}, Type:RATIS, Factor:THREE, State:OPEN]
2019-09-18 11:47:45,902 [grpc-default-executor-0] INFO  impl.RaftServerProxy (RaftServerProxy.java:addNew(89)) - 667c917f-69b1-4d24-81e9-af1370db70ff: addNew group-4B0031EC218E:[43bd4a59-611b-42ac-b803-c7bc77298fb7:192.168.157.254:40697, 667c917f-69b1-4d24-81e9-af1370db70ff:192.168.157.254:42838, 80b2273a-a181-40f7-a59c-f9bb72e1a4d3:192.168.157.254:43451] returns group-4B0031EC218E:java.util.concurrent.CompletableFuture@ef1042a[Not completed]
2019-09-18 11:47:45,902 [grpc-default-executor-12] INFO  impl.RaftServerProxy (RaftServerProxy.java:addNew(89)) - 43bd4a59-611b-42ac-b803-c7bc77298fb7: addNew group-4B0031EC218E:[43bd4a59-611b-42ac-b803-c7bc77298fb7:192.168.157.254:40697, 667c917f-69b1-4d24-81e9-af1370db70ff:192.168.157.254:42838, 80b2273a-a181-40f7-a59c-f9bb72e1a4d3:192.168.157.254:43451] returns group-4B0031EC218E:java.util.concurrent.CompletableFuture@2be60da7[Not completed]
2019-09-18 11:47:45,902 [grpc-default-executor-9] INFO  impl.RaftServerProxy (RaftServerProxy.java:addNew(89)) - 80b2273a-a181-40f7-a59c-f9bb72e1a4d3: addNew group-4B0031EC218E:[43bd4a59-611b-42ac-b803-c7bc77298fb7:192.168.157.254:40697, 667c917f-69b1-4d24-81e9-af1370db70ff:192.168.157.254:42838, 80b2273a-a181-40f7-a59c-f9bb72e1a4d3:192.168.157.254:43451] returns group-4B0031EC218E:java.util.concurrent.CompletableFuture@58f46dc5[Not completed]
2019-09-18 11:47:45,906 [pool-469-thread-1] INFO  impl.RaftServerImpl (RaftServerImpl.java:<init>(95)) - 43bd4a59-611b-42ac-b803-c7bc77298fb7: new RaftServerImpl for group-4B0031EC218E:[43bd4a59-611b-42ac-b803-c7bc77298fb7:192.168.157.254:40697, 667c917f-69b1-4d24-81e9-af1370db70ff:192.168.157.254:42838, 80b2273a-a181-40f7-a59c-f9bb72e1a4d3:192.168.157.254:43451] with ContainerStateMachine:uninitialized
2019-09-18 11:47:45,906 [pool-469-thread-1] INFO  server.RaftServerConfigKeys (ConfUtils.java:logGet(43)) - raft.server.rpc.timeout.min = 5s (custom)
2019-09-18 11:47:45,906 [pool-469-thread-1] INFO  server.RaftServerConfigKeys (ConfUtils.java:logGet(43)) - raft.server.rpc.timeout.max = 5200ms (custom)
2019-09-18 11:47:45,906 [pool-469-thread-1] INFO  server.RaftServerConfigKeys (ConfUtils.java:logGet(43)) - raft.server.rpcslowness.timeout = 120s (custom)
2019-09-18 11:47:45,906 [pool-469-thread-1] INFO  server.RaftServerConfigKeys (ConfUtils.java:logGet(43)) - raft.server.sleep.deviation.threshold = 300 (default)
2019-09-18 11:47:45,907 [pool-469-thread-1] INFO  server.RaftServerConfigKeys (ConfUtils.java:logGet(43)) - raft.server.log.appender.install.snapshot.enabled = false (custom)
2019-09-18 11:47:45,907 [pool-409-thread-1] INFO  impl.RaftServerImpl (RaftServerImpl.java:<init>(95)) - 667c917f-69b1-4d24-81e9-af1370db70ff: new RaftServerImpl for group-4B0031EC218E:[43bd4a59-611b-42ac-b803-c7bc77298fb7:192.168.157.254:40697, 667c917f-69b1-4d24-81e9-af1370db70ff:192.168.157.254:42838, 80b2273a-a181-40f7-a59c-f9bb72e1a4d3:192.168.157.254:43451] with ContainerStateMachine:uninitialized
2019-09-18 11:47:45,907 [pool-469-thread-1] INFO  impl.RaftServerImpl (ServerState.java:<init>(103)) - 43bd4a59-611b-42ac-b803-c7bc77298fb7@group-4B0031EC218E: ConfigurationManager, init=-1: [43bd4a59-611b-42ac-b803-c7bc77298fb7:192.168.157.254:40697, 667c917f-69b1-4d24-81e9-af1370db70ff:192.168.157.254:42838, 80b2273a-a181-40f7-a59c-f9bb72e1a4d3:192.168.157.254:43451], old=null, confs=<EMPTY_MAP>
2019-09-18 11:47:45,907 [pool-409-thread-1] INFO  server.RaftServerConfigKeys (ConfUtils.java:logGet(43)) - raft.server.rpc.timeout.min = 5s (custom)
2019-09-18 11:47:45,907 [pool-469-thread-1] INFO  server.RaftServerConfigKeys (ConfUtils.java:logGet(43)) - raft.server.storage.dir = [/workdir/hadoop-ozone/integration-test/target/test-dir/MiniOzoneClusterImpl-29a1df15-cd37-4e65-a38b-6e93fe944b41/datanode-6/data/ratis] (custom)
2019-09-18 11:47:45,907 [pool-409-thread-1] INFO  server.RaftServerConfigKeys (ConfUtils.java:logGet(43)) - raft.server.rpc.timeout.max = 5200ms (custom)
2019-09-18 11:47:45,907 [pool-409-thread-1] INFO  server.RaftServerConfigKeys (ConfUtils.java:logGet(43)) - raft.server.rpcslowness.timeout = 120s (custom)
2019-09-18 11:47:45,907 [pool-409-thread-1] INFO  server.RaftServerConfigKeys (ConfUtils.java:logGet(43)) - raft.server.sleep.deviation.threshold = 300 (default)
2019-09-18 11:47:45,907 [pool-469-thread-1] INFO  storage.RaftStorageDirectory (RaftStorageDirectory.java:analyzeStorage(246)) - The storage directory /workdir/hadoop-ozone/integration-test/target/test-dir/MiniOzoneClusterImpl-29a1df15-cd37-4e65-a38b-6e93fe944b41/datanode-6/data/ratis/0c2f8137-b3ac-45ea-bafe-4b0031ec218e does not exist. Creating ...
2019-09-18 11:47:45,907 [pool-419-thread-1] INFO  impl.RaftServerImpl (RaftServerImpl.java:<init>(95)) - 80b2273a-a181-40f7-a59c-f9bb72e1a4d3: new RaftServerImpl for group-4B0031EC218E:[43bd4a59-611b-42ac-b803-c7bc77298fb7:192.168.157.254:40697, 667c917f-69b1-4d24-81e9-af1370db70ff:192.168.157.254:42838, 80b2273a-a181-40f7-a59c-f9bb72e1a4d3:192.168.157.254:43451] with ContainerStateMachine:uninitialized
2019-09-18 11:47:45,907 [pool-409-thread-1] INFO  server.RaftServerConfigKeys (ConfUtils.java:logGet(43)) - raft.server.log.appender.install.snapshot.enabled = false (custom)
2019-09-18 11:47:45,908 [pool-419-thread-1] INFO  server.RaftServerConfigKeys (ConfUtils.java:logGet(43)) - raft.server.rpc.timeout.min = 5s (custom)
2019-09-18 11:47:45,908 [pool-409-thread-1] INFO  impl.RaftServerImpl (ServerState.java:<init>(103)) - 667c917f-69b1-4d24-81e9-af1370db70ff@group-4B0031EC218E: ConfigurationManager, init=-1: [43bd4a59-611b-42ac-b803-c7bc77298fb7:192.168.157.254:40697, 667c917f-69b1-4d24-81e9-af1370db70ff:192.168.157.254:42838, 80b2273a-a181-40f7-a59c-f9bb72e1a4d3:192.168.157.254:43451], old=null, confs=<EMPTY_MAP>
2019-09-18 11:47:45,908 [pool-419-thread-1] INFO  server.RaftServerConfigKeys (ConfUtils.java:logGet(43)) - raft.server.rpc.timeout.max = 5200ms (custom)
2019-09-18 11:47:45,908 [pool-409-thread-1] INFO  server.RaftServerConfigKeys (ConfUtils.java:logGet(43)) - raft.server.storage.dir = [/workdir/hadoop-ozone/integration-test/target/test-dir/MiniOzoneClusterImpl-29a1df15-cd37-4e65-a38b-6e93fe944b41/datanode-0/data/ratis] (custom)
2019-09-18 11:47:45,908 [pool-419-thread-1] INFO  server.RaftServerConfigKeys (ConfUtils.java:logGet(43)) - raft.server.rpcslowness.timeout = 120s (custom)
2019-09-18 11:47:45,909 [pool-419-thread-1] INFO  server.RaftServerConfigKeys (ConfUtils.java:logGet(43)) - raft.server.sleep.deviation.threshold = 300 (default)
2019-09-18 11:47:45,909 [pool-409-thread-1] INFO  storage.RaftStorageDirectory (RaftStorageDirectory.java:analyzeStorage(246)) - The storage directory /workdir/hadoop-ozone/integration-test/target/test-dir/MiniOzoneClusterImpl-29a1df15-cd37-4e65-a38b-6e93fe944b41/datanode-0/data/ratis/0c2f8137-b3ac-45ea-bafe-4b0031ec218e does not exist. Creating ...
2019-09-18 11:47:45,909 [pool-419-thread-1] INFO  server.RaftServerConfigKeys (ConfUtils.java:logGet(43)) - raft.server.log.appender.install.snapshot.enabled = false (custom)
2019-09-18 11:47:45,909 [pool-419-thread-1] INFO  impl.RaftServerImpl (ServerState.java:<init>(103)) - 80b2273a-a181-40f7-a59c-f9bb72e1a4d3@group-4B0031EC218E: ConfigurationManager, init=-1: [43bd4a59-611b-42ac-b803-c7bc77298fb7:192.168.157.254:40697, 667c917f-69b1-4d24-81e9-af1370db70ff:192.168.157.254:42838, 80b2273a-a181-40f7-a59c-f9bb72e1a4d3:192.168.157.254:43451], old=null, confs=<EMPTY_MAP>
2019-09-18 11:47:45,909 [pool-419-thread-1] INFO  server.RaftServerConfigKeys (ConfUtils.java:logGet(43)) - raft.server.storage.dir = [/workdir/hadoop-ozone/integration-test/target/test-dir/MiniOzoneClusterImpl-29a1df15-cd37-4e65-a38b-6e93fe944b41/datanode-1/data/ratis] (custom)
2019-09-18 11:47:45,910 [pool-419-thread-1] INFO  storage.RaftStorageDirectory (RaftStorageDirectory.java:analyzeStorage(246)) - The storage directory /workdir/hadoop-ozone/integration-test/target/test-dir/MiniOzoneClusterImpl-29a1df15-cd37-4e65-a38b-6e93fe944b41/datanode-1/data/ratis/0c2f8137-b3ac-45ea-bafe-4b0031ec218e does not exist. Creating ...
2019-09-18 11:47:45,921 [pool-409-thread-1] INFO  storage.RaftStorageDirectory (RaftStorageDirectory.java:tryLock(328)) - Lock on /workdir/hadoop-ozone/integration-test/target/test-dir/MiniOzoneClusterImpl-29a1df15-cd37-4e65-a38b-6e93fe944b41/datanode-0/data/ratis/0c2f8137-b3ac-45ea-bafe-4b0031ec218e/in_use.lock acquired by nodename 5611@pr-hdds-2143-zjsjg-1178913
2019-09-18 11:47:45,921 [pool-419-thread-1] INFO  storage.RaftStorageDirectory (RaftStorageDirectory.java:tryLock(328)) - Lock on /workdir/hadoop-ozone/integration-test/target/test-dir/MiniOzoneClusterImpl-29a1df15-cd37-4e65-a38b-6e93fe944b41/datanode-1/data/ratis/0c2f8137-b3ac-45ea-bafe-4b0031ec218e/in_use.lock acquired by nodename 5611@pr-hdds-2143-zjsjg-1178913
2019-09-18 11:47:45,921 [pool-469-thread-1] INFO  storage.RaftStorageDirectory (RaftStorageDirectory.java:tryLock(328)) - Lock on /workdir/hadoop-ozone/integration-test/target/test-dir/MiniOzoneClusterImpl-29a1df15-cd37-4e65-a38b-6e93fe944b41/datanode-6/data/ratis/0c2f8137-b3ac-45ea-bafe-4b0031ec218e/in_use.lock acquired by nodename 5611@pr-hdds-2143-zjsjg-1178913
2019-09-18 11:47:45,947 [pool-409-thread-1] INFO  storage.RaftStorage (RaftStorage.java:format(72)) - Storage directory /workdir/hadoop-ozone/integration-test/target/test-dir/MiniOzoneClusterImpl-29a1df15-cd37-4e65-a38b-6e93fe944b41/datanode-0/data/ratis/0c2f8137-b3ac-45ea-bafe-4b0031ec218e has been successfully formatted.
2019-09-18 11:47:45,947 [pool-469-thread-1] INFO  storage.RaftStorage (RaftStorage.java:format(72)) - Storage directory /workdir/hadoop-ozone/integration-test/target/test-dir/MiniOzoneClusterImpl-29a1df15-cd37-4e65-a38b-6e93fe944b41/datanode-6/data/ratis/0c2f8137-b3ac-45ea-bafe-4b0031ec218e has been successfully formatted.
2019-09-18 11:47:45,947 [pool-419-thread-1] INFO  storage.RaftStorage (RaftStorage.java:format(72)) - Storage directory /workdir/hadoop-ozone/integration-test/target/test-dir/MiniOzoneClusterImpl-29a1df15-cd37-4e65-a38b-6e93fe944b41/datanode-1/data/ratis/0c2f8137-b3ac-45ea-bafe-4b0031ec218e has been successfully formatted.
2019-09-18 11:47:45,947 [pool-469-thread-1] INFO  ratis.ContainerStateMachine (ContainerStateMachine.java:loadSnapshot(230)) - group-4B0031EC218E: The snapshot info is null. Setting the last applied indexto:(t:0, i:~)
2019-09-18 11:47:45,947 [pool-409-thread-1] INFO  ratis.ContainerStateMachine (ContainerStateMachine.java:loadSnapshot(230)) - group-4B0031EC218E: The snapshot info is null. Setting the last applied indexto:(t:0, i:~)
2019-09-18 11:47:45,948 [pool-469-thread-1] INFO  server.RaftServerConfigKeys (ConfUtils.java:logGet(43)) - raft.server.notification.no-leader.timeout = 120s (custom)
2019-09-18 11:47:45,947 [pool-419-thread-1] INFO  ratis.ContainerStateMachine (ContainerStateMachine.java:loadSnapshot(230)) - group-4B0031EC218E: The snapshot info is null. Setting the last applied indexto:(t:0, i:~)
2019-09-18 11:47:45,948 [pool-469-thread-1] INFO  server.RaftServerConfigKeys (ConfUtils.java:logGet(43)) - raft.server.log.use.memory = false (default)
2019-09-18 11:47:45,948 [pool-409-thread-1] INFO  server.RaftServerConfigKeys (ConfUtils.java:logGet(43)) - raft.server.notification.no-leader.timeout = 120s (custom)
2019-09-18 11:47:45,948 [pool-469-thread-1] INFO  server.RaftServerConfigKeys (ConfUtils.java:logGet(43)) - raft.server.log.purge.gap = 1000000 (custom)
2019-09-18 11:47:45,948 [pool-419-thread-1] INFO  server.RaftServerConfigKeys (ConfUtils.java:logGet(43)) - raft.server.notification.no-leader.timeout = 120s (custom)
2019-09-18 11:47:45,948 [pool-469-thread-1] INFO  server.RaftServerConfigKeys (ConfUtils.java:logGet(43)) - raft.server.log.appender.buffer.byte-limit = 33554432 (custom)
2019-09-18 11:47:45,948 [pool-409-thread-1] INFO  server.RaftServerConfigKeys (ConfUtils.java:logGet(43)) - raft.server.log.use.memory = false (default)
2019-09-18 11:47:45,949 [pool-469-thread-1] INFO  server.RaftServerConfigKeys (ConfUtils.java:logGet(43)) - raft.server.log.segment.size.max = 1048576 (custom)
2019-09-18 11:47:45,948 [pool-419-thread-1] INFO  server.RaftServerConfigKeys (ConfUtils.java:logGet(43)) - raft.server.log.use.memory = false (default)
2019-09-18 11:47:45,949 [pool-469-thread-1] INFO  server.RaftServerConfigKeys (ConfUtils.java:logGet(43)) - raft.server.log.segment.cache.num.max = 2 (custom)
2019-09-18 11:47:45,949 [pool-409-thread-1] INFO  server.RaftServerConfigKeys (ConfUtils.java:logGet(43)) - raft.server.log.purge.gap = 1000000 (custom)
2019-09-18 11:47:45,949 [pool-469-thread-1] INFO  segmented.SegmentedRaftLogWorker (SegmentedRaftLogWorker.java:<init>(172)) - new 43bd4a59-611b-42ac-b803-c7bc77298fb7@group-4B0031EC218E-SegmentedRaftLogWorker for RaftStorage:Storage Directory /workdir/hadoop-ozone/integration-test/target/test-dir/MiniOzoneClusterImpl-29a1df15-cd37-4e65-a38b-6e93fe944b41/datanode-6/data/ratis/0c2f8137-b3ac-45ea-bafe-4b0031ec218e
2019-09-18 11:47:45,949 [pool-419-thread-1] INFO  server.RaftServerConfigKeys (ConfUtils.java:logGet(43)) - raft.server.log.purge.gap = 1000000 (custom)
2019-09-18 11:47:45,949 [pool-469-thread-1] INFO  server.RaftServerConfigKeys (ConfUtils.java:logGet(43)) - raft.server.log.queue.byte-limit = 2147483647 (custom)
2019-09-18 11:47:45,949 [pool-409-thread-1] INFO  server.RaftServerConfigKeys (ConfUtils.java:logGet(43)) - raft.server.log.appender.buffer.byte-limit = 33554432 (custom)
2019-09-18 11:47:45,950 [pool-469-thread-1] INFO  server.RaftServerConfigKeys (ConfUtils.java:logGet(43)) - raft.server.log.queue.element-limit = 1024 (custom)
2019-09-18 11:47:45,950 [pool-419-thread-1] INFO  server.RaftServerConfigKeys (ConfUtils.java:logGet(43)) - raft.server.log.appender.buffer.byte-limit = 33554432 (custom)
2019-09-18 11:47:45,950 [pool-469-thread-1] INFO  server.RaftServerConfigKeys (ConfUtils.java:logGet(43)) - raft.server.log.segment.size.max = 1048576 (custom)
2019-09-18 11:47:45,950 [pool-409-thread-1] INFO  server.RaftServerConfigKeys (ConfUtils.java:logGet(43)) - raft.server.log.segment.size.max = 1048576 (custom)
2019-09-18 11:47:45,950 [pool-469-thread-1] INFO  server.RaftServerConfigKeys (ConfUtils.java:logGet(43)) - raft.server.log.preallocated.size = 16384 (custom)
2019-09-18 11:47:45,950 [pool-419-thread-1] INFO  server.RaftServerConfigKeys (ConfUtils.java:logGet(43)) - raft.server.log.segment.size.max = 1048576 (custom)
2019-09-18 11:47:45,951 [pool-469-thread-1] INFO  server.RaftServerConfigKeys (ConfUtils.java:logGet(43)) - raft.server.log.write.buffer.size = 33554432 (custom)
2019-09-18 11:47:45,950 [pool-409-thread-1] INFO  server.RaftServerConfigKeys (ConfUtils.java:logGet(43)) - raft.server.log.segment.cache.num.max = 2 (custom)
2019-09-18 11:47:45,951 [pool-469-thread-1] INFO  server.RaftServerConfigKeys (ConfUtils.java:logGet(43)) - raft.server.log.force.sync.num = 128 (default)
2019-09-18 11:47:45,951 [pool-469-thread-1] INFO  server.RaftServerConfigKeys (ConfUtils.java:logGet(43)) - raft.server.log.statemachine.data.sync = true (default)
2019-09-18 11:47:45,951 [pool-419-thread-1] INFO  server.RaftServerConfigKeys (ConfUtils.java:logGet(43)) - raft.server.log.segment.cache.num.max = 2 (custom)
2019-09-18 11:47:45,951 [pool-469-thread-1] INFO  server.RaftServerConfigKeys (ConfUtils.java:logGet(43)) - raft.server.log.statemachine.data.sync.timeout = 10s (default)
2019-09-18 11:47:45,951 [pool-409-thread-1] INFO  segmented.SegmentedRaftLogWorker (SegmentedRaftLogWorker.java:<init>(172)) - new 667c917f-69b1-4d24-81e9-af1370db70ff@group-4B0031EC218E-SegmentedRaftLogWorker for RaftStorage:Storage Directory /workdir/hadoop-ozone/integration-test/target/test-dir/MiniOzoneClusterImpl-29a1df15-cd37-4e65-a38b-6e93fe944b41/datanode-0/data/ratis/0c2f8137-b3ac-45ea-bafe-4b0031ec218e
2019-09-18 11:47:45,952 [pool-469-thread-1] INFO  server.RaftServerConfigKeys (ConfUtils.java:logGet(43)) - raft.server.log.statemachine.data.sync.timeout.retry = -1 (default)
2019-09-18 11:47:45,952 [pool-419-thread-1] INFO  segmented.SegmentedRaftLogWorker (SegmentedRaftLogWorker.java:<init>(172)) - new 80b2273a-a181-40f7-a59c-f9bb72e1a4d3@group-4B0031EC218E-SegmentedRaftLogWorker for RaftStorage:Storage Directory /workdir/hadoop-ozone/integration-test/target/test-dir/MiniOzoneClusterImpl-29a1df15-cd37-4e65-a38b-6e93fe944b41/datanode-1/data/ratis/0c2f8137-b3ac-45ea-bafe-4b0031ec218e
2019-09-18 11:47:45,952 [pool-469-thread-1] INFO  server.RaftServerConfigKeys (ConfUtils.java:logGet(43)) - raft.server.log.statemachine.data.caching.enabled = true (custom)
2019-09-18 11:47:45,952 [pool-409-thread-1] INFO  server.RaftServerConfigKeys (ConfUtils.java:logGet(43)) - raft.server.log.queue.byte-limit = 2147483647 (custom)
2019-09-18 11:47:45,952 [pool-419-thread-1] INFO  server.RaftServerConfigKeys (ConfUtils.java:logGet(43)) - raft.server.log.queue.byte-limit = 2147483647 (custom)
2019-09-18 11:47:45,952 [pool-469-thread-1] INFO  segmented.SegmentedRaftLogWorker (SegmentedRaftLogWorker.java:lambda$new$0(132)) - 43bd4a59-611b-42ac-b803-c7bc77298fb7@group-4B0031EC218E-SegmentedRaftLogWorker: flushIndex: setUnconditionally 0 -> -1
2019-09-18 11:47:45,952 [pool-409-thread-1] INFO  server.RaftServerConfigKeys (ConfUtils.java:logGet(43)) - raft.server.log.queue.element-limit = 1024 (custom)
2019-09-18 11:47:45,953 [pool-419-thread-1] INFO  server.RaftServerConfigKeys (ConfUtils.java:logGet(43)) - raft.server.log.queue.element-limit = 1024 (custom)
2019-09-18 11:47:45,953 [pool-469-thread-1] INFO  server.RaftServerConfigKeys (ConfUtils.java:logGet(43)) - raft.server.snapshot.auto.trigger.enabled = true (custom)
2019-09-18 11:47:45,954 [pool-419-thread-1] INFO  server.RaftServerConfigKeys (ConfUtils.java:logGet(43)) - raft.server.log.segment.size.max = 1048576 (custom)
2019-09-18 11:47:45,954 [pool-409-thread-1] INFO  server.RaftServerConfigKeys (ConfUtils.java:logGet(43)) - raft.server.log.segment.size.max = 1048576 (custom)
2019-09-18 11:47:45,954 [pool-419-thread-1] INFO  server.RaftServerConfigKeys (ConfUtils.java:logGet(43)) - raft.server.log.preallocated.size = 16384 (custom)
2019-09-18 11:47:45,954 [pool-469-thread-1] INFO  server.RaftServerConfigKeys (ConfUtils.java:logGet(43)) - raft.server.snapshot.auto.trigger.threshold = 10000 (custom)
2019-09-18 11:47:45,955 [pool-419-thread-1] INFO  server.RaftServerConfigKeys (ConfUtils.java:logGet(43)) - raft.server.log.write.buffer.size = 33554432 (custom)
2019-09-18 11:47:45,955 [pool-409-thread-1] INFO  server.RaftServerConfigKeys (ConfUtils.java:logGet(43)) - raft.server.log.preallocated.size = 16384 (custom)
2019-09-18 11:47:45,955 [pool-419-thread-1] INFO  server.RaftServerConfigKeys (ConfUtils.java:logGet(43)) - raft.server.log.force.sync.num = 128 (default)
2019-09-18 11:47:45,955 [pool-469-thread-1] INFO  server.RaftServerConfigKeys (ConfUtils.java:logGet(43)) - raft.server.snapshot.retention.num.files = 5 (custom)
2019-09-18 11:47:45,955 [pool-419-thread-1] INFO  server.RaftServerConfigKeys (ConfUtils.java:logGet(43)) - raft.server.log.statemachine.data.sync = true (default)
2019-09-18 11:47:45,955 [pool-409-thread-1] INFO  server.RaftServerConfigKeys (ConfUtils.java:logGet(43)) - raft.server.log.write.buffer.size = 33554432 (custom)
2019-09-18 11:47:45,956 [pool-419-thread-1] INFO  server.RaftServerConfigKeys (ConfUtils.java:logGet(43)) - raft.server.log.statemachine.data.sync.timeout = 10s (default)
2019-09-18 11:47:45,956 [pool-469-thread-1] INFO  server.RaftServerConfigKeys (ConfUtils.java:logGet(43)) - raft.server.retrycache.expirytime = 600000ms (custom)
2019-09-18 11:47:45,956 [pool-419-thread-1] INFO  server.RaftServerConfigKeys (ConfUtils.java:logGet(43)) - raft.server.log.statemachine.data.sync.timeout.retry = -1 (default)
2019-09-18 11:47:45,956 [pool-409-thread-1] INFO  server.RaftServerConfigKeys (ConfUtils.java:logGet(43)) - raft.server.log.force.sync.num = 128 (default)
2019-09-18 11:47:45,956 [pool-419-thread-1] INFO  server.RaftServerConfigKeys (ConfUtils.java:logGet(43)) - raft.server.log.statemachine.data.caching.enabled = true (custom)
2019-09-18 11:47:45,956 [pool-409-thread-1] INFO  server.RaftServerConfigKeys (ConfUtils.java:logGet(43)) - raft.server.log.statemachine.data.sync = true (default)
2019-09-18 11:47:45,957 [pool-409-thread-1] INFO  server.RaftServerConfigKeys (ConfUtils.java:logGet(43)) - raft.server.log.statemachine.data.sync.timeout = 10s (default)
2019-09-18 11:47:45,957 [pool-419-thread-1] INFO  segmented.SegmentedRaftLogWorker (SegmentedRaftLogWorker.java:lambda$new$0(132)) - 80b2273a-a181-40f7-a59c-f9bb72e1a4d3@group-4B0031EC218E-SegmentedRaftLogWorker: flushIndex: setUnconditionally 0 -> -1
2019-09-18 11:47:45,957 [pool-409-thread-1] INFO  server.RaftServerConfigKeys (ConfUtils.java:logGet(43)) - raft.server.log.statemachine.data.sync.timeout.retry = -1 (default)
2019-09-18 11:47:45,957 [pool-409-thread-1] INFO  server.RaftServerConfigKeys (ConfUtils.java:logGet(43)) - raft.server.log.statemachine.data.caching.enabled = true (custom)
2019-09-18 11:47:45,957 [pool-419-thread-1] INFO  server.RaftServerConfigKeys (ConfUtils.java:logGet(43)) - raft.server.snapshot.auto.trigger.enabled = true (custom)
2019-09-18 11:47:45,957 [pool-409-thread-1] INFO  segmented.SegmentedRaftLogWorker (SegmentedRaftLogWorker.java:lambda$new$0(132)) - 667c917f-69b1-4d24-81e9-af1370db70ff@group-4B0031EC218E-SegmentedRaftLogWorker: flushIndex: setUnconditionally 0 -> -1
2019-09-18 11:47:45,957 [pool-419-thread-1] INFO  server.RaftServerConfigKeys (ConfUtils.java:logGet(43)) - raft.server.snapshot.auto.trigger.threshold = 10000 (custom)
2019-09-18 11:47:45,958 [pool-409-thread-1] INFO  server.RaftServerConfigKeys (ConfUtils.java:logGet(43)) - raft.server.snapshot.auto.trigger.enabled = true (custom)
2019-09-18 11:47:45,958 [pool-419-thread-1] INFO  server.RaftServerConfigKeys (ConfUtils.java:logGet(43)) - raft.server.snapshot.retention.num.files = 5 (custom)
2019-09-18 11:47:45,958 [pool-409-thread-1] INFO  server.RaftServerConfigKeys (ConfUtils.java:logGet(43)) - raft.server.snapshot.auto.trigger.threshold = 10000 (custom)
2019-09-18 11:47:45,958 [pool-419-thread-1] INFO  server.RaftServerConfigKeys (ConfUtils.java:logGet(43)) - raft.server.retrycache.expirytime = 600000ms (custom)
2019-09-18 11:47:45,958 [pool-409-thread-1] INFO  server.RaftServerConfigKeys (ConfUtils.java:logGet(43)) - raft.server.snapshot.retention.num.files = 5 (custom)
2019-09-18 11:47:45,958 [pool-409-thread-1] INFO  server.RaftServerConfigKeys (ConfUtils.java:logGet(43)) - raft.server.retrycache.expirytime = 600000ms (custom)
2019-09-18 11:47:45,958 [pool-469-thread-1] INFO  impl.RaftServerImpl (RaftServerImpl.java:start(185)) - 43bd4a59-611b-42ac-b803-c7bc77298fb7@group-4B0031EC218E: start as a follower, conf=-1: [43bd4a59-611b-42ac-b803-c7bc77298fb7:192.168.157.254:40697, 667c917f-69b1-4d24-81e9-af1370db70ff:192.168.157.254:42838, 80b2273a-a181-40f7-a59c-f9bb72e1a4d3:192.168.157.254:43451], old=null
2019-09-18 11:47:45,959 [pool-469-thread-1] INFO  impl.RaftServerImpl (RaftServerImpl.java:setRole(174)) - 43bd4a59-611b-42ac-b803-c7bc77298fb7@group-4B0031EC218E: changes role from      null to FOLLOWER at term 0 for startAsFollower
2019-09-18 11:47:45,959 [pool-469-thread-1] INFO  impl.RoleInfo (RoleInfo.java:updateAndGet(143)) - 43bd4a59-611b-42ac-b803-c7bc77298fb7: start FollowerState
2019-09-18 11:47:45,960 [pool-469-thread-1] INFO  util.JmxRegister (JmxRegister.java:tryRegister(44)) - Successfully registered JMX Bean with object name Ratis:service=RaftServer,group=group-4B0031EC218E,id=43bd4a59-611b-42ac-b803-c7bc77298fb7
2019-09-18 11:47:45,965 [pool-419-thread-1] INFO  impl.RaftServerImpl (RaftServerImpl.java:start(185)) - 80b2273a-a181-40f7-a59c-f9bb72e1a4d3@group-4B0031EC218E: start as a follower, conf=-1: [43bd4a59-611b-42ac-b803-c7bc77298fb7:192.168.157.254:40697, 667c917f-69b1-4d24-81e9-af1370db70ff:192.168.157.254:42838, 80b2273a-a181-40f7-a59c-f9bb72e1a4d3:192.168.157.254:43451], old=null
2019-09-18 11:47:45,965 [pool-409-thread-1] INFO  impl.RaftServerImpl (RaftServerImpl.java:start(185)) - 667c917f-69b1-4d24-81e9-af1370db70ff@group-4B0031EC218E: start as a follower, conf=-1: [43bd4a59-611b-42ac-b803-c7bc77298fb7:192.168.157.254:40697, 667c917f-69b1-4d24-81e9-af1370db70ff:192.168.157.254:42838, 80b2273a-a181-40f7-a59c-f9bb72e1a4d3:192.168.157.254:43451], old=null
2019-09-18 11:47:45,965 [pool-419-thread-1] INFO  impl.RaftServerImpl (RaftServerImpl.java:setRole(174)) - 80b2273a-a181-40f7-a59c-f9bb72e1a4d3@group-4B0031EC218E: changes role from      null to FOLLOWER at term 0 for startAsFollower
2019-09-18 11:47:45,965 [pool-409-thread-1] INFO  impl.RaftServerImpl (RaftServerImpl.java:setRole(174)) - 667c917f-69b1-4d24-81e9-af1370db70ff@group-4B0031EC218E: changes role from      null to FOLLOWER at term 0 for startAsFollower
2019-09-18 11:47:45,965 [pool-419-thread-1] INFO  impl.RoleInfo (RoleInfo.java:updateAndGet(143)) - 80b2273a-a181-40f7-a59c-f9bb72e1a4d3: start FollowerState
2019-09-18 11:47:45,965 [pool-409-thread-1] INFO  impl.RoleInfo (RoleInfo.java:updateAndGet(143)) - 667c917f-69b1-4d24-81e9-af1370db70ff: start FollowerState
2019-09-18 11:47:45,966 [pool-419-thread-1] INFO  util.JmxRegister (JmxRegister.java:tryRegister(44)) - Successfully registered JMX Bean with object name Ratis:service=RaftServer,group=group-4B0031EC218E,id=80b2273a-a181-40f7-a59c-f9bb72e1a4d3
2019-09-18 11:47:45,966 [pool-409-thread-1] INFO  util.JmxRegister (JmxRegister.java:tryRegister(44)) - Successfully registered JMX Bean with object name Ratis:service=RaftServer,group=group-4B0031EC218E,id=667c917f-69b1-4d24-81e9-af1370db70ff
2019-09-18 11:47:45,974 [RatisPipelineUtilsThread] INFO  pipeline.PipelineStateManager (PipelineStateManager.java:addPipeline(56)) - Created pipeline Pipeline[ Id: 0c2f8137-b3ac-45ea-bafe-4b0031ec218e, Nodes: 43bd4a59-611b-42ac-b803-c7bc77298fb7{ip: 192.168.157.254, host: pr-hdds-2143-zjsjg-1178913, networkLocation: /default-rack, certSerialId: null}667c917f-69b1-4d24-81e9-af1370db70ff{ip: 192.168.157.254, host: pr-hdds-2143-zjsjg-1178913, networkLocation: /default-rack, certSerialId: null}80b2273a-a181-40f7-a59c-f9bb72e1a4d3{ip: 192.168.157.254, host: pr-hdds-2143-zjsjg-1178913, networkLocation: /default-rack, certSerialId: null}, Type:RATIS, Factor:THREE, State:OPEN]
2019-09-18 11:47:46,304 [main] INFO  ozone.MiniOzoneClusterImpl (MiniOzoneClusterImpl.java:lambda$waitForClusterToBeReady$0(145)) - Cluster is ready. Got 7 of 7 DN Heartbeats.
2019-09-18 11:47:46,340 [main] INFO  rpc.RpcClient (RpcClient.java:createVolume(302)) - Creating Volume: testblockoutputstream, with jenkins1000 as owner.
2019-09-18 11:47:46,343 [IPC Server handler 1 on 44494] INFO  volume.OMVolumeCreateRequest (OMVolumeCreateRequest.java:validateAndUpdateCache(189)) - created volume:testblockoutputstream for user:jenkins1000
2019-09-18 11:47:46,359 [main] INFO  rpc.RpcClient (RpcClient.java:createBucket(441)) - Creating Bucket: testblockoutputstream/testblockoutputstream, with Versioning false and Storage Type set to DISK and Encryption set to false 
2019-09-18 11:47:46,392 [grpc-default-executor-9] INFO  client.GrpcClientProtocolClient (GrpcClientProtocolClient.java:onNext(264)) - client-944E03440049->43bd4a59-611b-42ac-b803-c7bc77298fb7: receive RaftClientReply:client-944E03440049->43bd4a59-611b-42ac-b803-c7bc77298fb7@group-4B0031EC218E, cid=161, FAILED org.apache.ratis.protocol.NotLeaderException: Server 43bd4a59-611b-42ac-b803-c7bc77298fb7@group-4B0031EC218E is not the leader, logIndex=0, commits[43bd4a59-611b-42ac-b803-c7bc77298fb7:c-1]
2019-09-18 11:47:47,417 [grpc-default-executor-9] INFO  client.GrpcClientProtocolClient (GrpcClientProtocolClient.java:onNext(264)) - client-944E03440049->80b2273a-a181-40f7-a59c-f9bb72e1a4d3: receive RaftClientReply:client-944E03440049->80b2273a-a181-40f7-a59c-f9bb72e1a4d3@group-4B0031EC218E, cid=161, FAILED org.apache.ratis.protocol.NotLeaderException: Server 80b2273a-a181-40f7-a59c-f9bb72e1a4d3@group-4B0031EC218E is not the leader, logIndex=0, commits[80b2273a-a181-40f7-a59c-f9bb72e1a4d3:c-1]
2019-09-18 11:47:47,783 [Thread-2985] INFO  container.ReplicationManager (ReplicationManager.java:start(162)) - Starting Replication Monitor Thread.
2019-09-18 11:47:47,787 [ReplicationMonitor] INFO  container.ReplicationManager (ReplicationManager.java:run(225)) - Replication Monitor Thread took 1 milliseconds for processing 1 containers.
2019-09-18 11:47:48,436 [grpc-default-executor-9] INFO  client.GrpcClientProtocolClient (GrpcClientProtocolClient.java:onNext(264)) - client-944E03440049->667c917f-69b1-4d24-81e9-af1370db70ff: receive RaftClientReply:client-944E03440049->667c917f-69b1-4d24-81e9-af1370db70ff@group-4B0031EC218E, cid=161, FAILED org.apache.ratis.protocol.NotLeaderException: Server 667c917f-69b1-4d24-81e9-af1370db70ff@group-4B0031EC218E is not the leader, logIndex=0, commits[667c917f-69b1-4d24-81e9-af1370db70ff:c-1]
2019-09-18 11:47:49,450 [grpc-default-executor-12] INFO  client.GrpcClientProtocolClient (GrpcClientProtocolClient.java:onNext(264)) - client-944E03440049->80b2273a-a181-40f7-a59c-f9bb72e1a4d3: receive RaftClientReply:client-944E03440049->80b2273a-a181-40f7-a59c-f9bb72e1a4d3@group-4B0031EC218E, cid=161, FAILED org.apache.ratis.protocol.NotLeaderException: Server 80b2273a-a181-40f7-a59c-f9bb72e1a4d3@group-4B0031EC218E is not the leader, logIndex=0, commits[80b2273a-a181-40f7-a59c-f9bb72e1a4d3:c-1]
2019-09-18 11:47:49,856 [Thread-2987] INFO  impl.FollowerState (FollowerState.java:run(106)) - 667c917f-69b1-4d24-81e9-af1370db70ff:group-AA49E0BD0A81 changes to CANDIDATE, lastRpcTime:5016, electionTimeout:5016ms
2019-09-18 11:47:49,857 [Thread-2987] INFO  impl.RoleInfo (RoleInfo.java:shutdownFollowerState(121)) - 667c917f-69b1-4d24-81e9-af1370db70ff: shutdown FollowerState
2019-09-18 11:47:49,857 [Thread-2987] INFO  impl.RaftServerImpl (RaftServerImpl.java:setRole(174)) - 667c917f-69b1-4d24-81e9-af1370db70ff@group-AA49E0BD0A81: changes role from  FOLLOWER to CANDIDATE at term 0 for changeToCandidate
2019-09-18 11:47:49,857 [Thread-2987] INFO  impl.RoleInfo (RoleInfo.java:updateAndGet(143)) - 667c917f-69b1-4d24-81e9-af1370db70ff: start LeaderElection
2019-09-18 11:47:50,033 [Thread-2990] INFO  impl.FollowerState (FollowerState.java:run(106)) - 80b2273a-a181-40f7-a59c-f9bb72e1a4d3:group-2636724CF928 changes to CANDIDATE, lastRpcTime:5126, electionTimeout:5126ms
2019-09-18 11:47:50,033 [Thread-2990] INFO  impl.RoleInfo (RoleInfo.java:shutdownFollowerState(121)) - 80b2273a-a181-40f7-a59c-f9bb72e1a4d3: shutdown FollowerState
2019-09-18 11:47:50,033 [Thread-2990] INFO  impl.RaftServerImpl (RaftServerImpl.java:setRole(174)) - 80b2273a-a181-40f7-a59c-f9bb72e1a4d3@group-2636724CF928: changes role from  FOLLOWER to CANDIDATE at term 0 for changeToCandidate
2019-09-18 11:47:50,033 [Thread-2990] INFO  impl.RoleInfo (RoleInfo.java:updateAndGet(143)) - 80b2273a-a181-40f7-a59c-f9bb72e1a4d3: start LeaderElection
2019-09-18 11:47:50,347 [667c917f-69b1-4d24-81e9-af1370db70ff@group-AA49E0BD0A81:LeaderElection68] INFO  impl.LeaderElection (LeaderElection.java:askForVotes(182)) - 667c917f-69b1-4d24-81e9-af1370db70ff@group-AA49E0BD0A81:LeaderElection68: begin an election at term 1 for -1: [667c917f-69b1-4d24-81e9-af1370db70ff:192.168.157.254:42838], old=null
2019-09-18 11:47:50,347 [667c917f-69b1-4d24-81e9-af1370db70ff@group-AA49E0BD0A81:LeaderElection68] INFO  impl.RoleInfo (RoleInfo.java:shutdownLeaderElection(134)) - 667c917f-69b1-4d24-81e9-af1370db70ff: shutdown LeaderElection
2019-09-18 11:47:50,348 [667c917f-69b1-4d24-81e9-af1370db70ff@group-AA49E0BD0A81:LeaderElection68] INFO  impl.RaftServerImpl (RaftServerImpl.java:setRole(174)) - 667c917f-69b1-4d24-81e9-af1370db70ff@group-AA49E0BD0A81: changes role from CANDIDATE to LEADER at term 1 for changeToLeader
2019-09-18 11:47:50,348 [667c917f-69b1-4d24-81e9-af1370db70ff@group-AA49E0BD0A81:LeaderElection68] INFO  impl.RaftServerImpl (ServerState.java:setLeader(253)) - 667c917f-69b1-4d24-81e9-af1370db70ff@group-AA49E0BD0A81: change Leader from null to 667c917f-69b1-4d24-81e9-af1370db70ff at term 1 for becomeLeader, leader elected after 5515ms
2019-09-18 11:47:50,348 [667c917f-69b1-4d24-81e9-af1370db70ff@group-AA49E0BD0A81:LeaderElection68] INFO  server.RaftServerConfigKeys (ConfUtils.java:logGet(43)) - raft.server.staging.catchup.gap = 1000 (default)
2019-09-18 11:47:50,348 [667c917f-69b1-4d24-81e9-af1370db70ff@group-AA49E0BD0A81:LeaderElection68] INFO  server.RaftServerConfigKeys (ConfUtils.java:logGet(43)) - raft.server.rpc.sleep.time = 25ms (default)
2019-09-18 11:47:50,348 [667c917f-69b1-4d24-81e9-af1370db70ff@group-AA49E0BD0A81:LeaderElection68] INFO  server.RaftServerConfigKeys (ConfUtils.java:logGet(43)) - raft.server.write.element-limit = 4096 (default)
2019-09-18 11:47:50,348 [667c917f-69b1-4d24-81e9-af1370db70ff@group-AA49E0BD0A81:LeaderElection68] INFO  server.RaftServerConfigKeys (ConfUtils.java:logGet(43)) - raft.server.watch.timeout = 10s (default)
2019-09-18 11:47:50,349 [667c917f-69b1-4d24-81e9-af1370db70ff@group-AA49E0BD0A81:LeaderElection68] INFO  server.RaftServerConfigKeys (ConfUtils.java:logGet(43)) - raft.server.watch.timeout.denomination = 1s (default)
2019-09-18 11:47:50,349 [667c917f-69b1-4d24-81e9-af1370db70ff@group-AA49E0BD0A81:LeaderElection68] INFO  server.RaftServerConfigKeys (ConfUtils.java:logGet(43)) - raft.server.watch.element-limit = 65536 (default)
2019-09-18 11:47:50,352 [667c917f-69b1-4d24-81e9-af1370db70ff@group-AA49E0BD0A81:LeaderElection68] INFO  impl.RoleInfo (RoleInfo.java:updateAndGet(143)) - 667c917f-69b1-4d24-81e9-af1370db70ff: start LeaderState
2019-09-18 11:47:50,353 [667c917f-69b1-4d24-81e9-af1370db70ff@group-AA49E0BD0A81:LeaderElection68] INFO  segmented.SegmentedRaftLogWorker (SegmentedRaftLogWorker.java:startLogSegment(380)) - 667c917f-69b1-4d24-81e9-af1370db70ff@group-AA49E0BD0A81-SegmentedRaftLogWorker: Starting segment from index:0
2019-09-18 11:47:50,353 [667c917f-69b1-4d24-81e9-af1370db70ff@group-AA49E0BD0A81:LeaderElection68] INFO  impl.RaftServerImpl (ServerState.java:setRaftConf(354)) - 667c917f-69b1-4d24-81e9-af1370db70ff@group-AA49E0BD0A81: set configuration 0: [667c917f-69b1-4d24-81e9-af1370db70ff:192.168.157.254:42838], old=null at 0
2019-09-18 11:47:50,358 [80b2273a-a181-40f7-a59c-f9bb72e1a4d3@group-2636724CF928:LeaderElection69] INFO  impl.LeaderElection (LeaderElection.java:askForVotes(182)) - 80b2273a-a181-40f7-a59c-f9bb72e1a4d3@group-2636724CF928:LeaderElection69: begin an election at term 1 for -1: [80b2273a-a181-40f7-a59c-f9bb72e1a4d3:192.168.157.254:43451], old=null
2019-09-18 11:47:50,358 [80b2273a-a181-40f7-a59c-f9bb72e1a4d3@group-2636724CF928:LeaderElection69] INFO  impl.RoleInfo (RoleInfo.java:shutdownLeaderElection(134)) - 80b2273a-a181-40f7-a59c-f9bb72e1a4d3: shutdown LeaderElection
2019-09-18 11:47:50,359 [80b2273a-a181-40f7-a59c-f9bb72e1a4d3@group-2636724CF928:LeaderElection69] INFO  impl.RaftServerImpl (RaftServerImpl.java:setRole(174)) - 80b2273a-a181-40f7-a59c-f9bb72e1a4d3@group-2636724CF928: changes role from CANDIDATE to LEADER at term 1 for changeToLeader
2019-09-18 11:47:50,359 [80b2273a-a181-40f7-a59c-f9bb72e1a4d3@group-2636724CF928:LeaderElection69] INFO  impl.RaftServerImpl (ServerState.java:setLeader(253)) - 80b2273a-a181-40f7-a59c-f9bb72e1a4d3@group-2636724CF928: change Leader from null to 80b2273a-a181-40f7-a59c-f9bb72e1a4d3 at term 1 for becomeLeader, leader elected after 5457ms
2019-09-18 11:47:50,359 [80b2273a-a181-40f7-a59c-f9bb72e1a4d3@group-2636724CF928:LeaderElection69] INFO  server.RaftServerConfigKeys (ConfUtils.java:logGet(43)) - raft.server.staging.catchup.gap = 1000 (default)
2019-09-18 11:47:50,359 [80b2273a-a181-40f7-a59c-f9bb72e1a4d3@group-2636724CF928:LeaderElection69] INFO  server.RaftServerConfigKeys (ConfUtils.java:logGet(43)) - raft.server.rpc.sleep.time = 25ms (default)
2019-09-18 11:47:50,359 [80b2273a-a181-40f7-a59c-f9bb72e1a4d3@group-2636724CF928:LeaderElection69] INFO  server.RaftServerConfigKeys (ConfUtils.java:logGet(43)) - raft.server.write.element-limit = 4096 (default)
2019-09-18 11:47:50,359 [80b2273a-a181-40f7-a59c-f9bb72e1a4d3@group-2636724CF928:LeaderElection69] INFO  server.RaftServerConfigKeys (ConfUtils.java:logGet(43)) - raft.server.watch.timeout = 10s (default)
2019-09-18 11:47:50,360 [80b2273a-a181-40f7-a59c-f9bb72e1a4d3@group-2636724CF928:LeaderElection69] INFO  server.RaftServerConfigKeys (ConfUtils.java:logGet(43)) - raft.server.watch.timeout.denomination = 1s (default)
2019-09-18 11:47:50,360 [80b2273a-a181-40f7-a59c-f9bb72e1a4d3@group-2636724CF928:LeaderElection69] INFO  server.RaftServerConfigKeys (ConfUtils.java:logGet(43)) - raft.server.watch.element-limit = 65536 (default)
2019-09-18 11:47:50,362 [80b2273a-a181-40f7-a59c-f9bb72e1a4d3@group-2636724CF928:LeaderElection69] INFO  impl.RoleInfo (RoleInfo.java:updateAndGet(143)) - 80b2273a-a181-40f7-a59c-f9bb72e1a4d3: start LeaderState
2019-09-18 11:47:50,362 [80b2273a-a181-40f7-a59c-f9bb72e1a4d3@group-2636724CF928:LeaderElection69] INFO  segmented.SegmentedRaftLogWorker (SegmentedRaftLogWorker.java:startLogSegment(380)) - 80b2273a-a181-40f7-a59c-f9bb72e1a4d3@group-2636724CF928-SegmentedRaftLogWorker: Starting segment from index:0
2019-09-18 11:47:50,363 [80b2273a-a181-40f7-a59c-f9bb72e1a4d3@group-2636724CF928:LeaderElection69] INFO  impl.RaftServerImpl (ServerState.java:setRaftConf(354)) - 80b2273a-a181-40f7-a59c-f9bb72e1a4d3@group-2636724CF928: set configuration 0: [80b2273a-a181-40f7-a59c-f9bb72e1a4d3:192.168.157.254:43451], old=null at 0
2019-09-18 11:47:50,402 [667c917f-69b1-4d24-81e9-af1370db70ff@group-AA49E0BD0A81-SegmentedRaftLogWorker] INFO  segmented.SegmentedRaftLogWorker (SegmentedRaftLogWorker.java:execute(569)) - 667c917f-69b1-4d24-81e9-af1370db70ff@group-AA49E0BD0A81-SegmentedRaftLogWorker: created new log segment /workdir/hadoop-ozone/integration-test/target/test-dir/MiniOzoneClusterImpl-29a1df15-cd37-4e65-a38b-6e93fe944b41/datanode-0/data/ratis/024b6f03-91f4-4f50-92cc-aa49e0bd0a81/current/log_inprogress_0
2019-09-18 11:47:50,402 [80b2273a-a181-40f7-a59c-f9bb72e1a4d3@group-2636724CF928-SegmentedRaftLogWorker] INFO  segmented.SegmentedRaftLogWorker (SegmentedRaftLogWorker.java:execute(569)) - 80b2273a-a181-40f7-a59c-f9bb72e1a4d3@group-2636724CF928-SegmentedRaftLogWorker: created new log segment /workdir/hadoop-ozone/integration-test/target/test-dir/MiniOzoneClusterImpl-29a1df15-cd37-4e65-a38b-6e93fe944b41/datanode-1/data/ratis/674ec718-ea81-4507-aa71-2636724cf928/current/log_inprogress_0
2019-09-18 11:47:50,462 [grpc-default-executor-12] INFO  client.GrpcClientProtocolClient (GrpcClientProtocolClient.java:onNext(264)) - client-944E03440049->43bd4a59-611b-42ac-b803-c7bc77298fb7: receive RaftClientReply:client-944E03440049->43bd4a59-611b-42ac-b803-c7bc77298fb7@group-4B0031EC218E, cid=161, FAILED org.apache.ratis.protocol.NotLeaderException: Server 43bd4a59-611b-42ac-b803-c7bc77298fb7@group-4B0031EC218E is not the leader, logIndex=0, commits[43bd4a59-611b-42ac-b803-c7bc77298fb7:c-1]
2019-09-18 11:47:50,646 [Thread-2993] INFO  impl.FollowerState (FollowerState.java:run(106)) - aca8c137-275c-4bd4-a93f-b0c09a946b6e:group-FB9407BFF2CA changes to CANDIDATE, lastRpcTime:5025, electionTimeout:5025ms
2019-09-18 11:47:50,646 [Thread-2993] INFO  impl.RoleInfo (RoleInfo.java:shutdownFollowerState(121)) - aca8c137-275c-4bd4-a93f-b0c09a946b6e: shutdown FollowerState
2019-09-18 11:47:50,647 [Thread-2993] INFO  impl.RaftServerImpl (RaftServerImpl.java:setRole(174)) - aca8c137-275c-4bd4-a93f-b0c09a946b6e@group-FB9407BFF2CA: changes role from  FOLLOWER to CANDIDATE at term 0 for changeToCandidate
2019-09-18 11:47:50,647 [Thread-2993] INFO  impl.RoleInfo (RoleInfo.java:updateAndGet(143)) - aca8c137-275c-4bd4-a93f-b0c09a946b6e: start LeaderElection
2019-09-18 11:47:50,669 [aca8c137-275c-4bd4-a93f-b0c09a946b6e@group-FB9407BFF2CA:LeaderElection70] INFO  impl.LeaderElection (LeaderElection.java:askForVotes(182)) - aca8c137-275c-4bd4-a93f-b0c09a946b6e@group-FB9407BFF2CA:LeaderElection70: begin an election at term 1 for -1: [aca8c137-275c-4bd4-a93f-b0c09a946b6e:192.168.157.254:43242], old=null
2019-09-18 11:47:50,669 [aca8c137-275c-4bd4-a93f-b0c09a946b6e@group-FB9407BFF2CA:LeaderElection70] INFO  impl.RoleInfo (RoleInfo.java:shutdownLeaderElection(134)) - aca8c137-275c-4bd4-a93f-b0c09a946b6e: shutdown LeaderElection
2019-09-18 11:47:50,669 [aca8c137-275c-4bd4-a93f-b0c09a946b6e@group-FB9407BFF2CA:LeaderElection70] INFO  impl.RaftServerImpl (RaftServerImpl.java:setRole(174)) - aca8c137-275c-4bd4-a93f-b0c09a946b6e@group-FB9407BFF2CA: changes role from CANDIDATE to LEADER at term 1 for changeToLeader
2019-09-18 11:47:50,669 [aca8c137-275c-4bd4-a93f-b0c09a946b6e@group-FB9407BFF2CA:LeaderElection70] INFO  impl.RaftServerImpl (ServerState.java:setLeader(253)) - aca8c137-275c-4bd4-a93f-b0c09a946b6e@group-FB9407BFF2CA: change Leader from null to aca8c137-275c-4bd4-a93f-b0c09a946b6e at term 1 for becomeLeader, leader elected after 5054ms
2019-09-18 11:47:50,669 [aca8c137-275c-4bd4-a93f-b0c09a946b6e@group-FB9407BFF2CA:LeaderElection70] INFO  server.RaftServerConfigKeys (ConfUtils.java:logGet(43)) - raft.server.staging.catchup.gap = 1000 (default)
2019-09-18 11:47:50,669 [aca8c137-275c-4bd4-a93f-b0c09a946b6e@group-FB9407BFF2CA:LeaderElection70] INFO  server.RaftServerConfigKeys (ConfUtils.java:logGet(43)) - raft.server.rpc.sleep.time = 25ms (default)
2019-09-18 11:47:50,669 [aca8c137-275c-4bd4-a93f-b0c09a946b6e@group-FB9407BFF2CA:LeaderElection70] INFO  server.RaftServerConfigKeys (ConfUtils.java:logGet(43)) - raft.server.write.element-limit = 4096 (default)
2019-09-18 11:47:50,669 [aca8c137-275c-4bd4-a93f-b0c09a946b6e@group-FB9407BFF2CA:LeaderElection70] INFO  server.RaftServerConfigKeys (ConfUtils.java:logGet(43)) - raft.server.watch.timeout = 10s (default)
2019-09-18 11:47:50,670 [aca8c137-275c-4bd4-a93f-b0c09a946b6e@group-FB9407BFF2CA:LeaderElection70] INFO  server.RaftServerConfigKeys (ConfUtils.java:logGet(43)) - raft.server.watch.timeout.denomination = 1s (default)
2019-09-18 11:47:50,670 [aca8c137-275c-4bd4-a93f-b0c09a946b6e@group-FB9407BFF2CA:LeaderElection70] INFO  server.RaftServerConfigKeys (ConfUtils.java:logGet(43)) - raft.server.watch.element-limit = 65536 (default)
2019-09-18 11:47:50,671 [aca8c137-275c-4bd4-a93f-b0c09a946b6e@group-FB9407BFF2CA:LeaderElection70] INFO  impl.RoleInfo (RoleInfo.java:updateAndGet(143)) - aca8c137-275c-4bd4-a93f-b0c09a946b6e: start LeaderState
2019-09-18 11:47:50,672 [aca8c137-275c-4bd4-a93f-b0c09a946b6e@group-FB9407BFF2CA:LeaderElection70] INFO  segmented.SegmentedRaftLogWorker (SegmentedRaftLogWorker.java:startLogSegment(380)) - aca8c137-275c-4bd4-a93f-b0c09a946b6e@group-FB9407BFF2CA-SegmentedRaftLogWorker: Starting segment from index:0
2019-09-18 11:47:50,672 [aca8c137-275c-4bd4-a93f-b0c09a946b6e@group-FB9407BFF2CA:LeaderElection70] INFO  impl.RaftServerImpl (ServerState.java:setRaftConf(354)) - aca8c137-275c-4bd4-a93f-b0c09a946b6e@group-FB9407BFF2CA: set configuration 0: [aca8c137-275c-4bd4-a93f-b0c09a946b6e:192.168.157.254:43242], old=null at 0
2019-09-18 11:47:50,722 [aca8c137-275c-4bd4-a93f-b0c09a946b6e@group-FB9407BFF2CA-SegmentedRaftLogWorker] INFO  segmented.SegmentedRaftLogWorker (SegmentedRaftLogWorker.java:execute(569)) - aca8c137-275c-4bd4-a93f-b0c09a946b6e@group-FB9407BFF2CA-SegmentedRaftLogWorker: created new log segment /workdir/hadoop-ozone/integration-test/target/test-dir/MiniOzoneClusterImpl-29a1df15-cd37-4e65-a38b-6e93fe944b41/datanode-2/data/ratis/edf17cfb-6eca-4d07-aab9-fb9407bff2ca/current/log_inprogress_0
2019-09-18 11:47:50,799 [Thread-2999] INFO  impl.FollowerState (FollowerState.java:run(106)) - 941b1faa-5cc5-4fbd-82c3-729dc82a122f:group-24D408780B77 changes to CANDIDATE, lastRpcTime:5066, electionTimeout:5066ms
2019-09-18 11:47:50,799 [Thread-2999] INFO  impl.RoleInfo (RoleInfo.java:shutdownFollowerState(121)) - 941b1faa-5cc5-4fbd-82c3-729dc82a122f: shutdown FollowerState
2019-09-18 11:47:50,799 [Thread-2999] INFO  impl.RaftServerImpl (RaftServerImpl.java:setRole(174)) - 941b1faa-5cc5-4fbd-82c3-729dc82a122f@group-24D408780B77: changes role from  FOLLOWER to CANDIDATE at term 0 for changeToCandidate
2019-09-18 11:47:50,799 [Thread-2999] INFO  impl.RoleInfo (RoleInfo.java:updateAndGet(143)) - 941b1faa-5cc5-4fbd-82c3-729dc82a122f: start LeaderElection
2019-09-18 11:47:50,819 [941b1faa-5cc5-4fbd-82c3-729dc82a122f@group-24D408780B77:LeaderElection71] INFO  impl.LeaderElection (LeaderElection.java:askForVotes(182)) - 941b1faa-5cc5-4fbd-82c3-729dc82a122f@group-24D408780B77:LeaderElection71: begin an election at term 1 for -1: [941b1faa-5cc5-4fbd-82c3-729dc82a122f:192.168.157.254:45475], old=null
2019-09-18 11:47:50,819 [941b1faa-5cc5-4fbd-82c3-729dc82a122f@group-24D408780B77:LeaderElection71] INFO  impl.RoleInfo (RoleInfo.java:shutdownLeaderElection(134)) - 941b1faa-5cc5-4fbd-82c3-729dc82a122f: shutdown LeaderElection
2019-09-18 11:47:50,819 [941b1faa-5cc5-4fbd-82c3-729dc82a122f@group-24D408780B77:LeaderElection71] INFO  impl.RaftServerImpl (RaftServerImpl.java:setRole(174)) - 941b1faa-5cc5-4fbd-82c3-729dc82a122f@group-24D408780B77: changes role from CANDIDATE to LEADER at term 1 for changeToLeader
2019-09-18 11:47:50,819 [941b1faa-5cc5-4fbd-82c3-729dc82a122f@group-24D408780B77:LeaderElection71] INFO  impl.RaftServerImpl (ServerState.java:setLeader(253)) - 941b1faa-5cc5-4fbd-82c3-729dc82a122f@group-24D408780B77: change Leader from null to 941b1faa-5cc5-4fbd-82c3-729dc82a122f at term 1 for becomeLeader, leader elected after 5093ms
2019-09-18 11:47:50,819 [941b1faa-5cc5-4fbd-82c3-729dc82a122f@group-24D408780B77:LeaderElection71] INFO  server.RaftServerConfigKeys (ConfUtils.java:logGet(43)) - raft.server.staging.catchup.gap = 1000 (default)
2019-09-18 11:47:50,820 [941b1faa-5cc5-4fbd-82c3-729dc82a122f@group-24D408780B77:LeaderElection71] INFO  server.RaftServerConfigKeys (ConfUtils.java:logGet(43)) - raft.server.rpc.sleep.time = 25ms (default)
2019-09-18 11:47:50,820 [941b1faa-5cc5-4fbd-82c3-729dc82a122f@group-24D408780B77:LeaderElection71] INFO  server.RaftServerConfigKeys (ConfUtils.java:logGet(43)) - raft.server.write.element-limit = 4096 (default)
2019-09-18 11:47:50,820 [941b1faa-5cc5-4fbd-82c3-729dc82a122f@group-24D408780B77:LeaderElection71] INFO  server.RaftServerConfigKeys (ConfUtils.java:logGet(43)) - raft.server.watch.timeout = 10s (default)
2019-09-18 11:47:50,820 [941b1faa-5cc5-4fbd-82c3-729dc82a122f@group-24D408780B77:LeaderElection71] INFO  server.RaftServerConfigKeys (ConfUtils.java:logGet(43)) - raft.server.watch.timeout.denomination = 1s (default)
2019-09-18 11:47:50,820 [941b1faa-5cc5-4fbd-82c3-729dc82a122f@group-24D408780B77:LeaderElection71] INFO  server.RaftServerConfigKeys (ConfUtils.java:logGet(43)) - raft.server.watch.element-limit = 65536 (default)
2019-09-18 11:47:50,822 [941b1faa-5cc5-4fbd-82c3-729dc82a122f@group-24D408780B77:LeaderElection71] INFO  impl.RoleInfo (RoleInfo.java:updateAndGet(143)) - 941b1faa-5cc5-4fbd-82c3-729dc82a122f: start LeaderState
2019-09-18 11:47:50,822 [941b1faa-5cc5-4fbd-82c3-729dc82a122f@group-24D408780B77:LeaderElection71] INFO  segmented.SegmentedRaftLogWorker (SegmentedRaftLogWorker.java:startLogSegment(380)) - 941b1faa-5cc5-4fbd-82c3-729dc82a122f@group-24D408780B77-SegmentedRaftLogWorker: Starting segment from index:0
2019-09-18 11:47:50,822 [941b1faa-5cc5-4fbd-82c3-729dc82a122f@group-24D408780B77:LeaderElection71] INFO  impl.RaftServerImpl (ServerState.java:setRaftConf(354)) - 941b1faa-5cc5-4fbd-82c3-729dc82a122f@group-24D408780B77: set configuration 0: [941b1faa-5cc5-4fbd-82c3-729dc82a122f:192.168.157.254:45475], old=null at 0
2019-09-18 11:47:50,836 [Thread-3005] INFO  impl.FollowerState (FollowerState.java:run(106)) - 7fcf7fc1-aad9-4c98-a442-089598333994:group-D5CB51A88392 changes to CANDIDATE, lastRpcTime:5017, electionTimeout:5017ms
2019-09-18 11:47:50,836 [Thread-3005] INFO  impl.RoleInfo (RoleInfo.java:shutdownFollowerState(121)) - 7fcf7fc1-aad9-4c98-a442-089598333994: shutdown FollowerState
2019-09-18 11:47:50,836 [Thread-3005] INFO  impl.RaftServerImpl (RaftServerImpl.java:setRole(174)) - 7fcf7fc1-aad9-4c98-a442-089598333994@group-D5CB51A88392: changes role from  FOLLOWER to CANDIDATE at term 0 for changeToCandidate
2019-09-18 11:47:50,836 [Thread-3005] INFO  impl.RoleInfo (RoleInfo.java:updateAndGet(143)) - 7fcf7fc1-aad9-4c98-a442-089598333994: start LeaderElection
2019-09-18 11:47:50,861 [Thread-2996] INFO  impl.FollowerState (FollowerState.java:run(106)) - f9eae954-5f21-43ae-88df-c06e8fdb763a:group-DEB3884A09EF changes to CANDIDATE, lastRpcTime:5177, electionTimeout:5157ms
2019-09-18 11:47:50,866 [Thread-2996] INFO  impl.RoleInfo (RoleInfo.java:shutdownFollowerState(121)) - f9eae954-5f21-43ae-88df-c06e8fdb763a: shutdown FollowerState
2019-09-18 11:47:50,866 [Thread-2996] INFO  impl.RaftServerImpl (RaftServerImpl.java:setRole(174)) - f9eae954-5f21-43ae-88df-c06e8fdb763a@group-DEB3884A09EF: changes role from  FOLLOWER to CANDIDATE at term 0 for changeToCandidate
2019-09-18 11:47:50,867 [Thread-2996] INFO  impl.RoleInfo (RoleInfo.java:updateAndGet(143)) - f9eae954-5f21-43ae-88df-c06e8fdb763a: start LeaderElection
2019-09-18 11:47:50,879 [941b1faa-5cc5-4fbd-82c3-729dc82a122f@group-24D408780B77-SegmentedRaftLogWorker] INFO  segmented.SegmentedRaftLogWorker (SegmentedRaftLogWorker.java:execute(569)) - 941b1faa-5cc5-4fbd-82c3-729dc82a122f@group-24D408780B77-SegmentedRaftLogWorker: created new log segment /workdir/hadoop-ozone/integration-test/target/test-dir/MiniOzoneClusterImpl-29a1df15-cd37-4e65-a38b-6e93fe944b41/datanode-4/data/ratis/4f1e9ecb-5bdd-458d-a624-24d408780b77/current/log_inprogress_0
2019-09-18 11:47:50,879 [f9eae954-5f21-43ae-88df-c06e8fdb763a@group-DEB3884A09EF:LeaderElection73] INFO  impl.LeaderElection (LeaderElection.java:askForVotes(182)) - f9eae954-5f21-43ae-88df-c06e8fdb763a@group-DEB3884A09EF:LeaderElection73: begin an election at term 1 for -1: [f9eae954-5f21-43ae-88df-c06e8fdb763a:192.168.157.254:45021], old=null
2019-09-18 11:47:50,879 [7fcf7fc1-aad9-4c98-a442-089598333994@group-D5CB51A88392:LeaderElection72] INFO  impl.LeaderElection (LeaderElection.java:askForVotes(182)) - 7fcf7fc1-aad9-4c98-a442-089598333994@group-D5CB51A88392:LeaderElection72: begin an election at term 1 for -1: [7fcf7fc1-aad9-4c98-a442-089598333994:192.168.157.254:44987], old=null
2019-09-18 11:47:50,879 [f9eae954-5f21-43ae-88df-c06e8fdb763a@group-DEB3884A09EF:LeaderElection73] INFO  impl.RoleInfo (RoleInfo.java:shutdownLeaderElection(134)) - f9eae954-5f21-43ae-88df-c06e8fdb763a: shutdown LeaderElection
2019-09-18 11:47:50,879 [7fcf7fc1-aad9-4c98-a442-089598333994@group-D5CB51A88392:LeaderElection72] INFO  impl.RoleInfo (RoleInfo.java:shutdownLeaderElection(134)) - 7fcf7fc1-aad9-4c98-a442-089598333994: shutdown LeaderElection
2019-09-18 11:47:50,880 [f9eae954-5f21-43ae-88df-c06e8fdb763a@group-DEB3884A09EF:LeaderElection73] INFO  impl.RaftServerImpl (RaftServerImpl.java:setRole(174)) - f9eae954-5f21-43ae-88df-c06e8fdb763a@group-DEB3884A09EF: changes role from CANDIDATE to LEADER at term 1 for changeToLeader
2019-09-18 11:47:50,880 [7fcf7fc1-aad9-4c98-a442-089598333994@group-D5CB51A88392:LeaderElection72] INFO  impl.RaftServerImpl (RaftServerImpl.java:setRole(174)) - 7fcf7fc1-aad9-4c98-a442-089598333994@group-D5CB51A88392: changes role from CANDIDATE to LEADER at term 1 for changeToLeader
2019-09-18 11:47:50,880 [f9eae954-5f21-43ae-88df-c06e8fdb763a@group-DEB3884A09EF:LeaderElection73] INFO  impl.RaftServerImpl (ServerState.java:setLeader(253)) - f9eae954-5f21-43ae-88df-c06e8fdb763a@group-DEB3884A09EF: change Leader from null to f9eae954-5f21-43ae-88df-c06e8fdb763a at term 1 for becomeLeader, leader elected after 5202ms
2019-09-18 11:47:50,880 [7fcf7fc1-aad9-4c98-a442-089598333994@group-D5CB51A88392:LeaderElection72] INFO  impl.RaftServerImpl (ServerState.java:setLeader(253)) - 7fcf7fc1-aad9-4c98-a442-089598333994@group-D5CB51A88392: change Leader from null to 7fcf7fc1-aad9-4c98-a442-089598333994 at term 1 for becomeLeader, leader elected after 5067ms
2019-09-18 11:47:50,880 [f9eae954-5f21-43ae-88df-c06e8fdb763a@group-DEB3884A09EF:LeaderElection73] INFO  server.RaftServerConfigKeys (ConfUtils.java:logGet(43)) - raft.server.staging.catchup.gap = 1000 (default)
2019-09-18 11:47:50,880 [7fcf7fc1-aad9-4c98-a442-089598333994@group-D5CB51A88392:LeaderElection72] INFO  server.RaftServerConfigKeys (ConfUtils.java:logGet(43)) - raft.server.staging.catchup.gap = 1000 (default)
2019-09-18 11:47:50,880 [f9eae954-5f21-43ae-88df-c06e8fdb763a@group-DEB3884A09EF:LeaderElection73] INFO  server.RaftServerConfigKeys (ConfUtils.java:logGet(43)) - raft.server.rpc.sleep.time = 25ms (default)
2019-09-18 11:47:50,880 [7fcf7fc1-aad9-4c98-a442-089598333994@group-D5CB51A88392:LeaderElection72] INFO  server.RaftServerConfigKeys (ConfUtils.java:logGet(43)) - raft.server.rpc.sleep.time = 25ms (default)
2019-09-18 11:47:50,880 [f9eae954-5f21-43ae-88df-c06e8fdb763a@group-DEB3884A09EF:LeaderElection73] INFO  server.RaftServerConfigKeys (ConfUtils.java:logGet(43)) - raft.server.write.element-limit = 4096 (default)
2019-09-18 11:47:50,881 [7fcf7fc1-aad9-4c98-a442-089598333994@group-D5CB51A88392:LeaderElection72] INFO  server.RaftServerConfigKeys (ConfUtils.java:logGet(43)) - raft.server.write.element-limit = 4096 (default)
2019-09-18 11:47:50,881 [f9eae954-5f21-43ae-88df-c06e8fdb763a@group-DEB3884A09EF:LeaderElection73] INFO  server.RaftServerConfigKeys (ConfUtils.java:logGet(43)) - raft.server.watch.timeout = 10s (default)
2019-09-18 11:47:50,881 [7fcf7fc1-aad9-4c98-a442-089598333994@group-D5CB51A88392:LeaderElection72] INFO  server.RaftServerConfigKeys (ConfUtils.java:logGet(43)) - raft.server.watch.timeout = 10s (default)
2019-09-18 11:47:50,881 [f9eae954-5f21-43ae-88df-c06e8fdb763a@group-DEB3884A09EF:LeaderElection73] INFO  server.RaftServerConfigKeys (ConfUtils.java:logGet(43)) - raft.server.watch.timeout.denomination = 1s (default)
2019-09-18 11:47:50,881 [7fcf7fc1-aad9-4c98-a442-089598333994@group-D5CB51A88392:LeaderElection72] INFO  server.RaftServerConfigKeys (ConfUtils.java:logGet(43)) - raft.server.watch.timeout.denomination = 1s (default)
2019-09-18 11:47:50,881 [f9eae954-5f21-43ae-88df-c06e8fdb763a@group-DEB3884A09EF:LeaderElection73] INFO  server.RaftServerConfigKeys (ConfUtils.java:logGet(43)) - raft.server.watch.element-limit = 65536 (default)
2019-09-18 11:47:50,881 [7fcf7fc1-aad9-4c98-a442-089598333994@group-D5CB51A88392:LeaderElection72] INFO  server.RaftServerConfigKeys (ConfUtils.java:logGet(43)) - raft.server.watch.element-limit = 65536 (default)
2019-09-18 11:47:50,884 [7fcf7fc1-aad9-4c98-a442-089598333994@group-D5CB51A88392:LeaderElection72] INFO  impl.RoleInfo (RoleInfo.java:updateAndGet(143)) - 7fcf7fc1-aad9-4c98-a442-089598333994: start LeaderState
2019-09-18 11:47:50,884 [f9eae954-5f21-43ae-88df-c06e8fdb763a@group-DEB3884A09EF:LeaderElection73] INFO  impl.RoleInfo (RoleInfo.java:updateAndGet(143)) - f9eae954-5f21-43ae-88df-c06e8fdb763a: start LeaderState
2019-09-18 11:47:50,884 [7fcf7fc1-aad9-4c98-a442-089598333994@group-D5CB51A88392:LeaderElection72] INFO  segmented.SegmentedRaftLogWorker (SegmentedRaftLogWorker.java:startLogSegment(380)) - 7fcf7fc1-aad9-4c98-a442-089598333994@group-D5CB51A88392-SegmentedRaftLogWorker: Starting segment from index:0
2019-09-18 11:47:50,884 [f9eae954-5f21-43ae-88df-c06e8fdb763a@group-DEB3884A09EF:LeaderElection73] INFO  segmented.SegmentedRaftLogWorker (SegmentedRaftLogWorker.java:startLogSegment(380)) - f9eae954-5f21-43ae-88df-c06e8fdb763a@group-DEB3884A09EF-SegmentedRaftLogWorker: Starting segment from index:0
2019-09-18 11:47:50,884 [7fcf7fc1-aad9-4c98-a442-089598333994@group-D5CB51A88392:LeaderElection72] INFO  impl.RaftServerImpl (ServerState.java:setRaftConf(354)) - 7fcf7fc1-aad9-4c98-a442-089598333994@group-D5CB51A88392: set configuration 0: [7fcf7fc1-aad9-4c98-a442-089598333994:192.168.157.254:44987], old=null at 0
2019-09-18 11:47:50,885 [Thread-3012] INFO  impl.FollowerState (FollowerState.java:run(106)) - aca8c137-275c-4bd4-a93f-b0c09a946b6e:group-092309D0A6B0 changes to CANDIDATE, lastRpcTime:5007, electionTimeout:5007ms
2019-09-18 11:47:50,885 [Thread-3012] INFO  impl.RoleInfo (RoleInfo.java:shutdownFollowerState(121)) - aca8c137-275c-4bd4-a93f-b0c09a946b6e: shutdown FollowerState
2019-09-18 11:47:50,885 [f9eae954-5f21-43ae-88df-c06e8fdb763a@group-DEB3884A09EF:LeaderElection73] INFO  impl.RaftServerImpl (ServerState.java:setRaftConf(354)) - f9eae954-5f21-43ae-88df-c06e8fdb763a@group-DEB3884A09EF: set configuration 0: [f9eae954-5f21-43ae-88df-c06e8fdb763a:192.168.157.254:45021], old=null at 0
2019-09-18 11:47:50,885 [Thread-3012] INFO  impl.RaftServerImpl (RaftServerImpl.java:setRole(174)) - aca8c137-275c-4bd4-a93f-b0c09a946b6e@group-092309D0A6B0: changes role from  FOLLOWER to CANDIDATE at term 0 for changeToCandidate
2019-09-18 11:47:50,885 [Thread-3012] INFO  impl.RoleInfo (RoleInfo.java:updateAndGet(143)) - aca8c137-275c-4bd4-a93f-b0c09a946b6e: start LeaderElection
2019-09-18 11:47:50,921 [Thread-3010] INFO  impl.FollowerState (FollowerState.java:run(106)) - 941b1faa-5cc5-4fbd-82c3-729dc82a122f:group-092309D0A6B0 changes to CANDIDATE, lastRpcTime:5044, electionTimeout:5039ms
2019-09-18 11:47:50,921 [Thread-3002] INFO  impl.FollowerState (FollowerState.java:run(106)) - 43bd4a59-611b-42ac-b803-c7bc77298fb7:group-4DAA446DAAC3 changes to CANDIDATE, lastRpcTime:5140, electionTimeout:5130ms
2019-09-18 11:47:50,925 [Thread-3010] INFO  impl.RoleInfo (RoleInfo.java:shutdownFollowerState(121)) - 941b1faa-5cc5-4fbd-82c3-729dc82a122f: shutdown FollowerState
2019-09-18 11:47:50,925 [Thread-3002] INFO  impl.RoleInfo (RoleInfo.java:shutdownFollowerState(121)) - 43bd4a59-611b-42ac-b803-c7bc77298fb7: shutdown FollowerState
2019-09-18 11:47:50,925 [Thread-3010] INFO  impl.RaftServerImpl (RaftServerImpl.java:setRole(174)) - 941b1faa-5cc5-4fbd-82c3-729dc82a122f@group-092309D0A6B0: changes role from  FOLLOWER to CANDIDATE at term 0 for changeToCandidate
2019-09-18 11:47:50,925 [Thread-3002] INFO  impl.RaftServerImpl (RaftServerImpl.java:setRole(174)) - 43bd4a59-611b-42ac-b803-c7bc77298fb7@group-4DAA446DAAC3: changes role from  FOLLOWER to CANDIDATE at term 0 for changeToCandidate
2019-09-18 11:47:50,926 [Thread-3010] INFO  impl.RoleInfo (RoleInfo.java:updateAndGet(143)) - 941b1faa-5cc5-4fbd-82c3-729dc82a122f: start LeaderElection
2019-09-18 11:47:50,926 [Thread-3002] INFO  impl.RoleInfo (RoleInfo.java:updateAndGet(143)) - 43bd4a59-611b-42ac-b803-c7bc77298fb7: start LeaderElection
2019-09-18 11:47:50,934 [7fcf7fc1-aad9-4c98-a442-089598333994@group-D5CB51A88392-SegmentedRaftLogWorker] INFO  segmented.SegmentedRaftLogWorker (SegmentedRaftLogWorker.java:execute(569)) - 7fcf7fc1-aad9-4c98-a442-089598333994@group-D5CB51A88392-SegmentedRaftLogWorker: created new log segment /workdir/hadoop-ozone/integration-test/target/test-dir/MiniOzoneClusterImpl-29a1df15-cd37-4e65-a38b-6e93fe944b41/datanode-5/data/ratis/e5219950-c061-4465-a2e6-d5cb51a88392/current/log_inprogress_0
2019-09-18 11:47:50,934 [aca8c137-275c-4bd4-a93f-b0c09a946b6e@group-092309D0A6B0:LeaderElection74] INFO  impl.LeaderElection (LeaderElection.java:askForVotes(182)) - aca8c137-275c-4bd4-a93f-b0c09a946b6e@group-092309D0A6B0:LeaderElection74: begin an election at term 1 for -1: [aca8c137-275c-4bd4-a93f-b0c09a946b6e:192.168.157.254:43242, f9eae954-5f21-43ae-88df-c06e8fdb763a:192.168.157.254:45021, 941b1faa-5cc5-4fbd-82c3-729dc82a122f:192.168.157.254:45475], old=null
2019-09-18 11:47:50,934 [f9eae954-5f21-43ae-88df-c06e8fdb763a@group-DEB3884A09EF-SegmentedRaftLogWorker] INFO  segmented.SegmentedRaftLogWorker (SegmentedRaftLogWorker.java:execute(569)) - f9eae954-5f21-43ae-88df-c06e8fdb763a@group-DEB3884A09EF-SegmentedRaftLogWorker: created new log segment /workdir/hadoop-ozone/integration-test/target/test-dir/MiniOzoneClusterImpl-29a1df15-cd37-4e65-a38b-6e93fe944b41/datanode-3/data/ratis/acd52a42-3c76-4efb-8b73-deb3884a09ef/current/log_inprogress_0
2019-09-18 11:47:50,938 [43bd4a59-611b-42ac-b803-c7bc77298fb7@group-4DAA446DAAC3:LeaderElection76] INFO  impl.LeaderElection (LeaderElection.java:askForVotes(182)) - 43bd4a59-611b-42ac-b803-c7bc77298fb7@group-4DAA446DAAC3:LeaderElection76: begin an election at term 1 for -1: [43bd4a59-611b-42ac-b803-c7bc77298fb7:192.168.157.254:40697], old=null
2019-09-18 11:47:50,938 [941b1faa-5cc5-4fbd-82c3-729dc82a122f@group-092309D0A6B0:LeaderElection75] INFO  impl.LeaderElection (LeaderElection.java:askForVotes(182)) - 941b1faa-5cc5-4fbd-82c3-729dc82a122f@group-092309D0A6B0:LeaderElection75: begin an election at term 1 for -1: [aca8c137-275c-4bd4-a93f-b0c09a946b6e:192.168.157.254:43242, f9eae954-5f21-43ae-88df-c06e8fdb763a:192.168.157.254:45021, 941b1faa-5cc5-4fbd-82c3-729dc82a122f:192.168.157.254:45475], old=null
2019-09-18 11:47:50,939 [43bd4a59-611b-42ac-b803-c7bc77298fb7@group-4DAA446DAAC3:LeaderElection76] INFO  impl.RoleInfo (RoleInfo.java:shutdownLeaderElection(134)) - 43bd4a59-611b-42ac-b803-c7bc77298fb7: shutdown LeaderElection
2019-09-18 11:47:50,939 [43bd4a59-611b-42ac-b803-c7bc77298fb7@group-4DAA446DAAC3:LeaderElection76] INFO  impl.RaftServerImpl (RaftServerImpl.java:setRole(174)) - 43bd4a59-611b-42ac-b803-c7bc77298fb7@group-4DAA446DAAC3: changes role from CANDIDATE to LEADER at term 1 for changeToLeader
2019-09-18 11:47:50,939 [43bd4a59-611b-42ac-b803-c7bc77298fb7@group-4DAA446DAAC3:LeaderElection76] INFO  impl.RaftServerImpl (ServerState.java:setLeader(253)) - 43bd4a59-611b-42ac-b803-c7bc77298fb7@group-4DAA446DAAC3: change Leader from null to 43bd4a59-611b-42ac-b803-c7bc77298fb7 at term 1 for becomeLeader, leader elected after 5165ms
2019-09-18 11:47:50,939 [43bd4a59-611b-42ac-b803-c7bc77298fb7@group-4DAA446DAAC3:LeaderElection76] INFO  server.RaftServerConfigKeys (ConfUtils.java:logGet(43)) - raft.server.staging.catchup.gap = 1000 (default)
2019-09-18 11:47:50,939 [43bd4a59-611b-42ac-b803-c7bc77298fb7@group-4DAA446DAAC3:LeaderElection76] INFO  server.RaftServerConfigKeys (ConfUtils.java:logGet(43)) - raft.server.rpc.sleep.time = 25ms (default)
2019-09-18 11:47:50,939 [43bd4a59-611b-42ac-b803-c7bc77298fb7@group-4DAA446DAAC3:LeaderElection76] INFO  server.RaftServerConfigKeys (ConfUtils.java:logGet(43)) - raft.server.write.element-limit = 4096 (default)
2019-09-18 11:47:50,940 [43bd4a59-611b-42ac-b803-c7bc77298fb7@group-4DAA446DAAC3:LeaderElection76] INFO  server.RaftServerConfigKeys (ConfUtils.java:logGet(43)) - raft.server.watch.timeout = 10s (default)
2019-09-18 11:47:50,940 [43bd4a59-611b-42ac-b803-c7bc77298fb7@group-4DAA446DAAC3:LeaderElection76] INFO  server.RaftServerConfigKeys (ConfUtils.java:logGet(43)) - raft.server.watch.timeout.denomination = 1s (default)
2019-09-18 11:47:50,940 [43bd4a59-611b-42ac-b803-c7bc77298fb7@group-4DAA446DAAC3:LeaderElection76] INFO  server.RaftServerConfigKeys (ConfUtils.java:logGet(43)) - raft.server.watch.element-limit = 65536 (default)
2019-09-18 11:47:50,941 [43bd4a59-611b-42ac-b803-c7bc77298fb7@group-4DAA446DAAC3:LeaderElection76] INFO  impl.RoleInfo (RoleInfo.java:updateAndGet(143)) - 43bd4a59-611b-42ac-b803-c7bc77298fb7: start LeaderState
2019-09-18 11:47:50,941 [43bd4a59-611b-42ac-b803-c7bc77298fb7@group-4DAA446DAAC3:LeaderElection76] INFO  segmented.SegmentedRaftLogWorker (SegmentedRaftLogWorker.java:startLogSegment(380)) - 43bd4a59-611b-42ac-b803-c7bc77298fb7@group-4DAA446DAAC3-SegmentedRaftLogWorker: Starting segment from index:0
2019-09-18 11:47:50,945 [grpc-default-executor-9] INFO  impl.RaftServerImpl (RaftServerImpl.java:setRole(174)) - f9eae954-5f21-43ae-88df-c06e8fdb763a@group-092309D0A6B0: changes role from  FOLLOWER to FOLLOWER at term 1 for recognizeCandidate:aca8c137-275c-4bd4-a93f-b0c09a946b6e
2019-09-18 11:47:50,945 [grpc-default-executor-9] INFO  impl.RoleInfo (RoleInfo.java:shutdownFollowerState(121)) - f9eae954-5f21-43ae-88df-c06e8fdb763a: shutdown FollowerState
2019-09-18 11:47:50,946 [43bd4a59-611b-42ac-b803-c7bc77298fb7@group-4DAA446DAAC3:LeaderElection76] INFO  impl.RaftServerImpl (ServerState.java:setRaftConf(354)) - 43bd4a59-611b-42ac-b803-c7bc77298fb7@group-4DAA446DAAC3: set configuration 0: [43bd4a59-611b-42ac-b803-c7bc77298fb7:192.168.157.254:40697], old=null at 0
2019-09-18 11:47:50,946 [grpc-default-executor-9] INFO  impl.RoleInfo (RoleInfo.java:updateAndGet(143)) - f9eae954-5f21-43ae-88df-c06e8fdb763a: start FollowerState
2019-09-18 11:47:50,946 [Thread-3014] INFO  impl.FollowerState (FollowerState.java:run(115)) - f9eae954-5f21-43ae-88df-c06e8fdb763a: FollowerState was interrupted: java.lang.InterruptedException: sleep interrupted
2019-09-18 11:47:50,996 [43bd4a59-611b-42ac-b803-c7bc77298fb7@group-4DAA446DAAC3-SegmentedRaftLogWorker] INFO  segmented.SegmentedRaftLogWorker (SegmentedRaftLogWorker.java:execute(569)) - 43bd4a59-611b-42ac-b803-c7bc77298fb7@group-4DAA446DAAC3-SegmentedRaftLogWorker: created new log segment /workdir/hadoop-ozone/integration-test/target/test-dir/MiniOzoneClusterImpl-29a1df15-cd37-4e65-a38b-6e93fe944b41/datanode-6/data/ratis/6b0c2c97-c13c-440c-bee8-4daa446daac3/current/log_inprogress_0
2019-09-18 11:47:51,010 [aca8c137-275c-4bd4-a93f-b0c09a946b6e@group-092309D0A6B0:LeaderElection74] INFO  impl.LeaderElection (LeaderElection.java:logAndReturn(56)) - aca8c137-275c-4bd4-a93f-b0c09a946b6e@group-092309D0A6B0:LeaderElection74: Election PASSED; received 2 response(s) [aca8c137-275c-4bd4-a93f-b0c09a946b6e<-f9eae954-5f21-43ae-88df-c06e8fdb763a#0:OK-t1, aca8c137-275c-4bd4-a93f-b0c09a946b6e<-941b1faa-5cc5-4fbd-82c3-729dc82a122f#0:FAIL-t1] and 0 exception(s); aca8c137-275c-4bd4-a93f-b0c09a946b6e@group-092309D0A6B0:t1, leader=null, voted=aca8c137-275c-4bd4-a93f-b0c09a946b6e, raftlog=aca8c137-275c-4bd4-a93f-b0c09a946b6e@group-092309D0A6B0-SegmentedRaftLog:OPENED:c-1,f-1,i0, conf=-1: [aca8c137-275c-4bd4-a93f-b0c09a946b6e:192.168.157.254:43242, f9eae954-5f21-43ae-88df-c06e8fdb763a:192.168.157.254:45021, 941b1faa-5cc5-4fbd-82c3-729dc82a122f:192.168.157.254:45475], old=null
2019-09-18 11:47:51,010 [aca8c137-275c-4bd4-a93f-b0c09a946b6e@group-092309D0A6B0:LeaderElection74] INFO  impl.RoleInfo (RoleInfo.java:shutdownLeaderElection(134)) - aca8c137-275c-4bd4-a93f-b0c09a946b6e: shutdown LeaderElection
2019-09-18 11:47:51,011 [aca8c137-275c-4bd4-a93f-b0c09a946b6e@group-092309D0A6B0:LeaderElection74] INFO  impl.RaftServerImpl (RaftServerImpl.java:setRole(174)) - aca8c137-275c-4bd4-a93f-b0c09a946b6e@group-092309D0A6B0: changes role from CANDIDATE to LEADER at term 1 for changeToLeader
2019-09-18 11:47:51,011 [aca8c137-275c-4bd4-a93f-b0c09a946b6e@group-092309D0A6B0:LeaderElection74] INFO  impl.RaftServerImpl (ServerState.java:setLeader(253)) - aca8c137-275c-4bd4-a93f-b0c09a946b6e@group-092309D0A6B0: change Leader from null to aca8c137-275c-4bd4-a93f-b0c09a946b6e at term 1 for becomeLeader, leader elected after 5145ms
2019-09-18 11:47:51,011 [941b1faa-5cc5-4fbd-82c3-729dc82a122f@group-092309D0A6B0:LeaderElection75] INFO  impl.LeaderElection (LeaderElection.java:logAndReturn(56)) - 941b1faa-5cc5-4fbd-82c3-729dc82a122f@group-092309D0A6B0:LeaderElection75: Election REJECTED; received 2 response(s) [941b1faa-5cc5-4fbd-82c3-729dc82a122f<-aca8c137-275c-4bd4-a93f-b0c09a946b6e#0:FAIL-t1, 941b1faa-5cc5-4fbd-82c3-729dc82a122f<-f9eae954-5f21-43ae-88df-c06e8fdb763a#0:FAIL-t1] and 0 exception(s); 941b1faa-5cc5-4fbd-82c3-729dc82a122f@group-092309D0A6B0:t1, leader=null, voted=941b1faa-5cc5-4fbd-82c3-729dc82a122f, raftlog=941b1faa-5cc5-4fbd-82c3-729dc82a122f@group-092309D0A6B0-SegmentedRaftLog:OPENED:c-1,f-1,i0, conf=-1: [aca8c137-275c-4bd4-a93f-b0c09a946b6e:192.168.157.254:43242, f9eae954-5f21-43ae-88df-c06e8fdb763a:192.168.157.254:45021, 941b1faa-5cc5-4fbd-82c3-729dc82a122f:192.168.157.254:45475], old=null
2019-09-18 11:47:51,014 [aca8c137-275c-4bd4-a93f-b0c09a946b6e@group-092309D0A6B0:LeaderElection74] INFO  server.RaftServerConfigKeys (ConfUtils.java:logGet(43)) - raft.server.staging.catchup.gap = 1000 (default)
2019-09-18 11:47:51,014 [941b1faa-5cc5-4fbd-82c3-729dc82a122f@group-092309D0A6B0:LeaderElection75] INFO  impl.RaftServerImpl (RaftServerImpl.java:setRole(174)) - 941b1faa-5cc5-4fbd-82c3-729dc82a122f@group-092309D0A6B0: changes role from CANDIDATE to FOLLOWER at term 1 for DISCOVERED_A_NEW_TERM
2019-09-18 11:47:51,016 [aca8c137-275c-4bd4-a93f-b0c09a946b6e@group-092309D0A6B0:LeaderElection74] INFO  server.RaftServerConfigKeys (ConfUtils.java:logGet(43)) - raft.server.rpc.sleep.time = 25ms (default)
2019-09-18 11:47:51,016 [Thread-3019] INFO  impl.FollowerState (FollowerState.java:run(106)) - 43bd4a59-611b-42ac-b803-c7bc77298fb7:group-4B0031EC218E changes to CANDIDATE, lastRpcTime:5057, electionTimeout:5056ms
2019-09-18 11:47:51,017 [aca8c137-275c-4bd4-a93f-b0c09a946b6e@group-092309D0A6B0:LeaderElection74] INFO  server.RaftServerConfigKeys (ConfUtils.java:logGet(43)) - raft.server.write.element-limit = 4096 (default)
2019-09-18 11:47:51,016 [941b1faa-5cc5-4fbd-82c3-729dc82a122f@group-092309D0A6B0:LeaderElection75] INFO  impl.RoleInfo (RoleInfo.java:shutdownLeaderElection(134)) - 941b1faa-5cc5-4fbd-82c3-729dc82a122f: shutdown LeaderElection
2019-09-18 11:47:51,017 [aca8c137-275c-4bd4-a93f-b0c09a946b6e@group-092309D0A6B0:LeaderElection74] INFO  server.RaftServerConfigKeys (ConfUtils.java:logGet(43)) - raft.server.watch.timeout = 10s (default)
2019-09-18 11:47:51,017 [Thread-3019] INFO  impl.RoleInfo (RoleInfo.java:shutdownFollowerState(121)) - 43bd4a59-611b-42ac-b803-c7bc77298fb7: shutdown FollowerState
2019-09-18 11:47:51,017 [aca8c137-275c-4bd4-a93f-b0c09a946b6e@group-092309D0A6B0:LeaderElection74] INFO  server.RaftServerConfigKeys (ConfUtils.java:logGet(43)) - raft.server.watch.timeout.denomination = 1s (default)
2019-09-18 11:47:51,017 [941b1faa-5cc5-4fbd-82c3-729dc82a122f@group-092309D0A6B0:LeaderElection75] INFO  impl.RoleInfo (RoleInfo.java:updateAndGet(143)) - 941b1faa-5cc5-4fbd-82c3-729dc82a122f: start FollowerState
2019-09-18 11:47:51,017 [aca8c137-275c-4bd4-a93f-b0c09a946b6e@group-092309D0A6B0:LeaderElection74] INFO  server.RaftServerConfigKeys (ConfUtils.java:logGet(43)) - raft.server.watch.element-limit = 65536 (default)
2019-09-18 11:47:51,017 [Thread-3019] INFO  impl.RaftServerImpl (RaftServerImpl.java:setRole(174)) - 43bd4a59-611b-42ac-b803-c7bc77298fb7@group-4B0031EC218E: changes role from  FOLLOWER to CANDIDATE at term 0 for changeToCandidate
2019-09-18 11:47:51,018 [Thread-3019] INFO  impl.RoleInfo (RoleInfo.java:updateAndGet(143)) - 43bd4a59-611b-42ac-b803-c7bc77298fb7: start LeaderElection
2019-09-18 11:47:51,024 [aca8c137-275c-4bd4-a93f-b0c09a946b6e@group-092309D0A6B0:LeaderElection74] INFO  server.RaftServerConfigKeys (ConfUtils.java:logGet(43)) - raft.server.log.appender.snapshot.chunk.size.max = 16MB (=16777216) (default)
2019-09-18 11:47:51,024 [aca8c137-275c-4bd4-a93f-b0c09a946b6e@group-092309D0A6B0:LeaderElection74] INFO  server.RaftServerConfigKeys (ConfUtils.java:logGet(43)) - raft.server.log.appender.buffer.byte-limit = 33554432 (custom)
2019-09-18 11:47:51,024 [aca8c137-275c-4bd4-a93f-b0c09a946b6e@group-092309D0A6B0:LeaderElection74] INFO  server.RaftServerConfigKeys (ConfUtils.java:logGet(43)) - raft.server.log.appender.buffer.element-limit = 1 (custom)
2019-09-18 11:47:51,024 [aca8c137-275c-4bd4-a93f-b0c09a946b6e@group-092309D0A6B0:LeaderElection74] INFO  grpc.GrpcConfigKeys$Server (ConfUtils.java:logGet(43)) - raft.grpc.server.leader.outstanding.appends.max = 128 (default)
2019-09-18 11:47:51,024 [aca8c137-275c-4bd4-a93f-b0c09a946b6e@group-092309D0A6B0:LeaderElection74] INFO  server.RaftServerConfigKeys (ConfUtils.java:logGet(43)) - raft.server.rpc.request.timeout = 3000ms (default)
2019-09-18 11:47:51,024 [aca8c137-275c-4bd4-a93f-b0c09a946b6e@group-092309D0A6B0:LeaderElection74] INFO  server.RaftServerConfigKeys (ConfUtils.java:logGet(43)) - raft.server.log.appender.install.snapshot.enabled = false (custom)
2019-09-18 11:47:51,025 [aca8c137-275c-4bd4-a93f-b0c09a946b6e@group-092309D0A6B0:LeaderElection74] INFO  server.RaftServerConfigKeys (ConfUtils.java:logGet(43)) - raft.server.log.appender.snapshot.chunk.size.max = 16MB (=16777216) (default)
2019-09-18 11:47:51,025 [aca8c137-275c-4bd4-a93f-b0c09a946b6e@group-092309D0A6B0:LeaderElection74] INFO  server.RaftServerConfigKeys (ConfUtils.java:logGet(43)) - raft.server.log.appender.buffer.byte-limit = 33554432 (custom)
2019-09-18 11:47:51,025 [aca8c137-275c-4bd4-a93f-b0c09a946b6e@group-092309D0A6B0:LeaderElection74] INFO  server.RaftServerConfigKeys (ConfUtils.java:logGet(43)) - raft.server.log.appender.buffer.element-limit = 1 (custom)
2019-09-18 11:47:51,026 [aca8c137-275c-4bd4-a93f-b0c09a946b6e@group-092309D0A6B0:LeaderElection74] INFO  grpc.GrpcConfigKeys$Server (ConfUtils.java:logGet(43)) - raft.grpc.server.leader.outstanding.appends.max = 128 (default)
2019-09-18 11:47:51,026 [aca8c137-275c-4bd4-a93f-b0c09a946b6e@group-092309D0A6B0:LeaderElection74] INFO  server.RaftServerConfigKeys (ConfUtils.java:logGet(43)) - raft.server.rpc.request.timeout = 3000ms (default)
2019-09-18 11:47:51,026 [aca8c137-275c-4bd4-a93f-b0c09a946b6e@group-092309D0A6B0:LeaderElection74] INFO  server.RaftServerConfigKeys (ConfUtils.java:logGet(43)) - raft.server.log.appender.install.snapshot.enabled = false (custom)
2019-09-18 11:47:51,026 [aca8c137-275c-4bd4-a93f-b0c09a946b6e@group-092309D0A6B0:LeaderElection74] INFO  impl.RoleInfo (RoleInfo.java:updateAndGet(143)) - aca8c137-275c-4bd4-a93f-b0c09a946b6e: start LeaderState
2019-09-18 11:47:51,026 [aca8c137-275c-4bd4-a93f-b0c09a946b6e@group-092309D0A6B0:LeaderElection74] INFO  segmented.SegmentedRaftLogWorker (SegmentedRaftLogWorker.java:startLogSegment(380)) - aca8c137-275c-4bd4-a93f-b0c09a946b6e@group-092309D0A6B0-SegmentedRaftLogWorker: Starting segment from index:0
2019-09-18 11:47:51,027 [aca8c137-275c-4bd4-a93f-b0c09a946b6e@group-092309D0A6B0:LeaderElection74] INFO  impl.RaftServerImpl (ServerState.java:setRaftConf(354)) - aca8c137-275c-4bd4-a93f-b0c09a946b6e@group-092309D0A6B0: set configuration 0: [aca8c137-275c-4bd4-a93f-b0c09a946b6e:192.168.157.254:43242, f9eae954-5f21-43ae-88df-c06e8fdb763a:192.168.157.254:45021, 941b1faa-5cc5-4fbd-82c3-729dc82a122f:192.168.157.254:45475], old=null at 0
2019-09-18 11:47:51,028 [grpc-default-executor-0] INFO  impl.RaftServerImpl (ServerState.java:setLeader(253)) - 941b1faa-5cc5-4fbd-82c3-729dc82a122f@group-092309D0A6B0: change Leader from null to aca8c137-275c-4bd4-a93f-b0c09a946b6e at term 1 for appendEntries, leader elected after 5162ms
2019-09-18 11:47:51,028 [grpc-default-executor-9] INFO  impl.RaftServerImpl (ServerState.java:setLeader(253)) - f9eae954-5f21-43ae-88df-c06e8fdb763a@group-092309D0A6B0: change Leader from null to aca8c137-275c-4bd4-a93f-b0c09a946b6e at term 1 for appendEntries, leader elected after 5162ms
2019-09-18 11:47:51,030 [grpc-default-executor-0] INFO  impl.RaftServerImpl (ServerState.java:setRaftConf(354)) - 941b1faa-5cc5-4fbd-82c3-729dc82a122f@group-092309D0A6B0: set configuration 0: [aca8c137-275c-4bd4-a93f-b0c09a946b6e:192.168.157.254:43242, f9eae954-5f21-43ae-88df-c06e8fdb763a:192.168.157.254:45021, 941b1faa-5cc5-4fbd-82c3-729dc82a122f:192.168.157.254:45475], old=null at 0
2019-09-18 11:47:51,030 [grpc-default-executor-9] INFO  impl.RaftServerImpl (ServerState.java:setRaftConf(354)) - f9eae954-5f21-43ae-88df-c06e8fdb763a@group-092309D0A6B0: set configuration 0: [aca8c137-275c-4bd4-a93f-b0c09a946b6e:192.168.157.254:43242, f9eae954-5f21-43ae-88df-c06e8fdb763a:192.168.157.254:45021, 941b1faa-5cc5-4fbd-82c3-729dc82a122f:192.168.157.254:45475], old=null at 0
2019-09-18 11:47:51,030 [grpc-default-executor-0] INFO  segmented.SegmentedRaftLogWorker (SegmentedRaftLogWorker.java:startLogSegment(380)) - 941b1faa-5cc5-4fbd-82c3-729dc82a122f@group-092309D0A6B0-SegmentedRaftLogWorker: Starting segment from index:0
2019-09-18 11:47:51,030 [grpc-default-executor-9] INFO  segmented.SegmentedRaftLogWorker (SegmentedRaftLogWorker.java:startLogSegment(380)) - f9eae954-5f21-43ae-88df-c06e8fdb763a@group-092309D0A6B0-SegmentedRaftLogWorker: Starting segment from index:0
2019-09-18 11:47:51,036 [43bd4a59-611b-42ac-b803-c7bc77298fb7@group-4B0031EC218E:LeaderElection77] INFO  impl.LeaderElection (LeaderElection.java:askForVotes(182)) - 43bd4a59-611b-42ac-b803-c7bc77298fb7@group-4B0031EC218E:LeaderElection77: begin an election at term 1 for -1: [43bd4a59-611b-42ac-b803-c7bc77298fb7:192.168.157.254:40697, 667c917f-69b1-4d24-81e9-af1370db70ff:192.168.157.254:42838, 80b2273a-a181-40f7-a59c-f9bb72e1a4d3:192.168.157.254:43451], old=null
2019-09-18 11:47:51,066 [aca8c137-275c-4bd4-a93f-b0c09a946b6e@group-092309D0A6B0-SegmentedRaftLogWorker] INFO  segmented.SegmentedRaftLogWorker (SegmentedRaftLogWorker.java:execute(569)) - aca8c137-275c-4bd4-a93f-b0c09a946b6e@group-092309D0A6B0-SegmentedRaftLogWorker: created new log segment /workdir/hadoop-ozone/integration-test/target/test-dir/MiniOzoneClusterImpl-29a1df15-cd37-4e65-a38b-6e93fe944b41/datanode-2/data/ratis/7fee27b4-a560-4900-8c95-092309d0a6b0/current/log_inprogress_0
2019-09-18 11:47:51,066 [f9eae954-5f21-43ae-88df-c06e8fdb763a@group-092309D0A6B0-SegmentedRaftLogWorker] INFO  segmented.SegmentedRaftLogWorker (SegmentedRaftLogWorker.java:execute(569)) - f9eae954-5f21-43ae-88df-c06e8fdb763a@group-092309D0A6B0-SegmentedRaftLogWorker: created new log segment /workdir/hadoop-ozone/integration-test/target/test-dir/MiniOzoneClusterImpl-29a1df15-cd37-4e65-a38b-6e93fe944b41/datanode-3/data/ratis/7fee27b4-a560-4900-8c95-092309d0a6b0/current/log_inprogress_0
2019-09-18 11:47:51,066 [941b1faa-5cc5-4fbd-82c3-729dc82a122f@group-092309D0A6B0-SegmentedRaftLogWorker] INFO  segmented.SegmentedRaftLogWorker (SegmentedRaftLogWorker.java:execute(569)) - 941b1faa-5cc5-4fbd-82c3-729dc82a122f@group-092309D0A6B0-SegmentedRaftLogWorker: created new log segment /workdir/hadoop-ozone/integration-test/target/test-dir/MiniOzoneClusterImpl-29a1df15-cd37-4e65-a38b-6e93fe944b41/datanode-4/data/ratis/7fee27b4-a560-4900-8c95-092309d0a6b0/current/log_inprogress_0
2019-09-18 11:47:51,098 [grpc-default-executor-9] INFO  impl.RaftServerImpl (RaftServerImpl.java:setRole(174)) - 80b2273a-a181-40f7-a59c-f9bb72e1a4d3@group-4B0031EC218E: changes role from  FOLLOWER to FOLLOWER at term 1 for recognizeCandidate:43bd4a59-611b-42ac-b803-c7bc77298fb7
2019-09-18 11:47:51,098 [grpc-default-executor-9] INFO  impl.RoleInfo (RoleInfo.java:shutdownFollowerState(121)) - 80b2273a-a181-40f7-a59c-f9bb72e1a4d3: shutdown FollowerState
2019-09-18 11:47:51,098 [grpc-default-executor-0] INFO  impl.RaftServerImpl (RaftServerImpl.java:setRole(174)) - 667c917f-69b1-4d24-81e9-af1370db70ff@group-4B0031EC218E: changes role from  FOLLOWER to FOLLOWER at term 1 for recognizeCandidate:43bd4a59-611b-42ac-b803-c7bc77298fb7
2019-09-18 11:47:51,099 [Thread-3021] INFO  impl.FollowerState (FollowerState.java:run(115)) - 80b2273a-a181-40f7-a59c-f9bb72e1a4d3: FollowerState was interrupted: java.lang.InterruptedException: sleep interrupted
2019-09-18 11:47:51,099 [grpc-default-executor-9] INFO  impl.RoleInfo (RoleInfo.java:updateAndGet(143)) - 80b2273a-a181-40f7-a59c-f9bb72e1a4d3: start FollowerState
2019-09-18 11:47:51,099 [grpc-default-executor-0] INFO  impl.RoleInfo (RoleInfo.java:shutdownFollowerState(121)) - 667c917f-69b1-4d24-81e9-af1370db70ff: shutdown FollowerState
2019-09-18 11:47:51,102 [grpc-default-executor-0] INFO  impl.RoleInfo (RoleInfo.java:updateAndGet(143)) - 667c917f-69b1-4d24-81e9-af1370db70ff: start FollowerState
2019-09-18 11:47:51,102 [Thread-3022] INFO  impl.FollowerState (FollowerState.java:run(115)) - 667c917f-69b1-4d24-81e9-af1370db70ff: FollowerState was interrupted: java.lang.InterruptedException: sleep interrupted
2019-09-18 11:47:51,120 [43bd4a59-611b-42ac-b803-c7bc77298fb7@group-4B0031EC218E:LeaderElection77] INFO  impl.LeaderElection (LeaderElection.java:logAndReturn(56)) - 43bd4a59-611b-42ac-b803-c7bc77298fb7@group-4B0031EC218E:LeaderElection77: Election PASSED; received 1 response(s) [43bd4a59-611b-42ac-b803-c7bc77298fb7<-80b2273a-a181-40f7-a59c-f9bb72e1a4d3#0:OK-t1] and 0 exception(s); 43bd4a59-611b-42ac-b803-c7bc77298fb7@group-4B0031EC218E:t1, leader=null, voted=43bd4a59-611b-42ac-b803-c7bc77298fb7, raftlog=43bd4a59-611b-42ac-b803-c7bc77298fb7@group-4B0031EC218E-SegmentedRaftLog:OPENED:c-1,f-1,i0, conf=-1: [43bd4a59-611b-42ac-b803-c7bc77298fb7:192.168.157.254:40697, 667c917f-69b1-4d24-81e9-af1370db70ff:192.168.157.254:42838, 80b2273a-a181-40f7-a59c-f9bb72e1a4d3:192.168.157.254:43451], old=null
2019-09-18 11:47:51,120 [43bd4a59-611b-42ac-b803-c7bc77298fb7@group-4B0031EC218E:LeaderElection77] INFO  impl.RoleInfo (RoleInfo.java:shutdownLeaderElection(134)) - 43bd4a59-611b-42ac-b803-c7bc77298fb7: shutdown LeaderElection
2019-09-18 11:47:51,120 [43bd4a59-611b-42ac-b803-c7bc77298fb7@group-4B0031EC218E:LeaderElection77] INFO  impl.RaftServerImpl (RaftServerImpl.java:setRole(174)) - 43bd4a59-611b-42ac-b803-c7bc77298fb7@group-4B0031EC218E: changes role from CANDIDATE to LEADER at term 1 for changeToLeader
2019-09-18 11:47:51,120 [43bd4a59-611b-42ac-b803-c7bc77298fb7@group-4B0031EC218E:LeaderElection77] INFO  impl.RaftServerImpl (ServerState.java:setLeader(253)) - 43bd4a59-611b-42ac-b803-c7bc77298fb7@group-4B0031EC218E: change Leader from null to 43bd4a59-611b-42ac-b803-c7bc77298fb7 at term 1 for becomeLeader, leader elected after 5172ms
2019-09-18 11:47:51,120 [43bd4a59-611b-42ac-b803-c7bc77298fb7@group-4B0031EC218E:LeaderElection77] INFO  server.RaftServerConfigKeys (ConfUtils.java:logGet(43)) - raft.server.staging.catchup.gap = 1000 (default)
2019-09-18 11:47:51,120 [43bd4a59-611b-42ac-b803-c7bc77298fb7@group-4B0031EC218E:LeaderElection77] INFO  server.RaftServerConfigKeys (ConfUtils.java:logGet(43)) - raft.server.rpc.sleep.time = 25ms (default)
2019-09-18 11:47:51,120 [43bd4a59-611b-42ac-b803-c7bc77298fb7@group-4B0031EC218E:LeaderElection77] INFO  server.RaftServerConfigKeys (ConfUtils.java:logGet(43)) - raft.server.write.element-limit = 4096 (default)
2019-09-18 11:47:51,120 [43bd4a59-611b-42ac-b803-c7bc77298fb7@group-4B0031EC218E:LeaderElection77] INFO  server.RaftServerConfigKeys (ConfUtils.java:logGet(43)) - raft.server.watch.timeout = 10s (default)
2019-09-18 11:47:51,120 [43bd4a59-611b-42ac-b803-c7bc77298fb7@group-4B0031EC218E:LeaderElection77] INFO  server.RaftServerConfigKeys (ConfUtils.java:logGet(43)) - raft.server.watch.timeout.denomination = 1s (default)
2019-09-18 11:47:51,121 [43bd4a59-611b-42ac-b803-c7bc77298fb7@group-4B0031EC218E:LeaderElection77] INFO  server.RaftServerConfigKeys (ConfUtils.java:logGet(43)) - raft.server.watch.element-limit = 65536 (default)
2019-09-18 11:47:51,122 [43bd4a59-611b-42ac-b803-c7bc77298fb7@group-4B0031EC218E:LeaderElection77] INFO  server.RaftServerConfigKeys (ConfUtils.java:logGet(43)) - raft.server.log.appender.snapshot.chunk.size.max = 16MB (=16777216) (default)
2019-09-18 11:47:51,122 [43bd4a59-611b-42ac-b803-c7bc77298fb7@group-4B0031EC218E:LeaderElection77] INFO  server.RaftServerConfigKeys (ConfUtils.java:logGet(43)) - raft.server.log.appender.buffer.byte-limit = 33554432 (custom)
2019-09-18 11:47:51,122 [43bd4a59-611b-42ac-b803-c7bc77298fb7@group-4B0031EC218E:LeaderElection77] INFO  server.RaftServerConfigKeys (ConfUtils.java:logGet(43)) - raft.server.log.appender.buffer.element-limit = 1 (custom)
2019-09-18 11:47:51,122 [43bd4a59-611b-42ac-b803-c7bc77298fb7@group-4B0031EC218E:LeaderElection77] INFO  grpc.GrpcConfigKeys$Server (ConfUtils.java:logGet(43)) - raft.grpc.server.leader.outstanding.appends.max = 128 (default)
2019-09-18 11:47:51,122 [43bd4a59-611b-42ac-b803-c7bc77298fb7@group-4B0031EC218E:LeaderElection77] INFO  server.RaftServerConfigKeys (ConfUtils.java:logGet(43)) - raft.server.rpc.request.timeout = 3000ms (default)
2019-09-18 11:47:51,122 [43bd4a59-611b-42ac-b803-c7bc77298fb7@group-4B0031EC218E:LeaderElection77] INFO  server.RaftServerConfigKeys (ConfUtils.java:logGet(43)) - raft.server.log.appender.install.snapshot.enabled = false (custom)
2019-09-18 11:47:51,123 [43bd4a59-611b-42ac-b803-c7bc77298fb7@group-4B0031EC218E:LeaderElection77] INFO  server.RaftServerConfigKeys (ConfUtils.java:logGet(43)) - raft.server.log.appender.snapshot.chunk.size.max = 16MB (=16777216) (default)
2019-09-18 11:47:51,123 [43bd4a59-611b-42ac-b803-c7bc77298fb7@group-4B0031EC218E:LeaderElection77] INFO  server.RaftServerConfigKeys (ConfUtils.java:logGet(43)) - raft.server.log.appender.buffer.byte-limit = 33554432 (custom)
2019-09-18 11:47:51,123 [43bd4a59-611b-42ac-b803-c7bc77298fb7@group-4B0031EC218E:LeaderElection77] INFO  server.RaftServerConfigKeys (ConfUtils.java:logGet(43)) - raft.server.log.appender.buffer.element-limit = 1 (custom)
2019-09-18 11:47:51,123 [43bd4a59-611b-42ac-b803-c7bc77298fb7@group-4B0031EC218E:LeaderElection77] INFO  grpc.GrpcConfigKeys$Server (ConfUtils.java:logGet(43)) - raft.grpc.server.leader.outstanding.appends.max = 128 (default)
2019-09-18 11:47:51,123 [43bd4a59-611b-42ac-b803-c7bc77298fb7@group-4B0031EC218E:LeaderElection77] INFO  server.RaftServerConfigKeys (ConfUtils.java:logGet(43)) - raft.server.rpc.request.timeout = 3000ms (default)
2019-09-18 11:47:51,123 [43bd4a59-611b-42ac-b803-c7bc77298fb7@group-4B0031EC218E:LeaderElection77] INFO  server.RaftServerConfigKeys (ConfUtils.java:logGet(43)) - raft.server.log.appender.install.snapshot.enabled = false (custom)
2019-09-18 11:47:51,123 [43bd4a59-611b-42ac-b803-c7bc77298fb7@group-4B0031EC218E:LeaderElection77] INFO  impl.RoleInfo (RoleInfo.java:updateAndGet(143)) - 43bd4a59-611b-42ac-b803-c7bc77298fb7: start LeaderState
2019-09-18 11:47:51,123 [43bd4a59-611b-42ac-b803-c7bc77298fb7@group-4B0031EC218E:LeaderElection77] INFO  segmented.SegmentedRaftLogWorker (SegmentedRaftLogWorker.java:startLogSegment(380)) - 43bd4a59-611b-42ac-b803-c7bc77298fb7@group-4B0031EC218E-SegmentedRaftLogWorker: Starting segment from index:0
2019-09-18 11:47:51,124 [43bd4a59-611b-42ac-b803-c7bc77298fb7@group-4B0031EC218E:LeaderElection77] INFO  impl.RaftServerImpl (ServerState.java:setRaftConf(354)) - 43bd4a59-611b-42ac-b803-c7bc77298fb7@group-4B0031EC218E: set configuration 0: [43bd4a59-611b-42ac-b803-c7bc77298fb7:192.168.157.254:40697, 667c917f-69b1-4d24-81e9-af1370db70ff:192.168.157.254:42838, 80b2273a-a181-40f7-a59c-f9bb72e1a4d3:192.168.157.254:43451], old=null at 0
2019-09-18 11:47:51,125 [grpc-default-executor-9] INFO  impl.RaftServerImpl (ServerState.java:setLeader(253)) - 80b2273a-a181-40f7-a59c-f9bb72e1a4d3@group-4B0031EC218E: change Leader from null to 43bd4a59-611b-42ac-b803-c7bc77298fb7 at term 1 for appendEntries, leader elected after 5176ms
2019-09-18 11:47:51,154 [grpc-default-executor-0] INFO  impl.RaftServerImpl (ServerState.java:setLeader(253)) - 667c917f-69b1-4d24-81e9-af1370db70ff@group-4B0031EC218E: change Leader from null to 43bd4a59-611b-42ac-b803-c7bc77298fb7 at term 1 for appendEntries, leader elected after 5206ms
2019-09-18 11:47:51,159 [grpc-default-executor-0] INFO  impl.RaftServerImpl (ServerState.java:setRaftConf(354)) - 80b2273a-a181-40f7-a59c-f9bb72e1a4d3@group-4B0031EC218E: set configuration 0: [43bd4a59-611b-42ac-b803-c7bc77298fb7:192.168.157.254:40697, 667c917f-69b1-4d24-81e9-af1370db70ff:192.168.157.254:42838, 80b2273a-a181-40f7-a59c-f9bb72e1a4d3:192.168.157.254:43451], old=null at 0
2019-09-18 11:47:51,159 [grpc-default-executor-9] INFO  impl.RaftServerImpl (ServerState.java:setRaftConf(354)) - 667c917f-69b1-4d24-81e9-af1370db70ff@group-4B0031EC218E: set configuration 0: [43bd4a59-611b-42ac-b803-c7bc77298fb7:192.168.157.254:40697, 667c917f-69b1-4d24-81e9-af1370db70ff:192.168.157.254:42838, 80b2273a-a181-40f7-a59c-f9bb72e1a4d3:192.168.157.254:43451], old=null at 0
2019-09-18 11:47:51,159 [grpc-default-executor-0] INFO  segmented.SegmentedRaftLogWorker (SegmentedRaftLogWorker.java:startLogSegment(380)) - 80b2273a-a181-40f7-a59c-f9bb72e1a4d3@group-4B0031EC218E-SegmentedRaftLogWorker: Starting segment from index:0
2019-09-18 11:47:51,159 [grpc-default-executor-9] INFO  segmented.SegmentedRaftLogWorker (SegmentedRaftLogWorker.java:startLogSegment(380)) - 667c917f-69b1-4d24-81e9-af1370db70ff@group-4B0031EC218E-SegmentedRaftLogWorker: Starting segment from index:0
2019-09-18 11:47:51,167 [43bd4a59-611b-42ac-b803-c7bc77298fb7@group-4B0031EC218E-SegmentedRaftLogWorker] INFO  segmented.SegmentedRaftLogWorker (SegmentedRaftLogWorker.java:execute(569)) - 43bd4a59-611b-42ac-b803-c7bc77298fb7@group-4B0031EC218E-SegmentedRaftLogWorker: created new log segment /workdir/hadoop-ozone/integration-test/target/test-dir/MiniOzoneClusterImpl-29a1df15-cd37-4e65-a38b-6e93fe944b41/datanode-6/data/ratis/0c2f8137-b3ac-45ea-bafe-4b0031ec218e/current/log_inprogress_0
2019-09-18 11:47:51,206 [80b2273a-a181-40f7-a59c-f9bb72e1a4d3@group-4B0031EC218E-SegmentedRaftLogWorker] INFO  segmented.SegmentedRaftLogWorker (SegmentedRaftLogWorker.java:execute(569)) - 80b2273a-a181-40f7-a59c-f9bb72e1a4d3@group-4B0031EC218E-SegmentedRaftLogWorker: created new log segment /workdir/hadoop-ozone/integration-test/target/test-dir/MiniOzoneClusterImpl-29a1df15-cd37-4e65-a38b-6e93fe944b41/datanode-1/data/ratis/0c2f8137-b3ac-45ea-bafe-4b0031ec218e/current/log_inprogress_0
2019-09-18 11:47:51,206 [667c917f-69b1-4d24-81e9-af1370db70ff@group-4B0031EC218E-SegmentedRaftLogWorker] INFO  segmented.SegmentedRaftLogWorker (SegmentedRaftLogWorker.java:execute(569)) - 667c917f-69b1-4d24-81e9-af1370db70ff@group-4B0031EC218E-SegmentedRaftLogWorker: created new log segment /workdir/hadoop-ozone/integration-test/target/test-dir/MiniOzoneClusterImpl-29a1df15-cd37-4e65-a38b-6e93fe944b41/datanode-0/data/ratis/0c2f8137-b3ac-45ea-bafe-4b0031ec218e/current/log_inprogress_0
2019-09-18 11:47:51,548 [grpc-default-executor-9] INFO  client.GrpcClientProtocolClient (GrpcClientProtocolClient.java:onNext(264)) - client-944E03440049->80b2273a-a181-40f7-a59c-f9bb72e1a4d3: receive RaftClientReply:client-944E03440049->80b2273a-a181-40f7-a59c-f9bb72e1a4d3@group-4B0031EC218E, cid=161, FAILED org.apache.ratis.protocol.NotLeaderException: Server 80b2273a-a181-40f7-a59c-f9bb72e1a4d3@group-4B0031EC218E is not the leader 43bd4a59-611b-42ac-b803-c7bc77298fb7:192.168.157.254:40697, logIndex=0, commits[80b2273a-a181-40f7-a59c-f9bb72e1a4d3:c-1, 43bd4a59-611b-42ac-b803-c7bc77298fb7:c-1, 667c917f-69b1-4d24-81e9-af1370db70ff:c-1]
2019-09-18 11:47:52,033 [grpc-default-executor-0] INFO  client.GrpcClientProtocolClient (GrpcClientProtocolClient.java:onNext(264)) - client-944E03440049->43bd4a59-611b-42ac-b803-c7bc77298fb7: receive RaftClientReply:client-944E03440049->43bd4a59-611b-42ac-b803-c7bc77298fb7@group-4B0031EC218E, cid=161, SUCCESS, logIndex=1, commits[43bd4a59-611b-42ac-b803-c7bc77298fb7:c1, 667c917f-69b1-4d24-81e9-af1370db70ff:c0, 80b2273a-a181-40f7-a59c-f9bb72e1a4d3:c0]
2019-09-18 11:47:52,046 [grpc-default-executor-12] INFO  client.GrpcClientProtocolClient (GrpcClientProtocolClient.java:onNext(264)) - client-944E03440049->43bd4a59-611b-42ac-b803-c7bc77298fb7: receive RaftClientReply:client-944E03440049->43bd4a59-611b-42ac-b803-c7bc77298fb7@group-4B0031EC218E, cid=162, SUCCESS, logIndex=3, commits[43bd4a59-611b-42ac-b803-c7bc77298fb7:c7, 667c917f-69b1-4d24-81e9-af1370db70ff:c1, 80b2273a-a181-40f7-a59c-f9bb72e1a4d3:c1]
2019-09-18 11:47:52,636 [grpc-default-executor-12] INFO  client.GrpcClientProtocolClient (GrpcClientProtocolClient.java:onNext(264)) - client-944E03440049->43bd4a59-611b-42ac-b803-c7bc77298fb7: receive RaftClientReply:client-944E03440049->43bd4a59-611b-42ac-b803-c7bc77298fb7@group-4B0031EC218E, cid=163, SUCCESS, logIndex=4, commits[43bd4a59-611b-42ac-b803-c7bc77298fb7:c10, 667c917f-69b1-4d24-81e9-af1370db70ff:c7, 80b2273a-a181-40f7-a59c-f9bb72e1a4d3:c7]
2019-09-18 11:47:52,640 [grpc-default-executor-12] INFO  client.GrpcClientProtocolClient (GrpcClientProtocolClient.java:onNext(264)) - client-944E03440049->43bd4a59-611b-42ac-b803-c7bc77298fb7: receive RaftClientReply:client-944E03440049->43bd4a59-611b-42ac-b803-c7bc77298fb7@group-4B0031EC218E, cid=164, SUCCESS, logIndex=5, commits[43bd4a59-611b-42ac-b803-c7bc77298fb7:c10, 667c917f-69b1-4d24-81e9-af1370db70ff:c7, 80b2273a-a181-40f7-a59c-f9bb72e1a4d3:c7]
2019-09-18 11:47:52,641 [grpc-default-executor-12] INFO  client.GrpcClientProtocolClient (GrpcClientProtocolClient.java:onNext(264)) - client-944E03440049->43bd4a59-611b-42ac-b803-c7bc77298fb7: receive RaftClientReply:client-944E03440049->43bd4a59-611b-42ac-b803-c7bc77298fb7@group-4B0031EC218E, cid=165, SUCCESS, logIndex=6, commits[43bd4a59-611b-42ac-b803-c7bc77298fb7:c10, 667c917f-69b1-4d24-81e9-af1370db70ff:c7, 80b2273a-a181-40f7-a59c-f9bb72e1a4d3:c7]
2019-09-18 11:47:53,879 [grpc-default-executor-12] INFO  client.GrpcClientProtocolClient (GrpcClientProtocolClient.java:onNext(264)) - client-944E03440049->43bd4a59-611b-42ac-b803-c7bc77298fb7: receive RaftClientReply:client-944E03440049->43bd4a59-611b-42ac-b803-c7bc77298fb7@group-4B0031EC218E, cid=166, SUCCESS, logIndex=7, commits[43bd4a59-611b-42ac-b803-c7bc77298fb7:c10, 667c917f-69b1-4d24-81e9-af1370db70ff:c7, 80b2273a-a181-40f7-a59c-f9bb72e1a4d3:c7]
2019-09-18 11:47:53,898 [grpc-default-executor-0] INFO  client.GrpcClientProtocolClient (GrpcClientProtocolClient.java:onNext(264)) - client-944E03440049->43bd4a59-611b-42ac-b803-c7bc77298fb7: receive RaftClientReply:client-944E03440049->43bd4a59-611b-42ac-b803-c7bc77298fb7@group-4B0031EC218E, cid=167, SUCCESS, logIndex=11, commits[43bd4a59-611b-42ac-b803-c7bc77298fb7:c12, 667c917f-69b1-4d24-81e9-af1370db70ff:c10, 80b2273a-a181-40f7-a59c-f9bb72e1a4d3:c10]
2019-09-18 11:47:53,898 [grpc-default-executor-0] INFO  client.GrpcClientProtocolClient (GrpcClientProtocolClient.java:onNext(264)) - client-944E03440049->43bd4a59-611b-42ac-b803-c7bc77298fb7: receive RaftClientReply:client-944E03440049->43bd4a59-611b-42ac-b803-c7bc77298fb7@group-4B0031EC218E, cid=168, SUCCESS, logIndex=12, commits[43bd4a59-611b-42ac-b803-c7bc77298fb7:c12, 667c917f-69b1-4d24-81e9-af1370db70ff:c10, 80b2273a-a181-40f7-a59c-f9bb72e1a4d3:c10]
2019-09-18 11:47:53,917 [grpc-default-executor-0] INFO  client.GrpcClientProtocolClient (GrpcClientProtocolClient.java:onNext(264)) - client-944E03440049->43bd4a59-611b-42ac-b803-c7bc77298fb7: receive RaftClientReply:client-944E03440049->43bd4a59-611b-42ac-b803-c7bc77298fb7@group-4B0031EC218E, cid=169, SUCCESS, logIndex=0, commits[43bd4a59-611b-42ac-b803-c7bc77298fb7:c14, 667c917f-69b1-4d24-81e9-af1370db70ff:c12, 80b2273a-a181-40f7-a59c-f9bb72e1a4d3:c12]
2019-09-18 11:47:54,015 [Datanode State Machine Thread - 0] INFO  statemachine.DatanodeStateMachine (DatanodeStateMachine.java:lambda$startDaemon$0(350)) - Ozone container server started.
2019-09-18 11:47:58,101 [EventQueue-StaleNodeForStaleNodeHandler] INFO  node.StaleNodeHandler (StaleNodeHandler.java:onMessage(58)) - Datanode 43bd4a59-611b-42ac-b803-c7bc77298fb7{ip: 192.168.157.254, host: pr-hdds-2143-zjsjg-1178913, networkLocation: /default-rack, certSerialId: null} moved to stale state. Finalizing its pipelines [PipelineID=0c2f8137-b3ac-45ea-bafe-4b0031ec218e, PipelineID=6b0c2c97-c13c-440c-bee8-4daa446daac3]
2019-09-18 11:47:58,102 [EventQueue-StaleNodeForStaleNodeHandler] INFO  pipeline.SCMPipelineManager (SCMPipelineManager.java:finalizeAndDestroyPipeline(311)) - destroying pipeline:Pipeline[ Id: 0c2f8137-b3ac-45ea-bafe-4b0031ec218e, Nodes: 43bd4a59-611b-42ac-b803-c7bc77298fb7{ip: 192.168.157.254, host: pr-hdds-2143-zjsjg-1178913, networkLocation: /default-rack, certSerialId: null}667c917f-69b1-4d24-81e9-af1370db70ff{ip: 192.168.157.254, host: pr-hdds-2143-zjsjg-1178913, networkLocation: /default-rack, certSerialId: null}80b2273a-a181-40f7-a59c-f9bb72e1a4d3{ip: 192.168.157.254, host: pr-hdds-2143-zjsjg-1178913, networkLocation: /default-rack, certSerialId: null}, Type:RATIS, Factor:THREE, State:OPEN]
2019-09-18 11:47:58,102 [EventQueue-StaleNodeForStaleNodeHandler] INFO  pipeline.PipelineStateManager (PipelineStateManager.java:finalizePipeline(123)) - Pipeline Pipeline[ Id: 0c2f8137-b3ac-45ea-bafe-4b0031ec218e, Nodes: 43bd4a59-611b-42ac-b803-c7bc77298fb7{ip: 192.168.157.254, host: pr-hdds-2143-zjsjg-1178913, networkLocation: /default-rack, certSerialId: null}667c917f-69b1-4d24-81e9-af1370db70ff{ip: 192.168.157.254, host: pr-hdds-2143-zjsjg-1178913, networkLocation: /default-rack, certSerialId: null}80b2273a-a181-40f7-a59c-f9bb72e1a4d3{ip: 192.168.157.254, host: pr-hdds-2143-zjsjg-1178913, networkLocation: /default-rack, certSerialId: null}, Type:RATIS, Factor:THREE, State:CLOSED] moved to CLOSED state
2019-09-18 11:47:58,103 [EventQueue-CloseContainerForCloseContainerEventHandler] INFO  container.CloseContainerEventHandler (CloseContainerEventHandler.java:onMessage(61)) - Close container Event triggered for container : #1
2019-09-18 11:47:58,106 [EventQueue-StaleNodeForStaleNodeHandler] INFO  pipeline.SCMPipelineManager (SCMPipelineManager.java:finalizeAndDestroyPipeline(311)) - destroying pipeline:Pipeline[ Id: 6b0c2c97-c13c-440c-bee8-4daa446daac3, Nodes: 43bd4a59-611b-42ac-b803-c7bc77298fb7{ip: 192.168.157.254, host: pr-hdds-2143-zjsjg-1178913, networkLocation: /default-rack, certSerialId: null}, Type:RATIS, Factor:ONE, State:OPEN]
2019-09-18 11:47:58,109 [EventQueue-StaleNodeForStaleNodeHandler] INFO  pipeline.PipelineStateManager (PipelineStateManager.java:finalizePipeline(123)) - Pipeline Pipeline[ Id: 6b0c2c97-c13c-440c-bee8-4daa446daac3, Nodes: 43bd4a59-611b-42ac-b803-c7bc77298fb7{ip: 192.168.157.254, host: pr-hdds-2143-zjsjg-1178913, networkLocation: /default-rack, certSerialId: null}, Type:RATIS, Factor:ONE, State:CLOSED] moved to CLOSED state
2019-09-18 11:47:58,919 [main] INFO  ozoneimpl.OzoneContainer (OzoneContainer.java:stop(231)) - Attempting to stop container services.
2019-09-18 11:47:58,920 [main] INFO  impl.RaftServerProxy (RaftServerProxy.java:lambda$close$4(314)) - 43bd4a59-611b-42ac-b803-c7bc77298fb7: close
2019-09-18 11:47:58,921 [main] INFO  impl.RaftServerImpl (RaftServerImpl.java:lambda$shutdown$3(251)) - 43bd4a59-611b-42ac-b803-c7bc77298fb7@group-4B0031EC218E: shutdown
2019-09-18 11:47:58,922 [main] INFO  util.JmxRegister (JmxRegister.java:unregister(73)) - Successfully un-registered JMX Bean with object name Ratis:service=RaftServer,group=group-4B0031EC218E,id=43bd4a59-611b-42ac-b803-c7bc77298fb7
2019-09-18 11:47:58,923 [main] INFO  impl.RoleInfo (RoleInfo.java:shutdownLeaderState(104)) - 43bd4a59-611b-42ac-b803-c7bc77298fb7: shutdown LeaderState
2019-09-18 11:47:58,930 [main] INFO  impl.PendingRequests (PendingRequests.java:sendNotLeaderResponses(202)) - 43bd4a59-611b-42ac-b803-c7bc77298fb7-PendingRequests: sendNotLeaderResponses
2019-09-18 11:47:58,930 [org.apache.ratis.server.impl.LogAppender$AppenderDaemon$$Lambda$539/1831427088@71ff74eb] WARN  server.GrpcLogAppender (GrpcLogAppender.java:mayWait(143)) - 43bd4a59-611b-42ac-b803-c7bc77298fb7@group-4B0031EC218E->667c917f-69b1-4d24-81e9-af1370db70ff-GrpcLogAppender: Wait interrupted by java.lang.InterruptedException
2019-09-18 11:47:58,930 [org.apache.ratis.server.impl.LogAppender$AppenderDaemon$$Lambda$539/1831427088@63d3d333] WARN  server.GrpcLogAppender (GrpcLogAppender.java:mayWait(143)) - 43bd4a59-611b-42ac-b803-c7bc77298fb7@group-4B0031EC218E->80b2273a-a181-40f7-a59c-f9bb72e1a4d3-GrpcLogAppender: Wait interrupted by java.lang.InterruptedException
2019-09-18 11:47:58,934 [grpc-default-executor-12] INFO  server.GrpcServerProtocolService (GrpcServerProtocolService.java:onCompleted(113)) - 80b2273a-a181-40f7-a59c-f9bb72e1a4d3: Completed APPEND_ENTRIES, lastRequest: 43bd4a59-611b-42ac-b803-c7bc77298fb7->80b2273a-a181-40f7-a59c-f9bb72e1a4d3#17-t1, previous=(t:1, i:14), leaderCommit=14, initializing? false, entries: <empty>
2019-09-18 11:47:58,934 [grpc-default-executor-0] INFO  server.GrpcServerProtocolService (GrpcServerProtocolService.java:onCompleted(113)) - 667c917f-69b1-4d24-81e9-af1370db70ff: Completed APPEND_ENTRIES, lastRequest: 43bd4a59-611b-42ac-b803-c7bc77298fb7->667c917f-69b1-4d24-81e9-af1370db70ff#17-t1, previous=(t:1, i:14), leaderCommit=14, initializing? false, entries: <empty>
2019-09-18 11:47:58,934 [main] INFO  impl.StateMachineUpdater (StateMachineUpdater.java:stopAndJoin(125)) - 43bd4a59-611b-42ac-b803-c7bc77298fb7@group-4B0031EC218E-StateMachineUpdater: set stopIndex = 14
2019-09-18 11:47:58,935 [43bd4a59-611b-42ac-b803-c7bc77298fb7@group-4B0031EC218E-StateMachineUpdater] INFO  ratis.ContainerStateMachine (ContainerStateMachine.java:takeSnapshot(289)) - group-4B0031EC218E: Taking a snapshot at:(t:1, i:12) file /workdir/hadoop-ozone/integration-test/target/test-dir/MiniOzoneClusterImpl-29a1df15-cd37-4e65-a38b-6e93fe944b41/datanode-6/data/ratis/0c2f8137-b3ac-45ea-bafe-4b0031ec218e/sm/snapshot.1_12
2019-09-18 11:47:58,935 [grpc-default-executor-9] INFO  server.GrpcLogAppender (GrpcLogAppender.java:onCompleted(293)) - 43bd4a59-611b-42ac-b803-c7bc77298fb7@group-4B0031EC218E->667c917f-69b1-4d24-81e9-af1370db70ff-AppendLogResponseHandler: follower responses appendEntries COMPLETED
2019-09-18 11:47:58,935 [grpc-default-executor-12] INFO  server.GrpcLogAppender (GrpcLogAppender.java:onCompleted(293)) - 43bd4a59-611b-42ac-b803-c7bc77298fb7@group-4B0031EC218E->80b2273a-a181-40f7-a59c-f9bb72e1a4d3-AppendLogResponseHandler: follower responses appendEntries COMPLETED
2019-09-18 11:47:58,936 [grpc-default-executor-12] INFO  impl.FollowerInfo (FollowerInfo.java:lambda$new$0(51)) - 43bd4a59-611b-42ac-b803-c7bc77298fb7@group-4B0031EC218E->80b2273a-a181-40f7-a59c-f9bb72e1a4d3: nextIndex: updateUnconditionally 15 -> 14
2019-09-18 11:47:58,936 [grpc-default-executor-9] INFO  impl.FollowerInfo (FollowerInfo.java:lambda$new$0(51)) - 43bd4a59-611b-42ac-b803-c7bc77298fb7@group-4B0031EC218E->667c917f-69b1-4d24-81e9-af1370db70ff: nextIndex: updateUnconditionally 15 -> 14
2019-09-18 11:47:58,950 [43bd4a59-611b-42ac-b803-c7bc77298fb7@group-4B0031EC218E-StateMachineUpdater] INFO  ratis.ContainerStateMachine (ContainerStateMachine.java:takeSnapshot(300)) - group-4B0031EC218E: Finished taking a snapshot at:(t:1, i:12) file:/workdir/hadoop-ozone/integration-test/target/test-dir/MiniOzoneClusterImpl-29a1df15-cd37-4e65-a38b-6e93fe944b41/datanode-6/data/ratis/0c2f8137-b3ac-45ea-bafe-4b0031ec218e/sm/snapshot.1_12 time:15
2019-09-18 11:47:58,950 [43bd4a59-611b-42ac-b803-c7bc77298fb7@group-4B0031EC218E-StateMachineUpdater] INFO  impl.StateMachineUpdater (StateMachineUpdater.java:takeSnapshot(258)) - 43bd4a59-611b-42ac-b803-c7bc77298fb7@group-4B0031EC218E-StateMachineUpdater: Took a snapshot at index 12
2019-09-18 11:47:58,951 [43bd4a59-611b-42ac-b803-c7bc77298fb7@group-4B0031EC218E-StateMachineUpdater] INFO  impl.StateMachineUpdater (StateMachineUpdater.java:lambda$new$0(83)) - 43bd4a59-611b-42ac-b803-c7bc77298fb7@group-4B0031EC218E-StateMachineUpdater: snapshotIndex: updateIncreasingly -1 -> 12
2019-09-18 11:47:58,951 [43bd4a59-611b-42ac-b803-c7bc77298fb7@group-4B0031EC218E-StateMachineUpdater] INFO  ratis.ContainerStateMachine (ContainerStateMachine.java:takeSnapshot(289)) - group-4B0031EC218E: Taking a snapshot at:(t:1, i:12) file /workdir/hadoop-ozone/integration-test/target/test-dir/MiniOzoneClusterImpl-29a1df15-cd37-4e65-a38b-6e93fe944b41/datanode-6/data/ratis/0c2f8137-b3ac-45ea-bafe-4b0031ec218e/sm/snapshot.1_12
2019-09-18 11:47:58,963 [43bd4a59-611b-42ac-b803-c7bc77298fb7@group-4B0031EC218E-StateMachineUpdater] INFO  ratis.ContainerStateMachine (ContainerStateMachine.java:takeSnapshot(300)) - group-4B0031EC218E: Finished taking a snapshot at:(t:1, i:12) file:/workdir/hadoop-ozone/integration-test/target/test-dir/MiniOzoneClusterImpl-29a1df15-cd37-4e65-a38b-6e93fe944b41/datanode-6/data/ratis/0c2f8137-b3ac-45ea-bafe-4b0031ec218e/sm/snapshot.1_12 time:12
2019-09-18 11:47:58,963 [43bd4a59-611b-42ac-b803-c7bc77298fb7@group-4B0031EC218E-StateMachineUpdater] INFO  impl.StateMachineUpdater (StateMachineUpdater.java:takeSnapshot(258)) - 43bd4a59-611b-42ac-b803-c7bc77298fb7@group-4B0031EC218E-StateMachineUpdater: Took a snapshot at index 12
2019-09-18 11:47:58,964 [43bd4a59-611b-42ac-b803-c7bc77298fb7@group-4B0031EC218E-StateMachineUpdater] INFO  impl.StateMachineUpdater (StateMachineUpdater.java:lambda$new$0(83)) - 43bd4a59-611b-42ac-b803-c7bc77298fb7@group-4B0031EC218E-StateMachineUpdater: snapshotIndex: updateIncreasingly 12 -> 12
2019-09-18 11:47:58,964 [main] INFO  impl.RaftServerImpl (ServerState.java:close(385)) - 43bd4a59-611b-42ac-b803-c7bc77298fb7@group-4B0031EC218E: closes. applyIndex: 14
2019-09-18 11:47:58,965 [43bd4a59-611b-42ac-b803-c7bc77298fb7@group-4B0031EC218E-SegmentedRaftLogWorker] INFO  segmented.SegmentedRaftLogWorker (SegmentedRaftLogWorker.java:run(313)) - 43bd4a59-611b-42ac-b803-c7bc77298fb7@group-4B0031EC218E-SegmentedRaftLogWorker was interrupted, exiting. There are 0 tasks remaining in the queue.
2019-09-18 11:47:58,972 [main] INFO  segmented.SegmentedRaftLogWorker (SegmentedRaftLogWorker.java:close(228)) - 43bd4a59-611b-42ac-b803-c7bc77298fb7@group-4B0031EC218E-SegmentedRaftLogWorker close()
2019-09-18 11:47:58,977 [main] INFO  impl.RaftServerImpl (RaftServerImpl.java:lambda$shutdown$3(251)) - 43bd4a59-611b-42ac-b803-c7bc77298fb7@group-4DAA446DAAC3: shutdown
2019-09-18 11:47:58,978 [main] INFO  util.JmxRegister (JmxRegister.java:unregister(73)) - Successfully un-registered JMX Bean with object name Ratis:service=RaftServer,group=group-4DAA446DAAC3,id=43bd4a59-611b-42ac-b803-c7bc77298fb7
2019-09-18 11:47:58,978 [main] INFO  impl.RoleInfo (RoleInfo.java:shutdownLeaderState(104)) - 43bd4a59-611b-42ac-b803-c7bc77298fb7: shutdown LeaderState
2019-09-18 11:47:58,978 [main] INFO  impl.PendingRequests (PendingRequests.java:sendNotLeaderResponses(202)) - 43bd4a59-611b-42ac-b803-c7bc77298fb7-PendingRequests: sendNotLeaderResponses
2019-09-18 11:47:58,979 [main] INFO  impl.StateMachineUpdater (StateMachineUpdater.java:stopAndJoin(125)) - 43bd4a59-611b-42ac-b803-c7bc77298fb7@group-4DAA446DAAC3-StateMachineUpdater: set stopIndex = 0
2019-09-18 11:47:58,979 [main] INFO  impl.RaftServerImpl (ServerState.java:close(385)) - 43bd4a59-611b-42ac-b803-c7bc77298fb7@group-4DAA446DAAC3: closes. applyIndex: 0
2019-09-18 11:47:58,980 [43bd4a59-611b-42ac-b803-c7bc77298fb7@group-4DAA446DAAC3-SegmentedRaftLogWorker] INFO  segmented.SegmentedRaftLogWorker (SegmentedRaftLogWorker.java:run(313)) - 43bd4a59-611b-42ac-b803-c7bc77298fb7@group-4DAA446DAAC3-SegmentedRaftLogWorker was interrupted, exiting. There are 0 tasks remaining in the queue.
2019-09-18 11:47:58,982 [main] INFO  segmented.SegmentedRaftLogWorker (SegmentedRaftLogWorker.java:close(228)) - 43bd4a59-611b-42ac-b803-c7bc77298fb7@group-4DAA446DAAC3-SegmentedRaftLogWorker close()
2019-09-18 11:47:58,987 [main] INFO  server.GrpcService (GrpcService.java:closeImpl(164)) - 43bd4a59-611b-42ac-b803-c7bc77298fb7: shutdown server with port 40697 now
2019-09-18 11:47:58,989 [grpc-default-executor-12] WARN  client.GrpcClientProtocolService (LogUtils.java:warn(134)) - 3-UnorderedRequestStreamObserver3: onError: org.apache.ratis.thirdparty.io.grpc.StatusRuntimeException: CANCELLED: cancelled before receiving half close
2019-09-18 11:47:58,991 [main] INFO  server.GrpcService (GrpcService.java:closeImpl(172)) - 43bd4a59-611b-42ac-b803-c7bc77298fb7: shutdown server with port 40697 successfully
2019-09-18 11:47:58,994 [refreshUsed-/workdir/hadoop-ozone/integration-test/target/test-dir/MiniOzoneClusterImpl-29a1df15-cd37-4e65-a38b-6e93fe944b41/datanode-6/data/containers] WARN  fs.CachingGetSpaceUsed (CachingGetSpaceUsed.java:run(183)) - Thread Interrupted waiting to refresh disk information: sleep interrupted
2019-09-18 11:47:59,011 [main] INFO  utils.BackgroundService (BackgroundService.java:shutdown(148)) - Shutting down service BlockDeletingService
2019-09-18 11:47:59,018 [main] INFO  statemachine.DatanodeStateMachine (DatanodeStateMachine.java:stopDaemon(395)) - Ozone container server stopped.
2019-09-18 11:47:59,019 [main] INFO  handler.ContextHandler (ContextHandler.java:doStop(910)) - Stopped o.e.j.w.WebAppContext@5fb5ad40{/,null,UNAVAILABLE}{/hddsDatanode}
2019-09-18 11:47:59,022 [main] INFO  server.AbstractConnector (AbstractConnector.java:doStop(318)) - Stopped ServerConnector@615439f7{HTTP/1.1,[http/1.1]}{0.0.0.0:0}
2019-09-18 11:47:59,022 [main] INFO  handler.ContextHandler (ContextHandler.java:doStop(910)) - Stopped o.e.j.s.ServletContextHandler@4703c998{/static,jar:file:/home/user/.m2/repository/org/apache/hadoop/hadoop-hdds-container-service/0.5.0-SNAPSHOT/hadoop-hdds-container-service-0.5.0-SNAPSHOT.jar!/webapps/static,UNAVAILABLE}
2019-09-18 11:47:59,023 [main] INFO  handler.ContextHandler (ContextHandler.java:doStop(910)) - Stopped o.e.j.s.ServletContextHandler@47fb7ec9{/logs,file:///workdir/hadoop-ozone/integration-test/target/log,UNAVAILABLE}
2019-09-18 11:48:01,037 [grpc-default-executor-12] INFO  client.GrpcClientProtocolClient (GrpcClientProtocolClient.java:onNext(264)) - client-944E03440049->667c917f-69b1-4d24-81e9-af1370db70ff: receive RaftClientReply:client-944E03440049->667c917f-69b1-4d24-81e9-af1370db70ff@group-4B0031EC218E, cid=170, FAILED org.apache.ratis.protocol.NotLeaderException: Server 667c917f-69b1-4d24-81e9-af1370db70ff@group-4B0031EC218E is not the leader 43bd4a59-611b-42ac-b803-c7bc77298fb7:192.168.157.254:40697, logIndex=0, commits[667c917f-69b1-4d24-81e9-af1370db70ff:c14, 43bd4a59-611b-42ac-b803-c7bc77298fb7:c14, 80b2273a-a181-40f7-a59c-f9bb72e1a4d3:c14]
2019-09-18 11:48:02,052 [grpc-default-executor-12] INFO  client.GrpcClientProtocolClient (GrpcClientProtocolClient.java:onNext(264)) - client-944E03440049->80b2273a-a181-40f7-a59c-f9bb72e1a4d3: receive RaftClientReply:client-944E03440049->80b2273a-a181-40f7-a59c-f9bb72e1a4d3@group-4B0031EC218E, cid=170, FAILED org.apache.ratis.protocol.NotLeaderException: Server 80b2273a-a181-40f7-a59c-f9bb72e1a4d3@group-4B0031EC218E is not the leader 43bd4a59-611b-42ac-b803-c7bc77298fb7:192.168.157.254:40697, logIndex=0, commits[80b2273a-a181-40f7-a59c-f9bb72e1a4d3:c14, 43bd4a59-611b-42ac-b803-c7bc77298fb7:c14, 667c917f-69b1-4d24-81e9-af1370db70ff:c14]
2019-09-18 11:48:03,067 [grpc-default-executor-9] INFO  client.GrpcClientProtocolClient (GrpcClientProtocolClient.java:onNext(264)) - client-944E03440049->667c917f-69b1-4d24-81e9-af1370db70ff: receive RaftClientReply:client-944E03440049->667c917f-69b1-4d24-81e9-af1370db70ff@group-4B0031EC218E, cid=170, FAILED org.apache.ratis.protocol.NotLeaderException: Server 667c917f-69b1-4d24-81e9-af1370db70ff@group-4B0031EC218E is not the leader 43bd4a59-611b-42ac-b803-c7bc77298fb7:192.168.157.254:40697, logIndex=0, commits[667c917f-69b1-4d24-81e9-af1370db70ff:c14, 43bd4a59-611b-42ac-b803-c7bc77298fb7:c14, 80b2273a-a181-40f7-a59c-f9bb72e1a4d3:c14]
2019-09-18 11:48:04,091 [grpc-default-executor-9] INFO  client.GrpcClientProtocolClient (GrpcClientProtocolClient.java:onNext(264)) - client-944E03440049->80b2273a-a181-40f7-a59c-f9bb72e1a4d3: receive RaftClientReply:client-944E03440049->80b2273a-a181-40f7-a59c-f9bb72e1a4d3@group-4B0031EC218E, cid=170, FAILED org.apache.ratis.protocol.NotLeaderException: Server 80b2273a-a181-40f7-a59c-f9bb72e1a4d3@group-4B0031EC218E is not the leader 43bd4a59-611b-42ac-b803-c7bc77298fb7:192.168.157.254:40697, logIndex=0, commits[80b2273a-a181-40f7-a59c-f9bb72e1a4d3:c14, 43bd4a59-611b-42ac-b803-c7bc77298fb7:c14, 667c917f-69b1-4d24-81e9-af1370db70ff:c14]
2019-09-18 11:48:05,111 [grpc-default-executor-12] INFO  client.GrpcClientProtocolClient (GrpcClientProtocolClient.java:onNext(264)) - client-944E03440049->667c917f-69b1-4d24-81e9-af1370db70ff: receive RaftClientReply:client-944E03440049->667c917f-69b1-4d24-81e9-af1370db70ff@group-4B0031EC218E, cid=170, FAILED org.apache.ratis.protocol.NotLeaderException: Server 667c917f-69b1-4d24-81e9-af1370db70ff@group-4B0031EC218E is not the leader 43bd4a59-611b-42ac-b803-c7bc77298fb7:192.168.157.254:40697, logIndex=0, commits[667c917f-69b1-4d24-81e9-af1370db70ff:c14, 43bd4a59-611b-42ac-b803-c7bc77298fb7:c14, 80b2273a-a181-40f7-a59c-f9bb72e1a4d3:c14]
2019-09-18 11:48:06,131 [grpc-default-executor-12] INFO  client.GrpcClientProtocolClient (GrpcClientProtocolClient.java:onNext(264)) - client-944E03440049->80b2273a-a181-40f7-a59c-f9bb72e1a4d3: receive RaftClientReply:client-944E03440049->80b2273a-a181-40f7-a59c-f9bb72e1a4d3@group-4B0031EC218E, cid=170, FAILED org.apache.ratis.protocol.NotLeaderException: Server 80b2273a-a181-40f7-a59c-f9bb72e1a4d3@group-4B0031EC218E is not the leader 43bd4a59-611b-42ac-b803-c7bc77298fb7:192.168.157.254:40697, logIndex=0, commits[80b2273a-a181-40f7-a59c-f9bb72e1a4d3:c14, 43bd4a59-611b-42ac-b803-c7bc77298fb7:c14, 667c917f-69b1-4d24-81e9-af1370db70ff:c14]
2019-09-18 11:48:06,374 [Thread-3074] INFO  impl.FollowerState (FollowerState.java:run(106)) - 80b2273a-a181-40f7-a59c-f9bb72e1a4d3:group-4B0031EC218E changes to CANDIDATE, lastRpcTime:7456, electionTimeout:5180ms
2019-09-18 11:48:06,377 [Thread-3074] INFO  impl.RoleInfo (RoleInfo.java:shutdownFollowerState(121)) - 80b2273a-a181-40f7-a59c-f9bb72e1a4d3: shutdown FollowerState
2019-09-18 11:48:06,377 [Thread-3074] INFO  impl.RaftServerImpl (RaftServerImpl.java:setRole(174)) - 80b2273a-a181-40f7-a59c-f9bb72e1a4d3@group-4B0031EC218E: changes role from  FOLLOWER to CANDIDATE at term 1 for changeToCandidate
2019-09-18 11:48:06,377 [Thread-3074] INFO  impl.RoleInfo (RoleInfo.java:updateAndGet(143)) - 80b2273a-a181-40f7-a59c-f9bb72e1a4d3: start LeaderElection
2019-09-18 11:48:06,380 [80b2273a-a181-40f7-a59c-f9bb72e1a4d3@group-4B0031EC218E:LeaderElection78] INFO  impl.RaftServerImpl (ServerState.java:setLeader(253)) - 80b2273a-a181-40f7-a59c-f9bb72e1a4d3@group-4B0031EC218E: change Leader from 43bd4a59-611b-42ac-b803-c7bc77298fb7 to null at term 1 for initElection
2019-09-18 11:48:06,513 [Thread-3075] INFO  impl.FollowerState (FollowerState.java:run(106)) - 667c917f-69b1-4d24-81e9-af1370db70ff:group-4B0031EC218E changes to CANDIDATE, lastRpcTime:7594, electionTimeout:5156ms
2019-09-18 11:48:06,513 [Thread-3075] INFO  impl.RoleInfo (RoleInfo.java:shutdownFollowerState(121)) - 667c917f-69b1-4d24-81e9-af1370db70ff: shutdown FollowerState
2019-09-18 11:48:06,513 [Thread-3075] INFO  impl.RaftServerImpl (RaftServerImpl.java:setRole(174)) - 667c917f-69b1-4d24-81e9-af1370db70ff@group-4B0031EC218E: changes role from  FOLLOWER to CANDIDATE at term 1 for changeToCandidate
2019-09-18 11:48:06,514 [Thread-3075] INFO  impl.RoleInfo (RoleInfo.java:updateAndGet(143)) - 667c917f-69b1-4d24-81e9-af1370db70ff: start LeaderElection
2019-09-18 11:48:06,514 [667c917f-69b1-4d24-81e9-af1370db70ff@group-4B0031EC218E:LeaderElection79] INFO  impl.RaftServerImpl (ServerState.java:setLeader(253)) - 667c917f-69b1-4d24-81e9-af1370db70ff@group-4B0031EC218E: change Leader from 43bd4a59-611b-42ac-b803-c7bc77298fb7 to null at term 1 for initElection
2019-09-18 11:48:06,547 [80b2273a-a181-40f7-a59c-f9bb72e1a4d3@group-4B0031EC218E:LeaderElection78] INFO  impl.LeaderElection (LeaderElection.java:askForVotes(182)) - 80b2273a-a181-40f7-a59c-f9bb72e1a4d3@group-4B0031EC218E:LeaderElection78: begin an election at term 2 for 0: [43bd4a59-611b-42ac-b803-c7bc77298fb7:192.168.157.254:40697, 667c917f-69b1-4d24-81e9-af1370db70ff:192.168.157.254:42838, 80b2273a-a181-40f7-a59c-f9bb72e1a4d3:192.168.157.254:43451], old=null
2019-09-18 11:48:06,547 [667c917f-69b1-4d24-81e9-af1370db70ff@group-4B0031EC218E:LeaderElection79] INFO  impl.LeaderElection (LeaderElection.java:askForVotes(182)) - 667c917f-69b1-4d24-81e9-af1370db70ff@group-4B0031EC218E:LeaderElection79: begin an election at term 2 for 0: [43bd4a59-611b-42ac-b803-c7bc77298fb7:192.168.157.254:40697, 667c917f-69b1-4d24-81e9-af1370db70ff:192.168.157.254:42838, 80b2273a-a181-40f7-a59c-f9bb72e1a4d3:192.168.157.254:43451], old=null
2019-09-18 11:48:06,549 [667c917f-69b1-4d24-81e9-af1370db70ff@group-4B0031EC218E:LeaderElection79] INFO  impl.LeaderElection (LogUtils.java:infoOrTrace(149)) - 667c917f-69b1-4d24-81e9-af1370db70ff@group-4B0031EC218E:LeaderElection79 got exception when requesting votes: {}
java.util.concurrent.ExecutionException: org.apache.ratis.thirdparty.io.grpc.StatusRuntimeException: UNAVAILABLE: io exception
	at java.util.concurrent.FutureTask.report(FutureTask.java:122)
	at java.util.concurrent.FutureTask.get(FutureTask.java:192)
	at org.apache.ratis.server.impl.LeaderElection.waitForResults(LeaderElection.java:263)
	at org.apache.ratis.server.impl.LeaderElection.askForVotes(LeaderElection.java:201)
	at org.apache.ratis.server.impl.LeaderElection.run(LeaderElection.java:133)
	at java.lang.Thread.run(Thread.java:748)
Caused by: org.apache.ratis.thirdparty.io.grpc.StatusRuntimeException: UNAVAILABLE: io exception
	at org.apache.ratis.thirdparty.io.grpc.stub.ClientCalls.toStatusRuntimeException(ClientCalls.java:233)
	at org.apache.ratis.thirdparty.io.grpc.stub.ClientCalls.getUnchecked(ClientCalls.java:214)
	at org.apache.ratis.thirdparty.io.grpc.stub.ClientCalls.blockingUnaryCall(ClientCalls.java:139)
	at org.apache.ratis.proto.grpc.RaftServerProtocolServiceGrpc$RaftServerProtocolServiceBlockingStub.requestVote(RaftServerProtocolServiceGrpc.java:265)
	at org.apache.ratis.grpc.server.GrpcServerProtocolClient.requestVote(GrpcServerProtocolClient.java:90)
	at org.apache.ratis.grpc.server.GrpcService.requestVote(GrpcService.java:204)
	at org.apache.ratis.server.impl.LeaderElection.lambda$submitRequests$1(LeaderElection.java:238)
	at java.util.concurrent.FutureTask.run(FutureTask.java:266)
	at java.util.concurrent.Executors$RunnableAdapter.call(Executors.java:511)
	at java.util.concurrent.FutureTask.run(FutureTask.java:266)
	at java.util.concurrent.ThreadPoolExecutor.runWorker(ThreadPoolExecutor.java:1149)
	at java.util.concurrent.ThreadPoolExecutor$Worker.run(ThreadPoolExecutor.java:624)
	... 1 more
Caused by: org.apache.ratis.thirdparty.io.netty.channel.AbstractChannel$AnnotatedConnectException: Connection refused: /192.168.157.254:40697
	at sun.nio.ch.SocketChannelImpl.checkConnect(Native Method)
	at sun.nio.ch.SocketChannelImpl.finishConnect(SocketChannelImpl.java:717)
	at org.apache.ratis.thirdparty.io.netty.channel.socket.nio.NioSocketChannel.doFinishConnect(NioSocketChannel.java:327)
	at org.apache.ratis.thirdparty.io.netty.channel.nio.AbstractNioChannel$AbstractNioUnsafe.finishConnect(AbstractNioChannel.java:340)
	at org.apache.ratis.thirdparty.io.netty.channel.nio.NioEventLoop.processSelectedKey(NioEventLoop.java:632)
	at org.apache.ratis.thirdparty.io.netty.channel.nio.NioEventLoop.processSelectedKeysOptimized(NioEventLoop.java:579)
	at org.apache.ratis.thirdparty.io.netty.channel.nio.NioEventLoop.processSelectedKeys(NioEventLoop.java:496)
	at org.apache.ratis.thirdparty.io.netty.channel.nio.NioEventLoop.run(NioEventLoop.java:458)
	at org.apache.ratis.thirdparty.io.netty.util.concurrent.SingleThreadEventExecutor$5.run(SingleThreadEventExecutor.java:897)
	at org.apache.ratis.thirdparty.io.netty.util.concurrent.FastThreadLocalRunnable.run(FastThreadLocalRunnable.java:30)
	... 1 more
Caused by: java.net.ConnectException: Connection refused
	... 11 more
2019-09-18 11:48:06,568 [80b2273a-a181-40f7-a59c-f9bb72e1a4d3@group-4B0031EC218E:LeaderElection78] INFO  impl.LeaderElection (LogUtils.java:infoOrTrace(149)) - 80b2273a-a181-40f7-a59c-f9bb72e1a4d3@group-4B0031EC218E:LeaderElection78 got exception when requesting votes: {}
java.util.concurrent.ExecutionException: org.apache.ratis.thirdparty.io.grpc.StatusRuntimeException: UNAVAILABLE: io exception
	at java.util.concurrent.FutureTask.report(FutureTask.java:122)
	at java.util.concurrent.FutureTask.get(FutureTask.java:192)
	at org.apache.ratis.server.impl.LeaderElection.waitForResults(LeaderElection.java:263)
	at org.apache.ratis.server.impl.LeaderElection.askForVotes(LeaderElection.java:201)
	at org.apache.ratis.server.impl.LeaderElection.run(LeaderElection.java:133)
	at java.lang.Thread.run(Thread.java:748)
Caused by: org.apache.ratis.thirdparty.io.grpc.StatusRuntimeException: UNAVAILABLE: io exception
	at org.apache.ratis.thirdparty.io.grpc.stub.ClientCalls.toStatusRuntimeException(ClientCalls.java:233)
	at org.apache.ratis.thirdparty.io.grpc.stub.ClientCalls.getUnchecked(ClientCalls.java:214)
	at org.apache.ratis.thirdparty.io.grpc.stub.ClientCalls.blockingUnaryCall(ClientCalls.java:139)
	at org.apache.ratis.proto.grpc.RaftServerProtocolServiceGrpc$RaftServerProtocolServiceBlockingStub.requestVote(RaftServerProtocolServiceGrpc.java:265)
	at org.apache.ratis.grpc.server.GrpcServerProtocolClient.requestVote(GrpcServerProtocolClient.java:90)
	at org.apache.ratis.grpc.server.GrpcService.requestVote(GrpcService.java:204)
	at org.apache.ratis.server.impl.LeaderElection.lambda$submitRequests$1(LeaderElection.java:238)
	at java.util.concurrent.FutureTask.run(FutureTask.java:266)
	at java.util.concurrent.Executors$RunnableAdapter.call(Executors.java:511)
	at java.util.concurrent.FutureTask.run(FutureTask.java:266)
	at java.util.concurrent.ThreadPoolExecutor.runWorker(ThreadPoolExecutor.java:1149)
	at java.util.concurrent.ThreadPoolExecutor$Worker.run(ThreadPoolExecutor.java:624)
	... 1 more
Caused by: org.apache.ratis.thirdparty.io.netty.channel.AbstractChannel$AnnotatedConnectException: Connection refused: /192.168.157.254:40697
	at sun.nio.ch.SocketChannelImpl.checkConnect(Native Method)
	at sun.nio.ch.SocketChannelImpl.finishConnect(SocketChannelImpl.java:717)
	at org.apache.ratis.thirdparty.io.netty.channel.socket.nio.NioSocketChannel.doFinishConnect(NioSocketChannel.java:327)
	at org.apache.ratis.thirdparty.io.netty.channel.nio.AbstractNioChannel$AbstractNioUnsafe.finishConnect(AbstractNioChannel.java:340)
	at org.apache.ratis.thirdparty.io.netty.channel.nio.NioEventLoop.processSelectedKey(NioEventLoop.java:632)
	at org.apache.ratis.thirdparty.io.netty.channel.nio.NioEventLoop.processSelectedKeysOptimized(NioEventLoop.java:579)
	at org.apache.ratis.thirdparty.io.netty.channel.nio.NioEventLoop.processSelectedKeys(NioEventLoop.java:496)
	at org.apache.ratis.thirdparty.io.netty.channel.nio.NioEventLoop.run(NioEventLoop.java:458)
	at org.apache.ratis.thirdparty.io.netty.util.concurrent.SingleThreadEventExecutor$5.run(SingleThreadEventExecutor.java:897)
	at org.apache.ratis.thirdparty.io.netty.util.concurrent.FastThreadLocalRunnable.run(FastThreadLocalRunnable.java:30)
	... 1 more
Caused by: java.net.ConnectException: Connection refused
	... 11 more
2019-09-18 11:48:06,576 [80b2273a-a181-40f7-a59c-f9bb72e1a4d3@group-4B0031EC218E:LeaderElection78] INFO  impl.LeaderElection (LeaderElection.java:logAndReturn(56)) - 80b2273a-a181-40f7-a59c-f9bb72e1a4d3@group-4B0031EC218E:LeaderElection78: Election REJECTED; received 1 response(s) [80b2273a-a181-40f7-a59c-f9bb72e1a4d3<-667c917f-69b1-4d24-81e9-af1370db70ff#0:FAIL-t2] and 1 exception(s); 80b2273a-a181-40f7-a59c-f9bb72e1a4d3@group-4B0031EC218E:t2, leader=null, voted=80b2273a-a181-40f7-a59c-f9bb72e1a4d3, raftlog=80b2273a-a181-40f7-a59c-f9bb72e1a4d3@group-4B0031EC218E-SegmentedRaftLog:OPENED:c14,f14,i14, conf=0: [43bd4a59-611b-42ac-b803-c7bc77298fb7:192.168.157.254:40697, 667c917f-69b1-4d24-81e9-af1370db70ff:192.168.157.254:42838, 80b2273a-a181-40f7-a59c-f9bb72e1a4d3:192.168.157.254:43451], old=null
2019-09-18 11:48:06,576 [667c917f-69b1-4d24-81e9-af1370db70ff@group-4B0031EC218E:LeaderElection79] INFO  impl.LeaderElection (LeaderElection.java:logAndReturn(56)) - 667c917f-69b1-4d24-81e9-af1370db70ff@group-4B0031EC218E:LeaderElection79: Election REJECTED; received 1 response(s) [667c917f-69b1-4d24-81e9-af1370db70ff<-80b2273a-a181-40f7-a59c-f9bb72e1a4d3#0:FAIL-t2] and 1 exception(s); 667c917f-69b1-4d24-81e9-af1370db70ff@group-4B0031EC218E:t2, leader=null, voted=667c917f-69b1-4d24-81e9-af1370db70ff, raftlog=667c917f-69b1-4d24-81e9-af1370db70ff@group-4B0031EC218E-SegmentedRaftLog:OPENED:c14,f14,i14, conf=0: [43bd4a59-611b-42ac-b803-c7bc77298fb7:192.168.157.254:40697, 667c917f-69b1-4d24-81e9-af1370db70ff:192.168.157.254:42838, 80b2273a-a181-40f7-a59c-f9bb72e1a4d3:192.168.157.254:43451], old=null
2019-09-18 11:48:06,576 [80b2273a-a181-40f7-a59c-f9bb72e1a4d3@group-4B0031EC218E:LeaderElection78] INFO  impl.LeaderElection (LogUtils.java:infoOrTrace(149)) -   Exception 0: {}
java.util.concurrent.ExecutionException: org.apache.ratis.thirdparty.io.grpc.StatusRuntimeException: UNAVAILABLE: io exception
	at java.util.concurrent.FutureTask.report(FutureTask.java:122)
	at java.util.concurrent.FutureTask.get(FutureTask.java:192)
	at org.apache.ratis.server.impl.LeaderElection.waitForResults(LeaderElection.java:263)
	at org.apache.ratis.server.impl.LeaderElection.askForVotes(LeaderElection.java:201)
	at org.apache.ratis.server.impl.LeaderElection.run(LeaderElection.java:133)
	at java.lang.Thread.run(Thread.java:748)
Caused by: org.apache.ratis.thirdparty.io.grpc.StatusRuntimeException: UNAVAILABLE: io exception
	at org.apache.ratis.thirdparty.io.grpc.stub.ClientCalls.toStatusRuntimeException(ClientCalls.java:233)
	at org.apache.ratis.thirdparty.io.grpc.stub.ClientCalls.getUnchecked(ClientCalls.java:214)
	at org.apache.ratis.thirdparty.io.grpc.stub.ClientCalls.blockingUnaryCall(ClientCalls.java:139)
	at org.apache.ratis.proto.grpc.RaftServerProtocolServiceGrpc$RaftServerProtocolServiceBlockingStub.requestVote(RaftServerProtocolServiceGrpc.java:265)
	at org.apache.ratis.grpc.server.GrpcServerProtocolClient.requestVote(GrpcServerProtocolClient.java:90)
	at org.apache.ratis.grpc.server.GrpcService.requestVote(GrpcService.java:204)
	at org.apache.ratis.server.impl.LeaderElection.lambda$submitRequests$1(LeaderElection.java:238)
	at java.util.concurrent.FutureTask.run(FutureTask.java:266)
	at java.util.concurrent.Executors$RunnableAdapter.call(Executors.java:511)
	at java.util.concurrent.FutureTask.run(FutureTask.java:266)
	at java.util.concurrent.ThreadPoolExecutor.runWorker(ThreadPoolExecutor.java:1149)
	at java.util.concurrent.ThreadPoolExecutor$Worker.run(ThreadPoolExecutor.java:624)
	... 1 more
Caused by: org.apache.ratis.thirdparty.io.netty.channel.AbstractChannel$AnnotatedConnectException: Connection refused: /192.168.157.254:40697
	at sun.nio.ch.SocketChannelImpl.checkConnect(Native Method)
	at sun.nio.ch.SocketChannelImpl.finishConnect(SocketChannelImpl.java:717)
	at org.apache.ratis.thirdparty.io.netty.channel.socket.nio.NioSocketChannel.doFinishConnect(NioSocketChannel.java:327)
	at org.apache.ratis.thirdparty.io.netty.channel.nio.AbstractNioChannel$AbstractNioUnsafe.finishConnect(AbstractNioChannel.java:340)
	at org.apache.ratis.thirdparty.io.netty.channel.nio.NioEventLoop.processSelectedKey(NioEventLoop.java:632)
	at org.apache.ratis.thirdparty.io.netty.channel.nio.NioEventLoop.processSelectedKeysOptimized(NioEventLoop.java:579)
	at org.apache.ratis.thirdparty.io.netty.channel.nio.NioEventLoop.processSelectedKeys(NioEventLoop.java:496)
	at org.apache.ratis.thirdparty.io.netty.channel.nio.NioEventLoop.run(NioEventLoop.java:458)
	at org.apache.ratis.thirdparty.io.netty.util.concurrent.SingleThreadEventExecutor$5.run(SingleThreadEventExecutor.java:897)
	at org.apache.ratis.thirdparty.io.netty.util.concurrent.FastThreadLocalRunnable.run(FastThreadLocalRunnable.java:30)
	... 1 more
Caused by: java.net.ConnectException: Connection refused
	... 11 more
2019-09-18 11:48:06,577 [667c917f-69b1-4d24-81e9-af1370db70ff@group-4B0031EC218E:LeaderElection79] INFO  impl.LeaderElection (LogUtils.java:infoOrTrace(149)) -   Exception 0: {}
java.util.concurrent.ExecutionException: org.apache.ratis.thirdparty.io.grpc.StatusRuntimeException: UNAVAILABLE: io exception
	at java.util.concurrent.FutureTask.report(FutureTask.java:122)
	at java.util.concurrent.FutureTask.get(FutureTask.java:192)
	at org.apache.ratis.server.impl.LeaderElection.waitForResults(LeaderElection.java:263)
	at org.apache.ratis.server.impl.LeaderElection.askForVotes(LeaderElection.java:201)
	at org.apache.ratis.server.impl.LeaderElection.run(LeaderElection.java:133)
	at java.lang.Thread.run(Thread.java:748)
Caused by: org.apache.ratis.thirdparty.io.grpc.StatusRuntimeException: UNAVAILABLE: io exception
	at org.apache.ratis.thirdparty.io.grpc.stub.ClientCalls.toStatusRuntimeException(ClientCalls.java:233)
	at org.apache.ratis.thirdparty.io.grpc.stub.ClientCalls.getUnchecked(ClientCalls.java:214)
	at org.apache.ratis.thirdparty.io.grpc.stub.ClientCalls.blockingUnaryCall(ClientCalls.java:139)
	at org.apache.ratis.proto.grpc.RaftServerProtocolServiceGrpc$RaftServerProtocolServiceBlockingStub.requestVote(RaftServerProtocolServiceGrpc.java:265)
	at org.apache.ratis.grpc.server.GrpcServerProtocolClient.requestVote(GrpcServerProtocolClient.java:90)
	at org.apache.ratis.grpc.server.GrpcService.requestVote(GrpcService.java:204)
	at org.apache.ratis.server.impl.LeaderElection.lambda$submitRequests$1(LeaderElection.java:238)
	at java.util.concurrent.FutureTask.run(FutureTask.java:266)
	at java.util.concurrent.Executors$RunnableAdapter.call(Executors.java:511)
	at java.util.concurrent.FutureTask.run(FutureTask.java:266)
	at java.util.concurrent.ThreadPoolExecutor.runWorker(ThreadPoolExecutor.java:1149)
	at java.util.concurrent.ThreadPoolExecutor$Worker.run(ThreadPoolExecutor.java:624)
	... 1 more
Caused by: org.apache.ratis.thirdparty.io.netty.channel.AbstractChannel$AnnotatedConnectException: Connection refused: /192.168.157.254:40697
	at sun.nio.ch.SocketChannelImpl.checkConnect(Native Method)
	at sun.nio.ch.SocketChannelImpl.finishConnect(SocketChannelImpl.java:717)
	at org.apache.ratis.thirdparty.io.netty.channel.socket.nio.NioSocketChannel.doFinishConnect(NioSocketChannel.java:327)
	at org.apache.ratis.thirdparty.io.netty.channel.nio.AbstractNioChannel$AbstractNioUnsafe.finishConnect(AbstractNioChannel.java:340)
	at org.apache.ratis.thirdparty.io.netty.channel.nio.NioEventLoop.processSelectedKey(NioEventLoop.java:632)
	at org.apache.ratis.thirdparty.io.netty.channel.nio.NioEventLoop.processSelectedKeysOptimized(NioEventLoop.java:579)
	at org.apache.ratis.thirdparty.io.netty.channel.nio.NioEventLoop.processSelectedKeys(NioEventLoop.java:496)
	at org.apache.ratis.thirdparty.io.netty.channel.nio.NioEventLoop.run(NioEventLoop.java:458)
	at org.apache.ratis.thirdparty.io.netty.util.concurrent.SingleThreadEventExecutor$5.run(SingleThreadEventExecutor.java:897)
	at org.apache.ratis.thirdparty.io.netty.util.concurrent.FastThreadLocalRunnable.run(FastThreadLocalRunnable.java:30)
	... 1 more
Caused by: java.net.ConnectException: Connection refused
	... 11 more
2019-09-18 11:48:06,582 [80b2273a-a181-40f7-a59c-f9bb72e1a4d3@group-4B0031EC218E:LeaderElection78] INFO  impl.RaftServerImpl (RaftServerImpl.java:setRole(174)) - 80b2273a-a181-40f7-a59c-f9bb72e1a4d3@group-4B0031EC218E: changes role from CANDIDATE to FOLLOWER at term 2 for DISCOVERED_A_NEW_TERM
2019-09-18 11:48:06,583 [667c917f-69b1-4d24-81e9-af1370db70ff@group-4B0031EC218E:LeaderElection79] INFO  impl.RaftServerImpl (RaftServerImpl.java:setRole(174)) - 667c917f-69b1-4d24-81e9-af1370db70ff@group-4B0031EC218E: changes role from CANDIDATE to FOLLOWER at term 2 for DISCOVERED_A_NEW_TERM
2019-09-18 11:48:06,583 [667c917f-69b1-4d24-81e9-af1370db70ff@group-4B0031EC218E:LeaderElection79] INFO  impl.RoleInfo (RoleInfo.java:shutdownLeaderElection(134)) - 667c917f-69b1-4d24-81e9-af1370db70ff: shutdown LeaderElection
2019-09-18 11:48:06,583 [80b2273a-a181-40f7-a59c-f9bb72e1a4d3@group-4B0031EC218E:LeaderElection78] INFO  impl.RoleInfo (RoleInfo.java:shutdownLeaderElection(134)) - 80b2273a-a181-40f7-a59c-f9bb72e1a4d3: shutdown LeaderElection
2019-09-18 11:48:06,583 [667c917f-69b1-4d24-81e9-af1370db70ff@group-4B0031EC218E:LeaderElection79] INFO  impl.RoleInfo (RoleInfo.java:updateAndGet(143)) - 667c917f-69b1-4d24-81e9-af1370db70ff: start FollowerState
2019-09-18 11:48:06,583 [80b2273a-a181-40f7-a59c-f9bb72e1a4d3@group-4B0031EC218E:LeaderElection78] INFO  impl.RoleInfo (RoleInfo.java:updateAndGet(143)) - 80b2273a-a181-40f7-a59c-f9bb72e1a4d3: start FollowerState
2019-09-18 11:48:07,151 [grpc-default-executor-10] INFO  client.GrpcClientProtocolClient (GrpcClientProtocolClient.java:onNext(264)) - client-944E03440049->667c917f-69b1-4d24-81e9-af1370db70ff: receive RaftClientReply:client-944E03440049->667c917f-69b1-4d24-81e9-af1370db70ff@group-4B0031EC218E, cid=170, FAILED org.apache.ratis.protocol.NotLeaderException: Server 667c917f-69b1-4d24-81e9-af1370db70ff@group-4B0031EC218E is not the leader, logIndex=0, commits[667c917f-69b1-4d24-81e9-af1370db70ff:c14, 43bd4a59-611b-42ac-b803-c7bc77298fb7:c14, 80b2273a-a181-40f7-a59c-f9bb72e1a4d3:c14]
2019-09-18 11:48:08,181 [grpc-default-executor-10] INFO  client.GrpcClientProtocolClient (GrpcClientProtocolClient.java:onNext(264)) - client-944E03440049->80b2273a-a181-40f7-a59c-f9bb72e1a4d3: receive RaftClientReply:client-944E03440049->80b2273a-a181-40f7-a59c-f9bb72e1a4d3@group-4B0031EC218E, cid=170, FAILED org.apache.ratis.protocol.NotLeaderException: Server 80b2273a-a181-40f7-a59c-f9bb72e1a4d3@group-4B0031EC218E is not the leader, logIndex=0, commits[80b2273a-a181-40f7-a59c-f9bb72e1a4d3:c14, 43bd4a59-611b-42ac-b803-c7bc77298fb7:c14, 667c917f-69b1-4d24-81e9-af1370db70ff:c14]
2019-09-18 11:48:10,200 [grpc-default-executor-12] INFO  client.GrpcClientProtocolClient (GrpcClientProtocolClient.java:onNext(264)) - client-944E03440049->667c917f-69b1-4d24-81e9-af1370db70ff: receive RaftClientReply:client-944E03440049->667c917f-69b1-4d24-81e9-af1370db70ff@group-4B0031EC218E, cid=170, FAILED org.apache.ratis.protocol.NotLeaderException: Server 667c917f-69b1-4d24-81e9-af1370db70ff@group-4B0031EC218E is not the leader, logIndex=0, commits[667c917f-69b1-4d24-81e9-af1370db70ff:c14, 43bd4a59-611b-42ac-b803-c7bc77298fb7:c14, 80b2273a-a181-40f7-a59c-f9bb72e1a4d3:c14]
2019-09-18 11:48:11,218 [grpc-default-executor-10] INFO  client.GrpcClientProtocolClient (GrpcClientProtocolClient.java:onNext(264)) - client-944E03440049->80b2273a-a181-40f7-a59c-f9bb72e1a4d3: receive RaftClientReply:client-944E03440049->80b2273a-a181-40f7-a59c-f9bb72e1a4d3@group-4B0031EC218E, cid=170, FAILED org.apache.ratis.protocol.NotLeaderException: Server 80b2273a-a181-40f7-a59c-f9bb72e1a4d3@group-4B0031EC218E is not the leader, logIndex=0, commits[80b2273a-a181-40f7-a59c-f9bb72e1a4d3:c14, 43bd4a59-611b-42ac-b803-c7bc77298fb7:c14, 667c917f-69b1-4d24-81e9-af1370db70ff:c14]
2019-09-18 11:48:11,750 [Thread-3176] INFO  impl.FollowerState (FollowerState.java:run(106)) - 80b2273a-a181-40f7-a59c-f9bb72e1a4d3:group-4B0031EC218E changes to CANDIDATE, lastRpcTime:5166, electionTimeout:5166ms
2019-09-18 11:48:11,753 [Thread-3176] INFO  impl.RoleInfo (RoleInfo.java:shutdownFollowerState(121)) - 80b2273a-a181-40f7-a59c-f9bb72e1a4d3: shutdown FollowerState
2019-09-18 11:48:11,754 [Thread-3176] INFO  impl.RaftServerImpl (RaftServerImpl.java:setRole(174)) - 80b2273a-a181-40f7-a59c-f9bb72e1a4d3@group-4B0031EC218E: changes role from  FOLLOWER to CANDIDATE at term 2 for changeToCandidate
2019-09-18 11:48:11,754 [Thread-3176] INFO  impl.RoleInfo (RoleInfo.java:updateAndGet(143)) - 80b2273a-a181-40f7-a59c-f9bb72e1a4d3: start LeaderElection
2019-09-18 11:48:11,765 [Thread-3175] INFO  impl.FollowerState (FollowerState.java:run(106)) - 667c917f-69b1-4d24-81e9-af1370db70ff:group-4B0031EC218E changes to CANDIDATE, lastRpcTime:5181, electionTimeout:5181ms
2019-09-18 11:48:11,767 [Thread-3175] INFO  impl.RoleInfo (RoleInfo.java:shutdownFollowerState(121)) - 667c917f-69b1-4d24-81e9-af1370db70ff: shutdown FollowerState
2019-09-18 11:48:11,767 [Thread-3175] INFO  impl.RaftServerImpl (RaftServerImpl.java:setRole(174)) - 667c917f-69b1-4d24-81e9-af1370db70ff@group-4B0031EC218E: changes role from  FOLLOWER to CANDIDATE at term 2 for changeToCandidate
2019-09-18 11:48:11,768 [Thread-3175] INFO  impl.RoleInfo (RoleInfo.java:updateAndGet(143)) - 667c917f-69b1-4d24-81e9-af1370db70ff: start LeaderElection
2019-09-18 11:48:11,774 [667c917f-69b1-4d24-81e9-af1370db70ff@group-4B0031EC218E:LeaderElection81] INFO  impl.LeaderElection (LeaderElection.java:askForVotes(182)) - 667c917f-69b1-4d24-81e9-af1370db70ff@group-4B0031EC218E:LeaderElection81: begin an election at term 3 for 0: [43bd4a59-611b-42ac-b803-c7bc77298fb7:192.168.157.254:40697, 667c917f-69b1-4d24-81e9-af1370db70ff:192.168.157.254:42838, 80b2273a-a181-40f7-a59c-f9bb72e1a4d3:192.168.157.254:43451], old=null
2019-09-18 11:48:11,774 [80b2273a-a181-40f7-a59c-f9bb72e1a4d3@group-4B0031EC218E:LeaderElection80] INFO  impl.LeaderElection (LeaderElection.java:askForVotes(182)) - 80b2273a-a181-40f7-a59c-f9bb72e1a4d3@group-4B0031EC218E:LeaderElection80: begin an election at term 3 for 0: [43bd4a59-611b-42ac-b803-c7bc77298fb7:192.168.157.254:40697, 667c917f-69b1-4d24-81e9-af1370db70ff:192.168.157.254:42838, 80b2273a-a181-40f7-a59c-f9bb72e1a4d3:192.168.157.254:43451], old=null
2019-09-18 11:48:11,776 [667c917f-69b1-4d24-81e9-af1370db70ff@group-4B0031EC218E:LeaderElection81] INFO  impl.LeaderElection (LogUtils.java:infoOrTrace(149)) - 667c917f-69b1-4d24-81e9-af1370db70ff@group-4B0031EC218E:LeaderElection81 got exception when requesting votes: {}
java.util.concurrent.ExecutionException: org.apache.ratis.thirdparty.io.grpc.StatusRuntimeException: UNAVAILABLE: io exception
	at java.util.concurrent.FutureTask.report(FutureTask.java:122)
	at java.util.concurrent.FutureTask.get(FutureTask.java:192)
	at org.apache.ratis.server.impl.LeaderElection.waitForResults(LeaderElection.java:263)
	at org.apache.ratis.server.impl.LeaderElection.askForVotes(LeaderElection.java:201)
	at org.apache.ratis.server.impl.LeaderElection.run(LeaderElection.java:133)
	at java.lang.Thread.run(Thread.java:748)
Caused by: org.apache.ratis.thirdparty.io.grpc.StatusRuntimeException: UNAVAILABLE: io exception
	at org.apache.ratis.thirdparty.io.grpc.stub.ClientCalls.toStatusRuntimeException(ClientCalls.java:233)
	at org.apache.ratis.thirdparty.io.grpc.stub.ClientCalls.getUnchecked(ClientCalls.java:214)
	at org.apache.ratis.thirdparty.io.grpc.stub.ClientCalls.blockingUnaryCall(ClientCalls.java:139)
	at org.apache.ratis.proto.grpc.RaftServerProtocolServiceGrpc$RaftServerProtocolServiceBlockingStub.requestVote(RaftServerProtocolServiceGrpc.java:265)
	at org.apache.ratis.grpc.server.GrpcServerProtocolClient.requestVote(GrpcServerProtocolClient.java:90)
	at org.apache.ratis.grpc.server.GrpcService.requestVote(GrpcService.java:204)
	at org.apache.ratis.server.impl.LeaderElection.lambda$submitRequests$1(LeaderElection.java:238)
	at java.util.concurrent.FutureTask.run(FutureTask.java:266)
	at java.util.concurrent.Executors$RunnableAdapter.call(Executors.java:511)
	at java.util.concurrent.FutureTask.run(FutureTask.java:266)
	at java.util.concurrent.ThreadPoolExecutor.runWorker(ThreadPoolExecutor.java:1149)
	at java.util.concurrent.ThreadPoolExecutor$Worker.run(ThreadPoolExecutor.java:624)
	... 1 more
Caused by: org.apache.ratis.thirdparty.io.netty.channel.AbstractChannel$AnnotatedConnectException: Connection refused: /192.168.157.254:40697
	at sun.nio.ch.SocketChannelImpl.checkConnect(Native Method)
	at sun.nio.ch.SocketChannelImpl.finishConnect(SocketChannelImpl.java:717)
	at org.apache.ratis.thirdparty.io.netty.channel.socket.nio.NioSocketChannel.doFinishConnect(NioSocketChannel.java:327)
	at org.apache.ratis.thirdparty.io.netty.channel.nio.AbstractNioChannel$AbstractNioUnsafe.finishConnect(AbstractNioChannel.java:340)
	at org.apache.ratis.thirdparty.io.netty.channel.nio.NioEventLoop.processSelectedKey(NioEventLoop.java:632)
	at org.apache.ratis.thirdparty.io.netty.channel.nio.NioEventLoop.processSelectedKeysOptimized(NioEventLoop.java:579)
	at org.apache.ratis.thirdparty.io.netty.channel.nio.NioEventLoop.processSelectedKeys(NioEventLoop.java:496)
	at org.apache.ratis.thirdparty.io.netty.channel.nio.NioEventLoop.run(NioEventLoop.java:458)
	at org.apache.ratis.thirdparty.io.netty.util.concurrent.SingleThreadEventExecutor$5.run(SingleThreadEventExecutor.java:897)
	at org.apache.ratis.thirdparty.io.netty.util.concurrent.FastThreadLocalRunnable.run(FastThreadLocalRunnable.java:30)
	... 1 more
Caused by: java.net.ConnectException: Connection refused
	... 11 more
2019-09-18 11:48:11,776 [80b2273a-a181-40f7-a59c-f9bb72e1a4d3@group-4B0031EC218E:LeaderElection80] INFO  impl.LeaderElection (LogUtils.java:infoOrTrace(149)) - 80b2273a-a181-40f7-a59c-f9bb72e1a4d3@group-4B0031EC218E:LeaderElection80 got exception when requesting votes: {}
java.util.concurrent.ExecutionException: org.apache.ratis.thirdparty.io.grpc.StatusRuntimeException: UNAVAILABLE: io exception
	at java.util.concurrent.FutureTask.report(FutureTask.java:122)
	at java.util.concurrent.FutureTask.get(FutureTask.java:192)
	at org.apache.ratis.server.impl.LeaderElection.waitForResults(LeaderElection.java:263)
	at org.apache.ratis.server.impl.LeaderElection.askForVotes(LeaderElection.java:201)
	at org.apache.ratis.server.impl.LeaderElection.run(LeaderElection.java:133)
	at java.lang.Thread.run(Thread.java:748)
Caused by: org.apache.ratis.thirdparty.io.grpc.StatusRuntimeException: UNAVAILABLE: io exception
	at org.apache.ratis.thirdparty.io.grpc.stub.ClientCalls.toStatusRuntimeException(ClientCalls.java:233)
	at org.apache.ratis.thirdparty.io.grpc.stub.ClientCalls.getUnchecked(ClientCalls.java:214)
	at org.apache.ratis.thirdparty.io.grpc.stub.ClientCalls.blockingUnaryCall(ClientCalls.java:139)
	at org.apache.ratis.proto.grpc.RaftServerProtocolServiceGrpc$RaftServerProtocolServiceBlockingStub.requestVote(RaftServerProtocolServiceGrpc.java:265)
	at org.apache.ratis.grpc.server.GrpcServerProtocolClient.requestVote(GrpcServerProtocolClient.java:90)
	at org.apache.ratis.grpc.server.GrpcService.requestVote(GrpcService.java:204)
	at org.apache.ratis.server.impl.LeaderElection.lambda$submitRequests$1(LeaderElection.java:238)
	at java.util.concurrent.FutureTask.run(FutureTask.java:266)
	at java.util.concurrent.Executors$RunnableAdapter.call(Executors.java:511)
	at java.util.concurrent.FutureTask.run(FutureTask.java:266)
	at java.util.concurrent.ThreadPoolExecutor.runWorker(ThreadPoolExecutor.java:1149)
	at java.util.concurrent.ThreadPoolExecutor$Worker.run(ThreadPoolExecutor.java:624)
	... 1 more
Caused by: org.apache.ratis.thirdparty.io.netty.channel.AbstractChannel$AnnotatedConnectException: Connection refused: /192.168.157.254:40697
	at sun.nio.ch.SocketChannelImpl.checkConnect(Native Method)
	at sun.nio.ch.SocketChannelImpl.finishConnect(SocketChannelImpl.java:717)
	at org.apache.ratis.thirdparty.io.netty.channel.socket.nio.NioSocketChannel.doFinishConnect(NioSocketChannel.java:327)
	at org.apache.ratis.thirdparty.io.netty.channel.nio.AbstractNioChannel$AbstractNioUnsafe.finishConnect(AbstractNioChannel.java:340)
	at org.apache.ratis.thirdparty.io.netty.channel.nio.NioEventLoop.processSelectedKey(NioEventLoop.java:632)
	at org.apache.ratis.thirdparty.io.netty.channel.nio.NioEventLoop.processSelectedKeysOptimized(NioEventLoop.java:579)
	at org.apache.ratis.thirdparty.io.netty.channel.nio.NioEventLoop.processSelectedKeys(NioEventLoop.java:496)
	at org.apache.ratis.thirdparty.io.netty.channel.nio.NioEventLoop.run(NioEventLoop.java:458)
	at org.apache.ratis.thirdparty.io.netty.util.concurrent.SingleThreadEventExecutor$5.run(SingleThreadEventExecutor.java:897)
	at org.apache.ratis.thirdparty.io.netty.util.concurrent.FastThreadLocalRunnable.run(FastThreadLocalRunnable.java:30)
	... 1 more
Caused by: java.net.ConnectException: Connection refused
	... 11 more
2019-09-18 11:48:11,785 [667c917f-69b1-4d24-81e9-af1370db70ff@group-4B0031EC218E:LeaderElection81] INFO  impl.LeaderElection (LeaderElection.java:logAndReturn(56)) - 667c917f-69b1-4d24-81e9-af1370db70ff@group-4B0031EC218E:LeaderElection81: Election REJECTED; received 1 response(s) [667c917f-69b1-4d24-81e9-af1370db70ff<-80b2273a-a181-40f7-a59c-f9bb72e1a4d3#0:FAIL-t3] and 1 exception(s); 667c917f-69b1-4d24-81e9-af1370db70ff@group-4B0031EC218E:t3, leader=null, voted=667c917f-69b1-4d24-81e9-af1370db70ff, raftlog=667c917f-69b1-4d24-81e9-af1370db70ff@group-4B0031EC218E-SegmentedRaftLog:OPENED:c14,f14,i14, conf=0: [43bd4a59-611b-42ac-b803-c7bc77298fb7:192.168.157.254:40697, 667c917f-69b1-4d24-81e9-af1370db70ff:192.168.157.254:42838, 80b2273a-a181-40f7-a59c-f9bb72e1a4d3:192.168.157.254:43451], old=null
2019-09-18 11:48:11,785 [667c917f-69b1-4d24-81e9-af1370db70ff@group-4B0031EC218E:LeaderElection81] INFO  impl.LeaderElection (LogUtils.java:infoOrTrace(149)) -   Exception 0: {}
java.util.concurrent.ExecutionException: org.apache.ratis.thirdparty.io.grpc.StatusRuntimeException: UNAVAILABLE: io exception
	at java.util.concurrent.FutureTask.report(FutureTask.java:122)
	at java.util.concurrent.FutureTask.get(FutureTask.java:192)
	at org.apache.ratis.server.impl.LeaderElection.waitForResults(LeaderElection.java:263)
	at org.apache.ratis.server.impl.LeaderElection.askForVotes(LeaderElection.java:201)
	at org.apache.ratis.server.impl.LeaderElection.run(LeaderElection.java:133)
	at java.lang.Thread.run(Thread.java:748)
Caused by: org.apache.ratis.thirdparty.io.grpc.StatusRuntimeException: UNAVAILABLE: io exception
	at org.apache.ratis.thirdparty.io.grpc.stub.ClientCalls.toStatusRuntimeException(ClientCalls.java:233)
	at org.apache.ratis.thirdparty.io.grpc.stub.ClientCalls.getUnchecked(ClientCalls.java:214)
	at org.apache.ratis.thirdparty.io.grpc.stub.ClientCalls.blockingUnaryCall(ClientCalls.java:139)
	at org.apache.ratis.proto.grpc.RaftServerProtocolServiceGrpc$RaftServerProtocolServiceBlockingStub.requestVote(RaftServerProtocolServiceGrpc.java:265)
	at org.apache.ratis.grpc.server.GrpcServerProtocolClient.requestVote(GrpcServerProtocolClient.java:90)
	at org.apache.ratis.grpc.server.GrpcService.requestVote(GrpcService.java:204)
	at org.apache.ratis.server.impl.LeaderElection.lambda$submitRequests$1(LeaderElection.java:238)
	at java.util.concurrent.FutureTask.run(FutureTask.java:266)
	at java.util.concurrent.Executors$RunnableAdapter.call(Executors.java:511)
	at java.util.concurrent.FutureTask.run(FutureTask.java:266)
	at java.util.concurrent.ThreadPoolExecutor.runWorker(ThreadPoolExecutor.java:1149)
	at java.util.concurrent.ThreadPoolExecutor$Worker.run(ThreadPoolExecutor.java:624)
	... 1 more
Caused by: org.apache.ratis.thirdparty.io.netty.channel.AbstractChannel$AnnotatedConnectException: Connection refused: /192.168.157.254:40697
	at sun.nio.ch.SocketChannelImpl.checkConnect(Native Method)
	at sun.nio.ch.SocketChannelImpl.finishConnect(SocketChannelImpl.java:717)
	at org.apache.ratis.thirdparty.io.netty.channel.socket.nio.NioSocketChannel.doFinishConnect(NioSocketChannel.java:327)
	at org.apache.ratis.thirdparty.io.netty.channel.nio.AbstractNioChannel$AbstractNioUnsafe.finishConnect(AbstractNioChannel.java:340)
	at org.apache.ratis.thirdparty.io.netty.channel.nio.NioEventLoop.processSelectedKey(NioEventLoop.java:632)
	at org.apache.ratis.thirdparty.io.netty.channel.nio.NioEventLoop.processSelectedKeysOptimized(NioEventLoop.java:579)
	at org.apache.ratis.thirdparty.io.netty.channel.nio.NioEventLoop.processSelectedKeys(NioEventLoop.java:496)
	at org.apache.ratis.thirdparty.io.netty.channel.nio.NioEventLoop.run(NioEventLoop.java:458)
	at org.apache.ratis.thirdparty.io.netty.util.concurrent.SingleThreadEventExecutor$5.run(SingleThreadEventExecutor.java:897)
	at org.apache.ratis.thirdparty.io.netty.util.concurrent.FastThreadLocalRunnable.run(FastThreadLocalRunnable.java:30)
	... 1 more
Caused by: java.net.ConnectException: Connection refused
	... 11 more
2019-09-18 11:48:11,785 [80b2273a-a181-40f7-a59c-f9bb72e1a4d3@group-4B0031EC218E:LeaderElection80] INFO  impl.LeaderElection (LeaderElection.java:logAndReturn(56)) - 80b2273a-a181-40f7-a59c-f9bb72e1a4d3@group-4B0031EC218E:LeaderElection80: Election REJECTED; received 1 response(s) [80b2273a-a181-40f7-a59c-f9bb72e1a4d3<-667c917f-69b1-4d24-81e9-af1370db70ff#0:FAIL-t3] and 1 exception(s); 80b2273a-a181-40f7-a59c-f9bb72e1a4d3@group-4B0031EC218E:t3, leader=null, voted=80b2273a-a181-40f7-a59c-f9bb72e1a4d3, raftlog=80b2273a-a181-40f7-a59c-f9bb72e1a4d3@group-4B0031EC218E-SegmentedRaftLog:OPENED:c14,f14,i14, conf=0: [43bd4a59-611b-42ac-b803-c7bc77298fb7:192.168.157.254:40697, 667c917f-69b1-4d24-81e9-af1370db70ff:192.168.157.254:42838, 80b2273a-a181-40f7-a59c-f9bb72e1a4d3:192.168.157.254:43451], old=null
2019-09-18 11:48:11,786 [667c917f-69b1-4d24-81e9-af1370db70ff@group-4B0031EC218E:LeaderElection81] INFO  impl.RaftServerImpl (RaftServerImpl.java:setRole(174)) - 667c917f-69b1-4d24-81e9-af1370db70ff@group-4B0031EC218E: changes role from CANDIDATE to FOLLOWER at term 3 for DISCOVERED_A_NEW_TERM
2019-09-18 11:48:11,789 [80b2273a-a181-40f7-a59c-f9bb72e1a4d3@group-4B0031EC218E:LeaderElection80] INFO  impl.LeaderElection (LogUtils.java:infoOrTrace(149)) -   Exception 0: {}
java.util.concurrent.ExecutionException: org.apache.ratis.thirdparty.io.grpc.StatusRuntimeException: UNAVAILABLE: io exception
	at java.util.concurrent.FutureTask.report(FutureTask.java:122)
	at java.util.concurrent.FutureTask.get(FutureTask.java:192)
	at org.apache.ratis.server.impl.LeaderElection.waitForResults(LeaderElection.java:263)
	at org.apache.ratis.server.impl.LeaderElection.askForVotes(LeaderElection.java:201)
	at org.apache.ratis.server.impl.LeaderElection.run(LeaderElection.java:133)
	at java.lang.Thread.run(Thread.java:748)
Caused by: org.apache.ratis.thirdparty.io.grpc.StatusRuntimeException: UNAVAILABLE: io exception
	at org.apache.ratis.thirdparty.io.grpc.stub.ClientCalls.toStatusRuntimeException(ClientCalls.java:233)
	at org.apache.ratis.thirdparty.io.grpc.stub.ClientCalls.getUnchecked(ClientCalls.java:214)
	at org.apache.ratis.thirdparty.io.grpc.stub.ClientCalls.blockingUnaryCall(ClientCalls.java:139)
	at org.apache.ratis.proto.grpc.RaftServerProtocolServiceGrpc$RaftServerProtocolServiceBlockingStub.requestVote(RaftServerProtocolServiceGrpc.java:265)
	at org.apache.ratis.grpc.server.GrpcServerProtocolClient.requestVote(GrpcServerProtocolClient.java:90)
	at org.apache.ratis.grpc.server.GrpcService.requestVote(GrpcService.java:204)
	at org.apache.ratis.server.impl.LeaderElection.lambda$submitRequests$1(LeaderElection.java:238)
	at java.util.concurrent.FutureTask.run(FutureTask.java:266)
	at java.util.concurrent.Executors$RunnableAdapter.call(Executors.java:511)
	at java.util.concurrent.FutureTask.run(FutureTask.java:266)
	at java.util.concurrent.ThreadPoolExecutor.runWorker(ThreadPoolExecutor.java:1149)
	at java.util.concurrent.ThreadPoolExecutor$Worker.run(ThreadPoolExecutor.java:624)
	... 1 more
Caused by: org.apache.ratis.thirdparty.io.netty.channel.AbstractChannel$AnnotatedConnectException: Connection refused: /192.168.157.254:40697
	at sun.nio.ch.SocketChannelImpl.checkConnect(Native Method)
	at sun.nio.ch.SocketChannelImpl.finishConnect(SocketChannelImpl.java:717)
	at org.apache.ratis.thirdparty.io.netty.channel.socket.nio.NioSocketChannel.doFinishConnect(NioSocketChannel.java:327)
	at org.apache.ratis.thirdparty.io.netty.channel.nio.AbstractNioChannel$AbstractNioUnsafe.finishConnect(AbstractNioChannel.java:340)
	at org.apache.ratis.thirdparty.io.netty.channel.nio.NioEventLoop.processSelectedKey(NioEventLoop.java:632)
	at org.apache.ratis.thirdparty.io.netty.channel.nio.NioEventLoop.processSelectedKeysOptimized(NioEventLoop.java:579)
	at org.apache.ratis.thirdparty.io.netty.channel.nio.NioEventLoop.processSelectedKeys(NioEventLoop.java:496)
	at org.apache.ratis.thirdparty.io.netty.channel.nio.NioEventLoop.run(NioEventLoop.java:458)
	at org.apache.ratis.thirdparty.io.netty.util.concurrent.SingleThreadEventExecutor$5.run(SingleThreadEventExecutor.java:897)
	at org.apache.ratis.thirdparty.io.netty.util.concurrent.FastThreadLocalRunnable.run(FastThreadLocalRunnable.java:30)
	... 1 more
Caused by: java.net.ConnectException: Connection refused
	... 11 more
2019-09-18 11:48:11,789 [667c917f-69b1-4d24-81e9-af1370db70ff@group-4B0031EC218E:LeaderElection81] INFO  impl.RoleInfo (RoleInfo.java:shutdownLeaderElection(134)) - 667c917f-69b1-4d24-81e9-af1370db70ff: shutdown LeaderElection
2019-09-18 11:48:11,807 [80b2273a-a181-40f7-a59c-f9bb72e1a4d3@group-4B0031EC218E:LeaderElection80] INFO  impl.RaftServerImpl (RaftServerImpl.java:setRole(174)) - 80b2273a-a181-40f7-a59c-f9bb72e1a4d3@group-4B0031EC218E: changes role from CANDIDATE to FOLLOWER at term 3 for DISCOVERED_A_NEW_TERM
2019-09-18 11:48:11,808 [667c917f-69b1-4d24-81e9-af1370db70ff@group-4B0031EC218E:LeaderElection81] INFO  impl.RoleInfo (RoleInfo.java:updateAndGet(143)) - 667c917f-69b1-4d24-81e9-af1370db70ff: start FollowerState
2019-09-18 11:48:11,808 [80b2273a-a181-40f7-a59c-f9bb72e1a4d3@group-4B0031EC218E:LeaderElection80] INFO  impl.RoleInfo (RoleInfo.java:shutdownLeaderElection(134)) - 80b2273a-a181-40f7-a59c-f9bb72e1a4d3: shutdown LeaderElection
2019-09-18 11:48:11,808 [80b2273a-a181-40f7-a59c-f9bb72e1a4d3@group-4B0031EC218E:LeaderElection80] INFO  impl.RoleInfo (RoleInfo.java:updateAndGet(143)) - 80b2273a-a181-40f7-a59c-f9bb72e1a4d3: start FollowerState
2019-09-18 11:48:13,236 [grpc-default-executor-0] INFO  client.GrpcClientProtocolClient (GrpcClientProtocolClient.java:onNext(264)) - client-944E03440049->667c917f-69b1-4d24-81e9-af1370db70ff: receive RaftClientReply:client-944E03440049->667c917f-69b1-4d24-81e9-af1370db70ff@group-4B0031EC218E, cid=170, FAILED org.apache.ratis.protocol.NotLeaderException: Server 667c917f-69b1-4d24-81e9-af1370db70ff@group-4B0031EC218E is not the leader, logIndex=0, commits[667c917f-69b1-4d24-81e9-af1370db70ff:c14, 43bd4a59-611b-42ac-b803-c7bc77298fb7:c14, 80b2273a-a181-40f7-a59c-f9bb72e1a4d3:c14]
2019-09-18 11:48:15,254 [grpc-default-executor-10] INFO  client.GrpcClientProtocolClient (GrpcClientProtocolClient.java:onNext(264)) - client-944E03440049->667c917f-69b1-4d24-81e9-af1370db70ff: receive RaftClientReply:client-944E03440049->667c917f-69b1-4d24-81e9-af1370db70ff@group-4B0031EC218E, cid=170, FAILED org.apache.ratis.protocol.NotLeaderException: Server 667c917f-69b1-4d24-81e9-af1370db70ff@group-4B0031EC218E is not the leader, logIndex=0, commits[667c917f-69b1-4d24-81e9-af1370db70ff:c14, 43bd4a59-611b-42ac-b803-c7bc77298fb7:c14, 80b2273a-a181-40f7-a59c-f9bb72e1a4d3:c14]
2019-09-18 11:48:16,267 [grpc-default-executor-0] INFO  client.GrpcClientProtocolClient (GrpcClientProtocolClient.java:onNext(264)) - client-944E03440049->80b2273a-a181-40f7-a59c-f9bb72e1a4d3: receive RaftClientReply:client-944E03440049->80b2273a-a181-40f7-a59c-f9bb72e1a4d3@group-4B0031EC218E, cid=170, FAILED org.apache.ratis.protocol.NotLeaderException: Server 80b2273a-a181-40f7-a59c-f9bb72e1a4d3@group-4B0031EC218E is not the leader, logIndex=0, commits[80b2273a-a181-40f7-a59c-f9bb72e1a4d3:c14, 43bd4a59-611b-42ac-b803-c7bc77298fb7:c14, 667c917f-69b1-4d24-81e9-af1370db70ff:c14]
2019-09-18 11:48:16,843 [Thread-3197] INFO  impl.FollowerState (FollowerState.java:run(106)) - 80b2273a-a181-40f7-a59c-f9bb72e1a4d3:group-4B0031EC218E changes to CANDIDATE, lastRpcTime:5034, electionTimeout:5034ms
2019-09-18 11:48:16,847 [Thread-3197] INFO  impl.RoleInfo (RoleInfo.java:shutdownFollowerState(121)) - 80b2273a-a181-40f7-a59c-f9bb72e1a4d3: shutdown FollowerState
2019-09-18 11:48:16,847 [Thread-3197] INFO  impl.RaftServerImpl (RaftServerImpl.java:setRole(174)) - 80b2273a-a181-40f7-a59c-f9bb72e1a4d3@group-4B0031EC218E: changes role from  FOLLOWER to CANDIDATE at term 3 for changeToCandidate
2019-09-18 11:48:16,847 [Thread-3197] INFO  impl.RoleInfo (RoleInfo.java:updateAndGet(143)) - 80b2273a-a181-40f7-a59c-f9bb72e1a4d3: start LeaderElection
2019-09-18 11:48:16,865 [80b2273a-a181-40f7-a59c-f9bb72e1a4d3@group-4B0031EC218E:LeaderElection82] INFO  impl.LeaderElection (LeaderElection.java:askForVotes(182)) - 80b2273a-a181-40f7-a59c-f9bb72e1a4d3@group-4B0031EC218E:LeaderElection82: begin an election at term 4 for 0: [43bd4a59-611b-42ac-b803-c7bc77298fb7:192.168.157.254:40697, 667c917f-69b1-4d24-81e9-af1370db70ff:192.168.157.254:42838, 80b2273a-a181-40f7-a59c-f9bb72e1a4d3:192.168.157.254:43451], old=null
2019-09-18 11:48:16,868 [80b2273a-a181-40f7-a59c-f9bb72e1a4d3@group-4B0031EC218E:LeaderElection82] INFO  impl.LeaderElection (LogUtils.java:infoOrTrace(149)) - 80b2273a-a181-40f7-a59c-f9bb72e1a4d3@group-4B0031EC218E:LeaderElection82 got exception when requesting votes: {}
java.util.concurrent.ExecutionException: org.apache.ratis.thirdparty.io.grpc.StatusRuntimeException: UNAVAILABLE: io exception
	at java.util.concurrent.FutureTask.report(FutureTask.java:122)
	at java.util.concurrent.FutureTask.get(FutureTask.java:192)
	at org.apache.ratis.server.impl.LeaderElection.waitForResults(LeaderElection.java:263)
	at org.apache.ratis.server.impl.LeaderElection.askForVotes(LeaderElection.java:201)
	at org.apache.ratis.server.impl.LeaderElection.run(LeaderElection.java:133)
	at java.lang.Thread.run(Thread.java:748)
Caused by: org.apache.ratis.thirdparty.io.grpc.StatusRuntimeException: UNAVAILABLE: io exception
	at org.apache.ratis.thirdparty.io.grpc.stub.ClientCalls.toStatusRuntimeException(ClientCalls.java:233)
	at org.apache.ratis.thirdparty.io.grpc.stub.ClientCalls.getUnchecked(ClientCalls.java:214)
	at org.apache.ratis.thirdparty.io.grpc.stub.ClientCalls.blockingUnaryCall(ClientCalls.java:139)
	at org.apache.ratis.proto.grpc.RaftServerProtocolServiceGrpc$RaftServerProtocolServiceBlockingStub.requestVote(RaftServerProtocolServiceGrpc.java:265)
	at org.apache.ratis.grpc.server.GrpcServerProtocolClient.requestVote(GrpcServerProtocolClient.java:90)
	at org.apache.ratis.grpc.server.GrpcService.requestVote(GrpcService.java:204)
	at org.apache.ratis.server.impl.LeaderElection.lambda$submitRequests$1(LeaderElection.java:238)
	at java.util.concurrent.FutureTask.run(FutureTask.java:266)
	at java.util.concurrent.Executors$RunnableAdapter.call(Executors.java:511)
	at java.util.concurrent.FutureTask.run(FutureTask.java:266)
	at java.util.concurrent.ThreadPoolExecutor.runWorker(ThreadPoolExecutor.java:1149)
	at java.util.concurrent.ThreadPoolExecutor$Worker.run(ThreadPoolExecutor.java:624)
	... 1 more
Caused by: org.apache.ratis.thirdparty.io.netty.channel.AbstractChannel$AnnotatedConnectException: Connection refused: /192.168.157.254:40697
	at sun.nio.ch.SocketChannelImpl.checkConnect(Native Method)
	at sun.nio.ch.SocketChannelImpl.finishConnect(SocketChannelImpl.java:717)
	at org.apache.ratis.thirdparty.io.netty.channel.socket.nio.NioSocketChannel.doFinishConnect(NioSocketChannel.java:327)
	at org.apache.ratis.thirdparty.io.netty.channel.nio.AbstractNioChannel$AbstractNioUnsafe.finishConnect(AbstractNioChannel.java:340)
	at org.apache.ratis.thirdparty.io.netty.channel.nio.NioEventLoop.processSelectedKey(NioEventLoop.java:632)
	at org.apache.ratis.thirdparty.io.netty.channel.nio.NioEventLoop.processSelectedKeysOptimized(NioEventLoop.java:579)
	at org.apache.ratis.thirdparty.io.netty.channel.nio.NioEventLoop.processSelectedKeys(NioEventLoop.java:496)
	at org.apache.ratis.thirdparty.io.netty.channel.nio.NioEventLoop.run(NioEventLoop.java:458)
	at org.apache.ratis.thirdparty.io.netty.util.concurrent.SingleThreadEventExecutor$5.run(SingleThreadEventExecutor.java:897)
	at org.apache.ratis.thirdparty.io.netty.util.concurrent.FastThreadLocalRunnable.run(FastThreadLocalRunnable.java:30)
	... 1 more
Caused by: java.net.ConnectException: Connection refused
	... 11 more
2019-09-18 11:48:16,872 [grpc-default-executor-10] INFO  impl.RaftServerImpl (RaftServerImpl.java:setRole(174)) - 667c917f-69b1-4d24-81e9-af1370db70ff@group-4B0031EC218E: changes role from  FOLLOWER to FOLLOWER at term 4 for recognizeCandidate:80b2273a-a181-40f7-a59c-f9bb72e1a4d3
2019-09-18 11:48:16,872 [grpc-default-executor-10] INFO  impl.RoleInfo (RoleInfo.java:shutdownFollowerState(121)) - 667c917f-69b1-4d24-81e9-af1370db70ff: shutdown FollowerState
2019-09-18 11:48:16,873 [grpc-default-executor-10] INFO  impl.RoleInfo (RoleInfo.java:updateAndGet(143)) - 667c917f-69b1-4d24-81e9-af1370db70ff: start FollowerState
2019-09-18 11:48:16,873 [Thread-3196] INFO  impl.FollowerState (FollowerState.java:run(115)) - 667c917f-69b1-4d24-81e9-af1370db70ff: FollowerState was interrupted: java.lang.InterruptedException: sleep interrupted
2019-09-18 11:48:16,890 [80b2273a-a181-40f7-a59c-f9bb72e1a4d3@group-4B0031EC218E:LeaderElection82] INFO  impl.LeaderElection (LeaderElection.java:logAndReturn(56)) - 80b2273a-a181-40f7-a59c-f9bb72e1a4d3@group-4B0031EC218E:LeaderElection82: Election PASSED; received 1 response(s) [80b2273a-a181-40f7-a59c-f9bb72e1a4d3<-667c917f-69b1-4d24-81e9-af1370db70ff#0:OK-t4] and 1 exception(s); 80b2273a-a181-40f7-a59c-f9bb72e1a4d3@group-4B0031EC218E:t4, leader=null, voted=80b2273a-a181-40f7-a59c-f9bb72e1a4d3, raftlog=80b2273a-a181-40f7-a59c-f9bb72e1a4d3@group-4B0031EC218E-SegmentedRaftLog:OPENED:c14,f14,i14, conf=0: [43bd4a59-611b-42ac-b803-c7bc77298fb7:192.168.157.254:40697, 667c917f-69b1-4d24-81e9-af1370db70ff:192.168.157.254:42838, 80b2273a-a181-40f7-a59c-f9bb72e1a4d3:192.168.157.254:43451], old=null
2019-09-18 11:48:16,890 [80b2273a-a181-40f7-a59c-f9bb72e1a4d3@group-4B0031EC218E:LeaderElection82] INFO  impl.LeaderElection (LogUtils.java:infoOrTrace(149)) -   Exception 0: {}
java.util.concurrent.ExecutionException: org.apache.ratis.thirdparty.io.grpc.StatusRuntimeException: UNAVAILABLE: io exception
	at java.util.concurrent.FutureTask.report(FutureTask.java:122)
	at java.util.concurrent.FutureTask.get(FutureTask.java:192)
	at org.apache.ratis.server.impl.LeaderElection.waitForResults(LeaderElection.java:263)
	at org.apache.ratis.server.impl.LeaderElection.askForVotes(LeaderElection.java:201)
	at org.apache.ratis.server.impl.LeaderElection.run(LeaderElection.java:133)
	at java.lang.Thread.run(Thread.java:748)
Caused by: org.apache.ratis.thirdparty.io.grpc.StatusRuntimeException: UNAVAILABLE: io exception
	at org.apache.ratis.thirdparty.io.grpc.stub.ClientCalls.toStatusRuntimeException(ClientCalls.java:233)
	at org.apache.ratis.thirdparty.io.grpc.stub.ClientCalls.getUnchecked(ClientCalls.java:214)
	at org.apache.ratis.thirdparty.io.grpc.stub.ClientCalls.blockingUnaryCall(ClientCalls.java:139)
	at org.apache.ratis.proto.grpc.RaftServerProtocolServiceGrpc$RaftServerProtocolServiceBlockingStub.requestVote(RaftServerProtocolServiceGrpc.java:265)
	at org.apache.ratis.grpc.server.GrpcServerProtocolClient.requestVote(GrpcServerProtocolClient.java:90)
	at org.apache.ratis.grpc.server.GrpcService.requestVote(GrpcService.java:204)
	at org.apache.ratis.server.impl.LeaderElection.lambda$submitRequests$1(LeaderElection.java:238)
	at java.util.concurrent.FutureTask.run(FutureTask.java:266)
	at java.util.concurrent.Executors$RunnableAdapter.call(Executors.java:511)
	at java.util.concurrent.FutureTask.run(FutureTask.java:266)
	at java.util.concurrent.ThreadPoolExecutor.runWorker(ThreadPoolExecutor.java:1149)
	at java.util.concurrent.ThreadPoolExecutor$Worker.run(ThreadPoolExecutor.java:624)
	... 1 more
Caused by: org.apache.ratis.thirdparty.io.netty.channel.AbstractChannel$AnnotatedConnectException: Connection refused: /192.168.157.254:40697
	at sun.nio.ch.SocketChannelImpl.checkConnect(Native Method)
	at sun.nio.ch.SocketChannelImpl.finishConnect(SocketChannelImpl.java:717)
	at org.apache.ratis.thirdparty.io.netty.channel.socket.nio.NioSocketChannel.doFinishConnect(NioSocketChannel.java:327)
	at org.apache.ratis.thirdparty.io.netty.channel.nio.AbstractNioChannel$AbstractNioUnsafe.finishConnect(AbstractNioChannel.java:340)
	at org.apache.ratis.thirdparty.io.netty.channel.nio.NioEventLoop.processSelectedKey(NioEventLoop.java:632)
	at org.apache.ratis.thirdparty.io.netty.channel.nio.NioEventLoop.processSelectedKeysOptimized(NioEventLoop.java:579)
	at org.apache.ratis.thirdparty.io.netty.channel.nio.NioEventLoop.processSelectedKeys(NioEventLoop.java:496)
	at org.apache.ratis.thirdparty.io.netty.channel.nio.NioEventLoop.run(NioEventLoop.java:458)
	at org.apache.ratis.thirdparty.io.netty.util.concurrent.SingleThreadEventExecutor$5.run(SingleThreadEventExecutor.java:897)
	at org.apache.ratis.thirdparty.io.netty.util.concurrent.FastThreadLocalRunnable.run(FastThreadLocalRunnable.java:30)
	... 1 more
Caused by: java.net.ConnectException: Connection refused
	... 11 more
2019-09-18 11:48:16,890 [80b2273a-a181-40f7-a59c-f9bb72e1a4d3@group-4B0031EC218E:LeaderElection82] INFO  impl.RoleInfo (RoleInfo.java:shutdownLeaderElection(134)) - 80b2273a-a181-40f7-a59c-f9bb72e1a4d3: shutdown LeaderElection
2019-09-18 11:48:16,890 [80b2273a-a181-40f7-a59c-f9bb72e1a4d3@group-4B0031EC218E:LeaderElection82] INFO  impl.RaftServerImpl (RaftServerImpl.java:setRole(174)) - 80b2273a-a181-40f7-a59c-f9bb72e1a4d3@group-4B0031EC218E: changes role from CANDIDATE to LEADER at term 4 for changeToLeader
2019-09-18 11:48:16,890 [80b2273a-a181-40f7-a59c-f9bb72e1a4d3@group-4B0031EC218E:LeaderElection82] INFO  impl.RaftServerImpl (ServerState.java:setLeader(253)) - 80b2273a-a181-40f7-a59c-f9bb72e1a4d3@group-4B0031EC218E: change Leader from null to 80b2273a-a181-40f7-a59c-f9bb72e1a4d3 at term 4 for becomeLeader, leader elected after 10510ms
2019-09-18 11:48:16,891 [80b2273a-a181-40f7-a59c-f9bb72e1a4d3@group-4B0031EC218E:LeaderElection82] INFO  server.RaftServerConfigKeys (ConfUtils.java:logGet(43)) - raft.server.staging.catchup.gap = 1000 (default)
2019-09-18 11:48:16,891 [80b2273a-a181-40f7-a59c-f9bb72e1a4d3@group-4B0031EC218E:LeaderElection82] INFO  server.RaftServerConfigKeys (ConfUtils.java:logGet(43)) - raft.server.rpc.sleep.time = 25ms (default)
2019-09-18 11:48:16,891 [80b2273a-a181-40f7-a59c-f9bb72e1a4d3@group-4B0031EC218E:LeaderElection82] INFO  server.RaftServerConfigKeys (ConfUtils.java:logGet(43)) - raft.server.write.element-limit = 4096 (default)
2019-09-18 11:48:16,891 [80b2273a-a181-40f7-a59c-f9bb72e1a4d3@group-4B0031EC218E:LeaderElection82] INFO  server.RaftServerConfigKeys (ConfUtils.java:logGet(43)) - raft.server.watch.timeout = 10s (default)
2019-09-18 11:48:16,892 [80b2273a-a181-40f7-a59c-f9bb72e1a4d3@group-4B0031EC218E:LeaderElection82] INFO  server.RaftServerConfigKeys (ConfUtils.java:logGet(43)) - raft.server.watch.timeout.denomination = 1s (default)
2019-09-18 11:48:16,892 [80b2273a-a181-40f7-a59c-f9bb72e1a4d3@group-4B0031EC218E:LeaderElection82] INFO  server.RaftServerConfigKeys (ConfUtils.java:logGet(43)) - raft.server.watch.element-limit = 65536 (default)
2019-09-18 11:48:16,894 [80b2273a-a181-40f7-a59c-f9bb72e1a4d3@group-4B0031EC218E:LeaderElection82] INFO  server.RaftServerConfigKeys (ConfUtils.java:logGet(43)) - raft.server.log.appender.snapshot.chunk.size.max = 16MB (=16777216) (default)
2019-09-18 11:48:16,894 [80b2273a-a181-40f7-a59c-f9bb72e1a4d3@group-4B0031EC218E:LeaderElection82] INFO  server.RaftServerConfigKeys (ConfUtils.java:logGet(43)) - raft.server.log.appender.buffer.byte-limit = 33554432 (custom)
2019-09-18 11:48:16,894 [80b2273a-a181-40f7-a59c-f9bb72e1a4d3@group-4B0031EC218E:LeaderElection82] INFO  server.RaftServerConfigKeys (ConfUtils.java:logGet(43)) - raft.server.log.appender.buffer.element-limit = 1 (custom)
2019-09-18 11:48:16,895 [80b2273a-a181-40f7-a59c-f9bb72e1a4d3@group-4B0031EC218E:LeaderElection82] INFO  grpc.GrpcConfigKeys$Server (ConfUtils.java:logGet(43)) - raft.grpc.server.leader.outstanding.appends.max = 128 (default)
2019-09-18 11:48:16,895 [80b2273a-a181-40f7-a59c-f9bb72e1a4d3@group-4B0031EC218E:LeaderElection82] INFO  server.RaftServerConfigKeys (ConfUtils.java:logGet(43)) - raft.server.rpc.request.timeout = 3000ms (default)
2019-09-18 11:48:16,895 [80b2273a-a181-40f7-a59c-f9bb72e1a4d3@group-4B0031EC218E:LeaderElection82] INFO  server.RaftServerConfigKeys (ConfUtils.java:logGet(43)) - raft.server.log.appender.install.snapshot.enabled = false (custom)
2019-09-18 11:48:16,895 [80b2273a-a181-40f7-a59c-f9bb72e1a4d3@group-4B0031EC218E:LeaderElection82] INFO  server.RaftServerConfigKeys (ConfUtils.java:logGet(43)) - raft.server.log.appender.snapshot.chunk.size.max = 16MB (=16777216) (default)
2019-09-18 11:48:16,895 [80b2273a-a181-40f7-a59c-f9bb72e1a4d3@group-4B0031EC218E:LeaderElection82] INFO  server.RaftServerConfigKeys (ConfUtils.java:logGet(43)) - raft.server.log.appender.buffer.byte-limit = 33554432 (custom)
2019-09-18 11:48:16,896 [80b2273a-a181-40f7-a59c-f9bb72e1a4d3@group-4B0031EC218E:LeaderElection82] INFO  server.RaftServerConfigKeys (ConfUtils.java:logGet(43)) - raft.server.log.appender.buffer.element-limit = 1 (custom)
2019-09-18 11:48:16,896 [80b2273a-a181-40f7-a59c-f9bb72e1a4d3@group-4B0031EC218E:LeaderElection82] INFO  grpc.GrpcConfigKeys$Server (ConfUtils.java:logGet(43)) - raft.grpc.server.leader.outstanding.appends.max = 128 (default)
2019-09-18 11:48:16,896 [80b2273a-a181-40f7-a59c-f9bb72e1a4d3@group-4B0031EC218E:LeaderElection82] INFO  server.RaftServerConfigKeys (ConfUtils.java:logGet(43)) - raft.server.rpc.request.timeout = 3000ms (default)
2019-09-18 11:48:16,896 [80b2273a-a181-40f7-a59c-f9bb72e1a4d3@group-4B0031EC218E:LeaderElection82] INFO  server.RaftServerConfigKeys (ConfUtils.java:logGet(43)) - raft.server.log.appender.install.snapshot.enabled = false (custom)
2019-09-18 11:48:16,896 [80b2273a-a181-40f7-a59c-f9bb72e1a4d3@group-4B0031EC218E:LeaderElection82] INFO  impl.RoleInfo (RoleInfo.java:updateAndGet(143)) - 80b2273a-a181-40f7-a59c-f9bb72e1a4d3: start LeaderState
2019-09-18 11:48:16,897 [80b2273a-a181-40f7-a59c-f9bb72e1a4d3@group-4B0031EC218E:LeaderElection82] INFO  segmented.SegmentedRaftLogWorker (SegmentedRaftLogWorker.java:rollLogSegment(385)) - 80b2273a-a181-40f7-a59c-f9bb72e1a4d3@group-4B0031EC218E-SegmentedRaftLogWorker: Rolling segment log-0_14 to index:14
2019-09-18 11:48:16,898 [80b2273a-a181-40f7-a59c-f9bb72e1a4d3@group-4B0031EC218E:LeaderElection82] INFO  impl.RaftServerImpl (ServerState.java:setRaftConf(354)) - 80b2273a-a181-40f7-a59c-f9bb72e1a4d3@group-4B0031EC218E: set configuration 15: [43bd4a59-611b-42ac-b803-c7bc77298fb7:192.168.157.254:40697, 667c917f-69b1-4d24-81e9-af1370db70ff:192.168.157.254:42838, 80b2273a-a181-40f7-a59c-f9bb72e1a4d3:192.168.157.254:43451], old=null at 15
2019-09-18 11:48:16,898 [80b2273a-a181-40f7-a59c-f9bb72e1a4d3@group-4B0031EC218E-SegmentedRaftLogWorker] INFO  segmented.SegmentedRaftLogWorker (SegmentedRaftLogWorker.java:execute(526)) - 80b2273a-a181-40f7-a59c-f9bb72e1a4d3@group-4B0031EC218E-SegmentedRaftLogWorker: Rolled log segment from /workdir/hadoop-ozone/integration-test/target/test-dir/MiniOzoneClusterImpl-29a1df15-cd37-4e65-a38b-6e93fe944b41/datanode-1/data/ratis/0c2f8137-b3ac-45ea-bafe-4b0031ec218e/current/log_inprogress_0 to /workdir/hadoop-ozone/integration-test/target/test-dir/MiniOzoneClusterImpl-29a1df15-cd37-4e65-a38b-6e93fe944b41/datanode-1/data/ratis/0c2f8137-b3ac-45ea-bafe-4b0031ec218e/current/log_0-14
2019-09-18 11:48:16,900 [grpc-default-executor-10] WARN  server.GrpcLogAppender (LogUtils.java:warn(134)) - 80b2273a-a181-40f7-a59c-f9bb72e1a4d3@group-4B0031EC218E->43bd4a59-611b-42ac-b803-c7bc77298fb7-AppendLogResponseHandler: Failed appendEntries: org.apache.ratis.thirdparty.io.grpc.StatusRuntimeException: UNAVAILABLE: io exception
2019-09-18 11:48:16,901 [grpc-default-executor-10] INFO  impl.FollowerInfo (FollowerInfo.java:lambda$new$0(51)) - 80b2273a-a181-40f7-a59c-f9bb72e1a4d3@group-4B0031EC218E->43bd4a59-611b-42ac-b803-c7bc77298fb7: nextIndex: updateUnconditionally 15 -> 1
2019-09-18 11:48:16,901 [grpc-default-executor-0] INFO  impl.RaftServerImpl (ServerState.java:setLeader(253)) - 667c917f-69b1-4d24-81e9-af1370db70ff@group-4B0031EC218E: change Leader from null to 80b2273a-a181-40f7-a59c-f9bb72e1a4d3 at term 4 for appendEntries, leader elected after 10387ms
2019-09-18 11:48:16,935 [grpc-default-executor-0] INFO  impl.RaftServerImpl (ServerState.java:setRaftConf(354)) - 667c917f-69b1-4d24-81e9-af1370db70ff@group-4B0031EC218E: set configuration 15: [43bd4a59-611b-42ac-b803-c7bc77298fb7:192.168.157.254:40697, 667c917f-69b1-4d24-81e9-af1370db70ff:192.168.157.254:42838, 80b2273a-a181-40f7-a59c-f9bb72e1a4d3:192.168.157.254:43451], old=null at 15
2019-09-18 11:48:16,936 [grpc-default-executor-0] INFO  segmented.SegmentedRaftLogWorker (SegmentedRaftLogWorker.java:rollLogSegment(385)) - 667c917f-69b1-4d24-81e9-af1370db70ff@group-4B0031EC218E-SegmentedRaftLogWorker: Rolling segment log-0_14 to index:14
2019-09-18 11:48:16,936 [667c917f-69b1-4d24-81e9-af1370db70ff@group-4B0031EC218E-SegmentedRaftLogWorker] INFO  segmented.SegmentedRaftLogWorker (SegmentedRaftLogWorker.java:execute(526)) - 667c917f-69b1-4d24-81e9-af1370db70ff@group-4B0031EC218E-SegmentedRaftLogWorker: Rolled log segment from /workdir/hadoop-ozone/integration-test/target/test-dir/MiniOzoneClusterImpl-29a1df15-cd37-4e65-a38b-6e93fe944b41/datanode-0/data/ratis/0c2f8137-b3ac-45ea-bafe-4b0031ec218e/current/log_inprogress_0 to /workdir/hadoop-ozone/integration-test/target/test-dir/MiniOzoneClusterImpl-29a1df15-cd37-4e65-a38b-6e93fe944b41/datanode-0/data/ratis/0c2f8137-b3ac-45ea-bafe-4b0031ec218e/current/log_0-14
2019-09-18 11:48:16,945 [80b2273a-a181-40f7-a59c-f9bb72e1a4d3@group-4B0031EC218E-SegmentedRaftLogWorker] INFO  segmented.SegmentedRaftLogWorker (SegmentedRaftLogWorker.java:execute(569)) - 80b2273a-a181-40f7-a59c-f9bb72e1a4d3@group-4B0031EC218E-SegmentedRaftLogWorker: created new log segment /workdir/hadoop-ozone/integration-test/target/test-dir/MiniOzoneClusterImpl-29a1df15-cd37-4e65-a38b-6e93fe944b41/datanode-1/data/ratis/0c2f8137-b3ac-45ea-bafe-4b0031ec218e/current/log_inprogress_15
2019-09-18 11:48:16,973 [667c917f-69b1-4d24-81e9-af1370db70ff@group-4B0031EC218E-SegmentedRaftLogWorker] INFO  segmented.SegmentedRaftLogWorker (SegmentedRaftLogWorker.java:execute(569)) - 667c917f-69b1-4d24-81e9-af1370db70ff@group-4B0031EC218E-SegmentedRaftLogWorker: created new log segment /workdir/hadoop-ozone/integration-test/target/test-dir/MiniOzoneClusterImpl-29a1df15-cd37-4e65-a38b-6e93fe944b41/datanode-0/data/ratis/0c2f8137-b3ac-45ea-bafe-4b0031ec218e/current/log_inprogress_15
2019-09-18 11:48:16,997 [grpc-default-executor-12] WARN  server.GrpcLogAppender (LogUtils.java:warn(134)) - 80b2273a-a181-40f7-a59c-f9bb72e1a4d3@group-4B0031EC218E->43bd4a59-611b-42ac-b803-c7bc77298fb7-AppendLogResponseHandler: Failed appendEntries: org.apache.ratis.thirdparty.io.grpc.StatusRuntimeException: UNAVAILABLE: io exception
2019-09-18 11:48:16,997 [grpc-default-executor-12] INFO  impl.FollowerInfo (FollowerInfo.java:lambda$new$0(51)) - 80b2273a-a181-40f7-a59c-f9bb72e1a4d3@group-4B0031EC218E->43bd4a59-611b-42ac-b803-c7bc77298fb7: nextIndex: updateUnconditionally 2 -> 1
2019-09-18 11:48:17,023 [grpc-default-executor-10] WARN  server.GrpcLogAppender (LogUtils.java:warn(134)) - 80b2273a-a181-40f7-a59c-f9bb72e1a4d3@group-4B0031EC218E->43bd4a59-611b-42ac-b803-c7bc77298fb7-AppendLogResponseHandler: Failed appendEntries: org.apache.ratis.thirdparty.io.grpc.StatusRuntimeException: UNAVAILABLE: io exception
2019-09-18 11:48:17,023 [grpc-default-executor-10] INFO  impl.FollowerInfo (FollowerInfo.java:lambda$new$0(51)) - 80b2273a-a181-40f7-a59c-f9bb72e1a4d3@group-4B0031EC218E->43bd4a59-611b-42ac-b803-c7bc77298fb7: nextIndex: updateUnconditionally 2 -> 1
2019-09-18 11:48:18,288 [grpc-default-executor-12] INFO  client.GrpcClientProtocolClient (GrpcClientProtocolClient.java:onNext(264)) - client-944E03440049->667c917f-69b1-4d24-81e9-af1370db70ff: receive RaftClientReply:client-944E03440049->667c917f-69b1-4d24-81e9-af1370db70ff@group-4B0031EC218E, cid=170, FAILED org.apache.ratis.protocol.NotLeaderException: Server 667c917f-69b1-4d24-81e9-af1370db70ff@group-4B0031EC218E is not the leader 80b2273a-a181-40f7-a59c-f9bb72e1a4d3:192.168.157.254:43451, logIndex=0, commits[667c917f-69b1-4d24-81e9-af1370db70ff:c15, 43bd4a59-611b-42ac-b803-c7bc77298fb7:c14, 80b2273a-a181-40f7-a59c-f9bb72e1a4d3:c15]
11:48:18.295 [grpc-default-executor-0] ERROR DNAudit - user=null | ip=null | op=WRITE_CHUNK {blockData=conID: 1 locID: 102813353009086477 bcsId: 12} | ret=FAILURE
org.apache.hadoop.hdds.scm.container.common.helpers.ContainerNotOpenException: Container 1 in CLOSING state
	at org.apache.hadoop.ozone.container.common.impl.HddsDispatcher.validateContainerCommand(HddsDispatcher.java:434) ~[hadoop-hdds-container-service-0.5.0-SNAPSHOT.jar:?]
	at org.apache.hadoop.ozone.container.common.transport.server.ratis.ContainerStateMachine.startTransaction(ContainerStateMachine.java:315) ~[hadoop-hdds-container-service-0.5.0-SNAPSHOT.jar:?]
	at org.apache.ratis.server.impl.RaftServerImpl.submitClientRequestAsync(RaftServerImpl.java:573) ~[ratis-server-0.4.0-78e95b9-SNAPSHOT.jar:0.4.0-78e95b9-SNAPSHOT]
	at org.apache.ratis.server.impl.RaftServerProxy.lambda$submitClientRequestAsync$7(RaftServerProxy.java:333) ~[ratis-server-0.4.0-78e95b9-SNAPSHOT.jar:0.4.0-78e95b9-SNAPSHOT]
	at org.apache.ratis.server.impl.RaftServerProxy.lambda$null$5(RaftServerProxy.java:328) ~[ratis-server-0.4.0-78e95b9-SNAPSHOT.jar:0.4.0-78e95b9-SNAPSHOT]
	at org.apache.ratis.util.JavaUtils.callAsUnchecked(JavaUtils.java:109) ~[ratis-common-0.4.0-78e95b9-SNAPSHOT.jar:0.4.0-78e95b9-SNAPSHOT]
	at org.apache.ratis.server.impl.RaftServerProxy.lambda$submitRequest$6(RaftServerProxy.java:328) ~[ratis-server-0.4.0-78e95b9-SNAPSHOT.jar:0.4.0-78e95b9-SNAPSHOT]
	at java.util.concurrent.CompletableFuture.uniComposeStage(CompletableFuture.java:981) ~[?:1.8.0_212]
	at java.util.concurrent.CompletableFuture.thenCompose(CompletableFuture.java:2124) ~[?:1.8.0_212]
	at org.apache.ratis.server.impl.RaftServerProxy.submitRequest(RaftServerProxy.java:327) ~[ratis-server-0.4.0-78e95b9-SNAPSHOT.jar:0.4.0-78e95b9-SNAPSHOT]
	at org.apache.ratis.server.impl.RaftServerProxy.submitClientRequestAsync(RaftServerProxy.java:333) ~[ratis-server-0.4.0-78e95b9-SNAPSHOT.jar:0.4.0-78e95b9-SNAPSHOT]
	at org.apache.ratis.grpc.client.GrpcClientProtocolService$RequestStreamObserver.processClientRequest(GrpcClientProtocolService.java:220) ~[ratis-grpc-0.4.0-78e95b9-SNAPSHOT.jar:0.4.0-78e95b9-SNAPSHOT]
	at org.apache.ratis.grpc.client.GrpcClientProtocolService$OrderedRequestStreamObserver.processClientRequest(GrpcClientProtocolService.java:326) ~[ratis-grpc-0.4.0-78e95b9-SNAPSHOT.jar:0.4.0-78e95b9-SNAPSHOT]
	at org.apache.ratis.util.SlidingWindow$Server.processRequestsFromHead(SlidingWindow.java:429) [ratis-common-0.4.0-78e95b9-SNAPSHOT.jar:0.4.0-78e95b9-SNAPSHOT]
	at org.apache.ratis.util.SlidingWindow$Server.receivedRequest(SlidingWindow.java:421) [ratis-common-0.4.0-78e95b9-SNAPSHOT.jar:0.4.0-78e95b9-SNAPSHOT]
	at org.apache.ratis.grpc.client.GrpcClientProtocolService$OrderedRequestStreamObserver.processClientRequest(GrpcClientProtocolService.java:345) [ratis-grpc-0.4.0-78e95b9-SNAPSHOT.jar:0.4.0-78e95b9-SNAPSHOT]
	at org.apache.ratis.grpc.client.GrpcClientProtocolService$RequestStreamObserver.onNext(GrpcClientProtocolService.java:240) [ratis-grpc-0.4.0-78e95b9-SNAPSHOT.jar:0.4.0-78e95b9-SNAPSHOT]
	at org.apache.ratis.grpc.client.GrpcClientProtocolService$RequestStreamObserver.onNext(GrpcClientProtocolService.java:168) [ratis-grpc-0.4.0-78e95b9-SNAPSHOT.jar:0.4.0-78e95b9-SNAPSHOT]
	at org.apache.ratis.thirdparty.io.grpc.stub.ServerCalls$StreamingServerCallHandler$StreamingServerCallListener.onMessage(ServerCalls.java:248) [ratis-thirdparty-misc-0.2.0.jar:0.2.0]
	at org.apache.ratis.thirdparty.io.grpc.internal.ServerCallImpl$ServerStreamListenerImpl.messagesAvailable(ServerCallImpl.java:263) [ratis-thirdparty-misc-0.2.0.jar:0.2.0]
	at org.apache.ratis.thirdparty.io.grpc.internal.ServerImpl$JumpToApplicationThreadServerStreamListener$1MessagesAvailable.runInContext(ServerImpl.java:686) [ratis-thirdparty-misc-0.2.0.jar:0.2.0]
	at org.apache.ratis.thirdparty.io.grpc.internal.ContextRunnable.run(ContextRunnable.java:37) [ratis-thirdparty-misc-0.2.0.jar:0.2.0]
	at org.apache.ratis.thirdparty.io.grpc.internal.SerializingExecutor.run(SerializingExecutor.java:123) [ratis-thirdparty-misc-0.2.0.jar:0.2.0]
	at java.util.concurrent.ThreadPoolExecutor.runWorker(ThreadPoolExecutor.java:1149) [?:1.8.0_212]
	at java.util.concurrent.ThreadPoolExecutor$Worker.run(ThreadPoolExecutor.java:624) [?:1.8.0_212]
	at java.lang.Thread.run(Thread.java:748) [?:1.8.0_212]
2019-09-18 11:48:18,312 [grpc-default-executor-0] INFO  client.GrpcClientProtocolClient (GrpcClientProtocolClient.java:onNext(264)) - client-944E03440049->80b2273a-a181-40f7-a59c-f9bb72e1a4d3: receive RaftClientReply:client-944E03440049->80b2273a-a181-40f7-a59c-f9bb72e1a4d3@group-4B0031EC218E, cid=170, FAILED org.apache.ratis.protocol.StateMachineException: org.apache.hadoop.hdds.scm.container.common.helpers.ContainerNotOpenException from Server 80b2273a-a181-40f7-a59c-f9bb72e1a4d3@group-4B0031EC218E: Container 1 in CLOSING state, logIndex=0, commits[80b2273a-a181-40f7-a59c-f9bb72e1a4d3:c16, 43bd4a59-611b-42ac-b803-c7bc77298fb7:c14, 667c917f-69b1-4d24-81e9-af1370db70ff:c15]
11:48:18.313 [grpc-default-executor-10] ERROR DNAudit - user=null | ip=null | op=WRITE_CHUNK {blockData=conID: 1 locID: 102813353009086477 bcsId: 12} | ret=FAILURE
org.apache.hadoop.hdds.scm.container.common.helpers.ContainerNotOpenException: Container 1 in CLOSING state
	at org.apache.hadoop.ozone.container.common.impl.HddsDispatcher.validateContainerCommand(HddsDispatcher.java:434) ~[hadoop-hdds-container-service-0.5.0-SNAPSHOT.jar:?]
	at org.apache.hadoop.ozone.container.common.transport.server.ratis.ContainerStateMachine.startTransaction(ContainerStateMachine.java:315) ~[hadoop-hdds-container-service-0.5.0-SNAPSHOT.jar:?]
	at org.apache.ratis.server.impl.RaftServerImpl.submitClientRequestAsync(RaftServerImpl.java:573) ~[ratis-server-0.4.0-78e95b9-SNAPSHOT.jar:0.4.0-78e95b9-SNAPSHOT]
	at org.apache.ratis.server.impl.RaftServerProxy.lambda$submitClientRequestAsync$7(RaftServerProxy.java:333) ~[ratis-server-0.4.0-78e95b9-SNAPSHOT.jar:0.4.0-78e95b9-SNAPSHOT]
	at org.apache.ratis.server.impl.RaftServerProxy.lambda$null$5(RaftServerProxy.java:328) ~[ratis-server-0.4.0-78e95b9-SNAPSHOT.jar:0.4.0-78e95b9-SNAPSHOT]
	at org.apache.ratis.util.JavaUtils.callAsUnchecked(JavaUtils.java:109) ~[ratis-common-0.4.0-78e95b9-SNAPSHOT.jar:0.4.0-78e95b9-SNAPSHOT]
	at org.apache.ratis.server.impl.RaftServerProxy.lambda$submitRequest$6(RaftServerProxy.java:328) ~[ratis-server-0.4.0-78e95b9-SNAPSHOT.jar:0.4.0-78e95b9-SNAPSHOT]
	at java.util.concurrent.CompletableFuture.uniComposeStage(CompletableFuture.java:981) ~[?:1.8.0_212]
	at java.util.concurrent.CompletableFuture.thenCompose(CompletableFuture.java:2124) ~[?:1.8.0_212]
	at org.apache.ratis.server.impl.RaftServerProxy.submitRequest(RaftServerProxy.java:327) ~[ratis-server-0.4.0-78e95b9-SNAPSHOT.jar:0.4.0-78e95b9-SNAPSHOT]
	at org.apache.ratis.server.impl.RaftServerProxy.submitClientRequestAsync(RaftServerProxy.java:333) ~[ratis-server-0.4.0-78e95b9-SNAPSHOT.jar:0.4.0-78e95b9-SNAPSHOT]
	at org.apache.ratis.grpc.client.GrpcClientProtocolService$RequestStreamObserver.processClientRequest(GrpcClientProtocolService.java:220) ~[ratis-grpc-0.4.0-78e95b9-SNAPSHOT.jar:0.4.0-78e95b9-SNAPSHOT]
	at org.apache.ratis.grpc.client.GrpcClientProtocolService$OrderedRequestStreamObserver.processClientRequest(GrpcClientProtocolService.java:326) ~[ratis-grpc-0.4.0-78e95b9-SNAPSHOT.jar:0.4.0-78e95b9-SNAPSHOT]
	at org.apache.ratis.util.SlidingWindow$Server.processRequestsFromHead(SlidingWindow.java:429) [ratis-common-0.4.0-78e95b9-SNAPSHOT.jar:0.4.0-78e95b9-SNAPSHOT]
	at org.apache.ratis.util.SlidingWindow$Server.receivedRequest(SlidingWindow.java:421) [ratis-common-0.4.0-78e95b9-SNAPSHOT.jar:0.4.0-78e95b9-SNAPSHOT]
	at org.apache.ratis.grpc.client.GrpcClientProtocolService$OrderedRequestStreamObserver.processClientRequest(GrpcClientProtocolService.java:345) [ratis-grpc-0.4.0-78e95b9-SNAPSHOT.jar:0.4.0-78e95b9-SNAPSHOT]
	at org.apache.ratis.grpc.client.GrpcClientProtocolService$RequestStreamObserver.onNext(GrpcClientProtocolService.java:240) [ratis-grpc-0.4.0-78e95b9-SNAPSHOT.jar:0.4.0-78e95b9-SNAPSHOT]
	at org.apache.ratis.grpc.client.GrpcClientProtocolService$RequestStreamObserver.onNext(GrpcClientProtocolService.java:168) [ratis-grpc-0.4.0-78e95b9-SNAPSHOT.jar:0.4.0-78e95b9-SNAPSHOT]
	at org.apache.ratis.thirdparty.io.grpc.stub.ServerCalls$StreamingServerCallHandler$StreamingServerCallListener.onMessage(ServerCalls.java:248) [ratis-thirdparty-misc-0.2.0.jar:0.2.0]
	at org.apache.ratis.thirdparty.io.grpc.internal.ServerCallImpl$ServerStreamListenerImpl.messagesAvailable(ServerCallImpl.java:263) [ratis-thirdparty-misc-0.2.0.jar:0.2.0]
	at org.apache.ratis.thirdparty.io.grpc.internal.ServerImpl$JumpToApplicationThreadServerStreamListener$1MessagesAvailable.runInContext(ServerImpl.java:686) [ratis-thirdparty-misc-0.2.0.jar:0.2.0]
	at org.apache.ratis.thirdparty.io.grpc.internal.ContextRunnable.run(ContextRunnable.java:37) [ratis-thirdparty-misc-0.2.0.jar:0.2.0]
	at org.apache.ratis.thirdparty.io.grpc.internal.SerializingExecutor.run(SerializingExecutor.java:123) [ratis-thirdparty-misc-0.2.0.jar:0.2.0]
	at java.util.concurrent.ThreadPoolExecutor.runWorker(ThreadPoolExecutor.java:1149) [?:1.8.0_212]
	at java.util.concurrent.ThreadPoolExecutor$Worker.run(ThreadPoolExecutor.java:624) [?:1.8.0_212]
	at java.lang.Thread.run(Thread.java:748) [?:1.8.0_212]
11:48:18.316 [grpc-default-executor-10] ERROR DNAudit - user=null | ip=null | op=PUT_BLOCK {blockData=[blockId=conID: 1 locID: 102813353009086477 bcsId: 0,size=650]} | ret=FAILURE
org.apache.hadoop.hdds.scm.container.common.helpers.ContainerNotOpenException: Container 1 in CLOSING state
	at org.apache.hadoop.ozone.container.common.impl.HddsDispatcher.validateContainerCommand(HddsDispatcher.java:434) ~[hadoop-hdds-container-service-0.5.0-SNAPSHOT.jar:?]
	at org.apache.hadoop.ozone.container.common.transport.server.ratis.ContainerStateMachine.startTransaction(ContainerStateMachine.java:315) ~[hadoop-hdds-container-service-0.5.0-SNAPSHOT.jar:?]
	at org.apache.ratis.server.impl.RaftServerImpl.submitClientRequestAsync(RaftServerImpl.java:573) ~[ratis-server-0.4.0-78e95b9-SNAPSHOT.jar:0.4.0-78e95b9-SNAPSHOT]
	at org.apache.ratis.server.impl.RaftServerProxy.lambda$submitClientRequestAsync$7(RaftServerProxy.java:333) ~[ratis-server-0.4.0-78e95b9-SNAPSHOT.jar:0.4.0-78e95b9-SNAPSHOT]
	at org.apache.ratis.server.impl.RaftServerProxy.lambda$null$5(RaftServerProxy.java:328) ~[ratis-server-0.4.0-78e95b9-SNAPSHOT.jar:0.4.0-78e95b9-SNAPSHOT]
	at org.apache.ratis.util.JavaUtils.callAsUnchecked(JavaUtils.java:109) ~[ratis-common-0.4.0-78e95b9-SNAPSHOT.jar:0.4.0-78e95b9-SNAPSHOT]
	at org.apache.ratis.server.impl.RaftServerProxy.lambda$submitRequest$6(RaftServerProxy.java:328) ~[ratis-server-0.4.0-78e95b9-SNAPSHOT.jar:0.4.0-78e95b9-SNAPSHOT]
	at java.util.concurrent.CompletableFuture.uniComposeStage(CompletableFuture.java:981) ~[?:1.8.0_212]
	at java.util.concurrent.CompletableFuture.thenCompose(CompletableFuture.java:2124) ~[?:1.8.0_212]
	at org.apache.ratis.server.impl.RaftServerProxy.submitRequest(RaftServerProxy.java:327) ~[ratis-server-0.4.0-78e95b9-SNAPSHOT.jar:0.4.0-78e95b9-SNAPSHOT]
	at org.apache.ratis.server.impl.RaftServerProxy.submitClientRequestAsync(RaftServerProxy.java:333) ~[ratis-server-0.4.0-78e95b9-SNAPSHOT.jar:0.4.0-78e95b9-SNAPSHOT]
	at org.apache.ratis.grpc.client.GrpcClientProtocolService$RequestStreamObserver.processClientRequest(GrpcClientProtocolService.java:220) ~[ratis-grpc-0.4.0-78e95b9-SNAPSHOT.jar:0.4.0-78e95b9-SNAPSHOT]
	at org.apache.ratis.grpc.client.GrpcClientProtocolService$OrderedRequestStreamObserver.processClientRequest(GrpcClientProtocolService.java:326) ~[ratis-grpc-0.4.0-78e95b9-SNAPSHOT.jar:0.4.0-78e95b9-SNAPSHOT]
	at org.apache.ratis.util.SlidingWindow$Server.processRequestsFromHead(SlidingWindow.java:429) [ratis-common-0.4.0-78e95b9-SNAPSHOT.jar:0.4.0-78e95b9-SNAPSHOT]
	at org.apache.ratis.util.SlidingWindow$Server.receivedRequest(SlidingWindow.java:421) [ratis-common-0.4.0-78e95b9-SNAPSHOT.jar:0.4.0-78e95b9-SNAPSHOT]
	at org.apache.ratis.grpc.client.GrpcClientProtocolService$OrderedRequestStreamObserver.processClientRequest(GrpcClientProtocolService.java:345) [ratis-grpc-0.4.0-78e95b9-SNAPSHOT.jar:0.4.0-78e95b9-SNAPSHOT]
	at org.apache.ratis.grpc.client.GrpcClientProtocolService$RequestStreamObserver.onNext(GrpcClientProtocolService.java:240) [ratis-grpc-0.4.0-78e95b9-SNAPSHOT.jar:0.4.0-78e95b9-SNAPSHOT]
	at org.apache.ratis.grpc.client.GrpcClientProtocolService$RequestStreamObserver.onNext(GrpcClientProtocolService.java:168) [ratis-grpc-0.4.0-78e95b9-SNAPSHOT.jar:0.4.0-78e95b9-SNAPSHOT]
	at org.apache.ratis.thirdparty.io.grpc.stub.ServerCalls$StreamingServerCallHandler$StreamingServerCallListener.onMessage(ServerCalls.java:248) [ratis-thirdparty-misc-0.2.0.jar:0.2.0]
	at org.apache.ratis.thirdparty.io.grpc.internal.ServerCallImpl$ServerStreamListenerImpl.messagesAvailable(ServerCallImpl.java:263) [ratis-thirdparty-misc-0.2.0.jar:0.2.0]
	at org.apache.ratis.thirdparty.io.grpc.internal.ServerImpl$JumpToApplicationThreadServerStreamListener$1MessagesAvailable.runInContext(ServerImpl.java:686) [ratis-thirdparty-misc-0.2.0.jar:0.2.0]
	at org.apache.ratis.thirdparty.io.grpc.internal.ContextRunnable.run(ContextRunnable.java:37) [ratis-thirdparty-misc-0.2.0.jar:0.2.0]
	at org.apache.ratis.thirdparty.io.grpc.internal.SerializingExecutor.run(SerializingExecutor.java:123) [ratis-thirdparty-misc-0.2.0.jar:0.2.0]
	at java.util.concurrent.ThreadPoolExecutor.runWorker(ThreadPoolExecutor.java:1149) [?:1.8.0_212]
	at java.util.concurrent.ThreadPoolExecutor$Worker.run(ThreadPoolExecutor.java:624) [?:1.8.0_212]
	at java.lang.Thread.run(Thread.java:748) [?:1.8.0_212]
2019-09-18 11:48:18,333 [grpc-default-executor-0] INFO  client.GrpcClientProtocolClient (GrpcClientProtocolClient.java:onNext(264)) - client-944E03440049->80b2273a-a181-40f7-a59c-f9bb72e1a4d3: receive RaftClientReply:client-944E03440049->80b2273a-a181-40f7-a59c-f9bb72e1a4d3@group-4B0031EC218E, cid=171, FAILED org.apache.ratis.protocol.StateMachineException: org.apache.hadoop.hdds.scm.container.common.helpers.ContainerNotOpenException from Server 80b2273a-a181-40f7-a59c-f9bb72e1a4d3@group-4B0031EC218E: Container 1 in CLOSING state, logIndex=0, commits[80b2273a-a181-40f7-a59c-f9bb72e1a4d3:c16, 43bd4a59-611b-42ac-b803-c7bc77298fb7:c14, 667c917f-69b1-4d24-81e9-af1370db70ff:c15]
11:48:18.332 [grpc-default-executor-10] ERROR DNAudit - user=null | ip=null | op=WRITE_CHUNK {blockData=conID: 1 locID: 102813353009086477 bcsId: 12} | ret=FAILURE
org.apache.hadoop.hdds.scm.container.common.helpers.ContainerNotOpenException: Container 1 in CLOSING state
	at org.apache.hadoop.ozone.container.common.impl.HddsDispatcher.validateContainerCommand(HddsDispatcher.java:434) ~[hadoop-hdds-container-service-0.5.0-SNAPSHOT.jar:?]
	at org.apache.hadoop.ozone.container.common.transport.server.ratis.ContainerStateMachine.startTransaction(ContainerStateMachine.java:315) ~[hadoop-hdds-container-service-0.5.0-SNAPSHOT.jar:?]
	at org.apache.ratis.server.impl.RaftServerImpl.submitClientRequestAsync(RaftServerImpl.java:573) ~[ratis-server-0.4.0-78e95b9-SNAPSHOT.jar:0.4.0-78e95b9-SNAPSHOT]
	at org.apache.ratis.server.impl.RaftServerProxy.lambda$submitClientRequestAsync$7(RaftServerProxy.java:333) ~[ratis-server-0.4.0-78e95b9-SNAPSHOT.jar:0.4.0-78e95b9-SNAPSHOT]
	at org.apache.ratis.server.impl.RaftServerProxy.lambda$null$5(RaftServerProxy.java:328) ~[ratis-server-0.4.0-78e95b9-SNAPSHOT.jar:0.4.0-78e95b9-SNAPSHOT]
	at org.apache.ratis.util.JavaUtils.callAsUnchecked(JavaUtils.java:109) ~[ratis-common-0.4.0-78e95b9-SNAPSHOT.jar:0.4.0-78e95b9-SNAPSHOT]
	at org.apache.ratis.server.impl.RaftServerProxy.lambda$submitRequest$6(RaftServerProxy.java:328) ~[ratis-server-0.4.0-78e95b9-SNAPSHOT.jar:0.4.0-78e95b9-SNAPSHOT]
	at java.util.concurrent.CompletableFuture.uniComposeStage(CompletableFuture.java:981) ~[?:1.8.0_212]
	at java.util.concurrent.CompletableFuture.thenCompose(CompletableFuture.java:2124) ~[?:1.8.0_212]
	at org.apache.ratis.server.impl.RaftServerProxy.submitRequest(RaftServerProxy.java:327) ~[ratis-server-0.4.0-78e95b9-SNAPSHOT.jar:0.4.0-78e95b9-SNAPSHOT]
	at org.apache.ratis.server.impl.RaftServerProxy.submitClientRequestAsync(RaftServerProxy.java:333) ~[ratis-server-0.4.0-78e95b9-SNAPSHOT.jar:0.4.0-78e95b9-SNAPSHOT]
	at org.apache.ratis.grpc.client.GrpcClientProtocolService$RequestStreamObserver.processClientRequest(GrpcClientProtocolService.java:220) ~[ratis-grpc-0.4.0-78e95b9-SNAPSHOT.jar:0.4.0-78e95b9-SNAPSHOT]
	at org.apache.ratis.grpc.client.GrpcClientProtocolService$OrderedRequestStreamObserver.processClientRequest(GrpcClientProtocolService.java:326) ~[ratis-grpc-0.4.0-78e95b9-SNAPSHOT.jar:0.4.0-78e95b9-SNAPSHOT]
	at org.apache.ratis.util.SlidingWindow$Server.processRequestsFromHead(SlidingWindow.java:429) [ratis-common-0.4.0-78e95b9-SNAPSHOT.jar:0.4.0-78e95b9-SNAPSHOT]
	at org.apache.ratis.util.SlidingWindow$Server.receivedRequest(SlidingWindow.java:421) [ratis-common-0.4.0-78e95b9-SNAPSHOT.jar:0.4.0-78e95b9-SNAPSHOT]
	at org.apache.ratis.grpc.client.GrpcClientProtocolService$OrderedRequestStreamObserver.processClientRequest(GrpcClientProtocolService.java:345) [ratis-grpc-0.4.0-78e95b9-SNAPSHOT.jar:0.4.0-78e95b9-SNAPSHOT]
	at org.apache.ratis.grpc.client.GrpcClientProtocolService$RequestStreamObserver.onNext(GrpcClientProtocolService.java:240) [ratis-grpc-0.4.0-78e95b9-SNAPSHOT.jar:0.4.0-78e95b9-SNAPSHOT]
	at org.apache.ratis.grpc.client.GrpcClientProtocolService$RequestStreamObserver.onNext(GrpcClientProtocolService.java:168) [ratis-grpc-0.4.0-78e95b9-SNAPSHOT.jar:0.4.0-78e95b9-SNAPSHOT]
	at org.apache.ratis.thirdparty.io.grpc.stub.ServerCalls$StreamingServerCallHandler$StreamingServerCallListener.onMessage(ServerCalls.java:248) [ratis-thirdparty-misc-0.2.0.jar:0.2.0]
	at org.apache.ratis.thirdparty.io.grpc.internal.ServerCallImpl$ServerStreamListenerImpl.messagesAvailable(ServerCallImpl.java:263) [ratis-thirdparty-misc-0.2.0.jar:0.2.0]
	at org.apache.ratis.thirdparty.io.grpc.internal.ServerImpl$JumpToApplicationThreadServerStreamListener$1MessagesAvailable.runInContext(ServerImpl.java:686) [ratis-thirdparty-misc-0.2.0.jar:0.2.0]
	at org.apache.ratis.thirdparty.io.grpc.internal.ContextRunnable.run(ContextRunnable.java:37) [ratis-thirdparty-misc-0.2.0.jar:0.2.0]
	at org.apache.ratis.thirdparty.io.grpc.internal.SerializingExecutor.run(SerializingExecutor.java:123) [ratis-thirdparty-misc-0.2.0.jar:0.2.0]
	at java.util.concurrent.ThreadPoolExecutor.runWorker(ThreadPoolExecutor.java:1149) [?:1.8.0_212]
	at java.util.concurrent.ThreadPoolExecutor$Worker.run(ThreadPoolExecutor.java:624) [?:1.8.0_212]
	at java.lang.Thread.run(Thread.java:748) [?:1.8.0_212]
2019-09-18 11:48:18,338 [grpc-default-executor-0] INFO  client.GrpcClientProtocolClient (GrpcClientProtocolClient.java:onNext(264)) - client-944E03440049->80b2273a-a181-40f7-a59c-f9bb72e1a4d3: receive RaftClientReply:client-944E03440049->80b2273a-a181-40f7-a59c-f9bb72e1a4d3@group-4B0031EC218E, cid=172, FAILED org.apache.ratis.protocol.StateMachineException: org.apache.hadoop.hdds.scm.container.common.helpers.ContainerNotOpenException from Server 80b2273a-a181-40f7-a59c-f9bb72e1a4d3@group-4B0031EC218E: Container 1 in CLOSING state, logIndex=0, commits[80b2273a-a181-40f7-a59c-f9bb72e1a4d3:c16, 43bd4a59-611b-42ac-b803-c7bc77298fb7:c14, 667c917f-69b1-4d24-81e9-af1370db70ff:c15]
11:48:18.340 [grpc-default-executor-10] ERROR DNAudit - user=null | ip=null | op=WRITE_CHUNK {blockData=conID: 1 locID: 102813353009086477 bcsId: 12} | ret=FAILURE
org.apache.hadoop.hdds.scm.container.common.helpers.ContainerNotOpenException: Container 1 in CLOSING state
	at org.apache.hadoop.ozone.container.common.impl.HddsDispatcher.validateContainerCommand(HddsDispatcher.java:434) ~[hadoop-hdds-container-service-0.5.0-SNAPSHOT.jar:?]
	at org.apache.hadoop.ozone.container.common.transport.server.ratis.ContainerStateMachine.startTransaction(ContainerStateMachine.java:315) ~[hadoop-hdds-container-service-0.5.0-SNAPSHOT.jar:?]
	at org.apache.ratis.server.impl.RaftServerImpl.submitClientRequestAsync(RaftServerImpl.java:573) ~[ratis-server-0.4.0-78e95b9-SNAPSHOT.jar:0.4.0-78e95b9-SNAPSHOT]
	at org.apache.ratis.server.impl.RaftServerProxy.lambda$submitClientRequestAsync$7(RaftServerProxy.java:333) ~[ratis-server-0.4.0-78e95b9-SNAPSHOT.jar:0.4.0-78e95b9-SNAPSHOT]
	at org.apache.ratis.server.impl.RaftServerProxy.lambda$null$5(RaftServerProxy.java:328) ~[ratis-server-0.4.0-78e95b9-SNAPSHOT.jar:0.4.0-78e95b9-SNAPSHOT]
	at org.apache.ratis.util.JavaUtils.callAsUnchecked(JavaUtils.java:109) ~[ratis-common-0.4.0-78e95b9-SNAPSHOT.jar:0.4.0-78e95b9-SNAPSHOT]
	at org.apache.ratis.server.impl.RaftServerProxy.lambda$submitRequest$6(RaftServerProxy.java:328) ~[ratis-server-0.4.0-78e95b9-SNAPSHOT.jar:0.4.0-78e95b9-SNAPSHOT]
	at java.util.concurrent.CompletableFuture.uniComposeStage(CompletableFuture.java:981) ~[?:1.8.0_212]
	at java.util.concurrent.CompletableFuture.thenCompose(CompletableFuture.java:2124) ~[?:1.8.0_212]
	at org.apache.ratis.server.impl.RaftServerProxy.submitRequest(RaftServerProxy.java:327) ~[ratis-server-0.4.0-78e95b9-SNAPSHOT.jar:0.4.0-78e95b9-SNAPSHOT]
	at org.apache.ratis.server.impl.RaftServerProxy.submitClientRequestAsync(RaftServerProxy.java:333) ~[ratis-server-0.4.0-78e95b9-SNAPSHOT.jar:0.4.0-78e95b9-SNAPSHOT]
	at org.apache.ratis.grpc.client.GrpcClientProtocolService$RequestStreamObserver.processClientRequest(GrpcClientProtocolService.java:220) ~[ratis-grpc-0.4.0-78e95b9-SNAPSHOT.jar:0.4.0-78e95b9-SNAPSHOT]
	at org.apache.ratis.grpc.client.GrpcClientProtocolService$OrderedRequestStreamObserver.processClientRequest(GrpcClientProtocolService.java:326) ~[ratis-grpc-0.4.0-78e95b9-SNAPSHOT.jar:0.4.0-78e95b9-SNAPSHOT]
	at org.apache.ratis.util.SlidingWindow$Server.processRequestsFromHead(SlidingWindow.java:429) [ratis-common-0.4.0-78e95b9-SNAPSHOT.jar:0.4.0-78e95b9-SNAPSHOT]
	at org.apache.ratis.util.SlidingWindow$Server.receivedRequest(SlidingWindow.java:421) [ratis-common-0.4.0-78e95b9-SNAPSHOT.jar:0.4.0-78e95b9-SNAPSHOT]
	at org.apache.ratis.grpc.client.GrpcClientProtocolService$OrderedRequestStreamObserver.processClientRequest(GrpcClientProtocolService.java:345) [ratis-grpc-0.4.0-78e95b9-SNAPSHOT.jar:0.4.0-78e95b9-SNAPSHOT]
	at org.apache.ratis.grpc.client.GrpcClientProtocolService$RequestStreamObserver.onNext(GrpcClientProtocolService.java:240) [ratis-grpc-0.4.0-78e95b9-SNAPSHOT.jar:0.4.0-78e95b9-SNAPSHOT]
	at org.apache.ratis.grpc.client.GrpcClientProtocolService$RequestStreamObserver.onNext(GrpcClientProtocolService.java:168) [ratis-grpc-0.4.0-78e95b9-SNAPSHOT.jar:0.4.0-78e95b9-SNAPSHOT]
	at org.apache.ratis.thirdparty.io.grpc.stub.ServerCalls$StreamingServerCallHandler$StreamingServerCallListener.onMessage(ServerCalls.java:248) [ratis-thirdparty-misc-0.2.0.jar:0.2.0]
	at org.apache.ratis.thirdparty.io.grpc.internal.ServerCallImpl$ServerStreamListenerImpl.messagesAvailable(ServerCallImpl.java:263) [ratis-thirdparty-misc-0.2.0.jar:0.2.0]
	at org.apache.ratis.thirdparty.io.grpc.internal.ServerImpl$JumpToApplicationThreadServerStreamListener$1MessagesAvailable.runInContext(ServerImpl.java:686) [ratis-thirdparty-misc-0.2.0.jar:0.2.0]
	at org.apache.ratis.thirdparty.io.grpc.internal.ContextRunnable.run(ContextRunnable.java:37) [ratis-thirdparty-misc-0.2.0.jar:0.2.0]
	at org.apache.ratis.thirdparty.io.grpc.internal.SerializingExecutor.run(SerializingExecutor.java:123) [ratis-thirdparty-misc-0.2.0.jar:0.2.0]
	at java.util.concurrent.ThreadPoolExecutor.runWorker(ThreadPoolExecutor.java:1149) [?:1.8.0_212]
	at java.util.concurrent.ThreadPoolExecutor$Worker.run(ThreadPoolExecutor.java:624) [?:1.8.0_212]
	at java.lang.Thread.run(Thread.java:748) [?:1.8.0_212]
2019-09-18 11:48:18,342 [grpc-default-executor-0] INFO  client.GrpcClientProtocolClient (GrpcClientProtocolClient.java:onNext(264)) - client-944E03440049->80b2273a-a181-40f7-a59c-f9bb72e1a4d3: receive RaftClientReply:client-944E03440049->80b2273a-a181-40f7-a59c-f9bb72e1a4d3@group-4B0031EC218E, cid=173, FAILED org.apache.ratis.protocol.StateMachineException: org.apache.hadoop.hdds.scm.container.common.helpers.ContainerNotOpenException from Server 80b2273a-a181-40f7-a59c-f9bb72e1a4d3@group-4B0031EC218E: Container 1 in CLOSING state, logIndex=0, commits[80b2273a-a181-40f7-a59c-f9bb72e1a4d3:c16, 43bd4a59-611b-42ac-b803-c7bc77298fb7:c14, 667c917f-69b1-4d24-81e9-af1370db70ff:c15]
11:48:18.344 [grpc-default-executor-10] ERROR DNAudit - user=null | ip=null | op=PUT_BLOCK {blockData=[blockId=conID: 1 locID: 102813353009086477 bcsId: 0,size=800]} | ret=FAILURE
org.apache.hadoop.hdds.scm.container.common.helpers.ContainerNotOpenException: Container 1 in CLOSING state
	at org.apache.hadoop.ozone.container.common.impl.HddsDispatcher.validateContainerCommand(HddsDispatcher.java:434) ~[hadoop-hdds-container-service-0.5.0-SNAPSHOT.jar:?]
	at org.apache.hadoop.ozone.container.common.transport.server.ratis.ContainerStateMachine.startTransaction(ContainerStateMachine.java:315) ~[hadoop-hdds-container-service-0.5.0-SNAPSHOT.jar:?]
	at org.apache.ratis.server.impl.RaftServerImpl.submitClientRequestAsync(RaftServerImpl.java:573) ~[ratis-server-0.4.0-78e95b9-SNAPSHOT.jar:0.4.0-78e95b9-SNAPSHOT]
	at org.apache.ratis.server.impl.RaftServerProxy.lambda$submitClientRequestAsync$7(RaftServerProxy.java:333) ~[ratis-server-0.4.0-78e95b9-SNAPSHOT.jar:0.4.0-78e95b9-SNAPSHOT]
	at org.apache.ratis.server.impl.RaftServerProxy.lambda$null$5(RaftServerProxy.java:328) ~[ratis-server-0.4.0-78e95b9-SNAPSHOT.jar:0.4.0-78e95b9-SNAPSHOT]
	at org.apache.ratis.util.JavaUtils.callAsUnchecked(JavaUtils.java:109) ~[ratis-common-0.4.0-78e95b9-SNAPSHOT.jar:0.4.0-78e95b9-SNAPSHOT]
	at org.apache.ratis.server.impl.RaftServerProxy.lambda$submitRequest$6(RaftServerProxy.java:328) ~[ratis-server-0.4.0-78e95b9-SNAPSHOT.jar:0.4.0-78e95b9-SNAPSHOT]
	at java.util.concurrent.CompletableFuture.uniComposeStage(CompletableFuture.java:981) ~[?:1.8.0_212]
	at java.util.concurrent.CompletableFuture.thenCompose(CompletableFuture.java:2124) ~[?:1.8.0_212]
	at org.apache.ratis.server.impl.RaftServerProxy.submitRequest(RaftServerProxy.java:327) ~[ratis-server-0.4.0-78e95b9-SNAPSHOT.jar:0.4.0-78e95b9-SNAPSHOT]
	at org.apache.ratis.server.impl.RaftServerProxy.submitClientRequestAsync(RaftServerProxy.java:333) ~[ratis-server-0.4.0-78e95b9-SNAPSHOT.jar:0.4.0-78e95b9-SNAPSHOT]
	at org.apache.ratis.grpc.client.GrpcClientProtocolService$RequestStreamObserver.processClientRequest(GrpcClientProtocolService.java:220) ~[ratis-grpc-0.4.0-78e95b9-SNAPSHOT.jar:0.4.0-78e95b9-SNAPSHOT]
	at org.apache.ratis.grpc.client.GrpcClientProtocolService$OrderedRequestStreamObserver.processClientRequest(GrpcClientProtocolService.java:326) ~[ratis-grpc-0.4.0-78e95b9-SNAPSHOT.jar:0.4.0-78e95b9-SNAPSHOT]
	at org.apache.ratis.util.SlidingWindow$Server.processRequestsFromHead(SlidingWindow.java:429) [ratis-common-0.4.0-78e95b9-SNAPSHOT.jar:0.4.0-78e95b9-SNAPSHOT]
	at org.apache.ratis.util.SlidingWindow$Server.receivedRequest(SlidingWindow.java:421) [ratis-common-0.4.0-78e95b9-SNAPSHOT.jar:0.4.0-78e95b9-SNAPSHOT]
	at org.apache.ratis.grpc.client.GrpcClientProtocolService$OrderedRequestStreamObserver.processClientRequest(GrpcClientProtocolService.java:345) [ratis-grpc-0.4.0-78e95b9-SNAPSHOT.jar:0.4.0-78e95b9-SNAPSHOT]
	at org.apache.ratis.grpc.client.GrpcClientProtocolService$RequestStreamObserver.onNext(GrpcClientProtocolService.java:240) [ratis-grpc-0.4.0-78e95b9-SNAPSHOT.jar:0.4.0-78e95b9-SNAPSHOT]
	at org.apache.ratis.grpc.client.GrpcClientProtocolService$RequestStreamObserver.onNext(GrpcClientProtocolService.java:168) [ratis-grpc-0.4.0-78e95b9-SNAPSHOT.jar:0.4.0-78e95b9-SNAPSHOT]
	at org.apache.ratis.thirdparty.io.grpc.stub.ServerCalls$StreamingServerCallHandler$StreamingServerCallListener.onMessage(ServerCalls.java:248) [ratis-thirdparty-misc-0.2.0.jar:0.2.0]
	at org.apache.ratis.thirdparty.io.grpc.internal.ServerCallImpl$ServerStreamListenerImpl.messagesAvailable(ServerCallImpl.java:263) [ratis-thirdparty-misc-0.2.0.jar:0.2.0]
	at org.apache.ratis.thirdparty.io.grpc.internal.ServerImpl$JumpToApplicationThreadServerStreamListener$1MessagesAvailable.runInContext(ServerImpl.java:686) [ratis-thirdparty-misc-0.2.0.jar:0.2.0]
	at org.apache.ratis.thirdparty.io.grpc.internal.ContextRunnable.run(ContextRunnable.java:37) [ratis-thirdparty-misc-0.2.0.jar:0.2.0]
	at org.apache.ratis.thirdparty.io.grpc.internal.SerializingExecutor.run(SerializingExecutor.java:123) [ratis-thirdparty-misc-0.2.0.jar:0.2.0]
	at java.util.concurrent.ThreadPoolExecutor.runWorker(ThreadPoolExecutor.java:1149) [?:1.8.0_212]
	at java.util.concurrent.ThreadPoolExecutor$Worker.run(ThreadPoolExecutor.java:624) [?:1.8.0_212]
	at java.lang.Thread.run(Thread.java:748) [?:1.8.0_212]
2019-09-18 11:48:18,363 [grpc-default-executor-10] INFO  client.GrpcClientProtocolClient (GrpcClientProtocolClient.java:onNext(264)) - client-944E03440049->80b2273a-a181-40f7-a59c-f9bb72e1a4d3: receive RaftClientReply:client-944E03440049->80b2273a-a181-40f7-a59c-f9bb72e1a4d3@group-4B0031EC218E, cid=174, FAILED org.apache.ratis.protocol.StateMachineException: org.apache.hadoop.hdds.scm.container.common.helpers.ContainerNotOpenException from Server 80b2273a-a181-40f7-a59c-f9bb72e1a4d3@group-4B0031EC218E: Container 1 in CLOSING state, logIndex=0, commits[80b2273a-a181-40f7-a59c-f9bb72e1a4d3:c16, 43bd4a59-611b-42ac-b803-c7bc77298fb7:c14, 667c917f-69b1-4d24-81e9-af1370db70ff:c15]
2019-09-18 11:48:18,366 [grpc-default-executor-10] INFO  client.GrpcClientProtocolClient (GrpcClientProtocolClient.java:onNext(264)) - client-944E03440049->80b2273a-a181-40f7-a59c-f9bb72e1a4d3: receive RaftClientReply:client-944E03440049->80b2273a-a181-40f7-a59c-f9bb72e1a4d3@group-4B0031EC218E, cid=175, FAILED org.apache.ratis.protocol.StateMachineException: org.apache.hadoop.hdds.scm.container.common.helpers.ContainerNotOpenException from Server 80b2273a-a181-40f7-a59c-f9bb72e1a4d3@group-4B0031EC218E: Container 1 in CLOSING state, logIndex=0, commits[80b2273a-a181-40f7-a59c-f9bb72e1a4d3:c16, 43bd4a59-611b-42ac-b803-c7bc77298fb7:c14, 667c917f-69b1-4d24-81e9-af1370db70ff:c15]
2019-09-18 11:48:18,416 [grpc-default-executor-10] INFO  client.GrpcClientProtocolClient (GrpcClientProtocolClient.java:onNext(264)) - client-D3CE072980EF->f9eae954-5f21-43ae-88df-c06e8fdb763a: receive RaftClientReply:client-D3CE072980EF->f9eae954-5f21-43ae-88df-c06e8fdb763a@group-092309D0A6B0, cid=176, FAILED org.apache.ratis.protocol.NotLeaderException: Server f9eae954-5f21-43ae-88df-c06e8fdb763a@group-092309D0A6B0 is not the leader aca8c137-275c-4bd4-a93f-b0c09a946b6e:192.168.157.254:43242, logIndex=0, commits[f9eae954-5f21-43ae-88df-c06e8fdb763a:c0, aca8c137-275c-4bd4-a93f-b0c09a946b6e:c0, 941b1faa-5cc5-4fbd-82c3-729dc82a122f:c0]
2019-09-18 11:48:19,524 [grpc-default-executor-0] WARN  server.GrpcLogAppender (LogUtils.java:warn(134)) - 80b2273a-a181-40f7-a59c-f9bb72e1a4d3@group-4B0031EC218E->43bd4a59-611b-42ac-b803-c7bc77298fb7-AppendLogResponseHandler: Failed appendEntries: org.apache.ratis.thirdparty.io.grpc.StatusRuntimeException: UNAVAILABLE: io exception
2019-09-18 11:48:19,526 [grpc-default-executor-0] INFO  impl.FollowerInfo (FollowerInfo.java:lambda$new$0(51)) - 80b2273a-a181-40f7-a59c-f9bb72e1a4d3@group-4B0031EC218E->43bd4a59-611b-42ac-b803-c7bc77298fb7: nextIndex: updateUnconditionally 1 -> 0
2019-09-18 11:48:19,853 [grpc-default-executor-10] INFO  client.GrpcClientProtocolClient (GrpcClientProtocolClient.java:onNext(264)) - client-D3CE072980EF->aca8c137-275c-4bd4-a93f-b0c09a946b6e: receive RaftClientReply:client-D3CE072980EF->aca8c137-275c-4bd4-a93f-b0c09a946b6e@group-092309D0A6B0, cid=176, SUCCESS, logIndex=1, commits[aca8c137-275c-4bd4-a93f-b0c09a946b6e:c1, f9eae954-5f21-43ae-88df-c06e8fdb763a:c0, 941b1faa-5cc5-4fbd-82c3-729dc82a122f:c0]
2019-09-18 11:48:19,866 [grpc-default-executor-10] INFO  client.GrpcClientProtocolClient (GrpcClientProtocolClient.java:onNext(264)) - client-D3CE072980EF->aca8c137-275c-4bd4-a93f-b0c09a946b6e: receive RaftClientReply:client-D3CE072980EF->aca8c137-275c-4bd4-a93f-b0c09a946b6e@group-092309D0A6B0, cid=177, SUCCESS, logIndex=3, commits[aca8c137-275c-4bd4-a93f-b0c09a946b6e:c5, f9eae954-5f21-43ae-88df-c06e8fdb763a:c1, 941b1faa-5cc5-4fbd-82c3-729dc82a122f:c1]
2019-09-18 11:48:21,920 [grpc-default-executor-10] INFO  client.GrpcClientProtocolClient (GrpcClientProtocolClient.java:onNext(264)) - client-D3CE072980EF->aca8c137-275c-4bd4-a93f-b0c09a946b6e: receive RaftClientReply:client-D3CE072980EF->aca8c137-275c-4bd4-a93f-b0c09a946b6e@group-092309D0A6B0, cid=178, SUCCESS, logIndex=4, commits[aca8c137-275c-4bd4-a93f-b0c09a946b6e:c12, f9eae954-5f21-43ae-88df-c06e8fdb763a:c7, 941b1faa-5cc5-4fbd-82c3-729dc82a122f:c7]
2019-09-18 11:48:21,921 [grpc-default-executor-10] INFO  client.GrpcClientProtocolClient (GrpcClientProtocolClient.java:onNext(264)) - client-D3CE072980EF->aca8c137-275c-4bd4-a93f-b0c09a946b6e: receive RaftClientReply:client-D3CE072980EF->aca8c137-275c-4bd4-a93f-b0c09a946b6e@group-092309D0A6B0, cid=179, SUCCESS, logIndex=5, commits[aca8c137-275c-4bd4-a93f-b0c09a946b6e:c12, f9eae954-5f21-43ae-88df-c06e8fdb763a:c7, 941b1faa-5cc5-4fbd-82c3-729dc82a122f:c7]
2019-09-18 11:48:21,921 [grpc-default-executor-10] INFO  client.GrpcClientProtocolClient (GrpcClientProtocolClient.java:onNext(264)) - client-D3CE072980EF->aca8c137-275c-4bd4-a93f-b0c09a946b6e: receive RaftClientReply:client-D3CE072980EF->aca8c137-275c-4bd4-a93f-b0c09a946b6e@group-092309D0A6B0, cid=180, SUCCESS, logIndex=6, commits[aca8c137-275c-4bd4-a93f-b0c09a946b6e:c12, f9eae954-5f21-43ae-88df-c06e8fdb763a:c7, 941b1faa-5cc5-4fbd-82c3-729dc82a122f:c7]
2019-09-18 11:48:22,024 [grpc-default-executor-0] WARN  server.GrpcLogAppender (LogUtils.java:warn(134)) - 80b2273a-a181-40f7-a59c-f9bb72e1a4d3@group-4B0031EC218E->43bd4a59-611b-42ac-b803-c7bc77298fb7-AppendLogResponseHandler: Failed appendEntries: org.apache.ratis.thirdparty.io.grpc.StatusRuntimeException: UNAVAILABLE: io exception
2019-09-18 11:48:22,025 [grpc-default-executor-0] INFO  impl.FollowerInfo (FollowerInfo.java:lambda$new$0(51)) - 80b2273a-a181-40f7-a59c-f9bb72e1a4d3@group-4B0031EC218E->43bd4a59-611b-42ac-b803-c7bc77298fb7: nextIndex: updateUnconditionally 0 -> 0
2019-09-18 11:48:22,641 [grpc-default-executor-10] INFO  client.GrpcClientProtocolClient (GrpcClientProtocolClient.java:onNext(264)) - client-D3CE072980EF->aca8c137-275c-4bd4-a93f-b0c09a946b6e: receive RaftClientReply:client-D3CE072980EF->aca8c137-275c-4bd4-a93f-b0c09a946b6e@group-092309D0A6B0, cid=181, SUCCESS, logIndex=7, commits[aca8c137-275c-4bd4-a93f-b0c09a946b6e:c12, f9eae954-5f21-43ae-88df-c06e8fdb763a:c12, 941b1faa-5cc5-4fbd-82c3-729dc82a122f:c12]
2019-09-18 11:48:22,663 [grpc-default-executor-10] INFO  client.GrpcClientProtocolClient (GrpcClientProtocolClient.java:onNext(264)) - client-D3CE072980EF->aca8c137-275c-4bd4-a93f-b0c09a946b6e: receive RaftClientReply:client-D3CE072980EF->aca8c137-275c-4bd4-a93f-b0c09a946b6e@group-092309D0A6B0, cid=182, SUCCESS, logIndex=13, commits[aca8c137-275c-4bd4-a93f-b0c09a946b6e:c14, f9eae954-5f21-43ae-88df-c06e8fdb763a:c12, 941b1faa-5cc5-4fbd-82c3-729dc82a122f:c12]
2019-09-18 11:48:22,663 [grpc-default-executor-10] INFO  client.GrpcClientProtocolClient (GrpcClientProtocolClient.java:onNext(264)) - client-D3CE072980EF->aca8c137-275c-4bd4-a93f-b0c09a946b6e: receive RaftClientReply:client-D3CE072980EF->aca8c137-275c-4bd4-a93f-b0c09a946b6e@group-092309D0A6B0, cid=183, SUCCESS, logIndex=14, commits[aca8c137-275c-4bd4-a93f-b0c09a946b6e:c14, f9eae954-5f21-43ae-88df-c06e8fdb763a:c12, 941b1faa-5cc5-4fbd-82c3-729dc82a122f:c12]
2019-09-18 11:48:22,691 [grpc-default-executor-0] INFO  client.GrpcClientProtocolClient (GrpcClientProtocolClient.java:onNext(264)) - client-D3CE072980EF->aca8c137-275c-4bd4-a93f-b0c09a946b6e: receive RaftClientReply:client-D3CE072980EF->aca8c137-275c-4bd4-a93f-b0c09a946b6e@group-092309D0A6B0, cid=184, SUCCESS, logIndex=0, commits[aca8c137-275c-4bd4-a93f-b0c09a946b6e:c15, f9eae954-5f21-43ae-88df-c06e8fdb763a:c14, 941b1faa-5cc5-4fbd-82c3-729dc82a122f:c14]
2019-09-18 11:48:22,692 [main] INFO  ozone.MiniOzoneClusterImpl (MiniOzoneClusterImpl.java:shutdown(312)) - Shutting down the Mini Ozone Cluster
2019-09-18 11:48:22,692 [main] INFO  ozone.MiniOzoneClusterImpl (MiniOzoneClusterImpl.java:stop(327)) - Stopping the Mini Ozone Cluster
2019-09-18 11:48:22,692 [main] INFO  ozone.MiniOzoneClusterImpl (MiniOzoneClusterImpl.java:stop(329)) - Stopping the OzoneManager
2019-09-18 11:48:22,692 [main] INFO  ipc.Server (Server.java:stop(3082)) - Stopping server on 44494
2019-09-18 11:48:22,703 [IPC Server listener on 44494] INFO  ipc.Server (Server.java:run(1185)) - Stopping IPC Server listener on 44494
2019-09-18 11:48:22,707 [main] INFO  ratis.OzoneManagerDoubleBuffer (OzoneManagerDoubleBuffer.java:stop(248)) - Stopping OMDoubleBuffer flush thread
2019-09-18 11:48:22,711 [IPC Server Responder] INFO  ipc.Server (Server.java:run(1319)) - Stopping IPC Server Responder
2019-09-18 11:48:22,719 [OMDoubleBufferFlushThread] INFO  ratis.OzoneManagerDoubleBuffer (OzoneManagerDoubleBuffer.java:flushTransactions(191)) - OMDoubleBuffer flush thread OMDoubleBufferFlushThread is interrupted and will exit. OMDoubleBufferFlushThread
2019-09-18 11:48:22,726 [main] INFO  utils.BackgroundService (BackgroundService.java:shutdown(148)) - Shutting down service KeyDeletingService
2019-09-18 11:48:22,728 [main] INFO  handler.ContextHandler (ContextHandler.java:doStop(910)) - Stopped o.e.j.w.WebAppContext@5b8853{/,null,UNAVAILABLE}{/ozoneManager}
2019-09-18 11:48:22,729 [main] INFO  server.AbstractConnector (AbstractConnector.java:doStop(318)) - Stopped ServerConnector@1b8aaeab{HTTP/1.1,[http/1.1]}{0.0.0.0:0}
2019-09-18 11:48:22,729 [main] INFO  handler.ContextHandler (ContextHandler.java:doStop(910)) - Stopped o.e.j.s.ServletContextHandler@10d18696{/static,file:///workdir/hadoop-ozone/integration-test/target/test-classes/webapps/static,UNAVAILABLE}
2019-09-18 11:48:22,729 [main] INFO  handler.ContextHandler (ContextHandler.java:doStop(910)) - Stopped o.e.j.s.ServletContextHandler@33e4b9c4{/logs,file:///workdir/hadoop-ozone/integration-test/target/log,UNAVAILABLE}
2019-09-18 11:48:22,732 [main] INFO  ozone.MiniOzoneClusterImpl (MiniOzoneClusterImpl.java:stop(335)) - Shutting the HddsDatanodes
2019-09-18 11:48:22,833 [Datanode State Machine Thread - 0] INFO  statemachine.DatanodeStateMachine (DatanodeStateMachine.java:lambda$startDaemon$0(350)) - Ozone container server started.
2019-09-18 11:48:23,038 [Datanode State Machine Thread - 0] INFO  statemachine.DatanodeStateMachine (DatanodeStateMachine.java:lambda$startDaemon$0(350)) - Ozone container server started.
2019-09-18 11:48:24,525 [grpc-default-executor-0] WARN  server.GrpcLogAppender (LogUtils.java:warn(134)) - 80b2273a-a181-40f7-a59c-f9bb72e1a4d3@group-4B0031EC218E->43bd4a59-611b-42ac-b803-c7bc77298fb7-AppendLogResponseHandler: Failed appendEntries: org.apache.ratis.thirdparty.io.grpc.StatusRuntimeException: UNAVAILABLE: io exception
2019-09-18 11:48:24,526 [grpc-default-executor-0] INFO  impl.FollowerInfo (FollowerInfo.java:lambda$new$0(51)) - 80b2273a-a181-40f7-a59c-f9bb72e1a4d3@group-4B0031EC218E->43bd4a59-611b-42ac-b803-c7bc77298fb7: nextIndex: updateUnconditionally 0 -> 0
2019-09-18 11:48:26,847 [EventQueue-StaleNodeForStaleNodeHandler] INFO  node.StaleNodeHandler (StaleNodeHandler.java:onMessage(58)) - Datanode 941b1faa-5cc5-4fbd-82c3-729dc82a122f{ip: 192.168.157.254, host: pr-hdds-2143-zjsjg-1178913, networkLocation: /default-rack, certSerialId: null} moved to stale state. Finalizing its pipelines [PipelineID=4f1e9ecb-5bdd-458d-a624-24d408780b77, PipelineID=7fee27b4-a560-4900-8c95-092309d0a6b0]
2019-09-18 11:48:26,849 [EventQueue-StaleNodeForStaleNodeHandler] INFO  pipeline.SCMPipelineManager (SCMPipelineManager.java:finalizeAndDestroyPipeline(311)) - destroying pipeline:Pipeline[ Id: 4f1e9ecb-5bdd-458d-a624-24d408780b77, Nodes: 941b1faa-5cc5-4fbd-82c3-729dc82a122f{ip: 192.168.157.254, host: pr-hdds-2143-zjsjg-1178913, networkLocation: /default-rack, certSerialId: null}, Type:RATIS, Factor:ONE, State:OPEN]
2019-09-18 11:48:26,849 [EventQueue-StaleNodeForStaleNodeHandler] INFO  pipeline.PipelineStateManager (PipelineStateManager.java:finalizePipeline(123)) - Pipeline Pipeline[ Id: 4f1e9ecb-5bdd-458d-a624-24d408780b77, Nodes: 941b1faa-5cc5-4fbd-82c3-729dc82a122f{ip: 192.168.157.254, host: pr-hdds-2143-zjsjg-1178913, networkLocation: /default-rack, certSerialId: null}, Type:RATIS, Factor:ONE, State:CLOSED] moved to CLOSED state
2019-09-18 11:48:26,850 [EventQueue-StaleNodeForStaleNodeHandler] INFO  pipeline.SCMPipelineManager (SCMPipelineManager.java:finalizeAndDestroyPipeline(311)) - destroying pipeline:Pipeline[ Id: 7fee27b4-a560-4900-8c95-092309d0a6b0, Nodes: f9eae954-5f21-43ae-88df-c06e8fdb763a{ip: 192.168.157.254, host: pr-hdds-2143-zjsjg-1178913, networkLocation: /default-rack, certSerialId: null}aca8c137-275c-4bd4-a93f-b0c09a946b6e{ip: 192.168.157.254, host: pr-hdds-2143-zjsjg-1178913, networkLocation: /default-rack, certSerialId: null}941b1faa-5cc5-4fbd-82c3-729dc82a122f{ip: 192.168.157.254, host: pr-hdds-2143-zjsjg-1178913, networkLocation: /default-rack, certSerialId: null}, Type:RATIS, Factor:THREE, State:OPEN]
2019-09-18 11:48:26,850 [EventQueue-StaleNodeForStaleNodeHandler] INFO  pipeline.PipelineStateManager (PipelineStateManager.java:finalizePipeline(123)) - Pipeline Pipeline[ Id: 7fee27b4-a560-4900-8c95-092309d0a6b0, Nodes: f9eae954-5f21-43ae-88df-c06e8fdb763a{ip: 192.168.157.254, host: pr-hdds-2143-zjsjg-1178913, networkLocation: /default-rack, certSerialId: null}aca8c137-275c-4bd4-a93f-b0c09a946b6e{ip: 192.168.157.254, host: pr-hdds-2143-zjsjg-1178913, networkLocation: /default-rack, certSerialId: null}941b1faa-5cc5-4fbd-82c3-729dc82a122f{ip: 192.168.157.254, host: pr-hdds-2143-zjsjg-1178913, networkLocation: /default-rack, certSerialId: null}, Type:RATIS, Factor:THREE, State:CLOSED] moved to CLOSED state
2019-09-18 11:48:26,850 [EventQueue-CloseContainerForCloseContainerEventHandler] INFO  container.CloseContainerEventHandler (CloseContainerEventHandler.java:onMessage(61)) - Close container Event triggered for container : #2
2019-09-18 11:48:27,030 [grpc-default-executor-0] WARN  server.GrpcLogAppender (LogUtils.java:warn(134)) - 80b2273a-a181-40f7-a59c-f9bb72e1a4d3@group-4B0031EC218E->43bd4a59-611b-42ac-b803-c7bc77298fb7-AppendLogResponseHandler: Failed appendEntries: org.apache.ratis.thirdparty.io.grpc.StatusRuntimeException: UNAVAILABLE: io exception
2019-09-18 11:48:27,034 [grpc-default-executor-0] INFO  impl.FollowerInfo (FollowerInfo.java:lambda$new$0(51)) - 80b2273a-a181-40f7-a59c-f9bb72e1a4d3@group-4B0031EC218E->43bd4a59-611b-42ac-b803-c7bc77298fb7: nextIndex: updateUnconditionally 0 -> 0
2019-09-18 11:48:27,047 [EventQueue-StaleNodeForStaleNodeHandler] INFO  node.StaleNodeHandler (StaleNodeHandler.java:onMessage(58)) - Datanode 80b2273a-a181-40f7-a59c-f9bb72e1a4d3{ip: 192.168.157.254, host: pr-hdds-2143-zjsjg-1178913, networkLocation: /default-rack, certSerialId: null} moved to stale state. Finalizing its pipelines [PipelineID=0c2f8137-b3ac-45ea-bafe-4b0031ec218e, PipelineID=674ec718-ea81-4507-aa71-2636724cf928]
2019-09-18 11:48:27,047 [EventQueue-StaleNodeForStaleNodeHandler] INFO  pipeline.SCMPipelineManager (SCMPipelineManager.java:finalizeAndDestroyPipeline(311)) - destroying pipeline:Pipeline[ Id: 0c2f8137-b3ac-45ea-bafe-4b0031ec218e, Nodes: 43bd4a59-611b-42ac-b803-c7bc77298fb7{ip: 192.168.157.254, host: pr-hdds-2143-zjsjg-1178913, networkLocation: /default-rack, certSerialId: null}667c917f-69b1-4d24-81e9-af1370db70ff{ip: 192.168.157.254, host: pr-hdds-2143-zjsjg-1178913, networkLocation: /default-rack, certSerialId: null}80b2273a-a181-40f7-a59c-f9bb72e1a4d3{ip: 192.168.157.254, host: pr-hdds-2143-zjsjg-1178913, networkLocation: /default-rack, certSerialId: null}, Type:RATIS, Factor:THREE, State:CLOSED]
2019-09-18 11:48:27,048 [EventQueue-StaleNodeForStaleNodeHandler] INFO  pipeline.SCMPipelineManager (SCMPipelineManager.java:finalizeAndDestroyPipeline(311)) - destroying pipeline:Pipeline[ Id: 674ec718-ea81-4507-aa71-2636724cf928, Nodes: 80b2273a-a181-40f7-a59c-f9bb72e1a4d3{ip: 192.168.157.254, host: pr-hdds-2143-zjsjg-1178913, networkLocation: /default-rack, certSerialId: null}, Type:RATIS, Factor:ONE, State:OPEN]
2019-09-18 11:48:27,048 [EventQueue-StaleNodeForStaleNodeHandler] INFO  pipeline.PipelineStateManager (PipelineStateManager.java:finalizePipeline(123)) - Pipeline Pipeline[ Id: 674ec718-ea81-4507-aa71-2636724cf928, Nodes: 80b2273a-a181-40f7-a59c-f9bb72e1a4d3{ip: 192.168.157.254, host: pr-hdds-2143-zjsjg-1178913, networkLocation: /default-rack, certSerialId: null}, Type:RATIS, Factor:ONE, State:CLOSED] moved to CLOSED state
2019-09-18 11:48:27,733 [main] INFO  ozoneimpl.OzoneContainer (OzoneContainer.java:stop(231)) - Attempting to stop container services.
2019-09-18 11:48:27,733 [ForkJoinPool.commonPool-worker-0] INFO  ozoneimpl.OzoneContainer (OzoneContainer.java:stop(231)) - Attempting to stop container services.
2019-09-18 11:48:27,737 [main] INFO  impl.RaftServerProxy (RaftServerProxy.java:lambda$close$4(314)) - 941b1faa-5cc5-4fbd-82c3-729dc82a122f: close
2019-09-18 11:48:27,737 [ForkJoinPool.commonPool-worker-0] INFO  impl.RaftServerProxy (RaftServerProxy.java:lambda$close$4(314)) - 80b2273a-a181-40f7-a59c-f9bb72e1a4d3: close
2019-09-18 11:48:27,738 [ForkJoinPool.commonPool-worker-0] INFO  impl.RaftServerImpl (RaftServerImpl.java:lambda$shutdown$3(251)) - 80b2273a-a181-40f7-a59c-f9bb72e1a4d3@group-4B0031EC218E: shutdown
2019-09-18 11:48:27,738 [main] INFO  impl.RaftServerImpl (RaftServerImpl.java:lambda$shutdown$3(251)) - 941b1faa-5cc5-4fbd-82c3-729dc82a122f@group-24D408780B77: shutdown
2019-09-18 11:48:27,738 [ForkJoinPool.commonPool-worker-0] INFO  util.JmxRegister (JmxRegister.java:unregister(73)) - Successfully un-registered JMX Bean with object name Ratis:service=RaftServer,group=group-4B0031EC218E,id=80b2273a-a181-40f7-a59c-f9bb72e1a4d3
2019-09-18 11:48:27,739 [main] INFO  util.JmxRegister (JmxRegister.java:unregister(73)) - Successfully un-registered JMX Bean with object name Ratis:service=RaftServer,group=group-24D408780B77,id=941b1faa-5cc5-4fbd-82c3-729dc82a122f
2019-09-18 11:48:27,739 [main] INFO  impl.RoleInfo (RoleInfo.java:shutdownLeaderState(104)) - 941b1faa-5cc5-4fbd-82c3-729dc82a122f: shutdown LeaderState
2019-09-18 11:48:27,739 [ForkJoinPool.commonPool-worker-0] INFO  impl.RoleInfo (RoleInfo.java:shutdownLeaderState(104)) - 80b2273a-a181-40f7-a59c-f9bb72e1a4d3: shutdown LeaderState
2019-09-18 11:48:27,740 [main] INFO  impl.PendingRequests (PendingRequests.java:sendNotLeaderResponses(202)) - 941b1faa-5cc5-4fbd-82c3-729dc82a122f-PendingRequests: sendNotLeaderResponses
2019-09-18 11:48:27,745 [org.apache.ratis.server.impl.LogAppender$AppenderDaemon$$Lambda$539/1831427088@252ab5cc] WARN  server.GrpcLogAppender (GrpcLogAppender.java:mayWait(143)) - 80b2273a-a181-40f7-a59c-f9bb72e1a4d3@group-4B0031EC218E->43bd4a59-611b-42ac-b803-c7bc77298fb7-GrpcLogAppender: Wait interrupted by java.lang.InterruptedException
2019-09-18 11:48:27,745 [org.apache.ratis.server.impl.LogAppender$AppenderDaemon$$Lambda$539/1831427088@450adf84] WARN  server.GrpcLogAppender (GrpcLogAppender.java:mayWait(143)) - 80b2273a-a181-40f7-a59c-f9bb72e1a4d3@group-4B0031EC218E->667c917f-69b1-4d24-81e9-af1370db70ff-GrpcLogAppender: Wait interrupted by java.lang.InterruptedException
2019-09-18 11:48:27,745 [ForkJoinPool.commonPool-worker-0] INFO  impl.PendingRequests (PendingRequests.java:sendNotLeaderResponses(202)) - 80b2273a-a181-40f7-a59c-f9bb72e1a4d3-PendingRequests: sendNotLeaderResponses
2019-09-18 11:48:27,746 [main] INFO  impl.StateMachineUpdater (StateMachineUpdater.java:stopAndJoin(125)) - 941b1faa-5cc5-4fbd-82c3-729dc82a122f@group-24D408780B77-StateMachineUpdater: set stopIndex = 0
2019-09-18 11:48:27,746 [grpc-default-executor-0] INFO  server.GrpcServerProtocolService (GrpcServerProtocolService.java:onCompleted(113)) - 667c917f-69b1-4d24-81e9-af1370db70ff: Completed APPEND_ENTRIES, lastRequest: 80b2273a-a181-40f7-a59c-f9bb72e1a4d3->667c917f-69b1-4d24-81e9-af1370db70ff#6-t4, previous=(t:4, i:16), leaderCommit=16, initializing? false, entries: <empty>
2019-09-18 11:48:27,746 [ForkJoinPool.commonPool-worker-0] INFO  impl.StateMachineUpdater (StateMachineUpdater.java:stopAndJoin(125)) - 80b2273a-a181-40f7-a59c-f9bb72e1a4d3@group-4B0031EC218E-StateMachineUpdater: set stopIndex = 16
2019-09-18 11:48:27,747 [main] INFO  impl.RaftServerImpl (ServerState.java:close(385)) - 941b1faa-5cc5-4fbd-82c3-729dc82a122f@group-24D408780B77: closes. applyIndex: 0
2019-09-18 11:48:27,747 [80b2273a-a181-40f7-a59c-f9bb72e1a4d3@group-4B0031EC218E-StateMachineUpdater] INFO  ratis.ContainerStateMachine (ContainerStateMachine.java:takeSnapshot(289)) - group-4B0031EC218E: Taking a snapshot at:(t:1, i:12) file /workdir/hadoop-ozone/integration-test/target/test-dir/MiniOzoneClusterImpl-29a1df15-cd37-4e65-a38b-6e93fe944b41/datanode-1/data/ratis/0c2f8137-b3ac-45ea-bafe-4b0031ec218e/sm/snapshot.1_12
2019-09-18 11:48:27,748 [941b1faa-5cc5-4fbd-82c3-729dc82a122f@group-24D408780B77-SegmentedRaftLogWorker] INFO  segmented.SegmentedRaftLogWorker (SegmentedRaftLogWorker.java:run(313)) - 941b1faa-5cc5-4fbd-82c3-729dc82a122f@group-24D408780B77-SegmentedRaftLogWorker was interrupted, exiting. There are 0 tasks remaining in the queue.
2019-09-18 11:48:27,748 [grpc-default-executor-0] INFO  server.GrpcLogAppender (GrpcLogAppender.java:onCompleted(293)) - 80b2273a-a181-40f7-a59c-f9bb72e1a4d3@group-4B0031EC218E->667c917f-69b1-4d24-81e9-af1370db70ff-AppendLogResponseHandler: follower responses appendEntries COMPLETED
2019-09-18 11:48:27,751 [grpc-default-executor-0] INFO  impl.FollowerInfo (FollowerInfo.java:lambda$new$0(51)) - 80b2273a-a181-40f7-a59c-f9bb72e1a4d3@group-4B0031EC218E->667c917f-69b1-4d24-81e9-af1370db70ff: nextIndex: updateUnconditionally 17 -> 16
2019-09-18 11:48:27,760 [main] INFO  segmented.SegmentedRaftLogWorker (SegmentedRaftLogWorker.java:close(228)) - 941b1faa-5cc5-4fbd-82c3-729dc82a122f@group-24D408780B77-SegmentedRaftLogWorker close()
2019-09-18 11:48:27,764 [main] INFO  impl.RaftServerImpl (RaftServerImpl.java:lambda$shutdown$3(251)) - 941b1faa-5cc5-4fbd-82c3-729dc82a122f@group-092309D0A6B0: shutdown
2019-09-18 11:48:27,765 [main] INFO  util.JmxRegister (JmxRegister.java:unregister(73)) - Successfully un-registered JMX Bean with object name Ratis:service=RaftServer,group=group-092309D0A6B0,id=941b1faa-5cc5-4fbd-82c3-729dc82a122f
2019-09-18 11:48:27,765 [main] INFO  impl.RoleInfo (RoleInfo.java:shutdownFollowerState(121)) - 941b1faa-5cc5-4fbd-82c3-729dc82a122f: shutdown FollowerState
2019-09-18 11:48:27,765 [main] INFO  impl.StateMachineUpdater (StateMachineUpdater.java:stopAndJoin(125)) - 941b1faa-5cc5-4fbd-82c3-729dc82a122f@group-092309D0A6B0-StateMachineUpdater: set stopIndex = 16
2019-09-18 11:48:27,766 [Thread-3062] INFO  impl.FollowerState (FollowerState.java:run(115)) - 941b1faa-5cc5-4fbd-82c3-729dc82a122f: FollowerState was interrupted: java.lang.InterruptedException: sleep interrupted
2019-09-18 11:48:27,765 [941b1faa-5cc5-4fbd-82c3-729dc82a122f@group-092309D0A6B0-StateMachineUpdater] INFO  ratis.ContainerStateMachine (ContainerStateMachine.java:takeSnapshot(289)) - group-092309D0A6B0: Taking a snapshot at:(t:1, i:14) file /workdir/hadoop-ozone/integration-test/target/test-dir/MiniOzoneClusterImpl-29a1df15-cd37-4e65-a38b-6e93fe944b41/datanode-4/data/ratis/7fee27b4-a560-4900-8c95-092309d0a6b0/sm/snapshot.1_14
2019-09-18 11:48:28,397 [941b1faa-5cc5-4fbd-82c3-729dc82a122f@group-092309D0A6B0-StateMachineUpdater] INFO  ratis.ContainerStateMachine (ContainerStateMachine.java:takeSnapshot(300)) - group-092309D0A6B0: Finished taking a snapshot at:(t:1, i:14) file:/workdir/hadoop-ozone/integration-test/target/test-dir/MiniOzoneClusterImpl-29a1df15-cd37-4e65-a38b-6e93fe944b41/datanode-4/data/ratis/7fee27b4-a560-4900-8c95-092309d0a6b0/sm/snapshot.1_14 time:631
2019-09-18 11:48:28,397 [80b2273a-a181-40f7-a59c-f9bb72e1a4d3@group-4B0031EC218E-StateMachineUpdater] INFO  ratis.ContainerStateMachine (ContainerStateMachine.java:takeSnapshot(300)) - group-4B0031EC218E: Finished taking a snapshot at:(t:1, i:12) file:/workdir/hadoop-ozone/integration-test/target/test-dir/MiniOzoneClusterImpl-29a1df15-cd37-4e65-a38b-6e93fe944b41/datanode-1/data/ratis/0c2f8137-b3ac-45ea-bafe-4b0031ec218e/sm/snapshot.1_12 time:650
2019-09-18 11:48:28,398 [941b1faa-5cc5-4fbd-82c3-729dc82a122f@group-092309D0A6B0-StateMachineUpdater] INFO  impl.StateMachineUpdater (StateMachineUpdater.java:takeSnapshot(258)) - 941b1faa-5cc5-4fbd-82c3-729dc82a122f@group-092309D0A6B0-StateMachineUpdater: Took a snapshot at index 14
2019-09-18 11:48:28,398 [80b2273a-a181-40f7-a59c-f9bb72e1a4d3@group-4B0031EC218E-StateMachineUpdater] INFO  impl.StateMachineUpdater (StateMachineUpdater.java:takeSnapshot(258)) - 80b2273a-a181-40f7-a59c-f9bb72e1a4d3@group-4B0031EC218E-StateMachineUpdater: Took a snapshot at index 12
2019-09-18 11:48:28,398 [941b1faa-5cc5-4fbd-82c3-729dc82a122f@group-092309D0A6B0-StateMachineUpdater] INFO  impl.StateMachineUpdater (StateMachineUpdater.java:lambda$new$0(83)) - 941b1faa-5cc5-4fbd-82c3-729dc82a122f@group-092309D0A6B0-StateMachineUpdater: snapshotIndex: updateIncreasingly -1 -> 14
2019-09-18 11:48:28,398 [80b2273a-a181-40f7-a59c-f9bb72e1a4d3@group-4B0031EC218E-StateMachineUpdater] INFO  impl.StateMachineUpdater (StateMachineUpdater.java:lambda$new$0(83)) - 80b2273a-a181-40f7-a59c-f9bb72e1a4d3@group-4B0031EC218E-StateMachineUpdater: snapshotIndex: updateIncreasingly -1 -> 12
2019-09-18 11:48:28,398 [80b2273a-a181-40f7-a59c-f9bb72e1a4d3@group-4B0031EC218E-StateMachineUpdater] INFO  ratis.ContainerStateMachine (ContainerStateMachine.java:takeSnapshot(289)) - group-4B0031EC218E: Taking a snapshot at:(t:1, i:12) file /workdir/hadoop-ozone/integration-test/target/test-dir/MiniOzoneClusterImpl-29a1df15-cd37-4e65-a38b-6e93fe944b41/datanode-1/data/ratis/0c2f8137-b3ac-45ea-bafe-4b0031ec218e/sm/snapshot.1_12
2019-09-18 11:48:28,398 [941b1faa-5cc5-4fbd-82c3-729dc82a122f@group-092309D0A6B0-StateMachineUpdater] INFO  ratis.ContainerStateMachine (ContainerStateMachine.java:takeSnapshot(289)) - group-092309D0A6B0: Taking a snapshot at:(t:1, i:14) file /workdir/hadoop-ozone/integration-test/target/test-dir/MiniOzoneClusterImpl-29a1df15-cd37-4e65-a38b-6e93fe944b41/datanode-4/data/ratis/7fee27b4-a560-4900-8c95-092309d0a6b0/sm/snapshot.1_14
2019-09-18 11:48:28,411 [80b2273a-a181-40f7-a59c-f9bb72e1a4d3@group-4B0031EC218E-StateMachineUpdater] INFO  ratis.ContainerStateMachine (ContainerStateMachine.java:takeSnapshot(300)) - group-4B0031EC218E: Finished taking a snapshot at:(t:1, i:12) file:/workdir/hadoop-ozone/integration-test/target/test-dir/MiniOzoneClusterImpl-29a1df15-cd37-4e65-a38b-6e93fe944b41/datanode-1/data/ratis/0c2f8137-b3ac-45ea-bafe-4b0031ec218e/sm/snapshot.1_12 time:13
2019-09-18 11:48:28,411 [941b1faa-5cc5-4fbd-82c3-729dc82a122f@group-092309D0A6B0-StateMachineUpdater] INFO  ratis.ContainerStateMachine (ContainerStateMachine.java:takeSnapshot(300)) - group-092309D0A6B0: Finished taking a snapshot at:(t:1, i:14) file:/workdir/hadoop-ozone/integration-test/target/test-dir/MiniOzoneClusterImpl-29a1df15-cd37-4e65-a38b-6e93fe944b41/datanode-4/data/ratis/7fee27b4-a560-4900-8c95-092309d0a6b0/sm/snapshot.1_14 time:13
2019-09-18 11:48:28,411 [80b2273a-a181-40f7-a59c-f9bb72e1a4d3@group-4B0031EC218E-StateMachineUpdater] INFO  impl.StateMachineUpdater (StateMachineUpdater.java:takeSnapshot(258)) - 80b2273a-a181-40f7-a59c-f9bb72e1a4d3@group-4B0031EC218E-StateMachineUpdater: Took a snapshot at index 12
2019-09-18 11:48:28,412 [941b1faa-5cc5-4fbd-82c3-729dc82a122f@group-092309D0A6B0-StateMachineUpdater] INFO  impl.StateMachineUpdater (StateMachineUpdater.java:takeSnapshot(258)) - 941b1faa-5cc5-4fbd-82c3-729dc82a122f@group-092309D0A6B0-StateMachineUpdater: Took a snapshot at index 14
2019-09-18 11:48:28,412 [80b2273a-a181-40f7-a59c-f9bb72e1a4d3@group-4B0031EC218E-StateMachineUpdater] INFO  impl.StateMachineUpdater (StateMachineUpdater.java:lambda$new$0(83)) - 80b2273a-a181-40f7-a59c-f9bb72e1a4d3@group-4B0031EC218E-StateMachineUpdater: snapshotIndex: updateIncreasingly 12 -> 12
2019-09-18 11:48:28,412 [941b1faa-5cc5-4fbd-82c3-729dc82a122f@group-092309D0A6B0-StateMachineUpdater] INFO  impl.StateMachineUpdater (StateMachineUpdater.java:lambda$new$0(83)) - 941b1faa-5cc5-4fbd-82c3-729dc82a122f@group-092309D0A6B0-StateMachineUpdater: snapshotIndex: updateIncreasingly 14 -> 14
2019-09-18 11:48:28,412 [ForkJoinPool.commonPool-worker-0] INFO  impl.RaftServerImpl (ServerState.java:close(385)) - 80b2273a-a181-40f7-a59c-f9bb72e1a4d3@group-4B0031EC218E: closes. applyIndex: 16
2019-09-18 11:48:28,412 [main] INFO  impl.RaftServerImpl (ServerState.java:close(385)) - 941b1faa-5cc5-4fbd-82c3-729dc82a122f@group-092309D0A6B0: closes. applyIndex: 16
2019-09-18 11:48:28,413 [80b2273a-a181-40f7-a59c-f9bb72e1a4d3@group-4B0031EC218E-SegmentedRaftLogWorker] INFO  segmented.SegmentedRaftLogWorker (SegmentedRaftLogWorker.java:run(313)) - 80b2273a-a181-40f7-a59c-f9bb72e1a4d3@group-4B0031EC218E-SegmentedRaftLogWorker was interrupted, exiting. There are 0 tasks remaining in the queue.
2019-09-18 11:48:28,413 [941b1faa-5cc5-4fbd-82c3-729dc82a122f@group-092309D0A6B0-SegmentedRaftLogWorker] INFO  segmented.SegmentedRaftLogWorker (SegmentedRaftLogWorker.java:run(313)) - 941b1faa-5cc5-4fbd-82c3-729dc82a122f@group-092309D0A6B0-SegmentedRaftLogWorker was interrupted, exiting. There are 0 tasks remaining in the queue.
2019-09-18 11:48:28,420 [ForkJoinPool.commonPool-worker-0] INFO  segmented.SegmentedRaftLogWorker (SegmentedRaftLogWorker.java:close(228)) - 80b2273a-a181-40f7-a59c-f9bb72e1a4d3@group-4B0031EC218E-SegmentedRaftLogWorker close()
2019-09-18 11:48:28,422 [main] INFO  segmented.SegmentedRaftLogWorker (SegmentedRaftLogWorker.java:close(228)) - 941b1faa-5cc5-4fbd-82c3-729dc82a122f@group-092309D0A6B0-SegmentedRaftLogWorker close()
2019-09-18 11:48:28,425 [ForkJoinPool.commonPool-worker-0] INFO  impl.RaftServerImpl (RaftServerImpl.java:lambda$shutdown$3(251)) - 80b2273a-a181-40f7-a59c-f9bb72e1a4d3@group-2636724CF928: shutdown
2019-09-18 11:48:28,428 [main] INFO  server.GrpcService (GrpcService.java:closeImpl(164)) - 941b1faa-5cc5-4fbd-82c3-729dc82a122f: shutdown server with port 45475 now
2019-09-18 11:48:28,428 [ForkJoinPool.commonPool-worker-0] INFO  util.JmxRegister (JmxRegister.java:unregister(73)) - Successfully un-registered JMX Bean with object name Ratis:service=RaftServer,group=group-2636724CF928,id=80b2273a-a181-40f7-a59c-f9bb72e1a4d3
2019-09-18 11:48:28,429 [ForkJoinPool.commonPool-worker-0] INFO  impl.RoleInfo (RoleInfo.java:shutdownLeaderState(104)) - 80b2273a-a181-40f7-a59c-f9bb72e1a4d3: shutdown LeaderState
2019-09-18 11:48:28,429 [ForkJoinPool.commonPool-worker-0] INFO  impl.PendingRequests (PendingRequests.java:sendNotLeaderResponses(202)) - 80b2273a-a181-40f7-a59c-f9bb72e1a4d3-PendingRequests: sendNotLeaderResponses
2019-09-18 11:48:28,430 [main] INFO  server.GrpcService (GrpcService.java:closeImpl(172)) - 941b1faa-5cc5-4fbd-82c3-729dc82a122f: shutdown server with port 45475 successfully
2019-09-18 11:48:28,430 [grpc-default-executor-0] WARN  server.GrpcLogAppender (LogUtils.java:warn(134)) - aca8c137-275c-4bd4-a93f-b0c09a946b6e@group-092309D0A6B0->941b1faa-5cc5-4fbd-82c3-729dc82a122f-AppendLogResponseHandler: Failed appendEntries: org.apache.ratis.thirdparty.io.grpc.StatusRuntimeException: CANCELLED: HTTP/2 error code: CANCEL
Received Rst Stream
2019-09-18 11:48:28,430 [grpc-default-executor-10] WARN  server.GrpcServerProtocolService (LogUtils.java:warn(134)) - 941b1faa-5cc5-4fbd-82c3-729dc82a122f: installSnapshot onError, lastRequest: aca8c137-275c-4bd4-a93f-b0c09a946b6e->941b1faa-5cc5-4fbd-82c3-729dc82a122f#30-t1, previous=(t:1, i:16), leaderCommit=16, initializing? false, entries: <empty>: org.apache.ratis.thirdparty.io.grpc.StatusRuntimeException: CANCELLED: cancelled before receiving half close
2019-09-18 11:48:28,431 [grpc-default-executor-0] INFO  impl.FollowerInfo (FollowerInfo.java:lambda$new$0(51)) - aca8c137-275c-4bd4-a93f-b0c09a946b6e@group-092309D0A6B0->941b1faa-5cc5-4fbd-82c3-729dc82a122f: nextIndex: updateUnconditionally 17 -> 16
2019-09-18 11:48:28,430 [ForkJoinPool.commonPool-worker-0] INFO  impl.StateMachineUpdater (StateMachineUpdater.java:stopAndJoin(125)) - 80b2273a-a181-40f7-a59c-f9bb72e1a4d3@group-2636724CF928-StateMachineUpdater: set stopIndex = 0
2019-09-18 11:48:28,431 [ForkJoinPool.commonPool-worker-0] INFO  impl.RaftServerImpl (ServerState.java:close(385)) - 80b2273a-a181-40f7-a59c-f9bb72e1a4d3@group-2636724CF928: closes. applyIndex: 0
2019-09-18 11:48:28,432 [80b2273a-a181-40f7-a59c-f9bb72e1a4d3@group-2636724CF928-SegmentedRaftLogWorker] INFO  segmented.SegmentedRaftLogWorker (SegmentedRaftLogWorker.java:run(313)) - 80b2273a-a181-40f7-a59c-f9bb72e1a4d3@group-2636724CF928-SegmentedRaftLogWorker was interrupted, exiting. There are 0 tasks remaining in the queue.
2019-09-18 11:48:28,435 [ForkJoinPool.commonPool-worker-0] INFO  segmented.SegmentedRaftLogWorker (SegmentedRaftLogWorker.java:close(228)) - 80b2273a-a181-40f7-a59c-f9bb72e1a4d3@group-2636724CF928-SegmentedRaftLogWorker close()
2019-09-18 11:48:28,440 [ForkJoinPool.commonPool-worker-0] INFO  server.GrpcService (GrpcService.java:closeImpl(164)) - 80b2273a-a181-40f7-a59c-f9bb72e1a4d3: shutdown server with port 43451 now
2019-09-18 11:48:28,441 [refreshUsed-/workdir/hadoop-ozone/integration-test/target/test-dir/MiniOzoneClusterImpl-29a1df15-cd37-4e65-a38b-6e93fe944b41/datanode-4/data/containers] WARN  fs.CachingGetSpaceUsed (CachingGetSpaceUsed.java:run(183)) - Thread Interrupted waiting to refresh disk information: sleep interrupted
2019-09-18 11:48:28,441 [ForkJoinPool.commonPool-worker-0] INFO  server.GrpcService (GrpcService.java:closeImpl(172)) - 80b2273a-a181-40f7-a59c-f9bb72e1a4d3: shutdown server with port 43451 successfully
2019-09-18 11:48:28,445 [refreshUsed-/workdir/hadoop-ozone/integration-test/target/test-dir/MiniOzoneClusterImpl-29a1df15-cd37-4e65-a38b-6e93fe944b41/datanode-1/data/containers] WARN  fs.CachingGetSpaceUsed (CachingGetSpaceUsed.java:run(183)) - Thread Interrupted waiting to refresh disk information: sleep interrupted
2019-09-18 11:48:28,462 [ForkJoinPool.commonPool-worker-0] INFO  utils.BackgroundService (BackgroundService.java:shutdown(148)) - Shutting down service BlockDeletingService
2019-09-18 11:48:28,462 [main] INFO  utils.BackgroundService (BackgroundService.java:shutdown(148)) - Shutting down service BlockDeletingService
2019-09-18 11:48:28,467 [ForkJoinPool.commonPool-worker-0] INFO  statemachine.DatanodeStateMachine (DatanodeStateMachine.java:stopDaemon(395)) - Ozone container server stopped.
2019-09-18 11:48:28,467 [main] INFO  statemachine.DatanodeStateMachine (DatanodeStateMachine.java:stopDaemon(395)) - Ozone container server stopped.
2019-09-18 11:48:28,474 [ForkJoinPool.commonPool-worker-0] INFO  handler.ContextHandler (ContextHandler.java:doStop(910)) - Stopped o.e.j.w.WebAppContext@13278a41{/,null,UNAVAILABLE}{/hddsDatanode}
2019-09-18 11:48:28,474 [main] INFO  handler.ContextHandler (ContextHandler.java:doStop(910)) - Stopped o.e.j.w.WebAppContext@73a845cb{/,null,UNAVAILABLE}{/hddsDatanode}
2019-09-18 11:48:28,474 [ForkJoinPool.commonPool-worker-0] INFO  server.AbstractConnector (AbstractConnector.java:doStop(318)) - Stopped ServerConnector@4a31ed12{HTTP/1.1,[http/1.1]}{0.0.0.0:0}
2019-09-18 11:48:28,474 [main] INFO  server.AbstractConnector (AbstractConnector.java:doStop(318)) - Stopped ServerConnector@18a98913{HTTP/1.1,[http/1.1]}{0.0.0.0:0}
2019-09-18 11:48:28,476 [ForkJoinPool.commonPool-worker-0] INFO  handler.ContextHandler (ContextHandler.java:doStop(910)) - Stopped o.e.j.s.ServletContextHandler@6650a6c{/static,jar:file:/home/user/.m2/repository/org/apache/hadoop/hadoop-hdds-container-service/0.5.0-SNAPSHOT/hadoop-hdds-container-service-0.5.0-SNAPSHOT.jar!/webapps/static,UNAVAILABLE}
2019-09-18 11:48:28,476 [main] INFO  handler.ContextHandler (ContextHandler.java:doStop(910)) - Stopped o.e.j.s.ServletContextHandler@7f0766ef{/static,jar:file:/home/user/.m2/repository/org/apache/hadoop/hadoop-hdds-container-service/0.5.0-SNAPSHOT/hadoop-hdds-container-service-0.5.0-SNAPSHOT.jar!/webapps/static,UNAVAILABLE}
2019-09-18 11:48:28,478 [ForkJoinPool.commonPool-worker-0] INFO  handler.ContextHandler (ContextHandler.java:doStop(910)) - Stopped o.e.j.s.ServletContextHandler@3009eed7{/logs,file:///workdir/hadoop-ozone/integration-test/target/log,UNAVAILABLE}
2019-09-18 11:48:28,478 [main] INFO  handler.ContextHandler (ContextHandler.java:doStop(910)) - Stopped o.e.j.s.ServletContextHandler@251a90ce{/logs,file:///workdir/hadoop-ozone/integration-test/target/log,UNAVAILABLE}
2019-09-18 11:48:28,833 [Datanode State Machine Thread - 0] INFO  statemachine.DatanodeStateMachine (DatanodeStateMachine.java:lambda$startDaemon$0(350)) - Ozone container server started.
2019-09-18 11:48:28,833 [Datanode State Machine Thread - 0] INFO  statemachine.DatanodeStateMachine (DatanodeStateMachine.java:lambda$startDaemon$0(350)) - Ozone container server started.
2019-09-18 11:48:30,197 [grpc-default-executor-12] WARN  server.GrpcLogAppender (LogUtils.java:warn(134)) - aca8c137-275c-4bd4-a93f-b0c09a946b6e@group-092309D0A6B0->941b1faa-5cc5-4fbd-82c3-729dc82a122f-AppendLogResponseHandler: Failed appendEntries: org.apache.ratis.thirdparty.io.grpc.StatusRuntimeException: UNAVAILABLE: io exception
2019-09-18 11:48:30,198 [grpc-default-executor-12] INFO  impl.FollowerInfo (FollowerInfo.java:lambda$new$0(51)) - aca8c137-275c-4bd4-a93f-b0c09a946b6e@group-092309D0A6B0->941b1faa-5cc5-4fbd-82c3-729dc82a122f: nextIndex: updateUnconditionally 16 -> 15
2019-09-18 11:48:32,180 [Thread-3213] INFO  impl.FollowerState (FollowerState.java:run(106)) - 667c917f-69b1-4d24-81e9-af1370db70ff:group-4B0031EC218E changes to CANDIDATE, lastRpcTime:5162, electionTimeout:5105ms
2019-09-18 11:48:32,181 [Thread-3213] INFO  impl.RoleInfo (RoleInfo.java:shutdownFollowerState(121)) - 667c917f-69b1-4d24-81e9-af1370db70ff: shutdown FollowerState
2019-09-18 11:48:32,181 [Thread-3213] INFO  impl.RaftServerImpl (RaftServerImpl.java:setRole(174)) - 667c917f-69b1-4d24-81e9-af1370db70ff@group-4B0031EC218E: changes role from  FOLLOWER to CANDIDATE at term 4 for changeToCandidate
2019-09-18 11:48:32,182 [Thread-3213] INFO  impl.RoleInfo (RoleInfo.java:updateAndGet(143)) - 667c917f-69b1-4d24-81e9-af1370db70ff: start LeaderElection
2019-09-18 11:48:32,182 [667c917f-69b1-4d24-81e9-af1370db70ff@group-4B0031EC218E:LeaderElection83] INFO  impl.RaftServerImpl (ServerState.java:setLeader(253)) - 667c917f-69b1-4d24-81e9-af1370db70ff@group-4B0031EC218E: change Leader from 80b2273a-a181-40f7-a59c-f9bb72e1a4d3 to null at term 4 for initElection
2019-09-18 11:48:32,193 [667c917f-69b1-4d24-81e9-af1370db70ff@group-4B0031EC218E:LeaderElection83] INFO  impl.LeaderElection (LeaderElection.java:askForVotes(182)) - 667c917f-69b1-4d24-81e9-af1370db70ff@group-4B0031EC218E:LeaderElection83: begin an election at term 5 for 15: [43bd4a59-611b-42ac-b803-c7bc77298fb7:192.168.157.254:40697, 667c917f-69b1-4d24-81e9-af1370db70ff:192.168.157.254:42838, 80b2273a-a181-40f7-a59c-f9bb72e1a4d3:192.168.157.254:43451], old=null
2019-09-18 11:48:32,196 [667c917f-69b1-4d24-81e9-af1370db70ff@group-4B0031EC218E:LeaderElection83] INFO  impl.LeaderElection (LogUtils.java:infoOrTrace(149)) - 667c917f-69b1-4d24-81e9-af1370db70ff@group-4B0031EC218E:LeaderElection83 got exception when requesting votes: {}
java.util.concurrent.ExecutionException: org.apache.ratis.thirdparty.io.grpc.StatusRuntimeException: UNAVAILABLE: io exception
	at java.util.concurrent.FutureTask.report(FutureTask.java:122)
	at java.util.concurrent.FutureTask.get(FutureTask.java:192)
	at org.apache.ratis.server.impl.LeaderElection.waitForResults(LeaderElection.java:263)
	at org.apache.ratis.server.impl.LeaderElection.askForVotes(LeaderElection.java:201)
	at org.apache.ratis.server.impl.LeaderElection.run(LeaderElection.java:133)
	at java.lang.Thread.run(Thread.java:748)
Caused by: org.apache.ratis.thirdparty.io.grpc.StatusRuntimeException: UNAVAILABLE: io exception
	at org.apache.ratis.thirdparty.io.grpc.stub.ClientCalls.toStatusRuntimeException(ClientCalls.java:233)
	at org.apache.ratis.thirdparty.io.grpc.stub.ClientCalls.getUnchecked(ClientCalls.java:214)
	at org.apache.ratis.thirdparty.io.grpc.stub.ClientCalls.blockingUnaryCall(ClientCalls.java:139)
	at org.apache.ratis.proto.grpc.RaftServerProtocolServiceGrpc$RaftServerProtocolServiceBlockingStub.requestVote(RaftServerProtocolServiceGrpc.java:265)
	at org.apache.ratis.grpc.server.GrpcServerProtocolClient.requestVote(GrpcServerProtocolClient.java:90)
	at org.apache.ratis.grpc.server.GrpcService.requestVote(GrpcService.java:204)
	at org.apache.ratis.server.impl.LeaderElection.lambda$submitRequests$1(LeaderElection.java:238)
	at java.util.concurrent.FutureTask.run(FutureTask.java:266)
	at java.util.concurrent.Executors$RunnableAdapter.call(Executors.java:511)
	at java.util.concurrent.FutureTask.run(FutureTask.java:266)
	at java.util.concurrent.ThreadPoolExecutor.runWorker(ThreadPoolExecutor.java:1149)
	at java.util.concurrent.ThreadPoolExecutor$Worker.run(ThreadPoolExecutor.java:624)
	... 1 more
Caused by: org.apache.ratis.thirdparty.io.netty.channel.AbstractChannel$AnnotatedConnectException: Connection refused: /192.168.157.254:40697
	at sun.nio.ch.SocketChannelImpl.checkConnect(Native Method)
	at sun.nio.ch.SocketChannelImpl.finishConnect(SocketChannelImpl.java:717)
	at org.apache.ratis.thirdparty.io.netty.channel.socket.nio.NioSocketChannel.doFinishConnect(NioSocketChannel.java:327)
	at org.apache.ratis.thirdparty.io.netty.channel.nio.AbstractNioChannel$AbstractNioUnsafe.finishConnect(AbstractNioChannel.java:340)
	at org.apache.ratis.thirdparty.io.netty.channel.nio.NioEventLoop.processSelectedKey(NioEventLoop.java:632)
	at org.apache.ratis.thirdparty.io.netty.channel.nio.NioEventLoop.processSelectedKeysOptimized(NioEventLoop.java:579)
	at org.apache.ratis.thirdparty.io.netty.channel.nio.NioEventLoop.processSelectedKeys(NioEventLoop.java:496)
	at org.apache.ratis.thirdparty.io.netty.channel.nio.NioEventLoop.run(NioEventLoop.java:458)
	at org.apache.ratis.thirdparty.io.netty.util.concurrent.SingleThreadEventExecutor$5.run(SingleThreadEventExecutor.java:897)
	at org.apache.ratis.thirdparty.io.netty.util.concurrent.FastThreadLocalRunnable.run(FastThreadLocalRunnable.java:30)
	... 1 more
Caused by: java.net.ConnectException: Connection refused
	... 11 more
2019-09-18 11:48:32,200 [667c917f-69b1-4d24-81e9-af1370db70ff@group-4B0031EC218E:LeaderElection83] INFO  impl.LeaderElection (LogUtils.java:infoOrTrace(149)) - 667c917f-69b1-4d24-81e9-af1370db70ff@group-4B0031EC218E:LeaderElection83 got exception when requesting votes: {}
java.util.concurrent.ExecutionException: org.apache.ratis.thirdparty.io.grpc.StatusRuntimeException: UNAVAILABLE: io exception
	at java.util.concurrent.FutureTask.report(FutureTask.java:122)
	at java.util.concurrent.FutureTask.get(FutureTask.java:192)
	at org.apache.ratis.server.impl.LeaderElection.waitForResults(LeaderElection.java:263)
	at org.apache.ratis.server.impl.LeaderElection.askForVotes(LeaderElection.java:201)
	at org.apache.ratis.server.impl.LeaderElection.run(LeaderElection.java:133)
	at java.lang.Thread.run(Thread.java:748)
Caused by: org.apache.ratis.thirdparty.io.grpc.StatusRuntimeException: UNAVAILABLE: io exception
	at org.apache.ratis.thirdparty.io.grpc.stub.ClientCalls.toStatusRuntimeException(ClientCalls.java:233)
	at org.apache.ratis.thirdparty.io.grpc.stub.ClientCalls.getUnchecked(ClientCalls.java:214)
	at org.apache.ratis.thirdparty.io.grpc.stub.ClientCalls.blockingUnaryCall(ClientCalls.java:139)
	at org.apache.ratis.proto.grpc.RaftServerProtocolServiceGrpc$RaftServerProtocolServiceBlockingStub.requestVote(RaftServerProtocolServiceGrpc.java:265)
	at org.apache.ratis.grpc.server.GrpcServerProtocolClient.requestVote(GrpcServerProtocolClient.java:90)
	at org.apache.ratis.grpc.server.GrpcService.requestVote(GrpcService.java:204)
	at org.apache.ratis.server.impl.LeaderElection.lambda$submitRequests$1(LeaderElection.java:238)
	at java.util.concurrent.FutureTask.run(FutureTask.java:266)
	at java.util.concurrent.Executors$RunnableAdapter.call(Executors.java:511)
	at java.util.concurrent.FutureTask.run(FutureTask.java:266)
	at java.util.concurrent.ThreadPoolExecutor.runWorker(ThreadPoolExecutor.java:1149)
	at java.util.concurrent.ThreadPoolExecutor$Worker.run(ThreadPoolExecutor.java:624)
	... 1 more
Caused by: org.apache.ratis.thirdparty.io.netty.channel.AbstractChannel$AnnotatedConnectException: Connection refused: /192.168.157.254:43451
	at sun.nio.ch.SocketChannelImpl.checkConnect(Native Method)
	at sun.nio.ch.SocketChannelImpl.finishConnect(SocketChannelImpl.java:717)
	at org.apache.ratis.thirdparty.io.netty.channel.socket.nio.NioSocketChannel.doFinishConnect(NioSocketChannel.java:327)
	at org.apache.ratis.thirdparty.io.netty.channel.nio.AbstractNioChannel$AbstractNioUnsafe.finishConnect(AbstractNioChannel.java:340)
	at org.apache.ratis.thirdparty.io.netty.channel.nio.NioEventLoop.processSelectedKey(NioEventLoop.java:632)
	at org.apache.ratis.thirdparty.io.netty.channel.nio.NioEventLoop.processSelectedKeysOptimized(NioEventLoop.java:579)
	at org.apache.ratis.thirdparty.io.netty.channel.nio.NioEventLoop.processSelectedKeys(NioEventLoop.java:496)
	at org.apache.ratis.thirdparty.io.netty.channel.nio.NioEventLoop.run(NioEventLoop.java:458)
	at org.apache.ratis.thirdparty.io.netty.util.concurrent.SingleThreadEventExecutor$5.run(SingleThreadEventExecutor.java:897)
	at org.apache.ratis.thirdparty.io.netty.util.concurrent.FastThreadLocalRunnable.run(FastThreadLocalRunnable.java:30)
	... 1 more
Caused by: java.net.ConnectException: Connection refused
	... 11 more
2019-09-18 11:48:32,203 [667c917f-69b1-4d24-81e9-af1370db70ff@group-4B0031EC218E:LeaderElection83] INFO  impl.LeaderElection (LeaderElection.java:logAndReturn(56)) - 667c917f-69b1-4d24-81e9-af1370db70ff@group-4B0031EC218E:LeaderElection83: Election REJECTED; received 0 response(s) [] and 2 exception(s); 667c917f-69b1-4d24-81e9-af1370db70ff@group-4B0031EC218E:t5, leader=null, voted=667c917f-69b1-4d24-81e9-af1370db70ff, raftlog=667c917f-69b1-4d24-81e9-af1370db70ff@group-4B0031EC218E-SegmentedRaftLog:OPENED:c16,f16,i16, conf=15: [43bd4a59-611b-42ac-b803-c7bc77298fb7:192.168.157.254:40697, 667c917f-69b1-4d24-81e9-af1370db70ff:192.168.157.254:42838, 80b2273a-a181-40f7-a59c-f9bb72e1a4d3:192.168.157.254:43451], old=null
2019-09-18 11:48:32,203 [667c917f-69b1-4d24-81e9-af1370db70ff@group-4B0031EC218E:LeaderElection83] INFO  impl.LeaderElection (LogUtils.java:infoOrTrace(149)) -   Exception 0: {}
java.util.concurrent.ExecutionException: org.apache.ratis.thirdparty.io.grpc.StatusRuntimeException: UNAVAILABLE: io exception
	at java.util.concurrent.FutureTask.report(FutureTask.java:122)
	at java.util.concurrent.FutureTask.get(FutureTask.java:192)
	at org.apache.ratis.server.impl.LeaderElection.waitForResults(LeaderElection.java:263)
	at org.apache.ratis.server.impl.LeaderElection.askForVotes(LeaderElection.java:201)
	at org.apache.ratis.server.impl.LeaderElection.run(LeaderElection.java:133)
	at java.lang.Thread.run(Thread.java:748)
Caused by: org.apache.ratis.thirdparty.io.grpc.StatusRuntimeException: UNAVAILABLE: io exception
	at org.apache.ratis.thirdparty.io.grpc.stub.ClientCalls.toStatusRuntimeException(ClientCalls.java:233)
	at org.apache.ratis.thirdparty.io.grpc.stub.ClientCalls.getUnchecked(ClientCalls.java:214)
	at org.apache.ratis.thirdparty.io.grpc.stub.ClientCalls.blockingUnaryCall(ClientCalls.java:139)
	at org.apache.ratis.proto.grpc.RaftServerProtocolServiceGrpc$RaftServerProtocolServiceBlockingStub.requestVote(RaftServerProtocolServiceGrpc.java:265)
	at org.apache.ratis.grpc.server.GrpcServerProtocolClient.requestVote(GrpcServerProtocolClient.java:90)
	at org.apache.ratis.grpc.server.GrpcService.requestVote(GrpcService.java:204)
	at org.apache.ratis.server.impl.LeaderElection.lambda$submitRequests$1(LeaderElection.java:238)
	at java.util.concurrent.FutureTask.run(FutureTask.java:266)
	at java.util.concurrent.Executors$RunnableAdapter.call(Executors.java:511)
	at java.util.concurrent.FutureTask.run(FutureTask.java:266)
	at java.util.concurrent.ThreadPoolExecutor.runWorker(ThreadPoolExecutor.java:1149)
	at java.util.concurrent.ThreadPoolExecutor$Worker.run(ThreadPoolExecutor.java:624)
	... 1 more
Caused by: org.apache.ratis.thirdparty.io.netty.channel.AbstractChannel$AnnotatedConnectException: Connection refused: /192.168.157.254:40697
	at sun.nio.ch.SocketChannelImpl.checkConnect(Native Method)
	at sun.nio.ch.SocketChannelImpl.finishConnect(SocketChannelImpl.java:717)
	at org.apache.ratis.thirdparty.io.netty.channel.socket.nio.NioSocketChannel.doFinishConnect(NioSocketChannel.java:327)
	at org.apache.ratis.thirdparty.io.netty.channel.nio.AbstractNioChannel$AbstractNioUnsafe.finishConnect(AbstractNioChannel.java:340)
	at org.apache.ratis.thirdparty.io.netty.channel.nio.NioEventLoop.processSelectedKey(NioEventLoop.java:632)
	at org.apache.ratis.thirdparty.io.netty.channel.nio.NioEventLoop.processSelectedKeysOptimized(NioEventLoop.java:579)
	at org.apache.ratis.thirdparty.io.netty.channel.nio.NioEventLoop.processSelectedKeys(NioEventLoop.java:496)
	at org.apache.ratis.thirdparty.io.netty.channel.nio.NioEventLoop.run(NioEventLoop.java:458)
	at org.apache.ratis.thirdparty.io.netty.util.concurrent.SingleThreadEventExecutor$5.run(SingleThreadEventExecutor.java:897)
	at org.apache.ratis.thirdparty.io.netty.util.concurrent.FastThreadLocalRunnable.run(FastThreadLocalRunnable.java:30)
	... 1 more
Caused by: java.net.ConnectException: Connection refused
	... 11 more
2019-09-18 11:48:32,204 [667c917f-69b1-4d24-81e9-af1370db70ff@group-4B0031EC218E:LeaderElection83] INFO  impl.LeaderElection (LogUtils.java:infoOrTrace(149)) -   Exception 1: {}
java.util.concurrent.ExecutionException: org.apache.ratis.thirdparty.io.grpc.StatusRuntimeException: UNAVAILABLE: io exception
	at java.util.concurrent.FutureTask.report(FutureTask.java:122)
	at java.util.concurrent.FutureTask.get(FutureTask.java:192)
	at org.apache.ratis.server.impl.LeaderElection.waitForResults(LeaderElection.java:263)
	at org.apache.ratis.server.impl.LeaderElection.askForVotes(LeaderElection.java:201)
	at org.apache.ratis.server.impl.LeaderElection.run(LeaderElection.java:133)
	at java.lang.Thread.run(Thread.java:748)
Caused by: org.apache.ratis.thirdparty.io.grpc.StatusRuntimeException: UNAVAILABLE: io exception
	at org.apache.ratis.thirdparty.io.grpc.stub.ClientCalls.toStatusRuntimeException(ClientCalls.java:233)
	at org.apache.ratis.thirdparty.io.grpc.stub.ClientCalls.getUnchecked(ClientCalls.java:214)
	at org.apache.ratis.thirdparty.io.grpc.stub.ClientCalls.blockingUnaryCall(ClientCalls.java:139)
	at org.apache.ratis.proto.grpc.RaftServerProtocolServiceGrpc$RaftServerProtocolServiceBlockingStub.requestVote(RaftServerProtocolServiceGrpc.java:265)
	at org.apache.ratis.grpc.server.GrpcServerProtocolClient.requestVote(GrpcServerProtocolClient.java:90)
	at org.apache.ratis.grpc.server.GrpcService.requestVote(GrpcService.java:204)
	at org.apache.ratis.server.impl.LeaderElection.lambda$submitRequests$1(LeaderElection.java:238)
	at java.util.concurrent.FutureTask.run(FutureTask.java:266)
	at java.util.concurrent.Executors$RunnableAdapter.call(Executors.java:511)
	at java.util.concurrent.FutureTask.run(FutureTask.java:266)
	at java.util.concurrent.ThreadPoolExecutor.runWorker(ThreadPoolExecutor.java:1149)
	at java.util.concurrent.ThreadPoolExecutor$Worker.run(ThreadPoolExecutor.java:624)
	... 1 more
Caused by: org.apache.ratis.thirdparty.io.netty.channel.AbstractChannel$AnnotatedConnectException: Connection refused: /192.168.157.254:43451
	at sun.nio.ch.SocketChannelImpl.checkConnect(Native Method)
	at sun.nio.ch.SocketChannelImpl.finishConnect(SocketChannelImpl.java:717)
	at org.apache.ratis.thirdparty.io.netty.channel.socket.nio.NioSocketChannel.doFinishConnect(NioSocketChannel.java:327)
	at org.apache.ratis.thirdparty.io.netty.channel.nio.AbstractNioChannel$AbstractNioUnsafe.finishConnect(AbstractNioChannel.java:340)
	at org.apache.ratis.thirdparty.io.netty.channel.nio.NioEventLoop.processSelectedKey(NioEventLoop.java:632)
	at org.apache.ratis.thirdparty.io.netty.channel.nio.NioEventLoop.processSelectedKeysOptimized(NioEventLoop.java:579)
	at org.apache.ratis.thirdparty.io.netty.channel.nio.NioEventLoop.processSelectedKeys(NioEventLoop.java:496)
	at org.apache.ratis.thirdparty.io.netty.channel.nio.NioEventLoop.run(NioEventLoop.java:458)
	at org.apache.ratis.thirdparty.io.netty.util.concurrent.SingleThreadEventExecutor$5.run(SingleThreadEventExecutor.java:897)
	at org.apache.ratis.thirdparty.io.netty.util.concurrent.FastThreadLocalRunnable.run(FastThreadLocalRunnable.java:30)
	... 1 more
Caused by: java.net.ConnectException: Connection refused
	... 11 more
2019-09-18 11:48:32,204 [667c917f-69b1-4d24-81e9-af1370db70ff@group-4B0031EC218E:LeaderElection83] INFO  impl.RaftServerImpl (RaftServerImpl.java:setRole(174)) - 667c917f-69b1-4d24-81e9-af1370db70ff@group-4B0031EC218E: changes role from CANDIDATE to FOLLOWER at term 5 for DISCOVERED_A_NEW_TERM
2019-09-18 11:48:32,204 [667c917f-69b1-4d24-81e9-af1370db70ff@group-4B0031EC218E:LeaderElection83] INFO  impl.RoleInfo (RoleInfo.java:shutdownLeaderElection(134)) - 667c917f-69b1-4d24-81e9-af1370db70ff: shutdown LeaderElection
2019-09-18 11:48:32,205 [667c917f-69b1-4d24-81e9-af1370db70ff@group-4B0031EC218E:LeaderElection83] INFO  impl.RoleInfo (RoleInfo.java:updateAndGet(143)) - 667c917f-69b1-4d24-81e9-af1370db70ff: start FollowerState
2019-09-18 11:48:32,698 [grpc-default-executor-0] WARN  server.GrpcLogAppender (LogUtils.java:warn(134)) - aca8c137-275c-4bd4-a93f-b0c09a946b6e@group-092309D0A6B0->941b1faa-5cc5-4fbd-82c3-729dc82a122f-AppendLogResponseHandler: Failed appendEntries: org.apache.ratis.thirdparty.io.grpc.StatusRuntimeException: UNAVAILABLE: io exception
2019-09-18 11:48:32,701 [grpc-default-executor-0] INFO  impl.FollowerInfo (FollowerInfo.java:lambda$new$0(51)) - aca8c137-275c-4bd4-a93f-b0c09a946b6e@group-092309D0A6B0->941b1faa-5cc5-4fbd-82c3-729dc82a122f: nextIndex: updateUnconditionally 15 -> 14
2019-09-18 11:48:32,854 [EventQueue-StaleNodeForStaleNodeHandler] INFO  node.StaleNodeHandler (StaleNodeHandler.java:onMessage(58)) - Datanode f9eae954-5f21-43ae-88df-c06e8fdb763a{ip: 192.168.157.254, host: pr-hdds-2143-zjsjg-1178913, networkLocation: /default-rack, certSerialId: null} moved to stale state. Finalizing its pipelines [PipelineID=7fee27b4-a560-4900-8c95-092309d0a6b0, PipelineID=acd52a42-3c76-4efb-8b73-deb3884a09ef]
2019-09-18 11:48:32,855 [EventQueue-StaleNodeForStaleNodeHandler] INFO  pipeline.SCMPipelineManager (SCMPipelineManager.java:finalizeAndDestroyPipeline(311)) - destroying pipeline:Pipeline[ Id: 7fee27b4-a560-4900-8c95-092309d0a6b0, Nodes: f9eae954-5f21-43ae-88df-c06e8fdb763a{ip: 192.168.157.254, host: pr-hdds-2143-zjsjg-1178913, networkLocation: /default-rack, certSerialId: null}aca8c137-275c-4bd4-a93f-b0c09a946b6e{ip: 192.168.157.254, host: pr-hdds-2143-zjsjg-1178913, networkLocation: /default-rack, certSerialId: null}941b1faa-5cc5-4fbd-82c3-729dc82a122f{ip: 192.168.157.254, host: pr-hdds-2143-zjsjg-1178913, networkLocation: /default-rack, certSerialId: null}, Type:RATIS, Factor:THREE, State:CLOSED]
2019-09-18 11:48:32,856 [EventQueue-StaleNodeForStaleNodeHandler] INFO  pipeline.SCMPipelineManager (SCMPipelineManager.java:finalizeAndDestroyPipeline(311)) - destroying pipeline:Pipeline[ Id: acd52a42-3c76-4efb-8b73-deb3884a09ef, Nodes: f9eae954-5f21-43ae-88df-c06e8fdb763a{ip: 192.168.157.254, host: pr-hdds-2143-zjsjg-1178913, networkLocation: /default-rack, certSerialId: null}, Type:RATIS, Factor:ONE, State:OPEN]
2019-09-18 11:48:32,856 [EventQueue-StaleNodeForStaleNodeHandler] INFO  pipeline.PipelineStateManager (PipelineStateManager.java:finalizePipeline(123)) - Pipeline Pipeline[ Id: acd52a42-3c76-4efb-8b73-deb3884a09ef, Nodes: f9eae954-5f21-43ae-88df-c06e8fdb763a{ip: 192.168.157.254, host: pr-hdds-2143-zjsjg-1178913, networkLocation: /default-rack, certSerialId: null}, Type:RATIS, Factor:ONE, State:CLOSED] moved to CLOSED state
2019-09-18 11:48:32,856 [EventQueue-StaleNodeForStaleNodeHandler] INFO  node.StaleNodeHandler (StaleNodeHandler.java:onMessage(58)) - Datanode aca8c137-275c-4bd4-a93f-b0c09a946b6e{ip: 192.168.157.254, host: pr-hdds-2143-zjsjg-1178913, networkLocation: /default-rack, certSerialId: null} moved to stale state. Finalizing its pipelines [PipelineID=7fee27b4-a560-4900-8c95-092309d0a6b0, PipelineID=edf17cfb-6eca-4d07-aab9-fb9407bff2ca]
2019-09-18 11:48:32,856 [EventQueue-StaleNodeForStaleNodeHandler] INFO  pipeline.SCMPipelineManager (SCMPipelineManager.java:finalizeAndDestroyPipeline(311)) - destroying pipeline:Pipeline[ Id: 7fee27b4-a560-4900-8c95-092309d0a6b0, Nodes: f9eae954-5f21-43ae-88df-c06e8fdb763a{ip: 192.168.157.254, host: pr-hdds-2143-zjsjg-1178913, networkLocation: /default-rack, certSerialId: null}aca8c137-275c-4bd4-a93f-b0c09a946b6e{ip: 192.168.157.254, host: pr-hdds-2143-zjsjg-1178913, networkLocation: /default-rack, certSerialId: null}941b1faa-5cc5-4fbd-82c3-729dc82a122f{ip: 192.168.157.254, host: pr-hdds-2143-zjsjg-1178913, networkLocation: /default-rack, certSerialId: null}, Type:RATIS, Factor:THREE, State:CLOSED]
2019-09-18 11:48:32,856 [EventQueue-StaleNodeForStaleNodeHandler] INFO  pipeline.SCMPipelineManager (SCMPipelineManager.java:finalizeAndDestroyPipeline(311)) - destroying pipeline:Pipeline[ Id: edf17cfb-6eca-4d07-aab9-fb9407bff2ca, Nodes: aca8c137-275c-4bd4-a93f-b0c09a946b6e{ip: 192.168.157.254, host: pr-hdds-2143-zjsjg-1178913, networkLocation: /default-rack, certSerialId: null}, Type:RATIS, Factor:ONE, State:OPEN]
2019-09-18 11:48:32,857 [EventQueue-StaleNodeForStaleNodeHandler] INFO  pipeline.PipelineStateManager (PipelineStateManager.java:finalizePipeline(123)) - Pipeline Pipeline[ Id: edf17cfb-6eca-4d07-aab9-fb9407bff2ca, Nodes: aca8c137-275c-4bd4-a93f-b0c09a946b6e{ip: 192.168.157.254, host: pr-hdds-2143-zjsjg-1178913, networkLocation: /default-rack, certSerialId: null}, Type:RATIS, Factor:ONE, State:CLOSED] moved to CLOSED state
2019-09-18 11:48:33,480 [main] INFO  ozoneimpl.OzoneContainer (OzoneContainer.java:stop(231)) - Attempting to stop container services.
2019-09-18 11:48:33,480 [ForkJoinPool.commonPool-worker-0] INFO  ozoneimpl.OzoneContainer (OzoneContainer.java:stop(231)) - Attempting to stop container services.
2019-09-18 11:48:33,484 [main] INFO  impl.RaftServerProxy (RaftServerProxy.java:lambda$close$4(314)) - f9eae954-5f21-43ae-88df-c06e8fdb763a: close
2019-09-18 11:48:33,484 [ForkJoinPool.commonPool-worker-0] INFO  impl.RaftServerProxy (RaftServerProxy.java:lambda$close$4(314)) - aca8c137-275c-4bd4-a93f-b0c09a946b6e: close
2019-09-18 11:48:33,484 [main] INFO  impl.RaftServerImpl (RaftServerImpl.java:lambda$shutdown$3(251)) - f9eae954-5f21-43ae-88df-c06e8fdb763a@group-092309D0A6B0: shutdown
2019-09-18 11:48:33,484 [ForkJoinPool.commonPool-worker-0] INFO  impl.RaftServerImpl (RaftServerImpl.java:lambda$shutdown$3(251)) - aca8c137-275c-4bd4-a93f-b0c09a946b6e@group-092309D0A6B0: shutdown
2019-09-18 11:48:33,484 [main] INFO  util.JmxRegister (JmxRegister.java:unregister(73)) - Successfully un-registered JMX Bean with object name Ratis:service=RaftServer,group=group-092309D0A6B0,id=f9eae954-5f21-43ae-88df-c06e8fdb763a
2019-09-18 11:48:33,485 [ForkJoinPool.commonPool-worker-0] INFO  util.JmxRegister (JmxRegister.java:unregister(73)) - Successfully un-registered JMX Bean with object name Ratis:service=RaftServer,group=group-092309D0A6B0,id=aca8c137-275c-4bd4-a93f-b0c09a946b6e
2019-09-18 11:48:33,485 [main] INFO  impl.RoleInfo (RoleInfo.java:shutdownFollowerState(121)) - f9eae954-5f21-43ae-88df-c06e8fdb763a: shutdown FollowerState
2019-09-18 11:48:33,486 [main] INFO  impl.StateMachineUpdater (StateMachineUpdater.java:stopAndJoin(125)) - f9eae954-5f21-43ae-88df-c06e8fdb763a@group-092309D0A6B0-StateMachineUpdater: set stopIndex = 16
2019-09-18 11:48:33,485 [ForkJoinPool.commonPool-worker-0] INFO  impl.RoleInfo (RoleInfo.java:shutdownLeaderState(104)) - aca8c137-275c-4bd4-a93f-b0c09a946b6e: shutdown LeaderState
2019-09-18 11:48:33,486 [f9eae954-5f21-43ae-88df-c06e8fdb763a@group-092309D0A6B0-StateMachineUpdater] INFO  ratis.ContainerStateMachine (ContainerStateMachine.java:takeSnapshot(289)) - group-092309D0A6B0: Taking a snapshot at:(t:1, i:14) file /workdir/hadoop-ozone/integration-test/target/test-dir/MiniOzoneClusterImpl-29a1df15-cd37-4e65-a38b-6e93fe944b41/datanode-3/data/ratis/7fee27b4-a560-4900-8c95-092309d0a6b0/sm/snapshot.1_14
2019-09-18 11:48:33,491 [org.apache.ratis.server.impl.LogAppender$AppenderDaemon$$Lambda$539/1831427088@26a83d39] WARN  server.GrpcLogAppender (GrpcLogAppender.java:mayWait(143)) - aca8c137-275c-4bd4-a93f-b0c09a946b6e@group-092309D0A6B0->f9eae954-5f21-43ae-88df-c06e8fdb763a-GrpcLogAppender: Wait interrupted by java.lang.InterruptedException
2019-09-18 11:48:33,486 [Thread-3060] INFO  impl.FollowerState (FollowerState.java:run(115)) - f9eae954-5f21-43ae-88df-c06e8fdb763a: FollowerState was interrupted: java.lang.InterruptedException: sleep interrupted
2019-09-18 11:48:33,491 [org.apache.ratis.server.impl.LogAppender$AppenderDaemon$$Lambda$539/1831427088@5927dda0] WARN  server.GrpcLogAppender (GrpcLogAppender.java:mayWait(143)) - aca8c137-275c-4bd4-a93f-b0c09a946b6e@group-092309D0A6B0->941b1faa-5cc5-4fbd-82c3-729dc82a122f-GrpcLogAppender: Wait interrupted by java.lang.InterruptedException
2019-09-18 11:48:33,491 [ForkJoinPool.commonPool-worker-0] INFO  impl.PendingRequests (PendingRequests.java:sendNotLeaderResponses(202)) - aca8c137-275c-4bd4-a93f-b0c09a946b6e-PendingRequests: sendNotLeaderResponses
2019-09-18 11:48:33,492 [grpc-default-executor-0] INFO  server.GrpcServerProtocolService (GrpcServerProtocolService.java:onCompleted(113)) - f9eae954-5f21-43ae-88df-c06e8fdb763a: Completed APPEND_ENTRIES, lastRequest: aca8c137-275c-4bd4-a93f-b0c09a946b6e->f9eae954-5f21-43ae-88df-c06e8fdb763a#32-t1, previous=(t:1, i:16), leaderCommit=16, initializing? false, entries: <empty>
2019-09-18 11:48:33,498 [ForkJoinPool.commonPool-worker-0] INFO  impl.StateMachineUpdater (StateMachineUpdater.java:stopAndJoin(125)) - aca8c137-275c-4bd4-a93f-b0c09a946b6e@group-092309D0A6B0-StateMachineUpdater: set stopIndex = 16
2019-09-18 11:48:33,498 [aca8c137-275c-4bd4-a93f-b0c09a946b6e@group-092309D0A6B0-StateMachineUpdater] INFO  ratis.ContainerStateMachine (ContainerStateMachine.java:takeSnapshot(289)) - group-092309D0A6B0: Taking a snapshot at:(t:1, i:14) file /workdir/hadoop-ozone/integration-test/target/test-dir/MiniOzoneClusterImpl-29a1df15-cd37-4e65-a38b-6e93fe944b41/datanode-2/data/ratis/7fee27b4-a560-4900-8c95-092309d0a6b0/sm/snapshot.1_14
2019-09-18 11:48:33,499 [grpc-default-executor-0] INFO  server.GrpcLogAppender (GrpcLogAppender.java:onCompleted(293)) - aca8c137-275c-4bd4-a93f-b0c09a946b6e@group-092309D0A6B0->f9eae954-5f21-43ae-88df-c06e8fdb763a-AppendLogResponseHandler: follower responses appendEntries COMPLETED
2019-09-18 11:48:33,499 [grpc-default-executor-0] INFO  impl.FollowerInfo (FollowerInfo.java:lambda$new$0(51)) - aca8c137-275c-4bd4-a93f-b0c09a946b6e@group-092309D0A6B0->f9eae954-5f21-43ae-88df-c06e8fdb763a: nextIndex: updateUnconditionally 17 -> 16
2019-09-18 11:48:33,505 [f9eae954-5f21-43ae-88df-c06e8fdb763a@group-092309D0A6B0-StateMachineUpdater] INFO  ratis.ContainerStateMachine (ContainerStateMachine.java:takeSnapshot(300)) - group-092309D0A6B0: Finished taking a snapshot at:(t:1, i:14) file:/workdir/hadoop-ozone/integration-test/target/test-dir/MiniOzoneClusterImpl-29a1df15-cd37-4e65-a38b-6e93fe944b41/datanode-3/data/ratis/7fee27b4-a560-4900-8c95-092309d0a6b0/sm/snapshot.1_14 time:20
2019-09-18 11:48:33,505 [aca8c137-275c-4bd4-a93f-b0c09a946b6e@group-092309D0A6B0-StateMachineUpdater] INFO  ratis.ContainerStateMachine (ContainerStateMachine.java:takeSnapshot(300)) - group-092309D0A6B0: Finished taking a snapshot at:(t:1, i:14) file:/workdir/hadoop-ozone/integration-test/target/test-dir/MiniOzoneClusterImpl-29a1df15-cd37-4e65-a38b-6e93fe944b41/datanode-2/data/ratis/7fee27b4-a560-4900-8c95-092309d0a6b0/sm/snapshot.1_14 time:7
2019-09-18 11:48:33,506 [f9eae954-5f21-43ae-88df-c06e8fdb763a@group-092309D0A6B0-StateMachineUpdater] INFO  impl.StateMachineUpdater (StateMachineUpdater.java:takeSnapshot(258)) - f9eae954-5f21-43ae-88df-c06e8fdb763a@group-092309D0A6B0-StateMachineUpdater: Took a snapshot at index 14
2019-09-18 11:48:33,506 [aca8c137-275c-4bd4-a93f-b0c09a946b6e@group-092309D0A6B0-StateMachineUpdater] INFO  impl.StateMachineUpdater (StateMachineUpdater.java:takeSnapshot(258)) - aca8c137-275c-4bd4-a93f-b0c09a946b6e@group-092309D0A6B0-StateMachineUpdater: Took a snapshot at index 14
2019-09-18 11:48:33,506 [f9eae954-5f21-43ae-88df-c06e8fdb763a@group-092309D0A6B0-StateMachineUpdater] INFO  impl.StateMachineUpdater (StateMachineUpdater.java:lambda$new$0(83)) - f9eae954-5f21-43ae-88df-c06e8fdb763a@group-092309D0A6B0-StateMachineUpdater: snapshotIndex: updateIncreasingly -1 -> 14
2019-09-18 11:48:33,506 [aca8c137-275c-4bd4-a93f-b0c09a946b6e@group-092309D0A6B0-StateMachineUpdater] INFO  impl.StateMachineUpdater (StateMachineUpdater.java:lambda$new$0(83)) - aca8c137-275c-4bd4-a93f-b0c09a946b6e@group-092309D0A6B0-StateMachineUpdater: snapshotIndex: updateIncreasingly -1 -> 14
2019-09-18 11:48:33,506 [aca8c137-275c-4bd4-a93f-b0c09a946b6e@group-092309D0A6B0-StateMachineUpdater] INFO  ratis.ContainerStateMachine (ContainerStateMachine.java:takeSnapshot(289)) - group-092309D0A6B0: Taking a snapshot at:(t:1, i:14) file /workdir/hadoop-ozone/integration-test/target/test-dir/MiniOzoneClusterImpl-29a1df15-cd37-4e65-a38b-6e93fe944b41/datanode-2/data/ratis/7fee27b4-a560-4900-8c95-092309d0a6b0/sm/snapshot.1_14
2019-09-18 11:48:33,506 [f9eae954-5f21-43ae-88df-c06e8fdb763a@group-092309D0A6B0-StateMachineUpdater] INFO  ratis.ContainerStateMachine (ContainerStateMachine.java:takeSnapshot(289)) - group-092309D0A6B0: Taking a snapshot at:(t:1, i:14) file /workdir/hadoop-ozone/integration-test/target/test-dir/MiniOzoneClusterImpl-29a1df15-cd37-4e65-a38b-6e93fe944b41/datanode-3/data/ratis/7fee27b4-a560-4900-8c95-092309d0a6b0/sm/snapshot.1_14
2019-09-18 11:48:33,520 [f9eae954-5f21-43ae-88df-c06e8fdb763a@group-092309D0A6B0-StateMachineUpdater] INFO  ratis.ContainerStateMachine (ContainerStateMachine.java:takeSnapshot(300)) - group-092309D0A6B0: Finished taking a snapshot at:(t:1, i:14) file:/workdir/hadoop-ozone/integration-test/target/test-dir/MiniOzoneClusterImpl-29a1df15-cd37-4e65-a38b-6e93fe944b41/datanode-3/data/ratis/7fee27b4-a560-4900-8c95-092309d0a6b0/sm/snapshot.1_14 time:13
2019-09-18 11:48:33,520 [aca8c137-275c-4bd4-a93f-b0c09a946b6e@group-092309D0A6B0-StateMachineUpdater] INFO  ratis.ContainerStateMachine (ContainerStateMachine.java:takeSnapshot(300)) - group-092309D0A6B0: Finished taking a snapshot at:(t:1, i:14) file:/workdir/hadoop-ozone/integration-test/target/test-dir/MiniOzoneClusterImpl-29a1df15-cd37-4e65-a38b-6e93fe944b41/datanode-2/data/ratis/7fee27b4-a560-4900-8c95-092309d0a6b0/sm/snapshot.1_14 time:13
2019-09-18 11:48:33,520 [f9eae954-5f21-43ae-88df-c06e8fdb763a@group-092309D0A6B0-StateMachineUpdater] INFO  impl.StateMachineUpdater (StateMachineUpdater.java:takeSnapshot(258)) - f9eae954-5f21-43ae-88df-c06e8fdb763a@group-092309D0A6B0-StateMachineUpdater: Took a snapshot at index 14
2019-09-18 11:48:33,520 [f9eae954-5f21-43ae-88df-c06e8fdb763a@group-092309D0A6B0-StateMachineUpdater] INFO  impl.StateMachineUpdater (StateMachineUpdater.java:lambda$new$0(83)) - f9eae954-5f21-43ae-88df-c06e8fdb763a@group-092309D0A6B0-StateMachineUpdater: snapshotIndex: updateIncreasingly 14 -> 14
2019-09-18 11:48:33,520 [aca8c137-275c-4bd4-a93f-b0c09a946b6e@group-092309D0A6B0-StateMachineUpdater] INFO  impl.StateMachineUpdater (StateMachineUpdater.java:takeSnapshot(258)) - aca8c137-275c-4bd4-a93f-b0c09a946b6e@group-092309D0A6B0-StateMachineUpdater: Took a snapshot at index 14
2019-09-18 11:48:33,520 [aca8c137-275c-4bd4-a93f-b0c09a946b6e@group-092309D0A6B0-StateMachineUpdater] INFO  impl.StateMachineUpdater (StateMachineUpdater.java:lambda$new$0(83)) - aca8c137-275c-4bd4-a93f-b0c09a946b6e@group-092309D0A6B0-StateMachineUpdater: snapshotIndex: updateIncreasingly 14 -> 14
2019-09-18 11:48:33,520 [main] INFO  impl.RaftServerImpl (ServerState.java:close(385)) - f9eae954-5f21-43ae-88df-c06e8fdb763a@group-092309D0A6B0: closes. applyIndex: 16
2019-09-18 11:48:33,521 [ForkJoinPool.commonPool-worker-0] INFO  impl.RaftServerImpl (ServerState.java:close(385)) - aca8c137-275c-4bd4-a93f-b0c09a946b6e@group-092309D0A6B0: closes. applyIndex: 16
2019-09-18 11:48:33,521 [f9eae954-5f21-43ae-88df-c06e8fdb763a@group-092309D0A6B0-SegmentedRaftLogWorker] INFO  segmented.SegmentedRaftLogWorker (SegmentedRaftLogWorker.java:run(313)) - f9eae954-5f21-43ae-88df-c06e8fdb763a@group-092309D0A6B0-SegmentedRaftLogWorker was interrupted, exiting. There are 0 tasks remaining in the queue.
2019-09-18 11:48:33,521 [aca8c137-275c-4bd4-a93f-b0c09a946b6e@group-092309D0A6B0-SegmentedRaftLogWorker] INFO  segmented.SegmentedRaftLogWorker (SegmentedRaftLogWorker.java:run(313)) - aca8c137-275c-4bd4-a93f-b0c09a946b6e@group-092309D0A6B0-SegmentedRaftLogWorker was interrupted, exiting. There are 0 tasks remaining in the queue.
2019-09-18 11:48:33,524 [main] INFO  segmented.SegmentedRaftLogWorker (SegmentedRaftLogWorker.java:close(228)) - f9eae954-5f21-43ae-88df-c06e8fdb763a@group-092309D0A6B0-SegmentedRaftLogWorker close()
2019-09-18 11:48:33,526 [ForkJoinPool.commonPool-worker-0] INFO  segmented.SegmentedRaftLogWorker (SegmentedRaftLogWorker.java:close(228)) - aca8c137-275c-4bd4-a93f-b0c09a946b6e@group-092309D0A6B0-SegmentedRaftLogWorker close()
2019-09-18 11:48:33,530 [main] INFO  impl.RaftServerImpl (RaftServerImpl.java:lambda$shutdown$3(251)) - f9eae954-5f21-43ae-88df-c06e8fdb763a@group-DEB3884A09EF: shutdown
2019-09-18 11:48:33,534 [ForkJoinPool.commonPool-worker-0] INFO  impl.RaftServerImpl (RaftServerImpl.java:lambda$shutdown$3(251)) - aca8c137-275c-4bd4-a93f-b0c09a946b6e@group-FB9407BFF2CA: shutdown
2019-09-18 11:48:33,534 [main] INFO  util.JmxRegister (JmxRegister.java:unregister(73)) - Successfully un-registered JMX Bean with object name Ratis:service=RaftServer,group=group-DEB3884A09EF,id=f9eae954-5f21-43ae-88df-c06e8fdb763a
2019-09-18 11:48:33,535 [main] INFO  impl.RoleInfo (RoleInfo.java:shutdownLeaderState(104)) - f9eae954-5f21-43ae-88df-c06e8fdb763a: shutdown LeaderState
2019-09-18 11:48:33,534 [ForkJoinPool.commonPool-worker-0] INFO  util.JmxRegister (JmxRegister.java:unregister(73)) - Successfully un-registered JMX Bean with object name Ratis:service=RaftServer,group=group-FB9407BFF2CA,id=aca8c137-275c-4bd4-a93f-b0c09a946b6e
2019-09-18 11:48:33,535 [main] INFO  impl.PendingRequests (PendingRequests.java:sendNotLeaderResponses(202)) - f9eae954-5f21-43ae-88df-c06e8fdb763a-PendingRequests: sendNotLeaderResponses
2019-09-18 11:48:33,535 [ForkJoinPool.commonPool-worker-0] INFO  impl.RoleInfo (RoleInfo.java:shutdownLeaderState(104)) - aca8c137-275c-4bd4-a93f-b0c09a946b6e: shutdown LeaderState
2019-09-18 11:48:33,535 [main] INFO  impl.StateMachineUpdater (StateMachineUpdater.java:stopAndJoin(125)) - f9eae954-5f21-43ae-88df-c06e8fdb763a@group-DEB3884A09EF-StateMachineUpdater: set stopIndex = 0
2019-09-18 11:48:33,536 [ForkJoinPool.commonPool-worker-0] INFO  impl.PendingRequests (PendingRequests.java:sendNotLeaderResponses(202)) - aca8c137-275c-4bd4-a93f-b0c09a946b6e-PendingRequests: sendNotLeaderResponses
2019-09-18 11:48:33,536 [main] INFO  impl.RaftServerImpl (ServerState.java:close(385)) - f9eae954-5f21-43ae-88df-c06e8fdb763a@group-DEB3884A09EF: closes. applyIndex: 0
2019-09-18 11:48:33,536 [ForkJoinPool.commonPool-worker-0] INFO  impl.StateMachineUpdater (StateMachineUpdater.java:stopAndJoin(125)) - aca8c137-275c-4bd4-a93f-b0c09a946b6e@group-FB9407BFF2CA-StateMachineUpdater: set stopIndex = 0
2019-09-18 11:48:33,537 [f9eae954-5f21-43ae-88df-c06e8fdb763a@group-DEB3884A09EF-SegmentedRaftLogWorker] INFO  segmented.SegmentedRaftLogWorker (SegmentedRaftLogWorker.java:run(313)) - f9eae954-5f21-43ae-88df-c06e8fdb763a@group-DEB3884A09EF-SegmentedRaftLogWorker was interrupted, exiting. There are 0 tasks remaining in the queue.
2019-09-18 11:48:33,537 [ForkJoinPool.commonPool-worker-0] INFO  impl.RaftServerImpl (ServerState.java:close(385)) - aca8c137-275c-4bd4-a93f-b0c09a946b6e@group-FB9407BFF2CA: closes. applyIndex: 0
2019-09-18 11:48:33,539 [main] INFO  segmented.SegmentedRaftLogWorker (SegmentedRaftLogWorker.java:close(228)) - f9eae954-5f21-43ae-88df-c06e8fdb763a@group-DEB3884A09EF-SegmentedRaftLogWorker close()
2019-09-18 11:48:33,539 [aca8c137-275c-4bd4-a93f-b0c09a946b6e@group-FB9407BFF2CA-SegmentedRaftLogWorker] INFO  segmented.SegmentedRaftLogWorker (SegmentedRaftLogWorker.java:run(313)) - aca8c137-275c-4bd4-a93f-b0c09a946b6e@group-FB9407BFF2CA-SegmentedRaftLogWorker was interrupted, exiting. There are 0 tasks remaining in the queue.
2019-09-18 11:48:33,543 [main] INFO  server.GrpcService (GrpcService.java:closeImpl(164)) - f9eae954-5f21-43ae-88df-c06e8fdb763a: shutdown server with port 45021 now
2019-09-18 11:48:33,545 [ForkJoinPool.commonPool-worker-0] INFO  segmented.SegmentedRaftLogWorker (SegmentedRaftLogWorker.java:close(228)) - aca8c137-275c-4bd4-a93f-b0c09a946b6e@group-FB9407BFF2CA-SegmentedRaftLogWorker close()
2019-09-18 11:48:33,546 [main] INFO  server.GrpcService (GrpcService.java:closeImpl(172)) - f9eae954-5f21-43ae-88df-c06e8fdb763a: shutdown server with port 45021 successfully
2019-09-18 11:48:33,559 [ForkJoinPool.commonPool-worker-0] INFO  server.GrpcService (GrpcService.java:closeImpl(164)) - aca8c137-275c-4bd4-a93f-b0c09a946b6e: shutdown server with port 43242 now
2019-09-18 11:48:33,560 [grpc-default-executor-10] WARN  client.GrpcClientProtocolService (LogUtils.java:warn(134)) - 1-UnorderedRequestStreamObserver1: onError: org.apache.ratis.thirdparty.io.grpc.StatusRuntimeException: CANCELLED: cancelled before receiving half close
2019-09-18 11:48:33,560 [ForkJoinPool.commonPool-worker-0] INFO  server.GrpcService (GrpcService.java:closeImpl(172)) - aca8c137-275c-4bd4-a93f-b0c09a946b6e: shutdown server with port 43242 successfully
2019-09-18 11:48:33,564 [refreshUsed-/workdir/hadoop-ozone/integration-test/target/test-dir/MiniOzoneClusterImpl-29a1df15-cd37-4e65-a38b-6e93fe944b41/datanode-3/data/containers] WARN  fs.CachingGetSpaceUsed (CachingGetSpaceUsed.java:run(183)) - Thread Interrupted waiting to refresh disk information: sleep interrupted
2019-09-18 11:48:33,566 [refreshUsed-/workdir/hadoop-ozone/integration-test/target/test-dir/MiniOzoneClusterImpl-29a1df15-cd37-4e65-a38b-6e93fe944b41/datanode-2/data/containers] WARN  fs.CachingGetSpaceUsed (CachingGetSpaceUsed.java:run(183)) - Thread Interrupted waiting to refresh disk information: sleep interrupted
2019-09-18 11:48:33,582 [main] INFO  utils.BackgroundService (BackgroundService.java:shutdown(148)) - Shutting down service BlockDeletingService
2019-09-18 11:48:33,585 [main] INFO  statemachine.DatanodeStateMachine (DatanodeStateMachine.java:stopDaemon(395)) - Ozone container server stopped.
2019-09-18 11:48:33,586 [main] INFO  handler.ContextHandler (ContextHandler.java:doStop(910)) - Stopped o.e.j.w.WebAppContext@47187f50{/,null,UNAVAILABLE}{/hddsDatanode}
2019-09-18 11:48:33,587 [main] INFO  server.AbstractConnector (AbstractConnector.java:doStop(318)) - Stopped ServerConnector@78116659{HTTP/1.1,[http/1.1]}{0.0.0.0:0}
2019-09-18 11:48:33,587 [ForkJoinPool.commonPool-worker-0] INFO  utils.BackgroundService (BackgroundService.java:shutdown(148)) - Shutting down service BlockDeletingService
2019-09-18 11:48:33,587 [main] INFO  handler.ContextHandler (ContextHandler.java:doStop(910)) - Stopped o.e.j.s.ServletContextHandler@147cc940{/static,jar:file:/home/user/.m2/repository/org/apache/hadoop/hadoop-hdds-container-service/0.5.0-SNAPSHOT/hadoop-hdds-container-service-0.5.0-SNAPSHOT.jar!/webapps/static,UNAVAILABLE}
2019-09-18 11:48:33,590 [ForkJoinPool.commonPool-worker-0] INFO  statemachine.DatanodeStateMachine (DatanodeStateMachine.java:stopDaemon(395)) - Ozone container server stopped.
2019-09-18 11:48:33,590 [main] INFO  handler.ContextHandler (ContextHandler.java:doStop(910)) - Stopped o.e.j.s.ServletContextHandler@4bc9ca97{/logs,file:///workdir/hadoop-ozone/integration-test/target/log,UNAVAILABLE}
2019-09-18 11:48:33,594 [ForkJoinPool.commonPool-worker-0] INFO  handler.ContextHandler (ContextHandler.java:doStop(910)) - Stopped o.e.j.w.WebAppContext@46bb0bdf{/,null,UNAVAILABLE}{/hddsDatanode}
2019-09-18 11:48:33,594 [ForkJoinPool.commonPool-worker-0] INFO  server.AbstractConnector (AbstractConnector.java:doStop(318)) - Stopped ServerConnector@561f9d92{HTTP/1.1,[http/1.1]}{0.0.0.0:0}
2019-09-18 11:48:33,595 [ForkJoinPool.commonPool-worker-0] INFO  handler.ContextHandler (ContextHandler.java:doStop(910)) - Stopped o.e.j.s.ServletContextHandler@6885ed19{/static,jar:file:/home/user/.m2/repository/org/apache/hadoop/hadoop-hdds-container-service/0.5.0-SNAPSHOT/hadoop-hdds-container-service-0.5.0-SNAPSHOT.jar!/webapps/static,UNAVAILABLE}
2019-09-18 11:48:33,597 [ForkJoinPool.commonPool-worker-0] INFO  handler.ContextHandler (ContextHandler.java:doStop(910)) - Stopped o.e.j.s.ServletContextHandler@545d2560{/logs,file:///workdir/hadoop-ozone/integration-test/target/log,UNAVAILABLE}
2019-09-18 11:48:34,039 [Datanode State Machine Thread - 0] INFO  statemachine.DatanodeStateMachine (DatanodeStateMachine.java:lambda$startDaemon$0(350)) - Ozone container server started.
2019-09-18 11:48:34,228 [Datanode State Machine Thread - 0] INFO  statemachine.DatanodeStateMachine (DatanodeStateMachine.java:lambda$startDaemon$0(350)) - Ozone container server started.
2019-09-18 11:48:37,290 [Thread-3298] INFO  impl.FollowerState (FollowerState.java:run(106)) - 667c917f-69b1-4d24-81e9-af1370db70ff:group-4B0031EC218E changes to CANDIDATE, lastRpcTime:5085, electionTimeout:5085ms
2019-09-18 11:48:37,290 [Thread-3298] INFO  impl.RoleInfo (RoleInfo.java:shutdownFollowerState(121)) - 667c917f-69b1-4d24-81e9-af1370db70ff: shutdown FollowerState
2019-09-18 11:48:37,291 [Thread-3298] INFO  impl.RaftServerImpl (RaftServerImpl.java:setRole(174)) - 667c917f-69b1-4d24-81e9-af1370db70ff@group-4B0031EC218E: changes role from  FOLLOWER to CANDIDATE at term 5 for changeToCandidate
2019-09-18 11:48:37,291 [Thread-3298] INFO  impl.RoleInfo (RoleInfo.java:updateAndGet(143)) - 667c917f-69b1-4d24-81e9-af1370db70ff: start LeaderElection
2019-09-18 11:48:37,320 [667c917f-69b1-4d24-81e9-af1370db70ff@group-4B0031EC218E:LeaderElection84] INFO  impl.LeaderElection (LeaderElection.java:askForVotes(182)) - 667c917f-69b1-4d24-81e9-af1370db70ff@group-4B0031EC218E:LeaderElection84: begin an election at term 6 for 15: [43bd4a59-611b-42ac-b803-c7bc77298fb7:192.168.157.254:40697, 667c917f-69b1-4d24-81e9-af1370db70ff:192.168.157.254:42838, 80b2273a-a181-40f7-a59c-f9bb72e1a4d3:192.168.157.254:43451], old=null
2019-09-18 11:48:37,321 [667c917f-69b1-4d24-81e9-af1370db70ff@group-4B0031EC218E:LeaderElection84] INFO  impl.LeaderElection (LogUtils.java:infoOrTrace(149)) - 667c917f-69b1-4d24-81e9-af1370db70ff@group-4B0031EC218E:LeaderElection84 got exception when requesting votes: {}
java.util.concurrent.ExecutionException: org.apache.ratis.thirdparty.io.grpc.StatusRuntimeException: UNAVAILABLE: io exception
	at java.util.concurrent.FutureTask.report(FutureTask.java:122)
	at java.util.concurrent.FutureTask.get(FutureTask.java:192)
	at org.apache.ratis.server.impl.LeaderElection.waitForResults(LeaderElection.java:263)
	at org.apache.ratis.server.impl.LeaderElection.askForVotes(LeaderElection.java:201)
	at org.apache.ratis.server.impl.LeaderElection.run(LeaderElection.java:133)
	at java.lang.Thread.run(Thread.java:748)
Caused by: org.apache.ratis.thirdparty.io.grpc.StatusRuntimeException: UNAVAILABLE: io exception
	at org.apache.ratis.thirdparty.io.grpc.stub.ClientCalls.toStatusRuntimeException(ClientCalls.java:233)
	at org.apache.ratis.thirdparty.io.grpc.stub.ClientCalls.getUnchecked(ClientCalls.java:214)
	at org.apache.ratis.thirdparty.io.grpc.stub.ClientCalls.blockingUnaryCall(ClientCalls.java:139)
	at org.apache.ratis.proto.grpc.RaftServerProtocolServiceGrpc$RaftServerProtocolServiceBlockingStub.requestVote(RaftServerProtocolServiceGrpc.java:265)
	at org.apache.ratis.grpc.server.GrpcServerProtocolClient.requestVote(GrpcServerProtocolClient.java:90)
	at org.apache.ratis.grpc.server.GrpcService.requestVote(GrpcService.java:204)
	at org.apache.ratis.server.impl.LeaderElection.lambda$submitRequests$1(LeaderElection.java:238)
	at java.util.concurrent.FutureTask.run(FutureTask.java:266)
	at java.util.concurrent.Executors$RunnableAdapter.call(Executors.java:511)
	at java.util.concurrent.FutureTask.run(FutureTask.java:266)
	at java.util.concurrent.ThreadPoolExecutor.runWorker(ThreadPoolExecutor.java:1149)
	at java.util.concurrent.ThreadPoolExecutor$Worker.run(ThreadPoolExecutor.java:624)
	... 1 more
Caused by: org.apache.ratis.thirdparty.io.netty.channel.AbstractChannel$AnnotatedConnectException: Connection refused: /192.168.157.254:40697
	at sun.nio.ch.SocketChannelImpl.checkConnect(Native Method)
	at sun.nio.ch.SocketChannelImpl.finishConnect(SocketChannelImpl.java:717)
	at org.apache.ratis.thirdparty.io.netty.channel.socket.nio.NioSocketChannel.doFinishConnect(NioSocketChannel.java:327)
	at org.apache.ratis.thirdparty.io.netty.channel.nio.AbstractNioChannel$AbstractNioUnsafe.finishConnect(AbstractNioChannel.java:340)
	at org.apache.ratis.thirdparty.io.netty.channel.nio.NioEventLoop.processSelectedKey(NioEventLoop.java:632)
	at org.apache.ratis.thirdparty.io.netty.channel.nio.NioEventLoop.processSelectedKeysOptimized(NioEventLoop.java:579)
	at org.apache.ratis.thirdparty.io.netty.channel.nio.NioEventLoop.processSelectedKeys(NioEventLoop.java:496)
	at org.apache.ratis.thirdparty.io.netty.channel.nio.NioEventLoop.run(NioEventLoop.java:458)
	at org.apache.ratis.thirdparty.io.netty.util.concurrent.SingleThreadEventExecutor$5.run(SingleThreadEventExecutor.java:897)
	at org.apache.ratis.thirdparty.io.netty.util.concurrent.FastThreadLocalRunnable.run(FastThreadLocalRunnable.java:30)
	... 1 more
Caused by: java.net.ConnectException: Connection refused
	... 11 more
2019-09-18 11:48:37,326 [667c917f-69b1-4d24-81e9-af1370db70ff@group-4B0031EC218E:LeaderElection84] INFO  impl.LeaderElection (LogUtils.java:infoOrTrace(149)) - 667c917f-69b1-4d24-81e9-af1370db70ff@group-4B0031EC218E:LeaderElection84 got exception when requesting votes: {}
java.util.concurrent.ExecutionException: org.apache.ratis.thirdparty.io.grpc.StatusRuntimeException: UNAVAILABLE: io exception
	at java.util.concurrent.FutureTask.report(FutureTask.java:122)
	at java.util.concurrent.FutureTask.get(FutureTask.java:192)
	at org.apache.ratis.server.impl.LeaderElection.waitForResults(LeaderElection.java:263)
	at org.apache.ratis.server.impl.LeaderElection.askForVotes(LeaderElection.java:201)
	at org.apache.ratis.server.impl.LeaderElection.run(LeaderElection.java:133)
	at java.lang.Thread.run(Thread.java:748)
Caused by: org.apache.ratis.thirdparty.io.grpc.StatusRuntimeException: UNAVAILABLE: io exception
	at org.apache.ratis.thirdparty.io.grpc.stub.ClientCalls.toStatusRuntimeException(ClientCalls.java:233)
	at org.apache.ratis.thirdparty.io.grpc.stub.ClientCalls.getUnchecked(ClientCalls.java:214)
	at org.apache.ratis.thirdparty.io.grpc.stub.ClientCalls.blockingUnaryCall(ClientCalls.java:139)
	at org.apache.ratis.proto.grpc.RaftServerProtocolServiceGrpc$RaftServerProtocolServiceBlockingStub.requestVote(RaftServerProtocolServiceGrpc.java:265)
	at org.apache.ratis.grpc.server.GrpcServerProtocolClient.requestVote(GrpcServerProtocolClient.java:90)
	at org.apache.ratis.grpc.server.GrpcService.requestVote(GrpcService.java:204)
	at org.apache.ratis.server.impl.LeaderElection.lambda$submitRequests$1(LeaderElection.java:238)
	at java.util.concurrent.FutureTask.run(FutureTask.java:266)
	at java.util.concurrent.Executors$RunnableAdapter.call(Executors.java:511)
	at java.util.concurrent.FutureTask.run(FutureTask.java:266)
	at java.util.concurrent.ThreadPoolExecutor.runWorker(ThreadPoolExecutor.java:1149)
	at java.util.concurrent.ThreadPoolExecutor$Worker.run(ThreadPoolExecutor.java:624)
	... 1 more
Caused by: org.apache.ratis.thirdparty.io.netty.channel.AbstractChannel$AnnotatedConnectException: Connection refused: /192.168.157.254:43451
	at sun.nio.ch.SocketChannelImpl.checkConnect(Native Method)
	at sun.nio.ch.SocketChannelImpl.finishConnect(SocketChannelImpl.java:717)
	at org.apache.ratis.thirdparty.io.netty.channel.socket.nio.NioSocketChannel.doFinishConnect(NioSocketChannel.java:327)
	at org.apache.ratis.thirdparty.io.netty.channel.nio.AbstractNioChannel$AbstractNioUnsafe.finishConnect(AbstractNioChannel.java:340)
	at org.apache.ratis.thirdparty.io.netty.channel.nio.NioEventLoop.processSelectedKey(NioEventLoop.java:632)
	at org.apache.ratis.thirdparty.io.netty.channel.nio.NioEventLoop.processSelectedKeysOptimized(NioEventLoop.java:579)
	at org.apache.ratis.thirdparty.io.netty.channel.nio.NioEventLoop.processSelectedKeys(NioEventLoop.java:496)
	at org.apache.ratis.thirdparty.io.netty.channel.nio.NioEventLoop.run(NioEventLoop.java:458)
	at org.apache.ratis.thirdparty.io.netty.util.concurrent.SingleThreadEventExecutor$5.run(SingleThreadEventExecutor.java:897)
	at org.apache.ratis.thirdparty.io.netty.util.concurrent.FastThreadLocalRunnable.run(FastThreadLocalRunnable.java:30)
	... 1 more
Caused by: java.net.ConnectException: Connection refused
	... 11 more
2019-09-18 11:48:37,327 [667c917f-69b1-4d24-81e9-af1370db70ff@group-4B0031EC218E:LeaderElection84] INFO  impl.LeaderElection (LeaderElection.java:logAndReturn(56)) - 667c917f-69b1-4d24-81e9-af1370db70ff@group-4B0031EC218E:LeaderElection84: Election REJECTED; received 0 response(s) [] and 2 exception(s); 667c917f-69b1-4d24-81e9-af1370db70ff@group-4B0031EC218E:t6, leader=null, voted=667c917f-69b1-4d24-81e9-af1370db70ff, raftlog=667c917f-69b1-4d24-81e9-af1370db70ff@group-4B0031EC218E-SegmentedRaftLog:OPENED:c16,f16,i16, conf=15: [43bd4a59-611b-42ac-b803-c7bc77298fb7:192.168.157.254:40697, 667c917f-69b1-4d24-81e9-af1370db70ff:192.168.157.254:42838, 80b2273a-a181-40f7-a59c-f9bb72e1a4d3:192.168.157.254:43451], old=null
2019-09-18 11:48:37,328 [667c917f-69b1-4d24-81e9-af1370db70ff@group-4B0031EC218E:LeaderElection84] INFO  impl.LeaderElection (LogUtils.java:infoOrTrace(149)) -   Exception 0: {}
java.util.concurrent.ExecutionException: org.apache.ratis.thirdparty.io.grpc.StatusRuntimeException: UNAVAILABLE: io exception
	at java.util.concurrent.FutureTask.report(FutureTask.java:122)
	at java.util.concurrent.FutureTask.get(FutureTask.java:192)
	at org.apache.ratis.server.impl.LeaderElection.waitForResults(LeaderElection.java:263)
	at org.apache.ratis.server.impl.LeaderElection.askForVotes(LeaderElection.java:201)
	at org.apache.ratis.server.impl.LeaderElection.run(LeaderElection.java:133)
	at java.lang.Thread.run(Thread.java:748)
Caused by: org.apache.ratis.thirdparty.io.grpc.StatusRuntimeException: UNAVAILABLE: io exception
	at org.apache.ratis.thirdparty.io.grpc.stub.ClientCalls.toStatusRuntimeException(ClientCalls.java:233)
	at org.apache.ratis.thirdparty.io.grpc.stub.ClientCalls.getUnchecked(ClientCalls.java:214)
	at org.apache.ratis.thirdparty.io.grpc.stub.ClientCalls.blockingUnaryCall(ClientCalls.java:139)
	at org.apache.ratis.proto.grpc.RaftServerProtocolServiceGrpc$RaftServerProtocolServiceBlockingStub.requestVote(RaftServerProtocolServiceGrpc.java:265)
	at org.apache.ratis.grpc.server.GrpcServerProtocolClient.requestVote(GrpcServerProtocolClient.java:90)
	at org.apache.ratis.grpc.server.GrpcService.requestVote(GrpcService.java:204)
	at org.apache.ratis.server.impl.LeaderElection.lambda$submitRequests$1(LeaderElection.java:238)
	at java.util.concurrent.FutureTask.run(FutureTask.java:266)
	at java.util.concurrent.Executors$RunnableAdapter.call(Executors.java:511)
	at java.util.concurrent.FutureTask.run(FutureTask.java:266)
	at java.util.concurrent.ThreadPoolExecutor.runWorker(ThreadPoolExecutor.java:1149)
	at java.util.concurrent.ThreadPoolExecutor$Worker.run(ThreadPoolExecutor.java:624)
	... 1 more
Caused by: org.apache.ratis.thirdparty.io.netty.channel.AbstractChannel$AnnotatedConnectException: Connection refused: /192.168.157.254:40697
	at sun.nio.ch.SocketChannelImpl.checkConnect(Native Method)
	at sun.nio.ch.SocketChannelImpl.finishConnect(SocketChannelImpl.java:717)
	at org.apache.ratis.thirdparty.io.netty.channel.socket.nio.NioSocketChannel.doFinishConnect(NioSocketChannel.java:327)
	at org.apache.ratis.thirdparty.io.netty.channel.nio.AbstractNioChannel$AbstractNioUnsafe.finishConnect(AbstractNioChannel.java:340)
	at org.apache.ratis.thirdparty.io.netty.channel.nio.NioEventLoop.processSelectedKey(NioEventLoop.java:632)
	at org.apache.ratis.thirdparty.io.netty.channel.nio.NioEventLoop.processSelectedKeysOptimized(NioEventLoop.java:579)
	at org.apache.ratis.thirdparty.io.netty.channel.nio.NioEventLoop.processSelectedKeys(NioEventLoop.java:496)
	at org.apache.ratis.thirdparty.io.netty.channel.nio.NioEventLoop.run(NioEventLoop.java:458)
	at org.apache.ratis.thirdparty.io.netty.util.concurrent.SingleThreadEventExecutor$5.run(SingleThreadEventExecutor.java:897)
	at org.apache.ratis.thirdparty.io.netty.util.concurrent.FastThreadLocalRunnable.run(FastThreadLocalRunnable.java:30)
	... 1 more
Caused by: java.net.ConnectException: Connection refused
	... 11 more
2019-09-18 11:48:37,328 [667c917f-69b1-4d24-81e9-af1370db70ff@group-4B0031EC218E:LeaderElection84] INFO  impl.LeaderElection (LogUtils.java:infoOrTrace(149)) -   Exception 1: {}
java.util.concurrent.ExecutionException: org.apache.ratis.thirdparty.io.grpc.StatusRuntimeException: UNAVAILABLE: io exception
	at java.util.concurrent.FutureTask.report(FutureTask.java:122)
	at java.util.concurrent.FutureTask.get(FutureTask.java:192)
	at org.apache.ratis.server.impl.LeaderElection.waitForResults(LeaderElection.java:263)
	at org.apache.ratis.server.impl.LeaderElection.askForVotes(LeaderElection.java:201)
	at org.apache.ratis.server.impl.LeaderElection.run(LeaderElection.java:133)
	at java.lang.Thread.run(Thread.java:748)
Caused by: org.apache.ratis.thirdparty.io.grpc.StatusRuntimeException: UNAVAILABLE: io exception
	at org.apache.ratis.thirdparty.io.grpc.stub.ClientCalls.toStatusRuntimeException(ClientCalls.java:233)
	at org.apache.ratis.thirdparty.io.grpc.stub.ClientCalls.getUnchecked(ClientCalls.java:214)
	at org.apache.ratis.thirdparty.io.grpc.stub.ClientCalls.blockingUnaryCall(ClientCalls.java:139)
	at org.apache.ratis.proto.grpc.RaftServerProtocolServiceGrpc$RaftServerProtocolServiceBlockingStub.requestVote(RaftServerProtocolServiceGrpc.java:265)
	at org.apache.ratis.grpc.server.GrpcServerProtocolClient.requestVote(GrpcServerProtocolClient.java:90)
	at org.apache.ratis.grpc.server.GrpcService.requestVote(GrpcService.java:204)
	at org.apache.ratis.server.impl.LeaderElection.lambda$submitRequests$1(LeaderElection.java:238)
	at java.util.concurrent.FutureTask.run(FutureTask.java:266)
	at java.util.concurrent.Executors$RunnableAdapter.call(Executors.java:511)
	at java.util.concurrent.FutureTask.run(FutureTask.java:266)
	at java.util.concurrent.ThreadPoolExecutor.runWorker(ThreadPoolExecutor.java:1149)
	at java.util.concurrent.ThreadPoolExecutor$Worker.run(ThreadPoolExecutor.java:624)
	... 1 more
Caused by: org.apache.ratis.thirdparty.io.netty.channel.AbstractChannel$AnnotatedConnectException: Connection refused: /192.168.157.254:43451
	at sun.nio.ch.SocketChannelImpl.checkConnect(Native Method)
	at sun.nio.ch.SocketChannelImpl.finishConnect(SocketChannelImpl.java:717)
	at org.apache.ratis.thirdparty.io.netty.channel.socket.nio.NioSocketChannel.doFinishConnect(NioSocketChannel.java:327)
	at org.apache.ratis.thirdparty.io.netty.channel.nio.AbstractNioChannel$AbstractNioUnsafe.finishConnect(AbstractNioChannel.java:340)
	at org.apache.ratis.thirdparty.io.netty.channel.nio.NioEventLoop.processSelectedKey(NioEventLoop.java:632)
	at org.apache.ratis.thirdparty.io.netty.channel.nio.NioEventLoop.processSelectedKeysOptimized(NioEventLoop.java:579)
	at org.apache.ratis.thirdparty.io.netty.channel.nio.NioEventLoop.processSelectedKeys(NioEventLoop.java:496)
	at org.apache.ratis.thirdparty.io.netty.channel.nio.NioEventLoop.run(NioEventLoop.java:458)
	at org.apache.ratis.thirdparty.io.netty.util.concurrent.SingleThreadEventExecutor$5.run(SingleThreadEventExecutor.java:897)
	at org.apache.ratis.thirdparty.io.netty.util.concurrent.FastThreadLocalRunnable.run(FastThreadLocalRunnable.java:30)
	... 1 more
Caused by: java.net.ConnectException: Connection refused
	... 11 more
2019-09-18 11:48:37,328 [667c917f-69b1-4d24-81e9-af1370db70ff@group-4B0031EC218E:LeaderElection84] INFO  impl.RaftServerImpl (RaftServerImpl.java:setRole(174)) - 667c917f-69b1-4d24-81e9-af1370db70ff@group-4B0031EC218E: changes role from CANDIDATE to FOLLOWER at term 6 for DISCOVERED_A_NEW_TERM
2019-09-18 11:48:37,328 [667c917f-69b1-4d24-81e9-af1370db70ff@group-4B0031EC218E:LeaderElection84] INFO  impl.RoleInfo (RoleInfo.java:shutdownLeaderElection(134)) - 667c917f-69b1-4d24-81e9-af1370db70ff: shutdown LeaderElection
2019-09-18 11:48:37,329 [667c917f-69b1-4d24-81e9-af1370db70ff@group-4B0031EC218E:LeaderElection84] INFO  impl.RoleInfo (RoleInfo.java:updateAndGet(143)) - 667c917f-69b1-4d24-81e9-af1370db70ff: start FollowerState
2019-09-18 11:48:38,065 [EventQueue-StaleNodeForStaleNodeHandler] INFO  node.StaleNodeHandler (StaleNodeHandler.java:onMessage(58)) - Datanode 667c917f-69b1-4d24-81e9-af1370db70ff{ip: 192.168.157.254, host: pr-hdds-2143-zjsjg-1178913, networkLocation: /default-rack, certSerialId: null} moved to stale state. Finalizing its pipelines [PipelineID=0c2f8137-b3ac-45ea-bafe-4b0031ec218e, PipelineID=024b6f03-91f4-4f50-92cc-aa49e0bd0a81]
2019-09-18 11:48:38,067 [EventQueue-StaleNodeForStaleNodeHandler] INFO  pipeline.SCMPipelineManager (SCMPipelineManager.java:finalizeAndDestroyPipeline(311)) - destroying pipeline:Pipeline[ Id: 0c2f8137-b3ac-45ea-bafe-4b0031ec218e, Nodes: 43bd4a59-611b-42ac-b803-c7bc77298fb7{ip: 192.168.157.254, host: pr-hdds-2143-zjsjg-1178913, networkLocation: /default-rack, certSerialId: null}667c917f-69b1-4d24-81e9-af1370db70ff{ip: 192.168.157.254, host: pr-hdds-2143-zjsjg-1178913, networkLocation: /default-rack, certSerialId: null}80b2273a-a181-40f7-a59c-f9bb72e1a4d3{ip: 192.168.157.254, host: pr-hdds-2143-zjsjg-1178913, networkLocation: /default-rack, certSerialId: null}, Type:RATIS, Factor:THREE, State:CLOSED]
2019-09-18 11:48:38,068 [EventQueue-StaleNodeForStaleNodeHandler] INFO  pipeline.SCMPipelineManager (SCMPipelineManager.java:finalizeAndDestroyPipeline(311)) - destroying pipeline:Pipeline[ Id: 024b6f03-91f4-4f50-92cc-aa49e0bd0a81, Nodes: 667c917f-69b1-4d24-81e9-af1370db70ff{ip: 192.168.157.254, host: pr-hdds-2143-zjsjg-1178913, networkLocation: /default-rack, certSerialId: null}, Type:RATIS, Factor:ONE, State:OPEN]
2019-09-18 11:48:38,068 [EventQueue-StaleNodeForStaleNodeHandler] INFO  pipeline.PipelineStateManager (PipelineStateManager.java:finalizePipeline(123)) - Pipeline Pipeline[ Id: 024b6f03-91f4-4f50-92cc-aa49e0bd0a81, Nodes: 667c917f-69b1-4d24-81e9-af1370db70ff{ip: 192.168.157.254, host: pr-hdds-2143-zjsjg-1178913, networkLocation: /default-rack, certSerialId: null}, Type:RATIS, Factor:ONE, State:CLOSED] moved to CLOSED state
2019-09-18 11:48:38,265 [EventQueue-StaleNodeForStaleNodeHandler] INFO  node.StaleNodeHandler (StaleNodeHandler.java:onMessage(58)) - Datanode 7fcf7fc1-aad9-4c98-a442-089598333994{ip: 192.168.157.254, host: pr-hdds-2143-zjsjg-1178913, networkLocation: /default-rack, certSerialId: null} moved to stale state. Finalizing its pipelines [PipelineID=e5219950-c061-4465-a2e6-d5cb51a88392]
2019-09-18 11:48:38,266 [EventQueue-StaleNodeForStaleNodeHandler] INFO  pipeline.SCMPipelineManager (SCMPipelineManager.java:finalizeAndDestroyPipeline(311)) - destroying pipeline:Pipeline[ Id: e5219950-c061-4465-a2e6-d5cb51a88392, Nodes: 7fcf7fc1-aad9-4c98-a442-089598333994{ip: 192.168.157.254, host: pr-hdds-2143-zjsjg-1178913, networkLocation: /default-rack, certSerialId: null}, Type:RATIS, Factor:ONE, State:OPEN]
2019-09-18 11:48:38,266 [EventQueue-StaleNodeForStaleNodeHandler] INFO  pipeline.PipelineStateManager (PipelineStateManager.java:finalizePipeline(123)) - Pipeline Pipeline[ Id: e5219950-c061-4465-a2e6-d5cb51a88392, Nodes: 7fcf7fc1-aad9-4c98-a442-089598333994{ip: 192.168.157.254, host: pr-hdds-2143-zjsjg-1178913, networkLocation: /default-rack, certSerialId: null}, Type:RATIS, Factor:ONE, State:CLOSED] moved to CLOSED state
2019-09-18 11:48:38,595 [main] INFO  ozoneimpl.OzoneContainer (OzoneContainer.java:stop(231)) - Attempting to stop container services.
2019-09-18 11:48:38,597 [main] INFO  impl.RaftServerProxy (RaftServerProxy.java:lambda$close$4(314)) - 7fcf7fc1-aad9-4c98-a442-089598333994: close
2019-09-18 11:48:38,598 [main] INFO  impl.RaftServerImpl (RaftServerImpl.java:lambda$shutdown$3(251)) - 7fcf7fc1-aad9-4c98-a442-089598333994@group-D5CB51A88392: shutdown
2019-09-18 11:48:38,598 [ForkJoinPool.commonPool-worker-0] INFO  ozoneimpl.OzoneContainer (OzoneContainer.java:stop(231)) - Attempting to stop container services.
2019-09-18 11:48:38,598 [main] INFO  util.JmxRegister (JmxRegister.java:unregister(73)) - Successfully un-registered JMX Bean with object name Ratis:service=RaftServer,group=group-D5CB51A88392,id=7fcf7fc1-aad9-4c98-a442-089598333994
2019-09-18 11:48:38,598 [ForkJoinPool.commonPool-worker-0] INFO  impl.RaftServerProxy (RaftServerProxy.java:lambda$close$4(314)) - 667c917f-69b1-4d24-81e9-af1370db70ff: close
2019-09-18 11:48:38,599 [main] INFO  impl.RoleInfo (RoleInfo.java:shutdownLeaderState(104)) - 7fcf7fc1-aad9-4c98-a442-089598333994: shutdown LeaderState
2019-09-18 11:48:38,599 [ForkJoinPool.commonPool-worker-0] INFO  impl.RaftServerImpl (RaftServerImpl.java:lambda$shutdown$3(251)) - 667c917f-69b1-4d24-81e9-af1370db70ff@group-4B0031EC218E: shutdown
2019-09-18 11:48:38,600 [main] INFO  impl.PendingRequests (PendingRequests.java:sendNotLeaderResponses(202)) - 7fcf7fc1-aad9-4c98-a442-089598333994-PendingRequests: sendNotLeaderResponses
2019-09-18 11:48:38,600 [ForkJoinPool.commonPool-worker-0] INFO  util.JmxRegister (JmxRegister.java:unregister(73)) - Successfully un-registered JMX Bean with object name Ratis:service=RaftServer,group=group-4B0031EC218E,id=667c917f-69b1-4d24-81e9-af1370db70ff
2019-09-18 11:48:38,601 [main] INFO  impl.StateMachineUpdater (StateMachineUpdater.java:stopAndJoin(125)) - 7fcf7fc1-aad9-4c98-a442-089598333994@group-D5CB51A88392-StateMachineUpdater: set stopIndex = 0
2019-09-18 11:48:38,601 [ForkJoinPool.commonPool-worker-0] INFO  impl.RoleInfo (RoleInfo.java:shutdownFollowerState(121)) - 667c917f-69b1-4d24-81e9-af1370db70ff: shutdown FollowerState
2019-09-18 11:48:38,602 [main] INFO  impl.RaftServerImpl (ServerState.java:close(385)) - 7fcf7fc1-aad9-4c98-a442-089598333994@group-D5CB51A88392: closes. applyIndex: 0
2019-09-18 11:48:38,602 [667c917f-69b1-4d24-81e9-af1370db70ff@group-4B0031EC218E-StateMachineUpdater] INFO  ratis.ContainerStateMachine (ContainerStateMachine.java:takeSnapshot(289)) - group-4B0031EC218E: Taking a snapshot at:(t:1, i:12) file /workdir/hadoop-ozone/integration-test/target/test-dir/MiniOzoneClusterImpl-29a1df15-cd37-4e65-a38b-6e93fe944b41/datanode-0/data/ratis/0c2f8137-b3ac-45ea-bafe-4b0031ec218e/sm/snapshot.1_12
2019-09-18 11:48:38,602 [Thread-3303] INFO  impl.FollowerState (FollowerState.java:run(115)) - 667c917f-69b1-4d24-81e9-af1370db70ff: FollowerState was interrupted: java.lang.InterruptedException: sleep interrupted
2019-09-18 11:48:38,602 [ForkJoinPool.commonPool-worker-0] INFO  impl.StateMachineUpdater (StateMachineUpdater.java:stopAndJoin(125)) - 667c917f-69b1-4d24-81e9-af1370db70ff@group-4B0031EC218E-StateMachineUpdater: set stopIndex = 16
2019-09-18 11:48:38,604 [7fcf7fc1-aad9-4c98-a442-089598333994@group-D5CB51A88392-SegmentedRaftLogWorker] INFO  segmented.SegmentedRaftLogWorker (SegmentedRaftLogWorker.java:run(313)) - 7fcf7fc1-aad9-4c98-a442-089598333994@group-D5CB51A88392-SegmentedRaftLogWorker was interrupted, exiting. There are 0 tasks remaining in the queue.
2019-09-18 11:48:38,604 [main] INFO  segmented.SegmentedRaftLogWorker (SegmentedRaftLogWorker.java:close(228)) - 7fcf7fc1-aad9-4c98-a442-089598333994@group-D5CB51A88392-SegmentedRaftLogWorker close()
2019-09-18 11:48:38,606 [main] INFO  server.GrpcService (GrpcService.java:closeImpl(164)) - 7fcf7fc1-aad9-4c98-a442-089598333994: shutdown server with port 44987 now
2019-09-18 11:48:38,608 [main] INFO  server.GrpcService (GrpcService.java:closeImpl(172)) - 7fcf7fc1-aad9-4c98-a442-089598333994: shutdown server with port 44987 successfully
2019-09-18 11:48:38,611 [refreshUsed-/workdir/hadoop-ozone/integration-test/target/test-dir/MiniOzoneClusterImpl-29a1df15-cd37-4e65-a38b-6e93fe944b41/datanode-5/data/containers] WARN  fs.CachingGetSpaceUsed (CachingGetSpaceUsed.java:run(183)) - Thread Interrupted waiting to refresh disk information: sleep interrupted
2019-09-18 11:48:38,617 [667c917f-69b1-4d24-81e9-af1370db70ff@group-4B0031EC218E-StateMachineUpdater] INFO  ratis.ContainerStateMachine (ContainerStateMachine.java:takeSnapshot(300)) - group-4B0031EC218E: Finished taking a snapshot at:(t:1, i:12) file:/workdir/hadoop-ozone/integration-test/target/test-dir/MiniOzoneClusterImpl-29a1df15-cd37-4e65-a38b-6e93fe944b41/datanode-0/data/ratis/0c2f8137-b3ac-45ea-bafe-4b0031ec218e/sm/snapshot.1_12 time:15
2019-09-18 11:48:38,618 [667c917f-69b1-4d24-81e9-af1370db70ff@group-4B0031EC218E-StateMachineUpdater] INFO  impl.StateMachineUpdater (StateMachineUpdater.java:takeSnapshot(258)) - 667c917f-69b1-4d24-81e9-af1370db70ff@group-4B0031EC218E-StateMachineUpdater: Took a snapshot at index 12
2019-09-18 11:48:38,618 [667c917f-69b1-4d24-81e9-af1370db70ff@group-4B0031EC218E-StateMachineUpdater] INFO  impl.StateMachineUpdater (StateMachineUpdater.java:lambda$new$0(83)) - 667c917f-69b1-4d24-81e9-af1370db70ff@group-4B0031EC218E-StateMachineUpdater: snapshotIndex: updateIncreasingly -1 -> 12
2019-09-18 11:48:38,618 [667c917f-69b1-4d24-81e9-af1370db70ff@group-4B0031EC218E-StateMachineUpdater] INFO  ratis.ContainerStateMachine (ContainerStateMachine.java:takeSnapshot(289)) - group-4B0031EC218E: Taking a snapshot at:(t:1, i:12) file /workdir/hadoop-ozone/integration-test/target/test-dir/MiniOzoneClusterImpl-29a1df15-cd37-4e65-a38b-6e93fe944b41/datanode-0/data/ratis/0c2f8137-b3ac-45ea-bafe-4b0031ec218e/sm/snapshot.1_12
2019-09-18 11:48:38,630 [667c917f-69b1-4d24-81e9-af1370db70ff@group-4B0031EC218E-StateMachineUpdater] INFO  ratis.ContainerStateMachine (ContainerStateMachine.java:takeSnapshot(300)) - group-4B0031EC218E: Finished taking a snapshot at:(t:1, i:12) file:/workdir/hadoop-ozone/integration-test/target/test-dir/MiniOzoneClusterImpl-29a1df15-cd37-4e65-a38b-6e93fe944b41/datanode-0/data/ratis/0c2f8137-b3ac-45ea-bafe-4b0031ec218e/sm/snapshot.1_12 time:12
2019-09-18 11:48:38,631 [667c917f-69b1-4d24-81e9-af1370db70ff@group-4B0031EC218E-StateMachineUpdater] INFO  impl.StateMachineUpdater (StateMachineUpdater.java:takeSnapshot(258)) - 667c917f-69b1-4d24-81e9-af1370db70ff@group-4B0031EC218E-StateMachineUpdater: Took a snapshot at index 12
2019-09-18 11:48:38,631 [667c917f-69b1-4d24-81e9-af1370db70ff@group-4B0031EC218E-StateMachineUpdater] INFO  impl.StateMachineUpdater (StateMachineUpdater.java:lambda$new$0(83)) - 667c917f-69b1-4d24-81e9-af1370db70ff@group-4B0031EC218E-StateMachineUpdater: snapshotIndex: updateIncreasingly 12 -> 12
2019-09-18 11:48:38,631 [ForkJoinPool.commonPool-worker-0] INFO  impl.RaftServerImpl (ServerState.java:close(385)) - 667c917f-69b1-4d24-81e9-af1370db70ff@group-4B0031EC218E: closes. applyIndex: 16
2019-09-18 11:48:38,632 [667c917f-69b1-4d24-81e9-af1370db70ff@group-4B0031EC218E-SegmentedRaftLogWorker] INFO  segmented.SegmentedRaftLogWorker (SegmentedRaftLogWorker.java:run(313)) - 667c917f-69b1-4d24-81e9-af1370db70ff@group-4B0031EC218E-SegmentedRaftLogWorker was interrupted, exiting. There are 0 tasks remaining in the queue.
2019-09-18 11:48:38,632 [ForkJoinPool.commonPool-worker-0] INFO  segmented.SegmentedRaftLogWorker (SegmentedRaftLogWorker.java:close(228)) - 667c917f-69b1-4d24-81e9-af1370db70ff@group-4B0031EC218E-SegmentedRaftLogWorker close()
2019-09-18 11:48:38,633 [ForkJoinPool.commonPool-worker-0] INFO  impl.RaftServerImpl (RaftServerImpl.java:lambda$shutdown$3(251)) - 667c917f-69b1-4d24-81e9-af1370db70ff@group-AA49E0BD0A81: shutdown
2019-09-18 11:48:38,634 [ForkJoinPool.commonPool-worker-0] INFO  util.JmxRegister (JmxRegister.java:unregister(73)) - Successfully un-registered JMX Bean with object name Ratis:service=RaftServer,group=group-AA49E0BD0A81,id=667c917f-69b1-4d24-81e9-af1370db70ff
2019-09-18 11:48:38,634 [main] INFO  utils.BackgroundService (BackgroundService.java:shutdown(148)) - Shutting down service BlockDeletingService
2019-09-18 11:48:38,634 [ForkJoinPool.commonPool-worker-0] INFO  impl.RoleInfo (RoleInfo.java:shutdownLeaderState(104)) - 667c917f-69b1-4d24-81e9-af1370db70ff: shutdown LeaderState
2019-09-18 11:48:38,636 [ForkJoinPool.commonPool-worker-0] INFO  impl.PendingRequests (PendingRequests.java:sendNotLeaderResponses(202)) - 667c917f-69b1-4d24-81e9-af1370db70ff-PendingRequests: sendNotLeaderResponses
2019-09-18 11:48:38,636 [main] INFO  statemachine.DatanodeStateMachine (DatanodeStateMachine.java:stopDaemon(395)) - Ozone container server stopped.
2019-09-18 11:48:38,637 [ForkJoinPool.commonPool-worker-0] INFO  impl.StateMachineUpdater (StateMachineUpdater.java:stopAndJoin(125)) - 667c917f-69b1-4d24-81e9-af1370db70ff@group-AA49E0BD0A81-StateMachineUpdater: set stopIndex = 0
2019-09-18 11:48:38,637 [ForkJoinPool.commonPool-worker-0] INFO  impl.RaftServerImpl (ServerState.java:close(385)) - 667c917f-69b1-4d24-81e9-af1370db70ff@group-AA49E0BD0A81: closes. applyIndex: 0
2019-09-18 11:48:38,638 [667c917f-69b1-4d24-81e9-af1370db70ff@group-AA49E0BD0A81-SegmentedRaftLogWorker] INFO  segmented.SegmentedRaftLogWorker (SegmentedRaftLogWorker.java:run(313)) - 667c917f-69b1-4d24-81e9-af1370db70ff@group-AA49E0BD0A81-SegmentedRaftLogWorker was interrupted, exiting. There are 0 tasks remaining in the queue.
2019-09-18 11:48:38,638 [ForkJoinPool.commonPool-worker-0] INFO  segmented.SegmentedRaftLogWorker (SegmentedRaftLogWorker.java:close(228)) - 667c917f-69b1-4d24-81e9-af1370db70ff@group-AA49E0BD0A81-SegmentedRaftLogWorker close()
2019-09-18 11:48:38,638 [main] INFO  handler.ContextHandler (ContextHandler.java:doStop(910)) - Stopped o.e.j.w.WebAppContext@3f68a7f8{/,null,UNAVAILABLE}{/hddsDatanode}
2019-09-18 11:48:38,639 [ForkJoinPool.commonPool-worker-0] INFO  server.GrpcService (GrpcService.java:closeImpl(164)) - 667c917f-69b1-4d24-81e9-af1370db70ff: shutdown server with port 42838 now
2019-09-18 11:48:38,640 [main] INFO  server.AbstractConnector (AbstractConnector.java:doStop(318)) - Stopped ServerConnector@4faf1f4{HTTP/1.1,[http/1.1]}{0.0.0.0:0}
2019-09-18 11:48:38,640 [ForkJoinPool.commonPool-worker-0] INFO  server.GrpcService (GrpcService.java:closeImpl(172)) - 667c917f-69b1-4d24-81e9-af1370db70ff: shutdown server with port 42838 successfully
2019-09-18 11:48:38,640 [main] INFO  handler.ContextHandler (ContextHandler.java:doStop(910)) - Stopped o.e.j.s.ServletContextHandler@53125718{/static,jar:file:/home/user/.m2/repository/org/apache/hadoop/hadoop-hdds-container-service/0.5.0-SNAPSHOT/hadoop-hdds-container-service-0.5.0-SNAPSHOT.jar!/webapps/static,UNAVAILABLE}
2019-09-18 11:48:38,641 [main] INFO  handler.ContextHandler (ContextHandler.java:doStop(910)) - Stopped o.e.j.s.ServletContextHandler@16f7f59f{/logs,file:///workdir/hadoop-ozone/integration-test/target/log,UNAVAILABLE}
2019-09-18 11:48:38,644 [refreshUsed-/workdir/hadoop-ozone/integration-test/target/test-dir/MiniOzoneClusterImpl-29a1df15-cd37-4e65-a38b-6e93fe944b41/datanode-0/data/containers] WARN  fs.CachingGetSpaceUsed (CachingGetSpaceUsed.java:run(183)) - Thread Interrupted waiting to refresh disk information: sleep interrupted
2019-09-18 11:48:38,655 [ForkJoinPool.commonPool-worker-0] INFO  utils.BackgroundService (BackgroundService.java:shutdown(148)) - Shutting down service BlockDeletingService
2019-09-18 11:48:38,657 [ForkJoinPool.commonPool-worker-0] INFO  statemachine.DatanodeStateMachine (DatanodeStateMachine.java:stopDaemon(395)) - Ozone container server stopped.
2019-09-18 11:48:38,660 [ForkJoinPool.commonPool-worker-0] INFO  handler.ContextHandler (ContextHandler.java:doStop(910)) - Stopped o.e.j.w.WebAppContext@3c18942{/,null,UNAVAILABLE}{/hddsDatanode}
2019-09-18 11:48:38,660 [ForkJoinPool.commonPool-worker-0] INFO  server.AbstractConnector (AbstractConnector.java:doStop(318)) - Stopped ServerConnector@743c3520{HTTP/1.1,[http/1.1]}{0.0.0.0:0}
2019-09-18 11:48:38,664 [ForkJoinPool.commonPool-worker-0] INFO  handler.ContextHandler (ContextHandler.java:doStop(910)) - Stopped o.e.j.s.ServletContextHandler@52ba685a{/static,jar:file:/home/user/.m2/repository/org/apache/hadoop/hadoop-hdds-container-service/0.5.0-SNAPSHOT/hadoop-hdds-container-service-0.5.0-SNAPSHOT.jar!/webapps/static,UNAVAILABLE}
2019-09-18 11:48:38,664 [ForkJoinPool.commonPool-worker-0] INFO  handler.ContextHandler (ContextHandler.java:doStop(910)) - Stopped o.e.j.s.ServletContextHandler@6f1fa1d0{/logs,file:///workdir/hadoop-ozone/integration-test/target/log,UNAVAILABLE}
2019-09-18 11:48:38,665 [main] INFO  ozone.MiniOzoneClusterImpl (MiniOzoneClusterImpl.java:stop(344)) - Stopping the StorageContainerManager
2019-09-18 11:48:38,665 [main] INFO  server.StorageContainerManager (StorageContainerManager.java:stop(801)) - Stopping Replication Manager Service.
2019-09-18 11:48:38,665 [main] INFO  container.ReplicationManager (ReplicationManager.java:stop(203)) - Stopping Replication Monitor Thread.
2019-09-18 11:48:38,665 [main] INFO  server.StorageContainerManager (StorageContainerManager.java:stop(808)) - Stopping Lease Manager of the command watchers
2019-09-18 11:48:38,665 [main] INFO  server.StorageContainerManager (StorageContainerManager.java:stop(815)) - Stopping datanode service RPC server
2019-09-18 11:48:38,665 [main] INFO  server.SCMDatanodeProtocolServer (SCMDatanodeProtocolServer.java:stop(367)) - Stopping the RPC server for DataNodes
2019-09-18 11:48:38,666 [main] INFO  ipc.Server (Server.java:stop(3082)) - Stopping server on 45967
2019-09-18 11:48:38,668 [IPC Server listener on 45967] INFO  ipc.Server (Server.java:run(1185)) - Stopping IPC Server listener on 45967
2019-09-18 11:48:38,668 [IPC Server Responder] INFO  ipc.Server (Server.java:run(1319)) - Stopping IPC Server Responder
2019-09-18 11:48:38,766 [SCM Heartbeat Processing Thread - 0] WARN  node.NodeStateManager (NodeStateManager.java:scheduleNextHealthCheck(646)) - Current Thread is interrupted, shutting down HB processing thread for Node Manager.
2019-09-18 11:48:38,766 [main] INFO  server.StorageContainerManager (StorageContainerManager.java:stop(823)) - Stopping block service RPC server
2019-09-18 11:48:38,766 [main] INFO  server.SCMBlockProtocolServer (SCMBlockProtocolServer.java:stop(155)) - Stopping the RPC server for Block Protocol
2019-09-18 11:48:38,767 [main] INFO  ipc.Server (Server.java:stop(3082)) - Stopping server on 42320
2019-09-18 11:48:38,768 [IPC Server listener on 42320] INFO  ipc.Server (Server.java:run(1185)) - Stopping IPC Server listener on 42320
2019-09-18 11:48:38,768 [main] INFO  server.StorageContainerManager (StorageContainerManager.java:stop(830)) - Stopping the StorageContainerLocationProtocol RPC server
2019-09-18 11:48:38,770 [IPC Server Responder] INFO  ipc.Server (Server.java:run(1319)) - Stopping IPC Server Responder
2019-09-18 11:48:38,770 [main] INFO  server.SCMClientProtocolServer (SCMClientProtocolServer.java:stop(159)) - Stopping the RPC server for Client Protocol
2019-09-18 11:48:38,770 [main] INFO  ipc.Server (Server.java:stop(3082)) - Stopping server on 39306
2019-09-18 11:48:38,772 [IPC Server listener on 39306] INFO  ipc.Server (Server.java:run(1185)) - Stopping IPC Server listener on 39306
2019-09-18 11:48:38,774 [main] INFO  server.StorageContainerManager (StorageContainerManager.java:stop(837)) - Stopping Storage Container Manager HTTP server.
2019-09-18 11:48:38,774 [IPC Server Responder] INFO  ipc.Server (Server.java:run(1319)) - Stopping IPC Server Responder
2019-09-18 11:48:38,776 [main] INFO  handler.ContextHandler (ContextHandler.java:doStop(910)) - Stopped o.e.j.w.WebAppContext@4a2bf50f{/,null,UNAVAILABLE}{/scm}
2019-09-18 11:48:38,777 [main] INFO  server.AbstractConnector (AbstractConnector.java:doStop(318)) - Stopped ServerConnector@350323a0{HTTP/1.1,[http/1.1]}{0.0.0.0:0}
2019-09-18 11:48:38,777 [main] INFO  handler.ContextHandler (ContextHandler.java:doStop(910)) - Stopped o.e.j.s.ServletContextHandler@5657967b{/static,file:///workdir/hadoop-ozone/integration-test/target/test-classes/webapps/static,UNAVAILABLE}
2019-09-18 11:48:38,778 [main] INFO  handler.ContextHandler (ContextHandler.java:doStop(910)) - Stopped o.e.j.s.ServletContextHandler@6c0b51da{/logs,file:///workdir/hadoop-ozone/integration-test/target/log,UNAVAILABLE}
2019-09-18 11:48:38,779 [main] INFO  server.StorageContainerManager (StorageContainerManager.java:stop(848)) - Stopping Block Manager Service.
2019-09-18 11:48:38,779 [main] INFO  utils.BackgroundService (BackgroundService.java:shutdown(148)) - Shutting down service SCMBlockDeletingService
2019-09-18 11:48:38,781 [main] INFO  utils.BackgroundService (BackgroundService.java:shutdown(148)) - Shutting down service SCMBlockDeletingService
2019-09-18 11:48:38,781 [main] INFO  server.StorageContainerManager (StorageContainerManager.java:stop(870)) - Stopping SCM Event Queue.
2019-09-18 11:48:38,786 [main] INFO  impl.MetricsSystemImpl (MetricsSystemImpl.java:stop(210)) - Stopping HddsDatanode metrics system...
2019-09-18 11:48:38,808 [main] INFO  impl.MetricsSystemImpl (MetricsSystemImpl.java:stop(216)) - HddsDatanode metrics system stopped.
]]></system-out>
    <system-err><![CDATA[Sep 18, 2019 11:48:28 AM org.apache.ratis.thirdparty.io.grpc.internal.SerializingExecutor run
SEVERE: Exception while executing runnable org.apache.ratis.thirdparty.io.grpc.internal.ServerImpl$JumpToApplicationThreadServerStreamListener$1Closed@27b643a0
org.apache.ratis.thirdparty.io.grpc.StatusRuntimeException: CANCELLED: call already cancelled
	at org.apache.ratis.thirdparty.io.grpc.Status.asRuntimeException(Status.java:517)
	at org.apache.ratis.thirdparty.io.grpc.stub.ServerCalls$ServerCallStreamObserverImpl.onCompleted(ServerCalls.java:356)
	at org.apache.ratis.grpc.server.GrpcServerProtocolService$ServerRequestStreamObserver.onError(GrpcServerProtocolService.java:121)
	at org.apache.ratis.thirdparty.io.grpc.stub.ServerCalls$StreamingServerCallHandler$StreamingServerCallListener.onCancel(ServerCalls.java:269)
	at org.apache.ratis.thirdparty.io.grpc.internal.ServerCallImpl$ServerStreamListenerImpl.closed(ServerCallImpl.java:293)
	at org.apache.ratis.thirdparty.io.grpc.internal.ServerImpl$JumpToApplicationThreadServerStreamListener$1Closed.runInContext(ServerImpl.java:741)
	at org.apache.ratis.thirdparty.io.grpc.internal.ContextRunnable.run(ContextRunnable.java:37)
	at org.apache.ratis.thirdparty.io.grpc.internal.SerializingExecutor.run(SerializingExecutor.java:123)
	at java.util.concurrent.ThreadPoolExecutor.runWorker(ThreadPoolExecutor.java:1149)
	at java.util.concurrent.ThreadPoolExecutor$Worker.run(ThreadPoolExecutor.java:624)
	at java.lang.Thread.run(Thread.java:748)

]]></system-err>
  </testcase>
  <testcase name="testFailureWithPrimeSizedData" classname="org.apache.hadoop.ozone.client.rpc.TestBlockOutputStreamWithFailures" time="59.429"/>
  <testcase name="testWatchForCommitWithCloseContainerException" classname="org.apache.hadoop.ozone.client.rpc.TestBlockOutputStreamWithFailures" time="55.878"/>
  <testcase name="testExceptionDuringClose" classname="org.apache.hadoop.ozone.client.rpc.TestBlockOutputStreamWithFailures" time="42.643"/>
</testsuite>