<?xml version="1.0" encoding="UTF-8"?>
<testsuite xmlns:xsi="http://www.w3.org/2001/XMLSchema-instance" xsi:noNamespaceSchemaLocation="https://maven.apache.org/surefire/maven-surefire-plugin/xsd/surefire-test-report.xsd" name="org.apache.hadoop.ozone.client.rpc.TestOzoneClientRetriesOnException" time="232.58" tests="2" errors="1" skipped="0" failures="0">
  <properties>
    <property name="awt.toolkit" value="sun.awt.X11.XToolkit"/>
    <property name="file.encoding.pkg" value="sun.io"/>
    <property name="java.specification.version" value="1.8"/>
    <property name="sun.cpu.isalist" value=""/>
    <property name="sun.jnu.encoding" value="UTF-8"/>
    <property name="java.class.path" value="/workdir/hadoop-ozone/integration-test/target/test-classes:/workdir/hadoop-ozone/integration-test/target/classes:/home/user/.m2/repository/org/apache/hadoop/hadoop-ozone-common/0.5.0-SNAPSHOT/hadoop-ozone-common-0.5.0-SNAPSHOT.jar:/home/user/.m2/repository/org/apache/commons/commons-compress/1.4.1/commons-compress-1.4.1.jar:/home/user/.m2/repository/org/tukaani/xz/1.0/xz-1.0.jar:/home/user/.m2/repository/org/apache/hadoop/hadoop-common/3.2.0/hadoop-common-3.2.0.jar:/home/user/.m2/repository/org/apache/hadoop/hadoop-hdfs/3.2.0/hadoop-hdfs-3.2.0.jar:/home/user/.m2/repository/org/apache/hadoop/hadoop-hdfs-client/3.2.0/hadoop-hdfs-client-3.2.0.jar:/home/user/.m2/repository/com/fasterxml/jackson/core/jackson-annotations/2.9.5/jackson-annotations-2.9.5.jar:/home/user/.m2/repository/org/apache/hadoop/hadoop-hdds-common/0.5.0-SNAPSHOT/hadoop-hdds-common-0.5.0-SNAPSHOT.jar:/home/user/.m2/repository/javax/annotation/javax.annotation-api/1.2/javax.annotation-api-1.2.jar:/home/user/.m2/repository/org/apache/ratis/ratis-server/0.4.0-78e95b9-SNAPSHOT/ratis-server-0.4.0-78e95b9-SNAPSHOT.jar:/home/user/.m2/repository/org/apache/ratis/ratis-thirdparty-misc/0.2.0/ratis-thirdparty-misc-0.2.0.jar:/home/user/.m2/repository/org/apache/ratis/ratis-proto/0.4.0-78e95b9-SNAPSHOT/ratis-proto-0.4.0-78e95b9-SNAPSHOT.jar:/home/user/.m2/repository/org/apache/ratis/ratis-common/0.4.0-78e95b9-SNAPSHOT/ratis-common-0.4.0-78e95b9-SNAPSHOT.jar:/home/user/.m2/repository/org/apache/ratis/ratis-client/0.4.0-78e95b9-SNAPSHOT/ratis-client-0.4.0-78e95b9-SNAPSHOT.jar:/home/user/.m2/repository/org/apache/ratis/ratis-metrics/0.4.0-78e95b9-SNAPSHOT/ratis-metrics-0.4.0-78e95b9-SNAPSHOT.jar:/home/user/.m2/repository/com/github/joshelser/dropwizard-metrics-hadoop-metrics2-reporter/0.1.2/dropwizard-metrics-hadoop-metrics2-reporter-0.1.2.jar:/home/user/.m2/repository/io/dropwizard/metrics/metrics-jvm/3.2.5/metrics-jvm-3.2.5.jar:/home/user/.m2/repository/io/dropwizard/metrics/metrics-ganglia/3.2.5/metrics-ganglia-3.2.5.jar:/home/user/.m2/repository/info/ganglia/gmetric4j/gmetric4j/1.0.7/gmetric4j-1.0.7.jar:/home/user/.m2/repository/org/apache/ratis/ratis-netty/0.4.0-78e95b9-SNAPSHOT/ratis-netty-0.4.0-78e95b9-SNAPSHOT.jar:/home/user/.m2/repository/org/apache/ratis/ratis-grpc/0.4.0-78e95b9-SNAPSHOT/ratis-grpc-0.4.0-78e95b9-SNAPSHOT.jar:/home/user/.m2/repository/org/rocksdb/rocksdbjni/6.0.1/rocksdbjni-6.0.1.jar:/home/user/.m2/repository/org/apache/logging/log4j/log4j-api/2.11.0/log4j-api-2.11.0.jar:/home/user/.m2/repository/org/apache/logging/log4j/log4j-core/2.11.0/log4j-core-2.11.0.jar:/home/user/.m2/repository/com/lmax/disruptor/3.4.2/disruptor-3.4.2.jar:/home/user/.m2/repository/org/apache/commons/commons-pool2/2.6.0/commons-pool2-2.6.0.jar:/home/user/.m2/repository/org/bouncycastle/bcpkix-jdk15on/1.60/bcpkix-jdk15on-1.60.jar:/home/user/.m2/repository/commons-validator/commons-validator/1.6/commons-validator-1.6.jar:/home/user/.m2/repository/commons-digester/commons-digester/1.8.1/commons-digester-1.8.1.jar:/home/user/.m2/repository/io/jaegertracing/jaeger-client/0.33.1/jaeger-client-0.33.1.jar:/home/user/.m2/repository/io/jaegertracing/jaeger-thrift/0.33.1/jaeger-thrift-0.33.1.jar:/home/user/.m2/repository/org/apache/thrift/libthrift/0.11.0/libthrift-0.11.0.jar:/home/user/.m2/repository/com/squareup/okhttp3/okhttp/3.9.0/okhttp-3.9.0.jar:/home/user/.m2/repository/com/squareup/okio/okio/1.13.0/okio-1.13.0.jar:/home/user/.m2/repository/io/jaegertracing/jaeger-core/0.33.1/jaeger-core-0.33.1.jar:/home/user/.m2/repository/io/jaegertracing/jaeger-tracerresolver/0.33.1/jaeger-tracerresolver-0.33.1.jar:/home/user/.m2/repository/io/opentracing/contrib/opentracing-tracerresolver/0.1.5/opentracing-tracerresolver-0.1.5.jar:/home/user/.m2/repository/io/opentracing/opentracing-util/0.31.0/opentracing-util-0.31.0.jar:/home/user/.m2/repository/io/opentracing/opentracing-api/0.31.0/opentracing-api-0.31.0.jar:/home/user/.m2/repository/io/opentracing/opentracing-noop/0.31.0/opentracing-noop-0.31.0.jar:/home/user/.m2/repository/org/apache/hadoop/hadoop-hdds-server-framework/0.5.0-SNAPSHOT/hadoop-hdds-server-framework-0.5.0-SNAPSHOT.jar:/home/user/.m2/repository/org/apache/hadoop/hadoop-hdds-container-service/0.5.0-SNAPSHOT/hadoop-hdds-container-service-0.5.0-SNAPSHOT.jar:/home/user/.m2/repository/org/apache/hadoop/hadoop-hdds-client/0.5.0-SNAPSHOT/hadoop-hdds-client-0.5.0-SNAPSHOT.jar:/home/user/.m2/repository/org/apache/hadoop/hadoop-hdds-tools/0.5.0-SNAPSHOT/hadoop-hdds-tools-0.5.0-SNAPSHOT.jar:/home/user/.m2/repository/org/apache/hadoop/hadoop-hdds-server-scm/0.5.0-SNAPSHOT/hadoop-hdds-server-scm-0.5.0-SNAPSHOT.jar:/home/user/.m2/repository/org/apache/hadoop/hadoop-hdds-docs/0.5.0-SNAPSHOT/hadoop-hdds-docs-0.5.0-SNAPSHOT.jar:/home/user/.m2/repository/io/dropwizard/metrics/metrics-core/3.2.4/metrics-core-3.2.4.jar:/home/user/.m2/repository/org/hamcrest/hamcrest-all/1.3/hamcrest-all-1.3.jar:/home/user/.m2/repository/org/bouncycastle/bcprov-jdk15on/1.60/bcprov-jdk15on-1.60.jar:/home/user/.m2/repository/info/picocli/picocli/3.9.6/picocli-3.9.6.jar:/home/user/.m2/repository/com/google/protobuf/protobuf-java/2.5.0/protobuf-java-2.5.0.jar:/home/user/.m2/repository/com/google/guava/guava/11.0.2/guava-11.0.2.jar:/home/user/.m2/repository/org/apache/hadoop/hadoop-ozone-ozone-manager/0.5.0-SNAPSHOT/hadoop-ozone-ozone-manager-0.5.0-SNAPSHOT.jar:/home/user/.m2/repository/org/apache/hadoop/hadoop-minikdc/3.2.0/hadoop-minikdc-3.2.0.jar:/home/user/.m2/repository/commons-io/commons-io/2.5/commons-io-2.5.jar:/home/user/.m2/repository/org/apache/kerby/kerb-simplekdc/1.0.1/kerb-simplekdc-1.0.1.jar:/home/user/.m2/repository/org/apache/kerby/kerb-client/1.0.1/kerb-client-1.0.1.jar:/home/user/.m2/repository/org/apache/kerby/kerby-config/1.0.1/kerby-config-1.0.1.jar:/home/user/.m2/repository/org/apache/kerby/kerb-core/1.0.1/kerb-core-1.0.1.jar:/home/user/.m2/repository/org/apache/kerby/kerby-pkix/1.0.1/kerby-pkix-1.0.1.jar:/home/user/.m2/repository/org/apache/kerby/kerby-asn1/1.0.1/kerby-asn1-1.0.1.jar:/home/user/.m2/repository/org/apache/kerby/kerby-util/1.0.1/kerby-util-1.0.1.jar:/home/user/.m2/repository/org/apache/kerby/kerb-common/1.0.1/kerb-common-1.0.1.jar:/home/user/.m2/repository/org/apache/kerby/kerb-crypto/1.0.1/kerb-crypto-1.0.1.jar:/home/user/.m2/repository/org/apache/kerby/kerb-util/1.0.1/kerb-util-1.0.1.jar:/home/user/.m2/repository/org/apache/kerby/token-provider/1.0.1/token-provider-1.0.1.jar:/home/user/.m2/repository/org/apache/kerby/kerb-admin/1.0.1/kerb-admin-1.0.1.jar:/home/user/.m2/repository/org/apache/kerby/kerb-server/1.0.1/kerb-server-1.0.1.jar:/home/user/.m2/repository/org/apache/kerby/kerb-identity/1.0.1/kerb-identity-1.0.1.jar:/home/user/.m2/repository/org/apache/kerby/kerby-xdr/1.0.1/kerby-xdr-1.0.1.jar:/home/user/.m2/repository/org/slf4j/slf4j-log4j12/1.7.25/slf4j-log4j12-1.7.25.jar:/home/user/.m2/repository/org/apache/hadoop/hadoop-ozone-s3gateway/0.5.0-SNAPSHOT/hadoop-ozone-s3gateway-0.5.0-SNAPSHOT.jar:/home/user/.m2/repository/org/jboss/weld/servlet/weld-servlet/2.4.7.Final/weld-servlet-2.4.7.Final.jar:/home/user/.m2/repository/org/glassfish/jersey/containers/jersey-container-servlet-core/2.27/jersey-container-servlet-core-2.27.jar:/home/user/.m2/repository/org/glassfish/hk2/external/javax.inject/2.5.0-b42/javax.inject-2.5.0-b42.jar:/home/user/.m2/repository/org/glassfish/jersey/core/jersey-common/2.27/jersey-common-2.27.jar:/home/user/.m2/repository/org/glassfish/hk2/osgi-resource-locator/1.0.1/osgi-resource-locator-1.0.1.jar:/home/user/.m2/repository/javax/ws/rs/javax.ws.rs-api/2.1/javax.ws.rs-api-2.1.jar:/home/user/.m2/repository/org/glassfish/jersey/ext/cdi/jersey-cdi1x/2.27/jersey-cdi1x-2.27.jar:/home/user/.m2/repository/org/glassfish/jersey/inject/jersey-hk2/2.27/jersey-hk2-2.27.jar:/home/user/.m2/repository/org/glassfish/hk2/hk2-locator/2.5.0-b42/hk2-locator-2.5.0-b42.jar:/home/user/.m2/repository/org/javassist/javassist/3.22.0-CR2/javassist-3.22.0-CR2.jar:/home/user/.m2/repository/org/glassfish/hk2/hk2-api/2.5.0/hk2-api-2.5.0.jar:/home/user/.m2/repository/org/glassfish/hk2/external/jakarta.inject/2.5.0/jakarta.inject-2.5.0.jar:/home/user/.m2/repository/org/glassfish/hk2/hk2-utils/2.5.0/hk2-utils-2.5.0.jar:/home/user/.m2/repository/jakarta/annotation/jakarta.annotation-api/1.3.4/jakarta.annotation-api-1.3.4.jar:/home/user/.m2/repository/org/glassfish/hk2/external/aopalliance-repackaged/2.5.0/aopalliance-repackaged-2.5.0.jar:/home/user/.m2/repository/com/fasterxml/jackson/dataformat/jackson-dataformat-xml/2.9.0/jackson-dataformat-xml-2.9.0.jar:/home/user/.m2/repository/com/fasterxml/jackson/core/jackson-core/2.9.5/jackson-core-2.9.5.jar:/home/user/.m2/repository/com/fasterxml/jackson/module/jackson-module-jaxb-annotations/2.9.5/jackson-module-jaxb-annotations-2.9.5.jar:/home/user/.m2/repository/javax/enterprise/cdi-api/1.2/cdi-api-1.2.jar:/home/user/.m2/repository/javax/el/javax.el-api/3.0.0/javax.el-api-3.0.0.jar:/home/user/.m2/repository/javax/interceptor/javax.interceptor-api/1.2/javax.interceptor-api-1.2.jar:/home/user/.m2/repository/javax/inject/javax.inject/1/javax.inject-1.jar:/home/user/.m2/repository/com/sun/xml/bind/jaxb-impl/2.3.0.1/jaxb-impl-2.3.0.1.jar:/home/user/.m2/repository/com/sun/xml/bind/jaxb-core/2.3.0.1/jaxb-core-2.3.0.1.jar:/home/user/.m2/repository/javax/xml/bind/jaxb-api/2.3.0/jaxb-api-2.3.0.jar:/home/user/.m2/repository/javax/activation/activation/1.1.1/activation-1.1.1.jar:/home/user/.m2/repository/org/apache/hadoop/hadoop-ozone-csi/0.5.0-SNAPSHOT/hadoop-ozone-csi-0.5.0-SNAPSHOT.jar:/home/user/.m2/repository/com/google/protobuf/protobuf-java-util/3.5.1/protobuf-java-util-3.5.1.jar:/home/user/.m2/repository/org/apache/hadoop/hadoop-hdds-config/0.5.0-SNAPSHOT/hadoop-hdds-config-0.5.0-SNAPSHOT.jar:/home/user/.m2/repository/io/grpc/grpc-netty/1.17.1/grpc-netty-1.17.1.jar:/home/user/.m2/repository/io/grpc/grpc-core/1.17.1/grpc-core-1.17.1.jar:/home/user/.m2/repository/io/grpc/grpc-context/1.17.1/grpc-context-1.17.1.jar:/home/user/.m2/repository/com/google/errorprone/error_prone_annotations/2.2.0/error_prone_annotations-2.2.0.jar:/home/user/.m2/repository/org/codehaus/mojo/animal-sniffer-annotations/1.17/animal-sniffer-annotations-1.17.jar:/home/user/.m2/repository/io/opencensus/opencensus-api/0.17.0/opencensus-api-0.17.0.jar:/home/user/.m2/repository/io/opencensus/opencensus-contrib-grpc-metrics/0.17.0/opencensus-contrib-grpc-metrics-0.17.0.jar:/home/user/.m2/repository/io/netty/netty-codec-http2/4.1.30.Final/netty-codec-http2-4.1.30.Final.jar:/home/user/.m2/repository/io/netty/netty-codec-http/4.1.30.Final/netty-codec-http-4.1.30.Final.jar:/home/user/.m2/repository/io/netty/netty-codec/4.1.30.Final/netty-codec-4.1.30.Final.jar:/home/user/.m2/repository/io/netty/netty-handler/4.1.30.Final/netty-handler-4.1.30.Final.jar:/home/user/.m2/repository/io/netty/netty-handler-proxy/4.1.30.Final/netty-handler-proxy-4.1.30.Final.jar:/home/user/.m2/repository/io/netty/netty-codec-socks/4.1.30.Final/netty-codec-socks-4.1.30.Final.jar:/home/user/.m2/repository/io/netty/netty-transport-native-epoll/4.1.30.Final/netty-transport-native-epoll-4.1.30.Final.jar:/home/user/.m2/repository/io/netty/netty-common/4.1.30.Final/netty-common-4.1.30.Final.jar:/home/user/.m2/repository/io/netty/netty-buffer/4.1.30.Final/netty-buffer-4.1.30.Final.jar:/home/user/.m2/repository/io/netty/netty-transport/4.1.30.Final/netty-transport-4.1.30.Final.jar:/home/user/.m2/repository/io/netty/netty-resolver/4.1.30.Final/netty-resolver-4.1.30.Final.jar:/home/user/.m2/repository/io/netty/netty-transport-native-unix-common/4.1.30.Final/netty-transport-native-unix-common-4.1.30.Final.jar:/home/user/.m2/repository/io/grpc/grpc-protobuf/1.17.1/grpc-protobuf-1.17.1.jar:/home/user/.m2/repository/com/google/api/grpc/proto-google-common-protos/1.0.0/proto-google-common-protos-1.0.0.jar:/home/user/.m2/repository/io/grpc/grpc-protobuf-lite/1.17.1/grpc-protobuf-lite-1.17.1.jar:/home/user/.m2/repository/io/grpc/grpc-stub/1.17.1/grpc-stub-1.17.1.jar:/home/user/.m2/repository/org/apache/hadoop/hadoop-ozone-recon/0.5.0-SNAPSHOT/hadoop-ozone-recon-0.5.0-SNAPSHOT.jar:/home/user/.m2/repository/org/apache/hadoop/hadoop-ozone-reconcodegen/0.5.0-SNAPSHOT/hadoop-ozone-reconcodegen-0.5.0-SNAPSHOT.jar:/home/user/.m2/repository/com/google/inject/extensions/guice-multibindings/4.0/guice-multibindings-4.0.jar:/home/user/.m2/repository/com/google/inject/guice/4.0/guice-4.0.jar:/home/user/.m2/repository/aopalliance/aopalliance/1.0/aopalliance-1.0.jar:/home/user/.m2/repository/com/google/inject/extensions/guice-servlet/4.0/guice-servlet-4.0.jar:/home/user/.m2/repository/org/glassfish/jersey/containers/jersey-container-servlet/2.27/jersey-container-servlet-2.27.jar:/home/user/.m2/repository/org/glassfish/hk2/guice-bridge/2.5.0/guice-bridge-2.5.0.jar:/home/user/.m2/repository/org/glassfish/jersey/core/jersey-server/2.27/jersey-server-2.27.jar:/home/user/.m2/repository/org/glassfish/jersey/core/jersey-client/2.27/jersey-client-2.27.jar:/home/user/.m2/repository/org/glassfish/jersey/media/jersey-media-jaxb/2.27/jersey-media-jaxb-2.27.jar:/home/user/.m2/repository/javax/validation/validation-api/1.1.0.Final/validation-api-1.1.0.Final.jar:/home/user/.m2/repository/org/glassfish/jersey/media/jersey-media-json-jackson/2.27/jersey-media-json-jackson-2.27.jar:/home/user/.m2/repository/org/glassfish/jersey/ext/jersey-entity-filtering/2.27/jersey-entity-filtering-2.27.jar:/home/user/.m2/repository/com/google/inject/extensions/guice-assistedinject/4.0/guice-assistedinject-4.0.jar:/home/user/.m2/repository/org/jooq/jooq/3.11.10/jooq-3.11.10.jar:/home/user/.m2/repository/org/jooq/jooq-meta/3.11.10/jooq-meta-3.11.10.jar:/home/user/.m2/repository/org/jooq/jooq-codegen/3.11.10/jooq-codegen-3.11.10.jar:/home/user/.m2/repository/com/jolbox/bonecp/0.8.0.RELEASE/bonecp-0.8.0.RELEASE.jar:/home/user/.m2/repository/org/xerial/sqlite-jdbc/3.25.2/sqlite-jdbc-3.25.2.jar:/home/user/.m2/repository/org/springframework/spring-jdbc/5.1.3.RELEASE/spring-jdbc-5.1.3.RELEASE.jar:/home/user/.m2/repository/org/springframework/spring-beans/5.1.3.RELEASE/spring-beans-5.1.3.RELEASE.jar:/home/user/.m2/repository/org/springframework/spring-core/5.1.3.RELEASE/spring-core-5.1.3.RELEASE.jar:/home/user/.m2/repository/org/springframework/spring-jcl/5.1.3.RELEASE/spring-jcl-5.1.3.RELEASE.jar:/home/user/.m2/repository/org/springframework/spring-tx/5.1.3.RELEASE/spring-tx-5.1.3.RELEASE.jar:/home/user/.m2/repository/org/apache/hadoop/hadoop-ozone-client/0.5.0-SNAPSHOT/hadoop-ozone-client-0.5.0-SNAPSHOT.jar:/home/user/.m2/repository/commons-lang/commons-lang/2.6/commons-lang-2.6.jar:/home/user/.m2/repository/org/apache/hadoop/hadoop-ozone-ozone-manager/0.5.0-SNAPSHOT/hadoop-ozone-ozone-manager-0.5.0-SNAPSHOT-tests.jar:/home/user/.m2/repository/junit/junit/4.11/junit-4.11.jar:/home/user/.m2/repository/org/hamcrest/hamcrest-core/1.3/hamcrest-core-1.3.jar:/home/user/.m2/repository/org/openjdk/jmh/jmh-core/1.19/jmh-core-1.19.jar:/home/user/.m2/repository/net/sf/jopt-simple/jopt-simple/4.6/jopt-simple-4.6.jar:/home/user/.m2/repository/org/apache/commons/commons-math3/3.1.1/commons-math3-3.1.1.jar:/home/user/.m2/repository/org/openjdk/jmh/jmh-generator-annprocess/1.19/jmh-generator-annprocess-1.19.jar:/home/user/.m2/repository/org/mockito/mockito-all/1.8.5/mockito-all-1.8.5.jar:/home/user/.m2/repository/org/apache/hadoop/hadoop-kms/3.2.0/hadoop-kms-3.2.0.jar:/home/user/.m2/repository/org/apache/hadoop/hadoop-auth/3.2.0/hadoop-auth-3.2.0.jar:/home/user/.m2/repository/com/nimbusds/nimbus-jose-jwt/4.41.1/nimbus-jose-jwt-4.41.1.jar:/home/user/.m2/repository/com/github/stephenc/jcip/jcip-annotations/1.0-1/jcip-annotations-1.0-1.jar:/home/user/.m2/repository/net/minidev/json-smart/2.3/json-smart-2.3.jar:/home/user/.m2/repository/net/minidev/accessors-smart/1.2/accessors-smart-1.2.jar:/home/user/.m2/repository/org/ow2/asm/asm/5.0.4/asm-5.0.4.jar:/home/user/.m2/repository/org/apache/curator/curator-framework/2.12.0/curator-framework-2.12.0.jar:/home/user/.m2/repository/com/sun/jersey/jersey-core/1.19/jersey-core-1.19.jar:/home/user/.m2/repository/javax/ws/rs/jsr311-api/1.1.1/jsr311-api-1.1.1.jar:/home/user/.m2/repository/com/sun/jersey/jersey-server/1.19/jersey-server-1.19.jar:/home/user/.m2/repository/javax/servlet/javax.servlet-api/3.1.0/javax.servlet-api-3.1.0.jar:/home/user/.m2/repository/org/eclipse/jetty/jetty-server/9.3.24.v20180605/jetty-server-9.3.24.v20180605.jar:/home/user/.m2/repository/org/eclipse/jetty/jetty-http/9.3.24.v20180605/jetty-http-9.3.24.v20180605.jar:/home/user/.m2/repository/org/eclipse/jetty/jetty-io/9.3.24.v20180605/jetty-io-9.3.24.v20180605.jar:/home/user/.m2/repository/org/eclipse/jetty/jetty-webapp/9.3.24.v20180605/jetty-webapp-9.3.24.v20180605.jar:/home/user/.m2/repository/org/eclipse/jetty/jetty-xml/9.3.24.v20180605/jetty-xml-9.3.24.v20180605.jar:/home/user/.m2/repository/log4j/log4j/1.2.17/log4j-1.2.17.jar:/home/user/.m2/repository/org/slf4j/slf4j-api/1.7.25/slf4j-api-1.7.25.jar:/home/user/.m2/repository/org/slf4j/jul-to-slf4j/1.7.25/jul-to-slf4j-1.7.25.jar:/home/user/.m2/repository/org/eclipse/jetty/jetty-util/9.3.24.v20180605/jetty-util-9.3.24.v20180605.jar:/home/user/.m2/repository/com/fasterxml/jackson/core/jackson-databind/2.9.5/jackson-databind-2.9.5.jar:/home/user/.m2/repository/org/apache/hadoop/hadoop-kms/3.2.0/hadoop-kms-3.2.0-tests.jar:/home/user/.m2/repository/org/apache/hadoop/hadoop-hdds-server-scm/0.5.0-SNAPSHOT/hadoop-hdds-server-scm-0.5.0-SNAPSHOT-tests.jar:/home/user/.m2/repository/org/apache/hadoop/hadoop-hdds-container-service/0.5.0-SNAPSHOT/hadoop-hdds-container-service-0.5.0-SNAPSHOT-tests.jar:/home/user/.m2/repository/org/yaml/snakeyaml/1.16/snakeyaml-1.16.jar:/home/user/.m2/repository/org/apache/hadoop/hadoop-common/3.2.0/hadoop-common-3.2.0-tests.jar:/home/user/.m2/repository/org/apache/hadoop/hadoop-annotations/3.2.0/hadoop-annotations-3.2.0.jar:/usr/lib/jvm/java-1.8-openjdk/jre/../lib/tools.jar:/home/user/.m2/repository/commons-cli/commons-cli/1.2/commons-cli-1.2.jar:/home/user/.m2/repository/org/apache/httpcomponents/httpclient/4.5.2/httpclient-4.5.2.jar:/home/user/.m2/repository/org/apache/httpcomponents/httpcore/4.4.4/httpcore-4.4.4.jar:/home/user/.m2/repository/commons-codec/commons-codec/1.11/commons-codec-1.11.jar:/home/user/.m2/repository/commons-net/commons-net/3.6/commons-net-3.6.jar:/home/user/.m2/repository/commons-collections/commons-collections/3.2.2/commons-collections-3.2.2.jar:/home/user/.m2/repository/org/eclipse/jetty/jetty-servlet/9.3.24.v20180605/jetty-servlet-9.3.24.v20180605.jar:/home/user/.m2/repository/org/eclipse/jetty/jetty-security/9.3.24.v20180605/jetty-security-9.3.24.v20180605.jar:/home/user/.m2/repository/javax/servlet/jsp/jsp-api/2.1/jsp-api-2.1.jar:/home/user/.m2/repository/com/sun/jersey/jersey-servlet/1.19/jersey-servlet-1.19.jar:/home/user/.m2/repository/com/sun/jersey/jersey-json/1.19/jersey-json-1.19.jar:/home/user/.m2/repository/org/codehaus/jettison/jettison/1.1/jettison-1.1.jar:/home/user/.m2/repository/org/codehaus/jackson/jackson-core-asl/1.9.13/jackson-core-asl-1.9.13.jar:/home/user/.m2/repository/org/codehaus/jackson/jackson-mapper-asl/1.9.13/jackson-mapper-asl-1.9.13.jar:/home/user/.m2/repository/org/codehaus/jackson/jackson-jaxrs/1.9.13/jackson-jaxrs-1.9.13.jar:/home/user/.m2/repository/org/codehaus/jackson/jackson-xc/1.9.13/jackson-xc-1.9.13.jar:/home/user/.m2/repository/commons-logging/commons-logging/1.1.3/commons-logging-1.1.3.jar:/home/user/.m2/repository/commons-beanutils/commons-beanutils/1.9.3/commons-beanutils-1.9.3.jar:/home/user/.m2/repository/org/apache/commons/commons-configuration2/2.1.1/commons-configuration2-2.1.1.jar:/home/user/.m2/repository/org/apache/commons/commons-lang3/3.7/commons-lang3-3.7.jar:/home/user/.m2/repository/org/apache/commons/commons-text/1.4/commons-text-1.4.jar:/home/user/.m2/repository/org/apache/avro/avro/1.7.7/avro-1.7.7.jar:/home/user/.m2/repository/com/thoughtworks/paranamer/paranamer/2.3/paranamer-2.3.jar:/home/user/.m2/repository/org/xerial/snappy/snappy-java/1.0.5/snappy-java-1.0.5.jar:/home/user/.m2/repository/com/google/re2j/re2j/1.1/re2j-1.1.jar:/home/user/.m2/repository/com/google/code/gson/gson/2.2.4/gson-2.2.4.jar:/home/user/.m2/repository/com/jcraft/jsch/0.1.54/jsch-0.1.54.jar:/home/user/.m2/repository/org/apache/curator/curator-client/2.12.0/curator-client-2.12.0.jar:/home/user/.m2/repository/org/apache/curator/curator-recipes/2.12.0/curator-recipes-2.12.0.jar:/home/user/.m2/repository/com/google/code/findbugs/jsr305/3.0.0/jsr305-3.0.0.jar:/home/user/.m2/repository/org/apache/htrace/htrace-core4/4.1.0-incubating/htrace-core4-4.1.0-incubating.jar:/home/user/.m2/repository/org/apache/zookeeper/zookeeper/3.4.13/zookeeper-3.4.13.jar:/home/user/.m2/repository/org/apache/yetus/audience-annotations/0.5.0/audience-annotations-0.5.0.jar:/home/user/.m2/repository/org/codehaus/woodstox/stax2-api/3.1.4/stax2-api-3.1.4.jar:/home/user/.m2/repository/com/fasterxml/woodstox/woodstox-core/5.0.3/woodstox-core-5.0.3.jar:/home/user/.m2/repository/dnsjava/dnsjava/2.1.7/dnsjava-2.1.7.jar:/home/user/.m2/repository/org/apache/hadoop/hadoop-hdfs/3.2.0/hadoop-hdfs-3.2.0-tests.jar:/home/user/.m2/repository/org/eclipse/jetty/jetty-util-ajax/9.3.24.v20180605/jetty-util-ajax-9.3.24.v20180605.jar:/home/user/.m2/repository/commons-daemon/commons-daemon/1.0.13/commons-daemon-1.0.13.jar:/home/user/.m2/repository/io/netty/netty/3.10.5.Final/netty-3.10.5.Final.jar:/home/user/.m2/repository/io/netty/netty-all/4.0.52.Final/netty-all-4.0.52.Final.jar:/home/user/.m2/repository/org/fusesource/leveldbjni/leveldbjni-all/1.8/leveldbjni-all-1.8.jar:"/>
    <property name="java.vm.vendor" value="IcedTea"/>
    <property name="sun.arch.data.model" value="64"/>
    <property name="test.build.dir" value="/workdir/hadoop-ozone/integration-test/target/test-dir"/>
    <property name="test.cache.data" value=""/>
    <property name="java.vendor.url" value="https://icedtea.classpath.org"/>
    <property name="user.timezone" value=""/>
    <property name="java.vm.specification.version" value="1.8"/>
    <property name="os.name" value="Linux"/>
    <property name="test.build.data" value="/workdir/hadoop-ozone/integration-test/target/test-dir"/>
    <property name="user.country" value="US"/>
    <property name="sun.java.launcher" value="SUN_STANDARD"/>
    <property name="sun.boot.library.path" value="/usr/lib/jvm/java-1.8-openjdk/jre/lib/amd64"/>
    <property name="sun.java.command" value="/workdir/hadoop-ozone/integration-test/target/surefire/surefirebooter2642941431264583422.jar /workdir/hadoop-ozone/integration-test/target/surefire 2019-09-18T10-59-15_532-jvmRun1 surefire90867077570155979tmp surefire_302749603649321483398tmp"/>
    <property name="test" value="!TestMiniChaosOzoneCluster"/>
    <property name="surefire.test.class.path" value="/workdir/hadoop-ozone/integration-test/target/test-classes:/workdir/hadoop-ozone/integration-test/target/classes:/home/user/.m2/repository/org/apache/hadoop/hadoop-ozone-common/0.5.0-SNAPSHOT/hadoop-ozone-common-0.5.0-SNAPSHOT.jar:/home/user/.m2/repository/org/apache/commons/commons-compress/1.4.1/commons-compress-1.4.1.jar:/home/user/.m2/repository/org/tukaani/xz/1.0/xz-1.0.jar:/home/user/.m2/repository/org/apache/hadoop/hadoop-common/3.2.0/hadoop-common-3.2.0.jar:/home/user/.m2/repository/org/apache/hadoop/hadoop-hdfs/3.2.0/hadoop-hdfs-3.2.0.jar:/home/user/.m2/repository/org/apache/hadoop/hadoop-hdfs-client/3.2.0/hadoop-hdfs-client-3.2.0.jar:/home/user/.m2/repository/com/fasterxml/jackson/core/jackson-annotations/2.9.5/jackson-annotations-2.9.5.jar:/home/user/.m2/repository/org/apache/hadoop/hadoop-hdds-common/0.5.0-SNAPSHOT/hadoop-hdds-common-0.5.0-SNAPSHOT.jar:/home/user/.m2/repository/javax/annotation/javax.annotation-api/1.2/javax.annotation-api-1.2.jar:/home/user/.m2/repository/org/apache/ratis/ratis-server/0.4.0-78e95b9-SNAPSHOT/ratis-server-0.4.0-78e95b9-SNAPSHOT.jar:/home/user/.m2/repository/org/apache/ratis/ratis-thirdparty-misc/0.2.0/ratis-thirdparty-misc-0.2.0.jar:/home/user/.m2/repository/org/apache/ratis/ratis-proto/0.4.0-78e95b9-SNAPSHOT/ratis-proto-0.4.0-78e95b9-SNAPSHOT.jar:/home/user/.m2/repository/org/apache/ratis/ratis-common/0.4.0-78e95b9-SNAPSHOT/ratis-common-0.4.0-78e95b9-SNAPSHOT.jar:/home/user/.m2/repository/org/apache/ratis/ratis-client/0.4.0-78e95b9-SNAPSHOT/ratis-client-0.4.0-78e95b9-SNAPSHOT.jar:/home/user/.m2/repository/org/apache/ratis/ratis-metrics/0.4.0-78e95b9-SNAPSHOT/ratis-metrics-0.4.0-78e95b9-SNAPSHOT.jar:/home/user/.m2/repository/com/github/joshelser/dropwizard-metrics-hadoop-metrics2-reporter/0.1.2/dropwizard-metrics-hadoop-metrics2-reporter-0.1.2.jar:/home/user/.m2/repository/io/dropwizard/metrics/metrics-jvm/3.2.5/metrics-jvm-3.2.5.jar:/home/user/.m2/repository/io/dropwizard/metrics/metrics-ganglia/3.2.5/metrics-ganglia-3.2.5.jar:/home/user/.m2/repository/info/ganglia/gmetric4j/gmetric4j/1.0.7/gmetric4j-1.0.7.jar:/home/user/.m2/repository/org/apache/ratis/ratis-netty/0.4.0-78e95b9-SNAPSHOT/ratis-netty-0.4.0-78e95b9-SNAPSHOT.jar:/home/user/.m2/repository/org/apache/ratis/ratis-grpc/0.4.0-78e95b9-SNAPSHOT/ratis-grpc-0.4.0-78e95b9-SNAPSHOT.jar:/home/user/.m2/repository/org/rocksdb/rocksdbjni/6.0.1/rocksdbjni-6.0.1.jar:/home/user/.m2/repository/org/apache/logging/log4j/log4j-api/2.11.0/log4j-api-2.11.0.jar:/home/user/.m2/repository/org/apache/logging/log4j/log4j-core/2.11.0/log4j-core-2.11.0.jar:/home/user/.m2/repository/com/lmax/disruptor/3.4.2/disruptor-3.4.2.jar:/home/user/.m2/repository/org/apache/commons/commons-pool2/2.6.0/commons-pool2-2.6.0.jar:/home/user/.m2/repository/org/bouncycastle/bcpkix-jdk15on/1.60/bcpkix-jdk15on-1.60.jar:/home/user/.m2/repository/commons-validator/commons-validator/1.6/commons-validator-1.6.jar:/home/user/.m2/repository/commons-digester/commons-digester/1.8.1/commons-digester-1.8.1.jar:/home/user/.m2/repository/io/jaegertracing/jaeger-client/0.33.1/jaeger-client-0.33.1.jar:/home/user/.m2/repository/io/jaegertracing/jaeger-thrift/0.33.1/jaeger-thrift-0.33.1.jar:/home/user/.m2/repository/org/apache/thrift/libthrift/0.11.0/libthrift-0.11.0.jar:/home/user/.m2/repository/com/squareup/okhttp3/okhttp/3.9.0/okhttp-3.9.0.jar:/home/user/.m2/repository/com/squareup/okio/okio/1.13.0/okio-1.13.0.jar:/home/user/.m2/repository/io/jaegertracing/jaeger-core/0.33.1/jaeger-core-0.33.1.jar:/home/user/.m2/repository/io/jaegertracing/jaeger-tracerresolver/0.33.1/jaeger-tracerresolver-0.33.1.jar:/home/user/.m2/repository/io/opentracing/contrib/opentracing-tracerresolver/0.1.5/opentracing-tracerresolver-0.1.5.jar:/home/user/.m2/repository/io/opentracing/opentracing-util/0.31.0/opentracing-util-0.31.0.jar:/home/user/.m2/repository/io/opentracing/opentracing-api/0.31.0/opentracing-api-0.31.0.jar:/home/user/.m2/repository/io/opentracing/opentracing-noop/0.31.0/opentracing-noop-0.31.0.jar:/home/user/.m2/repository/org/apache/hadoop/hadoop-hdds-server-framework/0.5.0-SNAPSHOT/hadoop-hdds-server-framework-0.5.0-SNAPSHOT.jar:/home/user/.m2/repository/org/apache/hadoop/hadoop-hdds-container-service/0.5.0-SNAPSHOT/hadoop-hdds-container-service-0.5.0-SNAPSHOT.jar:/home/user/.m2/repository/org/apache/hadoop/hadoop-hdds-client/0.5.0-SNAPSHOT/hadoop-hdds-client-0.5.0-SNAPSHOT.jar:/home/user/.m2/repository/org/apache/hadoop/hadoop-hdds-tools/0.5.0-SNAPSHOT/hadoop-hdds-tools-0.5.0-SNAPSHOT.jar:/home/user/.m2/repository/org/apache/hadoop/hadoop-hdds-server-scm/0.5.0-SNAPSHOT/hadoop-hdds-server-scm-0.5.0-SNAPSHOT.jar:/home/user/.m2/repository/org/apache/hadoop/hadoop-hdds-docs/0.5.0-SNAPSHOT/hadoop-hdds-docs-0.5.0-SNAPSHOT.jar:/home/user/.m2/repository/io/dropwizard/metrics/metrics-core/3.2.4/metrics-core-3.2.4.jar:/home/user/.m2/repository/org/hamcrest/hamcrest-all/1.3/hamcrest-all-1.3.jar:/home/user/.m2/repository/org/bouncycastle/bcprov-jdk15on/1.60/bcprov-jdk15on-1.60.jar:/home/user/.m2/repository/info/picocli/picocli/3.9.6/picocli-3.9.6.jar:/home/user/.m2/repository/com/google/protobuf/protobuf-java/2.5.0/protobuf-java-2.5.0.jar:/home/user/.m2/repository/com/google/guava/guava/11.0.2/guava-11.0.2.jar:/home/user/.m2/repository/org/apache/hadoop/hadoop-ozone-ozone-manager/0.5.0-SNAPSHOT/hadoop-ozone-ozone-manager-0.5.0-SNAPSHOT.jar:/home/user/.m2/repository/org/apache/hadoop/hadoop-minikdc/3.2.0/hadoop-minikdc-3.2.0.jar:/home/user/.m2/repository/commons-io/commons-io/2.5/commons-io-2.5.jar:/home/user/.m2/repository/org/apache/kerby/kerb-simplekdc/1.0.1/kerb-simplekdc-1.0.1.jar:/home/user/.m2/repository/org/apache/kerby/kerb-client/1.0.1/kerb-client-1.0.1.jar:/home/user/.m2/repository/org/apache/kerby/kerby-config/1.0.1/kerby-config-1.0.1.jar:/home/user/.m2/repository/org/apache/kerby/kerb-core/1.0.1/kerb-core-1.0.1.jar:/home/user/.m2/repository/org/apache/kerby/kerby-pkix/1.0.1/kerby-pkix-1.0.1.jar:/home/user/.m2/repository/org/apache/kerby/kerby-asn1/1.0.1/kerby-asn1-1.0.1.jar:/home/user/.m2/repository/org/apache/kerby/kerby-util/1.0.1/kerby-util-1.0.1.jar:/home/user/.m2/repository/org/apache/kerby/kerb-common/1.0.1/kerb-common-1.0.1.jar:/home/user/.m2/repository/org/apache/kerby/kerb-crypto/1.0.1/kerb-crypto-1.0.1.jar:/home/user/.m2/repository/org/apache/kerby/kerb-util/1.0.1/kerb-util-1.0.1.jar:/home/user/.m2/repository/org/apache/kerby/token-provider/1.0.1/token-provider-1.0.1.jar:/home/user/.m2/repository/org/apache/kerby/kerb-admin/1.0.1/kerb-admin-1.0.1.jar:/home/user/.m2/repository/org/apache/kerby/kerb-server/1.0.1/kerb-server-1.0.1.jar:/home/user/.m2/repository/org/apache/kerby/kerb-identity/1.0.1/kerb-identity-1.0.1.jar:/home/user/.m2/repository/org/apache/kerby/kerby-xdr/1.0.1/kerby-xdr-1.0.1.jar:/home/user/.m2/repository/org/slf4j/slf4j-log4j12/1.7.25/slf4j-log4j12-1.7.25.jar:/home/user/.m2/repository/org/apache/hadoop/hadoop-ozone-s3gateway/0.5.0-SNAPSHOT/hadoop-ozone-s3gateway-0.5.0-SNAPSHOT.jar:/home/user/.m2/repository/org/jboss/weld/servlet/weld-servlet/2.4.7.Final/weld-servlet-2.4.7.Final.jar:/home/user/.m2/repository/org/glassfish/jersey/containers/jersey-container-servlet-core/2.27/jersey-container-servlet-core-2.27.jar:/home/user/.m2/repository/org/glassfish/hk2/external/javax.inject/2.5.0-b42/javax.inject-2.5.0-b42.jar:/home/user/.m2/repository/org/glassfish/jersey/core/jersey-common/2.27/jersey-common-2.27.jar:/home/user/.m2/repository/org/glassfish/hk2/osgi-resource-locator/1.0.1/osgi-resource-locator-1.0.1.jar:/home/user/.m2/repository/javax/ws/rs/javax.ws.rs-api/2.1/javax.ws.rs-api-2.1.jar:/home/user/.m2/repository/org/glassfish/jersey/ext/cdi/jersey-cdi1x/2.27/jersey-cdi1x-2.27.jar:/home/user/.m2/repository/org/glassfish/jersey/inject/jersey-hk2/2.27/jersey-hk2-2.27.jar:/home/user/.m2/repository/org/glassfish/hk2/hk2-locator/2.5.0-b42/hk2-locator-2.5.0-b42.jar:/home/user/.m2/repository/org/javassist/javassist/3.22.0-CR2/javassist-3.22.0-CR2.jar:/home/user/.m2/repository/org/glassfish/hk2/hk2-api/2.5.0/hk2-api-2.5.0.jar:/home/user/.m2/repository/org/glassfish/hk2/external/jakarta.inject/2.5.0/jakarta.inject-2.5.0.jar:/home/user/.m2/repository/org/glassfish/hk2/hk2-utils/2.5.0/hk2-utils-2.5.0.jar:/home/user/.m2/repository/jakarta/annotation/jakarta.annotation-api/1.3.4/jakarta.annotation-api-1.3.4.jar:/home/user/.m2/repository/org/glassfish/hk2/external/aopalliance-repackaged/2.5.0/aopalliance-repackaged-2.5.0.jar:/home/user/.m2/repository/com/fasterxml/jackson/dataformat/jackson-dataformat-xml/2.9.0/jackson-dataformat-xml-2.9.0.jar:/home/user/.m2/repository/com/fasterxml/jackson/core/jackson-core/2.9.5/jackson-core-2.9.5.jar:/home/user/.m2/repository/com/fasterxml/jackson/module/jackson-module-jaxb-annotations/2.9.5/jackson-module-jaxb-annotations-2.9.5.jar:/home/user/.m2/repository/javax/enterprise/cdi-api/1.2/cdi-api-1.2.jar:/home/user/.m2/repository/javax/el/javax.el-api/3.0.0/javax.el-api-3.0.0.jar:/home/user/.m2/repository/javax/interceptor/javax.interceptor-api/1.2/javax.interceptor-api-1.2.jar:/home/user/.m2/repository/javax/inject/javax.inject/1/javax.inject-1.jar:/home/user/.m2/repository/com/sun/xml/bind/jaxb-impl/2.3.0.1/jaxb-impl-2.3.0.1.jar:/home/user/.m2/repository/com/sun/xml/bind/jaxb-core/2.3.0.1/jaxb-core-2.3.0.1.jar:/home/user/.m2/repository/javax/xml/bind/jaxb-api/2.3.0/jaxb-api-2.3.0.jar:/home/user/.m2/repository/javax/activation/activation/1.1.1/activation-1.1.1.jar:/home/user/.m2/repository/org/apache/hadoop/hadoop-ozone-csi/0.5.0-SNAPSHOT/hadoop-ozone-csi-0.5.0-SNAPSHOT.jar:/home/user/.m2/repository/com/google/protobuf/protobuf-java-util/3.5.1/protobuf-java-util-3.5.1.jar:/home/user/.m2/repository/org/apache/hadoop/hadoop-hdds-config/0.5.0-SNAPSHOT/hadoop-hdds-config-0.5.0-SNAPSHOT.jar:/home/user/.m2/repository/io/grpc/grpc-netty/1.17.1/grpc-netty-1.17.1.jar:/home/user/.m2/repository/io/grpc/grpc-core/1.17.1/grpc-core-1.17.1.jar:/home/user/.m2/repository/io/grpc/grpc-context/1.17.1/grpc-context-1.17.1.jar:/home/user/.m2/repository/com/google/errorprone/error_prone_annotations/2.2.0/error_prone_annotations-2.2.0.jar:/home/user/.m2/repository/org/codehaus/mojo/animal-sniffer-annotations/1.17/animal-sniffer-annotations-1.17.jar:/home/user/.m2/repository/io/opencensus/opencensus-api/0.17.0/opencensus-api-0.17.0.jar:/home/user/.m2/repository/io/opencensus/opencensus-contrib-grpc-metrics/0.17.0/opencensus-contrib-grpc-metrics-0.17.0.jar:/home/user/.m2/repository/io/netty/netty-codec-http2/4.1.30.Final/netty-codec-http2-4.1.30.Final.jar:/home/user/.m2/repository/io/netty/netty-codec-http/4.1.30.Final/netty-codec-http-4.1.30.Final.jar:/home/user/.m2/repository/io/netty/netty-codec/4.1.30.Final/netty-codec-4.1.30.Final.jar:/home/user/.m2/repository/io/netty/netty-handler/4.1.30.Final/netty-handler-4.1.30.Final.jar:/home/user/.m2/repository/io/netty/netty-handler-proxy/4.1.30.Final/netty-handler-proxy-4.1.30.Final.jar:/home/user/.m2/repository/io/netty/netty-codec-socks/4.1.30.Final/netty-codec-socks-4.1.30.Final.jar:/home/user/.m2/repository/io/netty/netty-transport-native-epoll/4.1.30.Final/netty-transport-native-epoll-4.1.30.Final.jar:/home/user/.m2/repository/io/netty/netty-common/4.1.30.Final/netty-common-4.1.30.Final.jar:/home/user/.m2/repository/io/netty/netty-buffer/4.1.30.Final/netty-buffer-4.1.30.Final.jar:/home/user/.m2/repository/io/netty/netty-transport/4.1.30.Final/netty-transport-4.1.30.Final.jar:/home/user/.m2/repository/io/netty/netty-resolver/4.1.30.Final/netty-resolver-4.1.30.Final.jar:/home/user/.m2/repository/io/netty/netty-transport-native-unix-common/4.1.30.Final/netty-transport-native-unix-common-4.1.30.Final.jar:/home/user/.m2/repository/io/grpc/grpc-protobuf/1.17.1/grpc-protobuf-1.17.1.jar:/home/user/.m2/repository/com/google/api/grpc/proto-google-common-protos/1.0.0/proto-google-common-protos-1.0.0.jar:/home/user/.m2/repository/io/grpc/grpc-protobuf-lite/1.17.1/grpc-protobuf-lite-1.17.1.jar:/home/user/.m2/repository/io/grpc/grpc-stub/1.17.1/grpc-stub-1.17.1.jar:/home/user/.m2/repository/org/apache/hadoop/hadoop-ozone-recon/0.5.0-SNAPSHOT/hadoop-ozone-recon-0.5.0-SNAPSHOT.jar:/home/user/.m2/repository/org/apache/hadoop/hadoop-ozone-reconcodegen/0.5.0-SNAPSHOT/hadoop-ozone-reconcodegen-0.5.0-SNAPSHOT.jar:/home/user/.m2/repository/com/google/inject/extensions/guice-multibindings/4.0/guice-multibindings-4.0.jar:/home/user/.m2/repository/com/google/inject/guice/4.0/guice-4.0.jar:/home/user/.m2/repository/aopalliance/aopalliance/1.0/aopalliance-1.0.jar:/home/user/.m2/repository/com/google/inject/extensions/guice-servlet/4.0/guice-servlet-4.0.jar:/home/user/.m2/repository/org/glassfish/jersey/containers/jersey-container-servlet/2.27/jersey-container-servlet-2.27.jar:/home/user/.m2/repository/org/glassfish/hk2/guice-bridge/2.5.0/guice-bridge-2.5.0.jar:/home/user/.m2/repository/org/glassfish/jersey/core/jersey-server/2.27/jersey-server-2.27.jar:/home/user/.m2/repository/org/glassfish/jersey/core/jersey-client/2.27/jersey-client-2.27.jar:/home/user/.m2/repository/org/glassfish/jersey/media/jersey-media-jaxb/2.27/jersey-media-jaxb-2.27.jar:/home/user/.m2/repository/javax/validation/validation-api/1.1.0.Final/validation-api-1.1.0.Final.jar:/home/user/.m2/repository/org/glassfish/jersey/media/jersey-media-json-jackson/2.27/jersey-media-json-jackson-2.27.jar:/home/user/.m2/repository/org/glassfish/jersey/ext/jersey-entity-filtering/2.27/jersey-entity-filtering-2.27.jar:/home/user/.m2/repository/com/google/inject/extensions/guice-assistedinject/4.0/guice-assistedinject-4.0.jar:/home/user/.m2/repository/org/jooq/jooq/3.11.10/jooq-3.11.10.jar:/home/user/.m2/repository/org/jooq/jooq-meta/3.11.10/jooq-meta-3.11.10.jar:/home/user/.m2/repository/org/jooq/jooq-codegen/3.11.10/jooq-codegen-3.11.10.jar:/home/user/.m2/repository/com/jolbox/bonecp/0.8.0.RELEASE/bonecp-0.8.0.RELEASE.jar:/home/user/.m2/repository/org/xerial/sqlite-jdbc/3.25.2/sqlite-jdbc-3.25.2.jar:/home/user/.m2/repository/org/springframework/spring-jdbc/5.1.3.RELEASE/spring-jdbc-5.1.3.RELEASE.jar:/home/user/.m2/repository/org/springframework/spring-beans/5.1.3.RELEASE/spring-beans-5.1.3.RELEASE.jar:/home/user/.m2/repository/org/springframework/spring-core/5.1.3.RELEASE/spring-core-5.1.3.RELEASE.jar:/home/user/.m2/repository/org/springframework/spring-jcl/5.1.3.RELEASE/spring-jcl-5.1.3.RELEASE.jar:/home/user/.m2/repository/org/springframework/spring-tx/5.1.3.RELEASE/spring-tx-5.1.3.RELEASE.jar:/home/user/.m2/repository/org/apache/hadoop/hadoop-ozone-client/0.5.0-SNAPSHOT/hadoop-ozone-client-0.5.0-SNAPSHOT.jar:/home/user/.m2/repository/commons-lang/commons-lang/2.6/commons-lang-2.6.jar:/home/user/.m2/repository/org/apache/hadoop/hadoop-ozone-ozone-manager/0.5.0-SNAPSHOT/hadoop-ozone-ozone-manager-0.5.0-SNAPSHOT-tests.jar:/home/user/.m2/repository/junit/junit/4.11/junit-4.11.jar:/home/user/.m2/repository/org/hamcrest/hamcrest-core/1.3/hamcrest-core-1.3.jar:/home/user/.m2/repository/org/openjdk/jmh/jmh-core/1.19/jmh-core-1.19.jar:/home/user/.m2/repository/net/sf/jopt-simple/jopt-simple/4.6/jopt-simple-4.6.jar:/home/user/.m2/repository/org/apache/commons/commons-math3/3.1.1/commons-math3-3.1.1.jar:/home/user/.m2/repository/org/openjdk/jmh/jmh-generator-annprocess/1.19/jmh-generator-annprocess-1.19.jar:/home/user/.m2/repository/org/mockito/mockito-all/1.8.5/mockito-all-1.8.5.jar:/home/user/.m2/repository/org/apache/hadoop/hadoop-kms/3.2.0/hadoop-kms-3.2.0.jar:/home/user/.m2/repository/org/apache/hadoop/hadoop-auth/3.2.0/hadoop-auth-3.2.0.jar:/home/user/.m2/repository/com/nimbusds/nimbus-jose-jwt/4.41.1/nimbus-jose-jwt-4.41.1.jar:/home/user/.m2/repository/com/github/stephenc/jcip/jcip-annotations/1.0-1/jcip-annotations-1.0-1.jar:/home/user/.m2/repository/net/minidev/json-smart/2.3/json-smart-2.3.jar:/home/user/.m2/repository/net/minidev/accessors-smart/1.2/accessors-smart-1.2.jar:/home/user/.m2/repository/org/ow2/asm/asm/5.0.4/asm-5.0.4.jar:/home/user/.m2/repository/org/apache/curator/curator-framework/2.12.0/curator-framework-2.12.0.jar:/home/user/.m2/repository/com/sun/jersey/jersey-core/1.19/jersey-core-1.19.jar:/home/user/.m2/repository/javax/ws/rs/jsr311-api/1.1.1/jsr311-api-1.1.1.jar:/home/user/.m2/repository/com/sun/jersey/jersey-server/1.19/jersey-server-1.19.jar:/home/user/.m2/repository/javax/servlet/javax.servlet-api/3.1.0/javax.servlet-api-3.1.0.jar:/home/user/.m2/repository/org/eclipse/jetty/jetty-server/9.3.24.v20180605/jetty-server-9.3.24.v20180605.jar:/home/user/.m2/repository/org/eclipse/jetty/jetty-http/9.3.24.v20180605/jetty-http-9.3.24.v20180605.jar:/home/user/.m2/repository/org/eclipse/jetty/jetty-io/9.3.24.v20180605/jetty-io-9.3.24.v20180605.jar:/home/user/.m2/repository/org/eclipse/jetty/jetty-webapp/9.3.24.v20180605/jetty-webapp-9.3.24.v20180605.jar:/home/user/.m2/repository/org/eclipse/jetty/jetty-xml/9.3.24.v20180605/jetty-xml-9.3.24.v20180605.jar:/home/user/.m2/repository/log4j/log4j/1.2.17/log4j-1.2.17.jar:/home/user/.m2/repository/org/slf4j/slf4j-api/1.7.25/slf4j-api-1.7.25.jar:/home/user/.m2/repository/org/slf4j/jul-to-slf4j/1.7.25/jul-to-slf4j-1.7.25.jar:/home/user/.m2/repository/org/eclipse/jetty/jetty-util/9.3.24.v20180605/jetty-util-9.3.24.v20180605.jar:/home/user/.m2/repository/com/fasterxml/jackson/core/jackson-databind/2.9.5/jackson-databind-2.9.5.jar:/home/user/.m2/repository/org/apache/hadoop/hadoop-kms/3.2.0/hadoop-kms-3.2.0-tests.jar:/home/user/.m2/repository/org/apache/hadoop/hadoop-hdds-server-scm/0.5.0-SNAPSHOT/hadoop-hdds-server-scm-0.5.0-SNAPSHOT-tests.jar:/home/user/.m2/repository/org/apache/hadoop/hadoop-hdds-container-service/0.5.0-SNAPSHOT/hadoop-hdds-container-service-0.5.0-SNAPSHOT-tests.jar:/home/user/.m2/repository/org/yaml/snakeyaml/1.16/snakeyaml-1.16.jar:/home/user/.m2/repository/org/apache/hadoop/hadoop-common/3.2.0/hadoop-common-3.2.0-tests.jar:/home/user/.m2/repository/org/apache/hadoop/hadoop-annotations/3.2.0/hadoop-annotations-3.2.0.jar:/usr/lib/jvm/java-1.8-openjdk/jre/../lib/tools.jar:/home/user/.m2/repository/commons-cli/commons-cli/1.2/commons-cli-1.2.jar:/home/user/.m2/repository/org/apache/httpcomponents/httpclient/4.5.2/httpclient-4.5.2.jar:/home/user/.m2/repository/org/apache/httpcomponents/httpcore/4.4.4/httpcore-4.4.4.jar:/home/user/.m2/repository/commons-codec/commons-codec/1.11/commons-codec-1.11.jar:/home/user/.m2/repository/commons-net/commons-net/3.6/commons-net-3.6.jar:/home/user/.m2/repository/commons-collections/commons-collections/3.2.2/commons-collections-3.2.2.jar:/home/user/.m2/repository/org/eclipse/jetty/jetty-servlet/9.3.24.v20180605/jetty-servlet-9.3.24.v20180605.jar:/home/user/.m2/repository/org/eclipse/jetty/jetty-security/9.3.24.v20180605/jetty-security-9.3.24.v20180605.jar:/home/user/.m2/repository/javax/servlet/jsp/jsp-api/2.1/jsp-api-2.1.jar:/home/user/.m2/repository/com/sun/jersey/jersey-servlet/1.19/jersey-servlet-1.19.jar:/home/user/.m2/repository/com/sun/jersey/jersey-json/1.19/jersey-json-1.19.jar:/home/user/.m2/repository/org/codehaus/jettison/jettison/1.1/jettison-1.1.jar:/home/user/.m2/repository/org/codehaus/jackson/jackson-core-asl/1.9.13/jackson-core-asl-1.9.13.jar:/home/user/.m2/repository/org/codehaus/jackson/jackson-mapper-asl/1.9.13/jackson-mapper-asl-1.9.13.jar:/home/user/.m2/repository/org/codehaus/jackson/jackson-jaxrs/1.9.13/jackson-jaxrs-1.9.13.jar:/home/user/.m2/repository/org/codehaus/jackson/jackson-xc/1.9.13/jackson-xc-1.9.13.jar:/home/user/.m2/repository/commons-logging/commons-logging/1.1.3/commons-logging-1.1.3.jar:/home/user/.m2/repository/commons-beanutils/commons-beanutils/1.9.3/commons-beanutils-1.9.3.jar:/home/user/.m2/repository/org/apache/commons/commons-configuration2/2.1.1/commons-configuration2-2.1.1.jar:/home/user/.m2/repository/org/apache/commons/commons-lang3/3.7/commons-lang3-3.7.jar:/home/user/.m2/repository/org/apache/commons/commons-text/1.4/commons-text-1.4.jar:/home/user/.m2/repository/org/apache/avro/avro/1.7.7/avro-1.7.7.jar:/home/user/.m2/repository/com/thoughtworks/paranamer/paranamer/2.3/paranamer-2.3.jar:/home/user/.m2/repository/org/xerial/snappy/snappy-java/1.0.5/snappy-java-1.0.5.jar:/home/user/.m2/repository/com/google/re2j/re2j/1.1/re2j-1.1.jar:/home/user/.m2/repository/com/google/code/gson/gson/2.2.4/gson-2.2.4.jar:/home/user/.m2/repository/com/jcraft/jsch/0.1.54/jsch-0.1.54.jar:/home/user/.m2/repository/org/apache/curator/curator-client/2.12.0/curator-client-2.12.0.jar:/home/user/.m2/repository/org/apache/curator/curator-recipes/2.12.0/curator-recipes-2.12.0.jar:/home/user/.m2/repository/com/google/code/findbugs/jsr305/3.0.0/jsr305-3.0.0.jar:/home/user/.m2/repository/org/apache/htrace/htrace-core4/4.1.0-incubating/htrace-core4-4.1.0-incubating.jar:/home/user/.m2/repository/org/apache/zookeeper/zookeeper/3.4.13/zookeeper-3.4.13.jar:/home/user/.m2/repository/org/apache/yetus/audience-annotations/0.5.0/audience-annotations-0.5.0.jar:/home/user/.m2/repository/org/codehaus/woodstox/stax2-api/3.1.4/stax2-api-3.1.4.jar:/home/user/.m2/repository/com/fasterxml/woodstox/woodstox-core/5.0.3/woodstox-core-5.0.3.jar:/home/user/.m2/repository/dnsjava/dnsjava/2.1.7/dnsjava-2.1.7.jar:/home/user/.m2/repository/org/apache/hadoop/hadoop-hdfs/3.2.0/hadoop-hdfs-3.2.0-tests.jar:/home/user/.m2/repository/org/eclipse/jetty/jetty-util-ajax/9.3.24.v20180605/jetty-util-ajax-9.3.24.v20180605.jar:/home/user/.m2/repository/commons-daemon/commons-daemon/1.0.13/commons-daemon-1.0.13.jar:/home/user/.m2/repository/io/netty/netty/3.10.5.Final/netty-3.10.5.Final.jar:/home/user/.m2/repository/io/netty/netty-all/4.0.52.Final/netty-all-4.0.52.Final.jar:/home/user/.m2/repository/org/fusesource/leveldbjni/leveldbjni-all/1.8/leveldbjni-all-1.8.jar:"/>
    <property name="sun.cpu.endian" value="little"/>
    <property name="user.home" value="/home/user"/>
    <property name="user.language" value="en"/>
    <property name="java.specification.vendor" value="Oracle Corporation"/>
    <property name="java.home" value="/usr/lib/jvm/java-1.8-openjdk/jre"/>
    <property name="java.security.krb5.conf" value="/workdir/hadoop-ozone/integration-test/target/test-classes/krb5.conf"/>
    <property name="basedir" value="/workdir/hadoop-ozone/integration-test"/>
    <property name="file.separator" value="/"/>
    <property name="line.separator" value="&#10;"/>
    <property name="java.vm.specification.vendor" value="Oracle Corporation"/>
    <property name="java.specification.name" value="Java Platform API Specification"/>
    <property name="java.awt.graphicsenv" value="sun.awt.X11GraphicsEnvironment"/>
    <property name="surefire.real.class.path" value="/workdir/hadoop-ozone/integration-test/target/surefire/surefirebooter2642941431264583422.jar"/>
    <property name="hadoop.log.dir" value="/workdir/hadoop-ozone/integration-test/target/log"/>
    <property name="sun.boot.class.path" value="/usr/lib/jvm/java-1.8-openjdk/jre/lib/resources.jar:/usr/lib/jvm/java-1.8-openjdk/jre/lib/rt.jar:/usr/lib/jvm/java-1.8-openjdk/jre/lib/sunrsasign.jar:/usr/lib/jvm/java-1.8-openjdk/jre/lib/jsse.jar:/usr/lib/jvm/java-1.8-openjdk/jre/lib/jce.jar:/usr/lib/jvm/java-1.8-openjdk/jre/lib/charsets.jar:/usr/lib/jvm/java-1.8-openjdk/jre/lib/jfr.jar:/usr/lib/jvm/java-1.8-openjdk/jre/classes"/>
    <property name="sun.management.compiler" value="HotSpot 64-Bit Tiered Compilers"/>
    <property name="java.runtime.version" value="1.8.0_212-b04"/>
    <property name="java.net.preferIPv4Stack" value="true"/>
    <property name="user.name" value="jenkins1000"/>
    <property name="path.separator" value=":"/>
    <property name="java.security.egd" value="file:///dev/urandom"/>
    <property name="os.version" value="3.10.0-957.12.2.el7.x86_64"/>
    <property name="java.endorsed.dirs" value="/usr/lib/jvm/java-1.8-openjdk/jre/lib/endorsed"/>
    <property name="java.runtime.name" value="OpenJDK Runtime Environment"/>
    <property name="file.encoding" value="UTF-8"/>
    <property name="java.vm.name" value="OpenJDK 64-Bit Server VM"/>
    <property name="test.build.webapps" value=""/>
    <property name="localRepository" value="/home/user/.m2/repository"/>
    <property name="java.vendor.url.bug" value="https://icedtea.classpath.org/bugzilla"/>
    <property name="java.io.tmpdir" value="/tmp"/>
    <property name="require.test.libhadoop" value=""/>
    <property name="java.version" value="1.8.0_212"/>
    <property name="user.dir" value="/workdir/hadoop-ozone/integration-test"/>
    <property name="os.arch" value="amd64"/>
    <property name="java.vm.specification.name" value="Java Virtual Machine Specification"/>
    <property name="test.build.classes" value="/workdir/hadoop-ozone/integration-test/target/test-classes"/>
    <property name="java.awt.printerjob" value="sun.print.PSPrinterJob"/>
    <property name="sun.os.patch.level" value="unknown"/>
    <property name="hadoop.tmp.dir" value="/workdir/hadoop-ozone/integration-test/target/tmp"/>
    <property name="java.library.path" value="/usr/lib/jvm/java-1.8-openjdk/jre/lib/amd64/server:/usr/lib/jvm/java-1.8-openjdk/jre/lib/amd64:/usr/lib/jvm/java-1.8-openjdk/jre/../lib/amd64:/workdir/hadoop-ozone/integration-test/target/native/target/usr/local/lib:/workdir/hadoop-ozone/integration-test/../../hadoop-common-project/hadoop-common/target/native/target/usr/local/lib:/usr/java/packages/lib/amd64:/usr/lib64:/lib64:/lib:/usr/lib"/>
    <property name="java.vm.info" value="mixed mode"/>
    <property name="java.vendor" value="IcedTea"/>
    <property name="java.vm.version" value="25.212-b04"/>
    <property name="java.ext.dirs" value="/usr/lib/jvm/java-1.8-openjdk/jre/lib/ext:/usr/java/packages/lib/ext"/>
    <property name="sun.io.unicode.encoding" value="UnicodeLittle"/>
    <property name="java.class.version" value="52.0"/>
  </properties>
  <testcase name="testGroupMismatchExceptionHandling" classname="org.apache.hadoop.ozone.client.rpc.TestOzoneClientRetriesOnException" time="72.455"/>
  <testcase name="testMaxRetriesByOzoneClient" classname="org.apache.hadoop.ozone.client.rpc.TestOzoneClientRetriesOnException" time="159.901">
    <error message="Failed to command cmdType: CreateContainer&#10;containerID: 1&#10;datanodeUuid: &quot;f23e4d0b-fd16-4e36-87f9-2fb30e2de0f1&quot;&#10;createContainer {&#10;}&#10;" type="java.io.IOException">java.io.IOException: 
Failed to command cmdType: CreateContainer
containerID: 1
datanodeUuid: "f23e4d0b-fd16-4e36-87f9-2fb30e2de0f1"
createContainer {
}

	at org.apache.hadoop.hdds.scm.XceiverClientSpi.sendCommand(XceiverClientSpi.java:113)
	at org.apache.hadoop.ozone.client.rpc.TestOzoneClientRetriesOnException.testMaxRetriesByOzoneClient(TestOzoneClientRetriesOnException.java:190)
	at sun.reflect.NativeMethodAccessorImpl.invoke0(Native Method)
	at sun.reflect.NativeMethodAccessorImpl.invoke(NativeMethodAccessorImpl.java:62)
	at sun.reflect.DelegatingMethodAccessorImpl.invoke(DelegatingMethodAccessorImpl.java:43)
	at java.lang.reflect.Method.invoke(Method.java:498)
	at org.junit.runners.model.FrameworkMethod$1.runReflectiveCall(FrameworkMethod.java:47)
	at org.junit.internal.runners.model.ReflectiveCallable.run(ReflectiveCallable.java:12)
	at org.junit.runners.model.FrameworkMethod.invokeExplosively(FrameworkMethod.java:44)
	at org.junit.internal.runners.statements.InvokeMethod.evaluate(InvokeMethod.java:17)
	at org.junit.internal.runners.statements.RunBefores.evaluate(RunBefores.java:26)
	at org.junit.internal.runners.statements.RunAfters.evaluate(RunAfters.java:27)
	at org.junit.runners.ParentRunner.runLeaf(ParentRunner.java:271)
	at org.junit.runners.BlockJUnit4ClassRunner.runChild(BlockJUnit4ClassRunner.java:70)
	at org.junit.runners.BlockJUnit4ClassRunner.runChild(BlockJUnit4ClassRunner.java:50)
	at org.junit.runners.ParentRunner$3.run(ParentRunner.java:238)
	at org.junit.runners.ParentRunner$1.schedule(ParentRunner.java:63)
	at org.junit.runners.ParentRunner.runChildren(ParentRunner.java:236)
	at org.junit.runners.ParentRunner.access$000(ParentRunner.java:53)
	at org.junit.runners.ParentRunner$2.evaluate(ParentRunner.java:229)
	at org.junit.runners.ParentRunner.run(ParentRunner.java:309)
	at org.apache.maven.surefire.junit4.JUnit4Provider.execute(JUnit4Provider.java:365)
	at org.apache.maven.surefire.junit4.JUnit4Provider.executeWithRerun(JUnit4Provider.java:273)
	at org.apache.maven.surefire.junit4.JUnit4Provider.executeTestSet(JUnit4Provider.java:238)
	at org.apache.maven.surefire.junit4.JUnit4Provider.invoke(JUnit4Provider.java:159)
	at org.apache.maven.surefire.booter.ForkedBooter.invokeProviderInSameClassLoader(ForkedBooter.java:384)
	at org.apache.maven.surefire.booter.ForkedBooter.runSuitesInProcess(ForkedBooter.java:345)
	at org.apache.maven.surefire.booter.ForkedBooter.execute(ForkedBooter.java:126)
	at org.apache.maven.surefire.booter.ForkedBooter.main(ForkedBooter.java:418)
Caused by: java.util.concurrent.ExecutionException: org.apache.ratis.protocol.RaftRetryFailureException: Failed RaftClientRequest:client-1C9943484C17->9a3866a3-945c-43d9-ad49-28fa7f717e26@group-1140C455E42D, cid=45, seq=3*, RW, org.apache.hadoop.hdds.scm.XceiverClientRatis$$Lambda$374/108333023@60a88e2a for 180 attempts with RetryLimited(maxAttempts=180, sleepTime=1000ms)
	at java.util.concurrent.CompletableFuture.reportGet(CompletableFuture.java:357)
	at java.util.concurrent.CompletableFuture.get(CompletableFuture.java:1895)
	at org.apache.hadoop.hdds.scm.XceiverClientSpi.sendCommand(XceiverClientSpi.java:110)
	... 28 more
Caused by: org.apache.ratis.protocol.RaftRetryFailureException: Failed RaftClientRequest:client-1C9943484C17->9a3866a3-945c-43d9-ad49-28fa7f717e26@group-1140C455E42D, cid=45, seq=3*, RW, org.apache.hadoop.hdds.scm.XceiverClientRatis$$Lambda$374/108333023@60a88e2a for 180 attempts with RetryLimited(maxAttempts=180, sleepTime=1000ms)
	at org.apache.ratis.client.impl.RaftClientImpl.noMoreRetries(RaftClientImpl.java:271)
	at org.apache.ratis.client.impl.OrderedAsync.handleAsyncRetryFailure(OrderedAsync.java:138)
	at org.apache.ratis.client.impl.OrderedAsync.lambda$sendRequest$10(OrderedAsync.java:230)
	at java.util.concurrent.CompletableFuture.uniExceptionally(CompletableFuture.java:870)
	at java.util.concurrent.CompletableFuture$UniExceptionally.tryFire(CompletableFuture.java:852)
	at java.util.concurrent.CompletableFuture.postComplete(CompletableFuture.java:474)
	at java.util.concurrent.CompletableFuture.completeExceptionally(CompletableFuture.java:1977)
	at org.apache.ratis.grpc.client.GrpcClientProtocolClient$AsyncStreamObservers.completeReplyExceptionally(GrpcClientProtocolClient.java:339)
	at org.apache.ratis.grpc.client.GrpcClientProtocolClient$AsyncStreamObservers.access$000(GrpcClientProtocolClient.java:255)
	at org.apache.ratis.grpc.client.GrpcClientProtocolClient$AsyncStreamObservers$1.onNext(GrpcClientProtocolClient.java:267)
	at org.apache.ratis.grpc.client.GrpcClientProtocolClient$AsyncStreamObservers$1.onNext(GrpcClientProtocolClient.java:258)
	at org.apache.ratis.thirdparty.io.grpc.stub.ClientCalls$StreamObserverToCallListenerAdapter.onMessage(ClientCalls.java:421)
	at org.apache.ratis.thirdparty.io.grpc.ForwardingClientCallListener.onMessage(ForwardingClientCallListener.java:33)
	at org.apache.ratis.thirdparty.io.grpc.ForwardingClientCallListener.onMessage(ForwardingClientCallListener.java:33)
	at org.apache.ratis.thirdparty.io.grpc.internal.ClientCallImpl$ClientStreamListenerImpl$1MessagesAvailable.runInContext(ClientCallImpl.java:519)
	at org.apache.ratis.thirdparty.io.grpc.internal.ContextRunnable.run(ContextRunnable.java:37)
	at org.apache.ratis.thirdparty.io.grpc.internal.SerializingExecutor.run(SerializingExecutor.java:123)
	at java.util.concurrent.ThreadPoolExecutor.runWorker(ThreadPoolExecutor.java:1149)
	at java.util.concurrent.ThreadPoolExecutor$Worker.run(ThreadPoolExecutor.java:624)
	at java.lang.Thread.run(Thread.java:748)
Caused by: org.apache.ratis.protocol.NotLeaderException: Server 9a3866a3-945c-43d9-ad49-28fa7f717e26@group-1140C455E42D is not the leader 3731518f-4a75-41f7-a8ac-44e1efdde356:192.168.157.254:38958
	at org.apache.ratis.client.impl.ClientProtoUtils.toRaftClientReply(ClientProtoUtils.java:243)
	at org.apache.ratis.grpc.client.GrpcClientProtocolClient$AsyncStreamObservers$1.onNext(GrpcClientProtocolClient.java:263)
	... 10 more
</error>
    <system-out><![CDATA[2019-09-18 11:34:06,825 [main] WARN  server.ServerUtils (ServerUtils.java:getScmDbDir(145)) - ozone.scm.db.dirs is not configured. We recommend adding this setting. Falling back to ozone.metadata.dirs instead.
2019-09-18 11:34:06,841 [main] WARN  server.ServerUtils (ServerUtils.java:getScmDbDir(145)) - ozone.scm.db.dirs is not configured. We recommend adding this setting. Falling back to ozone.metadata.dirs instead.
2019-09-18 11:34:06,841 [main] WARN  server.ServerUtils (ServerUtils.java:getScmDbDir(145)) - ozone.scm.db.dirs is not configured. We recommend adding this setting. Falling back to ozone.metadata.dirs instead.
2019-09-18 11:34:06,842 [main] INFO  db.DBStoreBuilder (DBStoreBuilder.java:addTable(110)) - using custom profile for table: deletedBlocks
2019-09-18 11:34:06,842 [main] INFO  db.DBStoreBuilder (DBStoreBuilder.java:processTables(161)) - Using default column profile:DBProfile.DISK for Table:deletedBlocks
2019-09-18 11:34:06,842 [main] INFO  db.DBStoreBuilder (DBStoreBuilder.java:addTable(110)) - using custom profile for table: validCerts
2019-09-18 11:34:06,842 [main] INFO  db.DBStoreBuilder (DBStoreBuilder.java:processTables(161)) - Using default column profile:DBProfile.DISK for Table:validCerts
2019-09-18 11:34:06,843 [main] INFO  db.DBStoreBuilder (DBStoreBuilder.java:addTable(110)) - using custom profile for table: revokedCerts
2019-09-18 11:34:06,843 [main] INFO  db.DBStoreBuilder (DBStoreBuilder.java:processTables(161)) - Using default column profile:DBProfile.DISK for Table:revokedCerts
2019-09-18 11:34:06,843 [main] INFO  db.DBStoreBuilder (DBStoreBuilder.java:addTable(110)) - using custom profile for table: default
2019-09-18 11:34:06,843 [main] INFO  db.DBStoreBuilder (DBStoreBuilder.java:processTables(167)) - Using default column profile:DBProfile.DISK for Table:default
2019-09-18 11:34:06,843 [main] INFO  db.DBStoreBuilder (DBStoreBuilder.java:getDbProfile(198)) - Using default options. DBProfile.DISK
2019-09-18 11:34:12,566 [main] INFO  net.NodeSchemaLoader (NodeSchemaLoader.java:loadSchemaFromFile(125)) - Loading file from sun.misc.CompoundEnumeration@5de5e95
2019-09-18 11:34:12,568 [main] INFO  net.NodeSchemaLoader (NodeSchemaLoader.java:loadSchema(171)) - Loading network topology layer schema file
2019-09-18 11:34:12,577 [main] WARN  server.ServerUtils (ServerUtils.java:sanitizeUserArgs(70)) - ozone.scm.stale.node.interval value = 300000 is larger than max = 100000 based on the key value of ozone.scm.heartbeat.thread.interval, reset to the max value 100000.
2019-09-18 11:34:12,577 [main] WARN  server.ServerUtils (ServerUtils.java:sanitizeUserArgs(70)) - ozone.scm.stale.node.interval value = 300000 is larger than max = 100000 based on the key value of ozone.scm.heartbeat.thread.interval, reset to the max value 100000.
2019-09-18 11:34:12,578 [main] INFO  node.SCMNodeManager (SCMNodeManager.java:<init>(114)) - Entering startup safe mode.
2019-09-18 11:34:12,581 [main] INFO  algorithms.ContainerPlacementPolicyFactory (ContainerPlacementPolicyFactory.java:getPolicy(57)) - Create container placement policy of type org.apache.hadoop.hdds.scm.container.placement.algorithms.SCMContainerPlacementRandom
2019-09-18 11:34:12,581 [main] WARN  server.ServerUtils (ServerUtils.java:getScmDbDir(145)) - ozone.scm.db.dirs is not configured. We recommend adding this setting. Falling back to ozone.metadata.dirs instead.
2019-09-18 11:34:14,320 [main] INFO  pipeline.SCMPipelineManager (SCMPipelineManager.java:initializePipelineState(128)) - No pipeline exists in current db
2019-09-18 11:34:14,321 [main] WARN  server.ServerUtils (ServerUtils.java:getScmDbDir(145)) - ozone.scm.db.dirs is not configured. We recommend adding this setting. Falling back to ozone.metadata.dirs instead.
2019-09-18 11:34:16,863 [main] WARN  events.EventQueue (EventQueue.java:fireEvent(183)) - No event handler registered for event TypedEvent{payloadType=SafeModeStatus, name='SafeModeStatus'}
2019-09-18 11:34:16,865 [main] INFO  ipc.CallQueueManager (CallQueueManager.java:<init>(84)) - Using callQueue: class java.util.concurrent.LinkedBlockingQueue, queueCapacity: 2000, scheduler: class org.apache.hadoop.ipc.DefaultRpcScheduler, ipcBackoff: false.
2019-09-18 11:34:16,867 [Socket Reader #1 for port 44810] INFO  ipc.Server (Server.java:run(1074)) - Starting Socket Reader #1 for port 44810
2019-09-18 11:34:16,870 [main] INFO  ipc.CallQueueManager (CallQueueManager.java:<init>(84)) - Using callQueue: class java.util.concurrent.LinkedBlockingQueue, queueCapacity: 2000, scheduler: class org.apache.hadoop.ipc.DefaultRpcScheduler, ipcBackoff: false.
2019-09-18 11:34:16,872 [Socket Reader #1 for port 40698] INFO  ipc.Server (Server.java:run(1074)) - Starting Socket Reader #1 for port 40698
2019-09-18 11:34:16,874 [main] INFO  ipc.CallQueueManager (CallQueueManager.java:<init>(84)) - Using callQueue: class java.util.concurrent.LinkedBlockingQueue, queueCapacity: 2000, scheduler: class org.apache.hadoop.ipc.DefaultRpcScheduler, ipcBackoff: false.
2019-09-18 11:34:16,875 [Socket Reader #1 for port 46429] INFO  ipc.Server (Server.java:run(1074)) - Starting Socket Reader #1 for port 46429
2019-09-18 11:34:16,878 [main] INFO  hdfs.DFSUtil (DFSUtil.java:httpServerTemplateForNNAndJN(1641)) - Starting Web-server for scm at: http://0.0.0.0:0
2019-09-18 11:34:16,882 [main] INFO  server.AuthenticationFilter (AuthenticationFilter.java:constructSecretProvider(240)) - Unable to initialize FileSignerSecretProvider, falling back to use random secrets.
2019-09-18 11:34:16,884 [main] WARN  http.HttpRequestLog (HttpRequestLog.java:getRequestLog(97)) - Jetty request log can only be enabled using Log4j
2019-09-18 11:34:16,887 [main] INFO  http.HttpServer2 (HttpServer2.java:addGlobalFilter(975)) - Added global filter 'safety' (class=org.apache.hadoop.http.HttpServer2$QuotingInputFilter)
2019-09-18 11:34:16,888 [main] INFO  http.HttpServer2 (HttpServer2.java:addFilter(948)) - Added filter static_user_filter (class=org.apache.hadoop.http.lib.StaticUserWebFilter$StaticUserFilter) to context scm
2019-09-18 11:34:16,888 [main] INFO  http.HttpServer2 (HttpServer2.java:addFilter(958)) - Added filter static_user_filter (class=org.apache.hadoop.http.lib.StaticUserWebFilter$StaticUserFilter) to context static
2019-09-18 11:34:16,889 [main] INFO  http.HttpServer2 (HttpServer2.java:addFilter(958)) - Added filter static_user_filter (class=org.apache.hadoop.http.lib.StaticUserWebFilter$StaticUserFilter) to context logs
2019-09-18 11:34:16,893 [main] INFO  server.StorageContainerManager (StorageContainerManager.java:start(763)) - StorageContainerLocationProtocol RPC server is listening at /0.0.0.0:46429
2019-09-18 11:34:16,897 [main] WARN  impl.MetricsConfig (MetricsConfig.java:loadFirst(134)) - Cannot locate configuration: tried hadoop-metrics2-storagecontainermanager.properties,hadoop-metrics2.properties
2019-09-18 11:34:16,899 [main] INFO  impl.MetricsSystemImpl (MetricsSystemImpl.java:startTimer(374)) - Scheduled Metric snapshot period at 10 second(s).
2019-09-18 11:34:16,899 [main] INFO  impl.MetricsSystemImpl (MetricsSystemImpl.java:start(191)) - StorageContainerManager metrics system started
2019-09-18 11:34:16,947 [main] WARN  impl.MetricsSystemImpl (MetricsSystemImpl.java:register(276)) - Sink prometheus already exists!
2019-09-18 11:34:16,953 [main] INFO  server.SCMClientProtocolServer (SCMClientProtocolServer.java:start(151)) - RPC server for Client  is listening at /0.0.0.0:46429
2019-09-18 11:34:16,954 [IPC Server Responder] INFO  ipc.Server (Server.java:run(1314)) - IPC Server Responder: starting
2019-09-18 11:34:16,954 [IPC Server listener on 46429] INFO  ipc.Server (Server.java:run(1153)) - IPC Server listener on 46429: starting
2019-09-18 11:34:16,958 [main] INFO  server.StorageContainerManager (StorageContainerManager.java:start(773)) - ScmBlockLocationProtocol RPC server is listening at /0.0.0.0:40698
2019-09-18 11:34:16,958 [main] INFO  server.SCMBlockProtocolServer (SCMBlockProtocolServer.java:start(146)) - RPC server for Block Protocol is listening at /0.0.0.0:40698
2019-09-18 11:34:16,959 [IPC Server Responder] INFO  ipc.Server (Server.java:run(1314)) - IPC Server Responder: starting
2019-09-18 11:34:16,959 [IPC Server listener on 40698] INFO  ipc.Server (Server.java:run(1153)) - IPC Server listener on 40698: starting
2019-09-18 11:34:16,962 [main] INFO  server.StorageContainerManager (StorageContainerManager.java:start(777)) - ScmDatanodeProtocl RPC server is listening at /0.0.0.0:44810
2019-09-18 11:34:16,962 [main] INFO  server.SCMDatanodeProtocolServer (SCMDatanodeProtocolServer.java:start(191)) - RPC server for DataNodes is listening at /0.0.0.0:44810
2019-09-18 11:34:16,963 [IPC Server Responder] INFO  ipc.Server (Server.java:run(1314)) - IPC Server Responder: starting
2019-09-18 11:34:16,963 [IPC Server listener on 44810] INFO  ipc.Server (Server.java:run(1153)) - IPC Server listener on 44810: starting
2019-09-18 11:34:16,966 [main] INFO  http.HttpServer2 (HttpServer2.java:bindListener(1191)) - Jetty bound to port 40519
2019-09-18 11:34:16,966 [main] INFO  server.Server (Server.java:doStart(351)) - jetty-9.3.24.v20180605, build timestamp: 2018-06-05T17:11:56Z, git hash: 84205aa28f11a4f31f2a3b86d1bba2cc8ab69827
2019-09-18 11:34:16,969 [main] INFO  handler.ContextHandler (ContextHandler.java:doStart(781)) - Started o.e.j.s.ServletContextHandler@40fa8766{/logs,file:///workdir/hadoop-ozone/integration-test/target/log,AVAILABLE}
2019-09-18 11:34:16,970 [main] INFO  handler.ContextHandler (ContextHandler.java:doStart(781)) - Started o.e.j.s.ServletContextHandler@663f237a{/static,file:///workdir/hadoop-ozone/integration-test/target/test-classes/webapps/static,AVAILABLE}
2019-09-18 11:34:16,976 [main] INFO  handler.ContextHandler (ContextHandler.java:doStart(781)) - Started o.e.j.w.WebAppContext@56476c16{/,file:///workdir/hadoop-ozone/integration-test/target/test-classes/webapps/scm/,AVAILABLE}{/scm}
2019-09-18 11:34:16,978 [main] INFO  server.AbstractConnector (AbstractConnector.java:doStart(278)) - Started ServerConnector@497b560e{HTTP/1.1,[http/1.1]}{0.0.0.0:40519}
2019-09-18 11:34:16,978 [main] INFO  server.Server (Server.java:doStart(419)) - Started @83188ms
2019-09-18 11:34:16,978 [main] WARN  impl.MetricsSystemImpl (MetricsSystemImpl.java:register(276)) - Sink prometheus already exists!
2019-09-18 11:34:16,979 [main] INFO  server.BaseHttpServer (BaseHttpServer.java:updateConnectorAddress(215)) - HTTP server of SCM is listening at http://0.0.0.0:40519
2019-09-18 11:34:16,980 [main] WARN  server.ServerUtils (ServerUtils.java:getDBPath(222)) - ozone.om.db.dirs is not configured. We recommend adding this setting. Falling back to ozone.metadata.dirs instead.
2019-09-18 11:34:16,981 [org.apache.hadoop.util.JvmPauseMonitor$Monitor@3ba348ca] INFO  util.JvmPauseMonitor (JvmPauseMonitor.java:run(188)) - Starting JVM pause monitor
2019-09-18 11:34:17,007 [main] WARN  server.ServerUtils (ServerUtils.java:getDBPath(222)) - ozone.om.db.dirs is not configured. We recommend adding this setting. Falling back to ozone.metadata.dirs instead.
2019-09-18 11:34:17,007 [main] WARN  server.ServerUtils (ServerUtils.java:getDBPath(222)) - ozone.om.db.dirs is not configured. We recommend adding this setting. Falling back to ozone.metadata.dirs instead.
2019-09-18 11:34:17,008 [main] INFO  om.OzoneManager (OzoneManager.java:setOMNodeDetails(649)) - OM Service ID is not set. Setting it to the default ID: omServiceIdDefault
2019-09-18 11:34:17,008 [main] INFO  om.OzoneManager (OzoneManager.java:setOMNodeDetails(655)) - OM Node ID is not set. Setting it to the OmStorage's OmID: 2bf991dd-39df-4e5a-9426-3d51b37f731d
2019-09-18 11:34:17,008 [main] INFO  om.OzoneManager (OzoneManager.java:loadOMHAConfigs(606)) - Found matching OM address with OMServiceId: null, OMNodeId: null, RPC Address: localhost:0 and Ratis port: 9872
2019-09-18 11:34:17,015 [main] WARN  server.ServerUtils (ServerUtils.java:getDBPath(222)) - ozone.om.db.dirs is not configured. We recommend adding this setting. Falling back to ozone.metadata.dirs instead.
2019-09-18 11:34:17,015 [main] INFO  db.DBStoreBuilder (DBStoreBuilder.java:addTable(110)) - using custom profile for table: userTable
2019-09-18 11:34:17,015 [main] INFO  db.DBStoreBuilder (DBStoreBuilder.java:processTables(161)) - Using default column profile:DBProfile.DISK for Table:userTable
2019-09-18 11:34:17,016 [main] INFO  db.DBStoreBuilder (DBStoreBuilder.java:addTable(110)) - using custom profile for table: volumeTable
2019-09-18 11:34:17,016 [main] INFO  db.DBStoreBuilder (DBStoreBuilder.java:processTables(161)) - Using default column profile:DBProfile.DISK for Table:volumeTable
2019-09-18 11:34:17,016 [main] INFO  db.DBStoreBuilder (DBStoreBuilder.java:addTable(110)) - using custom profile for table: bucketTable
2019-09-18 11:34:17,016 [main] INFO  db.DBStoreBuilder (DBStoreBuilder.java:processTables(161)) - Using default column profile:DBProfile.DISK for Table:bucketTable
2019-09-18 11:34:17,016 [main] INFO  db.DBStoreBuilder (DBStoreBuilder.java:addTable(110)) - using custom profile for table: keyTable
2019-09-18 11:34:17,017 [main] INFO  db.DBStoreBuilder (DBStoreBuilder.java:processTables(161)) - Using default column profile:DBProfile.DISK for Table:keyTable
2019-09-18 11:34:17,017 [main] INFO  db.DBStoreBuilder (DBStoreBuilder.java:addTable(110)) - using custom profile for table: deletedTable
2019-09-18 11:34:17,017 [main] INFO  db.DBStoreBuilder (DBStoreBuilder.java:processTables(161)) - Using default column profile:DBProfile.DISK for Table:deletedTable
2019-09-18 11:34:17,017 [main] INFO  db.DBStoreBuilder (DBStoreBuilder.java:addTable(110)) - using custom profile for table: openKeyTable
2019-09-18 11:34:17,017 [main] INFO  db.DBStoreBuilder (DBStoreBuilder.java:processTables(161)) - Using default column profile:DBProfile.DISK for Table:openKeyTable
2019-09-18 11:34:17,018 [main] INFO  db.DBStoreBuilder (DBStoreBuilder.java:addTable(110)) - using custom profile for table: s3Table
2019-09-18 11:34:17,018 [main] INFO  db.DBStoreBuilder (DBStoreBuilder.java:processTables(161)) - Using default column profile:DBProfile.DISK for Table:s3Table
2019-09-18 11:34:17,018 [main] INFO  db.DBStoreBuilder (DBStoreBuilder.java:addTable(110)) - using custom profile for table: multipartInfoTable
2019-09-18 11:34:17,018 [main] INFO  db.DBStoreBuilder (DBStoreBuilder.java:processTables(161)) - Using default column profile:DBProfile.DISK for Table:multipartInfoTable
2019-09-18 11:34:17,018 [main] INFO  db.DBStoreBuilder (DBStoreBuilder.java:addTable(110)) - using custom profile for table: dTokenTable
2019-09-18 11:34:17,019 [main] INFO  db.DBStoreBuilder (DBStoreBuilder.java:processTables(161)) - Using default column profile:DBProfile.DISK for Table:dTokenTable
2019-09-18 11:34:17,019 [main] INFO  db.DBStoreBuilder (DBStoreBuilder.java:addTable(110)) - using custom profile for table: s3SecretTable
2019-09-18 11:34:17,019 [main] INFO  db.DBStoreBuilder (DBStoreBuilder.java:processTables(161)) - Using default column profile:DBProfile.DISK for Table:s3SecretTable
2019-09-18 11:34:17,019 [main] INFO  db.DBStoreBuilder (DBStoreBuilder.java:addTable(110)) - using custom profile for table: prefixTable
2019-09-18 11:34:17,019 [main] INFO  db.DBStoreBuilder (DBStoreBuilder.java:processTables(161)) - Using default column profile:DBProfile.DISK for Table:prefixTable
2019-09-18 11:34:17,020 [main] INFO  db.DBStoreBuilder (DBStoreBuilder.java:addTable(110)) - using custom profile for table: default
2019-09-18 11:34:17,020 [main] INFO  db.DBStoreBuilder (DBStoreBuilder.java:processTables(167)) - Using default column profile:DBProfile.DISK for Table:default
2019-09-18 11:34:17,020 [main] INFO  db.DBStoreBuilder (DBStoreBuilder.java:getDbProfile(198)) - Using default options. DBProfile.DISK
2019-09-18 11:34:27,493 [main] INFO  ipc.CallQueueManager (CallQueueManager.java:<init>(84)) - Using callQueue: class java.util.concurrent.LinkedBlockingQueue, queueCapacity: 2000, scheduler: class org.apache.hadoop.ipc.DefaultRpcScheduler, ipcBackoff: false.
2019-09-18 11:34:27,495 [Socket Reader #1 for port 43929] INFO  ipc.Server (Server.java:run(1074)) - Starting Socket Reader #1 for port 43929
2019-09-18 11:34:27,516 [main] INFO  om.OzoneManager (OzoneManager.java:start(1240)) - OzoneManager RPC server is listening at localhost/127.0.0.1:43929
2019-09-18 11:34:27,516 [main] INFO  impl.MetricsSystemImpl (MetricsSystemImpl.java:init(158)) - OzoneManager metrics system started (again)
2019-09-18 11:34:27,517 [IPC Server Responder] INFO  ipc.Server (Server.java:run(1314)) - IPC Server Responder: starting
2019-09-18 11:34:27,518 [IPC Server listener on 43929] INFO  ipc.Server (Server.java:run(1153)) - IPC Server listener on 43929: starting
2019-09-18 11:34:27,524 [main] INFO  hdfs.DFSUtil (DFSUtil.java:httpServerTemplateForNNAndJN(1641)) - Starting Web-server for ozoneManager at: http://0.0.0.0:0
2019-09-18 11:34:27,527 [main] INFO  server.AuthenticationFilter (AuthenticationFilter.java:constructSecretProvider(240)) - Unable to initialize FileSignerSecretProvider, falling back to use random secrets.
2019-09-18 11:34:27,528 [main] WARN  http.HttpRequestLog (HttpRequestLog.java:getRequestLog(97)) - Jetty request log can only be enabled using Log4j
2019-09-18 11:34:27,530 [main] INFO  http.HttpServer2 (HttpServer2.java:addGlobalFilter(975)) - Added global filter 'safety' (class=org.apache.hadoop.http.HttpServer2$QuotingInputFilter)
2019-09-18 11:34:27,531 [main] INFO  http.HttpServer2 (HttpServer2.java:addFilter(948)) - Added filter static_user_filter (class=org.apache.hadoop.http.lib.StaticUserWebFilter$StaticUserFilter) to context ozoneManager
2019-09-18 11:34:27,531 [main] INFO  http.HttpServer2 (HttpServer2.java:addFilter(958)) - Added filter static_user_filter (class=org.apache.hadoop.http.lib.StaticUserWebFilter$StaticUserFilter) to context static
2019-09-18 11:34:27,531 [main] INFO  http.HttpServer2 (HttpServer2.java:addFilter(958)) - Added filter static_user_filter (class=org.apache.hadoop.http.lib.StaticUserWebFilter$StaticUserFilter) to context logs
2019-09-18 11:34:27,533 [main] INFO  http.HttpServer2 (HttpServer2.java:bindListener(1191)) - Jetty bound to port 33518
2019-09-18 11:34:27,533 [main] INFO  server.Server (Server.java:doStart(351)) - jetty-9.3.24.v20180605, build timestamp: 2018-06-05T17:11:56Z, git hash: 84205aa28f11a4f31f2a3b86d1bba2cc8ab69827
2019-09-18 11:34:27,535 [main] INFO  handler.ContextHandler (ContextHandler.java:doStart(781)) - Started o.e.j.s.ServletContextHandler@1682c08c{/logs,file:///workdir/hadoop-ozone/integration-test/target/log,AVAILABLE}
2019-09-18 11:34:27,536 [main] INFO  handler.ContextHandler (ContextHandler.java:doStart(781)) - Started o.e.j.s.ServletContextHandler@4eb9f2af{/static,file:///workdir/hadoop-ozone/integration-test/target/test-classes/webapps/static,AVAILABLE}
2019-09-18 11:34:27,541 [main] INFO  handler.ContextHandler (ContextHandler.java:doStart(781)) - Started o.e.j.w.WebAppContext@630390b9{/,file:///workdir/hadoop-ozone/integration-test/target/test-classes/webapps/ozoneManager/,AVAILABLE}{/ozoneManager}
2019-09-18 11:34:27,542 [main] INFO  server.AbstractConnector (AbstractConnector.java:doStart(278)) - Started ServerConnector@6690b9fa{HTTP/1.1,[http/1.1]}{0.0.0.0:33518}
2019-09-18 11:34:27,543 [main] INFO  server.Server (Server.java:doStart(419)) - Started @93753ms
2019-09-18 11:34:27,543 [main] WARN  impl.MetricsSystemImpl (MetricsSystemImpl.java:register(276)) - Sink prometheus already exists!
2019-09-18 11:34:27,545 [main] INFO  server.BaseHttpServer (BaseHttpServer.java:updateConnectorAddress(215)) - HTTP server of OZONEMANAGER is listening at http://0.0.0.0:33518
2019-09-18 11:34:27,563 [main] INFO  impl.MetricsSystemImpl (MetricsSystemImpl.java:init(158)) - HddsDatanode metrics system started (again)
2019-09-18 11:34:27,565 [main] INFO  ozone.HddsDatanodeService (HddsDatanodeService.java:start(184)) - HddsDatanodeService host:pr-hdds-2143-zjsjg-1178913 ip:192.168.157.254
2019-09-18 11:34:27,572 [main] INFO  volume.HddsVolume (HddsVolume.java:<init>(176)) - Creating Volume: /workdir/hadoop-ozone/integration-test/target/test-dir/MiniOzoneClusterImpl-be355825-eaa2-435a-af82-14347805f592/datanode-0/data/containers/hdds of  storage type : DISK and capacity : 1482555576320
2019-09-18 11:34:27,572 [main] INFO  volume.VolumeSet (VolumeSet.java:initializeVolumeSet(170)) - Added Volume : /workdir/hadoop-ozone/integration-test/target/test-dir/MiniOzoneClusterImpl-be355825-eaa2-435a-af82-14347805f592/datanode-0/data/containers/hdds to VolumeSet
2019-09-18 11:34:27,573 [main] INFO  volume.ThrottledAsyncChecker (ThrottledAsyncChecker.java:schedule(139)) - Scheduling a check for org.apache.hadoop.ozone.container.common.volume.HddsVolume@3bb5ceb
2019-09-18 11:34:27,573 [main] INFO  volume.HddsVolumeChecker (HddsVolumeChecker.java:checkAllVolumes(202)) - Scheduled health check for volume org.apache.hadoop.ozone.container.common.volume.HddsVolume@3bb5ceb
2019-09-18 11:34:27,589 [main] INFO  impl.RaftServerProxy (ConfUtils.java:logGet(43)) - raft.rpc.type = GRPC (default)
2019-09-18 11:34:27,589 [main] INFO  grpc.GrpcFactory (GrpcFactory.java:checkPooledByteBufAllocatorUseCacheForAllThreads(45)) - PERFORMANCE WARNING: useCacheForAllThreads is true that may cause Netty to create a lot garbage objects and, as a result, trigger GC.
	It is recommended to disable useCacheForAllThreads by setting -Dorg.apache.ratis.thirdparty.io.netty.allocator.useCacheForAllThreads=false in command line.
2019-09-18 11:34:27,589 [main] INFO  grpc.GrpcConfigKeys$Server (ConfUtils.java:logGet(43)) - raft.grpc.server.port = 0 (default)
2019-09-18 11:34:27,589 [main] INFO  server.GrpcService (ConfUtils.java:logGet(43)) - raft.grpc.message.size.max = 33570816 (custom)
2019-09-18 11:34:27,590 [main] INFO  server.RaftServerConfigKeys (ConfUtils.java:logGet(43)) - raft.server.log.appender.buffer.byte-limit = 33554432 (custom)
2019-09-18 11:34:27,590 [main] INFO  server.GrpcService (ConfUtils.java:logGet(43)) - raft.grpc.flow.control.window = 1MB (=1048576) (default)
2019-09-18 11:34:27,590 [main] INFO  server.RaftServerConfigKeys (ConfUtils.java:logGet(43)) - raft.server.rpc.request.timeout = 3000ms (default)
2019-09-18 11:34:27,591 [main] INFO  server.RaftServerConfigKeys (ConfUtils.java:logGet(43)) - raft.server.storage.dir = [/workdir/hadoop-ozone/integration-test/target/test-dir/MiniOzoneClusterImpl-be355825-eaa2-435a-af82-14347805f592/datanode-0/data/ratis] (custom)
2019-09-18 11:34:27,592 [main] INFO  hdfs.DFSUtil (DFSUtil.java:httpServerTemplateForNNAndJN(1641)) - Starting Web-server for hddsDatanode at: http://0.0.0.0:0
2019-09-18 11:34:27,594 [main] INFO  server.AuthenticationFilter (AuthenticationFilter.java:constructSecretProvider(240)) - Unable to initialize FileSignerSecretProvider, falling back to use random secrets.
2019-09-18 11:34:27,594 [main] WARN  http.HttpRequestLog (HttpRequestLog.java:getRequestLog(97)) - Jetty request log can only be enabled using Log4j
2019-09-18 11:34:27,595 [main] INFO  http.HttpServer2 (HttpServer2.java:addGlobalFilter(975)) - Added global filter 'safety' (class=org.apache.hadoop.http.HttpServer2$QuotingInputFilter)
2019-09-18 11:34:27,596 [main] INFO  http.HttpServer2 (HttpServer2.java:addFilter(948)) - Added filter static_user_filter (class=org.apache.hadoop.http.lib.StaticUserWebFilter$StaticUserFilter) to context hddsDatanode
2019-09-18 11:34:27,596 [main] INFO  http.HttpServer2 (HttpServer2.java:addFilter(958)) - Added filter static_user_filter (class=org.apache.hadoop.http.lib.StaticUserWebFilter$StaticUserFilter) to context static
2019-09-18 11:34:27,596 [main] INFO  http.HttpServer2 (HttpServer2.java:addFilter(958)) - Added filter static_user_filter (class=org.apache.hadoop.http.lib.StaticUserWebFilter$StaticUserFilter) to context logs
2019-09-18 11:34:27,597 [main] INFO  http.HttpServer2 (HttpServer2.java:bindListener(1191)) - Jetty bound to port 41997
2019-09-18 11:34:27,597 [main] INFO  server.Server (Server.java:doStart(351)) - jetty-9.3.24.v20180605, build timestamp: 2018-06-05T17:11:56Z, git hash: 84205aa28f11a4f31f2a3b86d1bba2cc8ab69827
2019-09-18 11:34:27,599 [main] INFO  handler.ContextHandler (ContextHandler.java:doStart(781)) - Started o.e.j.s.ServletContextHandler@3234474{/logs,file:///workdir/hadoop-ozone/integration-test/target/log,AVAILABLE}
2019-09-18 11:34:27,599 [main] INFO  handler.ContextHandler (ContextHandler.java:doStart(781)) - Started o.e.j.s.ServletContextHandler@3d20e575{/static,jar:file:/home/user/.m2/repository/org/apache/hadoop/hadoop-hdds-container-service/0.5.0-SNAPSHOT/hadoop-hdds-container-service-0.5.0-SNAPSHOT.jar!/webapps/static,AVAILABLE}
2019-09-18 11:34:27,627 [main] INFO  handler.ContextHandler (ContextHandler.java:doStart(781)) - Started o.e.j.w.WebAppContext@d3f4505{/,file:///tmp/jetty-0.0.0.0-41997-hddsDatanode-_-any-5136435448578901358.dir/webapp/,AVAILABLE}{/hddsDatanode}
2019-09-18 11:34:27,628 [main] INFO  server.AbstractConnector (AbstractConnector.java:doStart(278)) - Started ServerConnector@3eb292cd{HTTP/1.1,[http/1.1]}{0.0.0.0:41997}
2019-09-18 11:34:27,629 [main] INFO  server.Server (Server.java:doStart(419)) - Started @93839ms
2019-09-18 11:34:27,629 [main] WARN  impl.MetricsSystemImpl (MetricsSystemImpl.java:register(276)) - Sink prometheus already exists!
2019-09-18 11:34:27,630 [main] INFO  server.BaseHttpServer (BaseHttpServer.java:updateConnectorAddress(215)) - HTTP server of HDDSDATANODE is listening at http://0.0.0.0:41997
2019-09-18 11:34:27,630 [main] INFO  impl.MetricsSystemImpl (MetricsSystemImpl.java:init(158)) - HddsDatanode metrics system started (again)
2019-09-18 11:34:27,634 [org.apache.hadoop.util.JvmPauseMonitor$Monitor@7d429ce1] INFO  util.JvmPauseMonitor (JvmPauseMonitor.java:run(188)) - Starting JVM pause monitor
2019-09-18 11:34:27,635 [main] INFO  ozone.HddsDatanodeService (HddsDatanodeService.java:start(184)) - HddsDatanodeService host:pr-hdds-2143-zjsjg-1178913 ip:192.168.157.254
2019-09-18 11:34:27,638 [Datanode State Machine Thread - 0] INFO  datanode.InitDatanodeState (InitDatanodeState.java:persistContainerDatanodeDetails(140)) - DatanodeDetails is persisted to /workdir/hadoop-ozone/integration-test/target/test-dir/MiniOzoneClusterImpl-be355825-eaa2-435a-af82-14347805f592/datanode-0/meta/datanode.id
2019-09-18 11:34:27,641 [main] INFO  volume.HddsVolume (HddsVolume.java:<init>(176)) - Creating Volume: /workdir/hadoop-ozone/integration-test/target/test-dir/MiniOzoneClusterImpl-be355825-eaa2-435a-af82-14347805f592/datanode-1/data/containers/hdds of  storage type : DISK and capacity : 1482555576320
2019-09-18 11:34:27,641 [main] INFO  volume.VolumeSet (VolumeSet.java:initializeVolumeSet(170)) - Added Volume : /workdir/hadoop-ozone/integration-test/target/test-dir/MiniOzoneClusterImpl-be355825-eaa2-435a-af82-14347805f592/datanode-1/data/containers/hdds to VolumeSet
2019-09-18 11:34:27,641 [main] INFO  volume.ThrottledAsyncChecker (ThrottledAsyncChecker.java:schedule(139)) - Scheduling a check for org.apache.hadoop.ozone.container.common.volume.HddsVolume@58b5a2f3
2019-09-18 11:34:27,642 [main] INFO  volume.HddsVolumeChecker (HddsVolumeChecker.java:checkAllVolumes(202)) - Scheduled health check for volume org.apache.hadoop.ozone.container.common.volume.HddsVolume@58b5a2f3
2019-09-18 11:34:27,657 [main] INFO  impl.RaftServerProxy (ConfUtils.java:logGet(43)) - raft.rpc.type = GRPC (default)
2019-09-18 11:34:27,657 [main] INFO  grpc.GrpcFactory (GrpcFactory.java:checkPooledByteBufAllocatorUseCacheForAllThreads(45)) - PERFORMANCE WARNING: useCacheForAllThreads is true that may cause Netty to create a lot garbage objects and, as a result, trigger GC.
	It is recommended to disable useCacheForAllThreads by setting -Dorg.apache.ratis.thirdparty.io.netty.allocator.useCacheForAllThreads=false in command line.
2019-09-18 11:34:27,657 [main] INFO  grpc.GrpcConfigKeys$Server (ConfUtils.java:logGet(43)) - raft.grpc.server.port = 0 (default)
2019-09-18 11:34:27,657 [main] INFO  server.GrpcService (ConfUtils.java:logGet(43)) - raft.grpc.message.size.max = 33570816 (custom)
2019-09-18 11:34:27,657 [main] INFO  server.RaftServerConfigKeys (ConfUtils.java:logGet(43)) - raft.server.log.appender.buffer.byte-limit = 33554432 (custom)
2019-09-18 11:34:27,658 [main] INFO  server.GrpcService (ConfUtils.java:logGet(43)) - raft.grpc.flow.control.window = 1MB (=1048576) (default)
2019-09-18 11:34:27,658 [main] INFO  server.RaftServerConfigKeys (ConfUtils.java:logGet(43)) - raft.server.rpc.request.timeout = 3000ms (default)
2019-09-18 11:34:27,658 [main] INFO  server.RaftServerConfigKeys (ConfUtils.java:logGet(43)) - raft.server.storage.dir = [/workdir/hadoop-ozone/integration-test/target/test-dir/MiniOzoneClusterImpl-be355825-eaa2-435a-af82-14347805f592/datanode-1/data/ratis] (custom)
2019-09-18 11:34:27,659 [main] INFO  hdfs.DFSUtil (DFSUtil.java:httpServerTemplateForNNAndJN(1641)) - Starting Web-server for hddsDatanode at: http://0.0.0.0:0
2019-09-18 11:34:27,661 [main] INFO  server.AuthenticationFilter (AuthenticationFilter.java:constructSecretProvider(240)) - Unable to initialize FileSignerSecretProvider, falling back to use random secrets.
2019-09-18 11:34:27,661 [main] WARN  http.HttpRequestLog (HttpRequestLog.java:getRequestLog(97)) - Jetty request log can only be enabled using Log4j
2019-09-18 11:34:27,662 [main] INFO  http.HttpServer2 (HttpServer2.java:addGlobalFilter(975)) - Added global filter 'safety' (class=org.apache.hadoop.http.HttpServer2$QuotingInputFilter)
2019-09-18 11:34:27,663 [main] INFO  http.HttpServer2 (HttpServer2.java:addFilter(948)) - Added filter static_user_filter (class=org.apache.hadoop.http.lib.StaticUserWebFilter$StaticUserFilter) to context hddsDatanode
2019-09-18 11:34:27,663 [main] INFO  http.HttpServer2 (HttpServer2.java:addFilter(958)) - Added filter static_user_filter (class=org.apache.hadoop.http.lib.StaticUserWebFilter$StaticUserFilter) to context logs
2019-09-18 11:34:27,663 [main] INFO  http.HttpServer2 (HttpServer2.java:addFilter(958)) - Added filter static_user_filter (class=org.apache.hadoop.http.lib.StaticUserWebFilter$StaticUserFilter) to context static
2019-09-18 11:34:27,664 [main] INFO  http.HttpServer2 (HttpServer2.java:bindListener(1191)) - Jetty bound to port 36337
2019-09-18 11:34:27,664 [main] INFO  server.Server (Server.java:doStart(351)) - jetty-9.3.24.v20180605, build timestamp: 2018-06-05T17:11:56Z, git hash: 84205aa28f11a4f31f2a3b86d1bba2cc8ab69827
2019-09-18 11:34:27,666 [main] INFO  handler.ContextHandler (ContextHandler.java:doStart(781)) - Started o.e.j.s.ServletContextHandler@20eaeaf8{/logs,file:///workdir/hadoop-ozone/integration-test/target/log,AVAILABLE}
2019-09-18 11:34:27,666 [main] INFO  handler.ContextHandler (ContextHandler.java:doStart(781)) - Started o.e.j.s.ServletContextHandler@68f6e55d{/static,jar:file:/home/user/.m2/repository/org/apache/hadoop/hadoop-hdds-container-service/0.5.0-SNAPSHOT/hadoop-hdds-container-service-0.5.0-SNAPSHOT.jar!/webapps/static,AVAILABLE}
2019-09-18 11:34:27,694 [main] INFO  handler.ContextHandler (ContextHandler.java:doStart(781)) - Started o.e.j.w.WebAppContext@b73433{/,file:///tmp/jetty-0.0.0.0-36337-hddsDatanode-_-any-5421556561519869664.dir/webapp/,AVAILABLE}{/hddsDatanode}
2019-09-18 11:34:27,694 [main] INFO  server.AbstractConnector (AbstractConnector.java:doStart(278)) - Started ServerConnector@1bf14704{HTTP/1.1,[http/1.1]}{0.0.0.0:36337}
2019-09-18 11:34:27,695 [main] INFO  server.Server (Server.java:doStart(419)) - Started @93905ms
2019-09-18 11:34:27,695 [main] WARN  impl.MetricsSystemImpl (MetricsSystemImpl.java:register(276)) - Sink prometheus already exists!
2019-09-18 11:34:27,696 [main] INFO  server.BaseHttpServer (BaseHttpServer.java:updateConnectorAddress(215)) - HTTP server of HDDSDATANODE is listening at http://0.0.0.0:36337
2019-09-18 11:34:27,696 [main] INFO  impl.MetricsSystemImpl (MetricsSystemImpl.java:init(158)) - HddsDatanode metrics system started (again)
2019-09-18 11:34:27,700 [org.apache.hadoop.util.JvmPauseMonitor$Monitor@78ef5a76] INFO  util.JvmPauseMonitor (JvmPauseMonitor.java:run(188)) - Starting JVM pause monitor
2019-09-18 11:34:27,700 [main] INFO  ozone.HddsDatanodeService (HddsDatanodeService.java:start(184)) - HddsDatanodeService host:pr-hdds-2143-zjsjg-1178913 ip:192.168.157.254
2019-09-18 11:34:27,702 [Datanode State Machine Thread - 0] INFO  datanode.InitDatanodeState (InitDatanodeState.java:persistContainerDatanodeDetails(140)) - DatanodeDetails is persisted to /workdir/hadoop-ozone/integration-test/target/test-dir/MiniOzoneClusterImpl-be355825-eaa2-435a-af82-14347805f592/datanode-1/meta/datanode.id
2019-09-18 11:34:27,706 [main] INFO  volume.HddsVolume (HddsVolume.java:<init>(176)) - Creating Volume: /workdir/hadoop-ozone/integration-test/target/test-dir/MiniOzoneClusterImpl-be355825-eaa2-435a-af82-14347805f592/datanode-2/data/containers/hdds of  storage type : DISK and capacity : 1482555576320
2019-09-18 11:34:27,707 [main] INFO  volume.VolumeSet (VolumeSet.java:initializeVolumeSet(170)) - Added Volume : /workdir/hadoop-ozone/integration-test/target/test-dir/MiniOzoneClusterImpl-be355825-eaa2-435a-af82-14347805f592/datanode-2/data/containers/hdds to VolumeSet
2019-09-18 11:34:27,707 [main] INFO  volume.ThrottledAsyncChecker (ThrottledAsyncChecker.java:schedule(139)) - Scheduling a check for org.apache.hadoop.ozone.container.common.volume.HddsVolume@67536ae0
2019-09-18 11:34:27,707 [main] INFO  volume.HddsVolumeChecker (HddsVolumeChecker.java:checkAllVolumes(202)) - Scheduled health check for volume org.apache.hadoop.ozone.container.common.volume.HddsVolume@67536ae0
2019-09-18 11:34:27,722 [main] INFO  impl.RaftServerProxy (ConfUtils.java:logGet(43)) - raft.rpc.type = GRPC (default)
2019-09-18 11:34:27,722 [main] INFO  grpc.GrpcFactory (GrpcFactory.java:checkPooledByteBufAllocatorUseCacheForAllThreads(45)) - PERFORMANCE WARNING: useCacheForAllThreads is true that may cause Netty to create a lot garbage objects and, as a result, trigger GC.
	It is recommended to disable useCacheForAllThreads by setting -Dorg.apache.ratis.thirdparty.io.netty.allocator.useCacheForAllThreads=false in command line.
2019-09-18 11:34:27,723 [main] INFO  grpc.GrpcConfigKeys$Server (ConfUtils.java:logGet(43)) - raft.grpc.server.port = 0 (default)
2019-09-18 11:34:27,723 [main] INFO  server.GrpcService (ConfUtils.java:logGet(43)) - raft.grpc.message.size.max = 33570816 (custom)
2019-09-18 11:34:27,723 [main] INFO  server.RaftServerConfigKeys (ConfUtils.java:logGet(43)) - raft.server.log.appender.buffer.byte-limit = 33554432 (custom)
2019-09-18 11:34:27,723 [main] INFO  server.GrpcService (ConfUtils.java:logGet(43)) - raft.grpc.flow.control.window = 1MB (=1048576) (default)
2019-09-18 11:34:27,723 [main] INFO  server.RaftServerConfigKeys (ConfUtils.java:logGet(43)) - raft.server.rpc.request.timeout = 3000ms (default)
2019-09-18 11:34:27,724 [main] INFO  server.RaftServerConfigKeys (ConfUtils.java:logGet(43)) - raft.server.storage.dir = [/workdir/hadoop-ozone/integration-test/target/test-dir/MiniOzoneClusterImpl-be355825-eaa2-435a-af82-14347805f592/datanode-2/data/ratis] (custom)
2019-09-18 11:34:27,725 [main] INFO  hdfs.DFSUtil (DFSUtil.java:httpServerTemplateForNNAndJN(1641)) - Starting Web-server for hddsDatanode at: http://0.0.0.0:0
2019-09-18 11:34:27,726 [main] INFO  server.AuthenticationFilter (AuthenticationFilter.java:constructSecretProvider(240)) - Unable to initialize FileSignerSecretProvider, falling back to use random secrets.
2019-09-18 11:34:27,727 [main] WARN  http.HttpRequestLog (HttpRequestLog.java:getRequestLog(97)) - Jetty request log can only be enabled using Log4j
2019-09-18 11:34:27,728 [main] INFO  http.HttpServer2 (HttpServer2.java:addGlobalFilter(975)) - Added global filter 'safety' (class=org.apache.hadoop.http.HttpServer2$QuotingInputFilter)
2019-09-18 11:34:27,729 [main] INFO  http.HttpServer2 (HttpServer2.java:addFilter(948)) - Added filter static_user_filter (class=org.apache.hadoop.http.lib.StaticUserWebFilter$StaticUserFilter) to context hddsDatanode
2019-09-18 11:34:27,729 [main] INFO  http.HttpServer2 (HttpServer2.java:addFilter(958)) - Added filter static_user_filter (class=org.apache.hadoop.http.lib.StaticUserWebFilter$StaticUserFilter) to context static
2019-09-18 11:34:27,729 [main] INFO  http.HttpServer2 (HttpServer2.java:addFilter(958)) - Added filter static_user_filter (class=org.apache.hadoop.http.lib.StaticUserWebFilter$StaticUserFilter) to context logs
2019-09-18 11:34:27,730 [main] INFO  http.HttpServer2 (HttpServer2.java:bindListener(1191)) - Jetty bound to port 40091
2019-09-18 11:34:27,730 [main] INFO  server.Server (Server.java:doStart(351)) - jetty-9.3.24.v20180605, build timestamp: 2018-06-05T17:11:56Z, git hash: 84205aa28f11a4f31f2a3b86d1bba2cc8ab69827
2019-09-18 11:34:27,732 [main] INFO  handler.ContextHandler (ContextHandler.java:doStart(781)) - Started o.e.j.s.ServletContextHandler@6ff0b1cc{/logs,file:///workdir/hadoop-ozone/integration-test/target/log,AVAILABLE}
2019-09-18 11:34:27,733 [main] INFO  handler.ContextHandler (ContextHandler.java:doStart(781)) - Started o.e.j.s.ServletContextHandler@f3560d4{/static,jar:file:/home/user/.m2/repository/org/apache/hadoop/hadoop-hdds-container-service/0.5.0-SNAPSHOT/hadoop-hdds-container-service-0.5.0-SNAPSHOT.jar!/webapps/static,AVAILABLE}
2019-09-18 11:34:27,760 [main] INFO  handler.ContextHandler (ContextHandler.java:doStart(781)) - Started o.e.j.w.WebAppContext@3a7e365{/,file:///tmp/jetty-0.0.0.0-40091-hddsDatanode-_-any-1683634691645291856.dir/webapp/,AVAILABLE}{/hddsDatanode}
2019-09-18 11:34:27,760 [main] INFO  server.AbstractConnector (AbstractConnector.java:doStart(278)) - Started ServerConnector@2ceee4b6{HTTP/1.1,[http/1.1]}{0.0.0.0:40091}
2019-09-18 11:34:27,761 [main] INFO  server.Server (Server.java:doStart(419)) - Started @93971ms
2019-09-18 11:34:27,761 [main] WARN  impl.MetricsSystemImpl (MetricsSystemImpl.java:register(276)) - Sink prometheus already exists!
2019-09-18 11:34:27,762 [main] INFO  server.BaseHttpServer (BaseHttpServer.java:updateConnectorAddress(215)) - HTTP server of HDDSDATANODE is listening at http://0.0.0.0:40091
2019-09-18 11:34:27,762 [main] INFO  impl.MetricsSystemImpl (MetricsSystemImpl.java:init(158)) - HddsDatanode metrics system started (again)
2019-09-18 11:34:27,766 [org.apache.hadoop.util.JvmPauseMonitor$Monitor@43c2f9c6] INFO  util.JvmPauseMonitor (JvmPauseMonitor.java:run(188)) - Starting JVM pause monitor
2019-09-18 11:34:27,766 [main] INFO  ozone.HddsDatanodeService (HddsDatanodeService.java:start(184)) - HddsDatanodeService host:pr-hdds-2143-zjsjg-1178913 ip:192.168.157.254
2019-09-18 11:34:27,768 [Datanode State Machine Thread - 0] INFO  datanode.InitDatanodeState (InitDatanodeState.java:persistContainerDatanodeDetails(140)) - DatanodeDetails is persisted to /workdir/hadoop-ozone/integration-test/target/test-dir/MiniOzoneClusterImpl-be355825-eaa2-435a-af82-14347805f592/datanode-2/meta/datanode.id
2019-09-18 11:34:27,773 [main] INFO  volume.HddsVolume (HddsVolume.java:<init>(176)) - Creating Volume: /workdir/hadoop-ozone/integration-test/target/test-dir/MiniOzoneClusterImpl-be355825-eaa2-435a-af82-14347805f592/datanode-3/data/containers/hdds of  storage type : DISK and capacity : 1482555576320
2019-09-18 11:34:27,773 [main] INFO  volume.VolumeSet (VolumeSet.java:initializeVolumeSet(170)) - Added Volume : /workdir/hadoop-ozone/integration-test/target/test-dir/MiniOzoneClusterImpl-be355825-eaa2-435a-af82-14347805f592/datanode-3/data/containers/hdds to VolumeSet
2019-09-18 11:34:27,773 [main] INFO  volume.ThrottledAsyncChecker (ThrottledAsyncChecker.java:schedule(139)) - Scheduling a check for org.apache.hadoop.ozone.container.common.volume.HddsVolume@7cfac39f
2019-09-18 11:34:27,774 [main] INFO  volume.HddsVolumeChecker (HddsVolumeChecker.java:checkAllVolumes(202)) - Scheduled health check for volume org.apache.hadoop.ozone.container.common.volume.HddsVolume@7cfac39f
2019-09-18 11:34:27,788 [main] INFO  impl.RaftServerProxy (ConfUtils.java:logGet(43)) - raft.rpc.type = GRPC (default)
2019-09-18 11:34:27,788 [main] INFO  grpc.GrpcFactory (GrpcFactory.java:checkPooledByteBufAllocatorUseCacheForAllThreads(45)) - PERFORMANCE WARNING: useCacheForAllThreads is true that may cause Netty to create a lot garbage objects and, as a result, trigger GC.
	It is recommended to disable useCacheForAllThreads by setting -Dorg.apache.ratis.thirdparty.io.netty.allocator.useCacheForAllThreads=false in command line.
2019-09-18 11:34:27,788 [main] INFO  grpc.GrpcConfigKeys$Server (ConfUtils.java:logGet(43)) - raft.grpc.server.port = 0 (default)
2019-09-18 11:34:27,788 [main] INFO  server.GrpcService (ConfUtils.java:logGet(43)) - raft.grpc.message.size.max = 33570816 (custom)
2019-09-18 11:34:27,788 [main] INFO  server.RaftServerConfigKeys (ConfUtils.java:logGet(43)) - raft.server.log.appender.buffer.byte-limit = 33554432 (custom)
2019-09-18 11:34:27,789 [main] INFO  server.GrpcService (ConfUtils.java:logGet(43)) - raft.grpc.flow.control.window = 1MB (=1048576) (default)
2019-09-18 11:34:27,789 [main] INFO  server.RaftServerConfigKeys (ConfUtils.java:logGet(43)) - raft.server.rpc.request.timeout = 3000ms (default)
2019-09-18 11:34:27,789 [main] INFO  server.RaftServerConfigKeys (ConfUtils.java:logGet(43)) - raft.server.storage.dir = [/workdir/hadoop-ozone/integration-test/target/test-dir/MiniOzoneClusterImpl-be355825-eaa2-435a-af82-14347805f592/datanode-3/data/ratis] (custom)
2019-09-18 11:34:27,790 [main] INFO  hdfs.DFSUtil (DFSUtil.java:httpServerTemplateForNNAndJN(1641)) - Starting Web-server for hddsDatanode at: http://0.0.0.0:0
2019-09-18 11:34:27,791 [main] INFO  server.AuthenticationFilter (AuthenticationFilter.java:constructSecretProvider(240)) - Unable to initialize FileSignerSecretProvider, falling back to use random secrets.
2019-09-18 11:34:27,792 [main] WARN  http.HttpRequestLog (HttpRequestLog.java:getRequestLog(97)) - Jetty request log can only be enabled using Log4j
2019-09-18 11:34:27,793 [main] INFO  http.HttpServer2 (HttpServer2.java:addGlobalFilter(975)) - Added global filter 'safety' (class=org.apache.hadoop.http.HttpServer2$QuotingInputFilter)
2019-09-18 11:34:27,793 [main] INFO  http.HttpServer2 (HttpServer2.java:addFilter(948)) - Added filter static_user_filter (class=org.apache.hadoop.http.lib.StaticUserWebFilter$StaticUserFilter) to context hddsDatanode
2019-09-18 11:34:27,794 [main] INFO  http.HttpServer2 (HttpServer2.java:addFilter(958)) - Added filter static_user_filter (class=org.apache.hadoop.http.lib.StaticUserWebFilter$StaticUserFilter) to context static
2019-09-18 11:34:27,794 [main] INFO  http.HttpServer2 (HttpServer2.java:addFilter(958)) - Added filter static_user_filter (class=org.apache.hadoop.http.lib.StaticUserWebFilter$StaticUserFilter) to context logs
2019-09-18 11:34:27,794 [main] INFO  http.HttpServer2 (HttpServer2.java:bindListener(1191)) - Jetty bound to port 41627
2019-09-18 11:34:27,795 [main] INFO  server.Server (Server.java:doStart(351)) - jetty-9.3.24.v20180605, build timestamp: 2018-06-05T17:11:56Z, git hash: 84205aa28f11a4f31f2a3b86d1bba2cc8ab69827
2019-09-18 11:34:27,796 [main] INFO  handler.ContextHandler (ContextHandler.java:doStart(781)) - Started o.e.j.s.ServletContextHandler@6215366a{/logs,file:///workdir/hadoop-ozone/integration-test/target/log,AVAILABLE}
2019-09-18 11:34:27,797 [main] INFO  handler.ContextHandler (ContextHandler.java:doStart(781)) - Started o.e.j.s.ServletContextHandler@36e43829{/static,jar:file:/home/user/.m2/repository/org/apache/hadoop/hadoop-hdds-container-service/0.5.0-SNAPSHOT/hadoop-hdds-container-service-0.5.0-SNAPSHOT.jar!/webapps/static,AVAILABLE}
2019-09-18 11:34:27,824 [main] INFO  handler.ContextHandler (ContextHandler.java:doStart(781)) - Started o.e.j.w.WebAppContext@6870c3c2{/,file:///tmp/jetty-0.0.0.0-41627-hddsDatanode-_-any-7171525165724803674.dir/webapp/,AVAILABLE}{/hddsDatanode}
2019-09-18 11:34:27,824 [main] INFO  server.AbstractConnector (AbstractConnector.java:doStart(278)) - Started ServerConnector@fb0a08c{HTTP/1.1,[http/1.1]}{0.0.0.0:41627}
2019-09-18 11:34:27,826 [main] INFO  server.Server (Server.java:doStart(419)) - Started @94036ms
2019-09-18 11:34:27,826 [main] WARN  impl.MetricsSystemImpl (MetricsSystemImpl.java:register(276)) - Sink prometheus already exists!
2019-09-18 11:34:27,827 [main] INFO  server.BaseHttpServer (BaseHttpServer.java:updateConnectorAddress(215)) - HTTP server of HDDSDATANODE is listening at http://0.0.0.0:41627
2019-09-18 11:34:27,827 [main] INFO  impl.MetricsSystemImpl (MetricsSystemImpl.java:init(158)) - HddsDatanode metrics system started (again)
2019-09-18 11:34:27,830 [main] INFO  ozone.HddsDatanodeService (HddsDatanodeService.java:start(184)) - HddsDatanodeService host:pr-hdds-2143-zjsjg-1178913 ip:192.168.157.254
2019-09-18 11:34:27,830 [org.apache.hadoop.util.JvmPauseMonitor$Monitor@398f5a5] INFO  util.JvmPauseMonitor (JvmPauseMonitor.java:run(188)) - Starting JVM pause monitor
2019-09-18 11:34:27,833 [Datanode State Machine Thread - 0] INFO  datanode.InitDatanodeState (InitDatanodeState.java:persistContainerDatanodeDetails(140)) - DatanodeDetails is persisted to /workdir/hadoop-ozone/integration-test/target/test-dir/MiniOzoneClusterImpl-be355825-eaa2-435a-af82-14347805f592/datanode-3/meta/datanode.id
2019-09-18 11:34:27,837 [main] INFO  volume.HddsVolume (HddsVolume.java:<init>(176)) - Creating Volume: /workdir/hadoop-ozone/integration-test/target/test-dir/MiniOzoneClusterImpl-be355825-eaa2-435a-af82-14347805f592/datanode-4/data/containers/hdds of  storage type : DISK and capacity : 1482555576320
2019-09-18 11:34:27,837 [main] INFO  volume.VolumeSet (VolumeSet.java:initializeVolumeSet(170)) - Added Volume : /workdir/hadoop-ozone/integration-test/target/test-dir/MiniOzoneClusterImpl-be355825-eaa2-435a-af82-14347805f592/datanode-4/data/containers/hdds to VolumeSet
2019-09-18 11:34:27,837 [main] INFO  volume.ThrottledAsyncChecker (ThrottledAsyncChecker.java:schedule(139)) - Scheduling a check for org.apache.hadoop.ozone.container.common.volume.HddsVolume@40c2ce52
2019-09-18 11:34:27,838 [main] INFO  volume.HddsVolumeChecker (HddsVolumeChecker.java:checkAllVolumes(202)) - Scheduled health check for volume org.apache.hadoop.ozone.container.common.volume.HddsVolume@40c2ce52
2019-09-18 11:34:27,851 [main] INFO  impl.RaftServerProxy (ConfUtils.java:logGet(43)) - raft.rpc.type = GRPC (default)
2019-09-18 11:34:27,851 [main] INFO  grpc.GrpcFactory (GrpcFactory.java:checkPooledByteBufAllocatorUseCacheForAllThreads(45)) - PERFORMANCE WARNING: useCacheForAllThreads is true that may cause Netty to create a lot garbage objects and, as a result, trigger GC.
	It is recommended to disable useCacheForAllThreads by setting -Dorg.apache.ratis.thirdparty.io.netty.allocator.useCacheForAllThreads=false in command line.
2019-09-18 11:34:27,851 [main] INFO  grpc.GrpcConfigKeys$Server (ConfUtils.java:logGet(43)) - raft.grpc.server.port = 0 (default)
2019-09-18 11:34:27,851 [main] INFO  server.GrpcService (ConfUtils.java:logGet(43)) - raft.grpc.message.size.max = 33570816 (custom)
2019-09-18 11:34:27,852 [main] INFO  server.RaftServerConfigKeys (ConfUtils.java:logGet(43)) - raft.server.log.appender.buffer.byte-limit = 33554432 (custom)
2019-09-18 11:34:27,852 [main] INFO  server.GrpcService (ConfUtils.java:logGet(43)) - raft.grpc.flow.control.window = 1MB (=1048576) (default)
2019-09-18 11:34:27,852 [main] INFO  server.RaftServerConfigKeys (ConfUtils.java:logGet(43)) - raft.server.rpc.request.timeout = 3000ms (default)
2019-09-18 11:34:27,852 [main] INFO  server.RaftServerConfigKeys (ConfUtils.java:logGet(43)) - raft.server.storage.dir = [/workdir/hadoop-ozone/integration-test/target/test-dir/MiniOzoneClusterImpl-be355825-eaa2-435a-af82-14347805f592/datanode-4/data/ratis] (custom)
2019-09-18 11:34:27,854 [main] INFO  hdfs.DFSUtil (DFSUtil.java:httpServerTemplateForNNAndJN(1641)) - Starting Web-server for hddsDatanode at: http://0.0.0.0:0
2019-09-18 11:34:27,855 [main] INFO  server.AuthenticationFilter (AuthenticationFilter.java:constructSecretProvider(240)) - Unable to initialize FileSignerSecretProvider, falling back to use random secrets.
2019-09-18 11:34:27,855 [main] WARN  http.HttpRequestLog (HttpRequestLog.java:getRequestLog(97)) - Jetty request log can only be enabled using Log4j
2019-09-18 11:34:27,857 [main] INFO  http.HttpServer2 (HttpServer2.java:addGlobalFilter(975)) - Added global filter 'safety' (class=org.apache.hadoop.http.HttpServer2$QuotingInputFilter)
2019-09-18 11:34:27,857 [main] INFO  http.HttpServer2 (HttpServer2.java:addFilter(948)) - Added filter static_user_filter (class=org.apache.hadoop.http.lib.StaticUserWebFilter$StaticUserFilter) to context hddsDatanode
2019-09-18 11:34:27,857 [main] INFO  http.HttpServer2 (HttpServer2.java:addFilter(958)) - Added filter static_user_filter (class=org.apache.hadoop.http.lib.StaticUserWebFilter$StaticUserFilter) to context static
2019-09-18 11:34:27,858 [main] INFO  http.HttpServer2 (HttpServer2.java:addFilter(958)) - Added filter static_user_filter (class=org.apache.hadoop.http.lib.StaticUserWebFilter$StaticUserFilter) to context logs
2019-09-18 11:34:27,858 [main] INFO  http.HttpServer2 (HttpServer2.java:bindListener(1191)) - Jetty bound to port 43550
2019-09-18 11:34:27,858 [main] INFO  server.Server (Server.java:doStart(351)) - jetty-9.3.24.v20180605, build timestamp: 2018-06-05T17:11:56Z, git hash: 84205aa28f11a4f31f2a3b86d1bba2cc8ab69827
2019-09-18 11:34:27,860 [main] INFO  handler.ContextHandler (ContextHandler.java:doStart(781)) - Started o.e.j.s.ServletContextHandler@4887de2b{/logs,file:///workdir/hadoop-ozone/integration-test/target/log,AVAILABLE}
2019-09-18 11:34:27,861 [main] INFO  handler.ContextHandler (ContextHandler.java:doStart(781)) - Started o.e.j.s.ServletContextHandler@40ac6b76{/static,jar:file:/home/user/.m2/repository/org/apache/hadoop/hadoop-hdds-container-service/0.5.0-SNAPSHOT/hadoop-hdds-container-service-0.5.0-SNAPSHOT.jar!/webapps/static,AVAILABLE}
2019-09-18 11:34:27,889 [main] INFO  handler.ContextHandler (ContextHandler.java:doStart(781)) - Started o.e.j.w.WebAppContext@9c73fff{/,file:///tmp/jetty-0.0.0.0-43550-hddsDatanode-_-any-6864640059157685791.dir/webapp/,AVAILABLE}{/hddsDatanode}
2019-09-18 11:34:27,889 [main] INFO  server.AbstractConnector (AbstractConnector.java:doStart(278)) - Started ServerConnector@71cea1b8{HTTP/1.1,[http/1.1]}{0.0.0.0:43550}
2019-09-18 11:34:27,891 [main] INFO  server.Server (Server.java:doStart(419)) - Started @94101ms
2019-09-18 11:34:27,891 [main] WARN  impl.MetricsSystemImpl (MetricsSystemImpl.java:register(276)) - Sink prometheus already exists!
2019-09-18 11:34:27,891 [main] INFO  server.BaseHttpServer (BaseHttpServer.java:updateConnectorAddress(215)) - HTTP server of HDDSDATANODE is listening at http://0.0.0.0:43550
2019-09-18 11:34:27,892 [main] INFO  impl.MetricsSystemImpl (MetricsSystemImpl.java:init(158)) - HddsDatanode metrics system started (again)
2019-09-18 11:34:27,897 [org.apache.hadoop.util.JvmPauseMonitor$Monitor@3a107420] INFO  util.JvmPauseMonitor (JvmPauseMonitor.java:run(188)) - Starting JVM pause monitor
2019-09-18 11:34:27,897 [main] INFO  ozone.HddsDatanodeService (HddsDatanodeService.java:start(184)) - HddsDatanodeService host:pr-hdds-2143-zjsjg-1178913 ip:192.168.157.254
2019-09-18 11:34:27,898 [Datanode State Machine Thread - 0] INFO  datanode.InitDatanodeState (InitDatanodeState.java:persistContainerDatanodeDetails(140)) - DatanodeDetails is persisted to /workdir/hadoop-ozone/integration-test/target/test-dir/MiniOzoneClusterImpl-be355825-eaa2-435a-af82-14347805f592/datanode-4/meta/datanode.id
2019-09-18 11:34:27,904 [main] INFO  volume.HddsVolume (HddsVolume.java:<init>(176)) - Creating Volume: /workdir/hadoop-ozone/integration-test/target/test-dir/MiniOzoneClusterImpl-be355825-eaa2-435a-af82-14347805f592/datanode-5/data/containers/hdds of  storage type : DISK and capacity : 1482555576320
2019-09-18 11:34:27,904 [main] INFO  volume.VolumeSet (VolumeSet.java:initializeVolumeSet(170)) - Added Volume : /workdir/hadoop-ozone/integration-test/target/test-dir/MiniOzoneClusterImpl-be355825-eaa2-435a-af82-14347805f592/datanode-5/data/containers/hdds to VolumeSet
2019-09-18 11:34:27,904 [main] INFO  volume.ThrottledAsyncChecker (ThrottledAsyncChecker.java:schedule(139)) - Scheduling a check for org.apache.hadoop.ozone.container.common.volume.HddsVolume@343e225a
2019-09-18 11:34:27,904 [main] INFO  volume.HddsVolumeChecker (HddsVolumeChecker.java:checkAllVolumes(202)) - Scheduled health check for volume org.apache.hadoop.ozone.container.common.volume.HddsVolume@343e225a
2019-09-18 11:34:27,917 [main] INFO  impl.RaftServerProxy (ConfUtils.java:logGet(43)) - raft.rpc.type = GRPC (default)
2019-09-18 11:34:27,917 [main] INFO  grpc.GrpcFactory (GrpcFactory.java:checkPooledByteBufAllocatorUseCacheForAllThreads(45)) - PERFORMANCE WARNING: useCacheForAllThreads is true that may cause Netty to create a lot garbage objects and, as a result, trigger GC.
	It is recommended to disable useCacheForAllThreads by setting -Dorg.apache.ratis.thirdparty.io.netty.allocator.useCacheForAllThreads=false in command line.
2019-09-18 11:34:27,918 [main] INFO  grpc.GrpcConfigKeys$Server (ConfUtils.java:logGet(43)) - raft.grpc.server.port = 0 (default)
2019-09-18 11:34:27,918 [main] INFO  server.GrpcService (ConfUtils.java:logGet(43)) - raft.grpc.message.size.max = 33570816 (custom)
2019-09-18 11:34:27,918 [main] INFO  server.RaftServerConfigKeys (ConfUtils.java:logGet(43)) - raft.server.log.appender.buffer.byte-limit = 33554432 (custom)
2019-09-18 11:34:27,918 [main] INFO  server.GrpcService (ConfUtils.java:logGet(43)) - raft.grpc.flow.control.window = 1MB (=1048576) (default)
2019-09-18 11:34:27,918 [main] INFO  server.RaftServerConfigKeys (ConfUtils.java:logGet(43)) - raft.server.rpc.request.timeout = 3000ms (default)
2019-09-18 11:34:27,919 [main] INFO  server.RaftServerConfigKeys (ConfUtils.java:logGet(43)) - raft.server.storage.dir = [/workdir/hadoop-ozone/integration-test/target/test-dir/MiniOzoneClusterImpl-be355825-eaa2-435a-af82-14347805f592/datanode-5/data/ratis] (custom)
2019-09-18 11:34:27,920 [main] INFO  hdfs.DFSUtil (DFSUtil.java:httpServerTemplateForNNAndJN(1641)) - Starting Web-server for hddsDatanode at: http://0.0.0.0:0
2019-09-18 11:34:27,921 [main] INFO  server.AuthenticationFilter (AuthenticationFilter.java:constructSecretProvider(240)) - Unable to initialize FileSignerSecretProvider, falling back to use random secrets.
2019-09-18 11:34:27,921 [main] WARN  http.HttpRequestLog (HttpRequestLog.java:getRequestLog(97)) - Jetty request log can only be enabled using Log4j
2019-09-18 11:34:27,923 [main] INFO  http.HttpServer2 (HttpServer2.java:addGlobalFilter(975)) - Added global filter 'safety' (class=org.apache.hadoop.http.HttpServer2$QuotingInputFilter)
2019-09-18 11:34:27,923 [main] INFO  http.HttpServer2 (HttpServer2.java:addFilter(948)) - Added filter static_user_filter (class=org.apache.hadoop.http.lib.StaticUserWebFilter$StaticUserFilter) to context hddsDatanode
2019-09-18 11:34:27,923 [main] INFO  http.HttpServer2 (HttpServer2.java:addFilter(958)) - Added filter static_user_filter (class=org.apache.hadoop.http.lib.StaticUserWebFilter$StaticUserFilter) to context static
2019-09-18 11:34:27,923 [main] INFO  http.HttpServer2 (HttpServer2.java:addFilter(958)) - Added filter static_user_filter (class=org.apache.hadoop.http.lib.StaticUserWebFilter$StaticUserFilter) to context logs
2019-09-18 11:34:27,924 [main] INFO  http.HttpServer2 (HttpServer2.java:bindListener(1191)) - Jetty bound to port 34265
2019-09-18 11:34:27,924 [main] INFO  server.Server (Server.java:doStart(351)) - jetty-9.3.24.v20180605, build timestamp: 2018-06-05T17:11:56Z, git hash: 84205aa28f11a4f31f2a3b86d1bba2cc8ab69827
2019-09-18 11:34:27,926 [main] INFO  handler.ContextHandler (ContextHandler.java:doStart(781)) - Started o.e.j.s.ServletContextHandler@65f40689{/logs,file:///workdir/hadoop-ozone/integration-test/target/log,AVAILABLE}
2019-09-18 11:34:27,926 [main] INFO  handler.ContextHandler (ContextHandler.java:doStart(781)) - Started o.e.j.s.ServletContextHandler@33eb6758{/static,jar:file:/home/user/.m2/repository/org/apache/hadoop/hadoop-hdds-container-service/0.5.0-SNAPSHOT/hadoop-hdds-container-service-0.5.0-SNAPSHOT.jar!/webapps/static,AVAILABLE}
2019-09-18 11:34:27,953 [main] INFO  handler.ContextHandler (ContextHandler.java:doStart(781)) - Started o.e.j.w.WebAppContext@75023c53{/,file:///tmp/jetty-0.0.0.0-34265-hddsDatanode-_-any-3842761387458477019.dir/webapp/,AVAILABLE}{/hddsDatanode}
2019-09-18 11:34:27,954 [main] INFO  server.AbstractConnector (AbstractConnector.java:doStart(278)) - Started ServerConnector@66813e6e{HTTP/1.1,[http/1.1]}{0.0.0.0:34265}
2019-09-18 11:34:27,955 [main] INFO  server.Server (Server.java:doStart(419)) - Started @94165ms
2019-09-18 11:34:27,955 [main] WARN  impl.MetricsSystemImpl (MetricsSystemImpl.java:register(276)) - Sink prometheus already exists!
2019-09-18 11:34:27,956 [main] INFO  server.BaseHttpServer (BaseHttpServer.java:updateConnectorAddress(215)) - HTTP server of HDDSDATANODE is listening at http://0.0.0.0:34265
2019-09-18 11:34:27,956 [main] INFO  impl.MetricsSystemImpl (MetricsSystemImpl.java:init(158)) - HddsDatanode metrics system started (again)
2019-09-18 11:34:27,961 [org.apache.hadoop.util.JvmPauseMonitor$Monitor@47e14932] INFO  util.JvmPauseMonitor (JvmPauseMonitor.java:run(188)) - Starting JVM pause monitor
2019-09-18 11:34:27,961 [main] INFO  ozone.HddsDatanodeService (HddsDatanodeService.java:start(184)) - HddsDatanodeService host:pr-hdds-2143-zjsjg-1178913 ip:192.168.157.254
2019-09-18 11:34:27,963 [Datanode State Machine Thread - 0] INFO  datanode.InitDatanodeState (InitDatanodeState.java:persistContainerDatanodeDetails(140)) - DatanodeDetails is persisted to /workdir/hadoop-ozone/integration-test/target/test-dir/MiniOzoneClusterImpl-be355825-eaa2-435a-af82-14347805f592/datanode-5/meta/datanode.id
2019-09-18 11:34:27,968 [main] INFO  volume.HddsVolume (HddsVolume.java:<init>(176)) - Creating Volume: /workdir/hadoop-ozone/integration-test/target/test-dir/MiniOzoneClusterImpl-be355825-eaa2-435a-af82-14347805f592/datanode-6/data/containers/hdds of  storage type : DISK and capacity : 1482555576320
2019-09-18 11:34:27,968 [main] INFO  volume.VolumeSet (VolumeSet.java:initializeVolumeSet(170)) - Added Volume : /workdir/hadoop-ozone/integration-test/target/test-dir/MiniOzoneClusterImpl-be355825-eaa2-435a-af82-14347805f592/datanode-6/data/containers/hdds to VolumeSet
2019-09-18 11:34:27,969 [main] INFO  volume.ThrottledAsyncChecker (ThrottledAsyncChecker.java:schedule(139)) - Scheduling a check for org.apache.hadoop.ozone.container.common.volume.HddsVolume@3520963d
2019-09-18 11:34:27,969 [main] INFO  volume.HddsVolumeChecker (HddsVolumeChecker.java:checkAllVolumes(202)) - Scheduled health check for volume org.apache.hadoop.ozone.container.common.volume.HddsVolume@3520963d
2019-09-18 11:34:27,982 [main] INFO  impl.RaftServerProxy (ConfUtils.java:logGet(43)) - raft.rpc.type = GRPC (default)
2019-09-18 11:34:27,982 [main] INFO  grpc.GrpcFactory (GrpcFactory.java:checkPooledByteBufAllocatorUseCacheForAllThreads(45)) - PERFORMANCE WARNING: useCacheForAllThreads is true that may cause Netty to create a lot garbage objects and, as a result, trigger GC.
	It is recommended to disable useCacheForAllThreads by setting -Dorg.apache.ratis.thirdparty.io.netty.allocator.useCacheForAllThreads=false in command line.
2019-09-18 11:34:27,982 [main] INFO  grpc.GrpcConfigKeys$Server (ConfUtils.java:logGet(43)) - raft.grpc.server.port = 0 (default)
2019-09-18 11:34:27,983 [main] INFO  server.GrpcService (ConfUtils.java:logGet(43)) - raft.grpc.message.size.max = 33570816 (custom)
2019-09-18 11:34:27,983 [main] INFO  server.RaftServerConfigKeys (ConfUtils.java:logGet(43)) - raft.server.log.appender.buffer.byte-limit = 33554432 (custom)
2019-09-18 11:34:27,983 [main] INFO  server.GrpcService (ConfUtils.java:logGet(43)) - raft.grpc.flow.control.window = 1MB (=1048576) (default)
2019-09-18 11:34:27,983 [main] INFO  server.RaftServerConfigKeys (ConfUtils.java:logGet(43)) - raft.server.rpc.request.timeout = 3000ms (default)
2019-09-18 11:34:27,984 [main] INFO  server.RaftServerConfigKeys (ConfUtils.java:logGet(43)) - raft.server.storage.dir = [/workdir/hadoop-ozone/integration-test/target/test-dir/MiniOzoneClusterImpl-be355825-eaa2-435a-af82-14347805f592/datanode-6/data/ratis] (custom)
2019-09-18 11:34:27,985 [main] INFO  hdfs.DFSUtil (DFSUtil.java:httpServerTemplateForNNAndJN(1641)) - Starting Web-server for hddsDatanode at: http://0.0.0.0:0
2019-09-18 11:34:27,986 [main] INFO  server.AuthenticationFilter (AuthenticationFilter.java:constructSecretProvider(240)) - Unable to initialize FileSignerSecretProvider, falling back to use random secrets.
2019-09-18 11:34:27,986 [main] WARN  http.HttpRequestLog (HttpRequestLog.java:getRequestLog(97)) - Jetty request log can only be enabled using Log4j
2019-09-18 11:34:27,988 [main] INFO  http.HttpServer2 (HttpServer2.java:addGlobalFilter(975)) - Added global filter 'safety' (class=org.apache.hadoop.http.HttpServer2$QuotingInputFilter)
2019-09-18 11:34:27,988 [main] INFO  http.HttpServer2 (HttpServer2.java:addFilter(948)) - Added filter static_user_filter (class=org.apache.hadoop.http.lib.StaticUserWebFilter$StaticUserFilter) to context hddsDatanode
2019-09-18 11:34:27,988 [main] INFO  http.HttpServer2 (HttpServer2.java:addFilter(958)) - Added filter static_user_filter (class=org.apache.hadoop.http.lib.StaticUserWebFilter$StaticUserFilter) to context logs
2019-09-18 11:34:27,988 [main] INFO  http.HttpServer2 (HttpServer2.java:addFilter(958)) - Added filter static_user_filter (class=org.apache.hadoop.http.lib.StaticUserWebFilter$StaticUserFilter) to context static
2019-09-18 11:34:27,989 [main] INFO  http.HttpServer2 (HttpServer2.java:bindListener(1191)) - Jetty bound to port 36843
2019-09-18 11:34:27,989 [main] INFO  server.Server (Server.java:doStart(351)) - jetty-9.3.24.v20180605, build timestamp: 2018-06-05T17:11:56Z, git hash: 84205aa28f11a4f31f2a3b86d1bba2cc8ab69827
2019-09-18 11:34:27,991 [main] INFO  handler.ContextHandler (ContextHandler.java:doStart(781)) - Started o.e.j.s.ServletContextHandler@57ddd45b{/logs,file:///workdir/hadoop-ozone/integration-test/target/log,AVAILABLE}
2019-09-18 11:34:27,991 [main] INFO  handler.ContextHandler (ContextHandler.java:doStart(781)) - Started o.e.j.s.ServletContextHandler@2fb25f4c{/static,jar:file:/home/user/.m2/repository/org/apache/hadoop/hadoop-hdds-container-service/0.5.0-SNAPSHOT/hadoop-hdds-container-service-0.5.0-SNAPSHOT.jar!/webapps/static,AVAILABLE}
2019-09-18 11:34:28,018 [main] INFO  handler.ContextHandler (ContextHandler.java:doStart(781)) - Started o.e.j.w.WebAppContext@59c04bee{/,file:///tmp/jetty-0.0.0.0-36843-hddsDatanode-_-any-6966255599151695292.dir/webapp/,AVAILABLE}{/hddsDatanode}
2019-09-18 11:34:28,019 [main] INFO  server.AbstractConnector (AbstractConnector.java:doStart(278)) - Started ServerConnector@45900b64{HTTP/1.1,[http/1.1]}{0.0.0.0:36843}
2019-09-18 11:34:28,020 [main] INFO  server.Server (Server.java:doStart(419)) - Started @94230ms
2019-09-18 11:34:28,020 [main] WARN  impl.MetricsSystemImpl (MetricsSystemImpl.java:register(276)) - Sink prometheus already exists!
2019-09-18 11:34:28,021 [main] INFO  server.BaseHttpServer (BaseHttpServer.java:updateConnectorAddress(215)) - HTTP server of HDDSDATANODE is listening at http://0.0.0.0:36843
2019-09-18 11:34:28,021 [main] INFO  ozone.MiniOzoneClusterImpl (MiniOzoneClusterImpl.java:lambda$waitForClusterToBeReady$0(145)) - Waiting for cluster to be ready. Got 0 of 7 DN Heartbeats.
2019-09-18 11:34:28,025 [org.apache.hadoop.util.JvmPauseMonitor$Monitor@713915ac] INFO  util.JvmPauseMonitor (JvmPauseMonitor.java:run(188)) - Starting JVM pause monitor
2019-09-18 11:34:28,027 [Datanode State Machine Thread - 0] INFO  datanode.InitDatanodeState (InitDatanodeState.java:persistContainerDatanodeDetails(140)) - DatanodeDetails is persisted to /workdir/hadoop-ozone/integration-test/target/test-dir/MiniOzoneClusterImpl-be355825-eaa2-435a-af82-14347805f592/datanode-6/meta/datanode.id
2019-09-18 11:34:29,026 [main] INFO  ozone.MiniOzoneClusterImpl (MiniOzoneClusterImpl.java:lambda$waitForClusterToBeReady$0(145)) - Waiting for cluster to be ready. Got 0 of 7 DN Heartbeats.
2019-09-18 11:34:29,851 [Datanode State Machine Thread - 0] INFO  ozoneimpl.OzoneContainer (OzoneContainer.java:start(217)) - Attempting to start container services.
2019-09-18 11:34:29,851 [Datanode State Machine Thread - 0] INFO  ozoneimpl.OzoneContainer (OzoneContainer.java:start(217)) - Attempting to start container services.
2019-09-18 11:34:29,851 [Datanode State Machine Thread - 0] INFO  ozoneimpl.OzoneContainer (OzoneContainer.java:start(217)) - Attempting to start container services.
2019-09-18 11:34:29,851 [Datanode State Machine Thread - 0] INFO  ozoneimpl.OzoneContainer (OzoneContainer.java:start(217)) - Attempting to start container services.
2019-09-18 11:34:29,855 [Datanode State Machine Thread - 0] INFO  ozoneimpl.OzoneContainer (OzoneContainer.java:startContainerScrub(179)) - Background container scanner has been disabled.
2019-09-18 11:34:29,855 [Datanode State Machine Thread - 0] INFO  ozoneimpl.OzoneContainer (OzoneContainer.java:startContainerScrub(179)) - Background container scanner has been disabled.
2019-09-18 11:34:29,860 [Datanode State Machine Thread - 0] INFO  ratis.XceiverServerRatis (XceiverServerRatis.java:start(411)) - Starting XceiverServerRatis 2ca65623-ea22-4647-963d-0640bb90372f at port 0
2019-09-18 11:34:29,859 [Datanode State Machine Thread - 0] INFO  ozoneimpl.OzoneContainer (OzoneContainer.java:startContainerScrub(179)) - Background container scanner has been disabled.
2019-09-18 11:34:29,859 [Datanode State Machine Thread - 0] INFO  ozoneimpl.OzoneContainer (OzoneContainer.java:startContainerScrub(179)) - Background container scanner has been disabled.
2019-09-18 11:34:29,860 [Datanode State Machine Thread - 0] INFO  ratis.XceiverServerRatis (XceiverServerRatis.java:start(411)) - Starting XceiverServerRatis d2eb4519-41f8-436c-a390-cde303904edf at port 0
2019-09-18 11:34:29,860 [Datanode State Machine Thread - 0] INFO  ratis.XceiverServerRatis (XceiverServerRatis.java:start(411)) - Starting XceiverServerRatis f23e4d0b-fd16-4e36-87f9-2fb30e2de0f1 at port 0
2019-09-18 11:34:29,860 [Datanode State Machine Thread - 0] INFO  ratis.XceiverServerRatis (XceiverServerRatis.java:start(411)) - Starting XceiverServerRatis 479eb58c-4806-44ca-880e-53ce08193011 at port 0
2019-09-18 11:34:29,881 [Datanode State Machine Thread - 0] INFO  impl.RaftServerProxy (RaftServerProxy.java:lambda$start$3(299)) - 2ca65623-ea22-4647-963d-0640bb90372f: start RPC server
2019-09-18 11:34:29,883 [Datanode State Machine Thread - 0] INFO  impl.RaftServerProxy (RaftServerProxy.java:lambda$start$3(299)) - f23e4d0b-fd16-4e36-87f9-2fb30e2de0f1: start RPC server
2019-09-18 11:34:29,884 [Datanode State Machine Thread - 0] INFO  impl.RaftServerProxy (RaftServerProxy.java:lambda$start$3(299)) - d2eb4519-41f8-436c-a390-cde303904edf: start RPC server
2019-09-18 11:34:29,884 [Datanode State Machine Thread - 0] INFO  server.GrpcService (GrpcService.java:startImpl(158)) - f23e4d0b-fd16-4e36-87f9-2fb30e2de0f1: GrpcService started, listening on 0.0.0.0/0.0.0.0:39244
2019-09-18 11:34:29,884 [Datanode State Machine Thread - 0] INFO  server.GrpcService (GrpcService.java:startImpl(158)) - 2ca65623-ea22-4647-963d-0640bb90372f: GrpcService started, listening on 0.0.0.0/0.0.0.0:38751
2019-09-18 11:34:29,885 [Datanode State Machine Thread - 0] INFO  ratis.XceiverServerRatis (XceiverServerRatis.java:start(421)) - XceiverServerRatis f23e4d0b-fd16-4e36-87f9-2fb30e2de0f1 is started using port 39244
2019-09-18 11:34:29,885 [Datanode State Machine Thread - 0] INFO  ratis.XceiverServerRatis (XceiverServerRatis.java:start(421)) - XceiverServerRatis 2ca65623-ea22-4647-963d-0640bb90372f is started using port 38751
2019-09-18 11:34:29,885 [Datanode State Machine Thread - 0] INFO  impl.RaftServerProxy (RaftServerProxy.java:lambda$start$3(299)) - 479eb58c-4806-44ca-880e-53ce08193011: start RPC server
2019-09-18 11:34:29,885 [Datanode State Machine Thread - 0] INFO  server.GrpcService (GrpcService.java:startImpl(158)) - d2eb4519-41f8-436c-a390-cde303904edf: GrpcService started, listening on 0.0.0.0/0.0.0.0:44105
2019-09-18 11:34:29,885 [Datanode State Machine Thread - 0] INFO  server.XceiverServerGrpc (XceiverServerGrpc.java:start(163)) - XceiverServerGrpc f23e4d0b-fd16-4e36-87f9-2fb30e2de0f1 is started using port 36939
2019-09-18 11:34:29,885 [Datanode State Machine Thread - 0] INFO  ratis.XceiverServerRatis (XceiverServerRatis.java:start(421)) - XceiverServerRatis d2eb4519-41f8-436c-a390-cde303904edf is started using port 44105
2019-09-18 11:34:29,885 [Datanode State Machine Thread - 0] INFO  server.XceiverServerGrpc (XceiverServerGrpc.java:start(163)) - XceiverServerGrpc 2ca65623-ea22-4647-963d-0640bb90372f is started using port 36838
2019-09-18 11:34:29,895 [Datanode State Machine Thread - 0] INFO  server.GrpcService (GrpcService.java:startImpl(158)) - 479eb58c-4806-44ca-880e-53ce08193011: GrpcService started, listening on 0.0.0.0/0.0.0.0:42192
2019-09-18 11:34:29,896 [Datanode State Machine Thread - 0] INFO  ratis.XceiverServerRatis (XceiverServerRatis.java:start(421)) - XceiverServerRatis 479eb58c-4806-44ca-880e-53ce08193011 is started using port 42192
2019-09-18 11:34:29,897 [Datanode State Machine Thread - 0] INFO  server.XceiverServerGrpc (XceiverServerGrpc.java:start(163)) - XceiverServerGrpc d2eb4519-41f8-436c-a390-cde303904edf is started using port 35649
2019-09-18 11:34:29,900 [Datanode State Machine Thread - 0] INFO  server.XceiverServerGrpc (XceiverServerGrpc.java:start(163)) - XceiverServerGrpc 479eb58c-4806-44ca-880e-53ce08193011 is started using port 37446
2019-09-18 11:34:29,907 [Datanode State Machine Thread - 0] INFO  ozoneimpl.OzoneContainer (OzoneContainer.java:start(217)) - Attempting to start container services.
2019-09-18 11:34:29,907 [Datanode State Machine Thread - 0] INFO  ozoneimpl.OzoneContainer (OzoneContainer.java:startContainerScrub(179)) - Background container scanner has been disabled.
2019-09-18 11:34:29,907 [Datanode State Machine Thread - 0] INFO  ratis.XceiverServerRatis (XceiverServerRatis.java:start(411)) - Starting XceiverServerRatis 48aa6b7c-19e2-4065-8b5b-6a7fc3a6ed8c at port 0
2019-09-18 11:34:29,928 [Datanode State Machine Thread - 0] INFO  impl.RaftServerProxy (RaftServerProxy.java:lambda$start$3(299)) - 48aa6b7c-19e2-4065-8b5b-6a7fc3a6ed8c: start RPC server
2019-09-18 11:34:29,929 [Datanode State Machine Thread - 0] INFO  server.GrpcService (GrpcService.java:startImpl(158)) - 48aa6b7c-19e2-4065-8b5b-6a7fc3a6ed8c: GrpcService started, listening on 0.0.0.0/0.0.0.0:46181
2019-09-18 11:34:29,929 [Datanode State Machine Thread - 0] INFO  ratis.XceiverServerRatis (XceiverServerRatis.java:start(421)) - XceiverServerRatis 48aa6b7c-19e2-4065-8b5b-6a7fc3a6ed8c is started using port 46181
2019-09-18 11:34:29,930 [Datanode State Machine Thread - 0] INFO  server.XceiverServerGrpc (XceiverServerGrpc.java:start(163)) - XceiverServerGrpc 48aa6b7c-19e2-4065-8b5b-6a7fc3a6ed8c is started using port 37588
2019-09-18 11:34:29,974 [Datanode State Machine Thread - 0] INFO  ozoneimpl.OzoneContainer (OzoneContainer.java:start(217)) - Attempting to start container services.
2019-09-18 11:34:29,975 [Datanode State Machine Thread - 0] INFO  ozoneimpl.OzoneContainer (OzoneContainer.java:startContainerScrub(179)) - Background container scanner has been disabled.
2019-09-18 11:34:29,975 [Datanode State Machine Thread - 0] INFO  ratis.XceiverServerRatis (XceiverServerRatis.java:start(411)) - Starting XceiverServerRatis 9a3866a3-945c-43d9-ad49-28fa7f717e26 at port 0
2019-09-18 11:34:30,030 [main] INFO  ozone.MiniOzoneClusterImpl (MiniOzoneClusterImpl.java:lambda$waitForClusterToBeReady$0(145)) - Waiting for cluster to be ready. Got 0 of 7 DN Heartbeats.
2019-09-18 11:34:30,056 [Datanode State Machine Thread - 0] INFO  ozoneimpl.OzoneContainer (OzoneContainer.java:start(217)) - Attempting to start container services.
2019-09-18 11:34:30,056 [Datanode State Machine Thread - 0] INFO  ozoneimpl.OzoneContainer (OzoneContainer.java:startContainerScrub(179)) - Background container scanner has been disabled.
2019-09-18 11:34:30,056 [Datanode State Machine Thread - 0] INFO  ratis.XceiverServerRatis (XceiverServerRatis.java:start(411)) - Starting XceiverServerRatis 3731518f-4a75-41f7-a8ac-44e1efdde356 at port 0
2019-09-18 11:34:30,071 [Datanode State Machine Thread - 0] INFO  impl.RaftServerProxy (RaftServerProxy.java:lambda$start$3(299)) - 9a3866a3-945c-43d9-ad49-28fa7f717e26: start RPC server
2019-09-18 11:34:30,072 [Datanode State Machine Thread - 0] INFO  server.GrpcService (GrpcService.java:startImpl(158)) - 9a3866a3-945c-43d9-ad49-28fa7f717e26: GrpcService started, listening on 0.0.0.0/0.0.0.0:46807
2019-09-18 11:34:30,072 [Datanode State Machine Thread - 0] INFO  ratis.XceiverServerRatis (XceiverServerRatis.java:start(421)) - XceiverServerRatis 9a3866a3-945c-43d9-ad49-28fa7f717e26 is started using port 46807
2019-09-18 11:34:30,072 [Datanode State Machine Thread - 0] INFO  server.XceiverServerGrpc (XceiverServerGrpc.java:start(163)) - XceiverServerGrpc 9a3866a3-945c-43d9-ad49-28fa7f717e26 is started using port 46445
2019-09-18 11:34:30,105 [Datanode State Machine Thread - 0] INFO  impl.RaftServerProxy (RaftServerProxy.java:lambda$start$3(299)) - 3731518f-4a75-41f7-a8ac-44e1efdde356: start RPC server
2019-09-18 11:34:30,108 [Datanode State Machine Thread - 0] INFO  server.GrpcService (GrpcService.java:startImpl(158)) - 3731518f-4a75-41f7-a8ac-44e1efdde356: GrpcService started, listening on 0.0.0.0/0.0.0.0:38958
2019-09-18 11:34:30,108 [Datanode State Machine Thread - 0] INFO  ratis.XceiverServerRatis (XceiverServerRatis.java:start(421)) - XceiverServerRatis 3731518f-4a75-41f7-a8ac-44e1efdde356 is started using port 38958
2019-09-18 11:34:30,110 [Datanode State Machine Thread - 0] INFO  server.XceiverServerGrpc (XceiverServerGrpc.java:start(163)) - XceiverServerGrpc 3731518f-4a75-41f7-a8ac-44e1efdde356 is started using port 43564
2019-09-18 11:34:31,031 [main] INFO  ozone.MiniOzoneClusterImpl (MiniOzoneClusterImpl.java:lambda$waitForClusterToBeReady$0(145)) - Waiting for cluster to be ready. Got 0 of 7 DN Heartbeats.
2019-09-18 11:34:31,641 [IPC Server handler 2 on 44810] INFO  net.NetworkTopology (NetworkTopologyImpl.java:add(111)) - Added a new node: /default-rack/479eb58c-4806-44ca-880e-53ce08193011
2019-09-18 11:34:31,644 [IPC Server handler 2 on 44810] INFO  node.SCMNodeManager (SCMNodeManager.java:register(266)) - Registered Data node : 479eb58c-4806-44ca-880e-53ce08193011{ip: 192.168.157.254, host: pr-hdds-2143-zjsjg-1178913, networkLocation: /default-rack, certSerialId: null}
2019-09-18 11:34:31,645 [EventQueue-NodeRegistrationContainerReportForDataNodeSafeModeRule] INFO  safemode.SCMSafeModeManager (DataNodeSafeModeRule.java:process(71)) - SCM in safe mode. 1 DataNodes registered, 1 required.
2019-09-18 11:34:31,647 [EventQueue-NodeRegistrationContainerReportForDataNodeSafeModeRule] INFO  safemode.SCMSafeModeManager (SCMSafeModeManager.java:validateSafeModeExitRules(177)) - ScmSafeModeManager, all rules are successfully validated
2019-09-18 11:34:31,648 [EventQueue-NodeRegistrationContainerReportForDataNodeSafeModeRule] INFO  safemode.SCMSafeModeManager (SCMSafeModeManager.java:exitSafeMode(193)) - SCM exiting safe mode.
2019-09-18 11:34:31,666 [grpc-default-executor-1] INFO  impl.RaftServerProxy (RaftServerProxy.java:addNew(89)) - 479eb58c-4806-44ca-880e-53ce08193011: addNew group-8A745413D334:[479eb58c-4806-44ca-880e-53ce08193011:192.168.157.254:42192] returns group-8A745413D334:java.util.concurrent.CompletableFuture@60451281[Not completed]
2019-09-18 11:34:31,672 [pool-119-thread-1] INFO  impl.RaftServerImpl (RaftServerImpl.java:<init>(95)) - 479eb58c-4806-44ca-880e-53ce08193011: new RaftServerImpl for group-8A745413D334:[479eb58c-4806-44ca-880e-53ce08193011:192.168.157.254:42192] with ContainerStateMachine:uninitialized
2019-09-18 11:34:31,672 [pool-119-thread-1] INFO  server.RaftServerConfigKeys (ConfUtils.java:logGet(43)) - raft.server.rpc.timeout.min = 5s (custom)
2019-09-18 11:34:31,673 [pool-119-thread-1] INFO  server.RaftServerConfigKeys (ConfUtils.java:logGet(43)) - raft.server.rpc.timeout.max = 5200ms (custom)
2019-09-18 11:34:31,673 [pool-119-thread-1] INFO  server.RaftServerConfigKeys (ConfUtils.java:logGet(43)) - raft.server.rpcslowness.timeout = 120s (custom)
2019-09-18 11:34:31,673 [pool-119-thread-1] INFO  server.RaftServerConfigKeys (ConfUtils.java:logGet(43)) - raft.server.sleep.deviation.threshold = 300 (default)
2019-09-18 11:34:31,673 [pool-119-thread-1] INFO  server.RaftServerConfigKeys (ConfUtils.java:logGet(43)) - raft.server.log.appender.install.snapshot.enabled = false (custom)
2019-09-18 11:34:31,673 [pool-119-thread-1] INFO  impl.RaftServerImpl (ServerState.java:<init>(103)) - 479eb58c-4806-44ca-880e-53ce08193011@group-8A745413D334: ConfigurationManager, init=-1: [479eb58c-4806-44ca-880e-53ce08193011:192.168.157.254:42192], old=null, confs=<EMPTY_MAP>
2019-09-18 11:34:31,674 [pool-119-thread-1] INFO  server.RaftServerConfigKeys (ConfUtils.java:logGet(43)) - raft.server.storage.dir = [/workdir/hadoop-ozone/integration-test/target/test-dir/MiniOzoneClusterImpl-be355825-eaa2-435a-af82-14347805f592/datanode-0/data/ratis] (custom)
2019-09-18 11:34:31,674 [pool-119-thread-1] INFO  storage.RaftStorageDirectory (RaftStorageDirectory.java:analyzeStorage(246)) - The storage directory /workdir/hadoop-ozone/integration-test/target/test-dir/MiniOzoneClusterImpl-be355825-eaa2-435a-af82-14347805f592/datanode-0/data/ratis/d2ac4715-a97f-42a8-8112-8a745413d334 does not exist. Creating ...
2019-09-18 11:34:31,687 [pool-119-thread-1] INFO  storage.RaftStorageDirectory (RaftStorageDirectory.java:tryLock(328)) - Lock on /workdir/hadoop-ozone/integration-test/target/test-dir/MiniOzoneClusterImpl-be355825-eaa2-435a-af82-14347805f592/datanode-0/data/ratis/d2ac4715-a97f-42a8-8112-8a745413d334/in_use.lock acquired by nodename 2161@pr-hdds-2143-zjsjg-1178913
2019-09-18 11:34:31,700 [pool-119-thread-1] INFO  storage.RaftStorage (RaftStorage.java:format(72)) - Storage directory /workdir/hadoop-ozone/integration-test/target/test-dir/MiniOzoneClusterImpl-be355825-eaa2-435a-af82-14347805f592/datanode-0/data/ratis/d2ac4715-a97f-42a8-8112-8a745413d334 has been successfully formatted.
2019-09-18 11:34:31,700 [pool-119-thread-1] INFO  ratis.ContainerStateMachine (ContainerStateMachine.java:loadSnapshot(230)) - group-8A745413D334: The snapshot info is null. Setting the last applied indexto:(t:0, i:~)
2019-09-18 11:34:31,701 [pool-119-thread-1] INFO  server.RaftServerConfigKeys (ConfUtils.java:logGet(43)) - raft.server.notification.no-leader.timeout = 120s (custom)
2019-09-18 11:34:31,701 [pool-119-thread-1] INFO  server.RaftServerConfigKeys (ConfUtils.java:logGet(43)) - raft.server.log.use.memory = false (default)
2019-09-18 11:34:31,701 [pool-119-thread-1] INFO  server.RaftServerConfigKeys (ConfUtils.java:logGet(43)) - raft.server.log.purge.gap = 1000000 (custom)
2019-09-18 11:34:31,702 [pool-119-thread-1] INFO  server.RaftServerConfigKeys (ConfUtils.java:logGet(43)) - raft.server.log.appender.buffer.byte-limit = 33554432 (custom)
2019-09-18 11:34:31,702 [IPC Server handler 5 on 44810] INFO  net.NetworkTopology (NetworkTopologyImpl.java:add(111)) - Added a new node: /default-rack/d2eb4519-41f8-436c-a390-cde303904edf
2019-09-18 11:34:31,702 [pool-119-thread-1] INFO  server.RaftServerConfigKeys (ConfUtils.java:logGet(43)) - raft.server.log.segment.size.max = 1048576 (custom)
2019-09-18 11:34:31,702 [IPC Server handler 5 on 44810] INFO  node.SCMNodeManager (SCMNodeManager.java:register(266)) - Registered Data node : d2eb4519-41f8-436c-a390-cde303904edf{ip: 192.168.157.254, host: pr-hdds-2143-zjsjg-1178913, networkLocation: /default-rack, certSerialId: null}
2019-09-18 11:34:31,702 [pool-119-thread-1] INFO  server.RaftServerConfigKeys (ConfUtils.java:logGet(43)) - raft.server.log.segment.cache.num.max = 2 (custom)
2019-09-18 11:34:31,703 [pool-119-thread-1] INFO  segmented.SegmentedRaftLogWorker (SegmentedRaftLogWorker.java:<init>(172)) - new 479eb58c-4806-44ca-880e-53ce08193011@group-8A745413D334-SegmentedRaftLogWorker for RaftStorage:Storage Directory /workdir/hadoop-ozone/integration-test/target/test-dir/MiniOzoneClusterImpl-be355825-eaa2-435a-af82-14347805f592/datanode-0/data/ratis/d2ac4715-a97f-42a8-8112-8a745413d334
2019-09-18 11:34:31,706 [pool-119-thread-1] INFO  server.RaftServerConfigKeys (ConfUtils.java:logGet(43)) - raft.server.log.queue.byte-limit = 2147483647 (custom)
2019-09-18 11:34:31,706 [pool-119-thread-1] INFO  server.RaftServerConfigKeys (ConfUtils.java:logGet(43)) - raft.server.log.queue.element-limit = 1024 (custom)
2019-09-18 11:34:31,706 [pool-119-thread-1] INFO  server.RaftServerConfigKeys (ConfUtils.java:logGet(43)) - raft.server.log.segment.size.max = 1048576 (custom)
2019-09-18 11:34:31,706 [pool-119-thread-1] INFO  server.RaftServerConfigKeys (ConfUtils.java:logGet(43)) - raft.server.log.preallocated.size = 16384 (custom)
2019-09-18 11:34:31,706 [pool-119-thread-1] INFO  server.RaftServerConfigKeys (ConfUtils.java:logGet(43)) - raft.server.log.write.buffer.size = 33554432 (custom)
2019-09-18 11:34:31,706 [pool-119-thread-1] INFO  server.RaftServerConfigKeys (ConfUtils.java:logGet(43)) - raft.server.log.force.sync.num = 128 (default)
2019-09-18 11:34:31,706 [pool-119-thread-1] INFO  server.RaftServerConfigKeys (ConfUtils.java:logGet(43)) - raft.server.log.statemachine.data.sync = true (default)
2019-09-18 11:34:31,707 [pool-119-thread-1] INFO  server.RaftServerConfigKeys (ConfUtils.java:logGet(43)) - raft.server.log.statemachine.data.sync.timeout = 10s (default)
2019-09-18 11:34:31,707 [pool-119-thread-1] INFO  server.RaftServerConfigKeys (ConfUtils.java:logGet(43)) - raft.server.log.statemachine.data.sync.timeout.retry = -1 (default)
2019-09-18 11:34:31,707 [pool-119-thread-1] INFO  server.RaftServerConfigKeys (ConfUtils.java:logGet(43)) - raft.server.log.statemachine.data.caching.enabled = true (custom)
2019-09-18 11:34:31,707 [pool-119-thread-1] INFO  segmented.SegmentedRaftLogWorker (SegmentedRaftLogWorker.java:lambda$new$0(132)) - 479eb58c-4806-44ca-880e-53ce08193011@group-8A745413D334-SegmentedRaftLogWorker: flushIndex: setUnconditionally 0 -> -1
2019-09-18 11:34:31,708 [pool-119-thread-1] INFO  server.RaftServerConfigKeys (ConfUtils.java:logGet(43)) - raft.server.snapshot.auto.trigger.enabled = true (custom)
2019-09-18 11:34:31,708 [pool-119-thread-1] INFO  server.RaftServerConfigKeys (ConfUtils.java:logGet(43)) - raft.server.snapshot.auto.trigger.threshold = 10000 (custom)
2019-09-18 11:34:31,708 [pool-119-thread-1] INFO  server.RaftServerConfigKeys (ConfUtils.java:logGet(43)) - raft.server.snapshot.retention.num.files = 5 (custom)
2019-09-18 11:34:31,708 [pool-119-thread-1] INFO  server.RaftServerConfigKeys (ConfUtils.java:logGet(43)) - raft.server.retrycache.expirytime = 600000ms (custom)
2019-09-18 11:34:31,711 [pool-119-thread-1] INFO  impl.RaftServerImpl (RaftServerImpl.java:start(185)) - 479eb58c-4806-44ca-880e-53ce08193011@group-8A745413D334: start as a follower, conf=-1: [479eb58c-4806-44ca-880e-53ce08193011:192.168.157.254:42192], old=null
2019-09-18 11:34:31,711 [pool-119-thread-1] INFO  impl.RaftServerImpl (RaftServerImpl.java:setRole(174)) - 479eb58c-4806-44ca-880e-53ce08193011@group-8A745413D334: changes role from      null to FOLLOWER at term 0 for startAsFollower
2019-09-18 11:34:31,711 [pool-119-thread-1] INFO  impl.RoleInfo (RoleInfo.java:updateAndGet(143)) - 479eb58c-4806-44ca-880e-53ce08193011: start FollowerState
2019-09-18 11:34:31,711 [pool-119-thread-1] INFO  util.JmxRegister (JmxRegister.java:tryRegister(44)) - Successfully registered JMX Bean with object name Ratis:service=RaftServer,group=group-8A745413D334,id=479eb58c-4806-44ca-880e-53ce08193011
2019-09-18 11:34:31,715 [RatisPipelineUtilsThread] INFO  pipeline.PipelineStateManager (PipelineStateManager.java:addPipeline(56)) - Created pipeline Pipeline[ Id: d2ac4715-a97f-42a8-8112-8a745413d334, Nodes: 479eb58c-4806-44ca-880e-53ce08193011{ip: 192.168.157.254, host: pr-hdds-2143-zjsjg-1178913, networkLocation: /default-rack, certSerialId: null}, Type:RATIS, Factor:ONE, State:OPEN]
2019-09-18 11:34:31,723 [grpc-default-executor-1] INFO  impl.RaftServerProxy (RaftServerProxy.java:addNew(89)) - d2eb4519-41f8-436c-a390-cde303904edf: addNew group-3E68E6D57D8E:[d2eb4519-41f8-436c-a390-cde303904edf:192.168.157.254:44105] returns group-3E68E6D57D8E:java.util.concurrent.CompletableFuture@2fe91de8[Not completed]
2019-09-18 11:34:31,728 [pool-129-thread-1] INFO  impl.RaftServerImpl (RaftServerImpl.java:<init>(95)) - d2eb4519-41f8-436c-a390-cde303904edf: new RaftServerImpl for group-3E68E6D57D8E:[d2eb4519-41f8-436c-a390-cde303904edf:192.168.157.254:44105] with ContainerStateMachine:uninitialized
2019-09-18 11:34:31,728 [pool-129-thread-1] INFO  server.RaftServerConfigKeys (ConfUtils.java:logGet(43)) - raft.server.rpc.timeout.min = 5s (custom)
2019-09-18 11:34:31,728 [pool-129-thread-1] INFO  server.RaftServerConfigKeys (ConfUtils.java:logGet(43)) - raft.server.rpc.timeout.max = 5200ms (custom)
2019-09-18 11:34:31,728 [pool-129-thread-1] INFO  server.RaftServerConfigKeys (ConfUtils.java:logGet(43)) - raft.server.rpcslowness.timeout = 120s (custom)
2019-09-18 11:34:31,728 [pool-129-thread-1] INFO  server.RaftServerConfigKeys (ConfUtils.java:logGet(43)) - raft.server.sleep.deviation.threshold = 300 (default)
2019-09-18 11:34:31,729 [pool-129-thread-1] INFO  server.RaftServerConfigKeys (ConfUtils.java:logGet(43)) - raft.server.log.appender.install.snapshot.enabled = false (custom)
2019-09-18 11:34:31,729 [pool-129-thread-1] INFO  impl.RaftServerImpl (ServerState.java:<init>(103)) - d2eb4519-41f8-436c-a390-cde303904edf@group-3E68E6D57D8E: ConfigurationManager, init=-1: [d2eb4519-41f8-436c-a390-cde303904edf:192.168.157.254:44105], old=null, confs=<EMPTY_MAP>
2019-09-18 11:34:31,729 [pool-129-thread-1] INFO  server.RaftServerConfigKeys (ConfUtils.java:logGet(43)) - raft.server.storage.dir = [/workdir/hadoop-ozone/integration-test/target/test-dir/MiniOzoneClusterImpl-be355825-eaa2-435a-af82-14347805f592/datanode-1/data/ratis] (custom)
2019-09-18 11:34:31,729 [pool-129-thread-1] INFO  storage.RaftStorageDirectory (RaftStorageDirectory.java:analyzeStorage(246)) - The storage directory /workdir/hadoop-ozone/integration-test/target/test-dir/MiniOzoneClusterImpl-be355825-eaa2-435a-af82-14347805f592/datanode-1/data/ratis/aa91c9e9-9fed-4141-857b-3e68e6d57d8e does not exist. Creating ...
2019-09-18 11:34:31,742 [pool-129-thread-1] INFO  storage.RaftStorageDirectory (RaftStorageDirectory.java:tryLock(328)) - Lock on /workdir/hadoop-ozone/integration-test/target/test-dir/MiniOzoneClusterImpl-be355825-eaa2-435a-af82-14347805f592/datanode-1/data/ratis/aa91c9e9-9fed-4141-857b-3e68e6d57d8e/in_use.lock acquired by nodename 2161@pr-hdds-2143-zjsjg-1178913
2019-09-18 11:34:31,755 [pool-129-thread-1] INFO  storage.RaftStorage (RaftStorage.java:format(72)) - Storage directory /workdir/hadoop-ozone/integration-test/target/test-dir/MiniOzoneClusterImpl-be355825-eaa2-435a-af82-14347805f592/datanode-1/data/ratis/aa91c9e9-9fed-4141-857b-3e68e6d57d8e has been successfully formatted.
2019-09-18 11:34:31,755 [pool-129-thread-1] INFO  ratis.ContainerStateMachine (ContainerStateMachine.java:loadSnapshot(230)) - group-3E68E6D57D8E: The snapshot info is null. Setting the last applied indexto:(t:0, i:~)
2019-09-18 11:34:31,755 [pool-129-thread-1] INFO  server.RaftServerConfigKeys (ConfUtils.java:logGet(43)) - raft.server.notification.no-leader.timeout = 120s (custom)
2019-09-18 11:34:31,755 [pool-129-thread-1] INFO  server.RaftServerConfigKeys (ConfUtils.java:logGet(43)) - raft.server.log.use.memory = false (default)
2019-09-18 11:34:31,755 [pool-129-thread-1] INFO  server.RaftServerConfigKeys (ConfUtils.java:logGet(43)) - raft.server.log.purge.gap = 1000000 (custom)
2019-09-18 11:34:31,755 [pool-129-thread-1] INFO  server.RaftServerConfigKeys (ConfUtils.java:logGet(43)) - raft.server.log.appender.buffer.byte-limit = 33554432 (custom)
2019-09-18 11:34:31,755 [pool-129-thread-1] INFO  server.RaftServerConfigKeys (ConfUtils.java:logGet(43)) - raft.server.log.segment.size.max = 1048576 (custom)
2019-09-18 11:34:31,756 [pool-129-thread-1] INFO  server.RaftServerConfigKeys (ConfUtils.java:logGet(43)) - raft.server.log.segment.cache.num.max = 2 (custom)
2019-09-18 11:34:31,756 [pool-129-thread-1] INFO  segmented.SegmentedRaftLogWorker (SegmentedRaftLogWorker.java:<init>(172)) - new d2eb4519-41f8-436c-a390-cde303904edf@group-3E68E6D57D8E-SegmentedRaftLogWorker for RaftStorage:Storage Directory /workdir/hadoop-ozone/integration-test/target/test-dir/MiniOzoneClusterImpl-be355825-eaa2-435a-af82-14347805f592/datanode-1/data/ratis/aa91c9e9-9fed-4141-857b-3e68e6d57d8e
2019-09-18 11:34:31,758 [pool-129-thread-1] INFO  server.RaftServerConfigKeys (ConfUtils.java:logGet(43)) - raft.server.log.queue.byte-limit = 2147483647 (custom)
2019-09-18 11:34:31,758 [pool-129-thread-1] INFO  server.RaftServerConfigKeys (ConfUtils.java:logGet(43)) - raft.server.log.queue.element-limit = 1024 (custom)
2019-09-18 11:34:31,758 [pool-129-thread-1] INFO  server.RaftServerConfigKeys (ConfUtils.java:logGet(43)) - raft.server.log.segment.size.max = 1048576 (custom)
2019-09-18 11:34:31,758 [pool-129-thread-1] INFO  server.RaftServerConfigKeys (ConfUtils.java:logGet(43)) - raft.server.log.preallocated.size = 16384 (custom)
2019-09-18 11:34:31,758 [pool-129-thread-1] INFO  server.RaftServerConfigKeys (ConfUtils.java:logGet(43)) - raft.server.log.write.buffer.size = 33554432 (custom)
2019-09-18 11:34:31,758 [pool-129-thread-1] INFO  server.RaftServerConfigKeys (ConfUtils.java:logGet(43)) - raft.server.log.force.sync.num = 128 (default)
2019-09-18 11:34:31,758 [pool-129-thread-1] INFO  server.RaftServerConfigKeys (ConfUtils.java:logGet(43)) - raft.server.log.statemachine.data.sync = true (default)
2019-09-18 11:34:31,758 [pool-129-thread-1] INFO  server.RaftServerConfigKeys (ConfUtils.java:logGet(43)) - raft.server.log.statemachine.data.sync.timeout = 10s (default)
2019-09-18 11:34:31,759 [pool-129-thread-1] INFO  server.RaftServerConfigKeys (ConfUtils.java:logGet(43)) - raft.server.log.statemachine.data.sync.timeout.retry = -1 (default)
2019-09-18 11:34:31,759 [pool-129-thread-1] INFO  server.RaftServerConfigKeys (ConfUtils.java:logGet(43)) - raft.server.log.statemachine.data.caching.enabled = true (custom)
2019-09-18 11:34:31,759 [pool-129-thread-1] INFO  segmented.SegmentedRaftLogWorker (SegmentedRaftLogWorker.java:lambda$new$0(132)) - d2eb4519-41f8-436c-a390-cde303904edf@group-3E68E6D57D8E-SegmentedRaftLogWorker: flushIndex: setUnconditionally 0 -> -1
2019-09-18 11:34:31,759 [pool-129-thread-1] INFO  server.RaftServerConfigKeys (ConfUtils.java:logGet(43)) - raft.server.snapshot.auto.trigger.enabled = true (custom)
2019-09-18 11:34:31,759 [pool-129-thread-1] INFO  server.RaftServerConfigKeys (ConfUtils.java:logGet(43)) - raft.server.snapshot.auto.trigger.threshold = 10000 (custom)
2019-09-18 11:34:31,760 [pool-129-thread-1] INFO  server.RaftServerConfigKeys (ConfUtils.java:logGet(43)) - raft.server.snapshot.retention.num.files = 5 (custom)
2019-09-18 11:34:31,760 [pool-129-thread-1] INFO  server.RaftServerConfigKeys (ConfUtils.java:logGet(43)) - raft.server.retrycache.expirytime = 600000ms (custom)
2019-09-18 11:34:31,761 [pool-129-thread-1] INFO  impl.RaftServerImpl (RaftServerImpl.java:start(185)) - d2eb4519-41f8-436c-a390-cde303904edf@group-3E68E6D57D8E: start as a follower, conf=-1: [d2eb4519-41f8-436c-a390-cde303904edf:192.168.157.254:44105], old=null
2019-09-18 11:34:31,762 [pool-129-thread-1] INFO  impl.RaftServerImpl (RaftServerImpl.java:setRole(174)) - d2eb4519-41f8-436c-a390-cde303904edf@group-3E68E6D57D8E: changes role from      null to FOLLOWER at term 0 for startAsFollower
2019-09-18 11:34:31,762 [pool-129-thread-1] INFO  impl.RoleInfo (RoleInfo.java:updateAndGet(143)) - d2eb4519-41f8-436c-a390-cde303904edf: start FollowerState
2019-09-18 11:34:31,762 [pool-129-thread-1] INFO  util.JmxRegister (JmxRegister.java:tryRegister(44)) - Successfully registered JMX Bean with object name Ratis:service=RaftServer,group=group-3E68E6D57D8E,id=d2eb4519-41f8-436c-a390-cde303904edf
2019-09-18 11:34:31,764 [RatisPipelineUtilsThread] INFO  pipeline.PipelineStateManager (PipelineStateManager.java:addPipeline(56)) - Created pipeline Pipeline[ Id: aa91c9e9-9fed-4141-857b-3e68e6d57d8e, Nodes: d2eb4519-41f8-436c-a390-cde303904edf{ip: 192.168.157.254, host: pr-hdds-2143-zjsjg-1178913, networkLocation: /default-rack, certSerialId: null}, Type:RATIS, Factor:ONE, State:OPEN]
2019-09-18 11:34:31,770 [IPC Server handler 3 on 44810] INFO  net.NetworkTopology (NetworkTopologyImpl.java:add(111)) - Added a new node: /default-rack/2ca65623-ea22-4647-963d-0640bb90372f
2019-09-18 11:34:31,770 [IPC Server handler 3 on 44810] INFO  node.SCMNodeManager (SCMNodeManager.java:register(266)) - Registered Data node : 2ca65623-ea22-4647-963d-0640bb90372f{ip: 192.168.157.254, host: pr-hdds-2143-zjsjg-1178913, networkLocation: /default-rack, certSerialId: null}
2019-09-18 11:34:31,786 [grpc-default-executor-1] INFO  impl.RaftServerProxy (RaftServerProxy.java:addNew(89)) - 2ca65623-ea22-4647-963d-0640bb90372f: addNew group-A27ACE8155C7:[2ca65623-ea22-4647-963d-0640bb90372f:192.168.157.254:38751] returns group-A27ACE8155C7:java.util.concurrent.CompletableFuture@281e3bd3[Not completed]
2019-09-18 11:34:31,788 [pool-139-thread-1] INFO  impl.RaftServerImpl (RaftServerImpl.java:<init>(95)) - 2ca65623-ea22-4647-963d-0640bb90372f: new RaftServerImpl for group-A27ACE8155C7:[2ca65623-ea22-4647-963d-0640bb90372f:192.168.157.254:38751] with ContainerStateMachine:uninitialized
2019-09-18 11:34:31,789 [pool-139-thread-1] INFO  server.RaftServerConfigKeys (ConfUtils.java:logGet(43)) - raft.server.rpc.timeout.min = 5s (custom)
2019-09-18 11:34:31,789 [pool-139-thread-1] INFO  server.RaftServerConfigKeys (ConfUtils.java:logGet(43)) - raft.server.rpc.timeout.max = 5200ms (custom)
2019-09-18 11:34:31,789 [pool-139-thread-1] INFO  server.RaftServerConfigKeys (ConfUtils.java:logGet(43)) - raft.server.rpcslowness.timeout = 120s (custom)
2019-09-18 11:34:31,789 [pool-139-thread-1] INFO  server.RaftServerConfigKeys (ConfUtils.java:logGet(43)) - raft.server.sleep.deviation.threshold = 300 (default)
2019-09-18 11:34:31,789 [pool-139-thread-1] INFO  server.RaftServerConfigKeys (ConfUtils.java:logGet(43)) - raft.server.log.appender.install.snapshot.enabled = false (custom)
2019-09-18 11:34:31,789 [pool-139-thread-1] INFO  impl.RaftServerImpl (ServerState.java:<init>(103)) - 2ca65623-ea22-4647-963d-0640bb90372f@group-A27ACE8155C7: ConfigurationManager, init=-1: [2ca65623-ea22-4647-963d-0640bb90372f:192.168.157.254:38751], old=null, confs=<EMPTY_MAP>
2019-09-18 11:34:31,790 [pool-139-thread-1] INFO  server.RaftServerConfigKeys (ConfUtils.java:logGet(43)) - raft.server.storage.dir = [/workdir/hadoop-ozone/integration-test/target/test-dir/MiniOzoneClusterImpl-be355825-eaa2-435a-af82-14347805f592/datanode-2/data/ratis] (custom)
2019-09-18 11:34:31,790 [pool-139-thread-1] INFO  storage.RaftStorageDirectory (RaftStorageDirectory.java:analyzeStorage(246)) - The storage directory /workdir/hadoop-ozone/integration-test/target/test-dir/MiniOzoneClusterImpl-be355825-eaa2-435a-af82-14347805f592/datanode-2/data/ratis/f5f29f96-9f3d-4c24-8160-a27ace8155c7 does not exist. Creating ...
2019-09-18 11:34:31,803 [pool-139-thread-1] INFO  storage.RaftStorageDirectory (RaftStorageDirectory.java:tryLock(328)) - Lock on /workdir/hadoop-ozone/integration-test/target/test-dir/MiniOzoneClusterImpl-be355825-eaa2-435a-af82-14347805f592/datanode-2/data/ratis/f5f29f96-9f3d-4c24-8160-a27ace8155c7/in_use.lock acquired by nodename 2161@pr-hdds-2143-zjsjg-1178913
2019-09-18 11:34:31,816 [pool-139-thread-1] INFO  storage.RaftStorage (RaftStorage.java:format(72)) - Storage directory /workdir/hadoop-ozone/integration-test/target/test-dir/MiniOzoneClusterImpl-be355825-eaa2-435a-af82-14347805f592/datanode-2/data/ratis/f5f29f96-9f3d-4c24-8160-a27ace8155c7 has been successfully formatted.
2019-09-18 11:34:31,816 [pool-139-thread-1] INFO  ratis.ContainerStateMachine (ContainerStateMachine.java:loadSnapshot(230)) - group-A27ACE8155C7: The snapshot info is null. Setting the last applied indexto:(t:0, i:~)
2019-09-18 11:34:31,816 [pool-139-thread-1] INFO  server.RaftServerConfigKeys (ConfUtils.java:logGet(43)) - raft.server.notification.no-leader.timeout = 120s (custom)
2019-09-18 11:34:31,817 [pool-139-thread-1] INFO  server.RaftServerConfigKeys (ConfUtils.java:logGet(43)) - raft.server.log.use.memory = false (default)
2019-09-18 11:34:31,817 [pool-139-thread-1] INFO  server.RaftServerConfigKeys (ConfUtils.java:logGet(43)) - raft.server.log.purge.gap = 1000000 (custom)
2019-09-18 11:34:31,817 [pool-139-thread-1] INFO  server.RaftServerConfigKeys (ConfUtils.java:logGet(43)) - raft.server.log.appender.buffer.byte-limit = 33554432 (custom)
2019-09-18 11:34:31,817 [pool-139-thread-1] INFO  server.RaftServerConfigKeys (ConfUtils.java:logGet(43)) - raft.server.log.segment.size.max = 1048576 (custom)
2019-09-18 11:34:31,817 [pool-139-thread-1] INFO  server.RaftServerConfigKeys (ConfUtils.java:logGet(43)) - raft.server.log.segment.cache.num.max = 2 (custom)
2019-09-18 11:34:31,817 [pool-139-thread-1] INFO  segmented.SegmentedRaftLogWorker (SegmentedRaftLogWorker.java:<init>(172)) - new 2ca65623-ea22-4647-963d-0640bb90372f@group-A27ACE8155C7-SegmentedRaftLogWorker for RaftStorage:Storage Directory /workdir/hadoop-ozone/integration-test/target/test-dir/MiniOzoneClusterImpl-be355825-eaa2-435a-af82-14347805f592/datanode-2/data/ratis/f5f29f96-9f3d-4c24-8160-a27ace8155c7
2019-09-18 11:34:31,820 [pool-139-thread-1] INFO  server.RaftServerConfigKeys (ConfUtils.java:logGet(43)) - raft.server.log.queue.byte-limit = 2147483647 (custom)
2019-09-18 11:34:31,820 [pool-139-thread-1] INFO  server.RaftServerConfigKeys (ConfUtils.java:logGet(43)) - raft.server.log.queue.element-limit = 1024 (custom)
2019-09-18 11:34:31,821 [pool-139-thread-1] INFO  server.RaftServerConfigKeys (ConfUtils.java:logGet(43)) - raft.server.log.segment.size.max = 1048576 (custom)
2019-09-18 11:34:31,821 [pool-139-thread-1] INFO  server.RaftServerConfigKeys (ConfUtils.java:logGet(43)) - raft.server.log.preallocated.size = 16384 (custom)
2019-09-18 11:34:31,821 [pool-139-thread-1] INFO  server.RaftServerConfigKeys (ConfUtils.java:logGet(43)) - raft.server.log.write.buffer.size = 33554432 (custom)
2019-09-18 11:34:31,821 [pool-139-thread-1] INFO  server.RaftServerConfigKeys (ConfUtils.java:logGet(43)) - raft.server.log.force.sync.num = 128 (default)
2019-09-18 11:34:31,821 [pool-139-thread-1] INFO  server.RaftServerConfigKeys (ConfUtils.java:logGet(43)) - raft.server.log.statemachine.data.sync = true (default)
2019-09-18 11:34:31,821 [pool-139-thread-1] INFO  server.RaftServerConfigKeys (ConfUtils.java:logGet(43)) - raft.server.log.statemachine.data.sync.timeout = 10s (default)
2019-09-18 11:34:31,822 [pool-139-thread-1] INFO  server.RaftServerConfigKeys (ConfUtils.java:logGet(43)) - raft.server.log.statemachine.data.sync.timeout.retry = -1 (default)
2019-09-18 11:34:31,822 [pool-139-thread-1] INFO  server.RaftServerConfigKeys (ConfUtils.java:logGet(43)) - raft.server.log.statemachine.data.caching.enabled = true (custom)
2019-09-18 11:34:31,822 [pool-139-thread-1] INFO  segmented.SegmentedRaftLogWorker (SegmentedRaftLogWorker.java:lambda$new$0(132)) - 2ca65623-ea22-4647-963d-0640bb90372f@group-A27ACE8155C7-SegmentedRaftLogWorker: flushIndex: setUnconditionally 0 -> -1
2019-09-18 11:34:31,823 [pool-139-thread-1] INFO  server.RaftServerConfigKeys (ConfUtils.java:logGet(43)) - raft.server.snapshot.auto.trigger.enabled = true (custom)
2019-09-18 11:34:31,823 [pool-139-thread-1] INFO  server.RaftServerConfigKeys (ConfUtils.java:logGet(43)) - raft.server.snapshot.auto.trigger.threshold = 10000 (custom)
2019-09-18 11:34:31,823 [pool-139-thread-1] INFO  server.RaftServerConfigKeys (ConfUtils.java:logGet(43)) - raft.server.snapshot.retention.num.files = 5 (custom)
2019-09-18 11:34:31,823 [pool-139-thread-1] INFO  server.RaftServerConfigKeys (ConfUtils.java:logGet(43)) - raft.server.retrycache.expirytime = 600000ms (custom)
2019-09-18 11:34:31,826 [pool-139-thread-1] INFO  impl.RaftServerImpl (RaftServerImpl.java:start(185)) - 2ca65623-ea22-4647-963d-0640bb90372f@group-A27ACE8155C7: start as a follower, conf=-1: [2ca65623-ea22-4647-963d-0640bb90372f:192.168.157.254:38751], old=null
2019-09-18 11:34:31,826 [pool-139-thread-1] INFO  impl.RaftServerImpl (RaftServerImpl.java:setRole(174)) - 2ca65623-ea22-4647-963d-0640bb90372f@group-A27ACE8155C7: changes role from      null to FOLLOWER at term 0 for startAsFollower
2019-09-18 11:34:31,826 [pool-139-thread-1] INFO  impl.RoleInfo (RoleInfo.java:updateAndGet(143)) - 2ca65623-ea22-4647-963d-0640bb90372f: start FollowerState
2019-09-18 11:34:31,826 [pool-139-thread-1] INFO  util.JmxRegister (JmxRegister.java:tryRegister(44)) - Successfully registered JMX Bean with object name Ratis:service=RaftServer,group=group-A27ACE8155C7,id=2ca65623-ea22-4647-963d-0640bb90372f
2019-09-18 11:34:31,829 [RatisPipelineUtilsThread] INFO  pipeline.PipelineStateManager (PipelineStateManager.java:addPipeline(56)) - Created pipeline Pipeline[ Id: f5f29f96-9f3d-4c24-8160-a27ace8155c7, Nodes: 2ca65623-ea22-4647-963d-0640bb90372f{ip: 192.168.157.254, host: pr-hdds-2143-zjsjg-1178913, networkLocation: /default-rack, certSerialId: null}, Type:RATIS, Factor:ONE, State:OPEN]
2019-09-18 11:34:31,836 [IPC Server handler 1 on 44810] INFO  net.NetworkTopology (NetworkTopologyImpl.java:add(111)) - Added a new node: /default-rack/f23e4d0b-fd16-4e36-87f9-2fb30e2de0f1
2019-09-18 11:34:31,836 [IPC Server handler 1 on 44810] INFO  node.SCMNodeManager (SCMNodeManager.java:register(266)) - Registered Data node : f23e4d0b-fd16-4e36-87f9-2fb30e2de0f1{ip: 192.168.157.254, host: pr-hdds-2143-zjsjg-1178913, networkLocation: /default-rack, certSerialId: null}
2019-09-18 11:34:31,845 [grpc-default-executor-1] INFO  impl.RaftServerProxy (RaftServerProxy.java:addNew(89)) - 2ca65623-ea22-4647-963d-0640bb90372f: addNew group-3ED13F0C707C:[d2eb4519-41f8-436c-a390-cde303904edf:192.168.157.254:44105, 2ca65623-ea22-4647-963d-0640bb90372f:192.168.157.254:38751, 479eb58c-4806-44ca-880e-53ce08193011:192.168.157.254:42192] returns group-3ED13F0C707C:java.util.concurrent.CompletableFuture@2e7223a7[Not completed]
2019-09-18 11:34:31,845 [grpc-default-executor-2] INFO  impl.RaftServerProxy (RaftServerProxy.java:addNew(89)) - 479eb58c-4806-44ca-880e-53ce08193011: addNew group-3ED13F0C707C:[d2eb4519-41f8-436c-a390-cde303904edf:192.168.157.254:44105, 2ca65623-ea22-4647-963d-0640bb90372f:192.168.157.254:38751, 479eb58c-4806-44ca-880e-53ce08193011:192.168.157.254:42192] returns group-3ED13F0C707C:java.util.concurrent.CompletableFuture@3b6ed730[Not completed]
2019-09-18 11:34:31,846 [grpc-default-executor-0] INFO  impl.RaftServerProxy (RaftServerProxy.java:addNew(89)) - d2eb4519-41f8-436c-a390-cde303904edf: addNew group-3ED13F0C707C:[d2eb4519-41f8-436c-a390-cde303904edf:192.168.157.254:44105, 2ca65623-ea22-4647-963d-0640bb90372f:192.168.157.254:38751, 479eb58c-4806-44ca-880e-53ce08193011:192.168.157.254:42192] returns group-3ED13F0C707C:java.util.concurrent.CompletableFuture@47e41f62[Not completed]
2019-09-18 11:34:31,847 [pool-139-thread-1] INFO  impl.RaftServerImpl (RaftServerImpl.java:<init>(95)) - 2ca65623-ea22-4647-963d-0640bb90372f: new RaftServerImpl for group-3ED13F0C707C:[d2eb4519-41f8-436c-a390-cde303904edf:192.168.157.254:44105, 2ca65623-ea22-4647-963d-0640bb90372f:192.168.157.254:38751, 479eb58c-4806-44ca-880e-53ce08193011:192.168.157.254:42192] with ContainerStateMachine:uninitialized
2019-09-18 11:34:31,847 [pool-139-thread-1] INFO  server.RaftServerConfigKeys (ConfUtils.java:logGet(43)) - raft.server.rpc.timeout.min = 5s (custom)
2019-09-18 11:34:31,847 [pool-139-thread-1] INFO  server.RaftServerConfigKeys (ConfUtils.java:logGet(43)) - raft.server.rpc.timeout.max = 5200ms (custom)
2019-09-18 11:34:31,847 [pool-139-thread-1] INFO  server.RaftServerConfigKeys (ConfUtils.java:logGet(43)) - raft.server.rpcslowness.timeout = 120s (custom)
2019-09-18 11:34:31,847 [pool-139-thread-1] INFO  server.RaftServerConfigKeys (ConfUtils.java:logGet(43)) - raft.server.sleep.deviation.threshold = 300 (default)
2019-09-18 11:34:31,847 [pool-139-thread-1] INFO  server.RaftServerConfigKeys (ConfUtils.java:logGet(43)) - raft.server.log.appender.install.snapshot.enabled = false (custom)
2019-09-18 11:34:31,847 [pool-139-thread-1] INFO  impl.RaftServerImpl (ServerState.java:<init>(103)) - 2ca65623-ea22-4647-963d-0640bb90372f@group-3ED13F0C707C: ConfigurationManager, init=-1: [d2eb4519-41f8-436c-a390-cde303904edf:192.168.157.254:44105, 2ca65623-ea22-4647-963d-0640bb90372f:192.168.157.254:38751, 479eb58c-4806-44ca-880e-53ce08193011:192.168.157.254:42192], old=null, confs=<EMPTY_MAP>
2019-09-18 11:34:31,848 [pool-139-thread-1] INFO  server.RaftServerConfigKeys (ConfUtils.java:logGet(43)) - raft.server.storage.dir = [/workdir/hadoop-ozone/integration-test/target/test-dir/MiniOzoneClusterImpl-be355825-eaa2-435a-af82-14347805f592/datanode-2/data/ratis] (custom)
2019-09-18 11:34:31,848 [pool-129-thread-1] INFO  impl.RaftServerImpl (RaftServerImpl.java:<init>(95)) - d2eb4519-41f8-436c-a390-cde303904edf: new RaftServerImpl for group-3ED13F0C707C:[d2eb4519-41f8-436c-a390-cde303904edf:192.168.157.254:44105, 2ca65623-ea22-4647-963d-0640bb90372f:192.168.157.254:38751, 479eb58c-4806-44ca-880e-53ce08193011:192.168.157.254:42192] with ContainerStateMachine:uninitialized
2019-09-18 11:34:31,848 [pool-139-thread-1] INFO  storage.RaftStorageDirectory (RaftStorageDirectory.java:analyzeStorage(246)) - The storage directory /workdir/hadoop-ozone/integration-test/target/test-dir/MiniOzoneClusterImpl-be355825-eaa2-435a-af82-14347805f592/datanode-2/data/ratis/133174fa-73f6-4c88-90b7-3ed13f0c707c does not exist. Creating ...
2019-09-18 11:34:31,848 [pool-129-thread-1] INFO  server.RaftServerConfigKeys (ConfUtils.java:logGet(43)) - raft.server.rpc.timeout.min = 5s (custom)
2019-09-18 11:34:31,848 [pool-129-thread-1] INFO  server.RaftServerConfigKeys (ConfUtils.java:logGet(43)) - raft.server.rpc.timeout.max = 5200ms (custom)
2019-09-18 11:34:31,848 [pool-119-thread-1] INFO  impl.RaftServerImpl (RaftServerImpl.java:<init>(95)) - 479eb58c-4806-44ca-880e-53ce08193011: new RaftServerImpl for group-3ED13F0C707C:[d2eb4519-41f8-436c-a390-cde303904edf:192.168.157.254:44105, 2ca65623-ea22-4647-963d-0640bb90372f:192.168.157.254:38751, 479eb58c-4806-44ca-880e-53ce08193011:192.168.157.254:42192] with ContainerStateMachine:uninitialized
2019-09-18 11:34:31,848 [pool-129-thread-1] INFO  server.RaftServerConfigKeys (ConfUtils.java:logGet(43)) - raft.server.rpcslowness.timeout = 120s (custom)
2019-09-18 11:34:31,849 [pool-119-thread-1] INFO  server.RaftServerConfigKeys (ConfUtils.java:logGet(43)) - raft.server.rpc.timeout.min = 5s (custom)
2019-09-18 11:34:31,849 [pool-129-thread-1] INFO  server.RaftServerConfigKeys (ConfUtils.java:logGet(43)) - raft.server.sleep.deviation.threshold = 300 (default)
2019-09-18 11:34:31,849 [pool-119-thread-1] INFO  server.RaftServerConfigKeys (ConfUtils.java:logGet(43)) - raft.server.rpc.timeout.max = 5200ms (custom)
2019-09-18 11:34:31,849 [pool-129-thread-1] INFO  server.RaftServerConfigKeys (ConfUtils.java:logGet(43)) - raft.server.log.appender.install.snapshot.enabled = false (custom)
2019-09-18 11:34:31,849 [pool-119-thread-1] INFO  server.RaftServerConfigKeys (ConfUtils.java:logGet(43)) - raft.server.rpcslowness.timeout = 120s (custom)
2019-09-18 11:34:31,849 [pool-129-thread-1] INFO  impl.RaftServerImpl (ServerState.java:<init>(103)) - d2eb4519-41f8-436c-a390-cde303904edf@group-3ED13F0C707C: ConfigurationManager, init=-1: [d2eb4519-41f8-436c-a390-cde303904edf:192.168.157.254:44105, 2ca65623-ea22-4647-963d-0640bb90372f:192.168.157.254:38751, 479eb58c-4806-44ca-880e-53ce08193011:192.168.157.254:42192], old=null, confs=<EMPTY_MAP>
2019-09-18 11:34:31,849 [pool-119-thread-1] INFO  server.RaftServerConfigKeys (ConfUtils.java:logGet(43)) - raft.server.sleep.deviation.threshold = 300 (default)
2019-09-18 11:34:31,849 [pool-129-thread-1] INFO  server.RaftServerConfigKeys (ConfUtils.java:logGet(43)) - raft.server.storage.dir = [/workdir/hadoop-ozone/integration-test/target/test-dir/MiniOzoneClusterImpl-be355825-eaa2-435a-af82-14347805f592/datanode-1/data/ratis] (custom)
2019-09-18 11:34:31,850 [pool-119-thread-1] INFO  server.RaftServerConfigKeys (ConfUtils.java:logGet(43)) - raft.server.log.appender.install.snapshot.enabled = false (custom)
2019-09-18 11:34:31,850 [pool-119-thread-1] INFO  impl.RaftServerImpl (ServerState.java:<init>(103)) - 479eb58c-4806-44ca-880e-53ce08193011@group-3ED13F0C707C: ConfigurationManager, init=-1: [d2eb4519-41f8-436c-a390-cde303904edf:192.168.157.254:44105, 2ca65623-ea22-4647-963d-0640bb90372f:192.168.157.254:38751, 479eb58c-4806-44ca-880e-53ce08193011:192.168.157.254:42192], old=null, confs=<EMPTY_MAP>
2019-09-18 11:34:31,850 [pool-119-thread-1] INFO  server.RaftServerConfigKeys (ConfUtils.java:logGet(43)) - raft.server.storage.dir = [/workdir/hadoop-ozone/integration-test/target/test-dir/MiniOzoneClusterImpl-be355825-eaa2-435a-af82-14347805f592/datanode-0/data/ratis] (custom)
2019-09-18 11:34:31,850 [pool-129-thread-1] INFO  storage.RaftStorageDirectory (RaftStorageDirectory.java:analyzeStorage(246)) - The storage directory /workdir/hadoop-ozone/integration-test/target/test-dir/MiniOzoneClusterImpl-be355825-eaa2-435a-af82-14347805f592/datanode-1/data/ratis/133174fa-73f6-4c88-90b7-3ed13f0c707c does not exist. Creating ...
2019-09-18 11:34:31,851 [pool-119-thread-1] INFO  storage.RaftStorageDirectory (RaftStorageDirectory.java:analyzeStorage(246)) - The storage directory /workdir/hadoop-ozone/integration-test/target/test-dir/MiniOzoneClusterImpl-be355825-eaa2-435a-af82-14347805f592/datanode-0/data/ratis/133174fa-73f6-4c88-90b7-3ed13f0c707c does not exist. Creating ...
2019-09-18 11:34:31,851 [pool-139-thread-1] INFO  storage.RaftStorageDirectory (RaftStorageDirectory.java:tryLock(328)) - Lock on /workdir/hadoop-ozone/integration-test/target/test-dir/MiniOzoneClusterImpl-be355825-eaa2-435a-af82-14347805f592/datanode-2/data/ratis/133174fa-73f6-4c88-90b7-3ed13f0c707c/in_use.lock acquired by nodename 2161@pr-hdds-2143-zjsjg-1178913
2019-09-18 11:34:31,854 [pool-129-thread-1] INFO  storage.RaftStorageDirectory (RaftStorageDirectory.java:tryLock(328)) - Lock on /workdir/hadoop-ozone/integration-test/target/test-dir/MiniOzoneClusterImpl-be355825-eaa2-435a-af82-14347805f592/datanode-1/data/ratis/133174fa-73f6-4c88-90b7-3ed13f0c707c/in_use.lock acquired by nodename 2161@pr-hdds-2143-zjsjg-1178913
2019-09-18 11:34:31,854 [pool-139-thread-1] INFO  storage.RaftStorage (RaftStorage.java:format(72)) - Storage directory /workdir/hadoop-ozone/integration-test/target/test-dir/MiniOzoneClusterImpl-be355825-eaa2-435a-af82-14347805f592/datanode-2/data/ratis/133174fa-73f6-4c88-90b7-3ed13f0c707c has been successfully formatted.
2019-09-18 11:34:31,854 [pool-119-thread-1] INFO  storage.RaftStorageDirectory (RaftStorageDirectory.java:tryLock(328)) - Lock on /workdir/hadoop-ozone/integration-test/target/test-dir/MiniOzoneClusterImpl-be355825-eaa2-435a-af82-14347805f592/datanode-0/data/ratis/133174fa-73f6-4c88-90b7-3ed13f0c707c/in_use.lock acquired by nodename 2161@pr-hdds-2143-zjsjg-1178913
2019-09-18 11:34:31,855 [pool-139-thread-1] INFO  ratis.ContainerStateMachine (ContainerStateMachine.java:loadSnapshot(230)) - group-3ED13F0C707C: The snapshot info is null. Setting the last applied indexto:(t:0, i:~)
2019-09-18 11:34:31,855 [pool-139-thread-1] INFO  server.RaftServerConfigKeys (ConfUtils.java:logGet(43)) - raft.server.notification.no-leader.timeout = 120s (custom)
2019-09-18 11:34:31,855 [pool-139-thread-1] INFO  server.RaftServerConfigKeys (ConfUtils.java:logGet(43)) - raft.server.log.use.memory = false (default)
2019-09-18 11:34:31,855 [pool-139-thread-1] INFO  server.RaftServerConfigKeys (ConfUtils.java:logGet(43)) - raft.server.log.purge.gap = 1000000 (custom)
2019-09-18 11:34:31,856 [pool-139-thread-1] INFO  server.RaftServerConfigKeys (ConfUtils.java:logGet(43)) - raft.server.log.appender.buffer.byte-limit = 33554432 (custom)
2019-09-18 11:34:31,856 [pool-139-thread-1] INFO  server.RaftServerConfigKeys (ConfUtils.java:logGet(43)) - raft.server.log.segment.size.max = 1048576 (custom)
2019-09-18 11:34:31,856 [pool-139-thread-1] INFO  server.RaftServerConfigKeys (ConfUtils.java:logGet(43)) - raft.server.log.segment.cache.num.max = 2 (custom)
2019-09-18 11:34:31,856 [pool-139-thread-1] INFO  segmented.SegmentedRaftLogWorker (SegmentedRaftLogWorker.java:<init>(172)) - new 2ca65623-ea22-4647-963d-0640bb90372f@group-3ED13F0C707C-SegmentedRaftLogWorker for RaftStorage:Storage Directory /workdir/hadoop-ozone/integration-test/target/test-dir/MiniOzoneClusterImpl-be355825-eaa2-435a-af82-14347805f592/datanode-2/data/ratis/133174fa-73f6-4c88-90b7-3ed13f0c707c
2019-09-18 11:34:31,856 [pool-139-thread-1] INFO  server.RaftServerConfigKeys (ConfUtils.java:logGet(43)) - raft.server.log.queue.byte-limit = 2147483647 (custom)
2019-09-18 11:34:31,856 [pool-139-thread-1] INFO  server.RaftServerConfigKeys (ConfUtils.java:logGet(43)) - raft.server.log.queue.element-limit = 1024 (custom)
2019-09-18 11:34:31,856 [pool-139-thread-1] INFO  server.RaftServerConfigKeys (ConfUtils.java:logGet(43)) - raft.server.log.segment.size.max = 1048576 (custom)
2019-09-18 11:34:31,857 [pool-139-thread-1] INFO  server.RaftServerConfigKeys (ConfUtils.java:logGet(43)) - raft.server.log.preallocated.size = 16384 (custom)
2019-09-18 11:34:31,857 [pool-139-thread-1] INFO  server.RaftServerConfigKeys (ConfUtils.java:logGet(43)) - raft.server.log.write.buffer.size = 33554432 (custom)
2019-09-18 11:34:31,857 [pool-139-thread-1] INFO  server.RaftServerConfigKeys (ConfUtils.java:logGet(43)) - raft.server.log.force.sync.num = 128 (default)
2019-09-18 11:34:31,857 [pool-139-thread-1] INFO  server.RaftServerConfigKeys (ConfUtils.java:logGet(43)) - raft.server.log.statemachine.data.sync = true (default)
2019-09-18 11:34:31,857 [pool-139-thread-1] INFO  server.RaftServerConfigKeys (ConfUtils.java:logGet(43)) - raft.server.log.statemachine.data.sync.timeout = 10s (default)
2019-09-18 11:34:31,857 [pool-139-thread-1] INFO  server.RaftServerConfigKeys (ConfUtils.java:logGet(43)) - raft.server.log.statemachine.data.sync.timeout.retry = -1 (default)
2019-09-18 11:34:31,858 [pool-139-thread-1] INFO  server.RaftServerConfigKeys (ConfUtils.java:logGet(43)) - raft.server.log.statemachine.data.caching.enabled = true (custom)
2019-09-18 11:34:31,858 [pool-139-thread-1] INFO  segmented.SegmentedRaftLogWorker (SegmentedRaftLogWorker.java:lambda$new$0(132)) - 2ca65623-ea22-4647-963d-0640bb90372f@group-3ED13F0C707C-SegmentedRaftLogWorker: flushIndex: setUnconditionally 0 -> -1
2019-09-18 11:34:31,859 [pool-139-thread-1] INFO  server.RaftServerConfigKeys (ConfUtils.java:logGet(43)) - raft.server.snapshot.auto.trigger.enabled = true (custom)
2019-09-18 11:34:31,859 [pool-139-thread-1] INFO  server.RaftServerConfigKeys (ConfUtils.java:logGet(43)) - raft.server.snapshot.auto.trigger.threshold = 10000 (custom)
2019-09-18 11:34:31,859 [pool-139-thread-1] INFO  server.RaftServerConfigKeys (ConfUtils.java:logGet(43)) - raft.server.snapshot.retention.num.files = 5 (custom)
2019-09-18 11:34:31,859 [pool-119-thread-1] INFO  storage.RaftStorage (RaftStorage.java:format(72)) - Storage directory /workdir/hadoop-ozone/integration-test/target/test-dir/MiniOzoneClusterImpl-be355825-eaa2-435a-af82-14347805f592/datanode-0/data/ratis/133174fa-73f6-4c88-90b7-3ed13f0c707c has been successfully formatted.
2019-09-18 11:34:31,859 [pool-139-thread-1] INFO  server.RaftServerConfigKeys (ConfUtils.java:logGet(43)) - raft.server.retrycache.expirytime = 600000ms (custom)
2019-09-18 11:34:31,859 [pool-129-thread-1] INFO  storage.RaftStorage (RaftStorage.java:format(72)) - Storage directory /workdir/hadoop-ozone/integration-test/target/test-dir/MiniOzoneClusterImpl-be355825-eaa2-435a-af82-14347805f592/datanode-1/data/ratis/133174fa-73f6-4c88-90b7-3ed13f0c707c has been successfully formatted.
2019-09-18 11:34:31,860 [pool-119-thread-1] INFO  ratis.ContainerStateMachine (ContainerStateMachine.java:loadSnapshot(230)) - group-3ED13F0C707C: The snapshot info is null. Setting the last applied indexto:(t:0, i:~)
2019-09-18 11:34:31,860 [pool-129-thread-1] INFO  ratis.ContainerStateMachine (ContainerStateMachine.java:loadSnapshot(230)) - group-3ED13F0C707C: The snapshot info is null. Setting the last applied indexto:(t:0, i:~)
2019-09-18 11:34:31,860 [pool-119-thread-1] INFO  server.RaftServerConfigKeys (ConfUtils.java:logGet(43)) - raft.server.notification.no-leader.timeout = 120s (custom)
2019-09-18 11:34:31,860 [pool-129-thread-1] INFO  server.RaftServerConfigKeys (ConfUtils.java:logGet(43)) - raft.server.notification.no-leader.timeout = 120s (custom)
2019-09-18 11:34:31,860 [pool-119-thread-1] INFO  server.RaftServerConfigKeys (ConfUtils.java:logGet(43)) - raft.server.log.use.memory = false (default)
2019-09-18 11:34:31,860 [pool-129-thread-1] INFO  server.RaftServerConfigKeys (ConfUtils.java:logGet(43)) - raft.server.log.use.memory = false (default)
2019-09-18 11:34:31,860 [pool-119-thread-1] INFO  server.RaftServerConfigKeys (ConfUtils.java:logGet(43)) - raft.server.log.purge.gap = 1000000 (custom)
2019-09-18 11:34:31,860 [pool-129-thread-1] INFO  server.RaftServerConfigKeys (ConfUtils.java:logGet(43)) - raft.server.log.purge.gap = 1000000 (custom)
2019-09-18 11:34:31,861 [pool-119-thread-1] INFO  server.RaftServerConfigKeys (ConfUtils.java:logGet(43)) - raft.server.log.appender.buffer.byte-limit = 33554432 (custom)
2019-09-18 11:34:31,861 [pool-129-thread-1] INFO  server.RaftServerConfigKeys (ConfUtils.java:logGet(43)) - raft.server.log.appender.buffer.byte-limit = 33554432 (custom)
2019-09-18 11:34:31,861 [pool-119-thread-1] INFO  server.RaftServerConfigKeys (ConfUtils.java:logGet(43)) - raft.server.log.segment.size.max = 1048576 (custom)
2019-09-18 11:34:31,861 [pool-129-thread-1] INFO  server.RaftServerConfigKeys (ConfUtils.java:logGet(43)) - raft.server.log.segment.size.max = 1048576 (custom)
2019-09-18 11:34:31,861 [pool-119-thread-1] INFO  server.RaftServerConfigKeys (ConfUtils.java:logGet(43)) - raft.server.log.segment.cache.num.max = 2 (custom)
2019-09-18 11:34:31,861 [pool-129-thread-1] INFO  server.RaftServerConfigKeys (ConfUtils.java:logGet(43)) - raft.server.log.segment.cache.num.max = 2 (custom)
2019-09-18 11:34:31,861 [pool-119-thread-1] INFO  segmented.SegmentedRaftLogWorker (SegmentedRaftLogWorker.java:<init>(172)) - new 479eb58c-4806-44ca-880e-53ce08193011@group-3ED13F0C707C-SegmentedRaftLogWorker for RaftStorage:Storage Directory /workdir/hadoop-ozone/integration-test/target/test-dir/MiniOzoneClusterImpl-be355825-eaa2-435a-af82-14347805f592/datanode-0/data/ratis/133174fa-73f6-4c88-90b7-3ed13f0c707c
2019-09-18 11:34:31,861 [pool-129-thread-1] INFO  segmented.SegmentedRaftLogWorker (SegmentedRaftLogWorker.java:<init>(172)) - new d2eb4519-41f8-436c-a390-cde303904edf@group-3ED13F0C707C-SegmentedRaftLogWorker for RaftStorage:Storage Directory /workdir/hadoop-ozone/integration-test/target/test-dir/MiniOzoneClusterImpl-be355825-eaa2-435a-af82-14347805f592/datanode-1/data/ratis/133174fa-73f6-4c88-90b7-3ed13f0c707c
2019-09-18 11:34:31,861 [pool-119-thread-1] INFO  server.RaftServerConfigKeys (ConfUtils.java:logGet(43)) - raft.server.log.queue.byte-limit = 2147483647 (custom)
2019-09-18 11:34:31,862 [pool-129-thread-1] INFO  server.RaftServerConfigKeys (ConfUtils.java:logGet(43)) - raft.server.log.queue.byte-limit = 2147483647 (custom)
2019-09-18 11:34:31,862 [pool-119-thread-1] INFO  server.RaftServerConfigKeys (ConfUtils.java:logGet(43)) - raft.server.log.queue.element-limit = 1024 (custom)
2019-09-18 11:34:31,862 [pool-129-thread-1] INFO  server.RaftServerConfigKeys (ConfUtils.java:logGet(43)) - raft.server.log.queue.element-limit = 1024 (custom)
2019-09-18 11:34:31,862 [pool-119-thread-1] INFO  server.RaftServerConfigKeys (ConfUtils.java:logGet(43)) - raft.server.log.segment.size.max = 1048576 (custom)
2019-09-18 11:34:31,862 [pool-129-thread-1] INFO  server.RaftServerConfigKeys (ConfUtils.java:logGet(43)) - raft.server.log.segment.size.max = 1048576 (custom)
2019-09-18 11:34:31,862 [pool-119-thread-1] INFO  server.RaftServerConfigKeys (ConfUtils.java:logGet(43)) - raft.server.log.preallocated.size = 16384 (custom)
2019-09-18 11:34:31,862 [pool-129-thread-1] INFO  server.RaftServerConfigKeys (ConfUtils.java:logGet(43)) - raft.server.log.preallocated.size = 16384 (custom)
2019-09-18 11:34:31,862 [pool-119-thread-1] INFO  server.RaftServerConfigKeys (ConfUtils.java:logGet(43)) - raft.server.log.write.buffer.size = 33554432 (custom)
2019-09-18 11:34:31,862 [pool-139-thread-1] INFO  impl.RaftServerImpl (RaftServerImpl.java:start(185)) - 2ca65623-ea22-4647-963d-0640bb90372f@group-3ED13F0C707C: start as a follower, conf=-1: [d2eb4519-41f8-436c-a390-cde303904edf:192.168.157.254:44105, 2ca65623-ea22-4647-963d-0640bb90372f:192.168.157.254:38751, 479eb58c-4806-44ca-880e-53ce08193011:192.168.157.254:42192], old=null
2019-09-18 11:34:31,862 [pool-129-thread-1] INFO  server.RaftServerConfigKeys (ConfUtils.java:logGet(43)) - raft.server.log.write.buffer.size = 33554432 (custom)
2019-09-18 11:34:31,863 [pool-139-thread-1] INFO  impl.RaftServerImpl (RaftServerImpl.java:setRole(174)) - 2ca65623-ea22-4647-963d-0640bb90372f@group-3ED13F0C707C: changes role from      null to FOLLOWER at term 0 for startAsFollower
2019-09-18 11:34:31,863 [pool-119-thread-1] INFO  server.RaftServerConfigKeys (ConfUtils.java:logGet(43)) - raft.server.log.force.sync.num = 128 (default)
2019-09-18 11:34:31,863 [pool-139-thread-1] INFO  impl.RoleInfo (RoleInfo.java:updateAndGet(143)) - 2ca65623-ea22-4647-963d-0640bb90372f: start FollowerState
2019-09-18 11:34:31,863 [pool-129-thread-1] INFO  server.RaftServerConfigKeys (ConfUtils.java:logGet(43)) - raft.server.log.force.sync.num = 128 (default)
2019-09-18 11:34:31,863 [pool-119-thread-1] INFO  server.RaftServerConfigKeys (ConfUtils.java:logGet(43)) - raft.server.log.statemachine.data.sync = true (default)
2019-09-18 11:34:31,863 [pool-129-thread-1] INFO  server.RaftServerConfigKeys (ConfUtils.java:logGet(43)) - raft.server.log.statemachine.data.sync = true (default)
2019-09-18 11:34:31,872 [pool-139-thread-1] INFO  util.JmxRegister (JmxRegister.java:tryRegister(44)) - Successfully registered JMX Bean with object name Ratis:service=RaftServer,group=group-3ED13F0C707C,id=2ca65623-ea22-4647-963d-0640bb90372f
2019-09-18 11:34:31,872 [pool-119-thread-1] INFO  server.RaftServerConfigKeys (ConfUtils.java:logGet(43)) - raft.server.log.statemachine.data.sync.timeout = 10s (default)
2019-09-18 11:34:31,872 [pool-129-thread-1] INFO  server.RaftServerConfigKeys (ConfUtils.java:logGet(43)) - raft.server.log.statemachine.data.sync.timeout = 10s (default)
2019-09-18 11:34:31,873 [pool-119-thread-1] INFO  server.RaftServerConfigKeys (ConfUtils.java:logGet(43)) - raft.server.log.statemachine.data.sync.timeout.retry = -1 (default)
2019-09-18 11:34:31,880 [pool-129-thread-1] INFO  server.RaftServerConfigKeys (ConfUtils.java:logGet(43)) - raft.server.log.statemachine.data.sync.timeout.retry = -1 (default)
2019-09-18 11:34:31,880 [pool-119-thread-1] INFO  server.RaftServerConfigKeys (ConfUtils.java:logGet(43)) - raft.server.log.statemachine.data.caching.enabled = true (custom)
2019-09-18 11:34:31,880 [pool-129-thread-1] INFO  server.RaftServerConfigKeys (ConfUtils.java:logGet(43)) - raft.server.log.statemachine.data.caching.enabled = true (custom)
2019-09-18 11:34:31,881 [pool-129-thread-1] INFO  segmented.SegmentedRaftLogWorker (SegmentedRaftLogWorker.java:lambda$new$0(132)) - d2eb4519-41f8-436c-a390-cde303904edf@group-3ED13F0C707C-SegmentedRaftLogWorker: flushIndex: setUnconditionally 0 -> -1
2019-09-18 11:34:31,881 [pool-119-thread-1] INFO  segmented.SegmentedRaftLogWorker (SegmentedRaftLogWorker.java:lambda$new$0(132)) - 479eb58c-4806-44ca-880e-53ce08193011@group-3ED13F0C707C-SegmentedRaftLogWorker: flushIndex: setUnconditionally 0 -> -1
2019-09-18 11:34:31,881 [pool-129-thread-1] INFO  server.RaftServerConfigKeys (ConfUtils.java:logGet(43)) - raft.server.snapshot.auto.trigger.enabled = true (custom)
2019-09-18 11:34:31,881 [pool-119-thread-1] INFO  server.RaftServerConfigKeys (ConfUtils.java:logGet(43)) - raft.server.snapshot.auto.trigger.enabled = true (custom)
2019-09-18 11:34:31,881 [pool-129-thread-1] INFO  server.RaftServerConfigKeys (ConfUtils.java:logGet(43)) - raft.server.snapshot.auto.trigger.threshold = 10000 (custom)
2019-09-18 11:34:31,882 [pool-119-thread-1] INFO  server.RaftServerConfigKeys (ConfUtils.java:logGet(43)) - raft.server.snapshot.auto.trigger.threshold = 10000 (custom)
2019-09-18 11:34:31,882 [pool-129-thread-1] INFO  server.RaftServerConfigKeys (ConfUtils.java:logGet(43)) - raft.server.snapshot.retention.num.files = 5 (custom)
2019-09-18 11:34:31,882 [pool-119-thread-1] INFO  server.RaftServerConfigKeys (ConfUtils.java:logGet(43)) - raft.server.snapshot.retention.num.files = 5 (custom)
2019-09-18 11:34:31,882 [pool-129-thread-1] INFO  server.RaftServerConfigKeys (ConfUtils.java:logGet(43)) - raft.server.retrycache.expirytime = 600000ms (custom)
2019-09-18 11:34:31,882 [pool-119-thread-1] INFO  server.RaftServerConfigKeys (ConfUtils.java:logGet(43)) - raft.server.retrycache.expirytime = 600000ms (custom)
2019-09-18 11:34:31,885 [pool-129-thread-1] INFO  impl.RaftServerImpl (RaftServerImpl.java:start(185)) - d2eb4519-41f8-436c-a390-cde303904edf@group-3ED13F0C707C: start as a follower, conf=-1: [d2eb4519-41f8-436c-a390-cde303904edf:192.168.157.254:44105, 2ca65623-ea22-4647-963d-0640bb90372f:192.168.157.254:38751, 479eb58c-4806-44ca-880e-53ce08193011:192.168.157.254:42192], old=null
2019-09-18 11:34:31,886 [pool-129-thread-1] INFO  impl.RaftServerImpl (RaftServerImpl.java:setRole(174)) - d2eb4519-41f8-436c-a390-cde303904edf@group-3ED13F0C707C: changes role from      null to FOLLOWER at term 0 for startAsFollower
2019-09-18 11:34:31,886 [pool-129-thread-1] INFO  impl.RoleInfo (RoleInfo.java:updateAndGet(143)) - d2eb4519-41f8-436c-a390-cde303904edf: start FollowerState
2019-09-18 11:34:31,886 [pool-119-thread-1] INFO  impl.RaftServerImpl (RaftServerImpl.java:start(185)) - 479eb58c-4806-44ca-880e-53ce08193011@group-3ED13F0C707C: start as a follower, conf=-1: [d2eb4519-41f8-436c-a390-cde303904edf:192.168.157.254:44105, 2ca65623-ea22-4647-963d-0640bb90372f:192.168.157.254:38751, 479eb58c-4806-44ca-880e-53ce08193011:192.168.157.254:42192], old=null
2019-09-18 11:34:31,886 [pool-129-thread-1] INFO  util.JmxRegister (JmxRegister.java:tryRegister(44)) - Successfully registered JMX Bean with object name Ratis:service=RaftServer,group=group-3ED13F0C707C,id=d2eb4519-41f8-436c-a390-cde303904edf
2019-09-18 11:34:31,886 [pool-119-thread-1] INFO  impl.RaftServerImpl (RaftServerImpl.java:setRole(174)) - 479eb58c-4806-44ca-880e-53ce08193011@group-3ED13F0C707C: changes role from      null to FOLLOWER at term 0 for startAsFollower
2019-09-18 11:34:31,886 [pool-119-thread-1] INFO  impl.RoleInfo (RoleInfo.java:updateAndGet(143)) - 479eb58c-4806-44ca-880e-53ce08193011: start FollowerState
2019-09-18 11:34:31,887 [pool-119-thread-1] INFO  util.JmxRegister (JmxRegister.java:tryRegister(44)) - Successfully registered JMX Bean with object name Ratis:service=RaftServer,group=group-3ED13F0C707C,id=479eb58c-4806-44ca-880e-53ce08193011
2019-09-18 11:34:31,889 [RatisPipelineUtilsThread] INFO  pipeline.PipelineStateManager (PipelineStateManager.java:addPipeline(56)) - Created pipeline Pipeline[ Id: 133174fa-73f6-4c88-90b7-3ed13f0c707c, Nodes: 2ca65623-ea22-4647-963d-0640bb90372f{ip: 192.168.157.254, host: pr-hdds-2143-zjsjg-1178913, networkLocation: /default-rack, certSerialId: null}479eb58c-4806-44ca-880e-53ce08193011{ip: 192.168.157.254, host: pr-hdds-2143-zjsjg-1178913, networkLocation: /default-rack, certSerialId: null}d2eb4519-41f8-436c-a390-cde303904edf{ip: 192.168.157.254, host: pr-hdds-2143-zjsjg-1178913, networkLocation: /default-rack, certSerialId: null}, Type:RATIS, Factor:THREE, State:OPEN]
2019-09-18 11:34:31,898 [IPC Server handler 4 on 44810] INFO  net.NetworkTopology (NetworkTopologyImpl.java:add(111)) - Added a new node: /default-rack/48aa6b7c-19e2-4065-8b5b-6a7fc3a6ed8c
2019-09-18 11:34:31,898 [IPC Server handler 4 on 44810] INFO  node.SCMNodeManager (SCMNodeManager.java:register(266)) - Registered Data node : 48aa6b7c-19e2-4065-8b5b-6a7fc3a6ed8c{ip: 192.168.157.254, host: pr-hdds-2143-zjsjg-1178913, networkLocation: /default-rack, certSerialId: null}
2019-09-18 11:34:31,908 [grpc-default-executor-0] INFO  impl.RaftServerProxy (RaftServerProxy.java:addNew(89)) - f23e4d0b-fd16-4e36-87f9-2fb30e2de0f1: addNew group-2690F12A0304:[f23e4d0b-fd16-4e36-87f9-2fb30e2de0f1:192.168.157.254:39244] returns group-2690F12A0304:java.util.concurrent.CompletableFuture@1ec50783[Not completed]
2019-09-18 11:34:31,910 [pool-149-thread-1] INFO  impl.RaftServerImpl (RaftServerImpl.java:<init>(95)) - f23e4d0b-fd16-4e36-87f9-2fb30e2de0f1: new RaftServerImpl for group-2690F12A0304:[f23e4d0b-fd16-4e36-87f9-2fb30e2de0f1:192.168.157.254:39244] with ContainerStateMachine:uninitialized
2019-09-18 11:34:31,910 [pool-149-thread-1] INFO  server.RaftServerConfigKeys (ConfUtils.java:logGet(43)) - raft.server.rpc.timeout.min = 5s (custom)
2019-09-18 11:34:31,910 [pool-149-thread-1] INFO  server.RaftServerConfigKeys (ConfUtils.java:logGet(43)) - raft.server.rpc.timeout.max = 5200ms (custom)
2019-09-18 11:34:31,910 [pool-149-thread-1] INFO  server.RaftServerConfigKeys (ConfUtils.java:logGet(43)) - raft.server.rpcslowness.timeout = 120s (custom)
2019-09-18 11:34:31,911 [pool-149-thread-1] INFO  server.RaftServerConfigKeys (ConfUtils.java:logGet(43)) - raft.server.sleep.deviation.threshold = 300 (default)
2019-09-18 11:34:31,911 [pool-149-thread-1] INFO  server.RaftServerConfigKeys (ConfUtils.java:logGet(43)) - raft.server.log.appender.install.snapshot.enabled = false (custom)
2019-09-18 11:34:31,911 [pool-149-thread-1] INFO  impl.RaftServerImpl (ServerState.java:<init>(103)) - f23e4d0b-fd16-4e36-87f9-2fb30e2de0f1@group-2690F12A0304: ConfigurationManager, init=-1: [f23e4d0b-fd16-4e36-87f9-2fb30e2de0f1:192.168.157.254:39244], old=null, confs=<EMPTY_MAP>
2019-09-18 11:34:31,911 [pool-149-thread-1] INFO  server.RaftServerConfigKeys (ConfUtils.java:logGet(43)) - raft.server.storage.dir = [/workdir/hadoop-ozone/integration-test/target/test-dir/MiniOzoneClusterImpl-be355825-eaa2-435a-af82-14347805f592/datanode-3/data/ratis] (custom)
2019-09-18 11:34:31,911 [pool-149-thread-1] INFO  storage.RaftStorageDirectory (RaftStorageDirectory.java:analyzeStorage(246)) - The storage directory /workdir/hadoop-ozone/integration-test/target/test-dir/MiniOzoneClusterImpl-be355825-eaa2-435a-af82-14347805f592/datanode-3/data/ratis/8ceca6d0-1642-4cc7-8171-2690f12a0304 does not exist. Creating ...
2019-09-18 11:34:31,922 [pool-149-thread-1] INFO  storage.RaftStorageDirectory (RaftStorageDirectory.java:tryLock(328)) - Lock on /workdir/hadoop-ozone/integration-test/target/test-dir/MiniOzoneClusterImpl-be355825-eaa2-435a-af82-14347805f592/datanode-3/data/ratis/8ceca6d0-1642-4cc7-8171-2690f12a0304/in_use.lock acquired by nodename 2161@pr-hdds-2143-zjsjg-1178913
2019-09-18 11:34:31,926 [pool-149-thread-1] INFO  storage.RaftStorage (RaftStorage.java:format(72)) - Storage directory /workdir/hadoop-ozone/integration-test/target/test-dir/MiniOzoneClusterImpl-be355825-eaa2-435a-af82-14347805f592/datanode-3/data/ratis/8ceca6d0-1642-4cc7-8171-2690f12a0304 has been successfully formatted.
2019-09-18 11:34:31,926 [pool-149-thread-1] INFO  ratis.ContainerStateMachine (ContainerStateMachine.java:loadSnapshot(230)) - group-2690F12A0304: The snapshot info is null. Setting the last applied indexto:(t:0, i:~)
2019-09-18 11:34:31,926 [pool-149-thread-1] INFO  server.RaftServerConfigKeys (ConfUtils.java:logGet(43)) - raft.server.notification.no-leader.timeout = 120s (custom)
2019-09-18 11:34:31,926 [pool-149-thread-1] INFO  server.RaftServerConfigKeys (ConfUtils.java:logGet(43)) - raft.server.log.use.memory = false (default)
2019-09-18 11:34:31,926 [pool-149-thread-1] INFO  server.RaftServerConfigKeys (ConfUtils.java:logGet(43)) - raft.server.log.purge.gap = 1000000 (custom)
2019-09-18 11:34:31,926 [pool-149-thread-1] INFO  server.RaftServerConfigKeys (ConfUtils.java:logGet(43)) - raft.server.log.appender.buffer.byte-limit = 33554432 (custom)
2019-09-18 11:34:31,926 [pool-149-thread-1] INFO  server.RaftServerConfigKeys (ConfUtils.java:logGet(43)) - raft.server.log.segment.size.max = 1048576 (custom)
2019-09-18 11:34:31,926 [pool-149-thread-1] INFO  server.RaftServerConfigKeys (ConfUtils.java:logGet(43)) - raft.server.log.segment.cache.num.max = 2 (custom)
2019-09-18 11:34:31,927 [pool-149-thread-1] INFO  segmented.SegmentedRaftLogWorker (SegmentedRaftLogWorker.java:<init>(172)) - new f23e4d0b-fd16-4e36-87f9-2fb30e2de0f1@group-2690F12A0304-SegmentedRaftLogWorker for RaftStorage:Storage Directory /workdir/hadoop-ozone/integration-test/target/test-dir/MiniOzoneClusterImpl-be355825-eaa2-435a-af82-14347805f592/datanode-3/data/ratis/8ceca6d0-1642-4cc7-8171-2690f12a0304
2019-09-18 11:34:31,928 [pool-149-thread-1] INFO  server.RaftServerConfigKeys (ConfUtils.java:logGet(43)) - raft.server.log.queue.byte-limit = 2147483647 (custom)
2019-09-18 11:34:31,928 [pool-149-thread-1] INFO  server.RaftServerConfigKeys (ConfUtils.java:logGet(43)) - raft.server.log.queue.element-limit = 1024 (custom)
2019-09-18 11:34:31,928 [pool-149-thread-1] INFO  server.RaftServerConfigKeys (ConfUtils.java:logGet(43)) - raft.server.log.segment.size.max = 1048576 (custom)
2019-09-18 11:34:31,929 [pool-149-thread-1] INFO  server.RaftServerConfigKeys (ConfUtils.java:logGet(43)) - raft.server.log.preallocated.size = 16384 (custom)
2019-09-18 11:34:31,929 [pool-149-thread-1] INFO  server.RaftServerConfigKeys (ConfUtils.java:logGet(43)) - raft.server.log.write.buffer.size = 33554432 (custom)
2019-09-18 11:34:31,929 [pool-149-thread-1] INFO  server.RaftServerConfigKeys (ConfUtils.java:logGet(43)) - raft.server.log.force.sync.num = 128 (default)
2019-09-18 11:34:31,929 [pool-149-thread-1] INFO  server.RaftServerConfigKeys (ConfUtils.java:logGet(43)) - raft.server.log.statemachine.data.sync = true (default)
2019-09-18 11:34:31,929 [pool-149-thread-1] INFO  server.RaftServerConfigKeys (ConfUtils.java:logGet(43)) - raft.server.log.statemachine.data.sync.timeout = 10s (default)
2019-09-18 11:34:31,929 [pool-149-thread-1] INFO  server.RaftServerConfigKeys (ConfUtils.java:logGet(43)) - raft.server.log.statemachine.data.sync.timeout.retry = -1 (default)
2019-09-18 11:34:31,929 [pool-149-thread-1] INFO  server.RaftServerConfigKeys (ConfUtils.java:logGet(43)) - raft.server.log.statemachine.data.caching.enabled = true (custom)
2019-09-18 11:34:31,929 [pool-149-thread-1] INFO  segmented.SegmentedRaftLogWorker (SegmentedRaftLogWorker.java:lambda$new$0(132)) - f23e4d0b-fd16-4e36-87f9-2fb30e2de0f1@group-2690F12A0304-SegmentedRaftLogWorker: flushIndex: setUnconditionally 0 -> -1
2019-09-18 11:34:31,930 [pool-149-thread-1] INFO  server.RaftServerConfigKeys (ConfUtils.java:logGet(43)) - raft.server.snapshot.auto.trigger.enabled = true (custom)
2019-09-18 11:34:31,930 [pool-149-thread-1] INFO  server.RaftServerConfigKeys (ConfUtils.java:logGet(43)) - raft.server.snapshot.auto.trigger.threshold = 10000 (custom)
2019-09-18 11:34:31,930 [pool-149-thread-1] INFO  server.RaftServerConfigKeys (ConfUtils.java:logGet(43)) - raft.server.snapshot.retention.num.files = 5 (custom)
2019-09-18 11:34:31,930 [pool-149-thread-1] INFO  server.RaftServerConfigKeys (ConfUtils.java:logGet(43)) - raft.server.retrycache.expirytime = 600000ms (custom)
2019-09-18 11:34:31,932 [pool-149-thread-1] INFO  impl.RaftServerImpl (RaftServerImpl.java:start(185)) - f23e4d0b-fd16-4e36-87f9-2fb30e2de0f1@group-2690F12A0304: start as a follower, conf=-1: [f23e4d0b-fd16-4e36-87f9-2fb30e2de0f1:192.168.157.254:39244], old=null
2019-09-18 11:34:31,932 [pool-149-thread-1] INFO  impl.RaftServerImpl (RaftServerImpl.java:setRole(174)) - f23e4d0b-fd16-4e36-87f9-2fb30e2de0f1@group-2690F12A0304: changes role from      null to FOLLOWER at term 0 for startAsFollower
2019-09-18 11:34:31,932 [pool-149-thread-1] INFO  impl.RoleInfo (RoleInfo.java:updateAndGet(143)) - f23e4d0b-fd16-4e36-87f9-2fb30e2de0f1: start FollowerState
2019-09-18 11:34:31,932 [pool-149-thread-1] INFO  util.JmxRegister (JmxRegister.java:tryRegister(44)) - Successfully registered JMX Bean with object name Ratis:service=RaftServer,group=group-2690F12A0304,id=f23e4d0b-fd16-4e36-87f9-2fb30e2de0f1
2019-09-18 11:34:31,935 [RatisPipelineUtilsThread] INFO  pipeline.PipelineStateManager (PipelineStateManager.java:addPipeline(56)) - Created pipeline Pipeline[ Id: 8ceca6d0-1642-4cc7-8171-2690f12a0304, Nodes: f23e4d0b-fd16-4e36-87f9-2fb30e2de0f1{ip: 192.168.157.254, host: pr-hdds-2143-zjsjg-1178913, networkLocation: /default-rack, certSerialId: null}, Type:RATIS, Factor:ONE, State:OPEN]
2019-09-18 11:34:31,943 [grpc-default-executor-0] INFO  impl.RaftServerProxy (RaftServerProxy.java:addNew(89)) - 48aa6b7c-19e2-4065-8b5b-6a7fc3a6ed8c: addNew group-A368F16BDAFB:[48aa6b7c-19e2-4065-8b5b-6a7fc3a6ed8c:192.168.157.254:46181] returns group-A368F16BDAFB:java.util.concurrent.CompletableFuture@23abd61[Not completed]
2019-09-18 11:34:31,947 [pool-159-thread-1] INFO  impl.RaftServerImpl (RaftServerImpl.java:<init>(95)) - 48aa6b7c-19e2-4065-8b5b-6a7fc3a6ed8c: new RaftServerImpl for group-A368F16BDAFB:[48aa6b7c-19e2-4065-8b5b-6a7fc3a6ed8c:192.168.157.254:46181] with ContainerStateMachine:uninitialized
2019-09-18 11:34:31,947 [pool-159-thread-1] INFO  server.RaftServerConfigKeys (ConfUtils.java:logGet(43)) - raft.server.rpc.timeout.min = 5s (custom)
2019-09-18 11:34:31,947 [pool-159-thread-1] INFO  server.RaftServerConfigKeys (ConfUtils.java:logGet(43)) - raft.server.rpc.timeout.max = 5200ms (custom)
2019-09-18 11:34:31,947 [pool-159-thread-1] INFO  server.RaftServerConfigKeys (ConfUtils.java:logGet(43)) - raft.server.rpcslowness.timeout = 120s (custom)
2019-09-18 11:34:31,947 [pool-159-thread-1] INFO  server.RaftServerConfigKeys (ConfUtils.java:logGet(43)) - raft.server.sleep.deviation.threshold = 300 (default)
2019-09-18 11:34:31,947 [pool-159-thread-1] INFO  server.RaftServerConfigKeys (ConfUtils.java:logGet(43)) - raft.server.log.appender.install.snapshot.enabled = false (custom)
2019-09-18 11:34:31,948 [pool-159-thread-1] INFO  impl.RaftServerImpl (ServerState.java:<init>(103)) - 48aa6b7c-19e2-4065-8b5b-6a7fc3a6ed8c@group-A368F16BDAFB: ConfigurationManager, init=-1: [48aa6b7c-19e2-4065-8b5b-6a7fc3a6ed8c:192.168.157.254:46181], old=null, confs=<EMPTY_MAP>
2019-09-18 11:34:31,948 [pool-159-thread-1] INFO  server.RaftServerConfigKeys (ConfUtils.java:logGet(43)) - raft.server.storage.dir = [/workdir/hadoop-ozone/integration-test/target/test-dir/MiniOzoneClusterImpl-be355825-eaa2-435a-af82-14347805f592/datanode-4/data/ratis] (custom)
2019-09-18 11:34:31,948 [pool-159-thread-1] INFO  storage.RaftStorageDirectory (RaftStorageDirectory.java:analyzeStorage(246)) - The storage directory /workdir/hadoop-ozone/integration-test/target/test-dir/MiniOzoneClusterImpl-be355825-eaa2-435a-af82-14347805f592/datanode-4/data/ratis/297a8afe-4bd3-4aeb-96d5-a368f16bdafb does not exist. Creating ...
2019-09-18 11:34:31,962 [IPC Server handler 7 on 44810] INFO  net.NetworkTopology (NetworkTopologyImpl.java:add(111)) - Added a new node: /default-rack/9a3866a3-945c-43d9-ad49-28fa7f717e26
2019-09-18 11:34:31,963 [IPC Server handler 7 on 44810] INFO  node.SCMNodeManager (SCMNodeManager.java:register(266)) - Registered Data node : 9a3866a3-945c-43d9-ad49-28fa7f717e26{ip: 192.168.157.254, host: pr-hdds-2143-zjsjg-1178913, networkLocation: /default-rack, certSerialId: null}
2019-09-18 11:34:31,969 [pool-159-thread-1] INFO  storage.RaftStorageDirectory (RaftStorageDirectory.java:tryLock(328)) - Lock on /workdir/hadoop-ozone/integration-test/target/test-dir/MiniOzoneClusterImpl-be355825-eaa2-435a-af82-14347805f592/datanode-4/data/ratis/297a8afe-4bd3-4aeb-96d5-a368f16bdafb/in_use.lock acquired by nodename 2161@pr-hdds-2143-zjsjg-1178913
2019-09-18 11:34:31,981 [pool-159-thread-1] INFO  storage.RaftStorage (RaftStorage.java:format(72)) - Storage directory /workdir/hadoop-ozone/integration-test/target/test-dir/MiniOzoneClusterImpl-be355825-eaa2-435a-af82-14347805f592/datanode-4/data/ratis/297a8afe-4bd3-4aeb-96d5-a368f16bdafb has been successfully formatted.
2019-09-18 11:34:31,982 [pool-159-thread-1] INFO  ratis.ContainerStateMachine (ContainerStateMachine.java:loadSnapshot(230)) - group-A368F16BDAFB: The snapshot info is null. Setting the last applied indexto:(t:0, i:~)
2019-09-18 11:34:31,982 [pool-159-thread-1] INFO  server.RaftServerConfigKeys (ConfUtils.java:logGet(43)) - raft.server.notification.no-leader.timeout = 120s (custom)
2019-09-18 11:34:31,982 [pool-159-thread-1] INFO  server.RaftServerConfigKeys (ConfUtils.java:logGet(43)) - raft.server.log.use.memory = false (default)
2019-09-18 11:34:31,982 [pool-159-thread-1] INFO  server.RaftServerConfigKeys (ConfUtils.java:logGet(43)) - raft.server.log.purge.gap = 1000000 (custom)
2019-09-18 11:34:31,982 [pool-159-thread-1] INFO  server.RaftServerConfigKeys (ConfUtils.java:logGet(43)) - raft.server.log.appender.buffer.byte-limit = 33554432 (custom)
2019-09-18 11:34:31,982 [pool-159-thread-1] INFO  server.RaftServerConfigKeys (ConfUtils.java:logGet(43)) - raft.server.log.segment.size.max = 1048576 (custom)
2019-09-18 11:34:31,983 [pool-159-thread-1] INFO  server.RaftServerConfigKeys (ConfUtils.java:logGet(43)) - raft.server.log.segment.cache.num.max = 2 (custom)
2019-09-18 11:34:31,983 [pool-159-thread-1] INFO  segmented.SegmentedRaftLogWorker (SegmentedRaftLogWorker.java:<init>(172)) - new 48aa6b7c-19e2-4065-8b5b-6a7fc3a6ed8c@group-A368F16BDAFB-SegmentedRaftLogWorker for RaftStorage:Storage Directory /workdir/hadoop-ozone/integration-test/target/test-dir/MiniOzoneClusterImpl-be355825-eaa2-435a-af82-14347805f592/datanode-4/data/ratis/297a8afe-4bd3-4aeb-96d5-a368f16bdafb
2019-09-18 11:34:31,985 [pool-159-thread-1] INFO  server.RaftServerConfigKeys (ConfUtils.java:logGet(43)) - raft.server.log.queue.byte-limit = 2147483647 (custom)
2019-09-18 11:34:31,985 [pool-159-thread-1] INFO  server.RaftServerConfigKeys (ConfUtils.java:logGet(43)) - raft.server.log.queue.element-limit = 1024 (custom)
2019-09-18 11:34:31,985 [pool-159-thread-1] INFO  server.RaftServerConfigKeys (ConfUtils.java:logGet(43)) - raft.server.log.segment.size.max = 1048576 (custom)
2019-09-18 11:34:31,985 [pool-159-thread-1] INFO  server.RaftServerConfigKeys (ConfUtils.java:logGet(43)) - raft.server.log.preallocated.size = 16384 (custom)
2019-09-18 11:34:31,985 [pool-159-thread-1] INFO  server.RaftServerConfigKeys (ConfUtils.java:logGet(43)) - raft.server.log.write.buffer.size = 33554432 (custom)
2019-09-18 11:34:31,985 [pool-159-thread-1] INFO  server.RaftServerConfigKeys (ConfUtils.java:logGet(43)) - raft.server.log.force.sync.num = 128 (default)
2019-09-18 11:34:31,985 [pool-159-thread-1] INFO  server.RaftServerConfigKeys (ConfUtils.java:logGet(43)) - raft.server.log.statemachine.data.sync = true (default)
2019-09-18 11:34:31,986 [pool-159-thread-1] INFO  server.RaftServerConfigKeys (ConfUtils.java:logGet(43)) - raft.server.log.statemachine.data.sync.timeout = 10s (default)
2019-09-18 11:34:31,986 [pool-159-thread-1] INFO  server.RaftServerConfigKeys (ConfUtils.java:logGet(43)) - raft.server.log.statemachine.data.sync.timeout.retry = -1 (default)
2019-09-18 11:34:31,986 [pool-159-thread-1] INFO  server.RaftServerConfigKeys (ConfUtils.java:logGet(43)) - raft.server.log.statemachine.data.caching.enabled = true (custom)
2019-09-18 11:34:31,986 [pool-159-thread-1] INFO  segmented.SegmentedRaftLogWorker (SegmentedRaftLogWorker.java:lambda$new$0(132)) - 48aa6b7c-19e2-4065-8b5b-6a7fc3a6ed8c@group-A368F16BDAFB-SegmentedRaftLogWorker: flushIndex: setUnconditionally 0 -> -1
2019-09-18 11:34:31,987 [pool-159-thread-1] INFO  server.RaftServerConfigKeys (ConfUtils.java:logGet(43)) - raft.server.snapshot.auto.trigger.enabled = true (custom)
2019-09-18 11:34:31,987 [pool-159-thread-1] INFO  server.RaftServerConfigKeys (ConfUtils.java:logGet(43)) - raft.server.snapshot.auto.trigger.threshold = 10000 (custom)
2019-09-18 11:34:31,987 [pool-159-thread-1] INFO  server.RaftServerConfigKeys (ConfUtils.java:logGet(43)) - raft.server.snapshot.retention.num.files = 5 (custom)
2019-09-18 11:34:31,987 [pool-159-thread-1] INFO  server.RaftServerConfigKeys (ConfUtils.java:logGet(43)) - raft.server.retrycache.expirytime = 600000ms (custom)
2019-09-18 11:34:31,989 [pool-159-thread-1] INFO  impl.RaftServerImpl (RaftServerImpl.java:start(185)) - 48aa6b7c-19e2-4065-8b5b-6a7fc3a6ed8c@group-A368F16BDAFB: start as a follower, conf=-1: [48aa6b7c-19e2-4065-8b5b-6a7fc3a6ed8c:192.168.157.254:46181], old=null
2019-09-18 11:34:31,989 [pool-159-thread-1] INFO  impl.RaftServerImpl (RaftServerImpl.java:setRole(174)) - 48aa6b7c-19e2-4065-8b5b-6a7fc3a6ed8c@group-A368F16BDAFB: changes role from      null to FOLLOWER at term 0 for startAsFollower
2019-09-18 11:34:31,989 [pool-159-thread-1] INFO  impl.RoleInfo (RoleInfo.java:updateAndGet(143)) - 48aa6b7c-19e2-4065-8b5b-6a7fc3a6ed8c: start FollowerState
2019-09-18 11:34:31,990 [pool-159-thread-1] INFO  util.JmxRegister (JmxRegister.java:tryRegister(44)) - Successfully registered JMX Bean with object name Ratis:service=RaftServer,group=group-A368F16BDAFB,id=48aa6b7c-19e2-4065-8b5b-6a7fc3a6ed8c
2019-09-18 11:34:31,992 [RatisPipelineUtilsThread] INFO  pipeline.PipelineStateManager (PipelineStateManager.java:addPipeline(56)) - Created pipeline Pipeline[ Id: 297a8afe-4bd3-4aeb-96d5-a368f16bdafb, Nodes: 48aa6b7c-19e2-4065-8b5b-6a7fc3a6ed8c{ip: 192.168.157.254, host: pr-hdds-2143-zjsjg-1178913, networkLocation: /default-rack, certSerialId: null}, Type:RATIS, Factor:ONE, State:OPEN]
2019-09-18 11:34:32,002 [grpc-default-executor-0] INFO  impl.RaftServerProxy (RaftServerProxy.java:addNew(89)) - 9a3866a3-945c-43d9-ad49-28fa7f717e26: addNew group-54BACA5574D0:[9a3866a3-945c-43d9-ad49-28fa7f717e26:192.168.157.254:46807] returns group-54BACA5574D0:java.util.concurrent.CompletableFuture@c5cd92f[Not completed]
2019-09-18 11:34:32,007 [pool-169-thread-1] INFO  impl.RaftServerImpl (RaftServerImpl.java:<init>(95)) - 9a3866a3-945c-43d9-ad49-28fa7f717e26: new RaftServerImpl for group-54BACA5574D0:[9a3866a3-945c-43d9-ad49-28fa7f717e26:192.168.157.254:46807] with ContainerStateMachine:uninitialized
2019-09-18 11:34:32,008 [pool-169-thread-1] INFO  server.RaftServerConfigKeys (ConfUtils.java:logGet(43)) - raft.server.rpc.timeout.min = 5s (custom)
2019-09-18 11:34:32,008 [pool-169-thread-1] INFO  server.RaftServerConfigKeys (ConfUtils.java:logGet(43)) - raft.server.rpc.timeout.max = 5200ms (custom)
2019-09-18 11:34:32,008 [pool-169-thread-1] INFO  server.RaftServerConfigKeys (ConfUtils.java:logGet(43)) - raft.server.rpcslowness.timeout = 120s (custom)
2019-09-18 11:34:32,008 [pool-169-thread-1] INFO  server.RaftServerConfigKeys (ConfUtils.java:logGet(43)) - raft.server.sleep.deviation.threshold = 300 (default)
2019-09-18 11:34:32,008 [pool-169-thread-1] INFO  server.RaftServerConfigKeys (ConfUtils.java:logGet(43)) - raft.server.log.appender.install.snapshot.enabled = false (custom)
2019-09-18 11:34:32,008 [pool-169-thread-1] INFO  impl.RaftServerImpl (ServerState.java:<init>(103)) - 9a3866a3-945c-43d9-ad49-28fa7f717e26@group-54BACA5574D0: ConfigurationManager, init=-1: [9a3866a3-945c-43d9-ad49-28fa7f717e26:192.168.157.254:46807], old=null, confs=<EMPTY_MAP>
2019-09-18 11:34:32,008 [pool-169-thread-1] INFO  server.RaftServerConfigKeys (ConfUtils.java:logGet(43)) - raft.server.storage.dir = [/workdir/hadoop-ozone/integration-test/target/test-dir/MiniOzoneClusterImpl-be355825-eaa2-435a-af82-14347805f592/datanode-5/data/ratis] (custom)
2019-09-18 11:34:32,009 [pool-169-thread-1] INFO  storage.RaftStorageDirectory (RaftStorageDirectory.java:analyzeStorage(246)) - The storage directory /workdir/hadoop-ozone/integration-test/target/test-dir/MiniOzoneClusterImpl-be355825-eaa2-435a-af82-14347805f592/datanode-5/data/ratis/dab1574e-a355-4bfd-b8d2-54baca5574d0 does not exist. Creating ...
2019-09-18 11:34:32,021 [pool-169-thread-1] INFO  storage.RaftStorageDirectory (RaftStorageDirectory.java:tryLock(328)) - Lock on /workdir/hadoop-ozone/integration-test/target/test-dir/MiniOzoneClusterImpl-be355825-eaa2-435a-af82-14347805f592/datanode-5/data/ratis/dab1574e-a355-4bfd-b8d2-54baca5574d0/in_use.lock acquired by nodename 2161@pr-hdds-2143-zjsjg-1178913
2019-09-18 11:34:32,027 [IPC Server handler 0 on 44810] INFO  net.NetworkTopology (NetworkTopologyImpl.java:add(111)) - Added a new node: /default-rack/3731518f-4a75-41f7-a8ac-44e1efdde356
2019-09-18 11:34:32,027 [IPC Server handler 0 on 44810] INFO  node.SCMNodeManager (SCMNodeManager.java:register(266)) - Registered Data node : 3731518f-4a75-41f7-a8ac-44e1efdde356{ip: 192.168.157.254, host: pr-hdds-2143-zjsjg-1178913, networkLocation: /default-rack, certSerialId: null}
2019-09-18 11:34:32,032 [main] INFO  ozone.MiniOzoneClusterImpl (MiniOzoneClusterImpl.java:lambda$waitForClusterToBeReady$0(145)) - Cluster is ready. Got 7 of 7 DN Heartbeats.
2019-09-18 11:34:32,034 [pool-169-thread-1] INFO  storage.RaftStorage (RaftStorage.java:format(72)) - Storage directory /workdir/hadoop-ozone/integration-test/target/test-dir/MiniOzoneClusterImpl-be355825-eaa2-435a-af82-14347805f592/datanode-5/data/ratis/dab1574e-a355-4bfd-b8d2-54baca5574d0 has been successfully formatted.
2019-09-18 11:34:32,034 [pool-169-thread-1] INFO  ratis.ContainerStateMachine (ContainerStateMachine.java:loadSnapshot(230)) - group-54BACA5574D0: The snapshot info is null. Setting the last applied indexto:(t:0, i:~)
2019-09-18 11:34:32,038 [pool-169-thread-1] INFO  server.RaftServerConfigKeys (ConfUtils.java:logGet(43)) - raft.server.notification.no-leader.timeout = 120s (custom)
2019-09-18 11:34:32,038 [pool-169-thread-1] INFO  server.RaftServerConfigKeys (ConfUtils.java:logGet(43)) - raft.server.log.use.memory = false (default)
2019-09-18 11:34:32,038 [pool-169-thread-1] INFO  server.RaftServerConfigKeys (ConfUtils.java:logGet(43)) - raft.server.log.purge.gap = 1000000 (custom)
2019-09-18 11:34:32,038 [pool-169-thread-1] INFO  server.RaftServerConfigKeys (ConfUtils.java:logGet(43)) - raft.server.log.appender.buffer.byte-limit = 33554432 (custom)
2019-09-18 11:34:32,038 [pool-169-thread-1] INFO  server.RaftServerConfigKeys (ConfUtils.java:logGet(43)) - raft.server.log.segment.size.max = 1048576 (custom)
2019-09-18 11:34:32,038 [pool-169-thread-1] INFO  server.RaftServerConfigKeys (ConfUtils.java:logGet(43)) - raft.server.log.segment.cache.num.max = 2 (custom)
2019-09-18 11:34:32,038 [pool-169-thread-1] INFO  segmented.SegmentedRaftLogWorker (SegmentedRaftLogWorker.java:<init>(172)) - new 9a3866a3-945c-43d9-ad49-28fa7f717e26@group-54BACA5574D0-SegmentedRaftLogWorker for RaftStorage:Storage Directory /workdir/hadoop-ozone/integration-test/target/test-dir/MiniOzoneClusterImpl-be355825-eaa2-435a-af82-14347805f592/datanode-5/data/ratis/dab1574e-a355-4bfd-b8d2-54baca5574d0
2019-09-18 11:34:32,042 [pool-169-thread-1] INFO  server.RaftServerConfigKeys (ConfUtils.java:logGet(43)) - raft.server.log.queue.byte-limit = 2147483647 (custom)
2019-09-18 11:34:32,042 [pool-169-thread-1] INFO  server.RaftServerConfigKeys (ConfUtils.java:logGet(43)) - raft.server.log.queue.element-limit = 1024 (custom)
2019-09-18 11:34:32,042 [pool-169-thread-1] INFO  server.RaftServerConfigKeys (ConfUtils.java:logGet(43)) - raft.server.log.segment.size.max = 1048576 (custom)
2019-09-18 11:34:32,042 [pool-169-thread-1] INFO  server.RaftServerConfigKeys (ConfUtils.java:logGet(43)) - raft.server.log.preallocated.size = 16384 (custom)
2019-09-18 11:34:32,045 [pool-169-thread-1] INFO  server.RaftServerConfigKeys (ConfUtils.java:logGet(43)) - raft.server.log.write.buffer.size = 33554432 (custom)
2019-09-18 11:34:32,048 [pool-169-thread-1] INFO  server.RaftServerConfigKeys (ConfUtils.java:logGet(43)) - raft.server.log.force.sync.num = 128 (default)
2019-09-18 11:34:32,051 [pool-169-thread-1] INFO  server.RaftServerConfigKeys (ConfUtils.java:logGet(43)) - raft.server.log.statemachine.data.sync = true (default)
2019-09-18 11:34:32,051 [pool-169-thread-1] INFO  server.RaftServerConfigKeys (ConfUtils.java:logGet(43)) - raft.server.log.statemachine.data.sync.timeout = 10s (default)
2019-09-18 11:34:32,051 [pool-169-thread-1] INFO  server.RaftServerConfigKeys (ConfUtils.java:logGet(43)) - raft.server.log.statemachine.data.sync.timeout.retry = -1 (default)
2019-09-18 11:34:32,051 [pool-169-thread-1] INFO  server.RaftServerConfigKeys (ConfUtils.java:logGet(43)) - raft.server.log.statemachine.data.caching.enabled = true (custom)
2019-09-18 11:34:32,051 [pool-169-thread-1] INFO  segmented.SegmentedRaftLogWorker (SegmentedRaftLogWorker.java:lambda$new$0(132)) - 9a3866a3-945c-43d9-ad49-28fa7f717e26@group-54BACA5574D0-SegmentedRaftLogWorker: flushIndex: setUnconditionally 0 -> -1
2019-09-18 11:34:32,052 [pool-169-thread-1] INFO  server.RaftServerConfigKeys (ConfUtils.java:logGet(43)) - raft.server.snapshot.auto.trigger.enabled = true (custom)
2019-09-18 11:34:32,052 [pool-169-thread-1] INFO  server.RaftServerConfigKeys (ConfUtils.java:logGet(43)) - raft.server.snapshot.auto.trigger.threshold = 10000 (custom)
2019-09-18 11:34:32,052 [pool-169-thread-1] INFO  server.RaftServerConfigKeys (ConfUtils.java:logGet(43)) - raft.server.snapshot.retention.num.files = 5 (custom)
2019-09-18 11:34:32,052 [pool-169-thread-1] INFO  server.RaftServerConfigKeys (ConfUtils.java:logGet(43)) - raft.server.retrycache.expirytime = 600000ms (custom)
2019-09-18 11:34:32,054 [pool-169-thread-1] INFO  impl.RaftServerImpl (RaftServerImpl.java:start(185)) - 9a3866a3-945c-43d9-ad49-28fa7f717e26@group-54BACA5574D0: start as a follower, conf=-1: [9a3866a3-945c-43d9-ad49-28fa7f717e26:192.168.157.254:46807], old=null
2019-09-18 11:34:32,054 [main] INFO  rpc.RpcClient (RpcClient.java:createVolume(302)) - Creating Volume: testblockoutputstreamwithretries, with jenkins1000 as owner.
2019-09-18 11:34:32,054 [pool-169-thread-1] INFO  impl.RaftServerImpl (RaftServerImpl.java:setRole(174)) - 9a3866a3-945c-43d9-ad49-28fa7f717e26@group-54BACA5574D0: changes role from      null to FOLLOWER at term 0 for startAsFollower
2019-09-18 11:34:32,054 [pool-169-thread-1] INFO  impl.RoleInfo (RoleInfo.java:updateAndGet(143)) - 9a3866a3-945c-43d9-ad49-28fa7f717e26: start FollowerState
2019-09-18 11:34:32,055 [pool-169-thread-1] INFO  util.JmxRegister (JmxRegister.java:tryRegister(44)) - Successfully registered JMX Bean with object name Ratis:service=RaftServer,group=group-54BACA5574D0,id=9a3866a3-945c-43d9-ad49-28fa7f717e26
2019-09-18 11:34:32,057 [IPC Server handler 1 on 43929] INFO  volume.OMVolumeCreateRequest (OMVolumeCreateRequest.java:validateAndUpdateCache(189)) - created volume:testblockoutputstreamwithretries for user:jenkins1000
2019-09-18 11:34:32,057 [RatisPipelineUtilsThread] INFO  pipeline.PipelineStateManager (PipelineStateManager.java:addPipeline(56)) - Created pipeline Pipeline[ Id: dab1574e-a355-4bfd-b8d2-54baca5574d0, Nodes: 9a3866a3-945c-43d9-ad49-28fa7f717e26{ip: 192.168.157.254, host: pr-hdds-2143-zjsjg-1178913, networkLocation: /default-rack, certSerialId: null}, Type:RATIS, Factor:ONE, State:OPEN]
2019-09-18 11:34:32,080 [grpc-default-executor-0] INFO  impl.RaftServerProxy (RaftServerProxy.java:addNew(89)) - 3731518f-4a75-41f7-a8ac-44e1efdde356: addNew group-7948702E5DAF:[3731518f-4a75-41f7-a8ac-44e1efdde356:192.168.157.254:38958] returns group-7948702E5DAF:java.util.concurrent.CompletableFuture@235f9cf4[Not completed]
2019-09-18 11:34:32,080 [main] INFO  rpc.RpcClient (RpcClient.java:createBucket(441)) - Creating Bucket: testblockoutputstreamwithretries/testblockoutputstreamwithretries, with Versioning false and Storage Type set to DISK and Encryption set to false 
2019-09-18 11:34:32,084 [pool-179-thread-1] INFO  impl.RaftServerImpl (RaftServerImpl.java:<init>(95)) - 3731518f-4a75-41f7-a8ac-44e1efdde356: new RaftServerImpl for group-7948702E5DAF:[3731518f-4a75-41f7-a8ac-44e1efdde356:192.168.157.254:38958] with ContainerStateMachine:uninitialized
2019-09-18 11:34:32,084 [pool-179-thread-1] INFO  server.RaftServerConfigKeys (ConfUtils.java:logGet(43)) - raft.server.rpc.timeout.min = 5s (custom)
2019-09-18 11:34:32,084 [pool-179-thread-1] INFO  server.RaftServerConfigKeys (ConfUtils.java:logGet(43)) - raft.server.rpc.timeout.max = 5200ms (custom)
2019-09-18 11:34:32,085 [pool-179-thread-1] INFO  server.RaftServerConfigKeys (ConfUtils.java:logGet(43)) - raft.server.rpcslowness.timeout = 120s (custom)
2019-09-18 11:34:32,085 [pool-179-thread-1] INFO  server.RaftServerConfigKeys (ConfUtils.java:logGet(43)) - raft.server.sleep.deviation.threshold = 300 (default)
2019-09-18 11:34:32,085 [pool-179-thread-1] INFO  server.RaftServerConfigKeys (ConfUtils.java:logGet(43)) - raft.server.log.appender.install.snapshot.enabled = false (custom)
2019-09-18 11:34:32,085 [pool-179-thread-1] INFO  impl.RaftServerImpl (ServerState.java:<init>(103)) - 3731518f-4a75-41f7-a8ac-44e1efdde356@group-7948702E5DAF: ConfigurationManager, init=-1: [3731518f-4a75-41f7-a8ac-44e1efdde356:192.168.157.254:38958], old=null, confs=<EMPTY_MAP>
2019-09-18 11:34:32,085 [pool-179-thread-1] INFO  server.RaftServerConfigKeys (ConfUtils.java:logGet(43)) - raft.server.storage.dir = [/workdir/hadoop-ozone/integration-test/target/test-dir/MiniOzoneClusterImpl-be355825-eaa2-435a-af82-14347805f592/datanode-6/data/ratis] (custom)
2019-09-18 11:34:32,087 [pool-179-thread-1] INFO  storage.RaftStorageDirectory (RaftStorageDirectory.java:analyzeStorage(246)) - The storage directory /workdir/hadoop-ozone/integration-test/target/test-dir/MiniOzoneClusterImpl-be355825-eaa2-435a-af82-14347805f592/datanode-6/data/ratis/2c83d5f4-2ffe-45f8-a716-7948702e5daf does not exist. Creating ...
2019-09-18 11:34:32,100 [pool-179-thread-1] INFO  storage.RaftStorageDirectory (RaftStorageDirectory.java:tryLock(328)) - Lock on /workdir/hadoop-ozone/integration-test/target/test-dir/MiniOzoneClusterImpl-be355825-eaa2-435a-af82-14347805f592/datanode-6/data/ratis/2c83d5f4-2ffe-45f8-a716-7948702e5daf/in_use.lock acquired by nodename 2161@pr-hdds-2143-zjsjg-1178913
2019-09-18 11:34:32,113 [pool-179-thread-1] INFO  storage.RaftStorage (RaftStorage.java:format(72)) - Storage directory /workdir/hadoop-ozone/integration-test/target/test-dir/MiniOzoneClusterImpl-be355825-eaa2-435a-af82-14347805f592/datanode-6/data/ratis/2c83d5f4-2ffe-45f8-a716-7948702e5daf has been successfully formatted.
2019-09-18 11:34:32,113 [pool-179-thread-1] INFO  ratis.ContainerStateMachine (ContainerStateMachine.java:loadSnapshot(230)) - group-7948702E5DAF: The snapshot info is null. Setting the last applied indexto:(t:0, i:~)
2019-09-18 11:34:32,113 [pool-179-thread-1] INFO  server.RaftServerConfigKeys (ConfUtils.java:logGet(43)) - raft.server.notification.no-leader.timeout = 120s (custom)
2019-09-18 11:34:32,113 [pool-179-thread-1] INFO  server.RaftServerConfigKeys (ConfUtils.java:logGet(43)) - raft.server.log.use.memory = false (default)
2019-09-18 11:34:32,113 [pool-179-thread-1] INFO  server.RaftServerConfigKeys (ConfUtils.java:logGet(43)) - raft.server.log.purge.gap = 1000000 (custom)
2019-09-18 11:34:32,113 [pool-179-thread-1] INFO  server.RaftServerConfigKeys (ConfUtils.java:logGet(43)) - raft.server.log.appender.buffer.byte-limit = 33554432 (custom)
2019-09-18 11:34:32,114 [pool-179-thread-1] INFO  server.RaftServerConfigKeys (ConfUtils.java:logGet(43)) - raft.server.log.segment.size.max = 1048576 (custom)
2019-09-18 11:34:32,114 [pool-179-thread-1] INFO  server.RaftServerConfigKeys (ConfUtils.java:logGet(43)) - raft.server.log.segment.cache.num.max = 2 (custom)
2019-09-18 11:34:32,114 [pool-179-thread-1] INFO  segmented.SegmentedRaftLogWorker (SegmentedRaftLogWorker.java:<init>(172)) - new 3731518f-4a75-41f7-a8ac-44e1efdde356@group-7948702E5DAF-SegmentedRaftLogWorker for RaftStorage:Storage Directory /workdir/hadoop-ozone/integration-test/target/test-dir/MiniOzoneClusterImpl-be355825-eaa2-435a-af82-14347805f592/datanode-6/data/ratis/2c83d5f4-2ffe-45f8-a716-7948702e5daf
2019-09-18 11:34:32,116 [pool-179-thread-1] INFO  server.RaftServerConfigKeys (ConfUtils.java:logGet(43)) - raft.server.log.queue.byte-limit = 2147483647 (custom)
2019-09-18 11:34:32,116 [pool-179-thread-1] INFO  server.RaftServerConfigKeys (ConfUtils.java:logGet(43)) - raft.server.log.queue.element-limit = 1024 (custom)
2019-09-18 11:34:32,116 [pool-179-thread-1] INFO  server.RaftServerConfigKeys (ConfUtils.java:logGet(43)) - raft.server.log.segment.size.max = 1048576 (custom)
2019-09-18 11:34:32,117 [pool-179-thread-1] INFO  server.RaftServerConfigKeys (ConfUtils.java:logGet(43)) - raft.server.log.preallocated.size = 16384 (custom)
2019-09-18 11:34:32,117 [pool-179-thread-1] INFO  server.RaftServerConfigKeys (ConfUtils.java:logGet(43)) - raft.server.log.write.buffer.size = 33554432 (custom)
2019-09-18 11:34:32,117 [pool-179-thread-1] INFO  server.RaftServerConfigKeys (ConfUtils.java:logGet(43)) - raft.server.log.force.sync.num = 128 (default)
2019-09-18 11:34:32,117 [pool-179-thread-1] INFO  server.RaftServerConfigKeys (ConfUtils.java:logGet(43)) - raft.server.log.statemachine.data.sync = true (default)
2019-09-18 11:34:32,117 [pool-179-thread-1] INFO  server.RaftServerConfigKeys (ConfUtils.java:logGet(43)) - raft.server.log.statemachine.data.sync.timeout = 10s (default)
2019-09-18 11:34:32,117 [pool-179-thread-1] INFO  server.RaftServerConfigKeys (ConfUtils.java:logGet(43)) - raft.server.log.statemachine.data.sync.timeout.retry = -1 (default)
2019-09-18 11:34:32,118 [pool-179-thread-1] INFO  server.RaftServerConfigKeys (ConfUtils.java:logGet(43)) - raft.server.log.statemachine.data.caching.enabled = true (custom)
2019-09-18 11:34:32,118 [pool-179-thread-1] INFO  segmented.SegmentedRaftLogWorker (SegmentedRaftLogWorker.java:lambda$new$0(132)) - 3731518f-4a75-41f7-a8ac-44e1efdde356@group-7948702E5DAF-SegmentedRaftLogWorker: flushIndex: setUnconditionally 0 -> -1
2019-09-18 11:34:32,118 [pool-179-thread-1] INFO  server.RaftServerConfigKeys (ConfUtils.java:logGet(43)) - raft.server.snapshot.auto.trigger.enabled = true (custom)
2019-09-18 11:34:32,118 [pool-179-thread-1] INFO  server.RaftServerConfigKeys (ConfUtils.java:logGet(43)) - raft.server.snapshot.auto.trigger.threshold = 10000 (custom)
2019-09-18 11:34:32,118 [pool-179-thread-1] INFO  server.RaftServerConfigKeys (ConfUtils.java:logGet(43)) - raft.server.snapshot.retention.num.files = 5 (custom)
2019-09-18 11:34:32,119 [pool-179-thread-1] INFO  server.RaftServerConfigKeys (ConfUtils.java:logGet(43)) - raft.server.retrycache.expirytime = 600000ms (custom)
2019-09-18 11:34:32,121 [pool-179-thread-1] INFO  impl.RaftServerImpl (RaftServerImpl.java:start(185)) - 3731518f-4a75-41f7-a8ac-44e1efdde356@group-7948702E5DAF: start as a follower, conf=-1: [3731518f-4a75-41f7-a8ac-44e1efdde356:192.168.157.254:38958], old=null
2019-09-18 11:34:32,121 [pool-179-thread-1] INFO  impl.RaftServerImpl (RaftServerImpl.java:setRole(174)) - 3731518f-4a75-41f7-a8ac-44e1efdde356@group-7948702E5DAF: changes role from      null to FOLLOWER at term 0 for startAsFollower
2019-09-18 11:34:32,121 [pool-179-thread-1] INFO  impl.RoleInfo (RoleInfo.java:updateAndGet(143)) - 3731518f-4a75-41f7-a8ac-44e1efdde356: start FollowerState
2019-09-18 11:34:32,121 [pool-179-thread-1] INFO  util.JmxRegister (JmxRegister.java:tryRegister(44)) - Successfully registered JMX Bean with object name Ratis:service=RaftServer,group=group-7948702E5DAF,id=3731518f-4a75-41f7-a8ac-44e1efdde356
2019-09-18 11:34:32,124 [RatisPipelineUtilsThread] INFO  pipeline.PipelineStateManager (PipelineStateManager.java:addPipeline(56)) - Created pipeline Pipeline[ Id: 2c83d5f4-2ffe-45f8-a716-7948702e5daf, Nodes: 3731518f-4a75-41f7-a8ac-44e1efdde356{ip: 192.168.157.254, host: pr-hdds-2143-zjsjg-1178913, networkLocation: /default-rack, certSerialId: null}, Type:RATIS, Factor:ONE, State:OPEN]
2019-09-18 11:34:32,135 [grpc-default-executor-2] INFO  impl.RaftServerProxy (RaftServerProxy.java:addNew(89)) - 9a3866a3-945c-43d9-ad49-28fa7f717e26: addNew group-1140C455E42D:[9a3866a3-945c-43d9-ad49-28fa7f717e26:192.168.157.254:46807, f23e4d0b-fd16-4e36-87f9-2fb30e2de0f1:192.168.157.254:39244, 3731518f-4a75-41f7-a8ac-44e1efdde356:192.168.157.254:38958] returns group-1140C455E42D:java.util.concurrent.CompletableFuture@3805724[Not completed]
2019-09-18 11:34:32,135 [grpc-default-executor-1] INFO  impl.RaftServerProxy (RaftServerProxy.java:addNew(89)) - f23e4d0b-fd16-4e36-87f9-2fb30e2de0f1: addNew group-1140C455E42D:[9a3866a3-945c-43d9-ad49-28fa7f717e26:192.168.157.254:46807, f23e4d0b-fd16-4e36-87f9-2fb30e2de0f1:192.168.157.254:39244, 3731518f-4a75-41f7-a8ac-44e1efdde356:192.168.157.254:38958] returns group-1140C455E42D:java.util.concurrent.CompletableFuture@573ac5d9[Not completed]
2019-09-18 11:34:32,136 [grpc-default-executor-0] INFO  impl.RaftServerProxy (RaftServerProxy.java:addNew(89)) - 3731518f-4a75-41f7-a8ac-44e1efdde356: addNew group-1140C455E42D:[9a3866a3-945c-43d9-ad49-28fa7f717e26:192.168.157.254:46807, f23e4d0b-fd16-4e36-87f9-2fb30e2de0f1:192.168.157.254:39244, 3731518f-4a75-41f7-a8ac-44e1efdde356:192.168.157.254:38958] returns group-1140C455E42D:java.util.concurrent.CompletableFuture@47973079[Not completed]
2019-09-18 11:34:32,137 [pool-169-thread-1] INFO  impl.RaftServerImpl (RaftServerImpl.java:<init>(95)) - 9a3866a3-945c-43d9-ad49-28fa7f717e26: new RaftServerImpl for group-1140C455E42D:[9a3866a3-945c-43d9-ad49-28fa7f717e26:192.168.157.254:46807, f23e4d0b-fd16-4e36-87f9-2fb30e2de0f1:192.168.157.254:39244, 3731518f-4a75-41f7-a8ac-44e1efdde356:192.168.157.254:38958] with ContainerStateMachine:uninitialized
2019-09-18 11:34:32,137 [pool-169-thread-1] INFO  server.RaftServerConfigKeys (ConfUtils.java:logGet(43)) - raft.server.rpc.timeout.min = 5s (custom)
2019-09-18 11:34:32,137 [pool-169-thread-1] INFO  server.RaftServerConfigKeys (ConfUtils.java:logGet(43)) - raft.server.rpc.timeout.max = 5200ms (custom)
2019-09-18 11:34:32,137 [pool-169-thread-1] INFO  server.RaftServerConfigKeys (ConfUtils.java:logGet(43)) - raft.server.rpcslowness.timeout = 120s (custom)
2019-09-18 11:34:32,138 [pool-179-thread-1] INFO  impl.RaftServerImpl (RaftServerImpl.java:<init>(95)) - 3731518f-4a75-41f7-a8ac-44e1efdde356: new RaftServerImpl for group-1140C455E42D:[9a3866a3-945c-43d9-ad49-28fa7f717e26:192.168.157.254:46807, f23e4d0b-fd16-4e36-87f9-2fb30e2de0f1:192.168.157.254:39244, 3731518f-4a75-41f7-a8ac-44e1efdde356:192.168.157.254:38958] with ContainerStateMachine:uninitialized
2019-09-18 11:34:32,138 [pool-169-thread-1] INFO  server.RaftServerConfigKeys (ConfUtils.java:logGet(43)) - raft.server.sleep.deviation.threshold = 300 (default)
2019-09-18 11:34:32,138 [pool-179-thread-1] INFO  server.RaftServerConfigKeys (ConfUtils.java:logGet(43)) - raft.server.rpc.timeout.min = 5s (custom)
2019-09-18 11:34:32,138 [pool-169-thread-1] INFO  server.RaftServerConfigKeys (ConfUtils.java:logGet(43)) - raft.server.log.appender.install.snapshot.enabled = false (custom)
2019-09-18 11:34:32,138 [pool-179-thread-1] INFO  server.RaftServerConfigKeys (ConfUtils.java:logGet(43)) - raft.server.rpc.timeout.max = 5200ms (custom)
2019-09-18 11:34:32,138 [pool-169-thread-1] INFO  impl.RaftServerImpl (ServerState.java:<init>(103)) - 9a3866a3-945c-43d9-ad49-28fa7f717e26@group-1140C455E42D: ConfigurationManager, init=-1: [9a3866a3-945c-43d9-ad49-28fa7f717e26:192.168.157.254:46807, f23e4d0b-fd16-4e36-87f9-2fb30e2de0f1:192.168.157.254:39244, 3731518f-4a75-41f7-a8ac-44e1efdde356:192.168.157.254:38958], old=null, confs=<EMPTY_MAP>
2019-09-18 11:34:32,138 [pool-179-thread-1] INFO  server.RaftServerConfigKeys (ConfUtils.java:logGet(43)) - raft.server.rpcslowness.timeout = 120s (custom)
2019-09-18 11:34:32,138 [pool-149-thread-1] INFO  impl.RaftServerImpl (RaftServerImpl.java:<init>(95)) - f23e4d0b-fd16-4e36-87f9-2fb30e2de0f1: new RaftServerImpl for group-1140C455E42D:[9a3866a3-945c-43d9-ad49-28fa7f717e26:192.168.157.254:46807, f23e4d0b-fd16-4e36-87f9-2fb30e2de0f1:192.168.157.254:39244, 3731518f-4a75-41f7-a8ac-44e1efdde356:192.168.157.254:38958] with ContainerStateMachine:uninitialized
2019-09-18 11:34:32,139 [pool-179-thread-1] INFO  server.RaftServerConfigKeys (ConfUtils.java:logGet(43)) - raft.server.sleep.deviation.threshold = 300 (default)
2019-09-18 11:34:32,139 [pool-169-thread-1] INFO  server.RaftServerConfigKeys (ConfUtils.java:logGet(43)) - raft.server.storage.dir = [/workdir/hadoop-ozone/integration-test/target/test-dir/MiniOzoneClusterImpl-be355825-eaa2-435a-af82-14347805f592/datanode-5/data/ratis] (custom)
2019-09-18 11:34:32,139 [pool-179-thread-1] INFO  server.RaftServerConfigKeys (ConfUtils.java:logGet(43)) - raft.server.log.appender.install.snapshot.enabled = false (custom)
2019-09-18 11:34:32,139 [pool-149-thread-1] INFO  server.RaftServerConfigKeys (ConfUtils.java:logGet(43)) - raft.server.rpc.timeout.min = 5s (custom)
2019-09-18 11:34:32,139 [pool-169-thread-1] INFO  storage.RaftStorageDirectory (RaftStorageDirectory.java:analyzeStorage(246)) - The storage directory /workdir/hadoop-ozone/integration-test/target/test-dir/MiniOzoneClusterImpl-be355825-eaa2-435a-af82-14347805f592/datanode-5/data/ratis/2c76fec6-3ae7-49f1-86d4-1140c455e42d does not exist. Creating ...
2019-09-18 11:34:32,139 [pool-179-thread-1] INFO  impl.RaftServerImpl (ServerState.java:<init>(103)) - 3731518f-4a75-41f7-a8ac-44e1efdde356@group-1140C455E42D: ConfigurationManager, init=-1: [9a3866a3-945c-43d9-ad49-28fa7f717e26:192.168.157.254:46807, f23e4d0b-fd16-4e36-87f9-2fb30e2de0f1:192.168.157.254:39244, 3731518f-4a75-41f7-a8ac-44e1efdde356:192.168.157.254:38958], old=null, confs=<EMPTY_MAP>
2019-09-18 11:34:32,139 [pool-149-thread-1] INFO  server.RaftServerConfigKeys (ConfUtils.java:logGet(43)) - raft.server.rpc.timeout.max = 5200ms (custom)
2019-09-18 11:34:32,140 [pool-179-thread-1] INFO  server.RaftServerConfigKeys (ConfUtils.java:logGet(43)) - raft.server.storage.dir = [/workdir/hadoop-ozone/integration-test/target/test-dir/MiniOzoneClusterImpl-be355825-eaa2-435a-af82-14347805f592/datanode-6/data/ratis] (custom)
2019-09-18 11:34:32,140 [pool-149-thread-1] INFO  server.RaftServerConfigKeys (ConfUtils.java:logGet(43)) - raft.server.rpcslowness.timeout = 120s (custom)
2019-09-18 11:34:32,140 [pool-149-thread-1] INFO  server.RaftServerConfigKeys (ConfUtils.java:logGet(43)) - raft.server.sleep.deviation.threshold = 300 (default)
2019-09-18 11:34:32,140 [pool-179-thread-1] INFO  storage.RaftStorageDirectory (RaftStorageDirectory.java:analyzeStorage(246)) - The storage directory /workdir/hadoop-ozone/integration-test/target/test-dir/MiniOzoneClusterImpl-be355825-eaa2-435a-af82-14347805f592/datanode-6/data/ratis/2c76fec6-3ae7-49f1-86d4-1140c455e42d does not exist. Creating ...
2019-09-18 11:34:32,140 [pool-149-thread-1] INFO  server.RaftServerConfigKeys (ConfUtils.java:logGet(43)) - raft.server.log.appender.install.snapshot.enabled = false (custom)
2019-09-18 11:34:32,140 [pool-149-thread-1] INFO  impl.RaftServerImpl (ServerState.java:<init>(103)) - f23e4d0b-fd16-4e36-87f9-2fb30e2de0f1@group-1140C455E42D: ConfigurationManager, init=-1: [9a3866a3-945c-43d9-ad49-28fa7f717e26:192.168.157.254:46807, f23e4d0b-fd16-4e36-87f9-2fb30e2de0f1:192.168.157.254:39244, 3731518f-4a75-41f7-a8ac-44e1efdde356:192.168.157.254:38958], old=null, confs=<EMPTY_MAP>
2019-09-18 11:34:32,140 [pool-149-thread-1] INFO  server.RaftServerConfigKeys (ConfUtils.java:logGet(43)) - raft.server.storage.dir = [/workdir/hadoop-ozone/integration-test/target/test-dir/MiniOzoneClusterImpl-be355825-eaa2-435a-af82-14347805f592/datanode-3/data/ratis] (custom)
2019-09-18 11:34:32,141 [pool-149-thread-1] INFO  storage.RaftStorageDirectory (RaftStorageDirectory.java:analyzeStorage(246)) - The storage directory /workdir/hadoop-ozone/integration-test/target/test-dir/MiniOzoneClusterImpl-be355825-eaa2-435a-af82-14347805f592/datanode-3/data/ratis/2c76fec6-3ae7-49f1-86d4-1140c455e42d does not exist. Creating ...
2019-09-18 11:34:32,153 [pool-149-thread-1] INFO  storage.RaftStorageDirectory (RaftStorageDirectory.java:tryLock(328)) - Lock on /workdir/hadoop-ozone/integration-test/target/test-dir/MiniOzoneClusterImpl-be355825-eaa2-435a-af82-14347805f592/datanode-3/data/ratis/2c76fec6-3ae7-49f1-86d4-1140c455e42d/in_use.lock acquired by nodename 2161@pr-hdds-2143-zjsjg-1178913
2019-09-18 11:34:32,153 [pool-179-thread-1] INFO  storage.RaftStorageDirectory (RaftStorageDirectory.java:tryLock(328)) - Lock on /workdir/hadoop-ozone/integration-test/target/test-dir/MiniOzoneClusterImpl-be355825-eaa2-435a-af82-14347805f592/datanode-6/data/ratis/2c76fec6-3ae7-49f1-86d4-1140c455e42d/in_use.lock acquired by nodename 2161@pr-hdds-2143-zjsjg-1178913
2019-09-18 11:34:32,153 [pool-169-thread-1] INFO  storage.RaftStorageDirectory (RaftStorageDirectory.java:tryLock(328)) - Lock on /workdir/hadoop-ozone/integration-test/target/test-dir/MiniOzoneClusterImpl-be355825-eaa2-435a-af82-14347805f592/datanode-5/data/ratis/2c76fec6-3ae7-49f1-86d4-1140c455e42d/in_use.lock acquired by nodename 2161@pr-hdds-2143-zjsjg-1178913
2019-09-18 11:34:32,166 [pool-169-thread-1] INFO  storage.RaftStorage (RaftStorage.java:format(72)) - Storage directory /workdir/hadoop-ozone/integration-test/target/test-dir/MiniOzoneClusterImpl-be355825-eaa2-435a-af82-14347805f592/datanode-5/data/ratis/2c76fec6-3ae7-49f1-86d4-1140c455e42d has been successfully formatted.
2019-09-18 11:34:32,166 [pool-149-thread-1] INFO  storage.RaftStorage (RaftStorage.java:format(72)) - Storage directory /workdir/hadoop-ozone/integration-test/target/test-dir/MiniOzoneClusterImpl-be355825-eaa2-435a-af82-14347805f592/datanode-3/data/ratis/2c76fec6-3ae7-49f1-86d4-1140c455e42d has been successfully formatted.
2019-09-18 11:34:32,167 [pool-169-thread-1] INFO  ratis.ContainerStateMachine (ContainerStateMachine.java:loadSnapshot(230)) - group-1140C455E42D: The snapshot info is null. Setting the last applied indexto:(t:0, i:~)
2019-09-18 11:34:32,166 [pool-179-thread-1] INFO  storage.RaftStorage (RaftStorage.java:format(72)) - Storage directory /workdir/hadoop-ozone/integration-test/target/test-dir/MiniOzoneClusterImpl-be355825-eaa2-435a-af82-14347805f592/datanode-6/data/ratis/2c76fec6-3ae7-49f1-86d4-1140c455e42d has been successfully formatted.
2019-09-18 11:34:32,167 [pool-169-thread-1] INFO  server.RaftServerConfigKeys (ConfUtils.java:logGet(43)) - raft.server.notification.no-leader.timeout = 120s (custom)
2019-09-18 11:34:32,167 [pool-179-thread-1] INFO  ratis.ContainerStateMachine (ContainerStateMachine.java:loadSnapshot(230)) - group-1140C455E42D: The snapshot info is null. Setting the last applied indexto:(t:0, i:~)
2019-09-18 11:34:32,167 [pool-149-thread-1] INFO  ratis.ContainerStateMachine (ContainerStateMachine.java:loadSnapshot(230)) - group-1140C455E42D: The snapshot info is null. Setting the last applied indexto:(t:0, i:~)
2019-09-18 11:34:32,167 [pool-179-thread-1] INFO  server.RaftServerConfigKeys (ConfUtils.java:logGet(43)) - raft.server.notification.no-leader.timeout = 120s (custom)
2019-09-18 11:34:32,167 [pool-169-thread-1] INFO  server.RaftServerConfigKeys (ConfUtils.java:logGet(43)) - raft.server.log.use.memory = false (default)
2019-09-18 11:34:32,167 [pool-179-thread-1] INFO  server.RaftServerConfigKeys (ConfUtils.java:logGet(43)) - raft.server.log.use.memory = false (default)
2019-09-18 11:34:32,167 [pool-149-thread-1] INFO  server.RaftServerConfigKeys (ConfUtils.java:logGet(43)) - raft.server.notification.no-leader.timeout = 120s (custom)
2019-09-18 11:34:32,168 [pool-179-thread-1] INFO  server.RaftServerConfigKeys (ConfUtils.java:logGet(43)) - raft.server.log.purge.gap = 1000000 (custom)
2019-09-18 11:34:32,168 [pool-169-thread-1] INFO  server.RaftServerConfigKeys (ConfUtils.java:logGet(43)) - raft.server.log.purge.gap = 1000000 (custom)
2019-09-18 11:34:32,168 [pool-179-thread-1] INFO  server.RaftServerConfigKeys (ConfUtils.java:logGet(43)) - raft.server.log.appender.buffer.byte-limit = 33554432 (custom)
2019-09-18 11:34:32,168 [pool-149-thread-1] INFO  server.RaftServerConfigKeys (ConfUtils.java:logGet(43)) - raft.server.log.use.memory = false (default)
2019-09-18 11:34:32,168 [pool-179-thread-1] INFO  server.RaftServerConfigKeys (ConfUtils.java:logGet(43)) - raft.server.log.segment.size.max = 1048576 (custom)
2019-09-18 11:34:32,168 [pool-169-thread-1] INFO  server.RaftServerConfigKeys (ConfUtils.java:logGet(43)) - raft.server.log.appender.buffer.byte-limit = 33554432 (custom)
2019-09-18 11:34:32,168 [pool-179-thread-1] INFO  server.RaftServerConfigKeys (ConfUtils.java:logGet(43)) - raft.server.log.segment.cache.num.max = 2 (custom)
2019-09-18 11:34:32,168 [pool-149-thread-1] INFO  server.RaftServerConfigKeys (ConfUtils.java:logGet(43)) - raft.server.log.purge.gap = 1000000 (custom)
2019-09-18 11:34:32,169 [pool-179-thread-1] INFO  segmented.SegmentedRaftLogWorker (SegmentedRaftLogWorker.java:<init>(172)) - new 3731518f-4a75-41f7-a8ac-44e1efdde356@group-1140C455E42D-SegmentedRaftLogWorker for RaftStorage:Storage Directory /workdir/hadoop-ozone/integration-test/target/test-dir/MiniOzoneClusterImpl-be355825-eaa2-435a-af82-14347805f592/datanode-6/data/ratis/2c76fec6-3ae7-49f1-86d4-1140c455e42d
2019-09-18 11:34:32,169 [pool-169-thread-1] INFO  server.RaftServerConfigKeys (ConfUtils.java:logGet(43)) - raft.server.log.segment.size.max = 1048576 (custom)
2019-09-18 11:34:32,169 [pool-179-thread-1] INFO  server.RaftServerConfigKeys (ConfUtils.java:logGet(43)) - raft.server.log.queue.byte-limit = 2147483647 (custom)
2019-09-18 11:34:32,169 [pool-149-thread-1] INFO  server.RaftServerConfigKeys (ConfUtils.java:logGet(43)) - raft.server.log.appender.buffer.byte-limit = 33554432 (custom)
2019-09-18 11:34:32,169 [pool-179-thread-1] INFO  server.RaftServerConfigKeys (ConfUtils.java:logGet(43)) - raft.server.log.queue.element-limit = 1024 (custom)
2019-09-18 11:34:32,169 [pool-169-thread-1] INFO  server.RaftServerConfigKeys (ConfUtils.java:logGet(43)) - raft.server.log.segment.cache.num.max = 2 (custom)
2019-09-18 11:34:32,169 [pool-179-thread-1] INFO  server.RaftServerConfigKeys (ConfUtils.java:logGet(43)) - raft.server.log.segment.size.max = 1048576 (custom)
2019-09-18 11:34:32,170 [pool-179-thread-1] INFO  server.RaftServerConfigKeys (ConfUtils.java:logGet(43)) - raft.server.log.preallocated.size = 16384 (custom)
2019-09-18 11:34:32,169 [pool-149-thread-1] INFO  server.RaftServerConfigKeys (ConfUtils.java:logGet(43)) - raft.server.log.segment.size.max = 1048576 (custom)
2019-09-18 11:34:32,170 [pool-179-thread-1] INFO  server.RaftServerConfigKeys (ConfUtils.java:logGet(43)) - raft.server.log.write.buffer.size = 33554432 (custom)
2019-09-18 11:34:32,169 [pool-169-thread-1] INFO  segmented.SegmentedRaftLogWorker (SegmentedRaftLogWorker.java:<init>(172)) - new 9a3866a3-945c-43d9-ad49-28fa7f717e26@group-1140C455E42D-SegmentedRaftLogWorker for RaftStorage:Storage Directory /workdir/hadoop-ozone/integration-test/target/test-dir/MiniOzoneClusterImpl-be355825-eaa2-435a-af82-14347805f592/datanode-5/data/ratis/2c76fec6-3ae7-49f1-86d4-1140c455e42d
2019-09-18 11:34:32,170 [pool-179-thread-1] INFO  server.RaftServerConfigKeys (ConfUtils.java:logGet(43)) - raft.server.log.force.sync.num = 128 (default)
2019-09-18 11:34:32,170 [pool-149-thread-1] INFO  server.RaftServerConfigKeys (ConfUtils.java:logGet(43)) - raft.server.log.segment.cache.num.max = 2 (custom)
2019-09-18 11:34:32,170 [pool-179-thread-1] INFO  server.RaftServerConfigKeys (ConfUtils.java:logGet(43)) - raft.server.log.statemachine.data.sync = true (default)
2019-09-18 11:34:32,170 [pool-169-thread-1] INFO  server.RaftServerConfigKeys (ConfUtils.java:logGet(43)) - raft.server.log.queue.byte-limit = 2147483647 (custom)
2019-09-18 11:34:32,170 [pool-179-thread-1] INFO  server.RaftServerConfigKeys (ConfUtils.java:logGet(43)) - raft.server.log.statemachine.data.sync.timeout = 10s (default)
2019-09-18 11:34:32,170 [pool-149-thread-1] INFO  segmented.SegmentedRaftLogWorker (SegmentedRaftLogWorker.java:<init>(172)) - new f23e4d0b-fd16-4e36-87f9-2fb30e2de0f1@group-1140C455E42D-SegmentedRaftLogWorker for RaftStorage:Storage Directory /workdir/hadoop-ozone/integration-test/target/test-dir/MiniOzoneClusterImpl-be355825-eaa2-435a-af82-14347805f592/datanode-3/data/ratis/2c76fec6-3ae7-49f1-86d4-1140c455e42d
2019-09-18 11:34:32,171 [pool-179-thread-1] INFO  server.RaftServerConfigKeys (ConfUtils.java:logGet(43)) - raft.server.log.statemachine.data.sync.timeout.retry = -1 (default)
2019-09-18 11:34:32,171 [pool-169-thread-1] INFO  server.RaftServerConfigKeys (ConfUtils.java:logGet(43)) - raft.server.log.queue.element-limit = 1024 (custom)
2019-09-18 11:34:32,171 [pool-179-thread-1] INFO  server.RaftServerConfigKeys (ConfUtils.java:logGet(43)) - raft.server.log.statemachine.data.caching.enabled = true (custom)
2019-09-18 11:34:32,171 [pool-149-thread-1] INFO  server.RaftServerConfigKeys (ConfUtils.java:logGet(43)) - raft.server.log.queue.byte-limit = 2147483647 (custom)
2019-09-18 11:34:32,171 [pool-169-thread-1] INFO  server.RaftServerConfigKeys (ConfUtils.java:logGet(43)) - raft.server.log.segment.size.max = 1048576 (custom)
2019-09-18 11:34:32,171 [pool-149-thread-1] INFO  server.RaftServerConfigKeys (ConfUtils.java:logGet(43)) - raft.server.log.queue.element-limit = 1024 (custom)
2019-09-18 11:34:32,171 [pool-179-thread-1] INFO  segmented.SegmentedRaftLogWorker (SegmentedRaftLogWorker.java:lambda$new$0(132)) - 3731518f-4a75-41f7-a8ac-44e1efdde356@group-1140C455E42D-SegmentedRaftLogWorker: flushIndex: setUnconditionally 0 -> -1
2019-09-18 11:34:32,172 [pool-149-thread-1] INFO  server.RaftServerConfigKeys (ConfUtils.java:logGet(43)) - raft.server.log.segment.size.max = 1048576 (custom)
2019-09-18 11:34:32,171 [pool-169-thread-1] INFO  server.RaftServerConfigKeys (ConfUtils.java:logGet(43)) - raft.server.log.preallocated.size = 16384 (custom)
2019-09-18 11:34:32,172 [pool-149-thread-1] INFO  server.RaftServerConfigKeys (ConfUtils.java:logGet(43)) - raft.server.log.preallocated.size = 16384 (custom)
2019-09-18 11:34:32,172 [pool-179-thread-1] INFO  server.RaftServerConfigKeys (ConfUtils.java:logGet(43)) - raft.server.snapshot.auto.trigger.enabled = true (custom)
2019-09-18 11:34:32,172 [pool-169-thread-1] INFO  server.RaftServerConfigKeys (ConfUtils.java:logGet(43)) - raft.server.log.write.buffer.size = 33554432 (custom)
2019-09-18 11:34:32,172 [pool-179-thread-1] INFO  server.RaftServerConfigKeys (ConfUtils.java:logGet(43)) - raft.server.snapshot.auto.trigger.threshold = 10000 (custom)
2019-09-18 11:34:32,172 [pool-149-thread-1] INFO  server.RaftServerConfigKeys (ConfUtils.java:logGet(43)) - raft.server.log.write.buffer.size = 33554432 (custom)
2019-09-18 11:34:32,172 [pool-179-thread-1] INFO  server.RaftServerConfigKeys (ConfUtils.java:logGet(43)) - raft.server.snapshot.retention.num.files = 5 (custom)
2019-09-18 11:34:32,172 [pool-169-thread-1] INFO  server.RaftServerConfigKeys (ConfUtils.java:logGet(43)) - raft.server.log.force.sync.num = 128 (default)
2019-09-18 11:34:32,173 [pool-179-thread-1] INFO  server.RaftServerConfigKeys (ConfUtils.java:logGet(43)) - raft.server.retrycache.expirytime = 600000ms (custom)
2019-09-18 11:34:32,173 [pool-149-thread-1] INFO  server.RaftServerConfigKeys (ConfUtils.java:logGet(43)) - raft.server.log.force.sync.num = 128 (default)
2019-09-18 11:34:32,173 [pool-169-thread-1] INFO  server.RaftServerConfigKeys (ConfUtils.java:logGet(43)) - raft.server.log.statemachine.data.sync = true (default)
2019-09-18 11:34:32,173 [pool-149-thread-1] INFO  server.RaftServerConfigKeys (ConfUtils.java:logGet(43)) - raft.server.log.statemachine.data.sync = true (default)
2019-09-18 11:34:32,173 [pool-169-thread-1] INFO  server.RaftServerConfigKeys (ConfUtils.java:logGet(43)) - raft.server.log.statemachine.data.sync.timeout = 10s (default)
2019-09-18 11:34:32,173 [pool-149-thread-1] INFO  server.RaftServerConfigKeys (ConfUtils.java:logGet(43)) - raft.server.log.statemachine.data.sync.timeout = 10s (default)
2019-09-18 11:34:32,174 [pool-169-thread-1] INFO  server.RaftServerConfigKeys (ConfUtils.java:logGet(43)) - raft.server.log.statemachine.data.sync.timeout.retry = -1 (default)
2019-09-18 11:34:32,174 [pool-149-thread-1] INFO  server.RaftServerConfigKeys (ConfUtils.java:logGet(43)) - raft.server.log.statemachine.data.sync.timeout.retry = -1 (default)
2019-09-18 11:34:32,174 [pool-169-thread-1] INFO  server.RaftServerConfigKeys (ConfUtils.java:logGet(43)) - raft.server.log.statemachine.data.caching.enabled = true (custom)
2019-09-18 11:34:32,174 [pool-149-thread-1] INFO  server.RaftServerConfigKeys (ConfUtils.java:logGet(43)) - raft.server.log.statemachine.data.caching.enabled = true (custom)
2019-09-18 11:34:32,174 [pool-169-thread-1] INFO  segmented.SegmentedRaftLogWorker (SegmentedRaftLogWorker.java:lambda$new$0(132)) - 9a3866a3-945c-43d9-ad49-28fa7f717e26@group-1140C455E42D-SegmentedRaftLogWorker: flushIndex: setUnconditionally 0 -> -1
2019-09-18 11:34:32,175 [pool-149-thread-1] INFO  segmented.SegmentedRaftLogWorker (SegmentedRaftLogWorker.java:lambda$new$0(132)) - f23e4d0b-fd16-4e36-87f9-2fb30e2de0f1@group-1140C455E42D-SegmentedRaftLogWorker: flushIndex: setUnconditionally 0 -> -1
2019-09-18 11:34:32,175 [pool-169-thread-1] INFO  server.RaftServerConfigKeys (ConfUtils.java:logGet(43)) - raft.server.snapshot.auto.trigger.enabled = true (custom)
2019-09-18 11:34:32,175 [pool-149-thread-1] INFO  server.RaftServerConfigKeys (ConfUtils.java:logGet(43)) - raft.server.snapshot.auto.trigger.enabled = true (custom)
2019-09-18 11:34:32,175 [pool-169-thread-1] INFO  server.RaftServerConfigKeys (ConfUtils.java:logGet(43)) - raft.server.snapshot.auto.trigger.threshold = 10000 (custom)
2019-09-18 11:34:32,175 [pool-149-thread-1] INFO  server.RaftServerConfigKeys (ConfUtils.java:logGet(43)) - raft.server.snapshot.auto.trigger.threshold = 10000 (custom)
2019-09-18 11:34:32,175 [pool-169-thread-1] INFO  server.RaftServerConfigKeys (ConfUtils.java:logGet(43)) - raft.server.snapshot.retention.num.files = 5 (custom)
2019-09-18 11:34:32,175 [pool-149-thread-1] INFO  server.RaftServerConfigKeys (ConfUtils.java:logGet(43)) - raft.server.snapshot.retention.num.files = 5 (custom)
2019-09-18 11:34:32,176 [pool-169-thread-1] INFO  server.RaftServerConfigKeys (ConfUtils.java:logGet(43)) - raft.server.retrycache.expirytime = 600000ms (custom)
2019-09-18 11:34:32,176 [pool-149-thread-1] INFO  server.RaftServerConfigKeys (ConfUtils.java:logGet(43)) - raft.server.retrycache.expirytime = 600000ms (custom)
2019-09-18 11:34:32,176 [pool-179-thread-1] INFO  impl.RaftServerImpl (RaftServerImpl.java:start(185)) - 3731518f-4a75-41f7-a8ac-44e1efdde356@group-1140C455E42D: start as a follower, conf=-1: [9a3866a3-945c-43d9-ad49-28fa7f717e26:192.168.157.254:46807, f23e4d0b-fd16-4e36-87f9-2fb30e2de0f1:192.168.157.254:39244, 3731518f-4a75-41f7-a8ac-44e1efdde356:192.168.157.254:38958], old=null
2019-09-18 11:34:32,177 [pool-179-thread-1] INFO  impl.RaftServerImpl (RaftServerImpl.java:setRole(174)) - 3731518f-4a75-41f7-a8ac-44e1efdde356@group-1140C455E42D: changes role from      null to FOLLOWER at term 0 for startAsFollower
2019-09-18 11:34:32,177 [pool-179-thread-1] INFO  impl.RoleInfo (RoleInfo.java:updateAndGet(143)) - 3731518f-4a75-41f7-a8ac-44e1efdde356: start FollowerState
2019-09-18 11:34:32,177 [pool-179-thread-1] INFO  util.JmxRegister (JmxRegister.java:tryRegister(44)) - Successfully registered JMX Bean with object name Ratis:service=RaftServer,group=group-1140C455E42D,id=3731518f-4a75-41f7-a8ac-44e1efdde356
2019-09-18 11:34:32,179 [pool-169-thread-1] INFO  impl.RaftServerImpl (RaftServerImpl.java:start(185)) - 9a3866a3-945c-43d9-ad49-28fa7f717e26@group-1140C455E42D: start as a follower, conf=-1: [9a3866a3-945c-43d9-ad49-28fa7f717e26:192.168.157.254:46807, f23e4d0b-fd16-4e36-87f9-2fb30e2de0f1:192.168.157.254:39244, 3731518f-4a75-41f7-a8ac-44e1efdde356:192.168.157.254:38958], old=null
2019-09-18 11:34:32,179 [pool-169-thread-1] INFO  impl.RaftServerImpl (RaftServerImpl.java:setRole(174)) - 9a3866a3-945c-43d9-ad49-28fa7f717e26@group-1140C455E42D: changes role from      null to FOLLOWER at term 0 for startAsFollower
2019-09-18 11:34:32,179 [pool-169-thread-1] INFO  impl.RoleInfo (RoleInfo.java:updateAndGet(143)) - 9a3866a3-945c-43d9-ad49-28fa7f717e26: start FollowerState
2019-09-18 11:34:32,179 [pool-149-thread-1] INFO  impl.RaftServerImpl (RaftServerImpl.java:start(185)) - f23e4d0b-fd16-4e36-87f9-2fb30e2de0f1@group-1140C455E42D: start as a follower, conf=-1: [9a3866a3-945c-43d9-ad49-28fa7f717e26:192.168.157.254:46807, f23e4d0b-fd16-4e36-87f9-2fb30e2de0f1:192.168.157.254:39244, 3731518f-4a75-41f7-a8ac-44e1efdde356:192.168.157.254:38958], old=null
2019-09-18 11:34:32,179 [pool-169-thread-1] INFO  util.JmxRegister (JmxRegister.java:tryRegister(44)) - Successfully registered JMX Bean with object name Ratis:service=RaftServer,group=group-1140C455E42D,id=9a3866a3-945c-43d9-ad49-28fa7f717e26
2019-09-18 11:34:32,179 [pool-149-thread-1] INFO  impl.RaftServerImpl (RaftServerImpl.java:setRole(174)) - f23e4d0b-fd16-4e36-87f9-2fb30e2de0f1@group-1140C455E42D: changes role from      null to FOLLOWER at term 0 for startAsFollower
2019-09-18 11:34:32,179 [pool-149-thread-1] INFO  impl.RoleInfo (RoleInfo.java:updateAndGet(143)) - f23e4d0b-fd16-4e36-87f9-2fb30e2de0f1: start FollowerState
2019-09-18 11:34:32,180 [pool-149-thread-1] INFO  util.JmxRegister (JmxRegister.java:tryRegister(44)) - Successfully registered JMX Bean with object name Ratis:service=RaftServer,group=group-1140C455E42D,id=f23e4d0b-fd16-4e36-87f9-2fb30e2de0f1
2019-09-18 11:34:32,185 [RatisPipelineUtilsThread] INFO  pipeline.PipelineStateManager (PipelineStateManager.java:addPipeline(56)) - Created pipeline Pipeline[ Id: 2c76fec6-3ae7-49f1-86d4-1140c455e42d, Nodes: f23e4d0b-fd16-4e36-87f9-2fb30e2de0f1{ip: 192.168.157.254, host: pr-hdds-2143-zjsjg-1178913, networkLocation: /default-rack, certSerialId: null}9a3866a3-945c-43d9-ad49-28fa7f717e26{ip: 192.168.157.254, host: pr-hdds-2143-zjsjg-1178913, networkLocation: /default-rack, certSerialId: null}3731518f-4a75-41f7-a8ac-44e1efdde356{ip: 192.168.157.254, host: pr-hdds-2143-zjsjg-1178913, networkLocation: /default-rack, certSerialId: null}, Type:RATIS, Factor:THREE, State:OPEN]
2019-09-18 11:34:32,222 [grpc-default-executor-0] INFO  client.GrpcClientProtocolClient (GrpcClientProtocolClient.java:onNext(264)) - client-96B35B165DAB->f23e4d0b-fd16-4e36-87f9-2fb30e2de0f1: receive RaftClientReply:client-96B35B165DAB->f23e4d0b-fd16-4e36-87f9-2fb30e2de0f1@group-1140C455E42D, cid=42, FAILED org.apache.ratis.protocol.NotLeaderException: Server f23e4d0b-fd16-4e36-87f9-2fb30e2de0f1@group-1140C455E42D is not the leader, logIndex=0, commits[f23e4d0b-fd16-4e36-87f9-2fb30e2de0f1:c-1]
2019-09-18 11:34:33,251 [grpc-default-executor-0] INFO  client.GrpcClientProtocolClient (GrpcClientProtocolClient.java:onNext(264)) - client-96B35B165DAB->9a3866a3-945c-43d9-ad49-28fa7f717e26: receive RaftClientReply:client-96B35B165DAB->9a3866a3-945c-43d9-ad49-28fa7f717e26@group-1140C455E42D, cid=42, FAILED org.apache.ratis.protocol.NotLeaderException: Server 9a3866a3-945c-43d9-ad49-28fa7f717e26@group-1140C455E42D is not the leader, logIndex=0, commits[9a3866a3-945c-43d9-ad49-28fa7f717e26:c-1]
2019-09-18 11:34:34,282 [grpc-default-executor-1] INFO  client.GrpcClientProtocolClient (GrpcClientProtocolClient.java:onNext(264)) - client-96B35B165DAB->3731518f-4a75-41f7-a8ac-44e1efdde356: receive RaftClientReply:client-96B35B165DAB->3731518f-4a75-41f7-a8ac-44e1efdde356@group-1140C455E42D, cid=42, FAILED org.apache.ratis.protocol.NotLeaderException: Server 3731518f-4a75-41f7-a8ac-44e1efdde356@group-1140C455E42D is not the leader, logIndex=0, commits[3731518f-4a75-41f7-a8ac-44e1efdde356:c-1]
2019-09-18 11:34:34,654 [Thread-694] INFO  container.ReplicationManager (ReplicationManager.java:start(162)) - Starting Replication Monitor Thread.
2019-09-18 11:34:34,658 [ReplicationMonitor] INFO  container.ReplicationManager (ReplicationManager.java:run(225)) - Replication Monitor Thread took 0 milliseconds for processing 3 containers.
2019-09-18 11:34:35,307 [grpc-default-executor-0] INFO  client.GrpcClientProtocolClient (GrpcClientProtocolClient.java:onNext(264)) - client-96B35B165DAB->f23e4d0b-fd16-4e36-87f9-2fb30e2de0f1: receive RaftClientReply:client-96B35B165DAB->f23e4d0b-fd16-4e36-87f9-2fb30e2de0f1@group-1140C455E42D, cid=42, FAILED org.apache.ratis.protocol.NotLeaderException: Server f23e4d0b-fd16-4e36-87f9-2fb30e2de0f1@group-1140C455E42D is not the leader, logIndex=0, commits[f23e4d0b-fd16-4e36-87f9-2fb30e2de0f1:c-1]
2019-09-18 11:34:36,351 [grpc-default-executor-1] INFO  client.GrpcClientProtocolClient (GrpcClientProtocolClient.java:onNext(264)) - client-96B35B165DAB->3731518f-4a75-41f7-a8ac-44e1efdde356: receive RaftClientReply:client-96B35B165DAB->3731518f-4a75-41f7-a8ac-44e1efdde356@group-1140C455E42D, cid=42, FAILED org.apache.ratis.protocol.NotLeaderException: Server 3731518f-4a75-41f7-a8ac-44e1efdde356@group-1140C455E42D is not the leader, logIndex=0, commits[3731518f-4a75-41f7-a8ac-44e1efdde356:c-1]
2019-09-18 11:34:36,724 [Thread-696] INFO  impl.FollowerState (FollowerState.java:run(106)) - 479eb58c-4806-44ca-880e-53ce08193011:group-8A745413D334 changes to CANDIDATE, lastRpcTime:5013, electionTimeout:5013ms
2019-09-18 11:34:36,725 [Thread-696] INFO  impl.RoleInfo (RoleInfo.java:shutdownFollowerState(121)) - 479eb58c-4806-44ca-880e-53ce08193011: shutdown FollowerState
2019-09-18 11:34:36,725 [Thread-696] INFO  impl.RaftServerImpl (RaftServerImpl.java:setRole(174)) - 479eb58c-4806-44ca-880e-53ce08193011@group-8A745413D334: changes role from  FOLLOWER to CANDIDATE at term 0 for changeToCandidate
2019-09-18 11:34:36,726 [Thread-696] INFO  impl.RoleInfo (RoleInfo.java:updateAndGet(143)) - 479eb58c-4806-44ca-880e-53ce08193011: start LeaderElection
2019-09-18 11:34:36,755 [479eb58c-4806-44ca-880e-53ce08193011@group-8A745413D334:LeaderElection13] INFO  impl.LeaderElection (LeaderElection.java:askForVotes(182)) - 479eb58c-4806-44ca-880e-53ce08193011@group-8A745413D334:LeaderElection13: begin an election at term 1 for -1: [479eb58c-4806-44ca-880e-53ce08193011:192.168.157.254:42192], old=null
2019-09-18 11:34:36,755 [479eb58c-4806-44ca-880e-53ce08193011@group-8A745413D334:LeaderElection13] INFO  impl.RoleInfo (RoleInfo.java:shutdownLeaderElection(134)) - 479eb58c-4806-44ca-880e-53ce08193011: shutdown LeaderElection
2019-09-18 11:34:36,755 [479eb58c-4806-44ca-880e-53ce08193011@group-8A745413D334:LeaderElection13] INFO  impl.RaftServerImpl (RaftServerImpl.java:setRole(174)) - 479eb58c-4806-44ca-880e-53ce08193011@group-8A745413D334: changes role from CANDIDATE to LEADER at term 1 for changeToLeader
2019-09-18 11:34:36,756 [479eb58c-4806-44ca-880e-53ce08193011@group-8A745413D334:LeaderElection13] INFO  impl.RaftServerImpl (ServerState.java:setLeader(253)) - 479eb58c-4806-44ca-880e-53ce08193011@group-8A745413D334: change Leader from null to 479eb58c-4806-44ca-880e-53ce08193011 at term 1 for becomeLeader, leader elected after 5054ms
2019-09-18 11:34:36,758 [479eb58c-4806-44ca-880e-53ce08193011@group-8A745413D334:LeaderElection13] INFO  server.RaftServerConfigKeys (ConfUtils.java:logGet(43)) - raft.server.staging.catchup.gap = 1000 (default)
2019-09-18 11:34:36,758 [479eb58c-4806-44ca-880e-53ce08193011@group-8A745413D334:LeaderElection13] INFO  server.RaftServerConfigKeys (ConfUtils.java:logGet(43)) - raft.server.rpc.sleep.time = 25ms (default)
2019-09-18 11:34:36,759 [479eb58c-4806-44ca-880e-53ce08193011@group-8A745413D334:LeaderElection13] INFO  server.RaftServerConfigKeys (ConfUtils.java:logGet(43)) - raft.server.write.element-limit = 4096 (default)
2019-09-18 11:34:36,759 [479eb58c-4806-44ca-880e-53ce08193011@group-8A745413D334:LeaderElection13] INFO  server.RaftServerConfigKeys (ConfUtils.java:logGet(43)) - raft.server.watch.timeout = 10s (default)
2019-09-18 11:34:36,759 [479eb58c-4806-44ca-880e-53ce08193011@group-8A745413D334:LeaderElection13] INFO  server.RaftServerConfigKeys (ConfUtils.java:logGet(43)) - raft.server.watch.timeout.denomination = 1s (default)
2019-09-18 11:34:36,759 [479eb58c-4806-44ca-880e-53ce08193011@group-8A745413D334:LeaderElection13] INFO  server.RaftServerConfigKeys (ConfUtils.java:logGet(43)) - raft.server.watch.element-limit = 65536 (default)
2019-09-18 11:34:36,763 [479eb58c-4806-44ca-880e-53ce08193011@group-8A745413D334:LeaderElection13] INFO  impl.RoleInfo (RoleInfo.java:updateAndGet(143)) - 479eb58c-4806-44ca-880e-53ce08193011: start LeaderState
2019-09-18 11:34:36,764 [479eb58c-4806-44ca-880e-53ce08193011@group-8A745413D334:LeaderElection13] INFO  segmented.SegmentedRaftLogWorker (SegmentedRaftLogWorker.java:startLogSegment(380)) - 479eb58c-4806-44ca-880e-53ce08193011@group-8A745413D334-SegmentedRaftLogWorker: Starting segment from index:0
2019-09-18 11:34:36,765 [479eb58c-4806-44ca-880e-53ce08193011@group-8A745413D334:LeaderElection13] INFO  impl.RaftServerImpl (ServerState.java:setRaftConf(354)) - 479eb58c-4806-44ca-880e-53ce08193011@group-8A745413D334: set configuration 0: [479eb58c-4806-44ca-880e-53ce08193011:192.168.157.254:42192], old=null at 0
2019-09-18 11:34:36,794 [Thread-699] INFO  impl.FollowerState (FollowerState.java:run(106)) - d2eb4519-41f8-436c-a390-cde303904edf:group-3E68E6D57D8E changes to CANDIDATE, lastRpcTime:5032, electionTimeout:5031ms
2019-09-18 11:34:36,795 [Thread-699] INFO  impl.RoleInfo (RoleInfo.java:shutdownFollowerState(121)) - d2eb4519-41f8-436c-a390-cde303904edf: shutdown FollowerState
2019-09-18 11:34:36,795 [Thread-699] INFO  impl.RaftServerImpl (RaftServerImpl.java:setRole(174)) - d2eb4519-41f8-436c-a390-cde303904edf@group-3E68E6D57D8E: changes role from  FOLLOWER to CANDIDATE at term 0 for changeToCandidate
2019-09-18 11:34:36,795 [Thread-699] INFO  impl.RoleInfo (RoleInfo.java:updateAndGet(143)) - d2eb4519-41f8-436c-a390-cde303904edf: start LeaderElection
2019-09-18 11:34:36,807 [479eb58c-4806-44ca-880e-53ce08193011@group-8A745413D334-SegmentedRaftLogWorker] INFO  segmented.SegmentedRaftLogWorker (SegmentedRaftLogWorker.java:execute(569)) - 479eb58c-4806-44ca-880e-53ce08193011@group-8A745413D334-SegmentedRaftLogWorker: created new log segment /workdir/hadoop-ozone/integration-test/target/test-dir/MiniOzoneClusterImpl-be355825-eaa2-435a-af82-14347805f592/datanode-0/data/ratis/d2ac4715-a97f-42a8-8112-8a745413d334/current/log_inprogress_0
2019-09-18 11:34:36,807 [d2eb4519-41f8-436c-a390-cde303904edf@group-3E68E6D57D8E:LeaderElection14] INFO  impl.LeaderElection (LeaderElection.java:askForVotes(182)) - d2eb4519-41f8-436c-a390-cde303904edf@group-3E68E6D57D8E:LeaderElection14: begin an election at term 1 for -1: [d2eb4519-41f8-436c-a390-cde303904edf:192.168.157.254:44105], old=null
2019-09-18 11:34:36,808 [d2eb4519-41f8-436c-a390-cde303904edf@group-3E68E6D57D8E:LeaderElection14] INFO  impl.RoleInfo (RoleInfo.java:shutdownLeaderElection(134)) - d2eb4519-41f8-436c-a390-cde303904edf: shutdown LeaderElection
2019-09-18 11:34:36,808 [d2eb4519-41f8-436c-a390-cde303904edf@group-3E68E6D57D8E:LeaderElection14] INFO  impl.RaftServerImpl (RaftServerImpl.java:setRole(174)) - d2eb4519-41f8-436c-a390-cde303904edf@group-3E68E6D57D8E: changes role from CANDIDATE to LEADER at term 1 for changeToLeader
2019-09-18 11:34:36,808 [d2eb4519-41f8-436c-a390-cde303904edf@group-3E68E6D57D8E:LeaderElection14] INFO  impl.RaftServerImpl (ServerState.java:setLeader(253)) - d2eb4519-41f8-436c-a390-cde303904edf@group-3E68E6D57D8E: change Leader from null to d2eb4519-41f8-436c-a390-cde303904edf at term 1 for becomeLeader, leader elected after 5053ms
2019-09-18 11:34:36,812 [d2eb4519-41f8-436c-a390-cde303904edf@group-3E68E6D57D8E:LeaderElection14] INFO  server.RaftServerConfigKeys (ConfUtils.java:logGet(43)) - raft.server.staging.catchup.gap = 1000 (default)
2019-09-18 11:34:36,812 [d2eb4519-41f8-436c-a390-cde303904edf@group-3E68E6D57D8E:LeaderElection14] INFO  server.RaftServerConfigKeys (ConfUtils.java:logGet(43)) - raft.server.rpc.sleep.time = 25ms (default)
2019-09-18 11:34:36,812 [d2eb4519-41f8-436c-a390-cde303904edf@group-3E68E6D57D8E:LeaderElection14] INFO  server.RaftServerConfigKeys (ConfUtils.java:logGet(43)) - raft.server.write.element-limit = 4096 (default)
2019-09-18 11:34:36,813 [d2eb4519-41f8-436c-a390-cde303904edf@group-3E68E6D57D8E:LeaderElection14] INFO  server.RaftServerConfigKeys (ConfUtils.java:logGet(43)) - raft.server.watch.timeout = 10s (default)
2019-09-18 11:34:36,813 [d2eb4519-41f8-436c-a390-cde303904edf@group-3E68E6D57D8E:LeaderElection14] INFO  server.RaftServerConfigKeys (ConfUtils.java:logGet(43)) - raft.server.watch.timeout.denomination = 1s (default)
2019-09-18 11:34:36,813 [d2eb4519-41f8-436c-a390-cde303904edf@group-3E68E6D57D8E:LeaderElection14] INFO  server.RaftServerConfigKeys (ConfUtils.java:logGet(43)) - raft.server.watch.element-limit = 65536 (default)
2019-09-18 11:34:36,815 [d2eb4519-41f8-436c-a390-cde303904edf@group-3E68E6D57D8E:LeaderElection14] INFO  impl.RoleInfo (RoleInfo.java:updateAndGet(143)) - d2eb4519-41f8-436c-a390-cde303904edf: start LeaderState
2019-09-18 11:34:36,816 [d2eb4519-41f8-436c-a390-cde303904edf@group-3E68E6D57D8E:LeaderElection14] INFO  segmented.SegmentedRaftLogWorker (SegmentedRaftLogWorker.java:startLogSegment(380)) - d2eb4519-41f8-436c-a390-cde303904edf@group-3E68E6D57D8E-SegmentedRaftLogWorker: Starting segment from index:0
2019-09-18 11:34:36,816 [d2eb4519-41f8-436c-a390-cde303904edf@group-3E68E6D57D8E:LeaderElection14] INFO  impl.RaftServerImpl (ServerState.java:setRaftConf(354)) - d2eb4519-41f8-436c-a390-cde303904edf@group-3E68E6D57D8E: set configuration 0: [d2eb4519-41f8-436c-a390-cde303904edf:192.168.157.254:44105], old=null at 0
2019-09-18 11:34:36,856 [d2eb4519-41f8-436c-a390-cde303904edf@group-3E68E6D57D8E-SegmentedRaftLogWorker] INFO  segmented.SegmentedRaftLogWorker (SegmentedRaftLogWorker.java:execute(569)) - d2eb4519-41f8-436c-a390-cde303904edf@group-3E68E6D57D8E-SegmentedRaftLogWorker: created new log segment /workdir/hadoop-ozone/integration-test/target/test-dir/MiniOzoneClusterImpl-be355825-eaa2-435a-af82-14347805f592/datanode-1/data/ratis/aa91c9e9-9fed-4141-857b-3e68e6d57d8e/current/log_inprogress_0
2019-09-18 11:34:36,937 [Thread-710] INFO  impl.FollowerState (FollowerState.java:run(106)) - 479eb58c-4806-44ca-880e-53ce08193011:group-3ED13F0C707C changes to CANDIDATE, lastRpcTime:5050, electionTimeout:5050ms
2019-09-18 11:34:36,937 [Thread-710] INFO  impl.RoleInfo (RoleInfo.java:shutdownFollowerState(121)) - 479eb58c-4806-44ca-880e-53ce08193011: shutdown FollowerState
2019-09-18 11:34:36,937 [Thread-710] INFO  impl.RaftServerImpl (RaftServerImpl.java:setRole(174)) - 479eb58c-4806-44ca-880e-53ce08193011@group-3ED13F0C707C: changes role from  FOLLOWER to CANDIDATE at term 0 for changeToCandidate
2019-09-18 11:34:36,938 [Thread-710] INFO  impl.RoleInfo (RoleInfo.java:updateAndGet(143)) - 479eb58c-4806-44ca-880e-53ce08193011: start LeaderElection
2019-09-18 11:34:36,956 [479eb58c-4806-44ca-880e-53ce08193011@group-3ED13F0C707C:LeaderElection15] INFO  impl.LeaderElection (LeaderElection.java:askForVotes(182)) - 479eb58c-4806-44ca-880e-53ce08193011@group-3ED13F0C707C:LeaderElection15: begin an election at term 1 for -1: [d2eb4519-41f8-436c-a390-cde303904edf:192.168.157.254:44105, 2ca65623-ea22-4647-963d-0640bb90372f:192.168.157.254:38751, 479eb58c-4806-44ca-880e-53ce08193011:192.168.157.254:42192], old=null
2019-09-18 11:34:36,964 [grpc-default-executor-0] INFO  impl.RaftServerImpl (RaftServerImpl.java:setRole(174)) - d2eb4519-41f8-436c-a390-cde303904edf@group-3ED13F0C707C: changes role from  FOLLOWER to FOLLOWER at term 1 for recognizeCandidate:479eb58c-4806-44ca-880e-53ce08193011
2019-09-18 11:34:36,965 [grpc-default-executor-1] INFO  impl.RaftServerImpl (RaftServerImpl.java:setRole(174)) - 2ca65623-ea22-4647-963d-0640bb90372f@group-3ED13F0C707C: changes role from  FOLLOWER to FOLLOWER at term 1 for recognizeCandidate:479eb58c-4806-44ca-880e-53ce08193011
2019-09-18 11:34:36,965 [grpc-default-executor-0] INFO  impl.RoleInfo (RoleInfo.java:shutdownFollowerState(121)) - d2eb4519-41f8-436c-a390-cde303904edf: shutdown FollowerState
2019-09-18 11:34:36,965 [grpc-default-executor-1] INFO  impl.RoleInfo (RoleInfo.java:shutdownFollowerState(121)) - 2ca65623-ea22-4647-963d-0640bb90372f: shutdown FollowerState
2019-09-18 11:34:36,965 [grpc-default-executor-0] INFO  impl.RoleInfo (RoleInfo.java:updateAndGet(143)) - d2eb4519-41f8-436c-a390-cde303904edf: start FollowerState
2019-09-18 11:34:36,965 [grpc-default-executor-1] INFO  impl.RoleInfo (RoleInfo.java:updateAndGet(143)) - 2ca65623-ea22-4647-963d-0640bb90372f: start FollowerState
2019-09-18 11:34:36,965 [Thread-709] INFO  impl.FollowerState (FollowerState.java:run(115)) - d2eb4519-41f8-436c-a390-cde303904edf: FollowerState was interrupted: java.lang.InterruptedException: sleep interrupted
2019-09-18 11:34:36,965 [Thread-705] INFO  impl.FollowerState (FollowerState.java:run(115)) - 2ca65623-ea22-4647-963d-0640bb90372f: FollowerState was interrupted: java.lang.InterruptedException: sleep interrupted
2019-09-18 11:34:36,982 [479eb58c-4806-44ca-880e-53ce08193011@group-3ED13F0C707C:LeaderElection15] INFO  impl.LeaderElection (LeaderElection.java:logAndReturn(56)) - 479eb58c-4806-44ca-880e-53ce08193011@group-3ED13F0C707C:LeaderElection15: Election PASSED; received 1 response(s) [479eb58c-4806-44ca-880e-53ce08193011<-d2eb4519-41f8-436c-a390-cde303904edf#0:OK-t1] and 0 exception(s); 479eb58c-4806-44ca-880e-53ce08193011@group-3ED13F0C707C:t1, leader=null, voted=479eb58c-4806-44ca-880e-53ce08193011, raftlog=479eb58c-4806-44ca-880e-53ce08193011@group-3ED13F0C707C-SegmentedRaftLog:OPENED:c-1,f-1,i0, conf=-1: [d2eb4519-41f8-436c-a390-cde303904edf:192.168.157.254:44105, 2ca65623-ea22-4647-963d-0640bb90372f:192.168.157.254:38751, 479eb58c-4806-44ca-880e-53ce08193011:192.168.157.254:42192], old=null
2019-09-18 11:34:36,982 [479eb58c-4806-44ca-880e-53ce08193011@group-3ED13F0C707C:LeaderElection15] INFO  impl.RoleInfo (RoleInfo.java:shutdownLeaderElection(134)) - 479eb58c-4806-44ca-880e-53ce08193011: shutdown LeaderElection
2019-09-18 11:34:36,985 [479eb58c-4806-44ca-880e-53ce08193011@group-3ED13F0C707C:LeaderElection15] INFO  impl.RaftServerImpl (RaftServerImpl.java:setRole(174)) - 479eb58c-4806-44ca-880e-53ce08193011@group-3ED13F0C707C: changes role from CANDIDATE to LEADER at term 1 for changeToLeader
2019-09-18 11:34:36,985 [479eb58c-4806-44ca-880e-53ce08193011@group-3ED13F0C707C:LeaderElection15] INFO  impl.RaftServerImpl (ServerState.java:setLeader(253)) - 479eb58c-4806-44ca-880e-53ce08193011@group-3ED13F0C707C: change Leader from null to 479eb58c-4806-44ca-880e-53ce08193011 at term 1 for becomeLeader, leader elected after 5125ms
2019-09-18 11:34:36,985 [479eb58c-4806-44ca-880e-53ce08193011@group-3ED13F0C707C:LeaderElection15] INFO  server.RaftServerConfigKeys (ConfUtils.java:logGet(43)) - raft.server.staging.catchup.gap = 1000 (default)
2019-09-18 11:34:36,986 [479eb58c-4806-44ca-880e-53ce08193011@group-3ED13F0C707C:LeaderElection15] INFO  server.RaftServerConfigKeys (ConfUtils.java:logGet(43)) - raft.server.rpc.sleep.time = 25ms (default)
2019-09-18 11:34:36,986 [479eb58c-4806-44ca-880e-53ce08193011@group-3ED13F0C707C:LeaderElection15] INFO  server.RaftServerConfigKeys (ConfUtils.java:logGet(43)) - raft.server.write.element-limit = 4096 (default)
2019-09-18 11:34:36,986 [479eb58c-4806-44ca-880e-53ce08193011@group-3ED13F0C707C:LeaderElection15] INFO  server.RaftServerConfigKeys (ConfUtils.java:logGet(43)) - raft.server.watch.timeout = 10s (default)
2019-09-18 11:34:36,986 [479eb58c-4806-44ca-880e-53ce08193011@group-3ED13F0C707C:LeaderElection15] INFO  server.RaftServerConfigKeys (ConfUtils.java:logGet(43)) - raft.server.watch.timeout.denomination = 1s (default)
2019-09-18 11:34:36,986 [479eb58c-4806-44ca-880e-53ce08193011@group-3ED13F0C707C:LeaderElection15] INFO  server.RaftServerConfigKeys (ConfUtils.java:logGet(43)) - raft.server.watch.element-limit = 65536 (default)
2019-09-18 11:34:36,989 [479eb58c-4806-44ca-880e-53ce08193011@group-3ED13F0C707C:LeaderElection15] INFO  server.RaftServerConfigKeys (ConfUtils.java:logGet(43)) - raft.server.log.appender.snapshot.chunk.size.max = 16MB (=16777216) (default)
2019-09-18 11:34:36,990 [479eb58c-4806-44ca-880e-53ce08193011@group-3ED13F0C707C:LeaderElection15] INFO  server.RaftServerConfigKeys (ConfUtils.java:logGet(43)) - raft.server.log.appender.buffer.byte-limit = 33554432 (custom)
2019-09-18 11:34:36,990 [479eb58c-4806-44ca-880e-53ce08193011@group-3ED13F0C707C:LeaderElection15] INFO  server.RaftServerConfigKeys (ConfUtils.java:logGet(43)) - raft.server.log.appender.buffer.element-limit = 1 (custom)
2019-09-18 11:34:36,990 [479eb58c-4806-44ca-880e-53ce08193011@group-3ED13F0C707C:LeaderElection15] INFO  grpc.GrpcConfigKeys$Server (ConfUtils.java:logGet(43)) - raft.grpc.server.leader.outstanding.appends.max = 128 (default)
2019-09-18 11:34:36,991 [479eb58c-4806-44ca-880e-53ce08193011@group-3ED13F0C707C:LeaderElection15] INFO  server.RaftServerConfigKeys (ConfUtils.java:logGet(43)) - raft.server.rpc.request.timeout = 3000ms (default)
2019-09-18 11:34:36,991 [479eb58c-4806-44ca-880e-53ce08193011@group-3ED13F0C707C:LeaderElection15] INFO  server.RaftServerConfigKeys (ConfUtils.java:logGet(43)) - raft.server.log.appender.install.snapshot.enabled = false (custom)
2019-09-18 11:34:36,991 [Thread-717] INFO  impl.FollowerState (FollowerState.java:run(106)) - 48aa6b7c-19e2-4065-8b5b-6a7fc3a6ed8c:group-A368F16BDAFB changes to CANDIDATE, lastRpcTime:5001, electionTimeout:5001ms
2019-09-18 11:34:36,993 [479eb58c-4806-44ca-880e-53ce08193011@group-3ED13F0C707C:LeaderElection15] INFO  server.RaftServerConfigKeys (ConfUtils.java:logGet(43)) - raft.server.log.appender.snapshot.chunk.size.max = 16MB (=16777216) (default)
2019-09-18 11:34:36,993 [Thread-717] INFO  impl.RoleInfo (RoleInfo.java:shutdownFollowerState(121)) - 48aa6b7c-19e2-4065-8b5b-6a7fc3a6ed8c: shutdown FollowerState
2019-09-18 11:34:36,994 [479eb58c-4806-44ca-880e-53ce08193011@group-3ED13F0C707C:LeaderElection15] INFO  server.RaftServerConfigKeys (ConfUtils.java:logGet(43)) - raft.server.log.appender.buffer.byte-limit = 33554432 (custom)
2019-09-18 11:34:36,994 [Thread-717] INFO  impl.RaftServerImpl (RaftServerImpl.java:setRole(174)) - 48aa6b7c-19e2-4065-8b5b-6a7fc3a6ed8c@group-A368F16BDAFB: changes role from  FOLLOWER to CANDIDATE at term 0 for changeToCandidate
2019-09-18 11:34:36,994 [479eb58c-4806-44ca-880e-53ce08193011@group-3ED13F0C707C:LeaderElection15] INFO  server.RaftServerConfigKeys (ConfUtils.java:logGet(43)) - raft.server.log.appender.buffer.element-limit = 1 (custom)
2019-09-18 11:34:36,994 [Thread-717] INFO  impl.RoleInfo (RoleInfo.java:updateAndGet(143)) - 48aa6b7c-19e2-4065-8b5b-6a7fc3a6ed8c: start LeaderElection
2019-09-18 11:34:36,994 [479eb58c-4806-44ca-880e-53ce08193011@group-3ED13F0C707C:LeaderElection15] INFO  grpc.GrpcConfigKeys$Server (ConfUtils.java:logGet(43)) - raft.grpc.server.leader.outstanding.appends.max = 128 (default)
2019-09-18 11:34:36,995 [479eb58c-4806-44ca-880e-53ce08193011@group-3ED13F0C707C:LeaderElection15] INFO  server.RaftServerConfigKeys (ConfUtils.java:logGet(43)) - raft.server.rpc.request.timeout = 3000ms (default)
2019-09-18 11:34:37,005 [Thread-702] INFO  impl.FollowerState (FollowerState.java:run(106)) - 2ca65623-ea22-4647-963d-0640bb90372f:group-A27ACE8155C7 changes to CANDIDATE, lastRpcTime:5179, electionTimeout:5177ms
2019-09-18 11:34:37,005 [479eb58c-4806-44ca-880e-53ce08193011@group-3ED13F0C707C:LeaderElection15] INFO  server.RaftServerConfigKeys (ConfUtils.java:logGet(43)) - raft.server.log.appender.install.snapshot.enabled = false (custom)
2019-09-18 11:34:37,006 [Thread-702] INFO  impl.RoleInfo (RoleInfo.java:shutdownFollowerState(121)) - 2ca65623-ea22-4647-963d-0640bb90372f: shutdown FollowerState
2019-09-18 11:34:37,006 [Thread-702] INFO  impl.RaftServerImpl (RaftServerImpl.java:setRole(174)) - 2ca65623-ea22-4647-963d-0640bb90372f@group-A27ACE8155C7: changes role from  FOLLOWER to CANDIDATE at term 0 for changeToCandidate
2019-09-18 11:34:37,006 [479eb58c-4806-44ca-880e-53ce08193011@group-3ED13F0C707C:LeaderElection15] INFO  impl.RoleInfo (RoleInfo.java:updateAndGet(143)) - 479eb58c-4806-44ca-880e-53ce08193011: start LeaderState
2019-09-18 11:34:37,006 [Thread-702] INFO  impl.RoleInfo (RoleInfo.java:updateAndGet(143)) - 2ca65623-ea22-4647-963d-0640bb90372f: start LeaderElection
2019-09-18 11:34:37,006 [479eb58c-4806-44ca-880e-53ce08193011@group-3ED13F0C707C:LeaderElection15] INFO  segmented.SegmentedRaftLogWorker (SegmentedRaftLogWorker.java:startLogSegment(380)) - 479eb58c-4806-44ca-880e-53ce08193011@group-3ED13F0C707C-SegmentedRaftLogWorker: Starting segment from index:0
2019-09-18 11:34:37,010 [479eb58c-4806-44ca-880e-53ce08193011@group-3ED13F0C707C:LeaderElection15] INFO  impl.RaftServerImpl (ServerState.java:setRaftConf(354)) - 479eb58c-4806-44ca-880e-53ce08193011@group-3ED13F0C707C: set configuration 0: [d2eb4519-41f8-436c-a390-cde303904edf:192.168.157.254:44105, 2ca65623-ea22-4647-963d-0640bb90372f:192.168.157.254:38751, 479eb58c-4806-44ca-880e-53ce08193011:192.168.157.254:42192], old=null at 0
2019-09-18 11:34:37,048 [48aa6b7c-19e2-4065-8b5b-6a7fc3a6ed8c@group-A368F16BDAFB:LeaderElection16] INFO  impl.LeaderElection (LeaderElection.java:askForVotes(182)) - 48aa6b7c-19e2-4065-8b5b-6a7fc3a6ed8c@group-A368F16BDAFB:LeaderElection16: begin an election at term 1 for -1: [48aa6b7c-19e2-4065-8b5b-6a7fc3a6ed8c:192.168.157.254:46181], old=null
2019-09-18 11:34:37,048 [2ca65623-ea22-4647-963d-0640bb90372f@group-A27ACE8155C7:LeaderElection17] INFO  impl.LeaderElection (LeaderElection.java:askForVotes(182)) - 2ca65623-ea22-4647-963d-0640bb90372f@group-A27ACE8155C7:LeaderElection17: begin an election at term 1 for -1: [2ca65623-ea22-4647-963d-0640bb90372f:192.168.157.254:38751], old=null
2019-09-18 11:34:37,057 [48aa6b7c-19e2-4065-8b5b-6a7fc3a6ed8c@group-A368F16BDAFB:LeaderElection16] INFO  impl.RoleInfo (RoleInfo.java:shutdownLeaderElection(134)) - 48aa6b7c-19e2-4065-8b5b-6a7fc3a6ed8c: shutdown LeaderElection
2019-09-18 11:34:37,057 [grpc-default-executor-1] INFO  impl.RaftServerImpl (ServerState.java:setLeader(253)) - d2eb4519-41f8-436c-a390-cde303904edf@group-3ED13F0C707C: change Leader from null to 479eb58c-4806-44ca-880e-53ce08193011 at term 1 for appendEntries, leader elected after 5196ms
2019-09-18 11:34:37,057 [48aa6b7c-19e2-4065-8b5b-6a7fc3a6ed8c@group-A368F16BDAFB:LeaderElection16] INFO  impl.RaftServerImpl (RaftServerImpl.java:setRole(174)) - 48aa6b7c-19e2-4065-8b5b-6a7fc3a6ed8c@group-A368F16BDAFB: changes role from CANDIDATE to LEADER at term 1 for changeToLeader
2019-09-18 11:34:37,057 [2ca65623-ea22-4647-963d-0640bb90372f@group-A27ACE8155C7:LeaderElection17] INFO  impl.RoleInfo (RoleInfo.java:shutdownLeaderElection(134)) - 2ca65623-ea22-4647-963d-0640bb90372f: shutdown LeaderElection
2019-09-18 11:34:37,057 [48aa6b7c-19e2-4065-8b5b-6a7fc3a6ed8c@group-A368F16BDAFB:LeaderElection16] INFO  impl.RaftServerImpl (ServerState.java:setLeader(253)) - 48aa6b7c-19e2-4065-8b5b-6a7fc3a6ed8c@group-A368F16BDAFB: change Leader from null to 48aa6b7c-19e2-4065-8b5b-6a7fc3a6ed8c at term 1 for becomeLeader, leader elected after 5075ms
2019-09-18 11:34:37,057 [2ca65623-ea22-4647-963d-0640bb90372f@group-A27ACE8155C7:LeaderElection17] INFO  impl.RaftServerImpl (RaftServerImpl.java:setRole(174)) - 2ca65623-ea22-4647-963d-0640bb90372f@group-A27ACE8155C7: changes role from CANDIDATE to LEADER at term 1 for changeToLeader
2019-09-18 11:34:37,060 [48aa6b7c-19e2-4065-8b5b-6a7fc3a6ed8c@group-A368F16BDAFB:LeaderElection16] INFO  server.RaftServerConfigKeys (ConfUtils.java:logGet(43)) - raft.server.staging.catchup.gap = 1000 (default)
2019-09-18 11:34:37,060 [479eb58c-4806-44ca-880e-53ce08193011@group-3ED13F0C707C-SegmentedRaftLogWorker] INFO  segmented.SegmentedRaftLogWorker (SegmentedRaftLogWorker.java:execute(569)) - 479eb58c-4806-44ca-880e-53ce08193011@group-3ED13F0C707C-SegmentedRaftLogWorker: created new log segment /workdir/hadoop-ozone/integration-test/target/test-dir/MiniOzoneClusterImpl-be355825-eaa2-435a-af82-14347805f592/datanode-0/data/ratis/133174fa-73f6-4c88-90b7-3ed13f0c707c/current/log_inprogress_0
2019-09-18 11:34:37,060 [2ca65623-ea22-4647-963d-0640bb90372f@group-A27ACE8155C7:LeaderElection17] INFO  impl.RaftServerImpl (ServerState.java:setLeader(253)) - 2ca65623-ea22-4647-963d-0640bb90372f@group-A27ACE8155C7: change Leader from null to 2ca65623-ea22-4647-963d-0640bb90372f at term 1 for becomeLeader, leader elected after 5244ms
2019-09-18 11:34:37,061 [Thread-714] INFO  impl.FollowerState (FollowerState.java:run(106)) - f23e4d0b-fd16-4e36-87f9-2fb30e2de0f1:group-2690F12A0304 changes to CANDIDATE, lastRpcTime:5128, electionTimeout:5128ms
2019-09-18 11:34:37,061 [48aa6b7c-19e2-4065-8b5b-6a7fc3a6ed8c@group-A368F16BDAFB:LeaderElection16] INFO  server.RaftServerConfigKeys (ConfUtils.java:logGet(43)) - raft.server.rpc.sleep.time = 25ms (default)
2019-09-18 11:34:37,066 [2ca65623-ea22-4647-963d-0640bb90372f@group-A27ACE8155C7:LeaderElection17] INFO  server.RaftServerConfigKeys (ConfUtils.java:logGet(43)) - raft.server.staging.catchup.gap = 1000 (default)
2019-09-18 11:34:37,066 [48aa6b7c-19e2-4065-8b5b-6a7fc3a6ed8c@group-A368F16BDAFB:LeaderElection16] INFO  server.RaftServerConfigKeys (ConfUtils.java:logGet(43)) - raft.server.write.element-limit = 4096 (default)
2019-09-18 11:34:37,066 [Thread-714] INFO  impl.RoleInfo (RoleInfo.java:shutdownFollowerState(121)) - f23e4d0b-fd16-4e36-87f9-2fb30e2de0f1: shutdown FollowerState
2019-09-18 11:34:37,066 [2ca65623-ea22-4647-963d-0640bb90372f@group-A27ACE8155C7:LeaderElection17] INFO  server.RaftServerConfigKeys (ConfUtils.java:logGet(43)) - raft.server.rpc.sleep.time = 25ms (default)
2019-09-18 11:34:37,066 [Thread-714] INFO  impl.RaftServerImpl (RaftServerImpl.java:setRole(174)) - f23e4d0b-fd16-4e36-87f9-2fb30e2de0f1@group-2690F12A0304: changes role from  FOLLOWER to CANDIDATE at term 0 for changeToCandidate
2019-09-18 11:34:37,066 [grpc-default-executor-1] INFO  impl.RaftServerImpl (ServerState.java:setLeader(253)) - 2ca65623-ea22-4647-963d-0640bb90372f@group-3ED13F0C707C: change Leader from null to 479eb58c-4806-44ca-880e-53ce08193011 at term 1 for appendEntries, leader elected after 5211ms
2019-09-18 11:34:37,066 [48aa6b7c-19e2-4065-8b5b-6a7fc3a6ed8c@group-A368F16BDAFB:LeaderElection16] INFO  server.RaftServerConfigKeys (ConfUtils.java:logGet(43)) - raft.server.watch.timeout = 10s (default)
2019-09-18 11:34:37,067 [Thread-714] INFO  impl.RoleInfo (RoleInfo.java:updateAndGet(143)) - f23e4d0b-fd16-4e36-87f9-2fb30e2de0f1: start LeaderElection
2019-09-18 11:34:37,067 [2ca65623-ea22-4647-963d-0640bb90372f@group-A27ACE8155C7:LeaderElection17] INFO  server.RaftServerConfigKeys (ConfUtils.java:logGet(43)) - raft.server.write.element-limit = 4096 (default)
2019-09-18 11:34:37,067 [48aa6b7c-19e2-4065-8b5b-6a7fc3a6ed8c@group-A368F16BDAFB:LeaderElection16] INFO  server.RaftServerConfigKeys (ConfUtils.java:logGet(43)) - raft.server.watch.timeout.denomination = 1s (default)
2019-09-18 11:34:37,069 [2ca65623-ea22-4647-963d-0640bb90372f@group-A27ACE8155C7:LeaderElection17] INFO  server.RaftServerConfigKeys (ConfUtils.java:logGet(43)) - raft.server.watch.timeout = 10s (default)
2019-09-18 11:34:37,072 [48aa6b7c-19e2-4065-8b5b-6a7fc3a6ed8c@group-A368F16BDAFB:LeaderElection16] INFO  server.RaftServerConfigKeys (ConfUtils.java:logGet(43)) - raft.server.watch.element-limit = 65536 (default)
2019-09-18 11:34:37,072 [2ca65623-ea22-4647-963d-0640bb90372f@group-A27ACE8155C7:LeaderElection17] INFO  server.RaftServerConfigKeys (ConfUtils.java:logGet(43)) - raft.server.watch.timeout.denomination = 1s (default)
2019-09-18 11:34:37,073 [2ca65623-ea22-4647-963d-0640bb90372f@group-A27ACE8155C7:LeaderElection17] INFO  server.RaftServerConfigKeys (ConfUtils.java:logGet(43)) - raft.server.watch.element-limit = 65536 (default)
2019-09-18 11:34:37,074 [grpc-default-executor-0] INFO  impl.RaftServerImpl (ServerState.java:setRaftConf(354)) - d2eb4519-41f8-436c-a390-cde303904edf@group-3ED13F0C707C: set configuration 0: [d2eb4519-41f8-436c-a390-cde303904edf:192.168.157.254:44105, 2ca65623-ea22-4647-963d-0640bb90372f:192.168.157.254:38751, 479eb58c-4806-44ca-880e-53ce08193011:192.168.157.254:42192], old=null at 0
2019-09-18 11:34:37,074 [grpc-default-executor-1] INFO  impl.RaftServerImpl (ServerState.java:setRaftConf(354)) - 2ca65623-ea22-4647-963d-0640bb90372f@group-3ED13F0C707C: set configuration 0: [d2eb4519-41f8-436c-a390-cde303904edf:192.168.157.254:44105, 2ca65623-ea22-4647-963d-0640bb90372f:192.168.157.254:38751, 479eb58c-4806-44ca-880e-53ce08193011:192.168.157.254:42192], old=null at 0
2019-09-18 11:34:37,074 [grpc-default-executor-0] INFO  segmented.SegmentedRaftLogWorker (SegmentedRaftLogWorker.java:startLogSegment(380)) - d2eb4519-41f8-436c-a390-cde303904edf@group-3ED13F0C707C-SegmentedRaftLogWorker: Starting segment from index:0
2019-09-18 11:34:37,074 [grpc-default-executor-1] INFO  segmented.SegmentedRaftLogWorker (SegmentedRaftLogWorker.java:startLogSegment(380)) - 2ca65623-ea22-4647-963d-0640bb90372f@group-3ED13F0C707C-SegmentedRaftLogWorker: Starting segment from index:0
2019-09-18 11:34:37,075 [48aa6b7c-19e2-4065-8b5b-6a7fc3a6ed8c@group-A368F16BDAFB:LeaderElection16] INFO  impl.RoleInfo (RoleInfo.java:updateAndGet(143)) - 48aa6b7c-19e2-4065-8b5b-6a7fc3a6ed8c: start LeaderState
2019-09-18 11:34:37,076 [48aa6b7c-19e2-4065-8b5b-6a7fc3a6ed8c@group-A368F16BDAFB:LeaderElection16] INFO  segmented.SegmentedRaftLogWorker (SegmentedRaftLogWorker.java:startLogSegment(380)) - 48aa6b7c-19e2-4065-8b5b-6a7fc3a6ed8c@group-A368F16BDAFB-SegmentedRaftLogWorker: Starting segment from index:0
2019-09-18 11:34:37,076 [2ca65623-ea22-4647-963d-0640bb90372f@group-A27ACE8155C7:LeaderElection17] INFO  impl.RoleInfo (RoleInfo.java:updateAndGet(143)) - 2ca65623-ea22-4647-963d-0640bb90372f: start LeaderState
2019-09-18 11:34:37,076 [2ca65623-ea22-4647-963d-0640bb90372f@group-A27ACE8155C7:LeaderElection17] INFO  segmented.SegmentedRaftLogWorker (SegmentedRaftLogWorker.java:startLogSegment(380)) - 2ca65623-ea22-4647-963d-0640bb90372f@group-A27ACE8155C7-SegmentedRaftLogWorker: Starting segment from index:0
2019-09-18 11:34:37,076 [f23e4d0b-fd16-4e36-87f9-2fb30e2de0f1@group-2690F12A0304:LeaderElection18] INFO  impl.LeaderElection (LeaderElection.java:askForVotes(182)) - f23e4d0b-fd16-4e36-87f9-2fb30e2de0f1@group-2690F12A0304:LeaderElection18: begin an election at term 1 for -1: [f23e4d0b-fd16-4e36-87f9-2fb30e2de0f1:192.168.157.254:39244], old=null
2019-09-18 11:34:37,076 [48aa6b7c-19e2-4065-8b5b-6a7fc3a6ed8c@group-A368F16BDAFB:LeaderElection16] INFO  impl.RaftServerImpl (ServerState.java:setRaftConf(354)) - 48aa6b7c-19e2-4065-8b5b-6a7fc3a6ed8c@group-A368F16BDAFB: set configuration 0: [48aa6b7c-19e2-4065-8b5b-6a7fc3a6ed8c:192.168.157.254:46181], old=null at 0
2019-09-18 11:34:37,112 [f23e4d0b-fd16-4e36-87f9-2fb30e2de0f1@group-2690F12A0304:LeaderElection18] INFO  impl.RoleInfo (RoleInfo.java:shutdownLeaderElection(134)) - f23e4d0b-fd16-4e36-87f9-2fb30e2de0f1: shutdown LeaderElection
2019-09-18 11:34:37,111 [Thread-722] INFO  impl.FollowerState (FollowerState.java:run(106)) - 9a3866a3-945c-43d9-ad49-28fa7f717e26:group-54BACA5574D0 changes to CANDIDATE, lastRpcTime:5056, electionTimeout:5053ms
2019-09-18 11:34:37,150 [f23e4d0b-fd16-4e36-87f9-2fb30e2de0f1@group-2690F12A0304:LeaderElection18] INFO  impl.RaftServerImpl (RaftServerImpl.java:setRole(174)) - f23e4d0b-fd16-4e36-87f9-2fb30e2de0f1@group-2690F12A0304: changes role from CANDIDATE to LEADER at term 1 for changeToLeader
2019-09-18 11:34:37,150 [Thread-722] INFO  impl.RoleInfo (RoleInfo.java:shutdownFollowerState(121)) - 9a3866a3-945c-43d9-ad49-28fa7f717e26: shutdown FollowerState
2019-09-18 11:34:37,150 [2ca65623-ea22-4647-963d-0640bb90372f@group-A27ACE8155C7:LeaderElection17] INFO  impl.RaftServerImpl (ServerState.java:setRaftConf(354)) - 2ca65623-ea22-4647-963d-0640bb90372f@group-A27ACE8155C7: set configuration 0: [2ca65623-ea22-4647-963d-0640bb90372f:192.168.157.254:38751], old=null at 0
2019-09-18 11:34:37,150 [d2eb4519-41f8-436c-a390-cde303904edf@group-3ED13F0C707C-SegmentedRaftLogWorker] INFO  segmented.SegmentedRaftLogWorker (SegmentedRaftLogWorker.java:execute(569)) - d2eb4519-41f8-436c-a390-cde303904edf@group-3ED13F0C707C-SegmentedRaftLogWorker: created new log segment /workdir/hadoop-ozone/integration-test/target/test-dir/MiniOzoneClusterImpl-be355825-eaa2-435a-af82-14347805f592/datanode-1/data/ratis/133174fa-73f6-4c88-90b7-3ed13f0c707c/current/log_inprogress_0
2019-09-18 11:34:37,150 [2ca65623-ea22-4647-963d-0640bb90372f@group-3ED13F0C707C-SegmentedRaftLogWorker] INFO  segmented.SegmentedRaftLogWorker (SegmentedRaftLogWorker.java:execute(569)) - 2ca65623-ea22-4647-963d-0640bb90372f@group-3ED13F0C707C-SegmentedRaftLogWorker: created new log segment /workdir/hadoop-ozone/integration-test/target/test-dir/MiniOzoneClusterImpl-be355825-eaa2-435a-af82-14347805f592/datanode-2/data/ratis/133174fa-73f6-4c88-90b7-3ed13f0c707c/current/log_inprogress_0
2019-09-18 11:34:37,175 [48aa6b7c-19e2-4065-8b5b-6a7fc3a6ed8c@group-A368F16BDAFB-SegmentedRaftLogWorker] INFO  segmented.SegmentedRaftLogWorker (SegmentedRaftLogWorker.java:execute(569)) - 48aa6b7c-19e2-4065-8b5b-6a7fc3a6ed8c@group-A368F16BDAFB-SegmentedRaftLogWorker: created new log segment /workdir/hadoop-ozone/integration-test/target/test-dir/MiniOzoneClusterImpl-be355825-eaa2-435a-af82-14347805f592/datanode-4/data/ratis/297a8afe-4bd3-4aeb-96d5-a368f16bdafb/current/log_inprogress_0
2019-09-18 11:34:37,150 [Thread-722] INFO  impl.RaftServerImpl (RaftServerImpl.java:setRole(174)) - 9a3866a3-945c-43d9-ad49-28fa7f717e26@group-54BACA5574D0: changes role from  FOLLOWER to CANDIDATE at term 0 for changeToCandidate
2019-09-18 11:34:37,150 [f23e4d0b-fd16-4e36-87f9-2fb30e2de0f1@group-2690F12A0304:LeaderElection18] INFO  impl.RaftServerImpl (ServerState.java:setLeader(253)) - f23e4d0b-fd16-4e36-87f9-2fb30e2de0f1@group-2690F12A0304: change Leader from null to f23e4d0b-fd16-4e36-87f9-2fb30e2de0f1 at term 1 for becomeLeader, leader elected after 5224ms
2019-09-18 11:34:37,176 [Thread-722] INFO  impl.RoleInfo (RoleInfo.java:updateAndGet(143)) - 9a3866a3-945c-43d9-ad49-28fa7f717e26: start LeaderElection
2019-09-18 11:34:37,178 [f23e4d0b-fd16-4e36-87f9-2fb30e2de0f1@group-2690F12A0304:LeaderElection18] INFO  server.RaftServerConfigKeys (ConfUtils.java:logGet(43)) - raft.server.staging.catchup.gap = 1000 (default)
2019-09-18 11:34:37,183 [f23e4d0b-fd16-4e36-87f9-2fb30e2de0f1@group-2690F12A0304:LeaderElection18] INFO  server.RaftServerConfigKeys (ConfUtils.java:logGet(43)) - raft.server.rpc.sleep.time = 25ms (default)
2019-09-18 11:34:37,183 [f23e4d0b-fd16-4e36-87f9-2fb30e2de0f1@group-2690F12A0304:LeaderElection18] INFO  server.RaftServerConfigKeys (ConfUtils.java:logGet(43)) - raft.server.write.element-limit = 4096 (default)
2019-09-18 11:34:37,183 [f23e4d0b-fd16-4e36-87f9-2fb30e2de0f1@group-2690F12A0304:LeaderElection18] INFO  server.RaftServerConfigKeys (ConfUtils.java:logGet(43)) - raft.server.watch.timeout = 10s (default)
2019-09-18 11:34:37,184 [f23e4d0b-fd16-4e36-87f9-2fb30e2de0f1@group-2690F12A0304:LeaderElection18] INFO  server.RaftServerConfigKeys (ConfUtils.java:logGet(43)) - raft.server.watch.timeout.denomination = 1s (default)
2019-09-18 11:34:37,184 [f23e4d0b-fd16-4e36-87f9-2fb30e2de0f1@group-2690F12A0304:LeaderElection18] INFO  server.RaftServerConfigKeys (ConfUtils.java:logGet(43)) - raft.server.watch.element-limit = 65536 (default)
2019-09-18 11:34:37,186 [f23e4d0b-fd16-4e36-87f9-2fb30e2de0f1@group-2690F12A0304:LeaderElection18] INFO  impl.RoleInfo (RoleInfo.java:updateAndGet(143)) - f23e4d0b-fd16-4e36-87f9-2fb30e2de0f1: start LeaderState
2019-09-18 11:34:37,186 [f23e4d0b-fd16-4e36-87f9-2fb30e2de0f1@group-2690F12A0304:LeaderElection18] INFO  segmented.SegmentedRaftLogWorker (SegmentedRaftLogWorker.java:startLogSegment(380)) - f23e4d0b-fd16-4e36-87f9-2fb30e2de0f1@group-2690F12A0304-SegmentedRaftLogWorker: Starting segment from index:0
2019-09-18 11:34:37,187 [f23e4d0b-fd16-4e36-87f9-2fb30e2de0f1@group-2690F12A0304:LeaderElection18] INFO  impl.RaftServerImpl (ServerState.java:setRaftConf(354)) - f23e4d0b-fd16-4e36-87f9-2fb30e2de0f1@group-2690F12A0304: set configuration 0: [f23e4d0b-fd16-4e36-87f9-2fb30e2de0f1:192.168.157.254:39244], old=null at 0
2019-09-18 11:34:37,225 [Thread-726] INFO  impl.FollowerState (FollowerState.java:run(106)) - 3731518f-4a75-41f7-a8ac-44e1efdde356:group-7948702E5DAF changes to CANDIDATE, lastRpcTime:5104, electionTimeout:5087ms
2019-09-18 11:34:37,226 [2ca65623-ea22-4647-963d-0640bb90372f@group-A27ACE8155C7-SegmentedRaftLogWorker] INFO  segmented.SegmentedRaftLogWorker (SegmentedRaftLogWorker.java:execute(569)) - 2ca65623-ea22-4647-963d-0640bb90372f@group-A27ACE8155C7-SegmentedRaftLogWorker: created new log segment /workdir/hadoop-ozone/integration-test/target/test-dir/MiniOzoneClusterImpl-be355825-eaa2-435a-af82-14347805f592/datanode-2/data/ratis/f5f29f96-9f3d-4c24-8160-a27ace8155c7/current/log_inprogress_0
2019-09-18 11:34:37,226 [9a3866a3-945c-43d9-ad49-28fa7f717e26@group-54BACA5574D0:LeaderElection19] INFO  impl.LeaderElection (LeaderElection.java:askForVotes(182)) - 9a3866a3-945c-43d9-ad49-28fa7f717e26@group-54BACA5574D0:LeaderElection19: begin an election at term 1 for -1: [9a3866a3-945c-43d9-ad49-28fa7f717e26:192.168.157.254:46807], old=null
2019-09-18 11:34:37,226 [Thread-726] INFO  impl.RoleInfo (RoleInfo.java:shutdownFollowerState(121)) - 3731518f-4a75-41f7-a8ac-44e1efdde356: shutdown FollowerState
2019-09-18 11:34:37,226 [9a3866a3-945c-43d9-ad49-28fa7f717e26@group-54BACA5574D0:LeaderElection19] INFO  impl.RoleInfo (RoleInfo.java:shutdownLeaderElection(134)) - 9a3866a3-945c-43d9-ad49-28fa7f717e26: shutdown LeaderElection
2019-09-18 11:34:37,226 [Thread-726] INFO  impl.RaftServerImpl (RaftServerImpl.java:setRole(174)) - 3731518f-4a75-41f7-a8ac-44e1efdde356@group-7948702E5DAF: changes role from  FOLLOWER to CANDIDATE at term 0 for changeToCandidate
2019-09-18 11:34:37,226 [9a3866a3-945c-43d9-ad49-28fa7f717e26@group-54BACA5574D0:LeaderElection19] INFO  impl.RaftServerImpl (RaftServerImpl.java:setRole(174)) - 9a3866a3-945c-43d9-ad49-28fa7f717e26@group-54BACA5574D0: changes role from CANDIDATE to LEADER at term 1 for changeToLeader
2019-09-18 11:34:37,226 [Thread-726] INFO  impl.RoleInfo (RoleInfo.java:updateAndGet(143)) - 3731518f-4a75-41f7-a8ac-44e1efdde356: start LeaderElection
2019-09-18 11:34:37,227 [9a3866a3-945c-43d9-ad49-28fa7f717e26@group-54BACA5574D0:LeaderElection19] INFO  impl.RaftServerImpl (ServerState.java:setLeader(253)) - 9a3866a3-945c-43d9-ad49-28fa7f717e26@group-54BACA5574D0: change Leader from null to 9a3866a3-945c-43d9-ad49-28fa7f717e26 at term 1 for becomeLeader, leader elected after 5188ms
2019-09-18 11:34:37,231 [9a3866a3-945c-43d9-ad49-28fa7f717e26@group-54BACA5574D0:LeaderElection19] INFO  server.RaftServerConfigKeys (ConfUtils.java:logGet(43)) - raft.server.staging.catchup.gap = 1000 (default)
2019-09-18 11:34:37,234 [9a3866a3-945c-43d9-ad49-28fa7f717e26@group-54BACA5574D0:LeaderElection19] INFO  server.RaftServerConfigKeys (ConfUtils.java:logGet(43)) - raft.server.rpc.sleep.time = 25ms (default)
2019-09-18 11:34:37,234 [9a3866a3-945c-43d9-ad49-28fa7f717e26@group-54BACA5574D0:LeaderElection19] INFO  server.RaftServerConfigKeys (ConfUtils.java:logGet(43)) - raft.server.write.element-limit = 4096 (default)
2019-09-18 11:34:37,234 [9a3866a3-945c-43d9-ad49-28fa7f717e26@group-54BACA5574D0:LeaderElection19] INFO  server.RaftServerConfigKeys (ConfUtils.java:logGet(43)) - raft.server.watch.timeout = 10s (default)
2019-09-18 11:34:37,235 [9a3866a3-945c-43d9-ad49-28fa7f717e26@group-54BACA5574D0:LeaderElection19] INFO  server.RaftServerConfigKeys (ConfUtils.java:logGet(43)) - raft.server.watch.timeout.denomination = 1s (default)
2019-09-18 11:34:37,235 [9a3866a3-945c-43d9-ad49-28fa7f717e26@group-54BACA5574D0:LeaderElection19] INFO  server.RaftServerConfigKeys (ConfUtils.java:logGet(43)) - raft.server.watch.element-limit = 65536 (default)
2019-09-18 11:34:37,238 [9a3866a3-945c-43d9-ad49-28fa7f717e26@group-54BACA5574D0:LeaderElection19] INFO  impl.RoleInfo (RoleInfo.java:updateAndGet(143)) - 9a3866a3-945c-43d9-ad49-28fa7f717e26: start LeaderState
2019-09-18 11:34:37,238 [9a3866a3-945c-43d9-ad49-28fa7f717e26@group-54BACA5574D0:LeaderElection19] INFO  segmented.SegmentedRaftLogWorker (SegmentedRaftLogWorker.java:startLogSegment(380)) - 9a3866a3-945c-43d9-ad49-28fa7f717e26@group-54BACA5574D0-SegmentedRaftLogWorker: Starting segment from index:0
2019-09-18 11:34:37,239 [f23e4d0b-fd16-4e36-87f9-2fb30e2de0f1@group-2690F12A0304-SegmentedRaftLogWorker] INFO  segmented.SegmentedRaftLogWorker (SegmentedRaftLogWorker.java:execute(569)) - f23e4d0b-fd16-4e36-87f9-2fb30e2de0f1@group-2690F12A0304-SegmentedRaftLogWorker: created new log segment /workdir/hadoop-ozone/integration-test/target/test-dir/MiniOzoneClusterImpl-be355825-eaa2-435a-af82-14347805f592/datanode-3/data/ratis/8ceca6d0-1642-4cc7-8171-2690f12a0304/current/log_inprogress_0
2019-09-18 11:34:37,239 [3731518f-4a75-41f7-a8ac-44e1efdde356@group-7948702E5DAF:LeaderElection20] INFO  impl.LeaderElection (LeaderElection.java:askForVotes(182)) - 3731518f-4a75-41f7-a8ac-44e1efdde356@group-7948702E5DAF:LeaderElection20: begin an election at term 1 for -1: [3731518f-4a75-41f7-a8ac-44e1efdde356:192.168.157.254:38958], old=null
2019-09-18 11:34:37,239 [9a3866a3-945c-43d9-ad49-28fa7f717e26@group-54BACA5574D0:LeaderElection19] INFO  impl.RaftServerImpl (ServerState.java:setRaftConf(354)) - 9a3866a3-945c-43d9-ad49-28fa7f717e26@group-54BACA5574D0: set configuration 0: [9a3866a3-945c-43d9-ad49-28fa7f717e26:192.168.157.254:46807], old=null at 0
2019-09-18 11:34:37,239 [3731518f-4a75-41f7-a8ac-44e1efdde356@group-7948702E5DAF:LeaderElection20] INFO  impl.RoleInfo (RoleInfo.java:shutdownLeaderElection(134)) - 3731518f-4a75-41f7-a8ac-44e1efdde356: shutdown LeaderElection
2019-09-18 11:34:37,277 [Thread-733] INFO  impl.FollowerState (FollowerState.java:run(106)) - 9a3866a3-945c-43d9-ad49-28fa7f717e26:group-1140C455E42D changes to CANDIDATE, lastRpcTime:5098, electionTimeout:5062ms
2019-09-18 11:34:37,277 [3731518f-4a75-41f7-a8ac-44e1efdde356@group-7948702E5DAF:LeaderElection20] INFO  impl.RaftServerImpl (RaftServerImpl.java:setRole(174)) - 3731518f-4a75-41f7-a8ac-44e1efdde356@group-7948702E5DAF: changes role from CANDIDATE to LEADER at term 1 for changeToLeader
2019-09-18 11:34:37,278 [Thread-733] INFO  impl.RoleInfo (RoleInfo.java:shutdownFollowerState(121)) - 9a3866a3-945c-43d9-ad49-28fa7f717e26: shutdown FollowerState
2019-09-18 11:34:37,278 [3731518f-4a75-41f7-a8ac-44e1efdde356@group-7948702E5DAF:LeaderElection20] INFO  impl.RaftServerImpl (ServerState.java:setLeader(253)) - 3731518f-4a75-41f7-a8ac-44e1efdde356@group-7948702E5DAF: change Leader from null to 3731518f-4a75-41f7-a8ac-44e1efdde356 at term 1 for becomeLeader, leader elected after 5164ms
2019-09-18 11:34:37,278 [Thread-733] INFO  impl.RaftServerImpl (RaftServerImpl.java:setRole(174)) - 9a3866a3-945c-43d9-ad49-28fa7f717e26@group-1140C455E42D: changes role from  FOLLOWER to CANDIDATE at term 0 for changeToCandidate
2019-09-18 11:34:37,288 [3731518f-4a75-41f7-a8ac-44e1efdde356@group-7948702E5DAF:LeaderElection20] INFO  server.RaftServerConfigKeys (ConfUtils.java:logGet(43)) - raft.server.staging.catchup.gap = 1000 (default)
2019-09-18 11:34:37,288 [Thread-733] INFO  impl.RoleInfo (RoleInfo.java:updateAndGet(143)) - 9a3866a3-945c-43d9-ad49-28fa7f717e26: start LeaderElection
2019-09-18 11:34:37,288 [3731518f-4a75-41f7-a8ac-44e1efdde356@group-7948702E5DAF:LeaderElection20] INFO  server.RaftServerConfigKeys (ConfUtils.java:logGet(43)) - raft.server.rpc.sleep.time = 25ms (default)
2019-09-18 11:34:37,288 [3731518f-4a75-41f7-a8ac-44e1efdde356@group-7948702E5DAF:LeaderElection20] INFO  server.RaftServerConfigKeys (ConfUtils.java:logGet(43)) - raft.server.write.element-limit = 4096 (default)
2019-09-18 11:34:37,291 [9a3866a3-945c-43d9-ad49-28fa7f717e26@group-54BACA5574D0-SegmentedRaftLogWorker] INFO  segmented.SegmentedRaftLogWorker (SegmentedRaftLogWorker.java:execute(569)) - 9a3866a3-945c-43d9-ad49-28fa7f717e26@group-54BACA5574D0-SegmentedRaftLogWorker: created new log segment /workdir/hadoop-ozone/integration-test/target/test-dir/MiniOzoneClusterImpl-be355825-eaa2-435a-af82-14347805f592/datanode-5/data/ratis/dab1574e-a355-4bfd-b8d2-54baca5574d0/current/log_inprogress_0
2019-09-18 11:34:37,294 [3731518f-4a75-41f7-a8ac-44e1efdde356@group-7948702E5DAF:LeaderElection20] INFO  server.RaftServerConfigKeys (ConfUtils.java:logGet(43)) - raft.server.watch.timeout = 10s (default)
2019-09-18 11:34:37,294 [3731518f-4a75-41f7-a8ac-44e1efdde356@group-7948702E5DAF:LeaderElection20] INFO  server.RaftServerConfigKeys (ConfUtils.java:logGet(43)) - raft.server.watch.timeout.denomination = 1s (default)
2019-09-18 11:34:37,294 [3731518f-4a75-41f7-a8ac-44e1efdde356@group-7948702E5DAF:LeaderElection20] INFO  server.RaftServerConfigKeys (ConfUtils.java:logGet(43)) - raft.server.watch.element-limit = 65536 (default)
2019-09-18 11:34:37,297 [3731518f-4a75-41f7-a8ac-44e1efdde356@group-7948702E5DAF:LeaderElection20] INFO  impl.RoleInfo (RoleInfo.java:updateAndGet(143)) - 3731518f-4a75-41f7-a8ac-44e1efdde356: start LeaderState
2019-09-18 11:34:37,297 [3731518f-4a75-41f7-a8ac-44e1efdde356@group-7948702E5DAF:LeaderElection20] INFO  segmented.SegmentedRaftLogWorker (SegmentedRaftLogWorker.java:startLogSegment(380)) - 3731518f-4a75-41f7-a8ac-44e1efdde356@group-7948702E5DAF-SegmentedRaftLogWorker: Starting segment from index:0
2019-09-18 11:34:37,298 [3731518f-4a75-41f7-a8ac-44e1efdde356@group-7948702E5DAF:LeaderElection20] INFO  impl.RaftServerImpl (ServerState.java:setRaftConf(354)) - 3731518f-4a75-41f7-a8ac-44e1efdde356@group-7948702E5DAF: set configuration 0: [3731518f-4a75-41f7-a8ac-44e1efdde356:192.168.157.254:38958], old=null at 0
2019-09-18 11:34:37,339 [Thread-734] INFO  impl.FollowerState (FollowerState.java:run(106)) - f23e4d0b-fd16-4e36-87f9-2fb30e2de0f1:group-1140C455E42D changes to CANDIDATE, lastRpcTime:5159, electionTimeout:5120ms
2019-09-18 11:34:37,339 [9a3866a3-945c-43d9-ad49-28fa7f717e26@group-1140C455E42D:LeaderElection21] INFO  impl.LeaderElection (LeaderElection.java:askForVotes(182)) - 9a3866a3-945c-43d9-ad49-28fa7f717e26@group-1140C455E42D:LeaderElection21: begin an election at term 1 for -1: [9a3866a3-945c-43d9-ad49-28fa7f717e26:192.168.157.254:46807, f23e4d0b-fd16-4e36-87f9-2fb30e2de0f1:192.168.157.254:39244, 3731518f-4a75-41f7-a8ac-44e1efdde356:192.168.157.254:38958], old=null
2019-09-18 11:34:37,340 [Thread-734] INFO  impl.RoleInfo (RoleInfo.java:shutdownFollowerState(121)) - f23e4d0b-fd16-4e36-87f9-2fb30e2de0f1: shutdown FollowerState
2019-09-18 11:34:37,340 [Thread-734] INFO  impl.RaftServerImpl (RaftServerImpl.java:setRole(174)) - f23e4d0b-fd16-4e36-87f9-2fb30e2de0f1@group-1140C455E42D: changes role from  FOLLOWER to CANDIDATE at term 0 for changeToCandidate
2019-09-18 11:34:37,340 [Thread-734] INFO  impl.RoleInfo (RoleInfo.java:updateAndGet(143)) - f23e4d0b-fd16-4e36-87f9-2fb30e2de0f1: start LeaderElection
2019-09-18 11:34:37,348 [Thread-731] INFO  impl.FollowerState (FollowerState.java:run(106)) - 3731518f-4a75-41f7-a8ac-44e1efdde356:group-1140C455E42D changes to CANDIDATE, lastRpcTime:5171, electionTimeout:5171ms
2019-09-18 11:34:37,348 [Thread-731] INFO  impl.RoleInfo (RoleInfo.java:shutdownFollowerState(121)) - 3731518f-4a75-41f7-a8ac-44e1efdde356: shutdown FollowerState
2019-09-18 11:34:37,349 [Thread-731] INFO  impl.RaftServerImpl (RaftServerImpl.java:setRole(174)) - 3731518f-4a75-41f7-a8ac-44e1efdde356@group-1140C455E42D: changes role from  FOLLOWER to CANDIDATE at term 0 for changeToCandidate
2019-09-18 11:34:37,349 [Thread-731] INFO  impl.RoleInfo (RoleInfo.java:updateAndGet(143)) - 3731518f-4a75-41f7-a8ac-44e1efdde356: start LeaderElection
2019-09-18 11:34:37,352 [grpc-default-executor-1] INFO  impl.RaftServerImpl (RaftServerImpl.java:setRole(174)) - 3731518f-4a75-41f7-a8ac-44e1efdde356@group-1140C455E42D: changes role from CANDIDATE to FOLLOWER at term 1 for recognizeCandidate:9a3866a3-945c-43d9-ad49-28fa7f717e26
2019-09-18 11:34:37,352 [grpc-default-executor-1] INFO  impl.RoleInfo (RoleInfo.java:shutdownLeaderElection(134)) - 3731518f-4a75-41f7-a8ac-44e1efdde356: shutdown LeaderElection
2019-09-18 11:34:37,352 [grpc-default-executor-1] INFO  impl.RoleInfo (RoleInfo.java:updateAndGet(143)) - 3731518f-4a75-41f7-a8ac-44e1efdde356: start FollowerState
2019-09-18 11:34:37,352 [3731518f-4a75-41f7-a8ac-44e1efdde356@group-7948702E5DAF-SegmentedRaftLogWorker] INFO  segmented.SegmentedRaftLogWorker (SegmentedRaftLogWorker.java:execute(569)) - 3731518f-4a75-41f7-a8ac-44e1efdde356@group-7948702E5DAF-SegmentedRaftLogWorker: created new log segment /workdir/hadoop-ozone/integration-test/target/test-dir/MiniOzoneClusterImpl-be355825-eaa2-435a-af82-14347805f592/datanode-6/data/ratis/2c83d5f4-2ffe-45f8-a716-7948702e5daf/current/log_inprogress_0
2019-09-18 11:34:37,352 [f23e4d0b-fd16-4e36-87f9-2fb30e2de0f1@group-1140C455E42D:LeaderElection22] INFO  impl.LeaderElection (LeaderElection.java:askForVotes(182)) - f23e4d0b-fd16-4e36-87f9-2fb30e2de0f1@group-1140C455E42D:LeaderElection22: begin an election at term 1 for -1: [9a3866a3-945c-43d9-ad49-28fa7f717e26:192.168.157.254:46807, f23e4d0b-fd16-4e36-87f9-2fb30e2de0f1:192.168.157.254:39244, 3731518f-4a75-41f7-a8ac-44e1efdde356:192.168.157.254:38958], old=null
2019-09-18 11:34:37,366 [grpc-default-executor-0] INFO  impl.RaftServerImpl (RaftServerImpl.java:setRole(174)) - 3731518f-4a75-41f7-a8ac-44e1efdde356@group-1140C455E42D: changes role from  FOLLOWER to FOLLOWER at term 1 for recognizeCandidate:f23e4d0b-fd16-4e36-87f9-2fb30e2de0f1
2019-09-18 11:34:37,366 [grpc-default-executor-0] INFO  impl.RoleInfo (RoleInfo.java:shutdownFollowerState(121)) - 3731518f-4a75-41f7-a8ac-44e1efdde356: shutdown FollowerState
2019-09-18 11:34:37,366 [grpc-default-executor-0] INFO  impl.RoleInfo (RoleInfo.java:updateAndGet(143)) - 3731518f-4a75-41f7-a8ac-44e1efdde356: start FollowerState
2019-09-18 11:34:37,366 [Thread-782] INFO  impl.FollowerState (FollowerState.java:run(115)) - 3731518f-4a75-41f7-a8ac-44e1efdde356: FollowerState was interrupted: java.lang.InterruptedException: sleep interrupted
2019-09-18 11:34:37,368 [9a3866a3-945c-43d9-ad49-28fa7f717e26@group-1140C455E42D:LeaderElection21] INFO  impl.LeaderElection (LeaderElection.java:logAndReturn(56)) - 9a3866a3-945c-43d9-ad49-28fa7f717e26@group-1140C455E42D:LeaderElection21: Election REJECTED; received 2 response(s) [9a3866a3-945c-43d9-ad49-28fa7f717e26<-f23e4d0b-fd16-4e36-87f9-2fb30e2de0f1#0:FAIL-t1, 9a3866a3-945c-43d9-ad49-28fa7f717e26<-3731518f-4a75-41f7-a8ac-44e1efdde356#0:FAIL-t1] and 0 exception(s); 9a3866a3-945c-43d9-ad49-28fa7f717e26@group-1140C455E42D:t1, leader=null, voted=9a3866a3-945c-43d9-ad49-28fa7f717e26, raftlog=9a3866a3-945c-43d9-ad49-28fa7f717e26@group-1140C455E42D-SegmentedRaftLog:OPENED:c-1,f-1,i0, conf=-1: [9a3866a3-945c-43d9-ad49-28fa7f717e26:192.168.157.254:46807, f23e4d0b-fd16-4e36-87f9-2fb30e2de0f1:192.168.157.254:39244, 3731518f-4a75-41f7-a8ac-44e1efdde356:192.168.157.254:38958], old=null
2019-09-18 11:34:37,371 [9a3866a3-945c-43d9-ad49-28fa7f717e26@group-1140C455E42D:LeaderElection21] INFO  impl.RaftServerImpl (RaftServerImpl.java:setRole(174)) - 9a3866a3-945c-43d9-ad49-28fa7f717e26@group-1140C455E42D: changes role from CANDIDATE to FOLLOWER at term 1 for DISCOVERED_A_NEW_TERM
2019-09-18 11:34:37,372 [9a3866a3-945c-43d9-ad49-28fa7f717e26@group-1140C455E42D:LeaderElection21] INFO  impl.RoleInfo (RoleInfo.java:shutdownLeaderElection(134)) - 9a3866a3-945c-43d9-ad49-28fa7f717e26: shutdown LeaderElection
2019-09-18 11:34:37,372 [9a3866a3-945c-43d9-ad49-28fa7f717e26@group-1140C455E42D:LeaderElection21] INFO  impl.RoleInfo (RoleInfo.java:updateAndGet(143)) - 9a3866a3-945c-43d9-ad49-28fa7f717e26: start FollowerState
2019-09-18 11:34:37,378 [grpc-default-executor-1] INFO  client.GrpcClientProtocolClient (GrpcClientProtocolClient.java:onNext(264)) - client-96B35B165DAB->9a3866a3-945c-43d9-ad49-28fa7f717e26: receive RaftClientReply:client-96B35B165DAB->9a3866a3-945c-43d9-ad49-28fa7f717e26@group-1140C455E42D, cid=42, FAILED org.apache.ratis.protocol.NotLeaderException: Server 9a3866a3-945c-43d9-ad49-28fa7f717e26@group-1140C455E42D is not the leader, logIndex=0, commits[9a3866a3-945c-43d9-ad49-28fa7f717e26:c-1]
2019-09-18 11:34:37,392 [f23e4d0b-fd16-4e36-87f9-2fb30e2de0f1@group-1140C455E42D:LeaderElection22] INFO  impl.LeaderElection (LeaderElection.java:logAndReturn(56)) - f23e4d0b-fd16-4e36-87f9-2fb30e2de0f1@group-1140C455E42D:LeaderElection22: Election PASSED; received 2 response(s) [f23e4d0b-fd16-4e36-87f9-2fb30e2de0f1<-9a3866a3-945c-43d9-ad49-28fa7f717e26#0:FAIL-t1, f23e4d0b-fd16-4e36-87f9-2fb30e2de0f1<-3731518f-4a75-41f7-a8ac-44e1efdde356#0:OK-t1] and 0 exception(s); f23e4d0b-fd16-4e36-87f9-2fb30e2de0f1@group-1140C455E42D:t1, leader=null, voted=f23e4d0b-fd16-4e36-87f9-2fb30e2de0f1, raftlog=f23e4d0b-fd16-4e36-87f9-2fb30e2de0f1@group-1140C455E42D-SegmentedRaftLog:OPENED:c-1,f-1,i0, conf=-1: [9a3866a3-945c-43d9-ad49-28fa7f717e26:192.168.157.254:46807, f23e4d0b-fd16-4e36-87f9-2fb30e2de0f1:192.168.157.254:39244, 3731518f-4a75-41f7-a8ac-44e1efdde356:192.168.157.254:38958], old=null
2019-09-18 11:34:37,392 [f23e4d0b-fd16-4e36-87f9-2fb30e2de0f1@group-1140C455E42D:LeaderElection22] INFO  impl.RoleInfo (RoleInfo.java:shutdownLeaderElection(134)) - f23e4d0b-fd16-4e36-87f9-2fb30e2de0f1: shutdown LeaderElection
2019-09-18 11:34:37,394 [f23e4d0b-fd16-4e36-87f9-2fb30e2de0f1@group-1140C455E42D:LeaderElection22] INFO  impl.RaftServerImpl (RaftServerImpl.java:setRole(174)) - f23e4d0b-fd16-4e36-87f9-2fb30e2de0f1@group-1140C455E42D: changes role from CANDIDATE to LEADER at term 1 for changeToLeader
2019-09-18 11:34:37,394 [f23e4d0b-fd16-4e36-87f9-2fb30e2de0f1@group-1140C455E42D:LeaderElection22] INFO  impl.RaftServerImpl (ServerState.java:setLeader(253)) - f23e4d0b-fd16-4e36-87f9-2fb30e2de0f1@group-1140C455E42D: change Leader from null to f23e4d0b-fd16-4e36-87f9-2fb30e2de0f1 at term 1 for becomeLeader, leader elected after 5226ms
2019-09-18 11:34:37,394 [f23e4d0b-fd16-4e36-87f9-2fb30e2de0f1@group-1140C455E42D:LeaderElection22] INFO  server.RaftServerConfigKeys (ConfUtils.java:logGet(43)) - raft.server.staging.catchup.gap = 1000 (default)
2019-09-18 11:34:37,395 [f23e4d0b-fd16-4e36-87f9-2fb30e2de0f1@group-1140C455E42D:LeaderElection22] INFO  server.RaftServerConfigKeys (ConfUtils.java:logGet(43)) - raft.server.rpc.sleep.time = 25ms (default)
2019-09-18 11:34:37,395 [f23e4d0b-fd16-4e36-87f9-2fb30e2de0f1@group-1140C455E42D:LeaderElection22] INFO  server.RaftServerConfigKeys (ConfUtils.java:logGet(43)) - raft.server.write.element-limit = 4096 (default)
2019-09-18 11:34:37,395 [f23e4d0b-fd16-4e36-87f9-2fb30e2de0f1@group-1140C455E42D:LeaderElection22] INFO  server.RaftServerConfigKeys (ConfUtils.java:logGet(43)) - raft.server.watch.timeout = 10s (default)
2019-09-18 11:34:37,395 [f23e4d0b-fd16-4e36-87f9-2fb30e2de0f1@group-1140C455E42D:LeaderElection22] INFO  server.RaftServerConfigKeys (ConfUtils.java:logGet(43)) - raft.server.watch.timeout.denomination = 1s (default)
2019-09-18 11:34:37,395 [f23e4d0b-fd16-4e36-87f9-2fb30e2de0f1@group-1140C455E42D:LeaderElection22] INFO  server.RaftServerConfigKeys (ConfUtils.java:logGet(43)) - raft.server.watch.element-limit = 65536 (default)
2019-09-18 11:34:37,398 [f23e4d0b-fd16-4e36-87f9-2fb30e2de0f1@group-1140C455E42D:LeaderElection22] INFO  server.RaftServerConfigKeys (ConfUtils.java:logGet(43)) - raft.server.log.appender.snapshot.chunk.size.max = 16MB (=16777216) (default)
2019-09-18 11:34:37,398 [f23e4d0b-fd16-4e36-87f9-2fb30e2de0f1@group-1140C455E42D:LeaderElection22] INFO  server.RaftServerConfigKeys (ConfUtils.java:logGet(43)) - raft.server.log.appender.buffer.byte-limit = 33554432 (custom)
2019-09-18 11:34:37,398 [f23e4d0b-fd16-4e36-87f9-2fb30e2de0f1@group-1140C455E42D:LeaderElection22] INFO  server.RaftServerConfigKeys (ConfUtils.java:logGet(43)) - raft.server.log.appender.buffer.element-limit = 1 (custom)
2019-09-18 11:34:37,398 [f23e4d0b-fd16-4e36-87f9-2fb30e2de0f1@group-1140C455E42D:LeaderElection22] INFO  grpc.GrpcConfigKeys$Server (ConfUtils.java:logGet(43)) - raft.grpc.server.leader.outstanding.appends.max = 128 (default)
2019-09-18 11:34:37,398 [f23e4d0b-fd16-4e36-87f9-2fb30e2de0f1@group-1140C455E42D:LeaderElection22] INFO  server.RaftServerConfigKeys (ConfUtils.java:logGet(43)) - raft.server.rpc.request.timeout = 3000ms (default)
2019-09-18 11:34:37,399 [f23e4d0b-fd16-4e36-87f9-2fb30e2de0f1@group-1140C455E42D:LeaderElection22] INFO  server.RaftServerConfigKeys (ConfUtils.java:logGet(43)) - raft.server.log.appender.install.snapshot.enabled = false (custom)
2019-09-18 11:34:37,399 [f23e4d0b-fd16-4e36-87f9-2fb30e2de0f1@group-1140C455E42D:LeaderElection22] INFO  server.RaftServerConfigKeys (ConfUtils.java:logGet(43)) - raft.server.log.appender.snapshot.chunk.size.max = 16MB (=16777216) (default)
2019-09-18 11:34:37,399 [f23e4d0b-fd16-4e36-87f9-2fb30e2de0f1@group-1140C455E42D:LeaderElection22] INFO  server.RaftServerConfigKeys (ConfUtils.java:logGet(43)) - raft.server.log.appender.buffer.byte-limit = 33554432 (custom)
2019-09-18 11:34:37,399 [f23e4d0b-fd16-4e36-87f9-2fb30e2de0f1@group-1140C455E42D:LeaderElection22] INFO  server.RaftServerConfigKeys (ConfUtils.java:logGet(43)) - raft.server.log.appender.buffer.element-limit = 1 (custom)
2019-09-18 11:34:37,400 [f23e4d0b-fd16-4e36-87f9-2fb30e2de0f1@group-1140C455E42D:LeaderElection22] INFO  grpc.GrpcConfigKeys$Server (ConfUtils.java:logGet(43)) - raft.grpc.server.leader.outstanding.appends.max = 128 (default)
2019-09-18 11:34:37,400 [f23e4d0b-fd16-4e36-87f9-2fb30e2de0f1@group-1140C455E42D:LeaderElection22] INFO  server.RaftServerConfigKeys (ConfUtils.java:logGet(43)) - raft.server.rpc.request.timeout = 3000ms (default)
2019-09-18 11:34:37,400 [f23e4d0b-fd16-4e36-87f9-2fb30e2de0f1@group-1140C455E42D:LeaderElection22] INFO  server.RaftServerConfigKeys (ConfUtils.java:logGet(43)) - raft.server.log.appender.install.snapshot.enabled = false (custom)
2019-09-18 11:34:37,400 [f23e4d0b-fd16-4e36-87f9-2fb30e2de0f1@group-1140C455E42D:LeaderElection22] INFO  impl.RoleInfo (RoleInfo.java:updateAndGet(143)) - f23e4d0b-fd16-4e36-87f9-2fb30e2de0f1: start LeaderState
2019-09-18 11:34:37,400 [f23e4d0b-fd16-4e36-87f9-2fb30e2de0f1@group-1140C455E42D:LeaderElection22] INFO  segmented.SegmentedRaftLogWorker (SegmentedRaftLogWorker.java:startLogSegment(380)) - f23e4d0b-fd16-4e36-87f9-2fb30e2de0f1@group-1140C455E42D-SegmentedRaftLogWorker: Starting segment from index:0
2019-09-18 11:34:37,401 [f23e4d0b-fd16-4e36-87f9-2fb30e2de0f1@group-1140C455E42D:LeaderElection22] INFO  impl.RaftServerImpl (ServerState.java:setRaftConf(354)) - f23e4d0b-fd16-4e36-87f9-2fb30e2de0f1@group-1140C455E42D: set configuration 0: [9a3866a3-945c-43d9-ad49-28fa7f717e26:192.168.157.254:46807, f23e4d0b-fd16-4e36-87f9-2fb30e2de0f1:192.168.157.254:39244, 3731518f-4a75-41f7-a8ac-44e1efdde356:192.168.157.254:38958], old=null at 0
2019-09-18 11:34:37,437 [3731518f-4a75-41f7-a8ac-44e1efdde356@group-1140C455E42D:LeaderElection23] INFO  impl.LeaderElection (LeaderElection.java:askForVotes(182)) - 3731518f-4a75-41f7-a8ac-44e1efdde356@group-1140C455E42D:LeaderElection23: begin an election at term 2 for -1: [9a3866a3-945c-43d9-ad49-28fa7f717e26:192.168.157.254:46807, f23e4d0b-fd16-4e36-87f9-2fb30e2de0f1:192.168.157.254:39244, 3731518f-4a75-41f7-a8ac-44e1efdde356:192.168.157.254:38958], old=null
2019-09-18 11:34:37,440 [3731518f-4a75-41f7-a8ac-44e1efdde356@group-1140C455E42D:LeaderElection23] INFO  impl.LeaderElection (LeaderElection.java:logAndReturn(56)) - 3731518f-4a75-41f7-a8ac-44e1efdde356@group-1140C455E42D:LeaderElection23: Election REJECTED; received 0 response(s) [] and 0 exception(s); 3731518f-4a75-41f7-a8ac-44e1efdde356@group-1140C455E42D:t2, leader=null, voted=3731518f-4a75-41f7-a8ac-44e1efdde356, raftlog=3731518f-4a75-41f7-a8ac-44e1efdde356@group-1140C455E42D-SegmentedRaftLog:OPENED:c-1,f-1,i0, conf=-1: [9a3866a3-945c-43d9-ad49-28fa7f717e26:192.168.157.254:46807, f23e4d0b-fd16-4e36-87f9-2fb30e2de0f1:192.168.157.254:39244, 3731518f-4a75-41f7-a8ac-44e1efdde356:192.168.157.254:38958], old=null
2019-09-18 11:34:37,443 [grpc-default-executor-2] INFO  impl.RaftServerImpl (ServerState.java:setLeader(253)) - 9a3866a3-945c-43d9-ad49-28fa7f717e26@group-1140C455E42D: change Leader from null to f23e4d0b-fd16-4e36-87f9-2fb30e2de0f1 at term 1 for appendEntries, leader elected after 5276ms
2019-09-18 11:34:37,446 [Thread-789] INFO  impl.RaftServerImpl (ServerState.java:setLeader(253)) - f23e4d0b-fd16-4e36-87f9-2fb30e2de0f1@group-1140C455E42D: change Leader from f23e4d0b-fd16-4e36-87f9-2fb30e2de0f1 to null at term 2 for updateCurrentTerm
2019-09-18 11:34:37,449 [f23e4d0b-fd16-4e36-87f9-2fb30e2de0f1@group-1140C455E42D-SegmentedRaftLogWorker] INFO  segmented.SegmentedRaftLogWorker (SegmentedRaftLogWorker.java:execute(569)) - f23e4d0b-fd16-4e36-87f9-2fb30e2de0f1@group-1140C455E42D-SegmentedRaftLogWorker: created new log segment /workdir/hadoop-ozone/integration-test/target/test-dir/MiniOzoneClusterImpl-be355825-eaa2-435a-af82-14347805f592/datanode-3/data/ratis/2c76fec6-3ae7-49f1-86d4-1140c455e42d/current/log_inprogress_0
2019-09-18 11:34:37,449 [Thread-789] INFO  impl.RaftServerImpl (RaftServerImpl.java:setRole(174)) - f23e4d0b-fd16-4e36-87f9-2fb30e2de0f1@group-1140C455E42D: changes role from    LEADER to FOLLOWER at term 2 for stepDown
2019-09-18 11:34:37,449 [Thread-789] INFO  impl.RoleInfo (RoleInfo.java:shutdownLeaderState(104)) - f23e4d0b-fd16-4e36-87f9-2fb30e2de0f1: shutdown LeaderState
2019-09-18 11:34:37,452 [grpc-default-executor-2] INFO  impl.RaftServerImpl (ServerState.java:setLeader(253)) - 9a3866a3-945c-43d9-ad49-28fa7f717e26@group-1140C455E42D: change Leader from f23e4d0b-fd16-4e36-87f9-2fb30e2de0f1 to null at term 2 for updateCurrentTerm
2019-09-18 11:34:37,452 [org.apache.ratis.server.impl.LogAppender$AppenderDaemon$$Lambda$519/439395022@43d8a99] WARN  server.GrpcLogAppender (GrpcLogAppender.java:mayWait(143)) - f23e4d0b-fd16-4e36-87f9-2fb30e2de0f1@group-1140C455E42D->3731518f-4a75-41f7-a8ac-44e1efdde356-GrpcLogAppender: Wait interrupted by java.lang.InterruptedException
2019-09-18 11:34:37,453 [grpc-default-executor-2] INFO  impl.RaftServerImpl (RaftServerImpl.java:setRole(174)) - 9a3866a3-945c-43d9-ad49-28fa7f717e26@group-1140C455E42D: changes role from  FOLLOWER to FOLLOWER at term 2 for recognizeCandidate:3731518f-4a75-41f7-a8ac-44e1efdde356
2019-09-18 11:34:37,459 [grpc-default-executor-2] INFO  impl.RoleInfo (RoleInfo.java:shutdownFollowerState(121)) - 9a3866a3-945c-43d9-ad49-28fa7f717e26: shutdown FollowerState
2019-09-18 11:34:37,452 [org.apache.ratis.server.impl.LogAppender$AppenderDaemon$$Lambda$519/439395022@2d2395da] WARN  server.GrpcLogAppender (GrpcLogAppender.java:mayWait(143)) - f23e4d0b-fd16-4e36-87f9-2fb30e2de0f1@group-1140C455E42D->9a3866a3-945c-43d9-ad49-28fa7f717e26-GrpcLogAppender: Wait interrupted by java.lang.InterruptedException
2019-09-18 11:34:37,452 [Thread-789] INFO  impl.PendingRequests (PendingRequests.java:sendNotLeaderResponses(202)) - f23e4d0b-fd16-4e36-87f9-2fb30e2de0f1-PendingRequests: sendNotLeaderResponses
2019-09-18 11:34:37,459 [grpc-default-executor-4] INFO  server.GrpcServerProtocolService (GrpcServerProtocolService.java:onCompleted(113)) - 3731518f-4a75-41f7-a8ac-44e1efdde356: Completed APPEND_ENTRIES, lastRequest: f23e4d0b-fd16-4e36-87f9-2fb30e2de0f1->3731518f-4a75-41f7-a8ac-44e1efdde356#0-t1, previous=(t:0, i:0), leaderCommit=-1, initializing? false, entries: <empty>
2019-09-18 11:34:37,459 [Thread-787] INFO  impl.FollowerState (FollowerState.java:run(115)) - 9a3866a3-945c-43d9-ad49-28fa7f717e26: FollowerState was interrupted: java.lang.InterruptedException: sleep interrupted
2019-09-18 11:34:37,459 [grpc-default-executor-2] INFO  impl.RoleInfo (RoleInfo.java:updateAndGet(143)) - 9a3866a3-945c-43d9-ad49-28fa7f717e26: start FollowerState
2019-09-18 11:34:37,460 [Thread-789] INFO  impl.RoleInfo (RoleInfo.java:updateAndGet(143)) - f23e4d0b-fd16-4e36-87f9-2fb30e2de0f1: start FollowerState
2019-09-18 11:34:37,462 [grpc-default-executor-5] INFO  server.GrpcLogAppender (GrpcLogAppender.java:onCompleted(293)) - f23e4d0b-fd16-4e36-87f9-2fb30e2de0f1@group-1140C455E42D->3731518f-4a75-41f7-a8ac-44e1efdde356-AppendLogResponseHandler: follower responses appendEntries COMPLETED
2019-09-18 11:34:37,464 [grpc-default-executor-5] INFO  impl.FollowerInfo (FollowerInfo.java:lambda$new$0(51)) - f23e4d0b-fd16-4e36-87f9-2fb30e2de0f1@group-1140C455E42D->3731518f-4a75-41f7-a8ac-44e1efdde356: nextIndex: updateUnconditionally 0 -> 0
2019-09-18 11:34:37,477 [grpc-default-executor-0] INFO  impl.RaftServerImpl (RaftServerImpl.java:setRole(174)) - f23e4d0b-fd16-4e36-87f9-2fb30e2de0f1@group-1140C455E42D: changes role from  FOLLOWER to FOLLOWER at term 2 for recognizeCandidate:3731518f-4a75-41f7-a8ac-44e1efdde356
2019-09-18 11:34:37,477 [grpc-default-executor-0] INFO  impl.RoleInfo (RoleInfo.java:shutdownFollowerState(121)) - f23e4d0b-fd16-4e36-87f9-2fb30e2de0f1: shutdown FollowerState
2019-09-18 11:34:37,477 [grpc-default-executor-1] INFO  server.GrpcServerProtocolService (GrpcServerProtocolService.java:onCompleted(113)) - 9a3866a3-945c-43d9-ad49-28fa7f717e26: Completed APPEND_ENTRIES, lastRequest: f23e4d0b-fd16-4e36-87f9-2fb30e2de0f1->9a3866a3-945c-43d9-ad49-28fa7f717e26#1-t1, previous=(t:0, i:0), leaderCommit=-1, initializing? false, entries: size=1, first=(t:1, i:0), CONFIGURATIONENTRY
2019-09-18 11:34:37,477 [Thread-798] INFO  impl.FollowerState (FollowerState.java:run(115)) - f23e4d0b-fd16-4e36-87f9-2fb30e2de0f1: FollowerState was interrupted: java.lang.InterruptedException: sleep interrupted
2019-09-18 11:34:37,477 [grpc-default-executor-0] INFO  impl.RoleInfo (RoleInfo.java:updateAndGet(143)) - f23e4d0b-fd16-4e36-87f9-2fb30e2de0f1: start FollowerState
2019-09-18 11:34:37,479 [grpc-default-executor-1] INFO  server.GrpcLogAppender (GrpcLogAppender.java:onCompleted(293)) - f23e4d0b-fd16-4e36-87f9-2fb30e2de0f1@group-1140C455E42D->9a3866a3-945c-43d9-ad49-28fa7f717e26-AppendLogResponseHandler: follower responses appendEntries COMPLETED
2019-09-18 11:34:37,482 [grpc-default-executor-1] INFO  impl.FollowerInfo (FollowerInfo.java:lambda$new$0(51)) - f23e4d0b-fd16-4e36-87f9-2fb30e2de0f1@group-1140C455E42D->9a3866a3-945c-43d9-ad49-28fa7f717e26: nextIndex: updateUnconditionally 1 -> 0
2019-09-18 11:34:38,400 [grpc-default-executor-1] INFO  client.GrpcClientProtocolClient (GrpcClientProtocolClient.java:onNext(264)) - client-96B35B165DAB->f23e4d0b-fd16-4e36-87f9-2fb30e2de0f1: receive RaftClientReply:client-96B35B165DAB->f23e4d0b-fd16-4e36-87f9-2fb30e2de0f1@group-1140C455E42D, cid=42, FAILED org.apache.ratis.protocol.NotLeaderException: Server f23e4d0b-fd16-4e36-87f9-2fb30e2de0f1@group-1140C455E42D is not the leader, logIndex=0, commits[f23e4d0b-fd16-4e36-87f9-2fb30e2de0f1:c-1, 9a3866a3-945c-43d9-ad49-28fa7f717e26:c-1, 3731518f-4a75-41f7-a8ac-44e1efdde356:c-1]
2019-09-18 11:34:39,444 [grpc-default-executor-1] INFO  client.GrpcClientProtocolClient (GrpcClientProtocolClient.java:onNext(264)) - client-96B35B165DAB->9a3866a3-945c-43d9-ad49-28fa7f717e26: receive RaftClientReply:client-96B35B165DAB->9a3866a3-945c-43d9-ad49-28fa7f717e26@group-1140C455E42D, cid=42, FAILED org.apache.ratis.protocol.NotLeaderException: Server 9a3866a3-945c-43d9-ad49-28fa7f717e26@group-1140C455E42D is not the leader, logIndex=0, commits[9a3866a3-945c-43d9-ad49-28fa7f717e26:c-1, f23e4d0b-fd16-4e36-87f9-2fb30e2de0f1:c-1, 3731518f-4a75-41f7-a8ac-44e1efdde356:c-1]
2019-09-18 11:34:40,464 [grpc-default-executor-0] INFO  client.GrpcClientProtocolClient (GrpcClientProtocolClient.java:onNext(264)) - client-96B35B165DAB->f23e4d0b-fd16-4e36-87f9-2fb30e2de0f1: receive RaftClientReply:client-96B35B165DAB->f23e4d0b-fd16-4e36-87f9-2fb30e2de0f1@group-1140C455E42D, cid=42, FAILED org.apache.ratis.protocol.NotLeaderException: Server f23e4d0b-fd16-4e36-87f9-2fb30e2de0f1@group-1140C455E42D is not the leader, logIndex=0, commits[f23e4d0b-fd16-4e36-87f9-2fb30e2de0f1:c-1, 9a3866a3-945c-43d9-ad49-28fa7f717e26:c-1, 3731518f-4a75-41f7-a8ac-44e1efdde356:c-1]
2019-09-18 11:34:41,667 [grpc-default-executor-1] INFO  client.GrpcClientProtocolClient (GrpcClientProtocolClient.java:onNext(264)) - client-96B35B165DAB->9a3866a3-945c-43d9-ad49-28fa7f717e26: receive RaftClientReply:client-96B35B165DAB->9a3866a3-945c-43d9-ad49-28fa7f717e26@group-1140C455E42D, cid=42, FAILED org.apache.ratis.protocol.NotLeaderException: Server 9a3866a3-945c-43d9-ad49-28fa7f717e26@group-1140C455E42D is not the leader, logIndex=0, commits[9a3866a3-945c-43d9-ad49-28fa7f717e26:c-1, f23e4d0b-fd16-4e36-87f9-2fb30e2de0f1:c-1, 3731518f-4a75-41f7-a8ac-44e1efdde356:c-1]
2019-09-18 11:34:42,524 [Thread-786] INFO  impl.FollowerState (FollowerState.java:run(106)) - 3731518f-4a75-41f7-a8ac-44e1efdde356:group-1140C455E42D changes to CANDIDATE, lastRpcTime:5158, electionTimeout:5156ms
2019-09-18 11:34:42,528 [Thread-786] INFO  impl.RoleInfo (RoleInfo.java:shutdownFollowerState(121)) - 3731518f-4a75-41f7-a8ac-44e1efdde356: shutdown FollowerState
2019-09-18 11:34:42,529 [Thread-786] INFO  impl.RaftServerImpl (RaftServerImpl.java:setRole(174)) - 3731518f-4a75-41f7-a8ac-44e1efdde356@group-1140C455E42D: changes role from  FOLLOWER to CANDIDATE at term 2 for changeToCandidate
2019-09-18 11:34:42,529 [Thread-786] INFO  impl.RoleInfo (RoleInfo.java:updateAndGet(143)) - 3731518f-4a75-41f7-a8ac-44e1efdde356: start LeaderElection
2019-09-18 11:34:42,546 [3731518f-4a75-41f7-a8ac-44e1efdde356@group-1140C455E42D:LeaderElection24] INFO  impl.LeaderElection (LeaderElection.java:askForVotes(182)) - 3731518f-4a75-41f7-a8ac-44e1efdde356@group-1140C455E42D:LeaderElection24: begin an election at term 3 for -1: [9a3866a3-945c-43d9-ad49-28fa7f717e26:192.168.157.254:46807, f23e4d0b-fd16-4e36-87f9-2fb30e2de0f1:192.168.157.254:39244, 3731518f-4a75-41f7-a8ac-44e1efdde356:192.168.157.254:38958], old=null
2019-09-18 11:34:42,553 [grpc-default-executor-1] INFO  impl.RaftServerImpl (RaftServerImpl.java:setRole(174)) - f23e4d0b-fd16-4e36-87f9-2fb30e2de0f1@group-1140C455E42D: changes role from  FOLLOWER to FOLLOWER at term 3 for recognizeCandidate:3731518f-4a75-41f7-a8ac-44e1efdde356
2019-09-18 11:34:42,553 [grpc-default-executor-0] INFO  impl.RaftServerImpl (RaftServerImpl.java:setRole(174)) - 9a3866a3-945c-43d9-ad49-28fa7f717e26@group-1140C455E42D: changes role from  FOLLOWER to FOLLOWER at term 3 for recognizeCandidate:3731518f-4a75-41f7-a8ac-44e1efdde356
2019-09-18 11:34:42,553 [grpc-default-executor-1] INFO  impl.RoleInfo (RoleInfo.java:shutdownFollowerState(121)) - f23e4d0b-fd16-4e36-87f9-2fb30e2de0f1: shutdown FollowerState
2019-09-18 11:34:42,553 [grpc-default-executor-0] INFO  impl.RoleInfo (RoleInfo.java:shutdownFollowerState(121)) - 9a3866a3-945c-43d9-ad49-28fa7f717e26: shutdown FollowerState
2019-09-18 11:34:42,553 [Thread-799] INFO  impl.FollowerState (FollowerState.java:run(115)) - f23e4d0b-fd16-4e36-87f9-2fb30e2de0f1: FollowerState was interrupted: java.lang.InterruptedException: sleep interrupted
2019-09-18 11:34:42,553 [grpc-default-executor-1] INFO  impl.RoleInfo (RoleInfo.java:updateAndGet(143)) - f23e4d0b-fd16-4e36-87f9-2fb30e2de0f1: start FollowerState
2019-09-18 11:34:42,554 [Thread-797] INFO  impl.FollowerState (FollowerState.java:run(115)) - 9a3866a3-945c-43d9-ad49-28fa7f717e26: FollowerState was interrupted: java.lang.InterruptedException: sleep interrupted
2019-09-18 11:34:42,554 [grpc-default-executor-0] INFO  impl.RoleInfo (RoleInfo.java:updateAndGet(143)) - 9a3866a3-945c-43d9-ad49-28fa7f717e26: start FollowerState
2019-09-18 11:34:42,574 [3731518f-4a75-41f7-a8ac-44e1efdde356@group-1140C455E42D:LeaderElection24] INFO  impl.LeaderElection (LeaderElection.java:logAndReturn(56)) - 3731518f-4a75-41f7-a8ac-44e1efdde356@group-1140C455E42D:LeaderElection24: Election PASSED; received 2 response(s) [3731518f-4a75-41f7-a8ac-44e1efdde356<-9a3866a3-945c-43d9-ad49-28fa7f717e26#0:OK-t3, 3731518f-4a75-41f7-a8ac-44e1efdde356<-f23e4d0b-fd16-4e36-87f9-2fb30e2de0f1#0:FAIL-t3] and 0 exception(s); 3731518f-4a75-41f7-a8ac-44e1efdde356@group-1140C455E42D:t3, leader=null, voted=3731518f-4a75-41f7-a8ac-44e1efdde356, raftlog=3731518f-4a75-41f7-a8ac-44e1efdde356@group-1140C455E42D-SegmentedRaftLog:OPENED:c-1,f-1,i0, conf=-1: [9a3866a3-945c-43d9-ad49-28fa7f717e26:192.168.157.254:46807, f23e4d0b-fd16-4e36-87f9-2fb30e2de0f1:192.168.157.254:39244, 3731518f-4a75-41f7-a8ac-44e1efdde356:192.168.157.254:38958], old=null
2019-09-18 11:34:42,574 [3731518f-4a75-41f7-a8ac-44e1efdde356@group-1140C455E42D:LeaderElection24] INFO  impl.RoleInfo (RoleInfo.java:shutdownLeaderElection(134)) - 3731518f-4a75-41f7-a8ac-44e1efdde356: shutdown LeaderElection
2019-09-18 11:34:42,574 [3731518f-4a75-41f7-a8ac-44e1efdde356@group-1140C455E42D:LeaderElection24] INFO  impl.RaftServerImpl (RaftServerImpl.java:setRole(174)) - 3731518f-4a75-41f7-a8ac-44e1efdde356@group-1140C455E42D: changes role from CANDIDATE to LEADER at term 3 for changeToLeader
2019-09-18 11:34:42,574 [3731518f-4a75-41f7-a8ac-44e1efdde356@group-1140C455E42D:LeaderElection24] INFO  impl.RaftServerImpl (ServerState.java:setLeader(253)) - 3731518f-4a75-41f7-a8ac-44e1efdde356@group-1140C455E42D: change Leader from null to 3731518f-4a75-41f7-a8ac-44e1efdde356 at term 3 for becomeLeader, leader elected after 10407ms
2019-09-18 11:34:42,575 [3731518f-4a75-41f7-a8ac-44e1efdde356@group-1140C455E42D:LeaderElection24] INFO  server.RaftServerConfigKeys (ConfUtils.java:logGet(43)) - raft.server.staging.catchup.gap = 1000 (default)
2019-09-18 11:34:42,575 [3731518f-4a75-41f7-a8ac-44e1efdde356@group-1140C455E42D:LeaderElection24] INFO  server.RaftServerConfigKeys (ConfUtils.java:logGet(43)) - raft.server.rpc.sleep.time = 25ms (default)
2019-09-18 11:34:42,575 [3731518f-4a75-41f7-a8ac-44e1efdde356@group-1140C455E42D:LeaderElection24] INFO  server.RaftServerConfigKeys (ConfUtils.java:logGet(43)) - raft.server.write.element-limit = 4096 (default)
2019-09-18 11:34:42,575 [3731518f-4a75-41f7-a8ac-44e1efdde356@group-1140C455E42D:LeaderElection24] INFO  server.RaftServerConfigKeys (ConfUtils.java:logGet(43)) - raft.server.watch.timeout = 10s (default)
2019-09-18 11:34:42,576 [3731518f-4a75-41f7-a8ac-44e1efdde356@group-1140C455E42D:LeaderElection24] INFO  server.RaftServerConfigKeys (ConfUtils.java:logGet(43)) - raft.server.watch.timeout.denomination = 1s (default)
2019-09-18 11:34:42,576 [3731518f-4a75-41f7-a8ac-44e1efdde356@group-1140C455E42D:LeaderElection24] INFO  server.RaftServerConfigKeys (ConfUtils.java:logGet(43)) - raft.server.watch.element-limit = 65536 (default)
2019-09-18 11:34:42,580 [3731518f-4a75-41f7-a8ac-44e1efdde356@group-1140C455E42D:LeaderElection24] INFO  server.RaftServerConfigKeys (ConfUtils.java:logGet(43)) - raft.server.log.appender.snapshot.chunk.size.max = 16MB (=16777216) (default)
2019-09-18 11:34:42,581 [3731518f-4a75-41f7-a8ac-44e1efdde356@group-1140C455E42D:LeaderElection24] INFO  server.RaftServerConfigKeys (ConfUtils.java:logGet(43)) - raft.server.log.appender.buffer.byte-limit = 33554432 (custom)
2019-09-18 11:34:42,581 [3731518f-4a75-41f7-a8ac-44e1efdde356@group-1140C455E42D:LeaderElection24] INFO  server.RaftServerConfigKeys (ConfUtils.java:logGet(43)) - raft.server.log.appender.buffer.element-limit = 1 (custom)
2019-09-18 11:34:42,581 [3731518f-4a75-41f7-a8ac-44e1efdde356@group-1140C455E42D:LeaderElection24] INFO  grpc.GrpcConfigKeys$Server (ConfUtils.java:logGet(43)) - raft.grpc.server.leader.outstanding.appends.max = 128 (default)
2019-09-18 11:34:42,581 [3731518f-4a75-41f7-a8ac-44e1efdde356@group-1140C455E42D:LeaderElection24] INFO  server.RaftServerConfigKeys (ConfUtils.java:logGet(43)) - raft.server.rpc.request.timeout = 3000ms (default)
2019-09-18 11:34:42,582 [3731518f-4a75-41f7-a8ac-44e1efdde356@group-1140C455E42D:LeaderElection24] INFO  server.RaftServerConfigKeys (ConfUtils.java:logGet(43)) - raft.server.log.appender.install.snapshot.enabled = false (custom)
2019-09-18 11:34:42,582 [3731518f-4a75-41f7-a8ac-44e1efdde356@group-1140C455E42D:LeaderElection24] INFO  server.RaftServerConfigKeys (ConfUtils.java:logGet(43)) - raft.server.log.appender.snapshot.chunk.size.max = 16MB (=16777216) (default)
2019-09-18 11:34:42,582 [3731518f-4a75-41f7-a8ac-44e1efdde356@group-1140C455E42D:LeaderElection24] INFO  server.RaftServerConfigKeys (ConfUtils.java:logGet(43)) - raft.server.log.appender.buffer.byte-limit = 33554432 (custom)
2019-09-18 11:34:42,582 [3731518f-4a75-41f7-a8ac-44e1efdde356@group-1140C455E42D:LeaderElection24] INFO  server.RaftServerConfigKeys (ConfUtils.java:logGet(43)) - raft.server.log.appender.buffer.element-limit = 1 (custom)
2019-09-18 11:34:42,583 [3731518f-4a75-41f7-a8ac-44e1efdde356@group-1140C455E42D:LeaderElection24] INFO  grpc.GrpcConfigKeys$Server (ConfUtils.java:logGet(43)) - raft.grpc.server.leader.outstanding.appends.max = 128 (default)
2019-09-18 11:34:42,583 [3731518f-4a75-41f7-a8ac-44e1efdde356@group-1140C455E42D:LeaderElection24] INFO  server.RaftServerConfigKeys (ConfUtils.java:logGet(43)) - raft.server.rpc.request.timeout = 3000ms (default)
2019-09-18 11:34:42,583 [3731518f-4a75-41f7-a8ac-44e1efdde356@group-1140C455E42D:LeaderElection24] INFO  server.RaftServerConfigKeys (ConfUtils.java:logGet(43)) - raft.server.log.appender.install.snapshot.enabled = false (custom)
2019-09-18 11:34:42,584 [3731518f-4a75-41f7-a8ac-44e1efdde356@group-1140C455E42D:LeaderElection24] INFO  impl.RoleInfo (RoleInfo.java:updateAndGet(143)) - 3731518f-4a75-41f7-a8ac-44e1efdde356: start LeaderState
2019-09-18 11:34:42,584 [3731518f-4a75-41f7-a8ac-44e1efdde356@group-1140C455E42D:LeaderElection24] INFO  segmented.SegmentedRaftLogWorker (SegmentedRaftLogWorker.java:startLogSegment(380)) - 3731518f-4a75-41f7-a8ac-44e1efdde356@group-1140C455E42D-SegmentedRaftLogWorker: Starting segment from index:0
2019-09-18 11:34:42,585 [3731518f-4a75-41f7-a8ac-44e1efdde356@group-1140C455E42D:LeaderElection24] INFO  impl.RaftServerImpl (ServerState.java:setRaftConf(354)) - 3731518f-4a75-41f7-a8ac-44e1efdde356@group-1140C455E42D: set configuration 0: [9a3866a3-945c-43d9-ad49-28fa7f717e26:192.168.157.254:46807, f23e4d0b-fd16-4e36-87f9-2fb30e2de0f1:192.168.157.254:39244, 3731518f-4a75-41f7-a8ac-44e1efdde356:192.168.157.254:38958], old=null at 0
2019-09-18 11:34:42,586 [grpc-default-executor-0] INFO  impl.RaftServerImpl (ServerState.java:setLeader(253)) - 9a3866a3-945c-43d9-ad49-28fa7f717e26@group-1140C455E42D: change Leader from null to 3731518f-4a75-41f7-a8ac-44e1efdde356 at term 3 for appendEntries, leader elected after 5136ms
2019-09-18 11:34:42,618 [grpc-default-executor-1] INFO  impl.RaftServerImpl (ServerState.java:setLeader(253)) - f23e4d0b-fd16-4e36-87f9-2fb30e2de0f1@group-1140C455E42D: change Leader from null to 3731518f-4a75-41f7-a8ac-44e1efdde356 at term 3 for appendEntries, leader elected after 5172ms
2019-09-18 11:34:42,621 [grpc-default-executor-0] INFO  impl.RaftServerImpl (ServerState.java:setRaftConf(354)) - 9a3866a3-945c-43d9-ad49-28fa7f717e26@group-1140C455E42D: set configuration 0: [9a3866a3-945c-43d9-ad49-28fa7f717e26:192.168.157.254:46807, f23e4d0b-fd16-4e36-87f9-2fb30e2de0f1:192.168.157.254:39244, 3731518f-4a75-41f7-a8ac-44e1efdde356:192.168.157.254:38958], old=null at 0
2019-09-18 11:34:42,621 [grpc-default-executor-0] INFO  segmented.SegmentedRaftLogWorker (SegmentedRaftLogWorker.java:startLogSegment(380)) - 9a3866a3-945c-43d9-ad49-28fa7f717e26@group-1140C455E42D-SegmentedRaftLogWorker: Starting segment from index:0
2019-09-18 11:34:42,621 [grpc-default-executor-1] INFO  impl.RaftServerImpl (ServerState.java:setRaftConf(354)) - f23e4d0b-fd16-4e36-87f9-2fb30e2de0f1@group-1140C455E42D: set configuration 0: [9a3866a3-945c-43d9-ad49-28fa7f717e26:192.168.157.254:46807, f23e4d0b-fd16-4e36-87f9-2fb30e2de0f1:192.168.157.254:39244, 3731518f-4a75-41f7-a8ac-44e1efdde356:192.168.157.254:38958], old=null at 0
2019-09-18 11:34:42,625 [grpc-default-executor-1] INFO  segmented.SegmentedRaftLogWorker (SegmentedRaftLogWorker.java:truncate(396)) - f23e4d0b-fd16-4e36-87f9-2fb30e2de0f1@group-1140C455E42D-SegmentedRaftLogWorker: Truncating segments toTruncate: null
  toDelete: [(0, 0) isOpen? true, length=0, newEndIndex=-1], start index 0
2019-09-18 11:34:42,626 [grpc-default-executor-1] INFO  segmented.SegmentedRaftLogWorker (SegmentedRaftLogWorker.java:startLogSegment(380)) - f23e4d0b-fd16-4e36-87f9-2fb30e2de0f1@group-1140C455E42D-SegmentedRaftLogWorker: Starting segment from index:0
2019-09-18 11:34:42,627 [f23e4d0b-fd16-4e36-87f9-2fb30e2de0f1@group-1140C455E42D-SegmentedRaftLogWorker] INFO  segmented.SegmentedRaftLogWorker (SegmentedRaftLogWorker.java:execute(633)) - f23e4d0b-fd16-4e36-87f9-2fb30e2de0f1@group-1140C455E42D-SegmentedRaftLogWorker: Deleted log file /workdir/hadoop-ozone/integration-test/target/test-dir/MiniOzoneClusterImpl-be355825-eaa2-435a-af82-14347805f592/datanode-3/data/ratis/2c76fec6-3ae7-49f1-86d4-1140c455e42d/current/log_inprogress_0
2019-09-18 11:34:42,627 [f23e4d0b-fd16-4e36-87f9-2fb30e2de0f1@group-1140C455E42D-SegmentedRaftLogWorker] INFO  segmented.SegmentedRaftLogWorker (SegmentedRaftLogWorker.java:lambda$new$0(132)) - f23e4d0b-fd16-4e36-87f9-2fb30e2de0f1@group-1140C455E42D-SegmentedRaftLogWorker: flushIndex: setUnconditionally 0 -> -1
2019-09-18 11:34:42,631 [3731518f-4a75-41f7-a8ac-44e1efdde356@group-1140C455E42D-SegmentedRaftLogWorker] INFO  segmented.SegmentedRaftLogWorker (SegmentedRaftLogWorker.java:execute(569)) - 3731518f-4a75-41f7-a8ac-44e1efdde356@group-1140C455E42D-SegmentedRaftLogWorker: created new log segment /workdir/hadoop-ozone/integration-test/target/test-dir/MiniOzoneClusterImpl-be355825-eaa2-435a-af82-14347805f592/datanode-6/data/ratis/2c76fec6-3ae7-49f1-86d4-1140c455e42d/current/log_inprogress_0
2019-09-18 11:34:42,661 [9a3866a3-945c-43d9-ad49-28fa7f717e26@group-1140C455E42D-SegmentedRaftLogWorker] INFO  segmented.SegmentedRaftLogWorker (SegmentedRaftLogWorker.java:execute(569)) - 9a3866a3-945c-43d9-ad49-28fa7f717e26@group-1140C455E42D-SegmentedRaftLogWorker: created new log segment /workdir/hadoop-ozone/integration-test/target/test-dir/MiniOzoneClusterImpl-be355825-eaa2-435a-af82-14347805f592/datanode-5/data/ratis/2c76fec6-3ae7-49f1-86d4-1140c455e42d/current/log_inprogress_0
2019-09-18 11:34:42,674 [f23e4d0b-fd16-4e36-87f9-2fb30e2de0f1@group-1140C455E42D-SegmentedRaftLogWorker] INFO  segmented.SegmentedRaftLogWorker (SegmentedRaftLogWorker.java:execute(569)) - f23e4d0b-fd16-4e36-87f9-2fb30e2de0f1@group-1140C455E42D-SegmentedRaftLogWorker: created new log segment /workdir/hadoop-ozone/integration-test/target/test-dir/MiniOzoneClusterImpl-be355825-eaa2-435a-af82-14347805f592/datanode-3/data/ratis/2c76fec6-3ae7-49f1-86d4-1140c455e42d/current/log_inprogress_0
2019-09-18 11:34:42,684 [grpc-default-executor-1] INFO  client.GrpcClientProtocolClient (GrpcClientProtocolClient.java:onNext(264)) - client-96B35B165DAB->f23e4d0b-fd16-4e36-87f9-2fb30e2de0f1: receive RaftClientReply:client-96B35B165DAB->f23e4d0b-fd16-4e36-87f9-2fb30e2de0f1@group-1140C455E42D, cid=42, FAILED org.apache.ratis.protocol.NotLeaderException: Server f23e4d0b-fd16-4e36-87f9-2fb30e2de0f1@group-1140C455E42D is not the leader 3731518f-4a75-41f7-a8ac-44e1efdde356:192.168.157.254:38958, logIndex=0, commits[f23e4d0b-fd16-4e36-87f9-2fb30e2de0f1:c-1, 9a3866a3-945c-43d9-ad49-28fa7f717e26:c-1, 3731518f-4a75-41f7-a8ac-44e1efdde356:c-1]
2019-09-18 11:34:43,530 [grpc-default-executor-2] INFO  client.GrpcClientProtocolClient (GrpcClientProtocolClient.java:onNext(264)) - client-96B35B165DAB->3731518f-4a75-41f7-a8ac-44e1efdde356: receive RaftClientReply:client-96B35B165DAB->3731518f-4a75-41f7-a8ac-44e1efdde356@group-1140C455E42D, cid=42, SUCCESS, logIndex=1, commits[3731518f-4a75-41f7-a8ac-44e1efdde356:c2, 9a3866a3-945c-43d9-ad49-28fa7f717e26:c1, f23e4d0b-fd16-4e36-87f9-2fb30e2de0f1:c1]
2019-09-18 11:34:43,545 [grpc-default-executor-0] INFO  client.GrpcClientProtocolClient (GrpcClientProtocolClient.java:onNext(264)) - client-1C9943484C17->f23e4d0b-fd16-4e36-87f9-2fb30e2de0f1: receive RaftClientReply:client-1C9943484C17->f23e4d0b-fd16-4e36-87f9-2fb30e2de0f1@group-1140C455E42D, cid=43, FAILED org.apache.ratis.protocol.NotLeaderException: Server f23e4d0b-fd16-4e36-87f9-2fb30e2de0f1@group-1140C455E42D is not the leader 3731518f-4a75-41f7-a8ac-44e1efdde356:192.168.157.254:38958, logIndex=0, commits[f23e4d0b-fd16-4e36-87f9-2fb30e2de0f1:c1, 9a3866a3-945c-43d9-ad49-28fa7f717e26:c0, 3731518f-4a75-41f7-a8ac-44e1efdde356:c1]
2019-09-18 11:34:47,041 [grpc-default-executor-0] INFO  client.GrpcClientProtocolClient (GrpcClientProtocolClient.java:onNext(264)) - client-1C9943484C17->3731518f-4a75-41f7-a8ac-44e1efdde356: receive RaftClientReply:client-1C9943484C17->3731518f-4a75-41f7-a8ac-44e1efdde356@group-1140C455E42D, cid=43, SUCCESS, logIndex=3, commits[3731518f-4a75-41f7-a8ac-44e1efdde356:c4, 9a3866a3-945c-43d9-ad49-28fa7f717e26:c4, f23e4d0b-fd16-4e36-87f9-2fb30e2de0f1:c4]
2019-09-18 11:34:52,622 [grpc-default-executor-2] INFO  client.GrpcClientProtocolClient (GrpcClientProtocolClient.java:onNext(264)) - client-1C9943484C17->9a3866a3-945c-43d9-ad49-28fa7f717e26: receive RaftClientReply:client-1C9943484C17->9a3866a3-945c-43d9-ad49-28fa7f717e26@group-1140C455E42D, cid=43, FAILED org.apache.ratis.protocol.NotLeaderException: Server 9a3866a3-945c-43d9-ad49-28fa7f717e26@group-1140C455E42D is not the leader 3731518f-4a75-41f7-a8ac-44e1efdde356:192.168.157.254:38958, logIndex=0, commits[9a3866a3-945c-43d9-ad49-28fa7f717e26:c4, f23e4d0b-fd16-4e36-87f9-2fb30e2de0f1:c4, 3731518f-4a75-41f7-a8ac-44e1efdde356:c4]
2019-09-18 11:34:52,648 [grpc-default-executor-2] INFO  client.GrpcClientProtocolClient (GrpcClientProtocolClient.java:onNext(264)) - client-1C9943484C17->3731518f-4a75-41f7-a8ac-44e1efdde356: receive RaftClientReply:client-1C9943484C17->3731518f-4a75-41f7-a8ac-44e1efdde356@group-1140C455E42D, cid=43, SUCCESS, logIndex=3, commits[3731518f-4a75-41f7-a8ac-44e1efdde356:c4, 9a3866a3-945c-43d9-ad49-28fa7f717e26:c4, f23e4d0b-fd16-4e36-87f9-2fb30e2de0f1:c4]
2019-09-18 11:34:54,300 [grpc-default-executor-0] INFO  client.GrpcClientProtocolClient (GrpcClientProtocolClient.java:onNext(264)) - client-1C9943484C17->3731518f-4a75-41f7-a8ac-44e1efdde356: receive RaftClientReply:client-1C9943484C17->3731518f-4a75-41f7-a8ac-44e1efdde356@group-1140C455E42D, cid=44, SUCCESS, logIndex=5, commits[3731518f-4a75-41f7-a8ac-44e1efdde356:c6, 9a3866a3-945c-43d9-ad49-28fa7f717e26:c5, f23e4d0b-fd16-4e36-87f9-2fb30e2de0f1:c5]
2019-09-18 11:34:54,318 [RatisApplyTransactionExecutor 1] ERROR ratis.ContainerStateMachine (ContainerStateMachine.java:lambda$applyTransaction$6(720)) - gid group-1140C455E42D : ApplyTransaction failed. cmd CreateContainer logIndex 7 exception {}
java.lang.IllegalArgumentException
	at com.google.common.base.Preconditions.checkArgument(Preconditions.java:72)
	at org.apache.hadoop.ozone.container.keyvalue.KeyValueHandler.handleCreateContainer(KeyValueHandler.java:215)
	at org.apache.hadoop.ozone.container.keyvalue.KeyValueHandler.handle(KeyValueHandler.java:152)
	at org.apache.hadoop.ozone.container.common.impl.HddsDispatcher.dispatchRequest(HddsDispatcher.java:275)
	at org.apache.hadoop.ozone.container.common.impl.HddsDispatcher.dispatch(HddsDispatcher.java:150)
	at org.apache.hadoop.ozone.container.common.transport.server.ratis.ContainerStateMachine.dispatchCommand(ContainerStateMachine.java:401)
	at org.apache.hadoop.ozone.container.common.transport.server.ratis.ContainerStateMachine.runCommand(ContainerStateMachine.java:409)
	at org.apache.hadoop.ozone.container.common.transport.server.ratis.ContainerStateMachine.lambda$applyTransaction$6(ContainerStateMachine.java:718)
	at java.util.concurrent.CompletableFuture$AsyncSupply.run(CompletableFuture.java:1590)
	at java.util.concurrent.ThreadPoolExecutor.runWorker(ThreadPoolExecutor.java:1149)
	at java.util.concurrent.ThreadPoolExecutor$Worker.run(ThreadPoolExecutor.java:624)
	at java.lang.Thread.run(Thread.java:748)
2019-09-18 11:34:54,330 [RatisApplyTransactionExecutor 1] ERROR ratis.ContainerStateMachine (ContainerStateMachine.java:lambda$applyTransaction$6(720)) - gid group-1140C455E42D : ApplyTransaction failed. cmd CreateContainer logIndex 7 exception {}
java.lang.IllegalArgumentException
	at com.google.common.base.Preconditions.checkArgument(Preconditions.java:72)
	at org.apache.hadoop.ozone.container.keyvalue.KeyValueHandler.handleCreateContainer(KeyValueHandler.java:215)
	at org.apache.hadoop.ozone.container.keyvalue.KeyValueHandler.handle(KeyValueHandler.java:152)
	at org.apache.hadoop.ozone.container.common.impl.HddsDispatcher.dispatchRequest(HddsDispatcher.java:275)
	at org.apache.hadoop.ozone.container.common.impl.HddsDispatcher.dispatch(HddsDispatcher.java:150)
	at org.apache.hadoop.ozone.container.common.transport.server.ratis.ContainerStateMachine.dispatchCommand(ContainerStateMachine.java:401)
	at org.apache.hadoop.ozone.container.common.transport.server.ratis.ContainerStateMachine.runCommand(ContainerStateMachine.java:409)
	at org.apache.hadoop.ozone.container.common.transport.server.ratis.ContainerStateMachine.lambda$applyTransaction$6(ContainerStateMachine.java:718)
	at java.util.concurrent.CompletableFuture$AsyncSupply.run(CompletableFuture.java:1590)
	at java.util.concurrent.ThreadPoolExecutor.runWorker(ThreadPoolExecutor.java:1149)
	at java.util.concurrent.ThreadPoolExecutor$Worker.run(ThreadPoolExecutor.java:624)
	at java.lang.Thread.run(Thread.java:748)
2019-09-18 11:34:54,330 [RatisApplyTransactionExecutor 1] ERROR ratis.ContainerStateMachine (ContainerStateMachine.java:lambda$applyTransaction$6(720)) - gid group-1140C455E42D : ApplyTransaction failed. cmd CreateContainer logIndex 7 exception {}
java.lang.IllegalArgumentException
	at com.google.common.base.Preconditions.checkArgument(Preconditions.java:72)
	at org.apache.hadoop.ozone.container.keyvalue.KeyValueHandler.handleCreateContainer(KeyValueHandler.java:215)
	at org.apache.hadoop.ozone.container.keyvalue.KeyValueHandler.handle(KeyValueHandler.java:152)
	at org.apache.hadoop.ozone.container.common.impl.HddsDispatcher.dispatchRequest(HddsDispatcher.java:275)
	at org.apache.hadoop.ozone.container.common.impl.HddsDispatcher.dispatch(HddsDispatcher.java:150)
	at org.apache.hadoop.ozone.container.common.transport.server.ratis.ContainerStateMachine.dispatchCommand(ContainerStateMachine.java:401)
	at org.apache.hadoop.ozone.container.common.transport.server.ratis.ContainerStateMachine.runCommand(ContainerStateMachine.java:409)
	at org.apache.hadoop.ozone.container.common.transport.server.ratis.ContainerStateMachine.lambda$applyTransaction$6(ContainerStateMachine.java:718)
	at java.util.concurrent.CompletableFuture$AsyncSupply.run(CompletableFuture.java:1590)
	at java.util.concurrent.ThreadPoolExecutor.runWorker(ThreadPoolExecutor.java:1149)
	at java.util.concurrent.ThreadPoolExecutor$Worker.run(ThreadPoolExecutor.java:624)
	at java.lang.Thread.run(Thread.java:748)
2019-09-18 11:34:55,354 [grpc-default-executor-1] INFO  client.GrpcClientProtocolClient (GrpcClientProtocolClient.java:onNext(264)) - client-1C9943484C17->f23e4d0b-fd16-4e36-87f9-2fb30e2de0f1: receive RaftClientReply:client-1C9943484C17->f23e4d0b-fd16-4e36-87f9-2fb30e2de0f1@group-1140C455E42D, cid=45, FAILED org.apache.ratis.protocol.NotLeaderException: Server f23e4d0b-fd16-4e36-87f9-2fb30e2de0f1@group-1140C455E42D is not the leader 3731518f-4a75-41f7-a8ac-44e1efdde356:192.168.157.254:38958, logIndex=0, commits[f23e4d0b-fd16-4e36-87f9-2fb30e2de0f1:c7, 9a3866a3-945c-43d9-ad49-28fa7f717e26:c6, 3731518f-4a75-41f7-a8ac-44e1efdde356:c7]
2019-09-18 11:34:56,413 [grpc-default-executor-1] INFO  client.GrpcClientProtocolClient (GrpcClientProtocolClient.java:onNext(264)) - client-1C9943484C17->f23e4d0b-fd16-4e36-87f9-2fb30e2de0f1: receive RaftClientReply:client-1C9943484C17->f23e4d0b-fd16-4e36-87f9-2fb30e2de0f1@group-1140C455E42D, cid=45, FAILED org.apache.ratis.protocol.NotLeaderException: Server f23e4d0b-fd16-4e36-87f9-2fb30e2de0f1@group-1140C455E42D is not the leader 3731518f-4a75-41f7-a8ac-44e1efdde356:192.168.157.254:38958, logIndex=0, commits[f23e4d0b-fd16-4e36-87f9-2fb30e2de0f1:c7, 9a3866a3-945c-43d9-ad49-28fa7f717e26:c6, 3731518f-4a75-41f7-a8ac-44e1efdde356:c7]
2019-09-18 11:34:57,459 [grpc-default-executor-2] INFO  client.GrpcClientProtocolClient (GrpcClientProtocolClient.java:onNext(264)) - client-1C9943484C17->9a3866a3-945c-43d9-ad49-28fa7f717e26: receive RaftClientReply:client-1C9943484C17->9a3866a3-945c-43d9-ad49-28fa7f717e26@group-1140C455E42D, cid=45, FAILED org.apache.ratis.protocol.NotLeaderException: Server 9a3866a3-945c-43d9-ad49-28fa7f717e26@group-1140C455E42D is not the leader 3731518f-4a75-41f7-a8ac-44e1efdde356:192.168.157.254:38958, logIndex=0, commits[9a3866a3-945c-43d9-ad49-28fa7f717e26:c8, f23e4d0b-fd16-4e36-87f9-2fb30e2de0f1:c7, 3731518f-4a75-41f7-a8ac-44e1efdde356:c8]
2019-09-18 11:34:58,506 [grpc-default-executor-2] INFO  client.GrpcClientProtocolClient (GrpcClientProtocolClient.java:onNext(264)) - client-1C9943484C17->f23e4d0b-fd16-4e36-87f9-2fb30e2de0f1: receive RaftClientReply:client-1C9943484C17->f23e4d0b-fd16-4e36-87f9-2fb30e2de0f1@group-1140C455E42D, cid=45, FAILED org.apache.ratis.protocol.NotLeaderException: Server f23e4d0b-fd16-4e36-87f9-2fb30e2de0f1@group-1140C455E42D is not the leader 3731518f-4a75-41f7-a8ac-44e1efdde356:192.168.157.254:38958, logIndex=0, commits[f23e4d0b-fd16-4e36-87f9-2fb30e2de0f1:c8, 9a3866a3-945c-43d9-ad49-28fa7f717e26:c7, 3731518f-4a75-41f7-a8ac-44e1efdde356:c8]
2019-09-18 11:34:59,549 [grpc-default-executor-2] INFO  client.GrpcClientProtocolClient (GrpcClientProtocolClient.java:onNext(264)) - client-1C9943484C17->9a3866a3-945c-43d9-ad49-28fa7f717e26: receive RaftClientReply:client-1C9943484C17->9a3866a3-945c-43d9-ad49-28fa7f717e26@group-1140C455E42D, cid=45, FAILED org.apache.ratis.protocol.NotLeaderException: Server 9a3866a3-945c-43d9-ad49-28fa7f717e26@group-1140C455E42D is not the leader 3731518f-4a75-41f7-a8ac-44e1efdde356:192.168.157.254:38958, logIndex=0, commits[9a3866a3-945c-43d9-ad49-28fa7f717e26:c8, f23e4d0b-fd16-4e36-87f9-2fb30e2de0f1:c8, 3731518f-4a75-41f7-a8ac-44e1efdde356:c8]
2019-09-18 11:35:00,606 [grpc-default-executor-1] INFO  client.GrpcClientProtocolClient (GrpcClientProtocolClient.java:onNext(264)) - client-1C9943484C17->f23e4d0b-fd16-4e36-87f9-2fb30e2de0f1: receive RaftClientReply:client-1C9943484C17->f23e4d0b-fd16-4e36-87f9-2fb30e2de0f1@group-1140C455E42D, cid=45, FAILED org.apache.ratis.protocol.NotLeaderException: Server f23e4d0b-fd16-4e36-87f9-2fb30e2de0f1@group-1140C455E42D is not the leader 3731518f-4a75-41f7-a8ac-44e1efdde356:192.168.157.254:38958, logIndex=0, commits[f23e4d0b-fd16-4e36-87f9-2fb30e2de0f1:c8, 9a3866a3-945c-43d9-ad49-28fa7f717e26:c8, 3731518f-4a75-41f7-a8ac-44e1efdde356:c8]
2019-09-18 11:35:01,654 [grpc-default-executor-2] INFO  client.GrpcClientProtocolClient (GrpcClientProtocolClient.java:onNext(264)) - client-1C9943484C17->9a3866a3-945c-43d9-ad49-28fa7f717e26: receive RaftClientReply:client-1C9943484C17->9a3866a3-945c-43d9-ad49-28fa7f717e26@group-1140C455E42D, cid=45, FAILED org.apache.ratis.protocol.NotLeaderException: Server 9a3866a3-945c-43d9-ad49-28fa7f717e26@group-1140C455E42D is not the leader 3731518f-4a75-41f7-a8ac-44e1efdde356:192.168.157.254:38958, logIndex=0, commits[9a3866a3-945c-43d9-ad49-28fa7f717e26:c8, f23e4d0b-fd16-4e36-87f9-2fb30e2de0f1:c8, 3731518f-4a75-41f7-a8ac-44e1efdde356:c8]
2019-09-18 11:35:02,695 [grpc-default-executor-2] INFO  client.GrpcClientProtocolClient (GrpcClientProtocolClient.java:onNext(264)) - client-1C9943484C17->f23e4d0b-fd16-4e36-87f9-2fb30e2de0f1: receive RaftClientReply:client-1C9943484C17->f23e4d0b-fd16-4e36-87f9-2fb30e2de0f1@group-1140C455E42D, cid=45, FAILED org.apache.ratis.protocol.NotLeaderException: Server f23e4d0b-fd16-4e36-87f9-2fb30e2de0f1@group-1140C455E42D is not the leader 3731518f-4a75-41f7-a8ac-44e1efdde356:192.168.157.254:38958, logIndex=0, commits[f23e4d0b-fd16-4e36-87f9-2fb30e2de0f1:c8, 9a3866a3-945c-43d9-ad49-28fa7f717e26:c8, 3731518f-4a75-41f7-a8ac-44e1efdde356:c8]
2019-09-18 11:35:03,743 [grpc-default-executor-1] INFO  client.GrpcClientProtocolClient (GrpcClientProtocolClient.java:onNext(264)) - client-1C9943484C17->f23e4d0b-fd16-4e36-87f9-2fb30e2de0f1: receive RaftClientReply:client-1C9943484C17->f23e4d0b-fd16-4e36-87f9-2fb30e2de0f1@group-1140C455E42D, cid=45, FAILED org.apache.ratis.protocol.NotLeaderException: Server f23e4d0b-fd16-4e36-87f9-2fb30e2de0f1@group-1140C455E42D is not the leader 3731518f-4a75-41f7-a8ac-44e1efdde356:192.168.157.254:38958, logIndex=0, commits[f23e4d0b-fd16-4e36-87f9-2fb30e2de0f1:c8, 9a3866a3-945c-43d9-ad49-28fa7f717e26:c8, 3731518f-4a75-41f7-a8ac-44e1efdde356:c8]
2019-09-18 11:35:04,777 [grpc-default-executor-1] INFO  client.GrpcClientProtocolClient (GrpcClientProtocolClient.java:onNext(264)) - client-1C9943484C17->9a3866a3-945c-43d9-ad49-28fa7f717e26: receive RaftClientReply:client-1C9943484C17->9a3866a3-945c-43d9-ad49-28fa7f717e26@group-1140C455E42D, cid=45, FAILED org.apache.ratis.protocol.NotLeaderException: Server 9a3866a3-945c-43d9-ad49-28fa7f717e26@group-1140C455E42D is not the leader 3731518f-4a75-41f7-a8ac-44e1efdde356:192.168.157.254:38958, logIndex=0, commits[9a3866a3-945c-43d9-ad49-28fa7f717e26:c8, f23e4d0b-fd16-4e36-87f9-2fb30e2de0f1:c8, 3731518f-4a75-41f7-a8ac-44e1efdde356:c8]
2019-09-18 11:35:05,808 [grpc-default-executor-0] INFO  client.GrpcClientProtocolClient (GrpcClientProtocolClient.java:onNext(264)) - client-1C9943484C17->9a3866a3-945c-43d9-ad49-28fa7f717e26: receive RaftClientReply:client-1C9943484C17->9a3866a3-945c-43d9-ad49-28fa7f717e26@group-1140C455E42D, cid=45, FAILED org.apache.ratis.protocol.NotLeaderException: Server 9a3866a3-945c-43d9-ad49-28fa7f717e26@group-1140C455E42D is not the leader 3731518f-4a75-41f7-a8ac-44e1efdde356:192.168.157.254:38958, logIndex=0, commits[9a3866a3-945c-43d9-ad49-28fa7f717e26:c8, f23e4d0b-fd16-4e36-87f9-2fb30e2de0f1:c8, 3731518f-4a75-41f7-a8ac-44e1efdde356:c8]
2019-09-18 11:35:06,846 [grpc-default-executor-0] INFO  client.GrpcClientProtocolClient (GrpcClientProtocolClient.java:onNext(264)) - client-1C9943484C17->f23e4d0b-fd16-4e36-87f9-2fb30e2de0f1: receive RaftClientReply:client-1C9943484C17->f23e4d0b-fd16-4e36-87f9-2fb30e2de0f1@group-1140C455E42D, cid=45, FAILED org.apache.ratis.protocol.NotLeaderException: Server f23e4d0b-fd16-4e36-87f9-2fb30e2de0f1@group-1140C455E42D is not the leader 3731518f-4a75-41f7-a8ac-44e1efdde356:192.168.157.254:38958, logIndex=0, commits[f23e4d0b-fd16-4e36-87f9-2fb30e2de0f1:c8, 9a3866a3-945c-43d9-ad49-28fa7f717e26:c8, 3731518f-4a75-41f7-a8ac-44e1efdde356:c8]
2019-09-18 11:35:07,868 [grpc-default-executor-1] INFO  client.GrpcClientProtocolClient (GrpcClientProtocolClient.java:onNext(264)) - client-1C9943484C17->f23e4d0b-fd16-4e36-87f9-2fb30e2de0f1: receive RaftClientReply:client-1C9943484C17->f23e4d0b-fd16-4e36-87f9-2fb30e2de0f1@group-1140C455E42D, cid=45, FAILED org.apache.ratis.protocol.NotLeaderException: Server f23e4d0b-fd16-4e36-87f9-2fb30e2de0f1@group-1140C455E42D is not the leader 3731518f-4a75-41f7-a8ac-44e1efdde356:192.168.157.254:38958, logIndex=0, commits[f23e4d0b-fd16-4e36-87f9-2fb30e2de0f1:c8, 9a3866a3-945c-43d9-ad49-28fa7f717e26:c8, 3731518f-4a75-41f7-a8ac-44e1efdde356:c8]
2019-09-18 11:35:08,907 [grpc-default-executor-2] INFO  client.GrpcClientProtocolClient (GrpcClientProtocolClient.java:onNext(264)) - client-1C9943484C17->9a3866a3-945c-43d9-ad49-28fa7f717e26: receive RaftClientReply:client-1C9943484C17->9a3866a3-945c-43d9-ad49-28fa7f717e26@group-1140C455E42D, cid=45, FAILED org.apache.ratis.protocol.NotLeaderException: Server 9a3866a3-945c-43d9-ad49-28fa7f717e26@group-1140C455E42D is not the leader 3731518f-4a75-41f7-a8ac-44e1efdde356:192.168.157.254:38958, logIndex=0, commits[9a3866a3-945c-43d9-ad49-28fa7f717e26:c8, f23e4d0b-fd16-4e36-87f9-2fb30e2de0f1:c8, 3731518f-4a75-41f7-a8ac-44e1efdde356:c8]
2019-09-18 11:35:09,930 [grpc-default-executor-1] INFO  client.GrpcClientProtocolClient (GrpcClientProtocolClient.java:onNext(264)) - client-1C9943484C17->9a3866a3-945c-43d9-ad49-28fa7f717e26: receive RaftClientReply:client-1C9943484C17->9a3866a3-945c-43d9-ad49-28fa7f717e26@group-1140C455E42D, cid=45, FAILED org.apache.ratis.protocol.NotLeaderException: Server 9a3866a3-945c-43d9-ad49-28fa7f717e26@group-1140C455E42D is not the leader 3731518f-4a75-41f7-a8ac-44e1efdde356:192.168.157.254:38958, logIndex=0, commits[9a3866a3-945c-43d9-ad49-28fa7f717e26:c8, f23e4d0b-fd16-4e36-87f9-2fb30e2de0f1:c8, 3731518f-4a75-41f7-a8ac-44e1efdde356:c8]
2019-09-18 11:35:10,950 [grpc-default-executor-1] INFO  client.GrpcClientProtocolClient (GrpcClientProtocolClient.java:onNext(264)) - client-1C9943484C17->f23e4d0b-fd16-4e36-87f9-2fb30e2de0f1: receive RaftClientReply:client-1C9943484C17->f23e4d0b-fd16-4e36-87f9-2fb30e2de0f1@group-1140C455E42D, cid=45, FAILED org.apache.ratis.protocol.NotLeaderException: Server f23e4d0b-fd16-4e36-87f9-2fb30e2de0f1@group-1140C455E42D is not the leader 3731518f-4a75-41f7-a8ac-44e1efdde356:192.168.157.254:38958, logIndex=0, commits[f23e4d0b-fd16-4e36-87f9-2fb30e2de0f1:c8, 9a3866a3-945c-43d9-ad49-28fa7f717e26:c8, 3731518f-4a75-41f7-a8ac-44e1efdde356:c8]
2019-09-18 11:35:11,968 [grpc-default-executor-1] INFO  client.GrpcClientProtocolClient (GrpcClientProtocolClient.java:onNext(264)) - client-1C9943484C17->9a3866a3-945c-43d9-ad49-28fa7f717e26: receive RaftClientReply:client-1C9943484C17->9a3866a3-945c-43d9-ad49-28fa7f717e26@group-1140C455E42D, cid=45, FAILED org.apache.ratis.protocol.NotLeaderException: Server 9a3866a3-945c-43d9-ad49-28fa7f717e26@group-1140C455E42D is not the leader 3731518f-4a75-41f7-a8ac-44e1efdde356:192.168.157.254:38958, logIndex=0, commits[9a3866a3-945c-43d9-ad49-28fa7f717e26:c8, f23e4d0b-fd16-4e36-87f9-2fb30e2de0f1:c8, 3731518f-4a75-41f7-a8ac-44e1efdde356:c8]
2019-09-18 11:35:12,985 [grpc-default-executor-0] INFO  client.GrpcClientProtocolClient (GrpcClientProtocolClient.java:onNext(264)) - client-1C9943484C17->f23e4d0b-fd16-4e36-87f9-2fb30e2de0f1: receive RaftClientReply:client-1C9943484C17->f23e4d0b-fd16-4e36-87f9-2fb30e2de0f1@group-1140C455E42D, cid=45, FAILED org.apache.ratis.protocol.NotLeaderException: Server f23e4d0b-fd16-4e36-87f9-2fb30e2de0f1@group-1140C455E42D is not the leader 3731518f-4a75-41f7-a8ac-44e1efdde356:192.168.157.254:38958, logIndex=0, commits[f23e4d0b-fd16-4e36-87f9-2fb30e2de0f1:c8, 9a3866a3-945c-43d9-ad49-28fa7f717e26:c8, 3731518f-4a75-41f7-a8ac-44e1efdde356:c8]
2019-09-18 11:35:14,007 [grpc-default-executor-1] INFO  client.GrpcClientProtocolClient (GrpcClientProtocolClient.java:onNext(264)) - client-1C9943484C17->9a3866a3-945c-43d9-ad49-28fa7f717e26: receive RaftClientReply:client-1C9943484C17->9a3866a3-945c-43d9-ad49-28fa7f717e26@group-1140C455E42D, cid=45, FAILED org.apache.ratis.protocol.NotLeaderException: Server 9a3866a3-945c-43d9-ad49-28fa7f717e26@group-1140C455E42D is not the leader 3731518f-4a75-41f7-a8ac-44e1efdde356:192.168.157.254:38958, logIndex=0, commits[9a3866a3-945c-43d9-ad49-28fa7f717e26:c8, f23e4d0b-fd16-4e36-87f9-2fb30e2de0f1:c8, 3731518f-4a75-41f7-a8ac-44e1efdde356:c8]
2019-09-18 11:35:15,043 [grpc-default-executor-1] INFO  client.GrpcClientProtocolClient (GrpcClientProtocolClient.java:onNext(264)) - client-1C9943484C17->9a3866a3-945c-43d9-ad49-28fa7f717e26: receive RaftClientReply:client-1C9943484C17->9a3866a3-945c-43d9-ad49-28fa7f717e26@group-1140C455E42D, cid=45, FAILED org.apache.ratis.protocol.NotLeaderException: Server 9a3866a3-945c-43d9-ad49-28fa7f717e26@group-1140C455E42D is not the leader 3731518f-4a75-41f7-a8ac-44e1efdde356:192.168.157.254:38958, logIndex=0, commits[9a3866a3-945c-43d9-ad49-28fa7f717e26:c8, f23e4d0b-fd16-4e36-87f9-2fb30e2de0f1:c8, 3731518f-4a75-41f7-a8ac-44e1efdde356:c8]
2019-09-18 11:35:16,060 [grpc-default-executor-1] INFO  client.GrpcClientProtocolClient (GrpcClientProtocolClient.java:onNext(264)) - client-1C9943484C17->9a3866a3-945c-43d9-ad49-28fa7f717e26: receive RaftClientReply:client-1C9943484C17->9a3866a3-945c-43d9-ad49-28fa7f717e26@group-1140C455E42D, cid=45, FAILED org.apache.ratis.protocol.NotLeaderException: Server 9a3866a3-945c-43d9-ad49-28fa7f717e26@group-1140C455E42D is not the leader 3731518f-4a75-41f7-a8ac-44e1efdde356:192.168.157.254:38958, logIndex=0, commits[9a3866a3-945c-43d9-ad49-28fa7f717e26:c8, f23e4d0b-fd16-4e36-87f9-2fb30e2de0f1:c8, 3731518f-4a75-41f7-a8ac-44e1efdde356:c8]
2019-09-18 11:35:17,076 [grpc-default-executor-0] INFO  client.GrpcClientProtocolClient (GrpcClientProtocolClient.java:onNext(264)) - client-1C9943484C17->9a3866a3-945c-43d9-ad49-28fa7f717e26: receive RaftClientReply:client-1C9943484C17->9a3866a3-945c-43d9-ad49-28fa7f717e26@group-1140C455E42D, cid=45, FAILED org.apache.ratis.protocol.NotLeaderException: Server 9a3866a3-945c-43d9-ad49-28fa7f717e26@group-1140C455E42D is not the leader 3731518f-4a75-41f7-a8ac-44e1efdde356:192.168.157.254:38958, logIndex=0, commits[9a3866a3-945c-43d9-ad49-28fa7f717e26:c8, f23e4d0b-fd16-4e36-87f9-2fb30e2de0f1:c8, 3731518f-4a75-41f7-a8ac-44e1efdde356:c8]
2019-09-18 11:35:18,094 [grpc-default-executor-0] INFO  client.GrpcClientProtocolClient (GrpcClientProtocolClient.java:onNext(264)) - client-1C9943484C17->9a3866a3-945c-43d9-ad49-28fa7f717e26: receive RaftClientReply:client-1C9943484C17->9a3866a3-945c-43d9-ad49-28fa7f717e26@group-1140C455E42D, cid=45, FAILED org.apache.ratis.protocol.NotLeaderException: Server 9a3866a3-945c-43d9-ad49-28fa7f717e26@group-1140C455E42D is not the leader 3731518f-4a75-41f7-a8ac-44e1efdde356:192.168.157.254:38958, logIndex=0, commits[9a3866a3-945c-43d9-ad49-28fa7f717e26:c8, f23e4d0b-fd16-4e36-87f9-2fb30e2de0f1:c8, 3731518f-4a75-41f7-a8ac-44e1efdde356:c8]
2019-09-18 11:35:19,111 [grpc-default-executor-0] INFO  client.GrpcClientProtocolClient (GrpcClientProtocolClient.java:onNext(264)) - client-1C9943484C17->9a3866a3-945c-43d9-ad49-28fa7f717e26: receive RaftClientReply:client-1C9943484C17->9a3866a3-945c-43d9-ad49-28fa7f717e26@group-1140C455E42D, cid=45, FAILED org.apache.ratis.protocol.NotLeaderException: Server 9a3866a3-945c-43d9-ad49-28fa7f717e26@group-1140C455E42D is not the leader 3731518f-4a75-41f7-a8ac-44e1efdde356:192.168.157.254:38958, logIndex=0, commits[9a3866a3-945c-43d9-ad49-28fa7f717e26:c8, f23e4d0b-fd16-4e36-87f9-2fb30e2de0f1:c8, 3731518f-4a75-41f7-a8ac-44e1efdde356:c8]
2019-09-18 11:35:20,129 [grpc-default-executor-1] INFO  client.GrpcClientProtocolClient (GrpcClientProtocolClient.java:onNext(264)) - client-1C9943484C17->f23e4d0b-fd16-4e36-87f9-2fb30e2de0f1: receive RaftClientReply:client-1C9943484C17->f23e4d0b-fd16-4e36-87f9-2fb30e2de0f1@group-1140C455E42D, cid=45, FAILED org.apache.ratis.protocol.NotLeaderException: Server f23e4d0b-fd16-4e36-87f9-2fb30e2de0f1@group-1140C455E42D is not the leader 3731518f-4a75-41f7-a8ac-44e1efdde356:192.168.157.254:38958, logIndex=0, commits[f23e4d0b-fd16-4e36-87f9-2fb30e2de0f1:c8, 9a3866a3-945c-43d9-ad49-28fa7f717e26:c8, 3731518f-4a75-41f7-a8ac-44e1efdde356:c8]
2019-09-18 11:35:21,149 [grpc-default-executor-1] INFO  client.GrpcClientProtocolClient (GrpcClientProtocolClient.java:onNext(264)) - client-1C9943484C17->f23e4d0b-fd16-4e36-87f9-2fb30e2de0f1: receive RaftClientReply:client-1C9943484C17->f23e4d0b-fd16-4e36-87f9-2fb30e2de0f1@group-1140C455E42D, cid=45, FAILED org.apache.ratis.protocol.NotLeaderException: Server f23e4d0b-fd16-4e36-87f9-2fb30e2de0f1@group-1140C455E42D is not the leader 3731518f-4a75-41f7-a8ac-44e1efdde356:192.168.157.254:38958, logIndex=0, commits[f23e4d0b-fd16-4e36-87f9-2fb30e2de0f1:c8, 9a3866a3-945c-43d9-ad49-28fa7f717e26:c8, 3731518f-4a75-41f7-a8ac-44e1efdde356:c8]
2019-09-18 11:35:22,168 [grpc-default-executor-1] INFO  client.GrpcClientProtocolClient (GrpcClientProtocolClient.java:onNext(264)) - client-1C9943484C17->f23e4d0b-fd16-4e36-87f9-2fb30e2de0f1: receive RaftClientReply:client-1C9943484C17->f23e4d0b-fd16-4e36-87f9-2fb30e2de0f1@group-1140C455E42D, cid=45, FAILED org.apache.ratis.protocol.NotLeaderException: Server f23e4d0b-fd16-4e36-87f9-2fb30e2de0f1@group-1140C455E42D is not the leader 3731518f-4a75-41f7-a8ac-44e1efdde356:192.168.157.254:38958, logIndex=0, commits[f23e4d0b-fd16-4e36-87f9-2fb30e2de0f1:c8, 9a3866a3-945c-43d9-ad49-28fa7f717e26:c8, 3731518f-4a75-41f7-a8ac-44e1efdde356:c8]
2019-09-18 11:35:23,188 [grpc-default-executor-1] INFO  client.GrpcClientProtocolClient (GrpcClientProtocolClient.java:onNext(264)) - client-1C9943484C17->9a3866a3-945c-43d9-ad49-28fa7f717e26: receive RaftClientReply:client-1C9943484C17->9a3866a3-945c-43d9-ad49-28fa7f717e26@group-1140C455E42D, cid=45, FAILED org.apache.ratis.protocol.NotLeaderException: Server 9a3866a3-945c-43d9-ad49-28fa7f717e26@group-1140C455E42D is not the leader 3731518f-4a75-41f7-a8ac-44e1efdde356:192.168.157.254:38958, logIndex=0, commits[9a3866a3-945c-43d9-ad49-28fa7f717e26:c8, f23e4d0b-fd16-4e36-87f9-2fb30e2de0f1:c8, 3731518f-4a75-41f7-a8ac-44e1efdde356:c8]
2019-09-18 11:35:24,208 [grpc-default-executor-1] INFO  client.GrpcClientProtocolClient (GrpcClientProtocolClient.java:onNext(264)) - client-1C9943484C17->f23e4d0b-fd16-4e36-87f9-2fb30e2de0f1: receive RaftClientReply:client-1C9943484C17->f23e4d0b-fd16-4e36-87f9-2fb30e2de0f1@group-1140C455E42D, cid=45, FAILED org.apache.ratis.protocol.NotLeaderException: Server f23e4d0b-fd16-4e36-87f9-2fb30e2de0f1@group-1140C455E42D is not the leader 3731518f-4a75-41f7-a8ac-44e1efdde356:192.168.157.254:38958, logIndex=0, commits[f23e4d0b-fd16-4e36-87f9-2fb30e2de0f1:c8, 9a3866a3-945c-43d9-ad49-28fa7f717e26:c8, 3731518f-4a75-41f7-a8ac-44e1efdde356:c8]
2019-09-18 11:35:25,243 [grpc-default-executor-1] INFO  client.GrpcClientProtocolClient (GrpcClientProtocolClient.java:onNext(264)) - client-1C9943484C17->f23e4d0b-fd16-4e36-87f9-2fb30e2de0f1: receive RaftClientReply:client-1C9943484C17->f23e4d0b-fd16-4e36-87f9-2fb30e2de0f1@group-1140C455E42D, cid=45, FAILED org.apache.ratis.protocol.NotLeaderException: Server f23e4d0b-fd16-4e36-87f9-2fb30e2de0f1@group-1140C455E42D is not the leader 3731518f-4a75-41f7-a8ac-44e1efdde356:192.168.157.254:38958, logIndex=0, commits[f23e4d0b-fd16-4e36-87f9-2fb30e2de0f1:c8, 9a3866a3-945c-43d9-ad49-28fa7f717e26:c8, 3731518f-4a75-41f7-a8ac-44e1efdde356:c8]
2019-09-18 11:35:26,260 [grpc-default-executor-1] INFO  client.GrpcClientProtocolClient (GrpcClientProtocolClient.java:onNext(264)) - client-1C9943484C17->9a3866a3-945c-43d9-ad49-28fa7f717e26: receive RaftClientReply:client-1C9943484C17->9a3866a3-945c-43d9-ad49-28fa7f717e26@group-1140C455E42D, cid=45, FAILED org.apache.ratis.protocol.NotLeaderException: Server 9a3866a3-945c-43d9-ad49-28fa7f717e26@group-1140C455E42D is not the leader 3731518f-4a75-41f7-a8ac-44e1efdde356:192.168.157.254:38958, logIndex=0, commits[9a3866a3-945c-43d9-ad49-28fa7f717e26:c8, f23e4d0b-fd16-4e36-87f9-2fb30e2de0f1:c8, 3731518f-4a75-41f7-a8ac-44e1efdde356:c8]
2019-09-18 11:35:27,279 [grpc-default-executor-2] INFO  client.GrpcClientProtocolClient (GrpcClientProtocolClient.java:onNext(264)) - client-1C9943484C17->9a3866a3-945c-43d9-ad49-28fa7f717e26: receive RaftClientReply:client-1C9943484C17->9a3866a3-945c-43d9-ad49-28fa7f717e26@group-1140C455E42D, cid=45, FAILED org.apache.ratis.protocol.NotLeaderException: Server 9a3866a3-945c-43d9-ad49-28fa7f717e26@group-1140C455E42D is not the leader 3731518f-4a75-41f7-a8ac-44e1efdde356:192.168.157.254:38958, logIndex=0, commits[9a3866a3-945c-43d9-ad49-28fa7f717e26:c8, f23e4d0b-fd16-4e36-87f9-2fb30e2de0f1:c8, 3731518f-4a75-41f7-a8ac-44e1efdde356:c8]
2019-09-18 11:35:28,301 [grpc-default-executor-2] INFO  client.GrpcClientProtocolClient (GrpcClientProtocolClient.java:onNext(264)) - client-1C9943484C17->f23e4d0b-fd16-4e36-87f9-2fb30e2de0f1: receive RaftClientReply:client-1C9943484C17->f23e4d0b-fd16-4e36-87f9-2fb30e2de0f1@group-1140C455E42D, cid=45, FAILED org.apache.ratis.protocol.NotLeaderException: Server f23e4d0b-fd16-4e36-87f9-2fb30e2de0f1@group-1140C455E42D is not the leader 3731518f-4a75-41f7-a8ac-44e1efdde356:192.168.157.254:38958, logIndex=0, commits[f23e4d0b-fd16-4e36-87f9-2fb30e2de0f1:c8, 9a3866a3-945c-43d9-ad49-28fa7f717e26:c8, 3731518f-4a75-41f7-a8ac-44e1efdde356:c8]
2019-09-18 11:35:29,319 [grpc-default-executor-2] INFO  client.GrpcClientProtocolClient (GrpcClientProtocolClient.java:onNext(264)) - client-1C9943484C17->9a3866a3-945c-43d9-ad49-28fa7f717e26: receive RaftClientReply:client-1C9943484C17->9a3866a3-945c-43d9-ad49-28fa7f717e26@group-1140C455E42D, cid=45, FAILED org.apache.ratis.protocol.NotLeaderException: Server 9a3866a3-945c-43d9-ad49-28fa7f717e26@group-1140C455E42D is not the leader 3731518f-4a75-41f7-a8ac-44e1efdde356:192.168.157.254:38958, logIndex=0, commits[9a3866a3-945c-43d9-ad49-28fa7f717e26:c8, f23e4d0b-fd16-4e36-87f9-2fb30e2de0f1:c8, 3731518f-4a75-41f7-a8ac-44e1efdde356:c8]
2019-09-18 11:35:30,335 [grpc-default-executor-2] INFO  client.GrpcClientProtocolClient (GrpcClientProtocolClient.java:onNext(264)) - client-1C9943484C17->f23e4d0b-fd16-4e36-87f9-2fb30e2de0f1: receive RaftClientReply:client-1C9943484C17->f23e4d0b-fd16-4e36-87f9-2fb30e2de0f1@group-1140C455E42D, cid=45, FAILED org.apache.ratis.protocol.NotLeaderException: Server f23e4d0b-fd16-4e36-87f9-2fb30e2de0f1@group-1140C455E42D is not the leader 3731518f-4a75-41f7-a8ac-44e1efdde356:192.168.157.254:38958, logIndex=0, commits[f23e4d0b-fd16-4e36-87f9-2fb30e2de0f1:c8, 9a3866a3-945c-43d9-ad49-28fa7f717e26:c8, 3731518f-4a75-41f7-a8ac-44e1efdde356:c8]
2019-09-18 11:35:31,351 [grpc-default-executor-2] INFO  client.GrpcClientProtocolClient (GrpcClientProtocolClient.java:onNext(264)) - client-1C9943484C17->f23e4d0b-fd16-4e36-87f9-2fb30e2de0f1: receive RaftClientReply:client-1C9943484C17->f23e4d0b-fd16-4e36-87f9-2fb30e2de0f1@group-1140C455E42D, cid=45, FAILED org.apache.ratis.protocol.NotLeaderException: Server f23e4d0b-fd16-4e36-87f9-2fb30e2de0f1@group-1140C455E42D is not the leader 3731518f-4a75-41f7-a8ac-44e1efdde356:192.168.157.254:38958, logIndex=0, commits[f23e4d0b-fd16-4e36-87f9-2fb30e2de0f1:c8, 9a3866a3-945c-43d9-ad49-28fa7f717e26:c8, 3731518f-4a75-41f7-a8ac-44e1efdde356:c8]
2019-09-18 11:35:32,366 [grpc-default-executor-1] INFO  client.GrpcClientProtocolClient (GrpcClientProtocolClient.java:onNext(264)) - client-1C9943484C17->f23e4d0b-fd16-4e36-87f9-2fb30e2de0f1: receive RaftClientReply:client-1C9943484C17->f23e4d0b-fd16-4e36-87f9-2fb30e2de0f1@group-1140C455E42D, cid=45, FAILED org.apache.ratis.protocol.NotLeaderException: Server f23e4d0b-fd16-4e36-87f9-2fb30e2de0f1@group-1140C455E42D is not the leader 3731518f-4a75-41f7-a8ac-44e1efdde356:192.168.157.254:38958, logIndex=0, commits[f23e4d0b-fd16-4e36-87f9-2fb30e2de0f1:c8, 9a3866a3-945c-43d9-ad49-28fa7f717e26:c8, 3731518f-4a75-41f7-a8ac-44e1efdde356:c8]
2019-09-18 11:35:33,385 [grpc-default-executor-1] INFO  client.GrpcClientProtocolClient (GrpcClientProtocolClient.java:onNext(264)) - client-1C9943484C17->9a3866a3-945c-43d9-ad49-28fa7f717e26: receive RaftClientReply:client-1C9943484C17->9a3866a3-945c-43d9-ad49-28fa7f717e26@group-1140C455E42D, cid=45, FAILED org.apache.ratis.protocol.NotLeaderException: Server 9a3866a3-945c-43d9-ad49-28fa7f717e26@group-1140C455E42D is not the leader 3731518f-4a75-41f7-a8ac-44e1efdde356:192.168.157.254:38958, logIndex=0, commits[9a3866a3-945c-43d9-ad49-28fa7f717e26:c8, f23e4d0b-fd16-4e36-87f9-2fb30e2de0f1:c8, 3731518f-4a75-41f7-a8ac-44e1efdde356:c8]
2019-09-18 11:35:34,402 [grpc-default-executor-1] INFO  client.GrpcClientProtocolClient (GrpcClientProtocolClient.java:onNext(264)) - client-1C9943484C17->9a3866a3-945c-43d9-ad49-28fa7f717e26: receive RaftClientReply:client-1C9943484C17->9a3866a3-945c-43d9-ad49-28fa7f717e26@group-1140C455E42D, cid=45, FAILED org.apache.ratis.protocol.NotLeaderException: Server 9a3866a3-945c-43d9-ad49-28fa7f717e26@group-1140C455E42D is not the leader 3731518f-4a75-41f7-a8ac-44e1efdde356:192.168.157.254:38958, logIndex=0, commits[9a3866a3-945c-43d9-ad49-28fa7f717e26:c8, f23e4d0b-fd16-4e36-87f9-2fb30e2de0f1:c8, 3731518f-4a75-41f7-a8ac-44e1efdde356:c8]
2019-09-18 11:35:35,432 [grpc-default-executor-1] INFO  client.GrpcClientProtocolClient (GrpcClientProtocolClient.java:onNext(264)) - client-1C9943484C17->9a3866a3-945c-43d9-ad49-28fa7f717e26: receive RaftClientReply:client-1C9943484C17->9a3866a3-945c-43d9-ad49-28fa7f717e26@group-1140C455E42D, cid=45, FAILED org.apache.ratis.protocol.NotLeaderException: Server 9a3866a3-945c-43d9-ad49-28fa7f717e26@group-1140C455E42D is not the leader 3731518f-4a75-41f7-a8ac-44e1efdde356:192.168.157.254:38958, logIndex=0, commits[9a3866a3-945c-43d9-ad49-28fa7f717e26:c8, f23e4d0b-fd16-4e36-87f9-2fb30e2de0f1:c8, 3731518f-4a75-41f7-a8ac-44e1efdde356:c8]
2019-09-18 11:35:36,450 [grpc-default-executor-1] INFO  client.GrpcClientProtocolClient (GrpcClientProtocolClient.java:onNext(264)) - client-1C9943484C17->f23e4d0b-fd16-4e36-87f9-2fb30e2de0f1: receive RaftClientReply:client-1C9943484C17->f23e4d0b-fd16-4e36-87f9-2fb30e2de0f1@group-1140C455E42D, cid=45, FAILED org.apache.ratis.protocol.NotLeaderException: Server f23e4d0b-fd16-4e36-87f9-2fb30e2de0f1@group-1140C455E42D is not the leader 3731518f-4a75-41f7-a8ac-44e1efdde356:192.168.157.254:38958, logIndex=0, commits[f23e4d0b-fd16-4e36-87f9-2fb30e2de0f1:c8, 9a3866a3-945c-43d9-ad49-28fa7f717e26:c8, 3731518f-4a75-41f7-a8ac-44e1efdde356:c8]
2019-09-18 11:35:37,468 [grpc-default-executor-2] INFO  client.GrpcClientProtocolClient (GrpcClientProtocolClient.java:onNext(264)) - client-1C9943484C17->f23e4d0b-fd16-4e36-87f9-2fb30e2de0f1: receive RaftClientReply:client-1C9943484C17->f23e4d0b-fd16-4e36-87f9-2fb30e2de0f1@group-1140C455E42D, cid=45, FAILED org.apache.ratis.protocol.NotLeaderException: Server f23e4d0b-fd16-4e36-87f9-2fb30e2de0f1@group-1140C455E42D is not the leader 3731518f-4a75-41f7-a8ac-44e1efdde356:192.168.157.254:38958, logIndex=0, commits[f23e4d0b-fd16-4e36-87f9-2fb30e2de0f1:c8, 9a3866a3-945c-43d9-ad49-28fa7f717e26:c8, 3731518f-4a75-41f7-a8ac-44e1efdde356:c8]
2019-09-18 11:35:38,487 [grpc-default-executor-2] INFO  client.GrpcClientProtocolClient (GrpcClientProtocolClient.java:onNext(264)) - client-1C9943484C17->9a3866a3-945c-43d9-ad49-28fa7f717e26: receive RaftClientReply:client-1C9943484C17->9a3866a3-945c-43d9-ad49-28fa7f717e26@group-1140C455E42D, cid=45, FAILED org.apache.ratis.protocol.NotLeaderException: Server 9a3866a3-945c-43d9-ad49-28fa7f717e26@group-1140C455E42D is not the leader 3731518f-4a75-41f7-a8ac-44e1efdde356:192.168.157.254:38958, logIndex=0, commits[9a3866a3-945c-43d9-ad49-28fa7f717e26:c8, f23e4d0b-fd16-4e36-87f9-2fb30e2de0f1:c8, 3731518f-4a75-41f7-a8ac-44e1efdde356:c8]
2019-09-18 11:35:39,505 [grpc-default-executor-1] INFO  client.GrpcClientProtocolClient (GrpcClientProtocolClient.java:onNext(264)) - client-1C9943484C17->f23e4d0b-fd16-4e36-87f9-2fb30e2de0f1: receive RaftClientReply:client-1C9943484C17->f23e4d0b-fd16-4e36-87f9-2fb30e2de0f1@group-1140C455E42D, cid=45, FAILED org.apache.ratis.protocol.NotLeaderException: Server f23e4d0b-fd16-4e36-87f9-2fb30e2de0f1@group-1140C455E42D is not the leader 3731518f-4a75-41f7-a8ac-44e1efdde356:192.168.157.254:38958, logIndex=0, commits[f23e4d0b-fd16-4e36-87f9-2fb30e2de0f1:c8, 9a3866a3-945c-43d9-ad49-28fa7f717e26:c8, 3731518f-4a75-41f7-a8ac-44e1efdde356:c8]
2019-09-18 11:35:40,526 [grpc-default-executor-1] INFO  client.GrpcClientProtocolClient (GrpcClientProtocolClient.java:onNext(264)) - client-1C9943484C17->9a3866a3-945c-43d9-ad49-28fa7f717e26: receive RaftClientReply:client-1C9943484C17->9a3866a3-945c-43d9-ad49-28fa7f717e26@group-1140C455E42D, cid=45, FAILED org.apache.ratis.protocol.NotLeaderException: Server 9a3866a3-945c-43d9-ad49-28fa7f717e26@group-1140C455E42D is not the leader 3731518f-4a75-41f7-a8ac-44e1efdde356:192.168.157.254:38958, logIndex=0, commits[9a3866a3-945c-43d9-ad49-28fa7f717e26:c8, f23e4d0b-fd16-4e36-87f9-2fb30e2de0f1:c8, 3731518f-4a75-41f7-a8ac-44e1efdde356:c8]
2019-09-18 11:35:41,541 [grpc-default-executor-1] INFO  client.GrpcClientProtocolClient (GrpcClientProtocolClient.java:onNext(264)) - client-1C9943484C17->f23e4d0b-fd16-4e36-87f9-2fb30e2de0f1: receive RaftClientReply:client-1C9943484C17->f23e4d0b-fd16-4e36-87f9-2fb30e2de0f1@group-1140C455E42D, cid=45, FAILED org.apache.ratis.protocol.NotLeaderException: Server f23e4d0b-fd16-4e36-87f9-2fb30e2de0f1@group-1140C455E42D is not the leader 3731518f-4a75-41f7-a8ac-44e1efdde356:192.168.157.254:38958, logIndex=0, commits[f23e4d0b-fd16-4e36-87f9-2fb30e2de0f1:c8, 9a3866a3-945c-43d9-ad49-28fa7f717e26:c8, 3731518f-4a75-41f7-a8ac-44e1efdde356:c8]
2019-09-18 11:35:42,556 [grpc-default-executor-0] INFO  client.GrpcClientProtocolClient (GrpcClientProtocolClient.java:onNext(264)) - client-1C9943484C17->9a3866a3-945c-43d9-ad49-28fa7f717e26: receive RaftClientReply:client-1C9943484C17->9a3866a3-945c-43d9-ad49-28fa7f717e26@group-1140C455E42D, cid=45, FAILED org.apache.ratis.protocol.NotLeaderException: Server 9a3866a3-945c-43d9-ad49-28fa7f717e26@group-1140C455E42D is not the leader 3731518f-4a75-41f7-a8ac-44e1efdde356:192.168.157.254:38958, logIndex=0, commits[9a3866a3-945c-43d9-ad49-28fa7f717e26:c8, f23e4d0b-fd16-4e36-87f9-2fb30e2de0f1:c8, 3731518f-4a75-41f7-a8ac-44e1efdde356:c8]
2019-09-18 11:35:43,574 [grpc-default-executor-1] INFO  client.GrpcClientProtocolClient (GrpcClientProtocolClient.java:onNext(264)) - client-1C9943484C17->f23e4d0b-fd16-4e36-87f9-2fb30e2de0f1: receive RaftClientReply:client-1C9943484C17->f23e4d0b-fd16-4e36-87f9-2fb30e2de0f1@group-1140C455E42D, cid=45, FAILED org.apache.ratis.protocol.NotLeaderException: Server f23e4d0b-fd16-4e36-87f9-2fb30e2de0f1@group-1140C455E42D is not the leader 3731518f-4a75-41f7-a8ac-44e1efdde356:192.168.157.254:38958, logIndex=0, commits[f23e4d0b-fd16-4e36-87f9-2fb30e2de0f1:c8, 9a3866a3-945c-43d9-ad49-28fa7f717e26:c8, 3731518f-4a75-41f7-a8ac-44e1efdde356:c8]
2019-09-18 11:35:44,592 [grpc-default-executor-0] INFO  client.GrpcClientProtocolClient (GrpcClientProtocolClient.java:onNext(264)) - client-1C9943484C17->9a3866a3-945c-43d9-ad49-28fa7f717e26: receive RaftClientReply:client-1C9943484C17->9a3866a3-945c-43d9-ad49-28fa7f717e26@group-1140C455E42D, cid=45, FAILED org.apache.ratis.protocol.NotLeaderException: Server 9a3866a3-945c-43d9-ad49-28fa7f717e26@group-1140C455E42D is not the leader 3731518f-4a75-41f7-a8ac-44e1efdde356:192.168.157.254:38958, logIndex=0, commits[9a3866a3-945c-43d9-ad49-28fa7f717e26:c8, f23e4d0b-fd16-4e36-87f9-2fb30e2de0f1:c8, 3731518f-4a75-41f7-a8ac-44e1efdde356:c8]
2019-09-18 11:35:45,619 [grpc-default-executor-1] INFO  client.GrpcClientProtocolClient (GrpcClientProtocolClient.java:onNext(264)) - client-1C9943484C17->9a3866a3-945c-43d9-ad49-28fa7f717e26: receive RaftClientReply:client-1C9943484C17->9a3866a3-945c-43d9-ad49-28fa7f717e26@group-1140C455E42D, cid=45, FAILED org.apache.ratis.protocol.NotLeaderException: Server 9a3866a3-945c-43d9-ad49-28fa7f717e26@group-1140C455E42D is not the leader 3731518f-4a75-41f7-a8ac-44e1efdde356:192.168.157.254:38958, logIndex=0, commits[9a3866a3-945c-43d9-ad49-28fa7f717e26:c8, f23e4d0b-fd16-4e36-87f9-2fb30e2de0f1:c8, 3731518f-4a75-41f7-a8ac-44e1efdde356:c8]
2019-09-18 11:35:46,635 [grpc-default-executor-0] INFO  client.GrpcClientProtocolClient (GrpcClientProtocolClient.java:onNext(264)) - client-1C9943484C17->f23e4d0b-fd16-4e36-87f9-2fb30e2de0f1: receive RaftClientReply:client-1C9943484C17->f23e4d0b-fd16-4e36-87f9-2fb30e2de0f1@group-1140C455E42D, cid=45, FAILED org.apache.ratis.protocol.NotLeaderException: Server f23e4d0b-fd16-4e36-87f9-2fb30e2de0f1@group-1140C455E42D is not the leader 3731518f-4a75-41f7-a8ac-44e1efdde356:192.168.157.254:38958, logIndex=0, commits[f23e4d0b-fd16-4e36-87f9-2fb30e2de0f1:c8, 9a3866a3-945c-43d9-ad49-28fa7f717e26:c8, 3731518f-4a75-41f7-a8ac-44e1efdde356:c8]
2019-09-18 11:35:47,648 [grpc-default-executor-2] INFO  client.GrpcClientProtocolClient (GrpcClientProtocolClient.java:onNext(264)) - client-1C9943484C17->f23e4d0b-fd16-4e36-87f9-2fb30e2de0f1: receive RaftClientReply:client-1C9943484C17->f23e4d0b-fd16-4e36-87f9-2fb30e2de0f1@group-1140C455E42D, cid=45, FAILED org.apache.ratis.protocol.NotLeaderException: Server f23e4d0b-fd16-4e36-87f9-2fb30e2de0f1@group-1140C455E42D is not the leader 3731518f-4a75-41f7-a8ac-44e1efdde356:192.168.157.254:38958, logIndex=0, commits[f23e4d0b-fd16-4e36-87f9-2fb30e2de0f1:c8, 9a3866a3-945c-43d9-ad49-28fa7f717e26:c8, 3731518f-4a75-41f7-a8ac-44e1efdde356:c8]
2019-09-18 11:35:48,661 [grpc-default-executor-2] INFO  client.GrpcClientProtocolClient (GrpcClientProtocolClient.java:onNext(264)) - client-1C9943484C17->9a3866a3-945c-43d9-ad49-28fa7f717e26: receive RaftClientReply:client-1C9943484C17->9a3866a3-945c-43d9-ad49-28fa7f717e26@group-1140C455E42D, cid=45, FAILED org.apache.ratis.protocol.NotLeaderException: Server 9a3866a3-945c-43d9-ad49-28fa7f717e26@group-1140C455E42D is not the leader 3731518f-4a75-41f7-a8ac-44e1efdde356:192.168.157.254:38958, logIndex=0, commits[9a3866a3-945c-43d9-ad49-28fa7f717e26:c8, f23e4d0b-fd16-4e36-87f9-2fb30e2de0f1:c8, 3731518f-4a75-41f7-a8ac-44e1efdde356:c8]
2019-09-18 11:35:49,673 [grpc-default-executor-2] INFO  client.GrpcClientProtocolClient (GrpcClientProtocolClient.java:onNext(264)) - client-1C9943484C17->9a3866a3-945c-43d9-ad49-28fa7f717e26: receive RaftClientReply:client-1C9943484C17->9a3866a3-945c-43d9-ad49-28fa7f717e26@group-1140C455E42D, cid=45, FAILED org.apache.ratis.protocol.NotLeaderException: Server 9a3866a3-945c-43d9-ad49-28fa7f717e26@group-1140C455E42D is not the leader 3731518f-4a75-41f7-a8ac-44e1efdde356:192.168.157.254:38958, logIndex=0, commits[9a3866a3-945c-43d9-ad49-28fa7f717e26:c8, f23e4d0b-fd16-4e36-87f9-2fb30e2de0f1:c8, 3731518f-4a75-41f7-a8ac-44e1efdde356:c8]
2019-09-18 11:35:50,685 [grpc-default-executor-1] INFO  client.GrpcClientProtocolClient (GrpcClientProtocolClient.java:onNext(264)) - client-1C9943484C17->f23e4d0b-fd16-4e36-87f9-2fb30e2de0f1: receive RaftClientReply:client-1C9943484C17->f23e4d0b-fd16-4e36-87f9-2fb30e2de0f1@group-1140C455E42D, cid=45, FAILED org.apache.ratis.protocol.NotLeaderException: Server f23e4d0b-fd16-4e36-87f9-2fb30e2de0f1@group-1140C455E42D is not the leader 3731518f-4a75-41f7-a8ac-44e1efdde356:192.168.157.254:38958, logIndex=0, commits[f23e4d0b-fd16-4e36-87f9-2fb30e2de0f1:c8, 9a3866a3-945c-43d9-ad49-28fa7f717e26:c8, 3731518f-4a75-41f7-a8ac-44e1efdde356:c8]
2019-09-18 11:35:51,709 [grpc-default-executor-1] INFO  client.GrpcClientProtocolClient (GrpcClientProtocolClient.java:onNext(264)) - client-1C9943484C17->9a3866a3-945c-43d9-ad49-28fa7f717e26: receive RaftClientReply:client-1C9943484C17->9a3866a3-945c-43d9-ad49-28fa7f717e26@group-1140C455E42D, cid=45, FAILED org.apache.ratis.protocol.NotLeaderException: Server 9a3866a3-945c-43d9-ad49-28fa7f717e26@group-1140C455E42D is not the leader 3731518f-4a75-41f7-a8ac-44e1efdde356:192.168.157.254:38958, logIndex=0, commits[9a3866a3-945c-43d9-ad49-28fa7f717e26:c8, f23e4d0b-fd16-4e36-87f9-2fb30e2de0f1:c8, 3731518f-4a75-41f7-a8ac-44e1efdde356:c8]
2019-09-18 11:35:52,724 [grpc-default-executor-2] INFO  client.GrpcClientProtocolClient (GrpcClientProtocolClient.java:onNext(264)) - client-1C9943484C17->9a3866a3-945c-43d9-ad49-28fa7f717e26: receive RaftClientReply:client-1C9943484C17->9a3866a3-945c-43d9-ad49-28fa7f717e26@group-1140C455E42D, cid=45, FAILED org.apache.ratis.protocol.NotLeaderException: Server 9a3866a3-945c-43d9-ad49-28fa7f717e26@group-1140C455E42D is not the leader 3731518f-4a75-41f7-a8ac-44e1efdde356:192.168.157.254:38958, logIndex=0, commits[9a3866a3-945c-43d9-ad49-28fa7f717e26:c8, f23e4d0b-fd16-4e36-87f9-2fb30e2de0f1:c8, 3731518f-4a75-41f7-a8ac-44e1efdde356:c8]
2019-09-18 11:35:53,738 [grpc-default-executor-1] INFO  client.GrpcClientProtocolClient (GrpcClientProtocolClient.java:onNext(264)) - client-1C9943484C17->9a3866a3-945c-43d9-ad49-28fa7f717e26: receive RaftClientReply:client-1C9943484C17->9a3866a3-945c-43d9-ad49-28fa7f717e26@group-1140C455E42D, cid=45, FAILED org.apache.ratis.protocol.NotLeaderException: Server 9a3866a3-945c-43d9-ad49-28fa7f717e26@group-1140C455E42D is not the leader 3731518f-4a75-41f7-a8ac-44e1efdde356:192.168.157.254:38958, logIndex=0, commits[9a3866a3-945c-43d9-ad49-28fa7f717e26:c8, f23e4d0b-fd16-4e36-87f9-2fb30e2de0f1:c8, 3731518f-4a75-41f7-a8ac-44e1efdde356:c8]
2019-09-18 11:35:54,754 [grpc-default-executor-2] INFO  client.GrpcClientProtocolClient (GrpcClientProtocolClient.java:onNext(264)) - client-1C9943484C17->9a3866a3-945c-43d9-ad49-28fa7f717e26: receive RaftClientReply:client-1C9943484C17->9a3866a3-945c-43d9-ad49-28fa7f717e26@group-1140C455E42D, cid=45, FAILED org.apache.ratis.protocol.NotLeaderException: Server 9a3866a3-945c-43d9-ad49-28fa7f717e26@group-1140C455E42D is not the leader 3731518f-4a75-41f7-a8ac-44e1efdde356:192.168.157.254:38958, logIndex=0, commits[9a3866a3-945c-43d9-ad49-28fa7f717e26:c8, f23e4d0b-fd16-4e36-87f9-2fb30e2de0f1:c8, 3731518f-4a75-41f7-a8ac-44e1efdde356:c8]
2019-09-18 11:35:55,768 [grpc-default-executor-2] INFO  client.GrpcClientProtocolClient (GrpcClientProtocolClient.java:onNext(264)) - client-1C9943484C17->f23e4d0b-fd16-4e36-87f9-2fb30e2de0f1: receive RaftClientReply:client-1C9943484C17->f23e4d0b-fd16-4e36-87f9-2fb30e2de0f1@group-1140C455E42D, cid=45, FAILED org.apache.ratis.protocol.NotLeaderException: Server f23e4d0b-fd16-4e36-87f9-2fb30e2de0f1@group-1140C455E42D is not the leader 3731518f-4a75-41f7-a8ac-44e1efdde356:192.168.157.254:38958, logIndex=0, commits[f23e4d0b-fd16-4e36-87f9-2fb30e2de0f1:c8, 9a3866a3-945c-43d9-ad49-28fa7f717e26:c8, 3731518f-4a75-41f7-a8ac-44e1efdde356:c8]
2019-09-18 11:35:56,782 [grpc-default-executor-2] INFO  client.GrpcClientProtocolClient (GrpcClientProtocolClient.java:onNext(264)) - client-1C9943484C17->9a3866a3-945c-43d9-ad49-28fa7f717e26: receive RaftClientReply:client-1C9943484C17->9a3866a3-945c-43d9-ad49-28fa7f717e26@group-1140C455E42D, cid=45, FAILED org.apache.ratis.protocol.NotLeaderException: Server 9a3866a3-945c-43d9-ad49-28fa7f717e26@group-1140C455E42D is not the leader 3731518f-4a75-41f7-a8ac-44e1efdde356:192.168.157.254:38958, logIndex=0, commits[9a3866a3-945c-43d9-ad49-28fa7f717e26:c8, f23e4d0b-fd16-4e36-87f9-2fb30e2de0f1:c8, 3731518f-4a75-41f7-a8ac-44e1efdde356:c8]
2019-09-18 11:35:57,796 [grpc-default-executor-2] INFO  client.GrpcClientProtocolClient (GrpcClientProtocolClient.java:onNext(264)) - client-1C9943484C17->9a3866a3-945c-43d9-ad49-28fa7f717e26: receive RaftClientReply:client-1C9943484C17->9a3866a3-945c-43d9-ad49-28fa7f717e26@group-1140C455E42D, cid=45, FAILED org.apache.ratis.protocol.NotLeaderException: Server 9a3866a3-945c-43d9-ad49-28fa7f717e26@group-1140C455E42D is not the leader 3731518f-4a75-41f7-a8ac-44e1efdde356:192.168.157.254:38958, logIndex=0, commits[9a3866a3-945c-43d9-ad49-28fa7f717e26:c8, f23e4d0b-fd16-4e36-87f9-2fb30e2de0f1:c8, 3731518f-4a75-41f7-a8ac-44e1efdde356:c8]
2019-09-18 11:35:58,811 [grpc-default-executor-2] INFO  client.GrpcClientProtocolClient (GrpcClientProtocolClient.java:onNext(264)) - client-1C9943484C17->f23e4d0b-fd16-4e36-87f9-2fb30e2de0f1: receive RaftClientReply:client-1C9943484C17->f23e4d0b-fd16-4e36-87f9-2fb30e2de0f1@group-1140C455E42D, cid=45, FAILED org.apache.ratis.protocol.NotLeaderException: Server f23e4d0b-fd16-4e36-87f9-2fb30e2de0f1@group-1140C455E42D is not the leader 3731518f-4a75-41f7-a8ac-44e1efdde356:192.168.157.254:38958, logIndex=0, commits[f23e4d0b-fd16-4e36-87f9-2fb30e2de0f1:c8, 9a3866a3-945c-43d9-ad49-28fa7f717e26:c8, 3731518f-4a75-41f7-a8ac-44e1efdde356:c8]
2019-09-18 11:35:59,823 [grpc-default-executor-2] INFO  client.GrpcClientProtocolClient (GrpcClientProtocolClient.java:onNext(264)) - client-1C9943484C17->9a3866a3-945c-43d9-ad49-28fa7f717e26: receive RaftClientReply:client-1C9943484C17->9a3866a3-945c-43d9-ad49-28fa7f717e26@group-1140C455E42D, cid=45, FAILED org.apache.ratis.protocol.NotLeaderException: Server 9a3866a3-945c-43d9-ad49-28fa7f717e26@group-1140C455E42D is not the leader 3731518f-4a75-41f7-a8ac-44e1efdde356:192.168.157.254:38958, logIndex=0, commits[9a3866a3-945c-43d9-ad49-28fa7f717e26:c8, f23e4d0b-fd16-4e36-87f9-2fb30e2de0f1:c8, 3731518f-4a75-41f7-a8ac-44e1efdde356:c8]
2019-09-18 11:36:00,835 [grpc-default-executor-2] INFO  client.GrpcClientProtocolClient (GrpcClientProtocolClient.java:onNext(264)) - client-1C9943484C17->f23e4d0b-fd16-4e36-87f9-2fb30e2de0f1: receive RaftClientReply:client-1C9943484C17->f23e4d0b-fd16-4e36-87f9-2fb30e2de0f1@group-1140C455E42D, cid=45, FAILED org.apache.ratis.protocol.NotLeaderException: Server f23e4d0b-fd16-4e36-87f9-2fb30e2de0f1@group-1140C455E42D is not the leader 3731518f-4a75-41f7-a8ac-44e1efdde356:192.168.157.254:38958, logIndex=0, commits[f23e4d0b-fd16-4e36-87f9-2fb30e2de0f1:c8, 9a3866a3-945c-43d9-ad49-28fa7f717e26:c8, 3731518f-4a75-41f7-a8ac-44e1efdde356:c8]
2019-09-18 11:36:01,847 [grpc-default-executor-0] INFO  client.GrpcClientProtocolClient (GrpcClientProtocolClient.java:onNext(264)) - client-1C9943484C17->9a3866a3-945c-43d9-ad49-28fa7f717e26: receive RaftClientReply:client-1C9943484C17->9a3866a3-945c-43d9-ad49-28fa7f717e26@group-1140C455E42D, cid=45, FAILED org.apache.ratis.protocol.NotLeaderException: Server 9a3866a3-945c-43d9-ad49-28fa7f717e26@group-1140C455E42D is not the leader 3731518f-4a75-41f7-a8ac-44e1efdde356:192.168.157.254:38958, logIndex=0, commits[9a3866a3-945c-43d9-ad49-28fa7f717e26:c8, f23e4d0b-fd16-4e36-87f9-2fb30e2de0f1:c8, 3731518f-4a75-41f7-a8ac-44e1efdde356:c8]
2019-09-18 11:36:02,861 [grpc-default-executor-1] INFO  client.GrpcClientProtocolClient (GrpcClientProtocolClient.java:onNext(264)) - client-1C9943484C17->f23e4d0b-fd16-4e36-87f9-2fb30e2de0f1: receive RaftClientReply:client-1C9943484C17->f23e4d0b-fd16-4e36-87f9-2fb30e2de0f1@group-1140C455E42D, cid=45, FAILED org.apache.ratis.protocol.NotLeaderException: Server f23e4d0b-fd16-4e36-87f9-2fb30e2de0f1@group-1140C455E42D is not the leader 3731518f-4a75-41f7-a8ac-44e1efdde356:192.168.157.254:38958, logIndex=0, commits[f23e4d0b-fd16-4e36-87f9-2fb30e2de0f1:c8, 9a3866a3-945c-43d9-ad49-28fa7f717e26:c8, 3731518f-4a75-41f7-a8ac-44e1efdde356:c8]
2019-09-18 11:36:03,875 [grpc-default-executor-1] INFO  client.GrpcClientProtocolClient (GrpcClientProtocolClient.java:onNext(264)) - client-1C9943484C17->9a3866a3-945c-43d9-ad49-28fa7f717e26: receive RaftClientReply:client-1C9943484C17->9a3866a3-945c-43d9-ad49-28fa7f717e26@group-1140C455E42D, cid=45, FAILED org.apache.ratis.protocol.NotLeaderException: Server 9a3866a3-945c-43d9-ad49-28fa7f717e26@group-1140C455E42D is not the leader 3731518f-4a75-41f7-a8ac-44e1efdde356:192.168.157.254:38958, logIndex=0, commits[9a3866a3-945c-43d9-ad49-28fa7f717e26:c8, f23e4d0b-fd16-4e36-87f9-2fb30e2de0f1:c8, 3731518f-4a75-41f7-a8ac-44e1efdde356:c8]
2019-09-18 11:36:04,886 [grpc-default-executor-0] INFO  client.GrpcClientProtocolClient (GrpcClientProtocolClient.java:onNext(264)) - client-1C9943484C17->f23e4d0b-fd16-4e36-87f9-2fb30e2de0f1: receive RaftClientReply:client-1C9943484C17->f23e4d0b-fd16-4e36-87f9-2fb30e2de0f1@group-1140C455E42D, cid=45, FAILED org.apache.ratis.protocol.NotLeaderException: Server f23e4d0b-fd16-4e36-87f9-2fb30e2de0f1@group-1140C455E42D is not the leader 3731518f-4a75-41f7-a8ac-44e1efdde356:192.168.157.254:38958, logIndex=0, commits[f23e4d0b-fd16-4e36-87f9-2fb30e2de0f1:c8, 9a3866a3-945c-43d9-ad49-28fa7f717e26:c8, 3731518f-4a75-41f7-a8ac-44e1efdde356:c8]
2019-09-18 11:36:05,901 [grpc-default-executor-0] INFO  client.GrpcClientProtocolClient (GrpcClientProtocolClient.java:onNext(264)) - client-1C9943484C17->f23e4d0b-fd16-4e36-87f9-2fb30e2de0f1: receive RaftClientReply:client-1C9943484C17->f23e4d0b-fd16-4e36-87f9-2fb30e2de0f1@group-1140C455E42D, cid=45, FAILED org.apache.ratis.protocol.NotLeaderException: Server f23e4d0b-fd16-4e36-87f9-2fb30e2de0f1@group-1140C455E42D is not the leader 3731518f-4a75-41f7-a8ac-44e1efdde356:192.168.157.254:38958, logIndex=0, commits[f23e4d0b-fd16-4e36-87f9-2fb30e2de0f1:c8, 9a3866a3-945c-43d9-ad49-28fa7f717e26:c8, 3731518f-4a75-41f7-a8ac-44e1efdde356:c8]
2019-09-18 11:36:06,913 [grpc-default-executor-0] INFO  client.GrpcClientProtocolClient (GrpcClientProtocolClient.java:onNext(264)) - client-1C9943484C17->9a3866a3-945c-43d9-ad49-28fa7f717e26: receive RaftClientReply:client-1C9943484C17->9a3866a3-945c-43d9-ad49-28fa7f717e26@group-1140C455E42D, cid=45, FAILED org.apache.ratis.protocol.NotLeaderException: Server 9a3866a3-945c-43d9-ad49-28fa7f717e26@group-1140C455E42D is not the leader 3731518f-4a75-41f7-a8ac-44e1efdde356:192.168.157.254:38958, logIndex=0, commits[9a3866a3-945c-43d9-ad49-28fa7f717e26:c8, f23e4d0b-fd16-4e36-87f9-2fb30e2de0f1:c8, 3731518f-4a75-41f7-a8ac-44e1efdde356:c8]
2019-09-18 11:36:07,924 [grpc-default-executor-1] INFO  client.GrpcClientProtocolClient (GrpcClientProtocolClient.java:onNext(264)) - client-1C9943484C17->f23e4d0b-fd16-4e36-87f9-2fb30e2de0f1: receive RaftClientReply:client-1C9943484C17->f23e4d0b-fd16-4e36-87f9-2fb30e2de0f1@group-1140C455E42D, cid=45, FAILED org.apache.ratis.protocol.NotLeaderException: Server f23e4d0b-fd16-4e36-87f9-2fb30e2de0f1@group-1140C455E42D is not the leader 3731518f-4a75-41f7-a8ac-44e1efdde356:192.168.157.254:38958, logIndex=0, commits[f23e4d0b-fd16-4e36-87f9-2fb30e2de0f1:c8, 9a3866a3-945c-43d9-ad49-28fa7f717e26:c8, 3731518f-4a75-41f7-a8ac-44e1efdde356:c8]
2019-09-18 11:36:08,939 [grpc-default-executor-1] INFO  client.GrpcClientProtocolClient (GrpcClientProtocolClient.java:onNext(264)) - client-1C9943484C17->9a3866a3-945c-43d9-ad49-28fa7f717e26: receive RaftClientReply:client-1C9943484C17->9a3866a3-945c-43d9-ad49-28fa7f717e26@group-1140C455E42D, cid=45, FAILED org.apache.ratis.protocol.NotLeaderException: Server 9a3866a3-945c-43d9-ad49-28fa7f717e26@group-1140C455E42D is not the leader 3731518f-4a75-41f7-a8ac-44e1efdde356:192.168.157.254:38958, logIndex=0, commits[9a3866a3-945c-43d9-ad49-28fa7f717e26:c8, f23e4d0b-fd16-4e36-87f9-2fb30e2de0f1:c8, 3731518f-4a75-41f7-a8ac-44e1efdde356:c8]
2019-09-18 11:36:09,951 [grpc-default-executor-0] INFO  client.GrpcClientProtocolClient (GrpcClientProtocolClient.java:onNext(264)) - client-1C9943484C17->f23e4d0b-fd16-4e36-87f9-2fb30e2de0f1: receive RaftClientReply:client-1C9943484C17->f23e4d0b-fd16-4e36-87f9-2fb30e2de0f1@group-1140C455E42D, cid=45, FAILED org.apache.ratis.protocol.NotLeaderException: Server f23e4d0b-fd16-4e36-87f9-2fb30e2de0f1@group-1140C455E42D is not the leader 3731518f-4a75-41f7-a8ac-44e1efdde356:192.168.157.254:38958, logIndex=0, commits[f23e4d0b-fd16-4e36-87f9-2fb30e2de0f1:c8, 9a3866a3-945c-43d9-ad49-28fa7f717e26:c8, 3731518f-4a75-41f7-a8ac-44e1efdde356:c8]
2019-09-18 11:36:10,965 [grpc-default-executor-0] INFO  client.GrpcClientProtocolClient (GrpcClientProtocolClient.java:onNext(264)) - client-1C9943484C17->f23e4d0b-fd16-4e36-87f9-2fb30e2de0f1: receive RaftClientReply:client-1C9943484C17->f23e4d0b-fd16-4e36-87f9-2fb30e2de0f1@group-1140C455E42D, cid=45, FAILED org.apache.ratis.protocol.NotLeaderException: Server f23e4d0b-fd16-4e36-87f9-2fb30e2de0f1@group-1140C455E42D is not the leader 3731518f-4a75-41f7-a8ac-44e1efdde356:192.168.157.254:38958, logIndex=0, commits[f23e4d0b-fd16-4e36-87f9-2fb30e2de0f1:c8, 9a3866a3-945c-43d9-ad49-28fa7f717e26:c8, 3731518f-4a75-41f7-a8ac-44e1efdde356:c8]
2019-09-18 11:36:11,976 [grpc-default-executor-0] INFO  client.GrpcClientProtocolClient (GrpcClientProtocolClient.java:onNext(264)) - client-1C9943484C17->f23e4d0b-fd16-4e36-87f9-2fb30e2de0f1: receive RaftClientReply:client-1C9943484C17->f23e4d0b-fd16-4e36-87f9-2fb30e2de0f1@group-1140C455E42D, cid=45, FAILED org.apache.ratis.protocol.NotLeaderException: Server f23e4d0b-fd16-4e36-87f9-2fb30e2de0f1@group-1140C455E42D is not the leader 3731518f-4a75-41f7-a8ac-44e1efdde356:192.168.157.254:38958, logIndex=0, commits[f23e4d0b-fd16-4e36-87f9-2fb30e2de0f1:c8, 9a3866a3-945c-43d9-ad49-28fa7f717e26:c8, 3731518f-4a75-41f7-a8ac-44e1efdde356:c8]
2019-09-18 11:36:12,989 [grpc-default-executor-2] INFO  client.GrpcClientProtocolClient (GrpcClientProtocolClient.java:onNext(264)) - client-1C9943484C17->9a3866a3-945c-43d9-ad49-28fa7f717e26: receive RaftClientReply:client-1C9943484C17->9a3866a3-945c-43d9-ad49-28fa7f717e26@group-1140C455E42D, cid=45, FAILED org.apache.ratis.protocol.NotLeaderException: Server 9a3866a3-945c-43d9-ad49-28fa7f717e26@group-1140C455E42D is not the leader 3731518f-4a75-41f7-a8ac-44e1efdde356:192.168.157.254:38958, logIndex=0, commits[9a3866a3-945c-43d9-ad49-28fa7f717e26:c8, f23e4d0b-fd16-4e36-87f9-2fb30e2de0f1:c8, 3731518f-4a75-41f7-a8ac-44e1efdde356:c8]
2019-09-18 11:36:14,004 [grpc-default-executor-2] INFO  client.GrpcClientProtocolClient (GrpcClientProtocolClient.java:onNext(264)) - client-1C9943484C17->9a3866a3-945c-43d9-ad49-28fa7f717e26: receive RaftClientReply:client-1C9943484C17->9a3866a3-945c-43d9-ad49-28fa7f717e26@group-1140C455E42D, cid=45, FAILED org.apache.ratis.protocol.NotLeaderException: Server 9a3866a3-945c-43d9-ad49-28fa7f717e26@group-1140C455E42D is not the leader 3731518f-4a75-41f7-a8ac-44e1efdde356:192.168.157.254:38958, logIndex=0, commits[9a3866a3-945c-43d9-ad49-28fa7f717e26:c8, f23e4d0b-fd16-4e36-87f9-2fb30e2de0f1:c8, 3731518f-4a75-41f7-a8ac-44e1efdde356:c8]
2019-09-18 11:36:15,016 [grpc-default-executor-1] INFO  client.GrpcClientProtocolClient (GrpcClientProtocolClient.java:onNext(264)) - client-1C9943484C17->9a3866a3-945c-43d9-ad49-28fa7f717e26: receive RaftClientReply:client-1C9943484C17->9a3866a3-945c-43d9-ad49-28fa7f717e26@group-1140C455E42D, cid=45, FAILED org.apache.ratis.protocol.NotLeaderException: Server 9a3866a3-945c-43d9-ad49-28fa7f717e26@group-1140C455E42D is not the leader 3731518f-4a75-41f7-a8ac-44e1efdde356:192.168.157.254:38958, logIndex=0, commits[9a3866a3-945c-43d9-ad49-28fa7f717e26:c8, f23e4d0b-fd16-4e36-87f9-2fb30e2de0f1:c8, 3731518f-4a75-41f7-a8ac-44e1efdde356:c8]
2019-09-18 11:36:16,032 [grpc-default-executor-1] INFO  client.GrpcClientProtocolClient (GrpcClientProtocolClient.java:onNext(264)) - client-1C9943484C17->f23e4d0b-fd16-4e36-87f9-2fb30e2de0f1: receive RaftClientReply:client-1C9943484C17->f23e4d0b-fd16-4e36-87f9-2fb30e2de0f1@group-1140C455E42D, cid=45, FAILED org.apache.ratis.protocol.NotLeaderException: Server f23e4d0b-fd16-4e36-87f9-2fb30e2de0f1@group-1140C455E42D is not the leader 3731518f-4a75-41f7-a8ac-44e1efdde356:192.168.157.254:38958, logIndex=0, commits[f23e4d0b-fd16-4e36-87f9-2fb30e2de0f1:c8, 9a3866a3-945c-43d9-ad49-28fa7f717e26:c8, 3731518f-4a75-41f7-a8ac-44e1efdde356:c8]
2019-09-18 11:36:17,042 [grpc-default-executor-2] INFO  client.GrpcClientProtocolClient (GrpcClientProtocolClient.java:onNext(264)) - client-1C9943484C17->f23e4d0b-fd16-4e36-87f9-2fb30e2de0f1: receive RaftClientReply:client-1C9943484C17->f23e4d0b-fd16-4e36-87f9-2fb30e2de0f1@group-1140C455E42D, cid=45, FAILED org.apache.ratis.protocol.NotLeaderException: Server f23e4d0b-fd16-4e36-87f9-2fb30e2de0f1@group-1140C455E42D is not the leader 3731518f-4a75-41f7-a8ac-44e1efdde356:192.168.157.254:38958, logIndex=0, commits[f23e4d0b-fd16-4e36-87f9-2fb30e2de0f1:c8, 9a3866a3-945c-43d9-ad49-28fa7f717e26:c8, 3731518f-4a75-41f7-a8ac-44e1efdde356:c8]
2019-09-18 11:36:18,068 [grpc-default-executor-2] INFO  client.GrpcClientProtocolClient (GrpcClientProtocolClient.java:onNext(264)) - client-1C9943484C17->f23e4d0b-fd16-4e36-87f9-2fb30e2de0f1: receive RaftClientReply:client-1C9943484C17->f23e4d0b-fd16-4e36-87f9-2fb30e2de0f1@group-1140C455E42D, cid=45, FAILED org.apache.ratis.protocol.NotLeaderException: Server f23e4d0b-fd16-4e36-87f9-2fb30e2de0f1@group-1140C455E42D is not the leader 3731518f-4a75-41f7-a8ac-44e1efdde356:192.168.157.254:38958, logIndex=0, commits[f23e4d0b-fd16-4e36-87f9-2fb30e2de0f1:c8, 9a3866a3-945c-43d9-ad49-28fa7f717e26:c8, 3731518f-4a75-41f7-a8ac-44e1efdde356:c8]
2019-09-18 11:36:19,081 [grpc-default-executor-2] INFO  client.GrpcClientProtocolClient (GrpcClientProtocolClient.java:onNext(264)) - client-1C9943484C17->f23e4d0b-fd16-4e36-87f9-2fb30e2de0f1: receive RaftClientReply:client-1C9943484C17->f23e4d0b-fd16-4e36-87f9-2fb30e2de0f1@group-1140C455E42D, cid=45, FAILED org.apache.ratis.protocol.NotLeaderException: Server f23e4d0b-fd16-4e36-87f9-2fb30e2de0f1@group-1140C455E42D is not the leader 3731518f-4a75-41f7-a8ac-44e1efdde356:192.168.157.254:38958, logIndex=0, commits[f23e4d0b-fd16-4e36-87f9-2fb30e2de0f1:c8, 9a3866a3-945c-43d9-ad49-28fa7f717e26:c8, 3731518f-4a75-41f7-a8ac-44e1efdde356:c8]
2019-09-18 11:36:20,093 [grpc-default-executor-2] INFO  client.GrpcClientProtocolClient (GrpcClientProtocolClient.java:onNext(264)) - client-1C9943484C17->9a3866a3-945c-43d9-ad49-28fa7f717e26: receive RaftClientReply:client-1C9943484C17->9a3866a3-945c-43d9-ad49-28fa7f717e26@group-1140C455E42D, cid=45, FAILED org.apache.ratis.protocol.NotLeaderException: Server 9a3866a3-945c-43d9-ad49-28fa7f717e26@group-1140C455E42D is not the leader 3731518f-4a75-41f7-a8ac-44e1efdde356:192.168.157.254:38958, logIndex=0, commits[9a3866a3-945c-43d9-ad49-28fa7f717e26:c8, f23e4d0b-fd16-4e36-87f9-2fb30e2de0f1:c8, 3731518f-4a75-41f7-a8ac-44e1efdde356:c8]
2019-09-18 11:36:21,105 [grpc-default-executor-2] INFO  client.GrpcClientProtocolClient (GrpcClientProtocolClient.java:onNext(264)) - client-1C9943484C17->9a3866a3-945c-43d9-ad49-28fa7f717e26: receive RaftClientReply:client-1C9943484C17->9a3866a3-945c-43d9-ad49-28fa7f717e26@group-1140C455E42D, cid=45, FAILED org.apache.ratis.protocol.NotLeaderException: Server 9a3866a3-945c-43d9-ad49-28fa7f717e26@group-1140C455E42D is not the leader 3731518f-4a75-41f7-a8ac-44e1efdde356:192.168.157.254:38958, logIndex=0, commits[9a3866a3-945c-43d9-ad49-28fa7f717e26:c8, f23e4d0b-fd16-4e36-87f9-2fb30e2de0f1:c8, 3731518f-4a75-41f7-a8ac-44e1efdde356:c8]
2019-09-18 11:36:22,115 [grpc-default-executor-2] INFO  client.GrpcClientProtocolClient (GrpcClientProtocolClient.java:onNext(264)) - client-1C9943484C17->9a3866a3-945c-43d9-ad49-28fa7f717e26: receive RaftClientReply:client-1C9943484C17->9a3866a3-945c-43d9-ad49-28fa7f717e26@group-1140C455E42D, cid=45, FAILED org.apache.ratis.protocol.NotLeaderException: Server 9a3866a3-945c-43d9-ad49-28fa7f717e26@group-1140C455E42D is not the leader 3731518f-4a75-41f7-a8ac-44e1efdde356:192.168.157.254:38958, logIndex=0, commits[9a3866a3-945c-43d9-ad49-28fa7f717e26:c8, f23e4d0b-fd16-4e36-87f9-2fb30e2de0f1:c8, 3731518f-4a75-41f7-a8ac-44e1efdde356:c8]
2019-09-18 11:36:23,127 [grpc-default-executor-2] INFO  client.GrpcClientProtocolClient (GrpcClientProtocolClient.java:onNext(264)) - client-1C9943484C17->9a3866a3-945c-43d9-ad49-28fa7f717e26: receive RaftClientReply:client-1C9943484C17->9a3866a3-945c-43d9-ad49-28fa7f717e26@group-1140C455E42D, cid=45, FAILED org.apache.ratis.protocol.NotLeaderException: Server 9a3866a3-945c-43d9-ad49-28fa7f717e26@group-1140C455E42D is not the leader 3731518f-4a75-41f7-a8ac-44e1efdde356:192.168.157.254:38958, logIndex=0, commits[9a3866a3-945c-43d9-ad49-28fa7f717e26:c8, f23e4d0b-fd16-4e36-87f9-2fb30e2de0f1:c8, 3731518f-4a75-41f7-a8ac-44e1efdde356:c8]
2019-09-18 11:36:24,138 [grpc-default-executor-2] INFO  client.GrpcClientProtocolClient (GrpcClientProtocolClient.java:onNext(264)) - client-1C9943484C17->9a3866a3-945c-43d9-ad49-28fa7f717e26: receive RaftClientReply:client-1C9943484C17->9a3866a3-945c-43d9-ad49-28fa7f717e26@group-1140C455E42D, cid=45, FAILED org.apache.ratis.protocol.NotLeaderException: Server 9a3866a3-945c-43d9-ad49-28fa7f717e26@group-1140C455E42D is not the leader 3731518f-4a75-41f7-a8ac-44e1efdde356:192.168.157.254:38958, logIndex=0, commits[9a3866a3-945c-43d9-ad49-28fa7f717e26:c8, f23e4d0b-fd16-4e36-87f9-2fb30e2de0f1:c8, 3731518f-4a75-41f7-a8ac-44e1efdde356:c8]
2019-09-18 11:36:25,151 [grpc-default-executor-1] INFO  client.GrpcClientProtocolClient (GrpcClientProtocolClient.java:onNext(264)) - client-1C9943484C17->f23e4d0b-fd16-4e36-87f9-2fb30e2de0f1: receive RaftClientReply:client-1C9943484C17->f23e4d0b-fd16-4e36-87f9-2fb30e2de0f1@group-1140C455E42D, cid=45, FAILED org.apache.ratis.protocol.NotLeaderException: Server f23e4d0b-fd16-4e36-87f9-2fb30e2de0f1@group-1140C455E42D is not the leader 3731518f-4a75-41f7-a8ac-44e1efdde356:192.168.157.254:38958, logIndex=0, commits[f23e4d0b-fd16-4e36-87f9-2fb30e2de0f1:c8, 9a3866a3-945c-43d9-ad49-28fa7f717e26:c8, 3731518f-4a75-41f7-a8ac-44e1efdde356:c8]
2019-09-18 11:36:26,166 [grpc-default-executor-2] INFO  client.GrpcClientProtocolClient (GrpcClientProtocolClient.java:onNext(264)) - client-1C9943484C17->9a3866a3-945c-43d9-ad49-28fa7f717e26: receive RaftClientReply:client-1C9943484C17->9a3866a3-945c-43d9-ad49-28fa7f717e26@group-1140C455E42D, cid=45, FAILED org.apache.ratis.protocol.NotLeaderException: Server 9a3866a3-945c-43d9-ad49-28fa7f717e26@group-1140C455E42D is not the leader 3731518f-4a75-41f7-a8ac-44e1efdde356:192.168.157.254:38958, logIndex=0, commits[9a3866a3-945c-43d9-ad49-28fa7f717e26:c8, f23e4d0b-fd16-4e36-87f9-2fb30e2de0f1:c8, 3731518f-4a75-41f7-a8ac-44e1efdde356:c8]
2019-09-18 11:36:26,180 [main] INFO  ozone.MiniOzoneClusterImpl (MiniOzoneClusterImpl.java:shutdown(312)) - Shutting down the Mini Ozone Cluster
2019-09-18 11:36:26,183 [main] INFO  ozone.MiniOzoneClusterImpl (MiniOzoneClusterImpl.java:stop(327)) - Stopping the Mini Ozone Cluster
2019-09-18 11:36:26,183 [main] INFO  ozone.MiniOzoneClusterImpl (MiniOzoneClusterImpl.java:stop(329)) - Stopping the OzoneManager
2019-09-18 11:36:26,183 [main] INFO  ipc.Server (Server.java:stop(3082)) - Stopping server on 43929
2019-09-18 11:36:26,202 [IPC Server listener on 43929] INFO  ipc.Server (Server.java:run(1185)) - Stopping IPC Server listener on 43929
2019-09-18 11:36:26,216 [main] INFO  ratis.OzoneManagerDoubleBuffer (OzoneManagerDoubleBuffer.java:stop(248)) - Stopping OMDoubleBuffer flush thread
2019-09-18 11:36:26,216 [IPC Server Responder] INFO  ipc.Server (Server.java:run(1319)) - Stopping IPC Server Responder
2019-09-18 11:36:26,218 [OMDoubleBufferFlushThread] INFO  ratis.OzoneManagerDoubleBuffer (OzoneManagerDoubleBuffer.java:flushTransactions(191)) - OMDoubleBuffer flush thread OMDoubleBufferFlushThread is interrupted and will exit. OMDoubleBufferFlushThread
2019-09-18 11:36:26,219 [main] INFO  utils.BackgroundService (BackgroundService.java:shutdown(148)) - Shutting down service KeyDeletingService
2019-09-18 11:36:26,222 [main] INFO  handler.ContextHandler (ContextHandler.java:doStop(910)) - Stopped o.e.j.w.WebAppContext@630390b9{/,null,UNAVAILABLE}{/ozoneManager}
2019-09-18 11:36:26,223 [main] INFO  server.AbstractConnector (AbstractConnector.java:doStop(318)) - Stopped ServerConnector@6690b9fa{HTTP/1.1,[http/1.1]}{0.0.0.0:0}
2019-09-18 11:36:26,224 [main] INFO  handler.ContextHandler (ContextHandler.java:doStop(910)) - Stopped o.e.j.s.ServletContextHandler@4eb9f2af{/static,file:///workdir/hadoop-ozone/integration-test/target/test-classes/webapps/static,UNAVAILABLE}
2019-09-18 11:36:26,225 [main] INFO  handler.ContextHandler (ContextHandler.java:doStop(910)) - Stopped o.e.j.s.ServletContextHandler@1682c08c{/logs,file:///workdir/hadoop-ozone/integration-test/target/log,UNAVAILABLE}
2019-09-18 11:36:26,229 [main] INFO  ozone.MiniOzoneClusterImpl (MiniOzoneClusterImpl.java:stop(335)) - Shutting the HddsDatanodes
2019-09-18 11:36:26,720 [Datanode State Machine Thread - 0] INFO  statemachine.DatanodeStateMachine (DatanodeStateMachine.java:lambda$startDaemon$0(350)) - Ozone container server started.
2019-09-18 11:36:26,910 [Datanode State Machine Thread - 0] INFO  statemachine.DatanodeStateMachine (DatanodeStateMachine.java:lambda$startDaemon$0(350)) - Ozone container server started.
2019-09-18 11:36:31,231 [ForkJoinPool.commonPool-worker-1] INFO  ozoneimpl.OzoneContainer (OzoneContainer.java:stop(231)) - Attempting to stop container services.
2019-09-18 11:36:31,231 [main] INFO  ozoneimpl.OzoneContainer (OzoneContainer.java:stop(231)) - Attempting to stop container services.
2019-09-18 11:36:31,232 [ForkJoinPool.commonPool-worker-1] INFO  impl.RaftServerProxy (RaftServerProxy.java:lambda$close$4(314)) - d2eb4519-41f8-436c-a390-cde303904edf: close
2019-09-18 11:36:31,232 [main] INFO  impl.RaftServerProxy (RaftServerProxy.java:lambda$close$4(314)) - 48aa6b7c-19e2-4065-8b5b-6a7fc3a6ed8c: close
2019-09-18 11:36:31,232 [ForkJoinPool.commonPool-worker-1] INFO  impl.RaftServerImpl (RaftServerImpl.java:lambda$shutdown$3(251)) - d2eb4519-41f8-436c-a390-cde303904edf@group-3ED13F0C707C: shutdown
2019-09-18 11:36:31,233 [main] INFO  impl.RaftServerImpl (RaftServerImpl.java:lambda$shutdown$3(251)) - 48aa6b7c-19e2-4065-8b5b-6a7fc3a6ed8c@group-A368F16BDAFB: shutdown
2019-09-18 11:36:31,233 [ForkJoinPool.commonPool-worker-1] INFO  util.JmxRegister (JmxRegister.java:unregister(73)) - Successfully un-registered JMX Bean with object name Ratis:service=RaftServer,group=group-3ED13F0C707C,id=d2eb4519-41f8-436c-a390-cde303904edf
2019-09-18 11:36:31,233 [main] INFO  util.JmxRegister (JmxRegister.java:unregister(73)) - Successfully un-registered JMX Bean with object name Ratis:service=RaftServer,group=group-A368F16BDAFB,id=48aa6b7c-19e2-4065-8b5b-6a7fc3a6ed8c
2019-09-18 11:36:31,233 [ForkJoinPool.commonPool-worker-1] INFO  impl.RoleInfo (RoleInfo.java:shutdownFollowerState(121)) - d2eb4519-41f8-436c-a390-cde303904edf: shutdown FollowerState
2019-09-18 11:36:31,234 [main] INFO  impl.RoleInfo (RoleInfo.java:shutdownLeaderState(104)) - 48aa6b7c-19e2-4065-8b5b-6a7fc3a6ed8c: shutdown LeaderState
2019-09-18 11:36:31,234 [Thread-756] INFO  impl.FollowerState (FollowerState.java:run(115)) - d2eb4519-41f8-436c-a390-cde303904edf: FollowerState was interrupted: java.lang.InterruptedException: sleep interrupted
2019-09-18 11:36:31,235 [main] INFO  impl.PendingRequests (PendingRequests.java:sendNotLeaderResponses(202)) - 48aa6b7c-19e2-4065-8b5b-6a7fc3a6ed8c-PendingRequests: sendNotLeaderResponses
2019-09-18 11:36:31,234 [ForkJoinPool.commonPool-worker-1] INFO  impl.StateMachineUpdater (StateMachineUpdater.java:stopAndJoin(125)) - d2eb4519-41f8-436c-a390-cde303904edf@group-3ED13F0C707C-StateMachineUpdater: set stopIndex = 0
2019-09-18 11:36:31,248 [main] INFO  impl.StateMachineUpdater (StateMachineUpdater.java:stopAndJoin(125)) - 48aa6b7c-19e2-4065-8b5b-6a7fc3a6ed8c@group-A368F16BDAFB-StateMachineUpdater: set stopIndex = 0
2019-09-18 11:36:31,249 [main] INFO  impl.RaftServerImpl (ServerState.java:close(385)) - 48aa6b7c-19e2-4065-8b5b-6a7fc3a6ed8c@group-A368F16BDAFB: closes. applyIndex: 0
2019-09-18 11:36:31,249 [ForkJoinPool.commonPool-worker-1] INFO  impl.RaftServerImpl (ServerState.java:close(385)) - d2eb4519-41f8-436c-a390-cde303904edf@group-3ED13F0C707C: closes. applyIndex: 0
2019-09-18 11:36:31,250 [48aa6b7c-19e2-4065-8b5b-6a7fc3a6ed8c@group-A368F16BDAFB-SegmentedRaftLogWorker] INFO  segmented.SegmentedRaftLogWorker (SegmentedRaftLogWorker.java:run(313)) - 48aa6b7c-19e2-4065-8b5b-6a7fc3a6ed8c@group-A368F16BDAFB-SegmentedRaftLogWorker was interrupted, exiting. There are 0 tasks remaining in the queue.
2019-09-18 11:36:31,250 [d2eb4519-41f8-436c-a390-cde303904edf@group-3ED13F0C707C-SegmentedRaftLogWorker] INFO  segmented.SegmentedRaftLogWorker (SegmentedRaftLogWorker.java:run(313)) - d2eb4519-41f8-436c-a390-cde303904edf@group-3ED13F0C707C-SegmentedRaftLogWorker was interrupted, exiting. There are 0 tasks remaining in the queue.
2019-09-18 11:36:31,252 [main] INFO  segmented.SegmentedRaftLogWorker (SegmentedRaftLogWorker.java:close(228)) - 48aa6b7c-19e2-4065-8b5b-6a7fc3a6ed8c@group-A368F16BDAFB-SegmentedRaftLogWorker close()
2019-09-18 11:36:31,254 [ForkJoinPool.commonPool-worker-1] INFO  segmented.SegmentedRaftLogWorker (SegmentedRaftLogWorker.java:close(228)) - d2eb4519-41f8-436c-a390-cde303904edf@group-3ED13F0C707C-SegmentedRaftLogWorker close()
2019-09-18 11:36:31,259 [main] INFO  server.GrpcService (GrpcService.java:closeImpl(164)) - 48aa6b7c-19e2-4065-8b5b-6a7fc3a6ed8c: shutdown server with port 46181 now
2019-09-18 11:36:31,263 [ForkJoinPool.commonPool-worker-1] INFO  impl.RaftServerImpl (RaftServerImpl.java:lambda$shutdown$3(251)) - d2eb4519-41f8-436c-a390-cde303904edf@group-3E68E6D57D8E: shutdown
2019-09-18 11:36:31,266 [main] INFO  server.GrpcService (GrpcService.java:closeImpl(172)) - 48aa6b7c-19e2-4065-8b5b-6a7fc3a6ed8c: shutdown server with port 46181 successfully
2019-09-18 11:36:31,266 [ForkJoinPool.commonPool-worker-1] INFO  util.JmxRegister (JmxRegister.java:unregister(73)) - Successfully un-registered JMX Bean with object name Ratis:service=RaftServer,group=group-3E68E6D57D8E,id=d2eb4519-41f8-436c-a390-cde303904edf
2019-09-18 11:36:31,267 [ForkJoinPool.commonPool-worker-1] INFO  impl.RoleInfo (RoleInfo.java:shutdownLeaderState(104)) - d2eb4519-41f8-436c-a390-cde303904edf: shutdown LeaderState
2019-09-18 11:36:31,267 [ForkJoinPool.commonPool-worker-1] INFO  impl.PendingRequests (PendingRequests.java:sendNotLeaderResponses(202)) - d2eb4519-41f8-436c-a390-cde303904edf-PendingRequests: sendNotLeaderResponses
2019-09-18 11:36:31,268 [ForkJoinPool.commonPool-worker-1] INFO  impl.StateMachineUpdater (StateMachineUpdater.java:stopAndJoin(125)) - d2eb4519-41f8-436c-a390-cde303904edf@group-3E68E6D57D8E-StateMachineUpdater: set stopIndex = 0
2019-09-18 11:36:31,268 [refreshUsed-/workdir/hadoop-ozone/integration-test/target/test-dir/MiniOzoneClusterImpl-be355825-eaa2-435a-af82-14347805f592/datanode-4/data/containers] WARN  fs.CachingGetSpaceUsed (CachingGetSpaceUsed.java:run(183)) - Thread Interrupted waiting to refresh disk information: sleep interrupted
2019-09-18 11:36:31,268 [ForkJoinPool.commonPool-worker-1] INFO  impl.RaftServerImpl (ServerState.java:close(385)) - d2eb4519-41f8-436c-a390-cde303904edf@group-3E68E6D57D8E: closes. applyIndex: 0
2019-09-18 11:36:31,269 [d2eb4519-41f8-436c-a390-cde303904edf@group-3E68E6D57D8E-SegmentedRaftLogWorker] INFO  segmented.SegmentedRaftLogWorker (SegmentedRaftLogWorker.java:run(313)) - d2eb4519-41f8-436c-a390-cde303904edf@group-3E68E6D57D8E-SegmentedRaftLogWorker was interrupted, exiting. There are 0 tasks remaining in the queue.
2019-09-18 11:36:31,272 [ForkJoinPool.commonPool-worker-1] INFO  segmented.SegmentedRaftLogWorker (SegmentedRaftLogWorker.java:close(228)) - d2eb4519-41f8-436c-a390-cde303904edf@group-3E68E6D57D8E-SegmentedRaftLogWorker close()
2019-09-18 11:36:31,276 [ForkJoinPool.commonPool-worker-1] INFO  server.GrpcService (GrpcService.java:closeImpl(164)) - d2eb4519-41f8-436c-a390-cde303904edf: shutdown server with port 44105 now
2019-09-18 11:36:31,277 [ForkJoinPool.commonPool-worker-1] INFO  server.GrpcService (GrpcService.java:closeImpl(172)) - d2eb4519-41f8-436c-a390-cde303904edf: shutdown server with port 44105 successfully
2019-09-18 11:36:31,278 [grpc-default-executor-1] WARN  server.GrpcServerProtocolService (LogUtils.java:warn(134)) - d2eb4519-41f8-436c-a390-cde303904edf: installSnapshot onError, lastRequest: 479eb58c-4806-44ca-880e-53ce08193011->d2eb4519-41f8-436c-a390-cde303904edf#46-t1, previous=(t:1, i:0), leaderCommit=0, initializing? false, entries: <empty>: org.apache.ratis.thirdparty.io.grpc.StatusRuntimeException: CANCELLED: cancelled before receiving half close
2019-09-18 11:36:31,278 [grpc-default-executor-0] WARN  server.GrpcLogAppender (LogUtils.java:warn(134)) - 479eb58c-4806-44ca-880e-53ce08193011@group-3ED13F0C707C->d2eb4519-41f8-436c-a390-cde303904edf-AppendLogResponseHandler: Failed appendEntries: org.apache.ratis.thirdparty.io.grpc.StatusRuntimeException: CANCELLED: HTTP/2 error code: CANCEL
Received Rst Stream
2019-09-18 11:36:31,281 [grpc-default-executor-0] INFO  impl.FollowerInfo (FollowerInfo.java:lambda$new$0(51)) - 479eb58c-4806-44ca-880e-53ce08193011@group-3ED13F0C707C->d2eb4519-41f8-436c-a390-cde303904edf: nextIndex: updateUnconditionally 1 -> 0
2019-09-18 11:36:31,282 [refreshUsed-/workdir/hadoop-ozone/integration-test/target/test-dir/MiniOzoneClusterImpl-be355825-eaa2-435a-af82-14347805f592/datanode-1/data/containers] WARN  fs.CachingGetSpaceUsed (CachingGetSpaceUsed.java:run(183)) - Thread Interrupted waiting to refresh disk information: sleep interrupted
2019-09-18 11:36:31,301 [ForkJoinPool.commonPool-worker-1] INFO  utils.BackgroundService (BackgroundService.java:shutdown(148)) - Shutting down service BlockDeletingService
2019-09-18 11:36:31,301 [main] INFO  utils.BackgroundService (BackgroundService.java:shutdown(148)) - Shutting down service BlockDeletingService
2019-09-18 11:36:31,305 [ForkJoinPool.commonPool-worker-1] INFO  statemachine.DatanodeStateMachine (DatanodeStateMachine.java:stopDaemon(395)) - Ozone container server stopped.
2019-09-18 11:36:31,312 [main] INFO  statemachine.DatanodeStateMachine (DatanodeStateMachine.java:stopDaemon(395)) - Ozone container server stopped.
2019-09-18 11:36:31,314 [ForkJoinPool.commonPool-worker-1] INFO  handler.ContextHandler (ContextHandler.java:doStop(910)) - Stopped o.e.j.w.WebAppContext@b73433{/,null,UNAVAILABLE}{/hddsDatanode}
2019-09-18 11:36:31,314 [ForkJoinPool.commonPool-worker-1] INFO  server.AbstractConnector (AbstractConnector.java:doStop(318)) - Stopped ServerConnector@1bf14704{HTTP/1.1,[http/1.1]}{0.0.0.0:0}
2019-09-18 11:36:31,314 [main] INFO  handler.ContextHandler (ContextHandler.java:doStop(910)) - Stopped o.e.j.w.WebAppContext@9c73fff{/,null,UNAVAILABLE}{/hddsDatanode}
2019-09-18 11:36:31,316 [ForkJoinPool.commonPool-worker-1] INFO  handler.ContextHandler (ContextHandler.java:doStop(910)) - Stopped o.e.j.s.ServletContextHandler@68f6e55d{/static,jar:file:/home/user/.m2/repository/org/apache/hadoop/hadoop-hdds-container-service/0.5.0-SNAPSHOT/hadoop-hdds-container-service-0.5.0-SNAPSHOT.jar!/webapps/static,UNAVAILABLE}
2019-09-18 11:36:31,317 [ForkJoinPool.commonPool-worker-1] INFO  handler.ContextHandler (ContextHandler.java:doStop(910)) - Stopped o.e.j.s.ServletContextHandler@20eaeaf8{/logs,file:///workdir/hadoop-ozone/integration-test/target/log,UNAVAILABLE}
2019-09-18 11:36:31,318 [main] INFO  server.AbstractConnector (AbstractConnector.java:doStop(318)) - Stopped ServerConnector@71cea1b8{HTTP/1.1,[http/1.1]}{0.0.0.0:0}
2019-09-18 11:36:31,318 [main] INFO  handler.ContextHandler (ContextHandler.java:doStop(910)) - Stopped o.e.j.s.ServletContextHandler@40ac6b76{/static,jar:file:/home/user/.m2/repository/org/apache/hadoop/hadoop-hdds-container-service/0.5.0-SNAPSHOT/hadoop-hdds-container-service-0.5.0-SNAPSHOT.jar!/webapps/static,UNAVAILABLE}
2019-09-18 11:36:31,319 [main] INFO  handler.ContextHandler (ContextHandler.java:doStop(910)) - Stopped o.e.j.s.ServletContextHandler@4887de2b{/logs,file:///workdir/hadoop-ozone/integration-test/target/log,UNAVAILABLE}
2019-09-18 11:36:31,807 [Datanode State Machine Thread - 0] INFO  statemachine.DatanodeStateMachine (DatanodeStateMachine.java:lambda$startDaemon$0(350)) - Ozone container server started.
2019-09-18 11:36:32,302 [Datanode State Machine Thread - 0] INFO  statemachine.DatanodeStateMachine (DatanodeStateMachine.java:lambda$startDaemon$0(350)) - Ozone container server started.
2019-09-18 11:36:32,368 [grpc-default-executor-1] WARN  server.GrpcLogAppender (LogUtils.java:warn(134)) - 479eb58c-4806-44ca-880e-53ce08193011@group-3ED13F0C707C->d2eb4519-41f8-436c-a390-cde303904edf-AppendLogResponseHandler: Failed appendEntries: org.apache.ratis.thirdparty.io.grpc.StatusRuntimeException: UNAVAILABLE: io exception
2019-09-18 11:36:32,369 [grpc-default-executor-1] INFO  impl.FollowerInfo (FollowerInfo.java:lambda$new$0(51)) - 479eb58c-4806-44ca-880e-53ce08193011@group-3ED13F0C707C->d2eb4519-41f8-436c-a390-cde303904edf: nextIndex: updateUnconditionally 0 -> 0
2019-09-18 11:36:34,873 [grpc-default-executor-2] WARN  server.GrpcLogAppender (LogUtils.java:warn(134)) - 479eb58c-4806-44ca-880e-53ce08193011@group-3ED13F0C707C->d2eb4519-41f8-436c-a390-cde303904edf-AppendLogResponseHandler: Failed appendEntries: org.apache.ratis.thirdparty.io.grpc.StatusRuntimeException: UNAVAILABLE: io exception
2019-09-18 11:36:34,874 [grpc-default-executor-2] INFO  impl.FollowerInfo (FollowerInfo.java:lambda$new$0(51)) - 479eb58c-4806-44ca-880e-53ce08193011@group-3ED13F0C707C->d2eb4519-41f8-436c-a390-cde303904edf: nextIndex: updateUnconditionally 0 -> 0
2019-09-18 11:36:36,319 [ForkJoinPool.commonPool-worker-1] INFO  ozoneimpl.OzoneContainer (OzoneContainer.java:stop(231)) - Attempting to stop container services.
2019-09-18 11:36:36,321 [main] INFO  ozoneimpl.OzoneContainer (OzoneContainer.java:stop(231)) - Attempting to stop container services.
2019-09-18 11:36:36,321 [ForkJoinPool.commonPool-worker-1] INFO  impl.RaftServerProxy (RaftServerProxy.java:lambda$close$4(314)) - 2ca65623-ea22-4647-963d-0640bb90372f: close
2019-09-18 11:36:36,322 [main] INFO  impl.RaftServerProxy (RaftServerProxy.java:lambda$close$4(314)) - f23e4d0b-fd16-4e36-87f9-2fb30e2de0f1: close
2019-09-18 11:36:36,322 [ForkJoinPool.commonPool-worker-1] INFO  impl.RaftServerImpl (RaftServerImpl.java:lambda$shutdown$3(251)) - 2ca65623-ea22-4647-963d-0640bb90372f@group-A27ACE8155C7: shutdown
2019-09-18 11:36:36,322 [main] INFO  impl.RaftServerImpl (RaftServerImpl.java:lambda$shutdown$3(251)) - f23e4d0b-fd16-4e36-87f9-2fb30e2de0f1@group-2690F12A0304: shutdown
2019-09-18 11:36:36,322 [ForkJoinPool.commonPool-worker-1] INFO  util.JmxRegister (JmxRegister.java:unregister(73)) - Successfully un-registered JMX Bean with object name Ratis:service=RaftServer,group=group-A27ACE8155C7,id=2ca65623-ea22-4647-963d-0640bb90372f
2019-09-18 11:36:36,323 [main] INFO  util.JmxRegister (JmxRegister.java:unregister(73)) - Successfully un-registered JMX Bean with object name Ratis:service=RaftServer,group=group-2690F12A0304,id=f23e4d0b-fd16-4e36-87f9-2fb30e2de0f1
2019-09-18 11:36:36,323 [ForkJoinPool.commonPool-worker-1] INFO  impl.RoleInfo (RoleInfo.java:shutdownLeaderState(104)) - 2ca65623-ea22-4647-963d-0640bb90372f: shutdown LeaderState
2019-09-18 11:36:36,323 [main] INFO  impl.RoleInfo (RoleInfo.java:shutdownLeaderState(104)) - f23e4d0b-fd16-4e36-87f9-2fb30e2de0f1: shutdown LeaderState
2019-09-18 11:36:36,324 [ForkJoinPool.commonPool-worker-1] INFO  impl.PendingRequests (PendingRequests.java:sendNotLeaderResponses(202)) - 2ca65623-ea22-4647-963d-0640bb90372f-PendingRequests: sendNotLeaderResponses
2019-09-18 11:36:36,324 [main] INFO  impl.PendingRequests (PendingRequests.java:sendNotLeaderResponses(202)) - f23e4d0b-fd16-4e36-87f9-2fb30e2de0f1-PendingRequests: sendNotLeaderResponses
2019-09-18 11:36:36,325 [main] INFO  impl.StateMachineUpdater (StateMachineUpdater.java:stopAndJoin(125)) - f23e4d0b-fd16-4e36-87f9-2fb30e2de0f1@group-2690F12A0304-StateMachineUpdater: set stopIndex = 0
2019-09-18 11:36:36,325 [ForkJoinPool.commonPool-worker-1] INFO  impl.StateMachineUpdater (StateMachineUpdater.java:stopAndJoin(125)) - 2ca65623-ea22-4647-963d-0640bb90372f@group-A27ACE8155C7-StateMachineUpdater: set stopIndex = 0
2019-09-18 11:36:36,325 [main] INFO  impl.RaftServerImpl (ServerState.java:close(385)) - f23e4d0b-fd16-4e36-87f9-2fb30e2de0f1@group-2690F12A0304: closes. applyIndex: 0
2019-09-18 11:36:36,326 [f23e4d0b-fd16-4e36-87f9-2fb30e2de0f1@group-2690F12A0304-SegmentedRaftLogWorker] INFO  segmented.SegmentedRaftLogWorker (SegmentedRaftLogWorker.java:run(313)) - f23e4d0b-fd16-4e36-87f9-2fb30e2de0f1@group-2690F12A0304-SegmentedRaftLogWorker was interrupted, exiting. There are 0 tasks remaining in the queue.
2019-09-18 11:36:36,326 [ForkJoinPool.commonPool-worker-1] INFO  impl.RaftServerImpl (ServerState.java:close(385)) - 2ca65623-ea22-4647-963d-0640bb90372f@group-A27ACE8155C7: closes. applyIndex: 0
2019-09-18 11:36:36,331 [2ca65623-ea22-4647-963d-0640bb90372f@group-A27ACE8155C7-SegmentedRaftLogWorker] INFO  segmented.SegmentedRaftLogWorker (SegmentedRaftLogWorker.java:run(313)) - 2ca65623-ea22-4647-963d-0640bb90372f@group-A27ACE8155C7-SegmentedRaftLogWorker was interrupted, exiting. There are 0 tasks remaining in the queue.
2019-09-18 11:36:36,336 [main] INFO  segmented.SegmentedRaftLogWorker (SegmentedRaftLogWorker.java:close(228)) - f23e4d0b-fd16-4e36-87f9-2fb30e2de0f1@group-2690F12A0304-SegmentedRaftLogWorker close()
2019-09-18 11:36:36,336 [ForkJoinPool.commonPool-worker-1] INFO  segmented.SegmentedRaftLogWorker (SegmentedRaftLogWorker.java:close(228)) - 2ca65623-ea22-4647-963d-0640bb90372f@group-A27ACE8155C7-SegmentedRaftLogWorker close()
2019-09-18 11:36:36,351 [main] INFO  impl.RaftServerImpl (RaftServerImpl.java:lambda$shutdown$3(251)) - f23e4d0b-fd16-4e36-87f9-2fb30e2de0f1@group-1140C455E42D: shutdown
2019-09-18 11:36:36,353 [ForkJoinPool.commonPool-worker-1] INFO  impl.RaftServerImpl (RaftServerImpl.java:lambda$shutdown$3(251)) - 2ca65623-ea22-4647-963d-0640bb90372f@group-3ED13F0C707C: shutdown
2019-09-18 11:36:36,354 [main] INFO  util.JmxRegister (JmxRegister.java:unregister(73)) - Successfully un-registered JMX Bean with object name Ratis:service=RaftServer,group=group-1140C455E42D,id=f23e4d0b-fd16-4e36-87f9-2fb30e2de0f1
2019-09-18 11:36:36,354 [ForkJoinPool.commonPool-worker-1] INFO  util.JmxRegister (JmxRegister.java:unregister(73)) - Successfully un-registered JMX Bean with object name Ratis:service=RaftServer,group=group-3ED13F0C707C,id=2ca65623-ea22-4647-963d-0640bb90372f
2019-09-18 11:36:36,354 [main] INFO  impl.RoleInfo (RoleInfo.java:shutdownFollowerState(121)) - f23e4d0b-fd16-4e36-87f9-2fb30e2de0f1: shutdown FollowerState
2019-09-18 11:36:36,355 [ForkJoinPool.commonPool-worker-1] INFO  impl.RoleInfo (RoleInfo.java:shutdownFollowerState(121)) - 2ca65623-ea22-4647-963d-0640bb90372f: shutdown FollowerState
2019-09-18 11:36:36,355 [f23e4d0b-fd16-4e36-87f9-2fb30e2de0f1@group-1140C455E42D-StateMachineUpdater] INFO  ratis.ContainerStateMachine (ContainerStateMachine.java:takeSnapshot(289)) - group-1140C455E42D: Taking a snapshot at:(t:3, i:5) file /workdir/hadoop-ozone/integration-test/target/test-dir/MiniOzoneClusterImpl-be355825-eaa2-435a-af82-14347805f592/datanode-3/data/ratis/2c76fec6-3ae7-49f1-86d4-1140c455e42d/sm/snapshot.3_5
2019-09-18 11:36:36,355 [Thread-815] INFO  impl.FollowerState (FollowerState.java:run(115)) - f23e4d0b-fd16-4e36-87f9-2fb30e2de0f1: FollowerState was interrupted: java.lang.InterruptedException: sleep interrupted
2019-09-18 11:36:36,355 [main] INFO  impl.StateMachineUpdater (StateMachineUpdater.java:stopAndJoin(125)) - f23e4d0b-fd16-4e36-87f9-2fb30e2de0f1@group-1140C455E42D-StateMachineUpdater: set stopIndex = 8
2019-09-18 11:36:36,355 [Thread-757] INFO  impl.FollowerState (FollowerState.java:run(115)) - 2ca65623-ea22-4647-963d-0640bb90372f: FollowerState was interrupted: java.lang.InterruptedException: sleep interrupted
2019-09-18 11:36:36,355 [ForkJoinPool.commonPool-worker-1] INFO  impl.StateMachineUpdater (StateMachineUpdater.java:stopAndJoin(125)) - 2ca65623-ea22-4647-963d-0640bb90372f@group-3ED13F0C707C-StateMachineUpdater: set stopIndex = 0
2019-09-18 11:36:36,356 [ForkJoinPool.commonPool-worker-1] INFO  impl.RaftServerImpl (ServerState.java:close(385)) - 2ca65623-ea22-4647-963d-0640bb90372f@group-3ED13F0C707C: closes. applyIndex: 0
2019-09-18 11:36:36,357 [2ca65623-ea22-4647-963d-0640bb90372f@group-3ED13F0C707C-SegmentedRaftLogWorker] INFO  segmented.SegmentedRaftLogWorker (SegmentedRaftLogWorker.java:run(313)) - 2ca65623-ea22-4647-963d-0640bb90372f@group-3ED13F0C707C-SegmentedRaftLogWorker was interrupted, exiting. There are 0 tasks remaining in the queue.
2019-09-18 11:36:36,359 [ForkJoinPool.commonPool-worker-1] INFO  segmented.SegmentedRaftLogWorker (SegmentedRaftLogWorker.java:close(228)) - 2ca65623-ea22-4647-963d-0640bb90372f@group-3ED13F0C707C-SegmentedRaftLogWorker close()
2019-09-18 11:36:36,361 [ForkJoinPool.commonPool-worker-1] INFO  server.GrpcService (GrpcService.java:closeImpl(164)) - 2ca65623-ea22-4647-963d-0640bb90372f: shutdown server with port 38751 now
2019-09-18 11:36:36,362 [grpc-default-executor-1] WARN  server.GrpcServerProtocolService (LogUtils.java:warn(134)) - 2ca65623-ea22-4647-963d-0640bb90372f: installSnapshot onError, lastRequest: 479eb58c-4806-44ca-880e-53ce08193011->2ca65623-ea22-4647-963d-0640bb90372f#48-t1, previous=(t:1, i:0), leaderCommit=0, initializing? false, entries: <empty>: org.apache.ratis.thirdparty.io.grpc.StatusRuntimeException: CANCELLED: cancelled before receiving half close
2019-09-18 11:36:36,362 [grpc-default-executor-0] WARN  server.GrpcLogAppender (LogUtils.java:warn(134)) - 479eb58c-4806-44ca-880e-53ce08193011@group-3ED13F0C707C->2ca65623-ea22-4647-963d-0640bb90372f-AppendLogResponseHandler: Failed appendEntries: org.apache.ratis.thirdparty.io.grpc.StatusRuntimeException: CANCELLED: HTTP/2 error code: CANCEL
Received Rst Stream
2019-09-18 11:36:36,362 [ForkJoinPool.commonPool-worker-1] INFO  server.GrpcService (GrpcService.java:closeImpl(172)) - 2ca65623-ea22-4647-963d-0640bb90372f: shutdown server with port 38751 successfully
2019-09-18 11:36:36,363 [grpc-default-executor-0] INFO  impl.FollowerInfo (FollowerInfo.java:lambda$new$0(51)) - 479eb58c-4806-44ca-880e-53ce08193011@group-3ED13F0C707C->2ca65623-ea22-4647-963d-0640bb90372f: nextIndex: updateUnconditionally 1 -> 0
2019-09-18 11:36:36,365 [refreshUsed-/workdir/hadoop-ozone/integration-test/target/test-dir/MiniOzoneClusterImpl-be355825-eaa2-435a-af82-14347805f592/datanode-2/data/containers] WARN  fs.CachingGetSpaceUsed (CachingGetSpaceUsed.java:run(183)) - Thread Interrupted waiting to refresh disk information: sleep interrupted
2019-09-18 11:36:36,381 [f23e4d0b-fd16-4e36-87f9-2fb30e2de0f1@group-1140C455E42D-StateMachineUpdater] INFO  ratis.ContainerStateMachine (ContainerStateMachine.java:takeSnapshot(300)) - group-1140C455E42D: Finished taking a snapshot at:(t:3, i:5) file:/workdir/hadoop-ozone/integration-test/target/test-dir/MiniOzoneClusterImpl-be355825-eaa2-435a-af82-14347805f592/datanode-3/data/ratis/2c76fec6-3ae7-49f1-86d4-1140c455e42d/sm/snapshot.3_5 time:25
2019-09-18 11:36:36,381 [f23e4d0b-fd16-4e36-87f9-2fb30e2de0f1@group-1140C455E42D-StateMachineUpdater] INFO  impl.StateMachineUpdater (StateMachineUpdater.java:takeSnapshot(258)) - f23e4d0b-fd16-4e36-87f9-2fb30e2de0f1@group-1140C455E42D-StateMachineUpdater: Took a snapshot at index 5
2019-09-18 11:36:36,381 [f23e4d0b-fd16-4e36-87f9-2fb30e2de0f1@group-1140C455E42D-StateMachineUpdater] INFO  impl.StateMachineUpdater (StateMachineUpdater.java:lambda$new$0(83)) - f23e4d0b-fd16-4e36-87f9-2fb30e2de0f1@group-1140C455E42D-StateMachineUpdater: snapshotIndex: updateIncreasingly -1 -> 5
2019-09-18 11:36:36,382 [f23e4d0b-fd16-4e36-87f9-2fb30e2de0f1@group-1140C455E42D-StateMachineUpdater] INFO  ratis.ContainerStateMachine (ContainerStateMachine.java:takeSnapshot(289)) - group-1140C455E42D: Taking a snapshot at:(t:3, i:5) file /workdir/hadoop-ozone/integration-test/target/test-dir/MiniOzoneClusterImpl-be355825-eaa2-435a-af82-14347805f592/datanode-3/data/ratis/2c76fec6-3ae7-49f1-86d4-1140c455e42d/sm/snapshot.3_5
2019-09-18 11:36:36,387 [ForkJoinPool.commonPool-worker-1] INFO  utils.BackgroundService (BackgroundService.java:shutdown(148)) - Shutting down service BlockDeletingService
2019-09-18 11:36:36,392 [ForkJoinPool.commonPool-worker-1] INFO  statemachine.DatanodeStateMachine (DatanodeStateMachine.java:stopDaemon(395)) - Ozone container server stopped.
2019-09-18 11:36:36,409 [ForkJoinPool.commonPool-worker-1] INFO  handler.ContextHandler (ContextHandler.java:doStop(910)) - Stopped o.e.j.w.WebAppContext@3a7e365{/,null,UNAVAILABLE}{/hddsDatanode}
2019-09-18 11:36:36,410 [ForkJoinPool.commonPool-worker-1] INFO  server.AbstractConnector (AbstractConnector.java:doStop(318)) - Stopped ServerConnector@2ceee4b6{HTTP/1.1,[http/1.1]}{0.0.0.0:0}
2019-09-18 11:36:36,411 [ForkJoinPool.commonPool-worker-1] INFO  handler.ContextHandler (ContextHandler.java:doStop(910)) - Stopped o.e.j.s.ServletContextHandler@f3560d4{/static,jar:file:/home/user/.m2/repository/org/apache/hadoop/hadoop-hdds-container-service/0.5.0-SNAPSHOT/hadoop-hdds-container-service-0.5.0-SNAPSHOT.jar!/webapps/static,UNAVAILABLE}
2019-09-18 11:36:36,413 [ForkJoinPool.commonPool-worker-1] INFO  handler.ContextHandler (ContextHandler.java:doStop(910)) - Stopped o.e.j.s.ServletContextHandler@6ff0b1cc{/logs,file:///workdir/hadoop-ozone/integration-test/target/log,UNAVAILABLE}
2019-09-18 11:36:36,653 [Datanode State Machine Thread - 0] INFO  statemachine.DatanodeStateMachine (DatanodeStateMachine.java:lambda$startDaemon$0(350)) - Ozone container server started.
2019-09-18 11:36:36,874 [f23e4d0b-fd16-4e36-87f9-2fb30e2de0f1@group-1140C455E42D-StateMachineUpdater] INFO  ratis.ContainerStateMachine (ContainerStateMachine.java:takeSnapshot(300)) - group-1140C455E42D: Finished taking a snapshot at:(t:3, i:5) file:/workdir/hadoop-ozone/integration-test/target/test-dir/MiniOzoneClusterImpl-be355825-eaa2-435a-af82-14347805f592/datanode-3/data/ratis/2c76fec6-3ae7-49f1-86d4-1140c455e42d/sm/snapshot.3_5 time:493
2019-09-18 11:36:36,875 [f23e4d0b-fd16-4e36-87f9-2fb30e2de0f1@group-1140C455E42D-StateMachineUpdater] INFO  impl.StateMachineUpdater (StateMachineUpdater.java:takeSnapshot(258)) - f23e4d0b-fd16-4e36-87f9-2fb30e2de0f1@group-1140C455E42D-StateMachineUpdater: Took a snapshot at index 5
2019-09-18 11:36:36,875 [f23e4d0b-fd16-4e36-87f9-2fb30e2de0f1@group-1140C455E42D-StateMachineUpdater] INFO  impl.StateMachineUpdater (StateMachineUpdater.java:lambda$new$0(83)) - f23e4d0b-fd16-4e36-87f9-2fb30e2de0f1@group-1140C455E42D-StateMachineUpdater: snapshotIndex: updateIncreasingly 5 -> 5
2019-09-18 11:36:36,875 [main] INFO  impl.RaftServerImpl (ServerState.java:close(385)) - f23e4d0b-fd16-4e36-87f9-2fb30e2de0f1@group-1140C455E42D: closes. applyIndex: 8
2019-09-18 11:36:36,876 [f23e4d0b-fd16-4e36-87f9-2fb30e2de0f1@group-1140C455E42D-SegmentedRaftLogWorker] INFO  segmented.SegmentedRaftLogWorker (SegmentedRaftLogWorker.java:run(313)) - f23e4d0b-fd16-4e36-87f9-2fb30e2de0f1@group-1140C455E42D-SegmentedRaftLogWorker was interrupted, exiting. There are 0 tasks remaining in the queue.
2019-09-18 11:36:36,878 [main] INFO  segmented.SegmentedRaftLogWorker (SegmentedRaftLogWorker.java:close(228)) - f23e4d0b-fd16-4e36-87f9-2fb30e2de0f1@group-1140C455E42D-SegmentedRaftLogWorker close()
2019-09-18 11:36:36,881 [main] INFO  server.GrpcService (GrpcService.java:closeImpl(164)) - f23e4d0b-fd16-4e36-87f9-2fb30e2de0f1: shutdown server with port 39244 now
2019-09-18 11:36:36,884 [grpc-default-executor-2] WARN  server.GrpcServerProtocolService (LogUtils.java:warn(134)) - f23e4d0b-fd16-4e36-87f9-2fb30e2de0f1: installSnapshot onError, lastRequest: 3731518f-4a75-41f7-a8ac-44e1efdde356->f23e4d0b-fd16-4e36-87f9-2fb30e2de0f1#52-t3, previous=(t:3, i:8), leaderCommit=8, initializing? false, entries: <empty>: org.apache.ratis.thirdparty.io.grpc.StatusRuntimeException: CANCELLED: cancelled before receiving half close
2019-09-18 11:36:36,884 [main] INFO  server.GrpcService (GrpcService.java:closeImpl(172)) - f23e4d0b-fd16-4e36-87f9-2fb30e2de0f1: shutdown server with port 39244 successfully
2019-09-18 11:36:36,885 [grpc-default-executor-6] WARN  server.GrpcLogAppender (LogUtils.java:warn(134)) - 3731518f-4a75-41f7-a8ac-44e1efdde356@group-1140C455E42D->f23e4d0b-fd16-4e36-87f9-2fb30e2de0f1-AppendLogResponseHandler: Failed appendEntries: org.apache.ratis.thirdparty.io.grpc.StatusRuntimeException: CANCELLED: HTTP/2 error code: CANCEL
Received Rst Stream
2019-09-18 11:36:36,885 [grpc-default-executor-6] INFO  impl.FollowerInfo (FollowerInfo.java:lambda$new$0(51)) - 3731518f-4a75-41f7-a8ac-44e1efdde356@group-1140C455E42D->f23e4d0b-fd16-4e36-87f9-2fb30e2de0f1: nextIndex: updateUnconditionally 9 -> 8
2019-09-18 11:36:36,891 [refreshUsed-/workdir/hadoop-ozone/integration-test/target/test-dir/MiniOzoneClusterImpl-be355825-eaa2-435a-af82-14347805f592/datanode-3/data/containers] WARN  fs.CachingGetSpaceUsed (CachingGetSpaceUsed.java:run(183)) - Thread Interrupted waiting to refresh disk information: sleep interrupted
2019-09-18 11:36:36,906 [main] INFO  utils.BackgroundService (BackgroundService.java:shutdown(148)) - Shutting down service BlockDeletingService
2019-09-18 11:36:36,912 [main] INFO  statemachine.DatanodeStateMachine (DatanodeStateMachine.java:stopDaemon(395)) - Ozone container server stopped.
2019-09-18 11:36:36,913 [main] INFO  handler.ContextHandler (ContextHandler.java:doStop(910)) - Stopped o.e.j.w.WebAppContext@6870c3c2{/,null,UNAVAILABLE}{/hddsDatanode}
2019-09-18 11:36:36,914 [main] INFO  server.AbstractConnector (AbstractConnector.java:doStop(318)) - Stopped ServerConnector@fb0a08c{HTTP/1.1,[http/1.1]}{0.0.0.0:0}
2019-09-18 11:36:36,914 [main] INFO  handler.ContextHandler (ContextHandler.java:doStop(910)) - Stopped o.e.j.s.ServletContextHandler@36e43829{/static,jar:file:/home/user/.m2/repository/org/apache/hadoop/hadoop-hdds-container-service/0.5.0-SNAPSHOT/hadoop-hdds-container-service-0.5.0-SNAPSHOT.jar!/webapps/static,UNAVAILABLE}
2019-09-18 11:36:36,915 [main] INFO  handler.ContextHandler (ContextHandler.java:doStop(910)) - Stopped o.e.j.s.ServletContextHandler@6215366a{/logs,file:///workdir/hadoop-ozone/integration-test/target/log,UNAVAILABLE}
2019-09-18 11:36:36,973 [grpc-default-executor-0] WARN  server.GrpcLogAppender (LogUtils.java:warn(134)) - 3731518f-4a75-41f7-a8ac-44e1efdde356@group-1140C455E42D->f23e4d0b-fd16-4e36-87f9-2fb30e2de0f1-AppendLogResponseHandler: Failed appendEntries: org.apache.ratis.thirdparty.io.grpc.StatusRuntimeException: UNAVAILABLE: io exception
2019-09-18 11:36:36,974 [grpc-default-executor-0] INFO  impl.FollowerInfo (FollowerInfo.java:lambda$new$0(51)) - 3731518f-4a75-41f7-a8ac-44e1efdde356@group-1140C455E42D->f23e4d0b-fd16-4e36-87f9-2fb30e2de0f1: nextIndex: updateUnconditionally 8 -> 7
2019-09-18 11:36:37,304 [Datanode State Machine Thread - 0] INFO  statemachine.DatanodeStateMachine (DatanodeStateMachine.java:lambda$startDaemon$0(350)) - Ozone container server started.
2019-09-18 11:36:37,371 [grpc-default-executor-0] WARN  server.GrpcLogAppender (LogUtils.java:warn(134)) - 479eb58c-4806-44ca-880e-53ce08193011@group-3ED13F0C707C->d2eb4519-41f8-436c-a390-cde303904edf-AppendLogResponseHandler: Failed appendEntries: org.apache.ratis.thirdparty.io.grpc.StatusRuntimeException: UNAVAILABLE: io exception
2019-09-18 11:36:37,372 [grpc-default-executor-0] INFO  impl.FollowerInfo (FollowerInfo.java:lambda$new$0(51)) - 479eb58c-4806-44ca-880e-53ce08193011@group-3ED13F0C707C->d2eb4519-41f8-436c-a390-cde303904edf: nextIndex: updateUnconditionally 0 -> 0
2019-09-18 11:36:37,373 [grpc-default-executor-2] WARN  server.GrpcLogAppender (LogUtils.java:warn(134)) - 479eb58c-4806-44ca-880e-53ce08193011@group-3ED13F0C707C->2ca65623-ea22-4647-963d-0640bb90372f-AppendLogResponseHandler: Failed appendEntries: org.apache.ratis.thirdparty.io.grpc.StatusRuntimeException: UNAVAILABLE: io exception
2019-09-18 11:36:37,374 [grpc-default-executor-2] INFO  impl.FollowerInfo (FollowerInfo.java:lambda$new$0(51)) - 479eb58c-4806-44ca-880e-53ce08193011@group-3ED13F0C707C->2ca65623-ea22-4647-963d-0640bb90372f: nextIndex: updateUnconditionally 0 -> 0
2019-09-18 11:36:39,476 [grpc-default-executor-6] WARN  server.GrpcLogAppender (LogUtils.java:warn(134)) - 3731518f-4a75-41f7-a8ac-44e1efdde356@group-1140C455E42D->f23e4d0b-fd16-4e36-87f9-2fb30e2de0f1-AppendLogResponseHandler: Failed appendEntries: org.apache.ratis.thirdparty.io.grpc.StatusRuntimeException: UNAVAILABLE: io exception
2019-09-18 11:36:39,476 [grpc-default-executor-6] INFO  impl.FollowerInfo (FollowerInfo.java:lambda$new$0(51)) - 3731518f-4a75-41f7-a8ac-44e1efdde356@group-1140C455E42D->f23e4d0b-fd16-4e36-87f9-2fb30e2de0f1: nextIndex: updateUnconditionally 7 -> 6
2019-09-18 11:36:39,874 [grpc-default-executor-2] WARN  server.GrpcLogAppender (LogUtils.java:warn(134)) - 479eb58c-4806-44ca-880e-53ce08193011@group-3ED13F0C707C->d2eb4519-41f8-436c-a390-cde303904edf-AppendLogResponseHandler: Failed appendEntries: org.apache.ratis.thirdparty.io.grpc.StatusRuntimeException: UNAVAILABLE: io exception
2019-09-18 11:36:39,874 [grpc-default-executor-6] WARN  server.GrpcLogAppender (LogUtils.java:warn(134)) - 479eb58c-4806-44ca-880e-53ce08193011@group-3ED13F0C707C->2ca65623-ea22-4647-963d-0640bb90372f-AppendLogResponseHandler: Failed appendEntries: org.apache.ratis.thirdparty.io.grpc.StatusRuntimeException: UNAVAILABLE: io exception
2019-09-18 11:36:39,875 [grpc-default-executor-2] INFO  impl.FollowerInfo (FollowerInfo.java:lambda$new$0(51)) - 479eb58c-4806-44ca-880e-53ce08193011@group-3ED13F0C707C->d2eb4519-41f8-436c-a390-cde303904edf: nextIndex: updateUnconditionally 0 -> 0
2019-09-18 11:36:39,875 [grpc-default-executor-6] INFO  impl.FollowerInfo (FollowerInfo.java:lambda$new$0(51)) - 479eb58c-4806-44ca-880e-53ce08193011@group-3ED13F0C707C->2ca65623-ea22-4647-963d-0640bb90372f: nextIndex: updateUnconditionally 0 -> 0
2019-09-18 11:36:41,416 [ForkJoinPool.commonPool-worker-1] INFO  ozoneimpl.OzoneContainer (OzoneContainer.java:stop(231)) - Attempting to stop container services.
2019-09-18 11:36:41,417 [ForkJoinPool.commonPool-worker-1] INFO  impl.RaftServerProxy (RaftServerProxy.java:lambda$close$4(314)) - 479eb58c-4806-44ca-880e-53ce08193011: close
2019-09-18 11:36:41,417 [ForkJoinPool.commonPool-worker-1] INFO  impl.RaftServerImpl (RaftServerImpl.java:lambda$shutdown$3(251)) - 479eb58c-4806-44ca-880e-53ce08193011@group-3ED13F0C707C: shutdown
2019-09-18 11:36:41,418 [ForkJoinPool.commonPool-worker-1] INFO  util.JmxRegister (JmxRegister.java:unregister(73)) - Successfully un-registered JMX Bean with object name Ratis:service=RaftServer,group=group-3ED13F0C707C,id=479eb58c-4806-44ca-880e-53ce08193011
2019-09-18 11:36:41,418 [ForkJoinPool.commonPool-worker-1] INFO  impl.RoleInfo (RoleInfo.java:shutdownLeaderState(104)) - 479eb58c-4806-44ca-880e-53ce08193011: shutdown LeaderState
2019-09-18 11:36:41,423 [ForkJoinPool.commonPool-worker-1] INFO  impl.PendingRequests (PendingRequests.java:sendNotLeaderResponses(202)) - 479eb58c-4806-44ca-880e-53ce08193011-PendingRequests: sendNotLeaderResponses
2019-09-18 11:36:41,423 [org.apache.ratis.server.impl.LogAppender$AppenderDaemon$$Lambda$519/439395022@307555f] WARN  server.GrpcLogAppender (GrpcLogAppender.java:mayWait(143)) - 479eb58c-4806-44ca-880e-53ce08193011@group-3ED13F0C707C->d2eb4519-41f8-436c-a390-cde303904edf-GrpcLogAppender: Wait interrupted by java.lang.InterruptedException
2019-09-18 11:36:41,423 [org.apache.ratis.server.impl.LogAppender$AppenderDaemon$$Lambda$519/439395022@221f0c44] WARN  server.GrpcLogAppender (GrpcLogAppender.java:mayWait(143)) - 479eb58c-4806-44ca-880e-53ce08193011@group-3ED13F0C707C->2ca65623-ea22-4647-963d-0640bb90372f-GrpcLogAppender: Wait interrupted by java.lang.InterruptedException
2019-09-18 11:36:41,424 [ForkJoinPool.commonPool-worker-1] INFO  impl.StateMachineUpdater (StateMachineUpdater.java:stopAndJoin(125)) - 479eb58c-4806-44ca-880e-53ce08193011@group-3ED13F0C707C-StateMachineUpdater: set stopIndex = 0
2019-09-18 11:36:41,424 [ForkJoinPool.commonPool-worker-1] INFO  impl.RaftServerImpl (ServerState.java:close(385)) - 479eb58c-4806-44ca-880e-53ce08193011@group-3ED13F0C707C: closes. applyIndex: 0
2019-09-18 11:36:41,425 [479eb58c-4806-44ca-880e-53ce08193011@group-3ED13F0C707C-SegmentedRaftLogWorker] INFO  segmented.SegmentedRaftLogWorker (SegmentedRaftLogWorker.java:run(313)) - 479eb58c-4806-44ca-880e-53ce08193011@group-3ED13F0C707C-SegmentedRaftLogWorker was interrupted, exiting. There are 0 tasks remaining in the queue.
2019-09-18 11:36:41,427 [ForkJoinPool.commonPool-worker-1] INFO  segmented.SegmentedRaftLogWorker (SegmentedRaftLogWorker.java:close(228)) - 479eb58c-4806-44ca-880e-53ce08193011@group-3ED13F0C707C-SegmentedRaftLogWorker close()
2019-09-18 11:36:41,428 [ForkJoinPool.commonPool-worker-1] INFO  impl.RaftServerImpl (RaftServerImpl.java:lambda$shutdown$3(251)) - 479eb58c-4806-44ca-880e-53ce08193011@group-8A745413D334: shutdown
2019-09-18 11:36:41,429 [ForkJoinPool.commonPool-worker-1] INFO  util.JmxRegister (JmxRegister.java:unregister(73)) - Successfully un-registered JMX Bean with object name Ratis:service=RaftServer,group=group-8A745413D334,id=479eb58c-4806-44ca-880e-53ce08193011
2019-09-18 11:36:41,429 [ForkJoinPool.commonPool-worker-1] INFO  impl.RoleInfo (RoleInfo.java:shutdownLeaderState(104)) - 479eb58c-4806-44ca-880e-53ce08193011: shutdown LeaderState
2019-09-18 11:36:41,429 [ForkJoinPool.commonPool-worker-1] INFO  impl.PendingRequests (PendingRequests.java:sendNotLeaderResponses(202)) - 479eb58c-4806-44ca-880e-53ce08193011-PendingRequests: sendNotLeaderResponses
2019-09-18 11:36:41,430 [ForkJoinPool.commonPool-worker-1] INFO  impl.StateMachineUpdater (StateMachineUpdater.java:stopAndJoin(125)) - 479eb58c-4806-44ca-880e-53ce08193011@group-8A745413D334-StateMachineUpdater: set stopIndex = 0
2019-09-18 11:36:41,430 [ForkJoinPool.commonPool-worker-1] INFO  impl.RaftServerImpl (ServerState.java:close(385)) - 479eb58c-4806-44ca-880e-53ce08193011@group-8A745413D334: closes. applyIndex: 0
2019-09-18 11:36:41,431 [479eb58c-4806-44ca-880e-53ce08193011@group-8A745413D334-SegmentedRaftLogWorker] INFO  segmented.SegmentedRaftLogWorker (SegmentedRaftLogWorker.java:run(313)) - 479eb58c-4806-44ca-880e-53ce08193011@group-8A745413D334-SegmentedRaftLogWorker was interrupted, exiting. There are 0 tasks remaining in the queue.
2019-09-18 11:36:41,432 [ForkJoinPool.commonPool-worker-1] INFO  segmented.SegmentedRaftLogWorker (SegmentedRaftLogWorker.java:close(228)) - 479eb58c-4806-44ca-880e-53ce08193011@group-8A745413D334-SegmentedRaftLogWorker close()
2019-09-18 11:36:41,434 [ForkJoinPool.commonPool-worker-1] INFO  server.GrpcService (GrpcService.java:closeImpl(164)) - 479eb58c-4806-44ca-880e-53ce08193011: shutdown server with port 42192 now
2019-09-18 11:36:41,434 [ForkJoinPool.commonPool-worker-1] INFO  server.GrpcService (GrpcService.java:closeImpl(172)) - 479eb58c-4806-44ca-880e-53ce08193011: shutdown server with port 42192 successfully
2019-09-18 11:36:41,436 [refreshUsed-/workdir/hadoop-ozone/integration-test/target/test-dir/MiniOzoneClusterImpl-be355825-eaa2-435a-af82-14347805f592/datanode-0/data/containers] WARN  fs.CachingGetSpaceUsed (CachingGetSpaceUsed.java:run(183)) - Thread Interrupted waiting to refresh disk information: sleep interrupted
2019-09-18 11:36:41,456 [ForkJoinPool.commonPool-worker-1] INFO  utils.BackgroundService (BackgroundService.java:shutdown(148)) - Shutting down service BlockDeletingService
2019-09-18 11:36:41,460 [ForkJoinPool.commonPool-worker-1] INFO  statemachine.DatanodeStateMachine (DatanodeStateMachine.java:stopDaemon(395)) - Ozone container server stopped.
2019-09-18 11:36:41,484 [ForkJoinPool.commonPool-worker-1] INFO  handler.ContextHandler (ContextHandler.java:doStop(910)) - Stopped o.e.j.w.WebAppContext@d3f4505{/,null,UNAVAILABLE}{/hddsDatanode}
2019-09-18 11:36:41,485 [ForkJoinPool.commonPool-worker-1] INFO  server.AbstractConnector (AbstractConnector.java:doStop(318)) - Stopped ServerConnector@3eb292cd{HTTP/1.1,[http/1.1]}{0.0.0.0:0}
2019-09-18 11:36:41,487 [ForkJoinPool.commonPool-worker-1] INFO  handler.ContextHandler (ContextHandler.java:doStop(910)) - Stopped o.e.j.s.ServletContextHandler@3d20e575{/static,jar:file:/home/user/.m2/repository/org/apache/hadoop/hadoop-hdds-container-service/0.5.0-SNAPSHOT/hadoop-hdds-container-service-0.5.0-SNAPSHOT.jar!/webapps/static,UNAVAILABLE}
2019-09-18 11:36:41,488 [ForkJoinPool.commonPool-worker-1] INFO  handler.ContextHandler (ContextHandler.java:doStop(910)) - Stopped o.e.j.s.ServletContextHandler@3234474{/logs,file:///workdir/hadoop-ozone/integration-test/target/log,UNAVAILABLE}
2019-09-18 11:36:41,917 [main] INFO  ozoneimpl.OzoneContainer (OzoneContainer.java:stop(231)) - Attempting to stop container services.
2019-09-18 11:36:41,917 [main] INFO  impl.RaftServerProxy (RaftServerProxy.java:lambda$close$4(314)) - 3731518f-4a75-41f7-a8ac-44e1efdde356: close
2019-09-18 11:36:41,918 [main] INFO  impl.RaftServerImpl (RaftServerImpl.java:lambda$shutdown$3(251)) - 3731518f-4a75-41f7-a8ac-44e1efdde356@group-1140C455E42D: shutdown
2019-09-18 11:36:41,918 [main] INFO  util.JmxRegister (JmxRegister.java:unregister(73)) - Successfully un-registered JMX Bean with object name Ratis:service=RaftServer,group=group-1140C455E42D,id=3731518f-4a75-41f7-a8ac-44e1efdde356
2019-09-18 11:36:41,919 [main] INFO  impl.RoleInfo (RoleInfo.java:shutdownLeaderState(104)) - 3731518f-4a75-41f7-a8ac-44e1efdde356: shutdown LeaderState
2019-09-18 11:36:41,922 [org.apache.ratis.server.impl.LogAppender$AppenderDaemon$$Lambda$519/439395022@5341e5d3] WARN  server.GrpcLogAppender (GrpcLogAppender.java:mayWait(143)) - 3731518f-4a75-41f7-a8ac-44e1efdde356@group-1140C455E42D->9a3866a3-945c-43d9-ad49-28fa7f717e26-GrpcLogAppender: Wait interrupted by java.lang.InterruptedException
2019-09-18 11:36:41,922 [main] INFO  impl.PendingRequests (PendingRequests.java:sendNotLeaderResponses(202)) - 3731518f-4a75-41f7-a8ac-44e1efdde356-PendingRequests: sendNotLeaderResponses
2019-09-18 11:36:41,922 [org.apache.ratis.server.impl.LogAppender$AppenderDaemon$$Lambda$519/439395022@17ae3ece] WARN  server.GrpcLogAppender (GrpcLogAppender.java:mayWait(143)) - 3731518f-4a75-41f7-a8ac-44e1efdde356@group-1140C455E42D->f23e4d0b-fd16-4e36-87f9-2fb30e2de0f1-GrpcLogAppender: Wait interrupted by java.lang.InterruptedException
2019-09-18 11:36:41,925 [main] INFO  impl.StateMachineUpdater (StateMachineUpdater.java:stopAndJoin(125)) - 3731518f-4a75-41f7-a8ac-44e1efdde356@group-1140C455E42D-StateMachineUpdater: set stopIndex = 8
2019-09-18 11:36:41,926 [3731518f-4a75-41f7-a8ac-44e1efdde356@group-1140C455E42D-StateMachineUpdater] INFO  ratis.ContainerStateMachine (ContainerStateMachine.java:takeSnapshot(289)) - group-1140C455E42D: Taking a snapshot at:(t:3, i:6) file /workdir/hadoop-ozone/integration-test/target/test-dir/MiniOzoneClusterImpl-be355825-eaa2-435a-af82-14347805f592/datanode-6/data/ratis/2c76fec6-3ae7-49f1-86d4-1140c455e42d/sm/snapshot.3_6
2019-09-18 11:36:41,926 [grpc-default-executor-6] INFO  server.GrpcServerProtocolService (GrpcServerProtocolService.java:onCompleted(113)) - 9a3866a3-945c-43d9-ad49-28fa7f717e26: Completed APPEND_ENTRIES, lastRequest: 3731518f-4a75-41f7-a8ac-44e1efdde356->9a3866a3-945c-43d9-ad49-28fa7f717e26#54-t3, previous=(t:3, i:8), leaderCommit=8, initializing? false, entries: <empty>
2019-09-18 11:36:41,927 [grpc-default-executor-6] INFO  server.GrpcLogAppender (GrpcLogAppender.java:onCompleted(293)) - 3731518f-4a75-41f7-a8ac-44e1efdde356@group-1140C455E42D->9a3866a3-945c-43d9-ad49-28fa7f717e26-AppendLogResponseHandler: follower responses appendEntries COMPLETED
2019-09-18 11:36:41,928 [grpc-default-executor-6] INFO  impl.FollowerInfo (FollowerInfo.java:lambda$new$0(51)) - 3731518f-4a75-41f7-a8ac-44e1efdde356@group-1140C455E42D->9a3866a3-945c-43d9-ad49-28fa7f717e26: nextIndex: updateUnconditionally 9 -> 8
2019-09-18 11:36:42,310 [Datanode State Machine Thread - 0] INFO  statemachine.DatanodeStateMachine (DatanodeStateMachine.java:lambda$startDaemon$0(350)) - Ozone container server started.
2019-09-18 11:36:42,516 [3731518f-4a75-41f7-a8ac-44e1efdde356@group-1140C455E42D-StateMachineUpdater] INFO  ratis.ContainerStateMachine (ContainerStateMachine.java:takeSnapshot(300)) - group-1140C455E42D: Finished taking a snapshot at:(t:3, i:6) file:/workdir/hadoop-ozone/integration-test/target/test-dir/MiniOzoneClusterImpl-be355825-eaa2-435a-af82-14347805f592/datanode-6/data/ratis/2c76fec6-3ae7-49f1-86d4-1140c455e42d/sm/snapshot.3_6 time:590
2019-09-18 11:36:42,516 [3731518f-4a75-41f7-a8ac-44e1efdde356@group-1140C455E42D-StateMachineUpdater] INFO  impl.StateMachineUpdater (StateMachineUpdater.java:takeSnapshot(258)) - 3731518f-4a75-41f7-a8ac-44e1efdde356@group-1140C455E42D-StateMachineUpdater: Took a snapshot at index 6
2019-09-18 11:36:42,517 [3731518f-4a75-41f7-a8ac-44e1efdde356@group-1140C455E42D-StateMachineUpdater] INFO  impl.StateMachineUpdater (StateMachineUpdater.java:lambda$new$0(83)) - 3731518f-4a75-41f7-a8ac-44e1efdde356@group-1140C455E42D-StateMachineUpdater: snapshotIndex: updateIncreasingly -1 -> 6
2019-09-18 11:36:42,517 [3731518f-4a75-41f7-a8ac-44e1efdde356@group-1140C455E42D-StateMachineUpdater] INFO  ratis.ContainerStateMachine (ContainerStateMachine.java:takeSnapshot(289)) - group-1140C455E42D: Taking a snapshot at:(t:3, i:6) file /workdir/hadoop-ozone/integration-test/target/test-dir/MiniOzoneClusterImpl-be355825-eaa2-435a-af82-14347805f592/datanode-6/data/ratis/2c76fec6-3ae7-49f1-86d4-1140c455e42d/sm/snapshot.3_6
2019-09-18 11:36:42,528 [3731518f-4a75-41f7-a8ac-44e1efdde356@group-1140C455E42D-StateMachineUpdater] INFO  ratis.ContainerStateMachine (ContainerStateMachine.java:takeSnapshot(300)) - group-1140C455E42D: Finished taking a snapshot at:(t:3, i:6) file:/workdir/hadoop-ozone/integration-test/target/test-dir/MiniOzoneClusterImpl-be355825-eaa2-435a-af82-14347805f592/datanode-6/data/ratis/2c76fec6-3ae7-49f1-86d4-1140c455e42d/sm/snapshot.3_6 time:10
2019-09-18 11:36:42,528 [3731518f-4a75-41f7-a8ac-44e1efdde356@group-1140C455E42D-StateMachineUpdater] INFO  impl.StateMachineUpdater (StateMachineUpdater.java:takeSnapshot(258)) - 3731518f-4a75-41f7-a8ac-44e1efdde356@group-1140C455E42D-StateMachineUpdater: Took a snapshot at index 6
2019-09-18 11:36:42,528 [3731518f-4a75-41f7-a8ac-44e1efdde356@group-1140C455E42D-StateMachineUpdater] INFO  impl.StateMachineUpdater (StateMachineUpdater.java:lambda$new$0(83)) - 3731518f-4a75-41f7-a8ac-44e1efdde356@group-1140C455E42D-StateMachineUpdater: snapshotIndex: updateIncreasingly 6 -> 6
2019-09-18 11:36:42,528 [main] INFO  impl.RaftServerImpl (ServerState.java:close(385)) - 3731518f-4a75-41f7-a8ac-44e1efdde356@group-1140C455E42D: closes. applyIndex: 8
2019-09-18 11:36:42,529 [3731518f-4a75-41f7-a8ac-44e1efdde356@group-1140C455E42D-SegmentedRaftLogWorker] INFO  segmented.SegmentedRaftLogWorker (SegmentedRaftLogWorker.java:run(313)) - 3731518f-4a75-41f7-a8ac-44e1efdde356@group-1140C455E42D-SegmentedRaftLogWorker was interrupted, exiting. There are 0 tasks remaining in the queue.
2019-09-18 11:36:42,531 [main] INFO  segmented.SegmentedRaftLogWorker (SegmentedRaftLogWorker.java:close(228)) - 3731518f-4a75-41f7-a8ac-44e1efdde356@group-1140C455E42D-SegmentedRaftLogWorker close()
2019-09-18 11:36:42,536 [main] INFO  impl.RaftServerImpl (RaftServerImpl.java:lambda$shutdown$3(251)) - 3731518f-4a75-41f7-a8ac-44e1efdde356@group-7948702E5DAF: shutdown
2019-09-18 11:36:42,536 [main] INFO  util.JmxRegister (JmxRegister.java:unregister(73)) - Successfully un-registered JMX Bean with object name Ratis:service=RaftServer,group=group-7948702E5DAF,id=3731518f-4a75-41f7-a8ac-44e1efdde356
2019-09-18 11:36:42,536 [main] INFO  impl.RoleInfo (RoleInfo.java:shutdownLeaderState(104)) - 3731518f-4a75-41f7-a8ac-44e1efdde356: shutdown LeaderState
2019-09-18 11:36:42,537 [main] INFO  impl.PendingRequests (PendingRequests.java:sendNotLeaderResponses(202)) - 3731518f-4a75-41f7-a8ac-44e1efdde356-PendingRequests: sendNotLeaderResponses
2019-09-18 11:36:42,537 [main] INFO  impl.StateMachineUpdater (StateMachineUpdater.java:stopAndJoin(125)) - 3731518f-4a75-41f7-a8ac-44e1efdde356@group-7948702E5DAF-StateMachineUpdater: set stopIndex = 0
2019-09-18 11:36:42,538 [main] INFO  impl.RaftServerImpl (ServerState.java:close(385)) - 3731518f-4a75-41f7-a8ac-44e1efdde356@group-7948702E5DAF: closes. applyIndex: 0
2019-09-18 11:36:42,538 [3731518f-4a75-41f7-a8ac-44e1efdde356@group-7948702E5DAF-SegmentedRaftLogWorker] INFO  segmented.SegmentedRaftLogWorker (SegmentedRaftLogWorker.java:run(313)) - 3731518f-4a75-41f7-a8ac-44e1efdde356@group-7948702E5DAF-SegmentedRaftLogWorker was interrupted, exiting. There are 0 tasks remaining in the queue.
2019-09-18 11:36:42,538 [main] INFO  segmented.SegmentedRaftLogWorker (SegmentedRaftLogWorker.java:close(228)) - 3731518f-4a75-41f7-a8ac-44e1efdde356@group-7948702E5DAF-SegmentedRaftLogWorker close()
2019-09-18 11:36:42,539 [main] INFO  server.GrpcService (GrpcService.java:closeImpl(164)) - 3731518f-4a75-41f7-a8ac-44e1efdde356: shutdown server with port 38958 now
2019-09-18 11:36:42,540 [main] INFO  server.GrpcService (GrpcService.java:closeImpl(172)) - 3731518f-4a75-41f7-a8ac-44e1efdde356: shutdown server with port 38958 successfully
2019-09-18 11:36:42,541 [refreshUsed-/workdir/hadoop-ozone/integration-test/target/test-dir/MiniOzoneClusterImpl-be355825-eaa2-435a-af82-14347805f592/datanode-6/data/containers] WARN  fs.CachingGetSpaceUsed (CachingGetSpaceUsed.java:run(183)) - Thread Interrupted waiting to refresh disk information: sleep interrupted
2019-09-18 11:36:42,557 [main] INFO  utils.BackgroundService (BackgroundService.java:shutdown(148)) - Shutting down service BlockDeletingService
2019-09-18 11:36:42,560 [main] INFO  statemachine.DatanodeStateMachine (DatanodeStateMachine.java:stopDaemon(395)) - Ozone container server stopped.
2019-09-18 11:36:42,561 [main] INFO  handler.ContextHandler (ContextHandler.java:doStop(910)) - Stopped o.e.j.w.WebAppContext@59c04bee{/,null,UNAVAILABLE}{/hddsDatanode}
2019-09-18 11:36:42,562 [main] INFO  server.AbstractConnector (AbstractConnector.java:doStop(318)) - Stopped ServerConnector@45900b64{HTTP/1.1,[http/1.1]}{0.0.0.0:0}
2019-09-18 11:36:42,562 [main] INFO  handler.ContextHandler (ContextHandler.java:doStop(910)) - Stopped o.e.j.s.ServletContextHandler@2fb25f4c{/static,jar:file:/home/user/.m2/repository/org/apache/hadoop/hadoop-hdds-container-service/0.5.0-SNAPSHOT/hadoop-hdds-container-service-0.5.0-SNAPSHOT.jar!/webapps/static,UNAVAILABLE}
2019-09-18 11:36:42,563 [main] INFO  handler.ContextHandler (ContextHandler.java:doStop(910)) - Stopped o.e.j.s.ServletContextHandler@57ddd45b{/logs,file:///workdir/hadoop-ozone/integration-test/target/log,UNAVAILABLE}
2019-09-18 11:36:44,955 [Thread-816] INFO  impl.FollowerState (FollowerState.java:run(106)) - 9a3866a3-945c-43d9-ad49-28fa7f717e26:group-1140C455E42D changes to CANDIDATE, lastRpcTime:5480, electionTimeout:5031ms
2019-09-18 11:36:44,956 [Thread-816] INFO  impl.RoleInfo (RoleInfo.java:shutdownFollowerState(121)) - 9a3866a3-945c-43d9-ad49-28fa7f717e26: shutdown FollowerState
2019-09-18 11:36:44,956 [Thread-816] INFO  impl.RaftServerImpl (RaftServerImpl.java:setRole(174)) - 9a3866a3-945c-43d9-ad49-28fa7f717e26@group-1140C455E42D: changes role from  FOLLOWER to CANDIDATE at term 3 for changeToCandidate
2019-09-18 11:36:44,956 [Thread-816] INFO  impl.RoleInfo (RoleInfo.java:updateAndGet(143)) - 9a3866a3-945c-43d9-ad49-28fa7f717e26: start LeaderElection
2019-09-18 11:36:44,957 [9a3866a3-945c-43d9-ad49-28fa7f717e26@group-1140C455E42D:LeaderElection25] INFO  impl.RaftServerImpl (ServerState.java:setLeader(253)) - 9a3866a3-945c-43d9-ad49-28fa7f717e26@group-1140C455E42D: change Leader from 3731518f-4a75-41f7-a8ac-44e1efdde356 to null at term 3 for initElection
2019-09-18 11:36:44,983 [9a3866a3-945c-43d9-ad49-28fa7f717e26@group-1140C455E42D:LeaderElection25] INFO  impl.LeaderElection (LeaderElection.java:askForVotes(182)) - 9a3866a3-945c-43d9-ad49-28fa7f717e26@group-1140C455E42D:LeaderElection25: begin an election at term 4 for 0: [9a3866a3-945c-43d9-ad49-28fa7f717e26:192.168.157.254:46807, f23e4d0b-fd16-4e36-87f9-2fb30e2de0f1:192.168.157.254:39244, 3731518f-4a75-41f7-a8ac-44e1efdde356:192.168.157.254:38958], old=null
2019-09-18 11:36:44,993 [9a3866a3-945c-43d9-ad49-28fa7f717e26@group-1140C455E42D:LeaderElection25] INFO  impl.LeaderElection (LogUtils.java:infoOrTrace(149)) - 9a3866a3-945c-43d9-ad49-28fa7f717e26@group-1140C455E42D:LeaderElection25 got exception when requesting votes: {}
java.util.concurrent.ExecutionException: org.apache.ratis.thirdparty.io.grpc.StatusRuntimeException: UNAVAILABLE: io exception
	at java.util.concurrent.FutureTask.report(FutureTask.java:122)
	at java.util.concurrent.FutureTask.get(FutureTask.java:192)
	at org.apache.ratis.server.impl.LeaderElection.waitForResults(LeaderElection.java:263)
	at org.apache.ratis.server.impl.LeaderElection.askForVotes(LeaderElection.java:201)
	at org.apache.ratis.server.impl.LeaderElection.run(LeaderElection.java:133)
	at java.lang.Thread.run(Thread.java:748)
Caused by: org.apache.ratis.thirdparty.io.grpc.StatusRuntimeException: UNAVAILABLE: io exception
	at org.apache.ratis.thirdparty.io.grpc.stub.ClientCalls.toStatusRuntimeException(ClientCalls.java:233)
	at org.apache.ratis.thirdparty.io.grpc.stub.ClientCalls.getUnchecked(ClientCalls.java:214)
	at org.apache.ratis.thirdparty.io.grpc.stub.ClientCalls.blockingUnaryCall(ClientCalls.java:139)
	at org.apache.ratis.proto.grpc.RaftServerProtocolServiceGrpc$RaftServerProtocolServiceBlockingStub.requestVote(RaftServerProtocolServiceGrpc.java:265)
	at org.apache.ratis.grpc.server.GrpcServerProtocolClient.requestVote(GrpcServerProtocolClient.java:90)
	at org.apache.ratis.grpc.server.GrpcService.requestVote(GrpcService.java:204)
	at org.apache.ratis.server.impl.LeaderElection.lambda$submitRequests$1(LeaderElection.java:238)
	at java.util.concurrent.FutureTask.run(FutureTask.java:266)
	at java.util.concurrent.Executors$RunnableAdapter.call(Executors.java:511)
	at java.util.concurrent.FutureTask.run(FutureTask.java:266)
	at java.util.concurrent.ThreadPoolExecutor.runWorker(ThreadPoolExecutor.java:1149)
	at java.util.concurrent.ThreadPoolExecutor$Worker.run(ThreadPoolExecutor.java:624)
	... 1 more
Caused by: org.apache.ratis.thirdparty.io.netty.channel.AbstractChannel$AnnotatedConnectException: Connection refused: /192.168.157.254:39244
	at sun.nio.ch.SocketChannelImpl.checkConnect(Native Method)
	at sun.nio.ch.SocketChannelImpl.finishConnect(SocketChannelImpl.java:717)
	at org.apache.ratis.thirdparty.io.netty.channel.socket.nio.NioSocketChannel.doFinishConnect(NioSocketChannel.java:327)
	at org.apache.ratis.thirdparty.io.netty.channel.nio.AbstractNioChannel$AbstractNioUnsafe.finishConnect(AbstractNioChannel.java:340)
	at org.apache.ratis.thirdparty.io.netty.channel.nio.NioEventLoop.processSelectedKey(NioEventLoop.java:632)
	at org.apache.ratis.thirdparty.io.netty.channel.nio.NioEventLoop.processSelectedKeysOptimized(NioEventLoop.java:579)
	at org.apache.ratis.thirdparty.io.netty.channel.nio.NioEventLoop.processSelectedKeys(NioEventLoop.java:496)
	at org.apache.ratis.thirdparty.io.netty.channel.nio.NioEventLoop.run(NioEventLoop.java:458)
	at org.apache.ratis.thirdparty.io.netty.util.concurrent.SingleThreadEventExecutor$5.run(SingleThreadEventExecutor.java:897)
	at org.apache.ratis.thirdparty.io.netty.util.concurrent.FastThreadLocalRunnable.run(FastThreadLocalRunnable.java:30)
	... 1 more
Caused by: java.net.ConnectException: Connection refused
	... 11 more
2019-09-18 11:36:44,997 [9a3866a3-945c-43d9-ad49-28fa7f717e26@group-1140C455E42D:LeaderElection25] INFO  impl.LeaderElection (LogUtils.java:infoOrTrace(149)) - 9a3866a3-945c-43d9-ad49-28fa7f717e26@group-1140C455E42D:LeaderElection25 got exception when requesting votes: {}
java.util.concurrent.ExecutionException: org.apache.ratis.thirdparty.io.grpc.StatusRuntimeException: UNAVAILABLE: io exception
	at java.util.concurrent.FutureTask.report(FutureTask.java:122)
	at java.util.concurrent.FutureTask.get(FutureTask.java:192)
	at org.apache.ratis.server.impl.LeaderElection.waitForResults(LeaderElection.java:263)
	at org.apache.ratis.server.impl.LeaderElection.askForVotes(LeaderElection.java:201)
	at org.apache.ratis.server.impl.LeaderElection.run(LeaderElection.java:133)
	at java.lang.Thread.run(Thread.java:748)
Caused by: org.apache.ratis.thirdparty.io.grpc.StatusRuntimeException: UNAVAILABLE: io exception
	at org.apache.ratis.thirdparty.io.grpc.stub.ClientCalls.toStatusRuntimeException(ClientCalls.java:233)
	at org.apache.ratis.thirdparty.io.grpc.stub.ClientCalls.getUnchecked(ClientCalls.java:214)
	at org.apache.ratis.thirdparty.io.grpc.stub.ClientCalls.blockingUnaryCall(ClientCalls.java:139)
	at org.apache.ratis.proto.grpc.RaftServerProtocolServiceGrpc$RaftServerProtocolServiceBlockingStub.requestVote(RaftServerProtocolServiceGrpc.java:265)
	at org.apache.ratis.grpc.server.GrpcServerProtocolClient.requestVote(GrpcServerProtocolClient.java:90)
	at org.apache.ratis.grpc.server.GrpcService.requestVote(GrpcService.java:204)
	at org.apache.ratis.server.impl.LeaderElection.lambda$submitRequests$1(LeaderElection.java:238)
	at java.util.concurrent.FutureTask.run(FutureTask.java:266)
	at java.util.concurrent.Executors$RunnableAdapter.call(Executors.java:511)
	at java.util.concurrent.FutureTask.run(FutureTask.java:266)
	at java.util.concurrent.ThreadPoolExecutor.runWorker(ThreadPoolExecutor.java:1149)
	at java.util.concurrent.ThreadPoolExecutor$Worker.run(ThreadPoolExecutor.java:624)
	... 1 more
Caused by: org.apache.ratis.thirdparty.io.netty.channel.AbstractChannel$AnnotatedConnectException: Connection refused: /192.168.157.254:38958
	at sun.nio.ch.SocketChannelImpl.checkConnect(Native Method)
	at sun.nio.ch.SocketChannelImpl.finishConnect(SocketChannelImpl.java:717)
	at org.apache.ratis.thirdparty.io.netty.channel.socket.nio.NioSocketChannel.doFinishConnect(NioSocketChannel.java:327)
	at org.apache.ratis.thirdparty.io.netty.channel.nio.AbstractNioChannel$AbstractNioUnsafe.finishConnect(AbstractNioChannel.java:340)
	at org.apache.ratis.thirdparty.io.netty.channel.nio.NioEventLoop.processSelectedKey(NioEventLoop.java:632)
	at org.apache.ratis.thirdparty.io.netty.channel.nio.NioEventLoop.processSelectedKeysOptimized(NioEventLoop.java:579)
	at org.apache.ratis.thirdparty.io.netty.channel.nio.NioEventLoop.processSelectedKeys(NioEventLoop.java:496)
	at org.apache.ratis.thirdparty.io.netty.channel.nio.NioEventLoop.run(NioEventLoop.java:458)
	at org.apache.ratis.thirdparty.io.netty.util.concurrent.SingleThreadEventExecutor$5.run(SingleThreadEventExecutor.java:897)
	at org.apache.ratis.thirdparty.io.netty.util.concurrent.FastThreadLocalRunnable.run(FastThreadLocalRunnable.java:30)
	... 1 more
Caused by: java.net.ConnectException: Connection refused
	... 11 more
2019-09-18 11:36:44,999 [9a3866a3-945c-43d9-ad49-28fa7f717e26@group-1140C455E42D:LeaderElection25] INFO  impl.LeaderElection (LeaderElection.java:logAndReturn(56)) - 9a3866a3-945c-43d9-ad49-28fa7f717e26@group-1140C455E42D:LeaderElection25: Election REJECTED; received 0 response(s) [] and 2 exception(s); 9a3866a3-945c-43d9-ad49-28fa7f717e26@group-1140C455E42D:t4, leader=null, voted=9a3866a3-945c-43d9-ad49-28fa7f717e26, raftlog=9a3866a3-945c-43d9-ad49-28fa7f717e26@group-1140C455E42D-SegmentedRaftLog:OPENED:c8,f8,i8, conf=0: [9a3866a3-945c-43d9-ad49-28fa7f717e26:192.168.157.254:46807, f23e4d0b-fd16-4e36-87f9-2fb30e2de0f1:192.168.157.254:39244, 3731518f-4a75-41f7-a8ac-44e1efdde356:192.168.157.254:38958], old=null
2019-09-18 11:36:44,999 [9a3866a3-945c-43d9-ad49-28fa7f717e26@group-1140C455E42D:LeaderElection25] INFO  impl.LeaderElection (LogUtils.java:infoOrTrace(149)) -   Exception 0: {}
java.util.concurrent.ExecutionException: org.apache.ratis.thirdparty.io.grpc.StatusRuntimeException: UNAVAILABLE: io exception
	at java.util.concurrent.FutureTask.report(FutureTask.java:122)
	at java.util.concurrent.FutureTask.get(FutureTask.java:192)
	at org.apache.ratis.server.impl.LeaderElection.waitForResults(LeaderElection.java:263)
	at org.apache.ratis.server.impl.LeaderElection.askForVotes(LeaderElection.java:201)
	at org.apache.ratis.server.impl.LeaderElection.run(LeaderElection.java:133)
	at java.lang.Thread.run(Thread.java:748)
Caused by: org.apache.ratis.thirdparty.io.grpc.StatusRuntimeException: UNAVAILABLE: io exception
	at org.apache.ratis.thirdparty.io.grpc.stub.ClientCalls.toStatusRuntimeException(ClientCalls.java:233)
	at org.apache.ratis.thirdparty.io.grpc.stub.ClientCalls.getUnchecked(ClientCalls.java:214)
	at org.apache.ratis.thirdparty.io.grpc.stub.ClientCalls.blockingUnaryCall(ClientCalls.java:139)
	at org.apache.ratis.proto.grpc.RaftServerProtocolServiceGrpc$RaftServerProtocolServiceBlockingStub.requestVote(RaftServerProtocolServiceGrpc.java:265)
	at org.apache.ratis.grpc.server.GrpcServerProtocolClient.requestVote(GrpcServerProtocolClient.java:90)
	at org.apache.ratis.grpc.server.GrpcService.requestVote(GrpcService.java:204)
	at org.apache.ratis.server.impl.LeaderElection.lambda$submitRequests$1(LeaderElection.java:238)
	at java.util.concurrent.FutureTask.run(FutureTask.java:266)
	at java.util.concurrent.Executors$RunnableAdapter.call(Executors.java:511)
	at java.util.concurrent.FutureTask.run(FutureTask.java:266)
	at java.util.concurrent.ThreadPoolExecutor.runWorker(ThreadPoolExecutor.java:1149)
	at java.util.concurrent.ThreadPoolExecutor$Worker.run(ThreadPoolExecutor.java:624)
	... 1 more
Caused by: org.apache.ratis.thirdparty.io.netty.channel.AbstractChannel$AnnotatedConnectException: Connection refused: /192.168.157.254:39244
	at sun.nio.ch.SocketChannelImpl.checkConnect(Native Method)
	at sun.nio.ch.SocketChannelImpl.finishConnect(SocketChannelImpl.java:717)
	at org.apache.ratis.thirdparty.io.netty.channel.socket.nio.NioSocketChannel.doFinishConnect(NioSocketChannel.java:327)
	at org.apache.ratis.thirdparty.io.netty.channel.nio.AbstractNioChannel$AbstractNioUnsafe.finishConnect(AbstractNioChannel.java:340)
	at org.apache.ratis.thirdparty.io.netty.channel.nio.NioEventLoop.processSelectedKey(NioEventLoop.java:632)
	at org.apache.ratis.thirdparty.io.netty.channel.nio.NioEventLoop.processSelectedKeysOptimized(NioEventLoop.java:579)
	at org.apache.ratis.thirdparty.io.netty.channel.nio.NioEventLoop.processSelectedKeys(NioEventLoop.java:496)
	at org.apache.ratis.thirdparty.io.netty.channel.nio.NioEventLoop.run(NioEventLoop.java:458)
	at org.apache.ratis.thirdparty.io.netty.util.concurrent.SingleThreadEventExecutor$5.run(SingleThreadEventExecutor.java:897)
	at org.apache.ratis.thirdparty.io.netty.util.concurrent.FastThreadLocalRunnable.run(FastThreadLocalRunnable.java:30)
	... 1 more
Caused by: java.net.ConnectException: Connection refused
	... 11 more
2019-09-18 11:36:45,000 [9a3866a3-945c-43d9-ad49-28fa7f717e26@group-1140C455E42D:LeaderElection25] INFO  impl.LeaderElection (LogUtils.java:infoOrTrace(149)) -   Exception 1: {}
java.util.concurrent.ExecutionException: org.apache.ratis.thirdparty.io.grpc.StatusRuntimeException: UNAVAILABLE: io exception
	at java.util.concurrent.FutureTask.report(FutureTask.java:122)
	at java.util.concurrent.FutureTask.get(FutureTask.java:192)
	at org.apache.ratis.server.impl.LeaderElection.waitForResults(LeaderElection.java:263)
	at org.apache.ratis.server.impl.LeaderElection.askForVotes(LeaderElection.java:201)
	at org.apache.ratis.server.impl.LeaderElection.run(LeaderElection.java:133)
	at java.lang.Thread.run(Thread.java:748)
Caused by: org.apache.ratis.thirdparty.io.grpc.StatusRuntimeException: UNAVAILABLE: io exception
	at org.apache.ratis.thirdparty.io.grpc.stub.ClientCalls.toStatusRuntimeException(ClientCalls.java:233)
	at org.apache.ratis.thirdparty.io.grpc.stub.ClientCalls.getUnchecked(ClientCalls.java:214)
	at org.apache.ratis.thirdparty.io.grpc.stub.ClientCalls.blockingUnaryCall(ClientCalls.java:139)
	at org.apache.ratis.proto.grpc.RaftServerProtocolServiceGrpc$RaftServerProtocolServiceBlockingStub.requestVote(RaftServerProtocolServiceGrpc.java:265)
	at org.apache.ratis.grpc.server.GrpcServerProtocolClient.requestVote(GrpcServerProtocolClient.java:90)
	at org.apache.ratis.grpc.server.GrpcService.requestVote(GrpcService.java:204)
	at org.apache.ratis.server.impl.LeaderElection.lambda$submitRequests$1(LeaderElection.java:238)
	at java.util.concurrent.FutureTask.run(FutureTask.java:266)
	at java.util.concurrent.Executors$RunnableAdapter.call(Executors.java:511)
	at java.util.concurrent.FutureTask.run(FutureTask.java:266)
	at java.util.concurrent.ThreadPoolExecutor.runWorker(ThreadPoolExecutor.java:1149)
	at java.util.concurrent.ThreadPoolExecutor$Worker.run(ThreadPoolExecutor.java:624)
	... 1 more
Caused by: org.apache.ratis.thirdparty.io.netty.channel.AbstractChannel$AnnotatedConnectException: Connection refused: /192.168.157.254:38958
	at sun.nio.ch.SocketChannelImpl.checkConnect(Native Method)
	at sun.nio.ch.SocketChannelImpl.finishConnect(SocketChannelImpl.java:717)
	at org.apache.ratis.thirdparty.io.netty.channel.socket.nio.NioSocketChannel.doFinishConnect(NioSocketChannel.java:327)
	at org.apache.ratis.thirdparty.io.netty.channel.nio.AbstractNioChannel$AbstractNioUnsafe.finishConnect(AbstractNioChannel.java:340)
	at org.apache.ratis.thirdparty.io.netty.channel.nio.NioEventLoop.processSelectedKey(NioEventLoop.java:632)
	at org.apache.ratis.thirdparty.io.netty.channel.nio.NioEventLoop.processSelectedKeysOptimized(NioEventLoop.java:579)
	at org.apache.ratis.thirdparty.io.netty.channel.nio.NioEventLoop.processSelectedKeys(NioEventLoop.java:496)
	at org.apache.ratis.thirdparty.io.netty.channel.nio.NioEventLoop.run(NioEventLoop.java:458)
	at org.apache.ratis.thirdparty.io.netty.util.concurrent.SingleThreadEventExecutor$5.run(SingleThreadEventExecutor.java:897)
	at org.apache.ratis.thirdparty.io.netty.util.concurrent.FastThreadLocalRunnable.run(FastThreadLocalRunnable.java:30)
	... 1 more
Caused by: java.net.ConnectException: Connection refused
	... 11 more
2019-09-18 11:36:45,002 [9a3866a3-945c-43d9-ad49-28fa7f717e26@group-1140C455E42D:LeaderElection25] INFO  impl.RaftServerImpl (RaftServerImpl.java:setRole(174)) - 9a3866a3-945c-43d9-ad49-28fa7f717e26@group-1140C455E42D: changes role from CANDIDATE to FOLLOWER at term 4 for DISCOVERED_A_NEW_TERM
2019-09-18 11:36:45,002 [9a3866a3-945c-43d9-ad49-28fa7f717e26@group-1140C455E42D:LeaderElection25] INFO  impl.RoleInfo (RoleInfo.java:shutdownLeaderElection(134)) - 9a3866a3-945c-43d9-ad49-28fa7f717e26: shutdown LeaderElection
2019-09-18 11:36:45,002 [9a3866a3-945c-43d9-ad49-28fa7f717e26@group-1140C455E42D:LeaderElection25] INFO  impl.RoleInfo (RoleInfo.java:updateAndGet(143)) - 9a3866a3-945c-43d9-ad49-28fa7f717e26: start FollowerState
2019-09-18 11:36:46,491 [ForkJoinPool.commonPool-worker-1] INFO  ozoneimpl.OzoneContainer (OzoneContainer.java:stop(231)) - Attempting to stop container services.
2019-09-18 11:36:46,494 [ForkJoinPool.commonPool-worker-1] INFO  impl.RaftServerProxy (RaftServerProxy.java:lambda$close$4(314)) - 9a3866a3-945c-43d9-ad49-28fa7f717e26: close
2019-09-18 11:36:46,494 [ForkJoinPool.commonPool-worker-1] INFO  impl.RaftServerImpl (RaftServerImpl.java:lambda$shutdown$3(251)) - 9a3866a3-945c-43d9-ad49-28fa7f717e26@group-54BACA5574D0: shutdown
2019-09-18 11:36:46,495 [ForkJoinPool.commonPool-worker-1] INFO  util.JmxRegister (JmxRegister.java:unregister(73)) - Successfully un-registered JMX Bean with object name Ratis:service=RaftServer,group=group-54BACA5574D0,id=9a3866a3-945c-43d9-ad49-28fa7f717e26
2019-09-18 11:36:46,495 [ForkJoinPool.commonPool-worker-1] INFO  impl.RoleInfo (RoleInfo.java:shutdownLeaderState(104)) - 9a3866a3-945c-43d9-ad49-28fa7f717e26: shutdown LeaderState
2019-09-18 11:36:46,495 [ForkJoinPool.commonPool-worker-1] INFO  impl.PendingRequests (PendingRequests.java:sendNotLeaderResponses(202)) - 9a3866a3-945c-43d9-ad49-28fa7f717e26-PendingRequests: sendNotLeaderResponses
2019-09-18 11:36:46,496 [ForkJoinPool.commonPool-worker-1] INFO  impl.StateMachineUpdater (StateMachineUpdater.java:stopAndJoin(125)) - 9a3866a3-945c-43d9-ad49-28fa7f717e26@group-54BACA5574D0-StateMachineUpdater: set stopIndex = 0
2019-09-18 11:36:46,497 [ForkJoinPool.commonPool-worker-1] INFO  impl.RaftServerImpl (ServerState.java:close(385)) - 9a3866a3-945c-43d9-ad49-28fa7f717e26@group-54BACA5574D0: closes. applyIndex: 0
2019-09-18 11:36:46,498 [9a3866a3-945c-43d9-ad49-28fa7f717e26@group-54BACA5574D0-SegmentedRaftLogWorker] INFO  segmented.SegmentedRaftLogWorker (SegmentedRaftLogWorker.java:run(313)) - 9a3866a3-945c-43d9-ad49-28fa7f717e26@group-54BACA5574D0-SegmentedRaftLogWorker was interrupted, exiting. There are 0 tasks remaining in the queue.
2019-09-18 11:36:46,498 [ForkJoinPool.commonPool-worker-1] INFO  segmented.SegmentedRaftLogWorker (SegmentedRaftLogWorker.java:close(228)) - 9a3866a3-945c-43d9-ad49-28fa7f717e26@group-54BACA5574D0-SegmentedRaftLogWorker close()
2019-09-18 11:36:46,499 [ForkJoinPool.commonPool-worker-1] INFO  impl.RaftServerImpl (RaftServerImpl.java:lambda$shutdown$3(251)) - 9a3866a3-945c-43d9-ad49-28fa7f717e26@group-1140C455E42D: shutdown
2019-09-18 11:36:46,499 [ForkJoinPool.commonPool-worker-1] INFO  util.JmxRegister (JmxRegister.java:unregister(73)) - Successfully un-registered JMX Bean with object name Ratis:service=RaftServer,group=group-1140C455E42D,id=9a3866a3-945c-43d9-ad49-28fa7f717e26
2019-09-18 11:36:46,499 [ForkJoinPool.commonPool-worker-1] INFO  impl.RoleInfo (RoleInfo.java:shutdownFollowerState(121)) - 9a3866a3-945c-43d9-ad49-28fa7f717e26: shutdown FollowerState
2019-09-18 11:36:46,500 [ForkJoinPool.commonPool-worker-1] INFO  impl.StateMachineUpdater (StateMachineUpdater.java:stopAndJoin(125)) - 9a3866a3-945c-43d9-ad49-28fa7f717e26@group-1140C455E42D-StateMachineUpdater: set stopIndex = 8
2019-09-18 11:36:46,500 [Thread-1419] INFO  impl.FollowerState (FollowerState.java:run(115)) - 9a3866a3-945c-43d9-ad49-28fa7f717e26: FollowerState was interrupted: java.lang.InterruptedException: sleep interrupted
2019-09-18 11:36:46,500 [9a3866a3-945c-43d9-ad49-28fa7f717e26@group-1140C455E42D-StateMachineUpdater] INFO  ratis.ContainerStateMachine (ContainerStateMachine.java:takeSnapshot(289)) - group-1140C455E42D: Taking a snapshot at:(t:3, i:5) file /workdir/hadoop-ozone/integration-test/target/test-dir/MiniOzoneClusterImpl-be355825-eaa2-435a-af82-14347805f592/datanode-5/data/ratis/2c76fec6-3ae7-49f1-86d4-1140c455e42d/sm/snapshot.3_5
2019-09-18 11:36:46,515 [9a3866a3-945c-43d9-ad49-28fa7f717e26@group-1140C455E42D-StateMachineUpdater] INFO  ratis.ContainerStateMachine (ContainerStateMachine.java:takeSnapshot(300)) - group-1140C455E42D: Finished taking a snapshot at:(t:3, i:5) file:/workdir/hadoop-ozone/integration-test/target/test-dir/MiniOzoneClusterImpl-be355825-eaa2-435a-af82-14347805f592/datanode-5/data/ratis/2c76fec6-3ae7-49f1-86d4-1140c455e42d/sm/snapshot.3_5 time:16
2019-09-18 11:36:46,516 [9a3866a3-945c-43d9-ad49-28fa7f717e26@group-1140C455E42D-StateMachineUpdater] INFO  impl.StateMachineUpdater (StateMachineUpdater.java:takeSnapshot(258)) - 9a3866a3-945c-43d9-ad49-28fa7f717e26@group-1140C455E42D-StateMachineUpdater: Took a snapshot at index 5
2019-09-18 11:36:46,516 [9a3866a3-945c-43d9-ad49-28fa7f717e26@group-1140C455E42D-StateMachineUpdater] INFO  impl.StateMachineUpdater (StateMachineUpdater.java:lambda$new$0(83)) - 9a3866a3-945c-43d9-ad49-28fa7f717e26@group-1140C455E42D-StateMachineUpdater: snapshotIndex: updateIncreasingly -1 -> 5
2019-09-18 11:36:46,517 [9a3866a3-945c-43d9-ad49-28fa7f717e26@group-1140C455E42D-StateMachineUpdater] INFO  ratis.ContainerStateMachine (ContainerStateMachine.java:takeSnapshot(289)) - group-1140C455E42D: Taking a snapshot at:(t:3, i:5) file /workdir/hadoop-ozone/integration-test/target/test-dir/MiniOzoneClusterImpl-be355825-eaa2-435a-af82-14347805f592/datanode-5/data/ratis/2c76fec6-3ae7-49f1-86d4-1140c455e42d/sm/snapshot.3_5
2019-09-18 11:36:46,529 [9a3866a3-945c-43d9-ad49-28fa7f717e26@group-1140C455E42D-StateMachineUpdater] INFO  ratis.ContainerStateMachine (ContainerStateMachine.java:takeSnapshot(300)) - group-1140C455E42D: Finished taking a snapshot at:(t:3, i:5) file:/workdir/hadoop-ozone/integration-test/target/test-dir/MiniOzoneClusterImpl-be355825-eaa2-435a-af82-14347805f592/datanode-5/data/ratis/2c76fec6-3ae7-49f1-86d4-1140c455e42d/sm/snapshot.3_5 time:12
2019-09-18 11:36:46,529 [9a3866a3-945c-43d9-ad49-28fa7f717e26@group-1140C455E42D-StateMachineUpdater] INFO  impl.StateMachineUpdater (StateMachineUpdater.java:takeSnapshot(258)) - 9a3866a3-945c-43d9-ad49-28fa7f717e26@group-1140C455E42D-StateMachineUpdater: Took a snapshot at index 5
2019-09-18 11:36:46,529 [9a3866a3-945c-43d9-ad49-28fa7f717e26@group-1140C455E42D-StateMachineUpdater] INFO  impl.StateMachineUpdater (StateMachineUpdater.java:lambda$new$0(83)) - 9a3866a3-945c-43d9-ad49-28fa7f717e26@group-1140C455E42D-StateMachineUpdater: snapshotIndex: updateIncreasingly 5 -> 5
2019-09-18 11:36:46,530 [ForkJoinPool.commonPool-worker-1] INFO  impl.RaftServerImpl (ServerState.java:close(385)) - 9a3866a3-945c-43d9-ad49-28fa7f717e26@group-1140C455E42D: closes. applyIndex: 8
2019-09-18 11:36:46,530 [9a3866a3-945c-43d9-ad49-28fa7f717e26@group-1140C455E42D-SegmentedRaftLogWorker] INFO  segmented.SegmentedRaftLogWorker (SegmentedRaftLogWorker.java:run(313)) - 9a3866a3-945c-43d9-ad49-28fa7f717e26@group-1140C455E42D-SegmentedRaftLogWorker was interrupted, exiting. There are 0 tasks remaining in the queue.
2019-09-18 11:36:46,531 [ForkJoinPool.commonPool-worker-1] INFO  segmented.SegmentedRaftLogWorker (SegmentedRaftLogWorker.java:close(228)) - 9a3866a3-945c-43d9-ad49-28fa7f717e26@group-1140C455E42D-SegmentedRaftLogWorker close()
2019-09-18 11:36:46,531 [ForkJoinPool.commonPool-worker-1] INFO  server.GrpcService (GrpcService.java:closeImpl(164)) - 9a3866a3-945c-43d9-ad49-28fa7f717e26: shutdown server with port 46807 now
2019-09-18 11:36:46,533 [ForkJoinPool.commonPool-worker-1] INFO  server.GrpcService (GrpcService.java:closeImpl(172)) - 9a3866a3-945c-43d9-ad49-28fa7f717e26: shutdown server with port 46807 successfully
2019-09-18 11:36:46,535 [grpc-default-executor-6] WARN  client.GrpcClientProtocolService (LogUtils.java:warn(134)) - 52-OrderedRequestStreamObserver52: onError: org.apache.ratis.thirdparty.io.grpc.StatusRuntimeException: CANCELLED: cancelled before receiving half close
2019-09-18 11:36:46,535 [refreshUsed-/workdir/hadoop-ozone/integration-test/target/test-dir/MiniOzoneClusterImpl-be355825-eaa2-435a-af82-14347805f592/datanode-5/data/containers] WARN  fs.CachingGetSpaceUsed (CachingGetSpaceUsed.java:run(183)) - Thread Interrupted waiting to refresh disk information: sleep interrupted
2019-09-18 11:36:46,557 [ForkJoinPool.commonPool-worker-1] INFO  utils.BackgroundService (BackgroundService.java:shutdown(148)) - Shutting down service BlockDeletingService
2019-09-18 11:36:46,561 [ForkJoinPool.commonPool-worker-1] INFO  statemachine.DatanodeStateMachine (DatanodeStateMachine.java:stopDaemon(395)) - Ozone container server stopped.
2019-09-18 11:36:46,577 [ForkJoinPool.commonPool-worker-1] INFO  handler.ContextHandler (ContextHandler.java:doStop(910)) - Stopped o.e.j.w.WebAppContext@75023c53{/,null,UNAVAILABLE}{/hddsDatanode}
2019-09-18 11:36:46,578 [ForkJoinPool.commonPool-worker-1] INFO  server.AbstractConnector (AbstractConnector.java:doStop(318)) - Stopped ServerConnector@66813e6e{HTTP/1.1,[http/1.1]}{0.0.0.0:0}
2019-09-18 11:36:46,583 [ForkJoinPool.commonPool-worker-1] INFO  handler.ContextHandler (ContextHandler.java:doStop(910)) - Stopped o.e.j.s.ServletContextHandler@33eb6758{/static,jar:file:/home/user/.m2/repository/org/apache/hadoop/hadoop-hdds-container-service/0.5.0-SNAPSHOT/hadoop-hdds-container-service-0.5.0-SNAPSHOT.jar!/webapps/static,UNAVAILABLE}
2019-09-18 11:36:46,583 [ForkJoinPool.commonPool-worker-1] INFO  handler.ContextHandler (ContextHandler.java:doStop(910)) - Stopped o.e.j.s.ServletContextHandler@65f40689{/logs,file:///workdir/hadoop-ozone/integration-test/target/log,UNAVAILABLE}
2019-09-18 11:36:46,585 [main] INFO  ozone.MiniOzoneClusterImpl (MiniOzoneClusterImpl.java:stop(344)) - Stopping the StorageContainerManager
2019-09-18 11:36:46,585 [main] INFO  server.StorageContainerManager (StorageContainerManager.java:stop(801)) - Stopping Replication Manager Service.
2019-09-18 11:36:46,585 [main] INFO  container.ReplicationManager (ReplicationManager.java:stop(203)) - Stopping Replication Monitor Thread.
2019-09-18 11:36:46,586 [main] INFO  server.StorageContainerManager (StorageContainerManager.java:stop(808)) - Stopping Lease Manager of the command watchers
2019-09-18 11:36:46,586 [main] INFO  server.StorageContainerManager (StorageContainerManager.java:stop(815)) - Stopping datanode service RPC server
2019-09-18 11:36:46,586 [main] INFO  server.SCMDatanodeProtocolServer (SCMDatanodeProtocolServer.java:stop(367)) - Stopping the RPC server for DataNodes
2019-09-18 11:36:46,586 [main] INFO  ipc.Server (Server.java:stop(3082)) - Stopping server on 44810
2019-09-18 11:36:46,589 [IPC Server listener on 44810] INFO  ipc.Server (Server.java:run(1185)) - Stopping IPC Server listener on 44810
2019-09-18 11:36:46,589 [IPC Server Responder] INFO  ipc.Server (Server.java:run(1319)) - Stopping IPC Server Responder
2019-09-18 11:36:46,633 [SCM Heartbeat Processing Thread - 0] WARN  node.NodeStateManager (NodeStateManager.java:scheduleNextHealthCheck(646)) - Current Thread is interrupted, shutting down HB processing thread for Node Manager.
2019-09-18 11:36:46,633 [main] INFO  server.StorageContainerManager (StorageContainerManager.java:stop(823)) - Stopping block service RPC server
2019-09-18 11:36:46,633 [main] INFO  server.SCMBlockProtocolServer (SCMBlockProtocolServer.java:stop(155)) - Stopping the RPC server for Block Protocol
2019-09-18 11:36:46,634 [main] INFO  ipc.Server (Server.java:stop(3082)) - Stopping server on 40698
2019-09-18 11:36:46,636 [IPC Server listener on 40698] INFO  ipc.Server (Server.java:run(1185)) - Stopping IPC Server listener on 40698
2019-09-18 11:36:46,636 [main] INFO  server.StorageContainerManager (StorageContainerManager.java:stop(830)) - Stopping the StorageContainerLocationProtocol RPC server
2019-09-18 11:36:46,636 [IPC Server Responder] INFO  ipc.Server (Server.java:run(1319)) - Stopping IPC Server Responder
2019-09-18 11:36:46,636 [main] INFO  server.SCMClientProtocolServer (SCMClientProtocolServer.java:stop(159)) - Stopping the RPC server for Client Protocol
2019-09-18 11:36:46,638 [main] INFO  ipc.Server (Server.java:stop(3082)) - Stopping server on 46429
2019-09-18 11:36:46,640 [IPC Server listener on 46429] INFO  ipc.Server (Server.java:run(1185)) - Stopping IPC Server listener on 46429
2019-09-18 11:36:46,640 [main] INFO  server.StorageContainerManager (StorageContainerManager.java:stop(837)) - Stopping Storage Container Manager HTTP server.
2019-09-18 11:36:46,641 [IPC Server Responder] INFO  ipc.Server (Server.java:run(1319)) - Stopping IPC Server Responder
2019-09-18 11:36:46,642 [main] INFO  handler.ContextHandler (ContextHandler.java:doStop(910)) - Stopped o.e.j.w.WebAppContext@56476c16{/,null,UNAVAILABLE}{/scm}
2019-09-18 11:36:46,643 [main] INFO  server.AbstractConnector (AbstractConnector.java:doStop(318)) - Stopped ServerConnector@497b560e{HTTP/1.1,[http/1.1]}{0.0.0.0:0}
2019-09-18 11:36:46,643 [main] INFO  handler.ContextHandler (ContextHandler.java:doStop(910)) - Stopped o.e.j.s.ServletContextHandler@663f237a{/static,file:///workdir/hadoop-ozone/integration-test/target/test-classes/webapps/static,UNAVAILABLE}
2019-09-18 11:36:46,644 [main] INFO  handler.ContextHandler (ContextHandler.java:doStop(910)) - Stopped o.e.j.s.ServletContextHandler@40fa8766{/logs,file:///workdir/hadoop-ozone/integration-test/target/log,UNAVAILABLE}
2019-09-18 11:36:46,645 [main] INFO  server.StorageContainerManager (StorageContainerManager.java:stop(848)) - Stopping Block Manager Service.
2019-09-18 11:36:46,645 [main] INFO  utils.BackgroundService (BackgroundService.java:shutdown(148)) - Shutting down service SCMBlockDeletingService
2019-09-18 11:36:46,645 [main] INFO  utils.BackgroundService (BackgroundService.java:shutdown(148)) - Shutting down service SCMBlockDeletingService
2019-09-18 11:36:46,646 [main] INFO  server.StorageContainerManager (StorageContainerManager.java:stop(870)) - Stopping SCM Event Queue.
2019-09-18 11:36:46,650 [main] INFO  impl.MetricsSystemImpl (MetricsSystemImpl.java:stop(210)) - Stopping HddsDatanode metrics system...
2019-09-18 11:36:46,667 [main] INFO  impl.MetricsSystemImpl (MetricsSystemImpl.java:stop(216)) - HddsDatanode metrics system stopped.
]]></system-out>
    <system-err><![CDATA[Sep 18, 2019 11:36:31 AM org.apache.ratis.thirdparty.io.grpc.internal.SerializingExecutor run
SEVERE: Exception while executing runnable org.apache.ratis.thirdparty.io.grpc.internal.ServerImpl$JumpToApplicationThreadServerStreamListener$1Closed@20c40871
org.apache.ratis.thirdparty.io.grpc.StatusRuntimeException: CANCELLED: call already cancelled
	at org.apache.ratis.thirdparty.io.grpc.Status.asRuntimeException(Status.java:517)
	at org.apache.ratis.thirdparty.io.grpc.stub.ServerCalls$ServerCallStreamObserverImpl.onCompleted(ServerCalls.java:356)
	at org.apache.ratis.grpc.server.GrpcServerProtocolService$ServerRequestStreamObserver.onError(GrpcServerProtocolService.java:121)
	at org.apache.ratis.thirdparty.io.grpc.stub.ServerCalls$StreamingServerCallHandler$StreamingServerCallListener.onCancel(ServerCalls.java:269)
	at org.apache.ratis.thirdparty.io.grpc.internal.ServerCallImpl$ServerStreamListenerImpl.closed(ServerCallImpl.java:293)
	at org.apache.ratis.thirdparty.io.grpc.internal.ServerImpl$JumpToApplicationThreadServerStreamListener$1Closed.runInContext(ServerImpl.java:741)
	at org.apache.ratis.thirdparty.io.grpc.internal.ContextRunnable.run(ContextRunnable.java:37)
	at org.apache.ratis.thirdparty.io.grpc.internal.SerializingExecutor.run(SerializingExecutor.java:123)
	at java.util.concurrent.ThreadPoolExecutor.runWorker(ThreadPoolExecutor.java:1149)
	at java.util.concurrent.ThreadPoolExecutor$Worker.run(ThreadPoolExecutor.java:624)
	at java.lang.Thread.run(Thread.java:748)

Sep 18, 2019 11:36:36 AM org.apache.ratis.thirdparty.io.grpc.internal.SerializingExecutor run
SEVERE: Exception while executing runnable org.apache.ratis.thirdparty.io.grpc.internal.ServerImpl$JumpToApplicationThreadServerStreamListener$1Closed@e8e118c
org.apache.ratis.thirdparty.io.grpc.StatusRuntimeException: CANCELLED: call already cancelled
	at org.apache.ratis.thirdparty.io.grpc.Status.asRuntimeException(Status.java:517)
	at org.apache.ratis.thirdparty.io.grpc.stub.ServerCalls$ServerCallStreamObserverImpl.onCompleted(ServerCalls.java:356)
	at org.apache.ratis.grpc.server.GrpcServerProtocolService$ServerRequestStreamObserver.onError(GrpcServerProtocolService.java:121)
	at org.apache.ratis.thirdparty.io.grpc.stub.ServerCalls$StreamingServerCallHandler$StreamingServerCallListener.onCancel(ServerCalls.java:269)
	at org.apache.ratis.thirdparty.io.grpc.internal.ServerCallImpl$ServerStreamListenerImpl.closed(ServerCallImpl.java:293)
	at org.apache.ratis.thirdparty.io.grpc.internal.ServerImpl$JumpToApplicationThreadServerStreamListener$1Closed.runInContext(ServerImpl.java:741)
	at org.apache.ratis.thirdparty.io.grpc.internal.ContextRunnable.run(ContextRunnable.java:37)
	at org.apache.ratis.thirdparty.io.grpc.internal.SerializingExecutor.run(SerializingExecutor.java:123)
	at java.util.concurrent.ThreadPoolExecutor.runWorker(ThreadPoolExecutor.java:1149)
	at java.util.concurrent.ThreadPoolExecutor$Worker.run(ThreadPoolExecutor.java:624)
	at java.lang.Thread.run(Thread.java:748)

Sep 18, 2019 11:36:36 AM org.apache.ratis.thirdparty.io.grpc.internal.SerializingExecutor run
SEVERE: Exception while executing runnable org.apache.ratis.thirdparty.io.grpc.internal.ServerImpl$JumpToApplicationThreadServerStreamListener$1Closed@15351e79
org.apache.ratis.thirdparty.io.grpc.StatusRuntimeException: CANCELLED: call already cancelled
	at org.apache.ratis.thirdparty.io.grpc.Status.asRuntimeException(Status.java:517)
	at org.apache.ratis.thirdparty.io.grpc.stub.ServerCalls$ServerCallStreamObserverImpl.onCompleted(ServerCalls.java:356)
	at org.apache.ratis.grpc.server.GrpcServerProtocolService$ServerRequestStreamObserver.onError(GrpcServerProtocolService.java:121)
	at org.apache.ratis.thirdparty.io.grpc.stub.ServerCalls$StreamingServerCallHandler$StreamingServerCallListener.onCancel(ServerCalls.java:269)
	at org.apache.ratis.thirdparty.io.grpc.internal.ServerCallImpl$ServerStreamListenerImpl.closed(ServerCallImpl.java:293)
	at org.apache.ratis.thirdparty.io.grpc.internal.ServerImpl$JumpToApplicationThreadServerStreamListener$1Closed.runInContext(ServerImpl.java:741)
	at org.apache.ratis.thirdparty.io.grpc.internal.ContextRunnable.run(ContextRunnable.java:37)
	at org.apache.ratis.thirdparty.io.grpc.internal.SerializingExecutor.run(SerializingExecutor.java:123)
	at java.util.concurrent.ThreadPoolExecutor.runWorker(ThreadPoolExecutor.java:1149)
	at java.util.concurrent.ThreadPoolExecutor$Worker.run(ThreadPoolExecutor.java:624)
	at java.lang.Thread.run(Thread.java:748)

]]></system-err>
  </testcase>
</testsuite>