<?xml version="1.0" encoding="UTF-8"?>
<testsuite xmlns:xsi="http://www.w3.org/2001/XMLSchema-instance" xsi:noNamespaceSchemaLocation="https://maven.apache.org/surefire/maven-surefire-plugin/xsd/surefire-test-report.xsd" name="org.apache.hadoop.ozone.client.rpc.TestMultiBlockWritesWithDnFailures" time="38.478" tests="1" errors="1" skipped="0" failures="0">
  <properties>
    <property name="awt.toolkit" value="sun.awt.X11.XToolkit"/>
    <property name="file.encoding.pkg" value="sun.io"/>
    <property name="java.specification.version" value="1.8"/>
    <property name="sun.cpu.isalist" value=""/>
    <property name="sun.jnu.encoding" value="UTF-8"/>
    <property name="java.class.path" value="/workdir/hadoop-ozone/integration-test/target/test-classes:/workdir/hadoop-ozone/integration-test/target/classes:/home/user/.m2/repository/org/apache/hadoop/hadoop-ozone-common/0.4.1-SNAPSHOT/hadoop-ozone-common-0.4.1-SNAPSHOT.jar:/home/user/.m2/repository/org/apache/commons/commons-compress/1.4.1/commons-compress-1.4.1.jar:/home/user/.m2/repository/org/tukaani/xz/1.0/xz-1.0.jar:/home/user/.m2/repository/org/apache/hadoop/hadoop-common/3.2.0/hadoop-common-3.2.0.jar:/home/user/.m2/repository/org/apache/hadoop/hadoop-hdfs/3.2.0/hadoop-hdfs-3.2.0.jar:/home/user/.m2/repository/org/apache/hadoop/hadoop-hdfs-client/3.2.0/hadoop-hdfs-client-3.2.0.jar:/home/user/.m2/repository/com/fasterxml/jackson/core/jackson-annotations/2.9.5/jackson-annotations-2.9.5.jar:/home/user/.m2/repository/org/apache/hadoop/hadoop-hdds-common/0.4.1-SNAPSHOT/hadoop-hdds-common-0.4.1-SNAPSHOT.jar:/home/user/.m2/repository/javax/annotation/javax.annotation-api/1.2/javax.annotation-api-1.2.jar:/home/user/.m2/repository/org/apache/ratis/ratis-server/0.4.0-2337318-SNAPSHOT/ratis-server-0.4.0-2337318-SNAPSHOT.jar:/home/user/.m2/repository/org/apache/ratis/ratis-thirdparty-misc/0.2.0/ratis-thirdparty-misc-0.2.0.jar:/home/user/.m2/repository/org/apache/ratis/ratis-proto/0.4.0-2337318-SNAPSHOT/ratis-proto-0.4.0-2337318-SNAPSHOT.jar:/home/user/.m2/repository/org/apache/ratis/ratis-common/0.4.0-2337318-SNAPSHOT/ratis-common-0.4.0-2337318-SNAPSHOT.jar:/home/user/.m2/repository/org/apache/ratis/ratis-client/0.4.0-2337318-SNAPSHOT/ratis-client-0.4.0-2337318-SNAPSHOT.jar:/home/user/.m2/repository/org/apache/ratis/ratis-metrics/0.4.0-2337318-SNAPSHOT/ratis-metrics-0.4.0-2337318-SNAPSHOT.jar:/home/user/.m2/repository/org/apache/ratis/ratis-netty/0.4.0-2337318-SNAPSHOT/ratis-netty-0.4.0-2337318-SNAPSHOT.jar:/home/user/.m2/repository/org/apache/ratis/ratis-grpc/0.4.0-2337318-SNAPSHOT/ratis-grpc-0.4.0-2337318-SNAPSHOT.jar:/home/user/.m2/repository/org/rocksdb/rocksdbjni/6.0.1/rocksdbjni-6.0.1.jar:/home/user/.m2/repository/org/apache/logging/log4j/log4j-api/2.11.0/log4j-api-2.11.0.jar:/home/user/.m2/repository/org/apache/logging/log4j/log4j-core/2.11.0/log4j-core-2.11.0.jar:/home/user/.m2/repository/com/lmax/disruptor/3.4.2/disruptor-3.4.2.jar:/home/user/.m2/repository/org/apache/commons/commons-pool2/2.6.0/commons-pool2-2.6.0.jar:/home/user/.m2/repository/org/bouncycastle/bcpkix-jdk15on/1.60/bcpkix-jdk15on-1.60.jar:/home/user/.m2/repository/commons-validator/commons-validator/1.6/commons-validator-1.6.jar:/home/user/.m2/repository/commons-digester/commons-digester/1.8.1/commons-digester-1.8.1.jar:/home/user/.m2/repository/io/jaegertracing/jaeger-client/0.33.1/jaeger-client-0.33.1.jar:/home/user/.m2/repository/io/jaegertracing/jaeger-thrift/0.33.1/jaeger-thrift-0.33.1.jar:/home/user/.m2/repository/org/apache/thrift/libthrift/0.11.0/libthrift-0.11.0.jar:/home/user/.m2/repository/com/squareup/okhttp3/okhttp/3.9.0/okhttp-3.9.0.jar:/home/user/.m2/repository/com/squareup/okio/okio/1.13.0/okio-1.13.0.jar:/home/user/.m2/repository/io/jaegertracing/jaeger-core/0.33.1/jaeger-core-0.33.1.jar:/home/user/.m2/repository/io/jaegertracing/jaeger-tracerresolver/0.33.1/jaeger-tracerresolver-0.33.1.jar:/home/user/.m2/repository/io/opentracing/contrib/opentracing-tracerresolver/0.1.5/opentracing-tracerresolver-0.1.5.jar:/home/user/.m2/repository/io/opentracing/opentracing-util/0.31.0/opentracing-util-0.31.0.jar:/home/user/.m2/repository/io/opentracing/opentracing-api/0.31.0/opentracing-api-0.31.0.jar:/home/user/.m2/repository/io/opentracing/opentracing-noop/0.31.0/opentracing-noop-0.31.0.jar:/home/user/.m2/repository/org/apache/hadoop/hadoop-hdds-server-framework/0.4.1-SNAPSHOT/hadoop-hdds-server-framework-0.4.1-SNAPSHOT.jar:/home/user/.m2/repository/org/apache/hadoop/hadoop-hdds-container-service/0.4.1-SNAPSHOT/hadoop-hdds-container-service-0.4.1-SNAPSHOT.jar:/home/user/.m2/repository/org/apache/hadoop/hadoop-hdds-client/0.4.1-SNAPSHOT/hadoop-hdds-client-0.4.1-SNAPSHOT.jar:/home/user/.m2/repository/org/apache/hadoop/hadoop-hdds-tools/0.4.1-SNAPSHOT/hadoop-hdds-tools-0.4.1-SNAPSHOT.jar:/home/user/.m2/repository/org/apache/hadoop/hadoop-hdds-server-scm/0.4.1-SNAPSHOT/hadoop-hdds-server-scm-0.4.1-SNAPSHOT.jar:/home/user/.m2/repository/org/apache/hadoop/hadoop-hdds-docs/0.4.1-SNAPSHOT/hadoop-hdds-docs-0.4.1-SNAPSHOT.jar:/home/user/.m2/repository/io/dropwizard/metrics/metrics-core/3.2.4/metrics-core-3.2.4.jar:/home/user/.m2/repository/org/hamcrest/hamcrest-all/1.3/hamcrest-all-1.3.jar:/home/user/.m2/repository/org/bouncycastle/bcprov-jdk15on/1.60/bcprov-jdk15on-1.60.jar:/home/user/.m2/repository/info/picocli/picocli/3.9.6/picocli-3.9.6.jar:/home/user/.m2/repository/com/google/protobuf/protobuf-java/2.5.0/protobuf-java-2.5.0.jar:/home/user/.m2/repository/com/google/guava/guava/11.0.2/guava-11.0.2.jar:/home/user/.m2/repository/org/apache/hadoop/hadoop-ozone-ozone-manager/0.4.1-SNAPSHOT/hadoop-ozone-ozone-manager-0.4.1-SNAPSHOT.jar:/home/user/.m2/repository/org/apache/hadoop/hadoop-minikdc/3.2.0/hadoop-minikdc-3.2.0.jar:/home/user/.m2/repository/commons-io/commons-io/2.5/commons-io-2.5.jar:/home/user/.m2/repository/org/apache/kerby/kerb-simplekdc/1.0.1/kerb-simplekdc-1.0.1.jar:/home/user/.m2/repository/org/apache/kerby/kerb-client/1.0.1/kerb-client-1.0.1.jar:/home/user/.m2/repository/org/apache/kerby/kerby-config/1.0.1/kerby-config-1.0.1.jar:/home/user/.m2/repository/org/apache/kerby/kerb-core/1.0.1/kerb-core-1.0.1.jar:/home/user/.m2/repository/org/apache/kerby/kerby-pkix/1.0.1/kerby-pkix-1.0.1.jar:/home/user/.m2/repository/org/apache/kerby/kerby-asn1/1.0.1/kerby-asn1-1.0.1.jar:/home/user/.m2/repository/org/apache/kerby/kerby-util/1.0.1/kerby-util-1.0.1.jar:/home/user/.m2/repository/org/apache/kerby/kerb-common/1.0.1/kerb-common-1.0.1.jar:/home/user/.m2/repository/org/apache/kerby/kerb-crypto/1.0.1/kerb-crypto-1.0.1.jar:/home/user/.m2/repository/org/apache/kerby/kerb-util/1.0.1/kerb-util-1.0.1.jar:/home/user/.m2/repository/org/apache/kerby/token-provider/1.0.1/token-provider-1.0.1.jar:/home/user/.m2/repository/org/apache/kerby/kerb-admin/1.0.1/kerb-admin-1.0.1.jar:/home/user/.m2/repository/org/apache/kerby/kerb-server/1.0.1/kerb-server-1.0.1.jar:/home/user/.m2/repository/org/apache/kerby/kerb-identity/1.0.1/kerb-identity-1.0.1.jar:/home/user/.m2/repository/org/apache/kerby/kerby-xdr/1.0.1/kerby-xdr-1.0.1.jar:/home/user/.m2/repository/org/slf4j/slf4j-log4j12/1.7.25/slf4j-log4j12-1.7.25.jar:/home/user/.m2/repository/org/apache/hadoop/hadoop-ozone-objectstore-service/0.4.1-SNAPSHOT/hadoop-ozone-objectstore-service-0.4.1-SNAPSHOT.jar:/home/user/.m2/repository/org/apache/hadoop/hadoop-ozone-s3gateway/0.4.1-SNAPSHOT/hadoop-ozone-s3gateway-0.4.1-SNAPSHOT.jar:/home/user/.m2/repository/org/jboss/weld/servlet/weld-servlet/2.4.7.Final/weld-servlet-2.4.7.Final.jar:/home/user/.m2/repository/org/glassfish/jersey/containers/jersey-container-servlet-core/2.27/jersey-container-servlet-core-2.27.jar:/home/user/.m2/repository/org/glassfish/hk2/external/javax.inject/2.5.0-b42/javax.inject-2.5.0-b42.jar:/home/user/.m2/repository/org/glassfish/jersey/core/jersey-common/2.27/jersey-common-2.27.jar:/home/user/.m2/repository/org/glassfish/hk2/osgi-resource-locator/1.0.1/osgi-resource-locator-1.0.1.jar:/home/user/.m2/repository/javax/ws/rs/javax.ws.rs-api/2.1/javax.ws.rs-api-2.1.jar:/home/user/.m2/repository/org/glassfish/jersey/ext/cdi/jersey-cdi1x/2.27/jersey-cdi1x-2.27.jar:/home/user/.m2/repository/org/glassfish/jersey/inject/jersey-hk2/2.27/jersey-hk2-2.27.jar:/home/user/.m2/repository/org/glassfish/hk2/hk2-locator/2.5.0-b42/hk2-locator-2.5.0-b42.jar:/home/user/.m2/repository/org/javassist/javassist/3.22.0-CR2/javassist-3.22.0-CR2.jar:/home/user/.m2/repository/org/glassfish/hk2/hk2-api/2.5.0/hk2-api-2.5.0.jar:/home/user/.m2/repository/org/glassfish/hk2/external/jakarta.inject/2.5.0/jakarta.inject-2.5.0.jar:/home/user/.m2/repository/org/glassfish/hk2/hk2-utils/2.5.0/hk2-utils-2.5.0.jar:/home/user/.m2/repository/jakarta/annotation/jakarta.annotation-api/1.3.4/jakarta.annotation-api-1.3.4.jar:/home/user/.m2/repository/org/glassfish/hk2/external/aopalliance-repackaged/2.5.0/aopalliance-repackaged-2.5.0.jar:/home/user/.m2/repository/com/fasterxml/jackson/dataformat/jackson-dataformat-xml/2.9.0/jackson-dataformat-xml-2.9.0.jar:/home/user/.m2/repository/com/fasterxml/jackson/core/jackson-core/2.9.5/jackson-core-2.9.5.jar:/home/user/.m2/repository/com/fasterxml/jackson/module/jackson-module-jaxb-annotations/2.9.5/jackson-module-jaxb-annotations-2.9.5.jar:/home/user/.m2/repository/javax/enterprise/cdi-api/1.2/cdi-api-1.2.jar:/home/user/.m2/repository/javax/el/javax.el-api/3.0.0/javax.el-api-3.0.0.jar:/home/user/.m2/repository/javax/interceptor/javax.interceptor-api/1.2/javax.interceptor-api-1.2.jar:/home/user/.m2/repository/javax/inject/javax.inject/1/javax.inject-1.jar:/home/user/.m2/repository/com/sun/xml/bind/jaxb-impl/2.3.0.1/jaxb-impl-2.3.0.1.jar:/home/user/.m2/repository/com/sun/xml/bind/jaxb-core/2.3.0.1/jaxb-core-2.3.0.1.jar:/home/user/.m2/repository/javax/xml/bind/jaxb-api/2.3.0/jaxb-api-2.3.0.jar:/home/user/.m2/repository/javax/activation/activation/1.1.1/activation-1.1.1.jar:/home/user/.m2/repository/org/apache/hadoop/hadoop-ozone-csi/0.4.1-SNAPSHOT/hadoop-ozone-csi-0.4.1-SNAPSHOT.jar:/home/user/.m2/repository/com/google/protobuf/protobuf-java-util/3.5.1/protobuf-java-util-3.5.1.jar:/home/user/.m2/repository/org/apache/hadoop/hadoop-hdds-config/0.4.1-SNAPSHOT/hadoop-hdds-config-0.4.1-SNAPSHOT.jar:/home/user/.m2/repository/io/grpc/grpc-netty/1.17.1/grpc-netty-1.17.1.jar:/home/user/.m2/repository/io/grpc/grpc-core/1.17.1/grpc-core-1.17.1.jar:/home/user/.m2/repository/io/grpc/grpc-context/1.17.1/grpc-context-1.17.1.jar:/home/user/.m2/repository/com/google/errorprone/error_prone_annotations/2.2.0/error_prone_annotations-2.2.0.jar:/home/user/.m2/repository/org/codehaus/mojo/animal-sniffer-annotations/1.17/animal-sniffer-annotations-1.17.jar:/home/user/.m2/repository/io/opencensus/opencensus-api/0.17.0/opencensus-api-0.17.0.jar:/home/user/.m2/repository/io/opencensus/opencensus-contrib-grpc-metrics/0.17.0/opencensus-contrib-grpc-metrics-0.17.0.jar:/home/user/.m2/repository/io/netty/netty-codec-http2/4.1.30.Final/netty-codec-http2-4.1.30.Final.jar:/home/user/.m2/repository/io/netty/netty-codec-http/4.1.30.Final/netty-codec-http-4.1.30.Final.jar:/home/user/.m2/repository/io/netty/netty-codec/4.1.30.Final/netty-codec-4.1.30.Final.jar:/home/user/.m2/repository/io/netty/netty-handler/4.1.30.Final/netty-handler-4.1.30.Final.jar:/home/user/.m2/repository/io/netty/netty-handler-proxy/4.1.30.Final/netty-handler-proxy-4.1.30.Final.jar:/home/user/.m2/repository/io/netty/netty-codec-socks/4.1.30.Final/netty-codec-socks-4.1.30.Final.jar:/home/user/.m2/repository/io/netty/netty-transport-native-epoll/4.1.30.Final/netty-transport-native-epoll-4.1.30.Final.jar:/home/user/.m2/repository/io/netty/netty-common/4.1.30.Final/netty-common-4.1.30.Final.jar:/home/user/.m2/repository/io/netty/netty-buffer/4.1.30.Final/netty-buffer-4.1.30.Final.jar:/home/user/.m2/repository/io/netty/netty-transport/4.1.30.Final/netty-transport-4.1.30.Final.jar:/home/user/.m2/repository/io/netty/netty-resolver/4.1.30.Final/netty-resolver-4.1.30.Final.jar:/home/user/.m2/repository/io/netty/netty-transport-native-unix-common/4.1.30.Final/netty-transport-native-unix-common-4.1.30.Final.jar:/home/user/.m2/repository/io/grpc/grpc-protobuf/1.17.1/grpc-protobuf-1.17.1.jar:/home/user/.m2/repository/com/google/api/grpc/proto-google-common-protos/1.0.0/proto-google-common-protos-1.0.0.jar:/home/user/.m2/repository/io/grpc/grpc-protobuf-lite/1.17.1/grpc-protobuf-lite-1.17.1.jar:/home/user/.m2/repository/io/grpc/grpc-stub/1.17.1/grpc-stub-1.17.1.jar:/home/user/.m2/repository/org/apache/hadoop/hadoop-ozone-recon/0.4.1-SNAPSHOT/hadoop-ozone-recon-0.4.1-SNAPSHOT.jar:/home/user/.m2/repository/org/apache/hadoop/hadoop-ozone-reconcodegen/0.4.1-SNAPSHOT/hadoop-ozone-reconcodegen-0.4.1-SNAPSHOT.jar:/home/user/.m2/repository/com/google/inject/extensions/guice-multibindings/4.0/guice-multibindings-4.0.jar:/home/user/.m2/repository/com/google/inject/guice/4.0/guice-4.0.jar:/home/user/.m2/repository/aopalliance/aopalliance/1.0/aopalliance-1.0.jar:/home/user/.m2/repository/com/google/inject/extensions/guice-servlet/4.0/guice-servlet-4.0.jar:/home/user/.m2/repository/org/glassfish/jersey/containers/jersey-container-servlet/2.27/jersey-container-servlet-2.27.jar:/home/user/.m2/repository/org/glassfish/hk2/guice-bridge/2.5.0/guice-bridge-2.5.0.jar:/home/user/.m2/repository/org/glassfish/jersey/core/jersey-server/2.27/jersey-server-2.27.jar:/home/user/.m2/repository/org/glassfish/jersey/core/jersey-client/2.27/jersey-client-2.27.jar:/home/user/.m2/repository/org/glassfish/jersey/media/jersey-media-jaxb/2.27/jersey-media-jaxb-2.27.jar:/home/user/.m2/repository/javax/validation/validation-api/1.1.0.Final/validation-api-1.1.0.Final.jar:/home/user/.m2/repository/org/glassfish/jersey/media/jersey-media-json-jackson/2.27/jersey-media-json-jackson-2.27.jar:/home/user/.m2/repository/org/glassfish/jersey/ext/jersey-entity-filtering/2.27/jersey-entity-filtering-2.27.jar:/home/user/.m2/repository/com/google/inject/extensions/guice-assistedinject/4.0/guice-assistedinject-4.0.jar:/home/user/.m2/repository/org/jooq/jooq/3.11.10/jooq-3.11.10.jar:/home/user/.m2/repository/org/jooq/jooq-meta/3.11.10/jooq-meta-3.11.10.jar:/home/user/.m2/repository/org/jooq/jooq-codegen/3.11.10/jooq-codegen-3.11.10.jar:/home/user/.m2/repository/com/jolbox/bonecp/0.8.0.RELEASE/bonecp-0.8.0.RELEASE.jar:/home/user/.m2/repository/org/xerial/sqlite-jdbc/3.25.2/sqlite-jdbc-3.25.2.jar:/home/user/.m2/repository/org/springframework/spring-jdbc/5.1.3.RELEASE/spring-jdbc-5.1.3.RELEASE.jar:/home/user/.m2/repository/org/springframework/spring-beans/5.1.3.RELEASE/spring-beans-5.1.3.RELEASE.jar:/home/user/.m2/repository/org/springframework/spring-core/5.1.3.RELEASE/spring-core-5.1.3.RELEASE.jar:/home/user/.m2/repository/org/springframework/spring-jcl/5.1.3.RELEASE/spring-jcl-5.1.3.RELEASE.jar:/home/user/.m2/repository/org/springframework/spring-tx/5.1.3.RELEASE/spring-tx-5.1.3.RELEASE.jar:/home/user/.m2/repository/org/apache/hadoop/hadoop-ozone-client/0.4.1-SNAPSHOT/hadoop-ozone-client-0.4.1-SNAPSHOT.jar:/home/user/.m2/repository/commons-lang/commons-lang/2.6/commons-lang-2.6.jar:/home/user/.m2/repository/org/apache/hadoop/hadoop-ozone-ozone-manager/0.4.1-SNAPSHOT/hadoop-ozone-ozone-manager-0.4.1-SNAPSHOT-tests.jar:/home/user/.m2/repository/junit/junit/4.11/junit-4.11.jar:/home/user/.m2/repository/org/hamcrest/hamcrest-core/1.3/hamcrest-core-1.3.jar:/home/user/.m2/repository/org/openjdk/jmh/jmh-core/1.19/jmh-core-1.19.jar:/home/user/.m2/repository/net/sf/jopt-simple/jopt-simple/4.6/jopt-simple-4.6.jar:/home/user/.m2/repository/org/apache/commons/commons-math3/3.1.1/commons-math3-3.1.1.jar:/home/user/.m2/repository/org/openjdk/jmh/jmh-generator-annprocess/1.19/jmh-generator-annprocess-1.19.jar:/home/user/.m2/repository/org/mockito/mockito-all/1.8.5/mockito-all-1.8.5.jar:/home/user/.m2/repository/org/apache/hadoop/hadoop-kms/3.2.0/hadoop-kms-3.2.0.jar:/home/user/.m2/repository/org/apache/hadoop/hadoop-auth/3.2.0/hadoop-auth-3.2.0.jar:/home/user/.m2/repository/com/nimbusds/nimbus-jose-jwt/4.41.1/nimbus-jose-jwt-4.41.1.jar:/home/user/.m2/repository/com/github/stephenc/jcip/jcip-annotations/1.0-1/jcip-annotations-1.0-1.jar:/home/user/.m2/repository/net/minidev/json-smart/2.3/json-smart-2.3.jar:/home/user/.m2/repository/net/minidev/accessors-smart/1.2/accessors-smart-1.2.jar:/home/user/.m2/repository/org/ow2/asm/asm/5.0.4/asm-5.0.4.jar:/home/user/.m2/repository/org/apache/curator/curator-framework/2.12.0/curator-framework-2.12.0.jar:/home/user/.m2/repository/com/sun/jersey/jersey-core/1.19/jersey-core-1.19.jar:/home/user/.m2/repository/javax/ws/rs/jsr311-api/1.1.1/jsr311-api-1.1.1.jar:/home/user/.m2/repository/com/sun/jersey/jersey-server/1.19/jersey-server-1.19.jar:/home/user/.m2/repository/javax/servlet/javax.servlet-api/3.1.0/javax.servlet-api-3.1.0.jar:/home/user/.m2/repository/org/eclipse/jetty/jetty-server/9.3.24.v20180605/jetty-server-9.3.24.v20180605.jar:/home/user/.m2/repository/org/eclipse/jetty/jetty-http/9.3.24.v20180605/jetty-http-9.3.24.v20180605.jar:/home/user/.m2/repository/org/eclipse/jetty/jetty-io/9.3.24.v20180605/jetty-io-9.3.24.v20180605.jar:/home/user/.m2/repository/org/eclipse/jetty/jetty-webapp/9.3.24.v20180605/jetty-webapp-9.3.24.v20180605.jar:/home/user/.m2/repository/org/eclipse/jetty/jetty-xml/9.3.24.v20180605/jetty-xml-9.3.24.v20180605.jar:/home/user/.m2/repository/log4j/log4j/1.2.17/log4j-1.2.17.jar:/home/user/.m2/repository/org/slf4j/slf4j-api/1.7.25/slf4j-api-1.7.25.jar:/home/user/.m2/repository/org/slf4j/jul-to-slf4j/1.7.25/jul-to-slf4j-1.7.25.jar:/home/user/.m2/repository/org/eclipse/jetty/jetty-util/9.3.24.v20180605/jetty-util-9.3.24.v20180605.jar:/home/user/.m2/repository/com/fasterxml/jackson/core/jackson-databind/2.9.5/jackson-databind-2.9.5.jar:/home/user/.m2/repository/org/apache/hadoop/hadoop-kms/3.2.0/hadoop-kms-3.2.0-tests.jar:/home/user/.m2/repository/org/apache/hadoop/hadoop-hdds-server-scm/0.4.1-SNAPSHOT/hadoop-hdds-server-scm-0.4.1-SNAPSHOT-tests.jar:/home/user/.m2/repository/org/apache/hadoop/hadoop-hdds-container-service/0.4.1-SNAPSHOT/hadoop-hdds-container-service-0.4.1-SNAPSHOT-tests.jar:/home/user/.m2/repository/org/yaml/snakeyaml/1.16/snakeyaml-1.16.jar:/home/user/.m2/repository/org/apache/hadoop/hadoop-common/3.2.0/hadoop-common-3.2.0-tests.jar:/home/user/.m2/repository/org/apache/hadoop/hadoop-annotations/3.2.0/hadoop-annotations-3.2.0.jar:/usr/lib/jvm/java-1.8-openjdk/jre/../lib/tools.jar:/home/user/.m2/repository/commons-cli/commons-cli/1.2/commons-cli-1.2.jar:/home/user/.m2/repository/org/apache/httpcomponents/httpclient/4.5.2/httpclient-4.5.2.jar:/home/user/.m2/repository/org/apache/httpcomponents/httpcore/4.4.4/httpcore-4.4.4.jar:/home/user/.m2/repository/commons-codec/commons-codec/1.11/commons-codec-1.11.jar:/home/user/.m2/repository/commons-net/commons-net/3.6/commons-net-3.6.jar:/home/user/.m2/repository/commons-collections/commons-collections/3.2.2/commons-collections-3.2.2.jar:/home/user/.m2/repository/org/eclipse/jetty/jetty-servlet/9.3.24.v20180605/jetty-servlet-9.3.24.v20180605.jar:/home/user/.m2/repository/org/eclipse/jetty/jetty-security/9.3.24.v20180605/jetty-security-9.3.24.v20180605.jar:/home/user/.m2/repository/javax/servlet/jsp/jsp-api/2.1/jsp-api-2.1.jar:/home/user/.m2/repository/com/sun/jersey/jersey-servlet/1.19/jersey-servlet-1.19.jar:/home/user/.m2/repository/com/sun/jersey/jersey-json/1.19/jersey-json-1.19.jar:/home/user/.m2/repository/org/codehaus/jettison/jettison/1.1/jettison-1.1.jar:/home/user/.m2/repository/org/codehaus/jackson/jackson-core-asl/1.9.13/jackson-core-asl-1.9.13.jar:/home/user/.m2/repository/org/codehaus/jackson/jackson-mapper-asl/1.9.13/jackson-mapper-asl-1.9.13.jar:/home/user/.m2/repository/org/codehaus/jackson/jackson-jaxrs/1.9.13/jackson-jaxrs-1.9.13.jar:/home/user/.m2/repository/org/codehaus/jackson/jackson-xc/1.9.13/jackson-xc-1.9.13.jar:/home/user/.m2/repository/commons-logging/commons-logging/1.1.3/commons-logging-1.1.3.jar:/home/user/.m2/repository/commons-beanutils/commons-beanutils/1.9.3/commons-beanutils-1.9.3.jar:/home/user/.m2/repository/org/apache/commons/commons-configuration2/2.1.1/commons-configuration2-2.1.1.jar:/home/user/.m2/repository/org/apache/commons/commons-lang3/3.7/commons-lang3-3.7.jar:/home/user/.m2/repository/org/apache/commons/commons-text/1.4/commons-text-1.4.jar:/home/user/.m2/repository/org/apache/avro/avro/1.7.7/avro-1.7.7.jar:/home/user/.m2/repository/com/thoughtworks/paranamer/paranamer/2.3/paranamer-2.3.jar:/home/user/.m2/repository/org/xerial/snappy/snappy-java/1.0.5/snappy-java-1.0.5.jar:/home/user/.m2/repository/com/google/re2j/re2j/1.1/re2j-1.1.jar:/home/user/.m2/repository/com/google/code/gson/gson/2.2.4/gson-2.2.4.jar:/home/user/.m2/repository/com/jcraft/jsch/0.1.54/jsch-0.1.54.jar:/home/user/.m2/repository/org/apache/curator/curator-client/2.12.0/curator-client-2.12.0.jar:/home/user/.m2/repository/org/apache/curator/curator-recipes/2.12.0/curator-recipes-2.12.0.jar:/home/user/.m2/repository/com/google/code/findbugs/jsr305/3.0.0/jsr305-3.0.0.jar:/home/user/.m2/repository/org/apache/htrace/htrace-core4/4.1.0-incubating/htrace-core4-4.1.0-incubating.jar:/home/user/.m2/repository/org/apache/zookeeper/zookeeper/3.4.13/zookeeper-3.4.13.jar:/home/user/.m2/repository/org/apache/yetus/audience-annotations/0.5.0/audience-annotations-0.5.0.jar:/home/user/.m2/repository/org/codehaus/woodstox/stax2-api/3.1.4/stax2-api-3.1.4.jar:/home/user/.m2/repository/com/fasterxml/woodstox/woodstox-core/5.0.3/woodstox-core-5.0.3.jar:/home/user/.m2/repository/dnsjava/dnsjava/2.1.7/dnsjava-2.1.7.jar:/home/user/.m2/repository/org/apache/hadoop/hadoop-hdfs/3.2.0/hadoop-hdfs-3.2.0-tests.jar:/home/user/.m2/repository/org/eclipse/jetty/jetty-util-ajax/9.3.24.v20180605/jetty-util-ajax-9.3.24.v20180605.jar:/home/user/.m2/repository/commons-daemon/commons-daemon/1.0.13/commons-daemon-1.0.13.jar:/home/user/.m2/repository/io/netty/netty/3.10.5.Final/netty-3.10.5.Final.jar:/home/user/.m2/repository/io/netty/netty-all/4.0.52.Final/netty-all-4.0.52.Final.jar:/home/user/.m2/repository/org/fusesource/leveldbjni/leveldbjni-all/1.8/leveldbjni-all-1.8.jar:"/>
    <property name="java.vm.vendor" value="IcedTea"/>
    <property name="sun.arch.data.model" value="64"/>
    <property name="test.build.dir" value="/workdir/hadoop-ozone/integration-test/target/test-dir"/>
    <property name="test.cache.data" value=""/>
    <property name="java.vendor.url" value="https://icedtea.classpath.org"/>
    <property name="user.timezone" value=""/>
    <property name="java.vm.specification.version" value="1.8"/>
    <property name="os.name" value="Linux"/>
    <property name="test.build.data" value="/workdir/hadoop-ozone/integration-test/target/test-dir"/>
    <property name="user.country" value="US"/>
    <property name="sun.java.launcher" value="SUN_STANDARD"/>
    <property name="sun.boot.library.path" value="/usr/lib/jvm/java-1.8-openjdk/jre/lib/amd64"/>
    <property name="sun.java.command" value="/workdir/hadoop-ozone/integration-test/target/surefire/surefirebooter3273038095835478658.jar /workdir/hadoop-ozone/integration-test/target/surefire 2019-08-04T03-12-50_372-jvmRun1 surefire1505092445716487098tmp surefire_455486913725548970784tmp"/>
    <property name="surefire.test.class.path" value="/workdir/hadoop-ozone/integration-test/target/test-classes:/workdir/hadoop-ozone/integration-test/target/classes:/home/user/.m2/repository/org/apache/hadoop/hadoop-ozone-common/0.4.1-SNAPSHOT/hadoop-ozone-common-0.4.1-SNAPSHOT.jar:/home/user/.m2/repository/org/apache/commons/commons-compress/1.4.1/commons-compress-1.4.1.jar:/home/user/.m2/repository/org/tukaani/xz/1.0/xz-1.0.jar:/home/user/.m2/repository/org/apache/hadoop/hadoop-common/3.2.0/hadoop-common-3.2.0.jar:/home/user/.m2/repository/org/apache/hadoop/hadoop-hdfs/3.2.0/hadoop-hdfs-3.2.0.jar:/home/user/.m2/repository/org/apache/hadoop/hadoop-hdfs-client/3.2.0/hadoop-hdfs-client-3.2.0.jar:/home/user/.m2/repository/com/fasterxml/jackson/core/jackson-annotations/2.9.5/jackson-annotations-2.9.5.jar:/home/user/.m2/repository/org/apache/hadoop/hadoop-hdds-common/0.4.1-SNAPSHOT/hadoop-hdds-common-0.4.1-SNAPSHOT.jar:/home/user/.m2/repository/javax/annotation/javax.annotation-api/1.2/javax.annotation-api-1.2.jar:/home/user/.m2/repository/org/apache/ratis/ratis-server/0.4.0-2337318-SNAPSHOT/ratis-server-0.4.0-2337318-SNAPSHOT.jar:/home/user/.m2/repository/org/apache/ratis/ratis-thirdparty-misc/0.2.0/ratis-thirdparty-misc-0.2.0.jar:/home/user/.m2/repository/org/apache/ratis/ratis-proto/0.4.0-2337318-SNAPSHOT/ratis-proto-0.4.0-2337318-SNAPSHOT.jar:/home/user/.m2/repository/org/apache/ratis/ratis-common/0.4.0-2337318-SNAPSHOT/ratis-common-0.4.0-2337318-SNAPSHOT.jar:/home/user/.m2/repository/org/apache/ratis/ratis-client/0.4.0-2337318-SNAPSHOT/ratis-client-0.4.0-2337318-SNAPSHOT.jar:/home/user/.m2/repository/org/apache/ratis/ratis-metrics/0.4.0-2337318-SNAPSHOT/ratis-metrics-0.4.0-2337318-SNAPSHOT.jar:/home/user/.m2/repository/org/apache/ratis/ratis-netty/0.4.0-2337318-SNAPSHOT/ratis-netty-0.4.0-2337318-SNAPSHOT.jar:/home/user/.m2/repository/org/apache/ratis/ratis-grpc/0.4.0-2337318-SNAPSHOT/ratis-grpc-0.4.0-2337318-SNAPSHOT.jar:/home/user/.m2/repository/org/rocksdb/rocksdbjni/6.0.1/rocksdbjni-6.0.1.jar:/home/user/.m2/repository/org/apache/logging/log4j/log4j-api/2.11.0/log4j-api-2.11.0.jar:/home/user/.m2/repository/org/apache/logging/log4j/log4j-core/2.11.0/log4j-core-2.11.0.jar:/home/user/.m2/repository/com/lmax/disruptor/3.4.2/disruptor-3.4.2.jar:/home/user/.m2/repository/org/apache/commons/commons-pool2/2.6.0/commons-pool2-2.6.0.jar:/home/user/.m2/repository/org/bouncycastle/bcpkix-jdk15on/1.60/bcpkix-jdk15on-1.60.jar:/home/user/.m2/repository/commons-validator/commons-validator/1.6/commons-validator-1.6.jar:/home/user/.m2/repository/commons-digester/commons-digester/1.8.1/commons-digester-1.8.1.jar:/home/user/.m2/repository/io/jaegertracing/jaeger-client/0.33.1/jaeger-client-0.33.1.jar:/home/user/.m2/repository/io/jaegertracing/jaeger-thrift/0.33.1/jaeger-thrift-0.33.1.jar:/home/user/.m2/repository/org/apache/thrift/libthrift/0.11.0/libthrift-0.11.0.jar:/home/user/.m2/repository/com/squareup/okhttp3/okhttp/3.9.0/okhttp-3.9.0.jar:/home/user/.m2/repository/com/squareup/okio/okio/1.13.0/okio-1.13.0.jar:/home/user/.m2/repository/io/jaegertracing/jaeger-core/0.33.1/jaeger-core-0.33.1.jar:/home/user/.m2/repository/io/jaegertracing/jaeger-tracerresolver/0.33.1/jaeger-tracerresolver-0.33.1.jar:/home/user/.m2/repository/io/opentracing/contrib/opentracing-tracerresolver/0.1.5/opentracing-tracerresolver-0.1.5.jar:/home/user/.m2/repository/io/opentracing/opentracing-util/0.31.0/opentracing-util-0.31.0.jar:/home/user/.m2/repository/io/opentracing/opentracing-api/0.31.0/opentracing-api-0.31.0.jar:/home/user/.m2/repository/io/opentracing/opentracing-noop/0.31.0/opentracing-noop-0.31.0.jar:/home/user/.m2/repository/org/apache/hadoop/hadoop-hdds-server-framework/0.4.1-SNAPSHOT/hadoop-hdds-server-framework-0.4.1-SNAPSHOT.jar:/home/user/.m2/repository/org/apache/hadoop/hadoop-hdds-container-service/0.4.1-SNAPSHOT/hadoop-hdds-container-service-0.4.1-SNAPSHOT.jar:/home/user/.m2/repository/org/apache/hadoop/hadoop-hdds-client/0.4.1-SNAPSHOT/hadoop-hdds-client-0.4.1-SNAPSHOT.jar:/home/user/.m2/repository/org/apache/hadoop/hadoop-hdds-tools/0.4.1-SNAPSHOT/hadoop-hdds-tools-0.4.1-SNAPSHOT.jar:/home/user/.m2/repository/org/apache/hadoop/hadoop-hdds-server-scm/0.4.1-SNAPSHOT/hadoop-hdds-server-scm-0.4.1-SNAPSHOT.jar:/home/user/.m2/repository/org/apache/hadoop/hadoop-hdds-docs/0.4.1-SNAPSHOT/hadoop-hdds-docs-0.4.1-SNAPSHOT.jar:/home/user/.m2/repository/io/dropwizard/metrics/metrics-core/3.2.4/metrics-core-3.2.4.jar:/home/user/.m2/repository/org/hamcrest/hamcrest-all/1.3/hamcrest-all-1.3.jar:/home/user/.m2/repository/org/bouncycastle/bcprov-jdk15on/1.60/bcprov-jdk15on-1.60.jar:/home/user/.m2/repository/info/picocli/picocli/3.9.6/picocli-3.9.6.jar:/home/user/.m2/repository/com/google/protobuf/protobuf-java/2.5.0/protobuf-java-2.5.0.jar:/home/user/.m2/repository/com/google/guava/guava/11.0.2/guava-11.0.2.jar:/home/user/.m2/repository/org/apache/hadoop/hadoop-ozone-ozone-manager/0.4.1-SNAPSHOT/hadoop-ozone-ozone-manager-0.4.1-SNAPSHOT.jar:/home/user/.m2/repository/org/apache/hadoop/hadoop-minikdc/3.2.0/hadoop-minikdc-3.2.0.jar:/home/user/.m2/repository/commons-io/commons-io/2.5/commons-io-2.5.jar:/home/user/.m2/repository/org/apache/kerby/kerb-simplekdc/1.0.1/kerb-simplekdc-1.0.1.jar:/home/user/.m2/repository/org/apache/kerby/kerb-client/1.0.1/kerb-client-1.0.1.jar:/home/user/.m2/repository/org/apache/kerby/kerby-config/1.0.1/kerby-config-1.0.1.jar:/home/user/.m2/repository/org/apache/kerby/kerb-core/1.0.1/kerb-core-1.0.1.jar:/home/user/.m2/repository/org/apache/kerby/kerby-pkix/1.0.1/kerby-pkix-1.0.1.jar:/home/user/.m2/repository/org/apache/kerby/kerby-asn1/1.0.1/kerby-asn1-1.0.1.jar:/home/user/.m2/repository/org/apache/kerby/kerby-util/1.0.1/kerby-util-1.0.1.jar:/home/user/.m2/repository/org/apache/kerby/kerb-common/1.0.1/kerb-common-1.0.1.jar:/home/user/.m2/repository/org/apache/kerby/kerb-crypto/1.0.1/kerb-crypto-1.0.1.jar:/home/user/.m2/repository/org/apache/kerby/kerb-util/1.0.1/kerb-util-1.0.1.jar:/home/user/.m2/repository/org/apache/kerby/token-provider/1.0.1/token-provider-1.0.1.jar:/home/user/.m2/repository/org/apache/kerby/kerb-admin/1.0.1/kerb-admin-1.0.1.jar:/home/user/.m2/repository/org/apache/kerby/kerb-server/1.0.1/kerb-server-1.0.1.jar:/home/user/.m2/repository/org/apache/kerby/kerb-identity/1.0.1/kerb-identity-1.0.1.jar:/home/user/.m2/repository/org/apache/kerby/kerby-xdr/1.0.1/kerby-xdr-1.0.1.jar:/home/user/.m2/repository/org/slf4j/slf4j-log4j12/1.7.25/slf4j-log4j12-1.7.25.jar:/home/user/.m2/repository/org/apache/hadoop/hadoop-ozone-objectstore-service/0.4.1-SNAPSHOT/hadoop-ozone-objectstore-service-0.4.1-SNAPSHOT.jar:/home/user/.m2/repository/org/apache/hadoop/hadoop-ozone-s3gateway/0.4.1-SNAPSHOT/hadoop-ozone-s3gateway-0.4.1-SNAPSHOT.jar:/home/user/.m2/repository/org/jboss/weld/servlet/weld-servlet/2.4.7.Final/weld-servlet-2.4.7.Final.jar:/home/user/.m2/repository/org/glassfish/jersey/containers/jersey-container-servlet-core/2.27/jersey-container-servlet-core-2.27.jar:/home/user/.m2/repository/org/glassfish/hk2/external/javax.inject/2.5.0-b42/javax.inject-2.5.0-b42.jar:/home/user/.m2/repository/org/glassfish/jersey/core/jersey-common/2.27/jersey-common-2.27.jar:/home/user/.m2/repository/org/glassfish/hk2/osgi-resource-locator/1.0.1/osgi-resource-locator-1.0.1.jar:/home/user/.m2/repository/javax/ws/rs/javax.ws.rs-api/2.1/javax.ws.rs-api-2.1.jar:/home/user/.m2/repository/org/glassfish/jersey/ext/cdi/jersey-cdi1x/2.27/jersey-cdi1x-2.27.jar:/home/user/.m2/repository/org/glassfish/jersey/inject/jersey-hk2/2.27/jersey-hk2-2.27.jar:/home/user/.m2/repository/org/glassfish/hk2/hk2-locator/2.5.0-b42/hk2-locator-2.5.0-b42.jar:/home/user/.m2/repository/org/javassist/javassist/3.22.0-CR2/javassist-3.22.0-CR2.jar:/home/user/.m2/repository/org/glassfish/hk2/hk2-api/2.5.0/hk2-api-2.5.0.jar:/home/user/.m2/repository/org/glassfish/hk2/external/jakarta.inject/2.5.0/jakarta.inject-2.5.0.jar:/home/user/.m2/repository/org/glassfish/hk2/hk2-utils/2.5.0/hk2-utils-2.5.0.jar:/home/user/.m2/repository/jakarta/annotation/jakarta.annotation-api/1.3.4/jakarta.annotation-api-1.3.4.jar:/home/user/.m2/repository/org/glassfish/hk2/external/aopalliance-repackaged/2.5.0/aopalliance-repackaged-2.5.0.jar:/home/user/.m2/repository/com/fasterxml/jackson/dataformat/jackson-dataformat-xml/2.9.0/jackson-dataformat-xml-2.9.0.jar:/home/user/.m2/repository/com/fasterxml/jackson/core/jackson-core/2.9.5/jackson-core-2.9.5.jar:/home/user/.m2/repository/com/fasterxml/jackson/module/jackson-module-jaxb-annotations/2.9.5/jackson-module-jaxb-annotations-2.9.5.jar:/home/user/.m2/repository/javax/enterprise/cdi-api/1.2/cdi-api-1.2.jar:/home/user/.m2/repository/javax/el/javax.el-api/3.0.0/javax.el-api-3.0.0.jar:/home/user/.m2/repository/javax/interceptor/javax.interceptor-api/1.2/javax.interceptor-api-1.2.jar:/home/user/.m2/repository/javax/inject/javax.inject/1/javax.inject-1.jar:/home/user/.m2/repository/com/sun/xml/bind/jaxb-impl/2.3.0.1/jaxb-impl-2.3.0.1.jar:/home/user/.m2/repository/com/sun/xml/bind/jaxb-core/2.3.0.1/jaxb-core-2.3.0.1.jar:/home/user/.m2/repository/javax/xml/bind/jaxb-api/2.3.0/jaxb-api-2.3.0.jar:/home/user/.m2/repository/javax/activation/activation/1.1.1/activation-1.1.1.jar:/home/user/.m2/repository/org/apache/hadoop/hadoop-ozone-csi/0.4.1-SNAPSHOT/hadoop-ozone-csi-0.4.1-SNAPSHOT.jar:/home/user/.m2/repository/com/google/protobuf/protobuf-java-util/3.5.1/protobuf-java-util-3.5.1.jar:/home/user/.m2/repository/org/apache/hadoop/hadoop-hdds-config/0.4.1-SNAPSHOT/hadoop-hdds-config-0.4.1-SNAPSHOT.jar:/home/user/.m2/repository/io/grpc/grpc-netty/1.17.1/grpc-netty-1.17.1.jar:/home/user/.m2/repository/io/grpc/grpc-core/1.17.1/grpc-core-1.17.1.jar:/home/user/.m2/repository/io/grpc/grpc-context/1.17.1/grpc-context-1.17.1.jar:/home/user/.m2/repository/com/google/errorprone/error_prone_annotations/2.2.0/error_prone_annotations-2.2.0.jar:/home/user/.m2/repository/org/codehaus/mojo/animal-sniffer-annotations/1.17/animal-sniffer-annotations-1.17.jar:/home/user/.m2/repository/io/opencensus/opencensus-api/0.17.0/opencensus-api-0.17.0.jar:/home/user/.m2/repository/io/opencensus/opencensus-contrib-grpc-metrics/0.17.0/opencensus-contrib-grpc-metrics-0.17.0.jar:/home/user/.m2/repository/io/netty/netty-codec-http2/4.1.30.Final/netty-codec-http2-4.1.30.Final.jar:/home/user/.m2/repository/io/netty/netty-codec-http/4.1.30.Final/netty-codec-http-4.1.30.Final.jar:/home/user/.m2/repository/io/netty/netty-codec/4.1.30.Final/netty-codec-4.1.30.Final.jar:/home/user/.m2/repository/io/netty/netty-handler/4.1.30.Final/netty-handler-4.1.30.Final.jar:/home/user/.m2/repository/io/netty/netty-handler-proxy/4.1.30.Final/netty-handler-proxy-4.1.30.Final.jar:/home/user/.m2/repository/io/netty/netty-codec-socks/4.1.30.Final/netty-codec-socks-4.1.30.Final.jar:/home/user/.m2/repository/io/netty/netty-transport-native-epoll/4.1.30.Final/netty-transport-native-epoll-4.1.30.Final.jar:/home/user/.m2/repository/io/netty/netty-common/4.1.30.Final/netty-common-4.1.30.Final.jar:/home/user/.m2/repository/io/netty/netty-buffer/4.1.30.Final/netty-buffer-4.1.30.Final.jar:/home/user/.m2/repository/io/netty/netty-transport/4.1.30.Final/netty-transport-4.1.30.Final.jar:/home/user/.m2/repository/io/netty/netty-resolver/4.1.30.Final/netty-resolver-4.1.30.Final.jar:/home/user/.m2/repository/io/netty/netty-transport-native-unix-common/4.1.30.Final/netty-transport-native-unix-common-4.1.30.Final.jar:/home/user/.m2/repository/io/grpc/grpc-protobuf/1.17.1/grpc-protobuf-1.17.1.jar:/home/user/.m2/repository/com/google/api/grpc/proto-google-common-protos/1.0.0/proto-google-common-protos-1.0.0.jar:/home/user/.m2/repository/io/grpc/grpc-protobuf-lite/1.17.1/grpc-protobuf-lite-1.17.1.jar:/home/user/.m2/repository/io/grpc/grpc-stub/1.17.1/grpc-stub-1.17.1.jar:/home/user/.m2/repository/org/apache/hadoop/hadoop-ozone-recon/0.4.1-SNAPSHOT/hadoop-ozone-recon-0.4.1-SNAPSHOT.jar:/home/user/.m2/repository/org/apache/hadoop/hadoop-ozone-reconcodegen/0.4.1-SNAPSHOT/hadoop-ozone-reconcodegen-0.4.1-SNAPSHOT.jar:/home/user/.m2/repository/com/google/inject/extensions/guice-multibindings/4.0/guice-multibindings-4.0.jar:/home/user/.m2/repository/com/google/inject/guice/4.0/guice-4.0.jar:/home/user/.m2/repository/aopalliance/aopalliance/1.0/aopalliance-1.0.jar:/home/user/.m2/repository/com/google/inject/extensions/guice-servlet/4.0/guice-servlet-4.0.jar:/home/user/.m2/repository/org/glassfish/jersey/containers/jersey-container-servlet/2.27/jersey-container-servlet-2.27.jar:/home/user/.m2/repository/org/glassfish/hk2/guice-bridge/2.5.0/guice-bridge-2.5.0.jar:/home/user/.m2/repository/org/glassfish/jersey/core/jersey-server/2.27/jersey-server-2.27.jar:/home/user/.m2/repository/org/glassfish/jersey/core/jersey-client/2.27/jersey-client-2.27.jar:/home/user/.m2/repository/org/glassfish/jersey/media/jersey-media-jaxb/2.27/jersey-media-jaxb-2.27.jar:/home/user/.m2/repository/javax/validation/validation-api/1.1.0.Final/validation-api-1.1.0.Final.jar:/home/user/.m2/repository/org/glassfish/jersey/media/jersey-media-json-jackson/2.27/jersey-media-json-jackson-2.27.jar:/home/user/.m2/repository/org/glassfish/jersey/ext/jersey-entity-filtering/2.27/jersey-entity-filtering-2.27.jar:/home/user/.m2/repository/com/google/inject/extensions/guice-assistedinject/4.0/guice-assistedinject-4.0.jar:/home/user/.m2/repository/org/jooq/jooq/3.11.10/jooq-3.11.10.jar:/home/user/.m2/repository/org/jooq/jooq-meta/3.11.10/jooq-meta-3.11.10.jar:/home/user/.m2/repository/org/jooq/jooq-codegen/3.11.10/jooq-codegen-3.11.10.jar:/home/user/.m2/repository/com/jolbox/bonecp/0.8.0.RELEASE/bonecp-0.8.0.RELEASE.jar:/home/user/.m2/repository/org/xerial/sqlite-jdbc/3.25.2/sqlite-jdbc-3.25.2.jar:/home/user/.m2/repository/org/springframework/spring-jdbc/5.1.3.RELEASE/spring-jdbc-5.1.3.RELEASE.jar:/home/user/.m2/repository/org/springframework/spring-beans/5.1.3.RELEASE/spring-beans-5.1.3.RELEASE.jar:/home/user/.m2/repository/org/springframework/spring-core/5.1.3.RELEASE/spring-core-5.1.3.RELEASE.jar:/home/user/.m2/repository/org/springframework/spring-jcl/5.1.3.RELEASE/spring-jcl-5.1.3.RELEASE.jar:/home/user/.m2/repository/org/springframework/spring-tx/5.1.3.RELEASE/spring-tx-5.1.3.RELEASE.jar:/home/user/.m2/repository/org/apache/hadoop/hadoop-ozone-client/0.4.1-SNAPSHOT/hadoop-ozone-client-0.4.1-SNAPSHOT.jar:/home/user/.m2/repository/commons-lang/commons-lang/2.6/commons-lang-2.6.jar:/home/user/.m2/repository/org/apache/hadoop/hadoop-ozone-ozone-manager/0.4.1-SNAPSHOT/hadoop-ozone-ozone-manager-0.4.1-SNAPSHOT-tests.jar:/home/user/.m2/repository/junit/junit/4.11/junit-4.11.jar:/home/user/.m2/repository/org/hamcrest/hamcrest-core/1.3/hamcrest-core-1.3.jar:/home/user/.m2/repository/org/openjdk/jmh/jmh-core/1.19/jmh-core-1.19.jar:/home/user/.m2/repository/net/sf/jopt-simple/jopt-simple/4.6/jopt-simple-4.6.jar:/home/user/.m2/repository/org/apache/commons/commons-math3/3.1.1/commons-math3-3.1.1.jar:/home/user/.m2/repository/org/openjdk/jmh/jmh-generator-annprocess/1.19/jmh-generator-annprocess-1.19.jar:/home/user/.m2/repository/org/mockito/mockito-all/1.8.5/mockito-all-1.8.5.jar:/home/user/.m2/repository/org/apache/hadoop/hadoop-kms/3.2.0/hadoop-kms-3.2.0.jar:/home/user/.m2/repository/org/apache/hadoop/hadoop-auth/3.2.0/hadoop-auth-3.2.0.jar:/home/user/.m2/repository/com/nimbusds/nimbus-jose-jwt/4.41.1/nimbus-jose-jwt-4.41.1.jar:/home/user/.m2/repository/com/github/stephenc/jcip/jcip-annotations/1.0-1/jcip-annotations-1.0-1.jar:/home/user/.m2/repository/net/minidev/json-smart/2.3/json-smart-2.3.jar:/home/user/.m2/repository/net/minidev/accessors-smart/1.2/accessors-smart-1.2.jar:/home/user/.m2/repository/org/ow2/asm/asm/5.0.4/asm-5.0.4.jar:/home/user/.m2/repository/org/apache/curator/curator-framework/2.12.0/curator-framework-2.12.0.jar:/home/user/.m2/repository/com/sun/jersey/jersey-core/1.19/jersey-core-1.19.jar:/home/user/.m2/repository/javax/ws/rs/jsr311-api/1.1.1/jsr311-api-1.1.1.jar:/home/user/.m2/repository/com/sun/jersey/jersey-server/1.19/jersey-server-1.19.jar:/home/user/.m2/repository/javax/servlet/javax.servlet-api/3.1.0/javax.servlet-api-3.1.0.jar:/home/user/.m2/repository/org/eclipse/jetty/jetty-server/9.3.24.v20180605/jetty-server-9.3.24.v20180605.jar:/home/user/.m2/repository/org/eclipse/jetty/jetty-http/9.3.24.v20180605/jetty-http-9.3.24.v20180605.jar:/home/user/.m2/repository/org/eclipse/jetty/jetty-io/9.3.24.v20180605/jetty-io-9.3.24.v20180605.jar:/home/user/.m2/repository/org/eclipse/jetty/jetty-webapp/9.3.24.v20180605/jetty-webapp-9.3.24.v20180605.jar:/home/user/.m2/repository/org/eclipse/jetty/jetty-xml/9.3.24.v20180605/jetty-xml-9.3.24.v20180605.jar:/home/user/.m2/repository/log4j/log4j/1.2.17/log4j-1.2.17.jar:/home/user/.m2/repository/org/slf4j/slf4j-api/1.7.25/slf4j-api-1.7.25.jar:/home/user/.m2/repository/org/slf4j/jul-to-slf4j/1.7.25/jul-to-slf4j-1.7.25.jar:/home/user/.m2/repository/org/eclipse/jetty/jetty-util/9.3.24.v20180605/jetty-util-9.3.24.v20180605.jar:/home/user/.m2/repository/com/fasterxml/jackson/core/jackson-databind/2.9.5/jackson-databind-2.9.5.jar:/home/user/.m2/repository/org/apache/hadoop/hadoop-kms/3.2.0/hadoop-kms-3.2.0-tests.jar:/home/user/.m2/repository/org/apache/hadoop/hadoop-hdds-server-scm/0.4.1-SNAPSHOT/hadoop-hdds-server-scm-0.4.1-SNAPSHOT-tests.jar:/home/user/.m2/repository/org/apache/hadoop/hadoop-hdds-container-service/0.4.1-SNAPSHOT/hadoop-hdds-container-service-0.4.1-SNAPSHOT-tests.jar:/home/user/.m2/repository/org/yaml/snakeyaml/1.16/snakeyaml-1.16.jar:/home/user/.m2/repository/org/apache/hadoop/hadoop-common/3.2.0/hadoop-common-3.2.0-tests.jar:/home/user/.m2/repository/org/apache/hadoop/hadoop-annotations/3.2.0/hadoop-annotations-3.2.0.jar:/usr/lib/jvm/java-1.8-openjdk/jre/../lib/tools.jar:/home/user/.m2/repository/commons-cli/commons-cli/1.2/commons-cli-1.2.jar:/home/user/.m2/repository/org/apache/httpcomponents/httpclient/4.5.2/httpclient-4.5.2.jar:/home/user/.m2/repository/org/apache/httpcomponents/httpcore/4.4.4/httpcore-4.4.4.jar:/home/user/.m2/repository/commons-codec/commons-codec/1.11/commons-codec-1.11.jar:/home/user/.m2/repository/commons-net/commons-net/3.6/commons-net-3.6.jar:/home/user/.m2/repository/commons-collections/commons-collections/3.2.2/commons-collections-3.2.2.jar:/home/user/.m2/repository/org/eclipse/jetty/jetty-servlet/9.3.24.v20180605/jetty-servlet-9.3.24.v20180605.jar:/home/user/.m2/repository/org/eclipse/jetty/jetty-security/9.3.24.v20180605/jetty-security-9.3.24.v20180605.jar:/home/user/.m2/repository/javax/servlet/jsp/jsp-api/2.1/jsp-api-2.1.jar:/home/user/.m2/repository/com/sun/jersey/jersey-servlet/1.19/jersey-servlet-1.19.jar:/home/user/.m2/repository/com/sun/jersey/jersey-json/1.19/jersey-json-1.19.jar:/home/user/.m2/repository/org/codehaus/jettison/jettison/1.1/jettison-1.1.jar:/home/user/.m2/repository/org/codehaus/jackson/jackson-core-asl/1.9.13/jackson-core-asl-1.9.13.jar:/home/user/.m2/repository/org/codehaus/jackson/jackson-mapper-asl/1.9.13/jackson-mapper-asl-1.9.13.jar:/home/user/.m2/repository/org/codehaus/jackson/jackson-jaxrs/1.9.13/jackson-jaxrs-1.9.13.jar:/home/user/.m2/repository/org/codehaus/jackson/jackson-xc/1.9.13/jackson-xc-1.9.13.jar:/home/user/.m2/repository/commons-logging/commons-logging/1.1.3/commons-logging-1.1.3.jar:/home/user/.m2/repository/commons-beanutils/commons-beanutils/1.9.3/commons-beanutils-1.9.3.jar:/home/user/.m2/repository/org/apache/commons/commons-configuration2/2.1.1/commons-configuration2-2.1.1.jar:/home/user/.m2/repository/org/apache/commons/commons-lang3/3.7/commons-lang3-3.7.jar:/home/user/.m2/repository/org/apache/commons/commons-text/1.4/commons-text-1.4.jar:/home/user/.m2/repository/org/apache/avro/avro/1.7.7/avro-1.7.7.jar:/home/user/.m2/repository/com/thoughtworks/paranamer/paranamer/2.3/paranamer-2.3.jar:/home/user/.m2/repository/org/xerial/snappy/snappy-java/1.0.5/snappy-java-1.0.5.jar:/home/user/.m2/repository/com/google/re2j/re2j/1.1/re2j-1.1.jar:/home/user/.m2/repository/com/google/code/gson/gson/2.2.4/gson-2.2.4.jar:/home/user/.m2/repository/com/jcraft/jsch/0.1.54/jsch-0.1.54.jar:/home/user/.m2/repository/org/apache/curator/curator-client/2.12.0/curator-client-2.12.0.jar:/home/user/.m2/repository/org/apache/curator/curator-recipes/2.12.0/curator-recipes-2.12.0.jar:/home/user/.m2/repository/com/google/code/findbugs/jsr305/3.0.0/jsr305-3.0.0.jar:/home/user/.m2/repository/org/apache/htrace/htrace-core4/4.1.0-incubating/htrace-core4-4.1.0-incubating.jar:/home/user/.m2/repository/org/apache/zookeeper/zookeeper/3.4.13/zookeeper-3.4.13.jar:/home/user/.m2/repository/org/apache/yetus/audience-annotations/0.5.0/audience-annotations-0.5.0.jar:/home/user/.m2/repository/org/codehaus/woodstox/stax2-api/3.1.4/stax2-api-3.1.4.jar:/home/user/.m2/repository/com/fasterxml/woodstox/woodstox-core/5.0.3/woodstox-core-5.0.3.jar:/home/user/.m2/repository/dnsjava/dnsjava/2.1.7/dnsjava-2.1.7.jar:/home/user/.m2/repository/org/apache/hadoop/hadoop-hdfs/3.2.0/hadoop-hdfs-3.2.0-tests.jar:/home/user/.m2/repository/org/eclipse/jetty/jetty-util-ajax/9.3.24.v20180605/jetty-util-ajax-9.3.24.v20180605.jar:/home/user/.m2/repository/commons-daemon/commons-daemon/1.0.13/commons-daemon-1.0.13.jar:/home/user/.m2/repository/io/netty/netty/3.10.5.Final/netty-3.10.5.Final.jar:/home/user/.m2/repository/io/netty/netty-all/4.0.52.Final/netty-all-4.0.52.Final.jar:/home/user/.m2/repository/org/fusesource/leveldbjni/leveldbjni-all/1.8/leveldbjni-all-1.8.jar:"/>
    <property name="sun.cpu.endian" value="little"/>
    <property name="user.home" value="/home/user"/>
    <property name="user.language" value="en"/>
    <property name="java.specification.vendor" value="Oracle Corporation"/>
    <property name="java.home" value="/usr/lib/jvm/java-1.8-openjdk/jre"/>
    <property name="java.security.krb5.conf" value="/workdir/hadoop-ozone/integration-test/target/test-classes/krb5.conf"/>
    <property name="basedir" value="/workdir/hadoop-ozone/integration-test"/>
    <property name="file.separator" value="/"/>
    <property name="line.separator" value="&#10;"/>
    <property name="java.vm.specification.vendor" value="Oracle Corporation"/>
    <property name="java.specification.name" value="Java Platform API Specification"/>
    <property name="java.awt.graphicsenv" value="sun.awt.X11GraphicsEnvironment"/>
    <property name="surefire.real.class.path" value="/workdir/hadoop-ozone/integration-test/target/surefire/surefirebooter3273038095835478658.jar"/>
    <property name="hadoop.log.dir" value="/workdir/hadoop-ozone/integration-test/target/log"/>
    <property name="sun.boot.class.path" value="/usr/lib/jvm/java-1.8-openjdk/jre/lib/resources.jar:/usr/lib/jvm/java-1.8-openjdk/jre/lib/rt.jar:/usr/lib/jvm/java-1.8-openjdk/jre/lib/sunrsasign.jar:/usr/lib/jvm/java-1.8-openjdk/jre/lib/jsse.jar:/usr/lib/jvm/java-1.8-openjdk/jre/lib/jce.jar:/usr/lib/jvm/java-1.8-openjdk/jre/lib/charsets.jar:/usr/lib/jvm/java-1.8-openjdk/jre/lib/jfr.jar:/usr/lib/jvm/java-1.8-openjdk/jre/classes"/>
    <property name="sun.management.compiler" value="HotSpot 64-Bit Tiered Compilers"/>
    <property name="java.runtime.version" value="1.8.0_212-b04"/>
    <property name="java.net.preferIPv4Stack" value="true"/>
    <property name="user.name" value="jenkins1000"/>
    <property name="path.separator" value=":"/>
    <property name="java.security.egd" value="file:///dev/urandom"/>
    <property name="os.version" value="3.10.0-957.12.2.el7.x86_64"/>
    <property name="java.endorsed.dirs" value="/usr/lib/jvm/java-1.8-openjdk/jre/lib/endorsed"/>
    <property name="java.runtime.name" value="OpenJDK Runtime Environment"/>
    <property name="file.encoding" value="UTF-8"/>
    <property name="java.vm.name" value="OpenJDK 64-Bit Server VM"/>
    <property name="test.build.webapps" value=""/>
    <property name="localRepository" value="/home/user/.m2/repository"/>
    <property name="java.vendor.url.bug" value="https://icedtea.classpath.org/bugzilla"/>
    <property name="java.io.tmpdir" value="/tmp"/>
    <property name="require.test.libhadoop" value=""/>
    <property name="java.version" value="1.8.0_212"/>
    <property name="user.dir" value="/workdir/hadoop-ozone/integration-test"/>
    <property name="os.arch" value="amd64"/>
    <property name="java.vm.specification.name" value="Java Virtual Machine Specification"/>
    <property name="test.build.classes" value="/workdir/hadoop-ozone/integration-test/target/test-classes"/>
    <property name="java.awt.printerjob" value="sun.print.PSPrinterJob"/>
    <property name="sun.os.patch.level" value="unknown"/>
    <property name="hadoop.tmp.dir" value="/workdir/hadoop-ozone/integration-test/target/tmp"/>
    <property name="java.library.path" value="/usr/lib/jvm/java-1.8-openjdk/jre/lib/amd64/server:/usr/lib/jvm/java-1.8-openjdk/jre/lib/amd64:/usr/lib/jvm/java-1.8-openjdk/jre/../lib/amd64:/workdir/hadoop-ozone/integration-test/target/native/target/usr/local/lib:/workdir/hadoop-ozone/integration-test/../../hadoop-common-project/hadoop-common/target/native/target/usr/local/lib:/usr/java/packages/lib/amd64:/usr/lib64:/lib64:/lib:/usr/lib"/>
    <property name="java.vm.info" value="mixed mode"/>
    <property name="java.vendor" value="IcedTea"/>
    <property name="java.vm.version" value="25.212-b04"/>
    <property name="java.ext.dirs" value="/usr/lib/jvm/java-1.8-openjdk/jre/lib/ext:/usr/java/packages/lib/ext"/>
    <property name="sun.io.unicode.encoding" value="UnicodeLittle"/>
    <property name="java.class.version" value="52.0"/>
  </properties>
  <testcase name="testMultiBlockWritesWithDnFailures" classname="org.apache.hadoop.ozone.client.rpc.TestMultiBlockWritesWithDnFailures" time="38.415">
    <error message="Allocated 0 blocks. Requested 1 blocks" type="INTERNAL_ERROR org.apache.hadoop.ozone.om.exceptions.OMException">INTERNAL_ERROR org.apache.hadoop.ozone.om.exceptions.OMException: Allocated 0 blocks. Requested 1 blocks
	at org.apache.hadoop.ozone.om.protocolPB.OzoneManagerProtocolClientSideTranslatorPB.handleError(OzoneManagerProtocolClientSideTranslatorPB.java:720)
	at org.apache.hadoop.ozone.om.protocolPB.OzoneManagerProtocolClientSideTranslatorPB.allocateBlock(OzoneManagerProtocolClientSideTranslatorPB.java:752)
	at org.apache.hadoop.ozone.client.io.BlockOutputStreamEntryPool.allocateNewBlock(BlockOutputStreamEntryPool.java:248)
	at org.apache.hadoop.ozone.client.io.BlockOutputStreamEntryPool.allocateBlockIfNeeded(BlockOutputStreamEntryPool.java:296)
	at org.apache.hadoop.ozone.client.io.KeyOutputStream.handleWrite(KeyOutputStream.java:201)
	at org.apache.hadoop.ozone.client.io.KeyOutputStream.handleRetry(KeyOutputStream.java:376)
	at org.apache.hadoop.ozone.client.io.KeyOutputStream.handleException(KeyOutputStream.java:325)
	at org.apache.hadoop.ozone.client.io.KeyOutputStream.handleWrite(KeyOutputStream.java:231)
	at org.apache.hadoop.ozone.client.io.KeyOutputStream.write(KeyOutputStream.java:193)
	at org.apache.hadoop.ozone.client.io.OzoneOutputStream.write(OzoneOutputStream.java:49)
	at java.io.OutputStream.write(OutputStream.java:75)
	at org.apache.hadoop.ozone.client.rpc.TestMultiBlockWritesWithDnFailures.testMultiBlockWritesWithDnFailures(TestMultiBlockWritesWithDnFailures.java:144)
	at sun.reflect.NativeMethodAccessorImpl.invoke0(Native Method)
	at sun.reflect.NativeMethodAccessorImpl.invoke(NativeMethodAccessorImpl.java:62)
	at sun.reflect.DelegatingMethodAccessorImpl.invoke(DelegatingMethodAccessorImpl.java:43)
	at java.lang.reflect.Method.invoke(Method.java:498)
	at org.junit.runners.model.FrameworkMethod$1.runReflectiveCall(FrameworkMethod.java:47)
	at org.junit.internal.runners.model.ReflectiveCallable.run(ReflectiveCallable.java:12)
	at org.junit.runners.model.FrameworkMethod.invokeExplosively(FrameworkMethod.java:44)
	at org.junit.internal.runners.statements.InvokeMethod.evaluate(InvokeMethod.java:17)
	at org.junit.runners.ParentRunner.runLeaf(ParentRunner.java:271)
	at org.junit.runners.BlockJUnit4ClassRunner.runChild(BlockJUnit4ClassRunner.java:70)
	at org.junit.runners.BlockJUnit4ClassRunner.runChild(BlockJUnit4ClassRunner.java:50)
	at org.junit.runners.ParentRunner$3.run(ParentRunner.java:238)
	at org.junit.runners.ParentRunner$1.schedule(ParentRunner.java:63)
	at org.junit.runners.ParentRunner.runChildren(ParentRunner.java:236)
	at org.junit.runners.ParentRunner.access$000(ParentRunner.java:53)
	at org.junit.runners.ParentRunner$2.evaluate(ParentRunner.java:229)
	at org.junit.runners.ParentRunner.run(ParentRunner.java:309)
	at org.apache.maven.surefire.junit4.JUnit4Provider.execute(JUnit4Provider.java:365)
	at org.apache.maven.surefire.junit4.JUnit4Provider.executeWithRerun(JUnit4Provider.java:273)
	at org.apache.maven.surefire.junit4.JUnit4Provider.executeTestSet(JUnit4Provider.java:238)
	at org.apache.maven.surefire.junit4.JUnit4Provider.invoke(JUnit4Provider.java:159)
	at org.apache.maven.surefire.booter.ForkedBooter.invokeProviderInSameClassLoader(ForkedBooter.java:384)
	at org.apache.maven.surefire.booter.ForkedBooter.runSuitesInProcess(ForkedBooter.java:345)
	at org.apache.maven.surefire.booter.ForkedBooter.execute(ForkedBooter.java:126)
	at org.apache.maven.surefire.booter.ForkedBooter.main(ForkedBooter.java:418)
</error>
    <system-out><![CDATA[2019-08-04 03:50:23,228 WARN  server.ServerUtils (ServerUtils.java:getScmDbDir(145)) - ozone.scm.db.dirs is not configured. We recommend adding this setting. Falling back to ozone.metadata.dirs instead.
2019-08-04 03:50:23,337 WARN  server.ServerUtils (ServerUtils.java:getScmDbDir(145)) - ozone.scm.db.dirs is not configured. We recommend adding this setting. Falling back to ozone.metadata.dirs instead.
2019-08-04 03:50:23,340 WARN  server.ServerUtils (ServerUtils.java:getScmDbDir(145)) - ozone.scm.db.dirs is not configured. We recommend adding this setting. Falling back to ozone.metadata.dirs instead.
2019-08-04 03:50:23,356 INFO  util.log (Log.java:initialized(192)) - Logging initialized @868ms
2019-08-04 03:50:23,469 INFO  db.DBStoreBuilder (DBStoreBuilder.java:addTable(110)) - using custom profile for table: deletedBlocks
2019-08-04 03:50:23,469 INFO  db.DBStoreBuilder (DBStoreBuilder.java:processTables(161)) - Using default column profile:DBProfile.DISK for Table:deletedBlocks
2019-08-04 03:50:23,470 INFO  db.DBStoreBuilder (DBStoreBuilder.java:addTable(110)) - using custom profile for table: validCerts
2019-08-04 03:50:23,470 INFO  db.DBStoreBuilder (DBStoreBuilder.java:processTables(161)) - Using default column profile:DBProfile.DISK for Table:validCerts
2019-08-04 03:50:23,471 INFO  db.DBStoreBuilder (DBStoreBuilder.java:addTable(110)) - using custom profile for table: revokedCerts
2019-08-04 03:50:23,471 INFO  db.DBStoreBuilder (DBStoreBuilder.java:processTables(161)) - Using default column profile:DBProfile.DISK for Table:revokedCerts
2019-08-04 03:50:23,486 INFO  db.DBStoreBuilder (DBStoreBuilder.java:addTable(110)) - using custom profile for table: default
2019-08-04 03:50:23,486 INFO  db.DBStoreBuilder (DBStoreBuilder.java:processTables(167)) - Using default column profile:DBProfile.DISK for Table:default
2019-08-04 03:50:23,488 INFO  db.DBStoreBuilder (DBStoreBuilder.java:getDbProfile(198)) - Using default options. DBProfile.DISK
2019-08-04 03:50:23,776 INFO  net.NodeSchemaLoader (NodeSchemaLoader.java:loadSchemaFromFile(125)) - Loading file from sun.misc.CompoundEnumeration@7193666c
2019-08-04 03:50:23,781 INFO  net.NodeSchemaLoader (NodeSchemaLoader.java:loadSchema(171)) - Loading network topology layer schema file
2019-08-04 03:50:23,866 INFO  node.SCMNodeManager (SCMNodeManager.java:<init>(121)) - Entering startup safe mode.
2019-08-04 03:50:23,978 WARN  server.ServerUtils (ServerUtils.java:getScmDbDir(145)) - ozone.scm.db.dirs is not configured. We recommend adding this setting. Falling back to ozone.metadata.dirs instead.
2019-08-04 03:50:24,100 INFO  pipeline.SCMPipelineManager (SCMPipelineManager.java:initializePipelineState(126)) - No pipeline exists in current db
2019-08-04 03:50:24,104 WARN  server.ServerUtils (ServerUtils.java:getScmDbDir(145)) - ozone.scm.db.dirs is not configured. We recommend adding this setting. Falling back to ozone.metadata.dirs instead.
2019-08-04 03:50:24,232 WARN  events.EventQueue (EventQueue.java:fireEvent(175)) - No event handler registered for event TypedEvent{payloadType=SafeModeStatus, name='SafeModeStatus'}
2019-08-04 03:50:24,613 INFO  ipc.CallQueueManager (CallQueueManager.java:<init>(84)) - Using callQueue: class java.util.concurrent.LinkedBlockingQueue, queueCapacity: 2000, scheduler: class org.apache.hadoop.ipc.DefaultRpcScheduler, ipcBackoff: false.
2019-08-04 03:50:24,640 INFO  ipc.Server (Server.java:run(1074)) - Starting Socket Reader #1 for port 44977
2019-08-04 03:50:24,662 INFO  ipc.CallQueueManager (CallQueueManager.java:<init>(84)) - Using callQueue: class java.util.concurrent.LinkedBlockingQueue, queueCapacity: 2000, scheduler: class org.apache.hadoop.ipc.DefaultRpcScheduler, ipcBackoff: false.
2019-08-04 03:50:24,664 INFO  ipc.Server (Server.java:run(1074)) - Starting Socket Reader #1 for port 33424
2019-08-04 03:50:24,670 INFO  ipc.CallQueueManager (CallQueueManager.java:<init>(84)) - Using callQueue: class java.util.concurrent.LinkedBlockingQueue, queueCapacity: 2000, scheduler: class org.apache.hadoop.ipc.DefaultRpcScheduler, ipcBackoff: false.
2019-08-04 03:50:24,671 INFO  ipc.Server (Server.java:run(1074)) - Starting Socket Reader #1 for port 45385
2019-08-04 03:50:24,800 INFO  hdfs.DFSUtil (DFSUtil.java:httpServerTemplateForNNAndJN(1641)) - Starting Web-server for scm at: http://0.0.0.0:0
2019-08-04 03:50:24,965 INFO  server.AuthenticationFilter (AuthenticationFilter.java:constructSecretProvider(240)) - Unable to initialize FileSignerSecretProvider, falling back to use random secrets.
2019-08-04 03:50:24,973 WARN  http.HttpRequestLog (HttpRequestLog.java:getRequestLog(97)) - Jetty request log can only be enabled using Log4j
2019-08-04 03:50:24,980 INFO  http.HttpServer2 (HttpServer2.java:addGlobalFilter(975)) - Added global filter 'safety' (class=org.apache.hadoop.http.HttpServer2$QuotingInputFilter)
2019-08-04 03:50:24,983 INFO  http.HttpServer2 (HttpServer2.java:addFilter(948)) - Added filter static_user_filter (class=org.apache.hadoop.http.lib.StaticUserWebFilter$StaticUserFilter) to context scm
2019-08-04 03:50:24,983 INFO  http.HttpServer2 (HttpServer2.java:addFilter(958)) - Added filter static_user_filter (class=org.apache.hadoop.http.lib.StaticUserWebFilter$StaticUserFilter) to context logs
2019-08-04 03:50:24,984 INFO  http.HttpServer2 (HttpServer2.java:addFilter(958)) - Added filter static_user_filter (class=org.apache.hadoop.http.lib.StaticUserWebFilter$StaticUserFilter) to context static
2019-08-04 03:50:25,011 INFO  server.StorageContainerManager (StorageContainerManager.java:start(758)) - StorageContainerLocationProtocol RPC server is listening at /0.0.0.0:45385
2019-08-04 03:50:25,067 WARN  impl.MetricsConfig (MetricsConfig.java:loadFirst(134)) - Cannot locate configuration: tried hadoop-metrics2-storagecontainermanager.properties,hadoop-metrics2.properties
2019-08-04 03:50:25,079 INFO  impl.MetricsSystemImpl (MetricsSystemImpl.java:startTimer(374)) - Scheduled Metric snapshot period at 10 second(s).
2019-08-04 03:50:25,079 INFO  impl.MetricsSystemImpl (MetricsSystemImpl.java:start(191)) - StorageContainerManager metrics system started
2019-08-04 03:50:25,298 INFO  server.SCMClientProtocolServer (SCMClientProtocolServer.java:start(151)) - RPC server for Client  is listening at /0.0.0.0:45385
2019-08-04 03:50:25,299 INFO  ipc.Server (Server.java:run(1314)) - IPC Server Responder: starting
2019-08-04 03:50:25,299 INFO  ipc.Server (Server.java:run(1153)) - IPC Server listener on 45385: starting
2019-08-04 03:50:25,304 INFO  server.StorageContainerManager (StorageContainerManager.java:start(768)) - ScmBlockLocationProtocol RPC server is listening at /0.0.0.0:33424
2019-08-04 03:50:25,304 INFO  server.SCMBlockProtocolServer (SCMBlockProtocolServer.java:start(140)) - RPC server for Block Protocol is listening at /0.0.0.0:33424
2019-08-04 03:50:25,305 INFO  ipc.Server (Server.java:run(1314)) - IPC Server Responder: starting
2019-08-04 03:50:25,305 INFO  ipc.Server (Server.java:run(1153)) - IPC Server listener on 33424: starting
2019-08-04 03:50:25,313 INFO  server.StorageContainerManager (StorageContainerManager.java:start(772)) - ScmDatanodeProtocl RPC server is listening at /0.0.0.0:44977
2019-08-04 03:50:25,313 INFO  server.SCMDatanodeProtocolServer (SCMDatanodeProtocolServer.java:start(191)) - RPC server for DataNodes is listening at /0.0.0.0:44977
2019-08-04 03:50:25,315 INFO  ipc.Server (Server.java:run(1314)) - IPC Server Responder: starting
2019-08-04 03:50:25,316 INFO  ipc.Server (Server.java:run(1153)) - IPC Server listener on 44977: starting
2019-08-04 03:50:25,329 INFO  http.HttpServer2 (HttpServer2.java:bindListener(1191)) - Jetty bound to port 43050
2019-08-04 03:50:25,332 INFO  server.Server (Server.java:doStart(351)) - jetty-9.3.24.v20180605, build timestamp: 2018-06-05T17:11:56Z, git hash: 84205aa28f11a4f31f2a3b86d1bba2cc8ab69827
2019-08-04 03:50:25,372 INFO  handler.ContextHandler (ContextHandler.java:doStart(781)) - Started o.e.j.s.ServletContextHandler@75f95314{/logs,file:///workdir/hadoop-ozone/integration-test/target/log,AVAILABLE}
2019-08-04 03:50:25,372 INFO  handler.ContextHandler (ContextHandler.java:doStart(781)) - Started o.e.j.s.ServletContextHandler@6bbe2511{/static,file:///workdir/hadoop-ozone/integration-test/target/test-classes/webapps/static,AVAILABLE}
2019-08-04 03:50:25,405 INFO  handler.ContextHandler (ContextHandler.java:doStart(781)) - Started o.e.j.w.WebAppContext@285d851a{/,file:///workdir/hadoop-ozone/integration-test/target/test-classes/webapps/scm/,AVAILABLE}{/scm}
2019-08-04 03:50:25,410 INFO  server.AbstractConnector (AbstractConnector.java:doStart(278)) - Started ServerConnector@32232e55{HTTP/1.1,[http/1.1]}{0.0.0.0:43050}
2019-08-04 03:50:25,410 INFO  server.Server (Server.java:doStart(419)) - Started @2922ms
2019-08-04 03:50:25,412 INFO  server.BaseHttpServer (BaseHttpServer.java:updateConnectorAddress(207)) - HTTP server of SCM is listening at http://0.0.0.0:43050
2019-08-04 03:50:25,418 INFO  util.JvmPauseMonitor (JvmPauseMonitor.java:run(188)) - Starting JVM pause monitor
2019-08-04 03:50:25,419 WARN  server.ServerUtils (ServerUtils.java:getDBPath(222)) - ozone.om.db.dirs is not configured. We recommend adding this setting. Falling back to ozone.metadata.dirs instead.
2019-08-04 03:50:25,532 WARN  server.ServerUtils (ServerUtils.java:getDBPath(222)) - ozone.om.db.dirs is not configured. We recommend adding this setting. Falling back to ozone.metadata.dirs instead.
2019-08-04 03:50:25,533 WARN  server.ServerUtils (ServerUtils.java:getDBPath(222)) - ozone.om.db.dirs is not configured. We recommend adding this setting. Falling back to ozone.metadata.dirs instead.
2019-08-04 03:50:25,534 INFO  om.OzoneManager (OzoneManager.java:setOMNodeDetails(644)) - OM Service ID is not set. Setting it to the default ID: omServiceIdDefault
2019-08-04 03:50:25,534 INFO  om.OzoneManager (OzoneManager.java:setOMNodeDetails(650)) - OM Node ID is not set. Setting it to the OmStorage's OmID: 43149a56-c05e-4c88-9120-2d857b4bdcd6
2019-08-04 03:50:25,535 INFO  om.OzoneManager (OzoneManager.java:loadOMHAConfigs(601)) - Found matching OM address with OMServiceId: null, OMNodeId: null, RPC Address: localhost:0 and Ratis port: 9872
2019-08-04 03:50:26,232 WARN  server.ServerUtils (ServerUtils.java:getDBPath(222)) - ozone.om.db.dirs is not configured. We recommend adding this setting. Falling back to ozone.metadata.dirs instead.
2019-08-04 03:50:26,239 INFO  db.DBStoreBuilder (DBStoreBuilder.java:addTable(110)) - using custom profile for table: userTable
2019-08-04 03:50:26,239 INFO  db.DBStoreBuilder (DBStoreBuilder.java:processTables(161)) - Using default column profile:DBProfile.DISK for Table:userTable
2019-08-04 03:50:26,240 INFO  db.DBStoreBuilder (DBStoreBuilder.java:addTable(110)) - using custom profile for table: volumeTable
2019-08-04 03:50:26,240 INFO  db.DBStoreBuilder (DBStoreBuilder.java:processTables(161)) - Using default column profile:DBProfile.DISK for Table:volumeTable
2019-08-04 03:50:26,240 INFO  db.DBStoreBuilder (DBStoreBuilder.java:addTable(110)) - using custom profile for table: bucketTable
2019-08-04 03:50:26,240 INFO  db.DBStoreBuilder (DBStoreBuilder.java:processTables(161)) - Using default column profile:DBProfile.DISK for Table:bucketTable
2019-08-04 03:50:26,241 INFO  db.DBStoreBuilder (DBStoreBuilder.java:addTable(110)) - using custom profile for table: keyTable
2019-08-04 03:50:26,241 INFO  db.DBStoreBuilder (DBStoreBuilder.java:processTables(161)) - Using default column profile:DBProfile.DISK for Table:keyTable
2019-08-04 03:50:26,241 INFO  db.DBStoreBuilder (DBStoreBuilder.java:addTable(110)) - using custom profile for table: deletedTable
2019-08-04 03:50:26,241 INFO  db.DBStoreBuilder (DBStoreBuilder.java:processTables(161)) - Using default column profile:DBProfile.DISK for Table:deletedTable
2019-08-04 03:50:26,242 INFO  db.DBStoreBuilder (DBStoreBuilder.java:addTable(110)) - using custom profile for table: openKeyTable
2019-08-04 03:50:26,242 INFO  db.DBStoreBuilder (DBStoreBuilder.java:processTables(161)) - Using default column profile:DBProfile.DISK for Table:openKeyTable
2019-08-04 03:50:26,242 INFO  db.DBStoreBuilder (DBStoreBuilder.java:addTable(110)) - using custom profile for table: s3Table
2019-08-04 03:50:26,242 INFO  db.DBStoreBuilder (DBStoreBuilder.java:processTables(161)) - Using default column profile:DBProfile.DISK for Table:s3Table
2019-08-04 03:50:26,243 INFO  db.DBStoreBuilder (DBStoreBuilder.java:addTable(110)) - using custom profile for table: multipartInfoTable
2019-08-04 03:50:26,243 INFO  db.DBStoreBuilder (DBStoreBuilder.java:processTables(161)) - Using default column profile:DBProfile.DISK for Table:multipartInfoTable
2019-08-04 03:50:26,243 INFO  db.DBStoreBuilder (DBStoreBuilder.java:addTable(110)) - using custom profile for table: dTokenTable
2019-08-04 03:50:26,243 INFO  db.DBStoreBuilder (DBStoreBuilder.java:processTables(161)) - Using default column profile:DBProfile.DISK for Table:dTokenTable
2019-08-04 03:50:26,244 INFO  db.DBStoreBuilder (DBStoreBuilder.java:addTable(110)) - using custom profile for table: s3SecretTable
2019-08-04 03:50:26,244 INFO  db.DBStoreBuilder (DBStoreBuilder.java:processTables(161)) - Using default column profile:DBProfile.DISK for Table:s3SecretTable
2019-08-04 03:50:26,244 INFO  db.DBStoreBuilder (DBStoreBuilder.java:addTable(110)) - using custom profile for table: prefixTable
2019-08-04 03:50:26,244 INFO  db.DBStoreBuilder (DBStoreBuilder.java:processTables(161)) - Using default column profile:DBProfile.DISK for Table:prefixTable
2019-08-04 03:50:26,245 INFO  db.DBStoreBuilder (DBStoreBuilder.java:addTable(110)) - using custom profile for table: default
2019-08-04 03:50:26,245 INFO  db.DBStoreBuilder (DBStoreBuilder.java:processTables(167)) - Using default column profile:DBProfile.DISK for Table:default
2019-08-04 03:50:26,245 INFO  db.DBStoreBuilder (DBStoreBuilder.java:getDbProfile(198)) - Using default options. DBProfile.DISK
2019-08-04 03:50:26,767 INFO  ipc.CallQueueManager (CallQueueManager.java:<init>(84)) - Using callQueue: class java.util.concurrent.LinkedBlockingQueue, queueCapacity: 2000, scheduler: class org.apache.hadoop.ipc.DefaultRpcScheduler, ipcBackoff: false.
2019-08-04 03:50:26,769 INFO  ipc.Server (Server.java:run(1074)) - Starting Socket Reader #1 for port 44906
2019-08-04 03:50:26,787 INFO  om.OzoneManager (OzoneManager.java:start(1255)) - OzoneManager RPC server is listening at localhost/127.0.0.1:44906
2019-08-04 03:50:26,787 INFO  impl.MetricsSystemImpl (MetricsSystemImpl.java:init(158)) - OzoneManager metrics system started (again)
2019-08-04 03:50:26,789 INFO  ipc.Server (Server.java:run(1314)) - IPC Server Responder: starting
2019-08-04 03:50:26,790 INFO  ipc.Server (Server.java:run(1153)) - IPC Server listener on 44906: starting
2019-08-04 03:50:26,806 INFO  hdfs.DFSUtil (DFSUtil.java:httpServerTemplateForNNAndJN(1641)) - Starting Web-server for ozoneManager at: http://0.0.0.0:0
2019-08-04 03:50:26,808 INFO  server.AuthenticationFilter (AuthenticationFilter.java:constructSecretProvider(240)) - Unable to initialize FileSignerSecretProvider, falling back to use random secrets.
2019-08-04 03:50:26,809 WARN  http.HttpRequestLog (HttpRequestLog.java:getRequestLog(97)) - Jetty request log can only be enabled using Log4j
2019-08-04 03:50:26,811 INFO  http.HttpServer2 (HttpServer2.java:addGlobalFilter(975)) - Added global filter 'safety' (class=org.apache.hadoop.http.HttpServer2$QuotingInputFilter)
2019-08-04 03:50:26,812 INFO  http.HttpServer2 (HttpServer2.java:addFilter(948)) - Added filter static_user_filter (class=org.apache.hadoop.http.lib.StaticUserWebFilter$StaticUserFilter) to context ozoneManager
2019-08-04 03:50:26,812 INFO  http.HttpServer2 (HttpServer2.java:addFilter(958)) - Added filter static_user_filter (class=org.apache.hadoop.http.lib.StaticUserWebFilter$StaticUserFilter) to context static
2019-08-04 03:50:26,812 INFO  http.HttpServer2 (HttpServer2.java:addFilter(958)) - Added filter static_user_filter (class=org.apache.hadoop.http.lib.StaticUserWebFilter$StaticUserFilter) to context logs
2019-08-04 03:50:26,815 INFO  http.HttpServer2 (HttpServer2.java:bindListener(1191)) - Jetty bound to port 34345
2019-08-04 03:50:26,815 INFO  server.Server (Server.java:doStart(351)) - jetty-9.3.24.v20180605, build timestamp: 2018-06-05T17:11:56Z, git hash: 84205aa28f11a4f31f2a3b86d1bba2cc8ab69827
2019-08-04 03:50:26,818 INFO  handler.ContextHandler (ContextHandler.java:doStart(781)) - Started o.e.j.s.ServletContextHandler@7808fb9{/logs,file:///workdir/hadoop-ozone/integration-test/target/log,AVAILABLE}
2019-08-04 03:50:26,818 INFO  handler.ContextHandler (ContextHandler.java:doStart(781)) - Started o.e.j.s.ServletContextHandler@6b580b88{/static,file:///workdir/hadoop-ozone/integration-test/target/test-classes/webapps/static,AVAILABLE}
2019-08-04 03:50:26,824 INFO  handler.ContextHandler (ContextHandler.java:doStart(781)) - Started o.e.j.w.WebAppContext@4a1c0752{/,file:///workdir/hadoop-ozone/integration-test/target/test-classes/webapps/ozoneManager/,AVAILABLE}{/ozoneManager}
2019-08-04 03:50:26,825 INFO  server.AbstractConnector (AbstractConnector.java:doStart(278)) - Started ServerConnector@332f25c8{HTTP/1.1,[http/1.1]}{0.0.0.0:34345}
2019-08-04 03:50:26,826 INFO  server.Server (Server.java:doStart(419)) - Started @4337ms
2019-08-04 03:50:26,828 INFO  server.BaseHttpServer (BaseHttpServer.java:updateConnectorAddress(207)) - HTTP server of OZONEMANAGER is listening at http://0.0.0.0:34345
2019-08-04 03:50:27,159 INFO  impl.MetricsSystemImpl (MetricsSystemImpl.java:init(158)) - HddsDatanode metrics system started (again)
2019-08-04 03:50:27,246 INFO  ozone.HddsDatanodeService (HddsDatanodeService.java:start(184)) - HddsDatanodeService host:byscane-nightly-gb268-2566207830 ip:192.168.157.250
2019-08-04 03:50:27,279 INFO  volume.HddsVolume (HddsVolume.java:<init>(176)) - Creating Volume: /workdir/hadoop-ozone/integration-test/target/test-dir/MiniOzoneClusterImpl-13eae300-d7c4-487e-ad06-8500ad5b71ae/datanode-0/data/containers/hdds of  storage type : DISK and capacity : 52710309888
2019-08-04 03:50:27,281 INFO  volume.VolumeSet (VolumeSet.java:initializeVolumeSet(170)) - Added Volume : /workdir/hadoop-ozone/integration-test/target/test-dir/MiniOzoneClusterImpl-13eae300-d7c4-487e-ad06-8500ad5b71ae/datanode-0/data/containers/hdds to VolumeSet
2019-08-04 03:50:27,283 INFO  volume.ThrottledAsyncChecker (ThrottledAsyncChecker.java:schedule(140)) - Scheduling a check for org.apache.hadoop.ozone.container.common.volume.HddsVolume@29a69a35
2019-08-04 03:50:27,301 INFO  volume.HddsVolumeChecker (HddsVolumeChecker.java:checkAllVolumes(203)) - Scheduled health check for volume org.apache.hadoop.ozone.container.common.volume.HddsVolume@29a69a35
2019-08-04 03:50:27,429 INFO  impl.RaftServerProxy (ConfUtils.java:logGet(43)) - raft.rpc.type = GRPC (default)
2019-08-04 03:50:27,497 INFO  grpc.GrpcFactory (GrpcFactory.java:checkPooledByteBufAllocatorUseCacheForAllThreads(45)) - PERFORMANCE WARNING: useCacheForAllThreads is true that may cause Netty to create a lot garbage objects and, as a result, trigger GC.
	It is recommended to disable useCacheForAllThreads by setting -Dorg.apache.ratis.thirdparty.io.netty.allocator.useCacheForAllThreads=false in command line.
2019-08-04 03:50:27,501 INFO  grpc.GrpcConfigKeys$Server (ConfUtils.java:logGet(43)) - raft.grpc.server.port = 0 (default)
2019-08-04 03:50:27,502 INFO  server.GrpcService (ConfUtils.java:logGet(43)) - raft.grpc.message.size.max = 33570816 (custom)
2019-08-04 03:50:27,504 INFO  server.RaftServerConfigKeys (ConfUtils.java:logGet(43)) - raft.server.log.appender.buffer.byte-limit = 33554432 (custom)
2019-08-04 03:50:27,505 INFO  server.GrpcService (ConfUtils.java:logGet(43)) - raft.grpc.flow.control.window = 1MB (=1048576) (default)
2019-08-04 03:50:27,506 INFO  server.RaftServerConfigKeys (ConfUtils.java:logGet(43)) - raft.server.rpc.request.timeout = 3000ms (default)
2019-08-04 03:50:27,661 INFO  server.RaftServerConfigKeys (ConfUtils.java:logGet(43)) - raft.server.storage.dir = [/workdir/hadoop-ozone/integration-test/target/test-dir/MiniOzoneClusterImpl-13eae300-d7c4-487e-ad06-8500ad5b71ae/datanode-0/data/ratis] (custom)
2019-08-04 03:50:27,703 INFO  replication.SimpleContainerDownloader (SimpleContainerDownloader.java:<init>(72)) - Starting container downloader service to copy containers to replicate.
2019-08-04 03:50:27,722 INFO  hdfs.DFSUtil (DFSUtil.java:httpServerTemplateForNNAndJN(1641)) - Starting Web-server for hddsDatanode at: http://0.0.0.0:0
2019-08-04 03:50:27,725 INFO  server.AuthenticationFilter (AuthenticationFilter.java:constructSecretProvider(240)) - Unable to initialize FileSignerSecretProvider, falling back to use random secrets.
2019-08-04 03:50:27,727 WARN  http.HttpRequestLog (HttpRequestLog.java:getRequestLog(97)) - Jetty request log can only be enabled using Log4j
2019-08-04 03:50:27,730 INFO  http.HttpServer2 (HttpServer2.java:addGlobalFilter(975)) - Added global filter 'safety' (class=org.apache.hadoop.http.HttpServer2$QuotingInputFilter)
2019-08-04 03:50:27,732 INFO  http.HttpServer2 (HttpServer2.java:addFilter(948)) - Added filter static_user_filter (class=org.apache.hadoop.http.lib.StaticUserWebFilter$StaticUserFilter) to context hddsDatanode
2019-08-04 03:50:27,732 INFO  http.HttpServer2 (HttpServer2.java:addFilter(958)) - Added filter static_user_filter (class=org.apache.hadoop.http.lib.StaticUserWebFilter$StaticUserFilter) to context logs
2019-08-04 03:50:27,732 INFO  http.HttpServer2 (HttpServer2.java:addFilter(958)) - Added filter static_user_filter (class=org.apache.hadoop.http.lib.StaticUserWebFilter$StaticUserFilter) to context static
2019-08-04 03:50:27,734 INFO  http.HttpServer2 (HttpServer2.java:bindListener(1191)) - Jetty bound to port 33277
2019-08-04 03:50:27,735 INFO  server.Server (Server.java:doStart(351)) - jetty-9.3.24.v20180605, build timestamp: 2018-06-05T17:11:56Z, git hash: 84205aa28f11a4f31f2a3b86d1bba2cc8ab69827
2019-08-04 03:50:27,738 INFO  handler.ContextHandler (ContextHandler.java:doStart(781)) - Started o.e.j.s.ServletContextHandler@65c33b92{/logs,file:///workdir/hadoop-ozone/integration-test/target/log,AVAILABLE}
2019-08-04 03:50:27,739 INFO  handler.ContextHandler (ContextHandler.java:doStart(781)) - Started o.e.j.s.ServletContextHandler@4e08acf9{/static,jar:file:/home/user/.m2/repository/org/apache/hadoop/hadoop-hdds-container-service/0.4.1-SNAPSHOT/hadoop-hdds-container-service-0.4.1-SNAPSHOT.jar!/webapps/static,AVAILABLE}
2019-08-04 03:50:27,789 INFO  handler.ContextHandler (ContextHandler.java:doStart(781)) - Started o.e.j.w.WebAppContext@36417a54{/,file:///tmp/jetty-0.0.0.0-33277-hddsDatanode-_-any-7670672368082434704.dir/webapp/,AVAILABLE}{/hddsDatanode}
2019-08-04 03:50:27,790 INFO  server.AbstractConnector (AbstractConnector.java:doStart(278)) - Started ServerConnector@2b8bb184{HTTP/1.1,[http/1.1]}{0.0.0.0:33277}
2019-08-04 03:50:27,791 INFO  server.Server (Server.java:doStart(419)) - Started @5303ms
2019-08-04 03:50:27,793 INFO  server.BaseHttpServer (BaseHttpServer.java:updateConnectorAddress(207)) - HTTP server of HDDSDATANODE is listening at http://0.0.0.0:33277
2019-08-04 03:50:28,880 INFO  ozone.HddsDatanodeService (HddsDatanodeService.java:startPlugins(395)) - Started plug-in org.apache.hadoop.ozone.web.OzoneHddsDatanodeService@623e0631
2019-08-04 03:50:28,881 INFO  impl.MetricsSystemImpl (MetricsSystemImpl.java:init(158)) - HddsDatanode metrics system started (again)
2019-08-04 03:50:28,885 INFO  ozone.HddsDatanodeService (HddsDatanodeService.java:start(184)) - HddsDatanodeService host:byscane-nightly-gb268-2566207830 ip:192.168.157.250
2019-08-04 03:50:28,888 INFO  util.JvmPauseMonitor (JvmPauseMonitor.java:run(188)) - Starting JVM pause monitor
2019-08-04 03:50:28,895 INFO  volume.HddsVolume (HddsVolume.java:<init>(176)) - Creating Volume: /workdir/hadoop-ozone/integration-test/target/test-dir/MiniOzoneClusterImpl-13eae300-d7c4-487e-ad06-8500ad5b71ae/datanode-1/data/containers/hdds of  storage type : DISK and capacity : 52710309888
2019-08-04 03:50:28,896 INFO  volume.VolumeSet (VolumeSet.java:initializeVolumeSet(170)) - Added Volume : /workdir/hadoop-ozone/integration-test/target/test-dir/MiniOzoneClusterImpl-13eae300-d7c4-487e-ad06-8500ad5b71ae/datanode-1/data/containers/hdds to VolumeSet
2019-08-04 03:50:28,896 INFO  volume.ThrottledAsyncChecker (ThrottledAsyncChecker.java:schedule(140)) - Scheduling a check for org.apache.hadoop.ozone.container.common.volume.HddsVolume@6e02721d
2019-08-04 03:50:28,897 INFO  volume.HddsVolumeChecker (HddsVolumeChecker.java:checkAllVolumes(203)) - Scheduled health check for volume org.apache.hadoop.ozone.container.common.volume.HddsVolume@6e02721d
2019-08-04 03:50:28,916 INFO  impl.RaftServerProxy (ConfUtils.java:logGet(43)) - raft.rpc.type = GRPC (default)
2019-08-04 03:50:28,916 INFO  grpc.GrpcFactory (GrpcFactory.java:checkPooledByteBufAllocatorUseCacheForAllThreads(45)) - PERFORMANCE WARNING: useCacheForAllThreads is true that may cause Netty to create a lot garbage objects and, as a result, trigger GC.
	It is recommended to disable useCacheForAllThreads by setting -Dorg.apache.ratis.thirdparty.io.netty.allocator.useCacheForAllThreads=false in command line.
2019-08-04 03:50:28,917 INFO  grpc.GrpcConfigKeys$Server (ConfUtils.java:logGet(43)) - raft.grpc.server.port = 0 (default)
2019-08-04 03:50:28,917 INFO  server.GrpcService (ConfUtils.java:logGet(43)) - raft.grpc.message.size.max = 33570816 (custom)
2019-08-04 03:50:28,917 INFO  server.RaftServerConfigKeys (ConfUtils.java:logGet(43)) - raft.server.log.appender.buffer.byte-limit = 33554432 (custom)
2019-08-04 03:50:28,917 INFO  server.GrpcService (ConfUtils.java:logGet(43)) - raft.grpc.flow.control.window = 1MB (=1048576) (default)
2019-08-04 03:50:28,918 INFO  server.RaftServerConfigKeys (ConfUtils.java:logGet(43)) - raft.server.rpc.request.timeout = 3000ms (default)
2019-08-04 03:50:28,918 INFO  server.RaftServerConfigKeys (ConfUtils.java:logGet(43)) - raft.server.storage.dir = [/workdir/hadoop-ozone/integration-test/target/test-dir/MiniOzoneClusterImpl-13eae300-d7c4-487e-ad06-8500ad5b71ae/datanode-1/data/ratis] (custom)
2019-08-04 03:50:28,919 INFO  replication.SimpleContainerDownloader (SimpleContainerDownloader.java:<init>(72)) - Starting container downloader service to copy containers to replicate.
2019-08-04 03:50:28,920 INFO  hdfs.DFSUtil (DFSUtil.java:httpServerTemplateForNNAndJN(1641)) - Starting Web-server for hddsDatanode at: http://0.0.0.0:0
2019-08-04 03:50:28,921 INFO  server.AuthenticationFilter (AuthenticationFilter.java:constructSecretProvider(240)) - Unable to initialize FileSignerSecretProvider, falling back to use random secrets.
2019-08-04 03:50:28,922 WARN  http.HttpRequestLog (HttpRequestLog.java:getRequestLog(97)) - Jetty request log can only be enabled using Log4j
2019-08-04 03:50:28,923 INFO  http.HttpServer2 (HttpServer2.java:addGlobalFilter(975)) - Added global filter 'safety' (class=org.apache.hadoop.http.HttpServer2$QuotingInputFilter)
2019-08-04 03:50:28,924 INFO  http.HttpServer2 (HttpServer2.java:addFilter(948)) - Added filter static_user_filter (class=org.apache.hadoop.http.lib.StaticUserWebFilter$StaticUserFilter) to context hddsDatanode
2019-08-04 03:50:28,924 INFO  http.HttpServer2 (HttpServer2.java:addFilter(958)) - Added filter static_user_filter (class=org.apache.hadoop.http.lib.StaticUserWebFilter$StaticUserFilter) to context logs
2019-08-04 03:50:28,924 INFO  http.HttpServer2 (HttpServer2.java:addFilter(958)) - Added filter static_user_filter (class=org.apache.hadoop.http.lib.StaticUserWebFilter$StaticUserFilter) to context static
2019-08-04 03:50:28,925 INFO  http.HttpServer2 (HttpServer2.java:bindListener(1191)) - Jetty bound to port 46171
2019-08-04 03:50:28,925 INFO  server.Server (Server.java:doStart(351)) - jetty-9.3.24.v20180605, build timestamp: 2018-06-05T17:11:56Z, git hash: 84205aa28f11a4f31f2a3b86d1bba2cc8ab69827
2019-08-04 03:50:28,929 INFO  handler.ContextHandler (ContextHandler.java:doStart(781)) - Started o.e.j.s.ServletContextHandler@69a024a0{/logs,file:///workdir/hadoop-ozone/integration-test/target/log,AVAILABLE}
2019-08-04 03:50:28,930 INFO  handler.ContextHandler (ContextHandler.java:doStart(781)) - Started o.e.j.s.ServletContextHandler@2d7637e6{/static,jar:file:/home/user/.m2/repository/org/apache/hadoop/hadoop-hdds-container-service/0.4.1-SNAPSHOT/hadoop-hdds-container-service-0.4.1-SNAPSHOT.jar!/webapps/static,AVAILABLE}
2019-08-04 03:50:28,958 INFO  handler.ContextHandler (ContextHandler.java:doStart(781)) - Started o.e.j.w.WebAppContext@2ce03e86{/,file:///tmp/jetty-0.0.0.0-46171-hddsDatanode-_-any-3133949696427347822.dir/webapp/,AVAILABLE}{/hddsDatanode}
2019-08-04 03:50:28,959 INFO  server.AbstractConnector (AbstractConnector.java:doStart(278)) - Started ServerConnector@1c628f6a{HTTP/1.1,[http/1.1]}{0.0.0.0:46171}
2019-08-04 03:50:28,960 INFO  server.Server (Server.java:doStart(419)) - Started @6471ms
2019-08-04 03:50:28,961 INFO  server.BaseHttpServer (BaseHttpServer.java:updateConnectorAddress(207)) - HTTP server of HDDSDATANODE is listening at http://0.0.0.0:46171
2019-08-04 03:50:29,019 INFO  datanode.InitDatanodeState (InitDatanodeState.java:persistContainerDatanodeDetails(140)) - DatanodeDetails is persisted to /workdir/hadoop-ozone/integration-test/target/test-dir/MiniOzoneClusterImpl-13eae300-d7c4-487e-ad06-8500ad5b71ae/datanode-0/meta/datanode.id
2019-08-04 03:50:29,106 INFO  ozone.HddsDatanodeService (HddsDatanodeService.java:startPlugins(395)) - Started plug-in org.apache.hadoop.ozone.web.OzoneHddsDatanodeService@ccd341d
2019-08-04 03:50:29,106 INFO  impl.MetricsSystemImpl (MetricsSystemImpl.java:init(158)) - HddsDatanode metrics system started (again)
2019-08-04 03:50:29,109 INFO  ozone.HddsDatanodeService (HddsDatanodeService.java:start(184)) - HddsDatanodeService host:byscane-nightly-gb268-2566207830 ip:192.168.157.250
2019-08-04 03:50:29,109 INFO  util.JvmPauseMonitor (JvmPauseMonitor.java:run(188)) - Starting JVM pause monitor
2019-08-04 03:50:29,119 INFO  volume.HddsVolume (HddsVolume.java:<init>(176)) - Creating Volume: /workdir/hadoop-ozone/integration-test/target/test-dir/MiniOzoneClusterImpl-13eae300-d7c4-487e-ad06-8500ad5b71ae/datanode-2/data/containers/hdds of  storage type : DISK and capacity : 52710309888
2019-08-04 03:50:29,119 INFO  volume.VolumeSet (VolumeSet.java:initializeVolumeSet(170)) - Added Volume : /workdir/hadoop-ozone/integration-test/target/test-dir/MiniOzoneClusterImpl-13eae300-d7c4-487e-ad06-8500ad5b71ae/datanode-2/data/containers/hdds to VolumeSet
2019-08-04 03:50:29,119 INFO  volume.ThrottledAsyncChecker (ThrottledAsyncChecker.java:schedule(140)) - Scheduling a check for org.apache.hadoop.ozone.container.common.volume.HddsVolume@7197b07f
2019-08-04 03:50:29,120 INFO  volume.HddsVolumeChecker (HddsVolumeChecker.java:checkAllVolumes(203)) - Scheduled health check for volume org.apache.hadoop.ozone.container.common.volume.HddsVolume@7197b07f
2019-08-04 03:50:29,120 INFO  datanode.InitDatanodeState (InitDatanodeState.java:persistContainerDatanodeDetails(140)) - DatanodeDetails is persisted to /workdir/hadoop-ozone/integration-test/target/test-dir/MiniOzoneClusterImpl-13eae300-d7c4-487e-ad06-8500ad5b71ae/datanode-1/meta/datanode.id
2019-08-04 03:50:29,135 INFO  impl.RaftServerProxy (ConfUtils.java:logGet(43)) - raft.rpc.type = GRPC (default)
2019-08-04 03:50:29,135 INFO  grpc.GrpcFactory (GrpcFactory.java:checkPooledByteBufAllocatorUseCacheForAllThreads(45)) - PERFORMANCE WARNING: useCacheForAllThreads is true that may cause Netty to create a lot garbage objects and, as a result, trigger GC.
	It is recommended to disable useCacheForAllThreads by setting -Dorg.apache.ratis.thirdparty.io.netty.allocator.useCacheForAllThreads=false in command line.
2019-08-04 03:50:29,136 INFO  grpc.GrpcConfigKeys$Server (ConfUtils.java:logGet(43)) - raft.grpc.server.port = 0 (default)
2019-08-04 03:50:29,136 INFO  server.GrpcService (ConfUtils.java:logGet(43)) - raft.grpc.message.size.max = 33570816 (custom)
2019-08-04 03:50:29,136 INFO  server.RaftServerConfigKeys (ConfUtils.java:logGet(43)) - raft.server.log.appender.buffer.byte-limit = 33554432 (custom)
2019-08-04 03:50:29,136 INFO  server.GrpcService (ConfUtils.java:logGet(43)) - raft.grpc.flow.control.window = 1MB (=1048576) (default)
2019-08-04 03:50:29,137 INFO  server.RaftServerConfigKeys (ConfUtils.java:logGet(43)) - raft.server.rpc.request.timeout = 3000ms (default)
2019-08-04 03:50:29,137 INFO  server.RaftServerConfigKeys (ConfUtils.java:logGet(43)) - raft.server.storage.dir = [/workdir/hadoop-ozone/integration-test/target/test-dir/MiniOzoneClusterImpl-13eae300-d7c4-487e-ad06-8500ad5b71ae/datanode-2/data/ratis] (custom)
2019-08-04 03:50:29,138 INFO  replication.SimpleContainerDownloader (SimpleContainerDownloader.java:<init>(72)) - Starting container downloader service to copy containers to replicate.
2019-08-04 03:50:29,139 INFO  hdfs.DFSUtil (DFSUtil.java:httpServerTemplateForNNAndJN(1641)) - Starting Web-server for hddsDatanode at: http://0.0.0.0:0
2019-08-04 03:50:29,140 INFO  server.AuthenticationFilter (AuthenticationFilter.java:constructSecretProvider(240)) - Unable to initialize FileSignerSecretProvider, falling back to use random secrets.
2019-08-04 03:50:29,141 WARN  http.HttpRequestLog (HttpRequestLog.java:getRequestLog(97)) - Jetty request log can only be enabled using Log4j
2019-08-04 03:50:29,142 INFO  http.HttpServer2 (HttpServer2.java:addGlobalFilter(975)) - Added global filter 'safety' (class=org.apache.hadoop.http.HttpServer2$QuotingInputFilter)
2019-08-04 03:50:29,143 INFO  http.HttpServer2 (HttpServer2.java:addFilter(948)) - Added filter static_user_filter (class=org.apache.hadoop.http.lib.StaticUserWebFilter$StaticUserFilter) to context hddsDatanode
2019-08-04 03:50:29,143 INFO  http.HttpServer2 (HttpServer2.java:addFilter(958)) - Added filter static_user_filter (class=org.apache.hadoop.http.lib.StaticUserWebFilter$StaticUserFilter) to context logs
2019-08-04 03:50:29,143 INFO  http.HttpServer2 (HttpServer2.java:addFilter(958)) - Added filter static_user_filter (class=org.apache.hadoop.http.lib.StaticUserWebFilter$StaticUserFilter) to context static
2019-08-04 03:50:29,144 INFO  http.HttpServer2 (HttpServer2.java:bindListener(1191)) - Jetty bound to port 41490
2019-08-04 03:50:29,144 INFO  server.Server (Server.java:doStart(351)) - jetty-9.3.24.v20180605, build timestamp: 2018-06-05T17:11:56Z, git hash: 84205aa28f11a4f31f2a3b86d1bba2cc8ab69827
2019-08-04 03:50:29,146 INFO  handler.ContextHandler (ContextHandler.java:doStart(781)) - Started o.e.j.s.ServletContextHandler@3e26482{/logs,file:///workdir/hadoop-ozone/integration-test/target/log,AVAILABLE}
2019-08-04 03:50:29,146 INFO  handler.ContextHandler (ContextHandler.java:doStart(781)) - Started o.e.j.s.ServletContextHandler@6b37df8e{/static,jar:file:/home/user/.m2/repository/org/apache/hadoop/hadoop-hdds-container-service/0.4.1-SNAPSHOT/hadoop-hdds-container-service-0.4.1-SNAPSHOT.jar!/webapps/static,AVAILABLE}
2019-08-04 03:50:29,174 INFO  handler.ContextHandler (ContextHandler.java:doStart(781)) - Started o.e.j.w.WebAppContext@6e8fdd19{/,file:///tmp/jetty-0.0.0.0-41490-hddsDatanode-_-any-1636383929061046832.dir/webapp/,AVAILABLE}{/hddsDatanode}
2019-08-04 03:50:29,174 INFO  server.AbstractConnector (AbstractConnector.java:doStart(278)) - Started ServerConnector@35787726{HTTP/1.1,[http/1.1]}{0.0.0.0:41490}
2019-08-04 03:50:29,175 INFO  server.Server (Server.java:doStart(419)) - Started @6687ms
2019-08-04 03:50:29,178 INFO  server.BaseHttpServer (BaseHttpServer.java:updateConnectorAddress(207)) - HTTP server of HDDSDATANODE is listening at http://0.0.0.0:41490
2019-08-04 03:50:29,309 INFO  ozone.HddsDatanodeService (HddsDatanodeService.java:startPlugins(395)) - Started plug-in org.apache.hadoop.ozone.web.OzoneHddsDatanodeService@209f3887
2019-08-04 03:50:29,310 INFO  impl.MetricsSystemImpl (MetricsSystemImpl.java:init(158)) - HddsDatanode metrics system started (again)
2019-08-04 03:50:29,313 INFO  ozone.HddsDatanodeService (HddsDatanodeService.java:start(184)) - HddsDatanodeService host:byscane-nightly-gb268-2566207830 ip:192.168.157.250
2019-08-04 03:50:29,314 INFO  util.JvmPauseMonitor (JvmPauseMonitor.java:run(188)) - Starting JVM pause monitor
2019-08-04 03:50:29,317 INFO  datanode.InitDatanodeState (InitDatanodeState.java:persistContainerDatanodeDetails(140)) - DatanodeDetails is persisted to /workdir/hadoop-ozone/integration-test/target/test-dir/MiniOzoneClusterImpl-13eae300-d7c4-487e-ad06-8500ad5b71ae/datanode-2/meta/datanode.id
2019-08-04 03:50:29,322 INFO  volume.HddsVolume (HddsVolume.java:<init>(176)) - Creating Volume: /workdir/hadoop-ozone/integration-test/target/test-dir/MiniOzoneClusterImpl-13eae300-d7c4-487e-ad06-8500ad5b71ae/datanode-3/data/containers/hdds of  storage type : DISK and capacity : 52710309888
2019-08-04 03:50:29,322 INFO  volume.VolumeSet (VolumeSet.java:initializeVolumeSet(170)) - Added Volume : /workdir/hadoop-ozone/integration-test/target/test-dir/MiniOzoneClusterImpl-13eae300-d7c4-487e-ad06-8500ad5b71ae/datanode-3/data/containers/hdds to VolumeSet
2019-08-04 03:50:29,322 INFO  volume.ThrottledAsyncChecker (ThrottledAsyncChecker.java:schedule(140)) - Scheduling a check for org.apache.hadoop.ozone.container.common.volume.HddsVolume@58687fb7
2019-08-04 03:50:29,323 INFO  volume.HddsVolumeChecker (HddsVolumeChecker.java:checkAllVolumes(203)) - Scheduled health check for volume org.apache.hadoop.ozone.container.common.volume.HddsVolume@58687fb7
2019-08-04 03:50:29,336 INFO  impl.RaftServerProxy (ConfUtils.java:logGet(43)) - raft.rpc.type = GRPC (default)
2019-08-04 03:50:29,336 INFO  grpc.GrpcFactory (GrpcFactory.java:checkPooledByteBufAllocatorUseCacheForAllThreads(45)) - PERFORMANCE WARNING: useCacheForAllThreads is true that may cause Netty to create a lot garbage objects and, as a result, trigger GC.
	It is recommended to disable useCacheForAllThreads by setting -Dorg.apache.ratis.thirdparty.io.netty.allocator.useCacheForAllThreads=false in command line.
2019-08-04 03:50:29,337 INFO  grpc.GrpcConfigKeys$Server (ConfUtils.java:logGet(43)) - raft.grpc.server.port = 0 (default)
2019-08-04 03:50:29,337 INFO  server.GrpcService (ConfUtils.java:logGet(43)) - raft.grpc.message.size.max = 33570816 (custom)
2019-08-04 03:50:29,337 INFO  server.RaftServerConfigKeys (ConfUtils.java:logGet(43)) - raft.server.log.appender.buffer.byte-limit = 33554432 (custom)
2019-08-04 03:50:29,337 INFO  server.GrpcService (ConfUtils.java:logGet(43)) - raft.grpc.flow.control.window = 1MB (=1048576) (default)
2019-08-04 03:50:29,338 INFO  server.RaftServerConfigKeys (ConfUtils.java:logGet(43)) - raft.server.rpc.request.timeout = 3000ms (default)
2019-08-04 03:50:29,338 INFO  server.RaftServerConfigKeys (ConfUtils.java:logGet(43)) - raft.server.storage.dir = [/workdir/hadoop-ozone/integration-test/target/test-dir/MiniOzoneClusterImpl-13eae300-d7c4-487e-ad06-8500ad5b71ae/datanode-3/data/ratis] (custom)
2019-08-04 03:50:29,339 INFO  replication.SimpleContainerDownloader (SimpleContainerDownloader.java:<init>(72)) - Starting container downloader service to copy containers to replicate.
2019-08-04 03:50:29,340 INFO  hdfs.DFSUtil (DFSUtil.java:httpServerTemplateForNNAndJN(1641)) - Starting Web-server for hddsDatanode at: http://0.0.0.0:0
2019-08-04 03:50:29,341 INFO  server.AuthenticationFilter (AuthenticationFilter.java:constructSecretProvider(240)) - Unable to initialize FileSignerSecretProvider, falling back to use random secrets.
2019-08-04 03:50:29,342 WARN  http.HttpRequestLog (HttpRequestLog.java:getRequestLog(97)) - Jetty request log can only be enabled using Log4j
2019-08-04 03:50:29,343 INFO  http.HttpServer2 (HttpServer2.java:addGlobalFilter(975)) - Added global filter 'safety' (class=org.apache.hadoop.http.HttpServer2$QuotingInputFilter)
2019-08-04 03:50:29,343 INFO  http.HttpServer2 (HttpServer2.java:addFilter(948)) - Added filter static_user_filter (class=org.apache.hadoop.http.lib.StaticUserWebFilter$StaticUserFilter) to context hddsDatanode
2019-08-04 03:50:29,344 INFO  http.HttpServer2 (HttpServer2.java:addFilter(958)) - Added filter static_user_filter (class=org.apache.hadoop.http.lib.StaticUserWebFilter$StaticUserFilter) to context static
2019-08-04 03:50:29,344 INFO  http.HttpServer2 (HttpServer2.java:addFilter(958)) - Added filter static_user_filter (class=org.apache.hadoop.http.lib.StaticUserWebFilter$StaticUserFilter) to context logs
2019-08-04 03:50:29,344 INFO  http.HttpServer2 (HttpServer2.java:bindListener(1191)) - Jetty bound to port 34914
2019-08-04 03:50:29,345 INFO  server.Server (Server.java:doStart(351)) - jetty-9.3.24.v20180605, build timestamp: 2018-06-05T17:11:56Z, git hash: 84205aa28f11a4f31f2a3b86d1bba2cc8ab69827
2019-08-04 03:50:29,349 INFO  handler.ContextHandler (ContextHandler.java:doStart(781)) - Started o.e.j.s.ServletContextHandler@14b275bd{/logs,file:///workdir/hadoop-ozone/integration-test/target/log,AVAILABLE}
2019-08-04 03:50:29,350 INFO  handler.ContextHandler (ContextHandler.java:doStart(781)) - Started o.e.j.s.ServletContextHandler@4b03cbad{/static,jar:file:/home/user/.m2/repository/org/apache/hadoop/hadoop-hdds-container-service/0.4.1-SNAPSHOT/hadoop-hdds-container-service-0.4.1-SNAPSHOT.jar!/webapps/static,AVAILABLE}
2019-08-04 03:50:29,400 INFO  handler.ContextHandler (ContextHandler.java:doStart(781)) - Started o.e.j.w.WebAppContext@6b162ecc{/,file:///tmp/jetty-0.0.0.0-34914-hddsDatanode-_-any-6793006974206145584.dir/webapp/,AVAILABLE}{/hddsDatanode}
2019-08-04 03:50:29,400 INFO  server.AbstractConnector (AbstractConnector.java:doStart(278)) - Started ServerConnector@3b4086c1{HTTP/1.1,[http/1.1]}{0.0.0.0:34914}
2019-08-04 03:50:29,402 INFO  server.Server (Server.java:doStart(419)) - Started @6913ms
2019-08-04 03:50:29,402 INFO  server.BaseHttpServer (BaseHttpServer.java:updateConnectorAddress(207)) - HTTP server of HDDSDATANODE is listening at http://0.0.0.0:34914
2019-08-04 03:50:29,566 INFO  ozone.HddsDatanodeService (HddsDatanodeService.java:startPlugins(395)) - Started plug-in org.apache.hadoop.ozone.web.OzoneHddsDatanodeService@34c7232c
2019-08-04 03:50:29,567 INFO  impl.MetricsSystemImpl (MetricsSystemImpl.java:init(158)) - HddsDatanode metrics system started (again)
2019-08-04 03:50:29,571 INFO  ozone.HddsDatanodeService (HddsDatanodeService.java:start(184)) - HddsDatanodeService host:byscane-nightly-gb268-2566207830 ip:192.168.157.250
2019-08-04 03:50:29,572 INFO  util.JvmPauseMonitor (JvmPauseMonitor.java:run(188)) - Starting JVM pause monitor
2019-08-04 03:50:29,575 INFO  datanode.InitDatanodeState (InitDatanodeState.java:persistContainerDatanodeDetails(140)) - DatanodeDetails is persisted to /workdir/hadoop-ozone/integration-test/target/test-dir/MiniOzoneClusterImpl-13eae300-d7c4-487e-ad06-8500ad5b71ae/datanode-3/meta/datanode.id
2019-08-04 03:50:29,579 INFO  volume.HddsVolume (HddsVolume.java:<init>(176)) - Creating Volume: /workdir/hadoop-ozone/integration-test/target/test-dir/MiniOzoneClusterImpl-13eae300-d7c4-487e-ad06-8500ad5b71ae/datanode-4/data/containers/hdds of  storage type : DISK and capacity : 52710309888
2019-08-04 03:50:29,579 INFO  volume.VolumeSet (VolumeSet.java:initializeVolumeSet(170)) - Added Volume : /workdir/hadoop-ozone/integration-test/target/test-dir/MiniOzoneClusterImpl-13eae300-d7c4-487e-ad06-8500ad5b71ae/datanode-4/data/containers/hdds to VolumeSet
2019-08-04 03:50:29,579 INFO  volume.ThrottledAsyncChecker (ThrottledAsyncChecker.java:schedule(140)) - Scheduling a check for org.apache.hadoop.ozone.container.common.volume.HddsVolume@27a9f025
2019-08-04 03:50:29,580 INFO  volume.HddsVolumeChecker (HddsVolumeChecker.java:checkAllVolumes(203)) - Scheduled health check for volume org.apache.hadoop.ozone.container.common.volume.HddsVolume@27a9f025
2019-08-04 03:50:29,593 INFO  impl.RaftServerProxy (ConfUtils.java:logGet(43)) - raft.rpc.type = GRPC (default)
2019-08-04 03:50:29,593 INFO  grpc.GrpcFactory (GrpcFactory.java:checkPooledByteBufAllocatorUseCacheForAllThreads(45)) - PERFORMANCE WARNING: useCacheForAllThreads is true that may cause Netty to create a lot garbage objects and, as a result, trigger GC.
	It is recommended to disable useCacheForAllThreads by setting -Dorg.apache.ratis.thirdparty.io.netty.allocator.useCacheForAllThreads=false in command line.
2019-08-04 03:50:29,594 INFO  grpc.GrpcConfigKeys$Server (ConfUtils.java:logGet(43)) - raft.grpc.server.port = 0 (default)
2019-08-04 03:50:29,594 INFO  server.GrpcService (ConfUtils.java:logGet(43)) - raft.grpc.message.size.max = 33570816 (custom)
2019-08-04 03:50:29,594 INFO  server.RaftServerConfigKeys (ConfUtils.java:logGet(43)) - raft.server.log.appender.buffer.byte-limit = 33554432 (custom)
2019-08-04 03:50:29,594 INFO  server.GrpcService (ConfUtils.java:logGet(43)) - raft.grpc.flow.control.window = 1MB (=1048576) (default)
2019-08-04 03:50:29,594 INFO  server.RaftServerConfigKeys (ConfUtils.java:logGet(43)) - raft.server.rpc.request.timeout = 3000ms (default)
2019-08-04 03:50:29,595 INFO  server.RaftServerConfigKeys (ConfUtils.java:logGet(43)) - raft.server.storage.dir = [/workdir/hadoop-ozone/integration-test/target/test-dir/MiniOzoneClusterImpl-13eae300-d7c4-487e-ad06-8500ad5b71ae/datanode-4/data/ratis] (custom)
2019-08-04 03:50:29,595 INFO  replication.SimpleContainerDownloader (SimpleContainerDownloader.java:<init>(72)) - Starting container downloader service to copy containers to replicate.
2019-08-04 03:50:29,597 INFO  hdfs.DFSUtil (DFSUtil.java:httpServerTemplateForNNAndJN(1641)) - Starting Web-server for hddsDatanode at: http://0.0.0.0:0
2019-08-04 03:50:29,598 INFO  server.AuthenticationFilter (AuthenticationFilter.java:constructSecretProvider(240)) - Unable to initialize FileSignerSecretProvider, falling back to use random secrets.
2019-08-04 03:50:29,599 WARN  http.HttpRequestLog (HttpRequestLog.java:getRequestLog(97)) - Jetty request log can only be enabled using Log4j
2019-08-04 03:50:29,600 INFO  http.HttpServer2 (HttpServer2.java:addGlobalFilter(975)) - Added global filter 'safety' (class=org.apache.hadoop.http.HttpServer2$QuotingInputFilter)
2019-08-04 03:50:29,600 INFO  http.HttpServer2 (HttpServer2.java:addFilter(948)) - Added filter static_user_filter (class=org.apache.hadoop.http.lib.StaticUserWebFilter$StaticUserFilter) to context hddsDatanode
2019-08-04 03:50:29,601 INFO  http.HttpServer2 (HttpServer2.java:addFilter(958)) - Added filter static_user_filter (class=org.apache.hadoop.http.lib.StaticUserWebFilter$StaticUserFilter) to context logs
2019-08-04 03:50:29,601 INFO  http.HttpServer2 (HttpServer2.java:addFilter(958)) - Added filter static_user_filter (class=org.apache.hadoop.http.lib.StaticUserWebFilter$StaticUserFilter) to context static
2019-08-04 03:50:29,601 INFO  http.HttpServer2 (HttpServer2.java:bindListener(1191)) - Jetty bound to port 46109
2019-08-04 03:50:29,602 INFO  server.Server (Server.java:doStart(351)) - jetty-9.3.24.v20180605, build timestamp: 2018-06-05T17:11:56Z, git hash: 84205aa28f11a4f31f2a3b86d1bba2cc8ab69827
2019-08-04 03:50:29,604 INFO  handler.ContextHandler (ContextHandler.java:doStart(781)) - Started o.e.j.s.ServletContextHandler@48d739f{/logs,file:///workdir/hadoop-ozone/integration-test/target/log,AVAILABLE}
2019-08-04 03:50:29,604 INFO  handler.ContextHandler (ContextHandler.java:doStart(781)) - Started o.e.j.s.ServletContextHandler@65cc5252{/static,jar:file:/home/user/.m2/repository/org/apache/hadoop/hadoop-hdds-container-service/0.4.1-SNAPSHOT/hadoop-hdds-container-service-0.4.1-SNAPSHOT.jar!/webapps/static,AVAILABLE}
2019-08-04 03:50:29,632 INFO  handler.ContextHandler (ContextHandler.java:doStart(781)) - Started o.e.j.w.WebAppContext@53d6e959{/,file:///tmp/jetty-0.0.0.0-46109-hddsDatanode-_-any-2091048817904859996.dir/webapp/,AVAILABLE}{/hddsDatanode}
2019-08-04 03:50:29,632 INFO  server.AbstractConnector (AbstractConnector.java:doStart(278)) - Started ServerConnector@3caee3a8{HTTP/1.1,[http/1.1]}{0.0.0.0:46109}
2019-08-04 03:50:29,633 INFO  server.Server (Server.java:doStart(419)) - Started @7145ms
2019-08-04 03:50:29,634 INFO  server.BaseHttpServer (BaseHttpServer.java:updateConnectorAddress(207)) - HTTP server of HDDSDATANODE is listening at http://0.0.0.0:46109
2019-08-04 03:50:29,758 INFO  ozone.HddsDatanodeService (HddsDatanodeService.java:startPlugins(395)) - Started plug-in org.apache.hadoop.ozone.web.OzoneHddsDatanodeService@454bcbbf
2019-08-04 03:50:29,758 INFO  impl.MetricsSystemImpl (MetricsSystemImpl.java:init(158)) - HddsDatanode metrics system started (again)
2019-08-04 03:50:29,762 INFO  ozone.HddsDatanodeService (HddsDatanodeService.java:start(184)) - HddsDatanodeService host:byscane-nightly-gb268-2566207830 ip:192.168.157.250
2019-08-04 03:50:29,763 INFO  util.JvmPauseMonitor (JvmPauseMonitor.java:run(188)) - Starting JVM pause monitor
2019-08-04 03:50:29,766 INFO  datanode.InitDatanodeState (InitDatanodeState.java:persistContainerDatanodeDetails(140)) - DatanodeDetails is persisted to /workdir/hadoop-ozone/integration-test/target/test-dir/MiniOzoneClusterImpl-13eae300-d7c4-487e-ad06-8500ad5b71ae/datanode-4/meta/datanode.id
2019-08-04 03:50:29,770 INFO  volume.HddsVolume (HddsVolume.java:<init>(176)) - Creating Volume: /workdir/hadoop-ozone/integration-test/target/test-dir/MiniOzoneClusterImpl-13eae300-d7c4-487e-ad06-8500ad5b71ae/datanode-5/data/containers/hdds of  storage type : DISK and capacity : 52710309888
2019-08-04 03:50:29,771 INFO  volume.VolumeSet (VolumeSet.java:initializeVolumeSet(170)) - Added Volume : /workdir/hadoop-ozone/integration-test/target/test-dir/MiniOzoneClusterImpl-13eae300-d7c4-487e-ad06-8500ad5b71ae/datanode-5/data/containers/hdds to VolumeSet
2019-08-04 03:50:29,771 INFO  volume.ThrottledAsyncChecker (ThrottledAsyncChecker.java:schedule(140)) - Scheduling a check for org.apache.hadoop.ozone.container.common.volume.HddsVolume@79ca7bea
2019-08-04 03:50:29,771 INFO  volume.HddsVolumeChecker (HddsVolumeChecker.java:checkAllVolumes(203)) - Scheduled health check for volume org.apache.hadoop.ozone.container.common.volume.HddsVolume@79ca7bea
2019-08-04 03:50:29,784 INFO  impl.RaftServerProxy (ConfUtils.java:logGet(43)) - raft.rpc.type = GRPC (default)
2019-08-04 03:50:29,785 INFO  grpc.GrpcFactory (GrpcFactory.java:checkPooledByteBufAllocatorUseCacheForAllThreads(45)) - PERFORMANCE WARNING: useCacheForAllThreads is true that may cause Netty to create a lot garbage objects and, as a result, trigger GC.
	It is recommended to disable useCacheForAllThreads by setting -Dorg.apache.ratis.thirdparty.io.netty.allocator.useCacheForAllThreads=false in command line.
2019-08-04 03:50:29,785 INFO  grpc.GrpcConfigKeys$Server (ConfUtils.java:logGet(43)) - raft.grpc.server.port = 0 (default)
2019-08-04 03:50:29,785 INFO  server.GrpcService (ConfUtils.java:logGet(43)) - raft.grpc.message.size.max = 33570816 (custom)
2019-08-04 03:50:29,786 INFO  server.RaftServerConfigKeys (ConfUtils.java:logGet(43)) - raft.server.log.appender.buffer.byte-limit = 33554432 (custom)
2019-08-04 03:50:29,786 INFO  server.GrpcService (ConfUtils.java:logGet(43)) - raft.grpc.flow.control.window = 1MB (=1048576) (default)
2019-08-04 03:50:29,786 INFO  server.RaftServerConfigKeys (ConfUtils.java:logGet(43)) - raft.server.rpc.request.timeout = 3000ms (default)
2019-08-04 03:50:29,787 INFO  server.RaftServerConfigKeys (ConfUtils.java:logGet(43)) - raft.server.storage.dir = [/workdir/hadoop-ozone/integration-test/target/test-dir/MiniOzoneClusterImpl-13eae300-d7c4-487e-ad06-8500ad5b71ae/datanode-5/data/ratis] (custom)
2019-08-04 03:50:29,787 INFO  replication.SimpleContainerDownloader (SimpleContainerDownloader.java:<init>(72)) - Starting container downloader service to copy containers to replicate.
2019-08-04 03:50:29,788 INFO  hdfs.DFSUtil (DFSUtil.java:httpServerTemplateForNNAndJN(1641)) - Starting Web-server for hddsDatanode at: http://0.0.0.0:0
2019-08-04 03:50:29,789 INFO  server.AuthenticationFilter (AuthenticationFilter.java:constructSecretProvider(240)) - Unable to initialize FileSignerSecretProvider, falling back to use random secrets.
2019-08-04 03:50:29,790 WARN  http.HttpRequestLog (HttpRequestLog.java:getRequestLog(97)) - Jetty request log can only be enabled using Log4j
2019-08-04 03:50:29,791 INFO  http.HttpServer2 (HttpServer2.java:addGlobalFilter(975)) - Added global filter 'safety' (class=org.apache.hadoop.http.HttpServer2$QuotingInputFilter)
2019-08-04 03:50:29,791 INFO  http.HttpServer2 (HttpServer2.java:addFilter(948)) - Added filter static_user_filter (class=org.apache.hadoop.http.lib.StaticUserWebFilter$StaticUserFilter) to context hddsDatanode
2019-08-04 03:50:29,792 INFO  http.HttpServer2 (HttpServer2.java:addFilter(958)) - Added filter static_user_filter (class=org.apache.hadoop.http.lib.StaticUserWebFilter$StaticUserFilter) to context static
2019-08-04 03:50:29,792 INFO  http.HttpServer2 (HttpServer2.java:addFilter(958)) - Added filter static_user_filter (class=org.apache.hadoop.http.lib.StaticUserWebFilter$StaticUserFilter) to context logs
2019-08-04 03:50:29,793 INFO  http.HttpServer2 (HttpServer2.java:bindListener(1191)) - Jetty bound to port 36024
2019-08-04 03:50:29,793 INFO  server.Server (Server.java:doStart(351)) - jetty-9.3.24.v20180605, build timestamp: 2018-06-05T17:11:56Z, git hash: 84205aa28f11a4f31f2a3b86d1bba2cc8ab69827
2019-08-04 03:50:29,795 INFO  handler.ContextHandler (ContextHandler.java:doStart(781)) - Started o.e.j.s.ServletContextHandler@6c2a95d5{/logs,file:///workdir/hadoop-ozone/integration-test/target/log,AVAILABLE}
2019-08-04 03:50:29,796 INFO  handler.ContextHandler (ContextHandler.java:doStart(781)) - Started o.e.j.s.ServletContextHandler@3f048c86{/static,jar:file:/home/user/.m2/repository/org/apache/hadoop/hadoop-hdds-container-service/0.4.1-SNAPSHOT/hadoop-hdds-container-service-0.4.1-SNAPSHOT.jar!/webapps/static,AVAILABLE}
2019-08-04 03:50:29,824 INFO  handler.ContextHandler (ContextHandler.java:doStart(781)) - Started o.e.j.w.WebAppContext@4b4969ea{/,file:///tmp/jetty-0.0.0.0-36024-hddsDatanode-_-any-8061376125861562118.dir/webapp/,AVAILABLE}{/hddsDatanode}
2019-08-04 03:50:29,825 INFO  server.AbstractConnector (AbstractConnector.java:doStart(278)) - Started ServerConnector@11c581a0{HTTP/1.1,[http/1.1]}{0.0.0.0:36024}
2019-08-04 03:50:29,825 INFO  server.Server (Server.java:doStart(419)) - Started @7337ms
2019-08-04 03:50:29,826 INFO  server.BaseHttpServer (BaseHttpServer.java:updateConnectorAddress(207)) - HTTP server of HDDSDATANODE is listening at http://0.0.0.0:36024
2019-08-04 03:50:29,964 INFO  ozone.HddsDatanodeService (HddsDatanodeService.java:startPlugins(395)) - Started plug-in org.apache.hadoop.ozone.web.OzoneHddsDatanodeService@44fd7ba4
2019-08-04 03:50:29,967 INFO  ozone.MiniOzoneClusterImpl (MiniOzoneClusterImpl.java:lambda$waitForClusterToBeReady$0(142)) - Waiting for cluster to be ready. Got 0 of 6 DN Heartbeats.
2019-08-04 03:50:29,967 INFO  util.JvmPauseMonitor (JvmPauseMonitor.java:run(188)) - Starting JVM pause monitor
2019-08-04 03:50:29,970 INFO  datanode.InitDatanodeState (InitDatanodeState.java:persistContainerDatanodeDetails(140)) - DatanodeDetails is persisted to /workdir/hadoop-ozone/integration-test/target/test-dir/MiniOzoneClusterImpl-13eae300-d7c4-487e-ad06-8500ad5b71ae/datanode-5/meta/datanode.id
2019-08-04 03:50:30,967 INFO  ozone.MiniOzoneClusterImpl (MiniOzoneClusterImpl.java:lambda$waitForClusterToBeReady$0(142)) - Waiting for cluster to be ready. Got 0 of 6 DN Heartbeats.
2019-08-04 03:50:30,974 INFO  ozoneimpl.OzoneContainer (OzoneContainer.java:start(186)) - Attempting to start container services.
2019-08-04 03:50:30,976 INFO  ozoneimpl.OzoneContainer (OzoneContainer.java:startContainerScrub(160)) - Background container scrubber has been disabled by hdds.containerscrub.enabled
2019-08-04 03:50:30,976 INFO  ratis.XceiverServerRatis (XceiverServerRatis.java:start(404)) - Starting XceiverServerRatis b3d0b11a-2f88-40bd-a366-0a2a242ceeb9 at port 0
2019-08-04 03:50:31,081 INFO  impl.RaftServerProxy (RaftServerProxy.java:lambda$start$3(299)) - b3d0b11a-2f88-40bd-a366-0a2a242ceeb9: start RPC server
2019-08-04 03:50:31,125 INFO  ozoneimpl.OzoneContainer (OzoneContainer.java:start(186)) - Attempting to start container services.
2019-08-04 03:50:31,127 INFO  ozoneimpl.OzoneContainer (OzoneContainer.java:startContainerScrub(160)) - Background container scrubber has been disabled by hdds.containerscrub.enabled
2019-08-04 03:50:31,127 INFO  ratis.XceiverServerRatis (XceiverServerRatis.java:start(404)) - Starting XceiverServerRatis a644d990-7b5d-4b83-9a1c-860883dc6b06 at port 0
2019-08-04 03:50:31,137 INFO  impl.RaftServerProxy (RaftServerProxy.java:lambda$start$3(299)) - a644d990-7b5d-4b83-9a1c-860883dc6b06: start RPC server
2019-08-04 03:50:31,233 INFO  server.GrpcService (GrpcService.java:startImpl(149)) - a644d990-7b5d-4b83-9a1c-860883dc6b06: GrpcService started, listening on 0.0.0.0/0.0.0.0:39291
2019-08-04 03:50:31,233 INFO  server.GrpcService (GrpcService.java:startImpl(149)) - b3d0b11a-2f88-40bd-a366-0a2a242ceeb9: GrpcService started, listening on 0.0.0.0/0.0.0.0:35210
2019-08-04 03:50:31,234 INFO  ratis.XceiverServerRatis (XceiverServerRatis.java:start(414)) - XceiverServerRatis a644d990-7b5d-4b83-9a1c-860883dc6b06 is started using port 39291
2019-08-04 03:50:31,235 INFO  ratis.XceiverServerRatis (XceiverServerRatis.java:start(414)) - XceiverServerRatis b3d0b11a-2f88-40bd-a366-0a2a242ceeb9 is started using port 35210
2019-08-04 03:50:31,239 INFO  server.XceiverServerGrpc (XceiverServerGrpc.java:start(161)) - XceiverServerGrpc b3d0b11a-2f88-40bd-a366-0a2a242ceeb9 is started using port 36808
2019-08-04 03:50:31,239 INFO  server.XceiverServerGrpc (XceiverServerGrpc.java:start(161)) - XceiverServerGrpc a644d990-7b5d-4b83-9a1c-860883dc6b06 is started using port 43347
2019-08-04 03:50:31,341 INFO  ozoneimpl.OzoneContainer (OzoneContainer.java:start(186)) - Attempting to start container services.
2019-08-04 03:50:31,343 INFO  ozoneimpl.OzoneContainer (OzoneContainer.java:startContainerScrub(160)) - Background container scrubber has been disabled by hdds.containerscrub.enabled
2019-08-04 03:50:31,343 INFO  ratis.XceiverServerRatis (XceiverServerRatis.java:start(404)) - Starting XceiverServerRatis 10c0a52f-5aaf-43f3-a401-c5349bee55e9 at port 0
2019-08-04 03:50:31,352 INFO  impl.RaftServerProxy (RaftServerProxy.java:lambda$start$3(299)) - 10c0a52f-5aaf-43f3-a401-c5349bee55e9: start RPC server
2019-08-04 03:50:31,355 INFO  server.GrpcService (GrpcService.java:startImpl(149)) - 10c0a52f-5aaf-43f3-a401-c5349bee55e9: GrpcService started, listening on 0.0.0.0/0.0.0.0:34169
2019-08-04 03:50:31,355 INFO  ratis.XceiverServerRatis (XceiverServerRatis.java:start(414)) - XceiverServerRatis 10c0a52f-5aaf-43f3-a401-c5349bee55e9 is started using port 34169
2019-08-04 03:50:31,358 INFO  server.XceiverServerGrpc (XceiverServerGrpc.java:start(161)) - XceiverServerGrpc 10c0a52f-5aaf-43f3-a401-c5349bee55e9 is started using port 46319
2019-08-04 03:50:31,596 INFO  ozoneimpl.OzoneContainer (OzoneContainer.java:start(186)) - Attempting to start container services.
2019-08-04 03:50:31,602 INFO  ozoneimpl.OzoneContainer (OzoneContainer.java:startContainerScrub(160)) - Background container scrubber has been disabled by hdds.containerscrub.enabled
2019-08-04 03:50:31,603 INFO  ratis.XceiverServerRatis (XceiverServerRatis.java:start(404)) - Starting XceiverServerRatis dbd6a9ac-9c32-47ee-94a0-3ca05a52c05b at port 0
2019-08-04 03:50:31,612 INFO  impl.RaftServerProxy (RaftServerProxy.java:lambda$start$3(299)) - dbd6a9ac-9c32-47ee-94a0-3ca05a52c05b: start RPC server
2019-08-04 03:50:31,615 INFO  server.GrpcService (GrpcService.java:startImpl(149)) - dbd6a9ac-9c32-47ee-94a0-3ca05a52c05b: GrpcService started, listening on 0.0.0.0/0.0.0.0:36228
2019-08-04 03:50:31,616 INFO  ratis.XceiverServerRatis (XceiverServerRatis.java:start(414)) - XceiverServerRatis dbd6a9ac-9c32-47ee-94a0-3ca05a52c05b is started using port 36228
2019-08-04 03:50:31,619 INFO  server.XceiverServerGrpc (XceiverServerGrpc.java:start(161)) - XceiverServerGrpc dbd6a9ac-9c32-47ee-94a0-3ca05a52c05b is started using port 36947
2019-08-04 03:50:31,777 INFO  ozoneimpl.OzoneContainer (OzoneContainer.java:start(186)) - Attempting to start container services.
2019-08-04 03:50:31,778 INFO  ozoneimpl.OzoneContainer (OzoneContainer.java:startContainerScrub(160)) - Background container scrubber has been disabled by hdds.containerscrub.enabled
2019-08-04 03:50:31,778 INFO  ratis.XceiverServerRatis (XceiverServerRatis.java:start(404)) - Starting XceiverServerRatis 8598a113-c17e-478f-a912-bce46d01a642 at port 0
2019-08-04 03:50:31,787 INFO  impl.RaftServerProxy (RaftServerProxy.java:lambda$start$3(299)) - 8598a113-c17e-478f-a912-bce46d01a642: start RPC server
2019-08-04 03:50:31,793 INFO  server.GrpcService (GrpcService.java:startImpl(149)) - 8598a113-c17e-478f-a912-bce46d01a642: GrpcService started, listening on 0.0.0.0/0.0.0.0:43465
2019-08-04 03:50:31,793 INFO  ratis.XceiverServerRatis (XceiverServerRatis.java:start(414)) - XceiverServerRatis 8598a113-c17e-478f-a912-bce46d01a642 is started using port 43465
2019-08-04 03:50:31,797 INFO  server.XceiverServerGrpc (XceiverServerGrpc.java:start(161)) - XceiverServerGrpc 8598a113-c17e-478f-a912-bce46d01a642 is started using port 46172
2019-08-04 03:50:31,969 INFO  ozone.MiniOzoneClusterImpl (MiniOzoneClusterImpl.java:lambda$waitForClusterToBeReady$0(142)) - Waiting for cluster to be ready. Got 0 of 6 DN Heartbeats.
2019-08-04 03:50:31,985 INFO  ozoneimpl.OzoneContainer (OzoneContainer.java:start(186)) - Attempting to start container services.
2019-08-04 03:50:31,985 INFO  ozoneimpl.OzoneContainer (OzoneContainer.java:startContainerScrub(160)) - Background container scrubber has been disabled by hdds.containerscrub.enabled
2019-08-04 03:50:31,986 INFO  ratis.XceiverServerRatis (XceiverServerRatis.java:start(404)) - Starting XceiverServerRatis 77847575-4b95-46c8-8128-98f1427f22a7 at port 0
2019-08-04 03:50:31,997 INFO  impl.RaftServerProxy (RaftServerProxy.java:lambda$start$3(299)) - 77847575-4b95-46c8-8128-98f1427f22a7: start RPC server
2019-08-04 03:50:32,002 INFO  server.GrpcService (GrpcService.java:startImpl(149)) - 77847575-4b95-46c8-8128-98f1427f22a7: GrpcService started, listening on 0.0.0.0/0.0.0.0:44186
2019-08-04 03:50:32,002 INFO  ratis.XceiverServerRatis (XceiverServerRatis.java:start(414)) - XceiverServerRatis 77847575-4b95-46c8-8128-98f1427f22a7 is started using port 44186
2019-08-04 03:50:32,006 INFO  server.XceiverServerGrpc (XceiverServerGrpc.java:start(161)) - XceiverServerGrpc 77847575-4b95-46c8-8128-98f1427f22a7 is started using port 46634
2019-08-04 03:50:32,936 INFO  net.NetworkTopology (NetworkTopologyImpl.java:add(110)) - Added a new node: /default-rack/b3d0b11a-2f88-40bd-a366-0a2a242ceeb9
2019-08-04 03:50:32,936 INFO  node.SCMNodeManager (SCMNodeManager.java:register(273)) - Registered Data node : b3d0b11a-2f88-40bd-a366-0a2a242ceeb9{ip: 192.168.157.250, host: byscane-nightly-gb268-2566207830, networkLocation: /default-rack, certSerialId: null}
2019-08-04 03:50:32,942 INFO  safemode.SCMSafeModeManager (DataNodeSafeModeRule.java:process(71)) - SCM in safe mode. 1 DataNodes registered, 1 required.
2019-08-04 03:50:32,945 INFO  safemode.SCMSafeModeManager (SCMSafeModeManager.java:validateSafeModeExitRules(177)) - ScmSafeModeManager, all rules are successfully validated
2019-08-04 03:50:32,945 INFO  safemode.SCMSafeModeManager (SCMSafeModeManager.java:exitSafeMode(193)) - SCM exiting safe mode.
2019-08-04 03:50:32,970 INFO  ozone.MiniOzoneClusterImpl (MiniOzoneClusterImpl.java:lambda$waitForClusterToBeReady$0(142)) - Waiting for cluster to be ready. Got 1 of 6 DN Heartbeats.
2019-08-04 03:50:33,118 INFO  net.NetworkTopology (NetworkTopologyImpl.java:add(110)) - Added a new node: /default-rack/a644d990-7b5d-4b83-9a1c-860883dc6b06
2019-08-04 03:50:33,118 INFO  node.SCMNodeManager (SCMNodeManager.java:register(273)) - Registered Data node : a644d990-7b5d-4b83-9a1c-860883dc6b06{ip: 192.168.157.250, host: byscane-nightly-gb268-2566207830, networkLocation: /default-rack, certSerialId: null}
2019-08-04 03:50:33,317 INFO  net.NetworkTopology (NetworkTopologyImpl.java:add(110)) - Added a new node: /default-rack/10c0a52f-5aaf-43f3-a401-c5349bee55e9
2019-08-04 03:50:33,318 INFO  node.SCMNodeManager (SCMNodeManager.java:register(273)) - Registered Data node : 10c0a52f-5aaf-43f3-a401-c5349bee55e9{ip: 192.168.157.250, host: byscane-nightly-gb268-2566207830, networkLocation: /default-rack, certSerialId: null}
2019-08-04 03:50:33,540 INFO  impl.RaftServerProxy (RaftServerProxy.java:addNew(89)) - b3d0b11a-2f88-40bd-a366-0a2a242ceeb9: addNew group-03055D403537:[b3d0b11a-2f88-40bd-a366-0a2a242ceeb9:192.168.157.250:35210] returns group-03055D403537:java.util.concurrent.CompletableFuture@271c324f[Not completed]
2019-08-04 03:50:33,899 INFO  net.NetworkTopology (NetworkTopologyImpl.java:add(110)) - Added a new node: /default-rack/dbd6a9ac-9c32-47ee-94a0-3ca05a52c05b
2019-08-04 03:50:33,899 INFO  net.NetworkTopology (NetworkTopologyImpl.java:add(110)) - Added a new node: /default-rack/8598a113-c17e-478f-a912-bce46d01a642
2019-08-04 03:50:33,899 INFO  node.SCMNodeManager (SCMNodeManager.java:register(273)) - Registered Data node : dbd6a9ac-9c32-47ee-94a0-3ca05a52c05b{ip: 192.168.157.250, host: byscane-nightly-gb268-2566207830, networkLocation: /default-rack, certSerialId: null}
2019-08-04 03:50:33,900 INFO  node.SCMNodeManager (SCMNodeManager.java:register(273)) - Registered Data node : 8598a113-c17e-478f-a912-bce46d01a642{ip: 192.168.157.250, host: byscane-nightly-gb268-2566207830, networkLocation: /default-rack, certSerialId: null}
2019-08-04 03:50:33,905 INFO  impl.RaftServerImpl (RaftServerImpl.java:<init>(93)) - b3d0b11a-2f88-40bd-a366-0a2a242ceeb9: new RaftServerImpl for group-03055D403537:[b3d0b11a-2f88-40bd-a366-0a2a242ceeb9:192.168.157.250:35210] with ContainerStateMachine:uninitialized
2019-08-04 03:50:33,907 INFO  server.RaftServerConfigKeys (ConfUtils.java:logGet(43)) - raft.server.rpc.timeout.min = 5s (custom)
2019-08-04 03:50:33,909 INFO  server.RaftServerConfigKeys (ConfUtils.java:logGet(43)) - raft.server.rpc.timeout.max = 5200ms (custom)
2019-08-04 03:50:33,909 INFO  server.RaftServerConfigKeys (ConfUtils.java:logGet(43)) - raft.server.rpcslowness.timeout = 120s (custom)
2019-08-04 03:50:33,911 INFO  server.RaftServerConfigKeys (ConfUtils.java:logGet(43)) - raft.server.sleep.deviation.threshold = 300 (default)
2019-08-04 03:50:33,912 INFO  server.RaftServerConfigKeys (ConfUtils.java:logGet(43)) - raft.server.log.appender.install.snapshot.enabled = false (custom)
2019-08-04 03:50:33,922 INFO  impl.RaftServerImpl (ServerState.java:<init>(105)) - b3d0b11a-2f88-40bd-a366-0a2a242ceeb9:group-03055D403537 ConfigurationManager, init=-1: [b3d0b11a-2f88-40bd-a366-0a2a242ceeb9:192.168.157.250:35210], old=null, confs=<EMPTY_MAP>
2019-08-04 03:50:33,923 INFO  server.RaftServerConfigKeys (ConfUtils.java:logGet(43)) - raft.server.storage.dir = [/workdir/hadoop-ozone/integration-test/target/test-dir/MiniOzoneClusterImpl-13eae300-d7c4-487e-ad06-8500ad5b71ae/datanode-0/data/ratis] (custom)
2019-08-04 03:50:33,933 INFO  storage.RaftStorageDirectory (RaftStorageDirectory.java:analyzeStorage(246)) - The storage directory /workdir/hadoop-ozone/integration-test/target/test-dir/MiniOzoneClusterImpl-13eae300-d7c4-487e-ad06-8500ad5b71ae/datanode-0/data/ratis/0e1d18d1-cfc6-4e5a-8532-03055d403537 does not exist. Creating ...
2019-08-04 03:50:33,952 INFO  storage.RaftStorageDirectory (RaftStorageDirectory.java:tryLock(328)) - Lock on /workdir/hadoop-ozone/integration-test/target/test-dir/MiniOzoneClusterImpl-13eae300-d7c4-487e-ad06-8500ad5b71ae/datanode-0/data/ratis/0e1d18d1-cfc6-4e5a-8532-03055d403537/in_use.lock acquired by nodename 2413@byscane-nightly-gb268-2566207830
2019-08-04 03:50:33,967 INFO  storage.RaftStorage (RaftStorage.java:format(72)) - Storage directory /workdir/hadoop-ozone/integration-test/target/test-dir/MiniOzoneClusterImpl-13eae300-d7c4-487e-ad06-8500ad5b71ae/datanode-0/data/ratis/0e1d18d1-cfc6-4e5a-8532-03055d403537 has been successfully formatted.
2019-08-04 03:50:33,970 INFO  ozone.MiniOzoneClusterImpl (MiniOzoneClusterImpl.java:lambda$waitForClusterToBeReady$0(142)) - Waiting for cluster to be ready. Got 5 of 6 DN Heartbeats.
2019-08-04 03:50:33,971 INFO  net.NetworkTopology (NetworkTopologyImpl.java:add(110)) - Added a new node: /default-rack/77847575-4b95-46c8-8128-98f1427f22a7
2019-08-04 03:50:33,971 INFO  ratis.ContainerStateMachine (ContainerStateMachine.java:loadSnapshot(213)) - group-03055D403537: The snapshot info is null. Setting the last applied indexto:(t:0, i:~)
2019-08-04 03:50:33,972 INFO  node.SCMNodeManager (SCMNodeManager.java:register(273)) - Registered Data node : 77847575-4b95-46c8-8128-98f1427f22a7{ip: 192.168.157.250, host: byscane-nightly-gb268-2566207830, networkLocation: /default-rack, certSerialId: null}
2019-08-04 03:50:33,972 INFO  server.RaftServerConfigKeys (ConfUtils.java:logGet(43)) - raft.server.leader.election.timeout = 120s (custom)
2019-08-04 03:50:33,974 INFO  server.RaftServerConfigKeys (ConfUtils.java:logGet(43)) - raft.server.log.use.memory = false (default)
2019-08-04 03:50:33,981 INFO  server.RaftServerConfigKeys (ConfUtils.java:logGet(43)) - raft.server.log.purge.gap = 1000000000 (custom)
2019-08-04 03:50:33,981 INFO  server.RaftServerConfigKeys (ConfUtils.java:logGet(43)) - raft.server.log.appender.buffer.byte-limit = 33554432 (custom)
2019-08-04 03:50:33,983 INFO  server.RaftServerConfigKeys (ConfUtils.java:logGet(43)) - raft.server.log.segment.size.max = 1048576 (custom)
2019-08-04 03:50:33,988 INFO  server.RaftServerConfigKeys (ConfUtils.java:logGet(43)) - raft.server.log.segment.cache.num.max = 2 (custom)
2019-08-04 03:50:33,994 INFO  segmented.SegmentedRaftLogWorker (SegmentedRaftLogWorker.java:<init>(172)) - new b3d0b11a-2f88-40bd-a366-0a2a242ceeb9-SegmentedRaftLogWorker:Storage Directory /workdir/hadoop-ozone/integration-test/target/test-dir/MiniOzoneClusterImpl-13eae300-d7c4-487e-ad06-8500ad5b71ae/datanode-0/data/ratis/0e1d18d1-cfc6-4e5a-8532-03055d403537 for RaftStorage:Storage Directory /workdir/hadoop-ozone/integration-test/target/test-dir/MiniOzoneClusterImpl-13eae300-d7c4-487e-ad06-8500ad5b71ae/datanode-0/data/ratis/0e1d18d1-cfc6-4e5a-8532-03055d403537
2019-08-04 03:50:34,007 INFO  server.RaftServerConfigKeys (ConfUtils.java:logGet(43)) - raft.server.log.queue.byte-limit = 2147483647 (custom)
2019-08-04 03:50:34,007 INFO  server.RaftServerConfigKeys (ConfUtils.java:logGet(43)) - raft.server.log.queue.element-limit = 1024 (custom)
2019-08-04 03:50:34,012 INFO  server.RaftServerConfigKeys (ConfUtils.java:logGet(43)) - raft.server.log.segment.size.max = 1048576 (custom)
2019-08-04 03:50:34,013 INFO  server.RaftServerConfigKeys (ConfUtils.java:logGet(43)) - raft.server.log.preallocated.size = 16384 (custom)
2019-08-04 03:50:34,013 INFO  server.RaftServerConfigKeys (ConfUtils.java:logGet(43)) - raft.server.log.write.buffer.size = 33554432 (custom)
2019-08-04 03:50:34,014 INFO  server.RaftServerConfigKeys (ConfUtils.java:logGet(43)) - raft.server.log.force.sync.num = 128 (default)
2019-08-04 03:50:34,015 INFO  server.RaftServerConfigKeys (ConfUtils.java:logGet(43)) - raft.server.log.statemachine.data.sync = true (default)
2019-08-04 03:50:34,015 INFO  server.RaftServerConfigKeys (ConfUtils.java:logGet(43)) - raft.server.log.statemachine.data.sync.timeout = 10s (default)
2019-08-04 03:50:34,016 INFO  server.RaftServerConfigKeys (ConfUtils.java:logGet(43)) - raft.server.log.statemachine.data.sync.timeout.retry = -1 (default)
2019-08-04 03:50:34,024 INFO  server.RaftServerConfigKeys (ConfUtils.java:logGet(43)) - raft.server.log.statemachine.data.caching.enabled = true (custom)
2019-08-04 03:50:34,029 INFO  segmented.SegmentedRaftLogWorker (SegmentedRaftLogWorker.java:lambda$new$0(132)) - b3d0b11a-2f88-40bd-a366-0a2a242ceeb9-SegmentedRaftLogWorker:Storage Directory /workdir/hadoop-ozone/integration-test/target/test-dir/MiniOzoneClusterImpl-13eae300-d7c4-487e-ad06-8500ad5b71ae/datanode-0/data/ratis/0e1d18d1-cfc6-4e5a-8532-03055d403537: flushIndex: setUnconditionally 0 -> -1
2019-08-04 03:50:34,033 INFO  server.RaftServerConfigKeys (ConfUtils.java:logGet(43)) - raft.server.snapshot.auto.trigger.enabled = true (custom)
2019-08-04 03:50:34,034 INFO  server.RaftServerConfigKeys (ConfUtils.java:logGet(43)) - raft.server.snapshot.auto.trigger.threshold = 10000 (custom)
2019-08-04 03:50:34,034 INFO  server.RaftServerConfigKeys (ConfUtils.java:logGet(43)) - raft.server.retrycache.expirytime = 600000ms (custom)
2019-08-04 03:50:34,054 INFO  impl.RaftServerImpl (RaftServerImpl.java:start(180)) - b3d0b11a-2f88-40bd-a366-0a2a242ceeb9: start group-03055D403537
2019-08-04 03:50:34,055 INFO  impl.RaftServerImpl (RaftServerImpl.java:setRole(171)) - b3d0b11a-2f88-40bd-a366-0a2a242ceeb9:group-03055D403537 changes role from null to FOLLOWER at term 0 for startAsFollower
2019-08-04 03:50:34,056 INFO  impl.RoleInfo (RoleInfo.java:updateAndGet(143)) - b3d0b11a-2f88-40bd-a366-0a2a242ceeb9: start FollowerState
2019-08-04 03:50:34,057 INFO  util.JmxRegister (JmxRegister.java:tryRegister(44)) - Successfully registered JMX Bean with object name Ratis:service=RaftServer,group=group-03055D403537,id=b3d0b11a-2f88-40bd-a366-0a2a242ceeb9
2019-08-04 03:50:34,138 INFO  pipeline.PipelineStateManager (PipelineStateManager.java:addPipeline(56)) - Created pipeline Pipeline[ Id: 0e1d18d1-cfc6-4e5a-8532-03055d403537, Nodes: b3d0b11a-2f88-40bd-a366-0a2a242ceeb9{ip: 192.168.157.250, host: byscane-nightly-gb268-2566207830, networkLocation: /default-rack, certSerialId: null}, Type:RATIS, Factor:ONE, State:OPEN]
2019-08-04 03:50:34,168 INFO  impl.RaftServerProxy (RaftServerProxy.java:addNew(89)) - 10c0a52f-5aaf-43f3-a401-c5349bee55e9: addNew group-46B3EF15E392:[10c0a52f-5aaf-43f3-a401-c5349bee55e9:192.168.157.250:34169] returns group-46B3EF15E392:java.util.concurrent.CompletableFuture@26f89e42[Not completed]
2019-08-04 03:50:34,228 INFO  impl.RaftServerImpl (RaftServerImpl.java:<init>(93)) - 10c0a52f-5aaf-43f3-a401-c5349bee55e9: new RaftServerImpl for group-46B3EF15E392:[10c0a52f-5aaf-43f3-a401-c5349bee55e9:192.168.157.250:34169] with ContainerStateMachine:uninitialized
2019-08-04 03:50:34,229 INFO  server.RaftServerConfigKeys (ConfUtils.java:logGet(43)) - raft.server.rpc.timeout.min = 5s (custom)
2019-08-04 03:50:34,229 INFO  server.RaftServerConfigKeys (ConfUtils.java:logGet(43)) - raft.server.rpc.timeout.max = 5200ms (custom)
2019-08-04 03:50:34,229 INFO  server.RaftServerConfigKeys (ConfUtils.java:logGet(43)) - raft.server.rpcslowness.timeout = 120s (custom)
2019-08-04 03:50:34,229 INFO  server.RaftServerConfigKeys (ConfUtils.java:logGet(43)) - raft.server.sleep.deviation.threshold = 300 (default)
2019-08-04 03:50:34,230 INFO  server.RaftServerConfigKeys (ConfUtils.java:logGet(43)) - raft.server.log.appender.install.snapshot.enabled = false (custom)
2019-08-04 03:50:34,230 INFO  impl.RaftServerImpl (ServerState.java:<init>(105)) - 10c0a52f-5aaf-43f3-a401-c5349bee55e9:group-46B3EF15E392 ConfigurationManager, init=-1: [10c0a52f-5aaf-43f3-a401-c5349bee55e9:192.168.157.250:34169], old=null, confs=<EMPTY_MAP>
2019-08-04 03:50:34,230 INFO  server.RaftServerConfigKeys (ConfUtils.java:logGet(43)) - raft.server.storage.dir = [/workdir/hadoop-ozone/integration-test/target/test-dir/MiniOzoneClusterImpl-13eae300-d7c4-487e-ad06-8500ad5b71ae/datanode-2/data/ratis] (custom)
2019-08-04 03:50:34,230 INFO  storage.RaftStorageDirectory (RaftStorageDirectory.java:analyzeStorage(246)) - The storage directory /workdir/hadoop-ozone/integration-test/target/test-dir/MiniOzoneClusterImpl-13eae300-d7c4-487e-ad06-8500ad5b71ae/datanode-2/data/ratis/90c01100-42c0-418c-a182-46b3ef15e392 does not exist. Creating ...
2019-08-04 03:50:34,245 INFO  storage.RaftStorageDirectory (RaftStorageDirectory.java:tryLock(328)) - Lock on /workdir/hadoop-ozone/integration-test/target/test-dir/MiniOzoneClusterImpl-13eae300-d7c4-487e-ad06-8500ad5b71ae/datanode-2/data/ratis/90c01100-42c0-418c-a182-46b3ef15e392/in_use.lock acquired by nodename 2413@byscane-nightly-gb268-2566207830
2019-08-04 03:50:34,278 INFO  storage.RaftStorage (RaftStorage.java:format(72)) - Storage directory /workdir/hadoop-ozone/integration-test/target/test-dir/MiniOzoneClusterImpl-13eae300-d7c4-487e-ad06-8500ad5b71ae/datanode-2/data/ratis/90c01100-42c0-418c-a182-46b3ef15e392 has been successfully formatted.
2019-08-04 03:50:34,280 INFO  ratis.ContainerStateMachine (ContainerStateMachine.java:loadSnapshot(213)) - group-46B3EF15E392: The snapshot info is null. Setting the last applied indexto:(t:0, i:~)
2019-08-04 03:50:34,282 INFO  server.RaftServerConfigKeys (ConfUtils.java:logGet(43)) - raft.server.leader.election.timeout = 120s (custom)
2019-08-04 03:50:34,282 INFO  server.RaftServerConfigKeys (ConfUtils.java:logGet(43)) - raft.server.log.use.memory = false (default)
2019-08-04 03:50:34,282 INFO  server.RaftServerConfigKeys (ConfUtils.java:logGet(43)) - raft.server.log.purge.gap = 1000000000 (custom)
2019-08-04 03:50:34,282 INFO  server.RaftServerConfigKeys (ConfUtils.java:logGet(43)) - raft.server.log.appender.buffer.byte-limit = 33554432 (custom)
2019-08-04 03:50:34,282 INFO  server.RaftServerConfigKeys (ConfUtils.java:logGet(43)) - raft.server.log.segment.size.max = 1048576 (custom)
2019-08-04 03:50:34,283 INFO  server.RaftServerConfigKeys (ConfUtils.java:logGet(43)) - raft.server.log.segment.cache.num.max = 2 (custom)
2019-08-04 03:50:34,283 INFO  segmented.SegmentedRaftLogWorker (SegmentedRaftLogWorker.java:<init>(172)) - new 10c0a52f-5aaf-43f3-a401-c5349bee55e9-SegmentedRaftLogWorker:Storage Directory /workdir/hadoop-ozone/integration-test/target/test-dir/MiniOzoneClusterImpl-13eae300-d7c4-487e-ad06-8500ad5b71ae/datanode-2/data/ratis/90c01100-42c0-418c-a182-46b3ef15e392 for RaftStorage:Storage Directory /workdir/hadoop-ozone/integration-test/target/test-dir/MiniOzoneClusterImpl-13eae300-d7c4-487e-ad06-8500ad5b71ae/datanode-2/data/ratis/90c01100-42c0-418c-a182-46b3ef15e392
2019-08-04 03:50:34,284 INFO  server.RaftServerConfigKeys (ConfUtils.java:logGet(43)) - raft.server.log.queue.byte-limit = 2147483647 (custom)
2019-08-04 03:50:34,284 INFO  server.RaftServerConfigKeys (ConfUtils.java:logGet(43)) - raft.server.log.queue.element-limit = 1024 (custom)
2019-08-04 03:50:34,285 INFO  server.RaftServerConfigKeys (ConfUtils.java:logGet(43)) - raft.server.log.segment.size.max = 1048576 (custom)
2019-08-04 03:50:34,285 INFO  server.RaftServerConfigKeys (ConfUtils.java:logGet(43)) - raft.server.log.preallocated.size = 16384 (custom)
2019-08-04 03:50:34,285 INFO  server.RaftServerConfigKeys (ConfUtils.java:logGet(43)) - raft.server.log.write.buffer.size = 33554432 (custom)
2019-08-04 03:50:34,285 INFO  server.RaftServerConfigKeys (ConfUtils.java:logGet(43)) - raft.server.log.force.sync.num = 128 (default)
2019-08-04 03:50:34,285 INFO  server.RaftServerConfigKeys (ConfUtils.java:logGet(43)) - raft.server.log.statemachine.data.sync = true (default)
2019-08-04 03:50:34,286 INFO  server.RaftServerConfigKeys (ConfUtils.java:logGet(43)) - raft.server.log.statemachine.data.sync.timeout = 10s (default)
2019-08-04 03:50:34,286 INFO  server.RaftServerConfigKeys (ConfUtils.java:logGet(43)) - raft.server.log.statemachine.data.sync.timeout.retry = -1 (default)
2019-08-04 03:50:34,286 INFO  server.RaftServerConfigKeys (ConfUtils.java:logGet(43)) - raft.server.log.statemachine.data.caching.enabled = true (custom)
2019-08-04 03:50:34,287 INFO  segmented.SegmentedRaftLogWorker (SegmentedRaftLogWorker.java:lambda$new$0(132)) - 10c0a52f-5aaf-43f3-a401-c5349bee55e9-SegmentedRaftLogWorker:Storage Directory /workdir/hadoop-ozone/integration-test/target/test-dir/MiniOzoneClusterImpl-13eae300-d7c4-487e-ad06-8500ad5b71ae/datanode-2/data/ratis/90c01100-42c0-418c-a182-46b3ef15e392: flushIndex: setUnconditionally 0 -> -1
2019-08-04 03:50:34,287 INFO  server.RaftServerConfigKeys (ConfUtils.java:logGet(43)) - raft.server.snapshot.auto.trigger.enabled = true (custom)
2019-08-04 03:50:34,287 INFO  server.RaftServerConfigKeys (ConfUtils.java:logGet(43)) - raft.server.snapshot.auto.trigger.threshold = 10000 (custom)
2019-08-04 03:50:34,287 INFO  server.RaftServerConfigKeys (ConfUtils.java:logGet(43)) - raft.server.retrycache.expirytime = 600000ms (custom)
2019-08-04 03:50:34,288 INFO  impl.RaftServerImpl (RaftServerImpl.java:start(180)) - 10c0a52f-5aaf-43f3-a401-c5349bee55e9: start group-46B3EF15E392
2019-08-04 03:50:34,288 INFO  impl.RaftServerImpl (RaftServerImpl.java:setRole(171)) - 10c0a52f-5aaf-43f3-a401-c5349bee55e9:group-46B3EF15E392 changes role from null to FOLLOWER at term 0 for startAsFollower
2019-08-04 03:50:34,288 INFO  impl.RoleInfo (RoleInfo.java:updateAndGet(143)) - 10c0a52f-5aaf-43f3-a401-c5349bee55e9: start FollowerState
2019-08-04 03:50:34,292 INFO  util.JmxRegister (JmxRegister.java:tryRegister(44)) - Successfully registered JMX Bean with object name Ratis:service=RaftServer,group=group-46B3EF15E392,id=10c0a52f-5aaf-43f3-a401-c5349bee55e9
2019-08-04 03:50:34,308 INFO  pipeline.PipelineStateManager (PipelineStateManager.java:addPipeline(56)) - Created pipeline Pipeline[ Id: 90c01100-42c0-418c-a182-46b3ef15e392, Nodes: 10c0a52f-5aaf-43f3-a401-c5349bee55e9{ip: 192.168.157.250, host: byscane-nightly-gb268-2566207830, networkLocation: /default-rack, certSerialId: null}, Type:RATIS, Factor:ONE, State:OPEN]
2019-08-04 03:50:34,332 INFO  impl.RaftServerProxy (RaftServerProxy.java:addNew(89)) - a644d990-7b5d-4b83-9a1c-860883dc6b06: addNew group-ECE3782238BA:[a644d990-7b5d-4b83-9a1c-860883dc6b06:192.168.157.250:39291] returns group-ECE3782238BA:java.util.concurrent.CompletableFuture@59f3e17a[Not completed]
2019-08-04 03:50:34,344 INFO  impl.RaftServerImpl (RaftServerImpl.java:<init>(93)) - a644d990-7b5d-4b83-9a1c-860883dc6b06: new RaftServerImpl for group-ECE3782238BA:[a644d990-7b5d-4b83-9a1c-860883dc6b06:192.168.157.250:39291] with ContainerStateMachine:uninitialized
2019-08-04 03:50:34,344 INFO  server.RaftServerConfigKeys (ConfUtils.java:logGet(43)) - raft.server.rpc.timeout.min = 5s (custom)
2019-08-04 03:50:34,345 INFO  server.RaftServerConfigKeys (ConfUtils.java:logGet(43)) - raft.server.rpc.timeout.max = 5200ms (custom)
2019-08-04 03:50:34,345 INFO  server.RaftServerConfigKeys (ConfUtils.java:logGet(43)) - raft.server.rpcslowness.timeout = 120s (custom)
2019-08-04 03:50:34,345 INFO  server.RaftServerConfigKeys (ConfUtils.java:logGet(43)) - raft.server.sleep.deviation.threshold = 300 (default)
2019-08-04 03:50:34,345 INFO  server.RaftServerConfigKeys (ConfUtils.java:logGet(43)) - raft.server.log.appender.install.snapshot.enabled = false (custom)
2019-08-04 03:50:34,345 INFO  impl.RaftServerImpl (ServerState.java:<init>(105)) - a644d990-7b5d-4b83-9a1c-860883dc6b06:group-ECE3782238BA ConfigurationManager, init=-1: [a644d990-7b5d-4b83-9a1c-860883dc6b06:192.168.157.250:39291], old=null, confs=<EMPTY_MAP>
2019-08-04 03:50:34,346 INFO  server.RaftServerConfigKeys (ConfUtils.java:logGet(43)) - raft.server.storage.dir = [/workdir/hadoop-ozone/integration-test/target/test-dir/MiniOzoneClusterImpl-13eae300-d7c4-487e-ad06-8500ad5b71ae/datanode-1/data/ratis] (custom)
2019-08-04 03:50:34,346 INFO  storage.RaftStorageDirectory (RaftStorageDirectory.java:analyzeStorage(246)) - The storage directory /workdir/hadoop-ozone/integration-test/target/test-dir/MiniOzoneClusterImpl-13eae300-d7c4-487e-ad06-8500ad5b71ae/datanode-1/data/ratis/6bc1e92e-5b3e-46a6-81f6-ece3782238ba does not exist. Creating ...
2019-08-04 03:50:34,371 INFO  storage.RaftStorageDirectory (RaftStorageDirectory.java:tryLock(328)) - Lock on /workdir/hadoop-ozone/integration-test/target/test-dir/MiniOzoneClusterImpl-13eae300-d7c4-487e-ad06-8500ad5b71ae/datanode-1/data/ratis/6bc1e92e-5b3e-46a6-81f6-ece3782238ba/in_use.lock acquired by nodename 2413@byscane-nightly-gb268-2566207830
2019-08-04 03:50:34,384 INFO  storage.RaftStorage (RaftStorage.java:format(72)) - Storage directory /workdir/hadoop-ozone/integration-test/target/test-dir/MiniOzoneClusterImpl-13eae300-d7c4-487e-ad06-8500ad5b71ae/datanode-1/data/ratis/6bc1e92e-5b3e-46a6-81f6-ece3782238ba has been successfully formatted.
2019-08-04 03:50:34,384 INFO  ratis.ContainerStateMachine (ContainerStateMachine.java:loadSnapshot(213)) - group-ECE3782238BA: The snapshot info is null. Setting the last applied indexto:(t:0, i:~)
2019-08-04 03:50:34,384 INFO  server.RaftServerConfigKeys (ConfUtils.java:logGet(43)) - raft.server.leader.election.timeout = 120s (custom)
2019-08-04 03:50:34,384 INFO  server.RaftServerConfigKeys (ConfUtils.java:logGet(43)) - raft.server.log.use.memory = false (default)
2019-08-04 03:50:34,385 INFO  server.RaftServerConfigKeys (ConfUtils.java:logGet(43)) - raft.server.log.purge.gap = 1000000000 (custom)
2019-08-04 03:50:34,385 INFO  server.RaftServerConfigKeys (ConfUtils.java:logGet(43)) - raft.server.log.appender.buffer.byte-limit = 33554432 (custom)
2019-08-04 03:50:34,385 INFO  server.RaftServerConfigKeys (ConfUtils.java:logGet(43)) - raft.server.log.segment.size.max = 1048576 (custom)
2019-08-04 03:50:34,385 INFO  server.RaftServerConfigKeys (ConfUtils.java:logGet(43)) - raft.server.log.segment.cache.num.max = 2 (custom)
2019-08-04 03:50:34,385 INFO  segmented.SegmentedRaftLogWorker (SegmentedRaftLogWorker.java:<init>(172)) - new a644d990-7b5d-4b83-9a1c-860883dc6b06-SegmentedRaftLogWorker:Storage Directory /workdir/hadoop-ozone/integration-test/target/test-dir/MiniOzoneClusterImpl-13eae300-d7c4-487e-ad06-8500ad5b71ae/datanode-1/data/ratis/6bc1e92e-5b3e-46a6-81f6-ece3782238ba for RaftStorage:Storage Directory /workdir/hadoop-ozone/integration-test/target/test-dir/MiniOzoneClusterImpl-13eae300-d7c4-487e-ad06-8500ad5b71ae/datanode-1/data/ratis/6bc1e92e-5b3e-46a6-81f6-ece3782238ba
2019-08-04 03:50:34,386 INFO  server.RaftServerConfigKeys (ConfUtils.java:logGet(43)) - raft.server.log.queue.byte-limit = 2147483647 (custom)
2019-08-04 03:50:34,386 INFO  server.RaftServerConfigKeys (ConfUtils.java:logGet(43)) - raft.server.log.queue.element-limit = 1024 (custom)
2019-08-04 03:50:34,386 INFO  server.RaftServerConfigKeys (ConfUtils.java:logGet(43)) - raft.server.log.segment.size.max = 1048576 (custom)
2019-08-04 03:50:34,386 INFO  server.RaftServerConfigKeys (ConfUtils.java:logGet(43)) - raft.server.log.preallocated.size = 16384 (custom)
2019-08-04 03:50:34,387 INFO  server.RaftServerConfigKeys (ConfUtils.java:logGet(43)) - raft.server.log.write.buffer.size = 33554432 (custom)
2019-08-04 03:50:34,387 INFO  server.RaftServerConfigKeys (ConfUtils.java:logGet(43)) - raft.server.log.force.sync.num = 128 (default)
2019-08-04 03:50:34,387 INFO  server.RaftServerConfigKeys (ConfUtils.java:logGet(43)) - raft.server.log.statemachine.data.sync = true (default)
2019-08-04 03:50:34,387 INFO  server.RaftServerConfigKeys (ConfUtils.java:logGet(43)) - raft.server.log.statemachine.data.sync.timeout = 10s (default)
2019-08-04 03:50:34,387 INFO  server.RaftServerConfigKeys (ConfUtils.java:logGet(43)) - raft.server.log.statemachine.data.sync.timeout.retry = -1 (default)
2019-08-04 03:50:34,388 INFO  server.RaftServerConfigKeys (ConfUtils.java:logGet(43)) - raft.server.log.statemachine.data.caching.enabled = true (custom)
2019-08-04 03:50:34,388 INFO  segmented.SegmentedRaftLogWorker (SegmentedRaftLogWorker.java:lambda$new$0(132)) - a644d990-7b5d-4b83-9a1c-860883dc6b06-SegmentedRaftLogWorker:Storage Directory /workdir/hadoop-ozone/integration-test/target/test-dir/MiniOzoneClusterImpl-13eae300-d7c4-487e-ad06-8500ad5b71ae/datanode-1/data/ratis/6bc1e92e-5b3e-46a6-81f6-ece3782238ba: flushIndex: setUnconditionally 0 -> -1
2019-08-04 03:50:34,389 INFO  server.RaftServerConfigKeys (ConfUtils.java:logGet(43)) - raft.server.snapshot.auto.trigger.enabled = true (custom)
2019-08-04 03:50:34,389 INFO  server.RaftServerConfigKeys (ConfUtils.java:logGet(43)) - raft.server.snapshot.auto.trigger.threshold = 10000 (custom)
2019-08-04 03:50:34,389 INFO  server.RaftServerConfigKeys (ConfUtils.java:logGet(43)) - raft.server.retrycache.expirytime = 600000ms (custom)
2019-08-04 03:50:34,390 INFO  impl.RaftServerImpl (RaftServerImpl.java:start(180)) - a644d990-7b5d-4b83-9a1c-860883dc6b06: start group-ECE3782238BA
2019-08-04 03:50:34,390 INFO  impl.RaftServerImpl (RaftServerImpl.java:setRole(171)) - a644d990-7b5d-4b83-9a1c-860883dc6b06:group-ECE3782238BA changes role from null to FOLLOWER at term 0 for startAsFollower
2019-08-04 03:50:34,390 INFO  impl.RoleInfo (RoleInfo.java:updateAndGet(143)) - a644d990-7b5d-4b83-9a1c-860883dc6b06: start FollowerState
2019-08-04 03:50:34,391 INFO  util.JmxRegister (JmxRegister.java:tryRegister(44)) - Successfully registered JMX Bean with object name Ratis:service=RaftServer,group=group-ECE3782238BA,id=a644d990-7b5d-4b83-9a1c-860883dc6b06
2019-08-04 03:50:34,402 INFO  pipeline.PipelineStateManager (PipelineStateManager.java:addPipeline(56)) - Created pipeline Pipeline[ Id: 6bc1e92e-5b3e-46a6-81f6-ece3782238ba, Nodes: a644d990-7b5d-4b83-9a1c-860883dc6b06{ip: 192.168.157.250, host: byscane-nightly-gb268-2566207830, networkLocation: /default-rack, certSerialId: null}, Type:RATIS, Factor:ONE, State:OPEN]
2019-08-04 03:50:34,426 INFO  impl.RaftServerProxy (RaftServerProxy.java:addNew(89)) - 77847575-4b95-46c8-8128-98f1427f22a7: addNew group-C8E3DF69B462:[77847575-4b95-46c8-8128-98f1427f22a7:192.168.157.250:44186] returns group-C8E3DF69B462:java.util.concurrent.CompletableFuture@71e843c[Not completed]
2019-08-04 03:50:34,430 INFO  impl.RaftServerImpl (RaftServerImpl.java:<init>(93)) - 77847575-4b95-46c8-8128-98f1427f22a7: new RaftServerImpl for group-C8E3DF69B462:[77847575-4b95-46c8-8128-98f1427f22a7:192.168.157.250:44186] with ContainerStateMachine:uninitialized
2019-08-04 03:50:34,430 INFO  server.RaftServerConfigKeys (ConfUtils.java:logGet(43)) - raft.server.rpc.timeout.min = 5s (custom)
2019-08-04 03:50:34,430 INFO  server.RaftServerConfigKeys (ConfUtils.java:logGet(43)) - raft.server.rpc.timeout.max = 5200ms (custom)
2019-08-04 03:50:34,431 INFO  server.RaftServerConfigKeys (ConfUtils.java:logGet(43)) - raft.server.rpcslowness.timeout = 120s (custom)
2019-08-04 03:50:34,431 INFO  server.RaftServerConfigKeys (ConfUtils.java:logGet(43)) - raft.server.sleep.deviation.threshold = 300 (default)
2019-08-04 03:50:34,431 INFO  server.RaftServerConfigKeys (ConfUtils.java:logGet(43)) - raft.server.log.appender.install.snapshot.enabled = false (custom)
2019-08-04 03:50:34,431 INFO  impl.RaftServerImpl (ServerState.java:<init>(105)) - 77847575-4b95-46c8-8128-98f1427f22a7:group-C8E3DF69B462 ConfigurationManager, init=-1: [77847575-4b95-46c8-8128-98f1427f22a7:192.168.157.250:44186], old=null, confs=<EMPTY_MAP>
2019-08-04 03:50:34,432 INFO  server.RaftServerConfigKeys (ConfUtils.java:logGet(43)) - raft.server.storage.dir = [/workdir/hadoop-ozone/integration-test/target/test-dir/MiniOzoneClusterImpl-13eae300-d7c4-487e-ad06-8500ad5b71ae/datanode-5/data/ratis] (custom)
2019-08-04 03:50:34,432 INFO  storage.RaftStorageDirectory (RaftStorageDirectory.java:analyzeStorage(246)) - The storage directory /workdir/hadoop-ozone/integration-test/target/test-dir/MiniOzoneClusterImpl-13eae300-d7c4-487e-ad06-8500ad5b71ae/datanode-5/data/ratis/4816f425-3d04-44cc-b94b-c8e3df69b462 does not exist. Creating ...
2019-08-04 03:50:34,446 INFO  storage.RaftStorageDirectory (RaftStorageDirectory.java:tryLock(328)) - Lock on /workdir/hadoop-ozone/integration-test/target/test-dir/MiniOzoneClusterImpl-13eae300-d7c4-487e-ad06-8500ad5b71ae/datanode-5/data/ratis/4816f425-3d04-44cc-b94b-c8e3df69b462/in_use.lock acquired by nodename 2413@byscane-nightly-gb268-2566207830
2019-08-04 03:50:34,459 INFO  storage.RaftStorage (RaftStorage.java:format(72)) - Storage directory /workdir/hadoop-ozone/integration-test/target/test-dir/MiniOzoneClusterImpl-13eae300-d7c4-487e-ad06-8500ad5b71ae/datanode-5/data/ratis/4816f425-3d04-44cc-b94b-c8e3df69b462 has been successfully formatted.
2019-08-04 03:50:34,459 INFO  ratis.ContainerStateMachine (ContainerStateMachine.java:loadSnapshot(213)) - group-C8E3DF69B462: The snapshot info is null. Setting the last applied indexto:(t:0, i:~)
2019-08-04 03:50:34,460 INFO  server.RaftServerConfigKeys (ConfUtils.java:logGet(43)) - raft.server.leader.election.timeout = 120s (custom)
2019-08-04 03:50:34,460 INFO  server.RaftServerConfigKeys (ConfUtils.java:logGet(43)) - raft.server.log.use.memory = false (default)
2019-08-04 03:50:34,460 INFO  server.RaftServerConfigKeys (ConfUtils.java:logGet(43)) - raft.server.log.purge.gap = 1000000000 (custom)
2019-08-04 03:50:34,460 INFO  server.RaftServerConfigKeys (ConfUtils.java:logGet(43)) - raft.server.log.appender.buffer.byte-limit = 33554432 (custom)
2019-08-04 03:50:34,460 INFO  server.RaftServerConfigKeys (ConfUtils.java:logGet(43)) - raft.server.log.segment.size.max = 1048576 (custom)
2019-08-04 03:50:34,460 INFO  server.RaftServerConfigKeys (ConfUtils.java:logGet(43)) - raft.server.log.segment.cache.num.max = 2 (custom)
2019-08-04 03:50:34,461 INFO  segmented.SegmentedRaftLogWorker (SegmentedRaftLogWorker.java:<init>(172)) - new 77847575-4b95-46c8-8128-98f1427f22a7-SegmentedRaftLogWorker:Storage Directory /workdir/hadoop-ozone/integration-test/target/test-dir/MiniOzoneClusterImpl-13eae300-d7c4-487e-ad06-8500ad5b71ae/datanode-5/data/ratis/4816f425-3d04-44cc-b94b-c8e3df69b462 for RaftStorage:Storage Directory /workdir/hadoop-ozone/integration-test/target/test-dir/MiniOzoneClusterImpl-13eae300-d7c4-487e-ad06-8500ad5b71ae/datanode-5/data/ratis/4816f425-3d04-44cc-b94b-c8e3df69b462
2019-08-04 03:50:34,461 INFO  server.RaftServerConfigKeys (ConfUtils.java:logGet(43)) - raft.server.log.queue.byte-limit = 2147483647 (custom)
2019-08-04 03:50:34,461 INFO  server.RaftServerConfigKeys (ConfUtils.java:logGet(43)) - raft.server.log.queue.element-limit = 1024 (custom)
2019-08-04 03:50:34,461 INFO  server.RaftServerConfigKeys (ConfUtils.java:logGet(43)) - raft.server.log.segment.size.max = 1048576 (custom)
2019-08-04 03:50:34,462 INFO  server.RaftServerConfigKeys (ConfUtils.java:logGet(43)) - raft.server.log.preallocated.size = 16384 (custom)
2019-08-04 03:50:34,462 INFO  server.RaftServerConfigKeys (ConfUtils.java:logGet(43)) - raft.server.log.write.buffer.size = 33554432 (custom)
2019-08-04 03:50:34,462 INFO  server.RaftServerConfigKeys (ConfUtils.java:logGet(43)) - raft.server.log.force.sync.num = 128 (default)
2019-08-04 03:50:34,462 INFO  server.RaftServerConfigKeys (ConfUtils.java:logGet(43)) - raft.server.log.statemachine.data.sync = true (default)
2019-08-04 03:50:34,463 INFO  server.RaftServerConfigKeys (ConfUtils.java:logGet(43)) - raft.server.log.statemachine.data.sync.timeout = 10s (default)
2019-08-04 03:50:34,463 INFO  server.RaftServerConfigKeys (ConfUtils.java:logGet(43)) - raft.server.log.statemachine.data.sync.timeout.retry = -1 (default)
2019-08-04 03:50:34,463 INFO  server.RaftServerConfigKeys (ConfUtils.java:logGet(43)) - raft.server.log.statemachine.data.caching.enabled = true (custom)
2019-08-04 03:50:34,464 INFO  segmented.SegmentedRaftLogWorker (SegmentedRaftLogWorker.java:lambda$new$0(132)) - 77847575-4b95-46c8-8128-98f1427f22a7-SegmentedRaftLogWorker:Storage Directory /workdir/hadoop-ozone/integration-test/target/test-dir/MiniOzoneClusterImpl-13eae300-d7c4-487e-ad06-8500ad5b71ae/datanode-5/data/ratis/4816f425-3d04-44cc-b94b-c8e3df69b462: flushIndex: setUnconditionally 0 -> -1
2019-08-04 03:50:34,464 INFO  server.RaftServerConfigKeys (ConfUtils.java:logGet(43)) - raft.server.snapshot.auto.trigger.enabled = true (custom)
2019-08-04 03:50:34,464 INFO  server.RaftServerConfigKeys (ConfUtils.java:logGet(43)) - raft.server.snapshot.auto.trigger.threshold = 10000 (custom)
2019-08-04 03:50:34,465 INFO  server.RaftServerConfigKeys (ConfUtils.java:logGet(43)) - raft.server.retrycache.expirytime = 600000ms (custom)
2019-08-04 03:50:34,465 INFO  impl.RaftServerImpl (RaftServerImpl.java:start(180)) - 77847575-4b95-46c8-8128-98f1427f22a7: start group-C8E3DF69B462
2019-08-04 03:50:34,465 INFO  impl.RaftServerImpl (RaftServerImpl.java:setRole(171)) - 77847575-4b95-46c8-8128-98f1427f22a7:group-C8E3DF69B462 changes role from null to FOLLOWER at term 0 for startAsFollower
2019-08-04 03:50:34,465 INFO  impl.RoleInfo (RoleInfo.java:updateAndGet(143)) - 77847575-4b95-46c8-8128-98f1427f22a7: start FollowerState
2019-08-04 03:50:34,466 INFO  util.JmxRegister (JmxRegister.java:tryRegister(44)) - Successfully registered JMX Bean with object name Ratis:service=RaftServer,group=group-C8E3DF69B462,id=77847575-4b95-46c8-8128-98f1427f22a7
2019-08-04 03:50:34,477 INFO  pipeline.PipelineStateManager (PipelineStateManager.java:addPipeline(56)) - Created pipeline Pipeline[ Id: 4816f425-3d04-44cc-b94b-c8e3df69b462, Nodes: 77847575-4b95-46c8-8128-98f1427f22a7{ip: 192.168.157.250, host: byscane-nightly-gb268-2566207830, networkLocation: /default-rack, certSerialId: null}, Type:RATIS, Factor:ONE, State:OPEN]
2019-08-04 03:50:34,495 INFO  impl.RaftServerProxy (RaftServerProxy.java:addNew(89)) - dbd6a9ac-9c32-47ee-94a0-3ca05a52c05b: addNew group-A4550B9AC1C4:[dbd6a9ac-9c32-47ee-94a0-3ca05a52c05b:192.168.157.250:36228] returns group-A4550B9AC1C4:java.util.concurrent.CompletableFuture@3d344436[Not completed]
2019-08-04 03:50:34,498 INFO  impl.RaftServerImpl (RaftServerImpl.java:<init>(93)) - dbd6a9ac-9c32-47ee-94a0-3ca05a52c05b: new RaftServerImpl for group-A4550B9AC1C4:[dbd6a9ac-9c32-47ee-94a0-3ca05a52c05b:192.168.157.250:36228] with ContainerStateMachine:uninitialized
2019-08-04 03:50:34,498 INFO  server.RaftServerConfigKeys (ConfUtils.java:logGet(43)) - raft.server.rpc.timeout.min = 5s (custom)
2019-08-04 03:50:34,498 INFO  server.RaftServerConfigKeys (ConfUtils.java:logGet(43)) - raft.server.rpc.timeout.max = 5200ms (custom)
2019-08-04 03:50:34,499 INFO  server.RaftServerConfigKeys (ConfUtils.java:logGet(43)) - raft.server.rpcslowness.timeout = 120s (custom)
2019-08-04 03:50:34,499 INFO  server.RaftServerConfigKeys (ConfUtils.java:logGet(43)) - raft.server.sleep.deviation.threshold = 300 (default)
2019-08-04 03:50:34,499 INFO  server.RaftServerConfigKeys (ConfUtils.java:logGet(43)) - raft.server.log.appender.install.snapshot.enabled = false (custom)
2019-08-04 03:50:34,499 INFO  impl.RaftServerImpl (ServerState.java:<init>(105)) - dbd6a9ac-9c32-47ee-94a0-3ca05a52c05b:group-A4550B9AC1C4 ConfigurationManager, init=-1: [dbd6a9ac-9c32-47ee-94a0-3ca05a52c05b:192.168.157.250:36228], old=null, confs=<EMPTY_MAP>
2019-08-04 03:50:34,499 INFO  server.RaftServerConfigKeys (ConfUtils.java:logGet(43)) - raft.server.storage.dir = [/workdir/hadoop-ozone/integration-test/target/test-dir/MiniOzoneClusterImpl-13eae300-d7c4-487e-ad06-8500ad5b71ae/datanode-3/data/ratis] (custom)
2019-08-04 03:50:34,500 INFO  storage.RaftStorageDirectory (RaftStorageDirectory.java:analyzeStorage(246)) - The storage directory /workdir/hadoop-ozone/integration-test/target/test-dir/MiniOzoneClusterImpl-13eae300-d7c4-487e-ad06-8500ad5b71ae/datanode-3/data/ratis/503b328e-cf7d-4eca-97b0-a4550b9ac1c4 does not exist. Creating ...
2019-08-04 03:50:34,513 INFO  storage.RaftStorageDirectory (RaftStorageDirectory.java:tryLock(328)) - Lock on /workdir/hadoop-ozone/integration-test/target/test-dir/MiniOzoneClusterImpl-13eae300-d7c4-487e-ad06-8500ad5b71ae/datanode-3/data/ratis/503b328e-cf7d-4eca-97b0-a4550b9ac1c4/in_use.lock acquired by nodename 2413@byscane-nightly-gb268-2566207830
2019-08-04 03:50:34,537 INFO  storage.RaftStorage (RaftStorage.java:format(72)) - Storage directory /workdir/hadoop-ozone/integration-test/target/test-dir/MiniOzoneClusterImpl-13eae300-d7c4-487e-ad06-8500ad5b71ae/datanode-3/data/ratis/503b328e-cf7d-4eca-97b0-a4550b9ac1c4 has been successfully formatted.
2019-08-04 03:50:34,537 INFO  ratis.ContainerStateMachine (ContainerStateMachine.java:loadSnapshot(213)) - group-A4550B9AC1C4: The snapshot info is null. Setting the last applied indexto:(t:0, i:~)
2019-08-04 03:50:34,538 INFO  server.RaftServerConfigKeys (ConfUtils.java:logGet(43)) - raft.server.leader.election.timeout = 120s (custom)
2019-08-04 03:50:34,538 INFO  server.RaftServerConfigKeys (ConfUtils.java:logGet(43)) - raft.server.log.use.memory = false (default)
2019-08-04 03:50:34,538 INFO  server.RaftServerConfigKeys (ConfUtils.java:logGet(43)) - raft.server.log.purge.gap = 1000000000 (custom)
2019-08-04 03:50:34,538 INFO  server.RaftServerConfigKeys (ConfUtils.java:logGet(43)) - raft.server.log.appender.buffer.byte-limit = 33554432 (custom)
2019-08-04 03:50:34,538 INFO  server.RaftServerConfigKeys (ConfUtils.java:logGet(43)) - raft.server.log.segment.size.max = 1048576 (custom)
2019-08-04 03:50:34,539 INFO  server.RaftServerConfigKeys (ConfUtils.java:logGet(43)) - raft.server.log.segment.cache.num.max = 2 (custom)
2019-08-04 03:50:34,539 INFO  segmented.SegmentedRaftLogWorker (SegmentedRaftLogWorker.java:<init>(172)) - new dbd6a9ac-9c32-47ee-94a0-3ca05a52c05b-SegmentedRaftLogWorker:Storage Directory /workdir/hadoop-ozone/integration-test/target/test-dir/MiniOzoneClusterImpl-13eae300-d7c4-487e-ad06-8500ad5b71ae/datanode-3/data/ratis/503b328e-cf7d-4eca-97b0-a4550b9ac1c4 for RaftStorage:Storage Directory /workdir/hadoop-ozone/integration-test/target/test-dir/MiniOzoneClusterImpl-13eae300-d7c4-487e-ad06-8500ad5b71ae/datanode-3/data/ratis/503b328e-cf7d-4eca-97b0-a4550b9ac1c4
2019-08-04 03:50:34,539 INFO  server.RaftServerConfigKeys (ConfUtils.java:logGet(43)) - raft.server.log.queue.byte-limit = 2147483647 (custom)
2019-08-04 03:50:34,539 INFO  server.RaftServerConfigKeys (ConfUtils.java:logGet(43)) - raft.server.log.queue.element-limit = 1024 (custom)
2019-08-04 03:50:34,540 INFO  server.RaftServerConfigKeys (ConfUtils.java:logGet(43)) - raft.server.log.segment.size.max = 1048576 (custom)
2019-08-04 03:50:34,540 INFO  server.RaftServerConfigKeys (ConfUtils.java:logGet(43)) - raft.server.log.preallocated.size = 16384 (custom)
2019-08-04 03:50:34,540 INFO  server.RaftServerConfigKeys (ConfUtils.java:logGet(43)) - raft.server.log.write.buffer.size = 33554432 (custom)
2019-08-04 03:50:34,540 INFO  server.RaftServerConfigKeys (ConfUtils.java:logGet(43)) - raft.server.log.force.sync.num = 128 (default)
2019-08-04 03:50:34,540 INFO  server.RaftServerConfigKeys (ConfUtils.java:logGet(43)) - raft.server.log.statemachine.data.sync = true (default)
2019-08-04 03:50:34,540 INFO  server.RaftServerConfigKeys (ConfUtils.java:logGet(43)) - raft.server.log.statemachine.data.sync.timeout = 10s (default)
2019-08-04 03:50:34,541 INFO  server.RaftServerConfigKeys (ConfUtils.java:logGet(43)) - raft.server.log.statemachine.data.sync.timeout.retry = -1 (default)
2019-08-04 03:50:34,541 INFO  server.RaftServerConfigKeys (ConfUtils.java:logGet(43)) - raft.server.log.statemachine.data.caching.enabled = true (custom)
2019-08-04 03:50:34,541 INFO  segmented.SegmentedRaftLogWorker (SegmentedRaftLogWorker.java:lambda$new$0(132)) - dbd6a9ac-9c32-47ee-94a0-3ca05a52c05b-SegmentedRaftLogWorker:Storage Directory /workdir/hadoop-ozone/integration-test/target/test-dir/MiniOzoneClusterImpl-13eae300-d7c4-487e-ad06-8500ad5b71ae/datanode-3/data/ratis/503b328e-cf7d-4eca-97b0-a4550b9ac1c4: flushIndex: setUnconditionally 0 -> -1
2019-08-04 03:50:34,542 INFO  server.RaftServerConfigKeys (ConfUtils.java:logGet(43)) - raft.server.snapshot.auto.trigger.enabled = true (custom)
2019-08-04 03:50:34,542 INFO  server.RaftServerConfigKeys (ConfUtils.java:logGet(43)) - raft.server.snapshot.auto.trigger.threshold = 10000 (custom)
2019-08-04 03:50:34,542 INFO  server.RaftServerConfigKeys (ConfUtils.java:logGet(43)) - raft.server.retrycache.expirytime = 600000ms (custom)
2019-08-04 03:50:34,543 INFO  impl.RaftServerImpl (RaftServerImpl.java:start(180)) - dbd6a9ac-9c32-47ee-94a0-3ca05a52c05b: start group-A4550B9AC1C4
2019-08-04 03:50:34,543 INFO  impl.RaftServerImpl (RaftServerImpl.java:setRole(171)) - dbd6a9ac-9c32-47ee-94a0-3ca05a52c05b:group-A4550B9AC1C4 changes role from null to FOLLOWER at term 0 for startAsFollower
2019-08-04 03:50:34,543 INFO  impl.RoleInfo (RoleInfo.java:updateAndGet(143)) - dbd6a9ac-9c32-47ee-94a0-3ca05a52c05b: start FollowerState
2019-08-04 03:50:34,543 INFO  util.JmxRegister (JmxRegister.java:tryRegister(44)) - Successfully registered JMX Bean with object name Ratis:service=RaftServer,group=group-A4550B9AC1C4,id=dbd6a9ac-9c32-47ee-94a0-3ca05a52c05b
2019-08-04 03:50:34,555 INFO  pipeline.PipelineStateManager (PipelineStateManager.java:addPipeline(56)) - Created pipeline Pipeline[ Id: 503b328e-cf7d-4eca-97b0-a4550b9ac1c4, Nodes: dbd6a9ac-9c32-47ee-94a0-3ca05a52c05b{ip: 192.168.157.250, host: byscane-nightly-gb268-2566207830, networkLocation: /default-rack, certSerialId: null}, Type:RATIS, Factor:ONE, State:OPEN]
2019-08-04 03:50:34,579 INFO  impl.RaftServerProxy (RaftServerProxy.java:addNew(89)) - 8598a113-c17e-478f-a912-bce46d01a642: addNew group-26D9A8212D65:[8598a113-c17e-478f-a912-bce46d01a642:192.168.157.250:43465] returns group-26D9A8212D65:java.util.concurrent.CompletableFuture@50a50af2[Not completed]
2019-08-04 03:50:34,583 INFO  impl.RaftServerImpl (RaftServerImpl.java:<init>(93)) - 8598a113-c17e-478f-a912-bce46d01a642: new RaftServerImpl for group-26D9A8212D65:[8598a113-c17e-478f-a912-bce46d01a642:192.168.157.250:43465] with ContainerStateMachine:uninitialized
2019-08-04 03:50:34,583 INFO  server.RaftServerConfigKeys (ConfUtils.java:logGet(43)) - raft.server.rpc.timeout.min = 5s (custom)
2019-08-04 03:50:34,583 INFO  server.RaftServerConfigKeys (ConfUtils.java:logGet(43)) - raft.server.rpc.timeout.max = 5200ms (custom)
2019-08-04 03:50:34,584 INFO  server.RaftServerConfigKeys (ConfUtils.java:logGet(43)) - raft.server.rpcslowness.timeout = 120s (custom)
2019-08-04 03:50:34,584 INFO  server.RaftServerConfigKeys (ConfUtils.java:logGet(43)) - raft.server.sleep.deviation.threshold = 300 (default)
2019-08-04 03:50:34,584 INFO  server.RaftServerConfigKeys (ConfUtils.java:logGet(43)) - raft.server.log.appender.install.snapshot.enabled = false (custom)
2019-08-04 03:50:34,584 INFO  impl.RaftServerImpl (ServerState.java:<init>(105)) - 8598a113-c17e-478f-a912-bce46d01a642:group-26D9A8212D65 ConfigurationManager, init=-1: [8598a113-c17e-478f-a912-bce46d01a642:192.168.157.250:43465], old=null, confs=<EMPTY_MAP>
2019-08-04 03:50:34,584 INFO  server.RaftServerConfigKeys (ConfUtils.java:logGet(43)) - raft.server.storage.dir = [/workdir/hadoop-ozone/integration-test/target/test-dir/MiniOzoneClusterImpl-13eae300-d7c4-487e-ad06-8500ad5b71ae/datanode-4/data/ratis] (custom)
2019-08-04 03:50:34,585 INFO  storage.RaftStorageDirectory (RaftStorageDirectory.java:analyzeStorage(246)) - The storage directory /workdir/hadoop-ozone/integration-test/target/test-dir/MiniOzoneClusterImpl-13eae300-d7c4-487e-ad06-8500ad5b71ae/datanode-4/data/ratis/ec64f5ac-6942-49fa-8c9d-26d9a8212d65 does not exist. Creating ...
2019-08-04 03:50:34,610 INFO  storage.RaftStorageDirectory (RaftStorageDirectory.java:tryLock(328)) - Lock on /workdir/hadoop-ozone/integration-test/target/test-dir/MiniOzoneClusterImpl-13eae300-d7c4-487e-ad06-8500ad5b71ae/datanode-4/data/ratis/ec64f5ac-6942-49fa-8c9d-26d9a8212d65/in_use.lock acquired by nodename 2413@byscane-nightly-gb268-2566207830
2019-08-04 03:50:34,623 INFO  storage.RaftStorage (RaftStorage.java:format(72)) - Storage directory /workdir/hadoop-ozone/integration-test/target/test-dir/MiniOzoneClusterImpl-13eae300-d7c4-487e-ad06-8500ad5b71ae/datanode-4/data/ratis/ec64f5ac-6942-49fa-8c9d-26d9a8212d65 has been successfully formatted.
2019-08-04 03:50:34,624 INFO  ratis.ContainerStateMachine (ContainerStateMachine.java:loadSnapshot(213)) - group-26D9A8212D65: The snapshot info is null. Setting the last applied indexto:(t:0, i:~)
2019-08-04 03:50:34,624 INFO  server.RaftServerConfigKeys (ConfUtils.java:logGet(43)) - raft.server.leader.election.timeout = 120s (custom)
2019-08-04 03:50:34,624 INFO  server.RaftServerConfigKeys (ConfUtils.java:logGet(43)) - raft.server.log.use.memory = false (default)
2019-08-04 03:50:34,624 INFO  server.RaftServerConfigKeys (ConfUtils.java:logGet(43)) - raft.server.log.purge.gap = 1000000000 (custom)
2019-08-04 03:50:34,625 INFO  server.RaftServerConfigKeys (ConfUtils.java:logGet(43)) - raft.server.log.appender.buffer.byte-limit = 33554432 (custom)
2019-08-04 03:50:34,625 INFO  server.RaftServerConfigKeys (ConfUtils.java:logGet(43)) - raft.server.log.segment.size.max = 1048576 (custom)
2019-08-04 03:50:34,625 INFO  server.RaftServerConfigKeys (ConfUtils.java:logGet(43)) - raft.server.log.segment.cache.num.max = 2 (custom)
2019-08-04 03:50:34,625 INFO  segmented.SegmentedRaftLogWorker (SegmentedRaftLogWorker.java:<init>(172)) - new 8598a113-c17e-478f-a912-bce46d01a642-SegmentedRaftLogWorker:Storage Directory /workdir/hadoop-ozone/integration-test/target/test-dir/MiniOzoneClusterImpl-13eae300-d7c4-487e-ad06-8500ad5b71ae/datanode-4/data/ratis/ec64f5ac-6942-49fa-8c9d-26d9a8212d65 for RaftStorage:Storage Directory /workdir/hadoop-ozone/integration-test/target/test-dir/MiniOzoneClusterImpl-13eae300-d7c4-487e-ad06-8500ad5b71ae/datanode-4/data/ratis/ec64f5ac-6942-49fa-8c9d-26d9a8212d65
2019-08-04 03:50:34,625 INFO  server.RaftServerConfigKeys (ConfUtils.java:logGet(43)) - raft.server.log.queue.byte-limit = 2147483647 (custom)
2019-08-04 03:50:34,626 INFO  server.RaftServerConfigKeys (ConfUtils.java:logGet(43)) - raft.server.log.queue.element-limit = 1024 (custom)
2019-08-04 03:50:34,626 INFO  server.RaftServerConfigKeys (ConfUtils.java:logGet(43)) - raft.server.log.segment.size.max = 1048576 (custom)
2019-08-04 03:50:34,626 INFO  server.RaftServerConfigKeys (ConfUtils.java:logGet(43)) - raft.server.log.preallocated.size = 16384 (custom)
2019-08-04 03:50:34,626 INFO  server.RaftServerConfigKeys (ConfUtils.java:logGet(43)) - raft.server.log.write.buffer.size = 33554432 (custom)
2019-08-04 03:50:34,626 INFO  server.RaftServerConfigKeys (ConfUtils.java:logGet(43)) - raft.server.log.force.sync.num = 128 (default)
2019-08-04 03:50:34,627 INFO  server.RaftServerConfigKeys (ConfUtils.java:logGet(43)) - raft.server.log.statemachine.data.sync = true (default)
2019-08-04 03:50:34,627 INFO  server.RaftServerConfigKeys (ConfUtils.java:logGet(43)) - raft.server.log.statemachine.data.sync.timeout = 10s (default)
2019-08-04 03:50:34,627 INFO  server.RaftServerConfigKeys (ConfUtils.java:logGet(43)) - raft.server.log.statemachine.data.sync.timeout.retry = -1 (default)
2019-08-04 03:50:34,627 INFO  server.RaftServerConfigKeys (ConfUtils.java:logGet(43)) - raft.server.log.statemachine.data.caching.enabled = true (custom)
2019-08-04 03:50:34,628 INFO  segmented.SegmentedRaftLogWorker (SegmentedRaftLogWorker.java:lambda$new$0(132)) - 8598a113-c17e-478f-a912-bce46d01a642-SegmentedRaftLogWorker:Storage Directory /workdir/hadoop-ozone/integration-test/target/test-dir/MiniOzoneClusterImpl-13eae300-d7c4-487e-ad06-8500ad5b71ae/datanode-4/data/ratis/ec64f5ac-6942-49fa-8c9d-26d9a8212d65: flushIndex: setUnconditionally 0 -> -1
2019-08-04 03:50:34,628 INFO  server.RaftServerConfigKeys (ConfUtils.java:logGet(43)) - raft.server.snapshot.auto.trigger.enabled = true (custom)
2019-08-04 03:50:34,628 INFO  server.RaftServerConfigKeys (ConfUtils.java:logGet(43)) - raft.server.snapshot.auto.trigger.threshold = 10000 (custom)
2019-08-04 03:50:34,629 INFO  server.RaftServerConfigKeys (ConfUtils.java:logGet(43)) - raft.server.retrycache.expirytime = 600000ms (custom)
2019-08-04 03:50:34,629 INFO  impl.RaftServerImpl (RaftServerImpl.java:start(180)) - 8598a113-c17e-478f-a912-bce46d01a642: start group-26D9A8212D65
2019-08-04 03:50:34,629 INFO  impl.RaftServerImpl (RaftServerImpl.java:setRole(171)) - 8598a113-c17e-478f-a912-bce46d01a642:group-26D9A8212D65 changes role from null to FOLLOWER at term 0 for startAsFollower
2019-08-04 03:50:34,629 INFO  impl.RoleInfo (RoleInfo.java:updateAndGet(143)) - 8598a113-c17e-478f-a912-bce46d01a642: start FollowerState
2019-08-04 03:50:34,630 INFO  util.JmxRegister (JmxRegister.java:tryRegister(44)) - Successfully registered JMX Bean with object name Ratis:service=RaftServer,group=group-26D9A8212D65,id=8598a113-c17e-478f-a912-bce46d01a642
2019-08-04 03:50:34,641 INFO  pipeline.PipelineStateManager (PipelineStateManager.java:addPipeline(56)) - Created pipeline Pipeline[ Id: ec64f5ac-6942-49fa-8c9d-26d9a8212d65, Nodes: 8598a113-c17e-478f-a912-bce46d01a642{ip: 192.168.157.250, host: byscane-nightly-gb268-2566207830, networkLocation: /default-rack, certSerialId: null}, Type:RATIS, Factor:ONE, State:OPEN]
2019-08-04 03:50:34,678 INFO  impl.RaftServerProxy (RaftServerProxy.java:addNew(89)) - 10c0a52f-5aaf-43f3-a401-c5349bee55e9: addNew group-A2FADEA46477:[a644d990-7b5d-4b83-9a1c-860883dc6b06:192.168.157.250:39291, 10c0a52f-5aaf-43f3-a401-c5349bee55e9:192.168.157.250:34169, b3d0b11a-2f88-40bd-a366-0a2a242ceeb9:192.168.157.250:35210] returns group-A2FADEA46477:java.util.concurrent.CompletableFuture@6d77824c[Not completed]
2019-08-04 03:50:34,678 INFO  impl.RaftServerProxy (RaftServerProxy.java:addNew(89)) - a644d990-7b5d-4b83-9a1c-860883dc6b06: addNew group-A2FADEA46477:[a644d990-7b5d-4b83-9a1c-860883dc6b06:192.168.157.250:39291, 10c0a52f-5aaf-43f3-a401-c5349bee55e9:192.168.157.250:34169, b3d0b11a-2f88-40bd-a366-0a2a242ceeb9:192.168.157.250:35210] returns group-A2FADEA46477:java.util.concurrent.CompletableFuture@72b98b20[Not completed]
2019-08-04 03:50:34,681 INFO  impl.RaftServerImpl (RaftServerImpl.java:<init>(93)) - 10c0a52f-5aaf-43f3-a401-c5349bee55e9: new RaftServerImpl for group-A2FADEA46477:[a644d990-7b5d-4b83-9a1c-860883dc6b06:192.168.157.250:39291, 10c0a52f-5aaf-43f3-a401-c5349bee55e9:192.168.157.250:34169, b3d0b11a-2f88-40bd-a366-0a2a242ceeb9:192.168.157.250:35210] with ContainerStateMachine:uninitialized
2019-08-04 03:50:34,681 INFO  server.RaftServerConfigKeys (ConfUtils.java:logGet(43)) - raft.server.rpc.timeout.min = 5s (custom)
2019-08-04 03:50:34,681 INFO  server.RaftServerConfigKeys (ConfUtils.java:logGet(43)) - raft.server.rpc.timeout.max = 5200ms (custom)
2019-08-04 03:50:34,681 INFO  server.RaftServerConfigKeys (ConfUtils.java:logGet(43)) - raft.server.rpcslowness.timeout = 120s (custom)
2019-08-04 03:50:34,683 INFO  server.RaftServerConfigKeys (ConfUtils.java:logGet(43)) - raft.server.sleep.deviation.threshold = 300 (default)
2019-08-04 03:50:34,683 INFO  impl.RaftServerImpl (RaftServerImpl.java:<init>(93)) - a644d990-7b5d-4b83-9a1c-860883dc6b06: new RaftServerImpl for group-A2FADEA46477:[a644d990-7b5d-4b83-9a1c-860883dc6b06:192.168.157.250:39291, 10c0a52f-5aaf-43f3-a401-c5349bee55e9:192.168.157.250:34169, b3d0b11a-2f88-40bd-a366-0a2a242ceeb9:192.168.157.250:35210] with ContainerStateMachine:uninitialized
2019-08-04 03:50:34,683 INFO  server.RaftServerConfigKeys (ConfUtils.java:logGet(43)) - raft.server.log.appender.install.snapshot.enabled = false (custom)
2019-08-04 03:50:34,683 INFO  server.RaftServerConfigKeys (ConfUtils.java:logGet(43)) - raft.server.rpc.timeout.min = 5s (custom)
2019-08-04 03:50:34,683 INFO  impl.RaftServerProxy (RaftServerProxy.java:addNew(89)) - b3d0b11a-2f88-40bd-a366-0a2a242ceeb9: addNew group-A2FADEA46477:[a644d990-7b5d-4b83-9a1c-860883dc6b06:192.168.157.250:39291, 10c0a52f-5aaf-43f3-a401-c5349bee55e9:192.168.157.250:34169, b3d0b11a-2f88-40bd-a366-0a2a242ceeb9:192.168.157.250:35210] returns group-A2FADEA46477:java.util.concurrent.CompletableFuture@37bb1b13[Not completed]
2019-08-04 03:50:34,683 INFO  impl.RaftServerImpl (ServerState.java:<init>(105)) - 10c0a52f-5aaf-43f3-a401-c5349bee55e9:group-A2FADEA46477 ConfigurationManager, init=-1: [a644d990-7b5d-4b83-9a1c-860883dc6b06:192.168.157.250:39291, 10c0a52f-5aaf-43f3-a401-c5349bee55e9:192.168.157.250:34169, b3d0b11a-2f88-40bd-a366-0a2a242ceeb9:192.168.157.250:35210], old=null, confs=<EMPTY_MAP>
2019-08-04 03:50:34,683 INFO  server.RaftServerConfigKeys (ConfUtils.java:logGet(43)) - raft.server.rpc.timeout.max = 5200ms (custom)
2019-08-04 03:50:34,684 INFO  server.RaftServerConfigKeys (ConfUtils.java:logGet(43)) - raft.server.storage.dir = [/workdir/hadoop-ozone/integration-test/target/test-dir/MiniOzoneClusterImpl-13eae300-d7c4-487e-ad06-8500ad5b71ae/datanode-2/data/ratis] (custom)
2019-08-04 03:50:34,684 INFO  server.RaftServerConfigKeys (ConfUtils.java:logGet(43)) - raft.server.rpcslowness.timeout = 120s (custom)
2019-08-04 03:50:34,684 INFO  server.RaftServerConfigKeys (ConfUtils.java:logGet(43)) - raft.server.sleep.deviation.threshold = 300 (default)
2019-08-04 03:50:34,684 INFO  server.RaftServerConfigKeys (ConfUtils.java:logGet(43)) - raft.server.log.appender.install.snapshot.enabled = false (custom)
2019-08-04 03:50:34,684 INFO  storage.RaftStorageDirectory (RaftStorageDirectory.java:analyzeStorage(246)) - The storage directory /workdir/hadoop-ozone/integration-test/target/test-dir/MiniOzoneClusterImpl-13eae300-d7c4-487e-ad06-8500ad5b71ae/datanode-2/data/ratis/ee324193-17d5-4ee2-8a3e-a2fadea46477 does not exist. Creating ...
2019-08-04 03:50:34,684 INFO  impl.RaftServerImpl (ServerState.java:<init>(105)) - a644d990-7b5d-4b83-9a1c-860883dc6b06:group-A2FADEA46477 ConfigurationManager, init=-1: [a644d990-7b5d-4b83-9a1c-860883dc6b06:192.168.157.250:39291, 10c0a52f-5aaf-43f3-a401-c5349bee55e9:192.168.157.250:34169, b3d0b11a-2f88-40bd-a366-0a2a242ceeb9:192.168.157.250:35210], old=null, confs=<EMPTY_MAP>
2019-08-04 03:50:34,685 INFO  impl.RaftServerImpl (RaftServerImpl.java:<init>(93)) - b3d0b11a-2f88-40bd-a366-0a2a242ceeb9: new RaftServerImpl for group-A2FADEA46477:[a644d990-7b5d-4b83-9a1c-860883dc6b06:192.168.157.250:39291, 10c0a52f-5aaf-43f3-a401-c5349bee55e9:192.168.157.250:34169, b3d0b11a-2f88-40bd-a366-0a2a242ceeb9:192.168.157.250:35210] with ContainerStateMachine:uninitialized
2019-08-04 03:50:34,685 INFO  server.RaftServerConfigKeys (ConfUtils.java:logGet(43)) - raft.server.storage.dir = [/workdir/hadoop-ozone/integration-test/target/test-dir/MiniOzoneClusterImpl-13eae300-d7c4-487e-ad06-8500ad5b71ae/datanode-1/data/ratis] (custom)
2019-08-04 03:50:34,685 INFO  server.RaftServerConfigKeys (ConfUtils.java:logGet(43)) - raft.server.rpc.timeout.min = 5s (custom)
2019-08-04 03:50:34,685 INFO  server.RaftServerConfigKeys (ConfUtils.java:logGet(43)) - raft.server.rpc.timeout.max = 5200ms (custom)
2019-08-04 03:50:34,685 INFO  storage.RaftStorageDirectory (RaftStorageDirectory.java:analyzeStorage(246)) - The storage directory /workdir/hadoop-ozone/integration-test/target/test-dir/MiniOzoneClusterImpl-13eae300-d7c4-487e-ad06-8500ad5b71ae/datanode-1/data/ratis/ee324193-17d5-4ee2-8a3e-a2fadea46477 does not exist. Creating ...
2019-08-04 03:50:34,685 INFO  server.RaftServerConfigKeys (ConfUtils.java:logGet(43)) - raft.server.rpcslowness.timeout = 120s (custom)
2019-08-04 03:50:34,686 INFO  server.RaftServerConfigKeys (ConfUtils.java:logGet(43)) - raft.server.sleep.deviation.threshold = 300 (default)
2019-08-04 03:50:34,686 INFO  server.RaftServerConfigKeys (ConfUtils.java:logGet(43)) - raft.server.log.appender.install.snapshot.enabled = false (custom)
2019-08-04 03:50:34,686 INFO  impl.RaftServerImpl (ServerState.java:<init>(105)) - b3d0b11a-2f88-40bd-a366-0a2a242ceeb9:group-A2FADEA46477 ConfigurationManager, init=-1: [a644d990-7b5d-4b83-9a1c-860883dc6b06:192.168.157.250:39291, 10c0a52f-5aaf-43f3-a401-c5349bee55e9:192.168.157.250:34169, b3d0b11a-2f88-40bd-a366-0a2a242ceeb9:192.168.157.250:35210], old=null, confs=<EMPTY_MAP>
2019-08-04 03:50:34,686 INFO  server.RaftServerConfigKeys (ConfUtils.java:logGet(43)) - raft.server.storage.dir = [/workdir/hadoop-ozone/integration-test/target/test-dir/MiniOzoneClusterImpl-13eae300-d7c4-487e-ad06-8500ad5b71ae/datanode-0/data/ratis] (custom)
2019-08-04 03:50:34,687 INFO  storage.RaftStorageDirectory (RaftStorageDirectory.java:analyzeStorage(246)) - The storage directory /workdir/hadoop-ozone/integration-test/target/test-dir/MiniOzoneClusterImpl-13eae300-d7c4-487e-ad06-8500ad5b71ae/datanode-0/data/ratis/ee324193-17d5-4ee2-8a3e-a2fadea46477 does not exist. Creating ...
2019-08-04 03:50:34,710 INFO  storage.RaftStorageDirectory (RaftStorageDirectory.java:tryLock(328)) - Lock on /workdir/hadoop-ozone/integration-test/target/test-dir/MiniOzoneClusterImpl-13eae300-d7c4-487e-ad06-8500ad5b71ae/datanode-2/data/ratis/ee324193-17d5-4ee2-8a3e-a2fadea46477/in_use.lock acquired by nodename 2413@byscane-nightly-gb268-2566207830
2019-08-04 03:50:34,710 INFO  storage.RaftStorageDirectory (RaftStorageDirectory.java:tryLock(328)) - Lock on /workdir/hadoop-ozone/integration-test/target/test-dir/MiniOzoneClusterImpl-13eae300-d7c4-487e-ad06-8500ad5b71ae/datanode-0/data/ratis/ee324193-17d5-4ee2-8a3e-a2fadea46477/in_use.lock acquired by nodename 2413@byscane-nightly-gb268-2566207830
2019-08-04 03:50:34,710 INFO  storage.RaftStorageDirectory (RaftStorageDirectory.java:tryLock(328)) - Lock on /workdir/hadoop-ozone/integration-test/target/test-dir/MiniOzoneClusterImpl-13eae300-d7c4-487e-ad06-8500ad5b71ae/datanode-1/data/ratis/ee324193-17d5-4ee2-8a3e-a2fadea46477/in_use.lock acquired by nodename 2413@byscane-nightly-gb268-2566207830
2019-08-04 03:50:34,735 INFO  storage.RaftStorage (RaftStorage.java:format(72)) - Storage directory /workdir/hadoop-ozone/integration-test/target/test-dir/MiniOzoneClusterImpl-13eae300-d7c4-487e-ad06-8500ad5b71ae/datanode-2/data/ratis/ee324193-17d5-4ee2-8a3e-a2fadea46477 has been successfully formatted.
2019-08-04 03:50:34,735 INFO  storage.RaftStorage (RaftStorage.java:format(72)) - Storage directory /workdir/hadoop-ozone/integration-test/target/test-dir/MiniOzoneClusterImpl-13eae300-d7c4-487e-ad06-8500ad5b71ae/datanode-1/data/ratis/ee324193-17d5-4ee2-8a3e-a2fadea46477 has been successfully formatted.
2019-08-04 03:50:34,735 INFO  storage.RaftStorage (RaftStorage.java:format(72)) - Storage directory /workdir/hadoop-ozone/integration-test/target/test-dir/MiniOzoneClusterImpl-13eae300-d7c4-487e-ad06-8500ad5b71ae/datanode-0/data/ratis/ee324193-17d5-4ee2-8a3e-a2fadea46477 has been successfully formatted.
2019-08-04 03:50:34,735 INFO  ratis.ContainerStateMachine (ContainerStateMachine.java:loadSnapshot(213)) - group-A2FADEA46477: The snapshot info is null. Setting the last applied indexto:(t:0, i:~)
2019-08-04 03:50:34,735 INFO  ratis.ContainerStateMachine (ContainerStateMachine.java:loadSnapshot(213)) - group-A2FADEA46477: The snapshot info is null. Setting the last applied indexto:(t:0, i:~)
2019-08-04 03:50:34,736 INFO  server.RaftServerConfigKeys (ConfUtils.java:logGet(43)) - raft.server.leader.election.timeout = 120s (custom)
2019-08-04 03:50:34,736 INFO  ratis.ContainerStateMachine (ContainerStateMachine.java:loadSnapshot(213)) - group-A2FADEA46477: The snapshot info is null. Setting the last applied indexto:(t:0, i:~)
2019-08-04 03:50:34,736 INFO  server.RaftServerConfigKeys (ConfUtils.java:logGet(43)) - raft.server.log.use.memory = false (default)
2019-08-04 03:50:34,736 INFO  server.RaftServerConfigKeys (ConfUtils.java:logGet(43)) - raft.server.leader.election.timeout = 120s (custom)
2019-08-04 03:50:34,736 INFO  server.RaftServerConfigKeys (ConfUtils.java:logGet(43)) - raft.server.log.purge.gap = 1000000000 (custom)
2019-08-04 03:50:34,736 INFO  server.RaftServerConfigKeys (ConfUtils.java:logGet(43)) - raft.server.leader.election.timeout = 120s (custom)
2019-08-04 03:50:34,737 INFO  server.RaftServerConfigKeys (ConfUtils.java:logGet(43)) - raft.server.log.appender.buffer.byte-limit = 33554432 (custom)
2019-08-04 03:50:34,736 INFO  server.RaftServerConfigKeys (ConfUtils.java:logGet(43)) - raft.server.log.use.memory = false (default)
2019-08-04 03:50:34,737 INFO  server.RaftServerConfigKeys (ConfUtils.java:logGet(43)) - raft.server.log.segment.size.max = 1048576 (custom)
2019-08-04 03:50:34,737 INFO  server.RaftServerConfigKeys (ConfUtils.java:logGet(43)) - raft.server.log.use.memory = false (default)
2019-08-04 03:50:34,737 INFO  server.RaftServerConfigKeys (ConfUtils.java:logGet(43)) - raft.server.log.segment.cache.num.max = 2 (custom)
2019-08-04 03:50:34,737 INFO  server.RaftServerConfigKeys (ConfUtils.java:logGet(43)) - raft.server.log.purge.gap = 1000000000 (custom)
2019-08-04 03:50:34,738 INFO  segmented.SegmentedRaftLogWorker (SegmentedRaftLogWorker.java:<init>(172)) - new 10c0a52f-5aaf-43f3-a401-c5349bee55e9-SegmentedRaftLogWorker:Storage Directory /workdir/hadoop-ozone/integration-test/target/test-dir/MiniOzoneClusterImpl-13eae300-d7c4-487e-ad06-8500ad5b71ae/datanode-2/data/ratis/ee324193-17d5-4ee2-8a3e-a2fadea46477 for RaftStorage:Storage Directory /workdir/hadoop-ozone/integration-test/target/test-dir/MiniOzoneClusterImpl-13eae300-d7c4-487e-ad06-8500ad5b71ae/datanode-2/data/ratis/ee324193-17d5-4ee2-8a3e-a2fadea46477
2019-08-04 03:50:34,738 INFO  server.RaftServerConfigKeys (ConfUtils.java:logGet(43)) - raft.server.log.purge.gap = 1000000000 (custom)
2019-08-04 03:50:34,738 INFO  server.RaftServerConfigKeys (ConfUtils.java:logGet(43)) - raft.server.log.queue.byte-limit = 2147483647 (custom)
2019-08-04 03:50:34,738 INFO  server.RaftServerConfigKeys (ConfUtils.java:logGet(43)) - raft.server.log.appender.buffer.byte-limit = 33554432 (custom)
2019-08-04 03:50:34,740 INFO  server.RaftServerConfigKeys (ConfUtils.java:logGet(43)) - raft.server.log.queue.element-limit = 1024 (custom)
2019-08-04 03:50:34,740 INFO  server.RaftServerConfigKeys (ConfUtils.java:logGet(43)) - raft.server.log.appender.buffer.byte-limit = 33554432 (custom)
2019-08-04 03:50:34,741 INFO  server.RaftServerConfigKeys (ConfUtils.java:logGet(43)) - raft.server.log.segment.size.max = 1048576 (custom)
2019-08-04 03:50:34,741 INFO  server.RaftServerConfigKeys (ConfUtils.java:logGet(43)) - raft.server.log.segment.size.max = 1048576 (custom)
2019-08-04 03:50:34,741 INFO  server.RaftServerConfigKeys (ConfUtils.java:logGet(43)) - raft.server.log.preallocated.size = 16384 (custom)
2019-08-04 03:50:34,741 INFO  server.RaftServerConfigKeys (ConfUtils.java:logGet(43)) - raft.server.log.segment.size.max = 1048576 (custom)
2019-08-04 03:50:34,742 INFO  server.RaftServerConfigKeys (ConfUtils.java:logGet(43)) - raft.server.log.write.buffer.size = 33554432 (custom)
2019-08-04 03:50:34,741 INFO  server.RaftServerConfigKeys (ConfUtils.java:logGet(43)) - raft.server.log.segment.cache.num.max = 2 (custom)
2019-08-04 03:50:34,742 INFO  server.RaftServerConfigKeys (ConfUtils.java:logGet(43)) - raft.server.log.force.sync.num = 128 (default)
2019-08-04 03:50:34,742 INFO  server.RaftServerConfigKeys (ConfUtils.java:logGet(43)) - raft.server.log.statemachine.data.sync = true (default)
2019-08-04 03:50:34,742 INFO  server.RaftServerConfigKeys (ConfUtils.java:logGet(43)) - raft.server.log.segment.cache.num.max = 2 (custom)
2019-08-04 03:50:34,743 INFO  server.RaftServerConfigKeys (ConfUtils.java:logGet(43)) - raft.server.log.statemachine.data.sync.timeout = 10s (default)
2019-08-04 03:50:34,742 INFO  segmented.SegmentedRaftLogWorker (SegmentedRaftLogWorker.java:<init>(172)) - new a644d990-7b5d-4b83-9a1c-860883dc6b06-SegmentedRaftLogWorker:Storage Directory /workdir/hadoop-ozone/integration-test/target/test-dir/MiniOzoneClusterImpl-13eae300-d7c4-487e-ad06-8500ad5b71ae/datanode-1/data/ratis/ee324193-17d5-4ee2-8a3e-a2fadea46477 for RaftStorage:Storage Directory /workdir/hadoop-ozone/integration-test/target/test-dir/MiniOzoneClusterImpl-13eae300-d7c4-487e-ad06-8500ad5b71ae/datanode-1/data/ratis/ee324193-17d5-4ee2-8a3e-a2fadea46477
2019-08-04 03:50:34,743 INFO  server.RaftServerConfigKeys (ConfUtils.java:logGet(43)) - raft.server.log.statemachine.data.sync.timeout.retry = -1 (default)
2019-08-04 03:50:34,743 INFO  segmented.SegmentedRaftLogWorker (SegmentedRaftLogWorker.java:<init>(172)) - new b3d0b11a-2f88-40bd-a366-0a2a242ceeb9-SegmentedRaftLogWorker:Storage Directory /workdir/hadoop-ozone/integration-test/target/test-dir/MiniOzoneClusterImpl-13eae300-d7c4-487e-ad06-8500ad5b71ae/datanode-0/data/ratis/ee324193-17d5-4ee2-8a3e-a2fadea46477 for RaftStorage:Storage Directory /workdir/hadoop-ozone/integration-test/target/test-dir/MiniOzoneClusterImpl-13eae300-d7c4-487e-ad06-8500ad5b71ae/datanode-0/data/ratis/ee324193-17d5-4ee2-8a3e-a2fadea46477
2019-08-04 03:50:34,745 INFO  server.RaftServerConfigKeys (ConfUtils.java:logGet(43)) - raft.server.log.statemachine.data.caching.enabled = true (custom)
2019-08-04 03:50:34,743 INFO  server.RaftServerConfigKeys (ConfUtils.java:logGet(43)) - raft.server.log.queue.byte-limit = 2147483647 (custom)
2019-08-04 03:50:34,747 INFO  segmented.SegmentedRaftLogWorker (SegmentedRaftLogWorker.java:lambda$new$0(132)) - 10c0a52f-5aaf-43f3-a401-c5349bee55e9-SegmentedRaftLogWorker:Storage Directory /workdir/hadoop-ozone/integration-test/target/test-dir/MiniOzoneClusterImpl-13eae300-d7c4-487e-ad06-8500ad5b71ae/datanode-2/data/ratis/ee324193-17d5-4ee2-8a3e-a2fadea46477: flushIndex: setUnconditionally 0 -> -1
2019-08-04 03:50:34,745 INFO  server.RaftServerConfigKeys (ConfUtils.java:logGet(43)) - raft.server.log.queue.byte-limit = 2147483647 (custom)
2019-08-04 03:50:34,747 INFO  server.RaftServerConfigKeys (ConfUtils.java:logGet(43)) - raft.server.log.queue.element-limit = 1024 (custom)
2019-08-04 03:50:34,747 INFO  server.RaftServerConfigKeys (ConfUtils.java:logGet(43)) - raft.server.log.queue.element-limit = 1024 (custom)
2019-08-04 03:50:34,747 INFO  server.RaftServerConfigKeys (ConfUtils.java:logGet(43)) - raft.server.snapshot.auto.trigger.enabled = true (custom)
2019-08-04 03:50:34,748 INFO  server.RaftServerConfigKeys (ConfUtils.java:logGet(43)) - raft.server.log.segment.size.max = 1048576 (custom)
2019-08-04 03:50:34,748 INFO  server.RaftServerConfigKeys (ConfUtils.java:logGet(43)) - raft.server.snapshot.auto.trigger.threshold = 10000 (custom)
2019-08-04 03:50:34,748 INFO  server.RaftServerConfigKeys (ConfUtils.java:logGet(43)) - raft.server.log.segment.size.max = 1048576 (custom)
2019-08-04 03:50:34,748 INFO  server.RaftServerConfigKeys (ConfUtils.java:logGet(43)) - raft.server.retrycache.expirytime = 600000ms (custom)
2019-08-04 03:50:34,748 INFO  server.RaftServerConfigKeys (ConfUtils.java:logGet(43)) - raft.server.log.preallocated.size = 16384 (custom)
2019-08-04 03:50:34,749 INFO  impl.RaftServerImpl (RaftServerImpl.java:start(180)) - 10c0a52f-5aaf-43f3-a401-c5349bee55e9: start group-A2FADEA46477
2019-08-04 03:50:34,749 INFO  server.RaftServerConfigKeys (ConfUtils.java:logGet(43)) - raft.server.log.preallocated.size = 16384 (custom)
2019-08-04 03:50:34,749 INFO  impl.RaftServerImpl (RaftServerImpl.java:setRole(171)) - 10c0a52f-5aaf-43f3-a401-c5349bee55e9:group-A2FADEA46477 changes role from null to FOLLOWER at term 0 for startAsFollower
2019-08-04 03:50:34,749 INFO  server.RaftServerConfigKeys (ConfUtils.java:logGet(43)) - raft.server.log.write.buffer.size = 33554432 (custom)
2019-08-04 03:50:34,750 INFO  impl.RoleInfo (RoleInfo.java:updateAndGet(143)) - 10c0a52f-5aaf-43f3-a401-c5349bee55e9: start FollowerState
2019-08-04 03:50:34,749 INFO  server.RaftServerConfigKeys (ConfUtils.java:logGet(43)) - raft.server.log.write.buffer.size = 33554432 (custom)
2019-08-04 03:50:34,750 INFO  server.RaftServerConfigKeys (ConfUtils.java:logGet(43)) - raft.server.log.force.sync.num = 128 (default)
2019-08-04 03:50:34,750 INFO  server.RaftServerConfigKeys (ConfUtils.java:logGet(43)) - raft.server.log.force.sync.num = 128 (default)
2019-08-04 03:50:34,750 INFO  server.RaftServerConfigKeys (ConfUtils.java:logGet(43)) - raft.server.log.statemachine.data.sync = true (default)
2019-08-04 03:50:34,750 INFO  util.JmxRegister (JmxRegister.java:tryRegister(44)) - Successfully registered JMX Bean with object name Ratis:service=RaftServer,group=group-A2FADEA46477,id=10c0a52f-5aaf-43f3-a401-c5349bee55e9
2019-08-04 03:50:34,751 INFO  server.RaftServerConfigKeys (ConfUtils.java:logGet(43)) - raft.server.log.statemachine.data.sync.timeout = 10s (default)
2019-08-04 03:50:34,750 INFO  server.RaftServerConfigKeys (ConfUtils.java:logGet(43)) - raft.server.log.statemachine.data.sync = true (default)
2019-08-04 03:50:34,751 INFO  server.RaftServerConfigKeys (ConfUtils.java:logGet(43)) - raft.server.log.statemachine.data.sync.timeout.retry = -1 (default)
2019-08-04 03:50:34,751 INFO  server.RaftServerConfigKeys (ConfUtils.java:logGet(43)) - raft.server.log.statemachine.data.sync.timeout = 10s (default)
2019-08-04 03:50:34,751 INFO  server.RaftServerConfigKeys (ConfUtils.java:logGet(43)) - raft.server.log.statemachine.data.caching.enabled = true (custom)
2019-08-04 03:50:34,752 INFO  server.RaftServerConfigKeys (ConfUtils.java:logGet(43)) - raft.server.log.statemachine.data.sync.timeout.retry = -1 (default)
2019-08-04 03:50:34,753 INFO  segmented.SegmentedRaftLogWorker (SegmentedRaftLogWorker.java:lambda$new$0(132)) - a644d990-7b5d-4b83-9a1c-860883dc6b06-SegmentedRaftLogWorker:Storage Directory /workdir/hadoop-ozone/integration-test/target/test-dir/MiniOzoneClusterImpl-13eae300-d7c4-487e-ad06-8500ad5b71ae/datanode-1/data/ratis/ee324193-17d5-4ee2-8a3e-a2fadea46477: flushIndex: setUnconditionally 0 -> -1
2019-08-04 03:50:34,753 INFO  server.RaftServerConfigKeys (ConfUtils.java:logGet(43)) - raft.server.log.statemachine.data.caching.enabled = true (custom)
2019-08-04 03:50:34,754 INFO  server.RaftServerConfigKeys (ConfUtils.java:logGet(43)) - raft.server.snapshot.auto.trigger.enabled = true (custom)
2019-08-04 03:50:34,754 INFO  server.RaftServerConfigKeys (ConfUtils.java:logGet(43)) - raft.server.snapshot.auto.trigger.threshold = 10000 (custom)
2019-08-04 03:50:34,754 INFO  segmented.SegmentedRaftLogWorker (SegmentedRaftLogWorker.java:lambda$new$0(132)) - b3d0b11a-2f88-40bd-a366-0a2a242ceeb9-SegmentedRaftLogWorker:Storage Directory /workdir/hadoop-ozone/integration-test/target/test-dir/MiniOzoneClusterImpl-13eae300-d7c4-487e-ad06-8500ad5b71ae/datanode-0/data/ratis/ee324193-17d5-4ee2-8a3e-a2fadea46477: flushIndex: setUnconditionally 0 -> -1
2019-08-04 03:50:34,756 INFO  server.RaftServerConfigKeys (ConfUtils.java:logGet(43)) - raft.server.retrycache.expirytime = 600000ms (custom)
2019-08-04 03:50:34,756 INFO  server.RaftServerConfigKeys (ConfUtils.java:logGet(43)) - raft.server.snapshot.auto.trigger.enabled = true (custom)
2019-08-04 03:50:34,757 INFO  impl.RaftServerImpl (RaftServerImpl.java:start(180)) - a644d990-7b5d-4b83-9a1c-860883dc6b06: start group-A2FADEA46477
2019-08-04 03:50:34,757 INFO  server.RaftServerConfigKeys (ConfUtils.java:logGet(43)) - raft.server.snapshot.auto.trigger.threshold = 10000 (custom)
2019-08-04 03:50:34,758 INFO  impl.RaftServerImpl (RaftServerImpl.java:setRole(171)) - a644d990-7b5d-4b83-9a1c-860883dc6b06:group-A2FADEA46477 changes role from null to FOLLOWER at term 0 for startAsFollower
2019-08-04 03:50:34,764 INFO  server.RaftServerConfigKeys (ConfUtils.java:logGet(43)) - raft.server.retrycache.expirytime = 600000ms (custom)
2019-08-04 03:50:34,764 INFO  impl.RoleInfo (RoleInfo.java:updateAndGet(143)) - a644d990-7b5d-4b83-9a1c-860883dc6b06: start FollowerState
2019-08-04 03:50:34,764 INFO  impl.RaftServerImpl (RaftServerImpl.java:start(180)) - b3d0b11a-2f88-40bd-a366-0a2a242ceeb9: start group-A2FADEA46477
2019-08-04 03:50:34,764 INFO  impl.RaftServerImpl (RaftServerImpl.java:setRole(171)) - b3d0b11a-2f88-40bd-a366-0a2a242ceeb9:group-A2FADEA46477 changes role from null to FOLLOWER at term 0 for startAsFollower
2019-08-04 03:50:34,766 INFO  util.JmxRegister (JmxRegister.java:tryRegister(44)) - Successfully registered JMX Bean with object name Ratis:service=RaftServer,group=group-A2FADEA46477,id=a644d990-7b5d-4b83-9a1c-860883dc6b06
2019-08-04 03:50:34,766 INFO  impl.RoleInfo (RoleInfo.java:updateAndGet(143)) - b3d0b11a-2f88-40bd-a366-0a2a242ceeb9: start FollowerState
2019-08-04 03:50:34,766 INFO  util.JmxRegister (JmxRegister.java:tryRegister(44)) - Successfully registered JMX Bean with object name Ratis:service=RaftServer,group=group-A2FADEA46477,id=b3d0b11a-2f88-40bd-a366-0a2a242ceeb9
2019-08-04 03:50:34,783 INFO  pipeline.PipelineStateManager (PipelineStateManager.java:addPipeline(56)) - Created pipeline Pipeline[ Id: ee324193-17d5-4ee2-8a3e-a2fadea46477, Nodes: 10c0a52f-5aaf-43f3-a401-c5349bee55e9{ip: 192.168.157.250, host: byscane-nightly-gb268-2566207830, networkLocation: /default-rack, certSerialId: null}a644d990-7b5d-4b83-9a1c-860883dc6b06{ip: 192.168.157.250, host: byscane-nightly-gb268-2566207830, networkLocation: /default-rack, certSerialId: null}b3d0b11a-2f88-40bd-a366-0a2a242ceeb9{ip: 192.168.157.250, host: byscane-nightly-gb268-2566207830, networkLocation: /default-rack, certSerialId: null}, Type:RATIS, Factor:THREE, State:OPEN]
2019-08-04 03:50:34,808 INFO  impl.RaftServerProxy (RaftServerProxy.java:addNew(89)) - dbd6a9ac-9c32-47ee-94a0-3ca05a52c05b: addNew group-0D7CE399DABF:[dbd6a9ac-9c32-47ee-94a0-3ca05a52c05b:192.168.157.250:36228, 8598a113-c17e-478f-a912-bce46d01a642:192.168.157.250:43465, 77847575-4b95-46c8-8128-98f1427f22a7:192.168.157.250:44186] returns group-0D7CE399DABF:java.util.concurrent.CompletableFuture@302bcbbd[Not completed]
2019-08-04 03:50:34,808 INFO  impl.RaftServerProxy (RaftServerProxy.java:addNew(89)) - 77847575-4b95-46c8-8128-98f1427f22a7: addNew group-0D7CE399DABF:[dbd6a9ac-9c32-47ee-94a0-3ca05a52c05b:192.168.157.250:36228, 8598a113-c17e-478f-a912-bce46d01a642:192.168.157.250:43465, 77847575-4b95-46c8-8128-98f1427f22a7:192.168.157.250:44186] returns group-0D7CE399DABF:java.util.concurrent.CompletableFuture@71db22cc[Not completed]
2019-08-04 03:50:34,808 INFO  impl.RaftServerProxy (RaftServerProxy.java:addNew(89)) - 8598a113-c17e-478f-a912-bce46d01a642: addNew group-0D7CE399DABF:[dbd6a9ac-9c32-47ee-94a0-3ca05a52c05b:192.168.157.250:36228, 8598a113-c17e-478f-a912-bce46d01a642:192.168.157.250:43465, 77847575-4b95-46c8-8128-98f1427f22a7:192.168.157.250:44186] returns group-0D7CE399DABF:java.util.concurrent.CompletableFuture@389803df[Not completed]
2019-08-04 03:50:34,811 INFO  impl.RaftServerImpl (RaftServerImpl.java:<init>(93)) - dbd6a9ac-9c32-47ee-94a0-3ca05a52c05b: new RaftServerImpl for group-0D7CE399DABF:[dbd6a9ac-9c32-47ee-94a0-3ca05a52c05b:192.168.157.250:36228, 8598a113-c17e-478f-a912-bce46d01a642:192.168.157.250:43465, 77847575-4b95-46c8-8128-98f1427f22a7:192.168.157.250:44186] with ContainerStateMachine:uninitialized
2019-08-04 03:50:34,811 INFO  server.RaftServerConfigKeys (ConfUtils.java:logGet(43)) - raft.server.rpc.timeout.min = 5s (custom)
2019-08-04 03:50:34,811 INFO  server.RaftServerConfigKeys (ConfUtils.java:logGet(43)) - raft.server.rpc.timeout.max = 5200ms (custom)
2019-08-04 03:50:34,812 INFO  server.RaftServerConfigKeys (ConfUtils.java:logGet(43)) - raft.server.rpcslowness.timeout = 120s (custom)
2019-08-04 03:50:34,812 INFO  server.RaftServerConfigKeys (ConfUtils.java:logGet(43)) - raft.server.sleep.deviation.threshold = 300 (default)
2019-08-04 03:50:34,812 INFO  server.RaftServerConfigKeys (ConfUtils.java:logGet(43)) - raft.server.log.appender.install.snapshot.enabled = false (custom)
2019-08-04 03:50:34,812 INFO  impl.RaftServerImpl (ServerState.java:<init>(105)) - dbd6a9ac-9c32-47ee-94a0-3ca05a52c05b:group-0D7CE399DABF ConfigurationManager, init=-1: [dbd6a9ac-9c32-47ee-94a0-3ca05a52c05b:192.168.157.250:36228, 8598a113-c17e-478f-a912-bce46d01a642:192.168.157.250:43465, 77847575-4b95-46c8-8128-98f1427f22a7:192.168.157.250:44186], old=null, confs=<EMPTY_MAP>
2019-08-04 03:50:34,812 INFO  impl.RaftServerImpl (RaftServerImpl.java:<init>(93)) - 8598a113-c17e-478f-a912-bce46d01a642: new RaftServerImpl for group-0D7CE399DABF:[dbd6a9ac-9c32-47ee-94a0-3ca05a52c05b:192.168.157.250:36228, 8598a113-c17e-478f-a912-bce46d01a642:192.168.157.250:43465, 77847575-4b95-46c8-8128-98f1427f22a7:192.168.157.250:44186] with ContainerStateMachine:uninitialized
2019-08-04 03:50:34,812 INFO  server.RaftServerConfigKeys (ConfUtils.java:logGet(43)) - raft.server.storage.dir = [/workdir/hadoop-ozone/integration-test/target/test-dir/MiniOzoneClusterImpl-13eae300-d7c4-487e-ad06-8500ad5b71ae/datanode-3/data/ratis] (custom)
2019-08-04 03:50:34,812 INFO  server.RaftServerConfigKeys (ConfUtils.java:logGet(43)) - raft.server.rpc.timeout.min = 5s (custom)
2019-08-04 03:50:34,813 INFO  server.RaftServerConfigKeys (ConfUtils.java:logGet(43)) - raft.server.rpc.timeout.max = 5200ms (custom)
2019-08-04 03:50:34,813 INFO  storage.RaftStorageDirectory (RaftStorageDirectory.java:analyzeStorage(246)) - The storage directory /workdir/hadoop-ozone/integration-test/target/test-dir/MiniOzoneClusterImpl-13eae300-d7c4-487e-ad06-8500ad5b71ae/datanode-3/data/ratis/f981293a-773f-46e9-882e-0d7ce399dabf does not exist. Creating ...
2019-08-04 03:50:34,813 INFO  server.RaftServerConfigKeys (ConfUtils.java:logGet(43)) - raft.server.rpcslowness.timeout = 120s (custom)
2019-08-04 03:50:34,813 INFO  impl.RaftServerImpl (RaftServerImpl.java:<init>(93)) - 77847575-4b95-46c8-8128-98f1427f22a7: new RaftServerImpl for group-0D7CE399DABF:[dbd6a9ac-9c32-47ee-94a0-3ca05a52c05b:192.168.157.250:36228, 8598a113-c17e-478f-a912-bce46d01a642:192.168.157.250:43465, 77847575-4b95-46c8-8128-98f1427f22a7:192.168.157.250:44186] with ContainerStateMachine:uninitialized
2019-08-04 03:50:34,813 INFO  server.RaftServerConfigKeys (ConfUtils.java:logGet(43)) - raft.server.sleep.deviation.threshold = 300 (default)
2019-08-04 03:50:34,813 INFO  server.RaftServerConfigKeys (ConfUtils.java:logGet(43)) - raft.server.rpc.timeout.min = 5s (custom)
2019-08-04 03:50:34,814 INFO  server.RaftServerConfigKeys (ConfUtils.java:logGet(43)) - raft.server.log.appender.install.snapshot.enabled = false (custom)
2019-08-04 03:50:34,814 INFO  server.RaftServerConfigKeys (ConfUtils.java:logGet(43)) - raft.server.rpc.timeout.max = 5200ms (custom)
2019-08-04 03:50:34,814 INFO  impl.RaftServerImpl (ServerState.java:<init>(105)) - 8598a113-c17e-478f-a912-bce46d01a642:group-0D7CE399DABF ConfigurationManager, init=-1: [dbd6a9ac-9c32-47ee-94a0-3ca05a52c05b:192.168.157.250:36228, 8598a113-c17e-478f-a912-bce46d01a642:192.168.157.250:43465, 77847575-4b95-46c8-8128-98f1427f22a7:192.168.157.250:44186], old=null, confs=<EMPTY_MAP>
2019-08-04 03:50:34,814 INFO  server.RaftServerConfigKeys (ConfUtils.java:logGet(43)) - raft.server.rpcslowness.timeout = 120s (custom)
2019-08-04 03:50:34,814 INFO  server.RaftServerConfigKeys (ConfUtils.java:logGet(43)) - raft.server.storage.dir = [/workdir/hadoop-ozone/integration-test/target/test-dir/MiniOzoneClusterImpl-13eae300-d7c4-487e-ad06-8500ad5b71ae/datanode-4/data/ratis] (custom)
2019-08-04 03:50:34,814 INFO  server.RaftServerConfigKeys (ConfUtils.java:logGet(43)) - raft.server.sleep.deviation.threshold = 300 (default)
2019-08-04 03:50:34,815 INFO  server.RaftServerConfigKeys (ConfUtils.java:logGet(43)) - raft.server.log.appender.install.snapshot.enabled = false (custom)
2019-08-04 03:50:34,815 INFO  storage.RaftStorageDirectory (RaftStorageDirectory.java:analyzeStorage(246)) - The storage directory /workdir/hadoop-ozone/integration-test/target/test-dir/MiniOzoneClusterImpl-13eae300-d7c4-487e-ad06-8500ad5b71ae/datanode-4/data/ratis/f981293a-773f-46e9-882e-0d7ce399dabf does not exist. Creating ...
2019-08-04 03:50:34,815 INFO  impl.RaftServerImpl (ServerState.java:<init>(105)) - 77847575-4b95-46c8-8128-98f1427f22a7:group-0D7CE399DABF ConfigurationManager, init=-1: [dbd6a9ac-9c32-47ee-94a0-3ca05a52c05b:192.168.157.250:36228, 8598a113-c17e-478f-a912-bce46d01a642:192.168.157.250:43465, 77847575-4b95-46c8-8128-98f1427f22a7:192.168.157.250:44186], old=null, confs=<EMPTY_MAP>
2019-08-04 03:50:34,815 INFO  server.RaftServerConfigKeys (ConfUtils.java:logGet(43)) - raft.server.storage.dir = [/workdir/hadoop-ozone/integration-test/target/test-dir/MiniOzoneClusterImpl-13eae300-d7c4-487e-ad06-8500ad5b71ae/datanode-5/data/ratis] (custom)
2019-08-04 03:50:34,816 INFO  storage.RaftStorageDirectory (RaftStorageDirectory.java:analyzeStorage(246)) - The storage directory /workdir/hadoop-ozone/integration-test/target/test-dir/MiniOzoneClusterImpl-13eae300-d7c4-487e-ad06-8500ad5b71ae/datanode-5/data/ratis/f981293a-773f-46e9-882e-0d7ce399dabf does not exist. Creating ...
2019-08-04 03:50:34,826 INFO  storage.RaftStorageDirectory (RaftStorageDirectory.java:tryLock(328)) - Lock on /workdir/hadoop-ozone/integration-test/target/test-dir/MiniOzoneClusterImpl-13eae300-d7c4-487e-ad06-8500ad5b71ae/datanode-4/data/ratis/f981293a-773f-46e9-882e-0d7ce399dabf/in_use.lock acquired by nodename 2413@byscane-nightly-gb268-2566207830
2019-08-04 03:50:34,826 INFO  storage.RaftStorageDirectory (RaftStorageDirectory.java:tryLock(328)) - Lock on /workdir/hadoop-ozone/integration-test/target/test-dir/MiniOzoneClusterImpl-13eae300-d7c4-487e-ad06-8500ad5b71ae/datanode-5/data/ratis/f981293a-773f-46e9-882e-0d7ce399dabf/in_use.lock acquired by nodename 2413@byscane-nightly-gb268-2566207830
2019-08-04 03:50:34,826 INFO  storage.RaftStorageDirectory (RaftStorageDirectory.java:tryLock(328)) - Lock on /workdir/hadoop-ozone/integration-test/target/test-dir/MiniOzoneClusterImpl-13eae300-d7c4-487e-ad06-8500ad5b71ae/datanode-3/data/ratis/f981293a-773f-46e9-882e-0d7ce399dabf/in_use.lock acquired by nodename 2413@byscane-nightly-gb268-2566207830
2019-08-04 03:50:34,841 INFO  storage.RaftStorage (RaftStorage.java:format(72)) - Storage directory /workdir/hadoop-ozone/integration-test/target/test-dir/MiniOzoneClusterImpl-13eae300-d7c4-487e-ad06-8500ad5b71ae/datanode-3/data/ratis/f981293a-773f-46e9-882e-0d7ce399dabf has been successfully formatted.
2019-08-04 03:50:34,841 INFO  storage.RaftStorage (RaftStorage.java:format(72)) - Storage directory /workdir/hadoop-ozone/integration-test/target/test-dir/MiniOzoneClusterImpl-13eae300-d7c4-487e-ad06-8500ad5b71ae/datanode-4/data/ratis/f981293a-773f-46e9-882e-0d7ce399dabf has been successfully formatted.
2019-08-04 03:50:34,841 INFO  storage.RaftStorage (RaftStorage.java:format(72)) - Storage directory /workdir/hadoop-ozone/integration-test/target/test-dir/MiniOzoneClusterImpl-13eae300-d7c4-487e-ad06-8500ad5b71ae/datanode-5/data/ratis/f981293a-773f-46e9-882e-0d7ce399dabf has been successfully formatted.
2019-08-04 03:50:34,841 INFO  ratis.ContainerStateMachine (ContainerStateMachine.java:loadSnapshot(213)) - group-0D7CE399DABF: The snapshot info is null. Setting the last applied indexto:(t:0, i:~)
2019-08-04 03:50:34,841 INFO  ratis.ContainerStateMachine (ContainerStateMachine.java:loadSnapshot(213)) - group-0D7CE399DABF: The snapshot info is null. Setting the last applied indexto:(t:0, i:~)
2019-08-04 03:50:34,841 INFO  server.RaftServerConfigKeys (ConfUtils.java:logGet(43)) - raft.server.leader.election.timeout = 120s (custom)
2019-08-04 03:50:34,841 INFO  ratis.ContainerStateMachine (ContainerStateMachine.java:loadSnapshot(213)) - group-0D7CE399DABF: The snapshot info is null. Setting the last applied indexto:(t:0, i:~)
2019-08-04 03:50:34,842 INFO  server.RaftServerConfigKeys (ConfUtils.java:logGet(43)) - raft.server.log.use.memory = false (default)
2019-08-04 03:50:34,842 INFO  server.RaftServerConfigKeys (ConfUtils.java:logGet(43)) - raft.server.leader.election.timeout = 120s (custom)
2019-08-04 03:50:34,842 INFO  server.RaftServerConfigKeys (ConfUtils.java:logGet(43)) - raft.server.log.purge.gap = 1000000000 (custom)
2019-08-04 03:50:34,842 INFO  server.RaftServerConfigKeys (ConfUtils.java:logGet(43)) - raft.server.leader.election.timeout = 120s (custom)
2019-08-04 03:50:34,842 INFO  server.RaftServerConfigKeys (ConfUtils.java:logGet(43)) - raft.server.log.appender.buffer.byte-limit = 33554432 (custom)
2019-08-04 03:50:34,842 INFO  server.RaftServerConfigKeys (ConfUtils.java:logGet(43)) - raft.server.log.use.memory = false (default)
2019-08-04 03:50:34,843 INFO  server.RaftServerConfigKeys (ConfUtils.java:logGet(43)) - raft.server.log.segment.size.max = 1048576 (custom)
2019-08-04 03:50:34,843 INFO  server.RaftServerConfigKeys (ConfUtils.java:logGet(43)) - raft.server.log.use.memory = false (default)
2019-08-04 03:50:34,843 INFO  server.RaftServerConfigKeys (ConfUtils.java:logGet(43)) - raft.server.log.segment.cache.num.max = 2 (custom)
2019-08-04 03:50:34,843 INFO  server.RaftServerConfigKeys (ConfUtils.java:logGet(43)) - raft.server.log.purge.gap = 1000000000 (custom)
2019-08-04 03:50:34,843 INFO  segmented.SegmentedRaftLogWorker (SegmentedRaftLogWorker.java:<init>(172)) - new dbd6a9ac-9c32-47ee-94a0-3ca05a52c05b-SegmentedRaftLogWorker:Storage Directory /workdir/hadoop-ozone/integration-test/target/test-dir/MiniOzoneClusterImpl-13eae300-d7c4-487e-ad06-8500ad5b71ae/datanode-3/data/ratis/f981293a-773f-46e9-882e-0d7ce399dabf for RaftStorage:Storage Directory /workdir/hadoop-ozone/integration-test/target/test-dir/MiniOzoneClusterImpl-13eae300-d7c4-487e-ad06-8500ad5b71ae/datanode-3/data/ratis/f981293a-773f-46e9-882e-0d7ce399dabf
2019-08-04 03:50:34,843 INFO  server.RaftServerConfigKeys (ConfUtils.java:logGet(43)) - raft.server.log.purge.gap = 1000000000 (custom)
2019-08-04 03:50:34,844 INFO  server.RaftServerConfigKeys (ConfUtils.java:logGet(43)) - raft.server.log.queue.byte-limit = 2147483647 (custom)
2019-08-04 03:50:34,844 INFO  server.RaftServerConfigKeys (ConfUtils.java:logGet(43)) - raft.server.log.appender.buffer.byte-limit = 33554432 (custom)
2019-08-04 03:50:34,846 INFO  server.RaftServerConfigKeys (ConfUtils.java:logGet(43)) - raft.server.log.queue.element-limit = 1024 (custom)
2019-08-04 03:50:34,844 INFO  server.RaftServerConfigKeys (ConfUtils.java:logGet(43)) - raft.server.log.appender.buffer.byte-limit = 33554432 (custom)
2019-08-04 03:50:34,846 INFO  server.RaftServerConfigKeys (ConfUtils.java:logGet(43)) - raft.server.log.segment.size.max = 1048576 (custom)
2019-08-04 03:50:34,846 INFO  server.RaftServerConfigKeys (ConfUtils.java:logGet(43)) - raft.server.log.segment.size.max = 1048576 (custom)
2019-08-04 03:50:34,847 INFO  server.RaftServerConfigKeys (ConfUtils.java:logGet(43)) - raft.server.log.preallocated.size = 16384 (custom)
2019-08-04 03:50:34,846 INFO  server.RaftServerConfigKeys (ConfUtils.java:logGet(43)) - raft.server.log.segment.size.max = 1048576 (custom)
2019-08-04 03:50:34,847 INFO  server.RaftServerConfigKeys (ConfUtils.java:logGet(43)) - raft.server.log.write.buffer.size = 33554432 (custom)
2019-08-04 03:50:34,847 INFO  server.RaftServerConfigKeys (ConfUtils.java:logGet(43)) - raft.server.log.force.sync.num = 128 (default)
2019-08-04 03:50:34,847 INFO  server.RaftServerConfigKeys (ConfUtils.java:logGet(43)) - raft.server.log.segment.cache.num.max = 2 (custom)
2019-08-04 03:50:34,847 INFO  server.RaftServerConfigKeys (ConfUtils.java:logGet(43)) - raft.server.log.statemachine.data.sync = true (default)
2019-08-04 03:50:34,847 INFO  server.RaftServerConfigKeys (ConfUtils.java:logGet(43)) - raft.server.log.segment.cache.num.max = 2 (custom)
2019-08-04 03:50:34,848 INFO  server.RaftServerConfigKeys (ConfUtils.java:logGet(43)) - raft.server.log.statemachine.data.sync.timeout = 10s (default)
2019-08-04 03:50:34,848 INFO  segmented.SegmentedRaftLogWorker (SegmentedRaftLogWorker.java:<init>(172)) - new 8598a113-c17e-478f-a912-bce46d01a642-SegmentedRaftLogWorker:Storage Directory /workdir/hadoop-ozone/integration-test/target/test-dir/MiniOzoneClusterImpl-13eae300-d7c4-487e-ad06-8500ad5b71ae/datanode-4/data/ratis/f981293a-773f-46e9-882e-0d7ce399dabf for RaftStorage:Storage Directory /workdir/hadoop-ozone/integration-test/target/test-dir/MiniOzoneClusterImpl-13eae300-d7c4-487e-ad06-8500ad5b71ae/datanode-4/data/ratis/f981293a-773f-46e9-882e-0d7ce399dabf
2019-08-04 03:50:34,848 INFO  server.RaftServerConfigKeys (ConfUtils.java:logGet(43)) - raft.server.log.statemachine.data.sync.timeout.retry = -1 (default)
2019-08-04 03:50:34,848 INFO  segmented.SegmentedRaftLogWorker (SegmentedRaftLogWorker.java:<init>(172)) - new 77847575-4b95-46c8-8128-98f1427f22a7-SegmentedRaftLogWorker:Storage Directory /workdir/hadoop-ozone/integration-test/target/test-dir/MiniOzoneClusterImpl-13eae300-d7c4-487e-ad06-8500ad5b71ae/datanode-5/data/ratis/f981293a-773f-46e9-882e-0d7ce399dabf for RaftStorage:Storage Directory /workdir/hadoop-ozone/integration-test/target/test-dir/MiniOzoneClusterImpl-13eae300-d7c4-487e-ad06-8500ad5b71ae/datanode-5/data/ratis/f981293a-773f-46e9-882e-0d7ce399dabf
2019-08-04 03:50:34,850 INFO  server.RaftServerConfigKeys (ConfUtils.java:logGet(43)) - raft.server.log.statemachine.data.caching.enabled = true (custom)
2019-08-04 03:50:34,848 INFO  server.RaftServerConfigKeys (ConfUtils.java:logGet(43)) - raft.server.log.queue.byte-limit = 2147483647 (custom)
2019-08-04 03:50:34,850 INFO  server.RaftServerConfigKeys (ConfUtils.java:logGet(43)) - raft.server.log.queue.byte-limit = 2147483647 (custom)
2019-08-04 03:50:34,853 INFO  server.RaftServerConfigKeys (ConfUtils.java:logGet(43)) - raft.server.log.queue.element-limit = 1024 (custom)
2019-08-04 03:50:34,853 INFO  segmented.SegmentedRaftLogWorker (SegmentedRaftLogWorker.java:lambda$new$0(132)) - dbd6a9ac-9c32-47ee-94a0-3ca05a52c05b-SegmentedRaftLogWorker:Storage Directory /workdir/hadoop-ozone/integration-test/target/test-dir/MiniOzoneClusterImpl-13eae300-d7c4-487e-ad06-8500ad5b71ae/datanode-3/data/ratis/f981293a-773f-46e9-882e-0d7ce399dabf: flushIndex: setUnconditionally 0 -> -1
2019-08-04 03:50:34,853 INFO  server.RaftServerConfigKeys (ConfUtils.java:logGet(43)) - raft.server.log.segment.size.max = 1048576 (custom)
2019-08-04 03:50:34,853 INFO  server.RaftServerConfigKeys (ConfUtils.java:logGet(43)) - raft.server.log.queue.element-limit = 1024 (custom)
2019-08-04 03:50:34,853 INFO  server.RaftServerConfigKeys (ConfUtils.java:logGet(43)) - raft.server.snapshot.auto.trigger.enabled = true (custom)
2019-08-04 03:50:34,854 INFO  server.RaftServerConfigKeys (ConfUtils.java:logGet(43)) - raft.server.log.segment.size.max = 1048576 (custom)
2019-08-04 03:50:34,853 INFO  server.RaftServerConfigKeys (ConfUtils.java:logGet(43)) - raft.server.log.preallocated.size = 16384 (custom)
2019-08-04 03:50:34,854 INFO  server.RaftServerConfigKeys (ConfUtils.java:logGet(43)) - raft.server.log.preallocated.size = 16384 (custom)
2019-08-04 03:50:34,854 INFO  server.RaftServerConfigKeys (ConfUtils.java:logGet(43)) - raft.server.snapshot.auto.trigger.threshold = 10000 (custom)
2019-08-04 03:50:34,854 INFO  server.RaftServerConfigKeys (ConfUtils.java:logGet(43)) - raft.server.log.write.buffer.size = 33554432 (custom)
2019-08-04 03:50:34,855 INFO  server.RaftServerConfigKeys (ConfUtils.java:logGet(43)) - raft.server.log.force.sync.num = 128 (default)
2019-08-04 03:50:34,854 INFO  server.RaftServerConfigKeys (ConfUtils.java:logGet(43)) - raft.server.log.write.buffer.size = 33554432 (custom)
2019-08-04 03:50:34,855 INFO  server.RaftServerConfigKeys (ConfUtils.java:logGet(43)) - raft.server.log.statemachine.data.sync = true (default)
2019-08-04 03:50:34,855 INFO  server.RaftServerConfigKeys (ConfUtils.java:logGet(43)) - raft.server.retrycache.expirytime = 600000ms (custom)
2019-08-04 03:50:34,855 INFO  server.RaftServerConfigKeys (ConfUtils.java:logGet(43)) - raft.server.log.statemachine.data.sync.timeout = 10s (default)
2019-08-04 03:50:34,855 INFO  server.RaftServerConfigKeys (ConfUtils.java:logGet(43)) - raft.server.log.force.sync.num = 128 (default)
2019-08-04 03:50:34,856 INFO  server.RaftServerConfigKeys (ConfUtils.java:logGet(43)) - raft.server.log.statemachine.data.sync.timeout.retry = -1 (default)
2019-08-04 03:50:34,856 INFO  impl.RaftServerImpl (RaftServerImpl.java:start(180)) - dbd6a9ac-9c32-47ee-94a0-3ca05a52c05b: start group-0D7CE399DABF
2019-08-04 03:50:34,856 INFO  server.RaftServerConfigKeys (ConfUtils.java:logGet(43)) - raft.server.log.statemachine.data.caching.enabled = true (custom)
2019-08-04 03:50:34,856 INFO  server.RaftServerConfigKeys (ConfUtils.java:logGet(43)) - raft.server.log.statemachine.data.sync = true (default)
2019-08-04 03:50:34,856 INFO  impl.RaftServerImpl (RaftServerImpl.java:setRole(171)) - dbd6a9ac-9c32-47ee-94a0-3ca05a52c05b:group-0D7CE399DABF changes role from null to FOLLOWER at term 0 for startAsFollower
2019-08-04 03:50:34,857 INFO  server.RaftServerConfigKeys (ConfUtils.java:logGet(43)) - raft.server.log.statemachine.data.sync.timeout = 10s (default)
2019-08-04 03:50:34,856 INFO  segmented.SegmentedRaftLogWorker (SegmentedRaftLogWorker.java:lambda$new$0(132)) - 77847575-4b95-46c8-8128-98f1427f22a7-SegmentedRaftLogWorker:Storage Directory /workdir/hadoop-ozone/integration-test/target/test-dir/MiniOzoneClusterImpl-13eae300-d7c4-487e-ad06-8500ad5b71ae/datanode-5/data/ratis/f981293a-773f-46e9-882e-0d7ce399dabf: flushIndex: setUnconditionally 0 -> -1
2019-08-04 03:50:34,857 INFO  server.RaftServerConfigKeys (ConfUtils.java:logGet(43)) - raft.server.log.statemachine.data.sync.timeout.retry = -1 (default)
2019-08-04 03:50:34,857 INFO  impl.RoleInfo (RoleInfo.java:updateAndGet(143)) - dbd6a9ac-9c32-47ee-94a0-3ca05a52c05b: start FollowerState
2019-08-04 03:50:34,857 INFO  server.RaftServerConfigKeys (ConfUtils.java:logGet(43)) - raft.server.log.statemachine.data.caching.enabled = true (custom)
2019-08-04 03:50:34,857 INFO  server.RaftServerConfigKeys (ConfUtils.java:logGet(43)) - raft.server.snapshot.auto.trigger.enabled = true (custom)
2019-08-04 03:50:34,858 INFO  server.RaftServerConfigKeys (ConfUtils.java:logGet(43)) - raft.server.snapshot.auto.trigger.threshold = 10000 (custom)
2019-08-04 03:50:34,858 INFO  segmented.SegmentedRaftLogWorker (SegmentedRaftLogWorker.java:lambda$new$0(132)) - 8598a113-c17e-478f-a912-bce46d01a642-SegmentedRaftLogWorker:Storage Directory /workdir/hadoop-ozone/integration-test/target/test-dir/MiniOzoneClusterImpl-13eae300-d7c4-487e-ad06-8500ad5b71ae/datanode-4/data/ratis/f981293a-773f-46e9-882e-0d7ce399dabf: flushIndex: setUnconditionally 0 -> -1
2019-08-04 03:50:34,858 INFO  util.JmxRegister (JmxRegister.java:tryRegister(44)) - Successfully registered JMX Bean with object name Ratis:service=RaftServer,group=group-0D7CE399DABF,id=dbd6a9ac-9c32-47ee-94a0-3ca05a52c05b
2019-08-04 03:50:34,858 INFO  server.RaftServerConfigKeys (ConfUtils.java:logGet(43)) - raft.server.retrycache.expirytime = 600000ms (custom)
2019-08-04 03:50:34,858 INFO  server.RaftServerConfigKeys (ConfUtils.java:logGet(43)) - raft.server.snapshot.auto.trigger.enabled = true (custom)
2019-08-04 03:50:34,858 INFO  impl.RaftServerImpl (RaftServerImpl.java:start(180)) - 77847575-4b95-46c8-8128-98f1427f22a7: start group-0D7CE399DABF
2019-08-04 03:50:34,858 INFO  server.RaftServerConfigKeys (ConfUtils.java:logGet(43)) - raft.server.snapshot.auto.trigger.threshold = 10000 (custom)
2019-08-04 03:50:34,859 INFO  impl.RaftServerImpl (RaftServerImpl.java:setRole(171)) - 77847575-4b95-46c8-8128-98f1427f22a7:group-0D7CE399DABF changes role from null to FOLLOWER at term 0 for startAsFollower
2019-08-04 03:50:34,859 INFO  server.RaftServerConfigKeys (ConfUtils.java:logGet(43)) - raft.server.retrycache.expirytime = 600000ms (custom)
2019-08-04 03:50:34,859 INFO  impl.RoleInfo (RoleInfo.java:updateAndGet(143)) - 77847575-4b95-46c8-8128-98f1427f22a7: start FollowerState
2019-08-04 03:50:34,859 INFO  impl.RaftServerImpl (RaftServerImpl.java:start(180)) - 8598a113-c17e-478f-a912-bce46d01a642: start group-0D7CE399DABF
2019-08-04 03:50:34,859 INFO  impl.RaftServerImpl (RaftServerImpl.java:setRole(171)) - 8598a113-c17e-478f-a912-bce46d01a642:group-0D7CE399DABF changes role from null to FOLLOWER at term 0 for startAsFollower
2019-08-04 03:50:34,860 INFO  util.JmxRegister (JmxRegister.java:tryRegister(44)) - Successfully registered JMX Bean with object name Ratis:service=RaftServer,group=group-0D7CE399DABF,id=77847575-4b95-46c8-8128-98f1427f22a7
2019-08-04 03:50:34,860 INFO  impl.RoleInfo (RoleInfo.java:updateAndGet(143)) - 8598a113-c17e-478f-a912-bce46d01a642: start FollowerState
2019-08-04 03:50:34,860 INFO  util.JmxRegister (JmxRegister.java:tryRegister(44)) - Successfully registered JMX Bean with object name Ratis:service=RaftServer,group=group-0D7CE399DABF,id=8598a113-c17e-478f-a912-bce46d01a642
2019-08-04 03:50:34,885 INFO  pipeline.PipelineStateManager (PipelineStateManager.java:addPipeline(56)) - Created pipeline Pipeline[ Id: f981293a-773f-46e9-882e-0d7ce399dabf, Nodes: 77847575-4b95-46c8-8128-98f1427f22a7{ip: 192.168.157.250, host: byscane-nightly-gb268-2566207830, networkLocation: /default-rack, certSerialId: null}dbd6a9ac-9c32-47ee-94a0-3ca05a52c05b{ip: 192.168.157.250, host: byscane-nightly-gb268-2566207830, networkLocation: /default-rack, certSerialId: null}8598a113-c17e-478f-a912-bce46d01a642{ip: 192.168.157.250, host: byscane-nightly-gb268-2566207830, networkLocation: /default-rack, certSerialId: null}, Type:RATIS, Factor:THREE, State:OPEN]
2019-08-04 03:50:34,971 INFO  ozone.MiniOzoneClusterImpl (MiniOzoneClusterImpl.java:lambda$waitForClusterToBeReady$0(142)) - Cluster is ready. Got 6 of 6 DN Heartbeats.
2019-08-04 03:50:35,305 INFO  rpc.RpcClient (RpcClient.java:createVolume(288)) - Creating Volume: datanodefailurehandlingtest, with jenkins1000 as owner.
2019-08-04 03:50:35,351 INFO  rpc.RpcClient (RpcClient.java:createBucket(425)) - Creating Bucket: datanodefailurehandlingtest/datanodefailurehandlingtest, with Versioning false and Storage Type set to DISK and Encryption set to false 
2019-08-04 03:50:35,619 INFO  impl.MetricsSystemImpl (MetricsSystemImpl.java:init(158)) - XceiverClientMetrics metrics system started (again)
2019-08-04 03:50:35,738 INFO  client.GrpcClientProtocolClient (GrpcClientProtocolClient.java:onNext(255)) - client-5297AB1D11B9->10c0a52f-5aaf-43f3-a401-c5349bee55e9: receive RaftClientReply:client-5297AB1D11B9->10c0a52f-5aaf-43f3-a401-c5349bee55e9@group-A2FADEA46477, cid=12, FAILED org.apache.ratis.protocol.NotLeaderException: Server 10c0a52f-5aaf-43f3-a401-c5349bee55e9 is not the leader (null). Request must be sent to leader., logIndex=0, commits[10c0a52f-5aaf-43f3-a401-c5349bee55e9:c-1]
2019-08-04 03:50:35,949 INFO  container.ReplicationManager (ReplicationManager.java:start(155)) - Starting Replication Monitor Thread.
2019-08-04 03:50:35,954 INFO  container.ReplicationManager (ReplicationManager.java:run(207)) - Replication Monitor Thread took 4 milliseconds for processing 1 containers.
2019-08-04 03:50:36,802 INFO  client.GrpcClientProtocolClient (GrpcClientProtocolClient.java:onNext(255)) - client-5297AB1D11B9->a644d990-7b5d-4b83-9a1c-860883dc6b06: receive RaftClientReply:client-5297AB1D11B9->a644d990-7b5d-4b83-9a1c-860883dc6b06@group-A2FADEA46477, cid=12, FAILED org.apache.ratis.protocol.NotLeaderException: Server a644d990-7b5d-4b83-9a1c-860883dc6b06 is not the leader (null). Request must be sent to leader., logIndex=0, commits[a644d990-7b5d-4b83-9a1c-860883dc6b06:c-1]
2019-08-04 03:50:37,839 INFO  client.GrpcClientProtocolClient (GrpcClientProtocolClient.java:onNext(255)) - client-5297AB1D11B9->10c0a52f-5aaf-43f3-a401-c5349bee55e9: receive RaftClientReply:client-5297AB1D11B9->10c0a52f-5aaf-43f3-a401-c5349bee55e9@group-A2FADEA46477, cid=12, FAILED org.apache.ratis.protocol.NotLeaderException: Server 10c0a52f-5aaf-43f3-a401-c5349bee55e9 is not the leader (null). Request must be sent to leader., logIndex=0, commits[10c0a52f-5aaf-43f3-a401-c5349bee55e9:c-1]
2019-08-04 03:50:38,880 INFO  client.GrpcClientProtocolClient (GrpcClientProtocolClient.java:onNext(255)) - client-5297AB1D11B9->b3d0b11a-2f88-40bd-a366-0a2a242ceeb9: receive RaftClientReply:client-5297AB1D11B9->b3d0b11a-2f88-40bd-a366-0a2a242ceeb9@group-A2FADEA46477, cid=12, FAILED org.apache.ratis.protocol.NotLeaderException: Server b3d0b11a-2f88-40bd-a366-0a2a242ceeb9 is not the leader (null). Request must be sent to leader., logIndex=0, commits[b3d0b11a-2f88-40bd-a366-0a2a242ceeb9:c-1]
2019-08-04 03:50:39,232 INFO  impl.FollowerState (FollowerState.java:run(106)) - b3d0b11a-2f88-40bd-a366-0a2a242ceeb9:group-03055D403537 changes to CANDIDATE, lastRpcTime:5177, electionTimeout:5176ms
2019-08-04 03:50:39,233 INFO  impl.RoleInfo (RoleInfo.java:shutdownFollowerState(121)) - b3d0b11a-2f88-40bd-a366-0a2a242ceeb9: shutdown FollowerState
2019-08-04 03:50:39,233 INFO  impl.RaftServerImpl (RaftServerImpl.java:setRole(171)) - b3d0b11a-2f88-40bd-a366-0a2a242ceeb9:group-03055D403537 changes role from FOLLOWER to CANDIDATE at term 0 for changeToCandidate
2019-08-04 03:50:39,240 INFO  impl.RoleInfo (RoleInfo.java:updateAndGet(143)) - b3d0b11a-2f88-40bd-a366-0a2a242ceeb9: start LeaderElection
2019-08-04 03:50:39,260 INFO  impl.LeaderElection (LeaderElection.java:askForVotes(181)) - b3d0b11a-2f88-40bd-a366-0a2a242ceeb9:group-03055D403537:LeaderElection1: begin an election at term 1 for -1: [b3d0b11a-2f88-40bd-a366-0a2a242ceeb9:192.168.157.250:35210], old=null
2019-08-04 03:50:39,262 INFO  impl.RoleInfo (RoleInfo.java:shutdownLeaderElection(134)) - b3d0b11a-2f88-40bd-a366-0a2a242ceeb9: shutdown LeaderElection
2019-08-04 03:50:39,263 INFO  impl.RaftServerImpl (RaftServerImpl.java:setRole(171)) - b3d0b11a-2f88-40bd-a366-0a2a242ceeb9:group-03055D403537 changes role from CANDIDATE to LEADER at term 1 for changeToLeader
2019-08-04 03:50:39,264 INFO  impl.RaftServerImpl (ServerState.java:setLeader(263)) - b3d0b11a-2f88-40bd-a366-0a2a242ceeb9:group-03055D403537 change Leader from null to b3d0b11a-2f88-40bd-a366-0a2a242ceeb9 at term 1 for becomeLeader, leader elected after 5291ms
2019-08-04 03:50:39,275 INFO  server.RaftServerConfigKeys (ConfUtils.java:logGet(43)) - raft.server.staging.catchup.gap = 1000 (default)
2019-08-04 03:50:39,275 INFO  server.RaftServerConfigKeys (ConfUtils.java:logGet(43)) - raft.server.rpc.sleep.time = 25ms (default)
2019-08-04 03:50:39,279 INFO  server.RaftServerConfigKeys (ConfUtils.java:logGet(43)) - raft.server.write.element-limit = 4096 (default)
2019-08-04 03:50:39,282 INFO  server.RaftServerConfigKeys (ConfUtils.java:logGet(43)) - raft.server.watch.timeout = 10s (default)
2019-08-04 03:50:39,283 INFO  server.RaftServerConfigKeys (ConfUtils.java:logGet(43)) - raft.server.watch.timeout.denomination = 1s (default)
2019-08-04 03:50:39,284 INFO  server.RaftServerConfigKeys (ConfUtils.java:logGet(43)) - raft.server.watch.element-limit = 65536 (default)
2019-08-04 03:50:39,296 INFO  impl.RoleInfo (RoleInfo.java:updateAndGet(143)) - b3d0b11a-2f88-40bd-a366-0a2a242ceeb9: start LeaderState
2019-08-04 03:50:39,323 INFO  segmented.SegmentedRaftLogWorker (SegmentedRaftLogWorker.java:startLogSegment(380)) - b3d0b11a-2f88-40bd-a366-0a2a242ceeb9-SegmentedRaftLogWorker:Storage Directory /workdir/hadoop-ozone/integration-test/target/test-dir/MiniOzoneClusterImpl-13eae300-d7c4-487e-ad06-8500ad5b71ae/datanode-0/data/ratis/0e1d18d1-cfc6-4e5a-8532-03055d403537: Starting segment from index:0
2019-08-04 03:50:39,333 INFO  impl.RaftServerImpl (ServerState.java:setRaftConf(361)) - b3d0b11a-2f88-40bd-a366-0a2a242ceeb9:group-03055D403537 set configuration 0: [b3d0b11a-2f88-40bd-a366-0a2a242ceeb9:192.168.157.250:35210], old=null at 0
2019-08-04 03:50:39,353 INFO  impl.FollowerState (FollowerState.java:run(106)) - 10c0a52f-5aaf-43f3-a401-c5349bee55e9:group-46B3EF15E392 changes to CANDIDATE, lastRpcTime:5064, electionTimeout:5060ms
2019-08-04 03:50:39,355 INFO  impl.RoleInfo (RoleInfo.java:shutdownFollowerState(121)) - 10c0a52f-5aaf-43f3-a401-c5349bee55e9: shutdown FollowerState
2019-08-04 03:50:39,355 INFO  impl.RaftServerImpl (RaftServerImpl.java:setRole(171)) - 10c0a52f-5aaf-43f3-a401-c5349bee55e9:group-46B3EF15E392 changes role from FOLLOWER to CANDIDATE at term 0 for changeToCandidate
2019-08-04 03:50:39,355 INFO  impl.RoleInfo (RoleInfo.java:updateAndGet(143)) - 10c0a52f-5aaf-43f3-a401-c5349bee55e9: start LeaderElection
2019-08-04 03:50:39,375 INFO  impl.LeaderElection (LeaderElection.java:askForVotes(181)) - 10c0a52f-5aaf-43f3-a401-c5349bee55e9:group-46B3EF15E392:LeaderElection2: begin an election at term 1 for -1: [10c0a52f-5aaf-43f3-a401-c5349bee55e9:192.168.157.250:34169], old=null
2019-08-04 03:50:39,377 INFO  impl.RoleInfo (RoleInfo.java:shutdownLeaderElection(134)) - 10c0a52f-5aaf-43f3-a401-c5349bee55e9: shutdown LeaderElection
2019-08-04 03:50:39,377 INFO  impl.RaftServerImpl (RaftServerImpl.java:setRole(171)) - 10c0a52f-5aaf-43f3-a401-c5349bee55e9:group-46B3EF15E392 changes role from CANDIDATE to LEADER at term 1 for changeToLeader
2019-08-04 03:50:39,377 INFO  impl.RaftServerImpl (ServerState.java:setLeader(263)) - 10c0a52f-5aaf-43f3-a401-c5349bee55e9:group-46B3EF15E392 change Leader from null to 10c0a52f-5aaf-43f3-a401-c5349bee55e9 at term 1 for becomeLeader, leader elected after 5095ms
2019-08-04 03:50:39,380 INFO  server.RaftServerConfigKeys (ConfUtils.java:logGet(43)) - raft.server.staging.catchup.gap = 1000 (default)
2019-08-04 03:50:39,380 INFO  server.RaftServerConfigKeys (ConfUtils.java:logGet(43)) - raft.server.rpc.sleep.time = 25ms (default)
2019-08-04 03:50:39,380 INFO  server.RaftServerConfigKeys (ConfUtils.java:logGet(43)) - raft.server.write.element-limit = 4096 (default)
2019-08-04 03:50:39,381 INFO  server.RaftServerConfigKeys (ConfUtils.java:logGet(43)) - raft.server.watch.timeout = 10s (default)
2019-08-04 03:50:39,381 INFO  server.RaftServerConfigKeys (ConfUtils.java:logGet(43)) - raft.server.watch.timeout.denomination = 1s (default)
2019-08-04 03:50:39,381 INFO  server.RaftServerConfigKeys (ConfUtils.java:logGet(43)) - raft.server.watch.element-limit = 65536 (default)
2019-08-04 03:50:39,381 INFO  impl.RoleInfo (RoleInfo.java:updateAndGet(143)) - 10c0a52f-5aaf-43f3-a401-c5349bee55e9: start LeaderState
2019-08-04 03:50:39,381 INFO  segmented.SegmentedRaftLogWorker (SegmentedRaftLogWorker.java:startLogSegment(380)) - 10c0a52f-5aaf-43f3-a401-c5349bee55e9-SegmentedRaftLogWorker:Storage Directory /workdir/hadoop-ozone/integration-test/target/test-dir/MiniOzoneClusterImpl-13eae300-d7c4-487e-ad06-8500ad5b71ae/datanode-2/data/ratis/90c01100-42c0-418c-a182-46b3ef15e392: Starting segment from index:0
2019-08-04 03:50:39,382 INFO  impl.RaftServerImpl (ServerState.java:setRaftConf(361)) - 10c0a52f-5aaf-43f3-a401-c5349bee55e9:group-46B3EF15E392 set configuration 0: [10c0a52f-5aaf-43f3-a401-c5349bee55e9:192.168.157.250:34169], old=null at 0
2019-08-04 03:50:39,523 INFO  impl.FollowerState (FollowerState.java:run(106)) - 77847575-4b95-46c8-8128-98f1427f22a7:group-C8E3DF69B462 changes to CANDIDATE, lastRpcTime:5057, electionTimeout:5057ms
2019-08-04 03:50:39,523 INFO  impl.RoleInfo (RoleInfo.java:shutdownFollowerState(121)) - 77847575-4b95-46c8-8128-98f1427f22a7: shutdown FollowerState
2019-08-04 03:50:39,523 INFO  impl.RaftServerImpl (RaftServerImpl.java:setRole(171)) - 77847575-4b95-46c8-8128-98f1427f22a7:group-C8E3DF69B462 changes role from FOLLOWER to CANDIDATE at term 0 for changeToCandidate
2019-08-04 03:50:39,523 INFO  impl.RoleInfo (RoleInfo.java:updateAndGet(143)) - 77847575-4b95-46c8-8128-98f1427f22a7: start LeaderElection
2019-08-04 03:50:39,543 INFO  impl.FollowerState (FollowerState.java:run(106)) - a644d990-7b5d-4b83-9a1c-860883dc6b06:group-ECE3782238BA changes to CANDIDATE, lastRpcTime:5152, electionTimeout:5152ms
2019-08-04 03:50:39,543 INFO  impl.RoleInfo (RoleInfo.java:shutdownFollowerState(121)) - a644d990-7b5d-4b83-9a1c-860883dc6b06: shutdown FollowerState
2019-08-04 03:50:39,543 INFO  impl.RaftServerImpl (RaftServerImpl.java:setRole(171)) - a644d990-7b5d-4b83-9a1c-860883dc6b06:group-ECE3782238BA changes role from FOLLOWER to CANDIDATE at term 0 for changeToCandidate
2019-08-04 03:50:39,543 INFO  impl.RoleInfo (RoleInfo.java:updateAndGet(143)) - a644d990-7b5d-4b83-9a1c-860883dc6b06: start LeaderElection
2019-08-04 03:50:39,545 INFO  segmented.SegmentedRaftLogWorker (SegmentedRaftLogWorker.java:execute(569)) - 10c0a52f-5aaf-43f3-a401-c5349bee55e9-SegmentedRaftLogWorker:Storage Directory /workdir/hadoop-ozone/integration-test/target/test-dir/MiniOzoneClusterImpl-13eae300-d7c4-487e-ad06-8500ad5b71ae/datanode-2/data/ratis/90c01100-42c0-418c-a182-46b3ef15e392: created new log segment /workdir/hadoop-ozone/integration-test/target/test-dir/MiniOzoneClusterImpl-13eae300-d7c4-487e-ad06-8500ad5b71ae/datanode-2/data/ratis/90c01100-42c0-418c-a182-46b3ef15e392/current/log_inprogress_0
2019-08-04 03:50:39,545 INFO  impl.LeaderElection (LeaderElection.java:askForVotes(181)) - 77847575-4b95-46c8-8128-98f1427f22a7:group-C8E3DF69B462:LeaderElection3: begin an election at term 1 for -1: [77847575-4b95-46c8-8128-98f1427f22a7:192.168.157.250:44186], old=null
2019-08-04 03:50:39,545 INFO  segmented.SegmentedRaftLogWorker (SegmentedRaftLogWorker.java:execute(569)) - b3d0b11a-2f88-40bd-a366-0a2a242ceeb9-SegmentedRaftLogWorker:Storage Directory /workdir/hadoop-ozone/integration-test/target/test-dir/MiniOzoneClusterImpl-13eae300-d7c4-487e-ad06-8500ad5b71ae/datanode-0/data/ratis/0e1d18d1-cfc6-4e5a-8532-03055d403537: created new log segment /workdir/hadoop-ozone/integration-test/target/test-dir/MiniOzoneClusterImpl-13eae300-d7c4-487e-ad06-8500ad5b71ae/datanode-0/data/ratis/0e1d18d1-cfc6-4e5a-8532-03055d403537/current/log_inprogress_0
2019-08-04 03:50:39,550 INFO  impl.RoleInfo (RoleInfo.java:shutdownLeaderElection(134)) - 77847575-4b95-46c8-8128-98f1427f22a7: shutdown LeaderElection
2019-08-04 03:50:39,550 INFO  impl.RaftServerImpl (RaftServerImpl.java:setRole(171)) - 77847575-4b95-46c8-8128-98f1427f22a7:group-C8E3DF69B462 changes role from CANDIDATE to LEADER at term 1 for changeToLeader
2019-08-04 03:50:39,550 INFO  impl.RaftServerImpl (ServerState.java:setLeader(263)) - 77847575-4b95-46c8-8128-98f1427f22a7:group-C8E3DF69B462 change Leader from null to 77847575-4b95-46c8-8128-98f1427f22a7 at term 1 for becomeLeader, leader elected after 5090ms
2019-08-04 03:50:39,553 INFO  server.RaftServerConfigKeys (ConfUtils.java:logGet(43)) - raft.server.staging.catchup.gap = 1000 (default)
2019-08-04 03:50:39,554 INFO  server.RaftServerConfigKeys (ConfUtils.java:logGet(43)) - raft.server.rpc.sleep.time = 25ms (default)
2019-08-04 03:50:39,554 INFO  server.RaftServerConfigKeys (ConfUtils.java:logGet(43)) - raft.server.write.element-limit = 4096 (default)
2019-08-04 03:50:39,554 INFO  server.RaftServerConfigKeys (ConfUtils.java:logGet(43)) - raft.server.watch.timeout = 10s (default)
2019-08-04 03:50:39,554 INFO  server.RaftServerConfigKeys (ConfUtils.java:logGet(43)) - raft.server.watch.timeout.denomination = 1s (default)
2019-08-04 03:50:39,554 INFO  server.RaftServerConfigKeys (ConfUtils.java:logGet(43)) - raft.server.watch.element-limit = 65536 (default)
2019-08-04 03:50:39,555 INFO  impl.RoleInfo (RoleInfo.java:updateAndGet(143)) - 77847575-4b95-46c8-8128-98f1427f22a7: start LeaderState
2019-08-04 03:50:39,555 INFO  segmented.SegmentedRaftLogWorker (SegmentedRaftLogWorker.java:startLogSegment(380)) - 77847575-4b95-46c8-8128-98f1427f22a7-SegmentedRaftLogWorker:Storage Directory /workdir/hadoop-ozone/integration-test/target/test-dir/MiniOzoneClusterImpl-13eae300-d7c4-487e-ad06-8500ad5b71ae/datanode-5/data/ratis/4816f425-3d04-44cc-b94b-c8e3df69b462: Starting segment from index:0
2019-08-04 03:50:39,555 INFO  impl.RaftServerImpl (ServerState.java:setRaftConf(361)) - 77847575-4b95-46c8-8128-98f1427f22a7:group-C8E3DF69B462 set configuration 0: [77847575-4b95-46c8-8128-98f1427f22a7:192.168.157.250:44186], old=null at 0
2019-08-04 03:50:39,574 INFO  impl.LeaderElection (LeaderElection.java:askForVotes(181)) - a644d990-7b5d-4b83-9a1c-860883dc6b06:group-ECE3782238BA:LeaderElection4: begin an election at term 1 for -1: [a644d990-7b5d-4b83-9a1c-860883dc6b06:192.168.157.250:39291], old=null
2019-08-04 03:50:39,575 INFO  impl.RoleInfo (RoleInfo.java:shutdownLeaderElection(134)) - a644d990-7b5d-4b83-9a1c-860883dc6b06: shutdown LeaderElection
2019-08-04 03:50:39,575 INFO  impl.RaftServerImpl (RaftServerImpl.java:setRole(171)) - a644d990-7b5d-4b83-9a1c-860883dc6b06:group-ECE3782238BA changes role from CANDIDATE to LEADER at term 1 for changeToLeader
2019-08-04 03:50:39,576 INFO  impl.RaftServerImpl (ServerState.java:setLeader(263)) - a644d990-7b5d-4b83-9a1c-860883dc6b06:group-ECE3782238BA change Leader from null to a644d990-7b5d-4b83-9a1c-860883dc6b06 at term 1 for becomeLeader, leader elected after 5191ms
2019-08-04 03:50:39,576 INFO  segmented.SegmentedRaftLogWorker (SegmentedRaftLogWorker.java:execute(569)) - 77847575-4b95-46c8-8128-98f1427f22a7-SegmentedRaftLogWorker:Storage Directory /workdir/hadoop-ozone/integration-test/target/test-dir/MiniOzoneClusterImpl-13eae300-d7c4-487e-ad06-8500ad5b71ae/datanode-5/data/ratis/4816f425-3d04-44cc-b94b-c8e3df69b462: created new log segment /workdir/hadoop-ozone/integration-test/target/test-dir/MiniOzoneClusterImpl-13eae300-d7c4-487e-ad06-8500ad5b71ae/datanode-5/data/ratis/4816f425-3d04-44cc-b94b-c8e3df69b462/current/log_inprogress_0
2019-08-04 03:50:39,577 INFO  server.RaftServerConfigKeys (ConfUtils.java:logGet(43)) - raft.server.staging.catchup.gap = 1000 (default)
2019-08-04 03:50:39,577 INFO  server.RaftServerConfigKeys (ConfUtils.java:logGet(43)) - raft.server.rpc.sleep.time = 25ms (default)
2019-08-04 03:50:39,578 INFO  server.RaftServerConfigKeys (ConfUtils.java:logGet(43)) - raft.server.write.element-limit = 4096 (default)
2019-08-04 03:50:39,578 INFO  server.RaftServerConfigKeys (ConfUtils.java:logGet(43)) - raft.server.watch.timeout = 10s (default)
2019-08-04 03:50:39,578 INFO  server.RaftServerConfigKeys (ConfUtils.java:logGet(43)) - raft.server.watch.timeout.denomination = 1s (default)
2019-08-04 03:50:39,578 INFO  server.RaftServerConfigKeys (ConfUtils.java:logGet(43)) - raft.server.watch.element-limit = 65536 (default)
2019-08-04 03:50:39,578 INFO  impl.RoleInfo (RoleInfo.java:updateAndGet(143)) - a644d990-7b5d-4b83-9a1c-860883dc6b06: start LeaderState
2019-08-04 03:50:39,579 INFO  segmented.SegmentedRaftLogWorker (SegmentedRaftLogWorker.java:startLogSegment(380)) - a644d990-7b5d-4b83-9a1c-860883dc6b06-SegmentedRaftLogWorker:Storage Directory /workdir/hadoop-ozone/integration-test/target/test-dir/MiniOzoneClusterImpl-13eae300-d7c4-487e-ad06-8500ad5b71ae/datanode-1/data/ratis/6bc1e92e-5b3e-46a6-81f6-ece3782238ba: Starting segment from index:0
2019-08-04 03:50:39,579 INFO  impl.RaftServerImpl (ServerState.java:setRaftConf(361)) - a644d990-7b5d-4b83-9a1c-860883dc6b06:group-ECE3782238BA set configuration 0: [a644d990-7b5d-4b83-9a1c-860883dc6b06:192.168.157.250:39291], old=null at 0
2019-08-04 03:50:39,609 INFO  segmented.SegmentedRaftLogWorker (SegmentedRaftLogWorker.java:execute(569)) - a644d990-7b5d-4b83-9a1c-860883dc6b06-SegmentedRaftLogWorker:Storage Directory /workdir/hadoop-ozone/integration-test/target/test-dir/MiniOzoneClusterImpl-13eae300-d7c4-487e-ad06-8500ad5b71ae/datanode-1/data/ratis/6bc1e92e-5b3e-46a6-81f6-ece3782238ba: created new log segment /workdir/hadoop-ozone/integration-test/target/test-dir/MiniOzoneClusterImpl-13eae300-d7c4-487e-ad06-8500ad5b71ae/datanode-1/data/ratis/6bc1e92e-5b3e-46a6-81f6-ece3782238ba/current/log_inprogress_0
2019-08-04 03:50:39,650 INFO  impl.FollowerState (FollowerState.java:run(106)) - dbd6a9ac-9c32-47ee-94a0-3ca05a52c05b:group-A4550B9AC1C4 changes to CANDIDATE, lastRpcTime:5106, electionTimeout:5106ms
2019-08-04 03:50:39,650 INFO  impl.RoleInfo (RoleInfo.java:shutdownFollowerState(121)) - dbd6a9ac-9c32-47ee-94a0-3ca05a52c05b: shutdown FollowerState
2019-08-04 03:50:39,650 INFO  impl.RaftServerImpl (RaftServerImpl.java:setRole(171)) - dbd6a9ac-9c32-47ee-94a0-3ca05a52c05b:group-A4550B9AC1C4 changes role from FOLLOWER to CANDIDATE at term 0 for changeToCandidate
2019-08-04 03:50:39,650 INFO  impl.RoleInfo (RoleInfo.java:updateAndGet(143)) - dbd6a9ac-9c32-47ee-94a0-3ca05a52c05b: start LeaderElection
2019-08-04 03:50:39,667 INFO  impl.LeaderElection (LeaderElection.java:askForVotes(181)) - dbd6a9ac-9c32-47ee-94a0-3ca05a52c05b:group-A4550B9AC1C4:LeaderElection5: begin an election at term 1 for -1: [dbd6a9ac-9c32-47ee-94a0-3ca05a52c05b:192.168.157.250:36228], old=null
2019-08-04 03:50:39,668 INFO  impl.RoleInfo (RoleInfo.java:shutdownLeaderElection(134)) - dbd6a9ac-9c32-47ee-94a0-3ca05a52c05b: shutdown LeaderElection
2019-08-04 03:50:39,668 INFO  impl.RaftServerImpl (RaftServerImpl.java:setRole(171)) - dbd6a9ac-9c32-47ee-94a0-3ca05a52c05b:group-A4550B9AC1C4 changes role from CANDIDATE to LEADER at term 1 for changeToLeader
2019-08-04 03:50:39,668 INFO  impl.RaftServerImpl (ServerState.java:setLeader(263)) - dbd6a9ac-9c32-47ee-94a0-3ca05a52c05b:group-A4550B9AC1C4 change Leader from null to dbd6a9ac-9c32-47ee-94a0-3ca05a52c05b at term 1 for becomeLeader, leader elected after 5130ms
2019-08-04 03:50:39,670 INFO  server.RaftServerConfigKeys (ConfUtils.java:logGet(43)) - raft.server.staging.catchup.gap = 1000 (default)
2019-08-04 03:50:39,670 INFO  server.RaftServerConfigKeys (ConfUtils.java:logGet(43)) - raft.server.rpc.sleep.time = 25ms (default)
2019-08-04 03:50:39,670 INFO  server.RaftServerConfigKeys (ConfUtils.java:logGet(43)) - raft.server.write.element-limit = 4096 (default)
2019-08-04 03:50:39,670 INFO  server.RaftServerConfigKeys (ConfUtils.java:logGet(43)) - raft.server.watch.timeout = 10s (default)
2019-08-04 03:50:39,671 INFO  server.RaftServerConfigKeys (ConfUtils.java:logGet(43)) - raft.server.watch.timeout.denomination = 1s (default)
2019-08-04 03:50:39,671 INFO  server.RaftServerConfigKeys (ConfUtils.java:logGet(43)) - raft.server.watch.element-limit = 65536 (default)
2019-08-04 03:50:39,671 INFO  impl.RoleInfo (RoleInfo.java:updateAndGet(143)) - dbd6a9ac-9c32-47ee-94a0-3ca05a52c05b: start LeaderState
2019-08-04 03:50:39,671 INFO  segmented.SegmentedRaftLogWorker (SegmentedRaftLogWorker.java:startLogSegment(380)) - dbd6a9ac-9c32-47ee-94a0-3ca05a52c05b-SegmentedRaftLogWorker:Storage Directory /workdir/hadoop-ozone/integration-test/target/test-dir/MiniOzoneClusterImpl-13eae300-d7c4-487e-ad06-8500ad5b71ae/datanode-3/data/ratis/503b328e-cf7d-4eca-97b0-a4550b9ac1c4: Starting segment from index:0
2019-08-04 03:50:39,672 INFO  impl.RaftServerImpl (ServerState.java:setRaftConf(361)) - dbd6a9ac-9c32-47ee-94a0-3ca05a52c05b:group-A4550B9AC1C4 set configuration 0: [dbd6a9ac-9c32-47ee-94a0-3ca05a52c05b:192.168.157.250:36228], old=null at 0
2019-08-04 03:50:39,715 INFO  segmented.SegmentedRaftLogWorker (SegmentedRaftLogWorker.java:execute(569)) - dbd6a9ac-9c32-47ee-94a0-3ca05a52c05b-SegmentedRaftLogWorker:Storage Directory /workdir/hadoop-ozone/integration-test/target/test-dir/MiniOzoneClusterImpl-13eae300-d7c4-487e-ad06-8500ad5b71ae/datanode-3/data/ratis/503b328e-cf7d-4eca-97b0-a4550b9ac1c4: created new log segment /workdir/hadoop-ozone/integration-test/target/test-dir/MiniOzoneClusterImpl-13eae300-d7c4-487e-ad06-8500ad5b71ae/datanode-3/data/ratis/503b328e-cf7d-4eca-97b0-a4550b9ac1c4/current/log_inprogress_0
2019-08-04 03:50:39,819 INFO  impl.FollowerState (FollowerState.java:run(106)) - 8598a113-c17e-478f-a912-bce46d01a642:group-26D9A8212D65 changes to CANDIDATE, lastRpcTime:5189, electionTimeout:5189ms
2019-08-04 03:50:39,819 INFO  impl.RoleInfo (RoleInfo.java:shutdownFollowerState(121)) - 8598a113-c17e-478f-a912-bce46d01a642: shutdown FollowerState
2019-08-04 03:50:39,819 INFO  impl.RaftServerImpl (RaftServerImpl.java:setRole(171)) - 8598a113-c17e-478f-a912-bce46d01a642:group-26D9A8212D65 changes role from FOLLOWER to CANDIDATE at term 0 for changeToCandidate
2019-08-04 03:50:39,819 INFO  impl.RoleInfo (RoleInfo.java:updateAndGet(143)) - 8598a113-c17e-478f-a912-bce46d01a642: start LeaderElection
2019-08-04 03:50:39,822 INFO  impl.FollowerState (FollowerState.java:run(106)) - b3d0b11a-2f88-40bd-a366-0a2a242ceeb9:group-A2FADEA46477 changes to CANDIDATE, lastRpcTime:5056, electionTimeout:5054ms
2019-08-04 03:50:39,825 INFO  impl.RoleInfo (RoleInfo.java:shutdownFollowerState(121)) - b3d0b11a-2f88-40bd-a366-0a2a242ceeb9: shutdown FollowerState
2019-08-04 03:50:39,825 INFO  impl.RaftServerImpl (RaftServerImpl.java:setRole(171)) - b3d0b11a-2f88-40bd-a366-0a2a242ceeb9:group-A2FADEA46477 changes role from FOLLOWER to CANDIDATE at term 0 for changeToCandidate
2019-08-04 03:50:39,825 INFO  impl.RoleInfo (RoleInfo.java:updateAndGet(143)) - b3d0b11a-2f88-40bd-a366-0a2a242ceeb9: start LeaderElection
2019-08-04 03:50:39,840 INFO  impl.LeaderElection (LeaderElection.java:askForVotes(181)) - b3d0b11a-2f88-40bd-a366-0a2a242ceeb9:group-A2FADEA46477:LeaderElection7: begin an election at term 1 for -1: [a644d990-7b5d-4b83-9a1c-860883dc6b06:192.168.157.250:39291, 10c0a52f-5aaf-43f3-a401-c5349bee55e9:192.168.157.250:34169, b3d0b11a-2f88-40bd-a366-0a2a242ceeb9:192.168.157.250:35210], old=null
2019-08-04 03:50:39,840 INFO  impl.LeaderElection (LeaderElection.java:askForVotes(181)) - 8598a113-c17e-478f-a912-bce46d01a642:group-26D9A8212D65:LeaderElection6: begin an election at term 1 for -1: [8598a113-c17e-478f-a912-bce46d01a642:192.168.157.250:43465], old=null
2019-08-04 03:50:39,840 INFO  impl.RoleInfo (RoleInfo.java:shutdownLeaderElection(134)) - 8598a113-c17e-478f-a912-bce46d01a642: shutdown LeaderElection
2019-08-04 03:50:39,840 INFO  impl.RaftServerImpl (RaftServerImpl.java:setRole(171)) - 8598a113-c17e-478f-a912-bce46d01a642:group-26D9A8212D65 changes role from CANDIDATE to LEADER at term 1 for changeToLeader
2019-08-04 03:50:39,840 INFO  impl.RaftServerImpl (ServerState.java:setLeader(263)) - 8598a113-c17e-478f-a912-bce46d01a642:group-26D9A8212D65 change Leader from null to 8598a113-c17e-478f-a912-bce46d01a642 at term 1 for becomeLeader, leader elected after 5216ms
2019-08-04 03:50:39,842 INFO  server.RaftServerConfigKeys (ConfUtils.java:logGet(43)) - raft.server.staging.catchup.gap = 1000 (default)
2019-08-04 03:50:39,842 INFO  server.RaftServerConfigKeys (ConfUtils.java:logGet(43)) - raft.server.rpc.sleep.time = 25ms (default)
2019-08-04 03:50:39,842 INFO  server.RaftServerConfigKeys (ConfUtils.java:logGet(43)) - raft.server.write.element-limit = 4096 (default)
2019-08-04 03:50:39,843 INFO  server.RaftServerConfigKeys (ConfUtils.java:logGet(43)) - raft.server.watch.timeout = 10s (default)
2019-08-04 03:50:39,843 INFO  server.RaftServerConfigKeys (ConfUtils.java:logGet(43)) - raft.server.watch.timeout.denomination = 1s (default)
2019-08-04 03:50:39,843 INFO  server.RaftServerConfigKeys (ConfUtils.java:logGet(43)) - raft.server.watch.element-limit = 65536 (default)
2019-08-04 03:50:39,843 INFO  impl.RoleInfo (RoleInfo.java:updateAndGet(143)) - 8598a113-c17e-478f-a912-bce46d01a642: start LeaderState
2019-08-04 03:50:39,843 INFO  segmented.SegmentedRaftLogWorker (SegmentedRaftLogWorker.java:startLogSegment(380)) - 8598a113-c17e-478f-a912-bce46d01a642-SegmentedRaftLogWorker:Storage Directory /workdir/hadoop-ozone/integration-test/target/test-dir/MiniOzoneClusterImpl-13eae300-d7c4-487e-ad06-8500ad5b71ae/datanode-4/data/ratis/ec64f5ac-6942-49fa-8c9d-26d9a8212d65: Starting segment from index:0
2019-08-04 03:50:39,844 INFO  impl.RaftServerImpl (ServerState.java:setRaftConf(361)) - 8598a113-c17e-478f-a912-bce46d01a642:group-26D9A8212D65 set configuration 0: [8598a113-c17e-478f-a912-bce46d01a642:192.168.157.250:43465], old=null at 0
2019-08-04 03:50:39,872 INFO  impl.FollowerState (FollowerState.java:run(106)) - 8598a113-c17e-478f-a912-bce46d01a642:group-0D7CE399DABF changes to CANDIDATE, lastRpcTime:5012, electionTimeout:5012ms
2019-08-04 03:50:39,872 INFO  impl.RoleInfo (RoleInfo.java:shutdownFollowerState(121)) - 8598a113-c17e-478f-a912-bce46d01a642: shutdown FollowerState
2019-08-04 03:50:39,873 INFO  impl.FollowerState (FollowerState.java:run(106)) - a644d990-7b5d-4b83-9a1c-860883dc6b06:group-A2FADEA46477 changes to CANDIDATE, lastRpcTime:5108, electionTimeout:5108ms
2019-08-04 03:50:39,873 INFO  impl.RaftServerImpl (RaftServerImpl.java:setRole(171)) - 8598a113-c17e-478f-a912-bce46d01a642:group-0D7CE399DABF changes role from FOLLOWER to CANDIDATE at term 0 for changeToCandidate
2019-08-04 03:50:39,873 INFO  impl.RoleInfo (RoleInfo.java:shutdownFollowerState(121)) - a644d990-7b5d-4b83-9a1c-860883dc6b06: shutdown FollowerState
2019-08-04 03:50:39,873 INFO  impl.RoleInfo (RoleInfo.java:updateAndGet(143)) - 8598a113-c17e-478f-a912-bce46d01a642: start LeaderElection
2019-08-04 03:50:39,873 INFO  impl.RaftServerImpl (RaftServerImpl.java:setRole(171)) - a644d990-7b5d-4b83-9a1c-860883dc6b06:group-A2FADEA46477 changes role from FOLLOWER to CANDIDATE at term 0 for changeToCandidate
2019-08-04 03:50:39,873 INFO  impl.RoleInfo (RoleInfo.java:updateAndGet(143)) - a644d990-7b5d-4b83-9a1c-860883dc6b06: start LeaderElection
2019-08-04 03:50:39,885 INFO  segmented.SegmentedRaftLogWorker (SegmentedRaftLogWorker.java:execute(569)) - 8598a113-c17e-478f-a912-bce46d01a642-SegmentedRaftLogWorker:Storage Directory /workdir/hadoop-ozone/integration-test/target/test-dir/MiniOzoneClusterImpl-13eae300-d7c4-487e-ad06-8500ad5b71ae/datanode-4/data/ratis/ec64f5ac-6942-49fa-8c9d-26d9a8212d65: created new log segment /workdir/hadoop-ozone/integration-test/target/test-dir/MiniOzoneClusterImpl-13eae300-d7c4-487e-ad06-8500ad5b71ae/datanode-4/data/ratis/ec64f5ac-6942-49fa-8c9d-26d9a8212d65/current/log_inprogress_0
2019-08-04 03:50:39,886 INFO  impl.RaftServerImpl (RaftServerImpl.java:setRole(171)) - 10c0a52f-5aaf-43f3-a401-c5349bee55e9:group-A2FADEA46477 changes role from FOLLOWER to FOLLOWER at term 1 for recognizeCandidate:b3d0b11a-2f88-40bd-a366-0a2a242ceeb9
2019-08-04 03:50:39,886 INFO  impl.RoleInfo (RoleInfo.java:shutdownFollowerState(121)) - 10c0a52f-5aaf-43f3-a401-c5349bee55e9: shutdown FollowerState
2019-08-04 03:50:39,886 INFO  impl.RoleInfo (RoleInfo.java:updateAndGet(143)) - 10c0a52f-5aaf-43f3-a401-c5349bee55e9: start FollowerState
2019-08-04 03:50:39,886 INFO  impl.FollowerState (FollowerState.java:run(114)) - 10c0a52f-5aaf-43f3-a401-c5349bee55e9: FollowerState was interrupted: java.lang.InterruptedException: sleep interrupted
2019-08-04 03:50:39,899 INFO  impl.LeaderElection (LeaderElection.java:askForVotes(181)) - 8598a113-c17e-478f-a912-bce46d01a642:group-0D7CE399DABF:LeaderElection8: begin an election at term 1 for -1: [dbd6a9ac-9c32-47ee-94a0-3ca05a52c05b:192.168.157.250:36228, 8598a113-c17e-478f-a912-bce46d01a642:192.168.157.250:43465, 77847575-4b95-46c8-8128-98f1427f22a7:192.168.157.250:44186], old=null
2019-08-04 03:50:39,901 INFO  impl.LeaderElection (LeaderElection.java:askForVotes(181)) - a644d990-7b5d-4b83-9a1c-860883dc6b06:group-A2FADEA46477:LeaderElection9: begin an election at term 1 for -1: [a644d990-7b5d-4b83-9a1c-860883dc6b06:192.168.157.250:39291, 10c0a52f-5aaf-43f3-a401-c5349bee55e9:192.168.157.250:34169, b3d0b11a-2f88-40bd-a366-0a2a242ceeb9:192.168.157.250:35210], old=null
2019-08-04 03:50:39,918 INFO  impl.LeaderElection (LeaderElection.java:logAndReturn(56)) - b3d0b11a-2f88-40bd-a366-0a2a242ceeb9:group-A2FADEA46477:LeaderElection7: Election PASSED; received 1 response(s) [b3d0b11a-2f88-40bd-a366-0a2a242ceeb9<-10c0a52f-5aaf-43f3-a401-c5349bee55e9#0:OK-t1] and 0 exception(s); b3d0b11a-2f88-40bd-a366-0a2a242ceeb9:t1, leader=null, voted=b3d0b11a-2f88-40bd-a366-0a2a242ceeb9, raftlog=b3d0b11a-2f88-40bd-a366-0a2a242ceeb9-SegmentedRaftLog:OPENED:c-1,f-1,i0, conf=-1: [a644d990-7b5d-4b83-9a1c-860883dc6b06:192.168.157.250:39291, 10c0a52f-5aaf-43f3-a401-c5349bee55e9:192.168.157.250:34169, b3d0b11a-2f88-40bd-a366-0a2a242ceeb9:192.168.157.250:35210], old=null
2019-08-04 03:50:39,918 INFO  impl.RoleInfo (RoleInfo.java:shutdownLeaderElection(134)) - b3d0b11a-2f88-40bd-a366-0a2a242ceeb9: shutdown LeaderElection
2019-08-04 03:50:39,918 INFO  impl.RaftServerImpl (RaftServerImpl.java:setRole(171)) - b3d0b11a-2f88-40bd-a366-0a2a242ceeb9:group-A2FADEA46477 changes role from CANDIDATE to LEADER at term 1 for changeToLeader
2019-08-04 03:50:39,918 INFO  impl.RaftServerImpl (ServerState.java:setLeader(263)) - b3d0b11a-2f88-40bd-a366-0a2a242ceeb9:group-A2FADEA46477 change Leader from null to b3d0b11a-2f88-40bd-a366-0a2a242ceeb9 at term 1 for becomeLeader, leader elected after 5182ms
2019-08-04 03:50:39,919 INFO  impl.FollowerState (FollowerState.java:run(106)) - dbd6a9ac-9c32-47ee-94a0-3ca05a52c05b:group-0D7CE399DABF changes to CANDIDATE, lastRpcTime:5062, electionTimeout:5061ms
2019-08-04 03:50:39,921 INFO  impl.RoleInfo (RoleInfo.java:shutdownFollowerState(121)) - dbd6a9ac-9c32-47ee-94a0-3ca05a52c05b: shutdown FollowerState
2019-08-04 03:50:39,921 INFO  server.RaftServerConfigKeys (ConfUtils.java:logGet(43)) - raft.server.staging.catchup.gap = 1000 (default)
2019-08-04 03:50:39,921 INFO  impl.RaftServerImpl (RaftServerImpl.java:setRole(171)) - dbd6a9ac-9c32-47ee-94a0-3ca05a52c05b:group-0D7CE399DABF changes role from FOLLOWER to CANDIDATE at term 0 for changeToCandidate
2019-08-04 03:50:39,921 INFO  server.RaftServerConfigKeys (ConfUtils.java:logGet(43)) - raft.server.rpc.sleep.time = 25ms (default)
2019-08-04 03:50:39,921 INFO  impl.RoleInfo (RoleInfo.java:updateAndGet(143)) - dbd6a9ac-9c32-47ee-94a0-3ca05a52c05b: start LeaderElection
2019-08-04 03:50:39,921 INFO  server.RaftServerConfigKeys (ConfUtils.java:logGet(43)) - raft.server.write.element-limit = 4096 (default)
2019-08-04 03:50:39,921 INFO  server.RaftServerConfigKeys (ConfUtils.java:logGet(43)) - raft.server.watch.timeout = 10s (default)
2019-08-04 03:50:39,925 INFO  server.RaftServerConfigKeys (ConfUtils.java:logGet(43)) - raft.server.watch.timeout.denomination = 1s (default)
2019-08-04 03:50:39,925 INFO  server.RaftServerConfigKeys (ConfUtils.java:logGet(43)) - raft.server.watch.element-limit = 65536 (default)
2019-08-04 03:50:39,928 INFO  server.RaftServerConfigKeys (ConfUtils.java:logGet(43)) - raft.server.log.appender.snapshot.chunk.size.max = 16MB (=16777216) (default)
2019-08-04 03:50:39,928 INFO  server.RaftServerConfigKeys (ConfUtils.java:logGet(43)) - raft.server.log.appender.buffer.byte-limit = 33554432 (custom)
2019-08-04 03:50:39,931 INFO  impl.RaftServerImpl (RaftServerImpl.java:setRole(171)) - 77847575-4b95-46c8-8128-98f1427f22a7:group-0D7CE399DABF changes role from FOLLOWER to FOLLOWER at term 1 for recognizeCandidate:8598a113-c17e-478f-a912-bce46d01a642
2019-08-04 03:50:39,931 INFO  server.RaftServerConfigKeys (ConfUtils.java:logGet(43)) - raft.server.log.appender.buffer.element-limit = 1 (custom)
2019-08-04 03:50:39,932 INFO  impl.RoleInfo (RoleInfo.java:shutdownFollowerState(121)) - 77847575-4b95-46c8-8128-98f1427f22a7: shutdown FollowerState
2019-08-04 03:50:39,932 INFO  impl.RoleInfo (RoleInfo.java:updateAndGet(143)) - 77847575-4b95-46c8-8128-98f1427f22a7: start FollowerState
2019-08-04 03:50:39,932 INFO  impl.FollowerState (FollowerState.java:run(114)) - 77847575-4b95-46c8-8128-98f1427f22a7: FollowerState was interrupted: java.lang.InterruptedException: sleep interrupted
2019-08-04 03:50:39,936 INFO  grpc.GrpcConfigKeys$Server (ConfUtils.java:logGet(43)) - raft.grpc.server.leader.outstanding.appends.max = 128 (default)
2019-08-04 03:50:39,937 INFO  server.RaftServerConfigKeys (ConfUtils.java:logGet(43)) - raft.server.rpc.request.timeout = 3000ms (default)
2019-08-04 03:50:39,937 INFO  server.RaftServerConfigKeys (ConfUtils.java:logGet(43)) - raft.server.log.appender.install.snapshot.enabled = false (custom)
2019-08-04 03:50:39,937 INFO  server.RaftServerConfigKeys (ConfUtils.java:logGet(43)) - raft.server.log.appender.snapshot.chunk.size.max = 16MB (=16777216) (default)
2019-08-04 03:50:39,937 INFO  server.RaftServerConfigKeys (ConfUtils.java:logGet(43)) - raft.server.log.appender.buffer.byte-limit = 33554432 (custom)
2019-08-04 03:50:39,938 INFO  server.RaftServerConfigKeys (ConfUtils.java:logGet(43)) - raft.server.log.appender.buffer.element-limit = 1 (custom)
2019-08-04 03:50:39,938 INFO  grpc.GrpcConfigKeys$Server (ConfUtils.java:logGet(43)) - raft.grpc.server.leader.outstanding.appends.max = 128 (default)
2019-08-04 03:50:39,938 INFO  server.RaftServerConfigKeys (ConfUtils.java:logGet(43)) - raft.server.rpc.request.timeout = 3000ms (default)
2019-08-04 03:50:39,938 INFO  server.RaftServerConfigKeys (ConfUtils.java:logGet(43)) - raft.server.log.appender.install.snapshot.enabled = false (custom)
2019-08-04 03:50:39,939 INFO  impl.RoleInfo (RoleInfo.java:updateAndGet(143)) - b3d0b11a-2f88-40bd-a366-0a2a242ceeb9: start LeaderState
2019-08-04 03:50:39,939 INFO  segmented.SegmentedRaftLogWorker (SegmentedRaftLogWorker.java:startLogSegment(380)) - b3d0b11a-2f88-40bd-a366-0a2a242ceeb9-SegmentedRaftLogWorker:Storage Directory /workdir/hadoop-ozone/integration-test/target/test-dir/MiniOzoneClusterImpl-13eae300-d7c4-487e-ad06-8500ad5b71ae/datanode-0/data/ratis/ee324193-17d5-4ee2-8a3e-a2fadea46477: Starting segment from index:0
2019-08-04 03:50:39,957 INFO  impl.RaftServerImpl (ServerState.java:setRaftConf(361)) - b3d0b11a-2f88-40bd-a366-0a2a242ceeb9:group-A2FADEA46477 set configuration 0: [a644d990-7b5d-4b83-9a1c-860883dc6b06:192.168.157.250:39291, 10c0a52f-5aaf-43f3-a401-c5349bee55e9:192.168.157.250:34169, b3d0b11a-2f88-40bd-a366-0a2a242ceeb9:192.168.157.250:35210], old=null at 0
2019-08-04 03:50:39,957 INFO  impl.LeaderElection (LeaderElection.java:askForVotes(181)) - dbd6a9ac-9c32-47ee-94a0-3ca05a52c05b:group-0D7CE399DABF:LeaderElection10: begin an election at term 1 for -1: [dbd6a9ac-9c32-47ee-94a0-3ca05a52c05b:192.168.157.250:36228, 8598a113-c17e-478f-a912-bce46d01a642:192.168.157.250:43465, 77847575-4b95-46c8-8128-98f1427f22a7:192.168.157.250:44186], old=null
2019-08-04 03:50:39,969 INFO  impl.LeaderElection (LeaderElection.java:logAndReturn(56)) - 8598a113-c17e-478f-a912-bce46d01a642:group-0D7CE399DABF:LeaderElection8: Election PASSED; received 1 response(s) [8598a113-c17e-478f-a912-bce46d01a642<-77847575-4b95-46c8-8128-98f1427f22a7#0:OK-t1] and 0 exception(s); 8598a113-c17e-478f-a912-bce46d01a642:t1, leader=null, voted=8598a113-c17e-478f-a912-bce46d01a642, raftlog=8598a113-c17e-478f-a912-bce46d01a642-SegmentedRaftLog:OPENED:c-1,f-1,i0, conf=-1: [dbd6a9ac-9c32-47ee-94a0-3ca05a52c05b:192.168.157.250:36228, 8598a113-c17e-478f-a912-bce46d01a642:192.168.157.250:43465, 77847575-4b95-46c8-8128-98f1427f22a7:192.168.157.250:44186], old=null
2019-08-04 03:50:39,972 INFO  impl.RoleInfo (RoleInfo.java:shutdownLeaderElection(134)) - 8598a113-c17e-478f-a912-bce46d01a642: shutdown LeaderElection
2019-08-04 03:50:39,972 INFO  segmented.SegmentedRaftLogWorker (SegmentedRaftLogWorker.java:execute(569)) - b3d0b11a-2f88-40bd-a366-0a2a242ceeb9-SegmentedRaftLogWorker:Storage Directory /workdir/hadoop-ozone/integration-test/target/test-dir/MiniOzoneClusterImpl-13eae300-d7c4-487e-ad06-8500ad5b71ae/datanode-0/data/ratis/ee324193-17d5-4ee2-8a3e-a2fadea46477: created new log segment /workdir/hadoop-ozone/integration-test/target/test-dir/MiniOzoneClusterImpl-13eae300-d7c4-487e-ad06-8500ad5b71ae/datanode-0/data/ratis/ee324193-17d5-4ee2-8a3e-a2fadea46477/current/log_inprogress_0
2019-08-04 03:50:39,975 INFO  impl.RaftServerImpl (RaftServerImpl.java:setRole(171)) - 8598a113-c17e-478f-a912-bce46d01a642:group-0D7CE399DABF changes role from CANDIDATE to LEADER at term 1 for changeToLeader
2019-08-04 03:50:39,976 INFO  impl.RaftServerImpl (ServerState.java:setLeader(263)) - 8598a113-c17e-478f-a912-bce46d01a642:group-0D7CE399DABF change Leader from null to 8598a113-c17e-478f-a912-bce46d01a642 at term 1 for becomeLeader, leader elected after 5134ms
2019-08-04 03:50:39,977 INFO  server.RaftServerConfigKeys (ConfUtils.java:logGet(43)) - raft.server.staging.catchup.gap = 1000 (default)
2019-08-04 03:50:39,994 INFO  server.RaftServerConfigKeys (ConfUtils.java:logGet(43)) - raft.server.rpc.sleep.time = 25ms (default)
2019-08-04 03:50:39,994 INFO  server.RaftServerConfigKeys (ConfUtils.java:logGet(43)) - raft.server.write.element-limit = 4096 (default)
2019-08-04 03:50:39,995 INFO  server.RaftServerConfigKeys (ConfUtils.java:logGet(43)) - raft.server.watch.timeout = 10s (default)
2019-08-04 03:50:39,995 INFO  server.RaftServerConfigKeys (ConfUtils.java:logGet(43)) - raft.server.watch.timeout.denomination = 1s (default)
2019-08-04 03:50:39,995 INFO  server.RaftServerConfigKeys (ConfUtils.java:logGet(43)) - raft.server.watch.element-limit = 65536 (default)
2019-08-04 03:50:39,995 INFO  impl.RaftServerImpl (RaftServerImpl.java:requestVote(754)) - b3d0b11a-2f88-40bd-a366-0a2a242ceeb9-LEADER: Withhold vote from candidate a644d990-7b5d-4b83-9a1c-860883dc6b06 with term 1. State: leader=b3d0b11a-2f88-40bd-a366-0a2a242ceeb9, term=1, lastRpcElapsed=null
2019-08-04 03:50:39,999 INFO  server.RaftServerConfigKeys (ConfUtils.java:logGet(43)) - raft.server.log.appender.snapshot.chunk.size.max = 16MB (=16777216) (default)
2019-08-04 03:50:39,999 INFO  server.RaftServerConfigKeys (ConfUtils.java:logGet(43)) - raft.server.log.appender.buffer.byte-limit = 33554432 (custom)
2019-08-04 03:50:39,999 INFO  server.RaftServerConfigKeys (ConfUtils.java:logGet(43)) - raft.server.log.appender.buffer.element-limit = 1 (custom)
2019-08-04 03:50:39,999 INFO  grpc.GrpcConfigKeys$Server (ConfUtils.java:logGet(43)) - raft.grpc.server.leader.outstanding.appends.max = 128 (default)
2019-08-04 03:50:40,000 INFO  server.RaftServerConfigKeys (ConfUtils.java:logGet(43)) - raft.server.rpc.request.timeout = 3000ms (default)
2019-08-04 03:50:40,000 INFO  server.RaftServerConfigKeys (ConfUtils.java:logGet(43)) - raft.server.log.appender.install.snapshot.enabled = false (custom)
2019-08-04 03:50:40,000 INFO  server.RaftServerConfigKeys (ConfUtils.java:logGet(43)) - raft.server.log.appender.snapshot.chunk.size.max = 16MB (=16777216) (default)
2019-08-04 03:50:40,000 INFO  server.RaftServerConfigKeys (ConfUtils.java:logGet(43)) - raft.server.log.appender.buffer.byte-limit = 33554432 (custom)
2019-08-04 03:50:40,000 INFO  server.RaftServerConfigKeys (ConfUtils.java:logGet(43)) - raft.server.log.appender.buffer.element-limit = 1 (custom)
2019-08-04 03:50:40,001 INFO  grpc.GrpcConfigKeys$Server (ConfUtils.java:logGet(43)) - raft.grpc.server.leader.outstanding.appends.max = 128 (default)
2019-08-04 03:50:40,014 INFO  server.RaftServerConfigKeys (ConfUtils.java:logGet(43)) - raft.server.rpc.request.timeout = 3000ms (default)
2019-08-04 03:50:40,016 INFO  server.RaftServerConfigKeys (ConfUtils.java:logGet(43)) - raft.server.log.appender.install.snapshot.enabled = false (custom)
2019-08-04 03:50:40,016 INFO  impl.RoleInfo (RoleInfo.java:updateAndGet(143)) - 8598a113-c17e-478f-a912-bce46d01a642: start LeaderState
2019-08-04 03:50:40,018 INFO  segmented.SegmentedRaftLogWorker (SegmentedRaftLogWorker.java:startLogSegment(380)) - 8598a113-c17e-478f-a912-bce46d01a642-SegmentedRaftLogWorker:Storage Directory /workdir/hadoop-ozone/integration-test/target/test-dir/MiniOzoneClusterImpl-13eae300-d7c4-487e-ad06-8500ad5b71ae/datanode-4/data/ratis/f981293a-773f-46e9-882e-0d7ce399dabf: Starting segment from index:0
2019-08-04 03:50:40,022 INFO  impl.RaftServerImpl (ServerState.java:setRaftConf(361)) - 8598a113-c17e-478f-a912-bce46d01a642:group-0D7CE399DABF set configuration 0: [dbd6a9ac-9c32-47ee-94a0-3ca05a52c05b:192.168.157.250:36228, 8598a113-c17e-478f-a912-bce46d01a642:192.168.157.250:43465, 77847575-4b95-46c8-8128-98f1427f22a7:192.168.157.250:44186], old=null at 0
2019-08-04 03:50:40,038 INFO  client.GrpcClientProtocolClient (GrpcClientProtocolClient.java:onNext(255)) - client-5297AB1D11B9->10c0a52f-5aaf-43f3-a401-c5349bee55e9: receive RaftClientReply:client-5297AB1D11B9->10c0a52f-5aaf-43f3-a401-c5349bee55e9@group-A2FADEA46477, cid=12, FAILED org.apache.ratis.protocol.NotLeaderException: Server 10c0a52f-5aaf-43f3-a401-c5349bee55e9 is not the leader (null). Request must be sent to leader., logIndex=0, commits[10c0a52f-5aaf-43f3-a401-c5349bee55e9:c-1]
2019-08-04 03:50:40,052 INFO  impl.RaftServerImpl (RaftServerImpl.java:requestVote(754)) - 8598a113-c17e-478f-a912-bce46d01a642-LEADER: Withhold vote from candidate dbd6a9ac-9c32-47ee-94a0-3ca05a52c05b with term 1. State: leader=8598a113-c17e-478f-a912-bce46d01a642, term=1, lastRpcElapsed=null
2019-08-04 03:50:40,056 INFO  impl.RaftServerImpl (ServerState.java:setLeader(263)) - 10c0a52f-5aaf-43f3-a401-c5349bee55e9:group-A2FADEA46477 change Leader from null to b3d0b11a-2f88-40bd-a366-0a2a242ceeb9 at term 1 for appendEntries, leader elected after 5320ms
2019-08-04 03:50:40,056 INFO  impl.RaftServerImpl (RaftServerImpl.java:setRole(171)) - a644d990-7b5d-4b83-9a1c-860883dc6b06:group-A2FADEA46477 changes role from CANDIDATE to FOLLOWER at term 1 for appendEntries
2019-08-04 03:50:40,056 INFO  impl.RaftServerImpl (RaftServerImpl.java:setRole(171)) - dbd6a9ac-9c32-47ee-94a0-3ca05a52c05b:group-0D7CE399DABF changes role from CANDIDATE to FOLLOWER at term 1 for appendEntries
2019-08-04 03:50:40,056 INFO  impl.RoleInfo (RoleInfo.java:shutdownLeaderElection(134)) - a644d990-7b5d-4b83-9a1c-860883dc6b06: shutdown LeaderElection
2019-08-04 03:50:40,056 INFO  impl.RoleInfo (RoleInfo.java:shutdownLeaderElection(134)) - dbd6a9ac-9c32-47ee-94a0-3ca05a52c05b: shutdown LeaderElection
2019-08-04 03:50:40,058 INFO  impl.RoleInfo (RoleInfo.java:updateAndGet(143)) - a644d990-7b5d-4b83-9a1c-860883dc6b06: start FollowerState
2019-08-04 03:50:40,058 INFO  segmented.SegmentedRaftLogWorker (SegmentedRaftLogWorker.java:execute(569)) - 8598a113-c17e-478f-a912-bce46d01a642-SegmentedRaftLogWorker:Storage Directory /workdir/hadoop-ozone/integration-test/target/test-dir/MiniOzoneClusterImpl-13eae300-d7c4-487e-ad06-8500ad5b71ae/datanode-4/data/ratis/f981293a-773f-46e9-882e-0d7ce399dabf: created new log segment /workdir/hadoop-ozone/integration-test/target/test-dir/MiniOzoneClusterImpl-13eae300-d7c4-487e-ad06-8500ad5b71ae/datanode-4/data/ratis/f981293a-773f-46e9-882e-0d7ce399dabf/current/log_inprogress_0
2019-08-04 03:50:40,058 INFO  impl.RaftServerImpl (ServerState.java:setLeader(263)) - a644d990-7b5d-4b83-9a1c-860883dc6b06:group-A2FADEA46477 change Leader from null to b3d0b11a-2f88-40bd-a366-0a2a242ceeb9 at term 1 for appendEntries, leader elected after 5322ms
2019-08-04 03:50:40,058 INFO  impl.RaftServerImpl (ServerState.java:setLeader(263)) - 77847575-4b95-46c8-8128-98f1427f22a7:group-0D7CE399DABF change Leader from null to 8598a113-c17e-478f-a912-bce46d01a642 at term 1 for appendEntries, leader elected after 5216ms
2019-08-04 03:50:40,061 INFO  impl.RaftServerImpl (RaftServerImpl.java:requestVote(754)) - 10c0a52f-5aaf-43f3-a401-c5349bee55e9-FOLLOWER: Withhold vote from candidate a644d990-7b5d-4b83-9a1c-860883dc6b06 with term 1. State: leader=b3d0b11a-2f88-40bd-a366-0a2a242ceeb9, term=1, lastRpcElapsed=4ms
2019-08-04 03:50:40,058 INFO  impl.RoleInfo (RoleInfo.java:updateAndGet(143)) - dbd6a9ac-9c32-47ee-94a0-3ca05a52c05b: start FollowerState
2019-08-04 03:50:40,061 INFO  impl.RaftServerImpl (ServerState.java:setLeader(263)) - dbd6a9ac-9c32-47ee-94a0-3ca05a52c05b:group-0D7CE399DABF change Leader from null to 8598a113-c17e-478f-a912-bce46d01a642 at term 1 for appendEntries, leader elected after 5219ms
2019-08-04 03:50:40,061 INFO  impl.LeaderElection (LeaderElection.java:logAndReturn(56)) - dbd6a9ac-9c32-47ee-94a0-3ca05a52c05b:group-0D7CE399DABF:LeaderElection10: Election REJECTED; received 1 response(s) [dbd6a9ac-9c32-47ee-94a0-3ca05a52c05b<-8598a113-c17e-478f-a912-bce46d01a642#0:FAIL-t1] and 0 exception(s); dbd6a9ac-9c32-47ee-94a0-3ca05a52c05b:t1, leader=8598a113-c17e-478f-a912-bce46d01a642, voted=dbd6a9ac-9c32-47ee-94a0-3ca05a52c05b, raftlog=dbd6a9ac-9c32-47ee-94a0-3ca05a52c05b-SegmentedRaftLog:OPENED:c-1,f-1,i0, conf=-1: [dbd6a9ac-9c32-47ee-94a0-3ca05a52c05b:192.168.157.250:36228, 8598a113-c17e-478f-a912-bce46d01a642:192.168.157.250:43465, 77847575-4b95-46c8-8128-98f1427f22a7:192.168.157.250:44186], old=null
2019-08-04 03:50:40,071 INFO  impl.LeaderElection (LeaderElection.java:logAndReturn(56)) - a644d990-7b5d-4b83-9a1c-860883dc6b06:group-A2FADEA46477:LeaderElection9: Election REJECTED; received 2 response(s) [a644d990-7b5d-4b83-9a1c-860883dc6b06<-b3d0b11a-2f88-40bd-a366-0a2a242ceeb9#0:FAIL-t1, a644d990-7b5d-4b83-9a1c-860883dc6b06<-10c0a52f-5aaf-43f3-a401-c5349bee55e9#0:FAIL-t1] and 0 exception(s); a644d990-7b5d-4b83-9a1c-860883dc6b06:t1, leader=b3d0b11a-2f88-40bd-a366-0a2a242ceeb9, voted=a644d990-7b5d-4b83-9a1c-860883dc6b06, raftlog=a644d990-7b5d-4b83-9a1c-860883dc6b06-SegmentedRaftLog:OPENED:c-1,f-1,i0, conf=-1: [a644d990-7b5d-4b83-9a1c-860883dc6b06:192.168.157.250:39291, 10c0a52f-5aaf-43f3-a401-c5349bee55e9:192.168.157.250:34169, b3d0b11a-2f88-40bd-a366-0a2a242ceeb9:192.168.157.250:35210], old=null
2019-08-04 03:50:40,086 WARN  io.KeyOutputStream (KeyOutputStream.java:handleException(276)) - Encountered exception java.io.IOException: Unexpected Storage Container Exception: java.util.concurrent.CompletionException: java.util.concurrent.CompletionException: org.apache.ratis.protocol.RaftRetryFailureException: Failed RaftClientRequest:client-5297AB1D11B9->10c0a52f-5aaf-43f3-a401-c5349bee55e9@group-A2FADEA46477, cid=12, seq=1*, RW, org.apache.hadoop.hdds.scm.XceiverClientRatis$$Lambda$314/1472633143@3bf781d2 for 5 attempts with RetryLimited(maxAttempts=5, sleepTime=1000ms) on the pipeline Pipeline[ Id: ee324193-17d5-4ee2-8a3e-a2fadea46477, Nodes: 10c0a52f-5aaf-43f3-a401-c5349bee55e9{ip: 192.168.157.250, host: byscane-nightly-gb268-2566207830, networkLocation: /default-rack, certSerialId: null}a644d990-7b5d-4b83-9a1c-860883dc6b06{ip: 192.168.157.250, host: byscane-nightly-gb268-2566207830, networkLocation: /default-rack, certSerialId: null}b3d0b11a-2f88-40bd-a366-0a2a242ceeb9{ip: 192.168.157.250, host: byscane-nightly-gb268-2566207830, networkLocation: /default-rack, certSerialId: null}, Type:RATIS, Factor:THREE, State:OPEN]. The last committed block length is 0, uncommitted data length is 2097152 retry count 0
2019-08-04 03:50:40,114 INFO  impl.RaftServerImpl (ServerState.java:setRaftConf(361)) - a644d990-7b5d-4b83-9a1c-860883dc6b06:group-A2FADEA46477 set configuration 0: [a644d990-7b5d-4b83-9a1c-860883dc6b06:192.168.157.250:39291, 10c0a52f-5aaf-43f3-a401-c5349bee55e9:192.168.157.250:34169, b3d0b11a-2f88-40bd-a366-0a2a242ceeb9:192.168.157.250:35210], old=null at 0
2019-08-04 03:50:40,116 INFO  impl.RaftServerImpl (ServerState.java:setRaftConf(361)) - 77847575-4b95-46c8-8128-98f1427f22a7:group-0D7CE399DABF set configuration 0: [dbd6a9ac-9c32-47ee-94a0-3ca05a52c05b:192.168.157.250:36228, 8598a113-c17e-478f-a912-bce46d01a642:192.168.157.250:43465, 77847575-4b95-46c8-8128-98f1427f22a7:192.168.157.250:44186], old=null at 0
2019-08-04 03:50:40,117 INFO  segmented.SegmentedRaftLogWorker (SegmentedRaftLogWorker.java:startLogSegment(380)) - a644d990-7b5d-4b83-9a1c-860883dc6b06-SegmentedRaftLogWorker:Storage Directory /workdir/hadoop-ozone/integration-test/target/test-dir/MiniOzoneClusterImpl-13eae300-d7c4-487e-ad06-8500ad5b71ae/datanode-1/data/ratis/ee324193-17d5-4ee2-8a3e-a2fadea46477: Starting segment from index:0
2019-08-04 03:50:40,116 INFO  impl.RaftServerImpl (ServerState.java:setRaftConf(361)) - 10c0a52f-5aaf-43f3-a401-c5349bee55e9:group-A2FADEA46477 set configuration 0: [a644d990-7b5d-4b83-9a1c-860883dc6b06:192.168.157.250:39291, 10c0a52f-5aaf-43f3-a401-c5349bee55e9:192.168.157.250:34169, b3d0b11a-2f88-40bd-a366-0a2a242ceeb9:192.168.157.250:35210], old=null at 0
2019-08-04 03:50:40,116 INFO  impl.RaftServerImpl (ServerState.java:setRaftConf(361)) - dbd6a9ac-9c32-47ee-94a0-3ca05a52c05b:group-0D7CE399DABF set configuration 0: [dbd6a9ac-9c32-47ee-94a0-3ca05a52c05b:192.168.157.250:36228, 8598a113-c17e-478f-a912-bce46d01a642:192.168.157.250:43465, 77847575-4b95-46c8-8128-98f1427f22a7:192.168.157.250:44186], old=null at 0
2019-08-04 03:50:40,118 INFO  segmented.SegmentedRaftLogWorker (SegmentedRaftLogWorker.java:startLogSegment(380)) - 10c0a52f-5aaf-43f3-a401-c5349bee55e9-SegmentedRaftLogWorker:Storage Directory /workdir/hadoop-ozone/integration-test/target/test-dir/MiniOzoneClusterImpl-13eae300-d7c4-487e-ad06-8500ad5b71ae/datanode-2/data/ratis/ee324193-17d5-4ee2-8a3e-a2fadea46477: Starting segment from index:0
2019-08-04 03:50:40,118 INFO  segmented.SegmentedRaftLogWorker (SegmentedRaftLogWorker.java:startLogSegment(380)) - 77847575-4b95-46c8-8128-98f1427f22a7-SegmentedRaftLogWorker:Storage Directory /workdir/hadoop-ozone/integration-test/target/test-dir/MiniOzoneClusterImpl-13eae300-d7c4-487e-ad06-8500ad5b71ae/datanode-5/data/ratis/f981293a-773f-46e9-882e-0d7ce399dabf: Starting segment from index:0
2019-08-04 03:50:40,118 INFO  segmented.SegmentedRaftLogWorker (SegmentedRaftLogWorker.java:startLogSegment(380)) - dbd6a9ac-9c32-47ee-94a0-3ca05a52c05b-SegmentedRaftLogWorker:Storage Directory /workdir/hadoop-ozone/integration-test/target/test-dir/MiniOzoneClusterImpl-13eae300-d7c4-487e-ad06-8500ad5b71ae/datanode-3/data/ratis/f981293a-773f-46e9-882e-0d7ce399dabf: Starting segment from index:0
2019-08-04 03:50:40,147 INFO  segmented.SegmentedRaftLogWorker (SegmentedRaftLogWorker.java:execute(569)) - 10c0a52f-5aaf-43f3-a401-c5349bee55e9-SegmentedRaftLogWorker:Storage Directory /workdir/hadoop-ozone/integration-test/target/test-dir/MiniOzoneClusterImpl-13eae300-d7c4-487e-ad06-8500ad5b71ae/datanode-2/data/ratis/ee324193-17d5-4ee2-8a3e-a2fadea46477: created new log segment /workdir/hadoop-ozone/integration-test/target/test-dir/MiniOzoneClusterImpl-13eae300-d7c4-487e-ad06-8500ad5b71ae/datanode-2/data/ratis/ee324193-17d5-4ee2-8a3e-a2fadea46477/current/log_inprogress_0
2019-08-04 03:50:40,147 INFO  segmented.SegmentedRaftLogWorker (SegmentedRaftLogWorker.java:execute(569)) - 77847575-4b95-46c8-8128-98f1427f22a7-SegmentedRaftLogWorker:Storage Directory /workdir/hadoop-ozone/integration-test/target/test-dir/MiniOzoneClusterImpl-13eae300-d7c4-487e-ad06-8500ad5b71ae/datanode-5/data/ratis/f981293a-773f-46e9-882e-0d7ce399dabf: created new log segment /workdir/hadoop-ozone/integration-test/target/test-dir/MiniOzoneClusterImpl-13eae300-d7c4-487e-ad06-8500ad5b71ae/datanode-5/data/ratis/f981293a-773f-46e9-882e-0d7ce399dabf/current/log_inprogress_0
2019-08-04 03:50:40,148 INFO  segmented.SegmentedRaftLogWorker (SegmentedRaftLogWorker.java:execute(569)) - a644d990-7b5d-4b83-9a1c-860883dc6b06-SegmentedRaftLogWorker:Storage Directory /workdir/hadoop-ozone/integration-test/target/test-dir/MiniOzoneClusterImpl-13eae300-d7c4-487e-ad06-8500ad5b71ae/datanode-1/data/ratis/ee324193-17d5-4ee2-8a3e-a2fadea46477: created new log segment /workdir/hadoop-ozone/integration-test/target/test-dir/MiniOzoneClusterImpl-13eae300-d7c4-487e-ad06-8500ad5b71ae/datanode-1/data/ratis/ee324193-17d5-4ee2-8a3e-a2fadea46477/current/log_inprogress_0
2019-08-04 03:50:40,147 INFO  segmented.SegmentedRaftLogWorker (SegmentedRaftLogWorker.java:execute(569)) - dbd6a9ac-9c32-47ee-94a0-3ca05a52c05b-SegmentedRaftLogWorker:Storage Directory /workdir/hadoop-ozone/integration-test/target/test-dir/MiniOzoneClusterImpl-13eae300-d7c4-487e-ad06-8500ad5b71ae/datanode-3/data/ratis/f981293a-773f-46e9-882e-0d7ce399dabf: created new log segment /workdir/hadoop-ozone/integration-test/target/test-dir/MiniOzoneClusterImpl-13eae300-d7c4-487e-ad06-8500ad5b71ae/datanode-3/data/ratis/f981293a-773f-46e9-882e-0d7ce399dabf/current/log_inprogress_0
2019-08-04 03:50:40,170 INFO  client.GrpcClientProtocolClient (GrpcClientProtocolClient.java:onNext(255)) - client-BF1B7D765085->77847575-4b95-46c8-8128-98f1427f22a7: receive RaftClientReply:client-BF1B7D765085->77847575-4b95-46c8-8128-98f1427f22a7@group-0D7CE399DABF, cid=16, FAILED org.apache.ratis.protocol.NotLeaderException: Server 77847575-4b95-46c8-8128-98f1427f22a7 is not the leader (8598a113-c17e-478f-a912-bce46d01a642:192.168.157.250:43465). Request must be sent to leader., logIndex=0, commits[77847575-4b95-46c8-8128-98f1427f22a7:c0, dbd6a9ac-9c32-47ee-94a0-3ca05a52c05b:c-1, 8598a113-c17e-478f-a912-bce46d01a642:c0]
2019-08-04 03:50:40,526 INFO  client.GrpcClientProtocolClient (GrpcClientProtocolClient.java:onNext(255)) - client-BF1B7D765085->8598a113-c17e-478f-a912-bce46d01a642: receive RaftClientReply:client-BF1B7D765085->8598a113-c17e-478f-a912-bce46d01a642@group-0D7CE399DABF, cid=16, SUCCESS, logIndex=1, commits[8598a113-c17e-478f-a912-bce46d01a642:c1, dbd6a9ac-9c32-47ee-94a0-3ca05a52c05b:c0, 77847575-4b95-46c8-8128-98f1427f22a7:c0]
2019-08-04 03:50:40,645 INFO  client.GrpcClientProtocolClient (GrpcClientProtocolClient.java:onNext(255)) - client-BF1B7D765085->8598a113-c17e-478f-a912-bce46d01a642: receive RaftClientReply:client-BF1B7D765085->8598a113-c17e-478f-a912-bce46d01a642@group-0D7CE399DABF, cid=17, SUCCESS, logIndex=3, commits[8598a113-c17e-478f-a912-bce46d01a642:c8, dbd6a9ac-9c32-47ee-94a0-3ca05a52c05b:c5, 77847575-4b95-46c8-8128-98f1427f22a7:c5]
2019-08-04 03:50:40,652 INFO  client.GrpcClientProtocolClient (GrpcClientProtocolClient.java:onNext(255)) - client-BF1B7D765085->8598a113-c17e-478f-a912-bce46d01a642: receive RaftClientReply:client-BF1B7D765085->8598a113-c17e-478f-a912-bce46d01a642@group-0D7CE399DABF, cid=18, SUCCESS, logIndex=4, commits[8598a113-c17e-478f-a912-bce46d01a642:c8, dbd6a9ac-9c32-47ee-94a0-3ca05a52c05b:c5, 77847575-4b95-46c8-8128-98f1427f22a7:c5]
2019-08-04 03:50:40,724 INFO  client.GrpcClientProtocolClient (GrpcClientProtocolClient.java:onNext(255)) - client-BF1B7D765085->8598a113-c17e-478f-a912-bce46d01a642: receive RaftClientReply:client-BF1B7D765085->8598a113-c17e-478f-a912-bce46d01a642@group-0D7CE399DABF, cid=19, SUCCESS, logIndex=5, commits[8598a113-c17e-478f-a912-bce46d01a642:c8, dbd6a9ac-9c32-47ee-94a0-3ca05a52c05b:c5, 77847575-4b95-46c8-8128-98f1427f22a7:c5]
2019-08-04 03:50:40,787 INFO  client.GrpcClientProtocolClient (GrpcClientProtocolClient.java:onNext(255)) - client-BF1B7D765085->8598a113-c17e-478f-a912-bce46d01a642: receive RaftClientReply:client-BF1B7D765085->8598a113-c17e-478f-a912-bce46d01a642@group-0D7CE399DABF, cid=20, SUCCESS, logIndex=9, commits[8598a113-c17e-478f-a912-bce46d01a642:c10, dbd6a9ac-9c32-47ee-94a0-3ca05a52c05b:c8, 77847575-4b95-46c8-8128-98f1427f22a7:c8]
2019-08-04 03:50:40,791 INFO  client.GrpcClientProtocolClient (GrpcClientProtocolClient.java:onNext(255)) - client-BF1B7D765085->8598a113-c17e-478f-a912-bce46d01a642: receive RaftClientReply:client-BF1B7D765085->8598a113-c17e-478f-a912-bce46d01a642@group-0D7CE399DABF, cid=21, SUCCESS, logIndex=10, commits[8598a113-c17e-478f-a912-bce46d01a642:c10, dbd6a9ac-9c32-47ee-94a0-3ca05a52c05b:c8, 77847575-4b95-46c8-8128-98f1427f22a7:c8]
2019-08-04 03:50:40,801 INFO  client.GrpcClientProtocolClient (GrpcClientProtocolClient.java:onNext(255)) - client-BF1B7D765085->8598a113-c17e-478f-a912-bce46d01a642: receive RaftClientReply:client-BF1B7D765085->8598a113-c17e-478f-a912-bce46d01a642@group-0D7CE399DABF, cid=22, SUCCESS, logIndex=11, commits[8598a113-c17e-478f-a912-bce46d01a642:c12, dbd6a9ac-9c32-47ee-94a0-3ca05a52c05b:c8, 77847575-4b95-46c8-8128-98f1427f22a7:c8]
2019-08-04 03:50:40,807 INFO  client.GrpcClientProtocolClient (GrpcClientProtocolClient.java:onNext(255)) - client-BF1B7D765085->8598a113-c17e-478f-a912-bce46d01a642: receive RaftClientReply:client-BF1B7D765085->8598a113-c17e-478f-a912-bce46d01a642@group-0D7CE399DABF, cid=23, SUCCESS, logIndex=12, commits[8598a113-c17e-478f-a912-bce46d01a642:c12, dbd6a9ac-9c32-47ee-94a0-3ca05a52c05b:c8, 77847575-4b95-46c8-8128-98f1427f22a7:c8]
2019-08-04 03:50:40,833 INFO  client.GrpcClientProtocolClient (GrpcClientProtocolClient.java:onNext(255)) - client-BF1B7D765085->8598a113-c17e-478f-a912-bce46d01a642: receive RaftClientReply:client-BF1B7D765085->8598a113-c17e-478f-a912-bce46d01a642@group-0D7CE399DABF, cid=24, SUCCESS, logIndex=0, commits[8598a113-c17e-478f-a912-bce46d01a642:c16, dbd6a9ac-9c32-47ee-94a0-3ca05a52c05b:c12, 77847575-4b95-46c8-8128-98f1427f22a7:c12]
2019-08-04 03:50:40,840 INFO  client.GrpcClientProtocolClient (GrpcClientProtocolClient.java:onNext(255)) - client-BF1B7D765085->8598a113-c17e-478f-a912-bce46d01a642: receive RaftClientReply:client-BF1B7D765085->8598a113-c17e-478f-a912-bce46d01a642@group-0D7CE399DABF, cid=25, SUCCESS, logIndex=0, commits[8598a113-c17e-478f-a912-bce46d01a642:c16, dbd6a9ac-9c32-47ee-94a0-3ca05a52c05b:c12, 77847575-4b95-46c8-8128-98f1427f22a7:c12]
2019-08-04 03:50:40,857 INFO  datanode.ObjectStoreHandler (ObjectStoreHandler.java:close(155)) - Closing ObjectStoreHandler.
2019-08-04 03:50:40,858 INFO  ozone.HddsDatanodeService (HddsDatanodeService.java:stop(451)) - Stopped plug-in org.apache.hadoop.ozone.web.OzoneHddsDatanodeService@44fd7ba4
2019-08-04 03:50:40,972 INFO  statemachine.DatanodeStateMachine (DatanodeStateMachine.java:lambda$startDaemon$0(350)) - Ozone container server started.
2019-08-04 03:50:40,993 INFO  client.GrpcClientProtocolClient (GrpcClientProtocolClient.java:onNext(255)) - client-BF1B7D765085->8598a113-c17e-478f-a912-bce46d01a642: receive RaftClientReply:client-BF1B7D765085->8598a113-c17e-478f-a912-bce46d01a642@group-0D7CE399DABF, cid=26, SUCCESS, logIndex=17, commits[8598a113-c17e-478f-a912-bce46d01a642:c18, dbd6a9ac-9c32-47ee-94a0-3ca05a52c05b:c16, 77847575-4b95-46c8-8128-98f1427f22a7:c16]
2019-08-04 03:50:41,034 INFO  client.GrpcClientProtocolClient (GrpcClientProtocolClient.java:onNext(255)) - client-BF1B7D765085->8598a113-c17e-478f-a912-bce46d01a642: receive RaftClientReply:client-BF1B7D765085->8598a113-c17e-478f-a912-bce46d01a642@group-0D7CE399DABF, cid=27, SUCCESS, logIndex=18, commits[8598a113-c17e-478f-a912-bce46d01a642:c20, dbd6a9ac-9c32-47ee-94a0-3ca05a52c05b:c18, 77847575-4b95-46c8-8128-98f1427f22a7:c18]
2019-08-04 03:50:45,860 INFO  ozoneimpl.OzoneContainer (OzoneContainer.java:stop(199)) - Attempting to stop container services.
2019-08-04 03:50:45,862 INFO  impl.RaftServerProxy (RaftServerProxy.java:lambda$close$4(314)) - 77847575-4b95-46c8-8128-98f1427f22a7: close
2019-08-04 03:50:45,864 INFO  impl.RaftServerImpl (RaftServerImpl.java:lambda$shutdown$3(245)) - 77847575-4b95-46c8-8128-98f1427f22a7: shutdown group-C8E3DF69B462
2019-08-04 03:50:45,865 INFO  util.JmxRegister (JmxRegister.java:unregister(73)) - Successfully un-registered JMX Bean with object name Ratis:service=RaftServer,group=group-C8E3DF69B462,id=77847575-4b95-46c8-8128-98f1427f22a7
2019-08-04 03:50:45,865 INFO  impl.RoleInfo (RoleInfo.java:shutdownLeaderState(104)) - 77847575-4b95-46c8-8128-98f1427f22a7: shutdown LeaderState
2019-08-04 03:50:45,866 INFO  impl.PendingRequests (PendingRequests.java:sendNotLeaderResponses(202)) - 77847575-4b95-46c8-8128-98f1427f22a7-PendingRequests: sendNotLeaderResponses
2019-08-04 03:50:45,869 INFO  impl.StateMachineUpdater (StateMachineUpdater.java:stopAndJoin(115)) - StateMachineUpdater:77847575-4b95-46c8-8128-98f1427f22a7:group-C8E3DF69B462: set stopIndex = 0
2019-08-04 03:50:45,878 INFO  impl.RaftServerImpl (ServerState.java:close(394)) - 77847575-4b95-46c8-8128-98f1427f22a7:group-C8E3DF69B462 closes. The last applied log index is 0
2019-08-04 03:50:45,881 INFO  segmented.SegmentedRaftLogWorker (SegmentedRaftLogWorker.java:run(313)) - 77847575-4b95-46c8-8128-98f1427f22a7-SegmentedRaftLogWorker:Storage Directory /workdir/hadoop-ozone/integration-test/target/test-dir/MiniOzoneClusterImpl-13eae300-d7c4-487e-ad06-8500ad5b71ae/datanode-5/data/ratis/4816f425-3d04-44cc-b94b-c8e3df69b462 was interrupted, exiting. There are 0 tasks remaining in the queue.
2019-08-04 03:50:45,884 INFO  segmented.SegmentedRaftLogWorker (SegmentedRaftLogWorker.java:close(228)) - 77847575-4b95-46c8-8128-98f1427f22a7-SegmentedRaftLogWorker:Storage Directory /workdir/hadoop-ozone/integration-test/target/test-dir/MiniOzoneClusterImpl-13eae300-d7c4-487e-ad06-8500ad5b71ae/datanode-5/data/ratis/4816f425-3d04-44cc-b94b-c8e3df69b462 close()
2019-08-04 03:50:45,888 INFO  impl.RaftServerImpl (RaftServerImpl.java:lambda$shutdown$3(245)) - 77847575-4b95-46c8-8128-98f1427f22a7: shutdown group-0D7CE399DABF
2019-08-04 03:50:45,889 INFO  util.JmxRegister (JmxRegister.java:unregister(73)) - Successfully un-registered JMX Bean with object name Ratis:service=RaftServer,group=group-0D7CE399DABF,id=77847575-4b95-46c8-8128-98f1427f22a7
2019-08-04 03:50:45,889 INFO  impl.RoleInfo (RoleInfo.java:shutdownFollowerState(121)) - 77847575-4b95-46c8-8128-98f1427f22a7: shutdown FollowerState
2019-08-04 03:50:45,890 INFO  impl.StateMachineUpdater (StateMachineUpdater.java:stopAndJoin(115)) - StateMachineUpdater:77847575-4b95-46c8-8128-98f1427f22a7:group-0D7CE399DABF: set stopIndex = 20
2019-08-04 03:50:45,890 INFO  impl.FollowerState (FollowerState.java:run(114)) - 77847575-4b95-46c8-8128-98f1427f22a7: FollowerState was interrupted: java.lang.InterruptedException: sleep interrupted
2019-08-04 03:50:45,890 INFO  ratis.ContainerStateMachine (ContainerStateMachine.java:takeSnapshot(262)) - group-0D7CE399DABF: Taking a snapshot at:(t:1, i:18) file /workdir/hadoop-ozone/integration-test/target/test-dir/MiniOzoneClusterImpl-13eae300-d7c4-487e-ad06-8500ad5b71ae/datanode-5/data/ratis/f981293a-773f-46e9-882e-0d7ce399dabf/sm/snapshot.1_18
2019-08-04 03:50:45,921 INFO  ratis.ContainerStateMachine (ContainerStateMachine.java:takeSnapshot(273)) - group-0D7CE399DABF: Finished taking a snapshot at:(t:1, i:18) file:/workdir/hadoop-ozone/integration-test/target/test-dir/MiniOzoneClusterImpl-13eae300-d7c4-487e-ad06-8500ad5b71ae/datanode-5/data/ratis/f981293a-773f-46e9-882e-0d7ce399dabf/sm/snapshot.1_18 time:32
2019-08-04 03:50:45,921 INFO  impl.StateMachineUpdater (StateMachineUpdater.java:takeSnapshot(242)) - StateMachineUpdater:77847575-4b95-46c8-8128-98f1427f22a7:group-0D7CE399DABF: Took a snapshot at index 18
2019-08-04 03:50:45,928 INFO  impl.StateMachineUpdater (StateMachineUpdater.java:lambda$new$0(80)) - StateMachineUpdater:77847575-4b95-46c8-8128-98f1427f22a7:group-0D7CE399DABF: snapshotIndex: updateIncreasingly -1 -> 18
2019-08-04 03:50:45,934 INFO  impl.RaftServerImpl (ServerState.java:close(394)) - 77847575-4b95-46c8-8128-98f1427f22a7:group-0D7CE399DABF closes. The last applied log index is 20
2019-08-04 03:50:45,934 INFO  segmented.SegmentedRaftLogWorker (SegmentedRaftLogWorker.java:run(313)) - 77847575-4b95-46c8-8128-98f1427f22a7-SegmentedRaftLogWorker:Storage Directory /workdir/hadoop-ozone/integration-test/target/test-dir/MiniOzoneClusterImpl-13eae300-d7c4-487e-ad06-8500ad5b71ae/datanode-5/data/ratis/f981293a-773f-46e9-882e-0d7ce399dabf was interrupted, exiting. There are 0 tasks remaining in the queue.
2019-08-04 03:50:45,937 INFO  segmented.SegmentedRaftLogWorker (SegmentedRaftLogWorker.java:close(228)) - 77847575-4b95-46c8-8128-98f1427f22a7-SegmentedRaftLogWorker:Storage Directory /workdir/hadoop-ozone/integration-test/target/test-dir/MiniOzoneClusterImpl-13eae300-d7c4-487e-ad06-8500ad5b71ae/datanode-5/data/ratis/f981293a-773f-46e9-882e-0d7ce399dabf close()
2019-08-04 03:50:45,941 INFO  server.GrpcService (GrpcService.java:closeImpl(155)) - 77847575-4b95-46c8-8128-98f1427f22a7: shutdown server with port 44186 now
2019-08-04 03:50:45,949 WARN  server.GrpcServerProtocolService (LogUtils.java:warn(134)) - 77847575-4b95-46c8-8128-98f1427f22a7: appendEntries onError: org.apache.ratis.thirdparty.io.grpc.StatusRuntimeException: CANCELLED: cancelled before receiving half close
2019-08-04 03:50:45,949 INFO  server.GrpcService (GrpcService.java:closeImpl(163)) - 77847575-4b95-46c8-8128-98f1427f22a7: shutdown server with port 44186 successfully
2019-08-04 03:50:45,951 WARN  server.GrpcLogAppender (LogUtils.java:warn(134)) - 8598a113-c17e-478f-a912-bce46d01a642->77847575-4b95-46c8-8128-98f1427f22a7: Failed appendEntries: org.apache.ratis.thirdparty.io.grpc.StatusRuntimeException: CANCELLED: HTTP/2 error code: CANCEL
Received Rst Stream
2019-08-04 03:50:45,959 INFO  impl.FollowerInfo (FollowerInfo.java:lambda$new$0(50)) - 8598a113-c17e-478f-a912-bce46d01a642->77847575-4b95-46c8-8128-98f1427f22a7: nextIndex: updateUnconditionally 21 -> 20
2019-08-04 03:50:45,973 INFO  utils.BackgroundService (BackgroundService.java:shutdown(148)) - Shutting down service BlockDeletingService
2019-08-04 03:50:45,976 WARN  fs.CachingGetSpaceUsed (CachingGetSpaceUsed.java:run(183)) - Thread Interrupted waiting to refresh disk information: sleep interrupted
2019-08-04 03:50:45,998 INFO  statemachine.DatanodeStateMachine (DatanodeStateMachine.java:stopDaemon(395)) - Ozone container server stopped.
2019-08-04 03:50:46,003 INFO  handler.ContextHandler (ContextHandler.java:doStop(910)) - Stopped o.e.j.w.WebAppContext@4b4969ea{/,null,UNAVAILABLE}{/hddsDatanode}
2019-08-04 03:50:46,010 INFO  server.AbstractConnector (AbstractConnector.java:doStop(318)) - Stopped ServerConnector@11c581a0{HTTP/1.1,[http/1.1]}{0.0.0.0:0}
2019-08-04 03:50:46,010 INFO  handler.ContextHandler (ContextHandler.java:doStop(910)) - Stopped o.e.j.s.ServletContextHandler@3f048c86{/static,jar:file:/home/user/.m2/repository/org/apache/hadoop/hadoop-hdds-container-service/0.4.1-SNAPSHOT/hadoop-hdds-container-service-0.4.1-SNAPSHOT.jar!/webapps/static,UNAVAILABLE}
2019-08-04 03:50:46,011 INFO  handler.ContextHandler (ContextHandler.java:doStop(910)) - Stopped o.e.j.s.ServletContextHandler@6c2a95d5{/logs,file:///workdir/hadoop-ozone/integration-test/target/log,UNAVAILABLE}
2019-08-04 03:50:46,016 INFO  datanode.ObjectStoreHandler (ObjectStoreHandler.java:close(155)) - Closing ObjectStoreHandler.
2019-08-04 03:50:46,017 INFO  ozone.HddsDatanodeService (HddsDatanodeService.java:stop(451)) - Stopped plug-in org.apache.hadoop.ozone.web.OzoneHddsDatanodeService@34c7232c
2019-08-04 03:50:46,027 WARN  server.GrpcLogAppender (LogUtils.java:warn(134)) - 8598a113-c17e-478f-a912-bce46d01a642->77847575-4b95-46c8-8128-98f1427f22a7: Failed appendEntries: org.apache.ratis.thirdparty.io.grpc.StatusRuntimeException: UNAVAILABLE: io exception
2019-08-04 03:50:46,031 INFO  impl.FollowerInfo (FollowerInfo.java:lambda$new$0(50)) - 8598a113-c17e-478f-a912-bce46d01a642->77847575-4b95-46c8-8128-98f1427f22a7: nextIndex: updateUnconditionally 20 -> 19
2019-08-04 03:50:46,975 INFO  statemachine.DatanodeStateMachine (DatanodeStateMachine.java:lambda$startDaemon$0(350)) - Ozone container server started.
2019-08-04 03:50:48,522 WARN  server.GrpcLogAppender (LogUtils.java:warn(134)) - 8598a113-c17e-478f-a912-bce46d01a642->77847575-4b95-46c8-8128-98f1427f22a7: Failed appendEntries: org.apache.ratis.thirdparty.io.grpc.StatusRuntimeException: UNAVAILABLE: io exception
2019-08-04 03:50:48,525 INFO  impl.FollowerInfo (FollowerInfo.java:lambda$new$0(50)) - 8598a113-c17e-478f-a912-bce46d01a642->77847575-4b95-46c8-8128-98f1427f22a7: nextIndex: updateUnconditionally 19 -> 18
2019-08-04 03:50:51,018 INFO  ozoneimpl.OzoneContainer (OzoneContainer.java:stop(199)) - Attempting to stop container services.
2019-08-04 03:50:51,019 INFO  impl.RaftServerProxy (RaftServerProxy.java:lambda$close$4(314)) - dbd6a9ac-9c32-47ee-94a0-3ca05a52c05b: close
2019-08-04 03:50:51,020 INFO  impl.RaftServerImpl (RaftServerImpl.java:lambda$shutdown$3(245)) - dbd6a9ac-9c32-47ee-94a0-3ca05a52c05b: shutdown group-A4550B9AC1C4
2019-08-04 03:50:51,021 INFO  util.JmxRegister (JmxRegister.java:unregister(73)) - Successfully un-registered JMX Bean with object name Ratis:service=RaftServer,group=group-A4550B9AC1C4,id=dbd6a9ac-9c32-47ee-94a0-3ca05a52c05b
2019-08-04 03:50:51,023 INFO  impl.RoleInfo (RoleInfo.java:shutdownLeaderState(104)) - dbd6a9ac-9c32-47ee-94a0-3ca05a52c05b: shutdown LeaderState
2019-08-04 03:50:51,024 INFO  impl.PendingRequests (PendingRequests.java:sendNotLeaderResponses(202)) - dbd6a9ac-9c32-47ee-94a0-3ca05a52c05b-PendingRequests: sendNotLeaderResponses
2019-08-04 03:50:51,025 INFO  impl.StateMachineUpdater (StateMachineUpdater.java:stopAndJoin(115)) - StateMachineUpdater:dbd6a9ac-9c32-47ee-94a0-3ca05a52c05b:group-A4550B9AC1C4: set stopIndex = 0
2019-08-04 03:50:51,027 INFO  impl.RaftServerImpl (ServerState.java:close(394)) - dbd6a9ac-9c32-47ee-94a0-3ca05a52c05b:group-A4550B9AC1C4 closes. The last applied log index is 0
2019-08-04 03:50:51,028 INFO  segmented.SegmentedRaftLogWorker (SegmentedRaftLogWorker.java:run(313)) - dbd6a9ac-9c32-47ee-94a0-3ca05a52c05b-SegmentedRaftLogWorker:Storage Directory /workdir/hadoop-ozone/integration-test/target/test-dir/MiniOzoneClusterImpl-13eae300-d7c4-487e-ad06-8500ad5b71ae/datanode-3/data/ratis/503b328e-cf7d-4eca-97b0-a4550b9ac1c4 was interrupted, exiting. There are 0 tasks remaining in the queue.
2019-08-04 03:50:51,030 INFO  segmented.SegmentedRaftLogWorker (SegmentedRaftLogWorker.java:close(228)) - dbd6a9ac-9c32-47ee-94a0-3ca05a52c05b-SegmentedRaftLogWorker:Storage Directory /workdir/hadoop-ozone/integration-test/target/test-dir/MiniOzoneClusterImpl-13eae300-d7c4-487e-ad06-8500ad5b71ae/datanode-3/data/ratis/503b328e-cf7d-4eca-97b0-a4550b9ac1c4 close()
2019-08-04 03:50:51,030 WARN  server.GrpcLogAppender (LogUtils.java:warn(134)) - 8598a113-c17e-478f-a912-bce46d01a642->77847575-4b95-46c8-8128-98f1427f22a7: Failed appendEntries: org.apache.ratis.thirdparty.io.grpc.StatusRuntimeException: UNAVAILABLE: io exception
2019-08-04 03:50:51,035 INFO  impl.RaftServerImpl (RaftServerImpl.java:lambda$shutdown$3(245)) - dbd6a9ac-9c32-47ee-94a0-3ca05a52c05b: shutdown group-0D7CE399DABF
2019-08-04 03:50:51,037 INFO  impl.FollowerInfo (FollowerInfo.java:lambda$new$0(50)) - 8598a113-c17e-478f-a912-bce46d01a642->77847575-4b95-46c8-8128-98f1427f22a7: nextIndex: updateUnconditionally 18 -> 17
2019-08-04 03:50:51,037 INFO  util.JmxRegister (JmxRegister.java:unregister(73)) - Successfully un-registered JMX Bean with object name Ratis:service=RaftServer,group=group-0D7CE399DABF,id=dbd6a9ac-9c32-47ee-94a0-3ca05a52c05b
2019-08-04 03:50:51,038 INFO  impl.RoleInfo (RoleInfo.java:shutdownFollowerState(121)) - dbd6a9ac-9c32-47ee-94a0-3ca05a52c05b: shutdown FollowerState
2019-08-04 03:50:51,038 INFO  impl.StateMachineUpdater (StateMachineUpdater.java:stopAndJoin(115)) - StateMachineUpdater:dbd6a9ac-9c32-47ee-94a0-3ca05a52c05b:group-0D7CE399DABF: set stopIndex = 20
2019-08-04 03:50:51,038 INFO  ratis.ContainerStateMachine (ContainerStateMachine.java:takeSnapshot(262)) - group-0D7CE399DABF: Taking a snapshot at:(t:1, i:18) file /workdir/hadoop-ozone/integration-test/target/test-dir/MiniOzoneClusterImpl-13eae300-d7c4-487e-ad06-8500ad5b71ae/datanode-3/data/ratis/f981293a-773f-46e9-882e-0d7ce399dabf/sm/snapshot.1_18
2019-08-04 03:50:51,038 INFO  impl.FollowerState (FollowerState.java:run(114)) - dbd6a9ac-9c32-47ee-94a0-3ca05a52c05b: FollowerState was interrupted: java.lang.InterruptedException: sleep interrupted
2019-08-04 03:50:51,045 INFO  ratis.ContainerStateMachine (ContainerStateMachine.java:takeSnapshot(273)) - group-0D7CE399DABF: Finished taking a snapshot at:(t:1, i:18) file:/workdir/hadoop-ozone/integration-test/target/test-dir/MiniOzoneClusterImpl-13eae300-d7c4-487e-ad06-8500ad5b71ae/datanode-3/data/ratis/f981293a-773f-46e9-882e-0d7ce399dabf/sm/snapshot.1_18 time:7
2019-08-04 03:50:51,045 INFO  impl.StateMachineUpdater (StateMachineUpdater.java:takeSnapshot(242)) - StateMachineUpdater:dbd6a9ac-9c32-47ee-94a0-3ca05a52c05b:group-0D7CE399DABF: Took a snapshot at index 18
2019-08-04 03:50:51,045 INFO  impl.StateMachineUpdater (StateMachineUpdater.java:lambda$new$0(80)) - StateMachineUpdater:dbd6a9ac-9c32-47ee-94a0-3ca05a52c05b:group-0D7CE399DABF: snapshotIndex: updateIncreasingly -1 -> 18
2019-08-04 03:50:51,046 INFO  impl.RaftServerImpl (ServerState.java:close(394)) - dbd6a9ac-9c32-47ee-94a0-3ca05a52c05b:group-0D7CE399DABF closes. The last applied log index is 20
2019-08-04 03:50:51,047 INFO  segmented.SegmentedRaftLogWorker (SegmentedRaftLogWorker.java:run(313)) - dbd6a9ac-9c32-47ee-94a0-3ca05a52c05b-SegmentedRaftLogWorker:Storage Directory /workdir/hadoop-ozone/integration-test/target/test-dir/MiniOzoneClusterImpl-13eae300-d7c4-487e-ad06-8500ad5b71ae/datanode-3/data/ratis/f981293a-773f-46e9-882e-0d7ce399dabf was interrupted, exiting. There are 0 tasks remaining in the queue.
2019-08-04 03:50:51,049 INFO  segmented.SegmentedRaftLogWorker (SegmentedRaftLogWorker.java:close(228)) - dbd6a9ac-9c32-47ee-94a0-3ca05a52c05b-SegmentedRaftLogWorker:Storage Directory /workdir/hadoop-ozone/integration-test/target/test-dir/MiniOzoneClusterImpl-13eae300-d7c4-487e-ad06-8500ad5b71ae/datanode-3/data/ratis/f981293a-773f-46e9-882e-0d7ce399dabf close()
2019-08-04 03:50:51,052 INFO  server.GrpcService (GrpcService.java:closeImpl(155)) - dbd6a9ac-9c32-47ee-94a0-3ca05a52c05b: shutdown server with port 36228 now
2019-08-04 03:50:51,060 WARN  server.GrpcServerProtocolService (LogUtils.java:warn(134)) - dbd6a9ac-9c32-47ee-94a0-3ca05a52c05b: appendEntries onError: org.apache.ratis.thirdparty.io.grpc.StatusRuntimeException: CANCELLED: cancelled before receiving half close
2019-08-04 03:50:51,061 INFO  server.GrpcService (GrpcService.java:closeImpl(163)) - dbd6a9ac-9c32-47ee-94a0-3ca05a52c05b: shutdown server with port 36228 successfully
2019-08-04 03:50:51,061 WARN  server.GrpcLogAppender (LogUtils.java:warn(134)) - 8598a113-c17e-478f-a912-bce46d01a642->dbd6a9ac-9c32-47ee-94a0-3ca05a52c05b: Failed appendEntries: org.apache.ratis.thirdparty.io.grpc.StatusRuntimeException: CANCELLED: HTTP/2 error code: CANCEL
Received Rst Stream
2019-08-04 03:50:51,064 INFO  impl.FollowerInfo (FollowerInfo.java:lambda$new$0(50)) - 8598a113-c17e-478f-a912-bce46d01a642->dbd6a9ac-9c32-47ee-94a0-3ca05a52c05b: nextIndex: updateUnconditionally 21 -> 20
2019-08-04 03:50:51,075 INFO  utils.BackgroundService (BackgroundService.java:shutdown(148)) - Shutting down service BlockDeletingService
2019-08-04 03:50:51,079 WARN  fs.CachingGetSpaceUsed (CachingGetSpaceUsed.java:run(183)) - Thread Interrupted waiting to refresh disk information: sleep interrupted
2019-08-04 03:50:51,102 INFO  statemachine.DatanodeStateMachine (DatanodeStateMachine.java:stopDaemon(395)) - Ozone container server stopped.
2019-08-04 03:50:51,114 INFO  handler.ContextHandler (ContextHandler.java:doStop(910)) - Stopped o.e.j.w.WebAppContext@6b162ecc{/,null,UNAVAILABLE}{/hddsDatanode}
2019-08-04 03:50:51,115 INFO  server.AbstractConnector (AbstractConnector.java:doStop(318)) - Stopped ServerConnector@3b4086c1{HTTP/1.1,[http/1.1]}{0.0.0.0:0}
2019-08-04 03:50:51,115 INFO  handler.ContextHandler (ContextHandler.java:doStop(910)) - Stopped o.e.j.s.ServletContextHandler@4b03cbad{/static,jar:file:/home/user/.m2/repository/org/apache/hadoop/hadoop-hdds-container-service/0.4.1-SNAPSHOT/hadoop-hdds-container-service-0.4.1-SNAPSHOT.jar!/webapps/static,UNAVAILABLE}
2019-08-04 03:50:51,116 INFO  handler.ContextHandler (ContextHandler.java:doStop(910)) - Stopped o.e.j.s.ServletContextHandler@14b275bd{/logs,file:///workdir/hadoop-ozone/integration-test/target/log,UNAVAILABLE}
2019-08-04 03:50:51,156 WARN  server.GrpcLogAppender (LogUtils.java:warn(134)) - 8598a113-c17e-478f-a912-bce46d01a642->dbd6a9ac-9c32-47ee-94a0-3ca05a52c05b: Failed appendEntries: org.apache.ratis.thirdparty.io.grpc.StatusRuntimeException: UNAVAILABLE: io exception
2019-08-04 03:50:51,159 INFO  impl.FollowerInfo (FollowerInfo.java:lambda$new$0(50)) - 8598a113-c17e-478f-a912-bce46d01a642->dbd6a9ac-9c32-47ee-94a0-3ca05a52c05b: nextIndex: updateUnconditionally 21 -> 20
2019-08-04 03:50:51,190 WARN  server.GrpcLogAppender (LogUtils.java:warn(134)) - 8598a113-c17e-478f-a912-bce46d01a642->77847575-4b95-46c8-8128-98f1427f22a7: Failed appendEntries: org.apache.ratis.thirdparty.io.grpc.StatusRuntimeException: UNAVAILABLE: io exception
2019-08-04 03:50:51,192 INFO  impl.FollowerInfo (FollowerInfo.java:lambda$new$0(50)) - 8598a113-c17e-478f-a912-bce46d01a642->77847575-4b95-46c8-8128-98f1427f22a7: nextIndex: updateUnconditionally 18 -> 17
2019-08-04 03:50:53,660 WARN  server.GrpcLogAppender (LogUtils.java:warn(134)) - 8598a113-c17e-478f-a912-bce46d01a642->dbd6a9ac-9c32-47ee-94a0-3ca05a52c05b: Failed appendEntries: org.apache.ratis.thirdparty.io.grpc.StatusRuntimeException: UNAVAILABLE: io exception
2019-08-04 03:50:53,662 INFO  impl.FollowerInfo (FollowerInfo.java:lambda$new$0(50)) - 8598a113-c17e-478f-a912-bce46d01a642->dbd6a9ac-9c32-47ee-94a0-3ca05a52c05b: nextIndex: updateUnconditionally 20 -> 19
2019-08-04 03:50:53,692 WARN  server.GrpcLogAppender (LogUtils.java:warn(134)) - 8598a113-c17e-478f-a912-bce46d01a642->77847575-4b95-46c8-8128-98f1427f22a7: Failed appendEntries: org.apache.ratis.thirdparty.io.grpc.StatusRuntimeException: UNAVAILABLE: io exception
2019-08-04 03:50:53,694 INFO  impl.FollowerInfo (FollowerInfo.java:lambda$new$0(50)) - 8598a113-c17e-478f-a912-bce46d01a642->77847575-4b95-46c8-8128-98f1427f22a7: nextIndex: updateUnconditionally 17 -> 16
2019-08-04 03:50:56,163 WARN  server.GrpcLogAppender (LogUtils.java:warn(134)) - 8598a113-c17e-478f-a912-bce46d01a642->dbd6a9ac-9c32-47ee-94a0-3ca05a52c05b: Failed appendEntries: org.apache.ratis.thirdparty.io.grpc.StatusRuntimeException: UNAVAILABLE: io exception
2019-08-04 03:50:56,165 INFO  impl.FollowerInfo (FollowerInfo.java:lambda$new$0(50)) - 8598a113-c17e-478f-a912-bce46d01a642->dbd6a9ac-9c32-47ee-94a0-3ca05a52c05b: nextIndex: updateUnconditionally 19 -> 18
2019-08-04 03:50:56,194 WARN  server.GrpcLogAppender (LogUtils.java:warn(134)) - 8598a113-c17e-478f-a912-bce46d01a642->77847575-4b95-46c8-8128-98f1427f22a7: Failed appendEntries: org.apache.ratis.thirdparty.io.grpc.StatusRuntimeException: UNAVAILABLE: io exception
2019-08-04 03:50:56,203 INFO  impl.FollowerInfo (FollowerInfo.java:lambda$new$0(50)) - 8598a113-c17e-478f-a912-bce46d01a642->77847575-4b95-46c8-8128-98f1427f22a7: nextIndex: updateUnconditionally 16 -> 15
2019-08-04 03:50:58,670 WARN  server.GrpcLogAppender (LogUtils.java:warn(134)) - 8598a113-c17e-478f-a912-bce46d01a642->dbd6a9ac-9c32-47ee-94a0-3ca05a52c05b: Failed appendEntries: org.apache.ratis.thirdparty.io.grpc.StatusRuntimeException: UNAVAILABLE: io exception
2019-08-04 03:50:58,673 INFO  impl.FollowerInfo (FollowerInfo.java:lambda$new$0(50)) - 8598a113-c17e-478f-a912-bce46d01a642->dbd6a9ac-9c32-47ee-94a0-3ca05a52c05b: nextIndex: updateUnconditionally 18 -> 17
2019-08-04 03:50:58,694 WARN  server.GrpcLogAppender (LogUtils.java:warn(134)) - 8598a113-c17e-478f-a912-bce46d01a642->77847575-4b95-46c8-8128-98f1427f22a7: Failed appendEntries: org.apache.ratis.thirdparty.io.grpc.StatusRuntimeException: UNAVAILABLE: io exception
2019-08-04 03:50:58,696 INFO  impl.FollowerInfo (FollowerInfo.java:lambda$new$0(50)) - 8598a113-c17e-478f-a912-bce46d01a642->77847575-4b95-46c8-8128-98f1427f22a7: nextIndex: updateUnconditionally 15 -> 14
2019-08-04 03:51:01,172 WARN  server.GrpcLogAppender (LogUtils.java:warn(134)) - 8598a113-c17e-478f-a912-bce46d01a642->dbd6a9ac-9c32-47ee-94a0-3ca05a52c05b: Failed appendEntries: org.apache.ratis.thirdparty.io.grpc.StatusRuntimeException: UNAVAILABLE: io exception
2019-08-04 03:51:01,175 INFO  impl.FollowerInfo (FollowerInfo.java:lambda$new$0(50)) - 8598a113-c17e-478f-a912-bce46d01a642->dbd6a9ac-9c32-47ee-94a0-3ca05a52c05b: nextIndex: updateUnconditionally 17 -> 16
2019-08-04 03:51:01,195 WARN  server.GrpcLogAppender (LogUtils.java:warn(134)) - 8598a113-c17e-478f-a912-bce46d01a642->77847575-4b95-46c8-8128-98f1427f22a7: Failed appendEntries: org.apache.ratis.thirdparty.io.grpc.StatusRuntimeException: UNAVAILABLE: io exception
2019-08-04 03:51:01,197 INFO  impl.FollowerInfo (FollowerInfo.java:lambda$new$0(50)) - 8598a113-c17e-478f-a912-bce46d01a642->77847575-4b95-46c8-8128-98f1427f22a7: nextIndex: updateUnconditionally 14 -> 13
2019-08-04 03:51:01,257 WARN  io.KeyOutputStream (KeyOutputStream.java:handleException(276)) - Encountered exception java.io.IOException: Unexpected Storage Container Exception: java.util.concurrent.CompletionException: java.util.concurrent.CompletionException: org.apache.ratis.protocol.RaftRetryFailureException: Failed RaftClientRequest:client-BF1B7D765085->8598a113-c17e-478f-a912-bce46d01a642@group-0D7CE399DABF, cid=28, seq=11*, RW, org.apache.hadoop.hdds.scm.XceiverClientRatis$$Lambda$314/1472633143@3e7d58da for 5 attempts with RetryLimited(maxAttempts=5, sleepTime=1000ms) on the pipeline Pipeline[ Id: f981293a-773f-46e9-882e-0d7ce399dabf, Nodes: 77847575-4b95-46c8-8128-98f1427f22a7{ip: 192.168.157.250, host: byscane-nightly-gb268-2566207830, networkLocation: /default-rack, certSerialId: null}dbd6a9ac-9c32-47ee-94a0-3ca05a52c05b{ip: 192.168.157.250, host: byscane-nightly-gb268-2566207830, networkLocation: /default-rack, certSerialId: null}8598a113-c17e-478f-a912-bce46d01a642{ip: 192.168.157.250, host: byscane-nightly-gb268-2566207830, networkLocation: /default-rack, certSerialId: null}, Type:RATIS, Factor:THREE, State:OPEN]. The last committed block length is 1048576, uncommitted data length is 1048576 retry count 0
2019-08-04 03:51:01,287 WARN  block.BlockManagerImpl (BlockManagerImpl.java:allocateBlock(192)) - Pipeline creation failed for type:RATIS factor:THREE. Retrying get pipelines call once.
org.apache.hadoop.hdds.scm.pipeline.InsufficientDatanodesException: Cannot create pipeline of factor 3 using 0 nodes.
	at org.apache.hadoop.hdds.scm.pipeline.RatisPipelineProvider.create(RatisPipelineProvider.java:151)
	at org.apache.hadoop.hdds.scm.pipeline.PipelineFactory.create(PipelineFactory.java:57)
	at org.apache.hadoop.hdds.scm.pipeline.SCMPipelineManager.createPipeline(SCMPipelineManager.java:149)
	at org.apache.hadoop.hdds.scm.block.BlockManagerImpl.allocateBlock(BlockManagerImpl.java:190)
	at org.apache.hadoop.hdds.scm.server.SCMBlockProtocolServer.allocateBlock(SCMBlockProtocolServer.java:175)
	at org.apache.hadoop.ozone.protocolPB.ScmBlockLocationProtocolServerSideTranslatorPB.allocateScmBlock(ScmBlockLocationProtocolServerSideTranslatorPB.java:153)
	at org.apache.hadoop.ozone.protocolPB.ScmBlockLocationProtocolServerSideTranslatorPB.send(ScmBlockLocationProtocolServerSideTranslatorPB.java:112)
	at org.apache.hadoop.hdds.protocol.proto.ScmBlockLocationProtocolProtos$ScmBlockLocationProtocolService$2.callBlockingMethod(ScmBlockLocationProtocolProtos.java:13157)
	at org.apache.hadoop.ipc.ProtobufRpcEngine$Server$ProtoBufRpcInvoker.call(ProtobufRpcEngine.java:524)
	at org.apache.hadoop.ipc.RPC$Server.call(RPC.java:1025)
	at org.apache.hadoop.ipc.Server$RpcCall.run(Server.java:876)
	at org.apache.hadoop.ipc.Server$RpcCall.run(Server.java:822)
	at java.security.AccessController.doPrivileged(Native Method)
	at javax.security.auth.Subject.doAs(Subject.java:422)
	at org.apache.hadoop.security.UserGroupInformation.doAs(UserGroupInformation.java:1730)
	at org.apache.hadoop.ipc.Server$Handler.run(Server.java:2682)
2019-08-04 03:51:01,289 INFO  block.BlockManagerImpl (BlockManagerImpl.java:allocateBlock(198)) - Could not find available pipeline of type:RATIS and factor:THREE even after retrying
2019-08-04 03:51:01,290 ERROR block.BlockManagerImpl (BlockManagerImpl.java:allocateBlock(222)) - Unable to allocate a block for the size: 4194304, type: RATIS, factor: THREE
03:51:01.295 [IPC Server handler 18 on 44906] ERROR OMAudit - user=jenkins1000 | ip=127.0.0.1 | op=ALLOCATE_BLOCK {volume=datanodefailurehandlingtest, bucket=datanodefailurehandlingtest, key=ratis3, dataSize=0, replicationType=null, replicationFactor=null, keyLocationInfo=null, clientID=102556672682491904} | ret=FAILURE
org.apache.hadoop.hdds.scm.exceptions.SCMException: Allocated 0 blocks. Requested 1 blocks
	at org.apache.hadoop.hdds.scm.protocolPB.ScmBlockLocationProtocolClientSideTranslatorPB.handleError(ScmBlockLocationProtocolClientSideTranslatorPB.java:118) ~[hadoop-hdds-common-0.4.1-SNAPSHOT.jar:?]
	at org.apache.hadoop.hdds.scm.protocolPB.ScmBlockLocationProtocolClientSideTranslatorPB.allocateBlock(ScmBlockLocationProtocolClientSideTranslatorPB.java:156) ~[hadoop-hdds-common-0.4.1-SNAPSHOT.jar:?]
	at sun.reflect.NativeMethodAccessorImpl.invoke0(Native Method) ~[?:1.8.0_212]
	at sun.reflect.NativeMethodAccessorImpl.invoke(NativeMethodAccessorImpl.java:62) ~[?:1.8.0_212]
	at sun.reflect.DelegatingMethodAccessorImpl.invoke(DelegatingMethodAccessorImpl.java:43) ~[?:1.8.0_212]
	at java.lang.reflect.Method.invoke(Method.java:498) ~[?:1.8.0_212]
	at org.apache.hadoop.hdds.tracing.TraceAllMethod.invoke(TraceAllMethod.java:66) ~[hadoop-hdds-common-0.4.1-SNAPSHOT.jar:?]
	at com.sun.proxy.$Proxy25.allocateBlock(Unknown Source) ~[?:?]
	at org.apache.hadoop.ozone.om.KeyManagerImpl.allocateBlock(KeyManagerImpl.java:333) ~[hadoop-ozone-ozone-manager-0.4.1-SNAPSHOT.jar:?]
	at org.apache.hadoop.ozone.om.KeyManagerImpl.allocateBlock(KeyManagerImpl.java:304) ~[hadoop-ozone-ozone-manager-0.4.1-SNAPSHOT.jar:?]
	at org.apache.hadoop.ozone.om.OzoneManager.allocateBlock(OzoneManager.java:2291) [hadoop-ozone-ozone-manager-0.4.1-SNAPSHOT.jar:?]
	at org.apache.hadoop.ozone.protocolPB.OzoneManagerRequestHandler.allocateBlock(OzoneManagerRequestHandler.java:717) [hadoop-ozone-ozone-manager-0.4.1-SNAPSHOT.jar:?]
	at org.apache.hadoop.ozone.protocolPB.OzoneManagerRequestHandler.handle(OzoneManagerRequestHandler.java:240) [hadoop-ozone-ozone-manager-0.4.1-SNAPSHOT.jar:?]
	at org.apache.hadoop.ozone.protocolPB.OzoneManagerProtocolServerSideTranslatorPB.submitRequestDirectlyToOM(OzoneManagerProtocolServerSideTranslatorPB.java:192) [hadoop-ozone-ozone-manager-0.4.1-SNAPSHOT.jar:?]
	at org.apache.hadoop.ozone.protocolPB.OzoneManagerProtocolServerSideTranslatorPB.submitRequest(OzoneManagerProtocolServerSideTranslatorPB.java:110) [hadoop-ozone-ozone-manager-0.4.1-SNAPSHOT.jar:?]
	at org.apache.hadoop.ozone.protocol.proto.OzoneManagerProtocolProtos$OzoneManagerService$2.callBlockingMethod(OzoneManagerProtocolProtos.java) [hadoop-ozone-common-0.4.1-SNAPSHOT.jar:?]
	at org.apache.hadoop.ipc.ProtobufRpcEngine$Server$ProtoBufRpcInvoker.call(ProtobufRpcEngine.java:524) [hadoop-common-3.2.0.jar:?]
	at org.apache.hadoop.ipc.RPC$Server.call(RPC.java:1025) [hadoop-common-3.2.0.jar:?]
	at org.apache.hadoop.ipc.Server$RpcCall.run(Server.java:876) [hadoop-common-3.2.0.jar:?]
	at org.apache.hadoop.ipc.Server$RpcCall.run(Server.java:822) [hadoop-common-3.2.0.jar:?]
	at java.security.AccessController.doPrivileged(Native Method) [?:1.8.0_212]
	at javax.security.auth.Subject.doAs(Subject.java:422) [?:1.8.0_212]
	at org.apache.hadoop.security.UserGroupInformation.doAs(UserGroupInformation.java:1730) [hadoop-common-3.2.0.jar:?]
	at org.apache.hadoop.ipc.Server$Handler.run(Server.java:2682) [hadoop-common-3.2.0.jar:?]
2019-08-04 03:51:01,313 ERROR io.BlockOutputStreamEntryPool (BlockOutputStreamEntryPool.java:allocateBlockIfNeeded(299)) - Try to allocate more blocks for write failed, already allocated 0 blocks for this write.
INTERNAL_ERROR org.apache.hadoop.ozone.om.exceptions.OMException: Allocated 0 blocks. Requested 1 blocks
	at org.apache.hadoop.ozone.om.protocolPB.OzoneManagerProtocolClientSideTranslatorPB.handleError(OzoneManagerProtocolClientSideTranslatorPB.java:720)
	at org.apache.hadoop.ozone.om.protocolPB.OzoneManagerProtocolClientSideTranslatorPB.allocateBlock(OzoneManagerProtocolClientSideTranslatorPB.java:752)
	at org.apache.hadoop.ozone.client.io.BlockOutputStreamEntryPool.allocateNewBlock(BlockOutputStreamEntryPool.java:248)
	at org.apache.hadoop.ozone.client.io.BlockOutputStreamEntryPool.allocateBlockIfNeeded(BlockOutputStreamEntryPool.java:296)
	at org.apache.hadoop.ozone.client.io.KeyOutputStream.handleWrite(KeyOutputStream.java:201)
	at org.apache.hadoop.ozone.client.io.KeyOutputStream.handleRetry(KeyOutputStream.java:376)
	at org.apache.hadoop.ozone.client.io.KeyOutputStream.handleException(KeyOutputStream.java:325)
	at org.apache.hadoop.ozone.client.io.KeyOutputStream.handleWrite(KeyOutputStream.java:231)
	at org.apache.hadoop.ozone.client.io.KeyOutputStream.write(KeyOutputStream.java:193)
	at org.apache.hadoop.ozone.client.io.OzoneOutputStream.write(OzoneOutputStream.java:49)
	at java.io.OutputStream.write(OutputStream.java:75)
	at org.apache.hadoop.ozone.client.rpc.TestMultiBlockWritesWithDnFailures.testMultiBlockWritesWithDnFailures(TestMultiBlockWritesWithDnFailures.java:144)
	at sun.reflect.NativeMethodAccessorImpl.invoke0(Native Method)
	at sun.reflect.NativeMethodAccessorImpl.invoke(NativeMethodAccessorImpl.java:62)
	at sun.reflect.DelegatingMethodAccessorImpl.invoke(DelegatingMethodAccessorImpl.java:43)
	at java.lang.reflect.Method.invoke(Method.java:498)
	at org.junit.runners.model.FrameworkMethod$1.runReflectiveCall(FrameworkMethod.java:47)
	at org.junit.internal.runners.model.ReflectiveCallable.run(ReflectiveCallable.java:12)
	at org.junit.runners.model.FrameworkMethod.invokeExplosively(FrameworkMethod.java:44)
	at org.junit.internal.runners.statements.InvokeMethod.evaluate(InvokeMethod.java:17)
	at org.junit.runners.ParentRunner.runLeaf(ParentRunner.java:271)
	at org.junit.runners.BlockJUnit4ClassRunner.runChild(BlockJUnit4ClassRunner.java:70)
	at org.junit.runners.BlockJUnit4ClassRunner.runChild(BlockJUnit4ClassRunner.java:50)
	at org.junit.runners.ParentRunner$3.run(ParentRunner.java:238)
	at org.junit.runners.ParentRunner$1.schedule(ParentRunner.java:63)
	at org.junit.runners.ParentRunner.runChildren(ParentRunner.java:236)
	at org.junit.runners.ParentRunner.access$000(ParentRunner.java:53)
	at org.junit.runners.ParentRunner$2.evaluate(ParentRunner.java:229)
	at org.junit.runners.ParentRunner.run(ParentRunner.java:309)
	at org.apache.maven.surefire.junit4.JUnit4Provider.execute(JUnit4Provider.java:365)
	at org.apache.maven.surefire.junit4.JUnit4Provider.executeWithRerun(JUnit4Provider.java:273)
	at org.apache.maven.surefire.junit4.JUnit4Provider.executeTestSet(JUnit4Provider.java:238)
	at org.apache.maven.surefire.junit4.JUnit4Provider.invoke(JUnit4Provider.java:159)
	at org.apache.maven.surefire.booter.ForkedBooter.invokeProviderInSameClassLoader(ForkedBooter.java:384)
	at org.apache.maven.surefire.booter.ForkedBooter.runSuitesInProcess(ForkedBooter.java:345)
	at org.apache.maven.surefire.booter.ForkedBooter.execute(ForkedBooter.java:126)
	at org.apache.maven.surefire.booter.ForkedBooter.main(ForkedBooter.java:418)
]]></system-out>
    <system-err><![CDATA[ERROR StatusLogger No Log4j 2 configuration file found. Using default configuration (logging only errors to the console), or user programmatically provided configurations. Set system property 'log4j2.debug' to show Log4j 2 internal initialization logging. See https://logging.apache.org/log4j/2.x/manual/configuration.html for instructions on how to configure Log4j 2
Aug 04, 2019 3:50:28 AM com.sun.jersey.server.impl.application.WebApplicationImpl _initiate
INFO: Initiating Jersey application, version 'Jersey: 1.19 02/11/2015 03:25 AM'
Aug 04, 2019 3:50:28 AM com.sun.jersey.server.impl.application.WebApplicationImpl _initiate
INFO: Initiating Jersey application, version 'Jersey: 1.19 02/11/2015 03:25 AM'
Aug 04, 2019 3:50:29 AM com.sun.jersey.server.impl.application.WebApplicationImpl _initiate
INFO: Initiating Jersey application, version 'Jersey: 1.19 02/11/2015 03:25 AM'
Aug 04, 2019 3:50:29 AM com.sun.jersey.server.impl.application.WebApplicationImpl _initiate
INFO: Initiating Jersey application, version 'Jersey: 1.19 02/11/2015 03:25 AM'
Aug 04, 2019 3:50:29 AM com.sun.jersey.server.impl.application.WebApplicationImpl _initiate
INFO: Initiating Jersey application, version 'Jersey: 1.19 02/11/2015 03:25 AM'
Aug 04, 2019 3:50:29 AM com.sun.jersey.server.impl.application.WebApplicationImpl _initiate
INFO: Initiating Jersey application, version 'Jersey: 1.19 02/11/2015 03:25 AM'
]]></system-err>
  </testcase>
</testsuite>