<?xml version="1.0" encoding="UTF-8"?>
<testsuite xmlns:xsi="http://www.w3.org/2001/XMLSchema-instance" xsi:noNamespaceSchemaLocation="https://maven.apache.org/surefire/maven-surefire-plugin/xsd/surefire-test-report.xsd" name="org.apache.hadoop.ozone.client.rpc.TestContainerReplicationEndToEnd" time="26.978" tests="1" errors="1" skipped="0" failures="0">
  <properties>
    <property name="awt.toolkit" value="sun.awt.X11.XToolkit"/>
    <property name="file.encoding.pkg" value="sun.io"/>
    <property name="java.specification.version" value="1.8"/>
    <property name="sun.cpu.isalist" value=""/>
    <property name="sun.jnu.encoding" value="UTF-8"/>
    <property name="java.class.path" value="/workdir/hadoop-ozone/integration-test/target/test-classes:/workdir/hadoop-ozone/integration-test/target/classes:/home/user/.m2/repository/org/apache/hadoop/hadoop-ozone-common/0.5.0-SNAPSHOT/hadoop-ozone-common-0.5.0-SNAPSHOT.jar:/home/user/.m2/repository/org/apache/commons/commons-compress/1.4.1/commons-compress-1.4.1.jar:/home/user/.m2/repository/org/tukaani/xz/1.0/xz-1.0.jar:/home/user/.m2/repository/org/apache/hadoop/hadoop-common/3.2.0/hadoop-common-3.2.0.jar:/home/user/.m2/repository/org/apache/hadoop/hadoop-hdfs/3.2.0/hadoop-hdfs-3.2.0.jar:/home/user/.m2/repository/org/apache/hadoop/hadoop-hdfs-client/3.2.0/hadoop-hdfs-client-3.2.0.jar:/home/user/.m2/repository/com/fasterxml/jackson/core/jackson-annotations/2.9.5/jackson-annotations-2.9.5.jar:/home/user/.m2/repository/org/apache/hadoop/hadoop-hdds-common/0.5.0-SNAPSHOT/hadoop-hdds-common-0.5.0-SNAPSHOT.jar:/home/user/.m2/repository/javax/annotation/javax.annotation-api/1.2/javax.annotation-api-1.2.jar:/home/user/.m2/repository/org/apache/ratis/ratis-server/0.4.0-78e95b9-SNAPSHOT/ratis-server-0.4.0-78e95b9-SNAPSHOT.jar:/home/user/.m2/repository/org/apache/ratis/ratis-thirdparty-misc/0.2.0/ratis-thirdparty-misc-0.2.0.jar:/home/user/.m2/repository/org/apache/ratis/ratis-proto/0.4.0-78e95b9-SNAPSHOT/ratis-proto-0.4.0-78e95b9-SNAPSHOT.jar:/home/user/.m2/repository/org/apache/ratis/ratis-common/0.4.0-78e95b9-SNAPSHOT/ratis-common-0.4.0-78e95b9-SNAPSHOT.jar:/home/user/.m2/repository/org/apache/ratis/ratis-client/0.4.0-78e95b9-SNAPSHOT/ratis-client-0.4.0-78e95b9-SNAPSHOT.jar:/home/user/.m2/repository/org/apache/ratis/ratis-metrics/0.4.0-78e95b9-SNAPSHOT/ratis-metrics-0.4.0-78e95b9-SNAPSHOT.jar:/home/user/.m2/repository/com/github/joshelser/dropwizard-metrics-hadoop-metrics2-reporter/0.1.2/dropwizard-metrics-hadoop-metrics2-reporter-0.1.2.jar:/home/user/.m2/repository/io/dropwizard/metrics/metrics-jvm/3.2.5/metrics-jvm-3.2.5.jar:/home/user/.m2/repository/io/dropwizard/metrics/metrics-ganglia/3.2.5/metrics-ganglia-3.2.5.jar:/home/user/.m2/repository/info/ganglia/gmetric4j/gmetric4j/1.0.7/gmetric4j-1.0.7.jar:/home/user/.m2/repository/org/apache/ratis/ratis-netty/0.4.0-78e95b9-SNAPSHOT/ratis-netty-0.4.0-78e95b9-SNAPSHOT.jar:/home/user/.m2/repository/org/apache/ratis/ratis-grpc/0.4.0-78e95b9-SNAPSHOT/ratis-grpc-0.4.0-78e95b9-SNAPSHOT.jar:/home/user/.m2/repository/org/rocksdb/rocksdbjni/6.0.1/rocksdbjni-6.0.1.jar:/home/user/.m2/repository/org/apache/logging/log4j/log4j-api/2.11.0/log4j-api-2.11.0.jar:/home/user/.m2/repository/org/apache/logging/log4j/log4j-core/2.11.0/log4j-core-2.11.0.jar:/home/user/.m2/repository/com/lmax/disruptor/3.4.2/disruptor-3.4.2.jar:/home/user/.m2/repository/org/apache/commons/commons-pool2/2.6.0/commons-pool2-2.6.0.jar:/home/user/.m2/repository/org/bouncycastle/bcpkix-jdk15on/1.60/bcpkix-jdk15on-1.60.jar:/home/user/.m2/repository/commons-validator/commons-validator/1.6/commons-validator-1.6.jar:/home/user/.m2/repository/commons-digester/commons-digester/1.8.1/commons-digester-1.8.1.jar:/home/user/.m2/repository/io/jaegertracing/jaeger-client/0.33.1/jaeger-client-0.33.1.jar:/home/user/.m2/repository/io/jaegertracing/jaeger-thrift/0.33.1/jaeger-thrift-0.33.1.jar:/home/user/.m2/repository/org/apache/thrift/libthrift/0.11.0/libthrift-0.11.0.jar:/home/user/.m2/repository/com/squareup/okhttp3/okhttp/3.9.0/okhttp-3.9.0.jar:/home/user/.m2/repository/com/squareup/okio/okio/1.13.0/okio-1.13.0.jar:/home/user/.m2/repository/io/jaegertracing/jaeger-core/0.33.1/jaeger-core-0.33.1.jar:/home/user/.m2/repository/io/jaegertracing/jaeger-tracerresolver/0.33.1/jaeger-tracerresolver-0.33.1.jar:/home/user/.m2/repository/io/opentracing/contrib/opentracing-tracerresolver/0.1.5/opentracing-tracerresolver-0.1.5.jar:/home/user/.m2/repository/io/opentracing/opentracing-util/0.31.0/opentracing-util-0.31.0.jar:/home/user/.m2/repository/io/opentracing/opentracing-api/0.31.0/opentracing-api-0.31.0.jar:/home/user/.m2/repository/io/opentracing/opentracing-noop/0.31.0/opentracing-noop-0.31.0.jar:/home/user/.m2/repository/org/apache/hadoop/hadoop-hdds-server-framework/0.5.0-SNAPSHOT/hadoop-hdds-server-framework-0.5.0-SNAPSHOT.jar:/home/user/.m2/repository/org/apache/hadoop/hadoop-hdds-container-service/0.5.0-SNAPSHOT/hadoop-hdds-container-service-0.5.0-SNAPSHOT.jar:/home/user/.m2/repository/org/apache/hadoop/hadoop-hdds-client/0.5.0-SNAPSHOT/hadoop-hdds-client-0.5.0-SNAPSHOT.jar:/home/user/.m2/repository/org/apache/hadoop/hadoop-hdds-tools/0.5.0-SNAPSHOT/hadoop-hdds-tools-0.5.0-SNAPSHOT.jar:/home/user/.m2/repository/org/apache/hadoop/hadoop-hdds-server-scm/0.5.0-SNAPSHOT/hadoop-hdds-server-scm-0.5.0-SNAPSHOT.jar:/home/user/.m2/repository/org/apache/hadoop/hadoop-hdds-docs/0.5.0-SNAPSHOT/hadoop-hdds-docs-0.5.0-SNAPSHOT.jar:/home/user/.m2/repository/io/dropwizard/metrics/metrics-core/3.2.4/metrics-core-3.2.4.jar:/home/user/.m2/repository/org/hamcrest/hamcrest-all/1.3/hamcrest-all-1.3.jar:/home/user/.m2/repository/org/bouncycastle/bcprov-jdk15on/1.60/bcprov-jdk15on-1.60.jar:/home/user/.m2/repository/info/picocli/picocli/3.9.6/picocli-3.9.6.jar:/home/user/.m2/repository/com/google/protobuf/protobuf-java/2.5.0/protobuf-java-2.5.0.jar:/home/user/.m2/repository/com/google/guava/guava/11.0.2/guava-11.0.2.jar:/home/user/.m2/repository/org/apache/hadoop/hadoop-ozone-ozone-manager/0.5.0-SNAPSHOT/hadoop-ozone-ozone-manager-0.5.0-SNAPSHOT.jar:/home/user/.m2/repository/org/apache/hadoop/hadoop-minikdc/3.2.0/hadoop-minikdc-3.2.0.jar:/home/user/.m2/repository/commons-io/commons-io/2.5/commons-io-2.5.jar:/home/user/.m2/repository/org/apache/kerby/kerb-simplekdc/1.0.1/kerb-simplekdc-1.0.1.jar:/home/user/.m2/repository/org/apache/kerby/kerb-client/1.0.1/kerb-client-1.0.1.jar:/home/user/.m2/repository/org/apache/kerby/kerby-config/1.0.1/kerby-config-1.0.1.jar:/home/user/.m2/repository/org/apache/kerby/kerb-core/1.0.1/kerb-core-1.0.1.jar:/home/user/.m2/repository/org/apache/kerby/kerby-pkix/1.0.1/kerby-pkix-1.0.1.jar:/home/user/.m2/repository/org/apache/kerby/kerby-asn1/1.0.1/kerby-asn1-1.0.1.jar:/home/user/.m2/repository/org/apache/kerby/kerby-util/1.0.1/kerby-util-1.0.1.jar:/home/user/.m2/repository/org/apache/kerby/kerb-common/1.0.1/kerb-common-1.0.1.jar:/home/user/.m2/repository/org/apache/kerby/kerb-crypto/1.0.1/kerb-crypto-1.0.1.jar:/home/user/.m2/repository/org/apache/kerby/kerb-util/1.0.1/kerb-util-1.0.1.jar:/home/user/.m2/repository/org/apache/kerby/token-provider/1.0.1/token-provider-1.0.1.jar:/home/user/.m2/repository/org/apache/kerby/kerb-admin/1.0.1/kerb-admin-1.0.1.jar:/home/user/.m2/repository/org/apache/kerby/kerb-server/1.0.1/kerb-server-1.0.1.jar:/home/user/.m2/repository/org/apache/kerby/kerb-identity/1.0.1/kerb-identity-1.0.1.jar:/home/user/.m2/repository/org/apache/kerby/kerby-xdr/1.0.1/kerby-xdr-1.0.1.jar:/home/user/.m2/repository/org/slf4j/slf4j-log4j12/1.7.25/slf4j-log4j12-1.7.25.jar:/home/user/.m2/repository/org/apache/hadoop/hadoop-ozone-s3gateway/0.5.0-SNAPSHOT/hadoop-ozone-s3gateway-0.5.0-SNAPSHOT.jar:/home/user/.m2/repository/org/jboss/weld/servlet/weld-servlet/2.4.7.Final/weld-servlet-2.4.7.Final.jar:/home/user/.m2/repository/org/glassfish/jersey/containers/jersey-container-servlet-core/2.27/jersey-container-servlet-core-2.27.jar:/home/user/.m2/repository/org/glassfish/hk2/external/javax.inject/2.5.0-b42/javax.inject-2.5.0-b42.jar:/home/user/.m2/repository/org/glassfish/jersey/core/jersey-common/2.27/jersey-common-2.27.jar:/home/user/.m2/repository/org/glassfish/hk2/osgi-resource-locator/1.0.1/osgi-resource-locator-1.0.1.jar:/home/user/.m2/repository/javax/ws/rs/javax.ws.rs-api/2.1/javax.ws.rs-api-2.1.jar:/home/user/.m2/repository/org/glassfish/jersey/ext/cdi/jersey-cdi1x/2.27/jersey-cdi1x-2.27.jar:/home/user/.m2/repository/org/glassfish/jersey/inject/jersey-hk2/2.27/jersey-hk2-2.27.jar:/home/user/.m2/repository/org/glassfish/hk2/hk2-locator/2.5.0-b42/hk2-locator-2.5.0-b42.jar:/home/user/.m2/repository/org/javassist/javassist/3.22.0-CR2/javassist-3.22.0-CR2.jar:/home/user/.m2/repository/org/glassfish/hk2/hk2-api/2.5.0/hk2-api-2.5.0.jar:/home/user/.m2/repository/org/glassfish/hk2/external/jakarta.inject/2.5.0/jakarta.inject-2.5.0.jar:/home/user/.m2/repository/org/glassfish/hk2/hk2-utils/2.5.0/hk2-utils-2.5.0.jar:/home/user/.m2/repository/jakarta/annotation/jakarta.annotation-api/1.3.4/jakarta.annotation-api-1.3.4.jar:/home/user/.m2/repository/org/glassfish/hk2/external/aopalliance-repackaged/2.5.0/aopalliance-repackaged-2.5.0.jar:/home/user/.m2/repository/com/fasterxml/jackson/dataformat/jackson-dataformat-xml/2.9.0/jackson-dataformat-xml-2.9.0.jar:/home/user/.m2/repository/com/fasterxml/jackson/core/jackson-core/2.9.5/jackson-core-2.9.5.jar:/home/user/.m2/repository/com/fasterxml/jackson/module/jackson-module-jaxb-annotations/2.9.5/jackson-module-jaxb-annotations-2.9.5.jar:/home/user/.m2/repository/javax/enterprise/cdi-api/1.2/cdi-api-1.2.jar:/home/user/.m2/repository/javax/el/javax.el-api/3.0.0/javax.el-api-3.0.0.jar:/home/user/.m2/repository/javax/interceptor/javax.interceptor-api/1.2/javax.interceptor-api-1.2.jar:/home/user/.m2/repository/javax/inject/javax.inject/1/javax.inject-1.jar:/home/user/.m2/repository/com/sun/xml/bind/jaxb-impl/2.3.0.1/jaxb-impl-2.3.0.1.jar:/home/user/.m2/repository/com/sun/xml/bind/jaxb-core/2.3.0.1/jaxb-core-2.3.0.1.jar:/home/user/.m2/repository/javax/xml/bind/jaxb-api/2.3.0/jaxb-api-2.3.0.jar:/home/user/.m2/repository/javax/activation/activation/1.1.1/activation-1.1.1.jar:/home/user/.m2/repository/org/apache/hadoop/hadoop-ozone-csi/0.5.0-SNAPSHOT/hadoop-ozone-csi-0.5.0-SNAPSHOT.jar:/home/user/.m2/repository/com/google/protobuf/protobuf-java-util/3.5.1/protobuf-java-util-3.5.1.jar:/home/user/.m2/repository/org/apache/hadoop/hadoop-hdds-config/0.5.0-SNAPSHOT/hadoop-hdds-config-0.5.0-SNAPSHOT.jar:/home/user/.m2/repository/io/grpc/grpc-netty/1.17.1/grpc-netty-1.17.1.jar:/home/user/.m2/repository/io/grpc/grpc-core/1.17.1/grpc-core-1.17.1.jar:/home/user/.m2/repository/io/grpc/grpc-context/1.17.1/grpc-context-1.17.1.jar:/home/user/.m2/repository/com/google/errorprone/error_prone_annotations/2.2.0/error_prone_annotations-2.2.0.jar:/home/user/.m2/repository/org/codehaus/mojo/animal-sniffer-annotations/1.17/animal-sniffer-annotations-1.17.jar:/home/user/.m2/repository/io/opencensus/opencensus-api/0.17.0/opencensus-api-0.17.0.jar:/home/user/.m2/repository/io/opencensus/opencensus-contrib-grpc-metrics/0.17.0/opencensus-contrib-grpc-metrics-0.17.0.jar:/home/user/.m2/repository/io/netty/netty-codec-http2/4.1.30.Final/netty-codec-http2-4.1.30.Final.jar:/home/user/.m2/repository/io/netty/netty-codec-http/4.1.30.Final/netty-codec-http-4.1.30.Final.jar:/home/user/.m2/repository/io/netty/netty-codec/4.1.30.Final/netty-codec-4.1.30.Final.jar:/home/user/.m2/repository/io/netty/netty-handler/4.1.30.Final/netty-handler-4.1.30.Final.jar:/home/user/.m2/repository/io/netty/netty-handler-proxy/4.1.30.Final/netty-handler-proxy-4.1.30.Final.jar:/home/user/.m2/repository/io/netty/netty-codec-socks/4.1.30.Final/netty-codec-socks-4.1.30.Final.jar:/home/user/.m2/repository/io/netty/netty-transport-native-epoll/4.1.30.Final/netty-transport-native-epoll-4.1.30.Final.jar:/home/user/.m2/repository/io/netty/netty-common/4.1.30.Final/netty-common-4.1.30.Final.jar:/home/user/.m2/repository/io/netty/netty-buffer/4.1.30.Final/netty-buffer-4.1.30.Final.jar:/home/user/.m2/repository/io/netty/netty-transport/4.1.30.Final/netty-transport-4.1.30.Final.jar:/home/user/.m2/repository/io/netty/netty-resolver/4.1.30.Final/netty-resolver-4.1.30.Final.jar:/home/user/.m2/repository/io/netty/netty-transport-native-unix-common/4.1.30.Final/netty-transport-native-unix-common-4.1.30.Final.jar:/home/user/.m2/repository/io/grpc/grpc-protobuf/1.17.1/grpc-protobuf-1.17.1.jar:/home/user/.m2/repository/com/google/api/grpc/proto-google-common-protos/1.0.0/proto-google-common-protos-1.0.0.jar:/home/user/.m2/repository/io/grpc/grpc-protobuf-lite/1.17.1/grpc-protobuf-lite-1.17.1.jar:/home/user/.m2/repository/io/grpc/grpc-stub/1.17.1/grpc-stub-1.17.1.jar:/home/user/.m2/repository/org/apache/hadoop/hadoop-ozone-recon/0.5.0-SNAPSHOT/hadoop-ozone-recon-0.5.0-SNAPSHOT.jar:/home/user/.m2/repository/org/apache/hadoop/hadoop-ozone-reconcodegen/0.5.0-SNAPSHOT/hadoop-ozone-reconcodegen-0.5.0-SNAPSHOT.jar:/home/user/.m2/repository/com/google/inject/extensions/guice-multibindings/4.0/guice-multibindings-4.0.jar:/home/user/.m2/repository/com/google/inject/guice/4.0/guice-4.0.jar:/home/user/.m2/repository/aopalliance/aopalliance/1.0/aopalliance-1.0.jar:/home/user/.m2/repository/com/google/inject/extensions/guice-servlet/4.0/guice-servlet-4.0.jar:/home/user/.m2/repository/org/glassfish/jersey/containers/jersey-container-servlet/2.27/jersey-container-servlet-2.27.jar:/home/user/.m2/repository/org/glassfish/hk2/guice-bridge/2.5.0/guice-bridge-2.5.0.jar:/home/user/.m2/repository/org/glassfish/jersey/core/jersey-server/2.27/jersey-server-2.27.jar:/home/user/.m2/repository/org/glassfish/jersey/core/jersey-client/2.27/jersey-client-2.27.jar:/home/user/.m2/repository/org/glassfish/jersey/media/jersey-media-jaxb/2.27/jersey-media-jaxb-2.27.jar:/home/user/.m2/repository/javax/validation/validation-api/1.1.0.Final/validation-api-1.1.0.Final.jar:/home/user/.m2/repository/org/glassfish/jersey/media/jersey-media-json-jackson/2.27/jersey-media-json-jackson-2.27.jar:/home/user/.m2/repository/org/glassfish/jersey/ext/jersey-entity-filtering/2.27/jersey-entity-filtering-2.27.jar:/home/user/.m2/repository/com/google/inject/extensions/guice-assistedinject/4.0/guice-assistedinject-4.0.jar:/home/user/.m2/repository/org/jooq/jooq/3.11.10/jooq-3.11.10.jar:/home/user/.m2/repository/org/jooq/jooq-meta/3.11.10/jooq-meta-3.11.10.jar:/home/user/.m2/repository/org/jooq/jooq-codegen/3.11.10/jooq-codegen-3.11.10.jar:/home/user/.m2/repository/com/jolbox/bonecp/0.8.0.RELEASE/bonecp-0.8.0.RELEASE.jar:/home/user/.m2/repository/org/xerial/sqlite-jdbc/3.25.2/sqlite-jdbc-3.25.2.jar:/home/user/.m2/repository/org/springframework/spring-jdbc/5.1.3.RELEASE/spring-jdbc-5.1.3.RELEASE.jar:/home/user/.m2/repository/org/springframework/spring-beans/5.1.3.RELEASE/spring-beans-5.1.3.RELEASE.jar:/home/user/.m2/repository/org/springframework/spring-core/5.1.3.RELEASE/spring-core-5.1.3.RELEASE.jar:/home/user/.m2/repository/org/springframework/spring-jcl/5.1.3.RELEASE/spring-jcl-5.1.3.RELEASE.jar:/home/user/.m2/repository/org/springframework/spring-tx/5.1.3.RELEASE/spring-tx-5.1.3.RELEASE.jar:/home/user/.m2/repository/org/apache/hadoop/hadoop-ozone-client/0.5.0-SNAPSHOT/hadoop-ozone-client-0.5.0-SNAPSHOT.jar:/home/user/.m2/repository/commons-lang/commons-lang/2.6/commons-lang-2.6.jar:/home/user/.m2/repository/org/apache/hadoop/hadoop-ozone-ozone-manager/0.5.0-SNAPSHOT/hadoop-ozone-ozone-manager-0.5.0-SNAPSHOT-tests.jar:/home/user/.m2/repository/junit/junit/4.11/junit-4.11.jar:/home/user/.m2/repository/org/hamcrest/hamcrest-core/1.3/hamcrest-core-1.3.jar:/home/user/.m2/repository/org/openjdk/jmh/jmh-core/1.19/jmh-core-1.19.jar:/home/user/.m2/repository/net/sf/jopt-simple/jopt-simple/4.6/jopt-simple-4.6.jar:/home/user/.m2/repository/org/apache/commons/commons-math3/3.1.1/commons-math3-3.1.1.jar:/home/user/.m2/repository/org/openjdk/jmh/jmh-generator-annprocess/1.19/jmh-generator-annprocess-1.19.jar:/home/user/.m2/repository/org/mockito/mockito-all/1.8.5/mockito-all-1.8.5.jar:/home/user/.m2/repository/org/apache/hadoop/hadoop-kms/3.2.0/hadoop-kms-3.2.0.jar:/home/user/.m2/repository/org/apache/hadoop/hadoop-auth/3.2.0/hadoop-auth-3.2.0.jar:/home/user/.m2/repository/com/nimbusds/nimbus-jose-jwt/4.41.1/nimbus-jose-jwt-4.41.1.jar:/home/user/.m2/repository/com/github/stephenc/jcip/jcip-annotations/1.0-1/jcip-annotations-1.0-1.jar:/home/user/.m2/repository/net/minidev/json-smart/2.3/json-smart-2.3.jar:/home/user/.m2/repository/net/minidev/accessors-smart/1.2/accessors-smart-1.2.jar:/home/user/.m2/repository/org/ow2/asm/asm/5.0.4/asm-5.0.4.jar:/home/user/.m2/repository/org/apache/curator/curator-framework/2.12.0/curator-framework-2.12.0.jar:/home/user/.m2/repository/com/sun/jersey/jersey-core/1.19/jersey-core-1.19.jar:/home/user/.m2/repository/javax/ws/rs/jsr311-api/1.1.1/jsr311-api-1.1.1.jar:/home/user/.m2/repository/com/sun/jersey/jersey-server/1.19/jersey-server-1.19.jar:/home/user/.m2/repository/javax/servlet/javax.servlet-api/3.1.0/javax.servlet-api-3.1.0.jar:/home/user/.m2/repository/org/eclipse/jetty/jetty-server/9.3.24.v20180605/jetty-server-9.3.24.v20180605.jar:/home/user/.m2/repository/org/eclipse/jetty/jetty-http/9.3.24.v20180605/jetty-http-9.3.24.v20180605.jar:/home/user/.m2/repository/org/eclipse/jetty/jetty-io/9.3.24.v20180605/jetty-io-9.3.24.v20180605.jar:/home/user/.m2/repository/org/eclipse/jetty/jetty-webapp/9.3.24.v20180605/jetty-webapp-9.3.24.v20180605.jar:/home/user/.m2/repository/org/eclipse/jetty/jetty-xml/9.3.24.v20180605/jetty-xml-9.3.24.v20180605.jar:/home/user/.m2/repository/log4j/log4j/1.2.17/log4j-1.2.17.jar:/home/user/.m2/repository/org/slf4j/slf4j-api/1.7.25/slf4j-api-1.7.25.jar:/home/user/.m2/repository/org/slf4j/jul-to-slf4j/1.7.25/jul-to-slf4j-1.7.25.jar:/home/user/.m2/repository/org/eclipse/jetty/jetty-util/9.3.24.v20180605/jetty-util-9.3.24.v20180605.jar:/home/user/.m2/repository/com/fasterxml/jackson/core/jackson-databind/2.9.5/jackson-databind-2.9.5.jar:/home/user/.m2/repository/org/apache/hadoop/hadoop-kms/3.2.0/hadoop-kms-3.2.0-tests.jar:/home/user/.m2/repository/org/apache/hadoop/hadoop-hdds-server-scm/0.5.0-SNAPSHOT/hadoop-hdds-server-scm-0.5.0-SNAPSHOT-tests.jar:/home/user/.m2/repository/org/apache/hadoop/hadoop-hdds-container-service/0.5.0-SNAPSHOT/hadoop-hdds-container-service-0.5.0-SNAPSHOT-tests.jar:/home/user/.m2/repository/org/yaml/snakeyaml/1.16/snakeyaml-1.16.jar:/home/user/.m2/repository/org/apache/hadoop/hadoop-common/3.2.0/hadoop-common-3.2.0-tests.jar:/home/user/.m2/repository/org/apache/hadoop/hadoop-annotations/3.2.0/hadoop-annotations-3.2.0.jar:/usr/lib/jvm/java-1.8-openjdk/jre/../lib/tools.jar:/home/user/.m2/repository/commons-cli/commons-cli/1.2/commons-cli-1.2.jar:/home/user/.m2/repository/org/apache/httpcomponents/httpclient/4.5.2/httpclient-4.5.2.jar:/home/user/.m2/repository/org/apache/httpcomponents/httpcore/4.4.4/httpcore-4.4.4.jar:/home/user/.m2/repository/commons-codec/commons-codec/1.11/commons-codec-1.11.jar:/home/user/.m2/repository/commons-net/commons-net/3.6/commons-net-3.6.jar:/home/user/.m2/repository/commons-collections/commons-collections/3.2.2/commons-collections-3.2.2.jar:/home/user/.m2/repository/org/eclipse/jetty/jetty-servlet/9.3.24.v20180605/jetty-servlet-9.3.24.v20180605.jar:/home/user/.m2/repository/org/eclipse/jetty/jetty-security/9.3.24.v20180605/jetty-security-9.3.24.v20180605.jar:/home/user/.m2/repository/javax/servlet/jsp/jsp-api/2.1/jsp-api-2.1.jar:/home/user/.m2/repository/com/sun/jersey/jersey-servlet/1.19/jersey-servlet-1.19.jar:/home/user/.m2/repository/com/sun/jersey/jersey-json/1.19/jersey-json-1.19.jar:/home/user/.m2/repository/org/codehaus/jettison/jettison/1.1/jettison-1.1.jar:/home/user/.m2/repository/org/codehaus/jackson/jackson-core-asl/1.9.13/jackson-core-asl-1.9.13.jar:/home/user/.m2/repository/org/codehaus/jackson/jackson-mapper-asl/1.9.13/jackson-mapper-asl-1.9.13.jar:/home/user/.m2/repository/org/codehaus/jackson/jackson-jaxrs/1.9.13/jackson-jaxrs-1.9.13.jar:/home/user/.m2/repository/org/codehaus/jackson/jackson-xc/1.9.13/jackson-xc-1.9.13.jar:/home/user/.m2/repository/commons-logging/commons-logging/1.1.3/commons-logging-1.1.3.jar:/home/user/.m2/repository/commons-beanutils/commons-beanutils/1.9.3/commons-beanutils-1.9.3.jar:/home/user/.m2/repository/org/apache/commons/commons-configuration2/2.1.1/commons-configuration2-2.1.1.jar:/home/user/.m2/repository/org/apache/commons/commons-lang3/3.7/commons-lang3-3.7.jar:/home/user/.m2/repository/org/apache/commons/commons-text/1.4/commons-text-1.4.jar:/home/user/.m2/repository/org/apache/avro/avro/1.7.7/avro-1.7.7.jar:/home/user/.m2/repository/com/thoughtworks/paranamer/paranamer/2.3/paranamer-2.3.jar:/home/user/.m2/repository/org/xerial/snappy/snappy-java/1.0.5/snappy-java-1.0.5.jar:/home/user/.m2/repository/com/google/re2j/re2j/1.1/re2j-1.1.jar:/home/user/.m2/repository/com/google/code/gson/gson/2.2.4/gson-2.2.4.jar:/home/user/.m2/repository/com/jcraft/jsch/0.1.54/jsch-0.1.54.jar:/home/user/.m2/repository/org/apache/curator/curator-client/2.12.0/curator-client-2.12.0.jar:/home/user/.m2/repository/org/apache/curator/curator-recipes/2.12.0/curator-recipes-2.12.0.jar:/home/user/.m2/repository/com/google/code/findbugs/jsr305/3.0.0/jsr305-3.0.0.jar:/home/user/.m2/repository/org/apache/htrace/htrace-core4/4.1.0-incubating/htrace-core4-4.1.0-incubating.jar:/home/user/.m2/repository/org/apache/zookeeper/zookeeper/3.4.13/zookeeper-3.4.13.jar:/home/user/.m2/repository/org/apache/yetus/audience-annotations/0.5.0/audience-annotations-0.5.0.jar:/home/user/.m2/repository/org/codehaus/woodstox/stax2-api/3.1.4/stax2-api-3.1.4.jar:/home/user/.m2/repository/com/fasterxml/woodstox/woodstox-core/5.0.3/woodstox-core-5.0.3.jar:/home/user/.m2/repository/dnsjava/dnsjava/2.1.7/dnsjava-2.1.7.jar:/home/user/.m2/repository/org/apache/hadoop/hadoop-hdfs/3.2.0/hadoop-hdfs-3.2.0-tests.jar:/home/user/.m2/repository/org/eclipse/jetty/jetty-util-ajax/9.3.24.v20180605/jetty-util-ajax-9.3.24.v20180605.jar:/home/user/.m2/repository/commons-daemon/commons-daemon/1.0.13/commons-daemon-1.0.13.jar:/home/user/.m2/repository/io/netty/netty/3.10.5.Final/netty-3.10.5.Final.jar:/home/user/.m2/repository/io/netty/netty-all/4.0.52.Final/netty-all-4.0.52.Final.jar:/home/user/.m2/repository/org/fusesource/leveldbjni/leveldbjni-all/1.8/leveldbjni-all-1.8.jar:"/>
    <property name="java.vm.vendor" value="IcedTea"/>
    <property name="sun.arch.data.model" value="64"/>
    <property name="test.build.dir" value="/workdir/hadoop-ozone/integration-test/target/test-dir"/>
    <property name="test.cache.data" value=""/>
    <property name="java.vendor.url" value="https://icedtea.classpath.org"/>
    <property name="user.timezone" value=""/>
    <property name="java.vm.specification.version" value="1.8"/>
    <property name="os.name" value="Linux"/>
    <property name="test.build.data" value="/workdir/hadoop-ozone/integration-test/target/test-dir"/>
    <property name="user.country" value="US"/>
    <property name="sun.java.launcher" value="SUN_STANDARD"/>
    <property name="sun.boot.library.path" value="/usr/lib/jvm/java-1.8-openjdk/jre/lib/amd64"/>
    <property name="sun.java.command" value="/workdir/hadoop-ozone/integration-test/target/surefire/surefirebooter7556542730523335361.jar /workdir/hadoop-ozone/integration-test/target/surefire 2019-09-17T05-16-00_887-jvmRun1 surefire2648678873402490882tmp surefire_416836593759209822415tmp"/>
    <property name="test" value="!TestMiniChaosOzoneCluster"/>
    <property name="surefire.test.class.path" value="/workdir/hadoop-ozone/integration-test/target/test-classes:/workdir/hadoop-ozone/integration-test/target/classes:/home/user/.m2/repository/org/apache/hadoop/hadoop-ozone-common/0.5.0-SNAPSHOT/hadoop-ozone-common-0.5.0-SNAPSHOT.jar:/home/user/.m2/repository/org/apache/commons/commons-compress/1.4.1/commons-compress-1.4.1.jar:/home/user/.m2/repository/org/tukaani/xz/1.0/xz-1.0.jar:/home/user/.m2/repository/org/apache/hadoop/hadoop-common/3.2.0/hadoop-common-3.2.0.jar:/home/user/.m2/repository/org/apache/hadoop/hadoop-hdfs/3.2.0/hadoop-hdfs-3.2.0.jar:/home/user/.m2/repository/org/apache/hadoop/hadoop-hdfs-client/3.2.0/hadoop-hdfs-client-3.2.0.jar:/home/user/.m2/repository/com/fasterxml/jackson/core/jackson-annotations/2.9.5/jackson-annotations-2.9.5.jar:/home/user/.m2/repository/org/apache/hadoop/hadoop-hdds-common/0.5.0-SNAPSHOT/hadoop-hdds-common-0.5.0-SNAPSHOT.jar:/home/user/.m2/repository/javax/annotation/javax.annotation-api/1.2/javax.annotation-api-1.2.jar:/home/user/.m2/repository/org/apache/ratis/ratis-server/0.4.0-78e95b9-SNAPSHOT/ratis-server-0.4.0-78e95b9-SNAPSHOT.jar:/home/user/.m2/repository/org/apache/ratis/ratis-thirdparty-misc/0.2.0/ratis-thirdparty-misc-0.2.0.jar:/home/user/.m2/repository/org/apache/ratis/ratis-proto/0.4.0-78e95b9-SNAPSHOT/ratis-proto-0.4.0-78e95b9-SNAPSHOT.jar:/home/user/.m2/repository/org/apache/ratis/ratis-common/0.4.0-78e95b9-SNAPSHOT/ratis-common-0.4.0-78e95b9-SNAPSHOT.jar:/home/user/.m2/repository/org/apache/ratis/ratis-client/0.4.0-78e95b9-SNAPSHOT/ratis-client-0.4.0-78e95b9-SNAPSHOT.jar:/home/user/.m2/repository/org/apache/ratis/ratis-metrics/0.4.0-78e95b9-SNAPSHOT/ratis-metrics-0.4.0-78e95b9-SNAPSHOT.jar:/home/user/.m2/repository/com/github/joshelser/dropwizard-metrics-hadoop-metrics2-reporter/0.1.2/dropwizard-metrics-hadoop-metrics2-reporter-0.1.2.jar:/home/user/.m2/repository/io/dropwizard/metrics/metrics-jvm/3.2.5/metrics-jvm-3.2.5.jar:/home/user/.m2/repository/io/dropwizard/metrics/metrics-ganglia/3.2.5/metrics-ganglia-3.2.5.jar:/home/user/.m2/repository/info/ganglia/gmetric4j/gmetric4j/1.0.7/gmetric4j-1.0.7.jar:/home/user/.m2/repository/org/apache/ratis/ratis-netty/0.4.0-78e95b9-SNAPSHOT/ratis-netty-0.4.0-78e95b9-SNAPSHOT.jar:/home/user/.m2/repository/org/apache/ratis/ratis-grpc/0.4.0-78e95b9-SNAPSHOT/ratis-grpc-0.4.0-78e95b9-SNAPSHOT.jar:/home/user/.m2/repository/org/rocksdb/rocksdbjni/6.0.1/rocksdbjni-6.0.1.jar:/home/user/.m2/repository/org/apache/logging/log4j/log4j-api/2.11.0/log4j-api-2.11.0.jar:/home/user/.m2/repository/org/apache/logging/log4j/log4j-core/2.11.0/log4j-core-2.11.0.jar:/home/user/.m2/repository/com/lmax/disruptor/3.4.2/disruptor-3.4.2.jar:/home/user/.m2/repository/org/apache/commons/commons-pool2/2.6.0/commons-pool2-2.6.0.jar:/home/user/.m2/repository/org/bouncycastle/bcpkix-jdk15on/1.60/bcpkix-jdk15on-1.60.jar:/home/user/.m2/repository/commons-validator/commons-validator/1.6/commons-validator-1.6.jar:/home/user/.m2/repository/commons-digester/commons-digester/1.8.1/commons-digester-1.8.1.jar:/home/user/.m2/repository/io/jaegertracing/jaeger-client/0.33.1/jaeger-client-0.33.1.jar:/home/user/.m2/repository/io/jaegertracing/jaeger-thrift/0.33.1/jaeger-thrift-0.33.1.jar:/home/user/.m2/repository/org/apache/thrift/libthrift/0.11.0/libthrift-0.11.0.jar:/home/user/.m2/repository/com/squareup/okhttp3/okhttp/3.9.0/okhttp-3.9.0.jar:/home/user/.m2/repository/com/squareup/okio/okio/1.13.0/okio-1.13.0.jar:/home/user/.m2/repository/io/jaegertracing/jaeger-core/0.33.1/jaeger-core-0.33.1.jar:/home/user/.m2/repository/io/jaegertracing/jaeger-tracerresolver/0.33.1/jaeger-tracerresolver-0.33.1.jar:/home/user/.m2/repository/io/opentracing/contrib/opentracing-tracerresolver/0.1.5/opentracing-tracerresolver-0.1.5.jar:/home/user/.m2/repository/io/opentracing/opentracing-util/0.31.0/opentracing-util-0.31.0.jar:/home/user/.m2/repository/io/opentracing/opentracing-api/0.31.0/opentracing-api-0.31.0.jar:/home/user/.m2/repository/io/opentracing/opentracing-noop/0.31.0/opentracing-noop-0.31.0.jar:/home/user/.m2/repository/org/apache/hadoop/hadoop-hdds-server-framework/0.5.0-SNAPSHOT/hadoop-hdds-server-framework-0.5.0-SNAPSHOT.jar:/home/user/.m2/repository/org/apache/hadoop/hadoop-hdds-container-service/0.5.0-SNAPSHOT/hadoop-hdds-container-service-0.5.0-SNAPSHOT.jar:/home/user/.m2/repository/org/apache/hadoop/hadoop-hdds-client/0.5.0-SNAPSHOT/hadoop-hdds-client-0.5.0-SNAPSHOT.jar:/home/user/.m2/repository/org/apache/hadoop/hadoop-hdds-tools/0.5.0-SNAPSHOT/hadoop-hdds-tools-0.5.0-SNAPSHOT.jar:/home/user/.m2/repository/org/apache/hadoop/hadoop-hdds-server-scm/0.5.0-SNAPSHOT/hadoop-hdds-server-scm-0.5.0-SNAPSHOT.jar:/home/user/.m2/repository/org/apache/hadoop/hadoop-hdds-docs/0.5.0-SNAPSHOT/hadoop-hdds-docs-0.5.0-SNAPSHOT.jar:/home/user/.m2/repository/io/dropwizard/metrics/metrics-core/3.2.4/metrics-core-3.2.4.jar:/home/user/.m2/repository/org/hamcrest/hamcrest-all/1.3/hamcrest-all-1.3.jar:/home/user/.m2/repository/org/bouncycastle/bcprov-jdk15on/1.60/bcprov-jdk15on-1.60.jar:/home/user/.m2/repository/info/picocli/picocli/3.9.6/picocli-3.9.6.jar:/home/user/.m2/repository/com/google/protobuf/protobuf-java/2.5.0/protobuf-java-2.5.0.jar:/home/user/.m2/repository/com/google/guava/guava/11.0.2/guava-11.0.2.jar:/home/user/.m2/repository/org/apache/hadoop/hadoop-ozone-ozone-manager/0.5.0-SNAPSHOT/hadoop-ozone-ozone-manager-0.5.0-SNAPSHOT.jar:/home/user/.m2/repository/org/apache/hadoop/hadoop-minikdc/3.2.0/hadoop-minikdc-3.2.0.jar:/home/user/.m2/repository/commons-io/commons-io/2.5/commons-io-2.5.jar:/home/user/.m2/repository/org/apache/kerby/kerb-simplekdc/1.0.1/kerb-simplekdc-1.0.1.jar:/home/user/.m2/repository/org/apache/kerby/kerb-client/1.0.1/kerb-client-1.0.1.jar:/home/user/.m2/repository/org/apache/kerby/kerby-config/1.0.1/kerby-config-1.0.1.jar:/home/user/.m2/repository/org/apache/kerby/kerb-core/1.0.1/kerb-core-1.0.1.jar:/home/user/.m2/repository/org/apache/kerby/kerby-pkix/1.0.1/kerby-pkix-1.0.1.jar:/home/user/.m2/repository/org/apache/kerby/kerby-asn1/1.0.1/kerby-asn1-1.0.1.jar:/home/user/.m2/repository/org/apache/kerby/kerby-util/1.0.1/kerby-util-1.0.1.jar:/home/user/.m2/repository/org/apache/kerby/kerb-common/1.0.1/kerb-common-1.0.1.jar:/home/user/.m2/repository/org/apache/kerby/kerb-crypto/1.0.1/kerb-crypto-1.0.1.jar:/home/user/.m2/repository/org/apache/kerby/kerb-util/1.0.1/kerb-util-1.0.1.jar:/home/user/.m2/repository/org/apache/kerby/token-provider/1.0.1/token-provider-1.0.1.jar:/home/user/.m2/repository/org/apache/kerby/kerb-admin/1.0.1/kerb-admin-1.0.1.jar:/home/user/.m2/repository/org/apache/kerby/kerb-server/1.0.1/kerb-server-1.0.1.jar:/home/user/.m2/repository/org/apache/kerby/kerb-identity/1.0.1/kerb-identity-1.0.1.jar:/home/user/.m2/repository/org/apache/kerby/kerby-xdr/1.0.1/kerby-xdr-1.0.1.jar:/home/user/.m2/repository/org/slf4j/slf4j-log4j12/1.7.25/slf4j-log4j12-1.7.25.jar:/home/user/.m2/repository/org/apache/hadoop/hadoop-ozone-s3gateway/0.5.0-SNAPSHOT/hadoop-ozone-s3gateway-0.5.0-SNAPSHOT.jar:/home/user/.m2/repository/org/jboss/weld/servlet/weld-servlet/2.4.7.Final/weld-servlet-2.4.7.Final.jar:/home/user/.m2/repository/org/glassfish/jersey/containers/jersey-container-servlet-core/2.27/jersey-container-servlet-core-2.27.jar:/home/user/.m2/repository/org/glassfish/hk2/external/javax.inject/2.5.0-b42/javax.inject-2.5.0-b42.jar:/home/user/.m2/repository/org/glassfish/jersey/core/jersey-common/2.27/jersey-common-2.27.jar:/home/user/.m2/repository/org/glassfish/hk2/osgi-resource-locator/1.0.1/osgi-resource-locator-1.0.1.jar:/home/user/.m2/repository/javax/ws/rs/javax.ws.rs-api/2.1/javax.ws.rs-api-2.1.jar:/home/user/.m2/repository/org/glassfish/jersey/ext/cdi/jersey-cdi1x/2.27/jersey-cdi1x-2.27.jar:/home/user/.m2/repository/org/glassfish/jersey/inject/jersey-hk2/2.27/jersey-hk2-2.27.jar:/home/user/.m2/repository/org/glassfish/hk2/hk2-locator/2.5.0-b42/hk2-locator-2.5.0-b42.jar:/home/user/.m2/repository/org/javassist/javassist/3.22.0-CR2/javassist-3.22.0-CR2.jar:/home/user/.m2/repository/org/glassfish/hk2/hk2-api/2.5.0/hk2-api-2.5.0.jar:/home/user/.m2/repository/org/glassfish/hk2/external/jakarta.inject/2.5.0/jakarta.inject-2.5.0.jar:/home/user/.m2/repository/org/glassfish/hk2/hk2-utils/2.5.0/hk2-utils-2.5.0.jar:/home/user/.m2/repository/jakarta/annotation/jakarta.annotation-api/1.3.4/jakarta.annotation-api-1.3.4.jar:/home/user/.m2/repository/org/glassfish/hk2/external/aopalliance-repackaged/2.5.0/aopalliance-repackaged-2.5.0.jar:/home/user/.m2/repository/com/fasterxml/jackson/dataformat/jackson-dataformat-xml/2.9.0/jackson-dataformat-xml-2.9.0.jar:/home/user/.m2/repository/com/fasterxml/jackson/core/jackson-core/2.9.5/jackson-core-2.9.5.jar:/home/user/.m2/repository/com/fasterxml/jackson/module/jackson-module-jaxb-annotations/2.9.5/jackson-module-jaxb-annotations-2.9.5.jar:/home/user/.m2/repository/javax/enterprise/cdi-api/1.2/cdi-api-1.2.jar:/home/user/.m2/repository/javax/el/javax.el-api/3.0.0/javax.el-api-3.0.0.jar:/home/user/.m2/repository/javax/interceptor/javax.interceptor-api/1.2/javax.interceptor-api-1.2.jar:/home/user/.m2/repository/javax/inject/javax.inject/1/javax.inject-1.jar:/home/user/.m2/repository/com/sun/xml/bind/jaxb-impl/2.3.0.1/jaxb-impl-2.3.0.1.jar:/home/user/.m2/repository/com/sun/xml/bind/jaxb-core/2.3.0.1/jaxb-core-2.3.0.1.jar:/home/user/.m2/repository/javax/xml/bind/jaxb-api/2.3.0/jaxb-api-2.3.0.jar:/home/user/.m2/repository/javax/activation/activation/1.1.1/activation-1.1.1.jar:/home/user/.m2/repository/org/apache/hadoop/hadoop-ozone-csi/0.5.0-SNAPSHOT/hadoop-ozone-csi-0.5.0-SNAPSHOT.jar:/home/user/.m2/repository/com/google/protobuf/protobuf-java-util/3.5.1/protobuf-java-util-3.5.1.jar:/home/user/.m2/repository/org/apache/hadoop/hadoop-hdds-config/0.5.0-SNAPSHOT/hadoop-hdds-config-0.5.0-SNAPSHOT.jar:/home/user/.m2/repository/io/grpc/grpc-netty/1.17.1/grpc-netty-1.17.1.jar:/home/user/.m2/repository/io/grpc/grpc-core/1.17.1/grpc-core-1.17.1.jar:/home/user/.m2/repository/io/grpc/grpc-context/1.17.1/grpc-context-1.17.1.jar:/home/user/.m2/repository/com/google/errorprone/error_prone_annotations/2.2.0/error_prone_annotations-2.2.0.jar:/home/user/.m2/repository/org/codehaus/mojo/animal-sniffer-annotations/1.17/animal-sniffer-annotations-1.17.jar:/home/user/.m2/repository/io/opencensus/opencensus-api/0.17.0/opencensus-api-0.17.0.jar:/home/user/.m2/repository/io/opencensus/opencensus-contrib-grpc-metrics/0.17.0/opencensus-contrib-grpc-metrics-0.17.0.jar:/home/user/.m2/repository/io/netty/netty-codec-http2/4.1.30.Final/netty-codec-http2-4.1.30.Final.jar:/home/user/.m2/repository/io/netty/netty-codec-http/4.1.30.Final/netty-codec-http-4.1.30.Final.jar:/home/user/.m2/repository/io/netty/netty-codec/4.1.30.Final/netty-codec-4.1.30.Final.jar:/home/user/.m2/repository/io/netty/netty-handler/4.1.30.Final/netty-handler-4.1.30.Final.jar:/home/user/.m2/repository/io/netty/netty-handler-proxy/4.1.30.Final/netty-handler-proxy-4.1.30.Final.jar:/home/user/.m2/repository/io/netty/netty-codec-socks/4.1.30.Final/netty-codec-socks-4.1.30.Final.jar:/home/user/.m2/repository/io/netty/netty-transport-native-epoll/4.1.30.Final/netty-transport-native-epoll-4.1.30.Final.jar:/home/user/.m2/repository/io/netty/netty-common/4.1.30.Final/netty-common-4.1.30.Final.jar:/home/user/.m2/repository/io/netty/netty-buffer/4.1.30.Final/netty-buffer-4.1.30.Final.jar:/home/user/.m2/repository/io/netty/netty-transport/4.1.30.Final/netty-transport-4.1.30.Final.jar:/home/user/.m2/repository/io/netty/netty-resolver/4.1.30.Final/netty-resolver-4.1.30.Final.jar:/home/user/.m2/repository/io/netty/netty-transport-native-unix-common/4.1.30.Final/netty-transport-native-unix-common-4.1.30.Final.jar:/home/user/.m2/repository/io/grpc/grpc-protobuf/1.17.1/grpc-protobuf-1.17.1.jar:/home/user/.m2/repository/com/google/api/grpc/proto-google-common-protos/1.0.0/proto-google-common-protos-1.0.0.jar:/home/user/.m2/repository/io/grpc/grpc-protobuf-lite/1.17.1/grpc-protobuf-lite-1.17.1.jar:/home/user/.m2/repository/io/grpc/grpc-stub/1.17.1/grpc-stub-1.17.1.jar:/home/user/.m2/repository/org/apache/hadoop/hadoop-ozone-recon/0.5.0-SNAPSHOT/hadoop-ozone-recon-0.5.0-SNAPSHOT.jar:/home/user/.m2/repository/org/apache/hadoop/hadoop-ozone-reconcodegen/0.5.0-SNAPSHOT/hadoop-ozone-reconcodegen-0.5.0-SNAPSHOT.jar:/home/user/.m2/repository/com/google/inject/extensions/guice-multibindings/4.0/guice-multibindings-4.0.jar:/home/user/.m2/repository/com/google/inject/guice/4.0/guice-4.0.jar:/home/user/.m2/repository/aopalliance/aopalliance/1.0/aopalliance-1.0.jar:/home/user/.m2/repository/com/google/inject/extensions/guice-servlet/4.0/guice-servlet-4.0.jar:/home/user/.m2/repository/org/glassfish/jersey/containers/jersey-container-servlet/2.27/jersey-container-servlet-2.27.jar:/home/user/.m2/repository/org/glassfish/hk2/guice-bridge/2.5.0/guice-bridge-2.5.0.jar:/home/user/.m2/repository/org/glassfish/jersey/core/jersey-server/2.27/jersey-server-2.27.jar:/home/user/.m2/repository/org/glassfish/jersey/core/jersey-client/2.27/jersey-client-2.27.jar:/home/user/.m2/repository/org/glassfish/jersey/media/jersey-media-jaxb/2.27/jersey-media-jaxb-2.27.jar:/home/user/.m2/repository/javax/validation/validation-api/1.1.0.Final/validation-api-1.1.0.Final.jar:/home/user/.m2/repository/org/glassfish/jersey/media/jersey-media-json-jackson/2.27/jersey-media-json-jackson-2.27.jar:/home/user/.m2/repository/org/glassfish/jersey/ext/jersey-entity-filtering/2.27/jersey-entity-filtering-2.27.jar:/home/user/.m2/repository/com/google/inject/extensions/guice-assistedinject/4.0/guice-assistedinject-4.0.jar:/home/user/.m2/repository/org/jooq/jooq/3.11.10/jooq-3.11.10.jar:/home/user/.m2/repository/org/jooq/jooq-meta/3.11.10/jooq-meta-3.11.10.jar:/home/user/.m2/repository/org/jooq/jooq-codegen/3.11.10/jooq-codegen-3.11.10.jar:/home/user/.m2/repository/com/jolbox/bonecp/0.8.0.RELEASE/bonecp-0.8.0.RELEASE.jar:/home/user/.m2/repository/org/xerial/sqlite-jdbc/3.25.2/sqlite-jdbc-3.25.2.jar:/home/user/.m2/repository/org/springframework/spring-jdbc/5.1.3.RELEASE/spring-jdbc-5.1.3.RELEASE.jar:/home/user/.m2/repository/org/springframework/spring-beans/5.1.3.RELEASE/spring-beans-5.1.3.RELEASE.jar:/home/user/.m2/repository/org/springframework/spring-core/5.1.3.RELEASE/spring-core-5.1.3.RELEASE.jar:/home/user/.m2/repository/org/springframework/spring-jcl/5.1.3.RELEASE/spring-jcl-5.1.3.RELEASE.jar:/home/user/.m2/repository/org/springframework/spring-tx/5.1.3.RELEASE/spring-tx-5.1.3.RELEASE.jar:/home/user/.m2/repository/org/apache/hadoop/hadoop-ozone-client/0.5.0-SNAPSHOT/hadoop-ozone-client-0.5.0-SNAPSHOT.jar:/home/user/.m2/repository/commons-lang/commons-lang/2.6/commons-lang-2.6.jar:/home/user/.m2/repository/org/apache/hadoop/hadoop-ozone-ozone-manager/0.5.0-SNAPSHOT/hadoop-ozone-ozone-manager-0.5.0-SNAPSHOT-tests.jar:/home/user/.m2/repository/junit/junit/4.11/junit-4.11.jar:/home/user/.m2/repository/org/hamcrest/hamcrest-core/1.3/hamcrest-core-1.3.jar:/home/user/.m2/repository/org/openjdk/jmh/jmh-core/1.19/jmh-core-1.19.jar:/home/user/.m2/repository/net/sf/jopt-simple/jopt-simple/4.6/jopt-simple-4.6.jar:/home/user/.m2/repository/org/apache/commons/commons-math3/3.1.1/commons-math3-3.1.1.jar:/home/user/.m2/repository/org/openjdk/jmh/jmh-generator-annprocess/1.19/jmh-generator-annprocess-1.19.jar:/home/user/.m2/repository/org/mockito/mockito-all/1.8.5/mockito-all-1.8.5.jar:/home/user/.m2/repository/org/apache/hadoop/hadoop-kms/3.2.0/hadoop-kms-3.2.0.jar:/home/user/.m2/repository/org/apache/hadoop/hadoop-auth/3.2.0/hadoop-auth-3.2.0.jar:/home/user/.m2/repository/com/nimbusds/nimbus-jose-jwt/4.41.1/nimbus-jose-jwt-4.41.1.jar:/home/user/.m2/repository/com/github/stephenc/jcip/jcip-annotations/1.0-1/jcip-annotations-1.0-1.jar:/home/user/.m2/repository/net/minidev/json-smart/2.3/json-smart-2.3.jar:/home/user/.m2/repository/net/minidev/accessors-smart/1.2/accessors-smart-1.2.jar:/home/user/.m2/repository/org/ow2/asm/asm/5.0.4/asm-5.0.4.jar:/home/user/.m2/repository/org/apache/curator/curator-framework/2.12.0/curator-framework-2.12.0.jar:/home/user/.m2/repository/com/sun/jersey/jersey-core/1.19/jersey-core-1.19.jar:/home/user/.m2/repository/javax/ws/rs/jsr311-api/1.1.1/jsr311-api-1.1.1.jar:/home/user/.m2/repository/com/sun/jersey/jersey-server/1.19/jersey-server-1.19.jar:/home/user/.m2/repository/javax/servlet/javax.servlet-api/3.1.0/javax.servlet-api-3.1.0.jar:/home/user/.m2/repository/org/eclipse/jetty/jetty-server/9.3.24.v20180605/jetty-server-9.3.24.v20180605.jar:/home/user/.m2/repository/org/eclipse/jetty/jetty-http/9.3.24.v20180605/jetty-http-9.3.24.v20180605.jar:/home/user/.m2/repository/org/eclipse/jetty/jetty-io/9.3.24.v20180605/jetty-io-9.3.24.v20180605.jar:/home/user/.m2/repository/org/eclipse/jetty/jetty-webapp/9.3.24.v20180605/jetty-webapp-9.3.24.v20180605.jar:/home/user/.m2/repository/org/eclipse/jetty/jetty-xml/9.3.24.v20180605/jetty-xml-9.3.24.v20180605.jar:/home/user/.m2/repository/log4j/log4j/1.2.17/log4j-1.2.17.jar:/home/user/.m2/repository/org/slf4j/slf4j-api/1.7.25/slf4j-api-1.7.25.jar:/home/user/.m2/repository/org/slf4j/jul-to-slf4j/1.7.25/jul-to-slf4j-1.7.25.jar:/home/user/.m2/repository/org/eclipse/jetty/jetty-util/9.3.24.v20180605/jetty-util-9.3.24.v20180605.jar:/home/user/.m2/repository/com/fasterxml/jackson/core/jackson-databind/2.9.5/jackson-databind-2.9.5.jar:/home/user/.m2/repository/org/apache/hadoop/hadoop-kms/3.2.0/hadoop-kms-3.2.0-tests.jar:/home/user/.m2/repository/org/apache/hadoop/hadoop-hdds-server-scm/0.5.0-SNAPSHOT/hadoop-hdds-server-scm-0.5.0-SNAPSHOT-tests.jar:/home/user/.m2/repository/org/apache/hadoop/hadoop-hdds-container-service/0.5.0-SNAPSHOT/hadoop-hdds-container-service-0.5.0-SNAPSHOT-tests.jar:/home/user/.m2/repository/org/yaml/snakeyaml/1.16/snakeyaml-1.16.jar:/home/user/.m2/repository/org/apache/hadoop/hadoop-common/3.2.0/hadoop-common-3.2.0-tests.jar:/home/user/.m2/repository/org/apache/hadoop/hadoop-annotations/3.2.0/hadoop-annotations-3.2.0.jar:/usr/lib/jvm/java-1.8-openjdk/jre/../lib/tools.jar:/home/user/.m2/repository/commons-cli/commons-cli/1.2/commons-cli-1.2.jar:/home/user/.m2/repository/org/apache/httpcomponents/httpclient/4.5.2/httpclient-4.5.2.jar:/home/user/.m2/repository/org/apache/httpcomponents/httpcore/4.4.4/httpcore-4.4.4.jar:/home/user/.m2/repository/commons-codec/commons-codec/1.11/commons-codec-1.11.jar:/home/user/.m2/repository/commons-net/commons-net/3.6/commons-net-3.6.jar:/home/user/.m2/repository/commons-collections/commons-collections/3.2.2/commons-collections-3.2.2.jar:/home/user/.m2/repository/org/eclipse/jetty/jetty-servlet/9.3.24.v20180605/jetty-servlet-9.3.24.v20180605.jar:/home/user/.m2/repository/org/eclipse/jetty/jetty-security/9.3.24.v20180605/jetty-security-9.3.24.v20180605.jar:/home/user/.m2/repository/javax/servlet/jsp/jsp-api/2.1/jsp-api-2.1.jar:/home/user/.m2/repository/com/sun/jersey/jersey-servlet/1.19/jersey-servlet-1.19.jar:/home/user/.m2/repository/com/sun/jersey/jersey-json/1.19/jersey-json-1.19.jar:/home/user/.m2/repository/org/codehaus/jettison/jettison/1.1/jettison-1.1.jar:/home/user/.m2/repository/org/codehaus/jackson/jackson-core-asl/1.9.13/jackson-core-asl-1.9.13.jar:/home/user/.m2/repository/org/codehaus/jackson/jackson-mapper-asl/1.9.13/jackson-mapper-asl-1.9.13.jar:/home/user/.m2/repository/org/codehaus/jackson/jackson-jaxrs/1.9.13/jackson-jaxrs-1.9.13.jar:/home/user/.m2/repository/org/codehaus/jackson/jackson-xc/1.9.13/jackson-xc-1.9.13.jar:/home/user/.m2/repository/commons-logging/commons-logging/1.1.3/commons-logging-1.1.3.jar:/home/user/.m2/repository/commons-beanutils/commons-beanutils/1.9.3/commons-beanutils-1.9.3.jar:/home/user/.m2/repository/org/apache/commons/commons-configuration2/2.1.1/commons-configuration2-2.1.1.jar:/home/user/.m2/repository/org/apache/commons/commons-lang3/3.7/commons-lang3-3.7.jar:/home/user/.m2/repository/org/apache/commons/commons-text/1.4/commons-text-1.4.jar:/home/user/.m2/repository/org/apache/avro/avro/1.7.7/avro-1.7.7.jar:/home/user/.m2/repository/com/thoughtworks/paranamer/paranamer/2.3/paranamer-2.3.jar:/home/user/.m2/repository/org/xerial/snappy/snappy-java/1.0.5/snappy-java-1.0.5.jar:/home/user/.m2/repository/com/google/re2j/re2j/1.1/re2j-1.1.jar:/home/user/.m2/repository/com/google/code/gson/gson/2.2.4/gson-2.2.4.jar:/home/user/.m2/repository/com/jcraft/jsch/0.1.54/jsch-0.1.54.jar:/home/user/.m2/repository/org/apache/curator/curator-client/2.12.0/curator-client-2.12.0.jar:/home/user/.m2/repository/org/apache/curator/curator-recipes/2.12.0/curator-recipes-2.12.0.jar:/home/user/.m2/repository/com/google/code/findbugs/jsr305/3.0.0/jsr305-3.0.0.jar:/home/user/.m2/repository/org/apache/htrace/htrace-core4/4.1.0-incubating/htrace-core4-4.1.0-incubating.jar:/home/user/.m2/repository/org/apache/zookeeper/zookeeper/3.4.13/zookeeper-3.4.13.jar:/home/user/.m2/repository/org/apache/yetus/audience-annotations/0.5.0/audience-annotations-0.5.0.jar:/home/user/.m2/repository/org/codehaus/woodstox/stax2-api/3.1.4/stax2-api-3.1.4.jar:/home/user/.m2/repository/com/fasterxml/woodstox/woodstox-core/5.0.3/woodstox-core-5.0.3.jar:/home/user/.m2/repository/dnsjava/dnsjava/2.1.7/dnsjava-2.1.7.jar:/home/user/.m2/repository/org/apache/hadoop/hadoop-hdfs/3.2.0/hadoop-hdfs-3.2.0-tests.jar:/home/user/.m2/repository/org/eclipse/jetty/jetty-util-ajax/9.3.24.v20180605/jetty-util-ajax-9.3.24.v20180605.jar:/home/user/.m2/repository/commons-daemon/commons-daemon/1.0.13/commons-daemon-1.0.13.jar:/home/user/.m2/repository/io/netty/netty/3.10.5.Final/netty-3.10.5.Final.jar:/home/user/.m2/repository/io/netty/netty-all/4.0.52.Final/netty-all-4.0.52.Final.jar:/home/user/.m2/repository/org/fusesource/leveldbjni/leveldbjni-all/1.8/leveldbjni-all-1.8.jar:"/>
    <property name="sun.cpu.endian" value="little"/>
    <property name="user.home" value="/home/user"/>
    <property name="user.language" value="en"/>
    <property name="java.specification.vendor" value="Oracle Corporation"/>
    <property name="java.home" value="/usr/lib/jvm/java-1.8-openjdk/jre"/>
    <property name="java.security.krb5.conf" value="/workdir/hadoop-ozone/integration-test/target/test-classes/krb5.conf"/>
    <property name="basedir" value="/workdir/hadoop-ozone/integration-test"/>
    <property name="file.separator" value="/"/>
    <property name="line.separator" value="&#10;"/>
    <property name="java.vm.specification.vendor" value="Oracle Corporation"/>
    <property name="java.specification.name" value="Java Platform API Specification"/>
    <property name="java.awt.graphicsenv" value="sun.awt.X11GraphicsEnvironment"/>
    <property name="surefire.real.class.path" value="/workdir/hadoop-ozone/integration-test/target/surefire/surefirebooter7556542730523335361.jar"/>
    <property name="hadoop.log.dir" value="/workdir/hadoop-ozone/integration-test/target/log"/>
    <property name="sun.boot.class.path" value="/usr/lib/jvm/java-1.8-openjdk/jre/lib/resources.jar:/usr/lib/jvm/java-1.8-openjdk/jre/lib/rt.jar:/usr/lib/jvm/java-1.8-openjdk/jre/lib/sunrsasign.jar:/usr/lib/jvm/java-1.8-openjdk/jre/lib/jsse.jar:/usr/lib/jvm/java-1.8-openjdk/jre/lib/jce.jar:/usr/lib/jvm/java-1.8-openjdk/jre/lib/charsets.jar:/usr/lib/jvm/java-1.8-openjdk/jre/lib/jfr.jar:/usr/lib/jvm/java-1.8-openjdk/jre/classes"/>
    <property name="sun.management.compiler" value="HotSpot 64-Bit Tiered Compilers"/>
    <property name="java.runtime.version" value="1.8.0_212-b04"/>
    <property name="java.net.preferIPv4Stack" value="true"/>
    <property name="user.name" value="jenkins1000"/>
    <property name="path.separator" value=":"/>
    <property name="java.security.egd" value="file:///dev/urandom"/>
    <property name="os.version" value="3.10.0-957.12.2.el7.x86_64"/>
    <property name="java.endorsed.dirs" value="/usr/lib/jvm/java-1.8-openjdk/jre/lib/endorsed"/>
    <property name="java.runtime.name" value="OpenJDK Runtime Environment"/>
    <property name="file.encoding" value="UTF-8"/>
    <property name="java.vm.name" value="OpenJDK 64-Bit Server VM"/>
    <property name="test.build.webapps" value=""/>
    <property name="localRepository" value="/home/user/.m2/repository"/>
    <property name="java.vendor.url.bug" value="https://icedtea.classpath.org/bugzilla"/>
    <property name="java.io.tmpdir" value="/tmp"/>
    <property name="require.test.libhadoop" value=""/>
    <property name="java.version" value="1.8.0_212"/>
    <property name="user.dir" value="/workdir/hadoop-ozone/integration-test"/>
    <property name="os.arch" value="amd64"/>
    <property name="java.vm.specification.name" value="Java Virtual Machine Specification"/>
    <property name="test.build.classes" value="/workdir/hadoop-ozone/integration-test/target/test-classes"/>
    <property name="java.awt.printerjob" value="sun.print.PSPrinterJob"/>
    <property name="sun.os.patch.level" value="unknown"/>
    <property name="hadoop.tmp.dir" value="/workdir/hadoop-ozone/integration-test/target/tmp"/>
    <property name="java.library.path" value="/usr/lib/jvm/java-1.8-openjdk/jre/lib/amd64/server:/usr/lib/jvm/java-1.8-openjdk/jre/lib/amd64:/usr/lib/jvm/java-1.8-openjdk/jre/../lib/amd64:/workdir/hadoop-ozone/integration-test/target/native/target/usr/local/lib:/workdir/hadoop-ozone/integration-test/../../hadoop-common-project/hadoop-common/target/native/target/usr/local/lib:/usr/java/packages/lib/amd64:/usr/lib64:/lib64:/lib:/usr/lib"/>
    <property name="java.vm.info" value="mixed mode"/>
    <property name="java.vendor" value="IcedTea"/>
    <property name="java.vm.version" value="25.212-b04"/>
    <property name="java.ext.dirs" value="/usr/lib/jvm/java-1.8-openjdk/jre/lib/ext:/usr/java/packages/lib/ext"/>
    <property name="sun.io.unicode.encoding" value="UnicodeLittle"/>
    <property name="java.class.version" value="52.0"/>
  </properties>
  <testcase name="testContainerReplication" classname="org.apache.hadoop.ozone.client.rpc.TestContainerReplicationEndToEnd" time="5.296">
    <error message="Failed to update container state #1, reason: invalid state transition from state: CLOSING upon event: FINALIZE." type="org.apache.hadoop.hdds.scm.exceptions.SCMException">org.apache.hadoop.hdds.scm.exceptions.SCMException: Failed to update container state #1, reason: invalid state transition from state: CLOSING upon event: FINALIZE.
	at org.apache.hadoop.hdds.scm.container.ContainerStateManager.updateContainerState(ContainerStateManager.java:336)
	at org.apache.hadoop.hdds.scm.container.SCMContainerManager.updateContainerState(SCMContainerManager.java:312)
	at org.apache.hadoop.ozone.client.rpc.TestContainerReplicationEndToEnd.testContainerReplication(TestContainerReplicationEndToEnd.java:159)
	at sun.reflect.NativeMethodAccessorImpl.invoke0(Native Method)
	at sun.reflect.NativeMethodAccessorImpl.invoke(NativeMethodAccessorImpl.java:62)
	at sun.reflect.DelegatingMethodAccessorImpl.invoke(DelegatingMethodAccessorImpl.java:43)
	at java.lang.reflect.Method.invoke(Method.java:498)
	at org.junit.runners.model.FrameworkMethod$1.runReflectiveCall(FrameworkMethod.java:47)
	at org.junit.internal.runners.model.ReflectiveCallable.run(ReflectiveCallable.java:12)
	at org.junit.runners.model.FrameworkMethod.invokeExplosively(FrameworkMethod.java:44)
	at org.junit.internal.runners.statements.InvokeMethod.evaluate(InvokeMethod.java:17)
	at org.junit.runners.ParentRunner.runLeaf(ParentRunner.java:271)
	at org.junit.runners.BlockJUnit4ClassRunner.runChild(BlockJUnit4ClassRunner.java:70)
	at org.junit.runners.BlockJUnit4ClassRunner.runChild(BlockJUnit4ClassRunner.java:50)
	at org.junit.runners.ParentRunner$3.run(ParentRunner.java:238)
	at org.junit.runners.ParentRunner$1.schedule(ParentRunner.java:63)
	at org.junit.runners.ParentRunner.runChildren(ParentRunner.java:236)
	at org.junit.runners.ParentRunner.access$000(ParentRunner.java:53)
	at org.junit.runners.ParentRunner$2.evaluate(ParentRunner.java:229)
	at org.junit.internal.runners.statements.RunBefores.evaluate(RunBefores.java:26)
	at org.junit.internal.runners.statements.RunAfters.evaluate(RunAfters.java:27)
	at org.junit.runners.ParentRunner.run(ParentRunner.java:309)
	at org.apache.maven.surefire.junit4.JUnit4Provider.execute(JUnit4Provider.java:365)
	at org.apache.maven.surefire.junit4.JUnit4Provider.executeWithRerun(JUnit4Provider.java:273)
	at org.apache.maven.surefire.junit4.JUnit4Provider.executeTestSet(JUnit4Provider.java:238)
	at org.apache.maven.surefire.junit4.JUnit4Provider.invoke(JUnit4Provider.java:159)
	at org.apache.maven.surefire.booter.ForkedBooter.invokeProviderInSameClassLoader(ForkedBooter.java:384)
	at org.apache.maven.surefire.booter.ForkedBooter.runSuitesInProcess(ForkedBooter.java:345)
	at org.apache.maven.surefire.booter.ForkedBooter.execute(ForkedBooter.java:126)
	at org.apache.maven.surefire.booter.ForkedBooter.main(ForkedBooter.java:418)
</error>
    <system-out><![CDATA[2019-09-17 06:23:04,792 [main] WARN  server.ServerUtils (ServerUtils.java:getScmDbDir(145)) - ozone.scm.db.dirs is not configured. We recommend adding this setting. Falling back to ozone.metadata.dirs instead.
2019-09-17 06:23:04,929 [main] WARN  server.ServerUtils (ServerUtils.java:getScmDbDir(145)) - ozone.scm.db.dirs is not configured. We recommend adding this setting. Falling back to ozone.metadata.dirs instead.
2019-09-17 06:23:04,933 [main] WARN  server.ServerUtils (ServerUtils.java:getScmDbDir(145)) - ozone.scm.db.dirs is not configured. We recommend adding this setting. Falling back to ozone.metadata.dirs instead.
2019-09-17 06:23:04,957 [main] INFO  util.log (Log.java:initialized(192)) - Logging initialized @893ms
2019-09-17 06:23:05,068 [main] INFO  db.DBStoreBuilder (DBStoreBuilder.java:addTable(110)) - using custom profile for table: deletedBlocks
2019-09-17 06:23:05,069 [main] INFO  db.DBStoreBuilder (DBStoreBuilder.java:processTables(161)) - Using default column profile:DBProfile.DISK for Table:deletedBlocks
2019-09-17 06:23:05,069 [main] INFO  db.DBStoreBuilder (DBStoreBuilder.java:addTable(110)) - using custom profile for table: validCerts
2019-09-17 06:23:05,070 [main] INFO  db.DBStoreBuilder (DBStoreBuilder.java:processTables(161)) - Using default column profile:DBProfile.DISK for Table:validCerts
2019-09-17 06:23:05,071 [main] INFO  db.DBStoreBuilder (DBStoreBuilder.java:addTable(110)) - using custom profile for table: revokedCerts
2019-09-17 06:23:05,071 [main] INFO  db.DBStoreBuilder (DBStoreBuilder.java:processTables(161)) - Using default column profile:DBProfile.DISK for Table:revokedCerts
2019-09-17 06:23:05,092 [main] INFO  db.DBStoreBuilder (DBStoreBuilder.java:addTable(110)) - using custom profile for table: default
2019-09-17 06:23:05,093 [main] INFO  db.DBStoreBuilder (DBStoreBuilder.java:processTables(167)) - Using default column profile:DBProfile.DISK for Table:default
2019-09-17 06:23:05,095 [main] INFO  db.DBStoreBuilder (DBStoreBuilder.java:getDbProfile(198)) - Using default options. DBProfile.DISK
2019-09-17 06:23:05,436 [main] INFO  net.NodeSchemaLoader (NodeSchemaLoader.java:loadSchemaFromFile(125)) - Loading file from sun.misc.CompoundEnumeration@77888435
2019-09-17 06:23:05,439 [main] INFO  net.NodeSchemaLoader (NodeSchemaLoader.java:loadSchema(171)) - Loading network topology layer schema file
2019-09-17 06:23:05,544 [main] INFO  node.SCMNodeManager (SCMNodeManager.java:<init>(114)) - Entering startup safe mode.
2019-09-17 06:23:05,619 [main] INFO  algorithms.ContainerPlacementPolicyFactory (ContainerPlacementPolicyFactory.java:getPolicy(57)) - Create container placement policy of type org.apache.hadoop.hdds.scm.container.placement.algorithms.SCMContainerPlacementRandom
2019-09-17 06:23:05,632 [main] WARN  server.ServerUtils (ServerUtils.java:getScmDbDir(145)) - ozone.scm.db.dirs is not configured. We recommend adding this setting. Falling back to ozone.metadata.dirs instead.
2019-09-17 06:23:05,724 [main] INFO  pipeline.SCMPipelineManager (SCMPipelineManager.java:initializePipelineState(128)) - No pipeline exists in current db
2019-09-17 06:23:05,728 [main] WARN  server.ServerUtils (ServerUtils.java:getScmDbDir(145)) - ozone.scm.db.dirs is not configured. We recommend adding this setting. Falling back to ozone.metadata.dirs instead.
2019-09-17 06:23:05,813 [main] INFO  Configuration.deprecation (Configuration.java:logDeprecation(1394)) - No unit for hdds.scm.replication.thread.interval(2000) assuming MILLISECONDS
2019-09-17 06:23:05,839 [main] WARN  events.EventQueue (EventQueue.java:fireEvent(183)) - No event handler registered for event TypedEvent{payloadType=SafeModeStatus, name='SafeModeStatus'}
2019-09-17 06:23:06,212 [main] INFO  ipc.CallQueueManager (CallQueueManager.java:<init>(84)) - Using callQueue: class java.util.concurrent.LinkedBlockingQueue, queueCapacity: 2000, scheduler: class org.apache.hadoop.ipc.DefaultRpcScheduler, ipcBackoff: false.
2019-09-17 06:23:06,245 [Socket Reader #1 for port 44834] INFO  ipc.Server (Server.java:run(1074)) - Starting Socket Reader #1 for port 44834
2019-09-17 06:23:06,399 [main] INFO  ipc.CallQueueManager (CallQueueManager.java:<init>(84)) - Using callQueue: class java.util.concurrent.LinkedBlockingQueue, queueCapacity: 2000, scheduler: class org.apache.hadoop.ipc.DefaultRpcScheduler, ipcBackoff: false.
2019-09-17 06:23:06,400 [Socket Reader #1 for port 37065] INFO  ipc.Server (Server.java:run(1074)) - Starting Socket Reader #1 for port 37065
2019-09-17 06:23:06,412 [main] INFO  ipc.CallQueueManager (CallQueueManager.java:<init>(84)) - Using callQueue: class java.util.concurrent.LinkedBlockingQueue, queueCapacity: 2000, scheduler: class org.apache.hadoop.ipc.DefaultRpcScheduler, ipcBackoff: false.
2019-09-17 06:23:06,413 [Socket Reader #1 for port 33775] INFO  ipc.Server (Server.java:run(1074)) - Starting Socket Reader #1 for port 33775
2019-09-17 06:23:06,441 [main] INFO  hdfs.DFSUtil (DFSUtil.java:httpServerTemplateForNNAndJN(1641)) - Starting Web-server for scm at: http://0.0.0.0:0
2019-09-17 06:23:06,621 [main] INFO  server.AuthenticationFilter (AuthenticationFilter.java:constructSecretProvider(240)) - Unable to initialize FileSignerSecretProvider, falling back to use random secrets.
2019-09-17 06:23:06,630 [main] WARN  http.HttpRequestLog (HttpRequestLog.java:getRequestLog(97)) - Jetty request log can only be enabled using Log4j
2019-09-17 06:23:06,638 [main] INFO  http.HttpServer2 (HttpServer2.java:addGlobalFilter(975)) - Added global filter 'safety' (class=org.apache.hadoop.http.HttpServer2$QuotingInputFilter)
2019-09-17 06:23:06,641 [main] INFO  http.HttpServer2 (HttpServer2.java:addFilter(948)) - Added filter static_user_filter (class=org.apache.hadoop.http.lib.StaticUserWebFilter$StaticUserFilter) to context scm
2019-09-17 06:23:06,641 [main] INFO  http.HttpServer2 (HttpServer2.java:addFilter(958)) - Added filter static_user_filter (class=org.apache.hadoop.http.lib.StaticUserWebFilter$StaticUserFilter) to context static
2019-09-17 06:23:06,642 [main] INFO  http.HttpServer2 (HttpServer2.java:addFilter(958)) - Added filter static_user_filter (class=org.apache.hadoop.http.lib.StaticUserWebFilter$StaticUserFilter) to context logs
2019-09-17 06:23:06,676 [main] INFO  server.StorageContainerManager (StorageContainerManager.java:start(763)) - StorageContainerLocationProtocol RPC server is listening at /0.0.0.0:33775
2019-09-17 06:23:06,755 [main] WARN  impl.MetricsConfig (MetricsConfig.java:loadFirst(134)) - Cannot locate configuration: tried hadoop-metrics2-storagecontainermanager.properties,hadoop-metrics2.properties
2019-09-17 06:23:06,770 [main] INFO  impl.MetricsSystemImpl (MetricsSystemImpl.java:startTimer(374)) - Scheduled Metric snapshot period at 10 second(s).
2019-09-17 06:23:06,771 [main] INFO  impl.MetricsSystemImpl (MetricsSystemImpl.java:start(191)) - StorageContainerManager metrics system started
2019-09-17 06:23:07,011 [main] INFO  server.SCMClientProtocolServer (SCMClientProtocolServer.java:start(151)) - RPC server for Client  is listening at /0.0.0.0:33775
2019-09-17 06:23:07,012 [IPC Server Responder] INFO  ipc.Server (Server.java:run(1314)) - IPC Server Responder: starting
2019-09-17 06:23:07,012 [IPC Server listener on 33775] INFO  ipc.Server (Server.java:run(1153)) - IPC Server listener on 33775: starting
2019-09-17 06:23:07,016 [main] INFO  server.StorageContainerManager (StorageContainerManager.java:start(773)) - ScmBlockLocationProtocol RPC server is listening at /0.0.0.0:37065
2019-09-17 06:23:07,018 [main] INFO  server.SCMBlockProtocolServer (SCMBlockProtocolServer.java:start(146)) - RPC server for Block Protocol is listening at /0.0.0.0:37065
2019-09-17 06:23:07,018 [IPC Server Responder] INFO  ipc.Server (Server.java:run(1314)) - IPC Server Responder: starting
2019-09-17 06:23:07,018 [IPC Server listener on 37065] INFO  ipc.Server (Server.java:run(1153)) - IPC Server listener on 37065: starting
2019-09-17 06:23:07,022 [main] INFO  server.StorageContainerManager (StorageContainerManager.java:start(777)) - ScmDatanodeProtocl RPC server is listening at /0.0.0.0:44834
2019-09-17 06:23:07,022 [main] INFO  server.SCMDatanodeProtocolServer (SCMDatanodeProtocolServer.java:start(191)) - RPC server for DataNodes is listening at /0.0.0.0:44834
2019-09-17 06:23:07,022 [IPC Server Responder] INFO  ipc.Server (Server.java:run(1314)) - IPC Server Responder: starting
2019-09-17 06:23:07,023 [IPC Server listener on 44834] INFO  ipc.Server (Server.java:run(1153)) - IPC Server listener on 44834: starting
2019-09-17 06:23:07,028 [main] INFO  http.HttpServer2 (HttpServer2.java:bindListener(1191)) - Jetty bound to port 41564
2019-09-17 06:23:07,030 [main] INFO  server.Server (Server.java:doStart(351)) - jetty-9.3.24.v20180605, build timestamp: 2018-06-05T17:11:56Z, git hash: 84205aa28f11a4f31f2a3b86d1bba2cc8ab69827
2019-09-17 06:23:07,073 [main] INFO  handler.ContextHandler (ContextHandler.java:doStart(781)) - Started o.e.j.s.ServletContextHandler@6622fc65{/logs,file:///workdir/hadoop-ozone/integration-test/target/log,AVAILABLE}
2019-09-17 06:23:07,074 [main] INFO  handler.ContextHandler (ContextHandler.java:doStart(781)) - Started o.e.j.s.ServletContextHandler@23fb172e{/static,file:///workdir/hadoop-ozone/integration-test/target/test-classes/webapps/static,AVAILABLE}
2019-09-17 06:23:07,109 [main] INFO  handler.ContextHandler (ContextHandler.java:doStart(781)) - Started o.e.j.w.WebAppContext@3591009c{/,file:///workdir/hadoop-ozone/integration-test/target/test-classes/webapps/scm/,AVAILABLE}{/scm}
2019-09-17 06:23:07,115 [main] INFO  server.AbstractConnector (AbstractConnector.java:doStart(278)) - Started ServerConnector@2de366bb{HTTP/1.1,[http/1.1]}{0.0.0.0:41564}
2019-09-17 06:23:07,115 [main] INFO  server.Server (Server.java:doStart(419)) - Started @3052ms
2019-09-17 06:23:07,117 [main] INFO  impl.MetricsSinkAdapter (MetricsSinkAdapter.java:start(204)) - Sink prometheus started
2019-09-17 06:23:07,117 [main] INFO  impl.MetricsSystemImpl (MetricsSystemImpl.java:registerSink(301)) - Registered sink prometheus
2019-09-17 06:23:07,119 [main] INFO  server.BaseHttpServer (BaseHttpServer.java:updateConnectorAddress(215)) - HTTP server of SCM is listening at http://0.0.0.0:41564
2019-09-17 06:23:07,124 [org.apache.hadoop.util.JvmPauseMonitor$Monitor@64f857e7] INFO  util.JvmPauseMonitor (JvmPauseMonitor.java:run(188)) - Starting JVM pause monitor
2019-09-17 06:23:07,127 [main] WARN  server.ServerUtils (ServerUtils.java:getDBPath(222)) - ozone.om.db.dirs is not configured. We recommend adding this setting. Falling back to ozone.metadata.dirs instead.
2019-09-17 06:23:07,246 [main] WARN  server.ServerUtils (ServerUtils.java:getDBPath(222)) - ozone.om.db.dirs is not configured. We recommend adding this setting. Falling back to ozone.metadata.dirs instead.
2019-09-17 06:23:07,246 [main] WARN  server.ServerUtils (ServerUtils.java:getDBPath(222)) - ozone.om.db.dirs is not configured. We recommend adding this setting. Falling back to ozone.metadata.dirs instead.
2019-09-17 06:23:07,247 [main] INFO  om.OzoneManager (OzoneManager.java:setOMNodeDetails(649)) - OM Service ID is not set. Setting it to the default ID: omServiceIdDefault
2019-09-17 06:23:07,248 [main] INFO  om.OzoneManager (OzoneManager.java:setOMNodeDetails(655)) - OM Node ID is not set. Setting it to the OmStorage's OmID: 7f6f8d21-2daa-42ab-9cb6-429da7a7786c
2019-09-17 06:23:07,249 [main] INFO  om.OzoneManager (OzoneManager.java:loadOMHAConfigs(606)) - Found matching OM address with OMServiceId: null, OMNodeId: null, RPC Address: localhost:0 and Ratis port: 9872
2019-09-17 06:23:08,034 [main] WARN  server.ServerUtils (ServerUtils.java:getDBPath(222)) - ozone.om.db.dirs is not configured. We recommend adding this setting. Falling back to ozone.metadata.dirs instead.
2019-09-17 06:23:08,042 [main] INFO  db.DBStoreBuilder (DBStoreBuilder.java:addTable(110)) - using custom profile for table: userTable
2019-09-17 06:23:08,042 [main] INFO  db.DBStoreBuilder (DBStoreBuilder.java:processTables(161)) - Using default column profile:DBProfile.DISK for Table:userTable
2019-09-17 06:23:08,042 [main] INFO  db.DBStoreBuilder (DBStoreBuilder.java:addTable(110)) - using custom profile for table: volumeTable
2019-09-17 06:23:08,042 [main] INFO  db.DBStoreBuilder (DBStoreBuilder.java:processTables(161)) - Using default column profile:DBProfile.DISK for Table:volumeTable
2019-09-17 06:23:08,043 [main] INFO  db.DBStoreBuilder (DBStoreBuilder.java:addTable(110)) - using custom profile for table: bucketTable
2019-09-17 06:23:08,043 [main] INFO  db.DBStoreBuilder (DBStoreBuilder.java:processTables(161)) - Using default column profile:DBProfile.DISK for Table:bucketTable
2019-09-17 06:23:08,043 [main] INFO  db.DBStoreBuilder (DBStoreBuilder.java:addTable(110)) - using custom profile for table: keyTable
2019-09-17 06:23:08,043 [main] INFO  db.DBStoreBuilder (DBStoreBuilder.java:processTables(161)) - Using default column profile:DBProfile.DISK for Table:keyTable
2019-09-17 06:23:08,044 [main] INFO  db.DBStoreBuilder (DBStoreBuilder.java:addTable(110)) - using custom profile for table: deletedTable
2019-09-17 06:23:08,044 [main] INFO  db.DBStoreBuilder (DBStoreBuilder.java:processTables(161)) - Using default column profile:DBProfile.DISK for Table:deletedTable
2019-09-17 06:23:08,044 [main] INFO  db.DBStoreBuilder (DBStoreBuilder.java:addTable(110)) - using custom profile for table: openKeyTable
2019-09-17 06:23:08,044 [main] INFO  db.DBStoreBuilder (DBStoreBuilder.java:processTables(161)) - Using default column profile:DBProfile.DISK for Table:openKeyTable
2019-09-17 06:23:08,045 [main] INFO  db.DBStoreBuilder (DBStoreBuilder.java:addTable(110)) - using custom profile for table: s3Table
2019-09-17 06:23:08,045 [main] INFO  db.DBStoreBuilder (DBStoreBuilder.java:processTables(161)) - Using default column profile:DBProfile.DISK for Table:s3Table
2019-09-17 06:23:08,045 [main] INFO  db.DBStoreBuilder (DBStoreBuilder.java:addTable(110)) - using custom profile for table: multipartInfoTable
2019-09-17 06:23:08,045 [main] INFO  db.DBStoreBuilder (DBStoreBuilder.java:processTables(161)) - Using default column profile:DBProfile.DISK for Table:multipartInfoTable
2019-09-17 06:23:08,046 [main] INFO  db.DBStoreBuilder (DBStoreBuilder.java:addTable(110)) - using custom profile for table: dTokenTable
2019-09-17 06:23:08,046 [main] INFO  db.DBStoreBuilder (DBStoreBuilder.java:processTables(161)) - Using default column profile:DBProfile.DISK for Table:dTokenTable
2019-09-17 06:23:08,046 [main] INFO  db.DBStoreBuilder (DBStoreBuilder.java:addTable(110)) - using custom profile for table: s3SecretTable
2019-09-17 06:23:08,046 [main] INFO  db.DBStoreBuilder (DBStoreBuilder.java:processTables(161)) - Using default column profile:DBProfile.DISK for Table:s3SecretTable
2019-09-17 06:23:08,047 [main] INFO  db.DBStoreBuilder (DBStoreBuilder.java:addTable(110)) - using custom profile for table: prefixTable
2019-09-17 06:23:08,047 [main] INFO  db.DBStoreBuilder (DBStoreBuilder.java:processTables(161)) - Using default column profile:DBProfile.DISK for Table:prefixTable
2019-09-17 06:23:08,047 [main] INFO  db.DBStoreBuilder (DBStoreBuilder.java:addTable(110)) - using custom profile for table: default
2019-09-17 06:23:08,047 [main] INFO  db.DBStoreBuilder (DBStoreBuilder.java:processTables(167)) - Using default column profile:DBProfile.DISK for Table:default
2019-09-17 06:23:08,048 [main] INFO  db.DBStoreBuilder (DBStoreBuilder.java:getDbProfile(198)) - Using default options. DBProfile.DISK
2019-09-17 06:23:08,702 [main] INFO  ipc.CallQueueManager (CallQueueManager.java:<init>(84)) - Using callQueue: class java.util.concurrent.LinkedBlockingQueue, queueCapacity: 2000, scheduler: class org.apache.hadoop.ipc.DefaultRpcScheduler, ipcBackoff: false.
2019-09-17 06:23:08,703 [Socket Reader #1 for port 44312] INFO  ipc.Server (Server.java:run(1074)) - Starting Socket Reader #1 for port 44312
2019-09-17 06:23:08,729 [main] INFO  om.OzoneManager (OzoneManager.java:start(1240)) - OzoneManager RPC server is listening at localhost/127.0.0.1:44312
2019-09-17 06:23:08,729 [main] INFO  impl.MetricsSystemImpl (MetricsSystemImpl.java:init(158)) - OzoneManager metrics system started (again)
2019-09-17 06:23:08,730 [IPC Server Responder] INFO  ipc.Server (Server.java:run(1314)) - IPC Server Responder: starting
2019-09-17 06:23:08,731 [IPC Server listener on 44312] INFO  ipc.Server (Server.java:run(1153)) - IPC Server listener on 44312: starting
2019-09-17 06:23:08,737 [main] INFO  hdfs.DFSUtil (DFSUtil.java:httpServerTemplateForNNAndJN(1641)) - Starting Web-server for ozoneManager at: http://0.0.0.0:0
2019-09-17 06:23:08,740 [main] INFO  server.AuthenticationFilter (AuthenticationFilter.java:constructSecretProvider(240)) - Unable to initialize FileSignerSecretProvider, falling back to use random secrets.
2019-09-17 06:23:08,740 [main] WARN  http.HttpRequestLog (HttpRequestLog.java:getRequestLog(97)) - Jetty request log can only be enabled using Log4j
2019-09-17 06:23:08,744 [main] INFO  http.HttpServer2 (HttpServer2.java:addGlobalFilter(975)) - Added global filter 'safety' (class=org.apache.hadoop.http.HttpServer2$QuotingInputFilter)
2019-09-17 06:23:08,746 [main] INFO  http.HttpServer2 (HttpServer2.java:addFilter(948)) - Added filter static_user_filter (class=org.apache.hadoop.http.lib.StaticUserWebFilter$StaticUserFilter) to context ozoneManager
2019-09-17 06:23:08,746 [main] INFO  http.HttpServer2 (HttpServer2.java:addFilter(958)) - Added filter static_user_filter (class=org.apache.hadoop.http.lib.StaticUserWebFilter$StaticUserFilter) to context static
2019-09-17 06:23:08,747 [main] INFO  http.HttpServer2 (HttpServer2.java:addFilter(958)) - Added filter static_user_filter (class=org.apache.hadoop.http.lib.StaticUserWebFilter$StaticUserFilter) to context logs
2019-09-17 06:23:08,750 [main] INFO  http.HttpServer2 (HttpServer2.java:bindListener(1191)) - Jetty bound to port 43865
2019-09-17 06:23:08,751 [main] INFO  server.Server (Server.java:doStart(351)) - jetty-9.3.24.v20180605, build timestamp: 2018-06-05T17:11:56Z, git hash: 84205aa28f11a4f31f2a3b86d1bba2cc8ab69827
2019-09-17 06:23:08,754 [main] INFO  handler.ContextHandler (ContextHandler.java:doStart(781)) - Started o.e.j.s.ServletContextHandler@2571066a{/logs,file:///workdir/hadoop-ozone/integration-test/target/log,AVAILABLE}
2019-09-17 06:23:08,755 [main] INFO  handler.ContextHandler (ContextHandler.java:doStart(781)) - Started o.e.j.s.ServletContextHandler@4fe875be{/static,file:///workdir/hadoop-ozone/integration-test/target/test-classes/webapps/static,AVAILABLE}
2019-09-17 06:23:08,763 [main] INFO  handler.ContextHandler (ContextHandler.java:doStart(781)) - Started o.e.j.w.WebAppContext@773c0293{/,file:///workdir/hadoop-ozone/integration-test/target/test-classes/webapps/ozoneManager/,AVAILABLE}{/ozoneManager}
2019-09-17 06:23:08,764 [main] INFO  server.AbstractConnector (AbstractConnector.java:doStart(278)) - Started ServerConnector@55b8dbda{HTTP/1.1,[http/1.1]}{0.0.0.0:43865}
2019-09-17 06:23:08,765 [main] INFO  server.Server (Server.java:doStart(419)) - Started @4701ms
2019-09-17 06:23:08,765 [main] WARN  impl.MetricsSystemImpl (MetricsSystemImpl.java:register(276)) - Sink prometheus already exists!
2019-09-17 06:23:08,766 [main] INFO  server.BaseHttpServer (BaseHttpServer.java:updateConnectorAddress(215)) - HTTP server of OZONEMANAGER is listening at http://0.0.0.0:43865
2019-09-17 06:23:09,158 [main] INFO  impl.MetricsSystemImpl (MetricsSystemImpl.java:init(158)) - HddsDatanode metrics system started (again)
2019-09-17 06:23:09,242 [main] INFO  ozone.HddsDatanodeService (HddsDatanodeService.java:start(184)) - HddsDatanodeService host:trunk-nightly-20190917-29l5j-2509219610 ip:192.168.69.122
2019-09-17 06:23:09,282 [main] INFO  volume.HddsVolume (HddsVolume.java:<init>(176)) - Creating Volume: /workdir/hadoop-ozone/integration-test/target/test-dir/MiniOzoneClusterImpl-73769ce3-3186-4052-8109-183e096b0a7f/datanode-0/data/containers/hdds of  storage type : DISK and capacity : 1482555576320
2019-09-17 06:23:09,284 [main] INFO  volume.VolumeSet (VolumeSet.java:initializeVolumeSet(170)) - Added Volume : /workdir/hadoop-ozone/integration-test/target/test-dir/MiniOzoneClusterImpl-73769ce3-3186-4052-8109-183e096b0a7f/datanode-0/data/containers/hdds to VolumeSet
2019-09-17 06:23:09,288 [main] INFO  volume.ThrottledAsyncChecker (ThrottledAsyncChecker.java:schedule(139)) - Scheduling a check for org.apache.hadoop.ozone.container.common.volume.HddsVolume@5c82cd4f
2019-09-17 06:23:09,306 [main] INFO  volume.HddsVolumeChecker (HddsVolumeChecker.java:checkAllVolumes(202)) - Scheduled health check for volume org.apache.hadoop.ozone.container.common.volume.HddsVolume@5c82cd4f
2019-09-17 06:23:09,418 [main] INFO  impl.RaftServerProxy (ConfUtils.java:logGet(43)) - raft.rpc.type = GRPC (default)
2019-09-17 06:23:09,487 [main] INFO  grpc.GrpcFactory (GrpcFactory.java:checkPooledByteBufAllocatorUseCacheForAllThreads(45)) - PERFORMANCE WARNING: useCacheForAllThreads is true that may cause Netty to create a lot garbage objects and, as a result, trigger GC.
	It is recommended to disable useCacheForAllThreads by setting -Dorg.apache.ratis.thirdparty.io.netty.allocator.useCacheForAllThreads=false in command line.
2019-09-17 06:23:09,493 [main] INFO  grpc.GrpcConfigKeys$Server (ConfUtils.java:logGet(43)) - raft.grpc.server.port = 0 (default)
2019-09-17 06:23:09,494 [main] INFO  server.GrpcService (ConfUtils.java:logGet(43)) - raft.grpc.message.size.max = 33570816 (custom)
2019-09-17 06:23:09,495 [main] INFO  server.RaftServerConfigKeys (ConfUtils.java:logGet(43)) - raft.server.log.appender.buffer.byte-limit = 33554432 (custom)
2019-09-17 06:23:09,499 [main] INFO  server.GrpcService (ConfUtils.java:logGet(43)) - raft.grpc.flow.control.window = 1MB (=1048576) (default)
2019-09-17 06:23:09,500 [main] INFO  server.RaftServerConfigKeys (ConfUtils.java:logGet(43)) - raft.server.rpc.request.timeout = 3000ms (default)
2019-09-17 06:23:09,670 [main] INFO  server.RaftServerConfigKeys (ConfUtils.java:logGet(43)) - raft.server.storage.dir = [/workdir/hadoop-ozone/integration-test/target/test-dir/MiniOzoneClusterImpl-73769ce3-3186-4052-8109-183e096b0a7f/datanode-0/data/ratis] (custom)
2019-09-17 06:23:09,755 [main] INFO  hdfs.DFSUtil (DFSUtil.java:httpServerTemplateForNNAndJN(1641)) - Starting Web-server for hddsDatanode at: http://0.0.0.0:0
2019-09-17 06:23:09,758 [main] INFO  server.AuthenticationFilter (AuthenticationFilter.java:constructSecretProvider(240)) - Unable to initialize FileSignerSecretProvider, falling back to use random secrets.
2019-09-17 06:23:09,759 [main] WARN  http.HttpRequestLog (HttpRequestLog.java:getRequestLog(97)) - Jetty request log can only be enabled using Log4j
2019-09-17 06:23:09,762 [main] INFO  http.HttpServer2 (HttpServer2.java:addGlobalFilter(975)) - Added global filter 'safety' (class=org.apache.hadoop.http.HttpServer2$QuotingInputFilter)
2019-09-17 06:23:09,763 [main] INFO  http.HttpServer2 (HttpServer2.java:addFilter(948)) - Added filter static_user_filter (class=org.apache.hadoop.http.lib.StaticUserWebFilter$StaticUserFilter) to context hddsDatanode
2019-09-17 06:23:09,764 [main] INFO  http.HttpServer2 (HttpServer2.java:addFilter(958)) - Added filter static_user_filter (class=org.apache.hadoop.http.lib.StaticUserWebFilter$StaticUserFilter) to context static
2019-09-17 06:23:09,764 [main] INFO  http.HttpServer2 (HttpServer2.java:addFilter(958)) - Added filter static_user_filter (class=org.apache.hadoop.http.lib.StaticUserWebFilter$StaticUserFilter) to context logs
2019-09-17 06:23:09,766 [main] INFO  http.HttpServer2 (HttpServer2.java:bindListener(1191)) - Jetty bound to port 39061
2019-09-17 06:23:09,766 [main] INFO  server.Server (Server.java:doStart(351)) - jetty-9.3.24.v20180605, build timestamp: 2018-06-05T17:11:56Z, git hash: 84205aa28f11a4f31f2a3b86d1bba2cc8ab69827
2019-09-17 06:23:09,769 [main] INFO  handler.ContextHandler (ContextHandler.java:doStart(781)) - Started o.e.j.s.ServletContextHandler@4fc3c165{/logs,file:///workdir/hadoop-ozone/integration-test/target/log,AVAILABLE}
2019-09-17 06:23:09,770 [main] INFO  handler.ContextHandler (ContextHandler.java:doStart(781)) - Started o.e.j.s.ServletContextHandler@7b6860f9{/static,jar:file:/home/user/.m2/repository/org/apache/hadoop/hadoop-hdds-container-service/0.5.0-SNAPSHOT/hadoop-hdds-container-service-0.5.0-SNAPSHOT.jar!/webapps/static,AVAILABLE}
2019-09-17 06:23:09,825 [main] INFO  handler.ContextHandler (ContextHandler.java:doStart(781)) - Started o.e.j.w.WebAppContext@26c47874{/,file:///tmp/jetty-0.0.0.0-39061-hddsDatanode-_-any-5376411918668914964.dir/webapp/,AVAILABLE}{/hddsDatanode}
2019-09-17 06:23:09,828 [main] INFO  server.AbstractConnector (AbstractConnector.java:doStart(278)) - Started ServerConnector@421056e5{HTTP/1.1,[http/1.1]}{0.0.0.0:39061}
2019-09-17 06:23:09,829 [main] INFO  server.Server (Server.java:doStart(419)) - Started @5766ms
2019-09-17 06:23:09,830 [main] WARN  impl.MetricsSystemImpl (MetricsSystemImpl.java:register(276)) - Sink prometheus already exists!
2019-09-17 06:23:09,831 [main] INFO  server.BaseHttpServer (BaseHttpServer.java:updateConnectorAddress(215)) - HTTP server of HDDSDATANODE is listening at http://0.0.0.0:39061
2019-09-17 06:23:09,835 [main] INFO  impl.MetricsSystemImpl (MetricsSystemImpl.java:init(158)) - HddsDatanode metrics system started (again)
2019-09-17 06:23:09,841 [main] INFO  ozone.HddsDatanodeService (HddsDatanodeService.java:start(184)) - HddsDatanodeService host:trunk-nightly-20190917-29l5j-2509219610 ip:192.168.69.122
2019-09-17 06:23:09,841 [org.apache.hadoop.util.JvmPauseMonitor$Monitor@2ad34d9c] INFO  util.JvmPauseMonitor (JvmPauseMonitor.java:run(188)) - Starting JVM pause monitor
2019-09-17 06:23:09,853 [main] INFO  volume.HddsVolume (HddsVolume.java:<init>(176)) - Creating Volume: /workdir/hadoop-ozone/integration-test/target/test-dir/MiniOzoneClusterImpl-73769ce3-3186-4052-8109-183e096b0a7f/datanode-1/data/containers/hdds of  storage type : DISK and capacity : 1482555576320
2019-09-17 06:23:09,853 [main] INFO  volume.VolumeSet (VolumeSet.java:initializeVolumeSet(170)) - Added Volume : /workdir/hadoop-ozone/integration-test/target/test-dir/MiniOzoneClusterImpl-73769ce3-3186-4052-8109-183e096b0a7f/datanode-1/data/containers/hdds to VolumeSet
2019-09-17 06:23:09,854 [main] INFO  volume.ThrottledAsyncChecker (ThrottledAsyncChecker.java:schedule(139)) - Scheduling a check for org.apache.hadoop.ozone.container.common.volume.HddsVolume@80bfdc6
2019-09-17 06:23:09,854 [main] INFO  volume.HddsVolumeChecker (HddsVolumeChecker.java:checkAllVolumes(202)) - Scheduled health check for volume org.apache.hadoop.ozone.container.common.volume.HddsVolume@80bfdc6
2019-09-17 06:23:09,870 [main] INFO  impl.RaftServerProxy (ConfUtils.java:logGet(43)) - raft.rpc.type = GRPC (default)
2019-09-17 06:23:09,870 [main] INFO  grpc.GrpcFactory (GrpcFactory.java:checkPooledByteBufAllocatorUseCacheForAllThreads(45)) - PERFORMANCE WARNING: useCacheForAllThreads is true that may cause Netty to create a lot garbage objects and, as a result, trigger GC.
	It is recommended to disable useCacheForAllThreads by setting -Dorg.apache.ratis.thirdparty.io.netty.allocator.useCacheForAllThreads=false in command line.
2019-09-17 06:23:09,871 [main] INFO  grpc.GrpcConfigKeys$Server (ConfUtils.java:logGet(43)) - raft.grpc.server.port = 0 (default)
2019-09-17 06:23:09,871 [main] INFO  server.GrpcService (ConfUtils.java:logGet(43)) - raft.grpc.message.size.max = 33570816 (custom)
2019-09-17 06:23:09,871 [main] INFO  server.RaftServerConfigKeys (ConfUtils.java:logGet(43)) - raft.server.log.appender.buffer.byte-limit = 33554432 (custom)
2019-09-17 06:23:09,871 [main] INFO  server.GrpcService (ConfUtils.java:logGet(43)) - raft.grpc.flow.control.window = 1MB (=1048576) (default)
2019-09-17 06:23:09,872 [main] INFO  server.RaftServerConfigKeys (ConfUtils.java:logGet(43)) - raft.server.rpc.request.timeout = 3000ms (default)
2019-09-17 06:23:09,872 [main] INFO  server.RaftServerConfigKeys (ConfUtils.java:logGet(43)) - raft.server.storage.dir = [/workdir/hadoop-ozone/integration-test/target/test-dir/MiniOzoneClusterImpl-73769ce3-3186-4052-8109-183e096b0a7f/datanode-1/data/ratis] (custom)
2019-09-17 06:23:09,874 [main] INFO  hdfs.DFSUtil (DFSUtil.java:httpServerTemplateForNNAndJN(1641)) - Starting Web-server for hddsDatanode at: http://0.0.0.0:0
2019-09-17 06:23:09,875 [main] INFO  server.AuthenticationFilter (AuthenticationFilter.java:constructSecretProvider(240)) - Unable to initialize FileSignerSecretProvider, falling back to use random secrets.
2019-09-17 06:23:09,876 [main] WARN  http.HttpRequestLog (HttpRequestLog.java:getRequestLog(97)) - Jetty request log can only be enabled using Log4j
2019-09-17 06:23:09,878 [main] INFO  http.HttpServer2 (HttpServer2.java:addGlobalFilter(975)) - Added global filter 'safety' (class=org.apache.hadoop.http.HttpServer2$QuotingInputFilter)
2019-09-17 06:23:09,879 [main] INFO  http.HttpServer2 (HttpServer2.java:addFilter(948)) - Added filter static_user_filter (class=org.apache.hadoop.http.lib.StaticUserWebFilter$StaticUserFilter) to context hddsDatanode
2019-09-17 06:23:09,879 [main] INFO  http.HttpServer2 (HttpServer2.java:addFilter(958)) - Added filter static_user_filter (class=org.apache.hadoop.http.lib.StaticUserWebFilter$StaticUserFilter) to context logs
2019-09-17 06:23:09,879 [main] INFO  http.HttpServer2 (HttpServer2.java:addFilter(958)) - Added filter static_user_filter (class=org.apache.hadoop.http.lib.StaticUserWebFilter$StaticUserFilter) to context static
2019-09-17 06:23:09,880 [main] INFO  http.HttpServer2 (HttpServer2.java:bindListener(1191)) - Jetty bound to port 38667
2019-09-17 06:23:09,880 [main] INFO  server.Server (Server.java:doStart(351)) - jetty-9.3.24.v20180605, build timestamp: 2018-06-05T17:11:56Z, git hash: 84205aa28f11a4f31f2a3b86d1bba2cc8ab69827
2019-09-17 06:23:09,884 [main] INFO  handler.ContextHandler (ContextHandler.java:doStart(781)) - Started o.e.j.s.ServletContextHandler@78054f54{/logs,file:///workdir/hadoop-ozone/integration-test/target/log,AVAILABLE}
2019-09-17 06:23:09,885 [main] INFO  handler.ContextHandler (ContextHandler.java:doStart(781)) - Started o.e.j.s.ServletContextHandler@3dffc764{/static,jar:file:/home/user/.m2/repository/org/apache/hadoop/hadoop-hdds-container-service/0.5.0-SNAPSHOT/hadoop-hdds-container-service-0.5.0-SNAPSHOT.jar!/webapps/static,AVAILABLE}
2019-09-17 06:23:09,914 [main] INFO  handler.ContextHandler (ContextHandler.java:doStart(781)) - Started o.e.j.w.WebAppContext@3c87e6b7{/,file:///tmp/jetty-0.0.0.0-38667-hddsDatanode-_-any-4266498266444295136.dir/webapp/,AVAILABLE}{/hddsDatanode}
2019-09-17 06:23:09,915 [main] INFO  server.AbstractConnector (AbstractConnector.java:doStart(278)) - Started ServerConnector@77bbadc{HTTP/1.1,[http/1.1]}{0.0.0.0:38667}
2019-09-17 06:23:09,916 [main] INFO  server.Server (Server.java:doStart(419)) - Started @5853ms
2019-09-17 06:23:09,916 [main] WARN  impl.MetricsSystemImpl (MetricsSystemImpl.java:register(276)) - Sink prometheus already exists!
2019-09-17 06:23:09,918 [main] INFO  server.BaseHttpServer (BaseHttpServer.java:updateConnectorAddress(215)) - HTTP server of HDDSDATANODE is listening at http://0.0.0.0:38667
2019-09-17 06:23:09,918 [main] INFO  impl.MetricsSystemImpl (MetricsSystemImpl.java:init(158)) - HddsDatanode metrics system started (again)
2019-09-17 06:23:09,921 [main] INFO  ozone.HddsDatanodeService (HddsDatanodeService.java:start(184)) - HddsDatanodeService host:trunk-nightly-20190917-29l5j-2509219610 ip:192.168.69.122
2019-09-17 06:23:09,922 [org.apache.hadoop.util.JvmPauseMonitor$Monitor@661d466e] INFO  util.JvmPauseMonitor (JvmPauseMonitor.java:run(188)) - Starting JVM pause monitor
2019-09-17 06:23:09,931 [main] INFO  volume.HddsVolume (HddsVolume.java:<init>(176)) - Creating Volume: /workdir/hadoop-ozone/integration-test/target/test-dir/MiniOzoneClusterImpl-73769ce3-3186-4052-8109-183e096b0a7f/datanode-2/data/containers/hdds of  storage type : DISK and capacity : 1482555576320
2019-09-17 06:23:09,931 [main] INFO  volume.VolumeSet (VolumeSet.java:initializeVolumeSet(170)) - Added Volume : /workdir/hadoop-ozone/integration-test/target/test-dir/MiniOzoneClusterImpl-73769ce3-3186-4052-8109-183e096b0a7f/datanode-2/data/containers/hdds to VolumeSet
2019-09-17 06:23:09,932 [main] INFO  volume.ThrottledAsyncChecker (ThrottledAsyncChecker.java:schedule(139)) - Scheduling a check for org.apache.hadoop.ozone.container.common.volume.HddsVolume@53e800f9
2019-09-17 06:23:09,932 [main] INFO  volume.HddsVolumeChecker (HddsVolumeChecker.java:checkAllVolumes(202)) - Scheduled health check for volume org.apache.hadoop.ozone.container.common.volume.HddsVolume@53e800f9
2019-09-17 06:23:09,945 [main] INFO  impl.RaftServerProxy (ConfUtils.java:logGet(43)) - raft.rpc.type = GRPC (default)
2019-09-17 06:23:09,945 [main] INFO  grpc.GrpcFactory (GrpcFactory.java:checkPooledByteBufAllocatorUseCacheForAllThreads(45)) - PERFORMANCE WARNING: useCacheForAllThreads is true that may cause Netty to create a lot garbage objects and, as a result, trigger GC.
	It is recommended to disable useCacheForAllThreads by setting -Dorg.apache.ratis.thirdparty.io.netty.allocator.useCacheForAllThreads=false in command line.
2019-09-17 06:23:09,946 [main] INFO  grpc.GrpcConfigKeys$Server (ConfUtils.java:logGet(43)) - raft.grpc.server.port = 0 (default)
2019-09-17 06:23:09,946 [main] INFO  server.GrpcService (ConfUtils.java:logGet(43)) - raft.grpc.message.size.max = 33570816 (custom)
2019-09-17 06:23:09,946 [main] INFO  server.RaftServerConfigKeys (ConfUtils.java:logGet(43)) - raft.server.log.appender.buffer.byte-limit = 33554432 (custom)
2019-09-17 06:23:09,946 [main] INFO  server.GrpcService (ConfUtils.java:logGet(43)) - raft.grpc.flow.control.window = 1MB (=1048576) (default)
2019-09-17 06:23:09,947 [main] INFO  server.RaftServerConfigKeys (ConfUtils.java:logGet(43)) - raft.server.rpc.request.timeout = 3000ms (default)
2019-09-17 06:23:09,947 [main] INFO  server.RaftServerConfigKeys (ConfUtils.java:logGet(43)) - raft.server.storage.dir = [/workdir/hadoop-ozone/integration-test/target/test-dir/MiniOzoneClusterImpl-73769ce3-3186-4052-8109-183e096b0a7f/datanode-2/data/ratis] (custom)
2019-09-17 06:23:09,949 [main] INFO  hdfs.DFSUtil (DFSUtil.java:httpServerTemplateForNNAndJN(1641)) - Starting Web-server for hddsDatanode at: http://0.0.0.0:0
2019-09-17 06:23:09,950 [main] INFO  server.AuthenticationFilter (AuthenticationFilter.java:constructSecretProvider(240)) - Unable to initialize FileSignerSecretProvider, falling back to use random secrets.
2019-09-17 06:23:09,951 [main] WARN  http.HttpRequestLog (HttpRequestLog.java:getRequestLog(97)) - Jetty request log can only be enabled using Log4j
2019-09-17 06:23:09,953 [main] INFO  http.HttpServer2 (HttpServer2.java:addGlobalFilter(975)) - Added global filter 'safety' (class=org.apache.hadoop.http.HttpServer2$QuotingInputFilter)
2019-09-17 06:23:09,954 [main] INFO  http.HttpServer2 (HttpServer2.java:addFilter(948)) - Added filter static_user_filter (class=org.apache.hadoop.http.lib.StaticUserWebFilter$StaticUserFilter) to context hddsDatanode
2019-09-17 06:23:09,954 [main] INFO  http.HttpServer2 (HttpServer2.java:addFilter(958)) - Added filter static_user_filter (class=org.apache.hadoop.http.lib.StaticUserWebFilter$StaticUserFilter) to context logs
2019-09-17 06:23:09,954 [main] INFO  http.HttpServer2 (HttpServer2.java:addFilter(958)) - Added filter static_user_filter (class=org.apache.hadoop.http.lib.StaticUserWebFilter$StaticUserFilter) to context static
2019-09-17 06:23:09,955 [main] INFO  http.HttpServer2 (HttpServer2.java:bindListener(1191)) - Jetty bound to port 43250
2019-09-17 06:23:09,955 [main] INFO  server.Server (Server.java:doStart(351)) - jetty-9.3.24.v20180605, build timestamp: 2018-06-05T17:11:56Z, git hash: 84205aa28f11a4f31f2a3b86d1bba2cc8ab69827
2019-09-17 06:23:09,957 [main] INFO  handler.ContextHandler (ContextHandler.java:doStart(781)) - Started o.e.j.s.ServletContextHandler@522bf64e{/logs,file:///workdir/hadoop-ozone/integration-test/target/log,AVAILABLE}
2019-09-17 06:23:09,958 [main] INFO  handler.ContextHandler (ContextHandler.java:doStart(781)) - Started o.e.j.s.ServletContextHandler@5f0f9947{/static,jar:file:/home/user/.m2/repository/org/apache/hadoop/hadoop-hdds-container-service/0.5.0-SNAPSHOT/hadoop-hdds-container-service-0.5.0-SNAPSHOT.jar!/webapps/static,AVAILABLE}
2019-09-17 06:23:09,973 [Datanode State Machine Thread - 0] INFO  datanode.InitDatanodeState (InitDatanodeState.java:persistContainerDatanodeDetails(140)) - DatanodeDetails is persisted to /workdir/hadoop-ozone/integration-test/target/test-dir/MiniOzoneClusterImpl-73769ce3-3186-4052-8109-183e096b0a7f/datanode-0/meta/datanode.id
2019-09-17 06:23:09,979 [Datanode State Machine Thread - 0] INFO  datanode.InitDatanodeState (InitDatanodeState.java:persistContainerDatanodeDetails(140)) - DatanodeDetails is persisted to /workdir/hadoop-ozone/integration-test/target/test-dir/MiniOzoneClusterImpl-73769ce3-3186-4052-8109-183e096b0a7f/datanode-1/meta/datanode.id
2019-09-17 06:23:09,990 [main] INFO  handler.ContextHandler (ContextHandler.java:doStart(781)) - Started o.e.j.w.WebAppContext@6dcc40f5{/,file:///tmp/jetty-0.0.0.0-43250-hddsDatanode-_-any-5248445644313358856.dir/webapp/,AVAILABLE}{/hddsDatanode}
2019-09-17 06:23:09,991 [main] INFO  server.AbstractConnector (AbstractConnector.java:doStart(278)) - Started ServerConnector@2b680207{HTTP/1.1,[http/1.1]}{0.0.0.0:43250}
2019-09-17 06:23:09,992 [main] INFO  server.Server (Server.java:doStart(419)) - Started @5928ms
2019-09-17 06:23:09,992 [main] WARN  impl.MetricsSystemImpl (MetricsSystemImpl.java:register(276)) - Sink prometheus already exists!
2019-09-17 06:23:09,994 [main] INFO  server.BaseHttpServer (BaseHttpServer.java:updateConnectorAddress(215)) - HTTP server of HDDSDATANODE is listening at http://0.0.0.0:43250
2019-09-17 06:23:09,994 [main] INFO  impl.MetricsSystemImpl (MetricsSystemImpl.java:init(158)) - HddsDatanode metrics system started (again)
2019-09-17 06:23:09,998 [org.apache.hadoop.util.JvmPauseMonitor$Monitor@4afefd04] INFO  util.JvmPauseMonitor (JvmPauseMonitor.java:run(188)) - Starting JVM pause monitor
2019-09-17 06:23:09,998 [main] INFO  ozone.HddsDatanodeService (HddsDatanodeService.java:start(184)) - HddsDatanodeService host:trunk-nightly-20190917-29l5j-2509219610 ip:192.168.69.122
2019-09-17 06:23:10,000 [Datanode State Machine Thread - 0] INFO  datanode.InitDatanodeState (InitDatanodeState.java:persistContainerDatanodeDetails(140)) - DatanodeDetails is persisted to /workdir/hadoop-ozone/integration-test/target/test-dir/MiniOzoneClusterImpl-73769ce3-3186-4052-8109-183e096b0a7f/datanode-2/meta/datanode.id
2019-09-17 06:23:10,007 [main] INFO  volume.HddsVolume (HddsVolume.java:<init>(176)) - Creating Volume: /workdir/hadoop-ozone/integration-test/target/test-dir/MiniOzoneClusterImpl-73769ce3-3186-4052-8109-183e096b0a7f/datanode-3/data/containers/hdds of  storage type : DISK and capacity : 1482555576320
2019-09-17 06:23:10,008 [main] INFO  volume.VolumeSet (VolumeSet.java:initializeVolumeSet(170)) - Added Volume : /workdir/hadoop-ozone/integration-test/target/test-dir/MiniOzoneClusterImpl-73769ce3-3186-4052-8109-183e096b0a7f/datanode-3/data/containers/hdds to VolumeSet
2019-09-17 06:23:10,008 [main] INFO  volume.ThrottledAsyncChecker (ThrottledAsyncChecker.java:schedule(139)) - Scheduling a check for org.apache.hadoop.ozone.container.common.volume.HddsVolume@588f63c
2019-09-17 06:23:10,009 [main] INFO  volume.HddsVolumeChecker (HddsVolumeChecker.java:checkAllVolumes(202)) - Scheduled health check for volume org.apache.hadoop.ozone.container.common.volume.HddsVolume@588f63c
2019-09-17 06:23:10,030 [main] INFO  impl.RaftServerProxy (ConfUtils.java:logGet(43)) - raft.rpc.type = GRPC (default)
2019-09-17 06:23:10,030 [main] INFO  grpc.GrpcFactory (GrpcFactory.java:checkPooledByteBufAllocatorUseCacheForAllThreads(45)) - PERFORMANCE WARNING: useCacheForAllThreads is true that may cause Netty to create a lot garbage objects and, as a result, trigger GC.
	It is recommended to disable useCacheForAllThreads by setting -Dorg.apache.ratis.thirdparty.io.netty.allocator.useCacheForAllThreads=false in command line.
2019-09-17 06:23:10,030 [main] INFO  grpc.GrpcConfigKeys$Server (ConfUtils.java:logGet(43)) - raft.grpc.server.port = 0 (default)
2019-09-17 06:23:10,031 [main] INFO  server.GrpcService (ConfUtils.java:logGet(43)) - raft.grpc.message.size.max = 33570816 (custom)
2019-09-17 06:23:10,031 [main] INFO  server.RaftServerConfigKeys (ConfUtils.java:logGet(43)) - raft.server.log.appender.buffer.byte-limit = 33554432 (custom)
2019-09-17 06:23:10,031 [main] INFO  server.GrpcService (ConfUtils.java:logGet(43)) - raft.grpc.flow.control.window = 1MB (=1048576) (default)
2019-09-17 06:23:10,032 [main] INFO  server.RaftServerConfigKeys (ConfUtils.java:logGet(43)) - raft.server.rpc.request.timeout = 3000ms (default)
2019-09-17 06:23:10,032 [main] INFO  server.RaftServerConfigKeys (ConfUtils.java:logGet(43)) - raft.server.storage.dir = [/workdir/hadoop-ozone/integration-test/target/test-dir/MiniOzoneClusterImpl-73769ce3-3186-4052-8109-183e096b0a7f/datanode-3/data/ratis] (custom)
2019-09-17 06:23:10,034 [main] INFO  hdfs.DFSUtil (DFSUtil.java:httpServerTemplateForNNAndJN(1641)) - Starting Web-server for hddsDatanode at: http://0.0.0.0:0
2019-09-17 06:23:10,035 [main] INFO  server.AuthenticationFilter (AuthenticationFilter.java:constructSecretProvider(240)) - Unable to initialize FileSignerSecretProvider, falling back to use random secrets.
2019-09-17 06:23:10,036 [main] WARN  http.HttpRequestLog (HttpRequestLog.java:getRequestLog(97)) - Jetty request log can only be enabled using Log4j
2019-09-17 06:23:10,039 [main] INFO  http.HttpServer2 (HttpServer2.java:addGlobalFilter(975)) - Added global filter 'safety' (class=org.apache.hadoop.http.HttpServer2$QuotingInputFilter)
2019-09-17 06:23:10,039 [main] INFO  http.HttpServer2 (HttpServer2.java:addFilter(948)) - Added filter static_user_filter (class=org.apache.hadoop.http.lib.StaticUserWebFilter$StaticUserFilter) to context hddsDatanode
2019-09-17 06:23:10,040 [main] INFO  http.HttpServer2 (HttpServer2.java:addFilter(958)) - Added filter static_user_filter (class=org.apache.hadoop.http.lib.StaticUserWebFilter$StaticUserFilter) to context logs
2019-09-17 06:23:10,040 [main] INFO  http.HttpServer2 (HttpServer2.java:addFilter(958)) - Added filter static_user_filter (class=org.apache.hadoop.http.lib.StaticUserWebFilter$StaticUserFilter) to context static
2019-09-17 06:23:10,041 [main] INFO  http.HttpServer2 (HttpServer2.java:bindListener(1191)) - Jetty bound to port 38934
2019-09-17 06:23:10,041 [main] INFO  server.Server (Server.java:doStart(351)) - jetty-9.3.24.v20180605, build timestamp: 2018-06-05T17:11:56Z, git hash: 84205aa28f11a4f31f2a3b86d1bba2cc8ab69827
2019-09-17 06:23:10,047 [main] INFO  handler.ContextHandler (ContextHandler.java:doStart(781)) - Started o.e.j.s.ServletContextHandler@3dfa819{/logs,file:///workdir/hadoop-ozone/integration-test/target/log,AVAILABLE}
2019-09-17 06:23:10,047 [main] INFO  handler.ContextHandler (ContextHandler.java:doStart(781)) - Started o.e.j.s.ServletContextHandler@68ab0936{/static,jar:file:/home/user/.m2/repository/org/apache/hadoop/hadoop-hdds-container-service/0.5.0-SNAPSHOT/hadoop-hdds-container-service-0.5.0-SNAPSHOT.jar!/webapps/static,AVAILABLE}
2019-09-17 06:23:10,081 [main] INFO  handler.ContextHandler (ContextHandler.java:doStart(781)) - Started o.e.j.w.WebAppContext@69fe0ed4{/,file:///tmp/jetty-0.0.0.0-38934-hddsDatanode-_-any-9157518971144561335.dir/webapp/,AVAILABLE}{/hddsDatanode}
2019-09-17 06:23:10,082 [main] INFO  server.AbstractConnector (AbstractConnector.java:doStart(278)) - Started ServerConnector@20ab3e3a{HTTP/1.1,[http/1.1]}{0.0.0.0:38934}
2019-09-17 06:23:10,083 [main] INFO  server.Server (Server.java:doStart(419)) - Started @6020ms
2019-09-17 06:23:10,083 [main] WARN  impl.MetricsSystemImpl (MetricsSystemImpl.java:register(276)) - Sink prometheus already exists!
2019-09-17 06:23:10,085 [main] INFO  server.BaseHttpServer (BaseHttpServer.java:updateConnectorAddress(215)) - HTTP server of HDDSDATANODE is listening at http://0.0.0.0:38934
2019-09-17 06:23:10,087 [main] INFO  ozone.MiniOzoneClusterImpl (MiniOzoneClusterImpl.java:lambda$waitForClusterToBeReady$0(145)) - Waiting for cluster to be ready. Got 0 of 4 DN Heartbeats.
2019-09-17 06:23:10,088 [org.apache.hadoop.util.JvmPauseMonitor$Monitor@3de91011] INFO  util.JvmPauseMonitor (JvmPauseMonitor.java:run(188)) - Starting JVM pause monitor
2019-09-17 06:23:10,091 [Datanode State Machine Thread - 0] INFO  datanode.InitDatanodeState (InitDatanodeState.java:persistContainerDatanodeDetails(140)) - DatanodeDetails is persisted to /workdir/hadoop-ozone/integration-test/target/test-dir/MiniOzoneClusterImpl-73769ce3-3186-4052-8109-183e096b0a7f/datanode-3/meta/datanode.id
2019-09-17 06:23:11,088 [main] INFO  ozone.MiniOzoneClusterImpl (MiniOzoneClusterImpl.java:lambda$waitForClusterToBeReady$0(145)) - Waiting for cluster to be ready. Got 0 of 4 DN Heartbeats.
2019-09-17 06:23:11,900 [Datanode State Machine Thread - 0] INFO  ozoneimpl.OzoneContainer (OzoneContainer.java:start(217)) - Attempting to start container services.
2019-09-17 06:23:11,904 [Datanode State Machine Thread - 0] INFO  ozoneimpl.OzoneContainer (OzoneContainer.java:startContainerScrub(179)) - Background container scanner has been disabled.
2019-09-17 06:23:11,904 [Datanode State Machine Thread - 0] INFO  ratis.XceiverServerRatis (XceiverServerRatis.java:start(411)) - Starting XceiverServerRatis f190894b-dcff-4e4e-bc20-b884aa594020 at port 0
2019-09-17 06:23:11,936 [Datanode State Machine Thread - 0] INFO  impl.RaftServerProxy (RaftServerProxy.java:lambda$start$3(299)) - f190894b-dcff-4e4e-bc20-b884aa594020: start RPC server
2019-09-17 06:23:11,940 [Datanode State Machine Thread - 0] INFO  ozoneimpl.OzoneContainer (OzoneContainer.java:start(217)) - Attempting to start container services.
2019-09-17 06:23:11,947 [Datanode State Machine Thread - 0] INFO  ozoneimpl.OzoneContainer (OzoneContainer.java:startContainerScrub(179)) - Background container scanner has been disabled.
2019-09-17 06:23:11,947 [Datanode State Machine Thread - 0] INFO  ratis.XceiverServerRatis (XceiverServerRatis.java:start(411)) - Starting XceiverServerRatis e52c2641-d294-4eba-8414-f585754bdde6 at port 0
2019-09-17 06:23:11,959 [Datanode State Machine Thread - 0] INFO  impl.RaftServerProxy (RaftServerProxy.java:lambda$start$3(299)) - e52c2641-d294-4eba-8414-f585754bdde6: start RPC server
2019-09-17 06:23:12,013 [Datanode State Machine Thread - 0] INFO  ozoneimpl.OzoneContainer (OzoneContainer.java:start(217)) - Attempting to start container services.
2019-09-17 06:23:12,016 [Datanode State Machine Thread - 0] INFO  ozoneimpl.OzoneContainer (OzoneContainer.java:startContainerScrub(179)) - Background container scanner has been disabled.
2019-09-17 06:23:12,016 [Datanode State Machine Thread - 0] INFO  ratis.XceiverServerRatis (XceiverServerRatis.java:start(411)) - Starting XceiverServerRatis eeb8834c-6e46-4de3-8646-ea0ad8f6367e at port 0
2019-09-17 06:23:12,026 [Datanode State Machine Thread - 0] INFO  impl.RaftServerProxy (RaftServerProxy.java:lambda$start$3(299)) - eeb8834c-6e46-4de3-8646-ea0ad8f6367e: start RPC server
2019-09-17 06:23:12,088 [main] INFO  ozone.MiniOzoneClusterImpl (MiniOzoneClusterImpl.java:lambda$waitForClusterToBeReady$0(145)) - Waiting for cluster to be ready. Got 0 of 4 DN Heartbeats.
2019-09-17 06:23:12,107 [Datanode State Machine Thread - 0] INFO  ozoneimpl.OzoneContainer (OzoneContainer.java:start(217)) - Attempting to start container services.
2019-09-17 06:23:12,110 [Datanode State Machine Thread - 0] INFO  ozoneimpl.OzoneContainer (OzoneContainer.java:startContainerScrub(179)) - Background container scanner has been disabled.
2019-09-17 06:23:12,110 [Datanode State Machine Thread - 0] INFO  ratis.XceiverServerRatis (XceiverServerRatis.java:start(411)) - Starting XceiverServerRatis 7c9de0cf-eed1-4c51-ba4b-1bf623fe4654 at port 0
2019-09-17 06:23:12,112 [Datanode State Machine Thread - 0] INFO  server.GrpcService (GrpcService.java:startImpl(158)) - f190894b-dcff-4e4e-bc20-b884aa594020: GrpcService started, listening on 0.0.0.0/0.0.0.0:44836
2019-09-17 06:23:12,113 [Datanode State Machine Thread - 0] INFO  server.GrpcService (GrpcService.java:startImpl(158)) - e52c2641-d294-4eba-8414-f585754bdde6: GrpcService started, listening on 0.0.0.0/0.0.0.0:37018
2019-09-17 06:23:12,113 [Datanode State Machine Thread - 0] INFO  server.GrpcService (GrpcService.java:startImpl(158)) - eeb8834c-6e46-4de3-8646-ea0ad8f6367e: GrpcService started, listening on 0.0.0.0/0.0.0.0:33396
2019-09-17 06:23:12,114 [Datanode State Machine Thread - 0] INFO  ratis.XceiverServerRatis (XceiverServerRatis.java:start(421)) - XceiverServerRatis f190894b-dcff-4e4e-bc20-b884aa594020 is started using port 44836
2019-09-17 06:23:12,115 [Datanode State Machine Thread - 0] INFO  ratis.XceiverServerRatis (XceiverServerRatis.java:start(421)) - XceiverServerRatis eeb8834c-6e46-4de3-8646-ea0ad8f6367e is started using port 33396
2019-09-17 06:23:12,114 [Datanode State Machine Thread - 0] INFO  ratis.XceiverServerRatis (XceiverServerRatis.java:start(421)) - XceiverServerRatis e52c2641-d294-4eba-8414-f585754bdde6 is started using port 37018
2019-09-17 06:23:12,124 [Datanode State Machine Thread - 0] INFO  server.XceiverServerGrpc (XceiverServerGrpc.java:start(163)) - XceiverServerGrpc f190894b-dcff-4e4e-bc20-b884aa594020 is started using port 37067
2019-09-17 06:23:12,126 [Datanode State Machine Thread - 0] INFO  server.XceiverServerGrpc (XceiverServerGrpc.java:start(163)) - XceiverServerGrpc e52c2641-d294-4eba-8414-f585754bdde6 is started using port 41330
2019-09-17 06:23:12,124 [Datanode State Machine Thread - 0] INFO  server.XceiverServerGrpc (XceiverServerGrpc.java:start(163)) - XceiverServerGrpc eeb8834c-6e46-4de3-8646-ea0ad8f6367e is started using port 38051
2019-09-17 06:23:12,130 [Datanode State Machine Thread - 0] INFO  impl.RaftServerProxy (RaftServerProxy.java:lambda$start$3(299)) - 7c9de0cf-eed1-4c51-ba4b-1bf623fe4654: start RPC server
2019-09-17 06:23:12,133 [Datanode State Machine Thread - 0] INFO  server.GrpcService (GrpcService.java:startImpl(158)) - 7c9de0cf-eed1-4c51-ba4b-1bf623fe4654: GrpcService started, listening on 0.0.0.0/0.0.0.0:33872
2019-09-17 06:23:12,133 [Datanode State Machine Thread - 0] INFO  ratis.XceiverServerRatis (XceiverServerRatis.java:start(421)) - XceiverServerRatis 7c9de0cf-eed1-4c51-ba4b-1bf623fe4654 is started using port 33872
2019-09-17 06:23:12,137 [Datanode State Machine Thread - 0] INFO  server.XceiverServerGrpc (XceiverServerGrpc.java:start(163)) - XceiverServerGrpc 7c9de0cf-eed1-4c51-ba4b-1bf623fe4654 is started using port 45547
2019-09-17 06:23:13,089 [main] INFO  ozone.MiniOzoneClusterImpl (MiniOzoneClusterImpl.java:lambda$waitForClusterToBeReady$0(145)) - Waiting for cluster to be ready. Got 0 of 4 DN Heartbeats.
2019-09-17 06:23:13,882 [IPC Server handler 1 on 44834] INFO  net.NetworkTopology (NetworkTopologyImpl.java:add(111)) - Added a new node: /default-rack/f190894b-dcff-4e4e-bc20-b884aa594020
2019-09-17 06:23:13,883 [IPC Server handler 1 on 44834] INFO  node.SCMNodeManager (SCMNodeManager.java:register(266)) - Registered Data node : f190894b-dcff-4e4e-bc20-b884aa594020{ip: 192.168.69.122, host: trunk-nightly-20190917-29l5j-2509219610, networkLocation: /default-rack, certSerialId: null}
2019-09-17 06:23:13,889 [EventQueue-NodeRegistrationContainerReportForDataNodeSafeModeRule] INFO  safemode.SCMSafeModeManager (DataNodeSafeModeRule.java:process(71)) - SCM in safe mode. 1 DataNodes registered, 1 required.
2019-09-17 06:23:13,889 [EventQueue-NodeRegistrationContainerReportForDataNodeSafeModeRule] INFO  safemode.SCMSafeModeManager (SCMSafeModeManager.java:validateSafeModeExitRules(177)) - ScmSafeModeManager, all rules are successfully validated
2019-09-17 06:23:13,889 [EventQueue-NodeRegistrationContainerReportForDataNodeSafeModeRule] INFO  safemode.SCMSafeModeManager (SCMSafeModeManager.java:exitSafeMode(193)) - SCM exiting safe mode.
2019-09-17 06:23:13,925 [IPC Server handler 3 on 44834] INFO  net.NetworkTopology (NetworkTopologyImpl.java:add(111)) - Added a new node: /default-rack/e52c2641-d294-4eba-8414-f585754bdde6
2019-09-17 06:23:13,925 [IPC Server handler 3 on 44834] INFO  node.SCMNodeManager (SCMNodeManager.java:register(266)) - Registered Data node : e52c2641-d294-4eba-8414-f585754bdde6{ip: 192.168.69.122, host: trunk-nightly-20190917-29l5j-2509219610, networkLocation: /default-rack, certSerialId: null}
2019-09-17 06:23:14,001 [IPC Server handler 2 on 44834] INFO  net.NetworkTopology (NetworkTopologyImpl.java:add(111)) - Added a new node: /default-rack/eeb8834c-6e46-4de3-8646-ea0ad8f6367e
2019-09-17 06:23:14,001 [IPC Server handler 2 on 44834] INFO  node.SCMNodeManager (SCMNodeManager.java:register(266)) - Registered Data node : eeb8834c-6e46-4de3-8646-ea0ad8f6367e{ip: 192.168.69.122, host: trunk-nightly-20190917-29l5j-2509219610, networkLocation: /default-rack, certSerialId: null}
2019-09-17 06:23:14,090 [main] INFO  ozone.MiniOzoneClusterImpl (MiniOzoneClusterImpl.java:lambda$waitForClusterToBeReady$0(145)) - Waiting for cluster to be ready. Got 3 of 4 DN Heartbeats.
2019-09-17 06:23:14,092 [IPC Server handler 0 on 44834] INFO  net.NetworkTopology (NetworkTopologyImpl.java:add(111)) - Added a new node: /default-rack/7c9de0cf-eed1-4c51-ba4b-1bf623fe4654
2019-09-17 06:23:14,092 [IPC Server handler 0 on 44834] INFO  node.SCMNodeManager (SCMNodeManager.java:register(266)) - Registered Data node : 7c9de0cf-eed1-4c51-ba4b-1bf623fe4654{ip: 192.168.69.122, host: trunk-nightly-20190917-29l5j-2509219610, networkLocation: /default-rack, certSerialId: null}
2019-09-17 06:23:14,414 [grpc-default-executor-0] INFO  impl.RaftServerProxy (RaftServerProxy.java:addNew(89)) - f190894b-dcff-4e4e-bc20-b884aa594020: addNew group-E5DD6E7F832E:[f190894b-dcff-4e4e-bc20-b884aa594020:192.168.69.122:44836] returns group-E5DD6E7F832E:java.util.concurrent.CompletableFuture@57e78cd5[Not completed]
2019-09-17 06:23:14,433 [pool-27-thread-1] INFO  impl.RaftServerImpl (RaftServerImpl.java:<init>(95)) - f190894b-dcff-4e4e-bc20-b884aa594020: new RaftServerImpl for group-E5DD6E7F832E:[f190894b-dcff-4e4e-bc20-b884aa594020:192.168.69.122:44836] with ContainerStateMachine:uninitialized
2019-09-17 06:23:14,436 [pool-27-thread-1] INFO  server.RaftServerConfigKeys (ConfUtils.java:logGet(43)) - raft.server.rpc.timeout.min = 5s (custom)
2019-09-17 06:23:14,438 [pool-27-thread-1] INFO  server.RaftServerConfigKeys (ConfUtils.java:logGet(43)) - raft.server.rpc.timeout.max = 5200ms (custom)
2019-09-17 06:23:14,438 [pool-27-thread-1] INFO  server.RaftServerConfigKeys (ConfUtils.java:logGet(43)) - raft.server.rpcslowness.timeout = 1000s (custom)
2019-09-17 06:23:14,439 [pool-27-thread-1] INFO  server.RaftServerConfigKeys (ConfUtils.java:logGet(43)) - raft.server.sleep.deviation.threshold = 300 (default)
2019-09-17 06:23:14,440 [pool-27-thread-1] INFO  server.RaftServerConfigKeys (ConfUtils.java:logGet(43)) - raft.server.log.appender.install.snapshot.enabled = false (custom)
2019-09-17 06:23:14,449 [pool-27-thread-1] INFO  impl.RaftServerImpl (ServerState.java:<init>(103)) - f190894b-dcff-4e4e-bc20-b884aa594020@group-E5DD6E7F832E: ConfigurationManager, init=-1: [f190894b-dcff-4e4e-bc20-b884aa594020:192.168.69.122:44836], old=null, confs=<EMPTY_MAP>
2019-09-17 06:23:14,450 [pool-27-thread-1] INFO  server.RaftServerConfigKeys (ConfUtils.java:logGet(43)) - raft.server.storage.dir = [/workdir/hadoop-ozone/integration-test/target/test-dir/MiniOzoneClusterImpl-73769ce3-3186-4052-8109-183e096b0a7f/datanode-0/data/ratis] (custom)
2019-09-17 06:23:14,458 [pool-27-thread-1] INFO  storage.RaftStorageDirectory (RaftStorageDirectory.java:analyzeStorage(246)) - The storage directory /workdir/hadoop-ozone/integration-test/target/test-dir/MiniOzoneClusterImpl-73769ce3-3186-4052-8109-183e096b0a7f/datanode-0/data/ratis/87eb07fd-fb13-4d2e-8343-e5dd6e7f832e does not exist. Creating ...
2019-09-17 06:23:14,488 [pool-27-thread-1] INFO  storage.RaftStorageDirectory (RaftStorageDirectory.java:tryLock(328)) - Lock on /workdir/hadoop-ozone/integration-test/target/test-dir/MiniOzoneClusterImpl-73769ce3-3186-4052-8109-183e096b0a7f/datanode-0/data/ratis/87eb07fd-fb13-4d2e-8343-e5dd6e7f832e/in_use.lock acquired by nodename 9504@trunk-nightly-20190917-29l5j-2509219610
2019-09-17 06:23:14,504 [pool-27-thread-1] INFO  storage.RaftStorage (RaftStorage.java:format(72)) - Storage directory /workdir/hadoop-ozone/integration-test/target/test-dir/MiniOzoneClusterImpl-73769ce3-3186-4052-8109-183e096b0a7f/datanode-0/data/ratis/87eb07fd-fb13-4d2e-8343-e5dd6e7f832e has been successfully formatted.
2019-09-17 06:23:14,507 [pool-27-thread-1] INFO  ratis.ContainerStateMachine (ContainerStateMachine.java:loadSnapshot(230)) - group-E5DD6E7F832E: The snapshot info is null. Setting the last applied indexto:(t:0, i:~)
2019-09-17 06:23:14,507 [pool-27-thread-1] INFO  server.RaftServerConfigKeys (ConfUtils.java:logGet(43)) - raft.server.notification.no-leader.timeout = 1000s (custom)
2019-09-17 06:23:14,510 [pool-27-thread-1] INFO  server.RaftServerConfigKeys (ConfUtils.java:logGet(43)) - raft.server.log.use.memory = false (default)
2019-09-17 06:23:14,518 [pool-27-thread-1] INFO  server.RaftServerConfigKeys (ConfUtils.java:logGet(43)) - raft.server.log.purge.gap = 1000000 (custom)
2019-09-17 06:23:14,518 [pool-27-thread-1] INFO  server.RaftServerConfigKeys (ConfUtils.java:logGet(43)) - raft.server.log.appender.buffer.byte-limit = 33554432 (custom)
2019-09-17 06:23:14,521 [pool-27-thread-1] INFO  server.RaftServerConfigKeys (ConfUtils.java:logGet(43)) - raft.server.log.segment.size.max = 1048576 (custom)
2019-09-17 06:23:14,527 [pool-27-thread-1] INFO  server.RaftServerConfigKeys (ConfUtils.java:logGet(43)) - raft.server.log.segment.cache.num.max = 2 (custom)
2019-09-17 06:23:14,535 [pool-27-thread-1] INFO  segmented.SegmentedRaftLogWorker (SegmentedRaftLogWorker.java:<init>(172)) - new f190894b-dcff-4e4e-bc20-b884aa594020@group-E5DD6E7F832E-SegmentedRaftLogWorker for RaftStorage:Storage Directory /workdir/hadoop-ozone/integration-test/target/test-dir/MiniOzoneClusterImpl-73769ce3-3186-4052-8109-183e096b0a7f/datanode-0/data/ratis/87eb07fd-fb13-4d2e-8343-e5dd6e7f832e
2019-09-17 06:23:14,537 [pool-27-thread-1] INFO  impl.MetricsSystemImpl (MetricsSystemImpl.java:init(158)) - ratis metrics system started (again)
2019-09-17 06:23:14,583 [pool-27-thread-1] INFO  server.RaftServerConfigKeys (ConfUtils.java:logGet(43)) - raft.server.log.queue.byte-limit = 2147483647 (custom)
2019-09-17 06:23:14,584 [pool-27-thread-1] INFO  server.RaftServerConfigKeys (ConfUtils.java:logGet(43)) - raft.server.log.queue.element-limit = 1024 (custom)
2019-09-17 06:23:14,587 [pool-27-thread-1] INFO  server.RaftServerConfigKeys (ConfUtils.java:logGet(43)) - raft.server.log.segment.size.max = 1048576 (custom)
2019-09-17 06:23:14,588 [pool-27-thread-1] INFO  server.RaftServerConfigKeys (ConfUtils.java:logGet(43)) - raft.server.log.preallocated.size = 16384 (custom)
2019-09-17 06:23:14,588 [pool-27-thread-1] INFO  server.RaftServerConfigKeys (ConfUtils.java:logGet(43)) - raft.server.log.write.buffer.size = 33554432 (custom)
2019-09-17 06:23:14,589 [pool-27-thread-1] INFO  server.RaftServerConfigKeys (ConfUtils.java:logGet(43)) - raft.server.log.force.sync.num = 128 (default)
2019-09-17 06:23:14,590 [pool-27-thread-1] INFO  server.RaftServerConfigKeys (ConfUtils.java:logGet(43)) - raft.server.log.statemachine.data.sync = true (default)
2019-09-17 06:23:14,590 [pool-27-thread-1] INFO  server.RaftServerConfigKeys (ConfUtils.java:logGet(43)) - raft.server.log.statemachine.data.sync.timeout = 10s (default)
2019-09-17 06:23:14,590 [pool-27-thread-1] INFO  server.RaftServerConfigKeys (ConfUtils.java:logGet(43)) - raft.server.log.statemachine.data.sync.timeout.retry = -1 (default)
2019-09-17 06:23:14,599 [pool-27-thread-1] INFO  server.RaftServerConfigKeys (ConfUtils.java:logGet(43)) - raft.server.log.statemachine.data.caching.enabled = true (custom)
2019-09-17 06:23:14,604 [pool-27-thread-1] INFO  segmented.SegmentedRaftLogWorker (SegmentedRaftLogWorker.java:lambda$new$0(132)) - f190894b-dcff-4e4e-bc20-b884aa594020@group-E5DD6E7F832E-SegmentedRaftLogWorker: flushIndex: setUnconditionally 0 -> -1
2019-09-17 06:23:14,609 [pool-27-thread-1] INFO  server.RaftServerConfigKeys (ConfUtils.java:logGet(43)) - raft.server.snapshot.auto.trigger.enabled = true (custom)
2019-09-17 06:23:14,610 [pool-27-thread-1] INFO  server.RaftServerConfigKeys (ConfUtils.java:logGet(43)) - raft.server.snapshot.auto.trigger.threshold = 10000 (custom)
2019-09-17 06:23:14,610 [pool-27-thread-1] INFO  server.RaftServerConfigKeys (ConfUtils.java:logGet(43)) - raft.server.snapshot.retention.num.files = 5 (custom)
2019-09-17 06:23:14,611 [pool-27-thread-1] INFO  server.RaftServerConfigKeys (ConfUtils.java:logGet(43)) - raft.server.retrycache.expirytime = 600000ms (custom)
2019-09-17 06:23:14,636 [pool-27-thread-1] INFO  impl.RaftServerImpl (RaftServerImpl.java:start(185)) - f190894b-dcff-4e4e-bc20-b884aa594020@group-E5DD6E7F832E: start as a follower, conf=-1: [f190894b-dcff-4e4e-bc20-b884aa594020:192.168.69.122:44836], old=null
2019-09-17 06:23:14,637 [pool-27-thread-1] INFO  impl.RaftServerImpl (RaftServerImpl.java:setRole(174)) - f190894b-dcff-4e4e-bc20-b884aa594020@group-E5DD6E7F832E: changes role from      null to FOLLOWER at term 0 for startAsFollower
2019-09-17 06:23:14,638 [pool-27-thread-1] INFO  impl.RoleInfo (RoleInfo.java:updateAndGet(143)) - f190894b-dcff-4e4e-bc20-b884aa594020: start FollowerState
2019-09-17 06:23:14,640 [pool-27-thread-1] INFO  util.JmxRegister (JmxRegister.java:tryRegister(44)) - Successfully registered JMX Bean with object name Ratis:service=RaftServer,group=group-E5DD6E7F832E,id=f190894b-dcff-4e4e-bc20-b884aa594020
2019-09-17 06:23:14,704 [RatisPipelineUtilsThread] INFO  pipeline.PipelineStateManager (PipelineStateManager.java:addPipeline(56)) - Created pipeline Pipeline[ Id: 87eb07fd-fb13-4d2e-8343-e5dd6e7f832e, Nodes: f190894b-dcff-4e4e-bc20-b884aa594020{ip: 192.168.69.122, host: trunk-nightly-20190917-29l5j-2509219610, networkLocation: /default-rack, certSerialId: null}, Type:RATIS, Factor:ONE, State:OPEN]
2019-09-17 06:23:14,728 [grpc-default-executor-0] INFO  impl.RaftServerProxy (RaftServerProxy.java:addNew(89)) - eeb8834c-6e46-4de3-8646-ea0ad8f6367e: addNew group-4C16FE8315E4:[eeb8834c-6e46-4de3-8646-ea0ad8f6367e:192.168.69.122:33396] returns group-4C16FE8315E4:java.util.concurrent.CompletableFuture@118575fb[Not completed]
2019-09-17 06:23:14,770 [pool-47-thread-1] INFO  impl.RaftServerImpl (RaftServerImpl.java:<init>(95)) - eeb8834c-6e46-4de3-8646-ea0ad8f6367e: new RaftServerImpl for group-4C16FE8315E4:[eeb8834c-6e46-4de3-8646-ea0ad8f6367e:192.168.69.122:33396] with ContainerStateMachine:uninitialized
2019-09-17 06:23:14,772 [pool-47-thread-1] INFO  server.RaftServerConfigKeys (ConfUtils.java:logGet(43)) - raft.server.rpc.timeout.min = 5s (custom)
2019-09-17 06:23:14,773 [pool-47-thread-1] INFO  server.RaftServerConfigKeys (ConfUtils.java:logGet(43)) - raft.server.rpc.timeout.max = 5200ms (custom)
2019-09-17 06:23:14,773 [pool-47-thread-1] INFO  server.RaftServerConfigKeys (ConfUtils.java:logGet(43)) - raft.server.rpcslowness.timeout = 1000s (custom)
2019-09-17 06:23:14,773 [pool-47-thread-1] INFO  server.RaftServerConfigKeys (ConfUtils.java:logGet(43)) - raft.server.sleep.deviation.threshold = 300 (default)
2019-09-17 06:23:14,773 [pool-47-thread-1] INFO  server.RaftServerConfigKeys (ConfUtils.java:logGet(43)) - raft.server.log.appender.install.snapshot.enabled = false (custom)
2019-09-17 06:23:14,774 [pool-47-thread-1] INFO  impl.RaftServerImpl (ServerState.java:<init>(103)) - eeb8834c-6e46-4de3-8646-ea0ad8f6367e@group-4C16FE8315E4: ConfigurationManager, init=-1: [eeb8834c-6e46-4de3-8646-ea0ad8f6367e:192.168.69.122:33396], old=null, confs=<EMPTY_MAP>
2019-09-17 06:23:14,774 [pool-47-thread-1] INFO  server.RaftServerConfigKeys (ConfUtils.java:logGet(43)) - raft.server.storage.dir = [/workdir/hadoop-ozone/integration-test/target/test-dir/MiniOzoneClusterImpl-73769ce3-3186-4052-8109-183e096b0a7f/datanode-2/data/ratis] (custom)
2019-09-17 06:23:14,775 [pool-47-thread-1] INFO  storage.RaftStorageDirectory (RaftStorageDirectory.java:analyzeStorage(246)) - The storage directory /workdir/hadoop-ozone/integration-test/target/test-dir/MiniOzoneClusterImpl-73769ce3-3186-4052-8109-183e096b0a7f/datanode-2/data/ratis/2daeafeb-5392-4583-9e7e-4c16fe8315e4 does not exist. Creating ...
2019-09-17 06:23:14,801 [pool-47-thread-1] INFO  storage.RaftStorageDirectory (RaftStorageDirectory.java:tryLock(328)) - Lock on /workdir/hadoop-ozone/integration-test/target/test-dir/MiniOzoneClusterImpl-73769ce3-3186-4052-8109-183e096b0a7f/datanode-2/data/ratis/2daeafeb-5392-4583-9e7e-4c16fe8315e4/in_use.lock acquired by nodename 9504@trunk-nightly-20190917-29l5j-2509219610
2019-09-17 06:23:14,814 [pool-47-thread-1] INFO  storage.RaftStorage (RaftStorage.java:format(72)) - Storage directory /workdir/hadoop-ozone/integration-test/target/test-dir/MiniOzoneClusterImpl-73769ce3-3186-4052-8109-183e096b0a7f/datanode-2/data/ratis/2daeafeb-5392-4583-9e7e-4c16fe8315e4 has been successfully formatted.
2019-09-17 06:23:14,815 [pool-47-thread-1] INFO  ratis.ContainerStateMachine (ContainerStateMachine.java:loadSnapshot(230)) - group-4C16FE8315E4: The snapshot info is null. Setting the last applied indexto:(t:0, i:~)
2019-09-17 06:23:14,817 [pool-47-thread-1] INFO  server.RaftServerConfigKeys (ConfUtils.java:logGet(43)) - raft.server.notification.no-leader.timeout = 1000s (custom)
2019-09-17 06:23:14,817 [pool-47-thread-1] INFO  server.RaftServerConfigKeys (ConfUtils.java:logGet(43)) - raft.server.log.use.memory = false (default)
2019-09-17 06:23:14,818 [pool-47-thread-1] INFO  server.RaftServerConfigKeys (ConfUtils.java:logGet(43)) - raft.server.log.purge.gap = 1000000 (custom)
2019-09-17 06:23:14,818 [pool-47-thread-1] INFO  server.RaftServerConfigKeys (ConfUtils.java:logGet(43)) - raft.server.log.appender.buffer.byte-limit = 33554432 (custom)
2019-09-17 06:23:14,818 [pool-47-thread-1] INFO  server.RaftServerConfigKeys (ConfUtils.java:logGet(43)) - raft.server.log.segment.size.max = 1048576 (custom)
2019-09-17 06:23:14,818 [pool-47-thread-1] INFO  server.RaftServerConfigKeys (ConfUtils.java:logGet(43)) - raft.server.log.segment.cache.num.max = 2 (custom)
2019-09-17 06:23:14,819 [pool-47-thread-1] INFO  segmented.SegmentedRaftLogWorker (SegmentedRaftLogWorker.java:<init>(172)) - new eeb8834c-6e46-4de3-8646-ea0ad8f6367e@group-4C16FE8315E4-SegmentedRaftLogWorker for RaftStorage:Storage Directory /workdir/hadoop-ozone/integration-test/target/test-dir/MiniOzoneClusterImpl-73769ce3-3186-4052-8109-183e096b0a7f/datanode-2/data/ratis/2daeafeb-5392-4583-9e7e-4c16fe8315e4
2019-09-17 06:23:14,827 [pool-47-thread-1] INFO  server.RaftServerConfigKeys (ConfUtils.java:logGet(43)) - raft.server.log.queue.byte-limit = 2147483647 (custom)
2019-09-17 06:23:14,827 [pool-47-thread-1] INFO  server.RaftServerConfigKeys (ConfUtils.java:logGet(43)) - raft.server.log.queue.element-limit = 1024 (custom)
2019-09-17 06:23:14,827 [pool-47-thread-1] INFO  server.RaftServerConfigKeys (ConfUtils.java:logGet(43)) - raft.server.log.segment.size.max = 1048576 (custom)
2019-09-17 06:23:14,828 [pool-47-thread-1] INFO  server.RaftServerConfigKeys (ConfUtils.java:logGet(43)) - raft.server.log.preallocated.size = 16384 (custom)
2019-09-17 06:23:14,828 [pool-47-thread-1] INFO  server.RaftServerConfigKeys (ConfUtils.java:logGet(43)) - raft.server.log.write.buffer.size = 33554432 (custom)
2019-09-17 06:23:14,828 [pool-47-thread-1] INFO  server.RaftServerConfigKeys (ConfUtils.java:logGet(43)) - raft.server.log.force.sync.num = 128 (default)
2019-09-17 06:23:14,828 [pool-47-thread-1] INFO  server.RaftServerConfigKeys (ConfUtils.java:logGet(43)) - raft.server.log.statemachine.data.sync = true (default)
2019-09-17 06:23:14,829 [pool-47-thread-1] INFO  server.RaftServerConfigKeys (ConfUtils.java:logGet(43)) - raft.server.log.statemachine.data.sync.timeout = 10s (default)
2019-09-17 06:23:14,829 [pool-47-thread-1] INFO  server.RaftServerConfigKeys (ConfUtils.java:logGet(43)) - raft.server.log.statemachine.data.sync.timeout.retry = -1 (default)
2019-09-17 06:23:14,829 [pool-47-thread-1] INFO  server.RaftServerConfigKeys (ConfUtils.java:logGet(43)) - raft.server.log.statemachine.data.caching.enabled = true (custom)
2019-09-17 06:23:14,830 [pool-47-thread-1] INFO  segmented.SegmentedRaftLogWorker (SegmentedRaftLogWorker.java:lambda$new$0(132)) - eeb8834c-6e46-4de3-8646-ea0ad8f6367e@group-4C16FE8315E4-SegmentedRaftLogWorker: flushIndex: setUnconditionally 0 -> -1
2019-09-17 06:23:14,831 [pool-47-thread-1] INFO  server.RaftServerConfigKeys (ConfUtils.java:logGet(43)) - raft.server.snapshot.auto.trigger.enabled = true (custom)
2019-09-17 06:23:14,831 [pool-47-thread-1] INFO  server.RaftServerConfigKeys (ConfUtils.java:logGet(43)) - raft.server.snapshot.auto.trigger.threshold = 10000 (custom)
2019-09-17 06:23:14,831 [pool-47-thread-1] INFO  server.RaftServerConfigKeys (ConfUtils.java:logGet(43)) - raft.server.snapshot.retention.num.files = 5 (custom)
2019-09-17 06:23:14,831 [pool-47-thread-1] INFO  server.RaftServerConfigKeys (ConfUtils.java:logGet(43)) - raft.server.retrycache.expirytime = 600000ms (custom)
2019-09-17 06:23:14,838 [pool-47-thread-1] INFO  impl.RaftServerImpl (RaftServerImpl.java:start(185)) - eeb8834c-6e46-4de3-8646-ea0ad8f6367e@group-4C16FE8315E4: start as a follower, conf=-1: [eeb8834c-6e46-4de3-8646-ea0ad8f6367e:192.168.69.122:33396], old=null
2019-09-17 06:23:14,838 [pool-47-thread-1] INFO  impl.RaftServerImpl (RaftServerImpl.java:setRole(174)) - eeb8834c-6e46-4de3-8646-ea0ad8f6367e@group-4C16FE8315E4: changes role from      null to FOLLOWER at term 0 for startAsFollower
2019-09-17 06:23:14,838 [pool-47-thread-1] INFO  impl.RoleInfo (RoleInfo.java:updateAndGet(143)) - eeb8834c-6e46-4de3-8646-ea0ad8f6367e: start FollowerState
2019-09-17 06:23:14,840 [pool-47-thread-1] INFO  util.JmxRegister (JmxRegister.java:tryRegister(44)) - Successfully registered JMX Bean with object name Ratis:service=RaftServer,group=group-4C16FE8315E4,id=eeb8834c-6e46-4de3-8646-ea0ad8f6367e
2019-09-17 06:23:14,857 [RatisPipelineUtilsThread] INFO  pipeline.PipelineStateManager (PipelineStateManager.java:addPipeline(56)) - Created pipeline Pipeline[ Id: 2daeafeb-5392-4583-9e7e-4c16fe8315e4, Nodes: eeb8834c-6e46-4de3-8646-ea0ad8f6367e{ip: 192.168.69.122, host: trunk-nightly-20190917-29l5j-2509219610, networkLocation: /default-rack, certSerialId: null}, Type:RATIS, Factor:ONE, State:OPEN]
2019-09-17 06:23:14,884 [grpc-default-executor-0] INFO  impl.RaftServerProxy (RaftServerProxy.java:addNew(89)) - 7c9de0cf-eed1-4c51-ba4b-1bf623fe4654: addNew group-4FBFF1144DF4:[7c9de0cf-eed1-4c51-ba4b-1bf623fe4654:192.168.69.122:33872] returns group-4FBFF1144DF4:java.util.concurrent.CompletableFuture@5b569805[Not completed]
2019-09-17 06:23:14,907 [pool-57-thread-1] INFO  impl.RaftServerImpl (RaftServerImpl.java:<init>(95)) - 7c9de0cf-eed1-4c51-ba4b-1bf623fe4654: new RaftServerImpl for group-4FBFF1144DF4:[7c9de0cf-eed1-4c51-ba4b-1bf623fe4654:192.168.69.122:33872] with ContainerStateMachine:uninitialized
2019-09-17 06:23:14,911 [pool-57-thread-1] INFO  server.RaftServerConfigKeys (ConfUtils.java:logGet(43)) - raft.server.rpc.timeout.min = 5s (custom)
2019-09-17 06:23:14,911 [pool-57-thread-1] INFO  server.RaftServerConfigKeys (ConfUtils.java:logGet(43)) - raft.server.rpc.timeout.max = 5200ms (custom)
2019-09-17 06:23:14,911 [pool-57-thread-1] INFO  server.RaftServerConfigKeys (ConfUtils.java:logGet(43)) - raft.server.rpcslowness.timeout = 1000s (custom)
2019-09-17 06:23:14,911 [pool-57-thread-1] INFO  server.RaftServerConfigKeys (ConfUtils.java:logGet(43)) - raft.server.sleep.deviation.threshold = 300 (default)
2019-09-17 06:23:14,911 [pool-57-thread-1] INFO  server.RaftServerConfigKeys (ConfUtils.java:logGet(43)) - raft.server.log.appender.install.snapshot.enabled = false (custom)
2019-09-17 06:23:14,912 [pool-57-thread-1] INFO  impl.RaftServerImpl (ServerState.java:<init>(103)) - 7c9de0cf-eed1-4c51-ba4b-1bf623fe4654@group-4FBFF1144DF4: ConfigurationManager, init=-1: [7c9de0cf-eed1-4c51-ba4b-1bf623fe4654:192.168.69.122:33872], old=null, confs=<EMPTY_MAP>
2019-09-17 06:23:14,912 [pool-57-thread-1] INFO  server.RaftServerConfigKeys (ConfUtils.java:logGet(43)) - raft.server.storage.dir = [/workdir/hadoop-ozone/integration-test/target/test-dir/MiniOzoneClusterImpl-73769ce3-3186-4052-8109-183e096b0a7f/datanode-3/data/ratis] (custom)
2019-09-17 06:23:14,913 [pool-57-thread-1] INFO  storage.RaftStorageDirectory (RaftStorageDirectory.java:analyzeStorage(246)) - The storage directory /workdir/hadoop-ozone/integration-test/target/test-dir/MiniOzoneClusterImpl-73769ce3-3186-4052-8109-183e096b0a7f/datanode-3/data/ratis/7b51b5ad-8add-4d2d-8e0f-4fbff1144df4 does not exist. Creating ...
2019-09-17 06:23:14,927 [pool-57-thread-1] INFO  storage.RaftStorageDirectory (RaftStorageDirectory.java:tryLock(328)) - Lock on /workdir/hadoop-ozone/integration-test/target/test-dir/MiniOzoneClusterImpl-73769ce3-3186-4052-8109-183e096b0a7f/datanode-3/data/ratis/7b51b5ad-8add-4d2d-8e0f-4fbff1144df4/in_use.lock acquired by nodename 9504@trunk-nightly-20190917-29l5j-2509219610
2019-09-17 06:23:14,942 [pool-57-thread-1] INFO  storage.RaftStorage (RaftStorage.java:format(72)) - Storage directory /workdir/hadoop-ozone/integration-test/target/test-dir/MiniOzoneClusterImpl-73769ce3-3186-4052-8109-183e096b0a7f/datanode-3/data/ratis/7b51b5ad-8add-4d2d-8e0f-4fbff1144df4 has been successfully formatted.
2019-09-17 06:23:14,942 [pool-57-thread-1] INFO  ratis.ContainerStateMachine (ContainerStateMachine.java:loadSnapshot(230)) - group-4FBFF1144DF4: The snapshot info is null. Setting the last applied indexto:(t:0, i:~)
2019-09-17 06:23:14,942 [pool-57-thread-1] INFO  server.RaftServerConfigKeys (ConfUtils.java:logGet(43)) - raft.server.notification.no-leader.timeout = 1000s (custom)
2019-09-17 06:23:14,943 [pool-57-thread-1] INFO  server.RaftServerConfigKeys (ConfUtils.java:logGet(43)) - raft.server.log.use.memory = false (default)
2019-09-17 06:23:14,943 [pool-57-thread-1] INFO  server.RaftServerConfigKeys (ConfUtils.java:logGet(43)) - raft.server.log.purge.gap = 1000000 (custom)
2019-09-17 06:23:14,943 [pool-57-thread-1] INFO  server.RaftServerConfigKeys (ConfUtils.java:logGet(43)) - raft.server.log.appender.buffer.byte-limit = 33554432 (custom)
2019-09-17 06:23:14,943 [pool-57-thread-1] INFO  server.RaftServerConfigKeys (ConfUtils.java:logGet(43)) - raft.server.log.segment.size.max = 1048576 (custom)
2019-09-17 06:23:14,943 [pool-57-thread-1] INFO  server.RaftServerConfigKeys (ConfUtils.java:logGet(43)) - raft.server.log.segment.cache.num.max = 2 (custom)
2019-09-17 06:23:14,944 [pool-57-thread-1] INFO  segmented.SegmentedRaftLogWorker (SegmentedRaftLogWorker.java:<init>(172)) - new 7c9de0cf-eed1-4c51-ba4b-1bf623fe4654@group-4FBFF1144DF4-SegmentedRaftLogWorker for RaftStorage:Storage Directory /workdir/hadoop-ozone/integration-test/target/test-dir/MiniOzoneClusterImpl-73769ce3-3186-4052-8109-183e096b0a7f/datanode-3/data/ratis/7b51b5ad-8add-4d2d-8e0f-4fbff1144df4
2019-09-17 06:23:14,975 [pool-57-thread-1] INFO  server.RaftServerConfigKeys (ConfUtils.java:logGet(43)) - raft.server.log.queue.byte-limit = 2147483647 (custom)
2019-09-17 06:23:14,975 [pool-57-thread-1] INFO  server.RaftServerConfigKeys (ConfUtils.java:logGet(43)) - raft.server.log.queue.element-limit = 1024 (custom)
2019-09-17 06:23:14,976 [pool-57-thread-1] INFO  server.RaftServerConfigKeys (ConfUtils.java:logGet(43)) - raft.server.log.segment.size.max = 1048576 (custom)
2019-09-17 06:23:14,976 [pool-57-thread-1] INFO  server.RaftServerConfigKeys (ConfUtils.java:logGet(43)) - raft.server.log.preallocated.size = 16384 (custom)
2019-09-17 06:23:14,976 [pool-57-thread-1] INFO  server.RaftServerConfigKeys (ConfUtils.java:logGet(43)) - raft.server.log.write.buffer.size = 33554432 (custom)
2019-09-17 06:23:14,976 [pool-57-thread-1] INFO  server.RaftServerConfigKeys (ConfUtils.java:logGet(43)) - raft.server.log.force.sync.num = 128 (default)
2019-09-17 06:23:14,976 [pool-57-thread-1] INFO  server.RaftServerConfigKeys (ConfUtils.java:logGet(43)) - raft.server.log.statemachine.data.sync = true (default)
2019-09-17 06:23:14,977 [pool-57-thread-1] INFO  server.RaftServerConfigKeys (ConfUtils.java:logGet(43)) - raft.server.log.statemachine.data.sync.timeout = 10s (default)
2019-09-17 06:23:14,977 [pool-57-thread-1] INFO  server.RaftServerConfigKeys (ConfUtils.java:logGet(43)) - raft.server.log.statemachine.data.sync.timeout.retry = -1 (default)
2019-09-17 06:23:14,977 [pool-57-thread-1] INFO  server.RaftServerConfigKeys (ConfUtils.java:logGet(43)) - raft.server.log.statemachine.data.caching.enabled = true (custom)
2019-09-17 06:23:14,977 [pool-57-thread-1] INFO  segmented.SegmentedRaftLogWorker (SegmentedRaftLogWorker.java:lambda$new$0(132)) - 7c9de0cf-eed1-4c51-ba4b-1bf623fe4654@group-4FBFF1144DF4-SegmentedRaftLogWorker: flushIndex: setUnconditionally 0 -> -1
2019-09-17 06:23:14,978 [pool-57-thread-1] INFO  server.RaftServerConfigKeys (ConfUtils.java:logGet(43)) - raft.server.snapshot.auto.trigger.enabled = true (custom)
2019-09-17 06:23:14,978 [pool-57-thread-1] INFO  server.RaftServerConfigKeys (ConfUtils.java:logGet(43)) - raft.server.snapshot.auto.trigger.threshold = 10000 (custom)
2019-09-17 06:23:14,978 [pool-57-thread-1] INFO  server.RaftServerConfigKeys (ConfUtils.java:logGet(43)) - raft.server.snapshot.retention.num.files = 5 (custom)
2019-09-17 06:23:14,978 [pool-57-thread-1] INFO  server.RaftServerConfigKeys (ConfUtils.java:logGet(43)) - raft.server.retrycache.expirytime = 600000ms (custom)
2019-09-17 06:23:14,982 [pool-57-thread-1] INFO  impl.RaftServerImpl (RaftServerImpl.java:start(185)) - 7c9de0cf-eed1-4c51-ba4b-1bf623fe4654@group-4FBFF1144DF4: start as a follower, conf=-1: [7c9de0cf-eed1-4c51-ba4b-1bf623fe4654:192.168.69.122:33872], old=null
2019-09-17 06:23:14,982 [pool-57-thread-1] INFO  impl.RaftServerImpl (RaftServerImpl.java:setRole(174)) - 7c9de0cf-eed1-4c51-ba4b-1bf623fe4654@group-4FBFF1144DF4: changes role from      null to FOLLOWER at term 0 for startAsFollower
2019-09-17 06:23:14,983 [pool-57-thread-1] INFO  impl.RoleInfo (RoleInfo.java:updateAndGet(143)) - 7c9de0cf-eed1-4c51-ba4b-1bf623fe4654: start FollowerState
2019-09-17 06:23:14,983 [pool-57-thread-1] INFO  util.JmxRegister (JmxRegister.java:tryRegister(44)) - Successfully registered JMX Bean with object name Ratis:service=RaftServer,group=group-4FBFF1144DF4,id=7c9de0cf-eed1-4c51-ba4b-1bf623fe4654
2019-09-17 06:23:14,995 [RatisPipelineUtilsThread] INFO  pipeline.PipelineStateManager (PipelineStateManager.java:addPipeline(56)) - Created pipeline Pipeline[ Id: 7b51b5ad-8add-4d2d-8e0f-4fbff1144df4, Nodes: 7c9de0cf-eed1-4c51-ba4b-1bf623fe4654{ip: 192.168.69.122, host: trunk-nightly-20190917-29l5j-2509219610, networkLocation: /default-rack, certSerialId: null}, Type:RATIS, Factor:ONE, State:OPEN]
2019-09-17 06:23:15,016 [grpc-default-executor-0] INFO  impl.RaftServerProxy (RaftServerProxy.java:addNew(89)) - e52c2641-d294-4eba-8414-f585754bdde6: addNew group-86C8DB36F62D:[e52c2641-d294-4eba-8414-f585754bdde6:192.168.69.122:37018] returns group-86C8DB36F62D:java.util.concurrent.CompletableFuture@5a7db482[Not completed]
2019-09-17 06:23:15,018 [pool-37-thread-1] INFO  impl.RaftServerImpl (RaftServerImpl.java:<init>(95)) - e52c2641-d294-4eba-8414-f585754bdde6: new RaftServerImpl for group-86C8DB36F62D:[e52c2641-d294-4eba-8414-f585754bdde6:192.168.69.122:37018] with ContainerStateMachine:uninitialized
2019-09-17 06:23:15,018 [pool-37-thread-1] INFO  server.RaftServerConfigKeys (ConfUtils.java:logGet(43)) - raft.server.rpc.timeout.min = 5s (custom)
2019-09-17 06:23:15,018 [pool-37-thread-1] INFO  server.RaftServerConfigKeys (ConfUtils.java:logGet(43)) - raft.server.rpc.timeout.max = 5200ms (custom)
2019-09-17 06:23:15,019 [pool-37-thread-1] INFO  server.RaftServerConfigKeys (ConfUtils.java:logGet(43)) - raft.server.rpcslowness.timeout = 1000s (custom)
2019-09-17 06:23:15,019 [pool-37-thread-1] INFO  server.RaftServerConfigKeys (ConfUtils.java:logGet(43)) - raft.server.sleep.deviation.threshold = 300 (default)
2019-09-17 06:23:15,019 [pool-37-thread-1] INFO  server.RaftServerConfigKeys (ConfUtils.java:logGet(43)) - raft.server.log.appender.install.snapshot.enabled = false (custom)
2019-09-17 06:23:15,019 [pool-37-thread-1] INFO  impl.RaftServerImpl (ServerState.java:<init>(103)) - e52c2641-d294-4eba-8414-f585754bdde6@group-86C8DB36F62D: ConfigurationManager, init=-1: [e52c2641-d294-4eba-8414-f585754bdde6:192.168.69.122:37018], old=null, confs=<EMPTY_MAP>
2019-09-17 06:23:15,020 [pool-37-thread-1] INFO  server.RaftServerConfigKeys (ConfUtils.java:logGet(43)) - raft.server.storage.dir = [/workdir/hadoop-ozone/integration-test/target/test-dir/MiniOzoneClusterImpl-73769ce3-3186-4052-8109-183e096b0a7f/datanode-1/data/ratis] (custom)
2019-09-17 06:23:15,020 [pool-37-thread-1] INFO  storage.RaftStorageDirectory (RaftStorageDirectory.java:analyzeStorage(246)) - The storage directory /workdir/hadoop-ozone/integration-test/target/test-dir/MiniOzoneClusterImpl-73769ce3-3186-4052-8109-183e096b0a7f/datanode-1/data/ratis/96f1c371-a419-444f-8b07-86c8db36f62d does not exist. Creating ...
2019-09-17 06:23:15,034 [pool-37-thread-1] INFO  storage.RaftStorageDirectory (RaftStorageDirectory.java:tryLock(328)) - Lock on /workdir/hadoop-ozone/integration-test/target/test-dir/MiniOzoneClusterImpl-73769ce3-3186-4052-8109-183e096b0a7f/datanode-1/data/ratis/96f1c371-a419-444f-8b07-86c8db36f62d/in_use.lock acquired by nodename 9504@trunk-nightly-20190917-29l5j-2509219610
2019-09-17 06:23:15,056 [pool-37-thread-1] INFO  storage.RaftStorage (RaftStorage.java:format(72)) - Storage directory /workdir/hadoop-ozone/integration-test/target/test-dir/MiniOzoneClusterImpl-73769ce3-3186-4052-8109-183e096b0a7f/datanode-1/data/ratis/96f1c371-a419-444f-8b07-86c8db36f62d has been successfully formatted.
2019-09-17 06:23:15,056 [pool-37-thread-1] INFO  ratis.ContainerStateMachine (ContainerStateMachine.java:loadSnapshot(230)) - group-86C8DB36F62D: The snapshot info is null. Setting the last applied indexto:(t:0, i:~)
2019-09-17 06:23:15,056 [pool-37-thread-1] INFO  server.RaftServerConfigKeys (ConfUtils.java:logGet(43)) - raft.server.notification.no-leader.timeout = 1000s (custom)
2019-09-17 06:23:15,057 [pool-37-thread-1] INFO  server.RaftServerConfigKeys (ConfUtils.java:logGet(43)) - raft.server.log.use.memory = false (default)
2019-09-17 06:23:15,057 [pool-37-thread-1] INFO  server.RaftServerConfigKeys (ConfUtils.java:logGet(43)) - raft.server.log.purge.gap = 1000000 (custom)
2019-09-17 06:23:15,057 [pool-37-thread-1] INFO  server.RaftServerConfigKeys (ConfUtils.java:logGet(43)) - raft.server.log.appender.buffer.byte-limit = 33554432 (custom)
2019-09-17 06:23:15,057 [pool-37-thread-1] INFO  server.RaftServerConfigKeys (ConfUtils.java:logGet(43)) - raft.server.log.segment.size.max = 1048576 (custom)
2019-09-17 06:23:15,058 [pool-37-thread-1] INFO  server.RaftServerConfigKeys (ConfUtils.java:logGet(43)) - raft.server.log.segment.cache.num.max = 2 (custom)
2019-09-17 06:23:15,058 [pool-37-thread-1] INFO  segmented.SegmentedRaftLogWorker (SegmentedRaftLogWorker.java:<init>(172)) - new e52c2641-d294-4eba-8414-f585754bdde6@group-86C8DB36F62D-SegmentedRaftLogWorker for RaftStorage:Storage Directory /workdir/hadoop-ozone/integration-test/target/test-dir/MiniOzoneClusterImpl-73769ce3-3186-4052-8109-183e096b0a7f/datanode-1/data/ratis/96f1c371-a419-444f-8b07-86c8db36f62d
2019-09-17 06:23:15,063 [pool-37-thread-1] INFO  server.RaftServerConfigKeys (ConfUtils.java:logGet(43)) - raft.server.log.queue.byte-limit = 2147483647 (custom)
2019-09-17 06:23:15,064 [pool-37-thread-1] INFO  server.RaftServerConfigKeys (ConfUtils.java:logGet(43)) - raft.server.log.queue.element-limit = 1024 (custom)
2019-09-17 06:23:15,065 [pool-37-thread-1] INFO  server.RaftServerConfigKeys (ConfUtils.java:logGet(43)) - raft.server.log.segment.size.max = 1048576 (custom)
2019-09-17 06:23:15,066 [pool-37-thread-1] INFO  server.RaftServerConfigKeys (ConfUtils.java:logGet(43)) - raft.server.log.preallocated.size = 16384 (custom)
2019-09-17 06:23:15,066 [pool-37-thread-1] INFO  server.RaftServerConfigKeys (ConfUtils.java:logGet(43)) - raft.server.log.write.buffer.size = 33554432 (custom)
2019-09-17 06:23:15,066 [pool-37-thread-1] INFO  server.RaftServerConfigKeys (ConfUtils.java:logGet(43)) - raft.server.log.force.sync.num = 128 (default)
2019-09-17 06:23:15,066 [pool-37-thread-1] INFO  server.RaftServerConfigKeys (ConfUtils.java:logGet(43)) - raft.server.log.statemachine.data.sync = true (default)
2019-09-17 06:23:15,067 [pool-37-thread-1] INFO  server.RaftServerConfigKeys (ConfUtils.java:logGet(43)) - raft.server.log.statemachine.data.sync.timeout = 10s (default)
2019-09-17 06:23:15,067 [pool-37-thread-1] INFO  server.RaftServerConfigKeys (ConfUtils.java:logGet(43)) - raft.server.log.statemachine.data.sync.timeout.retry = -1 (default)
2019-09-17 06:23:15,067 [pool-37-thread-1] INFO  server.RaftServerConfigKeys (ConfUtils.java:logGet(43)) - raft.server.log.statemachine.data.caching.enabled = true (custom)
2019-09-17 06:23:15,068 [pool-37-thread-1] INFO  segmented.SegmentedRaftLogWorker (SegmentedRaftLogWorker.java:lambda$new$0(132)) - e52c2641-d294-4eba-8414-f585754bdde6@group-86C8DB36F62D-SegmentedRaftLogWorker: flushIndex: setUnconditionally 0 -> -1
2019-09-17 06:23:15,068 [pool-37-thread-1] INFO  server.RaftServerConfigKeys (ConfUtils.java:logGet(43)) - raft.server.snapshot.auto.trigger.enabled = true (custom)
2019-09-17 06:23:15,068 [pool-37-thread-1] INFO  server.RaftServerConfigKeys (ConfUtils.java:logGet(43)) - raft.server.snapshot.auto.trigger.threshold = 10000 (custom)
2019-09-17 06:23:15,069 [pool-37-thread-1] INFO  server.RaftServerConfigKeys (ConfUtils.java:logGet(43)) - raft.server.snapshot.retention.num.files = 5 (custom)
2019-09-17 06:23:15,069 [pool-37-thread-1] INFO  server.RaftServerConfigKeys (ConfUtils.java:logGet(43)) - raft.server.retrycache.expirytime = 600000ms (custom)
2019-09-17 06:23:15,075 [pool-37-thread-1] INFO  impl.RaftServerImpl (RaftServerImpl.java:start(185)) - e52c2641-d294-4eba-8414-f585754bdde6@group-86C8DB36F62D: start as a follower, conf=-1: [e52c2641-d294-4eba-8414-f585754bdde6:192.168.69.122:37018], old=null
2019-09-17 06:23:15,075 [pool-37-thread-1] INFO  impl.RaftServerImpl (RaftServerImpl.java:setRole(174)) - e52c2641-d294-4eba-8414-f585754bdde6@group-86C8DB36F62D: changes role from      null to FOLLOWER at term 0 for startAsFollower
2019-09-17 06:23:15,075 [pool-37-thread-1] INFO  impl.RoleInfo (RoleInfo.java:updateAndGet(143)) - e52c2641-d294-4eba-8414-f585754bdde6: start FollowerState
2019-09-17 06:23:15,076 [pool-37-thread-1] INFO  util.JmxRegister (JmxRegister.java:tryRegister(44)) - Successfully registered JMX Bean with object name Ratis:service=RaftServer,group=group-86C8DB36F62D,id=e52c2641-d294-4eba-8414-f585754bdde6
2019-09-17 06:23:15,087 [RatisPipelineUtilsThread] INFO  pipeline.PipelineStateManager (PipelineStateManager.java:addPipeline(56)) - Created pipeline Pipeline[ Id: 96f1c371-a419-444f-8b07-86c8db36f62d, Nodes: e52c2641-d294-4eba-8414-f585754bdde6{ip: 192.168.69.122, host: trunk-nightly-20190917-29l5j-2509219610, networkLocation: /default-rack, certSerialId: null}, Type:RATIS, Factor:ONE, State:OPEN]
2019-09-17 06:23:15,090 [main] INFO  ozone.MiniOzoneClusterImpl (MiniOzoneClusterImpl.java:lambda$waitForClusterToBeReady$0(145)) - Cluster is ready. Got 4 of 4 DN Heartbeats.
2019-09-17 06:23:15,108 [main] INFO  container.ReplicationManager (ReplicationManager.java:start(162)) - Starting Replication Monitor Thread.
2019-09-17 06:23:15,126 [ReplicationMonitor] INFO  container.ReplicationManager (ReplicationManager.java:run(225)) - Replication Monitor Thread took 2 milliseconds for processing 0 containers.
2019-09-17 06:23:15,147 [grpc-default-executor-2] INFO  impl.RaftServerProxy (RaftServerProxy.java:addNew(89)) - eeb8834c-6e46-4de3-8646-ea0ad8f6367e: addNew group-BDEDA6706690:[7c9de0cf-eed1-4c51-ba4b-1bf623fe4654:192.168.69.122:33872, eeb8834c-6e46-4de3-8646-ea0ad8f6367e:192.168.69.122:33396, f190894b-dcff-4e4e-bc20-b884aa594020:192.168.69.122:44836] returns group-BDEDA6706690:java.util.concurrent.CompletableFuture@84e1242[Not completed]
2019-09-17 06:23:15,148 [grpc-default-executor-1] INFO  impl.RaftServerProxy (RaftServerProxy.java:addNew(89)) - 7c9de0cf-eed1-4c51-ba4b-1bf623fe4654: addNew group-BDEDA6706690:[7c9de0cf-eed1-4c51-ba4b-1bf623fe4654:192.168.69.122:33872, eeb8834c-6e46-4de3-8646-ea0ad8f6367e:192.168.69.122:33396, f190894b-dcff-4e4e-bc20-b884aa594020:192.168.69.122:44836] returns group-BDEDA6706690:java.util.concurrent.CompletableFuture@6a0a5d2b[Not completed]
2019-09-17 06:23:15,149 [grpc-default-executor-2] INFO  impl.RaftServerProxy (RaftServerProxy.java:addNew(89)) - f190894b-dcff-4e4e-bc20-b884aa594020: addNew group-BDEDA6706690:[7c9de0cf-eed1-4c51-ba4b-1bf623fe4654:192.168.69.122:33872, eeb8834c-6e46-4de3-8646-ea0ad8f6367e:192.168.69.122:33396, f190894b-dcff-4e4e-bc20-b884aa594020:192.168.69.122:44836] returns group-BDEDA6706690:java.util.concurrent.CompletableFuture@4d4c8d2f[Not completed]
2019-09-17 06:23:15,150 [pool-47-thread-1] INFO  impl.RaftServerImpl (RaftServerImpl.java:<init>(95)) - eeb8834c-6e46-4de3-8646-ea0ad8f6367e: new RaftServerImpl for group-BDEDA6706690:[7c9de0cf-eed1-4c51-ba4b-1bf623fe4654:192.168.69.122:33872, eeb8834c-6e46-4de3-8646-ea0ad8f6367e:192.168.69.122:33396, f190894b-dcff-4e4e-bc20-b884aa594020:192.168.69.122:44836] with ContainerStateMachine:uninitialized
2019-09-17 06:23:15,150 [pool-47-thread-1] INFO  server.RaftServerConfigKeys (ConfUtils.java:logGet(43)) - raft.server.rpc.timeout.min = 5s (custom)
2019-09-17 06:23:15,151 [pool-47-thread-1] INFO  server.RaftServerConfigKeys (ConfUtils.java:logGet(43)) - raft.server.rpc.timeout.max = 5200ms (custom)
2019-09-17 06:23:15,151 [pool-47-thread-1] INFO  server.RaftServerConfigKeys (ConfUtils.java:logGet(43)) - raft.server.rpcslowness.timeout = 1000s (custom)
2019-09-17 06:23:15,151 [pool-47-thread-1] INFO  server.RaftServerConfigKeys (ConfUtils.java:logGet(43)) - raft.server.sleep.deviation.threshold = 300 (default)
2019-09-17 06:23:15,151 [pool-27-thread-1] INFO  impl.RaftServerImpl (RaftServerImpl.java:<init>(95)) - f190894b-dcff-4e4e-bc20-b884aa594020: new RaftServerImpl for group-BDEDA6706690:[7c9de0cf-eed1-4c51-ba4b-1bf623fe4654:192.168.69.122:33872, eeb8834c-6e46-4de3-8646-ea0ad8f6367e:192.168.69.122:33396, f190894b-dcff-4e4e-bc20-b884aa594020:192.168.69.122:44836] with ContainerStateMachine:uninitialized
2019-09-17 06:23:15,151 [pool-47-thread-1] INFO  server.RaftServerConfigKeys (ConfUtils.java:logGet(43)) - raft.server.log.appender.install.snapshot.enabled = false (custom)
2019-09-17 06:23:15,152 [pool-27-thread-1] INFO  server.RaftServerConfigKeys (ConfUtils.java:logGet(43)) - raft.server.rpc.timeout.min = 5s (custom)
2019-09-17 06:23:15,152 [pool-47-thread-1] INFO  impl.RaftServerImpl (ServerState.java:<init>(103)) - eeb8834c-6e46-4de3-8646-ea0ad8f6367e@group-BDEDA6706690: ConfigurationManager, init=-1: [7c9de0cf-eed1-4c51-ba4b-1bf623fe4654:192.168.69.122:33872, eeb8834c-6e46-4de3-8646-ea0ad8f6367e:192.168.69.122:33396, f190894b-dcff-4e4e-bc20-b884aa594020:192.168.69.122:44836], old=null, confs=<EMPTY_MAP>
2019-09-17 06:23:15,152 [pool-27-thread-1] INFO  server.RaftServerConfigKeys (ConfUtils.java:logGet(43)) - raft.server.rpc.timeout.max = 5200ms (custom)
2019-09-17 06:23:15,152 [pool-47-thread-1] INFO  server.RaftServerConfigKeys (ConfUtils.java:logGet(43)) - raft.server.storage.dir = [/workdir/hadoop-ozone/integration-test/target/test-dir/MiniOzoneClusterImpl-73769ce3-3186-4052-8109-183e096b0a7f/datanode-2/data/ratis] (custom)
2019-09-17 06:23:15,152 [pool-27-thread-1] INFO  server.RaftServerConfigKeys (ConfUtils.java:logGet(43)) - raft.server.rpcslowness.timeout = 1000s (custom)
2019-09-17 06:23:15,152 [pool-57-thread-1] INFO  impl.RaftServerImpl (RaftServerImpl.java:<init>(95)) - 7c9de0cf-eed1-4c51-ba4b-1bf623fe4654: new RaftServerImpl for group-BDEDA6706690:[7c9de0cf-eed1-4c51-ba4b-1bf623fe4654:192.168.69.122:33872, eeb8834c-6e46-4de3-8646-ea0ad8f6367e:192.168.69.122:33396, f190894b-dcff-4e4e-bc20-b884aa594020:192.168.69.122:44836] with ContainerStateMachine:uninitialized
2019-09-17 06:23:15,153 [pool-27-thread-1] INFO  server.RaftServerConfigKeys (ConfUtils.java:logGet(43)) - raft.server.sleep.deviation.threshold = 300 (default)
2019-09-17 06:23:15,153 [pool-57-thread-1] INFO  server.RaftServerConfigKeys (ConfUtils.java:logGet(43)) - raft.server.rpc.timeout.min = 5s (custom)
2019-09-17 06:23:15,153 [pool-47-thread-1] INFO  storage.RaftStorageDirectory (RaftStorageDirectory.java:analyzeStorage(246)) - The storage directory /workdir/hadoop-ozone/integration-test/target/test-dir/MiniOzoneClusterImpl-73769ce3-3186-4052-8109-183e096b0a7f/datanode-2/data/ratis/0cdd67d9-0147-4318-8aef-bdeda6706690 does not exist. Creating ...
2019-09-17 06:23:15,153 [pool-57-thread-1] INFO  server.RaftServerConfigKeys (ConfUtils.java:logGet(43)) - raft.server.rpc.timeout.max = 5200ms (custom)
2019-09-17 06:23:15,153 [pool-27-thread-1] INFO  server.RaftServerConfigKeys (ConfUtils.java:logGet(43)) - raft.server.log.appender.install.snapshot.enabled = false (custom)
2019-09-17 06:23:15,153 [pool-57-thread-1] INFO  server.RaftServerConfigKeys (ConfUtils.java:logGet(43)) - raft.server.rpcslowness.timeout = 1000s (custom)
2019-09-17 06:23:15,154 [pool-27-thread-1] INFO  impl.RaftServerImpl (ServerState.java:<init>(103)) - f190894b-dcff-4e4e-bc20-b884aa594020@group-BDEDA6706690: ConfigurationManager, init=-1: [7c9de0cf-eed1-4c51-ba4b-1bf623fe4654:192.168.69.122:33872, eeb8834c-6e46-4de3-8646-ea0ad8f6367e:192.168.69.122:33396, f190894b-dcff-4e4e-bc20-b884aa594020:192.168.69.122:44836], old=null, confs=<EMPTY_MAP>
2019-09-17 06:23:15,154 [pool-57-thread-1] INFO  server.RaftServerConfigKeys (ConfUtils.java:logGet(43)) - raft.server.sleep.deviation.threshold = 300 (default)
2019-09-17 06:23:15,154 [pool-27-thread-1] INFO  server.RaftServerConfigKeys (ConfUtils.java:logGet(43)) - raft.server.storage.dir = [/workdir/hadoop-ozone/integration-test/target/test-dir/MiniOzoneClusterImpl-73769ce3-3186-4052-8109-183e096b0a7f/datanode-0/data/ratis] (custom)
2019-09-17 06:23:15,154 [pool-57-thread-1] INFO  server.RaftServerConfigKeys (ConfUtils.java:logGet(43)) - raft.server.log.appender.install.snapshot.enabled = false (custom)
2019-09-17 06:23:15,155 [pool-57-thread-1] INFO  impl.RaftServerImpl (ServerState.java:<init>(103)) - 7c9de0cf-eed1-4c51-ba4b-1bf623fe4654@group-BDEDA6706690: ConfigurationManager, init=-1: [7c9de0cf-eed1-4c51-ba4b-1bf623fe4654:192.168.69.122:33872, eeb8834c-6e46-4de3-8646-ea0ad8f6367e:192.168.69.122:33396, f190894b-dcff-4e4e-bc20-b884aa594020:192.168.69.122:44836], old=null, confs=<EMPTY_MAP>
2019-09-17 06:23:15,155 [pool-27-thread-1] INFO  storage.RaftStorageDirectory (RaftStorageDirectory.java:analyzeStorage(246)) - The storage directory /workdir/hadoop-ozone/integration-test/target/test-dir/MiniOzoneClusterImpl-73769ce3-3186-4052-8109-183e096b0a7f/datanode-0/data/ratis/0cdd67d9-0147-4318-8aef-bdeda6706690 does not exist. Creating ...
2019-09-17 06:23:15,155 [pool-57-thread-1] INFO  server.RaftServerConfigKeys (ConfUtils.java:logGet(43)) - raft.server.storage.dir = [/workdir/hadoop-ozone/integration-test/target/test-dir/MiniOzoneClusterImpl-73769ce3-3186-4052-8109-183e096b0a7f/datanode-3/data/ratis] (custom)
2019-09-17 06:23:15,155 [pool-57-thread-1] INFO  storage.RaftStorageDirectory (RaftStorageDirectory.java:analyzeStorage(246)) - The storage directory /workdir/hadoop-ozone/integration-test/target/test-dir/MiniOzoneClusterImpl-73769ce3-3186-4052-8109-183e096b0a7f/datanode-3/data/ratis/0cdd67d9-0147-4318-8aef-bdeda6706690 does not exist. Creating ...
2019-09-17 06:23:15,178 [pool-27-thread-1] INFO  storage.RaftStorageDirectory (RaftStorageDirectory.java:tryLock(328)) - Lock on /workdir/hadoop-ozone/integration-test/target/test-dir/MiniOzoneClusterImpl-73769ce3-3186-4052-8109-183e096b0a7f/datanode-0/data/ratis/0cdd67d9-0147-4318-8aef-bdeda6706690/in_use.lock acquired by nodename 9504@trunk-nightly-20190917-29l5j-2509219610
2019-09-17 06:23:15,178 [pool-57-thread-1] INFO  storage.RaftStorageDirectory (RaftStorageDirectory.java:tryLock(328)) - Lock on /workdir/hadoop-ozone/integration-test/target/test-dir/MiniOzoneClusterImpl-73769ce3-3186-4052-8109-183e096b0a7f/datanode-3/data/ratis/0cdd67d9-0147-4318-8aef-bdeda6706690/in_use.lock acquired by nodename 9504@trunk-nightly-20190917-29l5j-2509219610
2019-09-17 06:23:15,178 [pool-47-thread-1] INFO  storage.RaftStorageDirectory (RaftStorageDirectory.java:tryLock(328)) - Lock on /workdir/hadoop-ozone/integration-test/target/test-dir/MiniOzoneClusterImpl-73769ce3-3186-4052-8109-183e096b0a7f/datanode-2/data/ratis/0cdd67d9-0147-4318-8aef-bdeda6706690/in_use.lock acquired by nodename 9504@trunk-nightly-20190917-29l5j-2509219610
2019-09-17 06:23:15,204 [pool-47-thread-1] INFO  storage.RaftStorage (RaftStorage.java:format(72)) - Storage directory /workdir/hadoop-ozone/integration-test/target/test-dir/MiniOzoneClusterImpl-73769ce3-3186-4052-8109-183e096b0a7f/datanode-2/data/ratis/0cdd67d9-0147-4318-8aef-bdeda6706690 has been successfully formatted.
2019-09-17 06:23:15,204 [pool-27-thread-1] INFO  storage.RaftStorage (RaftStorage.java:format(72)) - Storage directory /workdir/hadoop-ozone/integration-test/target/test-dir/MiniOzoneClusterImpl-73769ce3-3186-4052-8109-183e096b0a7f/datanode-0/data/ratis/0cdd67d9-0147-4318-8aef-bdeda6706690 has been successfully formatted.
2019-09-17 06:23:15,204 [pool-57-thread-1] INFO  storage.RaftStorage (RaftStorage.java:format(72)) - Storage directory /workdir/hadoop-ozone/integration-test/target/test-dir/MiniOzoneClusterImpl-73769ce3-3186-4052-8109-183e096b0a7f/datanode-3/data/ratis/0cdd67d9-0147-4318-8aef-bdeda6706690 has been successfully formatted.
2019-09-17 06:23:15,205 [pool-47-thread-1] INFO  ratis.ContainerStateMachine (ContainerStateMachine.java:loadSnapshot(230)) - group-BDEDA6706690: The snapshot info is null. Setting the last applied indexto:(t:0, i:~)
2019-09-17 06:23:15,205 [pool-27-thread-1] INFO  ratis.ContainerStateMachine (ContainerStateMachine.java:loadSnapshot(230)) - group-BDEDA6706690: The snapshot info is null. Setting the last applied indexto:(t:0, i:~)
2019-09-17 06:23:15,205 [pool-47-thread-1] INFO  server.RaftServerConfigKeys (ConfUtils.java:logGet(43)) - raft.server.notification.no-leader.timeout = 1000s (custom)
2019-09-17 06:23:15,205 [pool-57-thread-1] INFO  ratis.ContainerStateMachine (ContainerStateMachine.java:loadSnapshot(230)) - group-BDEDA6706690: The snapshot info is null. Setting the last applied indexto:(t:0, i:~)
2019-09-17 06:23:15,205 [pool-47-thread-1] INFO  server.RaftServerConfigKeys (ConfUtils.java:logGet(43)) - raft.server.log.use.memory = false (default)
2019-09-17 06:23:15,205 [pool-27-thread-1] INFO  server.RaftServerConfigKeys (ConfUtils.java:logGet(43)) - raft.server.notification.no-leader.timeout = 1000s (custom)
2019-09-17 06:23:15,206 [pool-47-thread-1] INFO  server.RaftServerConfigKeys (ConfUtils.java:logGet(43)) - raft.server.log.purge.gap = 1000000 (custom)
2019-09-17 06:23:15,206 [pool-57-thread-1] INFO  server.RaftServerConfigKeys (ConfUtils.java:logGet(43)) - raft.server.notification.no-leader.timeout = 1000s (custom)
2019-09-17 06:23:15,206 [pool-47-thread-1] INFO  server.RaftServerConfigKeys (ConfUtils.java:logGet(43)) - raft.server.log.appender.buffer.byte-limit = 33554432 (custom)
2019-09-17 06:23:15,206 [pool-27-thread-1] INFO  server.RaftServerConfigKeys (ConfUtils.java:logGet(43)) - raft.server.log.use.memory = false (default)
2019-09-17 06:23:15,207 [pool-47-thread-1] INFO  server.RaftServerConfigKeys (ConfUtils.java:logGet(43)) - raft.server.log.segment.size.max = 1048576 (custom)
2019-09-17 06:23:15,206 [pool-57-thread-1] INFO  server.RaftServerConfigKeys (ConfUtils.java:logGet(43)) - raft.server.log.use.memory = false (default)
2019-09-17 06:23:15,207 [pool-47-thread-1] INFO  server.RaftServerConfigKeys (ConfUtils.java:logGet(43)) - raft.server.log.segment.cache.num.max = 2 (custom)
2019-09-17 06:23:15,207 [pool-27-thread-1] INFO  server.RaftServerConfigKeys (ConfUtils.java:logGet(43)) - raft.server.log.purge.gap = 1000000 (custom)
2019-09-17 06:23:15,207 [pool-47-thread-1] INFO  segmented.SegmentedRaftLogWorker (SegmentedRaftLogWorker.java:<init>(172)) - new eeb8834c-6e46-4de3-8646-ea0ad8f6367e@group-BDEDA6706690-SegmentedRaftLogWorker for RaftStorage:Storage Directory /workdir/hadoop-ozone/integration-test/target/test-dir/MiniOzoneClusterImpl-73769ce3-3186-4052-8109-183e096b0a7f/datanode-2/data/ratis/0cdd67d9-0147-4318-8aef-bdeda6706690
2019-09-17 06:23:15,207 [pool-57-thread-1] INFO  server.RaftServerConfigKeys (ConfUtils.java:logGet(43)) - raft.server.log.purge.gap = 1000000 (custom)
2019-09-17 06:23:15,208 [pool-47-thread-1] INFO  server.RaftServerConfigKeys (ConfUtils.java:logGet(43)) - raft.server.log.queue.byte-limit = 2147483647 (custom)
2019-09-17 06:23:15,207 [pool-27-thread-1] INFO  server.RaftServerConfigKeys (ConfUtils.java:logGet(43)) - raft.server.log.appender.buffer.byte-limit = 33554432 (custom)
2019-09-17 06:23:15,208 [pool-47-thread-1] INFO  server.RaftServerConfigKeys (ConfUtils.java:logGet(43)) - raft.server.log.queue.element-limit = 1024 (custom)
2019-09-17 06:23:15,208 [pool-57-thread-1] INFO  server.RaftServerConfigKeys (ConfUtils.java:logGet(43)) - raft.server.log.appender.buffer.byte-limit = 33554432 (custom)
2019-09-17 06:23:15,208 [pool-47-thread-1] INFO  server.RaftServerConfigKeys (ConfUtils.java:logGet(43)) - raft.server.log.segment.size.max = 1048576 (custom)
2019-09-17 06:23:15,208 [pool-27-thread-1] INFO  server.RaftServerConfigKeys (ConfUtils.java:logGet(43)) - raft.server.log.segment.size.max = 1048576 (custom)
2019-09-17 06:23:15,209 [pool-47-thread-1] INFO  server.RaftServerConfigKeys (ConfUtils.java:logGet(43)) - raft.server.log.preallocated.size = 16384 (custom)
2019-09-17 06:23:15,209 [pool-57-thread-1] INFO  server.RaftServerConfigKeys (ConfUtils.java:logGet(43)) - raft.server.log.segment.size.max = 1048576 (custom)
2019-09-17 06:23:15,209 [pool-47-thread-1] INFO  server.RaftServerConfigKeys (ConfUtils.java:logGet(43)) - raft.server.log.write.buffer.size = 33554432 (custom)
2019-09-17 06:23:15,209 [pool-27-thread-1] INFO  server.RaftServerConfigKeys (ConfUtils.java:logGet(43)) - raft.server.log.segment.cache.num.max = 2 (custom)
2019-09-17 06:23:15,210 [pool-47-thread-1] INFO  server.RaftServerConfigKeys (ConfUtils.java:logGet(43)) - raft.server.log.force.sync.num = 128 (default)
2019-09-17 06:23:15,209 [pool-57-thread-1] INFO  server.RaftServerConfigKeys (ConfUtils.java:logGet(43)) - raft.server.log.segment.cache.num.max = 2 (custom)
2019-09-17 06:23:15,210 [pool-47-thread-1] INFO  server.RaftServerConfigKeys (ConfUtils.java:logGet(43)) - raft.server.log.statemachine.data.sync = true (default)
2019-09-17 06:23:15,210 [pool-27-thread-1] INFO  segmented.SegmentedRaftLogWorker (SegmentedRaftLogWorker.java:<init>(172)) - new f190894b-dcff-4e4e-bc20-b884aa594020@group-BDEDA6706690-SegmentedRaftLogWorker for RaftStorage:Storage Directory /workdir/hadoop-ozone/integration-test/target/test-dir/MiniOzoneClusterImpl-73769ce3-3186-4052-8109-183e096b0a7f/datanode-0/data/ratis/0cdd67d9-0147-4318-8aef-bdeda6706690
2019-09-17 06:23:15,210 [pool-47-thread-1] INFO  server.RaftServerConfigKeys (ConfUtils.java:logGet(43)) - raft.server.log.statemachine.data.sync.timeout = 10s (default)
2019-09-17 06:23:15,210 [pool-57-thread-1] INFO  segmented.SegmentedRaftLogWorker (SegmentedRaftLogWorker.java:<init>(172)) - new 7c9de0cf-eed1-4c51-ba4b-1bf623fe4654@group-BDEDA6706690-SegmentedRaftLogWorker for RaftStorage:Storage Directory /workdir/hadoop-ozone/integration-test/target/test-dir/MiniOzoneClusterImpl-73769ce3-3186-4052-8109-183e096b0a7f/datanode-3/data/ratis/0cdd67d9-0147-4318-8aef-bdeda6706690
2019-09-17 06:23:15,211 [pool-47-thread-1] INFO  server.RaftServerConfigKeys (ConfUtils.java:logGet(43)) - raft.server.log.statemachine.data.sync.timeout.retry = -1 (default)
2019-09-17 06:23:15,211 [pool-27-thread-1] INFO  server.RaftServerConfigKeys (ConfUtils.java:logGet(43)) - raft.server.log.queue.byte-limit = 2147483647 (custom)
2019-09-17 06:23:15,211 [pool-47-thread-1] INFO  server.RaftServerConfigKeys (ConfUtils.java:logGet(43)) - raft.server.log.statemachine.data.caching.enabled = true (custom)
2019-09-17 06:23:15,211 [pool-57-thread-1] INFO  server.RaftServerConfigKeys (ConfUtils.java:logGet(43)) - raft.server.log.queue.byte-limit = 2147483647 (custom)
2019-09-17 06:23:15,212 [pool-27-thread-1] INFO  server.RaftServerConfigKeys (ConfUtils.java:logGet(43)) - raft.server.log.queue.element-limit = 1024 (custom)
2019-09-17 06:23:15,212 [pool-47-thread-1] INFO  segmented.SegmentedRaftLogWorker (SegmentedRaftLogWorker.java:lambda$new$0(132)) - eeb8834c-6e46-4de3-8646-ea0ad8f6367e@group-BDEDA6706690-SegmentedRaftLogWorker: flushIndex: setUnconditionally 0 -> -1
2019-09-17 06:23:15,212 [pool-57-thread-1] INFO  server.RaftServerConfigKeys (ConfUtils.java:logGet(43)) - raft.server.log.queue.element-limit = 1024 (custom)
2019-09-17 06:23:15,212 [pool-27-thread-1] INFO  server.RaftServerConfigKeys (ConfUtils.java:logGet(43)) - raft.server.log.segment.size.max = 1048576 (custom)
2019-09-17 06:23:15,212 [pool-47-thread-1] INFO  server.RaftServerConfigKeys (ConfUtils.java:logGet(43)) - raft.server.snapshot.auto.trigger.enabled = true (custom)
2019-09-17 06:23:15,212 [pool-57-thread-1] INFO  server.RaftServerConfigKeys (ConfUtils.java:logGet(43)) - raft.server.log.segment.size.max = 1048576 (custom)
2019-09-17 06:23:15,213 [pool-47-thread-1] INFO  server.RaftServerConfigKeys (ConfUtils.java:logGet(43)) - raft.server.snapshot.auto.trigger.threshold = 10000 (custom)
2019-09-17 06:23:15,213 [pool-27-thread-1] INFO  server.RaftServerConfigKeys (ConfUtils.java:logGet(43)) - raft.server.log.preallocated.size = 16384 (custom)
2019-09-17 06:23:15,213 [pool-47-thread-1] INFO  server.RaftServerConfigKeys (ConfUtils.java:logGet(43)) - raft.server.snapshot.retention.num.files = 5 (custom)
2019-09-17 06:23:15,213 [pool-57-thread-1] INFO  server.RaftServerConfigKeys (ConfUtils.java:logGet(43)) - raft.server.log.preallocated.size = 16384 (custom)
2019-09-17 06:23:15,214 [pool-47-thread-1] INFO  server.RaftServerConfigKeys (ConfUtils.java:logGet(43)) - raft.server.retrycache.expirytime = 600000ms (custom)
2019-09-17 06:23:15,213 [pool-27-thread-1] INFO  server.RaftServerConfigKeys (ConfUtils.java:logGet(43)) - raft.server.log.write.buffer.size = 33554432 (custom)
2019-09-17 06:23:15,214 [pool-57-thread-1] INFO  server.RaftServerConfigKeys (ConfUtils.java:logGet(43)) - raft.server.log.write.buffer.size = 33554432 (custom)
2019-09-17 06:23:15,214 [pool-27-thread-1] INFO  server.RaftServerConfigKeys (ConfUtils.java:logGet(43)) - raft.server.log.force.sync.num = 128 (default)
2019-09-17 06:23:15,214 [pool-57-thread-1] INFO  server.RaftServerConfigKeys (ConfUtils.java:logGet(43)) - raft.server.log.force.sync.num = 128 (default)
2019-09-17 06:23:15,214 [pool-27-thread-1] INFO  server.RaftServerConfigKeys (ConfUtils.java:logGet(43)) - raft.server.log.statemachine.data.sync = true (default)
2019-09-17 06:23:15,215 [pool-57-thread-1] INFO  server.RaftServerConfigKeys (ConfUtils.java:logGet(43)) - raft.server.log.statemachine.data.sync = true (default)
2019-09-17 06:23:15,215 [pool-27-thread-1] INFO  server.RaftServerConfigKeys (ConfUtils.java:logGet(43)) - raft.server.log.statemachine.data.sync.timeout = 10s (default)
2019-09-17 06:23:15,215 [pool-57-thread-1] INFO  server.RaftServerConfigKeys (ConfUtils.java:logGet(43)) - raft.server.log.statemachine.data.sync.timeout = 10s (default)
2019-09-17 06:23:15,215 [pool-27-thread-1] INFO  server.RaftServerConfigKeys (ConfUtils.java:logGet(43)) - raft.server.log.statemachine.data.sync.timeout.retry = -1 (default)
2019-09-17 06:23:15,215 [pool-57-thread-1] INFO  server.RaftServerConfigKeys (ConfUtils.java:logGet(43)) - raft.server.log.statemachine.data.sync.timeout.retry = -1 (default)
2019-09-17 06:23:15,216 [pool-27-thread-1] INFO  server.RaftServerConfigKeys (ConfUtils.java:logGet(43)) - raft.server.log.statemachine.data.caching.enabled = true (custom)
2019-09-17 06:23:15,216 [pool-57-thread-1] INFO  server.RaftServerConfigKeys (ConfUtils.java:logGet(43)) - raft.server.log.statemachine.data.caching.enabled = true (custom)
2019-09-17 06:23:15,216 [pool-27-thread-1] INFO  segmented.SegmentedRaftLogWorker (SegmentedRaftLogWorker.java:lambda$new$0(132)) - f190894b-dcff-4e4e-bc20-b884aa594020@group-BDEDA6706690-SegmentedRaftLogWorker: flushIndex: setUnconditionally 0 -> -1
2019-09-17 06:23:15,216 [pool-57-thread-1] INFO  segmented.SegmentedRaftLogWorker (SegmentedRaftLogWorker.java:lambda$new$0(132)) - 7c9de0cf-eed1-4c51-ba4b-1bf623fe4654@group-BDEDA6706690-SegmentedRaftLogWorker: flushIndex: setUnconditionally 0 -> -1
2019-09-17 06:23:15,216 [pool-27-thread-1] INFO  server.RaftServerConfigKeys (ConfUtils.java:logGet(43)) - raft.server.snapshot.auto.trigger.enabled = true (custom)
2019-09-17 06:23:15,217 [pool-27-thread-1] INFO  server.RaftServerConfigKeys (ConfUtils.java:logGet(43)) - raft.server.snapshot.auto.trigger.threshold = 10000 (custom)
2019-09-17 06:23:15,217 [pool-57-thread-1] INFO  server.RaftServerConfigKeys (ConfUtils.java:logGet(43)) - raft.server.snapshot.auto.trigger.enabled = true (custom)
2019-09-17 06:23:15,217 [pool-27-thread-1] INFO  server.RaftServerConfigKeys (ConfUtils.java:logGet(43)) - raft.server.snapshot.retention.num.files = 5 (custom)
2019-09-17 06:23:15,217 [pool-57-thread-1] INFO  server.RaftServerConfigKeys (ConfUtils.java:logGet(43)) - raft.server.snapshot.auto.trigger.threshold = 10000 (custom)
2019-09-17 06:23:15,217 [pool-27-thread-1] INFO  server.RaftServerConfigKeys (ConfUtils.java:logGet(43)) - raft.server.retrycache.expirytime = 600000ms (custom)
2019-09-17 06:23:15,217 [pool-57-thread-1] INFO  server.RaftServerConfigKeys (ConfUtils.java:logGet(43)) - raft.server.snapshot.retention.num.files = 5 (custom)
2019-09-17 06:23:15,218 [pool-57-thread-1] INFO  server.RaftServerConfigKeys (ConfUtils.java:logGet(43)) - raft.server.retrycache.expirytime = 600000ms (custom)
2019-09-17 06:23:15,218 [pool-47-thread-1] INFO  impl.RaftServerImpl (RaftServerImpl.java:start(185)) - eeb8834c-6e46-4de3-8646-ea0ad8f6367e@group-BDEDA6706690: start as a follower, conf=-1: [7c9de0cf-eed1-4c51-ba4b-1bf623fe4654:192.168.69.122:33872, eeb8834c-6e46-4de3-8646-ea0ad8f6367e:192.168.69.122:33396, f190894b-dcff-4e4e-bc20-b884aa594020:192.168.69.122:44836], old=null
2019-09-17 06:23:15,218 [pool-47-thread-1] INFO  impl.RaftServerImpl (RaftServerImpl.java:setRole(174)) - eeb8834c-6e46-4de3-8646-ea0ad8f6367e@group-BDEDA6706690: changes role from      null to FOLLOWER at term 0 for startAsFollower
2019-09-17 06:23:15,218 [pool-47-thread-1] INFO  impl.RoleInfo (RoleInfo.java:updateAndGet(143)) - eeb8834c-6e46-4de3-8646-ea0ad8f6367e: start FollowerState
2019-09-17 06:23:15,219 [pool-47-thread-1] INFO  util.JmxRegister (JmxRegister.java:tryRegister(44)) - Successfully registered JMX Bean with object name Ratis:service=RaftServer,group=group-BDEDA6706690,id=eeb8834c-6e46-4de3-8646-ea0ad8f6367e
2019-09-17 06:23:15,225 [pool-27-thread-1] INFO  impl.RaftServerImpl (RaftServerImpl.java:start(185)) - f190894b-dcff-4e4e-bc20-b884aa594020@group-BDEDA6706690: start as a follower, conf=-1: [7c9de0cf-eed1-4c51-ba4b-1bf623fe4654:192.168.69.122:33872, eeb8834c-6e46-4de3-8646-ea0ad8f6367e:192.168.69.122:33396, f190894b-dcff-4e4e-bc20-b884aa594020:192.168.69.122:44836], old=null
2019-09-17 06:23:15,227 [pool-27-thread-1] INFO  impl.RaftServerImpl (RaftServerImpl.java:setRole(174)) - f190894b-dcff-4e4e-bc20-b884aa594020@group-BDEDA6706690: changes role from      null to FOLLOWER at term 0 for startAsFollower
2019-09-17 06:23:15,227 [pool-57-thread-1] INFO  impl.RaftServerImpl (RaftServerImpl.java:start(185)) - 7c9de0cf-eed1-4c51-ba4b-1bf623fe4654@group-BDEDA6706690: start as a follower, conf=-1: [7c9de0cf-eed1-4c51-ba4b-1bf623fe4654:192.168.69.122:33872, eeb8834c-6e46-4de3-8646-ea0ad8f6367e:192.168.69.122:33396, f190894b-dcff-4e4e-bc20-b884aa594020:192.168.69.122:44836], old=null
2019-09-17 06:23:15,228 [pool-27-thread-1] INFO  impl.RoleInfo (RoleInfo.java:updateAndGet(143)) - f190894b-dcff-4e4e-bc20-b884aa594020: start FollowerState
2019-09-17 06:23:15,228 [pool-57-thread-1] INFO  impl.RaftServerImpl (RaftServerImpl.java:setRole(174)) - 7c9de0cf-eed1-4c51-ba4b-1bf623fe4654@group-BDEDA6706690: changes role from      null to FOLLOWER at term 0 for startAsFollower
2019-09-17 06:23:15,229 [pool-57-thread-1] INFO  impl.RoleInfo (RoleInfo.java:updateAndGet(143)) - 7c9de0cf-eed1-4c51-ba4b-1bf623fe4654: start FollowerState
2019-09-17 06:23:15,229 [pool-27-thread-1] INFO  util.JmxRegister (JmxRegister.java:tryRegister(44)) - Successfully registered JMX Bean with object name Ratis:service=RaftServer,group=group-BDEDA6706690,id=f190894b-dcff-4e4e-bc20-b884aa594020
2019-09-17 06:23:15,231 [pool-57-thread-1] INFO  util.JmxRegister (JmxRegister.java:tryRegister(44)) - Successfully registered JMX Bean with object name Ratis:service=RaftServer,group=group-BDEDA6706690,id=7c9de0cf-eed1-4c51-ba4b-1bf623fe4654
2019-09-17 06:23:15,251 [RatisPipelineUtilsThread] INFO  pipeline.PipelineStateManager (PipelineStateManager.java:addPipeline(56)) - Created pipeline Pipeline[ Id: 0cdd67d9-0147-4318-8aef-bdeda6706690, Nodes: eeb8834c-6e46-4de3-8646-ea0ad8f6367e{ip: 192.168.69.122, host: trunk-nightly-20190917-29l5j-2509219610, networkLocation: /default-rack, certSerialId: null}7c9de0cf-eed1-4c51-ba4b-1bf623fe4654{ip: 192.168.69.122, host: trunk-nightly-20190917-29l5j-2509219610, networkLocation: /default-rack, certSerialId: null}f190894b-dcff-4e4e-bc20-b884aa594020{ip: 192.168.69.122, host: trunk-nightly-20190917-29l5j-2509219610, networkLocation: /default-rack, certSerialId: null}, Type:RATIS, Factor:THREE, State:OPEN]
2019-09-17 06:23:15,631 [main] INFO  rpc.RpcClient (RpcClient.java:createVolume(302)) - Creating Volume: testcontainerstatemachinefailures, with jenkins1000 as owner.
2019-09-17 06:23:15,732 [IPC Server handler 1 on 44312] INFO  volume.OMVolumeCreateRequest (OMVolumeCreateRequest.java:validateAndUpdateCache(189)) - created volume:testcontainerstatemachinefailures for user:jenkins1000
2019-09-17 06:23:15,758 [main] INFO  rpc.RpcClient (RpcClient.java:createBucket(441)) - Creating Bucket: testcontainerstatemachinefailures/testcontainerstatemachinefailures, with Versioning false and Storage Type set to DISK and Encryption set to false 
2019-09-17 06:23:16,258 [EventQueue-StaleNodeForStaleNodeHandler] INFO  node.StaleNodeHandler (StaleNodeHandler.java:onMessage(58)) - Datanode eeb8834c-6e46-4de3-8646-ea0ad8f6367e{ip: 192.168.69.122, host: trunk-nightly-20190917-29l5j-2509219610, networkLocation: /default-rack, certSerialId: null} moved to stale state. Finalizing its pipelines [PipelineID=0cdd67d9-0147-4318-8aef-bdeda6706690, PipelineID=2daeafeb-5392-4583-9e7e-4c16fe8315e4]
2019-09-17 06:23:16,258 [EventQueue-StaleNodeForStaleNodeHandler] INFO  pipeline.SCMPipelineManager (SCMPipelineManager.java:finalizeAndDestroyPipeline(311)) - destroying pipeline:Pipeline[ Id: 0cdd67d9-0147-4318-8aef-bdeda6706690, Nodes: eeb8834c-6e46-4de3-8646-ea0ad8f6367e{ip: 192.168.69.122, host: trunk-nightly-20190917-29l5j-2509219610, networkLocation: /default-rack, certSerialId: null}7c9de0cf-eed1-4c51-ba4b-1bf623fe4654{ip: 192.168.69.122, host: trunk-nightly-20190917-29l5j-2509219610, networkLocation: /default-rack, certSerialId: null}f190894b-dcff-4e4e-bc20-b884aa594020{ip: 192.168.69.122, host: trunk-nightly-20190917-29l5j-2509219610, networkLocation: /default-rack, certSerialId: null}, Type:RATIS, Factor:THREE, State:OPEN]
2019-09-17 06:23:16,260 [EventQueue-StaleNodeForStaleNodeHandler] INFO  pipeline.PipelineStateManager (PipelineStateManager.java:finalizePipeline(123)) - Pipeline Pipeline[ Id: 0cdd67d9-0147-4318-8aef-bdeda6706690, Nodes: eeb8834c-6e46-4de3-8646-ea0ad8f6367e{ip: 192.168.69.122, host: trunk-nightly-20190917-29l5j-2509219610, networkLocation: /default-rack, certSerialId: null}7c9de0cf-eed1-4c51-ba4b-1bf623fe4654{ip: 192.168.69.122, host: trunk-nightly-20190917-29l5j-2509219610, networkLocation: /default-rack, certSerialId: null}f190894b-dcff-4e4e-bc20-b884aa594020{ip: 192.168.69.122, host: trunk-nightly-20190917-29l5j-2509219610, networkLocation: /default-rack, certSerialId: null}, Type:RATIS, Factor:THREE, State:CLOSED] moved to CLOSED state
2019-09-17 06:23:16,261 [EventQueue-CloseContainerForCloseContainerEventHandler] INFO  container.CloseContainerEventHandler (CloseContainerEventHandler.java:onMessage(61)) - Close container Event triggered for container : #1
2019-09-17 06:23:16,297 [EventQueue-StaleNodeForStaleNodeHandler] INFO  pipeline.SCMPipelineManager (SCMPipelineManager.java:finalizeAndDestroyPipeline(311)) - destroying pipeline:Pipeline[ Id: 2daeafeb-5392-4583-9e7e-4c16fe8315e4, Nodes: eeb8834c-6e46-4de3-8646-ea0ad8f6367e{ip: 192.168.69.122, host: trunk-nightly-20190917-29l5j-2509219610, networkLocation: /default-rack, certSerialId: null}, Type:RATIS, Factor:ONE, State:OPEN]
2019-09-17 06:23:16,300 [EventQueue-StaleNodeForStaleNodeHandler] INFO  pipeline.PipelineStateManager (PipelineStateManager.java:finalizePipeline(123)) - Pipeline Pipeline[ Id: 2daeafeb-5392-4583-9e7e-4c16fe8315e4, Nodes: eeb8834c-6e46-4de3-8646-ea0ad8f6367e{ip: 192.168.69.122, host: trunk-nightly-20190917-29l5j-2509219610, networkLocation: /default-rack, certSerialId: null}, Type:RATIS, Factor:ONE, State:CLOSED] moved to CLOSED state
2019-09-17 06:23:16,300 [EventQueue-StaleNodeForStaleNodeHandler] INFO  node.StaleNodeHandler (StaleNodeHandler.java:onMessage(58)) - Datanode 7c9de0cf-eed1-4c51-ba4b-1bf623fe4654{ip: 192.168.69.122, host: trunk-nightly-20190917-29l5j-2509219610, networkLocation: /default-rack, certSerialId: null} moved to stale state. Finalizing its pipelines [PipelineID=0cdd67d9-0147-4318-8aef-bdeda6706690, PipelineID=7b51b5ad-8add-4d2d-8e0f-4fbff1144df4]
2019-09-17 06:23:16,300 [EventQueue-StaleNodeForStaleNodeHandler] INFO  pipeline.SCMPipelineManager (SCMPipelineManager.java:finalizeAndDestroyPipeline(311)) - destroying pipeline:Pipeline[ Id: 0cdd67d9-0147-4318-8aef-bdeda6706690, Nodes: eeb8834c-6e46-4de3-8646-ea0ad8f6367e{ip: 192.168.69.122, host: trunk-nightly-20190917-29l5j-2509219610, networkLocation: /default-rack, certSerialId: null}7c9de0cf-eed1-4c51-ba4b-1bf623fe4654{ip: 192.168.69.122, host: trunk-nightly-20190917-29l5j-2509219610, networkLocation: /default-rack, certSerialId: null}f190894b-dcff-4e4e-bc20-b884aa594020{ip: 192.168.69.122, host: trunk-nightly-20190917-29l5j-2509219610, networkLocation: /default-rack, certSerialId: null}, Type:RATIS, Factor:THREE, State:CLOSED]
2019-09-17 06:23:16,301 [EventQueue-StaleNodeForStaleNodeHandler] INFO  pipeline.SCMPipelineManager (SCMPipelineManager.java:finalizeAndDestroyPipeline(311)) - destroying pipeline:Pipeline[ Id: 7b51b5ad-8add-4d2d-8e0f-4fbff1144df4, Nodes: 7c9de0cf-eed1-4c51-ba4b-1bf623fe4654{ip: 192.168.69.122, host: trunk-nightly-20190917-29l5j-2509219610, networkLocation: /default-rack, certSerialId: null}, Type:RATIS, Factor:ONE, State:OPEN]
2019-09-17 06:23:16,301 [EventQueue-StaleNodeForStaleNodeHandler] INFO  pipeline.PipelineStateManager (PipelineStateManager.java:finalizePipeline(123)) - Pipeline Pipeline[ Id: 7b51b5ad-8add-4d2d-8e0f-4fbff1144df4, Nodes: 7c9de0cf-eed1-4c51-ba4b-1bf623fe4654{ip: 192.168.69.122, host: trunk-nightly-20190917-29l5j-2509219610, networkLocation: /default-rack, certSerialId: null}, Type:RATIS, Factor:ONE, State:CLOSED] moved to CLOSED state
2019-09-17 06:23:16,301 [EventQueue-StaleNodeForStaleNodeHandler] INFO  node.StaleNodeHandler (StaleNodeHandler.java:onMessage(58)) - Datanode f190894b-dcff-4e4e-bc20-b884aa594020{ip: 192.168.69.122, host: trunk-nightly-20190917-29l5j-2509219610, networkLocation: /default-rack, certSerialId: null} moved to stale state. Finalizing its pipelines [PipelineID=87eb07fd-fb13-4d2e-8343-e5dd6e7f832e, PipelineID=0cdd67d9-0147-4318-8aef-bdeda6706690]
2019-09-17 06:23:16,301 [EventQueue-StaleNodeForStaleNodeHandler] INFO  pipeline.SCMPipelineManager (SCMPipelineManager.java:finalizeAndDestroyPipeline(311)) - destroying pipeline:Pipeline[ Id: 87eb07fd-fb13-4d2e-8343-e5dd6e7f832e, Nodes: f190894b-dcff-4e4e-bc20-b884aa594020{ip: 192.168.69.122, host: trunk-nightly-20190917-29l5j-2509219610, networkLocation: /default-rack, certSerialId: null}, Type:RATIS, Factor:ONE, State:OPEN]
2019-09-17 06:23:16,301 [EventQueue-StaleNodeForStaleNodeHandler] INFO  pipeline.PipelineStateManager (PipelineStateManager.java:finalizePipeline(123)) - Pipeline Pipeline[ Id: 87eb07fd-fb13-4d2e-8343-e5dd6e7f832e, Nodes: f190894b-dcff-4e4e-bc20-b884aa594020{ip: 192.168.69.122, host: trunk-nightly-20190917-29l5j-2509219610, networkLocation: /default-rack, certSerialId: null}, Type:RATIS, Factor:ONE, State:CLOSED] moved to CLOSED state
2019-09-17 06:23:16,302 [EventQueue-StaleNodeForStaleNodeHandler] INFO  pipeline.SCMPipelineManager (SCMPipelineManager.java:finalizeAndDestroyPipeline(311)) - destroying pipeline:Pipeline[ Id: 0cdd67d9-0147-4318-8aef-bdeda6706690, Nodes: eeb8834c-6e46-4de3-8646-ea0ad8f6367e{ip: 192.168.69.122, host: trunk-nightly-20190917-29l5j-2509219610, networkLocation: /default-rack, certSerialId: null}7c9de0cf-eed1-4c51-ba4b-1bf623fe4654{ip: 192.168.69.122, host: trunk-nightly-20190917-29l5j-2509219610, networkLocation: /default-rack, certSerialId: null}f190894b-dcff-4e4e-bc20-b884aa594020{ip: 192.168.69.122, host: trunk-nightly-20190917-29l5j-2509219610, networkLocation: /default-rack, certSerialId: null}, Type:RATIS, Factor:THREE, State:CLOSED]
2019-09-17 06:23:16,302 [EventQueue-StaleNodeForStaleNodeHandler] INFO  node.StaleNodeHandler (StaleNodeHandler.java:onMessage(58)) - Datanode e52c2641-d294-4eba-8414-f585754bdde6{ip: 192.168.69.122, host: trunk-nightly-20190917-29l5j-2509219610, networkLocation: /default-rack, certSerialId: null} moved to stale state. Finalizing its pipelines [PipelineID=96f1c371-a419-444f-8b07-86c8db36f62d]
2019-09-17 06:23:16,302 [EventQueue-StaleNodeForStaleNodeHandler] INFO  pipeline.SCMPipelineManager (SCMPipelineManager.java:finalizeAndDestroyPipeline(311)) - destroying pipeline:Pipeline[ Id: 96f1c371-a419-444f-8b07-86c8db36f62d, Nodes: e52c2641-d294-4eba-8414-f585754bdde6{ip: 192.168.69.122, host: trunk-nightly-20190917-29l5j-2509219610, networkLocation: /default-rack, certSerialId: null}, Type:RATIS, Factor:ONE, State:OPEN]
2019-09-17 06:23:16,302 [EventQueue-StaleNodeForStaleNodeHandler] INFO  pipeline.PipelineStateManager (PipelineStateManager.java:finalizePipeline(123)) - Pipeline Pipeline[ Id: 96f1c371-a419-444f-8b07-86c8db36f62d, Nodes: e52c2641-d294-4eba-8414-f585754bdde6{ip: 192.168.69.122, host: trunk-nightly-20190917-29l5j-2509219610, networkLocation: /default-rack, certSerialId: null}, Type:RATIS, Factor:ONE, State:CLOSED] moved to CLOSED state
2019-09-17 06:23:16,351 [main] INFO  impl.MetricsSystemImpl (MetricsSystemImpl.java:init(158)) - XceiverClientMetrics metrics system started (again)
2019-09-17 06:23:16,374 [grpc-default-executor-1] INFO  impl.RaftServerProxy (RaftServerProxy.java:addNew(89)) - eeb8834c-6e46-4de3-8646-ea0ad8f6367e: addNew group-35B7F25ED28E:[eeb8834c-6e46-4de3-8646-ea0ad8f6367e:192.168.69.122:33396] returns group-35B7F25ED28E:java.util.concurrent.CompletableFuture@2b375710[Not completed]
2019-09-17 06:23:16,377 [pool-47-thread-1] INFO  impl.RaftServerImpl (RaftServerImpl.java:<init>(95)) - eeb8834c-6e46-4de3-8646-ea0ad8f6367e: new RaftServerImpl for group-35B7F25ED28E:[eeb8834c-6e46-4de3-8646-ea0ad8f6367e:192.168.69.122:33396] with ContainerStateMachine:uninitialized
2019-09-17 06:23:16,377 [pool-47-thread-1] INFO  server.RaftServerConfigKeys (ConfUtils.java:logGet(43)) - raft.server.rpc.timeout.min = 5s (custom)
2019-09-17 06:23:16,377 [pool-47-thread-1] INFO  server.RaftServerConfigKeys (ConfUtils.java:logGet(43)) - raft.server.rpc.timeout.max = 5200ms (custom)
2019-09-17 06:23:16,378 [pool-47-thread-1] INFO  server.RaftServerConfigKeys (ConfUtils.java:logGet(43)) - raft.server.rpcslowness.timeout = 1000s (custom)
2019-09-17 06:23:16,378 [pool-47-thread-1] INFO  server.RaftServerConfigKeys (ConfUtils.java:logGet(43)) - raft.server.sleep.deviation.threshold = 300 (default)
2019-09-17 06:23:16,378 [pool-47-thread-1] INFO  server.RaftServerConfigKeys (ConfUtils.java:logGet(43)) - raft.server.log.appender.install.snapshot.enabled = false (custom)
2019-09-17 06:23:16,378 [pool-47-thread-1] INFO  impl.RaftServerImpl (ServerState.java:<init>(103)) - eeb8834c-6e46-4de3-8646-ea0ad8f6367e@group-35B7F25ED28E: ConfigurationManager, init=-1: [eeb8834c-6e46-4de3-8646-ea0ad8f6367e:192.168.69.122:33396], old=null, confs=<EMPTY_MAP>
2019-09-17 06:23:16,378 [pool-47-thread-1] INFO  server.RaftServerConfigKeys (ConfUtils.java:logGet(43)) - raft.server.storage.dir = [/workdir/hadoop-ozone/integration-test/target/test-dir/MiniOzoneClusterImpl-73769ce3-3186-4052-8109-183e096b0a7f/datanode-2/data/ratis] (custom)
2019-09-17 06:23:16,379 [pool-47-thread-1] INFO  storage.RaftStorageDirectory (RaftStorageDirectory.java:analyzeStorage(246)) - The storage directory /workdir/hadoop-ozone/integration-test/target/test-dir/MiniOzoneClusterImpl-73769ce3-3186-4052-8109-183e096b0a7f/datanode-2/data/ratis/82897bca-a2a5-4f6a-9562-35b7f25ed28e does not exist. Creating ...
2019-09-17 06:23:16,404 [pool-47-thread-1] INFO  storage.RaftStorageDirectory (RaftStorageDirectory.java:tryLock(328)) - Lock on /workdir/hadoop-ozone/integration-test/target/test-dir/MiniOzoneClusterImpl-73769ce3-3186-4052-8109-183e096b0a7f/datanode-2/data/ratis/82897bca-a2a5-4f6a-9562-35b7f25ed28e/in_use.lock acquired by nodename 9504@trunk-nightly-20190917-29l5j-2509219610
2019-09-17 06:23:16,417 [pool-47-thread-1] INFO  storage.RaftStorage (RaftStorage.java:format(72)) - Storage directory /workdir/hadoop-ozone/integration-test/target/test-dir/MiniOzoneClusterImpl-73769ce3-3186-4052-8109-183e096b0a7f/datanode-2/data/ratis/82897bca-a2a5-4f6a-9562-35b7f25ed28e has been successfully formatted.
2019-09-17 06:23:16,417 [pool-47-thread-1] INFO  ratis.ContainerStateMachine (ContainerStateMachine.java:loadSnapshot(230)) - group-35B7F25ED28E: The snapshot info is null. Setting the last applied indexto:(t:0, i:~)
2019-09-17 06:23:16,418 [pool-47-thread-1] INFO  server.RaftServerConfigKeys (ConfUtils.java:logGet(43)) - raft.server.notification.no-leader.timeout = 1000s (custom)
2019-09-17 06:23:16,418 [pool-47-thread-1] INFO  server.RaftServerConfigKeys (ConfUtils.java:logGet(43)) - raft.server.log.use.memory = false (default)
2019-09-17 06:23:16,419 [pool-47-thread-1] INFO  server.RaftServerConfigKeys (ConfUtils.java:logGet(43)) - raft.server.log.purge.gap = 1000000 (custom)
2019-09-17 06:23:16,419 [pool-47-thread-1] INFO  server.RaftServerConfigKeys (ConfUtils.java:logGet(43)) - raft.server.log.appender.buffer.byte-limit = 33554432 (custom)
2019-09-17 06:23:16,419 [pool-47-thread-1] INFO  server.RaftServerConfigKeys (ConfUtils.java:logGet(43)) - raft.server.log.segment.size.max = 1048576 (custom)
2019-09-17 06:23:16,420 [pool-47-thread-1] INFO  server.RaftServerConfigKeys (ConfUtils.java:logGet(43)) - raft.server.log.segment.cache.num.max = 2 (custom)
2019-09-17 06:23:16,421 [pool-47-thread-1] INFO  segmented.SegmentedRaftLogWorker (SegmentedRaftLogWorker.java:<init>(172)) - new eeb8834c-6e46-4de3-8646-ea0ad8f6367e@group-35B7F25ED28E-SegmentedRaftLogWorker for RaftStorage:Storage Directory /workdir/hadoop-ozone/integration-test/target/test-dir/MiniOzoneClusterImpl-73769ce3-3186-4052-8109-183e096b0a7f/datanode-2/data/ratis/82897bca-a2a5-4f6a-9562-35b7f25ed28e
2019-09-17 06:23:16,421 [pool-47-thread-1] INFO  server.RaftServerConfigKeys (ConfUtils.java:logGet(43)) - raft.server.log.queue.byte-limit = 2147483647 (custom)
2019-09-17 06:23:16,422 [pool-47-thread-1] INFO  server.RaftServerConfigKeys (ConfUtils.java:logGet(43)) - raft.server.log.queue.element-limit = 1024 (custom)
2019-09-17 06:23:16,422 [pool-47-thread-1] INFO  server.RaftServerConfigKeys (ConfUtils.java:logGet(43)) - raft.server.log.segment.size.max = 1048576 (custom)
2019-09-17 06:23:16,422 [pool-47-thread-1] INFO  server.RaftServerConfigKeys (ConfUtils.java:logGet(43)) - raft.server.log.preallocated.size = 16384 (custom)
2019-09-17 06:23:16,423 [pool-47-thread-1] INFO  server.RaftServerConfigKeys (ConfUtils.java:logGet(43)) - raft.server.log.write.buffer.size = 33554432 (custom)
2019-09-17 06:23:16,423 [pool-47-thread-1] INFO  server.RaftServerConfigKeys (ConfUtils.java:logGet(43)) - raft.server.log.force.sync.num = 128 (default)
2019-09-17 06:23:16,423 [pool-47-thread-1] INFO  server.RaftServerConfigKeys (ConfUtils.java:logGet(43)) - raft.server.log.statemachine.data.sync = true (default)
2019-09-17 06:23:16,423 [pool-47-thread-1] INFO  server.RaftServerConfigKeys (ConfUtils.java:logGet(43)) - raft.server.log.statemachine.data.sync.timeout = 10s (default)
2019-09-17 06:23:16,423 [pool-47-thread-1] INFO  server.RaftServerConfigKeys (ConfUtils.java:logGet(43)) - raft.server.log.statemachine.data.sync.timeout.retry = -1 (default)
2019-09-17 06:23:16,424 [pool-47-thread-1] INFO  server.RaftServerConfigKeys (ConfUtils.java:logGet(43)) - raft.server.log.statemachine.data.caching.enabled = true (custom)
2019-09-17 06:23:16,424 [pool-47-thread-1] INFO  segmented.SegmentedRaftLogWorker (SegmentedRaftLogWorker.java:lambda$new$0(132)) - eeb8834c-6e46-4de3-8646-ea0ad8f6367e@group-35B7F25ED28E-SegmentedRaftLogWorker: flushIndex: setUnconditionally 0 -> -1
2019-09-17 06:23:16,424 [pool-47-thread-1] INFO  server.RaftServerConfigKeys (ConfUtils.java:logGet(43)) - raft.server.snapshot.auto.trigger.enabled = true (custom)
2019-09-17 06:23:16,425 [pool-47-thread-1] INFO  server.RaftServerConfigKeys (ConfUtils.java:logGet(43)) - raft.server.snapshot.auto.trigger.threshold = 10000 (custom)
2019-09-17 06:23:16,425 [pool-47-thread-1] INFO  server.RaftServerConfigKeys (ConfUtils.java:logGet(43)) - raft.server.snapshot.retention.num.files = 5 (custom)
2019-09-17 06:23:16,425 [pool-47-thread-1] INFO  server.RaftServerConfigKeys (ConfUtils.java:logGet(43)) - raft.server.retrycache.expirytime = 600000ms (custom)
2019-09-17 06:23:16,429 [pool-47-thread-1] INFO  impl.RaftServerImpl (RaftServerImpl.java:start(185)) - eeb8834c-6e46-4de3-8646-ea0ad8f6367e@group-35B7F25ED28E: start as a follower, conf=-1: [eeb8834c-6e46-4de3-8646-ea0ad8f6367e:192.168.69.122:33396], old=null
2019-09-17 06:23:16,430 [pool-47-thread-1] INFO  impl.RaftServerImpl (RaftServerImpl.java:setRole(174)) - eeb8834c-6e46-4de3-8646-ea0ad8f6367e@group-35B7F25ED28E: changes role from      null to FOLLOWER at term 0 for startAsFollower
2019-09-17 06:23:16,430 [pool-47-thread-1] INFO  impl.RoleInfo (RoleInfo.java:updateAndGet(143)) - eeb8834c-6e46-4de3-8646-ea0ad8f6367e: start FollowerState
2019-09-17 06:23:16,430 [pool-47-thread-1] INFO  util.JmxRegister (JmxRegister.java:tryRegister(44)) - Successfully registered JMX Bean with object name Ratis:service=RaftServer,group=group-35B7F25ED28E,id=eeb8834c-6e46-4de3-8646-ea0ad8f6367e
2019-09-17 06:23:16,440 [RatisPipelineUtilsThread] INFO  pipeline.PipelineStateManager (PipelineStateManager.java:addPipeline(56)) - Created pipeline Pipeline[ Id: 82897bca-a2a5-4f6a-9562-35b7f25ed28e, Nodes: eeb8834c-6e46-4de3-8646-ea0ad8f6367e{ip: 192.168.69.122, host: trunk-nightly-20190917-29l5j-2509219610, networkLocation: /default-rack, certSerialId: null}, Type:RATIS, Factor:ONE, State:OPEN]
2019-09-17 06:23:16,463 [grpc-default-executor-2] INFO  impl.RaftServerProxy (RaftServerProxy.java:addNew(89)) - 7c9de0cf-eed1-4c51-ba4b-1bf623fe4654: addNew group-CA779A803FB6:[7c9de0cf-eed1-4c51-ba4b-1bf623fe4654:192.168.69.122:33872] returns group-CA779A803FB6:java.util.concurrent.CompletableFuture@7ccb63fe[Not completed]
2019-09-17 06:23:16,464 [grpc-default-executor-1] INFO  client.GrpcClientProtocolClient (GrpcClientProtocolClient.java:onNext(264)) - client-FA121D9F6A04->eeb8834c-6e46-4de3-8646-ea0ad8f6367e: receive RaftClientReply:client-FA121D9F6A04->eeb8834c-6e46-4de3-8646-ea0ad8f6367e@group-BDEDA6706690, cid=8, FAILED org.apache.ratis.protocol.NotLeaderException: Server eeb8834c-6e46-4de3-8646-ea0ad8f6367e@group-BDEDA6706690 is not the leader, logIndex=0, commits[eeb8834c-6e46-4de3-8646-ea0ad8f6367e:c-1]
2019-09-17 06:23:16,466 [pool-57-thread-1] INFO  impl.RaftServerImpl (RaftServerImpl.java:<init>(95)) - 7c9de0cf-eed1-4c51-ba4b-1bf623fe4654: new RaftServerImpl for group-CA779A803FB6:[7c9de0cf-eed1-4c51-ba4b-1bf623fe4654:192.168.69.122:33872] with ContainerStateMachine:uninitialized
2019-09-17 06:23:16,466 [pool-57-thread-1] INFO  server.RaftServerConfigKeys (ConfUtils.java:logGet(43)) - raft.server.rpc.timeout.min = 5s (custom)
2019-09-17 06:23:16,466 [pool-57-thread-1] INFO  server.RaftServerConfigKeys (ConfUtils.java:logGet(43)) - raft.server.rpc.timeout.max = 5200ms (custom)
2019-09-17 06:23:16,466 [pool-57-thread-1] INFO  server.RaftServerConfigKeys (ConfUtils.java:logGet(43)) - raft.server.rpcslowness.timeout = 1000s (custom)
2019-09-17 06:23:16,467 [pool-57-thread-1] INFO  server.RaftServerConfigKeys (ConfUtils.java:logGet(43)) - raft.server.sleep.deviation.threshold = 300 (default)
2019-09-17 06:23:16,467 [pool-57-thread-1] INFO  server.RaftServerConfigKeys (ConfUtils.java:logGet(43)) - raft.server.log.appender.install.snapshot.enabled = false (custom)
2019-09-17 06:23:16,468 [pool-57-thread-1] INFO  impl.RaftServerImpl (ServerState.java:<init>(103)) - 7c9de0cf-eed1-4c51-ba4b-1bf623fe4654@group-CA779A803FB6: ConfigurationManager, init=-1: [7c9de0cf-eed1-4c51-ba4b-1bf623fe4654:192.168.69.122:33872], old=null, confs=<EMPTY_MAP>
2019-09-17 06:23:16,468 [pool-57-thread-1] INFO  server.RaftServerConfigKeys (ConfUtils.java:logGet(43)) - raft.server.storage.dir = [/workdir/hadoop-ozone/integration-test/target/test-dir/MiniOzoneClusterImpl-73769ce3-3186-4052-8109-183e096b0a7f/datanode-3/data/ratis] (custom)
2019-09-17 06:23:16,469 [pool-57-thread-1] INFO  storage.RaftStorageDirectory (RaftStorageDirectory.java:analyzeStorage(246)) - The storage directory /workdir/hadoop-ozone/integration-test/target/test-dir/MiniOzoneClusterImpl-73769ce3-3186-4052-8109-183e096b0a7f/datanode-3/data/ratis/0cb3b722-1dd8-41be-bda6-ca779a803fb6 does not exist. Creating ...
2019-09-17 06:23:16,483 [pool-57-thread-1] INFO  storage.RaftStorageDirectory (RaftStorageDirectory.java:tryLock(328)) - Lock on /workdir/hadoop-ozone/integration-test/target/test-dir/MiniOzoneClusterImpl-73769ce3-3186-4052-8109-183e096b0a7f/datanode-3/data/ratis/0cb3b722-1dd8-41be-bda6-ca779a803fb6/in_use.lock acquired by nodename 9504@trunk-nightly-20190917-29l5j-2509219610
2019-09-17 06:23:16,505 [pool-57-thread-1] INFO  storage.RaftStorage (RaftStorage.java:format(72)) - Storage directory /workdir/hadoop-ozone/integration-test/target/test-dir/MiniOzoneClusterImpl-73769ce3-3186-4052-8109-183e096b0a7f/datanode-3/data/ratis/0cb3b722-1dd8-41be-bda6-ca779a803fb6 has been successfully formatted.
2019-09-17 06:23:16,505 [pool-57-thread-1] INFO  ratis.ContainerStateMachine (ContainerStateMachine.java:loadSnapshot(230)) - group-CA779A803FB6: The snapshot info is null. Setting the last applied indexto:(t:0, i:~)
2019-09-17 06:23:16,506 [pool-57-thread-1] INFO  server.RaftServerConfigKeys (ConfUtils.java:logGet(43)) - raft.server.notification.no-leader.timeout = 1000s (custom)
2019-09-17 06:23:16,506 [pool-57-thread-1] INFO  server.RaftServerConfigKeys (ConfUtils.java:logGet(43)) - raft.server.log.use.memory = false (default)
2019-09-17 06:23:16,506 [pool-57-thread-1] INFO  server.RaftServerConfigKeys (ConfUtils.java:logGet(43)) - raft.server.log.purge.gap = 1000000 (custom)
2019-09-17 06:23:16,506 [pool-57-thread-1] INFO  server.RaftServerConfigKeys (ConfUtils.java:logGet(43)) - raft.server.log.appender.buffer.byte-limit = 33554432 (custom)
2019-09-17 06:23:16,506 [pool-57-thread-1] INFO  server.RaftServerConfigKeys (ConfUtils.java:logGet(43)) - raft.server.log.segment.size.max = 1048576 (custom)
2019-09-17 06:23:16,507 [pool-57-thread-1] INFO  server.RaftServerConfigKeys (ConfUtils.java:logGet(43)) - raft.server.log.segment.cache.num.max = 2 (custom)
2019-09-17 06:23:16,507 [pool-57-thread-1] INFO  segmented.SegmentedRaftLogWorker (SegmentedRaftLogWorker.java:<init>(172)) - new 7c9de0cf-eed1-4c51-ba4b-1bf623fe4654@group-CA779A803FB6-SegmentedRaftLogWorker for RaftStorage:Storage Directory /workdir/hadoop-ozone/integration-test/target/test-dir/MiniOzoneClusterImpl-73769ce3-3186-4052-8109-183e096b0a7f/datanode-3/data/ratis/0cb3b722-1dd8-41be-bda6-ca779a803fb6
2019-09-17 06:23:16,507 [pool-57-thread-1] INFO  server.RaftServerConfigKeys (ConfUtils.java:logGet(43)) - raft.server.log.queue.byte-limit = 2147483647 (custom)
2019-09-17 06:23:16,507 [pool-57-thread-1] INFO  server.RaftServerConfigKeys (ConfUtils.java:logGet(43)) - raft.server.log.queue.element-limit = 1024 (custom)
2019-09-17 06:23:16,507 [pool-57-thread-1] INFO  server.RaftServerConfigKeys (ConfUtils.java:logGet(43)) - raft.server.log.segment.size.max = 1048576 (custom)
2019-09-17 06:23:16,507 [pool-57-thread-1] INFO  server.RaftServerConfigKeys (ConfUtils.java:logGet(43)) - raft.server.log.preallocated.size = 16384 (custom)
2019-09-17 06:23:16,508 [pool-57-thread-1] INFO  server.RaftServerConfigKeys (ConfUtils.java:logGet(43)) - raft.server.log.write.buffer.size = 33554432 (custom)
2019-09-17 06:23:16,508 [pool-57-thread-1] INFO  server.RaftServerConfigKeys (ConfUtils.java:logGet(43)) - raft.server.log.force.sync.num = 128 (default)
2019-09-17 06:23:16,508 [pool-57-thread-1] INFO  server.RaftServerConfigKeys (ConfUtils.java:logGet(43)) - raft.server.log.statemachine.data.sync = true (default)
2019-09-17 06:23:16,508 [pool-57-thread-1] INFO  server.RaftServerConfigKeys (ConfUtils.java:logGet(43)) - raft.server.log.statemachine.data.sync.timeout = 10s (default)
2019-09-17 06:23:16,508 [pool-57-thread-1] INFO  server.RaftServerConfigKeys (ConfUtils.java:logGet(43)) - raft.server.log.statemachine.data.sync.timeout.retry = -1 (default)
2019-09-17 06:23:16,509 [pool-57-thread-1] INFO  server.RaftServerConfigKeys (ConfUtils.java:logGet(43)) - raft.server.log.statemachine.data.caching.enabled = true (custom)
2019-09-17 06:23:16,509 [pool-57-thread-1] INFO  segmented.SegmentedRaftLogWorker (SegmentedRaftLogWorker.java:lambda$new$0(132)) - 7c9de0cf-eed1-4c51-ba4b-1bf623fe4654@group-CA779A803FB6-SegmentedRaftLogWorker: flushIndex: setUnconditionally 0 -> -1
2019-09-17 06:23:16,509 [pool-57-thread-1] INFO  server.RaftServerConfigKeys (ConfUtils.java:logGet(43)) - raft.server.snapshot.auto.trigger.enabled = true (custom)
2019-09-17 06:23:16,510 [pool-57-thread-1] INFO  server.RaftServerConfigKeys (ConfUtils.java:logGet(43)) - raft.server.snapshot.auto.trigger.threshold = 10000 (custom)
2019-09-17 06:23:16,510 [pool-57-thread-1] INFO  server.RaftServerConfigKeys (ConfUtils.java:logGet(43)) - raft.server.snapshot.retention.num.files = 5 (custom)
2019-09-17 06:23:16,510 [pool-57-thread-1] INFO  server.RaftServerConfigKeys (ConfUtils.java:logGet(43)) - raft.server.retrycache.expirytime = 600000ms (custom)
2019-09-17 06:23:16,514 [pool-57-thread-1] INFO  impl.RaftServerImpl (RaftServerImpl.java:start(185)) - 7c9de0cf-eed1-4c51-ba4b-1bf623fe4654@group-CA779A803FB6: start as a follower, conf=-1: [7c9de0cf-eed1-4c51-ba4b-1bf623fe4654:192.168.69.122:33872], old=null
2019-09-17 06:23:16,514 [pool-57-thread-1] INFO  impl.RaftServerImpl (RaftServerImpl.java:setRole(174)) - 7c9de0cf-eed1-4c51-ba4b-1bf623fe4654@group-CA779A803FB6: changes role from      null to FOLLOWER at term 0 for startAsFollower
2019-09-17 06:23:16,514 [pool-57-thread-1] INFO  impl.RoleInfo (RoleInfo.java:updateAndGet(143)) - 7c9de0cf-eed1-4c51-ba4b-1bf623fe4654: start FollowerState
2019-09-17 06:23:16,514 [pool-57-thread-1] INFO  util.JmxRegister (JmxRegister.java:tryRegister(44)) - Successfully registered JMX Bean with object name Ratis:service=RaftServer,group=group-CA779A803FB6,id=7c9de0cf-eed1-4c51-ba4b-1bf623fe4654
2019-09-17 06:23:16,522 [RatisPipelineUtilsThread] INFO  pipeline.PipelineStateManager (PipelineStateManager.java:addPipeline(56)) - Created pipeline Pipeline[ Id: 0cb3b722-1dd8-41be-bda6-ca779a803fb6, Nodes: 7c9de0cf-eed1-4c51-ba4b-1bf623fe4654{ip: 192.168.69.122, host: trunk-nightly-20190917-29l5j-2509219610, networkLocation: /default-rack, certSerialId: null}, Type:RATIS, Factor:ONE, State:OPEN]
2019-09-17 06:23:16,537 [grpc-default-executor-1] INFO  impl.RaftServerProxy (RaftServerProxy.java:addNew(89)) - f190894b-dcff-4e4e-bc20-b884aa594020: addNew group-EFBFB562AB25:[f190894b-dcff-4e4e-bc20-b884aa594020:192.168.69.122:44836] returns group-EFBFB562AB25:java.util.concurrent.CompletableFuture@567fb717[Not completed]
2019-09-17 06:23:16,538 [pool-27-thread-1] INFO  impl.RaftServerImpl (RaftServerImpl.java:<init>(95)) - f190894b-dcff-4e4e-bc20-b884aa594020: new RaftServerImpl for group-EFBFB562AB25:[f190894b-dcff-4e4e-bc20-b884aa594020:192.168.69.122:44836] with ContainerStateMachine:uninitialized
2019-09-17 06:23:16,539 [pool-27-thread-1] INFO  server.RaftServerConfigKeys (ConfUtils.java:logGet(43)) - raft.server.rpc.timeout.min = 5s (custom)
2019-09-17 06:23:16,539 [pool-27-thread-1] INFO  server.RaftServerConfigKeys (ConfUtils.java:logGet(43)) - raft.server.rpc.timeout.max = 5200ms (custom)
2019-09-17 06:23:16,539 [pool-27-thread-1] INFO  server.RaftServerConfigKeys (ConfUtils.java:logGet(43)) - raft.server.rpcslowness.timeout = 1000s (custom)
2019-09-17 06:23:16,539 [pool-27-thread-1] INFO  server.RaftServerConfigKeys (ConfUtils.java:logGet(43)) - raft.server.sleep.deviation.threshold = 300 (default)
2019-09-17 06:23:16,539 [pool-27-thread-1] INFO  server.RaftServerConfigKeys (ConfUtils.java:logGet(43)) - raft.server.log.appender.install.snapshot.enabled = false (custom)
2019-09-17 06:23:16,539 [pool-27-thread-1] INFO  impl.RaftServerImpl (ServerState.java:<init>(103)) - f190894b-dcff-4e4e-bc20-b884aa594020@group-EFBFB562AB25: ConfigurationManager, init=-1: [f190894b-dcff-4e4e-bc20-b884aa594020:192.168.69.122:44836], old=null, confs=<EMPTY_MAP>
2019-09-17 06:23:16,540 [pool-27-thread-1] INFO  server.RaftServerConfigKeys (ConfUtils.java:logGet(43)) - raft.server.storage.dir = [/workdir/hadoop-ozone/integration-test/target/test-dir/MiniOzoneClusterImpl-73769ce3-3186-4052-8109-183e096b0a7f/datanode-0/data/ratis] (custom)
2019-09-17 06:23:16,540 [pool-27-thread-1] INFO  storage.RaftStorageDirectory (RaftStorageDirectory.java:analyzeStorage(246)) - The storage directory /workdir/hadoop-ozone/integration-test/target/test-dir/MiniOzoneClusterImpl-73769ce3-3186-4052-8109-183e096b0a7f/datanode-0/data/ratis/5cf3e96b-8d62-499b-af57-efbfb562ab25 does not exist. Creating ...
2019-09-17 06:23:16,554 [pool-27-thread-1] INFO  storage.RaftStorageDirectory (RaftStorageDirectory.java:tryLock(328)) - Lock on /workdir/hadoop-ozone/integration-test/target/test-dir/MiniOzoneClusterImpl-73769ce3-3186-4052-8109-183e096b0a7f/datanode-0/data/ratis/5cf3e96b-8d62-499b-af57-efbfb562ab25/in_use.lock acquired by nodename 9504@trunk-nightly-20190917-29l5j-2509219610
2019-09-17 06:23:16,567 [pool-27-thread-1] INFO  storage.RaftStorage (RaftStorage.java:format(72)) - Storage directory /workdir/hadoop-ozone/integration-test/target/test-dir/MiniOzoneClusterImpl-73769ce3-3186-4052-8109-183e096b0a7f/datanode-0/data/ratis/5cf3e96b-8d62-499b-af57-efbfb562ab25 has been successfully formatted.
2019-09-17 06:23:16,568 [pool-27-thread-1] INFO  ratis.ContainerStateMachine (ContainerStateMachine.java:loadSnapshot(230)) - group-EFBFB562AB25: The snapshot info is null. Setting the last applied indexto:(t:0, i:~)
2019-09-17 06:23:16,568 [pool-27-thread-1] INFO  server.RaftServerConfigKeys (ConfUtils.java:logGet(43)) - raft.server.notification.no-leader.timeout = 1000s (custom)
2019-09-17 06:23:16,568 [pool-27-thread-1] INFO  server.RaftServerConfigKeys (ConfUtils.java:logGet(43)) - raft.server.log.use.memory = false (default)
2019-09-17 06:23:16,568 [pool-27-thread-1] INFO  server.RaftServerConfigKeys (ConfUtils.java:logGet(43)) - raft.server.log.purge.gap = 1000000 (custom)
2019-09-17 06:23:16,569 [pool-27-thread-1] INFO  server.RaftServerConfigKeys (ConfUtils.java:logGet(43)) - raft.server.log.appender.buffer.byte-limit = 33554432 (custom)
2019-09-17 06:23:16,569 [pool-27-thread-1] INFO  server.RaftServerConfigKeys (ConfUtils.java:logGet(43)) - raft.server.log.segment.size.max = 1048576 (custom)
2019-09-17 06:23:16,569 [pool-27-thread-1] INFO  server.RaftServerConfigKeys (ConfUtils.java:logGet(43)) - raft.server.log.segment.cache.num.max = 2 (custom)
2019-09-17 06:23:16,569 [pool-27-thread-1] INFO  segmented.SegmentedRaftLogWorker (SegmentedRaftLogWorker.java:<init>(172)) - new f190894b-dcff-4e4e-bc20-b884aa594020@group-EFBFB562AB25-SegmentedRaftLogWorker for RaftStorage:Storage Directory /workdir/hadoop-ozone/integration-test/target/test-dir/MiniOzoneClusterImpl-73769ce3-3186-4052-8109-183e096b0a7f/datanode-0/data/ratis/5cf3e96b-8d62-499b-af57-efbfb562ab25
2019-09-17 06:23:16,569 [pool-27-thread-1] INFO  server.RaftServerConfigKeys (ConfUtils.java:logGet(43)) - raft.server.log.queue.byte-limit = 2147483647 (custom)
2019-09-17 06:23:16,570 [pool-27-thread-1] INFO  server.RaftServerConfigKeys (ConfUtils.java:logGet(43)) - raft.server.log.queue.element-limit = 1024 (custom)
2019-09-17 06:23:16,570 [pool-27-thread-1] INFO  server.RaftServerConfigKeys (ConfUtils.java:logGet(43)) - raft.server.log.segment.size.max = 1048576 (custom)
2019-09-17 06:23:16,570 [pool-27-thread-1] INFO  server.RaftServerConfigKeys (ConfUtils.java:logGet(43)) - raft.server.log.preallocated.size = 16384 (custom)
2019-09-17 06:23:16,570 [pool-27-thread-1] INFO  server.RaftServerConfigKeys (ConfUtils.java:logGet(43)) - raft.server.log.write.buffer.size = 33554432 (custom)
2019-09-17 06:23:16,570 [pool-27-thread-1] INFO  server.RaftServerConfigKeys (ConfUtils.java:logGet(43)) - raft.server.log.force.sync.num = 128 (default)
2019-09-17 06:23:16,570 [pool-27-thread-1] INFO  server.RaftServerConfigKeys (ConfUtils.java:logGet(43)) - raft.server.log.statemachine.data.sync = true (default)
2019-09-17 06:23:16,571 [pool-27-thread-1] INFO  server.RaftServerConfigKeys (ConfUtils.java:logGet(43)) - raft.server.log.statemachine.data.sync.timeout = 10s (default)
2019-09-17 06:23:16,571 [pool-27-thread-1] INFO  server.RaftServerConfigKeys (ConfUtils.java:logGet(43)) - raft.server.log.statemachine.data.sync.timeout.retry = -1 (default)
2019-09-17 06:23:16,571 [pool-27-thread-1] INFO  server.RaftServerConfigKeys (ConfUtils.java:logGet(43)) - raft.server.log.statemachine.data.caching.enabled = true (custom)
2019-09-17 06:23:16,571 [pool-27-thread-1] INFO  segmented.SegmentedRaftLogWorker (SegmentedRaftLogWorker.java:lambda$new$0(132)) - f190894b-dcff-4e4e-bc20-b884aa594020@group-EFBFB562AB25-SegmentedRaftLogWorker: flushIndex: setUnconditionally 0 -> -1
2019-09-17 06:23:16,572 [pool-27-thread-1] INFO  server.RaftServerConfigKeys (ConfUtils.java:logGet(43)) - raft.server.snapshot.auto.trigger.enabled = true (custom)
2019-09-17 06:23:16,572 [pool-27-thread-1] INFO  server.RaftServerConfigKeys (ConfUtils.java:logGet(43)) - raft.server.snapshot.auto.trigger.threshold = 10000 (custom)
2019-09-17 06:23:16,572 [pool-27-thread-1] INFO  server.RaftServerConfigKeys (ConfUtils.java:logGet(43)) - raft.server.snapshot.retention.num.files = 5 (custom)
2019-09-17 06:23:16,575 [pool-27-thread-1] INFO  server.RaftServerConfigKeys (ConfUtils.java:logGet(43)) - raft.server.retrycache.expirytime = 600000ms (custom)
2019-09-17 06:23:16,581 [pool-27-thread-1] INFO  impl.RaftServerImpl (RaftServerImpl.java:start(185)) - f190894b-dcff-4e4e-bc20-b884aa594020@group-EFBFB562AB25: start as a follower, conf=-1: [f190894b-dcff-4e4e-bc20-b884aa594020:192.168.69.122:44836], old=null
2019-09-17 06:23:16,581 [pool-27-thread-1] INFO  impl.RaftServerImpl (RaftServerImpl.java:setRole(174)) - f190894b-dcff-4e4e-bc20-b884aa594020@group-EFBFB562AB25: changes role from      null to FOLLOWER at term 0 for startAsFollower
2019-09-17 06:23:16,581 [pool-27-thread-1] INFO  impl.RoleInfo (RoleInfo.java:updateAndGet(143)) - f190894b-dcff-4e4e-bc20-b884aa594020: start FollowerState
2019-09-17 06:23:16,582 [pool-27-thread-1] INFO  util.JmxRegister (JmxRegister.java:tryRegister(44)) - Successfully registered JMX Bean with object name Ratis:service=RaftServer,group=group-EFBFB562AB25,id=f190894b-dcff-4e4e-bc20-b884aa594020
2019-09-17 06:23:16,591 [RatisPipelineUtilsThread] INFO  pipeline.PipelineStateManager (PipelineStateManager.java:addPipeline(56)) - Created pipeline Pipeline[ Id: 5cf3e96b-8d62-499b-af57-efbfb562ab25, Nodes: f190894b-dcff-4e4e-bc20-b884aa594020{ip: 192.168.69.122, host: trunk-nightly-20190917-29l5j-2509219610, networkLocation: /default-rack, certSerialId: null}, Type:RATIS, Factor:ONE, State:OPEN]
2019-09-17 06:23:16,607 [grpc-default-executor-1] INFO  impl.RaftServerProxy (RaftServerProxy.java:addNew(89)) - e52c2641-d294-4eba-8414-f585754bdde6: addNew group-369FDD3872EC:[e52c2641-d294-4eba-8414-f585754bdde6:192.168.69.122:37018] returns group-369FDD3872EC:java.util.concurrent.CompletableFuture@7a187297[Not completed]
2019-09-17 06:23:16,608 [pool-37-thread-1] INFO  impl.RaftServerImpl (RaftServerImpl.java:<init>(95)) - e52c2641-d294-4eba-8414-f585754bdde6: new RaftServerImpl for group-369FDD3872EC:[e52c2641-d294-4eba-8414-f585754bdde6:192.168.69.122:37018] with ContainerStateMachine:uninitialized
2019-09-17 06:23:16,609 [pool-37-thread-1] INFO  server.RaftServerConfigKeys (ConfUtils.java:logGet(43)) - raft.server.rpc.timeout.min = 5s (custom)
2019-09-17 06:23:16,609 [pool-37-thread-1] INFO  server.RaftServerConfigKeys (ConfUtils.java:logGet(43)) - raft.server.rpc.timeout.max = 5200ms (custom)
2019-09-17 06:23:16,609 [pool-37-thread-1] INFO  server.RaftServerConfigKeys (ConfUtils.java:logGet(43)) - raft.server.rpcslowness.timeout = 1000s (custom)
2019-09-17 06:23:16,609 [pool-37-thread-1] INFO  server.RaftServerConfigKeys (ConfUtils.java:logGet(43)) - raft.server.sleep.deviation.threshold = 300 (default)
2019-09-17 06:23:16,609 [pool-37-thread-1] INFO  server.RaftServerConfigKeys (ConfUtils.java:logGet(43)) - raft.server.log.appender.install.snapshot.enabled = false (custom)
2019-09-17 06:23:16,609 [pool-37-thread-1] INFO  impl.RaftServerImpl (ServerState.java:<init>(103)) - e52c2641-d294-4eba-8414-f585754bdde6@group-369FDD3872EC: ConfigurationManager, init=-1: [e52c2641-d294-4eba-8414-f585754bdde6:192.168.69.122:37018], old=null, confs=<EMPTY_MAP>
2019-09-17 06:23:16,610 [pool-37-thread-1] INFO  server.RaftServerConfigKeys (ConfUtils.java:logGet(43)) - raft.server.storage.dir = [/workdir/hadoop-ozone/integration-test/target/test-dir/MiniOzoneClusterImpl-73769ce3-3186-4052-8109-183e096b0a7f/datanode-1/data/ratis] (custom)
2019-09-17 06:23:16,610 [pool-37-thread-1] INFO  storage.RaftStorageDirectory (RaftStorageDirectory.java:analyzeStorage(246)) - The storage directory /workdir/hadoop-ozone/integration-test/target/test-dir/MiniOzoneClusterImpl-73769ce3-3186-4052-8109-183e096b0a7f/datanode-1/data/ratis/eb1a08ae-4b67-4dfa-a85a-369fdd3872ec does not exist. Creating ...
2019-09-17 06:23:16,624 [pool-37-thread-1] INFO  storage.RaftStorageDirectory (RaftStorageDirectory.java:tryLock(328)) - Lock on /workdir/hadoop-ozone/integration-test/target/test-dir/MiniOzoneClusterImpl-73769ce3-3186-4052-8109-183e096b0a7f/datanode-1/data/ratis/eb1a08ae-4b67-4dfa-a85a-369fdd3872ec/in_use.lock acquired by nodename 9504@trunk-nightly-20190917-29l5j-2509219610
2019-09-17 06:23:16,636 [pool-37-thread-1] INFO  storage.RaftStorage (RaftStorage.java:format(72)) - Storage directory /workdir/hadoop-ozone/integration-test/target/test-dir/MiniOzoneClusterImpl-73769ce3-3186-4052-8109-183e096b0a7f/datanode-1/data/ratis/eb1a08ae-4b67-4dfa-a85a-369fdd3872ec has been successfully formatted.
2019-09-17 06:23:16,637 [pool-37-thread-1] INFO  ratis.ContainerStateMachine (ContainerStateMachine.java:loadSnapshot(230)) - group-369FDD3872EC: The snapshot info is null. Setting the last applied indexto:(t:0, i:~)
2019-09-17 06:23:16,637 [pool-37-thread-1] INFO  server.RaftServerConfigKeys (ConfUtils.java:logGet(43)) - raft.server.notification.no-leader.timeout = 1000s (custom)
2019-09-17 06:23:16,637 [pool-37-thread-1] INFO  server.RaftServerConfigKeys (ConfUtils.java:logGet(43)) - raft.server.log.use.memory = false (default)
2019-09-17 06:23:16,637 [pool-37-thread-1] INFO  server.RaftServerConfigKeys (ConfUtils.java:logGet(43)) - raft.server.log.purge.gap = 1000000 (custom)
2019-09-17 06:23:16,637 [pool-37-thread-1] INFO  server.RaftServerConfigKeys (ConfUtils.java:logGet(43)) - raft.server.log.appender.buffer.byte-limit = 33554432 (custom)
2019-09-17 06:23:16,638 [pool-37-thread-1] INFO  server.RaftServerConfigKeys (ConfUtils.java:logGet(43)) - raft.server.log.segment.size.max = 1048576 (custom)
2019-09-17 06:23:16,638 [pool-37-thread-1] INFO  server.RaftServerConfigKeys (ConfUtils.java:logGet(43)) - raft.server.log.segment.cache.num.max = 2 (custom)
2019-09-17 06:23:16,638 [pool-37-thread-1] INFO  segmented.SegmentedRaftLogWorker (SegmentedRaftLogWorker.java:<init>(172)) - new e52c2641-d294-4eba-8414-f585754bdde6@group-369FDD3872EC-SegmentedRaftLogWorker for RaftStorage:Storage Directory /workdir/hadoop-ozone/integration-test/target/test-dir/MiniOzoneClusterImpl-73769ce3-3186-4052-8109-183e096b0a7f/datanode-1/data/ratis/eb1a08ae-4b67-4dfa-a85a-369fdd3872ec
2019-09-17 06:23:16,638 [pool-37-thread-1] INFO  server.RaftServerConfigKeys (ConfUtils.java:logGet(43)) - raft.server.log.queue.byte-limit = 2147483647 (custom)
2019-09-17 06:23:16,638 [pool-37-thread-1] INFO  server.RaftServerConfigKeys (ConfUtils.java:logGet(43)) - raft.server.log.queue.element-limit = 1024 (custom)
2019-09-17 06:23:16,638 [pool-37-thread-1] INFO  server.RaftServerConfigKeys (ConfUtils.java:logGet(43)) - raft.server.log.segment.size.max = 1048576 (custom)
2019-09-17 06:23:16,638 [pool-37-thread-1] INFO  server.RaftServerConfigKeys (ConfUtils.java:logGet(43)) - raft.server.log.preallocated.size = 16384 (custom)
2019-09-17 06:23:16,639 [pool-37-thread-1] INFO  server.RaftServerConfigKeys (ConfUtils.java:logGet(43)) - raft.server.log.write.buffer.size = 33554432 (custom)
2019-09-17 06:23:16,639 [pool-37-thread-1] INFO  server.RaftServerConfigKeys (ConfUtils.java:logGet(43)) - raft.server.log.force.sync.num = 128 (default)
2019-09-17 06:23:16,639 [pool-37-thread-1] INFO  server.RaftServerConfigKeys (ConfUtils.java:logGet(43)) - raft.server.log.statemachine.data.sync = true (default)
2019-09-17 06:23:16,639 [pool-37-thread-1] INFO  server.RaftServerConfigKeys (ConfUtils.java:logGet(43)) - raft.server.log.statemachine.data.sync.timeout = 10s (default)
2019-09-17 06:23:16,639 [pool-37-thread-1] INFO  server.RaftServerConfigKeys (ConfUtils.java:logGet(43)) - raft.server.log.statemachine.data.sync.timeout.retry = -1 (default)
2019-09-17 06:23:16,639 [pool-37-thread-1] INFO  server.RaftServerConfigKeys (ConfUtils.java:logGet(43)) - raft.server.log.statemachine.data.caching.enabled = true (custom)
2019-09-17 06:23:16,640 [pool-37-thread-1] INFO  segmented.SegmentedRaftLogWorker (SegmentedRaftLogWorker.java:lambda$new$0(132)) - e52c2641-d294-4eba-8414-f585754bdde6@group-369FDD3872EC-SegmentedRaftLogWorker: flushIndex: setUnconditionally 0 -> -1
2019-09-17 06:23:16,640 [pool-37-thread-1] INFO  server.RaftServerConfigKeys (ConfUtils.java:logGet(43)) - raft.server.snapshot.auto.trigger.enabled = true (custom)
2019-09-17 06:23:16,640 [pool-37-thread-1] INFO  server.RaftServerConfigKeys (ConfUtils.java:logGet(43)) - raft.server.snapshot.auto.trigger.threshold = 10000 (custom)
2019-09-17 06:23:16,640 [pool-37-thread-1] INFO  server.RaftServerConfigKeys (ConfUtils.java:logGet(43)) - raft.server.snapshot.retention.num.files = 5 (custom)
2019-09-17 06:23:16,641 [pool-37-thread-1] INFO  server.RaftServerConfigKeys (ConfUtils.java:logGet(43)) - raft.server.retrycache.expirytime = 600000ms (custom)
2019-09-17 06:23:16,643 [pool-37-thread-1] INFO  impl.RaftServerImpl (RaftServerImpl.java:start(185)) - e52c2641-d294-4eba-8414-f585754bdde6@group-369FDD3872EC: start as a follower, conf=-1: [e52c2641-d294-4eba-8414-f585754bdde6:192.168.69.122:37018], old=null
2019-09-17 06:23:16,644 [pool-37-thread-1] INFO  impl.RaftServerImpl (RaftServerImpl.java:setRole(174)) - e52c2641-d294-4eba-8414-f585754bdde6@group-369FDD3872EC: changes role from      null to FOLLOWER at term 0 for startAsFollower
2019-09-17 06:23:16,644 [pool-37-thread-1] INFO  impl.RoleInfo (RoleInfo.java:updateAndGet(143)) - e52c2641-d294-4eba-8414-f585754bdde6: start FollowerState
2019-09-17 06:23:16,644 [pool-37-thread-1] INFO  util.JmxRegister (JmxRegister.java:tryRegister(44)) - Successfully registered JMX Bean with object name Ratis:service=RaftServer,group=group-369FDD3872EC,id=e52c2641-d294-4eba-8414-f585754bdde6
2019-09-17 06:23:16,654 [RatisPipelineUtilsThread] INFO  pipeline.PipelineStateManager (PipelineStateManager.java:addPipeline(56)) - Created pipeline Pipeline[ Id: eb1a08ae-4b67-4dfa-a85a-369fdd3872ec, Nodes: e52c2641-d294-4eba-8414-f585754bdde6{ip: 192.168.69.122, host: trunk-nightly-20190917-29l5j-2509219610, networkLocation: /default-rack, certSerialId: null}, Type:RATIS, Factor:ONE, State:OPEN]
2019-09-17 06:23:16,679 [grpc-default-executor-1] INFO  impl.RaftServerProxy (RaftServerProxy.java:addNew(89)) - f190894b-dcff-4e4e-bc20-b884aa594020: addNew group-C1EC82A1D28C:[7c9de0cf-eed1-4c51-ba4b-1bf623fe4654:192.168.69.122:33872, eeb8834c-6e46-4de3-8646-ea0ad8f6367e:192.168.69.122:33396, f190894b-dcff-4e4e-bc20-b884aa594020:192.168.69.122:44836] returns group-C1EC82A1D28C:java.util.concurrent.CompletableFuture@2bf1355e[Not completed]
2019-09-17 06:23:16,680 [grpc-default-executor-0] INFO  impl.RaftServerProxy (RaftServerProxy.java:addNew(89)) - eeb8834c-6e46-4de3-8646-ea0ad8f6367e: addNew group-C1EC82A1D28C:[7c9de0cf-eed1-4c51-ba4b-1bf623fe4654:192.168.69.122:33872, eeb8834c-6e46-4de3-8646-ea0ad8f6367e:192.168.69.122:33396, f190894b-dcff-4e4e-bc20-b884aa594020:192.168.69.122:44836] returns group-C1EC82A1D28C:java.util.concurrent.CompletableFuture@13ad76d3[Not completed]
2019-09-17 06:23:16,679 [grpc-default-executor-2] INFO  impl.RaftServerProxy (RaftServerProxy.java:addNew(89)) - 7c9de0cf-eed1-4c51-ba4b-1bf623fe4654: addNew group-C1EC82A1D28C:[7c9de0cf-eed1-4c51-ba4b-1bf623fe4654:192.168.69.122:33872, eeb8834c-6e46-4de3-8646-ea0ad8f6367e:192.168.69.122:33396, f190894b-dcff-4e4e-bc20-b884aa594020:192.168.69.122:44836] returns group-C1EC82A1D28C:java.util.concurrent.CompletableFuture@292d2baa[Not completed]
2019-09-17 06:23:16,681 [pool-27-thread-1] INFO  impl.RaftServerImpl (RaftServerImpl.java:<init>(95)) - f190894b-dcff-4e4e-bc20-b884aa594020: new RaftServerImpl for group-C1EC82A1D28C:[7c9de0cf-eed1-4c51-ba4b-1bf623fe4654:192.168.69.122:33872, eeb8834c-6e46-4de3-8646-ea0ad8f6367e:192.168.69.122:33396, f190894b-dcff-4e4e-bc20-b884aa594020:192.168.69.122:44836] with ContainerStateMachine:uninitialized
2019-09-17 06:23:16,681 [pool-27-thread-1] INFO  server.RaftServerConfigKeys (ConfUtils.java:logGet(43)) - raft.server.rpc.timeout.min = 5s (custom)
2019-09-17 06:23:16,682 [pool-27-thread-1] INFO  server.RaftServerConfigKeys (ConfUtils.java:logGet(43)) - raft.server.rpc.timeout.max = 5200ms (custom)
2019-09-17 06:23:16,682 [pool-27-thread-1] INFO  server.RaftServerConfigKeys (ConfUtils.java:logGet(43)) - raft.server.rpcslowness.timeout = 1000s (custom)
2019-09-17 06:23:16,682 [pool-27-thread-1] INFO  server.RaftServerConfigKeys (ConfUtils.java:logGet(43)) - raft.server.sleep.deviation.threshold = 300 (default)
2019-09-17 06:23:16,682 [pool-27-thread-1] INFO  server.RaftServerConfigKeys (ConfUtils.java:logGet(43)) - raft.server.log.appender.install.snapshot.enabled = false (custom)
2019-09-17 06:23:16,682 [pool-27-thread-1] INFO  impl.RaftServerImpl (ServerState.java:<init>(103)) - f190894b-dcff-4e4e-bc20-b884aa594020@group-C1EC82A1D28C: ConfigurationManager, init=-1: [7c9de0cf-eed1-4c51-ba4b-1bf623fe4654:192.168.69.122:33872, eeb8834c-6e46-4de3-8646-ea0ad8f6367e:192.168.69.122:33396, f190894b-dcff-4e4e-bc20-b884aa594020:192.168.69.122:44836], old=null, confs=<EMPTY_MAP>
2019-09-17 06:23:16,682 [pool-47-thread-1] INFO  impl.RaftServerImpl (RaftServerImpl.java:<init>(95)) - eeb8834c-6e46-4de3-8646-ea0ad8f6367e: new RaftServerImpl for group-C1EC82A1D28C:[7c9de0cf-eed1-4c51-ba4b-1bf623fe4654:192.168.69.122:33872, eeb8834c-6e46-4de3-8646-ea0ad8f6367e:192.168.69.122:33396, f190894b-dcff-4e4e-bc20-b884aa594020:192.168.69.122:44836] with ContainerStateMachine:uninitialized
2019-09-17 06:23:16,682 [pool-27-thread-1] INFO  server.RaftServerConfigKeys (ConfUtils.java:logGet(43)) - raft.server.storage.dir = [/workdir/hadoop-ozone/integration-test/target/test-dir/MiniOzoneClusterImpl-73769ce3-3186-4052-8109-183e096b0a7f/datanode-0/data/ratis] (custom)
2019-09-17 06:23:16,683 [pool-47-thread-1] INFO  server.RaftServerConfigKeys (ConfUtils.java:logGet(43)) - raft.server.rpc.timeout.min = 5s (custom)
2019-09-17 06:23:16,683 [pool-47-thread-1] INFO  server.RaftServerConfigKeys (ConfUtils.java:logGet(43)) - raft.server.rpc.timeout.max = 5200ms (custom)
2019-09-17 06:23:16,683 [pool-27-thread-1] INFO  storage.RaftStorageDirectory (RaftStorageDirectory.java:analyzeStorage(246)) - The storage directory /workdir/hadoop-ozone/integration-test/target/test-dir/MiniOzoneClusterImpl-73769ce3-3186-4052-8109-183e096b0a7f/datanode-0/data/ratis/28348431-a3c2-4ca8-bfe2-c1ec82a1d28c does not exist. Creating ...
2019-09-17 06:23:16,683 [pool-47-thread-1] INFO  server.RaftServerConfigKeys (ConfUtils.java:logGet(43)) - raft.server.rpcslowness.timeout = 1000s (custom)
2019-09-17 06:23:16,683 [pool-47-thread-1] INFO  server.RaftServerConfigKeys (ConfUtils.java:logGet(43)) - raft.server.sleep.deviation.threshold = 300 (default)
2019-09-17 06:23:16,684 [pool-57-thread-1] INFO  impl.RaftServerImpl (RaftServerImpl.java:<init>(95)) - 7c9de0cf-eed1-4c51-ba4b-1bf623fe4654: new RaftServerImpl for group-C1EC82A1D28C:[7c9de0cf-eed1-4c51-ba4b-1bf623fe4654:192.168.69.122:33872, eeb8834c-6e46-4de3-8646-ea0ad8f6367e:192.168.69.122:33396, f190894b-dcff-4e4e-bc20-b884aa594020:192.168.69.122:44836] with ContainerStateMachine:uninitialized
2019-09-17 06:23:16,684 [pool-47-thread-1] INFO  server.RaftServerConfigKeys (ConfUtils.java:logGet(43)) - raft.server.log.appender.install.snapshot.enabled = false (custom)
2019-09-17 06:23:16,684 [pool-57-thread-1] INFO  server.RaftServerConfigKeys (ConfUtils.java:logGet(43)) - raft.server.rpc.timeout.min = 5s (custom)
2019-09-17 06:23:16,684 [pool-47-thread-1] INFO  impl.RaftServerImpl (ServerState.java:<init>(103)) - eeb8834c-6e46-4de3-8646-ea0ad8f6367e@group-C1EC82A1D28C: ConfigurationManager, init=-1: [7c9de0cf-eed1-4c51-ba4b-1bf623fe4654:192.168.69.122:33872, eeb8834c-6e46-4de3-8646-ea0ad8f6367e:192.168.69.122:33396, f190894b-dcff-4e4e-bc20-b884aa594020:192.168.69.122:44836], old=null, confs=<EMPTY_MAP>
2019-09-17 06:23:16,684 [pool-57-thread-1] INFO  server.RaftServerConfigKeys (ConfUtils.java:logGet(43)) - raft.server.rpc.timeout.max = 5200ms (custom)
2019-09-17 06:23:16,684 [pool-47-thread-1] INFO  server.RaftServerConfigKeys (ConfUtils.java:logGet(43)) - raft.server.storage.dir = [/workdir/hadoop-ozone/integration-test/target/test-dir/MiniOzoneClusterImpl-73769ce3-3186-4052-8109-183e096b0a7f/datanode-2/data/ratis] (custom)
2019-09-17 06:23:16,684 [pool-57-thread-1] INFO  server.RaftServerConfigKeys (ConfUtils.java:logGet(43)) - raft.server.rpcslowness.timeout = 1000s (custom)
2019-09-17 06:23:16,685 [pool-57-thread-1] INFO  server.RaftServerConfigKeys (ConfUtils.java:logGet(43)) - raft.server.sleep.deviation.threshold = 300 (default)
2019-09-17 06:23:16,685 [pool-57-thread-1] INFO  server.RaftServerConfigKeys (ConfUtils.java:logGet(43)) - raft.server.log.appender.install.snapshot.enabled = false (custom)
2019-09-17 06:23:16,685 [pool-47-thread-1] INFO  storage.RaftStorageDirectory (RaftStorageDirectory.java:analyzeStorage(246)) - The storage directory /workdir/hadoop-ozone/integration-test/target/test-dir/MiniOzoneClusterImpl-73769ce3-3186-4052-8109-183e096b0a7f/datanode-2/data/ratis/28348431-a3c2-4ca8-bfe2-c1ec82a1d28c does not exist. Creating ...
2019-09-17 06:23:16,685 [pool-57-thread-1] INFO  impl.RaftServerImpl (ServerState.java:<init>(103)) - 7c9de0cf-eed1-4c51-ba4b-1bf623fe4654@group-C1EC82A1D28C: ConfigurationManager, init=-1: [7c9de0cf-eed1-4c51-ba4b-1bf623fe4654:192.168.69.122:33872, eeb8834c-6e46-4de3-8646-ea0ad8f6367e:192.168.69.122:33396, f190894b-dcff-4e4e-bc20-b884aa594020:192.168.69.122:44836], old=null, confs=<EMPTY_MAP>
2019-09-17 06:23:16,685 [pool-57-thread-1] INFO  server.RaftServerConfigKeys (ConfUtils.java:logGet(43)) - raft.server.storage.dir = [/workdir/hadoop-ozone/integration-test/target/test-dir/MiniOzoneClusterImpl-73769ce3-3186-4052-8109-183e096b0a7f/datanode-3/data/ratis] (custom)
2019-09-17 06:23:16,686 [pool-57-thread-1] INFO  storage.RaftStorageDirectory (RaftStorageDirectory.java:analyzeStorage(246)) - The storage directory /workdir/hadoop-ozone/integration-test/target/test-dir/MiniOzoneClusterImpl-73769ce3-3186-4052-8109-183e096b0a7f/datanode-3/data/ratis/28348431-a3c2-4ca8-bfe2-c1ec82a1d28c does not exist. Creating ...
2019-09-17 06:23:16,696 [pool-57-thread-1] INFO  storage.RaftStorageDirectory (RaftStorageDirectory.java:tryLock(328)) - Lock on /workdir/hadoop-ozone/integration-test/target/test-dir/MiniOzoneClusterImpl-73769ce3-3186-4052-8109-183e096b0a7f/datanode-3/data/ratis/28348431-a3c2-4ca8-bfe2-c1ec82a1d28c/in_use.lock acquired by nodename 9504@trunk-nightly-20190917-29l5j-2509219610
2019-09-17 06:23:16,696 [pool-47-thread-1] INFO  storage.RaftStorageDirectory (RaftStorageDirectory.java:tryLock(328)) - Lock on /workdir/hadoop-ozone/integration-test/target/test-dir/MiniOzoneClusterImpl-73769ce3-3186-4052-8109-183e096b0a7f/datanode-2/data/ratis/28348431-a3c2-4ca8-bfe2-c1ec82a1d28c/in_use.lock acquired by nodename 9504@trunk-nightly-20190917-29l5j-2509219610
2019-09-17 06:23:16,696 [pool-27-thread-1] INFO  storage.RaftStorageDirectory (RaftStorageDirectory.java:tryLock(328)) - Lock on /workdir/hadoop-ozone/integration-test/target/test-dir/MiniOzoneClusterImpl-73769ce3-3186-4052-8109-183e096b0a7f/datanode-0/data/ratis/28348431-a3c2-4ca8-bfe2-c1ec82a1d28c/in_use.lock acquired by nodename 9504@trunk-nightly-20190917-29l5j-2509219610
2019-09-17 06:23:16,721 [pool-57-thread-1] INFO  storage.RaftStorage (RaftStorage.java:format(72)) - Storage directory /workdir/hadoop-ozone/integration-test/target/test-dir/MiniOzoneClusterImpl-73769ce3-3186-4052-8109-183e096b0a7f/datanode-3/data/ratis/28348431-a3c2-4ca8-bfe2-c1ec82a1d28c has been successfully formatted.
2019-09-17 06:23:16,721 [pool-27-thread-1] INFO  storage.RaftStorage (RaftStorage.java:format(72)) - Storage directory /workdir/hadoop-ozone/integration-test/target/test-dir/MiniOzoneClusterImpl-73769ce3-3186-4052-8109-183e096b0a7f/datanode-0/data/ratis/28348431-a3c2-4ca8-bfe2-c1ec82a1d28c has been successfully formatted.
2019-09-17 06:23:16,721 [pool-47-thread-1] INFO  storage.RaftStorage (RaftStorage.java:format(72)) - Storage directory /workdir/hadoop-ozone/integration-test/target/test-dir/MiniOzoneClusterImpl-73769ce3-3186-4052-8109-183e096b0a7f/datanode-2/data/ratis/28348431-a3c2-4ca8-bfe2-c1ec82a1d28c has been successfully formatted.
2019-09-17 06:23:16,721 [pool-57-thread-1] INFO  ratis.ContainerStateMachine (ContainerStateMachine.java:loadSnapshot(230)) - group-C1EC82A1D28C: The snapshot info is null. Setting the last applied indexto:(t:0, i:~)
2019-09-17 06:23:16,722 [pool-27-thread-1] INFO  ratis.ContainerStateMachine (ContainerStateMachine.java:loadSnapshot(230)) - group-C1EC82A1D28C: The snapshot info is null. Setting the last applied indexto:(t:0, i:~)
2019-09-17 06:23:16,722 [pool-47-thread-1] INFO  ratis.ContainerStateMachine (ContainerStateMachine.java:loadSnapshot(230)) - group-C1EC82A1D28C: The snapshot info is null. Setting the last applied indexto:(t:0, i:~)
2019-09-17 06:23:16,722 [pool-57-thread-1] INFO  server.RaftServerConfigKeys (ConfUtils.java:logGet(43)) - raft.server.notification.no-leader.timeout = 1000s (custom)
2019-09-17 06:23:16,722 [pool-47-thread-1] INFO  server.RaftServerConfigKeys (ConfUtils.java:logGet(43)) - raft.server.notification.no-leader.timeout = 1000s (custom)
2019-09-17 06:23:16,722 [pool-27-thread-1] INFO  server.RaftServerConfigKeys (ConfUtils.java:logGet(43)) - raft.server.notification.no-leader.timeout = 1000s (custom)
2019-09-17 06:23:16,722 [pool-47-thread-1] INFO  server.RaftServerConfigKeys (ConfUtils.java:logGet(43)) - raft.server.log.use.memory = false (default)
2019-09-17 06:23:16,722 [pool-57-thread-1] INFO  server.RaftServerConfigKeys (ConfUtils.java:logGet(43)) - raft.server.log.use.memory = false (default)
2019-09-17 06:23:16,723 [pool-47-thread-1] INFO  server.RaftServerConfigKeys (ConfUtils.java:logGet(43)) - raft.server.log.purge.gap = 1000000 (custom)
2019-09-17 06:23:16,723 [pool-27-thread-1] INFO  server.RaftServerConfigKeys (ConfUtils.java:logGet(43)) - raft.server.log.use.memory = false (default)
2019-09-17 06:23:16,723 [pool-47-thread-1] INFO  server.RaftServerConfigKeys (ConfUtils.java:logGet(43)) - raft.server.log.appender.buffer.byte-limit = 33554432 (custom)
2019-09-17 06:23:16,723 [pool-57-thread-1] INFO  server.RaftServerConfigKeys (ConfUtils.java:logGet(43)) - raft.server.log.purge.gap = 1000000 (custom)
2019-09-17 06:23:16,723 [pool-47-thread-1] INFO  server.RaftServerConfigKeys (ConfUtils.java:logGet(43)) - raft.server.log.segment.size.max = 1048576 (custom)
2019-09-17 06:23:16,723 [pool-27-thread-1] INFO  server.RaftServerConfigKeys (ConfUtils.java:logGet(43)) - raft.server.log.purge.gap = 1000000 (custom)
2019-09-17 06:23:16,724 [pool-47-thread-1] INFO  server.RaftServerConfigKeys (ConfUtils.java:logGet(43)) - raft.server.log.segment.cache.num.max = 2 (custom)
2019-09-17 06:23:16,724 [pool-57-thread-1] INFO  server.RaftServerConfigKeys (ConfUtils.java:logGet(43)) - raft.server.log.appender.buffer.byte-limit = 33554432 (custom)
2019-09-17 06:23:16,724 [pool-47-thread-1] INFO  segmented.SegmentedRaftLogWorker (SegmentedRaftLogWorker.java:<init>(172)) - new eeb8834c-6e46-4de3-8646-ea0ad8f6367e@group-C1EC82A1D28C-SegmentedRaftLogWorker for RaftStorage:Storage Directory /workdir/hadoop-ozone/integration-test/target/test-dir/MiniOzoneClusterImpl-73769ce3-3186-4052-8109-183e096b0a7f/datanode-2/data/ratis/28348431-a3c2-4ca8-bfe2-c1ec82a1d28c
2019-09-17 06:23:16,724 [pool-27-thread-1] INFO  server.RaftServerConfigKeys (ConfUtils.java:logGet(43)) - raft.server.log.appender.buffer.byte-limit = 33554432 (custom)
2019-09-17 06:23:16,725 [pool-47-thread-1] INFO  server.RaftServerConfigKeys (ConfUtils.java:logGet(43)) - raft.server.log.queue.byte-limit = 2147483647 (custom)
2019-09-17 06:23:16,725 [pool-47-thread-1] INFO  server.RaftServerConfigKeys (ConfUtils.java:logGet(43)) - raft.server.log.queue.element-limit = 1024 (custom)
2019-09-17 06:23:16,724 [pool-57-thread-1] INFO  server.RaftServerConfigKeys (ConfUtils.java:logGet(43)) - raft.server.log.segment.size.max = 1048576 (custom)
2019-09-17 06:23:16,725 [pool-47-thread-1] INFO  server.RaftServerConfigKeys (ConfUtils.java:logGet(43)) - raft.server.log.segment.size.max = 1048576 (custom)
2019-09-17 06:23:16,725 [pool-47-thread-1] INFO  server.RaftServerConfigKeys (ConfUtils.java:logGet(43)) - raft.server.log.preallocated.size = 16384 (custom)
2019-09-17 06:23:16,725 [pool-27-thread-1] INFO  server.RaftServerConfigKeys (ConfUtils.java:logGet(43)) - raft.server.log.segment.size.max = 1048576 (custom)
2019-09-17 06:23:16,726 [pool-47-thread-1] INFO  server.RaftServerConfigKeys (ConfUtils.java:logGet(43)) - raft.server.log.write.buffer.size = 33554432 (custom)
2019-09-17 06:23:16,726 [pool-47-thread-1] INFO  server.RaftServerConfigKeys (ConfUtils.java:logGet(43)) - raft.server.log.force.sync.num = 128 (default)
2019-09-17 06:23:16,725 [pool-57-thread-1] INFO  server.RaftServerConfigKeys (ConfUtils.java:logGet(43)) - raft.server.log.segment.cache.num.max = 2 (custom)
2019-09-17 06:23:16,726 [pool-47-thread-1] INFO  server.RaftServerConfigKeys (ConfUtils.java:logGet(43)) - raft.server.log.statemachine.data.sync = true (default)
2019-09-17 06:23:16,726 [pool-27-thread-1] INFO  server.RaftServerConfigKeys (ConfUtils.java:logGet(43)) - raft.server.log.segment.cache.num.max = 2 (custom)
2019-09-17 06:23:16,727 [pool-47-thread-1] INFO  server.RaftServerConfigKeys (ConfUtils.java:logGet(43)) - raft.server.log.statemachine.data.sync.timeout = 10s (default)
2019-09-17 06:23:16,726 [pool-57-thread-1] INFO  segmented.SegmentedRaftLogWorker (SegmentedRaftLogWorker.java:<init>(172)) - new 7c9de0cf-eed1-4c51-ba4b-1bf623fe4654@group-C1EC82A1D28C-SegmentedRaftLogWorker for RaftStorage:Storage Directory /workdir/hadoop-ozone/integration-test/target/test-dir/MiniOzoneClusterImpl-73769ce3-3186-4052-8109-183e096b0a7f/datanode-3/data/ratis/28348431-a3c2-4ca8-bfe2-c1ec82a1d28c
2019-09-17 06:23:16,727 [pool-47-thread-1] INFO  server.RaftServerConfigKeys (ConfUtils.java:logGet(43)) - raft.server.log.statemachine.data.sync.timeout.retry = -1 (default)
2019-09-17 06:23:16,727 [pool-27-thread-1] INFO  segmented.SegmentedRaftLogWorker (SegmentedRaftLogWorker.java:<init>(172)) - new f190894b-dcff-4e4e-bc20-b884aa594020@group-C1EC82A1D28C-SegmentedRaftLogWorker for RaftStorage:Storage Directory /workdir/hadoop-ozone/integration-test/target/test-dir/MiniOzoneClusterImpl-73769ce3-3186-4052-8109-183e096b0a7f/datanode-0/data/ratis/28348431-a3c2-4ca8-bfe2-c1ec82a1d28c
2019-09-17 06:23:16,727 [pool-47-thread-1] INFO  server.RaftServerConfigKeys (ConfUtils.java:logGet(43)) - raft.server.log.statemachine.data.caching.enabled = true (custom)
2019-09-17 06:23:16,727 [pool-57-thread-1] INFO  server.RaftServerConfigKeys (ConfUtils.java:logGet(43)) - raft.server.log.queue.byte-limit = 2147483647 (custom)
2019-09-17 06:23:16,728 [pool-27-thread-1] INFO  server.RaftServerConfigKeys (ConfUtils.java:logGet(43)) - raft.server.log.queue.byte-limit = 2147483647 (custom)
2019-09-17 06:23:16,728 [pool-47-thread-1] INFO  segmented.SegmentedRaftLogWorker (SegmentedRaftLogWorker.java:lambda$new$0(132)) - eeb8834c-6e46-4de3-8646-ea0ad8f6367e@group-C1EC82A1D28C-SegmentedRaftLogWorker: flushIndex: setUnconditionally 0 -> -1
2019-09-17 06:23:16,728 [pool-57-thread-1] INFO  server.RaftServerConfigKeys (ConfUtils.java:logGet(43)) - raft.server.log.queue.element-limit = 1024 (custom)
2019-09-17 06:23:16,728 [pool-27-thread-1] INFO  server.RaftServerConfigKeys (ConfUtils.java:logGet(43)) - raft.server.log.queue.element-limit = 1024 (custom)
2019-09-17 06:23:16,728 [pool-57-thread-1] INFO  server.RaftServerConfigKeys (ConfUtils.java:logGet(43)) - raft.server.log.segment.size.max = 1048576 (custom)
2019-09-17 06:23:16,728 [pool-47-thread-1] INFO  server.RaftServerConfigKeys (ConfUtils.java:logGet(43)) - raft.server.snapshot.auto.trigger.enabled = true (custom)
2019-09-17 06:23:16,729 [pool-57-thread-1] INFO  server.RaftServerConfigKeys (ConfUtils.java:logGet(43)) - raft.server.log.preallocated.size = 16384 (custom)
2019-09-17 06:23:16,729 [pool-27-thread-1] INFO  server.RaftServerConfigKeys (ConfUtils.java:logGet(43)) - raft.server.log.segment.size.max = 1048576 (custom)
2019-09-17 06:23:16,729 [pool-57-thread-1] INFO  server.RaftServerConfigKeys (ConfUtils.java:logGet(43)) - raft.server.log.write.buffer.size = 33554432 (custom)
2019-09-17 06:23:16,729 [pool-47-thread-1] INFO  server.RaftServerConfigKeys (ConfUtils.java:logGet(43)) - raft.server.snapshot.auto.trigger.threshold = 10000 (custom)
2019-09-17 06:23:16,729 [pool-57-thread-1] INFO  server.RaftServerConfigKeys (ConfUtils.java:logGet(43)) - raft.server.log.force.sync.num = 128 (default)
2019-09-17 06:23:16,729 [pool-27-thread-1] INFO  server.RaftServerConfigKeys (ConfUtils.java:logGet(43)) - raft.server.log.preallocated.size = 16384 (custom)
2019-09-17 06:23:16,730 [pool-57-thread-1] INFO  server.RaftServerConfigKeys (ConfUtils.java:logGet(43)) - raft.server.log.statemachine.data.sync = true (default)
2019-09-17 06:23:16,730 [pool-47-thread-1] INFO  server.RaftServerConfigKeys (ConfUtils.java:logGet(43)) - raft.server.snapshot.retention.num.files = 5 (custom)
2019-09-17 06:23:16,730 [pool-57-thread-1] INFO  server.RaftServerConfigKeys (ConfUtils.java:logGet(43)) - raft.server.log.statemachine.data.sync.timeout = 10s (default)
2019-09-17 06:23:16,730 [pool-27-thread-1] INFO  server.RaftServerConfigKeys (ConfUtils.java:logGet(43)) - raft.server.log.write.buffer.size = 33554432 (custom)
2019-09-17 06:23:16,730 [pool-57-thread-1] INFO  server.RaftServerConfigKeys (ConfUtils.java:logGet(43)) - raft.server.log.statemachine.data.sync.timeout.retry = -1 (default)
2019-09-17 06:23:16,730 [pool-47-thread-1] INFO  server.RaftServerConfigKeys (ConfUtils.java:logGet(43)) - raft.server.retrycache.expirytime = 600000ms (custom)
2019-09-17 06:23:16,731 [pool-57-thread-1] INFO  server.RaftServerConfigKeys (ConfUtils.java:logGet(43)) - raft.server.log.statemachine.data.caching.enabled = true (custom)
2019-09-17 06:23:16,731 [pool-27-thread-1] INFO  server.RaftServerConfigKeys (ConfUtils.java:logGet(43)) - raft.server.log.force.sync.num = 128 (default)
2019-09-17 06:23:16,731 [pool-27-thread-1] INFO  server.RaftServerConfigKeys (ConfUtils.java:logGet(43)) - raft.server.log.statemachine.data.sync = true (default)
2019-09-17 06:23:16,731 [pool-57-thread-1] INFO  segmented.SegmentedRaftLogWorker (SegmentedRaftLogWorker.java:lambda$new$0(132)) - 7c9de0cf-eed1-4c51-ba4b-1bf623fe4654@group-C1EC82A1D28C-SegmentedRaftLogWorker: flushIndex: setUnconditionally 0 -> -1
2019-09-17 06:23:16,731 [pool-27-thread-1] INFO  server.RaftServerConfigKeys (ConfUtils.java:logGet(43)) - raft.server.log.statemachine.data.sync.timeout = 10s (default)
2019-09-17 06:23:16,732 [pool-27-thread-1] INFO  server.RaftServerConfigKeys (ConfUtils.java:logGet(43)) - raft.server.log.statemachine.data.sync.timeout.retry = -1 (default)
2019-09-17 06:23:16,732 [pool-57-thread-1] INFO  server.RaftServerConfigKeys (ConfUtils.java:logGet(43)) - raft.server.snapshot.auto.trigger.enabled = true (custom)
2019-09-17 06:23:16,732 [pool-27-thread-1] INFO  server.RaftServerConfigKeys (ConfUtils.java:logGet(43)) - raft.server.log.statemachine.data.caching.enabled = true (custom)
2019-09-17 06:23:16,732 [pool-57-thread-1] INFO  server.RaftServerConfigKeys (ConfUtils.java:logGet(43)) - raft.server.snapshot.auto.trigger.threshold = 10000 (custom)
2019-09-17 06:23:16,732 [pool-57-thread-1] INFO  server.RaftServerConfigKeys (ConfUtils.java:logGet(43)) - raft.server.snapshot.retention.num.files = 5 (custom)
2019-09-17 06:23:16,732 [pool-27-thread-1] INFO  segmented.SegmentedRaftLogWorker (SegmentedRaftLogWorker.java:lambda$new$0(132)) - f190894b-dcff-4e4e-bc20-b884aa594020@group-C1EC82A1D28C-SegmentedRaftLogWorker: flushIndex: setUnconditionally 0 -> -1
2019-09-17 06:23:16,733 [pool-57-thread-1] INFO  server.RaftServerConfigKeys (ConfUtils.java:logGet(43)) - raft.server.retrycache.expirytime = 600000ms (custom)
2019-09-17 06:23:16,733 [pool-27-thread-1] INFO  server.RaftServerConfigKeys (ConfUtils.java:logGet(43)) - raft.server.snapshot.auto.trigger.enabled = true (custom)
2019-09-17 06:23:16,733 [pool-27-thread-1] INFO  server.RaftServerConfigKeys (ConfUtils.java:logGet(43)) - raft.server.snapshot.auto.trigger.threshold = 10000 (custom)
2019-09-17 06:23:16,733 [pool-27-thread-1] INFO  server.RaftServerConfigKeys (ConfUtils.java:logGet(43)) - raft.server.snapshot.retention.num.files = 5 (custom)
2019-09-17 06:23:16,733 [pool-27-thread-1] INFO  server.RaftServerConfigKeys (ConfUtils.java:logGet(43)) - raft.server.retrycache.expirytime = 600000ms (custom)
2019-09-17 06:23:16,734 [pool-47-thread-1] INFO  impl.RaftServerImpl (RaftServerImpl.java:start(185)) - eeb8834c-6e46-4de3-8646-ea0ad8f6367e@group-C1EC82A1D28C: start as a follower, conf=-1: [7c9de0cf-eed1-4c51-ba4b-1bf623fe4654:192.168.69.122:33872, eeb8834c-6e46-4de3-8646-ea0ad8f6367e:192.168.69.122:33396, f190894b-dcff-4e4e-bc20-b884aa594020:192.168.69.122:44836], old=null
2019-09-17 06:23:16,734 [pool-47-thread-1] INFO  impl.RaftServerImpl (RaftServerImpl.java:setRole(174)) - eeb8834c-6e46-4de3-8646-ea0ad8f6367e@group-C1EC82A1D28C: changes role from      null to FOLLOWER at term 0 for startAsFollower
2019-09-17 06:23:16,734 [pool-47-thread-1] INFO  impl.RoleInfo (RoleInfo.java:updateAndGet(143)) - eeb8834c-6e46-4de3-8646-ea0ad8f6367e: start FollowerState
2019-09-17 06:23:16,735 [pool-47-thread-1] INFO  util.JmxRegister (JmxRegister.java:tryRegister(44)) - Successfully registered JMX Bean with object name Ratis:service=RaftServer,group=group-C1EC82A1D28C,id=eeb8834c-6e46-4de3-8646-ea0ad8f6367e
2019-09-17 06:23:16,736 [pool-57-thread-1] INFO  impl.RaftServerImpl (RaftServerImpl.java:start(185)) - 7c9de0cf-eed1-4c51-ba4b-1bf623fe4654@group-C1EC82A1D28C: start as a follower, conf=-1: [7c9de0cf-eed1-4c51-ba4b-1bf623fe4654:192.168.69.122:33872, eeb8834c-6e46-4de3-8646-ea0ad8f6367e:192.168.69.122:33396, f190894b-dcff-4e4e-bc20-b884aa594020:192.168.69.122:44836], old=null
2019-09-17 06:23:16,736 [pool-57-thread-1] INFO  impl.RaftServerImpl (RaftServerImpl.java:setRole(174)) - 7c9de0cf-eed1-4c51-ba4b-1bf623fe4654@group-C1EC82A1D28C: changes role from      null to FOLLOWER at term 0 for startAsFollower
2019-09-17 06:23:16,737 [pool-57-thread-1] INFO  impl.RoleInfo (RoleInfo.java:updateAndGet(143)) - 7c9de0cf-eed1-4c51-ba4b-1bf623fe4654: start FollowerState
2019-09-17 06:23:16,737 [pool-27-thread-1] INFO  impl.RaftServerImpl (RaftServerImpl.java:start(185)) - f190894b-dcff-4e4e-bc20-b884aa594020@group-C1EC82A1D28C: start as a follower, conf=-1: [7c9de0cf-eed1-4c51-ba4b-1bf623fe4654:192.168.69.122:33872, eeb8834c-6e46-4de3-8646-ea0ad8f6367e:192.168.69.122:33396, f190894b-dcff-4e4e-bc20-b884aa594020:192.168.69.122:44836], old=null
2019-09-17 06:23:16,737 [pool-27-thread-1] INFO  impl.RaftServerImpl (RaftServerImpl.java:setRole(174)) - f190894b-dcff-4e4e-bc20-b884aa594020@group-C1EC82A1D28C: changes role from      null to FOLLOWER at term 0 for startAsFollower
2019-09-17 06:23:16,737 [pool-57-thread-1] INFO  util.JmxRegister (JmxRegister.java:tryRegister(44)) - Successfully registered JMX Bean with object name Ratis:service=RaftServer,group=group-C1EC82A1D28C,id=7c9de0cf-eed1-4c51-ba4b-1bf623fe4654
2019-09-17 06:23:16,737 [pool-27-thread-1] INFO  impl.RoleInfo (RoleInfo.java:updateAndGet(143)) - f190894b-dcff-4e4e-bc20-b884aa594020: start FollowerState
2019-09-17 06:23:16,738 [pool-27-thread-1] INFO  util.JmxRegister (JmxRegister.java:tryRegister(44)) - Successfully registered JMX Bean with object name Ratis:service=RaftServer,group=group-C1EC82A1D28C,id=f190894b-dcff-4e4e-bc20-b884aa594020
2019-09-17 06:23:16,759 [RatisPipelineUtilsThread] INFO  pipeline.PipelineStateManager (PipelineStateManager.java:addPipeline(56)) - Created pipeline Pipeline[ Id: 28348431-a3c2-4ca8-bfe2-c1ec82a1d28c, Nodes: eeb8834c-6e46-4de3-8646-ea0ad8f6367e{ip: 192.168.69.122, host: trunk-nightly-20190917-29l5j-2509219610, networkLocation: /default-rack, certSerialId: null}7c9de0cf-eed1-4c51-ba4b-1bf623fe4654{ip: 192.168.69.122, host: trunk-nightly-20190917-29l5j-2509219610, networkLocation: /default-rack, certSerialId: null}f190894b-dcff-4e4e-bc20-b884aa594020{ip: 192.168.69.122, host: trunk-nightly-20190917-29l5j-2509219610, networkLocation: /default-rack, certSerialId: null}, Type:RATIS, Factor:THREE, State:OPEN]
2019-09-17 06:23:16,865 [Command processor thread] ERROR commandhandler.CloseContainerCommandHandler (CloseContainerCommandHandler.java:handle(84)) - Container #1 does not exist in datanode. Container close failed.
2019-09-17 06:23:16,892 [Thread-193] INFO  container.ReplicationManager (ReplicationManager.java:start(169)) - Replication Monitor Thread is already running.
2019-09-17 06:23:16,999 [Command processor thread] ERROR commandhandler.CloseContainerCommandHandler (CloseContainerCommandHandler.java:handle(84)) - Container #1 does not exist in datanode. Container close failed.
2019-09-17 06:23:17,088 [Command processor thread] ERROR commandhandler.CloseContainerCommandHandler (CloseContainerCommandHandler.java:handle(84)) - Container #1 does not exist in datanode. Container close failed.
2019-09-17 06:23:17,127 [ReplicationMonitor] INFO  container.ReplicationManager (ReplicationManager.java:run(225)) - Replication Monitor Thread took 1 milliseconds for processing 1 containers.
2019-09-17 06:23:17,503 [grpc-default-executor-2] INFO  client.GrpcClientProtocolClient (GrpcClientProtocolClient.java:onNext(264)) - client-FA121D9F6A04->7c9de0cf-eed1-4c51-ba4b-1bf623fe4654: receive RaftClientReply:client-FA121D9F6A04->7c9de0cf-eed1-4c51-ba4b-1bf623fe4654@group-BDEDA6706690, cid=8, FAILED org.apache.ratis.protocol.NotLeaderException: Server 7c9de0cf-eed1-4c51-ba4b-1bf623fe4654@group-BDEDA6706690 is not the leader, logIndex=0, commits[7c9de0cf-eed1-4c51-ba4b-1bf623fe4654:c-1]
2019-09-17 06:23:18,532 [grpc-default-executor-2] INFO  client.GrpcClientProtocolClient (GrpcClientProtocolClient.java:onNext(264)) - client-FA121D9F6A04->eeb8834c-6e46-4de3-8646-ea0ad8f6367e: receive RaftClientReply:client-FA121D9F6A04->eeb8834c-6e46-4de3-8646-ea0ad8f6367e@group-BDEDA6706690, cid=8, FAILED org.apache.ratis.protocol.NotLeaderException: Server eeb8834c-6e46-4de3-8646-ea0ad8f6367e@group-BDEDA6706690 is not the leader, logIndex=0, commits[eeb8834c-6e46-4de3-8646-ea0ad8f6367e:c-1]
2019-09-17 06:23:19,128 [ReplicationMonitor] INFO  container.ReplicationManager (ReplicationManager.java:run(225)) - Replication Monitor Thread took 0 milliseconds for processing 1 containers.
2019-09-17 06:23:19,553 [grpc-default-executor-2] INFO  client.GrpcClientProtocolClient (GrpcClientProtocolClient.java:onNext(264)) - client-FA121D9F6A04->7c9de0cf-eed1-4c51-ba4b-1bf623fe4654: receive RaftClientReply:client-FA121D9F6A04->7c9de0cf-eed1-4c51-ba4b-1bf623fe4654@group-BDEDA6706690, cid=8, FAILED org.apache.ratis.protocol.NotLeaderException: Server 7c9de0cf-eed1-4c51-ba4b-1bf623fe4654@group-BDEDA6706690 is not the leader, logIndex=0, commits[7c9de0cf-eed1-4c51-ba4b-1bf623fe4654:c-1]
2019-09-17 06:23:19,672 [Thread-195] INFO  impl.FollowerState (FollowerState.java:run(106)) - f190894b-dcff-4e4e-bc20-b884aa594020:group-E5DD6E7F832E changes to CANDIDATE, lastRpcTime:5034, electionTimeout:5033ms
2019-09-17 06:23:19,675 [Thread-195] INFO  impl.RoleInfo (RoleInfo.java:shutdownFollowerState(121)) - f190894b-dcff-4e4e-bc20-b884aa594020: shutdown FollowerState
2019-09-17 06:23:19,675 [Thread-195] INFO  impl.RaftServerImpl (RaftServerImpl.java:setRole(174)) - f190894b-dcff-4e4e-bc20-b884aa594020@group-E5DD6E7F832E: changes role from  FOLLOWER to CANDIDATE at term 0 for changeToCandidate
2019-09-17 06:23:19,682 [Thread-195] INFO  impl.RoleInfo (RoleInfo.java:updateAndGet(143)) - f190894b-dcff-4e4e-bc20-b884aa594020: start LeaderElection
2019-09-17 06:23:19,699 [f190894b-dcff-4e4e-bc20-b884aa594020@group-E5DD6E7F832E:LeaderElection1] INFO  impl.LeaderElection (LeaderElection.java:askForVotes(182)) - f190894b-dcff-4e4e-bc20-b884aa594020@group-E5DD6E7F832E:LeaderElection1: begin an election at term 1 for -1: [f190894b-dcff-4e4e-bc20-b884aa594020:192.168.69.122:44836], old=null
2019-09-17 06:23:19,701 [f190894b-dcff-4e4e-bc20-b884aa594020@group-E5DD6E7F832E:LeaderElection1] INFO  impl.RoleInfo (RoleInfo.java:shutdownLeaderElection(134)) - f190894b-dcff-4e4e-bc20-b884aa594020: shutdown LeaderElection
2019-09-17 06:23:19,702 [f190894b-dcff-4e4e-bc20-b884aa594020@group-E5DD6E7F832E:LeaderElection1] INFO  impl.RaftServerImpl (RaftServerImpl.java:setRole(174)) - f190894b-dcff-4e4e-bc20-b884aa594020@group-E5DD6E7F832E: changes role from CANDIDATE to LEADER at term 1 for changeToLeader
2019-09-17 06:23:19,702 [f190894b-dcff-4e4e-bc20-b884aa594020@group-E5DD6E7F832E:LeaderElection1] INFO  impl.RaftServerImpl (ServerState.java:setLeader(253)) - f190894b-dcff-4e4e-bc20-b884aa594020@group-E5DD6E7F832E: change Leader from null to f190894b-dcff-4e4e-bc20-b884aa594020 at term 1 for becomeLeader, leader elected after 5195ms
2019-09-17 06:23:19,709 [f190894b-dcff-4e4e-bc20-b884aa594020@group-E5DD6E7F832E:LeaderElection1] INFO  server.RaftServerConfigKeys (ConfUtils.java:logGet(43)) - raft.server.staging.catchup.gap = 1000 (default)
2019-09-17 06:23:19,710 [f190894b-dcff-4e4e-bc20-b884aa594020@group-E5DD6E7F832E:LeaderElection1] INFO  server.RaftServerConfigKeys (ConfUtils.java:logGet(43)) - raft.server.rpc.sleep.time = 25ms (default)
2019-09-17 06:23:19,713 [f190894b-dcff-4e4e-bc20-b884aa594020@group-E5DD6E7F832E:LeaderElection1] INFO  server.RaftServerConfigKeys (ConfUtils.java:logGet(43)) - raft.server.write.element-limit = 4096 (default)
2019-09-17 06:23:19,716 [f190894b-dcff-4e4e-bc20-b884aa594020@group-E5DD6E7F832E:LeaderElection1] INFO  server.RaftServerConfigKeys (ConfUtils.java:logGet(43)) - raft.server.watch.timeout = 10s (default)
2019-09-17 06:23:19,716 [f190894b-dcff-4e4e-bc20-b884aa594020@group-E5DD6E7F832E:LeaderElection1] INFO  server.RaftServerConfigKeys (ConfUtils.java:logGet(43)) - raft.server.watch.timeout.denomination = 1s (default)
2019-09-17 06:23:19,717 [f190894b-dcff-4e4e-bc20-b884aa594020@group-E5DD6E7F832E:LeaderElection1] INFO  server.RaftServerConfigKeys (ConfUtils.java:logGet(43)) - raft.server.watch.element-limit = 65536 (default)
2019-09-17 06:23:19,729 [f190894b-dcff-4e4e-bc20-b884aa594020@group-E5DD6E7F832E:LeaderElection1] INFO  impl.RoleInfo (RoleInfo.java:updateAndGet(143)) - f190894b-dcff-4e4e-bc20-b884aa594020: start LeaderState
2019-09-17 06:23:19,752 [f190894b-dcff-4e4e-bc20-b884aa594020@group-E5DD6E7F832E:LeaderElection1] INFO  segmented.SegmentedRaftLogWorker (SegmentedRaftLogWorker.java:startLogSegment(380)) - f190894b-dcff-4e4e-bc20-b884aa594020@group-E5DD6E7F832E-SegmentedRaftLogWorker: Starting segment from index:0
2019-09-17 06:23:19,761 [f190894b-dcff-4e4e-bc20-b884aa594020@group-E5DD6E7F832E:LeaderElection1] INFO  impl.RaftServerImpl (ServerState.java:setRaftConf(354)) - f190894b-dcff-4e4e-bc20-b884aa594020@group-E5DD6E7F832E: set configuration 0: [f190894b-dcff-4e4e-bc20-b884aa594020:192.168.69.122:44836], old=null at 0
2019-09-17 06:23:19,980 [f190894b-dcff-4e4e-bc20-b884aa594020@group-E5DD6E7F832E-SegmentedRaftLogWorker] INFO  segmented.SegmentedRaftLogWorker (SegmentedRaftLogWorker.java:execute(569)) - f190894b-dcff-4e4e-bc20-b884aa594020@group-E5DD6E7F832E-SegmentedRaftLogWorker: created new log segment /workdir/hadoop-ozone/integration-test/target/test-dir/MiniOzoneClusterImpl-73769ce3-3186-4052-8109-183e096b0a7f/datanode-0/data/ratis/87eb07fd-fb13-4d2e-8343-e5dd6e7f832e/current/log_inprogress_0
2019-09-17 06:23:19,997 [Thread-198] INFO  impl.FollowerState (FollowerState.java:run(106)) - eeb8834c-6e46-4de3-8646-ea0ad8f6367e:group-4C16FE8315E4 changes to CANDIDATE, lastRpcTime:5158, electionTimeout:5157ms
2019-09-17 06:23:19,999 [Thread-198] INFO  impl.RoleInfo (RoleInfo.java:shutdownFollowerState(121)) - eeb8834c-6e46-4de3-8646-ea0ad8f6367e: shutdown FollowerState
2019-09-17 06:23:20,000 [Thread-198] INFO  impl.RaftServerImpl (RaftServerImpl.java:setRole(174)) - eeb8834c-6e46-4de3-8646-ea0ad8f6367e@group-4C16FE8315E4: changes role from  FOLLOWER to CANDIDATE at term 0 for changeToCandidate
2019-09-17 06:23:20,000 [Thread-198] INFO  impl.RoleInfo (RoleInfo.java:updateAndGet(143)) - eeb8834c-6e46-4de3-8646-ea0ad8f6367e: start LeaderElection
2019-09-17 06:23:20,031 [eeb8834c-6e46-4de3-8646-ea0ad8f6367e@group-4C16FE8315E4:LeaderElection2] INFO  impl.LeaderElection (LeaderElection.java:askForVotes(182)) - eeb8834c-6e46-4de3-8646-ea0ad8f6367e@group-4C16FE8315E4:LeaderElection2: begin an election at term 1 for -1: [eeb8834c-6e46-4de3-8646-ea0ad8f6367e:192.168.69.122:33396], old=null
2019-09-17 06:23:20,033 [eeb8834c-6e46-4de3-8646-ea0ad8f6367e@group-4C16FE8315E4:LeaderElection2] INFO  impl.RoleInfo (RoleInfo.java:shutdownLeaderElection(134)) - eeb8834c-6e46-4de3-8646-ea0ad8f6367e: shutdown LeaderElection
2019-09-17 06:23:20,033 [eeb8834c-6e46-4de3-8646-ea0ad8f6367e@group-4C16FE8315E4:LeaderElection2] INFO  impl.RaftServerImpl (RaftServerImpl.java:setRole(174)) - eeb8834c-6e46-4de3-8646-ea0ad8f6367e@group-4C16FE8315E4: changes role from CANDIDATE to LEADER at term 1 for changeToLeader
2019-09-17 06:23:20,033 [eeb8834c-6e46-4de3-8646-ea0ad8f6367e@group-4C16FE8315E4:LeaderElection2] INFO  impl.RaftServerImpl (ServerState.java:setLeader(253)) - eeb8834c-6e46-4de3-8646-ea0ad8f6367e@group-4C16FE8315E4: change Leader from null to eeb8834c-6e46-4de3-8646-ea0ad8f6367e at term 1 for becomeLeader, leader elected after 5215ms
2019-09-17 06:23:20,033 [eeb8834c-6e46-4de3-8646-ea0ad8f6367e@group-4C16FE8315E4:LeaderElection2] INFO  server.RaftServerConfigKeys (ConfUtils.java:logGet(43)) - raft.server.staging.catchup.gap = 1000 (default)
2019-09-17 06:23:20,033 [eeb8834c-6e46-4de3-8646-ea0ad8f6367e@group-4C16FE8315E4:LeaderElection2] INFO  server.RaftServerConfigKeys (ConfUtils.java:logGet(43)) - raft.server.rpc.sleep.time = 25ms (default)
2019-09-17 06:23:20,033 [eeb8834c-6e46-4de3-8646-ea0ad8f6367e@group-4C16FE8315E4:LeaderElection2] INFO  server.RaftServerConfigKeys (ConfUtils.java:logGet(43)) - raft.server.write.element-limit = 4096 (default)
2019-09-17 06:23:20,034 [eeb8834c-6e46-4de3-8646-ea0ad8f6367e@group-4C16FE8315E4:LeaderElection2] INFO  server.RaftServerConfigKeys (ConfUtils.java:logGet(43)) - raft.server.watch.timeout = 10s (default)
2019-09-17 06:23:20,034 [eeb8834c-6e46-4de3-8646-ea0ad8f6367e@group-4C16FE8315E4:LeaderElection2] INFO  server.RaftServerConfigKeys (ConfUtils.java:logGet(43)) - raft.server.watch.timeout.denomination = 1s (default)
2019-09-17 06:23:20,034 [eeb8834c-6e46-4de3-8646-ea0ad8f6367e@group-4C16FE8315E4:LeaderElection2] INFO  server.RaftServerConfigKeys (ConfUtils.java:logGet(43)) - raft.server.watch.element-limit = 65536 (default)
2019-09-17 06:23:20,037 [eeb8834c-6e46-4de3-8646-ea0ad8f6367e@group-4C16FE8315E4:LeaderElection2] INFO  impl.RoleInfo (RoleInfo.java:updateAndGet(143)) - eeb8834c-6e46-4de3-8646-ea0ad8f6367e: start LeaderState
2019-09-17 06:23:20,037 [eeb8834c-6e46-4de3-8646-ea0ad8f6367e@group-4C16FE8315E4:LeaderElection2] INFO  segmented.SegmentedRaftLogWorker (SegmentedRaftLogWorker.java:startLogSegment(380)) - eeb8834c-6e46-4de3-8646-ea0ad8f6367e@group-4C16FE8315E4-SegmentedRaftLogWorker: Starting segment from index:0
2019-09-17 06:23:20,037 [eeb8834c-6e46-4de3-8646-ea0ad8f6367e@group-4C16FE8315E4:LeaderElection2] INFO  impl.RaftServerImpl (ServerState.java:setRaftConf(354)) - eeb8834c-6e46-4de3-8646-ea0ad8f6367e@group-4C16FE8315E4: set configuration 0: [eeb8834c-6e46-4de3-8646-ea0ad8f6367e:192.168.69.122:33396], old=null at 0
2019-09-17 06:23:20,075 [Thread-201] INFO  impl.FollowerState (FollowerState.java:run(106)) - 7c9de0cf-eed1-4c51-ba4b-1bf623fe4654:group-4FBFF1144DF4 changes to CANDIDATE, lastRpcTime:5092, electionTimeout:5085ms
2019-09-17 06:23:20,075 [Thread-201] INFO  impl.RoleInfo (RoleInfo.java:shutdownFollowerState(121)) - 7c9de0cf-eed1-4c51-ba4b-1bf623fe4654: shutdown FollowerState
2019-09-17 06:23:20,076 [Thread-201] INFO  impl.RaftServerImpl (RaftServerImpl.java:setRole(174)) - 7c9de0cf-eed1-4c51-ba4b-1bf623fe4654@group-4FBFF1144DF4: changes role from  FOLLOWER to CANDIDATE at term 0 for changeToCandidate
2019-09-17 06:23:20,076 [Thread-201] INFO  impl.RoleInfo (RoleInfo.java:updateAndGet(143)) - 7c9de0cf-eed1-4c51-ba4b-1bf623fe4654: start LeaderElection
2019-09-17 06:23:20,087 [eeb8834c-6e46-4de3-8646-ea0ad8f6367e@group-4C16FE8315E4-SegmentedRaftLogWorker] INFO  segmented.SegmentedRaftLogWorker (SegmentedRaftLogWorker.java:execute(569)) - eeb8834c-6e46-4de3-8646-ea0ad8f6367e@group-4C16FE8315E4-SegmentedRaftLogWorker: created new log segment /workdir/hadoop-ozone/integration-test/target/test-dir/MiniOzoneClusterImpl-73769ce3-3186-4052-8109-183e096b0a7f/datanode-2/data/ratis/2daeafeb-5392-4583-9e7e-4c16fe8315e4/current/log_inprogress_0
2019-09-17 06:23:20,088 [7c9de0cf-eed1-4c51-ba4b-1bf623fe4654@group-4FBFF1144DF4:LeaderElection3] INFO  impl.LeaderElection (LeaderElection.java:askForVotes(182)) - 7c9de0cf-eed1-4c51-ba4b-1bf623fe4654@group-4FBFF1144DF4:LeaderElection3: begin an election at term 1 for -1: [7c9de0cf-eed1-4c51-ba4b-1bf623fe4654:192.168.69.122:33872], old=null
2019-09-17 06:23:20,088 [7c9de0cf-eed1-4c51-ba4b-1bf623fe4654@group-4FBFF1144DF4:LeaderElection3] INFO  impl.RoleInfo (RoleInfo.java:shutdownLeaderElection(134)) - 7c9de0cf-eed1-4c51-ba4b-1bf623fe4654: shutdown LeaderElection
2019-09-17 06:23:20,088 [7c9de0cf-eed1-4c51-ba4b-1bf623fe4654@group-4FBFF1144DF4:LeaderElection3] INFO  impl.RaftServerImpl (RaftServerImpl.java:setRole(174)) - 7c9de0cf-eed1-4c51-ba4b-1bf623fe4654@group-4FBFF1144DF4: changes role from CANDIDATE to LEADER at term 1 for changeToLeader
2019-09-17 06:23:20,088 [7c9de0cf-eed1-4c51-ba4b-1bf623fe4654@group-4FBFF1144DF4:LeaderElection3] INFO  impl.RaftServerImpl (ServerState.java:setLeader(253)) - 7c9de0cf-eed1-4c51-ba4b-1bf623fe4654@group-4FBFF1144DF4: change Leader from null to 7c9de0cf-eed1-4c51-ba4b-1bf623fe4654 at term 1 for becomeLeader, leader elected after 5145ms
2019-09-17 06:23:20,090 [7c9de0cf-eed1-4c51-ba4b-1bf623fe4654@group-4FBFF1144DF4:LeaderElection3] INFO  server.RaftServerConfigKeys (ConfUtils.java:logGet(43)) - raft.server.staging.catchup.gap = 1000 (default)
2019-09-17 06:23:20,090 [7c9de0cf-eed1-4c51-ba4b-1bf623fe4654@group-4FBFF1144DF4:LeaderElection3] INFO  server.RaftServerConfigKeys (ConfUtils.java:logGet(43)) - raft.server.rpc.sleep.time = 25ms (default)
2019-09-17 06:23:20,090 [7c9de0cf-eed1-4c51-ba4b-1bf623fe4654@group-4FBFF1144DF4:LeaderElection3] INFO  server.RaftServerConfigKeys (ConfUtils.java:logGet(43)) - raft.server.write.element-limit = 4096 (default)
2019-09-17 06:23:20,090 [7c9de0cf-eed1-4c51-ba4b-1bf623fe4654@group-4FBFF1144DF4:LeaderElection3] INFO  server.RaftServerConfigKeys (ConfUtils.java:logGet(43)) - raft.server.watch.timeout = 10s (default)
2019-09-17 06:23:20,090 [7c9de0cf-eed1-4c51-ba4b-1bf623fe4654@group-4FBFF1144DF4:LeaderElection3] INFO  server.RaftServerConfigKeys (ConfUtils.java:logGet(43)) - raft.server.watch.timeout.denomination = 1s (default)
2019-09-17 06:23:20,090 [7c9de0cf-eed1-4c51-ba4b-1bf623fe4654@group-4FBFF1144DF4:LeaderElection3] INFO  server.RaftServerConfigKeys (ConfUtils.java:logGet(43)) - raft.server.watch.element-limit = 65536 (default)
2019-09-17 06:23:20,093 [7c9de0cf-eed1-4c51-ba4b-1bf623fe4654@group-4FBFF1144DF4:LeaderElection3] INFO  impl.RoleInfo (RoleInfo.java:updateAndGet(143)) - 7c9de0cf-eed1-4c51-ba4b-1bf623fe4654: start LeaderState
2019-09-17 06:23:20,094 [7c9de0cf-eed1-4c51-ba4b-1bf623fe4654@group-4FBFF1144DF4:LeaderElection3] INFO  segmented.SegmentedRaftLogWorker (SegmentedRaftLogWorker.java:startLogSegment(380)) - 7c9de0cf-eed1-4c51-ba4b-1bf623fe4654@group-4FBFF1144DF4-SegmentedRaftLogWorker: Starting segment from index:0
2019-09-17 06:23:20,094 [7c9de0cf-eed1-4c51-ba4b-1bf623fe4654@group-4FBFF1144DF4:LeaderElection3] INFO  impl.RaftServerImpl (ServerState.java:setRaftConf(354)) - 7c9de0cf-eed1-4c51-ba4b-1bf623fe4654@group-4FBFF1144DF4: set configuration 0: [7c9de0cf-eed1-4c51-ba4b-1bf623fe4654:192.168.69.122:33872], old=null at 0
2019-09-17 06:23:20,154 [7c9de0cf-eed1-4c51-ba4b-1bf623fe4654@group-4FBFF1144DF4-SegmentedRaftLogWorker] INFO  segmented.SegmentedRaftLogWorker (SegmentedRaftLogWorker.java:execute(569)) - 7c9de0cf-eed1-4c51-ba4b-1bf623fe4654@group-4FBFF1144DF4-SegmentedRaftLogWorker: created new log segment /workdir/hadoop-ozone/integration-test/target/test-dir/MiniOzoneClusterImpl-73769ce3-3186-4052-8109-183e096b0a7f/datanode-3/data/ratis/7b51b5ad-8add-4d2d-8e0f-4fbff1144df4/current/log_inprogress_0
2019-09-17 06:23:20,207 [Thread-204] INFO  impl.FollowerState (FollowerState.java:run(106)) - e52c2641-d294-4eba-8414-f585754bdde6:group-86C8DB36F62D changes to CANDIDATE, lastRpcTime:5131, electionTimeout:5131ms
2019-09-17 06:23:20,207 [Thread-204] INFO  impl.RoleInfo (RoleInfo.java:shutdownFollowerState(121)) - e52c2641-d294-4eba-8414-f585754bdde6: shutdown FollowerState
2019-09-17 06:23:20,207 [Thread-204] INFO  impl.RaftServerImpl (RaftServerImpl.java:setRole(174)) - e52c2641-d294-4eba-8414-f585754bdde6@group-86C8DB36F62D: changes role from  FOLLOWER to CANDIDATE at term 0 for changeToCandidate
2019-09-17 06:23:20,208 [Thread-204] INFO  impl.RoleInfo (RoleInfo.java:updateAndGet(143)) - e52c2641-d294-4eba-8414-f585754bdde6: start LeaderElection
2019-09-17 06:23:20,236 [e52c2641-d294-4eba-8414-f585754bdde6@group-86C8DB36F62D:LeaderElection4] INFO  impl.LeaderElection (LeaderElection.java:askForVotes(182)) - e52c2641-d294-4eba-8414-f585754bdde6@group-86C8DB36F62D:LeaderElection4: begin an election at term 1 for -1: [e52c2641-d294-4eba-8414-f585754bdde6:192.168.69.122:37018], old=null
2019-09-17 06:23:20,237 [e52c2641-d294-4eba-8414-f585754bdde6@group-86C8DB36F62D:LeaderElection4] INFO  impl.RoleInfo (RoleInfo.java:shutdownLeaderElection(134)) - e52c2641-d294-4eba-8414-f585754bdde6: shutdown LeaderElection
2019-09-17 06:23:20,237 [e52c2641-d294-4eba-8414-f585754bdde6@group-86C8DB36F62D:LeaderElection4] INFO  impl.RaftServerImpl (RaftServerImpl.java:setRole(174)) - e52c2641-d294-4eba-8414-f585754bdde6@group-86C8DB36F62D: changes role from CANDIDATE to LEADER at term 1 for changeToLeader
2019-09-17 06:23:20,237 [e52c2641-d294-4eba-8414-f585754bdde6@group-86C8DB36F62D:LeaderElection4] INFO  impl.RaftServerImpl (ServerState.java:setLeader(253)) - e52c2641-d294-4eba-8414-f585754bdde6@group-86C8DB36F62D: change Leader from null to e52c2641-d294-4eba-8414-f585754bdde6 at term 1 for becomeLeader, leader elected after 5180ms
2019-09-17 06:23:20,238 [e52c2641-d294-4eba-8414-f585754bdde6@group-86C8DB36F62D:LeaderElection4] INFO  server.RaftServerConfigKeys (ConfUtils.java:logGet(43)) - raft.server.staging.catchup.gap = 1000 (default)
2019-09-17 06:23:20,239 [e52c2641-d294-4eba-8414-f585754bdde6@group-86C8DB36F62D:LeaderElection4] INFO  server.RaftServerConfigKeys (ConfUtils.java:logGet(43)) - raft.server.rpc.sleep.time = 25ms (default)
2019-09-17 06:23:20,239 [e52c2641-d294-4eba-8414-f585754bdde6@group-86C8DB36F62D:LeaderElection4] INFO  server.RaftServerConfigKeys (ConfUtils.java:logGet(43)) - raft.server.write.element-limit = 4096 (default)
2019-09-17 06:23:20,239 [e52c2641-d294-4eba-8414-f585754bdde6@group-86C8DB36F62D:LeaderElection4] INFO  server.RaftServerConfigKeys (ConfUtils.java:logGet(43)) - raft.server.watch.timeout = 10s (default)
2019-09-17 06:23:20,239 [e52c2641-d294-4eba-8414-f585754bdde6@group-86C8DB36F62D:LeaderElection4] INFO  server.RaftServerConfigKeys (ConfUtils.java:logGet(43)) - raft.server.watch.timeout.denomination = 1s (default)
2019-09-17 06:23:20,239 [e52c2641-d294-4eba-8414-f585754bdde6@group-86C8DB36F62D:LeaderElection4] INFO  server.RaftServerConfigKeys (ConfUtils.java:logGet(43)) - raft.server.watch.element-limit = 65536 (default)
2019-09-17 06:23:20,242 [e52c2641-d294-4eba-8414-f585754bdde6@group-86C8DB36F62D:LeaderElection4] INFO  impl.RoleInfo (RoleInfo.java:updateAndGet(143)) - e52c2641-d294-4eba-8414-f585754bdde6: start LeaderState
2019-09-17 06:23:20,242 [e52c2641-d294-4eba-8414-f585754bdde6@group-86C8DB36F62D:LeaderElection4] INFO  segmented.SegmentedRaftLogWorker (SegmentedRaftLogWorker.java:startLogSegment(380)) - e52c2641-d294-4eba-8414-f585754bdde6@group-86C8DB36F62D-SegmentedRaftLogWorker: Starting segment from index:0
2019-09-17 06:23:20,243 [e52c2641-d294-4eba-8414-f585754bdde6@group-86C8DB36F62D:LeaderElection4] INFO  impl.RaftServerImpl (ServerState.java:setRaftConf(354)) - e52c2641-d294-4eba-8414-f585754bdde6@group-86C8DB36F62D: set configuration 0: [e52c2641-d294-4eba-8414-f585754bdde6:192.168.69.122:37018], old=null at 0
2019-09-17 06:23:20,278 [Thread-213] INFO  impl.FollowerState (FollowerState.java:run(106)) - 7c9de0cf-eed1-4c51-ba4b-1bf623fe4654:group-BDEDA6706690 changes to CANDIDATE, lastRpcTime:5048, electionTimeout:5025ms
2019-09-17 06:23:20,278 [Thread-213] INFO  impl.RoleInfo (RoleInfo.java:shutdownFollowerState(121)) - 7c9de0cf-eed1-4c51-ba4b-1bf623fe4654: shutdown FollowerState
2019-09-17 06:23:20,278 [Thread-213] INFO  impl.RaftServerImpl (RaftServerImpl.java:setRole(174)) - 7c9de0cf-eed1-4c51-ba4b-1bf623fe4654@group-BDEDA6706690: changes role from  FOLLOWER to CANDIDATE at term 0 for changeToCandidate
2019-09-17 06:23:20,278 [Thread-213] INFO  impl.RoleInfo (RoleInfo.java:updateAndGet(143)) - 7c9de0cf-eed1-4c51-ba4b-1bf623fe4654: start LeaderElection
2019-09-17 06:23:20,302 [e52c2641-d294-4eba-8414-f585754bdde6@group-86C8DB36F62D-SegmentedRaftLogWorker] INFO  segmented.SegmentedRaftLogWorker (SegmentedRaftLogWorker.java:execute(569)) - e52c2641-d294-4eba-8414-f585754bdde6@group-86C8DB36F62D-SegmentedRaftLogWorker: created new log segment /workdir/hadoop-ozone/integration-test/target/test-dir/MiniOzoneClusterImpl-73769ce3-3186-4052-8109-183e096b0a7f/datanode-1/data/ratis/96f1c371-a419-444f-8b07-86c8db36f62d/current/log_inprogress_0
2019-09-17 06:23:20,302 [7c9de0cf-eed1-4c51-ba4b-1bf623fe4654@group-BDEDA6706690:LeaderElection5] INFO  impl.LeaderElection (LeaderElection.java:askForVotes(182)) - 7c9de0cf-eed1-4c51-ba4b-1bf623fe4654@group-BDEDA6706690:LeaderElection5: begin an election at term 1 for -1: [7c9de0cf-eed1-4c51-ba4b-1bf623fe4654:192.168.69.122:33872, eeb8834c-6e46-4de3-8646-ea0ad8f6367e:192.168.69.122:33396, f190894b-dcff-4e4e-bc20-b884aa594020:192.168.69.122:44836], old=null
2019-09-17 06:23:20,331 [grpc-default-executor-2] INFO  impl.RaftServerImpl (RaftServerImpl.java:setRole(174)) - eeb8834c-6e46-4de3-8646-ea0ad8f6367e@group-BDEDA6706690: changes role from  FOLLOWER to FOLLOWER at term 1 for recognizeCandidate:7c9de0cf-eed1-4c51-ba4b-1bf623fe4654
2019-09-17 06:23:20,331 [grpc-default-executor-0] INFO  impl.RaftServerImpl (RaftServerImpl.java:setRole(174)) - f190894b-dcff-4e4e-bc20-b884aa594020@group-BDEDA6706690: changes role from  FOLLOWER to FOLLOWER at term 1 for recognizeCandidate:7c9de0cf-eed1-4c51-ba4b-1bf623fe4654
2019-09-17 06:23:20,331 [grpc-default-executor-2] INFO  impl.RoleInfo (RoleInfo.java:shutdownFollowerState(121)) - eeb8834c-6e46-4de3-8646-ea0ad8f6367e: shutdown FollowerState
2019-09-17 06:23:20,331 [grpc-default-executor-0] INFO  impl.RoleInfo (RoleInfo.java:shutdownFollowerState(121)) - f190894b-dcff-4e4e-bc20-b884aa594020: shutdown FollowerState
2019-09-17 06:23:20,332 [grpc-default-executor-2] INFO  impl.RoleInfo (RoleInfo.java:updateAndGet(143)) - eeb8834c-6e46-4de3-8646-ea0ad8f6367e: start FollowerState
2019-09-17 06:23:20,332 [grpc-default-executor-0] INFO  impl.RoleInfo (RoleInfo.java:updateAndGet(143)) - f190894b-dcff-4e4e-bc20-b884aa594020: start FollowerState
2019-09-17 06:23:20,332 [Thread-212] INFO  impl.FollowerState (FollowerState.java:run(115)) - f190894b-dcff-4e4e-bc20-b884aa594020: FollowerState was interrupted: java.lang.InterruptedException: sleep interrupted
2019-09-17 06:23:20,332 [Thread-210] INFO  impl.FollowerState (FollowerState.java:run(115)) - eeb8834c-6e46-4de3-8646-ea0ad8f6367e: FollowerState was interrupted: java.lang.InterruptedException: sleep interrupted
2019-09-17 06:23:20,364 [7c9de0cf-eed1-4c51-ba4b-1bf623fe4654@group-BDEDA6706690:LeaderElection5] INFO  impl.LeaderElection (LeaderElection.java:logAndReturn(56)) - 7c9de0cf-eed1-4c51-ba4b-1bf623fe4654@group-BDEDA6706690:LeaderElection5: Election PASSED; received 1 response(s) [7c9de0cf-eed1-4c51-ba4b-1bf623fe4654<-f190894b-dcff-4e4e-bc20-b884aa594020#0:OK-t1] and 0 exception(s); 7c9de0cf-eed1-4c51-ba4b-1bf623fe4654@group-BDEDA6706690:t1, leader=null, voted=7c9de0cf-eed1-4c51-ba4b-1bf623fe4654, raftlog=7c9de0cf-eed1-4c51-ba4b-1bf623fe4654@group-BDEDA6706690-SegmentedRaftLog:OPENED:c-1,f-1,i0, conf=-1: [7c9de0cf-eed1-4c51-ba4b-1bf623fe4654:192.168.69.122:33872, eeb8834c-6e46-4de3-8646-ea0ad8f6367e:192.168.69.122:33396, f190894b-dcff-4e4e-bc20-b884aa594020:192.168.69.122:44836], old=null
2019-09-17 06:23:20,364 [7c9de0cf-eed1-4c51-ba4b-1bf623fe4654@group-BDEDA6706690:LeaderElection5] INFO  impl.RoleInfo (RoleInfo.java:shutdownLeaderElection(134)) - 7c9de0cf-eed1-4c51-ba4b-1bf623fe4654: shutdown LeaderElection
2019-09-17 06:23:20,367 [7c9de0cf-eed1-4c51-ba4b-1bf623fe4654@group-BDEDA6706690:LeaderElection5] INFO  impl.RaftServerImpl (RaftServerImpl.java:setRole(174)) - 7c9de0cf-eed1-4c51-ba4b-1bf623fe4654@group-BDEDA6706690: changes role from CANDIDATE to LEADER at term 1 for changeToLeader
2019-09-17 06:23:20,367 [7c9de0cf-eed1-4c51-ba4b-1bf623fe4654@group-BDEDA6706690:LeaderElection5] INFO  impl.RaftServerImpl (ServerState.java:setLeader(253)) - 7c9de0cf-eed1-4c51-ba4b-1bf623fe4654@group-BDEDA6706690: change Leader from null to 7c9de0cf-eed1-4c51-ba4b-1bf623fe4654 at term 1 for becomeLeader, leader elected after 5161ms
2019-09-17 06:23:20,367 [7c9de0cf-eed1-4c51-ba4b-1bf623fe4654@group-BDEDA6706690:LeaderElection5] INFO  server.RaftServerConfigKeys (ConfUtils.java:logGet(43)) - raft.server.staging.catchup.gap = 1000 (default)
2019-09-17 06:23:20,367 [7c9de0cf-eed1-4c51-ba4b-1bf623fe4654@group-BDEDA6706690:LeaderElection5] INFO  server.RaftServerConfigKeys (ConfUtils.java:logGet(43)) - raft.server.rpc.sleep.time = 25ms (default)
2019-09-17 06:23:20,367 [7c9de0cf-eed1-4c51-ba4b-1bf623fe4654@group-BDEDA6706690:LeaderElection5] INFO  server.RaftServerConfigKeys (ConfUtils.java:logGet(43)) - raft.server.write.element-limit = 4096 (default)
2019-09-17 06:23:20,368 [7c9de0cf-eed1-4c51-ba4b-1bf623fe4654@group-BDEDA6706690:LeaderElection5] INFO  server.RaftServerConfigKeys (ConfUtils.java:logGet(43)) - raft.server.watch.timeout = 10s (default)
2019-09-17 06:23:20,368 [7c9de0cf-eed1-4c51-ba4b-1bf623fe4654@group-BDEDA6706690:LeaderElection5] INFO  server.RaftServerConfigKeys (ConfUtils.java:logGet(43)) - raft.server.watch.timeout.denomination = 1s (default)
2019-09-17 06:23:20,368 [7c9de0cf-eed1-4c51-ba4b-1bf623fe4654@group-BDEDA6706690:LeaderElection5] INFO  server.RaftServerConfigKeys (ConfUtils.java:logGet(43)) - raft.server.watch.element-limit = 65536 (default)
2019-09-17 06:23:20,374 [7c9de0cf-eed1-4c51-ba4b-1bf623fe4654@group-BDEDA6706690:LeaderElection5] INFO  server.RaftServerConfigKeys (ConfUtils.java:logGet(43)) - raft.server.log.appender.snapshot.chunk.size.max = 16MB (=16777216) (default)
2019-09-17 06:23:20,374 [7c9de0cf-eed1-4c51-ba4b-1bf623fe4654@group-BDEDA6706690:LeaderElection5] INFO  server.RaftServerConfigKeys (ConfUtils.java:logGet(43)) - raft.server.log.appender.buffer.byte-limit = 33554432 (custom)
2019-09-17 06:23:20,375 [7c9de0cf-eed1-4c51-ba4b-1bf623fe4654@group-BDEDA6706690:LeaderElection5] INFO  server.RaftServerConfigKeys (ConfUtils.java:logGet(43)) - raft.server.log.appender.buffer.element-limit = 1 (custom)
2019-09-17 06:23:20,379 [7c9de0cf-eed1-4c51-ba4b-1bf623fe4654@group-BDEDA6706690:LeaderElection5] INFO  grpc.GrpcConfigKeys$Server (ConfUtils.java:logGet(43)) - raft.grpc.server.leader.outstanding.appends.max = 128 (default)
2019-09-17 06:23:20,383 [7c9de0cf-eed1-4c51-ba4b-1bf623fe4654@group-BDEDA6706690:LeaderElection5] INFO  server.RaftServerConfigKeys (ConfUtils.java:logGet(43)) - raft.server.rpc.request.timeout = 3000ms (default)
2019-09-17 06:23:20,383 [7c9de0cf-eed1-4c51-ba4b-1bf623fe4654@group-BDEDA6706690:LeaderElection5] INFO  server.RaftServerConfigKeys (ConfUtils.java:logGet(43)) - raft.server.log.appender.install.snapshot.enabled = false (custom)
2019-09-17 06:23:20,384 [7c9de0cf-eed1-4c51-ba4b-1bf623fe4654@group-BDEDA6706690:LeaderElection5] INFO  server.RaftServerConfigKeys (ConfUtils.java:logGet(43)) - raft.server.log.appender.snapshot.chunk.size.max = 16MB (=16777216) (default)
2019-09-17 06:23:20,384 [7c9de0cf-eed1-4c51-ba4b-1bf623fe4654@group-BDEDA6706690:LeaderElection5] INFO  server.RaftServerConfigKeys (ConfUtils.java:logGet(43)) - raft.server.log.appender.buffer.byte-limit = 33554432 (custom)
2019-09-17 06:23:20,384 [7c9de0cf-eed1-4c51-ba4b-1bf623fe4654@group-BDEDA6706690:LeaderElection5] INFO  server.RaftServerConfigKeys (ConfUtils.java:logGet(43)) - raft.server.log.appender.buffer.element-limit = 1 (custom)
2019-09-17 06:23:20,385 [7c9de0cf-eed1-4c51-ba4b-1bf623fe4654@group-BDEDA6706690:LeaderElection5] INFO  grpc.GrpcConfigKeys$Server (ConfUtils.java:logGet(43)) - raft.grpc.server.leader.outstanding.appends.max = 128 (default)
2019-09-17 06:23:20,385 [7c9de0cf-eed1-4c51-ba4b-1bf623fe4654@group-BDEDA6706690:LeaderElection5] INFO  server.RaftServerConfigKeys (ConfUtils.java:logGet(43)) - raft.server.rpc.request.timeout = 3000ms (default)
2019-09-17 06:23:20,385 [7c9de0cf-eed1-4c51-ba4b-1bf623fe4654@group-BDEDA6706690:LeaderElection5] INFO  server.RaftServerConfigKeys (ConfUtils.java:logGet(43)) - raft.server.log.appender.install.snapshot.enabled = false (custom)
2019-09-17 06:23:20,387 [7c9de0cf-eed1-4c51-ba4b-1bf623fe4654@group-BDEDA6706690:LeaderElection5] INFO  impl.RoleInfo (RoleInfo.java:updateAndGet(143)) - 7c9de0cf-eed1-4c51-ba4b-1bf623fe4654: start LeaderState
2019-09-17 06:23:20,387 [7c9de0cf-eed1-4c51-ba4b-1bf623fe4654@group-BDEDA6706690:LeaderElection5] INFO  segmented.SegmentedRaftLogWorker (SegmentedRaftLogWorker.java:startLogSegment(380)) - 7c9de0cf-eed1-4c51-ba4b-1bf623fe4654@group-BDEDA6706690-SegmentedRaftLogWorker: Starting segment from index:0
2019-09-17 06:23:20,388 [7c9de0cf-eed1-4c51-ba4b-1bf623fe4654@group-BDEDA6706690:LeaderElection5] INFO  impl.RaftServerImpl (ServerState.java:setRaftConf(354)) - 7c9de0cf-eed1-4c51-ba4b-1bf623fe4654@group-BDEDA6706690: set configuration 0: [7c9de0cf-eed1-4c51-ba4b-1bf623fe4654:192.168.69.122:33872, eeb8834c-6e46-4de3-8646-ea0ad8f6367e:192.168.69.122:33396, f190894b-dcff-4e4e-bc20-b884aa594020:192.168.69.122:44836], old=null at 0
2019-09-17 06:23:20,432 [7c9de0cf-eed1-4c51-ba4b-1bf623fe4654@group-BDEDA6706690-SegmentedRaftLogWorker] INFO  segmented.SegmentedRaftLogWorker (SegmentedRaftLogWorker.java:execute(569)) - 7c9de0cf-eed1-4c51-ba4b-1bf623fe4654@group-BDEDA6706690-SegmentedRaftLogWorker: created new log segment /workdir/hadoop-ozone/integration-test/target/test-dir/MiniOzoneClusterImpl-73769ce3-3186-4052-8109-183e096b0a7f/datanode-3/data/ratis/0cdd67d9-0147-4318-8aef-bdeda6706690/current/log_inprogress_0
2019-09-17 06:23:20,444 [grpc-default-executor-0] INFO  impl.RaftServerImpl (ServerState.java:setLeader(253)) - f190894b-dcff-4e4e-bc20-b884aa594020@group-BDEDA6706690: change Leader from null to 7c9de0cf-eed1-4c51-ba4b-1bf623fe4654 at term 1 for appendEntries, leader elected after 5238ms
2019-09-17 06:23:20,444 [grpc-default-executor-2] INFO  impl.RaftServerImpl (ServerState.java:setLeader(253)) - eeb8834c-6e46-4de3-8646-ea0ad8f6367e@group-BDEDA6706690: change Leader from null to 7c9de0cf-eed1-4c51-ba4b-1bf623fe4654 at term 1 for appendEntries, leader elected after 5238ms
2019-09-17 06:23:20,479 [grpc-default-executor-0] INFO  impl.RaftServerImpl (ServerState.java:setRaftConf(354)) - f190894b-dcff-4e4e-bc20-b884aa594020@group-BDEDA6706690: set configuration 0: [7c9de0cf-eed1-4c51-ba4b-1bf623fe4654:192.168.69.122:33872, eeb8834c-6e46-4de3-8646-ea0ad8f6367e:192.168.69.122:33396, f190894b-dcff-4e4e-bc20-b884aa594020:192.168.69.122:44836], old=null at 0
2019-09-17 06:23:20,479 [grpc-default-executor-2] INFO  impl.RaftServerImpl (ServerState.java:setRaftConf(354)) - eeb8834c-6e46-4de3-8646-ea0ad8f6367e@group-BDEDA6706690: set configuration 0: [7c9de0cf-eed1-4c51-ba4b-1bf623fe4654:192.168.69.122:33872, eeb8834c-6e46-4de3-8646-ea0ad8f6367e:192.168.69.122:33396, f190894b-dcff-4e4e-bc20-b884aa594020:192.168.69.122:44836], old=null at 0
2019-09-17 06:23:20,479 [grpc-default-executor-0] INFO  segmented.SegmentedRaftLogWorker (SegmentedRaftLogWorker.java:startLogSegment(380)) - f190894b-dcff-4e4e-bc20-b884aa594020@group-BDEDA6706690-SegmentedRaftLogWorker: Starting segment from index:0
2019-09-17 06:23:20,480 [grpc-default-executor-2] INFO  segmented.SegmentedRaftLogWorker (SegmentedRaftLogWorker.java:startLogSegment(380)) - eeb8834c-6e46-4de3-8646-ea0ad8f6367e@group-BDEDA6706690-SegmentedRaftLogWorker: Starting segment from index:0
2019-09-17 06:23:20,520 [f190894b-dcff-4e4e-bc20-b884aa594020@group-BDEDA6706690-SegmentedRaftLogWorker] INFO  segmented.SegmentedRaftLogWorker (SegmentedRaftLogWorker.java:execute(569)) - f190894b-dcff-4e4e-bc20-b884aa594020@group-BDEDA6706690-SegmentedRaftLogWorker: created new log segment /workdir/hadoop-ozone/integration-test/target/test-dir/MiniOzoneClusterImpl-73769ce3-3186-4052-8109-183e096b0a7f/datanode-0/data/ratis/0cdd67d9-0147-4318-8aef-bdeda6706690/current/log_inprogress_0
2019-09-17 06:23:20,534 [eeb8834c-6e46-4de3-8646-ea0ad8f6367e@group-BDEDA6706690-SegmentedRaftLogWorker] INFO  segmented.SegmentedRaftLogWorker (SegmentedRaftLogWorker.java:execute(569)) - eeb8834c-6e46-4de3-8646-ea0ad8f6367e@group-BDEDA6706690-SegmentedRaftLogWorker: created new log segment /workdir/hadoop-ozone/integration-test/target/test-dir/MiniOzoneClusterImpl-73769ce3-3186-4052-8109-183e096b0a7f/datanode-2/data/ratis/0cdd67d9-0147-4318-8aef-bdeda6706690/current/log_inprogress_0
2019-09-17 06:23:20,571 [grpc-default-executor-2] INFO  client.GrpcClientProtocolClient (GrpcClientProtocolClient.java:onNext(264)) - client-FA121D9F6A04->f190894b-dcff-4e4e-bc20-b884aa594020: receive RaftClientReply:client-FA121D9F6A04->f190894b-dcff-4e4e-bc20-b884aa594020@group-BDEDA6706690, cid=8, FAILED org.apache.ratis.protocol.NotLeaderException: Server f190894b-dcff-4e4e-bc20-b884aa594020@group-BDEDA6706690 is not the leader 7c9de0cf-eed1-4c51-ba4b-1bf623fe4654:192.168.69.122:33872, logIndex=0, commits[f190894b-dcff-4e4e-bc20-b884aa594020:c0, 7c9de0cf-eed1-4c51-ba4b-1bf623fe4654:c0, eeb8834c-6e46-4de3-8646-ea0ad8f6367e:c-1]
2019-09-17 06:23:20,905 [grpc-default-executor-2] INFO  client.GrpcClientProtocolClient (GrpcClientProtocolClient.java:onNext(264)) - client-FA121D9F6A04->7c9de0cf-eed1-4c51-ba4b-1bf623fe4654: receive RaftClientReply:client-FA121D9F6A04->7c9de0cf-eed1-4c51-ba4b-1bf623fe4654@group-BDEDA6706690, cid=8, SUCCESS, logIndex=1, commits[7c9de0cf-eed1-4c51-ba4b-1bf623fe4654:c1, eeb8834c-6e46-4de3-8646-ea0ad8f6367e:c0, f190894b-dcff-4e4e-bc20-b884aa594020:c0]
2019-09-17 06:23:21,032 [grpc-default-executor-1] INFO  client.GrpcClientProtocolClient (GrpcClientProtocolClient.java:onNext(264)) - client-FA121D9F6A04->7c9de0cf-eed1-4c51-ba4b-1bf623fe4654: receive RaftClientReply:client-FA121D9F6A04->7c9de0cf-eed1-4c51-ba4b-1bf623fe4654@group-BDEDA6706690, cid=10, SUCCESS, logIndex=3, commits[7c9de0cf-eed1-4c51-ba4b-1bf623fe4654:c4, eeb8834c-6e46-4de3-8646-ea0ad8f6367e:c3, f190894b-dcff-4e4e-bc20-b884aa594020:c3]
2019-09-17 06:23:21,060 [main] ERROR container.ContainerStateManager (ContainerStateManager.java:updateContainerState(335)) - Failed to update container state #1, reason: invalid state transition from state: CLOSING upon event: FINALIZE.
]]></system-out>
    <system-err><![CDATA[ERROR StatusLogger No Log4j 2 configuration file found. Using default configuration (logging only errors to the console), or user programmatically provided configurations. Set system property 'log4j2.debug' to show Log4j 2 internal initialization logging. See https://logging.apache.org/log4j/2.x/manual/configuration.html for instructions on how to configure Log4j 2
]]></system-err>
  </testcase>
</testsuite>