<?xml version="1.0" encoding="UTF-8"?>
<testsuite xmlns:xsi="http://www.w3.org/2001/XMLSchema-instance" xsi:noNamespaceSchemaLocation="https://maven.apache.org/surefire/maven-surefire-plugin/xsd/surefire-test-report.xsd" name="org.apache.hadoop.ozone.client.rpc.TestBlockOutputStreamWithFailures" time="732.426" tests="8" errors="0" skipped="0" failures="1">
  <properties>
    <property name="awt.toolkit" value="sun.awt.X11.XToolkit"/>
    <property name="file.encoding.pkg" value="sun.io"/>
    <property name="java.specification.version" value="1.8"/>
    <property name="sun.cpu.isalist" value=""/>
    <property name="sun.jnu.encoding" value="UTF-8"/>
    <property name="java.class.path" value="/workdir/hadoop-ozone/integration-test/target/test-classes:/workdir/hadoop-ozone/integration-test/target/classes:/home/user/.m2/repository/org/apache/hadoop/hadoop-ozone-common/0.5.0-SNAPSHOT/hadoop-ozone-common-0.5.0-SNAPSHOT.jar:/home/user/.m2/repository/org/apache/commons/commons-compress/1.4.1/commons-compress-1.4.1.jar:/home/user/.m2/repository/org/tukaani/xz/1.0/xz-1.0.jar:/home/user/.m2/repository/org/apache/hadoop/hadoop-common/3.2.0/hadoop-common-3.2.0.jar:/home/user/.m2/repository/org/apache/hadoop/hadoop-hdfs/3.2.0/hadoop-hdfs-3.2.0.jar:/home/user/.m2/repository/org/apache/hadoop/hadoop-hdfs-client/3.2.0/hadoop-hdfs-client-3.2.0.jar:/home/user/.m2/repository/com/fasterxml/jackson/core/jackson-annotations/2.9.5/jackson-annotations-2.9.5.jar:/home/user/.m2/repository/org/apache/hadoop/hadoop-hdds-common/0.5.0-SNAPSHOT/hadoop-hdds-common-0.5.0-SNAPSHOT.jar:/home/user/.m2/repository/javax/annotation/javax.annotation-api/1.2/javax.annotation-api-1.2.jar:/home/user/.m2/repository/org/apache/ratis/ratis-server/0.4.0-78e95b9-SNAPSHOT/ratis-server-0.4.0-78e95b9-SNAPSHOT.jar:/home/user/.m2/repository/org/apache/ratis/ratis-thirdparty-misc/0.2.0/ratis-thirdparty-misc-0.2.0.jar:/home/user/.m2/repository/org/apache/ratis/ratis-proto/0.4.0-78e95b9-SNAPSHOT/ratis-proto-0.4.0-78e95b9-SNAPSHOT.jar:/home/user/.m2/repository/org/apache/ratis/ratis-common/0.4.0-78e95b9-SNAPSHOT/ratis-common-0.4.0-78e95b9-SNAPSHOT.jar:/home/user/.m2/repository/org/apache/ratis/ratis-client/0.4.0-78e95b9-SNAPSHOT/ratis-client-0.4.0-78e95b9-SNAPSHOT.jar:/home/user/.m2/repository/org/apache/ratis/ratis-metrics/0.4.0-78e95b9-SNAPSHOT/ratis-metrics-0.4.0-78e95b9-SNAPSHOT.jar:/home/user/.m2/repository/com/github/joshelser/dropwizard-metrics-hadoop-metrics2-reporter/0.1.2/dropwizard-metrics-hadoop-metrics2-reporter-0.1.2.jar:/home/user/.m2/repository/io/dropwizard/metrics/metrics-jvm/3.2.5/metrics-jvm-3.2.5.jar:/home/user/.m2/repository/io/dropwizard/metrics/metrics-ganglia/3.2.5/metrics-ganglia-3.2.5.jar:/home/user/.m2/repository/info/ganglia/gmetric4j/gmetric4j/1.0.7/gmetric4j-1.0.7.jar:/home/user/.m2/repository/org/apache/ratis/ratis-netty/0.4.0-78e95b9-SNAPSHOT/ratis-netty-0.4.0-78e95b9-SNAPSHOT.jar:/home/user/.m2/repository/org/apache/ratis/ratis-grpc/0.4.0-78e95b9-SNAPSHOT/ratis-grpc-0.4.0-78e95b9-SNAPSHOT.jar:/home/user/.m2/repository/org/rocksdb/rocksdbjni/6.0.1/rocksdbjni-6.0.1.jar:/home/user/.m2/repository/org/apache/logging/log4j/log4j-api/2.11.0/log4j-api-2.11.0.jar:/home/user/.m2/repository/org/apache/logging/log4j/log4j-core/2.11.0/log4j-core-2.11.0.jar:/home/user/.m2/repository/com/lmax/disruptor/3.4.2/disruptor-3.4.2.jar:/home/user/.m2/repository/org/apache/commons/commons-pool2/2.6.0/commons-pool2-2.6.0.jar:/home/user/.m2/repository/org/bouncycastle/bcpkix-jdk15on/1.60/bcpkix-jdk15on-1.60.jar:/home/user/.m2/repository/commons-validator/commons-validator/1.6/commons-validator-1.6.jar:/home/user/.m2/repository/commons-digester/commons-digester/1.8.1/commons-digester-1.8.1.jar:/home/user/.m2/repository/io/jaegertracing/jaeger-client/0.33.1/jaeger-client-0.33.1.jar:/home/user/.m2/repository/io/jaegertracing/jaeger-thrift/0.33.1/jaeger-thrift-0.33.1.jar:/home/user/.m2/repository/org/apache/thrift/libthrift/0.11.0/libthrift-0.11.0.jar:/home/user/.m2/repository/com/squareup/okhttp3/okhttp/3.9.0/okhttp-3.9.0.jar:/home/user/.m2/repository/com/squareup/okio/okio/1.13.0/okio-1.13.0.jar:/home/user/.m2/repository/io/jaegertracing/jaeger-core/0.33.1/jaeger-core-0.33.1.jar:/home/user/.m2/repository/io/jaegertracing/jaeger-tracerresolver/0.33.1/jaeger-tracerresolver-0.33.1.jar:/home/user/.m2/repository/io/opentracing/contrib/opentracing-tracerresolver/0.1.5/opentracing-tracerresolver-0.1.5.jar:/home/user/.m2/repository/io/opentracing/opentracing-util/0.31.0/opentracing-util-0.31.0.jar:/home/user/.m2/repository/io/opentracing/opentracing-api/0.31.0/opentracing-api-0.31.0.jar:/home/user/.m2/repository/io/opentracing/opentracing-noop/0.31.0/opentracing-noop-0.31.0.jar:/home/user/.m2/repository/org/apache/hadoop/hadoop-hdds-server-framework/0.5.0-SNAPSHOT/hadoop-hdds-server-framework-0.5.0-SNAPSHOT.jar:/home/user/.m2/repository/org/apache/hadoop/hadoop-hdds-container-service/0.5.0-SNAPSHOT/hadoop-hdds-container-service-0.5.0-SNAPSHOT.jar:/home/user/.m2/repository/org/apache/hadoop/hadoop-hdds-client/0.5.0-SNAPSHOT/hadoop-hdds-client-0.5.0-SNAPSHOT.jar:/home/user/.m2/repository/org/apache/hadoop/hadoop-hdds-tools/0.5.0-SNAPSHOT/hadoop-hdds-tools-0.5.0-SNAPSHOT.jar:/home/user/.m2/repository/org/apache/hadoop/hadoop-hdds-server-scm/0.5.0-SNAPSHOT/hadoop-hdds-server-scm-0.5.0-SNAPSHOT.jar:/home/user/.m2/repository/org/apache/hadoop/hadoop-hdds-docs/0.5.0-SNAPSHOT/hadoop-hdds-docs-0.5.0-SNAPSHOT.jar:/home/user/.m2/repository/io/dropwizard/metrics/metrics-core/3.2.4/metrics-core-3.2.4.jar:/home/user/.m2/repository/org/hamcrest/hamcrest-all/1.3/hamcrest-all-1.3.jar:/home/user/.m2/repository/org/bouncycastle/bcprov-jdk15on/1.60/bcprov-jdk15on-1.60.jar:/home/user/.m2/repository/info/picocli/picocli/3.9.6/picocli-3.9.6.jar:/home/user/.m2/repository/com/google/protobuf/protobuf-java/2.5.0/protobuf-java-2.5.0.jar:/home/user/.m2/repository/com/google/guava/guava/11.0.2/guava-11.0.2.jar:/home/user/.m2/repository/org/apache/hadoop/hadoop-ozone-ozone-manager/0.5.0-SNAPSHOT/hadoop-ozone-ozone-manager-0.5.0-SNAPSHOT.jar:/home/user/.m2/repository/org/apache/hadoop/hadoop-minikdc/3.2.0/hadoop-minikdc-3.2.0.jar:/home/user/.m2/repository/commons-io/commons-io/2.5/commons-io-2.5.jar:/home/user/.m2/repository/org/apache/kerby/kerb-simplekdc/1.0.1/kerb-simplekdc-1.0.1.jar:/home/user/.m2/repository/org/apache/kerby/kerb-client/1.0.1/kerb-client-1.0.1.jar:/home/user/.m2/repository/org/apache/kerby/kerby-config/1.0.1/kerby-config-1.0.1.jar:/home/user/.m2/repository/org/apache/kerby/kerb-core/1.0.1/kerb-core-1.0.1.jar:/home/user/.m2/repository/org/apache/kerby/kerby-pkix/1.0.1/kerby-pkix-1.0.1.jar:/home/user/.m2/repository/org/apache/kerby/kerby-asn1/1.0.1/kerby-asn1-1.0.1.jar:/home/user/.m2/repository/org/apache/kerby/kerby-util/1.0.1/kerby-util-1.0.1.jar:/home/user/.m2/repository/org/apache/kerby/kerb-common/1.0.1/kerb-common-1.0.1.jar:/home/user/.m2/repository/org/apache/kerby/kerb-crypto/1.0.1/kerb-crypto-1.0.1.jar:/home/user/.m2/repository/org/apache/kerby/kerb-util/1.0.1/kerb-util-1.0.1.jar:/home/user/.m2/repository/org/apache/kerby/token-provider/1.0.1/token-provider-1.0.1.jar:/home/user/.m2/repository/org/apache/kerby/kerb-admin/1.0.1/kerb-admin-1.0.1.jar:/home/user/.m2/repository/org/apache/kerby/kerb-server/1.0.1/kerb-server-1.0.1.jar:/home/user/.m2/repository/org/apache/kerby/kerb-identity/1.0.1/kerb-identity-1.0.1.jar:/home/user/.m2/repository/org/apache/kerby/kerby-xdr/1.0.1/kerby-xdr-1.0.1.jar:/home/user/.m2/repository/org/slf4j/slf4j-log4j12/1.7.25/slf4j-log4j12-1.7.25.jar:/home/user/.m2/repository/org/apache/hadoop/hadoop-ozone-s3gateway/0.5.0-SNAPSHOT/hadoop-ozone-s3gateway-0.5.0-SNAPSHOT.jar:/home/user/.m2/repository/org/jboss/weld/servlet/weld-servlet/2.4.7.Final/weld-servlet-2.4.7.Final.jar:/home/user/.m2/repository/org/glassfish/jersey/containers/jersey-container-servlet-core/2.27/jersey-container-servlet-core-2.27.jar:/home/user/.m2/repository/org/glassfish/hk2/external/javax.inject/2.5.0-b42/javax.inject-2.5.0-b42.jar:/home/user/.m2/repository/org/glassfish/jersey/core/jersey-common/2.27/jersey-common-2.27.jar:/home/user/.m2/repository/org/glassfish/hk2/osgi-resource-locator/1.0.1/osgi-resource-locator-1.0.1.jar:/home/user/.m2/repository/javax/ws/rs/javax.ws.rs-api/2.1/javax.ws.rs-api-2.1.jar:/home/user/.m2/repository/org/glassfish/jersey/ext/cdi/jersey-cdi1x/2.27/jersey-cdi1x-2.27.jar:/home/user/.m2/repository/org/glassfish/jersey/inject/jersey-hk2/2.27/jersey-hk2-2.27.jar:/home/user/.m2/repository/org/glassfish/hk2/hk2-locator/2.5.0-b42/hk2-locator-2.5.0-b42.jar:/home/user/.m2/repository/org/javassist/javassist/3.22.0-CR2/javassist-3.22.0-CR2.jar:/home/user/.m2/repository/org/glassfish/hk2/hk2-api/2.5.0/hk2-api-2.5.0.jar:/home/user/.m2/repository/org/glassfish/hk2/external/jakarta.inject/2.5.0/jakarta.inject-2.5.0.jar:/home/user/.m2/repository/org/glassfish/hk2/hk2-utils/2.5.0/hk2-utils-2.5.0.jar:/home/user/.m2/repository/jakarta/annotation/jakarta.annotation-api/1.3.4/jakarta.annotation-api-1.3.4.jar:/home/user/.m2/repository/org/glassfish/hk2/external/aopalliance-repackaged/2.5.0/aopalliance-repackaged-2.5.0.jar:/home/user/.m2/repository/com/fasterxml/jackson/dataformat/jackson-dataformat-xml/2.9.0/jackson-dataformat-xml-2.9.0.jar:/home/user/.m2/repository/com/fasterxml/jackson/core/jackson-core/2.9.5/jackson-core-2.9.5.jar:/home/user/.m2/repository/com/fasterxml/jackson/module/jackson-module-jaxb-annotations/2.9.5/jackson-module-jaxb-annotations-2.9.5.jar:/home/user/.m2/repository/javax/enterprise/cdi-api/1.2/cdi-api-1.2.jar:/home/user/.m2/repository/javax/el/javax.el-api/3.0.0/javax.el-api-3.0.0.jar:/home/user/.m2/repository/javax/interceptor/javax.interceptor-api/1.2/javax.interceptor-api-1.2.jar:/home/user/.m2/repository/javax/inject/javax.inject/1/javax.inject-1.jar:/home/user/.m2/repository/com/sun/xml/bind/jaxb-impl/2.3.0.1/jaxb-impl-2.3.0.1.jar:/home/user/.m2/repository/com/sun/xml/bind/jaxb-core/2.3.0.1/jaxb-core-2.3.0.1.jar:/home/user/.m2/repository/javax/xml/bind/jaxb-api/2.3.0/jaxb-api-2.3.0.jar:/home/user/.m2/repository/javax/activation/activation/1.1.1/activation-1.1.1.jar:/home/user/.m2/repository/org/apache/hadoop/hadoop-ozone-csi/0.5.0-SNAPSHOT/hadoop-ozone-csi-0.5.0-SNAPSHOT.jar:/home/user/.m2/repository/com/google/protobuf/protobuf-java-util/3.5.1/protobuf-java-util-3.5.1.jar:/home/user/.m2/repository/org/apache/hadoop/hadoop-hdds-config/0.5.0-SNAPSHOT/hadoop-hdds-config-0.5.0-SNAPSHOT.jar:/home/user/.m2/repository/io/grpc/grpc-netty/1.17.1/grpc-netty-1.17.1.jar:/home/user/.m2/repository/io/grpc/grpc-core/1.17.1/grpc-core-1.17.1.jar:/home/user/.m2/repository/io/grpc/grpc-context/1.17.1/grpc-context-1.17.1.jar:/home/user/.m2/repository/com/google/errorprone/error_prone_annotations/2.2.0/error_prone_annotations-2.2.0.jar:/home/user/.m2/repository/org/codehaus/mojo/animal-sniffer-annotations/1.17/animal-sniffer-annotations-1.17.jar:/home/user/.m2/repository/io/opencensus/opencensus-api/0.17.0/opencensus-api-0.17.0.jar:/home/user/.m2/repository/io/opencensus/opencensus-contrib-grpc-metrics/0.17.0/opencensus-contrib-grpc-metrics-0.17.0.jar:/home/user/.m2/repository/io/netty/netty-codec-http2/4.1.30.Final/netty-codec-http2-4.1.30.Final.jar:/home/user/.m2/repository/io/netty/netty-codec-http/4.1.30.Final/netty-codec-http-4.1.30.Final.jar:/home/user/.m2/repository/io/netty/netty-codec/4.1.30.Final/netty-codec-4.1.30.Final.jar:/home/user/.m2/repository/io/netty/netty-handler/4.1.30.Final/netty-handler-4.1.30.Final.jar:/home/user/.m2/repository/io/netty/netty-handler-proxy/4.1.30.Final/netty-handler-proxy-4.1.30.Final.jar:/home/user/.m2/repository/io/netty/netty-codec-socks/4.1.30.Final/netty-codec-socks-4.1.30.Final.jar:/home/user/.m2/repository/io/netty/netty-transport-native-epoll/4.1.30.Final/netty-transport-native-epoll-4.1.30.Final.jar:/home/user/.m2/repository/io/netty/netty-common/4.1.30.Final/netty-common-4.1.30.Final.jar:/home/user/.m2/repository/io/netty/netty-buffer/4.1.30.Final/netty-buffer-4.1.30.Final.jar:/home/user/.m2/repository/io/netty/netty-transport/4.1.30.Final/netty-transport-4.1.30.Final.jar:/home/user/.m2/repository/io/netty/netty-resolver/4.1.30.Final/netty-resolver-4.1.30.Final.jar:/home/user/.m2/repository/io/netty/netty-transport-native-unix-common/4.1.30.Final/netty-transport-native-unix-common-4.1.30.Final.jar:/home/user/.m2/repository/io/grpc/grpc-protobuf/1.17.1/grpc-protobuf-1.17.1.jar:/home/user/.m2/repository/com/google/api/grpc/proto-google-common-protos/1.0.0/proto-google-common-protos-1.0.0.jar:/home/user/.m2/repository/io/grpc/grpc-protobuf-lite/1.17.1/grpc-protobuf-lite-1.17.1.jar:/home/user/.m2/repository/io/grpc/grpc-stub/1.17.1/grpc-stub-1.17.1.jar:/home/user/.m2/repository/org/apache/hadoop/hadoop-ozone-recon/0.5.0-SNAPSHOT/hadoop-ozone-recon-0.5.0-SNAPSHOT.jar:/home/user/.m2/repository/org/apache/hadoop/hadoop-ozone-reconcodegen/0.5.0-SNAPSHOT/hadoop-ozone-reconcodegen-0.5.0-SNAPSHOT.jar:/home/user/.m2/repository/com/google/inject/extensions/guice-multibindings/4.0/guice-multibindings-4.0.jar:/home/user/.m2/repository/com/google/inject/guice/4.0/guice-4.0.jar:/home/user/.m2/repository/aopalliance/aopalliance/1.0/aopalliance-1.0.jar:/home/user/.m2/repository/com/google/inject/extensions/guice-servlet/4.0/guice-servlet-4.0.jar:/home/user/.m2/repository/org/glassfish/jersey/containers/jersey-container-servlet/2.27/jersey-container-servlet-2.27.jar:/home/user/.m2/repository/org/glassfish/hk2/guice-bridge/2.5.0/guice-bridge-2.5.0.jar:/home/user/.m2/repository/org/glassfish/jersey/core/jersey-server/2.27/jersey-server-2.27.jar:/home/user/.m2/repository/org/glassfish/jersey/core/jersey-client/2.27/jersey-client-2.27.jar:/home/user/.m2/repository/org/glassfish/jersey/media/jersey-media-jaxb/2.27/jersey-media-jaxb-2.27.jar:/home/user/.m2/repository/javax/validation/validation-api/1.1.0.Final/validation-api-1.1.0.Final.jar:/home/user/.m2/repository/org/glassfish/jersey/media/jersey-media-json-jackson/2.27/jersey-media-json-jackson-2.27.jar:/home/user/.m2/repository/org/glassfish/jersey/ext/jersey-entity-filtering/2.27/jersey-entity-filtering-2.27.jar:/home/user/.m2/repository/com/google/inject/extensions/guice-assistedinject/4.0/guice-assistedinject-4.0.jar:/home/user/.m2/repository/org/jooq/jooq/3.11.10/jooq-3.11.10.jar:/home/user/.m2/repository/org/jooq/jooq-meta/3.11.10/jooq-meta-3.11.10.jar:/home/user/.m2/repository/org/jooq/jooq-codegen/3.11.10/jooq-codegen-3.11.10.jar:/home/user/.m2/repository/com/jolbox/bonecp/0.8.0.RELEASE/bonecp-0.8.0.RELEASE.jar:/home/user/.m2/repository/org/xerial/sqlite-jdbc/3.25.2/sqlite-jdbc-3.25.2.jar:/home/user/.m2/repository/org/springframework/spring-jdbc/5.1.3.RELEASE/spring-jdbc-5.1.3.RELEASE.jar:/home/user/.m2/repository/org/springframework/spring-beans/5.1.3.RELEASE/spring-beans-5.1.3.RELEASE.jar:/home/user/.m2/repository/org/springframework/spring-core/5.1.3.RELEASE/spring-core-5.1.3.RELEASE.jar:/home/user/.m2/repository/org/springframework/spring-jcl/5.1.3.RELEASE/spring-jcl-5.1.3.RELEASE.jar:/home/user/.m2/repository/org/springframework/spring-tx/5.1.3.RELEASE/spring-tx-5.1.3.RELEASE.jar:/home/user/.m2/repository/org/apache/hadoop/hadoop-ozone-client/0.5.0-SNAPSHOT/hadoop-ozone-client-0.5.0-SNAPSHOT.jar:/home/user/.m2/repository/commons-lang/commons-lang/2.6/commons-lang-2.6.jar:/home/user/.m2/repository/org/apache/hadoop/hadoop-ozone-ozone-manager/0.5.0-SNAPSHOT/hadoop-ozone-ozone-manager-0.5.0-SNAPSHOT-tests.jar:/home/user/.m2/repository/junit/junit/4.11/junit-4.11.jar:/home/user/.m2/repository/org/hamcrest/hamcrest-core/1.3/hamcrest-core-1.3.jar:/home/user/.m2/repository/org/openjdk/jmh/jmh-core/1.19/jmh-core-1.19.jar:/home/user/.m2/repository/net/sf/jopt-simple/jopt-simple/4.6/jopt-simple-4.6.jar:/home/user/.m2/repository/org/apache/commons/commons-math3/3.1.1/commons-math3-3.1.1.jar:/home/user/.m2/repository/org/openjdk/jmh/jmh-generator-annprocess/1.19/jmh-generator-annprocess-1.19.jar:/home/user/.m2/repository/org/mockito/mockito-all/1.8.5/mockito-all-1.8.5.jar:/home/user/.m2/repository/org/apache/hadoop/hadoop-kms/3.2.0/hadoop-kms-3.2.0.jar:/home/user/.m2/repository/org/apache/hadoop/hadoop-auth/3.2.0/hadoop-auth-3.2.0.jar:/home/user/.m2/repository/com/nimbusds/nimbus-jose-jwt/4.41.1/nimbus-jose-jwt-4.41.1.jar:/home/user/.m2/repository/com/github/stephenc/jcip/jcip-annotations/1.0-1/jcip-annotations-1.0-1.jar:/home/user/.m2/repository/net/minidev/json-smart/2.3/json-smart-2.3.jar:/home/user/.m2/repository/net/minidev/accessors-smart/1.2/accessors-smart-1.2.jar:/home/user/.m2/repository/org/ow2/asm/asm/5.0.4/asm-5.0.4.jar:/home/user/.m2/repository/org/apache/curator/curator-framework/2.12.0/curator-framework-2.12.0.jar:/home/user/.m2/repository/com/sun/jersey/jersey-core/1.19/jersey-core-1.19.jar:/home/user/.m2/repository/javax/ws/rs/jsr311-api/1.1.1/jsr311-api-1.1.1.jar:/home/user/.m2/repository/com/sun/jersey/jersey-server/1.19/jersey-server-1.19.jar:/home/user/.m2/repository/javax/servlet/javax.servlet-api/3.1.0/javax.servlet-api-3.1.0.jar:/home/user/.m2/repository/org/eclipse/jetty/jetty-server/9.3.24.v20180605/jetty-server-9.3.24.v20180605.jar:/home/user/.m2/repository/org/eclipse/jetty/jetty-http/9.3.24.v20180605/jetty-http-9.3.24.v20180605.jar:/home/user/.m2/repository/org/eclipse/jetty/jetty-io/9.3.24.v20180605/jetty-io-9.3.24.v20180605.jar:/home/user/.m2/repository/org/eclipse/jetty/jetty-webapp/9.3.24.v20180605/jetty-webapp-9.3.24.v20180605.jar:/home/user/.m2/repository/org/eclipse/jetty/jetty-xml/9.3.24.v20180605/jetty-xml-9.3.24.v20180605.jar:/home/user/.m2/repository/log4j/log4j/1.2.17/log4j-1.2.17.jar:/home/user/.m2/repository/org/slf4j/slf4j-api/1.7.25/slf4j-api-1.7.25.jar:/home/user/.m2/repository/org/slf4j/jul-to-slf4j/1.7.25/jul-to-slf4j-1.7.25.jar:/home/user/.m2/repository/org/eclipse/jetty/jetty-util/9.3.24.v20180605/jetty-util-9.3.24.v20180605.jar:/home/user/.m2/repository/com/fasterxml/jackson/core/jackson-databind/2.9.5/jackson-databind-2.9.5.jar:/home/user/.m2/repository/org/apache/hadoop/hadoop-kms/3.2.0/hadoop-kms-3.2.0-tests.jar:/home/user/.m2/repository/org/apache/hadoop/hadoop-hdds-server-scm/0.5.0-SNAPSHOT/hadoop-hdds-server-scm-0.5.0-SNAPSHOT-tests.jar:/home/user/.m2/repository/org/apache/hadoop/hadoop-hdds-container-service/0.5.0-SNAPSHOT/hadoop-hdds-container-service-0.5.0-SNAPSHOT-tests.jar:/home/user/.m2/repository/org/yaml/snakeyaml/1.16/snakeyaml-1.16.jar:/home/user/.m2/repository/org/apache/hadoop/hadoop-common/3.2.0/hadoop-common-3.2.0-tests.jar:/home/user/.m2/repository/org/apache/hadoop/hadoop-annotations/3.2.0/hadoop-annotations-3.2.0.jar:/usr/lib/jvm/java-1.8-openjdk/jre/../lib/tools.jar:/home/user/.m2/repository/commons-cli/commons-cli/1.2/commons-cli-1.2.jar:/home/user/.m2/repository/org/apache/httpcomponents/httpclient/4.5.2/httpclient-4.5.2.jar:/home/user/.m2/repository/org/apache/httpcomponents/httpcore/4.4.4/httpcore-4.4.4.jar:/home/user/.m2/repository/commons-codec/commons-codec/1.11/commons-codec-1.11.jar:/home/user/.m2/repository/commons-net/commons-net/3.6/commons-net-3.6.jar:/home/user/.m2/repository/commons-collections/commons-collections/3.2.2/commons-collections-3.2.2.jar:/home/user/.m2/repository/org/eclipse/jetty/jetty-servlet/9.3.24.v20180605/jetty-servlet-9.3.24.v20180605.jar:/home/user/.m2/repository/org/eclipse/jetty/jetty-security/9.3.24.v20180605/jetty-security-9.3.24.v20180605.jar:/home/user/.m2/repository/javax/servlet/jsp/jsp-api/2.1/jsp-api-2.1.jar:/home/user/.m2/repository/com/sun/jersey/jersey-servlet/1.19/jersey-servlet-1.19.jar:/home/user/.m2/repository/com/sun/jersey/jersey-json/1.19/jersey-json-1.19.jar:/home/user/.m2/repository/org/codehaus/jettison/jettison/1.1/jettison-1.1.jar:/home/user/.m2/repository/org/codehaus/jackson/jackson-core-asl/1.9.13/jackson-core-asl-1.9.13.jar:/home/user/.m2/repository/org/codehaus/jackson/jackson-mapper-asl/1.9.13/jackson-mapper-asl-1.9.13.jar:/home/user/.m2/repository/org/codehaus/jackson/jackson-jaxrs/1.9.13/jackson-jaxrs-1.9.13.jar:/home/user/.m2/repository/org/codehaus/jackson/jackson-xc/1.9.13/jackson-xc-1.9.13.jar:/home/user/.m2/repository/commons-logging/commons-logging/1.1.3/commons-logging-1.1.3.jar:/home/user/.m2/repository/commons-beanutils/commons-beanutils/1.9.3/commons-beanutils-1.9.3.jar:/home/user/.m2/repository/org/apache/commons/commons-configuration2/2.1.1/commons-configuration2-2.1.1.jar:/home/user/.m2/repository/org/apache/commons/commons-lang3/3.7/commons-lang3-3.7.jar:/home/user/.m2/repository/org/apache/commons/commons-text/1.4/commons-text-1.4.jar:/home/user/.m2/repository/org/apache/avro/avro/1.7.7/avro-1.7.7.jar:/home/user/.m2/repository/com/thoughtworks/paranamer/paranamer/2.3/paranamer-2.3.jar:/home/user/.m2/repository/org/xerial/snappy/snappy-java/1.0.5/snappy-java-1.0.5.jar:/home/user/.m2/repository/com/google/re2j/re2j/1.1/re2j-1.1.jar:/home/user/.m2/repository/com/google/code/gson/gson/2.2.4/gson-2.2.4.jar:/home/user/.m2/repository/com/jcraft/jsch/0.1.54/jsch-0.1.54.jar:/home/user/.m2/repository/org/apache/curator/curator-client/2.12.0/curator-client-2.12.0.jar:/home/user/.m2/repository/org/apache/curator/curator-recipes/2.12.0/curator-recipes-2.12.0.jar:/home/user/.m2/repository/com/google/code/findbugs/jsr305/3.0.0/jsr305-3.0.0.jar:/home/user/.m2/repository/org/apache/htrace/htrace-core4/4.1.0-incubating/htrace-core4-4.1.0-incubating.jar:/home/user/.m2/repository/org/apache/zookeeper/zookeeper/3.4.13/zookeeper-3.4.13.jar:/home/user/.m2/repository/org/apache/yetus/audience-annotations/0.5.0/audience-annotations-0.5.0.jar:/home/user/.m2/repository/org/codehaus/woodstox/stax2-api/3.1.4/stax2-api-3.1.4.jar:/home/user/.m2/repository/com/fasterxml/woodstox/woodstox-core/5.0.3/woodstox-core-5.0.3.jar:/home/user/.m2/repository/dnsjava/dnsjava/2.1.7/dnsjava-2.1.7.jar:/home/user/.m2/repository/org/apache/hadoop/hadoop-hdfs/3.2.0/hadoop-hdfs-3.2.0-tests.jar:/home/user/.m2/repository/org/eclipse/jetty/jetty-util-ajax/9.3.24.v20180605/jetty-util-ajax-9.3.24.v20180605.jar:/home/user/.m2/repository/commons-daemon/commons-daemon/1.0.13/commons-daemon-1.0.13.jar:/home/user/.m2/repository/io/netty/netty/3.10.5.Final/netty-3.10.5.Final.jar:/home/user/.m2/repository/io/netty/netty-all/4.0.52.Final/netty-all-4.0.52.Final.jar:/home/user/.m2/repository/org/fusesource/leveldbjni/leveldbjni-all/1.8/leveldbjni-all-1.8.jar:"/>
    <property name="java.vm.vendor" value="IcedTea"/>
    <property name="sun.arch.data.model" value="64"/>
    <property name="test.build.dir" value="/workdir/hadoop-ozone/integration-test/target/test-dir"/>
    <property name="test.cache.data" value=""/>
    <property name="java.vendor.url" value="https://icedtea.classpath.org"/>
    <property name="user.timezone" value=""/>
    <property name="java.vm.specification.version" value="1.8"/>
    <property name="os.name" value="Linux"/>
    <property name="test.build.data" value="/workdir/hadoop-ozone/integration-test/target/test-dir"/>
    <property name="user.country" value="US"/>
    <property name="sun.java.launcher" value="SUN_STANDARD"/>
    <property name="sun.boot.library.path" value="/usr/lib/jvm/java-1.8-openjdk/jre/lib/amd64"/>
    <property name="sun.java.command" value="/workdir/hadoop-ozone/integration-test/target/surefire/surefirebooter887989765419939647.jar /workdir/hadoop-ozone/integration-test/target/surefire 2019-09-17T05-16-00_887-jvmRun1 surefire3343064764039073775tmp surefire_205006640714882027403tmp"/>
    <property name="test" value="!TestMiniChaosOzoneCluster"/>
    <property name="surefire.test.class.path" value="/workdir/hadoop-ozone/integration-test/target/test-classes:/workdir/hadoop-ozone/integration-test/target/classes:/home/user/.m2/repository/org/apache/hadoop/hadoop-ozone-common/0.5.0-SNAPSHOT/hadoop-ozone-common-0.5.0-SNAPSHOT.jar:/home/user/.m2/repository/org/apache/commons/commons-compress/1.4.1/commons-compress-1.4.1.jar:/home/user/.m2/repository/org/tukaani/xz/1.0/xz-1.0.jar:/home/user/.m2/repository/org/apache/hadoop/hadoop-common/3.2.0/hadoop-common-3.2.0.jar:/home/user/.m2/repository/org/apache/hadoop/hadoop-hdfs/3.2.0/hadoop-hdfs-3.2.0.jar:/home/user/.m2/repository/org/apache/hadoop/hadoop-hdfs-client/3.2.0/hadoop-hdfs-client-3.2.0.jar:/home/user/.m2/repository/com/fasterxml/jackson/core/jackson-annotations/2.9.5/jackson-annotations-2.9.5.jar:/home/user/.m2/repository/org/apache/hadoop/hadoop-hdds-common/0.5.0-SNAPSHOT/hadoop-hdds-common-0.5.0-SNAPSHOT.jar:/home/user/.m2/repository/javax/annotation/javax.annotation-api/1.2/javax.annotation-api-1.2.jar:/home/user/.m2/repository/org/apache/ratis/ratis-server/0.4.0-78e95b9-SNAPSHOT/ratis-server-0.4.0-78e95b9-SNAPSHOT.jar:/home/user/.m2/repository/org/apache/ratis/ratis-thirdparty-misc/0.2.0/ratis-thirdparty-misc-0.2.0.jar:/home/user/.m2/repository/org/apache/ratis/ratis-proto/0.4.0-78e95b9-SNAPSHOT/ratis-proto-0.4.0-78e95b9-SNAPSHOT.jar:/home/user/.m2/repository/org/apache/ratis/ratis-common/0.4.0-78e95b9-SNAPSHOT/ratis-common-0.4.0-78e95b9-SNAPSHOT.jar:/home/user/.m2/repository/org/apache/ratis/ratis-client/0.4.0-78e95b9-SNAPSHOT/ratis-client-0.4.0-78e95b9-SNAPSHOT.jar:/home/user/.m2/repository/org/apache/ratis/ratis-metrics/0.4.0-78e95b9-SNAPSHOT/ratis-metrics-0.4.0-78e95b9-SNAPSHOT.jar:/home/user/.m2/repository/com/github/joshelser/dropwizard-metrics-hadoop-metrics2-reporter/0.1.2/dropwizard-metrics-hadoop-metrics2-reporter-0.1.2.jar:/home/user/.m2/repository/io/dropwizard/metrics/metrics-jvm/3.2.5/metrics-jvm-3.2.5.jar:/home/user/.m2/repository/io/dropwizard/metrics/metrics-ganglia/3.2.5/metrics-ganglia-3.2.5.jar:/home/user/.m2/repository/info/ganglia/gmetric4j/gmetric4j/1.0.7/gmetric4j-1.0.7.jar:/home/user/.m2/repository/org/apache/ratis/ratis-netty/0.4.0-78e95b9-SNAPSHOT/ratis-netty-0.4.0-78e95b9-SNAPSHOT.jar:/home/user/.m2/repository/org/apache/ratis/ratis-grpc/0.4.0-78e95b9-SNAPSHOT/ratis-grpc-0.4.0-78e95b9-SNAPSHOT.jar:/home/user/.m2/repository/org/rocksdb/rocksdbjni/6.0.1/rocksdbjni-6.0.1.jar:/home/user/.m2/repository/org/apache/logging/log4j/log4j-api/2.11.0/log4j-api-2.11.0.jar:/home/user/.m2/repository/org/apache/logging/log4j/log4j-core/2.11.0/log4j-core-2.11.0.jar:/home/user/.m2/repository/com/lmax/disruptor/3.4.2/disruptor-3.4.2.jar:/home/user/.m2/repository/org/apache/commons/commons-pool2/2.6.0/commons-pool2-2.6.0.jar:/home/user/.m2/repository/org/bouncycastle/bcpkix-jdk15on/1.60/bcpkix-jdk15on-1.60.jar:/home/user/.m2/repository/commons-validator/commons-validator/1.6/commons-validator-1.6.jar:/home/user/.m2/repository/commons-digester/commons-digester/1.8.1/commons-digester-1.8.1.jar:/home/user/.m2/repository/io/jaegertracing/jaeger-client/0.33.1/jaeger-client-0.33.1.jar:/home/user/.m2/repository/io/jaegertracing/jaeger-thrift/0.33.1/jaeger-thrift-0.33.1.jar:/home/user/.m2/repository/org/apache/thrift/libthrift/0.11.0/libthrift-0.11.0.jar:/home/user/.m2/repository/com/squareup/okhttp3/okhttp/3.9.0/okhttp-3.9.0.jar:/home/user/.m2/repository/com/squareup/okio/okio/1.13.0/okio-1.13.0.jar:/home/user/.m2/repository/io/jaegertracing/jaeger-core/0.33.1/jaeger-core-0.33.1.jar:/home/user/.m2/repository/io/jaegertracing/jaeger-tracerresolver/0.33.1/jaeger-tracerresolver-0.33.1.jar:/home/user/.m2/repository/io/opentracing/contrib/opentracing-tracerresolver/0.1.5/opentracing-tracerresolver-0.1.5.jar:/home/user/.m2/repository/io/opentracing/opentracing-util/0.31.0/opentracing-util-0.31.0.jar:/home/user/.m2/repository/io/opentracing/opentracing-api/0.31.0/opentracing-api-0.31.0.jar:/home/user/.m2/repository/io/opentracing/opentracing-noop/0.31.0/opentracing-noop-0.31.0.jar:/home/user/.m2/repository/org/apache/hadoop/hadoop-hdds-server-framework/0.5.0-SNAPSHOT/hadoop-hdds-server-framework-0.5.0-SNAPSHOT.jar:/home/user/.m2/repository/org/apache/hadoop/hadoop-hdds-container-service/0.5.0-SNAPSHOT/hadoop-hdds-container-service-0.5.0-SNAPSHOT.jar:/home/user/.m2/repository/org/apache/hadoop/hadoop-hdds-client/0.5.0-SNAPSHOT/hadoop-hdds-client-0.5.0-SNAPSHOT.jar:/home/user/.m2/repository/org/apache/hadoop/hadoop-hdds-tools/0.5.0-SNAPSHOT/hadoop-hdds-tools-0.5.0-SNAPSHOT.jar:/home/user/.m2/repository/org/apache/hadoop/hadoop-hdds-server-scm/0.5.0-SNAPSHOT/hadoop-hdds-server-scm-0.5.0-SNAPSHOT.jar:/home/user/.m2/repository/org/apache/hadoop/hadoop-hdds-docs/0.5.0-SNAPSHOT/hadoop-hdds-docs-0.5.0-SNAPSHOT.jar:/home/user/.m2/repository/io/dropwizard/metrics/metrics-core/3.2.4/metrics-core-3.2.4.jar:/home/user/.m2/repository/org/hamcrest/hamcrest-all/1.3/hamcrest-all-1.3.jar:/home/user/.m2/repository/org/bouncycastle/bcprov-jdk15on/1.60/bcprov-jdk15on-1.60.jar:/home/user/.m2/repository/info/picocli/picocli/3.9.6/picocli-3.9.6.jar:/home/user/.m2/repository/com/google/protobuf/protobuf-java/2.5.0/protobuf-java-2.5.0.jar:/home/user/.m2/repository/com/google/guava/guava/11.0.2/guava-11.0.2.jar:/home/user/.m2/repository/org/apache/hadoop/hadoop-ozone-ozone-manager/0.5.0-SNAPSHOT/hadoop-ozone-ozone-manager-0.5.0-SNAPSHOT.jar:/home/user/.m2/repository/org/apache/hadoop/hadoop-minikdc/3.2.0/hadoop-minikdc-3.2.0.jar:/home/user/.m2/repository/commons-io/commons-io/2.5/commons-io-2.5.jar:/home/user/.m2/repository/org/apache/kerby/kerb-simplekdc/1.0.1/kerb-simplekdc-1.0.1.jar:/home/user/.m2/repository/org/apache/kerby/kerb-client/1.0.1/kerb-client-1.0.1.jar:/home/user/.m2/repository/org/apache/kerby/kerby-config/1.0.1/kerby-config-1.0.1.jar:/home/user/.m2/repository/org/apache/kerby/kerb-core/1.0.1/kerb-core-1.0.1.jar:/home/user/.m2/repository/org/apache/kerby/kerby-pkix/1.0.1/kerby-pkix-1.0.1.jar:/home/user/.m2/repository/org/apache/kerby/kerby-asn1/1.0.1/kerby-asn1-1.0.1.jar:/home/user/.m2/repository/org/apache/kerby/kerby-util/1.0.1/kerby-util-1.0.1.jar:/home/user/.m2/repository/org/apache/kerby/kerb-common/1.0.1/kerb-common-1.0.1.jar:/home/user/.m2/repository/org/apache/kerby/kerb-crypto/1.0.1/kerb-crypto-1.0.1.jar:/home/user/.m2/repository/org/apache/kerby/kerb-util/1.0.1/kerb-util-1.0.1.jar:/home/user/.m2/repository/org/apache/kerby/token-provider/1.0.1/token-provider-1.0.1.jar:/home/user/.m2/repository/org/apache/kerby/kerb-admin/1.0.1/kerb-admin-1.0.1.jar:/home/user/.m2/repository/org/apache/kerby/kerb-server/1.0.1/kerb-server-1.0.1.jar:/home/user/.m2/repository/org/apache/kerby/kerb-identity/1.0.1/kerb-identity-1.0.1.jar:/home/user/.m2/repository/org/apache/kerby/kerby-xdr/1.0.1/kerby-xdr-1.0.1.jar:/home/user/.m2/repository/org/slf4j/slf4j-log4j12/1.7.25/slf4j-log4j12-1.7.25.jar:/home/user/.m2/repository/org/apache/hadoop/hadoop-ozone-s3gateway/0.5.0-SNAPSHOT/hadoop-ozone-s3gateway-0.5.0-SNAPSHOT.jar:/home/user/.m2/repository/org/jboss/weld/servlet/weld-servlet/2.4.7.Final/weld-servlet-2.4.7.Final.jar:/home/user/.m2/repository/org/glassfish/jersey/containers/jersey-container-servlet-core/2.27/jersey-container-servlet-core-2.27.jar:/home/user/.m2/repository/org/glassfish/hk2/external/javax.inject/2.5.0-b42/javax.inject-2.5.0-b42.jar:/home/user/.m2/repository/org/glassfish/jersey/core/jersey-common/2.27/jersey-common-2.27.jar:/home/user/.m2/repository/org/glassfish/hk2/osgi-resource-locator/1.0.1/osgi-resource-locator-1.0.1.jar:/home/user/.m2/repository/javax/ws/rs/javax.ws.rs-api/2.1/javax.ws.rs-api-2.1.jar:/home/user/.m2/repository/org/glassfish/jersey/ext/cdi/jersey-cdi1x/2.27/jersey-cdi1x-2.27.jar:/home/user/.m2/repository/org/glassfish/jersey/inject/jersey-hk2/2.27/jersey-hk2-2.27.jar:/home/user/.m2/repository/org/glassfish/hk2/hk2-locator/2.5.0-b42/hk2-locator-2.5.0-b42.jar:/home/user/.m2/repository/org/javassist/javassist/3.22.0-CR2/javassist-3.22.0-CR2.jar:/home/user/.m2/repository/org/glassfish/hk2/hk2-api/2.5.0/hk2-api-2.5.0.jar:/home/user/.m2/repository/org/glassfish/hk2/external/jakarta.inject/2.5.0/jakarta.inject-2.5.0.jar:/home/user/.m2/repository/org/glassfish/hk2/hk2-utils/2.5.0/hk2-utils-2.5.0.jar:/home/user/.m2/repository/jakarta/annotation/jakarta.annotation-api/1.3.4/jakarta.annotation-api-1.3.4.jar:/home/user/.m2/repository/org/glassfish/hk2/external/aopalliance-repackaged/2.5.0/aopalliance-repackaged-2.5.0.jar:/home/user/.m2/repository/com/fasterxml/jackson/dataformat/jackson-dataformat-xml/2.9.0/jackson-dataformat-xml-2.9.0.jar:/home/user/.m2/repository/com/fasterxml/jackson/core/jackson-core/2.9.5/jackson-core-2.9.5.jar:/home/user/.m2/repository/com/fasterxml/jackson/module/jackson-module-jaxb-annotations/2.9.5/jackson-module-jaxb-annotations-2.9.5.jar:/home/user/.m2/repository/javax/enterprise/cdi-api/1.2/cdi-api-1.2.jar:/home/user/.m2/repository/javax/el/javax.el-api/3.0.0/javax.el-api-3.0.0.jar:/home/user/.m2/repository/javax/interceptor/javax.interceptor-api/1.2/javax.interceptor-api-1.2.jar:/home/user/.m2/repository/javax/inject/javax.inject/1/javax.inject-1.jar:/home/user/.m2/repository/com/sun/xml/bind/jaxb-impl/2.3.0.1/jaxb-impl-2.3.0.1.jar:/home/user/.m2/repository/com/sun/xml/bind/jaxb-core/2.3.0.1/jaxb-core-2.3.0.1.jar:/home/user/.m2/repository/javax/xml/bind/jaxb-api/2.3.0/jaxb-api-2.3.0.jar:/home/user/.m2/repository/javax/activation/activation/1.1.1/activation-1.1.1.jar:/home/user/.m2/repository/org/apache/hadoop/hadoop-ozone-csi/0.5.0-SNAPSHOT/hadoop-ozone-csi-0.5.0-SNAPSHOT.jar:/home/user/.m2/repository/com/google/protobuf/protobuf-java-util/3.5.1/protobuf-java-util-3.5.1.jar:/home/user/.m2/repository/org/apache/hadoop/hadoop-hdds-config/0.5.0-SNAPSHOT/hadoop-hdds-config-0.5.0-SNAPSHOT.jar:/home/user/.m2/repository/io/grpc/grpc-netty/1.17.1/grpc-netty-1.17.1.jar:/home/user/.m2/repository/io/grpc/grpc-core/1.17.1/grpc-core-1.17.1.jar:/home/user/.m2/repository/io/grpc/grpc-context/1.17.1/grpc-context-1.17.1.jar:/home/user/.m2/repository/com/google/errorprone/error_prone_annotations/2.2.0/error_prone_annotations-2.2.0.jar:/home/user/.m2/repository/org/codehaus/mojo/animal-sniffer-annotations/1.17/animal-sniffer-annotations-1.17.jar:/home/user/.m2/repository/io/opencensus/opencensus-api/0.17.0/opencensus-api-0.17.0.jar:/home/user/.m2/repository/io/opencensus/opencensus-contrib-grpc-metrics/0.17.0/opencensus-contrib-grpc-metrics-0.17.0.jar:/home/user/.m2/repository/io/netty/netty-codec-http2/4.1.30.Final/netty-codec-http2-4.1.30.Final.jar:/home/user/.m2/repository/io/netty/netty-codec-http/4.1.30.Final/netty-codec-http-4.1.30.Final.jar:/home/user/.m2/repository/io/netty/netty-codec/4.1.30.Final/netty-codec-4.1.30.Final.jar:/home/user/.m2/repository/io/netty/netty-handler/4.1.30.Final/netty-handler-4.1.30.Final.jar:/home/user/.m2/repository/io/netty/netty-handler-proxy/4.1.30.Final/netty-handler-proxy-4.1.30.Final.jar:/home/user/.m2/repository/io/netty/netty-codec-socks/4.1.30.Final/netty-codec-socks-4.1.30.Final.jar:/home/user/.m2/repository/io/netty/netty-transport-native-epoll/4.1.30.Final/netty-transport-native-epoll-4.1.30.Final.jar:/home/user/.m2/repository/io/netty/netty-common/4.1.30.Final/netty-common-4.1.30.Final.jar:/home/user/.m2/repository/io/netty/netty-buffer/4.1.30.Final/netty-buffer-4.1.30.Final.jar:/home/user/.m2/repository/io/netty/netty-transport/4.1.30.Final/netty-transport-4.1.30.Final.jar:/home/user/.m2/repository/io/netty/netty-resolver/4.1.30.Final/netty-resolver-4.1.30.Final.jar:/home/user/.m2/repository/io/netty/netty-transport-native-unix-common/4.1.30.Final/netty-transport-native-unix-common-4.1.30.Final.jar:/home/user/.m2/repository/io/grpc/grpc-protobuf/1.17.1/grpc-protobuf-1.17.1.jar:/home/user/.m2/repository/com/google/api/grpc/proto-google-common-protos/1.0.0/proto-google-common-protos-1.0.0.jar:/home/user/.m2/repository/io/grpc/grpc-protobuf-lite/1.17.1/grpc-protobuf-lite-1.17.1.jar:/home/user/.m2/repository/io/grpc/grpc-stub/1.17.1/grpc-stub-1.17.1.jar:/home/user/.m2/repository/org/apache/hadoop/hadoop-ozone-recon/0.5.0-SNAPSHOT/hadoop-ozone-recon-0.5.0-SNAPSHOT.jar:/home/user/.m2/repository/org/apache/hadoop/hadoop-ozone-reconcodegen/0.5.0-SNAPSHOT/hadoop-ozone-reconcodegen-0.5.0-SNAPSHOT.jar:/home/user/.m2/repository/com/google/inject/extensions/guice-multibindings/4.0/guice-multibindings-4.0.jar:/home/user/.m2/repository/com/google/inject/guice/4.0/guice-4.0.jar:/home/user/.m2/repository/aopalliance/aopalliance/1.0/aopalliance-1.0.jar:/home/user/.m2/repository/com/google/inject/extensions/guice-servlet/4.0/guice-servlet-4.0.jar:/home/user/.m2/repository/org/glassfish/jersey/containers/jersey-container-servlet/2.27/jersey-container-servlet-2.27.jar:/home/user/.m2/repository/org/glassfish/hk2/guice-bridge/2.5.0/guice-bridge-2.5.0.jar:/home/user/.m2/repository/org/glassfish/jersey/core/jersey-server/2.27/jersey-server-2.27.jar:/home/user/.m2/repository/org/glassfish/jersey/core/jersey-client/2.27/jersey-client-2.27.jar:/home/user/.m2/repository/org/glassfish/jersey/media/jersey-media-jaxb/2.27/jersey-media-jaxb-2.27.jar:/home/user/.m2/repository/javax/validation/validation-api/1.1.0.Final/validation-api-1.1.0.Final.jar:/home/user/.m2/repository/org/glassfish/jersey/media/jersey-media-json-jackson/2.27/jersey-media-json-jackson-2.27.jar:/home/user/.m2/repository/org/glassfish/jersey/ext/jersey-entity-filtering/2.27/jersey-entity-filtering-2.27.jar:/home/user/.m2/repository/com/google/inject/extensions/guice-assistedinject/4.0/guice-assistedinject-4.0.jar:/home/user/.m2/repository/org/jooq/jooq/3.11.10/jooq-3.11.10.jar:/home/user/.m2/repository/org/jooq/jooq-meta/3.11.10/jooq-meta-3.11.10.jar:/home/user/.m2/repository/org/jooq/jooq-codegen/3.11.10/jooq-codegen-3.11.10.jar:/home/user/.m2/repository/com/jolbox/bonecp/0.8.0.RELEASE/bonecp-0.8.0.RELEASE.jar:/home/user/.m2/repository/org/xerial/sqlite-jdbc/3.25.2/sqlite-jdbc-3.25.2.jar:/home/user/.m2/repository/org/springframework/spring-jdbc/5.1.3.RELEASE/spring-jdbc-5.1.3.RELEASE.jar:/home/user/.m2/repository/org/springframework/spring-beans/5.1.3.RELEASE/spring-beans-5.1.3.RELEASE.jar:/home/user/.m2/repository/org/springframework/spring-core/5.1.3.RELEASE/spring-core-5.1.3.RELEASE.jar:/home/user/.m2/repository/org/springframework/spring-jcl/5.1.3.RELEASE/spring-jcl-5.1.3.RELEASE.jar:/home/user/.m2/repository/org/springframework/spring-tx/5.1.3.RELEASE/spring-tx-5.1.3.RELEASE.jar:/home/user/.m2/repository/org/apache/hadoop/hadoop-ozone-client/0.5.0-SNAPSHOT/hadoop-ozone-client-0.5.0-SNAPSHOT.jar:/home/user/.m2/repository/commons-lang/commons-lang/2.6/commons-lang-2.6.jar:/home/user/.m2/repository/org/apache/hadoop/hadoop-ozone-ozone-manager/0.5.0-SNAPSHOT/hadoop-ozone-ozone-manager-0.5.0-SNAPSHOT-tests.jar:/home/user/.m2/repository/junit/junit/4.11/junit-4.11.jar:/home/user/.m2/repository/org/hamcrest/hamcrest-core/1.3/hamcrest-core-1.3.jar:/home/user/.m2/repository/org/openjdk/jmh/jmh-core/1.19/jmh-core-1.19.jar:/home/user/.m2/repository/net/sf/jopt-simple/jopt-simple/4.6/jopt-simple-4.6.jar:/home/user/.m2/repository/org/apache/commons/commons-math3/3.1.1/commons-math3-3.1.1.jar:/home/user/.m2/repository/org/openjdk/jmh/jmh-generator-annprocess/1.19/jmh-generator-annprocess-1.19.jar:/home/user/.m2/repository/org/mockito/mockito-all/1.8.5/mockito-all-1.8.5.jar:/home/user/.m2/repository/org/apache/hadoop/hadoop-kms/3.2.0/hadoop-kms-3.2.0.jar:/home/user/.m2/repository/org/apache/hadoop/hadoop-auth/3.2.0/hadoop-auth-3.2.0.jar:/home/user/.m2/repository/com/nimbusds/nimbus-jose-jwt/4.41.1/nimbus-jose-jwt-4.41.1.jar:/home/user/.m2/repository/com/github/stephenc/jcip/jcip-annotations/1.0-1/jcip-annotations-1.0-1.jar:/home/user/.m2/repository/net/minidev/json-smart/2.3/json-smart-2.3.jar:/home/user/.m2/repository/net/minidev/accessors-smart/1.2/accessors-smart-1.2.jar:/home/user/.m2/repository/org/ow2/asm/asm/5.0.4/asm-5.0.4.jar:/home/user/.m2/repository/org/apache/curator/curator-framework/2.12.0/curator-framework-2.12.0.jar:/home/user/.m2/repository/com/sun/jersey/jersey-core/1.19/jersey-core-1.19.jar:/home/user/.m2/repository/javax/ws/rs/jsr311-api/1.1.1/jsr311-api-1.1.1.jar:/home/user/.m2/repository/com/sun/jersey/jersey-server/1.19/jersey-server-1.19.jar:/home/user/.m2/repository/javax/servlet/javax.servlet-api/3.1.0/javax.servlet-api-3.1.0.jar:/home/user/.m2/repository/org/eclipse/jetty/jetty-server/9.3.24.v20180605/jetty-server-9.3.24.v20180605.jar:/home/user/.m2/repository/org/eclipse/jetty/jetty-http/9.3.24.v20180605/jetty-http-9.3.24.v20180605.jar:/home/user/.m2/repository/org/eclipse/jetty/jetty-io/9.3.24.v20180605/jetty-io-9.3.24.v20180605.jar:/home/user/.m2/repository/org/eclipse/jetty/jetty-webapp/9.3.24.v20180605/jetty-webapp-9.3.24.v20180605.jar:/home/user/.m2/repository/org/eclipse/jetty/jetty-xml/9.3.24.v20180605/jetty-xml-9.3.24.v20180605.jar:/home/user/.m2/repository/log4j/log4j/1.2.17/log4j-1.2.17.jar:/home/user/.m2/repository/org/slf4j/slf4j-api/1.7.25/slf4j-api-1.7.25.jar:/home/user/.m2/repository/org/slf4j/jul-to-slf4j/1.7.25/jul-to-slf4j-1.7.25.jar:/home/user/.m2/repository/org/eclipse/jetty/jetty-util/9.3.24.v20180605/jetty-util-9.3.24.v20180605.jar:/home/user/.m2/repository/com/fasterxml/jackson/core/jackson-databind/2.9.5/jackson-databind-2.9.5.jar:/home/user/.m2/repository/org/apache/hadoop/hadoop-kms/3.2.0/hadoop-kms-3.2.0-tests.jar:/home/user/.m2/repository/org/apache/hadoop/hadoop-hdds-server-scm/0.5.0-SNAPSHOT/hadoop-hdds-server-scm-0.5.0-SNAPSHOT-tests.jar:/home/user/.m2/repository/org/apache/hadoop/hadoop-hdds-container-service/0.5.0-SNAPSHOT/hadoop-hdds-container-service-0.5.0-SNAPSHOT-tests.jar:/home/user/.m2/repository/org/yaml/snakeyaml/1.16/snakeyaml-1.16.jar:/home/user/.m2/repository/org/apache/hadoop/hadoop-common/3.2.0/hadoop-common-3.2.0-tests.jar:/home/user/.m2/repository/org/apache/hadoop/hadoop-annotations/3.2.0/hadoop-annotations-3.2.0.jar:/usr/lib/jvm/java-1.8-openjdk/jre/../lib/tools.jar:/home/user/.m2/repository/commons-cli/commons-cli/1.2/commons-cli-1.2.jar:/home/user/.m2/repository/org/apache/httpcomponents/httpclient/4.5.2/httpclient-4.5.2.jar:/home/user/.m2/repository/org/apache/httpcomponents/httpcore/4.4.4/httpcore-4.4.4.jar:/home/user/.m2/repository/commons-codec/commons-codec/1.11/commons-codec-1.11.jar:/home/user/.m2/repository/commons-net/commons-net/3.6/commons-net-3.6.jar:/home/user/.m2/repository/commons-collections/commons-collections/3.2.2/commons-collections-3.2.2.jar:/home/user/.m2/repository/org/eclipse/jetty/jetty-servlet/9.3.24.v20180605/jetty-servlet-9.3.24.v20180605.jar:/home/user/.m2/repository/org/eclipse/jetty/jetty-security/9.3.24.v20180605/jetty-security-9.3.24.v20180605.jar:/home/user/.m2/repository/javax/servlet/jsp/jsp-api/2.1/jsp-api-2.1.jar:/home/user/.m2/repository/com/sun/jersey/jersey-servlet/1.19/jersey-servlet-1.19.jar:/home/user/.m2/repository/com/sun/jersey/jersey-json/1.19/jersey-json-1.19.jar:/home/user/.m2/repository/org/codehaus/jettison/jettison/1.1/jettison-1.1.jar:/home/user/.m2/repository/org/codehaus/jackson/jackson-core-asl/1.9.13/jackson-core-asl-1.9.13.jar:/home/user/.m2/repository/org/codehaus/jackson/jackson-mapper-asl/1.9.13/jackson-mapper-asl-1.9.13.jar:/home/user/.m2/repository/org/codehaus/jackson/jackson-jaxrs/1.9.13/jackson-jaxrs-1.9.13.jar:/home/user/.m2/repository/org/codehaus/jackson/jackson-xc/1.9.13/jackson-xc-1.9.13.jar:/home/user/.m2/repository/commons-logging/commons-logging/1.1.3/commons-logging-1.1.3.jar:/home/user/.m2/repository/commons-beanutils/commons-beanutils/1.9.3/commons-beanutils-1.9.3.jar:/home/user/.m2/repository/org/apache/commons/commons-configuration2/2.1.1/commons-configuration2-2.1.1.jar:/home/user/.m2/repository/org/apache/commons/commons-lang3/3.7/commons-lang3-3.7.jar:/home/user/.m2/repository/org/apache/commons/commons-text/1.4/commons-text-1.4.jar:/home/user/.m2/repository/org/apache/avro/avro/1.7.7/avro-1.7.7.jar:/home/user/.m2/repository/com/thoughtworks/paranamer/paranamer/2.3/paranamer-2.3.jar:/home/user/.m2/repository/org/xerial/snappy/snappy-java/1.0.5/snappy-java-1.0.5.jar:/home/user/.m2/repository/com/google/re2j/re2j/1.1/re2j-1.1.jar:/home/user/.m2/repository/com/google/code/gson/gson/2.2.4/gson-2.2.4.jar:/home/user/.m2/repository/com/jcraft/jsch/0.1.54/jsch-0.1.54.jar:/home/user/.m2/repository/org/apache/curator/curator-client/2.12.0/curator-client-2.12.0.jar:/home/user/.m2/repository/org/apache/curator/curator-recipes/2.12.0/curator-recipes-2.12.0.jar:/home/user/.m2/repository/com/google/code/findbugs/jsr305/3.0.0/jsr305-3.0.0.jar:/home/user/.m2/repository/org/apache/htrace/htrace-core4/4.1.0-incubating/htrace-core4-4.1.0-incubating.jar:/home/user/.m2/repository/org/apache/zookeeper/zookeeper/3.4.13/zookeeper-3.4.13.jar:/home/user/.m2/repository/org/apache/yetus/audience-annotations/0.5.0/audience-annotations-0.5.0.jar:/home/user/.m2/repository/org/codehaus/woodstox/stax2-api/3.1.4/stax2-api-3.1.4.jar:/home/user/.m2/repository/com/fasterxml/woodstox/woodstox-core/5.0.3/woodstox-core-5.0.3.jar:/home/user/.m2/repository/dnsjava/dnsjava/2.1.7/dnsjava-2.1.7.jar:/home/user/.m2/repository/org/apache/hadoop/hadoop-hdfs/3.2.0/hadoop-hdfs-3.2.0-tests.jar:/home/user/.m2/repository/org/eclipse/jetty/jetty-util-ajax/9.3.24.v20180605/jetty-util-ajax-9.3.24.v20180605.jar:/home/user/.m2/repository/commons-daemon/commons-daemon/1.0.13/commons-daemon-1.0.13.jar:/home/user/.m2/repository/io/netty/netty/3.10.5.Final/netty-3.10.5.Final.jar:/home/user/.m2/repository/io/netty/netty-all/4.0.52.Final/netty-all-4.0.52.Final.jar:/home/user/.m2/repository/org/fusesource/leveldbjni/leveldbjni-all/1.8/leveldbjni-all-1.8.jar:"/>
    <property name="sun.cpu.endian" value="little"/>
    <property name="user.home" value="/home/user"/>
    <property name="user.language" value="en"/>
    <property name="java.specification.vendor" value="Oracle Corporation"/>
    <property name="java.home" value="/usr/lib/jvm/java-1.8-openjdk/jre"/>
    <property name="java.security.krb5.conf" value="/workdir/hadoop-ozone/integration-test/target/test-classes/krb5.conf"/>
    <property name="basedir" value="/workdir/hadoop-ozone/integration-test"/>
    <property name="file.separator" value="/"/>
    <property name="line.separator" value="&#10;"/>
    <property name="java.vm.specification.vendor" value="Oracle Corporation"/>
    <property name="java.specification.name" value="Java Platform API Specification"/>
    <property name="java.awt.graphicsenv" value="sun.awt.X11GraphicsEnvironment"/>
    <property name="surefire.real.class.path" value="/workdir/hadoop-ozone/integration-test/target/surefire/surefirebooter887989765419939647.jar"/>
    <property name="hadoop.log.dir" value="/workdir/hadoop-ozone/integration-test/target/log"/>
    <property name="sun.boot.class.path" value="/usr/lib/jvm/java-1.8-openjdk/jre/lib/resources.jar:/usr/lib/jvm/java-1.8-openjdk/jre/lib/rt.jar:/usr/lib/jvm/java-1.8-openjdk/jre/lib/sunrsasign.jar:/usr/lib/jvm/java-1.8-openjdk/jre/lib/jsse.jar:/usr/lib/jvm/java-1.8-openjdk/jre/lib/jce.jar:/usr/lib/jvm/java-1.8-openjdk/jre/lib/charsets.jar:/usr/lib/jvm/java-1.8-openjdk/jre/lib/jfr.jar:/usr/lib/jvm/java-1.8-openjdk/jre/classes"/>
    <property name="sun.management.compiler" value="HotSpot 64-Bit Tiered Compilers"/>
    <property name="java.runtime.version" value="1.8.0_212-b04"/>
    <property name="java.net.preferIPv4Stack" value="true"/>
    <property name="user.name" value="jenkins1000"/>
    <property name="path.separator" value=":"/>
    <property name="java.security.egd" value="file:///dev/urandom"/>
    <property name="os.version" value="3.10.0-957.12.2.el7.x86_64"/>
    <property name="java.endorsed.dirs" value="/usr/lib/jvm/java-1.8-openjdk/jre/lib/endorsed"/>
    <property name="java.runtime.name" value="OpenJDK Runtime Environment"/>
    <property name="file.encoding" value="UTF-8"/>
    <property name="java.vm.name" value="OpenJDK 64-Bit Server VM"/>
    <property name="test.build.webapps" value=""/>
    <property name="localRepository" value="/home/user/.m2/repository"/>
    <property name="java.vendor.url.bug" value="https://icedtea.classpath.org/bugzilla"/>
    <property name="java.io.tmpdir" value="/tmp"/>
    <property name="require.test.libhadoop" value=""/>
    <property name="java.version" value="1.8.0_212"/>
    <property name="user.dir" value="/workdir/hadoop-ozone/integration-test"/>
    <property name="os.arch" value="amd64"/>
    <property name="java.vm.specification.name" value="Java Virtual Machine Specification"/>
    <property name="test.build.classes" value="/workdir/hadoop-ozone/integration-test/target/test-classes"/>
    <property name="java.awt.printerjob" value="sun.print.PSPrinterJob"/>
    <property name="sun.os.patch.level" value="unknown"/>
    <property name="hadoop.tmp.dir" value="/workdir/hadoop-ozone/integration-test/target/tmp"/>
    <property name="java.library.path" value="/usr/lib/jvm/java-1.8-openjdk/jre/lib/amd64/server:/usr/lib/jvm/java-1.8-openjdk/jre/lib/amd64:/usr/lib/jvm/java-1.8-openjdk/jre/../lib/amd64:/workdir/hadoop-ozone/integration-test/target/native/target/usr/local/lib:/workdir/hadoop-ozone/integration-test/../../hadoop-common-project/hadoop-common/target/native/target/usr/local/lib:/usr/java/packages/lib/amd64:/usr/lib64:/lib64:/lib:/usr/lib"/>
    <property name="java.vm.info" value="mixed mode"/>
    <property name="java.vendor" value="IcedTea"/>
    <property name="java.vm.version" value="25.212-b04"/>
    <property name="java.ext.dirs" value="/usr/lib/jvm/java-1.8-openjdk/jre/lib/ext:/usr/java/packages/lib/ext"/>
    <property name="sun.io.unicode.encoding" value="UnicodeLittle"/>
    <property name="java.class.version" value="52.0"/>
  </properties>
  <testcase name="test2DatanodesFailure" classname="org.apache.hadoop.ozone.client.rpc.TestBlockOutputStreamWithFailures" time="108.676"/>
  <testcase name="testDatanodeFailureWithPreAllocation" classname="org.apache.hadoop.ozone.client.rpc.TestBlockOutputStreamWithFailures" time="223.908"/>
  <testcase name="testDatanodeFailureWithSingleNodeRatis" classname="org.apache.hadoop.ozone.client.rpc.TestBlockOutputStreamWithFailures" time="223.651"/>
  <testcase name="testWatchForCommitWithSingleNodeRatis" classname="org.apache.hadoop.ozone.client.rpc.TestBlockOutputStreamWithFailures" time="34.857"/>
  <testcase name="testWatchForCommitDatanodeFailure" classname="org.apache.hadoop.ozone.client.rpc.TestBlockOutputStreamWithFailures" time="33.987"/>
  <testcase name="testFailureWithPrimeSizedData" classname="org.apache.hadoop.ozone.client.rpc.TestBlockOutputStreamWithFailures" time="37.699"/>
  <testcase name="testWatchForCommitWithCloseContainerException" classname="org.apache.hadoop.ozone.client.rpc.TestBlockOutputStreamWithFailures" time="34.954">
    <failure message="expected:&lt;77&gt; but was:&lt;78&gt;" type="java.lang.AssertionError"><![CDATA[java.lang.AssertionError: expected:<77> but was:<78>
	at org.junit.Assert.fail(Assert.java:88)
	at org.junit.Assert.failNotEquals(Assert.java:743)
	at org.junit.Assert.assertEquals(Assert.java:118)
	at org.junit.Assert.assertEquals(Assert.java:555)
	at org.junit.Assert.assertEquals(Assert.java:542)
	at org.apache.hadoop.ozone.client.rpc.TestBlockOutputStreamWithFailures.testWatchForCommitWithCloseContainerException(TestBlockOutputStreamWithFailures.java:196)
	at sun.reflect.NativeMethodAccessorImpl.invoke0(Native Method)
	at sun.reflect.NativeMethodAccessorImpl.invoke(NativeMethodAccessorImpl.java:62)
	at sun.reflect.DelegatingMethodAccessorImpl.invoke(DelegatingMethodAccessorImpl.java:43)
	at java.lang.reflect.Method.invoke(Method.java:498)
	at org.junit.runners.model.FrameworkMethod$1.runReflectiveCall(FrameworkMethod.java:47)
	at org.junit.internal.runners.model.ReflectiveCallable.run(ReflectiveCallable.java:12)
	at org.junit.runners.model.FrameworkMethod.invokeExplosively(FrameworkMethod.java:44)
	at org.junit.internal.runners.statements.InvokeMethod.evaluate(InvokeMethod.java:17)
	at org.junit.internal.runners.statements.RunBefores.evaluate(RunBefores.java:26)
	at org.junit.internal.runners.statements.RunAfters.evaluate(RunAfters.java:27)
	at org.junit.runners.ParentRunner.runLeaf(ParentRunner.java:271)
	at org.junit.runners.BlockJUnit4ClassRunner.runChild(BlockJUnit4ClassRunner.java:70)
	at org.junit.runners.BlockJUnit4ClassRunner.runChild(BlockJUnit4ClassRunner.java:50)
	at org.junit.runners.ParentRunner$3.run(ParentRunner.java:238)
	at org.junit.runners.ParentRunner$1.schedule(ParentRunner.java:63)
	at org.junit.runners.ParentRunner.runChildren(ParentRunner.java:236)
	at org.junit.runners.ParentRunner.access$000(ParentRunner.java:53)
	at org.junit.runners.ParentRunner$2.evaluate(ParentRunner.java:229)
	at org.junit.runners.ParentRunner.run(ParentRunner.java:309)
	at org.apache.maven.surefire.junit4.JUnit4Provider.execute(JUnit4Provider.java:365)
	at org.apache.maven.surefire.junit4.JUnit4Provider.executeWithRerun(JUnit4Provider.java:273)
	at org.apache.maven.surefire.junit4.JUnit4Provider.executeTestSet(JUnit4Provider.java:238)
	at org.apache.maven.surefire.junit4.JUnit4Provider.invoke(JUnit4Provider.java:159)
	at org.apache.maven.surefire.booter.ForkedBooter.invokeProviderInSameClassLoader(ForkedBooter.java:384)
	at org.apache.maven.surefire.booter.ForkedBooter.runSuitesInProcess(ForkedBooter.java:345)
	at org.apache.maven.surefire.booter.ForkedBooter.execute(ForkedBooter.java:126)
	at org.apache.maven.surefire.booter.ForkedBooter.main(ForkedBooter.java:418)
]]></failure>
    <system-out><![CDATA[2019-09-17 05:39:23,393 [main] WARN  server.ServerUtils (ServerUtils.java:getScmDbDir(145)) - ozone.scm.db.dirs is not configured. We recommend adding this setting. Falling back to ozone.metadata.dirs instead.
2019-09-17 05:39:23,410 [main] WARN  server.ServerUtils (ServerUtils.java:getScmDbDir(145)) - ozone.scm.db.dirs is not configured. We recommend adding this setting. Falling back to ozone.metadata.dirs instead.
2019-09-17 05:39:23,410 [main] WARN  server.ServerUtils (ServerUtils.java:getScmDbDir(145)) - ozone.scm.db.dirs is not configured. We recommend adding this setting. Falling back to ozone.metadata.dirs instead.
2019-09-17 05:39:23,411 [main] INFO  db.DBStoreBuilder (DBStoreBuilder.java:addTable(110)) - using custom profile for table: deletedBlocks
2019-09-17 05:39:23,411 [main] INFO  db.DBStoreBuilder (DBStoreBuilder.java:processTables(161)) - Using default column profile:DBProfile.DISK for Table:deletedBlocks
2019-09-17 05:39:23,411 [main] INFO  db.DBStoreBuilder (DBStoreBuilder.java:addTable(110)) - using custom profile for table: validCerts
2019-09-17 05:39:23,412 [main] INFO  db.DBStoreBuilder (DBStoreBuilder.java:processTables(161)) - Using default column profile:DBProfile.DISK for Table:validCerts
2019-09-17 05:39:23,412 [main] INFO  db.DBStoreBuilder (DBStoreBuilder.java:addTable(110)) - using custom profile for table: revokedCerts
2019-09-17 05:39:23,412 [main] INFO  db.DBStoreBuilder (DBStoreBuilder.java:processTables(161)) - Using default column profile:DBProfile.DISK for Table:revokedCerts
2019-09-17 05:39:23,412 [main] INFO  db.DBStoreBuilder (DBStoreBuilder.java:addTable(110)) - using custom profile for table: default
2019-09-17 05:39:23,413 [main] INFO  db.DBStoreBuilder (DBStoreBuilder.java:processTables(167)) - Using default column profile:DBProfile.DISK for Table:default
2019-09-17 05:39:23,413 [main] INFO  db.DBStoreBuilder (DBStoreBuilder.java:getDbProfile(198)) - Using default options. DBProfile.DISK
2019-09-17 05:39:23,558 [main] INFO  net.NodeSchemaLoader (NodeSchemaLoader.java:loadSchemaFromFile(125)) - Loading file from sun.misc.CompoundEnumeration@43588265
2019-09-17 05:39:23,558 [main] INFO  net.NodeSchemaLoader (NodeSchemaLoader.java:loadSchema(171)) - Loading network topology layer schema file
2019-09-17 05:39:23,563 [main] INFO  node.SCMNodeManager (SCMNodeManager.java:<init>(114)) - Entering startup safe mode.
2019-09-17 05:39:23,563 [main] INFO  algorithms.ContainerPlacementPolicyFactory (ContainerPlacementPolicyFactory.java:getPolicy(57)) - Create container placement policy of type org.apache.hadoop.hdds.scm.container.placement.algorithms.SCMContainerPlacementRandom
2019-09-17 05:39:23,564 [main] WARN  server.ServerUtils (ServerUtils.java:getScmDbDir(145)) - ozone.scm.db.dirs is not configured. We recommend adding this setting. Falling back to ozone.metadata.dirs instead.
2019-09-17 05:39:23,624 [main] INFO  pipeline.SCMPipelineManager (SCMPipelineManager.java:initializePipelineState(128)) - No pipeline exists in current db
2019-09-17 05:39:23,624 [main] WARN  server.ServerUtils (ServerUtils.java:getScmDbDir(145)) - ozone.scm.db.dirs is not configured. We recommend adding this setting. Falling back to ozone.metadata.dirs instead.
2019-09-17 05:39:23,679 [main] WARN  events.EventQueue (EventQueue.java:fireEvent(183)) - No event handler registered for event TypedEvent{payloadType=SafeModeStatus, name='SafeModeStatus'}
2019-09-17 05:39:23,680 [main] INFO  ipc.CallQueueManager (CallQueueManager.java:<init>(84)) - Using callQueue: class java.util.concurrent.LinkedBlockingQueue, queueCapacity: 2000, scheduler: class org.apache.hadoop.ipc.DefaultRpcScheduler, ipcBackoff: false.
2019-09-17 05:39:23,681 [Socket Reader #1 for port 41833] INFO  ipc.Server (Server.java:run(1074)) - Starting Socket Reader #1 for port 41833
2019-09-17 05:39:23,684 [main] INFO  ipc.CallQueueManager (CallQueueManager.java:<init>(84)) - Using callQueue: class java.util.concurrent.LinkedBlockingQueue, queueCapacity: 2000, scheduler: class org.apache.hadoop.ipc.DefaultRpcScheduler, ipcBackoff: false.
2019-09-17 05:39:23,685 [Socket Reader #1 for port 37411] INFO  ipc.Server (Server.java:run(1074)) - Starting Socket Reader #1 for port 37411
2019-09-17 05:39:23,687 [main] INFO  ipc.CallQueueManager (CallQueueManager.java:<init>(84)) - Using callQueue: class java.util.concurrent.LinkedBlockingQueue, queueCapacity: 2000, scheduler: class org.apache.hadoop.ipc.DefaultRpcScheduler, ipcBackoff: false.
2019-09-17 05:39:23,688 [Socket Reader #1 for port 35674] INFO  ipc.Server (Server.java:run(1074)) - Starting Socket Reader #1 for port 35674
2019-09-17 05:39:23,690 [main] INFO  hdfs.DFSUtil (DFSUtil.java:httpServerTemplateForNNAndJN(1641)) - Starting Web-server for scm at: http://0.0.0.0:0
2019-09-17 05:39:23,693 [main] INFO  server.AuthenticationFilter (AuthenticationFilter.java:constructSecretProvider(240)) - Unable to initialize FileSignerSecretProvider, falling back to use random secrets.
2019-09-17 05:39:23,694 [main] WARN  http.HttpRequestLog (HttpRequestLog.java:getRequestLog(97)) - Jetty request log can only be enabled using Log4j
2019-09-17 05:39:23,696 [main] INFO  http.HttpServer2 (HttpServer2.java:addGlobalFilter(975)) - Added global filter 'safety' (class=org.apache.hadoop.http.HttpServer2$QuotingInputFilter)
2019-09-17 05:39:23,697 [main] INFO  http.HttpServer2 (HttpServer2.java:addFilter(948)) - Added filter static_user_filter (class=org.apache.hadoop.http.lib.StaticUserWebFilter$StaticUserFilter) to context scm
2019-09-17 05:39:23,697 [main] INFO  http.HttpServer2 (HttpServer2.java:addFilter(958)) - Added filter static_user_filter (class=org.apache.hadoop.http.lib.StaticUserWebFilter$StaticUserFilter) to context static
2019-09-17 05:39:23,698 [main] INFO  http.HttpServer2 (HttpServer2.java:addFilter(958)) - Added filter static_user_filter (class=org.apache.hadoop.http.lib.StaticUserWebFilter$StaticUserFilter) to context logs
2019-09-17 05:39:23,700 [main] INFO  server.StorageContainerManager (StorageContainerManager.java:start(763)) - StorageContainerLocationProtocol RPC server is listening at /0.0.0.0:35674
2019-09-17 05:39:23,704 [main] WARN  impl.MetricsConfig (MetricsConfig.java:loadFirst(134)) - Cannot locate configuration: tried hadoop-metrics2-storagecontainermanager.properties,hadoop-metrics2.properties
2019-09-17 05:39:23,705 [main] INFO  impl.MetricsSystemImpl (MetricsSystemImpl.java:startTimer(374)) - Scheduled Metric snapshot period at 10 second(s).
2019-09-17 05:39:23,705 [main] INFO  impl.MetricsSystemImpl (MetricsSystemImpl.java:start(191)) - StorageContainerManager metrics system started
2019-09-17 05:39:23,812 [main] INFO  lib.Interns (Interns.java:removeEldestEntry(50)) - Metrics intern cache overflow at 2011 for MetricsSystem={MetricsSystem=MetricsInfoImpl{name=MetricsSystem, description=MetricsSystem}, MetricsSystem record=MetricsInfoImpl{name=MetricsSystem, description=MetricsSystem record}}
2019-09-17 05:39:23,924 [main] WARN  impl.MetricsSystemImpl (MetricsSystemImpl.java:register(276)) - Sink prometheus already exists!
2019-09-17 05:39:23,994 [main] INFO  server.SCMClientProtocolServer (SCMClientProtocolServer.java:start(151)) - RPC server for Client  is listening at /0.0.0.0:35674
2019-09-17 05:39:23,994 [IPC Server Responder] INFO  ipc.Server (Server.java:run(1314)) - IPC Server Responder: starting
2019-09-17 05:39:23,995 [IPC Server listener on 35674] INFO  ipc.Server (Server.java:run(1153)) - IPC Server listener on 35674: starting
2019-09-17 05:39:23,998 [main] INFO  server.StorageContainerManager (StorageContainerManager.java:start(773)) - ScmBlockLocationProtocol RPC server is listening at /0.0.0.0:37411
2019-09-17 05:39:24,000 [main] INFO  server.SCMBlockProtocolServer (SCMBlockProtocolServer.java:start(146)) - RPC server for Block Protocol is listening at /0.0.0.0:37411
2019-09-17 05:39:24,000 [IPC Server Responder] INFO  ipc.Server (Server.java:run(1314)) - IPC Server Responder: starting
2019-09-17 05:39:24,000 [IPC Server listener on 37411] INFO  ipc.Server (Server.java:run(1153)) - IPC Server listener on 37411: starting
2019-09-17 05:39:24,005 [main] INFO  server.StorageContainerManager (StorageContainerManager.java:start(777)) - ScmDatanodeProtocl RPC server is listening at /0.0.0.0:41833
2019-09-17 05:39:24,005 [main] INFO  server.SCMDatanodeProtocolServer (SCMDatanodeProtocolServer.java:start(191)) - RPC server for DataNodes is listening at /0.0.0.0:41833
2019-09-17 05:39:24,005 [IPC Server Responder] INFO  ipc.Server (Server.java:run(1314)) - IPC Server Responder: starting
2019-09-17 05:39:24,005 [IPC Server listener on 41833] INFO  ipc.Server (Server.java:run(1153)) - IPC Server listener on 41833: starting
2019-09-17 05:39:24,010 [main] INFO  http.HttpServer2 (HttpServer2.java:bindListener(1191)) - Jetty bound to port 40604
2019-09-17 05:39:24,010 [main] INFO  server.Server (Server.java:doStart(351)) - jetty-9.3.24.v20180605, build timestamp: 2018-06-05T17:11:56Z, git hash: 84205aa28f11a4f31f2a3b86d1bba2cc8ab69827
2019-09-17 05:39:24,012 [main] INFO  handler.ContextHandler (ContextHandler.java:doStart(781)) - Started o.e.j.s.ServletContextHandler@6546371{/logs,file:///workdir/hadoop-ozone/integration-test/target/log,AVAILABLE}
2019-09-17 05:39:24,012 [main] INFO  handler.ContextHandler (ContextHandler.java:doStart(781)) - Started o.e.j.s.ServletContextHandler@4c2c44e8{/static,file:///workdir/hadoop-ozone/integration-test/target/test-classes/webapps/static,AVAILABLE}
2019-09-17 05:39:24,016 [main] INFO  handler.ContextHandler (ContextHandler.java:doStart(781)) - Started o.e.j.w.WebAppContext@36b53f08{/,file:///workdir/hadoop-ozone/integration-test/target/test-classes/webapps/scm/,AVAILABLE}{/scm}
2019-09-17 05:39:24,016 [main] INFO  server.AbstractConnector (AbstractConnector.java:doStart(278)) - Started ServerConnector@54329480{HTTP/1.1,[http/1.1]}{0.0.0.0:40604}
2019-09-17 05:39:24,017 [main] INFO  server.Server (Server.java:doStart(419)) - Started @664026ms
2019-09-17 05:39:24,017 [main] WARN  impl.MetricsSystemImpl (MetricsSystemImpl.java:register(276)) - Sink prometheus already exists!
2019-09-17 05:39:24,018 [main] INFO  server.BaseHttpServer (BaseHttpServer.java:updateConnectorAddress(215)) - HTTP server of SCM is listening at http://0.0.0.0:40604
2019-09-17 05:39:24,019 [main] WARN  server.ServerUtils (ServerUtils.java:getDBPath(222)) - ozone.om.db.dirs is not configured. We recommend adding this setting. Falling back to ozone.metadata.dirs instead.
2019-09-17 05:39:24,020 [org.apache.hadoop.util.JvmPauseMonitor$Monitor@64f32e9e] INFO  util.JvmPauseMonitor (JvmPauseMonitor.java:run(188)) - Starting JVM pause monitor
2019-09-17 05:39:24,050 [main] WARN  server.ServerUtils (ServerUtils.java:getDBPath(222)) - ozone.om.db.dirs is not configured. We recommend adding this setting. Falling back to ozone.metadata.dirs instead.
2019-09-17 05:39:24,051 [main] WARN  server.ServerUtils (ServerUtils.java:getDBPath(222)) - ozone.om.db.dirs is not configured. We recommend adding this setting. Falling back to ozone.metadata.dirs instead.
2019-09-17 05:39:24,051 [main] INFO  om.OzoneManager (OzoneManager.java:setOMNodeDetails(649)) - OM Service ID is not set. Setting it to the default ID: omServiceIdDefault
2019-09-17 05:39:24,051 [main] INFO  om.OzoneManager (OzoneManager.java:setOMNodeDetails(655)) - OM Node ID is not set. Setting it to the OmStorage's OmID: 6a4d5d3f-11b6-46ce-9fda-7836920cb5cf
2019-09-17 05:39:24,051 [main] INFO  om.OzoneManager (OzoneManager.java:loadOMHAConfigs(606)) - Found matching OM address with OMServiceId: null, OMNodeId: null, RPC Address: localhost:0 and Ratis port: 9872
2019-09-17 05:39:24,059 [main] WARN  server.ServerUtils (ServerUtils.java:getDBPath(222)) - ozone.om.db.dirs is not configured. We recommend adding this setting. Falling back to ozone.metadata.dirs instead.
2019-09-17 05:39:24,059 [main] INFO  db.DBStoreBuilder (DBStoreBuilder.java:addTable(110)) - using custom profile for table: userTable
2019-09-17 05:39:24,059 [main] INFO  db.DBStoreBuilder (DBStoreBuilder.java:processTables(161)) - Using default column profile:DBProfile.DISK for Table:userTable
2019-09-17 05:39:24,059 [main] INFO  db.DBStoreBuilder (DBStoreBuilder.java:addTable(110)) - using custom profile for table: volumeTable
2019-09-17 05:39:24,060 [main] INFO  db.DBStoreBuilder (DBStoreBuilder.java:processTables(161)) - Using default column profile:DBProfile.DISK for Table:volumeTable
2019-09-17 05:39:24,060 [main] INFO  db.DBStoreBuilder (DBStoreBuilder.java:addTable(110)) - using custom profile for table: bucketTable
2019-09-17 05:39:24,060 [main] INFO  db.DBStoreBuilder (DBStoreBuilder.java:processTables(161)) - Using default column profile:DBProfile.DISK for Table:bucketTable
2019-09-17 05:39:24,060 [main] INFO  db.DBStoreBuilder (DBStoreBuilder.java:addTable(110)) - using custom profile for table: keyTable
2019-09-17 05:39:24,060 [main] INFO  db.DBStoreBuilder (DBStoreBuilder.java:processTables(161)) - Using default column profile:DBProfile.DISK for Table:keyTable
2019-09-17 05:39:24,061 [main] INFO  db.DBStoreBuilder (DBStoreBuilder.java:addTable(110)) - using custom profile for table: deletedTable
2019-09-17 05:39:24,061 [main] INFO  db.DBStoreBuilder (DBStoreBuilder.java:processTables(161)) - Using default column profile:DBProfile.DISK for Table:deletedTable
2019-09-17 05:39:24,061 [main] INFO  db.DBStoreBuilder (DBStoreBuilder.java:addTable(110)) - using custom profile for table: openKeyTable
2019-09-17 05:39:24,061 [main] INFO  db.DBStoreBuilder (DBStoreBuilder.java:processTables(161)) - Using default column profile:DBProfile.DISK for Table:openKeyTable
2019-09-17 05:39:24,061 [main] INFO  db.DBStoreBuilder (DBStoreBuilder.java:addTable(110)) - using custom profile for table: s3Table
2019-09-17 05:39:24,062 [main] INFO  db.DBStoreBuilder (DBStoreBuilder.java:processTables(161)) - Using default column profile:DBProfile.DISK for Table:s3Table
2019-09-17 05:39:24,062 [main] INFO  db.DBStoreBuilder (DBStoreBuilder.java:addTable(110)) - using custom profile for table: multipartInfoTable
2019-09-17 05:39:24,062 [main] INFO  db.DBStoreBuilder (DBStoreBuilder.java:processTables(161)) - Using default column profile:DBProfile.DISK for Table:multipartInfoTable
2019-09-17 05:39:24,062 [main] INFO  db.DBStoreBuilder (DBStoreBuilder.java:addTable(110)) - using custom profile for table: dTokenTable
2019-09-17 05:39:24,062 [main] INFO  db.DBStoreBuilder (DBStoreBuilder.java:processTables(161)) - Using default column profile:DBProfile.DISK for Table:dTokenTable
2019-09-17 05:39:24,063 [main] INFO  db.DBStoreBuilder (DBStoreBuilder.java:addTable(110)) - using custom profile for table: s3SecretTable
2019-09-17 05:39:24,063 [main] INFO  db.DBStoreBuilder (DBStoreBuilder.java:processTables(161)) - Using default column profile:DBProfile.DISK for Table:s3SecretTable
2019-09-17 05:39:24,063 [main] INFO  db.DBStoreBuilder (DBStoreBuilder.java:addTable(110)) - using custom profile for table: prefixTable
2019-09-17 05:39:24,063 [main] INFO  db.DBStoreBuilder (DBStoreBuilder.java:processTables(161)) - Using default column profile:DBProfile.DISK for Table:prefixTable
2019-09-17 05:39:24,063 [main] INFO  db.DBStoreBuilder (DBStoreBuilder.java:addTable(110)) - using custom profile for table: default
2019-09-17 05:39:24,064 [main] INFO  db.DBStoreBuilder (DBStoreBuilder.java:processTables(167)) - Using default column profile:DBProfile.DISK for Table:default
2019-09-17 05:39:24,064 [main] INFO  db.DBStoreBuilder (DBStoreBuilder.java:getDbProfile(198)) - Using default options. DBProfile.DISK
2019-09-17 05:39:24,624 [main] INFO  ipc.CallQueueManager (CallQueueManager.java:<init>(84)) - Using callQueue: class java.util.concurrent.LinkedBlockingQueue, queueCapacity: 2000, scheduler: class org.apache.hadoop.ipc.DefaultRpcScheduler, ipcBackoff: false.
2019-09-17 05:39:24,625 [Socket Reader #1 for port 42623] INFO  ipc.Server (Server.java:run(1074)) - Starting Socket Reader #1 for port 42623
2019-09-17 05:39:24,638 [main] INFO  om.OzoneManager (OzoneManager.java:start(1240)) - OzoneManager RPC server is listening at localhost/127.0.0.1:42623
2019-09-17 05:39:24,638 [main] INFO  impl.MetricsSystemImpl (MetricsSystemImpl.java:init(158)) - OzoneManager metrics system started (again)
2019-09-17 05:39:24,639 [IPC Server Responder] INFO  ipc.Server (Server.java:run(1314)) - IPC Server Responder: starting
2019-09-17 05:39:24,639 [IPC Server listener on 42623] INFO  ipc.Server (Server.java:run(1153)) - IPC Server listener on 42623: starting
2019-09-17 05:39:24,644 [main] INFO  hdfs.DFSUtil (DFSUtil.java:httpServerTemplateForNNAndJN(1641)) - Starting Web-server for ozoneManager at: http://0.0.0.0:0
2019-09-17 05:39:24,645 [main] INFO  server.AuthenticationFilter (AuthenticationFilter.java:constructSecretProvider(240)) - Unable to initialize FileSignerSecretProvider, falling back to use random secrets.
2019-09-17 05:39:24,646 [main] WARN  http.HttpRequestLog (HttpRequestLog.java:getRequestLog(97)) - Jetty request log can only be enabled using Log4j
2019-09-17 05:39:24,648 [main] INFO  http.HttpServer2 (HttpServer2.java:addGlobalFilter(975)) - Added global filter 'safety' (class=org.apache.hadoop.http.HttpServer2$QuotingInputFilter)
2019-09-17 05:39:24,648 [main] INFO  http.HttpServer2 (HttpServer2.java:addFilter(948)) - Added filter static_user_filter (class=org.apache.hadoop.http.lib.StaticUserWebFilter$StaticUserFilter) to context ozoneManager
2019-09-17 05:39:24,648 [main] INFO  http.HttpServer2 (HttpServer2.java:addFilter(958)) - Added filter static_user_filter (class=org.apache.hadoop.http.lib.StaticUserWebFilter$StaticUserFilter) to context static
2019-09-17 05:39:24,648 [main] INFO  http.HttpServer2 (HttpServer2.java:addFilter(958)) - Added filter static_user_filter (class=org.apache.hadoop.http.lib.StaticUserWebFilter$StaticUserFilter) to context logs
2019-09-17 05:39:24,649 [main] INFO  http.HttpServer2 (HttpServer2.java:bindListener(1191)) - Jetty bound to port 40796
2019-09-17 05:39:24,649 [main] INFO  server.Server (Server.java:doStart(351)) - jetty-9.3.24.v20180605, build timestamp: 2018-06-05T17:11:56Z, git hash: 84205aa28f11a4f31f2a3b86d1bba2cc8ab69827
2019-09-17 05:39:24,651 [main] INFO  handler.ContextHandler (ContextHandler.java:doStart(781)) - Started o.e.j.s.ServletContextHandler@2fb082ff{/logs,file:///workdir/hadoop-ozone/integration-test/target/log,AVAILABLE}
2019-09-17 05:39:24,651 [main] INFO  handler.ContextHandler (ContextHandler.java:doStart(781)) - Started o.e.j.s.ServletContextHandler@668a32a4{/static,file:///workdir/hadoop-ozone/integration-test/target/test-classes/webapps/static,AVAILABLE}
2019-09-17 05:39:24,656 [main] INFO  handler.ContextHandler (ContextHandler.java:doStart(781)) - Started o.e.j.w.WebAppContext@61d2f267{/,file:///workdir/hadoop-ozone/integration-test/target/test-classes/webapps/ozoneManager/,AVAILABLE}{/ozoneManager}
2019-09-17 05:39:24,656 [main] INFO  server.AbstractConnector (AbstractConnector.java:doStart(278)) - Started ServerConnector@26d40c77{HTTP/1.1,[http/1.1]}{0.0.0.0:40796}
2019-09-17 05:39:24,657 [main] INFO  server.Server (Server.java:doStart(419)) - Started @664666ms
2019-09-17 05:39:24,657 [main] WARN  impl.MetricsSystemImpl (MetricsSystemImpl.java:register(276)) - Sink prometheus already exists!
2019-09-17 05:39:24,658 [main] INFO  server.BaseHttpServer (BaseHttpServer.java:updateConnectorAddress(215)) - HTTP server of OZONEMANAGER is listening at http://0.0.0.0:40796
2019-09-17 05:39:24,673 [main] INFO  impl.MetricsSystemImpl (MetricsSystemImpl.java:init(158)) - HddsDatanode metrics system started (again)
2019-09-17 05:39:24,677 [main] INFO  ozone.HddsDatanodeService (HddsDatanodeService.java:start(184)) - HddsDatanodeService host:trunk-nightly-20190917-29l5j-2509219610 ip:192.168.69.122
2019-09-17 05:39:24,683 [main] INFO  volume.HddsVolume (HddsVolume.java:<init>(176)) - Creating Volume: /workdir/hadoop-ozone/integration-test/target/test-dir/MiniOzoneClusterImpl-19ed16c9-28cb-4873-91f5-e899d205af27/datanode-0/data/containers/hdds of  storage type : DISK and capacity : 1482555576320
2019-09-17 05:39:24,684 [main] INFO  volume.VolumeSet (VolumeSet.java:initializeVolumeSet(170)) - Added Volume : /workdir/hadoop-ozone/integration-test/target/test-dir/MiniOzoneClusterImpl-19ed16c9-28cb-4873-91f5-e899d205af27/datanode-0/data/containers/hdds to VolumeSet
2019-09-17 05:39:24,684 [main] INFO  volume.ThrottledAsyncChecker (ThrottledAsyncChecker.java:schedule(139)) - Scheduling a check for org.apache.hadoop.ozone.container.common.volume.HddsVolume@7e848aea
2019-09-17 05:39:24,684 [main] INFO  volume.HddsVolumeChecker (HddsVolumeChecker.java:checkAllVolumes(202)) - Scheduled health check for volume org.apache.hadoop.ozone.container.common.volume.HddsVolume@7e848aea
2019-09-17 05:39:24,697 [main] INFO  impl.RaftServerProxy (ConfUtils.java:logGet(43)) - raft.rpc.type = GRPC (default)
2019-09-17 05:39:24,698 [main] INFO  grpc.GrpcFactory (GrpcFactory.java:checkPooledByteBufAllocatorUseCacheForAllThreads(45)) - PERFORMANCE WARNING: useCacheForAllThreads is true that may cause Netty to create a lot garbage objects and, as a result, trigger GC.
	It is recommended to disable useCacheForAllThreads by setting -Dorg.apache.ratis.thirdparty.io.netty.allocator.useCacheForAllThreads=false in command line.
2019-09-17 05:39:24,698 [main] INFO  grpc.GrpcConfigKeys$Server (ConfUtils.java:logGet(43)) - raft.grpc.server.port = 0 (default)
2019-09-17 05:39:24,698 [main] INFO  server.GrpcService (ConfUtils.java:logGet(43)) - raft.grpc.message.size.max = 33570816 (custom)
2019-09-17 05:39:24,698 [main] INFO  server.RaftServerConfigKeys (ConfUtils.java:logGet(43)) - raft.server.log.appender.buffer.byte-limit = 33554432 (custom)
2019-09-17 05:39:24,699 [main] INFO  server.GrpcService (ConfUtils.java:logGet(43)) - raft.grpc.flow.control.window = 1MB (=1048576) (default)
2019-09-17 05:39:24,699 [main] INFO  server.RaftServerConfigKeys (ConfUtils.java:logGet(43)) - raft.server.rpc.request.timeout = 3000ms (default)
2019-09-17 05:39:24,699 [main] INFO  server.RaftServerConfigKeys (ConfUtils.java:logGet(43)) - raft.server.storage.dir = [/workdir/hadoop-ozone/integration-test/target/test-dir/MiniOzoneClusterImpl-19ed16c9-28cb-4873-91f5-e899d205af27/datanode-0/data/ratis] (custom)
2019-09-17 05:39:24,701 [main] INFO  hdfs.DFSUtil (DFSUtil.java:httpServerTemplateForNNAndJN(1641)) - Starting Web-server for hddsDatanode at: http://0.0.0.0:0
2019-09-17 05:39:24,702 [main] INFO  server.AuthenticationFilter (AuthenticationFilter.java:constructSecretProvider(240)) - Unable to initialize FileSignerSecretProvider, falling back to use random secrets.
2019-09-17 05:39:24,702 [main] WARN  http.HttpRequestLog (HttpRequestLog.java:getRequestLog(97)) - Jetty request log can only be enabled using Log4j
2019-09-17 05:39:24,704 [main] INFO  http.HttpServer2 (HttpServer2.java:addGlobalFilter(975)) - Added global filter 'safety' (class=org.apache.hadoop.http.HttpServer2$QuotingInputFilter)
2019-09-17 05:39:24,704 [main] INFO  http.HttpServer2 (HttpServer2.java:addFilter(948)) - Added filter static_user_filter (class=org.apache.hadoop.http.lib.StaticUserWebFilter$StaticUserFilter) to context hddsDatanode
2019-09-17 05:39:24,704 [main] INFO  http.HttpServer2 (HttpServer2.java:addFilter(958)) - Added filter static_user_filter (class=org.apache.hadoop.http.lib.StaticUserWebFilter$StaticUserFilter) to context static
2019-09-17 05:39:24,705 [main] INFO  http.HttpServer2 (HttpServer2.java:addFilter(958)) - Added filter static_user_filter (class=org.apache.hadoop.http.lib.StaticUserWebFilter$StaticUserFilter) to context logs
2019-09-17 05:39:24,705 [main] INFO  http.HttpServer2 (HttpServer2.java:bindListener(1191)) - Jetty bound to port 39184
2019-09-17 05:39:24,705 [main] INFO  server.Server (Server.java:doStart(351)) - jetty-9.3.24.v20180605, build timestamp: 2018-06-05T17:11:56Z, git hash: 84205aa28f11a4f31f2a3b86d1bba2cc8ab69827
2019-09-17 05:39:24,707 [main] INFO  handler.ContextHandler (ContextHandler.java:doStart(781)) - Started o.e.j.s.ServletContextHandler@64dfb31d{/logs,file:///workdir/hadoop-ozone/integration-test/target/log,AVAILABLE}
2019-09-17 05:39:24,707 [main] INFO  handler.ContextHandler (ContextHandler.java:doStart(781)) - Started o.e.j.s.ServletContextHandler@17b6ad97{/static,jar:file:/home/user/.m2/repository/org/apache/hadoop/hadoop-hdds-container-service/0.5.0-SNAPSHOT/hadoop-hdds-container-service-0.5.0-SNAPSHOT.jar!/webapps/static,AVAILABLE}
2019-09-17 05:39:24,740 [main] INFO  handler.ContextHandler (ContextHandler.java:doStart(781)) - Started o.e.j.w.WebAppContext@29b5533{/,file:///tmp/jetty-0.0.0.0-39184-hddsDatanode-_-any-1222078391416499617.dir/webapp/,AVAILABLE}{/hddsDatanode}
2019-09-17 05:39:24,741 [main] INFO  server.AbstractConnector (AbstractConnector.java:doStart(278)) - Started ServerConnector@7608a838{HTTP/1.1,[http/1.1]}{0.0.0.0:39184}
2019-09-17 05:39:24,742 [main] INFO  server.Server (Server.java:doStart(419)) - Started @664750ms
2019-09-17 05:39:24,742 [main] WARN  impl.MetricsSystemImpl (MetricsSystemImpl.java:register(276)) - Sink prometheus already exists!
2019-09-17 05:39:24,743 [main] INFO  server.BaseHttpServer (BaseHttpServer.java:updateConnectorAddress(215)) - HTTP server of HDDSDATANODE is listening at http://0.0.0.0:39184
2019-09-17 05:39:24,743 [main] INFO  impl.MetricsSystemImpl (MetricsSystemImpl.java:init(158)) - HddsDatanode metrics system started (again)
2019-09-17 05:39:24,748 [org.apache.hadoop.util.JvmPauseMonitor$Monitor@14817876] INFO  util.JvmPauseMonitor (JvmPauseMonitor.java:run(188)) - Starting JVM pause monitor
2019-09-17 05:39:24,748 [main] INFO  ozone.HddsDatanodeService (HddsDatanodeService.java:start(184)) - HddsDatanodeService host:trunk-nightly-20190917-29l5j-2509219610 ip:192.168.69.122
2019-09-17 05:39:24,750 [Datanode State Machine Thread - 0] INFO  datanode.InitDatanodeState (InitDatanodeState.java:persistContainerDatanodeDetails(140)) - DatanodeDetails is persisted to /workdir/hadoop-ozone/integration-test/target/test-dir/MiniOzoneClusterImpl-19ed16c9-28cb-4873-91f5-e899d205af27/datanode-0/meta/datanode.id
2019-09-17 05:39:24,754 [main] INFO  volume.HddsVolume (HddsVolume.java:<init>(176)) - Creating Volume: /workdir/hadoop-ozone/integration-test/target/test-dir/MiniOzoneClusterImpl-19ed16c9-28cb-4873-91f5-e899d205af27/datanode-1/data/containers/hdds of  storage type : DISK and capacity : 1482555576320
2019-09-17 05:39:24,755 [main] INFO  volume.VolumeSet (VolumeSet.java:initializeVolumeSet(170)) - Added Volume : /workdir/hadoop-ozone/integration-test/target/test-dir/MiniOzoneClusterImpl-19ed16c9-28cb-4873-91f5-e899d205af27/datanode-1/data/containers/hdds to VolumeSet
2019-09-17 05:39:24,755 [main] INFO  volume.ThrottledAsyncChecker (ThrottledAsyncChecker.java:schedule(139)) - Scheduling a check for org.apache.hadoop.ozone.container.common.volume.HddsVolume@2ff498b0
2019-09-17 05:39:24,755 [main] INFO  volume.HddsVolumeChecker (HddsVolumeChecker.java:checkAllVolumes(202)) - Scheduled health check for volume org.apache.hadoop.ozone.container.common.volume.HddsVolume@2ff498b0
2019-09-17 05:39:24,774 [main] INFO  impl.RaftServerProxy (ConfUtils.java:logGet(43)) - raft.rpc.type = GRPC (default)
2019-09-17 05:39:24,774 [main] INFO  grpc.GrpcFactory (GrpcFactory.java:checkPooledByteBufAllocatorUseCacheForAllThreads(45)) - PERFORMANCE WARNING: useCacheForAllThreads is true that may cause Netty to create a lot garbage objects and, as a result, trigger GC.
	It is recommended to disable useCacheForAllThreads by setting -Dorg.apache.ratis.thirdparty.io.netty.allocator.useCacheForAllThreads=false in command line.
2019-09-17 05:39:24,774 [main] INFO  grpc.GrpcConfigKeys$Server (ConfUtils.java:logGet(43)) - raft.grpc.server.port = 0 (default)
2019-09-17 05:39:24,775 [main] INFO  server.GrpcService (ConfUtils.java:logGet(43)) - raft.grpc.message.size.max = 33570816 (custom)
2019-09-17 05:39:24,775 [main] INFO  server.RaftServerConfigKeys (ConfUtils.java:logGet(43)) - raft.server.log.appender.buffer.byte-limit = 33554432 (custom)
2019-09-17 05:39:24,775 [main] INFO  server.GrpcService (ConfUtils.java:logGet(43)) - raft.grpc.flow.control.window = 1MB (=1048576) (default)
2019-09-17 05:39:24,775 [main] INFO  server.RaftServerConfigKeys (ConfUtils.java:logGet(43)) - raft.server.rpc.request.timeout = 3000ms (default)
2019-09-17 05:39:24,776 [main] INFO  server.RaftServerConfigKeys (ConfUtils.java:logGet(43)) - raft.server.storage.dir = [/workdir/hadoop-ozone/integration-test/target/test-dir/MiniOzoneClusterImpl-19ed16c9-28cb-4873-91f5-e899d205af27/datanode-1/data/ratis] (custom)
2019-09-17 05:39:24,777 [main] INFO  hdfs.DFSUtil (DFSUtil.java:httpServerTemplateForNNAndJN(1641)) - Starting Web-server for hddsDatanode at: http://0.0.0.0:0
2019-09-17 05:39:24,778 [main] INFO  server.AuthenticationFilter (AuthenticationFilter.java:constructSecretProvider(240)) - Unable to initialize FileSignerSecretProvider, falling back to use random secrets.
2019-09-17 05:39:24,779 [main] WARN  http.HttpRequestLog (HttpRequestLog.java:getRequestLog(97)) - Jetty request log can only be enabled using Log4j
2019-09-17 05:39:24,780 [main] INFO  http.HttpServer2 (HttpServer2.java:addGlobalFilter(975)) - Added global filter 'safety' (class=org.apache.hadoop.http.HttpServer2$QuotingInputFilter)
2019-09-17 05:39:24,781 [main] INFO  http.HttpServer2 (HttpServer2.java:addFilter(948)) - Added filter static_user_filter (class=org.apache.hadoop.http.lib.StaticUserWebFilter$StaticUserFilter) to context hddsDatanode
2019-09-17 05:39:24,781 [main] INFO  http.HttpServer2 (HttpServer2.java:addFilter(958)) - Added filter static_user_filter (class=org.apache.hadoop.http.lib.StaticUserWebFilter$StaticUserFilter) to context logs
2019-09-17 05:39:24,781 [main] INFO  http.HttpServer2 (HttpServer2.java:addFilter(958)) - Added filter static_user_filter (class=org.apache.hadoop.http.lib.StaticUserWebFilter$StaticUserFilter) to context static
2019-09-17 05:39:24,782 [main] INFO  http.HttpServer2 (HttpServer2.java:bindListener(1191)) - Jetty bound to port 33168
2019-09-17 05:39:24,782 [main] INFO  server.Server (Server.java:doStart(351)) - jetty-9.3.24.v20180605, build timestamp: 2018-06-05T17:11:56Z, git hash: 84205aa28f11a4f31f2a3b86d1bba2cc8ab69827
2019-09-17 05:39:24,783 [main] INFO  handler.ContextHandler (ContextHandler.java:doStart(781)) - Started o.e.j.s.ServletContextHandler@6b2ef50e{/logs,file:///workdir/hadoop-ozone/integration-test/target/log,AVAILABLE}
2019-09-17 05:39:24,783 [main] INFO  handler.ContextHandler (ContextHandler.java:doStart(781)) - Started o.e.j.s.ServletContextHandler@4b5ad306{/static,jar:file:/home/user/.m2/repository/org/apache/hadoop/hadoop-hdds-container-service/0.5.0-SNAPSHOT/hadoop-hdds-container-service-0.5.0-SNAPSHOT.jar!/webapps/static,AVAILABLE}
2019-09-17 05:39:24,822 [main] INFO  handler.ContextHandler (ContextHandler.java:doStart(781)) - Started o.e.j.w.WebAppContext@6ef1c3f7{/,file:///tmp/jetty-0.0.0.0-33168-hddsDatanode-_-any-5370290925422195805.dir/webapp/,AVAILABLE}{/hddsDatanode}
2019-09-17 05:39:24,822 [main] INFO  server.AbstractConnector (AbstractConnector.java:doStart(278)) - Started ServerConnector@3386c206{HTTP/1.1,[http/1.1]}{0.0.0.0:33168}
2019-09-17 05:39:24,823 [main] INFO  server.Server (Server.java:doStart(419)) - Started @664832ms
2019-09-17 05:39:24,824 [main] WARN  impl.MetricsSystemImpl (MetricsSystemImpl.java:register(276)) - Sink prometheus already exists!
2019-09-17 05:39:24,825 [main] INFO  server.BaseHttpServer (BaseHttpServer.java:updateConnectorAddress(215)) - HTTP server of HDDSDATANODE is listening at http://0.0.0.0:33168
2019-09-17 05:39:24,825 [main] INFO  impl.MetricsSystemImpl (MetricsSystemImpl.java:init(158)) - HddsDatanode metrics system started (again)
2019-09-17 05:39:24,831 [org.apache.hadoop.util.JvmPauseMonitor$Monitor@7ae7b3ff] INFO  util.JvmPauseMonitor (JvmPauseMonitor.java:run(188)) - Starting JVM pause monitor
2019-09-17 05:39:24,833 [main] INFO  ozone.HddsDatanodeService (HddsDatanodeService.java:start(184)) - HddsDatanodeService host:trunk-nightly-20190917-29l5j-2509219610 ip:192.168.69.122
2019-09-17 05:39:24,833 [Datanode State Machine Thread - 0] INFO  datanode.InitDatanodeState (InitDatanodeState.java:persistContainerDatanodeDetails(140)) - DatanodeDetails is persisted to /workdir/hadoop-ozone/integration-test/target/test-dir/MiniOzoneClusterImpl-19ed16c9-28cb-4873-91f5-e899d205af27/datanode-1/meta/datanode.id
2019-09-17 05:39:24,839 [main] INFO  volume.HddsVolume (HddsVolume.java:<init>(176)) - Creating Volume: /workdir/hadoop-ozone/integration-test/target/test-dir/MiniOzoneClusterImpl-19ed16c9-28cb-4873-91f5-e899d205af27/datanode-2/data/containers/hdds of  storage type : DISK and capacity : 1482555576320
2019-09-17 05:39:24,839 [main] INFO  volume.VolumeSet (VolumeSet.java:initializeVolumeSet(170)) - Added Volume : /workdir/hadoop-ozone/integration-test/target/test-dir/MiniOzoneClusterImpl-19ed16c9-28cb-4873-91f5-e899d205af27/datanode-2/data/containers/hdds to VolumeSet
2019-09-17 05:39:24,839 [main] INFO  volume.ThrottledAsyncChecker (ThrottledAsyncChecker.java:schedule(139)) - Scheduling a check for org.apache.hadoop.ozone.container.common.volume.HddsVolume@2b3f7704
2019-09-17 05:39:24,840 [main] INFO  volume.HddsVolumeChecker (HddsVolumeChecker.java:checkAllVolumes(202)) - Scheduled health check for volume org.apache.hadoop.ozone.container.common.volume.HddsVolume@2b3f7704
2019-09-17 05:39:24,858 [main] INFO  impl.RaftServerProxy (ConfUtils.java:logGet(43)) - raft.rpc.type = GRPC (default)
2019-09-17 05:39:24,858 [main] INFO  grpc.GrpcFactory (GrpcFactory.java:checkPooledByteBufAllocatorUseCacheForAllThreads(45)) - PERFORMANCE WARNING: useCacheForAllThreads is true that may cause Netty to create a lot garbage objects and, as a result, trigger GC.
	It is recommended to disable useCacheForAllThreads by setting -Dorg.apache.ratis.thirdparty.io.netty.allocator.useCacheForAllThreads=false in command line.
2019-09-17 05:39:24,858 [main] INFO  grpc.GrpcConfigKeys$Server (ConfUtils.java:logGet(43)) - raft.grpc.server.port = 0 (default)
2019-09-17 05:39:24,858 [main] INFO  server.GrpcService (ConfUtils.java:logGet(43)) - raft.grpc.message.size.max = 33570816 (custom)
2019-09-17 05:39:24,859 [main] INFO  server.RaftServerConfigKeys (ConfUtils.java:logGet(43)) - raft.server.log.appender.buffer.byte-limit = 33554432 (custom)
2019-09-17 05:39:24,859 [main] INFO  server.GrpcService (ConfUtils.java:logGet(43)) - raft.grpc.flow.control.window = 1MB (=1048576) (default)
2019-09-17 05:39:24,859 [main] INFO  server.RaftServerConfigKeys (ConfUtils.java:logGet(43)) - raft.server.rpc.request.timeout = 3000ms (default)
2019-09-17 05:39:24,860 [main] INFO  server.RaftServerConfigKeys (ConfUtils.java:logGet(43)) - raft.server.storage.dir = [/workdir/hadoop-ozone/integration-test/target/test-dir/MiniOzoneClusterImpl-19ed16c9-28cb-4873-91f5-e899d205af27/datanode-2/data/ratis] (custom)
2019-09-17 05:39:24,861 [main] INFO  hdfs.DFSUtil (DFSUtil.java:httpServerTemplateForNNAndJN(1641)) - Starting Web-server for hddsDatanode at: http://0.0.0.0:0
2019-09-17 05:39:24,862 [main] INFO  server.AuthenticationFilter (AuthenticationFilter.java:constructSecretProvider(240)) - Unable to initialize FileSignerSecretProvider, falling back to use random secrets.
2019-09-17 05:39:24,863 [main] WARN  http.HttpRequestLog (HttpRequestLog.java:getRequestLog(97)) - Jetty request log can only be enabled using Log4j
2019-09-17 05:39:24,864 [main] INFO  http.HttpServer2 (HttpServer2.java:addGlobalFilter(975)) - Added global filter 'safety' (class=org.apache.hadoop.http.HttpServer2$QuotingInputFilter)
2019-09-17 05:39:24,865 [main] INFO  http.HttpServer2 (HttpServer2.java:addFilter(948)) - Added filter static_user_filter (class=org.apache.hadoop.http.lib.StaticUserWebFilter$StaticUserFilter) to context hddsDatanode
2019-09-17 05:39:24,865 [main] INFO  http.HttpServer2 (HttpServer2.java:addFilter(958)) - Added filter static_user_filter (class=org.apache.hadoop.http.lib.StaticUserWebFilter$StaticUserFilter) to context static
2019-09-17 05:39:24,865 [main] INFO  http.HttpServer2 (HttpServer2.java:addFilter(958)) - Added filter static_user_filter (class=org.apache.hadoop.http.lib.StaticUserWebFilter$StaticUserFilter) to context logs
2019-09-17 05:39:24,866 [main] INFO  http.HttpServer2 (HttpServer2.java:bindListener(1191)) - Jetty bound to port 44451
2019-09-17 05:39:24,866 [main] INFO  server.Server (Server.java:doStart(351)) - jetty-9.3.24.v20180605, build timestamp: 2018-06-05T17:11:56Z, git hash: 84205aa28f11a4f31f2a3b86d1bba2cc8ab69827
2019-09-17 05:39:24,867 [main] INFO  handler.ContextHandler (ContextHandler.java:doStart(781)) - Started o.e.j.s.ServletContextHandler@308e87a1{/logs,file:///workdir/hadoop-ozone/integration-test/target/log,AVAILABLE}
2019-09-17 05:39:24,868 [main] INFO  handler.ContextHandler (ContextHandler.java:doStart(781)) - Started o.e.j.s.ServletContextHandler@c262f2f{/static,jar:file:/home/user/.m2/repository/org/apache/hadoop/hadoop-hdds-container-service/0.5.0-SNAPSHOT/hadoop-hdds-container-service-0.5.0-SNAPSHOT.jar!/webapps/static,AVAILABLE}
2019-09-17 05:39:24,900 [main] INFO  handler.ContextHandler (ContextHandler.java:doStart(781)) - Started o.e.j.w.WebAppContext@51f01535{/,file:///tmp/jetty-0.0.0.0-44451-hddsDatanode-_-any-368659624039090582.dir/webapp/,AVAILABLE}{/hddsDatanode}
2019-09-17 05:39:24,901 [main] INFO  server.AbstractConnector (AbstractConnector.java:doStart(278)) - Started ServerConnector@2321e482{HTTP/1.1,[http/1.1]}{0.0.0.0:44451}
2019-09-17 05:39:24,902 [main] INFO  server.Server (Server.java:doStart(419)) - Started @664910ms
2019-09-17 05:39:24,902 [main] WARN  impl.MetricsSystemImpl (MetricsSystemImpl.java:register(276)) - Sink prometheus already exists!
2019-09-17 05:39:24,902 [main] INFO  server.BaseHttpServer (BaseHttpServer.java:updateConnectorAddress(215)) - HTTP server of HDDSDATANODE is listening at http://0.0.0.0:44451
2019-09-17 05:39:24,903 [main] INFO  impl.MetricsSystemImpl (MetricsSystemImpl.java:init(158)) - HddsDatanode metrics system started (again)
2019-09-17 05:39:24,908 [org.apache.hadoop.util.JvmPauseMonitor$Monitor@315daa7d] INFO  util.JvmPauseMonitor (JvmPauseMonitor.java:run(188)) - Starting JVM pause monitor
2019-09-17 05:39:24,908 [main] INFO  ozone.HddsDatanodeService (HddsDatanodeService.java:start(184)) - HddsDatanodeService host:trunk-nightly-20190917-29l5j-2509219610 ip:192.168.69.122
2019-09-17 05:39:24,909 [Datanode State Machine Thread - 0] INFO  datanode.InitDatanodeState (InitDatanodeState.java:persistContainerDatanodeDetails(140)) - DatanodeDetails is persisted to /workdir/hadoop-ozone/integration-test/target/test-dir/MiniOzoneClusterImpl-19ed16c9-28cb-4873-91f5-e899d205af27/datanode-2/meta/datanode.id
2019-09-17 05:39:24,914 [main] INFO  volume.HddsVolume (HddsVolume.java:<init>(176)) - Creating Volume: /workdir/hadoop-ozone/integration-test/target/test-dir/MiniOzoneClusterImpl-19ed16c9-28cb-4873-91f5-e899d205af27/datanode-3/data/containers/hdds of  storage type : DISK and capacity : 1482555576320
2019-09-17 05:39:24,914 [main] INFO  volume.VolumeSet (VolumeSet.java:initializeVolumeSet(170)) - Added Volume : /workdir/hadoop-ozone/integration-test/target/test-dir/MiniOzoneClusterImpl-19ed16c9-28cb-4873-91f5-e899d205af27/datanode-3/data/containers/hdds to VolumeSet
2019-09-17 05:39:24,915 [main] INFO  volume.ThrottledAsyncChecker (ThrottledAsyncChecker.java:schedule(139)) - Scheduling a check for org.apache.hadoop.ozone.container.common.volume.HddsVolume@cec590c
2019-09-17 05:39:24,915 [main] INFO  volume.HddsVolumeChecker (HddsVolumeChecker.java:checkAllVolumes(202)) - Scheduled health check for volume org.apache.hadoop.ozone.container.common.volume.HddsVolume@cec590c
2019-09-17 05:39:24,928 [main] INFO  impl.RaftServerProxy (ConfUtils.java:logGet(43)) - raft.rpc.type = GRPC (default)
2019-09-17 05:39:24,928 [main] INFO  grpc.GrpcFactory (GrpcFactory.java:checkPooledByteBufAllocatorUseCacheForAllThreads(45)) - PERFORMANCE WARNING: useCacheForAllThreads is true that may cause Netty to create a lot garbage objects and, as a result, trigger GC.
	It is recommended to disable useCacheForAllThreads by setting -Dorg.apache.ratis.thirdparty.io.netty.allocator.useCacheForAllThreads=false in command line.
2019-09-17 05:39:24,928 [main] INFO  grpc.GrpcConfigKeys$Server (ConfUtils.java:logGet(43)) - raft.grpc.server.port = 0 (default)
2019-09-17 05:39:24,928 [main] INFO  server.GrpcService (ConfUtils.java:logGet(43)) - raft.grpc.message.size.max = 33570816 (custom)
2019-09-17 05:39:24,929 [main] INFO  server.RaftServerConfigKeys (ConfUtils.java:logGet(43)) - raft.server.log.appender.buffer.byte-limit = 33554432 (custom)
2019-09-17 05:39:24,929 [main] INFO  server.GrpcService (ConfUtils.java:logGet(43)) - raft.grpc.flow.control.window = 1MB (=1048576) (default)
2019-09-17 05:39:24,929 [main] INFO  server.RaftServerConfigKeys (ConfUtils.java:logGet(43)) - raft.server.rpc.request.timeout = 3000ms (default)
2019-09-17 05:39:24,929 [main] INFO  server.RaftServerConfigKeys (ConfUtils.java:logGet(43)) - raft.server.storage.dir = [/workdir/hadoop-ozone/integration-test/target/test-dir/MiniOzoneClusterImpl-19ed16c9-28cb-4873-91f5-e899d205af27/datanode-3/data/ratis] (custom)
2019-09-17 05:39:24,930 [main] INFO  hdfs.DFSUtil (DFSUtil.java:httpServerTemplateForNNAndJN(1641)) - Starting Web-server for hddsDatanode at: http://0.0.0.0:0
2019-09-17 05:39:24,931 [main] INFO  server.AuthenticationFilter (AuthenticationFilter.java:constructSecretProvider(240)) - Unable to initialize FileSignerSecretProvider, falling back to use random secrets.
2019-09-17 05:39:24,932 [main] WARN  http.HttpRequestLog (HttpRequestLog.java:getRequestLog(97)) - Jetty request log can only be enabled using Log4j
2019-09-17 05:39:24,933 [main] INFO  http.HttpServer2 (HttpServer2.java:addGlobalFilter(975)) - Added global filter 'safety' (class=org.apache.hadoop.http.HttpServer2$QuotingInputFilter)
2019-09-17 05:39:24,933 [main] INFO  http.HttpServer2 (HttpServer2.java:addFilter(948)) - Added filter static_user_filter (class=org.apache.hadoop.http.lib.StaticUserWebFilter$StaticUserFilter) to context hddsDatanode
2019-09-17 05:39:24,933 [main] INFO  http.HttpServer2 (HttpServer2.java:addFilter(958)) - Added filter static_user_filter (class=org.apache.hadoop.http.lib.StaticUserWebFilter$StaticUserFilter) to context static
2019-09-17 05:39:24,933 [main] INFO  http.HttpServer2 (HttpServer2.java:addFilter(958)) - Added filter static_user_filter (class=org.apache.hadoop.http.lib.StaticUserWebFilter$StaticUserFilter) to context logs
2019-09-17 05:39:24,934 [main] INFO  http.HttpServer2 (HttpServer2.java:bindListener(1191)) - Jetty bound to port 37876
2019-09-17 05:39:24,934 [main] INFO  server.Server (Server.java:doStart(351)) - jetty-9.3.24.v20180605, build timestamp: 2018-06-05T17:11:56Z, git hash: 84205aa28f11a4f31f2a3b86d1bba2cc8ab69827
2019-09-17 05:39:24,935 [main] INFO  handler.ContextHandler (ContextHandler.java:doStart(781)) - Started o.e.j.s.ServletContextHandler@5c33008f{/logs,file:///workdir/hadoop-ozone/integration-test/target/log,AVAILABLE}
2019-09-17 05:39:24,936 [main] INFO  handler.ContextHandler (ContextHandler.java:doStart(781)) - Started o.e.j.s.ServletContextHandler@30517a57{/static,jar:file:/home/user/.m2/repository/org/apache/hadoop/hadoop-hdds-container-service/0.5.0-SNAPSHOT/hadoop-hdds-container-service-0.5.0-SNAPSHOT.jar!/webapps/static,AVAILABLE}
2019-09-17 05:39:24,963 [main] INFO  handler.ContextHandler (ContextHandler.java:doStart(781)) - Started o.e.j.w.WebAppContext@67c21bf{/,file:///tmp/jetty-0.0.0.0-37876-hddsDatanode-_-any-3584054645879135837.dir/webapp/,AVAILABLE}{/hddsDatanode}
2019-09-17 05:39:24,963 [main] INFO  server.AbstractConnector (AbstractConnector.java:doStart(278)) - Started ServerConnector@67afe909{HTTP/1.1,[http/1.1]}{0.0.0.0:37876}
2019-09-17 05:39:24,963 [main] INFO  server.Server (Server.java:doStart(419)) - Started @664972ms
2019-09-17 05:39:24,965 [main] WARN  impl.MetricsSystemImpl (MetricsSystemImpl.java:register(276)) - Sink prometheus already exists!
2019-09-17 05:39:24,965 [main] INFO  server.BaseHttpServer (BaseHttpServer.java:updateConnectorAddress(215)) - HTTP server of HDDSDATANODE is listening at http://0.0.0.0:37876
2019-09-17 05:39:24,965 [main] INFO  impl.MetricsSystemImpl (MetricsSystemImpl.java:init(158)) - HddsDatanode metrics system started (again)
2019-09-17 05:39:24,971 [org.apache.hadoop.util.JvmPauseMonitor$Monitor@57894fc7] INFO  util.JvmPauseMonitor (JvmPauseMonitor.java:run(188)) - Starting JVM pause monitor
2019-09-17 05:39:24,971 [main] INFO  ozone.HddsDatanodeService (HddsDatanodeService.java:start(184)) - HddsDatanodeService host:trunk-nightly-20190917-29l5j-2509219610 ip:192.168.69.122
2019-09-17 05:39:24,972 [Datanode State Machine Thread - 0] INFO  datanode.InitDatanodeState (InitDatanodeState.java:persistContainerDatanodeDetails(140)) - DatanodeDetails is persisted to /workdir/hadoop-ozone/integration-test/target/test-dir/MiniOzoneClusterImpl-19ed16c9-28cb-4873-91f5-e899d205af27/datanode-3/meta/datanode.id
2019-09-17 05:39:24,977 [main] INFO  volume.HddsVolume (HddsVolume.java:<init>(176)) - Creating Volume: /workdir/hadoop-ozone/integration-test/target/test-dir/MiniOzoneClusterImpl-19ed16c9-28cb-4873-91f5-e899d205af27/datanode-4/data/containers/hdds of  storage type : DISK and capacity : 1482555576320
2019-09-17 05:39:24,977 [main] INFO  volume.VolumeSet (VolumeSet.java:initializeVolumeSet(170)) - Added Volume : /workdir/hadoop-ozone/integration-test/target/test-dir/MiniOzoneClusterImpl-19ed16c9-28cb-4873-91f5-e899d205af27/datanode-4/data/containers/hdds to VolumeSet
2019-09-17 05:39:24,977 [main] INFO  volume.ThrottledAsyncChecker (ThrottledAsyncChecker.java:schedule(139)) - Scheduling a check for org.apache.hadoop.ozone.container.common.volume.HddsVolume@3d033453
2019-09-17 05:39:24,978 [main] INFO  volume.HddsVolumeChecker (HddsVolumeChecker.java:checkAllVolumes(202)) - Scheduled health check for volume org.apache.hadoop.ozone.container.common.volume.HddsVolume@3d033453
2019-09-17 05:39:24,990 [main] INFO  impl.RaftServerProxy (ConfUtils.java:logGet(43)) - raft.rpc.type = GRPC (default)
2019-09-17 05:39:24,990 [main] INFO  grpc.GrpcFactory (GrpcFactory.java:checkPooledByteBufAllocatorUseCacheForAllThreads(45)) - PERFORMANCE WARNING: useCacheForAllThreads is true that may cause Netty to create a lot garbage objects and, as a result, trigger GC.
	It is recommended to disable useCacheForAllThreads by setting -Dorg.apache.ratis.thirdparty.io.netty.allocator.useCacheForAllThreads=false in command line.
2019-09-17 05:39:24,990 [main] INFO  grpc.GrpcConfigKeys$Server (ConfUtils.java:logGet(43)) - raft.grpc.server.port = 0 (default)
2019-09-17 05:39:24,990 [main] INFO  server.GrpcService (ConfUtils.java:logGet(43)) - raft.grpc.message.size.max = 33570816 (custom)
2019-09-17 05:39:24,990 [main] INFO  server.RaftServerConfigKeys (ConfUtils.java:logGet(43)) - raft.server.log.appender.buffer.byte-limit = 33554432 (custom)
2019-09-17 05:39:24,990 [main] INFO  server.GrpcService (ConfUtils.java:logGet(43)) - raft.grpc.flow.control.window = 1MB (=1048576) (default)
2019-09-17 05:39:24,991 [main] INFO  server.RaftServerConfigKeys (ConfUtils.java:logGet(43)) - raft.server.rpc.request.timeout = 3000ms (default)
2019-09-17 05:39:24,991 [main] INFO  server.RaftServerConfigKeys (ConfUtils.java:logGet(43)) - raft.server.storage.dir = [/workdir/hadoop-ozone/integration-test/target/test-dir/MiniOzoneClusterImpl-19ed16c9-28cb-4873-91f5-e899d205af27/datanode-4/data/ratis] (custom)
2019-09-17 05:39:24,992 [main] INFO  hdfs.DFSUtil (DFSUtil.java:httpServerTemplateForNNAndJN(1641)) - Starting Web-server for hddsDatanode at: http://0.0.0.0:0
2019-09-17 05:39:24,993 [main] INFO  server.AuthenticationFilter (AuthenticationFilter.java:constructSecretProvider(240)) - Unable to initialize FileSignerSecretProvider, falling back to use random secrets.
2019-09-17 05:39:24,993 [main] WARN  http.HttpRequestLog (HttpRequestLog.java:getRequestLog(97)) - Jetty request log can only be enabled using Log4j
2019-09-17 05:39:24,994 [main] INFO  http.HttpServer2 (HttpServer2.java:addGlobalFilter(975)) - Added global filter 'safety' (class=org.apache.hadoop.http.HttpServer2$QuotingInputFilter)
2019-09-17 05:39:24,995 [main] INFO  http.HttpServer2 (HttpServer2.java:addFilter(948)) - Added filter static_user_filter (class=org.apache.hadoop.http.lib.StaticUserWebFilter$StaticUserFilter) to context hddsDatanode
2019-09-17 05:39:24,995 [main] INFO  http.HttpServer2 (HttpServer2.java:addFilter(958)) - Added filter static_user_filter (class=org.apache.hadoop.http.lib.StaticUserWebFilter$StaticUserFilter) to context static
2019-09-17 05:39:24,995 [main] INFO  http.HttpServer2 (HttpServer2.java:addFilter(958)) - Added filter static_user_filter (class=org.apache.hadoop.http.lib.StaticUserWebFilter$StaticUserFilter) to context logs
2019-09-17 05:39:24,995 [main] INFO  http.HttpServer2 (HttpServer2.java:bindListener(1191)) - Jetty bound to port 37508
2019-09-17 05:39:24,996 [main] INFO  server.Server (Server.java:doStart(351)) - jetty-9.3.24.v20180605, build timestamp: 2018-06-05T17:11:56Z, git hash: 84205aa28f11a4f31f2a3b86d1bba2cc8ab69827
2019-09-17 05:39:24,997 [main] INFO  handler.ContextHandler (ContextHandler.java:doStart(781)) - Started o.e.j.s.ServletContextHandler@4d290757{/logs,file:///workdir/hadoop-ozone/integration-test/target/log,AVAILABLE}
2019-09-17 05:39:24,997 [main] INFO  handler.ContextHandler (ContextHandler.java:doStart(781)) - Started o.e.j.s.ServletContextHandler@5ab7ac02{/static,jar:file:/home/user/.m2/repository/org/apache/hadoop/hadoop-hdds-container-service/0.5.0-SNAPSHOT/hadoop-hdds-container-service-0.5.0-SNAPSHOT.jar!/webapps/static,AVAILABLE}
2019-09-17 05:39:25,026 [main] INFO  handler.ContextHandler (ContextHandler.java:doStart(781)) - Started o.e.j.w.WebAppContext@6736f40f{/,file:///tmp/jetty-0.0.0.0-37508-hddsDatanode-_-any-7968543682875437201.dir/webapp/,AVAILABLE}{/hddsDatanode}
2019-09-17 05:39:25,026 [main] INFO  server.AbstractConnector (AbstractConnector.java:doStart(278)) - Started ServerConnector@12f9f896{HTTP/1.1,[http/1.1]}{0.0.0.0:37508}
2019-09-17 05:39:25,026 [main] INFO  server.Server (Server.java:doStart(419)) - Started @665035ms
2019-09-17 05:39:25,028 [main] WARN  impl.MetricsSystemImpl (MetricsSystemImpl.java:register(276)) - Sink prometheus already exists!
2019-09-17 05:39:25,029 [main] INFO  server.BaseHttpServer (BaseHttpServer.java:updateConnectorAddress(215)) - HTTP server of HDDSDATANODE is listening at http://0.0.0.0:37508
2019-09-17 05:39:25,029 [main] INFO  impl.MetricsSystemImpl (MetricsSystemImpl.java:init(158)) - HddsDatanode metrics system started (again)
2019-09-17 05:39:25,035 [org.apache.hadoop.util.JvmPauseMonitor$Monitor@31107d7e] INFO  util.JvmPauseMonitor (JvmPauseMonitor.java:run(188)) - Starting JVM pause monitor
2019-09-17 05:39:25,035 [main] INFO  ozone.HddsDatanodeService (HddsDatanodeService.java:start(184)) - HddsDatanodeService host:trunk-nightly-20190917-29l5j-2509219610 ip:192.168.69.122
2019-09-17 05:39:25,036 [Datanode State Machine Thread - 0] INFO  datanode.InitDatanodeState (InitDatanodeState.java:persistContainerDatanodeDetails(140)) - DatanodeDetails is persisted to /workdir/hadoop-ozone/integration-test/target/test-dir/MiniOzoneClusterImpl-19ed16c9-28cb-4873-91f5-e899d205af27/datanode-4/meta/datanode.id
2019-09-17 05:39:25,041 [main] INFO  volume.HddsVolume (HddsVolume.java:<init>(176)) - Creating Volume: /workdir/hadoop-ozone/integration-test/target/test-dir/MiniOzoneClusterImpl-19ed16c9-28cb-4873-91f5-e899d205af27/datanode-5/data/containers/hdds of  storage type : DISK and capacity : 1482555576320
2019-09-17 05:39:25,041 [main] INFO  volume.VolumeSet (VolumeSet.java:initializeVolumeSet(170)) - Added Volume : /workdir/hadoop-ozone/integration-test/target/test-dir/MiniOzoneClusterImpl-19ed16c9-28cb-4873-91f5-e899d205af27/datanode-5/data/containers/hdds to VolumeSet
2019-09-17 05:39:25,042 [main] INFO  volume.ThrottledAsyncChecker (ThrottledAsyncChecker.java:schedule(139)) - Scheduling a check for org.apache.hadoop.ozone.container.common.volume.HddsVolume@28831d69
2019-09-17 05:39:25,042 [main] INFO  volume.HddsVolumeChecker (HddsVolumeChecker.java:checkAllVolumes(202)) - Scheduled health check for volume org.apache.hadoop.ozone.container.common.volume.HddsVolume@28831d69
2019-09-17 05:39:25,054 [main] INFO  impl.RaftServerProxy (ConfUtils.java:logGet(43)) - raft.rpc.type = GRPC (default)
2019-09-17 05:39:25,054 [main] INFO  grpc.GrpcFactory (GrpcFactory.java:checkPooledByteBufAllocatorUseCacheForAllThreads(45)) - PERFORMANCE WARNING: useCacheForAllThreads is true that may cause Netty to create a lot garbage objects and, as a result, trigger GC.
	It is recommended to disable useCacheForAllThreads by setting -Dorg.apache.ratis.thirdparty.io.netty.allocator.useCacheForAllThreads=false in command line.
2019-09-17 05:39:25,055 [main] INFO  grpc.GrpcConfigKeys$Server (ConfUtils.java:logGet(43)) - raft.grpc.server.port = 0 (default)
2019-09-17 05:39:25,055 [main] INFO  server.GrpcService (ConfUtils.java:logGet(43)) - raft.grpc.message.size.max = 33570816 (custom)
2019-09-17 05:39:25,055 [main] INFO  server.RaftServerConfigKeys (ConfUtils.java:logGet(43)) - raft.server.log.appender.buffer.byte-limit = 33554432 (custom)
2019-09-17 05:39:25,055 [main] INFO  server.GrpcService (ConfUtils.java:logGet(43)) - raft.grpc.flow.control.window = 1MB (=1048576) (default)
2019-09-17 05:39:25,055 [main] INFO  server.RaftServerConfigKeys (ConfUtils.java:logGet(43)) - raft.server.rpc.request.timeout = 3000ms (default)
2019-09-17 05:39:25,056 [main] INFO  server.RaftServerConfigKeys (ConfUtils.java:logGet(43)) - raft.server.storage.dir = [/workdir/hadoop-ozone/integration-test/target/test-dir/MiniOzoneClusterImpl-19ed16c9-28cb-4873-91f5-e899d205af27/datanode-5/data/ratis] (custom)
2019-09-17 05:39:25,057 [main] INFO  hdfs.DFSUtil (DFSUtil.java:httpServerTemplateForNNAndJN(1641)) - Starting Web-server for hddsDatanode at: http://0.0.0.0:0
2019-09-17 05:39:25,058 [main] INFO  server.AuthenticationFilter (AuthenticationFilter.java:constructSecretProvider(240)) - Unable to initialize FileSignerSecretProvider, falling back to use random secrets.
2019-09-17 05:39:25,058 [main] WARN  http.HttpRequestLog (HttpRequestLog.java:getRequestLog(97)) - Jetty request log can only be enabled using Log4j
2019-09-17 05:39:25,059 [main] INFO  http.HttpServer2 (HttpServer2.java:addGlobalFilter(975)) - Added global filter 'safety' (class=org.apache.hadoop.http.HttpServer2$QuotingInputFilter)
2019-09-17 05:39:25,060 [main] INFO  http.HttpServer2 (HttpServer2.java:addFilter(948)) - Added filter static_user_filter (class=org.apache.hadoop.http.lib.StaticUserWebFilter$StaticUserFilter) to context hddsDatanode
2019-09-17 05:39:25,060 [main] INFO  http.HttpServer2 (HttpServer2.java:addFilter(958)) - Added filter static_user_filter (class=org.apache.hadoop.http.lib.StaticUserWebFilter$StaticUserFilter) to context logs
2019-09-17 05:39:25,060 [main] INFO  http.HttpServer2 (HttpServer2.java:addFilter(958)) - Added filter static_user_filter (class=org.apache.hadoop.http.lib.StaticUserWebFilter$StaticUserFilter) to context static
2019-09-17 05:39:25,061 [main] INFO  http.HttpServer2 (HttpServer2.java:bindListener(1191)) - Jetty bound to port 41418
2019-09-17 05:39:25,061 [main] INFO  server.Server (Server.java:doStart(351)) - jetty-9.3.24.v20180605, build timestamp: 2018-06-05T17:11:56Z, git hash: 84205aa28f11a4f31f2a3b86d1bba2cc8ab69827
2019-09-17 05:39:25,062 [main] INFO  handler.ContextHandler (ContextHandler.java:doStart(781)) - Started o.e.j.s.ServletContextHandler@f849027{/logs,file:///workdir/hadoop-ozone/integration-test/target/log,AVAILABLE}
2019-09-17 05:39:25,062 [main] INFO  handler.ContextHandler (ContextHandler.java:doStart(781)) - Started o.e.j.s.ServletContextHandler@75e0a54c{/static,jar:file:/home/user/.m2/repository/org/apache/hadoop/hadoop-hdds-container-service/0.5.0-SNAPSHOT/hadoop-hdds-container-service-0.5.0-SNAPSHOT.jar!/webapps/static,AVAILABLE}
2019-09-17 05:39:25,089 [main] INFO  handler.ContextHandler (ContextHandler.java:doStart(781)) - Started o.e.j.w.WebAppContext@3dc46f24{/,file:///tmp/jetty-0.0.0.0-41418-hddsDatanode-_-any-1940329193729230996.dir/webapp/,AVAILABLE}{/hddsDatanode}
2019-09-17 05:39:25,089 [main] INFO  server.AbstractConnector (AbstractConnector.java:doStart(278)) - Started ServerConnector@76af34b5{HTTP/1.1,[http/1.1]}{0.0.0.0:41418}
2019-09-17 05:39:25,091 [main] INFO  server.Server (Server.java:doStart(419)) - Started @665099ms
2019-09-17 05:39:25,091 [main] WARN  impl.MetricsSystemImpl (MetricsSystemImpl.java:register(276)) - Sink prometheus already exists!
2019-09-17 05:39:25,091 [main] INFO  server.BaseHttpServer (BaseHttpServer.java:updateConnectorAddress(215)) - HTTP server of HDDSDATANODE is listening at http://0.0.0.0:41418
2019-09-17 05:39:25,092 [main] INFO  impl.MetricsSystemImpl (MetricsSystemImpl.java:init(158)) - HddsDatanode metrics system started (again)
2019-09-17 05:39:25,098 [org.apache.hadoop.util.JvmPauseMonitor$Monitor@32d9587c] INFO  util.JvmPauseMonitor (JvmPauseMonitor.java:run(188)) - Starting JVM pause monitor
2019-09-17 05:39:25,099 [main] INFO  ozone.HddsDatanodeService (HddsDatanodeService.java:start(184)) - HddsDatanodeService host:trunk-nightly-20190917-29l5j-2509219610 ip:192.168.69.122
2019-09-17 05:39:25,099 [Datanode State Machine Thread - 0] INFO  datanode.InitDatanodeState (InitDatanodeState.java:persistContainerDatanodeDetails(140)) - DatanodeDetails is persisted to /workdir/hadoop-ozone/integration-test/target/test-dir/MiniOzoneClusterImpl-19ed16c9-28cb-4873-91f5-e899d205af27/datanode-5/meta/datanode.id
2019-09-17 05:39:25,104 [main] INFO  volume.HddsVolume (HddsVolume.java:<init>(176)) - Creating Volume: /workdir/hadoop-ozone/integration-test/target/test-dir/MiniOzoneClusterImpl-19ed16c9-28cb-4873-91f5-e899d205af27/datanode-6/data/containers/hdds of  storage type : DISK and capacity : 1482555576320
2019-09-17 05:39:25,104 [main] INFO  volume.VolumeSet (VolumeSet.java:initializeVolumeSet(170)) - Added Volume : /workdir/hadoop-ozone/integration-test/target/test-dir/MiniOzoneClusterImpl-19ed16c9-28cb-4873-91f5-e899d205af27/datanode-6/data/containers/hdds to VolumeSet
2019-09-17 05:39:25,105 [main] INFO  volume.ThrottledAsyncChecker (ThrottledAsyncChecker.java:schedule(139)) - Scheduling a check for org.apache.hadoop.ozone.container.common.volume.HddsVolume@6cd45b6c
2019-09-17 05:39:25,105 [main] INFO  volume.HddsVolumeChecker (HddsVolumeChecker.java:checkAllVolumes(202)) - Scheduled health check for volume org.apache.hadoop.ozone.container.common.volume.HddsVolume@6cd45b6c
2019-09-17 05:39:25,117 [main] INFO  impl.RaftServerProxy (ConfUtils.java:logGet(43)) - raft.rpc.type = GRPC (default)
2019-09-17 05:39:25,117 [main] INFO  grpc.GrpcFactory (GrpcFactory.java:checkPooledByteBufAllocatorUseCacheForAllThreads(45)) - PERFORMANCE WARNING: useCacheForAllThreads is true that may cause Netty to create a lot garbage objects and, as a result, trigger GC.
	It is recommended to disable useCacheForAllThreads by setting -Dorg.apache.ratis.thirdparty.io.netty.allocator.useCacheForAllThreads=false in command line.
2019-09-17 05:39:25,118 [main] INFO  grpc.GrpcConfigKeys$Server (ConfUtils.java:logGet(43)) - raft.grpc.server.port = 0 (default)
2019-09-17 05:39:25,118 [main] INFO  server.GrpcService (ConfUtils.java:logGet(43)) - raft.grpc.message.size.max = 33570816 (custom)
2019-09-17 05:39:25,118 [main] INFO  server.RaftServerConfigKeys (ConfUtils.java:logGet(43)) - raft.server.log.appender.buffer.byte-limit = 33554432 (custom)
2019-09-17 05:39:25,118 [main] INFO  server.GrpcService (ConfUtils.java:logGet(43)) - raft.grpc.flow.control.window = 1MB (=1048576) (default)
2019-09-17 05:39:25,118 [main] INFO  server.RaftServerConfigKeys (ConfUtils.java:logGet(43)) - raft.server.rpc.request.timeout = 3000ms (default)
2019-09-17 05:39:25,119 [main] INFO  server.RaftServerConfigKeys (ConfUtils.java:logGet(43)) - raft.server.storage.dir = [/workdir/hadoop-ozone/integration-test/target/test-dir/MiniOzoneClusterImpl-19ed16c9-28cb-4873-91f5-e899d205af27/datanode-6/data/ratis] (custom)
2019-09-17 05:39:25,120 [main] INFO  hdfs.DFSUtil (DFSUtil.java:httpServerTemplateForNNAndJN(1641)) - Starting Web-server for hddsDatanode at: http://0.0.0.0:0
2019-09-17 05:39:25,121 [main] INFO  server.AuthenticationFilter (AuthenticationFilter.java:constructSecretProvider(240)) - Unable to initialize FileSignerSecretProvider, falling back to use random secrets.
2019-09-17 05:39:25,121 [main] WARN  http.HttpRequestLog (HttpRequestLog.java:getRequestLog(97)) - Jetty request log can only be enabled using Log4j
2019-09-17 05:39:25,122 [main] INFO  http.HttpServer2 (HttpServer2.java:addGlobalFilter(975)) - Added global filter 'safety' (class=org.apache.hadoop.http.HttpServer2$QuotingInputFilter)
2019-09-17 05:39:25,123 [main] INFO  http.HttpServer2 (HttpServer2.java:addFilter(948)) - Added filter static_user_filter (class=org.apache.hadoop.http.lib.StaticUserWebFilter$StaticUserFilter) to context hddsDatanode
2019-09-17 05:39:25,123 [main] INFO  http.HttpServer2 (HttpServer2.java:addFilter(958)) - Added filter static_user_filter (class=org.apache.hadoop.http.lib.StaticUserWebFilter$StaticUserFilter) to context static
2019-09-17 05:39:25,123 [main] INFO  http.HttpServer2 (HttpServer2.java:addFilter(958)) - Added filter static_user_filter (class=org.apache.hadoop.http.lib.StaticUserWebFilter$StaticUserFilter) to context logs
2019-09-17 05:39:25,124 [main] INFO  http.HttpServer2 (HttpServer2.java:bindListener(1191)) - Jetty bound to port 35469
2019-09-17 05:39:25,124 [main] INFO  server.Server (Server.java:doStart(351)) - jetty-9.3.24.v20180605, build timestamp: 2018-06-05T17:11:56Z, git hash: 84205aa28f11a4f31f2a3b86d1bba2cc8ab69827
2019-09-17 05:39:25,125 [main] INFO  handler.ContextHandler (ContextHandler.java:doStart(781)) - Started o.e.j.s.ServletContextHandler@2e3252{/logs,file:///workdir/hadoop-ozone/integration-test/target/log,AVAILABLE}
2019-09-17 05:39:25,125 [main] INFO  handler.ContextHandler (ContextHandler.java:doStart(781)) - Started o.e.j.s.ServletContextHandler@671d97bc{/static,jar:file:/home/user/.m2/repository/org/apache/hadoop/hadoop-hdds-container-service/0.5.0-SNAPSHOT/hadoop-hdds-container-service-0.5.0-SNAPSHOT.jar!/webapps/static,AVAILABLE}
2019-09-17 05:39:25,152 [main] INFO  handler.ContextHandler (ContextHandler.java:doStart(781)) - Started o.e.j.w.WebAppContext@1182d1df{/,file:///tmp/jetty-0.0.0.0-35469-hddsDatanode-_-any-9034825727585384991.dir/webapp/,AVAILABLE}{/hddsDatanode}
2019-09-17 05:39:25,152 [main] INFO  server.AbstractConnector (AbstractConnector.java:doStart(278)) - Started ServerConnector@31c7c281{HTTP/1.1,[http/1.1]}{0.0.0.0:35469}
2019-09-17 05:39:25,154 [main] INFO  server.Server (Server.java:doStart(419)) - Started @665162ms
2019-09-17 05:39:25,154 [main] WARN  impl.MetricsSystemImpl (MetricsSystemImpl.java:register(276)) - Sink prometheus already exists!
2019-09-17 05:39:25,154 [main] INFO  server.BaseHttpServer (BaseHttpServer.java:updateConnectorAddress(215)) - HTTP server of HDDSDATANODE is listening at http://0.0.0.0:35469
2019-09-17 05:39:25,155 [main] INFO  ozone.MiniOzoneClusterImpl (MiniOzoneClusterImpl.java:lambda$waitForClusterToBeReady$0(145)) - Waiting for cluster to be ready. Got 0 of 7 DN Heartbeats.
2019-09-17 05:39:25,156 [org.apache.hadoop.util.JvmPauseMonitor$Monitor@6fc08a7c] INFO  util.JvmPauseMonitor (JvmPauseMonitor.java:run(188)) - Starting JVM pause monitor
2019-09-17 05:39:25,157 [Datanode State Machine Thread - 0] INFO  datanode.InitDatanodeState (InitDatanodeState.java:persistContainerDatanodeDetails(140)) - DatanodeDetails is persisted to /workdir/hadoop-ozone/integration-test/target/test-dir/MiniOzoneClusterImpl-19ed16c9-28cb-4873-91f5-e899d205af27/datanode-6/meta/datanode.id
2019-09-17 05:39:26,155 [main] INFO  ozone.MiniOzoneClusterImpl (MiniOzoneClusterImpl.java:lambda$waitForClusterToBeReady$0(145)) - Waiting for cluster to be ready. Got 0 of 7 DN Heartbeats.
2019-09-17 05:39:26,773 [Datanode State Machine Thread - 0] INFO  ozoneimpl.OzoneContainer (OzoneContainer.java:start(217)) - Attempting to start container services.
2019-09-17 05:39:26,774 [Datanode State Machine Thread - 0] INFO  ozoneimpl.OzoneContainer (OzoneContainer.java:startContainerScrub(179)) - Background container scanner has been disabled.
2019-09-17 05:39:26,774 [Datanode State Machine Thread - 0] INFO  ratis.XceiverServerRatis (XceiverServerRatis.java:start(411)) - Starting XceiverServerRatis 83c5c86f-4f0f-49a9-8168-55da465a77cb at port 0
2019-09-17 05:39:26,780 [Datanode State Machine Thread - 0] INFO  impl.RaftServerProxy (RaftServerProxy.java:lambda$start$3(299)) - 83c5c86f-4f0f-49a9-8168-55da465a77cb: start RPC server
2019-09-17 05:39:26,783 [Datanode State Machine Thread - 0] INFO  server.GrpcService (GrpcService.java:startImpl(158)) - 83c5c86f-4f0f-49a9-8168-55da465a77cb: GrpcService started, listening on 0.0.0.0/0.0.0.0:39815
2019-09-17 05:39:26,783 [Datanode State Machine Thread - 0] INFO  ratis.XceiverServerRatis (XceiverServerRatis.java:start(421)) - XceiverServerRatis 83c5c86f-4f0f-49a9-8168-55da465a77cb is started using port 39815
2019-09-17 05:39:26,789 [Datanode State Machine Thread - 0] INFO  server.XceiverServerGrpc (XceiverServerGrpc.java:start(163)) - XceiverServerGrpc 83c5c86f-4f0f-49a9-8168-55da465a77cb is started using port 35215
2019-09-17 05:39:26,853 [Datanode State Machine Thread - 0] INFO  ozoneimpl.OzoneContainer (OzoneContainer.java:start(217)) - Attempting to start container services.
2019-09-17 05:39:26,854 [Datanode State Machine Thread - 0] INFO  ozoneimpl.OzoneContainer (OzoneContainer.java:startContainerScrub(179)) - Background container scanner has been disabled.
2019-09-17 05:39:26,854 [Datanode State Machine Thread - 0] INFO  ratis.XceiverServerRatis (XceiverServerRatis.java:start(411)) - Starting XceiverServerRatis 3bf073f2-310e-4683-a6c8-b828172024b1 at port 0
2019-09-17 05:39:26,861 [Datanode State Machine Thread - 0] INFO  impl.RaftServerProxy (RaftServerProxy.java:lambda$start$3(299)) - 3bf073f2-310e-4683-a6c8-b828172024b1: start RPC server
2019-09-17 05:39:26,862 [Datanode State Machine Thread - 0] INFO  server.GrpcService (GrpcService.java:startImpl(158)) - 3bf073f2-310e-4683-a6c8-b828172024b1: GrpcService started, listening on 0.0.0.0/0.0.0.0:33102
2019-09-17 05:39:26,862 [Datanode State Machine Thread - 0] INFO  ratis.XceiverServerRatis (XceiverServerRatis.java:start(421)) - XceiverServerRatis 3bf073f2-310e-4683-a6c8-b828172024b1 is started using port 33102
2019-09-17 05:39:26,863 [Datanode State Machine Thread - 0] INFO  server.XceiverServerGrpc (XceiverServerGrpc.java:start(163)) - XceiverServerGrpc 3bf073f2-310e-4683-a6c8-b828172024b1 is started using port 36552
2019-09-17 05:39:26,922 [Datanode State Machine Thread - 0] INFO  ozoneimpl.OzoneContainer (OzoneContainer.java:start(217)) - Attempting to start container services.
2019-09-17 05:39:26,922 [Datanode State Machine Thread - 0] INFO  ozoneimpl.OzoneContainer (OzoneContainer.java:startContainerScrub(179)) - Background container scanner has been disabled.
2019-09-17 05:39:26,922 [Datanode State Machine Thread - 0] INFO  ratis.XceiverServerRatis (XceiverServerRatis.java:start(411)) - Starting XceiverServerRatis 6f64a23a-10c8-4f60-bb77-ad5952414a87 at port 0
2019-09-17 05:39:26,928 [Datanode State Machine Thread - 0] INFO  impl.RaftServerProxy (RaftServerProxy.java:lambda$start$3(299)) - 6f64a23a-10c8-4f60-bb77-ad5952414a87: start RPC server
2019-09-17 05:39:26,929 [Datanode State Machine Thread - 0] INFO  server.GrpcService (GrpcService.java:startImpl(158)) - 6f64a23a-10c8-4f60-bb77-ad5952414a87: GrpcService started, listening on 0.0.0.0/0.0.0.0:38852
2019-09-17 05:39:26,929 [Datanode State Machine Thread - 0] INFO  ratis.XceiverServerRatis (XceiverServerRatis.java:start(421)) - XceiverServerRatis 6f64a23a-10c8-4f60-bb77-ad5952414a87 is started using port 38852
2019-09-17 05:39:26,930 [Datanode State Machine Thread - 0] INFO  server.XceiverServerGrpc (XceiverServerGrpc.java:start(163)) - XceiverServerGrpc 6f64a23a-10c8-4f60-bb77-ad5952414a87 is started using port 42967
2019-09-17 05:39:26,984 [Datanode State Machine Thread - 0] INFO  ozoneimpl.OzoneContainer (OzoneContainer.java:start(217)) - Attempting to start container services.
2019-09-17 05:39:26,984 [Datanode State Machine Thread - 0] INFO  ozoneimpl.OzoneContainer (OzoneContainer.java:startContainerScrub(179)) - Background container scanner has been disabled.
2019-09-17 05:39:26,984 [Datanode State Machine Thread - 0] INFO  ratis.XceiverServerRatis (XceiverServerRatis.java:start(411)) - Starting XceiverServerRatis 263cca29-ebb5-4194-b7b5-686bd85c6f18 at port 0
2019-09-17 05:39:26,989 [Datanode State Machine Thread - 0] INFO  impl.RaftServerProxy (RaftServerProxy.java:lambda$start$3(299)) - 263cca29-ebb5-4194-b7b5-686bd85c6f18: start RPC server
2019-09-17 05:39:26,990 [Datanode State Machine Thread - 0] INFO  server.GrpcService (GrpcService.java:startImpl(158)) - 263cca29-ebb5-4194-b7b5-686bd85c6f18: GrpcService started, listening on 0.0.0.0/0.0.0.0:45666
2019-09-17 05:39:26,990 [Datanode State Machine Thread - 0] INFO  ratis.XceiverServerRatis (XceiverServerRatis.java:start(421)) - XceiverServerRatis 263cca29-ebb5-4194-b7b5-686bd85c6f18 is started using port 45666
2019-09-17 05:39:26,991 [Datanode State Machine Thread - 0] INFO  server.XceiverServerGrpc (XceiverServerGrpc.java:start(163)) - XceiverServerGrpc 263cca29-ebb5-4194-b7b5-686bd85c6f18 is started using port 45859
2019-09-17 05:39:27,056 [Datanode State Machine Thread - 0] INFO  ozoneimpl.OzoneContainer (OzoneContainer.java:start(217)) - Attempting to start container services.
2019-09-17 05:39:27,057 [Datanode State Machine Thread - 0] INFO  ozoneimpl.OzoneContainer (OzoneContainer.java:startContainerScrub(179)) - Background container scanner has been disabled.
2019-09-17 05:39:27,057 [Datanode State Machine Thread - 0] INFO  ratis.XceiverServerRatis (XceiverServerRatis.java:start(411)) - Starting XceiverServerRatis 709477b2-7a5d-4422-82d7-7ceaa516784a at port 0
2019-09-17 05:39:27,063 [Datanode State Machine Thread - 0] INFO  impl.RaftServerProxy (RaftServerProxy.java:lambda$start$3(299)) - 709477b2-7a5d-4422-82d7-7ceaa516784a: start RPC server
2019-09-17 05:39:27,064 [Datanode State Machine Thread - 0] INFO  server.GrpcService (GrpcService.java:startImpl(158)) - 709477b2-7a5d-4422-82d7-7ceaa516784a: GrpcService started, listening on 0.0.0.0/0.0.0.0:34521
2019-09-17 05:39:27,064 [Datanode State Machine Thread - 0] INFO  ratis.XceiverServerRatis (XceiverServerRatis.java:start(421)) - XceiverServerRatis 709477b2-7a5d-4422-82d7-7ceaa516784a is started using port 34521
2019-09-17 05:39:27,066 [Datanode State Machine Thread - 0] INFO  server.XceiverServerGrpc (XceiverServerGrpc.java:start(163)) - XceiverServerGrpc 709477b2-7a5d-4422-82d7-7ceaa516784a is started using port 35218
2019-09-17 05:39:27,123 [Datanode State Machine Thread - 0] INFO  ozoneimpl.OzoneContainer (OzoneContainer.java:start(217)) - Attempting to start container services.
2019-09-17 05:39:27,123 [Datanode State Machine Thread - 0] INFO  ozoneimpl.OzoneContainer (OzoneContainer.java:startContainerScrub(179)) - Background container scanner has been disabled.
2019-09-17 05:39:27,123 [Datanode State Machine Thread - 0] INFO  ratis.XceiverServerRatis (XceiverServerRatis.java:start(411)) - Starting XceiverServerRatis 0076424b-dbc7-4d88-ac92-4910588e0078 at port 0
2019-09-17 05:39:27,133 [Datanode State Machine Thread - 0] INFO  impl.RaftServerProxy (RaftServerProxy.java:lambda$start$3(299)) - 0076424b-dbc7-4d88-ac92-4910588e0078: start RPC server
2019-09-17 05:39:27,134 [Datanode State Machine Thread - 0] INFO  server.GrpcService (GrpcService.java:startImpl(158)) - 0076424b-dbc7-4d88-ac92-4910588e0078: GrpcService started, listening on 0.0.0.0/0.0.0.0:37240
2019-09-17 05:39:27,134 [Datanode State Machine Thread - 0] INFO  ratis.XceiverServerRatis (XceiverServerRatis.java:start(421)) - XceiverServerRatis 0076424b-dbc7-4d88-ac92-4910588e0078 is started using port 37240
2019-09-17 05:39:27,134 [Datanode State Machine Thread - 0] INFO  server.XceiverServerGrpc (XceiverServerGrpc.java:start(163)) - XceiverServerGrpc 0076424b-dbc7-4d88-ac92-4910588e0078 is started using port 42415
2019-09-17 05:39:27,156 [main] INFO  ozone.MiniOzoneClusterImpl (MiniOzoneClusterImpl.java:lambda$waitForClusterToBeReady$0(145)) - Waiting for cluster to be ready. Got 0 of 7 DN Heartbeats.
2019-09-17 05:39:27,171 [Datanode State Machine Thread - 0] INFO  ozoneimpl.OzoneContainer (OzoneContainer.java:start(217)) - Attempting to start container services.
2019-09-17 05:39:27,171 [Datanode State Machine Thread - 0] INFO  ozoneimpl.OzoneContainer (OzoneContainer.java:startContainerScrub(179)) - Background container scanner has been disabled.
2019-09-17 05:39:27,171 [Datanode State Machine Thread - 0] INFO  ratis.XceiverServerRatis (XceiverServerRatis.java:start(411)) - Starting XceiverServerRatis 753e4218-28df-4084-bc35-1bcb706ff054 at port 0
2019-09-17 05:39:27,175 [Datanode State Machine Thread - 0] INFO  impl.RaftServerProxy (RaftServerProxy.java:lambda$start$3(299)) - 753e4218-28df-4084-bc35-1bcb706ff054: start RPC server
2019-09-17 05:39:27,176 [Datanode State Machine Thread - 0] INFO  server.GrpcService (GrpcService.java:startImpl(158)) - 753e4218-28df-4084-bc35-1bcb706ff054: GrpcService started, listening on 0.0.0.0/0.0.0.0:35314
2019-09-17 05:39:27,176 [Datanode State Machine Thread - 0] INFO  ratis.XceiverServerRatis (XceiverServerRatis.java:start(421)) - XceiverServerRatis 753e4218-28df-4084-bc35-1bcb706ff054 is started using port 35314
2019-09-17 05:39:27,176 [Datanode State Machine Thread - 0] INFO  server.XceiverServerGrpc (XceiverServerGrpc.java:start(163)) - XceiverServerGrpc 753e4218-28df-4084-bc35-1bcb706ff054 is started using port 43336
2019-09-17 05:39:28,156 [main] INFO  ozone.MiniOzoneClusterImpl (MiniOzoneClusterImpl.java:lambda$waitForClusterToBeReady$0(145)) - Waiting for cluster to be ready. Got 0 of 7 DN Heartbeats.
2019-09-17 05:39:28,754 [IPC Server handler 4 on 41833] INFO  net.NetworkTopology (NetworkTopologyImpl.java:add(111)) - Added a new node: /default-rack/83c5c86f-4f0f-49a9-8168-55da465a77cb
2019-09-17 05:39:28,757 [IPC Server handler 4 on 41833] INFO  node.SCMNodeManager (SCMNodeManager.java:register(266)) - Registered Data node : 83c5c86f-4f0f-49a9-8168-55da465a77cb{ip: 192.168.69.122, host: trunk-nightly-20190917-29l5j-2509219610, networkLocation: /default-rack, certSerialId: null}
2019-09-17 05:39:28,758 [EventQueue-NodeRegistrationContainerReportForDataNodeSafeModeRule] INFO  safemode.SCMSafeModeManager (DataNodeSafeModeRule.java:process(71)) - SCM in safe mode. 1 DataNodes registered, 1 required.
2019-09-17 05:39:28,761 [EventQueue-NodeRegistrationContainerReportForDataNodeSafeModeRule] INFO  safemode.SCMSafeModeManager (SCMSafeModeManager.java:validateSafeModeExitRules(177)) - ScmSafeModeManager, all rules are successfully validated
2019-09-17 05:39:28,761 [EventQueue-NodeRegistrationContainerReportForDataNodeSafeModeRule] INFO  safemode.SCMSafeModeManager (SCMSafeModeManager.java:exitSafeMode(193)) - SCM exiting safe mode.
2019-09-17 05:39:28,773 [grpc-default-executor-12] INFO  impl.RaftServerProxy (RaftServerProxy.java:addNew(89)) - 83c5c86f-4f0f-49a9-8168-55da465a77cb: addNew group-35FD1F77B7B4:[83c5c86f-4f0f-49a9-8168-55da465a77cb:192.168.69.122:39815] returns group-35FD1F77B7B4:java.util.concurrent.CompletableFuture@44b40c94[Not completed]
2019-09-17 05:39:28,775 [pool-589-thread-1] INFO  impl.RaftServerImpl (RaftServerImpl.java:<init>(95)) - 83c5c86f-4f0f-49a9-8168-55da465a77cb: new RaftServerImpl for group-35FD1F77B7B4:[83c5c86f-4f0f-49a9-8168-55da465a77cb:192.168.69.122:39815] with ContainerStateMachine:uninitialized
2019-09-17 05:39:28,775 [pool-589-thread-1] INFO  server.RaftServerConfigKeys (ConfUtils.java:logGet(43)) - raft.server.rpc.timeout.min = 5s (custom)
2019-09-17 05:39:28,776 [pool-589-thread-1] INFO  server.RaftServerConfigKeys (ConfUtils.java:logGet(43)) - raft.server.rpc.timeout.max = 5200ms (custom)
2019-09-17 05:39:28,776 [pool-589-thread-1] INFO  server.RaftServerConfigKeys (ConfUtils.java:logGet(43)) - raft.server.rpcslowness.timeout = 120s (custom)
2019-09-17 05:39:28,776 [pool-589-thread-1] INFO  server.RaftServerConfigKeys (ConfUtils.java:logGet(43)) - raft.server.sleep.deviation.threshold = 300 (default)
2019-09-17 05:39:28,776 [pool-589-thread-1] INFO  server.RaftServerConfigKeys (ConfUtils.java:logGet(43)) - raft.server.log.appender.install.snapshot.enabled = false (custom)
2019-09-17 05:39:28,776 [pool-589-thread-1] INFO  impl.RaftServerImpl (ServerState.java:<init>(103)) - 83c5c86f-4f0f-49a9-8168-55da465a77cb@group-35FD1F77B7B4: ConfigurationManager, init=-1: [83c5c86f-4f0f-49a9-8168-55da465a77cb:192.168.69.122:39815], old=null, confs=<EMPTY_MAP>
2019-09-17 05:39:28,776 [pool-589-thread-1] INFO  server.RaftServerConfigKeys (ConfUtils.java:logGet(43)) - raft.server.storage.dir = [/workdir/hadoop-ozone/integration-test/target/test-dir/MiniOzoneClusterImpl-19ed16c9-28cb-4873-91f5-e899d205af27/datanode-0/data/ratis] (custom)
2019-09-17 05:39:28,777 [pool-589-thread-1] INFO  storage.RaftStorageDirectory (RaftStorageDirectory.java:analyzeStorage(246)) - The storage directory /workdir/hadoop-ozone/integration-test/target/test-dir/MiniOzoneClusterImpl-19ed16c9-28cb-4873-91f5-e899d205af27/datanode-0/data/ratis/6f2792d2-4ef6-4452-8490-35fd1f77b7b4 does not exist. Creating ...
2019-09-17 05:39:28,792 [pool-589-thread-1] INFO  storage.RaftStorageDirectory (RaftStorageDirectory.java:tryLock(328)) - Lock on /workdir/hadoop-ozone/integration-test/target/test-dir/MiniOzoneClusterImpl-19ed16c9-28cb-4873-91f5-e899d205af27/datanode-0/data/ratis/6f2792d2-4ef6-4452-8490-35fd1f77b7b4/in_use.lock acquired by nodename 12078@trunk-nightly-20190917-29l5j-2509219610
2019-09-17 05:39:28,805 [pool-589-thread-1] INFO  storage.RaftStorage (RaftStorage.java:format(72)) - Storage directory /workdir/hadoop-ozone/integration-test/target/test-dir/MiniOzoneClusterImpl-19ed16c9-28cb-4873-91f5-e899d205af27/datanode-0/data/ratis/6f2792d2-4ef6-4452-8490-35fd1f77b7b4 has been successfully formatted.
2019-09-17 05:39:28,806 [pool-589-thread-1] INFO  ratis.ContainerStateMachine (ContainerStateMachine.java:loadSnapshot(230)) - group-35FD1F77B7B4: The snapshot info is null. Setting the last applied indexto:(t:0, i:~)
2019-09-17 05:39:28,806 [pool-589-thread-1] INFO  server.RaftServerConfigKeys (ConfUtils.java:logGet(43)) - raft.server.notification.no-leader.timeout = 120s (custom)
2019-09-17 05:39:28,806 [pool-589-thread-1] INFO  server.RaftServerConfigKeys (ConfUtils.java:logGet(43)) - raft.server.log.use.memory = false (default)
2019-09-17 05:39:28,806 [pool-589-thread-1] INFO  server.RaftServerConfigKeys (ConfUtils.java:logGet(43)) - raft.server.log.purge.gap = 1000000 (custom)
2019-09-17 05:39:28,806 [pool-589-thread-1] INFO  server.RaftServerConfigKeys (ConfUtils.java:logGet(43)) - raft.server.log.appender.buffer.byte-limit = 33554432 (custom)
2019-09-17 05:39:28,806 [pool-589-thread-1] INFO  server.RaftServerConfigKeys (ConfUtils.java:logGet(43)) - raft.server.log.segment.size.max = 1048576 (custom)
2019-09-17 05:39:28,806 [pool-589-thread-1] INFO  server.RaftServerConfigKeys (ConfUtils.java:logGet(43)) - raft.server.log.segment.cache.num.max = 2 (custom)
2019-09-17 05:39:28,807 [pool-589-thread-1] INFO  segmented.SegmentedRaftLogWorker (SegmentedRaftLogWorker.java:<init>(172)) - new 83c5c86f-4f0f-49a9-8168-55da465a77cb@group-35FD1F77B7B4-SegmentedRaftLogWorker for RaftStorage:Storage Directory /workdir/hadoop-ozone/integration-test/target/test-dir/MiniOzoneClusterImpl-19ed16c9-28cb-4873-91f5-e899d205af27/datanode-0/data/ratis/6f2792d2-4ef6-4452-8490-35fd1f77b7b4
2019-09-17 05:39:28,808 [pool-589-thread-1] INFO  server.RaftServerConfigKeys (ConfUtils.java:logGet(43)) - raft.server.log.queue.byte-limit = 2147483647 (custom)
2019-09-17 05:39:28,809 [pool-589-thread-1] INFO  server.RaftServerConfigKeys (ConfUtils.java:logGet(43)) - raft.server.log.queue.element-limit = 1024 (custom)
2019-09-17 05:39:28,809 [pool-589-thread-1] INFO  server.RaftServerConfigKeys (ConfUtils.java:logGet(43)) - raft.server.log.segment.size.max = 1048576 (custom)
2019-09-17 05:39:28,809 [pool-589-thread-1] INFO  server.RaftServerConfigKeys (ConfUtils.java:logGet(43)) - raft.server.log.preallocated.size = 16384 (custom)
2019-09-17 05:39:28,809 [pool-589-thread-1] INFO  server.RaftServerConfigKeys (ConfUtils.java:logGet(43)) - raft.server.log.write.buffer.size = 33554432 (custom)
2019-09-17 05:39:28,809 [pool-589-thread-1] INFO  server.RaftServerConfigKeys (ConfUtils.java:logGet(43)) - raft.server.log.force.sync.num = 128 (default)
2019-09-17 05:39:28,809 [pool-589-thread-1] INFO  server.RaftServerConfigKeys (ConfUtils.java:logGet(43)) - raft.server.log.statemachine.data.sync = true (default)
2019-09-17 05:39:28,809 [pool-589-thread-1] INFO  server.RaftServerConfigKeys (ConfUtils.java:logGet(43)) - raft.server.log.statemachine.data.sync.timeout = 10s (default)
2019-09-17 05:39:28,810 [pool-589-thread-1] INFO  server.RaftServerConfigKeys (ConfUtils.java:logGet(43)) - raft.server.log.statemachine.data.sync.timeout.retry = -1 (default)
2019-09-17 05:39:28,810 [pool-589-thread-1] INFO  server.RaftServerConfigKeys (ConfUtils.java:logGet(43)) - raft.server.log.statemachine.data.caching.enabled = true (custom)
2019-09-17 05:39:28,810 [pool-589-thread-1] INFO  segmented.SegmentedRaftLogWorker (SegmentedRaftLogWorker.java:lambda$new$0(132)) - 83c5c86f-4f0f-49a9-8168-55da465a77cb@group-35FD1F77B7B4-SegmentedRaftLogWorker: flushIndex: setUnconditionally 0 -> -1
2019-09-17 05:39:28,810 [pool-589-thread-1] INFO  server.RaftServerConfigKeys (ConfUtils.java:logGet(43)) - raft.server.snapshot.auto.trigger.enabled = true (custom)
2019-09-17 05:39:28,811 [pool-589-thread-1] INFO  server.RaftServerConfigKeys (ConfUtils.java:logGet(43)) - raft.server.snapshot.auto.trigger.threshold = 10000 (custom)
2019-09-17 05:39:28,811 [pool-589-thread-1] INFO  server.RaftServerConfigKeys (ConfUtils.java:logGet(43)) - raft.server.snapshot.retention.num.files = 5 (custom)
2019-09-17 05:39:28,811 [pool-589-thread-1] INFO  server.RaftServerConfigKeys (ConfUtils.java:logGet(43)) - raft.server.retrycache.expirytime = 600000ms (custom)
2019-09-17 05:39:28,812 [pool-589-thread-1] INFO  impl.RaftServerImpl (RaftServerImpl.java:start(185)) - 83c5c86f-4f0f-49a9-8168-55da465a77cb@group-35FD1F77B7B4: start as a follower, conf=-1: [83c5c86f-4f0f-49a9-8168-55da465a77cb:192.168.69.122:39815], old=null
2019-09-17 05:39:28,813 [pool-589-thread-1] INFO  impl.RaftServerImpl (RaftServerImpl.java:setRole(174)) - 83c5c86f-4f0f-49a9-8168-55da465a77cb@group-35FD1F77B7B4: changes role from      null to FOLLOWER at term 0 for startAsFollower
2019-09-17 05:39:28,813 [pool-589-thread-1] INFO  impl.RoleInfo (RoleInfo.java:updateAndGet(143)) - 83c5c86f-4f0f-49a9-8168-55da465a77cb: start FollowerState
2019-09-17 05:39:28,813 [pool-589-thread-1] INFO  util.JmxRegister (JmxRegister.java:tryRegister(44)) - Successfully registered JMX Bean with object name Ratis:service=RaftServer,group=group-35FD1F77B7B4,id=83c5c86f-4f0f-49a9-8168-55da465a77cb
2019-09-17 05:39:28,816 [RatisPipelineUtilsThread] INFO  pipeline.PipelineStateManager (PipelineStateManager.java:addPipeline(56)) - Created pipeline Pipeline[ Id: 6f2792d2-4ef6-4452-8490-35fd1f77b7b4, Nodes: 83c5c86f-4f0f-49a9-8168-55da465a77cb{ip: 192.168.69.122, host: trunk-nightly-20190917-29l5j-2509219610, networkLocation: /default-rack, certSerialId: null}, Type:RATIS, Factor:ONE, State:OPEN]
2019-09-17 05:39:28,833 [IPC Server handler 5 on 41833] INFO  net.NetworkTopology (NetworkTopologyImpl.java:add(111)) - Added a new node: /default-rack/3bf073f2-310e-4683-a6c8-b828172024b1
2019-09-17 05:39:28,833 [IPC Server handler 5 on 41833] INFO  node.SCMNodeManager (SCMNodeManager.java:register(266)) - Registered Data node : 3bf073f2-310e-4683-a6c8-b828172024b1{ip: 192.168.69.122, host: trunk-nightly-20190917-29l5j-2509219610, networkLocation: /default-rack, certSerialId: null}
2019-09-17 05:39:28,839 [grpc-default-executor-12] INFO  impl.RaftServerProxy (RaftServerProxy.java:addNew(89)) - 3bf073f2-310e-4683-a6c8-b828172024b1: addNew group-4C97CE1E59C2:[3bf073f2-310e-4683-a6c8-b828172024b1:192.168.69.122:33102] returns group-4C97CE1E59C2:java.util.concurrent.CompletableFuture@7cebc7bb[Not completed]
2019-09-17 05:39:28,840 [pool-599-thread-1] INFO  impl.RaftServerImpl (RaftServerImpl.java:<init>(95)) - 3bf073f2-310e-4683-a6c8-b828172024b1: new RaftServerImpl for group-4C97CE1E59C2:[3bf073f2-310e-4683-a6c8-b828172024b1:192.168.69.122:33102] with ContainerStateMachine:uninitialized
2019-09-17 05:39:28,840 [pool-599-thread-1] INFO  server.RaftServerConfigKeys (ConfUtils.java:logGet(43)) - raft.server.rpc.timeout.min = 5s (custom)
2019-09-17 05:39:28,840 [pool-599-thread-1] INFO  server.RaftServerConfigKeys (ConfUtils.java:logGet(43)) - raft.server.rpc.timeout.max = 5200ms (custom)
2019-09-17 05:39:28,840 [pool-599-thread-1] INFO  server.RaftServerConfigKeys (ConfUtils.java:logGet(43)) - raft.server.rpcslowness.timeout = 120s (custom)
2019-09-17 05:39:28,840 [pool-599-thread-1] INFO  server.RaftServerConfigKeys (ConfUtils.java:logGet(43)) - raft.server.sleep.deviation.threshold = 300 (default)
2019-09-17 05:39:28,840 [pool-599-thread-1] INFO  server.RaftServerConfigKeys (ConfUtils.java:logGet(43)) - raft.server.log.appender.install.snapshot.enabled = false (custom)
2019-09-17 05:39:28,841 [pool-599-thread-1] INFO  impl.RaftServerImpl (ServerState.java:<init>(103)) - 3bf073f2-310e-4683-a6c8-b828172024b1@group-4C97CE1E59C2: ConfigurationManager, init=-1: [3bf073f2-310e-4683-a6c8-b828172024b1:192.168.69.122:33102], old=null, confs=<EMPTY_MAP>
2019-09-17 05:39:28,841 [pool-599-thread-1] INFO  server.RaftServerConfigKeys (ConfUtils.java:logGet(43)) - raft.server.storage.dir = [/workdir/hadoop-ozone/integration-test/target/test-dir/MiniOzoneClusterImpl-19ed16c9-28cb-4873-91f5-e899d205af27/datanode-1/data/ratis] (custom)
2019-09-17 05:39:28,841 [pool-599-thread-1] INFO  storage.RaftStorageDirectory (RaftStorageDirectory.java:analyzeStorage(246)) - The storage directory /workdir/hadoop-ozone/integration-test/target/test-dir/MiniOzoneClusterImpl-19ed16c9-28cb-4873-91f5-e899d205af27/datanode-1/data/ratis/503e3b26-17ee-4a1b-8a8e-4c97ce1e59c2 does not exist. Creating ...
2019-09-17 05:39:28,855 [pool-599-thread-1] INFO  storage.RaftStorageDirectory (RaftStorageDirectory.java:tryLock(328)) - Lock on /workdir/hadoop-ozone/integration-test/target/test-dir/MiniOzoneClusterImpl-19ed16c9-28cb-4873-91f5-e899d205af27/datanode-1/data/ratis/503e3b26-17ee-4a1b-8a8e-4c97ce1e59c2/in_use.lock acquired by nodename 12078@trunk-nightly-20190917-29l5j-2509219610
2019-09-17 05:39:28,868 [pool-599-thread-1] INFO  storage.RaftStorage (RaftStorage.java:format(72)) - Storage directory /workdir/hadoop-ozone/integration-test/target/test-dir/MiniOzoneClusterImpl-19ed16c9-28cb-4873-91f5-e899d205af27/datanode-1/data/ratis/503e3b26-17ee-4a1b-8a8e-4c97ce1e59c2 has been successfully formatted.
2019-09-17 05:39:28,868 [pool-599-thread-1] INFO  ratis.ContainerStateMachine (ContainerStateMachine.java:loadSnapshot(230)) - group-4C97CE1E59C2: The snapshot info is null. Setting the last applied indexto:(t:0, i:~)
2019-09-17 05:39:28,868 [pool-599-thread-1] INFO  server.RaftServerConfigKeys (ConfUtils.java:logGet(43)) - raft.server.notification.no-leader.timeout = 120s (custom)
2019-09-17 05:39:28,868 [pool-599-thread-1] INFO  server.RaftServerConfigKeys (ConfUtils.java:logGet(43)) - raft.server.log.use.memory = false (default)
2019-09-17 05:39:28,868 [pool-599-thread-1] INFO  server.RaftServerConfigKeys (ConfUtils.java:logGet(43)) - raft.server.log.purge.gap = 1000000 (custom)
2019-09-17 05:39:28,868 [pool-599-thread-1] INFO  server.RaftServerConfigKeys (ConfUtils.java:logGet(43)) - raft.server.log.appender.buffer.byte-limit = 33554432 (custom)
2019-09-17 05:39:28,868 [pool-599-thread-1] INFO  server.RaftServerConfigKeys (ConfUtils.java:logGet(43)) - raft.server.log.segment.size.max = 1048576 (custom)
2019-09-17 05:39:28,869 [pool-599-thread-1] INFO  server.RaftServerConfigKeys (ConfUtils.java:logGet(43)) - raft.server.log.segment.cache.num.max = 2 (custom)
2019-09-17 05:39:28,869 [pool-599-thread-1] INFO  segmented.SegmentedRaftLogWorker (SegmentedRaftLogWorker.java:<init>(172)) - new 3bf073f2-310e-4683-a6c8-b828172024b1@group-4C97CE1E59C2-SegmentedRaftLogWorker for RaftStorage:Storage Directory /workdir/hadoop-ozone/integration-test/target/test-dir/MiniOzoneClusterImpl-19ed16c9-28cb-4873-91f5-e899d205af27/datanode-1/data/ratis/503e3b26-17ee-4a1b-8a8e-4c97ce1e59c2
2019-09-17 05:39:28,870 [pool-599-thread-1] INFO  server.RaftServerConfigKeys (ConfUtils.java:logGet(43)) - raft.server.log.queue.byte-limit = 2147483647 (custom)
2019-09-17 05:39:28,870 [pool-599-thread-1] INFO  server.RaftServerConfigKeys (ConfUtils.java:logGet(43)) - raft.server.log.queue.element-limit = 1024 (custom)
2019-09-17 05:39:28,870 [pool-599-thread-1] INFO  server.RaftServerConfigKeys (ConfUtils.java:logGet(43)) - raft.server.log.segment.size.max = 1048576 (custom)
2019-09-17 05:39:28,870 [pool-599-thread-1] INFO  server.RaftServerConfigKeys (ConfUtils.java:logGet(43)) - raft.server.log.preallocated.size = 16384 (custom)
2019-09-17 05:39:28,871 [pool-599-thread-1] INFO  server.RaftServerConfigKeys (ConfUtils.java:logGet(43)) - raft.server.log.write.buffer.size = 33554432 (custom)
2019-09-17 05:39:28,871 [pool-599-thread-1] INFO  server.RaftServerConfigKeys (ConfUtils.java:logGet(43)) - raft.server.log.force.sync.num = 128 (default)
2019-09-17 05:39:28,871 [pool-599-thread-1] INFO  server.RaftServerConfigKeys (ConfUtils.java:logGet(43)) - raft.server.log.statemachine.data.sync = true (default)
2019-09-17 05:39:28,871 [pool-599-thread-1] INFO  server.RaftServerConfigKeys (ConfUtils.java:logGet(43)) - raft.server.log.statemachine.data.sync.timeout = 10s (default)
2019-09-17 05:39:28,871 [pool-599-thread-1] INFO  server.RaftServerConfigKeys (ConfUtils.java:logGet(43)) - raft.server.log.statemachine.data.sync.timeout.retry = -1 (default)
2019-09-17 05:39:28,871 [pool-599-thread-1] INFO  server.RaftServerConfigKeys (ConfUtils.java:logGet(43)) - raft.server.log.statemachine.data.caching.enabled = true (custom)
2019-09-17 05:39:28,871 [pool-599-thread-1] INFO  segmented.SegmentedRaftLogWorker (SegmentedRaftLogWorker.java:lambda$new$0(132)) - 3bf073f2-310e-4683-a6c8-b828172024b1@group-4C97CE1E59C2-SegmentedRaftLogWorker: flushIndex: setUnconditionally 0 -> -1
2019-09-17 05:39:28,872 [pool-599-thread-1] INFO  server.RaftServerConfigKeys (ConfUtils.java:logGet(43)) - raft.server.snapshot.auto.trigger.enabled = true (custom)
2019-09-17 05:39:28,872 [pool-599-thread-1] INFO  server.RaftServerConfigKeys (ConfUtils.java:logGet(43)) - raft.server.snapshot.auto.trigger.threshold = 10000 (custom)
2019-09-17 05:39:28,872 [pool-599-thread-1] INFO  server.RaftServerConfigKeys (ConfUtils.java:logGet(43)) - raft.server.snapshot.retention.num.files = 5 (custom)
2019-09-17 05:39:28,872 [pool-599-thread-1] INFO  server.RaftServerConfigKeys (ConfUtils.java:logGet(43)) - raft.server.retrycache.expirytime = 600000ms (custom)
2019-09-17 05:39:28,873 [pool-599-thread-1] INFO  impl.RaftServerImpl (RaftServerImpl.java:start(185)) - 3bf073f2-310e-4683-a6c8-b828172024b1@group-4C97CE1E59C2: start as a follower, conf=-1: [3bf073f2-310e-4683-a6c8-b828172024b1:192.168.69.122:33102], old=null
2019-09-17 05:39:28,873 [pool-599-thread-1] INFO  impl.RaftServerImpl (RaftServerImpl.java:setRole(174)) - 3bf073f2-310e-4683-a6c8-b828172024b1@group-4C97CE1E59C2: changes role from      null to FOLLOWER at term 0 for startAsFollower
2019-09-17 05:39:28,874 [pool-599-thread-1] INFO  impl.RoleInfo (RoleInfo.java:updateAndGet(143)) - 3bf073f2-310e-4683-a6c8-b828172024b1: start FollowerState
2019-09-17 05:39:28,874 [pool-599-thread-1] INFO  util.JmxRegister (JmxRegister.java:tryRegister(44)) - Successfully registered JMX Bean with object name Ratis:service=RaftServer,group=group-4C97CE1E59C2,id=3bf073f2-310e-4683-a6c8-b828172024b1
2019-09-17 05:39:28,876 [RatisPipelineUtilsThread] INFO  pipeline.PipelineStateManager (PipelineStateManager.java:addPipeline(56)) - Created pipeline Pipeline[ Id: 503e3b26-17ee-4a1b-8a8e-4c97ce1e59c2, Nodes: 3bf073f2-310e-4683-a6c8-b828172024b1{ip: 192.168.69.122, host: trunk-nightly-20190917-29l5j-2509219610, networkLocation: /default-rack, certSerialId: null}, Type:RATIS, Factor:ONE, State:OPEN]
2019-09-17 05:39:28,908 [IPC Server handler 7 on 41833] INFO  net.NetworkTopology (NetworkTopologyImpl.java:add(111)) - Added a new node: /default-rack/6f64a23a-10c8-4f60-bb77-ad5952414a87
2019-09-17 05:39:28,911 [IPC Server handler 7 on 41833] INFO  node.SCMNodeManager (SCMNodeManager.java:register(266)) - Registered Data node : 6f64a23a-10c8-4f60-bb77-ad5952414a87{ip: 192.168.69.122, host: trunk-nightly-20190917-29l5j-2509219610, networkLocation: /default-rack, certSerialId: null}
2019-09-17 05:39:28,917 [grpc-default-executor-12] INFO  impl.RaftServerProxy (RaftServerProxy.java:addNew(89)) - 6f64a23a-10c8-4f60-bb77-ad5952414a87: addNew group-C2A154866FBA:[6f64a23a-10c8-4f60-bb77-ad5952414a87:192.168.69.122:38852] returns group-C2A154866FBA:java.util.concurrent.CompletableFuture@49734f11[Not completed]
2019-09-17 05:39:28,918 [pool-609-thread-1] INFO  impl.RaftServerImpl (RaftServerImpl.java:<init>(95)) - 6f64a23a-10c8-4f60-bb77-ad5952414a87: new RaftServerImpl for group-C2A154866FBA:[6f64a23a-10c8-4f60-bb77-ad5952414a87:192.168.69.122:38852] with ContainerStateMachine:uninitialized
2019-09-17 05:39:28,918 [pool-609-thread-1] INFO  server.RaftServerConfigKeys (ConfUtils.java:logGet(43)) - raft.server.rpc.timeout.min = 5s (custom)
2019-09-17 05:39:28,918 [pool-609-thread-1] INFO  server.RaftServerConfigKeys (ConfUtils.java:logGet(43)) - raft.server.rpc.timeout.max = 5200ms (custom)
2019-09-17 05:39:28,918 [pool-609-thread-1] INFO  server.RaftServerConfigKeys (ConfUtils.java:logGet(43)) - raft.server.rpcslowness.timeout = 120s (custom)
2019-09-17 05:39:28,918 [pool-609-thread-1] INFO  server.RaftServerConfigKeys (ConfUtils.java:logGet(43)) - raft.server.sleep.deviation.threshold = 300 (default)
2019-09-17 05:39:28,918 [pool-609-thread-1] INFO  server.RaftServerConfigKeys (ConfUtils.java:logGet(43)) - raft.server.log.appender.install.snapshot.enabled = false (custom)
2019-09-17 05:39:28,918 [pool-609-thread-1] INFO  impl.RaftServerImpl (ServerState.java:<init>(103)) - 6f64a23a-10c8-4f60-bb77-ad5952414a87@group-C2A154866FBA: ConfigurationManager, init=-1: [6f64a23a-10c8-4f60-bb77-ad5952414a87:192.168.69.122:38852], old=null, confs=<EMPTY_MAP>
2019-09-17 05:39:28,918 [pool-609-thread-1] INFO  server.RaftServerConfigKeys (ConfUtils.java:logGet(43)) - raft.server.storage.dir = [/workdir/hadoop-ozone/integration-test/target/test-dir/MiniOzoneClusterImpl-19ed16c9-28cb-4873-91f5-e899d205af27/datanode-2/data/ratis] (custom)
2019-09-17 05:39:28,919 [pool-609-thread-1] INFO  storage.RaftStorageDirectory (RaftStorageDirectory.java:analyzeStorage(246)) - The storage directory /workdir/hadoop-ozone/integration-test/target/test-dir/MiniOzoneClusterImpl-19ed16c9-28cb-4873-91f5-e899d205af27/datanode-2/data/ratis/48aaec87-19df-4ad8-95e8-c2a154866fba does not exist. Creating ...
2019-09-17 05:39:28,931 [pool-609-thread-1] INFO  storage.RaftStorageDirectory (RaftStorageDirectory.java:tryLock(328)) - Lock on /workdir/hadoop-ozone/integration-test/target/test-dir/MiniOzoneClusterImpl-19ed16c9-28cb-4873-91f5-e899d205af27/datanode-2/data/ratis/48aaec87-19df-4ad8-95e8-c2a154866fba/in_use.lock acquired by nodename 12078@trunk-nightly-20190917-29l5j-2509219610
2019-09-17 05:39:28,944 [pool-609-thread-1] INFO  storage.RaftStorage (RaftStorage.java:format(72)) - Storage directory /workdir/hadoop-ozone/integration-test/target/test-dir/MiniOzoneClusterImpl-19ed16c9-28cb-4873-91f5-e899d205af27/datanode-2/data/ratis/48aaec87-19df-4ad8-95e8-c2a154866fba has been successfully formatted.
2019-09-17 05:39:28,944 [pool-609-thread-1] INFO  ratis.ContainerStateMachine (ContainerStateMachine.java:loadSnapshot(230)) - group-C2A154866FBA: The snapshot info is null. Setting the last applied indexto:(t:0, i:~)
2019-09-17 05:39:28,944 [pool-609-thread-1] INFO  server.RaftServerConfigKeys (ConfUtils.java:logGet(43)) - raft.server.notification.no-leader.timeout = 120s (custom)
2019-09-17 05:39:28,944 [pool-609-thread-1] INFO  server.RaftServerConfigKeys (ConfUtils.java:logGet(43)) - raft.server.log.use.memory = false (default)
2019-09-17 05:39:28,944 [pool-609-thread-1] INFO  server.RaftServerConfigKeys (ConfUtils.java:logGet(43)) - raft.server.log.purge.gap = 1000000 (custom)
2019-09-17 05:39:28,945 [pool-609-thread-1] INFO  server.RaftServerConfigKeys (ConfUtils.java:logGet(43)) - raft.server.log.appender.buffer.byte-limit = 33554432 (custom)
2019-09-17 05:39:28,945 [pool-609-thread-1] INFO  server.RaftServerConfigKeys (ConfUtils.java:logGet(43)) - raft.server.log.segment.size.max = 1048576 (custom)
2019-09-17 05:39:28,945 [pool-609-thread-1] INFO  server.RaftServerConfigKeys (ConfUtils.java:logGet(43)) - raft.server.log.segment.cache.num.max = 2 (custom)
2019-09-17 05:39:28,945 [pool-609-thread-1] INFO  segmented.SegmentedRaftLogWorker (SegmentedRaftLogWorker.java:<init>(172)) - new 6f64a23a-10c8-4f60-bb77-ad5952414a87@group-C2A154866FBA-SegmentedRaftLogWorker for RaftStorage:Storage Directory /workdir/hadoop-ozone/integration-test/target/test-dir/MiniOzoneClusterImpl-19ed16c9-28cb-4873-91f5-e899d205af27/datanode-2/data/ratis/48aaec87-19df-4ad8-95e8-c2a154866fba
2019-09-17 05:39:28,946 [pool-609-thread-1] INFO  server.RaftServerConfigKeys (ConfUtils.java:logGet(43)) - raft.server.log.queue.byte-limit = 2147483647 (custom)
2019-09-17 05:39:28,946 [pool-609-thread-1] INFO  server.RaftServerConfigKeys (ConfUtils.java:logGet(43)) - raft.server.log.queue.element-limit = 1024 (custom)
2019-09-17 05:39:28,947 [pool-609-thread-1] INFO  server.RaftServerConfigKeys (ConfUtils.java:logGet(43)) - raft.server.log.segment.size.max = 1048576 (custom)
2019-09-17 05:39:28,947 [pool-609-thread-1] INFO  server.RaftServerConfigKeys (ConfUtils.java:logGet(43)) - raft.server.log.preallocated.size = 16384 (custom)
2019-09-17 05:39:28,947 [pool-609-thread-1] INFO  server.RaftServerConfigKeys (ConfUtils.java:logGet(43)) - raft.server.log.write.buffer.size = 33554432 (custom)
2019-09-17 05:39:28,947 [pool-609-thread-1] INFO  server.RaftServerConfigKeys (ConfUtils.java:logGet(43)) - raft.server.log.force.sync.num = 128 (default)
2019-09-17 05:39:28,947 [pool-609-thread-1] INFO  server.RaftServerConfigKeys (ConfUtils.java:logGet(43)) - raft.server.log.statemachine.data.sync = true (default)
2019-09-17 05:39:28,947 [pool-609-thread-1] INFO  server.RaftServerConfigKeys (ConfUtils.java:logGet(43)) - raft.server.log.statemachine.data.sync.timeout = 10s (default)
2019-09-17 05:39:28,947 [pool-609-thread-1] INFO  server.RaftServerConfigKeys (ConfUtils.java:logGet(43)) - raft.server.log.statemachine.data.sync.timeout.retry = -1 (default)
2019-09-17 05:39:28,948 [pool-609-thread-1] INFO  server.RaftServerConfigKeys (ConfUtils.java:logGet(43)) - raft.server.log.statemachine.data.caching.enabled = true (custom)
2019-09-17 05:39:28,948 [pool-609-thread-1] INFO  segmented.SegmentedRaftLogWorker (SegmentedRaftLogWorker.java:lambda$new$0(132)) - 6f64a23a-10c8-4f60-bb77-ad5952414a87@group-C2A154866FBA-SegmentedRaftLogWorker: flushIndex: setUnconditionally 0 -> -1
2019-09-17 05:39:28,948 [pool-609-thread-1] INFO  server.RaftServerConfigKeys (ConfUtils.java:logGet(43)) - raft.server.snapshot.auto.trigger.enabled = true (custom)
2019-09-17 05:39:28,948 [pool-609-thread-1] INFO  server.RaftServerConfigKeys (ConfUtils.java:logGet(43)) - raft.server.snapshot.auto.trigger.threshold = 10000 (custom)
2019-09-17 05:39:28,948 [pool-609-thread-1] INFO  server.RaftServerConfigKeys (ConfUtils.java:logGet(43)) - raft.server.snapshot.retention.num.files = 5 (custom)
2019-09-17 05:39:28,948 [pool-609-thread-1] INFO  server.RaftServerConfigKeys (ConfUtils.java:logGet(43)) - raft.server.retrycache.expirytime = 600000ms (custom)
2019-09-17 05:39:28,950 [pool-609-thread-1] INFO  impl.RaftServerImpl (RaftServerImpl.java:start(185)) - 6f64a23a-10c8-4f60-bb77-ad5952414a87@group-C2A154866FBA: start as a follower, conf=-1: [6f64a23a-10c8-4f60-bb77-ad5952414a87:192.168.69.122:38852], old=null
2019-09-17 05:39:28,950 [pool-609-thread-1] INFO  impl.RaftServerImpl (RaftServerImpl.java:setRole(174)) - 6f64a23a-10c8-4f60-bb77-ad5952414a87@group-C2A154866FBA: changes role from      null to FOLLOWER at term 0 for startAsFollower
2019-09-17 05:39:28,950 [pool-609-thread-1] INFO  impl.RoleInfo (RoleInfo.java:updateAndGet(143)) - 6f64a23a-10c8-4f60-bb77-ad5952414a87: start FollowerState
2019-09-17 05:39:28,950 [pool-609-thread-1] INFO  util.JmxRegister (JmxRegister.java:tryRegister(44)) - Successfully registered JMX Bean with object name Ratis:service=RaftServer,group=group-C2A154866FBA,id=6f64a23a-10c8-4f60-bb77-ad5952414a87
2019-09-17 05:39:28,952 [RatisPipelineUtilsThread] INFO  pipeline.PipelineStateManager (PipelineStateManager.java:addPipeline(56)) - Created pipeline Pipeline[ Id: 48aaec87-19df-4ad8-95e8-c2a154866fba, Nodes: 6f64a23a-10c8-4f60-bb77-ad5952414a87{ip: 192.168.69.122, host: trunk-nightly-20190917-29l5j-2509219610, networkLocation: /default-rack, certSerialId: null}, Type:RATIS, Factor:ONE, State:OPEN]
2019-09-17 05:39:28,967 [grpc-default-executor-12] INFO  impl.RaftServerProxy (RaftServerProxy.java:addNew(89)) - 6f64a23a-10c8-4f60-bb77-ad5952414a87: addNew group-AD9369A79441:[83c5c86f-4f0f-49a9-8168-55da465a77cb:192.168.69.122:39815, 6f64a23a-10c8-4f60-bb77-ad5952414a87:192.168.69.122:38852, 3bf073f2-310e-4683-a6c8-b828172024b1:192.168.69.122:33102] returns group-AD9369A79441:java.util.concurrent.CompletableFuture@64220274[Not completed]
2019-09-17 05:39:28,968 [pool-609-thread-1] INFO  impl.RaftServerImpl (RaftServerImpl.java:<init>(95)) - 6f64a23a-10c8-4f60-bb77-ad5952414a87: new RaftServerImpl for group-AD9369A79441:[83c5c86f-4f0f-49a9-8168-55da465a77cb:192.168.69.122:39815, 6f64a23a-10c8-4f60-bb77-ad5952414a87:192.168.69.122:38852, 3bf073f2-310e-4683-a6c8-b828172024b1:192.168.69.122:33102] with ContainerStateMachine:uninitialized
2019-09-17 05:39:28,968 [grpc-default-executor-12] INFO  impl.RaftServerProxy (RaftServerProxy.java:addNew(89)) - 3bf073f2-310e-4683-a6c8-b828172024b1: addNew group-AD9369A79441:[83c5c86f-4f0f-49a9-8168-55da465a77cb:192.168.69.122:39815, 6f64a23a-10c8-4f60-bb77-ad5952414a87:192.168.69.122:38852, 3bf073f2-310e-4683-a6c8-b828172024b1:192.168.69.122:33102] returns group-AD9369A79441:java.util.concurrent.CompletableFuture@338ea22c[Not completed]
2019-09-17 05:39:28,968 [pool-609-thread-1] INFO  server.RaftServerConfigKeys (ConfUtils.java:logGet(43)) - raft.server.rpc.timeout.min = 5s (custom)
2019-09-17 05:39:28,969 [pool-609-thread-1] INFO  server.RaftServerConfigKeys (ConfUtils.java:logGet(43)) - raft.server.rpc.timeout.max = 5200ms (custom)
2019-09-17 05:39:28,969 [pool-609-thread-1] INFO  server.RaftServerConfigKeys (ConfUtils.java:logGet(43)) - raft.server.rpcslowness.timeout = 120s (custom)
2019-09-17 05:39:28,969 [grpc-default-executor-12] INFO  impl.RaftServerProxy (RaftServerProxy.java:addNew(89)) - 83c5c86f-4f0f-49a9-8168-55da465a77cb: addNew group-AD9369A79441:[83c5c86f-4f0f-49a9-8168-55da465a77cb:192.168.69.122:39815, 6f64a23a-10c8-4f60-bb77-ad5952414a87:192.168.69.122:38852, 3bf073f2-310e-4683-a6c8-b828172024b1:192.168.69.122:33102] returns group-AD9369A79441:java.util.concurrent.CompletableFuture@5439d55d[Not completed]
2019-09-17 05:39:28,969 [pool-599-thread-1] INFO  impl.RaftServerImpl (RaftServerImpl.java:<init>(95)) - 3bf073f2-310e-4683-a6c8-b828172024b1: new RaftServerImpl for group-AD9369A79441:[83c5c86f-4f0f-49a9-8168-55da465a77cb:192.168.69.122:39815, 6f64a23a-10c8-4f60-bb77-ad5952414a87:192.168.69.122:38852, 3bf073f2-310e-4683-a6c8-b828172024b1:192.168.69.122:33102] with ContainerStateMachine:uninitialized
2019-09-17 05:39:28,969 [pool-609-thread-1] INFO  server.RaftServerConfigKeys (ConfUtils.java:logGet(43)) - raft.server.sleep.deviation.threshold = 300 (default)
2019-09-17 05:39:28,969 [pool-599-thread-1] INFO  server.RaftServerConfigKeys (ConfUtils.java:logGet(43)) - raft.server.rpc.timeout.min = 5s (custom)
2019-09-17 05:39:28,969 [pool-609-thread-1] INFO  server.RaftServerConfigKeys (ConfUtils.java:logGet(43)) - raft.server.log.appender.install.snapshot.enabled = false (custom)
2019-09-17 05:39:28,970 [pool-599-thread-1] INFO  server.RaftServerConfigKeys (ConfUtils.java:logGet(43)) - raft.server.rpc.timeout.max = 5200ms (custom)
2019-09-17 05:39:28,970 [pool-609-thread-1] INFO  impl.RaftServerImpl (ServerState.java:<init>(103)) - 6f64a23a-10c8-4f60-bb77-ad5952414a87@group-AD9369A79441: ConfigurationManager, init=-1: [83c5c86f-4f0f-49a9-8168-55da465a77cb:192.168.69.122:39815, 6f64a23a-10c8-4f60-bb77-ad5952414a87:192.168.69.122:38852, 3bf073f2-310e-4683-a6c8-b828172024b1:192.168.69.122:33102], old=null, confs=<EMPTY_MAP>
2019-09-17 05:39:28,970 [pool-599-thread-1] INFO  server.RaftServerConfigKeys (ConfUtils.java:logGet(43)) - raft.server.rpcslowness.timeout = 120s (custom)
2019-09-17 05:39:28,970 [pool-589-thread-1] INFO  impl.RaftServerImpl (RaftServerImpl.java:<init>(95)) - 83c5c86f-4f0f-49a9-8168-55da465a77cb: new RaftServerImpl for group-AD9369A79441:[83c5c86f-4f0f-49a9-8168-55da465a77cb:192.168.69.122:39815, 6f64a23a-10c8-4f60-bb77-ad5952414a87:192.168.69.122:38852, 3bf073f2-310e-4683-a6c8-b828172024b1:192.168.69.122:33102] with ContainerStateMachine:uninitialized
2019-09-17 05:39:28,970 [pool-609-thread-1] INFO  server.RaftServerConfigKeys (ConfUtils.java:logGet(43)) - raft.server.storage.dir = [/workdir/hadoop-ozone/integration-test/target/test-dir/MiniOzoneClusterImpl-19ed16c9-28cb-4873-91f5-e899d205af27/datanode-2/data/ratis] (custom)
2019-09-17 05:39:28,970 [pool-589-thread-1] INFO  server.RaftServerConfigKeys (ConfUtils.java:logGet(43)) - raft.server.rpc.timeout.min = 5s (custom)
2019-09-17 05:39:28,970 [pool-599-thread-1] INFO  server.RaftServerConfigKeys (ConfUtils.java:logGet(43)) - raft.server.sleep.deviation.threshold = 300 (default)
2019-09-17 05:39:28,970 [pool-589-thread-1] INFO  server.RaftServerConfigKeys (ConfUtils.java:logGet(43)) - raft.server.rpc.timeout.max = 5200ms (custom)
2019-09-17 05:39:28,970 [pool-609-thread-1] INFO  storage.RaftStorageDirectory (RaftStorageDirectory.java:analyzeStorage(246)) - The storage directory /workdir/hadoop-ozone/integration-test/target/test-dir/MiniOzoneClusterImpl-19ed16c9-28cb-4873-91f5-e899d205af27/datanode-2/data/ratis/ded81a5e-3662-4c76-9653-ad9369a79441 does not exist. Creating ...
2019-09-17 05:39:28,971 [pool-589-thread-1] INFO  server.RaftServerConfigKeys (ConfUtils.java:logGet(43)) - raft.server.rpcslowness.timeout = 120s (custom)
2019-09-17 05:39:28,970 [pool-599-thread-1] INFO  server.RaftServerConfigKeys (ConfUtils.java:logGet(43)) - raft.server.log.appender.install.snapshot.enabled = false (custom)
2019-09-17 05:39:28,971 [pool-589-thread-1] INFO  server.RaftServerConfigKeys (ConfUtils.java:logGet(43)) - raft.server.sleep.deviation.threshold = 300 (default)
2019-09-17 05:39:28,971 [pool-599-thread-1] INFO  impl.RaftServerImpl (ServerState.java:<init>(103)) - 3bf073f2-310e-4683-a6c8-b828172024b1@group-AD9369A79441: ConfigurationManager, init=-1: [83c5c86f-4f0f-49a9-8168-55da465a77cb:192.168.69.122:39815, 6f64a23a-10c8-4f60-bb77-ad5952414a87:192.168.69.122:38852, 3bf073f2-310e-4683-a6c8-b828172024b1:192.168.69.122:33102], old=null, confs=<EMPTY_MAP>
2019-09-17 05:39:28,971 [IPC Server handler 6 on 41833] INFO  net.NetworkTopology (NetworkTopologyImpl.java:add(111)) - Added a new node: /default-rack/263cca29-ebb5-4194-b7b5-686bd85c6f18
2019-09-17 05:39:28,971 [pool-589-thread-1] INFO  server.RaftServerConfigKeys (ConfUtils.java:logGet(43)) - raft.server.log.appender.install.snapshot.enabled = false (custom)
2019-09-17 05:39:28,971 [IPC Server handler 6 on 41833] INFO  node.SCMNodeManager (SCMNodeManager.java:register(266)) - Registered Data node : 263cca29-ebb5-4194-b7b5-686bd85c6f18{ip: 192.168.69.122, host: trunk-nightly-20190917-29l5j-2509219610, networkLocation: /default-rack, certSerialId: null}
2019-09-17 05:39:28,971 [pool-599-thread-1] INFO  server.RaftServerConfigKeys (ConfUtils.java:logGet(43)) - raft.server.storage.dir = [/workdir/hadoop-ozone/integration-test/target/test-dir/MiniOzoneClusterImpl-19ed16c9-28cb-4873-91f5-e899d205af27/datanode-1/data/ratis] (custom)
2019-09-17 05:39:28,971 [pool-589-thread-1] INFO  impl.RaftServerImpl (ServerState.java:<init>(103)) - 83c5c86f-4f0f-49a9-8168-55da465a77cb@group-AD9369A79441: ConfigurationManager, init=-1: [83c5c86f-4f0f-49a9-8168-55da465a77cb:192.168.69.122:39815, 6f64a23a-10c8-4f60-bb77-ad5952414a87:192.168.69.122:38852, 3bf073f2-310e-4683-a6c8-b828172024b1:192.168.69.122:33102], old=null, confs=<EMPTY_MAP>
2019-09-17 05:39:28,972 [pool-599-thread-1] INFO  storage.RaftStorageDirectory (RaftStorageDirectory.java:analyzeStorage(246)) - The storage directory /workdir/hadoop-ozone/integration-test/target/test-dir/MiniOzoneClusterImpl-19ed16c9-28cb-4873-91f5-e899d205af27/datanode-1/data/ratis/ded81a5e-3662-4c76-9653-ad9369a79441 does not exist. Creating ...
2019-09-17 05:39:28,972 [pool-589-thread-1] INFO  server.RaftServerConfigKeys (ConfUtils.java:logGet(43)) - raft.server.storage.dir = [/workdir/hadoop-ozone/integration-test/target/test-dir/MiniOzoneClusterImpl-19ed16c9-28cb-4873-91f5-e899d205af27/datanode-0/data/ratis] (custom)
2019-09-17 05:39:28,972 [pool-589-thread-1] INFO  storage.RaftStorageDirectory (RaftStorageDirectory.java:analyzeStorage(246)) - The storage directory /workdir/hadoop-ozone/integration-test/target/test-dir/MiniOzoneClusterImpl-19ed16c9-28cb-4873-91f5-e899d205af27/datanode-0/data/ratis/ded81a5e-3662-4c76-9653-ad9369a79441 does not exist. Creating ...
2019-09-17 05:39:28,978 [pool-599-thread-1] INFO  storage.RaftStorageDirectory (RaftStorageDirectory.java:tryLock(328)) - Lock on /workdir/hadoop-ozone/integration-test/target/test-dir/MiniOzoneClusterImpl-19ed16c9-28cb-4873-91f5-e899d205af27/datanode-1/data/ratis/ded81a5e-3662-4c76-9653-ad9369a79441/in_use.lock acquired by nodename 12078@trunk-nightly-20190917-29l5j-2509219610
2019-09-17 05:39:28,979 [pool-589-thread-1] INFO  storage.RaftStorageDirectory (RaftStorageDirectory.java:tryLock(328)) - Lock on /workdir/hadoop-ozone/integration-test/target/test-dir/MiniOzoneClusterImpl-19ed16c9-28cb-4873-91f5-e899d205af27/datanode-0/data/ratis/ded81a5e-3662-4c76-9653-ad9369a79441/in_use.lock acquired by nodename 12078@trunk-nightly-20190917-29l5j-2509219610
2019-09-17 05:39:28,978 [pool-609-thread-1] INFO  storage.RaftStorageDirectory (RaftStorageDirectory.java:tryLock(328)) - Lock on /workdir/hadoop-ozone/integration-test/target/test-dir/MiniOzoneClusterImpl-19ed16c9-28cb-4873-91f5-e899d205af27/datanode-2/data/ratis/ded81a5e-3662-4c76-9653-ad9369a79441/in_use.lock acquired by nodename 12078@trunk-nightly-20190917-29l5j-2509219610
2019-09-17 05:39:28,987 [pool-599-thread-1] INFO  storage.RaftStorage (RaftStorage.java:format(72)) - Storage directory /workdir/hadoop-ozone/integration-test/target/test-dir/MiniOzoneClusterImpl-19ed16c9-28cb-4873-91f5-e899d205af27/datanode-1/data/ratis/ded81a5e-3662-4c76-9653-ad9369a79441 has been successfully formatted.
2019-09-17 05:39:28,987 [pool-589-thread-1] INFO  storage.RaftStorage (RaftStorage.java:format(72)) - Storage directory /workdir/hadoop-ozone/integration-test/target/test-dir/MiniOzoneClusterImpl-19ed16c9-28cb-4873-91f5-e899d205af27/datanode-0/data/ratis/ded81a5e-3662-4c76-9653-ad9369a79441 has been successfully formatted.
2019-09-17 05:39:28,987 [pool-609-thread-1] INFO  storage.RaftStorage (RaftStorage.java:format(72)) - Storage directory /workdir/hadoop-ozone/integration-test/target/test-dir/MiniOzoneClusterImpl-19ed16c9-28cb-4873-91f5-e899d205af27/datanode-2/data/ratis/ded81a5e-3662-4c76-9653-ad9369a79441 has been successfully formatted.
2019-09-17 05:39:28,987 [pool-589-thread-1] INFO  ratis.ContainerStateMachine (ContainerStateMachine.java:loadSnapshot(230)) - group-AD9369A79441: The snapshot info is null. Setting the last applied indexto:(t:0, i:~)
2019-09-17 05:39:28,987 [pool-599-thread-1] INFO  ratis.ContainerStateMachine (ContainerStateMachine.java:loadSnapshot(230)) - group-AD9369A79441: The snapshot info is null. Setting the last applied indexto:(t:0, i:~)
2019-09-17 05:39:28,987 [pool-589-thread-1] INFO  server.RaftServerConfigKeys (ConfUtils.java:logGet(43)) - raft.server.notification.no-leader.timeout = 120s (custom)
2019-09-17 05:39:28,987 [pool-609-thread-1] INFO  ratis.ContainerStateMachine (ContainerStateMachine.java:loadSnapshot(230)) - group-AD9369A79441: The snapshot info is null. Setting the last applied indexto:(t:0, i:~)
2019-09-17 05:39:28,987 [pool-589-thread-1] INFO  server.RaftServerConfigKeys (ConfUtils.java:logGet(43)) - raft.server.log.use.memory = false (default)
2019-09-17 05:39:28,987 [pool-599-thread-1] INFO  server.RaftServerConfigKeys (ConfUtils.java:logGet(43)) - raft.server.notification.no-leader.timeout = 120s (custom)
2019-09-17 05:39:28,988 [pool-589-thread-1] INFO  server.RaftServerConfigKeys (ConfUtils.java:logGet(43)) - raft.server.log.purge.gap = 1000000 (custom)
2019-09-17 05:39:28,988 [pool-609-thread-1] INFO  server.RaftServerConfigKeys (ConfUtils.java:logGet(43)) - raft.server.notification.no-leader.timeout = 120s (custom)
2019-09-17 05:39:28,988 [pool-589-thread-1] INFO  server.RaftServerConfigKeys (ConfUtils.java:logGet(43)) - raft.server.log.appender.buffer.byte-limit = 33554432 (custom)
2019-09-17 05:39:28,988 [pool-599-thread-1] INFO  server.RaftServerConfigKeys (ConfUtils.java:logGet(43)) - raft.server.log.use.memory = false (default)
2019-09-17 05:39:28,988 [pool-589-thread-1] INFO  server.RaftServerConfigKeys (ConfUtils.java:logGet(43)) - raft.server.log.segment.size.max = 1048576 (custom)
2019-09-17 05:39:28,988 [pool-609-thread-1] INFO  server.RaftServerConfigKeys (ConfUtils.java:logGet(43)) - raft.server.log.use.memory = false (default)
2019-09-17 05:39:28,988 [pool-589-thread-1] INFO  server.RaftServerConfigKeys (ConfUtils.java:logGet(43)) - raft.server.log.segment.cache.num.max = 2 (custom)
2019-09-17 05:39:28,988 [pool-599-thread-1] INFO  server.RaftServerConfigKeys (ConfUtils.java:logGet(43)) - raft.server.log.purge.gap = 1000000 (custom)
2019-09-17 05:39:28,989 [pool-589-thread-1] INFO  segmented.SegmentedRaftLogWorker (SegmentedRaftLogWorker.java:<init>(172)) - new 83c5c86f-4f0f-49a9-8168-55da465a77cb@group-AD9369A79441-SegmentedRaftLogWorker for RaftStorage:Storage Directory /workdir/hadoop-ozone/integration-test/target/test-dir/MiniOzoneClusterImpl-19ed16c9-28cb-4873-91f5-e899d205af27/datanode-0/data/ratis/ded81a5e-3662-4c76-9653-ad9369a79441
2019-09-17 05:39:28,989 [pool-609-thread-1] INFO  server.RaftServerConfigKeys (ConfUtils.java:logGet(43)) - raft.server.log.purge.gap = 1000000 (custom)
2019-09-17 05:39:28,989 [pool-589-thread-1] INFO  server.RaftServerConfigKeys (ConfUtils.java:logGet(43)) - raft.server.log.queue.byte-limit = 2147483647 (custom)
2019-09-17 05:39:28,989 [pool-599-thread-1] INFO  server.RaftServerConfigKeys (ConfUtils.java:logGet(43)) - raft.server.log.appender.buffer.byte-limit = 33554432 (custom)
2019-09-17 05:39:28,989 [pool-589-thread-1] INFO  server.RaftServerConfigKeys (ConfUtils.java:logGet(43)) - raft.server.log.queue.element-limit = 1024 (custom)
2019-09-17 05:39:28,989 [pool-609-thread-1] INFO  server.RaftServerConfigKeys (ConfUtils.java:logGet(43)) - raft.server.log.appender.buffer.byte-limit = 33554432 (custom)
2019-09-17 05:39:28,989 [pool-589-thread-1] INFO  server.RaftServerConfigKeys (ConfUtils.java:logGet(43)) - raft.server.log.segment.size.max = 1048576 (custom)
2019-09-17 05:39:28,989 [pool-599-thread-1] INFO  server.RaftServerConfigKeys (ConfUtils.java:logGet(43)) - raft.server.log.segment.size.max = 1048576 (custom)
2019-09-17 05:39:28,990 [pool-589-thread-1] INFO  server.RaftServerConfigKeys (ConfUtils.java:logGet(43)) - raft.server.log.preallocated.size = 16384 (custom)
2019-09-17 05:39:28,990 [pool-609-thread-1] INFO  server.RaftServerConfigKeys (ConfUtils.java:logGet(43)) - raft.server.log.segment.size.max = 1048576 (custom)
2019-09-17 05:39:28,990 [pool-589-thread-1] INFO  server.RaftServerConfigKeys (ConfUtils.java:logGet(43)) - raft.server.log.write.buffer.size = 33554432 (custom)
2019-09-17 05:39:28,990 [pool-599-thread-1] INFO  server.RaftServerConfigKeys (ConfUtils.java:logGet(43)) - raft.server.log.segment.cache.num.max = 2 (custom)
2019-09-17 05:39:28,990 [pool-589-thread-1] INFO  server.RaftServerConfigKeys (ConfUtils.java:logGet(43)) - raft.server.log.force.sync.num = 128 (default)
2019-09-17 05:39:28,990 [pool-609-thread-1] INFO  server.RaftServerConfigKeys (ConfUtils.java:logGet(43)) - raft.server.log.segment.cache.num.max = 2 (custom)
2019-09-17 05:39:28,990 [pool-589-thread-1] INFO  server.RaftServerConfigKeys (ConfUtils.java:logGet(43)) - raft.server.log.statemachine.data.sync = true (default)
2019-09-17 05:39:28,990 [pool-599-thread-1] INFO  segmented.SegmentedRaftLogWorker (SegmentedRaftLogWorker.java:<init>(172)) - new 3bf073f2-310e-4683-a6c8-b828172024b1@group-AD9369A79441-SegmentedRaftLogWorker for RaftStorage:Storage Directory /workdir/hadoop-ozone/integration-test/target/test-dir/MiniOzoneClusterImpl-19ed16c9-28cb-4873-91f5-e899d205af27/datanode-1/data/ratis/ded81a5e-3662-4c76-9653-ad9369a79441
2019-09-17 05:39:28,991 [pool-589-thread-1] INFO  server.RaftServerConfigKeys (ConfUtils.java:logGet(43)) - raft.server.log.statemachine.data.sync.timeout = 10s (default)
2019-09-17 05:39:28,991 [pool-609-thread-1] INFO  segmented.SegmentedRaftLogWorker (SegmentedRaftLogWorker.java:<init>(172)) - new 6f64a23a-10c8-4f60-bb77-ad5952414a87@group-AD9369A79441-SegmentedRaftLogWorker for RaftStorage:Storage Directory /workdir/hadoop-ozone/integration-test/target/test-dir/MiniOzoneClusterImpl-19ed16c9-28cb-4873-91f5-e899d205af27/datanode-2/data/ratis/ded81a5e-3662-4c76-9653-ad9369a79441
2019-09-17 05:39:28,991 [pool-589-thread-1] INFO  server.RaftServerConfigKeys (ConfUtils.java:logGet(43)) - raft.server.log.statemachine.data.sync.timeout.retry = -1 (default)
2019-09-17 05:39:28,991 [pool-599-thread-1] INFO  server.RaftServerConfigKeys (ConfUtils.java:logGet(43)) - raft.server.log.queue.byte-limit = 2147483647 (custom)
2019-09-17 05:39:28,991 [pool-589-thread-1] INFO  server.RaftServerConfigKeys (ConfUtils.java:logGet(43)) - raft.server.log.statemachine.data.caching.enabled = true (custom)
2019-09-17 05:39:28,991 [pool-609-thread-1] INFO  server.RaftServerConfigKeys (ConfUtils.java:logGet(43)) - raft.server.log.queue.byte-limit = 2147483647 (custom)
2019-09-17 05:39:28,991 [pool-599-thread-1] INFO  server.RaftServerConfigKeys (ConfUtils.java:logGet(43)) - raft.server.log.queue.element-limit = 1024 (custom)
2019-09-17 05:39:28,992 [pool-589-thread-1] INFO  segmented.SegmentedRaftLogWorker (SegmentedRaftLogWorker.java:lambda$new$0(132)) - 83c5c86f-4f0f-49a9-8168-55da465a77cb@group-AD9369A79441-SegmentedRaftLogWorker: flushIndex: setUnconditionally 0 -> -1
2019-09-17 05:39:28,992 [pool-609-thread-1] INFO  server.RaftServerConfigKeys (ConfUtils.java:logGet(43)) - raft.server.log.queue.element-limit = 1024 (custom)
2019-09-17 05:39:28,992 [pool-599-thread-1] INFO  server.RaftServerConfigKeys (ConfUtils.java:logGet(43)) - raft.server.log.segment.size.max = 1048576 (custom)
2019-09-17 05:39:28,992 [pool-609-thread-1] INFO  server.RaftServerConfigKeys (ConfUtils.java:logGet(43)) - raft.server.log.segment.size.max = 1048576 (custom)
2019-09-17 05:39:28,992 [pool-589-thread-1] INFO  server.RaftServerConfigKeys (ConfUtils.java:logGet(43)) - raft.server.snapshot.auto.trigger.enabled = true (custom)
2019-09-17 05:39:28,992 [pool-609-thread-1] INFO  server.RaftServerConfigKeys (ConfUtils.java:logGet(43)) - raft.server.log.preallocated.size = 16384 (custom)
2019-09-17 05:39:28,992 [pool-599-thread-1] INFO  server.RaftServerConfigKeys (ConfUtils.java:logGet(43)) - raft.server.log.preallocated.size = 16384 (custom)
2019-09-17 05:39:28,992 [pool-609-thread-1] INFO  server.RaftServerConfigKeys (ConfUtils.java:logGet(43)) - raft.server.log.write.buffer.size = 33554432 (custom)
2019-09-17 05:39:28,992 [pool-589-thread-1] INFO  server.RaftServerConfigKeys (ConfUtils.java:logGet(43)) - raft.server.snapshot.auto.trigger.threshold = 10000 (custom)
2019-09-17 05:39:28,993 [pool-609-thread-1] INFO  server.RaftServerConfigKeys (ConfUtils.java:logGet(43)) - raft.server.log.force.sync.num = 128 (default)
2019-09-17 05:39:28,993 [pool-599-thread-1] INFO  server.RaftServerConfigKeys (ConfUtils.java:logGet(43)) - raft.server.log.write.buffer.size = 33554432 (custom)
2019-09-17 05:39:28,993 [pool-609-thread-1] INFO  server.RaftServerConfigKeys (ConfUtils.java:logGet(43)) - raft.server.log.statemachine.data.sync = true (default)
2019-09-17 05:39:28,993 [pool-589-thread-1] INFO  server.RaftServerConfigKeys (ConfUtils.java:logGet(43)) - raft.server.snapshot.retention.num.files = 5 (custom)
2019-09-17 05:39:28,993 [pool-609-thread-1] INFO  server.RaftServerConfigKeys (ConfUtils.java:logGet(43)) - raft.server.log.statemachine.data.sync.timeout = 10s (default)
2019-09-17 05:39:28,993 [pool-599-thread-1] INFO  server.RaftServerConfigKeys (ConfUtils.java:logGet(43)) - raft.server.log.force.sync.num = 128 (default)
2019-09-17 05:39:28,993 [pool-589-thread-1] INFO  server.RaftServerConfigKeys (ConfUtils.java:logGet(43)) - raft.server.retrycache.expirytime = 600000ms (custom)
2019-09-17 05:39:28,994 [pool-609-thread-1] INFO  server.RaftServerConfigKeys (ConfUtils.java:logGet(43)) - raft.server.log.statemachine.data.sync.timeout.retry = -1 (default)
2019-09-17 05:39:28,993 [pool-599-thread-1] INFO  server.RaftServerConfigKeys (ConfUtils.java:logGet(43)) - raft.server.log.statemachine.data.sync = true (default)
2019-09-17 05:39:28,994 [pool-609-thread-1] INFO  server.RaftServerConfigKeys (ConfUtils.java:logGet(43)) - raft.server.log.statemachine.data.caching.enabled = true (custom)
2019-09-17 05:39:28,994 [pool-599-thread-1] INFO  server.RaftServerConfigKeys (ConfUtils.java:logGet(43)) - raft.server.log.statemachine.data.sync.timeout = 10s (default)
2019-09-17 05:39:28,994 [pool-609-thread-1] INFO  segmented.SegmentedRaftLogWorker (SegmentedRaftLogWorker.java:lambda$new$0(132)) - 6f64a23a-10c8-4f60-bb77-ad5952414a87@group-AD9369A79441-SegmentedRaftLogWorker: flushIndex: setUnconditionally 0 -> -1
2019-09-17 05:39:28,994 [pool-599-thread-1] INFO  server.RaftServerConfigKeys (ConfUtils.java:logGet(43)) - raft.server.log.statemachine.data.sync.timeout.retry = -1 (default)
2019-09-17 05:39:28,994 [pool-609-thread-1] INFO  server.RaftServerConfigKeys (ConfUtils.java:logGet(43)) - raft.server.snapshot.auto.trigger.enabled = true (custom)
2019-09-17 05:39:28,994 [pool-599-thread-1] INFO  server.RaftServerConfigKeys (ConfUtils.java:logGet(43)) - raft.server.log.statemachine.data.caching.enabled = true (custom)
2019-09-17 05:39:28,995 [pool-609-thread-1] INFO  server.RaftServerConfigKeys (ConfUtils.java:logGet(43)) - raft.server.snapshot.auto.trigger.threshold = 10000 (custom)
2019-09-17 05:39:28,995 [pool-599-thread-1] INFO  segmented.SegmentedRaftLogWorker (SegmentedRaftLogWorker.java:lambda$new$0(132)) - 3bf073f2-310e-4683-a6c8-b828172024b1@group-AD9369A79441-SegmentedRaftLogWorker: flushIndex: setUnconditionally 0 -> -1
2019-09-17 05:39:28,995 [pool-609-thread-1] INFO  server.RaftServerConfigKeys (ConfUtils.java:logGet(43)) - raft.server.snapshot.retention.num.files = 5 (custom)
2019-09-17 05:39:28,995 [pool-599-thread-1] INFO  server.RaftServerConfigKeys (ConfUtils.java:logGet(43)) - raft.server.snapshot.auto.trigger.enabled = true (custom)
2019-09-17 05:39:28,995 [pool-609-thread-1] INFO  server.RaftServerConfigKeys (ConfUtils.java:logGet(43)) - raft.server.retrycache.expirytime = 600000ms (custom)
2019-09-17 05:39:28,995 [pool-589-thread-1] INFO  impl.RaftServerImpl (RaftServerImpl.java:start(185)) - 83c5c86f-4f0f-49a9-8168-55da465a77cb@group-AD9369A79441: start as a follower, conf=-1: [83c5c86f-4f0f-49a9-8168-55da465a77cb:192.168.69.122:39815, 6f64a23a-10c8-4f60-bb77-ad5952414a87:192.168.69.122:38852, 3bf073f2-310e-4683-a6c8-b828172024b1:192.168.69.122:33102], old=null
2019-09-17 05:39:28,995 [pool-599-thread-1] INFO  server.RaftServerConfigKeys (ConfUtils.java:logGet(43)) - raft.server.snapshot.auto.trigger.threshold = 10000 (custom)
2019-09-17 05:39:28,995 [pool-589-thread-1] INFO  impl.RaftServerImpl (RaftServerImpl.java:setRole(174)) - 83c5c86f-4f0f-49a9-8168-55da465a77cb@group-AD9369A79441: changes role from      null to FOLLOWER at term 0 for startAsFollower
2019-09-17 05:39:28,995 [pool-599-thread-1] INFO  server.RaftServerConfigKeys (ConfUtils.java:logGet(43)) - raft.server.snapshot.retention.num.files = 5 (custom)
2019-09-17 05:39:28,996 [pool-589-thread-1] INFO  impl.RoleInfo (RoleInfo.java:updateAndGet(143)) - 83c5c86f-4f0f-49a9-8168-55da465a77cb: start FollowerState
2019-09-17 05:39:28,996 [pool-599-thread-1] INFO  server.RaftServerConfigKeys (ConfUtils.java:logGet(43)) - raft.server.retrycache.expirytime = 600000ms (custom)
2019-09-17 05:39:28,996 [pool-589-thread-1] INFO  util.JmxRegister (JmxRegister.java:tryRegister(44)) - Successfully registered JMX Bean with object name Ratis:service=RaftServer,group=group-AD9369A79441,id=83c5c86f-4f0f-49a9-8168-55da465a77cb
2019-09-17 05:39:28,997 [pool-609-thread-1] INFO  impl.RaftServerImpl (RaftServerImpl.java:start(185)) - 6f64a23a-10c8-4f60-bb77-ad5952414a87@group-AD9369A79441: start as a follower, conf=-1: [83c5c86f-4f0f-49a9-8168-55da465a77cb:192.168.69.122:39815, 6f64a23a-10c8-4f60-bb77-ad5952414a87:192.168.69.122:38852, 3bf073f2-310e-4683-a6c8-b828172024b1:192.168.69.122:33102], old=null
2019-09-17 05:39:28,997 [pool-609-thread-1] INFO  impl.RaftServerImpl (RaftServerImpl.java:setRole(174)) - 6f64a23a-10c8-4f60-bb77-ad5952414a87@group-AD9369A79441: changes role from      null to FOLLOWER at term 0 for startAsFollower
2019-09-17 05:39:28,997 [pool-609-thread-1] INFO  impl.RoleInfo (RoleInfo.java:updateAndGet(143)) - 6f64a23a-10c8-4f60-bb77-ad5952414a87: start FollowerState
2019-09-17 05:39:28,998 [pool-609-thread-1] INFO  util.JmxRegister (JmxRegister.java:tryRegister(44)) - Successfully registered JMX Bean with object name Ratis:service=RaftServer,group=group-AD9369A79441,id=6f64a23a-10c8-4f60-bb77-ad5952414a87
2019-09-17 05:39:28,998 [pool-599-thread-1] INFO  impl.RaftServerImpl (RaftServerImpl.java:start(185)) - 3bf073f2-310e-4683-a6c8-b828172024b1@group-AD9369A79441: start as a follower, conf=-1: [83c5c86f-4f0f-49a9-8168-55da465a77cb:192.168.69.122:39815, 6f64a23a-10c8-4f60-bb77-ad5952414a87:192.168.69.122:38852, 3bf073f2-310e-4683-a6c8-b828172024b1:192.168.69.122:33102], old=null
2019-09-17 05:39:28,998 [pool-599-thread-1] INFO  impl.RaftServerImpl (RaftServerImpl.java:setRole(174)) - 3bf073f2-310e-4683-a6c8-b828172024b1@group-AD9369A79441: changes role from      null to FOLLOWER at term 0 for startAsFollower
2019-09-17 05:39:28,998 [pool-599-thread-1] INFO  impl.RoleInfo (RoleInfo.java:updateAndGet(143)) - 3bf073f2-310e-4683-a6c8-b828172024b1: start FollowerState
2019-09-17 05:39:28,998 [pool-599-thread-1] INFO  util.JmxRegister (JmxRegister.java:tryRegister(44)) - Successfully registered JMX Bean with object name Ratis:service=RaftServer,group=group-AD9369A79441,id=3bf073f2-310e-4683-a6c8-b828172024b1
2019-09-17 05:39:29,000 [RatisPipelineUtilsThread] INFO  pipeline.PipelineStateManager (PipelineStateManager.java:addPipeline(56)) - Created pipeline Pipeline[ Id: ded81a5e-3662-4c76-9653-ad9369a79441, Nodes: 3bf073f2-310e-4683-a6c8-b828172024b1{ip: 192.168.69.122, host: trunk-nightly-20190917-29l5j-2509219610, networkLocation: /default-rack, certSerialId: null}6f64a23a-10c8-4f60-bb77-ad5952414a87{ip: 192.168.69.122, host: trunk-nightly-20190917-29l5j-2509219610, networkLocation: /default-rack, certSerialId: null}83c5c86f-4f0f-49a9-8168-55da465a77cb{ip: 192.168.69.122, host: trunk-nightly-20190917-29l5j-2509219610, networkLocation: /default-rack, certSerialId: null}, Type:RATIS, Factor:THREE, State:OPEN]
2019-09-17 05:39:29,035 [IPC Server handler 0 on 41833] INFO  net.NetworkTopology (NetworkTopologyImpl.java:add(111)) - Added a new node: /default-rack/709477b2-7a5d-4422-82d7-7ceaa516784a
2019-09-17 05:39:29,035 [IPC Server handler 0 on 41833] INFO  node.SCMNodeManager (SCMNodeManager.java:register(266)) - Registered Data node : 709477b2-7a5d-4422-82d7-7ceaa516784a{ip: 192.168.69.122, host: trunk-nightly-20190917-29l5j-2509219610, networkLocation: /default-rack, certSerialId: null}
2019-09-17 05:39:29,053 [grpc-default-executor-12] INFO  impl.RaftServerProxy (RaftServerProxy.java:addNew(89)) - 709477b2-7a5d-4422-82d7-7ceaa516784a: addNew group-4A53CB45B368:[709477b2-7a5d-4422-82d7-7ceaa516784a:192.168.69.122:34521] returns group-4A53CB45B368:java.util.concurrent.CompletableFuture@77c1787[Not completed]
2019-09-17 05:39:29,057 [pool-629-thread-1] INFO  impl.RaftServerImpl (RaftServerImpl.java:<init>(95)) - 709477b2-7a5d-4422-82d7-7ceaa516784a: new RaftServerImpl for group-4A53CB45B368:[709477b2-7a5d-4422-82d7-7ceaa516784a:192.168.69.122:34521] with ContainerStateMachine:uninitialized
2019-09-17 05:39:29,057 [pool-629-thread-1] INFO  server.RaftServerConfigKeys (ConfUtils.java:logGet(43)) - raft.server.rpc.timeout.min = 5s (custom)
2019-09-17 05:39:29,058 [pool-629-thread-1] INFO  server.RaftServerConfigKeys (ConfUtils.java:logGet(43)) - raft.server.rpc.timeout.max = 5200ms (custom)
2019-09-17 05:39:29,058 [pool-629-thread-1] INFO  server.RaftServerConfigKeys (ConfUtils.java:logGet(43)) - raft.server.rpcslowness.timeout = 120s (custom)
2019-09-17 05:39:29,058 [pool-629-thread-1] INFO  server.RaftServerConfigKeys (ConfUtils.java:logGet(43)) - raft.server.sleep.deviation.threshold = 300 (default)
2019-09-17 05:39:29,058 [pool-629-thread-1] INFO  server.RaftServerConfigKeys (ConfUtils.java:logGet(43)) - raft.server.log.appender.install.snapshot.enabled = false (custom)
2019-09-17 05:39:29,058 [pool-629-thread-1] INFO  impl.RaftServerImpl (ServerState.java:<init>(103)) - 709477b2-7a5d-4422-82d7-7ceaa516784a@group-4A53CB45B368: ConfigurationManager, init=-1: [709477b2-7a5d-4422-82d7-7ceaa516784a:192.168.69.122:34521], old=null, confs=<EMPTY_MAP>
2019-09-17 05:39:29,058 [pool-629-thread-1] INFO  server.RaftServerConfigKeys (ConfUtils.java:logGet(43)) - raft.server.storage.dir = [/workdir/hadoop-ozone/integration-test/target/test-dir/MiniOzoneClusterImpl-19ed16c9-28cb-4873-91f5-e899d205af27/datanode-4/data/ratis] (custom)
2019-09-17 05:39:29,059 [pool-629-thread-1] INFO  storage.RaftStorageDirectory (RaftStorageDirectory.java:analyzeStorage(246)) - The storage directory /workdir/hadoop-ozone/integration-test/target/test-dir/MiniOzoneClusterImpl-19ed16c9-28cb-4873-91f5-e899d205af27/datanode-4/data/ratis/b2dc3e21-0d88-4951-8b58-4a53cb45b368 does not exist. Creating ...
2019-09-17 05:39:29,063 [pool-629-thread-1] INFO  storage.RaftStorageDirectory (RaftStorageDirectory.java:tryLock(328)) - Lock on /workdir/hadoop-ozone/integration-test/target/test-dir/MiniOzoneClusterImpl-19ed16c9-28cb-4873-91f5-e899d205af27/datanode-4/data/ratis/b2dc3e21-0d88-4951-8b58-4a53cb45b368/in_use.lock acquired by nodename 12078@trunk-nightly-20190917-29l5j-2509219610
2019-09-17 05:39:29,081 [pool-629-thread-1] INFO  storage.RaftStorage (RaftStorage.java:format(72)) - Storage directory /workdir/hadoop-ozone/integration-test/target/test-dir/MiniOzoneClusterImpl-19ed16c9-28cb-4873-91f5-e899d205af27/datanode-4/data/ratis/b2dc3e21-0d88-4951-8b58-4a53cb45b368 has been successfully formatted.
2019-09-17 05:39:29,081 [pool-629-thread-1] INFO  ratis.ContainerStateMachine (ContainerStateMachine.java:loadSnapshot(230)) - group-4A53CB45B368: The snapshot info is null. Setting the last applied indexto:(t:0, i:~)
2019-09-17 05:39:29,082 [pool-629-thread-1] INFO  server.RaftServerConfigKeys (ConfUtils.java:logGet(43)) - raft.server.notification.no-leader.timeout = 120s (custom)
2019-09-17 05:39:29,082 [pool-629-thread-1] INFO  server.RaftServerConfigKeys (ConfUtils.java:logGet(43)) - raft.server.log.use.memory = false (default)
2019-09-17 05:39:29,082 [pool-629-thread-1] INFO  server.RaftServerConfigKeys (ConfUtils.java:logGet(43)) - raft.server.log.purge.gap = 1000000 (custom)
2019-09-17 05:39:29,082 [pool-629-thread-1] INFO  server.RaftServerConfigKeys (ConfUtils.java:logGet(43)) - raft.server.log.appender.buffer.byte-limit = 33554432 (custom)
2019-09-17 05:39:29,082 [pool-629-thread-1] INFO  server.RaftServerConfigKeys (ConfUtils.java:logGet(43)) - raft.server.log.segment.size.max = 1048576 (custom)
2019-09-17 05:39:29,082 [pool-629-thread-1] INFO  server.RaftServerConfigKeys (ConfUtils.java:logGet(43)) - raft.server.log.segment.cache.num.max = 2 (custom)
2019-09-17 05:39:29,083 [pool-629-thread-1] INFO  segmented.SegmentedRaftLogWorker (SegmentedRaftLogWorker.java:<init>(172)) - new 709477b2-7a5d-4422-82d7-7ceaa516784a@group-4A53CB45B368-SegmentedRaftLogWorker for RaftStorage:Storage Directory /workdir/hadoop-ozone/integration-test/target/test-dir/MiniOzoneClusterImpl-19ed16c9-28cb-4873-91f5-e899d205af27/datanode-4/data/ratis/b2dc3e21-0d88-4951-8b58-4a53cb45b368
2019-09-17 05:39:29,084 [pool-629-thread-1] INFO  server.RaftServerConfigKeys (ConfUtils.java:logGet(43)) - raft.server.log.queue.byte-limit = 2147483647 (custom)
2019-09-17 05:39:29,084 [pool-629-thread-1] INFO  server.RaftServerConfigKeys (ConfUtils.java:logGet(43)) - raft.server.log.queue.element-limit = 1024 (custom)
2019-09-17 05:39:29,085 [pool-629-thread-1] INFO  server.RaftServerConfigKeys (ConfUtils.java:logGet(43)) - raft.server.log.segment.size.max = 1048576 (custom)
2019-09-17 05:39:29,085 [pool-629-thread-1] INFO  server.RaftServerConfigKeys (ConfUtils.java:logGet(43)) - raft.server.log.preallocated.size = 16384 (custom)
2019-09-17 05:39:29,085 [pool-629-thread-1] INFO  server.RaftServerConfigKeys (ConfUtils.java:logGet(43)) - raft.server.log.write.buffer.size = 33554432 (custom)
2019-09-17 05:39:29,085 [pool-629-thread-1] INFO  server.RaftServerConfigKeys (ConfUtils.java:logGet(43)) - raft.server.log.force.sync.num = 128 (default)
2019-09-17 05:39:29,085 [pool-629-thread-1] INFO  server.RaftServerConfigKeys (ConfUtils.java:logGet(43)) - raft.server.log.statemachine.data.sync = true (default)
2019-09-17 05:39:29,085 [pool-629-thread-1] INFO  server.RaftServerConfigKeys (ConfUtils.java:logGet(43)) - raft.server.log.statemachine.data.sync.timeout = 10s (default)
2019-09-17 05:39:29,085 [pool-629-thread-1] INFO  server.RaftServerConfigKeys (ConfUtils.java:logGet(43)) - raft.server.log.statemachine.data.sync.timeout.retry = -1 (default)
2019-09-17 05:39:29,086 [pool-629-thread-1] INFO  server.RaftServerConfigKeys (ConfUtils.java:logGet(43)) - raft.server.log.statemachine.data.caching.enabled = true (custom)
2019-09-17 05:39:29,086 [pool-629-thread-1] INFO  segmented.SegmentedRaftLogWorker (SegmentedRaftLogWorker.java:lambda$new$0(132)) - 709477b2-7a5d-4422-82d7-7ceaa516784a@group-4A53CB45B368-SegmentedRaftLogWorker: flushIndex: setUnconditionally 0 -> -1
2019-09-17 05:39:29,086 [pool-629-thread-1] INFO  server.RaftServerConfigKeys (ConfUtils.java:logGet(43)) - raft.server.snapshot.auto.trigger.enabled = true (custom)
2019-09-17 05:39:29,086 [pool-629-thread-1] INFO  server.RaftServerConfigKeys (ConfUtils.java:logGet(43)) - raft.server.snapshot.auto.trigger.threshold = 10000 (custom)
2019-09-17 05:39:29,087 [pool-629-thread-1] INFO  server.RaftServerConfigKeys (ConfUtils.java:logGet(43)) - raft.server.snapshot.retention.num.files = 5 (custom)
2019-09-17 05:39:29,087 [pool-629-thread-1] INFO  server.RaftServerConfigKeys (ConfUtils.java:logGet(43)) - raft.server.retrycache.expirytime = 600000ms (custom)
2019-09-17 05:39:29,089 [pool-629-thread-1] INFO  impl.RaftServerImpl (RaftServerImpl.java:start(185)) - 709477b2-7a5d-4422-82d7-7ceaa516784a@group-4A53CB45B368: start as a follower, conf=-1: [709477b2-7a5d-4422-82d7-7ceaa516784a:192.168.69.122:34521], old=null
2019-09-17 05:39:29,089 [pool-629-thread-1] INFO  impl.RaftServerImpl (RaftServerImpl.java:setRole(174)) - 709477b2-7a5d-4422-82d7-7ceaa516784a@group-4A53CB45B368: changes role from      null to FOLLOWER at term 0 for startAsFollower
2019-09-17 05:39:29,089 [pool-629-thread-1] INFO  impl.RoleInfo (RoleInfo.java:updateAndGet(143)) - 709477b2-7a5d-4422-82d7-7ceaa516784a: start FollowerState
2019-09-17 05:39:29,089 [pool-629-thread-1] INFO  util.JmxRegister (JmxRegister.java:tryRegister(44)) - Successfully registered JMX Bean with object name Ratis:service=RaftServer,group=group-4A53CB45B368,id=709477b2-7a5d-4422-82d7-7ceaa516784a
2019-09-17 05:39:29,092 [RatisPipelineUtilsThread] INFO  pipeline.PipelineStateManager (PipelineStateManager.java:addPipeline(56)) - Created pipeline Pipeline[ Id: b2dc3e21-0d88-4951-8b58-4a53cb45b368, Nodes: 709477b2-7a5d-4422-82d7-7ceaa516784a{ip: 192.168.69.122, host: trunk-nightly-20190917-29l5j-2509219610, networkLocation: /default-rack, certSerialId: null}, Type:RATIS, Factor:ONE, State:OPEN]
2019-09-17 05:39:29,098 [grpc-default-executor-12] INFO  impl.RaftServerProxy (RaftServerProxy.java:addNew(89)) - 263cca29-ebb5-4194-b7b5-686bd85c6f18: addNew group-337BF6B08397:[263cca29-ebb5-4194-b7b5-686bd85c6f18:192.168.69.122:45666] returns group-337BF6B08397:java.util.concurrent.CompletableFuture@45c384da[Not completed]
2019-09-17 05:39:29,099 [pool-619-thread-1] INFO  impl.RaftServerImpl (RaftServerImpl.java:<init>(95)) - 263cca29-ebb5-4194-b7b5-686bd85c6f18: new RaftServerImpl for group-337BF6B08397:[263cca29-ebb5-4194-b7b5-686bd85c6f18:192.168.69.122:45666] with ContainerStateMachine:uninitialized
2019-09-17 05:39:29,099 [IPC Server handler 1 on 41833] INFO  net.NetworkTopology (NetworkTopologyImpl.java:add(111)) - Added a new node: /default-rack/0076424b-dbc7-4d88-ac92-4910588e0078
2019-09-17 05:39:29,099 [pool-619-thread-1] INFO  server.RaftServerConfigKeys (ConfUtils.java:logGet(43)) - raft.server.rpc.timeout.min = 5s (custom)
2019-09-17 05:39:29,099 [IPC Server handler 1 on 41833] INFO  node.SCMNodeManager (SCMNodeManager.java:register(266)) - Registered Data node : 0076424b-dbc7-4d88-ac92-4910588e0078{ip: 192.168.69.122, host: trunk-nightly-20190917-29l5j-2509219610, networkLocation: /default-rack, certSerialId: null}
2019-09-17 05:39:29,099 [pool-619-thread-1] INFO  server.RaftServerConfigKeys (ConfUtils.java:logGet(43)) - raft.server.rpc.timeout.max = 5200ms (custom)
2019-09-17 05:39:29,099 [pool-619-thread-1] INFO  server.RaftServerConfigKeys (ConfUtils.java:logGet(43)) - raft.server.rpcslowness.timeout = 120s (custom)
2019-09-17 05:39:29,099 [pool-619-thread-1] INFO  server.RaftServerConfigKeys (ConfUtils.java:logGet(43)) - raft.server.sleep.deviation.threshold = 300 (default)
2019-09-17 05:39:29,100 [pool-619-thread-1] INFO  server.RaftServerConfigKeys (ConfUtils.java:logGet(43)) - raft.server.log.appender.install.snapshot.enabled = false (custom)
2019-09-17 05:39:29,100 [pool-619-thread-1] INFO  impl.RaftServerImpl (ServerState.java:<init>(103)) - 263cca29-ebb5-4194-b7b5-686bd85c6f18@group-337BF6B08397: ConfigurationManager, init=-1: [263cca29-ebb5-4194-b7b5-686bd85c6f18:192.168.69.122:45666], old=null, confs=<EMPTY_MAP>
2019-09-17 05:39:29,100 [pool-619-thread-1] INFO  server.RaftServerConfigKeys (ConfUtils.java:logGet(43)) - raft.server.storage.dir = [/workdir/hadoop-ozone/integration-test/target/test-dir/MiniOzoneClusterImpl-19ed16c9-28cb-4873-91f5-e899d205af27/datanode-3/data/ratis] (custom)
2019-09-17 05:39:29,100 [pool-619-thread-1] INFO  storage.RaftStorageDirectory (RaftStorageDirectory.java:analyzeStorage(246)) - The storage directory /workdir/hadoop-ozone/integration-test/target/test-dir/MiniOzoneClusterImpl-19ed16c9-28cb-4873-91f5-e899d205af27/datanode-3/data/ratis/c94993ed-242d-4082-93b6-337bf6b08397 does not exist. Creating ...
2019-09-17 05:39:29,113 [pool-619-thread-1] INFO  storage.RaftStorageDirectory (RaftStorageDirectory.java:tryLock(328)) - Lock on /workdir/hadoop-ozone/integration-test/target/test-dir/MiniOzoneClusterImpl-19ed16c9-28cb-4873-91f5-e899d205af27/datanode-3/data/ratis/c94993ed-242d-4082-93b6-337bf6b08397/in_use.lock acquired by nodename 12078@trunk-nightly-20190917-29l5j-2509219610
2019-09-17 05:39:29,128 [pool-619-thread-1] INFO  storage.RaftStorage (RaftStorage.java:format(72)) - Storage directory /workdir/hadoop-ozone/integration-test/target/test-dir/MiniOzoneClusterImpl-19ed16c9-28cb-4873-91f5-e899d205af27/datanode-3/data/ratis/c94993ed-242d-4082-93b6-337bf6b08397 has been successfully formatted.
2019-09-17 05:39:29,128 [pool-619-thread-1] INFO  ratis.ContainerStateMachine (ContainerStateMachine.java:loadSnapshot(230)) - group-337BF6B08397: The snapshot info is null. Setting the last applied indexto:(t:0, i:~)
2019-09-17 05:39:29,128 [pool-619-thread-1] INFO  server.RaftServerConfigKeys (ConfUtils.java:logGet(43)) - raft.server.notification.no-leader.timeout = 120s (custom)
2019-09-17 05:39:29,128 [pool-619-thread-1] INFO  server.RaftServerConfigKeys (ConfUtils.java:logGet(43)) - raft.server.log.use.memory = false (default)
2019-09-17 05:39:29,129 [pool-619-thread-1] INFO  server.RaftServerConfigKeys (ConfUtils.java:logGet(43)) - raft.server.log.purge.gap = 1000000 (custom)
2019-09-17 05:39:29,129 [pool-619-thread-1] INFO  server.RaftServerConfigKeys (ConfUtils.java:logGet(43)) - raft.server.log.appender.buffer.byte-limit = 33554432 (custom)
2019-09-17 05:39:29,129 [pool-619-thread-1] INFO  server.RaftServerConfigKeys (ConfUtils.java:logGet(43)) - raft.server.log.segment.size.max = 1048576 (custom)
2019-09-17 05:39:29,129 [pool-619-thread-1] INFO  server.RaftServerConfigKeys (ConfUtils.java:logGet(43)) - raft.server.log.segment.cache.num.max = 2 (custom)
2019-09-17 05:39:29,129 [pool-619-thread-1] INFO  segmented.SegmentedRaftLogWorker (SegmentedRaftLogWorker.java:<init>(172)) - new 263cca29-ebb5-4194-b7b5-686bd85c6f18@group-337BF6B08397-SegmentedRaftLogWorker for RaftStorage:Storage Directory /workdir/hadoop-ozone/integration-test/target/test-dir/MiniOzoneClusterImpl-19ed16c9-28cb-4873-91f5-e899d205af27/datanode-3/data/ratis/c94993ed-242d-4082-93b6-337bf6b08397
2019-09-17 05:39:29,130 [pool-619-thread-1] INFO  server.RaftServerConfigKeys (ConfUtils.java:logGet(43)) - raft.server.log.queue.byte-limit = 2147483647 (custom)
2019-09-17 05:39:29,130 [pool-619-thread-1] INFO  server.RaftServerConfigKeys (ConfUtils.java:logGet(43)) - raft.server.log.queue.element-limit = 1024 (custom)
2019-09-17 05:39:29,131 [pool-619-thread-1] INFO  server.RaftServerConfigKeys (ConfUtils.java:logGet(43)) - raft.server.log.segment.size.max = 1048576 (custom)
2019-09-17 05:39:29,131 [pool-619-thread-1] INFO  server.RaftServerConfigKeys (ConfUtils.java:logGet(43)) - raft.server.log.preallocated.size = 16384 (custom)
2019-09-17 05:39:29,131 [pool-619-thread-1] INFO  server.RaftServerConfigKeys (ConfUtils.java:logGet(43)) - raft.server.log.write.buffer.size = 33554432 (custom)
2019-09-17 05:39:29,131 [pool-619-thread-1] INFO  server.RaftServerConfigKeys (ConfUtils.java:logGet(43)) - raft.server.log.force.sync.num = 128 (default)
2019-09-17 05:39:29,131 [pool-619-thread-1] INFO  server.RaftServerConfigKeys (ConfUtils.java:logGet(43)) - raft.server.log.statemachine.data.sync = true (default)
2019-09-17 05:39:29,131 [pool-619-thread-1] INFO  server.RaftServerConfigKeys (ConfUtils.java:logGet(43)) - raft.server.log.statemachine.data.sync.timeout = 10s (default)
2019-09-17 05:39:29,131 [pool-619-thread-1] INFO  server.RaftServerConfigKeys (ConfUtils.java:logGet(43)) - raft.server.log.statemachine.data.sync.timeout.retry = -1 (default)
2019-09-17 05:39:29,131 [pool-619-thread-1] INFO  server.RaftServerConfigKeys (ConfUtils.java:logGet(43)) - raft.server.log.statemachine.data.caching.enabled = true (custom)
2019-09-17 05:39:29,132 [pool-619-thread-1] INFO  segmented.SegmentedRaftLogWorker (SegmentedRaftLogWorker.java:lambda$new$0(132)) - 263cca29-ebb5-4194-b7b5-686bd85c6f18@group-337BF6B08397-SegmentedRaftLogWorker: flushIndex: setUnconditionally 0 -> -1
2019-09-17 05:39:29,132 [pool-619-thread-1] INFO  server.RaftServerConfigKeys (ConfUtils.java:logGet(43)) - raft.server.snapshot.auto.trigger.enabled = true (custom)
2019-09-17 05:39:29,132 [pool-619-thread-1] INFO  server.RaftServerConfigKeys (ConfUtils.java:logGet(43)) - raft.server.snapshot.auto.trigger.threshold = 10000 (custom)
2019-09-17 05:39:29,132 [pool-619-thread-1] INFO  server.RaftServerConfigKeys (ConfUtils.java:logGet(43)) - raft.server.snapshot.retention.num.files = 5 (custom)
2019-09-17 05:39:29,132 [pool-619-thread-1] INFO  server.RaftServerConfigKeys (ConfUtils.java:logGet(43)) - raft.server.retrycache.expirytime = 600000ms (custom)
2019-09-17 05:39:29,134 [pool-619-thread-1] INFO  impl.RaftServerImpl (RaftServerImpl.java:start(185)) - 263cca29-ebb5-4194-b7b5-686bd85c6f18@group-337BF6B08397: start as a follower, conf=-1: [263cca29-ebb5-4194-b7b5-686bd85c6f18:192.168.69.122:45666], old=null
2019-09-17 05:39:29,134 [pool-619-thread-1] INFO  impl.RaftServerImpl (RaftServerImpl.java:setRole(174)) - 263cca29-ebb5-4194-b7b5-686bd85c6f18@group-337BF6B08397: changes role from      null to FOLLOWER at term 0 for startAsFollower
2019-09-17 05:39:29,134 [pool-619-thread-1] INFO  impl.RoleInfo (RoleInfo.java:updateAndGet(143)) - 263cca29-ebb5-4194-b7b5-686bd85c6f18: start FollowerState
2019-09-17 05:39:29,134 [pool-619-thread-1] INFO  util.JmxRegister (JmxRegister.java:tryRegister(44)) - Successfully registered JMX Bean with object name Ratis:service=RaftServer,group=group-337BF6B08397,id=263cca29-ebb5-4194-b7b5-686bd85c6f18
2019-09-17 05:39:29,136 [RatisPipelineUtilsThread] INFO  pipeline.PipelineStateManager (PipelineStateManager.java:addPipeline(56)) - Created pipeline Pipeline[ Id: c94993ed-242d-4082-93b6-337bf6b08397, Nodes: 263cca29-ebb5-4194-b7b5-686bd85c6f18{ip: 192.168.69.122, host: trunk-nightly-20190917-29l5j-2509219610, networkLocation: /default-rack, certSerialId: null}, Type:RATIS, Factor:ONE, State:OPEN]
2019-09-17 05:39:29,142 [grpc-default-executor-12] INFO  impl.RaftServerProxy (RaftServerProxy.java:addNew(89)) - 0076424b-dbc7-4d88-ac92-4910588e0078: addNew group-1A2147A9BE97:[0076424b-dbc7-4d88-ac92-4910588e0078:192.168.69.122:37240] returns group-1A2147A9BE97:java.util.concurrent.CompletableFuture@4047a1b8[Not completed]
2019-09-17 05:39:29,143 [pool-639-thread-1] INFO  impl.RaftServerImpl (RaftServerImpl.java:<init>(95)) - 0076424b-dbc7-4d88-ac92-4910588e0078: new RaftServerImpl for group-1A2147A9BE97:[0076424b-dbc7-4d88-ac92-4910588e0078:192.168.69.122:37240] with ContainerStateMachine:uninitialized
2019-09-17 05:39:29,143 [pool-639-thread-1] INFO  server.RaftServerConfigKeys (ConfUtils.java:logGet(43)) - raft.server.rpc.timeout.min = 5s (custom)
2019-09-17 05:39:29,143 [pool-639-thread-1] INFO  server.RaftServerConfigKeys (ConfUtils.java:logGet(43)) - raft.server.rpc.timeout.max = 5200ms (custom)
2019-09-17 05:39:29,143 [pool-639-thread-1] INFO  server.RaftServerConfigKeys (ConfUtils.java:logGet(43)) - raft.server.rpcslowness.timeout = 120s (custom)
2019-09-17 05:39:29,143 [pool-639-thread-1] INFO  server.RaftServerConfigKeys (ConfUtils.java:logGet(43)) - raft.server.sleep.deviation.threshold = 300 (default)
2019-09-17 05:39:29,143 [pool-639-thread-1] INFO  server.RaftServerConfigKeys (ConfUtils.java:logGet(43)) - raft.server.log.appender.install.snapshot.enabled = false (custom)
2019-09-17 05:39:29,144 [pool-639-thread-1] INFO  impl.RaftServerImpl (ServerState.java:<init>(103)) - 0076424b-dbc7-4d88-ac92-4910588e0078@group-1A2147A9BE97: ConfigurationManager, init=-1: [0076424b-dbc7-4d88-ac92-4910588e0078:192.168.69.122:37240], old=null, confs=<EMPTY_MAP>
2019-09-17 05:39:29,144 [pool-639-thread-1] INFO  server.RaftServerConfigKeys (ConfUtils.java:logGet(43)) - raft.server.storage.dir = [/workdir/hadoop-ozone/integration-test/target/test-dir/MiniOzoneClusterImpl-19ed16c9-28cb-4873-91f5-e899d205af27/datanode-5/data/ratis] (custom)
2019-09-17 05:39:29,144 [pool-639-thread-1] INFO  storage.RaftStorageDirectory (RaftStorageDirectory.java:analyzeStorage(246)) - The storage directory /workdir/hadoop-ozone/integration-test/target/test-dir/MiniOzoneClusterImpl-19ed16c9-28cb-4873-91f5-e899d205af27/datanode-5/data/ratis/30841c32-029e-4348-8d24-1a2147a9be97 does not exist. Creating ...
2019-09-17 05:39:29,156 [IPC Server handler 3 on 41833] INFO  net.NetworkTopology (NetworkTopologyImpl.java:add(111)) - Added a new node: /default-rack/753e4218-28df-4084-bc35-1bcb706ff054
2019-09-17 05:39:29,157 [main] INFO  ozone.MiniOzoneClusterImpl (MiniOzoneClusterImpl.java:lambda$waitForClusterToBeReady$0(145)) - Cluster is ready. Got 7 of 7 DN Heartbeats.
2019-09-17 05:39:29,157 [IPC Server handler 3 on 41833] INFO  node.SCMNodeManager (SCMNodeManager.java:register(266)) - Registered Data node : 753e4218-28df-4084-bc35-1bcb706ff054{ip: 192.168.69.122, host: trunk-nightly-20190917-29l5j-2509219610, networkLocation: /default-rack, certSerialId: null}
2019-09-17 05:39:29,158 [pool-639-thread-1] INFO  storage.RaftStorageDirectory (RaftStorageDirectory.java:tryLock(328)) - Lock on /workdir/hadoop-ozone/integration-test/target/test-dir/MiniOzoneClusterImpl-19ed16c9-28cb-4873-91f5-e899d205af27/datanode-5/data/ratis/30841c32-029e-4348-8d24-1a2147a9be97/in_use.lock acquired by nodename 12078@trunk-nightly-20190917-29l5j-2509219610
2019-09-17 05:39:29,173 [pool-639-thread-1] INFO  storage.RaftStorage (RaftStorage.java:format(72)) - Storage directory /workdir/hadoop-ozone/integration-test/target/test-dir/MiniOzoneClusterImpl-19ed16c9-28cb-4873-91f5-e899d205af27/datanode-5/data/ratis/30841c32-029e-4348-8d24-1a2147a9be97 has been successfully formatted.
2019-09-17 05:39:29,183 [pool-639-thread-1] INFO  ratis.ContainerStateMachine (ContainerStateMachine.java:loadSnapshot(230)) - group-1A2147A9BE97: The snapshot info is null. Setting the last applied indexto:(t:0, i:~)
2019-09-17 05:39:29,183 [pool-639-thread-1] INFO  server.RaftServerConfigKeys (ConfUtils.java:logGet(43)) - raft.server.notification.no-leader.timeout = 120s (custom)
2019-09-17 05:39:29,183 [pool-639-thread-1] INFO  server.RaftServerConfigKeys (ConfUtils.java:logGet(43)) - raft.server.log.use.memory = false (default)
2019-09-17 05:39:29,183 [pool-639-thread-1] INFO  server.RaftServerConfigKeys (ConfUtils.java:logGet(43)) - raft.server.log.purge.gap = 1000000 (custom)
2019-09-17 05:39:29,183 [pool-639-thread-1] INFO  server.RaftServerConfigKeys (ConfUtils.java:logGet(43)) - raft.server.log.appender.buffer.byte-limit = 33554432 (custom)
2019-09-17 05:39:29,183 [pool-639-thread-1] INFO  server.RaftServerConfigKeys (ConfUtils.java:logGet(43)) - raft.server.log.segment.size.max = 1048576 (custom)
2019-09-17 05:39:29,183 [pool-639-thread-1] INFO  server.RaftServerConfigKeys (ConfUtils.java:logGet(43)) - raft.server.log.segment.cache.num.max = 2 (custom)
2019-09-17 05:39:29,183 [pool-639-thread-1] INFO  segmented.SegmentedRaftLogWorker (SegmentedRaftLogWorker.java:<init>(172)) - new 0076424b-dbc7-4d88-ac92-4910588e0078@group-1A2147A9BE97-SegmentedRaftLogWorker for RaftStorage:Storage Directory /workdir/hadoop-ozone/integration-test/target/test-dir/MiniOzoneClusterImpl-19ed16c9-28cb-4873-91f5-e899d205af27/datanode-5/data/ratis/30841c32-029e-4348-8d24-1a2147a9be97
2019-09-17 05:39:29,185 [pool-639-thread-1] INFO  server.RaftServerConfigKeys (ConfUtils.java:logGet(43)) - raft.server.log.queue.byte-limit = 2147483647 (custom)
2019-09-17 05:39:29,185 [pool-639-thread-1] INFO  server.RaftServerConfigKeys (ConfUtils.java:logGet(43)) - raft.server.log.queue.element-limit = 1024 (custom)
2019-09-17 05:39:29,185 [pool-639-thread-1] INFO  server.RaftServerConfigKeys (ConfUtils.java:logGet(43)) - raft.server.log.segment.size.max = 1048576 (custom)
2019-09-17 05:39:29,185 [pool-639-thread-1] INFO  server.RaftServerConfigKeys (ConfUtils.java:logGet(43)) - raft.server.log.preallocated.size = 16384 (custom)
2019-09-17 05:39:29,185 [pool-639-thread-1] INFO  server.RaftServerConfigKeys (ConfUtils.java:logGet(43)) - raft.server.log.write.buffer.size = 33554432 (custom)
2019-09-17 05:39:29,186 [pool-639-thread-1] INFO  server.RaftServerConfigKeys (ConfUtils.java:logGet(43)) - raft.server.log.force.sync.num = 128 (default)
2019-09-17 05:39:29,186 [pool-639-thread-1] INFO  server.RaftServerConfigKeys (ConfUtils.java:logGet(43)) - raft.server.log.statemachine.data.sync = true (default)
2019-09-17 05:39:29,186 [pool-639-thread-1] INFO  server.RaftServerConfigKeys (ConfUtils.java:logGet(43)) - raft.server.log.statemachine.data.sync.timeout = 10s (default)
2019-09-17 05:39:29,186 [pool-639-thread-1] INFO  server.RaftServerConfigKeys (ConfUtils.java:logGet(43)) - raft.server.log.statemachine.data.sync.timeout.retry = -1 (default)
2019-09-17 05:39:29,186 [pool-639-thread-1] INFO  server.RaftServerConfigKeys (ConfUtils.java:logGet(43)) - raft.server.log.statemachine.data.caching.enabled = true (custom)
2019-09-17 05:39:29,186 [pool-639-thread-1] INFO  segmented.SegmentedRaftLogWorker (SegmentedRaftLogWorker.java:lambda$new$0(132)) - 0076424b-dbc7-4d88-ac92-4910588e0078@group-1A2147A9BE97-SegmentedRaftLogWorker: flushIndex: setUnconditionally 0 -> -1
2019-09-17 05:39:29,187 [pool-639-thread-1] INFO  server.RaftServerConfigKeys (ConfUtils.java:logGet(43)) - raft.server.snapshot.auto.trigger.enabled = true (custom)
2019-09-17 05:39:29,187 [pool-639-thread-1] INFO  server.RaftServerConfigKeys (ConfUtils.java:logGet(43)) - raft.server.snapshot.auto.trigger.threshold = 10000 (custom)
2019-09-17 05:39:29,187 [pool-639-thread-1] INFO  server.RaftServerConfigKeys (ConfUtils.java:logGet(43)) - raft.server.snapshot.retention.num.files = 5 (custom)
2019-09-17 05:39:29,187 [pool-639-thread-1] INFO  server.RaftServerConfigKeys (ConfUtils.java:logGet(43)) - raft.server.retrycache.expirytime = 600000ms (custom)
2019-09-17 05:39:29,189 [pool-639-thread-1] INFO  impl.RaftServerImpl (RaftServerImpl.java:start(185)) - 0076424b-dbc7-4d88-ac92-4910588e0078@group-1A2147A9BE97: start as a follower, conf=-1: [0076424b-dbc7-4d88-ac92-4910588e0078:192.168.69.122:37240], old=null
2019-09-17 05:39:29,189 [pool-639-thread-1] INFO  impl.RaftServerImpl (RaftServerImpl.java:setRole(174)) - 0076424b-dbc7-4d88-ac92-4910588e0078@group-1A2147A9BE97: changes role from      null to FOLLOWER at term 0 for startAsFollower
2019-09-17 05:39:29,189 [pool-639-thread-1] INFO  impl.RoleInfo (RoleInfo.java:updateAndGet(143)) - 0076424b-dbc7-4d88-ac92-4910588e0078: start FollowerState
2019-09-17 05:39:29,215 [pool-639-thread-1] INFO  util.JmxRegister (JmxRegister.java:tryRegister(44)) - Successfully registered JMX Bean with object name Ratis:service=RaftServer,group=group-1A2147A9BE97,id=0076424b-dbc7-4d88-ac92-4910588e0078
2019-09-17 05:39:29,219 [main] INFO  rpc.RpcClient (RpcClient.java:createVolume(302)) - Creating Volume: testblockoutputstream, with jenkins1000 as owner.
2019-09-17 05:39:29,227 [RatisPipelineUtilsThread] INFO  pipeline.PipelineStateManager (PipelineStateManager.java:addPipeline(56)) - Created pipeline Pipeline[ Id: 30841c32-029e-4348-8d24-1a2147a9be97, Nodes: 0076424b-dbc7-4d88-ac92-4910588e0078{ip: 192.168.69.122, host: trunk-nightly-20190917-29l5j-2509219610, networkLocation: /default-rack, certSerialId: null}, Type:RATIS, Factor:ONE, State:OPEN]
2019-09-17 05:39:29,229 [IPC Server handler 1 on 42623] INFO  volume.OMVolumeCreateRequest (OMVolumeCreateRequest.java:validateAndUpdateCache(189)) - created volume:testblockoutputstream for user:jenkins1000
2019-09-17 05:39:29,236 [grpc-default-executor-12] INFO  impl.RaftServerProxy (RaftServerProxy.java:addNew(89)) - 753e4218-28df-4084-bc35-1bcb706ff054: addNew group-8A12EE0B67E0:[753e4218-28df-4084-bc35-1bcb706ff054:192.168.69.122:35314] returns group-8A12EE0B67E0:java.util.concurrent.CompletableFuture@43a93884[Not completed]
2019-09-17 05:39:29,245 [pool-649-thread-1] INFO  impl.RaftServerImpl (RaftServerImpl.java:<init>(95)) - 753e4218-28df-4084-bc35-1bcb706ff054: new RaftServerImpl for group-8A12EE0B67E0:[753e4218-28df-4084-bc35-1bcb706ff054:192.168.69.122:35314] with ContainerStateMachine:uninitialized
2019-09-17 05:39:29,245 [pool-649-thread-1] INFO  server.RaftServerConfigKeys (ConfUtils.java:logGet(43)) - raft.server.rpc.timeout.min = 5s (custom)
2019-09-17 05:39:29,245 [pool-649-thread-1] INFO  server.RaftServerConfigKeys (ConfUtils.java:logGet(43)) - raft.server.rpc.timeout.max = 5200ms (custom)
2019-09-17 05:39:29,246 [pool-649-thread-1] INFO  server.RaftServerConfigKeys (ConfUtils.java:logGet(43)) - raft.server.rpcslowness.timeout = 120s (custom)
2019-09-17 05:39:29,246 [main] INFO  rpc.RpcClient (RpcClient.java:createBucket(441)) - Creating Bucket: testblockoutputstream/testblockoutputstream, with Versioning false and Storage Type set to DISK and Encryption set to false 
2019-09-17 05:39:29,246 [pool-649-thread-1] INFO  server.RaftServerConfigKeys (ConfUtils.java:logGet(43)) - raft.server.sleep.deviation.threshold = 300 (default)
2019-09-17 05:39:29,246 [pool-649-thread-1] INFO  server.RaftServerConfigKeys (ConfUtils.java:logGet(43)) - raft.server.log.appender.install.snapshot.enabled = false (custom)
2019-09-17 05:39:29,246 [pool-649-thread-1] INFO  impl.RaftServerImpl (ServerState.java:<init>(103)) - 753e4218-28df-4084-bc35-1bcb706ff054@group-8A12EE0B67E0: ConfigurationManager, init=-1: [753e4218-28df-4084-bc35-1bcb706ff054:192.168.69.122:35314], old=null, confs=<EMPTY_MAP>
2019-09-17 05:39:29,246 [pool-649-thread-1] INFO  server.RaftServerConfigKeys (ConfUtils.java:logGet(43)) - raft.server.storage.dir = [/workdir/hadoop-ozone/integration-test/target/test-dir/MiniOzoneClusterImpl-19ed16c9-28cb-4873-91f5-e899d205af27/datanode-6/data/ratis] (custom)
2019-09-17 05:39:29,246 [pool-649-thread-1] INFO  storage.RaftStorageDirectory (RaftStorageDirectory.java:analyzeStorage(246)) - The storage directory /workdir/hadoop-ozone/integration-test/target/test-dir/MiniOzoneClusterImpl-19ed16c9-28cb-4873-91f5-e899d205af27/datanode-6/data/ratis/7b0fd77d-0b6d-409d-80fb-8a12ee0b67e0 does not exist. Creating ...
2019-09-17 05:39:29,272 [pool-649-thread-1] INFO  storage.RaftStorageDirectory (RaftStorageDirectory.java:tryLock(328)) - Lock on /workdir/hadoop-ozone/integration-test/target/test-dir/MiniOzoneClusterImpl-19ed16c9-28cb-4873-91f5-e899d205af27/datanode-6/data/ratis/7b0fd77d-0b6d-409d-80fb-8a12ee0b67e0/in_use.lock acquired by nodename 12078@trunk-nightly-20190917-29l5j-2509219610
2019-09-17 05:39:29,284 [pool-649-thread-1] INFO  storage.RaftStorage (RaftStorage.java:format(72)) - Storage directory /workdir/hadoop-ozone/integration-test/target/test-dir/MiniOzoneClusterImpl-19ed16c9-28cb-4873-91f5-e899d205af27/datanode-6/data/ratis/7b0fd77d-0b6d-409d-80fb-8a12ee0b67e0 has been successfully formatted.
2019-09-17 05:39:29,284 [pool-649-thread-1] INFO  ratis.ContainerStateMachine (ContainerStateMachine.java:loadSnapshot(230)) - group-8A12EE0B67E0: The snapshot info is null. Setting the last applied indexto:(t:0, i:~)
2019-09-17 05:39:29,284 [pool-649-thread-1] INFO  server.RaftServerConfigKeys (ConfUtils.java:logGet(43)) - raft.server.notification.no-leader.timeout = 120s (custom)
2019-09-17 05:39:29,285 [pool-649-thread-1] INFO  server.RaftServerConfigKeys (ConfUtils.java:logGet(43)) - raft.server.log.use.memory = false (default)
2019-09-17 05:39:29,285 [pool-649-thread-1] INFO  server.RaftServerConfigKeys (ConfUtils.java:logGet(43)) - raft.server.log.purge.gap = 1000000 (custom)
2019-09-17 05:39:29,285 [pool-649-thread-1] INFO  server.RaftServerConfigKeys (ConfUtils.java:logGet(43)) - raft.server.log.appender.buffer.byte-limit = 33554432 (custom)
2019-09-17 05:39:29,285 [pool-649-thread-1] INFO  server.RaftServerConfigKeys (ConfUtils.java:logGet(43)) - raft.server.log.segment.size.max = 1048576 (custom)
2019-09-17 05:39:29,285 [pool-649-thread-1] INFO  server.RaftServerConfigKeys (ConfUtils.java:logGet(43)) - raft.server.log.segment.cache.num.max = 2 (custom)
2019-09-17 05:39:29,285 [pool-649-thread-1] INFO  segmented.SegmentedRaftLogWorker (SegmentedRaftLogWorker.java:<init>(172)) - new 753e4218-28df-4084-bc35-1bcb706ff054@group-8A12EE0B67E0-SegmentedRaftLogWorker for RaftStorage:Storage Directory /workdir/hadoop-ozone/integration-test/target/test-dir/MiniOzoneClusterImpl-19ed16c9-28cb-4873-91f5-e899d205af27/datanode-6/data/ratis/7b0fd77d-0b6d-409d-80fb-8a12ee0b67e0
2019-09-17 05:39:29,286 [pool-649-thread-1] INFO  server.RaftServerConfigKeys (ConfUtils.java:logGet(43)) - raft.server.log.queue.byte-limit = 2147483647 (custom)
2019-09-17 05:39:29,286 [pool-649-thread-1] INFO  server.RaftServerConfigKeys (ConfUtils.java:logGet(43)) - raft.server.log.queue.element-limit = 1024 (custom)
2019-09-17 05:39:29,286 [pool-649-thread-1] INFO  server.RaftServerConfigKeys (ConfUtils.java:logGet(43)) - raft.server.log.segment.size.max = 1048576 (custom)
2019-09-17 05:39:29,287 [pool-649-thread-1] INFO  server.RaftServerConfigKeys (ConfUtils.java:logGet(43)) - raft.server.log.preallocated.size = 16384 (custom)
2019-09-17 05:39:29,287 [pool-649-thread-1] INFO  server.RaftServerConfigKeys (ConfUtils.java:logGet(43)) - raft.server.log.write.buffer.size = 33554432 (custom)
2019-09-17 05:39:29,287 [pool-649-thread-1] INFO  server.RaftServerConfigKeys (ConfUtils.java:logGet(43)) - raft.server.log.force.sync.num = 128 (default)
2019-09-17 05:39:29,287 [pool-649-thread-1] INFO  server.RaftServerConfigKeys (ConfUtils.java:logGet(43)) - raft.server.log.statemachine.data.sync = true (default)
2019-09-17 05:39:29,287 [pool-649-thread-1] INFO  server.RaftServerConfigKeys (ConfUtils.java:logGet(43)) - raft.server.log.statemachine.data.sync.timeout = 10s (default)
2019-09-17 05:39:29,287 [pool-649-thread-1] INFO  server.RaftServerConfigKeys (ConfUtils.java:logGet(43)) - raft.server.log.statemachine.data.sync.timeout.retry = -1 (default)
2019-09-17 05:39:29,287 [pool-649-thread-1] INFO  server.RaftServerConfigKeys (ConfUtils.java:logGet(43)) - raft.server.log.statemachine.data.caching.enabled = true (custom)
2019-09-17 05:39:29,287 [pool-649-thread-1] INFO  segmented.SegmentedRaftLogWorker (SegmentedRaftLogWorker.java:lambda$new$0(132)) - 753e4218-28df-4084-bc35-1bcb706ff054@group-8A12EE0B67E0-SegmentedRaftLogWorker: flushIndex: setUnconditionally 0 -> -1
2019-09-17 05:39:29,287 [pool-649-thread-1] INFO  server.RaftServerConfigKeys (ConfUtils.java:logGet(43)) - raft.server.snapshot.auto.trigger.enabled = true (custom)
2019-09-17 05:39:29,288 [pool-649-thread-1] INFO  server.RaftServerConfigKeys (ConfUtils.java:logGet(43)) - raft.server.snapshot.auto.trigger.threshold = 10000 (custom)
2019-09-17 05:39:29,288 [pool-649-thread-1] INFO  server.RaftServerConfigKeys (ConfUtils.java:logGet(43)) - raft.server.snapshot.retention.num.files = 5 (custom)
2019-09-17 05:39:29,288 [pool-649-thread-1] INFO  server.RaftServerConfigKeys (ConfUtils.java:logGet(43)) - raft.server.retrycache.expirytime = 600000ms (custom)
2019-09-17 05:39:29,289 [pool-649-thread-1] INFO  impl.RaftServerImpl (RaftServerImpl.java:start(185)) - 753e4218-28df-4084-bc35-1bcb706ff054@group-8A12EE0B67E0: start as a follower, conf=-1: [753e4218-28df-4084-bc35-1bcb706ff054:192.168.69.122:35314], old=null
2019-09-17 05:39:29,289 [pool-649-thread-1] INFO  impl.RaftServerImpl (RaftServerImpl.java:setRole(174)) - 753e4218-28df-4084-bc35-1bcb706ff054@group-8A12EE0B67E0: changes role from      null to FOLLOWER at term 0 for startAsFollower
2019-09-17 05:39:29,289 [pool-649-thread-1] INFO  impl.RoleInfo (RoleInfo.java:updateAndGet(143)) - 753e4218-28df-4084-bc35-1bcb706ff054: start FollowerState
2019-09-17 05:39:29,289 [pool-649-thread-1] INFO  util.JmxRegister (JmxRegister.java:tryRegister(44)) - Successfully registered JMX Bean with object name Ratis:service=RaftServer,group=group-8A12EE0B67E0,id=753e4218-28df-4084-bc35-1bcb706ff054
2019-09-17 05:39:29,291 [RatisPipelineUtilsThread] INFO  pipeline.PipelineStateManager (PipelineStateManager.java:addPipeline(56)) - Created pipeline Pipeline[ Id: 7b0fd77d-0b6d-409d-80fb-8a12ee0b67e0, Nodes: 753e4218-28df-4084-bc35-1bcb706ff054{ip: 192.168.69.122, host: trunk-nightly-20190917-29l5j-2509219610, networkLocation: /default-rack, certSerialId: null}, Type:RATIS, Factor:ONE, State:OPEN]
2019-09-17 05:39:29,305 [grpc-default-executor-13] INFO  impl.RaftServerProxy (RaftServerProxy.java:addNew(89)) - 0076424b-dbc7-4d88-ac92-4910588e0078: addNew group-DAEE684F5880:[0076424b-dbc7-4d88-ac92-4910588e0078:192.168.69.122:37240, 753e4218-28df-4084-bc35-1bcb706ff054:192.168.69.122:35314, 709477b2-7a5d-4422-82d7-7ceaa516784a:192.168.69.122:34521] returns group-DAEE684F5880:java.util.concurrent.CompletableFuture@4cec62da[Not completed]
2019-09-17 05:39:29,305 [grpc-default-executor-12] INFO  impl.RaftServerProxy (RaftServerProxy.java:addNew(89)) - 709477b2-7a5d-4422-82d7-7ceaa516784a: addNew group-DAEE684F5880:[0076424b-dbc7-4d88-ac92-4910588e0078:192.168.69.122:37240, 753e4218-28df-4084-bc35-1bcb706ff054:192.168.69.122:35314, 709477b2-7a5d-4422-82d7-7ceaa516784a:192.168.69.122:34521] returns group-DAEE684F5880:java.util.concurrent.CompletableFuture@7fe54e2d[Not completed]
2019-09-17 05:39:29,305 [grpc-default-executor-5] INFO  impl.RaftServerProxy (RaftServerProxy.java:addNew(89)) - 753e4218-28df-4084-bc35-1bcb706ff054: addNew group-DAEE684F5880:[0076424b-dbc7-4d88-ac92-4910588e0078:192.168.69.122:37240, 753e4218-28df-4084-bc35-1bcb706ff054:192.168.69.122:35314, 709477b2-7a5d-4422-82d7-7ceaa516784a:192.168.69.122:34521] returns group-DAEE684F5880:java.util.concurrent.CompletableFuture@2c7ba1b6[Not completed]
2019-09-17 05:39:29,306 [pool-639-thread-1] INFO  impl.RaftServerImpl (RaftServerImpl.java:<init>(95)) - 0076424b-dbc7-4d88-ac92-4910588e0078: new RaftServerImpl for group-DAEE684F5880:[0076424b-dbc7-4d88-ac92-4910588e0078:192.168.69.122:37240, 753e4218-28df-4084-bc35-1bcb706ff054:192.168.69.122:35314, 709477b2-7a5d-4422-82d7-7ceaa516784a:192.168.69.122:34521] with ContainerStateMachine:uninitialized
2019-09-17 05:39:29,306 [pool-639-thread-1] INFO  server.RaftServerConfigKeys (ConfUtils.java:logGet(43)) - raft.server.rpc.timeout.min = 5s (custom)
2019-09-17 05:39:29,306 [pool-639-thread-1] INFO  server.RaftServerConfigKeys (ConfUtils.java:logGet(43)) - raft.server.rpc.timeout.max = 5200ms (custom)
2019-09-17 05:39:29,306 [pool-639-thread-1] INFO  server.RaftServerConfigKeys (ConfUtils.java:logGet(43)) - raft.server.rpcslowness.timeout = 120s (custom)
2019-09-17 05:39:29,306 [pool-639-thread-1] INFO  server.RaftServerConfigKeys (ConfUtils.java:logGet(43)) - raft.server.sleep.deviation.threshold = 300 (default)
2019-09-17 05:39:29,306 [pool-639-thread-1] INFO  server.RaftServerConfigKeys (ConfUtils.java:logGet(43)) - raft.server.log.appender.install.snapshot.enabled = false (custom)
2019-09-17 05:39:29,306 [pool-639-thread-1] INFO  impl.RaftServerImpl (ServerState.java:<init>(103)) - 0076424b-dbc7-4d88-ac92-4910588e0078@group-DAEE684F5880: ConfigurationManager, init=-1: [0076424b-dbc7-4d88-ac92-4910588e0078:192.168.69.122:37240, 753e4218-28df-4084-bc35-1bcb706ff054:192.168.69.122:35314, 709477b2-7a5d-4422-82d7-7ceaa516784a:192.168.69.122:34521], old=null, confs=<EMPTY_MAP>
2019-09-17 05:39:29,306 [pool-639-thread-1] INFO  server.RaftServerConfigKeys (ConfUtils.java:logGet(43)) - raft.server.storage.dir = [/workdir/hadoop-ozone/integration-test/target/test-dir/MiniOzoneClusterImpl-19ed16c9-28cb-4873-91f5-e899d205af27/datanode-5/data/ratis] (custom)
2019-09-17 05:39:29,306 [pool-629-thread-1] INFO  impl.RaftServerImpl (RaftServerImpl.java:<init>(95)) - 709477b2-7a5d-4422-82d7-7ceaa516784a: new RaftServerImpl for group-DAEE684F5880:[0076424b-dbc7-4d88-ac92-4910588e0078:192.168.69.122:37240, 753e4218-28df-4084-bc35-1bcb706ff054:192.168.69.122:35314, 709477b2-7a5d-4422-82d7-7ceaa516784a:192.168.69.122:34521] with ContainerStateMachine:uninitialized
2019-09-17 05:39:29,307 [pool-629-thread-1] INFO  server.RaftServerConfigKeys (ConfUtils.java:logGet(43)) - raft.server.rpc.timeout.min = 5s (custom)
2019-09-17 05:39:29,307 [pool-639-thread-1] INFO  storage.RaftStorageDirectory (RaftStorageDirectory.java:analyzeStorage(246)) - The storage directory /workdir/hadoop-ozone/integration-test/target/test-dir/MiniOzoneClusterImpl-19ed16c9-28cb-4873-91f5-e899d205af27/datanode-5/data/ratis/06f251e7-f9c0-409d-aa57-daee684f5880 does not exist. Creating ...
2019-09-17 05:39:29,307 [pool-629-thread-1] INFO  server.RaftServerConfigKeys (ConfUtils.java:logGet(43)) - raft.server.rpc.timeout.max = 5200ms (custom)
2019-09-17 05:39:29,307 [pool-629-thread-1] INFO  server.RaftServerConfigKeys (ConfUtils.java:logGet(43)) - raft.server.rpcslowness.timeout = 120s (custom)
2019-09-17 05:39:29,307 [pool-629-thread-1] INFO  server.RaftServerConfigKeys (ConfUtils.java:logGet(43)) - raft.server.sleep.deviation.threshold = 300 (default)
2019-09-17 05:39:29,307 [pool-629-thread-1] INFO  server.RaftServerConfigKeys (ConfUtils.java:logGet(43)) - raft.server.log.appender.install.snapshot.enabled = false (custom)
2019-09-17 05:39:29,307 [pool-629-thread-1] INFO  impl.RaftServerImpl (ServerState.java:<init>(103)) - 709477b2-7a5d-4422-82d7-7ceaa516784a@group-DAEE684F5880: ConfigurationManager, init=-1: [0076424b-dbc7-4d88-ac92-4910588e0078:192.168.69.122:37240, 753e4218-28df-4084-bc35-1bcb706ff054:192.168.69.122:35314, 709477b2-7a5d-4422-82d7-7ceaa516784a:192.168.69.122:34521], old=null, confs=<EMPTY_MAP>
2019-09-17 05:39:29,310 [pool-649-thread-1] INFO  impl.RaftServerImpl (RaftServerImpl.java:<init>(95)) - 753e4218-28df-4084-bc35-1bcb706ff054: new RaftServerImpl for group-DAEE684F5880:[0076424b-dbc7-4d88-ac92-4910588e0078:192.168.69.122:37240, 753e4218-28df-4084-bc35-1bcb706ff054:192.168.69.122:35314, 709477b2-7a5d-4422-82d7-7ceaa516784a:192.168.69.122:34521] with ContainerStateMachine:uninitialized
2019-09-17 05:39:29,311 [pool-629-thread-1] INFO  server.RaftServerConfigKeys (ConfUtils.java:logGet(43)) - raft.server.storage.dir = [/workdir/hadoop-ozone/integration-test/target/test-dir/MiniOzoneClusterImpl-19ed16c9-28cb-4873-91f5-e899d205af27/datanode-4/data/ratis] (custom)
2019-09-17 05:39:29,311 [pool-649-thread-1] INFO  server.RaftServerConfigKeys (ConfUtils.java:logGet(43)) - raft.server.rpc.timeout.min = 5s (custom)
2019-09-17 05:39:29,311 [pool-649-thread-1] INFO  server.RaftServerConfigKeys (ConfUtils.java:logGet(43)) - raft.server.rpc.timeout.max = 5200ms (custom)
2019-09-17 05:39:29,311 [pool-629-thread-1] INFO  storage.RaftStorageDirectory (RaftStorageDirectory.java:analyzeStorage(246)) - The storage directory /workdir/hadoop-ozone/integration-test/target/test-dir/MiniOzoneClusterImpl-19ed16c9-28cb-4873-91f5-e899d205af27/datanode-4/data/ratis/06f251e7-f9c0-409d-aa57-daee684f5880 does not exist. Creating ...
2019-09-17 05:39:29,311 [pool-649-thread-1] INFO  server.RaftServerConfigKeys (ConfUtils.java:logGet(43)) - raft.server.rpcslowness.timeout = 120s (custom)
2019-09-17 05:39:29,311 [pool-649-thread-1] INFO  server.RaftServerConfigKeys (ConfUtils.java:logGet(43)) - raft.server.sleep.deviation.threshold = 300 (default)
2019-09-17 05:39:29,314 [pool-649-thread-1] INFO  server.RaftServerConfigKeys (ConfUtils.java:logGet(43)) - raft.server.log.appender.install.snapshot.enabled = false (custom)
2019-09-17 05:39:29,314 [pool-649-thread-1] INFO  impl.RaftServerImpl (ServerState.java:<init>(103)) - 753e4218-28df-4084-bc35-1bcb706ff054@group-DAEE684F5880: ConfigurationManager, init=-1: [0076424b-dbc7-4d88-ac92-4910588e0078:192.168.69.122:37240, 753e4218-28df-4084-bc35-1bcb706ff054:192.168.69.122:35314, 709477b2-7a5d-4422-82d7-7ceaa516784a:192.168.69.122:34521], old=null, confs=<EMPTY_MAP>
2019-09-17 05:39:29,315 [pool-649-thread-1] INFO  server.RaftServerConfigKeys (ConfUtils.java:logGet(43)) - raft.server.storage.dir = [/workdir/hadoop-ozone/integration-test/target/test-dir/MiniOzoneClusterImpl-19ed16c9-28cb-4873-91f5-e899d205af27/datanode-6/data/ratis] (custom)
2019-09-17 05:39:29,315 [pool-649-thread-1] INFO  storage.RaftStorageDirectory (RaftStorageDirectory.java:analyzeStorage(246)) - The storage directory /workdir/hadoop-ozone/integration-test/target/test-dir/MiniOzoneClusterImpl-19ed16c9-28cb-4873-91f5-e899d205af27/datanode-6/data/ratis/06f251e7-f9c0-409d-aa57-daee684f5880 does not exist. Creating ...
2019-09-17 05:39:29,331 [pool-649-thread-1] INFO  storage.RaftStorageDirectory (RaftStorageDirectory.java:tryLock(328)) - Lock on /workdir/hadoop-ozone/integration-test/target/test-dir/MiniOzoneClusterImpl-19ed16c9-28cb-4873-91f5-e899d205af27/datanode-6/data/ratis/06f251e7-f9c0-409d-aa57-daee684f5880/in_use.lock acquired by nodename 12078@trunk-nightly-20190917-29l5j-2509219610
2019-09-17 05:39:29,331 [pool-629-thread-1] INFO  storage.RaftStorageDirectory (RaftStorageDirectory.java:tryLock(328)) - Lock on /workdir/hadoop-ozone/integration-test/target/test-dir/MiniOzoneClusterImpl-19ed16c9-28cb-4873-91f5-e899d205af27/datanode-4/data/ratis/06f251e7-f9c0-409d-aa57-daee684f5880/in_use.lock acquired by nodename 12078@trunk-nightly-20190917-29l5j-2509219610
2019-09-17 05:39:29,331 [pool-639-thread-1] INFO  storage.RaftStorageDirectory (RaftStorageDirectory.java:tryLock(328)) - Lock on /workdir/hadoop-ozone/integration-test/target/test-dir/MiniOzoneClusterImpl-19ed16c9-28cb-4873-91f5-e899d205af27/datanode-5/data/ratis/06f251e7-f9c0-409d-aa57-daee684f5880/in_use.lock acquired by nodename 12078@trunk-nightly-20190917-29l5j-2509219610
2019-09-17 05:39:29,356 [pool-649-thread-1] INFO  storage.RaftStorage (RaftStorage.java:format(72)) - Storage directory /workdir/hadoop-ozone/integration-test/target/test-dir/MiniOzoneClusterImpl-19ed16c9-28cb-4873-91f5-e899d205af27/datanode-6/data/ratis/06f251e7-f9c0-409d-aa57-daee684f5880 has been successfully formatted.
2019-09-17 05:39:29,357 [pool-629-thread-1] INFO  storage.RaftStorage (RaftStorage.java:format(72)) - Storage directory /workdir/hadoop-ozone/integration-test/target/test-dir/MiniOzoneClusterImpl-19ed16c9-28cb-4873-91f5-e899d205af27/datanode-4/data/ratis/06f251e7-f9c0-409d-aa57-daee684f5880 has been successfully formatted.
2019-09-17 05:39:29,357 [pool-639-thread-1] INFO  storage.RaftStorage (RaftStorage.java:format(72)) - Storage directory /workdir/hadoop-ozone/integration-test/target/test-dir/MiniOzoneClusterImpl-19ed16c9-28cb-4873-91f5-e899d205af27/datanode-5/data/ratis/06f251e7-f9c0-409d-aa57-daee684f5880 has been successfully formatted.
2019-09-17 05:39:29,357 [pool-629-thread-1] INFO  ratis.ContainerStateMachine (ContainerStateMachine.java:loadSnapshot(230)) - group-DAEE684F5880: The snapshot info is null. Setting the last applied indexto:(t:0, i:~)
2019-09-17 05:39:29,357 [pool-649-thread-1] INFO  ratis.ContainerStateMachine (ContainerStateMachine.java:loadSnapshot(230)) - group-DAEE684F5880: The snapshot info is null. Setting the last applied indexto:(t:0, i:~)
2019-09-17 05:39:29,357 [pool-629-thread-1] INFO  server.RaftServerConfigKeys (ConfUtils.java:logGet(43)) - raft.server.notification.no-leader.timeout = 120s (custom)
2019-09-17 05:39:29,357 [pool-639-thread-1] INFO  ratis.ContainerStateMachine (ContainerStateMachine.java:loadSnapshot(230)) - group-DAEE684F5880: The snapshot info is null. Setting the last applied indexto:(t:0, i:~)
2019-09-17 05:39:29,357 [pool-629-thread-1] INFO  server.RaftServerConfigKeys (ConfUtils.java:logGet(43)) - raft.server.log.use.memory = false (default)
2019-09-17 05:39:29,357 [pool-649-thread-1] INFO  server.RaftServerConfigKeys (ConfUtils.java:logGet(43)) - raft.server.notification.no-leader.timeout = 120s (custom)
2019-09-17 05:39:29,358 [pool-629-thread-1] INFO  server.RaftServerConfigKeys (ConfUtils.java:logGet(43)) - raft.server.log.purge.gap = 1000000 (custom)
2019-09-17 05:39:29,358 [pool-639-thread-1] INFO  server.RaftServerConfigKeys (ConfUtils.java:logGet(43)) - raft.server.notification.no-leader.timeout = 120s (custom)
2019-09-17 05:39:29,358 [pool-639-thread-1] INFO  server.RaftServerConfigKeys (ConfUtils.java:logGet(43)) - raft.server.log.use.memory = false (default)
2019-09-17 05:39:29,358 [pool-629-thread-1] INFO  server.RaftServerConfigKeys (ConfUtils.java:logGet(43)) - raft.server.log.appender.buffer.byte-limit = 33554432 (custom)
2019-09-17 05:39:29,358 [pool-649-thread-1] INFO  server.RaftServerConfigKeys (ConfUtils.java:logGet(43)) - raft.server.log.use.memory = false (default)
2019-09-17 05:39:29,358 [pool-629-thread-1] INFO  server.RaftServerConfigKeys (ConfUtils.java:logGet(43)) - raft.server.log.segment.size.max = 1048576 (custom)
2019-09-17 05:39:29,358 [pool-639-thread-1] INFO  server.RaftServerConfigKeys (ConfUtils.java:logGet(43)) - raft.server.log.purge.gap = 1000000 (custom)
2019-09-17 05:39:29,359 [pool-629-thread-1] INFO  server.RaftServerConfigKeys (ConfUtils.java:logGet(43)) - raft.server.log.segment.cache.num.max = 2 (custom)
2019-09-17 05:39:29,358 [pool-649-thread-1] INFO  server.RaftServerConfigKeys (ConfUtils.java:logGet(43)) - raft.server.log.purge.gap = 1000000 (custom)
2019-09-17 05:39:29,359 [pool-629-thread-1] INFO  segmented.SegmentedRaftLogWorker (SegmentedRaftLogWorker.java:<init>(172)) - new 709477b2-7a5d-4422-82d7-7ceaa516784a@group-DAEE684F5880-SegmentedRaftLogWorker for RaftStorage:Storage Directory /workdir/hadoop-ozone/integration-test/target/test-dir/MiniOzoneClusterImpl-19ed16c9-28cb-4873-91f5-e899d205af27/datanode-4/data/ratis/06f251e7-f9c0-409d-aa57-daee684f5880
2019-09-17 05:39:29,359 [pool-639-thread-1] INFO  server.RaftServerConfigKeys (ConfUtils.java:logGet(43)) - raft.server.log.appender.buffer.byte-limit = 33554432 (custom)
2019-09-17 05:39:29,359 [pool-629-thread-1] INFO  server.RaftServerConfigKeys (ConfUtils.java:logGet(43)) - raft.server.log.queue.byte-limit = 2147483647 (custom)
2019-09-17 05:39:29,359 [pool-649-thread-1] INFO  server.RaftServerConfigKeys (ConfUtils.java:logGet(43)) - raft.server.log.appender.buffer.byte-limit = 33554432 (custom)
2019-09-17 05:39:29,359 [pool-629-thread-1] INFO  server.RaftServerConfigKeys (ConfUtils.java:logGet(43)) - raft.server.log.queue.element-limit = 1024 (custom)
2019-09-17 05:39:29,359 [pool-639-thread-1] INFO  server.RaftServerConfigKeys (ConfUtils.java:logGet(43)) - raft.server.log.segment.size.max = 1048576 (custom)
2019-09-17 05:39:29,360 [pool-629-thread-1] INFO  server.RaftServerConfigKeys (ConfUtils.java:logGet(43)) - raft.server.log.segment.size.max = 1048576 (custom)
2019-09-17 05:39:29,359 [pool-649-thread-1] INFO  server.RaftServerConfigKeys (ConfUtils.java:logGet(43)) - raft.server.log.segment.size.max = 1048576 (custom)
2019-09-17 05:39:29,360 [pool-629-thread-1] INFO  server.RaftServerConfigKeys (ConfUtils.java:logGet(43)) - raft.server.log.preallocated.size = 16384 (custom)
2019-09-17 05:39:29,360 [pool-639-thread-1] INFO  server.RaftServerConfigKeys (ConfUtils.java:logGet(43)) - raft.server.log.segment.cache.num.max = 2 (custom)
2019-09-17 05:39:29,360 [pool-629-thread-1] INFO  server.RaftServerConfigKeys (ConfUtils.java:logGet(43)) - raft.server.log.write.buffer.size = 33554432 (custom)
2019-09-17 05:39:29,360 [pool-649-thread-1] INFO  server.RaftServerConfigKeys (ConfUtils.java:logGet(43)) - raft.server.log.segment.cache.num.max = 2 (custom)
2019-09-17 05:39:29,360 [pool-629-thread-1] INFO  server.RaftServerConfigKeys (ConfUtils.java:logGet(43)) - raft.server.log.force.sync.num = 128 (default)
2019-09-17 05:39:29,360 [pool-639-thread-1] INFO  segmented.SegmentedRaftLogWorker (SegmentedRaftLogWorker.java:<init>(172)) - new 0076424b-dbc7-4d88-ac92-4910588e0078@group-DAEE684F5880-SegmentedRaftLogWorker for RaftStorage:Storage Directory /workdir/hadoop-ozone/integration-test/target/test-dir/MiniOzoneClusterImpl-19ed16c9-28cb-4873-91f5-e899d205af27/datanode-5/data/ratis/06f251e7-f9c0-409d-aa57-daee684f5880
2019-09-17 05:39:29,361 [pool-629-thread-1] INFO  server.RaftServerConfigKeys (ConfUtils.java:logGet(43)) - raft.server.log.statemachine.data.sync = true (default)
2019-09-17 05:39:29,360 [pool-649-thread-1] INFO  segmented.SegmentedRaftLogWorker (SegmentedRaftLogWorker.java:<init>(172)) - new 753e4218-28df-4084-bc35-1bcb706ff054@group-DAEE684F5880-SegmentedRaftLogWorker for RaftStorage:Storage Directory /workdir/hadoop-ozone/integration-test/target/test-dir/MiniOzoneClusterImpl-19ed16c9-28cb-4873-91f5-e899d205af27/datanode-6/data/ratis/06f251e7-f9c0-409d-aa57-daee684f5880
2019-09-17 05:39:29,361 [pool-629-thread-1] INFO  server.RaftServerConfigKeys (ConfUtils.java:logGet(43)) - raft.server.log.statemachine.data.sync.timeout = 10s (default)
2019-09-17 05:39:29,361 [pool-639-thread-1] INFO  server.RaftServerConfigKeys (ConfUtils.java:logGet(43)) - raft.server.log.queue.byte-limit = 2147483647 (custom)
2019-09-17 05:39:29,361 [pool-629-thread-1] INFO  server.RaftServerConfigKeys (ConfUtils.java:logGet(43)) - raft.server.log.statemachine.data.sync.timeout.retry = -1 (default)
2019-09-17 05:39:29,361 [pool-649-thread-1] INFO  server.RaftServerConfigKeys (ConfUtils.java:logGet(43)) - raft.server.log.queue.byte-limit = 2147483647 (custom)
2019-09-17 05:39:29,361 [pool-629-thread-1] INFO  server.RaftServerConfigKeys (ConfUtils.java:logGet(43)) - raft.server.log.statemachine.data.caching.enabled = true (custom)
2019-09-17 05:39:29,361 [pool-639-thread-1] INFO  server.RaftServerConfigKeys (ConfUtils.java:logGet(43)) - raft.server.log.queue.element-limit = 1024 (custom)
2019-09-17 05:39:29,361 [pool-649-thread-1] INFO  server.RaftServerConfigKeys (ConfUtils.java:logGet(43)) - raft.server.log.queue.element-limit = 1024 (custom)
2019-09-17 05:39:29,362 [pool-629-thread-1] INFO  segmented.SegmentedRaftLogWorker (SegmentedRaftLogWorker.java:lambda$new$0(132)) - 709477b2-7a5d-4422-82d7-7ceaa516784a@group-DAEE684F5880-SegmentedRaftLogWorker: flushIndex: setUnconditionally 0 -> -1
2019-09-17 05:39:29,362 [pool-639-thread-1] INFO  server.RaftServerConfigKeys (ConfUtils.java:logGet(43)) - raft.server.log.segment.size.max = 1048576 (custom)
2019-09-17 05:39:29,362 [pool-649-thread-1] INFO  server.RaftServerConfigKeys (ConfUtils.java:logGet(43)) - raft.server.log.segment.size.max = 1048576 (custom)
2019-09-17 05:39:29,362 [pool-629-thread-1] INFO  server.RaftServerConfigKeys (ConfUtils.java:logGet(43)) - raft.server.snapshot.auto.trigger.enabled = true (custom)
2019-09-17 05:39:29,362 [pool-639-thread-1] INFO  server.RaftServerConfigKeys (ConfUtils.java:logGet(43)) - raft.server.log.preallocated.size = 16384 (custom)
2019-09-17 05:39:29,362 [pool-639-thread-1] INFO  server.RaftServerConfigKeys (ConfUtils.java:logGet(43)) - raft.server.log.write.buffer.size = 33554432 (custom)
2019-09-17 05:39:29,363 [pool-639-thread-1] INFO  server.RaftServerConfigKeys (ConfUtils.java:logGet(43)) - raft.server.log.force.sync.num = 128 (default)
2019-09-17 05:39:29,362 [pool-629-thread-1] INFO  server.RaftServerConfigKeys (ConfUtils.java:logGet(43)) - raft.server.snapshot.auto.trigger.threshold = 10000 (custom)
2019-09-17 05:39:29,363 [pool-629-thread-1] INFO  server.RaftServerConfigKeys (ConfUtils.java:logGet(43)) - raft.server.snapshot.retention.num.files = 5 (custom)
2019-09-17 05:39:29,363 [pool-629-thread-1] INFO  server.RaftServerConfigKeys (ConfUtils.java:logGet(43)) - raft.server.retrycache.expirytime = 600000ms (custom)
2019-09-17 05:39:29,362 [pool-649-thread-1] INFO  server.RaftServerConfigKeys (ConfUtils.java:logGet(43)) - raft.server.log.preallocated.size = 16384 (custom)
2019-09-17 05:39:29,363 [pool-649-thread-1] INFO  server.RaftServerConfigKeys (ConfUtils.java:logGet(43)) - raft.server.log.write.buffer.size = 33554432 (custom)
2019-09-17 05:39:29,364 [pool-649-thread-1] INFO  server.RaftServerConfigKeys (ConfUtils.java:logGet(43)) - raft.server.log.force.sync.num = 128 (default)
2019-09-17 05:39:29,364 [pool-649-thread-1] INFO  server.RaftServerConfigKeys (ConfUtils.java:logGet(43)) - raft.server.log.statemachine.data.sync = true (default)
2019-09-17 05:39:29,364 [pool-649-thread-1] INFO  server.RaftServerConfigKeys (ConfUtils.java:logGet(43)) - raft.server.log.statemachine.data.sync.timeout = 10s (default)
2019-09-17 05:39:29,365 [pool-649-thread-1] INFO  server.RaftServerConfigKeys (ConfUtils.java:logGet(43)) - raft.server.log.statemachine.data.sync.timeout.retry = -1 (default)
2019-09-17 05:39:29,365 [pool-649-thread-1] INFO  server.RaftServerConfigKeys (ConfUtils.java:logGet(43)) - raft.server.log.statemachine.data.caching.enabled = true (custom)
2019-09-17 05:39:29,365 [pool-649-thread-1] INFO  segmented.SegmentedRaftLogWorker (SegmentedRaftLogWorker.java:lambda$new$0(132)) - 753e4218-28df-4084-bc35-1bcb706ff054@group-DAEE684F5880-SegmentedRaftLogWorker: flushIndex: setUnconditionally 0 -> -1
2019-09-17 05:39:29,366 [pool-649-thread-1] INFO  server.RaftServerConfigKeys (ConfUtils.java:logGet(43)) - raft.server.snapshot.auto.trigger.enabled = true (custom)
2019-09-17 05:39:29,363 [pool-639-thread-1] INFO  server.RaftServerConfigKeys (ConfUtils.java:logGet(43)) - raft.server.log.statemachine.data.sync = true (default)
2019-09-17 05:39:29,366 [pool-639-thread-1] INFO  server.RaftServerConfigKeys (ConfUtils.java:logGet(43)) - raft.server.log.statemachine.data.sync.timeout = 10s (default)
2019-09-17 05:39:29,366 [pool-649-thread-1] INFO  server.RaftServerConfigKeys (ConfUtils.java:logGet(43)) - raft.server.snapshot.auto.trigger.threshold = 10000 (custom)
2019-09-17 05:39:29,365 [pool-629-thread-1] INFO  impl.RaftServerImpl (RaftServerImpl.java:start(185)) - 709477b2-7a5d-4422-82d7-7ceaa516784a@group-DAEE684F5880: start as a follower, conf=-1: [0076424b-dbc7-4d88-ac92-4910588e0078:192.168.69.122:37240, 753e4218-28df-4084-bc35-1bcb706ff054:192.168.69.122:35314, 709477b2-7a5d-4422-82d7-7ceaa516784a:192.168.69.122:34521], old=null
2019-09-17 05:39:29,367 [pool-629-thread-1] INFO  impl.RaftServerImpl (RaftServerImpl.java:setRole(174)) - 709477b2-7a5d-4422-82d7-7ceaa516784a@group-DAEE684F5880: changes role from      null to FOLLOWER at term 0 for startAsFollower
2019-09-17 05:39:29,367 [pool-649-thread-1] INFO  server.RaftServerConfigKeys (ConfUtils.java:logGet(43)) - raft.server.snapshot.retention.num.files = 5 (custom)
2019-09-17 05:39:29,367 [pool-639-thread-1] INFO  server.RaftServerConfigKeys (ConfUtils.java:logGet(43)) - raft.server.log.statemachine.data.sync.timeout.retry = -1 (default)
2019-09-17 05:39:29,367 [pool-649-thread-1] INFO  server.RaftServerConfigKeys (ConfUtils.java:logGet(43)) - raft.server.retrycache.expirytime = 600000ms (custom)
2019-09-17 05:39:29,367 [pool-629-thread-1] INFO  impl.RoleInfo (RoleInfo.java:updateAndGet(143)) - 709477b2-7a5d-4422-82d7-7ceaa516784a: start FollowerState
2019-09-17 05:39:29,367 [pool-639-thread-1] INFO  server.RaftServerConfigKeys (ConfUtils.java:logGet(43)) - raft.server.log.statemachine.data.caching.enabled = true (custom)
2019-09-17 05:39:29,368 [pool-629-thread-1] INFO  util.JmxRegister (JmxRegister.java:tryRegister(44)) - Successfully registered JMX Bean with object name Ratis:service=RaftServer,group=group-DAEE684F5880,id=709477b2-7a5d-4422-82d7-7ceaa516784a
2019-09-17 05:39:29,368 [pool-639-thread-1] INFO  segmented.SegmentedRaftLogWorker (SegmentedRaftLogWorker.java:lambda$new$0(132)) - 0076424b-dbc7-4d88-ac92-4910588e0078@group-DAEE684F5880-SegmentedRaftLogWorker: flushIndex: setUnconditionally 0 -> -1
2019-09-17 05:39:29,368 [pool-639-thread-1] INFO  server.RaftServerConfigKeys (ConfUtils.java:logGet(43)) - raft.server.snapshot.auto.trigger.enabled = true (custom)
2019-09-17 05:39:29,369 [pool-639-thread-1] INFO  server.RaftServerConfigKeys (ConfUtils.java:logGet(43)) - raft.server.snapshot.auto.trigger.threshold = 10000 (custom)
2019-09-17 05:39:29,369 [pool-639-thread-1] INFO  server.RaftServerConfigKeys (ConfUtils.java:logGet(43)) - raft.server.snapshot.retention.num.files = 5 (custom)
2019-09-17 05:39:29,369 [pool-639-thread-1] INFO  server.RaftServerConfigKeys (ConfUtils.java:logGet(43)) - raft.server.retrycache.expirytime = 600000ms (custom)
2019-09-17 05:39:29,376 [pool-649-thread-1] INFO  impl.RaftServerImpl (RaftServerImpl.java:start(185)) - 753e4218-28df-4084-bc35-1bcb706ff054@group-DAEE684F5880: start as a follower, conf=-1: [0076424b-dbc7-4d88-ac92-4910588e0078:192.168.69.122:37240, 753e4218-28df-4084-bc35-1bcb706ff054:192.168.69.122:35314, 709477b2-7a5d-4422-82d7-7ceaa516784a:192.168.69.122:34521], old=null
2019-09-17 05:39:29,377 [pool-649-thread-1] INFO  impl.RaftServerImpl (RaftServerImpl.java:setRole(174)) - 753e4218-28df-4084-bc35-1bcb706ff054@group-DAEE684F5880: changes role from      null to FOLLOWER at term 0 for startAsFollower
2019-09-17 05:39:29,377 [pool-649-thread-1] INFO  impl.RoleInfo (RoleInfo.java:updateAndGet(143)) - 753e4218-28df-4084-bc35-1bcb706ff054: start FollowerState
2019-09-17 05:39:29,377 [pool-649-thread-1] INFO  util.JmxRegister (JmxRegister.java:tryRegister(44)) - Successfully registered JMX Bean with object name Ratis:service=RaftServer,group=group-DAEE684F5880,id=753e4218-28df-4084-bc35-1bcb706ff054
2019-09-17 05:39:29,378 [pool-639-thread-1] INFO  impl.RaftServerImpl (RaftServerImpl.java:start(185)) - 0076424b-dbc7-4d88-ac92-4910588e0078@group-DAEE684F5880: start as a follower, conf=-1: [0076424b-dbc7-4d88-ac92-4910588e0078:192.168.69.122:37240, 753e4218-28df-4084-bc35-1bcb706ff054:192.168.69.122:35314, 709477b2-7a5d-4422-82d7-7ceaa516784a:192.168.69.122:34521], old=null
2019-09-17 05:39:29,378 [pool-639-thread-1] INFO  impl.RaftServerImpl (RaftServerImpl.java:setRole(174)) - 0076424b-dbc7-4d88-ac92-4910588e0078@group-DAEE684F5880: changes role from      null to FOLLOWER at term 0 for startAsFollower
2019-09-17 05:39:29,378 [pool-639-thread-1] INFO  impl.RoleInfo (RoleInfo.java:updateAndGet(143)) - 0076424b-dbc7-4d88-ac92-4910588e0078: start FollowerState
2019-09-17 05:39:29,378 [pool-639-thread-1] INFO  util.JmxRegister (JmxRegister.java:tryRegister(44)) - Successfully registered JMX Bean with object name Ratis:service=RaftServer,group=group-DAEE684F5880,id=0076424b-dbc7-4d88-ac92-4910588e0078
2019-09-17 05:39:29,380 [RatisPipelineUtilsThread] INFO  pipeline.PipelineStateManager (PipelineStateManager.java:addPipeline(56)) - Created pipeline Pipeline[ Id: 06f251e7-f9c0-409d-aa57-daee684f5880, Nodes: 0076424b-dbc7-4d88-ac92-4910588e0078{ip: 192.168.69.122, host: trunk-nightly-20190917-29l5j-2509219610, networkLocation: /default-rack, certSerialId: null}709477b2-7a5d-4422-82d7-7ceaa516784a{ip: 192.168.69.122, host: trunk-nightly-20190917-29l5j-2509219610, networkLocation: /default-rack, certSerialId: null}753e4218-28df-4084-bc35-1bcb706ff054{ip: 192.168.69.122, host: trunk-nightly-20190917-29l5j-2509219610, networkLocation: /default-rack, certSerialId: null}, Type:RATIS, Factor:THREE, State:OPEN]
2019-09-17 05:39:29,400 [grpc-default-executor-5] INFO  client.GrpcClientProtocolClient (GrpcClientProtocolClient.java:onNext(264)) - client-85AD2ACA0F20->0076424b-dbc7-4d88-ac92-4910588e0078: receive RaftClientReply:client-85AD2ACA0F20->0076424b-dbc7-4d88-ac92-4910588e0078@group-DAEE684F5880, cid=233, FAILED org.apache.ratis.protocol.NotLeaderException: Server 0076424b-dbc7-4d88-ac92-4910588e0078@group-DAEE684F5880 is not the leader, logIndex=0, commits[0076424b-dbc7-4d88-ac92-4910588e0078:c-1]
2019-09-17 05:39:30,414 [grpc-default-executor-5] INFO  client.GrpcClientProtocolClient (GrpcClientProtocolClient.java:onNext(264)) - client-85AD2ACA0F20->709477b2-7a5d-4422-82d7-7ceaa516784a: receive RaftClientReply:client-85AD2ACA0F20->709477b2-7a5d-4422-82d7-7ceaa516784a@group-DAEE684F5880, cid=233, FAILED org.apache.ratis.protocol.NotLeaderException: Server 709477b2-7a5d-4422-82d7-7ceaa516784a@group-DAEE684F5880 is not the leader, logIndex=0, commits[709477b2-7a5d-4422-82d7-7ceaa516784a:c-1]
2019-09-17 05:39:31,426 [grpc-default-executor-5] INFO  client.GrpcClientProtocolClient (GrpcClientProtocolClient.java:onNext(264)) - client-85AD2ACA0F20->753e4218-28df-4084-bc35-1bcb706ff054: receive RaftClientReply:client-85AD2ACA0F20->753e4218-28df-4084-bc35-1bcb706ff054@group-DAEE684F5880, cid=233, FAILED org.apache.ratis.protocol.NotLeaderException: Server 753e4218-28df-4084-bc35-1bcb706ff054@group-DAEE684F5880 is not the leader, logIndex=0, commits[753e4218-28df-4084-bc35-1bcb706ff054:c-1]
2019-09-17 05:39:31,763 [Thread-4058] INFO  container.ReplicationManager (ReplicationManager.java:start(162)) - Starting Replication Monitor Thread.
2019-09-17 05:39:31,770 [ReplicationMonitor] INFO  container.ReplicationManager (ReplicationManager.java:run(225)) - Replication Monitor Thread took 0 milliseconds for processing 1 containers.
2019-09-17 05:39:32,436 [grpc-default-executor-13] INFO  client.GrpcClientProtocolClient (GrpcClientProtocolClient.java:onNext(264)) - client-85AD2ACA0F20->0076424b-dbc7-4d88-ac92-4910588e0078: receive RaftClientReply:client-85AD2ACA0F20->0076424b-dbc7-4d88-ac92-4910588e0078@group-DAEE684F5880, cid=233, FAILED org.apache.ratis.protocol.NotLeaderException: Server 0076424b-dbc7-4d88-ac92-4910588e0078@group-DAEE684F5880 is not the leader, logIndex=0, commits[0076424b-dbc7-4d88-ac92-4910588e0078:c-1]
2019-09-17 05:39:33,457 [grpc-default-executor-13] INFO  client.GrpcClientProtocolClient (GrpcClientProtocolClient.java:onNext(264)) - client-85AD2ACA0F20->709477b2-7a5d-4422-82d7-7ceaa516784a: receive RaftClientReply:client-85AD2ACA0F20->709477b2-7a5d-4422-82d7-7ceaa516784a@group-DAEE684F5880, cid=233, FAILED org.apache.ratis.protocol.NotLeaderException: Server 709477b2-7a5d-4422-82d7-7ceaa516784a@group-DAEE684F5880 is not the leader, logIndex=0, commits[709477b2-7a5d-4422-82d7-7ceaa516784a:c-1]
2019-09-17 05:39:33,965 [Thread-4063] INFO  impl.FollowerState (FollowerState.java:run(106)) - 3bf073f2-310e-4683-a6c8-b828172024b1:group-4C97CE1E59C2 changes to CANDIDATE, lastRpcTime:5091, electionTimeout:5091ms
2019-09-17 05:39:33,966 [Thread-4063] INFO  impl.RoleInfo (RoleInfo.java:shutdownFollowerState(121)) - 3bf073f2-310e-4683-a6c8-b828172024b1: shutdown FollowerState
2019-09-17 05:39:33,966 [Thread-4063] INFO  impl.RaftServerImpl (RaftServerImpl.java:setRole(174)) - 3bf073f2-310e-4683-a6c8-b828172024b1@group-4C97CE1E59C2: changes role from  FOLLOWER to CANDIDATE at term 0 for changeToCandidate
2019-09-17 05:39:33,966 [Thread-4063] INFO  impl.RoleInfo (RoleInfo.java:updateAndGet(143)) - 3bf073f2-310e-4683-a6c8-b828172024b1: start LeaderElection
2019-09-17 05:39:33,979 [Thread-4066] INFO  impl.FollowerState (FollowerState.java:run(106)) - 6f64a23a-10c8-4f60-bb77-ad5952414a87:group-C2A154866FBA changes to CANDIDATE, lastRpcTime:5029, electionTimeout:5029ms
2019-09-17 05:39:33,980 [Thread-4066] INFO  impl.RoleInfo (RoleInfo.java:shutdownFollowerState(121)) - 6f64a23a-10c8-4f60-bb77-ad5952414a87: shutdown FollowerState
2019-09-17 05:39:33,980 [Thread-4066] INFO  impl.RaftServerImpl (RaftServerImpl.java:setRole(174)) - 6f64a23a-10c8-4f60-bb77-ad5952414a87@group-C2A154866FBA: changes role from  FOLLOWER to CANDIDATE at term 0 for changeToCandidate
2019-09-17 05:39:33,980 [Thread-4066] INFO  impl.RoleInfo (RoleInfo.java:updateAndGet(143)) - 6f64a23a-10c8-4f60-bb77-ad5952414a87: start LeaderElection
2019-09-17 05:39:33,989 [Thread-4060] INFO  impl.FollowerState (FollowerState.java:run(106)) - 83c5c86f-4f0f-49a9-8168-55da465a77cb:group-35FD1F77B7B4 changes to CANDIDATE, lastRpcTime:5176, electionTimeout:5176ms
2019-09-17 05:39:33,989 [Thread-4060] INFO  impl.RoleInfo (RoleInfo.java:shutdownFollowerState(121)) - 83c5c86f-4f0f-49a9-8168-55da465a77cb: shutdown FollowerState
2019-09-17 05:39:33,989 [Thread-4060] INFO  impl.RaftServerImpl (RaftServerImpl.java:setRole(174)) - 83c5c86f-4f0f-49a9-8168-55da465a77cb@group-35FD1F77B7B4: changes role from  FOLLOWER to CANDIDATE at term 0 for changeToCandidate
2019-09-17 05:39:33,990 [Thread-4060] INFO  impl.RoleInfo (RoleInfo.java:updateAndGet(143)) - 83c5c86f-4f0f-49a9-8168-55da465a77cb: start LeaderElection
2019-09-17 05:39:33,993 [6f64a23a-10c8-4f60-bb77-ad5952414a87@group-C2A154866FBA:LeaderElection106] INFO  impl.LeaderElection (LeaderElection.java:askForVotes(182)) - 6f64a23a-10c8-4f60-bb77-ad5952414a87@group-C2A154866FBA:LeaderElection106: begin an election at term 1 for -1: [6f64a23a-10c8-4f60-bb77-ad5952414a87:192.168.69.122:38852], old=null
2019-09-17 05:39:33,993 [3bf073f2-310e-4683-a6c8-b828172024b1@group-4C97CE1E59C2:LeaderElection105] INFO  impl.LeaderElection (LeaderElection.java:askForVotes(182)) - 3bf073f2-310e-4683-a6c8-b828172024b1@group-4C97CE1E59C2:LeaderElection105: begin an election at term 1 for -1: [3bf073f2-310e-4683-a6c8-b828172024b1:192.168.69.122:33102], old=null
2019-09-17 05:39:33,999 [3bf073f2-310e-4683-a6c8-b828172024b1@group-4C97CE1E59C2:LeaderElection105] INFO  impl.RoleInfo (RoleInfo.java:shutdownLeaderElection(134)) - 3bf073f2-310e-4683-a6c8-b828172024b1: shutdown LeaderElection
2019-09-17 05:39:33,999 [6f64a23a-10c8-4f60-bb77-ad5952414a87@group-C2A154866FBA:LeaderElection106] INFO  impl.RoleInfo (RoleInfo.java:shutdownLeaderElection(134)) - 6f64a23a-10c8-4f60-bb77-ad5952414a87: shutdown LeaderElection
2019-09-17 05:39:33,999 [3bf073f2-310e-4683-a6c8-b828172024b1@group-4C97CE1E59C2:LeaderElection105] INFO  impl.RaftServerImpl (RaftServerImpl.java:setRole(174)) - 3bf073f2-310e-4683-a6c8-b828172024b1@group-4C97CE1E59C2: changes role from CANDIDATE to LEADER at term 1 for changeToLeader
2019-09-17 05:39:33,999 [3bf073f2-310e-4683-a6c8-b828172024b1@group-4C97CE1E59C2:LeaderElection105] INFO  impl.RaftServerImpl (ServerState.java:setLeader(253)) - 3bf073f2-310e-4683-a6c8-b828172024b1@group-4C97CE1E59C2: change Leader from null to 3bf073f2-310e-4683-a6c8-b828172024b1 at term 1 for becomeLeader, leader elected after 5131ms
2019-09-17 05:39:33,999 [6f64a23a-10c8-4f60-bb77-ad5952414a87@group-C2A154866FBA:LeaderElection106] INFO  impl.RaftServerImpl (RaftServerImpl.java:setRole(174)) - 6f64a23a-10c8-4f60-bb77-ad5952414a87@group-C2A154866FBA: changes role from CANDIDATE to LEADER at term 1 for changeToLeader
2019-09-17 05:39:33,999 [6f64a23a-10c8-4f60-bb77-ad5952414a87@group-C2A154866FBA:LeaderElection106] INFO  impl.RaftServerImpl (ServerState.java:setLeader(253)) - 6f64a23a-10c8-4f60-bb77-ad5952414a87@group-C2A154866FBA: change Leader from null to 6f64a23a-10c8-4f60-bb77-ad5952414a87 at term 1 for becomeLeader, leader elected after 5054ms
2019-09-17 05:39:33,999 [6f64a23a-10c8-4f60-bb77-ad5952414a87@group-C2A154866FBA:LeaderElection106] INFO  server.RaftServerConfigKeys (ConfUtils.java:logGet(43)) - raft.server.staging.catchup.gap = 1000 (default)
2019-09-17 05:39:33,999 [3bf073f2-310e-4683-a6c8-b828172024b1@group-4C97CE1E59C2:LeaderElection105] INFO  server.RaftServerConfigKeys (ConfUtils.java:logGet(43)) - raft.server.staging.catchup.gap = 1000 (default)
2019-09-17 05:39:33,999 [6f64a23a-10c8-4f60-bb77-ad5952414a87@group-C2A154866FBA:LeaderElection106] INFO  server.RaftServerConfigKeys (ConfUtils.java:logGet(43)) - raft.server.rpc.sleep.time = 25ms (default)
2019-09-17 05:39:34,000 [3bf073f2-310e-4683-a6c8-b828172024b1@group-4C97CE1E59C2:LeaderElection105] INFO  server.RaftServerConfigKeys (ConfUtils.java:logGet(43)) - raft.server.rpc.sleep.time = 25ms (default)
2019-09-17 05:39:34,000 [6f64a23a-10c8-4f60-bb77-ad5952414a87@group-C2A154866FBA:LeaderElection106] INFO  server.RaftServerConfigKeys (ConfUtils.java:logGet(43)) - raft.server.write.element-limit = 4096 (default)
2019-09-17 05:39:34,000 [3bf073f2-310e-4683-a6c8-b828172024b1@group-4C97CE1E59C2:LeaderElection105] INFO  server.RaftServerConfigKeys (ConfUtils.java:logGet(43)) - raft.server.write.element-limit = 4096 (default)
2019-09-17 05:39:34,000 [6f64a23a-10c8-4f60-bb77-ad5952414a87@group-C2A154866FBA:LeaderElection106] INFO  server.RaftServerConfigKeys (ConfUtils.java:logGet(43)) - raft.server.watch.timeout = 10s (default)
2019-09-17 05:39:34,000 [3bf073f2-310e-4683-a6c8-b828172024b1@group-4C97CE1E59C2:LeaderElection105] INFO  server.RaftServerConfigKeys (ConfUtils.java:logGet(43)) - raft.server.watch.timeout = 10s (default)
2019-09-17 05:39:34,000 [6f64a23a-10c8-4f60-bb77-ad5952414a87@group-C2A154866FBA:LeaderElection106] INFO  server.RaftServerConfigKeys (ConfUtils.java:logGet(43)) - raft.server.watch.timeout.denomination = 1s (default)
2019-09-17 05:39:34,000 [3bf073f2-310e-4683-a6c8-b828172024b1@group-4C97CE1E59C2:LeaderElection105] INFO  server.RaftServerConfigKeys (ConfUtils.java:logGet(43)) - raft.server.watch.timeout.denomination = 1s (default)
2019-09-17 05:39:34,000 [6f64a23a-10c8-4f60-bb77-ad5952414a87@group-C2A154866FBA:LeaderElection106] INFO  server.RaftServerConfigKeys (ConfUtils.java:logGet(43)) - raft.server.watch.element-limit = 65536 (default)
2019-09-17 05:39:34,000 [3bf073f2-310e-4683-a6c8-b828172024b1@group-4C97CE1E59C2:LeaderElection105] INFO  server.RaftServerConfigKeys (ConfUtils.java:logGet(43)) - raft.server.watch.element-limit = 65536 (default)
2019-09-17 05:39:34,004 [6f64a23a-10c8-4f60-bb77-ad5952414a87@group-C2A154866FBA:LeaderElection106] INFO  impl.RoleInfo (RoleInfo.java:updateAndGet(143)) - 6f64a23a-10c8-4f60-bb77-ad5952414a87: start LeaderState
2019-09-17 05:39:34,004 [3bf073f2-310e-4683-a6c8-b828172024b1@group-4C97CE1E59C2:LeaderElection105] INFO  impl.RoleInfo (RoleInfo.java:updateAndGet(143)) - 3bf073f2-310e-4683-a6c8-b828172024b1: start LeaderState
2019-09-17 05:39:34,004 [6f64a23a-10c8-4f60-bb77-ad5952414a87@group-C2A154866FBA:LeaderElection106] INFO  segmented.SegmentedRaftLogWorker (SegmentedRaftLogWorker.java:startLogSegment(380)) - 6f64a23a-10c8-4f60-bb77-ad5952414a87@group-C2A154866FBA-SegmentedRaftLogWorker: Starting segment from index:0
2019-09-17 05:39:34,004 [3bf073f2-310e-4683-a6c8-b828172024b1@group-4C97CE1E59C2:LeaderElection105] INFO  segmented.SegmentedRaftLogWorker (SegmentedRaftLogWorker.java:startLogSegment(380)) - 3bf073f2-310e-4683-a6c8-b828172024b1@group-4C97CE1E59C2-SegmentedRaftLogWorker: Starting segment from index:0
2019-09-17 05:39:34,005 [6f64a23a-10c8-4f60-bb77-ad5952414a87@group-C2A154866FBA:LeaderElection106] INFO  impl.RaftServerImpl (ServerState.java:setRaftConf(354)) - 6f64a23a-10c8-4f60-bb77-ad5952414a87@group-C2A154866FBA: set configuration 0: [6f64a23a-10c8-4f60-bb77-ad5952414a87:192.168.69.122:38852], old=null at 0
2019-09-17 05:39:34,005 [3bf073f2-310e-4683-a6c8-b828172024b1@group-4C97CE1E59C2:LeaderElection105] INFO  impl.RaftServerImpl (ServerState.java:setRaftConf(354)) - 3bf073f2-310e-4683-a6c8-b828172024b1@group-4C97CE1E59C2: set configuration 0: [3bf073f2-310e-4683-a6c8-b828172024b1:192.168.69.122:33102], old=null at 0
2019-09-17 05:39:34,008 [Thread-4073] INFO  impl.FollowerState (FollowerState.java:run(106)) - 6f64a23a-10c8-4f60-bb77-ad5952414a87:group-AD9369A79441 changes to CANDIDATE, lastRpcTime:5010, electionTimeout:5010ms
2019-09-17 05:39:34,008 [Thread-4073] INFO  impl.RoleInfo (RoleInfo.java:shutdownFollowerState(121)) - 6f64a23a-10c8-4f60-bb77-ad5952414a87: shutdown FollowerState
2019-09-17 05:39:34,008 [Thread-4073] INFO  impl.RaftServerImpl (RaftServerImpl.java:setRole(174)) - 6f64a23a-10c8-4f60-bb77-ad5952414a87@group-AD9369A79441: changes role from  FOLLOWER to CANDIDATE at term 0 for changeToCandidate
2019-09-17 05:39:34,008 [Thread-4073] INFO  impl.RoleInfo (RoleInfo.java:updateAndGet(143)) - 6f64a23a-10c8-4f60-bb77-ad5952414a87: start LeaderElection
2019-09-17 05:39:34,045 [83c5c86f-4f0f-49a9-8168-55da465a77cb@group-35FD1F77B7B4:LeaderElection107] INFO  impl.LeaderElection (LeaderElection.java:askForVotes(182)) - 83c5c86f-4f0f-49a9-8168-55da465a77cb@group-35FD1F77B7B4:LeaderElection107: begin an election at term 1 for -1: [83c5c86f-4f0f-49a9-8168-55da465a77cb:192.168.69.122:39815], old=null
2019-09-17 05:39:34,051 [83c5c86f-4f0f-49a9-8168-55da465a77cb@group-35FD1F77B7B4:LeaderElection107] INFO  impl.RoleInfo (RoleInfo.java:shutdownLeaderElection(134)) - 83c5c86f-4f0f-49a9-8168-55da465a77cb: shutdown LeaderElection
2019-09-17 05:39:34,051 [83c5c86f-4f0f-49a9-8168-55da465a77cb@group-35FD1F77B7B4:LeaderElection107] INFO  impl.RaftServerImpl (RaftServerImpl.java:setRole(174)) - 83c5c86f-4f0f-49a9-8168-55da465a77cb@group-35FD1F77B7B4: changes role from CANDIDATE to LEADER at term 1 for changeToLeader
2019-09-17 05:39:34,051 [83c5c86f-4f0f-49a9-8168-55da465a77cb@group-35FD1F77B7B4:LeaderElection107] INFO  impl.RaftServerImpl (ServerState.java:setLeader(253)) - 83c5c86f-4f0f-49a9-8168-55da465a77cb@group-35FD1F77B7B4: change Leader from null to 83c5c86f-4f0f-49a9-8168-55da465a77cb at term 1 for becomeLeader, leader elected after 5245ms
2019-09-17 05:39:34,051 [83c5c86f-4f0f-49a9-8168-55da465a77cb@group-35FD1F77B7B4:LeaderElection107] INFO  server.RaftServerConfigKeys (ConfUtils.java:logGet(43)) - raft.server.staging.catchup.gap = 1000 (default)
2019-09-17 05:39:34,051 [83c5c86f-4f0f-49a9-8168-55da465a77cb@group-35FD1F77B7B4:LeaderElection107] INFO  server.RaftServerConfigKeys (ConfUtils.java:logGet(43)) - raft.server.rpc.sleep.time = 25ms (default)
2019-09-17 05:39:34,052 [83c5c86f-4f0f-49a9-8168-55da465a77cb@group-35FD1F77B7B4:LeaderElection107] INFO  server.RaftServerConfigKeys (ConfUtils.java:logGet(43)) - raft.server.write.element-limit = 4096 (default)
2019-09-17 05:39:34,052 [83c5c86f-4f0f-49a9-8168-55da465a77cb@group-35FD1F77B7B4:LeaderElection107] INFO  server.RaftServerConfigKeys (ConfUtils.java:logGet(43)) - raft.server.watch.timeout = 10s (default)
2019-09-17 05:39:34,052 [83c5c86f-4f0f-49a9-8168-55da465a77cb@group-35FD1F77B7B4:LeaderElection107] INFO  server.RaftServerConfigKeys (ConfUtils.java:logGet(43)) - raft.server.watch.timeout.denomination = 1s (default)
2019-09-17 05:39:34,052 [83c5c86f-4f0f-49a9-8168-55da465a77cb@group-35FD1F77B7B4:LeaderElection107] INFO  server.RaftServerConfigKeys (ConfUtils.java:logGet(43)) - raft.server.watch.element-limit = 65536 (default)
2019-09-17 05:39:34,054 [83c5c86f-4f0f-49a9-8168-55da465a77cb@group-35FD1F77B7B4:LeaderElection107] INFO  impl.RoleInfo (RoleInfo.java:updateAndGet(143)) - 83c5c86f-4f0f-49a9-8168-55da465a77cb: start LeaderState
2019-09-17 05:39:34,054 [83c5c86f-4f0f-49a9-8168-55da465a77cb@group-35FD1F77B7B4:LeaderElection107] INFO  segmented.SegmentedRaftLogWorker (SegmentedRaftLogWorker.java:startLogSegment(380)) - 83c5c86f-4f0f-49a9-8168-55da465a77cb@group-35FD1F77B7B4-SegmentedRaftLogWorker: Starting segment from index:0
2019-09-17 05:39:34,055 [83c5c86f-4f0f-49a9-8168-55da465a77cb@group-35FD1F77B7B4:LeaderElection107] INFO  impl.RaftServerImpl (ServerState.java:setRaftConf(354)) - 83c5c86f-4f0f-49a9-8168-55da465a77cb@group-35FD1F77B7B4: set configuration 0: [83c5c86f-4f0f-49a9-8168-55da465a77cb:192.168.69.122:39815], old=null at 0
2019-09-17 05:39:34,059 [3bf073f2-310e-4683-a6c8-b828172024b1@group-4C97CE1E59C2-SegmentedRaftLogWorker] INFO  segmented.SegmentedRaftLogWorker (SegmentedRaftLogWorker.java:execute(569)) - 3bf073f2-310e-4683-a6c8-b828172024b1@group-4C97CE1E59C2-SegmentedRaftLogWorker: created new log segment /workdir/hadoop-ozone/integration-test/target/test-dir/MiniOzoneClusterImpl-19ed16c9-28cb-4873-91f5-e899d205af27/datanode-1/data/ratis/503e3b26-17ee-4a1b-8a8e-4c97ce1e59c2/current/log_inprogress_0
2019-09-17 05:39:34,059 [6f64a23a-10c8-4f60-bb77-ad5952414a87@group-C2A154866FBA-SegmentedRaftLogWorker] INFO  segmented.SegmentedRaftLogWorker (SegmentedRaftLogWorker.java:execute(569)) - 6f64a23a-10c8-4f60-bb77-ad5952414a87@group-C2A154866FBA-SegmentedRaftLogWorker: created new log segment /workdir/hadoop-ozone/integration-test/target/test-dir/MiniOzoneClusterImpl-19ed16c9-28cb-4873-91f5-e899d205af27/datanode-2/data/ratis/48aaec87-19df-4ad8-95e8-c2a154866fba/current/log_inprogress_0
2019-09-17 05:39:34,059 [6f64a23a-10c8-4f60-bb77-ad5952414a87@group-AD9369A79441:LeaderElection108] INFO  impl.LeaderElection (LeaderElection.java:askForVotes(182)) - 6f64a23a-10c8-4f60-bb77-ad5952414a87@group-AD9369A79441:LeaderElection108: begin an election at term 1 for -1: [83c5c86f-4f0f-49a9-8168-55da465a77cb:192.168.69.122:39815, 6f64a23a-10c8-4f60-bb77-ad5952414a87:192.168.69.122:38852, 3bf073f2-310e-4683-a6c8-b828172024b1:192.168.69.122:33102], old=null
2019-09-17 05:39:34,116 [grpc-default-executor-13] INFO  impl.RaftServerImpl (RaftServerImpl.java:setRole(174)) - 3bf073f2-310e-4683-a6c8-b828172024b1@group-AD9369A79441: changes role from  FOLLOWER to FOLLOWER at term 1 for recognizeCandidate:6f64a23a-10c8-4f60-bb77-ad5952414a87
2019-09-17 05:39:34,116 [grpc-default-executor-5] INFO  impl.RaftServerImpl (RaftServerImpl.java:setRole(174)) - 83c5c86f-4f0f-49a9-8168-55da465a77cb@group-AD9369A79441: changes role from  FOLLOWER to FOLLOWER at term 1 for recognizeCandidate:6f64a23a-10c8-4f60-bb77-ad5952414a87
2019-09-17 05:39:34,116 [grpc-default-executor-13] INFO  impl.RoleInfo (RoleInfo.java:shutdownFollowerState(121)) - 3bf073f2-310e-4683-a6c8-b828172024b1: shutdown FollowerState
2019-09-17 05:39:34,117 [grpc-default-executor-5] INFO  impl.RoleInfo (RoleInfo.java:shutdownFollowerState(121)) - 83c5c86f-4f0f-49a9-8168-55da465a77cb: shutdown FollowerState
2019-09-17 05:39:34,117 [Thread-4075] INFO  impl.FollowerState (FollowerState.java:run(115)) - 3bf073f2-310e-4683-a6c8-b828172024b1: FollowerState was interrupted: java.lang.InterruptedException: sleep interrupted
2019-09-17 05:39:34,117 [grpc-default-executor-13] INFO  impl.RoleInfo (RoleInfo.java:updateAndGet(143)) - 3bf073f2-310e-4683-a6c8-b828172024b1: start FollowerState
2019-09-17 05:39:34,120 [Thread-4070] INFO  impl.FollowerState (FollowerState.java:run(115)) - 83c5c86f-4f0f-49a9-8168-55da465a77cb: FollowerState was interrupted: java.lang.InterruptedException: sleep interrupted
2019-09-17 05:39:34,120 [83c5c86f-4f0f-49a9-8168-55da465a77cb@group-35FD1F77B7B4-SegmentedRaftLogWorker] INFO  segmented.SegmentedRaftLogWorker (SegmentedRaftLogWorker.java:execute(569)) - 83c5c86f-4f0f-49a9-8168-55da465a77cb@group-35FD1F77B7B4-SegmentedRaftLogWorker: created new log segment /workdir/hadoop-ozone/integration-test/target/test-dir/MiniOzoneClusterImpl-19ed16c9-28cb-4873-91f5-e899d205af27/datanode-0/data/ratis/6f2792d2-4ef6-4452-8490-35fd1f77b7b4/current/log_inprogress_0
2019-09-17 05:39:34,117 [grpc-default-executor-5] INFO  impl.RoleInfo (RoleInfo.java:updateAndGet(143)) - 83c5c86f-4f0f-49a9-8168-55da465a77cb: start FollowerState
2019-09-17 05:39:34,132 [6f64a23a-10c8-4f60-bb77-ad5952414a87@group-AD9369A79441:LeaderElection108] INFO  impl.LeaderElection (LeaderElection.java:logAndReturn(56)) - 6f64a23a-10c8-4f60-bb77-ad5952414a87@group-AD9369A79441:LeaderElection108: Election PASSED; received 1 response(s) [6f64a23a-10c8-4f60-bb77-ad5952414a87<-3bf073f2-310e-4683-a6c8-b828172024b1#0:OK-t1] and 0 exception(s); 6f64a23a-10c8-4f60-bb77-ad5952414a87@group-AD9369A79441:t1, leader=null, voted=6f64a23a-10c8-4f60-bb77-ad5952414a87, raftlog=6f64a23a-10c8-4f60-bb77-ad5952414a87@group-AD9369A79441-SegmentedRaftLog:OPENED:c-1,f-1,i0, conf=-1: [83c5c86f-4f0f-49a9-8168-55da465a77cb:192.168.69.122:39815, 6f64a23a-10c8-4f60-bb77-ad5952414a87:192.168.69.122:38852, 3bf073f2-310e-4683-a6c8-b828172024b1:192.168.69.122:33102], old=null
2019-09-17 05:39:34,132 [6f64a23a-10c8-4f60-bb77-ad5952414a87@group-AD9369A79441:LeaderElection108] INFO  impl.RoleInfo (RoleInfo.java:shutdownLeaderElection(134)) - 6f64a23a-10c8-4f60-bb77-ad5952414a87: shutdown LeaderElection
2019-09-17 05:39:34,132 [6f64a23a-10c8-4f60-bb77-ad5952414a87@group-AD9369A79441:LeaderElection108] INFO  impl.RaftServerImpl (RaftServerImpl.java:setRole(174)) - 6f64a23a-10c8-4f60-bb77-ad5952414a87@group-AD9369A79441: changes role from CANDIDATE to LEADER at term 1 for changeToLeader
2019-09-17 05:39:34,132 [6f64a23a-10c8-4f60-bb77-ad5952414a87@group-AD9369A79441:LeaderElection108] INFO  impl.RaftServerImpl (ServerState.java:setLeader(253)) - 6f64a23a-10c8-4f60-bb77-ad5952414a87@group-AD9369A79441: change Leader from null to 6f64a23a-10c8-4f60-bb77-ad5952414a87 at term 1 for becomeLeader, leader elected after 5144ms
2019-09-17 05:39:34,132 [6f64a23a-10c8-4f60-bb77-ad5952414a87@group-AD9369A79441:LeaderElection108] INFO  server.RaftServerConfigKeys (ConfUtils.java:logGet(43)) - raft.server.staging.catchup.gap = 1000 (default)
2019-09-17 05:39:34,132 [6f64a23a-10c8-4f60-bb77-ad5952414a87@group-AD9369A79441:LeaderElection108] INFO  server.RaftServerConfigKeys (ConfUtils.java:logGet(43)) - raft.server.rpc.sleep.time = 25ms (default)
2019-09-17 05:39:34,133 [6f64a23a-10c8-4f60-bb77-ad5952414a87@group-AD9369A79441:LeaderElection108] INFO  server.RaftServerConfigKeys (ConfUtils.java:logGet(43)) - raft.server.write.element-limit = 4096 (default)
2019-09-17 05:39:34,133 [6f64a23a-10c8-4f60-bb77-ad5952414a87@group-AD9369A79441:LeaderElection108] INFO  server.RaftServerConfigKeys (ConfUtils.java:logGet(43)) - raft.server.watch.timeout = 10s (default)
2019-09-17 05:39:34,133 [6f64a23a-10c8-4f60-bb77-ad5952414a87@group-AD9369A79441:LeaderElection108] INFO  server.RaftServerConfigKeys (ConfUtils.java:logGet(43)) - raft.server.watch.timeout.denomination = 1s (default)
2019-09-17 05:39:34,133 [6f64a23a-10c8-4f60-bb77-ad5952414a87@group-AD9369A79441:LeaderElection108] INFO  server.RaftServerConfigKeys (ConfUtils.java:logGet(43)) - raft.server.watch.element-limit = 65536 (default)
2019-09-17 05:39:34,135 [6f64a23a-10c8-4f60-bb77-ad5952414a87@group-AD9369A79441:LeaderElection108] INFO  server.RaftServerConfigKeys (ConfUtils.java:logGet(43)) - raft.server.log.appender.snapshot.chunk.size.max = 16MB (=16777216) (default)
2019-09-17 05:39:34,135 [6f64a23a-10c8-4f60-bb77-ad5952414a87@group-AD9369A79441:LeaderElection108] INFO  server.RaftServerConfigKeys (ConfUtils.java:logGet(43)) - raft.server.log.appender.buffer.byte-limit = 33554432 (custom)
2019-09-17 05:39:34,136 [6f64a23a-10c8-4f60-bb77-ad5952414a87@group-AD9369A79441:LeaderElection108] INFO  server.RaftServerConfigKeys (ConfUtils.java:logGet(43)) - raft.server.log.appender.buffer.element-limit = 1 (custom)
2019-09-17 05:39:34,136 [6f64a23a-10c8-4f60-bb77-ad5952414a87@group-AD9369A79441:LeaderElection108] INFO  grpc.GrpcConfigKeys$Server (ConfUtils.java:logGet(43)) - raft.grpc.server.leader.outstanding.appends.max = 128 (default)
2019-09-17 05:39:34,136 [6f64a23a-10c8-4f60-bb77-ad5952414a87@group-AD9369A79441:LeaderElection108] INFO  server.RaftServerConfigKeys (ConfUtils.java:logGet(43)) - raft.server.rpc.request.timeout = 3000ms (default)
2019-09-17 05:39:34,137 [6f64a23a-10c8-4f60-bb77-ad5952414a87@group-AD9369A79441:LeaderElection108] INFO  server.RaftServerConfigKeys (ConfUtils.java:logGet(43)) - raft.server.log.appender.install.snapshot.enabled = false (custom)
2019-09-17 05:39:34,137 [6f64a23a-10c8-4f60-bb77-ad5952414a87@group-AD9369A79441:LeaderElection108] INFO  server.RaftServerConfigKeys (ConfUtils.java:logGet(43)) - raft.server.log.appender.snapshot.chunk.size.max = 16MB (=16777216) (default)
2019-09-17 05:39:34,137 [6f64a23a-10c8-4f60-bb77-ad5952414a87@group-AD9369A79441:LeaderElection108] INFO  server.RaftServerConfigKeys (ConfUtils.java:logGet(43)) - raft.server.log.appender.buffer.byte-limit = 33554432 (custom)
2019-09-17 05:39:34,137 [6f64a23a-10c8-4f60-bb77-ad5952414a87@group-AD9369A79441:LeaderElection108] INFO  server.RaftServerConfigKeys (ConfUtils.java:logGet(43)) - raft.server.log.appender.buffer.element-limit = 1 (custom)
2019-09-17 05:39:34,138 [6f64a23a-10c8-4f60-bb77-ad5952414a87@group-AD9369A79441:LeaderElection108] INFO  grpc.GrpcConfigKeys$Server (ConfUtils.java:logGet(43)) - raft.grpc.server.leader.outstanding.appends.max = 128 (default)
2019-09-17 05:39:34,138 [6f64a23a-10c8-4f60-bb77-ad5952414a87@group-AD9369A79441:LeaderElection108] INFO  server.RaftServerConfigKeys (ConfUtils.java:logGet(43)) - raft.server.rpc.request.timeout = 3000ms (default)
2019-09-17 05:39:34,138 [6f64a23a-10c8-4f60-bb77-ad5952414a87@group-AD9369A79441:LeaderElection108] INFO  server.RaftServerConfigKeys (ConfUtils.java:logGet(43)) - raft.server.log.appender.install.snapshot.enabled = false (custom)
2019-09-17 05:39:34,138 [6f64a23a-10c8-4f60-bb77-ad5952414a87@group-AD9369A79441:LeaderElection108] INFO  impl.RoleInfo (RoleInfo.java:updateAndGet(143)) - 6f64a23a-10c8-4f60-bb77-ad5952414a87: start LeaderState
2019-09-17 05:39:34,138 [6f64a23a-10c8-4f60-bb77-ad5952414a87@group-AD9369A79441:LeaderElection108] INFO  segmented.SegmentedRaftLogWorker (SegmentedRaftLogWorker.java:startLogSegment(380)) - 6f64a23a-10c8-4f60-bb77-ad5952414a87@group-AD9369A79441-SegmentedRaftLogWorker: Starting segment from index:0
2019-09-17 05:39:34,139 [6f64a23a-10c8-4f60-bb77-ad5952414a87@group-AD9369A79441:LeaderElection108] INFO  impl.RaftServerImpl (ServerState.java:setRaftConf(354)) - 6f64a23a-10c8-4f60-bb77-ad5952414a87@group-AD9369A79441: set configuration 0: [83c5c86f-4f0f-49a9-8168-55da465a77cb:192.168.69.122:39815, 6f64a23a-10c8-4f60-bb77-ad5952414a87:192.168.69.122:38852, 3bf073f2-310e-4683-a6c8-b828172024b1:192.168.69.122:33102], old=null at 0
2019-09-17 05:39:34,173 [grpc-default-executor-5] INFO  impl.RaftServerImpl (ServerState.java:setLeader(253)) - 3bf073f2-310e-4683-a6c8-b828172024b1@group-AD9369A79441: change Leader from null to 6f64a23a-10c8-4f60-bb77-ad5952414a87 at term 1 for appendEntries, leader elected after 5185ms
2019-09-17 05:39:34,178 [grpc-default-executor-13] INFO  impl.RaftServerImpl (ServerState.java:setLeader(253)) - 83c5c86f-4f0f-49a9-8168-55da465a77cb@group-AD9369A79441: change Leader from null to 6f64a23a-10c8-4f60-bb77-ad5952414a87 at term 1 for appendEntries, leader elected after 5190ms
2019-09-17 05:39:34,180 [grpc-default-executor-13] INFO  impl.RaftServerImpl (ServerState.java:setRaftConf(354)) - 3bf073f2-310e-4683-a6c8-b828172024b1@group-AD9369A79441: set configuration 0: [83c5c86f-4f0f-49a9-8168-55da465a77cb:192.168.69.122:39815, 6f64a23a-10c8-4f60-bb77-ad5952414a87:192.168.69.122:38852, 3bf073f2-310e-4683-a6c8-b828172024b1:192.168.69.122:33102], old=null at 0
2019-09-17 05:39:34,180 [grpc-default-executor-13] INFO  segmented.SegmentedRaftLogWorker (SegmentedRaftLogWorker.java:startLogSegment(380)) - 3bf073f2-310e-4683-a6c8-b828172024b1@group-AD9369A79441-SegmentedRaftLogWorker: Starting segment from index:0
2019-09-17 05:39:34,180 [grpc-default-executor-5] INFO  impl.RaftServerImpl (ServerState.java:setRaftConf(354)) - 83c5c86f-4f0f-49a9-8168-55da465a77cb@group-AD9369A79441: set configuration 0: [83c5c86f-4f0f-49a9-8168-55da465a77cb:192.168.69.122:39815, 6f64a23a-10c8-4f60-bb77-ad5952414a87:192.168.69.122:38852, 3bf073f2-310e-4683-a6c8-b828172024b1:192.168.69.122:33102], old=null at 0
2019-09-17 05:39:34,181 [grpc-default-executor-5] INFO  segmented.SegmentedRaftLogWorker (SegmentedRaftLogWorker.java:startLogSegment(380)) - 83c5c86f-4f0f-49a9-8168-55da465a77cb@group-AD9369A79441-SegmentedRaftLogWorker: Starting segment from index:0
2019-09-17 05:39:34,182 [6f64a23a-10c8-4f60-bb77-ad5952414a87@group-AD9369A79441-SegmentedRaftLogWorker] INFO  segmented.SegmentedRaftLogWorker (SegmentedRaftLogWorker.java:execute(569)) - 6f64a23a-10c8-4f60-bb77-ad5952414a87@group-AD9369A79441-SegmentedRaftLogWorker: created new log segment /workdir/hadoop-ozone/integration-test/target/test-dir/MiniOzoneClusterImpl-19ed16c9-28cb-4873-91f5-e899d205af27/datanode-2/data/ratis/ded81a5e-3662-4c76-9653-ad9369a79441/current/log_inprogress_0
2019-09-17 05:39:34,197 [Thread-4081] INFO  impl.FollowerState (FollowerState.java:run(106)) - 263cca29-ebb5-4194-b7b5-686bd85c6f18:group-337BF6B08397 changes to CANDIDATE, lastRpcTime:5063, electionTimeout:5063ms
2019-09-17 05:39:34,198 [Thread-4081] INFO  impl.RoleInfo (RoleInfo.java:shutdownFollowerState(121)) - 263cca29-ebb5-4194-b7b5-686bd85c6f18: shutdown FollowerState
2019-09-17 05:39:34,198 [Thread-4081] INFO  impl.RaftServerImpl (RaftServerImpl.java:setRole(174)) - 263cca29-ebb5-4194-b7b5-686bd85c6f18@group-337BF6B08397: changes role from  FOLLOWER to CANDIDATE at term 0 for changeToCandidate
2019-09-17 05:39:34,198 [Thread-4081] INFO  impl.RoleInfo (RoleInfo.java:updateAndGet(143)) - 263cca29-ebb5-4194-b7b5-686bd85c6f18: start LeaderElection
2019-09-17 05:39:34,226 [Thread-4087] INFO  impl.FollowerState (FollowerState.java:run(106)) - 0076424b-dbc7-4d88-ac92-4910588e0078:group-1A2147A9BE97 changes to CANDIDATE, lastRpcTime:5037, electionTimeout:5003ms
2019-09-17 05:39:34,226 [Thread-4078] INFO  impl.FollowerState (FollowerState.java:run(106)) - 709477b2-7a5d-4422-82d7-7ceaa516784a:group-4A53CB45B368 changes to CANDIDATE, lastRpcTime:5137, electionTimeout:5130ms
2019-09-17 05:39:34,227 [Thread-4087] INFO  impl.RoleInfo (RoleInfo.java:shutdownFollowerState(121)) - 0076424b-dbc7-4d88-ac92-4910588e0078: shutdown FollowerState
2019-09-17 05:39:34,227 [Thread-4078] INFO  impl.RoleInfo (RoleInfo.java:shutdownFollowerState(121)) - 709477b2-7a5d-4422-82d7-7ceaa516784a: shutdown FollowerState
2019-09-17 05:39:34,230 [3bf073f2-310e-4683-a6c8-b828172024b1@group-AD9369A79441-SegmentedRaftLogWorker] INFO  segmented.SegmentedRaftLogWorker (SegmentedRaftLogWorker.java:execute(569)) - 3bf073f2-310e-4683-a6c8-b828172024b1@group-AD9369A79441-SegmentedRaftLogWorker: created new log segment /workdir/hadoop-ozone/integration-test/target/test-dir/MiniOzoneClusterImpl-19ed16c9-28cb-4873-91f5-e899d205af27/datanode-1/data/ratis/ded81a5e-3662-4c76-9653-ad9369a79441/current/log_inprogress_0
2019-09-17 05:39:34,230 [83c5c86f-4f0f-49a9-8168-55da465a77cb@group-AD9369A79441-SegmentedRaftLogWorker] INFO  segmented.SegmentedRaftLogWorker (SegmentedRaftLogWorker.java:execute(569)) - 83c5c86f-4f0f-49a9-8168-55da465a77cb@group-AD9369A79441-SegmentedRaftLogWorker: created new log segment /workdir/hadoop-ozone/integration-test/target/test-dir/MiniOzoneClusterImpl-19ed16c9-28cb-4873-91f5-e899d205af27/datanode-0/data/ratis/ded81a5e-3662-4c76-9653-ad9369a79441/current/log_inprogress_0
2019-09-17 05:39:34,227 [Thread-4087] INFO  impl.RaftServerImpl (RaftServerImpl.java:setRole(174)) - 0076424b-dbc7-4d88-ac92-4910588e0078@group-1A2147A9BE97: changes role from  FOLLOWER to CANDIDATE at term 0 for changeToCandidate
2019-09-17 05:39:34,230 [Thread-4078] INFO  impl.RaftServerImpl (RaftServerImpl.java:setRole(174)) - 709477b2-7a5d-4422-82d7-7ceaa516784a@group-4A53CB45B368: changes role from  FOLLOWER to CANDIDATE at term 0 for changeToCandidate
2019-09-17 05:39:34,231 [Thread-4087] INFO  impl.RoleInfo (RoleInfo.java:updateAndGet(143)) - 0076424b-dbc7-4d88-ac92-4910588e0078: start LeaderElection
2019-09-17 05:39:34,231 [Thread-4078] INFO  impl.RoleInfo (RoleInfo.java:updateAndGet(143)) - 709477b2-7a5d-4422-82d7-7ceaa516784a: start LeaderElection
2019-09-17 05:39:34,252 [263cca29-ebb5-4194-b7b5-686bd85c6f18@group-337BF6B08397:LeaderElection109] INFO  impl.LeaderElection (LeaderElection.java:askForVotes(182)) - 263cca29-ebb5-4194-b7b5-686bd85c6f18@group-337BF6B08397:LeaderElection109: begin an election at term 1 for -1: [263cca29-ebb5-4194-b7b5-686bd85c6f18:192.168.69.122:45666], old=null
2019-09-17 05:39:34,253 [263cca29-ebb5-4194-b7b5-686bd85c6f18@group-337BF6B08397:LeaderElection109] INFO  impl.RoleInfo (RoleInfo.java:shutdownLeaderElection(134)) - 263cca29-ebb5-4194-b7b5-686bd85c6f18: shutdown LeaderElection
2019-09-17 05:39:34,253 [263cca29-ebb5-4194-b7b5-686bd85c6f18@group-337BF6B08397:LeaderElection109] INFO  impl.RaftServerImpl (RaftServerImpl.java:setRole(174)) - 263cca29-ebb5-4194-b7b5-686bd85c6f18@group-337BF6B08397: changes role from CANDIDATE to LEADER at term 1 for changeToLeader
2019-09-17 05:39:34,253 [263cca29-ebb5-4194-b7b5-686bd85c6f18@group-337BF6B08397:LeaderElection109] INFO  impl.RaftServerImpl (ServerState.java:setLeader(253)) - 263cca29-ebb5-4194-b7b5-686bd85c6f18@group-337BF6B08397: change Leader from null to 263cca29-ebb5-4194-b7b5-686bd85c6f18 at term 1 for becomeLeader, leader elected after 5124ms
2019-09-17 05:39:34,253 [263cca29-ebb5-4194-b7b5-686bd85c6f18@group-337BF6B08397:LeaderElection109] INFO  server.RaftServerConfigKeys (ConfUtils.java:logGet(43)) - raft.server.staging.catchup.gap = 1000 (default)
2019-09-17 05:39:34,253 [263cca29-ebb5-4194-b7b5-686bd85c6f18@group-337BF6B08397:LeaderElection109] INFO  server.RaftServerConfigKeys (ConfUtils.java:logGet(43)) - raft.server.rpc.sleep.time = 25ms (default)
2019-09-17 05:39:34,253 [263cca29-ebb5-4194-b7b5-686bd85c6f18@group-337BF6B08397:LeaderElection109] INFO  server.RaftServerConfigKeys (ConfUtils.java:logGet(43)) - raft.server.write.element-limit = 4096 (default)
2019-09-17 05:39:34,253 [263cca29-ebb5-4194-b7b5-686bd85c6f18@group-337BF6B08397:LeaderElection109] INFO  server.RaftServerConfigKeys (ConfUtils.java:logGet(43)) - raft.server.watch.timeout = 10s (default)
2019-09-17 05:39:34,254 [263cca29-ebb5-4194-b7b5-686bd85c6f18@group-337BF6B08397:LeaderElection109] INFO  server.RaftServerConfigKeys (ConfUtils.java:logGet(43)) - raft.server.watch.timeout.denomination = 1s (default)
2019-09-17 05:39:34,254 [263cca29-ebb5-4194-b7b5-686bd85c6f18@group-337BF6B08397:LeaderElection109] INFO  server.RaftServerConfigKeys (ConfUtils.java:logGet(43)) - raft.server.watch.element-limit = 65536 (default)
2019-09-17 05:39:34,255 [263cca29-ebb5-4194-b7b5-686bd85c6f18@group-337BF6B08397:LeaderElection109] INFO  impl.RoleInfo (RoleInfo.java:updateAndGet(143)) - 263cca29-ebb5-4194-b7b5-686bd85c6f18: start LeaderState
2019-09-17 05:39:34,256 [263cca29-ebb5-4194-b7b5-686bd85c6f18@group-337BF6B08397:LeaderElection109] INFO  segmented.SegmentedRaftLogWorker (SegmentedRaftLogWorker.java:startLogSegment(380)) - 263cca29-ebb5-4194-b7b5-686bd85c6f18@group-337BF6B08397-SegmentedRaftLogWorker: Starting segment from index:0
2019-09-17 05:39:34,256 [709477b2-7a5d-4422-82d7-7ceaa516784a@group-4A53CB45B368:LeaderElection111] INFO  impl.LeaderElection (LeaderElection.java:askForVotes(182)) - 709477b2-7a5d-4422-82d7-7ceaa516784a@group-4A53CB45B368:LeaderElection111: begin an election at term 1 for -1: [709477b2-7a5d-4422-82d7-7ceaa516784a:192.168.69.122:34521], old=null
2019-09-17 05:39:34,256 [0076424b-dbc7-4d88-ac92-4910588e0078@group-1A2147A9BE97:LeaderElection110] INFO  impl.LeaderElection (LeaderElection.java:askForVotes(182)) - 0076424b-dbc7-4d88-ac92-4910588e0078@group-1A2147A9BE97:LeaderElection110: begin an election at term 1 for -1: [0076424b-dbc7-4d88-ac92-4910588e0078:192.168.69.122:37240], old=null
2019-09-17 05:39:34,256 [263cca29-ebb5-4194-b7b5-686bd85c6f18@group-337BF6B08397:LeaderElection109] INFO  impl.RaftServerImpl (ServerState.java:setRaftConf(354)) - 263cca29-ebb5-4194-b7b5-686bd85c6f18@group-337BF6B08397: set configuration 0: [263cca29-ebb5-4194-b7b5-686bd85c6f18:192.168.69.122:45666], old=null at 0
2019-09-17 05:39:34,256 [709477b2-7a5d-4422-82d7-7ceaa516784a@group-4A53CB45B368:LeaderElection111] INFO  impl.RoleInfo (RoleInfo.java:shutdownLeaderElection(134)) - 709477b2-7a5d-4422-82d7-7ceaa516784a: shutdown LeaderElection
2019-09-17 05:39:34,256 [0076424b-dbc7-4d88-ac92-4910588e0078@group-1A2147A9BE97:LeaderElection110] INFO  impl.RoleInfo (RoleInfo.java:shutdownLeaderElection(134)) - 0076424b-dbc7-4d88-ac92-4910588e0078: shutdown LeaderElection
2019-09-17 05:39:34,294 [709477b2-7a5d-4422-82d7-7ceaa516784a@group-4A53CB45B368:LeaderElection111] INFO  impl.RaftServerImpl (RaftServerImpl.java:setRole(174)) - 709477b2-7a5d-4422-82d7-7ceaa516784a@group-4A53CB45B368: changes role from CANDIDATE to LEADER at term 1 for changeToLeader
2019-09-17 05:39:34,295 [0076424b-dbc7-4d88-ac92-4910588e0078@group-1A2147A9BE97:LeaderElection110] INFO  impl.RaftServerImpl (RaftServerImpl.java:setRole(174)) - 0076424b-dbc7-4d88-ac92-4910588e0078@group-1A2147A9BE97: changes role from CANDIDATE to LEADER at term 1 for changeToLeader
2019-09-17 05:39:34,295 [709477b2-7a5d-4422-82d7-7ceaa516784a@group-4A53CB45B368:LeaderElection111] INFO  impl.RaftServerImpl (ServerState.java:setLeader(253)) - 709477b2-7a5d-4422-82d7-7ceaa516784a@group-4A53CB45B368: change Leader from null to 709477b2-7a5d-4422-82d7-7ceaa516784a at term 1 for becomeLeader, leader elected after 5213ms
2019-09-17 05:39:34,295 [0076424b-dbc7-4d88-ac92-4910588e0078@group-1A2147A9BE97:LeaderElection110] INFO  impl.RaftServerImpl (ServerState.java:setLeader(253)) - 0076424b-dbc7-4d88-ac92-4910588e0078@group-1A2147A9BE97: change Leader from null to 0076424b-dbc7-4d88-ac92-4910588e0078 at term 1 for becomeLeader, leader elected after 5112ms
2019-09-17 05:39:34,295 [709477b2-7a5d-4422-82d7-7ceaa516784a@group-4A53CB45B368:LeaderElection111] INFO  server.RaftServerConfigKeys (ConfUtils.java:logGet(43)) - raft.server.staging.catchup.gap = 1000 (default)
2019-09-17 05:39:34,295 [0076424b-dbc7-4d88-ac92-4910588e0078@group-1A2147A9BE97:LeaderElection110] INFO  server.RaftServerConfigKeys (ConfUtils.java:logGet(43)) - raft.server.staging.catchup.gap = 1000 (default)
2019-09-17 05:39:34,295 [709477b2-7a5d-4422-82d7-7ceaa516784a@group-4A53CB45B368:LeaderElection111] INFO  server.RaftServerConfigKeys (ConfUtils.java:logGet(43)) - raft.server.rpc.sleep.time = 25ms (default)
2019-09-17 05:39:34,295 [0076424b-dbc7-4d88-ac92-4910588e0078@group-1A2147A9BE97:LeaderElection110] INFO  server.RaftServerConfigKeys (ConfUtils.java:logGet(43)) - raft.server.rpc.sleep.time = 25ms (default)
2019-09-17 05:39:34,295 [709477b2-7a5d-4422-82d7-7ceaa516784a@group-4A53CB45B368:LeaderElection111] INFO  server.RaftServerConfigKeys (ConfUtils.java:logGet(43)) - raft.server.write.element-limit = 4096 (default)
2019-09-17 05:39:34,296 [0076424b-dbc7-4d88-ac92-4910588e0078@group-1A2147A9BE97:LeaderElection110] INFO  server.RaftServerConfigKeys (ConfUtils.java:logGet(43)) - raft.server.write.element-limit = 4096 (default)
2019-09-17 05:39:34,296 [709477b2-7a5d-4422-82d7-7ceaa516784a@group-4A53CB45B368:LeaderElection111] INFO  server.RaftServerConfigKeys (ConfUtils.java:logGet(43)) - raft.server.watch.timeout = 10s (default)
2019-09-17 05:39:34,296 [0076424b-dbc7-4d88-ac92-4910588e0078@group-1A2147A9BE97:LeaderElection110] INFO  server.RaftServerConfigKeys (ConfUtils.java:logGet(43)) - raft.server.watch.timeout = 10s (default)
2019-09-17 05:39:34,296 [709477b2-7a5d-4422-82d7-7ceaa516784a@group-4A53CB45B368:LeaderElection111] INFO  server.RaftServerConfigKeys (ConfUtils.java:logGet(43)) - raft.server.watch.timeout.denomination = 1s (default)
2019-09-17 05:39:34,296 [0076424b-dbc7-4d88-ac92-4910588e0078@group-1A2147A9BE97:LeaderElection110] INFO  server.RaftServerConfigKeys (ConfUtils.java:logGet(43)) - raft.server.watch.timeout.denomination = 1s (default)
2019-09-17 05:39:34,296 [709477b2-7a5d-4422-82d7-7ceaa516784a@group-4A53CB45B368:LeaderElection111] INFO  server.RaftServerConfigKeys (ConfUtils.java:logGet(43)) - raft.server.watch.element-limit = 65536 (default)
2019-09-17 05:39:34,296 [0076424b-dbc7-4d88-ac92-4910588e0078@group-1A2147A9BE97:LeaderElection110] INFO  server.RaftServerConfigKeys (ConfUtils.java:logGet(43)) - raft.server.watch.element-limit = 65536 (default)
2019-09-17 05:39:34,299 [709477b2-7a5d-4422-82d7-7ceaa516784a@group-4A53CB45B368:LeaderElection111] INFO  impl.RoleInfo (RoleInfo.java:updateAndGet(143)) - 709477b2-7a5d-4422-82d7-7ceaa516784a: start LeaderState
2019-09-17 05:39:34,299 [709477b2-7a5d-4422-82d7-7ceaa516784a@group-4A53CB45B368:LeaderElection111] INFO  segmented.SegmentedRaftLogWorker (SegmentedRaftLogWorker.java:startLogSegment(380)) - 709477b2-7a5d-4422-82d7-7ceaa516784a@group-4A53CB45B368-SegmentedRaftLogWorker: Starting segment from index:0
2019-09-17 05:39:34,300 [709477b2-7a5d-4422-82d7-7ceaa516784a@group-4A53CB45B368:LeaderElection111] INFO  impl.RaftServerImpl (ServerState.java:setRaftConf(354)) - 709477b2-7a5d-4422-82d7-7ceaa516784a@group-4A53CB45B368: set configuration 0: [709477b2-7a5d-4422-82d7-7ceaa516784a:192.168.69.122:34521], old=null at 0
2019-09-17 05:39:34,300 [0076424b-dbc7-4d88-ac92-4910588e0078@group-1A2147A9BE97:LeaderElection110] INFO  impl.RoleInfo (RoleInfo.java:updateAndGet(143)) - 0076424b-dbc7-4d88-ac92-4910588e0078: start LeaderState
2019-09-17 05:39:34,345 [0076424b-dbc7-4d88-ac92-4910588e0078@group-1A2147A9BE97:LeaderElection110] INFO  segmented.SegmentedRaftLogWorker (SegmentedRaftLogWorker.java:startLogSegment(380)) - 0076424b-dbc7-4d88-ac92-4910588e0078@group-1A2147A9BE97-SegmentedRaftLogWorker: Starting segment from index:0
2019-09-17 05:39:34,345 [263cca29-ebb5-4194-b7b5-686bd85c6f18@group-337BF6B08397-SegmentedRaftLogWorker] INFO  segmented.SegmentedRaftLogWorker (SegmentedRaftLogWorker.java:execute(569)) - 263cca29-ebb5-4194-b7b5-686bd85c6f18@group-337BF6B08397-SegmentedRaftLogWorker: created new log segment /workdir/hadoop-ozone/integration-test/target/test-dir/MiniOzoneClusterImpl-19ed16c9-28cb-4873-91f5-e899d205af27/datanode-3/data/ratis/c94993ed-242d-4082-93b6-337bf6b08397/current/log_inprogress_0
2019-09-17 05:39:34,346 [0076424b-dbc7-4d88-ac92-4910588e0078@group-1A2147A9BE97:LeaderElection110] INFO  impl.RaftServerImpl (ServerState.java:setRaftConf(354)) - 0076424b-dbc7-4d88-ac92-4910588e0078@group-1A2147A9BE97: set configuration 0: [0076424b-dbc7-4d88-ac92-4910588e0078:192.168.69.122:37240], old=null at 0
2019-09-17 05:39:34,384 [Thread-4093] INFO  impl.FollowerState (FollowerState.java:run(106)) - 709477b2-7a5d-4422-82d7-7ceaa516784a:group-DAEE684F5880 changes to CANDIDATE, lastRpcTime:5017, electionTimeout:5000ms
2019-09-17 05:39:34,385 [Thread-4093] INFO  impl.RoleInfo (RoleInfo.java:shutdownFollowerState(121)) - 709477b2-7a5d-4422-82d7-7ceaa516784a: shutdown FollowerState
2019-09-17 05:39:34,385 [709477b2-7a5d-4422-82d7-7ceaa516784a@group-4A53CB45B368-SegmentedRaftLogWorker] INFO  segmented.SegmentedRaftLogWorker (SegmentedRaftLogWorker.java:execute(569)) - 709477b2-7a5d-4422-82d7-7ceaa516784a@group-4A53CB45B368-SegmentedRaftLogWorker: created new log segment /workdir/hadoop-ozone/integration-test/target/test-dir/MiniOzoneClusterImpl-19ed16c9-28cb-4873-91f5-e899d205af27/datanode-4/data/ratis/b2dc3e21-0d88-4951-8b58-4a53cb45b368/current/log_inprogress_0
2019-09-17 05:39:34,385 [Thread-4093] INFO  impl.RaftServerImpl (RaftServerImpl.java:setRole(174)) - 709477b2-7a5d-4422-82d7-7ceaa516784a@group-DAEE684F5880: changes role from  FOLLOWER to CANDIDATE at term 0 for changeToCandidate
2019-09-17 05:39:34,385 [Thread-4090] INFO  impl.FollowerState (FollowerState.java:run(106)) - 753e4218-28df-4084-bc35-1bcb706ff054:group-8A12EE0B67E0 changes to CANDIDATE, lastRpcTime:5096, electionTimeout:5061ms
2019-09-17 05:39:34,385 [Thread-4093] INFO  impl.RoleInfo (RoleInfo.java:updateAndGet(143)) - 709477b2-7a5d-4422-82d7-7ceaa516784a: start LeaderElection
2019-09-17 05:39:34,385 [Thread-4090] INFO  impl.RoleInfo (RoleInfo.java:shutdownFollowerState(121)) - 753e4218-28df-4084-bc35-1bcb706ff054: shutdown FollowerState
2019-09-17 05:39:34,386 [Thread-4090] INFO  impl.RaftServerImpl (RaftServerImpl.java:setRole(174)) - 753e4218-28df-4084-bc35-1bcb706ff054@group-8A12EE0B67E0: changes role from  FOLLOWER to CANDIDATE at term 0 for changeToCandidate
2019-09-17 05:39:34,389 [Thread-4090] INFO  impl.RoleInfo (RoleInfo.java:updateAndGet(143)) - 753e4218-28df-4084-bc35-1bcb706ff054: start LeaderElection
2019-09-17 05:39:34,400 [0076424b-dbc7-4d88-ac92-4910588e0078@group-1A2147A9BE97-SegmentedRaftLogWorker] INFO  segmented.SegmentedRaftLogWorker (SegmentedRaftLogWorker.java:execute(569)) - 0076424b-dbc7-4d88-ac92-4910588e0078@group-1A2147A9BE97-SegmentedRaftLogWorker: created new log segment /workdir/hadoop-ozone/integration-test/target/test-dir/MiniOzoneClusterImpl-19ed16c9-28cb-4873-91f5-e899d205af27/datanode-5/data/ratis/30841c32-029e-4348-8d24-1a2147a9be97/current/log_inprogress_0
2019-09-17 05:39:34,400 [709477b2-7a5d-4422-82d7-7ceaa516784a@group-DAEE684F5880:LeaderElection112] INFO  impl.LeaderElection (LeaderElection.java:askForVotes(182)) - 709477b2-7a5d-4422-82d7-7ceaa516784a@group-DAEE684F5880:LeaderElection112: begin an election at term 1 for -1: [0076424b-dbc7-4d88-ac92-4910588e0078:192.168.69.122:37240, 753e4218-28df-4084-bc35-1bcb706ff054:192.168.69.122:35314, 709477b2-7a5d-4422-82d7-7ceaa516784a:192.168.69.122:34521], old=null
2019-09-17 05:39:34,405 [grpc-default-executor-13] INFO  impl.RaftServerImpl (RaftServerImpl.java:setRole(174)) - 0076424b-dbc7-4d88-ac92-4910588e0078@group-DAEE684F5880: changes role from  FOLLOWER to FOLLOWER at term 1 for recognizeCandidate:709477b2-7a5d-4422-82d7-7ceaa516784a
2019-09-17 05:39:34,405 [grpc-default-executor-5] INFO  impl.RaftServerImpl (RaftServerImpl.java:setRole(174)) - 753e4218-28df-4084-bc35-1bcb706ff054@group-DAEE684F5880: changes role from  FOLLOWER to FOLLOWER at term 1 for recognizeCandidate:709477b2-7a5d-4422-82d7-7ceaa516784a
2019-09-17 05:39:34,405 [grpc-default-executor-13] INFO  impl.RoleInfo (RoleInfo.java:shutdownFollowerState(121)) - 0076424b-dbc7-4d88-ac92-4910588e0078: shutdown FollowerState
2019-09-17 05:39:34,405 [grpc-default-executor-5] INFO  impl.RoleInfo (RoleInfo.java:shutdownFollowerState(121)) - 753e4218-28df-4084-bc35-1bcb706ff054: shutdown FollowerState
2019-09-17 05:39:34,405 [grpc-default-executor-13] INFO  impl.RoleInfo (RoleInfo.java:updateAndGet(143)) - 0076424b-dbc7-4d88-ac92-4910588e0078: start FollowerState
2019-09-17 05:39:34,406 [grpc-default-executor-5] INFO  impl.RoleInfo (RoleInfo.java:updateAndGet(143)) - 753e4218-28df-4084-bc35-1bcb706ff054: start FollowerState
2019-09-17 05:39:34,406 [Thread-4099] INFO  impl.FollowerState (FollowerState.java:run(115)) - 0076424b-dbc7-4d88-ac92-4910588e0078: FollowerState was interrupted: java.lang.InterruptedException: sleep interrupted
2019-09-17 05:39:34,406 [Thread-4097] INFO  impl.FollowerState (FollowerState.java:run(115)) - 753e4218-28df-4084-bc35-1bcb706ff054: FollowerState was interrupted: java.lang.InterruptedException: sleep interrupted
2019-09-17 05:39:34,413 [753e4218-28df-4084-bc35-1bcb706ff054@group-8A12EE0B67E0:LeaderElection113] INFO  impl.LeaderElection (LeaderElection.java:askForVotes(182)) - 753e4218-28df-4084-bc35-1bcb706ff054@group-8A12EE0B67E0:LeaderElection113: begin an election at term 1 for -1: [753e4218-28df-4084-bc35-1bcb706ff054:192.168.69.122:35314], old=null
2019-09-17 05:39:34,413 [753e4218-28df-4084-bc35-1bcb706ff054@group-8A12EE0B67E0:LeaderElection113] INFO  impl.RoleInfo (RoleInfo.java:shutdownLeaderElection(134)) - 753e4218-28df-4084-bc35-1bcb706ff054: shutdown LeaderElection
2019-09-17 05:39:34,414 [753e4218-28df-4084-bc35-1bcb706ff054@group-8A12EE0B67E0:LeaderElection113] INFO  impl.RaftServerImpl (RaftServerImpl.java:setRole(174)) - 753e4218-28df-4084-bc35-1bcb706ff054@group-8A12EE0B67E0: changes role from CANDIDATE to LEADER at term 1 for changeToLeader
2019-09-17 05:39:34,414 [753e4218-28df-4084-bc35-1bcb706ff054@group-8A12EE0B67E0:LeaderElection113] INFO  impl.RaftServerImpl (ServerState.java:setLeader(253)) - 753e4218-28df-4084-bc35-1bcb706ff054@group-8A12EE0B67E0: change Leader from null to 753e4218-28df-4084-bc35-1bcb706ff054 at term 1 for becomeLeader, leader elected after 5129ms
2019-09-17 05:39:34,414 [753e4218-28df-4084-bc35-1bcb706ff054@group-8A12EE0B67E0:LeaderElection113] INFO  server.RaftServerConfigKeys (ConfUtils.java:logGet(43)) - raft.server.staging.catchup.gap = 1000 (default)
2019-09-17 05:39:34,414 [753e4218-28df-4084-bc35-1bcb706ff054@group-8A12EE0B67E0:LeaderElection113] INFO  server.RaftServerConfigKeys (ConfUtils.java:logGet(43)) - raft.server.rpc.sleep.time = 25ms (default)
2019-09-17 05:39:34,414 [753e4218-28df-4084-bc35-1bcb706ff054@group-8A12EE0B67E0:LeaderElection113] INFO  server.RaftServerConfigKeys (ConfUtils.java:logGet(43)) - raft.server.write.element-limit = 4096 (default)
2019-09-17 05:39:34,414 [753e4218-28df-4084-bc35-1bcb706ff054@group-8A12EE0B67E0:LeaderElection113] INFO  server.RaftServerConfigKeys (ConfUtils.java:logGet(43)) - raft.server.watch.timeout = 10s (default)
2019-09-17 05:39:34,415 [753e4218-28df-4084-bc35-1bcb706ff054@group-8A12EE0B67E0:LeaderElection113] INFO  server.RaftServerConfigKeys (ConfUtils.java:logGet(43)) - raft.server.watch.timeout.denomination = 1s (default)
2019-09-17 05:39:34,415 [753e4218-28df-4084-bc35-1bcb706ff054@group-8A12EE0B67E0:LeaderElection113] INFO  server.RaftServerConfigKeys (ConfUtils.java:logGet(43)) - raft.server.watch.element-limit = 65536 (default)
2019-09-17 05:39:34,417 [753e4218-28df-4084-bc35-1bcb706ff054@group-8A12EE0B67E0:LeaderElection113] INFO  impl.RoleInfo (RoleInfo.java:updateAndGet(143)) - 753e4218-28df-4084-bc35-1bcb706ff054: start LeaderState
2019-09-17 05:39:34,417 [753e4218-28df-4084-bc35-1bcb706ff054@group-8A12EE0B67E0:LeaderElection113] INFO  segmented.SegmentedRaftLogWorker (SegmentedRaftLogWorker.java:startLogSegment(380)) - 753e4218-28df-4084-bc35-1bcb706ff054@group-8A12EE0B67E0-SegmentedRaftLogWorker: Starting segment from index:0
2019-09-17 05:39:34,418 [753e4218-28df-4084-bc35-1bcb706ff054@group-8A12EE0B67E0:LeaderElection113] INFO  impl.RaftServerImpl (ServerState.java:setRaftConf(354)) - 753e4218-28df-4084-bc35-1bcb706ff054@group-8A12EE0B67E0: set configuration 0: [753e4218-28df-4084-bc35-1bcb706ff054:192.168.69.122:35314], old=null at 0
2019-09-17 05:39:34,429 [709477b2-7a5d-4422-82d7-7ceaa516784a@group-DAEE684F5880:LeaderElection112] INFO  impl.LeaderElection (LeaderElection.java:logAndReturn(56)) - 709477b2-7a5d-4422-82d7-7ceaa516784a@group-DAEE684F5880:LeaderElection112: Election PASSED; received 1 response(s) [709477b2-7a5d-4422-82d7-7ceaa516784a<-753e4218-28df-4084-bc35-1bcb706ff054#0:OK-t1] and 0 exception(s); 709477b2-7a5d-4422-82d7-7ceaa516784a@group-DAEE684F5880:t1, leader=null, voted=709477b2-7a5d-4422-82d7-7ceaa516784a, raftlog=709477b2-7a5d-4422-82d7-7ceaa516784a@group-DAEE684F5880-SegmentedRaftLog:OPENED:c-1,f-1,i0, conf=-1: [0076424b-dbc7-4d88-ac92-4910588e0078:192.168.69.122:37240, 753e4218-28df-4084-bc35-1bcb706ff054:192.168.69.122:35314, 709477b2-7a5d-4422-82d7-7ceaa516784a:192.168.69.122:34521], old=null
2019-09-17 05:39:34,429 [709477b2-7a5d-4422-82d7-7ceaa516784a@group-DAEE684F5880:LeaderElection112] INFO  impl.RoleInfo (RoleInfo.java:shutdownLeaderElection(134)) - 709477b2-7a5d-4422-82d7-7ceaa516784a: shutdown LeaderElection
2019-09-17 05:39:34,429 [709477b2-7a5d-4422-82d7-7ceaa516784a@group-DAEE684F5880:LeaderElection112] INFO  impl.RaftServerImpl (RaftServerImpl.java:setRole(174)) - 709477b2-7a5d-4422-82d7-7ceaa516784a@group-DAEE684F5880: changes role from CANDIDATE to LEADER at term 1 for changeToLeader
2019-09-17 05:39:34,429 [709477b2-7a5d-4422-82d7-7ceaa516784a@group-DAEE684F5880:LeaderElection112] INFO  impl.RaftServerImpl (ServerState.java:setLeader(253)) - 709477b2-7a5d-4422-82d7-7ceaa516784a@group-DAEE684F5880: change Leader from null to 709477b2-7a5d-4422-82d7-7ceaa516784a at term 1 for becomeLeader, leader elected after 5072ms
2019-09-17 05:39:34,429 [709477b2-7a5d-4422-82d7-7ceaa516784a@group-DAEE684F5880:LeaderElection112] INFO  server.RaftServerConfigKeys (ConfUtils.java:logGet(43)) - raft.server.staging.catchup.gap = 1000 (default)
2019-09-17 05:39:34,430 [709477b2-7a5d-4422-82d7-7ceaa516784a@group-DAEE684F5880:LeaderElection112] INFO  server.RaftServerConfigKeys (ConfUtils.java:logGet(43)) - raft.server.rpc.sleep.time = 25ms (default)
2019-09-17 05:39:34,430 [709477b2-7a5d-4422-82d7-7ceaa516784a@group-DAEE684F5880:LeaderElection112] INFO  server.RaftServerConfigKeys (ConfUtils.java:logGet(43)) - raft.server.write.element-limit = 4096 (default)
2019-09-17 05:39:34,430 [709477b2-7a5d-4422-82d7-7ceaa516784a@group-DAEE684F5880:LeaderElection112] INFO  server.RaftServerConfigKeys (ConfUtils.java:logGet(43)) - raft.server.watch.timeout = 10s (default)
2019-09-17 05:39:34,430 [709477b2-7a5d-4422-82d7-7ceaa516784a@group-DAEE684F5880:LeaderElection112] INFO  server.RaftServerConfigKeys (ConfUtils.java:logGet(43)) - raft.server.watch.timeout.denomination = 1s (default)
2019-09-17 05:39:34,430 [709477b2-7a5d-4422-82d7-7ceaa516784a@group-DAEE684F5880:LeaderElection112] INFO  server.RaftServerConfigKeys (ConfUtils.java:logGet(43)) - raft.server.watch.element-limit = 65536 (default)
2019-09-17 05:39:34,433 [709477b2-7a5d-4422-82d7-7ceaa516784a@group-DAEE684F5880:LeaderElection112] INFO  server.RaftServerConfigKeys (ConfUtils.java:logGet(43)) - raft.server.log.appender.snapshot.chunk.size.max = 16MB (=16777216) (default)
2019-09-17 05:39:34,433 [709477b2-7a5d-4422-82d7-7ceaa516784a@group-DAEE684F5880:LeaderElection112] INFO  server.RaftServerConfigKeys (ConfUtils.java:logGet(43)) - raft.server.log.appender.buffer.byte-limit = 33554432 (custom)
2019-09-17 05:39:34,433 [709477b2-7a5d-4422-82d7-7ceaa516784a@group-DAEE684F5880:LeaderElection112] INFO  server.RaftServerConfigKeys (ConfUtils.java:logGet(43)) - raft.server.log.appender.buffer.element-limit = 1 (custom)
2019-09-17 05:39:34,433 [709477b2-7a5d-4422-82d7-7ceaa516784a@group-DAEE684F5880:LeaderElection112] INFO  grpc.GrpcConfigKeys$Server (ConfUtils.java:logGet(43)) - raft.grpc.server.leader.outstanding.appends.max = 128 (default)
2019-09-17 05:39:34,434 [709477b2-7a5d-4422-82d7-7ceaa516784a@group-DAEE684F5880:LeaderElection112] INFO  server.RaftServerConfigKeys (ConfUtils.java:logGet(43)) - raft.server.rpc.request.timeout = 3000ms (default)
2019-09-17 05:39:34,434 [709477b2-7a5d-4422-82d7-7ceaa516784a@group-DAEE684F5880:LeaderElection112] INFO  server.RaftServerConfigKeys (ConfUtils.java:logGet(43)) - raft.server.log.appender.install.snapshot.enabled = false (custom)
2019-09-17 05:39:34,434 [709477b2-7a5d-4422-82d7-7ceaa516784a@group-DAEE684F5880:LeaderElection112] INFO  server.RaftServerConfigKeys (ConfUtils.java:logGet(43)) - raft.server.log.appender.snapshot.chunk.size.max = 16MB (=16777216) (default)
2019-09-17 05:39:34,434 [709477b2-7a5d-4422-82d7-7ceaa516784a@group-DAEE684F5880:LeaderElection112] INFO  server.RaftServerConfigKeys (ConfUtils.java:logGet(43)) - raft.server.log.appender.buffer.byte-limit = 33554432 (custom)
2019-09-17 05:39:34,435 [709477b2-7a5d-4422-82d7-7ceaa516784a@group-DAEE684F5880:LeaderElection112] INFO  server.RaftServerConfigKeys (ConfUtils.java:logGet(43)) - raft.server.log.appender.buffer.element-limit = 1 (custom)
2019-09-17 05:39:34,435 [709477b2-7a5d-4422-82d7-7ceaa516784a@group-DAEE684F5880:LeaderElection112] INFO  grpc.GrpcConfigKeys$Server (ConfUtils.java:logGet(43)) - raft.grpc.server.leader.outstanding.appends.max = 128 (default)
2019-09-17 05:39:34,435 [709477b2-7a5d-4422-82d7-7ceaa516784a@group-DAEE684F5880:LeaderElection112] INFO  server.RaftServerConfigKeys (ConfUtils.java:logGet(43)) - raft.server.rpc.request.timeout = 3000ms (default)
2019-09-17 05:39:34,435 [709477b2-7a5d-4422-82d7-7ceaa516784a@group-DAEE684F5880:LeaderElection112] INFO  server.RaftServerConfigKeys (ConfUtils.java:logGet(43)) - raft.server.log.appender.install.snapshot.enabled = false (custom)
2019-09-17 05:39:34,435 [709477b2-7a5d-4422-82d7-7ceaa516784a@group-DAEE684F5880:LeaderElection112] INFO  impl.RoleInfo (RoleInfo.java:updateAndGet(143)) - 709477b2-7a5d-4422-82d7-7ceaa516784a: start LeaderState
2019-09-17 05:39:34,436 [709477b2-7a5d-4422-82d7-7ceaa516784a@group-DAEE684F5880:LeaderElection112] INFO  segmented.SegmentedRaftLogWorker (SegmentedRaftLogWorker.java:startLogSegment(380)) - 709477b2-7a5d-4422-82d7-7ceaa516784a@group-DAEE684F5880-SegmentedRaftLogWorker: Starting segment from index:0
2019-09-17 05:39:34,436 [709477b2-7a5d-4422-82d7-7ceaa516784a@group-DAEE684F5880:LeaderElection112] INFO  impl.RaftServerImpl (ServerState.java:setRaftConf(354)) - 709477b2-7a5d-4422-82d7-7ceaa516784a@group-DAEE684F5880: set configuration 0: [0076424b-dbc7-4d88-ac92-4910588e0078:192.168.69.122:37240, 753e4218-28df-4084-bc35-1bcb706ff054:192.168.69.122:35314, 709477b2-7a5d-4422-82d7-7ceaa516784a:192.168.69.122:34521], old=null at 0
2019-09-17 05:39:34,471 [grpc-default-executor-5] INFO  impl.RaftServerImpl (ServerState.java:setLeader(253)) - 0076424b-dbc7-4d88-ac92-4910588e0078@group-DAEE684F5880: change Leader from null to 709477b2-7a5d-4422-82d7-7ceaa516784a at term 1 for appendEntries, leader elected after 5113ms
2019-09-17 05:39:34,479 [grpc-default-executor-12] INFO  impl.RaftServerImpl (ServerState.java:setLeader(253)) - 753e4218-28df-4084-bc35-1bcb706ff054@group-DAEE684F5880: change Leader from null to 709477b2-7a5d-4422-82d7-7ceaa516784a at term 1 for appendEntries, leader elected after 5121ms
2019-09-17 05:39:34,480 [grpc-default-executor-12] INFO  impl.RaftServerImpl (ServerState.java:setRaftConf(354)) - 0076424b-dbc7-4d88-ac92-4910588e0078@group-DAEE684F5880: set configuration 0: [0076424b-dbc7-4d88-ac92-4910588e0078:192.168.69.122:37240, 753e4218-28df-4084-bc35-1bcb706ff054:192.168.69.122:35314, 709477b2-7a5d-4422-82d7-7ceaa516784a:192.168.69.122:34521], old=null at 0
2019-09-17 05:39:34,480 [grpc-default-executor-12] INFO  segmented.SegmentedRaftLogWorker (SegmentedRaftLogWorker.java:startLogSegment(380)) - 0076424b-dbc7-4d88-ac92-4910588e0078@group-DAEE684F5880-SegmentedRaftLogWorker: Starting segment from index:0
2019-09-17 05:39:34,481 [grpc-default-executor-13] INFO  impl.RaftServerImpl (ServerState.java:setRaftConf(354)) - 753e4218-28df-4084-bc35-1bcb706ff054@group-DAEE684F5880: set configuration 0: [0076424b-dbc7-4d88-ac92-4910588e0078:192.168.69.122:37240, 753e4218-28df-4084-bc35-1bcb706ff054:192.168.69.122:35314, 709477b2-7a5d-4422-82d7-7ceaa516784a:192.168.69.122:34521], old=null at 0
2019-09-17 05:39:34,481 [grpc-default-executor-13] INFO  segmented.SegmentedRaftLogWorker (SegmentedRaftLogWorker.java:startLogSegment(380)) - 753e4218-28df-4084-bc35-1bcb706ff054@group-DAEE684F5880-SegmentedRaftLogWorker: Starting segment from index:0
2019-09-17 05:39:34,529 [709477b2-7a5d-4422-82d7-7ceaa516784a@group-DAEE684F5880-SegmentedRaftLogWorker] INFO  segmented.SegmentedRaftLogWorker (SegmentedRaftLogWorker.java:execute(569)) - 709477b2-7a5d-4422-82d7-7ceaa516784a@group-DAEE684F5880-SegmentedRaftLogWorker: created new log segment /workdir/hadoop-ozone/integration-test/target/test-dir/MiniOzoneClusterImpl-19ed16c9-28cb-4873-91f5-e899d205af27/datanode-4/data/ratis/06f251e7-f9c0-409d-aa57-daee684f5880/current/log_inprogress_0
2019-09-17 05:39:34,529 [753e4218-28df-4084-bc35-1bcb706ff054@group-8A12EE0B67E0-SegmentedRaftLogWorker] INFO  segmented.SegmentedRaftLogWorker (SegmentedRaftLogWorker.java:execute(569)) - 753e4218-28df-4084-bc35-1bcb706ff054@group-8A12EE0B67E0-SegmentedRaftLogWorker: created new log segment /workdir/hadoop-ozone/integration-test/target/test-dir/MiniOzoneClusterImpl-19ed16c9-28cb-4873-91f5-e899d205af27/datanode-6/data/ratis/7b0fd77d-0b6d-409d-80fb-8a12ee0b67e0/current/log_inprogress_0
2019-09-17 05:39:34,531 [grpc-default-executor-13] INFO  client.GrpcClientProtocolClient (GrpcClientProtocolClient.java:onNext(264)) - client-85AD2ACA0F20->753e4218-28df-4084-bc35-1bcb706ff054: receive RaftClientReply:client-85AD2ACA0F20->753e4218-28df-4084-bc35-1bcb706ff054@group-DAEE684F5880, cid=233, FAILED org.apache.ratis.protocol.NotLeaderException: Server 753e4218-28df-4084-bc35-1bcb706ff054@group-DAEE684F5880 is not the leader 709477b2-7a5d-4422-82d7-7ceaa516784a:192.168.69.122:34521, logIndex=0, commits[753e4218-28df-4084-bc35-1bcb706ff054:c-1, 0076424b-dbc7-4d88-ac92-4910588e0078:c-1, 709477b2-7a5d-4422-82d7-7ceaa516784a:c-1]
2019-09-17 05:39:34,567 [0076424b-dbc7-4d88-ac92-4910588e0078@group-DAEE684F5880-SegmentedRaftLogWorker] INFO  segmented.SegmentedRaftLogWorker (SegmentedRaftLogWorker.java:execute(569)) - 0076424b-dbc7-4d88-ac92-4910588e0078@group-DAEE684F5880-SegmentedRaftLogWorker: created new log segment /workdir/hadoop-ozone/integration-test/target/test-dir/MiniOzoneClusterImpl-19ed16c9-28cb-4873-91f5-e899d205af27/datanode-5/data/ratis/06f251e7-f9c0-409d-aa57-daee684f5880/current/log_inprogress_0
2019-09-17 05:39:34,577 [753e4218-28df-4084-bc35-1bcb706ff054@group-DAEE684F5880-SegmentedRaftLogWorker] INFO  segmented.SegmentedRaftLogWorker (SegmentedRaftLogWorker.java:execute(569)) - 753e4218-28df-4084-bc35-1bcb706ff054@group-DAEE684F5880-SegmentedRaftLogWorker: created new log segment /workdir/hadoop-ozone/integration-test/target/test-dir/MiniOzoneClusterImpl-19ed16c9-28cb-4873-91f5-e899d205af27/datanode-6/data/ratis/06f251e7-f9c0-409d-aa57-daee684f5880/current/log_inprogress_0
2019-09-17 05:39:34,731 [grpc-default-executor-5] INFO  client.GrpcClientProtocolClient (GrpcClientProtocolClient.java:onNext(264)) - client-85AD2ACA0F20->709477b2-7a5d-4422-82d7-7ceaa516784a: receive RaftClientReply:client-85AD2ACA0F20->709477b2-7a5d-4422-82d7-7ceaa516784a@group-DAEE684F5880, cid=233, SUCCESS, logIndex=1, commits[709477b2-7a5d-4422-82d7-7ceaa516784a:c1, 0076424b-dbc7-4d88-ac92-4910588e0078:c0, 753e4218-28df-4084-bc35-1bcb706ff054:c0]
2019-09-17 05:39:34,760 [grpc-default-executor-14] INFO  client.GrpcClientProtocolClient (GrpcClientProtocolClient.java:onNext(264)) - client-85AD2ACA0F20->709477b2-7a5d-4422-82d7-7ceaa516784a: receive RaftClientReply:client-85AD2ACA0F20->709477b2-7a5d-4422-82d7-7ceaa516784a@group-DAEE684F5880, cid=234, SUCCESS, logIndex=3, commits[709477b2-7a5d-4422-82d7-7ceaa516784a:c6, 0076424b-dbc7-4d88-ac92-4910588e0078:c1, 753e4218-28df-4084-bc35-1bcb706ff054:c1]
2019-09-17 05:39:34,802 [grpc-default-executor-14] INFO  client.GrpcClientProtocolClient (GrpcClientProtocolClient.java:onNext(264)) - client-85AD2ACA0F20->709477b2-7a5d-4422-82d7-7ceaa516784a: receive RaftClientReply:client-85AD2ACA0F20->709477b2-7a5d-4422-82d7-7ceaa516784a@group-DAEE684F5880, cid=235, SUCCESS, logIndex=4, commits[709477b2-7a5d-4422-82d7-7ceaa516784a:c11, 0076424b-dbc7-4d88-ac92-4910588e0078:c7, 753e4218-28df-4084-bc35-1bcb706ff054:c7]
2019-09-17 05:39:34,804 [grpc-default-executor-14] INFO  client.GrpcClientProtocolClient (GrpcClientProtocolClient.java:onNext(264)) - client-85AD2ACA0F20->709477b2-7a5d-4422-82d7-7ceaa516784a: receive RaftClientReply:client-85AD2ACA0F20->709477b2-7a5d-4422-82d7-7ceaa516784a@group-DAEE684F5880, cid=236, SUCCESS, logIndex=5, commits[709477b2-7a5d-4422-82d7-7ceaa516784a:c11, 0076424b-dbc7-4d88-ac92-4910588e0078:c7, 753e4218-28df-4084-bc35-1bcb706ff054:c7]
2019-09-17 05:39:34,805 [grpc-default-executor-14] INFO  client.GrpcClientProtocolClient (GrpcClientProtocolClient.java:onNext(264)) - client-85AD2ACA0F20->709477b2-7a5d-4422-82d7-7ceaa516784a: receive RaftClientReply:client-85AD2ACA0F20->709477b2-7a5d-4422-82d7-7ceaa516784a@group-DAEE684F5880, cid=237, SUCCESS, logIndex=6, commits[709477b2-7a5d-4422-82d7-7ceaa516784a:c11, 0076424b-dbc7-4d88-ac92-4910588e0078:c7, 753e4218-28df-4084-bc35-1bcb706ff054:c7]
2019-09-17 05:39:34,905 [grpc-default-executor-14] INFO  client.GrpcClientProtocolClient (GrpcClientProtocolClient.java:onNext(264)) - client-85AD2ACA0F20->709477b2-7a5d-4422-82d7-7ceaa516784a: receive RaftClientReply:client-85AD2ACA0F20->709477b2-7a5d-4422-82d7-7ceaa516784a@group-DAEE684F5880, cid=238, SUCCESS, logIndex=7, commits[709477b2-7a5d-4422-82d7-7ceaa516784a:c11, 0076424b-dbc7-4d88-ac92-4910588e0078:c7, 753e4218-28df-4084-bc35-1bcb706ff054:c7]
2019-09-17 05:39:34,946 [grpc-default-executor-12] INFO  client.GrpcClientProtocolClient (GrpcClientProtocolClient.java:onNext(264)) - client-85AD2ACA0F20->709477b2-7a5d-4422-82d7-7ceaa516784a: receive RaftClientReply:client-85AD2ACA0F20->709477b2-7a5d-4422-82d7-7ceaa516784a@group-DAEE684F5880, cid=239, SUCCESS, logIndex=12, commits[709477b2-7a5d-4422-82d7-7ceaa516784a:c12, 0076424b-dbc7-4d88-ac92-4910588e0078:c11, 753e4218-28df-4084-bc35-1bcb706ff054:c11]
2019-09-17 05:39:34,961 [grpc-default-executor-12] INFO  client.GrpcClientProtocolClient (GrpcClientProtocolClient.java:onNext(264)) - client-85AD2ACA0F20->709477b2-7a5d-4422-82d7-7ceaa516784a: receive RaftClientReply:client-85AD2ACA0F20->709477b2-7a5d-4422-82d7-7ceaa516784a@group-DAEE684F5880, cid=240, SUCCESS, logIndex=13, commits[709477b2-7a5d-4422-82d7-7ceaa516784a:c13, 0076424b-dbc7-4d88-ac92-4910588e0078:c11, 753e4218-28df-4084-bc35-1bcb706ff054:c11]
2019-09-17 05:39:35,962 [main] WARN  scm.XceiverClientRatis (XceiverClientRatis.java:watchForCommit(262)) - 3 way commit failed on pipeline Pipeline[ Id: 06f251e7-f9c0-409d-aa57-daee684f5880, Nodes: 0076424b-dbc7-4d88-ac92-4910588e0078{ip: 192.168.69.122, host: trunk-nightly-20190917-29l5j-2509219610, networkLocation: /default-rack, certSerialId: null}709477b2-7a5d-4422-82d7-7ceaa516784a{ip: 192.168.69.122, host: trunk-nightly-20190917-29l5j-2509219610, networkLocation: /default-rack, certSerialId: null}753e4218-28df-4084-bc35-1bcb706ff054{ip: 192.168.69.122, host: trunk-nightly-20190917-29l5j-2509219610, networkLocation: /default-rack, certSerialId: null}, Type:RATIS, Factor:THREE, State:OPEN]
java.util.concurrent.TimeoutException
	at java.util.concurrent.CompletableFuture.timedGet(CompletableFuture.java:1771)
	at java.util.concurrent.CompletableFuture.get(CompletableFuture.java:1915)
	at org.apache.hadoop.hdds.scm.XceiverClientRatis.watchForCommit(XceiverClientRatis.java:259)
	at org.apache.hadoop.hdds.scm.storage.CommitWatcher.watchForCommit(CommitWatcher.java:194)
	at org.apache.hadoop.hdds.scm.storage.CommitWatcher.watchOnLastIndex(CommitWatcher.java:157)
	at org.apache.hadoop.hdds.scm.storage.BlockOutputStream.watchForCommit(BlockOutputStream.java:347)
	at org.apache.hadoop.hdds.scm.storage.BlockOutputStream.handleFlush(BlockOutputStream.java:479)
	at org.apache.hadoop.hdds.scm.storage.BlockOutputStream.flush(BlockOutputStream.java:428)
	at org.apache.hadoop.ozone.client.io.BlockOutputStreamEntry.flush(BlockOutputStreamEntry.java:136)
	at org.apache.hadoop.ozone.client.io.KeyOutputStream.handleFlushOrClose(KeyOutputStream.java:442)
	at org.apache.hadoop.ozone.client.io.KeyOutputStream.flush(KeyOutputStream.java:396)
	at org.apache.hadoop.ozone.client.io.OzoneOutputStream.flush(OzoneOutputStream.java:54)
	at org.apache.hadoop.ozone.client.rpc.TestBlockOutputStreamWithFailures.testWatchForCommitWithCloseContainerException(TestBlockOutputStreamWithFailures.java:190)
	at sun.reflect.NativeMethodAccessorImpl.invoke0(Native Method)
	at sun.reflect.NativeMethodAccessorImpl.invoke(NativeMethodAccessorImpl.java:62)
	at sun.reflect.DelegatingMethodAccessorImpl.invoke(DelegatingMethodAccessorImpl.java:43)
	at java.lang.reflect.Method.invoke(Method.java:498)
	at org.junit.runners.model.FrameworkMethod$1.runReflectiveCall(FrameworkMethod.java:47)
	at org.junit.internal.runners.model.ReflectiveCallable.run(ReflectiveCallable.java:12)
	at org.junit.runners.model.FrameworkMethod.invokeExplosively(FrameworkMethod.java:44)
	at org.junit.internal.runners.statements.InvokeMethod.evaluate(InvokeMethod.java:17)
	at org.junit.internal.runners.statements.RunBefores.evaluate(RunBefores.java:26)
	at org.junit.internal.runners.statements.RunAfters.evaluate(RunAfters.java:27)
	at org.junit.runners.ParentRunner.runLeaf(ParentRunner.java:271)
	at org.junit.runners.BlockJUnit4ClassRunner.runChild(BlockJUnit4ClassRunner.java:70)
	at org.junit.runners.BlockJUnit4ClassRunner.runChild(BlockJUnit4ClassRunner.java:50)
	at org.junit.runners.ParentRunner$3.run(ParentRunner.java:238)
	at org.junit.runners.ParentRunner$1.schedule(ParentRunner.java:63)
	at org.junit.runners.ParentRunner.runChildren(ParentRunner.java:236)
	at org.junit.runners.ParentRunner.access$000(ParentRunner.java:53)
	at org.junit.runners.ParentRunner$2.evaluate(ParentRunner.java:229)
	at org.junit.runners.ParentRunner.run(ParentRunner.java:309)
	at org.apache.maven.surefire.junit4.JUnit4Provider.execute(JUnit4Provider.java:365)
	at org.apache.maven.surefire.junit4.JUnit4Provider.executeWithRerun(JUnit4Provider.java:273)
	at org.apache.maven.surefire.junit4.JUnit4Provider.executeTestSet(JUnit4Provider.java:238)
	at org.apache.maven.surefire.junit4.JUnit4Provider.invoke(JUnit4Provider.java:159)
	at org.apache.maven.surefire.booter.ForkedBooter.invokeProviderInSameClassLoader(ForkedBooter.java:384)
	at org.apache.maven.surefire.booter.ForkedBooter.runSuitesInProcess(ForkedBooter.java:345)
	at org.apache.maven.surefire.booter.ForkedBooter.execute(ForkedBooter.java:126)
	at org.apache.maven.surefire.booter.ForkedBooter.main(ForkedBooter.java:418)
2019-09-17 05:39:36,982 [main] WARN  storage.CommitWatcher (CommitWatcher.java:watchForCommit(203)) - watchForCommit failed for index 13
java.util.concurrent.TimeoutException
	at java.util.concurrent.CompletableFuture.timedGet(CompletableFuture.java:1771)
	at java.util.concurrent.CompletableFuture.get(CompletableFuture.java:1915)
	at org.apache.hadoop.hdds.scm.XceiverClientRatis.watchForCommit(XceiverClientRatis.java:268)
	at org.apache.hadoop.hdds.scm.storage.CommitWatcher.watchForCommit(CommitWatcher.java:194)
	at org.apache.hadoop.hdds.scm.storage.CommitWatcher.watchOnLastIndex(CommitWatcher.java:157)
	at org.apache.hadoop.hdds.scm.storage.BlockOutputStream.watchForCommit(BlockOutputStream.java:347)
	at org.apache.hadoop.hdds.scm.storage.BlockOutputStream.handleFlush(BlockOutputStream.java:479)
	at org.apache.hadoop.hdds.scm.storage.BlockOutputStream.flush(BlockOutputStream.java:428)
	at org.apache.hadoop.ozone.client.io.BlockOutputStreamEntry.flush(BlockOutputStreamEntry.java:136)
	at org.apache.hadoop.ozone.client.io.KeyOutputStream.handleFlushOrClose(KeyOutputStream.java:442)
	at org.apache.hadoop.ozone.client.io.KeyOutputStream.flush(KeyOutputStream.java:396)
	at org.apache.hadoop.ozone.client.io.OzoneOutputStream.flush(OzoneOutputStream.java:54)
	at org.apache.hadoop.ozone.client.rpc.TestBlockOutputStreamWithFailures.testWatchForCommitWithCloseContainerException(TestBlockOutputStreamWithFailures.java:190)
	at sun.reflect.NativeMethodAccessorImpl.invoke0(Native Method)
	at sun.reflect.NativeMethodAccessorImpl.invoke(NativeMethodAccessorImpl.java:62)
	at sun.reflect.DelegatingMethodAccessorImpl.invoke(DelegatingMethodAccessorImpl.java:43)
	at java.lang.reflect.Method.invoke(Method.java:498)
	at org.junit.runners.model.FrameworkMethod$1.runReflectiveCall(FrameworkMethod.java:47)
	at org.junit.internal.runners.model.ReflectiveCallable.run(ReflectiveCallable.java:12)
	at org.junit.runners.model.FrameworkMethod.invokeExplosively(FrameworkMethod.java:44)
	at org.junit.internal.runners.statements.InvokeMethod.evaluate(InvokeMethod.java:17)
	at org.junit.internal.runners.statements.RunBefores.evaluate(RunBefores.java:26)
	at org.junit.internal.runners.statements.RunAfters.evaluate(RunAfters.java:27)
	at org.junit.runners.ParentRunner.runLeaf(ParentRunner.java:271)
	at org.junit.runners.BlockJUnit4ClassRunner.runChild(BlockJUnit4ClassRunner.java:70)
	at org.junit.runners.BlockJUnit4ClassRunner.runChild(BlockJUnit4ClassRunner.java:50)
	at org.junit.runners.ParentRunner$3.run(ParentRunner.java:238)
	at org.junit.runners.ParentRunner$1.schedule(ParentRunner.java:63)
	at org.junit.runners.ParentRunner.runChildren(ParentRunner.java:236)
	at org.junit.runners.ParentRunner.access$000(ParentRunner.java:53)
	at org.junit.runners.ParentRunner$2.evaluate(ParentRunner.java:229)
	at org.junit.runners.ParentRunner.run(ParentRunner.java:309)
	at org.apache.maven.surefire.junit4.JUnit4Provider.execute(JUnit4Provider.java:365)
	at org.apache.maven.surefire.junit4.JUnit4Provider.executeWithRerun(JUnit4Provider.java:273)
	at org.apache.maven.surefire.junit4.JUnit4Provider.executeTestSet(JUnit4Provider.java:238)
	at org.apache.maven.surefire.junit4.JUnit4Provider.invoke(JUnit4Provider.java:159)
	at org.apache.maven.surefire.booter.ForkedBooter.invokeProviderInSameClassLoader(ForkedBooter.java:384)
	at org.apache.maven.surefire.booter.ForkedBooter.runSuitesInProcess(ForkedBooter.java:345)
	at org.apache.maven.surefire.booter.ForkedBooter.execute(ForkedBooter.java:126)
	at org.apache.maven.surefire.booter.ForkedBooter.main(ForkedBooter.java:418)
2019-09-17 05:39:36,983 [main] WARN  io.KeyOutputStream (KeyOutputStream.java:handleException(276)) - Encountered exception java.io.IOException: Unexpected Storage Container Exception: java.io.IOException: Unexpected Storage Container Exception: java.util.concurrent.TimeoutException on the pipeline Pipeline[ Id: 06f251e7-f9c0-409d-aa57-daee684f5880, Nodes: 0076424b-dbc7-4d88-ac92-4910588e0078{ip: 192.168.69.122, host: trunk-nightly-20190917-29l5j-2509219610, networkLocation: /default-rack, certSerialId: null}709477b2-7a5d-4422-82d7-7ceaa516784a{ip: 192.168.69.122, host: trunk-nightly-20190917-29l5j-2509219610, networkLocation: /default-rack, certSerialId: null}753e4218-28df-4084-bc35-1bcb706ff054{ip: 192.168.69.122, host: trunk-nightly-20190917-29l5j-2509219610, networkLocation: /default-rack, certSerialId: null}, Type:RATIS, Factor:THREE, State:OPEN]. The last committed block length is 400, uncommitted data length is 50 retry count 0
2019-09-17 05:39:37,016 [grpc-default-executor-12] INFO  client.GrpcClientProtocolClient (GrpcClientProtocolClient.java:onNext(264)) - client-54307BCB2A45->3bf073f2-310e-4683-a6c8-b828172024b1: receive RaftClientReply:client-54307BCB2A45->3bf073f2-310e-4683-a6c8-b828172024b1@group-AD9369A79441, cid=243, FAILED org.apache.ratis.protocol.NotLeaderException: Server 3bf073f2-310e-4683-a6c8-b828172024b1@group-AD9369A79441 is not the leader 6f64a23a-10c8-4f60-bb77-ad5952414a87:192.168.69.122:38852, logIndex=0, commits[3bf073f2-310e-4683-a6c8-b828172024b1:c0, 83c5c86f-4f0f-49a9-8168-55da465a77cb:c-1, 6f64a23a-10c8-4f60-bb77-ad5952414a87:c0]
2019-09-17 05:39:37,179 [grpc-default-executor-12] INFO  client.GrpcClientProtocolClient (GrpcClientProtocolClient.java:onNext(264)) - client-54307BCB2A45->6f64a23a-10c8-4f60-bb77-ad5952414a87: receive RaftClientReply:client-54307BCB2A45->6f64a23a-10c8-4f60-bb77-ad5952414a87@group-AD9369A79441, cid=243, SUCCESS, logIndex=1, commits[6f64a23a-10c8-4f60-bb77-ad5952414a87:c1, 83c5c86f-4f0f-49a9-8168-55da465a77cb:c0, 3bf073f2-310e-4683-a6c8-b828172024b1:c0]
2019-09-17 05:39:37,248 [grpc-default-executor-14] INFO  client.GrpcClientProtocolClient (GrpcClientProtocolClient.java:onNext(264)) - client-54307BCB2A45->6f64a23a-10c8-4f60-bb77-ad5952414a87: receive RaftClientReply:client-54307BCB2A45->6f64a23a-10c8-4f60-bb77-ad5952414a87@group-AD9369A79441, cid=244, SUCCESS, logIndex=3, commits[6f64a23a-10c8-4f60-bb77-ad5952414a87:c4, 83c5c86f-4f0f-49a9-8168-55da465a77cb:c3, 3bf073f2-310e-4683-a6c8-b828172024b1:c3]
2019-09-17 05:39:37,250 [main] INFO  ozone.MiniOzoneClusterImpl (MiniOzoneClusterImpl.java:shutdown(312)) - Shutting down the Mini Ozone Cluster
2019-09-17 05:39:37,251 [main] INFO  ozone.MiniOzoneClusterImpl (MiniOzoneClusterImpl.java:stop(327)) - Stopping the Mini Ozone Cluster
2019-09-17 05:39:37,251 [main] INFO  ozone.MiniOzoneClusterImpl (MiniOzoneClusterImpl.java:stop(329)) - Stopping the OzoneManager
2019-09-17 05:39:37,251 [main] INFO  ipc.Server (Server.java:stop(3082)) - Stopping server on 42623
2019-09-17 05:39:37,266 [IPC Server listener on 42623] INFO  ipc.Server (Server.java:run(1185)) - Stopping IPC Server listener on 42623
2019-09-17 05:39:37,267 [main] INFO  ratis.OzoneManagerDoubleBuffer (OzoneManagerDoubleBuffer.java:stop(248)) - Stopping OMDoubleBuffer flush thread
2019-09-17 05:39:37,267 [IPC Server Responder] INFO  ipc.Server (Server.java:run(1319)) - Stopping IPC Server Responder
2019-09-17 05:39:37,270 [OMDoubleBufferFlushThread] INFO  ratis.OzoneManagerDoubleBuffer (OzoneManagerDoubleBuffer.java:flushTransactions(191)) - OMDoubleBuffer flush thread OMDoubleBufferFlushThread is interrupted and will exit. OMDoubleBufferFlushThread
2019-09-17 05:39:37,272 [main] INFO  utils.BackgroundService (BackgroundService.java:shutdown(148)) - Shutting down service KeyDeletingService
2019-09-17 05:39:37,280 [main] INFO  handler.ContextHandler (ContextHandler.java:doStop(910)) - Stopped o.e.j.w.WebAppContext@61d2f267{/,null,UNAVAILABLE}{/ozoneManager}
2019-09-17 05:39:37,281 [main] INFO  server.AbstractConnector (AbstractConnector.java:doStop(318)) - Stopped ServerConnector@26d40c77{HTTP/1.1,[http/1.1]}{0.0.0.0:0}
2019-09-17 05:39:37,282 [main] INFO  handler.ContextHandler (ContextHandler.java:doStop(910)) - Stopped o.e.j.s.ServletContextHandler@668a32a4{/static,file:///workdir/hadoop-ozone/integration-test/target/test-classes/webapps/static,UNAVAILABLE}
2019-09-17 05:39:37,282 [main] INFO  handler.ContextHandler (ContextHandler.java:doStop(910)) - Stopped o.e.j.s.ServletContextHandler@2fb082ff{/logs,file:///workdir/hadoop-ozone/integration-test/target/log,UNAVAILABLE}
2019-09-17 05:39:37,285 [main] INFO  ozone.MiniOzoneClusterImpl (MiniOzoneClusterImpl.java:stop(335)) - Shutting the HddsDatanodes
2019-09-17 05:39:37,475 [grpc-default-executor-13] INFO  client.GrpcClientProtocolClient (GrpcClientProtocolClient.java:onNext(264)) - client-85AD2ACA0F20->709477b2-7a5d-4422-82d7-7ceaa516784a: receive RaftClientReply:client-85AD2ACA0F20->709477b2-7a5d-4422-82d7-7ceaa516784a@group-DAEE684F5880, cid=242, SUCCESS, logIndex=0, commits[709477b2-7a5d-4422-82d7-7ceaa516784a:c15, 0076424b-dbc7-4d88-ac92-4910588e0078:c15, 753e4218-28df-4084-bc35-1bcb706ff054:c12]
2019-09-17 05:39:37,475 [grpc-default-executor-13] INFO  client.GrpcClientProtocolClient (GrpcClientProtocolClient.java:onNext(264)) - client-85AD2ACA0F20->709477b2-7a5d-4422-82d7-7ceaa516784a: receive RaftClientReply:client-85AD2ACA0F20->709477b2-7a5d-4422-82d7-7ceaa516784a@group-DAEE684F5880, cid=241, SUCCESS, logIndex=0, commits[709477b2-7a5d-4422-82d7-7ceaa516784a:c15, 0076424b-dbc7-4d88-ac92-4910588e0078:c15, 753e4218-28df-4084-bc35-1bcb706ff054:c15]
2019-09-17 05:39:37,687 [Datanode State Machine Thread - 0] INFO  statemachine.DatanodeStateMachine (DatanodeStateMachine.java:lambda$startDaemon$0(350)) - Ozone container server started.
2019-09-17 05:39:38,163 [Datanode State Machine Thread - 0] INFO  statemachine.DatanodeStateMachine (DatanodeStateMachine.java:lambda$startDaemon$0(350)) - Ozone container server started.
2019-09-17 05:39:41,738 [EventQueue-StaleNodeForStaleNodeHandler] INFO  node.StaleNodeHandler (StaleNodeHandler.java:onMessage(58)) - Datanode 709477b2-7a5d-4422-82d7-7ceaa516784a{ip: 192.168.69.122, host: trunk-nightly-20190917-29l5j-2509219610, networkLocation: /default-rack, certSerialId: null} moved to stale state. Finalizing its pipelines [PipelineID=b2dc3e21-0d88-4951-8b58-4a53cb45b368, PipelineID=06f251e7-f9c0-409d-aa57-daee684f5880]
2019-09-17 05:39:41,738 [EventQueue-StaleNodeForStaleNodeHandler] INFO  pipeline.SCMPipelineManager (SCMPipelineManager.java:finalizeAndDestroyPipeline(311)) - destroying pipeline:Pipeline[ Id: b2dc3e21-0d88-4951-8b58-4a53cb45b368, Nodes: 709477b2-7a5d-4422-82d7-7ceaa516784a{ip: 192.168.69.122, host: trunk-nightly-20190917-29l5j-2509219610, networkLocation: /default-rack, certSerialId: null}, Type:RATIS, Factor:ONE, State:OPEN]
2019-09-17 05:39:41,739 [EventQueue-StaleNodeForStaleNodeHandler] INFO  pipeline.PipelineStateManager (PipelineStateManager.java:finalizePipeline(123)) - Pipeline Pipeline[ Id: b2dc3e21-0d88-4951-8b58-4a53cb45b368, Nodes: 709477b2-7a5d-4422-82d7-7ceaa516784a{ip: 192.168.69.122, host: trunk-nightly-20190917-29l5j-2509219610, networkLocation: /default-rack, certSerialId: null}, Type:RATIS, Factor:ONE, State:CLOSED] moved to CLOSED state
2019-09-17 05:39:41,740 [EventQueue-StaleNodeForStaleNodeHandler] INFO  pipeline.SCMPipelineManager (SCMPipelineManager.java:finalizeAndDestroyPipeline(311)) - destroying pipeline:Pipeline[ Id: 06f251e7-f9c0-409d-aa57-daee684f5880, Nodes: 0076424b-dbc7-4d88-ac92-4910588e0078{ip: 192.168.69.122, host: trunk-nightly-20190917-29l5j-2509219610, networkLocation: /default-rack, certSerialId: null}709477b2-7a5d-4422-82d7-7ceaa516784a{ip: 192.168.69.122, host: trunk-nightly-20190917-29l5j-2509219610, networkLocation: /default-rack, certSerialId: null}753e4218-28df-4084-bc35-1bcb706ff054{ip: 192.168.69.122, host: trunk-nightly-20190917-29l5j-2509219610, networkLocation: /default-rack, certSerialId: null}, Type:RATIS, Factor:THREE, State:OPEN]
2019-09-17 05:39:41,740 [EventQueue-StaleNodeForStaleNodeHandler] INFO  pipeline.PipelineStateManager (PipelineStateManager.java:finalizePipeline(123)) - Pipeline Pipeline[ Id: 06f251e7-f9c0-409d-aa57-daee684f5880, Nodes: 0076424b-dbc7-4d88-ac92-4910588e0078{ip: 192.168.69.122, host: trunk-nightly-20190917-29l5j-2509219610, networkLocation: /default-rack, certSerialId: null}709477b2-7a5d-4422-82d7-7ceaa516784a{ip: 192.168.69.122, host: trunk-nightly-20190917-29l5j-2509219610, networkLocation: /default-rack, certSerialId: null}753e4218-28df-4084-bc35-1bcb706ff054{ip: 192.168.69.122, host: trunk-nightly-20190917-29l5j-2509219610, networkLocation: /default-rack, certSerialId: null}, Type:RATIS, Factor:THREE, State:CLOSED] moved to CLOSED state
2019-09-17 05:39:41,741 [EventQueue-CloseContainerForCloseContainerEventHandler] INFO  container.CloseContainerEventHandler (CloseContainerEventHandler.java:onMessage(61)) - Close container Event triggered for container : #1
2019-09-17 05:39:42,238 [EventQueue-StaleNodeForStaleNodeHandler] INFO  node.StaleNodeHandler (StaleNodeHandler.java:onMessage(58)) - Datanode 3bf073f2-310e-4683-a6c8-b828172024b1{ip: 192.168.69.122, host: trunk-nightly-20190917-29l5j-2509219610, networkLocation: /default-rack, certSerialId: null} moved to stale state. Finalizing its pipelines [PipelineID=ded81a5e-3662-4c76-9653-ad9369a79441, PipelineID=503e3b26-17ee-4a1b-8a8e-4c97ce1e59c2]
2019-09-17 05:39:42,243 [EventQueue-StaleNodeForStaleNodeHandler] INFO  pipeline.SCMPipelineManager (SCMPipelineManager.java:finalizeAndDestroyPipeline(311)) - destroying pipeline:Pipeline[ Id: ded81a5e-3662-4c76-9653-ad9369a79441, Nodes: 3bf073f2-310e-4683-a6c8-b828172024b1{ip: 192.168.69.122, host: trunk-nightly-20190917-29l5j-2509219610, networkLocation: /default-rack, certSerialId: null}6f64a23a-10c8-4f60-bb77-ad5952414a87{ip: 192.168.69.122, host: trunk-nightly-20190917-29l5j-2509219610, networkLocation: /default-rack, certSerialId: null}83c5c86f-4f0f-49a9-8168-55da465a77cb{ip: 192.168.69.122, host: trunk-nightly-20190917-29l5j-2509219610, networkLocation: /default-rack, certSerialId: null}, Type:RATIS, Factor:THREE, State:OPEN]
2019-09-17 05:39:42,244 [EventQueue-StaleNodeForStaleNodeHandler] INFO  pipeline.PipelineStateManager (PipelineStateManager.java:finalizePipeline(123)) - Pipeline Pipeline[ Id: ded81a5e-3662-4c76-9653-ad9369a79441, Nodes: 3bf073f2-310e-4683-a6c8-b828172024b1{ip: 192.168.69.122, host: trunk-nightly-20190917-29l5j-2509219610, networkLocation: /default-rack, certSerialId: null}6f64a23a-10c8-4f60-bb77-ad5952414a87{ip: 192.168.69.122, host: trunk-nightly-20190917-29l5j-2509219610, networkLocation: /default-rack, certSerialId: null}83c5c86f-4f0f-49a9-8168-55da465a77cb{ip: 192.168.69.122, host: trunk-nightly-20190917-29l5j-2509219610, networkLocation: /default-rack, certSerialId: null}, Type:RATIS, Factor:THREE, State:CLOSED] moved to CLOSED state
2019-09-17 05:39:42,244 [EventQueue-CloseContainerForCloseContainerEventHandler] INFO  container.CloseContainerEventHandler (CloseContainerEventHandler.java:onMessage(61)) - Close container Event triggered for container : #2
2019-09-17 05:39:42,247 [EventQueue-StaleNodeForStaleNodeHandler] INFO  pipeline.SCMPipelineManager (SCMPipelineManager.java:finalizeAndDestroyPipeline(311)) - destroying pipeline:Pipeline[ Id: 503e3b26-17ee-4a1b-8a8e-4c97ce1e59c2, Nodes: 3bf073f2-310e-4683-a6c8-b828172024b1{ip: 192.168.69.122, host: trunk-nightly-20190917-29l5j-2509219610, networkLocation: /default-rack, certSerialId: null}, Type:RATIS, Factor:ONE, State:OPEN]
2019-09-17 05:39:42,250 [EventQueue-StaleNodeForStaleNodeHandler] INFO  pipeline.PipelineStateManager (PipelineStateManager.java:finalizePipeline(123)) - Pipeline Pipeline[ Id: 503e3b26-17ee-4a1b-8a8e-4c97ce1e59c2, Nodes: 3bf073f2-310e-4683-a6c8-b828172024b1{ip: 192.168.69.122, host: trunk-nightly-20190917-29l5j-2509219610, networkLocation: /default-rack, certSerialId: null}, Type:RATIS, Factor:ONE, State:CLOSED] moved to CLOSED state
2019-09-17 05:39:42,286 [ForkJoinPool.commonPool-worker-1] INFO  ozoneimpl.OzoneContainer (OzoneContainer.java:stop(231)) - Attempting to stop container services.
2019-09-17 05:39:42,286 [main] INFO  ozoneimpl.OzoneContainer (OzoneContainer.java:stop(231)) - Attempting to stop container services.
2019-09-17 05:39:42,287 [ForkJoinPool.commonPool-worker-1] INFO  impl.RaftServerProxy (RaftServerProxy.java:lambda$close$4(314)) - 3bf073f2-310e-4683-a6c8-b828172024b1: close
2019-09-17 05:39:42,287 [main] INFO  impl.RaftServerProxy (RaftServerProxy.java:lambda$close$4(314)) - 709477b2-7a5d-4422-82d7-7ceaa516784a: close
2019-09-17 05:39:42,287 [ForkJoinPool.commonPool-worker-1] INFO  impl.RaftServerImpl (RaftServerImpl.java:lambda$shutdown$3(251)) - 3bf073f2-310e-4683-a6c8-b828172024b1@group-AD9369A79441: shutdown
2019-09-17 05:39:42,288 [ForkJoinPool.commonPool-worker-1] INFO  util.JmxRegister (JmxRegister.java:unregister(73)) - Successfully un-registered JMX Bean with object name Ratis:service=RaftServer,group=group-AD9369A79441,id=3bf073f2-310e-4683-a6c8-b828172024b1
2019-09-17 05:39:42,288 [main] INFO  impl.RaftServerImpl (RaftServerImpl.java:lambda$shutdown$3(251)) - 709477b2-7a5d-4422-82d7-7ceaa516784a@group-4A53CB45B368: shutdown
2019-09-17 05:39:42,288 [ForkJoinPool.commonPool-worker-1] INFO  impl.RoleInfo (RoleInfo.java:shutdownFollowerState(121)) - 3bf073f2-310e-4683-a6c8-b828172024b1: shutdown FollowerState
2019-09-17 05:39:42,288 [main] INFO  util.JmxRegister (JmxRegister.java:unregister(73)) - Successfully un-registered JMX Bean with object name Ratis:service=RaftServer,group=group-4A53CB45B368,id=709477b2-7a5d-4422-82d7-7ceaa516784a
2019-09-17 05:39:42,289 [ForkJoinPool.commonPool-worker-1] INFO  impl.StateMachineUpdater (StateMachineUpdater.java:stopAndJoin(125)) - 3bf073f2-310e-4683-a6c8-b828172024b1@group-AD9369A79441-StateMachineUpdater: set stopIndex = 4
2019-09-17 05:39:42,289 [3bf073f2-310e-4683-a6c8-b828172024b1@group-AD9369A79441-StateMachineUpdater] INFO  ratis.ContainerStateMachine (ContainerStateMachine.java:takeSnapshot(289)) - group-AD9369A79441: Taking a snapshot at:(t:1, i:3) file /workdir/hadoop-ozone/integration-test/target/test-dir/MiniOzoneClusterImpl-19ed16c9-28cb-4873-91f5-e899d205af27/datanode-1/data/ratis/ded81a5e-3662-4c76-9653-ad9369a79441/sm/snapshot.1_3
2019-09-17 05:39:42,289 [main] INFO  impl.RoleInfo (RoleInfo.java:shutdownLeaderState(104)) - 709477b2-7a5d-4422-82d7-7ceaa516784a: shutdown LeaderState
2019-09-17 05:39:42,289 [Thread-4132] INFO  impl.FollowerState (FollowerState.java:run(115)) - 3bf073f2-310e-4683-a6c8-b828172024b1: FollowerState was interrupted: java.lang.InterruptedException: sleep interrupted
2019-09-17 05:39:42,290 [main] INFO  impl.PendingRequests (PendingRequests.java:sendNotLeaderResponses(202)) - 709477b2-7a5d-4422-82d7-7ceaa516784a-PendingRequests: sendNotLeaderResponses
2019-09-17 05:39:42,293 [main] INFO  impl.StateMachineUpdater (StateMachineUpdater.java:stopAndJoin(125)) - 709477b2-7a5d-4422-82d7-7ceaa516784a@group-4A53CB45B368-StateMachineUpdater: set stopIndex = 0
2019-09-17 05:39:42,294 [main] INFO  impl.RaftServerImpl (ServerState.java:close(385)) - 709477b2-7a5d-4422-82d7-7ceaa516784a@group-4A53CB45B368: closes. applyIndex: 0
2019-09-17 05:39:42,294 [709477b2-7a5d-4422-82d7-7ceaa516784a@group-4A53CB45B368-SegmentedRaftLogWorker] INFO  segmented.SegmentedRaftLogWorker (SegmentedRaftLogWorker.java:run(313)) - 709477b2-7a5d-4422-82d7-7ceaa516784a@group-4A53CB45B368-SegmentedRaftLogWorker was interrupted, exiting. There are 0 tasks remaining in the queue.
2019-09-17 05:39:42,297 [main] INFO  segmented.SegmentedRaftLogWorker (SegmentedRaftLogWorker.java:close(228)) - 709477b2-7a5d-4422-82d7-7ceaa516784a@group-4A53CB45B368-SegmentedRaftLogWorker close()
2019-09-17 05:39:42,301 [main] INFO  impl.RaftServerImpl (RaftServerImpl.java:lambda$shutdown$3(251)) - 709477b2-7a5d-4422-82d7-7ceaa516784a@group-DAEE684F5880: shutdown
2019-09-17 05:39:42,302 [main] INFO  util.JmxRegister (JmxRegister.java:unregister(73)) - Successfully un-registered JMX Bean with object name Ratis:service=RaftServer,group=group-DAEE684F5880,id=709477b2-7a5d-4422-82d7-7ceaa516784a
2019-09-17 05:39:42,302 [main] INFO  impl.RoleInfo (RoleInfo.java:shutdownLeaderState(104)) - 709477b2-7a5d-4422-82d7-7ceaa516784a: shutdown LeaderState
2019-09-17 05:39:42,307 [main] INFO  impl.PendingRequests (PendingRequests.java:sendNotLeaderResponses(202)) - 709477b2-7a5d-4422-82d7-7ceaa516784a-PendingRequests: sendNotLeaderResponses
2019-09-17 05:39:42,307 [3bf073f2-310e-4683-a6c8-b828172024b1@group-AD9369A79441-StateMachineUpdater] INFO  ratis.ContainerStateMachine (ContainerStateMachine.java:takeSnapshot(300)) - group-AD9369A79441: Finished taking a snapshot at:(t:1, i:3) file:/workdir/hadoop-ozone/integration-test/target/test-dir/MiniOzoneClusterImpl-19ed16c9-28cb-4873-91f5-e899d205af27/datanode-1/data/ratis/ded81a5e-3662-4c76-9653-ad9369a79441/sm/snapshot.1_3 time:18
2019-09-17 05:39:42,307 [org.apache.ratis.server.impl.LogAppender$AppenderDaemon$$Lambda$509/1686191653@30d45bda] WARN  server.GrpcLogAppender (GrpcLogAppender.java:mayWait(143)) - 709477b2-7a5d-4422-82d7-7ceaa516784a@group-DAEE684F5880->0076424b-dbc7-4d88-ac92-4910588e0078-GrpcLogAppender: Wait interrupted by java.lang.InterruptedException
2019-09-17 05:39:42,307 [org.apache.ratis.server.impl.LogAppender$AppenderDaemon$$Lambda$509/1686191653@3af360b4] WARN  server.GrpcLogAppender (GrpcLogAppender.java:mayWait(143)) - 709477b2-7a5d-4422-82d7-7ceaa516784a@group-DAEE684F5880->753e4218-28df-4084-bc35-1bcb706ff054-GrpcLogAppender: Wait interrupted by java.lang.InterruptedException
2019-09-17 05:39:42,312 [3bf073f2-310e-4683-a6c8-b828172024b1@group-AD9369A79441-StateMachineUpdater] INFO  impl.StateMachineUpdater (StateMachineUpdater.java:takeSnapshot(258)) - 3bf073f2-310e-4683-a6c8-b828172024b1@group-AD9369A79441-StateMachineUpdater: Took a snapshot at index 3
2019-09-17 05:39:42,312 [main] INFO  impl.StateMachineUpdater (StateMachineUpdater.java:stopAndJoin(125)) - 709477b2-7a5d-4422-82d7-7ceaa516784a@group-DAEE684F5880-StateMachineUpdater: set stopIndex = 15
2019-09-17 05:39:42,312 [709477b2-7a5d-4422-82d7-7ceaa516784a@group-DAEE684F5880-StateMachineUpdater] INFO  ratis.ContainerStateMachine (ContainerStateMachine.java:takeSnapshot(289)) - group-DAEE684F5880: Taking a snapshot at:(t:1, i:13) file /workdir/hadoop-ozone/integration-test/target/test-dir/MiniOzoneClusterImpl-19ed16c9-28cb-4873-91f5-e899d205af27/datanode-4/data/ratis/06f251e7-f9c0-409d-aa57-daee684f5880/sm/snapshot.1_13
2019-09-17 05:39:42,312 [3bf073f2-310e-4683-a6c8-b828172024b1@group-AD9369A79441-StateMachineUpdater] INFO  impl.StateMachineUpdater (StateMachineUpdater.java:lambda$new$0(83)) - 3bf073f2-310e-4683-a6c8-b828172024b1@group-AD9369A79441-StateMachineUpdater: snapshotIndex: updateIncreasingly -1 -> 3
2019-09-17 05:39:42,313 [grpc-default-executor-14] INFO  server.GrpcServerProtocolService (GrpcServerProtocolService.java:onCompleted(113)) - 0076424b-dbc7-4d88-ac92-4910588e0078: Completed APPEND_ENTRIES, lastRequest: 709477b2-7a5d-4422-82d7-7ceaa516784a->0076424b-dbc7-4d88-ac92-4910588e0078#18-t1, previous=(t:1, i:15), leaderCommit=15, initializing? false, entries: <empty>
2019-09-17 05:39:42,313 [grpc-default-executor-13] INFO  server.GrpcServerProtocolService (GrpcServerProtocolService.java:onCompleted(113)) - 753e4218-28df-4084-bc35-1bcb706ff054: Completed APPEND_ENTRIES, lastRequest: 709477b2-7a5d-4422-82d7-7ceaa516784a->753e4218-28df-4084-bc35-1bcb706ff054#18-t1, previous=(t:1, i:15), leaderCommit=15, initializing? false, entries: <empty>
2019-09-17 05:39:42,313 [3bf073f2-310e-4683-a6c8-b828172024b1@group-AD9369A79441-StateMachineUpdater] INFO  ratis.ContainerStateMachine (ContainerStateMachine.java:takeSnapshot(289)) - group-AD9369A79441: Taking a snapshot at:(t:1, i:3) file /workdir/hadoop-ozone/integration-test/target/test-dir/MiniOzoneClusterImpl-19ed16c9-28cb-4873-91f5-e899d205af27/datanode-1/data/ratis/ded81a5e-3662-4c76-9653-ad9369a79441/sm/snapshot.1_3
2019-09-17 05:39:42,313 [grpc-default-executor-14] INFO  server.GrpcLogAppender (GrpcLogAppender.java:onCompleted(293)) - 709477b2-7a5d-4422-82d7-7ceaa516784a@group-DAEE684F5880->0076424b-dbc7-4d88-ac92-4910588e0078-AppendLogResponseHandler: follower responses appendEntries COMPLETED
2019-09-17 05:39:42,314 [grpc-default-executor-14] INFO  impl.FollowerInfo (FollowerInfo.java:lambda$new$0(51)) - 709477b2-7a5d-4422-82d7-7ceaa516784a@group-DAEE684F5880->0076424b-dbc7-4d88-ac92-4910588e0078: nextIndex: updateUnconditionally 16 -> 15
2019-09-17 05:39:42,314 [grpc-default-executor-13] INFO  server.GrpcLogAppender (GrpcLogAppender.java:onCompleted(293)) - 709477b2-7a5d-4422-82d7-7ceaa516784a@group-DAEE684F5880->753e4218-28df-4084-bc35-1bcb706ff054-AppendLogResponseHandler: follower responses appendEntries COMPLETED
2019-09-17 05:39:42,314 [grpc-default-executor-13] INFO  impl.FollowerInfo (FollowerInfo.java:lambda$new$0(51)) - 709477b2-7a5d-4422-82d7-7ceaa516784a@group-DAEE684F5880->753e4218-28df-4084-bc35-1bcb706ff054: nextIndex: updateUnconditionally 16 -> 15
2019-09-17 05:39:42,327 [709477b2-7a5d-4422-82d7-7ceaa516784a@group-DAEE684F5880-StateMachineUpdater] INFO  ratis.ContainerStateMachine (ContainerStateMachine.java:takeSnapshot(300)) - group-DAEE684F5880: Finished taking a snapshot at:(t:1, i:13) file:/workdir/hadoop-ozone/integration-test/target/test-dir/MiniOzoneClusterImpl-19ed16c9-28cb-4873-91f5-e899d205af27/datanode-4/data/ratis/06f251e7-f9c0-409d-aa57-daee684f5880/sm/snapshot.1_13 time:15
2019-09-17 05:39:42,327 [3bf073f2-310e-4683-a6c8-b828172024b1@group-AD9369A79441-StateMachineUpdater] INFO  ratis.ContainerStateMachine (ContainerStateMachine.java:takeSnapshot(300)) - group-AD9369A79441: Finished taking a snapshot at:(t:1, i:3) file:/workdir/hadoop-ozone/integration-test/target/test-dir/MiniOzoneClusterImpl-19ed16c9-28cb-4873-91f5-e899d205af27/datanode-1/data/ratis/ded81a5e-3662-4c76-9653-ad9369a79441/sm/snapshot.1_3 time:14
2019-09-17 05:39:42,328 [709477b2-7a5d-4422-82d7-7ceaa516784a@group-DAEE684F5880-StateMachineUpdater] INFO  impl.StateMachineUpdater (StateMachineUpdater.java:takeSnapshot(258)) - 709477b2-7a5d-4422-82d7-7ceaa516784a@group-DAEE684F5880-StateMachineUpdater: Took a snapshot at index 13
2019-09-17 05:39:42,328 [3bf073f2-310e-4683-a6c8-b828172024b1@group-AD9369A79441-StateMachineUpdater] INFO  impl.StateMachineUpdater (StateMachineUpdater.java:takeSnapshot(258)) - 3bf073f2-310e-4683-a6c8-b828172024b1@group-AD9369A79441-StateMachineUpdater: Took a snapshot at index 3
2019-09-17 05:39:42,328 [709477b2-7a5d-4422-82d7-7ceaa516784a@group-DAEE684F5880-StateMachineUpdater] INFO  impl.StateMachineUpdater (StateMachineUpdater.java:lambda$new$0(83)) - 709477b2-7a5d-4422-82d7-7ceaa516784a@group-DAEE684F5880-StateMachineUpdater: snapshotIndex: updateIncreasingly -1 -> 13
2019-09-17 05:39:42,328 [3bf073f2-310e-4683-a6c8-b828172024b1@group-AD9369A79441-StateMachineUpdater] INFO  impl.StateMachineUpdater (StateMachineUpdater.java:lambda$new$0(83)) - 3bf073f2-310e-4683-a6c8-b828172024b1@group-AD9369A79441-StateMachineUpdater: snapshotIndex: updateIncreasingly 3 -> 3
2019-09-17 05:39:42,328 [709477b2-7a5d-4422-82d7-7ceaa516784a@group-DAEE684F5880-StateMachineUpdater] INFO  ratis.ContainerStateMachine (ContainerStateMachine.java:takeSnapshot(289)) - group-DAEE684F5880: Taking a snapshot at:(t:1, i:13) file /workdir/hadoop-ozone/integration-test/target/test-dir/MiniOzoneClusterImpl-19ed16c9-28cb-4873-91f5-e899d205af27/datanode-4/data/ratis/06f251e7-f9c0-409d-aa57-daee684f5880/sm/snapshot.1_13
2019-09-17 05:39:42,328 [ForkJoinPool.commonPool-worker-1] INFO  impl.RaftServerImpl (ServerState.java:close(385)) - 3bf073f2-310e-4683-a6c8-b828172024b1@group-AD9369A79441: closes. applyIndex: 4
2019-09-17 05:39:42,328 [3bf073f2-310e-4683-a6c8-b828172024b1@group-AD9369A79441-SegmentedRaftLogWorker] INFO  segmented.SegmentedRaftLogWorker (SegmentedRaftLogWorker.java:run(313)) - 3bf073f2-310e-4683-a6c8-b828172024b1@group-AD9369A79441-SegmentedRaftLogWorker was interrupted, exiting. There are 0 tasks remaining in the queue.
2019-09-17 05:39:42,332 [ForkJoinPool.commonPool-worker-1] INFO  segmented.SegmentedRaftLogWorker (SegmentedRaftLogWorker.java:close(228)) - 3bf073f2-310e-4683-a6c8-b828172024b1@group-AD9369A79441-SegmentedRaftLogWorker close()
2019-09-17 05:39:42,337 [ForkJoinPool.commonPool-worker-1] INFO  impl.RaftServerImpl (RaftServerImpl.java:lambda$shutdown$3(251)) - 3bf073f2-310e-4683-a6c8-b828172024b1@group-4C97CE1E59C2: shutdown
2019-09-17 05:39:42,337 [ForkJoinPool.commonPool-worker-1] INFO  util.JmxRegister (JmxRegister.java:unregister(73)) - Successfully un-registered JMX Bean with object name Ratis:service=RaftServer,group=group-4C97CE1E59C2,id=3bf073f2-310e-4683-a6c8-b828172024b1
2019-09-17 05:39:42,337 [ForkJoinPool.commonPool-worker-1] INFO  impl.RoleInfo (RoleInfo.java:shutdownLeaderState(104)) - 3bf073f2-310e-4683-a6c8-b828172024b1: shutdown LeaderState
2019-09-17 05:39:42,337 [ForkJoinPool.commonPool-worker-1] INFO  impl.PendingRequests (PendingRequests.java:sendNotLeaderResponses(202)) - 3bf073f2-310e-4683-a6c8-b828172024b1-PendingRequests: sendNotLeaderResponses
2019-09-17 05:39:42,338 [ForkJoinPool.commonPool-worker-1] INFO  impl.StateMachineUpdater (StateMachineUpdater.java:stopAndJoin(125)) - 3bf073f2-310e-4683-a6c8-b828172024b1@group-4C97CE1E59C2-StateMachineUpdater: set stopIndex = 0
2019-09-17 05:39:42,338 [ForkJoinPool.commonPool-worker-1] INFO  impl.RaftServerImpl (ServerState.java:close(385)) - 3bf073f2-310e-4683-a6c8-b828172024b1@group-4C97CE1E59C2: closes. applyIndex: 0
2019-09-17 05:39:42,338 [3bf073f2-310e-4683-a6c8-b828172024b1@group-4C97CE1E59C2-SegmentedRaftLogWorker] INFO  segmented.SegmentedRaftLogWorker (SegmentedRaftLogWorker.java:run(313)) - 3bf073f2-310e-4683-a6c8-b828172024b1@group-4C97CE1E59C2-SegmentedRaftLogWorker was interrupted, exiting. There are 0 tasks remaining in the queue.
2019-09-17 05:39:42,341 [ForkJoinPool.commonPool-worker-1] INFO  segmented.SegmentedRaftLogWorker (SegmentedRaftLogWorker.java:close(228)) - 3bf073f2-310e-4683-a6c8-b828172024b1@group-4C97CE1E59C2-SegmentedRaftLogWorker close()
2019-09-17 05:39:42,341 [709477b2-7a5d-4422-82d7-7ceaa516784a@group-DAEE684F5880-StateMachineUpdater] INFO  ratis.ContainerStateMachine (ContainerStateMachine.java:takeSnapshot(300)) - group-DAEE684F5880: Finished taking a snapshot at:(t:1, i:13) file:/workdir/hadoop-ozone/integration-test/target/test-dir/MiniOzoneClusterImpl-19ed16c9-28cb-4873-91f5-e899d205af27/datanode-4/data/ratis/06f251e7-f9c0-409d-aa57-daee684f5880/sm/snapshot.1_13 time:12
2019-09-17 05:39:42,360 [ForkJoinPool.commonPool-worker-1] INFO  server.GrpcService (GrpcService.java:closeImpl(164)) - 3bf073f2-310e-4683-a6c8-b828172024b1: shutdown server with port 33102 now
2019-09-17 05:39:42,360 [709477b2-7a5d-4422-82d7-7ceaa516784a@group-DAEE684F5880-StateMachineUpdater] INFO  impl.StateMachineUpdater (StateMachineUpdater.java:takeSnapshot(258)) - 709477b2-7a5d-4422-82d7-7ceaa516784a@group-DAEE684F5880-StateMachineUpdater: Took a snapshot at index 13
2019-09-17 05:39:42,360 [709477b2-7a5d-4422-82d7-7ceaa516784a@group-DAEE684F5880-StateMachineUpdater] INFO  impl.StateMachineUpdater (StateMachineUpdater.java:lambda$new$0(83)) - 709477b2-7a5d-4422-82d7-7ceaa516784a@group-DAEE684F5880-StateMachineUpdater: snapshotIndex: updateIncreasingly 13 -> 13
2019-09-17 05:39:42,361 [main] INFO  impl.RaftServerImpl (ServerState.java:close(385)) - 709477b2-7a5d-4422-82d7-7ceaa516784a@group-DAEE684F5880: closes. applyIndex: 15
2019-09-17 05:39:42,361 [709477b2-7a5d-4422-82d7-7ceaa516784a@group-DAEE684F5880-SegmentedRaftLogWorker] INFO  segmented.SegmentedRaftLogWorker (SegmentedRaftLogWorker.java:run(313)) - 709477b2-7a5d-4422-82d7-7ceaa516784a@group-DAEE684F5880-SegmentedRaftLogWorker was interrupted, exiting. There are 0 tasks remaining in the queue.
2019-09-17 05:39:42,361 [grpc-default-executor-14] WARN  server.GrpcServerProtocolService (LogUtils.java:warn(134)) - 3bf073f2-310e-4683-a6c8-b828172024b1: installSnapshot onError, lastRequest: 6f64a23a-10c8-4f60-bb77-ad5952414a87->3bf073f2-310e-4683-a6c8-b828172024b1#8-t1, previous=(t:1, i:4), leaderCommit=4, initializing? false, entries: <empty>: org.apache.ratis.thirdparty.io.grpc.StatusRuntimeException: CANCELLED: cancelled before receiving half close
2019-09-17 05:39:42,361 [grpc-default-executor-13] WARN  server.GrpcLogAppender (LogUtils.java:warn(134)) - 6f64a23a-10c8-4f60-bb77-ad5952414a87@group-AD9369A79441->3bf073f2-310e-4683-a6c8-b828172024b1-AppendLogResponseHandler: Failed appendEntries: org.apache.ratis.thirdparty.io.grpc.StatusRuntimeException: CANCELLED: HTTP/2 error code: CANCEL
Received Rst Stream
2019-09-17 05:39:42,361 [ForkJoinPool.commonPool-worker-1] INFO  server.GrpcService (GrpcService.java:closeImpl(172)) - 3bf073f2-310e-4683-a6c8-b828172024b1: shutdown server with port 33102 successfully
2019-09-17 05:39:42,362 [grpc-default-executor-13] INFO  impl.FollowerInfo (FollowerInfo.java:lambda$new$0(51)) - 6f64a23a-10c8-4f60-bb77-ad5952414a87@group-AD9369A79441->3bf073f2-310e-4683-a6c8-b828172024b1: nextIndex: updateUnconditionally 5 -> 4
2019-09-17 05:39:42,361 [main] INFO  segmented.SegmentedRaftLogWorker (SegmentedRaftLogWorker.java:close(228)) - 709477b2-7a5d-4422-82d7-7ceaa516784a@group-DAEE684F5880-SegmentedRaftLogWorker close()
2019-09-17 05:39:42,366 [main] INFO  server.GrpcService (GrpcService.java:closeImpl(164)) - 709477b2-7a5d-4422-82d7-7ceaa516784a: shutdown server with port 34521 now
2019-09-17 05:39:42,366 [refreshUsed-/workdir/hadoop-ozone/integration-test/target/test-dir/MiniOzoneClusterImpl-19ed16c9-28cb-4873-91f5-e899d205af27/datanode-1/data/containers] WARN  fs.CachingGetSpaceUsed (CachingGetSpaceUsed.java:run(183)) - Thread Interrupted waiting to refresh disk information: sleep interrupted
2019-09-17 05:39:42,367 [main] INFO  server.GrpcService (GrpcService.java:closeImpl(172)) - 709477b2-7a5d-4422-82d7-7ceaa516784a: shutdown server with port 34521 successfully
2019-09-17 05:39:42,367 [grpc-default-executor-13] WARN  client.GrpcClientProtocolService (LogUtils.java:warn(134)) - 3-UnorderedRequestStreamObserver3: onError: org.apache.ratis.thirdparty.io.grpc.StatusRuntimeException: CANCELLED: cancelled before receiving half close
2019-09-17 05:39:42,374 [refreshUsed-/workdir/hadoop-ozone/integration-test/target/test-dir/MiniOzoneClusterImpl-19ed16c9-28cb-4873-91f5-e899d205af27/datanode-4/data/containers] WARN  fs.CachingGetSpaceUsed (CachingGetSpaceUsed.java:run(183)) - Thread Interrupted waiting to refresh disk information: sleep interrupted
2019-09-17 05:39:42,386 [ForkJoinPool.commonPool-worker-1] INFO  utils.BackgroundService (BackgroundService.java:shutdown(148)) - Shutting down service BlockDeletingService
2019-09-17 05:39:42,392 [ForkJoinPool.commonPool-worker-1] INFO  statemachine.DatanodeStateMachine (DatanodeStateMachine.java:stopDaemon(395)) - Ozone container server stopped.
2019-09-17 05:39:42,408 [ForkJoinPool.commonPool-worker-1] INFO  handler.ContextHandler (ContextHandler.java:doStop(910)) - Stopped o.e.j.w.WebAppContext@6ef1c3f7{/,null,UNAVAILABLE}{/hddsDatanode}
2019-09-17 05:39:42,409 [ForkJoinPool.commonPool-worker-1] INFO  server.AbstractConnector (AbstractConnector.java:doStop(318)) - Stopped ServerConnector@3386c206{HTTP/1.1,[http/1.1]}{0.0.0.0:0}
2019-09-17 05:39:42,411 [ForkJoinPool.commonPool-worker-1] INFO  handler.ContextHandler (ContextHandler.java:doStop(910)) - Stopped o.e.j.s.ServletContextHandler@4b5ad306{/static,jar:file:/home/user/.m2/repository/org/apache/hadoop/hadoop-hdds-container-service/0.5.0-SNAPSHOT/hadoop-hdds-container-service-0.5.0-SNAPSHOT.jar!/webapps/static,UNAVAILABLE}
2019-09-17 05:39:42,413 [ForkJoinPool.commonPool-worker-1] INFO  handler.ContextHandler (ContextHandler.java:doStop(910)) - Stopped o.e.j.s.ServletContextHandler@6b2ef50e{/logs,file:///workdir/hadoop-ozone/integration-test/target/log,UNAVAILABLE}
2019-09-17 05:39:42,420 [main] INFO  utils.BackgroundService (BackgroundService.java:shutdown(148)) - Shutting down service BlockDeletingService
2019-09-17 05:39:42,428 [main] INFO  statemachine.DatanodeStateMachine (DatanodeStateMachine.java:stopDaemon(395)) - Ozone container server stopped.
2019-09-17 05:39:42,429 [main] INFO  handler.ContextHandler (ContextHandler.java:doStop(910)) - Stopped o.e.j.w.WebAppContext@6736f40f{/,null,UNAVAILABLE}{/hddsDatanode}
2019-09-17 05:39:42,430 [main] INFO  server.AbstractConnector (AbstractConnector.java:doStop(318)) - Stopped ServerConnector@12f9f896{HTTP/1.1,[http/1.1]}{0.0.0.0:0}
2019-09-17 05:39:42,430 [main] INFO  handler.ContextHandler (ContextHandler.java:doStop(910)) - Stopped o.e.j.s.ServletContextHandler@5ab7ac02{/static,jar:file:/home/user/.m2/repository/org/apache/hadoop/hadoop-hdds-container-service/0.5.0-SNAPSHOT/hadoop-hdds-container-service-0.5.0-SNAPSHOT.jar!/webapps/static,UNAVAILABLE}
2019-09-17 05:39:42,431 [main] INFO  handler.ContextHandler (ContextHandler.java:doStop(910)) - Stopped o.e.j.s.ServletContextHandler@4d290757{/logs,file:///workdir/hadoop-ozone/integration-test/target/log,UNAVAILABLE}
2019-09-17 05:39:42,983 [Datanode State Machine Thread - 0] INFO  statemachine.DatanodeStateMachine (DatanodeStateMachine.java:lambda$startDaemon$0(350)) - Ozone container server started.
2019-09-17 05:39:43,162 [Datanode State Machine Thread - 0] INFO  statemachine.DatanodeStateMachine (DatanodeStateMachine.java:lambda$startDaemon$0(350)) - Ozone container server started.
2019-09-17 05:39:44,721 [grpc-default-executor-14] WARN  server.GrpcLogAppender (LogUtils.java:warn(134)) - 6f64a23a-10c8-4f60-bb77-ad5952414a87@group-AD9369A79441->3bf073f2-310e-4683-a6c8-b828172024b1-AppendLogResponseHandler: Failed appendEntries: org.apache.ratis.thirdparty.io.grpc.StatusRuntimeException: UNAVAILABLE: io exception
2019-09-17 05:39:44,722 [grpc-default-executor-14] INFO  impl.FollowerInfo (FollowerInfo.java:lambda$new$0(51)) - 6f64a23a-10c8-4f60-bb77-ad5952414a87@group-AD9369A79441->3bf073f2-310e-4683-a6c8-b828172024b1: nextIndex: updateUnconditionally 4 -> 3
2019-09-17 05:39:47,044 [EventQueue-StaleNodeForStaleNodeHandler] INFO  node.StaleNodeHandler (StaleNodeHandler.java:onMessage(58)) - Datanode 263cca29-ebb5-4194-b7b5-686bd85c6f18{ip: 192.168.69.122, host: trunk-nightly-20190917-29l5j-2509219610, networkLocation: /default-rack, certSerialId: null} moved to stale state. Finalizing its pipelines [PipelineID=c94993ed-242d-4082-93b6-337bf6b08397]
2019-09-17 05:39:47,045 [EventQueue-StaleNodeForStaleNodeHandler] INFO  pipeline.SCMPipelineManager (SCMPipelineManager.java:finalizeAndDestroyPipeline(311)) - destroying pipeline:Pipeline[ Id: c94993ed-242d-4082-93b6-337bf6b08397, Nodes: 263cca29-ebb5-4194-b7b5-686bd85c6f18{ip: 192.168.69.122, host: trunk-nightly-20190917-29l5j-2509219610, networkLocation: /default-rack, certSerialId: null}, Type:RATIS, Factor:ONE, State:OPEN]
2019-09-17 05:39:47,045 [EventQueue-StaleNodeForStaleNodeHandler] INFO  pipeline.PipelineStateManager (PipelineStateManager.java:finalizePipeline(123)) - Pipeline Pipeline[ Id: c94993ed-242d-4082-93b6-337bf6b08397, Nodes: 263cca29-ebb5-4194-b7b5-686bd85c6f18{ip: 192.168.69.122, host: trunk-nightly-20190917-29l5j-2509219610, networkLocation: /default-rack, certSerialId: null}, Type:RATIS, Factor:ONE, State:CLOSED] moved to CLOSED state
2019-09-17 05:39:47,219 [grpc-default-executor-12] WARN  server.GrpcLogAppender (LogUtils.java:warn(134)) - 6f64a23a-10c8-4f60-bb77-ad5952414a87@group-AD9369A79441->3bf073f2-310e-4683-a6c8-b828172024b1-AppendLogResponseHandler: Failed appendEntries: org.apache.ratis.thirdparty.io.grpc.StatusRuntimeException: UNAVAILABLE: io exception
2019-09-17 05:39:47,219 [grpc-default-executor-12] INFO  impl.FollowerInfo (FollowerInfo.java:lambda$new$0(51)) - 6f64a23a-10c8-4f60-bb77-ad5952414a87@group-AD9369A79441->3bf073f2-310e-4683-a6c8-b828172024b1: nextIndex: updateUnconditionally 3 -> 2
2019-09-17 05:39:47,245 [EventQueue-StaleNodeForStaleNodeHandler] INFO  node.StaleNodeHandler (StaleNodeHandler.java:onMessage(58)) - Datanode 6f64a23a-10c8-4f60-bb77-ad5952414a87{ip: 192.168.69.122, host: trunk-nightly-20190917-29l5j-2509219610, networkLocation: /default-rack, certSerialId: null} moved to stale state. Finalizing its pipelines [PipelineID=ded81a5e-3662-4c76-9653-ad9369a79441, PipelineID=48aaec87-19df-4ad8-95e8-c2a154866fba]
2019-09-17 05:39:47,245 [EventQueue-StaleNodeForStaleNodeHandler] INFO  pipeline.SCMPipelineManager (SCMPipelineManager.java:finalizeAndDestroyPipeline(311)) - destroying pipeline:Pipeline[ Id: ded81a5e-3662-4c76-9653-ad9369a79441, Nodes: 3bf073f2-310e-4683-a6c8-b828172024b1{ip: 192.168.69.122, host: trunk-nightly-20190917-29l5j-2509219610, networkLocation: /default-rack, certSerialId: null}6f64a23a-10c8-4f60-bb77-ad5952414a87{ip: 192.168.69.122, host: trunk-nightly-20190917-29l5j-2509219610, networkLocation: /default-rack, certSerialId: null}83c5c86f-4f0f-49a9-8168-55da465a77cb{ip: 192.168.69.122, host: trunk-nightly-20190917-29l5j-2509219610, networkLocation: /default-rack, certSerialId: null}, Type:RATIS, Factor:THREE, State:CLOSED]
2019-09-17 05:39:47,245 [EventQueue-StaleNodeForStaleNodeHandler] INFO  pipeline.SCMPipelineManager (SCMPipelineManager.java:finalizeAndDestroyPipeline(311)) - destroying pipeline:Pipeline[ Id: 48aaec87-19df-4ad8-95e8-c2a154866fba, Nodes: 6f64a23a-10c8-4f60-bb77-ad5952414a87{ip: 192.168.69.122, host: trunk-nightly-20190917-29l5j-2509219610, networkLocation: /default-rack, certSerialId: null}, Type:RATIS, Factor:ONE, State:OPEN]
2019-09-17 05:39:47,245 [EventQueue-StaleNodeForStaleNodeHandler] INFO  pipeline.PipelineStateManager (PipelineStateManager.java:finalizePipeline(123)) - Pipeline Pipeline[ Id: 48aaec87-19df-4ad8-95e8-c2a154866fba, Nodes: 6f64a23a-10c8-4f60-bb77-ad5952414a87{ip: 192.168.69.122, host: trunk-nightly-20190917-29l5j-2509219610, networkLocation: /default-rack, certSerialId: null}, Type:RATIS, Factor:ONE, State:CLOSED] moved to CLOSED state
2019-09-17 05:39:47,416 [ForkJoinPool.commonPool-worker-1] INFO  ozoneimpl.OzoneContainer (OzoneContainer.java:stop(231)) - Attempting to stop container services.
2019-09-17 05:39:47,420 [ForkJoinPool.commonPool-worker-1] INFO  impl.RaftServerProxy (RaftServerProxy.java:lambda$close$4(314)) - 6f64a23a-10c8-4f60-bb77-ad5952414a87: close
2019-09-17 05:39:47,420 [ForkJoinPool.commonPool-worker-1] INFO  impl.RaftServerImpl (RaftServerImpl.java:lambda$shutdown$3(251)) - 6f64a23a-10c8-4f60-bb77-ad5952414a87@group-AD9369A79441: shutdown
2019-09-17 05:39:47,420 [ForkJoinPool.commonPool-worker-1] INFO  util.JmxRegister (JmxRegister.java:unregister(73)) - Successfully un-registered JMX Bean with object name Ratis:service=RaftServer,group=group-AD9369A79441,id=6f64a23a-10c8-4f60-bb77-ad5952414a87
2019-09-17 05:39:47,421 [ForkJoinPool.commonPool-worker-1] INFO  impl.RoleInfo (RoleInfo.java:shutdownLeaderState(104)) - 6f64a23a-10c8-4f60-bb77-ad5952414a87: shutdown LeaderState
2019-09-17 05:39:47,426 [ForkJoinPool.commonPool-worker-1] INFO  impl.PendingRequests (PendingRequests.java:sendNotLeaderResponses(202)) - 6f64a23a-10c8-4f60-bb77-ad5952414a87-PendingRequests: sendNotLeaderResponses
2019-09-17 05:39:47,426 [org.apache.ratis.server.impl.LogAppender$AppenderDaemon$$Lambda$509/1686191653@5db5b947] WARN  server.GrpcLogAppender (GrpcLogAppender.java:mayWait(143)) - 6f64a23a-10c8-4f60-bb77-ad5952414a87@group-AD9369A79441->83c5c86f-4f0f-49a9-8168-55da465a77cb-GrpcLogAppender: Wait interrupted by java.lang.InterruptedException
2019-09-17 05:39:47,426 [org.apache.ratis.server.impl.LogAppender$AppenderDaemon$$Lambda$509/1686191653@35e870c3] WARN  server.GrpcLogAppender (GrpcLogAppender.java:mayWait(143)) - 6f64a23a-10c8-4f60-bb77-ad5952414a87@group-AD9369A79441->3bf073f2-310e-4683-a6c8-b828172024b1-GrpcLogAppender: Wait interrupted by java.lang.InterruptedException
2019-09-17 05:39:47,431 [ForkJoinPool.commonPool-worker-1] INFO  impl.StateMachineUpdater (StateMachineUpdater.java:stopAndJoin(125)) - 6f64a23a-10c8-4f60-bb77-ad5952414a87@group-AD9369A79441-StateMachineUpdater: set stopIndex = 4
2019-09-17 05:39:47,432 [grpc-default-executor-12] INFO  server.GrpcServerProtocolService (GrpcServerProtocolService.java:onCompleted(113)) - 83c5c86f-4f0f-49a9-8168-55da465a77cb: Completed APPEND_ENTRIES, lastRequest: 6f64a23a-10c8-4f60-bb77-ad5952414a87->83c5c86f-4f0f-49a9-8168-55da465a77cb#10-t1, previous=(t:1, i:4), leaderCommit=4, initializing? false, entries: <empty>
2019-09-17 05:39:47,432 [6f64a23a-10c8-4f60-bb77-ad5952414a87@group-AD9369A79441-StateMachineUpdater] INFO  ratis.ContainerStateMachine (ContainerStateMachine.java:takeSnapshot(289)) - group-AD9369A79441: Taking a snapshot at:(t:1, i:4) file /workdir/hadoop-ozone/integration-test/target/test-dir/MiniOzoneClusterImpl-19ed16c9-28cb-4873-91f5-e899d205af27/datanode-2/data/ratis/ded81a5e-3662-4c76-9653-ad9369a79441/sm/snapshot.1_4
2019-09-17 05:39:47,432 [grpc-default-executor-13] INFO  server.GrpcLogAppender (GrpcLogAppender.java:onCompleted(293)) - 6f64a23a-10c8-4f60-bb77-ad5952414a87@group-AD9369A79441->83c5c86f-4f0f-49a9-8168-55da465a77cb-AppendLogResponseHandler: follower responses appendEntries COMPLETED
2019-09-17 05:39:47,433 [main] INFO  ozoneimpl.OzoneContainer (OzoneContainer.java:stop(231)) - Attempting to stop container services.
2019-09-17 05:39:47,433 [grpc-default-executor-13] INFO  impl.FollowerInfo (FollowerInfo.java:lambda$new$0(51)) - 6f64a23a-10c8-4f60-bb77-ad5952414a87@group-AD9369A79441->83c5c86f-4f0f-49a9-8168-55da465a77cb: nextIndex: updateUnconditionally 5 -> 4
2019-09-17 05:39:47,434 [main] INFO  impl.RaftServerProxy (RaftServerProxy.java:lambda$close$4(314)) - 263cca29-ebb5-4194-b7b5-686bd85c6f18: close
2019-09-17 05:39:47,434 [main] INFO  impl.RaftServerImpl (RaftServerImpl.java:lambda$shutdown$3(251)) - 263cca29-ebb5-4194-b7b5-686bd85c6f18@group-337BF6B08397: shutdown
2019-09-17 05:39:47,434 [main] INFO  util.JmxRegister (JmxRegister.java:unregister(73)) - Successfully un-registered JMX Bean with object name Ratis:service=RaftServer,group=group-337BF6B08397,id=263cca29-ebb5-4194-b7b5-686bd85c6f18
2019-09-17 05:39:47,435 [main] INFO  impl.RoleInfo (RoleInfo.java:shutdownLeaderState(104)) - 263cca29-ebb5-4194-b7b5-686bd85c6f18: shutdown LeaderState
2019-09-17 05:39:47,435 [main] INFO  impl.PendingRequests (PendingRequests.java:sendNotLeaderResponses(202)) - 263cca29-ebb5-4194-b7b5-686bd85c6f18-PendingRequests: sendNotLeaderResponses
2019-09-17 05:39:47,435 [main] INFO  impl.StateMachineUpdater (StateMachineUpdater.java:stopAndJoin(125)) - 263cca29-ebb5-4194-b7b5-686bd85c6f18@group-337BF6B08397-StateMachineUpdater: set stopIndex = 0
2019-09-17 05:39:47,436 [main] INFO  impl.RaftServerImpl (ServerState.java:close(385)) - 263cca29-ebb5-4194-b7b5-686bd85c6f18@group-337BF6B08397: closes. applyIndex: 0
2019-09-17 05:39:47,436 [263cca29-ebb5-4194-b7b5-686bd85c6f18@group-337BF6B08397-SegmentedRaftLogWorker] INFO  segmented.SegmentedRaftLogWorker (SegmentedRaftLogWorker.java:run(313)) - 263cca29-ebb5-4194-b7b5-686bd85c6f18@group-337BF6B08397-SegmentedRaftLogWorker was interrupted, exiting. There are 0 tasks remaining in the queue.
2019-09-17 05:39:47,437 [main] INFO  segmented.SegmentedRaftLogWorker (SegmentedRaftLogWorker.java:close(228)) - 263cca29-ebb5-4194-b7b5-686bd85c6f18@group-337BF6B08397-SegmentedRaftLogWorker close()
2019-09-17 05:39:47,439 [main] INFO  server.GrpcService (GrpcService.java:closeImpl(164)) - 263cca29-ebb5-4194-b7b5-686bd85c6f18: shutdown server with port 45666 now
2019-09-17 05:39:47,445 [main] INFO  server.GrpcService (GrpcService.java:closeImpl(172)) - 263cca29-ebb5-4194-b7b5-686bd85c6f18: shutdown server with port 45666 successfully
2019-09-17 05:39:47,448 [refreshUsed-/workdir/hadoop-ozone/integration-test/target/test-dir/MiniOzoneClusterImpl-19ed16c9-28cb-4873-91f5-e899d205af27/datanode-3/data/containers] WARN  fs.CachingGetSpaceUsed (CachingGetSpaceUsed.java:run(183)) - Thread Interrupted waiting to refresh disk information: sleep interrupted
2019-09-17 05:39:47,457 [6f64a23a-10c8-4f60-bb77-ad5952414a87@group-AD9369A79441-StateMachineUpdater] INFO  ratis.ContainerStateMachine (ContainerStateMachine.java:takeSnapshot(300)) - group-AD9369A79441: Finished taking a snapshot at:(t:1, i:4) file:/workdir/hadoop-ozone/integration-test/target/test-dir/MiniOzoneClusterImpl-19ed16c9-28cb-4873-91f5-e899d205af27/datanode-2/data/ratis/ded81a5e-3662-4c76-9653-ad9369a79441/sm/snapshot.1_4 time:26
2019-09-17 05:39:47,457 [6f64a23a-10c8-4f60-bb77-ad5952414a87@group-AD9369A79441-StateMachineUpdater] INFO  impl.StateMachineUpdater (StateMachineUpdater.java:takeSnapshot(258)) - 6f64a23a-10c8-4f60-bb77-ad5952414a87@group-AD9369A79441-StateMachineUpdater: Took a snapshot at index 4
2019-09-17 05:39:47,457 [6f64a23a-10c8-4f60-bb77-ad5952414a87@group-AD9369A79441-StateMachineUpdater] INFO  impl.StateMachineUpdater (StateMachineUpdater.java:lambda$new$0(83)) - 6f64a23a-10c8-4f60-bb77-ad5952414a87@group-AD9369A79441-StateMachineUpdater: snapshotIndex: updateIncreasingly -1 -> 4
2019-09-17 05:39:47,458 [ForkJoinPool.commonPool-worker-1] INFO  impl.RaftServerImpl (ServerState.java:close(385)) - 6f64a23a-10c8-4f60-bb77-ad5952414a87@group-AD9369A79441: closes. applyIndex: 4
2019-09-17 05:39:47,458 [6f64a23a-10c8-4f60-bb77-ad5952414a87@group-AD9369A79441-SegmentedRaftLogWorker] INFO  segmented.SegmentedRaftLogWorker (SegmentedRaftLogWorker.java:run(313)) - 6f64a23a-10c8-4f60-bb77-ad5952414a87@group-AD9369A79441-SegmentedRaftLogWorker was interrupted, exiting. There are 0 tasks remaining in the queue.
2019-09-17 05:39:47,458 [ForkJoinPool.commonPool-worker-1] INFO  segmented.SegmentedRaftLogWorker (SegmentedRaftLogWorker.java:close(228)) - 6f64a23a-10c8-4f60-bb77-ad5952414a87@group-AD9369A79441-SegmentedRaftLogWorker close()
2019-09-17 05:39:47,461 [ForkJoinPool.commonPool-worker-1] INFO  impl.RaftServerImpl (RaftServerImpl.java:lambda$shutdown$3(251)) - 6f64a23a-10c8-4f60-bb77-ad5952414a87@group-C2A154866FBA: shutdown
2019-09-17 05:39:47,461 [ForkJoinPool.commonPool-worker-1] INFO  util.JmxRegister (JmxRegister.java:unregister(73)) - Successfully un-registered JMX Bean with object name Ratis:service=RaftServer,group=group-C2A154866FBA,id=6f64a23a-10c8-4f60-bb77-ad5952414a87
2019-09-17 05:39:47,461 [ForkJoinPool.commonPool-worker-1] INFO  impl.RoleInfo (RoleInfo.java:shutdownLeaderState(104)) - 6f64a23a-10c8-4f60-bb77-ad5952414a87: shutdown LeaderState
2019-09-17 05:39:47,462 [ForkJoinPool.commonPool-worker-1] INFO  impl.PendingRequests (PendingRequests.java:sendNotLeaderResponses(202)) - 6f64a23a-10c8-4f60-bb77-ad5952414a87-PendingRequests: sendNotLeaderResponses
2019-09-17 05:39:47,462 [ForkJoinPool.commonPool-worker-1] INFO  impl.StateMachineUpdater (StateMachineUpdater.java:stopAndJoin(125)) - 6f64a23a-10c8-4f60-bb77-ad5952414a87@group-C2A154866FBA-StateMachineUpdater: set stopIndex = 0
2019-09-17 05:39:47,462 [ForkJoinPool.commonPool-worker-1] INFO  impl.RaftServerImpl (ServerState.java:close(385)) - 6f64a23a-10c8-4f60-bb77-ad5952414a87@group-C2A154866FBA: closes. applyIndex: 0
2019-09-17 05:39:47,462 [6f64a23a-10c8-4f60-bb77-ad5952414a87@group-C2A154866FBA-SegmentedRaftLogWorker] INFO  segmented.SegmentedRaftLogWorker (SegmentedRaftLogWorker.java:run(313)) - 6f64a23a-10c8-4f60-bb77-ad5952414a87@group-C2A154866FBA-SegmentedRaftLogWorker was interrupted, exiting. There are 0 tasks remaining in the queue.
2019-09-17 05:39:47,463 [ForkJoinPool.commonPool-worker-1] INFO  segmented.SegmentedRaftLogWorker (SegmentedRaftLogWorker.java:close(228)) - 6f64a23a-10c8-4f60-bb77-ad5952414a87@group-C2A154866FBA-SegmentedRaftLogWorker close()
2019-09-17 05:39:47,465 [ForkJoinPool.commonPool-worker-1] INFO  server.GrpcService (GrpcService.java:closeImpl(164)) - 6f64a23a-10c8-4f60-bb77-ad5952414a87: shutdown server with port 38852 now
2019-09-17 05:39:47,466 [ForkJoinPool.commonPool-worker-1] INFO  server.GrpcService (GrpcService.java:closeImpl(172)) - 6f64a23a-10c8-4f60-bb77-ad5952414a87: shutdown server with port 38852 successfully
2019-09-17 05:39:47,468 [refreshUsed-/workdir/hadoop-ozone/integration-test/target/test-dir/MiniOzoneClusterImpl-19ed16c9-28cb-4873-91f5-e899d205af27/datanode-2/data/containers] WARN  fs.CachingGetSpaceUsed (CachingGetSpaceUsed.java:run(183)) - Thread Interrupted waiting to refresh disk information: sleep interrupted
2019-09-17 05:39:47,474 [main] INFO  utils.BackgroundService (BackgroundService.java:shutdown(148)) - Shutting down service BlockDeletingService
2019-09-17 05:39:47,480 [main] INFO  statemachine.DatanodeStateMachine (DatanodeStateMachine.java:stopDaemon(395)) - Ozone container server stopped.
2019-09-17 05:39:47,481 [main] INFO  handler.ContextHandler (ContextHandler.java:doStop(910)) - Stopped o.e.j.w.WebAppContext@67c21bf{/,null,UNAVAILABLE}{/hddsDatanode}
2019-09-17 05:39:47,482 [main] INFO  server.AbstractConnector (AbstractConnector.java:doStop(318)) - Stopped ServerConnector@67afe909{HTTP/1.1,[http/1.1]}{0.0.0.0:0}
2019-09-17 05:39:47,482 [main] INFO  handler.ContextHandler (ContextHandler.java:doStop(910)) - Stopped o.e.j.s.ServletContextHandler@30517a57{/static,jar:file:/home/user/.m2/repository/org/apache/hadoop/hadoop-hdds-container-service/0.5.0-SNAPSHOT/hadoop-hdds-container-service-0.5.0-SNAPSHOT.jar!/webapps/static,UNAVAILABLE}
2019-09-17 05:39:47,483 [main] INFO  handler.ContextHandler (ContextHandler.java:doStop(910)) - Stopped o.e.j.s.ServletContextHandler@5c33008f{/logs,file:///workdir/hadoop-ozone/integration-test/target/log,UNAVAILABLE}
2019-09-17 05:39:47,487 [ForkJoinPool.commonPool-worker-1] INFO  utils.BackgroundService (BackgroundService.java:shutdown(148)) - Shutting down service BlockDeletingService
2019-09-17 05:39:47,492 [ForkJoinPool.commonPool-worker-1] INFO  statemachine.DatanodeStateMachine (DatanodeStateMachine.java:stopDaemon(395)) - Ozone container server stopped.
2019-09-17 05:39:47,495 [ForkJoinPool.commonPool-worker-1] INFO  handler.ContextHandler (ContextHandler.java:doStop(910)) - Stopped o.e.j.w.WebAppContext@51f01535{/,null,UNAVAILABLE}{/hddsDatanode}
2019-09-17 05:39:47,495 [ForkJoinPool.commonPool-worker-1] INFO  server.AbstractConnector (AbstractConnector.java:doStop(318)) - Stopped ServerConnector@2321e482{HTTP/1.1,[http/1.1]}{0.0.0.0:0}
2019-09-17 05:39:47,497 [ForkJoinPool.commonPool-worker-1] INFO  handler.ContextHandler (ContextHandler.java:doStop(910)) - Stopped o.e.j.s.ServletContextHandler@c262f2f{/static,jar:file:/home/user/.m2/repository/org/apache/hadoop/hadoop-hdds-container-service/0.5.0-SNAPSHOT/hadoop-hdds-container-service-0.5.0-SNAPSHOT.jar!/webapps/static,UNAVAILABLE}
2019-09-17 05:39:47,498 [ForkJoinPool.commonPool-worker-1] INFO  handler.ContextHandler (ContextHandler.java:doStop(910)) - Stopped o.e.j.s.ServletContextHandler@308e87a1{/logs,file:///workdir/hadoop-ozone/integration-test/target/log,UNAVAILABLE}
2019-09-17 05:39:47,731 [Datanode State Machine Thread - 0] INFO  statemachine.DatanodeStateMachine (DatanodeStateMachine.java:lambda$startDaemon$0(350)) - Ozone container server started.
2019-09-17 05:39:48,189 [Datanode State Machine Thread - 0] INFO  statemachine.DatanodeStateMachine (DatanodeStateMachine.java:lambda$startDaemon$0(350)) - Ozone container server started.
2019-09-17 05:39:49,662 [Thread-4154] INFO  impl.FollowerState (FollowerState.java:run(106)) - 753e4218-28df-4084-bc35-1bcb706ff054:group-DAEE684F5880 changes to CANDIDATE, lastRpcTime:9686, electionTimeout:5004ms
2019-09-17 05:39:49,663 [Thread-4154] INFO  impl.RoleInfo (RoleInfo.java:shutdownFollowerState(121)) - 753e4218-28df-4084-bc35-1bcb706ff054: shutdown FollowerState
2019-09-17 05:39:49,663 [Thread-4154] INFO  impl.RaftServerImpl (RaftServerImpl.java:setRole(174)) - 753e4218-28df-4084-bc35-1bcb706ff054@group-DAEE684F5880: changes role from  FOLLOWER to CANDIDATE at term 1 for changeToCandidate
2019-09-17 05:39:49,663 [Thread-4154] INFO  impl.RoleInfo (RoleInfo.java:updateAndGet(143)) - 753e4218-28df-4084-bc35-1bcb706ff054: start LeaderElection
2019-09-17 05:39:49,683 [753e4218-28df-4084-bc35-1bcb706ff054@group-DAEE684F5880:LeaderElection114] INFO  impl.RaftServerImpl (ServerState.java:setLeader(253)) - 753e4218-28df-4084-bc35-1bcb706ff054@group-DAEE684F5880: change Leader from 709477b2-7a5d-4422-82d7-7ceaa516784a to null at term 1 for initElection
2019-09-17 05:39:49,699 [753e4218-28df-4084-bc35-1bcb706ff054@group-DAEE684F5880:LeaderElection114] INFO  impl.LeaderElection (LeaderElection.java:askForVotes(182)) - 753e4218-28df-4084-bc35-1bcb706ff054@group-DAEE684F5880:LeaderElection114: begin an election at term 2 for 0: [0076424b-dbc7-4d88-ac92-4910588e0078:192.168.69.122:37240, 753e4218-28df-4084-bc35-1bcb706ff054:192.168.69.122:35314, 709477b2-7a5d-4422-82d7-7ceaa516784a:192.168.69.122:34521], old=null
2019-09-17 05:39:49,706 [753e4218-28df-4084-bc35-1bcb706ff054@group-DAEE684F5880:LeaderElection114] INFO  impl.LeaderElection (LogUtils.java:infoOrTrace(149)) - 753e4218-28df-4084-bc35-1bcb706ff054@group-DAEE684F5880:LeaderElection114 got exception when requesting votes: {}
java.util.concurrent.ExecutionException: org.apache.ratis.thirdparty.io.grpc.StatusRuntimeException: UNAVAILABLE: io exception
	at java.util.concurrent.FutureTask.report(FutureTask.java:122)
	at java.util.concurrent.FutureTask.get(FutureTask.java:192)
	at org.apache.ratis.server.impl.LeaderElection.waitForResults(LeaderElection.java:263)
	at org.apache.ratis.server.impl.LeaderElection.askForVotes(LeaderElection.java:201)
	at org.apache.ratis.server.impl.LeaderElection.run(LeaderElection.java:133)
	at java.lang.Thread.run(Thread.java:748)
Caused by: org.apache.ratis.thirdparty.io.grpc.StatusRuntimeException: UNAVAILABLE: io exception
	at org.apache.ratis.thirdparty.io.grpc.stub.ClientCalls.toStatusRuntimeException(ClientCalls.java:233)
	at org.apache.ratis.thirdparty.io.grpc.stub.ClientCalls.getUnchecked(ClientCalls.java:214)
	at org.apache.ratis.thirdparty.io.grpc.stub.ClientCalls.blockingUnaryCall(ClientCalls.java:139)
	at org.apache.ratis.proto.grpc.RaftServerProtocolServiceGrpc$RaftServerProtocolServiceBlockingStub.requestVote(RaftServerProtocolServiceGrpc.java:265)
	at org.apache.ratis.grpc.server.GrpcServerProtocolClient.requestVote(GrpcServerProtocolClient.java:90)
	at org.apache.ratis.grpc.server.GrpcService.requestVote(GrpcService.java:204)
	at org.apache.ratis.server.impl.LeaderElection.lambda$submitRequests$1(LeaderElection.java:238)
	at java.util.concurrent.FutureTask.run(FutureTask.java:266)
	at java.util.concurrent.Executors$RunnableAdapter.call(Executors.java:511)
	at java.util.concurrent.FutureTask.run(FutureTask.java:266)
	at java.util.concurrent.ThreadPoolExecutor.runWorker(ThreadPoolExecutor.java:1149)
	at java.util.concurrent.ThreadPoolExecutor$Worker.run(ThreadPoolExecutor.java:624)
	... 1 more
Caused by: org.apache.ratis.thirdparty.io.netty.channel.AbstractChannel$AnnotatedConnectException: Connection refused: /192.168.69.122:34521
	at sun.nio.ch.SocketChannelImpl.checkConnect(Native Method)
	at sun.nio.ch.SocketChannelImpl.finishConnect(SocketChannelImpl.java:717)
	at org.apache.ratis.thirdparty.io.netty.channel.socket.nio.NioSocketChannel.doFinishConnect(NioSocketChannel.java:327)
	at org.apache.ratis.thirdparty.io.netty.channel.nio.AbstractNioChannel$AbstractNioUnsafe.finishConnect(AbstractNioChannel.java:340)
	at org.apache.ratis.thirdparty.io.netty.channel.nio.NioEventLoop.processSelectedKey(NioEventLoop.java:632)
	at org.apache.ratis.thirdparty.io.netty.channel.nio.NioEventLoop.processSelectedKeysOptimized(NioEventLoop.java:579)
	at org.apache.ratis.thirdparty.io.netty.channel.nio.NioEventLoop.processSelectedKeys(NioEventLoop.java:496)
	at org.apache.ratis.thirdparty.io.netty.channel.nio.NioEventLoop.run(NioEventLoop.java:458)
	at org.apache.ratis.thirdparty.io.netty.util.concurrent.SingleThreadEventExecutor$5.run(SingleThreadEventExecutor.java:897)
	at org.apache.ratis.thirdparty.io.netty.util.concurrent.FastThreadLocalRunnable.run(FastThreadLocalRunnable.java:30)
	... 1 more
Caused by: java.net.ConnectException: Connection refused
	... 11 more
2019-09-17 05:39:49,712 [grpc-default-executor-12] INFO  impl.RaftServerImpl (ServerState.java:setLeader(253)) - 0076424b-dbc7-4d88-ac92-4910588e0078@group-DAEE684F5880: change Leader from 709477b2-7a5d-4422-82d7-7ceaa516784a to null at term 2 for updateCurrentTerm
2019-09-17 05:39:49,712 [grpc-default-executor-12] INFO  impl.RaftServerImpl (RaftServerImpl.java:setRole(174)) - 0076424b-dbc7-4d88-ac92-4910588e0078@group-DAEE684F5880: changes role from  FOLLOWER to FOLLOWER at term 2 for recognizeCandidate:753e4218-28df-4084-bc35-1bcb706ff054
2019-09-17 05:39:49,712 [grpc-default-executor-12] INFO  impl.RoleInfo (RoleInfo.java:shutdownFollowerState(121)) - 0076424b-dbc7-4d88-ac92-4910588e0078: shutdown FollowerState
2019-09-17 05:39:49,712 [grpc-default-executor-12] INFO  impl.RoleInfo (RoleInfo.java:updateAndGet(143)) - 0076424b-dbc7-4d88-ac92-4910588e0078: start FollowerState
2019-09-17 05:39:49,712 [Thread-4153] INFO  impl.FollowerState (FollowerState.java:run(115)) - 0076424b-dbc7-4d88-ac92-4910588e0078: FollowerState was interrupted: java.lang.InterruptedException: sleep interrupted
2019-09-17 05:39:49,726 [753e4218-28df-4084-bc35-1bcb706ff054@group-DAEE684F5880:LeaderElection114] INFO  impl.LeaderElection (LeaderElection.java:logAndReturn(56)) - 753e4218-28df-4084-bc35-1bcb706ff054@group-DAEE684F5880:LeaderElection114: Election PASSED; received 1 response(s) [753e4218-28df-4084-bc35-1bcb706ff054<-0076424b-dbc7-4d88-ac92-4910588e0078#0:OK-t2] and 1 exception(s); 753e4218-28df-4084-bc35-1bcb706ff054@group-DAEE684F5880:t2, leader=null, voted=753e4218-28df-4084-bc35-1bcb706ff054, raftlog=753e4218-28df-4084-bc35-1bcb706ff054@group-DAEE684F5880-SegmentedRaftLog:OPENED:c15,f15,i15, conf=0: [0076424b-dbc7-4d88-ac92-4910588e0078:192.168.69.122:37240, 753e4218-28df-4084-bc35-1bcb706ff054:192.168.69.122:35314, 709477b2-7a5d-4422-82d7-7ceaa516784a:192.168.69.122:34521], old=null
2019-09-17 05:39:49,727 [753e4218-28df-4084-bc35-1bcb706ff054@group-DAEE684F5880:LeaderElection114] INFO  impl.LeaderElection (LogUtils.java:infoOrTrace(149)) -   Exception 0: {}
java.util.concurrent.ExecutionException: org.apache.ratis.thirdparty.io.grpc.StatusRuntimeException: UNAVAILABLE: io exception
	at java.util.concurrent.FutureTask.report(FutureTask.java:122)
	at java.util.concurrent.FutureTask.get(FutureTask.java:192)
	at org.apache.ratis.server.impl.LeaderElection.waitForResults(LeaderElection.java:263)
	at org.apache.ratis.server.impl.LeaderElection.askForVotes(LeaderElection.java:201)
	at org.apache.ratis.server.impl.LeaderElection.run(LeaderElection.java:133)
	at java.lang.Thread.run(Thread.java:748)
Caused by: org.apache.ratis.thirdparty.io.grpc.StatusRuntimeException: UNAVAILABLE: io exception
	at org.apache.ratis.thirdparty.io.grpc.stub.ClientCalls.toStatusRuntimeException(ClientCalls.java:233)
	at org.apache.ratis.thirdparty.io.grpc.stub.ClientCalls.getUnchecked(ClientCalls.java:214)
	at org.apache.ratis.thirdparty.io.grpc.stub.ClientCalls.blockingUnaryCall(ClientCalls.java:139)
	at org.apache.ratis.proto.grpc.RaftServerProtocolServiceGrpc$RaftServerProtocolServiceBlockingStub.requestVote(RaftServerProtocolServiceGrpc.java:265)
	at org.apache.ratis.grpc.server.GrpcServerProtocolClient.requestVote(GrpcServerProtocolClient.java:90)
	at org.apache.ratis.grpc.server.GrpcService.requestVote(GrpcService.java:204)
	at org.apache.ratis.server.impl.LeaderElection.lambda$submitRequests$1(LeaderElection.java:238)
	at java.util.concurrent.FutureTask.run(FutureTask.java:266)
	at java.util.concurrent.Executors$RunnableAdapter.call(Executors.java:511)
	at java.util.concurrent.FutureTask.run(FutureTask.java:266)
	at java.util.concurrent.ThreadPoolExecutor.runWorker(ThreadPoolExecutor.java:1149)
	at java.util.concurrent.ThreadPoolExecutor$Worker.run(ThreadPoolExecutor.java:624)
	... 1 more
Caused by: org.apache.ratis.thirdparty.io.netty.channel.AbstractChannel$AnnotatedConnectException: Connection refused: /192.168.69.122:34521
	at sun.nio.ch.SocketChannelImpl.checkConnect(Native Method)
	at sun.nio.ch.SocketChannelImpl.finishConnect(SocketChannelImpl.java:717)
	at org.apache.ratis.thirdparty.io.netty.channel.socket.nio.NioSocketChannel.doFinishConnect(NioSocketChannel.java:327)
	at org.apache.ratis.thirdparty.io.netty.channel.nio.AbstractNioChannel$AbstractNioUnsafe.finishConnect(AbstractNioChannel.java:340)
	at org.apache.ratis.thirdparty.io.netty.channel.nio.NioEventLoop.processSelectedKey(NioEventLoop.java:632)
	at org.apache.ratis.thirdparty.io.netty.channel.nio.NioEventLoop.processSelectedKeysOptimized(NioEventLoop.java:579)
	at org.apache.ratis.thirdparty.io.netty.channel.nio.NioEventLoop.processSelectedKeys(NioEventLoop.java:496)
	at org.apache.ratis.thirdparty.io.netty.channel.nio.NioEventLoop.run(NioEventLoop.java:458)
	at org.apache.ratis.thirdparty.io.netty.util.concurrent.SingleThreadEventExecutor$5.run(SingleThreadEventExecutor.java:897)
	at org.apache.ratis.thirdparty.io.netty.util.concurrent.FastThreadLocalRunnable.run(FastThreadLocalRunnable.java:30)
	... 1 more
Caused by: java.net.ConnectException: Connection refused
	... 11 more
2019-09-17 05:39:49,727 [753e4218-28df-4084-bc35-1bcb706ff054@group-DAEE684F5880:LeaderElection114] INFO  impl.RoleInfo (RoleInfo.java:shutdownLeaderElection(134)) - 753e4218-28df-4084-bc35-1bcb706ff054: shutdown LeaderElection
2019-09-17 05:39:49,727 [753e4218-28df-4084-bc35-1bcb706ff054@group-DAEE684F5880:LeaderElection114] INFO  impl.RaftServerImpl (RaftServerImpl.java:setRole(174)) - 753e4218-28df-4084-bc35-1bcb706ff054@group-DAEE684F5880: changes role from CANDIDATE to LEADER at term 2 for changeToLeader
2019-09-17 05:39:49,727 [753e4218-28df-4084-bc35-1bcb706ff054@group-DAEE684F5880:LeaderElection114] INFO  impl.RaftServerImpl (ServerState.java:setLeader(253)) - 753e4218-28df-4084-bc35-1bcb706ff054@group-DAEE684F5880: change Leader from null to 753e4218-28df-4084-bc35-1bcb706ff054 at term 2 for becomeLeader, leader elected after 44ms
2019-09-17 05:39:49,728 [753e4218-28df-4084-bc35-1bcb706ff054@group-DAEE684F5880:LeaderElection114] INFO  server.RaftServerConfigKeys (ConfUtils.java:logGet(43)) - raft.server.staging.catchup.gap = 1000 (default)
2019-09-17 05:39:49,728 [753e4218-28df-4084-bc35-1bcb706ff054@group-DAEE684F5880:LeaderElection114] INFO  server.RaftServerConfigKeys (ConfUtils.java:logGet(43)) - raft.server.rpc.sleep.time = 25ms (default)
2019-09-17 05:39:49,728 [753e4218-28df-4084-bc35-1bcb706ff054@group-DAEE684F5880:LeaderElection114] INFO  server.RaftServerConfigKeys (ConfUtils.java:logGet(43)) - raft.server.write.element-limit = 4096 (default)
2019-09-17 05:39:49,728 [753e4218-28df-4084-bc35-1bcb706ff054@group-DAEE684F5880:LeaderElection114] INFO  server.RaftServerConfigKeys (ConfUtils.java:logGet(43)) - raft.server.watch.timeout = 10s (default)
2019-09-17 05:39:49,728 [753e4218-28df-4084-bc35-1bcb706ff054@group-DAEE684F5880:LeaderElection114] INFO  server.RaftServerConfigKeys (ConfUtils.java:logGet(43)) - raft.server.watch.timeout.denomination = 1s (default)
2019-09-17 05:39:49,728 [753e4218-28df-4084-bc35-1bcb706ff054@group-DAEE684F5880:LeaderElection114] INFO  server.RaftServerConfigKeys (ConfUtils.java:logGet(43)) - raft.server.watch.element-limit = 65536 (default)
2019-09-17 05:39:49,733 [753e4218-28df-4084-bc35-1bcb706ff054@group-DAEE684F5880:LeaderElection114] INFO  server.RaftServerConfigKeys (ConfUtils.java:logGet(43)) - raft.server.log.appender.snapshot.chunk.size.max = 16MB (=16777216) (default)
2019-09-17 05:39:49,733 [753e4218-28df-4084-bc35-1bcb706ff054@group-DAEE684F5880:LeaderElection114] INFO  server.RaftServerConfigKeys (ConfUtils.java:logGet(43)) - raft.server.log.appender.buffer.byte-limit = 33554432 (custom)
2019-09-17 05:39:49,733 [753e4218-28df-4084-bc35-1bcb706ff054@group-DAEE684F5880:LeaderElection114] INFO  server.RaftServerConfigKeys (ConfUtils.java:logGet(43)) - raft.server.log.appender.buffer.element-limit = 1 (custom)
2019-09-17 05:39:49,734 [753e4218-28df-4084-bc35-1bcb706ff054@group-DAEE684F5880:LeaderElection114] INFO  grpc.GrpcConfigKeys$Server (ConfUtils.java:logGet(43)) - raft.grpc.server.leader.outstanding.appends.max = 128 (default)
2019-09-17 05:39:49,734 [753e4218-28df-4084-bc35-1bcb706ff054@group-DAEE684F5880:LeaderElection114] INFO  server.RaftServerConfigKeys (ConfUtils.java:logGet(43)) - raft.server.rpc.request.timeout = 3000ms (default)
2019-09-17 05:39:49,734 [753e4218-28df-4084-bc35-1bcb706ff054@group-DAEE684F5880:LeaderElection114] INFO  server.RaftServerConfigKeys (ConfUtils.java:logGet(43)) - raft.server.log.appender.install.snapshot.enabled = false (custom)
2019-09-17 05:39:49,734 [753e4218-28df-4084-bc35-1bcb706ff054@group-DAEE684F5880:LeaderElection114] INFO  server.RaftServerConfigKeys (ConfUtils.java:logGet(43)) - raft.server.log.appender.snapshot.chunk.size.max = 16MB (=16777216) (default)
2019-09-17 05:39:49,735 [753e4218-28df-4084-bc35-1bcb706ff054@group-DAEE684F5880:LeaderElection114] INFO  server.RaftServerConfigKeys (ConfUtils.java:logGet(43)) - raft.server.log.appender.buffer.byte-limit = 33554432 (custom)
2019-09-17 05:39:49,735 [753e4218-28df-4084-bc35-1bcb706ff054@group-DAEE684F5880:LeaderElection114] INFO  server.RaftServerConfigKeys (ConfUtils.java:logGet(43)) - raft.server.log.appender.buffer.element-limit = 1 (custom)
2019-09-17 05:39:49,735 [753e4218-28df-4084-bc35-1bcb706ff054@group-DAEE684F5880:LeaderElection114] INFO  grpc.GrpcConfigKeys$Server (ConfUtils.java:logGet(43)) - raft.grpc.server.leader.outstanding.appends.max = 128 (default)
2019-09-17 05:39:49,735 [753e4218-28df-4084-bc35-1bcb706ff054@group-DAEE684F5880:LeaderElection114] INFO  server.RaftServerConfigKeys (ConfUtils.java:logGet(43)) - raft.server.rpc.request.timeout = 3000ms (default)
2019-09-17 05:39:49,735 [753e4218-28df-4084-bc35-1bcb706ff054@group-DAEE684F5880:LeaderElection114] INFO  server.RaftServerConfigKeys (ConfUtils.java:logGet(43)) - raft.server.log.appender.install.snapshot.enabled = false (custom)
2019-09-17 05:39:49,736 [753e4218-28df-4084-bc35-1bcb706ff054@group-DAEE684F5880:LeaderElection114] INFO  impl.RoleInfo (RoleInfo.java:updateAndGet(143)) - 753e4218-28df-4084-bc35-1bcb706ff054: start LeaderState
2019-09-17 05:39:49,736 [753e4218-28df-4084-bc35-1bcb706ff054@group-DAEE684F5880:LeaderElection114] INFO  segmented.SegmentedRaftLogWorker (SegmentedRaftLogWorker.java:rollLogSegment(385)) - 753e4218-28df-4084-bc35-1bcb706ff054@group-DAEE684F5880-SegmentedRaftLogWorker: Rolling segment log-0_15 to index:15
2019-09-17 05:39:49,737 [753e4218-28df-4084-bc35-1bcb706ff054@group-DAEE684F5880-SegmentedRaftLogWorker] INFO  segmented.SegmentedRaftLogWorker (SegmentedRaftLogWorker.java:execute(526)) - 753e4218-28df-4084-bc35-1bcb706ff054@group-DAEE684F5880-SegmentedRaftLogWorker: Rolled log segment from /workdir/hadoop-ozone/integration-test/target/test-dir/MiniOzoneClusterImpl-19ed16c9-28cb-4873-91f5-e899d205af27/datanode-6/data/ratis/06f251e7-f9c0-409d-aa57-daee684f5880/current/log_inprogress_0 to /workdir/hadoop-ozone/integration-test/target/test-dir/MiniOzoneClusterImpl-19ed16c9-28cb-4873-91f5-e899d205af27/datanode-6/data/ratis/06f251e7-f9c0-409d-aa57-daee684f5880/current/log_0-15
2019-09-17 05:39:49,740 [753e4218-28df-4084-bc35-1bcb706ff054@group-DAEE684F5880:LeaderElection114] INFO  impl.RaftServerImpl (ServerState.java:setRaftConf(354)) - 753e4218-28df-4084-bc35-1bcb706ff054@group-DAEE684F5880: set configuration 16: [0076424b-dbc7-4d88-ac92-4910588e0078:192.168.69.122:37240, 753e4218-28df-4084-bc35-1bcb706ff054:192.168.69.122:35314, 709477b2-7a5d-4422-82d7-7ceaa516784a:192.168.69.122:34521], old=null at 16
2019-09-17 05:39:49,740 [grpc-default-executor-12] WARN  server.GrpcLogAppender (LogUtils.java:warn(134)) - 753e4218-28df-4084-bc35-1bcb706ff054@group-DAEE684F5880->709477b2-7a5d-4422-82d7-7ceaa516784a-AppendLogResponseHandler: Failed appendEntries: org.apache.ratis.thirdparty.io.grpc.StatusRuntimeException: UNAVAILABLE: io exception
2019-09-17 05:39:49,774 [grpc-default-executor-12] INFO  impl.FollowerInfo (FollowerInfo.java:lambda$new$0(51)) - 753e4218-28df-4084-bc35-1bcb706ff054@group-DAEE684F5880->709477b2-7a5d-4422-82d7-7ceaa516784a: nextIndex: updateUnconditionally 16 -> 1
2019-09-17 05:39:49,775 [grpc-default-executor-12] INFO  impl.RaftServerImpl (ServerState.java:setLeader(253)) - 0076424b-dbc7-4d88-ac92-4910588e0078@group-DAEE684F5880: change Leader from null to 753e4218-28df-4084-bc35-1bcb706ff054 at term 2 for appendEntries, leader elected after 63ms
2019-09-17 05:39:49,778 [grpc-default-executor-12] INFO  impl.RaftServerImpl (ServerState.java:setRaftConf(354)) - 0076424b-dbc7-4d88-ac92-4910588e0078@group-DAEE684F5880: set configuration 16: [0076424b-dbc7-4d88-ac92-4910588e0078:192.168.69.122:37240, 753e4218-28df-4084-bc35-1bcb706ff054:192.168.69.122:35314, 709477b2-7a5d-4422-82d7-7ceaa516784a:192.168.69.122:34521], old=null at 16
2019-09-17 05:39:49,778 [grpc-default-executor-12] INFO  segmented.SegmentedRaftLogWorker (SegmentedRaftLogWorker.java:rollLogSegment(385)) - 0076424b-dbc7-4d88-ac92-4910588e0078@group-DAEE684F5880-SegmentedRaftLogWorker: Rolling segment log-0_15 to index:15
2019-09-17 05:39:49,779 [0076424b-dbc7-4d88-ac92-4910588e0078@group-DAEE684F5880-SegmentedRaftLogWorker] INFO  segmented.SegmentedRaftLogWorker (SegmentedRaftLogWorker.java:execute(526)) - 0076424b-dbc7-4d88-ac92-4910588e0078@group-DAEE684F5880-SegmentedRaftLogWorker: Rolled log segment from /workdir/hadoop-ozone/integration-test/target/test-dir/MiniOzoneClusterImpl-19ed16c9-28cb-4873-91f5-e899d205af27/datanode-5/data/ratis/06f251e7-f9c0-409d-aa57-daee684f5880/current/log_inprogress_0 to /workdir/hadoop-ozone/integration-test/target/test-dir/MiniOzoneClusterImpl-19ed16c9-28cb-4873-91f5-e899d205af27/datanode-5/data/ratis/06f251e7-f9c0-409d-aa57-daee684f5880/current/log_0-15
2019-09-17 05:39:49,781 [grpc-default-executor-13] WARN  server.GrpcLogAppender (LogUtils.java:warn(134)) - 753e4218-28df-4084-bc35-1bcb706ff054@group-DAEE684F5880->709477b2-7a5d-4422-82d7-7ceaa516784a-AppendLogResponseHandler: Failed appendEntries: org.apache.ratis.thirdparty.io.grpc.StatusRuntimeException: UNAVAILABLE: io exception
2019-09-17 05:39:49,782 [grpc-default-executor-13] INFO  impl.FollowerInfo (FollowerInfo.java:lambda$new$0(51)) - 753e4218-28df-4084-bc35-1bcb706ff054@group-DAEE684F5880->709477b2-7a5d-4422-82d7-7ceaa516784a: nextIndex: updateUnconditionally 2 -> 1
2019-09-17 05:39:49,785 [753e4218-28df-4084-bc35-1bcb706ff054@group-DAEE684F5880-SegmentedRaftLogWorker] INFO  segmented.SegmentedRaftLogWorker (SegmentedRaftLogWorker.java:execute(569)) - 753e4218-28df-4084-bc35-1bcb706ff054@group-DAEE684F5880-SegmentedRaftLogWorker: created new log segment /workdir/hadoop-ozone/integration-test/target/test-dir/MiniOzoneClusterImpl-19ed16c9-28cb-4873-91f5-e899d205af27/datanode-6/data/ratis/06f251e7-f9c0-409d-aa57-daee684f5880/current/log_inprogress_16
2019-09-17 05:39:49,825 [0076424b-dbc7-4d88-ac92-4910588e0078@group-DAEE684F5880-SegmentedRaftLogWorker] INFO  segmented.SegmentedRaftLogWorker (SegmentedRaftLogWorker.java:execute(569)) - 0076424b-dbc7-4d88-ac92-4910588e0078@group-DAEE684F5880-SegmentedRaftLogWorker: created new log segment /workdir/hadoop-ozone/integration-test/target/test-dir/MiniOzoneClusterImpl-19ed16c9-28cb-4873-91f5-e899d205af27/datanode-5/data/ratis/06f251e7-f9c0-409d-aa57-daee684f5880/current/log_inprogress_16
2019-09-17 05:39:49,842 [grpc-default-executor-14] WARN  server.GrpcLogAppender (LogUtils.java:warn(134)) - 753e4218-28df-4084-bc35-1bcb706ff054@group-DAEE684F5880->709477b2-7a5d-4422-82d7-7ceaa516784a-AppendLogResponseHandler: Failed appendEntries: org.apache.ratis.thirdparty.io.grpc.StatusRuntimeException: UNAVAILABLE: io exception
2019-09-17 05:39:49,843 [grpc-default-executor-14] INFO  impl.FollowerInfo (FollowerInfo.java:lambda$new$0(51)) - 753e4218-28df-4084-bc35-1bcb706ff054@group-DAEE684F5880->709477b2-7a5d-4422-82d7-7ceaa516784a: nextIndex: updateUnconditionally 2 -> 1
2019-09-17 05:39:49,849 [grpc-default-executor-13] WARN  server.GrpcLogAppender (LogUtils.java:warn(134)) - 753e4218-28df-4084-bc35-1bcb706ff054@group-DAEE684F5880->709477b2-7a5d-4422-82d7-7ceaa516784a-AppendLogResponseHandler: Failed appendEntries: org.apache.ratis.thirdparty.io.grpc.StatusRuntimeException: UNAVAILABLE: io exception
2019-09-17 05:39:49,850 [grpc-default-executor-13] INFO  impl.FollowerInfo (FollowerInfo.java:lambda$new$0(51)) - 753e4218-28df-4084-bc35-1bcb706ff054@group-DAEE684F5880->709477b2-7a5d-4422-82d7-7ceaa516784a: nextIndex: updateUnconditionally 2 -> 1
2019-09-17 05:39:51,775 [EventQueue-StaleNodeForStaleNodeHandler] INFO  node.StaleNodeHandler (StaleNodeHandler.java:onMessage(58)) - Datanode 753e4218-28df-4084-bc35-1bcb706ff054{ip: 192.168.69.122, host: trunk-nightly-20190917-29l5j-2509219610, networkLocation: /default-rack, certSerialId: null} moved to stale state. Finalizing its pipelines [PipelineID=7b0fd77d-0b6d-409d-80fb-8a12ee0b67e0, PipelineID=06f251e7-f9c0-409d-aa57-daee684f5880]
2019-09-17 05:39:51,776 [EventQueue-StaleNodeForStaleNodeHandler] INFO  pipeline.SCMPipelineManager (SCMPipelineManager.java:finalizeAndDestroyPipeline(311)) - destroying pipeline:Pipeline[ Id: 7b0fd77d-0b6d-409d-80fb-8a12ee0b67e0, Nodes: 753e4218-28df-4084-bc35-1bcb706ff054{ip: 192.168.69.122, host: trunk-nightly-20190917-29l5j-2509219610, networkLocation: /default-rack, certSerialId: null}, Type:RATIS, Factor:ONE, State:OPEN]
2019-09-17 05:39:51,776 [EventQueue-StaleNodeForStaleNodeHandler] INFO  pipeline.PipelineStateManager (PipelineStateManager.java:finalizePipeline(123)) - Pipeline Pipeline[ Id: 7b0fd77d-0b6d-409d-80fb-8a12ee0b67e0, Nodes: 753e4218-28df-4084-bc35-1bcb706ff054{ip: 192.168.69.122, host: trunk-nightly-20190917-29l5j-2509219610, networkLocation: /default-rack, certSerialId: null}, Type:RATIS, Factor:ONE, State:CLOSED] moved to CLOSED state
2019-09-17 05:39:51,777 [EventQueue-StaleNodeForStaleNodeHandler] INFO  pipeline.SCMPipelineManager (SCMPipelineManager.java:finalizeAndDestroyPipeline(311)) - destroying pipeline:Pipeline[ Id: 06f251e7-f9c0-409d-aa57-daee684f5880, Nodes: 0076424b-dbc7-4d88-ac92-4910588e0078{ip: 192.168.69.122, host: trunk-nightly-20190917-29l5j-2509219610, networkLocation: /default-rack, certSerialId: null}709477b2-7a5d-4422-82d7-7ceaa516784a{ip: 192.168.69.122, host: trunk-nightly-20190917-29l5j-2509219610, networkLocation: /default-rack, certSerialId: null}753e4218-28df-4084-bc35-1bcb706ff054{ip: 192.168.69.122, host: trunk-nightly-20190917-29l5j-2509219610, networkLocation: /default-rack, certSerialId: null}, Type:RATIS, Factor:THREE, State:CLOSED]
2019-09-17 05:39:52,275 [EventQueue-StaleNodeForStaleNodeHandler] INFO  node.StaleNodeHandler (StaleNodeHandler.java:onMessage(58)) - Datanode 83c5c86f-4f0f-49a9-8168-55da465a77cb{ip: 192.168.69.122, host: trunk-nightly-20190917-29l5j-2509219610, networkLocation: /default-rack, certSerialId: null} moved to stale state. Finalizing its pipelines [PipelineID=ded81a5e-3662-4c76-9653-ad9369a79441, PipelineID=6f2792d2-4ef6-4452-8490-35fd1f77b7b4]
2019-09-17 05:39:52,275 [EventQueue-StaleNodeForStaleNodeHandler] INFO  pipeline.SCMPipelineManager (SCMPipelineManager.java:finalizeAndDestroyPipeline(311)) - destroying pipeline:Pipeline[ Id: ded81a5e-3662-4c76-9653-ad9369a79441, Nodes: 3bf073f2-310e-4683-a6c8-b828172024b1{ip: 192.168.69.122, host: trunk-nightly-20190917-29l5j-2509219610, networkLocation: /default-rack, certSerialId: null}6f64a23a-10c8-4f60-bb77-ad5952414a87{ip: 192.168.69.122, host: trunk-nightly-20190917-29l5j-2509219610, networkLocation: /default-rack, certSerialId: null}83c5c86f-4f0f-49a9-8168-55da465a77cb{ip: 192.168.69.122, host: trunk-nightly-20190917-29l5j-2509219610, networkLocation: /default-rack, certSerialId: null}, Type:RATIS, Factor:THREE, State:CLOSED]
2019-09-17 05:39:52,275 [EventQueue-StaleNodeForStaleNodeHandler] INFO  pipeline.SCMPipelineManager (SCMPipelineManager.java:finalizeAndDestroyPipeline(311)) - destroying pipeline:Pipeline[ Id: 6f2792d2-4ef6-4452-8490-35fd1f77b7b4, Nodes: 83c5c86f-4f0f-49a9-8168-55da465a77cb{ip: 192.168.69.122, host: trunk-nightly-20190917-29l5j-2509219610, networkLocation: /default-rack, certSerialId: null}, Type:RATIS, Factor:ONE, State:OPEN]
2019-09-17 05:39:52,276 [EventQueue-StaleNodeForStaleNodeHandler] INFO  pipeline.PipelineStateManager (PipelineStateManager.java:finalizePipeline(123)) - Pipeline Pipeline[ Id: 6f2792d2-4ef6-4452-8490-35fd1f77b7b4, Nodes: 83c5c86f-4f0f-49a9-8168-55da465a77cb{ip: 192.168.69.122, host: trunk-nightly-20190917-29l5j-2509219610, networkLocation: /default-rack, certSerialId: null}, Type:RATIS, Factor:ONE, State:CLOSED] moved to CLOSED state
2019-09-17 05:39:52,351 [grpc-default-executor-13] WARN  server.GrpcLogAppender (LogUtils.java:warn(134)) - 753e4218-28df-4084-bc35-1bcb706ff054@group-DAEE684F5880->709477b2-7a5d-4422-82d7-7ceaa516784a-AppendLogResponseHandler: Failed appendEntries: org.apache.ratis.thirdparty.io.grpc.StatusRuntimeException: UNAVAILABLE: io exception
2019-09-17 05:39:52,355 [grpc-default-executor-13] INFO  impl.FollowerInfo (FollowerInfo.java:lambda$new$0(51)) - 753e4218-28df-4084-bc35-1bcb706ff054@group-DAEE684F5880->709477b2-7a5d-4422-82d7-7ceaa516784a: nextIndex: updateUnconditionally 1 -> 0
2019-09-17 05:39:52,485 [main] INFO  ozoneimpl.OzoneContainer (OzoneContainer.java:stop(231)) - Attempting to stop container services.
2019-09-17 05:39:52,486 [main] INFO  impl.RaftServerProxy (RaftServerProxy.java:lambda$close$4(314)) - 753e4218-28df-4084-bc35-1bcb706ff054: close
2019-09-17 05:39:52,487 [main] INFO  impl.RaftServerImpl (RaftServerImpl.java:lambda$shutdown$3(251)) - 753e4218-28df-4084-bc35-1bcb706ff054@group-8A12EE0B67E0: shutdown
2019-09-17 05:39:52,487 [main] INFO  util.JmxRegister (JmxRegister.java:unregister(73)) - Successfully un-registered JMX Bean with object name Ratis:service=RaftServer,group=group-8A12EE0B67E0,id=753e4218-28df-4084-bc35-1bcb706ff054
2019-09-17 05:39:52,488 [main] INFO  impl.RoleInfo (RoleInfo.java:shutdownLeaderState(104)) - 753e4218-28df-4084-bc35-1bcb706ff054: shutdown LeaderState
2019-09-17 05:39:52,488 [main] INFO  impl.PendingRequests (PendingRequests.java:sendNotLeaderResponses(202)) - 753e4218-28df-4084-bc35-1bcb706ff054-PendingRequests: sendNotLeaderResponses
2019-09-17 05:39:52,489 [main] INFO  impl.StateMachineUpdater (StateMachineUpdater.java:stopAndJoin(125)) - 753e4218-28df-4084-bc35-1bcb706ff054@group-8A12EE0B67E0-StateMachineUpdater: set stopIndex = 0
2019-09-17 05:39:52,490 [main] INFO  impl.RaftServerImpl (ServerState.java:close(385)) - 753e4218-28df-4084-bc35-1bcb706ff054@group-8A12EE0B67E0: closes. applyIndex: 0
2019-09-17 05:39:52,490 [753e4218-28df-4084-bc35-1bcb706ff054@group-8A12EE0B67E0-SegmentedRaftLogWorker] INFO  segmented.SegmentedRaftLogWorker (SegmentedRaftLogWorker.java:run(313)) - 753e4218-28df-4084-bc35-1bcb706ff054@group-8A12EE0B67E0-SegmentedRaftLogWorker was interrupted, exiting. There are 0 tasks remaining in the queue.
2019-09-17 05:39:52,491 [main] INFO  segmented.SegmentedRaftLogWorker (SegmentedRaftLogWorker.java:close(228)) - 753e4218-28df-4084-bc35-1bcb706ff054@group-8A12EE0B67E0-SegmentedRaftLogWorker close()
2019-09-17 05:39:52,494 [main] INFO  impl.RaftServerImpl (RaftServerImpl.java:lambda$shutdown$3(251)) - 753e4218-28df-4084-bc35-1bcb706ff054@group-DAEE684F5880: shutdown
2019-09-17 05:39:52,494 [main] INFO  util.JmxRegister (JmxRegister.java:unregister(73)) - Successfully un-registered JMX Bean with object name Ratis:service=RaftServer,group=group-DAEE684F5880,id=753e4218-28df-4084-bc35-1bcb706ff054
2019-09-17 05:39:52,494 [main] INFO  impl.RoleInfo (RoleInfo.java:shutdownLeaderState(104)) - 753e4218-28df-4084-bc35-1bcb706ff054: shutdown LeaderState
2019-09-17 05:39:52,497 [org.apache.ratis.server.impl.LogAppender$AppenderDaemon$$Lambda$509/1686191653@94d78a0] WARN  server.GrpcLogAppender (GrpcLogAppender.java:mayWait(143)) - 753e4218-28df-4084-bc35-1bcb706ff054@group-DAEE684F5880->709477b2-7a5d-4422-82d7-7ceaa516784a-GrpcLogAppender: Wait interrupted by java.lang.InterruptedException
2019-09-17 05:39:52,497 [main] INFO  impl.PendingRequests (PendingRequests.java:sendNotLeaderResponses(202)) - 753e4218-28df-4084-bc35-1bcb706ff054-PendingRequests: sendNotLeaderResponses
2019-09-17 05:39:52,497 [org.apache.ratis.server.impl.LogAppender$AppenderDaemon$$Lambda$509/1686191653@49afb448] WARN  server.GrpcLogAppender (GrpcLogAppender.java:mayWait(143)) - 753e4218-28df-4084-bc35-1bcb706ff054@group-DAEE684F5880->0076424b-dbc7-4d88-ac92-4910588e0078-GrpcLogAppender: Wait interrupted by java.lang.InterruptedException
2019-09-17 05:39:52,498 [753e4218-28df-4084-bc35-1bcb706ff054@group-DAEE684F5880-StateMachineUpdater] INFO  ratis.ContainerStateMachine (ContainerStateMachine.java:takeSnapshot(289)) - group-DAEE684F5880: Taking a snapshot at:(t:1, i:15) file /workdir/hadoop-ozone/integration-test/target/test-dir/MiniOzoneClusterImpl-19ed16c9-28cb-4873-91f5-e899d205af27/datanode-6/data/ratis/06f251e7-f9c0-409d-aa57-daee684f5880/sm/snapshot.1_15
2019-09-17 05:39:52,498 [main] INFO  impl.StateMachineUpdater (StateMachineUpdater.java:stopAndJoin(125)) - 753e4218-28df-4084-bc35-1bcb706ff054@group-DAEE684F5880-StateMachineUpdater: set stopIndex = 17
2019-09-17 05:39:52,498 [grpc-default-executor-14] INFO  server.GrpcServerProtocolService (GrpcServerProtocolService.java:onCompleted(113)) - 0076424b-dbc7-4d88-ac92-4910588e0078: Completed APPEND_ENTRIES, lastRequest: 753e4218-28df-4084-bc35-1bcb706ff054->0076424b-dbc7-4d88-ac92-4910588e0078#3-t2, previous=(t:2, i:17), leaderCommit=17, initializing? false, entries: <empty>
2019-09-17 05:39:52,499 [grpc-default-executor-14] INFO  server.GrpcLogAppender (GrpcLogAppender.java:onCompleted(293)) - 753e4218-28df-4084-bc35-1bcb706ff054@group-DAEE684F5880->0076424b-dbc7-4d88-ac92-4910588e0078-AppendLogResponseHandler: follower responses appendEntries COMPLETED
2019-09-17 05:39:52,500 [grpc-default-executor-14] INFO  impl.FollowerInfo (FollowerInfo.java:lambda$new$0(51)) - 753e4218-28df-4084-bc35-1bcb706ff054@group-DAEE684F5880->0076424b-dbc7-4d88-ac92-4910588e0078: nextIndex: updateUnconditionally 18 -> 17
2019-09-17 05:39:52,500 [ForkJoinPool.commonPool-worker-1] INFO  ozoneimpl.OzoneContainer (OzoneContainer.java:stop(231)) - Attempting to stop container services.
2019-09-17 05:39:52,500 [ForkJoinPool.commonPool-worker-1] INFO  impl.RaftServerProxy (RaftServerProxy.java:lambda$close$4(314)) - 83c5c86f-4f0f-49a9-8168-55da465a77cb: close
2019-09-17 05:39:52,501 [ForkJoinPool.commonPool-worker-1] INFO  impl.RaftServerImpl (RaftServerImpl.java:lambda$shutdown$3(251)) - 83c5c86f-4f0f-49a9-8168-55da465a77cb@group-AD9369A79441: shutdown
2019-09-17 05:39:52,501 [ForkJoinPool.commonPool-worker-1] INFO  util.JmxRegister (JmxRegister.java:unregister(73)) - Successfully un-registered JMX Bean with object name Ratis:service=RaftServer,group=group-AD9369A79441,id=83c5c86f-4f0f-49a9-8168-55da465a77cb
2019-09-17 05:39:52,501 [ForkJoinPool.commonPool-worker-1] INFO  impl.RoleInfo (RoleInfo.java:shutdownFollowerState(121)) - 83c5c86f-4f0f-49a9-8168-55da465a77cb: shutdown FollowerState
2019-09-17 05:39:52,501 [ForkJoinPool.commonPool-worker-1] INFO  impl.StateMachineUpdater (StateMachineUpdater.java:stopAndJoin(125)) - 83c5c86f-4f0f-49a9-8168-55da465a77cb@group-AD9369A79441-StateMachineUpdater: set stopIndex = 4
2019-09-17 05:39:52,502 [83c5c86f-4f0f-49a9-8168-55da465a77cb@group-AD9369A79441-StateMachineUpdater] INFO  ratis.ContainerStateMachine (ContainerStateMachine.java:takeSnapshot(289)) - group-AD9369A79441: Taking a snapshot at:(t:1, i:3) file /workdir/hadoop-ozone/integration-test/target/test-dir/MiniOzoneClusterImpl-19ed16c9-28cb-4873-91f5-e899d205af27/datanode-0/data/ratis/ded81a5e-3662-4c76-9653-ad9369a79441/sm/snapshot.1_3
2019-09-17 05:39:52,502 [Thread-4133] INFO  impl.FollowerState (FollowerState.java:run(115)) - 83c5c86f-4f0f-49a9-8168-55da465a77cb: FollowerState was interrupted: java.lang.InterruptedException: sleep interrupted
2019-09-17 05:39:52,523 [753e4218-28df-4084-bc35-1bcb706ff054@group-DAEE684F5880-StateMachineUpdater] INFO  ratis.ContainerStateMachine (ContainerStateMachine.java:takeSnapshot(300)) - group-DAEE684F5880: Finished taking a snapshot at:(t:1, i:15) file:/workdir/hadoop-ozone/integration-test/target/test-dir/MiniOzoneClusterImpl-19ed16c9-28cb-4873-91f5-e899d205af27/datanode-6/data/ratis/06f251e7-f9c0-409d-aa57-daee684f5880/sm/snapshot.1_15 time:26
2019-09-17 05:39:52,523 [83c5c86f-4f0f-49a9-8168-55da465a77cb@group-AD9369A79441-StateMachineUpdater] INFO  ratis.ContainerStateMachine (ContainerStateMachine.java:takeSnapshot(300)) - group-AD9369A79441: Finished taking a snapshot at:(t:1, i:3) file:/workdir/hadoop-ozone/integration-test/target/test-dir/MiniOzoneClusterImpl-19ed16c9-28cb-4873-91f5-e899d205af27/datanode-0/data/ratis/ded81a5e-3662-4c76-9653-ad9369a79441/sm/snapshot.1_3 time:22
2019-09-17 05:39:52,523 [753e4218-28df-4084-bc35-1bcb706ff054@group-DAEE684F5880-StateMachineUpdater] INFO  impl.StateMachineUpdater (StateMachineUpdater.java:takeSnapshot(258)) - 753e4218-28df-4084-bc35-1bcb706ff054@group-DAEE684F5880-StateMachineUpdater: Took a snapshot at index 15
2019-09-17 05:39:52,523 [753e4218-28df-4084-bc35-1bcb706ff054@group-DAEE684F5880-StateMachineUpdater] INFO  impl.StateMachineUpdater (StateMachineUpdater.java:lambda$new$0(83)) - 753e4218-28df-4084-bc35-1bcb706ff054@group-DAEE684F5880-StateMachineUpdater: snapshotIndex: updateIncreasingly -1 -> 15
2019-09-17 05:39:52,523 [83c5c86f-4f0f-49a9-8168-55da465a77cb@group-AD9369A79441-StateMachineUpdater] INFO  impl.StateMachineUpdater (StateMachineUpdater.java:takeSnapshot(258)) - 83c5c86f-4f0f-49a9-8168-55da465a77cb@group-AD9369A79441-StateMachineUpdater: Took a snapshot at index 3
2019-09-17 05:39:52,524 [83c5c86f-4f0f-49a9-8168-55da465a77cb@group-AD9369A79441-StateMachineUpdater] INFO  impl.StateMachineUpdater (StateMachineUpdater.java:lambda$new$0(83)) - 83c5c86f-4f0f-49a9-8168-55da465a77cb@group-AD9369A79441-StateMachineUpdater: snapshotIndex: updateIncreasingly -1 -> 3
2019-09-17 05:39:52,524 [753e4218-28df-4084-bc35-1bcb706ff054@group-DAEE684F5880-StateMachineUpdater] INFO  ratis.ContainerStateMachine (ContainerStateMachine.java:takeSnapshot(289)) - group-DAEE684F5880: Taking a snapshot at:(t:1, i:15) file /workdir/hadoop-ozone/integration-test/target/test-dir/MiniOzoneClusterImpl-19ed16c9-28cb-4873-91f5-e899d205af27/datanode-6/data/ratis/06f251e7-f9c0-409d-aa57-daee684f5880/sm/snapshot.1_15
2019-09-17 05:39:52,524 [83c5c86f-4f0f-49a9-8168-55da465a77cb@group-AD9369A79441-StateMachineUpdater] INFO  ratis.ContainerStateMachine (ContainerStateMachine.java:takeSnapshot(289)) - group-AD9369A79441: Taking a snapshot at:(t:1, i:3) file /workdir/hadoop-ozone/integration-test/target/test-dir/MiniOzoneClusterImpl-19ed16c9-28cb-4873-91f5-e899d205af27/datanode-0/data/ratis/ded81a5e-3662-4c76-9653-ad9369a79441/sm/snapshot.1_3
2019-09-17 05:39:52,548 [753e4218-28df-4084-bc35-1bcb706ff054@group-DAEE684F5880-StateMachineUpdater] INFO  ratis.ContainerStateMachine (ContainerStateMachine.java:takeSnapshot(300)) - group-DAEE684F5880: Finished taking a snapshot at:(t:1, i:15) file:/workdir/hadoop-ozone/integration-test/target/test-dir/MiniOzoneClusterImpl-19ed16c9-28cb-4873-91f5-e899d205af27/datanode-6/data/ratis/06f251e7-f9c0-409d-aa57-daee684f5880/sm/snapshot.1_15 time:25
2019-09-17 05:39:52,548 [83c5c86f-4f0f-49a9-8168-55da465a77cb@group-AD9369A79441-StateMachineUpdater] INFO  ratis.ContainerStateMachine (ContainerStateMachine.java:takeSnapshot(300)) - group-AD9369A79441: Finished taking a snapshot at:(t:1, i:3) file:/workdir/hadoop-ozone/integration-test/target/test-dir/MiniOzoneClusterImpl-19ed16c9-28cb-4873-91f5-e899d205af27/datanode-0/data/ratis/ded81a5e-3662-4c76-9653-ad9369a79441/sm/snapshot.1_3 time:25
2019-09-17 05:39:52,548 [753e4218-28df-4084-bc35-1bcb706ff054@group-DAEE684F5880-StateMachineUpdater] INFO  impl.StateMachineUpdater (StateMachineUpdater.java:takeSnapshot(258)) - 753e4218-28df-4084-bc35-1bcb706ff054@group-DAEE684F5880-StateMachineUpdater: Took a snapshot at index 15
2019-09-17 05:39:52,548 [753e4218-28df-4084-bc35-1bcb706ff054@group-DAEE684F5880-StateMachineUpdater] INFO  impl.StateMachineUpdater (StateMachineUpdater.java:lambda$new$0(83)) - 753e4218-28df-4084-bc35-1bcb706ff054@group-DAEE684F5880-StateMachineUpdater: snapshotIndex: updateIncreasingly 15 -> 15
2019-09-17 05:39:52,548 [83c5c86f-4f0f-49a9-8168-55da465a77cb@group-AD9369A79441-StateMachineUpdater] INFO  impl.StateMachineUpdater (StateMachineUpdater.java:takeSnapshot(258)) - 83c5c86f-4f0f-49a9-8168-55da465a77cb@group-AD9369A79441-StateMachineUpdater: Took a snapshot at index 3
2019-09-17 05:39:52,549 [83c5c86f-4f0f-49a9-8168-55da465a77cb@group-AD9369A79441-StateMachineUpdater] INFO  impl.StateMachineUpdater (StateMachineUpdater.java:lambda$new$0(83)) - 83c5c86f-4f0f-49a9-8168-55da465a77cb@group-AD9369A79441-StateMachineUpdater: snapshotIndex: updateIncreasingly 3 -> 3
2019-09-17 05:39:52,549 [main] INFO  impl.RaftServerImpl (ServerState.java:close(385)) - 753e4218-28df-4084-bc35-1bcb706ff054@group-DAEE684F5880: closes. applyIndex: 17
2019-09-17 05:39:52,549 [ForkJoinPool.commonPool-worker-1] INFO  impl.RaftServerImpl (ServerState.java:close(385)) - 83c5c86f-4f0f-49a9-8168-55da465a77cb@group-AD9369A79441: closes. applyIndex: 4
2019-09-17 05:39:52,549 [753e4218-28df-4084-bc35-1bcb706ff054@group-DAEE684F5880-SegmentedRaftLogWorker] INFO  segmented.SegmentedRaftLogWorker (SegmentedRaftLogWorker.java:run(313)) - 753e4218-28df-4084-bc35-1bcb706ff054@group-DAEE684F5880-SegmentedRaftLogWorker was interrupted, exiting. There are 0 tasks remaining in the queue.
2019-09-17 05:39:52,552 [main] INFO  segmented.SegmentedRaftLogWorker (SegmentedRaftLogWorker.java:close(228)) - 753e4218-28df-4084-bc35-1bcb706ff054@group-DAEE684F5880-SegmentedRaftLogWorker close()
2019-09-17 05:39:52,552 [83c5c86f-4f0f-49a9-8168-55da465a77cb@group-AD9369A79441-SegmentedRaftLogWorker] INFO  segmented.SegmentedRaftLogWorker (SegmentedRaftLogWorker.java:run(313)) - 83c5c86f-4f0f-49a9-8168-55da465a77cb@group-AD9369A79441-SegmentedRaftLogWorker was interrupted, exiting. There are 0 tasks remaining in the queue.
2019-09-17 05:39:52,555 [main] INFO  server.GrpcService (GrpcService.java:closeImpl(164)) - 753e4218-28df-4084-bc35-1bcb706ff054: shutdown server with port 35314 now
2019-09-17 05:39:52,555 [ForkJoinPool.commonPool-worker-1] INFO  segmented.SegmentedRaftLogWorker (SegmentedRaftLogWorker.java:close(228)) - 83c5c86f-4f0f-49a9-8168-55da465a77cb@group-AD9369A79441-SegmentedRaftLogWorker close()
2019-09-17 05:39:52,555 [main] INFO  server.GrpcService (GrpcService.java:closeImpl(172)) - 753e4218-28df-4084-bc35-1bcb706ff054: shutdown server with port 35314 successfully
2019-09-17 05:39:52,557 [ForkJoinPool.commonPool-worker-1] INFO  impl.RaftServerImpl (RaftServerImpl.java:lambda$shutdown$3(251)) - 83c5c86f-4f0f-49a9-8168-55da465a77cb@group-35FD1F77B7B4: shutdown
2019-09-17 05:39:52,558 [ForkJoinPool.commonPool-worker-1] INFO  util.JmxRegister (JmxRegister.java:unregister(73)) - Successfully un-registered JMX Bean with object name Ratis:service=RaftServer,group=group-35FD1F77B7B4,id=83c5c86f-4f0f-49a9-8168-55da465a77cb
2019-09-17 05:39:52,558 [ForkJoinPool.commonPool-worker-1] INFO  impl.RoleInfo (RoleInfo.java:shutdownLeaderState(104)) - 83c5c86f-4f0f-49a9-8168-55da465a77cb: shutdown LeaderState
2019-09-17 05:39:52,559 [ForkJoinPool.commonPool-worker-1] INFO  impl.PendingRequests (PendingRequests.java:sendNotLeaderResponses(202)) - 83c5c86f-4f0f-49a9-8168-55da465a77cb-PendingRequests: sendNotLeaderResponses
2019-09-17 05:39:52,560 [ForkJoinPool.commonPool-worker-1] INFO  impl.StateMachineUpdater (StateMachineUpdater.java:stopAndJoin(125)) - 83c5c86f-4f0f-49a9-8168-55da465a77cb@group-35FD1F77B7B4-StateMachineUpdater: set stopIndex = 0
2019-09-17 05:39:52,561 [ForkJoinPool.commonPool-worker-1] INFO  impl.RaftServerImpl (ServerState.java:close(385)) - 83c5c86f-4f0f-49a9-8168-55da465a77cb@group-35FD1F77B7B4: closes. applyIndex: 0
2019-09-17 05:39:52,561 [83c5c86f-4f0f-49a9-8168-55da465a77cb@group-35FD1F77B7B4-SegmentedRaftLogWorker] INFO  segmented.SegmentedRaftLogWorker (SegmentedRaftLogWorker.java:run(313)) - 83c5c86f-4f0f-49a9-8168-55da465a77cb@group-35FD1F77B7B4-SegmentedRaftLogWorker was interrupted, exiting. There are 0 tasks remaining in the queue.
2019-09-17 05:39:52,563 [ForkJoinPool.commonPool-worker-1] INFO  segmented.SegmentedRaftLogWorker (SegmentedRaftLogWorker.java:close(228)) - 83c5c86f-4f0f-49a9-8168-55da465a77cb@group-35FD1F77B7B4-SegmentedRaftLogWorker close()
2019-09-17 05:39:52,565 [ForkJoinPool.commonPool-worker-1] INFO  server.GrpcService (GrpcService.java:closeImpl(164)) - 83c5c86f-4f0f-49a9-8168-55da465a77cb: shutdown server with port 39815 now
2019-09-17 05:39:52,565 [refreshUsed-/workdir/hadoop-ozone/integration-test/target/test-dir/MiniOzoneClusterImpl-19ed16c9-28cb-4873-91f5-e899d205af27/datanode-6/data/containers] WARN  fs.CachingGetSpaceUsed (CachingGetSpaceUsed.java:run(183)) - Thread Interrupted waiting to refresh disk information: sleep interrupted
2019-09-17 05:39:52,565 [ForkJoinPool.commonPool-worker-1] INFO  server.GrpcService (GrpcService.java:closeImpl(172)) - 83c5c86f-4f0f-49a9-8168-55da465a77cb: shutdown server with port 39815 successfully
2019-09-17 05:39:52,567 [refreshUsed-/workdir/hadoop-ozone/integration-test/target/test-dir/MiniOzoneClusterImpl-19ed16c9-28cb-4873-91f5-e899d205af27/datanode-0/data/containers] WARN  fs.CachingGetSpaceUsed (CachingGetSpaceUsed.java:run(183)) - Thread Interrupted waiting to refresh disk information: sleep interrupted
2019-09-17 05:39:53,026 [main] INFO  utils.BackgroundService (BackgroundService.java:shutdown(148)) - Shutting down service BlockDeletingService
2019-09-17 05:39:53,028 [ForkJoinPool.commonPool-worker-1] INFO  utils.BackgroundService (BackgroundService.java:shutdown(148)) - Shutting down service BlockDeletingService
2019-09-17 05:39:53,034 [main] INFO  statemachine.DatanodeStateMachine (DatanodeStateMachine.java:stopDaemon(395)) - Ozone container server stopped.
2019-09-17 05:39:53,039 [ForkJoinPool.commonPool-worker-1] INFO  statemachine.DatanodeStateMachine (DatanodeStateMachine.java:stopDaemon(395)) - Ozone container server stopped.
2019-09-17 05:39:53,041 [main] INFO  handler.ContextHandler (ContextHandler.java:doStop(910)) - Stopped o.e.j.w.WebAppContext@1182d1df{/,null,UNAVAILABLE}{/hddsDatanode}
2019-09-17 05:39:53,041 [ForkJoinPool.commonPool-worker-1] INFO  handler.ContextHandler (ContextHandler.java:doStop(910)) - Stopped o.e.j.w.WebAppContext@29b5533{/,null,UNAVAILABLE}{/hddsDatanode}
2019-09-17 05:39:53,042 [main] INFO  server.AbstractConnector (AbstractConnector.java:doStop(318)) - Stopped ServerConnector@31c7c281{HTTP/1.1,[http/1.1]}{0.0.0.0:0}
2019-09-17 05:39:53,042 [ForkJoinPool.commonPool-worker-1] INFO  server.AbstractConnector (AbstractConnector.java:doStop(318)) - Stopped ServerConnector@7608a838{HTTP/1.1,[http/1.1]}{0.0.0.0:0}
2019-09-17 05:39:53,042 [main] INFO  handler.ContextHandler (ContextHandler.java:doStop(910)) - Stopped o.e.j.s.ServletContextHandler@671d97bc{/static,jar:file:/home/user/.m2/repository/org/apache/hadoop/hadoop-hdds-container-service/0.5.0-SNAPSHOT/hadoop-hdds-container-service-0.5.0-SNAPSHOT.jar!/webapps/static,UNAVAILABLE}
2019-09-17 05:39:53,044 [ForkJoinPool.commonPool-worker-1] INFO  handler.ContextHandler (ContextHandler.java:doStop(910)) - Stopped o.e.j.s.ServletContextHandler@17b6ad97{/static,jar:file:/home/user/.m2/repository/org/apache/hadoop/hadoop-hdds-container-service/0.5.0-SNAPSHOT/hadoop-hdds-container-service-0.5.0-SNAPSHOT.jar!/webapps/static,UNAVAILABLE}
2019-09-17 05:39:53,044 [main] INFO  handler.ContextHandler (ContextHandler.java:doStop(910)) - Stopped o.e.j.s.ServletContextHandler@2e3252{/logs,file:///workdir/hadoop-ozone/integration-test/target/log,UNAVAILABLE}
2019-09-17 05:39:53,046 [ForkJoinPool.commonPool-worker-1] INFO  handler.ContextHandler (ContextHandler.java:doStop(910)) - Stopped o.e.j.s.ServletContextHandler@64dfb31d{/logs,file:///workdir/hadoop-ozone/integration-test/target/log,UNAVAILABLE}
2019-09-17 05:39:53,782 [Datanode State Machine Thread - 0] INFO  statemachine.DatanodeStateMachine (DatanodeStateMachine.java:lambda$startDaemon$0(350)) - Ozone container server started.
2019-09-17 05:39:57,922 [EventQueue-StaleNodeForStaleNodeHandler] INFO  node.StaleNodeHandler (StaleNodeHandler.java:onMessage(58)) - Datanode 0076424b-dbc7-4d88-ac92-4910588e0078{ip: 192.168.69.122, host: trunk-nightly-20190917-29l5j-2509219610, networkLocation: /default-rack, certSerialId: null} moved to stale state. Finalizing its pipelines [PipelineID=30841c32-029e-4348-8d24-1a2147a9be97, PipelineID=06f251e7-f9c0-409d-aa57-daee684f5880]
2019-09-17 05:39:57,924 [EventQueue-StaleNodeForStaleNodeHandler] INFO  pipeline.SCMPipelineManager (SCMPipelineManager.java:finalizeAndDestroyPipeline(311)) - destroying pipeline:Pipeline[ Id: 30841c32-029e-4348-8d24-1a2147a9be97, Nodes: 0076424b-dbc7-4d88-ac92-4910588e0078{ip: 192.168.69.122, host: trunk-nightly-20190917-29l5j-2509219610, networkLocation: /default-rack, certSerialId: null}, Type:RATIS, Factor:ONE, State:OPEN]
2019-09-17 05:39:57,924 [EventQueue-StaleNodeForStaleNodeHandler] INFO  pipeline.PipelineStateManager (PipelineStateManager.java:finalizePipeline(123)) - Pipeline Pipeline[ Id: 30841c32-029e-4348-8d24-1a2147a9be97, Nodes: 0076424b-dbc7-4d88-ac92-4910588e0078{ip: 192.168.69.122, host: trunk-nightly-20190917-29l5j-2509219610, networkLocation: /default-rack, certSerialId: null}, Type:RATIS, Factor:ONE, State:CLOSED] moved to CLOSED state
2019-09-17 05:39:57,925 [EventQueue-StaleNodeForStaleNodeHandler] INFO  pipeline.SCMPipelineManager (SCMPipelineManager.java:finalizeAndDestroyPipeline(311)) - destroying pipeline:Pipeline[ Id: 06f251e7-f9c0-409d-aa57-daee684f5880, Nodes: 0076424b-dbc7-4d88-ac92-4910588e0078{ip: 192.168.69.122, host: trunk-nightly-20190917-29l5j-2509219610, networkLocation: /default-rack, certSerialId: null}709477b2-7a5d-4422-82d7-7ceaa516784a{ip: 192.168.69.122, host: trunk-nightly-20190917-29l5j-2509219610, networkLocation: /default-rack, certSerialId: null}753e4218-28df-4084-bc35-1bcb706ff054{ip: 192.168.69.122, host: trunk-nightly-20190917-29l5j-2509219610, networkLocation: /default-rack, certSerialId: null}, Type:RATIS, Factor:THREE, State:CLOSED]
2019-09-17 05:39:58,048 [main] INFO  ozoneimpl.OzoneContainer (OzoneContainer.java:stop(231)) - Attempting to stop container services.
2019-09-17 05:39:58,049 [main] INFO  impl.RaftServerProxy (RaftServerProxy.java:lambda$close$4(314)) - 0076424b-dbc7-4d88-ac92-4910588e0078: close
2019-09-17 05:39:58,050 [main] INFO  impl.RaftServerImpl (RaftServerImpl.java:lambda$shutdown$3(251)) - 0076424b-dbc7-4d88-ac92-4910588e0078@group-1A2147A9BE97: shutdown
2019-09-17 05:39:58,050 [main] INFO  util.JmxRegister (JmxRegister.java:unregister(73)) - Successfully un-registered JMX Bean with object name Ratis:service=RaftServer,group=group-1A2147A9BE97,id=0076424b-dbc7-4d88-ac92-4910588e0078
2019-09-17 05:39:58,050 [main] INFO  impl.RoleInfo (RoleInfo.java:shutdownLeaderState(104)) - 0076424b-dbc7-4d88-ac92-4910588e0078: shutdown LeaderState
2019-09-17 05:39:58,051 [main] INFO  impl.PendingRequests (PendingRequests.java:sendNotLeaderResponses(202)) - 0076424b-dbc7-4d88-ac92-4910588e0078-PendingRequests: sendNotLeaderResponses
2019-09-17 05:39:58,051 [main] INFO  impl.StateMachineUpdater (StateMachineUpdater.java:stopAndJoin(125)) - 0076424b-dbc7-4d88-ac92-4910588e0078@group-1A2147A9BE97-StateMachineUpdater: set stopIndex = 0
2019-09-17 05:39:58,052 [main] INFO  impl.RaftServerImpl (ServerState.java:close(385)) - 0076424b-dbc7-4d88-ac92-4910588e0078@group-1A2147A9BE97: closes. applyIndex: 0
2019-09-17 05:39:58,052 [0076424b-dbc7-4d88-ac92-4910588e0078@group-1A2147A9BE97-SegmentedRaftLogWorker] INFO  segmented.SegmentedRaftLogWorker (SegmentedRaftLogWorker.java:run(313)) - 0076424b-dbc7-4d88-ac92-4910588e0078@group-1A2147A9BE97-SegmentedRaftLogWorker was interrupted, exiting. There are 0 tasks remaining in the queue.
2019-09-17 05:39:58,057 [main] INFO  segmented.SegmentedRaftLogWorker (SegmentedRaftLogWorker.java:close(228)) - 0076424b-dbc7-4d88-ac92-4910588e0078@group-1A2147A9BE97-SegmentedRaftLogWorker close()
2019-09-17 05:39:58,059 [main] INFO  impl.RaftServerImpl (RaftServerImpl.java:lambda$shutdown$3(251)) - 0076424b-dbc7-4d88-ac92-4910588e0078@group-DAEE684F5880: shutdown
2019-09-17 05:39:58,059 [main] INFO  util.JmxRegister (JmxRegister.java:unregister(73)) - Successfully un-registered JMX Bean with object name Ratis:service=RaftServer,group=group-DAEE684F5880,id=0076424b-dbc7-4d88-ac92-4910588e0078
2019-09-17 05:39:58,060 [main] INFO  impl.RoleInfo (RoleInfo.java:shutdownFollowerState(121)) - 0076424b-dbc7-4d88-ac92-4910588e0078: shutdown FollowerState
2019-09-17 05:39:58,060 [main] INFO  impl.StateMachineUpdater (StateMachineUpdater.java:stopAndJoin(125)) - 0076424b-dbc7-4d88-ac92-4910588e0078@group-DAEE684F5880-StateMachineUpdater: set stopIndex = 17
2019-09-17 05:39:58,060 [Thread-4282] INFO  impl.FollowerState (FollowerState.java:run(115)) - 0076424b-dbc7-4d88-ac92-4910588e0078: FollowerState was interrupted: java.lang.InterruptedException: sleep interrupted
2019-09-17 05:39:58,060 [0076424b-dbc7-4d88-ac92-4910588e0078@group-DAEE684F5880-StateMachineUpdater] INFO  ratis.ContainerStateMachine (ContainerStateMachine.java:takeSnapshot(289)) - group-DAEE684F5880: Taking a snapshot at:(t:1, i:15) file /workdir/hadoop-ozone/integration-test/target/test-dir/MiniOzoneClusterImpl-19ed16c9-28cb-4873-91f5-e899d205af27/datanode-5/data/ratis/06f251e7-f9c0-409d-aa57-daee684f5880/sm/snapshot.1_15
2019-09-17 05:39:58,083 [0076424b-dbc7-4d88-ac92-4910588e0078@group-DAEE684F5880-StateMachineUpdater] INFO  ratis.ContainerStateMachine (ContainerStateMachine.java:takeSnapshot(300)) - group-DAEE684F5880: Finished taking a snapshot at:(t:1, i:15) file:/workdir/hadoop-ozone/integration-test/target/test-dir/MiniOzoneClusterImpl-19ed16c9-28cb-4873-91f5-e899d205af27/datanode-5/data/ratis/06f251e7-f9c0-409d-aa57-daee684f5880/sm/snapshot.1_15 time:22
2019-09-17 05:39:58,083 [0076424b-dbc7-4d88-ac92-4910588e0078@group-DAEE684F5880-StateMachineUpdater] INFO  impl.StateMachineUpdater (StateMachineUpdater.java:takeSnapshot(258)) - 0076424b-dbc7-4d88-ac92-4910588e0078@group-DAEE684F5880-StateMachineUpdater: Took a snapshot at index 15
2019-09-17 05:39:58,083 [0076424b-dbc7-4d88-ac92-4910588e0078@group-DAEE684F5880-StateMachineUpdater] INFO  impl.StateMachineUpdater (StateMachineUpdater.java:lambda$new$0(83)) - 0076424b-dbc7-4d88-ac92-4910588e0078@group-DAEE684F5880-StateMachineUpdater: snapshotIndex: updateIncreasingly -1 -> 15
2019-09-17 05:39:58,084 [0076424b-dbc7-4d88-ac92-4910588e0078@group-DAEE684F5880-StateMachineUpdater] INFO  ratis.ContainerStateMachine (ContainerStateMachine.java:takeSnapshot(289)) - group-DAEE684F5880: Taking a snapshot at:(t:1, i:15) file /workdir/hadoop-ozone/integration-test/target/test-dir/MiniOzoneClusterImpl-19ed16c9-28cb-4873-91f5-e899d205af27/datanode-5/data/ratis/06f251e7-f9c0-409d-aa57-daee684f5880/sm/snapshot.1_15
2019-09-17 05:39:58,097 [0076424b-dbc7-4d88-ac92-4910588e0078@group-DAEE684F5880-StateMachineUpdater] INFO  ratis.ContainerStateMachine (ContainerStateMachine.java:takeSnapshot(300)) - group-DAEE684F5880: Finished taking a snapshot at:(t:1, i:15) file:/workdir/hadoop-ozone/integration-test/target/test-dir/MiniOzoneClusterImpl-19ed16c9-28cb-4873-91f5-e899d205af27/datanode-5/data/ratis/06f251e7-f9c0-409d-aa57-daee684f5880/sm/snapshot.1_15 time:12
2019-09-17 05:39:58,097 [0076424b-dbc7-4d88-ac92-4910588e0078@group-DAEE684F5880-StateMachineUpdater] INFO  impl.StateMachineUpdater (StateMachineUpdater.java:takeSnapshot(258)) - 0076424b-dbc7-4d88-ac92-4910588e0078@group-DAEE684F5880-StateMachineUpdater: Took a snapshot at index 15
2019-09-17 05:39:58,097 [0076424b-dbc7-4d88-ac92-4910588e0078@group-DAEE684F5880-StateMachineUpdater] INFO  impl.StateMachineUpdater (StateMachineUpdater.java:lambda$new$0(83)) - 0076424b-dbc7-4d88-ac92-4910588e0078@group-DAEE684F5880-StateMachineUpdater: snapshotIndex: updateIncreasingly 15 -> 15
2019-09-17 05:39:58,097 [main] INFO  impl.RaftServerImpl (ServerState.java:close(385)) - 0076424b-dbc7-4d88-ac92-4910588e0078@group-DAEE684F5880: closes. applyIndex: 17
2019-09-17 05:39:58,098 [0076424b-dbc7-4d88-ac92-4910588e0078@group-DAEE684F5880-SegmentedRaftLogWorker] INFO  segmented.SegmentedRaftLogWorker (SegmentedRaftLogWorker.java:run(313)) - 0076424b-dbc7-4d88-ac92-4910588e0078@group-DAEE684F5880-SegmentedRaftLogWorker was interrupted, exiting. There are 0 tasks remaining in the queue.
2019-09-17 05:39:58,100 [main] INFO  segmented.SegmentedRaftLogWorker (SegmentedRaftLogWorker.java:close(228)) - 0076424b-dbc7-4d88-ac92-4910588e0078@group-DAEE684F5880-SegmentedRaftLogWorker close()
2019-09-17 05:39:58,102 [main] INFO  server.GrpcService (GrpcService.java:closeImpl(164)) - 0076424b-dbc7-4d88-ac92-4910588e0078: shutdown server with port 37240 now
2019-09-17 05:39:58,103 [main] INFO  server.GrpcService (GrpcService.java:closeImpl(172)) - 0076424b-dbc7-4d88-ac92-4910588e0078: shutdown server with port 37240 successfully
2019-09-17 05:39:58,106 [refreshUsed-/workdir/hadoop-ozone/integration-test/target/test-dir/MiniOzoneClusterImpl-19ed16c9-28cb-4873-91f5-e899d205af27/datanode-5/data/containers] WARN  fs.CachingGetSpaceUsed (CachingGetSpaceUsed.java:run(183)) - Thread Interrupted waiting to refresh disk information: sleep interrupted
2019-09-17 05:39:58,128 [main] INFO  utils.BackgroundService (BackgroundService.java:shutdown(148)) - Shutting down service BlockDeletingService
2019-09-17 05:39:58,133 [main] INFO  statemachine.DatanodeStateMachine (DatanodeStateMachine.java:stopDaemon(395)) - Ozone container server stopped.
2019-09-17 05:39:58,135 [main] INFO  handler.ContextHandler (ContextHandler.java:doStop(910)) - Stopped o.e.j.w.WebAppContext@3dc46f24{/,null,UNAVAILABLE}{/hddsDatanode}
2019-09-17 05:39:58,137 [main] INFO  server.AbstractConnector (AbstractConnector.java:doStop(318)) - Stopped ServerConnector@76af34b5{HTTP/1.1,[http/1.1]}{0.0.0.0:0}
2019-09-17 05:39:58,137 [main] INFO  handler.ContextHandler (ContextHandler.java:doStop(910)) - Stopped o.e.j.s.ServletContextHandler@75e0a54c{/static,jar:file:/home/user/.m2/repository/org/apache/hadoop/hadoop-hdds-container-service/0.5.0-SNAPSHOT/hadoop-hdds-container-service-0.5.0-SNAPSHOT.jar!/webapps/static,UNAVAILABLE}
2019-09-17 05:39:58,138 [main] INFO  handler.ContextHandler (ContextHandler.java:doStop(910)) - Stopped o.e.j.s.ServletContextHandler@f849027{/logs,file:///workdir/hadoop-ozone/integration-test/target/log,UNAVAILABLE}
2019-09-17 05:39:58,139 [main] INFO  ozone.MiniOzoneClusterImpl (MiniOzoneClusterImpl.java:stop(344)) - Stopping the StorageContainerManager
2019-09-17 05:39:58,139 [main] INFO  server.StorageContainerManager (StorageContainerManager.java:stop(801)) - Stopping Replication Manager Service.
2019-09-17 05:39:58,139 [main] INFO  container.ReplicationManager (ReplicationManager.java:stop(203)) - Stopping Replication Monitor Thread.
2019-09-17 05:39:58,140 [main] INFO  server.StorageContainerManager (StorageContainerManager.java:stop(808)) - Stopping Lease Manager of the command watchers
2019-09-17 05:39:58,140 [main] INFO  server.StorageContainerManager (StorageContainerManager.java:stop(815)) - Stopping datanode service RPC server
2019-09-17 05:39:58,140 [main] INFO  server.SCMDatanodeProtocolServer (SCMDatanodeProtocolServer.java:stop(367)) - Stopping the RPC server for DataNodes
2019-09-17 05:39:58,140 [main] INFO  ipc.Server (Server.java:stop(3082)) - Stopping server on 41833
2019-09-17 05:39:58,143 [IPC Server listener on 41833] INFO  ipc.Server (Server.java:run(1185)) - Stopping IPC Server listener on 41833
2019-09-17 05:39:58,144 [IPC Server Responder] INFO  ipc.Server (Server.java:run(1319)) - Stopping IPC Server Responder
2019-09-17 05:39:58,222 [SCM Heartbeat Processing Thread - 0] WARN  node.NodeStateManager (NodeStateManager.java:scheduleNextHealthCheck(646)) - Current Thread is interrupted, shutting down HB processing thread for Node Manager.
2019-09-17 05:39:58,222 [main] INFO  server.StorageContainerManager (StorageContainerManager.java:stop(823)) - Stopping block service RPC server
2019-09-17 05:39:58,223 [main] INFO  server.SCMBlockProtocolServer (SCMBlockProtocolServer.java:stop(155)) - Stopping the RPC server for Block Protocol
2019-09-17 05:39:58,223 [main] INFO  ipc.Server (Server.java:stop(3082)) - Stopping server on 37411
2019-09-17 05:39:58,226 [IPC Server listener on 37411] INFO  ipc.Server (Server.java:run(1185)) - Stopping IPC Server listener on 37411
2019-09-17 05:39:58,226 [main] INFO  server.StorageContainerManager (StorageContainerManager.java:stop(830)) - Stopping the StorageContainerLocationProtocol RPC server
2019-09-17 05:39:58,226 [main] INFO  server.SCMClientProtocolServer (SCMClientProtocolServer.java:stop(159)) - Stopping the RPC server for Client Protocol
2019-09-17 05:39:58,227 [main] INFO  ipc.Server (Server.java:stop(3082)) - Stopping server on 35674
2019-09-17 05:39:58,226 [IPC Server Responder] INFO  ipc.Server (Server.java:run(1319)) - Stopping IPC Server Responder
2019-09-17 05:39:58,232 [IPC Server listener on 35674] INFO  ipc.Server (Server.java:run(1185)) - Stopping IPC Server listener on 35674
2019-09-17 05:39:58,232 [main] INFO  server.StorageContainerManager (StorageContainerManager.java:stop(837)) - Stopping Storage Container Manager HTTP server.
2019-09-17 05:39:58,232 [IPC Server Responder] INFO  ipc.Server (Server.java:run(1319)) - Stopping IPC Server Responder
2019-09-17 05:39:58,234 [main] INFO  handler.ContextHandler (ContextHandler.java:doStop(910)) - Stopped o.e.j.w.WebAppContext@36b53f08{/,null,UNAVAILABLE}{/scm}
2019-09-17 05:39:58,235 [main] INFO  server.AbstractConnector (AbstractConnector.java:doStop(318)) - Stopped ServerConnector@54329480{HTTP/1.1,[http/1.1]}{0.0.0.0:0}
2019-09-17 05:39:58,235 [main] INFO  handler.ContextHandler (ContextHandler.java:doStop(910)) - Stopped o.e.j.s.ServletContextHandler@4c2c44e8{/static,file:///workdir/hadoop-ozone/integration-test/target/test-classes/webapps/static,UNAVAILABLE}
2019-09-17 05:39:58,236 [main] INFO  handler.ContextHandler (ContextHandler.java:doStop(910)) - Stopped o.e.j.s.ServletContextHandler@6546371{/logs,file:///workdir/hadoop-ozone/integration-test/target/log,UNAVAILABLE}
2019-09-17 05:39:58,236 [main] INFO  server.StorageContainerManager (StorageContainerManager.java:stop(848)) - Stopping Block Manager Service.
2019-09-17 05:39:58,237 [main] INFO  utils.BackgroundService (BackgroundService.java:shutdown(148)) - Shutting down service SCMBlockDeletingService
2019-09-17 05:39:58,237 [main] INFO  utils.BackgroundService (BackgroundService.java:shutdown(148)) - Shutting down service SCMBlockDeletingService
2019-09-17 05:39:58,237 [main] INFO  server.StorageContainerManager (StorageContainerManager.java:stop(870)) - Stopping SCM Event Queue.
2019-09-17 05:39:58,243 [main] INFO  impl.MetricsSystemImpl (MetricsSystemImpl.java:stop(210)) - Stopping HddsDatanode metrics system...
2019-09-17 05:39:58,274 [main] INFO  impl.MetricsSystemImpl (MetricsSystemImpl.java:stop(216)) - HddsDatanode metrics system stopped.
]]></system-out>
    <system-err><![CDATA[Sep 17, 2019 5:39:42 AM org.apache.ratis.thirdparty.io.grpc.internal.SerializingExecutor run
SEVERE: Exception while executing runnable org.apache.ratis.thirdparty.io.grpc.internal.ServerImpl$JumpToApplicationThreadServerStreamListener$1Closed@d9a0f84
org.apache.ratis.thirdparty.io.grpc.StatusRuntimeException: CANCELLED: call already cancelled
	at org.apache.ratis.thirdparty.io.grpc.Status.asRuntimeException(Status.java:517)
	at org.apache.ratis.thirdparty.io.grpc.stub.ServerCalls$ServerCallStreamObserverImpl.onCompleted(ServerCalls.java:356)
	at org.apache.ratis.grpc.server.GrpcServerProtocolService$ServerRequestStreamObserver.onError(GrpcServerProtocolService.java:121)
	at org.apache.ratis.thirdparty.io.grpc.stub.ServerCalls$StreamingServerCallHandler$StreamingServerCallListener.onCancel(ServerCalls.java:269)
	at org.apache.ratis.thirdparty.io.grpc.internal.ServerCallImpl$ServerStreamListenerImpl.closed(ServerCallImpl.java:293)
	at org.apache.ratis.thirdparty.io.grpc.internal.ServerImpl$JumpToApplicationThreadServerStreamListener$1Closed.runInContext(ServerImpl.java:741)
	at org.apache.ratis.thirdparty.io.grpc.internal.ContextRunnable.run(ContextRunnable.java:37)
	at org.apache.ratis.thirdparty.io.grpc.internal.SerializingExecutor.run(SerializingExecutor.java:123)
	at java.util.concurrent.ThreadPoolExecutor.runWorker(ThreadPoolExecutor.java:1149)
	at java.util.concurrent.ThreadPoolExecutor$Worker.run(ThreadPoolExecutor.java:624)
	at java.lang.Thread.run(Thread.java:748)

Sep 17, 2019 5:39:53 AM org.apache.ratis.thirdparty.io.grpc.internal.ManagedChannelOrphanWrapper$ManagedChannelReference cleanQueue
SEVERE: *~*~*~ Channel ManagedChannelImpl{logId=3536, target=192.168.69.122:40975} was not shutdown properly!!! ~*~*~*
    Make sure to call shutdown()/shutdownNow() and wait until awaitTermination() returns true.
java.lang.RuntimeException: ManagedChannel allocation site
	at org.apache.ratis.thirdparty.io.grpc.internal.ManagedChannelOrphanWrapper$ManagedChannelReference.<init>(ManagedChannelOrphanWrapper.java:103)
	at org.apache.ratis.thirdparty.io.grpc.internal.ManagedChannelOrphanWrapper.<init>(ManagedChannelOrphanWrapper.java:53)
	at org.apache.ratis.thirdparty.io.grpc.internal.ManagedChannelOrphanWrapper.<init>(ManagedChannelOrphanWrapper.java:44)
	at org.apache.ratis.thirdparty.io.grpc.internal.AbstractManagedChannelImplBuilder.build(AbstractManagedChannelImplBuilder.java:411)
	at org.apache.hadoop.hdds.scm.XceiverClientGrpc.connectToDatanode(XceiverClientGrpc.java:175)
	at org.apache.hadoop.hdds.scm.XceiverClientGrpc.reconnect(XceiverClientGrpc.java:423)
	at org.apache.hadoop.hdds.scm.XceiverClientGrpc.sendCommandAsync(XceiverClientGrpc.java:372)
	at org.apache.hadoop.hdds.scm.XceiverClientGrpc.sendCommandWithRetry(XceiverClientGrpc.java:285)
	at org.apache.hadoop.hdds.scm.XceiverClientGrpc.sendCommandWithTraceIDAndRetry(XceiverClientGrpc.java:251)
	at org.apache.hadoop.hdds.scm.XceiverClientGrpc.sendCommand(XceiverClientGrpc.java:234)
	at org.apache.hadoop.hdds.scm.storage.ContainerProtocolCalls.getBlock(ContainerProtocolCalls.java:118)
	at org.apache.hadoop.hdds.scm.storage.BlockInputStream.getChunkInfos(BlockInputStream.java:167)
	at org.apache.hadoop.hdds.scm.storage.BlockInputStream.initialize(BlockInputStream.java:118)
	at org.apache.hadoop.hdds.scm.storage.BlockInputStream.read(BlockInputStream.java:222)
	at org.apache.hadoop.ozone.client.io.KeyInputStream.read(KeyInputStream.java:171)
	at org.apache.hadoop.ozone.client.io.OzoneInputStream.read(OzoneInputStream.java:47)
	at java.io.InputStream.read(InputStream.java:101)
	at org.apache.hadoop.ozone.container.ContainerTestHelper.validateData(ContainerTestHelper.java:714)
	at org.apache.hadoop.ozone.client.rpc.TestBlockOutputStreamWithFailures.validateData(TestBlockOutputStreamWithFailures.java:1216)
	at org.apache.hadoop.ozone.client.rpc.TestBlockOutputStreamWithFailures.testFailureWithPrimeSizedData(TestBlockOutputStreamWithFailures.java:662)
	at sun.reflect.NativeMethodAccessorImpl.invoke0(Native Method)
	at sun.reflect.NativeMethodAccessorImpl.invoke(NativeMethodAccessorImpl.java:62)
	at sun.reflect.DelegatingMethodAccessorImpl.invoke(DelegatingMethodAccessorImpl.java:43)
	at java.lang.reflect.Method.invoke(Method.java:498)
	at org.junit.runners.model.FrameworkMethod$1.runReflectiveCall(FrameworkMethod.java:47)
	at org.junit.internal.runners.model.ReflectiveCallable.run(ReflectiveCallable.java:12)
	at org.junit.runners.model.FrameworkMethod.invokeExplosively(FrameworkMethod.java:44)
	at org.junit.internal.runners.statements.InvokeMethod.evaluate(InvokeMethod.java:17)
	at org.junit.internal.runners.statements.RunBefores.evaluate(RunBefores.java:26)
	at org.junit.internal.runners.statements.RunAfters.evaluate(RunAfters.java:27)
	at org.junit.runners.ParentRunner.runLeaf(ParentRunner.java:271)
	at org.junit.runners.BlockJUnit4ClassRunner.runChild(BlockJUnit4ClassRunner.java:70)
	at org.junit.runners.BlockJUnit4ClassRunner.runChild(BlockJUnit4ClassRunner.java:50)
	at org.junit.runners.ParentRunner$3.run(ParentRunner.java:238)
	at org.junit.runners.ParentRunner$1.schedule(ParentRunner.java:63)
	at org.junit.runners.ParentRunner.runChildren(ParentRunner.java:236)
	at org.junit.runners.ParentRunner.access$000(ParentRunner.java:53)
	at org.junit.runners.ParentRunner$2.evaluate(ParentRunner.java:229)
	at org.junit.runners.ParentRunner.run(ParentRunner.java:309)
	at org.apache.maven.surefire.junit4.JUnit4Provider.execute(JUnit4Provider.java:365)
	at org.apache.maven.surefire.junit4.JUnit4Provider.executeWithRerun(JUnit4Provider.java:273)
	at org.apache.maven.surefire.junit4.JUnit4Provider.executeTestSet(JUnit4Provider.java:238)
	at org.apache.maven.surefire.junit4.JUnit4Provider.invoke(JUnit4Provider.java:159)
	at org.apache.maven.surefire.booter.ForkedBooter.invokeProviderInSameClassLoader(ForkedBooter.java:384)
	at org.apache.maven.surefire.booter.ForkedBooter.runSuitesInProcess(ForkedBooter.java:345)
	at org.apache.maven.surefire.booter.ForkedBooter.execute(ForkedBooter.java:126)
	at org.apache.maven.surefire.booter.ForkedBooter.main(ForkedBooter.java:418)

Sep 17, 2019 5:39:53 AM org.apache.ratis.thirdparty.io.grpc.internal.ManagedChannelOrphanWrapper$ManagedChannelReference cleanQueue
SEVERE: *~*~*~ Channel ManagedChannelImpl{logId=3521, target=192.168.69.122:39612} was not shutdown properly!!! ~*~*~*
    Make sure to call shutdown()/shutdownNow() and wait until awaitTermination() returns true.
java.lang.RuntimeException: ManagedChannel allocation site
	at org.apache.ratis.thirdparty.io.grpc.internal.ManagedChannelOrphanWrapper$ManagedChannelReference.<init>(ManagedChannelOrphanWrapper.java:103)
	at org.apache.ratis.thirdparty.io.grpc.internal.ManagedChannelOrphanWrapper.<init>(ManagedChannelOrphanWrapper.java:53)
	at org.apache.ratis.thirdparty.io.grpc.internal.ManagedChannelOrphanWrapper.<init>(ManagedChannelOrphanWrapper.java:44)
	at org.apache.ratis.thirdparty.io.grpc.internal.AbstractManagedChannelImplBuilder.build(AbstractManagedChannelImplBuilder.java:411)
	at org.apache.ratis.grpc.client.GrpcClientProtocolClient.<init>(GrpcClientProtocolClient.java:127)
	at org.apache.ratis.grpc.client.GrpcClientRpc.lambda$new$0(GrpcClientRpc.java:55)
	at org.apache.ratis.util.PeerProxyMap$PeerAndProxy.lambda$getProxy$0(PeerProxyMap.java:61)
	at org.apache.ratis.util.LifeCycle.startAndTransition(LifeCycle.java:202)
	at org.apache.ratis.util.PeerProxyMap$PeerAndProxy.getProxy(PeerProxyMap.java:60)
	at org.apache.ratis.util.PeerProxyMap.getProxy(PeerProxyMap.java:108)
	at org.apache.ratis.grpc.client.GrpcClientRpc.sendRequestAsync(GrpcClientRpc.java:66)
	at org.apache.ratis.client.impl.OrderedAsync.sendRequest(OrderedAsync.java:208)
	at org.apache.ratis.client.impl.OrderedAsync.sendRequestWithRetry(OrderedAsync.java:169)
	at org.apache.ratis.util.SlidingWindow$Client.sendOrDelayRequest(SlidingWindow.java:278)
	at org.apache.ratis.util.SlidingWindow$Client.retry(SlidingWindow.java:294)
	at org.apache.ratis.client.impl.OrderedAsync.lambda$scheduleWithTimeout$7(OrderedAsync.java:195)
	at org.apache.ratis.util.TimeoutScheduler.lambda$onTimeout$0(TimeoutScheduler.java:113)
	at org.apache.ratis.util.TimeoutScheduler.lambda$onTimeout$1(TimeoutScheduler.java:133)
	at org.apache.ratis.util.LogUtils.runAndLog(LogUtils.java:50)
	at org.apache.ratis.util.LogUtils$1.run(LogUtils.java:91)
	at java.util.concurrent.Executors$RunnableAdapter.call(Executors.java:511)
	at java.util.concurrent.FutureTask.run(FutureTask.java:266)
	at java.util.concurrent.ScheduledThreadPoolExecutor$ScheduledFutureTask.access$201(ScheduledThreadPoolExecutor.java:180)
	at java.util.concurrent.ScheduledThreadPoolExecutor$ScheduledFutureTask.run(ScheduledThreadPoolExecutor.java:293)
	at java.util.concurrent.ThreadPoolExecutor.runWorker(ThreadPoolExecutor.java:1149)
	at java.util.concurrent.ThreadPoolExecutor$Worker.run(ThreadPoolExecutor.java:624)
	at java.lang.Thread.run(Thread.java:748)

Sep 17, 2019 5:39:53 AM org.apache.ratis.thirdparty.io.grpc.internal.ManagedChannelOrphanWrapper$ManagedChannelReference cleanQueue
SEVERE: *~*~*~ Channel ManagedChannelImpl{logId=3194, target=192.168.69.122:44096} was not shutdown properly!!! ~*~*~*
    Make sure to call shutdown()/shutdownNow() and wait until awaitTermination() returns true.
java.lang.RuntimeException: ManagedChannel allocation site
	at org.apache.ratis.thirdparty.io.grpc.internal.ManagedChannelOrphanWrapper$ManagedChannelReference.<init>(ManagedChannelOrphanWrapper.java:103)
	at org.apache.ratis.thirdparty.io.grpc.internal.ManagedChannelOrphanWrapper.<init>(ManagedChannelOrphanWrapper.java:53)
	at org.apache.ratis.thirdparty.io.grpc.internal.ManagedChannelOrphanWrapper.<init>(ManagedChannelOrphanWrapper.java:44)
	at org.apache.ratis.thirdparty.io.grpc.internal.AbstractManagedChannelImplBuilder.build(AbstractManagedChannelImplBuilder.java:411)
	at org.apache.hadoop.hdds.scm.XceiverClientGrpc.connectToDatanode(XceiverClientGrpc.java:175)
	at org.apache.hadoop.hdds.scm.XceiverClientGrpc.reconnect(XceiverClientGrpc.java:423)
	at org.apache.hadoop.hdds.scm.XceiverClientGrpc.sendCommandAsync(XceiverClientGrpc.java:372)
	at org.apache.hadoop.hdds.scm.XceiverClientGrpc.sendCommandWithRetry(XceiverClientGrpc.java:285)
	at org.apache.hadoop.hdds.scm.XceiverClientGrpc.sendCommandWithTraceIDAndRetry(XceiverClientGrpc.java:251)
	at org.apache.hadoop.hdds.scm.XceiverClientGrpc.sendCommand(XceiverClientGrpc.java:234)
	at org.apache.hadoop.hdds.scm.storage.ContainerProtocolCalls.getBlock(ContainerProtocolCalls.java:118)
	at org.apache.hadoop.hdds.scm.storage.BlockInputStream.getChunkInfos(BlockInputStream.java:167)
	at org.apache.hadoop.hdds.scm.storage.BlockInputStream.initialize(BlockInputStream.java:118)
	at org.apache.hadoop.hdds.scm.storage.BlockInputStream.read(BlockInputStream.java:222)
	at org.apache.hadoop.ozone.client.io.KeyInputStream.read(KeyInputStream.java:171)
	at org.apache.hadoop.ozone.client.io.OzoneInputStream.read(OzoneInputStream.java:47)
	at java.io.InputStream.read(InputStream.java:101)
	at org.apache.hadoop.ozone.container.ContainerTestHelper.validateData(ContainerTestHelper.java:714)
	at org.apache.hadoop.ozone.client.rpc.TestBlockOutputStreamWithFailures.validateData(TestBlockOutputStreamWithFailures.java:1216)
	at org.apache.hadoop.ozone.client.rpc.TestBlockOutputStreamWithFailures.testWatchForCommitDatanodeFailure(TestBlockOutputStreamWithFailures.java:393)
	at sun.reflect.NativeMethodAccessorImpl.invoke0(Native Method)
	at sun.reflect.NativeMethodAccessorImpl.invoke(NativeMethodAccessorImpl.java:62)
	at sun.reflect.DelegatingMethodAccessorImpl.invoke(DelegatingMethodAccessorImpl.java:43)
	at java.lang.reflect.Method.invoke(Method.java:498)
	at org.junit.runners.model.FrameworkMethod$1.runReflectiveCall(FrameworkMethod.java:47)
	at org.junit.internal.runners.model.ReflectiveCallable.run(ReflectiveCallable.java:12)
	at org.junit.runners.model.FrameworkMethod.invokeExplosively(FrameworkMethod.java:44)
	at org.junit.internal.runners.statements.InvokeMethod.evaluate(InvokeMethod.java:17)
	at org.junit.internal.runners.statements.RunBefores.evaluate(RunBefores.java:26)
	at org.junit.internal.runners.statements.RunAfters.evaluate(RunAfters.java:27)
	at org.junit.runners.ParentRunner.runLeaf(ParentRunner.java:271)
	at org.junit.runners.BlockJUnit4ClassRunner.runChild(BlockJUnit4ClassRunner.java:70)
	at org.junit.runners.BlockJUnit4ClassRunner.runChild(BlockJUnit4ClassRunner.java:50)
	at org.junit.runners.ParentRunner$3.run(ParentRunner.java:238)
	at org.junit.runners.ParentRunner$1.schedule(ParentRunner.java:63)
	at org.junit.runners.ParentRunner.runChildren(ParentRunner.java:236)
	at org.junit.runners.ParentRunner.access$000(ParentRunner.java:53)
	at org.junit.runners.ParentRunner$2.evaluate(ParentRunner.java:229)
	at org.junit.runners.ParentRunner.run(ParentRunner.java:309)
	at org.apache.maven.surefire.junit4.JUnit4Provider.execute(JUnit4Provider.java:365)
	at org.apache.maven.surefire.junit4.JUnit4Provider.executeWithRerun(JUnit4Provider.java:273)
	at org.apache.maven.surefire.junit4.JUnit4Provider.executeTestSet(JUnit4Provider.java:238)
	at org.apache.maven.surefire.junit4.JUnit4Provider.invoke(JUnit4Provider.java:159)
	at org.apache.maven.surefire.booter.ForkedBooter.invokeProviderInSameClassLoader(ForkedBooter.java:384)
	at org.apache.maven.surefire.booter.ForkedBooter.runSuitesInProcess(ForkedBooter.java:345)
	at org.apache.maven.surefire.booter.ForkedBooter.execute(ForkedBooter.java:126)
	at org.apache.maven.surefire.booter.ForkedBooter.main(ForkedBooter.java:418)

Sep 17, 2019 5:39:53 AM org.apache.ratis.thirdparty.io.grpc.internal.ManagedChannelOrphanWrapper$ManagedChannelReference cleanQueue
SEVERE: *~*~*~ Channel ManagedChannelImpl{logId=3526, target=192.168.69.122:36725} was not shutdown properly!!! ~*~*~*
    Make sure to call shutdown()/shutdownNow() and wait until awaitTermination() returns true.
java.lang.RuntimeException: ManagedChannel allocation site
	at org.apache.ratis.thirdparty.io.grpc.internal.ManagedChannelOrphanWrapper$ManagedChannelReference.<init>(ManagedChannelOrphanWrapper.java:103)
	at org.apache.ratis.thirdparty.io.grpc.internal.ManagedChannelOrphanWrapper.<init>(ManagedChannelOrphanWrapper.java:53)
	at org.apache.ratis.thirdparty.io.grpc.internal.ManagedChannelOrphanWrapper.<init>(ManagedChannelOrphanWrapper.java:44)
	at org.apache.ratis.thirdparty.io.grpc.internal.AbstractManagedChannelImplBuilder.build(AbstractManagedChannelImplBuilder.java:411)
	at org.apache.hadoop.hdds.scm.XceiverClientGrpc.connectToDatanode(XceiverClientGrpc.java:175)
	at org.apache.hadoop.hdds.scm.XceiverClientGrpc.reconnect(XceiverClientGrpc.java:423)
	at org.apache.hadoop.hdds.scm.XceiverClientGrpc.sendCommandAsync(XceiverClientGrpc.java:372)
	at org.apache.hadoop.hdds.scm.XceiverClientGrpc.sendCommandWithRetry(XceiverClientGrpc.java:285)
	at org.apache.hadoop.hdds.scm.XceiverClientGrpc.sendCommandWithTraceIDAndRetry(XceiverClientGrpc.java:251)
	at org.apache.hadoop.hdds.scm.XceiverClientGrpc.sendCommand(XceiverClientGrpc.java:234)
	at org.apache.hadoop.hdds.scm.storage.ContainerProtocolCalls.getBlock(ContainerProtocolCalls.java:118)
	at org.apache.hadoop.hdds.scm.storage.BlockInputStream.getChunkInfos(BlockInputStream.java:167)
	at org.apache.hadoop.hdds.scm.storage.BlockInputStream.initialize(BlockInputStream.java:118)
	at org.apache.hadoop.hdds.scm.storage.BlockInputStream.read(BlockInputStream.java:222)
	at org.apache.hadoop.ozone.client.io.KeyInputStream.read(KeyInputStream.java:171)
	at org.apache.hadoop.ozone.client.io.OzoneInputStream.read(OzoneInputStream.java:47)
	at java.io.InputStream.read(InputStream.java:101)
	at org.apache.hadoop.ozone.container.ContainerTestHelper.validateData(ContainerTestHelper.java:714)
	at org.apache.hadoop.ozone.client.rpc.TestBlockOutputStreamWithFailures.validateData(TestBlockOutputStreamWithFailures.java:1216)
	at org.apache.hadoop.ozone.client.rpc.TestBlockOutputStreamWithFailures.testFailureWithPrimeSizedData(TestBlockOutputStreamWithFailures.java:662)
	at sun.reflect.NativeMethodAccessorImpl.invoke0(Native Method)
	at sun.reflect.NativeMethodAccessorImpl.invoke(NativeMethodAccessorImpl.java:62)
	at sun.reflect.DelegatingMethodAccessorImpl.invoke(DelegatingMethodAccessorImpl.java:43)
	at java.lang.reflect.Method.invoke(Method.java:498)
	at org.junit.runners.model.FrameworkMethod$1.runReflectiveCall(FrameworkMethod.java:47)
	at org.junit.internal.runners.model.ReflectiveCallable.run(ReflectiveCallable.java:12)
	at org.junit.runners.model.FrameworkMethod.invokeExplosively(FrameworkMethod.java:44)
	at org.junit.internal.runners.statements.InvokeMethod.evaluate(InvokeMethod.java:17)
	at org.junit.internal.runners.statements.RunBefores.evaluate(RunBefores.java:26)
	at org.junit.internal.runners.statements.RunAfters.evaluate(RunAfters.java:27)
	at org.junit.runners.ParentRunner.runLeaf(ParentRunner.java:271)
	at org.junit.runners.BlockJUnit4ClassRunner.runChild(BlockJUnit4ClassRunner.java:70)
	at org.junit.runners.BlockJUnit4ClassRunner.runChild(BlockJUnit4ClassRunner.java:50)
	at org.junit.runners.ParentRunner$3.run(ParentRunner.java:238)
	at org.junit.runners.ParentRunner$1.schedule(ParentRunner.java:63)
	at org.junit.runners.ParentRunner.runChildren(ParentRunner.java:236)
	at org.junit.runners.ParentRunner.access$000(ParentRunner.java:53)
	at org.junit.runners.ParentRunner$2.evaluate(ParentRunner.java:229)
	at org.junit.runners.ParentRunner.run(ParentRunner.java:309)
	at org.apache.maven.surefire.junit4.JUnit4Provider.execute(JUnit4Provider.java:365)
	at org.apache.maven.surefire.junit4.JUnit4Provider.executeWithRerun(JUnit4Provider.java:273)
	at org.apache.maven.surefire.junit4.JUnit4Provider.executeTestSet(JUnit4Provider.java:238)
	at org.apache.maven.surefire.junit4.JUnit4Provider.invoke(JUnit4Provider.java:159)
	at org.apache.maven.surefire.booter.ForkedBooter.invokeProviderInSameClassLoader(ForkedBooter.java:384)
	at org.apache.maven.surefire.booter.ForkedBooter.runSuitesInProcess(ForkedBooter.java:345)
	at org.apache.maven.surefire.booter.ForkedBooter.execute(ForkedBooter.java:126)
	at org.apache.maven.surefire.booter.ForkedBooter.main(ForkedBooter.java:418)

Sep 17, 2019 5:39:53 AM org.apache.ratis.thirdparty.io.grpc.internal.ManagedChannelOrphanWrapper$ManagedChannelReference cleanQueue
SEVERE: *~*~*~ Channel ManagedChannelImpl{logId=3179, target=192.168.69.122:36901} was not shutdown properly!!! ~*~*~*
    Make sure to call shutdown()/shutdownNow() and wait until awaitTermination() returns true.
java.lang.RuntimeException: ManagedChannel allocation site
	at org.apache.ratis.thirdparty.io.grpc.internal.ManagedChannelOrphanWrapper$ManagedChannelReference.<init>(ManagedChannelOrphanWrapper.java:103)
	at org.apache.ratis.thirdparty.io.grpc.internal.ManagedChannelOrphanWrapper.<init>(ManagedChannelOrphanWrapper.java:53)
	at org.apache.ratis.thirdparty.io.grpc.internal.ManagedChannelOrphanWrapper.<init>(ManagedChannelOrphanWrapper.java:44)
	at org.apache.ratis.thirdparty.io.grpc.internal.AbstractManagedChannelImplBuilder.build(AbstractManagedChannelImplBuilder.java:411)
	at org.apache.ratis.grpc.client.GrpcClientProtocolClient.<init>(GrpcClientProtocolClient.java:127)
	at org.apache.ratis.grpc.client.GrpcClientRpc.lambda$new$0(GrpcClientRpc.java:55)
	at org.apache.ratis.util.PeerProxyMap$PeerAndProxy.lambda$getProxy$0(PeerProxyMap.java:61)
	at org.apache.ratis.util.LifeCycle.startAndTransition(LifeCycle.java:202)
	at org.apache.ratis.util.PeerProxyMap$PeerAndProxy.getProxy(PeerProxyMap.java:60)
	at org.apache.ratis.util.PeerProxyMap.getProxy(PeerProxyMap.java:108)
	at org.apache.ratis.grpc.client.GrpcClientRpc.sendRequestAsync(GrpcClientRpc.java:66)
	at org.apache.ratis.client.impl.OrderedAsync.sendRequest(OrderedAsync.java:208)
	at org.apache.ratis.client.impl.OrderedAsync.sendRequestWithRetry(OrderedAsync.java:169)
	at org.apache.ratis.util.SlidingWindow$Client.sendOrDelayRequest(SlidingWindow.java:278)
	at org.apache.ratis.util.SlidingWindow$Client.retry(SlidingWindow.java:294)
	at org.apache.ratis.client.impl.OrderedAsync.lambda$scheduleWithTimeout$7(OrderedAsync.java:195)
	at org.apache.ratis.util.TimeoutScheduler.lambda$onTimeout$0(TimeoutScheduler.java:113)
	at org.apache.ratis.util.TimeoutScheduler.lambda$onTimeout$1(TimeoutScheduler.java:133)
	at org.apache.ratis.util.LogUtils.runAndLog(LogUtils.java:50)
	at org.apache.ratis.util.LogUtils$1.run(LogUtils.java:91)
	at java.util.concurrent.Executors$RunnableAdapter.call(Executors.java:511)
	at java.util.concurrent.FutureTask.run(FutureTask.java:266)
	at java.util.concurrent.ScheduledThreadPoolExecutor$ScheduledFutureTask.access$201(ScheduledThreadPoolExecutor.java:180)
	at java.util.concurrent.ScheduledThreadPoolExecutor$ScheduledFutureTask.run(ScheduledThreadPoolExecutor.java:293)
	at java.util.concurrent.ThreadPoolExecutor.runWorker(ThreadPoolExecutor.java:1149)
	at java.util.concurrent.ThreadPoolExecutor$Worker.run(ThreadPoolExecutor.java:624)
	at java.lang.Thread.run(Thread.java:748)

Sep 17, 2019 5:39:53 AM org.apache.ratis.thirdparty.io.grpc.internal.ManagedChannelOrphanWrapper$ManagedChannelReference cleanQueue
SEVERE: *~*~*~ Channel ManagedChannelImpl{logId=3184, target=192.168.69.122:36918} was not shutdown properly!!! ~*~*~*
    Make sure to call shutdown()/shutdownNow() and wait until awaitTermination() returns true.
java.lang.RuntimeException: ManagedChannel allocation site
	at org.apache.ratis.thirdparty.io.grpc.internal.ManagedChannelOrphanWrapper$ManagedChannelReference.<init>(ManagedChannelOrphanWrapper.java:103)
	at org.apache.ratis.thirdparty.io.grpc.internal.ManagedChannelOrphanWrapper.<init>(ManagedChannelOrphanWrapper.java:53)
	at org.apache.ratis.thirdparty.io.grpc.internal.ManagedChannelOrphanWrapper.<init>(ManagedChannelOrphanWrapper.java:44)
	at org.apache.ratis.thirdparty.io.grpc.internal.AbstractManagedChannelImplBuilder.build(AbstractManagedChannelImplBuilder.java:411)
	at org.apache.hadoop.hdds.scm.XceiverClientGrpc.connectToDatanode(XceiverClientGrpc.java:175)
	at org.apache.hadoop.hdds.scm.XceiverClientGrpc.reconnect(XceiverClientGrpc.java:423)
	at org.apache.hadoop.hdds.scm.XceiverClientGrpc.sendCommandAsync(XceiverClientGrpc.java:372)
	at org.apache.hadoop.hdds.scm.XceiverClientGrpc.sendCommandWithRetry(XceiverClientGrpc.java:285)
	at org.apache.hadoop.hdds.scm.XceiverClientGrpc.sendCommandWithTraceIDAndRetry(XceiverClientGrpc.java:251)
	at org.apache.hadoop.hdds.scm.XceiverClientGrpc.sendCommand(XceiverClientGrpc.java:234)
	at org.apache.hadoop.hdds.scm.storage.ContainerProtocolCalls.getBlock(ContainerProtocolCalls.java:118)
	at org.apache.hadoop.hdds.scm.storage.BlockInputStream.getChunkInfos(BlockInputStream.java:167)
	at org.apache.hadoop.hdds.scm.storage.BlockInputStream.initialize(BlockInputStream.java:118)
	at org.apache.hadoop.hdds.scm.storage.BlockInputStream.read(BlockInputStream.java:222)
	at org.apache.hadoop.ozone.client.io.KeyInputStream.read(KeyInputStream.java:171)
	at org.apache.hadoop.ozone.client.io.OzoneInputStream.read(OzoneInputStream.java:47)
	at java.io.InputStream.read(InputStream.java:101)
	at org.apache.hadoop.ozone.container.ContainerTestHelper.validateData(ContainerTestHelper.java:714)
	at org.apache.hadoop.ozone.client.rpc.TestBlockOutputStreamWithFailures.validateData(TestBlockOutputStreamWithFailures.java:1216)
	at org.apache.hadoop.ozone.client.rpc.TestBlockOutputStreamWithFailures.testWatchForCommitDatanodeFailure(TestBlockOutputStreamWithFailures.java:393)
	at sun.reflect.NativeMethodAccessorImpl.invoke0(Native Method)
	at sun.reflect.NativeMethodAccessorImpl.invoke(NativeMethodAccessorImpl.java:62)
	at sun.reflect.DelegatingMethodAccessorImpl.invoke(DelegatingMethodAccessorImpl.java:43)
	at java.lang.reflect.Method.invoke(Method.java:498)
	at org.junit.runners.model.FrameworkMethod$1.runReflectiveCall(FrameworkMethod.java:47)
	at org.junit.internal.runners.model.ReflectiveCallable.run(ReflectiveCallable.java:12)
	at org.junit.runners.model.FrameworkMethod.invokeExplosively(FrameworkMethod.java:44)
	at org.junit.internal.runners.statements.InvokeMethod.evaluate(InvokeMethod.java:17)
	at org.junit.internal.runners.statements.RunBefores.evaluate(RunBefores.java:26)
	at org.junit.internal.runners.statements.RunAfters.evaluate(RunAfters.java:27)
	at org.junit.runners.ParentRunner.runLeaf(ParentRunner.java:271)
	at org.junit.runners.BlockJUnit4ClassRunner.runChild(BlockJUnit4ClassRunner.java:70)
	at org.junit.runners.BlockJUnit4ClassRunner.runChild(BlockJUnit4ClassRunner.java:50)
	at org.junit.runners.ParentRunner$3.run(ParentRunner.java:238)
	at org.junit.runners.ParentRunner$1.schedule(ParentRunner.java:63)
	at org.junit.runners.ParentRunner.runChildren(ParentRunner.java:236)
	at org.junit.runners.ParentRunner.access$000(ParentRunner.java:53)
	at org.junit.runners.ParentRunner$2.evaluate(ParentRunner.java:229)
	at org.junit.runners.ParentRunner.run(ParentRunner.java:309)
	at org.apache.maven.surefire.junit4.JUnit4Provider.execute(JUnit4Provider.java:365)
	at org.apache.maven.surefire.junit4.JUnit4Provider.executeWithRerun(JUnit4Provider.java:273)
	at org.apache.maven.surefire.junit4.JUnit4Provider.executeTestSet(JUnit4Provider.java:238)
	at org.apache.maven.surefire.junit4.JUnit4Provider.invoke(JUnit4Provider.java:159)
	at org.apache.maven.surefire.booter.ForkedBooter.invokeProviderInSameClassLoader(ForkedBooter.java:384)
	at org.apache.maven.surefire.booter.ForkedBooter.runSuitesInProcess(ForkedBooter.java:345)
	at org.apache.maven.surefire.booter.ForkedBooter.execute(ForkedBooter.java:126)
	at org.apache.maven.surefire.booter.ForkedBooter.main(ForkedBooter.java:418)

Sep 17, 2019 5:39:53 AM org.apache.ratis.thirdparty.io.grpc.internal.ManagedChannelOrphanWrapper$ManagedChannelReference cleanQueue
SEVERE: *~*~*~ Channel ManagedChannelImpl{logId=3531, target=192.168.69.122:43654} was not shutdown properly!!! ~*~*~*
    Make sure to call shutdown()/shutdownNow() and wait until awaitTermination() returns true.
java.lang.RuntimeException: ManagedChannel allocation site
	at org.apache.ratis.thirdparty.io.grpc.internal.ManagedChannelOrphanWrapper$ManagedChannelReference.<init>(ManagedChannelOrphanWrapper.java:103)
	at org.apache.ratis.thirdparty.io.grpc.internal.ManagedChannelOrphanWrapper.<init>(ManagedChannelOrphanWrapper.java:53)
	at org.apache.ratis.thirdparty.io.grpc.internal.ManagedChannelOrphanWrapper.<init>(ManagedChannelOrphanWrapper.java:44)
	at org.apache.ratis.thirdparty.io.grpc.internal.AbstractManagedChannelImplBuilder.build(AbstractManagedChannelImplBuilder.java:411)
	at org.apache.hadoop.hdds.scm.XceiverClientGrpc.connectToDatanode(XceiverClientGrpc.java:175)
	at org.apache.hadoop.hdds.scm.XceiverClientGrpc.reconnect(XceiverClientGrpc.java:423)
	at org.apache.hadoop.hdds.scm.XceiverClientGrpc.sendCommandAsync(XceiverClientGrpc.java:372)
	at org.apache.hadoop.hdds.scm.XceiverClientGrpc.sendCommandWithRetry(XceiverClientGrpc.java:285)
	at org.apache.hadoop.hdds.scm.XceiverClientGrpc.sendCommandWithTraceIDAndRetry(XceiverClientGrpc.java:251)
	at org.apache.hadoop.hdds.scm.XceiverClientGrpc.sendCommand(XceiverClientGrpc.java:234)
	at org.apache.hadoop.hdds.scm.storage.ContainerProtocolCalls.readChunk(ContainerProtocolCalls.java:245)
	at org.apache.hadoop.hdds.scm.storage.ChunkInputStream.readChunk(ChunkInputStream.java:335)
	at org.apache.hadoop.hdds.scm.storage.ChunkInputStream.readChunkFromContainer(ChunkInputStream.java:307)
	at org.apache.hadoop.hdds.scm.storage.ChunkInputStream.prepareRead(ChunkInputStream.java:259)
	at org.apache.hadoop.hdds.scm.storage.ChunkInputStream.read(ChunkInputStream.java:144)
	at org.apache.hadoop.hdds.scm.storage.BlockInputStream.read(BlockInputStream.java:239)
	at org.apache.hadoop.ozone.client.io.KeyInputStream.read(KeyInputStream.java:171)
	at org.apache.hadoop.ozone.client.io.OzoneInputStream.read(OzoneInputStream.java:47)
	at java.io.InputStream.read(InputStream.java:101)
	at org.apache.hadoop.ozone.container.ContainerTestHelper.validateData(ContainerTestHelper.java:714)
	at org.apache.hadoop.ozone.client.rpc.TestBlockOutputStreamWithFailures.validateData(TestBlockOutputStreamWithFailures.java:1216)
	at org.apache.hadoop.ozone.client.rpc.TestBlockOutputStreamWithFailures.testFailureWithPrimeSizedData(TestBlockOutputStreamWithFailures.java:662)
	at sun.reflect.NativeMethodAccessorImpl.invoke0(Native Method)
	at sun.reflect.NativeMethodAccessorImpl.invoke(NativeMethodAccessorImpl.java:62)
	at sun.reflect.DelegatingMethodAccessorImpl.invoke(DelegatingMethodAccessorImpl.java:43)
	at java.lang.reflect.Method.invoke(Method.java:498)
	at org.junit.runners.model.FrameworkMethod$1.runReflectiveCall(FrameworkMethod.java:47)
	at org.junit.internal.runners.model.ReflectiveCallable.run(ReflectiveCallable.java:12)
	at org.junit.runners.model.FrameworkMethod.invokeExplosively(FrameworkMethod.java:44)
	at org.junit.internal.runners.statements.InvokeMethod.evaluate(InvokeMethod.java:17)
	at org.junit.internal.runners.statements.RunBefores.evaluate(RunBefores.java:26)
	at org.junit.internal.runners.statements.RunAfters.evaluate(RunAfters.java:27)
	at org.junit.runners.ParentRunner.runLeaf(ParentRunner.java:271)
	at org.junit.runners.BlockJUnit4ClassRunner.runChild(BlockJUnit4ClassRunner.java:70)
	at org.junit.runners.BlockJUnit4ClassRunner.runChild(BlockJUnit4ClassRunner.java:50)
	at org.junit.runners.ParentRunner$3.run(ParentRunner.java:238)
	at org.junit.runners.ParentRunner$1.schedule(ParentRunner.java:63)
	at org.junit.runners.ParentRunner.runChildren(ParentRunner.java:236)
	at org.junit.runners.ParentRunner.access$000(ParentRunner.java:53)
	at org.junit.runners.ParentRunner$2.evaluate(ParentRunner.java:229)
	at org.junit.runners.ParentRunner.run(ParentRunner.java:309)
	at org.apache.maven.surefire.junit4.JUnit4Provider.execute(JUnit4Provider.java:365)
	at org.apache.maven.surefire.junit4.JUnit4Provider.executeWithRerun(JUnit4Provider.java:273)
	at org.apache.maven.surefire.junit4.JUnit4Provider.executeTestSet(JUnit4Provider.java:238)
	at org.apache.maven.surefire.junit4.JUnit4Provider.invoke(JUnit4Provider.java:159)
	at org.apache.maven.surefire.booter.ForkedBooter.invokeProviderInSameClassLoader(ForkedBooter.java:384)
	at org.apache.maven.surefire.booter.ForkedBooter.runSuitesInProcess(ForkedBooter.java:345)
	at org.apache.maven.surefire.booter.ForkedBooter.execute(ForkedBooter.java:126)
	at org.apache.maven.surefire.booter.ForkedBooter.main(ForkedBooter.java:418)

Sep 17, 2019 5:39:53 AM org.apache.ratis.thirdparty.io.grpc.internal.ManagedChannelOrphanWrapper$ManagedChannelReference cleanQueue
SEVERE: *~*~*~ Channel ManagedChannelImpl{logId=3189, target=192.168.69.122:37060} was not shutdown properly!!! ~*~*~*
    Make sure to call shutdown()/shutdownNow() and wait until awaitTermination() returns true.
java.lang.RuntimeException: ManagedChannel allocation site
	at org.apache.ratis.thirdparty.io.grpc.internal.ManagedChannelOrphanWrapper$ManagedChannelReference.<init>(ManagedChannelOrphanWrapper.java:103)
	at org.apache.ratis.thirdparty.io.grpc.internal.ManagedChannelOrphanWrapper.<init>(ManagedChannelOrphanWrapper.java:53)
	at org.apache.ratis.thirdparty.io.grpc.internal.ManagedChannelOrphanWrapper.<init>(ManagedChannelOrphanWrapper.java:44)
	at org.apache.ratis.thirdparty.io.grpc.internal.AbstractManagedChannelImplBuilder.build(AbstractManagedChannelImplBuilder.java:411)
	at org.apache.hadoop.hdds.scm.XceiverClientGrpc.connectToDatanode(XceiverClientGrpc.java:175)
	at org.apache.hadoop.hdds.scm.XceiverClientGrpc.reconnect(XceiverClientGrpc.java:423)
	at org.apache.hadoop.hdds.scm.XceiverClientGrpc.sendCommandAsync(XceiverClientGrpc.java:372)
	at org.apache.hadoop.hdds.scm.XceiverClientGrpc.sendCommandWithRetry(XceiverClientGrpc.java:285)
	at org.apache.hadoop.hdds.scm.XceiverClientGrpc.sendCommandWithTraceIDAndRetry(XceiverClientGrpc.java:251)
	at org.apache.hadoop.hdds.scm.XceiverClientGrpc.sendCommand(XceiverClientGrpc.java:234)
	at org.apache.hadoop.hdds.scm.storage.ContainerProtocolCalls.readChunk(ContainerProtocolCalls.java:245)
	at org.apache.hadoop.hdds.scm.storage.ChunkInputStream.readChunk(ChunkInputStream.java:335)
	at org.apache.hadoop.hdds.scm.storage.ChunkInputStream.readChunkFromContainer(ChunkInputStream.java:307)
	at org.apache.hadoop.hdds.scm.storage.ChunkInputStream.prepareRead(ChunkInputStream.java:259)
	at org.apache.hadoop.hdds.scm.storage.ChunkInputStream.read(ChunkInputStream.java:144)
	at org.apache.hadoop.hdds.scm.storage.BlockInputStream.read(BlockInputStream.java:239)
	at org.apache.hadoop.ozone.client.io.KeyInputStream.read(KeyInputStream.java:171)
	at org.apache.hadoop.ozone.client.io.OzoneInputStream.read(OzoneInputStream.java:47)
	at java.io.InputStream.read(InputStream.java:101)
	at org.apache.hadoop.ozone.container.ContainerTestHelper.validateData(ContainerTestHelper.java:714)
	at org.apache.hadoop.ozone.client.rpc.TestBlockOutputStreamWithFailures.validateData(TestBlockOutputStreamWithFailures.java:1216)
	at org.apache.hadoop.ozone.client.rpc.TestBlockOutputStreamWithFailures.testWatchForCommitDatanodeFailure(TestBlockOutputStreamWithFailures.java:393)
	at sun.reflect.NativeMethodAccessorImpl.invoke0(Native Method)
	at sun.reflect.NativeMethodAccessorImpl.invoke(NativeMethodAccessorImpl.java:62)
	at sun.reflect.DelegatingMethodAccessorImpl.invoke(DelegatingMethodAccessorImpl.java:43)
	at java.lang.reflect.Method.invoke(Method.java:498)
	at org.junit.runners.model.FrameworkMethod$1.runReflectiveCall(FrameworkMethod.java:47)
	at org.junit.internal.runners.model.ReflectiveCallable.run(ReflectiveCallable.java:12)
	at org.junit.runners.model.FrameworkMethod.invokeExplosively(FrameworkMethod.java:44)
	at org.junit.internal.runners.statements.InvokeMethod.evaluate(InvokeMethod.java:17)
	at org.junit.internal.runners.statements.RunBefores.evaluate(RunBefores.java:26)
	at org.junit.internal.runners.statements.RunAfters.evaluate(RunAfters.java:27)
	at org.junit.runners.ParentRunner.runLeaf(ParentRunner.java:271)
	at org.junit.runners.BlockJUnit4ClassRunner.runChild(BlockJUnit4ClassRunner.java:70)
	at org.junit.runners.BlockJUnit4ClassRunner.runChild(BlockJUnit4ClassRunner.java:50)
	at org.junit.runners.ParentRunner$3.run(ParentRunner.java:238)
	at org.junit.runners.ParentRunner$1.schedule(ParentRunner.java:63)
	at org.junit.runners.ParentRunner.runChildren(ParentRunner.java:236)
	at org.junit.runners.ParentRunner.access$000(ParentRunner.java:53)
	at org.junit.runners.ParentRunner$2.evaluate(ParentRunner.java:229)
	at org.junit.runners.ParentRunner.run(ParentRunner.java:309)
	at org.apache.maven.surefire.junit4.JUnit4Provider.execute(JUnit4Provider.java:365)
	at org.apache.maven.surefire.junit4.JUnit4Provider.executeWithRerun(JUnit4Provider.java:273)
	at org.apache.maven.surefire.junit4.JUnit4Provider.executeTestSet(JUnit4Provider.java:238)
	at org.apache.maven.surefire.junit4.JUnit4Provider.invoke(JUnit4Provider.java:159)
	at org.apache.maven.surefire.booter.ForkedBooter.invokeProviderInSameClassLoader(ForkedBooter.java:384)
	at org.apache.maven.surefire.booter.ForkedBooter.runSuitesInProcess(ForkedBooter.java:345)
	at org.apache.maven.surefire.booter.ForkedBooter.execute(ForkedBooter.java:126)
	at org.apache.maven.surefire.booter.ForkedBooter.main(ForkedBooter.java:418)

Sep 17, 2019 5:39:53 AM org.apache.ratis.thirdparty.io.grpc.internal.ManagedChannelOrphanWrapper$ManagedChannelReference cleanQueue
SEVERE: *~*~*~ Channel ManagedChannelImpl{logId=3471, target=192.168.69.122:37706} was not shutdown properly!!! ~*~*~*
    Make sure to call shutdown()/shutdownNow() and wait until awaitTermination() returns true.
java.lang.RuntimeException: ManagedChannel allocation site
	at org.apache.ratis.thirdparty.io.grpc.internal.ManagedChannelOrphanWrapper$ManagedChannelReference.<init>(ManagedChannelOrphanWrapper.java:103)
	at org.apache.ratis.thirdparty.io.grpc.internal.ManagedChannelOrphanWrapper.<init>(ManagedChannelOrphanWrapper.java:53)
	at org.apache.ratis.thirdparty.io.grpc.internal.ManagedChannelOrphanWrapper.<init>(ManagedChannelOrphanWrapper.java:44)
	at org.apache.ratis.thirdparty.io.grpc.internal.AbstractManagedChannelImplBuilder.build(AbstractManagedChannelImplBuilder.java:411)
	at org.apache.ratis.grpc.client.GrpcClientProtocolClient.<init>(GrpcClientProtocolClient.java:127)
	at org.apache.ratis.grpc.client.GrpcClientRpc.lambda$new$0(GrpcClientRpc.java:55)
	at org.apache.ratis.util.PeerProxyMap$PeerAndProxy.lambda$getProxy$0(PeerProxyMap.java:61)
	at org.apache.ratis.util.LifeCycle.startAndTransition(LifeCycle.java:202)
	at org.apache.ratis.util.PeerProxyMap$PeerAndProxy.getProxy(PeerProxyMap.java:60)
	at org.apache.ratis.util.PeerProxyMap.getProxy(PeerProxyMap.java:108)
	at org.apache.ratis.grpc.client.GrpcClientRpc.sendRequestAsync(GrpcClientRpc.java:66)
	at org.apache.ratis.client.impl.OrderedAsync.sendRequest(OrderedAsync.java:208)
	at org.apache.ratis.client.impl.OrderedAsync.sendRequestWithRetry(OrderedAsync.java:169)
	at org.apache.ratis.util.SlidingWindow$Client.sendOrDelayRequest(SlidingWindow.java:278)
	at org.apache.ratis.util.SlidingWindow$Client.retry(SlidingWindow.java:294)
	at org.apache.ratis.client.impl.OrderedAsync.lambda$scheduleWithTimeout$7(OrderedAsync.java:195)
	at org.apache.ratis.util.TimeoutScheduler.lambda$onTimeout$0(TimeoutScheduler.java:113)
	at org.apache.ratis.util.TimeoutScheduler.lambda$onTimeout$1(TimeoutScheduler.java:133)
	at org.apache.ratis.util.LogUtils.runAndLog(LogUtils.java:50)
	at org.apache.ratis.util.LogUtils$1.run(LogUtils.java:91)
	at java.util.concurrent.Executors$RunnableAdapter.call(Executors.java:511)
	at java.util.concurrent.FutureTask.run(FutureTask.java:266)
	at java.util.concurrent.ScheduledThreadPoolExecutor$ScheduledFutureTask.access$201(ScheduledThreadPoolExecutor.java:180)
	at java.util.concurrent.ScheduledThreadPoolExecutor$ScheduledFutureTask.run(ScheduledThreadPoolExecutor.java:293)
	at java.util.concurrent.ThreadPoolExecutor.runWorker(ThreadPoolExecutor.java:1149)
	at java.util.concurrent.ThreadPoolExecutor$Worker.run(ThreadPoolExecutor.java:624)
	at java.lang.Thread.run(Thread.java:748)

Sep 17, 2019 5:39:53 AM org.apache.ratis.thirdparty.io.grpc.internal.ManagedChannelOrphanWrapper$ManagedChannelReference cleanQueue
SEVERE: *~*~*~ Channel ManagedChannelImpl{logId=3199, target=192.168.69.122:41274} was not shutdown properly!!! ~*~*~*
    Make sure to call shutdown()/shutdownNow() and wait until awaitTermination() returns true.
java.lang.RuntimeException: ManagedChannel allocation site
	at org.apache.ratis.thirdparty.io.grpc.internal.ManagedChannelOrphanWrapper$ManagedChannelReference.<init>(ManagedChannelOrphanWrapper.java:103)
	at org.apache.ratis.thirdparty.io.grpc.internal.ManagedChannelOrphanWrapper.<init>(ManagedChannelOrphanWrapper.java:53)
	at org.apache.ratis.thirdparty.io.grpc.internal.ManagedChannelOrphanWrapper.<init>(ManagedChannelOrphanWrapper.java:44)
	at org.apache.ratis.thirdparty.io.grpc.internal.AbstractManagedChannelImplBuilder.build(AbstractManagedChannelImplBuilder.java:411)
	at org.apache.hadoop.hdds.scm.XceiverClientGrpc.connectToDatanode(XceiverClientGrpc.java:175)
	at org.apache.hadoop.hdds.scm.XceiverClientGrpc.reconnect(XceiverClientGrpc.java:423)
	at org.apache.hadoop.hdds.scm.XceiverClientGrpc.sendCommandAsync(XceiverClientGrpc.java:372)
	at org.apache.hadoop.hdds.scm.XceiverClientGrpc.sendCommandWithRetry(XceiverClientGrpc.java:285)
	at org.apache.hadoop.hdds.scm.XceiverClientGrpc.sendCommandWithTraceIDAndRetry(XceiverClientGrpc.java:251)
	at org.apache.hadoop.hdds.scm.XceiverClientGrpc.sendCommand(XceiverClientGrpc.java:234)
	at org.apache.hadoop.hdds.scm.storage.ContainerProtocolCalls.readChunk(ContainerProtocolCalls.java:245)
	at org.apache.hadoop.hdds.scm.storage.ChunkInputStream.readChunk(ChunkInputStream.java:335)
	at org.apache.hadoop.hdds.scm.storage.ChunkInputStream.readChunkFromContainer(ChunkInputStream.java:307)
	at org.apache.hadoop.hdds.scm.storage.ChunkInputStream.prepareRead(ChunkInputStream.java:259)
	at org.apache.hadoop.hdds.scm.storage.ChunkInputStream.read(ChunkInputStream.java:144)
	at org.apache.hadoop.hdds.scm.storage.BlockInputStream.read(BlockInputStream.java:239)
	at org.apache.hadoop.ozone.client.io.KeyInputStream.read(KeyInputStream.java:171)
	at org.apache.hadoop.ozone.client.io.OzoneInputStream.read(OzoneInputStream.java:47)
	at java.io.InputStream.read(InputStream.java:101)
	at org.apache.hadoop.ozone.container.ContainerTestHelper.validateData(ContainerTestHelper.java:714)
	at org.apache.hadoop.ozone.client.rpc.TestBlockOutputStreamWithFailures.validateData(TestBlockOutputStreamWithFailures.java:1216)
	at org.apache.hadoop.ozone.client.rpc.TestBlockOutputStreamWithFailures.testWatchForCommitDatanodeFailure(TestBlockOutputStreamWithFailures.java:393)
	at sun.reflect.NativeMethodAccessorImpl.invoke0(Native Method)
	at sun.reflect.NativeMethodAccessorImpl.invoke(NativeMethodAccessorImpl.java:62)
	at sun.reflect.DelegatingMethodAccessorImpl.invoke(DelegatingMethodAccessorImpl.java:43)
	at java.lang.reflect.Method.invoke(Method.java:498)
	at org.junit.runners.model.FrameworkMethod$1.runReflectiveCall(FrameworkMethod.java:47)
	at org.junit.internal.runners.model.ReflectiveCallable.run(ReflectiveCallable.java:12)
	at org.junit.runners.model.FrameworkMethod.invokeExplosively(FrameworkMethod.java:44)
	at org.junit.internal.runners.statements.InvokeMethod.evaluate(InvokeMethod.java:17)
	at org.junit.internal.runners.statements.RunBefores.evaluate(RunBefores.java:26)
	at org.junit.internal.runners.statements.RunAfters.evaluate(RunAfters.java:27)
	at org.junit.runners.ParentRunner.runLeaf(ParentRunner.java:271)
	at org.junit.runners.BlockJUnit4ClassRunner.runChild(BlockJUnit4ClassRunner.java:70)
	at org.junit.runners.BlockJUnit4ClassRunner.runChild(BlockJUnit4ClassRunner.java:50)
	at org.junit.runners.ParentRunner$3.run(ParentRunner.java:238)
	at org.junit.runners.ParentRunner$1.schedule(ParentRunner.java:63)
	at org.junit.runners.ParentRunner.runChildren(ParentRunner.java:236)
	at org.junit.runners.ParentRunner.access$000(ParentRunner.java:53)
	at org.junit.runners.ParentRunner$2.evaluate(ParentRunner.java:229)
	at org.junit.runners.ParentRunner.run(ParentRunner.java:309)
	at org.apache.maven.surefire.junit4.JUnit4Provider.execute(JUnit4Provider.java:365)
	at org.apache.maven.surefire.junit4.JUnit4Provider.executeWithRerun(JUnit4Provider.java:273)
	at org.apache.maven.surefire.junit4.JUnit4Provider.executeTestSet(JUnit4Provider.java:238)
	at org.apache.maven.surefire.junit4.JUnit4Provider.invoke(JUnit4Provider.java:159)
	at org.apache.maven.surefire.booter.ForkedBooter.invokeProviderInSameClassLoader(ForkedBooter.java:384)
	at org.apache.maven.surefire.booter.ForkedBooter.runSuitesInProcess(ForkedBooter.java:345)
	at org.apache.maven.surefire.booter.ForkedBooter.execute(ForkedBooter.java:126)
	at org.apache.maven.surefire.booter.ForkedBooter.main(ForkedBooter.java:418)

Sep 17, 2019 5:39:53 AM org.apache.ratis.thirdparty.io.grpc.internal.ManagedChannelOrphanWrapper$ManagedChannelReference cleanQueue
SEVERE: *~*~*~ Channel ManagedChannelImpl{logId=3541, target=192.168.69.122:36206} was not shutdown properly!!! ~*~*~*
    Make sure to call shutdown()/shutdownNow() and wait until awaitTermination() returns true.
java.lang.RuntimeException: ManagedChannel allocation site
	at org.apache.ratis.thirdparty.io.grpc.internal.ManagedChannelOrphanWrapper$ManagedChannelReference.<init>(ManagedChannelOrphanWrapper.java:103)
	at org.apache.ratis.thirdparty.io.grpc.internal.ManagedChannelOrphanWrapper.<init>(ManagedChannelOrphanWrapper.java:53)
	at org.apache.ratis.thirdparty.io.grpc.internal.ManagedChannelOrphanWrapper.<init>(ManagedChannelOrphanWrapper.java:44)
	at org.apache.ratis.thirdparty.io.grpc.internal.AbstractManagedChannelImplBuilder.build(AbstractManagedChannelImplBuilder.java:411)
	at org.apache.hadoop.hdds.scm.XceiverClientGrpc.connectToDatanode(XceiverClientGrpc.java:175)
	at org.apache.hadoop.hdds.scm.XceiverClientGrpc.reconnect(XceiverClientGrpc.java:423)
	at org.apache.hadoop.hdds.scm.XceiverClientGrpc.sendCommandAsync(XceiverClientGrpc.java:372)
	at org.apache.hadoop.hdds.scm.XceiverClientGrpc.sendCommandWithRetry(XceiverClientGrpc.java:285)
	at org.apache.hadoop.hdds.scm.XceiverClientGrpc.sendCommandWithTraceIDAndRetry(XceiverClientGrpc.java:251)
	at org.apache.hadoop.hdds.scm.XceiverClientGrpc.sendCommand(XceiverClientGrpc.java:234)
	at org.apache.hadoop.hdds.scm.storage.ContainerProtocolCalls.readChunk(ContainerProtocolCalls.java:245)
	at org.apache.hadoop.hdds.scm.storage.ChunkInputStream.readChunk(ChunkInputStream.java:335)
	at org.apache.hadoop.hdds.scm.storage.ChunkInputStream.readChunkFromContainer(ChunkInputStream.java:307)
	at org.apache.hadoop.hdds.scm.storage.ChunkInputStream.prepareRead(ChunkInputStream.java:259)
	at org.apache.hadoop.hdds.scm.storage.ChunkInputStream.read(ChunkInputStream.java:144)
	at org.apache.hadoop.hdds.scm.storage.BlockInputStream.read(BlockInputStream.java:239)
	at org.apache.hadoop.ozone.client.io.KeyInputStream.read(KeyInputStream.java:171)
	at org.apache.hadoop.ozone.client.io.OzoneInputStream.read(OzoneInputStream.java:47)
	at java.io.InputStream.read(InputStream.java:101)
	at org.apache.hadoop.ozone.container.ContainerTestHelper.validateData(ContainerTestHelper.java:714)
	at org.apache.hadoop.ozone.client.rpc.TestBlockOutputStreamWithFailures.validateData(TestBlockOutputStreamWithFailures.java:1216)
	at org.apache.hadoop.ozone.client.rpc.TestBlockOutputStreamWithFailures.testFailureWithPrimeSizedData(TestBlockOutputStreamWithFailures.java:662)
	at sun.reflect.NativeMethodAccessorImpl.invoke0(Native Method)
	at sun.reflect.NativeMethodAccessorImpl.invoke(NativeMethodAccessorImpl.java:62)
	at sun.reflect.DelegatingMethodAccessorImpl.invoke(DelegatingMethodAccessorImpl.java:43)
	at java.lang.reflect.Method.invoke(Method.java:498)
	at org.junit.runners.model.FrameworkMethod$1.runReflectiveCall(FrameworkMethod.java:47)
	at org.junit.internal.runners.model.ReflectiveCallable.run(ReflectiveCallable.java:12)
	at org.junit.runners.model.FrameworkMethod.invokeExplosively(FrameworkMethod.java:44)
	at org.junit.internal.runners.statements.InvokeMethod.evaluate(InvokeMethod.java:17)
	at org.junit.internal.runners.statements.RunBefores.evaluate(RunBefores.java:26)
	at org.junit.internal.runners.statements.RunAfters.evaluate(RunAfters.java:27)
	at org.junit.runners.ParentRunner.runLeaf(ParentRunner.java:271)
	at org.junit.runners.BlockJUnit4ClassRunner.runChild(BlockJUnit4ClassRunner.java:70)
	at org.junit.runners.BlockJUnit4ClassRunner.runChild(BlockJUnit4ClassRunner.java:50)
	at org.junit.runners.ParentRunner$3.run(ParentRunner.java:238)
	at org.junit.runners.ParentRunner$1.schedule(ParentRunner.java:63)
	at org.junit.runners.ParentRunner.runChildren(ParentRunner.java:236)
	at org.junit.runners.ParentRunner.access$000(ParentRunner.java:53)
	at org.junit.runners.ParentRunner$2.evaluate(ParentRunner.java:229)
	at org.junit.runners.ParentRunner.run(ParentRunner.java:309)
	at org.apache.maven.surefire.junit4.JUnit4Provider.execute(JUnit4Provider.java:365)
	at org.apache.maven.surefire.junit4.JUnit4Provider.executeWithRerun(JUnit4Provider.java:273)
	at org.apache.maven.surefire.junit4.JUnit4Provider.executeTestSet(JUnit4Provider.java:238)
	at org.apache.maven.surefire.junit4.JUnit4Provider.invoke(JUnit4Provider.java:159)
	at org.apache.maven.surefire.booter.ForkedBooter.invokeProviderInSameClassLoader(ForkedBooter.java:384)
	at org.apache.maven.surefire.booter.ForkedBooter.runSuitesInProcess(ForkedBooter.java:345)
	at org.apache.maven.surefire.booter.ForkedBooter.execute(ForkedBooter.java:126)
	at org.apache.maven.surefire.booter.ForkedBooter.main(ForkedBooter.java:418)

]]></system-err>
  </testcase>
  <testcase name="testExceptionDuringClose" classname="org.apache.hadoop.ozone.client.rpc.TestBlockOutputStreamWithFailures" time="34.445"/>
</testsuite>