<?xml version="1.0" encoding="UTF-8"?>
<testsuite xmlns:xsi="http://www.w3.org/2001/XMLSchema-instance" xsi:noNamespaceSchemaLocation="https://maven.apache.org/surefire/maven-surefire-plugin/xsd/surefire-test-report.xsd" name="org.apache.hadoop.ozone.client.rpc.TestBlockOutputStream" time="419.775" tests="6" errors="0" skipped="0" failures="2">
  <properties>
    <property name="awt.toolkit" value="sun.awt.X11.XToolkit"/>
    <property name="file.encoding.pkg" value="sun.io"/>
    <property name="java.specification.version" value="1.8"/>
    <property name="sun.cpu.isalist" value=""/>
    <property name="sun.jnu.encoding" value="UTF-8"/>
    <property name="java.class.path" value="/workdir/hadoop-ozone/integration-test/target/test-classes:/workdir/hadoop-ozone/integration-test/target/classes:/home/user/.m2/repository/org/apache/hadoop/hadoop-ozone-common/0.5.0-SNAPSHOT/hadoop-ozone-common-0.5.0-SNAPSHOT.jar:/home/user/.m2/repository/org/apache/commons/commons-compress/1.4.1/commons-compress-1.4.1.jar:/home/user/.m2/repository/org/tukaani/xz/1.0/xz-1.0.jar:/home/user/.m2/repository/org/apache/hadoop/hadoop-common/3.2.0/hadoop-common-3.2.0.jar:/home/user/.m2/repository/org/apache/hadoop/hadoop-hdfs/3.2.0/hadoop-hdfs-3.2.0.jar:/home/user/.m2/repository/org/apache/hadoop/hadoop-hdfs-client/3.2.0/hadoop-hdfs-client-3.2.0.jar:/home/user/.m2/repository/com/fasterxml/jackson/core/jackson-annotations/2.9.5/jackson-annotations-2.9.5.jar:/home/user/.m2/repository/org/apache/hadoop/hadoop-hdds-common/0.5.0-SNAPSHOT/hadoop-hdds-common-0.5.0-SNAPSHOT.jar:/home/user/.m2/repository/javax/annotation/javax.annotation-api/1.2/javax.annotation-api-1.2.jar:/home/user/.m2/repository/org/apache/ratis/ratis-server/0.4.0-78e95b9-SNAPSHOT/ratis-server-0.4.0-78e95b9-SNAPSHOT.jar:/home/user/.m2/repository/org/apache/ratis/ratis-thirdparty-misc/0.2.0/ratis-thirdparty-misc-0.2.0.jar:/home/user/.m2/repository/org/apache/ratis/ratis-proto/0.4.0-78e95b9-SNAPSHOT/ratis-proto-0.4.0-78e95b9-SNAPSHOT.jar:/home/user/.m2/repository/org/apache/ratis/ratis-common/0.4.0-78e95b9-SNAPSHOT/ratis-common-0.4.0-78e95b9-SNAPSHOT.jar:/home/user/.m2/repository/org/apache/ratis/ratis-client/0.4.0-78e95b9-SNAPSHOT/ratis-client-0.4.0-78e95b9-SNAPSHOT.jar:/home/user/.m2/repository/org/apache/ratis/ratis-metrics/0.4.0-78e95b9-SNAPSHOT/ratis-metrics-0.4.0-78e95b9-SNAPSHOT.jar:/home/user/.m2/repository/com/github/joshelser/dropwizard-metrics-hadoop-metrics2-reporter/0.1.2/dropwizard-metrics-hadoop-metrics2-reporter-0.1.2.jar:/home/user/.m2/repository/io/dropwizard/metrics/metrics-jvm/3.2.5/metrics-jvm-3.2.5.jar:/home/user/.m2/repository/io/dropwizard/metrics/metrics-ganglia/3.2.5/metrics-ganglia-3.2.5.jar:/home/user/.m2/repository/info/ganglia/gmetric4j/gmetric4j/1.0.7/gmetric4j-1.0.7.jar:/home/user/.m2/repository/org/apache/ratis/ratis-netty/0.4.0-78e95b9-SNAPSHOT/ratis-netty-0.4.0-78e95b9-SNAPSHOT.jar:/home/user/.m2/repository/org/apache/ratis/ratis-grpc/0.4.0-78e95b9-SNAPSHOT/ratis-grpc-0.4.0-78e95b9-SNAPSHOT.jar:/home/user/.m2/repository/org/rocksdb/rocksdbjni/6.0.1/rocksdbjni-6.0.1.jar:/home/user/.m2/repository/org/apache/logging/log4j/log4j-api/2.11.0/log4j-api-2.11.0.jar:/home/user/.m2/repository/org/apache/logging/log4j/log4j-core/2.11.0/log4j-core-2.11.0.jar:/home/user/.m2/repository/com/lmax/disruptor/3.4.2/disruptor-3.4.2.jar:/home/user/.m2/repository/org/apache/commons/commons-pool2/2.6.0/commons-pool2-2.6.0.jar:/home/user/.m2/repository/org/bouncycastle/bcpkix-jdk15on/1.60/bcpkix-jdk15on-1.60.jar:/home/user/.m2/repository/commons-validator/commons-validator/1.6/commons-validator-1.6.jar:/home/user/.m2/repository/commons-digester/commons-digester/1.8.1/commons-digester-1.8.1.jar:/home/user/.m2/repository/io/jaegertracing/jaeger-client/0.33.1/jaeger-client-0.33.1.jar:/home/user/.m2/repository/io/jaegertracing/jaeger-thrift/0.33.1/jaeger-thrift-0.33.1.jar:/home/user/.m2/repository/org/apache/thrift/libthrift/0.11.0/libthrift-0.11.0.jar:/home/user/.m2/repository/com/squareup/okhttp3/okhttp/3.9.0/okhttp-3.9.0.jar:/home/user/.m2/repository/com/squareup/okio/okio/1.13.0/okio-1.13.0.jar:/home/user/.m2/repository/io/jaegertracing/jaeger-core/0.33.1/jaeger-core-0.33.1.jar:/home/user/.m2/repository/io/jaegertracing/jaeger-tracerresolver/0.33.1/jaeger-tracerresolver-0.33.1.jar:/home/user/.m2/repository/io/opentracing/contrib/opentracing-tracerresolver/0.1.5/opentracing-tracerresolver-0.1.5.jar:/home/user/.m2/repository/io/opentracing/opentracing-util/0.31.0/opentracing-util-0.31.0.jar:/home/user/.m2/repository/io/opentracing/opentracing-api/0.31.0/opentracing-api-0.31.0.jar:/home/user/.m2/repository/io/opentracing/opentracing-noop/0.31.0/opentracing-noop-0.31.0.jar:/home/user/.m2/repository/org/apache/hadoop/hadoop-hdds-server-framework/0.5.0-SNAPSHOT/hadoop-hdds-server-framework-0.5.0-SNAPSHOT.jar:/home/user/.m2/repository/org/apache/hadoop/hadoop-hdds-container-service/0.5.0-SNAPSHOT/hadoop-hdds-container-service-0.5.0-SNAPSHOT.jar:/home/user/.m2/repository/org/apache/hadoop/hadoop-hdds-client/0.5.0-SNAPSHOT/hadoop-hdds-client-0.5.0-SNAPSHOT.jar:/home/user/.m2/repository/org/apache/hadoop/hadoop-hdds-tools/0.5.0-SNAPSHOT/hadoop-hdds-tools-0.5.0-SNAPSHOT.jar:/home/user/.m2/repository/org/apache/hadoop/hadoop-hdds-server-scm/0.5.0-SNAPSHOT/hadoop-hdds-server-scm-0.5.0-SNAPSHOT.jar:/home/user/.m2/repository/org/apache/hadoop/hadoop-hdds-docs/0.5.0-SNAPSHOT/hadoop-hdds-docs-0.5.0-SNAPSHOT.jar:/home/user/.m2/repository/io/dropwizard/metrics/metrics-core/3.2.4/metrics-core-3.2.4.jar:/home/user/.m2/repository/org/hamcrest/hamcrest-all/1.3/hamcrest-all-1.3.jar:/home/user/.m2/repository/org/bouncycastle/bcprov-jdk15on/1.60/bcprov-jdk15on-1.60.jar:/home/user/.m2/repository/info/picocli/picocli/3.9.6/picocli-3.9.6.jar:/home/user/.m2/repository/com/google/protobuf/protobuf-java/2.5.0/protobuf-java-2.5.0.jar:/home/user/.m2/repository/com/google/guava/guava/11.0.2/guava-11.0.2.jar:/home/user/.m2/repository/org/apache/hadoop/hadoop-ozone-ozone-manager/0.5.0-SNAPSHOT/hadoop-ozone-ozone-manager-0.5.0-SNAPSHOT.jar:/home/user/.m2/repository/org/apache/hadoop/hadoop-minikdc/3.2.0/hadoop-minikdc-3.2.0.jar:/home/user/.m2/repository/commons-io/commons-io/2.5/commons-io-2.5.jar:/home/user/.m2/repository/org/apache/kerby/kerb-simplekdc/1.0.1/kerb-simplekdc-1.0.1.jar:/home/user/.m2/repository/org/apache/kerby/kerb-client/1.0.1/kerb-client-1.0.1.jar:/home/user/.m2/repository/org/apache/kerby/kerby-config/1.0.1/kerby-config-1.0.1.jar:/home/user/.m2/repository/org/apache/kerby/kerb-core/1.0.1/kerb-core-1.0.1.jar:/home/user/.m2/repository/org/apache/kerby/kerby-pkix/1.0.1/kerby-pkix-1.0.1.jar:/home/user/.m2/repository/org/apache/kerby/kerby-asn1/1.0.1/kerby-asn1-1.0.1.jar:/home/user/.m2/repository/org/apache/kerby/kerby-util/1.0.1/kerby-util-1.0.1.jar:/home/user/.m2/repository/org/apache/kerby/kerb-common/1.0.1/kerb-common-1.0.1.jar:/home/user/.m2/repository/org/apache/kerby/kerb-crypto/1.0.1/kerb-crypto-1.0.1.jar:/home/user/.m2/repository/org/apache/kerby/kerb-util/1.0.1/kerb-util-1.0.1.jar:/home/user/.m2/repository/org/apache/kerby/token-provider/1.0.1/token-provider-1.0.1.jar:/home/user/.m2/repository/org/apache/kerby/kerb-admin/1.0.1/kerb-admin-1.0.1.jar:/home/user/.m2/repository/org/apache/kerby/kerb-server/1.0.1/kerb-server-1.0.1.jar:/home/user/.m2/repository/org/apache/kerby/kerb-identity/1.0.1/kerb-identity-1.0.1.jar:/home/user/.m2/repository/org/apache/kerby/kerby-xdr/1.0.1/kerby-xdr-1.0.1.jar:/home/user/.m2/repository/org/slf4j/slf4j-log4j12/1.7.25/slf4j-log4j12-1.7.25.jar:/home/user/.m2/repository/org/apache/hadoop/hadoop-ozone-s3gateway/0.5.0-SNAPSHOT/hadoop-ozone-s3gateway-0.5.0-SNAPSHOT.jar:/home/user/.m2/repository/org/jboss/weld/servlet/weld-servlet/2.4.7.Final/weld-servlet-2.4.7.Final.jar:/home/user/.m2/repository/org/glassfish/jersey/containers/jersey-container-servlet-core/2.27/jersey-container-servlet-core-2.27.jar:/home/user/.m2/repository/org/glassfish/hk2/external/javax.inject/2.5.0-b42/javax.inject-2.5.0-b42.jar:/home/user/.m2/repository/org/glassfish/jersey/core/jersey-common/2.27/jersey-common-2.27.jar:/home/user/.m2/repository/org/glassfish/hk2/osgi-resource-locator/1.0.1/osgi-resource-locator-1.0.1.jar:/home/user/.m2/repository/javax/ws/rs/javax.ws.rs-api/2.1/javax.ws.rs-api-2.1.jar:/home/user/.m2/repository/org/glassfish/jersey/ext/cdi/jersey-cdi1x/2.27/jersey-cdi1x-2.27.jar:/home/user/.m2/repository/org/glassfish/jersey/inject/jersey-hk2/2.27/jersey-hk2-2.27.jar:/home/user/.m2/repository/org/glassfish/hk2/hk2-locator/2.5.0-b42/hk2-locator-2.5.0-b42.jar:/home/user/.m2/repository/org/javassist/javassist/3.22.0-CR2/javassist-3.22.0-CR2.jar:/home/user/.m2/repository/org/glassfish/hk2/hk2-api/2.5.0/hk2-api-2.5.0.jar:/home/user/.m2/repository/org/glassfish/hk2/external/jakarta.inject/2.5.0/jakarta.inject-2.5.0.jar:/home/user/.m2/repository/org/glassfish/hk2/hk2-utils/2.5.0/hk2-utils-2.5.0.jar:/home/user/.m2/repository/jakarta/annotation/jakarta.annotation-api/1.3.4/jakarta.annotation-api-1.3.4.jar:/home/user/.m2/repository/org/glassfish/hk2/external/aopalliance-repackaged/2.5.0/aopalliance-repackaged-2.5.0.jar:/home/user/.m2/repository/com/fasterxml/jackson/dataformat/jackson-dataformat-xml/2.9.0/jackson-dataformat-xml-2.9.0.jar:/home/user/.m2/repository/com/fasterxml/jackson/core/jackson-core/2.9.5/jackson-core-2.9.5.jar:/home/user/.m2/repository/com/fasterxml/jackson/module/jackson-module-jaxb-annotations/2.9.5/jackson-module-jaxb-annotations-2.9.5.jar:/home/user/.m2/repository/javax/enterprise/cdi-api/1.2/cdi-api-1.2.jar:/home/user/.m2/repository/javax/el/javax.el-api/3.0.0/javax.el-api-3.0.0.jar:/home/user/.m2/repository/javax/interceptor/javax.interceptor-api/1.2/javax.interceptor-api-1.2.jar:/home/user/.m2/repository/javax/inject/javax.inject/1/javax.inject-1.jar:/home/user/.m2/repository/com/sun/xml/bind/jaxb-impl/2.3.0.1/jaxb-impl-2.3.0.1.jar:/home/user/.m2/repository/com/sun/xml/bind/jaxb-core/2.3.0.1/jaxb-core-2.3.0.1.jar:/home/user/.m2/repository/javax/xml/bind/jaxb-api/2.3.0/jaxb-api-2.3.0.jar:/home/user/.m2/repository/javax/activation/activation/1.1.1/activation-1.1.1.jar:/home/user/.m2/repository/org/apache/hadoop/hadoop-ozone-csi/0.5.0-SNAPSHOT/hadoop-ozone-csi-0.5.0-SNAPSHOT.jar:/home/user/.m2/repository/com/google/protobuf/protobuf-java-util/3.5.1/protobuf-java-util-3.5.1.jar:/home/user/.m2/repository/org/apache/hadoop/hadoop-hdds-config/0.5.0-SNAPSHOT/hadoop-hdds-config-0.5.0-SNAPSHOT.jar:/home/user/.m2/repository/io/grpc/grpc-netty/1.17.1/grpc-netty-1.17.1.jar:/home/user/.m2/repository/io/grpc/grpc-core/1.17.1/grpc-core-1.17.1.jar:/home/user/.m2/repository/io/grpc/grpc-context/1.17.1/grpc-context-1.17.1.jar:/home/user/.m2/repository/com/google/errorprone/error_prone_annotations/2.2.0/error_prone_annotations-2.2.0.jar:/home/user/.m2/repository/org/codehaus/mojo/animal-sniffer-annotations/1.17/animal-sniffer-annotations-1.17.jar:/home/user/.m2/repository/io/opencensus/opencensus-api/0.17.0/opencensus-api-0.17.0.jar:/home/user/.m2/repository/io/opencensus/opencensus-contrib-grpc-metrics/0.17.0/opencensus-contrib-grpc-metrics-0.17.0.jar:/home/user/.m2/repository/io/netty/netty-codec-http2/4.1.30.Final/netty-codec-http2-4.1.30.Final.jar:/home/user/.m2/repository/io/netty/netty-codec-http/4.1.30.Final/netty-codec-http-4.1.30.Final.jar:/home/user/.m2/repository/io/netty/netty-codec/4.1.30.Final/netty-codec-4.1.30.Final.jar:/home/user/.m2/repository/io/netty/netty-handler/4.1.30.Final/netty-handler-4.1.30.Final.jar:/home/user/.m2/repository/io/netty/netty-handler-proxy/4.1.30.Final/netty-handler-proxy-4.1.30.Final.jar:/home/user/.m2/repository/io/netty/netty-codec-socks/4.1.30.Final/netty-codec-socks-4.1.30.Final.jar:/home/user/.m2/repository/io/netty/netty-transport-native-epoll/4.1.30.Final/netty-transport-native-epoll-4.1.30.Final.jar:/home/user/.m2/repository/io/netty/netty-common/4.1.30.Final/netty-common-4.1.30.Final.jar:/home/user/.m2/repository/io/netty/netty-buffer/4.1.30.Final/netty-buffer-4.1.30.Final.jar:/home/user/.m2/repository/io/netty/netty-transport/4.1.30.Final/netty-transport-4.1.30.Final.jar:/home/user/.m2/repository/io/netty/netty-resolver/4.1.30.Final/netty-resolver-4.1.30.Final.jar:/home/user/.m2/repository/io/netty/netty-transport-native-unix-common/4.1.30.Final/netty-transport-native-unix-common-4.1.30.Final.jar:/home/user/.m2/repository/io/grpc/grpc-protobuf/1.17.1/grpc-protobuf-1.17.1.jar:/home/user/.m2/repository/com/google/api/grpc/proto-google-common-protos/1.0.0/proto-google-common-protos-1.0.0.jar:/home/user/.m2/repository/io/grpc/grpc-protobuf-lite/1.17.1/grpc-protobuf-lite-1.17.1.jar:/home/user/.m2/repository/io/grpc/grpc-stub/1.17.1/grpc-stub-1.17.1.jar:/home/user/.m2/repository/org/apache/hadoop/hadoop-ozone-recon/0.5.0-SNAPSHOT/hadoop-ozone-recon-0.5.0-SNAPSHOT.jar:/home/user/.m2/repository/org/apache/hadoop/hadoop-ozone-reconcodegen/0.5.0-SNAPSHOT/hadoop-ozone-reconcodegen-0.5.0-SNAPSHOT.jar:/home/user/.m2/repository/com/google/inject/extensions/guice-multibindings/4.0/guice-multibindings-4.0.jar:/home/user/.m2/repository/com/google/inject/guice/4.0/guice-4.0.jar:/home/user/.m2/repository/aopalliance/aopalliance/1.0/aopalliance-1.0.jar:/home/user/.m2/repository/com/google/inject/extensions/guice-servlet/4.0/guice-servlet-4.0.jar:/home/user/.m2/repository/org/glassfish/jersey/containers/jersey-container-servlet/2.27/jersey-container-servlet-2.27.jar:/home/user/.m2/repository/org/glassfish/hk2/guice-bridge/2.5.0/guice-bridge-2.5.0.jar:/home/user/.m2/repository/org/glassfish/jersey/core/jersey-server/2.27/jersey-server-2.27.jar:/home/user/.m2/repository/org/glassfish/jersey/core/jersey-client/2.27/jersey-client-2.27.jar:/home/user/.m2/repository/org/glassfish/jersey/media/jersey-media-jaxb/2.27/jersey-media-jaxb-2.27.jar:/home/user/.m2/repository/javax/validation/validation-api/1.1.0.Final/validation-api-1.1.0.Final.jar:/home/user/.m2/repository/org/glassfish/jersey/media/jersey-media-json-jackson/2.27/jersey-media-json-jackson-2.27.jar:/home/user/.m2/repository/org/glassfish/jersey/ext/jersey-entity-filtering/2.27/jersey-entity-filtering-2.27.jar:/home/user/.m2/repository/com/google/inject/extensions/guice-assistedinject/4.0/guice-assistedinject-4.0.jar:/home/user/.m2/repository/org/jooq/jooq/3.11.10/jooq-3.11.10.jar:/home/user/.m2/repository/org/jooq/jooq-meta/3.11.10/jooq-meta-3.11.10.jar:/home/user/.m2/repository/org/jooq/jooq-codegen/3.11.10/jooq-codegen-3.11.10.jar:/home/user/.m2/repository/com/jolbox/bonecp/0.8.0.RELEASE/bonecp-0.8.0.RELEASE.jar:/home/user/.m2/repository/org/xerial/sqlite-jdbc/3.25.2/sqlite-jdbc-3.25.2.jar:/home/user/.m2/repository/org/springframework/spring-jdbc/5.1.3.RELEASE/spring-jdbc-5.1.3.RELEASE.jar:/home/user/.m2/repository/org/springframework/spring-beans/5.1.3.RELEASE/spring-beans-5.1.3.RELEASE.jar:/home/user/.m2/repository/org/springframework/spring-core/5.1.3.RELEASE/spring-core-5.1.3.RELEASE.jar:/home/user/.m2/repository/org/springframework/spring-jcl/5.1.3.RELEASE/spring-jcl-5.1.3.RELEASE.jar:/home/user/.m2/repository/org/springframework/spring-tx/5.1.3.RELEASE/spring-tx-5.1.3.RELEASE.jar:/home/user/.m2/repository/org/apache/hadoop/hadoop-ozone-client/0.5.0-SNAPSHOT/hadoop-ozone-client-0.5.0-SNAPSHOT.jar:/home/user/.m2/repository/commons-lang/commons-lang/2.6/commons-lang-2.6.jar:/home/user/.m2/repository/org/apache/hadoop/hadoop-ozone-ozone-manager/0.5.0-SNAPSHOT/hadoop-ozone-ozone-manager-0.5.0-SNAPSHOT-tests.jar:/home/user/.m2/repository/junit/junit/4.11/junit-4.11.jar:/home/user/.m2/repository/org/hamcrest/hamcrest-core/1.3/hamcrest-core-1.3.jar:/home/user/.m2/repository/org/openjdk/jmh/jmh-core/1.19/jmh-core-1.19.jar:/home/user/.m2/repository/net/sf/jopt-simple/jopt-simple/4.6/jopt-simple-4.6.jar:/home/user/.m2/repository/org/apache/commons/commons-math3/3.1.1/commons-math3-3.1.1.jar:/home/user/.m2/repository/org/openjdk/jmh/jmh-generator-annprocess/1.19/jmh-generator-annprocess-1.19.jar:/home/user/.m2/repository/org/mockito/mockito-all/1.8.5/mockito-all-1.8.5.jar:/home/user/.m2/repository/org/apache/hadoop/hadoop-kms/3.2.0/hadoop-kms-3.2.0.jar:/home/user/.m2/repository/org/apache/hadoop/hadoop-auth/3.2.0/hadoop-auth-3.2.0.jar:/home/user/.m2/repository/com/nimbusds/nimbus-jose-jwt/4.41.1/nimbus-jose-jwt-4.41.1.jar:/home/user/.m2/repository/com/github/stephenc/jcip/jcip-annotations/1.0-1/jcip-annotations-1.0-1.jar:/home/user/.m2/repository/net/minidev/json-smart/2.3/json-smart-2.3.jar:/home/user/.m2/repository/net/minidev/accessors-smart/1.2/accessors-smart-1.2.jar:/home/user/.m2/repository/org/ow2/asm/asm/5.0.4/asm-5.0.4.jar:/home/user/.m2/repository/org/apache/curator/curator-framework/2.12.0/curator-framework-2.12.0.jar:/home/user/.m2/repository/com/sun/jersey/jersey-core/1.19/jersey-core-1.19.jar:/home/user/.m2/repository/javax/ws/rs/jsr311-api/1.1.1/jsr311-api-1.1.1.jar:/home/user/.m2/repository/com/sun/jersey/jersey-server/1.19/jersey-server-1.19.jar:/home/user/.m2/repository/javax/servlet/javax.servlet-api/3.1.0/javax.servlet-api-3.1.0.jar:/home/user/.m2/repository/org/eclipse/jetty/jetty-server/9.3.24.v20180605/jetty-server-9.3.24.v20180605.jar:/home/user/.m2/repository/org/eclipse/jetty/jetty-http/9.3.24.v20180605/jetty-http-9.3.24.v20180605.jar:/home/user/.m2/repository/org/eclipse/jetty/jetty-io/9.3.24.v20180605/jetty-io-9.3.24.v20180605.jar:/home/user/.m2/repository/org/eclipse/jetty/jetty-webapp/9.3.24.v20180605/jetty-webapp-9.3.24.v20180605.jar:/home/user/.m2/repository/org/eclipse/jetty/jetty-xml/9.3.24.v20180605/jetty-xml-9.3.24.v20180605.jar:/home/user/.m2/repository/log4j/log4j/1.2.17/log4j-1.2.17.jar:/home/user/.m2/repository/org/slf4j/slf4j-api/1.7.25/slf4j-api-1.7.25.jar:/home/user/.m2/repository/org/slf4j/jul-to-slf4j/1.7.25/jul-to-slf4j-1.7.25.jar:/home/user/.m2/repository/org/eclipse/jetty/jetty-util/9.3.24.v20180605/jetty-util-9.3.24.v20180605.jar:/home/user/.m2/repository/com/fasterxml/jackson/core/jackson-databind/2.9.5/jackson-databind-2.9.5.jar:/home/user/.m2/repository/org/apache/hadoop/hadoop-kms/3.2.0/hadoop-kms-3.2.0-tests.jar:/home/user/.m2/repository/org/apache/hadoop/hadoop-hdds-server-scm/0.5.0-SNAPSHOT/hadoop-hdds-server-scm-0.5.0-SNAPSHOT-tests.jar:/home/user/.m2/repository/org/apache/hadoop/hadoop-hdds-container-service/0.5.0-SNAPSHOT/hadoop-hdds-container-service-0.5.0-SNAPSHOT-tests.jar:/home/user/.m2/repository/org/yaml/snakeyaml/1.16/snakeyaml-1.16.jar:/home/user/.m2/repository/org/apache/hadoop/hadoop-common/3.2.0/hadoop-common-3.2.0-tests.jar:/home/user/.m2/repository/org/apache/hadoop/hadoop-annotations/3.2.0/hadoop-annotations-3.2.0.jar:/usr/lib/jvm/java-1.8-openjdk/jre/../lib/tools.jar:/home/user/.m2/repository/commons-cli/commons-cli/1.2/commons-cli-1.2.jar:/home/user/.m2/repository/org/apache/httpcomponents/httpclient/4.5.2/httpclient-4.5.2.jar:/home/user/.m2/repository/org/apache/httpcomponents/httpcore/4.4.4/httpcore-4.4.4.jar:/home/user/.m2/repository/commons-codec/commons-codec/1.11/commons-codec-1.11.jar:/home/user/.m2/repository/commons-net/commons-net/3.6/commons-net-3.6.jar:/home/user/.m2/repository/commons-collections/commons-collections/3.2.2/commons-collections-3.2.2.jar:/home/user/.m2/repository/org/eclipse/jetty/jetty-servlet/9.3.24.v20180605/jetty-servlet-9.3.24.v20180605.jar:/home/user/.m2/repository/org/eclipse/jetty/jetty-security/9.3.24.v20180605/jetty-security-9.3.24.v20180605.jar:/home/user/.m2/repository/javax/servlet/jsp/jsp-api/2.1/jsp-api-2.1.jar:/home/user/.m2/repository/com/sun/jersey/jersey-servlet/1.19/jersey-servlet-1.19.jar:/home/user/.m2/repository/com/sun/jersey/jersey-json/1.19/jersey-json-1.19.jar:/home/user/.m2/repository/org/codehaus/jettison/jettison/1.1/jettison-1.1.jar:/home/user/.m2/repository/org/codehaus/jackson/jackson-core-asl/1.9.13/jackson-core-asl-1.9.13.jar:/home/user/.m2/repository/org/codehaus/jackson/jackson-mapper-asl/1.9.13/jackson-mapper-asl-1.9.13.jar:/home/user/.m2/repository/org/codehaus/jackson/jackson-jaxrs/1.9.13/jackson-jaxrs-1.9.13.jar:/home/user/.m2/repository/org/codehaus/jackson/jackson-xc/1.9.13/jackson-xc-1.9.13.jar:/home/user/.m2/repository/commons-logging/commons-logging/1.1.3/commons-logging-1.1.3.jar:/home/user/.m2/repository/commons-beanutils/commons-beanutils/1.9.3/commons-beanutils-1.9.3.jar:/home/user/.m2/repository/org/apache/commons/commons-configuration2/2.1.1/commons-configuration2-2.1.1.jar:/home/user/.m2/repository/org/apache/commons/commons-lang3/3.7/commons-lang3-3.7.jar:/home/user/.m2/repository/org/apache/commons/commons-text/1.4/commons-text-1.4.jar:/home/user/.m2/repository/org/apache/avro/avro/1.7.7/avro-1.7.7.jar:/home/user/.m2/repository/com/thoughtworks/paranamer/paranamer/2.3/paranamer-2.3.jar:/home/user/.m2/repository/org/xerial/snappy/snappy-java/1.0.5/snappy-java-1.0.5.jar:/home/user/.m2/repository/com/google/re2j/re2j/1.1/re2j-1.1.jar:/home/user/.m2/repository/com/google/code/gson/gson/2.2.4/gson-2.2.4.jar:/home/user/.m2/repository/com/jcraft/jsch/0.1.54/jsch-0.1.54.jar:/home/user/.m2/repository/org/apache/curator/curator-client/2.12.0/curator-client-2.12.0.jar:/home/user/.m2/repository/org/apache/curator/curator-recipes/2.12.0/curator-recipes-2.12.0.jar:/home/user/.m2/repository/com/google/code/findbugs/jsr305/3.0.0/jsr305-3.0.0.jar:/home/user/.m2/repository/org/apache/htrace/htrace-core4/4.1.0-incubating/htrace-core4-4.1.0-incubating.jar:/home/user/.m2/repository/org/apache/zookeeper/zookeeper/3.4.13/zookeeper-3.4.13.jar:/home/user/.m2/repository/org/apache/yetus/audience-annotations/0.5.0/audience-annotations-0.5.0.jar:/home/user/.m2/repository/org/codehaus/woodstox/stax2-api/3.1.4/stax2-api-3.1.4.jar:/home/user/.m2/repository/com/fasterxml/woodstox/woodstox-core/5.0.3/woodstox-core-5.0.3.jar:/home/user/.m2/repository/dnsjava/dnsjava/2.1.7/dnsjava-2.1.7.jar:/home/user/.m2/repository/org/apache/hadoop/hadoop-hdfs/3.2.0/hadoop-hdfs-3.2.0-tests.jar:/home/user/.m2/repository/org/eclipse/jetty/jetty-util-ajax/9.3.24.v20180605/jetty-util-ajax-9.3.24.v20180605.jar:/home/user/.m2/repository/commons-daemon/commons-daemon/1.0.13/commons-daemon-1.0.13.jar:/home/user/.m2/repository/io/netty/netty/3.10.5.Final/netty-3.10.5.Final.jar:/home/user/.m2/repository/io/netty/netty-all/4.0.52.Final/netty-all-4.0.52.Final.jar:/home/user/.m2/repository/org/fusesource/leveldbjni/leveldbjni-all/1.8/leveldbjni-all-1.8.jar:"/>
    <property name="java.vm.vendor" value="IcedTea"/>
    <property name="sun.arch.data.model" value="64"/>
    <property name="test.build.dir" value="/workdir/hadoop-ozone/integration-test/target/test-dir"/>
    <property name="test.cache.data" value=""/>
    <property name="java.vendor.url" value="https://icedtea.classpath.org"/>
    <property name="user.timezone" value=""/>
    <property name="java.vm.specification.version" value="1.8"/>
    <property name="os.name" value="Linux"/>
    <property name="test.build.data" value="/workdir/hadoop-ozone/integration-test/target/test-dir"/>
    <property name="user.country" value="US"/>
    <property name="sun.java.launcher" value="SUN_STANDARD"/>
    <property name="sun.boot.library.path" value="/usr/lib/jvm/java-1.8-openjdk/jre/lib/amd64"/>
    <property name="sun.java.command" value="/workdir/hadoop-ozone/integration-test/target/surefire/surefirebooter8517599297999864430.jar /workdir/hadoop-ozone/integration-test/target/surefire 2019-09-17T05-16-00_887-jvmRun1 surefire1975659934253743965tmp surefire_364080286263517966132tmp"/>
    <property name="test" value="!TestMiniChaosOzoneCluster"/>
    <property name="surefire.test.class.path" value="/workdir/hadoop-ozone/integration-test/target/test-classes:/workdir/hadoop-ozone/integration-test/target/classes:/home/user/.m2/repository/org/apache/hadoop/hadoop-ozone-common/0.5.0-SNAPSHOT/hadoop-ozone-common-0.5.0-SNAPSHOT.jar:/home/user/.m2/repository/org/apache/commons/commons-compress/1.4.1/commons-compress-1.4.1.jar:/home/user/.m2/repository/org/tukaani/xz/1.0/xz-1.0.jar:/home/user/.m2/repository/org/apache/hadoop/hadoop-common/3.2.0/hadoop-common-3.2.0.jar:/home/user/.m2/repository/org/apache/hadoop/hadoop-hdfs/3.2.0/hadoop-hdfs-3.2.0.jar:/home/user/.m2/repository/org/apache/hadoop/hadoop-hdfs-client/3.2.0/hadoop-hdfs-client-3.2.0.jar:/home/user/.m2/repository/com/fasterxml/jackson/core/jackson-annotations/2.9.5/jackson-annotations-2.9.5.jar:/home/user/.m2/repository/org/apache/hadoop/hadoop-hdds-common/0.5.0-SNAPSHOT/hadoop-hdds-common-0.5.0-SNAPSHOT.jar:/home/user/.m2/repository/javax/annotation/javax.annotation-api/1.2/javax.annotation-api-1.2.jar:/home/user/.m2/repository/org/apache/ratis/ratis-server/0.4.0-78e95b9-SNAPSHOT/ratis-server-0.4.0-78e95b9-SNAPSHOT.jar:/home/user/.m2/repository/org/apache/ratis/ratis-thirdparty-misc/0.2.0/ratis-thirdparty-misc-0.2.0.jar:/home/user/.m2/repository/org/apache/ratis/ratis-proto/0.4.0-78e95b9-SNAPSHOT/ratis-proto-0.4.0-78e95b9-SNAPSHOT.jar:/home/user/.m2/repository/org/apache/ratis/ratis-common/0.4.0-78e95b9-SNAPSHOT/ratis-common-0.4.0-78e95b9-SNAPSHOT.jar:/home/user/.m2/repository/org/apache/ratis/ratis-client/0.4.0-78e95b9-SNAPSHOT/ratis-client-0.4.0-78e95b9-SNAPSHOT.jar:/home/user/.m2/repository/org/apache/ratis/ratis-metrics/0.4.0-78e95b9-SNAPSHOT/ratis-metrics-0.4.0-78e95b9-SNAPSHOT.jar:/home/user/.m2/repository/com/github/joshelser/dropwizard-metrics-hadoop-metrics2-reporter/0.1.2/dropwizard-metrics-hadoop-metrics2-reporter-0.1.2.jar:/home/user/.m2/repository/io/dropwizard/metrics/metrics-jvm/3.2.5/metrics-jvm-3.2.5.jar:/home/user/.m2/repository/io/dropwizard/metrics/metrics-ganglia/3.2.5/metrics-ganglia-3.2.5.jar:/home/user/.m2/repository/info/ganglia/gmetric4j/gmetric4j/1.0.7/gmetric4j-1.0.7.jar:/home/user/.m2/repository/org/apache/ratis/ratis-netty/0.4.0-78e95b9-SNAPSHOT/ratis-netty-0.4.0-78e95b9-SNAPSHOT.jar:/home/user/.m2/repository/org/apache/ratis/ratis-grpc/0.4.0-78e95b9-SNAPSHOT/ratis-grpc-0.4.0-78e95b9-SNAPSHOT.jar:/home/user/.m2/repository/org/rocksdb/rocksdbjni/6.0.1/rocksdbjni-6.0.1.jar:/home/user/.m2/repository/org/apache/logging/log4j/log4j-api/2.11.0/log4j-api-2.11.0.jar:/home/user/.m2/repository/org/apache/logging/log4j/log4j-core/2.11.0/log4j-core-2.11.0.jar:/home/user/.m2/repository/com/lmax/disruptor/3.4.2/disruptor-3.4.2.jar:/home/user/.m2/repository/org/apache/commons/commons-pool2/2.6.0/commons-pool2-2.6.0.jar:/home/user/.m2/repository/org/bouncycastle/bcpkix-jdk15on/1.60/bcpkix-jdk15on-1.60.jar:/home/user/.m2/repository/commons-validator/commons-validator/1.6/commons-validator-1.6.jar:/home/user/.m2/repository/commons-digester/commons-digester/1.8.1/commons-digester-1.8.1.jar:/home/user/.m2/repository/io/jaegertracing/jaeger-client/0.33.1/jaeger-client-0.33.1.jar:/home/user/.m2/repository/io/jaegertracing/jaeger-thrift/0.33.1/jaeger-thrift-0.33.1.jar:/home/user/.m2/repository/org/apache/thrift/libthrift/0.11.0/libthrift-0.11.0.jar:/home/user/.m2/repository/com/squareup/okhttp3/okhttp/3.9.0/okhttp-3.9.0.jar:/home/user/.m2/repository/com/squareup/okio/okio/1.13.0/okio-1.13.0.jar:/home/user/.m2/repository/io/jaegertracing/jaeger-core/0.33.1/jaeger-core-0.33.1.jar:/home/user/.m2/repository/io/jaegertracing/jaeger-tracerresolver/0.33.1/jaeger-tracerresolver-0.33.1.jar:/home/user/.m2/repository/io/opentracing/contrib/opentracing-tracerresolver/0.1.5/opentracing-tracerresolver-0.1.5.jar:/home/user/.m2/repository/io/opentracing/opentracing-util/0.31.0/opentracing-util-0.31.0.jar:/home/user/.m2/repository/io/opentracing/opentracing-api/0.31.0/opentracing-api-0.31.0.jar:/home/user/.m2/repository/io/opentracing/opentracing-noop/0.31.0/opentracing-noop-0.31.0.jar:/home/user/.m2/repository/org/apache/hadoop/hadoop-hdds-server-framework/0.5.0-SNAPSHOT/hadoop-hdds-server-framework-0.5.0-SNAPSHOT.jar:/home/user/.m2/repository/org/apache/hadoop/hadoop-hdds-container-service/0.5.0-SNAPSHOT/hadoop-hdds-container-service-0.5.0-SNAPSHOT.jar:/home/user/.m2/repository/org/apache/hadoop/hadoop-hdds-client/0.5.0-SNAPSHOT/hadoop-hdds-client-0.5.0-SNAPSHOT.jar:/home/user/.m2/repository/org/apache/hadoop/hadoop-hdds-tools/0.5.0-SNAPSHOT/hadoop-hdds-tools-0.5.0-SNAPSHOT.jar:/home/user/.m2/repository/org/apache/hadoop/hadoop-hdds-server-scm/0.5.0-SNAPSHOT/hadoop-hdds-server-scm-0.5.0-SNAPSHOT.jar:/home/user/.m2/repository/org/apache/hadoop/hadoop-hdds-docs/0.5.0-SNAPSHOT/hadoop-hdds-docs-0.5.0-SNAPSHOT.jar:/home/user/.m2/repository/io/dropwizard/metrics/metrics-core/3.2.4/metrics-core-3.2.4.jar:/home/user/.m2/repository/org/hamcrest/hamcrest-all/1.3/hamcrest-all-1.3.jar:/home/user/.m2/repository/org/bouncycastle/bcprov-jdk15on/1.60/bcprov-jdk15on-1.60.jar:/home/user/.m2/repository/info/picocli/picocli/3.9.6/picocli-3.9.6.jar:/home/user/.m2/repository/com/google/protobuf/protobuf-java/2.5.0/protobuf-java-2.5.0.jar:/home/user/.m2/repository/com/google/guava/guava/11.0.2/guava-11.0.2.jar:/home/user/.m2/repository/org/apache/hadoop/hadoop-ozone-ozone-manager/0.5.0-SNAPSHOT/hadoop-ozone-ozone-manager-0.5.0-SNAPSHOT.jar:/home/user/.m2/repository/org/apache/hadoop/hadoop-minikdc/3.2.0/hadoop-minikdc-3.2.0.jar:/home/user/.m2/repository/commons-io/commons-io/2.5/commons-io-2.5.jar:/home/user/.m2/repository/org/apache/kerby/kerb-simplekdc/1.0.1/kerb-simplekdc-1.0.1.jar:/home/user/.m2/repository/org/apache/kerby/kerb-client/1.0.1/kerb-client-1.0.1.jar:/home/user/.m2/repository/org/apache/kerby/kerby-config/1.0.1/kerby-config-1.0.1.jar:/home/user/.m2/repository/org/apache/kerby/kerb-core/1.0.1/kerb-core-1.0.1.jar:/home/user/.m2/repository/org/apache/kerby/kerby-pkix/1.0.1/kerby-pkix-1.0.1.jar:/home/user/.m2/repository/org/apache/kerby/kerby-asn1/1.0.1/kerby-asn1-1.0.1.jar:/home/user/.m2/repository/org/apache/kerby/kerby-util/1.0.1/kerby-util-1.0.1.jar:/home/user/.m2/repository/org/apache/kerby/kerb-common/1.0.1/kerb-common-1.0.1.jar:/home/user/.m2/repository/org/apache/kerby/kerb-crypto/1.0.1/kerb-crypto-1.0.1.jar:/home/user/.m2/repository/org/apache/kerby/kerb-util/1.0.1/kerb-util-1.0.1.jar:/home/user/.m2/repository/org/apache/kerby/token-provider/1.0.1/token-provider-1.0.1.jar:/home/user/.m2/repository/org/apache/kerby/kerb-admin/1.0.1/kerb-admin-1.0.1.jar:/home/user/.m2/repository/org/apache/kerby/kerb-server/1.0.1/kerb-server-1.0.1.jar:/home/user/.m2/repository/org/apache/kerby/kerb-identity/1.0.1/kerb-identity-1.0.1.jar:/home/user/.m2/repository/org/apache/kerby/kerby-xdr/1.0.1/kerby-xdr-1.0.1.jar:/home/user/.m2/repository/org/slf4j/slf4j-log4j12/1.7.25/slf4j-log4j12-1.7.25.jar:/home/user/.m2/repository/org/apache/hadoop/hadoop-ozone-s3gateway/0.5.0-SNAPSHOT/hadoop-ozone-s3gateway-0.5.0-SNAPSHOT.jar:/home/user/.m2/repository/org/jboss/weld/servlet/weld-servlet/2.4.7.Final/weld-servlet-2.4.7.Final.jar:/home/user/.m2/repository/org/glassfish/jersey/containers/jersey-container-servlet-core/2.27/jersey-container-servlet-core-2.27.jar:/home/user/.m2/repository/org/glassfish/hk2/external/javax.inject/2.5.0-b42/javax.inject-2.5.0-b42.jar:/home/user/.m2/repository/org/glassfish/jersey/core/jersey-common/2.27/jersey-common-2.27.jar:/home/user/.m2/repository/org/glassfish/hk2/osgi-resource-locator/1.0.1/osgi-resource-locator-1.0.1.jar:/home/user/.m2/repository/javax/ws/rs/javax.ws.rs-api/2.1/javax.ws.rs-api-2.1.jar:/home/user/.m2/repository/org/glassfish/jersey/ext/cdi/jersey-cdi1x/2.27/jersey-cdi1x-2.27.jar:/home/user/.m2/repository/org/glassfish/jersey/inject/jersey-hk2/2.27/jersey-hk2-2.27.jar:/home/user/.m2/repository/org/glassfish/hk2/hk2-locator/2.5.0-b42/hk2-locator-2.5.0-b42.jar:/home/user/.m2/repository/org/javassist/javassist/3.22.0-CR2/javassist-3.22.0-CR2.jar:/home/user/.m2/repository/org/glassfish/hk2/hk2-api/2.5.0/hk2-api-2.5.0.jar:/home/user/.m2/repository/org/glassfish/hk2/external/jakarta.inject/2.5.0/jakarta.inject-2.5.0.jar:/home/user/.m2/repository/org/glassfish/hk2/hk2-utils/2.5.0/hk2-utils-2.5.0.jar:/home/user/.m2/repository/jakarta/annotation/jakarta.annotation-api/1.3.4/jakarta.annotation-api-1.3.4.jar:/home/user/.m2/repository/org/glassfish/hk2/external/aopalliance-repackaged/2.5.0/aopalliance-repackaged-2.5.0.jar:/home/user/.m2/repository/com/fasterxml/jackson/dataformat/jackson-dataformat-xml/2.9.0/jackson-dataformat-xml-2.9.0.jar:/home/user/.m2/repository/com/fasterxml/jackson/core/jackson-core/2.9.5/jackson-core-2.9.5.jar:/home/user/.m2/repository/com/fasterxml/jackson/module/jackson-module-jaxb-annotations/2.9.5/jackson-module-jaxb-annotations-2.9.5.jar:/home/user/.m2/repository/javax/enterprise/cdi-api/1.2/cdi-api-1.2.jar:/home/user/.m2/repository/javax/el/javax.el-api/3.0.0/javax.el-api-3.0.0.jar:/home/user/.m2/repository/javax/interceptor/javax.interceptor-api/1.2/javax.interceptor-api-1.2.jar:/home/user/.m2/repository/javax/inject/javax.inject/1/javax.inject-1.jar:/home/user/.m2/repository/com/sun/xml/bind/jaxb-impl/2.3.0.1/jaxb-impl-2.3.0.1.jar:/home/user/.m2/repository/com/sun/xml/bind/jaxb-core/2.3.0.1/jaxb-core-2.3.0.1.jar:/home/user/.m2/repository/javax/xml/bind/jaxb-api/2.3.0/jaxb-api-2.3.0.jar:/home/user/.m2/repository/javax/activation/activation/1.1.1/activation-1.1.1.jar:/home/user/.m2/repository/org/apache/hadoop/hadoop-ozone-csi/0.5.0-SNAPSHOT/hadoop-ozone-csi-0.5.0-SNAPSHOT.jar:/home/user/.m2/repository/com/google/protobuf/protobuf-java-util/3.5.1/protobuf-java-util-3.5.1.jar:/home/user/.m2/repository/org/apache/hadoop/hadoop-hdds-config/0.5.0-SNAPSHOT/hadoop-hdds-config-0.5.0-SNAPSHOT.jar:/home/user/.m2/repository/io/grpc/grpc-netty/1.17.1/grpc-netty-1.17.1.jar:/home/user/.m2/repository/io/grpc/grpc-core/1.17.1/grpc-core-1.17.1.jar:/home/user/.m2/repository/io/grpc/grpc-context/1.17.1/grpc-context-1.17.1.jar:/home/user/.m2/repository/com/google/errorprone/error_prone_annotations/2.2.0/error_prone_annotations-2.2.0.jar:/home/user/.m2/repository/org/codehaus/mojo/animal-sniffer-annotations/1.17/animal-sniffer-annotations-1.17.jar:/home/user/.m2/repository/io/opencensus/opencensus-api/0.17.0/opencensus-api-0.17.0.jar:/home/user/.m2/repository/io/opencensus/opencensus-contrib-grpc-metrics/0.17.0/opencensus-contrib-grpc-metrics-0.17.0.jar:/home/user/.m2/repository/io/netty/netty-codec-http2/4.1.30.Final/netty-codec-http2-4.1.30.Final.jar:/home/user/.m2/repository/io/netty/netty-codec-http/4.1.30.Final/netty-codec-http-4.1.30.Final.jar:/home/user/.m2/repository/io/netty/netty-codec/4.1.30.Final/netty-codec-4.1.30.Final.jar:/home/user/.m2/repository/io/netty/netty-handler/4.1.30.Final/netty-handler-4.1.30.Final.jar:/home/user/.m2/repository/io/netty/netty-handler-proxy/4.1.30.Final/netty-handler-proxy-4.1.30.Final.jar:/home/user/.m2/repository/io/netty/netty-codec-socks/4.1.30.Final/netty-codec-socks-4.1.30.Final.jar:/home/user/.m2/repository/io/netty/netty-transport-native-epoll/4.1.30.Final/netty-transport-native-epoll-4.1.30.Final.jar:/home/user/.m2/repository/io/netty/netty-common/4.1.30.Final/netty-common-4.1.30.Final.jar:/home/user/.m2/repository/io/netty/netty-buffer/4.1.30.Final/netty-buffer-4.1.30.Final.jar:/home/user/.m2/repository/io/netty/netty-transport/4.1.30.Final/netty-transport-4.1.30.Final.jar:/home/user/.m2/repository/io/netty/netty-resolver/4.1.30.Final/netty-resolver-4.1.30.Final.jar:/home/user/.m2/repository/io/netty/netty-transport-native-unix-common/4.1.30.Final/netty-transport-native-unix-common-4.1.30.Final.jar:/home/user/.m2/repository/io/grpc/grpc-protobuf/1.17.1/grpc-protobuf-1.17.1.jar:/home/user/.m2/repository/com/google/api/grpc/proto-google-common-protos/1.0.0/proto-google-common-protos-1.0.0.jar:/home/user/.m2/repository/io/grpc/grpc-protobuf-lite/1.17.1/grpc-protobuf-lite-1.17.1.jar:/home/user/.m2/repository/io/grpc/grpc-stub/1.17.1/grpc-stub-1.17.1.jar:/home/user/.m2/repository/org/apache/hadoop/hadoop-ozone-recon/0.5.0-SNAPSHOT/hadoop-ozone-recon-0.5.0-SNAPSHOT.jar:/home/user/.m2/repository/org/apache/hadoop/hadoop-ozone-reconcodegen/0.5.0-SNAPSHOT/hadoop-ozone-reconcodegen-0.5.0-SNAPSHOT.jar:/home/user/.m2/repository/com/google/inject/extensions/guice-multibindings/4.0/guice-multibindings-4.0.jar:/home/user/.m2/repository/com/google/inject/guice/4.0/guice-4.0.jar:/home/user/.m2/repository/aopalliance/aopalliance/1.0/aopalliance-1.0.jar:/home/user/.m2/repository/com/google/inject/extensions/guice-servlet/4.0/guice-servlet-4.0.jar:/home/user/.m2/repository/org/glassfish/jersey/containers/jersey-container-servlet/2.27/jersey-container-servlet-2.27.jar:/home/user/.m2/repository/org/glassfish/hk2/guice-bridge/2.5.0/guice-bridge-2.5.0.jar:/home/user/.m2/repository/org/glassfish/jersey/core/jersey-server/2.27/jersey-server-2.27.jar:/home/user/.m2/repository/org/glassfish/jersey/core/jersey-client/2.27/jersey-client-2.27.jar:/home/user/.m2/repository/org/glassfish/jersey/media/jersey-media-jaxb/2.27/jersey-media-jaxb-2.27.jar:/home/user/.m2/repository/javax/validation/validation-api/1.1.0.Final/validation-api-1.1.0.Final.jar:/home/user/.m2/repository/org/glassfish/jersey/media/jersey-media-json-jackson/2.27/jersey-media-json-jackson-2.27.jar:/home/user/.m2/repository/org/glassfish/jersey/ext/jersey-entity-filtering/2.27/jersey-entity-filtering-2.27.jar:/home/user/.m2/repository/com/google/inject/extensions/guice-assistedinject/4.0/guice-assistedinject-4.0.jar:/home/user/.m2/repository/org/jooq/jooq/3.11.10/jooq-3.11.10.jar:/home/user/.m2/repository/org/jooq/jooq-meta/3.11.10/jooq-meta-3.11.10.jar:/home/user/.m2/repository/org/jooq/jooq-codegen/3.11.10/jooq-codegen-3.11.10.jar:/home/user/.m2/repository/com/jolbox/bonecp/0.8.0.RELEASE/bonecp-0.8.0.RELEASE.jar:/home/user/.m2/repository/org/xerial/sqlite-jdbc/3.25.2/sqlite-jdbc-3.25.2.jar:/home/user/.m2/repository/org/springframework/spring-jdbc/5.1.3.RELEASE/spring-jdbc-5.1.3.RELEASE.jar:/home/user/.m2/repository/org/springframework/spring-beans/5.1.3.RELEASE/spring-beans-5.1.3.RELEASE.jar:/home/user/.m2/repository/org/springframework/spring-core/5.1.3.RELEASE/spring-core-5.1.3.RELEASE.jar:/home/user/.m2/repository/org/springframework/spring-jcl/5.1.3.RELEASE/spring-jcl-5.1.3.RELEASE.jar:/home/user/.m2/repository/org/springframework/spring-tx/5.1.3.RELEASE/spring-tx-5.1.3.RELEASE.jar:/home/user/.m2/repository/org/apache/hadoop/hadoop-ozone-client/0.5.0-SNAPSHOT/hadoop-ozone-client-0.5.0-SNAPSHOT.jar:/home/user/.m2/repository/commons-lang/commons-lang/2.6/commons-lang-2.6.jar:/home/user/.m2/repository/org/apache/hadoop/hadoop-ozone-ozone-manager/0.5.0-SNAPSHOT/hadoop-ozone-ozone-manager-0.5.0-SNAPSHOT-tests.jar:/home/user/.m2/repository/junit/junit/4.11/junit-4.11.jar:/home/user/.m2/repository/org/hamcrest/hamcrest-core/1.3/hamcrest-core-1.3.jar:/home/user/.m2/repository/org/openjdk/jmh/jmh-core/1.19/jmh-core-1.19.jar:/home/user/.m2/repository/net/sf/jopt-simple/jopt-simple/4.6/jopt-simple-4.6.jar:/home/user/.m2/repository/org/apache/commons/commons-math3/3.1.1/commons-math3-3.1.1.jar:/home/user/.m2/repository/org/openjdk/jmh/jmh-generator-annprocess/1.19/jmh-generator-annprocess-1.19.jar:/home/user/.m2/repository/org/mockito/mockito-all/1.8.5/mockito-all-1.8.5.jar:/home/user/.m2/repository/org/apache/hadoop/hadoop-kms/3.2.0/hadoop-kms-3.2.0.jar:/home/user/.m2/repository/org/apache/hadoop/hadoop-auth/3.2.0/hadoop-auth-3.2.0.jar:/home/user/.m2/repository/com/nimbusds/nimbus-jose-jwt/4.41.1/nimbus-jose-jwt-4.41.1.jar:/home/user/.m2/repository/com/github/stephenc/jcip/jcip-annotations/1.0-1/jcip-annotations-1.0-1.jar:/home/user/.m2/repository/net/minidev/json-smart/2.3/json-smart-2.3.jar:/home/user/.m2/repository/net/minidev/accessors-smart/1.2/accessors-smart-1.2.jar:/home/user/.m2/repository/org/ow2/asm/asm/5.0.4/asm-5.0.4.jar:/home/user/.m2/repository/org/apache/curator/curator-framework/2.12.0/curator-framework-2.12.0.jar:/home/user/.m2/repository/com/sun/jersey/jersey-core/1.19/jersey-core-1.19.jar:/home/user/.m2/repository/javax/ws/rs/jsr311-api/1.1.1/jsr311-api-1.1.1.jar:/home/user/.m2/repository/com/sun/jersey/jersey-server/1.19/jersey-server-1.19.jar:/home/user/.m2/repository/javax/servlet/javax.servlet-api/3.1.0/javax.servlet-api-3.1.0.jar:/home/user/.m2/repository/org/eclipse/jetty/jetty-server/9.3.24.v20180605/jetty-server-9.3.24.v20180605.jar:/home/user/.m2/repository/org/eclipse/jetty/jetty-http/9.3.24.v20180605/jetty-http-9.3.24.v20180605.jar:/home/user/.m2/repository/org/eclipse/jetty/jetty-io/9.3.24.v20180605/jetty-io-9.3.24.v20180605.jar:/home/user/.m2/repository/org/eclipse/jetty/jetty-webapp/9.3.24.v20180605/jetty-webapp-9.3.24.v20180605.jar:/home/user/.m2/repository/org/eclipse/jetty/jetty-xml/9.3.24.v20180605/jetty-xml-9.3.24.v20180605.jar:/home/user/.m2/repository/log4j/log4j/1.2.17/log4j-1.2.17.jar:/home/user/.m2/repository/org/slf4j/slf4j-api/1.7.25/slf4j-api-1.7.25.jar:/home/user/.m2/repository/org/slf4j/jul-to-slf4j/1.7.25/jul-to-slf4j-1.7.25.jar:/home/user/.m2/repository/org/eclipse/jetty/jetty-util/9.3.24.v20180605/jetty-util-9.3.24.v20180605.jar:/home/user/.m2/repository/com/fasterxml/jackson/core/jackson-databind/2.9.5/jackson-databind-2.9.5.jar:/home/user/.m2/repository/org/apache/hadoop/hadoop-kms/3.2.0/hadoop-kms-3.2.0-tests.jar:/home/user/.m2/repository/org/apache/hadoop/hadoop-hdds-server-scm/0.5.0-SNAPSHOT/hadoop-hdds-server-scm-0.5.0-SNAPSHOT-tests.jar:/home/user/.m2/repository/org/apache/hadoop/hadoop-hdds-container-service/0.5.0-SNAPSHOT/hadoop-hdds-container-service-0.5.0-SNAPSHOT-tests.jar:/home/user/.m2/repository/org/yaml/snakeyaml/1.16/snakeyaml-1.16.jar:/home/user/.m2/repository/org/apache/hadoop/hadoop-common/3.2.0/hadoop-common-3.2.0-tests.jar:/home/user/.m2/repository/org/apache/hadoop/hadoop-annotations/3.2.0/hadoop-annotations-3.2.0.jar:/usr/lib/jvm/java-1.8-openjdk/jre/../lib/tools.jar:/home/user/.m2/repository/commons-cli/commons-cli/1.2/commons-cli-1.2.jar:/home/user/.m2/repository/org/apache/httpcomponents/httpclient/4.5.2/httpclient-4.5.2.jar:/home/user/.m2/repository/org/apache/httpcomponents/httpcore/4.4.4/httpcore-4.4.4.jar:/home/user/.m2/repository/commons-codec/commons-codec/1.11/commons-codec-1.11.jar:/home/user/.m2/repository/commons-net/commons-net/3.6/commons-net-3.6.jar:/home/user/.m2/repository/commons-collections/commons-collections/3.2.2/commons-collections-3.2.2.jar:/home/user/.m2/repository/org/eclipse/jetty/jetty-servlet/9.3.24.v20180605/jetty-servlet-9.3.24.v20180605.jar:/home/user/.m2/repository/org/eclipse/jetty/jetty-security/9.3.24.v20180605/jetty-security-9.3.24.v20180605.jar:/home/user/.m2/repository/javax/servlet/jsp/jsp-api/2.1/jsp-api-2.1.jar:/home/user/.m2/repository/com/sun/jersey/jersey-servlet/1.19/jersey-servlet-1.19.jar:/home/user/.m2/repository/com/sun/jersey/jersey-json/1.19/jersey-json-1.19.jar:/home/user/.m2/repository/org/codehaus/jettison/jettison/1.1/jettison-1.1.jar:/home/user/.m2/repository/org/codehaus/jackson/jackson-core-asl/1.9.13/jackson-core-asl-1.9.13.jar:/home/user/.m2/repository/org/codehaus/jackson/jackson-mapper-asl/1.9.13/jackson-mapper-asl-1.9.13.jar:/home/user/.m2/repository/org/codehaus/jackson/jackson-jaxrs/1.9.13/jackson-jaxrs-1.9.13.jar:/home/user/.m2/repository/org/codehaus/jackson/jackson-xc/1.9.13/jackson-xc-1.9.13.jar:/home/user/.m2/repository/commons-logging/commons-logging/1.1.3/commons-logging-1.1.3.jar:/home/user/.m2/repository/commons-beanutils/commons-beanutils/1.9.3/commons-beanutils-1.9.3.jar:/home/user/.m2/repository/org/apache/commons/commons-configuration2/2.1.1/commons-configuration2-2.1.1.jar:/home/user/.m2/repository/org/apache/commons/commons-lang3/3.7/commons-lang3-3.7.jar:/home/user/.m2/repository/org/apache/commons/commons-text/1.4/commons-text-1.4.jar:/home/user/.m2/repository/org/apache/avro/avro/1.7.7/avro-1.7.7.jar:/home/user/.m2/repository/com/thoughtworks/paranamer/paranamer/2.3/paranamer-2.3.jar:/home/user/.m2/repository/org/xerial/snappy/snappy-java/1.0.5/snappy-java-1.0.5.jar:/home/user/.m2/repository/com/google/re2j/re2j/1.1/re2j-1.1.jar:/home/user/.m2/repository/com/google/code/gson/gson/2.2.4/gson-2.2.4.jar:/home/user/.m2/repository/com/jcraft/jsch/0.1.54/jsch-0.1.54.jar:/home/user/.m2/repository/org/apache/curator/curator-client/2.12.0/curator-client-2.12.0.jar:/home/user/.m2/repository/org/apache/curator/curator-recipes/2.12.0/curator-recipes-2.12.0.jar:/home/user/.m2/repository/com/google/code/findbugs/jsr305/3.0.0/jsr305-3.0.0.jar:/home/user/.m2/repository/org/apache/htrace/htrace-core4/4.1.0-incubating/htrace-core4-4.1.0-incubating.jar:/home/user/.m2/repository/org/apache/zookeeper/zookeeper/3.4.13/zookeeper-3.4.13.jar:/home/user/.m2/repository/org/apache/yetus/audience-annotations/0.5.0/audience-annotations-0.5.0.jar:/home/user/.m2/repository/org/codehaus/woodstox/stax2-api/3.1.4/stax2-api-3.1.4.jar:/home/user/.m2/repository/com/fasterxml/woodstox/woodstox-core/5.0.3/woodstox-core-5.0.3.jar:/home/user/.m2/repository/dnsjava/dnsjava/2.1.7/dnsjava-2.1.7.jar:/home/user/.m2/repository/org/apache/hadoop/hadoop-hdfs/3.2.0/hadoop-hdfs-3.2.0-tests.jar:/home/user/.m2/repository/org/eclipse/jetty/jetty-util-ajax/9.3.24.v20180605/jetty-util-ajax-9.3.24.v20180605.jar:/home/user/.m2/repository/commons-daemon/commons-daemon/1.0.13/commons-daemon-1.0.13.jar:/home/user/.m2/repository/io/netty/netty/3.10.5.Final/netty-3.10.5.Final.jar:/home/user/.m2/repository/io/netty/netty-all/4.0.52.Final/netty-all-4.0.52.Final.jar:/home/user/.m2/repository/org/fusesource/leveldbjni/leveldbjni-all/1.8/leveldbjni-all-1.8.jar:"/>
    <property name="sun.cpu.endian" value="little"/>
    <property name="user.home" value="/home/user"/>
    <property name="user.language" value="en"/>
    <property name="java.specification.vendor" value="Oracle Corporation"/>
    <property name="java.home" value="/usr/lib/jvm/java-1.8-openjdk/jre"/>
    <property name="java.security.krb5.conf" value="/workdir/hadoop-ozone/integration-test/target/test-classes/krb5.conf"/>
    <property name="basedir" value="/workdir/hadoop-ozone/integration-test"/>
    <property name="file.separator" value="/"/>
    <property name="line.separator" value="&#10;"/>
    <property name="java.vm.specification.vendor" value="Oracle Corporation"/>
    <property name="java.specification.name" value="Java Platform API Specification"/>
    <property name="java.awt.graphicsenv" value="sun.awt.X11GraphicsEnvironment"/>
    <property name="surefire.real.class.path" value="/workdir/hadoop-ozone/integration-test/target/surefire/surefirebooter8517599297999864430.jar"/>
    <property name="hadoop.log.dir" value="/workdir/hadoop-ozone/integration-test/target/log"/>
    <property name="sun.boot.class.path" value="/usr/lib/jvm/java-1.8-openjdk/jre/lib/resources.jar:/usr/lib/jvm/java-1.8-openjdk/jre/lib/rt.jar:/usr/lib/jvm/java-1.8-openjdk/jre/lib/sunrsasign.jar:/usr/lib/jvm/java-1.8-openjdk/jre/lib/jsse.jar:/usr/lib/jvm/java-1.8-openjdk/jre/lib/jce.jar:/usr/lib/jvm/java-1.8-openjdk/jre/lib/charsets.jar:/usr/lib/jvm/java-1.8-openjdk/jre/lib/jfr.jar:/usr/lib/jvm/java-1.8-openjdk/jre/classes"/>
    <property name="sun.management.compiler" value="HotSpot 64-Bit Tiered Compilers"/>
    <property name="java.runtime.version" value="1.8.0_212-b04"/>
    <property name="java.net.preferIPv4Stack" value="true"/>
    <property name="user.name" value="jenkins1000"/>
    <property name="path.separator" value=":"/>
    <property name="java.security.egd" value="file:///dev/urandom"/>
    <property name="os.version" value="3.10.0-957.12.2.el7.x86_64"/>
    <property name="java.endorsed.dirs" value="/usr/lib/jvm/java-1.8-openjdk/jre/lib/endorsed"/>
    <property name="java.runtime.name" value="OpenJDK Runtime Environment"/>
    <property name="file.encoding" value="UTF-8"/>
    <property name="java.vm.name" value="OpenJDK 64-Bit Server VM"/>
    <property name="test.build.webapps" value=""/>
    <property name="localRepository" value="/home/user/.m2/repository"/>
    <property name="java.vendor.url.bug" value="https://icedtea.classpath.org/bugzilla"/>
    <property name="java.io.tmpdir" value="/tmp"/>
    <property name="require.test.libhadoop" value=""/>
    <property name="java.version" value="1.8.0_212"/>
    <property name="user.dir" value="/workdir/hadoop-ozone/integration-test"/>
    <property name="os.arch" value="amd64"/>
    <property name="java.vm.specification.name" value="Java Virtual Machine Specification"/>
    <property name="test.build.classes" value="/workdir/hadoop-ozone/integration-test/target/test-classes"/>
    <property name="java.awt.printerjob" value="sun.print.PSPrinterJob"/>
    <property name="sun.os.patch.level" value="unknown"/>
    <property name="hadoop.tmp.dir" value="/workdir/hadoop-ozone/integration-test/target/tmp"/>
    <property name="java.library.path" value="/usr/lib/jvm/java-1.8-openjdk/jre/lib/amd64/server:/usr/lib/jvm/java-1.8-openjdk/jre/lib/amd64:/usr/lib/jvm/java-1.8-openjdk/jre/../lib/amd64:/workdir/hadoop-ozone/integration-test/target/native/target/usr/local/lib:/workdir/hadoop-ozone/integration-test/../../hadoop-common-project/hadoop-common/target/native/target/usr/local/lib:/usr/java/packages/lib/amd64:/usr/lib64:/lib64:/lib:/usr/lib"/>
    <property name="java.vm.info" value="mixed mode"/>
    <property name="java.vendor" value="IcedTea"/>
    <property name="java.vm.version" value="25.212-b04"/>
    <property name="java.ext.dirs" value="/usr/lib/jvm/java-1.8-openjdk/jre/lib/ext:/usr/java/packages/lib/ext"/>
    <property name="sun.io.unicode.encoding" value="UnicodeLittle"/>
    <property name="java.class.version" value="52.0"/>
  </properties>
  <testcase name="testFlushChunk" classname="org.apache.hadoop.ozone.client.rpc.TestBlockOutputStream" time="5.495"/>
  <testcase name="testMultiChunkWrite2" classname="org.apache.hadoop.ozone.client.rpc.TestBlockOutputStream" time="0.513"/>
  <testcase name="testMultiChunkWrite" classname="org.apache.hadoop.ozone.client.rpc.TestBlockOutputStream" time="192.964">
    <failure message="expected:&lt;7&gt; but was:&lt;9&gt;" type="java.lang.AssertionError"><![CDATA[java.lang.AssertionError: expected:<7> but was:<9>
	at org.junit.Assert.fail(Assert.java:88)
	at org.junit.Assert.failNotEquals(Assert.java:743)
	at org.junit.Assert.assertEquals(Assert.java:118)
	at org.junit.Assert.assertEquals(Assert.java:555)
	at org.junit.Assert.assertEquals(Assert.java:542)
	at org.apache.hadoop.ozone.client.rpc.TestBlockOutputStream.testMultiChunkWrite(TestBlockOutputStream.java:364)
	at sun.reflect.NativeMethodAccessorImpl.invoke0(Native Method)
	at sun.reflect.NativeMethodAccessorImpl.invoke(NativeMethodAccessorImpl.java:62)
	at sun.reflect.DelegatingMethodAccessorImpl.invoke(DelegatingMethodAccessorImpl.java:43)
	at java.lang.reflect.Method.invoke(Method.java:498)
	at org.junit.runners.model.FrameworkMethod$1.runReflectiveCall(FrameworkMethod.java:47)
	at org.junit.internal.runners.model.ReflectiveCallable.run(ReflectiveCallable.java:12)
	at org.junit.runners.model.FrameworkMethod.invokeExplosively(FrameworkMethod.java:44)
	at org.junit.internal.runners.statements.InvokeMethod.evaluate(InvokeMethod.java:17)
	at org.junit.runners.ParentRunner.runLeaf(ParentRunner.java:271)
	at org.junit.runners.BlockJUnit4ClassRunner.runChild(BlockJUnit4ClassRunner.java:70)
	at org.junit.runners.BlockJUnit4ClassRunner.runChild(BlockJUnit4ClassRunner.java:50)
	at org.junit.runners.ParentRunner$3.run(ParentRunner.java:238)
	at org.junit.runners.ParentRunner$1.schedule(ParentRunner.java:63)
	at org.junit.runners.ParentRunner.runChildren(ParentRunner.java:236)
	at org.junit.runners.ParentRunner.access$000(ParentRunner.java:53)
	at org.junit.runners.ParentRunner$2.evaluate(ParentRunner.java:229)
	at org.junit.internal.runners.statements.RunBefores.evaluate(RunBefores.java:26)
	at org.junit.internal.runners.statements.RunAfters.evaluate(RunAfters.java:27)
	at org.junit.runners.ParentRunner.run(ParentRunner.java:309)
	at org.apache.maven.surefire.junit4.JUnit4Provider.execute(JUnit4Provider.java:365)
	at org.apache.maven.surefire.junit4.JUnit4Provider.executeWithRerun(JUnit4Provider.java:273)
	at org.apache.maven.surefire.junit4.JUnit4Provider.executeTestSet(JUnit4Provider.java:238)
	at org.apache.maven.surefire.junit4.JUnit4Provider.invoke(JUnit4Provider.java:159)
	at org.apache.maven.surefire.booter.ForkedBooter.invokeProviderInSameClassLoader(ForkedBooter.java:384)
	at org.apache.maven.surefire.booter.ForkedBooter.runSuitesInProcess(ForkedBooter.java:345)
	at org.apache.maven.surefire.booter.ForkedBooter.execute(ForkedBooter.java:126)
	at org.apache.maven.surefire.booter.ForkedBooter.main(ForkedBooter.java:418)
]]></failure>
    <system-out><![CDATA[2019-09-17 06:04:22,943 [java.util.concurrent.ThreadPoolExecutor$Worker@5ad35b0c[State = -1, empty queue]] WARN  server.GrpcLogAppender (GrpcLogAppender.java:timeoutAppendRequest(200)) - 76e9ed70-2a32-4a64-9388-b77e9aa6f857@group-E83674309DFA->f1727f7a-dfce-47cb-9d44-d863f6c274c0-GrpcLogAppender: appendEntries Timeout, request=76e9ed70-2a32-4a64-9388-b77e9aa6f857->f1727f7a-dfce-47cb-9d44-d863f6c274c0#8-t1, previous=(t:1, i:6), leaderCommit=6, initializing? false, entries: size=1, first=(t:1, i:7), STATEMACHINELOGENTRY, client-BBE8F4642F4E, cid=21
2019-09-17 06:04:22,943 [java.util.concurrent.ThreadPoolExecutor$Worker@698c243a[State = -1, empty queue]] WARN  server.GrpcLogAppender (GrpcLogAppender.java:timeoutAppendRequest(200)) - 76e9ed70-2a32-4a64-9388-b77e9aa6f857@group-E83674309DFA->72845ddd-7944-416b-9dd2-35fcccd22f3d-GrpcLogAppender: appendEntries Timeout, request=76e9ed70-2a32-4a64-9388-b77e9aa6f857->72845ddd-7944-416b-9dd2-35fcccd22f3d#8-t1, previous=(t:1, i:6), leaderCommit=6, initializing? false, entries: size=1, first=(t:1, i:7), STATEMACHINELOGENTRY, client-BBE8F4642F4E, cid=21
2019-09-17 06:04:22,947 [java.util.concurrent.ThreadPoolExecutor$Worker@5ad35b0c[State = -1, empty queue]] WARN  server.GrpcLogAppender (GrpcLogAppender.java:timeoutAppendRequest(200)) - 76e9ed70-2a32-4a64-9388-b77e9aa6f857@group-E83674309DFA->f1727f7a-dfce-47cb-9d44-d863f6c274c0-GrpcLogAppender: appendEntries Timeout, request=76e9ed70-2a32-4a64-9388-b77e9aa6f857->f1727f7a-dfce-47cb-9d44-d863f6c274c0#9-t1, previous=(t:1, i:7), leaderCommit=6, initializing? false, entries: size=1, first=(t:1, i:8), STATEMACHINELOGENTRY, client-BBE8F4642F4E, cid=22
2019-09-17 06:04:22,949 [java.util.concurrent.ThreadPoolExecutor$Worker@698c243a[State = -1, empty queue]] WARN  server.GrpcLogAppender (GrpcLogAppender.java:timeoutAppendRequest(200)) - 76e9ed70-2a32-4a64-9388-b77e9aa6f857@group-E83674309DFA->72845ddd-7944-416b-9dd2-35fcccd22f3d-GrpcLogAppender: appendEntries Timeout, request=76e9ed70-2a32-4a64-9388-b77e9aa6f857->72845ddd-7944-416b-9dd2-35fcccd22f3d#9-t1, previous=(t:1, i:7), leaderCommit=6, initializing? false, entries: size=1, first=(t:1, i:8), STATEMACHINELOGENTRY, client-BBE8F4642F4E, cid=22
2019-09-17 06:04:22,951 [java.util.concurrent.ThreadPoolExecutor$Worker@5ad35b0c[State = -1, empty queue]] WARN  server.GrpcLogAppender (GrpcLogAppender.java:timeoutAppendRequest(200)) - 76e9ed70-2a32-4a64-9388-b77e9aa6f857@group-E83674309DFA->f1727f7a-dfce-47cb-9d44-d863f6c274c0-GrpcLogAppender: appendEntries Timeout, request=76e9ed70-2a32-4a64-9388-b77e9aa6f857->f1727f7a-dfce-47cb-9d44-d863f6c274c0#10-t1, previous=(t:1, i:8), leaderCommit=6, initializing? false, entries: size=1, first=(t:1, i:9), STATEMACHINELOGENTRY, client-BBE8F4642F4E, cid=23
2019-09-17 06:04:22,954 [java.util.concurrent.ThreadPoolExecutor$Worker@698c243a[State = -1, empty queue]] WARN  server.GrpcLogAppender (GrpcLogAppender.java:timeoutAppendRequest(200)) - 76e9ed70-2a32-4a64-9388-b77e9aa6f857@group-E83674309DFA->72845ddd-7944-416b-9dd2-35fcccd22f3d-GrpcLogAppender: appendEntries Timeout, request=76e9ed70-2a32-4a64-9388-b77e9aa6f857->72845ddd-7944-416b-9dd2-35fcccd22f3d#10-t1, previous=(t:1, i:8), leaderCommit=6, initializing? false, entries: size=1, first=(t:1, i:9), STATEMACHINELOGENTRY, client-BBE8F4642F4E, cid=23
2019-09-17 06:04:25,026 [grpc-default-executor-0] INFO  client.GrpcClientProtocolClient (GrpcClientProtocolClient.java:onNext(264)) - client-BBE8F4642F4E->72845ddd-7944-416b-9dd2-35fcccd22f3d: receive RaftClientReply:client-BBE8F4642F4E->72845ddd-7944-416b-9dd2-35fcccd22f3d@group-E83674309DFA, cid=21, FAILED org.apache.ratis.protocol.NotLeaderException: Server 72845ddd-7944-416b-9dd2-35fcccd22f3d@group-E83674309DFA is not the leader 76e9ed70-2a32-4a64-9388-b77e9aa6f857:192.168.69.122:43336, logIndex=0, commits[72845ddd-7944-416b-9dd2-35fcccd22f3d:c6, 76e9ed70-2a32-4a64-9388-b77e9aa6f857:c6, f1727f7a-dfce-47cb-9d44-d863f6c274c0:c4]
2019-09-17 06:04:25,445 [java.util.concurrent.ThreadPoolExecutor$Worker@5ad35b0c[State = -1, empty queue]] WARN  server.GrpcLogAppender (GrpcLogAppender.java:timeoutAppendRequest(200)) - 76e9ed70-2a32-4a64-9388-b77e9aa6f857@group-E83674309DFA->f1727f7a-dfce-47cb-9d44-d863f6c274c0-GrpcLogAppender: appendEntries Timeout, request=76e9ed70-2a32-4a64-9388-b77e9aa6f857->f1727f7a-dfce-47cb-9d44-d863f6c274c0#11-t1, previous=(t:1, i:9), leaderCommit=6, initializing? false, entries: <empty>
2019-09-17 06:04:25,448 [java.util.concurrent.ThreadPoolExecutor$Worker@698c243a[State = -1, empty queue]] WARN  server.GrpcLogAppender (GrpcLogAppender.java:timeoutAppendRequest(200)) - 76e9ed70-2a32-4a64-9388-b77e9aa6f857@group-E83674309DFA->72845ddd-7944-416b-9dd2-35fcccd22f3d-GrpcLogAppender: appendEntries Timeout, request=76e9ed70-2a32-4a64-9388-b77e9aa6f857->72845ddd-7944-416b-9dd2-35fcccd22f3d#11-t1, previous=(t:1, i:9), leaderCommit=6, initializing? false, entries: <empty>
2019-09-17 06:04:27,946 [java.util.concurrent.ThreadPoolExecutor$Worker@5ad35b0c[State = -1, empty queue]] WARN  server.GrpcLogAppender (GrpcLogAppender.java:timeoutAppendRequest(200)) - 76e9ed70-2a32-4a64-9388-b77e9aa6f857@group-E83674309DFA->f1727f7a-dfce-47cb-9d44-d863f6c274c0-GrpcLogAppender: appendEntries Timeout, request=76e9ed70-2a32-4a64-9388-b77e9aa6f857->f1727f7a-dfce-47cb-9d44-d863f6c274c0#12-t1, previous=(t:1, i:9), leaderCommit=6, initializing? false, entries: <empty>
2019-09-17 06:04:27,946 [java.util.concurrent.ThreadPoolExecutor$Worker@698c243a[State = -1, empty queue]] WARN  server.GrpcLogAppender (GrpcLogAppender.java:timeoutAppendRequest(200)) - 76e9ed70-2a32-4a64-9388-b77e9aa6f857@group-E83674309DFA->72845ddd-7944-416b-9dd2-35fcccd22f3d-GrpcLogAppender: appendEntries Timeout, request=76e9ed70-2a32-4a64-9388-b77e9aa6f857->72845ddd-7944-416b-9dd2-35fcccd22f3d#12-t1, previous=(t:1, i:9), leaderCommit=6, initializing? false, entries: <empty>
2019-09-17 06:04:30,039 [76e9ed70-2a32-4a64-9388-b77e9aa6f857@group-E83674309DFA-SegmentedRaftLogWorker] WARN  segmented.SegmentedRaftLogWorker (SegmentedRaftLogWorker.java:getFromFuture(90)) - Timeout 0/~
org.apache.ratis.protocol.TimeoutIOException: Timeout 10s: WriteLog:8: (t:1, i:8), STATEMACHINELOGENTRY, client-BBE8F4642F4E, cid=22-writeStateMachineData
	at org.apache.ratis.util.IOUtils.getFromFuture(IOUtils.java:87)
	at org.apache.ratis.server.raftlog.segmented.SegmentedRaftLogWorker$StateMachineDataPolicy.getFromFuture(SegmentedRaftLogWorker.java:87)
	at org.apache.ratis.server.raftlog.segmented.SegmentedRaftLogWorker$WriteLog.execute(SegmentedRaftLogWorker.java:477)
	at org.apache.ratis.server.raftlog.segmented.SegmentedRaftLogWorker.run(SegmentedRaftLogWorker.java:289)
	at java.lang.Thread.run(Thread.java:748)
Caused by: java.util.concurrent.TimeoutException
	at java.util.concurrent.CompletableFuture.timedGet(CompletableFuture.java:1771)
	at java.util.concurrent.CompletableFuture.get(CompletableFuture.java:1915)
	at org.apache.ratis.util.IOUtils.getFromFuture(IOUtils.java:79)
	... 4 more
2019-09-17 06:04:30,048 [72845ddd-7944-416b-9dd2-35fcccd22f3d@group-E83674309DFA-SegmentedRaftLogWorker] WARN  segmented.SegmentedRaftLogWorker (SegmentedRaftLogWorker.java:getFromFuture(90)) - Timeout 0/~
org.apache.ratis.protocol.TimeoutIOException: Timeout 10s: WriteLog:8: (t:1, i:8), STATEMACHINELOGENTRY, client-BBE8F4642F4E, cid=22-writeStateMachineData
	at org.apache.ratis.util.IOUtils.getFromFuture(IOUtils.java:87)
	at org.apache.ratis.server.raftlog.segmented.SegmentedRaftLogWorker$StateMachineDataPolicy.getFromFuture(SegmentedRaftLogWorker.java:87)
	at org.apache.ratis.server.raftlog.segmented.SegmentedRaftLogWorker$WriteLog.execute(SegmentedRaftLogWorker.java:477)
	at org.apache.ratis.server.raftlog.segmented.SegmentedRaftLogWorker.run(SegmentedRaftLogWorker.java:289)
	at java.lang.Thread.run(Thread.java:748)
Caused by: java.util.concurrent.TimeoutException
	at java.util.concurrent.CompletableFuture.timedGet(CompletableFuture.java:1771)
	at java.util.concurrent.CompletableFuture.get(CompletableFuture.java:1915)
	at org.apache.ratis.util.IOUtils.getFromFuture(IOUtils.java:79)
	... 4 more
2019-09-17 06:04:30,048 [f1727f7a-dfce-47cb-9d44-d863f6c274c0@group-E83674309DFA-SegmentedRaftLogWorker] WARN  segmented.SegmentedRaftLogWorker (SegmentedRaftLogWorker.java:getFromFuture(90)) - Timeout 0/~
org.apache.ratis.protocol.TimeoutIOException: Timeout 10s: WriteLog:8: (t:1, i:8), STATEMACHINELOGENTRY, client-BBE8F4642F4E, cid=22-writeStateMachineData
	at org.apache.ratis.util.IOUtils.getFromFuture(IOUtils.java:87)
	at org.apache.ratis.server.raftlog.segmented.SegmentedRaftLogWorker$StateMachineDataPolicy.getFromFuture(SegmentedRaftLogWorker.java:87)
	at org.apache.ratis.server.raftlog.segmented.SegmentedRaftLogWorker$WriteLog.execute(SegmentedRaftLogWorker.java:477)
	at org.apache.ratis.server.raftlog.segmented.SegmentedRaftLogWorker.run(SegmentedRaftLogWorker.java:289)
	at java.lang.Thread.run(Thread.java:748)
Caused by: java.util.concurrent.TimeoutException
	at java.util.concurrent.CompletableFuture.timedGet(CompletableFuture.java:1771)
	at java.util.concurrent.CompletableFuture.get(CompletableFuture.java:1915)
	at org.apache.ratis.util.IOUtils.getFromFuture(IOUtils.java:79)
	... 4 more
2019-09-17 06:04:30,087 [grpc-default-executor-0] INFO  client.GrpcClientProtocolClient (GrpcClientProtocolClient.java:onNext(264)) - client-BBE8F4642F4E->f1727f7a-dfce-47cb-9d44-d863f6c274c0: receive RaftClientReply:client-BBE8F4642F4E->f1727f7a-dfce-47cb-9d44-d863f6c274c0@group-E83674309DFA, cid=21, FAILED org.apache.ratis.protocol.NotLeaderException: Server f1727f7a-dfce-47cb-9d44-d863f6c274c0@group-E83674309DFA is not the leader 76e9ed70-2a32-4a64-9388-b77e9aa6f857:192.168.69.122:43336, logIndex=0, commits[f1727f7a-dfce-47cb-9d44-d863f6c274c0:c6, 76e9ed70-2a32-4a64-9388-b77e9aa6f857:c6, 72845ddd-7944-416b-9dd2-35fcccd22f3d:c4]
2019-09-17 06:04:30,446 [java.util.concurrent.ThreadPoolExecutor$Worker@5ad35b0c[State = -1, empty queue]] WARN  server.GrpcLogAppender (GrpcLogAppender.java:timeoutAppendRequest(200)) - 76e9ed70-2a32-4a64-9388-b77e9aa6f857@group-E83674309DFA->f1727f7a-dfce-47cb-9d44-d863f6c274c0-GrpcLogAppender: appendEntries Timeout, request=76e9ed70-2a32-4a64-9388-b77e9aa6f857->f1727f7a-dfce-47cb-9d44-d863f6c274c0#13-t1, previous=(t:1, i:9), leaderCommit=6, initializing? false, entries: <empty>
2019-09-17 06:04:30,447 [java.util.concurrent.ThreadPoolExecutor$Worker@698c243a[State = -1, empty queue]] WARN  server.GrpcLogAppender (GrpcLogAppender.java:timeoutAppendRequest(200)) - 76e9ed70-2a32-4a64-9388-b77e9aa6f857@group-E83674309DFA->72845ddd-7944-416b-9dd2-35fcccd22f3d-GrpcLogAppender: appendEntries Timeout, request=76e9ed70-2a32-4a64-9388-b77e9aa6f857->72845ddd-7944-416b-9dd2-35fcccd22f3d#13-t1, previous=(t:1, i:9), leaderCommit=6, initializing? false, entries: <empty>
2019-09-17 06:04:32,947 [java.util.concurrent.ThreadPoolExecutor$Worker@5ad35b0c[State = -1, empty queue]] WARN  server.GrpcLogAppender (GrpcLogAppender.java:timeoutAppendRequest(200)) - 76e9ed70-2a32-4a64-9388-b77e9aa6f857@group-E83674309DFA->f1727f7a-dfce-47cb-9d44-d863f6c274c0-GrpcLogAppender: appendEntries Timeout, request=76e9ed70-2a32-4a64-9388-b77e9aa6f857->f1727f7a-dfce-47cb-9d44-d863f6c274c0#14-t1, previous=(t:1, i:9), leaderCommit=6, initializing? false, entries: <empty>
2019-09-17 06:04:32,947 [java.util.concurrent.ThreadPoolExecutor$Worker@698c243a[State = -1, empty queue]] WARN  server.GrpcLogAppender (GrpcLogAppender.java:timeoutAppendRequest(200)) - 76e9ed70-2a32-4a64-9388-b77e9aa6f857@group-E83674309DFA->72845ddd-7944-416b-9dd2-35fcccd22f3d-GrpcLogAppender: appendEntries Timeout, request=76e9ed70-2a32-4a64-9388-b77e9aa6f857->72845ddd-7944-416b-9dd2-35fcccd22f3d#14-t1, previous=(t:1, i:9), leaderCommit=6, initializing? false, entries: <empty>
2019-09-17 06:04:35,150 [grpc-default-executor-1] INFO  client.GrpcClientProtocolClient (GrpcClientProtocolClient.java:onNext(264)) - client-BBE8F4642F4E->72845ddd-7944-416b-9dd2-35fcccd22f3d: receive RaftClientReply:client-BBE8F4642F4E->72845ddd-7944-416b-9dd2-35fcccd22f3d@group-E83674309DFA, cid=21, FAILED org.apache.ratis.protocol.NotLeaderException: Server 72845ddd-7944-416b-9dd2-35fcccd22f3d@group-E83674309DFA is not the leader 76e9ed70-2a32-4a64-9388-b77e9aa6f857:192.168.69.122:43336, logIndex=0, commits[72845ddd-7944-416b-9dd2-35fcccd22f3d:c6, 76e9ed70-2a32-4a64-9388-b77e9aa6f857:c6, f1727f7a-dfce-47cb-9d44-d863f6c274c0:c4]
2019-09-17 06:04:35,448 [java.util.concurrent.ThreadPoolExecutor$Worker@5ad35b0c[State = -1, empty queue]] WARN  server.GrpcLogAppender (GrpcLogAppender.java:timeoutAppendRequest(200)) - 76e9ed70-2a32-4a64-9388-b77e9aa6f857@group-E83674309DFA->f1727f7a-dfce-47cb-9d44-d863f6c274c0-GrpcLogAppender: appendEntries Timeout, request=76e9ed70-2a32-4a64-9388-b77e9aa6f857->f1727f7a-dfce-47cb-9d44-d863f6c274c0#15-t1, previous=(t:1, i:9), leaderCommit=6, initializing? false, entries: <empty>
2019-09-17 06:04:35,448 [java.util.concurrent.ThreadPoolExecutor$Worker@698c243a[State = -1, empty queue]] WARN  server.GrpcLogAppender (GrpcLogAppender.java:timeoutAppendRequest(200)) - 76e9ed70-2a32-4a64-9388-b77e9aa6f857@group-E83674309DFA->72845ddd-7944-416b-9dd2-35fcccd22f3d-GrpcLogAppender: appendEntries Timeout, request=76e9ed70-2a32-4a64-9388-b77e9aa6f857->72845ddd-7944-416b-9dd2-35fcccd22f3d#15-t1, previous=(t:1, i:9), leaderCommit=6, initializing? false, entries: <empty>
2019-09-17 06:04:37,948 [java.util.concurrent.ThreadPoolExecutor$Worker@5ad35b0c[State = -1, empty queue]] WARN  server.GrpcLogAppender (GrpcLogAppender.java:timeoutAppendRequest(200)) - 76e9ed70-2a32-4a64-9388-b77e9aa6f857@group-E83674309DFA->f1727f7a-dfce-47cb-9d44-d863f6c274c0-GrpcLogAppender: appendEntries Timeout, request=76e9ed70-2a32-4a64-9388-b77e9aa6f857->f1727f7a-dfce-47cb-9d44-d863f6c274c0#16-t1, previous=(t:1, i:9), leaderCommit=6, initializing? false, entries: <empty>
2019-09-17 06:04:37,949 [java.util.concurrent.ThreadPoolExecutor$Worker@698c243a[State = -1, empty queue]] WARN  server.GrpcLogAppender (GrpcLogAppender.java:timeoutAppendRequest(200)) - 76e9ed70-2a32-4a64-9388-b77e9aa6f857@group-E83674309DFA->72845ddd-7944-416b-9dd2-35fcccd22f3d-GrpcLogAppender: appendEntries Timeout, request=76e9ed70-2a32-4a64-9388-b77e9aa6f857->72845ddd-7944-416b-9dd2-35fcccd22f3d#16-t1, previous=(t:1, i:9), leaderCommit=6, initializing? false, entries: <empty>
2019-09-17 06:04:40,043 [76e9ed70-2a32-4a64-9388-b77e9aa6f857@group-E83674309DFA-SegmentedRaftLogWorker] WARN  segmented.SegmentedRaftLogWorker (SegmentedRaftLogWorker.java:getFromFuture(90)) - Timeout 1/~
org.apache.ratis.protocol.TimeoutIOException: Timeout 10s: WriteLog:8: (t:1, i:8), STATEMACHINELOGENTRY, client-BBE8F4642F4E, cid=22-writeStateMachineData
	at org.apache.ratis.util.IOUtils.getFromFuture(IOUtils.java:87)
	at org.apache.ratis.server.raftlog.segmented.SegmentedRaftLogWorker$StateMachineDataPolicy.getFromFuture(SegmentedRaftLogWorker.java:87)
	at org.apache.ratis.server.raftlog.segmented.SegmentedRaftLogWorker$WriteLog.execute(SegmentedRaftLogWorker.java:477)
	at org.apache.ratis.server.raftlog.segmented.SegmentedRaftLogWorker.run(SegmentedRaftLogWorker.java:289)
	at java.lang.Thread.run(Thread.java:748)
Caused by: java.util.concurrent.TimeoutException
	at java.util.concurrent.CompletableFuture.timedGet(CompletableFuture.java:1771)
	at java.util.concurrent.CompletableFuture.get(CompletableFuture.java:1915)
	at org.apache.ratis.util.IOUtils.getFromFuture(IOUtils.java:79)
	... 4 more
2019-09-17 06:04:40,049 [72845ddd-7944-416b-9dd2-35fcccd22f3d@group-E83674309DFA-SegmentedRaftLogWorker] WARN  segmented.SegmentedRaftLogWorker (SegmentedRaftLogWorker.java:getFromFuture(90)) - Timeout 1/~
org.apache.ratis.protocol.TimeoutIOException: Timeout 10s: WriteLog:8: (t:1, i:8), STATEMACHINELOGENTRY, client-BBE8F4642F4E, cid=22-writeStateMachineData
	at org.apache.ratis.util.IOUtils.getFromFuture(IOUtils.java:87)
	at org.apache.ratis.server.raftlog.segmented.SegmentedRaftLogWorker$StateMachineDataPolicy.getFromFuture(SegmentedRaftLogWorker.java:87)
	at org.apache.ratis.server.raftlog.segmented.SegmentedRaftLogWorker$WriteLog.execute(SegmentedRaftLogWorker.java:477)
	at org.apache.ratis.server.raftlog.segmented.SegmentedRaftLogWorker.run(SegmentedRaftLogWorker.java:289)
	at java.lang.Thread.run(Thread.java:748)
Caused by: java.util.concurrent.TimeoutException
	at java.util.concurrent.CompletableFuture.timedGet(CompletableFuture.java:1771)
	at java.util.concurrent.CompletableFuture.get(CompletableFuture.java:1915)
	at org.apache.ratis.util.IOUtils.getFromFuture(IOUtils.java:79)
	... 4 more
2019-09-17 06:04:40,049 [f1727f7a-dfce-47cb-9d44-d863f6c274c0@group-E83674309DFA-SegmentedRaftLogWorker] WARN  segmented.SegmentedRaftLogWorker (SegmentedRaftLogWorker.java:getFromFuture(90)) - Timeout 1/~
org.apache.ratis.protocol.TimeoutIOException: Timeout 10s: WriteLog:8: (t:1, i:8), STATEMACHINELOGENTRY, client-BBE8F4642F4E, cid=22-writeStateMachineData
	at org.apache.ratis.util.IOUtils.getFromFuture(IOUtils.java:87)
	at org.apache.ratis.server.raftlog.segmented.SegmentedRaftLogWorker$StateMachineDataPolicy.getFromFuture(SegmentedRaftLogWorker.java:87)
	at org.apache.ratis.server.raftlog.segmented.SegmentedRaftLogWorker$WriteLog.execute(SegmentedRaftLogWorker.java:477)
	at org.apache.ratis.server.raftlog.segmented.SegmentedRaftLogWorker.run(SegmentedRaftLogWorker.java:289)
	at java.lang.Thread.run(Thread.java:748)
Caused by: java.util.concurrent.TimeoutException
	at java.util.concurrent.CompletableFuture.timedGet(CompletableFuture.java:1771)
	at java.util.concurrent.CompletableFuture.get(CompletableFuture.java:1915)
	at org.apache.ratis.util.IOUtils.getFromFuture(IOUtils.java:79)
	... 4 more
2019-09-17 06:04:40,207 [grpc-default-executor-1] INFO  client.GrpcClientProtocolClient (GrpcClientProtocolClient.java:onNext(264)) - client-BBE8F4642F4E->72845ddd-7944-416b-9dd2-35fcccd22f3d: receive RaftClientReply:client-BBE8F4642F4E->72845ddd-7944-416b-9dd2-35fcccd22f3d@group-E83674309DFA, cid=21, FAILED org.apache.ratis.protocol.NotLeaderException: Server 72845ddd-7944-416b-9dd2-35fcccd22f3d@group-E83674309DFA is not the leader 76e9ed70-2a32-4a64-9388-b77e9aa6f857:192.168.69.122:43336, logIndex=0, commits[72845ddd-7944-416b-9dd2-35fcccd22f3d:c6, 76e9ed70-2a32-4a64-9388-b77e9aa6f857:c6, f1727f7a-dfce-47cb-9d44-d863f6c274c0:c4]
2019-09-17 06:04:40,450 [java.util.concurrent.ThreadPoolExecutor$Worker@5ad35b0c[State = -1, empty queue]] WARN  server.GrpcLogAppender (GrpcLogAppender.java:timeoutAppendRequest(200)) - 76e9ed70-2a32-4a64-9388-b77e9aa6f857@group-E83674309DFA->f1727f7a-dfce-47cb-9d44-d863f6c274c0-GrpcLogAppender: appendEntries Timeout, request=76e9ed70-2a32-4a64-9388-b77e9aa6f857->f1727f7a-dfce-47cb-9d44-d863f6c274c0#17-t1, previous=(t:1, i:9), leaderCommit=6, initializing? false, entries: <empty>
2019-09-17 06:04:40,450 [java.util.concurrent.ThreadPoolExecutor$Worker@698c243a[State = -1, empty queue]] WARN  server.GrpcLogAppender (GrpcLogAppender.java:timeoutAppendRequest(200)) - 76e9ed70-2a32-4a64-9388-b77e9aa6f857@group-E83674309DFA->72845ddd-7944-416b-9dd2-35fcccd22f3d-GrpcLogAppender: appendEntries Timeout, request=76e9ed70-2a32-4a64-9388-b77e9aa6f857->72845ddd-7944-416b-9dd2-35fcccd22f3d#17-t1, previous=(t:1, i:9), leaderCommit=6, initializing? false, entries: <empty>
2019-09-17 06:04:42,950 [java.util.concurrent.ThreadPoolExecutor$Worker@5ad35b0c[State = -1, empty queue]] WARN  server.GrpcLogAppender (GrpcLogAppender.java:timeoutAppendRequest(200)) - 76e9ed70-2a32-4a64-9388-b77e9aa6f857@group-E83674309DFA->f1727f7a-dfce-47cb-9d44-d863f6c274c0-GrpcLogAppender: appendEntries Timeout, request=76e9ed70-2a32-4a64-9388-b77e9aa6f857->f1727f7a-dfce-47cb-9d44-d863f6c274c0#18-t1, previous=(t:1, i:9), leaderCommit=6, initializing? false, entries: <empty>
2019-09-17 06:04:42,950 [java.util.concurrent.ThreadPoolExecutor$Worker@698c243a[State = -1, empty queue]] WARN  server.GrpcLogAppender (GrpcLogAppender.java:timeoutAppendRequest(200)) - 76e9ed70-2a32-4a64-9388-b77e9aa6f857@group-E83674309DFA->72845ddd-7944-416b-9dd2-35fcccd22f3d-GrpcLogAppender: appendEntries Timeout, request=76e9ed70-2a32-4a64-9388-b77e9aa6f857->72845ddd-7944-416b-9dd2-35fcccd22f3d#18-t1, previous=(t:1, i:9), leaderCommit=6, initializing? false, entries: <empty>
2019-09-17 06:04:45,277 [grpc-default-executor-2] INFO  client.GrpcClientProtocolClient (GrpcClientProtocolClient.java:onNext(264)) - client-BBE8F4642F4E->f1727f7a-dfce-47cb-9d44-d863f6c274c0: receive RaftClientReply:client-BBE8F4642F4E->f1727f7a-dfce-47cb-9d44-d863f6c274c0@group-E83674309DFA, cid=21, FAILED org.apache.ratis.protocol.NotLeaderException: Server f1727f7a-dfce-47cb-9d44-d863f6c274c0@group-E83674309DFA is not the leader 76e9ed70-2a32-4a64-9388-b77e9aa6f857:192.168.69.122:43336, logIndex=0, commits[f1727f7a-dfce-47cb-9d44-d863f6c274c0:c6, 76e9ed70-2a32-4a64-9388-b77e9aa6f857:c6, 72845ddd-7944-416b-9dd2-35fcccd22f3d:c4]
2019-09-17 06:04:45,450 [java.util.concurrent.ThreadPoolExecutor$Worker@5ad35b0c[State = -1, empty queue]] WARN  server.GrpcLogAppender (GrpcLogAppender.java:timeoutAppendRequest(200)) - 76e9ed70-2a32-4a64-9388-b77e9aa6f857@group-E83674309DFA->f1727f7a-dfce-47cb-9d44-d863f6c274c0-GrpcLogAppender: appendEntries Timeout, request=76e9ed70-2a32-4a64-9388-b77e9aa6f857->f1727f7a-dfce-47cb-9d44-d863f6c274c0#19-t1, previous=(t:1, i:9), leaderCommit=6, initializing? false, entries: <empty>
2019-09-17 06:04:45,451 [java.util.concurrent.ThreadPoolExecutor$Worker@698c243a[State = -1, empty queue]] WARN  server.GrpcLogAppender (GrpcLogAppender.java:timeoutAppendRequest(200)) - 76e9ed70-2a32-4a64-9388-b77e9aa6f857@group-E83674309DFA->72845ddd-7944-416b-9dd2-35fcccd22f3d-GrpcLogAppender: appendEntries Timeout, request=76e9ed70-2a32-4a64-9388-b77e9aa6f857->72845ddd-7944-416b-9dd2-35fcccd22f3d#19-t1, previous=(t:1, i:9), leaderCommit=6, initializing? false, entries: <empty>
2019-09-17 06:04:47,952 [java.util.concurrent.ThreadPoolExecutor$Worker@5ad35b0c[State = -1, empty queue]] WARN  server.GrpcLogAppender (GrpcLogAppender.java:timeoutAppendRequest(200)) - 76e9ed70-2a32-4a64-9388-b77e9aa6f857@group-E83674309DFA->f1727f7a-dfce-47cb-9d44-d863f6c274c0-GrpcLogAppender: appendEntries Timeout, request=76e9ed70-2a32-4a64-9388-b77e9aa6f857->f1727f7a-dfce-47cb-9d44-d863f6c274c0#20-t1, previous=(t:1, i:9), leaderCommit=6, initializing? false, entries: <empty>
2019-09-17 06:04:47,952 [java.util.concurrent.ThreadPoolExecutor$Worker@698c243a[State = -1, empty queue]] WARN  server.GrpcLogAppender (GrpcLogAppender.java:timeoutAppendRequest(200)) - 76e9ed70-2a32-4a64-9388-b77e9aa6f857@group-E83674309DFA->72845ddd-7944-416b-9dd2-35fcccd22f3d-GrpcLogAppender: appendEntries Timeout, request=76e9ed70-2a32-4a64-9388-b77e9aa6f857->72845ddd-7944-416b-9dd2-35fcccd22f3d#20-t1, previous=(t:1, i:9), leaderCommit=6, initializing? false, entries: <empty>
2019-09-17 06:04:50,044 [76e9ed70-2a32-4a64-9388-b77e9aa6f857@group-E83674309DFA-SegmentedRaftLogWorker] WARN  segmented.SegmentedRaftLogWorker (SegmentedRaftLogWorker.java:getFromFuture(90)) - Timeout 2/~
org.apache.ratis.protocol.TimeoutIOException: Timeout 10s: WriteLog:8: (t:1, i:8), STATEMACHINELOGENTRY, client-BBE8F4642F4E, cid=22-writeStateMachineData
	at org.apache.ratis.util.IOUtils.getFromFuture(IOUtils.java:87)
	at org.apache.ratis.server.raftlog.segmented.SegmentedRaftLogWorker$StateMachineDataPolicy.getFromFuture(SegmentedRaftLogWorker.java:87)
	at org.apache.ratis.server.raftlog.segmented.SegmentedRaftLogWorker$WriteLog.execute(SegmentedRaftLogWorker.java:477)
	at org.apache.ratis.server.raftlog.segmented.SegmentedRaftLogWorker.run(SegmentedRaftLogWorker.java:289)
	at java.lang.Thread.run(Thread.java:748)
Caused by: java.util.concurrent.TimeoutException
	at java.util.concurrent.CompletableFuture.timedGet(CompletableFuture.java:1771)
	at java.util.concurrent.CompletableFuture.get(CompletableFuture.java:1915)
	at org.apache.ratis.util.IOUtils.getFromFuture(IOUtils.java:79)
	... 4 more
2019-09-17 06:04:50,050 [72845ddd-7944-416b-9dd2-35fcccd22f3d@group-E83674309DFA-SegmentedRaftLogWorker] WARN  segmented.SegmentedRaftLogWorker (SegmentedRaftLogWorker.java:getFromFuture(90)) - Timeout 2/~
org.apache.ratis.protocol.TimeoutIOException: Timeout 10s: WriteLog:8: (t:1, i:8), STATEMACHINELOGENTRY, client-BBE8F4642F4E, cid=22-writeStateMachineData
	at org.apache.ratis.util.IOUtils.getFromFuture(IOUtils.java:87)
	at org.apache.ratis.server.raftlog.segmented.SegmentedRaftLogWorker$StateMachineDataPolicy.getFromFuture(SegmentedRaftLogWorker.java:87)
	at org.apache.ratis.server.raftlog.segmented.SegmentedRaftLogWorker$WriteLog.execute(SegmentedRaftLogWorker.java:477)
	at org.apache.ratis.server.raftlog.segmented.SegmentedRaftLogWorker.run(SegmentedRaftLogWorker.java:289)
	at java.lang.Thread.run(Thread.java:748)
Caused by: java.util.concurrent.TimeoutException
	at java.util.concurrent.CompletableFuture.timedGet(CompletableFuture.java:1771)
	at java.util.concurrent.CompletableFuture.get(CompletableFuture.java:1915)
	at org.apache.ratis.util.IOUtils.getFromFuture(IOUtils.java:79)
	... 4 more
2019-09-17 06:04:50,050 [f1727f7a-dfce-47cb-9d44-d863f6c274c0@group-E83674309DFA-SegmentedRaftLogWorker] WARN  segmented.SegmentedRaftLogWorker (SegmentedRaftLogWorker.java:getFromFuture(90)) - Timeout 2/~
org.apache.ratis.protocol.TimeoutIOException: Timeout 10s: WriteLog:8: (t:1, i:8), STATEMACHINELOGENTRY, client-BBE8F4642F4E, cid=22-writeStateMachineData
	at org.apache.ratis.util.IOUtils.getFromFuture(IOUtils.java:87)
	at org.apache.ratis.server.raftlog.segmented.SegmentedRaftLogWorker$StateMachineDataPolicy.getFromFuture(SegmentedRaftLogWorker.java:87)
	at org.apache.ratis.server.raftlog.segmented.SegmentedRaftLogWorker$WriteLog.execute(SegmentedRaftLogWorker.java:477)
	at org.apache.ratis.server.raftlog.segmented.SegmentedRaftLogWorker.run(SegmentedRaftLogWorker.java:289)
	at java.lang.Thread.run(Thread.java:748)
Caused by: java.util.concurrent.TimeoutException
	at java.util.concurrent.CompletableFuture.timedGet(CompletableFuture.java:1771)
	at java.util.concurrent.CompletableFuture.get(CompletableFuture.java:1915)
	at org.apache.ratis.util.IOUtils.getFromFuture(IOUtils.java:79)
	... 4 more
2019-09-17 06:04:50,341 [grpc-default-executor-1] INFO  client.GrpcClientProtocolClient (GrpcClientProtocolClient.java:onNext(264)) - client-BBE8F4642F4E->f1727f7a-dfce-47cb-9d44-d863f6c274c0: receive RaftClientReply:client-BBE8F4642F4E->f1727f7a-dfce-47cb-9d44-d863f6c274c0@group-E83674309DFA, cid=21, FAILED org.apache.ratis.protocol.NotLeaderException: Server f1727f7a-dfce-47cb-9d44-d863f6c274c0@group-E83674309DFA is not the leader 76e9ed70-2a32-4a64-9388-b77e9aa6f857:192.168.69.122:43336, logIndex=0, commits[f1727f7a-dfce-47cb-9d44-d863f6c274c0:c6, 76e9ed70-2a32-4a64-9388-b77e9aa6f857:c6, 72845ddd-7944-416b-9dd2-35fcccd22f3d:c4]
2019-09-17 06:04:50,452 [java.util.concurrent.ThreadPoolExecutor$Worker@698c243a[State = -1, empty queue]] WARN  server.GrpcLogAppender (GrpcLogAppender.java:timeoutAppendRequest(200)) - 76e9ed70-2a32-4a64-9388-b77e9aa6f857@group-E83674309DFA->72845ddd-7944-416b-9dd2-35fcccd22f3d-GrpcLogAppender: appendEntries Timeout, request=76e9ed70-2a32-4a64-9388-b77e9aa6f857->72845ddd-7944-416b-9dd2-35fcccd22f3d#21-t1, previous=(t:1, i:9), leaderCommit=6, initializing? false, entries: <empty>
2019-09-17 06:04:50,452 [java.util.concurrent.ThreadPoolExecutor$Worker@5ad35b0c[State = -1, empty queue]] WARN  server.GrpcLogAppender (GrpcLogAppender.java:timeoutAppendRequest(200)) - 76e9ed70-2a32-4a64-9388-b77e9aa6f857@group-E83674309DFA->f1727f7a-dfce-47cb-9d44-d863f6c274c0-GrpcLogAppender: appendEntries Timeout, request=76e9ed70-2a32-4a64-9388-b77e9aa6f857->f1727f7a-dfce-47cb-9d44-d863f6c274c0#21-t1, previous=(t:1, i:9), leaderCommit=6, initializing? false, entries: <empty>
2019-09-17 06:04:52,954 [java.util.concurrent.ThreadPoolExecutor$Worker@698c243a[State = -1, empty queue]] WARN  server.GrpcLogAppender (GrpcLogAppender.java:timeoutAppendRequest(200)) - 76e9ed70-2a32-4a64-9388-b77e9aa6f857@group-E83674309DFA->72845ddd-7944-416b-9dd2-35fcccd22f3d-GrpcLogAppender: appendEntries Timeout, request=76e9ed70-2a32-4a64-9388-b77e9aa6f857->72845ddd-7944-416b-9dd2-35fcccd22f3d#22-t1, previous=(t:1, i:9), leaderCommit=6, initializing? false, entries: <empty>
2019-09-17 06:04:52,954 [java.util.concurrent.ThreadPoolExecutor$Worker@5ad35b0c[State = -1, empty queue]] WARN  server.GrpcLogAppender (GrpcLogAppender.java:timeoutAppendRequest(200)) - 76e9ed70-2a32-4a64-9388-b77e9aa6f857@group-E83674309DFA->f1727f7a-dfce-47cb-9d44-d863f6c274c0-GrpcLogAppender: appendEntries Timeout, request=76e9ed70-2a32-4a64-9388-b77e9aa6f857->f1727f7a-dfce-47cb-9d44-d863f6c274c0#22-t1, previous=(t:1, i:9), leaderCommit=6, initializing? false, entries: <empty>
2019-09-17 06:04:55,395 [grpc-default-executor-2] INFO  client.GrpcClientProtocolClient (GrpcClientProtocolClient.java:onNext(264)) - client-BBE8F4642F4E->72845ddd-7944-416b-9dd2-35fcccd22f3d: receive RaftClientReply:client-BBE8F4642F4E->72845ddd-7944-416b-9dd2-35fcccd22f3d@group-E83674309DFA, cid=21, FAILED org.apache.ratis.protocol.NotLeaderException: Server 72845ddd-7944-416b-9dd2-35fcccd22f3d@group-E83674309DFA is not the leader 76e9ed70-2a32-4a64-9388-b77e9aa6f857:192.168.69.122:43336, logIndex=0, commits[72845ddd-7944-416b-9dd2-35fcccd22f3d:c6, 76e9ed70-2a32-4a64-9388-b77e9aa6f857:c6, f1727f7a-dfce-47cb-9d44-d863f6c274c0:c4]
2019-09-17 06:04:55,457 [java.util.concurrent.ThreadPoolExecutor$Worker@698c243a[State = -1, empty queue]] WARN  server.GrpcLogAppender (GrpcLogAppender.java:timeoutAppendRequest(200)) - 76e9ed70-2a32-4a64-9388-b77e9aa6f857@group-E83674309DFA->72845ddd-7944-416b-9dd2-35fcccd22f3d-GrpcLogAppender: appendEntries Timeout, request=76e9ed70-2a32-4a64-9388-b77e9aa6f857->72845ddd-7944-416b-9dd2-35fcccd22f3d#23-t1, previous=(t:1, i:9), leaderCommit=6, initializing? false, entries: <empty>
2019-09-17 06:04:55,458 [java.util.concurrent.ThreadPoolExecutor$Worker@5ad35b0c[State = -1, empty queue]] WARN  server.GrpcLogAppender (GrpcLogAppender.java:timeoutAppendRequest(200)) - 76e9ed70-2a32-4a64-9388-b77e9aa6f857@group-E83674309DFA->f1727f7a-dfce-47cb-9d44-d863f6c274c0-GrpcLogAppender: appendEntries Timeout, request=76e9ed70-2a32-4a64-9388-b77e9aa6f857->f1727f7a-dfce-47cb-9d44-d863f6c274c0#23-t1, previous=(t:1, i:9), leaderCommit=6, initializing? false, entries: <empty>
2019-09-17 06:04:57,958 [java.util.concurrent.ThreadPoolExecutor$Worker@698c243a[State = -1, empty queue]] WARN  server.GrpcLogAppender (GrpcLogAppender.java:timeoutAppendRequest(200)) - 76e9ed70-2a32-4a64-9388-b77e9aa6f857@group-E83674309DFA->72845ddd-7944-416b-9dd2-35fcccd22f3d-GrpcLogAppender: appendEntries Timeout, request=76e9ed70-2a32-4a64-9388-b77e9aa6f857->72845ddd-7944-416b-9dd2-35fcccd22f3d#24-t1, previous=(t:1, i:9), leaderCommit=6, initializing? false, entries: <empty>
2019-09-17 06:04:57,958 [java.util.concurrent.ThreadPoolExecutor$Worker@5ad35b0c[State = -1, empty queue]] WARN  server.GrpcLogAppender (GrpcLogAppender.java:timeoutAppendRequest(200)) - 76e9ed70-2a32-4a64-9388-b77e9aa6f857@group-E83674309DFA->f1727f7a-dfce-47cb-9d44-d863f6c274c0-GrpcLogAppender: appendEntries Timeout, request=76e9ed70-2a32-4a64-9388-b77e9aa6f857->f1727f7a-dfce-47cb-9d44-d863f6c274c0#24-t1, previous=(t:1, i:9), leaderCommit=6, initializing? false, entries: <empty>
2019-09-17 06:05:00,046 [76e9ed70-2a32-4a64-9388-b77e9aa6f857@group-E83674309DFA-SegmentedRaftLogWorker] WARN  segmented.SegmentedRaftLogWorker (SegmentedRaftLogWorker.java:getFromFuture(90)) - Timeout 3/~
org.apache.ratis.protocol.TimeoutIOException: Timeout 10s: WriteLog:8: (t:1, i:8), STATEMACHINELOGENTRY, client-BBE8F4642F4E, cid=22-writeStateMachineData
	at org.apache.ratis.util.IOUtils.getFromFuture(IOUtils.java:87)
	at org.apache.ratis.server.raftlog.segmented.SegmentedRaftLogWorker$StateMachineDataPolicy.getFromFuture(SegmentedRaftLogWorker.java:87)
	at org.apache.ratis.server.raftlog.segmented.SegmentedRaftLogWorker$WriteLog.execute(SegmentedRaftLogWorker.java:477)
	at org.apache.ratis.server.raftlog.segmented.SegmentedRaftLogWorker.run(SegmentedRaftLogWorker.java:289)
	at java.lang.Thread.run(Thread.java:748)
Caused by: java.util.concurrent.TimeoutException
	at java.util.concurrent.CompletableFuture.timedGet(CompletableFuture.java:1771)
	at java.util.concurrent.CompletableFuture.get(CompletableFuture.java:1915)
	at org.apache.ratis.util.IOUtils.getFromFuture(IOUtils.java:79)
	... 4 more
2019-09-17 06:05:00,051 [72845ddd-7944-416b-9dd2-35fcccd22f3d@group-E83674309DFA-SegmentedRaftLogWorker] WARN  segmented.SegmentedRaftLogWorker (SegmentedRaftLogWorker.java:getFromFuture(90)) - Timeout 3/~
org.apache.ratis.protocol.TimeoutIOException: Timeout 10s: WriteLog:8: (t:1, i:8), STATEMACHINELOGENTRY, client-BBE8F4642F4E, cid=22-writeStateMachineData
	at org.apache.ratis.util.IOUtils.getFromFuture(IOUtils.java:87)
	at org.apache.ratis.server.raftlog.segmented.SegmentedRaftLogWorker$StateMachineDataPolicy.getFromFuture(SegmentedRaftLogWorker.java:87)
	at org.apache.ratis.server.raftlog.segmented.SegmentedRaftLogWorker$WriteLog.execute(SegmentedRaftLogWorker.java:477)
	at org.apache.ratis.server.raftlog.segmented.SegmentedRaftLogWorker.run(SegmentedRaftLogWorker.java:289)
	at java.lang.Thread.run(Thread.java:748)
Caused by: java.util.concurrent.TimeoutException
	at java.util.concurrent.CompletableFuture.timedGet(CompletableFuture.java:1771)
	at java.util.concurrent.CompletableFuture.get(CompletableFuture.java:1915)
	at org.apache.ratis.util.IOUtils.getFromFuture(IOUtils.java:79)
	... 4 more
2019-09-17 06:05:00,051 [f1727f7a-dfce-47cb-9d44-d863f6c274c0@group-E83674309DFA-SegmentedRaftLogWorker] WARN  segmented.SegmentedRaftLogWorker (SegmentedRaftLogWorker.java:getFromFuture(90)) - Timeout 3/~
org.apache.ratis.protocol.TimeoutIOException: Timeout 10s: WriteLog:8: (t:1, i:8), STATEMACHINELOGENTRY, client-BBE8F4642F4E, cid=22-writeStateMachineData
	at org.apache.ratis.util.IOUtils.getFromFuture(IOUtils.java:87)
	at org.apache.ratis.server.raftlog.segmented.SegmentedRaftLogWorker$StateMachineDataPolicy.getFromFuture(SegmentedRaftLogWorker.java:87)
	at org.apache.ratis.server.raftlog.segmented.SegmentedRaftLogWorker$WriteLog.execute(SegmentedRaftLogWorker.java:477)
	at org.apache.ratis.server.raftlog.segmented.SegmentedRaftLogWorker.run(SegmentedRaftLogWorker.java:289)
	at java.lang.Thread.run(Thread.java:748)
Caused by: java.util.concurrent.TimeoutException
	at java.util.concurrent.CompletableFuture.timedGet(CompletableFuture.java:1771)
	at java.util.concurrent.CompletableFuture.get(CompletableFuture.java:1915)
	at org.apache.ratis.util.IOUtils.getFromFuture(IOUtils.java:79)
	... 4 more
2019-09-17 06:05:00,459 [java.util.concurrent.ThreadPoolExecutor$Worker@698c243a[State = -1, empty queue]] WARN  server.GrpcLogAppender (GrpcLogAppender.java:timeoutAppendRequest(200)) - 76e9ed70-2a32-4a64-9388-b77e9aa6f857@group-E83674309DFA->72845ddd-7944-416b-9dd2-35fcccd22f3d-GrpcLogAppender: appendEntries Timeout, request=76e9ed70-2a32-4a64-9388-b77e9aa6f857->72845ddd-7944-416b-9dd2-35fcccd22f3d#25-t1, previous=(t:1, i:9), leaderCommit=6, initializing? false, entries: <empty>
2019-09-17 06:05:00,459 [java.util.concurrent.ThreadPoolExecutor$Worker@5ad35b0c[State = -1, empty queue]] WARN  server.GrpcLogAppender (GrpcLogAppender.java:timeoutAppendRequest(200)) - 76e9ed70-2a32-4a64-9388-b77e9aa6f857@group-E83674309DFA->f1727f7a-dfce-47cb-9d44-d863f6c274c0-GrpcLogAppender: appendEntries Timeout, request=76e9ed70-2a32-4a64-9388-b77e9aa6f857->f1727f7a-dfce-47cb-9d44-d863f6c274c0#25-t1, previous=(t:1, i:9), leaderCommit=6, initializing? false, entries: <empty>
2019-09-17 06:05:00,497 [grpc-default-executor-1] INFO  client.GrpcClientProtocolClient (GrpcClientProtocolClient.java:onNext(264)) - client-BBE8F4642F4E->72845ddd-7944-416b-9dd2-35fcccd22f3d: receive RaftClientReply:client-BBE8F4642F4E->72845ddd-7944-416b-9dd2-35fcccd22f3d@group-E83674309DFA, cid=21, FAILED org.apache.ratis.protocol.NotLeaderException: Server 72845ddd-7944-416b-9dd2-35fcccd22f3d@group-E83674309DFA is not the leader 76e9ed70-2a32-4a64-9388-b77e9aa6f857:192.168.69.122:43336, logIndex=0, commits[72845ddd-7944-416b-9dd2-35fcccd22f3d:c6, 76e9ed70-2a32-4a64-9388-b77e9aa6f857:c6, f1727f7a-dfce-47cb-9d44-d863f6c274c0:c4]
2019-09-17 06:05:02,959 [java.util.concurrent.ThreadPoolExecutor$Worker@698c243a[State = -1, empty queue]] WARN  server.GrpcLogAppender (GrpcLogAppender.java:timeoutAppendRequest(200)) - 76e9ed70-2a32-4a64-9388-b77e9aa6f857@group-E83674309DFA->72845ddd-7944-416b-9dd2-35fcccd22f3d-GrpcLogAppender: appendEntries Timeout, request=76e9ed70-2a32-4a64-9388-b77e9aa6f857->72845ddd-7944-416b-9dd2-35fcccd22f3d#26-t1, previous=(t:1, i:9), leaderCommit=6, initializing? false, entries: <empty>
2019-09-17 06:05:02,959 [java.util.concurrent.ThreadPoolExecutor$Worker@5ad35b0c[State = -1, empty queue]] WARN  server.GrpcLogAppender (GrpcLogAppender.java:timeoutAppendRequest(200)) - 76e9ed70-2a32-4a64-9388-b77e9aa6f857@group-E83674309DFA->f1727f7a-dfce-47cb-9d44-d863f6c274c0-GrpcLogAppender: appendEntries Timeout, request=76e9ed70-2a32-4a64-9388-b77e9aa6f857->f1727f7a-dfce-47cb-9d44-d863f6c274c0#26-t1, previous=(t:1, i:9), leaderCommit=6, initializing? false, entries: <empty>
2019-09-17 06:05:05,460 [java.util.concurrent.ThreadPoolExecutor$Worker@5ad35b0c[State = -1, empty queue]] WARN  server.GrpcLogAppender (GrpcLogAppender.java:timeoutAppendRequest(200)) - 76e9ed70-2a32-4a64-9388-b77e9aa6f857@group-E83674309DFA->f1727f7a-dfce-47cb-9d44-d863f6c274c0-GrpcLogAppender: appendEntries Timeout, request=76e9ed70-2a32-4a64-9388-b77e9aa6f857->f1727f7a-dfce-47cb-9d44-d863f6c274c0#27-t1, previous=(t:1, i:9), leaderCommit=6, initializing? false, entries: <empty>
2019-09-17 06:05:05,460 [java.util.concurrent.ThreadPoolExecutor$Worker@698c243a[State = -1, empty queue]] WARN  server.GrpcLogAppender (GrpcLogAppender.java:timeoutAppendRequest(200)) - 76e9ed70-2a32-4a64-9388-b77e9aa6f857@group-E83674309DFA->72845ddd-7944-416b-9dd2-35fcccd22f3d-GrpcLogAppender: appendEntries Timeout, request=76e9ed70-2a32-4a64-9388-b77e9aa6f857->72845ddd-7944-416b-9dd2-35fcccd22f3d#27-t1, previous=(t:1, i:9), leaderCommit=6, initializing? false, entries: <empty>
2019-09-17 06:05:05,583 [grpc-default-executor-0] INFO  client.GrpcClientProtocolClient (GrpcClientProtocolClient.java:onNext(264)) - client-BBE8F4642F4E->72845ddd-7944-416b-9dd2-35fcccd22f3d: receive RaftClientReply:client-BBE8F4642F4E->72845ddd-7944-416b-9dd2-35fcccd22f3d@group-E83674309DFA, cid=21, FAILED org.apache.ratis.protocol.NotLeaderException: Server 72845ddd-7944-416b-9dd2-35fcccd22f3d@group-E83674309DFA is not the leader 76e9ed70-2a32-4a64-9388-b77e9aa6f857:192.168.69.122:43336, logIndex=0, commits[72845ddd-7944-416b-9dd2-35fcccd22f3d:c6, 76e9ed70-2a32-4a64-9388-b77e9aa6f857:c6, f1727f7a-dfce-47cb-9d44-d863f6c274c0:c4]
2019-09-17 06:05:07,960 [java.util.concurrent.ThreadPoolExecutor$Worker@5ad35b0c[State = -1, empty queue]] WARN  server.GrpcLogAppender (GrpcLogAppender.java:timeoutAppendRequest(200)) - 76e9ed70-2a32-4a64-9388-b77e9aa6f857@group-E83674309DFA->f1727f7a-dfce-47cb-9d44-d863f6c274c0-GrpcLogAppender: appendEntries Timeout, request=76e9ed70-2a32-4a64-9388-b77e9aa6f857->f1727f7a-dfce-47cb-9d44-d863f6c274c0#28-t1, previous=(t:1, i:9), leaderCommit=6, initializing? false, entries: <empty>
2019-09-17 06:05:07,960 [java.util.concurrent.ThreadPoolExecutor$Worker@698c243a[State = -1, empty queue]] WARN  server.GrpcLogAppender (GrpcLogAppender.java:timeoutAppendRequest(200)) - 76e9ed70-2a32-4a64-9388-b77e9aa6f857@group-E83674309DFA->72845ddd-7944-416b-9dd2-35fcccd22f3d-GrpcLogAppender: appendEntries Timeout, request=76e9ed70-2a32-4a64-9388-b77e9aa6f857->72845ddd-7944-416b-9dd2-35fcccd22f3d#28-t1, previous=(t:1, i:9), leaderCommit=6, initializing? false, entries: <empty>
2019-09-17 06:05:10,047 [76e9ed70-2a32-4a64-9388-b77e9aa6f857@group-E83674309DFA-SegmentedRaftLogWorker] WARN  segmented.SegmentedRaftLogWorker (SegmentedRaftLogWorker.java:getFromFuture(90)) - Timeout 4/~
org.apache.ratis.protocol.TimeoutIOException: Timeout 10s: WriteLog:8: (t:1, i:8), STATEMACHINELOGENTRY, client-BBE8F4642F4E, cid=22-writeStateMachineData
	at org.apache.ratis.util.IOUtils.getFromFuture(IOUtils.java:87)
	at org.apache.ratis.server.raftlog.segmented.SegmentedRaftLogWorker$StateMachineDataPolicy.getFromFuture(SegmentedRaftLogWorker.java:87)
	at org.apache.ratis.server.raftlog.segmented.SegmentedRaftLogWorker$WriteLog.execute(SegmentedRaftLogWorker.java:477)
	at org.apache.ratis.server.raftlog.segmented.SegmentedRaftLogWorker.run(SegmentedRaftLogWorker.java:289)
	at java.lang.Thread.run(Thread.java:748)
Caused by: java.util.concurrent.TimeoutException
	at java.util.concurrent.CompletableFuture.timedGet(CompletableFuture.java:1771)
	at java.util.concurrent.CompletableFuture.get(CompletableFuture.java:1915)
	at org.apache.ratis.util.IOUtils.getFromFuture(IOUtils.java:79)
	... 4 more
2019-09-17 06:05:10,052 [72845ddd-7944-416b-9dd2-35fcccd22f3d@group-E83674309DFA-SegmentedRaftLogWorker] WARN  segmented.SegmentedRaftLogWorker (SegmentedRaftLogWorker.java:getFromFuture(90)) - Timeout 4/~
org.apache.ratis.protocol.TimeoutIOException: Timeout 10s: WriteLog:8: (t:1, i:8), STATEMACHINELOGENTRY, client-BBE8F4642F4E, cid=22-writeStateMachineData
	at org.apache.ratis.util.IOUtils.getFromFuture(IOUtils.java:87)
	at org.apache.ratis.server.raftlog.segmented.SegmentedRaftLogWorker$StateMachineDataPolicy.getFromFuture(SegmentedRaftLogWorker.java:87)
	at org.apache.ratis.server.raftlog.segmented.SegmentedRaftLogWorker$WriteLog.execute(SegmentedRaftLogWorker.java:477)
	at org.apache.ratis.server.raftlog.segmented.SegmentedRaftLogWorker.run(SegmentedRaftLogWorker.java:289)
	at java.lang.Thread.run(Thread.java:748)
Caused by: java.util.concurrent.TimeoutException
	at java.util.concurrent.CompletableFuture.timedGet(CompletableFuture.java:1771)
	at java.util.concurrent.CompletableFuture.get(CompletableFuture.java:1915)
	at org.apache.ratis.util.IOUtils.getFromFuture(IOUtils.java:79)
	... 4 more
2019-09-17 06:05:10,052 [f1727f7a-dfce-47cb-9d44-d863f6c274c0@group-E83674309DFA-SegmentedRaftLogWorker] WARN  segmented.SegmentedRaftLogWorker (SegmentedRaftLogWorker.java:getFromFuture(90)) - Timeout 4/~
org.apache.ratis.protocol.TimeoutIOException: Timeout 10s: WriteLog:8: (t:1, i:8), STATEMACHINELOGENTRY, client-BBE8F4642F4E, cid=22-writeStateMachineData
	at org.apache.ratis.util.IOUtils.getFromFuture(IOUtils.java:87)
	at org.apache.ratis.server.raftlog.segmented.SegmentedRaftLogWorker$StateMachineDataPolicy.getFromFuture(SegmentedRaftLogWorker.java:87)
	at org.apache.ratis.server.raftlog.segmented.SegmentedRaftLogWorker$WriteLog.execute(SegmentedRaftLogWorker.java:477)
	at org.apache.ratis.server.raftlog.segmented.SegmentedRaftLogWorker.run(SegmentedRaftLogWorker.java:289)
	at java.lang.Thread.run(Thread.java:748)
Caused by: java.util.concurrent.TimeoutException
	at java.util.concurrent.CompletableFuture.timedGet(CompletableFuture.java:1771)
	at java.util.concurrent.CompletableFuture.get(CompletableFuture.java:1915)
	at org.apache.ratis.util.IOUtils.getFromFuture(IOUtils.java:79)
	... 4 more
2019-09-17 06:05:10,461 [java.util.concurrent.ThreadPoolExecutor$Worker@5ad35b0c[State = -1, empty queue]] WARN  server.GrpcLogAppender (GrpcLogAppender.java:timeoutAppendRequest(200)) - 76e9ed70-2a32-4a64-9388-b77e9aa6f857@group-E83674309DFA->f1727f7a-dfce-47cb-9d44-d863f6c274c0-GrpcLogAppender: appendEntries Timeout, request=76e9ed70-2a32-4a64-9388-b77e9aa6f857->f1727f7a-dfce-47cb-9d44-d863f6c274c0#29-t1, previous=(t:1, i:9), leaderCommit=6, initializing? false, entries: <empty>
2019-09-17 06:05:10,461 [java.util.concurrent.ThreadPoolExecutor$Worker@698c243a[State = -1, empty queue]] WARN  server.GrpcLogAppender (GrpcLogAppender.java:timeoutAppendRequest(200)) - 76e9ed70-2a32-4a64-9388-b77e9aa6f857@group-E83674309DFA->72845ddd-7944-416b-9dd2-35fcccd22f3d-GrpcLogAppender: appendEntries Timeout, request=76e9ed70-2a32-4a64-9388-b77e9aa6f857->72845ddd-7944-416b-9dd2-35fcccd22f3d#29-t1, previous=(t:1, i:9), leaderCommit=6, initializing? false, entries: <empty>
2019-09-17 06:05:10,630 [grpc-default-executor-2] INFO  client.GrpcClientProtocolClient (GrpcClientProtocolClient.java:onNext(264)) - client-BBE8F4642F4E->72845ddd-7944-416b-9dd2-35fcccd22f3d: receive RaftClientReply:client-BBE8F4642F4E->72845ddd-7944-416b-9dd2-35fcccd22f3d@group-E83674309DFA, cid=21, FAILED org.apache.ratis.protocol.NotLeaderException: Server 72845ddd-7944-416b-9dd2-35fcccd22f3d@group-E83674309DFA is not the leader 76e9ed70-2a32-4a64-9388-b77e9aa6f857:192.168.69.122:43336, logIndex=0, commits[72845ddd-7944-416b-9dd2-35fcccd22f3d:c6, 76e9ed70-2a32-4a64-9388-b77e9aa6f857:c6, f1727f7a-dfce-47cb-9d44-d863f6c274c0:c4]
2019-09-17 06:05:12,962 [java.util.concurrent.ThreadPoolExecutor$Worker@5ad35b0c[State = -1, empty queue]] WARN  server.GrpcLogAppender (GrpcLogAppender.java:timeoutAppendRequest(200)) - 76e9ed70-2a32-4a64-9388-b77e9aa6f857@group-E83674309DFA->f1727f7a-dfce-47cb-9d44-d863f6c274c0-GrpcLogAppender: appendEntries Timeout, request=76e9ed70-2a32-4a64-9388-b77e9aa6f857->f1727f7a-dfce-47cb-9d44-d863f6c274c0#30-t1, previous=(t:1, i:9), leaderCommit=6, initializing? false, entries: <empty>
2019-09-17 06:05:12,962 [java.util.concurrent.ThreadPoolExecutor$Worker@698c243a[State = -1, empty queue]] WARN  server.GrpcLogAppender (GrpcLogAppender.java:timeoutAppendRequest(200)) - 76e9ed70-2a32-4a64-9388-b77e9aa6f857@group-E83674309DFA->72845ddd-7944-416b-9dd2-35fcccd22f3d-GrpcLogAppender: appendEntries Timeout, request=76e9ed70-2a32-4a64-9388-b77e9aa6f857->72845ddd-7944-416b-9dd2-35fcccd22f3d#30-t1, previous=(t:1, i:9), leaderCommit=6, initializing? false, entries: <empty>
2019-09-17 06:05:15,463 [java.util.concurrent.ThreadPoolExecutor$Worker@5ad35b0c[State = -1, empty queue]] WARN  server.GrpcLogAppender (GrpcLogAppender.java:timeoutAppendRequest(200)) - 76e9ed70-2a32-4a64-9388-b77e9aa6f857@group-E83674309DFA->f1727f7a-dfce-47cb-9d44-d863f6c274c0-GrpcLogAppender: appendEntries Timeout, request=76e9ed70-2a32-4a64-9388-b77e9aa6f857->f1727f7a-dfce-47cb-9d44-d863f6c274c0#31-t1, previous=(t:1, i:9), leaderCommit=6, initializing? false, entries: <empty>
2019-09-17 06:05:15,463 [java.util.concurrent.ThreadPoolExecutor$Worker@698c243a[State = -1, empty queue]] WARN  server.GrpcLogAppender (GrpcLogAppender.java:timeoutAppendRequest(200)) - 76e9ed70-2a32-4a64-9388-b77e9aa6f857@group-E83674309DFA->72845ddd-7944-416b-9dd2-35fcccd22f3d-GrpcLogAppender: appendEntries Timeout, request=76e9ed70-2a32-4a64-9388-b77e9aa6f857->72845ddd-7944-416b-9dd2-35fcccd22f3d#31-t1, previous=(t:1, i:9), leaderCommit=6, initializing? false, entries: <empty>
2019-09-17 06:05:15,690 [grpc-default-executor-0] INFO  client.GrpcClientProtocolClient (GrpcClientProtocolClient.java:onNext(264)) - client-BBE8F4642F4E->72845ddd-7944-416b-9dd2-35fcccd22f3d: receive RaftClientReply:client-BBE8F4642F4E->72845ddd-7944-416b-9dd2-35fcccd22f3d@group-E83674309DFA, cid=21, FAILED org.apache.ratis.protocol.NotLeaderException: Server 72845ddd-7944-416b-9dd2-35fcccd22f3d@group-E83674309DFA is not the leader 76e9ed70-2a32-4a64-9388-b77e9aa6f857:192.168.69.122:43336, logIndex=0, commits[72845ddd-7944-416b-9dd2-35fcccd22f3d:c6, 76e9ed70-2a32-4a64-9388-b77e9aa6f857:c6, f1727f7a-dfce-47cb-9d44-d863f6c274c0:c4]
2019-09-17 06:05:17,963 [java.util.concurrent.ThreadPoolExecutor$Worker@698c243a[State = -1, empty queue]] WARN  server.GrpcLogAppender (GrpcLogAppender.java:timeoutAppendRequest(200)) - 76e9ed70-2a32-4a64-9388-b77e9aa6f857@group-E83674309DFA->72845ddd-7944-416b-9dd2-35fcccd22f3d-GrpcLogAppender: appendEntries Timeout, request=76e9ed70-2a32-4a64-9388-b77e9aa6f857->72845ddd-7944-416b-9dd2-35fcccd22f3d#32-t1, previous=(t:1, i:9), leaderCommit=6, initializing? false, entries: <empty>
2019-09-17 06:05:17,963 [java.util.concurrent.ThreadPoolExecutor$Worker@5ad35b0c[State = -1, empty queue]] WARN  server.GrpcLogAppender (GrpcLogAppender.java:timeoutAppendRequest(200)) - 76e9ed70-2a32-4a64-9388-b77e9aa6f857@group-E83674309DFA->f1727f7a-dfce-47cb-9d44-d863f6c274c0-GrpcLogAppender: appendEntries Timeout, request=76e9ed70-2a32-4a64-9388-b77e9aa6f857->f1727f7a-dfce-47cb-9d44-d863f6c274c0#32-t1, previous=(t:1, i:9), leaderCommit=6, initializing? false, entries: <empty>
2019-09-17 06:05:20,051 [76e9ed70-2a32-4a64-9388-b77e9aa6f857@group-E83674309DFA-SegmentedRaftLogWorker] WARN  segmented.SegmentedRaftLogWorker (SegmentedRaftLogWorker.java:getFromFuture(90)) - Timeout 5/~
org.apache.ratis.protocol.TimeoutIOException: Timeout 10s: WriteLog:8: (t:1, i:8), STATEMACHINELOGENTRY, client-BBE8F4642F4E, cid=22-writeStateMachineData
	at org.apache.ratis.util.IOUtils.getFromFuture(IOUtils.java:87)
	at org.apache.ratis.server.raftlog.segmented.SegmentedRaftLogWorker$StateMachineDataPolicy.getFromFuture(SegmentedRaftLogWorker.java:87)
	at org.apache.ratis.server.raftlog.segmented.SegmentedRaftLogWorker$WriteLog.execute(SegmentedRaftLogWorker.java:477)
	at org.apache.ratis.server.raftlog.segmented.SegmentedRaftLogWorker.run(SegmentedRaftLogWorker.java:289)
	at java.lang.Thread.run(Thread.java:748)
Caused by: java.util.concurrent.TimeoutException
	at java.util.concurrent.CompletableFuture.timedGet(CompletableFuture.java:1771)
	at java.util.concurrent.CompletableFuture.get(CompletableFuture.java:1915)
	at org.apache.ratis.util.IOUtils.getFromFuture(IOUtils.java:79)
	... 4 more
2019-09-17 06:05:20,053 [72845ddd-7944-416b-9dd2-35fcccd22f3d@group-E83674309DFA-SegmentedRaftLogWorker] WARN  segmented.SegmentedRaftLogWorker (SegmentedRaftLogWorker.java:getFromFuture(90)) - Timeout 5/~
org.apache.ratis.protocol.TimeoutIOException: Timeout 10s: WriteLog:8: (t:1, i:8), STATEMACHINELOGENTRY, client-BBE8F4642F4E, cid=22-writeStateMachineData
	at org.apache.ratis.util.IOUtils.getFromFuture(IOUtils.java:87)
	at org.apache.ratis.server.raftlog.segmented.SegmentedRaftLogWorker$StateMachineDataPolicy.getFromFuture(SegmentedRaftLogWorker.java:87)
	at org.apache.ratis.server.raftlog.segmented.SegmentedRaftLogWorker$WriteLog.execute(SegmentedRaftLogWorker.java:477)
	at org.apache.ratis.server.raftlog.segmented.SegmentedRaftLogWorker.run(SegmentedRaftLogWorker.java:289)
	at java.lang.Thread.run(Thread.java:748)
Caused by: java.util.concurrent.TimeoutException
	at java.util.concurrent.CompletableFuture.timedGet(CompletableFuture.java:1771)
	at java.util.concurrent.CompletableFuture.get(CompletableFuture.java:1915)
	at org.apache.ratis.util.IOUtils.getFromFuture(IOUtils.java:79)
	... 4 more
2019-09-17 06:05:20,053 [f1727f7a-dfce-47cb-9d44-d863f6c274c0@group-E83674309DFA-SegmentedRaftLogWorker] WARN  segmented.SegmentedRaftLogWorker (SegmentedRaftLogWorker.java:getFromFuture(90)) - Timeout 5/~
org.apache.ratis.protocol.TimeoutIOException: Timeout 10s: WriteLog:8: (t:1, i:8), STATEMACHINELOGENTRY, client-BBE8F4642F4E, cid=22-writeStateMachineData
	at org.apache.ratis.util.IOUtils.getFromFuture(IOUtils.java:87)
	at org.apache.ratis.server.raftlog.segmented.SegmentedRaftLogWorker$StateMachineDataPolicy.getFromFuture(SegmentedRaftLogWorker.java:87)
	at org.apache.ratis.server.raftlog.segmented.SegmentedRaftLogWorker$WriteLog.execute(SegmentedRaftLogWorker.java:477)
	at org.apache.ratis.server.raftlog.segmented.SegmentedRaftLogWorker.run(SegmentedRaftLogWorker.java:289)
	at java.lang.Thread.run(Thread.java:748)
Caused by: java.util.concurrent.TimeoutException
	at java.util.concurrent.CompletableFuture.timedGet(CompletableFuture.java:1771)
	at java.util.concurrent.CompletableFuture.get(CompletableFuture.java:1915)
	at org.apache.ratis.util.IOUtils.getFromFuture(IOUtils.java:79)
	... 4 more
2019-09-17 06:05:20,464 [java.util.concurrent.ThreadPoolExecutor$Worker@698c243a[State = -1, empty queue]] WARN  server.GrpcLogAppender (GrpcLogAppender.java:timeoutAppendRequest(200)) - 76e9ed70-2a32-4a64-9388-b77e9aa6f857@group-E83674309DFA->72845ddd-7944-416b-9dd2-35fcccd22f3d-GrpcLogAppender: appendEntries Timeout, request=76e9ed70-2a32-4a64-9388-b77e9aa6f857->72845ddd-7944-416b-9dd2-35fcccd22f3d#33-t1, previous=(t:1, i:9), leaderCommit=6, initializing? false, entries: <empty>
2019-09-17 06:05:20,464 [java.util.concurrent.ThreadPoolExecutor$Worker@5ad35b0c[State = -1, empty queue]] WARN  server.GrpcLogAppender (GrpcLogAppender.java:timeoutAppendRequest(200)) - 76e9ed70-2a32-4a64-9388-b77e9aa6f857@group-E83674309DFA->f1727f7a-dfce-47cb-9d44-d863f6c274c0-GrpcLogAppender: appendEntries Timeout, request=76e9ed70-2a32-4a64-9388-b77e9aa6f857->f1727f7a-dfce-47cb-9d44-d863f6c274c0#33-t1, previous=(t:1, i:9), leaderCommit=6, initializing? false, entries: <empty>
2019-09-17 06:05:20,736 [grpc-default-executor-2] INFO  client.GrpcClientProtocolClient (GrpcClientProtocolClient.java:onNext(264)) - client-BBE8F4642F4E->72845ddd-7944-416b-9dd2-35fcccd22f3d: receive RaftClientReply:client-BBE8F4642F4E->72845ddd-7944-416b-9dd2-35fcccd22f3d@group-E83674309DFA, cid=21, FAILED org.apache.ratis.protocol.NotLeaderException: Server 72845ddd-7944-416b-9dd2-35fcccd22f3d@group-E83674309DFA is not the leader 76e9ed70-2a32-4a64-9388-b77e9aa6f857:192.168.69.122:43336, logIndex=0, commits[72845ddd-7944-416b-9dd2-35fcccd22f3d:c6, 76e9ed70-2a32-4a64-9388-b77e9aa6f857:c6, f1727f7a-dfce-47cb-9d44-d863f6c274c0:c4]
2019-09-17 06:05:22,964 [java.util.concurrent.ThreadPoolExecutor$Worker@5ad35b0c[State = -1, empty queue]] WARN  server.GrpcLogAppender (GrpcLogAppender.java:timeoutAppendRequest(200)) - 76e9ed70-2a32-4a64-9388-b77e9aa6f857@group-E83674309DFA->f1727f7a-dfce-47cb-9d44-d863f6c274c0-GrpcLogAppender: appendEntries Timeout, request=76e9ed70-2a32-4a64-9388-b77e9aa6f857->f1727f7a-dfce-47cb-9d44-d863f6c274c0#34-t1, previous=(t:1, i:9), leaderCommit=6, initializing? false, entries: <empty>
2019-09-17 06:05:22,964 [java.util.concurrent.ThreadPoolExecutor$Worker@698c243a[State = -1, empty queue]] WARN  server.GrpcLogAppender (GrpcLogAppender.java:timeoutAppendRequest(200)) - 76e9ed70-2a32-4a64-9388-b77e9aa6f857@group-E83674309DFA->72845ddd-7944-416b-9dd2-35fcccd22f3d-GrpcLogAppender: appendEntries Timeout, request=76e9ed70-2a32-4a64-9388-b77e9aa6f857->72845ddd-7944-416b-9dd2-35fcccd22f3d#34-t1, previous=(t:1, i:9), leaderCommit=6, initializing? false, entries: <empty>
2019-09-17 06:05:25,465 [java.util.concurrent.ThreadPoolExecutor$Worker@698c243a[State = -1, empty queue]] WARN  server.GrpcLogAppender (GrpcLogAppender.java:timeoutAppendRequest(200)) - 76e9ed70-2a32-4a64-9388-b77e9aa6f857@group-E83674309DFA->72845ddd-7944-416b-9dd2-35fcccd22f3d-GrpcLogAppender: appendEntries Timeout, request=76e9ed70-2a32-4a64-9388-b77e9aa6f857->72845ddd-7944-416b-9dd2-35fcccd22f3d#35-t1, previous=(t:1, i:9), leaderCommit=6, initializing? false, entries: <empty>
2019-09-17 06:05:25,465 [java.util.concurrent.ThreadPoolExecutor$Worker@5ad35b0c[State = -1, empty queue]] WARN  server.GrpcLogAppender (GrpcLogAppender.java:timeoutAppendRequest(200)) - 76e9ed70-2a32-4a64-9388-b77e9aa6f857@group-E83674309DFA->f1727f7a-dfce-47cb-9d44-d863f6c274c0-GrpcLogAppender: appendEntries Timeout, request=76e9ed70-2a32-4a64-9388-b77e9aa6f857->f1727f7a-dfce-47cb-9d44-d863f6c274c0#35-t1, previous=(t:1, i:9), leaderCommit=6, initializing? false, entries: <empty>
2019-09-17 06:05:25,786 [grpc-default-executor-0] INFO  client.GrpcClientProtocolClient (GrpcClientProtocolClient.java:onNext(264)) - client-BBE8F4642F4E->72845ddd-7944-416b-9dd2-35fcccd22f3d: receive RaftClientReply:client-BBE8F4642F4E->72845ddd-7944-416b-9dd2-35fcccd22f3d@group-E83674309DFA, cid=21, FAILED org.apache.ratis.protocol.NotLeaderException: Server 72845ddd-7944-416b-9dd2-35fcccd22f3d@group-E83674309DFA is not the leader 76e9ed70-2a32-4a64-9388-b77e9aa6f857:192.168.69.122:43336, logIndex=0, commits[72845ddd-7944-416b-9dd2-35fcccd22f3d:c6, 76e9ed70-2a32-4a64-9388-b77e9aa6f857:c6, f1727f7a-dfce-47cb-9d44-d863f6c274c0:c4]
2019-09-17 06:05:27,966 [java.util.concurrent.ThreadPoolExecutor$Worker@698c243a[State = -1, empty queue]] WARN  server.GrpcLogAppender (GrpcLogAppender.java:timeoutAppendRequest(200)) - 76e9ed70-2a32-4a64-9388-b77e9aa6f857@group-E83674309DFA->72845ddd-7944-416b-9dd2-35fcccd22f3d-GrpcLogAppender: appendEntries Timeout, request=76e9ed70-2a32-4a64-9388-b77e9aa6f857->72845ddd-7944-416b-9dd2-35fcccd22f3d#36-t1, previous=(t:1, i:9), leaderCommit=6, initializing? false, entries: <empty>
2019-09-17 06:05:27,966 [java.util.concurrent.ThreadPoolExecutor$Worker@5ad35b0c[State = -1, empty queue]] WARN  server.GrpcLogAppender (GrpcLogAppender.java:timeoutAppendRequest(200)) - 76e9ed70-2a32-4a64-9388-b77e9aa6f857@group-E83674309DFA->f1727f7a-dfce-47cb-9d44-d863f6c274c0-GrpcLogAppender: appendEntries Timeout, request=76e9ed70-2a32-4a64-9388-b77e9aa6f857->f1727f7a-dfce-47cb-9d44-d863f6c274c0#36-t1, previous=(t:1, i:9), leaderCommit=6, initializing? false, entries: <empty>
2019-09-17 06:05:30,052 [76e9ed70-2a32-4a64-9388-b77e9aa6f857@group-E83674309DFA-SegmentedRaftLogWorker] WARN  segmented.SegmentedRaftLogWorker (SegmentedRaftLogWorker.java:getFromFuture(90)) - Timeout 6/~
org.apache.ratis.protocol.TimeoutIOException: Timeout 10s: WriteLog:8: (t:1, i:8), STATEMACHINELOGENTRY, client-BBE8F4642F4E, cid=22-writeStateMachineData
	at org.apache.ratis.util.IOUtils.getFromFuture(IOUtils.java:87)
	at org.apache.ratis.server.raftlog.segmented.SegmentedRaftLogWorker$StateMachineDataPolicy.getFromFuture(SegmentedRaftLogWorker.java:87)
	at org.apache.ratis.server.raftlog.segmented.SegmentedRaftLogWorker$WriteLog.execute(SegmentedRaftLogWorker.java:477)
	at org.apache.ratis.server.raftlog.segmented.SegmentedRaftLogWorker.run(SegmentedRaftLogWorker.java:289)
	at java.lang.Thread.run(Thread.java:748)
Caused by: java.util.concurrent.TimeoutException
	at java.util.concurrent.CompletableFuture.timedGet(CompletableFuture.java:1771)
	at java.util.concurrent.CompletableFuture.get(CompletableFuture.java:1915)
	at org.apache.ratis.util.IOUtils.getFromFuture(IOUtils.java:79)
	... 4 more
2019-09-17 06:05:30,054 [f1727f7a-dfce-47cb-9d44-d863f6c274c0@group-E83674309DFA-SegmentedRaftLogWorker] WARN  segmented.SegmentedRaftLogWorker (SegmentedRaftLogWorker.java:getFromFuture(90)) - Timeout 6/~
org.apache.ratis.protocol.TimeoutIOException: Timeout 10s: WriteLog:8: (t:1, i:8), STATEMACHINELOGENTRY, client-BBE8F4642F4E, cid=22-writeStateMachineData
	at org.apache.ratis.util.IOUtils.getFromFuture(IOUtils.java:87)
	at org.apache.ratis.server.raftlog.segmented.SegmentedRaftLogWorker$StateMachineDataPolicy.getFromFuture(SegmentedRaftLogWorker.java:87)
	at org.apache.ratis.server.raftlog.segmented.SegmentedRaftLogWorker$WriteLog.execute(SegmentedRaftLogWorker.java:477)
	at org.apache.ratis.server.raftlog.segmented.SegmentedRaftLogWorker.run(SegmentedRaftLogWorker.java:289)
	at java.lang.Thread.run(Thread.java:748)
Caused by: java.util.concurrent.TimeoutException
	at java.util.concurrent.CompletableFuture.timedGet(CompletableFuture.java:1771)
	at java.util.concurrent.CompletableFuture.get(CompletableFuture.java:1915)
	at org.apache.ratis.util.IOUtils.getFromFuture(IOUtils.java:79)
	... 4 more
2019-09-17 06:05:30,053 [72845ddd-7944-416b-9dd2-35fcccd22f3d@group-E83674309DFA-SegmentedRaftLogWorker] WARN  segmented.SegmentedRaftLogWorker (SegmentedRaftLogWorker.java:getFromFuture(90)) - Timeout 6/~
org.apache.ratis.protocol.TimeoutIOException: Timeout 10s: WriteLog:8: (t:1, i:8), STATEMACHINELOGENTRY, client-BBE8F4642F4E, cid=22-writeStateMachineData
	at org.apache.ratis.util.IOUtils.getFromFuture(IOUtils.java:87)
	at org.apache.ratis.server.raftlog.segmented.SegmentedRaftLogWorker$StateMachineDataPolicy.getFromFuture(SegmentedRaftLogWorker.java:87)
	at org.apache.ratis.server.raftlog.segmented.SegmentedRaftLogWorker$WriteLog.execute(SegmentedRaftLogWorker.java:477)
	at org.apache.ratis.server.raftlog.segmented.SegmentedRaftLogWorker.run(SegmentedRaftLogWorker.java:289)
	at java.lang.Thread.run(Thread.java:748)
Caused by: java.util.concurrent.TimeoutException
	at java.util.concurrent.CompletableFuture.timedGet(CompletableFuture.java:1771)
	at java.util.concurrent.CompletableFuture.get(CompletableFuture.java:1915)
	at org.apache.ratis.util.IOUtils.getFromFuture(IOUtils.java:79)
	... 4 more
2019-09-17 06:05:30,466 [java.util.concurrent.ThreadPoolExecutor$Worker@5ad35b0c[State = -1, empty queue]] WARN  server.GrpcLogAppender (GrpcLogAppender.java:timeoutAppendRequest(200)) - 76e9ed70-2a32-4a64-9388-b77e9aa6f857@group-E83674309DFA->f1727f7a-dfce-47cb-9d44-d863f6c274c0-GrpcLogAppender: appendEntries Timeout, request=76e9ed70-2a32-4a64-9388-b77e9aa6f857->f1727f7a-dfce-47cb-9d44-d863f6c274c0#37-t1, previous=(t:1, i:9), leaderCommit=6, initializing? false, entries: <empty>
2019-09-17 06:05:30,466 [java.util.concurrent.ThreadPoolExecutor$Worker@698c243a[State = -1, empty queue]] WARN  server.GrpcLogAppender (GrpcLogAppender.java:timeoutAppendRequest(200)) - 76e9ed70-2a32-4a64-9388-b77e9aa6f857@group-E83674309DFA->72845ddd-7944-416b-9dd2-35fcccd22f3d-GrpcLogAppender: appendEntries Timeout, request=76e9ed70-2a32-4a64-9388-b77e9aa6f857->72845ddd-7944-416b-9dd2-35fcccd22f3d#37-t1, previous=(t:1, i:9), leaderCommit=6, initializing? false, entries: <empty>
2019-09-17 06:05:30,857 [grpc-default-executor-1] INFO  client.GrpcClientProtocolClient (GrpcClientProtocolClient.java:onNext(264)) - client-BBE8F4642F4E->72845ddd-7944-416b-9dd2-35fcccd22f3d: receive RaftClientReply:client-BBE8F4642F4E->72845ddd-7944-416b-9dd2-35fcccd22f3d@group-E83674309DFA, cid=21, FAILED org.apache.ratis.protocol.NotLeaderException: Server 72845ddd-7944-416b-9dd2-35fcccd22f3d@group-E83674309DFA is not the leader 76e9ed70-2a32-4a64-9388-b77e9aa6f857:192.168.69.122:43336, logIndex=0, commits[72845ddd-7944-416b-9dd2-35fcccd22f3d:c6, 76e9ed70-2a32-4a64-9388-b77e9aa6f857:c6, f1727f7a-dfce-47cb-9d44-d863f6c274c0:c4]
2019-09-17 06:05:32,967 [java.util.concurrent.ThreadPoolExecutor$Worker@698c243a[State = -1, empty queue]] WARN  server.GrpcLogAppender (GrpcLogAppender.java:timeoutAppendRequest(200)) - 76e9ed70-2a32-4a64-9388-b77e9aa6f857@group-E83674309DFA->72845ddd-7944-416b-9dd2-35fcccd22f3d-GrpcLogAppender: appendEntries Timeout, request=76e9ed70-2a32-4a64-9388-b77e9aa6f857->72845ddd-7944-416b-9dd2-35fcccd22f3d#38-t1, previous=(t:1, i:9), leaderCommit=6, initializing? false, entries: <empty>
2019-09-17 06:05:32,967 [java.util.concurrent.ThreadPoolExecutor$Worker@5ad35b0c[State = -1, empty queue]] WARN  server.GrpcLogAppender (GrpcLogAppender.java:timeoutAppendRequest(200)) - 76e9ed70-2a32-4a64-9388-b77e9aa6f857@group-E83674309DFA->f1727f7a-dfce-47cb-9d44-d863f6c274c0-GrpcLogAppender: appendEntries Timeout, request=76e9ed70-2a32-4a64-9388-b77e9aa6f857->f1727f7a-dfce-47cb-9d44-d863f6c274c0#38-t1, previous=(t:1, i:9), leaderCommit=6, initializing? false, entries: <empty>
2019-09-17 06:05:35,468 [java.util.concurrent.ThreadPoolExecutor$Worker@5ad35b0c[State = -1, empty queue]] WARN  server.GrpcLogAppender (GrpcLogAppender.java:timeoutAppendRequest(200)) - 76e9ed70-2a32-4a64-9388-b77e9aa6f857@group-E83674309DFA->f1727f7a-dfce-47cb-9d44-d863f6c274c0-GrpcLogAppender: appendEntries Timeout, request=76e9ed70-2a32-4a64-9388-b77e9aa6f857->f1727f7a-dfce-47cb-9d44-d863f6c274c0#39-t1, previous=(t:1, i:9), leaderCommit=6, initializing? false, entries: <empty>
2019-09-17 06:05:35,468 [java.util.concurrent.ThreadPoolExecutor$Worker@698c243a[State = -1, empty queue]] WARN  server.GrpcLogAppender (GrpcLogAppender.java:timeoutAppendRequest(200)) - 76e9ed70-2a32-4a64-9388-b77e9aa6f857@group-E83674309DFA->72845ddd-7944-416b-9dd2-35fcccd22f3d-GrpcLogAppender: appendEntries Timeout, request=76e9ed70-2a32-4a64-9388-b77e9aa6f857->72845ddd-7944-416b-9dd2-35fcccd22f3d#39-t1, previous=(t:1, i:9), leaderCommit=6, initializing? false, entries: <empty>
2019-09-17 06:05:35,927 [grpc-default-executor-2] INFO  client.GrpcClientProtocolClient (GrpcClientProtocolClient.java:onNext(264)) - client-BBE8F4642F4E->72845ddd-7944-416b-9dd2-35fcccd22f3d: receive RaftClientReply:client-BBE8F4642F4E->72845ddd-7944-416b-9dd2-35fcccd22f3d@group-E83674309DFA, cid=21, FAILED org.apache.ratis.protocol.NotLeaderException: Server 72845ddd-7944-416b-9dd2-35fcccd22f3d@group-E83674309DFA is not the leader 76e9ed70-2a32-4a64-9388-b77e9aa6f857:192.168.69.122:43336, logIndex=0, commits[72845ddd-7944-416b-9dd2-35fcccd22f3d:c6, 76e9ed70-2a32-4a64-9388-b77e9aa6f857:c6, f1727f7a-dfce-47cb-9d44-d863f6c274c0:c4]
2019-09-17 06:05:37,968 [java.util.concurrent.ThreadPoolExecutor$Worker@5ad35b0c[State = -1, empty queue]] WARN  server.GrpcLogAppender (GrpcLogAppender.java:timeoutAppendRequest(200)) - 76e9ed70-2a32-4a64-9388-b77e9aa6f857@group-E83674309DFA->f1727f7a-dfce-47cb-9d44-d863f6c274c0-GrpcLogAppender: appendEntries Timeout, request=76e9ed70-2a32-4a64-9388-b77e9aa6f857->f1727f7a-dfce-47cb-9d44-d863f6c274c0#40-t1, previous=(t:1, i:9), leaderCommit=6, initializing? false, entries: <empty>
2019-09-17 06:05:37,968 [java.util.concurrent.ThreadPoolExecutor$Worker@698c243a[State = -1, empty queue]] WARN  server.GrpcLogAppender (GrpcLogAppender.java:timeoutAppendRequest(200)) - 76e9ed70-2a32-4a64-9388-b77e9aa6f857@group-E83674309DFA->72845ddd-7944-416b-9dd2-35fcccd22f3d-GrpcLogAppender: appendEntries Timeout, request=76e9ed70-2a32-4a64-9388-b77e9aa6f857->72845ddd-7944-416b-9dd2-35fcccd22f3d#40-t1, previous=(t:1, i:9), leaderCommit=6, initializing? false, entries: <empty>
2019-09-17 06:05:40,055 [76e9ed70-2a32-4a64-9388-b77e9aa6f857@group-E83674309DFA-SegmentedRaftLogWorker] WARN  segmented.SegmentedRaftLogWorker (SegmentedRaftLogWorker.java:getFromFuture(90)) - Timeout 7/~
org.apache.ratis.protocol.TimeoutIOException: Timeout 10s: WriteLog:8: (t:1, i:8), STATEMACHINELOGENTRY, client-BBE8F4642F4E, cid=22-writeStateMachineData
	at org.apache.ratis.util.IOUtils.getFromFuture(IOUtils.java:87)
	at org.apache.ratis.server.raftlog.segmented.SegmentedRaftLogWorker$StateMachineDataPolicy.getFromFuture(SegmentedRaftLogWorker.java:87)
	at org.apache.ratis.server.raftlog.segmented.SegmentedRaftLogWorker$WriteLog.execute(SegmentedRaftLogWorker.java:477)
	at org.apache.ratis.server.raftlog.segmented.SegmentedRaftLogWorker.run(SegmentedRaftLogWorker.java:289)
	at java.lang.Thread.run(Thread.java:748)
Caused by: java.util.concurrent.TimeoutException
	at java.util.concurrent.CompletableFuture.timedGet(CompletableFuture.java:1771)
	at java.util.concurrent.CompletableFuture.get(CompletableFuture.java:1915)
	at org.apache.ratis.util.IOUtils.getFromFuture(IOUtils.java:79)
	... 4 more
2019-09-17 06:05:40,081 [f1727f7a-dfce-47cb-9d44-d863f6c274c0@group-E83674309DFA-SegmentedRaftLogWorker] WARN  segmented.SegmentedRaftLogWorker (SegmentedRaftLogWorker.java:getFromFuture(90)) - Timeout 7/~
org.apache.ratis.protocol.TimeoutIOException: Timeout 10s: WriteLog:8: (t:1, i:8), STATEMACHINELOGENTRY, client-BBE8F4642F4E, cid=22-writeStateMachineData
	at org.apache.ratis.util.IOUtils.getFromFuture(IOUtils.java:87)
	at org.apache.ratis.server.raftlog.segmented.SegmentedRaftLogWorker$StateMachineDataPolicy.getFromFuture(SegmentedRaftLogWorker.java:87)
	at org.apache.ratis.server.raftlog.segmented.SegmentedRaftLogWorker$WriteLog.execute(SegmentedRaftLogWorker.java:477)
	at org.apache.ratis.server.raftlog.segmented.SegmentedRaftLogWorker.run(SegmentedRaftLogWorker.java:289)
	at java.lang.Thread.run(Thread.java:748)
Caused by: java.util.concurrent.TimeoutException
	at java.util.concurrent.CompletableFuture.timedGet(CompletableFuture.java:1771)
	at java.util.concurrent.CompletableFuture.get(CompletableFuture.java:1915)
	at org.apache.ratis.util.IOUtils.getFromFuture(IOUtils.java:79)
	... 4 more
2019-09-17 06:05:40,082 [72845ddd-7944-416b-9dd2-35fcccd22f3d@group-E83674309DFA-SegmentedRaftLogWorker] WARN  segmented.SegmentedRaftLogWorker (SegmentedRaftLogWorker.java:getFromFuture(90)) - Timeout 7/~
org.apache.ratis.protocol.TimeoutIOException: Timeout 10s: WriteLog:8: (t:1, i:8), STATEMACHINELOGENTRY, client-BBE8F4642F4E, cid=22-writeStateMachineData
	at org.apache.ratis.util.IOUtils.getFromFuture(IOUtils.java:87)
	at org.apache.ratis.server.raftlog.segmented.SegmentedRaftLogWorker$StateMachineDataPolicy.getFromFuture(SegmentedRaftLogWorker.java:87)
	at org.apache.ratis.server.raftlog.segmented.SegmentedRaftLogWorker$WriteLog.execute(SegmentedRaftLogWorker.java:477)
	at org.apache.ratis.server.raftlog.segmented.SegmentedRaftLogWorker.run(SegmentedRaftLogWorker.java:289)
	at java.lang.Thread.run(Thread.java:748)
Caused by: java.util.concurrent.TimeoutException
	at java.util.concurrent.CompletableFuture.timedGet(CompletableFuture.java:1771)
	at java.util.concurrent.CompletableFuture.get(CompletableFuture.java:1915)
	at org.apache.ratis.util.IOUtils.getFromFuture(IOUtils.java:79)
	... 4 more
2019-09-17 06:05:40,469 [java.util.concurrent.ThreadPoolExecutor$Worker@5ad35b0c[State = -1, empty queue]] WARN  server.GrpcLogAppender (GrpcLogAppender.java:timeoutAppendRequest(200)) - 76e9ed70-2a32-4a64-9388-b77e9aa6f857@group-E83674309DFA->f1727f7a-dfce-47cb-9d44-d863f6c274c0-GrpcLogAppender: appendEntries Timeout, request=76e9ed70-2a32-4a64-9388-b77e9aa6f857->f1727f7a-dfce-47cb-9d44-d863f6c274c0#41-t1, previous=(t:1, i:9), leaderCommit=6, initializing? false, entries: <empty>
2019-09-17 06:05:40,469 [java.util.concurrent.ThreadPoolExecutor$Worker@698c243a[State = -1, empty queue]] WARN  server.GrpcLogAppender (GrpcLogAppender.java:timeoutAppendRequest(200)) - 76e9ed70-2a32-4a64-9388-b77e9aa6f857@group-E83674309DFA->72845ddd-7944-416b-9dd2-35fcccd22f3d-GrpcLogAppender: appendEntries Timeout, request=76e9ed70-2a32-4a64-9388-b77e9aa6f857->72845ddd-7944-416b-9dd2-35fcccd22f3d#41-t1, previous=(t:1, i:9), leaderCommit=6, initializing? false, entries: <empty>
2019-09-17 06:05:41,018 [grpc-default-executor-1] INFO  client.GrpcClientProtocolClient (GrpcClientProtocolClient.java:onNext(264)) - client-BBE8F4642F4E->f1727f7a-dfce-47cb-9d44-d863f6c274c0: receive RaftClientReply:client-BBE8F4642F4E->f1727f7a-dfce-47cb-9d44-d863f6c274c0@group-E83674309DFA, cid=21, FAILED org.apache.ratis.protocol.NotLeaderException: Server f1727f7a-dfce-47cb-9d44-d863f6c274c0@group-E83674309DFA is not the leader 76e9ed70-2a32-4a64-9388-b77e9aa6f857:192.168.69.122:43336, logIndex=0, commits[f1727f7a-dfce-47cb-9d44-d863f6c274c0:c6, 76e9ed70-2a32-4a64-9388-b77e9aa6f857:c6, 72845ddd-7944-416b-9dd2-35fcccd22f3d:c4]
2019-09-17 06:05:42,971 [java.util.concurrent.ThreadPoolExecutor$Worker@5ad35b0c[State = -1, empty queue]] WARN  server.GrpcLogAppender (GrpcLogAppender.java:timeoutAppendRequest(200)) - 76e9ed70-2a32-4a64-9388-b77e9aa6f857@group-E83674309DFA->f1727f7a-dfce-47cb-9d44-d863f6c274c0-GrpcLogAppender: appendEntries Timeout, request=76e9ed70-2a32-4a64-9388-b77e9aa6f857->f1727f7a-dfce-47cb-9d44-d863f6c274c0#42-t1, previous=(t:1, i:9), leaderCommit=6, initializing? false, entries: <empty>
2019-09-17 06:05:42,971 [java.util.concurrent.ThreadPoolExecutor$Worker@698c243a[State = -1, empty queue]] WARN  server.GrpcLogAppender (GrpcLogAppender.java:timeoutAppendRequest(200)) - 76e9ed70-2a32-4a64-9388-b77e9aa6f857@group-E83674309DFA->72845ddd-7944-416b-9dd2-35fcccd22f3d-GrpcLogAppender: appendEntries Timeout, request=76e9ed70-2a32-4a64-9388-b77e9aa6f857->72845ddd-7944-416b-9dd2-35fcccd22f3d#42-t1, previous=(t:1, i:9), leaderCommit=6, initializing? false, entries: <empty>
2019-09-17 06:05:45,472 [java.util.concurrent.ThreadPoolExecutor$Worker@5ad35b0c[State = -1, empty queue]] WARN  server.GrpcLogAppender (GrpcLogAppender.java:timeoutAppendRequest(200)) - 76e9ed70-2a32-4a64-9388-b77e9aa6f857@group-E83674309DFA->f1727f7a-dfce-47cb-9d44-d863f6c274c0-GrpcLogAppender: appendEntries Timeout, request=76e9ed70-2a32-4a64-9388-b77e9aa6f857->f1727f7a-dfce-47cb-9d44-d863f6c274c0#43-t1, previous=(t:1, i:9), leaderCommit=6, initializing? false, entries: <empty>
2019-09-17 06:05:45,472 [java.util.concurrent.ThreadPoolExecutor$Worker@698c243a[State = -1, empty queue]] WARN  server.GrpcLogAppender (GrpcLogAppender.java:timeoutAppendRequest(200)) - 76e9ed70-2a32-4a64-9388-b77e9aa6f857@group-E83674309DFA->72845ddd-7944-416b-9dd2-35fcccd22f3d-GrpcLogAppender: appendEntries Timeout, request=76e9ed70-2a32-4a64-9388-b77e9aa6f857->72845ddd-7944-416b-9dd2-35fcccd22f3d#43-t1, previous=(t:1, i:9), leaderCommit=6, initializing? false, entries: <empty>
2019-09-17 06:05:46,088 [grpc-default-executor-1] INFO  client.GrpcClientProtocolClient (GrpcClientProtocolClient.java:onNext(264)) - client-BBE8F4642F4E->f1727f7a-dfce-47cb-9d44-d863f6c274c0: receive RaftClientReply:client-BBE8F4642F4E->f1727f7a-dfce-47cb-9d44-d863f6c274c0@group-E83674309DFA, cid=21, FAILED org.apache.ratis.protocol.NotLeaderException: Server f1727f7a-dfce-47cb-9d44-d863f6c274c0@group-E83674309DFA is not the leader 76e9ed70-2a32-4a64-9388-b77e9aa6f857:192.168.69.122:43336, logIndex=0, commits[f1727f7a-dfce-47cb-9d44-d863f6c274c0:c6, 76e9ed70-2a32-4a64-9388-b77e9aa6f857:c6, 72845ddd-7944-416b-9dd2-35fcccd22f3d:c4]
2019-09-17 06:05:47,973 [java.util.concurrent.ThreadPoolExecutor$Worker@698c243a[State = -1, empty queue]] WARN  server.GrpcLogAppender (GrpcLogAppender.java:timeoutAppendRequest(200)) - 76e9ed70-2a32-4a64-9388-b77e9aa6f857@group-E83674309DFA->72845ddd-7944-416b-9dd2-35fcccd22f3d-GrpcLogAppender: appendEntries Timeout, request=76e9ed70-2a32-4a64-9388-b77e9aa6f857->72845ddd-7944-416b-9dd2-35fcccd22f3d#44-t1, previous=(t:1, i:9), leaderCommit=6, initializing? false, entries: <empty>
2019-09-17 06:05:47,973 [java.util.concurrent.ThreadPoolExecutor$Worker@5ad35b0c[State = -1, empty queue]] WARN  server.GrpcLogAppender (GrpcLogAppender.java:timeoutAppendRequest(200)) - 76e9ed70-2a32-4a64-9388-b77e9aa6f857@group-E83674309DFA->f1727f7a-dfce-47cb-9d44-d863f6c274c0-GrpcLogAppender: appendEntries Timeout, request=76e9ed70-2a32-4a64-9388-b77e9aa6f857->f1727f7a-dfce-47cb-9d44-d863f6c274c0#44-t1, previous=(t:1, i:9), leaderCommit=6, initializing? false, entries: <empty>
2019-09-17 06:05:50,057 [76e9ed70-2a32-4a64-9388-b77e9aa6f857@group-E83674309DFA-SegmentedRaftLogWorker] WARN  segmented.SegmentedRaftLogWorker (SegmentedRaftLogWorker.java:getFromFuture(90)) - Timeout 8/~
org.apache.ratis.protocol.TimeoutIOException: Timeout 10s: WriteLog:8: (t:1, i:8), STATEMACHINELOGENTRY, client-BBE8F4642F4E, cid=22-writeStateMachineData
	at org.apache.ratis.util.IOUtils.getFromFuture(IOUtils.java:87)
	at org.apache.ratis.server.raftlog.segmented.SegmentedRaftLogWorker$StateMachineDataPolicy.getFromFuture(SegmentedRaftLogWorker.java:87)
	at org.apache.ratis.server.raftlog.segmented.SegmentedRaftLogWorker$WriteLog.execute(SegmentedRaftLogWorker.java:477)
	at org.apache.ratis.server.raftlog.segmented.SegmentedRaftLogWorker.run(SegmentedRaftLogWorker.java:289)
	at java.lang.Thread.run(Thread.java:748)
Caused by: java.util.concurrent.TimeoutException
	at java.util.concurrent.CompletableFuture.timedGet(CompletableFuture.java:1771)
	at java.util.concurrent.CompletableFuture.get(CompletableFuture.java:1915)
	at org.apache.ratis.util.IOUtils.getFromFuture(IOUtils.java:79)
	... 4 more
2019-09-17 06:05:50,082 [f1727f7a-dfce-47cb-9d44-d863f6c274c0@group-E83674309DFA-SegmentedRaftLogWorker] WARN  segmented.SegmentedRaftLogWorker (SegmentedRaftLogWorker.java:getFromFuture(90)) - Timeout 8/~
org.apache.ratis.protocol.TimeoutIOException: Timeout 10s: WriteLog:8: (t:1, i:8), STATEMACHINELOGENTRY, client-BBE8F4642F4E, cid=22-writeStateMachineData
	at org.apache.ratis.util.IOUtils.getFromFuture(IOUtils.java:87)
	at org.apache.ratis.server.raftlog.segmented.SegmentedRaftLogWorker$StateMachineDataPolicy.getFromFuture(SegmentedRaftLogWorker.java:87)
	at org.apache.ratis.server.raftlog.segmented.SegmentedRaftLogWorker$WriteLog.execute(SegmentedRaftLogWorker.java:477)
	at org.apache.ratis.server.raftlog.segmented.SegmentedRaftLogWorker.run(SegmentedRaftLogWorker.java:289)
	at java.lang.Thread.run(Thread.java:748)
Caused by: java.util.concurrent.TimeoutException
	at java.util.concurrent.CompletableFuture.timedGet(CompletableFuture.java:1771)
	at java.util.concurrent.CompletableFuture.get(CompletableFuture.java:1915)
	at org.apache.ratis.util.IOUtils.getFromFuture(IOUtils.java:79)
	... 4 more
2019-09-17 06:05:50,083 [72845ddd-7944-416b-9dd2-35fcccd22f3d@group-E83674309DFA-SegmentedRaftLogWorker] WARN  segmented.SegmentedRaftLogWorker (SegmentedRaftLogWorker.java:getFromFuture(90)) - Timeout 8/~
org.apache.ratis.protocol.TimeoutIOException: Timeout 10s: WriteLog:8: (t:1, i:8), STATEMACHINELOGENTRY, client-BBE8F4642F4E, cid=22-writeStateMachineData
	at org.apache.ratis.util.IOUtils.getFromFuture(IOUtils.java:87)
	at org.apache.ratis.server.raftlog.segmented.SegmentedRaftLogWorker$StateMachineDataPolicy.getFromFuture(SegmentedRaftLogWorker.java:87)
	at org.apache.ratis.server.raftlog.segmented.SegmentedRaftLogWorker$WriteLog.execute(SegmentedRaftLogWorker.java:477)
	at org.apache.ratis.server.raftlog.segmented.SegmentedRaftLogWorker.run(SegmentedRaftLogWorker.java:289)
	at java.lang.Thread.run(Thread.java:748)
Caused by: java.util.concurrent.TimeoutException
	at java.util.concurrent.CompletableFuture.timedGet(CompletableFuture.java:1771)
	at java.util.concurrent.CompletableFuture.get(CompletableFuture.java:1915)
	at org.apache.ratis.util.IOUtils.getFromFuture(IOUtils.java:79)
	... 4 more
2019-09-17 06:05:50,473 [java.util.concurrent.ThreadPoolExecutor$Worker@698c243a[State = -1, empty queue]] WARN  server.GrpcLogAppender (GrpcLogAppender.java:timeoutAppendRequest(200)) - 76e9ed70-2a32-4a64-9388-b77e9aa6f857@group-E83674309DFA->72845ddd-7944-416b-9dd2-35fcccd22f3d-GrpcLogAppender: appendEntries Timeout, request=76e9ed70-2a32-4a64-9388-b77e9aa6f857->72845ddd-7944-416b-9dd2-35fcccd22f3d#45-t1, previous=(t:1, i:9), leaderCommit=6, initializing? false, entries: <empty>
2019-09-17 06:05:50,473 [java.util.concurrent.ThreadPoolExecutor$Worker@5ad35b0c[State = -1, empty queue]] WARN  server.GrpcLogAppender (GrpcLogAppender.java:timeoutAppendRequest(200)) - 76e9ed70-2a32-4a64-9388-b77e9aa6f857@group-E83674309DFA->f1727f7a-dfce-47cb-9d44-d863f6c274c0-GrpcLogAppender: appendEntries Timeout, request=76e9ed70-2a32-4a64-9388-b77e9aa6f857->f1727f7a-dfce-47cb-9d44-d863f6c274c0#45-t1, previous=(t:1, i:9), leaderCommit=6, initializing? false, entries: <empty>
2019-09-17 06:05:51,155 [grpc-default-executor-2] INFO  client.GrpcClientProtocolClient (GrpcClientProtocolClient.java:onNext(264)) - client-BBE8F4642F4E->72845ddd-7944-416b-9dd2-35fcccd22f3d: receive RaftClientReply:client-BBE8F4642F4E->72845ddd-7944-416b-9dd2-35fcccd22f3d@group-E83674309DFA, cid=21, FAILED org.apache.ratis.protocol.NotLeaderException: Server 72845ddd-7944-416b-9dd2-35fcccd22f3d@group-E83674309DFA is not the leader 76e9ed70-2a32-4a64-9388-b77e9aa6f857:192.168.69.122:43336, logIndex=0, commits[72845ddd-7944-416b-9dd2-35fcccd22f3d:c6, 76e9ed70-2a32-4a64-9388-b77e9aa6f857:c6, f1727f7a-dfce-47cb-9d44-d863f6c274c0:c4]
2019-09-17 06:05:52,975 [java.util.concurrent.ThreadPoolExecutor$Worker@698c243a[State = -1, empty queue]] WARN  server.GrpcLogAppender (GrpcLogAppender.java:timeoutAppendRequest(200)) - 76e9ed70-2a32-4a64-9388-b77e9aa6f857@group-E83674309DFA->72845ddd-7944-416b-9dd2-35fcccd22f3d-GrpcLogAppender: appendEntries Timeout, request=76e9ed70-2a32-4a64-9388-b77e9aa6f857->72845ddd-7944-416b-9dd2-35fcccd22f3d#46-t1, previous=(t:1, i:9), leaderCommit=6, initializing? false, entries: <empty>
2019-09-17 06:05:52,975 [java.util.concurrent.ThreadPoolExecutor$Worker@5ad35b0c[State = -1, empty queue]] WARN  server.GrpcLogAppender (GrpcLogAppender.java:timeoutAppendRequest(200)) - 76e9ed70-2a32-4a64-9388-b77e9aa6f857@group-E83674309DFA->f1727f7a-dfce-47cb-9d44-d863f6c274c0-GrpcLogAppender: appendEntries Timeout, request=76e9ed70-2a32-4a64-9388-b77e9aa6f857->f1727f7a-dfce-47cb-9d44-d863f6c274c0#46-t1, previous=(t:1, i:9), leaderCommit=6, initializing? false, entries: <empty>
2019-09-17 06:05:55,475 [java.util.concurrent.ThreadPoolExecutor$Worker@5ad35b0c[State = -1, empty queue]] WARN  server.GrpcLogAppender (GrpcLogAppender.java:timeoutAppendRequest(200)) - 76e9ed70-2a32-4a64-9388-b77e9aa6f857@group-E83674309DFA->f1727f7a-dfce-47cb-9d44-d863f6c274c0-GrpcLogAppender: appendEntries Timeout, request=76e9ed70-2a32-4a64-9388-b77e9aa6f857->f1727f7a-dfce-47cb-9d44-d863f6c274c0#47-t1, previous=(t:1, i:9), leaderCommit=6, initializing? false, entries: <empty>
2019-09-17 06:05:55,475 [java.util.concurrent.ThreadPoolExecutor$Worker@698c243a[State = -1, empty queue]] WARN  server.GrpcLogAppender (GrpcLogAppender.java:timeoutAppendRequest(200)) - 76e9ed70-2a32-4a64-9388-b77e9aa6f857@group-E83674309DFA->72845ddd-7944-416b-9dd2-35fcccd22f3d-GrpcLogAppender: appendEntries Timeout, request=76e9ed70-2a32-4a64-9388-b77e9aa6f857->72845ddd-7944-416b-9dd2-35fcccd22f3d#47-t1, previous=(t:1, i:9), leaderCommit=6, initializing? false, entries: <empty>
2019-09-17 06:05:56,211 [grpc-default-executor-1] INFO  client.GrpcClientProtocolClient (GrpcClientProtocolClient.java:onNext(264)) - client-BBE8F4642F4E->72845ddd-7944-416b-9dd2-35fcccd22f3d: receive RaftClientReply:client-BBE8F4642F4E->72845ddd-7944-416b-9dd2-35fcccd22f3d@group-E83674309DFA, cid=21, FAILED org.apache.ratis.protocol.NotLeaderException: Server 72845ddd-7944-416b-9dd2-35fcccd22f3d@group-E83674309DFA is not the leader 76e9ed70-2a32-4a64-9388-b77e9aa6f857:192.168.69.122:43336, logIndex=0, commits[72845ddd-7944-416b-9dd2-35fcccd22f3d:c6, 76e9ed70-2a32-4a64-9388-b77e9aa6f857:c6, f1727f7a-dfce-47cb-9d44-d863f6c274c0:c4]
2019-09-17 06:05:57,976 [java.util.concurrent.ThreadPoolExecutor$Worker@5ad35b0c[State = -1, empty queue]] WARN  server.GrpcLogAppender (GrpcLogAppender.java:timeoutAppendRequest(200)) - 76e9ed70-2a32-4a64-9388-b77e9aa6f857@group-E83674309DFA->f1727f7a-dfce-47cb-9d44-d863f6c274c0-GrpcLogAppender: appendEntries Timeout, request=76e9ed70-2a32-4a64-9388-b77e9aa6f857->f1727f7a-dfce-47cb-9d44-d863f6c274c0#48-t1, previous=(t:1, i:9), leaderCommit=6, initializing? false, entries: <empty>
2019-09-17 06:05:57,976 [java.util.concurrent.ThreadPoolExecutor$Worker@698c243a[State = -1, empty queue]] WARN  server.GrpcLogAppender (GrpcLogAppender.java:timeoutAppendRequest(200)) - 76e9ed70-2a32-4a64-9388-b77e9aa6f857@group-E83674309DFA->72845ddd-7944-416b-9dd2-35fcccd22f3d-GrpcLogAppender: appendEntries Timeout, request=76e9ed70-2a32-4a64-9388-b77e9aa6f857->72845ddd-7944-416b-9dd2-35fcccd22f3d#48-t1, previous=(t:1, i:9), leaderCommit=6, initializing? false, entries: <empty>
2019-09-17 06:06:00,059 [76e9ed70-2a32-4a64-9388-b77e9aa6f857@group-E83674309DFA-SegmentedRaftLogWorker] WARN  segmented.SegmentedRaftLogWorker (SegmentedRaftLogWorker.java:getFromFuture(90)) - Timeout 9/~
org.apache.ratis.protocol.TimeoutIOException: Timeout 10s: WriteLog:8: (t:1, i:8), STATEMACHINELOGENTRY, client-BBE8F4642F4E, cid=22-writeStateMachineData
	at org.apache.ratis.util.IOUtils.getFromFuture(IOUtils.java:87)
	at org.apache.ratis.server.raftlog.segmented.SegmentedRaftLogWorker$StateMachineDataPolicy.getFromFuture(SegmentedRaftLogWorker.java:87)
	at org.apache.ratis.server.raftlog.segmented.SegmentedRaftLogWorker$WriteLog.execute(SegmentedRaftLogWorker.java:477)
	at org.apache.ratis.server.raftlog.segmented.SegmentedRaftLogWorker.run(SegmentedRaftLogWorker.java:289)
	at java.lang.Thread.run(Thread.java:748)
Caused by: java.util.concurrent.TimeoutException
	at java.util.concurrent.CompletableFuture.timedGet(CompletableFuture.java:1771)
	at java.util.concurrent.CompletableFuture.get(CompletableFuture.java:1915)
	at org.apache.ratis.util.IOUtils.getFromFuture(IOUtils.java:79)
	... 4 more
2019-09-17 06:06:00,083 [f1727f7a-dfce-47cb-9d44-d863f6c274c0@group-E83674309DFA-SegmentedRaftLogWorker] WARN  segmented.SegmentedRaftLogWorker (SegmentedRaftLogWorker.java:getFromFuture(90)) - Timeout 9/~
org.apache.ratis.protocol.TimeoutIOException: Timeout 10s: WriteLog:8: (t:1, i:8), STATEMACHINELOGENTRY, client-BBE8F4642F4E, cid=22-writeStateMachineData
	at org.apache.ratis.util.IOUtils.getFromFuture(IOUtils.java:87)
	at org.apache.ratis.server.raftlog.segmented.SegmentedRaftLogWorker$StateMachineDataPolicy.getFromFuture(SegmentedRaftLogWorker.java:87)
	at org.apache.ratis.server.raftlog.segmented.SegmentedRaftLogWorker$WriteLog.execute(SegmentedRaftLogWorker.java:477)
	at org.apache.ratis.server.raftlog.segmented.SegmentedRaftLogWorker.run(SegmentedRaftLogWorker.java:289)
	at java.lang.Thread.run(Thread.java:748)
Caused by: java.util.concurrent.TimeoutException
	at java.util.concurrent.CompletableFuture.timedGet(CompletableFuture.java:1771)
	at java.util.concurrent.CompletableFuture.get(CompletableFuture.java:1915)
	at org.apache.ratis.util.IOUtils.getFromFuture(IOUtils.java:79)
	... 4 more
2019-09-17 06:06:00,084 [72845ddd-7944-416b-9dd2-35fcccd22f3d@group-E83674309DFA-SegmentedRaftLogWorker] WARN  segmented.SegmentedRaftLogWorker (SegmentedRaftLogWorker.java:getFromFuture(90)) - Timeout 9/~
org.apache.ratis.protocol.TimeoutIOException: Timeout 10s: WriteLog:8: (t:1, i:8), STATEMACHINELOGENTRY, client-BBE8F4642F4E, cid=22-writeStateMachineData
	at org.apache.ratis.util.IOUtils.getFromFuture(IOUtils.java:87)
	at org.apache.ratis.server.raftlog.segmented.SegmentedRaftLogWorker$StateMachineDataPolicy.getFromFuture(SegmentedRaftLogWorker.java:87)
	at org.apache.ratis.server.raftlog.segmented.SegmentedRaftLogWorker$WriteLog.execute(SegmentedRaftLogWorker.java:477)
	at org.apache.ratis.server.raftlog.segmented.SegmentedRaftLogWorker.run(SegmentedRaftLogWorker.java:289)
	at java.lang.Thread.run(Thread.java:748)
Caused by: java.util.concurrent.TimeoutException
	at java.util.concurrent.CompletableFuture.timedGet(CompletableFuture.java:1771)
	at java.util.concurrent.CompletableFuture.get(CompletableFuture.java:1915)
	at org.apache.ratis.util.IOUtils.getFromFuture(IOUtils.java:79)
	... 4 more
2019-09-17 06:06:00,476 [java.util.concurrent.ThreadPoolExecutor$Worker@5ad35b0c[State = -1, empty queue]] WARN  server.GrpcLogAppender (GrpcLogAppender.java:timeoutAppendRequest(200)) - 76e9ed70-2a32-4a64-9388-b77e9aa6f857@group-E83674309DFA->f1727f7a-dfce-47cb-9d44-d863f6c274c0-GrpcLogAppender: appendEntries Timeout, request=76e9ed70-2a32-4a64-9388-b77e9aa6f857->f1727f7a-dfce-47cb-9d44-d863f6c274c0#49-t1, previous=(t:1, i:9), leaderCommit=6, initializing? false, entries: <empty>
2019-09-17 06:06:00,476 [java.util.concurrent.ThreadPoolExecutor$Worker@698c243a[State = -1, empty queue]] WARN  server.GrpcLogAppender (GrpcLogAppender.java:timeoutAppendRequest(200)) - 76e9ed70-2a32-4a64-9388-b77e9aa6f857@group-E83674309DFA->72845ddd-7944-416b-9dd2-35fcccd22f3d-GrpcLogAppender: appendEntries Timeout, request=76e9ed70-2a32-4a64-9388-b77e9aa6f857->72845ddd-7944-416b-9dd2-35fcccd22f3d#49-t1, previous=(t:1, i:9), leaderCommit=6, initializing? false, entries: <empty>
2019-09-17 06:06:01,279 [grpc-default-executor-2] INFO  client.GrpcClientProtocolClient (GrpcClientProtocolClient.java:onNext(264)) - client-BBE8F4642F4E->72845ddd-7944-416b-9dd2-35fcccd22f3d: receive RaftClientReply:client-BBE8F4642F4E->72845ddd-7944-416b-9dd2-35fcccd22f3d@group-E83674309DFA, cid=21, FAILED org.apache.ratis.protocol.NotLeaderException: Server 72845ddd-7944-416b-9dd2-35fcccd22f3d@group-E83674309DFA is not the leader 76e9ed70-2a32-4a64-9388-b77e9aa6f857:192.168.69.122:43336, logIndex=0, commits[72845ddd-7944-416b-9dd2-35fcccd22f3d:c6, 76e9ed70-2a32-4a64-9388-b77e9aa6f857:c6, f1727f7a-dfce-47cb-9d44-d863f6c274c0:c4]
2019-09-17 06:06:02,977 [java.util.concurrent.ThreadPoolExecutor$Worker@5ad35b0c[State = -1, empty queue]] WARN  server.GrpcLogAppender (GrpcLogAppender.java:timeoutAppendRequest(200)) - 76e9ed70-2a32-4a64-9388-b77e9aa6f857@group-E83674309DFA->f1727f7a-dfce-47cb-9d44-d863f6c274c0-GrpcLogAppender: appendEntries Timeout, request=76e9ed70-2a32-4a64-9388-b77e9aa6f857->f1727f7a-dfce-47cb-9d44-d863f6c274c0#50-t1, previous=(t:1, i:9), leaderCommit=6, initializing? false, entries: <empty>
2019-09-17 06:06:02,977 [java.util.concurrent.ThreadPoolExecutor$Worker@698c243a[State = -1, empty queue]] WARN  server.GrpcLogAppender (GrpcLogAppender.java:timeoutAppendRequest(200)) - 76e9ed70-2a32-4a64-9388-b77e9aa6f857@group-E83674309DFA->72845ddd-7944-416b-9dd2-35fcccd22f3d-GrpcLogAppender: appendEntries Timeout, request=76e9ed70-2a32-4a64-9388-b77e9aa6f857->72845ddd-7944-416b-9dd2-35fcccd22f3d#50-t1, previous=(t:1, i:9), leaderCommit=6, initializing? false, entries: <empty>
2019-09-17 06:06:05,477 [java.util.concurrent.ThreadPoolExecutor$Worker@5ad35b0c[State = -1, empty queue]] WARN  server.GrpcLogAppender (GrpcLogAppender.java:timeoutAppendRequest(200)) - 76e9ed70-2a32-4a64-9388-b77e9aa6f857@group-E83674309DFA->f1727f7a-dfce-47cb-9d44-d863f6c274c0-GrpcLogAppender: appendEntries Timeout, request=76e9ed70-2a32-4a64-9388-b77e9aa6f857->f1727f7a-dfce-47cb-9d44-d863f6c274c0#51-t1, previous=(t:1, i:9), leaderCommit=6, initializing? false, entries: <empty>
2019-09-17 06:06:05,477 [java.util.concurrent.ThreadPoolExecutor$Worker@698c243a[State = -1, empty queue]] WARN  server.GrpcLogAppender (GrpcLogAppender.java:timeoutAppendRequest(200)) - 76e9ed70-2a32-4a64-9388-b77e9aa6f857@group-E83674309DFA->72845ddd-7944-416b-9dd2-35fcccd22f3d-GrpcLogAppender: appendEntries Timeout, request=76e9ed70-2a32-4a64-9388-b77e9aa6f857->72845ddd-7944-416b-9dd2-35fcccd22f3d#51-t1, previous=(t:1, i:9), leaderCommit=6, initializing? false, entries: <empty>
2019-09-17 06:06:06,349 [grpc-default-executor-1] INFO  client.GrpcClientProtocolClient (GrpcClientProtocolClient.java:onNext(264)) - client-BBE8F4642F4E->f1727f7a-dfce-47cb-9d44-d863f6c274c0: receive RaftClientReply:client-BBE8F4642F4E->f1727f7a-dfce-47cb-9d44-d863f6c274c0@group-E83674309DFA, cid=21, FAILED org.apache.ratis.protocol.NotLeaderException: Server f1727f7a-dfce-47cb-9d44-d863f6c274c0@group-E83674309DFA is not the leader 76e9ed70-2a32-4a64-9388-b77e9aa6f857:192.168.69.122:43336, logIndex=0, commits[f1727f7a-dfce-47cb-9d44-d863f6c274c0:c6, 76e9ed70-2a32-4a64-9388-b77e9aa6f857:c6, 72845ddd-7944-416b-9dd2-35fcccd22f3d:c4]
2019-09-17 06:06:07,978 [java.util.concurrent.ThreadPoolExecutor$Worker@698c243a[State = -1, empty queue]] WARN  server.GrpcLogAppender (GrpcLogAppender.java:timeoutAppendRequest(200)) - 76e9ed70-2a32-4a64-9388-b77e9aa6f857@group-E83674309DFA->72845ddd-7944-416b-9dd2-35fcccd22f3d-GrpcLogAppender: appendEntries Timeout, request=76e9ed70-2a32-4a64-9388-b77e9aa6f857->72845ddd-7944-416b-9dd2-35fcccd22f3d#52-t1, previous=(t:1, i:9), leaderCommit=6, initializing? false, entries: <empty>
2019-09-17 06:06:07,978 [java.util.concurrent.ThreadPoolExecutor$Worker@5ad35b0c[State = -1, empty queue]] WARN  server.GrpcLogAppender (GrpcLogAppender.java:timeoutAppendRequest(200)) - 76e9ed70-2a32-4a64-9388-b77e9aa6f857@group-E83674309DFA->f1727f7a-dfce-47cb-9d44-d863f6c274c0-GrpcLogAppender: appendEntries Timeout, request=76e9ed70-2a32-4a64-9388-b77e9aa6f857->f1727f7a-dfce-47cb-9d44-d863f6c274c0#52-t1, previous=(t:1, i:9), leaderCommit=6, initializing? false, entries: <empty>
2019-09-17 06:06:10,061 [76e9ed70-2a32-4a64-9388-b77e9aa6f857@group-E83674309DFA-SegmentedRaftLogWorker] WARN  segmented.SegmentedRaftLogWorker (SegmentedRaftLogWorker.java:getFromFuture(90)) - Timeout 10/~
org.apache.ratis.protocol.TimeoutIOException: Timeout 10s: WriteLog:8: (t:1, i:8), STATEMACHINELOGENTRY, client-BBE8F4642F4E, cid=22-writeStateMachineData
	at org.apache.ratis.util.IOUtils.getFromFuture(IOUtils.java:87)
	at org.apache.ratis.server.raftlog.segmented.SegmentedRaftLogWorker$StateMachineDataPolicy.getFromFuture(SegmentedRaftLogWorker.java:87)
	at org.apache.ratis.server.raftlog.segmented.SegmentedRaftLogWorker$WriteLog.execute(SegmentedRaftLogWorker.java:477)
	at org.apache.ratis.server.raftlog.segmented.SegmentedRaftLogWorker.run(SegmentedRaftLogWorker.java:289)
	at java.lang.Thread.run(Thread.java:748)
Caused by: java.util.concurrent.TimeoutException
	at java.util.concurrent.CompletableFuture.timedGet(CompletableFuture.java:1771)
	at java.util.concurrent.CompletableFuture.get(CompletableFuture.java:1915)
	at org.apache.ratis.util.IOUtils.getFromFuture(IOUtils.java:79)
	... 4 more
2019-09-17 06:06:10,084 [f1727f7a-dfce-47cb-9d44-d863f6c274c0@group-E83674309DFA-SegmentedRaftLogWorker] WARN  segmented.SegmentedRaftLogWorker (SegmentedRaftLogWorker.java:getFromFuture(90)) - Timeout 10/~
org.apache.ratis.protocol.TimeoutIOException: Timeout 10s: WriteLog:8: (t:1, i:8), STATEMACHINELOGENTRY, client-BBE8F4642F4E, cid=22-writeStateMachineData
	at org.apache.ratis.util.IOUtils.getFromFuture(IOUtils.java:87)
	at org.apache.ratis.server.raftlog.segmented.SegmentedRaftLogWorker$StateMachineDataPolicy.getFromFuture(SegmentedRaftLogWorker.java:87)
	at org.apache.ratis.server.raftlog.segmented.SegmentedRaftLogWorker$WriteLog.execute(SegmentedRaftLogWorker.java:477)
	at org.apache.ratis.server.raftlog.segmented.SegmentedRaftLogWorker.run(SegmentedRaftLogWorker.java:289)
	at java.lang.Thread.run(Thread.java:748)
Caused by: java.util.concurrent.TimeoutException
	at java.util.concurrent.CompletableFuture.timedGet(CompletableFuture.java:1771)
	at java.util.concurrent.CompletableFuture.get(CompletableFuture.java:1915)
	at org.apache.ratis.util.IOUtils.getFromFuture(IOUtils.java:79)
	... 4 more
2019-09-17 06:06:10,085 [72845ddd-7944-416b-9dd2-35fcccd22f3d@group-E83674309DFA-SegmentedRaftLogWorker] WARN  segmented.SegmentedRaftLogWorker (SegmentedRaftLogWorker.java:getFromFuture(90)) - Timeout 10/~
org.apache.ratis.protocol.TimeoutIOException: Timeout 10s: WriteLog:8: (t:1, i:8), STATEMACHINELOGENTRY, client-BBE8F4642F4E, cid=22-writeStateMachineData
	at org.apache.ratis.util.IOUtils.getFromFuture(IOUtils.java:87)
	at org.apache.ratis.server.raftlog.segmented.SegmentedRaftLogWorker$StateMachineDataPolicy.getFromFuture(SegmentedRaftLogWorker.java:87)
	at org.apache.ratis.server.raftlog.segmented.SegmentedRaftLogWorker$WriteLog.execute(SegmentedRaftLogWorker.java:477)
	at org.apache.ratis.server.raftlog.segmented.SegmentedRaftLogWorker.run(SegmentedRaftLogWorker.java:289)
	at java.lang.Thread.run(Thread.java:748)
Caused by: java.util.concurrent.TimeoutException
	at java.util.concurrent.CompletableFuture.timedGet(CompletableFuture.java:1771)
	at java.util.concurrent.CompletableFuture.get(CompletableFuture.java:1915)
	at org.apache.ratis.util.IOUtils.getFromFuture(IOUtils.java:79)
	... 4 more
2019-09-17 06:06:10,479 [java.util.concurrent.ThreadPoolExecutor$Worker@5ad35b0c[State = -1, empty queue]] WARN  server.GrpcLogAppender (GrpcLogAppender.java:timeoutAppendRequest(200)) - 76e9ed70-2a32-4a64-9388-b77e9aa6f857@group-E83674309DFA->f1727f7a-dfce-47cb-9d44-d863f6c274c0-GrpcLogAppender: appendEntries Timeout, request=76e9ed70-2a32-4a64-9388-b77e9aa6f857->f1727f7a-dfce-47cb-9d44-d863f6c274c0#53-t1, previous=(t:1, i:9), leaderCommit=6, initializing? false, entries: <empty>
2019-09-17 06:06:10,479 [java.util.concurrent.ThreadPoolExecutor$Worker@698c243a[State = -1, empty queue]] WARN  server.GrpcLogAppender (GrpcLogAppender.java:timeoutAppendRequest(200)) - 76e9ed70-2a32-4a64-9388-b77e9aa6f857@group-E83674309DFA->72845ddd-7944-416b-9dd2-35fcccd22f3d-GrpcLogAppender: appendEntries Timeout, request=76e9ed70-2a32-4a64-9388-b77e9aa6f857->72845ddd-7944-416b-9dd2-35fcccd22f3d#53-t1, previous=(t:1, i:9), leaderCommit=6, initializing? false, entries: <empty>
2019-09-17 06:06:11,428 [grpc-default-executor-2] INFO  client.GrpcClientProtocolClient (GrpcClientProtocolClient.java:onNext(264)) - client-BBE8F4642F4E->f1727f7a-dfce-47cb-9d44-d863f6c274c0: receive RaftClientReply:client-BBE8F4642F4E->f1727f7a-dfce-47cb-9d44-d863f6c274c0@group-E83674309DFA, cid=21, FAILED org.apache.ratis.protocol.NotLeaderException: Server f1727f7a-dfce-47cb-9d44-d863f6c274c0@group-E83674309DFA is not the leader 76e9ed70-2a32-4a64-9388-b77e9aa6f857:192.168.69.122:43336, logIndex=0, commits[f1727f7a-dfce-47cb-9d44-d863f6c274c0:c6, 76e9ed70-2a32-4a64-9388-b77e9aa6f857:c6, 72845ddd-7944-416b-9dd2-35fcccd22f3d:c4]
2019-09-17 06:06:12,980 [java.util.concurrent.ThreadPoolExecutor$Worker@5ad35b0c[State = -1, empty queue]] WARN  server.GrpcLogAppender (GrpcLogAppender.java:timeoutAppendRequest(200)) - 76e9ed70-2a32-4a64-9388-b77e9aa6f857@group-E83674309DFA->f1727f7a-dfce-47cb-9d44-d863f6c274c0-GrpcLogAppender: appendEntries Timeout, request=76e9ed70-2a32-4a64-9388-b77e9aa6f857->f1727f7a-dfce-47cb-9d44-d863f6c274c0#54-t1, previous=(t:1, i:9), leaderCommit=6, initializing? false, entries: <empty>
2019-09-17 06:06:12,981 [java.util.concurrent.ThreadPoolExecutor$Worker@698c243a[State = -1, empty queue]] WARN  server.GrpcLogAppender (GrpcLogAppender.java:timeoutAppendRequest(200)) - 76e9ed70-2a32-4a64-9388-b77e9aa6f857@group-E83674309DFA->72845ddd-7944-416b-9dd2-35fcccd22f3d-GrpcLogAppender: appendEntries Timeout, request=76e9ed70-2a32-4a64-9388-b77e9aa6f857->72845ddd-7944-416b-9dd2-35fcccd22f3d#54-t1, previous=(t:1, i:9), leaderCommit=6, initializing? false, entries: <empty>
2019-09-17 06:06:15,481 [java.util.concurrent.ThreadPoolExecutor$Worker@5ad35b0c[State = -1, empty queue]] WARN  server.GrpcLogAppender (GrpcLogAppender.java:timeoutAppendRequest(200)) - 76e9ed70-2a32-4a64-9388-b77e9aa6f857@group-E83674309DFA->f1727f7a-dfce-47cb-9d44-d863f6c274c0-GrpcLogAppender: appendEntries Timeout, request=76e9ed70-2a32-4a64-9388-b77e9aa6f857->f1727f7a-dfce-47cb-9d44-d863f6c274c0#55-t1, previous=(t:1, i:9), leaderCommit=6, initializing? false, entries: <empty>
2019-09-17 06:06:15,481 [java.util.concurrent.ThreadPoolExecutor$Worker@698c243a[State = -1, empty queue]] WARN  server.GrpcLogAppender (GrpcLogAppender.java:timeoutAppendRequest(200)) - 76e9ed70-2a32-4a64-9388-b77e9aa6f857@group-E83674309DFA->72845ddd-7944-416b-9dd2-35fcccd22f3d-GrpcLogAppender: appendEntries Timeout, request=76e9ed70-2a32-4a64-9388-b77e9aa6f857->72845ddd-7944-416b-9dd2-35fcccd22f3d#55-t1, previous=(t:1, i:9), leaderCommit=6, initializing? false, entries: <empty>
2019-09-17 06:06:16,485 [grpc-default-executor-1] INFO  client.GrpcClientProtocolClient (GrpcClientProtocolClient.java:onNext(264)) - client-BBE8F4642F4E->f1727f7a-dfce-47cb-9d44-d863f6c274c0: receive RaftClientReply:client-BBE8F4642F4E->f1727f7a-dfce-47cb-9d44-d863f6c274c0@group-E83674309DFA, cid=21, FAILED org.apache.ratis.protocol.NotLeaderException: Server f1727f7a-dfce-47cb-9d44-d863f6c274c0@group-E83674309DFA is not the leader 76e9ed70-2a32-4a64-9388-b77e9aa6f857:192.168.69.122:43336, logIndex=0, commits[f1727f7a-dfce-47cb-9d44-d863f6c274c0:c6, 76e9ed70-2a32-4a64-9388-b77e9aa6f857:c6, 72845ddd-7944-416b-9dd2-35fcccd22f3d:c4]
2019-09-17 06:06:17,981 [java.util.concurrent.ThreadPoolExecutor$Worker@5ad35b0c[State = -1, empty queue]] WARN  server.GrpcLogAppender (GrpcLogAppender.java:timeoutAppendRequest(200)) - 76e9ed70-2a32-4a64-9388-b77e9aa6f857@group-E83674309DFA->f1727f7a-dfce-47cb-9d44-d863f6c274c0-GrpcLogAppender: appendEntries Timeout, request=76e9ed70-2a32-4a64-9388-b77e9aa6f857->f1727f7a-dfce-47cb-9d44-d863f6c274c0#56-t1, previous=(t:1, i:9), leaderCommit=6, initializing? false, entries: <empty>
2019-09-17 06:06:17,981 [java.util.concurrent.ThreadPoolExecutor$Worker@698c243a[State = -1, empty queue]] WARN  server.GrpcLogAppender (GrpcLogAppender.java:timeoutAppendRequest(200)) - 76e9ed70-2a32-4a64-9388-b77e9aa6f857@group-E83674309DFA->72845ddd-7944-416b-9dd2-35fcccd22f3d-GrpcLogAppender: appendEntries Timeout, request=76e9ed70-2a32-4a64-9388-b77e9aa6f857->72845ddd-7944-416b-9dd2-35fcccd22f3d#56-t1, previous=(t:1, i:9), leaderCommit=6, initializing? false, entries: <empty>
2019-09-17 06:06:20,026 [org.apache.ratis.server.impl.LogAppender$AppenderDaemon$$Lambda$505/2035288324@121685a4] ERROR ratis.XceiverServerRatis (XceiverServerRatis.java:triggerPipelineClose(575)) - pipeline Action CLOSE  on pipeline PipelineID=f19de06e-3053-4ec9-9fdd-e83674309dfa.Reason : 76e9ed70-2a32-4a64-9388-b77e9aa6f857 has not seen follower/s f1727f7a-dfce-47cb-9d44-d863f6c274c0 for 120808ms 72845ddd-7944-416b-9dd2-35fcccd22f3d for 120815ms
2019-09-17 06:06:20,026 [org.apache.ratis.server.impl.LogAppender$AppenderDaemon$$Lambda$505/2035288324@7db14276] ERROR ratis.XceiverServerRatis (XceiverServerRatis.java:triggerPipelineClose(575)) - pipeline Action CLOSE  on pipeline PipelineID=f19de06e-3053-4ec9-9fdd-e83674309dfa.Reason : 76e9ed70-2a32-4a64-9388-b77e9aa6f857 has not seen follower/s f1727f7a-dfce-47cb-9d44-d863f6c274c0 for 120808ms 72845ddd-7944-416b-9dd2-35fcccd22f3d for 120815ms
2019-09-17 06:06:20,062 [76e9ed70-2a32-4a64-9388-b77e9aa6f857@group-E83674309DFA-SegmentedRaftLogWorker] WARN  segmented.SegmentedRaftLogWorker (SegmentedRaftLogWorker.java:getFromFuture(90)) - Timeout 11/~
org.apache.ratis.protocol.TimeoutIOException: Timeout 10s: WriteLog:8: (t:1, i:8), STATEMACHINELOGENTRY, client-BBE8F4642F4E, cid=22-writeStateMachineData
	at org.apache.ratis.util.IOUtils.getFromFuture(IOUtils.java:87)
	at org.apache.ratis.server.raftlog.segmented.SegmentedRaftLogWorker$StateMachineDataPolicy.getFromFuture(SegmentedRaftLogWorker.java:87)
	at org.apache.ratis.server.raftlog.segmented.SegmentedRaftLogWorker$WriteLog.execute(SegmentedRaftLogWorker.java:477)
	at org.apache.ratis.server.raftlog.segmented.SegmentedRaftLogWorker.run(SegmentedRaftLogWorker.java:289)
	at java.lang.Thread.run(Thread.java:748)
Caused by: java.util.concurrent.TimeoutException
	at java.util.concurrent.CompletableFuture.timedGet(CompletableFuture.java:1771)
	at java.util.concurrent.CompletableFuture.get(CompletableFuture.java:1915)
	at org.apache.ratis.util.IOUtils.getFromFuture(IOUtils.java:79)
	... 4 more
2019-09-17 06:06:20,068 [EventQueue-PipelineActionsForPipelineActionHandler] ERROR pipeline.PipelineActionHandler (PipelineActionHandler.java:onMessage(60)) - Received pipeline action CLOSE for Pipeline[ Id: f19de06e-3053-4ec9-9fdd-e83674309dfa, Nodes: 72845ddd-7944-416b-9dd2-35fcccd22f3d{ip: 192.168.69.122, host: trunk-nightly-20190917-29l5j-2509219610, networkLocation: /default-rack, certSerialId: null}76e9ed70-2a32-4a64-9388-b77e9aa6f857{ip: 192.168.69.122, host: trunk-nightly-20190917-29l5j-2509219610, networkLocation: /default-rack, certSerialId: null}f1727f7a-dfce-47cb-9d44-d863f6c274c0{ip: 192.168.69.122, host: trunk-nightly-20190917-29l5j-2509219610, networkLocation: /default-rack, certSerialId: null}, Type:RATIS, Factor:THREE, State:OPEN] from datanode 76e9ed70-2a32-4a64-9388-b77e9aa6f857{ip: 192.168.69.122, host: trunk-nightly-20190917-29l5j-2509219610, networkLocation: /default-rack, certSerialId: null}. Reason : 76e9ed70-2a32-4a64-9388-b77e9aa6f857 has not seen follower/s f1727f7a-dfce-47cb-9d44-d863f6c274c0 for 120808ms 72845ddd-7944-416b-9dd2-35fcccd22f3d for 120815ms
2019-09-17 06:06:20,069 [EventQueue-PipelineActionsForPipelineActionHandler] INFO  pipeline.SCMPipelineManager (SCMPipelineManager.java:finalizeAndDestroyPipeline(311)) - destroying pipeline:Pipeline[ Id: f19de06e-3053-4ec9-9fdd-e83674309dfa, Nodes: 72845ddd-7944-416b-9dd2-35fcccd22f3d{ip: 192.168.69.122, host: trunk-nightly-20190917-29l5j-2509219610, networkLocation: /default-rack, certSerialId: null}76e9ed70-2a32-4a64-9388-b77e9aa6f857{ip: 192.168.69.122, host: trunk-nightly-20190917-29l5j-2509219610, networkLocation: /default-rack, certSerialId: null}f1727f7a-dfce-47cb-9d44-d863f6c274c0{ip: 192.168.69.122, host: trunk-nightly-20190917-29l5j-2509219610, networkLocation: /default-rack, certSerialId: null}, Type:RATIS, Factor:THREE, State:OPEN]
2019-09-17 06:06:20,070 [EventQueue-PipelineActionsForPipelineActionHandler] INFO  pipeline.PipelineStateManager (PipelineStateManager.java:finalizePipeline(123)) - Pipeline Pipeline[ Id: f19de06e-3053-4ec9-9fdd-e83674309dfa, Nodes: 72845ddd-7944-416b-9dd2-35fcccd22f3d{ip: 192.168.69.122, host: trunk-nightly-20190917-29l5j-2509219610, networkLocation: /default-rack, certSerialId: null}76e9ed70-2a32-4a64-9388-b77e9aa6f857{ip: 192.168.69.122, host: trunk-nightly-20190917-29l5j-2509219610, networkLocation: /default-rack, certSerialId: null}f1727f7a-dfce-47cb-9d44-d863f6c274c0{ip: 192.168.69.122, host: trunk-nightly-20190917-29l5j-2509219610, networkLocation: /default-rack, certSerialId: null}, Type:RATIS, Factor:THREE, State:CLOSED] moved to CLOSED state
2019-09-17 06:06:20,073 [EventQueue-CloseContainerForCloseContainerEventHandler] INFO  container.CloseContainerEventHandler (CloseContainerEventHandler.java:onMessage(61)) - Close container Event triggered for container : #1
2019-09-17 06:06:20,080 [EventQueue-CloseContainerForCloseContainerEventHandler] INFO  container.CloseContainerEventHandler (CloseContainerEventHandler.java:onMessage(61)) - Close container Event triggered for container : #3
2019-09-17 06:06:20,085 [f1727f7a-dfce-47cb-9d44-d863f6c274c0@group-E83674309DFA-SegmentedRaftLogWorker] WARN  segmented.SegmentedRaftLogWorker (SegmentedRaftLogWorker.java:getFromFuture(90)) - Timeout 11/~
org.apache.ratis.protocol.TimeoutIOException: Timeout 10s: WriteLog:8: (t:1, i:8), STATEMACHINELOGENTRY, client-BBE8F4642F4E, cid=22-writeStateMachineData
	at org.apache.ratis.util.IOUtils.getFromFuture(IOUtils.java:87)
	at org.apache.ratis.server.raftlog.segmented.SegmentedRaftLogWorker$StateMachineDataPolicy.getFromFuture(SegmentedRaftLogWorker.java:87)
	at org.apache.ratis.server.raftlog.segmented.SegmentedRaftLogWorker$WriteLog.execute(SegmentedRaftLogWorker.java:477)
	at org.apache.ratis.server.raftlog.segmented.SegmentedRaftLogWorker.run(SegmentedRaftLogWorker.java:289)
	at java.lang.Thread.run(Thread.java:748)
Caused by: java.util.concurrent.TimeoutException
	at java.util.concurrent.CompletableFuture.timedGet(CompletableFuture.java:1771)
	at java.util.concurrent.CompletableFuture.get(CompletableFuture.java:1915)
	at org.apache.ratis.util.IOUtils.getFromFuture(IOUtils.java:79)
	... 4 more
2019-09-17 06:06:20,088 [72845ddd-7944-416b-9dd2-35fcccd22f3d@group-E83674309DFA-SegmentedRaftLogWorker] WARN  segmented.SegmentedRaftLogWorker (SegmentedRaftLogWorker.java:getFromFuture(90)) - Timeout 11/~
org.apache.ratis.protocol.TimeoutIOException: Timeout 10s: WriteLog:8: (t:1, i:8), STATEMACHINELOGENTRY, client-BBE8F4642F4E, cid=22-writeStateMachineData
	at org.apache.ratis.util.IOUtils.getFromFuture(IOUtils.java:87)
	at org.apache.ratis.server.raftlog.segmented.SegmentedRaftLogWorker$StateMachineDataPolicy.getFromFuture(SegmentedRaftLogWorker.java:87)
	at org.apache.ratis.server.raftlog.segmented.SegmentedRaftLogWorker$WriteLog.execute(SegmentedRaftLogWorker.java:477)
	at org.apache.ratis.server.raftlog.segmented.SegmentedRaftLogWorker.run(SegmentedRaftLogWorker.java:289)
	at java.lang.Thread.run(Thread.java:748)
Caused by: java.util.concurrent.TimeoutException
	at java.util.concurrent.CompletableFuture.timedGet(CompletableFuture.java:1771)
	at java.util.concurrent.CompletableFuture.get(CompletableFuture.java:1915)
	at org.apache.ratis.util.IOUtils.getFromFuture(IOUtils.java:79)
	... 4 more
2019-09-17 06:06:20,482 [java.util.concurrent.ThreadPoolExecutor$Worker@5ad35b0c[State = -1, empty queue]] WARN  server.GrpcLogAppender (GrpcLogAppender.java:timeoutAppendRequest(200)) - 76e9ed70-2a32-4a64-9388-b77e9aa6f857@group-E83674309DFA->f1727f7a-dfce-47cb-9d44-d863f6c274c0-GrpcLogAppender: appendEntries Timeout, request=76e9ed70-2a32-4a64-9388-b77e9aa6f857->f1727f7a-dfce-47cb-9d44-d863f6c274c0#57-t1, previous=(t:1, i:9), leaderCommit=6, initializing? false, entries: <empty>
2019-09-17 06:06:20,482 [java.util.concurrent.ThreadPoolExecutor$Worker@698c243a[State = -1, empty queue]] WARN  server.GrpcLogAppender (GrpcLogAppender.java:timeoutAppendRequest(200)) - 76e9ed70-2a32-4a64-9388-b77e9aa6f857@group-E83674309DFA->72845ddd-7944-416b-9dd2-35fcccd22f3d-GrpcLogAppender: appendEntries Timeout, request=76e9ed70-2a32-4a64-9388-b77e9aa6f857->72845ddd-7944-416b-9dd2-35fcccd22f3d#57-t1, previous=(t:1, i:9), leaderCommit=6, initializing? false, entries: <empty>
2019-09-17 06:06:21,552 [grpc-default-executor-1] INFO  client.GrpcClientProtocolClient (GrpcClientProtocolClient.java:onNext(264)) - client-BBE8F4642F4E->72845ddd-7944-416b-9dd2-35fcccd22f3d: receive RaftClientReply:client-BBE8F4642F4E->72845ddd-7944-416b-9dd2-35fcccd22f3d@group-E83674309DFA, cid=21, FAILED org.apache.ratis.protocol.NotLeaderException: Server 72845ddd-7944-416b-9dd2-35fcccd22f3d@group-E83674309DFA is not the leader 76e9ed70-2a32-4a64-9388-b77e9aa6f857:192.168.69.122:43336, logIndex=0, commits[72845ddd-7944-416b-9dd2-35fcccd22f3d:c6, 76e9ed70-2a32-4a64-9388-b77e9aa6f857:c6, f1727f7a-dfce-47cb-9d44-d863f6c274c0:c4]
2019-09-17 06:06:22,483 [org.apache.ratis.server.impl.LogAppender$AppenderDaemon$$Lambda$505/2035288324@7db14276] ERROR ratis.XceiverServerRatis (XceiverServerRatis.java:triggerPipelineClose(575)) - pipeline Action CLOSE  on pipeline PipelineID=f19de06e-3053-4ec9-9fdd-e83674309dfa.Reason : 76e9ed70-2a32-4a64-9388-b77e9aa6f857 has not seen follower/s f1727f7a-dfce-47cb-9d44-d863f6c274c0 for 123285ms 72845ddd-7944-416b-9dd2-35fcccd22f3d for 123287ms
2019-09-17 06:06:22,484 [org.apache.ratis.server.impl.LogAppender$AppenderDaemon$$Lambda$505/2035288324@121685a4] ERROR ratis.XceiverServerRatis (XceiverServerRatis.java:triggerPipelineClose(575)) - pipeline Action CLOSE  on pipeline PipelineID=f19de06e-3053-4ec9-9fdd-e83674309dfa.Reason : 76e9ed70-2a32-4a64-9388-b77e9aa6f857 has not seen follower/s f1727f7a-dfce-47cb-9d44-d863f6c274c0 for 123285ms 72845ddd-7944-416b-9dd2-35fcccd22f3d for 123288ms
2019-09-17 06:06:22,983 [java.util.concurrent.ThreadPoolExecutor$Worker@698c243a[State = -1, empty queue]] WARN  server.GrpcLogAppender (GrpcLogAppender.java:timeoutAppendRequest(200)) - 76e9ed70-2a32-4a64-9388-b77e9aa6f857@group-E83674309DFA->72845ddd-7944-416b-9dd2-35fcccd22f3d-GrpcLogAppender: appendEntries Timeout, request=76e9ed70-2a32-4a64-9388-b77e9aa6f857->72845ddd-7944-416b-9dd2-35fcccd22f3d#58-t1, previous=(t:1, i:9), leaderCommit=6, initializing? false, entries: <empty>
2019-09-17 06:06:22,983 [java.util.concurrent.ThreadPoolExecutor$Worker@5ad35b0c[State = -1, empty queue]] WARN  server.GrpcLogAppender (GrpcLogAppender.java:timeoutAppendRequest(200)) - 76e9ed70-2a32-4a64-9388-b77e9aa6f857@group-E83674309DFA->f1727f7a-dfce-47cb-9d44-d863f6c274c0-GrpcLogAppender: appendEntries Timeout, request=76e9ed70-2a32-4a64-9388-b77e9aa6f857->f1727f7a-dfce-47cb-9d44-d863f6c274c0#58-t1, previous=(t:1, i:9), leaderCommit=6, initializing? false, entries: <empty>
2019-09-17 06:06:23,062 [EventQueue-PipelineActionsForPipelineActionHandler] ERROR pipeline.PipelineActionHandler (PipelineActionHandler.java:onMessage(60)) - Received pipeline action CLOSE for Pipeline[ Id: f19de06e-3053-4ec9-9fdd-e83674309dfa, Nodes: 72845ddd-7944-416b-9dd2-35fcccd22f3d{ip: 192.168.69.122, host: trunk-nightly-20190917-29l5j-2509219610, networkLocation: /default-rack, certSerialId: null}76e9ed70-2a32-4a64-9388-b77e9aa6f857{ip: 192.168.69.122, host: trunk-nightly-20190917-29l5j-2509219610, networkLocation: /default-rack, certSerialId: null}f1727f7a-dfce-47cb-9d44-d863f6c274c0{ip: 192.168.69.122, host: trunk-nightly-20190917-29l5j-2509219610, networkLocation: /default-rack, certSerialId: null}, Type:RATIS, Factor:THREE, State:CLOSED] from datanode 76e9ed70-2a32-4a64-9388-b77e9aa6f857{ip: 192.168.69.122, host: trunk-nightly-20190917-29l5j-2509219610, networkLocation: /default-rack, certSerialId: null}. Reason : 76e9ed70-2a32-4a64-9388-b77e9aa6f857 has not seen follower/s f1727f7a-dfce-47cb-9d44-d863f6c274c0 for 123285ms 72845ddd-7944-416b-9dd2-35fcccd22f3d for 123287ms
2019-09-17 06:06:23,062 [EventQueue-PipelineActionsForPipelineActionHandler] INFO  pipeline.SCMPipelineManager (SCMPipelineManager.java:finalizeAndDestroyPipeline(311)) - destroying pipeline:Pipeline[ Id: f19de06e-3053-4ec9-9fdd-e83674309dfa, Nodes: 72845ddd-7944-416b-9dd2-35fcccd22f3d{ip: 192.168.69.122, host: trunk-nightly-20190917-29l5j-2509219610, networkLocation: /default-rack, certSerialId: null}76e9ed70-2a32-4a64-9388-b77e9aa6f857{ip: 192.168.69.122, host: trunk-nightly-20190917-29l5j-2509219610, networkLocation: /default-rack, certSerialId: null}f1727f7a-dfce-47cb-9d44-d863f6c274c0{ip: 192.168.69.122, host: trunk-nightly-20190917-29l5j-2509219610, networkLocation: /default-rack, certSerialId: null}, Type:RATIS, Factor:THREE, State:CLOSED]
2019-09-17 06:06:23,081 [org.apache.ratis.server.impl.LogAppender$AppenderDaemon$$Lambda$505/2035288324@121685a4] ERROR ratis.XceiverServerRatis (XceiverServerRatis.java:triggerPipelineClose(575)) - pipeline Action CLOSE  on pipeline PipelineID=f19de06e-3053-4ec9-9fdd-e83674309dfa.Reason : 76e9ed70-2a32-4a64-9388-b77e9aa6f857 has not seen follower/s f1727f7a-dfce-47cb-9d44-d863f6c274c0 for 123882ms 72845ddd-7944-416b-9dd2-35fcccd22f3d for 123885ms
2019-09-17 06:06:23,081 [org.apache.ratis.server.impl.LogAppender$AppenderDaemon$$Lambda$505/2035288324@7db14276] ERROR ratis.XceiverServerRatis (XceiverServerRatis.java:triggerPipelineClose(575)) - pipeline Action CLOSE  on pipeline PipelineID=f19de06e-3053-4ec9-9fdd-e83674309dfa.Reason : 76e9ed70-2a32-4a64-9388-b77e9aa6f857 has not seen follower/s f1727f7a-dfce-47cb-9d44-d863f6c274c0 for 123882ms 72845ddd-7944-416b-9dd2-35fcccd22f3d for 123885ms
2019-09-17 06:06:24,081 [EventQueue-PipelineActionsForPipelineActionHandler] ERROR pipeline.PipelineActionHandler (PipelineActionHandler.java:onMessage(60)) - Received pipeline action CLOSE for Pipeline[ Id: f19de06e-3053-4ec9-9fdd-e83674309dfa, Nodes: 72845ddd-7944-416b-9dd2-35fcccd22f3d{ip: 192.168.69.122, host: trunk-nightly-20190917-29l5j-2509219610, networkLocation: /default-rack, certSerialId: null}76e9ed70-2a32-4a64-9388-b77e9aa6f857{ip: 192.168.69.122, host: trunk-nightly-20190917-29l5j-2509219610, networkLocation: /default-rack, certSerialId: null}f1727f7a-dfce-47cb-9d44-d863f6c274c0{ip: 192.168.69.122, host: trunk-nightly-20190917-29l5j-2509219610, networkLocation: /default-rack, certSerialId: null}, Type:RATIS, Factor:THREE, State:CLOSED] from datanode 76e9ed70-2a32-4a64-9388-b77e9aa6f857{ip: 192.168.69.122, host: trunk-nightly-20190917-29l5j-2509219610, networkLocation: /default-rack, certSerialId: null}. Reason : 76e9ed70-2a32-4a64-9388-b77e9aa6f857 has not seen follower/s f1727f7a-dfce-47cb-9d44-d863f6c274c0 for 123882ms 72845ddd-7944-416b-9dd2-35fcccd22f3d for 123885ms
2019-09-17 06:06:24,082 [EventQueue-PipelineActionsForPipelineActionHandler] INFO  pipeline.SCMPipelineManager (SCMPipelineManager.java:finalizeAndDestroyPipeline(311)) - destroying pipeline:Pipeline[ Id: f19de06e-3053-4ec9-9fdd-e83674309dfa, Nodes: 72845ddd-7944-416b-9dd2-35fcccd22f3d{ip: 192.168.69.122, host: trunk-nightly-20190917-29l5j-2509219610, networkLocation: /default-rack, certSerialId: null}76e9ed70-2a32-4a64-9388-b77e9aa6f857{ip: 192.168.69.122, host: trunk-nightly-20190917-29l5j-2509219610, networkLocation: /default-rack, certSerialId: null}f1727f7a-dfce-47cb-9d44-d863f6c274c0{ip: 192.168.69.122, host: trunk-nightly-20190917-29l5j-2509219610, networkLocation: /default-rack, certSerialId: null}, Type:RATIS, Factor:THREE, State:CLOSED]
2019-09-17 06:06:25,483 [java.util.concurrent.ThreadPoolExecutor$Worker@5ad35b0c[State = -1, empty queue]] WARN  server.GrpcLogAppender (GrpcLogAppender.java:timeoutAppendRequest(200)) - 76e9ed70-2a32-4a64-9388-b77e9aa6f857@group-E83674309DFA->f1727f7a-dfce-47cb-9d44-d863f6c274c0-GrpcLogAppender: appendEntries Timeout, request=76e9ed70-2a32-4a64-9388-b77e9aa6f857->f1727f7a-dfce-47cb-9d44-d863f6c274c0#59-t1, previous=(t:1, i:9), leaderCommit=6, initializing? false, entries: <empty>
2019-09-17 06:06:25,487 [java.util.concurrent.ThreadPoolExecutor$Worker@698c243a[State = -1, empty queue]] WARN  server.GrpcLogAppender (GrpcLogAppender.java:timeoutAppendRequest(200)) - 76e9ed70-2a32-4a64-9388-b77e9aa6f857@group-E83674309DFA->72845ddd-7944-416b-9dd2-35fcccd22f3d-GrpcLogAppender: appendEntries Timeout, request=76e9ed70-2a32-4a64-9388-b77e9aa6f857->72845ddd-7944-416b-9dd2-35fcccd22f3d#59-t1, previous=(t:1, i:9), leaderCommit=6, initializing? false, entries: <empty>
2019-09-17 06:06:25,584 [org.apache.ratis.server.impl.LogAppender$AppenderDaemon$$Lambda$505/2035288324@121685a4] ERROR ratis.XceiverServerRatis (XceiverServerRatis.java:triggerPipelineClose(575)) - pipeline Action CLOSE  on pipeline PipelineID=f19de06e-3053-4ec9-9fdd-e83674309dfa.Reason : 76e9ed70-2a32-4a64-9388-b77e9aa6f857 has not seen follower/s f1727f7a-dfce-47cb-9d44-d863f6c274c0 for 126385ms 72845ddd-7944-416b-9dd2-35fcccd22f3d for 126387ms
2019-09-17 06:06:25,584 [org.apache.ratis.server.impl.LogAppender$AppenderDaemon$$Lambda$505/2035288324@7db14276] ERROR ratis.XceiverServerRatis (XceiverServerRatis.java:triggerPipelineClose(575)) - pipeline Action CLOSE  on pipeline PipelineID=f19de06e-3053-4ec9-9fdd-e83674309dfa.Reason : 76e9ed70-2a32-4a64-9388-b77e9aa6f857 has not seen follower/s f1727f7a-dfce-47cb-9d44-d863f6c274c0 for 126385ms 72845ddd-7944-416b-9dd2-35fcccd22f3d for 126387ms
2019-09-17 06:06:26,081 [EventQueue-PipelineActionsForPipelineActionHandler] ERROR pipeline.PipelineActionHandler (PipelineActionHandler.java:onMessage(60)) - Received pipeline action CLOSE for Pipeline[ Id: f19de06e-3053-4ec9-9fdd-e83674309dfa, Nodes: 72845ddd-7944-416b-9dd2-35fcccd22f3d{ip: 192.168.69.122, host: trunk-nightly-20190917-29l5j-2509219610, networkLocation: /default-rack, certSerialId: null}76e9ed70-2a32-4a64-9388-b77e9aa6f857{ip: 192.168.69.122, host: trunk-nightly-20190917-29l5j-2509219610, networkLocation: /default-rack, certSerialId: null}f1727f7a-dfce-47cb-9d44-d863f6c274c0{ip: 192.168.69.122, host: trunk-nightly-20190917-29l5j-2509219610, networkLocation: /default-rack, certSerialId: null}, Type:RATIS, Factor:THREE, State:CLOSED] from datanode 76e9ed70-2a32-4a64-9388-b77e9aa6f857{ip: 192.168.69.122, host: trunk-nightly-20190917-29l5j-2509219610, networkLocation: /default-rack, certSerialId: null}. Reason : 76e9ed70-2a32-4a64-9388-b77e9aa6f857 has not seen follower/s f1727f7a-dfce-47cb-9d44-d863f6c274c0 for 126385ms 72845ddd-7944-416b-9dd2-35fcccd22f3d for 126387ms
2019-09-17 06:06:26,081 [java.util.concurrent.ThreadPoolExecutor$Worker@5ad35b0c[State = -1, empty queue]] WARN  server.GrpcLogAppender (GrpcLogAppender.java:timeoutAppendRequest(200)) - 76e9ed70-2a32-4a64-9388-b77e9aa6f857@group-E83674309DFA->f1727f7a-dfce-47cb-9d44-d863f6c274c0-GrpcLogAppender: appendEntries Timeout, request=76e9ed70-2a32-4a64-9388-b77e9aa6f857->f1727f7a-dfce-47cb-9d44-d863f6c274c0#60-t1, previous=(t:1, i:9), leaderCommit=6, initializing? false, entries: size=1, first=(t:1, i:10), STATEMACHINELOGENTRY, client-1FD2A9EE82A4, cid=4
2019-09-17 06:06:26,082 [EventQueue-PipelineActionsForPipelineActionHandler] INFO  pipeline.SCMPipelineManager (SCMPipelineManager.java:finalizeAndDestroyPipeline(311)) - destroying pipeline:Pipeline[ Id: f19de06e-3053-4ec9-9fdd-e83674309dfa, Nodes: 72845ddd-7944-416b-9dd2-35fcccd22f3d{ip: 192.168.69.122, host: trunk-nightly-20190917-29l5j-2509219610, networkLocation: /default-rack, certSerialId: null}76e9ed70-2a32-4a64-9388-b77e9aa6f857{ip: 192.168.69.122, host: trunk-nightly-20190917-29l5j-2509219610, networkLocation: /default-rack, certSerialId: null}f1727f7a-dfce-47cb-9d44-d863f6c274c0{ip: 192.168.69.122, host: trunk-nightly-20190917-29l5j-2509219610, networkLocation: /default-rack, certSerialId: null}, Type:RATIS, Factor:THREE, State:CLOSED]
2019-09-17 06:06:26,081 [java.util.concurrent.ThreadPoolExecutor$Worker@698c243a[State = -1, empty queue]] WARN  server.GrpcLogAppender (GrpcLogAppender.java:timeoutAppendRequest(200)) - 76e9ed70-2a32-4a64-9388-b77e9aa6f857@group-E83674309DFA->72845ddd-7944-416b-9dd2-35fcccd22f3d-GrpcLogAppender: appendEntries Timeout, request=76e9ed70-2a32-4a64-9388-b77e9aa6f857->72845ddd-7944-416b-9dd2-35fcccd22f3d#60-t1, previous=(t:1, i:9), leaderCommit=6, initializing? false, entries: size=1, first=(t:1, i:10), STATEMACHINELOGENTRY, client-1FD2A9EE82A4, cid=4
2019-09-17 06:06:26,613 [grpc-default-executor-1] INFO  client.GrpcClientProtocolClient (GrpcClientProtocolClient.java:onNext(264)) - client-BBE8F4642F4E->f1727f7a-dfce-47cb-9d44-d863f6c274c0: receive RaftClientReply:client-BBE8F4642F4E->f1727f7a-dfce-47cb-9d44-d863f6c274c0@group-E83674309DFA, cid=21, FAILED org.apache.ratis.protocol.NotLeaderException: Server f1727f7a-dfce-47cb-9d44-d863f6c274c0@group-E83674309DFA is not the leader 76e9ed70-2a32-4a64-9388-b77e9aa6f857:192.168.69.122:43336, logIndex=0, commits[f1727f7a-dfce-47cb-9d44-d863f6c274c0:c6, 76e9ed70-2a32-4a64-9388-b77e9aa6f857:c6, 72845ddd-7944-416b-9dd2-35fcccd22f3d:c4]
2019-09-17 06:06:28,086 [org.apache.ratis.server.impl.LogAppender$AppenderDaemon$$Lambda$505/2035288324@121685a4] ERROR ratis.XceiverServerRatis (XceiverServerRatis.java:triggerPipelineClose(575)) - pipeline Action CLOSE  on pipeline PipelineID=f19de06e-3053-4ec9-9fdd-e83674309dfa.Reason : 76e9ed70-2a32-4a64-9388-b77e9aa6f857 has not seen follower/s f1727f7a-dfce-47cb-9d44-d863f6c274c0 for 128887ms 72845ddd-7944-416b-9dd2-35fcccd22f3d for 128890ms
2019-09-17 06:06:28,086 [org.apache.ratis.server.impl.LogAppender$AppenderDaemon$$Lambda$505/2035288324@7db14276] ERROR ratis.XceiverServerRatis (XceiverServerRatis.java:triggerPipelineClose(575)) - pipeline Action CLOSE  on pipeline PipelineID=f19de06e-3053-4ec9-9fdd-e83674309dfa.Reason : 76e9ed70-2a32-4a64-9388-b77e9aa6f857 has not seen follower/s f1727f7a-dfce-47cb-9d44-d863f6c274c0 for 128887ms 72845ddd-7944-416b-9dd2-35fcccd22f3d for 128890ms
2019-09-17 06:06:28,584 [java.util.concurrent.ThreadPoolExecutor$Worker@5ad35b0c[State = -1, empty queue]] WARN  server.GrpcLogAppender (GrpcLogAppender.java:timeoutAppendRequest(200)) - 76e9ed70-2a32-4a64-9388-b77e9aa6f857@group-E83674309DFA->f1727f7a-dfce-47cb-9d44-d863f6c274c0-GrpcLogAppender: appendEntries Timeout, request=76e9ed70-2a32-4a64-9388-b77e9aa6f857->f1727f7a-dfce-47cb-9d44-d863f6c274c0#61-t1, previous=(t:1, i:10), leaderCommit=6, initializing? false, entries: <empty>
2019-09-17 06:06:28,584 [java.util.concurrent.ThreadPoolExecutor$Worker@698c243a[State = -1, empty queue]] WARN  server.GrpcLogAppender (GrpcLogAppender.java:timeoutAppendRequest(200)) - 76e9ed70-2a32-4a64-9388-b77e9aa6f857@group-E83674309DFA->72845ddd-7944-416b-9dd2-35fcccd22f3d-GrpcLogAppender: appendEntries Timeout, request=76e9ed70-2a32-4a64-9388-b77e9aa6f857->72845ddd-7944-416b-9dd2-35fcccd22f3d#61-t1, previous=(t:1, i:10), leaderCommit=6, initializing? false, entries: <empty>
2019-09-17 06:06:29,082 [EventQueue-PipelineActionsForPipelineActionHandler] ERROR pipeline.PipelineActionHandler (PipelineActionHandler.java:onMessage(60)) - Received pipeline action CLOSE for Pipeline[ Id: f19de06e-3053-4ec9-9fdd-e83674309dfa, Nodes: 72845ddd-7944-416b-9dd2-35fcccd22f3d{ip: 192.168.69.122, host: trunk-nightly-20190917-29l5j-2509219610, networkLocation: /default-rack, certSerialId: null}76e9ed70-2a32-4a64-9388-b77e9aa6f857{ip: 192.168.69.122, host: trunk-nightly-20190917-29l5j-2509219610, networkLocation: /default-rack, certSerialId: null}f1727f7a-dfce-47cb-9d44-d863f6c274c0{ip: 192.168.69.122, host: trunk-nightly-20190917-29l5j-2509219610, networkLocation: /default-rack, certSerialId: null}, Type:RATIS, Factor:THREE, State:CLOSED] from datanode 76e9ed70-2a32-4a64-9388-b77e9aa6f857{ip: 192.168.69.122, host: trunk-nightly-20190917-29l5j-2509219610, networkLocation: /default-rack, certSerialId: null}. Reason : 76e9ed70-2a32-4a64-9388-b77e9aa6f857 has not seen follower/s f1727f7a-dfce-47cb-9d44-d863f6c274c0 for 128887ms 72845ddd-7944-416b-9dd2-35fcccd22f3d for 128890ms
2019-09-17 06:06:29,082 [EventQueue-PipelineActionsForPipelineActionHandler] INFO  pipeline.SCMPipelineManager (SCMPipelineManager.java:finalizeAndDestroyPipeline(311)) - destroying pipeline:Pipeline[ Id: f19de06e-3053-4ec9-9fdd-e83674309dfa, Nodes: 72845ddd-7944-416b-9dd2-35fcccd22f3d{ip: 192.168.69.122, host: trunk-nightly-20190917-29l5j-2509219610, networkLocation: /default-rack, certSerialId: null}76e9ed70-2a32-4a64-9388-b77e9aa6f857{ip: 192.168.69.122, host: trunk-nightly-20190917-29l5j-2509219610, networkLocation: /default-rack, certSerialId: null}f1727f7a-dfce-47cb-9d44-d863f6c274c0{ip: 192.168.69.122, host: trunk-nightly-20190917-29l5j-2509219610, networkLocation: /default-rack, certSerialId: null}, Type:RATIS, Factor:THREE, State:CLOSED]
2019-09-17 06:06:30,066 [76e9ed70-2a32-4a64-9388-b77e9aa6f857@group-E83674309DFA-SegmentedRaftLogWorker] WARN  segmented.SegmentedRaftLogWorker (SegmentedRaftLogWorker.java:getFromFuture(90)) - Timeout 12/~
org.apache.ratis.protocol.TimeoutIOException: Timeout 10s: WriteLog:8: (t:1, i:8), STATEMACHINELOGENTRY, client-BBE8F4642F4E, cid=22-writeStateMachineData
	at org.apache.ratis.util.IOUtils.getFromFuture(IOUtils.java:87)
	at org.apache.ratis.server.raftlog.segmented.SegmentedRaftLogWorker$StateMachineDataPolicy.getFromFuture(SegmentedRaftLogWorker.java:87)
	at org.apache.ratis.server.raftlog.segmented.SegmentedRaftLogWorker$WriteLog.execute(SegmentedRaftLogWorker.java:477)
	at org.apache.ratis.server.raftlog.segmented.SegmentedRaftLogWorker.run(SegmentedRaftLogWorker.java:289)
	at java.lang.Thread.run(Thread.java:748)
Caused by: java.util.concurrent.TimeoutException
	at java.util.concurrent.CompletableFuture.timedGet(CompletableFuture.java:1771)
	at java.util.concurrent.CompletableFuture.get(CompletableFuture.java:1915)
	at org.apache.ratis.util.IOUtils.getFromFuture(IOUtils.java:79)
	... 4 more
2019-09-17 06:06:30,089 [f1727f7a-dfce-47cb-9d44-d863f6c274c0@group-E83674309DFA-SegmentedRaftLogWorker] WARN  segmented.SegmentedRaftLogWorker (SegmentedRaftLogWorker.java:getFromFuture(90)) - Timeout 12/~
org.apache.ratis.protocol.TimeoutIOException: Timeout 10s: WriteLog:8: (t:1, i:8), STATEMACHINELOGENTRY, client-BBE8F4642F4E, cid=22-writeStateMachineData
	at org.apache.ratis.util.IOUtils.getFromFuture(IOUtils.java:87)
	at org.apache.ratis.server.raftlog.segmented.SegmentedRaftLogWorker$StateMachineDataPolicy.getFromFuture(SegmentedRaftLogWorker.java:87)
	at org.apache.ratis.server.raftlog.segmented.SegmentedRaftLogWorker$WriteLog.execute(SegmentedRaftLogWorker.java:477)
	at org.apache.ratis.server.raftlog.segmented.SegmentedRaftLogWorker.run(SegmentedRaftLogWorker.java:289)
	at java.lang.Thread.run(Thread.java:748)
Caused by: java.util.concurrent.TimeoutException
	at java.util.concurrent.CompletableFuture.timedGet(CompletableFuture.java:1771)
	at java.util.concurrent.CompletableFuture.get(CompletableFuture.java:1915)
	at org.apache.ratis.util.IOUtils.getFromFuture(IOUtils.java:79)
	... 4 more
2019-09-17 06:06:30,091 [72845ddd-7944-416b-9dd2-35fcccd22f3d@group-E83674309DFA-SegmentedRaftLogWorker] WARN  segmented.SegmentedRaftLogWorker (SegmentedRaftLogWorker.java:getFromFuture(90)) - Timeout 12/~
org.apache.ratis.protocol.TimeoutIOException: Timeout 10s: WriteLog:8: (t:1, i:8), STATEMACHINELOGENTRY, client-BBE8F4642F4E, cid=22-writeStateMachineData
	at org.apache.ratis.util.IOUtils.getFromFuture(IOUtils.java:87)
	at org.apache.ratis.server.raftlog.segmented.SegmentedRaftLogWorker$StateMachineDataPolicy.getFromFuture(SegmentedRaftLogWorker.java:87)
	at org.apache.ratis.server.raftlog.segmented.SegmentedRaftLogWorker$WriteLog.execute(SegmentedRaftLogWorker.java:477)
	at org.apache.ratis.server.raftlog.segmented.SegmentedRaftLogWorker.run(SegmentedRaftLogWorker.java:289)
	at java.lang.Thread.run(Thread.java:748)
Caused by: java.util.concurrent.TimeoutException
	at java.util.concurrent.CompletableFuture.timedGet(CompletableFuture.java:1771)
	at java.util.concurrent.CompletableFuture.get(CompletableFuture.java:1915)
	at org.apache.ratis.util.IOUtils.getFromFuture(IOUtils.java:79)
	... 4 more
2019-09-17 06:06:30,588 [org.apache.ratis.server.impl.LogAppender$AppenderDaemon$$Lambda$505/2035288324@7db14276] ERROR ratis.XceiverServerRatis (XceiverServerRatis.java:triggerPipelineClose(575)) - pipeline Action CLOSE  on pipeline PipelineID=f19de06e-3053-4ec9-9fdd-e83674309dfa.Reason : 76e9ed70-2a32-4a64-9388-b77e9aa6f857 has not seen follower/s f1727f7a-dfce-47cb-9d44-d863f6c274c0 for 131389ms 72845ddd-7944-416b-9dd2-35fcccd22f3d for 131392ms
2019-09-17 06:06:30,588 [org.apache.ratis.server.impl.LogAppender$AppenderDaemon$$Lambda$505/2035288324@121685a4] ERROR ratis.XceiverServerRatis (XceiverServerRatis.java:triggerPipelineClose(575)) - pipeline Action CLOSE  on pipeline PipelineID=f19de06e-3053-4ec9-9fdd-e83674309dfa.Reason : 76e9ed70-2a32-4a64-9388-b77e9aa6f857 has not seen follower/s f1727f7a-dfce-47cb-9d44-d863f6c274c0 for 131389ms 72845ddd-7944-416b-9dd2-35fcccd22f3d for 131392ms
2019-09-17 06:06:31,081 [EventQueue-PipelineActionsForPipelineActionHandler] ERROR pipeline.PipelineActionHandler (PipelineActionHandler.java:onMessage(60)) - Received pipeline action CLOSE for Pipeline[ Id: f19de06e-3053-4ec9-9fdd-e83674309dfa, Nodes: 72845ddd-7944-416b-9dd2-35fcccd22f3d{ip: 192.168.69.122, host: trunk-nightly-20190917-29l5j-2509219610, networkLocation: /default-rack, certSerialId: null}76e9ed70-2a32-4a64-9388-b77e9aa6f857{ip: 192.168.69.122, host: trunk-nightly-20190917-29l5j-2509219610, networkLocation: /default-rack, certSerialId: null}f1727f7a-dfce-47cb-9d44-d863f6c274c0{ip: 192.168.69.122, host: trunk-nightly-20190917-29l5j-2509219610, networkLocation: /default-rack, certSerialId: null}, Type:RATIS, Factor:THREE, State:CLOSED] from datanode 76e9ed70-2a32-4a64-9388-b77e9aa6f857{ip: 192.168.69.122, host: trunk-nightly-20190917-29l5j-2509219610, networkLocation: /default-rack, certSerialId: null}. Reason : 76e9ed70-2a32-4a64-9388-b77e9aa6f857 has not seen follower/s f1727f7a-dfce-47cb-9d44-d863f6c274c0 for 131389ms 72845ddd-7944-416b-9dd2-35fcccd22f3d for 131392ms
2019-09-17 06:06:31,081 [EventQueue-PipelineActionsForPipelineActionHandler] INFO  pipeline.SCMPipelineManager (SCMPipelineManager.java:finalizeAndDestroyPipeline(311)) - destroying pipeline:Pipeline[ Id: f19de06e-3053-4ec9-9fdd-e83674309dfa, Nodes: 72845ddd-7944-416b-9dd2-35fcccd22f3d{ip: 192.168.69.122, host: trunk-nightly-20190917-29l5j-2509219610, networkLocation: /default-rack, certSerialId: null}76e9ed70-2a32-4a64-9388-b77e9aa6f857{ip: 192.168.69.122, host: trunk-nightly-20190917-29l5j-2509219610, networkLocation: /default-rack, certSerialId: null}f1727f7a-dfce-47cb-9d44-d863f6c274c0{ip: 192.168.69.122, host: trunk-nightly-20190917-29l5j-2509219610, networkLocation: /default-rack, certSerialId: null}, Type:RATIS, Factor:THREE, State:CLOSED]
2019-09-17 06:06:31,086 [java.util.concurrent.ThreadPoolExecutor$Worker@5ad35b0c[State = -1, empty queue]] WARN  server.GrpcLogAppender (GrpcLogAppender.java:timeoutAppendRequest(200)) - 76e9ed70-2a32-4a64-9388-b77e9aa6f857@group-E83674309DFA->f1727f7a-dfce-47cb-9d44-d863f6c274c0-GrpcLogAppender: appendEntries Timeout, request=76e9ed70-2a32-4a64-9388-b77e9aa6f857->f1727f7a-dfce-47cb-9d44-d863f6c274c0#62-t1, previous=(t:1, i:10), leaderCommit=6, initializing? false, entries: <empty>
2019-09-17 06:06:31,086 [java.util.concurrent.ThreadPoolExecutor$Worker@698c243a[State = -1, empty queue]] WARN  server.GrpcLogAppender (GrpcLogAppender.java:timeoutAppendRequest(200)) - 76e9ed70-2a32-4a64-9388-b77e9aa6f857@group-E83674309DFA->72845ddd-7944-416b-9dd2-35fcccd22f3d-GrpcLogAppender: appendEntries Timeout, request=76e9ed70-2a32-4a64-9388-b77e9aa6f857->72845ddd-7944-416b-9dd2-35fcccd22f3d#62-t1, previous=(t:1, i:10), leaderCommit=6, initializing? false, entries: <empty>
2019-09-17 06:06:31,687 [grpc-default-executor-0] INFO  client.GrpcClientProtocolClient (GrpcClientProtocolClient.java:onNext(264)) - client-BBE8F4642F4E->f1727f7a-dfce-47cb-9d44-d863f6c274c0: receive RaftClientReply:client-BBE8F4642F4E->f1727f7a-dfce-47cb-9d44-d863f6c274c0@group-E83674309DFA, cid=21, FAILED org.apache.ratis.protocol.NotLeaderException: Server f1727f7a-dfce-47cb-9d44-d863f6c274c0@group-E83674309DFA is not the leader 76e9ed70-2a32-4a64-9388-b77e9aa6f857:192.168.69.122:43336, logIndex=0, commits[f1727f7a-dfce-47cb-9d44-d863f6c274c0:c6, 76e9ed70-2a32-4a64-9388-b77e9aa6f857:c6, 72845ddd-7944-416b-9dd2-35fcccd22f3d:c4]
2019-09-17 06:06:33,090 [org.apache.ratis.server.impl.LogAppender$AppenderDaemon$$Lambda$505/2035288324@7db14276] ERROR ratis.XceiverServerRatis (XceiverServerRatis.java:triggerPipelineClose(575)) - pipeline Action CLOSE  on pipeline PipelineID=f19de06e-3053-4ec9-9fdd-e83674309dfa.Reason : 76e9ed70-2a32-4a64-9388-b77e9aa6f857 has not seen follower/s f1727f7a-dfce-47cb-9d44-d863f6c274c0 for 133891ms 72845ddd-7944-416b-9dd2-35fcccd22f3d for 133894ms
2019-09-17 06:06:33,090 [org.apache.ratis.server.impl.LogAppender$AppenderDaemon$$Lambda$505/2035288324@121685a4] ERROR ratis.XceiverServerRatis (XceiverServerRatis.java:triggerPipelineClose(575)) - pipeline Action CLOSE  on pipeline PipelineID=f19de06e-3053-4ec9-9fdd-e83674309dfa.Reason : 76e9ed70-2a32-4a64-9388-b77e9aa6f857 has not seen follower/s f1727f7a-dfce-47cb-9d44-d863f6c274c0 for 133891ms 72845ddd-7944-416b-9dd2-35fcccd22f3d for 133894ms
2019-09-17 06:06:33,588 [java.util.concurrent.ThreadPoolExecutor$Worker@698c243a[State = -1, empty queue]] WARN  server.GrpcLogAppender (GrpcLogAppender.java:timeoutAppendRequest(200)) - 76e9ed70-2a32-4a64-9388-b77e9aa6f857@group-E83674309DFA->72845ddd-7944-416b-9dd2-35fcccd22f3d-GrpcLogAppender: appendEntries Timeout, request=76e9ed70-2a32-4a64-9388-b77e9aa6f857->72845ddd-7944-416b-9dd2-35fcccd22f3d#63-t1, previous=(t:1, i:10), leaderCommit=6, initializing? false, entries: <empty>
2019-09-17 06:06:33,588 [java.util.concurrent.ThreadPoolExecutor$Worker@5ad35b0c[State = -1, empty queue]] WARN  server.GrpcLogAppender (GrpcLogAppender.java:timeoutAppendRequest(200)) - 76e9ed70-2a32-4a64-9388-b77e9aa6f857@group-E83674309DFA->f1727f7a-dfce-47cb-9d44-d863f6c274c0-GrpcLogAppender: appendEntries Timeout, request=76e9ed70-2a32-4a64-9388-b77e9aa6f857->f1727f7a-dfce-47cb-9d44-d863f6c274c0#63-t1, previous=(t:1, i:10), leaderCommit=6, initializing? false, entries: <empty>
2019-09-17 06:06:34,081 [EventQueue-PipelineActionsForPipelineActionHandler] ERROR pipeline.PipelineActionHandler (PipelineActionHandler.java:onMessage(60)) - Received pipeline action CLOSE for Pipeline[ Id: f19de06e-3053-4ec9-9fdd-e83674309dfa, Nodes: 72845ddd-7944-416b-9dd2-35fcccd22f3d{ip: 192.168.69.122, host: trunk-nightly-20190917-29l5j-2509219610, networkLocation: /default-rack, certSerialId: null}76e9ed70-2a32-4a64-9388-b77e9aa6f857{ip: 192.168.69.122, host: trunk-nightly-20190917-29l5j-2509219610, networkLocation: /default-rack, certSerialId: null}f1727f7a-dfce-47cb-9d44-d863f6c274c0{ip: 192.168.69.122, host: trunk-nightly-20190917-29l5j-2509219610, networkLocation: /default-rack, certSerialId: null}, Type:RATIS, Factor:THREE, State:CLOSED] from datanode 76e9ed70-2a32-4a64-9388-b77e9aa6f857{ip: 192.168.69.122, host: trunk-nightly-20190917-29l5j-2509219610, networkLocation: /default-rack, certSerialId: null}. Reason : 76e9ed70-2a32-4a64-9388-b77e9aa6f857 has not seen follower/s f1727f7a-dfce-47cb-9d44-d863f6c274c0 for 133891ms 72845ddd-7944-416b-9dd2-35fcccd22f3d for 133894ms
2019-09-17 06:06:34,082 [EventQueue-PipelineActionsForPipelineActionHandler] INFO  pipeline.SCMPipelineManager (SCMPipelineManager.java:finalizeAndDestroyPipeline(311)) - destroying pipeline:Pipeline[ Id: f19de06e-3053-4ec9-9fdd-e83674309dfa, Nodes: 72845ddd-7944-416b-9dd2-35fcccd22f3d{ip: 192.168.69.122, host: trunk-nightly-20190917-29l5j-2509219610, networkLocation: /default-rack, certSerialId: null}76e9ed70-2a32-4a64-9388-b77e9aa6f857{ip: 192.168.69.122, host: trunk-nightly-20190917-29l5j-2509219610, networkLocation: /default-rack, certSerialId: null}f1727f7a-dfce-47cb-9d44-d863f6c274c0{ip: 192.168.69.122, host: trunk-nightly-20190917-29l5j-2509219610, networkLocation: /default-rack, certSerialId: null}, Type:RATIS, Factor:THREE, State:CLOSED]
2019-09-17 06:06:35,591 [org.apache.ratis.server.impl.LogAppender$AppenderDaemon$$Lambda$505/2035288324@121685a4] ERROR ratis.XceiverServerRatis (XceiverServerRatis.java:triggerPipelineClose(575)) - pipeline Action CLOSE  on pipeline PipelineID=f19de06e-3053-4ec9-9fdd-e83674309dfa.Reason : 76e9ed70-2a32-4a64-9388-b77e9aa6f857 has not seen follower/s f1727f7a-dfce-47cb-9d44-d863f6c274c0 for 136392ms 72845ddd-7944-416b-9dd2-35fcccd22f3d for 136395ms
2019-09-17 06:06:35,594 [org.apache.ratis.server.impl.LogAppender$AppenderDaemon$$Lambda$505/2035288324@7db14276] ERROR ratis.XceiverServerRatis (XceiverServerRatis.java:triggerPipelineClose(575)) - pipeline Action CLOSE  on pipeline PipelineID=f19de06e-3053-4ec9-9fdd-e83674309dfa.Reason : 76e9ed70-2a32-4a64-9388-b77e9aa6f857 has not seen follower/s f1727f7a-dfce-47cb-9d44-d863f6c274c0 for 136392ms 72845ddd-7944-416b-9dd2-35fcccd22f3d for 136395ms
2019-09-17 06:06:36,080 [EventQueue-PipelineActionsForPipelineActionHandler] ERROR pipeline.PipelineActionHandler (PipelineActionHandler.java:onMessage(60)) - Received pipeline action CLOSE for Pipeline[ Id: f19de06e-3053-4ec9-9fdd-e83674309dfa, Nodes: 72845ddd-7944-416b-9dd2-35fcccd22f3d{ip: 192.168.69.122, host: trunk-nightly-20190917-29l5j-2509219610, networkLocation: /default-rack, certSerialId: null}76e9ed70-2a32-4a64-9388-b77e9aa6f857{ip: 192.168.69.122, host: trunk-nightly-20190917-29l5j-2509219610, networkLocation: /default-rack, certSerialId: null}f1727f7a-dfce-47cb-9d44-d863f6c274c0{ip: 192.168.69.122, host: trunk-nightly-20190917-29l5j-2509219610, networkLocation: /default-rack, certSerialId: null}, Type:RATIS, Factor:THREE, State:CLOSED] from datanode 76e9ed70-2a32-4a64-9388-b77e9aa6f857{ip: 192.168.69.122, host: trunk-nightly-20190917-29l5j-2509219610, networkLocation: /default-rack, certSerialId: null}. Reason : 76e9ed70-2a32-4a64-9388-b77e9aa6f857 has not seen follower/s f1727f7a-dfce-47cb-9d44-d863f6c274c0 for 136392ms 72845ddd-7944-416b-9dd2-35fcccd22f3d for 136395ms
2019-09-17 06:06:36,081 [EventQueue-PipelineActionsForPipelineActionHandler] INFO  pipeline.SCMPipelineManager (SCMPipelineManager.java:finalizeAndDestroyPipeline(311)) - destroying pipeline:Pipeline[ Id: f19de06e-3053-4ec9-9fdd-e83674309dfa, Nodes: 72845ddd-7944-416b-9dd2-35fcccd22f3d{ip: 192.168.69.122, host: trunk-nightly-20190917-29l5j-2509219610, networkLocation: /default-rack, certSerialId: null}76e9ed70-2a32-4a64-9388-b77e9aa6f857{ip: 192.168.69.122, host: trunk-nightly-20190917-29l5j-2509219610, networkLocation: /default-rack, certSerialId: null}f1727f7a-dfce-47cb-9d44-d863f6c274c0{ip: 192.168.69.122, host: trunk-nightly-20190917-29l5j-2509219610, networkLocation: /default-rack, certSerialId: null}, Type:RATIS, Factor:THREE, State:CLOSED]
2019-09-17 06:06:36,089 [java.util.concurrent.ThreadPoolExecutor$Worker@5ad35b0c[State = -1, empty queue]] WARN  server.GrpcLogAppender (GrpcLogAppender.java:timeoutAppendRequest(200)) - 76e9ed70-2a32-4a64-9388-b77e9aa6f857@group-E83674309DFA->f1727f7a-dfce-47cb-9d44-d863f6c274c0-GrpcLogAppender: appendEntries Timeout, request=76e9ed70-2a32-4a64-9388-b77e9aa6f857->f1727f7a-dfce-47cb-9d44-d863f6c274c0#64-t1, previous=(t:1, i:10), leaderCommit=6, initializing? false, entries: <empty>
2019-09-17 06:06:36,089 [java.util.concurrent.ThreadPoolExecutor$Worker@698c243a[State = -1, empty queue]] WARN  server.GrpcLogAppender (GrpcLogAppender.java:timeoutAppendRequest(200)) - 76e9ed70-2a32-4a64-9388-b77e9aa6f857@group-E83674309DFA->72845ddd-7944-416b-9dd2-35fcccd22f3d-GrpcLogAppender: appendEntries Timeout, request=76e9ed70-2a32-4a64-9388-b77e9aa6f857->72845ddd-7944-416b-9dd2-35fcccd22f3d#64-t1, previous=(t:1, i:10), leaderCommit=6, initializing? false, entries: <empty>
2019-09-17 06:06:36,753 [grpc-default-executor-1] INFO  client.GrpcClientProtocolClient (GrpcClientProtocolClient.java:onNext(264)) - client-BBE8F4642F4E->72845ddd-7944-416b-9dd2-35fcccd22f3d: receive RaftClientReply:client-BBE8F4642F4E->72845ddd-7944-416b-9dd2-35fcccd22f3d@group-E83674309DFA, cid=21, FAILED org.apache.ratis.protocol.NotLeaderException: Server 72845ddd-7944-416b-9dd2-35fcccd22f3d@group-E83674309DFA is not the leader 76e9ed70-2a32-4a64-9388-b77e9aa6f857:192.168.69.122:43336, logIndex=0, commits[72845ddd-7944-416b-9dd2-35fcccd22f3d:c6, 76e9ed70-2a32-4a64-9388-b77e9aa6f857:c6, f1727f7a-dfce-47cb-9d44-d863f6c274c0:c4]
2019-09-17 06:06:38,091 [org.apache.ratis.server.impl.LogAppender$AppenderDaemon$$Lambda$505/2035288324@7db14276] ERROR ratis.XceiverServerRatis (XceiverServerRatis.java:triggerPipelineClose(575)) - pipeline Action CLOSE  on pipeline PipelineID=f19de06e-3053-4ec9-9fdd-e83674309dfa.Reason : 76e9ed70-2a32-4a64-9388-b77e9aa6f857 has not seen follower/s f1727f7a-dfce-47cb-9d44-d863f6c274c0 for 138893ms 72845ddd-7944-416b-9dd2-35fcccd22f3d for 138895ms
2019-09-17 06:06:38,092 [org.apache.ratis.server.impl.LogAppender$AppenderDaemon$$Lambda$505/2035288324@121685a4] ERROR ratis.XceiverServerRatis (XceiverServerRatis.java:triggerPipelineClose(575)) - pipeline Action CLOSE  on pipeline PipelineID=f19de06e-3053-4ec9-9fdd-e83674309dfa.Reason : 76e9ed70-2a32-4a64-9388-b77e9aa6f857 has not seen follower/s f1727f7a-dfce-47cb-9d44-d863f6c274c0 for 138893ms 72845ddd-7944-416b-9dd2-35fcccd22f3d for 138896ms
2019-09-17 06:06:38,591 [java.util.concurrent.ThreadPoolExecutor$Worker@698c243a[State = -1, empty queue]] WARN  server.GrpcLogAppender (GrpcLogAppender.java:timeoutAppendRequest(200)) - 76e9ed70-2a32-4a64-9388-b77e9aa6f857@group-E83674309DFA->72845ddd-7944-416b-9dd2-35fcccd22f3d-GrpcLogAppender: appendEntries Timeout, request=76e9ed70-2a32-4a64-9388-b77e9aa6f857->72845ddd-7944-416b-9dd2-35fcccd22f3d#65-t1, previous=(t:1, i:10), leaderCommit=6, initializing? false, entries: <empty>
2019-09-17 06:06:38,591 [java.util.concurrent.ThreadPoolExecutor$Worker@5ad35b0c[State = -1, empty queue]] WARN  server.GrpcLogAppender (GrpcLogAppender.java:timeoutAppendRequest(200)) - 76e9ed70-2a32-4a64-9388-b77e9aa6f857@group-E83674309DFA->f1727f7a-dfce-47cb-9d44-d863f6c274c0-GrpcLogAppender: appendEntries Timeout, request=76e9ed70-2a32-4a64-9388-b77e9aa6f857->f1727f7a-dfce-47cb-9d44-d863f6c274c0#65-t1, previous=(t:1, i:10), leaderCommit=6, initializing? false, entries: <empty>
2019-09-17 06:06:39,083 [EventQueue-PipelineActionsForPipelineActionHandler] ERROR pipeline.PipelineActionHandler (PipelineActionHandler.java:onMessage(60)) - Received pipeline action CLOSE for Pipeline[ Id: f19de06e-3053-4ec9-9fdd-e83674309dfa, Nodes: 72845ddd-7944-416b-9dd2-35fcccd22f3d{ip: 192.168.69.122, host: trunk-nightly-20190917-29l5j-2509219610, networkLocation: /default-rack, certSerialId: null}76e9ed70-2a32-4a64-9388-b77e9aa6f857{ip: 192.168.69.122, host: trunk-nightly-20190917-29l5j-2509219610, networkLocation: /default-rack, certSerialId: null}f1727f7a-dfce-47cb-9d44-d863f6c274c0{ip: 192.168.69.122, host: trunk-nightly-20190917-29l5j-2509219610, networkLocation: /default-rack, certSerialId: null}, Type:RATIS, Factor:THREE, State:CLOSED] from datanode 76e9ed70-2a32-4a64-9388-b77e9aa6f857{ip: 192.168.69.122, host: trunk-nightly-20190917-29l5j-2509219610, networkLocation: /default-rack, certSerialId: null}. Reason : 76e9ed70-2a32-4a64-9388-b77e9aa6f857 has not seen follower/s f1727f7a-dfce-47cb-9d44-d863f6c274c0 for 138893ms 72845ddd-7944-416b-9dd2-35fcccd22f3d for 138895ms
2019-09-17 06:06:39,083 [EventQueue-PipelineActionsForPipelineActionHandler] INFO  pipeline.SCMPipelineManager (SCMPipelineManager.java:finalizeAndDestroyPipeline(311)) - destroying pipeline:Pipeline[ Id: f19de06e-3053-4ec9-9fdd-e83674309dfa, Nodes: 72845ddd-7944-416b-9dd2-35fcccd22f3d{ip: 192.168.69.122, host: trunk-nightly-20190917-29l5j-2509219610, networkLocation: /default-rack, certSerialId: null}76e9ed70-2a32-4a64-9388-b77e9aa6f857{ip: 192.168.69.122, host: trunk-nightly-20190917-29l5j-2509219610, networkLocation: /default-rack, certSerialId: null}f1727f7a-dfce-47cb-9d44-d863f6c274c0{ip: 192.168.69.122, host: trunk-nightly-20190917-29l5j-2509219610, networkLocation: /default-rack, certSerialId: null}, Type:RATIS, Factor:THREE, State:CLOSED]
2019-09-17 06:06:40,072 [76e9ed70-2a32-4a64-9388-b77e9aa6f857@group-E83674309DFA-SegmentedRaftLogWorker] WARN  segmented.SegmentedRaftLogWorker (SegmentedRaftLogWorker.java:getFromFuture(90)) - Timeout 13/~
org.apache.ratis.protocol.TimeoutIOException: Timeout 10s: WriteLog:8: (t:1, i:8), STATEMACHINELOGENTRY, client-BBE8F4642F4E, cid=22-writeStateMachineData
	at org.apache.ratis.util.IOUtils.getFromFuture(IOUtils.java:87)
	at org.apache.ratis.server.raftlog.segmented.SegmentedRaftLogWorker$StateMachineDataPolicy.getFromFuture(SegmentedRaftLogWorker.java:87)
	at org.apache.ratis.server.raftlog.segmented.SegmentedRaftLogWorker$WriteLog.execute(SegmentedRaftLogWorker.java:477)
	at org.apache.ratis.server.raftlog.segmented.SegmentedRaftLogWorker.run(SegmentedRaftLogWorker.java:289)
	at java.lang.Thread.run(Thread.java:748)
Caused by: java.util.concurrent.TimeoutException
	at java.util.concurrent.CompletableFuture.timedGet(CompletableFuture.java:1771)
	at java.util.concurrent.CompletableFuture.get(CompletableFuture.java:1915)
	at org.apache.ratis.util.IOUtils.getFromFuture(IOUtils.java:79)
	... 4 more
2019-09-17 06:06:40,091 [f1727f7a-dfce-47cb-9d44-d863f6c274c0@group-E83674309DFA-SegmentedRaftLogWorker] WARN  segmented.SegmentedRaftLogWorker (SegmentedRaftLogWorker.java:getFromFuture(90)) - Timeout 13/~
org.apache.ratis.protocol.TimeoutIOException: Timeout 10s: WriteLog:8: (t:1, i:8), STATEMACHINELOGENTRY, client-BBE8F4642F4E, cid=22-writeStateMachineData
	at org.apache.ratis.util.IOUtils.getFromFuture(IOUtils.java:87)
	at org.apache.ratis.server.raftlog.segmented.SegmentedRaftLogWorker$StateMachineDataPolicy.getFromFuture(SegmentedRaftLogWorker.java:87)
	at org.apache.ratis.server.raftlog.segmented.SegmentedRaftLogWorker$WriteLog.execute(SegmentedRaftLogWorker.java:477)
	at org.apache.ratis.server.raftlog.segmented.SegmentedRaftLogWorker.run(SegmentedRaftLogWorker.java:289)
	at java.lang.Thread.run(Thread.java:748)
Caused by: java.util.concurrent.TimeoutException
	at java.util.concurrent.CompletableFuture.timedGet(CompletableFuture.java:1771)
	at java.util.concurrent.CompletableFuture.get(CompletableFuture.java:1915)
	at org.apache.ratis.util.IOUtils.getFromFuture(IOUtils.java:79)
	... 4 more
2019-09-17 06:06:40,094 [72845ddd-7944-416b-9dd2-35fcccd22f3d@group-E83674309DFA-SegmentedRaftLogWorker] WARN  segmented.SegmentedRaftLogWorker (SegmentedRaftLogWorker.java:getFromFuture(90)) - Timeout 13/~
org.apache.ratis.protocol.TimeoutIOException: Timeout 10s: WriteLog:8: (t:1, i:8), STATEMACHINELOGENTRY, client-BBE8F4642F4E, cid=22-writeStateMachineData
	at org.apache.ratis.util.IOUtils.getFromFuture(IOUtils.java:87)
	at org.apache.ratis.server.raftlog.segmented.SegmentedRaftLogWorker$StateMachineDataPolicy.getFromFuture(SegmentedRaftLogWorker.java:87)
	at org.apache.ratis.server.raftlog.segmented.SegmentedRaftLogWorker$WriteLog.execute(SegmentedRaftLogWorker.java:477)
	at org.apache.ratis.server.raftlog.segmented.SegmentedRaftLogWorker.run(SegmentedRaftLogWorker.java:289)
	at java.lang.Thread.run(Thread.java:748)
Caused by: java.util.concurrent.TimeoutException
	at java.util.concurrent.CompletableFuture.timedGet(CompletableFuture.java:1771)
	at java.util.concurrent.CompletableFuture.get(CompletableFuture.java:1915)
	at org.apache.ratis.util.IOUtils.getFromFuture(IOUtils.java:79)
	... 4 more
2019-09-17 06:06:40,593 [org.apache.ratis.server.impl.LogAppender$AppenderDaemon$$Lambda$505/2035288324@121685a4] ERROR ratis.XceiverServerRatis (XceiverServerRatis.java:triggerPipelineClose(575)) - pipeline Action CLOSE  on pipeline PipelineID=f19de06e-3053-4ec9-9fdd-e83674309dfa.Reason : 76e9ed70-2a32-4a64-9388-b77e9aa6f857 has not seen follower/s f1727f7a-dfce-47cb-9d44-d863f6c274c0 for 141394ms 72845ddd-7944-416b-9dd2-35fcccd22f3d for 141397ms
2019-09-17 06:06:40,593 [org.apache.ratis.server.impl.LogAppender$AppenderDaemon$$Lambda$505/2035288324@7db14276] ERROR ratis.XceiverServerRatis (XceiverServerRatis.java:triggerPipelineClose(575)) - pipeline Action CLOSE  on pipeline PipelineID=f19de06e-3053-4ec9-9fdd-e83674309dfa.Reason : 76e9ed70-2a32-4a64-9388-b77e9aa6f857 has not seen follower/s f1727f7a-dfce-47cb-9d44-d863f6c274c0 for 141394ms 72845ddd-7944-416b-9dd2-35fcccd22f3d for 141397ms
2019-09-17 06:06:41,082 [EventQueue-PipelineActionsForPipelineActionHandler] ERROR pipeline.PipelineActionHandler (PipelineActionHandler.java:onMessage(60)) - Received pipeline action CLOSE for Pipeline[ Id: f19de06e-3053-4ec9-9fdd-e83674309dfa, Nodes: 72845ddd-7944-416b-9dd2-35fcccd22f3d{ip: 192.168.69.122, host: trunk-nightly-20190917-29l5j-2509219610, networkLocation: /default-rack, certSerialId: null}76e9ed70-2a32-4a64-9388-b77e9aa6f857{ip: 192.168.69.122, host: trunk-nightly-20190917-29l5j-2509219610, networkLocation: /default-rack, certSerialId: null}f1727f7a-dfce-47cb-9d44-d863f6c274c0{ip: 192.168.69.122, host: trunk-nightly-20190917-29l5j-2509219610, networkLocation: /default-rack, certSerialId: null}, Type:RATIS, Factor:THREE, State:CLOSED] from datanode 76e9ed70-2a32-4a64-9388-b77e9aa6f857{ip: 192.168.69.122, host: trunk-nightly-20190917-29l5j-2509219610, networkLocation: /default-rack, certSerialId: null}. Reason : 76e9ed70-2a32-4a64-9388-b77e9aa6f857 has not seen follower/s f1727f7a-dfce-47cb-9d44-d863f6c274c0 for 141394ms 72845ddd-7944-416b-9dd2-35fcccd22f3d for 141397ms
2019-09-17 06:06:41,083 [EventQueue-PipelineActionsForPipelineActionHandler] INFO  pipeline.SCMPipelineManager (SCMPipelineManager.java:finalizeAndDestroyPipeline(311)) - destroying pipeline:Pipeline[ Id: f19de06e-3053-4ec9-9fdd-e83674309dfa, Nodes: 72845ddd-7944-416b-9dd2-35fcccd22f3d{ip: 192.168.69.122, host: trunk-nightly-20190917-29l5j-2509219610, networkLocation: /default-rack, certSerialId: null}76e9ed70-2a32-4a64-9388-b77e9aa6f857{ip: 192.168.69.122, host: trunk-nightly-20190917-29l5j-2509219610, networkLocation: /default-rack, certSerialId: null}f1727f7a-dfce-47cb-9d44-d863f6c274c0{ip: 192.168.69.122, host: trunk-nightly-20190917-29l5j-2509219610, networkLocation: /default-rack, certSerialId: null}, Type:RATIS, Factor:THREE, State:CLOSED]
2019-09-17 06:06:41,091 [java.util.concurrent.ThreadPoolExecutor$Worker@5ad35b0c[State = -1, empty queue]] WARN  server.GrpcLogAppender (GrpcLogAppender.java:timeoutAppendRequest(200)) - 76e9ed70-2a32-4a64-9388-b77e9aa6f857@group-E83674309DFA->f1727f7a-dfce-47cb-9d44-d863f6c274c0-GrpcLogAppender: appendEntries Timeout, request=76e9ed70-2a32-4a64-9388-b77e9aa6f857->f1727f7a-dfce-47cb-9d44-d863f6c274c0#66-t1, previous=(t:1, i:10), leaderCommit=6, initializing? false, entries: <empty>
2019-09-17 06:06:41,094 [java.util.concurrent.ThreadPoolExecutor$Worker@698c243a[State = -1, empty queue]] WARN  server.GrpcLogAppender (GrpcLogAppender.java:timeoutAppendRequest(200)) - 76e9ed70-2a32-4a64-9388-b77e9aa6f857@group-E83674309DFA->72845ddd-7944-416b-9dd2-35fcccd22f3d-GrpcLogAppender: appendEntries Timeout, request=76e9ed70-2a32-4a64-9388-b77e9aa6f857->72845ddd-7944-416b-9dd2-35fcccd22f3d#66-t1, previous=(t:1, i:10), leaderCommit=6, initializing? false, entries: <empty>
2019-09-17 06:06:41,814 [grpc-default-executor-1] INFO  client.GrpcClientProtocolClient (GrpcClientProtocolClient.java:onNext(264)) - client-BBE8F4642F4E->f1727f7a-dfce-47cb-9d44-d863f6c274c0: receive RaftClientReply:client-BBE8F4642F4E->f1727f7a-dfce-47cb-9d44-d863f6c274c0@group-E83674309DFA, cid=21, FAILED org.apache.ratis.protocol.NotLeaderException: Server f1727f7a-dfce-47cb-9d44-d863f6c274c0@group-E83674309DFA is not the leader 76e9ed70-2a32-4a64-9388-b77e9aa6f857:192.168.69.122:43336, logIndex=0, commits[f1727f7a-dfce-47cb-9d44-d863f6c274c0:c6, 76e9ed70-2a32-4a64-9388-b77e9aa6f857:c6, 72845ddd-7944-416b-9dd2-35fcccd22f3d:c4]
2019-09-17 06:06:43,095 [org.apache.ratis.server.impl.LogAppender$AppenderDaemon$$Lambda$505/2035288324@121685a4] ERROR ratis.XceiverServerRatis (XceiverServerRatis.java:triggerPipelineClose(575)) - pipeline Action CLOSE  on pipeline PipelineID=f19de06e-3053-4ec9-9fdd-e83674309dfa.Reason : 76e9ed70-2a32-4a64-9388-b77e9aa6f857 has not seen follower/s f1727f7a-dfce-47cb-9d44-d863f6c274c0 for 143896ms 72845ddd-7944-416b-9dd2-35fcccd22f3d for 143898ms
2019-09-17 06:06:43,095 [org.apache.ratis.server.impl.LogAppender$AppenderDaemon$$Lambda$505/2035288324@7db14276] ERROR ratis.XceiverServerRatis (XceiverServerRatis.java:triggerPipelineClose(575)) - pipeline Action CLOSE  on pipeline PipelineID=f19de06e-3053-4ec9-9fdd-e83674309dfa.Reason : 76e9ed70-2a32-4a64-9388-b77e9aa6f857 has not seen follower/s f1727f7a-dfce-47cb-9d44-d863f6c274c0 for 143896ms 72845ddd-7944-416b-9dd2-35fcccd22f3d for 143898ms
2019-09-17 06:06:43,593 [java.util.concurrent.ThreadPoolExecutor$Worker@698c243a[State = -1, empty queue]] WARN  server.GrpcLogAppender (GrpcLogAppender.java:timeoutAppendRequest(200)) - 76e9ed70-2a32-4a64-9388-b77e9aa6f857@group-E83674309DFA->72845ddd-7944-416b-9dd2-35fcccd22f3d-GrpcLogAppender: appendEntries Timeout, request=76e9ed70-2a32-4a64-9388-b77e9aa6f857->72845ddd-7944-416b-9dd2-35fcccd22f3d#67-t1, previous=(t:1, i:10), leaderCommit=6, initializing? false, entries: <empty>
2019-09-17 06:06:43,593 [java.util.concurrent.ThreadPoolExecutor$Worker@5ad35b0c[State = -1, empty queue]] WARN  server.GrpcLogAppender (GrpcLogAppender.java:timeoutAppendRequest(200)) - 76e9ed70-2a32-4a64-9388-b77e9aa6f857@group-E83674309DFA->f1727f7a-dfce-47cb-9d44-d863f6c274c0-GrpcLogAppender: appendEntries Timeout, request=76e9ed70-2a32-4a64-9388-b77e9aa6f857->f1727f7a-dfce-47cb-9d44-d863f6c274c0#67-t1, previous=(t:1, i:10), leaderCommit=6, initializing? false, entries: <empty>
2019-09-17 06:06:44,087 [EventQueue-PipelineActionsForPipelineActionHandler] ERROR pipeline.PipelineActionHandler (PipelineActionHandler.java:onMessage(60)) - Received pipeline action CLOSE for Pipeline[ Id: f19de06e-3053-4ec9-9fdd-e83674309dfa, Nodes: 72845ddd-7944-416b-9dd2-35fcccd22f3d{ip: 192.168.69.122, host: trunk-nightly-20190917-29l5j-2509219610, networkLocation: /default-rack, certSerialId: null}76e9ed70-2a32-4a64-9388-b77e9aa6f857{ip: 192.168.69.122, host: trunk-nightly-20190917-29l5j-2509219610, networkLocation: /default-rack, certSerialId: null}f1727f7a-dfce-47cb-9d44-d863f6c274c0{ip: 192.168.69.122, host: trunk-nightly-20190917-29l5j-2509219610, networkLocation: /default-rack, certSerialId: null}, Type:RATIS, Factor:THREE, State:CLOSED] from datanode 76e9ed70-2a32-4a64-9388-b77e9aa6f857{ip: 192.168.69.122, host: trunk-nightly-20190917-29l5j-2509219610, networkLocation: /default-rack, certSerialId: null}. Reason : 76e9ed70-2a32-4a64-9388-b77e9aa6f857 has not seen follower/s f1727f7a-dfce-47cb-9d44-d863f6c274c0 for 143896ms 72845ddd-7944-416b-9dd2-35fcccd22f3d for 143898ms
2019-09-17 06:06:44,088 [EventQueue-PipelineActionsForPipelineActionHandler] INFO  pipeline.SCMPipelineManager (SCMPipelineManager.java:finalizeAndDestroyPipeline(311)) - destroying pipeline:Pipeline[ Id: f19de06e-3053-4ec9-9fdd-e83674309dfa, Nodes: 72845ddd-7944-416b-9dd2-35fcccd22f3d{ip: 192.168.69.122, host: trunk-nightly-20190917-29l5j-2509219610, networkLocation: /default-rack, certSerialId: null}76e9ed70-2a32-4a64-9388-b77e9aa6f857{ip: 192.168.69.122, host: trunk-nightly-20190917-29l5j-2509219610, networkLocation: /default-rack, certSerialId: null}f1727f7a-dfce-47cb-9d44-d863f6c274c0{ip: 192.168.69.122, host: trunk-nightly-20190917-29l5j-2509219610, networkLocation: /default-rack, certSerialId: null}, Type:RATIS, Factor:THREE, State:CLOSED]
2019-09-17 06:06:45,596 [org.apache.ratis.server.impl.LogAppender$AppenderDaemon$$Lambda$505/2035288324@7db14276] ERROR ratis.XceiverServerRatis (XceiverServerRatis.java:triggerPipelineClose(575)) - pipeline Action CLOSE  on pipeline PipelineID=f19de06e-3053-4ec9-9fdd-e83674309dfa.Reason : 76e9ed70-2a32-4a64-9388-b77e9aa6f857 has not seen follower/s f1727f7a-dfce-47cb-9d44-d863f6c274c0 for 146397ms 72845ddd-7944-416b-9dd2-35fcccd22f3d for 146400ms
2019-09-17 06:06:45,596 [org.apache.ratis.server.impl.LogAppender$AppenderDaemon$$Lambda$505/2035288324@121685a4] ERROR ratis.XceiverServerRatis (XceiverServerRatis.java:triggerPipelineClose(575)) - pipeline Action CLOSE  on pipeline PipelineID=f19de06e-3053-4ec9-9fdd-e83674309dfa.Reason : 76e9ed70-2a32-4a64-9388-b77e9aa6f857 has not seen follower/s f1727f7a-dfce-47cb-9d44-d863f6c274c0 for 146397ms 72845ddd-7944-416b-9dd2-35fcccd22f3d for 146400ms
2019-09-17 06:06:46,083 [EventQueue-PipelineActionsForPipelineActionHandler] ERROR pipeline.PipelineActionHandler (PipelineActionHandler.java:onMessage(60)) - Received pipeline action CLOSE for Pipeline[ Id: f19de06e-3053-4ec9-9fdd-e83674309dfa, Nodes: 72845ddd-7944-416b-9dd2-35fcccd22f3d{ip: 192.168.69.122, host: trunk-nightly-20190917-29l5j-2509219610, networkLocation: /default-rack, certSerialId: null}76e9ed70-2a32-4a64-9388-b77e9aa6f857{ip: 192.168.69.122, host: trunk-nightly-20190917-29l5j-2509219610, networkLocation: /default-rack, certSerialId: null}f1727f7a-dfce-47cb-9d44-d863f6c274c0{ip: 192.168.69.122, host: trunk-nightly-20190917-29l5j-2509219610, networkLocation: /default-rack, certSerialId: null}, Type:RATIS, Factor:THREE, State:CLOSED] from datanode 76e9ed70-2a32-4a64-9388-b77e9aa6f857{ip: 192.168.69.122, host: trunk-nightly-20190917-29l5j-2509219610, networkLocation: /default-rack, certSerialId: null}. Reason : 76e9ed70-2a32-4a64-9388-b77e9aa6f857 has not seen follower/s f1727f7a-dfce-47cb-9d44-d863f6c274c0 for 146397ms 72845ddd-7944-416b-9dd2-35fcccd22f3d for 146400ms
2019-09-17 06:06:46,083 [EventQueue-PipelineActionsForPipelineActionHandler] INFO  pipeline.SCMPipelineManager (SCMPipelineManager.java:finalizeAndDestroyPipeline(311)) - destroying pipeline:Pipeline[ Id: f19de06e-3053-4ec9-9fdd-e83674309dfa, Nodes: 72845ddd-7944-416b-9dd2-35fcccd22f3d{ip: 192.168.69.122, host: trunk-nightly-20190917-29l5j-2509219610, networkLocation: /default-rack, certSerialId: null}76e9ed70-2a32-4a64-9388-b77e9aa6f857{ip: 192.168.69.122, host: trunk-nightly-20190917-29l5j-2509219610, networkLocation: /default-rack, certSerialId: null}f1727f7a-dfce-47cb-9d44-d863f6c274c0{ip: 192.168.69.122, host: trunk-nightly-20190917-29l5j-2509219610, networkLocation: /default-rack, certSerialId: null}, Type:RATIS, Factor:THREE, State:CLOSED]
2019-09-17 06:06:46,094 [java.util.concurrent.ThreadPoolExecutor$Worker@698c243a[State = -1, empty queue]] WARN  server.GrpcLogAppender (GrpcLogAppender.java:timeoutAppendRequest(200)) - 76e9ed70-2a32-4a64-9388-b77e9aa6f857@group-E83674309DFA->72845ddd-7944-416b-9dd2-35fcccd22f3d-GrpcLogAppender: appendEntries Timeout, request=76e9ed70-2a32-4a64-9388-b77e9aa6f857->72845ddd-7944-416b-9dd2-35fcccd22f3d#68-t1, previous=(t:1, i:10), leaderCommit=6, initializing? false, entries: <empty>
2019-09-17 06:06:46,094 [java.util.concurrent.ThreadPoolExecutor$Worker@5ad35b0c[State = -1, empty queue]] WARN  server.GrpcLogAppender (GrpcLogAppender.java:timeoutAppendRequest(200)) - 76e9ed70-2a32-4a64-9388-b77e9aa6f857@group-E83674309DFA->f1727f7a-dfce-47cb-9d44-d863f6c274c0-GrpcLogAppender: appendEntries Timeout, request=76e9ed70-2a32-4a64-9388-b77e9aa6f857->f1727f7a-dfce-47cb-9d44-d863f6c274c0#68-t1, previous=(t:1, i:10), leaderCommit=6, initializing? false, entries: <empty>
2019-09-17 06:06:46,901 [grpc-default-executor-1] INFO  client.GrpcClientProtocolClient (GrpcClientProtocolClient.java:onNext(264)) - client-BBE8F4642F4E->72845ddd-7944-416b-9dd2-35fcccd22f3d: receive RaftClientReply:client-BBE8F4642F4E->72845ddd-7944-416b-9dd2-35fcccd22f3d@group-E83674309DFA, cid=21, FAILED org.apache.ratis.protocol.NotLeaderException: Server 72845ddd-7944-416b-9dd2-35fcccd22f3d@group-E83674309DFA is not the leader 76e9ed70-2a32-4a64-9388-b77e9aa6f857:192.168.69.122:43336, logIndex=0, commits[72845ddd-7944-416b-9dd2-35fcccd22f3d:c6, 76e9ed70-2a32-4a64-9388-b77e9aa6f857:c6, f1727f7a-dfce-47cb-9d44-d863f6c274c0:c4]
2019-09-17 06:06:48,097 [org.apache.ratis.server.impl.LogAppender$AppenderDaemon$$Lambda$505/2035288324@121685a4] ERROR ratis.XceiverServerRatis (XceiverServerRatis.java:triggerPipelineClose(575)) - pipeline Action CLOSE  on pipeline PipelineID=f19de06e-3053-4ec9-9fdd-e83674309dfa.Reason : 76e9ed70-2a32-4a64-9388-b77e9aa6f857 has not seen follower/s f1727f7a-dfce-47cb-9d44-d863f6c274c0 for 148898ms 72845ddd-7944-416b-9dd2-35fcccd22f3d for 148901ms
2019-09-17 06:06:48,097 [org.apache.ratis.server.impl.LogAppender$AppenderDaemon$$Lambda$505/2035288324@7db14276] ERROR ratis.XceiverServerRatis (XceiverServerRatis.java:triggerPipelineClose(575)) - pipeline Action CLOSE  on pipeline PipelineID=f19de06e-3053-4ec9-9fdd-e83674309dfa.Reason : 76e9ed70-2a32-4a64-9388-b77e9aa6f857 has not seen follower/s f1727f7a-dfce-47cb-9d44-d863f6c274c0 for 148898ms 72845ddd-7944-416b-9dd2-35fcccd22f3d for 148901ms
2019-09-17 06:06:48,596 [java.util.concurrent.ThreadPoolExecutor$Worker@698c243a[State = -1, empty queue]] WARN  server.GrpcLogAppender (GrpcLogAppender.java:timeoutAppendRequest(200)) - 76e9ed70-2a32-4a64-9388-b77e9aa6f857@group-E83674309DFA->72845ddd-7944-416b-9dd2-35fcccd22f3d-GrpcLogAppender: appendEntries Timeout, request=76e9ed70-2a32-4a64-9388-b77e9aa6f857->72845ddd-7944-416b-9dd2-35fcccd22f3d#69-t1, previous=(t:1, i:10), leaderCommit=6, initializing? false, entries: <empty>
2019-09-17 06:06:48,596 [java.util.concurrent.ThreadPoolExecutor$Worker@5ad35b0c[State = -1, empty queue]] WARN  server.GrpcLogAppender (GrpcLogAppender.java:timeoutAppendRequest(200)) - 76e9ed70-2a32-4a64-9388-b77e9aa6f857@group-E83674309DFA->f1727f7a-dfce-47cb-9d44-d863f6c274c0-GrpcLogAppender: appendEntries Timeout, request=76e9ed70-2a32-4a64-9388-b77e9aa6f857->f1727f7a-dfce-47cb-9d44-d863f6c274c0#69-t1, previous=(t:1, i:10), leaderCommit=6, initializing? false, entries: <empty>
2019-09-17 06:06:49,086 [EventQueue-PipelineActionsForPipelineActionHandler] ERROR pipeline.PipelineActionHandler (PipelineActionHandler.java:onMessage(60)) - Received pipeline action CLOSE for Pipeline[ Id: f19de06e-3053-4ec9-9fdd-e83674309dfa, Nodes: 72845ddd-7944-416b-9dd2-35fcccd22f3d{ip: 192.168.69.122, host: trunk-nightly-20190917-29l5j-2509219610, networkLocation: /default-rack, certSerialId: null}76e9ed70-2a32-4a64-9388-b77e9aa6f857{ip: 192.168.69.122, host: trunk-nightly-20190917-29l5j-2509219610, networkLocation: /default-rack, certSerialId: null}f1727f7a-dfce-47cb-9d44-d863f6c274c0{ip: 192.168.69.122, host: trunk-nightly-20190917-29l5j-2509219610, networkLocation: /default-rack, certSerialId: null}, Type:RATIS, Factor:THREE, State:CLOSED] from datanode 76e9ed70-2a32-4a64-9388-b77e9aa6f857{ip: 192.168.69.122, host: trunk-nightly-20190917-29l5j-2509219610, networkLocation: /default-rack, certSerialId: null}. Reason : 76e9ed70-2a32-4a64-9388-b77e9aa6f857 has not seen follower/s f1727f7a-dfce-47cb-9d44-d863f6c274c0 for 148898ms 72845ddd-7944-416b-9dd2-35fcccd22f3d for 148901ms
2019-09-17 06:06:49,087 [EventQueue-PipelineActionsForPipelineActionHandler] INFO  pipeline.SCMPipelineManager (SCMPipelineManager.java:finalizeAndDestroyPipeline(311)) - destroying pipeline:Pipeline[ Id: f19de06e-3053-4ec9-9fdd-e83674309dfa, Nodes: 72845ddd-7944-416b-9dd2-35fcccd22f3d{ip: 192.168.69.122, host: trunk-nightly-20190917-29l5j-2509219610, networkLocation: /default-rack, certSerialId: null}76e9ed70-2a32-4a64-9388-b77e9aa6f857{ip: 192.168.69.122, host: trunk-nightly-20190917-29l5j-2509219610, networkLocation: /default-rack, certSerialId: null}f1727f7a-dfce-47cb-9d44-d863f6c274c0{ip: 192.168.69.122, host: trunk-nightly-20190917-29l5j-2509219610, networkLocation: /default-rack, certSerialId: null}, Type:RATIS, Factor:THREE, State:CLOSED]
2019-09-17 06:06:50,077 [76e9ed70-2a32-4a64-9388-b77e9aa6f857@group-E83674309DFA-SegmentedRaftLogWorker] WARN  segmented.SegmentedRaftLogWorker (SegmentedRaftLogWorker.java:getFromFuture(90)) - Timeout 14/~
org.apache.ratis.protocol.TimeoutIOException: Timeout 10s: WriteLog:8: (t:1, i:8), STATEMACHINELOGENTRY, client-BBE8F4642F4E, cid=22-writeStateMachineData
	at org.apache.ratis.util.IOUtils.getFromFuture(IOUtils.java:87)
	at org.apache.ratis.server.raftlog.segmented.SegmentedRaftLogWorker$StateMachineDataPolicy.getFromFuture(SegmentedRaftLogWorker.java:87)
	at org.apache.ratis.server.raftlog.segmented.SegmentedRaftLogWorker$WriteLog.execute(SegmentedRaftLogWorker.java:477)
	at org.apache.ratis.server.raftlog.segmented.SegmentedRaftLogWorker.run(SegmentedRaftLogWorker.java:289)
	at java.lang.Thread.run(Thread.java:748)
Caused by: java.util.concurrent.TimeoutException
	at java.util.concurrent.CompletableFuture.timedGet(CompletableFuture.java:1771)
	at java.util.concurrent.CompletableFuture.get(CompletableFuture.java:1915)
	at org.apache.ratis.util.IOUtils.getFromFuture(IOUtils.java:79)
	... 4 more
2019-09-17 06:06:50,094 [f1727f7a-dfce-47cb-9d44-d863f6c274c0@group-E83674309DFA-SegmentedRaftLogWorker] WARN  segmented.SegmentedRaftLogWorker (SegmentedRaftLogWorker.java:getFromFuture(90)) - Timeout 14/~
org.apache.ratis.protocol.TimeoutIOException: Timeout 10s: WriteLog:8: (t:1, i:8), STATEMACHINELOGENTRY, client-BBE8F4642F4E, cid=22-writeStateMachineData
	at org.apache.ratis.util.IOUtils.getFromFuture(IOUtils.java:87)
	at org.apache.ratis.server.raftlog.segmented.SegmentedRaftLogWorker$StateMachineDataPolicy.getFromFuture(SegmentedRaftLogWorker.java:87)
	at org.apache.ratis.server.raftlog.segmented.SegmentedRaftLogWorker$WriteLog.execute(SegmentedRaftLogWorker.java:477)
	at org.apache.ratis.server.raftlog.segmented.SegmentedRaftLogWorker.run(SegmentedRaftLogWorker.java:289)
	at java.lang.Thread.run(Thread.java:748)
Caused by: java.util.concurrent.TimeoutException
	at java.util.concurrent.CompletableFuture.timedGet(CompletableFuture.java:1771)
	at java.util.concurrent.CompletableFuture.get(CompletableFuture.java:1915)
	at org.apache.ratis.util.IOUtils.getFromFuture(IOUtils.java:79)
	... 4 more
2019-09-17 06:06:50,095 [72845ddd-7944-416b-9dd2-35fcccd22f3d@group-E83674309DFA-SegmentedRaftLogWorker] WARN  segmented.SegmentedRaftLogWorker (SegmentedRaftLogWorker.java:getFromFuture(90)) - Timeout 14/~
org.apache.ratis.protocol.TimeoutIOException: Timeout 10s: WriteLog:8: (t:1, i:8), STATEMACHINELOGENTRY, client-BBE8F4642F4E, cid=22-writeStateMachineData
	at org.apache.ratis.util.IOUtils.getFromFuture(IOUtils.java:87)
	at org.apache.ratis.server.raftlog.segmented.SegmentedRaftLogWorker$StateMachineDataPolicy.getFromFuture(SegmentedRaftLogWorker.java:87)
	at org.apache.ratis.server.raftlog.segmented.SegmentedRaftLogWorker$WriteLog.execute(SegmentedRaftLogWorker.java:477)
	at org.apache.ratis.server.raftlog.segmented.SegmentedRaftLogWorker.run(SegmentedRaftLogWorker.java:289)
	at java.lang.Thread.run(Thread.java:748)
Caused by: java.util.concurrent.TimeoutException
	at java.util.concurrent.CompletableFuture.timedGet(CompletableFuture.java:1771)
	at java.util.concurrent.CompletableFuture.get(CompletableFuture.java:1915)
	at org.apache.ratis.util.IOUtils.getFromFuture(IOUtils.java:79)
	... 4 more
2019-09-17 06:06:50,598 [org.apache.ratis.server.impl.LogAppender$AppenderDaemon$$Lambda$505/2035288324@121685a4] ERROR ratis.XceiverServerRatis (XceiverServerRatis.java:triggerPipelineClose(575)) - pipeline Action CLOSE  on pipeline PipelineID=f19de06e-3053-4ec9-9fdd-e83674309dfa.Reason : 76e9ed70-2a32-4a64-9388-b77e9aa6f857 has not seen follower/s f1727f7a-dfce-47cb-9d44-d863f6c274c0 for 151399ms 72845ddd-7944-416b-9dd2-35fcccd22f3d for 151402ms
2019-09-17 06:06:50,598 [org.apache.ratis.server.impl.LogAppender$AppenderDaemon$$Lambda$505/2035288324@7db14276] ERROR ratis.XceiverServerRatis (XceiverServerRatis.java:triggerPipelineClose(575)) - pipeline Action CLOSE  on pipeline PipelineID=f19de06e-3053-4ec9-9fdd-e83674309dfa.Reason : 76e9ed70-2a32-4a64-9388-b77e9aa6f857 has not seen follower/s f1727f7a-dfce-47cb-9d44-d863f6c274c0 for 151399ms 72845ddd-7944-416b-9dd2-35fcccd22f3d for 151402ms
2019-09-17 06:06:51,085 [EventQueue-PipelineActionsForPipelineActionHandler] ERROR pipeline.PipelineActionHandler (PipelineActionHandler.java:onMessage(60)) - Received pipeline action CLOSE for Pipeline[ Id: f19de06e-3053-4ec9-9fdd-e83674309dfa, Nodes: 72845ddd-7944-416b-9dd2-35fcccd22f3d{ip: 192.168.69.122, host: trunk-nightly-20190917-29l5j-2509219610, networkLocation: /default-rack, certSerialId: null}76e9ed70-2a32-4a64-9388-b77e9aa6f857{ip: 192.168.69.122, host: trunk-nightly-20190917-29l5j-2509219610, networkLocation: /default-rack, certSerialId: null}f1727f7a-dfce-47cb-9d44-d863f6c274c0{ip: 192.168.69.122, host: trunk-nightly-20190917-29l5j-2509219610, networkLocation: /default-rack, certSerialId: null}, Type:RATIS, Factor:THREE, State:CLOSED] from datanode 76e9ed70-2a32-4a64-9388-b77e9aa6f857{ip: 192.168.69.122, host: trunk-nightly-20190917-29l5j-2509219610, networkLocation: /default-rack, certSerialId: null}. Reason : 76e9ed70-2a32-4a64-9388-b77e9aa6f857 has not seen follower/s f1727f7a-dfce-47cb-9d44-d863f6c274c0 for 151399ms 72845ddd-7944-416b-9dd2-35fcccd22f3d for 151402ms
2019-09-17 06:06:51,085 [EventQueue-PipelineActionsForPipelineActionHandler] INFO  pipeline.SCMPipelineManager (SCMPipelineManager.java:finalizeAndDestroyPipeline(311)) - destroying pipeline:Pipeline[ Id: f19de06e-3053-4ec9-9fdd-e83674309dfa, Nodes: 72845ddd-7944-416b-9dd2-35fcccd22f3d{ip: 192.168.69.122, host: trunk-nightly-20190917-29l5j-2509219610, networkLocation: /default-rack, certSerialId: null}76e9ed70-2a32-4a64-9388-b77e9aa6f857{ip: 192.168.69.122, host: trunk-nightly-20190917-29l5j-2509219610, networkLocation: /default-rack, certSerialId: null}f1727f7a-dfce-47cb-9d44-d863f6c274c0{ip: 192.168.69.122, host: trunk-nightly-20190917-29l5j-2509219610, networkLocation: /default-rack, certSerialId: null}, Type:RATIS, Factor:THREE, State:CLOSED]
2019-09-17 06:06:51,097 [java.util.concurrent.ThreadPoolExecutor$Worker@5ad35b0c[State = -1, empty queue]] WARN  server.GrpcLogAppender (GrpcLogAppender.java:timeoutAppendRequest(200)) - 76e9ed70-2a32-4a64-9388-b77e9aa6f857@group-E83674309DFA->f1727f7a-dfce-47cb-9d44-d863f6c274c0-GrpcLogAppender: appendEntries Timeout, request=76e9ed70-2a32-4a64-9388-b77e9aa6f857->f1727f7a-dfce-47cb-9d44-d863f6c274c0#70-t1, previous=(t:1, i:10), leaderCommit=6, initializing? false, entries: <empty>
2019-09-17 06:06:51,097 [java.util.concurrent.ThreadPoolExecutor$Worker@698c243a[State = -1, empty queue]] WARN  server.GrpcLogAppender (GrpcLogAppender.java:timeoutAppendRequest(200)) - 76e9ed70-2a32-4a64-9388-b77e9aa6f857@group-E83674309DFA->72845ddd-7944-416b-9dd2-35fcccd22f3d-GrpcLogAppender: appendEntries Timeout, request=76e9ed70-2a32-4a64-9388-b77e9aa6f857->72845ddd-7944-416b-9dd2-35fcccd22f3d#70-t1, previous=(t:1, i:10), leaderCommit=6, initializing? false, entries: <empty>
2019-09-17 06:06:51,971 [grpc-default-executor-1] INFO  client.GrpcClientProtocolClient (GrpcClientProtocolClient.java:onNext(264)) - client-BBE8F4642F4E->f1727f7a-dfce-47cb-9d44-d863f6c274c0: receive RaftClientReply:client-BBE8F4642F4E->f1727f7a-dfce-47cb-9d44-d863f6c274c0@group-E83674309DFA, cid=21, FAILED org.apache.ratis.protocol.NotLeaderException: Server f1727f7a-dfce-47cb-9d44-d863f6c274c0@group-E83674309DFA is not the leader 76e9ed70-2a32-4a64-9388-b77e9aa6f857:192.168.69.122:43336, logIndex=0, commits[f1727f7a-dfce-47cb-9d44-d863f6c274c0:c6, 76e9ed70-2a32-4a64-9388-b77e9aa6f857:c6, 72845ddd-7944-416b-9dd2-35fcccd22f3d:c4]
2019-09-17 06:06:53,099 [org.apache.ratis.server.impl.LogAppender$AppenderDaemon$$Lambda$505/2035288324@7db14276] ERROR ratis.XceiverServerRatis (XceiverServerRatis.java:triggerPipelineClose(575)) - pipeline Action CLOSE  on pipeline PipelineID=f19de06e-3053-4ec9-9fdd-e83674309dfa.Reason : 76e9ed70-2a32-4a64-9388-b77e9aa6f857 has not seen follower/s f1727f7a-dfce-47cb-9d44-d863f6c274c0 for 153900ms 72845ddd-7944-416b-9dd2-35fcccd22f3d for 153903ms
2019-09-17 06:06:53,099 [org.apache.ratis.server.impl.LogAppender$AppenderDaemon$$Lambda$505/2035288324@121685a4] ERROR ratis.XceiverServerRatis (XceiverServerRatis.java:triggerPipelineClose(575)) - pipeline Action CLOSE  on pipeline PipelineID=f19de06e-3053-4ec9-9fdd-e83674309dfa.Reason : 76e9ed70-2a32-4a64-9388-b77e9aa6f857 has not seen follower/s f1727f7a-dfce-47cb-9d44-d863f6c274c0 for 153900ms 72845ddd-7944-416b-9dd2-35fcccd22f3d for 153903ms
2019-09-17 06:06:53,598 [java.util.concurrent.ThreadPoolExecutor$Worker@5ad35b0c[State = -1, empty queue]] WARN  server.GrpcLogAppender (GrpcLogAppender.java:timeoutAppendRequest(200)) - 76e9ed70-2a32-4a64-9388-b77e9aa6f857@group-E83674309DFA->f1727f7a-dfce-47cb-9d44-d863f6c274c0-GrpcLogAppender: appendEntries Timeout, request=76e9ed70-2a32-4a64-9388-b77e9aa6f857->f1727f7a-dfce-47cb-9d44-d863f6c274c0#71-t1, previous=(t:1, i:10), leaderCommit=6, initializing? false, entries: <empty>
2019-09-17 06:06:53,598 [java.util.concurrent.ThreadPoolExecutor$Worker@698c243a[State = -1, empty queue]] WARN  server.GrpcLogAppender (GrpcLogAppender.java:timeoutAppendRequest(200)) - 76e9ed70-2a32-4a64-9388-b77e9aa6f857@group-E83674309DFA->72845ddd-7944-416b-9dd2-35fcccd22f3d-GrpcLogAppender: appendEntries Timeout, request=76e9ed70-2a32-4a64-9388-b77e9aa6f857->72845ddd-7944-416b-9dd2-35fcccd22f3d#71-t1, previous=(t:1, i:10), leaderCommit=6, initializing? false, entries: <empty>
2019-09-17 06:06:54,085 [EventQueue-PipelineActionsForPipelineActionHandler] ERROR pipeline.PipelineActionHandler (PipelineActionHandler.java:onMessage(60)) - Received pipeline action CLOSE for Pipeline[ Id: f19de06e-3053-4ec9-9fdd-e83674309dfa, Nodes: 72845ddd-7944-416b-9dd2-35fcccd22f3d{ip: 192.168.69.122, host: trunk-nightly-20190917-29l5j-2509219610, networkLocation: /default-rack, certSerialId: null}76e9ed70-2a32-4a64-9388-b77e9aa6f857{ip: 192.168.69.122, host: trunk-nightly-20190917-29l5j-2509219610, networkLocation: /default-rack, certSerialId: null}f1727f7a-dfce-47cb-9d44-d863f6c274c0{ip: 192.168.69.122, host: trunk-nightly-20190917-29l5j-2509219610, networkLocation: /default-rack, certSerialId: null}, Type:RATIS, Factor:THREE, State:CLOSED] from datanode 76e9ed70-2a32-4a64-9388-b77e9aa6f857{ip: 192.168.69.122, host: trunk-nightly-20190917-29l5j-2509219610, networkLocation: /default-rack, certSerialId: null}. Reason : 76e9ed70-2a32-4a64-9388-b77e9aa6f857 has not seen follower/s f1727f7a-dfce-47cb-9d44-d863f6c274c0 for 153900ms 72845ddd-7944-416b-9dd2-35fcccd22f3d for 153903ms
2019-09-17 06:06:54,086 [EventQueue-PipelineActionsForPipelineActionHandler] INFO  pipeline.SCMPipelineManager (SCMPipelineManager.java:finalizeAndDestroyPipeline(311)) - destroying pipeline:Pipeline[ Id: f19de06e-3053-4ec9-9fdd-e83674309dfa, Nodes: 72845ddd-7944-416b-9dd2-35fcccd22f3d{ip: 192.168.69.122, host: trunk-nightly-20190917-29l5j-2509219610, networkLocation: /default-rack, certSerialId: null}76e9ed70-2a32-4a64-9388-b77e9aa6f857{ip: 192.168.69.122, host: trunk-nightly-20190917-29l5j-2509219610, networkLocation: /default-rack, certSerialId: null}f1727f7a-dfce-47cb-9d44-d863f6c274c0{ip: 192.168.69.122, host: trunk-nightly-20190917-29l5j-2509219610, networkLocation: /default-rack, certSerialId: null}, Type:RATIS, Factor:THREE, State:CLOSED]
2019-09-17 06:06:55,599 [org.apache.ratis.server.impl.LogAppender$AppenderDaemon$$Lambda$505/2035288324@7db14276] ERROR ratis.XceiverServerRatis (XceiverServerRatis.java:triggerPipelineClose(575)) - pipeline Action CLOSE  on pipeline PipelineID=f19de06e-3053-4ec9-9fdd-e83674309dfa.Reason : 76e9ed70-2a32-4a64-9388-b77e9aa6f857 has not seen follower/s f1727f7a-dfce-47cb-9d44-d863f6c274c0 for 156400ms 72845ddd-7944-416b-9dd2-35fcccd22f3d for 156403ms
2019-09-17 06:06:55,600 [org.apache.ratis.server.impl.LogAppender$AppenderDaemon$$Lambda$505/2035288324@121685a4] ERROR ratis.XceiverServerRatis (XceiverServerRatis.java:triggerPipelineClose(575)) - pipeline Action CLOSE  on pipeline PipelineID=f19de06e-3053-4ec9-9fdd-e83674309dfa.Reason : 76e9ed70-2a32-4a64-9388-b77e9aa6f857 has not seen follower/s f1727f7a-dfce-47cb-9d44-d863f6c274c0 for 156401ms 72845ddd-7944-416b-9dd2-35fcccd22f3d for 156404ms
2019-09-17 06:06:56,086 [EventQueue-PipelineActionsForPipelineActionHandler] ERROR pipeline.PipelineActionHandler (PipelineActionHandler.java:onMessage(60)) - Received pipeline action CLOSE for Pipeline[ Id: f19de06e-3053-4ec9-9fdd-e83674309dfa, Nodes: 72845ddd-7944-416b-9dd2-35fcccd22f3d{ip: 192.168.69.122, host: trunk-nightly-20190917-29l5j-2509219610, networkLocation: /default-rack, certSerialId: null}76e9ed70-2a32-4a64-9388-b77e9aa6f857{ip: 192.168.69.122, host: trunk-nightly-20190917-29l5j-2509219610, networkLocation: /default-rack, certSerialId: null}f1727f7a-dfce-47cb-9d44-d863f6c274c0{ip: 192.168.69.122, host: trunk-nightly-20190917-29l5j-2509219610, networkLocation: /default-rack, certSerialId: null}, Type:RATIS, Factor:THREE, State:CLOSED] from datanode 76e9ed70-2a32-4a64-9388-b77e9aa6f857{ip: 192.168.69.122, host: trunk-nightly-20190917-29l5j-2509219610, networkLocation: /default-rack, certSerialId: null}. Reason : 76e9ed70-2a32-4a64-9388-b77e9aa6f857 has not seen follower/s f1727f7a-dfce-47cb-9d44-d863f6c274c0 for 156400ms 72845ddd-7944-416b-9dd2-35fcccd22f3d for 156403ms
2019-09-17 06:06:56,086 [EventQueue-PipelineActionsForPipelineActionHandler] INFO  pipeline.SCMPipelineManager (SCMPipelineManager.java:finalizeAndDestroyPipeline(311)) - destroying pipeline:Pipeline[ Id: f19de06e-3053-4ec9-9fdd-e83674309dfa, Nodes: 72845ddd-7944-416b-9dd2-35fcccd22f3d{ip: 192.168.69.122, host: trunk-nightly-20190917-29l5j-2509219610, networkLocation: /default-rack, certSerialId: null}76e9ed70-2a32-4a64-9388-b77e9aa6f857{ip: 192.168.69.122, host: trunk-nightly-20190917-29l5j-2509219610, networkLocation: /default-rack, certSerialId: null}f1727f7a-dfce-47cb-9d44-d863f6c274c0{ip: 192.168.69.122, host: trunk-nightly-20190917-29l5j-2509219610, networkLocation: /default-rack, certSerialId: null}, Type:RATIS, Factor:THREE, State:CLOSED]
2019-09-17 06:06:56,099 [java.util.concurrent.ThreadPoolExecutor$Worker@5ad35b0c[State = -1, empty queue]] WARN  server.GrpcLogAppender (GrpcLogAppender.java:timeoutAppendRequest(200)) - 76e9ed70-2a32-4a64-9388-b77e9aa6f857@group-E83674309DFA->f1727f7a-dfce-47cb-9d44-d863f6c274c0-GrpcLogAppender: appendEntries Timeout, request=76e9ed70-2a32-4a64-9388-b77e9aa6f857->f1727f7a-dfce-47cb-9d44-d863f6c274c0#72-t1, previous=(t:1, i:10), leaderCommit=6, initializing? false, entries: <empty>
2019-09-17 06:06:56,099 [java.util.concurrent.ThreadPoolExecutor$Worker@698c243a[State = -1, empty queue]] WARN  server.GrpcLogAppender (GrpcLogAppender.java:timeoutAppendRequest(200)) - 76e9ed70-2a32-4a64-9388-b77e9aa6f857@group-E83674309DFA->72845ddd-7944-416b-9dd2-35fcccd22f3d-GrpcLogAppender: appendEntries Timeout, request=76e9ed70-2a32-4a64-9388-b77e9aa6f857->72845ddd-7944-416b-9dd2-35fcccd22f3d#72-t1, previous=(t:1, i:10), leaderCommit=6, initializing? false, entries: <empty>
2019-09-17 06:06:57,060 [grpc-default-executor-1] INFO  client.GrpcClientProtocolClient (GrpcClientProtocolClient.java:onNext(264)) - client-BBE8F4642F4E->72845ddd-7944-416b-9dd2-35fcccd22f3d: receive RaftClientReply:client-BBE8F4642F4E->72845ddd-7944-416b-9dd2-35fcccd22f3d@group-E83674309DFA, cid=21, FAILED org.apache.ratis.protocol.NotLeaderException: Server 72845ddd-7944-416b-9dd2-35fcccd22f3d@group-E83674309DFA is not the leader 76e9ed70-2a32-4a64-9388-b77e9aa6f857:192.168.69.122:43336, logIndex=0, commits[72845ddd-7944-416b-9dd2-35fcccd22f3d:c6, 76e9ed70-2a32-4a64-9388-b77e9aa6f857:c6, f1727f7a-dfce-47cb-9d44-d863f6c274c0:c4]
2019-09-17 06:06:58,100 [org.apache.ratis.server.impl.LogAppender$AppenderDaemon$$Lambda$505/2035288324@7db14276] ERROR ratis.XceiverServerRatis (XceiverServerRatis.java:triggerPipelineClose(575)) - pipeline Action CLOSE  on pipeline PipelineID=f19de06e-3053-4ec9-9fdd-e83674309dfa.Reason : 76e9ed70-2a32-4a64-9388-b77e9aa6f857 has not seen follower/s f1727f7a-dfce-47cb-9d44-d863f6c274c0 for 158901ms 72845ddd-7944-416b-9dd2-35fcccd22f3d for 158904ms
2019-09-17 06:06:58,101 [org.apache.ratis.server.impl.LogAppender$AppenderDaemon$$Lambda$505/2035288324@121685a4] ERROR ratis.XceiverServerRatis (XceiverServerRatis.java:triggerPipelineClose(575)) - pipeline Action CLOSE  on pipeline PipelineID=f19de06e-3053-4ec9-9fdd-e83674309dfa.Reason : 76e9ed70-2a32-4a64-9388-b77e9aa6f857 has not seen follower/s f1727f7a-dfce-47cb-9d44-d863f6c274c0 for 158902ms 72845ddd-7944-416b-9dd2-35fcccd22f3d for 158905ms
2019-09-17 06:06:58,599 [java.util.concurrent.ThreadPoolExecutor$Worker@5ad35b0c[State = -1, empty queue]] WARN  server.GrpcLogAppender (GrpcLogAppender.java:timeoutAppendRequest(200)) - 76e9ed70-2a32-4a64-9388-b77e9aa6f857@group-E83674309DFA->f1727f7a-dfce-47cb-9d44-d863f6c274c0-GrpcLogAppender: appendEntries Timeout, request=76e9ed70-2a32-4a64-9388-b77e9aa6f857->f1727f7a-dfce-47cb-9d44-d863f6c274c0#73-t1, previous=(t:1, i:10), leaderCommit=6, initializing? false, entries: <empty>
2019-09-17 06:06:58,600 [java.util.concurrent.ThreadPoolExecutor$Worker@698c243a[State = -1, empty queue]] WARN  server.GrpcLogAppender (GrpcLogAppender.java:timeoutAppendRequest(200)) - 76e9ed70-2a32-4a64-9388-b77e9aa6f857@group-E83674309DFA->72845ddd-7944-416b-9dd2-35fcccd22f3d-GrpcLogAppender: appendEntries Timeout, request=76e9ed70-2a32-4a64-9388-b77e9aa6f857->72845ddd-7944-416b-9dd2-35fcccd22f3d#73-t1, previous=(t:1, i:10), leaderCommit=6, initializing? false, entries: <empty>
2019-09-17 06:06:59,091 [EventQueue-PipelineActionsForPipelineActionHandler] ERROR pipeline.PipelineActionHandler (PipelineActionHandler.java:onMessage(60)) - Received pipeline action CLOSE for Pipeline[ Id: f19de06e-3053-4ec9-9fdd-e83674309dfa, Nodes: 72845ddd-7944-416b-9dd2-35fcccd22f3d{ip: 192.168.69.122, host: trunk-nightly-20190917-29l5j-2509219610, networkLocation: /default-rack, certSerialId: null}76e9ed70-2a32-4a64-9388-b77e9aa6f857{ip: 192.168.69.122, host: trunk-nightly-20190917-29l5j-2509219610, networkLocation: /default-rack, certSerialId: null}f1727f7a-dfce-47cb-9d44-d863f6c274c0{ip: 192.168.69.122, host: trunk-nightly-20190917-29l5j-2509219610, networkLocation: /default-rack, certSerialId: null}, Type:RATIS, Factor:THREE, State:CLOSED] from datanode 76e9ed70-2a32-4a64-9388-b77e9aa6f857{ip: 192.168.69.122, host: trunk-nightly-20190917-29l5j-2509219610, networkLocation: /default-rack, certSerialId: null}. Reason : 76e9ed70-2a32-4a64-9388-b77e9aa6f857 has not seen follower/s f1727f7a-dfce-47cb-9d44-d863f6c274c0 for 158901ms 72845ddd-7944-416b-9dd2-35fcccd22f3d for 158904ms
2019-09-17 06:06:59,091 [EventQueue-PipelineActionsForPipelineActionHandler] INFO  pipeline.SCMPipelineManager (SCMPipelineManager.java:finalizeAndDestroyPipeline(311)) - destroying pipeline:Pipeline[ Id: f19de06e-3053-4ec9-9fdd-e83674309dfa, Nodes: 72845ddd-7944-416b-9dd2-35fcccd22f3d{ip: 192.168.69.122, host: trunk-nightly-20190917-29l5j-2509219610, networkLocation: /default-rack, certSerialId: null}76e9ed70-2a32-4a64-9388-b77e9aa6f857{ip: 192.168.69.122, host: trunk-nightly-20190917-29l5j-2509219610, networkLocation: /default-rack, certSerialId: null}f1727f7a-dfce-47cb-9d44-d863f6c274c0{ip: 192.168.69.122, host: trunk-nightly-20190917-29l5j-2509219610, networkLocation: /default-rack, certSerialId: null}, Type:RATIS, Factor:THREE, State:CLOSED]
2019-09-17 06:07:00,083 [76e9ed70-2a32-4a64-9388-b77e9aa6f857@group-E83674309DFA-SegmentedRaftLogWorker] WARN  segmented.SegmentedRaftLogWorker (SegmentedRaftLogWorker.java:getFromFuture(90)) - Timeout 15/~
org.apache.ratis.protocol.TimeoutIOException: Timeout 10s: WriteLog:8: (t:1, i:8), STATEMACHINELOGENTRY, client-BBE8F4642F4E, cid=22-writeStateMachineData
	at org.apache.ratis.util.IOUtils.getFromFuture(IOUtils.java:87)
	at org.apache.ratis.server.raftlog.segmented.SegmentedRaftLogWorker$StateMachineDataPolicy.getFromFuture(SegmentedRaftLogWorker.java:87)
	at org.apache.ratis.server.raftlog.segmented.SegmentedRaftLogWorker$WriteLog.execute(SegmentedRaftLogWorker.java:477)
	at org.apache.ratis.server.raftlog.segmented.SegmentedRaftLogWorker.run(SegmentedRaftLogWorker.java:289)
	at java.lang.Thread.run(Thread.java:748)
Caused by: java.util.concurrent.TimeoutException
	at java.util.concurrent.CompletableFuture.timedGet(CompletableFuture.java:1771)
	at java.util.concurrent.CompletableFuture.get(CompletableFuture.java:1915)
	at org.apache.ratis.util.IOUtils.getFromFuture(IOUtils.java:79)
	... 4 more
2019-09-17 06:07:00,095 [f1727f7a-dfce-47cb-9d44-d863f6c274c0@group-E83674309DFA-SegmentedRaftLogWorker] WARN  segmented.SegmentedRaftLogWorker (SegmentedRaftLogWorker.java:getFromFuture(90)) - Timeout 15/~
org.apache.ratis.protocol.TimeoutIOException: Timeout 10s: WriteLog:8: (t:1, i:8), STATEMACHINELOGENTRY, client-BBE8F4642F4E, cid=22-writeStateMachineData
	at org.apache.ratis.util.IOUtils.getFromFuture(IOUtils.java:87)
	at org.apache.ratis.server.raftlog.segmented.SegmentedRaftLogWorker$StateMachineDataPolicy.getFromFuture(SegmentedRaftLogWorker.java:87)
	at org.apache.ratis.server.raftlog.segmented.SegmentedRaftLogWorker$WriteLog.execute(SegmentedRaftLogWorker.java:477)
	at org.apache.ratis.server.raftlog.segmented.SegmentedRaftLogWorker.run(SegmentedRaftLogWorker.java:289)
	at java.lang.Thread.run(Thread.java:748)
Caused by: java.util.concurrent.TimeoutException
	at java.util.concurrent.CompletableFuture.timedGet(CompletableFuture.java:1771)
	at java.util.concurrent.CompletableFuture.get(CompletableFuture.java:1915)
	at org.apache.ratis.util.IOUtils.getFromFuture(IOUtils.java:79)
	... 4 more
2019-09-17 06:07:00,117 [72845ddd-7944-416b-9dd2-35fcccd22f3d@group-E83674309DFA-SegmentedRaftLogWorker] WARN  segmented.SegmentedRaftLogWorker (SegmentedRaftLogWorker.java:getFromFuture(90)) - Timeout 15/~
org.apache.ratis.protocol.TimeoutIOException: Timeout 10s: WriteLog:8: (t:1, i:8), STATEMACHINELOGENTRY, client-BBE8F4642F4E, cid=22-writeStateMachineData
	at org.apache.ratis.util.IOUtils.getFromFuture(IOUtils.java:87)
	at org.apache.ratis.server.raftlog.segmented.SegmentedRaftLogWorker$StateMachineDataPolicy.getFromFuture(SegmentedRaftLogWorker.java:87)
	at org.apache.ratis.server.raftlog.segmented.SegmentedRaftLogWorker$WriteLog.execute(SegmentedRaftLogWorker.java:477)
	at org.apache.ratis.server.raftlog.segmented.SegmentedRaftLogWorker.run(SegmentedRaftLogWorker.java:289)
	at java.lang.Thread.run(Thread.java:748)
Caused by: java.util.concurrent.TimeoutException
	at java.util.concurrent.CompletableFuture.timedGet(CompletableFuture.java:1771)
	at java.util.concurrent.CompletableFuture.get(CompletableFuture.java:1915)
	at org.apache.ratis.util.IOUtils.getFromFuture(IOUtils.java:79)
	... 4 more
2019-09-17 06:07:00,601 [org.apache.ratis.server.impl.LogAppender$AppenderDaemon$$Lambda$505/2035288324@7db14276] ERROR ratis.XceiverServerRatis (XceiverServerRatis.java:triggerPipelineClose(575)) - pipeline Action CLOSE  on pipeline PipelineID=f19de06e-3053-4ec9-9fdd-e83674309dfa.Reason : 76e9ed70-2a32-4a64-9388-b77e9aa6f857 has not seen follower/s f1727f7a-dfce-47cb-9d44-d863f6c274c0 for 161402ms 72845ddd-7944-416b-9dd2-35fcccd22f3d for 161405ms
2019-09-17 06:07:00,602 [org.apache.ratis.server.impl.LogAppender$AppenderDaemon$$Lambda$505/2035288324@121685a4] ERROR ratis.XceiverServerRatis (XceiverServerRatis.java:triggerPipelineClose(575)) - pipeline Action CLOSE  on pipeline PipelineID=f19de06e-3053-4ec9-9fdd-e83674309dfa.Reason : 76e9ed70-2a32-4a64-9388-b77e9aa6f857 has not seen follower/s f1727f7a-dfce-47cb-9d44-d863f6c274c0 for 161403ms 72845ddd-7944-416b-9dd2-35fcccd22f3d for 161406ms
2019-09-17 06:07:01,096 [EventQueue-PipelineActionsForPipelineActionHandler] ERROR pipeline.PipelineActionHandler (PipelineActionHandler.java:onMessage(60)) - Received pipeline action CLOSE for Pipeline[ Id: f19de06e-3053-4ec9-9fdd-e83674309dfa, Nodes: 72845ddd-7944-416b-9dd2-35fcccd22f3d{ip: 192.168.69.122, host: trunk-nightly-20190917-29l5j-2509219610, networkLocation: /default-rack, certSerialId: null}76e9ed70-2a32-4a64-9388-b77e9aa6f857{ip: 192.168.69.122, host: trunk-nightly-20190917-29l5j-2509219610, networkLocation: /default-rack, certSerialId: null}f1727f7a-dfce-47cb-9d44-d863f6c274c0{ip: 192.168.69.122, host: trunk-nightly-20190917-29l5j-2509219610, networkLocation: /default-rack, certSerialId: null}, Type:RATIS, Factor:THREE, State:CLOSED] from datanode 76e9ed70-2a32-4a64-9388-b77e9aa6f857{ip: 192.168.69.122, host: trunk-nightly-20190917-29l5j-2509219610, networkLocation: /default-rack, certSerialId: null}. Reason : 76e9ed70-2a32-4a64-9388-b77e9aa6f857 has not seen follower/s f1727f7a-dfce-47cb-9d44-d863f6c274c0 for 161402ms 72845ddd-7944-416b-9dd2-35fcccd22f3d for 161405ms
2019-09-17 06:07:01,097 [EventQueue-PipelineActionsForPipelineActionHandler] INFO  pipeline.SCMPipelineManager (SCMPipelineManager.java:finalizeAndDestroyPipeline(311)) - destroying pipeline:Pipeline[ Id: f19de06e-3053-4ec9-9fdd-e83674309dfa, Nodes: 72845ddd-7944-416b-9dd2-35fcccd22f3d{ip: 192.168.69.122, host: trunk-nightly-20190917-29l5j-2509219610, networkLocation: /default-rack, certSerialId: null}76e9ed70-2a32-4a64-9388-b77e9aa6f857{ip: 192.168.69.122, host: trunk-nightly-20190917-29l5j-2509219610, networkLocation: /default-rack, certSerialId: null}f1727f7a-dfce-47cb-9d44-d863f6c274c0{ip: 192.168.69.122, host: trunk-nightly-20190917-29l5j-2509219610, networkLocation: /default-rack, certSerialId: null}, Type:RATIS, Factor:THREE, State:CLOSED]
2019-09-17 06:07:01,100 [java.util.concurrent.ThreadPoolExecutor$Worker@5ad35b0c[State = -1, empty queue]] WARN  server.GrpcLogAppender (GrpcLogAppender.java:timeoutAppendRequest(200)) - 76e9ed70-2a32-4a64-9388-b77e9aa6f857@group-E83674309DFA->f1727f7a-dfce-47cb-9d44-d863f6c274c0-GrpcLogAppender: appendEntries Timeout, request=76e9ed70-2a32-4a64-9388-b77e9aa6f857->f1727f7a-dfce-47cb-9d44-d863f6c274c0#74-t1, previous=(t:1, i:10), leaderCommit=6, initializing? false, entries: <empty>
2019-09-17 06:07:01,105 [java.util.concurrent.ThreadPoolExecutor$Worker@698c243a[State = -1, empty queue]] WARN  server.GrpcLogAppender (GrpcLogAppender.java:timeoutAppendRequest(200)) - 76e9ed70-2a32-4a64-9388-b77e9aa6f857@group-E83674309DFA->72845ddd-7944-416b-9dd2-35fcccd22f3d-GrpcLogAppender: appendEntries Timeout, request=76e9ed70-2a32-4a64-9388-b77e9aa6f857->72845ddd-7944-416b-9dd2-35fcccd22f3d#74-t1, previous=(t:1, i:10), leaderCommit=6, initializing? false, entries: <empty>
2019-09-17 06:07:02,131 [grpc-default-executor-1] INFO  client.GrpcClientProtocolClient (GrpcClientProtocolClient.java:onNext(264)) - client-BBE8F4642F4E->f1727f7a-dfce-47cb-9d44-d863f6c274c0: receive RaftClientReply:client-BBE8F4642F4E->f1727f7a-dfce-47cb-9d44-d863f6c274c0@group-E83674309DFA, cid=21, FAILED org.apache.ratis.protocol.NotLeaderException: Server f1727f7a-dfce-47cb-9d44-d863f6c274c0@group-E83674309DFA is not the leader 76e9ed70-2a32-4a64-9388-b77e9aa6f857:192.168.69.122:43336, logIndex=0, commits[f1727f7a-dfce-47cb-9d44-d863f6c274c0:c6, 76e9ed70-2a32-4a64-9388-b77e9aa6f857:c6, 72845ddd-7944-416b-9dd2-35fcccd22f3d:c4]
2019-09-17 06:07:03,103 [org.apache.ratis.server.impl.LogAppender$AppenderDaemon$$Lambda$505/2035288324@7db14276] ERROR ratis.XceiverServerRatis (XceiverServerRatis.java:triggerPipelineClose(575)) - pipeline Action CLOSE  on pipeline PipelineID=f19de06e-3053-4ec9-9fdd-e83674309dfa.Reason : 76e9ed70-2a32-4a64-9388-b77e9aa6f857 has not seen follower/s f1727f7a-dfce-47cb-9d44-d863f6c274c0 for 163904ms 72845ddd-7944-416b-9dd2-35fcccd22f3d for 163906ms
2019-09-17 06:07:03,103 [org.apache.ratis.server.impl.LogAppender$AppenderDaemon$$Lambda$505/2035288324@121685a4] ERROR ratis.XceiverServerRatis (XceiverServerRatis.java:triggerPipelineClose(575)) - pipeline Action CLOSE  on pipeline PipelineID=f19de06e-3053-4ec9-9fdd-e83674309dfa.Reason : 76e9ed70-2a32-4a64-9388-b77e9aa6f857 has not seen follower/s f1727f7a-dfce-47cb-9d44-d863f6c274c0 for 163904ms 72845ddd-7944-416b-9dd2-35fcccd22f3d for 163907ms
2019-09-17 06:07:03,601 [java.util.concurrent.ThreadPoolExecutor$Worker@5ad35b0c[State = -1, empty queue]] WARN  server.GrpcLogAppender (GrpcLogAppender.java:timeoutAppendRequest(200)) - 76e9ed70-2a32-4a64-9388-b77e9aa6f857@group-E83674309DFA->f1727f7a-dfce-47cb-9d44-d863f6c274c0-GrpcLogAppender: appendEntries Timeout, request=76e9ed70-2a32-4a64-9388-b77e9aa6f857->f1727f7a-dfce-47cb-9d44-d863f6c274c0#75-t1, previous=(t:1, i:10), leaderCommit=6, initializing? false, entries: <empty>
2019-09-17 06:07:03,602 [java.util.concurrent.ThreadPoolExecutor$Worker@698c243a[State = -1, empty queue]] WARN  server.GrpcLogAppender (GrpcLogAppender.java:timeoutAppendRequest(200)) - 76e9ed70-2a32-4a64-9388-b77e9aa6f857@group-E83674309DFA->72845ddd-7944-416b-9dd2-35fcccd22f3d-GrpcLogAppender: appendEntries Timeout, request=76e9ed70-2a32-4a64-9388-b77e9aa6f857->72845ddd-7944-416b-9dd2-35fcccd22f3d#75-t1, previous=(t:1, i:10), leaderCommit=6, initializing? false, entries: <empty>
2019-09-17 06:07:04,093 [EventQueue-PipelineActionsForPipelineActionHandler] ERROR pipeline.PipelineActionHandler (PipelineActionHandler.java:onMessage(60)) - Received pipeline action CLOSE for Pipeline[ Id: f19de06e-3053-4ec9-9fdd-e83674309dfa, Nodes: 72845ddd-7944-416b-9dd2-35fcccd22f3d{ip: 192.168.69.122, host: trunk-nightly-20190917-29l5j-2509219610, networkLocation: /default-rack, certSerialId: null}76e9ed70-2a32-4a64-9388-b77e9aa6f857{ip: 192.168.69.122, host: trunk-nightly-20190917-29l5j-2509219610, networkLocation: /default-rack, certSerialId: null}f1727f7a-dfce-47cb-9d44-d863f6c274c0{ip: 192.168.69.122, host: trunk-nightly-20190917-29l5j-2509219610, networkLocation: /default-rack, certSerialId: null}, Type:RATIS, Factor:THREE, State:CLOSED] from datanode 76e9ed70-2a32-4a64-9388-b77e9aa6f857{ip: 192.168.69.122, host: trunk-nightly-20190917-29l5j-2509219610, networkLocation: /default-rack, certSerialId: null}. Reason : 76e9ed70-2a32-4a64-9388-b77e9aa6f857 has not seen follower/s f1727f7a-dfce-47cb-9d44-d863f6c274c0 for 163904ms 72845ddd-7944-416b-9dd2-35fcccd22f3d for 163906ms
2019-09-17 06:07:04,093 [EventQueue-PipelineActionsForPipelineActionHandler] INFO  pipeline.SCMPipelineManager (SCMPipelineManager.java:finalizeAndDestroyPipeline(311)) - destroying pipeline:Pipeline[ Id: f19de06e-3053-4ec9-9fdd-e83674309dfa, Nodes: 72845ddd-7944-416b-9dd2-35fcccd22f3d{ip: 192.168.69.122, host: trunk-nightly-20190917-29l5j-2509219610, networkLocation: /default-rack, certSerialId: null}76e9ed70-2a32-4a64-9388-b77e9aa6f857{ip: 192.168.69.122, host: trunk-nightly-20190917-29l5j-2509219610, networkLocation: /default-rack, certSerialId: null}f1727f7a-dfce-47cb-9d44-d863f6c274c0{ip: 192.168.69.122, host: trunk-nightly-20190917-29l5j-2509219610, networkLocation: /default-rack, certSerialId: null}, Type:RATIS, Factor:THREE, State:CLOSED]
2019-09-17 06:07:05,605 [org.apache.ratis.server.impl.LogAppender$AppenderDaemon$$Lambda$505/2035288324@7db14276] ERROR ratis.XceiverServerRatis (XceiverServerRatis.java:triggerPipelineClose(575)) - pipeline Action CLOSE  on pipeline PipelineID=f19de06e-3053-4ec9-9fdd-e83674309dfa.Reason : 76e9ed70-2a32-4a64-9388-b77e9aa6f857 has not seen follower/s f1727f7a-dfce-47cb-9d44-d863f6c274c0 for 166406ms 72845ddd-7944-416b-9dd2-35fcccd22f3d for 166409ms
2019-09-17 06:07:05,605 [org.apache.ratis.server.impl.LogAppender$AppenderDaemon$$Lambda$505/2035288324@121685a4] ERROR ratis.XceiverServerRatis (XceiverServerRatis.java:triggerPipelineClose(575)) - pipeline Action CLOSE  on pipeline PipelineID=f19de06e-3053-4ec9-9fdd-e83674309dfa.Reason : 76e9ed70-2a32-4a64-9388-b77e9aa6f857 has not seen follower/s f1727f7a-dfce-47cb-9d44-d863f6c274c0 for 166406ms 72845ddd-7944-416b-9dd2-35fcccd22f3d for 166409ms
2019-09-17 06:07:06,094 [EventQueue-PipelineActionsForPipelineActionHandler] ERROR pipeline.PipelineActionHandler (PipelineActionHandler.java:onMessage(60)) - Received pipeline action CLOSE for Pipeline[ Id: f19de06e-3053-4ec9-9fdd-e83674309dfa, Nodes: 72845ddd-7944-416b-9dd2-35fcccd22f3d{ip: 192.168.69.122, host: trunk-nightly-20190917-29l5j-2509219610, networkLocation: /default-rack, certSerialId: null}76e9ed70-2a32-4a64-9388-b77e9aa6f857{ip: 192.168.69.122, host: trunk-nightly-20190917-29l5j-2509219610, networkLocation: /default-rack, certSerialId: null}f1727f7a-dfce-47cb-9d44-d863f6c274c0{ip: 192.168.69.122, host: trunk-nightly-20190917-29l5j-2509219610, networkLocation: /default-rack, certSerialId: null}, Type:RATIS, Factor:THREE, State:CLOSED] from datanode 76e9ed70-2a32-4a64-9388-b77e9aa6f857{ip: 192.168.69.122, host: trunk-nightly-20190917-29l5j-2509219610, networkLocation: /default-rack, certSerialId: null}. Reason : 76e9ed70-2a32-4a64-9388-b77e9aa6f857 has not seen follower/s f1727f7a-dfce-47cb-9d44-d863f6c274c0 for 166406ms 72845ddd-7944-416b-9dd2-35fcccd22f3d for 166409ms
2019-09-17 06:07:06,094 [EventQueue-PipelineActionsForPipelineActionHandler] INFO  pipeline.SCMPipelineManager (SCMPipelineManager.java:finalizeAndDestroyPipeline(311)) - destroying pipeline:Pipeline[ Id: f19de06e-3053-4ec9-9fdd-e83674309dfa, Nodes: 72845ddd-7944-416b-9dd2-35fcccd22f3d{ip: 192.168.69.122, host: trunk-nightly-20190917-29l5j-2509219610, networkLocation: /default-rack, certSerialId: null}76e9ed70-2a32-4a64-9388-b77e9aa6f857{ip: 192.168.69.122, host: trunk-nightly-20190917-29l5j-2509219610, networkLocation: /default-rack, certSerialId: null}f1727f7a-dfce-47cb-9d44-d863f6c274c0{ip: 192.168.69.122, host: trunk-nightly-20190917-29l5j-2509219610, networkLocation: /default-rack, certSerialId: null}, Type:RATIS, Factor:THREE, State:CLOSED]
2019-09-17 06:07:06,103 [java.util.concurrent.ThreadPoolExecutor$Worker@5ad35b0c[State = -1, empty queue]] WARN  server.GrpcLogAppender (GrpcLogAppender.java:timeoutAppendRequest(200)) - 76e9ed70-2a32-4a64-9388-b77e9aa6f857@group-E83674309DFA->f1727f7a-dfce-47cb-9d44-d863f6c274c0-GrpcLogAppender: appendEntries Timeout, request=76e9ed70-2a32-4a64-9388-b77e9aa6f857->f1727f7a-dfce-47cb-9d44-d863f6c274c0#76-t1, previous=(t:1, i:10), leaderCommit=6, initializing? false, entries: <empty>
2019-09-17 06:07:06,103 [java.util.concurrent.ThreadPoolExecutor$Worker@698c243a[State = -1, empty queue]] WARN  server.GrpcLogAppender (GrpcLogAppender.java:timeoutAppendRequest(200)) - 76e9ed70-2a32-4a64-9388-b77e9aa6f857@group-E83674309DFA->72845ddd-7944-416b-9dd2-35fcccd22f3d-GrpcLogAppender: appendEntries Timeout, request=76e9ed70-2a32-4a64-9388-b77e9aa6f857->72845ddd-7944-416b-9dd2-35fcccd22f3d#76-t1, previous=(t:1, i:10), leaderCommit=6, initializing? false, entries: <empty>
2019-09-17 06:07:07,190 [grpc-default-executor-1] INFO  client.GrpcClientProtocolClient (GrpcClientProtocolClient.java:onNext(264)) - client-BBE8F4642F4E->72845ddd-7944-416b-9dd2-35fcccd22f3d: receive RaftClientReply:client-BBE8F4642F4E->72845ddd-7944-416b-9dd2-35fcccd22f3d@group-E83674309DFA, cid=21, FAILED org.apache.ratis.protocol.NotLeaderException: Server 72845ddd-7944-416b-9dd2-35fcccd22f3d@group-E83674309DFA is not the leader 76e9ed70-2a32-4a64-9388-b77e9aa6f857:192.168.69.122:43336, logIndex=0, commits[72845ddd-7944-416b-9dd2-35fcccd22f3d:c6, 76e9ed70-2a32-4a64-9388-b77e9aa6f857:c6, f1727f7a-dfce-47cb-9d44-d863f6c274c0:c4]
2019-09-17 06:07:08,106 [org.apache.ratis.server.impl.LogAppender$AppenderDaemon$$Lambda$505/2035288324@121685a4] ERROR ratis.XceiverServerRatis (XceiverServerRatis.java:triggerPipelineClose(575)) - pipeline Action CLOSE  on pipeline PipelineID=f19de06e-3053-4ec9-9fdd-e83674309dfa.Reason : 76e9ed70-2a32-4a64-9388-b77e9aa6f857 has not seen follower/s f1727f7a-dfce-47cb-9d44-d863f6c274c0 for 168907ms 72845ddd-7944-416b-9dd2-35fcccd22f3d for 168910ms
2019-09-17 06:07:08,106 [org.apache.ratis.server.impl.LogAppender$AppenderDaemon$$Lambda$505/2035288324@7db14276] ERROR ratis.XceiverServerRatis (XceiverServerRatis.java:triggerPipelineClose(575)) - pipeline Action CLOSE  on pipeline PipelineID=f19de06e-3053-4ec9-9fdd-e83674309dfa.Reason : 76e9ed70-2a32-4a64-9388-b77e9aa6f857 has not seen follower/s f1727f7a-dfce-47cb-9d44-d863f6c274c0 for 168907ms 72845ddd-7944-416b-9dd2-35fcccd22f3d for 168910ms
2019-09-17 06:07:08,605 [java.util.concurrent.ThreadPoolExecutor$Worker@5ad35b0c[State = -1, empty queue]] WARN  server.GrpcLogAppender (GrpcLogAppender.java:timeoutAppendRequest(200)) - 76e9ed70-2a32-4a64-9388-b77e9aa6f857@group-E83674309DFA->f1727f7a-dfce-47cb-9d44-d863f6c274c0-GrpcLogAppender: appendEntries Timeout, request=76e9ed70-2a32-4a64-9388-b77e9aa6f857->f1727f7a-dfce-47cb-9d44-d863f6c274c0#77-t1, previous=(t:1, i:10), leaderCommit=6, initializing? false, entries: <empty>
2019-09-17 06:07:08,605 [java.util.concurrent.ThreadPoolExecutor$Worker@698c243a[State = -1, empty queue]] WARN  server.GrpcLogAppender (GrpcLogAppender.java:timeoutAppendRequest(200)) - 76e9ed70-2a32-4a64-9388-b77e9aa6f857@group-E83674309DFA->72845ddd-7944-416b-9dd2-35fcccd22f3d-GrpcLogAppender: appendEntries Timeout, request=76e9ed70-2a32-4a64-9388-b77e9aa6f857->72845ddd-7944-416b-9dd2-35fcccd22f3d#77-t1, previous=(t:1, i:10), leaderCommit=6, initializing? false, entries: <empty>
2019-09-17 06:07:09,094 [EventQueue-PipelineActionsForPipelineActionHandler] ERROR pipeline.PipelineActionHandler (PipelineActionHandler.java:onMessage(60)) - Received pipeline action CLOSE for Pipeline[ Id: f19de06e-3053-4ec9-9fdd-e83674309dfa, Nodes: 72845ddd-7944-416b-9dd2-35fcccd22f3d{ip: 192.168.69.122, host: trunk-nightly-20190917-29l5j-2509219610, networkLocation: /default-rack, certSerialId: null}76e9ed70-2a32-4a64-9388-b77e9aa6f857{ip: 192.168.69.122, host: trunk-nightly-20190917-29l5j-2509219610, networkLocation: /default-rack, certSerialId: null}f1727f7a-dfce-47cb-9d44-d863f6c274c0{ip: 192.168.69.122, host: trunk-nightly-20190917-29l5j-2509219610, networkLocation: /default-rack, certSerialId: null}, Type:RATIS, Factor:THREE, State:CLOSED] from datanode 76e9ed70-2a32-4a64-9388-b77e9aa6f857{ip: 192.168.69.122, host: trunk-nightly-20190917-29l5j-2509219610, networkLocation: /default-rack, certSerialId: null}. Reason : 76e9ed70-2a32-4a64-9388-b77e9aa6f857 has not seen follower/s f1727f7a-dfce-47cb-9d44-d863f6c274c0 for 168907ms 72845ddd-7944-416b-9dd2-35fcccd22f3d for 168910ms
2019-09-17 06:07:09,094 [EventQueue-PipelineActionsForPipelineActionHandler] INFO  pipeline.SCMPipelineManager (SCMPipelineManager.java:finalizeAndDestroyPipeline(311)) - destroying pipeline:Pipeline[ Id: f19de06e-3053-4ec9-9fdd-e83674309dfa, Nodes: 72845ddd-7944-416b-9dd2-35fcccd22f3d{ip: 192.168.69.122, host: trunk-nightly-20190917-29l5j-2509219610, networkLocation: /default-rack, certSerialId: null}76e9ed70-2a32-4a64-9388-b77e9aa6f857{ip: 192.168.69.122, host: trunk-nightly-20190917-29l5j-2509219610, networkLocation: /default-rack, certSerialId: null}f1727f7a-dfce-47cb-9d44-d863f6c274c0{ip: 192.168.69.122, host: trunk-nightly-20190917-29l5j-2509219610, networkLocation: /default-rack, certSerialId: null}, Type:RATIS, Factor:THREE, State:CLOSED]
2019-09-17 06:07:10,085 [76e9ed70-2a32-4a64-9388-b77e9aa6f857@group-E83674309DFA-SegmentedRaftLogWorker] WARN  segmented.SegmentedRaftLogWorker (SegmentedRaftLogWorker.java:getFromFuture(90)) - Timeout 16/~
org.apache.ratis.protocol.TimeoutIOException: Timeout 10s: WriteLog:8: (t:1, i:8), STATEMACHINELOGENTRY, client-BBE8F4642F4E, cid=22-writeStateMachineData
	at org.apache.ratis.util.IOUtils.getFromFuture(IOUtils.java:87)
	at org.apache.ratis.server.raftlog.segmented.SegmentedRaftLogWorker$StateMachineDataPolicy.getFromFuture(SegmentedRaftLogWorker.java:87)
	at org.apache.ratis.server.raftlog.segmented.SegmentedRaftLogWorker$WriteLog.execute(SegmentedRaftLogWorker.java:477)
	at org.apache.ratis.server.raftlog.segmented.SegmentedRaftLogWorker.run(SegmentedRaftLogWorker.java:289)
	at java.lang.Thread.run(Thread.java:748)
Caused by: java.util.concurrent.TimeoutException
	at java.util.concurrent.CompletableFuture.timedGet(CompletableFuture.java:1771)
	at java.util.concurrent.CompletableFuture.get(CompletableFuture.java:1915)
	at org.apache.ratis.util.IOUtils.getFromFuture(IOUtils.java:79)
	... 4 more
2019-09-17 06:07:10,118 [f1727f7a-dfce-47cb-9d44-d863f6c274c0@group-E83674309DFA-SegmentedRaftLogWorker] WARN  segmented.SegmentedRaftLogWorker (SegmentedRaftLogWorker.java:getFromFuture(90)) - Timeout 16/~
org.apache.ratis.protocol.TimeoutIOException: Timeout 10s: WriteLog:8: (t:1, i:8), STATEMACHINELOGENTRY, client-BBE8F4642F4E, cid=22-writeStateMachineData
	at org.apache.ratis.util.IOUtils.getFromFuture(IOUtils.java:87)
	at org.apache.ratis.server.raftlog.segmented.SegmentedRaftLogWorker$StateMachineDataPolicy.getFromFuture(SegmentedRaftLogWorker.java:87)
	at org.apache.ratis.server.raftlog.segmented.SegmentedRaftLogWorker$WriteLog.execute(SegmentedRaftLogWorker.java:477)
	at org.apache.ratis.server.raftlog.segmented.SegmentedRaftLogWorker.run(SegmentedRaftLogWorker.java:289)
	at java.lang.Thread.run(Thread.java:748)
Caused by: java.util.concurrent.TimeoutException
	at java.util.concurrent.CompletableFuture.timedGet(CompletableFuture.java:1771)
	at java.util.concurrent.CompletableFuture.get(CompletableFuture.java:1915)
	at org.apache.ratis.util.IOUtils.getFromFuture(IOUtils.java:79)
	... 4 more
2019-09-17 06:07:10,118 [72845ddd-7944-416b-9dd2-35fcccd22f3d@group-E83674309DFA-SegmentedRaftLogWorker] WARN  segmented.SegmentedRaftLogWorker (SegmentedRaftLogWorker.java:getFromFuture(90)) - Timeout 16/~
org.apache.ratis.protocol.TimeoutIOException: Timeout 10s: WriteLog:8: (t:1, i:8), STATEMACHINELOGENTRY, client-BBE8F4642F4E, cid=22-writeStateMachineData
	at org.apache.ratis.util.IOUtils.getFromFuture(IOUtils.java:87)
	at org.apache.ratis.server.raftlog.segmented.SegmentedRaftLogWorker$StateMachineDataPolicy.getFromFuture(SegmentedRaftLogWorker.java:87)
	at org.apache.ratis.server.raftlog.segmented.SegmentedRaftLogWorker$WriteLog.execute(SegmentedRaftLogWorker.java:477)
	at org.apache.ratis.server.raftlog.segmented.SegmentedRaftLogWorker.run(SegmentedRaftLogWorker.java:289)
	at java.lang.Thread.run(Thread.java:748)
Caused by: java.util.concurrent.TimeoutException
	at java.util.concurrent.CompletableFuture.timedGet(CompletableFuture.java:1771)
	at java.util.concurrent.CompletableFuture.get(CompletableFuture.java:1915)
	at org.apache.ratis.util.IOUtils.getFromFuture(IOUtils.java:79)
	... 4 more
2019-09-17 06:07:10,608 [org.apache.ratis.server.impl.LogAppender$AppenderDaemon$$Lambda$505/2035288324@7db14276] ERROR ratis.XceiverServerRatis (XceiverServerRatis.java:triggerPipelineClose(575)) - pipeline Action CLOSE  on pipeline PipelineID=f19de06e-3053-4ec9-9fdd-e83674309dfa.Reason : 76e9ed70-2a32-4a64-9388-b77e9aa6f857 has not seen follower/s f1727f7a-dfce-47cb-9d44-d863f6c274c0 for 171409ms 72845ddd-7944-416b-9dd2-35fcccd22f3d for 171412ms
2019-09-17 06:07:10,610 [org.apache.ratis.server.impl.LogAppender$AppenderDaemon$$Lambda$505/2035288324@121685a4] ERROR ratis.XceiverServerRatis (XceiverServerRatis.java:triggerPipelineClose(575)) - pipeline Action CLOSE  on pipeline PipelineID=f19de06e-3053-4ec9-9fdd-e83674309dfa.Reason : 76e9ed70-2a32-4a64-9388-b77e9aa6f857 has not seen follower/s f1727f7a-dfce-47cb-9d44-d863f6c274c0 for 171411ms 72845ddd-7944-416b-9dd2-35fcccd22f3d for 171413ms
2019-09-17 06:07:11,094 [EventQueue-PipelineActionsForPipelineActionHandler] ERROR pipeline.PipelineActionHandler (PipelineActionHandler.java:onMessage(60)) - Received pipeline action CLOSE for Pipeline[ Id: f19de06e-3053-4ec9-9fdd-e83674309dfa, Nodes: 72845ddd-7944-416b-9dd2-35fcccd22f3d{ip: 192.168.69.122, host: trunk-nightly-20190917-29l5j-2509219610, networkLocation: /default-rack, certSerialId: null}76e9ed70-2a32-4a64-9388-b77e9aa6f857{ip: 192.168.69.122, host: trunk-nightly-20190917-29l5j-2509219610, networkLocation: /default-rack, certSerialId: null}f1727f7a-dfce-47cb-9d44-d863f6c274c0{ip: 192.168.69.122, host: trunk-nightly-20190917-29l5j-2509219610, networkLocation: /default-rack, certSerialId: null}, Type:RATIS, Factor:THREE, State:CLOSED] from datanode 76e9ed70-2a32-4a64-9388-b77e9aa6f857{ip: 192.168.69.122, host: trunk-nightly-20190917-29l5j-2509219610, networkLocation: /default-rack, certSerialId: null}. Reason : 76e9ed70-2a32-4a64-9388-b77e9aa6f857 has not seen follower/s f1727f7a-dfce-47cb-9d44-d863f6c274c0 for 171409ms 72845ddd-7944-416b-9dd2-35fcccd22f3d for 171412ms
2019-09-17 06:07:11,095 [EventQueue-PipelineActionsForPipelineActionHandler] INFO  pipeline.SCMPipelineManager (SCMPipelineManager.java:finalizeAndDestroyPipeline(311)) - destroying pipeline:Pipeline[ Id: f19de06e-3053-4ec9-9fdd-e83674309dfa, Nodes: 72845ddd-7944-416b-9dd2-35fcccd22f3d{ip: 192.168.69.122, host: trunk-nightly-20190917-29l5j-2509219610, networkLocation: /default-rack, certSerialId: null}76e9ed70-2a32-4a64-9388-b77e9aa6f857{ip: 192.168.69.122, host: trunk-nightly-20190917-29l5j-2509219610, networkLocation: /default-rack, certSerialId: null}f1727f7a-dfce-47cb-9d44-d863f6c274c0{ip: 192.168.69.122, host: trunk-nightly-20190917-29l5j-2509219610, networkLocation: /default-rack, certSerialId: null}, Type:RATIS, Factor:THREE, State:CLOSED]
2019-09-17 06:07:11,106 [java.util.concurrent.ThreadPoolExecutor$Worker@698c243a[State = -1, empty queue]] WARN  server.GrpcLogAppender (GrpcLogAppender.java:timeoutAppendRequest(200)) - 76e9ed70-2a32-4a64-9388-b77e9aa6f857@group-E83674309DFA->72845ddd-7944-416b-9dd2-35fcccd22f3d-GrpcLogAppender: appendEntries Timeout, request=76e9ed70-2a32-4a64-9388-b77e9aa6f857->72845ddd-7944-416b-9dd2-35fcccd22f3d#78-t1, previous=(t:1, i:10), leaderCommit=6, initializing? false, entries: <empty>
2019-09-17 06:07:11,106 [java.util.concurrent.ThreadPoolExecutor$Worker@5ad35b0c[State = -1, empty queue]] WARN  server.GrpcLogAppender (GrpcLogAppender.java:timeoutAppendRequest(200)) - 76e9ed70-2a32-4a64-9388-b77e9aa6f857@group-E83674309DFA->f1727f7a-dfce-47cb-9d44-d863f6c274c0-GrpcLogAppender: appendEntries Timeout, request=76e9ed70-2a32-4a64-9388-b77e9aa6f857->f1727f7a-dfce-47cb-9d44-d863f6c274c0#78-t1, previous=(t:1, i:10), leaderCommit=6, initializing? false, entries: <empty>
2019-09-17 06:07:12,261 [grpc-default-executor-2] INFO  client.GrpcClientProtocolClient (GrpcClientProtocolClient.java:onNext(264)) - client-BBE8F4642F4E->72845ddd-7944-416b-9dd2-35fcccd22f3d: receive RaftClientReply:client-BBE8F4642F4E->72845ddd-7944-416b-9dd2-35fcccd22f3d@group-E83674309DFA, cid=21, FAILED org.apache.ratis.protocol.NotLeaderException: Server 72845ddd-7944-416b-9dd2-35fcccd22f3d@group-E83674309DFA is not the leader 76e9ed70-2a32-4a64-9388-b77e9aa6f857:192.168.69.122:43336, logIndex=0, commits[72845ddd-7944-416b-9dd2-35fcccd22f3d:c6, 76e9ed70-2a32-4a64-9388-b77e9aa6f857:c6, f1727f7a-dfce-47cb-9d44-d863f6c274c0:c4]
2019-09-17 06:07:13,109 [org.apache.ratis.server.impl.LogAppender$AppenderDaemon$$Lambda$505/2035288324@7db14276] ERROR ratis.XceiverServerRatis (XceiverServerRatis.java:triggerPipelineClose(575)) - pipeline Action CLOSE  on pipeline PipelineID=f19de06e-3053-4ec9-9fdd-e83674309dfa.Reason : 76e9ed70-2a32-4a64-9388-b77e9aa6f857 has not seen follower/s f1727f7a-dfce-47cb-9d44-d863f6c274c0 for 173910ms 72845ddd-7944-416b-9dd2-35fcccd22f3d for 173913ms
2019-09-17 06:07:13,110 [org.apache.ratis.server.impl.LogAppender$AppenderDaemon$$Lambda$505/2035288324@121685a4] ERROR ratis.XceiverServerRatis (XceiverServerRatis.java:triggerPipelineClose(575)) - pipeline Action CLOSE  on pipeline PipelineID=f19de06e-3053-4ec9-9fdd-e83674309dfa.Reason : 76e9ed70-2a32-4a64-9388-b77e9aa6f857 has not seen follower/s f1727f7a-dfce-47cb-9d44-d863f6c274c0 for 173911ms 72845ddd-7944-416b-9dd2-35fcccd22f3d for 173914ms
2019-09-17 06:07:13,608 [java.util.concurrent.ThreadPoolExecutor$Worker@5ad35b0c[State = -1, empty queue]] WARN  server.GrpcLogAppender (GrpcLogAppender.java:timeoutAppendRequest(200)) - 76e9ed70-2a32-4a64-9388-b77e9aa6f857@group-E83674309DFA->f1727f7a-dfce-47cb-9d44-d863f6c274c0-GrpcLogAppender: appendEntries Timeout, request=76e9ed70-2a32-4a64-9388-b77e9aa6f857->f1727f7a-dfce-47cb-9d44-d863f6c274c0#79-t1, previous=(t:1, i:10), leaderCommit=6, initializing? false, entries: <empty>
2019-09-17 06:07:13,609 [java.util.concurrent.ThreadPoolExecutor$Worker@698c243a[State = -1, empty queue]] WARN  server.GrpcLogAppender (GrpcLogAppender.java:timeoutAppendRequest(200)) - 76e9ed70-2a32-4a64-9388-b77e9aa6f857@group-E83674309DFA->72845ddd-7944-416b-9dd2-35fcccd22f3d-GrpcLogAppender: appendEntries Timeout, request=76e9ed70-2a32-4a64-9388-b77e9aa6f857->72845ddd-7944-416b-9dd2-35fcccd22f3d#79-t1, previous=(t:1, i:10), leaderCommit=6, initializing? false, entries: <empty>
2019-09-17 06:07:14,093 [EventQueue-PipelineActionsForPipelineActionHandler] ERROR pipeline.PipelineActionHandler (PipelineActionHandler.java:onMessage(60)) - Received pipeline action CLOSE for Pipeline[ Id: f19de06e-3053-4ec9-9fdd-e83674309dfa, Nodes: 72845ddd-7944-416b-9dd2-35fcccd22f3d{ip: 192.168.69.122, host: trunk-nightly-20190917-29l5j-2509219610, networkLocation: /default-rack, certSerialId: null}76e9ed70-2a32-4a64-9388-b77e9aa6f857{ip: 192.168.69.122, host: trunk-nightly-20190917-29l5j-2509219610, networkLocation: /default-rack, certSerialId: null}f1727f7a-dfce-47cb-9d44-d863f6c274c0{ip: 192.168.69.122, host: trunk-nightly-20190917-29l5j-2509219610, networkLocation: /default-rack, certSerialId: null}, Type:RATIS, Factor:THREE, State:CLOSED] from datanode 76e9ed70-2a32-4a64-9388-b77e9aa6f857{ip: 192.168.69.122, host: trunk-nightly-20190917-29l5j-2509219610, networkLocation: /default-rack, certSerialId: null}. Reason : 76e9ed70-2a32-4a64-9388-b77e9aa6f857 has not seen follower/s f1727f7a-dfce-47cb-9d44-d863f6c274c0 for 173910ms 72845ddd-7944-416b-9dd2-35fcccd22f3d for 173913ms
2019-09-17 06:07:14,094 [EventQueue-PipelineActionsForPipelineActionHandler] INFO  pipeline.SCMPipelineManager (SCMPipelineManager.java:finalizeAndDestroyPipeline(311)) - destroying pipeline:Pipeline[ Id: f19de06e-3053-4ec9-9fdd-e83674309dfa, Nodes: 72845ddd-7944-416b-9dd2-35fcccd22f3d{ip: 192.168.69.122, host: trunk-nightly-20190917-29l5j-2509219610, networkLocation: /default-rack, certSerialId: null}76e9ed70-2a32-4a64-9388-b77e9aa6f857{ip: 192.168.69.122, host: trunk-nightly-20190917-29l5j-2509219610, networkLocation: /default-rack, certSerialId: null}f1727f7a-dfce-47cb-9d44-d863f6c274c0{ip: 192.168.69.122, host: trunk-nightly-20190917-29l5j-2509219610, networkLocation: /default-rack, certSerialId: null}, Type:RATIS, Factor:THREE, State:CLOSED]
2019-09-17 06:07:15,609 [org.apache.ratis.server.impl.LogAppender$AppenderDaemon$$Lambda$505/2035288324@7db14276] ERROR ratis.XceiverServerRatis (XceiverServerRatis.java:triggerPipelineClose(575)) - pipeline Action CLOSE  on pipeline PipelineID=f19de06e-3053-4ec9-9fdd-e83674309dfa.Reason : 76e9ed70-2a32-4a64-9388-b77e9aa6f857 has not seen follower/s f1727f7a-dfce-47cb-9d44-d863f6c274c0 for 176411ms 72845ddd-7944-416b-9dd2-35fcccd22f3d for 176413ms
2019-09-17 06:07:15,611 [org.apache.ratis.server.impl.LogAppender$AppenderDaemon$$Lambda$505/2035288324@121685a4] ERROR ratis.XceiverServerRatis (XceiverServerRatis.java:triggerPipelineClose(575)) - pipeline Action CLOSE  on pipeline PipelineID=f19de06e-3053-4ec9-9fdd-e83674309dfa.Reason : 76e9ed70-2a32-4a64-9388-b77e9aa6f857 has not seen follower/s f1727f7a-dfce-47cb-9d44-d863f6c274c0 for 176412ms 72845ddd-7944-416b-9dd2-35fcccd22f3d for 176415ms
2019-09-17 06:07:16,094 [EventQueue-PipelineActionsForPipelineActionHandler] ERROR pipeline.PipelineActionHandler (PipelineActionHandler.java:onMessage(60)) - Received pipeline action CLOSE for Pipeline[ Id: f19de06e-3053-4ec9-9fdd-e83674309dfa, Nodes: 72845ddd-7944-416b-9dd2-35fcccd22f3d{ip: 192.168.69.122, host: trunk-nightly-20190917-29l5j-2509219610, networkLocation: /default-rack, certSerialId: null}76e9ed70-2a32-4a64-9388-b77e9aa6f857{ip: 192.168.69.122, host: trunk-nightly-20190917-29l5j-2509219610, networkLocation: /default-rack, certSerialId: null}f1727f7a-dfce-47cb-9d44-d863f6c274c0{ip: 192.168.69.122, host: trunk-nightly-20190917-29l5j-2509219610, networkLocation: /default-rack, certSerialId: null}, Type:RATIS, Factor:THREE, State:CLOSED] from datanode 76e9ed70-2a32-4a64-9388-b77e9aa6f857{ip: 192.168.69.122, host: trunk-nightly-20190917-29l5j-2509219610, networkLocation: /default-rack, certSerialId: null}. Reason : 76e9ed70-2a32-4a64-9388-b77e9aa6f857 has not seen follower/s f1727f7a-dfce-47cb-9d44-d863f6c274c0 for 176411ms 72845ddd-7944-416b-9dd2-35fcccd22f3d for 176413ms
2019-09-17 06:07:16,094 [EventQueue-PipelineActionsForPipelineActionHandler] INFO  pipeline.SCMPipelineManager (SCMPipelineManager.java:finalizeAndDestroyPipeline(311)) - destroying pipeline:Pipeline[ Id: f19de06e-3053-4ec9-9fdd-e83674309dfa, Nodes: 72845ddd-7944-416b-9dd2-35fcccd22f3d{ip: 192.168.69.122, host: trunk-nightly-20190917-29l5j-2509219610, networkLocation: /default-rack, certSerialId: null}76e9ed70-2a32-4a64-9388-b77e9aa6f857{ip: 192.168.69.122, host: trunk-nightly-20190917-29l5j-2509219610, networkLocation: /default-rack, certSerialId: null}f1727f7a-dfce-47cb-9d44-d863f6c274c0{ip: 192.168.69.122, host: trunk-nightly-20190917-29l5j-2509219610, networkLocation: /default-rack, certSerialId: null}, Type:RATIS, Factor:THREE, State:CLOSED]
2019-09-17 06:07:16,109 [java.util.concurrent.ThreadPoolExecutor$Worker@5ad35b0c[State = -1, empty queue]] WARN  server.GrpcLogAppender (GrpcLogAppender.java:timeoutAppendRequest(200)) - 76e9ed70-2a32-4a64-9388-b77e9aa6f857@group-E83674309DFA->f1727f7a-dfce-47cb-9d44-d863f6c274c0-GrpcLogAppender: appendEntries Timeout, request=76e9ed70-2a32-4a64-9388-b77e9aa6f857->f1727f7a-dfce-47cb-9d44-d863f6c274c0#80-t1, previous=(t:1, i:10), leaderCommit=6, initializing? false, entries: <empty>
2019-09-17 06:07:16,110 [java.util.concurrent.ThreadPoolExecutor$Worker@698c243a[State = -1, empty queue]] WARN  server.GrpcLogAppender (GrpcLogAppender.java:timeoutAppendRequest(200)) - 76e9ed70-2a32-4a64-9388-b77e9aa6f857@group-E83674309DFA->72845ddd-7944-416b-9dd2-35fcccd22f3d-GrpcLogAppender: appendEntries Timeout, request=76e9ed70-2a32-4a64-9388-b77e9aa6f857->72845ddd-7944-416b-9dd2-35fcccd22f3d#80-t1, previous=(t:1, i:10), leaderCommit=6, initializing? false, entries: <empty>
2019-09-17 06:07:17,326 [grpc-default-executor-2] INFO  client.GrpcClientProtocolClient (GrpcClientProtocolClient.java:onNext(264)) - client-BBE8F4642F4E->72845ddd-7944-416b-9dd2-35fcccd22f3d: receive RaftClientReply:client-BBE8F4642F4E->72845ddd-7944-416b-9dd2-35fcccd22f3d@group-E83674309DFA, cid=21, FAILED org.apache.ratis.protocol.NotLeaderException: Server 72845ddd-7944-416b-9dd2-35fcccd22f3d@group-E83674309DFA is not the leader 76e9ed70-2a32-4a64-9388-b77e9aa6f857:192.168.69.122:43336, logIndex=0, commits[72845ddd-7944-416b-9dd2-35fcccd22f3d:c6, 76e9ed70-2a32-4a64-9388-b77e9aa6f857:c6, f1727f7a-dfce-47cb-9d44-d863f6c274c0:c4]
2019-09-17 06:07:18,111 [org.apache.ratis.server.impl.LogAppender$AppenderDaemon$$Lambda$505/2035288324@7db14276] ERROR ratis.XceiverServerRatis (XceiverServerRatis.java:triggerPipelineClose(575)) - pipeline Action CLOSE  on pipeline PipelineID=f19de06e-3053-4ec9-9fdd-e83674309dfa.Reason : 76e9ed70-2a32-4a64-9388-b77e9aa6f857 has not seen follower/s f1727f7a-dfce-47cb-9d44-d863f6c274c0 for 178912ms 72845ddd-7944-416b-9dd2-35fcccd22f3d for 178914ms
2019-09-17 06:07:18,112 [org.apache.ratis.server.impl.LogAppender$AppenderDaemon$$Lambda$505/2035288324@121685a4] ERROR ratis.XceiverServerRatis (XceiverServerRatis.java:triggerPipelineClose(575)) - pipeline Action CLOSE  on pipeline PipelineID=f19de06e-3053-4ec9-9fdd-e83674309dfa.Reason : 76e9ed70-2a32-4a64-9388-b77e9aa6f857 has not seen follower/s f1727f7a-dfce-47cb-9d44-d863f6c274c0 for 178913ms 72845ddd-7944-416b-9dd2-35fcccd22f3d for 178916ms
2019-09-17 06:07:18,609 [java.util.concurrent.ThreadPoolExecutor$Worker@5ad35b0c[State = -1, empty queue]] WARN  server.GrpcLogAppender (GrpcLogAppender.java:timeoutAppendRequest(200)) - 76e9ed70-2a32-4a64-9388-b77e9aa6f857@group-E83674309DFA->f1727f7a-dfce-47cb-9d44-d863f6c274c0-GrpcLogAppender: appendEntries Timeout, request=76e9ed70-2a32-4a64-9388-b77e9aa6f857->f1727f7a-dfce-47cb-9d44-d863f6c274c0#81-t1, previous=(t:1, i:10), leaderCommit=6, initializing? false, entries: <empty>
2019-09-17 06:07:18,611 [java.util.concurrent.ThreadPoolExecutor$Worker@698c243a[State = -1, empty queue]] WARN  server.GrpcLogAppender (GrpcLogAppender.java:timeoutAppendRequest(200)) - 76e9ed70-2a32-4a64-9388-b77e9aa6f857@group-E83674309DFA->72845ddd-7944-416b-9dd2-35fcccd22f3d-GrpcLogAppender: appendEntries Timeout, request=76e9ed70-2a32-4a64-9388-b77e9aa6f857->72845ddd-7944-416b-9dd2-35fcccd22f3d#81-t1, previous=(t:1, i:10), leaderCommit=6, initializing? false, entries: <empty>
2019-09-17 06:07:19,094 [EventQueue-PipelineActionsForPipelineActionHandler] ERROR pipeline.PipelineActionHandler (PipelineActionHandler.java:onMessage(60)) - Received pipeline action CLOSE for Pipeline[ Id: f19de06e-3053-4ec9-9fdd-e83674309dfa, Nodes: 72845ddd-7944-416b-9dd2-35fcccd22f3d{ip: 192.168.69.122, host: trunk-nightly-20190917-29l5j-2509219610, networkLocation: /default-rack, certSerialId: null}76e9ed70-2a32-4a64-9388-b77e9aa6f857{ip: 192.168.69.122, host: trunk-nightly-20190917-29l5j-2509219610, networkLocation: /default-rack, certSerialId: null}f1727f7a-dfce-47cb-9d44-d863f6c274c0{ip: 192.168.69.122, host: trunk-nightly-20190917-29l5j-2509219610, networkLocation: /default-rack, certSerialId: null}, Type:RATIS, Factor:THREE, State:CLOSED] from datanode 76e9ed70-2a32-4a64-9388-b77e9aa6f857{ip: 192.168.69.122, host: trunk-nightly-20190917-29l5j-2509219610, networkLocation: /default-rack, certSerialId: null}. Reason : 76e9ed70-2a32-4a64-9388-b77e9aa6f857 has not seen follower/s f1727f7a-dfce-47cb-9d44-d863f6c274c0 for 178912ms 72845ddd-7944-416b-9dd2-35fcccd22f3d for 178914ms
2019-09-17 06:07:19,095 [EventQueue-PipelineActionsForPipelineActionHandler] INFO  pipeline.SCMPipelineManager (SCMPipelineManager.java:finalizeAndDestroyPipeline(311)) - destroying pipeline:Pipeline[ Id: f19de06e-3053-4ec9-9fdd-e83674309dfa, Nodes: 72845ddd-7944-416b-9dd2-35fcccd22f3d{ip: 192.168.69.122, host: trunk-nightly-20190917-29l5j-2509219610, networkLocation: /default-rack, certSerialId: null}76e9ed70-2a32-4a64-9388-b77e9aa6f857{ip: 192.168.69.122, host: trunk-nightly-20190917-29l5j-2509219610, networkLocation: /default-rack, certSerialId: null}f1727f7a-dfce-47cb-9d44-d863f6c274c0{ip: 192.168.69.122, host: trunk-nightly-20190917-29l5j-2509219610, networkLocation: /default-rack, certSerialId: null}, Type:RATIS, Factor:THREE, State:CLOSED]
2019-09-17 06:07:20,086 [76e9ed70-2a32-4a64-9388-b77e9aa6f857@group-E83674309DFA-SegmentedRaftLogWorker] WARN  segmented.SegmentedRaftLogWorker (SegmentedRaftLogWorker.java:getFromFuture(90)) - Timeout 17/~
org.apache.ratis.protocol.TimeoutIOException: Timeout 10s: WriteLog:8: (t:1, i:8), STATEMACHINELOGENTRY, client-BBE8F4642F4E, cid=22-writeStateMachineData
	at org.apache.ratis.util.IOUtils.getFromFuture(IOUtils.java:87)
	at org.apache.ratis.server.raftlog.segmented.SegmentedRaftLogWorker$StateMachineDataPolicy.getFromFuture(SegmentedRaftLogWorker.java:87)
	at org.apache.ratis.server.raftlog.segmented.SegmentedRaftLogWorker$WriteLog.execute(SegmentedRaftLogWorker.java:477)
	at org.apache.ratis.server.raftlog.segmented.SegmentedRaftLogWorker.run(SegmentedRaftLogWorker.java:289)
	at java.lang.Thread.run(Thread.java:748)
Caused by: java.util.concurrent.TimeoutException
	at java.util.concurrent.CompletableFuture.timedGet(CompletableFuture.java:1771)
	at java.util.concurrent.CompletableFuture.get(CompletableFuture.java:1915)
	at org.apache.ratis.util.IOUtils.getFromFuture(IOUtils.java:79)
	... 4 more
2019-09-17 06:07:20,119 [f1727f7a-dfce-47cb-9d44-d863f6c274c0@group-E83674309DFA-SegmentedRaftLogWorker] WARN  segmented.SegmentedRaftLogWorker (SegmentedRaftLogWorker.java:getFromFuture(90)) - Timeout 17/~
org.apache.ratis.protocol.TimeoutIOException: Timeout 10s: WriteLog:8: (t:1, i:8), STATEMACHINELOGENTRY, client-BBE8F4642F4E, cid=22-writeStateMachineData
	at org.apache.ratis.util.IOUtils.getFromFuture(IOUtils.java:87)
	at org.apache.ratis.server.raftlog.segmented.SegmentedRaftLogWorker$StateMachineDataPolicy.getFromFuture(SegmentedRaftLogWorker.java:87)
	at org.apache.ratis.server.raftlog.segmented.SegmentedRaftLogWorker$WriteLog.execute(SegmentedRaftLogWorker.java:477)
	at org.apache.ratis.server.raftlog.segmented.SegmentedRaftLogWorker.run(SegmentedRaftLogWorker.java:289)
	at java.lang.Thread.run(Thread.java:748)
Caused by: java.util.concurrent.TimeoutException
	at java.util.concurrent.CompletableFuture.timedGet(CompletableFuture.java:1771)
	at java.util.concurrent.CompletableFuture.get(CompletableFuture.java:1915)
	at org.apache.ratis.util.IOUtils.getFromFuture(IOUtils.java:79)
	... 4 more
2019-09-17 06:07:20,119 [72845ddd-7944-416b-9dd2-35fcccd22f3d@group-E83674309DFA-SegmentedRaftLogWorker] WARN  segmented.SegmentedRaftLogWorker (SegmentedRaftLogWorker.java:getFromFuture(90)) - Timeout 17/~
org.apache.ratis.protocol.TimeoutIOException: Timeout 10s: WriteLog:8: (t:1, i:8), STATEMACHINELOGENTRY, client-BBE8F4642F4E, cid=22-writeStateMachineData
	at org.apache.ratis.util.IOUtils.getFromFuture(IOUtils.java:87)
	at org.apache.ratis.server.raftlog.segmented.SegmentedRaftLogWorker$StateMachineDataPolicy.getFromFuture(SegmentedRaftLogWorker.java:87)
	at org.apache.ratis.server.raftlog.segmented.SegmentedRaftLogWorker$WriteLog.execute(SegmentedRaftLogWorker.java:477)
	at org.apache.ratis.server.raftlog.segmented.SegmentedRaftLogWorker.run(SegmentedRaftLogWorker.java:289)
	at java.lang.Thread.run(Thread.java:748)
Caused by: java.util.concurrent.TimeoutException
	at java.util.concurrent.CompletableFuture.timedGet(CompletableFuture.java:1771)
	at java.util.concurrent.CompletableFuture.get(CompletableFuture.java:1915)
	at org.apache.ratis.util.IOUtils.getFromFuture(IOUtils.java:79)
	... 4 more
2019-09-17 06:07:20,612 [org.apache.ratis.server.impl.LogAppender$AppenderDaemon$$Lambda$505/2035288324@7db14276] ERROR ratis.XceiverServerRatis (XceiverServerRatis.java:triggerPipelineClose(575)) - pipeline Action CLOSE  on pipeline PipelineID=f19de06e-3053-4ec9-9fdd-e83674309dfa.Reason : 76e9ed70-2a32-4a64-9388-b77e9aa6f857 has not seen follower/s f1727f7a-dfce-47cb-9d44-d863f6c274c0 for 181413ms 72845ddd-7944-416b-9dd2-35fcccd22f3d for 181416ms
2019-09-17 06:07:20,613 [org.apache.ratis.server.impl.LogAppender$AppenderDaemon$$Lambda$505/2035288324@121685a4] ERROR ratis.XceiverServerRatis (XceiverServerRatis.java:triggerPipelineClose(575)) - pipeline Action CLOSE  on pipeline PipelineID=f19de06e-3053-4ec9-9fdd-e83674309dfa.Reason : 76e9ed70-2a32-4a64-9388-b77e9aa6f857 has not seen follower/s f1727f7a-dfce-47cb-9d44-d863f6c274c0 for 181414ms 72845ddd-7944-416b-9dd2-35fcccd22f3d for 181417ms
2019-09-17 06:07:21,094 [EventQueue-PipelineActionsForPipelineActionHandler] ERROR pipeline.PipelineActionHandler (PipelineActionHandler.java:onMessage(60)) - Received pipeline action CLOSE for Pipeline[ Id: f19de06e-3053-4ec9-9fdd-e83674309dfa, Nodes: 72845ddd-7944-416b-9dd2-35fcccd22f3d{ip: 192.168.69.122, host: trunk-nightly-20190917-29l5j-2509219610, networkLocation: /default-rack, certSerialId: null}76e9ed70-2a32-4a64-9388-b77e9aa6f857{ip: 192.168.69.122, host: trunk-nightly-20190917-29l5j-2509219610, networkLocation: /default-rack, certSerialId: null}f1727f7a-dfce-47cb-9d44-d863f6c274c0{ip: 192.168.69.122, host: trunk-nightly-20190917-29l5j-2509219610, networkLocation: /default-rack, certSerialId: null}, Type:RATIS, Factor:THREE, State:CLOSED] from datanode 76e9ed70-2a32-4a64-9388-b77e9aa6f857{ip: 192.168.69.122, host: trunk-nightly-20190917-29l5j-2509219610, networkLocation: /default-rack, certSerialId: null}. Reason : 76e9ed70-2a32-4a64-9388-b77e9aa6f857 has not seen follower/s f1727f7a-dfce-47cb-9d44-d863f6c274c0 for 181413ms 72845ddd-7944-416b-9dd2-35fcccd22f3d for 181416ms
2019-09-17 06:07:21,094 [EventQueue-PipelineActionsForPipelineActionHandler] INFO  pipeline.SCMPipelineManager (SCMPipelineManager.java:finalizeAndDestroyPipeline(311)) - destroying pipeline:Pipeline[ Id: f19de06e-3053-4ec9-9fdd-e83674309dfa, Nodes: 72845ddd-7944-416b-9dd2-35fcccd22f3d{ip: 192.168.69.122, host: trunk-nightly-20190917-29l5j-2509219610, networkLocation: /default-rack, certSerialId: null}76e9ed70-2a32-4a64-9388-b77e9aa6f857{ip: 192.168.69.122, host: trunk-nightly-20190917-29l5j-2509219610, networkLocation: /default-rack, certSerialId: null}f1727f7a-dfce-47cb-9d44-d863f6c274c0{ip: 192.168.69.122, host: trunk-nightly-20190917-29l5j-2509219610, networkLocation: /default-rack, certSerialId: null}, Type:RATIS, Factor:THREE, State:CLOSED]
2019-09-17 06:07:21,110 [java.util.concurrent.ThreadPoolExecutor$Worker@5ad35b0c[State = -1, empty queue]] WARN  server.GrpcLogAppender (GrpcLogAppender.java:timeoutAppendRequest(200)) - 76e9ed70-2a32-4a64-9388-b77e9aa6f857@group-E83674309DFA->f1727f7a-dfce-47cb-9d44-d863f6c274c0-GrpcLogAppender: appendEntries Timeout, request=76e9ed70-2a32-4a64-9388-b77e9aa6f857->f1727f7a-dfce-47cb-9d44-d863f6c274c0#82-t1, previous=(t:1, i:10), leaderCommit=6, initializing? false, entries: <empty>
2019-09-17 06:07:21,112 [java.util.concurrent.ThreadPoolExecutor$Worker@698c243a[State = -1, empty queue]] WARN  server.GrpcLogAppender (GrpcLogAppender.java:timeoutAppendRequest(200)) - 76e9ed70-2a32-4a64-9388-b77e9aa6f857@group-E83674309DFA->72845ddd-7944-416b-9dd2-35fcccd22f3d-GrpcLogAppender: appendEntries Timeout, request=76e9ed70-2a32-4a64-9388-b77e9aa6f857->72845ddd-7944-416b-9dd2-35fcccd22f3d#82-t1, previous=(t:1, i:10), leaderCommit=6, initializing? false, entries: <empty>
2019-09-17 06:07:22,390 [grpc-default-executor-1] INFO  client.GrpcClientProtocolClient (GrpcClientProtocolClient.java:onNext(264)) - client-BBE8F4642F4E->72845ddd-7944-416b-9dd2-35fcccd22f3d: receive RaftClientReply:client-BBE8F4642F4E->72845ddd-7944-416b-9dd2-35fcccd22f3d@group-E83674309DFA, cid=21, FAILED org.apache.ratis.protocol.NotLeaderException: Server 72845ddd-7944-416b-9dd2-35fcccd22f3d@group-E83674309DFA is not the leader 76e9ed70-2a32-4a64-9388-b77e9aa6f857:192.168.69.122:43336, logIndex=0, commits[72845ddd-7944-416b-9dd2-35fcccd22f3d:c6, 76e9ed70-2a32-4a64-9388-b77e9aa6f857:c6, f1727f7a-dfce-47cb-9d44-d863f6c274c0:c4]
2019-09-17 06:07:23,114 [org.apache.ratis.server.impl.LogAppender$AppenderDaemon$$Lambda$505/2035288324@7db14276] ERROR ratis.XceiverServerRatis (XceiverServerRatis.java:triggerPipelineClose(575)) - pipeline Action CLOSE  on pipeline PipelineID=f19de06e-3053-4ec9-9fdd-e83674309dfa.Reason : 76e9ed70-2a32-4a64-9388-b77e9aa6f857 has not seen follower/s f1727f7a-dfce-47cb-9d44-d863f6c274c0 for 183915ms 72845ddd-7944-416b-9dd2-35fcccd22f3d for 183917ms
2019-09-17 06:07:23,114 [org.apache.ratis.server.impl.LogAppender$AppenderDaemon$$Lambda$505/2035288324@121685a4] ERROR ratis.XceiverServerRatis (XceiverServerRatis.java:triggerPipelineClose(575)) - pipeline Action CLOSE  on pipeline PipelineID=f19de06e-3053-4ec9-9fdd-e83674309dfa.Reason : 76e9ed70-2a32-4a64-9388-b77e9aa6f857 has not seen follower/s f1727f7a-dfce-47cb-9d44-d863f6c274c0 for 183915ms 72845ddd-7944-416b-9dd2-35fcccd22f3d for 183917ms
2019-09-17 06:07:23,612 [java.util.concurrent.ThreadPoolExecutor$Worker@5ad35b0c[State = -1, empty queue]] WARN  server.GrpcLogAppender (GrpcLogAppender.java:timeoutAppendRequest(200)) - 76e9ed70-2a32-4a64-9388-b77e9aa6f857@group-E83674309DFA->f1727f7a-dfce-47cb-9d44-d863f6c274c0-GrpcLogAppender: appendEntries Timeout, request=76e9ed70-2a32-4a64-9388-b77e9aa6f857->f1727f7a-dfce-47cb-9d44-d863f6c274c0#83-t1, previous=(t:1, i:10), leaderCommit=6, initializing? false, entries: <empty>
2019-09-17 06:07:23,613 [java.util.concurrent.ThreadPoolExecutor$Worker@698c243a[State = -1, empty queue]] WARN  server.GrpcLogAppender (GrpcLogAppender.java:timeoutAppendRequest(200)) - 76e9ed70-2a32-4a64-9388-b77e9aa6f857@group-E83674309DFA->72845ddd-7944-416b-9dd2-35fcccd22f3d-GrpcLogAppender: appendEntries Timeout, request=76e9ed70-2a32-4a64-9388-b77e9aa6f857->72845ddd-7944-416b-9dd2-35fcccd22f3d#83-t1, previous=(t:1, i:10), leaderCommit=6, initializing? false, entries: <empty>
2019-09-17 06:07:24,094 [EventQueue-PipelineActionsForPipelineActionHandler] ERROR pipeline.PipelineActionHandler (PipelineActionHandler.java:onMessage(60)) - Received pipeline action CLOSE for Pipeline[ Id: f19de06e-3053-4ec9-9fdd-e83674309dfa, Nodes: 72845ddd-7944-416b-9dd2-35fcccd22f3d{ip: 192.168.69.122, host: trunk-nightly-20190917-29l5j-2509219610, networkLocation: /default-rack, certSerialId: null}76e9ed70-2a32-4a64-9388-b77e9aa6f857{ip: 192.168.69.122, host: trunk-nightly-20190917-29l5j-2509219610, networkLocation: /default-rack, certSerialId: null}f1727f7a-dfce-47cb-9d44-d863f6c274c0{ip: 192.168.69.122, host: trunk-nightly-20190917-29l5j-2509219610, networkLocation: /default-rack, certSerialId: null}, Type:RATIS, Factor:THREE, State:CLOSED] from datanode 76e9ed70-2a32-4a64-9388-b77e9aa6f857{ip: 192.168.69.122, host: trunk-nightly-20190917-29l5j-2509219610, networkLocation: /default-rack, certSerialId: null}. Reason : 76e9ed70-2a32-4a64-9388-b77e9aa6f857 has not seen follower/s f1727f7a-dfce-47cb-9d44-d863f6c274c0 for 183915ms 72845ddd-7944-416b-9dd2-35fcccd22f3d for 183917ms
2019-09-17 06:07:24,094 [EventQueue-PipelineActionsForPipelineActionHandler] INFO  pipeline.SCMPipelineManager (SCMPipelineManager.java:finalizeAndDestroyPipeline(311)) - destroying pipeline:Pipeline[ Id: f19de06e-3053-4ec9-9fdd-e83674309dfa, Nodes: 72845ddd-7944-416b-9dd2-35fcccd22f3d{ip: 192.168.69.122, host: trunk-nightly-20190917-29l5j-2509219610, networkLocation: /default-rack, certSerialId: null}76e9ed70-2a32-4a64-9388-b77e9aa6f857{ip: 192.168.69.122, host: trunk-nightly-20190917-29l5j-2509219610, networkLocation: /default-rack, certSerialId: null}f1727f7a-dfce-47cb-9d44-d863f6c274c0{ip: 192.168.69.122, host: trunk-nightly-20190917-29l5j-2509219610, networkLocation: /default-rack, certSerialId: null}, Type:RATIS, Factor:THREE, State:CLOSED]
2019-09-17 06:07:25,615 [org.apache.ratis.server.impl.LogAppender$AppenderDaemon$$Lambda$505/2035288324@7db14276] ERROR ratis.XceiverServerRatis (XceiverServerRatis.java:triggerPipelineClose(575)) - pipeline Action CLOSE  on pipeline PipelineID=f19de06e-3053-4ec9-9fdd-e83674309dfa.Reason : 76e9ed70-2a32-4a64-9388-b77e9aa6f857 has not seen follower/s f1727f7a-dfce-47cb-9d44-d863f6c274c0 for 186416ms 72845ddd-7944-416b-9dd2-35fcccd22f3d for 186419ms
2019-09-17 06:07:25,615 [org.apache.ratis.server.impl.LogAppender$AppenderDaemon$$Lambda$505/2035288324@121685a4] ERROR ratis.XceiverServerRatis (XceiverServerRatis.java:triggerPipelineClose(575)) - pipeline Action CLOSE  on pipeline PipelineID=f19de06e-3053-4ec9-9fdd-e83674309dfa.Reason : 76e9ed70-2a32-4a64-9388-b77e9aa6f857 has not seen follower/s f1727f7a-dfce-47cb-9d44-d863f6c274c0 for 186416ms 72845ddd-7944-416b-9dd2-35fcccd22f3d for 186419ms
2019-09-17 06:07:26,099 [EventQueue-PipelineActionsForPipelineActionHandler] ERROR pipeline.PipelineActionHandler (PipelineActionHandler.java:onMessage(60)) - Received pipeline action CLOSE for Pipeline[ Id: f19de06e-3053-4ec9-9fdd-e83674309dfa, Nodes: 72845ddd-7944-416b-9dd2-35fcccd22f3d{ip: 192.168.69.122, host: trunk-nightly-20190917-29l5j-2509219610, networkLocation: /default-rack, certSerialId: null}76e9ed70-2a32-4a64-9388-b77e9aa6f857{ip: 192.168.69.122, host: trunk-nightly-20190917-29l5j-2509219610, networkLocation: /default-rack, certSerialId: null}f1727f7a-dfce-47cb-9d44-d863f6c274c0{ip: 192.168.69.122, host: trunk-nightly-20190917-29l5j-2509219610, networkLocation: /default-rack, certSerialId: null}, Type:RATIS, Factor:THREE, State:CLOSED] from datanode 76e9ed70-2a32-4a64-9388-b77e9aa6f857{ip: 192.168.69.122, host: trunk-nightly-20190917-29l5j-2509219610, networkLocation: /default-rack, certSerialId: null}. Reason : 76e9ed70-2a32-4a64-9388-b77e9aa6f857 has not seen follower/s f1727f7a-dfce-47cb-9d44-d863f6c274c0 for 186416ms 72845ddd-7944-416b-9dd2-35fcccd22f3d for 186419ms
2019-09-17 06:07:26,099 [EventQueue-PipelineActionsForPipelineActionHandler] INFO  pipeline.SCMPipelineManager (SCMPipelineManager.java:finalizeAndDestroyPipeline(311)) - destroying pipeline:Pipeline[ Id: f19de06e-3053-4ec9-9fdd-e83674309dfa, Nodes: 72845ddd-7944-416b-9dd2-35fcccd22f3d{ip: 192.168.69.122, host: trunk-nightly-20190917-29l5j-2509219610, networkLocation: /default-rack, certSerialId: null}76e9ed70-2a32-4a64-9388-b77e9aa6f857{ip: 192.168.69.122, host: trunk-nightly-20190917-29l5j-2509219610, networkLocation: /default-rack, certSerialId: null}f1727f7a-dfce-47cb-9d44-d863f6c274c0{ip: 192.168.69.122, host: trunk-nightly-20190917-29l5j-2509219610, networkLocation: /default-rack, certSerialId: null}, Type:RATIS, Factor:THREE, State:CLOSED]
2019-09-17 06:07:26,107 [grpc-default-executor-0] INFO  impl.RaftServerProxy (RaftServerProxy.java:remove(95)) - 72845ddd-7944-416b-9dd2-35fcccd22f3d: remove  FOLLOWER 72845ddd-7944-416b-9dd2-35fcccd22f3d@group-E83674309DFA:t1, leader=76e9ed70-2a32-4a64-9388-b77e9aa6f857, voted=76e9ed70-2a32-4a64-9388-b77e9aa6f857, raftlog=72845ddd-7944-416b-9dd2-35fcccd22f3d@group-E83674309DFA-SegmentedRaftLog:OPENED:c6,f6,i10, conf=0: [76e9ed70-2a32-4a64-9388-b77e9aa6f857:192.168.69.122:43336, f1727f7a-dfce-47cb-9d44-d863f6c274c0:192.168.69.122:33937, 72845ddd-7944-416b-9dd2-35fcccd22f3d:192.168.69.122:41609], old=null RUNNING
2019-09-17 06:07:26,111 [grpc-default-executor-0] INFO  impl.RaftServerImpl (RaftServerImpl.java:lambda$shutdown$3(251)) - 72845ddd-7944-416b-9dd2-35fcccd22f3d@group-E83674309DFA: shutdown
2019-09-17 06:07:26,112 [grpc-default-executor-0] INFO  util.JmxRegister (JmxRegister.java:unregister(73)) - Successfully un-registered JMX Bean with object name Ratis:service=RaftServer,group=group-E83674309DFA,id=72845ddd-7944-416b-9dd2-35fcccd22f3d
2019-09-17 06:07:26,112 [grpc-default-executor-0] INFO  impl.RoleInfo (RoleInfo.java:shutdownFollowerState(121)) - 72845ddd-7944-416b-9dd2-35fcccd22f3d: shutdown FollowerState
2019-09-17 06:07:26,113 [grpc-default-executor-0] INFO  impl.StateMachineUpdater (StateMachineUpdater.java:stopAndJoin(125)) - 72845ddd-7944-416b-9dd2-35fcccd22f3d@group-E83674309DFA-StateMachineUpdater: set stopIndex = 6
2019-09-17 06:07:26,113 [Thread-315] INFO  impl.FollowerState (FollowerState.java:run(115)) - 72845ddd-7944-416b-9dd2-35fcccd22f3d: FollowerState was interrupted: java.lang.InterruptedException: sleep interrupted
2019-09-17 06:07:26,113 [72845ddd-7944-416b-9dd2-35fcccd22f3d@group-E83674309DFA-StateMachineUpdater] INFO  ratis.ContainerStateMachine (ContainerStateMachine.java:takeSnapshot(289)) - group-E83674309DFA: Taking a snapshot at:(t:1, i:4) file /workdir/hadoop-ozone/integration-test/target/test-dir/MiniOzoneClusterImpl-75dfc597-4d0a-4fc3-997c-bd58322963d8/datanode-2/data/ratis/f19de06e-3053-4ec9-9fdd-e83674309dfa/sm/snapshot.1_4
2019-09-17 06:07:26,116 [java.util.concurrent.ThreadPoolExecutor$Worker@698c243a[State = -1, empty queue]] WARN  server.GrpcLogAppender (GrpcLogAppender.java:timeoutAppendRequest(200)) - 76e9ed70-2a32-4a64-9388-b77e9aa6f857@group-E83674309DFA->72845ddd-7944-416b-9dd2-35fcccd22f3d-GrpcLogAppender: appendEntries Timeout, request=76e9ed70-2a32-4a64-9388-b77e9aa6f857->72845ddd-7944-416b-9dd2-35fcccd22f3d#84-t1, previous=(t:1, i:10), leaderCommit=6, initializing? false, entries: <empty>
2019-09-17 06:07:26,116 [java.util.concurrent.ThreadPoolExecutor$Worker@5ad35b0c[State = -1, empty queue]] WARN  server.GrpcLogAppender (GrpcLogAppender.java:timeoutAppendRequest(200)) - 76e9ed70-2a32-4a64-9388-b77e9aa6f857@group-E83674309DFA->f1727f7a-dfce-47cb-9d44-d863f6c274c0-GrpcLogAppender: appendEntries Timeout, request=76e9ed70-2a32-4a64-9388-b77e9aa6f857->f1727f7a-dfce-47cb-9d44-d863f6c274c0#84-t1, previous=(t:1, i:10), leaderCommit=6, initializing? false, entries: <empty>
2019-09-17 06:07:26,165 [72845ddd-7944-416b-9dd2-35fcccd22f3d@group-E83674309DFA-StateMachineUpdater] INFO  ratis.ContainerStateMachine (ContainerStateMachine.java:takeSnapshot(300)) - group-E83674309DFA: Finished taking a snapshot at:(t:1, i:4) file:/workdir/hadoop-ozone/integration-test/target/test-dir/MiniOzoneClusterImpl-75dfc597-4d0a-4fc3-997c-bd58322963d8/datanode-2/data/ratis/f19de06e-3053-4ec9-9fdd-e83674309dfa/sm/snapshot.1_4 time:52
2019-09-17 06:07:26,174 [72845ddd-7944-416b-9dd2-35fcccd22f3d@group-E83674309DFA-StateMachineUpdater] INFO  impl.StateMachineUpdater (StateMachineUpdater.java:takeSnapshot(258)) - 72845ddd-7944-416b-9dd2-35fcccd22f3d@group-E83674309DFA-StateMachineUpdater: Took a snapshot at index 4
2019-09-17 06:07:26,191 [72845ddd-7944-416b-9dd2-35fcccd22f3d@group-E83674309DFA-StateMachineUpdater] INFO  impl.StateMachineUpdater (StateMachineUpdater.java:lambda$new$0(83)) - 72845ddd-7944-416b-9dd2-35fcccd22f3d@group-E83674309DFA-StateMachineUpdater: snapshotIndex: updateIncreasingly -1 -> 4
2019-09-17 06:07:26,197 [72845ddd-7944-416b-9dd2-35fcccd22f3d@group-E83674309DFA-StateMachineUpdater] INFO  ratis.ContainerStateMachine (ContainerStateMachine.java:takeSnapshot(289)) - group-E83674309DFA: Taking a snapshot at:(t:1, i:4) file /workdir/hadoop-ozone/integration-test/target/test-dir/MiniOzoneClusterImpl-75dfc597-4d0a-4fc3-997c-bd58322963d8/datanode-2/data/ratis/f19de06e-3053-4ec9-9fdd-e83674309dfa/sm/snapshot.1_4
2019-09-17 06:07:26,210 [72845ddd-7944-416b-9dd2-35fcccd22f3d@group-E83674309DFA-StateMachineUpdater] INFO  ratis.ContainerStateMachine (ContainerStateMachine.java:takeSnapshot(300)) - group-E83674309DFA: Finished taking a snapshot at:(t:1, i:4) file:/workdir/hadoop-ozone/integration-test/target/test-dir/MiniOzoneClusterImpl-75dfc597-4d0a-4fc3-997c-bd58322963d8/datanode-2/data/ratis/f19de06e-3053-4ec9-9fdd-e83674309dfa/sm/snapshot.1_4 time:13
2019-09-17 06:07:26,211 [72845ddd-7944-416b-9dd2-35fcccd22f3d@group-E83674309DFA-StateMachineUpdater] INFO  impl.StateMachineUpdater (StateMachineUpdater.java:takeSnapshot(258)) - 72845ddd-7944-416b-9dd2-35fcccd22f3d@group-E83674309DFA-StateMachineUpdater: Took a snapshot at index 4
2019-09-17 06:07:26,211 [72845ddd-7944-416b-9dd2-35fcccd22f3d@group-E83674309DFA-StateMachineUpdater] INFO  impl.StateMachineUpdater (StateMachineUpdater.java:lambda$new$0(83)) - 72845ddd-7944-416b-9dd2-35fcccd22f3d@group-E83674309DFA-StateMachineUpdater: snapshotIndex: updateIncreasingly 4 -> 4
2019-09-17 06:07:26,211 [grpc-default-executor-0] INFO  impl.RaftServerImpl (ServerState.java:close(385)) - 72845ddd-7944-416b-9dd2-35fcccd22f3d@group-E83674309DFA: closes. applyIndex: 6
2019-09-17 06:07:26,216 [72845ddd-7944-416b-9dd2-35fcccd22f3d@group-E83674309DFA-SegmentedRaftLogWorker] ERROR ratis.XceiverServerRatis (XceiverServerRatis.java:triggerPipelineClose(575)) - pipeline Action CLOSE  on pipeline PipelineID=f19de06e-3053-4ec9-9fdd-e83674309dfa.Reason : WriteLog:8: (t:1, i:8), STATEMACHINELOGENTRY, client-BBE8F4642F4E, cid=22-writeStateMachineData interrupted.
2019-09-17 06:07:26,219 [EventQueue-PipelineActionsForPipelineActionHandler] ERROR pipeline.PipelineActionHandler (PipelineActionHandler.java:onMessage(60)) - Received pipeline action CLOSE for Pipeline[ Id: f19de06e-3053-4ec9-9fdd-e83674309dfa, Nodes: 72845ddd-7944-416b-9dd2-35fcccd22f3d{ip: 192.168.69.122, host: trunk-nightly-20190917-29l5j-2509219610, networkLocation: /default-rack, certSerialId: null}76e9ed70-2a32-4a64-9388-b77e9aa6f857{ip: 192.168.69.122, host: trunk-nightly-20190917-29l5j-2509219610, networkLocation: /default-rack, certSerialId: null}f1727f7a-dfce-47cb-9d44-d863f6c274c0{ip: 192.168.69.122, host: trunk-nightly-20190917-29l5j-2509219610, networkLocation: /default-rack, certSerialId: null}, Type:RATIS, Factor:THREE, State:CLOSED] from datanode 72845ddd-7944-416b-9dd2-35fcccd22f3d{ip: 192.168.69.122, host: trunk-nightly-20190917-29l5j-2509219610, networkLocation: /default-rack, certSerialId: null}. Reason : WriteLog:8: (t:1, i:8), STATEMACHINELOGENTRY, client-BBE8F4642F4E, cid=22-writeStateMachineData interrupted.
2019-09-17 06:07:26,220 [EventQueue-PipelineActionsForPipelineActionHandler] INFO  pipeline.SCMPipelineManager (SCMPipelineManager.java:finalizeAndDestroyPipeline(311)) - destroying pipeline:Pipeline[ Id: f19de06e-3053-4ec9-9fdd-e83674309dfa, Nodes: 72845ddd-7944-416b-9dd2-35fcccd22f3d{ip: 192.168.69.122, host: trunk-nightly-20190917-29l5j-2509219610, networkLocation: /default-rack, certSerialId: null}76e9ed70-2a32-4a64-9388-b77e9aa6f857{ip: 192.168.69.122, host: trunk-nightly-20190917-29l5j-2509219610, networkLocation: /default-rack, certSerialId: null}f1727f7a-dfce-47cb-9d44-d863f6c274c0{ip: 192.168.69.122, host: trunk-nightly-20190917-29l5j-2509219610, networkLocation: /default-rack, certSerialId: null}, Type:RATIS, Factor:THREE, State:CLOSED]
2019-09-17 06:07:26,230 [grpc-default-executor-0] INFO  segmented.SegmentedRaftLogWorker (SegmentedRaftLogWorker.java:close(228)) - 72845ddd-7944-416b-9dd2-35fcccd22f3d@group-E83674309DFA-SegmentedRaftLogWorker close()
2019-09-17 06:07:26,251 [grpc-default-executor-0] INFO  interfaces.Container (KeyValueContainer.java:flushAndSyncDB(386)) - Container 1 is synced with bcsId 4.
2019-09-17 06:07:26,251 [grpc-default-executor-0] INFO  interfaces.Container (KeyValueContainer.java:flushAndSyncDB(386)) - Container 1 is synced with bcsId 4.
2019-09-17 06:07:26,268 [EventQueue-IncrementalContainerReportForIncrementalContainerReportHandler] INFO  container.IncrementalContainerReportHandler (AbstractContainerReportHandler.java:updateContainerState(169)) - Moving container #1 to QUASI_CLOSED state, datanode 72845ddd-7944-416b-9dd2-35fcccd22f3d{ip: 192.168.69.122, host: trunk-nightly-20190917-29l5j-2509219610, networkLocation: /default-rack, certSerialId: null} reported QUASI_CLOSED replica.
2019-09-17 06:07:26,335 [grpc-default-executor-0] INFO  interfaces.Container (KeyValueContainer.java:flushAndSyncDB(386)) - Container 3 is synced with bcsId 0.
2019-09-17 06:07:26,336 [grpc-default-executor-0] INFO  interfaces.Container (KeyValueContainer.java:flushAndSyncDB(386)) - Container 3 is synced with bcsId 0.
2019-09-17 06:07:26,353 [EventQueue-IncrementalContainerReportForIncrementalContainerReportHandler] INFO  container.IncrementalContainerReportHandler (AbstractContainerReportHandler.java:updateContainerState(169)) - Moving container #3 to QUASI_CLOSED state, datanode 72845ddd-7944-416b-9dd2-35fcccd22f3d{ip: 192.168.69.122, host: trunk-nightly-20190917-29l5j-2509219610, networkLocation: /default-rack, certSerialId: null} reported QUASI_CLOSED replica.
2019-09-17 06:07:26,370 [grpc-default-executor-0] INFO  impl.RaftServerProxy (RaftServerProxy.java:remove(95)) - 76e9ed70-2a32-4a64-9388-b77e9aa6f857: remove    LEADER 76e9ed70-2a32-4a64-9388-b77e9aa6f857@group-E83674309DFA:t1, leader=76e9ed70-2a32-4a64-9388-b77e9aa6f857, voted=76e9ed70-2a32-4a64-9388-b77e9aa6f857, raftlog=76e9ed70-2a32-4a64-9388-b77e9aa6f857@group-E83674309DFA-SegmentedRaftLog:OPENED:c6,f6,i10, conf=0: [76e9ed70-2a32-4a64-9388-b77e9aa6f857:192.168.69.122:43336, f1727f7a-dfce-47cb-9d44-d863f6c274c0:192.168.69.122:33937, 72845ddd-7944-416b-9dd2-35fcccd22f3d:192.168.69.122:41609], old=null RUNNING
2019-09-17 06:07:26,370 [grpc-default-executor-0] INFO  impl.RaftServerImpl (RaftServerImpl.java:lambda$shutdown$3(251)) - 76e9ed70-2a32-4a64-9388-b77e9aa6f857@group-E83674309DFA: shutdown
2019-09-17 06:07:26,371 [grpc-default-executor-0] INFO  util.JmxRegister (JmxRegister.java:unregister(73)) - Successfully un-registered JMX Bean with object name Ratis:service=RaftServer,group=group-E83674309DFA,id=76e9ed70-2a32-4a64-9388-b77e9aa6f857
2019-09-17 06:07:26,371 [grpc-default-executor-0] INFO  impl.RoleInfo (RoleInfo.java:shutdownLeaderState(104)) - 76e9ed70-2a32-4a64-9388-b77e9aa6f857: shutdown LeaderState
2019-09-17 06:07:26,376 [grpc-default-executor-0] INFO  impl.PendingRequests (PendingRequests.java:sendNotLeaderResponses(202)) - 76e9ed70-2a32-4a64-9388-b77e9aa6f857-PendingRequests: sendNotLeaderResponses
2019-09-17 06:07:26,376 [org.apache.ratis.server.impl.LogAppender$AppenderDaemon$$Lambda$505/2035288324@121685a4] WARN  server.GrpcLogAppender (GrpcLogAppender.java:mayWait(143)) - 76e9ed70-2a32-4a64-9388-b77e9aa6f857@group-E83674309DFA->72845ddd-7944-416b-9dd2-35fcccd22f3d-GrpcLogAppender: Wait interrupted by java.lang.InterruptedException
2019-09-17 06:07:26,376 [org.apache.ratis.server.impl.LogAppender$AppenderDaemon$$Lambda$505/2035288324@7db14276] WARN  server.GrpcLogAppender (GrpcLogAppender.java:mayWait(143)) - 76e9ed70-2a32-4a64-9388-b77e9aa6f857@group-E83674309DFA->f1727f7a-dfce-47cb-9d44-d863f6c274c0-GrpcLogAppender: Wait interrupted by java.lang.InterruptedException
2019-09-17 06:07:26,378 [grpc-default-executor-1] INFO  server.GrpcServerProtocolService (GrpcServerProtocolService.java:onCompleted(113)) - 72845ddd-7944-416b-9dd2-35fcccd22f3d: Completed APPEND_ENTRIES, lastRequest: 76e9ed70-2a32-4a64-9388-b77e9aa6f857->72845ddd-7944-416b-9dd2-35fcccd22f3d#85-t1, previous=(t:1, i:10), leaderCommit=6, initializing? false, entries: <empty>
2019-09-17 06:07:26,378 [grpc-default-executor-2] INFO  server.GrpcServerProtocolService (GrpcServerProtocolService.java:onCompleted(113)) - f1727f7a-dfce-47cb-9d44-d863f6c274c0: Completed APPEND_ENTRIES, lastRequest: 76e9ed70-2a32-4a64-9388-b77e9aa6f857->f1727f7a-dfce-47cb-9d44-d863f6c274c0#85-t1, previous=(t:1, i:10), leaderCommit=6, initializing? false, entries: <empty>
2019-09-17 06:07:26,381 [grpc-default-executor-1] INFO  server.GrpcLogAppender (GrpcLogAppender.java:onCompleted(293)) - 76e9ed70-2a32-4a64-9388-b77e9aa6f857@group-E83674309DFA->72845ddd-7944-416b-9dd2-35fcccd22f3d-AppendLogResponseHandler: follower responses appendEntries COMPLETED
2019-09-17 06:07:26,381 [grpc-default-executor-2] INFO  server.GrpcLogAppender (GrpcLogAppender.java:onCompleted(293)) - 76e9ed70-2a32-4a64-9388-b77e9aa6f857@group-E83674309DFA->f1727f7a-dfce-47cb-9d44-d863f6c274c0-AppendLogResponseHandler: follower responses appendEntries COMPLETED
2019-09-17 06:07:26,383 [grpc-default-executor-2] INFO  impl.FollowerInfo (FollowerInfo.java:lambda$new$0(51)) - 76e9ed70-2a32-4a64-9388-b77e9aa6f857@group-E83674309DFA->f1727f7a-dfce-47cb-9d44-d863f6c274c0: nextIndex: updateUnconditionally 11 -> 7
2019-09-17 06:07:26,383 [grpc-default-executor-1] INFO  impl.FollowerInfo (FollowerInfo.java:lambda$new$0(51)) - 76e9ed70-2a32-4a64-9388-b77e9aa6f857@group-E83674309DFA->72845ddd-7944-416b-9dd2-35fcccd22f3d: nextIndex: updateUnconditionally 11 -> 7
2019-09-17 06:07:26,391 [grpc-default-executor-0] INFO  impl.StateMachineUpdater (StateMachineUpdater.java:stopAndJoin(125)) - 76e9ed70-2a32-4a64-9388-b77e9aa6f857@group-E83674309DFA-StateMachineUpdater: set stopIndex = 6
2019-09-17 06:07:26,398 [76e9ed70-2a32-4a64-9388-b77e9aa6f857@group-E83674309DFA-StateMachineUpdater] INFO  ratis.ContainerStateMachine (ContainerStateMachine.java:takeSnapshot(289)) - group-E83674309DFA: Taking a snapshot at:(t:1, i:6) file /workdir/hadoop-ozone/integration-test/target/test-dir/MiniOzoneClusterImpl-75dfc597-4d0a-4fc3-997c-bd58322963d8/datanode-0/data/ratis/f19de06e-3053-4ec9-9fdd-e83674309dfa/sm/snapshot.1_6
2019-09-17 06:07:26,399 [Command processor thread] ERROR commandhandler.CloseContainerCommandHandler (CloseContainerCommandHandler.java:handle(125)) - Can't close container #3
java.io.IOException: org.apache.ratis.protocol.GroupMismatchException: 76e9ed70-2a32-4a64-9388-b77e9aa6f857: group-E83674309DFA not found.
	at org.apache.hadoop.ozone.container.common.transport.server.ratis.XceiverServerRatis.submitRequest(XceiverServerRatis.java:502)
	at org.apache.hadoop.ozone.container.common.statemachine.commandhandler.CloseContainerCommandHandler.handle(CloseContainerCommandHandler.java:102)
	at org.apache.hadoop.ozone.container.common.statemachine.commandhandler.CommandDispatcher.handle(CommandDispatcher.java:99)
	at org.apache.hadoop.ozone.container.common.statemachine.DatanodeStateMachine.lambda$initCommandHandlerThread$1(DatanodeStateMachine.java:432)
	at java.lang.Thread.run(Thread.java:748)
Caused by: java.util.concurrent.ExecutionException: org.apache.ratis.protocol.GroupMismatchException: 76e9ed70-2a32-4a64-9388-b77e9aa6f857: group-E83674309DFA not found.
	at java.util.concurrent.CompletableFuture.reportGet(CompletableFuture.java:357)
	at java.util.concurrent.CompletableFuture.get(CompletableFuture.java:1895)
	at org.apache.hadoop.ozone.container.common.transport.server.ratis.XceiverServerRatis.submitRequest(XceiverServerRatis.java:500)
	... 4 more
Caused by: org.apache.ratis.protocol.GroupMismatchException: 76e9ed70-2a32-4a64-9388-b77e9aa6f857: group-E83674309DFA not found.
	at org.apache.ratis.server.impl.RaftServerProxy$ImplMap.get(RaftServerProxy.java:122)
	at org.apache.ratis.server.impl.RaftServerProxy.getImplFuture(RaftServerProxy.java:269)
	at org.apache.ratis.server.impl.RaftServerProxy.submitRequest(RaftServerProxy.java:327)
	at org.apache.ratis.server.impl.RaftServerProxy.submitClientRequestAsync(RaftServerProxy.java:333)
	... 5 more
2019-09-17 06:07:26,430 [76e9ed70-2a32-4a64-9388-b77e9aa6f857@group-E83674309DFA-StateMachineUpdater] INFO  ratis.ContainerStateMachine (ContainerStateMachine.java:takeSnapshot(300)) - group-E83674309DFA: Finished taking a snapshot at:(t:1, i:6) file:/workdir/hadoop-ozone/integration-test/target/test-dir/MiniOzoneClusterImpl-75dfc597-4d0a-4fc3-997c-bd58322963d8/datanode-0/data/ratis/f19de06e-3053-4ec9-9fdd-e83674309dfa/sm/snapshot.1_6 time:35
2019-09-17 06:07:26,430 [76e9ed70-2a32-4a64-9388-b77e9aa6f857@group-E83674309DFA-StateMachineUpdater] INFO  impl.StateMachineUpdater (StateMachineUpdater.java:takeSnapshot(258)) - 76e9ed70-2a32-4a64-9388-b77e9aa6f857@group-E83674309DFA-StateMachineUpdater: Took a snapshot at index 6
2019-09-17 06:07:26,431 [76e9ed70-2a32-4a64-9388-b77e9aa6f857@group-E83674309DFA-StateMachineUpdater] INFO  impl.StateMachineUpdater (StateMachineUpdater.java:lambda$new$0(83)) - 76e9ed70-2a32-4a64-9388-b77e9aa6f857@group-E83674309DFA-StateMachineUpdater: snapshotIndex: updateIncreasingly -1 -> 6
2019-09-17 06:07:26,431 [grpc-default-executor-0] INFO  impl.RaftServerImpl (ServerState.java:close(385)) - 76e9ed70-2a32-4a64-9388-b77e9aa6f857@group-E83674309DFA: closes. applyIndex: 6
2019-09-17 06:07:26,432 [76e9ed70-2a32-4a64-9388-b77e9aa6f857@group-E83674309DFA-SegmentedRaftLogWorker] ERROR ratis.XceiverServerRatis (XceiverServerRatis.java:triggerPipelineClose(575)) - pipeline Action CLOSE  on pipeline PipelineID=f19de06e-3053-4ec9-9fdd-e83674309dfa.Reason : WriteLog:8: (t:1, i:8), STATEMACHINELOGENTRY, client-BBE8F4642F4E, cid=22-writeStateMachineData interrupted.
2019-09-17 06:07:26,434 [EventQueue-PipelineActionsForPipelineActionHandler] ERROR pipeline.PipelineActionHandler (PipelineActionHandler.java:onMessage(60)) - Received pipeline action CLOSE for Pipeline[ Id: f19de06e-3053-4ec9-9fdd-e83674309dfa, Nodes: 72845ddd-7944-416b-9dd2-35fcccd22f3d{ip: 192.168.69.122, host: trunk-nightly-20190917-29l5j-2509219610, networkLocation: /default-rack, certSerialId: null}76e9ed70-2a32-4a64-9388-b77e9aa6f857{ip: 192.168.69.122, host: trunk-nightly-20190917-29l5j-2509219610, networkLocation: /default-rack, certSerialId: null}f1727f7a-dfce-47cb-9d44-d863f6c274c0{ip: 192.168.69.122, host: trunk-nightly-20190917-29l5j-2509219610, networkLocation: /default-rack, certSerialId: null}, Type:RATIS, Factor:THREE, State:CLOSED] from datanode 76e9ed70-2a32-4a64-9388-b77e9aa6f857{ip: 192.168.69.122, host: trunk-nightly-20190917-29l5j-2509219610, networkLocation: /default-rack, certSerialId: null}. Reason : WriteLog:8: (t:1, i:8), STATEMACHINELOGENTRY, client-BBE8F4642F4E, cid=22-writeStateMachineData interrupted.
2019-09-17 06:07:26,435 [EventQueue-PipelineActionsForPipelineActionHandler] INFO  pipeline.SCMPipelineManager (SCMPipelineManager.java:finalizeAndDestroyPipeline(311)) - destroying pipeline:Pipeline[ Id: f19de06e-3053-4ec9-9fdd-e83674309dfa, Nodes: 72845ddd-7944-416b-9dd2-35fcccd22f3d{ip: 192.168.69.122, host: trunk-nightly-20190917-29l5j-2509219610, networkLocation: /default-rack, certSerialId: null}76e9ed70-2a32-4a64-9388-b77e9aa6f857{ip: 192.168.69.122, host: trunk-nightly-20190917-29l5j-2509219610, networkLocation: /default-rack, certSerialId: null}f1727f7a-dfce-47cb-9d44-d863f6c274c0{ip: 192.168.69.122, host: trunk-nightly-20190917-29l5j-2509219610, networkLocation: /default-rack, certSerialId: null}, Type:RATIS, Factor:THREE, State:CLOSED]
2019-09-17 06:07:26,441 [grpc-default-executor-0] INFO  segmented.SegmentedRaftLogWorker (SegmentedRaftLogWorker.java:close(228)) - 76e9ed70-2a32-4a64-9388-b77e9aa6f857@group-E83674309DFA-SegmentedRaftLogWorker close()
2019-09-17 06:07:26,458 [grpc-default-executor-0] INFO  interfaces.Container (KeyValueContainer.java:flushAndSyncDB(386)) - Container 1 is synced with bcsId 4.
2019-09-17 06:07:26,459 [grpc-default-executor-0] INFO  interfaces.Container (KeyValueContainer.java:flushAndSyncDB(386)) - Container 1 is synced with bcsId 4.
2019-09-17 06:07:26,532 [grpc-default-executor-0] INFO  interfaces.Container (KeyValueContainer.java:flushAndSyncDB(386)) - Container 3 is synced with bcsId 0.
2019-09-17 06:07:26,532 [grpc-default-executor-0] INFO  interfaces.Container (KeyValueContainer.java:flushAndSyncDB(386)) - Container 3 is synced with bcsId 0.
2019-09-17 06:07:26,560 [grpc-default-executor-0] INFO  impl.RaftServerProxy (RaftServerProxy.java:remove(95)) - f1727f7a-dfce-47cb-9d44-d863f6c274c0: remove  FOLLOWER f1727f7a-dfce-47cb-9d44-d863f6c274c0@group-E83674309DFA:t1, leader=76e9ed70-2a32-4a64-9388-b77e9aa6f857, voted=76e9ed70-2a32-4a64-9388-b77e9aa6f857, raftlog=f1727f7a-dfce-47cb-9d44-d863f6c274c0@group-E83674309DFA-SegmentedRaftLog:OPENED:c6,f6,i10, conf=0: [76e9ed70-2a32-4a64-9388-b77e9aa6f857:192.168.69.122:43336, f1727f7a-dfce-47cb-9d44-d863f6c274c0:192.168.69.122:33937, 72845ddd-7944-416b-9dd2-35fcccd22f3d:192.168.69.122:41609], old=null RUNNING
2019-09-17 06:07:26,561 [grpc-default-executor-0] INFO  impl.RaftServerImpl (RaftServerImpl.java:lambda$shutdown$3(251)) - f1727f7a-dfce-47cb-9d44-d863f6c274c0@group-E83674309DFA: shutdown
2019-09-17 06:07:26,561 [grpc-default-executor-0] INFO  util.JmxRegister (JmxRegister.java:unregister(73)) - Successfully un-registered JMX Bean with object name Ratis:service=RaftServer,group=group-E83674309DFA,id=f1727f7a-dfce-47cb-9d44-d863f6c274c0
2019-09-17 06:07:26,561 [grpc-default-executor-0] INFO  impl.RoleInfo (RoleInfo.java:shutdownFollowerState(121)) - f1727f7a-dfce-47cb-9d44-d863f6c274c0: shutdown FollowerState
2019-09-17 06:07:26,562 [grpc-default-executor-0] INFO  impl.StateMachineUpdater (StateMachineUpdater.java:stopAndJoin(125)) - f1727f7a-dfce-47cb-9d44-d863f6c274c0@group-E83674309DFA-StateMachineUpdater: set stopIndex = 6
2019-09-17 06:07:26,562 [Thread-314] INFO  impl.FollowerState (FollowerState.java:run(115)) - f1727f7a-dfce-47cb-9d44-d863f6c274c0: FollowerState was interrupted: java.lang.InterruptedException: sleep interrupted
2019-09-17 06:07:26,562 [f1727f7a-dfce-47cb-9d44-d863f6c274c0@group-E83674309DFA-StateMachineUpdater] INFO  ratis.ContainerStateMachine (ContainerStateMachine.java:takeSnapshot(289)) - group-E83674309DFA: Taking a snapshot at:(t:1, i:4) file /workdir/hadoop-ozone/integration-test/target/test-dir/MiniOzoneClusterImpl-75dfc597-4d0a-4fc3-997c-bd58322963d8/datanode-6/data/ratis/f19de06e-3053-4ec9-9fdd-e83674309dfa/sm/snapshot.1_4
2019-09-17 06:07:26,578 [f1727f7a-dfce-47cb-9d44-d863f6c274c0@group-E83674309DFA-StateMachineUpdater] INFO  ratis.ContainerStateMachine (ContainerStateMachine.java:takeSnapshot(300)) - group-E83674309DFA: Finished taking a snapshot at:(t:1, i:4) file:/workdir/hadoop-ozone/integration-test/target/test-dir/MiniOzoneClusterImpl-75dfc597-4d0a-4fc3-997c-bd58322963d8/datanode-6/data/ratis/f19de06e-3053-4ec9-9fdd-e83674309dfa/sm/snapshot.1_4 time:16
2019-09-17 06:07:26,578 [f1727f7a-dfce-47cb-9d44-d863f6c274c0@group-E83674309DFA-StateMachineUpdater] INFO  impl.StateMachineUpdater (StateMachineUpdater.java:takeSnapshot(258)) - f1727f7a-dfce-47cb-9d44-d863f6c274c0@group-E83674309DFA-StateMachineUpdater: Took a snapshot at index 4
2019-09-17 06:07:26,578 [f1727f7a-dfce-47cb-9d44-d863f6c274c0@group-E83674309DFA-StateMachineUpdater] INFO  impl.StateMachineUpdater (StateMachineUpdater.java:lambda$new$0(83)) - f1727f7a-dfce-47cb-9d44-d863f6c274c0@group-E83674309DFA-StateMachineUpdater: snapshotIndex: updateIncreasingly -1 -> 4
2019-09-17 06:07:26,579 [f1727f7a-dfce-47cb-9d44-d863f6c274c0@group-E83674309DFA-StateMachineUpdater] INFO  ratis.ContainerStateMachine (ContainerStateMachine.java:takeSnapshot(289)) - group-E83674309DFA: Taking a snapshot at:(t:1, i:4) file /workdir/hadoop-ozone/integration-test/target/test-dir/MiniOzoneClusterImpl-75dfc597-4d0a-4fc3-997c-bd58322963d8/datanode-6/data/ratis/f19de06e-3053-4ec9-9fdd-e83674309dfa/sm/snapshot.1_4
2019-09-17 06:07:26,591 [f1727f7a-dfce-47cb-9d44-d863f6c274c0@group-E83674309DFA-StateMachineUpdater] INFO  ratis.ContainerStateMachine (ContainerStateMachine.java:takeSnapshot(300)) - group-E83674309DFA: Finished taking a snapshot at:(t:1, i:4) file:/workdir/hadoop-ozone/integration-test/target/test-dir/MiniOzoneClusterImpl-75dfc597-4d0a-4fc3-997c-bd58322963d8/datanode-6/data/ratis/f19de06e-3053-4ec9-9fdd-e83674309dfa/sm/snapshot.1_4 time:13
2019-09-17 06:07:26,591 [f1727f7a-dfce-47cb-9d44-d863f6c274c0@group-E83674309DFA-StateMachineUpdater] INFO  impl.StateMachineUpdater (StateMachineUpdater.java:takeSnapshot(258)) - f1727f7a-dfce-47cb-9d44-d863f6c274c0@group-E83674309DFA-StateMachineUpdater: Took a snapshot at index 4
2019-09-17 06:07:26,592 [f1727f7a-dfce-47cb-9d44-d863f6c274c0@group-E83674309DFA-StateMachineUpdater] INFO  impl.StateMachineUpdater (StateMachineUpdater.java:lambda$new$0(83)) - f1727f7a-dfce-47cb-9d44-d863f6c274c0@group-E83674309DFA-StateMachineUpdater: snapshotIndex: updateIncreasingly 4 -> 4
2019-09-17 06:07:26,592 [grpc-default-executor-0] INFO  impl.RaftServerImpl (ServerState.java:close(385)) - f1727f7a-dfce-47cb-9d44-d863f6c274c0@group-E83674309DFA: closes. applyIndex: 6
2019-09-17 06:07:26,601 [f1727f7a-dfce-47cb-9d44-d863f6c274c0@group-E83674309DFA-SegmentedRaftLogWorker] ERROR ratis.XceiverServerRatis (XceiverServerRatis.java:triggerPipelineClose(575)) - pipeline Action CLOSE  on pipeline PipelineID=f19de06e-3053-4ec9-9fdd-e83674309dfa.Reason : WriteLog:8: (t:1, i:8), STATEMACHINELOGENTRY, client-BBE8F4642F4E, cid=22-writeStateMachineData interrupted.
2019-09-17 06:07:26,607 [EventQueue-PipelineActionsForPipelineActionHandler] ERROR pipeline.PipelineActionHandler (PipelineActionHandler.java:onMessage(60)) - Received pipeline action CLOSE for Pipeline[ Id: f19de06e-3053-4ec9-9fdd-e83674309dfa, Nodes: 72845ddd-7944-416b-9dd2-35fcccd22f3d{ip: 192.168.69.122, host: trunk-nightly-20190917-29l5j-2509219610, networkLocation: /default-rack, certSerialId: null}76e9ed70-2a32-4a64-9388-b77e9aa6f857{ip: 192.168.69.122, host: trunk-nightly-20190917-29l5j-2509219610, networkLocation: /default-rack, certSerialId: null}f1727f7a-dfce-47cb-9d44-d863f6c274c0{ip: 192.168.69.122, host: trunk-nightly-20190917-29l5j-2509219610, networkLocation: /default-rack, certSerialId: null}, Type:RATIS, Factor:THREE, State:CLOSED] from datanode f1727f7a-dfce-47cb-9d44-d863f6c274c0{ip: 192.168.69.122, host: trunk-nightly-20190917-29l5j-2509219610, networkLocation: /default-rack, certSerialId: null}. Reason : WriteLog:8: (t:1, i:8), STATEMACHINELOGENTRY, client-BBE8F4642F4E, cid=22-writeStateMachineData interrupted.
2019-09-17 06:07:26,608 [EventQueue-PipelineActionsForPipelineActionHandler] INFO  pipeline.SCMPipelineManager (SCMPipelineManager.java:finalizeAndDestroyPipeline(311)) - destroying pipeline:Pipeline[ Id: f19de06e-3053-4ec9-9fdd-e83674309dfa, Nodes: 72845ddd-7944-416b-9dd2-35fcccd22f3d{ip: 192.168.69.122, host: trunk-nightly-20190917-29l5j-2509219610, networkLocation: /default-rack, certSerialId: null}76e9ed70-2a32-4a64-9388-b77e9aa6f857{ip: 192.168.69.122, host: trunk-nightly-20190917-29l5j-2509219610, networkLocation: /default-rack, certSerialId: null}f1727f7a-dfce-47cb-9d44-d863f6c274c0{ip: 192.168.69.122, host: trunk-nightly-20190917-29l5j-2509219610, networkLocation: /default-rack, certSerialId: null}, Type:RATIS, Factor:THREE, State:CLOSED]
2019-09-17 06:07:26,618 [grpc-default-executor-0] INFO  segmented.SegmentedRaftLogWorker (SegmentedRaftLogWorker.java:close(228)) - f1727f7a-dfce-47cb-9d44-d863f6c274c0@group-E83674309DFA-SegmentedRaftLogWorker close()
2019-09-17 06:07:26,634 [grpc-default-executor-0] INFO  interfaces.Container (KeyValueContainer.java:flushAndSyncDB(386)) - Container 1 is synced with bcsId 4.
2019-09-17 06:07:26,634 [grpc-default-executor-0] INFO  interfaces.Container (KeyValueContainer.java:flushAndSyncDB(386)) - Container 1 is synced with bcsId 4.
2019-09-17 06:07:26,756 [grpc-default-executor-0] INFO  interfaces.Container (KeyValueContainer.java:flushAndSyncDB(386)) - Container 3 is synced with bcsId 0.
2019-09-17 06:07:26,756 [grpc-default-executor-0] INFO  interfaces.Container (KeyValueContainer.java:flushAndSyncDB(386)) - Container 3 is synced with bcsId 0.
2019-09-17 06:07:26,777 [RatisPipelineUtilsThread] INFO  pipeline.PipelineStateManager (PipelineStateManager.java:removePipeline(108)) - Pipeline Pipeline[ Id: f19de06e-3053-4ec9-9fdd-e83674309dfa, Nodes: 72845ddd-7944-416b-9dd2-35fcccd22f3d{ip: 192.168.69.122, host: trunk-nightly-20190917-29l5j-2509219610, networkLocation: /default-rack, certSerialId: null}76e9ed70-2a32-4a64-9388-b77e9aa6f857{ip: 192.168.69.122, host: trunk-nightly-20190917-29l5j-2509219610, networkLocation: /default-rack, certSerialId: null}f1727f7a-dfce-47cb-9d44-d863f6c274c0{ip: 192.168.69.122, host: trunk-nightly-20190917-29l5j-2509219610, networkLocation: /default-rack, certSerialId: null}, Type:RATIS, Factor:THREE, State:CLOSED] removed from db
2019-09-17 06:07:26,793 [grpc-default-executor-0] INFO  impl.RaftServerProxy (RaftServerProxy.java:addNew(89)) - 72845ddd-7944-416b-9dd2-35fcccd22f3d: addNew group-0B3452D6D747:[76e9ed70-2a32-4a64-9388-b77e9aa6f857:192.168.69.122:43336, f1727f7a-dfce-47cb-9d44-d863f6c274c0:192.168.69.122:33937, 72845ddd-7944-416b-9dd2-35fcccd22f3d:192.168.69.122:41609] returns group-0B3452D6D747:java.util.concurrent.CompletableFuture@552cd844[Not completed]
2019-09-17 06:07:26,796 [grpc-default-executor-2] INFO  impl.RaftServerProxy (RaftServerProxy.java:addNew(89)) - f1727f7a-dfce-47cb-9d44-d863f6c274c0: addNew group-0B3452D6D747:[76e9ed70-2a32-4a64-9388-b77e9aa6f857:192.168.69.122:43336, f1727f7a-dfce-47cb-9d44-d863f6c274c0:192.168.69.122:33937, 72845ddd-7944-416b-9dd2-35fcccd22f3d:192.168.69.122:41609] returns group-0B3452D6D747:java.util.concurrent.CompletableFuture@1d0b50ad[Not completed]
2019-09-17 06:07:26,799 [grpc-default-executor-0] INFO  impl.RaftServerProxy (RaftServerProxy.java:addNew(89)) - 76e9ed70-2a32-4a64-9388-b77e9aa6f857: addNew group-0B3452D6D747:[76e9ed70-2a32-4a64-9388-b77e9aa6f857:192.168.69.122:43336, f1727f7a-dfce-47cb-9d44-d863f6c274c0:192.168.69.122:33937, 72845ddd-7944-416b-9dd2-35fcccd22f3d:192.168.69.122:41609] returns group-0B3452D6D747:java.util.concurrent.CompletableFuture@2d93f4e3[Not completed]
2019-09-17 06:07:26,800 [pool-47-thread-1] INFO  impl.RaftServerImpl (RaftServerImpl.java:<init>(95)) - 72845ddd-7944-416b-9dd2-35fcccd22f3d: new RaftServerImpl for group-0B3452D6D747:[76e9ed70-2a32-4a64-9388-b77e9aa6f857:192.168.69.122:43336, f1727f7a-dfce-47cb-9d44-d863f6c274c0:192.168.69.122:33937, 72845ddd-7944-416b-9dd2-35fcccd22f3d:192.168.69.122:41609] with ContainerStateMachine:uninitialized
2019-09-17 06:07:26,801 [pool-47-thread-1] INFO  server.RaftServerConfigKeys (ConfUtils.java:logGet(43)) - raft.server.rpc.timeout.min = 5s (custom)
2019-09-17 06:07:26,801 [pool-47-thread-1] INFO  server.RaftServerConfigKeys (ConfUtils.java:logGet(43)) - raft.server.rpc.timeout.max = 5200ms (custom)
2019-09-17 06:07:26,801 [pool-47-thread-1] INFO  server.RaftServerConfigKeys (ConfUtils.java:logGet(43)) - raft.server.rpcslowness.timeout = 120s (custom)
2019-09-17 06:07:26,801 [pool-47-thread-1] INFO  server.RaftServerConfigKeys (ConfUtils.java:logGet(43)) - raft.server.sleep.deviation.threshold = 300 (default)
2019-09-17 06:07:26,801 [pool-47-thread-1] INFO  server.RaftServerConfigKeys (ConfUtils.java:logGet(43)) - raft.server.log.appender.install.snapshot.enabled = false (custom)
2019-09-17 06:07:26,801 [pool-47-thread-1] INFO  impl.RaftServerImpl (ServerState.java:<init>(103)) - 72845ddd-7944-416b-9dd2-35fcccd22f3d@group-0B3452D6D747: ConfigurationManager, init=-1: [76e9ed70-2a32-4a64-9388-b77e9aa6f857:192.168.69.122:43336, f1727f7a-dfce-47cb-9d44-d863f6c274c0:192.168.69.122:33937, 72845ddd-7944-416b-9dd2-35fcccd22f3d:192.168.69.122:41609], old=null, confs=<EMPTY_MAP>
2019-09-17 06:07:26,802 [pool-27-thread-1] INFO  impl.RaftServerImpl (RaftServerImpl.java:<init>(95)) - 76e9ed70-2a32-4a64-9388-b77e9aa6f857: new RaftServerImpl for group-0B3452D6D747:[76e9ed70-2a32-4a64-9388-b77e9aa6f857:192.168.69.122:43336, f1727f7a-dfce-47cb-9d44-d863f6c274c0:192.168.69.122:33937, 72845ddd-7944-416b-9dd2-35fcccd22f3d:192.168.69.122:41609] with ContainerStateMachine:uninitialized
2019-09-17 06:07:26,802 [pool-47-thread-1] INFO  server.RaftServerConfigKeys (ConfUtils.java:logGet(43)) - raft.server.storage.dir = [/workdir/hadoop-ozone/integration-test/target/test-dir/MiniOzoneClusterImpl-75dfc597-4d0a-4fc3-997c-bd58322963d8/datanode-2/data/ratis] (custom)
2019-09-17 06:07:26,802 [pool-27-thread-1] INFO  server.RaftServerConfigKeys (ConfUtils.java:logGet(43)) - raft.server.rpc.timeout.min = 5s (custom)
2019-09-17 06:07:26,802 [pool-27-thread-1] INFO  server.RaftServerConfigKeys (ConfUtils.java:logGet(43)) - raft.server.rpc.timeout.max = 5200ms (custom)
2019-09-17 06:07:26,803 [pool-47-thread-1] INFO  storage.RaftStorageDirectory (RaftStorageDirectory.java:analyzeStorage(246)) - The storage directory /workdir/hadoop-ozone/integration-test/target/test-dir/MiniOzoneClusterImpl-75dfc597-4d0a-4fc3-997c-bd58322963d8/datanode-2/data/ratis/565851af-39e5-4a90-88c0-0b3452d6d747 does not exist. Creating ...
2019-09-17 06:07:26,803 [pool-87-thread-1] INFO  impl.RaftServerImpl (RaftServerImpl.java:<init>(95)) - f1727f7a-dfce-47cb-9d44-d863f6c274c0: new RaftServerImpl for group-0B3452D6D747:[76e9ed70-2a32-4a64-9388-b77e9aa6f857:192.168.69.122:43336, f1727f7a-dfce-47cb-9d44-d863f6c274c0:192.168.69.122:33937, 72845ddd-7944-416b-9dd2-35fcccd22f3d:192.168.69.122:41609] with ContainerStateMachine:uninitialized
2019-09-17 06:07:26,803 [pool-27-thread-1] INFO  server.RaftServerConfigKeys (ConfUtils.java:logGet(43)) - raft.server.rpcslowness.timeout = 120s (custom)
2019-09-17 06:07:26,803 [pool-87-thread-1] INFO  server.RaftServerConfigKeys (ConfUtils.java:logGet(43)) - raft.server.rpc.timeout.min = 5s (custom)
2019-09-17 06:07:26,803 [pool-27-thread-1] INFO  server.RaftServerConfigKeys (ConfUtils.java:logGet(43)) - raft.server.sleep.deviation.threshold = 300 (default)
2019-09-17 06:07:26,803 [pool-87-thread-1] INFO  server.RaftServerConfigKeys (ConfUtils.java:logGet(43)) - raft.server.rpc.timeout.max = 5200ms (custom)
2019-09-17 06:07:26,803 [pool-27-thread-1] INFO  server.RaftServerConfigKeys (ConfUtils.java:logGet(43)) - raft.server.log.appender.install.snapshot.enabled = false (custom)
2019-09-17 06:07:26,803 [pool-87-thread-1] INFO  server.RaftServerConfigKeys (ConfUtils.java:logGet(43)) - raft.server.rpcslowness.timeout = 120s (custom)
2019-09-17 06:07:26,804 [pool-27-thread-1] INFO  impl.RaftServerImpl (ServerState.java:<init>(103)) - 76e9ed70-2a32-4a64-9388-b77e9aa6f857@group-0B3452D6D747: ConfigurationManager, init=-1: [76e9ed70-2a32-4a64-9388-b77e9aa6f857:192.168.69.122:43336, f1727f7a-dfce-47cb-9d44-d863f6c274c0:192.168.69.122:33937, 72845ddd-7944-416b-9dd2-35fcccd22f3d:192.168.69.122:41609], old=null, confs=<EMPTY_MAP>
2019-09-17 06:07:26,804 [pool-87-thread-1] INFO  server.RaftServerConfigKeys (ConfUtils.java:logGet(43)) - raft.server.sleep.deviation.threshold = 300 (default)
2019-09-17 06:07:26,804 [pool-27-thread-1] INFO  server.RaftServerConfigKeys (ConfUtils.java:logGet(43)) - raft.server.storage.dir = [/workdir/hadoop-ozone/integration-test/target/test-dir/MiniOzoneClusterImpl-75dfc597-4d0a-4fc3-997c-bd58322963d8/datanode-0/data/ratis] (custom)
2019-09-17 06:07:26,804 [pool-87-thread-1] INFO  server.RaftServerConfigKeys (ConfUtils.java:logGet(43)) - raft.server.log.appender.install.snapshot.enabled = false (custom)
2019-09-17 06:07:26,804 [pool-87-thread-1] INFO  impl.RaftServerImpl (ServerState.java:<init>(103)) - f1727f7a-dfce-47cb-9d44-d863f6c274c0@group-0B3452D6D747: ConfigurationManager, init=-1: [76e9ed70-2a32-4a64-9388-b77e9aa6f857:192.168.69.122:43336, f1727f7a-dfce-47cb-9d44-d863f6c274c0:192.168.69.122:33937, 72845ddd-7944-416b-9dd2-35fcccd22f3d:192.168.69.122:41609], old=null, confs=<EMPTY_MAP>
2019-09-17 06:07:26,804 [pool-27-thread-1] INFO  storage.RaftStorageDirectory (RaftStorageDirectory.java:analyzeStorage(246)) - The storage directory /workdir/hadoop-ozone/integration-test/target/test-dir/MiniOzoneClusterImpl-75dfc597-4d0a-4fc3-997c-bd58322963d8/datanode-0/data/ratis/565851af-39e5-4a90-88c0-0b3452d6d747 does not exist. Creating ...
2019-09-17 06:07:26,804 [pool-87-thread-1] INFO  server.RaftServerConfigKeys (ConfUtils.java:logGet(43)) - raft.server.storage.dir = [/workdir/hadoop-ozone/integration-test/target/test-dir/MiniOzoneClusterImpl-75dfc597-4d0a-4fc3-997c-bd58322963d8/datanode-6/data/ratis] (custom)
2019-09-17 06:07:26,805 [pool-87-thread-1] INFO  storage.RaftStorageDirectory (RaftStorageDirectory.java:analyzeStorage(246)) - The storage directory /workdir/hadoop-ozone/integration-test/target/test-dir/MiniOzoneClusterImpl-75dfc597-4d0a-4fc3-997c-bd58322963d8/datanode-6/data/ratis/565851af-39e5-4a90-88c0-0b3452d6d747 does not exist. Creating ...
2019-09-17 06:07:26,816 [pool-87-thread-1] INFO  storage.RaftStorageDirectory (RaftStorageDirectory.java:tryLock(328)) - Lock on /workdir/hadoop-ozone/integration-test/target/test-dir/MiniOzoneClusterImpl-75dfc597-4d0a-4fc3-997c-bd58322963d8/datanode-6/data/ratis/565851af-39e5-4a90-88c0-0b3452d6d747/in_use.lock acquired by nodename 28408@trunk-nightly-20190917-29l5j-2509219610
2019-09-17 06:07:26,816 [pool-27-thread-1] INFO  storage.RaftStorageDirectory (RaftStorageDirectory.java:tryLock(328)) - Lock on /workdir/hadoop-ozone/integration-test/target/test-dir/MiniOzoneClusterImpl-75dfc597-4d0a-4fc3-997c-bd58322963d8/datanode-0/data/ratis/565851af-39e5-4a90-88c0-0b3452d6d747/in_use.lock acquired by nodename 28408@trunk-nightly-20190917-29l5j-2509219610
2019-09-17 06:07:26,816 [pool-47-thread-1] INFO  storage.RaftStorageDirectory (RaftStorageDirectory.java:tryLock(328)) - Lock on /workdir/hadoop-ozone/integration-test/target/test-dir/MiniOzoneClusterImpl-75dfc597-4d0a-4fc3-997c-bd58322963d8/datanode-2/data/ratis/565851af-39e5-4a90-88c0-0b3452d6d747/in_use.lock acquired by nodename 28408@trunk-nightly-20190917-29l5j-2509219610
2019-09-17 06:07:26,831 [pool-47-thread-1] INFO  storage.RaftStorage (RaftStorage.java:format(72)) - Storage directory /workdir/hadoop-ozone/integration-test/target/test-dir/MiniOzoneClusterImpl-75dfc597-4d0a-4fc3-997c-bd58322963d8/datanode-2/data/ratis/565851af-39e5-4a90-88c0-0b3452d6d747 has been successfully formatted.
2019-09-17 06:07:26,831 [pool-27-thread-1] INFO  storage.RaftStorage (RaftStorage.java:format(72)) - Storage directory /workdir/hadoop-ozone/integration-test/target/test-dir/MiniOzoneClusterImpl-75dfc597-4d0a-4fc3-997c-bd58322963d8/datanode-0/data/ratis/565851af-39e5-4a90-88c0-0b3452d6d747 has been successfully formatted.
2019-09-17 06:07:26,831 [pool-87-thread-1] INFO  storage.RaftStorage (RaftStorage.java:format(72)) - Storage directory /workdir/hadoop-ozone/integration-test/target/test-dir/MiniOzoneClusterImpl-75dfc597-4d0a-4fc3-997c-bd58322963d8/datanode-6/data/ratis/565851af-39e5-4a90-88c0-0b3452d6d747 has been successfully formatted.
2019-09-17 06:07:26,831 [pool-47-thread-1] INFO  ratis.ContainerStateMachine (ContainerStateMachine.java:loadSnapshot(230)) - group-0B3452D6D747: The snapshot info is null. Setting the last applied indexto:(t:0, i:~)
2019-09-17 06:07:26,831 [pool-87-thread-1] INFO  ratis.ContainerStateMachine (ContainerStateMachine.java:loadSnapshot(230)) - group-0B3452D6D747: The snapshot info is null. Setting the last applied indexto:(t:0, i:~)
2019-09-17 06:07:26,831 [pool-27-thread-1] INFO  ratis.ContainerStateMachine (ContainerStateMachine.java:loadSnapshot(230)) - group-0B3452D6D747: The snapshot info is null. Setting the last applied indexto:(t:0, i:~)
2019-09-17 06:07:26,832 [pool-87-thread-1] INFO  server.RaftServerConfigKeys (ConfUtils.java:logGet(43)) - raft.server.notification.no-leader.timeout = 120s (custom)
2019-09-17 06:07:26,832 [pool-47-thread-1] INFO  server.RaftServerConfigKeys (ConfUtils.java:logGet(43)) - raft.server.notification.no-leader.timeout = 120s (custom)
2019-09-17 06:07:26,832 [pool-87-thread-1] INFO  server.RaftServerConfigKeys (ConfUtils.java:logGet(43)) - raft.server.log.use.memory = false (default)
2019-09-17 06:07:26,832 [pool-27-thread-1] INFO  server.RaftServerConfigKeys (ConfUtils.java:logGet(43)) - raft.server.notification.no-leader.timeout = 120s (custom)
2019-09-17 06:07:26,832 [pool-87-thread-1] INFO  server.RaftServerConfigKeys (ConfUtils.java:logGet(43)) - raft.server.log.purge.gap = 1000000 (custom)
2019-09-17 06:07:26,832 [pool-47-thread-1] INFO  server.RaftServerConfigKeys (ConfUtils.java:logGet(43)) - raft.server.log.use.memory = false (default)
2019-09-17 06:07:26,833 [pool-87-thread-1] INFO  server.RaftServerConfigKeys (ConfUtils.java:logGet(43)) - raft.server.log.appender.buffer.byte-limit = 33554432 (custom)
2019-09-17 06:07:26,833 [pool-27-thread-1] INFO  server.RaftServerConfigKeys (ConfUtils.java:logGet(43)) - raft.server.log.use.memory = false (default)
2019-09-17 06:07:26,833 [pool-87-thread-1] INFO  server.RaftServerConfigKeys (ConfUtils.java:logGet(43)) - raft.server.log.segment.size.max = 1048576 (custom)
2019-09-17 06:07:26,833 [pool-47-thread-1] INFO  server.RaftServerConfigKeys (ConfUtils.java:logGet(43)) - raft.server.log.purge.gap = 1000000 (custom)
2019-09-17 06:07:26,833 [pool-87-thread-1] INFO  server.RaftServerConfigKeys (ConfUtils.java:logGet(43)) - raft.server.log.segment.cache.num.max = 2 (custom)
2019-09-17 06:07:26,833 [pool-27-thread-1] INFO  server.RaftServerConfigKeys (ConfUtils.java:logGet(43)) - raft.server.log.purge.gap = 1000000 (custom)
2019-09-17 06:07:26,834 [pool-87-thread-1] INFO  segmented.SegmentedRaftLogWorker (SegmentedRaftLogWorker.java:<init>(172)) - new f1727f7a-dfce-47cb-9d44-d863f6c274c0@group-0B3452D6D747-SegmentedRaftLogWorker for RaftStorage:Storage Directory /workdir/hadoop-ozone/integration-test/target/test-dir/MiniOzoneClusterImpl-75dfc597-4d0a-4fc3-997c-bd58322963d8/datanode-6/data/ratis/565851af-39e5-4a90-88c0-0b3452d6d747
2019-09-17 06:07:26,834 [pool-47-thread-1] INFO  server.RaftServerConfigKeys (ConfUtils.java:logGet(43)) - raft.server.log.appender.buffer.byte-limit = 33554432 (custom)
2019-09-17 06:07:26,834 [pool-87-thread-1] INFO  server.RaftServerConfigKeys (ConfUtils.java:logGet(43)) - raft.server.log.queue.byte-limit = 2147483647 (custom)
2019-09-17 06:07:26,834 [pool-27-thread-1] INFO  server.RaftServerConfigKeys (ConfUtils.java:logGet(43)) - raft.server.log.appender.buffer.byte-limit = 33554432 (custom)
2019-09-17 06:07:26,834 [pool-87-thread-1] INFO  server.RaftServerConfigKeys (ConfUtils.java:logGet(43)) - raft.server.log.queue.element-limit = 1024 (custom)
2019-09-17 06:07:26,834 [pool-47-thread-1] INFO  server.RaftServerConfigKeys (ConfUtils.java:logGet(43)) - raft.server.log.segment.size.max = 1048576 (custom)
2019-09-17 06:07:26,835 [pool-87-thread-1] INFO  server.RaftServerConfigKeys (ConfUtils.java:logGet(43)) - raft.server.log.segment.size.max = 1048576 (custom)
2019-09-17 06:07:26,835 [pool-27-thread-1] INFO  server.RaftServerConfigKeys (ConfUtils.java:logGet(43)) - raft.server.log.segment.size.max = 1048576 (custom)
2019-09-17 06:07:26,835 [pool-87-thread-1] INFO  server.RaftServerConfigKeys (ConfUtils.java:logGet(43)) - raft.server.log.preallocated.size = 16384 (custom)
2019-09-17 06:07:26,835 [pool-47-thread-1] INFO  server.RaftServerConfigKeys (ConfUtils.java:logGet(43)) - raft.server.log.segment.cache.num.max = 2 (custom)
2019-09-17 06:07:26,835 [pool-87-thread-1] INFO  server.RaftServerConfigKeys (ConfUtils.java:logGet(43)) - raft.server.log.write.buffer.size = 33554432 (custom)
2019-09-17 06:07:26,835 [pool-27-thread-1] INFO  server.RaftServerConfigKeys (ConfUtils.java:logGet(43)) - raft.server.log.segment.cache.num.max = 2 (custom)
2019-09-17 06:07:26,836 [pool-87-thread-1] INFO  server.RaftServerConfigKeys (ConfUtils.java:logGet(43)) - raft.server.log.force.sync.num = 128 (default)
2019-09-17 06:07:26,836 [pool-87-thread-1] INFO  server.RaftServerConfigKeys (ConfUtils.java:logGet(43)) - raft.server.log.statemachine.data.sync = true (default)
2019-09-17 06:07:26,836 [pool-47-thread-1] INFO  segmented.SegmentedRaftLogWorker (SegmentedRaftLogWorker.java:<init>(172)) - new 72845ddd-7944-416b-9dd2-35fcccd22f3d@group-0B3452D6D747-SegmentedRaftLogWorker for RaftStorage:Storage Directory /workdir/hadoop-ozone/integration-test/target/test-dir/MiniOzoneClusterImpl-75dfc597-4d0a-4fc3-997c-bd58322963d8/datanode-2/data/ratis/565851af-39e5-4a90-88c0-0b3452d6d747
2019-09-17 06:07:26,836 [pool-87-thread-1] INFO  server.RaftServerConfigKeys (ConfUtils.java:logGet(43)) - raft.server.log.statemachine.data.sync.timeout = 10s (default)
2019-09-17 06:07:26,836 [pool-27-thread-1] INFO  segmented.SegmentedRaftLogWorker (SegmentedRaftLogWorker.java:<init>(172)) - new 76e9ed70-2a32-4a64-9388-b77e9aa6f857@group-0B3452D6D747-SegmentedRaftLogWorker for RaftStorage:Storage Directory /workdir/hadoop-ozone/integration-test/target/test-dir/MiniOzoneClusterImpl-75dfc597-4d0a-4fc3-997c-bd58322963d8/datanode-0/data/ratis/565851af-39e5-4a90-88c0-0b3452d6d747
2019-09-17 06:07:26,837 [pool-87-thread-1] INFO  server.RaftServerConfigKeys (ConfUtils.java:logGet(43)) - raft.server.log.statemachine.data.sync.timeout.retry = -1 (default)
2019-09-17 06:07:26,837 [pool-47-thread-1] INFO  server.RaftServerConfigKeys (ConfUtils.java:logGet(43)) - raft.server.log.queue.byte-limit = 2147483647 (custom)
2019-09-17 06:07:26,837 [pool-87-thread-1] INFO  server.RaftServerConfigKeys (ConfUtils.java:logGet(43)) - raft.server.log.statemachine.data.caching.enabled = true (custom)
2019-09-17 06:07:26,837 [pool-27-thread-1] INFO  server.RaftServerConfigKeys (ConfUtils.java:logGet(43)) - raft.server.log.queue.byte-limit = 2147483647 (custom)
2019-09-17 06:07:26,837 [pool-47-thread-1] INFO  server.RaftServerConfigKeys (ConfUtils.java:logGet(43)) - raft.server.log.queue.element-limit = 1024 (custom)
2019-09-17 06:07:26,838 [pool-87-thread-1] INFO  segmented.SegmentedRaftLogWorker (SegmentedRaftLogWorker.java:lambda$new$0(132)) - f1727f7a-dfce-47cb-9d44-d863f6c274c0@group-0B3452D6D747-SegmentedRaftLogWorker: flushIndex: setUnconditionally 0 -> -1
2019-09-17 06:07:26,838 [pool-27-thread-1] INFO  server.RaftServerConfigKeys (ConfUtils.java:logGet(43)) - raft.server.log.queue.element-limit = 1024 (custom)
2019-09-17 06:07:26,838 [pool-47-thread-1] INFO  server.RaftServerConfigKeys (ConfUtils.java:logGet(43)) - raft.server.log.segment.size.max = 1048576 (custom)
2019-09-17 06:07:26,838 [pool-27-thread-1] INFO  server.RaftServerConfigKeys (ConfUtils.java:logGet(43)) - raft.server.log.segment.size.max = 1048576 (custom)
2019-09-17 06:07:26,838 [pool-87-thread-1] INFO  server.RaftServerConfigKeys (ConfUtils.java:logGet(43)) - raft.server.snapshot.auto.trigger.enabled = true (custom)
2019-09-17 06:07:26,839 [pool-27-thread-1] INFO  server.RaftServerConfigKeys (ConfUtils.java:logGet(43)) - raft.server.log.preallocated.size = 16384 (custom)
2019-09-17 06:07:26,838 [pool-47-thread-1] INFO  server.RaftServerConfigKeys (ConfUtils.java:logGet(43)) - raft.server.log.preallocated.size = 16384 (custom)
2019-09-17 06:07:26,839 [pool-27-thread-1] INFO  server.RaftServerConfigKeys (ConfUtils.java:logGet(43)) - raft.server.log.write.buffer.size = 33554432 (custom)
2019-09-17 06:07:26,839 [pool-87-thread-1] INFO  server.RaftServerConfigKeys (ConfUtils.java:logGet(43)) - raft.server.snapshot.auto.trigger.threshold = 10000 (custom)
2019-09-17 06:07:26,839 [pool-27-thread-1] INFO  server.RaftServerConfigKeys (ConfUtils.java:logGet(43)) - raft.server.log.force.sync.num = 128 (default)
2019-09-17 06:07:26,839 [pool-47-thread-1] INFO  server.RaftServerConfigKeys (ConfUtils.java:logGet(43)) - raft.server.log.write.buffer.size = 33554432 (custom)
2019-09-17 06:07:26,840 [pool-27-thread-1] INFO  server.RaftServerConfigKeys (ConfUtils.java:logGet(43)) - raft.server.log.statemachine.data.sync = true (default)
2019-09-17 06:07:26,840 [pool-87-thread-1] INFO  server.RaftServerConfigKeys (ConfUtils.java:logGet(43)) - raft.server.snapshot.retention.num.files = 5 (custom)
2019-09-17 06:07:26,840 [pool-27-thread-1] INFO  server.RaftServerConfigKeys (ConfUtils.java:logGet(43)) - raft.server.log.statemachine.data.sync.timeout = 10s (default)
2019-09-17 06:07:26,840 [pool-47-thread-1] INFO  server.RaftServerConfigKeys (ConfUtils.java:logGet(43)) - raft.server.log.force.sync.num = 128 (default)
2019-09-17 06:07:26,840 [pool-27-thread-1] INFO  server.RaftServerConfigKeys (ConfUtils.java:logGet(43)) - raft.server.log.statemachine.data.sync.timeout.retry = -1 (default)
2019-09-17 06:07:26,840 [pool-87-thread-1] INFO  server.RaftServerConfigKeys (ConfUtils.java:logGet(43)) - raft.server.retrycache.expirytime = 600000ms (custom)
2019-09-17 06:07:26,841 [pool-27-thread-1] INFO  server.RaftServerConfigKeys (ConfUtils.java:logGet(43)) - raft.server.log.statemachine.data.caching.enabled = true (custom)
2019-09-17 06:07:26,841 [pool-47-thread-1] INFO  server.RaftServerConfigKeys (ConfUtils.java:logGet(43)) - raft.server.log.statemachine.data.sync = true (default)
2019-09-17 06:07:26,841 [pool-47-thread-1] INFO  server.RaftServerConfigKeys (ConfUtils.java:logGet(43)) - raft.server.log.statemachine.data.sync.timeout = 10s (default)
2019-09-17 06:07:26,841 [pool-27-thread-1] INFO  segmented.SegmentedRaftLogWorker (SegmentedRaftLogWorker.java:lambda$new$0(132)) - 76e9ed70-2a32-4a64-9388-b77e9aa6f857@group-0B3452D6D747-SegmentedRaftLogWorker: flushIndex: setUnconditionally 0 -> -1
2019-09-17 06:07:26,842 [pool-47-thread-1] INFO  server.RaftServerConfigKeys (ConfUtils.java:logGet(43)) - raft.server.log.statemachine.data.sync.timeout.retry = -1 (default)
2019-09-17 06:07:26,842 [pool-27-thread-1] INFO  server.RaftServerConfigKeys (ConfUtils.java:logGet(43)) - raft.server.snapshot.auto.trigger.enabled = true (custom)
2019-09-17 06:07:26,842 [pool-47-thread-1] INFO  server.RaftServerConfigKeys (ConfUtils.java:logGet(43)) - raft.server.log.statemachine.data.caching.enabled = true (custom)
2019-09-17 06:07:26,842 [pool-27-thread-1] INFO  server.RaftServerConfigKeys (ConfUtils.java:logGet(43)) - raft.server.snapshot.auto.trigger.threshold = 10000 (custom)
2019-09-17 06:07:26,843 [pool-27-thread-1] INFO  server.RaftServerConfigKeys (ConfUtils.java:logGet(43)) - raft.server.snapshot.retention.num.files = 5 (custom)
2019-09-17 06:07:26,843 [pool-47-thread-1] INFO  segmented.SegmentedRaftLogWorker (SegmentedRaftLogWorker.java:lambda$new$0(132)) - 72845ddd-7944-416b-9dd2-35fcccd22f3d@group-0B3452D6D747-SegmentedRaftLogWorker: flushIndex: setUnconditionally 0 -> -1
2019-09-17 06:07:26,843 [pool-27-thread-1] INFO  server.RaftServerConfigKeys (ConfUtils.java:logGet(43)) - raft.server.retrycache.expirytime = 600000ms (custom)
2019-09-17 06:07:26,843 [pool-47-thread-1] INFO  server.RaftServerConfigKeys (ConfUtils.java:logGet(43)) - raft.server.snapshot.auto.trigger.enabled = true (custom)
2019-09-17 06:07:26,843 [pool-47-thread-1] INFO  server.RaftServerConfigKeys (ConfUtils.java:logGet(43)) - raft.server.snapshot.auto.trigger.threshold = 10000 (custom)
2019-09-17 06:07:26,843 [pool-47-thread-1] INFO  server.RaftServerConfigKeys (ConfUtils.java:logGet(43)) - raft.server.snapshot.retention.num.files = 5 (custom)
2019-09-17 06:07:26,844 [pool-47-thread-1] INFO  server.RaftServerConfigKeys (ConfUtils.java:logGet(43)) - raft.server.retrycache.expirytime = 600000ms (custom)
2019-09-17 06:07:26,845 [pool-87-thread-1] INFO  impl.RaftServerImpl (RaftServerImpl.java:start(185)) - f1727f7a-dfce-47cb-9d44-d863f6c274c0@group-0B3452D6D747: start as a follower, conf=-1: [76e9ed70-2a32-4a64-9388-b77e9aa6f857:192.168.69.122:43336, f1727f7a-dfce-47cb-9d44-d863f6c274c0:192.168.69.122:33937, 72845ddd-7944-416b-9dd2-35fcccd22f3d:192.168.69.122:41609], old=null
2019-09-17 06:07:26,845 [pool-87-thread-1] INFO  impl.RaftServerImpl (RaftServerImpl.java:setRole(174)) - f1727f7a-dfce-47cb-9d44-d863f6c274c0@group-0B3452D6D747: changes role from      null to FOLLOWER at term 0 for startAsFollower
2019-09-17 06:07:26,845 [pool-87-thread-1] INFO  impl.RoleInfo (RoleInfo.java:updateAndGet(143)) - f1727f7a-dfce-47cb-9d44-d863f6c274c0: start FollowerState
2019-09-17 06:07:26,846 [pool-87-thread-1] INFO  util.JmxRegister (JmxRegister.java:tryRegister(44)) - Successfully registered JMX Bean with object name Ratis:service=RaftServer,group=group-0B3452D6D747,id=f1727f7a-dfce-47cb-9d44-d863f6c274c0
2019-09-17 06:07:26,851 [pool-27-thread-1] INFO  impl.RaftServerImpl (RaftServerImpl.java:start(185)) - 76e9ed70-2a32-4a64-9388-b77e9aa6f857@group-0B3452D6D747: start as a follower, conf=-1: [76e9ed70-2a32-4a64-9388-b77e9aa6f857:192.168.69.122:43336, f1727f7a-dfce-47cb-9d44-d863f6c274c0:192.168.69.122:33937, 72845ddd-7944-416b-9dd2-35fcccd22f3d:192.168.69.122:41609], old=null
2019-09-17 06:07:26,851 [pool-47-thread-1] INFO  impl.RaftServerImpl (RaftServerImpl.java:start(185)) - 72845ddd-7944-416b-9dd2-35fcccd22f3d@group-0B3452D6D747: start as a follower, conf=-1: [76e9ed70-2a32-4a64-9388-b77e9aa6f857:192.168.69.122:43336, f1727f7a-dfce-47cb-9d44-d863f6c274c0:192.168.69.122:33937, 72845ddd-7944-416b-9dd2-35fcccd22f3d:192.168.69.122:41609], old=null
2019-09-17 06:07:26,851 [pool-27-thread-1] INFO  impl.RaftServerImpl (RaftServerImpl.java:setRole(174)) - 76e9ed70-2a32-4a64-9388-b77e9aa6f857@group-0B3452D6D747: changes role from      null to FOLLOWER at term 0 for startAsFollower
2019-09-17 06:07:26,851 [pool-47-thread-1] INFO  impl.RaftServerImpl (RaftServerImpl.java:setRole(174)) - 72845ddd-7944-416b-9dd2-35fcccd22f3d@group-0B3452D6D747: changes role from      null to FOLLOWER at term 0 for startAsFollower
2019-09-17 06:07:26,851 [pool-27-thread-1] INFO  impl.RoleInfo (RoleInfo.java:updateAndGet(143)) - 76e9ed70-2a32-4a64-9388-b77e9aa6f857: start FollowerState
2019-09-17 06:07:26,851 [pool-47-thread-1] INFO  impl.RoleInfo (RoleInfo.java:updateAndGet(143)) - 72845ddd-7944-416b-9dd2-35fcccd22f3d: start FollowerState
2019-09-17 06:07:26,852 [pool-27-thread-1] INFO  util.JmxRegister (JmxRegister.java:tryRegister(44)) - Successfully registered JMX Bean with object name Ratis:service=RaftServer,group=group-0B3452D6D747,id=76e9ed70-2a32-4a64-9388-b77e9aa6f857
2019-09-17 06:07:26,852 [pool-47-thread-1] INFO  util.JmxRegister (JmxRegister.java:tryRegister(44)) - Successfully registered JMX Bean with object name Ratis:service=RaftServer,group=group-0B3452D6D747,id=72845ddd-7944-416b-9dd2-35fcccd22f3d
2019-09-17 06:07:26,859 [RatisPipelineUtilsThread] INFO  pipeline.PipelineStateManager (PipelineStateManager.java:addPipeline(56)) - Created pipeline Pipeline[ Id: 565851af-39e5-4a90-88c0-0b3452d6d747, Nodes: 72845ddd-7944-416b-9dd2-35fcccd22f3d{ip: 192.168.69.122, host: trunk-nightly-20190917-29l5j-2509219610, networkLocation: /default-rack, certSerialId: null}76e9ed70-2a32-4a64-9388-b77e9aa6f857{ip: 192.168.69.122, host: trunk-nightly-20190917-29l5j-2509219610, networkLocation: /default-rack, certSerialId: null}f1727f7a-dfce-47cb-9d44-d863f6c274c0{ip: 192.168.69.122, host: trunk-nightly-20190917-29l5j-2509219610, networkLocation: /default-rack, certSerialId: null}, Type:RATIS, Factor:THREE, State:OPEN]
2019-09-17 06:07:27,473 [main] WARN  io.KeyOutputStream (KeyOutputStream.java:handleException(276)) - Encountered exception java.io.IOException: Unexpected Storage Container Exception: java.util.concurrent.CompletionException: java.util.concurrent.CompletionException: org.apache.ratis.protocol.GroupMismatchException: 76e9ed70-2a32-4a64-9388-b77e9aa6f857: group-E83674309DFA not found. on the pipeline Pipeline[ Id: f19de06e-3053-4ec9-9fdd-e83674309dfa, Nodes: 72845ddd-7944-416b-9dd2-35fcccd22f3d{ip: 192.168.69.122, host: trunk-nightly-20190917-29l5j-2509219610, networkLocation: /default-rack, certSerialId: null}76e9ed70-2a32-4a64-9388-b77e9aa6f857{ip: 192.168.69.122, host: trunk-nightly-20190917-29l5j-2509219610, networkLocation: /default-rack, certSerialId: null}f1727f7a-dfce-47cb-9d44-d863f6c274c0{ip: 192.168.69.122, host: trunk-nightly-20190917-29l5j-2509219610, networkLocation: /default-rack, certSerialId: null}, Type:RATIS, Factor:THREE, State:OPEN]. The last committed block length is 0, uncommitted data length is 150 retry count 0
2019-09-17 06:07:27,539 [grpc-default-executor-2] INFO  client.GrpcClientProtocolClient (GrpcClientProtocolClient.java:onNext(264)) - client-9AF48D7A035B->72845ddd-7944-416b-9dd2-35fcccd22f3d: receive RaftClientReply:client-9AF48D7A035B->72845ddd-7944-416b-9dd2-35fcccd22f3d@group-0B3452D6D747, cid=30, FAILED org.apache.ratis.protocol.NotLeaderException: Server 72845ddd-7944-416b-9dd2-35fcccd22f3d@group-0B3452D6D747 is not the leader, logIndex=0, commits[72845ddd-7944-416b-9dd2-35fcccd22f3d:c-1]
2019-09-17 06:07:28,578 [grpc-default-executor-0] INFO  client.GrpcClientProtocolClient (GrpcClientProtocolClient.java:onNext(264)) - client-9AF48D7A035B->76e9ed70-2a32-4a64-9388-b77e9aa6f857: receive RaftClientReply:client-9AF48D7A035B->76e9ed70-2a32-4a64-9388-b77e9aa6f857@group-0B3452D6D747, cid=30, FAILED org.apache.ratis.protocol.NotLeaderException: Server 76e9ed70-2a32-4a64-9388-b77e9aa6f857@group-0B3452D6D747 is not the leader, logIndex=0, commits[76e9ed70-2a32-4a64-9388-b77e9aa6f857:c-1]
2019-09-17 06:07:29,072 [grpc-default-executor-2] INFO  impl.RaftServerProxy (RaftServerProxy.java:remove(95)) - 72845ddd-7944-416b-9dd2-35fcccd22f3d: remove group-E83674309DFA:null
2019-09-17 06:07:29,082 [RatisPipelineUtilsThread] WARN  pipeline.RatisPipelineUtils (RatisPipelineUtils.java:destroyPipeline(66)) - Pipeline destroy failed for pipeline=PipelineID=f19de06e-3053-4ec9-9fdd-e83674309dfa dn=72845ddd-7944-416b-9dd2-35fcccd22f3d{ip: 192.168.69.122, host: trunk-nightly-20190917-29l5j-2509219610, networkLocation: /default-rack, certSerialId: null}
2019-09-17 06:07:29,097 [grpc-default-executor-2] INFO  impl.RaftServerProxy (RaftServerProxy.java:remove(95)) - 76e9ed70-2a32-4a64-9388-b77e9aa6f857: remove group-E83674309DFA:null
2019-09-17 06:07:29,105 [RatisPipelineUtilsThread] WARN  pipeline.RatisPipelineUtils (RatisPipelineUtils.java:destroyPipeline(66)) - Pipeline destroy failed for pipeline=PipelineID=f19de06e-3053-4ec9-9fdd-e83674309dfa dn=76e9ed70-2a32-4a64-9388-b77e9aa6f857{ip: 192.168.69.122, host: trunk-nightly-20190917-29l5j-2509219610, networkLocation: /default-rack, certSerialId: null}
2019-09-17 06:07:29,118 [grpc-default-executor-2] INFO  impl.RaftServerProxy (RaftServerProxy.java:remove(95)) - f1727f7a-dfce-47cb-9d44-d863f6c274c0: remove group-E83674309DFA:null
2019-09-17 06:07:29,127 [RatisPipelineUtilsThread] WARN  pipeline.RatisPipelineUtils (RatisPipelineUtils.java:destroyPipeline(66)) - Pipeline destroy failed for pipeline=PipelineID=f19de06e-3053-4ec9-9fdd-e83674309dfa dn=f1727f7a-dfce-47cb-9d44-d863f6c274c0{ip: 192.168.69.122, host: trunk-nightly-20190917-29l5j-2509219610, networkLocation: /default-rack, certSerialId: null}
2019-09-17 06:07:29,127 [RatisPipelineUtilsThread] ERROR pipeline.SCMPipelineManager (Scheduler.java:lambda$schedule$1(70)) - Destroy pipeline failed for pipeline:Pipeline[ Id: f19de06e-3053-4ec9-9fdd-e83674309dfa, Nodes: 72845ddd-7944-416b-9dd2-35fcccd22f3d{ip: 192.168.69.122, host: trunk-nightly-20190917-29l5j-2509219610, networkLocation: /default-rack, certSerialId: null}76e9ed70-2a32-4a64-9388-b77e9aa6f857{ip: 192.168.69.122, host: trunk-nightly-20190917-29l5j-2509219610, networkLocation: /default-rack, certSerialId: null}f1727f7a-dfce-47cb-9d44-d863f6c274c0{ip: 192.168.69.122, host: trunk-nightly-20190917-29l5j-2509219610, networkLocation: /default-rack, certSerialId: null}, Type:RATIS, Factor:THREE, State:CLOSED]
org.apache.hadoop.hdds.scm.pipeline.PipelineNotFoundException: PipelineID=f19de06e-3053-4ec9-9fdd-e83674309dfa not found
	at org.apache.hadoop.hdds.scm.pipeline.PipelineStateMap.getPipeline(PipelineStateMap.java:132)
	at org.apache.hadoop.hdds.scm.pipeline.PipelineStateMap.removePipeline(PipelineStateMap.java:322)
	at org.apache.hadoop.hdds.scm.pipeline.PipelineStateManager.removePipeline(PipelineStateManager.java:107)
	at org.apache.hadoop.hdds.scm.pipeline.SCMPipelineManager.removePipeline(SCMPipelineManager.java:423)
	at org.apache.hadoop.hdds.scm.pipeline.SCMPipelineManager.destroyPipeline(SCMPipelineManager.java:409)
	at org.apache.hadoop.hdds.scm.pipeline.SCMPipelineManager.lambda$finalizeAndDestroyPipeline$0(SCMPipelineManager.java:318)
	at org.apache.hadoop.utils.Scheduler.lambda$schedule$1(Scheduler.java:68)
	at java.util.concurrent.Executors$RunnableAdapter.call(Executors.java:511)
	at java.util.concurrent.FutureTask.run(FutureTask.java:266)
	at java.util.concurrent.ScheduledThreadPoolExecutor$ScheduledFutureTask.access$201(ScheduledThreadPoolExecutor.java:180)
	at java.util.concurrent.ScheduledThreadPoolExecutor$ScheduledFutureTask.run(ScheduledThreadPoolExecutor.java:293)
	at java.util.concurrent.ThreadPoolExecutor.runWorker(ThreadPoolExecutor.java:1149)
	at java.util.concurrent.ThreadPoolExecutor$Worker.run(ThreadPoolExecutor.java:624)
	at java.lang.Thread.run(Thread.java:748)
2019-09-17 06:07:29,615 [grpc-default-executor-2] INFO  client.GrpcClientProtocolClient (GrpcClientProtocolClient.java:onNext(264)) - client-9AF48D7A035B->f1727f7a-dfce-47cb-9d44-d863f6c274c0: receive RaftClientReply:client-9AF48D7A035B->f1727f7a-dfce-47cb-9d44-d863f6c274c0@group-0B3452D6D747, cid=30, FAILED org.apache.ratis.protocol.NotLeaderException: Server f1727f7a-dfce-47cb-9d44-d863f6c274c0@group-0B3452D6D747 is not the leader, logIndex=0, commits[f1727f7a-dfce-47cb-9d44-d863f6c274c0:c-1]
2019-09-17 06:07:30,092 [grpc-default-executor-2] INFO  impl.RaftServerProxy (RaftServerProxy.java:remove(95)) - 72845ddd-7944-416b-9dd2-35fcccd22f3d: remove group-E83674309DFA:null
2019-09-17 06:07:30,100 [RatisPipelineUtilsThread] WARN  pipeline.RatisPipelineUtils (RatisPipelineUtils.java:destroyPipeline(66)) - Pipeline destroy failed for pipeline=PipelineID=f19de06e-3053-4ec9-9fdd-e83674309dfa dn=72845ddd-7944-416b-9dd2-35fcccd22f3d{ip: 192.168.69.122, host: trunk-nightly-20190917-29l5j-2509219610, networkLocation: /default-rack, certSerialId: null}
2019-09-17 06:07:30,106 [grpc-default-executor-0] INFO  impl.RaftServerProxy (RaftServerProxy.java:remove(95)) - 76e9ed70-2a32-4a64-9388-b77e9aa6f857: remove group-E83674309DFA:null
2019-09-17 06:07:30,112 [RatisPipelineUtilsThread] WARN  pipeline.RatisPipelineUtils (RatisPipelineUtils.java:destroyPipeline(66)) - Pipeline destroy failed for pipeline=PipelineID=f19de06e-3053-4ec9-9fdd-e83674309dfa dn=76e9ed70-2a32-4a64-9388-b77e9aa6f857{ip: 192.168.69.122, host: trunk-nightly-20190917-29l5j-2509219610, networkLocation: /default-rack, certSerialId: null}
2019-09-17 06:07:30,120 [grpc-default-executor-0] INFO  impl.RaftServerProxy (RaftServerProxy.java:remove(95)) - f1727f7a-dfce-47cb-9d44-d863f6c274c0: remove group-E83674309DFA:null
2019-09-17 06:07:30,128 [RatisPipelineUtilsThread] WARN  pipeline.RatisPipelineUtils (RatisPipelineUtils.java:destroyPipeline(66)) - Pipeline destroy failed for pipeline=PipelineID=f19de06e-3053-4ec9-9fdd-e83674309dfa dn=f1727f7a-dfce-47cb-9d44-d863f6c274c0{ip: 192.168.69.122, host: trunk-nightly-20190917-29l5j-2509219610, networkLocation: /default-rack, certSerialId: null}
2019-09-17 06:07:30,129 [RatisPipelineUtilsThread] ERROR pipeline.SCMPipelineManager (Scheduler.java:lambda$schedule$1(70)) - Destroy pipeline failed for pipeline:Pipeline[ Id: f19de06e-3053-4ec9-9fdd-e83674309dfa, Nodes: 72845ddd-7944-416b-9dd2-35fcccd22f3d{ip: 192.168.69.122, host: trunk-nightly-20190917-29l5j-2509219610, networkLocation: /default-rack, certSerialId: null}76e9ed70-2a32-4a64-9388-b77e9aa6f857{ip: 192.168.69.122, host: trunk-nightly-20190917-29l5j-2509219610, networkLocation: /default-rack, certSerialId: null}f1727f7a-dfce-47cb-9d44-d863f6c274c0{ip: 192.168.69.122, host: trunk-nightly-20190917-29l5j-2509219610, networkLocation: /default-rack, certSerialId: null}, Type:RATIS, Factor:THREE, State:CLOSED]
org.apache.hadoop.hdds.scm.pipeline.PipelineNotFoundException: PipelineID=f19de06e-3053-4ec9-9fdd-e83674309dfa not found
	at org.apache.hadoop.hdds.scm.pipeline.PipelineStateMap.getPipeline(PipelineStateMap.java:132)
	at org.apache.hadoop.hdds.scm.pipeline.PipelineStateMap.removePipeline(PipelineStateMap.java:322)
	at org.apache.hadoop.hdds.scm.pipeline.PipelineStateManager.removePipeline(PipelineStateManager.java:107)
	at org.apache.hadoop.hdds.scm.pipeline.SCMPipelineManager.removePipeline(SCMPipelineManager.java:423)
	at org.apache.hadoop.hdds.scm.pipeline.SCMPipelineManager.destroyPipeline(SCMPipelineManager.java:409)
	at org.apache.hadoop.hdds.scm.pipeline.SCMPipelineManager.lambda$finalizeAndDestroyPipeline$0(SCMPipelineManager.java:318)
	at org.apache.hadoop.utils.Scheduler.lambda$schedule$1(Scheduler.java:68)
	at java.util.concurrent.Executors$RunnableAdapter.call(Executors.java:511)
	at java.util.concurrent.FutureTask.run(FutureTask.java:266)
	at java.util.concurrent.ScheduledThreadPoolExecutor$ScheduledFutureTask.access$201(ScheduledThreadPoolExecutor.java:180)
	at java.util.concurrent.ScheduledThreadPoolExecutor$ScheduledFutureTask.run(ScheduledThreadPoolExecutor.java:293)
	at java.util.concurrent.ThreadPoolExecutor.runWorker(ThreadPoolExecutor.java:1149)
	at java.util.concurrent.ThreadPoolExecutor$Worker.run(ThreadPoolExecutor.java:624)
	at java.lang.Thread.run(Thread.java:748)
2019-09-17 06:07:30,643 [grpc-default-executor-0] INFO  client.GrpcClientProtocolClient (GrpcClientProtocolClient.java:onNext(264)) - client-9AF48D7A035B->76e9ed70-2a32-4a64-9388-b77e9aa6f857: receive RaftClientReply:client-9AF48D7A035B->76e9ed70-2a32-4a64-9388-b77e9aa6f857@group-0B3452D6D747, cid=30, FAILED org.apache.ratis.protocol.NotLeaderException: Server 76e9ed70-2a32-4a64-9388-b77e9aa6f857@group-0B3452D6D747 is not the leader, logIndex=0, commits[76e9ed70-2a32-4a64-9388-b77e9aa6f857:c-1]
2019-09-17 06:07:31,664 [grpc-default-executor-2] INFO  client.GrpcClientProtocolClient (GrpcClientProtocolClient.java:onNext(264)) - client-9AF48D7A035B->f1727f7a-dfce-47cb-9d44-d863f6c274c0: receive RaftClientReply:client-9AF48D7A035B->f1727f7a-dfce-47cb-9d44-d863f6c274c0@group-0B3452D6D747, cid=30, FAILED org.apache.ratis.protocol.NotLeaderException: Server f1727f7a-dfce-47cb-9d44-d863f6c274c0@group-0B3452D6D747 is not the leader, logIndex=0, commits[f1727f7a-dfce-47cb-9d44-d863f6c274c0:c-1]
2019-09-17 06:07:31,931 [Thread-828] INFO  impl.FollowerState (FollowerState.java:run(106)) - 72845ddd-7944-416b-9dd2-35fcccd22f3d:group-0B3452D6D747 changes to CANDIDATE, lastRpcTime:5079, electionTimeout:5079ms
2019-09-17 06:07:31,932 [Thread-828] INFO  impl.RoleInfo (RoleInfo.java:shutdownFollowerState(121)) - 72845ddd-7944-416b-9dd2-35fcccd22f3d: shutdown FollowerState
2019-09-17 06:07:31,932 [Thread-828] INFO  impl.RaftServerImpl (RaftServerImpl.java:setRole(174)) - 72845ddd-7944-416b-9dd2-35fcccd22f3d@group-0B3452D6D747: changes role from  FOLLOWER to CANDIDATE at term 0 for changeToCandidate
2019-09-17 06:07:31,932 [Thread-828] INFO  impl.RoleInfo (RoleInfo.java:updateAndGet(143)) - 72845ddd-7944-416b-9dd2-35fcccd22f3d: start LeaderElection
2019-09-17 06:07:31,951 [72845ddd-7944-416b-9dd2-35fcccd22f3d@group-0B3452D6D747:LeaderElection10] INFO  impl.LeaderElection (LeaderElection.java:askForVotes(182)) - 72845ddd-7944-416b-9dd2-35fcccd22f3d@group-0B3452D6D747:LeaderElection10: begin an election at term 1 for -1: [76e9ed70-2a32-4a64-9388-b77e9aa6f857:192.168.69.122:43336, f1727f7a-dfce-47cb-9d44-d863f6c274c0:192.168.69.122:33937, 72845ddd-7944-416b-9dd2-35fcccd22f3d:192.168.69.122:41609], old=null
2019-09-17 06:07:31,963 [grpc-default-executor-0] INFO  impl.RaftServerImpl (RaftServerImpl.java:setRole(174)) - 76e9ed70-2a32-4a64-9388-b77e9aa6f857@group-0B3452D6D747: changes role from  FOLLOWER to FOLLOWER at term 1 for recognizeCandidate:72845ddd-7944-416b-9dd2-35fcccd22f3d
2019-09-17 06:07:31,966 [grpc-default-executor-0] INFO  impl.RoleInfo (RoleInfo.java:shutdownFollowerState(121)) - 76e9ed70-2a32-4a64-9388-b77e9aa6f857: shutdown FollowerState
2019-09-17 06:07:31,966 [grpc-default-executor-2] INFO  impl.RaftServerImpl (RaftServerImpl.java:setRole(174)) - f1727f7a-dfce-47cb-9d44-d863f6c274c0@group-0B3452D6D747: changes role from  FOLLOWER to FOLLOWER at term 1 for recognizeCandidate:72845ddd-7944-416b-9dd2-35fcccd22f3d
2019-09-17 06:07:31,966 [Thread-827] INFO  impl.FollowerState (FollowerState.java:run(115)) - 76e9ed70-2a32-4a64-9388-b77e9aa6f857: FollowerState was interrupted: java.lang.InterruptedException: sleep interrupted
2019-09-17 06:07:31,966 [grpc-default-executor-0] INFO  impl.RoleInfo (RoleInfo.java:updateAndGet(143)) - 76e9ed70-2a32-4a64-9388-b77e9aa6f857: start FollowerState
2019-09-17 06:07:31,966 [grpc-default-executor-2] INFO  impl.RoleInfo (RoleInfo.java:shutdownFollowerState(121)) - f1727f7a-dfce-47cb-9d44-d863f6c274c0: shutdown FollowerState
2019-09-17 06:07:31,969 [grpc-default-executor-2] INFO  impl.RoleInfo (RoleInfo.java:updateAndGet(143)) - f1727f7a-dfce-47cb-9d44-d863f6c274c0: start FollowerState
2019-09-17 06:07:31,969 [Thread-825] INFO  impl.FollowerState (FollowerState.java:run(115)) - f1727f7a-dfce-47cb-9d44-d863f6c274c0: FollowerState was interrupted: java.lang.InterruptedException: sleep interrupted
2019-09-17 06:07:31,987 [72845ddd-7944-416b-9dd2-35fcccd22f3d@group-0B3452D6D747:LeaderElection10] INFO  impl.LeaderElection (LeaderElection.java:logAndReturn(56)) - 72845ddd-7944-416b-9dd2-35fcccd22f3d@group-0B3452D6D747:LeaderElection10: Election PASSED; received 1 response(s) [72845ddd-7944-416b-9dd2-35fcccd22f3d<-76e9ed70-2a32-4a64-9388-b77e9aa6f857#0:OK-t1] and 0 exception(s); 72845ddd-7944-416b-9dd2-35fcccd22f3d@group-0B3452D6D747:t1, leader=null, voted=72845ddd-7944-416b-9dd2-35fcccd22f3d, raftlog=72845ddd-7944-416b-9dd2-35fcccd22f3d@group-0B3452D6D747-SegmentedRaftLog:OPENED:c-1,f-1,i0, conf=-1: [76e9ed70-2a32-4a64-9388-b77e9aa6f857:192.168.69.122:43336, f1727f7a-dfce-47cb-9d44-d863f6c274c0:192.168.69.122:33937, 72845ddd-7944-416b-9dd2-35fcccd22f3d:192.168.69.122:41609], old=null
2019-09-17 06:07:31,987 [72845ddd-7944-416b-9dd2-35fcccd22f3d@group-0B3452D6D747:LeaderElection10] INFO  impl.RoleInfo (RoleInfo.java:shutdownLeaderElection(134)) - 72845ddd-7944-416b-9dd2-35fcccd22f3d: shutdown LeaderElection
2019-09-17 06:07:31,989 [72845ddd-7944-416b-9dd2-35fcccd22f3d@group-0B3452D6D747:LeaderElection10] INFO  impl.RaftServerImpl (RaftServerImpl.java:setRole(174)) - 72845ddd-7944-416b-9dd2-35fcccd22f3d@group-0B3452D6D747: changes role from CANDIDATE to LEADER at term 1 for changeToLeader
2019-09-17 06:07:31,989 [72845ddd-7944-416b-9dd2-35fcccd22f3d@group-0B3452D6D747:LeaderElection10] INFO  impl.RaftServerImpl (ServerState.java:setLeader(253)) - 72845ddd-7944-416b-9dd2-35fcccd22f3d@group-0B3452D6D747: change Leader from null to 72845ddd-7944-416b-9dd2-35fcccd22f3d at term 1 for becomeLeader, leader elected after 5157ms
2019-09-17 06:07:31,990 [72845ddd-7944-416b-9dd2-35fcccd22f3d@group-0B3452D6D747:LeaderElection10] INFO  server.RaftServerConfigKeys (ConfUtils.java:logGet(43)) - raft.server.staging.catchup.gap = 1000 (default)
2019-09-17 06:07:31,990 [72845ddd-7944-416b-9dd2-35fcccd22f3d@group-0B3452D6D747:LeaderElection10] INFO  server.RaftServerConfigKeys (ConfUtils.java:logGet(43)) - raft.server.rpc.sleep.time = 25ms (default)
2019-09-17 06:07:31,990 [72845ddd-7944-416b-9dd2-35fcccd22f3d@group-0B3452D6D747:LeaderElection10] INFO  server.RaftServerConfigKeys (ConfUtils.java:logGet(43)) - raft.server.write.element-limit = 4096 (default)
2019-09-17 06:07:31,990 [72845ddd-7944-416b-9dd2-35fcccd22f3d@group-0B3452D6D747:LeaderElection10] INFO  server.RaftServerConfigKeys (ConfUtils.java:logGet(43)) - raft.server.watch.timeout = 10s (default)
2019-09-17 06:07:31,990 [72845ddd-7944-416b-9dd2-35fcccd22f3d@group-0B3452D6D747:LeaderElection10] INFO  server.RaftServerConfigKeys (ConfUtils.java:logGet(43)) - raft.server.watch.timeout.denomination = 1s (default)
2019-09-17 06:07:31,991 [72845ddd-7944-416b-9dd2-35fcccd22f3d@group-0B3452D6D747:LeaderElection10] INFO  server.RaftServerConfigKeys (ConfUtils.java:logGet(43)) - raft.server.watch.element-limit = 65536 (default)
2019-09-17 06:07:31,994 [72845ddd-7944-416b-9dd2-35fcccd22f3d@group-0B3452D6D747:LeaderElection10] INFO  server.RaftServerConfigKeys (ConfUtils.java:logGet(43)) - raft.server.log.appender.snapshot.chunk.size.max = 16MB (=16777216) (default)
2019-09-17 06:07:31,995 [72845ddd-7944-416b-9dd2-35fcccd22f3d@group-0B3452D6D747:LeaderElection10] INFO  server.RaftServerConfigKeys (ConfUtils.java:logGet(43)) - raft.server.log.appender.buffer.byte-limit = 33554432 (custom)
2019-09-17 06:07:31,995 [72845ddd-7944-416b-9dd2-35fcccd22f3d@group-0B3452D6D747:LeaderElection10] INFO  server.RaftServerConfigKeys (ConfUtils.java:logGet(43)) - raft.server.log.appender.buffer.element-limit = 1 (custom)
2019-09-17 06:07:31,995 [72845ddd-7944-416b-9dd2-35fcccd22f3d@group-0B3452D6D747:LeaderElection10] INFO  grpc.GrpcConfigKeys$Server (ConfUtils.java:logGet(43)) - raft.grpc.server.leader.outstanding.appends.max = 128 (default)
2019-09-17 06:07:31,995 [72845ddd-7944-416b-9dd2-35fcccd22f3d@group-0B3452D6D747:LeaderElection10] INFO  server.RaftServerConfigKeys (ConfUtils.java:logGet(43)) - raft.server.rpc.request.timeout = 3000ms (default)
2019-09-17 06:07:31,996 [72845ddd-7944-416b-9dd2-35fcccd22f3d@group-0B3452D6D747:LeaderElection10] INFO  server.RaftServerConfigKeys (ConfUtils.java:logGet(43)) - raft.server.log.appender.install.snapshot.enabled = false (custom)
2019-09-17 06:07:31,996 [72845ddd-7944-416b-9dd2-35fcccd22f3d@group-0B3452D6D747:LeaderElection10] INFO  server.RaftServerConfigKeys (ConfUtils.java:logGet(43)) - raft.server.log.appender.snapshot.chunk.size.max = 16MB (=16777216) (default)
2019-09-17 06:07:31,996 [72845ddd-7944-416b-9dd2-35fcccd22f3d@group-0B3452D6D747:LeaderElection10] INFO  server.RaftServerConfigKeys (ConfUtils.java:logGet(43)) - raft.server.log.appender.buffer.byte-limit = 33554432 (custom)
2019-09-17 06:07:31,996 [72845ddd-7944-416b-9dd2-35fcccd22f3d@group-0B3452D6D747:LeaderElection10] INFO  server.RaftServerConfigKeys (ConfUtils.java:logGet(43)) - raft.server.log.appender.buffer.element-limit = 1 (custom)
2019-09-17 06:07:31,997 [72845ddd-7944-416b-9dd2-35fcccd22f3d@group-0B3452D6D747:LeaderElection10] INFO  grpc.GrpcConfigKeys$Server (ConfUtils.java:logGet(43)) - raft.grpc.server.leader.outstanding.appends.max = 128 (default)
2019-09-17 06:07:31,997 [72845ddd-7944-416b-9dd2-35fcccd22f3d@group-0B3452D6D747:LeaderElection10] INFO  server.RaftServerConfigKeys (ConfUtils.java:logGet(43)) - raft.server.rpc.request.timeout = 3000ms (default)
2019-09-17 06:07:31,997 [72845ddd-7944-416b-9dd2-35fcccd22f3d@group-0B3452D6D747:LeaderElection10] INFO  server.RaftServerConfigKeys (ConfUtils.java:logGet(43)) - raft.server.log.appender.install.snapshot.enabled = false (custom)
2019-09-17 06:07:31,997 [72845ddd-7944-416b-9dd2-35fcccd22f3d@group-0B3452D6D747:LeaderElection10] INFO  impl.RoleInfo (RoleInfo.java:updateAndGet(143)) - 72845ddd-7944-416b-9dd2-35fcccd22f3d: start LeaderState
2019-09-17 06:07:31,998 [72845ddd-7944-416b-9dd2-35fcccd22f3d@group-0B3452D6D747:LeaderElection10] INFO  segmented.SegmentedRaftLogWorker (SegmentedRaftLogWorker.java:startLogSegment(380)) - 72845ddd-7944-416b-9dd2-35fcccd22f3d@group-0B3452D6D747-SegmentedRaftLogWorker: Starting segment from index:0
2019-09-17 06:07:31,999 [72845ddd-7944-416b-9dd2-35fcccd22f3d@group-0B3452D6D747:LeaderElection10] INFO  impl.RaftServerImpl (ServerState.java:setRaftConf(354)) - 72845ddd-7944-416b-9dd2-35fcccd22f3d@group-0B3452D6D747: set configuration 0: [76e9ed70-2a32-4a64-9388-b77e9aa6f857:192.168.69.122:43336, f1727f7a-dfce-47cb-9d44-d863f6c274c0:192.168.69.122:33937, 72845ddd-7944-416b-9dd2-35fcccd22f3d:192.168.69.122:41609], old=null at 0
2019-09-17 06:07:32,037 [grpc-default-executor-0] INFO  impl.RaftServerImpl (ServerState.java:setLeader(253)) - f1727f7a-dfce-47cb-9d44-d863f6c274c0@group-0B3452D6D747: change Leader from null to 72845ddd-7944-416b-9dd2-35fcccd22f3d at term 1 for appendEntries, leader elected after 5205ms
2019-09-17 06:07:32,037 [grpc-default-executor-2] INFO  impl.RaftServerImpl (ServerState.java:setLeader(253)) - 76e9ed70-2a32-4a64-9388-b77e9aa6f857@group-0B3452D6D747: change Leader from null to 72845ddd-7944-416b-9dd2-35fcccd22f3d at term 1 for appendEntries, leader elected after 5204ms
2019-09-17 06:07:32,040 [grpc-default-executor-2] INFO  impl.RaftServerImpl (ServerState.java:setRaftConf(354)) - f1727f7a-dfce-47cb-9d44-d863f6c274c0@group-0B3452D6D747: set configuration 0: [76e9ed70-2a32-4a64-9388-b77e9aa6f857:192.168.69.122:43336, f1727f7a-dfce-47cb-9d44-d863f6c274c0:192.168.69.122:33937, 72845ddd-7944-416b-9dd2-35fcccd22f3d:192.168.69.122:41609], old=null at 0
2019-09-17 06:07:32,040 [grpc-default-executor-0] INFO  impl.RaftServerImpl (ServerState.java:setRaftConf(354)) - 76e9ed70-2a32-4a64-9388-b77e9aa6f857@group-0B3452D6D747: set configuration 0: [76e9ed70-2a32-4a64-9388-b77e9aa6f857:192.168.69.122:43336, f1727f7a-dfce-47cb-9d44-d863f6c274c0:192.168.69.122:33937, 72845ddd-7944-416b-9dd2-35fcccd22f3d:192.168.69.122:41609], old=null at 0
2019-09-17 06:07:32,040 [grpc-default-executor-2] INFO  segmented.SegmentedRaftLogWorker (SegmentedRaftLogWorker.java:startLogSegment(380)) - f1727f7a-dfce-47cb-9d44-d863f6c274c0@group-0B3452D6D747-SegmentedRaftLogWorker: Starting segment from index:0
2019-09-17 06:07:32,041 [grpc-default-executor-0] INFO  segmented.SegmentedRaftLogWorker (SegmentedRaftLogWorker.java:startLogSegment(380)) - 76e9ed70-2a32-4a64-9388-b77e9aa6f857@group-0B3452D6D747-SegmentedRaftLogWorker: Starting segment from index:0
2019-09-17 06:07:32,045 [72845ddd-7944-416b-9dd2-35fcccd22f3d@group-0B3452D6D747-SegmentedRaftLogWorker] INFO  segmented.SegmentedRaftLogWorker (SegmentedRaftLogWorker.java:execute(569)) - 72845ddd-7944-416b-9dd2-35fcccd22f3d@group-0B3452D6D747-SegmentedRaftLogWorker: created new log segment /workdir/hadoop-ozone/integration-test/target/test-dir/MiniOzoneClusterImpl-75dfc597-4d0a-4fc3-997c-bd58322963d8/datanode-2/data/ratis/565851af-39e5-4a90-88c0-0b3452d6d747/current/log_inprogress_0
2019-09-17 06:07:32,079 [f1727f7a-dfce-47cb-9d44-d863f6c274c0@group-0B3452D6D747-SegmentedRaftLogWorker] INFO  segmented.SegmentedRaftLogWorker (SegmentedRaftLogWorker.java:execute(569)) - f1727f7a-dfce-47cb-9d44-d863f6c274c0@group-0B3452D6D747-SegmentedRaftLogWorker: created new log segment /workdir/hadoop-ozone/integration-test/target/test-dir/MiniOzoneClusterImpl-75dfc597-4d0a-4fc3-997c-bd58322963d8/datanode-6/data/ratis/565851af-39e5-4a90-88c0-0b3452d6d747/current/log_inprogress_0
2019-09-17 06:07:32,079 [76e9ed70-2a32-4a64-9388-b77e9aa6f857@group-0B3452D6D747-SegmentedRaftLogWorker] INFO  segmented.SegmentedRaftLogWorker (SegmentedRaftLogWorker.java:execute(569)) - 76e9ed70-2a32-4a64-9388-b77e9aa6f857@group-0B3452D6D747-SegmentedRaftLogWorker: created new log segment /workdir/hadoop-ozone/integration-test/target/test-dir/MiniOzoneClusterImpl-75dfc597-4d0a-4fc3-997c-bd58322963d8/datanode-0/data/ratis/565851af-39e5-4a90-88c0-0b3452d6d747/current/log_inprogress_0
2019-09-17 06:07:32,101 [grpc-default-executor-0] INFO  impl.RaftServerProxy (RaftServerProxy.java:remove(95)) - 72845ddd-7944-416b-9dd2-35fcccd22f3d: remove group-E83674309DFA:null
2019-09-17 06:07:32,110 [RatisPipelineUtilsThread] WARN  pipeline.RatisPipelineUtils (RatisPipelineUtils.java:destroyPipeline(66)) - Pipeline destroy failed for pipeline=PipelineID=f19de06e-3053-4ec9-9fdd-e83674309dfa dn=72845ddd-7944-416b-9dd2-35fcccd22f3d{ip: 192.168.69.122, host: trunk-nightly-20190917-29l5j-2509219610, networkLocation: /default-rack, certSerialId: null}
2019-09-17 06:07:32,118 [grpc-default-executor-0] INFO  impl.RaftServerProxy (RaftServerProxy.java:remove(95)) - 76e9ed70-2a32-4a64-9388-b77e9aa6f857: remove group-E83674309DFA:null
2019-09-17 06:07:32,126 [RatisPipelineUtilsThread] WARN  pipeline.RatisPipelineUtils (RatisPipelineUtils.java:destroyPipeline(66)) - Pipeline destroy failed for pipeline=PipelineID=f19de06e-3053-4ec9-9fdd-e83674309dfa dn=76e9ed70-2a32-4a64-9388-b77e9aa6f857{ip: 192.168.69.122, host: trunk-nightly-20190917-29l5j-2509219610, networkLocation: /default-rack, certSerialId: null}
2019-09-17 06:07:32,134 [grpc-default-executor-0] INFO  impl.RaftServerProxy (RaftServerProxy.java:remove(95)) - f1727f7a-dfce-47cb-9d44-d863f6c274c0: remove group-E83674309DFA:null
2019-09-17 06:07:32,142 [RatisPipelineUtilsThread] WARN  pipeline.RatisPipelineUtils (RatisPipelineUtils.java:destroyPipeline(66)) - Pipeline destroy failed for pipeline=PipelineID=f19de06e-3053-4ec9-9fdd-e83674309dfa dn=f1727f7a-dfce-47cb-9d44-d863f6c274c0{ip: 192.168.69.122, host: trunk-nightly-20190917-29l5j-2509219610, networkLocation: /default-rack, certSerialId: null}
2019-09-17 06:07:32,142 [RatisPipelineUtilsThread] ERROR pipeline.SCMPipelineManager (Scheduler.java:lambda$schedule$1(70)) - Destroy pipeline failed for pipeline:Pipeline[ Id: f19de06e-3053-4ec9-9fdd-e83674309dfa, Nodes: 72845ddd-7944-416b-9dd2-35fcccd22f3d{ip: 192.168.69.122, host: trunk-nightly-20190917-29l5j-2509219610, networkLocation: /default-rack, certSerialId: null}76e9ed70-2a32-4a64-9388-b77e9aa6f857{ip: 192.168.69.122, host: trunk-nightly-20190917-29l5j-2509219610, networkLocation: /default-rack, certSerialId: null}f1727f7a-dfce-47cb-9d44-d863f6c274c0{ip: 192.168.69.122, host: trunk-nightly-20190917-29l5j-2509219610, networkLocation: /default-rack, certSerialId: null}, Type:RATIS, Factor:THREE, State:CLOSED]
org.apache.hadoop.hdds.scm.pipeline.PipelineNotFoundException: PipelineID=f19de06e-3053-4ec9-9fdd-e83674309dfa not found
	at org.apache.hadoop.hdds.scm.pipeline.PipelineStateMap.getPipeline(PipelineStateMap.java:132)
	at org.apache.hadoop.hdds.scm.pipeline.PipelineStateMap.removePipeline(PipelineStateMap.java:322)
	at org.apache.hadoop.hdds.scm.pipeline.PipelineStateManager.removePipeline(PipelineStateManager.java:107)
	at org.apache.hadoop.hdds.scm.pipeline.SCMPipelineManager.removePipeline(SCMPipelineManager.java:423)
	at org.apache.hadoop.hdds.scm.pipeline.SCMPipelineManager.destroyPipeline(SCMPipelineManager.java:409)
	at org.apache.hadoop.hdds.scm.pipeline.SCMPipelineManager.lambda$finalizeAndDestroyPipeline$0(SCMPipelineManager.java:318)
	at org.apache.hadoop.utils.Scheduler.lambda$schedule$1(Scheduler.java:68)
	at java.util.concurrent.Executors$RunnableAdapter.call(Executors.java:511)
	at java.util.concurrent.FutureTask.run(FutureTask.java:266)
	at java.util.concurrent.ScheduledThreadPoolExecutor$ScheduledFutureTask.access$201(ScheduledThreadPoolExecutor.java:180)
	at java.util.concurrent.ScheduledThreadPoolExecutor$ScheduledFutureTask.run(ScheduledThreadPoolExecutor.java:293)
	at java.util.concurrent.ThreadPoolExecutor.runWorker(ThreadPoolExecutor.java:1149)
	at java.util.concurrent.ThreadPoolExecutor$Worker.run(ThreadPoolExecutor.java:624)
	at java.lang.Thread.run(Thread.java:748)
2019-09-17 06:07:32,800 [grpc-default-executor-0] INFO  client.GrpcClientProtocolClient (GrpcClientProtocolClient.java:onNext(264)) - client-9AF48D7A035B->72845ddd-7944-416b-9dd2-35fcccd22f3d: receive RaftClientReply:client-9AF48D7A035B->72845ddd-7944-416b-9dd2-35fcccd22f3d@group-0B3452D6D747, cid=30, SUCCESS, logIndex=1, commits[72845ddd-7944-416b-9dd2-35fcccd22f3d:c1, 76e9ed70-2a32-4a64-9388-b77e9aa6f857:c0, f1727f7a-dfce-47cb-9d44-d863f6c274c0:c0]
2019-09-17 06:07:32,835 [grpc-default-executor-1] INFO  client.GrpcClientProtocolClient (GrpcClientProtocolClient.java:onNext(264)) - client-9AF48D7A035B->72845ddd-7944-416b-9dd2-35fcccd22f3d: receive RaftClientReply:client-9AF48D7A035B->72845ddd-7944-416b-9dd2-35fcccd22f3d@group-0B3452D6D747, cid=31, SUCCESS, logIndex=3, commits[72845ddd-7944-416b-9dd2-35fcccd22f3d:c3, 76e9ed70-2a32-4a64-9388-b77e9aa6f857:c2, f1727f7a-dfce-47cb-9d44-d863f6c274c0:c1]
2019-09-17 06:07:32,874 [grpc-default-executor-1] INFO  client.GrpcClientProtocolClient (GrpcClientProtocolClient.java:onNext(264)) - client-9AF48D7A035B->72845ddd-7944-416b-9dd2-35fcccd22f3d: receive RaftClientReply:client-9AF48D7A035B->72845ddd-7944-416b-9dd2-35fcccd22f3d@group-0B3452D6D747, cid=32, SUCCESS, logIndex=4, commits[72845ddd-7944-416b-9dd2-35fcccd22f3d:c6, 76e9ed70-2a32-4a64-9388-b77e9aa6f857:c4, f1727f7a-dfce-47cb-9d44-d863f6c274c0:c4]
]]></system-out>
  </testcase>
  <testcase name="testFullBufferCondition" classname="org.apache.hadoop.ozone.client.rpc.TestBlockOutputStream" time="0.463"/>
  <testcase name="testBufferCaching" classname="org.apache.hadoop.ozone.client.rpc.TestBlockOutputStream" time="0.329"/>
  <testcase name="testWriteWithExceedingMaxBufferLimit" classname="org.apache.hadoop.ozone.client.rpc.TestBlockOutputStream" time="187.392">
    <failure message="expected:&lt;18&gt; but was:&lt;22&gt;" type="java.lang.AssertionError"><![CDATA[java.lang.AssertionError: expected:<18> but was:<22>
	at org.junit.Assert.fail(Assert.java:88)
	at org.junit.Assert.failNotEquals(Assert.java:743)
	at org.junit.Assert.assertEquals(Assert.java:118)
	at org.junit.Assert.assertEquals(Assert.java:555)
	at org.junit.Assert.assertEquals(Assert.java:542)
	at org.apache.hadoop.ozone.client.rpc.TestBlockOutputStream.testWriteWithExceedingMaxBufferLimit(TestBlockOutputStream.java:614)
	at sun.reflect.NativeMethodAccessorImpl.invoke0(Native Method)
	at sun.reflect.NativeMethodAccessorImpl.invoke(NativeMethodAccessorImpl.java:62)
	at sun.reflect.DelegatingMethodAccessorImpl.invoke(DelegatingMethodAccessorImpl.java:43)
	at java.lang.reflect.Method.invoke(Method.java:498)
	at org.junit.runners.model.FrameworkMethod$1.runReflectiveCall(FrameworkMethod.java:47)
	at org.junit.internal.runners.model.ReflectiveCallable.run(ReflectiveCallable.java:12)
	at org.junit.runners.model.FrameworkMethod.invokeExplosively(FrameworkMethod.java:44)
	at org.junit.internal.runners.statements.InvokeMethod.evaluate(InvokeMethod.java:17)
	at org.junit.runners.ParentRunner.runLeaf(ParentRunner.java:271)
	at org.junit.runners.BlockJUnit4ClassRunner.runChild(BlockJUnit4ClassRunner.java:70)
	at org.junit.runners.BlockJUnit4ClassRunner.runChild(BlockJUnit4ClassRunner.java:50)
	at org.junit.runners.ParentRunner$3.run(ParentRunner.java:238)
	at org.junit.runners.ParentRunner$1.schedule(ParentRunner.java:63)
	at org.junit.runners.ParentRunner.runChildren(ParentRunner.java:236)
	at org.junit.runners.ParentRunner.access$000(ParentRunner.java:53)
	at org.junit.runners.ParentRunner$2.evaluate(ParentRunner.java:229)
	at org.junit.internal.runners.statements.RunBefores.evaluate(RunBefores.java:26)
	at org.junit.internal.runners.statements.RunAfters.evaluate(RunAfters.java:27)
	at org.junit.runners.ParentRunner.run(ParentRunner.java:309)
	at org.apache.maven.surefire.junit4.JUnit4Provider.execute(JUnit4Provider.java:365)
	at org.apache.maven.surefire.junit4.JUnit4Provider.executeWithRerun(JUnit4Provider.java:273)
	at org.apache.maven.surefire.junit4.JUnit4Provider.executeTestSet(JUnit4Provider.java:238)
	at org.apache.maven.surefire.junit4.JUnit4Provider.invoke(JUnit4Provider.java:159)
	at org.apache.maven.surefire.booter.ForkedBooter.invokeProviderInSameClassLoader(ForkedBooter.java:384)
	at org.apache.maven.surefire.booter.ForkedBooter.runSuitesInProcess(ForkedBooter.java:345)
	at org.apache.maven.surefire.booter.ForkedBooter.execute(ForkedBooter.java:126)
	at org.apache.maven.surefire.booter.ForkedBooter.main(ForkedBooter.java:418)
]]></failure>
    <system-out><![CDATA[2019-09-17 06:07:35,093 [grpc-default-executor-0] INFO  impl.RaftServerProxy (RaftServerProxy.java:remove(95)) - 72845ddd-7944-416b-9dd2-35fcccd22f3d: remove group-E83674309DFA:null
2019-09-17 06:07:35,102 [RatisPipelineUtilsThread] WARN  pipeline.RatisPipelineUtils (RatisPipelineUtils.java:destroyPipeline(66)) - Pipeline destroy failed for pipeline=PipelineID=f19de06e-3053-4ec9-9fdd-e83674309dfa dn=72845ddd-7944-416b-9dd2-35fcccd22f3d{ip: 192.168.69.122, host: trunk-nightly-20190917-29l5j-2509219610, networkLocation: /default-rack, certSerialId: null}
2019-09-17 06:07:35,117 [grpc-default-executor-0] INFO  impl.RaftServerProxy (RaftServerProxy.java:remove(95)) - 76e9ed70-2a32-4a64-9388-b77e9aa6f857: remove group-E83674309DFA:null
2019-09-17 06:07:35,125 [RatisPipelineUtilsThread] WARN  pipeline.RatisPipelineUtils (RatisPipelineUtils.java:destroyPipeline(66)) - Pipeline destroy failed for pipeline=PipelineID=f19de06e-3053-4ec9-9fdd-e83674309dfa dn=76e9ed70-2a32-4a64-9388-b77e9aa6f857{ip: 192.168.69.122, host: trunk-nightly-20190917-29l5j-2509219610, networkLocation: /default-rack, certSerialId: null}
2019-09-17 06:07:35,130 [grpc-default-executor-0] INFO  impl.RaftServerProxy (RaftServerProxy.java:remove(95)) - f1727f7a-dfce-47cb-9d44-d863f6c274c0: remove group-E83674309DFA:null
2019-09-17 06:07:35,137 [RatisPipelineUtilsThread] WARN  pipeline.RatisPipelineUtils (RatisPipelineUtils.java:destroyPipeline(66)) - Pipeline destroy failed for pipeline=PipelineID=f19de06e-3053-4ec9-9fdd-e83674309dfa dn=f1727f7a-dfce-47cb-9d44-d863f6c274c0{ip: 192.168.69.122, host: trunk-nightly-20190917-29l5j-2509219610, networkLocation: /default-rack, certSerialId: null}
2019-09-17 06:07:35,138 [RatisPipelineUtilsThread] ERROR pipeline.SCMPipelineManager (Scheduler.java:lambda$schedule$1(70)) - Destroy pipeline failed for pipeline:Pipeline[ Id: f19de06e-3053-4ec9-9fdd-e83674309dfa, Nodes: 72845ddd-7944-416b-9dd2-35fcccd22f3d{ip: 192.168.69.122, host: trunk-nightly-20190917-29l5j-2509219610, networkLocation: /default-rack, certSerialId: null}76e9ed70-2a32-4a64-9388-b77e9aa6f857{ip: 192.168.69.122, host: trunk-nightly-20190917-29l5j-2509219610, networkLocation: /default-rack, certSerialId: null}f1727f7a-dfce-47cb-9d44-d863f6c274c0{ip: 192.168.69.122, host: trunk-nightly-20190917-29l5j-2509219610, networkLocation: /default-rack, certSerialId: null}, Type:RATIS, Factor:THREE, State:CLOSED]
org.apache.hadoop.hdds.scm.pipeline.PipelineNotFoundException: PipelineID=f19de06e-3053-4ec9-9fdd-e83674309dfa not found
	at org.apache.hadoop.hdds.scm.pipeline.PipelineStateMap.getPipeline(PipelineStateMap.java:132)
	at org.apache.hadoop.hdds.scm.pipeline.PipelineStateMap.removePipeline(PipelineStateMap.java:322)
	at org.apache.hadoop.hdds.scm.pipeline.PipelineStateManager.removePipeline(PipelineStateManager.java:107)
	at org.apache.hadoop.hdds.scm.pipeline.SCMPipelineManager.removePipeline(SCMPipelineManager.java:423)
	at org.apache.hadoop.hdds.scm.pipeline.SCMPipelineManager.destroyPipeline(SCMPipelineManager.java:409)
	at org.apache.hadoop.hdds.scm.pipeline.SCMPipelineManager.lambda$finalizeAndDestroyPipeline$0(SCMPipelineManager.java:318)
	at org.apache.hadoop.utils.Scheduler.lambda$schedule$1(Scheduler.java:68)
	at java.util.concurrent.Executors$RunnableAdapter.call(Executors.java:511)
	at java.util.concurrent.FutureTask.run(FutureTask.java:266)
	at java.util.concurrent.ScheduledThreadPoolExecutor$ScheduledFutureTask.access$201(ScheduledThreadPoolExecutor.java:180)
	at java.util.concurrent.ScheduledThreadPoolExecutor$ScheduledFutureTask.run(ScheduledThreadPoolExecutor.java:293)
	at java.util.concurrent.ThreadPoolExecutor.runWorker(ThreadPoolExecutor.java:1149)
	at java.util.concurrent.ThreadPoolExecutor$Worker.run(ThreadPoolExecutor.java:624)
	at java.lang.Thread.run(Thread.java:748)
2019-09-17 06:07:36,707 [java.util.concurrent.ThreadPoolExecutor$Worker@7e25380e[State = -1, empty queue]] WARN  server.GrpcLogAppender (GrpcLogAppender.java:timeoutAppendRequest(200)) - 72845ddd-7944-416b-9dd2-35fcccd22f3d@group-0B3452D6D747->76e9ed70-2a32-4a64-9388-b77e9aa6f857-GrpcLogAppender: appendEntries Timeout, request=72845ddd-7944-416b-9dd2-35fcccd22f3d->76e9ed70-2a32-4a64-9388-b77e9aa6f857#8-t1, previous=(t:1, i:6), leaderCommit=6, initializing? false, entries: size=1, first=(t:1, i:7), STATEMACHINELOGENTRY, client-9AF48D7A035B, cid=50
2019-09-17 06:07:36,707 [java.util.concurrent.ThreadPoolExecutor$Worker@550fe58d[State = -1, empty queue]] WARN  server.GrpcLogAppender (GrpcLogAppender.java:timeoutAppendRequest(200)) - 72845ddd-7944-416b-9dd2-35fcccd22f3d@group-0B3452D6D747->f1727f7a-dfce-47cb-9d44-d863f6c274c0-GrpcLogAppender: appendEntries Timeout, request=72845ddd-7944-416b-9dd2-35fcccd22f3d->f1727f7a-dfce-47cb-9d44-d863f6c274c0#8-t1, previous=(t:1, i:6), leaderCommit=6, initializing? false, entries: size=1, first=(t:1, i:7), STATEMACHINELOGENTRY, client-9AF48D7A035B, cid=50
2019-09-17 06:07:36,707 [java.util.concurrent.ThreadPoolExecutor$Worker@7e25380e[State = -1, empty queue]] WARN  server.GrpcLogAppender (GrpcLogAppender.java:timeoutAppendRequest(200)) - 72845ddd-7944-416b-9dd2-35fcccd22f3d@group-0B3452D6D747->76e9ed70-2a32-4a64-9388-b77e9aa6f857-GrpcLogAppender: appendEntries Timeout, request=72845ddd-7944-416b-9dd2-35fcccd22f3d->76e9ed70-2a32-4a64-9388-b77e9aa6f857#9-t1, previous=(t:1, i:7), leaderCommit=6, initializing? false, entries: size=1, first=(t:1, i:8), STATEMACHINELOGENTRY, client-9AF48D7A035B, cid=51
2019-09-17 06:07:36,707 [java.util.concurrent.ThreadPoolExecutor$Worker@550fe58d[State = -1, empty queue]] WARN  server.GrpcLogAppender (GrpcLogAppender.java:timeoutAppendRequest(200)) - 72845ddd-7944-416b-9dd2-35fcccd22f3d@group-0B3452D6D747->f1727f7a-dfce-47cb-9d44-d863f6c274c0-GrpcLogAppender: appendEntries Timeout, request=72845ddd-7944-416b-9dd2-35fcccd22f3d->f1727f7a-dfce-47cb-9d44-d863f6c274c0#9-t1, previous=(t:1, i:7), leaderCommit=6, initializing? false, entries: size=1, first=(t:1, i:8), STATEMACHINELOGENTRY, client-9AF48D7A035B, cid=51
2019-09-17 06:07:36,708 [java.util.concurrent.ThreadPoolExecutor$Worker@7e25380e[State = -1, empty queue]] WARN  server.GrpcLogAppender (GrpcLogAppender.java:timeoutAppendRequest(200)) - 72845ddd-7944-416b-9dd2-35fcccd22f3d@group-0B3452D6D747->76e9ed70-2a32-4a64-9388-b77e9aa6f857-GrpcLogAppender: appendEntries Timeout, request=72845ddd-7944-416b-9dd2-35fcccd22f3d->76e9ed70-2a32-4a64-9388-b77e9aa6f857#10-t1, previous=(t:1, i:8), leaderCommit=6, initializing? false, entries: size=1, first=(t:1, i:9), STATEMACHINELOGENTRY, client-9AF48D7A035B, cid=52
2019-09-17 06:07:36,708 [java.util.concurrent.ThreadPoolExecutor$Worker@550fe58d[State = -1, empty queue]] WARN  server.GrpcLogAppender (GrpcLogAppender.java:timeoutAppendRequest(200)) - 72845ddd-7944-416b-9dd2-35fcccd22f3d@group-0B3452D6D747->f1727f7a-dfce-47cb-9d44-d863f6c274c0-GrpcLogAppender: appendEntries Timeout, request=72845ddd-7944-416b-9dd2-35fcccd22f3d->f1727f7a-dfce-47cb-9d44-d863f6c274c0#10-t1, previous=(t:1, i:8), leaderCommit=6, initializing? false, entries: size=1, first=(t:1, i:9), STATEMACHINELOGENTRY, client-9AF48D7A035B, cid=52
2019-09-17 06:07:36,709 [java.util.concurrent.ThreadPoolExecutor$Worker@7e25380e[State = -1, empty queue]] WARN  server.GrpcLogAppender (GrpcLogAppender.java:timeoutAppendRequest(200)) - 72845ddd-7944-416b-9dd2-35fcccd22f3d@group-0B3452D6D747->76e9ed70-2a32-4a64-9388-b77e9aa6f857-GrpcLogAppender: appendEntries Timeout, request=72845ddd-7944-416b-9dd2-35fcccd22f3d->76e9ed70-2a32-4a64-9388-b77e9aa6f857#11-t1, previous=(t:1, i:9), leaderCommit=6, initializing? false, entries: size=1, first=(t:1, i:10), STATEMACHINELOGENTRY, client-9AF48D7A035B, cid=53
2019-09-17 06:07:36,709 [java.util.concurrent.ThreadPoolExecutor$Worker@550fe58d[State = -1, empty queue]] WARN  server.GrpcLogAppender (GrpcLogAppender.java:timeoutAppendRequest(200)) - 72845ddd-7944-416b-9dd2-35fcccd22f3d@group-0B3452D6D747->f1727f7a-dfce-47cb-9d44-d863f6c274c0-GrpcLogAppender: appendEntries Timeout, request=72845ddd-7944-416b-9dd2-35fcccd22f3d->f1727f7a-dfce-47cb-9d44-d863f6c274c0#11-t1, previous=(t:1, i:9), leaderCommit=6, initializing? false, entries: size=1, first=(t:1, i:10), STATEMACHINELOGENTRY, client-9AF48D7A035B, cid=53
2019-09-17 06:07:36,711 [java.util.concurrent.ThreadPoolExecutor$Worker@550fe58d[State = -1, empty queue]] WARN  server.GrpcLogAppender (GrpcLogAppender.java:timeoutAppendRequest(200)) - 72845ddd-7944-416b-9dd2-35fcccd22f3d@group-0B3452D6D747->f1727f7a-dfce-47cb-9d44-d863f6c274c0-GrpcLogAppender: appendEntries Timeout, request=72845ddd-7944-416b-9dd2-35fcccd22f3d->f1727f7a-dfce-47cb-9d44-d863f6c274c0#12-t1, previous=(t:1, i:10), leaderCommit=6, initializing? false, entries: size=1, first=(t:1, i:11), STATEMACHINELOGENTRY, client-9AF48D7A035B, cid=54
2019-09-17 06:07:36,711 [java.util.concurrent.ThreadPoolExecutor$Worker@7e25380e[State = -1, empty queue]] WARN  server.GrpcLogAppender (GrpcLogAppender.java:timeoutAppendRequest(200)) - 72845ddd-7944-416b-9dd2-35fcccd22f3d@group-0B3452D6D747->76e9ed70-2a32-4a64-9388-b77e9aa6f857-GrpcLogAppender: appendEntries Timeout, request=72845ddd-7944-416b-9dd2-35fcccd22f3d->76e9ed70-2a32-4a64-9388-b77e9aa6f857#12-t1, previous=(t:1, i:10), leaderCommit=6, initializing? false, entries: size=1, first=(t:1, i:11), STATEMACHINELOGENTRY, client-9AF48D7A035B, cid=54
2019-09-17 06:07:36,711 [java.util.concurrent.ThreadPoolExecutor$Worker@550fe58d[State = -1, empty queue]] WARN  server.GrpcLogAppender (GrpcLogAppender.java:timeoutAppendRequest(200)) - 72845ddd-7944-416b-9dd2-35fcccd22f3d@group-0B3452D6D747->f1727f7a-dfce-47cb-9d44-d863f6c274c0-GrpcLogAppender: appendEntries Timeout, request=72845ddd-7944-416b-9dd2-35fcccd22f3d->f1727f7a-dfce-47cb-9d44-d863f6c274c0#13-t1, previous=(t:1, i:11), leaderCommit=6, initializing? false, entries: size=1, first=(t:1, i:12), STATEMACHINELOGENTRY, client-9AF48D7A035B, cid=55
2019-09-17 06:07:36,711 [java.util.concurrent.ThreadPoolExecutor$Worker@7e25380e[State = -1, empty queue]] WARN  server.GrpcLogAppender (GrpcLogAppender.java:timeoutAppendRequest(200)) - 72845ddd-7944-416b-9dd2-35fcccd22f3d@group-0B3452D6D747->76e9ed70-2a32-4a64-9388-b77e9aa6f857-GrpcLogAppender: appendEntries Timeout, request=72845ddd-7944-416b-9dd2-35fcccd22f3d->76e9ed70-2a32-4a64-9388-b77e9aa6f857#13-t1, previous=(t:1, i:11), leaderCommit=6, initializing? false, entries: size=1, first=(t:1, i:12), STATEMACHINELOGENTRY, client-9AF48D7A035B, cid=55
2019-09-17 06:07:37,096 [grpc-default-executor-0] INFO  impl.RaftServerProxy (RaftServerProxy.java:remove(95)) - 72845ddd-7944-416b-9dd2-35fcccd22f3d: remove group-E83674309DFA:null
2019-09-17 06:07:37,118 [RatisPipelineUtilsThread] WARN  pipeline.RatisPipelineUtils (RatisPipelineUtils.java:destroyPipeline(66)) - Pipeline destroy failed for pipeline=PipelineID=f19de06e-3053-4ec9-9fdd-e83674309dfa dn=72845ddd-7944-416b-9dd2-35fcccd22f3d{ip: 192.168.69.122, host: trunk-nightly-20190917-29l5j-2509219610, networkLocation: /default-rack, certSerialId: null}
2019-09-17 06:07:37,124 [grpc-default-executor-0] INFO  impl.RaftServerProxy (RaftServerProxy.java:remove(95)) - 76e9ed70-2a32-4a64-9388-b77e9aa6f857: remove group-E83674309DFA:null
2019-09-17 06:07:37,130 [RatisPipelineUtilsThread] WARN  pipeline.RatisPipelineUtils (RatisPipelineUtils.java:destroyPipeline(66)) - Pipeline destroy failed for pipeline=PipelineID=f19de06e-3053-4ec9-9fdd-e83674309dfa dn=76e9ed70-2a32-4a64-9388-b77e9aa6f857{ip: 192.168.69.122, host: trunk-nightly-20190917-29l5j-2509219610, networkLocation: /default-rack, certSerialId: null}
2019-09-17 06:07:37,135 [grpc-default-executor-0] INFO  impl.RaftServerProxy (RaftServerProxy.java:remove(95)) - f1727f7a-dfce-47cb-9d44-d863f6c274c0: remove group-E83674309DFA:null
2019-09-17 06:07:37,141 [RatisPipelineUtilsThread] WARN  pipeline.RatisPipelineUtils (RatisPipelineUtils.java:destroyPipeline(66)) - Pipeline destroy failed for pipeline=PipelineID=f19de06e-3053-4ec9-9fdd-e83674309dfa dn=f1727f7a-dfce-47cb-9d44-d863f6c274c0{ip: 192.168.69.122, host: trunk-nightly-20190917-29l5j-2509219610, networkLocation: /default-rack, certSerialId: null}
2019-09-17 06:07:37,141 [RatisPipelineUtilsThread] ERROR pipeline.SCMPipelineManager (Scheduler.java:lambda$schedule$1(70)) - Destroy pipeline failed for pipeline:Pipeline[ Id: f19de06e-3053-4ec9-9fdd-e83674309dfa, Nodes: 72845ddd-7944-416b-9dd2-35fcccd22f3d{ip: 192.168.69.122, host: trunk-nightly-20190917-29l5j-2509219610, networkLocation: /default-rack, certSerialId: null}76e9ed70-2a32-4a64-9388-b77e9aa6f857{ip: 192.168.69.122, host: trunk-nightly-20190917-29l5j-2509219610, networkLocation: /default-rack, certSerialId: null}f1727f7a-dfce-47cb-9d44-d863f6c274c0{ip: 192.168.69.122, host: trunk-nightly-20190917-29l5j-2509219610, networkLocation: /default-rack, certSerialId: null}, Type:RATIS, Factor:THREE, State:CLOSED]
org.apache.hadoop.hdds.scm.pipeline.PipelineNotFoundException: PipelineID=f19de06e-3053-4ec9-9fdd-e83674309dfa not found
	at org.apache.hadoop.hdds.scm.pipeline.PipelineStateMap.getPipeline(PipelineStateMap.java:132)
	at org.apache.hadoop.hdds.scm.pipeline.PipelineStateMap.removePipeline(PipelineStateMap.java:322)
	at org.apache.hadoop.hdds.scm.pipeline.PipelineStateManager.removePipeline(PipelineStateManager.java:107)
	at org.apache.hadoop.hdds.scm.pipeline.SCMPipelineManager.removePipeline(SCMPipelineManager.java:423)
	at org.apache.hadoop.hdds.scm.pipeline.SCMPipelineManager.destroyPipeline(SCMPipelineManager.java:409)
	at org.apache.hadoop.hdds.scm.pipeline.SCMPipelineManager.lambda$finalizeAndDestroyPipeline$0(SCMPipelineManager.java:318)
	at org.apache.hadoop.utils.Scheduler.lambda$schedule$1(Scheduler.java:68)
	at java.util.concurrent.Executors$RunnableAdapter.call(Executors.java:511)
	at java.util.concurrent.FutureTask.run(FutureTask.java:266)
	at java.util.concurrent.ScheduledThreadPoolExecutor$ScheduledFutureTask.access$201(ScheduledThreadPoolExecutor.java:180)
	at java.util.concurrent.ScheduledThreadPoolExecutor$ScheduledFutureTask.run(ScheduledThreadPoolExecutor.java:293)
	at java.util.concurrent.ThreadPoolExecutor.runWorker(ThreadPoolExecutor.java:1149)
	at java.util.concurrent.ThreadPoolExecutor$Worker.run(ThreadPoolExecutor.java:624)
	at java.lang.Thread.run(Thread.java:748)
2019-09-17 06:07:38,748 [grpc-default-executor-1] INFO  client.GrpcClientProtocolClient (GrpcClientProtocolClient.java:onNext(264)) - client-9AF48D7A035B->f1727f7a-dfce-47cb-9d44-d863f6c274c0: receive RaftClientReply:client-9AF48D7A035B->f1727f7a-dfce-47cb-9d44-d863f6c274c0@group-0B3452D6D747, cid=50, FAILED org.apache.ratis.protocol.NotLeaderException: Server f1727f7a-dfce-47cb-9d44-d863f6c274c0@group-0B3452D6D747 is not the leader 72845ddd-7944-416b-9dd2-35fcccd22f3d:192.168.69.122:41609, logIndex=0, commits[f1727f7a-dfce-47cb-9d44-d863f6c274c0:c6, 76e9ed70-2a32-4a64-9388-b77e9aa6f857:c4, 72845ddd-7944-416b-9dd2-35fcccd22f3d:c6]
2019-09-17 06:07:39,211 [java.util.concurrent.ThreadPoolExecutor$Worker@7e25380e[State = -1, empty queue]] WARN  server.GrpcLogAppender (GrpcLogAppender.java:timeoutAppendRequest(200)) - 72845ddd-7944-416b-9dd2-35fcccd22f3d@group-0B3452D6D747->76e9ed70-2a32-4a64-9388-b77e9aa6f857-GrpcLogAppender: appendEntries Timeout, request=72845ddd-7944-416b-9dd2-35fcccd22f3d->76e9ed70-2a32-4a64-9388-b77e9aa6f857#14-t1, previous=(t:1, i:12), leaderCommit=6, initializing? false, entries: <empty>
2019-09-17 06:07:39,211 [java.util.concurrent.ThreadPoolExecutor$Worker@550fe58d[State = -1, empty queue]] WARN  server.GrpcLogAppender (GrpcLogAppender.java:timeoutAppendRequest(200)) - 72845ddd-7944-416b-9dd2-35fcccd22f3d@group-0B3452D6D747->f1727f7a-dfce-47cb-9d44-d863f6c274c0-GrpcLogAppender: appendEntries Timeout, request=72845ddd-7944-416b-9dd2-35fcccd22f3d->f1727f7a-dfce-47cb-9d44-d863f6c274c0#14-t1, previous=(t:1, i:12), leaderCommit=6, initializing? false, entries: <empty>
2019-09-17 06:07:40,096 [grpc-default-executor-1] INFO  impl.RaftServerProxy (RaftServerProxy.java:remove(95)) - 72845ddd-7944-416b-9dd2-35fcccd22f3d: remove group-E83674309DFA:null
2019-09-17 06:07:40,109 [RatisPipelineUtilsThread] WARN  pipeline.RatisPipelineUtils (RatisPipelineUtils.java:destroyPipeline(66)) - Pipeline destroy failed for pipeline=PipelineID=f19de06e-3053-4ec9-9fdd-e83674309dfa dn=72845ddd-7944-416b-9dd2-35fcccd22f3d{ip: 192.168.69.122, host: trunk-nightly-20190917-29l5j-2509219610, networkLocation: /default-rack, certSerialId: null}
2019-09-17 06:07:40,113 [grpc-default-executor-1] INFO  impl.RaftServerProxy (RaftServerProxy.java:remove(95)) - 76e9ed70-2a32-4a64-9388-b77e9aa6f857: remove group-E83674309DFA:null
2019-09-17 06:07:40,119 [RatisPipelineUtilsThread] WARN  pipeline.RatisPipelineUtils (RatisPipelineUtils.java:destroyPipeline(66)) - Pipeline destroy failed for pipeline=PipelineID=f19de06e-3053-4ec9-9fdd-e83674309dfa dn=76e9ed70-2a32-4a64-9388-b77e9aa6f857{ip: 192.168.69.122, host: trunk-nightly-20190917-29l5j-2509219610, networkLocation: /default-rack, certSerialId: null}
2019-09-17 06:07:40,122 [grpc-default-executor-1] INFO  impl.RaftServerProxy (RaftServerProxy.java:remove(95)) - f1727f7a-dfce-47cb-9d44-d863f6c274c0: remove group-E83674309DFA:null
2019-09-17 06:07:40,142 [RatisPipelineUtilsThread] WARN  pipeline.RatisPipelineUtils (RatisPipelineUtils.java:destroyPipeline(66)) - Pipeline destroy failed for pipeline=PipelineID=f19de06e-3053-4ec9-9fdd-e83674309dfa dn=f1727f7a-dfce-47cb-9d44-d863f6c274c0{ip: 192.168.69.122, host: trunk-nightly-20190917-29l5j-2509219610, networkLocation: /default-rack, certSerialId: null}
2019-09-17 06:07:40,143 [RatisPipelineUtilsThread] ERROR pipeline.SCMPipelineManager (Scheduler.java:lambda$schedule$1(70)) - Destroy pipeline failed for pipeline:Pipeline[ Id: f19de06e-3053-4ec9-9fdd-e83674309dfa, Nodes: 72845ddd-7944-416b-9dd2-35fcccd22f3d{ip: 192.168.69.122, host: trunk-nightly-20190917-29l5j-2509219610, networkLocation: /default-rack, certSerialId: null}76e9ed70-2a32-4a64-9388-b77e9aa6f857{ip: 192.168.69.122, host: trunk-nightly-20190917-29l5j-2509219610, networkLocation: /default-rack, certSerialId: null}f1727f7a-dfce-47cb-9d44-d863f6c274c0{ip: 192.168.69.122, host: trunk-nightly-20190917-29l5j-2509219610, networkLocation: /default-rack, certSerialId: null}, Type:RATIS, Factor:THREE, State:CLOSED]
org.apache.hadoop.hdds.scm.pipeline.PipelineNotFoundException: PipelineID=f19de06e-3053-4ec9-9fdd-e83674309dfa not found
	at org.apache.hadoop.hdds.scm.pipeline.PipelineStateMap.getPipeline(PipelineStateMap.java:132)
	at org.apache.hadoop.hdds.scm.pipeline.PipelineStateMap.removePipeline(PipelineStateMap.java:322)
	at org.apache.hadoop.hdds.scm.pipeline.PipelineStateManager.removePipeline(PipelineStateManager.java:107)
	at org.apache.hadoop.hdds.scm.pipeline.SCMPipelineManager.removePipeline(SCMPipelineManager.java:423)
	at org.apache.hadoop.hdds.scm.pipeline.SCMPipelineManager.destroyPipeline(SCMPipelineManager.java:409)
	at org.apache.hadoop.hdds.scm.pipeline.SCMPipelineManager.lambda$finalizeAndDestroyPipeline$0(SCMPipelineManager.java:318)
	at org.apache.hadoop.utils.Scheduler.lambda$schedule$1(Scheduler.java:68)
	at java.util.concurrent.Executors$RunnableAdapter.call(Executors.java:511)
	at java.util.concurrent.FutureTask.run(FutureTask.java:266)
	at java.util.concurrent.ScheduledThreadPoolExecutor$ScheduledFutureTask.access$201(ScheduledThreadPoolExecutor.java:180)
	at java.util.concurrent.ScheduledThreadPoolExecutor$ScheduledFutureTask.run(ScheduledThreadPoolExecutor.java:293)
	at java.util.concurrent.ThreadPoolExecutor.runWorker(ThreadPoolExecutor.java:1149)
	at java.util.concurrent.ThreadPoolExecutor$Worker.run(ThreadPoolExecutor.java:624)
	at java.lang.Thread.run(Thread.java:748)
2019-09-17 06:07:41,712 [java.util.concurrent.ThreadPoolExecutor$Worker@7e25380e[State = -1, empty queue]] WARN  server.GrpcLogAppender (GrpcLogAppender.java:timeoutAppendRequest(200)) - 72845ddd-7944-416b-9dd2-35fcccd22f3d@group-0B3452D6D747->76e9ed70-2a32-4a64-9388-b77e9aa6f857-GrpcLogAppender: appendEntries Timeout, request=72845ddd-7944-416b-9dd2-35fcccd22f3d->76e9ed70-2a32-4a64-9388-b77e9aa6f857#15-t1, previous=(t:1, i:12), leaderCommit=6, initializing? false, entries: <empty>
2019-09-17 06:07:41,712 [java.util.concurrent.ThreadPoolExecutor$Worker@550fe58d[State = -1, empty queue]] WARN  server.GrpcLogAppender (GrpcLogAppender.java:timeoutAppendRequest(200)) - 72845ddd-7944-416b-9dd2-35fcccd22f3d@group-0B3452D6D747->f1727f7a-dfce-47cb-9d44-d863f6c274c0-GrpcLogAppender: appendEntries Timeout, request=72845ddd-7944-416b-9dd2-35fcccd22f3d->f1727f7a-dfce-47cb-9d44-d863f6c274c0#15-t1, previous=(t:1, i:12), leaderCommit=6, initializing? false, entries: <empty>
2019-09-17 06:07:42,097 [grpc-default-executor-0] INFO  impl.RaftServerProxy (RaftServerProxy.java:remove(95)) - 72845ddd-7944-416b-9dd2-35fcccd22f3d: remove group-E83674309DFA:null
2019-09-17 06:07:42,109 [RatisPipelineUtilsThread] WARN  pipeline.RatisPipelineUtils (RatisPipelineUtils.java:destroyPipeline(66)) - Pipeline destroy failed for pipeline=PipelineID=f19de06e-3053-4ec9-9fdd-e83674309dfa dn=72845ddd-7944-416b-9dd2-35fcccd22f3d{ip: 192.168.69.122, host: trunk-nightly-20190917-29l5j-2509219610, networkLocation: /default-rack, certSerialId: null}
2019-09-17 06:07:42,113 [grpc-default-executor-0] INFO  impl.RaftServerProxy (RaftServerProxy.java:remove(95)) - 76e9ed70-2a32-4a64-9388-b77e9aa6f857: remove group-E83674309DFA:null
2019-09-17 06:07:42,119 [RatisPipelineUtilsThread] WARN  pipeline.RatisPipelineUtils (RatisPipelineUtils.java:destroyPipeline(66)) - Pipeline destroy failed for pipeline=PipelineID=f19de06e-3053-4ec9-9fdd-e83674309dfa dn=76e9ed70-2a32-4a64-9388-b77e9aa6f857{ip: 192.168.69.122, host: trunk-nightly-20190917-29l5j-2509219610, networkLocation: /default-rack, certSerialId: null}
2019-09-17 06:07:42,122 [grpc-default-executor-0] INFO  impl.RaftServerProxy (RaftServerProxy.java:remove(95)) - f1727f7a-dfce-47cb-9d44-d863f6c274c0: remove group-E83674309DFA:null
2019-09-17 06:07:42,128 [RatisPipelineUtilsThread] WARN  pipeline.RatisPipelineUtils (RatisPipelineUtils.java:destroyPipeline(66)) - Pipeline destroy failed for pipeline=PipelineID=f19de06e-3053-4ec9-9fdd-e83674309dfa dn=f1727f7a-dfce-47cb-9d44-d863f6c274c0{ip: 192.168.69.122, host: trunk-nightly-20190917-29l5j-2509219610, networkLocation: /default-rack, certSerialId: null}
2019-09-17 06:07:42,128 [RatisPipelineUtilsThread] ERROR pipeline.SCMPipelineManager (Scheduler.java:lambda$schedule$1(70)) - Destroy pipeline failed for pipeline:Pipeline[ Id: f19de06e-3053-4ec9-9fdd-e83674309dfa, Nodes: 72845ddd-7944-416b-9dd2-35fcccd22f3d{ip: 192.168.69.122, host: trunk-nightly-20190917-29l5j-2509219610, networkLocation: /default-rack, certSerialId: null}76e9ed70-2a32-4a64-9388-b77e9aa6f857{ip: 192.168.69.122, host: trunk-nightly-20190917-29l5j-2509219610, networkLocation: /default-rack, certSerialId: null}f1727f7a-dfce-47cb-9d44-d863f6c274c0{ip: 192.168.69.122, host: trunk-nightly-20190917-29l5j-2509219610, networkLocation: /default-rack, certSerialId: null}, Type:RATIS, Factor:THREE, State:CLOSED]
org.apache.hadoop.hdds.scm.pipeline.PipelineNotFoundException: PipelineID=f19de06e-3053-4ec9-9fdd-e83674309dfa not found
	at org.apache.hadoop.hdds.scm.pipeline.PipelineStateMap.getPipeline(PipelineStateMap.java:132)
	at org.apache.hadoop.hdds.scm.pipeline.PipelineStateMap.removePipeline(PipelineStateMap.java:322)
	at org.apache.hadoop.hdds.scm.pipeline.PipelineStateManager.removePipeline(PipelineStateManager.java:107)
	at org.apache.hadoop.hdds.scm.pipeline.SCMPipelineManager.removePipeline(SCMPipelineManager.java:423)
	at org.apache.hadoop.hdds.scm.pipeline.SCMPipelineManager.destroyPipeline(SCMPipelineManager.java:409)
	at org.apache.hadoop.hdds.scm.pipeline.SCMPipelineManager.lambda$finalizeAndDestroyPipeline$0(SCMPipelineManager.java:318)
	at org.apache.hadoop.utils.Scheduler.lambda$schedule$1(Scheduler.java:68)
	at java.util.concurrent.Executors$RunnableAdapter.call(Executors.java:511)
	at java.util.concurrent.FutureTask.run(FutureTask.java:266)
	at java.util.concurrent.ScheduledThreadPoolExecutor$ScheduledFutureTask.access$201(ScheduledThreadPoolExecutor.java:180)
	at java.util.concurrent.ScheduledThreadPoolExecutor$ScheduledFutureTask.run(ScheduledThreadPoolExecutor.java:293)
	at java.util.concurrent.ThreadPoolExecutor.runWorker(ThreadPoolExecutor.java:1149)
	at java.util.concurrent.ThreadPoolExecutor$Worker.run(ThreadPoolExecutor.java:624)
	at java.lang.Thread.run(Thread.java:748)
2019-09-17 06:07:43,708 [76e9ed70-2a32-4a64-9388-b77e9aa6f857@group-0B3452D6D747-SegmentedRaftLogWorker] WARN  segmented.SegmentedRaftLogWorker (SegmentedRaftLogWorker.java:getFromFuture(90)) - Timeout 0/~
org.apache.ratis.protocol.TimeoutIOException: Timeout 10s: WriteLog:7: (t:1, i:7), STATEMACHINELOGENTRY, client-9AF48D7A035B, cid=50-writeStateMachineData
	at org.apache.ratis.util.IOUtils.getFromFuture(IOUtils.java:87)
	at org.apache.ratis.server.raftlog.segmented.SegmentedRaftLogWorker$StateMachineDataPolicy.getFromFuture(SegmentedRaftLogWorker.java:87)
	at org.apache.ratis.server.raftlog.segmented.SegmentedRaftLogWorker$WriteLog.execute(SegmentedRaftLogWorker.java:477)
	at org.apache.ratis.server.raftlog.segmented.SegmentedRaftLogWorker.run(SegmentedRaftLogWorker.java:289)
	at java.lang.Thread.run(Thread.java:748)
Caused by: java.util.concurrent.TimeoutException
	at java.util.concurrent.CompletableFuture.timedGet(CompletableFuture.java:1771)
	at java.util.concurrent.CompletableFuture.get(CompletableFuture.java:1915)
	at org.apache.ratis.util.IOUtils.getFromFuture(IOUtils.java:79)
	... 4 more
2019-09-17 06:07:43,709 [f1727f7a-dfce-47cb-9d44-d863f6c274c0@group-0B3452D6D747-SegmentedRaftLogWorker] WARN  segmented.SegmentedRaftLogWorker (SegmentedRaftLogWorker.java:getFromFuture(90)) - Timeout 0/~
org.apache.ratis.protocol.TimeoutIOException: Timeout 10s: WriteLog:7: (t:1, i:7), STATEMACHINELOGENTRY, client-9AF48D7A035B, cid=50-writeStateMachineData
	at org.apache.ratis.util.IOUtils.getFromFuture(IOUtils.java:87)
	at org.apache.ratis.server.raftlog.segmented.SegmentedRaftLogWorker$StateMachineDataPolicy.getFromFuture(SegmentedRaftLogWorker.java:87)
	at org.apache.ratis.server.raftlog.segmented.SegmentedRaftLogWorker$WriteLog.execute(SegmentedRaftLogWorker.java:477)
	at org.apache.ratis.server.raftlog.segmented.SegmentedRaftLogWorker.run(SegmentedRaftLogWorker.java:289)
	at java.lang.Thread.run(Thread.java:748)
Caused by: java.util.concurrent.TimeoutException
	at java.util.concurrent.CompletableFuture.timedGet(CompletableFuture.java:1771)
	at java.util.concurrent.CompletableFuture.get(CompletableFuture.java:1915)
	at org.apache.ratis.util.IOUtils.getFromFuture(IOUtils.java:79)
	... 4 more
2019-09-17 06:07:43,800 [grpc-default-executor-1] INFO  client.GrpcClientProtocolClient (GrpcClientProtocolClient.java:onNext(264)) - client-9AF48D7A035B->f1727f7a-dfce-47cb-9d44-d863f6c274c0: receive RaftClientReply:client-9AF48D7A035B->f1727f7a-dfce-47cb-9d44-d863f6c274c0@group-0B3452D6D747, cid=50, FAILED org.apache.ratis.protocol.NotLeaderException: Server f1727f7a-dfce-47cb-9d44-d863f6c274c0@group-0B3452D6D747 is not the leader 72845ddd-7944-416b-9dd2-35fcccd22f3d:192.168.69.122:41609, logIndex=0, commits[f1727f7a-dfce-47cb-9d44-d863f6c274c0:c6, 76e9ed70-2a32-4a64-9388-b77e9aa6f857:c4, 72845ddd-7944-416b-9dd2-35fcccd22f3d:c6]
2019-09-17 06:07:43,836 [72845ddd-7944-416b-9dd2-35fcccd22f3d@group-0B3452D6D747-SegmentedRaftLogWorker] WARN  segmented.SegmentedRaftLogWorker (SegmentedRaftLogWorker.java:getFromFuture(90)) - Timeout 0/~
org.apache.ratis.protocol.TimeoutIOException: Timeout 10s: WriteLog:8: (t:1, i:8), STATEMACHINELOGENTRY, client-9AF48D7A035B, cid=51-writeStateMachineData
	at org.apache.ratis.util.IOUtils.getFromFuture(IOUtils.java:87)
	at org.apache.ratis.server.raftlog.segmented.SegmentedRaftLogWorker$StateMachineDataPolicy.getFromFuture(SegmentedRaftLogWorker.java:87)
	at org.apache.ratis.server.raftlog.segmented.SegmentedRaftLogWorker$WriteLog.execute(SegmentedRaftLogWorker.java:477)
	at org.apache.ratis.server.raftlog.segmented.SegmentedRaftLogWorker.run(SegmentedRaftLogWorker.java:289)
	at java.lang.Thread.run(Thread.java:748)
Caused by: java.util.concurrent.TimeoutException
	at java.util.concurrent.CompletableFuture.timedGet(CompletableFuture.java:1771)
	at java.util.concurrent.CompletableFuture.get(CompletableFuture.java:1915)
	at org.apache.ratis.util.IOUtils.getFromFuture(IOUtils.java:79)
	... 4 more
2019-09-17 06:07:44,213 [java.util.concurrent.ThreadPoolExecutor$Worker@7e25380e[State = -1, empty queue]] WARN  server.GrpcLogAppender (GrpcLogAppender.java:timeoutAppendRequest(200)) - 72845ddd-7944-416b-9dd2-35fcccd22f3d@group-0B3452D6D747->76e9ed70-2a32-4a64-9388-b77e9aa6f857-GrpcLogAppender: appendEntries Timeout, request=72845ddd-7944-416b-9dd2-35fcccd22f3d->76e9ed70-2a32-4a64-9388-b77e9aa6f857#16-t1, previous=(t:1, i:12), leaderCommit=6, initializing? false, entries: <empty>
2019-09-17 06:07:44,213 [java.util.concurrent.ThreadPoolExecutor$Worker@550fe58d[State = -1, empty queue]] WARN  server.GrpcLogAppender (GrpcLogAppender.java:timeoutAppendRequest(200)) - 72845ddd-7944-416b-9dd2-35fcccd22f3d@group-0B3452D6D747->f1727f7a-dfce-47cb-9d44-d863f6c274c0-GrpcLogAppender: appendEntries Timeout, request=72845ddd-7944-416b-9dd2-35fcccd22f3d->f1727f7a-dfce-47cb-9d44-d863f6c274c0#16-t1, previous=(t:1, i:12), leaderCommit=6, initializing? false, entries: <empty>
2019-09-17 06:07:45,089 [grpc-default-executor-4] INFO  impl.RaftServerProxy (RaftServerProxy.java:remove(95)) - 72845ddd-7944-416b-9dd2-35fcccd22f3d: remove group-E83674309DFA:null
2019-09-17 06:07:45,097 [RatisPipelineUtilsThread] WARN  pipeline.RatisPipelineUtils (RatisPipelineUtils.java:destroyPipeline(66)) - Pipeline destroy failed for pipeline=PipelineID=f19de06e-3053-4ec9-9fdd-e83674309dfa dn=72845ddd-7944-416b-9dd2-35fcccd22f3d{ip: 192.168.69.122, host: trunk-nightly-20190917-29l5j-2509219610, networkLocation: /default-rack, certSerialId: null}
2019-09-17 06:07:45,101 [grpc-default-executor-4] INFO  impl.RaftServerProxy (RaftServerProxy.java:remove(95)) - 76e9ed70-2a32-4a64-9388-b77e9aa6f857: remove group-E83674309DFA:null
2019-09-17 06:07:45,107 [RatisPipelineUtilsThread] WARN  pipeline.RatisPipelineUtils (RatisPipelineUtils.java:destroyPipeline(66)) - Pipeline destroy failed for pipeline=PipelineID=f19de06e-3053-4ec9-9fdd-e83674309dfa dn=76e9ed70-2a32-4a64-9388-b77e9aa6f857{ip: 192.168.69.122, host: trunk-nightly-20190917-29l5j-2509219610, networkLocation: /default-rack, certSerialId: null}
2019-09-17 06:07:45,111 [grpc-default-executor-4] INFO  impl.RaftServerProxy (RaftServerProxy.java:remove(95)) - f1727f7a-dfce-47cb-9d44-d863f6c274c0: remove group-E83674309DFA:null
2019-09-17 06:07:45,116 [RatisPipelineUtilsThread] WARN  pipeline.RatisPipelineUtils (RatisPipelineUtils.java:destroyPipeline(66)) - Pipeline destroy failed for pipeline=PipelineID=f19de06e-3053-4ec9-9fdd-e83674309dfa dn=f1727f7a-dfce-47cb-9d44-d863f6c274c0{ip: 192.168.69.122, host: trunk-nightly-20190917-29l5j-2509219610, networkLocation: /default-rack, certSerialId: null}
2019-09-17 06:07:45,116 [RatisPipelineUtilsThread] ERROR pipeline.SCMPipelineManager (Scheduler.java:lambda$schedule$1(70)) - Destroy pipeline failed for pipeline:Pipeline[ Id: f19de06e-3053-4ec9-9fdd-e83674309dfa, Nodes: 72845ddd-7944-416b-9dd2-35fcccd22f3d{ip: 192.168.69.122, host: trunk-nightly-20190917-29l5j-2509219610, networkLocation: /default-rack, certSerialId: null}76e9ed70-2a32-4a64-9388-b77e9aa6f857{ip: 192.168.69.122, host: trunk-nightly-20190917-29l5j-2509219610, networkLocation: /default-rack, certSerialId: null}f1727f7a-dfce-47cb-9d44-d863f6c274c0{ip: 192.168.69.122, host: trunk-nightly-20190917-29l5j-2509219610, networkLocation: /default-rack, certSerialId: null}, Type:RATIS, Factor:THREE, State:CLOSED]
org.apache.hadoop.hdds.scm.pipeline.PipelineNotFoundException: PipelineID=f19de06e-3053-4ec9-9fdd-e83674309dfa not found
	at org.apache.hadoop.hdds.scm.pipeline.PipelineStateMap.getPipeline(PipelineStateMap.java:132)
	at org.apache.hadoop.hdds.scm.pipeline.PipelineStateMap.removePipeline(PipelineStateMap.java:322)
	at org.apache.hadoop.hdds.scm.pipeline.PipelineStateManager.removePipeline(PipelineStateManager.java:107)
	at org.apache.hadoop.hdds.scm.pipeline.SCMPipelineManager.removePipeline(SCMPipelineManager.java:423)
	at org.apache.hadoop.hdds.scm.pipeline.SCMPipelineManager.destroyPipeline(SCMPipelineManager.java:409)
	at org.apache.hadoop.hdds.scm.pipeline.SCMPipelineManager.lambda$finalizeAndDestroyPipeline$0(SCMPipelineManager.java:318)
	at org.apache.hadoop.utils.Scheduler.lambda$schedule$1(Scheduler.java:68)
	at java.util.concurrent.Executors$RunnableAdapter.call(Executors.java:511)
	at java.util.concurrent.FutureTask.run(FutureTask.java:266)
	at java.util.concurrent.ScheduledThreadPoolExecutor$ScheduledFutureTask.access$201(ScheduledThreadPoolExecutor.java:180)
	at java.util.concurrent.ScheduledThreadPoolExecutor$ScheduledFutureTask.run(ScheduledThreadPoolExecutor.java:293)
	at java.util.concurrent.ThreadPoolExecutor.runWorker(ThreadPoolExecutor.java:1149)
	at java.util.concurrent.ThreadPoolExecutor$Worker.run(ThreadPoolExecutor.java:624)
	at java.lang.Thread.run(Thread.java:748)
2019-09-17 06:07:46,713 [java.util.concurrent.ThreadPoolExecutor$Worker@550fe58d[State = -1, empty queue]] WARN  server.GrpcLogAppender (GrpcLogAppender.java:timeoutAppendRequest(200)) - 72845ddd-7944-416b-9dd2-35fcccd22f3d@group-0B3452D6D747->f1727f7a-dfce-47cb-9d44-d863f6c274c0-GrpcLogAppender: appendEntries Timeout, request=72845ddd-7944-416b-9dd2-35fcccd22f3d->f1727f7a-dfce-47cb-9d44-d863f6c274c0#17-t1, previous=(t:1, i:12), leaderCommit=6, initializing? false, entries: <empty>
2019-09-17 06:07:46,713 [java.util.concurrent.ThreadPoolExecutor$Worker@7e25380e[State = -1, empty queue]] WARN  server.GrpcLogAppender (GrpcLogAppender.java:timeoutAppendRequest(200)) - 72845ddd-7944-416b-9dd2-35fcccd22f3d@group-0B3452D6D747->76e9ed70-2a32-4a64-9388-b77e9aa6f857-GrpcLogAppender: appendEntries Timeout, request=72845ddd-7944-416b-9dd2-35fcccd22f3d->76e9ed70-2a32-4a64-9388-b77e9aa6f857#17-t1, previous=(t:1, i:12), leaderCommit=6, initializing? false, entries: <empty>
2019-09-17 06:07:47,093 [grpc-default-executor-4] INFO  impl.RaftServerProxy (RaftServerProxy.java:remove(95)) - 72845ddd-7944-416b-9dd2-35fcccd22f3d: remove group-E83674309DFA:null
2019-09-17 06:07:47,100 [RatisPipelineUtilsThread] WARN  pipeline.RatisPipelineUtils (RatisPipelineUtils.java:destroyPipeline(66)) - Pipeline destroy failed for pipeline=PipelineID=f19de06e-3053-4ec9-9fdd-e83674309dfa dn=72845ddd-7944-416b-9dd2-35fcccd22f3d{ip: 192.168.69.122, host: trunk-nightly-20190917-29l5j-2509219610, networkLocation: /default-rack, certSerialId: null}
2019-09-17 06:07:47,104 [grpc-default-executor-4] INFO  impl.RaftServerProxy (RaftServerProxy.java:remove(95)) - 76e9ed70-2a32-4a64-9388-b77e9aa6f857: remove group-E83674309DFA:null
2019-09-17 06:07:47,108 [RatisPipelineUtilsThread] WARN  pipeline.RatisPipelineUtils (RatisPipelineUtils.java:destroyPipeline(66)) - Pipeline destroy failed for pipeline=PipelineID=f19de06e-3053-4ec9-9fdd-e83674309dfa dn=76e9ed70-2a32-4a64-9388-b77e9aa6f857{ip: 192.168.69.122, host: trunk-nightly-20190917-29l5j-2509219610, networkLocation: /default-rack, certSerialId: null}
2019-09-17 06:07:47,112 [grpc-default-executor-4] INFO  impl.RaftServerProxy (RaftServerProxy.java:remove(95)) - f1727f7a-dfce-47cb-9d44-d863f6c274c0: remove group-E83674309DFA:null
2019-09-17 06:07:47,117 [RatisPipelineUtilsThread] WARN  pipeline.RatisPipelineUtils (RatisPipelineUtils.java:destroyPipeline(66)) - Pipeline destroy failed for pipeline=PipelineID=f19de06e-3053-4ec9-9fdd-e83674309dfa dn=f1727f7a-dfce-47cb-9d44-d863f6c274c0{ip: 192.168.69.122, host: trunk-nightly-20190917-29l5j-2509219610, networkLocation: /default-rack, certSerialId: null}
2019-09-17 06:07:47,117 [RatisPipelineUtilsThread] ERROR pipeline.SCMPipelineManager (Scheduler.java:lambda$schedule$1(70)) - Destroy pipeline failed for pipeline:Pipeline[ Id: f19de06e-3053-4ec9-9fdd-e83674309dfa, Nodes: 72845ddd-7944-416b-9dd2-35fcccd22f3d{ip: 192.168.69.122, host: trunk-nightly-20190917-29l5j-2509219610, networkLocation: /default-rack, certSerialId: null}76e9ed70-2a32-4a64-9388-b77e9aa6f857{ip: 192.168.69.122, host: trunk-nightly-20190917-29l5j-2509219610, networkLocation: /default-rack, certSerialId: null}f1727f7a-dfce-47cb-9d44-d863f6c274c0{ip: 192.168.69.122, host: trunk-nightly-20190917-29l5j-2509219610, networkLocation: /default-rack, certSerialId: null}, Type:RATIS, Factor:THREE, State:CLOSED]
org.apache.hadoop.hdds.scm.pipeline.PipelineNotFoundException: PipelineID=f19de06e-3053-4ec9-9fdd-e83674309dfa not found
	at org.apache.hadoop.hdds.scm.pipeline.PipelineStateMap.getPipeline(PipelineStateMap.java:132)
	at org.apache.hadoop.hdds.scm.pipeline.PipelineStateMap.removePipeline(PipelineStateMap.java:322)
	at org.apache.hadoop.hdds.scm.pipeline.PipelineStateManager.removePipeline(PipelineStateManager.java:107)
	at org.apache.hadoop.hdds.scm.pipeline.SCMPipelineManager.removePipeline(SCMPipelineManager.java:423)
	at org.apache.hadoop.hdds.scm.pipeline.SCMPipelineManager.destroyPipeline(SCMPipelineManager.java:409)
	at org.apache.hadoop.hdds.scm.pipeline.SCMPipelineManager.lambda$finalizeAndDestroyPipeline$0(SCMPipelineManager.java:318)
	at org.apache.hadoop.utils.Scheduler.lambda$schedule$1(Scheduler.java:68)
	at java.util.concurrent.Executors$RunnableAdapter.call(Executors.java:511)
	at java.util.concurrent.FutureTask.run(FutureTask.java:266)
	at java.util.concurrent.ScheduledThreadPoolExecutor$ScheduledFutureTask.access$201(ScheduledThreadPoolExecutor.java:180)
	at java.util.concurrent.ScheduledThreadPoolExecutor$ScheduledFutureTask.run(ScheduledThreadPoolExecutor.java:293)
	at java.util.concurrent.ThreadPoolExecutor.runWorker(ThreadPoolExecutor.java:1149)
	at java.util.concurrent.ThreadPoolExecutor$Worker.run(ThreadPoolExecutor.java:624)
	at java.lang.Thread.run(Thread.java:748)
2019-09-17 06:07:48,849 [grpc-default-executor-4] INFO  client.GrpcClientProtocolClient (GrpcClientProtocolClient.java:onNext(264)) - client-9AF48D7A035B->76e9ed70-2a32-4a64-9388-b77e9aa6f857: receive RaftClientReply:client-9AF48D7A035B->76e9ed70-2a32-4a64-9388-b77e9aa6f857@group-0B3452D6D747, cid=50, FAILED org.apache.ratis.protocol.NotLeaderException: Server 76e9ed70-2a32-4a64-9388-b77e9aa6f857@group-0B3452D6D747 is not the leader 72845ddd-7944-416b-9dd2-35fcccd22f3d:192.168.69.122:41609, logIndex=0, commits[76e9ed70-2a32-4a64-9388-b77e9aa6f857:c6, f1727f7a-dfce-47cb-9d44-d863f6c274c0:c4, 72845ddd-7944-416b-9dd2-35fcccd22f3d:c6]
2019-09-17 06:07:49,214 [java.util.concurrent.ThreadPoolExecutor$Worker@550fe58d[State = -1, empty queue]] WARN  server.GrpcLogAppender (GrpcLogAppender.java:timeoutAppendRequest(200)) - 72845ddd-7944-416b-9dd2-35fcccd22f3d@group-0B3452D6D747->f1727f7a-dfce-47cb-9d44-d863f6c274c0-GrpcLogAppender: appendEntries Timeout, request=72845ddd-7944-416b-9dd2-35fcccd22f3d->f1727f7a-dfce-47cb-9d44-d863f6c274c0#18-t1, previous=(t:1, i:12), leaderCommit=6, initializing? false, entries: <empty>
2019-09-17 06:07:49,214 [java.util.concurrent.ThreadPoolExecutor$Worker@7e25380e[State = -1, empty queue]] WARN  server.GrpcLogAppender (GrpcLogAppender.java:timeoutAppendRequest(200)) - 72845ddd-7944-416b-9dd2-35fcccd22f3d@group-0B3452D6D747->76e9ed70-2a32-4a64-9388-b77e9aa6f857-GrpcLogAppender: appendEntries Timeout, request=72845ddd-7944-416b-9dd2-35fcccd22f3d->76e9ed70-2a32-4a64-9388-b77e9aa6f857#18-t1, previous=(t:1, i:12), leaderCommit=6, initializing? false, entries: <empty>
2019-09-17 06:07:50,094 [grpc-default-executor-1] INFO  impl.RaftServerProxy (RaftServerProxy.java:remove(95)) - 72845ddd-7944-416b-9dd2-35fcccd22f3d: remove group-E83674309DFA:null
2019-09-17 06:07:50,100 [RatisPipelineUtilsThread] WARN  pipeline.RatisPipelineUtils (RatisPipelineUtils.java:destroyPipeline(66)) - Pipeline destroy failed for pipeline=PipelineID=f19de06e-3053-4ec9-9fdd-e83674309dfa dn=72845ddd-7944-416b-9dd2-35fcccd22f3d{ip: 192.168.69.122, host: trunk-nightly-20190917-29l5j-2509219610, networkLocation: /default-rack, certSerialId: null}
2019-09-17 06:07:50,104 [grpc-default-executor-1] INFO  impl.RaftServerProxy (RaftServerProxy.java:remove(95)) - 76e9ed70-2a32-4a64-9388-b77e9aa6f857: remove group-E83674309DFA:null
2019-09-17 06:07:50,109 [RatisPipelineUtilsThread] WARN  pipeline.RatisPipelineUtils (RatisPipelineUtils.java:destroyPipeline(66)) - Pipeline destroy failed for pipeline=PipelineID=f19de06e-3053-4ec9-9fdd-e83674309dfa dn=76e9ed70-2a32-4a64-9388-b77e9aa6f857{ip: 192.168.69.122, host: trunk-nightly-20190917-29l5j-2509219610, networkLocation: /default-rack, certSerialId: null}
2019-09-17 06:07:50,112 [grpc-default-executor-1] INFO  impl.RaftServerProxy (RaftServerProxy.java:remove(95)) - f1727f7a-dfce-47cb-9d44-d863f6c274c0: remove group-E83674309DFA:null
2019-09-17 06:07:50,117 [RatisPipelineUtilsThread] WARN  pipeline.RatisPipelineUtils (RatisPipelineUtils.java:destroyPipeline(66)) - Pipeline destroy failed for pipeline=PipelineID=f19de06e-3053-4ec9-9fdd-e83674309dfa dn=f1727f7a-dfce-47cb-9d44-d863f6c274c0{ip: 192.168.69.122, host: trunk-nightly-20190917-29l5j-2509219610, networkLocation: /default-rack, certSerialId: null}
2019-09-17 06:07:50,117 [RatisPipelineUtilsThread] ERROR pipeline.SCMPipelineManager (Scheduler.java:lambda$schedule$1(70)) - Destroy pipeline failed for pipeline:Pipeline[ Id: f19de06e-3053-4ec9-9fdd-e83674309dfa, Nodes: 72845ddd-7944-416b-9dd2-35fcccd22f3d{ip: 192.168.69.122, host: trunk-nightly-20190917-29l5j-2509219610, networkLocation: /default-rack, certSerialId: null}76e9ed70-2a32-4a64-9388-b77e9aa6f857{ip: 192.168.69.122, host: trunk-nightly-20190917-29l5j-2509219610, networkLocation: /default-rack, certSerialId: null}f1727f7a-dfce-47cb-9d44-d863f6c274c0{ip: 192.168.69.122, host: trunk-nightly-20190917-29l5j-2509219610, networkLocation: /default-rack, certSerialId: null}, Type:RATIS, Factor:THREE, State:CLOSED]
org.apache.hadoop.hdds.scm.pipeline.PipelineNotFoundException: PipelineID=f19de06e-3053-4ec9-9fdd-e83674309dfa not found
	at org.apache.hadoop.hdds.scm.pipeline.PipelineStateMap.getPipeline(PipelineStateMap.java:132)
	at org.apache.hadoop.hdds.scm.pipeline.PipelineStateMap.removePipeline(PipelineStateMap.java:322)
	at org.apache.hadoop.hdds.scm.pipeline.PipelineStateManager.removePipeline(PipelineStateManager.java:107)
	at org.apache.hadoop.hdds.scm.pipeline.SCMPipelineManager.removePipeline(SCMPipelineManager.java:423)
	at org.apache.hadoop.hdds.scm.pipeline.SCMPipelineManager.destroyPipeline(SCMPipelineManager.java:409)
	at org.apache.hadoop.hdds.scm.pipeline.SCMPipelineManager.lambda$finalizeAndDestroyPipeline$0(SCMPipelineManager.java:318)
	at org.apache.hadoop.utils.Scheduler.lambda$schedule$1(Scheduler.java:68)
	at java.util.concurrent.Executors$RunnableAdapter.call(Executors.java:511)
	at java.util.concurrent.FutureTask.run(FutureTask.java:266)
	at java.util.concurrent.ScheduledThreadPoolExecutor$ScheduledFutureTask.access$201(ScheduledThreadPoolExecutor.java:180)
	at java.util.concurrent.ScheduledThreadPoolExecutor$ScheduledFutureTask.run(ScheduledThreadPoolExecutor.java:293)
	at java.util.concurrent.ThreadPoolExecutor.runWorker(ThreadPoolExecutor.java:1149)
	at java.util.concurrent.ThreadPoolExecutor$Worker.run(ThreadPoolExecutor.java:624)
	at java.lang.Thread.run(Thread.java:748)
2019-09-17 06:07:51,715 [java.util.concurrent.ThreadPoolExecutor$Worker@7e25380e[State = -1, empty queue]] WARN  server.GrpcLogAppender (GrpcLogAppender.java:timeoutAppendRequest(200)) - 72845ddd-7944-416b-9dd2-35fcccd22f3d@group-0B3452D6D747->76e9ed70-2a32-4a64-9388-b77e9aa6f857-GrpcLogAppender: appendEntries Timeout, request=72845ddd-7944-416b-9dd2-35fcccd22f3d->76e9ed70-2a32-4a64-9388-b77e9aa6f857#19-t1, previous=(t:1, i:12), leaderCommit=6, initializing? false, entries: <empty>
2019-09-17 06:07:51,715 [java.util.concurrent.ThreadPoolExecutor$Worker@550fe58d[State = -1, empty queue]] WARN  server.GrpcLogAppender (GrpcLogAppender.java:timeoutAppendRequest(200)) - 72845ddd-7944-416b-9dd2-35fcccd22f3d@group-0B3452D6D747->f1727f7a-dfce-47cb-9d44-d863f6c274c0-GrpcLogAppender: appendEntries Timeout, request=72845ddd-7944-416b-9dd2-35fcccd22f3d->f1727f7a-dfce-47cb-9d44-d863f6c274c0#19-t1, previous=(t:1, i:12), leaderCommit=6, initializing? false, entries: <empty>
2019-09-17 06:07:52,089 [grpc-default-executor-4] INFO  impl.RaftServerProxy (RaftServerProxy.java:remove(95)) - 72845ddd-7944-416b-9dd2-35fcccd22f3d: remove group-E83674309DFA:null
2019-09-17 06:07:52,096 [RatisPipelineUtilsThread] WARN  pipeline.RatisPipelineUtils (RatisPipelineUtils.java:destroyPipeline(66)) - Pipeline destroy failed for pipeline=PipelineID=f19de06e-3053-4ec9-9fdd-e83674309dfa dn=72845ddd-7944-416b-9dd2-35fcccd22f3d{ip: 192.168.69.122, host: trunk-nightly-20190917-29l5j-2509219610, networkLocation: /default-rack, certSerialId: null}
2019-09-17 06:07:52,099 [grpc-default-executor-4] INFO  impl.RaftServerProxy (RaftServerProxy.java:remove(95)) - 76e9ed70-2a32-4a64-9388-b77e9aa6f857: remove group-E83674309DFA:null
2019-09-17 06:07:52,104 [RatisPipelineUtilsThread] WARN  pipeline.RatisPipelineUtils (RatisPipelineUtils.java:destroyPipeline(66)) - Pipeline destroy failed for pipeline=PipelineID=f19de06e-3053-4ec9-9fdd-e83674309dfa dn=76e9ed70-2a32-4a64-9388-b77e9aa6f857{ip: 192.168.69.122, host: trunk-nightly-20190917-29l5j-2509219610, networkLocation: /default-rack, certSerialId: null}
2019-09-17 06:07:52,108 [grpc-default-executor-4] INFO  impl.RaftServerProxy (RaftServerProxy.java:remove(95)) - f1727f7a-dfce-47cb-9d44-d863f6c274c0: remove group-E83674309DFA:null
2019-09-17 06:07:52,113 [RatisPipelineUtilsThread] WARN  pipeline.RatisPipelineUtils (RatisPipelineUtils.java:destroyPipeline(66)) - Pipeline destroy failed for pipeline=PipelineID=f19de06e-3053-4ec9-9fdd-e83674309dfa dn=f1727f7a-dfce-47cb-9d44-d863f6c274c0{ip: 192.168.69.122, host: trunk-nightly-20190917-29l5j-2509219610, networkLocation: /default-rack, certSerialId: null}
2019-09-17 06:07:52,113 [RatisPipelineUtilsThread] ERROR pipeline.SCMPipelineManager (Scheduler.java:lambda$schedule$1(70)) - Destroy pipeline failed for pipeline:Pipeline[ Id: f19de06e-3053-4ec9-9fdd-e83674309dfa, Nodes: 72845ddd-7944-416b-9dd2-35fcccd22f3d{ip: 192.168.69.122, host: trunk-nightly-20190917-29l5j-2509219610, networkLocation: /default-rack, certSerialId: null}76e9ed70-2a32-4a64-9388-b77e9aa6f857{ip: 192.168.69.122, host: trunk-nightly-20190917-29l5j-2509219610, networkLocation: /default-rack, certSerialId: null}f1727f7a-dfce-47cb-9d44-d863f6c274c0{ip: 192.168.69.122, host: trunk-nightly-20190917-29l5j-2509219610, networkLocation: /default-rack, certSerialId: null}, Type:RATIS, Factor:THREE, State:CLOSED]
org.apache.hadoop.hdds.scm.pipeline.PipelineNotFoundException: PipelineID=f19de06e-3053-4ec9-9fdd-e83674309dfa not found
	at org.apache.hadoop.hdds.scm.pipeline.PipelineStateMap.getPipeline(PipelineStateMap.java:132)
	at org.apache.hadoop.hdds.scm.pipeline.PipelineStateMap.removePipeline(PipelineStateMap.java:322)
	at org.apache.hadoop.hdds.scm.pipeline.PipelineStateManager.removePipeline(PipelineStateManager.java:107)
	at org.apache.hadoop.hdds.scm.pipeline.SCMPipelineManager.removePipeline(SCMPipelineManager.java:423)
	at org.apache.hadoop.hdds.scm.pipeline.SCMPipelineManager.destroyPipeline(SCMPipelineManager.java:409)
	at org.apache.hadoop.hdds.scm.pipeline.SCMPipelineManager.lambda$finalizeAndDestroyPipeline$0(SCMPipelineManager.java:318)
	at org.apache.hadoop.utils.Scheduler.lambda$schedule$1(Scheduler.java:68)
	at java.util.concurrent.Executors$RunnableAdapter.call(Executors.java:511)
	at java.util.concurrent.FutureTask.run(FutureTask.java:266)
	at java.util.concurrent.ScheduledThreadPoolExecutor$ScheduledFutureTask.access$201(ScheduledThreadPoolExecutor.java:180)
	at java.util.concurrent.ScheduledThreadPoolExecutor$ScheduledFutureTask.run(ScheduledThreadPoolExecutor.java:293)
	at java.util.concurrent.ThreadPoolExecutor.runWorker(ThreadPoolExecutor.java:1149)
	at java.util.concurrent.ThreadPoolExecutor$Worker.run(ThreadPoolExecutor.java:624)
	at java.lang.Thread.run(Thread.java:748)
2019-09-17 06:07:53,709 [76e9ed70-2a32-4a64-9388-b77e9aa6f857@group-0B3452D6D747-SegmentedRaftLogWorker] WARN  segmented.SegmentedRaftLogWorker (SegmentedRaftLogWorker.java:getFromFuture(90)) - Timeout 1/~
org.apache.ratis.protocol.TimeoutIOException: Timeout 10s: WriteLog:7: (t:1, i:7), STATEMACHINELOGENTRY, client-9AF48D7A035B, cid=50-writeStateMachineData
	at org.apache.ratis.util.IOUtils.getFromFuture(IOUtils.java:87)
	at org.apache.ratis.server.raftlog.segmented.SegmentedRaftLogWorker$StateMachineDataPolicy.getFromFuture(SegmentedRaftLogWorker.java:87)
	at org.apache.ratis.server.raftlog.segmented.SegmentedRaftLogWorker$WriteLog.execute(SegmentedRaftLogWorker.java:477)
	at org.apache.ratis.server.raftlog.segmented.SegmentedRaftLogWorker.run(SegmentedRaftLogWorker.java:289)
	at java.lang.Thread.run(Thread.java:748)
Caused by: java.util.concurrent.TimeoutException
	at java.util.concurrent.CompletableFuture.timedGet(CompletableFuture.java:1771)
	at java.util.concurrent.CompletableFuture.get(CompletableFuture.java:1915)
	at org.apache.ratis.util.IOUtils.getFromFuture(IOUtils.java:79)
	... 4 more
2019-09-17 06:07:53,710 [f1727f7a-dfce-47cb-9d44-d863f6c274c0@group-0B3452D6D747-SegmentedRaftLogWorker] WARN  segmented.SegmentedRaftLogWorker (SegmentedRaftLogWorker.java:getFromFuture(90)) - Timeout 1/~
org.apache.ratis.protocol.TimeoutIOException: Timeout 10s: WriteLog:7: (t:1, i:7), STATEMACHINELOGENTRY, client-9AF48D7A035B, cid=50-writeStateMachineData
	at org.apache.ratis.util.IOUtils.getFromFuture(IOUtils.java:87)
	at org.apache.ratis.server.raftlog.segmented.SegmentedRaftLogWorker$StateMachineDataPolicy.getFromFuture(SegmentedRaftLogWorker.java:87)
	at org.apache.ratis.server.raftlog.segmented.SegmentedRaftLogWorker$WriteLog.execute(SegmentedRaftLogWorker.java:477)
	at org.apache.ratis.server.raftlog.segmented.SegmentedRaftLogWorker.run(SegmentedRaftLogWorker.java:289)
	at java.lang.Thread.run(Thread.java:748)
Caused by: java.util.concurrent.TimeoutException
	at java.util.concurrent.CompletableFuture.timedGet(CompletableFuture.java:1771)
	at java.util.concurrent.CompletableFuture.get(CompletableFuture.java:1915)
	at org.apache.ratis.util.IOUtils.getFromFuture(IOUtils.java:79)
	... 4 more
2019-09-17 06:07:53,837 [72845ddd-7944-416b-9dd2-35fcccd22f3d@group-0B3452D6D747-SegmentedRaftLogWorker] WARN  segmented.SegmentedRaftLogWorker (SegmentedRaftLogWorker.java:getFromFuture(90)) - Timeout 1/~
org.apache.ratis.protocol.TimeoutIOException: Timeout 10s: WriteLog:8: (t:1, i:8), STATEMACHINELOGENTRY, client-9AF48D7A035B, cid=51-writeStateMachineData
	at org.apache.ratis.util.IOUtils.getFromFuture(IOUtils.java:87)
	at org.apache.ratis.server.raftlog.segmented.SegmentedRaftLogWorker$StateMachineDataPolicy.getFromFuture(SegmentedRaftLogWorker.java:87)
	at org.apache.ratis.server.raftlog.segmented.SegmentedRaftLogWorker$WriteLog.execute(SegmentedRaftLogWorker.java:477)
	at org.apache.ratis.server.raftlog.segmented.SegmentedRaftLogWorker.run(SegmentedRaftLogWorker.java:289)
	at java.lang.Thread.run(Thread.java:748)
Caused by: java.util.concurrent.TimeoutException
	at java.util.concurrent.CompletableFuture.timedGet(CompletableFuture.java:1771)
	at java.util.concurrent.CompletableFuture.get(CompletableFuture.java:1915)
	at org.apache.ratis.util.IOUtils.getFromFuture(IOUtils.java:79)
	... 4 more
2019-09-17 06:07:53,884 [grpc-default-executor-4] INFO  client.GrpcClientProtocolClient (GrpcClientProtocolClient.java:onNext(264)) - client-9AF48D7A035B->76e9ed70-2a32-4a64-9388-b77e9aa6f857: receive RaftClientReply:client-9AF48D7A035B->76e9ed70-2a32-4a64-9388-b77e9aa6f857@group-0B3452D6D747, cid=50, FAILED org.apache.ratis.protocol.NotLeaderException: Server 76e9ed70-2a32-4a64-9388-b77e9aa6f857@group-0B3452D6D747 is not the leader 72845ddd-7944-416b-9dd2-35fcccd22f3d:192.168.69.122:41609, logIndex=0, commits[76e9ed70-2a32-4a64-9388-b77e9aa6f857:c6, f1727f7a-dfce-47cb-9d44-d863f6c274c0:c4, 72845ddd-7944-416b-9dd2-35fcccd22f3d:c6]
2019-09-17 06:07:54,215 [java.util.concurrent.ThreadPoolExecutor$Worker@550fe58d[State = -1, empty queue]] WARN  server.GrpcLogAppender (GrpcLogAppender.java:timeoutAppendRequest(200)) - 72845ddd-7944-416b-9dd2-35fcccd22f3d@group-0B3452D6D747->f1727f7a-dfce-47cb-9d44-d863f6c274c0-GrpcLogAppender: appendEntries Timeout, request=72845ddd-7944-416b-9dd2-35fcccd22f3d->f1727f7a-dfce-47cb-9d44-d863f6c274c0#20-t1, previous=(t:1, i:12), leaderCommit=6, initializing? false, entries: <empty>
2019-09-17 06:07:54,215 [java.util.concurrent.ThreadPoolExecutor$Worker@7e25380e[State = -1, empty queue]] WARN  server.GrpcLogAppender (GrpcLogAppender.java:timeoutAppendRequest(200)) - 72845ddd-7944-416b-9dd2-35fcccd22f3d@group-0B3452D6D747->76e9ed70-2a32-4a64-9388-b77e9aa6f857-GrpcLogAppender: appendEntries Timeout, request=72845ddd-7944-416b-9dd2-35fcccd22f3d->76e9ed70-2a32-4a64-9388-b77e9aa6f857#20-t1, previous=(t:1, i:12), leaderCommit=6, initializing? false, entries: <empty>
2019-09-17 06:07:55,093 [grpc-default-executor-1] INFO  impl.RaftServerProxy (RaftServerProxy.java:remove(95)) - 72845ddd-7944-416b-9dd2-35fcccd22f3d: remove group-E83674309DFA:null
2019-09-17 06:07:55,099 [RatisPipelineUtilsThread] WARN  pipeline.RatisPipelineUtils (RatisPipelineUtils.java:destroyPipeline(66)) - Pipeline destroy failed for pipeline=PipelineID=f19de06e-3053-4ec9-9fdd-e83674309dfa dn=72845ddd-7944-416b-9dd2-35fcccd22f3d{ip: 192.168.69.122, host: trunk-nightly-20190917-29l5j-2509219610, networkLocation: /default-rack, certSerialId: null}
2019-09-17 06:07:55,102 [grpc-default-executor-1] INFO  impl.RaftServerProxy (RaftServerProxy.java:remove(95)) - 76e9ed70-2a32-4a64-9388-b77e9aa6f857: remove group-E83674309DFA:null
2019-09-17 06:07:55,107 [RatisPipelineUtilsThread] WARN  pipeline.RatisPipelineUtils (RatisPipelineUtils.java:destroyPipeline(66)) - Pipeline destroy failed for pipeline=PipelineID=f19de06e-3053-4ec9-9fdd-e83674309dfa dn=76e9ed70-2a32-4a64-9388-b77e9aa6f857{ip: 192.168.69.122, host: trunk-nightly-20190917-29l5j-2509219610, networkLocation: /default-rack, certSerialId: null}
2019-09-17 06:07:55,111 [grpc-default-executor-1] INFO  impl.RaftServerProxy (RaftServerProxy.java:remove(95)) - f1727f7a-dfce-47cb-9d44-d863f6c274c0: remove group-E83674309DFA:null
2019-09-17 06:07:55,116 [RatisPipelineUtilsThread] WARN  pipeline.RatisPipelineUtils (RatisPipelineUtils.java:destroyPipeline(66)) - Pipeline destroy failed for pipeline=PipelineID=f19de06e-3053-4ec9-9fdd-e83674309dfa dn=f1727f7a-dfce-47cb-9d44-d863f6c274c0{ip: 192.168.69.122, host: trunk-nightly-20190917-29l5j-2509219610, networkLocation: /default-rack, certSerialId: null}
2019-09-17 06:07:55,116 [RatisPipelineUtilsThread] ERROR pipeline.SCMPipelineManager (Scheduler.java:lambda$schedule$1(70)) - Destroy pipeline failed for pipeline:Pipeline[ Id: f19de06e-3053-4ec9-9fdd-e83674309dfa, Nodes: 72845ddd-7944-416b-9dd2-35fcccd22f3d{ip: 192.168.69.122, host: trunk-nightly-20190917-29l5j-2509219610, networkLocation: /default-rack, certSerialId: null}76e9ed70-2a32-4a64-9388-b77e9aa6f857{ip: 192.168.69.122, host: trunk-nightly-20190917-29l5j-2509219610, networkLocation: /default-rack, certSerialId: null}f1727f7a-dfce-47cb-9d44-d863f6c274c0{ip: 192.168.69.122, host: trunk-nightly-20190917-29l5j-2509219610, networkLocation: /default-rack, certSerialId: null}, Type:RATIS, Factor:THREE, State:CLOSED]
org.apache.hadoop.hdds.scm.pipeline.PipelineNotFoundException: PipelineID=f19de06e-3053-4ec9-9fdd-e83674309dfa not found
	at org.apache.hadoop.hdds.scm.pipeline.PipelineStateMap.getPipeline(PipelineStateMap.java:132)
	at org.apache.hadoop.hdds.scm.pipeline.PipelineStateMap.removePipeline(PipelineStateMap.java:322)
	at org.apache.hadoop.hdds.scm.pipeline.PipelineStateManager.removePipeline(PipelineStateManager.java:107)
	at org.apache.hadoop.hdds.scm.pipeline.SCMPipelineManager.removePipeline(SCMPipelineManager.java:423)
	at org.apache.hadoop.hdds.scm.pipeline.SCMPipelineManager.destroyPipeline(SCMPipelineManager.java:409)
	at org.apache.hadoop.hdds.scm.pipeline.SCMPipelineManager.lambda$finalizeAndDestroyPipeline$0(SCMPipelineManager.java:318)
	at org.apache.hadoop.utils.Scheduler.lambda$schedule$1(Scheduler.java:68)
	at java.util.concurrent.Executors$RunnableAdapter.call(Executors.java:511)
	at java.util.concurrent.FutureTask.run(FutureTask.java:266)
	at java.util.concurrent.ScheduledThreadPoolExecutor$ScheduledFutureTask.access$201(ScheduledThreadPoolExecutor.java:180)
	at java.util.concurrent.ScheduledThreadPoolExecutor$ScheduledFutureTask.run(ScheduledThreadPoolExecutor.java:293)
	at java.util.concurrent.ThreadPoolExecutor.runWorker(ThreadPoolExecutor.java:1149)
	at java.util.concurrent.ThreadPoolExecutor$Worker.run(ThreadPoolExecutor.java:624)
	at java.lang.Thread.run(Thread.java:748)
2019-09-17 06:07:56,715 [java.util.concurrent.ThreadPoolExecutor$Worker@7e25380e[State = -1, empty queue]] WARN  server.GrpcLogAppender (GrpcLogAppender.java:timeoutAppendRequest(200)) - 72845ddd-7944-416b-9dd2-35fcccd22f3d@group-0B3452D6D747->76e9ed70-2a32-4a64-9388-b77e9aa6f857-GrpcLogAppender: appendEntries Timeout, request=72845ddd-7944-416b-9dd2-35fcccd22f3d->76e9ed70-2a32-4a64-9388-b77e9aa6f857#21-t1, previous=(t:1, i:12), leaderCommit=6, initializing? false, entries: <empty>
2019-09-17 06:07:56,715 [java.util.concurrent.ThreadPoolExecutor$Worker@550fe58d[State = -1, empty queue]] WARN  server.GrpcLogAppender (GrpcLogAppender.java:timeoutAppendRequest(200)) - 72845ddd-7944-416b-9dd2-35fcccd22f3d@group-0B3452D6D747->f1727f7a-dfce-47cb-9d44-d863f6c274c0-GrpcLogAppender: appendEntries Timeout, request=72845ddd-7944-416b-9dd2-35fcccd22f3d->f1727f7a-dfce-47cb-9d44-d863f6c274c0#21-t1, previous=(t:1, i:12), leaderCommit=6, initializing? false, entries: <empty>
2019-09-17 06:07:57,091 [grpc-default-executor-4] INFO  impl.RaftServerProxy (RaftServerProxy.java:remove(95)) - 72845ddd-7944-416b-9dd2-35fcccd22f3d: remove group-E83674309DFA:null
2019-09-17 06:07:57,097 [RatisPipelineUtilsThread] WARN  pipeline.RatisPipelineUtils (RatisPipelineUtils.java:destroyPipeline(66)) - Pipeline destroy failed for pipeline=PipelineID=f19de06e-3053-4ec9-9fdd-e83674309dfa dn=72845ddd-7944-416b-9dd2-35fcccd22f3d{ip: 192.168.69.122, host: trunk-nightly-20190917-29l5j-2509219610, networkLocation: /default-rack, certSerialId: null}
2019-09-17 06:07:57,101 [grpc-default-executor-4] INFO  impl.RaftServerProxy (RaftServerProxy.java:remove(95)) - 76e9ed70-2a32-4a64-9388-b77e9aa6f857: remove group-E83674309DFA:null
2019-09-17 06:07:57,110 [RatisPipelineUtilsThread] WARN  pipeline.RatisPipelineUtils (RatisPipelineUtils.java:destroyPipeline(66)) - Pipeline destroy failed for pipeline=PipelineID=f19de06e-3053-4ec9-9fdd-e83674309dfa dn=76e9ed70-2a32-4a64-9388-b77e9aa6f857{ip: 192.168.69.122, host: trunk-nightly-20190917-29l5j-2509219610, networkLocation: /default-rack, certSerialId: null}
2019-09-17 06:07:57,113 [grpc-default-executor-4] INFO  impl.RaftServerProxy (RaftServerProxy.java:remove(95)) - f1727f7a-dfce-47cb-9d44-d863f6c274c0: remove group-E83674309DFA:null
2019-09-17 06:07:57,117 [RatisPipelineUtilsThread] WARN  pipeline.RatisPipelineUtils (RatisPipelineUtils.java:destroyPipeline(66)) - Pipeline destroy failed for pipeline=PipelineID=f19de06e-3053-4ec9-9fdd-e83674309dfa dn=f1727f7a-dfce-47cb-9d44-d863f6c274c0{ip: 192.168.69.122, host: trunk-nightly-20190917-29l5j-2509219610, networkLocation: /default-rack, certSerialId: null}
2019-09-17 06:07:57,117 [RatisPipelineUtilsThread] ERROR pipeline.SCMPipelineManager (Scheduler.java:lambda$schedule$1(70)) - Destroy pipeline failed for pipeline:Pipeline[ Id: f19de06e-3053-4ec9-9fdd-e83674309dfa, Nodes: 72845ddd-7944-416b-9dd2-35fcccd22f3d{ip: 192.168.69.122, host: trunk-nightly-20190917-29l5j-2509219610, networkLocation: /default-rack, certSerialId: null}76e9ed70-2a32-4a64-9388-b77e9aa6f857{ip: 192.168.69.122, host: trunk-nightly-20190917-29l5j-2509219610, networkLocation: /default-rack, certSerialId: null}f1727f7a-dfce-47cb-9d44-d863f6c274c0{ip: 192.168.69.122, host: trunk-nightly-20190917-29l5j-2509219610, networkLocation: /default-rack, certSerialId: null}, Type:RATIS, Factor:THREE, State:CLOSED]
org.apache.hadoop.hdds.scm.pipeline.PipelineNotFoundException: PipelineID=f19de06e-3053-4ec9-9fdd-e83674309dfa not found
	at org.apache.hadoop.hdds.scm.pipeline.PipelineStateMap.getPipeline(PipelineStateMap.java:132)
	at org.apache.hadoop.hdds.scm.pipeline.PipelineStateMap.removePipeline(PipelineStateMap.java:322)
	at org.apache.hadoop.hdds.scm.pipeline.PipelineStateManager.removePipeline(PipelineStateManager.java:107)
	at org.apache.hadoop.hdds.scm.pipeline.SCMPipelineManager.removePipeline(SCMPipelineManager.java:423)
	at org.apache.hadoop.hdds.scm.pipeline.SCMPipelineManager.destroyPipeline(SCMPipelineManager.java:409)
	at org.apache.hadoop.hdds.scm.pipeline.SCMPipelineManager.lambda$finalizeAndDestroyPipeline$0(SCMPipelineManager.java:318)
	at org.apache.hadoop.utils.Scheduler.lambda$schedule$1(Scheduler.java:68)
	at java.util.concurrent.Executors$RunnableAdapter.call(Executors.java:511)
	at java.util.concurrent.FutureTask.run(FutureTask.java:266)
	at java.util.concurrent.ScheduledThreadPoolExecutor$ScheduledFutureTask.access$201(ScheduledThreadPoolExecutor.java:180)
	at java.util.concurrent.ScheduledThreadPoolExecutor$ScheduledFutureTask.run(ScheduledThreadPoolExecutor.java:293)
	at java.util.concurrent.ThreadPoolExecutor.runWorker(ThreadPoolExecutor.java:1149)
	at java.util.concurrent.ThreadPoolExecutor$Worker.run(ThreadPoolExecutor.java:624)
	at java.lang.Thread.run(Thread.java:748)
2019-09-17 06:07:58,935 [grpc-default-executor-4] INFO  client.GrpcClientProtocolClient (GrpcClientProtocolClient.java:onNext(264)) - client-9AF48D7A035B->f1727f7a-dfce-47cb-9d44-d863f6c274c0: receive RaftClientReply:client-9AF48D7A035B->f1727f7a-dfce-47cb-9d44-d863f6c274c0@group-0B3452D6D747, cid=50, FAILED org.apache.ratis.protocol.NotLeaderException: Server f1727f7a-dfce-47cb-9d44-d863f6c274c0@group-0B3452D6D747 is not the leader 72845ddd-7944-416b-9dd2-35fcccd22f3d:192.168.69.122:41609, logIndex=0, commits[f1727f7a-dfce-47cb-9d44-d863f6c274c0:c6, 76e9ed70-2a32-4a64-9388-b77e9aa6f857:c4, 72845ddd-7944-416b-9dd2-35fcccd22f3d:c6]
2019-09-17 06:07:59,216 [java.util.concurrent.ThreadPoolExecutor$Worker@550fe58d[State = -1, empty queue]] WARN  server.GrpcLogAppender (GrpcLogAppender.java:timeoutAppendRequest(200)) - 72845ddd-7944-416b-9dd2-35fcccd22f3d@group-0B3452D6D747->f1727f7a-dfce-47cb-9d44-d863f6c274c0-GrpcLogAppender: appendEntries Timeout, request=72845ddd-7944-416b-9dd2-35fcccd22f3d->f1727f7a-dfce-47cb-9d44-d863f6c274c0#22-t1, previous=(t:1, i:12), leaderCommit=6, initializing? false, entries: <empty>
2019-09-17 06:07:59,216 [java.util.concurrent.ThreadPoolExecutor$Worker@7e25380e[State = -1, empty queue]] WARN  server.GrpcLogAppender (GrpcLogAppender.java:timeoutAppendRequest(200)) - 72845ddd-7944-416b-9dd2-35fcccd22f3d@group-0B3452D6D747->76e9ed70-2a32-4a64-9388-b77e9aa6f857-GrpcLogAppender: appendEntries Timeout, request=72845ddd-7944-416b-9dd2-35fcccd22f3d->76e9ed70-2a32-4a64-9388-b77e9aa6f857#22-t1, previous=(t:1, i:12), leaderCommit=6, initializing? false, entries: <empty>
2019-09-17 06:08:00,095 [grpc-default-executor-4] INFO  impl.RaftServerProxy (RaftServerProxy.java:remove(95)) - 72845ddd-7944-416b-9dd2-35fcccd22f3d: remove group-E83674309DFA:null
2019-09-17 06:08:00,101 [RatisPipelineUtilsThread] WARN  pipeline.RatisPipelineUtils (RatisPipelineUtils.java:destroyPipeline(66)) - Pipeline destroy failed for pipeline=PipelineID=f19de06e-3053-4ec9-9fdd-e83674309dfa dn=72845ddd-7944-416b-9dd2-35fcccd22f3d{ip: 192.168.69.122, host: trunk-nightly-20190917-29l5j-2509219610, networkLocation: /default-rack, certSerialId: null}
2019-09-17 06:08:00,105 [grpc-default-executor-4] INFO  impl.RaftServerProxy (RaftServerProxy.java:remove(95)) - 76e9ed70-2a32-4a64-9388-b77e9aa6f857: remove group-E83674309DFA:null
2019-09-17 06:08:00,109 [RatisPipelineUtilsThread] WARN  pipeline.RatisPipelineUtils (RatisPipelineUtils.java:destroyPipeline(66)) - Pipeline destroy failed for pipeline=PipelineID=f19de06e-3053-4ec9-9fdd-e83674309dfa dn=76e9ed70-2a32-4a64-9388-b77e9aa6f857{ip: 192.168.69.122, host: trunk-nightly-20190917-29l5j-2509219610, networkLocation: /default-rack, certSerialId: null}
2019-09-17 06:08:00,112 [grpc-default-executor-4] INFO  impl.RaftServerProxy (RaftServerProxy.java:remove(95)) - f1727f7a-dfce-47cb-9d44-d863f6c274c0: remove group-E83674309DFA:null
2019-09-17 06:08:00,116 [RatisPipelineUtilsThread] WARN  pipeline.RatisPipelineUtils (RatisPipelineUtils.java:destroyPipeline(66)) - Pipeline destroy failed for pipeline=PipelineID=f19de06e-3053-4ec9-9fdd-e83674309dfa dn=f1727f7a-dfce-47cb-9d44-d863f6c274c0{ip: 192.168.69.122, host: trunk-nightly-20190917-29l5j-2509219610, networkLocation: /default-rack, certSerialId: null}
2019-09-17 06:08:00,116 [RatisPipelineUtilsThread] ERROR pipeline.SCMPipelineManager (Scheduler.java:lambda$schedule$1(70)) - Destroy pipeline failed for pipeline:Pipeline[ Id: f19de06e-3053-4ec9-9fdd-e83674309dfa, Nodes: 72845ddd-7944-416b-9dd2-35fcccd22f3d{ip: 192.168.69.122, host: trunk-nightly-20190917-29l5j-2509219610, networkLocation: /default-rack, certSerialId: null}76e9ed70-2a32-4a64-9388-b77e9aa6f857{ip: 192.168.69.122, host: trunk-nightly-20190917-29l5j-2509219610, networkLocation: /default-rack, certSerialId: null}f1727f7a-dfce-47cb-9d44-d863f6c274c0{ip: 192.168.69.122, host: trunk-nightly-20190917-29l5j-2509219610, networkLocation: /default-rack, certSerialId: null}, Type:RATIS, Factor:THREE, State:CLOSED]
org.apache.hadoop.hdds.scm.pipeline.PipelineNotFoundException: PipelineID=f19de06e-3053-4ec9-9fdd-e83674309dfa not found
	at org.apache.hadoop.hdds.scm.pipeline.PipelineStateMap.getPipeline(PipelineStateMap.java:132)
	at org.apache.hadoop.hdds.scm.pipeline.PipelineStateMap.removePipeline(PipelineStateMap.java:322)
	at org.apache.hadoop.hdds.scm.pipeline.PipelineStateManager.removePipeline(PipelineStateManager.java:107)
	at org.apache.hadoop.hdds.scm.pipeline.SCMPipelineManager.removePipeline(SCMPipelineManager.java:423)
	at org.apache.hadoop.hdds.scm.pipeline.SCMPipelineManager.destroyPipeline(SCMPipelineManager.java:409)
	at org.apache.hadoop.hdds.scm.pipeline.SCMPipelineManager.lambda$finalizeAndDestroyPipeline$0(SCMPipelineManager.java:318)
	at org.apache.hadoop.utils.Scheduler.lambda$schedule$1(Scheduler.java:68)
	at java.util.concurrent.Executors$RunnableAdapter.call(Executors.java:511)
	at java.util.concurrent.FutureTask.run(FutureTask.java:266)
	at java.util.concurrent.ScheduledThreadPoolExecutor$ScheduledFutureTask.access$201(ScheduledThreadPoolExecutor.java:180)
	at java.util.concurrent.ScheduledThreadPoolExecutor$ScheduledFutureTask.run(ScheduledThreadPoolExecutor.java:293)
	at java.util.concurrent.ThreadPoolExecutor.runWorker(ThreadPoolExecutor.java:1149)
	at java.util.concurrent.ThreadPoolExecutor$Worker.run(ThreadPoolExecutor.java:624)
	at java.lang.Thread.run(Thread.java:748)
2019-09-17 06:08:01,717 [java.util.concurrent.ThreadPoolExecutor$Worker@7e25380e[State = -1, empty queue]] WARN  server.GrpcLogAppender (GrpcLogAppender.java:timeoutAppendRequest(200)) - 72845ddd-7944-416b-9dd2-35fcccd22f3d@group-0B3452D6D747->76e9ed70-2a32-4a64-9388-b77e9aa6f857-GrpcLogAppender: appendEntries Timeout, request=72845ddd-7944-416b-9dd2-35fcccd22f3d->76e9ed70-2a32-4a64-9388-b77e9aa6f857#23-t1, previous=(t:1, i:12), leaderCommit=6, initializing? false, entries: <empty>
2019-09-17 06:08:01,717 [java.util.concurrent.ThreadPoolExecutor$Worker@550fe58d[State = -1, empty queue]] WARN  server.GrpcLogAppender (GrpcLogAppender.java:timeoutAppendRequest(200)) - 72845ddd-7944-416b-9dd2-35fcccd22f3d@group-0B3452D6D747->f1727f7a-dfce-47cb-9d44-d863f6c274c0-GrpcLogAppender: appendEntries Timeout, request=72845ddd-7944-416b-9dd2-35fcccd22f3d->f1727f7a-dfce-47cb-9d44-d863f6c274c0#23-t1, previous=(t:1, i:12), leaderCommit=6, initializing? false, entries: <empty>
2019-09-17 06:08:02,097 [grpc-default-executor-1] INFO  impl.RaftServerProxy (RaftServerProxy.java:remove(95)) - 72845ddd-7944-416b-9dd2-35fcccd22f3d: remove group-E83674309DFA:null
2019-09-17 06:08:02,102 [RatisPipelineUtilsThread] WARN  pipeline.RatisPipelineUtils (RatisPipelineUtils.java:destroyPipeline(66)) - Pipeline destroy failed for pipeline=PipelineID=f19de06e-3053-4ec9-9fdd-e83674309dfa dn=72845ddd-7944-416b-9dd2-35fcccd22f3d{ip: 192.168.69.122, host: trunk-nightly-20190917-29l5j-2509219610, networkLocation: /default-rack, certSerialId: null}
2019-09-17 06:08:02,106 [grpc-default-executor-1] INFO  impl.RaftServerProxy (RaftServerProxy.java:remove(95)) - 76e9ed70-2a32-4a64-9388-b77e9aa6f857: remove group-E83674309DFA:null
2019-09-17 06:08:02,108 [RatisPipelineUtilsThread] WARN  pipeline.RatisPipelineUtils (RatisPipelineUtils.java:destroyPipeline(66)) - Pipeline destroy failed for pipeline=PipelineID=f19de06e-3053-4ec9-9fdd-e83674309dfa dn=76e9ed70-2a32-4a64-9388-b77e9aa6f857{ip: 192.168.69.122, host: trunk-nightly-20190917-29l5j-2509219610, networkLocation: /default-rack, certSerialId: null}
2019-09-17 06:08:02,112 [grpc-default-executor-1] INFO  impl.RaftServerProxy (RaftServerProxy.java:remove(95)) - f1727f7a-dfce-47cb-9d44-d863f6c274c0: remove group-E83674309DFA:null
2019-09-17 06:08:02,115 [RatisPipelineUtilsThread] WARN  pipeline.RatisPipelineUtils (RatisPipelineUtils.java:destroyPipeline(66)) - Pipeline destroy failed for pipeline=PipelineID=f19de06e-3053-4ec9-9fdd-e83674309dfa dn=f1727f7a-dfce-47cb-9d44-d863f6c274c0{ip: 192.168.69.122, host: trunk-nightly-20190917-29l5j-2509219610, networkLocation: /default-rack, certSerialId: null}
2019-09-17 06:08:02,115 [RatisPipelineUtilsThread] ERROR pipeline.SCMPipelineManager (Scheduler.java:lambda$schedule$1(70)) - Destroy pipeline failed for pipeline:Pipeline[ Id: f19de06e-3053-4ec9-9fdd-e83674309dfa, Nodes: 72845ddd-7944-416b-9dd2-35fcccd22f3d{ip: 192.168.69.122, host: trunk-nightly-20190917-29l5j-2509219610, networkLocation: /default-rack, certSerialId: null}76e9ed70-2a32-4a64-9388-b77e9aa6f857{ip: 192.168.69.122, host: trunk-nightly-20190917-29l5j-2509219610, networkLocation: /default-rack, certSerialId: null}f1727f7a-dfce-47cb-9d44-d863f6c274c0{ip: 192.168.69.122, host: trunk-nightly-20190917-29l5j-2509219610, networkLocation: /default-rack, certSerialId: null}, Type:RATIS, Factor:THREE, State:CLOSED]
org.apache.hadoop.hdds.scm.pipeline.PipelineNotFoundException: PipelineID=f19de06e-3053-4ec9-9fdd-e83674309dfa not found
	at org.apache.hadoop.hdds.scm.pipeline.PipelineStateMap.getPipeline(PipelineStateMap.java:132)
	at org.apache.hadoop.hdds.scm.pipeline.PipelineStateMap.removePipeline(PipelineStateMap.java:322)
	at org.apache.hadoop.hdds.scm.pipeline.PipelineStateManager.removePipeline(PipelineStateManager.java:107)
	at org.apache.hadoop.hdds.scm.pipeline.SCMPipelineManager.removePipeline(SCMPipelineManager.java:423)
	at org.apache.hadoop.hdds.scm.pipeline.SCMPipelineManager.destroyPipeline(SCMPipelineManager.java:409)
	at org.apache.hadoop.hdds.scm.pipeline.SCMPipelineManager.lambda$finalizeAndDestroyPipeline$0(SCMPipelineManager.java:318)
	at org.apache.hadoop.utils.Scheduler.lambda$schedule$1(Scheduler.java:68)
	at java.util.concurrent.Executors$RunnableAdapter.call(Executors.java:511)
	at java.util.concurrent.FutureTask.run(FutureTask.java:266)
	at java.util.concurrent.ScheduledThreadPoolExecutor$ScheduledFutureTask.access$201(ScheduledThreadPoolExecutor.java:180)
	at java.util.concurrent.ScheduledThreadPoolExecutor$ScheduledFutureTask.run(ScheduledThreadPoolExecutor.java:293)
	at java.util.concurrent.ThreadPoolExecutor.runWorker(ThreadPoolExecutor.java:1149)
	at java.util.concurrent.ThreadPoolExecutor$Worker.run(ThreadPoolExecutor.java:624)
	at java.lang.Thread.run(Thread.java:748)
2019-09-17 06:08:03,711 [76e9ed70-2a32-4a64-9388-b77e9aa6f857@group-0B3452D6D747-SegmentedRaftLogWorker] WARN  segmented.SegmentedRaftLogWorker (SegmentedRaftLogWorker.java:getFromFuture(90)) - Timeout 2/~
org.apache.ratis.protocol.TimeoutIOException: Timeout 10s: WriteLog:7: (t:1, i:7), STATEMACHINELOGENTRY, client-9AF48D7A035B, cid=50-writeStateMachineData
	at org.apache.ratis.util.IOUtils.getFromFuture(IOUtils.java:87)
	at org.apache.ratis.server.raftlog.segmented.SegmentedRaftLogWorker$StateMachineDataPolicy.getFromFuture(SegmentedRaftLogWorker.java:87)
	at org.apache.ratis.server.raftlog.segmented.SegmentedRaftLogWorker$WriteLog.execute(SegmentedRaftLogWorker.java:477)
	at org.apache.ratis.server.raftlog.segmented.SegmentedRaftLogWorker.run(SegmentedRaftLogWorker.java:289)
	at java.lang.Thread.run(Thread.java:748)
Caused by: java.util.concurrent.TimeoutException
	at java.util.concurrent.CompletableFuture.timedGet(CompletableFuture.java:1771)
	at java.util.concurrent.CompletableFuture.get(CompletableFuture.java:1915)
	at org.apache.ratis.util.IOUtils.getFromFuture(IOUtils.java:79)
	... 4 more
2019-09-17 06:08:03,711 [f1727f7a-dfce-47cb-9d44-d863f6c274c0@group-0B3452D6D747-SegmentedRaftLogWorker] WARN  segmented.SegmentedRaftLogWorker (SegmentedRaftLogWorker.java:getFromFuture(90)) - Timeout 2/~
org.apache.ratis.protocol.TimeoutIOException: Timeout 10s: WriteLog:7: (t:1, i:7), STATEMACHINELOGENTRY, client-9AF48D7A035B, cid=50-writeStateMachineData
	at org.apache.ratis.util.IOUtils.getFromFuture(IOUtils.java:87)
	at org.apache.ratis.server.raftlog.segmented.SegmentedRaftLogWorker$StateMachineDataPolicy.getFromFuture(SegmentedRaftLogWorker.java:87)
	at org.apache.ratis.server.raftlog.segmented.SegmentedRaftLogWorker$WriteLog.execute(SegmentedRaftLogWorker.java:477)
	at org.apache.ratis.server.raftlog.segmented.SegmentedRaftLogWorker.run(SegmentedRaftLogWorker.java:289)
	at java.lang.Thread.run(Thread.java:748)
Caused by: java.util.concurrent.TimeoutException
	at java.util.concurrent.CompletableFuture.timedGet(CompletableFuture.java:1771)
	at java.util.concurrent.CompletableFuture.get(CompletableFuture.java:1915)
	at org.apache.ratis.util.IOUtils.getFromFuture(IOUtils.java:79)
	... 4 more
2019-09-17 06:08:03,840 [72845ddd-7944-416b-9dd2-35fcccd22f3d@group-0B3452D6D747-SegmentedRaftLogWorker] WARN  segmented.SegmentedRaftLogWorker (SegmentedRaftLogWorker.java:getFromFuture(90)) - Timeout 2/~
org.apache.ratis.protocol.TimeoutIOException: Timeout 10s: WriteLog:8: (t:1, i:8), STATEMACHINELOGENTRY, client-9AF48D7A035B, cid=51-writeStateMachineData
	at org.apache.ratis.util.IOUtils.getFromFuture(IOUtils.java:87)
	at org.apache.ratis.server.raftlog.segmented.SegmentedRaftLogWorker$StateMachineDataPolicy.getFromFuture(SegmentedRaftLogWorker.java:87)
	at org.apache.ratis.server.raftlog.segmented.SegmentedRaftLogWorker$WriteLog.execute(SegmentedRaftLogWorker.java:477)
	at org.apache.ratis.server.raftlog.segmented.SegmentedRaftLogWorker.run(SegmentedRaftLogWorker.java:289)
	at java.lang.Thread.run(Thread.java:748)
Caused by: java.util.concurrent.TimeoutException
	at java.util.concurrent.CompletableFuture.timedGet(CompletableFuture.java:1771)
	at java.util.concurrent.CompletableFuture.get(CompletableFuture.java:1915)
	at org.apache.ratis.util.IOUtils.getFromFuture(IOUtils.java:79)
	... 4 more
2019-09-17 06:08:03,986 [grpc-default-executor-4] INFO  client.GrpcClientProtocolClient (GrpcClientProtocolClient.java:onNext(264)) - client-9AF48D7A035B->76e9ed70-2a32-4a64-9388-b77e9aa6f857: receive RaftClientReply:client-9AF48D7A035B->76e9ed70-2a32-4a64-9388-b77e9aa6f857@group-0B3452D6D747, cid=50, FAILED org.apache.ratis.protocol.NotLeaderException: Server 76e9ed70-2a32-4a64-9388-b77e9aa6f857@group-0B3452D6D747 is not the leader 72845ddd-7944-416b-9dd2-35fcccd22f3d:192.168.69.122:41609, logIndex=0, commits[76e9ed70-2a32-4a64-9388-b77e9aa6f857:c6, f1727f7a-dfce-47cb-9d44-d863f6c274c0:c4, 72845ddd-7944-416b-9dd2-35fcccd22f3d:c6]
2019-09-17 06:08:04,217 [java.util.concurrent.ThreadPoolExecutor$Worker@7e25380e[State = -1, empty queue]] WARN  server.GrpcLogAppender (GrpcLogAppender.java:timeoutAppendRequest(200)) - 72845ddd-7944-416b-9dd2-35fcccd22f3d@group-0B3452D6D747->76e9ed70-2a32-4a64-9388-b77e9aa6f857-GrpcLogAppender: appendEntries Timeout, request=72845ddd-7944-416b-9dd2-35fcccd22f3d->76e9ed70-2a32-4a64-9388-b77e9aa6f857#24-t1, previous=(t:1, i:12), leaderCommit=6, initializing? false, entries: <empty>
2019-09-17 06:08:04,217 [java.util.concurrent.ThreadPoolExecutor$Worker@550fe58d[State = -1, empty queue]] WARN  server.GrpcLogAppender (GrpcLogAppender.java:timeoutAppendRequest(200)) - 72845ddd-7944-416b-9dd2-35fcccd22f3d@group-0B3452D6D747->f1727f7a-dfce-47cb-9d44-d863f6c274c0-GrpcLogAppender: appendEntries Timeout, request=72845ddd-7944-416b-9dd2-35fcccd22f3d->f1727f7a-dfce-47cb-9d44-d863f6c274c0#24-t1, previous=(t:1, i:12), leaderCommit=6, initializing? false, entries: <empty>
2019-09-17 06:08:05,100 [grpc-default-executor-1] INFO  impl.RaftServerProxy (RaftServerProxy.java:remove(95)) - 72845ddd-7944-416b-9dd2-35fcccd22f3d: remove group-E83674309DFA:null
2019-09-17 06:08:05,104 [RatisPipelineUtilsThread] WARN  pipeline.RatisPipelineUtils (RatisPipelineUtils.java:destroyPipeline(66)) - Pipeline destroy failed for pipeline=PipelineID=f19de06e-3053-4ec9-9fdd-e83674309dfa dn=72845ddd-7944-416b-9dd2-35fcccd22f3d{ip: 192.168.69.122, host: trunk-nightly-20190917-29l5j-2509219610, networkLocation: /default-rack, certSerialId: null}
2019-09-17 06:08:05,108 [grpc-default-executor-1] INFO  impl.RaftServerProxy (RaftServerProxy.java:remove(95)) - 76e9ed70-2a32-4a64-9388-b77e9aa6f857: remove group-E83674309DFA:null
2019-09-17 06:08:05,110 [RatisPipelineUtilsThread] WARN  pipeline.RatisPipelineUtils (RatisPipelineUtils.java:destroyPipeline(66)) - Pipeline destroy failed for pipeline=PipelineID=f19de06e-3053-4ec9-9fdd-e83674309dfa dn=76e9ed70-2a32-4a64-9388-b77e9aa6f857{ip: 192.168.69.122, host: trunk-nightly-20190917-29l5j-2509219610, networkLocation: /default-rack, certSerialId: null}
2019-09-17 06:08:05,113 [grpc-default-executor-1] INFO  impl.RaftServerProxy (RaftServerProxy.java:remove(95)) - f1727f7a-dfce-47cb-9d44-d863f6c274c0: remove group-E83674309DFA:null
2019-09-17 06:08:05,116 [RatisPipelineUtilsThread] WARN  pipeline.RatisPipelineUtils (RatisPipelineUtils.java:destroyPipeline(66)) - Pipeline destroy failed for pipeline=PipelineID=f19de06e-3053-4ec9-9fdd-e83674309dfa dn=f1727f7a-dfce-47cb-9d44-d863f6c274c0{ip: 192.168.69.122, host: trunk-nightly-20190917-29l5j-2509219610, networkLocation: /default-rack, certSerialId: null}
2019-09-17 06:08:05,116 [RatisPipelineUtilsThread] ERROR pipeline.SCMPipelineManager (Scheduler.java:lambda$schedule$1(70)) - Destroy pipeline failed for pipeline:Pipeline[ Id: f19de06e-3053-4ec9-9fdd-e83674309dfa, Nodes: 72845ddd-7944-416b-9dd2-35fcccd22f3d{ip: 192.168.69.122, host: trunk-nightly-20190917-29l5j-2509219610, networkLocation: /default-rack, certSerialId: null}76e9ed70-2a32-4a64-9388-b77e9aa6f857{ip: 192.168.69.122, host: trunk-nightly-20190917-29l5j-2509219610, networkLocation: /default-rack, certSerialId: null}f1727f7a-dfce-47cb-9d44-d863f6c274c0{ip: 192.168.69.122, host: trunk-nightly-20190917-29l5j-2509219610, networkLocation: /default-rack, certSerialId: null}, Type:RATIS, Factor:THREE, State:CLOSED]
org.apache.hadoop.hdds.scm.pipeline.PipelineNotFoundException: PipelineID=f19de06e-3053-4ec9-9fdd-e83674309dfa not found
	at org.apache.hadoop.hdds.scm.pipeline.PipelineStateMap.getPipeline(PipelineStateMap.java:132)
	at org.apache.hadoop.hdds.scm.pipeline.PipelineStateMap.removePipeline(PipelineStateMap.java:322)
	at org.apache.hadoop.hdds.scm.pipeline.PipelineStateManager.removePipeline(PipelineStateManager.java:107)
	at org.apache.hadoop.hdds.scm.pipeline.SCMPipelineManager.removePipeline(SCMPipelineManager.java:423)
	at org.apache.hadoop.hdds.scm.pipeline.SCMPipelineManager.destroyPipeline(SCMPipelineManager.java:409)
	at org.apache.hadoop.hdds.scm.pipeline.SCMPipelineManager.lambda$finalizeAndDestroyPipeline$0(SCMPipelineManager.java:318)
	at org.apache.hadoop.utils.Scheduler.lambda$schedule$1(Scheduler.java:68)
	at java.util.concurrent.Executors$RunnableAdapter.call(Executors.java:511)
	at java.util.concurrent.FutureTask.run(FutureTask.java:266)
	at java.util.concurrent.ScheduledThreadPoolExecutor$ScheduledFutureTask.access$201(ScheduledThreadPoolExecutor.java:180)
	at java.util.concurrent.ScheduledThreadPoolExecutor$ScheduledFutureTask.run(ScheduledThreadPoolExecutor.java:293)
	at java.util.concurrent.ThreadPoolExecutor.runWorker(ThreadPoolExecutor.java:1149)
	at java.util.concurrent.ThreadPoolExecutor$Worker.run(ThreadPoolExecutor.java:624)
	at java.lang.Thread.run(Thread.java:748)
2019-09-17 06:08:06,719 [java.util.concurrent.ThreadPoolExecutor$Worker@550fe58d[State = -1, empty queue]] WARN  server.GrpcLogAppender (GrpcLogAppender.java:timeoutAppendRequest(200)) - 72845ddd-7944-416b-9dd2-35fcccd22f3d@group-0B3452D6D747->f1727f7a-dfce-47cb-9d44-d863f6c274c0-GrpcLogAppender: appendEntries Timeout, request=72845ddd-7944-416b-9dd2-35fcccd22f3d->f1727f7a-dfce-47cb-9d44-d863f6c274c0#25-t1, previous=(t:1, i:12), leaderCommit=6, initializing? false, entries: <empty>
2019-09-17 06:08:06,719 [java.util.concurrent.ThreadPoolExecutor$Worker@7e25380e[State = -1, empty queue]] WARN  server.GrpcLogAppender (GrpcLogAppender.java:timeoutAppendRequest(200)) - 72845ddd-7944-416b-9dd2-35fcccd22f3d@group-0B3452D6D747->76e9ed70-2a32-4a64-9388-b77e9aa6f857-GrpcLogAppender: appendEntries Timeout, request=72845ddd-7944-416b-9dd2-35fcccd22f3d->76e9ed70-2a32-4a64-9388-b77e9aa6f857#25-t1, previous=(t:1, i:12), leaderCommit=6, initializing? false, entries: <empty>
2019-09-17 06:08:07,111 [grpc-default-executor-4] INFO  impl.RaftServerProxy (RaftServerProxy.java:remove(95)) - 72845ddd-7944-416b-9dd2-35fcccd22f3d: remove group-E83674309DFA:null
2019-09-17 06:08:07,117 [RatisPipelineUtilsThread] WARN  pipeline.RatisPipelineUtils (RatisPipelineUtils.java:destroyPipeline(66)) - Pipeline destroy failed for pipeline=PipelineID=f19de06e-3053-4ec9-9fdd-e83674309dfa dn=72845ddd-7944-416b-9dd2-35fcccd22f3d{ip: 192.168.69.122, host: trunk-nightly-20190917-29l5j-2509219610, networkLocation: /default-rack, certSerialId: null}
2019-09-17 06:08:07,122 [grpc-default-executor-4] INFO  impl.RaftServerProxy (RaftServerProxy.java:remove(95)) - 76e9ed70-2a32-4a64-9388-b77e9aa6f857: remove group-E83674309DFA:null
2019-09-17 06:08:07,125 [RatisPipelineUtilsThread] WARN  pipeline.RatisPipelineUtils (RatisPipelineUtils.java:destroyPipeline(66)) - Pipeline destroy failed for pipeline=PipelineID=f19de06e-3053-4ec9-9fdd-e83674309dfa dn=76e9ed70-2a32-4a64-9388-b77e9aa6f857{ip: 192.168.69.122, host: trunk-nightly-20190917-29l5j-2509219610, networkLocation: /default-rack, certSerialId: null}
2019-09-17 06:08:07,128 [grpc-default-executor-4] INFO  impl.RaftServerProxy (RaftServerProxy.java:remove(95)) - f1727f7a-dfce-47cb-9d44-d863f6c274c0: remove group-E83674309DFA:null
2019-09-17 06:08:07,131 [RatisPipelineUtilsThread] WARN  pipeline.RatisPipelineUtils (RatisPipelineUtils.java:destroyPipeline(66)) - Pipeline destroy failed for pipeline=PipelineID=f19de06e-3053-4ec9-9fdd-e83674309dfa dn=f1727f7a-dfce-47cb-9d44-d863f6c274c0{ip: 192.168.69.122, host: trunk-nightly-20190917-29l5j-2509219610, networkLocation: /default-rack, certSerialId: null}
2019-09-17 06:08:07,131 [RatisPipelineUtilsThread] ERROR pipeline.SCMPipelineManager (Scheduler.java:lambda$schedule$1(70)) - Destroy pipeline failed for pipeline:Pipeline[ Id: f19de06e-3053-4ec9-9fdd-e83674309dfa, Nodes: 72845ddd-7944-416b-9dd2-35fcccd22f3d{ip: 192.168.69.122, host: trunk-nightly-20190917-29l5j-2509219610, networkLocation: /default-rack, certSerialId: null}76e9ed70-2a32-4a64-9388-b77e9aa6f857{ip: 192.168.69.122, host: trunk-nightly-20190917-29l5j-2509219610, networkLocation: /default-rack, certSerialId: null}f1727f7a-dfce-47cb-9d44-d863f6c274c0{ip: 192.168.69.122, host: trunk-nightly-20190917-29l5j-2509219610, networkLocation: /default-rack, certSerialId: null}, Type:RATIS, Factor:THREE, State:CLOSED]
org.apache.hadoop.hdds.scm.pipeline.PipelineNotFoundException: PipelineID=f19de06e-3053-4ec9-9fdd-e83674309dfa not found
	at org.apache.hadoop.hdds.scm.pipeline.PipelineStateMap.getPipeline(PipelineStateMap.java:132)
	at org.apache.hadoop.hdds.scm.pipeline.PipelineStateMap.removePipeline(PipelineStateMap.java:322)
	at org.apache.hadoop.hdds.scm.pipeline.PipelineStateManager.removePipeline(PipelineStateManager.java:107)
	at org.apache.hadoop.hdds.scm.pipeline.SCMPipelineManager.removePipeline(SCMPipelineManager.java:423)
	at org.apache.hadoop.hdds.scm.pipeline.SCMPipelineManager.destroyPipeline(SCMPipelineManager.java:409)
	at org.apache.hadoop.hdds.scm.pipeline.SCMPipelineManager.lambda$finalizeAndDestroyPipeline$0(SCMPipelineManager.java:318)
	at org.apache.hadoop.utils.Scheduler.lambda$schedule$1(Scheduler.java:68)
	at java.util.concurrent.Executors$RunnableAdapter.call(Executors.java:511)
	at java.util.concurrent.FutureTask.run(FutureTask.java:266)
	at java.util.concurrent.ScheduledThreadPoolExecutor$ScheduledFutureTask.access$201(ScheduledThreadPoolExecutor.java:180)
	at java.util.concurrent.ScheduledThreadPoolExecutor$ScheduledFutureTask.run(ScheduledThreadPoolExecutor.java:293)
	at java.util.concurrent.ThreadPoolExecutor.runWorker(ThreadPoolExecutor.java:1149)
	at java.util.concurrent.ThreadPoolExecutor$Worker.run(ThreadPoolExecutor.java:624)
	at java.lang.Thread.run(Thread.java:748)
2019-09-17 06:08:09,034 [grpc-default-executor-1] INFO  client.GrpcClientProtocolClient (GrpcClientProtocolClient.java:onNext(264)) - client-9AF48D7A035B->76e9ed70-2a32-4a64-9388-b77e9aa6f857: receive RaftClientReply:client-9AF48D7A035B->76e9ed70-2a32-4a64-9388-b77e9aa6f857@group-0B3452D6D747, cid=50, FAILED org.apache.ratis.protocol.NotLeaderException: Server 76e9ed70-2a32-4a64-9388-b77e9aa6f857@group-0B3452D6D747 is not the leader 72845ddd-7944-416b-9dd2-35fcccd22f3d:192.168.69.122:41609, logIndex=0, commits[76e9ed70-2a32-4a64-9388-b77e9aa6f857:c6, f1727f7a-dfce-47cb-9d44-d863f6c274c0:c4, 72845ddd-7944-416b-9dd2-35fcccd22f3d:c6]
2019-09-17 06:08:09,219 [java.util.concurrent.ThreadPoolExecutor$Worker@550fe58d[State = -1, empty queue]] WARN  server.GrpcLogAppender (GrpcLogAppender.java:timeoutAppendRequest(200)) - 72845ddd-7944-416b-9dd2-35fcccd22f3d@group-0B3452D6D747->f1727f7a-dfce-47cb-9d44-d863f6c274c0-GrpcLogAppender: appendEntries Timeout, request=72845ddd-7944-416b-9dd2-35fcccd22f3d->f1727f7a-dfce-47cb-9d44-d863f6c274c0#26-t1, previous=(t:1, i:12), leaderCommit=6, initializing? false, entries: <empty>
2019-09-17 06:08:09,219 [java.util.concurrent.ThreadPoolExecutor$Worker@7e25380e[State = -1, empty queue]] WARN  server.GrpcLogAppender (GrpcLogAppender.java:timeoutAppendRequest(200)) - 72845ddd-7944-416b-9dd2-35fcccd22f3d@group-0B3452D6D747->76e9ed70-2a32-4a64-9388-b77e9aa6f857-GrpcLogAppender: appendEntries Timeout, request=72845ddd-7944-416b-9dd2-35fcccd22f3d->76e9ed70-2a32-4a64-9388-b77e9aa6f857#26-t1, previous=(t:1, i:12), leaderCommit=6, initializing? false, entries: <empty>
2019-09-17 06:08:10,106 [grpc-default-executor-1] INFO  impl.RaftServerProxy (RaftServerProxy.java:remove(95)) - 72845ddd-7944-416b-9dd2-35fcccd22f3d: remove group-E83674309DFA:null
2019-09-17 06:08:10,111 [RatisPipelineUtilsThread] WARN  pipeline.RatisPipelineUtils (RatisPipelineUtils.java:destroyPipeline(66)) - Pipeline destroy failed for pipeline=PipelineID=f19de06e-3053-4ec9-9fdd-e83674309dfa dn=72845ddd-7944-416b-9dd2-35fcccd22f3d{ip: 192.168.69.122, host: trunk-nightly-20190917-29l5j-2509219610, networkLocation: /default-rack, certSerialId: null}
2019-09-17 06:08:10,115 [grpc-default-executor-1] INFO  impl.RaftServerProxy (RaftServerProxy.java:remove(95)) - 76e9ed70-2a32-4a64-9388-b77e9aa6f857: remove group-E83674309DFA:null
2019-09-17 06:08:10,118 [RatisPipelineUtilsThread] WARN  pipeline.RatisPipelineUtils (RatisPipelineUtils.java:destroyPipeline(66)) - Pipeline destroy failed for pipeline=PipelineID=f19de06e-3053-4ec9-9fdd-e83674309dfa dn=76e9ed70-2a32-4a64-9388-b77e9aa6f857{ip: 192.168.69.122, host: trunk-nightly-20190917-29l5j-2509219610, networkLocation: /default-rack, certSerialId: null}
2019-09-17 06:08:10,122 [grpc-default-executor-1] INFO  impl.RaftServerProxy (RaftServerProxy.java:remove(95)) - f1727f7a-dfce-47cb-9d44-d863f6c274c0: remove group-E83674309DFA:null
2019-09-17 06:08:10,124 [RatisPipelineUtilsThread] WARN  pipeline.RatisPipelineUtils (RatisPipelineUtils.java:destroyPipeline(66)) - Pipeline destroy failed for pipeline=PipelineID=f19de06e-3053-4ec9-9fdd-e83674309dfa dn=f1727f7a-dfce-47cb-9d44-d863f6c274c0{ip: 192.168.69.122, host: trunk-nightly-20190917-29l5j-2509219610, networkLocation: /default-rack, certSerialId: null}
2019-09-17 06:08:10,125 [RatisPipelineUtilsThread] ERROR pipeline.SCMPipelineManager (Scheduler.java:lambda$schedule$1(70)) - Destroy pipeline failed for pipeline:Pipeline[ Id: f19de06e-3053-4ec9-9fdd-e83674309dfa, Nodes: 72845ddd-7944-416b-9dd2-35fcccd22f3d{ip: 192.168.69.122, host: trunk-nightly-20190917-29l5j-2509219610, networkLocation: /default-rack, certSerialId: null}76e9ed70-2a32-4a64-9388-b77e9aa6f857{ip: 192.168.69.122, host: trunk-nightly-20190917-29l5j-2509219610, networkLocation: /default-rack, certSerialId: null}f1727f7a-dfce-47cb-9d44-d863f6c274c0{ip: 192.168.69.122, host: trunk-nightly-20190917-29l5j-2509219610, networkLocation: /default-rack, certSerialId: null}, Type:RATIS, Factor:THREE, State:CLOSED]
org.apache.hadoop.hdds.scm.pipeline.PipelineNotFoundException: PipelineID=f19de06e-3053-4ec9-9fdd-e83674309dfa not found
	at org.apache.hadoop.hdds.scm.pipeline.PipelineStateMap.getPipeline(PipelineStateMap.java:132)
	at org.apache.hadoop.hdds.scm.pipeline.PipelineStateMap.removePipeline(PipelineStateMap.java:322)
	at org.apache.hadoop.hdds.scm.pipeline.PipelineStateManager.removePipeline(PipelineStateManager.java:107)
	at org.apache.hadoop.hdds.scm.pipeline.SCMPipelineManager.removePipeline(SCMPipelineManager.java:423)
	at org.apache.hadoop.hdds.scm.pipeline.SCMPipelineManager.destroyPipeline(SCMPipelineManager.java:409)
	at org.apache.hadoop.hdds.scm.pipeline.SCMPipelineManager.lambda$finalizeAndDestroyPipeline$0(SCMPipelineManager.java:318)
	at org.apache.hadoop.utils.Scheduler.lambda$schedule$1(Scheduler.java:68)
	at java.util.concurrent.Executors$RunnableAdapter.call(Executors.java:511)
	at java.util.concurrent.FutureTask.run(FutureTask.java:266)
	at java.util.concurrent.ScheduledThreadPoolExecutor$ScheduledFutureTask.access$201(ScheduledThreadPoolExecutor.java:180)
	at java.util.concurrent.ScheduledThreadPoolExecutor$ScheduledFutureTask.run(ScheduledThreadPoolExecutor.java:293)
	at java.util.concurrent.ThreadPoolExecutor.runWorker(ThreadPoolExecutor.java:1149)
	at java.util.concurrent.ThreadPoolExecutor$Worker.run(ThreadPoolExecutor.java:624)
	at java.lang.Thread.run(Thread.java:748)
2019-09-17 06:08:11,720 [java.util.concurrent.ThreadPoolExecutor$Worker@7e25380e[State = -1, empty queue]] WARN  server.GrpcLogAppender (GrpcLogAppender.java:timeoutAppendRequest(200)) - 72845ddd-7944-416b-9dd2-35fcccd22f3d@group-0B3452D6D747->76e9ed70-2a32-4a64-9388-b77e9aa6f857-GrpcLogAppender: appendEntries Timeout, request=72845ddd-7944-416b-9dd2-35fcccd22f3d->76e9ed70-2a32-4a64-9388-b77e9aa6f857#27-t1, previous=(t:1, i:12), leaderCommit=6, initializing? false, entries: <empty>
2019-09-17 06:08:11,720 [java.util.concurrent.ThreadPoolExecutor$Worker@550fe58d[State = -1, empty queue]] WARN  server.GrpcLogAppender (GrpcLogAppender.java:timeoutAppendRequest(200)) - 72845ddd-7944-416b-9dd2-35fcccd22f3d@group-0B3452D6D747->f1727f7a-dfce-47cb-9d44-d863f6c274c0-GrpcLogAppender: appendEntries Timeout, request=72845ddd-7944-416b-9dd2-35fcccd22f3d->f1727f7a-dfce-47cb-9d44-d863f6c274c0#27-t1, previous=(t:1, i:12), leaderCommit=6, initializing? false, entries: <empty>
2019-09-17 06:08:12,101 [grpc-default-executor-0] INFO  impl.RaftServerProxy (RaftServerProxy.java:remove(95)) - 72845ddd-7944-416b-9dd2-35fcccd22f3d: remove group-E83674309DFA:null
2019-09-17 06:08:12,105 [RatisPipelineUtilsThread] WARN  pipeline.RatisPipelineUtils (RatisPipelineUtils.java:destroyPipeline(66)) - Pipeline destroy failed for pipeline=PipelineID=f19de06e-3053-4ec9-9fdd-e83674309dfa dn=72845ddd-7944-416b-9dd2-35fcccd22f3d{ip: 192.168.69.122, host: trunk-nightly-20190917-29l5j-2509219610, networkLocation: /default-rack, certSerialId: null}
2019-09-17 06:08:12,109 [grpc-default-executor-0] INFO  impl.RaftServerProxy (RaftServerProxy.java:remove(95)) - 76e9ed70-2a32-4a64-9388-b77e9aa6f857: remove group-E83674309DFA:null
2019-09-17 06:08:12,111 [RatisPipelineUtilsThread] WARN  pipeline.RatisPipelineUtils (RatisPipelineUtils.java:destroyPipeline(66)) - Pipeline destroy failed for pipeline=PipelineID=f19de06e-3053-4ec9-9fdd-e83674309dfa dn=76e9ed70-2a32-4a64-9388-b77e9aa6f857{ip: 192.168.69.122, host: trunk-nightly-20190917-29l5j-2509219610, networkLocation: /default-rack, certSerialId: null}
2019-09-17 06:08:12,114 [grpc-default-executor-0] INFO  impl.RaftServerProxy (RaftServerProxy.java:remove(95)) - f1727f7a-dfce-47cb-9d44-d863f6c274c0: remove group-E83674309DFA:null
2019-09-17 06:08:12,117 [RatisPipelineUtilsThread] WARN  pipeline.RatisPipelineUtils (RatisPipelineUtils.java:destroyPipeline(66)) - Pipeline destroy failed for pipeline=PipelineID=f19de06e-3053-4ec9-9fdd-e83674309dfa dn=f1727f7a-dfce-47cb-9d44-d863f6c274c0{ip: 192.168.69.122, host: trunk-nightly-20190917-29l5j-2509219610, networkLocation: /default-rack, certSerialId: null}
2019-09-17 06:08:12,117 [RatisPipelineUtilsThread] ERROR pipeline.SCMPipelineManager (Scheduler.java:lambda$schedule$1(70)) - Destroy pipeline failed for pipeline:Pipeline[ Id: f19de06e-3053-4ec9-9fdd-e83674309dfa, Nodes: 72845ddd-7944-416b-9dd2-35fcccd22f3d{ip: 192.168.69.122, host: trunk-nightly-20190917-29l5j-2509219610, networkLocation: /default-rack, certSerialId: null}76e9ed70-2a32-4a64-9388-b77e9aa6f857{ip: 192.168.69.122, host: trunk-nightly-20190917-29l5j-2509219610, networkLocation: /default-rack, certSerialId: null}f1727f7a-dfce-47cb-9d44-d863f6c274c0{ip: 192.168.69.122, host: trunk-nightly-20190917-29l5j-2509219610, networkLocation: /default-rack, certSerialId: null}, Type:RATIS, Factor:THREE, State:CLOSED]
org.apache.hadoop.hdds.scm.pipeline.PipelineNotFoundException: PipelineID=f19de06e-3053-4ec9-9fdd-e83674309dfa not found
	at org.apache.hadoop.hdds.scm.pipeline.PipelineStateMap.getPipeline(PipelineStateMap.java:132)
	at org.apache.hadoop.hdds.scm.pipeline.PipelineStateMap.removePipeline(PipelineStateMap.java:322)
	at org.apache.hadoop.hdds.scm.pipeline.PipelineStateManager.removePipeline(PipelineStateManager.java:107)
	at org.apache.hadoop.hdds.scm.pipeline.SCMPipelineManager.removePipeline(SCMPipelineManager.java:423)
	at org.apache.hadoop.hdds.scm.pipeline.SCMPipelineManager.destroyPipeline(SCMPipelineManager.java:409)
	at org.apache.hadoop.hdds.scm.pipeline.SCMPipelineManager.lambda$finalizeAndDestroyPipeline$0(SCMPipelineManager.java:318)
	at org.apache.hadoop.utils.Scheduler.lambda$schedule$1(Scheduler.java:68)
	at java.util.concurrent.Executors$RunnableAdapter.call(Executors.java:511)
	at java.util.concurrent.FutureTask.run(FutureTask.java:266)
	at java.util.concurrent.ScheduledThreadPoolExecutor$ScheduledFutureTask.access$201(ScheduledThreadPoolExecutor.java:180)
	at java.util.concurrent.ScheduledThreadPoolExecutor$ScheduledFutureTask.run(ScheduledThreadPoolExecutor.java:293)
	at java.util.concurrent.ThreadPoolExecutor.runWorker(ThreadPoolExecutor.java:1149)
	at java.util.concurrent.ThreadPoolExecutor$Worker.run(ThreadPoolExecutor.java:624)
	at java.lang.Thread.run(Thread.java:748)
2019-09-17 06:08:13,712 [76e9ed70-2a32-4a64-9388-b77e9aa6f857@group-0B3452D6D747-SegmentedRaftLogWorker] WARN  segmented.SegmentedRaftLogWorker (SegmentedRaftLogWorker.java:getFromFuture(90)) - Timeout 3/~
org.apache.ratis.protocol.TimeoutIOException: Timeout 10s: WriteLog:7: (t:1, i:7), STATEMACHINELOGENTRY, client-9AF48D7A035B, cid=50-writeStateMachineData
	at org.apache.ratis.util.IOUtils.getFromFuture(IOUtils.java:87)
	at org.apache.ratis.server.raftlog.segmented.SegmentedRaftLogWorker$StateMachineDataPolicy.getFromFuture(SegmentedRaftLogWorker.java:87)
	at org.apache.ratis.server.raftlog.segmented.SegmentedRaftLogWorker$WriteLog.execute(SegmentedRaftLogWorker.java:477)
	at org.apache.ratis.server.raftlog.segmented.SegmentedRaftLogWorker.run(SegmentedRaftLogWorker.java:289)
	at java.lang.Thread.run(Thread.java:748)
Caused by: java.util.concurrent.TimeoutException
	at java.util.concurrent.CompletableFuture.timedGet(CompletableFuture.java:1771)
	at java.util.concurrent.CompletableFuture.get(CompletableFuture.java:1915)
	at org.apache.ratis.util.IOUtils.getFromFuture(IOUtils.java:79)
	... 4 more
2019-09-17 06:08:13,712 [f1727f7a-dfce-47cb-9d44-d863f6c274c0@group-0B3452D6D747-SegmentedRaftLogWorker] WARN  segmented.SegmentedRaftLogWorker (SegmentedRaftLogWorker.java:getFromFuture(90)) - Timeout 3/~
org.apache.ratis.protocol.TimeoutIOException: Timeout 10s: WriteLog:7: (t:1, i:7), STATEMACHINELOGENTRY, client-9AF48D7A035B, cid=50-writeStateMachineData
	at org.apache.ratis.util.IOUtils.getFromFuture(IOUtils.java:87)
	at org.apache.ratis.server.raftlog.segmented.SegmentedRaftLogWorker$StateMachineDataPolicy.getFromFuture(SegmentedRaftLogWorker.java:87)
	at org.apache.ratis.server.raftlog.segmented.SegmentedRaftLogWorker$WriteLog.execute(SegmentedRaftLogWorker.java:477)
	at org.apache.ratis.server.raftlog.segmented.SegmentedRaftLogWorker.run(SegmentedRaftLogWorker.java:289)
	at java.lang.Thread.run(Thread.java:748)
Caused by: java.util.concurrent.TimeoutException
	at java.util.concurrent.CompletableFuture.timedGet(CompletableFuture.java:1771)
	at java.util.concurrent.CompletableFuture.get(CompletableFuture.java:1915)
	at org.apache.ratis.util.IOUtils.getFromFuture(IOUtils.java:79)
	... 4 more
2019-09-17 06:08:13,841 [72845ddd-7944-416b-9dd2-35fcccd22f3d@group-0B3452D6D747-SegmentedRaftLogWorker] WARN  segmented.SegmentedRaftLogWorker (SegmentedRaftLogWorker.java:getFromFuture(90)) - Timeout 3/~
org.apache.ratis.protocol.TimeoutIOException: Timeout 10s: WriteLog:8: (t:1, i:8), STATEMACHINELOGENTRY, client-9AF48D7A035B, cid=51-writeStateMachineData
	at org.apache.ratis.util.IOUtils.getFromFuture(IOUtils.java:87)
	at org.apache.ratis.server.raftlog.segmented.SegmentedRaftLogWorker$StateMachineDataPolicy.getFromFuture(SegmentedRaftLogWorker.java:87)
	at org.apache.ratis.server.raftlog.segmented.SegmentedRaftLogWorker$WriteLog.execute(SegmentedRaftLogWorker.java:477)
	at org.apache.ratis.server.raftlog.segmented.SegmentedRaftLogWorker.run(SegmentedRaftLogWorker.java:289)
	at java.lang.Thread.run(Thread.java:748)
Caused by: java.util.concurrent.TimeoutException
	at java.util.concurrent.CompletableFuture.timedGet(CompletableFuture.java:1771)
	at java.util.concurrent.CompletableFuture.get(CompletableFuture.java:1915)
	at org.apache.ratis.util.IOUtils.getFromFuture(IOUtils.java:79)
	... 4 more
2019-09-17 06:08:14,097 [grpc-default-executor-0] INFO  client.GrpcClientProtocolClient (GrpcClientProtocolClient.java:onNext(264)) - client-9AF48D7A035B->f1727f7a-dfce-47cb-9d44-d863f6c274c0: receive RaftClientReply:client-9AF48D7A035B->f1727f7a-dfce-47cb-9d44-d863f6c274c0@group-0B3452D6D747, cid=50, FAILED org.apache.ratis.protocol.NotLeaderException: Server f1727f7a-dfce-47cb-9d44-d863f6c274c0@group-0B3452D6D747 is not the leader 72845ddd-7944-416b-9dd2-35fcccd22f3d:192.168.69.122:41609, logIndex=0, commits[f1727f7a-dfce-47cb-9d44-d863f6c274c0:c6, 76e9ed70-2a32-4a64-9388-b77e9aa6f857:c4, 72845ddd-7944-416b-9dd2-35fcccd22f3d:c6]
2019-09-17 06:08:14,220 [java.util.concurrent.ThreadPoolExecutor$Worker@550fe58d[State = -1, empty queue]] WARN  server.GrpcLogAppender (GrpcLogAppender.java:timeoutAppendRequest(200)) - 72845ddd-7944-416b-9dd2-35fcccd22f3d@group-0B3452D6D747->f1727f7a-dfce-47cb-9d44-d863f6c274c0-GrpcLogAppender: appendEntries Timeout, request=72845ddd-7944-416b-9dd2-35fcccd22f3d->f1727f7a-dfce-47cb-9d44-d863f6c274c0#28-t1, previous=(t:1, i:12), leaderCommit=6, initializing? false, entries: <empty>
2019-09-17 06:08:14,220 [java.util.concurrent.ThreadPoolExecutor$Worker@7e25380e[State = -1, empty queue]] WARN  server.GrpcLogAppender (GrpcLogAppender.java:timeoutAppendRequest(200)) - 72845ddd-7944-416b-9dd2-35fcccd22f3d@group-0B3452D6D747->76e9ed70-2a32-4a64-9388-b77e9aa6f857-GrpcLogAppender: appendEntries Timeout, request=72845ddd-7944-416b-9dd2-35fcccd22f3d->76e9ed70-2a32-4a64-9388-b77e9aa6f857#28-t1, previous=(t:1, i:12), leaderCommit=6, initializing? false, entries: <empty>
2019-09-17 06:08:15,104 [grpc-default-executor-0] INFO  impl.RaftServerProxy (RaftServerProxy.java:remove(95)) - 72845ddd-7944-416b-9dd2-35fcccd22f3d: remove group-E83674309DFA:null
2019-09-17 06:08:15,109 [RatisPipelineUtilsThread] WARN  pipeline.RatisPipelineUtils (RatisPipelineUtils.java:destroyPipeline(66)) - Pipeline destroy failed for pipeline=PipelineID=f19de06e-3053-4ec9-9fdd-e83674309dfa dn=72845ddd-7944-416b-9dd2-35fcccd22f3d{ip: 192.168.69.122, host: trunk-nightly-20190917-29l5j-2509219610, networkLocation: /default-rack, certSerialId: null}
2019-09-17 06:08:15,116 [grpc-default-executor-0] INFO  impl.RaftServerProxy (RaftServerProxy.java:remove(95)) - 76e9ed70-2a32-4a64-9388-b77e9aa6f857: remove group-E83674309DFA:null
2019-09-17 06:08:15,119 [RatisPipelineUtilsThread] WARN  pipeline.RatisPipelineUtils (RatisPipelineUtils.java:destroyPipeline(66)) - Pipeline destroy failed for pipeline=PipelineID=f19de06e-3053-4ec9-9fdd-e83674309dfa dn=76e9ed70-2a32-4a64-9388-b77e9aa6f857{ip: 192.168.69.122, host: trunk-nightly-20190917-29l5j-2509219610, networkLocation: /default-rack, certSerialId: null}
2019-09-17 06:08:15,122 [grpc-default-executor-0] INFO  impl.RaftServerProxy (RaftServerProxy.java:remove(95)) - f1727f7a-dfce-47cb-9d44-d863f6c274c0: remove group-E83674309DFA:null
2019-09-17 06:08:15,125 [RatisPipelineUtilsThread] WARN  pipeline.RatisPipelineUtils (RatisPipelineUtils.java:destroyPipeline(66)) - Pipeline destroy failed for pipeline=PipelineID=f19de06e-3053-4ec9-9fdd-e83674309dfa dn=f1727f7a-dfce-47cb-9d44-d863f6c274c0{ip: 192.168.69.122, host: trunk-nightly-20190917-29l5j-2509219610, networkLocation: /default-rack, certSerialId: null}
2019-09-17 06:08:15,126 [RatisPipelineUtilsThread] ERROR pipeline.SCMPipelineManager (Scheduler.java:lambda$schedule$1(70)) - Destroy pipeline failed for pipeline:Pipeline[ Id: f19de06e-3053-4ec9-9fdd-e83674309dfa, Nodes: 72845ddd-7944-416b-9dd2-35fcccd22f3d{ip: 192.168.69.122, host: trunk-nightly-20190917-29l5j-2509219610, networkLocation: /default-rack, certSerialId: null}76e9ed70-2a32-4a64-9388-b77e9aa6f857{ip: 192.168.69.122, host: trunk-nightly-20190917-29l5j-2509219610, networkLocation: /default-rack, certSerialId: null}f1727f7a-dfce-47cb-9d44-d863f6c274c0{ip: 192.168.69.122, host: trunk-nightly-20190917-29l5j-2509219610, networkLocation: /default-rack, certSerialId: null}, Type:RATIS, Factor:THREE, State:CLOSED]
org.apache.hadoop.hdds.scm.pipeline.PipelineNotFoundException: PipelineID=f19de06e-3053-4ec9-9fdd-e83674309dfa not found
	at org.apache.hadoop.hdds.scm.pipeline.PipelineStateMap.getPipeline(PipelineStateMap.java:132)
	at org.apache.hadoop.hdds.scm.pipeline.PipelineStateMap.removePipeline(PipelineStateMap.java:322)
	at org.apache.hadoop.hdds.scm.pipeline.PipelineStateManager.removePipeline(PipelineStateManager.java:107)
	at org.apache.hadoop.hdds.scm.pipeline.SCMPipelineManager.removePipeline(SCMPipelineManager.java:423)
	at org.apache.hadoop.hdds.scm.pipeline.SCMPipelineManager.destroyPipeline(SCMPipelineManager.java:409)
	at org.apache.hadoop.hdds.scm.pipeline.SCMPipelineManager.lambda$finalizeAndDestroyPipeline$0(SCMPipelineManager.java:318)
	at org.apache.hadoop.utils.Scheduler.lambda$schedule$1(Scheduler.java:68)
	at java.util.concurrent.Executors$RunnableAdapter.call(Executors.java:511)
	at java.util.concurrent.FutureTask.run(FutureTask.java:266)
	at java.util.concurrent.ScheduledThreadPoolExecutor$ScheduledFutureTask.access$201(ScheduledThreadPoolExecutor.java:180)
	at java.util.concurrent.ScheduledThreadPoolExecutor$ScheduledFutureTask.run(ScheduledThreadPoolExecutor.java:293)
	at java.util.concurrent.ThreadPoolExecutor.runWorker(ThreadPoolExecutor.java:1149)
	at java.util.concurrent.ThreadPoolExecutor$Worker.run(ThreadPoolExecutor.java:624)
	at java.lang.Thread.run(Thread.java:748)
2019-09-17 06:08:16,721 [java.util.concurrent.ThreadPoolExecutor$Worker@550fe58d[State = -1, empty queue]] WARN  server.GrpcLogAppender (GrpcLogAppender.java:timeoutAppendRequest(200)) - 72845ddd-7944-416b-9dd2-35fcccd22f3d@group-0B3452D6D747->f1727f7a-dfce-47cb-9d44-d863f6c274c0-GrpcLogAppender: appendEntries Timeout, request=72845ddd-7944-416b-9dd2-35fcccd22f3d->f1727f7a-dfce-47cb-9d44-d863f6c274c0#29-t1, previous=(t:1, i:12), leaderCommit=6, initializing? false, entries: <empty>
2019-09-17 06:08:16,721 [java.util.concurrent.ThreadPoolExecutor$Worker@7e25380e[State = -1, empty queue]] WARN  server.GrpcLogAppender (GrpcLogAppender.java:timeoutAppendRequest(200)) - 72845ddd-7944-416b-9dd2-35fcccd22f3d@group-0B3452D6D747->76e9ed70-2a32-4a64-9388-b77e9aa6f857-GrpcLogAppender: appendEntries Timeout, request=72845ddd-7944-416b-9dd2-35fcccd22f3d->76e9ed70-2a32-4a64-9388-b77e9aa6f857#29-t1, previous=(t:1, i:12), leaderCommit=6, initializing? false, entries: <empty>
2019-09-17 06:08:17,108 [grpc-default-executor-0] INFO  impl.RaftServerProxy (RaftServerProxy.java:remove(95)) - 72845ddd-7944-416b-9dd2-35fcccd22f3d: remove group-E83674309DFA:null
2019-09-17 06:08:17,121 [RatisPipelineUtilsThread] WARN  pipeline.RatisPipelineUtils (RatisPipelineUtils.java:destroyPipeline(66)) - Pipeline destroy failed for pipeline=PipelineID=f19de06e-3053-4ec9-9fdd-e83674309dfa dn=72845ddd-7944-416b-9dd2-35fcccd22f3d{ip: 192.168.69.122, host: trunk-nightly-20190917-29l5j-2509219610, networkLocation: /default-rack, certSerialId: null}
2019-09-17 06:08:17,125 [grpc-default-executor-0] INFO  impl.RaftServerProxy (RaftServerProxy.java:remove(95)) - 76e9ed70-2a32-4a64-9388-b77e9aa6f857: remove group-E83674309DFA:null
2019-09-17 06:08:17,127 [RatisPipelineUtilsThread] WARN  pipeline.RatisPipelineUtils (RatisPipelineUtils.java:destroyPipeline(66)) - Pipeline destroy failed for pipeline=PipelineID=f19de06e-3053-4ec9-9fdd-e83674309dfa dn=76e9ed70-2a32-4a64-9388-b77e9aa6f857{ip: 192.168.69.122, host: trunk-nightly-20190917-29l5j-2509219610, networkLocation: /default-rack, certSerialId: null}
2019-09-17 06:08:17,131 [grpc-default-executor-0] INFO  impl.RaftServerProxy (RaftServerProxy.java:remove(95)) - f1727f7a-dfce-47cb-9d44-d863f6c274c0: remove group-E83674309DFA:null
2019-09-17 06:08:17,133 [RatisPipelineUtilsThread] WARN  pipeline.RatisPipelineUtils (RatisPipelineUtils.java:destroyPipeline(66)) - Pipeline destroy failed for pipeline=PipelineID=f19de06e-3053-4ec9-9fdd-e83674309dfa dn=f1727f7a-dfce-47cb-9d44-d863f6c274c0{ip: 192.168.69.122, host: trunk-nightly-20190917-29l5j-2509219610, networkLocation: /default-rack, certSerialId: null}
2019-09-17 06:08:17,134 [RatisPipelineUtilsThread] ERROR pipeline.SCMPipelineManager (Scheduler.java:lambda$schedule$1(70)) - Destroy pipeline failed for pipeline:Pipeline[ Id: f19de06e-3053-4ec9-9fdd-e83674309dfa, Nodes: 72845ddd-7944-416b-9dd2-35fcccd22f3d{ip: 192.168.69.122, host: trunk-nightly-20190917-29l5j-2509219610, networkLocation: /default-rack, certSerialId: null}76e9ed70-2a32-4a64-9388-b77e9aa6f857{ip: 192.168.69.122, host: trunk-nightly-20190917-29l5j-2509219610, networkLocation: /default-rack, certSerialId: null}f1727f7a-dfce-47cb-9d44-d863f6c274c0{ip: 192.168.69.122, host: trunk-nightly-20190917-29l5j-2509219610, networkLocation: /default-rack, certSerialId: null}, Type:RATIS, Factor:THREE, State:CLOSED]
org.apache.hadoop.hdds.scm.pipeline.PipelineNotFoundException: PipelineID=f19de06e-3053-4ec9-9fdd-e83674309dfa not found
	at org.apache.hadoop.hdds.scm.pipeline.PipelineStateMap.getPipeline(PipelineStateMap.java:132)
	at org.apache.hadoop.hdds.scm.pipeline.PipelineStateMap.removePipeline(PipelineStateMap.java:322)
	at org.apache.hadoop.hdds.scm.pipeline.PipelineStateManager.removePipeline(PipelineStateManager.java:107)
	at org.apache.hadoop.hdds.scm.pipeline.SCMPipelineManager.removePipeline(SCMPipelineManager.java:423)
	at org.apache.hadoop.hdds.scm.pipeline.SCMPipelineManager.destroyPipeline(SCMPipelineManager.java:409)
	at org.apache.hadoop.hdds.scm.pipeline.SCMPipelineManager.lambda$finalizeAndDestroyPipeline$0(SCMPipelineManager.java:318)
	at org.apache.hadoop.utils.Scheduler.lambda$schedule$1(Scheduler.java:68)
	at java.util.concurrent.Executors$RunnableAdapter.call(Executors.java:511)
	at java.util.concurrent.FutureTask.run(FutureTask.java:266)
	at java.util.concurrent.ScheduledThreadPoolExecutor$ScheduledFutureTask.access$201(ScheduledThreadPoolExecutor.java:180)
	at java.util.concurrent.ScheduledThreadPoolExecutor$ScheduledFutureTask.run(ScheduledThreadPoolExecutor.java:293)
	at java.util.concurrent.ThreadPoolExecutor.runWorker(ThreadPoolExecutor.java:1149)
	at java.util.concurrent.ThreadPoolExecutor$Worker.run(ThreadPoolExecutor.java:624)
	at java.lang.Thread.run(Thread.java:748)
2019-09-17 06:08:19,142 [grpc-default-executor-1] INFO  client.GrpcClientProtocolClient (GrpcClientProtocolClient.java:onNext(264)) - client-9AF48D7A035B->76e9ed70-2a32-4a64-9388-b77e9aa6f857: receive RaftClientReply:client-9AF48D7A035B->76e9ed70-2a32-4a64-9388-b77e9aa6f857@group-0B3452D6D747, cid=50, FAILED org.apache.ratis.protocol.NotLeaderException: Server 76e9ed70-2a32-4a64-9388-b77e9aa6f857@group-0B3452D6D747 is not the leader 72845ddd-7944-416b-9dd2-35fcccd22f3d:192.168.69.122:41609, logIndex=0, commits[76e9ed70-2a32-4a64-9388-b77e9aa6f857:c6, f1727f7a-dfce-47cb-9d44-d863f6c274c0:c4, 72845ddd-7944-416b-9dd2-35fcccd22f3d:c6]
2019-09-17 06:08:19,221 [java.util.concurrent.ThreadPoolExecutor$Worker@550fe58d[State = -1, empty queue]] WARN  server.GrpcLogAppender (GrpcLogAppender.java:timeoutAppendRequest(200)) - 72845ddd-7944-416b-9dd2-35fcccd22f3d@group-0B3452D6D747->f1727f7a-dfce-47cb-9d44-d863f6c274c0-GrpcLogAppender: appendEntries Timeout, request=72845ddd-7944-416b-9dd2-35fcccd22f3d->f1727f7a-dfce-47cb-9d44-d863f6c274c0#30-t1, previous=(t:1, i:12), leaderCommit=6, initializing? false, entries: <empty>
2019-09-17 06:08:19,221 [java.util.concurrent.ThreadPoolExecutor$Worker@7e25380e[State = -1, empty queue]] WARN  server.GrpcLogAppender (GrpcLogAppender.java:timeoutAppendRequest(200)) - 72845ddd-7944-416b-9dd2-35fcccd22f3d@group-0B3452D6D747->76e9ed70-2a32-4a64-9388-b77e9aa6f857-GrpcLogAppender: appendEntries Timeout, request=72845ddd-7944-416b-9dd2-35fcccd22f3d->76e9ed70-2a32-4a64-9388-b77e9aa6f857#30-t1, previous=(t:1, i:12), leaderCommit=6, initializing? false, entries: <empty>
2019-09-17 06:08:20,104 [grpc-default-executor-4] INFO  impl.RaftServerProxy (RaftServerProxy.java:remove(95)) - 72845ddd-7944-416b-9dd2-35fcccd22f3d: remove group-E83674309DFA:null
2019-09-17 06:08:20,109 [RatisPipelineUtilsThread] WARN  pipeline.RatisPipelineUtils (RatisPipelineUtils.java:destroyPipeline(66)) - Pipeline destroy failed for pipeline=PipelineID=f19de06e-3053-4ec9-9fdd-e83674309dfa dn=72845ddd-7944-416b-9dd2-35fcccd22f3d{ip: 192.168.69.122, host: trunk-nightly-20190917-29l5j-2509219610, networkLocation: /default-rack, certSerialId: null}
2019-09-17 06:08:20,113 [grpc-default-executor-4] INFO  impl.RaftServerProxy (RaftServerProxy.java:remove(95)) - 76e9ed70-2a32-4a64-9388-b77e9aa6f857: remove group-E83674309DFA:null
2019-09-17 06:08:20,116 [RatisPipelineUtilsThread] WARN  pipeline.RatisPipelineUtils (RatisPipelineUtils.java:destroyPipeline(66)) - Pipeline destroy failed for pipeline=PipelineID=f19de06e-3053-4ec9-9fdd-e83674309dfa dn=76e9ed70-2a32-4a64-9388-b77e9aa6f857{ip: 192.168.69.122, host: trunk-nightly-20190917-29l5j-2509219610, networkLocation: /default-rack, certSerialId: null}
2019-09-17 06:08:20,119 [grpc-default-executor-4] INFO  impl.RaftServerProxy (RaftServerProxy.java:remove(95)) - f1727f7a-dfce-47cb-9d44-d863f6c274c0: remove group-E83674309DFA:null
2019-09-17 06:08:20,122 [RatisPipelineUtilsThread] WARN  pipeline.RatisPipelineUtils (RatisPipelineUtils.java:destroyPipeline(66)) - Pipeline destroy failed for pipeline=PipelineID=f19de06e-3053-4ec9-9fdd-e83674309dfa dn=f1727f7a-dfce-47cb-9d44-d863f6c274c0{ip: 192.168.69.122, host: trunk-nightly-20190917-29l5j-2509219610, networkLocation: /default-rack, certSerialId: null}
2019-09-17 06:08:20,123 [RatisPipelineUtilsThread] ERROR pipeline.SCMPipelineManager (Scheduler.java:lambda$schedule$1(70)) - Destroy pipeline failed for pipeline:Pipeline[ Id: f19de06e-3053-4ec9-9fdd-e83674309dfa, Nodes: 72845ddd-7944-416b-9dd2-35fcccd22f3d{ip: 192.168.69.122, host: trunk-nightly-20190917-29l5j-2509219610, networkLocation: /default-rack, certSerialId: null}76e9ed70-2a32-4a64-9388-b77e9aa6f857{ip: 192.168.69.122, host: trunk-nightly-20190917-29l5j-2509219610, networkLocation: /default-rack, certSerialId: null}f1727f7a-dfce-47cb-9d44-d863f6c274c0{ip: 192.168.69.122, host: trunk-nightly-20190917-29l5j-2509219610, networkLocation: /default-rack, certSerialId: null}, Type:RATIS, Factor:THREE, State:CLOSED]
org.apache.hadoop.hdds.scm.pipeline.PipelineNotFoundException: PipelineID=f19de06e-3053-4ec9-9fdd-e83674309dfa not found
	at org.apache.hadoop.hdds.scm.pipeline.PipelineStateMap.getPipeline(PipelineStateMap.java:132)
	at org.apache.hadoop.hdds.scm.pipeline.PipelineStateMap.removePipeline(PipelineStateMap.java:322)
	at org.apache.hadoop.hdds.scm.pipeline.PipelineStateManager.removePipeline(PipelineStateManager.java:107)
	at org.apache.hadoop.hdds.scm.pipeline.SCMPipelineManager.removePipeline(SCMPipelineManager.java:423)
	at org.apache.hadoop.hdds.scm.pipeline.SCMPipelineManager.destroyPipeline(SCMPipelineManager.java:409)
	at org.apache.hadoop.hdds.scm.pipeline.SCMPipelineManager.lambda$finalizeAndDestroyPipeline$0(SCMPipelineManager.java:318)
	at org.apache.hadoop.utils.Scheduler.lambda$schedule$1(Scheduler.java:68)
	at java.util.concurrent.Executors$RunnableAdapter.call(Executors.java:511)
	at java.util.concurrent.FutureTask.run(FutureTask.java:266)
	at java.util.concurrent.ScheduledThreadPoolExecutor$ScheduledFutureTask.access$201(ScheduledThreadPoolExecutor.java:180)
	at java.util.concurrent.ScheduledThreadPoolExecutor$ScheduledFutureTask.run(ScheduledThreadPoolExecutor.java:293)
	at java.util.concurrent.ThreadPoolExecutor.runWorker(ThreadPoolExecutor.java:1149)
	at java.util.concurrent.ThreadPoolExecutor$Worker.run(ThreadPoolExecutor.java:624)
	at java.lang.Thread.run(Thread.java:748)
2019-09-17 06:08:21,722 [java.util.concurrent.ThreadPoolExecutor$Worker@550fe58d[State = -1, empty queue]] WARN  server.GrpcLogAppender (GrpcLogAppender.java:timeoutAppendRequest(200)) - 72845ddd-7944-416b-9dd2-35fcccd22f3d@group-0B3452D6D747->f1727f7a-dfce-47cb-9d44-d863f6c274c0-GrpcLogAppender: appendEntries Timeout, request=72845ddd-7944-416b-9dd2-35fcccd22f3d->f1727f7a-dfce-47cb-9d44-d863f6c274c0#31-t1, previous=(t:1, i:12), leaderCommit=6, initializing? false, entries: <empty>
2019-09-17 06:08:21,722 [java.util.concurrent.ThreadPoolExecutor$Worker@7e25380e[State = -1, empty queue]] WARN  server.GrpcLogAppender (GrpcLogAppender.java:timeoutAppendRequest(200)) - 72845ddd-7944-416b-9dd2-35fcccd22f3d@group-0B3452D6D747->76e9ed70-2a32-4a64-9388-b77e9aa6f857-GrpcLogAppender: appendEntries Timeout, request=72845ddd-7944-416b-9dd2-35fcccd22f3d->76e9ed70-2a32-4a64-9388-b77e9aa6f857#31-t1, previous=(t:1, i:12), leaderCommit=6, initializing? false, entries: <empty>
2019-09-17 06:08:22,100 [grpc-default-executor-4] INFO  impl.RaftServerProxy (RaftServerProxy.java:remove(95)) - 72845ddd-7944-416b-9dd2-35fcccd22f3d: remove group-E83674309DFA:null
2019-09-17 06:08:22,103 [RatisPipelineUtilsThread] WARN  pipeline.RatisPipelineUtils (RatisPipelineUtils.java:destroyPipeline(66)) - Pipeline destroy failed for pipeline=PipelineID=f19de06e-3053-4ec9-9fdd-e83674309dfa dn=72845ddd-7944-416b-9dd2-35fcccd22f3d{ip: 192.168.69.122, host: trunk-nightly-20190917-29l5j-2509219610, networkLocation: /default-rack, certSerialId: null}
2019-09-17 06:08:22,106 [grpc-default-executor-4] INFO  impl.RaftServerProxy (RaftServerProxy.java:remove(95)) - 76e9ed70-2a32-4a64-9388-b77e9aa6f857: remove group-E83674309DFA:null
2019-09-17 06:08:22,109 [RatisPipelineUtilsThread] WARN  pipeline.RatisPipelineUtils (RatisPipelineUtils.java:destroyPipeline(66)) - Pipeline destroy failed for pipeline=PipelineID=f19de06e-3053-4ec9-9fdd-e83674309dfa dn=76e9ed70-2a32-4a64-9388-b77e9aa6f857{ip: 192.168.69.122, host: trunk-nightly-20190917-29l5j-2509219610, networkLocation: /default-rack, certSerialId: null}
2019-09-17 06:08:22,112 [grpc-default-executor-4] INFO  impl.RaftServerProxy (RaftServerProxy.java:remove(95)) - f1727f7a-dfce-47cb-9d44-d863f6c274c0: remove group-E83674309DFA:null
2019-09-17 06:08:22,114 [RatisPipelineUtilsThread] WARN  pipeline.RatisPipelineUtils (RatisPipelineUtils.java:destroyPipeline(66)) - Pipeline destroy failed for pipeline=PipelineID=f19de06e-3053-4ec9-9fdd-e83674309dfa dn=f1727f7a-dfce-47cb-9d44-d863f6c274c0{ip: 192.168.69.122, host: trunk-nightly-20190917-29l5j-2509219610, networkLocation: /default-rack, certSerialId: null}
2019-09-17 06:08:22,115 [RatisPipelineUtilsThread] ERROR pipeline.SCMPipelineManager (Scheduler.java:lambda$schedule$1(70)) - Destroy pipeline failed for pipeline:Pipeline[ Id: f19de06e-3053-4ec9-9fdd-e83674309dfa, Nodes: 72845ddd-7944-416b-9dd2-35fcccd22f3d{ip: 192.168.69.122, host: trunk-nightly-20190917-29l5j-2509219610, networkLocation: /default-rack, certSerialId: null}76e9ed70-2a32-4a64-9388-b77e9aa6f857{ip: 192.168.69.122, host: trunk-nightly-20190917-29l5j-2509219610, networkLocation: /default-rack, certSerialId: null}f1727f7a-dfce-47cb-9d44-d863f6c274c0{ip: 192.168.69.122, host: trunk-nightly-20190917-29l5j-2509219610, networkLocation: /default-rack, certSerialId: null}, Type:RATIS, Factor:THREE, State:CLOSED]
org.apache.hadoop.hdds.scm.pipeline.PipelineNotFoundException: PipelineID=f19de06e-3053-4ec9-9fdd-e83674309dfa not found
	at org.apache.hadoop.hdds.scm.pipeline.PipelineStateMap.getPipeline(PipelineStateMap.java:132)
	at org.apache.hadoop.hdds.scm.pipeline.PipelineStateMap.removePipeline(PipelineStateMap.java:322)
	at org.apache.hadoop.hdds.scm.pipeline.PipelineStateManager.removePipeline(PipelineStateManager.java:107)
	at org.apache.hadoop.hdds.scm.pipeline.SCMPipelineManager.removePipeline(SCMPipelineManager.java:423)
	at org.apache.hadoop.hdds.scm.pipeline.SCMPipelineManager.destroyPipeline(SCMPipelineManager.java:409)
	at org.apache.hadoop.hdds.scm.pipeline.SCMPipelineManager.lambda$finalizeAndDestroyPipeline$0(SCMPipelineManager.java:318)
	at org.apache.hadoop.utils.Scheduler.lambda$schedule$1(Scheduler.java:68)
	at java.util.concurrent.Executors$RunnableAdapter.call(Executors.java:511)
	at java.util.concurrent.FutureTask.run(FutureTask.java:266)
	at java.util.concurrent.ScheduledThreadPoolExecutor$ScheduledFutureTask.access$201(ScheduledThreadPoolExecutor.java:180)
	at java.util.concurrent.ScheduledThreadPoolExecutor$ScheduledFutureTask.run(ScheduledThreadPoolExecutor.java:293)
	at java.util.concurrent.ThreadPoolExecutor.runWorker(ThreadPoolExecutor.java:1149)
	at java.util.concurrent.ThreadPoolExecutor$Worker.run(ThreadPoolExecutor.java:624)
	at java.lang.Thread.run(Thread.java:748)
2019-09-17 06:08:23,714 [76e9ed70-2a32-4a64-9388-b77e9aa6f857@group-0B3452D6D747-SegmentedRaftLogWorker] WARN  segmented.SegmentedRaftLogWorker (SegmentedRaftLogWorker.java:getFromFuture(90)) - Timeout 4/~
org.apache.ratis.protocol.TimeoutIOException: Timeout 10s: WriteLog:7: (t:1, i:7), STATEMACHINELOGENTRY, client-9AF48D7A035B, cid=50-writeStateMachineData
	at org.apache.ratis.util.IOUtils.getFromFuture(IOUtils.java:87)
	at org.apache.ratis.server.raftlog.segmented.SegmentedRaftLogWorker$StateMachineDataPolicy.getFromFuture(SegmentedRaftLogWorker.java:87)
	at org.apache.ratis.server.raftlog.segmented.SegmentedRaftLogWorker$WriteLog.execute(SegmentedRaftLogWorker.java:477)
	at org.apache.ratis.server.raftlog.segmented.SegmentedRaftLogWorker.run(SegmentedRaftLogWorker.java:289)
	at java.lang.Thread.run(Thread.java:748)
Caused by: java.util.concurrent.TimeoutException
	at java.util.concurrent.CompletableFuture.timedGet(CompletableFuture.java:1771)
	at java.util.concurrent.CompletableFuture.get(CompletableFuture.java:1915)
	at org.apache.ratis.util.IOUtils.getFromFuture(IOUtils.java:79)
	... 4 more
2019-09-17 06:08:23,714 [f1727f7a-dfce-47cb-9d44-d863f6c274c0@group-0B3452D6D747-SegmentedRaftLogWorker] WARN  segmented.SegmentedRaftLogWorker (SegmentedRaftLogWorker.java:getFromFuture(90)) - Timeout 4/~
org.apache.ratis.protocol.TimeoutIOException: Timeout 10s: WriteLog:7: (t:1, i:7), STATEMACHINELOGENTRY, client-9AF48D7A035B, cid=50-writeStateMachineData
	at org.apache.ratis.util.IOUtils.getFromFuture(IOUtils.java:87)
	at org.apache.ratis.server.raftlog.segmented.SegmentedRaftLogWorker$StateMachineDataPolicy.getFromFuture(SegmentedRaftLogWorker.java:87)
	at org.apache.ratis.server.raftlog.segmented.SegmentedRaftLogWorker$WriteLog.execute(SegmentedRaftLogWorker.java:477)
	at org.apache.ratis.server.raftlog.segmented.SegmentedRaftLogWorker.run(SegmentedRaftLogWorker.java:289)
	at java.lang.Thread.run(Thread.java:748)
Caused by: java.util.concurrent.TimeoutException
	at java.util.concurrent.CompletableFuture.timedGet(CompletableFuture.java:1771)
	at java.util.concurrent.CompletableFuture.get(CompletableFuture.java:1915)
	at org.apache.ratis.util.IOUtils.getFromFuture(IOUtils.java:79)
	... 4 more
2019-09-17 06:08:23,842 [72845ddd-7944-416b-9dd2-35fcccd22f3d@group-0B3452D6D747-SegmentedRaftLogWorker] WARN  segmented.SegmentedRaftLogWorker (SegmentedRaftLogWorker.java:getFromFuture(90)) - Timeout 4/~
org.apache.ratis.protocol.TimeoutIOException: Timeout 10s: WriteLog:8: (t:1, i:8), STATEMACHINELOGENTRY, client-9AF48D7A035B, cid=51-writeStateMachineData
	at org.apache.ratis.util.IOUtils.getFromFuture(IOUtils.java:87)
	at org.apache.ratis.server.raftlog.segmented.SegmentedRaftLogWorker$StateMachineDataPolicy.getFromFuture(SegmentedRaftLogWorker.java:87)
	at org.apache.ratis.server.raftlog.segmented.SegmentedRaftLogWorker$WriteLog.execute(SegmentedRaftLogWorker.java:477)
	at org.apache.ratis.server.raftlog.segmented.SegmentedRaftLogWorker.run(SegmentedRaftLogWorker.java:289)
	at java.lang.Thread.run(Thread.java:748)
Caused by: java.util.concurrent.TimeoutException
	at java.util.concurrent.CompletableFuture.timedGet(CompletableFuture.java:1771)
	at java.util.concurrent.CompletableFuture.get(CompletableFuture.java:1915)
	at org.apache.ratis.util.IOUtils.getFromFuture(IOUtils.java:79)
	... 4 more
2019-09-17 06:08:24,195 [grpc-default-executor-4] INFO  client.GrpcClientProtocolClient (GrpcClientProtocolClient.java:onNext(264)) - client-9AF48D7A035B->76e9ed70-2a32-4a64-9388-b77e9aa6f857: receive RaftClientReply:client-9AF48D7A035B->76e9ed70-2a32-4a64-9388-b77e9aa6f857@group-0B3452D6D747, cid=50, FAILED org.apache.ratis.protocol.NotLeaderException: Server 76e9ed70-2a32-4a64-9388-b77e9aa6f857@group-0B3452D6D747 is not the leader 72845ddd-7944-416b-9dd2-35fcccd22f3d:192.168.69.122:41609, logIndex=0, commits[76e9ed70-2a32-4a64-9388-b77e9aa6f857:c6, f1727f7a-dfce-47cb-9d44-d863f6c274c0:c4, 72845ddd-7944-416b-9dd2-35fcccd22f3d:c6]
2019-09-17 06:08:24,222 [java.util.concurrent.ThreadPoolExecutor$Worker@7e25380e[State = -1, empty queue]] WARN  server.GrpcLogAppender (GrpcLogAppender.java:timeoutAppendRequest(200)) - 72845ddd-7944-416b-9dd2-35fcccd22f3d@group-0B3452D6D747->76e9ed70-2a32-4a64-9388-b77e9aa6f857-GrpcLogAppender: appendEntries Timeout, request=72845ddd-7944-416b-9dd2-35fcccd22f3d->76e9ed70-2a32-4a64-9388-b77e9aa6f857#32-t1, previous=(t:1, i:12), leaderCommit=6, initializing? false, entries: <empty>
2019-09-17 06:08:24,222 [java.util.concurrent.ThreadPoolExecutor$Worker@550fe58d[State = -1, empty queue]] WARN  server.GrpcLogAppender (GrpcLogAppender.java:timeoutAppendRequest(200)) - 72845ddd-7944-416b-9dd2-35fcccd22f3d@group-0B3452D6D747->f1727f7a-dfce-47cb-9d44-d863f6c274c0-GrpcLogAppender: appendEntries Timeout, request=72845ddd-7944-416b-9dd2-35fcccd22f3d->f1727f7a-dfce-47cb-9d44-d863f6c274c0#32-t1, previous=(t:1, i:12), leaderCommit=6, initializing? false, entries: <empty>
2019-09-17 06:08:25,104 [grpc-default-executor-4] INFO  impl.RaftServerProxy (RaftServerProxy.java:remove(95)) - 72845ddd-7944-416b-9dd2-35fcccd22f3d: remove group-E83674309DFA:null
2019-09-17 06:08:25,109 [RatisPipelineUtilsThread] WARN  pipeline.RatisPipelineUtils (RatisPipelineUtils.java:destroyPipeline(66)) - Pipeline destroy failed for pipeline=PipelineID=f19de06e-3053-4ec9-9fdd-e83674309dfa dn=72845ddd-7944-416b-9dd2-35fcccd22f3d{ip: 192.168.69.122, host: trunk-nightly-20190917-29l5j-2509219610, networkLocation: /default-rack, certSerialId: null}
2019-09-17 06:08:25,113 [grpc-default-executor-4] INFO  impl.RaftServerProxy (RaftServerProxy.java:remove(95)) - 76e9ed70-2a32-4a64-9388-b77e9aa6f857: remove group-E83674309DFA:null
2019-09-17 06:08:25,115 [RatisPipelineUtilsThread] WARN  pipeline.RatisPipelineUtils (RatisPipelineUtils.java:destroyPipeline(66)) - Pipeline destroy failed for pipeline=PipelineID=f19de06e-3053-4ec9-9fdd-e83674309dfa dn=76e9ed70-2a32-4a64-9388-b77e9aa6f857{ip: 192.168.69.122, host: trunk-nightly-20190917-29l5j-2509219610, networkLocation: /default-rack, certSerialId: null}
2019-09-17 06:08:25,118 [grpc-default-executor-4] INFO  impl.RaftServerProxy (RaftServerProxy.java:remove(95)) - f1727f7a-dfce-47cb-9d44-d863f6c274c0: remove group-E83674309DFA:null
2019-09-17 06:08:25,121 [RatisPipelineUtilsThread] WARN  pipeline.RatisPipelineUtils (RatisPipelineUtils.java:destroyPipeline(66)) - Pipeline destroy failed for pipeline=PipelineID=f19de06e-3053-4ec9-9fdd-e83674309dfa dn=f1727f7a-dfce-47cb-9d44-d863f6c274c0{ip: 192.168.69.122, host: trunk-nightly-20190917-29l5j-2509219610, networkLocation: /default-rack, certSerialId: null}
2019-09-17 06:08:25,121 [RatisPipelineUtilsThread] ERROR pipeline.SCMPipelineManager (Scheduler.java:lambda$schedule$1(70)) - Destroy pipeline failed for pipeline:Pipeline[ Id: f19de06e-3053-4ec9-9fdd-e83674309dfa, Nodes: 72845ddd-7944-416b-9dd2-35fcccd22f3d{ip: 192.168.69.122, host: trunk-nightly-20190917-29l5j-2509219610, networkLocation: /default-rack, certSerialId: null}76e9ed70-2a32-4a64-9388-b77e9aa6f857{ip: 192.168.69.122, host: trunk-nightly-20190917-29l5j-2509219610, networkLocation: /default-rack, certSerialId: null}f1727f7a-dfce-47cb-9d44-d863f6c274c0{ip: 192.168.69.122, host: trunk-nightly-20190917-29l5j-2509219610, networkLocation: /default-rack, certSerialId: null}, Type:RATIS, Factor:THREE, State:CLOSED]
org.apache.hadoop.hdds.scm.pipeline.PipelineNotFoundException: PipelineID=f19de06e-3053-4ec9-9fdd-e83674309dfa not found
	at org.apache.hadoop.hdds.scm.pipeline.PipelineStateMap.getPipeline(PipelineStateMap.java:132)
	at org.apache.hadoop.hdds.scm.pipeline.PipelineStateMap.removePipeline(PipelineStateMap.java:322)
	at org.apache.hadoop.hdds.scm.pipeline.PipelineStateManager.removePipeline(PipelineStateManager.java:107)
	at org.apache.hadoop.hdds.scm.pipeline.SCMPipelineManager.removePipeline(SCMPipelineManager.java:423)
	at org.apache.hadoop.hdds.scm.pipeline.SCMPipelineManager.destroyPipeline(SCMPipelineManager.java:409)
	at org.apache.hadoop.hdds.scm.pipeline.SCMPipelineManager.lambda$finalizeAndDestroyPipeline$0(SCMPipelineManager.java:318)
	at org.apache.hadoop.utils.Scheduler.lambda$schedule$1(Scheduler.java:68)
	at java.util.concurrent.Executors$RunnableAdapter.call(Executors.java:511)
	at java.util.concurrent.FutureTask.run(FutureTask.java:266)
	at java.util.concurrent.ScheduledThreadPoolExecutor$ScheduledFutureTask.access$201(ScheduledThreadPoolExecutor.java:180)
	at java.util.concurrent.ScheduledThreadPoolExecutor$ScheduledFutureTask.run(ScheduledThreadPoolExecutor.java:293)
	at java.util.concurrent.ThreadPoolExecutor.runWorker(ThreadPoolExecutor.java:1149)
	at java.util.concurrent.ThreadPoolExecutor$Worker.run(ThreadPoolExecutor.java:624)
	at java.lang.Thread.run(Thread.java:748)
2019-09-17 06:08:26,723 [java.util.concurrent.ThreadPoolExecutor$Worker@7e25380e[State = -1, empty queue]] WARN  server.GrpcLogAppender (GrpcLogAppender.java:timeoutAppendRequest(200)) - 72845ddd-7944-416b-9dd2-35fcccd22f3d@group-0B3452D6D747->76e9ed70-2a32-4a64-9388-b77e9aa6f857-GrpcLogAppender: appendEntries Timeout, request=72845ddd-7944-416b-9dd2-35fcccd22f3d->76e9ed70-2a32-4a64-9388-b77e9aa6f857#33-t1, previous=(t:1, i:12), leaderCommit=6, initializing? false, entries: <empty>
2019-09-17 06:08:26,723 [java.util.concurrent.ThreadPoolExecutor$Worker@550fe58d[State = -1, empty queue]] WARN  server.GrpcLogAppender (GrpcLogAppender.java:timeoutAppendRequest(200)) - 72845ddd-7944-416b-9dd2-35fcccd22f3d@group-0B3452D6D747->f1727f7a-dfce-47cb-9d44-d863f6c274c0-GrpcLogAppender: appendEntries Timeout, request=72845ddd-7944-416b-9dd2-35fcccd22f3d->f1727f7a-dfce-47cb-9d44-d863f6c274c0#33-t1, previous=(t:1, i:12), leaderCommit=6, initializing? false, entries: <empty>
2019-09-17 06:08:27,107 [grpc-default-executor-4] INFO  impl.RaftServerProxy (RaftServerProxy.java:remove(95)) - 72845ddd-7944-416b-9dd2-35fcccd22f3d: remove group-E83674309DFA:null
2019-09-17 06:08:27,112 [RatisPipelineUtilsThread] WARN  pipeline.RatisPipelineUtils (RatisPipelineUtils.java:destroyPipeline(66)) - Pipeline destroy failed for pipeline=PipelineID=f19de06e-3053-4ec9-9fdd-e83674309dfa dn=72845ddd-7944-416b-9dd2-35fcccd22f3d{ip: 192.168.69.122, host: trunk-nightly-20190917-29l5j-2509219610, networkLocation: /default-rack, certSerialId: null}
2019-09-17 06:08:27,115 [grpc-default-executor-4] INFO  impl.RaftServerProxy (RaftServerProxy.java:remove(95)) - 76e9ed70-2a32-4a64-9388-b77e9aa6f857: remove group-E83674309DFA:null
2019-09-17 06:08:27,118 [RatisPipelineUtilsThread] WARN  pipeline.RatisPipelineUtils (RatisPipelineUtils.java:destroyPipeline(66)) - Pipeline destroy failed for pipeline=PipelineID=f19de06e-3053-4ec9-9fdd-e83674309dfa dn=76e9ed70-2a32-4a64-9388-b77e9aa6f857{ip: 192.168.69.122, host: trunk-nightly-20190917-29l5j-2509219610, networkLocation: /default-rack, certSerialId: null}
2019-09-17 06:08:27,121 [grpc-default-executor-4] INFO  impl.RaftServerProxy (RaftServerProxy.java:remove(95)) - f1727f7a-dfce-47cb-9d44-d863f6c274c0: remove group-E83674309DFA:null
2019-09-17 06:08:27,123 [RatisPipelineUtilsThread] WARN  pipeline.RatisPipelineUtils (RatisPipelineUtils.java:destroyPipeline(66)) - Pipeline destroy failed for pipeline=PipelineID=f19de06e-3053-4ec9-9fdd-e83674309dfa dn=f1727f7a-dfce-47cb-9d44-d863f6c274c0{ip: 192.168.69.122, host: trunk-nightly-20190917-29l5j-2509219610, networkLocation: /default-rack, certSerialId: null}
2019-09-17 06:08:27,123 [RatisPipelineUtilsThread] ERROR pipeline.SCMPipelineManager (Scheduler.java:lambda$schedule$1(70)) - Destroy pipeline failed for pipeline:Pipeline[ Id: f19de06e-3053-4ec9-9fdd-e83674309dfa, Nodes: 72845ddd-7944-416b-9dd2-35fcccd22f3d{ip: 192.168.69.122, host: trunk-nightly-20190917-29l5j-2509219610, networkLocation: /default-rack, certSerialId: null}76e9ed70-2a32-4a64-9388-b77e9aa6f857{ip: 192.168.69.122, host: trunk-nightly-20190917-29l5j-2509219610, networkLocation: /default-rack, certSerialId: null}f1727f7a-dfce-47cb-9d44-d863f6c274c0{ip: 192.168.69.122, host: trunk-nightly-20190917-29l5j-2509219610, networkLocation: /default-rack, certSerialId: null}, Type:RATIS, Factor:THREE, State:CLOSED]
org.apache.hadoop.hdds.scm.pipeline.PipelineNotFoundException: PipelineID=f19de06e-3053-4ec9-9fdd-e83674309dfa not found
	at org.apache.hadoop.hdds.scm.pipeline.PipelineStateMap.getPipeline(PipelineStateMap.java:132)
	at org.apache.hadoop.hdds.scm.pipeline.PipelineStateMap.removePipeline(PipelineStateMap.java:322)
	at org.apache.hadoop.hdds.scm.pipeline.PipelineStateManager.removePipeline(PipelineStateManager.java:107)
	at org.apache.hadoop.hdds.scm.pipeline.SCMPipelineManager.removePipeline(SCMPipelineManager.java:423)
	at org.apache.hadoop.hdds.scm.pipeline.SCMPipelineManager.destroyPipeline(SCMPipelineManager.java:409)
	at org.apache.hadoop.hdds.scm.pipeline.SCMPipelineManager.lambda$finalizeAndDestroyPipeline$0(SCMPipelineManager.java:318)
	at org.apache.hadoop.utils.Scheduler.lambda$schedule$1(Scheduler.java:68)
	at java.util.concurrent.Executors$RunnableAdapter.call(Executors.java:511)
	at java.util.concurrent.FutureTask.run(FutureTask.java:266)
	at java.util.concurrent.ScheduledThreadPoolExecutor$ScheduledFutureTask.access$201(ScheduledThreadPoolExecutor.java:180)
	at java.util.concurrent.ScheduledThreadPoolExecutor$ScheduledFutureTask.run(ScheduledThreadPoolExecutor.java:293)
	at java.util.concurrent.ThreadPoolExecutor.runWorker(ThreadPoolExecutor.java:1149)
	at java.util.concurrent.ThreadPoolExecutor$Worker.run(ThreadPoolExecutor.java:624)
	at java.lang.Thread.run(Thread.java:748)
2019-09-17 06:08:29,224 [java.util.concurrent.ThreadPoolExecutor$Worker@550fe58d[State = -1, empty queue]] WARN  server.GrpcLogAppender (GrpcLogAppender.java:timeoutAppendRequest(200)) - 72845ddd-7944-416b-9dd2-35fcccd22f3d@group-0B3452D6D747->f1727f7a-dfce-47cb-9d44-d863f6c274c0-GrpcLogAppender: appendEntries Timeout, request=72845ddd-7944-416b-9dd2-35fcccd22f3d->f1727f7a-dfce-47cb-9d44-d863f6c274c0#34-t1, previous=(t:1, i:12), leaderCommit=6, initializing? false, entries: <empty>
2019-09-17 06:08:29,224 [java.util.concurrent.ThreadPoolExecutor$Worker@7e25380e[State = -1, empty queue]] WARN  server.GrpcLogAppender (GrpcLogAppender.java:timeoutAppendRequest(200)) - 72845ddd-7944-416b-9dd2-35fcccd22f3d@group-0B3452D6D747->76e9ed70-2a32-4a64-9388-b77e9aa6f857-GrpcLogAppender: appendEntries Timeout, request=72845ddd-7944-416b-9dd2-35fcccd22f3d->76e9ed70-2a32-4a64-9388-b77e9aa6f857#34-t1, previous=(t:1, i:12), leaderCommit=6, initializing? false, entries: <empty>
2019-09-17 06:08:29,232 [grpc-default-executor-4] INFO  client.GrpcClientProtocolClient (GrpcClientProtocolClient.java:onNext(264)) - client-9AF48D7A035B->f1727f7a-dfce-47cb-9d44-d863f6c274c0: receive RaftClientReply:client-9AF48D7A035B->f1727f7a-dfce-47cb-9d44-d863f6c274c0@group-0B3452D6D747, cid=50, FAILED org.apache.ratis.protocol.NotLeaderException: Server f1727f7a-dfce-47cb-9d44-d863f6c274c0@group-0B3452D6D747 is not the leader 72845ddd-7944-416b-9dd2-35fcccd22f3d:192.168.69.122:41609, logIndex=0, commits[f1727f7a-dfce-47cb-9d44-d863f6c274c0:c6, 76e9ed70-2a32-4a64-9388-b77e9aa6f857:c4, 72845ddd-7944-416b-9dd2-35fcccd22f3d:c6]
2019-09-17 06:08:30,107 [grpc-default-executor-1] INFO  impl.RaftServerProxy (RaftServerProxy.java:remove(95)) - 72845ddd-7944-416b-9dd2-35fcccd22f3d: remove group-E83674309DFA:null
2019-09-17 06:08:30,113 [RatisPipelineUtilsThread] WARN  pipeline.RatisPipelineUtils (RatisPipelineUtils.java:destroyPipeline(66)) - Pipeline destroy failed for pipeline=PipelineID=f19de06e-3053-4ec9-9fdd-e83674309dfa dn=72845ddd-7944-416b-9dd2-35fcccd22f3d{ip: 192.168.69.122, host: trunk-nightly-20190917-29l5j-2509219610, networkLocation: /default-rack, certSerialId: null}
2019-09-17 06:08:30,116 [grpc-default-executor-1] INFO  impl.RaftServerProxy (RaftServerProxy.java:remove(95)) - 76e9ed70-2a32-4a64-9388-b77e9aa6f857: remove group-E83674309DFA:null
2019-09-17 06:08:30,119 [RatisPipelineUtilsThread] WARN  pipeline.RatisPipelineUtils (RatisPipelineUtils.java:destroyPipeline(66)) - Pipeline destroy failed for pipeline=PipelineID=f19de06e-3053-4ec9-9fdd-e83674309dfa dn=76e9ed70-2a32-4a64-9388-b77e9aa6f857{ip: 192.168.69.122, host: trunk-nightly-20190917-29l5j-2509219610, networkLocation: /default-rack, certSerialId: null}
2019-09-17 06:08:30,122 [grpc-default-executor-1] INFO  impl.RaftServerProxy (RaftServerProxy.java:remove(95)) - f1727f7a-dfce-47cb-9d44-d863f6c274c0: remove group-E83674309DFA:null
2019-09-17 06:08:30,125 [RatisPipelineUtilsThread] WARN  pipeline.RatisPipelineUtils (RatisPipelineUtils.java:destroyPipeline(66)) - Pipeline destroy failed for pipeline=PipelineID=f19de06e-3053-4ec9-9fdd-e83674309dfa dn=f1727f7a-dfce-47cb-9d44-d863f6c274c0{ip: 192.168.69.122, host: trunk-nightly-20190917-29l5j-2509219610, networkLocation: /default-rack, certSerialId: null}
2019-09-17 06:08:30,125 [RatisPipelineUtilsThread] ERROR pipeline.SCMPipelineManager (Scheduler.java:lambda$schedule$1(70)) - Destroy pipeline failed for pipeline:Pipeline[ Id: f19de06e-3053-4ec9-9fdd-e83674309dfa, Nodes: 72845ddd-7944-416b-9dd2-35fcccd22f3d{ip: 192.168.69.122, host: trunk-nightly-20190917-29l5j-2509219610, networkLocation: /default-rack, certSerialId: null}76e9ed70-2a32-4a64-9388-b77e9aa6f857{ip: 192.168.69.122, host: trunk-nightly-20190917-29l5j-2509219610, networkLocation: /default-rack, certSerialId: null}f1727f7a-dfce-47cb-9d44-d863f6c274c0{ip: 192.168.69.122, host: trunk-nightly-20190917-29l5j-2509219610, networkLocation: /default-rack, certSerialId: null}, Type:RATIS, Factor:THREE, State:CLOSED]
org.apache.hadoop.hdds.scm.pipeline.PipelineNotFoundException: PipelineID=f19de06e-3053-4ec9-9fdd-e83674309dfa not found
	at org.apache.hadoop.hdds.scm.pipeline.PipelineStateMap.getPipeline(PipelineStateMap.java:132)
	at org.apache.hadoop.hdds.scm.pipeline.PipelineStateMap.removePipeline(PipelineStateMap.java:322)
	at org.apache.hadoop.hdds.scm.pipeline.PipelineStateManager.removePipeline(PipelineStateManager.java:107)
	at org.apache.hadoop.hdds.scm.pipeline.SCMPipelineManager.removePipeline(SCMPipelineManager.java:423)
	at org.apache.hadoop.hdds.scm.pipeline.SCMPipelineManager.destroyPipeline(SCMPipelineManager.java:409)
	at org.apache.hadoop.hdds.scm.pipeline.SCMPipelineManager.lambda$finalizeAndDestroyPipeline$0(SCMPipelineManager.java:318)
	at org.apache.hadoop.utils.Scheduler.lambda$schedule$1(Scheduler.java:68)
	at java.util.concurrent.Executors$RunnableAdapter.call(Executors.java:511)
	at java.util.concurrent.FutureTask.run(FutureTask.java:266)
	at java.util.concurrent.ScheduledThreadPoolExecutor$ScheduledFutureTask.access$201(ScheduledThreadPoolExecutor.java:180)
	at java.util.concurrent.ScheduledThreadPoolExecutor$ScheduledFutureTask.run(ScheduledThreadPoolExecutor.java:293)
	at java.util.concurrent.ThreadPoolExecutor.runWorker(ThreadPoolExecutor.java:1149)
	at java.util.concurrent.ThreadPoolExecutor$Worker.run(ThreadPoolExecutor.java:624)
	at java.lang.Thread.run(Thread.java:748)
2019-09-17 06:08:31,725 [java.util.concurrent.ThreadPoolExecutor$Worker@550fe58d[State = -1, empty queue]] WARN  server.GrpcLogAppender (GrpcLogAppender.java:timeoutAppendRequest(200)) - 72845ddd-7944-416b-9dd2-35fcccd22f3d@group-0B3452D6D747->f1727f7a-dfce-47cb-9d44-d863f6c274c0-GrpcLogAppender: appendEntries Timeout, request=72845ddd-7944-416b-9dd2-35fcccd22f3d->f1727f7a-dfce-47cb-9d44-d863f6c274c0#35-t1, previous=(t:1, i:12), leaderCommit=6, initializing? false, entries: <empty>
2019-09-17 06:08:31,725 [java.util.concurrent.ThreadPoolExecutor$Worker@7e25380e[State = -1, empty queue]] WARN  server.GrpcLogAppender (GrpcLogAppender.java:timeoutAppendRequest(200)) - 72845ddd-7944-416b-9dd2-35fcccd22f3d@group-0B3452D6D747->76e9ed70-2a32-4a64-9388-b77e9aa6f857-GrpcLogAppender: appendEntries Timeout, request=72845ddd-7944-416b-9dd2-35fcccd22f3d->76e9ed70-2a32-4a64-9388-b77e9aa6f857#35-t1, previous=(t:1, i:12), leaderCommit=6, initializing? false, entries: <empty>
2019-09-17 06:08:32,111 [grpc-default-executor-4] INFO  impl.RaftServerProxy (RaftServerProxy.java:remove(95)) - 72845ddd-7944-416b-9dd2-35fcccd22f3d: remove group-E83674309DFA:null
2019-09-17 06:08:32,115 [RatisPipelineUtilsThread] WARN  pipeline.RatisPipelineUtils (RatisPipelineUtils.java:destroyPipeline(66)) - Pipeline destroy failed for pipeline=PipelineID=f19de06e-3053-4ec9-9fdd-e83674309dfa dn=72845ddd-7944-416b-9dd2-35fcccd22f3d{ip: 192.168.69.122, host: trunk-nightly-20190917-29l5j-2509219610, networkLocation: /default-rack, certSerialId: null}
2019-09-17 06:08:32,120 [grpc-default-executor-4] INFO  impl.RaftServerProxy (RaftServerProxy.java:remove(95)) - 76e9ed70-2a32-4a64-9388-b77e9aa6f857: remove group-E83674309DFA:null
2019-09-17 06:08:32,122 [RatisPipelineUtilsThread] WARN  pipeline.RatisPipelineUtils (RatisPipelineUtils.java:destroyPipeline(66)) - Pipeline destroy failed for pipeline=PipelineID=f19de06e-3053-4ec9-9fdd-e83674309dfa dn=76e9ed70-2a32-4a64-9388-b77e9aa6f857{ip: 192.168.69.122, host: trunk-nightly-20190917-29l5j-2509219610, networkLocation: /default-rack, certSerialId: null}
2019-09-17 06:08:32,126 [grpc-default-executor-4] INFO  impl.RaftServerProxy (RaftServerProxy.java:remove(95)) - f1727f7a-dfce-47cb-9d44-d863f6c274c0: remove group-E83674309DFA:null
2019-09-17 06:08:32,129 [RatisPipelineUtilsThread] WARN  pipeline.RatisPipelineUtils (RatisPipelineUtils.java:destroyPipeline(66)) - Pipeline destroy failed for pipeline=PipelineID=f19de06e-3053-4ec9-9fdd-e83674309dfa dn=f1727f7a-dfce-47cb-9d44-d863f6c274c0{ip: 192.168.69.122, host: trunk-nightly-20190917-29l5j-2509219610, networkLocation: /default-rack, certSerialId: null}
2019-09-17 06:08:32,129 [RatisPipelineUtilsThread] ERROR pipeline.SCMPipelineManager (Scheduler.java:lambda$schedule$1(70)) - Destroy pipeline failed for pipeline:Pipeline[ Id: f19de06e-3053-4ec9-9fdd-e83674309dfa, Nodes: 72845ddd-7944-416b-9dd2-35fcccd22f3d{ip: 192.168.69.122, host: trunk-nightly-20190917-29l5j-2509219610, networkLocation: /default-rack, certSerialId: null}76e9ed70-2a32-4a64-9388-b77e9aa6f857{ip: 192.168.69.122, host: trunk-nightly-20190917-29l5j-2509219610, networkLocation: /default-rack, certSerialId: null}f1727f7a-dfce-47cb-9d44-d863f6c274c0{ip: 192.168.69.122, host: trunk-nightly-20190917-29l5j-2509219610, networkLocation: /default-rack, certSerialId: null}, Type:RATIS, Factor:THREE, State:CLOSED]
org.apache.hadoop.hdds.scm.pipeline.PipelineNotFoundException: PipelineID=f19de06e-3053-4ec9-9fdd-e83674309dfa not found
	at org.apache.hadoop.hdds.scm.pipeline.PipelineStateMap.getPipeline(PipelineStateMap.java:132)
	at org.apache.hadoop.hdds.scm.pipeline.PipelineStateMap.removePipeline(PipelineStateMap.java:322)
	at org.apache.hadoop.hdds.scm.pipeline.PipelineStateManager.removePipeline(PipelineStateManager.java:107)
	at org.apache.hadoop.hdds.scm.pipeline.SCMPipelineManager.removePipeline(SCMPipelineManager.java:423)
	at org.apache.hadoop.hdds.scm.pipeline.SCMPipelineManager.destroyPipeline(SCMPipelineManager.java:409)
	at org.apache.hadoop.hdds.scm.pipeline.SCMPipelineManager.lambda$finalizeAndDestroyPipeline$0(SCMPipelineManager.java:318)
	at org.apache.hadoop.utils.Scheduler.lambda$schedule$1(Scheduler.java:68)
	at java.util.concurrent.Executors$RunnableAdapter.call(Executors.java:511)
	at java.util.concurrent.FutureTask.run(FutureTask.java:266)
	at java.util.concurrent.ScheduledThreadPoolExecutor$ScheduledFutureTask.access$201(ScheduledThreadPoolExecutor.java:180)
	at java.util.concurrent.ScheduledThreadPoolExecutor$ScheduledFutureTask.run(ScheduledThreadPoolExecutor.java:293)
	at java.util.concurrent.ThreadPoolExecutor.runWorker(ThreadPoolExecutor.java:1149)
	at java.util.concurrent.ThreadPoolExecutor$Worker.run(ThreadPoolExecutor.java:624)
	at java.lang.Thread.run(Thread.java:748)
2019-09-17 06:08:32,224 [grpc-default-executor-4] INFO  impl.RaftServerProxy (RaftServerProxy.java:remove(95)) - 72845ddd-7944-416b-9dd2-35fcccd22f3d: remove group-E83674309DFA:null
2019-09-17 06:08:32,226 [RatisPipelineUtilsThread] WARN  pipeline.RatisPipelineUtils (RatisPipelineUtils.java:destroyPipeline(66)) - Pipeline destroy failed for pipeline=PipelineID=f19de06e-3053-4ec9-9fdd-e83674309dfa dn=72845ddd-7944-416b-9dd2-35fcccd22f3d{ip: 192.168.69.122, host: trunk-nightly-20190917-29l5j-2509219610, networkLocation: /default-rack, certSerialId: null}
2019-09-17 06:08:32,230 [grpc-default-executor-4] INFO  impl.RaftServerProxy (RaftServerProxy.java:remove(95)) - 76e9ed70-2a32-4a64-9388-b77e9aa6f857: remove group-E83674309DFA:null
2019-09-17 06:08:32,232 [RatisPipelineUtilsThread] WARN  pipeline.RatisPipelineUtils (RatisPipelineUtils.java:destroyPipeline(66)) - Pipeline destroy failed for pipeline=PipelineID=f19de06e-3053-4ec9-9fdd-e83674309dfa dn=76e9ed70-2a32-4a64-9388-b77e9aa6f857{ip: 192.168.69.122, host: trunk-nightly-20190917-29l5j-2509219610, networkLocation: /default-rack, certSerialId: null}
2019-09-17 06:08:32,235 [grpc-default-executor-4] INFO  impl.RaftServerProxy (RaftServerProxy.java:remove(95)) - f1727f7a-dfce-47cb-9d44-d863f6c274c0: remove group-E83674309DFA:null
2019-09-17 06:08:32,238 [RatisPipelineUtilsThread] WARN  pipeline.RatisPipelineUtils (RatisPipelineUtils.java:destroyPipeline(66)) - Pipeline destroy failed for pipeline=PipelineID=f19de06e-3053-4ec9-9fdd-e83674309dfa dn=f1727f7a-dfce-47cb-9d44-d863f6c274c0{ip: 192.168.69.122, host: trunk-nightly-20190917-29l5j-2509219610, networkLocation: /default-rack, certSerialId: null}
2019-09-17 06:08:32,238 [RatisPipelineUtilsThread] ERROR pipeline.SCMPipelineManager (Scheduler.java:lambda$schedule$1(70)) - Destroy pipeline failed for pipeline:Pipeline[ Id: f19de06e-3053-4ec9-9fdd-e83674309dfa, Nodes: 72845ddd-7944-416b-9dd2-35fcccd22f3d{ip: 192.168.69.122, host: trunk-nightly-20190917-29l5j-2509219610, networkLocation: /default-rack, certSerialId: null}76e9ed70-2a32-4a64-9388-b77e9aa6f857{ip: 192.168.69.122, host: trunk-nightly-20190917-29l5j-2509219610, networkLocation: /default-rack, certSerialId: null}f1727f7a-dfce-47cb-9d44-d863f6c274c0{ip: 192.168.69.122, host: trunk-nightly-20190917-29l5j-2509219610, networkLocation: /default-rack, certSerialId: null}, Type:RATIS, Factor:THREE, State:CLOSED]
org.apache.hadoop.hdds.scm.pipeline.PipelineNotFoundException: PipelineID=f19de06e-3053-4ec9-9fdd-e83674309dfa not found
	at org.apache.hadoop.hdds.scm.pipeline.PipelineStateMap.getPipeline(PipelineStateMap.java:132)
	at org.apache.hadoop.hdds.scm.pipeline.PipelineStateMap.removePipeline(PipelineStateMap.java:322)
	at org.apache.hadoop.hdds.scm.pipeline.PipelineStateManager.removePipeline(PipelineStateManager.java:107)
	at org.apache.hadoop.hdds.scm.pipeline.SCMPipelineManager.removePipeline(SCMPipelineManager.java:423)
	at org.apache.hadoop.hdds.scm.pipeline.SCMPipelineManager.destroyPipeline(SCMPipelineManager.java:409)
	at org.apache.hadoop.hdds.scm.pipeline.SCMPipelineManager.lambda$finalizeAndDestroyPipeline$0(SCMPipelineManager.java:318)
	at org.apache.hadoop.utils.Scheduler.lambda$schedule$1(Scheduler.java:68)
	at java.util.concurrent.Executors$RunnableAdapter.call(Executors.java:511)
	at java.util.concurrent.FutureTask.run(FutureTask.java:266)
	at java.util.concurrent.ScheduledThreadPoolExecutor$ScheduledFutureTask.access$201(ScheduledThreadPoolExecutor.java:180)
	at java.util.concurrent.ScheduledThreadPoolExecutor$ScheduledFutureTask.run(ScheduledThreadPoolExecutor.java:293)
	at java.util.concurrent.ThreadPoolExecutor.runWorker(ThreadPoolExecutor.java:1149)
	at java.util.concurrent.ThreadPoolExecutor$Worker.run(ThreadPoolExecutor.java:624)
	at java.lang.Thread.run(Thread.java:748)
2019-09-17 06:08:32,444 [grpc-default-executor-4] INFO  impl.RaftServerProxy (RaftServerProxy.java:remove(95)) - 72845ddd-7944-416b-9dd2-35fcccd22f3d: remove group-E83674309DFA:null
2019-09-17 06:08:32,448 [RatisPipelineUtilsThread] WARN  pipeline.RatisPipelineUtils (RatisPipelineUtils.java:destroyPipeline(66)) - Pipeline destroy failed for pipeline=PipelineID=f19de06e-3053-4ec9-9fdd-e83674309dfa dn=72845ddd-7944-416b-9dd2-35fcccd22f3d{ip: 192.168.69.122, host: trunk-nightly-20190917-29l5j-2509219610, networkLocation: /default-rack, certSerialId: null}
2019-09-17 06:08:32,451 [grpc-default-executor-4] INFO  impl.RaftServerProxy (RaftServerProxy.java:remove(95)) - 76e9ed70-2a32-4a64-9388-b77e9aa6f857: remove group-E83674309DFA:null
2019-09-17 06:08:32,454 [RatisPipelineUtilsThread] WARN  pipeline.RatisPipelineUtils (RatisPipelineUtils.java:destroyPipeline(66)) - Pipeline destroy failed for pipeline=PipelineID=f19de06e-3053-4ec9-9fdd-e83674309dfa dn=76e9ed70-2a32-4a64-9388-b77e9aa6f857{ip: 192.168.69.122, host: trunk-nightly-20190917-29l5j-2509219610, networkLocation: /default-rack, certSerialId: null}
2019-09-17 06:08:32,457 [grpc-default-executor-4] INFO  impl.RaftServerProxy (RaftServerProxy.java:remove(95)) - f1727f7a-dfce-47cb-9d44-d863f6c274c0: remove group-E83674309DFA:null
2019-09-17 06:08:32,459 [RatisPipelineUtilsThread] WARN  pipeline.RatisPipelineUtils (RatisPipelineUtils.java:destroyPipeline(66)) - Pipeline destroy failed for pipeline=PipelineID=f19de06e-3053-4ec9-9fdd-e83674309dfa dn=f1727f7a-dfce-47cb-9d44-d863f6c274c0{ip: 192.168.69.122, host: trunk-nightly-20190917-29l5j-2509219610, networkLocation: /default-rack, certSerialId: null}
2019-09-17 06:08:32,460 [RatisPipelineUtilsThread] ERROR pipeline.SCMPipelineManager (Scheduler.java:lambda$schedule$1(70)) - Destroy pipeline failed for pipeline:Pipeline[ Id: f19de06e-3053-4ec9-9fdd-e83674309dfa, Nodes: 72845ddd-7944-416b-9dd2-35fcccd22f3d{ip: 192.168.69.122, host: trunk-nightly-20190917-29l5j-2509219610, networkLocation: /default-rack, certSerialId: null}76e9ed70-2a32-4a64-9388-b77e9aa6f857{ip: 192.168.69.122, host: trunk-nightly-20190917-29l5j-2509219610, networkLocation: /default-rack, certSerialId: null}f1727f7a-dfce-47cb-9d44-d863f6c274c0{ip: 192.168.69.122, host: trunk-nightly-20190917-29l5j-2509219610, networkLocation: /default-rack, certSerialId: null}, Type:RATIS, Factor:THREE, State:CLOSED]
org.apache.hadoop.hdds.scm.pipeline.PipelineNotFoundException: PipelineID=f19de06e-3053-4ec9-9fdd-e83674309dfa not found
	at org.apache.hadoop.hdds.scm.pipeline.PipelineStateMap.getPipeline(PipelineStateMap.java:132)
	at org.apache.hadoop.hdds.scm.pipeline.PipelineStateMap.removePipeline(PipelineStateMap.java:322)
	at org.apache.hadoop.hdds.scm.pipeline.PipelineStateManager.removePipeline(PipelineStateManager.java:107)
	at org.apache.hadoop.hdds.scm.pipeline.SCMPipelineManager.removePipeline(SCMPipelineManager.java:423)
	at org.apache.hadoop.hdds.scm.pipeline.SCMPipelineManager.destroyPipeline(SCMPipelineManager.java:409)
	at org.apache.hadoop.hdds.scm.pipeline.SCMPipelineManager.lambda$finalizeAndDestroyPipeline$0(SCMPipelineManager.java:318)
	at org.apache.hadoop.utils.Scheduler.lambda$schedule$1(Scheduler.java:68)
	at java.util.concurrent.Executors$RunnableAdapter.call(Executors.java:511)
	at java.util.concurrent.FutureTask.run(FutureTask.java:266)
	at java.util.concurrent.ScheduledThreadPoolExecutor$ScheduledFutureTask.access$201(ScheduledThreadPoolExecutor.java:180)
	at java.util.concurrent.ScheduledThreadPoolExecutor$ScheduledFutureTask.run(ScheduledThreadPoolExecutor.java:293)
	at java.util.concurrent.ThreadPoolExecutor.runWorker(ThreadPoolExecutor.java:1149)
	at java.util.concurrent.ThreadPoolExecutor$Worker.run(ThreadPoolExecutor.java:624)
	at java.lang.Thread.run(Thread.java:748)
2019-09-17 06:08:32,612 [grpc-default-executor-4] INFO  impl.RaftServerProxy (RaftServerProxy.java:remove(95)) - 72845ddd-7944-416b-9dd2-35fcccd22f3d: remove group-E83674309DFA:null
2019-09-17 06:08:32,614 [RatisPipelineUtilsThread] WARN  pipeline.RatisPipelineUtils (RatisPipelineUtils.java:destroyPipeline(66)) - Pipeline destroy failed for pipeline=PipelineID=f19de06e-3053-4ec9-9fdd-e83674309dfa dn=72845ddd-7944-416b-9dd2-35fcccd22f3d{ip: 192.168.69.122, host: trunk-nightly-20190917-29l5j-2509219610, networkLocation: /default-rack, certSerialId: null}
2019-09-17 06:08:32,617 [grpc-default-executor-4] INFO  impl.RaftServerProxy (RaftServerProxy.java:remove(95)) - 76e9ed70-2a32-4a64-9388-b77e9aa6f857: remove group-E83674309DFA:null
2019-09-17 06:08:32,620 [RatisPipelineUtilsThread] WARN  pipeline.RatisPipelineUtils (RatisPipelineUtils.java:destroyPipeline(66)) - Pipeline destroy failed for pipeline=PipelineID=f19de06e-3053-4ec9-9fdd-e83674309dfa dn=76e9ed70-2a32-4a64-9388-b77e9aa6f857{ip: 192.168.69.122, host: trunk-nightly-20190917-29l5j-2509219610, networkLocation: /default-rack, certSerialId: null}
2019-09-17 06:08:32,624 [grpc-default-executor-4] INFO  impl.RaftServerProxy (RaftServerProxy.java:remove(95)) - f1727f7a-dfce-47cb-9d44-d863f6c274c0: remove group-E83674309DFA:null
2019-09-17 06:08:32,626 [RatisPipelineUtilsThread] WARN  pipeline.RatisPipelineUtils (RatisPipelineUtils.java:destroyPipeline(66)) - Pipeline destroy failed for pipeline=PipelineID=f19de06e-3053-4ec9-9fdd-e83674309dfa dn=f1727f7a-dfce-47cb-9d44-d863f6c274c0{ip: 192.168.69.122, host: trunk-nightly-20190917-29l5j-2509219610, networkLocation: /default-rack, certSerialId: null}
2019-09-17 06:08:32,627 [RatisPipelineUtilsThread] ERROR pipeline.SCMPipelineManager (Scheduler.java:lambda$schedule$1(70)) - Destroy pipeline failed for pipeline:Pipeline[ Id: f19de06e-3053-4ec9-9fdd-e83674309dfa, Nodes: 72845ddd-7944-416b-9dd2-35fcccd22f3d{ip: 192.168.69.122, host: trunk-nightly-20190917-29l5j-2509219610, networkLocation: /default-rack, certSerialId: null}76e9ed70-2a32-4a64-9388-b77e9aa6f857{ip: 192.168.69.122, host: trunk-nightly-20190917-29l5j-2509219610, networkLocation: /default-rack, certSerialId: null}f1727f7a-dfce-47cb-9d44-d863f6c274c0{ip: 192.168.69.122, host: trunk-nightly-20190917-29l5j-2509219610, networkLocation: /default-rack, certSerialId: null}, Type:RATIS, Factor:THREE, State:CLOSED]
org.apache.hadoop.hdds.scm.pipeline.PipelineNotFoundException: PipelineID=f19de06e-3053-4ec9-9fdd-e83674309dfa not found
	at org.apache.hadoop.hdds.scm.pipeline.PipelineStateMap.getPipeline(PipelineStateMap.java:132)
	at org.apache.hadoop.hdds.scm.pipeline.PipelineStateMap.removePipeline(PipelineStateMap.java:322)
	at org.apache.hadoop.hdds.scm.pipeline.PipelineStateManager.removePipeline(PipelineStateManager.java:107)
	at org.apache.hadoop.hdds.scm.pipeline.SCMPipelineManager.removePipeline(SCMPipelineManager.java:423)
	at org.apache.hadoop.hdds.scm.pipeline.SCMPipelineManager.destroyPipeline(SCMPipelineManager.java:409)
	at org.apache.hadoop.hdds.scm.pipeline.SCMPipelineManager.lambda$finalizeAndDestroyPipeline$0(SCMPipelineManager.java:318)
	at org.apache.hadoop.utils.Scheduler.lambda$schedule$1(Scheduler.java:68)
	at java.util.concurrent.Executors$RunnableAdapter.call(Executors.java:511)
	at java.util.concurrent.FutureTask.run(FutureTask.java:266)
	at java.util.concurrent.ScheduledThreadPoolExecutor$ScheduledFutureTask.access$201(ScheduledThreadPoolExecutor.java:180)
	at java.util.concurrent.ScheduledThreadPoolExecutor$ScheduledFutureTask.run(ScheduledThreadPoolExecutor.java:293)
	at java.util.concurrent.ThreadPoolExecutor.runWorker(ThreadPoolExecutor.java:1149)
	at java.util.concurrent.ThreadPoolExecutor$Worker.run(ThreadPoolExecutor.java:624)
	at java.lang.Thread.run(Thread.java:748)
2019-09-17 06:08:33,715 [76e9ed70-2a32-4a64-9388-b77e9aa6f857@group-0B3452D6D747-SegmentedRaftLogWorker] WARN  segmented.SegmentedRaftLogWorker (SegmentedRaftLogWorker.java:getFromFuture(90)) - Timeout 5/~
org.apache.ratis.protocol.TimeoutIOException: Timeout 10s: WriteLog:7: (t:1, i:7), STATEMACHINELOGENTRY, client-9AF48D7A035B, cid=50-writeStateMachineData
	at org.apache.ratis.util.IOUtils.getFromFuture(IOUtils.java:87)
	at org.apache.ratis.server.raftlog.segmented.SegmentedRaftLogWorker$StateMachineDataPolicy.getFromFuture(SegmentedRaftLogWorker.java:87)
	at org.apache.ratis.server.raftlog.segmented.SegmentedRaftLogWorker$WriteLog.execute(SegmentedRaftLogWorker.java:477)
	at org.apache.ratis.server.raftlog.segmented.SegmentedRaftLogWorker.run(SegmentedRaftLogWorker.java:289)
	at java.lang.Thread.run(Thread.java:748)
Caused by: java.util.concurrent.TimeoutException
	at java.util.concurrent.CompletableFuture.timedGet(CompletableFuture.java:1771)
	at java.util.concurrent.CompletableFuture.get(CompletableFuture.java:1915)
	at org.apache.ratis.util.IOUtils.getFromFuture(IOUtils.java:79)
	... 4 more
2019-09-17 06:08:33,716 [f1727f7a-dfce-47cb-9d44-d863f6c274c0@group-0B3452D6D747-SegmentedRaftLogWorker] WARN  segmented.SegmentedRaftLogWorker (SegmentedRaftLogWorker.java:getFromFuture(90)) - Timeout 5/~
org.apache.ratis.protocol.TimeoutIOException: Timeout 10s: WriteLog:7: (t:1, i:7), STATEMACHINELOGENTRY, client-9AF48D7A035B, cid=50-writeStateMachineData
	at org.apache.ratis.util.IOUtils.getFromFuture(IOUtils.java:87)
	at org.apache.ratis.server.raftlog.segmented.SegmentedRaftLogWorker$StateMachineDataPolicy.getFromFuture(SegmentedRaftLogWorker.java:87)
	at org.apache.ratis.server.raftlog.segmented.SegmentedRaftLogWorker$WriteLog.execute(SegmentedRaftLogWorker.java:477)
	at org.apache.ratis.server.raftlog.segmented.SegmentedRaftLogWorker.run(SegmentedRaftLogWorker.java:289)
	at java.lang.Thread.run(Thread.java:748)
Caused by: java.util.concurrent.TimeoutException
	at java.util.concurrent.CompletableFuture.timedGet(CompletableFuture.java:1771)
	at java.util.concurrent.CompletableFuture.get(CompletableFuture.java:1915)
	at org.apache.ratis.util.IOUtils.getFromFuture(IOUtils.java:79)
	... 4 more
2019-09-17 06:08:33,843 [72845ddd-7944-416b-9dd2-35fcccd22f3d@group-0B3452D6D747-SegmentedRaftLogWorker] WARN  segmented.SegmentedRaftLogWorker (SegmentedRaftLogWorker.java:getFromFuture(90)) - Timeout 5/~
org.apache.ratis.protocol.TimeoutIOException: Timeout 10s: WriteLog:8: (t:1, i:8), STATEMACHINELOGENTRY, client-9AF48D7A035B, cid=51-writeStateMachineData
	at org.apache.ratis.util.IOUtils.getFromFuture(IOUtils.java:87)
	at org.apache.ratis.server.raftlog.segmented.SegmentedRaftLogWorker$StateMachineDataPolicy.getFromFuture(SegmentedRaftLogWorker.java:87)
	at org.apache.ratis.server.raftlog.segmented.SegmentedRaftLogWorker$WriteLog.execute(SegmentedRaftLogWorker.java:477)
	at org.apache.ratis.server.raftlog.segmented.SegmentedRaftLogWorker.run(SegmentedRaftLogWorker.java:289)
	at java.lang.Thread.run(Thread.java:748)
Caused by: java.util.concurrent.TimeoutException
	at java.util.concurrent.CompletableFuture.timedGet(CompletableFuture.java:1771)
	at java.util.concurrent.CompletableFuture.get(CompletableFuture.java:1915)
	at org.apache.ratis.util.IOUtils.getFromFuture(IOUtils.java:79)
	... 4 more
2019-09-17 06:08:34,225 [java.util.concurrent.ThreadPoolExecutor$Worker@550fe58d[State = -1, empty queue]] WARN  server.GrpcLogAppender (GrpcLogAppender.java:timeoutAppendRequest(200)) - 72845ddd-7944-416b-9dd2-35fcccd22f3d@group-0B3452D6D747->f1727f7a-dfce-47cb-9d44-d863f6c274c0-GrpcLogAppender: appendEntries Timeout, request=72845ddd-7944-416b-9dd2-35fcccd22f3d->f1727f7a-dfce-47cb-9d44-d863f6c274c0#36-t1, previous=(t:1, i:12), leaderCommit=6, initializing? false, entries: <empty>
2019-09-17 06:08:34,225 [java.util.concurrent.ThreadPoolExecutor$Worker@7e25380e[State = -1, empty queue]] WARN  server.GrpcLogAppender (GrpcLogAppender.java:timeoutAppendRequest(200)) - 72845ddd-7944-416b-9dd2-35fcccd22f3d@group-0B3452D6D747->76e9ed70-2a32-4a64-9388-b77e9aa6f857-GrpcLogAppender: appendEntries Timeout, request=72845ddd-7944-416b-9dd2-35fcccd22f3d->76e9ed70-2a32-4a64-9388-b77e9aa6f857#36-t1, previous=(t:1, i:12), leaderCommit=6, initializing? false, entries: <empty>
2019-09-17 06:08:34,277 [grpc-default-executor-1] INFO  client.GrpcClientProtocolClient (GrpcClientProtocolClient.java:onNext(264)) - client-9AF48D7A035B->f1727f7a-dfce-47cb-9d44-d863f6c274c0: receive RaftClientReply:client-9AF48D7A035B->f1727f7a-dfce-47cb-9d44-d863f6c274c0@group-0B3452D6D747, cid=50, FAILED org.apache.ratis.protocol.NotLeaderException: Server f1727f7a-dfce-47cb-9d44-d863f6c274c0@group-0B3452D6D747 is not the leader 72845ddd-7944-416b-9dd2-35fcccd22f3d:192.168.69.122:41609, logIndex=0, commits[f1727f7a-dfce-47cb-9d44-d863f6c274c0:c6, 76e9ed70-2a32-4a64-9388-b77e9aa6f857:c4, 72845ddd-7944-416b-9dd2-35fcccd22f3d:c6]
2019-09-17 06:08:36,726 [java.util.concurrent.ThreadPoolExecutor$Worker@550fe58d[State = -1, empty queue]] WARN  server.GrpcLogAppender (GrpcLogAppender.java:timeoutAppendRequest(200)) - 72845ddd-7944-416b-9dd2-35fcccd22f3d@group-0B3452D6D747->f1727f7a-dfce-47cb-9d44-d863f6c274c0-GrpcLogAppender: appendEntries Timeout, request=72845ddd-7944-416b-9dd2-35fcccd22f3d->f1727f7a-dfce-47cb-9d44-d863f6c274c0#37-t1, previous=(t:1, i:12), leaderCommit=6, initializing? false, entries: <empty>
2019-09-17 06:08:36,726 [java.util.concurrent.ThreadPoolExecutor$Worker@7e25380e[State = -1, empty queue]] WARN  server.GrpcLogAppender (GrpcLogAppender.java:timeoutAppendRequest(200)) - 72845ddd-7944-416b-9dd2-35fcccd22f3d@group-0B3452D6D747->76e9ed70-2a32-4a64-9388-b77e9aa6f857-GrpcLogAppender: appendEntries Timeout, request=72845ddd-7944-416b-9dd2-35fcccd22f3d->76e9ed70-2a32-4a64-9388-b77e9aa6f857#37-t1, previous=(t:1, i:12), leaderCommit=6, initializing? false, entries: <empty>
2019-09-17 06:08:39,226 [java.util.concurrent.ThreadPoolExecutor$Worker@7e25380e[State = -1, empty queue]] WARN  server.GrpcLogAppender (GrpcLogAppender.java:timeoutAppendRequest(200)) - 72845ddd-7944-416b-9dd2-35fcccd22f3d@group-0B3452D6D747->76e9ed70-2a32-4a64-9388-b77e9aa6f857-GrpcLogAppender: appendEntries Timeout, request=72845ddd-7944-416b-9dd2-35fcccd22f3d->76e9ed70-2a32-4a64-9388-b77e9aa6f857#38-t1, previous=(t:1, i:12), leaderCommit=6, initializing? false, entries: <empty>
2019-09-17 06:08:39,226 [java.util.concurrent.ThreadPoolExecutor$Worker@550fe58d[State = -1, empty queue]] WARN  server.GrpcLogAppender (GrpcLogAppender.java:timeoutAppendRequest(200)) - 72845ddd-7944-416b-9dd2-35fcccd22f3d@group-0B3452D6D747->f1727f7a-dfce-47cb-9d44-d863f6c274c0-GrpcLogAppender: appendEntries Timeout, request=72845ddd-7944-416b-9dd2-35fcccd22f3d->f1727f7a-dfce-47cb-9d44-d863f6c274c0#38-t1, previous=(t:1, i:12), leaderCommit=6, initializing? false, entries: <empty>
2019-09-17 06:08:39,341 [grpc-default-executor-1] INFO  client.GrpcClientProtocolClient (GrpcClientProtocolClient.java:onNext(264)) - client-9AF48D7A035B->f1727f7a-dfce-47cb-9d44-d863f6c274c0: receive RaftClientReply:client-9AF48D7A035B->f1727f7a-dfce-47cb-9d44-d863f6c274c0@group-0B3452D6D747, cid=50, FAILED org.apache.ratis.protocol.NotLeaderException: Server f1727f7a-dfce-47cb-9d44-d863f6c274c0@group-0B3452D6D747 is not the leader 72845ddd-7944-416b-9dd2-35fcccd22f3d:192.168.69.122:41609, logIndex=0, commits[f1727f7a-dfce-47cb-9d44-d863f6c274c0:c6, 76e9ed70-2a32-4a64-9388-b77e9aa6f857:c4, 72845ddd-7944-416b-9dd2-35fcccd22f3d:c6]
2019-09-17 06:08:41,727 [java.util.concurrent.ThreadPoolExecutor$Worker@550fe58d[State = -1, empty queue]] WARN  server.GrpcLogAppender (GrpcLogAppender.java:timeoutAppendRequest(200)) - 72845ddd-7944-416b-9dd2-35fcccd22f3d@group-0B3452D6D747->f1727f7a-dfce-47cb-9d44-d863f6c274c0-GrpcLogAppender: appendEntries Timeout, request=72845ddd-7944-416b-9dd2-35fcccd22f3d->f1727f7a-dfce-47cb-9d44-d863f6c274c0#39-t1, previous=(t:1, i:12), leaderCommit=6, initializing? false, entries: <empty>
2019-09-17 06:08:41,727 [java.util.concurrent.ThreadPoolExecutor$Worker@7e25380e[State = -1, empty queue]] WARN  server.GrpcLogAppender (GrpcLogAppender.java:timeoutAppendRequest(200)) - 72845ddd-7944-416b-9dd2-35fcccd22f3d@group-0B3452D6D747->76e9ed70-2a32-4a64-9388-b77e9aa6f857-GrpcLogAppender: appendEntries Timeout, request=72845ddd-7944-416b-9dd2-35fcccd22f3d->76e9ed70-2a32-4a64-9388-b77e9aa6f857#39-t1, previous=(t:1, i:12), leaderCommit=6, initializing? false, entries: <empty>
2019-09-17 06:08:43,717 [76e9ed70-2a32-4a64-9388-b77e9aa6f857@group-0B3452D6D747-SegmentedRaftLogWorker] WARN  segmented.SegmentedRaftLogWorker (SegmentedRaftLogWorker.java:getFromFuture(90)) - Timeout 6/~
org.apache.ratis.protocol.TimeoutIOException: Timeout 10s: WriteLog:7: (t:1, i:7), STATEMACHINELOGENTRY, client-9AF48D7A035B, cid=50-writeStateMachineData
	at org.apache.ratis.util.IOUtils.getFromFuture(IOUtils.java:87)
	at org.apache.ratis.server.raftlog.segmented.SegmentedRaftLogWorker$StateMachineDataPolicy.getFromFuture(SegmentedRaftLogWorker.java:87)
	at org.apache.ratis.server.raftlog.segmented.SegmentedRaftLogWorker$WriteLog.execute(SegmentedRaftLogWorker.java:477)
	at org.apache.ratis.server.raftlog.segmented.SegmentedRaftLogWorker.run(SegmentedRaftLogWorker.java:289)
	at java.lang.Thread.run(Thread.java:748)
Caused by: java.util.concurrent.TimeoutException
	at java.util.concurrent.CompletableFuture.timedGet(CompletableFuture.java:1771)
	at java.util.concurrent.CompletableFuture.get(CompletableFuture.java:1915)
	at org.apache.ratis.util.IOUtils.getFromFuture(IOUtils.java:79)
	... 4 more
2019-09-17 06:08:43,717 [f1727f7a-dfce-47cb-9d44-d863f6c274c0@group-0B3452D6D747-SegmentedRaftLogWorker] WARN  segmented.SegmentedRaftLogWorker (SegmentedRaftLogWorker.java:getFromFuture(90)) - Timeout 6/~
org.apache.ratis.protocol.TimeoutIOException: Timeout 10s: WriteLog:7: (t:1, i:7), STATEMACHINELOGENTRY, client-9AF48D7A035B, cid=50-writeStateMachineData
	at org.apache.ratis.util.IOUtils.getFromFuture(IOUtils.java:87)
	at org.apache.ratis.server.raftlog.segmented.SegmentedRaftLogWorker$StateMachineDataPolicy.getFromFuture(SegmentedRaftLogWorker.java:87)
	at org.apache.ratis.server.raftlog.segmented.SegmentedRaftLogWorker$WriteLog.execute(SegmentedRaftLogWorker.java:477)
	at org.apache.ratis.server.raftlog.segmented.SegmentedRaftLogWorker.run(SegmentedRaftLogWorker.java:289)
	at java.lang.Thread.run(Thread.java:748)
Caused by: java.util.concurrent.TimeoutException
	at java.util.concurrent.CompletableFuture.timedGet(CompletableFuture.java:1771)
	at java.util.concurrent.CompletableFuture.get(CompletableFuture.java:1915)
	at org.apache.ratis.util.IOUtils.getFromFuture(IOUtils.java:79)
	... 4 more
2019-09-17 06:08:43,844 [72845ddd-7944-416b-9dd2-35fcccd22f3d@group-0B3452D6D747-SegmentedRaftLogWorker] WARN  segmented.SegmentedRaftLogWorker (SegmentedRaftLogWorker.java:getFromFuture(90)) - Timeout 6/~
org.apache.ratis.protocol.TimeoutIOException: Timeout 10s: WriteLog:8: (t:1, i:8), STATEMACHINELOGENTRY, client-9AF48D7A035B, cid=51-writeStateMachineData
	at org.apache.ratis.util.IOUtils.getFromFuture(IOUtils.java:87)
	at org.apache.ratis.server.raftlog.segmented.SegmentedRaftLogWorker$StateMachineDataPolicy.getFromFuture(SegmentedRaftLogWorker.java:87)
	at org.apache.ratis.server.raftlog.segmented.SegmentedRaftLogWorker$WriteLog.execute(SegmentedRaftLogWorker.java:477)
	at org.apache.ratis.server.raftlog.segmented.SegmentedRaftLogWorker.run(SegmentedRaftLogWorker.java:289)
	at java.lang.Thread.run(Thread.java:748)
Caused by: java.util.concurrent.TimeoutException
	at java.util.concurrent.CompletableFuture.timedGet(CompletableFuture.java:1771)
	at java.util.concurrent.CompletableFuture.get(CompletableFuture.java:1915)
	at org.apache.ratis.util.IOUtils.getFromFuture(IOUtils.java:79)
	... 4 more
2019-09-17 06:08:44,228 [java.util.concurrent.ThreadPoolExecutor$Worker@7e25380e[State = -1, empty queue]] WARN  server.GrpcLogAppender (GrpcLogAppender.java:timeoutAppendRequest(200)) - 72845ddd-7944-416b-9dd2-35fcccd22f3d@group-0B3452D6D747->76e9ed70-2a32-4a64-9388-b77e9aa6f857-GrpcLogAppender: appendEntries Timeout, request=72845ddd-7944-416b-9dd2-35fcccd22f3d->76e9ed70-2a32-4a64-9388-b77e9aa6f857#40-t1, previous=(t:1, i:12), leaderCommit=6, initializing? false, entries: <empty>
2019-09-17 06:08:44,228 [java.util.concurrent.ThreadPoolExecutor$Worker@550fe58d[State = -1, empty queue]] WARN  server.GrpcLogAppender (GrpcLogAppender.java:timeoutAppendRequest(200)) - 72845ddd-7944-416b-9dd2-35fcccd22f3d@group-0B3452D6D747->f1727f7a-dfce-47cb-9d44-d863f6c274c0-GrpcLogAppender: appendEntries Timeout, request=72845ddd-7944-416b-9dd2-35fcccd22f3d->f1727f7a-dfce-47cb-9d44-d863f6c274c0#40-t1, previous=(t:1, i:12), leaderCommit=6, initializing? false, entries: <empty>
2019-09-17 06:08:44,403 [grpc-default-executor-4] INFO  client.GrpcClientProtocolClient (GrpcClientProtocolClient.java:onNext(264)) - client-9AF48D7A035B->76e9ed70-2a32-4a64-9388-b77e9aa6f857: receive RaftClientReply:client-9AF48D7A035B->76e9ed70-2a32-4a64-9388-b77e9aa6f857@group-0B3452D6D747, cid=50, FAILED org.apache.ratis.protocol.NotLeaderException: Server 76e9ed70-2a32-4a64-9388-b77e9aa6f857@group-0B3452D6D747 is not the leader 72845ddd-7944-416b-9dd2-35fcccd22f3d:192.168.69.122:41609, logIndex=0, commits[76e9ed70-2a32-4a64-9388-b77e9aa6f857:c6, f1727f7a-dfce-47cb-9d44-d863f6c274c0:c4, 72845ddd-7944-416b-9dd2-35fcccd22f3d:c6]
2019-09-17 06:08:46,744 [java.util.concurrent.ThreadPoolExecutor$Worker@7e25380e[State = -1, empty queue]] WARN  server.GrpcLogAppender (GrpcLogAppender.java:timeoutAppendRequest(200)) - 72845ddd-7944-416b-9dd2-35fcccd22f3d@group-0B3452D6D747->76e9ed70-2a32-4a64-9388-b77e9aa6f857-GrpcLogAppender: appendEntries Timeout, request=72845ddd-7944-416b-9dd2-35fcccd22f3d->76e9ed70-2a32-4a64-9388-b77e9aa6f857#41-t1, previous=(t:1, i:12), leaderCommit=6, initializing? false, entries: <empty>
2019-09-17 06:08:46,744 [java.util.concurrent.ThreadPoolExecutor$Worker@550fe58d[State = -1, empty queue]] WARN  server.GrpcLogAppender (GrpcLogAppender.java:timeoutAppendRequest(200)) - 72845ddd-7944-416b-9dd2-35fcccd22f3d@group-0B3452D6D747->f1727f7a-dfce-47cb-9d44-d863f6c274c0-GrpcLogAppender: appendEntries Timeout, request=72845ddd-7944-416b-9dd2-35fcccd22f3d->f1727f7a-dfce-47cb-9d44-d863f6c274c0#41-t1, previous=(t:1, i:12), leaderCommit=6, initializing? false, entries: <empty>
2019-09-17 06:08:49,244 [java.util.concurrent.ThreadPoolExecutor$Worker@550fe58d[State = -1, empty queue]] WARN  server.GrpcLogAppender (GrpcLogAppender.java:timeoutAppendRequest(200)) - 72845ddd-7944-416b-9dd2-35fcccd22f3d@group-0B3452D6D747->f1727f7a-dfce-47cb-9d44-d863f6c274c0-GrpcLogAppender: appendEntries Timeout, request=72845ddd-7944-416b-9dd2-35fcccd22f3d->f1727f7a-dfce-47cb-9d44-d863f6c274c0#42-t1, previous=(t:1, i:12), leaderCommit=6, initializing? false, entries: <empty>
2019-09-17 06:08:49,244 [java.util.concurrent.ThreadPoolExecutor$Worker@7e25380e[State = -1, empty queue]] WARN  server.GrpcLogAppender (GrpcLogAppender.java:timeoutAppendRequest(200)) - 72845ddd-7944-416b-9dd2-35fcccd22f3d@group-0B3452D6D747->76e9ed70-2a32-4a64-9388-b77e9aa6f857-GrpcLogAppender: appendEntries Timeout, request=72845ddd-7944-416b-9dd2-35fcccd22f3d->76e9ed70-2a32-4a64-9388-b77e9aa6f857#42-t1, previous=(t:1, i:12), leaderCommit=6, initializing? false, entries: <empty>
2019-09-17 06:08:49,454 [grpc-default-executor-0] INFO  client.GrpcClientProtocolClient (GrpcClientProtocolClient.java:onNext(264)) - client-9AF48D7A035B->f1727f7a-dfce-47cb-9d44-d863f6c274c0: receive RaftClientReply:client-9AF48D7A035B->f1727f7a-dfce-47cb-9d44-d863f6c274c0@group-0B3452D6D747, cid=50, FAILED org.apache.ratis.protocol.NotLeaderException: Server f1727f7a-dfce-47cb-9d44-d863f6c274c0@group-0B3452D6D747 is not the leader 72845ddd-7944-416b-9dd2-35fcccd22f3d:192.168.69.122:41609, logIndex=0, commits[f1727f7a-dfce-47cb-9d44-d863f6c274c0:c6, 76e9ed70-2a32-4a64-9388-b77e9aa6f857:c4, 72845ddd-7944-416b-9dd2-35fcccd22f3d:c6]
2019-09-17 06:08:51,745 [java.util.concurrent.ThreadPoolExecutor$Worker@550fe58d[State = -1, empty queue]] WARN  server.GrpcLogAppender (GrpcLogAppender.java:timeoutAppendRequest(200)) - 72845ddd-7944-416b-9dd2-35fcccd22f3d@group-0B3452D6D747->f1727f7a-dfce-47cb-9d44-d863f6c274c0-GrpcLogAppender: appendEntries Timeout, request=72845ddd-7944-416b-9dd2-35fcccd22f3d->f1727f7a-dfce-47cb-9d44-d863f6c274c0#43-t1, previous=(t:1, i:12), leaderCommit=6, initializing? false, entries: <empty>
2019-09-17 06:08:51,745 [java.util.concurrent.ThreadPoolExecutor$Worker@7e25380e[State = -1, empty queue]] WARN  server.GrpcLogAppender (GrpcLogAppender.java:timeoutAppendRequest(200)) - 72845ddd-7944-416b-9dd2-35fcccd22f3d@group-0B3452D6D747->76e9ed70-2a32-4a64-9388-b77e9aa6f857-GrpcLogAppender: appendEntries Timeout, request=72845ddd-7944-416b-9dd2-35fcccd22f3d->76e9ed70-2a32-4a64-9388-b77e9aa6f857#43-t1, previous=(t:1, i:12), leaderCommit=6, initializing? false, entries: <empty>
2019-09-17 06:08:53,719 [76e9ed70-2a32-4a64-9388-b77e9aa6f857@group-0B3452D6D747-SegmentedRaftLogWorker] WARN  segmented.SegmentedRaftLogWorker (SegmentedRaftLogWorker.java:getFromFuture(90)) - Timeout 7/~
org.apache.ratis.protocol.TimeoutIOException: Timeout 10s: WriteLog:7: (t:1, i:7), STATEMACHINELOGENTRY, client-9AF48D7A035B, cid=50-writeStateMachineData
	at org.apache.ratis.util.IOUtils.getFromFuture(IOUtils.java:87)
	at org.apache.ratis.server.raftlog.segmented.SegmentedRaftLogWorker$StateMachineDataPolicy.getFromFuture(SegmentedRaftLogWorker.java:87)
	at org.apache.ratis.server.raftlog.segmented.SegmentedRaftLogWorker$WriteLog.execute(SegmentedRaftLogWorker.java:477)
	at org.apache.ratis.server.raftlog.segmented.SegmentedRaftLogWorker.run(SegmentedRaftLogWorker.java:289)
	at java.lang.Thread.run(Thread.java:748)
Caused by: java.util.concurrent.TimeoutException
	at java.util.concurrent.CompletableFuture.timedGet(CompletableFuture.java:1771)
	at java.util.concurrent.CompletableFuture.get(CompletableFuture.java:1915)
	at org.apache.ratis.util.IOUtils.getFromFuture(IOUtils.java:79)
	... 4 more
2019-09-17 06:08:53,744 [f1727f7a-dfce-47cb-9d44-d863f6c274c0@group-0B3452D6D747-SegmentedRaftLogWorker] WARN  segmented.SegmentedRaftLogWorker (SegmentedRaftLogWorker.java:getFromFuture(90)) - Timeout 7/~
org.apache.ratis.protocol.TimeoutIOException: Timeout 10s: WriteLog:7: (t:1, i:7), STATEMACHINELOGENTRY, client-9AF48D7A035B, cid=50-writeStateMachineData
	at org.apache.ratis.util.IOUtils.getFromFuture(IOUtils.java:87)
	at org.apache.ratis.server.raftlog.segmented.SegmentedRaftLogWorker$StateMachineDataPolicy.getFromFuture(SegmentedRaftLogWorker.java:87)
	at org.apache.ratis.server.raftlog.segmented.SegmentedRaftLogWorker$WriteLog.execute(SegmentedRaftLogWorker.java:477)
	at org.apache.ratis.server.raftlog.segmented.SegmentedRaftLogWorker.run(SegmentedRaftLogWorker.java:289)
	at java.lang.Thread.run(Thread.java:748)
Caused by: java.util.concurrent.TimeoutException
	at java.util.concurrent.CompletableFuture.timedGet(CompletableFuture.java:1771)
	at java.util.concurrent.CompletableFuture.get(CompletableFuture.java:1915)
	at org.apache.ratis.util.IOUtils.getFromFuture(IOUtils.java:79)
	... 4 more
2019-09-17 06:08:53,845 [72845ddd-7944-416b-9dd2-35fcccd22f3d@group-0B3452D6D747-SegmentedRaftLogWorker] WARN  segmented.SegmentedRaftLogWorker (SegmentedRaftLogWorker.java:getFromFuture(90)) - Timeout 7/~
org.apache.ratis.protocol.TimeoutIOException: Timeout 10s: WriteLog:8: (t:1, i:8), STATEMACHINELOGENTRY, client-9AF48D7A035B, cid=51-writeStateMachineData
	at org.apache.ratis.util.IOUtils.getFromFuture(IOUtils.java:87)
	at org.apache.ratis.server.raftlog.segmented.SegmentedRaftLogWorker$StateMachineDataPolicy.getFromFuture(SegmentedRaftLogWorker.java:87)
	at org.apache.ratis.server.raftlog.segmented.SegmentedRaftLogWorker$WriteLog.execute(SegmentedRaftLogWorker.java:477)
	at org.apache.ratis.server.raftlog.segmented.SegmentedRaftLogWorker.run(SegmentedRaftLogWorker.java:289)
	at java.lang.Thread.run(Thread.java:748)
Caused by: java.util.concurrent.TimeoutException
	at java.util.concurrent.CompletableFuture.timedGet(CompletableFuture.java:1771)
	at java.util.concurrent.CompletableFuture.get(CompletableFuture.java:1915)
	at org.apache.ratis.util.IOUtils.getFromFuture(IOUtils.java:79)
	... 4 more
2019-09-17 06:08:54,245 [java.util.concurrent.ThreadPoolExecutor$Worker@550fe58d[State = -1, empty queue]] WARN  server.GrpcLogAppender (GrpcLogAppender.java:timeoutAppendRequest(200)) - 72845ddd-7944-416b-9dd2-35fcccd22f3d@group-0B3452D6D747->f1727f7a-dfce-47cb-9d44-d863f6c274c0-GrpcLogAppender: appendEntries Timeout, request=72845ddd-7944-416b-9dd2-35fcccd22f3d->f1727f7a-dfce-47cb-9d44-d863f6c274c0#44-t1, previous=(t:1, i:12), leaderCommit=6, initializing? false, entries: <empty>
2019-09-17 06:08:54,245 [java.util.concurrent.ThreadPoolExecutor$Worker@7e25380e[State = -1, empty queue]] WARN  server.GrpcLogAppender (GrpcLogAppender.java:timeoutAppendRequest(200)) - 72845ddd-7944-416b-9dd2-35fcccd22f3d@group-0B3452D6D747->76e9ed70-2a32-4a64-9388-b77e9aa6f857-GrpcLogAppender: appendEntries Timeout, request=72845ddd-7944-416b-9dd2-35fcccd22f3d->76e9ed70-2a32-4a64-9388-b77e9aa6f857#44-t1, previous=(t:1, i:12), leaderCommit=6, initializing? false, entries: <empty>
2019-09-17 06:08:54,522 [grpc-default-executor-1] INFO  client.GrpcClientProtocolClient (GrpcClientProtocolClient.java:onNext(264)) - client-9AF48D7A035B->f1727f7a-dfce-47cb-9d44-d863f6c274c0: receive RaftClientReply:client-9AF48D7A035B->f1727f7a-dfce-47cb-9d44-d863f6c274c0@group-0B3452D6D747, cid=50, FAILED org.apache.ratis.protocol.NotLeaderException: Server f1727f7a-dfce-47cb-9d44-d863f6c274c0@group-0B3452D6D747 is not the leader 72845ddd-7944-416b-9dd2-35fcccd22f3d:192.168.69.122:41609, logIndex=0, commits[f1727f7a-dfce-47cb-9d44-d863f6c274c0:c6, 76e9ed70-2a32-4a64-9388-b77e9aa6f857:c4, 72845ddd-7944-416b-9dd2-35fcccd22f3d:c6]
2019-09-17 06:08:56,746 [java.util.concurrent.ThreadPoolExecutor$Worker@7e25380e[State = -1, empty queue]] WARN  server.GrpcLogAppender (GrpcLogAppender.java:timeoutAppendRequest(200)) - 72845ddd-7944-416b-9dd2-35fcccd22f3d@group-0B3452D6D747->76e9ed70-2a32-4a64-9388-b77e9aa6f857-GrpcLogAppender: appendEntries Timeout, request=72845ddd-7944-416b-9dd2-35fcccd22f3d->76e9ed70-2a32-4a64-9388-b77e9aa6f857#45-t1, previous=(t:1, i:12), leaderCommit=6, initializing? false, entries: <empty>
2019-09-17 06:08:56,746 [java.util.concurrent.ThreadPoolExecutor$Worker@550fe58d[State = -1, empty queue]] WARN  server.GrpcLogAppender (GrpcLogAppender.java:timeoutAppendRequest(200)) - 72845ddd-7944-416b-9dd2-35fcccd22f3d@group-0B3452D6D747->f1727f7a-dfce-47cb-9d44-d863f6c274c0-GrpcLogAppender: appendEntries Timeout, request=72845ddd-7944-416b-9dd2-35fcccd22f3d->f1727f7a-dfce-47cb-9d44-d863f6c274c0#45-t1, previous=(t:1, i:12), leaderCommit=6, initializing? false, entries: <empty>
2019-09-17 06:08:59,247 [java.util.concurrent.ThreadPoolExecutor$Worker@550fe58d[State = -1, empty queue]] WARN  server.GrpcLogAppender (GrpcLogAppender.java:timeoutAppendRequest(200)) - 72845ddd-7944-416b-9dd2-35fcccd22f3d@group-0B3452D6D747->f1727f7a-dfce-47cb-9d44-d863f6c274c0-GrpcLogAppender: appendEntries Timeout, request=72845ddd-7944-416b-9dd2-35fcccd22f3d->f1727f7a-dfce-47cb-9d44-d863f6c274c0#46-t1, previous=(t:1, i:12), leaderCommit=6, initializing? false, entries: <empty>
2019-09-17 06:08:59,247 [java.util.concurrent.ThreadPoolExecutor$Worker@7e25380e[State = -1, empty queue]] WARN  server.GrpcLogAppender (GrpcLogAppender.java:timeoutAppendRequest(200)) - 72845ddd-7944-416b-9dd2-35fcccd22f3d@group-0B3452D6D747->76e9ed70-2a32-4a64-9388-b77e9aa6f857-GrpcLogAppender: appendEntries Timeout, request=72845ddd-7944-416b-9dd2-35fcccd22f3d->76e9ed70-2a32-4a64-9388-b77e9aa6f857#46-t1, previous=(t:1, i:12), leaderCommit=6, initializing? false, entries: <empty>
2019-09-17 06:08:59,590 [grpc-default-executor-1] INFO  client.GrpcClientProtocolClient (GrpcClientProtocolClient.java:onNext(264)) - client-9AF48D7A035B->f1727f7a-dfce-47cb-9d44-d863f6c274c0: receive RaftClientReply:client-9AF48D7A035B->f1727f7a-dfce-47cb-9d44-d863f6c274c0@group-0B3452D6D747, cid=50, FAILED org.apache.ratis.protocol.NotLeaderException: Server f1727f7a-dfce-47cb-9d44-d863f6c274c0@group-0B3452D6D747 is not the leader 72845ddd-7944-416b-9dd2-35fcccd22f3d:192.168.69.122:41609, logIndex=0, commits[f1727f7a-dfce-47cb-9d44-d863f6c274c0:c6, 76e9ed70-2a32-4a64-9388-b77e9aa6f857:c4, 72845ddd-7944-416b-9dd2-35fcccd22f3d:c6]
2019-09-17 06:09:01,747 [java.util.concurrent.ThreadPoolExecutor$Worker@7e25380e[State = -1, empty queue]] WARN  server.GrpcLogAppender (GrpcLogAppender.java:timeoutAppendRequest(200)) - 72845ddd-7944-416b-9dd2-35fcccd22f3d@group-0B3452D6D747->76e9ed70-2a32-4a64-9388-b77e9aa6f857-GrpcLogAppender: appendEntries Timeout, request=72845ddd-7944-416b-9dd2-35fcccd22f3d->76e9ed70-2a32-4a64-9388-b77e9aa6f857#47-t1, previous=(t:1, i:12), leaderCommit=6, initializing? false, entries: <empty>
2019-09-17 06:09:01,747 [java.util.concurrent.ThreadPoolExecutor$Worker@550fe58d[State = -1, empty queue]] WARN  server.GrpcLogAppender (GrpcLogAppender.java:timeoutAppendRequest(200)) - 72845ddd-7944-416b-9dd2-35fcccd22f3d@group-0B3452D6D747->f1727f7a-dfce-47cb-9d44-d863f6c274c0-GrpcLogAppender: appendEntries Timeout, request=72845ddd-7944-416b-9dd2-35fcccd22f3d->f1727f7a-dfce-47cb-9d44-d863f6c274c0#47-t1, previous=(t:1, i:12), leaderCommit=6, initializing? false, entries: <empty>
2019-09-17 06:09:03,720 [76e9ed70-2a32-4a64-9388-b77e9aa6f857@group-0B3452D6D747-SegmentedRaftLogWorker] WARN  segmented.SegmentedRaftLogWorker (SegmentedRaftLogWorker.java:getFromFuture(90)) - Timeout 8/~
org.apache.ratis.protocol.TimeoutIOException: Timeout 10s: WriteLog:7: (t:1, i:7), STATEMACHINELOGENTRY, client-9AF48D7A035B, cid=50-writeStateMachineData
	at org.apache.ratis.util.IOUtils.getFromFuture(IOUtils.java:87)
	at org.apache.ratis.server.raftlog.segmented.SegmentedRaftLogWorker$StateMachineDataPolicy.getFromFuture(SegmentedRaftLogWorker.java:87)
	at org.apache.ratis.server.raftlog.segmented.SegmentedRaftLogWorker$WriteLog.execute(SegmentedRaftLogWorker.java:477)
	at org.apache.ratis.server.raftlog.segmented.SegmentedRaftLogWorker.run(SegmentedRaftLogWorker.java:289)
	at java.lang.Thread.run(Thread.java:748)
Caused by: java.util.concurrent.TimeoutException
	at java.util.concurrent.CompletableFuture.timedGet(CompletableFuture.java:1771)
	at java.util.concurrent.CompletableFuture.get(CompletableFuture.java:1915)
	at org.apache.ratis.util.IOUtils.getFromFuture(IOUtils.java:79)
	... 4 more
2019-09-17 06:09:03,745 [f1727f7a-dfce-47cb-9d44-d863f6c274c0@group-0B3452D6D747-SegmentedRaftLogWorker] WARN  segmented.SegmentedRaftLogWorker (SegmentedRaftLogWorker.java:getFromFuture(90)) - Timeout 8/~
org.apache.ratis.protocol.TimeoutIOException: Timeout 10s: WriteLog:7: (t:1, i:7), STATEMACHINELOGENTRY, client-9AF48D7A035B, cid=50-writeStateMachineData
	at org.apache.ratis.util.IOUtils.getFromFuture(IOUtils.java:87)
	at org.apache.ratis.server.raftlog.segmented.SegmentedRaftLogWorker$StateMachineDataPolicy.getFromFuture(SegmentedRaftLogWorker.java:87)
	at org.apache.ratis.server.raftlog.segmented.SegmentedRaftLogWorker$WriteLog.execute(SegmentedRaftLogWorker.java:477)
	at org.apache.ratis.server.raftlog.segmented.SegmentedRaftLogWorker.run(SegmentedRaftLogWorker.java:289)
	at java.lang.Thread.run(Thread.java:748)
Caused by: java.util.concurrent.TimeoutException
	at java.util.concurrent.CompletableFuture.timedGet(CompletableFuture.java:1771)
	at java.util.concurrent.CompletableFuture.get(CompletableFuture.java:1915)
	at org.apache.ratis.util.IOUtils.getFromFuture(IOUtils.java:79)
	... 4 more
2019-09-17 06:09:03,845 [72845ddd-7944-416b-9dd2-35fcccd22f3d@group-0B3452D6D747-SegmentedRaftLogWorker] WARN  segmented.SegmentedRaftLogWorker (SegmentedRaftLogWorker.java:getFromFuture(90)) - Timeout 8/~
org.apache.ratis.protocol.TimeoutIOException: Timeout 10s: WriteLog:8: (t:1, i:8), STATEMACHINELOGENTRY, client-9AF48D7A035B, cid=51-writeStateMachineData
	at org.apache.ratis.util.IOUtils.getFromFuture(IOUtils.java:87)
	at org.apache.ratis.server.raftlog.segmented.SegmentedRaftLogWorker$StateMachineDataPolicy.getFromFuture(SegmentedRaftLogWorker.java:87)
	at org.apache.ratis.server.raftlog.segmented.SegmentedRaftLogWorker$WriteLog.execute(SegmentedRaftLogWorker.java:477)
	at org.apache.ratis.server.raftlog.segmented.SegmentedRaftLogWorker.run(SegmentedRaftLogWorker.java:289)
	at java.lang.Thread.run(Thread.java:748)
Caused by: java.util.concurrent.TimeoutException
	at java.util.concurrent.CompletableFuture.timedGet(CompletableFuture.java:1771)
	at java.util.concurrent.CompletableFuture.get(CompletableFuture.java:1915)
	at org.apache.ratis.util.IOUtils.getFromFuture(IOUtils.java:79)
	... 4 more
2019-09-17 06:09:04,247 [java.util.concurrent.ThreadPoolExecutor$Worker@550fe58d[State = -1, empty queue]] WARN  server.GrpcLogAppender (GrpcLogAppender.java:timeoutAppendRequest(200)) - 72845ddd-7944-416b-9dd2-35fcccd22f3d@group-0B3452D6D747->f1727f7a-dfce-47cb-9d44-d863f6c274c0-GrpcLogAppender: appendEntries Timeout, request=72845ddd-7944-416b-9dd2-35fcccd22f3d->f1727f7a-dfce-47cb-9d44-d863f6c274c0#48-t1, previous=(t:1, i:12), leaderCommit=6, initializing? false, entries: <empty>
2019-09-17 06:09:04,247 [java.util.concurrent.ThreadPoolExecutor$Worker@7e25380e[State = -1, empty queue]] WARN  server.GrpcLogAppender (GrpcLogAppender.java:timeoutAppendRequest(200)) - 72845ddd-7944-416b-9dd2-35fcccd22f3d@group-0B3452D6D747->76e9ed70-2a32-4a64-9388-b77e9aa6f857-GrpcLogAppender: appendEntries Timeout, request=72845ddd-7944-416b-9dd2-35fcccd22f3d->76e9ed70-2a32-4a64-9388-b77e9aa6f857#48-t1, previous=(t:1, i:12), leaderCommit=6, initializing? false, entries: <empty>
2019-09-17 06:09:04,641 [grpc-default-executor-1] INFO  client.GrpcClientProtocolClient (GrpcClientProtocolClient.java:onNext(264)) - client-9AF48D7A035B->f1727f7a-dfce-47cb-9d44-d863f6c274c0: receive RaftClientReply:client-9AF48D7A035B->f1727f7a-dfce-47cb-9d44-d863f6c274c0@group-0B3452D6D747, cid=50, FAILED org.apache.ratis.protocol.NotLeaderException: Server f1727f7a-dfce-47cb-9d44-d863f6c274c0@group-0B3452D6D747 is not the leader 72845ddd-7944-416b-9dd2-35fcccd22f3d:192.168.69.122:41609, logIndex=0, commits[f1727f7a-dfce-47cb-9d44-d863f6c274c0:c6, 76e9ed70-2a32-4a64-9388-b77e9aa6f857:c4, 72845ddd-7944-416b-9dd2-35fcccd22f3d:c6]
2019-09-17 06:09:06,748 [java.util.concurrent.ThreadPoolExecutor$Worker@550fe58d[State = -1, empty queue]] WARN  server.GrpcLogAppender (GrpcLogAppender.java:timeoutAppendRequest(200)) - 72845ddd-7944-416b-9dd2-35fcccd22f3d@group-0B3452D6D747->f1727f7a-dfce-47cb-9d44-d863f6c274c0-GrpcLogAppender: appendEntries Timeout, request=72845ddd-7944-416b-9dd2-35fcccd22f3d->f1727f7a-dfce-47cb-9d44-d863f6c274c0#49-t1, previous=(t:1, i:12), leaderCommit=6, initializing? false, entries: <empty>
2019-09-17 06:09:06,748 [java.util.concurrent.ThreadPoolExecutor$Worker@7e25380e[State = -1, empty queue]] WARN  server.GrpcLogAppender (GrpcLogAppender.java:timeoutAppendRequest(200)) - 72845ddd-7944-416b-9dd2-35fcccd22f3d@group-0B3452D6D747->76e9ed70-2a32-4a64-9388-b77e9aa6f857-GrpcLogAppender: appendEntries Timeout, request=72845ddd-7944-416b-9dd2-35fcccd22f3d->76e9ed70-2a32-4a64-9388-b77e9aa6f857#49-t1, previous=(t:1, i:12), leaderCommit=6, initializing? false, entries: <empty>
2019-09-17 06:09:09,335 [java.util.concurrent.ThreadPoolExecutor$Worker@7e25380e[State = -1, empty queue]] WARN  server.GrpcLogAppender (GrpcLogAppender.java:timeoutAppendRequest(200)) - 72845ddd-7944-416b-9dd2-35fcccd22f3d@group-0B3452D6D747->76e9ed70-2a32-4a64-9388-b77e9aa6f857-GrpcLogAppender: appendEntries Timeout, request=72845ddd-7944-416b-9dd2-35fcccd22f3d->76e9ed70-2a32-4a64-9388-b77e9aa6f857#50-t1, previous=(t:1, i:12), leaderCommit=6, initializing? false, entries: <empty>
2019-09-17 06:09:09,335 [java.util.concurrent.ThreadPoolExecutor$Worker@550fe58d[State = -1, empty queue]] WARN  server.GrpcLogAppender (GrpcLogAppender.java:timeoutAppendRequest(200)) - 72845ddd-7944-416b-9dd2-35fcccd22f3d@group-0B3452D6D747->f1727f7a-dfce-47cb-9d44-d863f6c274c0-GrpcLogAppender: appendEntries Timeout, request=72845ddd-7944-416b-9dd2-35fcccd22f3d->f1727f7a-dfce-47cb-9d44-d863f6c274c0#50-t1, previous=(t:1, i:12), leaderCommit=6, initializing? false, entries: <empty>
2019-09-17 06:09:09,685 [grpc-default-executor-4] INFO  client.GrpcClientProtocolClient (GrpcClientProtocolClient.java:onNext(264)) - client-9AF48D7A035B->f1727f7a-dfce-47cb-9d44-d863f6c274c0: receive RaftClientReply:client-9AF48D7A035B->f1727f7a-dfce-47cb-9d44-d863f6c274c0@group-0B3452D6D747, cid=50, FAILED org.apache.ratis.protocol.NotLeaderException: Server f1727f7a-dfce-47cb-9d44-d863f6c274c0@group-0B3452D6D747 is not the leader 72845ddd-7944-416b-9dd2-35fcccd22f3d:192.168.69.122:41609, logIndex=0, commits[f1727f7a-dfce-47cb-9d44-d863f6c274c0:c6, 76e9ed70-2a32-4a64-9388-b77e9aa6f857:c4, 72845ddd-7944-416b-9dd2-35fcccd22f3d:c6]
2019-09-17 06:09:11,835 [java.util.concurrent.ThreadPoolExecutor$Worker@550fe58d[State = -1, empty queue]] WARN  server.GrpcLogAppender (GrpcLogAppender.java:timeoutAppendRequest(200)) - 72845ddd-7944-416b-9dd2-35fcccd22f3d@group-0B3452D6D747->f1727f7a-dfce-47cb-9d44-d863f6c274c0-GrpcLogAppender: appendEntries Timeout, request=72845ddd-7944-416b-9dd2-35fcccd22f3d->f1727f7a-dfce-47cb-9d44-d863f6c274c0#51-t1, previous=(t:1, i:12), leaderCommit=6, initializing? false, entries: <empty>
2019-09-17 06:09:11,835 [java.util.concurrent.ThreadPoolExecutor$Worker@7e25380e[State = -1, empty queue]] WARN  server.GrpcLogAppender (GrpcLogAppender.java:timeoutAppendRequest(200)) - 72845ddd-7944-416b-9dd2-35fcccd22f3d@group-0B3452D6D747->76e9ed70-2a32-4a64-9388-b77e9aa6f857-GrpcLogAppender: appendEntries Timeout, request=72845ddd-7944-416b-9dd2-35fcccd22f3d->76e9ed70-2a32-4a64-9388-b77e9aa6f857#51-t1, previous=(t:1, i:12), leaderCommit=6, initializing? false, entries: <empty>
2019-09-17 06:09:13,722 [76e9ed70-2a32-4a64-9388-b77e9aa6f857@group-0B3452D6D747-SegmentedRaftLogWorker] WARN  segmented.SegmentedRaftLogWorker (SegmentedRaftLogWorker.java:getFromFuture(90)) - Timeout 9/~
org.apache.ratis.protocol.TimeoutIOException: Timeout 10s: WriteLog:7: (t:1, i:7), STATEMACHINELOGENTRY, client-9AF48D7A035B, cid=50-writeStateMachineData
	at org.apache.ratis.util.IOUtils.getFromFuture(IOUtils.java:87)
	at org.apache.ratis.server.raftlog.segmented.SegmentedRaftLogWorker$StateMachineDataPolicy.getFromFuture(SegmentedRaftLogWorker.java:87)
	at org.apache.ratis.server.raftlog.segmented.SegmentedRaftLogWorker$WriteLog.execute(SegmentedRaftLogWorker.java:477)
	at org.apache.ratis.server.raftlog.segmented.SegmentedRaftLogWorker.run(SegmentedRaftLogWorker.java:289)
	at java.lang.Thread.run(Thread.java:748)
Caused by: java.util.concurrent.TimeoutException
	at java.util.concurrent.CompletableFuture.timedGet(CompletableFuture.java:1771)
	at java.util.concurrent.CompletableFuture.get(CompletableFuture.java:1915)
	at org.apache.ratis.util.IOUtils.getFromFuture(IOUtils.java:79)
	... 4 more
2019-09-17 06:09:13,745 [f1727f7a-dfce-47cb-9d44-d863f6c274c0@group-0B3452D6D747-SegmentedRaftLogWorker] WARN  segmented.SegmentedRaftLogWorker (SegmentedRaftLogWorker.java:getFromFuture(90)) - Timeout 9/~
org.apache.ratis.protocol.TimeoutIOException: Timeout 10s: WriteLog:7: (t:1, i:7), STATEMACHINELOGENTRY, client-9AF48D7A035B, cid=50-writeStateMachineData
	at org.apache.ratis.util.IOUtils.getFromFuture(IOUtils.java:87)
	at org.apache.ratis.server.raftlog.segmented.SegmentedRaftLogWorker$StateMachineDataPolicy.getFromFuture(SegmentedRaftLogWorker.java:87)
	at org.apache.ratis.server.raftlog.segmented.SegmentedRaftLogWorker$WriteLog.execute(SegmentedRaftLogWorker.java:477)
	at org.apache.ratis.server.raftlog.segmented.SegmentedRaftLogWorker.run(SegmentedRaftLogWorker.java:289)
	at java.lang.Thread.run(Thread.java:748)
Caused by: java.util.concurrent.TimeoutException
	at java.util.concurrent.CompletableFuture.timedGet(CompletableFuture.java:1771)
	at java.util.concurrent.CompletableFuture.get(CompletableFuture.java:1915)
	at org.apache.ratis.util.IOUtils.getFromFuture(IOUtils.java:79)
	... 4 more
2019-09-17 06:09:13,846 [72845ddd-7944-416b-9dd2-35fcccd22f3d@group-0B3452D6D747-SegmentedRaftLogWorker] WARN  segmented.SegmentedRaftLogWorker (SegmentedRaftLogWorker.java:getFromFuture(90)) - Timeout 9/~
org.apache.ratis.protocol.TimeoutIOException: Timeout 10s: WriteLog:8: (t:1, i:8), STATEMACHINELOGENTRY, client-9AF48D7A035B, cid=51-writeStateMachineData
	at org.apache.ratis.util.IOUtils.getFromFuture(IOUtils.java:87)
	at org.apache.ratis.server.raftlog.segmented.SegmentedRaftLogWorker$StateMachineDataPolicy.getFromFuture(SegmentedRaftLogWorker.java:87)
	at org.apache.ratis.server.raftlog.segmented.SegmentedRaftLogWorker$WriteLog.execute(SegmentedRaftLogWorker.java:477)
	at org.apache.ratis.server.raftlog.segmented.SegmentedRaftLogWorker.run(SegmentedRaftLogWorker.java:289)
	at java.lang.Thread.run(Thread.java:748)
Caused by: java.util.concurrent.TimeoutException
	at java.util.concurrent.CompletableFuture.timedGet(CompletableFuture.java:1771)
	at java.util.concurrent.CompletableFuture.get(CompletableFuture.java:1915)
	at org.apache.ratis.util.IOUtils.getFromFuture(IOUtils.java:79)
	... 4 more
2019-09-17 06:09:14,335 [java.util.concurrent.ThreadPoolExecutor$Worker@550fe58d[State = -1, empty queue]] WARN  server.GrpcLogAppender (GrpcLogAppender.java:timeoutAppendRequest(200)) - 72845ddd-7944-416b-9dd2-35fcccd22f3d@group-0B3452D6D747->f1727f7a-dfce-47cb-9d44-d863f6c274c0-GrpcLogAppender: appendEntries Timeout, request=72845ddd-7944-416b-9dd2-35fcccd22f3d->f1727f7a-dfce-47cb-9d44-d863f6c274c0#52-t1, previous=(t:1, i:12), leaderCommit=6, initializing? false, entries: <empty>
2019-09-17 06:09:14,335 [java.util.concurrent.ThreadPoolExecutor$Worker@7e25380e[State = -1, empty queue]] WARN  server.GrpcLogAppender (GrpcLogAppender.java:timeoutAppendRequest(200)) - 72845ddd-7944-416b-9dd2-35fcccd22f3d@group-0B3452D6D747->76e9ed70-2a32-4a64-9388-b77e9aa6f857-GrpcLogAppender: appendEntries Timeout, request=72845ddd-7944-416b-9dd2-35fcccd22f3d->76e9ed70-2a32-4a64-9388-b77e9aa6f857#52-t1, previous=(t:1, i:12), leaderCommit=6, initializing? false, entries: <empty>
2019-09-17 06:09:14,682 [ReplicationMonitor] INFO  container.ReplicationManager (ReplicationManager.java:forceCloseContainer(464)) - Force closing container #1 with BCSID 4, which is in QUASI_CLOSED state.
2019-09-17 06:09:14,683 [ReplicationMonitor] INFO  container.ReplicationManager (ReplicationManager.java:sendCloseCommand(659)) - Sending close container command for container #1 to datanode f1727f7a-dfce-47cb-9d44-d863f6c274c0{ip: 192.168.69.122, host: trunk-nightly-20190917-29l5j-2509219610, networkLocation: /default-rack, certSerialId: null}.
2019-09-17 06:09:14,684 [ReplicationMonitor] INFO  container.ReplicationManager (ReplicationManager.java:sendCloseCommand(659)) - Sending close container command for container #1 to datanode 76e9ed70-2a32-4a64-9388-b77e9aa6f857{ip: 192.168.69.122, host: trunk-nightly-20190917-29l5j-2509219610, networkLocation: /default-rack, certSerialId: null}.
2019-09-17 06:09:14,684 [ReplicationMonitor] INFO  container.ReplicationManager (ReplicationManager.java:sendCloseCommand(659)) - Sending close container command for container #1 to datanode 72845ddd-7944-416b-9dd2-35fcccd22f3d{ip: 192.168.69.122, host: trunk-nightly-20190917-29l5j-2509219610, networkLocation: /default-rack, certSerialId: null}.
2019-09-17 06:09:14,684 [ReplicationMonitor] INFO  container.ReplicationManager (ReplicationManager.java:forceCloseContainer(464)) - Force closing container #3 with BCSID 0, which is in QUASI_CLOSED state.
2019-09-17 06:09:14,684 [ReplicationMonitor] INFO  container.ReplicationManager (ReplicationManager.java:sendCloseCommand(659)) - Sending close container command for container #3 to datanode f1727f7a-dfce-47cb-9d44-d863f6c274c0{ip: 192.168.69.122, host: trunk-nightly-20190917-29l5j-2509219610, networkLocation: /default-rack, certSerialId: null}.
2019-09-17 06:09:14,685 [ReplicationMonitor] INFO  container.ReplicationManager (ReplicationManager.java:sendCloseCommand(659)) - Sending close container command for container #3 to datanode 76e9ed70-2a32-4a64-9388-b77e9aa6f857{ip: 192.168.69.122, host: trunk-nightly-20190917-29l5j-2509219610, networkLocation: /default-rack, certSerialId: null}.
2019-09-17 06:09:14,685 [ReplicationMonitor] INFO  container.ReplicationManager (ReplicationManager.java:sendCloseCommand(659)) - Sending close container command for container #3 to datanode 72845ddd-7944-416b-9dd2-35fcccd22f3d{ip: 192.168.69.122, host: trunk-nightly-20190917-29l5j-2509219610, networkLocation: /default-rack, certSerialId: null}.
2019-09-17 06:09:14,685 [ReplicationMonitor] INFO  container.ReplicationManager (ReplicationManager.java:run(225)) - Replication Monitor Thread took 11 milliseconds for processing 7 containers.
2019-09-17 06:09:14,735 [grpc-default-executor-0] INFO  client.GrpcClientProtocolClient (GrpcClientProtocolClient.java:onNext(264)) - client-9AF48D7A035B->f1727f7a-dfce-47cb-9d44-d863f6c274c0: receive RaftClientReply:client-9AF48D7A035B->f1727f7a-dfce-47cb-9d44-d863f6c274c0@group-0B3452D6D747, cid=50, FAILED org.apache.ratis.protocol.NotLeaderException: Server f1727f7a-dfce-47cb-9d44-d863f6c274c0@group-0B3452D6D747 is not the leader 72845ddd-7944-416b-9dd2-35fcccd22f3d:192.168.69.122:41609, logIndex=0, commits[f1727f7a-dfce-47cb-9d44-d863f6c274c0:c6, 76e9ed70-2a32-4a64-9388-b77e9aa6f857:c4, 72845ddd-7944-416b-9dd2-35fcccd22f3d:c6]
2019-09-17 06:09:15,852 [Command processor thread] INFO  interfaces.Container (KeyValueContainer.java:flushAndSyncDB(386)) - Container 1 is synced with bcsId 4.
2019-09-17 06:09:15,854 [Command processor thread] INFO  interfaces.Container (KeyValueContainer.java:flushAndSyncDB(386)) - Container 1 is synced with bcsId 4.
2019-09-17 06:09:15,869 [Command processor thread] INFO  interfaces.Container (KeyValueContainer.java:close(335)) - Container 1 is closed with bcsId 4.
2019-09-17 06:09:15,870 [Command processor thread] INFO  interfaces.Container (KeyValueContainer.java:flushAndSyncDB(386)) - Container 3 is synced with bcsId 0.
2019-09-17 06:09:15,870 [Command processor thread] INFO  interfaces.Container (KeyValueContainer.java:flushAndSyncDB(386)) - Container 3 is synced with bcsId 0.
2019-09-17 06:09:15,871 [EventQueue-IncrementalContainerReportForIncrementalContainerReportHandler] INFO  container.IncrementalContainerReportHandler (AbstractContainerReportHandler.java:updateContainerState(202)) - Moving container #1 to CLOSED state, datanode 76e9ed70-2a32-4a64-9388-b77e9aa6f857{ip: 192.168.69.122, host: trunk-nightly-20190917-29l5j-2509219610, networkLocation: /default-rack, certSerialId: null} reported CLOSED replica.
2019-09-17 06:09:15,884 [Command processor thread] INFO  interfaces.Container (KeyValueContainer.java:close(335)) - Container 3 is closed with bcsId 0.
2019-09-17 06:09:15,885 [EventQueue-IncrementalContainerReportForIncrementalContainerReportHandler] INFO  container.IncrementalContainerReportHandler (AbstractContainerReportHandler.java:updateContainerState(202)) - Moving container #3 to CLOSED state, datanode 76e9ed70-2a32-4a64-9388-b77e9aa6f857{ip: 192.168.69.122, host: trunk-nightly-20190917-29l5j-2509219610, networkLocation: /default-rack, certSerialId: null} reported CLOSED replica.
2019-09-17 06:09:16,836 [java.util.concurrent.ThreadPoolExecutor$Worker@550fe58d[State = -1, empty queue]] WARN  server.GrpcLogAppender (GrpcLogAppender.java:timeoutAppendRequest(200)) - 72845ddd-7944-416b-9dd2-35fcccd22f3d@group-0B3452D6D747->f1727f7a-dfce-47cb-9d44-d863f6c274c0-GrpcLogAppender: appendEntries Timeout, request=72845ddd-7944-416b-9dd2-35fcccd22f3d->f1727f7a-dfce-47cb-9d44-d863f6c274c0#53-t1, previous=(t:1, i:12), leaderCommit=6, initializing? false, entries: <empty>
2019-09-17 06:09:16,836 [java.util.concurrent.ThreadPoolExecutor$Worker@7e25380e[State = -1, empty queue]] WARN  server.GrpcLogAppender (GrpcLogAppender.java:timeoutAppendRequest(200)) - 72845ddd-7944-416b-9dd2-35fcccd22f3d@group-0B3452D6D747->76e9ed70-2a32-4a64-9388-b77e9aa6f857-GrpcLogAppender: appendEntries Timeout, request=72845ddd-7944-416b-9dd2-35fcccd22f3d->76e9ed70-2a32-4a64-9388-b77e9aa6f857#53-t1, previous=(t:1, i:12), leaderCommit=6, initializing? false, entries: <empty>
2019-09-17 06:09:16,841 [Command processor thread] INFO  interfaces.Container (KeyValueContainer.java:flushAndSyncDB(386)) - Container 1 is synced with bcsId 4.
2019-09-17 06:09:16,841 [Command processor thread] INFO  interfaces.Container (KeyValueContainer.java:flushAndSyncDB(386)) - Container 1 is synced with bcsId 4.
2019-09-17 06:09:16,848 [Command processor thread] INFO  interfaces.Container (KeyValueContainer.java:flushAndSyncDB(386)) - Container 1 is synced with bcsId 4.
2019-09-17 06:09:16,848 [Command processor thread] INFO  interfaces.Container (KeyValueContainer.java:flushAndSyncDB(386)) - Container 1 is synced with bcsId 4.
2019-09-17 06:09:16,858 [Command processor thread] INFO  interfaces.Container (KeyValueContainer.java:close(335)) - Container 1 is closed with bcsId 4.
2019-09-17 06:09:16,858 [Command processor thread] INFO  interfaces.Container (KeyValueContainer.java:close(335)) - Container 1 is closed with bcsId 4.
2019-09-17 06:09:16,859 [Command processor thread] INFO  interfaces.Container (KeyValueContainer.java:flushAndSyncDB(386)) - Container 3 is synced with bcsId 0.
2019-09-17 06:09:16,859 [Command processor thread] INFO  interfaces.Container (KeyValueContainer.java:flushAndSyncDB(386)) - Container 3 is synced with bcsId 0.
2019-09-17 06:09:16,859 [Command processor thread] INFO  interfaces.Container (KeyValueContainer.java:flushAndSyncDB(386)) - Container 3 is synced with bcsId 0.
2019-09-17 06:09:16,859 [Command processor thread] INFO  interfaces.Container (KeyValueContainer.java:flushAndSyncDB(386)) - Container 3 is synced with bcsId 0.
2019-09-17 06:09:16,874 [Command processor thread] INFO  interfaces.Container (KeyValueContainer.java:close(335)) - Container 3 is closed with bcsId 0.
2019-09-17 06:09:16,874 [Command processor thread] INFO  interfaces.Container (KeyValueContainer.java:close(335)) - Container 3 is closed with bcsId 0.
2019-09-17 06:09:19,336 [java.util.concurrent.ThreadPoolExecutor$Worker@550fe58d[State = -1, empty queue]] WARN  server.GrpcLogAppender (GrpcLogAppender.java:timeoutAppendRequest(200)) - 72845ddd-7944-416b-9dd2-35fcccd22f3d@group-0B3452D6D747->f1727f7a-dfce-47cb-9d44-d863f6c274c0-GrpcLogAppender: appendEntries Timeout, request=72845ddd-7944-416b-9dd2-35fcccd22f3d->f1727f7a-dfce-47cb-9d44-d863f6c274c0#54-t1, previous=(t:1, i:12), leaderCommit=6, initializing? false, entries: <empty>
2019-09-17 06:09:19,336 [java.util.concurrent.ThreadPoolExecutor$Worker@7e25380e[State = -1, empty queue]] WARN  server.GrpcLogAppender (GrpcLogAppender.java:timeoutAppendRequest(200)) - 72845ddd-7944-416b-9dd2-35fcccd22f3d@group-0B3452D6D747->76e9ed70-2a32-4a64-9388-b77e9aa6f857-GrpcLogAppender: appendEntries Timeout, request=72845ddd-7944-416b-9dd2-35fcccd22f3d->76e9ed70-2a32-4a64-9388-b77e9aa6f857#54-t1, previous=(t:1, i:12), leaderCommit=6, initializing? false, entries: <empty>
2019-09-17 06:09:19,786 [grpc-default-executor-1] INFO  client.GrpcClientProtocolClient (GrpcClientProtocolClient.java:onNext(264)) - client-9AF48D7A035B->76e9ed70-2a32-4a64-9388-b77e9aa6f857: receive RaftClientReply:client-9AF48D7A035B->76e9ed70-2a32-4a64-9388-b77e9aa6f857@group-0B3452D6D747, cid=50, FAILED org.apache.ratis.protocol.NotLeaderException: Server 76e9ed70-2a32-4a64-9388-b77e9aa6f857@group-0B3452D6D747 is not the leader 72845ddd-7944-416b-9dd2-35fcccd22f3d:192.168.69.122:41609, logIndex=0, commits[76e9ed70-2a32-4a64-9388-b77e9aa6f857:c6, f1727f7a-dfce-47cb-9d44-d863f6c274c0:c4, 72845ddd-7944-416b-9dd2-35fcccd22f3d:c6]
2019-09-17 06:09:21,837 [java.util.concurrent.ThreadPoolExecutor$Worker@7e25380e[State = -1, empty queue]] WARN  server.GrpcLogAppender (GrpcLogAppender.java:timeoutAppendRequest(200)) - 72845ddd-7944-416b-9dd2-35fcccd22f3d@group-0B3452D6D747->76e9ed70-2a32-4a64-9388-b77e9aa6f857-GrpcLogAppender: appendEntries Timeout, request=72845ddd-7944-416b-9dd2-35fcccd22f3d->76e9ed70-2a32-4a64-9388-b77e9aa6f857#55-t1, previous=(t:1, i:12), leaderCommit=6, initializing? false, entries: <empty>
2019-09-17 06:09:21,837 [java.util.concurrent.ThreadPoolExecutor$Worker@550fe58d[State = -1, empty queue]] WARN  server.GrpcLogAppender (GrpcLogAppender.java:timeoutAppendRequest(200)) - 72845ddd-7944-416b-9dd2-35fcccd22f3d@group-0B3452D6D747->f1727f7a-dfce-47cb-9d44-d863f6c274c0-GrpcLogAppender: appendEntries Timeout, request=72845ddd-7944-416b-9dd2-35fcccd22f3d->f1727f7a-dfce-47cb-9d44-d863f6c274c0#55-t1, previous=(t:1, i:12), leaderCommit=6, initializing? false, entries: <empty>
2019-09-17 06:09:23,724 [76e9ed70-2a32-4a64-9388-b77e9aa6f857@group-0B3452D6D747-SegmentedRaftLogWorker] WARN  segmented.SegmentedRaftLogWorker (SegmentedRaftLogWorker.java:getFromFuture(90)) - Timeout 10/~
org.apache.ratis.protocol.TimeoutIOException: Timeout 10s: WriteLog:7: (t:1, i:7), STATEMACHINELOGENTRY, client-9AF48D7A035B, cid=50-writeStateMachineData
	at org.apache.ratis.util.IOUtils.getFromFuture(IOUtils.java:87)
	at org.apache.ratis.server.raftlog.segmented.SegmentedRaftLogWorker$StateMachineDataPolicy.getFromFuture(SegmentedRaftLogWorker.java:87)
	at org.apache.ratis.server.raftlog.segmented.SegmentedRaftLogWorker$WriteLog.execute(SegmentedRaftLogWorker.java:477)
	at org.apache.ratis.server.raftlog.segmented.SegmentedRaftLogWorker.run(SegmentedRaftLogWorker.java:289)
	at java.lang.Thread.run(Thread.java:748)
Caused by: java.util.concurrent.TimeoutException
	at java.util.concurrent.CompletableFuture.timedGet(CompletableFuture.java:1771)
	at java.util.concurrent.CompletableFuture.get(CompletableFuture.java:1915)
	at org.apache.ratis.util.IOUtils.getFromFuture(IOUtils.java:79)
	... 4 more
2019-09-17 06:09:23,746 [f1727f7a-dfce-47cb-9d44-d863f6c274c0@group-0B3452D6D747-SegmentedRaftLogWorker] WARN  segmented.SegmentedRaftLogWorker (SegmentedRaftLogWorker.java:getFromFuture(90)) - Timeout 10/~
org.apache.ratis.protocol.TimeoutIOException: Timeout 10s: WriteLog:7: (t:1, i:7), STATEMACHINELOGENTRY, client-9AF48D7A035B, cid=50-writeStateMachineData
	at org.apache.ratis.util.IOUtils.getFromFuture(IOUtils.java:87)
	at org.apache.ratis.server.raftlog.segmented.SegmentedRaftLogWorker$StateMachineDataPolicy.getFromFuture(SegmentedRaftLogWorker.java:87)
	at org.apache.ratis.server.raftlog.segmented.SegmentedRaftLogWorker$WriteLog.execute(SegmentedRaftLogWorker.java:477)
	at org.apache.ratis.server.raftlog.segmented.SegmentedRaftLogWorker.run(SegmentedRaftLogWorker.java:289)
	at java.lang.Thread.run(Thread.java:748)
Caused by: java.util.concurrent.TimeoutException
	at java.util.concurrent.CompletableFuture.timedGet(CompletableFuture.java:1771)
	at java.util.concurrent.CompletableFuture.get(CompletableFuture.java:1915)
	at org.apache.ratis.util.IOUtils.getFromFuture(IOUtils.java:79)
	... 4 more
2019-09-17 06:09:23,847 [72845ddd-7944-416b-9dd2-35fcccd22f3d@group-0B3452D6D747-SegmentedRaftLogWorker] WARN  segmented.SegmentedRaftLogWorker (SegmentedRaftLogWorker.java:getFromFuture(90)) - Timeout 10/~
org.apache.ratis.protocol.TimeoutIOException: Timeout 10s: WriteLog:8: (t:1, i:8), STATEMACHINELOGENTRY, client-9AF48D7A035B, cid=51-writeStateMachineData
	at org.apache.ratis.util.IOUtils.getFromFuture(IOUtils.java:87)
	at org.apache.ratis.server.raftlog.segmented.SegmentedRaftLogWorker$StateMachineDataPolicy.getFromFuture(SegmentedRaftLogWorker.java:87)
	at org.apache.ratis.server.raftlog.segmented.SegmentedRaftLogWorker$WriteLog.execute(SegmentedRaftLogWorker.java:477)
	at org.apache.ratis.server.raftlog.segmented.SegmentedRaftLogWorker.run(SegmentedRaftLogWorker.java:289)
	at java.lang.Thread.run(Thread.java:748)
Caused by: java.util.concurrent.TimeoutException
	at java.util.concurrent.CompletableFuture.timedGet(CompletableFuture.java:1771)
	at java.util.concurrent.CompletableFuture.get(CompletableFuture.java:1915)
	at org.apache.ratis.util.IOUtils.getFromFuture(IOUtils.java:79)
	... 4 more
2019-09-17 06:09:24,337 [java.util.concurrent.ThreadPoolExecutor$Worker@7e25380e[State = -1, empty queue]] WARN  server.GrpcLogAppender (GrpcLogAppender.java:timeoutAppendRequest(200)) - 72845ddd-7944-416b-9dd2-35fcccd22f3d@group-0B3452D6D747->76e9ed70-2a32-4a64-9388-b77e9aa6f857-GrpcLogAppender: appendEntries Timeout, request=72845ddd-7944-416b-9dd2-35fcccd22f3d->76e9ed70-2a32-4a64-9388-b77e9aa6f857#56-t1, previous=(t:1, i:12), leaderCommit=6, initializing? false, entries: <empty>
2019-09-17 06:09:24,337 [java.util.concurrent.ThreadPoolExecutor$Worker@550fe58d[State = -1, empty queue]] WARN  server.GrpcLogAppender (GrpcLogAppender.java:timeoutAppendRequest(200)) - 72845ddd-7944-416b-9dd2-35fcccd22f3d@group-0B3452D6D747->f1727f7a-dfce-47cb-9d44-d863f6c274c0-GrpcLogAppender: appendEntries Timeout, request=72845ddd-7944-416b-9dd2-35fcccd22f3d->f1727f7a-dfce-47cb-9d44-d863f6c274c0#56-t1, previous=(t:1, i:12), leaderCommit=6, initializing? false, entries: <empty>
2019-09-17 06:09:24,826 [grpc-default-executor-0] INFO  client.GrpcClientProtocolClient (GrpcClientProtocolClient.java:onNext(264)) - client-9AF48D7A035B->76e9ed70-2a32-4a64-9388-b77e9aa6f857: receive RaftClientReply:client-9AF48D7A035B->76e9ed70-2a32-4a64-9388-b77e9aa6f857@group-0B3452D6D747, cid=50, FAILED org.apache.ratis.protocol.NotLeaderException: Server 76e9ed70-2a32-4a64-9388-b77e9aa6f857@group-0B3452D6D747 is not the leader 72845ddd-7944-416b-9dd2-35fcccd22f3d:192.168.69.122:41609, logIndex=0, commits[76e9ed70-2a32-4a64-9388-b77e9aa6f857:c6, f1727f7a-dfce-47cb-9d44-d863f6c274c0:c4, 72845ddd-7944-416b-9dd2-35fcccd22f3d:c6]
2019-09-17 06:09:26,837 [java.util.concurrent.ThreadPoolExecutor$Worker@7e25380e[State = -1, empty queue]] WARN  server.GrpcLogAppender (GrpcLogAppender.java:timeoutAppendRequest(200)) - 72845ddd-7944-416b-9dd2-35fcccd22f3d@group-0B3452D6D747->76e9ed70-2a32-4a64-9388-b77e9aa6f857-GrpcLogAppender: appendEntries Timeout, request=72845ddd-7944-416b-9dd2-35fcccd22f3d->76e9ed70-2a32-4a64-9388-b77e9aa6f857#57-t1, previous=(t:1, i:12), leaderCommit=6, initializing? false, entries: <empty>
2019-09-17 06:09:26,837 [java.util.concurrent.ThreadPoolExecutor$Worker@550fe58d[State = -1, empty queue]] WARN  server.GrpcLogAppender (GrpcLogAppender.java:timeoutAppendRequest(200)) - 72845ddd-7944-416b-9dd2-35fcccd22f3d@group-0B3452D6D747->f1727f7a-dfce-47cb-9d44-d863f6c274c0-GrpcLogAppender: appendEntries Timeout, request=72845ddd-7944-416b-9dd2-35fcccd22f3d->f1727f7a-dfce-47cb-9d44-d863f6c274c0#57-t1, previous=(t:1, i:12), leaderCommit=6, initializing? false, entries: <empty>
2019-09-17 06:09:29,338 [java.util.concurrent.ThreadPoolExecutor$Worker@550fe58d[State = -1, empty queue]] WARN  server.GrpcLogAppender (GrpcLogAppender.java:timeoutAppendRequest(200)) - 72845ddd-7944-416b-9dd2-35fcccd22f3d@group-0B3452D6D747->f1727f7a-dfce-47cb-9d44-d863f6c274c0-GrpcLogAppender: appendEntries Timeout, request=72845ddd-7944-416b-9dd2-35fcccd22f3d->f1727f7a-dfce-47cb-9d44-d863f6c274c0#58-t1, previous=(t:1, i:12), leaderCommit=6, initializing? false, entries: <empty>
2019-09-17 06:09:29,338 [java.util.concurrent.ThreadPoolExecutor$Worker@7e25380e[State = -1, empty queue]] WARN  server.GrpcLogAppender (GrpcLogAppender.java:timeoutAppendRequest(200)) - 72845ddd-7944-416b-9dd2-35fcccd22f3d@group-0B3452D6D747->76e9ed70-2a32-4a64-9388-b77e9aa6f857-GrpcLogAppender: appendEntries Timeout, request=72845ddd-7944-416b-9dd2-35fcccd22f3d->76e9ed70-2a32-4a64-9388-b77e9aa6f857#58-t1, previous=(t:1, i:12), leaderCommit=6, initializing? false, entries: <empty>
2019-09-17 06:09:29,885 [grpc-default-executor-5] INFO  client.GrpcClientProtocolClient (GrpcClientProtocolClient.java:onNext(264)) - client-9AF48D7A035B->f1727f7a-dfce-47cb-9d44-d863f6c274c0: receive RaftClientReply:client-9AF48D7A035B->f1727f7a-dfce-47cb-9d44-d863f6c274c0@group-0B3452D6D747, cid=50, FAILED org.apache.ratis.protocol.NotLeaderException: Server f1727f7a-dfce-47cb-9d44-d863f6c274c0@group-0B3452D6D747 is not the leader 72845ddd-7944-416b-9dd2-35fcccd22f3d:192.168.69.122:41609, logIndex=0, commits[f1727f7a-dfce-47cb-9d44-d863f6c274c0:c6, 76e9ed70-2a32-4a64-9388-b77e9aa6f857:c4, 72845ddd-7944-416b-9dd2-35fcccd22f3d:c6]
2019-09-17 06:09:31,838 [java.util.concurrent.ThreadPoolExecutor$Worker@550fe58d[State = -1, empty queue]] WARN  server.GrpcLogAppender (GrpcLogAppender.java:timeoutAppendRequest(200)) - 72845ddd-7944-416b-9dd2-35fcccd22f3d@group-0B3452D6D747->f1727f7a-dfce-47cb-9d44-d863f6c274c0-GrpcLogAppender: appendEntries Timeout, request=72845ddd-7944-416b-9dd2-35fcccd22f3d->f1727f7a-dfce-47cb-9d44-d863f6c274c0#59-t1, previous=(t:1, i:12), leaderCommit=6, initializing? false, entries: <empty>
2019-09-17 06:09:31,838 [java.util.concurrent.ThreadPoolExecutor$Worker@7e25380e[State = -1, empty queue]] WARN  server.GrpcLogAppender (GrpcLogAppender.java:timeoutAppendRequest(200)) - 72845ddd-7944-416b-9dd2-35fcccd22f3d@group-0B3452D6D747->76e9ed70-2a32-4a64-9388-b77e9aa6f857-GrpcLogAppender: appendEntries Timeout, request=72845ddd-7944-416b-9dd2-35fcccd22f3d->76e9ed70-2a32-4a64-9388-b77e9aa6f857#59-t1, previous=(t:1, i:12), leaderCommit=6, initializing? false, entries: <empty>
2019-09-17 06:09:33,725 [76e9ed70-2a32-4a64-9388-b77e9aa6f857@group-0B3452D6D747-SegmentedRaftLogWorker] WARN  segmented.SegmentedRaftLogWorker (SegmentedRaftLogWorker.java:getFromFuture(90)) - Timeout 11/~
org.apache.ratis.protocol.TimeoutIOException: Timeout 10s: WriteLog:7: (t:1, i:7), STATEMACHINELOGENTRY, client-9AF48D7A035B, cid=50-writeStateMachineData
	at org.apache.ratis.util.IOUtils.getFromFuture(IOUtils.java:87)
	at org.apache.ratis.server.raftlog.segmented.SegmentedRaftLogWorker$StateMachineDataPolicy.getFromFuture(SegmentedRaftLogWorker.java:87)
	at org.apache.ratis.server.raftlog.segmented.SegmentedRaftLogWorker$WriteLog.execute(SegmentedRaftLogWorker.java:477)
	at org.apache.ratis.server.raftlog.segmented.SegmentedRaftLogWorker.run(SegmentedRaftLogWorker.java:289)
	at java.lang.Thread.run(Thread.java:748)
Caused by: java.util.concurrent.TimeoutException
	at java.util.concurrent.CompletableFuture.timedGet(CompletableFuture.java:1771)
	at java.util.concurrent.CompletableFuture.get(CompletableFuture.java:1915)
	at org.apache.ratis.util.IOUtils.getFromFuture(IOUtils.java:79)
	... 4 more
2019-09-17 06:09:33,747 [f1727f7a-dfce-47cb-9d44-d863f6c274c0@group-0B3452D6D747-SegmentedRaftLogWorker] WARN  segmented.SegmentedRaftLogWorker (SegmentedRaftLogWorker.java:getFromFuture(90)) - Timeout 11/~
org.apache.ratis.protocol.TimeoutIOException: Timeout 10s: WriteLog:7: (t:1, i:7), STATEMACHINELOGENTRY, client-9AF48D7A035B, cid=50-writeStateMachineData
	at org.apache.ratis.util.IOUtils.getFromFuture(IOUtils.java:87)
	at org.apache.ratis.server.raftlog.segmented.SegmentedRaftLogWorker$StateMachineDataPolicy.getFromFuture(SegmentedRaftLogWorker.java:87)
	at org.apache.ratis.server.raftlog.segmented.SegmentedRaftLogWorker$WriteLog.execute(SegmentedRaftLogWorker.java:477)
	at org.apache.ratis.server.raftlog.segmented.SegmentedRaftLogWorker.run(SegmentedRaftLogWorker.java:289)
	at java.lang.Thread.run(Thread.java:748)
Caused by: java.util.concurrent.TimeoutException
	at java.util.concurrent.CompletableFuture.timedGet(CompletableFuture.java:1771)
	at java.util.concurrent.CompletableFuture.get(CompletableFuture.java:1915)
	at org.apache.ratis.util.IOUtils.getFromFuture(IOUtils.java:79)
	... 4 more
2019-09-17 06:09:33,842 [org.apache.ratis.server.impl.LogAppender$AppenderDaemon$$Lambda$505/2035288324@2b56199b] ERROR ratis.XceiverServerRatis (XceiverServerRatis.java:triggerPipelineClose(575)) - pipeline Action CLOSE  on pipeline PipelineID=565851af-39e5-4a90-88c0-0b3452d6d747.Reason : 72845ddd-7944-416b-9dd2-35fcccd22f3d has not seen follower/s 76e9ed70-2a32-4a64-9388-b77e9aa6f857 for 120997ms f1727f7a-dfce-47cb-9d44-d863f6c274c0 for 120997ms
2019-09-17 06:09:33,842 [org.apache.ratis.server.impl.LogAppender$AppenderDaemon$$Lambda$505/2035288324@7fd66d5a] ERROR ratis.XceiverServerRatis (XceiverServerRatis.java:triggerPipelineClose(575)) - pipeline Action CLOSE  on pipeline PipelineID=565851af-39e5-4a90-88c0-0b3452d6d747.Reason : 72845ddd-7944-416b-9dd2-35fcccd22f3d has not seen follower/s 76e9ed70-2a32-4a64-9388-b77e9aa6f857 for 120997ms f1727f7a-dfce-47cb-9d44-d863f6c274c0 for 120997ms
2019-09-17 06:09:33,848 [72845ddd-7944-416b-9dd2-35fcccd22f3d@group-0B3452D6D747-SegmentedRaftLogWorker] WARN  segmented.SegmentedRaftLogWorker (SegmentedRaftLogWorker.java:getFromFuture(90)) - Timeout 11/~
org.apache.ratis.protocol.TimeoutIOException: Timeout 10s: WriteLog:8: (t:1, i:8), STATEMACHINELOGENTRY, client-9AF48D7A035B, cid=51-writeStateMachineData
	at org.apache.ratis.util.IOUtils.getFromFuture(IOUtils.java:87)
	at org.apache.ratis.server.raftlog.segmented.SegmentedRaftLogWorker$StateMachineDataPolicy.getFromFuture(SegmentedRaftLogWorker.java:87)
	at org.apache.ratis.server.raftlog.segmented.SegmentedRaftLogWorker$WriteLog.execute(SegmentedRaftLogWorker.java:477)
	at org.apache.ratis.server.raftlog.segmented.SegmentedRaftLogWorker.run(SegmentedRaftLogWorker.java:289)
	at java.lang.Thread.run(Thread.java:748)
Caused by: java.util.concurrent.TimeoutException
	at java.util.concurrent.CompletableFuture.timedGet(CompletableFuture.java:1771)
	at java.util.concurrent.CompletableFuture.get(CompletableFuture.java:1915)
	at org.apache.ratis.util.IOUtils.getFromFuture(IOUtils.java:79)
	... 4 more
2019-09-17 06:09:33,887 [EventQueue-PipelineActionsForPipelineActionHandler] ERROR pipeline.PipelineActionHandler (PipelineActionHandler.java:onMessage(60)) - Received pipeline action CLOSE for Pipeline[ Id: 565851af-39e5-4a90-88c0-0b3452d6d747, Nodes: 72845ddd-7944-416b-9dd2-35fcccd22f3d{ip: 192.168.69.122, host: trunk-nightly-20190917-29l5j-2509219610, networkLocation: /default-rack, certSerialId: null}76e9ed70-2a32-4a64-9388-b77e9aa6f857{ip: 192.168.69.122, host: trunk-nightly-20190917-29l5j-2509219610, networkLocation: /default-rack, certSerialId: null}f1727f7a-dfce-47cb-9d44-d863f6c274c0{ip: 192.168.69.122, host: trunk-nightly-20190917-29l5j-2509219610, networkLocation: /default-rack, certSerialId: null}, Type:RATIS, Factor:THREE, State:OPEN] from datanode 72845ddd-7944-416b-9dd2-35fcccd22f3d{ip: 192.168.69.122, host: trunk-nightly-20190917-29l5j-2509219610, networkLocation: /default-rack, certSerialId: null}. Reason : 72845ddd-7944-416b-9dd2-35fcccd22f3d has not seen follower/s 76e9ed70-2a32-4a64-9388-b77e9aa6f857 for 120997ms f1727f7a-dfce-47cb-9d44-d863f6c274c0 for 120997ms
2019-09-17 06:09:33,887 [EventQueue-PipelineActionsForPipelineActionHandler] INFO  pipeline.SCMPipelineManager (SCMPipelineManager.java:finalizeAndDestroyPipeline(311)) - destroying pipeline:Pipeline[ Id: 565851af-39e5-4a90-88c0-0b3452d6d747, Nodes: 72845ddd-7944-416b-9dd2-35fcccd22f3d{ip: 192.168.69.122, host: trunk-nightly-20190917-29l5j-2509219610, networkLocation: /default-rack, certSerialId: null}76e9ed70-2a32-4a64-9388-b77e9aa6f857{ip: 192.168.69.122, host: trunk-nightly-20190917-29l5j-2509219610, networkLocation: /default-rack, certSerialId: null}f1727f7a-dfce-47cb-9d44-d863f6c274c0{ip: 192.168.69.122, host: trunk-nightly-20190917-29l5j-2509219610, networkLocation: /default-rack, certSerialId: null}, Type:RATIS, Factor:THREE, State:OPEN]
2019-09-17 06:09:33,887 [EventQueue-PipelineActionsForPipelineActionHandler] INFO  pipeline.PipelineStateManager (PipelineStateManager.java:finalizePipeline(123)) - Pipeline Pipeline[ Id: 565851af-39e5-4a90-88c0-0b3452d6d747, Nodes: 72845ddd-7944-416b-9dd2-35fcccd22f3d{ip: 192.168.69.122, host: trunk-nightly-20190917-29l5j-2509219610, networkLocation: /default-rack, certSerialId: null}76e9ed70-2a32-4a64-9388-b77e9aa6f857{ip: 192.168.69.122, host: trunk-nightly-20190917-29l5j-2509219610, networkLocation: /default-rack, certSerialId: null}f1727f7a-dfce-47cb-9d44-d863f6c274c0{ip: 192.168.69.122, host: trunk-nightly-20190917-29l5j-2509219610, networkLocation: /default-rack, certSerialId: null}, Type:RATIS, Factor:THREE, State:CLOSED] moved to CLOSED state
2019-09-17 06:09:33,888 [EventQueue-CloseContainerForCloseContainerEventHandler] INFO  container.CloseContainerEventHandler (CloseContainerEventHandler.java:onMessage(61)) - Close container Event triggered for container : #4
2019-09-17 06:09:33,890 [EventQueue-CloseContainerForCloseContainerEventHandler] INFO  container.CloseContainerEventHandler (CloseContainerEventHandler.java:onMessage(61)) - Close container Event triggered for container : #7
2019-09-17 06:09:34,339 [java.util.concurrent.ThreadPoolExecutor$Worker@7e25380e[State = -1, empty queue]] WARN  server.GrpcLogAppender (GrpcLogAppender.java:timeoutAppendRequest(200)) - 72845ddd-7944-416b-9dd2-35fcccd22f3d@group-0B3452D6D747->76e9ed70-2a32-4a64-9388-b77e9aa6f857-GrpcLogAppender: appendEntries Timeout, request=72845ddd-7944-416b-9dd2-35fcccd22f3d->76e9ed70-2a32-4a64-9388-b77e9aa6f857#60-t1, previous=(t:1, i:12), leaderCommit=6, initializing? false, entries: <empty>
2019-09-17 06:09:34,339 [java.util.concurrent.ThreadPoolExecutor$Worker@550fe58d[State = -1, empty queue]] WARN  server.GrpcLogAppender (GrpcLogAppender.java:timeoutAppendRequest(200)) - 72845ddd-7944-416b-9dd2-35fcccd22f3d@group-0B3452D6D747->f1727f7a-dfce-47cb-9d44-d863f6c274c0-GrpcLogAppender: appendEntries Timeout, request=72845ddd-7944-416b-9dd2-35fcccd22f3d->f1727f7a-dfce-47cb-9d44-d863f6c274c0#60-t1, previous=(t:1, i:12), leaderCommit=6, initializing? false, entries: <empty>
2019-09-17 06:09:34,944 [grpc-default-executor-5] INFO  client.GrpcClientProtocolClient (GrpcClientProtocolClient.java:onNext(264)) - client-9AF48D7A035B->f1727f7a-dfce-47cb-9d44-d863f6c274c0: receive RaftClientReply:client-9AF48D7A035B->f1727f7a-dfce-47cb-9d44-d863f6c274c0@group-0B3452D6D747, cid=50, FAILED org.apache.ratis.protocol.NotLeaderException: Server f1727f7a-dfce-47cb-9d44-d863f6c274c0@group-0B3452D6D747 is not the leader 72845ddd-7944-416b-9dd2-35fcccd22f3d:192.168.69.122:41609, logIndex=0, commits[f1727f7a-dfce-47cb-9d44-d863f6c274c0:c6, 76e9ed70-2a32-4a64-9388-b77e9aa6f857:c4, 72845ddd-7944-416b-9dd2-35fcccd22f3d:c6]
2019-09-17 06:09:35,912 [org.apache.ratis.server.impl.LogAppender$AppenderDaemon$$Lambda$505/2035288324@7fd66d5a] ERROR ratis.XceiverServerRatis (XceiverServerRatis.java:triggerPipelineClose(575)) - pipeline Action CLOSE  on pipeline PipelineID=565851af-39e5-4a90-88c0-0b3452d6d747.Reason : 72845ddd-7944-416b-9dd2-35fcccd22f3d has not seen follower/s 76e9ed70-2a32-4a64-9388-b77e9aa6f857 for 123067ms f1727f7a-dfce-47cb-9d44-d863f6c274c0 for 123067ms
2019-09-17 06:09:35,912 [org.apache.ratis.server.impl.LogAppender$AppenderDaemon$$Lambda$505/2035288324@2b56199b] ERROR ratis.XceiverServerRatis (XceiverServerRatis.java:triggerPipelineClose(575)) - pipeline Action CLOSE  on pipeline PipelineID=565851af-39e5-4a90-88c0-0b3452d6d747.Reason : 72845ddd-7944-416b-9dd2-35fcccd22f3d has not seen follower/s 76e9ed70-2a32-4a64-9388-b77e9aa6f857 for 123067ms f1727f7a-dfce-47cb-9d44-d863f6c274c0 for 123067ms
2019-09-17 06:09:36,842 [java.util.concurrent.ThreadPoolExecutor$Worker@7e25380e[State = -1, empty queue]] WARN  server.GrpcLogAppender (GrpcLogAppender.java:timeoutAppendRequest(200)) - 72845ddd-7944-416b-9dd2-35fcccd22f3d@group-0B3452D6D747->76e9ed70-2a32-4a64-9388-b77e9aa6f857-GrpcLogAppender: appendEntries Timeout, request=72845ddd-7944-416b-9dd2-35fcccd22f3d->76e9ed70-2a32-4a64-9388-b77e9aa6f857#61-t1, previous=(t:1, i:12), leaderCommit=6, initializing? false, entries: <empty>
2019-09-17 06:09:36,842 [java.util.concurrent.ThreadPoolExecutor$Worker@550fe58d[State = -1, empty queue]] WARN  server.GrpcLogAppender (GrpcLogAppender.java:timeoutAppendRequest(200)) - 72845ddd-7944-416b-9dd2-35fcccd22f3d@group-0B3452D6D747->f1727f7a-dfce-47cb-9d44-d863f6c274c0-GrpcLogAppender: appendEntries Timeout, request=72845ddd-7944-416b-9dd2-35fcccd22f3d->f1727f7a-dfce-47cb-9d44-d863f6c274c0#61-t1, previous=(t:1, i:12), leaderCommit=6, initializing? false, entries: <empty>
2019-09-17 06:09:36,911 [EventQueue-PipelineActionsForPipelineActionHandler] ERROR pipeline.PipelineActionHandler (PipelineActionHandler.java:onMessage(60)) - Received pipeline action CLOSE for Pipeline[ Id: 565851af-39e5-4a90-88c0-0b3452d6d747, Nodes: 72845ddd-7944-416b-9dd2-35fcccd22f3d{ip: 192.168.69.122, host: trunk-nightly-20190917-29l5j-2509219610, networkLocation: /default-rack, certSerialId: null}76e9ed70-2a32-4a64-9388-b77e9aa6f857{ip: 192.168.69.122, host: trunk-nightly-20190917-29l5j-2509219610, networkLocation: /default-rack, certSerialId: null}f1727f7a-dfce-47cb-9d44-d863f6c274c0{ip: 192.168.69.122, host: trunk-nightly-20190917-29l5j-2509219610, networkLocation: /default-rack, certSerialId: null}, Type:RATIS, Factor:THREE, State:CLOSED] from datanode 72845ddd-7944-416b-9dd2-35fcccd22f3d{ip: 192.168.69.122, host: trunk-nightly-20190917-29l5j-2509219610, networkLocation: /default-rack, certSerialId: null}. Reason : 72845ddd-7944-416b-9dd2-35fcccd22f3d has not seen follower/s 76e9ed70-2a32-4a64-9388-b77e9aa6f857 for 123067ms f1727f7a-dfce-47cb-9d44-d863f6c274c0 for 123067ms
2019-09-17 06:09:36,911 [EventQueue-PipelineActionsForPipelineActionHandler] INFO  pipeline.SCMPipelineManager (SCMPipelineManager.java:finalizeAndDestroyPipeline(311)) - destroying pipeline:Pipeline[ Id: 565851af-39e5-4a90-88c0-0b3452d6d747, Nodes: 72845ddd-7944-416b-9dd2-35fcccd22f3d{ip: 192.168.69.122, host: trunk-nightly-20190917-29l5j-2509219610, networkLocation: /default-rack, certSerialId: null}76e9ed70-2a32-4a64-9388-b77e9aa6f857{ip: 192.168.69.122, host: trunk-nightly-20190917-29l5j-2509219610, networkLocation: /default-rack, certSerialId: null}f1727f7a-dfce-47cb-9d44-d863f6c274c0{ip: 192.168.69.122, host: trunk-nightly-20190917-29l5j-2509219610, networkLocation: /default-rack, certSerialId: null}, Type:RATIS, Factor:THREE, State:CLOSED]
2019-09-17 06:09:38,414 [org.apache.ratis.server.impl.LogAppender$AppenderDaemon$$Lambda$505/2035288324@2b56199b] ERROR ratis.XceiverServerRatis (XceiverServerRatis.java:triggerPipelineClose(575)) - pipeline Action CLOSE  on pipeline PipelineID=565851af-39e5-4a90-88c0-0b3452d6d747.Reason : 72845ddd-7944-416b-9dd2-35fcccd22f3d has not seen follower/s 76e9ed70-2a32-4a64-9388-b77e9aa6f857 for 125569ms f1727f7a-dfce-47cb-9d44-d863f6c274c0 for 125569ms
2019-09-17 06:09:38,414 [org.apache.ratis.server.impl.LogAppender$AppenderDaemon$$Lambda$505/2035288324@7fd66d5a] ERROR ratis.XceiverServerRatis (XceiverServerRatis.java:triggerPipelineClose(575)) - pipeline Action CLOSE  on pipeline PipelineID=565851af-39e5-4a90-88c0-0b3452d6d747.Reason : 72845ddd-7944-416b-9dd2-35fcccd22f3d has not seen follower/s 76e9ed70-2a32-4a64-9388-b77e9aa6f857 for 125569ms f1727f7a-dfce-47cb-9d44-d863f6c274c0 for 125569ms
2019-09-17 06:09:38,911 [EventQueue-PipelineActionsForPipelineActionHandler] ERROR pipeline.PipelineActionHandler (PipelineActionHandler.java:onMessage(60)) - Received pipeline action CLOSE for Pipeline[ Id: 565851af-39e5-4a90-88c0-0b3452d6d747, Nodes: 72845ddd-7944-416b-9dd2-35fcccd22f3d{ip: 192.168.69.122, host: trunk-nightly-20190917-29l5j-2509219610, networkLocation: /default-rack, certSerialId: null}76e9ed70-2a32-4a64-9388-b77e9aa6f857{ip: 192.168.69.122, host: trunk-nightly-20190917-29l5j-2509219610, networkLocation: /default-rack, certSerialId: null}f1727f7a-dfce-47cb-9d44-d863f6c274c0{ip: 192.168.69.122, host: trunk-nightly-20190917-29l5j-2509219610, networkLocation: /default-rack, certSerialId: null}, Type:RATIS, Factor:THREE, State:CLOSED] from datanode 72845ddd-7944-416b-9dd2-35fcccd22f3d{ip: 192.168.69.122, host: trunk-nightly-20190917-29l5j-2509219610, networkLocation: /default-rack, certSerialId: null}. Reason : 72845ddd-7944-416b-9dd2-35fcccd22f3d has not seen follower/s 76e9ed70-2a32-4a64-9388-b77e9aa6f857 for 125569ms f1727f7a-dfce-47cb-9d44-d863f6c274c0 for 125569ms
2019-09-17 06:09:38,911 [EventQueue-PipelineActionsForPipelineActionHandler] INFO  pipeline.SCMPipelineManager (SCMPipelineManager.java:finalizeAndDestroyPipeline(311)) - destroying pipeline:Pipeline[ Id: 565851af-39e5-4a90-88c0-0b3452d6d747, Nodes: 72845ddd-7944-416b-9dd2-35fcccd22f3d{ip: 192.168.69.122, host: trunk-nightly-20190917-29l5j-2509219610, networkLocation: /default-rack, certSerialId: null}76e9ed70-2a32-4a64-9388-b77e9aa6f857{ip: 192.168.69.122, host: trunk-nightly-20190917-29l5j-2509219610, networkLocation: /default-rack, certSerialId: null}f1727f7a-dfce-47cb-9d44-d863f6c274c0{ip: 192.168.69.122, host: trunk-nightly-20190917-29l5j-2509219610, networkLocation: /default-rack, certSerialId: null}, Type:RATIS, Factor:THREE, State:CLOSED]
2019-09-17 06:09:38,912 [java.util.concurrent.ThreadPoolExecutor$Worker@550fe58d[State = -1, empty queue]] WARN  server.GrpcLogAppender (GrpcLogAppender.java:timeoutAppendRequest(200)) - 72845ddd-7944-416b-9dd2-35fcccd22f3d@group-0B3452D6D747->f1727f7a-dfce-47cb-9d44-d863f6c274c0-GrpcLogAppender: appendEntries Timeout, request=72845ddd-7944-416b-9dd2-35fcccd22f3d->f1727f7a-dfce-47cb-9d44-d863f6c274c0#62-t1, previous=(t:1, i:12), leaderCommit=6, initializing? false, entries: size=1, first=(t:1, i:13), STATEMACHINELOGENTRY, client-29FDA9F3284C, cid=7
2019-09-17 06:09:38,912 [java.util.concurrent.ThreadPoolExecutor$Worker@7e25380e[State = -1, empty queue]] WARN  server.GrpcLogAppender (GrpcLogAppender.java:timeoutAppendRequest(200)) - 72845ddd-7944-416b-9dd2-35fcccd22f3d@group-0B3452D6D747->76e9ed70-2a32-4a64-9388-b77e9aa6f857-GrpcLogAppender: appendEntries Timeout, request=72845ddd-7944-416b-9dd2-35fcccd22f3d->76e9ed70-2a32-4a64-9388-b77e9aa6f857#62-t1, previous=(t:1, i:12), leaderCommit=6, initializing? false, entries: size=1, first=(t:1, i:13), STATEMACHINELOGENTRY, client-29FDA9F3284C, cid=7
2019-09-17 06:09:39,997 [grpc-default-executor-1] INFO  client.GrpcClientProtocolClient (GrpcClientProtocolClient.java:onNext(264)) - client-9AF48D7A035B->f1727f7a-dfce-47cb-9d44-d863f6c274c0: receive RaftClientReply:client-9AF48D7A035B->f1727f7a-dfce-47cb-9d44-d863f6c274c0@group-0B3452D6D747, cid=50, FAILED org.apache.ratis.protocol.NotLeaderException: Server f1727f7a-dfce-47cb-9d44-d863f6c274c0@group-0B3452D6D747 is not the leader 72845ddd-7944-416b-9dd2-35fcccd22f3d:192.168.69.122:41609, logIndex=0, commits[f1727f7a-dfce-47cb-9d44-d863f6c274c0:c6, 76e9ed70-2a32-4a64-9388-b77e9aa6f857:c4, 72845ddd-7944-416b-9dd2-35fcccd22f3d:c6]
2019-09-17 06:09:40,915 [org.apache.ratis.server.impl.LogAppender$AppenderDaemon$$Lambda$505/2035288324@7fd66d5a] ERROR ratis.XceiverServerRatis (XceiverServerRatis.java:triggerPipelineClose(575)) - pipeline Action CLOSE  on pipeline PipelineID=565851af-39e5-4a90-88c0-0b3452d6d747.Reason : 72845ddd-7944-416b-9dd2-35fcccd22f3d has not seen follower/s 76e9ed70-2a32-4a64-9388-b77e9aa6f857 for 128070ms f1727f7a-dfce-47cb-9d44-d863f6c274c0 for 128070ms
2019-09-17 06:09:40,915 [org.apache.ratis.server.impl.LogAppender$AppenderDaemon$$Lambda$505/2035288324@2b56199b] ERROR ratis.XceiverServerRatis (XceiverServerRatis.java:triggerPipelineClose(575)) - pipeline Action CLOSE  on pipeline PipelineID=565851af-39e5-4a90-88c0-0b3452d6d747.Reason : 72845ddd-7944-416b-9dd2-35fcccd22f3d has not seen follower/s 76e9ed70-2a32-4a64-9388-b77e9aa6f857 for 128070ms f1727f7a-dfce-47cb-9d44-d863f6c274c0 for 128070ms
2019-09-17 06:09:41,414 [java.util.concurrent.ThreadPoolExecutor$Worker@550fe58d[State = -1, empty queue]] WARN  server.GrpcLogAppender (GrpcLogAppender.java:timeoutAppendRequest(200)) - 72845ddd-7944-416b-9dd2-35fcccd22f3d@group-0B3452D6D747->f1727f7a-dfce-47cb-9d44-d863f6c274c0-GrpcLogAppender: appendEntries Timeout, request=72845ddd-7944-416b-9dd2-35fcccd22f3d->f1727f7a-dfce-47cb-9d44-d863f6c274c0#63-t1, previous=(t:1, i:13), leaderCommit=6, initializing? false, entries: <empty>
2019-09-17 06:09:41,414 [java.util.concurrent.ThreadPoolExecutor$Worker@7e25380e[State = -1, empty queue]] WARN  server.GrpcLogAppender (GrpcLogAppender.java:timeoutAppendRequest(200)) - 72845ddd-7944-416b-9dd2-35fcccd22f3d@group-0B3452D6D747->76e9ed70-2a32-4a64-9388-b77e9aa6f857-GrpcLogAppender: appendEntries Timeout, request=72845ddd-7944-416b-9dd2-35fcccd22f3d->76e9ed70-2a32-4a64-9388-b77e9aa6f857#63-t1, previous=(t:1, i:13), leaderCommit=6, initializing? false, entries: <empty>
2019-09-17 06:09:41,911 [EventQueue-PipelineActionsForPipelineActionHandler] ERROR pipeline.PipelineActionHandler (PipelineActionHandler.java:onMessage(60)) - Received pipeline action CLOSE for Pipeline[ Id: 565851af-39e5-4a90-88c0-0b3452d6d747, Nodes: 72845ddd-7944-416b-9dd2-35fcccd22f3d{ip: 192.168.69.122, host: trunk-nightly-20190917-29l5j-2509219610, networkLocation: /default-rack, certSerialId: null}76e9ed70-2a32-4a64-9388-b77e9aa6f857{ip: 192.168.69.122, host: trunk-nightly-20190917-29l5j-2509219610, networkLocation: /default-rack, certSerialId: null}f1727f7a-dfce-47cb-9d44-d863f6c274c0{ip: 192.168.69.122, host: trunk-nightly-20190917-29l5j-2509219610, networkLocation: /default-rack, certSerialId: null}, Type:RATIS, Factor:THREE, State:CLOSED] from datanode 72845ddd-7944-416b-9dd2-35fcccd22f3d{ip: 192.168.69.122, host: trunk-nightly-20190917-29l5j-2509219610, networkLocation: /default-rack, certSerialId: null}. Reason : 72845ddd-7944-416b-9dd2-35fcccd22f3d has not seen follower/s 76e9ed70-2a32-4a64-9388-b77e9aa6f857 for 128070ms f1727f7a-dfce-47cb-9d44-d863f6c274c0 for 128070ms
2019-09-17 06:09:41,911 [EventQueue-PipelineActionsForPipelineActionHandler] INFO  pipeline.SCMPipelineManager (SCMPipelineManager.java:finalizeAndDestroyPipeline(311)) - destroying pipeline:Pipeline[ Id: 565851af-39e5-4a90-88c0-0b3452d6d747, Nodes: 72845ddd-7944-416b-9dd2-35fcccd22f3d{ip: 192.168.69.122, host: trunk-nightly-20190917-29l5j-2509219610, networkLocation: /default-rack, certSerialId: null}76e9ed70-2a32-4a64-9388-b77e9aa6f857{ip: 192.168.69.122, host: trunk-nightly-20190917-29l5j-2509219610, networkLocation: /default-rack, certSerialId: null}f1727f7a-dfce-47cb-9d44-d863f6c274c0{ip: 192.168.69.122, host: trunk-nightly-20190917-29l5j-2509219610, networkLocation: /default-rack, certSerialId: null}, Type:RATIS, Factor:THREE, State:CLOSED]
2019-09-17 06:09:43,417 [org.apache.ratis.server.impl.LogAppender$AppenderDaemon$$Lambda$505/2035288324@2b56199b] ERROR ratis.XceiverServerRatis (XceiverServerRatis.java:triggerPipelineClose(575)) - pipeline Action CLOSE  on pipeline PipelineID=565851af-39e5-4a90-88c0-0b3452d6d747.Reason : 72845ddd-7944-416b-9dd2-35fcccd22f3d has not seen follower/s 76e9ed70-2a32-4a64-9388-b77e9aa6f857 for 130571ms f1727f7a-dfce-47cb-9d44-d863f6c274c0 for 130571ms
2019-09-17 06:09:43,417 [org.apache.ratis.server.impl.LogAppender$AppenderDaemon$$Lambda$505/2035288324@7fd66d5a] ERROR ratis.XceiverServerRatis (XceiverServerRatis.java:triggerPipelineClose(575)) - pipeline Action CLOSE  on pipeline PipelineID=565851af-39e5-4a90-88c0-0b3452d6d747.Reason : 72845ddd-7944-416b-9dd2-35fcccd22f3d has not seen follower/s 76e9ed70-2a32-4a64-9388-b77e9aa6f857 for 130571ms f1727f7a-dfce-47cb-9d44-d863f6c274c0 for 130571ms
2019-09-17 06:09:43,728 [76e9ed70-2a32-4a64-9388-b77e9aa6f857@group-0B3452D6D747-SegmentedRaftLogWorker] WARN  segmented.SegmentedRaftLogWorker (SegmentedRaftLogWorker.java:getFromFuture(90)) - Timeout 12/~
org.apache.ratis.protocol.TimeoutIOException: Timeout 10s: WriteLog:7: (t:1, i:7), STATEMACHINELOGENTRY, client-9AF48D7A035B, cid=50-writeStateMachineData
	at org.apache.ratis.util.IOUtils.getFromFuture(IOUtils.java:87)
	at org.apache.ratis.server.raftlog.segmented.SegmentedRaftLogWorker$StateMachineDataPolicy.getFromFuture(SegmentedRaftLogWorker.java:87)
	at org.apache.ratis.server.raftlog.segmented.SegmentedRaftLogWorker$WriteLog.execute(SegmentedRaftLogWorker.java:477)
	at org.apache.ratis.server.raftlog.segmented.SegmentedRaftLogWorker.run(SegmentedRaftLogWorker.java:289)
	at java.lang.Thread.run(Thread.java:748)
Caused by: java.util.concurrent.TimeoutException
	at java.util.concurrent.CompletableFuture.timedGet(CompletableFuture.java:1771)
	at java.util.concurrent.CompletableFuture.get(CompletableFuture.java:1915)
	at org.apache.ratis.util.IOUtils.getFromFuture(IOUtils.java:79)
	... 4 more
2019-09-17 06:09:43,747 [f1727f7a-dfce-47cb-9d44-d863f6c274c0@group-0B3452D6D747-SegmentedRaftLogWorker] WARN  segmented.SegmentedRaftLogWorker (SegmentedRaftLogWorker.java:getFromFuture(90)) - Timeout 12/~
org.apache.ratis.protocol.TimeoutIOException: Timeout 10s: WriteLog:7: (t:1, i:7), STATEMACHINELOGENTRY, client-9AF48D7A035B, cid=50-writeStateMachineData
	at org.apache.ratis.util.IOUtils.getFromFuture(IOUtils.java:87)
	at org.apache.ratis.server.raftlog.segmented.SegmentedRaftLogWorker$StateMachineDataPolicy.getFromFuture(SegmentedRaftLogWorker.java:87)
	at org.apache.ratis.server.raftlog.segmented.SegmentedRaftLogWorker$WriteLog.execute(SegmentedRaftLogWorker.java:477)
	at org.apache.ratis.server.raftlog.segmented.SegmentedRaftLogWorker.run(SegmentedRaftLogWorker.java:289)
	at java.lang.Thread.run(Thread.java:748)
Caused by: java.util.concurrent.TimeoutException
	at java.util.concurrent.CompletableFuture.timedGet(CompletableFuture.java:1771)
	at java.util.concurrent.CompletableFuture.get(CompletableFuture.java:1915)
	at org.apache.ratis.util.IOUtils.getFromFuture(IOUtils.java:79)
	... 4 more
2019-09-17 06:09:43,849 [72845ddd-7944-416b-9dd2-35fcccd22f3d@group-0B3452D6D747-SegmentedRaftLogWorker] WARN  segmented.SegmentedRaftLogWorker (SegmentedRaftLogWorker.java:getFromFuture(90)) - Timeout 12/~
org.apache.ratis.protocol.TimeoutIOException: Timeout 10s: WriteLog:8: (t:1, i:8), STATEMACHINELOGENTRY, client-9AF48D7A035B, cid=51-writeStateMachineData
	at org.apache.ratis.util.IOUtils.getFromFuture(IOUtils.java:87)
	at org.apache.ratis.server.raftlog.segmented.SegmentedRaftLogWorker$StateMachineDataPolicy.getFromFuture(SegmentedRaftLogWorker.java:87)
	at org.apache.ratis.server.raftlog.segmented.SegmentedRaftLogWorker$WriteLog.execute(SegmentedRaftLogWorker.java:477)
	at org.apache.ratis.server.raftlog.segmented.SegmentedRaftLogWorker.run(SegmentedRaftLogWorker.java:289)
	at java.lang.Thread.run(Thread.java:748)
Caused by: java.util.concurrent.TimeoutException
	at java.util.concurrent.CompletableFuture.timedGet(CompletableFuture.java:1771)
	at java.util.concurrent.CompletableFuture.get(CompletableFuture.java:1915)
	at org.apache.ratis.util.IOUtils.getFromFuture(IOUtils.java:79)
	... 4 more
2019-09-17 06:09:43,912 [EventQueue-PipelineActionsForPipelineActionHandler] ERROR pipeline.PipelineActionHandler (PipelineActionHandler.java:onMessage(60)) - Received pipeline action CLOSE for Pipeline[ Id: 565851af-39e5-4a90-88c0-0b3452d6d747, Nodes: 72845ddd-7944-416b-9dd2-35fcccd22f3d{ip: 192.168.69.122, host: trunk-nightly-20190917-29l5j-2509219610, networkLocation: /default-rack, certSerialId: null}76e9ed70-2a32-4a64-9388-b77e9aa6f857{ip: 192.168.69.122, host: trunk-nightly-20190917-29l5j-2509219610, networkLocation: /default-rack, certSerialId: null}f1727f7a-dfce-47cb-9d44-d863f6c274c0{ip: 192.168.69.122, host: trunk-nightly-20190917-29l5j-2509219610, networkLocation: /default-rack, certSerialId: null}, Type:RATIS, Factor:THREE, State:CLOSED] from datanode 72845ddd-7944-416b-9dd2-35fcccd22f3d{ip: 192.168.69.122, host: trunk-nightly-20190917-29l5j-2509219610, networkLocation: /default-rack, certSerialId: null}. Reason : 72845ddd-7944-416b-9dd2-35fcccd22f3d has not seen follower/s 76e9ed70-2a32-4a64-9388-b77e9aa6f857 for 130571ms f1727f7a-dfce-47cb-9d44-d863f6c274c0 for 130571ms
2019-09-17 06:09:43,913 [EventQueue-PipelineActionsForPipelineActionHandler] INFO  pipeline.SCMPipelineManager (SCMPipelineManager.java:finalizeAndDestroyPipeline(311)) - destroying pipeline:Pipeline[ Id: 565851af-39e5-4a90-88c0-0b3452d6d747, Nodes: 72845ddd-7944-416b-9dd2-35fcccd22f3d{ip: 192.168.69.122, host: trunk-nightly-20190917-29l5j-2509219610, networkLocation: /default-rack, certSerialId: null}76e9ed70-2a32-4a64-9388-b77e9aa6f857{ip: 192.168.69.122, host: trunk-nightly-20190917-29l5j-2509219610, networkLocation: /default-rack, certSerialId: null}f1727f7a-dfce-47cb-9d44-d863f6c274c0{ip: 192.168.69.122, host: trunk-nightly-20190917-29l5j-2509219610, networkLocation: /default-rack, certSerialId: null}, Type:RATIS, Factor:THREE, State:CLOSED]
2019-09-17 06:09:43,915 [java.util.concurrent.ThreadPoolExecutor$Worker@7e25380e[State = -1, empty queue]] WARN  server.GrpcLogAppender (GrpcLogAppender.java:timeoutAppendRequest(200)) - 72845ddd-7944-416b-9dd2-35fcccd22f3d@group-0B3452D6D747->76e9ed70-2a32-4a64-9388-b77e9aa6f857-GrpcLogAppender: appendEntries Timeout, request=72845ddd-7944-416b-9dd2-35fcccd22f3d->76e9ed70-2a32-4a64-9388-b77e9aa6f857#64-t1, previous=(t:1, i:13), leaderCommit=6, initializing? false, entries: <empty>
2019-09-17 06:09:43,915 [java.util.concurrent.ThreadPoolExecutor$Worker@550fe58d[State = -1, empty queue]] WARN  server.GrpcLogAppender (GrpcLogAppender.java:timeoutAppendRequest(200)) - 72845ddd-7944-416b-9dd2-35fcccd22f3d@group-0B3452D6D747->f1727f7a-dfce-47cb-9d44-d863f6c274c0-GrpcLogAppender: appendEntries Timeout, request=72845ddd-7944-416b-9dd2-35fcccd22f3d->f1727f7a-dfce-47cb-9d44-d863f6c274c0#64-t1, previous=(t:1, i:13), leaderCommit=6, initializing? false, entries: <empty>
2019-09-17 06:09:45,046 [grpc-default-executor-1] INFO  client.GrpcClientProtocolClient (GrpcClientProtocolClient.java:onNext(264)) - client-9AF48D7A035B->76e9ed70-2a32-4a64-9388-b77e9aa6f857: receive RaftClientReply:client-9AF48D7A035B->76e9ed70-2a32-4a64-9388-b77e9aa6f857@group-0B3452D6D747, cid=50, FAILED org.apache.ratis.protocol.NotLeaderException: Server 76e9ed70-2a32-4a64-9388-b77e9aa6f857@group-0B3452D6D747 is not the leader 72845ddd-7944-416b-9dd2-35fcccd22f3d:192.168.69.122:41609, logIndex=0, commits[76e9ed70-2a32-4a64-9388-b77e9aa6f857:c6, f1727f7a-dfce-47cb-9d44-d863f6c274c0:c4, 72845ddd-7944-416b-9dd2-35fcccd22f3d:c6]
2019-09-17 06:09:45,918 [org.apache.ratis.server.impl.LogAppender$AppenderDaemon$$Lambda$505/2035288324@7fd66d5a] ERROR ratis.XceiverServerRatis (XceiverServerRatis.java:triggerPipelineClose(575)) - pipeline Action CLOSE  on pipeline PipelineID=565851af-39e5-4a90-88c0-0b3452d6d747.Reason : 72845ddd-7944-416b-9dd2-35fcccd22f3d has not seen follower/s 76e9ed70-2a32-4a64-9388-b77e9aa6f857 for 133073ms f1727f7a-dfce-47cb-9d44-d863f6c274c0 for 133073ms
2019-09-17 06:09:45,918 [org.apache.ratis.server.impl.LogAppender$AppenderDaemon$$Lambda$505/2035288324@2b56199b] ERROR ratis.XceiverServerRatis (XceiverServerRatis.java:triggerPipelineClose(575)) - pipeline Action CLOSE  on pipeline PipelineID=565851af-39e5-4a90-88c0-0b3452d6d747.Reason : 72845ddd-7944-416b-9dd2-35fcccd22f3d has not seen follower/s 76e9ed70-2a32-4a64-9388-b77e9aa6f857 for 133073ms f1727f7a-dfce-47cb-9d44-d863f6c274c0 for 133073ms
2019-09-17 06:09:46,416 [java.util.concurrent.ThreadPoolExecutor$Worker@7e25380e[State = -1, empty queue]] WARN  server.GrpcLogAppender (GrpcLogAppender.java:timeoutAppendRequest(200)) - 72845ddd-7944-416b-9dd2-35fcccd22f3d@group-0B3452D6D747->76e9ed70-2a32-4a64-9388-b77e9aa6f857-GrpcLogAppender: appendEntries Timeout, request=72845ddd-7944-416b-9dd2-35fcccd22f3d->76e9ed70-2a32-4a64-9388-b77e9aa6f857#65-t1, previous=(t:1, i:13), leaderCommit=6, initializing? false, entries: <empty>
2019-09-17 06:09:46,416 [java.util.concurrent.ThreadPoolExecutor$Worker@550fe58d[State = -1, empty queue]] WARN  server.GrpcLogAppender (GrpcLogAppender.java:timeoutAppendRequest(200)) - 72845ddd-7944-416b-9dd2-35fcccd22f3d@group-0B3452D6D747->f1727f7a-dfce-47cb-9d44-d863f6c274c0-GrpcLogAppender: appendEntries Timeout, request=72845ddd-7944-416b-9dd2-35fcccd22f3d->f1727f7a-dfce-47cb-9d44-d863f6c274c0#65-t1, previous=(t:1, i:13), leaderCommit=6, initializing? false, entries: <empty>
2019-09-17 06:09:46,912 [EventQueue-PipelineActionsForPipelineActionHandler] ERROR pipeline.PipelineActionHandler (PipelineActionHandler.java:onMessage(60)) - Received pipeline action CLOSE for Pipeline[ Id: 565851af-39e5-4a90-88c0-0b3452d6d747, Nodes: 72845ddd-7944-416b-9dd2-35fcccd22f3d{ip: 192.168.69.122, host: trunk-nightly-20190917-29l5j-2509219610, networkLocation: /default-rack, certSerialId: null}76e9ed70-2a32-4a64-9388-b77e9aa6f857{ip: 192.168.69.122, host: trunk-nightly-20190917-29l5j-2509219610, networkLocation: /default-rack, certSerialId: null}f1727f7a-dfce-47cb-9d44-d863f6c274c0{ip: 192.168.69.122, host: trunk-nightly-20190917-29l5j-2509219610, networkLocation: /default-rack, certSerialId: null}, Type:RATIS, Factor:THREE, State:CLOSED] from datanode 72845ddd-7944-416b-9dd2-35fcccd22f3d{ip: 192.168.69.122, host: trunk-nightly-20190917-29l5j-2509219610, networkLocation: /default-rack, certSerialId: null}. Reason : 72845ddd-7944-416b-9dd2-35fcccd22f3d has not seen follower/s 76e9ed70-2a32-4a64-9388-b77e9aa6f857 for 133073ms f1727f7a-dfce-47cb-9d44-d863f6c274c0 for 133073ms
2019-09-17 06:09:46,912 [EventQueue-PipelineActionsForPipelineActionHandler] INFO  pipeline.SCMPipelineManager (SCMPipelineManager.java:finalizeAndDestroyPipeline(311)) - destroying pipeline:Pipeline[ Id: 565851af-39e5-4a90-88c0-0b3452d6d747, Nodes: 72845ddd-7944-416b-9dd2-35fcccd22f3d{ip: 192.168.69.122, host: trunk-nightly-20190917-29l5j-2509219610, networkLocation: /default-rack, certSerialId: null}76e9ed70-2a32-4a64-9388-b77e9aa6f857{ip: 192.168.69.122, host: trunk-nightly-20190917-29l5j-2509219610, networkLocation: /default-rack, certSerialId: null}f1727f7a-dfce-47cb-9d44-d863f6c274c0{ip: 192.168.69.122, host: trunk-nightly-20190917-29l5j-2509219610, networkLocation: /default-rack, certSerialId: null}, Type:RATIS, Factor:THREE, State:CLOSED]
2019-09-17 06:09:48,422 [org.apache.ratis.server.impl.LogAppender$AppenderDaemon$$Lambda$505/2035288324@7fd66d5a] ERROR ratis.XceiverServerRatis (XceiverServerRatis.java:triggerPipelineClose(575)) - pipeline Action CLOSE  on pipeline PipelineID=565851af-39e5-4a90-88c0-0b3452d6d747.Reason : 72845ddd-7944-416b-9dd2-35fcccd22f3d has not seen follower/s 76e9ed70-2a32-4a64-9388-b77e9aa6f857 for 135575ms f1727f7a-dfce-47cb-9d44-d863f6c274c0 for 135575ms
2019-09-17 06:09:48,422 [org.apache.ratis.server.impl.LogAppender$AppenderDaemon$$Lambda$505/2035288324@2b56199b] ERROR ratis.XceiverServerRatis (XceiverServerRatis.java:triggerPipelineClose(575)) - pipeline Action CLOSE  on pipeline PipelineID=565851af-39e5-4a90-88c0-0b3452d6d747.Reason : 72845ddd-7944-416b-9dd2-35fcccd22f3d has not seen follower/s 76e9ed70-2a32-4a64-9388-b77e9aa6f857 for 135575ms f1727f7a-dfce-47cb-9d44-d863f6c274c0 for 135575ms
2019-09-17 06:09:48,912 [EventQueue-PipelineActionsForPipelineActionHandler] ERROR pipeline.PipelineActionHandler (PipelineActionHandler.java:onMessage(60)) - Received pipeline action CLOSE for Pipeline[ Id: 565851af-39e5-4a90-88c0-0b3452d6d747, Nodes: 72845ddd-7944-416b-9dd2-35fcccd22f3d{ip: 192.168.69.122, host: trunk-nightly-20190917-29l5j-2509219610, networkLocation: /default-rack, certSerialId: null}76e9ed70-2a32-4a64-9388-b77e9aa6f857{ip: 192.168.69.122, host: trunk-nightly-20190917-29l5j-2509219610, networkLocation: /default-rack, certSerialId: null}f1727f7a-dfce-47cb-9d44-d863f6c274c0{ip: 192.168.69.122, host: trunk-nightly-20190917-29l5j-2509219610, networkLocation: /default-rack, certSerialId: null}, Type:RATIS, Factor:THREE, State:CLOSED] from datanode 72845ddd-7944-416b-9dd2-35fcccd22f3d{ip: 192.168.69.122, host: trunk-nightly-20190917-29l5j-2509219610, networkLocation: /default-rack, certSerialId: null}. Reason : 72845ddd-7944-416b-9dd2-35fcccd22f3d has not seen follower/s 76e9ed70-2a32-4a64-9388-b77e9aa6f857 for 135575ms f1727f7a-dfce-47cb-9d44-d863f6c274c0 for 135575ms
2019-09-17 06:09:48,912 [EventQueue-PipelineActionsForPipelineActionHandler] INFO  pipeline.SCMPipelineManager (SCMPipelineManager.java:finalizeAndDestroyPipeline(311)) - destroying pipeline:Pipeline[ Id: 565851af-39e5-4a90-88c0-0b3452d6d747, Nodes: 72845ddd-7944-416b-9dd2-35fcccd22f3d{ip: 192.168.69.122, host: trunk-nightly-20190917-29l5j-2509219610, networkLocation: /default-rack, certSerialId: null}76e9ed70-2a32-4a64-9388-b77e9aa6f857{ip: 192.168.69.122, host: trunk-nightly-20190917-29l5j-2509219610, networkLocation: /default-rack, certSerialId: null}f1727f7a-dfce-47cb-9d44-d863f6c274c0{ip: 192.168.69.122, host: trunk-nightly-20190917-29l5j-2509219610, networkLocation: /default-rack, certSerialId: null}, Type:RATIS, Factor:THREE, State:CLOSED]
2019-09-17 06:09:48,918 [java.util.concurrent.ThreadPoolExecutor$Worker@7e25380e[State = -1, empty queue]] WARN  server.GrpcLogAppender (GrpcLogAppender.java:timeoutAppendRequest(200)) - 72845ddd-7944-416b-9dd2-35fcccd22f3d@group-0B3452D6D747->76e9ed70-2a32-4a64-9388-b77e9aa6f857-GrpcLogAppender: appendEntries Timeout, request=72845ddd-7944-416b-9dd2-35fcccd22f3d->76e9ed70-2a32-4a64-9388-b77e9aa6f857#66-t1, previous=(t:1, i:13), leaderCommit=6, initializing? false, entries: <empty>
2019-09-17 06:09:48,918 [java.util.concurrent.ThreadPoolExecutor$Worker@550fe58d[State = -1, empty queue]] WARN  server.GrpcLogAppender (GrpcLogAppender.java:timeoutAppendRequest(200)) - 72845ddd-7944-416b-9dd2-35fcccd22f3d@group-0B3452D6D747->f1727f7a-dfce-47cb-9d44-d863f6c274c0-GrpcLogAppender: appendEntries Timeout, request=72845ddd-7944-416b-9dd2-35fcccd22f3d->f1727f7a-dfce-47cb-9d44-d863f6c274c0#66-t1, previous=(t:1, i:13), leaderCommit=6, initializing? false, entries: <empty>
2019-09-17 06:09:50,117 [grpc-default-executor-5] INFO  client.GrpcClientProtocolClient (GrpcClientProtocolClient.java:onNext(264)) - client-9AF48D7A035B->76e9ed70-2a32-4a64-9388-b77e9aa6f857: receive RaftClientReply:client-9AF48D7A035B->76e9ed70-2a32-4a64-9388-b77e9aa6f857@group-0B3452D6D747, cid=50, FAILED org.apache.ratis.protocol.NotLeaderException: Server 76e9ed70-2a32-4a64-9388-b77e9aa6f857@group-0B3452D6D747 is not the leader 72845ddd-7944-416b-9dd2-35fcccd22f3d:192.168.69.122:41609, logIndex=0, commits[76e9ed70-2a32-4a64-9388-b77e9aa6f857:c6, f1727f7a-dfce-47cb-9d44-d863f6c274c0:c4, 72845ddd-7944-416b-9dd2-35fcccd22f3d:c6]
2019-09-17 06:09:50,921 [org.apache.ratis.server.impl.LogAppender$AppenderDaemon$$Lambda$505/2035288324@2b56199b] ERROR ratis.XceiverServerRatis (XceiverServerRatis.java:triggerPipelineClose(575)) - pipeline Action CLOSE  on pipeline PipelineID=565851af-39e5-4a90-88c0-0b3452d6d747.Reason : 72845ddd-7944-416b-9dd2-35fcccd22f3d has not seen follower/s 76e9ed70-2a32-4a64-9388-b77e9aa6f857 for 138075ms f1727f7a-dfce-47cb-9d44-d863f6c274c0 for 138075ms
2019-09-17 06:09:50,921 [org.apache.ratis.server.impl.LogAppender$AppenderDaemon$$Lambda$505/2035288324@7fd66d5a] ERROR ratis.XceiverServerRatis (XceiverServerRatis.java:triggerPipelineClose(575)) - pipeline Action CLOSE  on pipeline PipelineID=565851af-39e5-4a90-88c0-0b3452d6d747.Reason : 72845ddd-7944-416b-9dd2-35fcccd22f3d has not seen follower/s 76e9ed70-2a32-4a64-9388-b77e9aa6f857 for 138076ms f1727f7a-dfce-47cb-9d44-d863f6c274c0 for 138076ms
2019-09-17 06:09:51,420 [java.util.concurrent.ThreadPoolExecutor$Worker@550fe58d[State = -1, empty queue]] WARN  server.GrpcLogAppender (GrpcLogAppender.java:timeoutAppendRequest(200)) - 72845ddd-7944-416b-9dd2-35fcccd22f3d@group-0B3452D6D747->f1727f7a-dfce-47cb-9d44-d863f6c274c0-GrpcLogAppender: appendEntries Timeout, request=72845ddd-7944-416b-9dd2-35fcccd22f3d->f1727f7a-dfce-47cb-9d44-d863f6c274c0#67-t1, previous=(t:1, i:13), leaderCommit=6, initializing? false, entries: <empty>
2019-09-17 06:09:51,420 [java.util.concurrent.ThreadPoolExecutor$Worker@7e25380e[State = -1, empty queue]] WARN  server.GrpcLogAppender (GrpcLogAppender.java:timeoutAppendRequest(200)) - 72845ddd-7944-416b-9dd2-35fcccd22f3d@group-0B3452D6D747->76e9ed70-2a32-4a64-9388-b77e9aa6f857-GrpcLogAppender: appendEntries Timeout, request=72845ddd-7944-416b-9dd2-35fcccd22f3d->76e9ed70-2a32-4a64-9388-b77e9aa6f857#67-t1, previous=(t:1, i:13), leaderCommit=6, initializing? false, entries: <empty>
2019-09-17 06:09:51,913 [EventQueue-PipelineActionsForPipelineActionHandler] ERROR pipeline.PipelineActionHandler (PipelineActionHandler.java:onMessage(60)) - Received pipeline action CLOSE for Pipeline[ Id: 565851af-39e5-4a90-88c0-0b3452d6d747, Nodes: 72845ddd-7944-416b-9dd2-35fcccd22f3d{ip: 192.168.69.122, host: trunk-nightly-20190917-29l5j-2509219610, networkLocation: /default-rack, certSerialId: null}76e9ed70-2a32-4a64-9388-b77e9aa6f857{ip: 192.168.69.122, host: trunk-nightly-20190917-29l5j-2509219610, networkLocation: /default-rack, certSerialId: null}f1727f7a-dfce-47cb-9d44-d863f6c274c0{ip: 192.168.69.122, host: trunk-nightly-20190917-29l5j-2509219610, networkLocation: /default-rack, certSerialId: null}, Type:RATIS, Factor:THREE, State:CLOSED] from datanode 72845ddd-7944-416b-9dd2-35fcccd22f3d{ip: 192.168.69.122, host: trunk-nightly-20190917-29l5j-2509219610, networkLocation: /default-rack, certSerialId: null}. Reason : 72845ddd-7944-416b-9dd2-35fcccd22f3d has not seen follower/s 76e9ed70-2a32-4a64-9388-b77e9aa6f857 for 138075ms f1727f7a-dfce-47cb-9d44-d863f6c274c0 for 138075ms
2019-09-17 06:09:51,913 [EventQueue-PipelineActionsForPipelineActionHandler] INFO  pipeline.SCMPipelineManager (SCMPipelineManager.java:finalizeAndDestroyPipeline(311)) - destroying pipeline:Pipeline[ Id: 565851af-39e5-4a90-88c0-0b3452d6d747, Nodes: 72845ddd-7944-416b-9dd2-35fcccd22f3d{ip: 192.168.69.122, host: trunk-nightly-20190917-29l5j-2509219610, networkLocation: /default-rack, certSerialId: null}76e9ed70-2a32-4a64-9388-b77e9aa6f857{ip: 192.168.69.122, host: trunk-nightly-20190917-29l5j-2509219610, networkLocation: /default-rack, certSerialId: null}f1727f7a-dfce-47cb-9d44-d863f6c274c0{ip: 192.168.69.122, host: trunk-nightly-20190917-29l5j-2509219610, networkLocation: /default-rack, certSerialId: null}, Type:RATIS, Factor:THREE, State:CLOSED]
2019-09-17 06:09:53,424 [org.apache.ratis.server.impl.LogAppender$AppenderDaemon$$Lambda$505/2035288324@2b56199b] ERROR ratis.XceiverServerRatis (XceiverServerRatis.java:triggerPipelineClose(575)) - pipeline Action CLOSE  on pipeline PipelineID=565851af-39e5-4a90-88c0-0b3452d6d747.Reason : 72845ddd-7944-416b-9dd2-35fcccd22f3d has not seen follower/s 76e9ed70-2a32-4a64-9388-b77e9aa6f857 for 140578ms f1727f7a-dfce-47cb-9d44-d863f6c274c0 for 140578ms
2019-09-17 06:09:53,424 [org.apache.ratis.server.impl.LogAppender$AppenderDaemon$$Lambda$505/2035288324@7fd66d5a] ERROR ratis.XceiverServerRatis (XceiverServerRatis.java:triggerPipelineClose(575)) - pipeline Action CLOSE  on pipeline PipelineID=565851af-39e5-4a90-88c0-0b3452d6d747.Reason : 72845ddd-7944-416b-9dd2-35fcccd22f3d has not seen follower/s 76e9ed70-2a32-4a64-9388-b77e9aa6f857 for 140578ms f1727f7a-dfce-47cb-9d44-d863f6c274c0 for 140578ms
2019-09-17 06:09:53,729 [76e9ed70-2a32-4a64-9388-b77e9aa6f857@group-0B3452D6D747-SegmentedRaftLogWorker] WARN  segmented.SegmentedRaftLogWorker (SegmentedRaftLogWorker.java:getFromFuture(90)) - Timeout 13/~
org.apache.ratis.protocol.TimeoutIOException: Timeout 10s: WriteLog:7: (t:1, i:7), STATEMACHINELOGENTRY, client-9AF48D7A035B, cid=50-writeStateMachineData
	at org.apache.ratis.util.IOUtils.getFromFuture(IOUtils.java:87)
	at org.apache.ratis.server.raftlog.segmented.SegmentedRaftLogWorker$StateMachineDataPolicy.getFromFuture(SegmentedRaftLogWorker.java:87)
	at org.apache.ratis.server.raftlog.segmented.SegmentedRaftLogWorker$WriteLog.execute(SegmentedRaftLogWorker.java:477)
	at org.apache.ratis.server.raftlog.segmented.SegmentedRaftLogWorker.run(SegmentedRaftLogWorker.java:289)
	at java.lang.Thread.run(Thread.java:748)
Caused by: java.util.concurrent.TimeoutException
	at java.util.concurrent.CompletableFuture.timedGet(CompletableFuture.java:1771)
	at java.util.concurrent.CompletableFuture.get(CompletableFuture.java:1915)
	at org.apache.ratis.util.IOUtils.getFromFuture(IOUtils.java:79)
	... 4 more
2019-09-17 06:09:53,748 [f1727f7a-dfce-47cb-9d44-d863f6c274c0@group-0B3452D6D747-SegmentedRaftLogWorker] WARN  segmented.SegmentedRaftLogWorker (SegmentedRaftLogWorker.java:getFromFuture(90)) - Timeout 13/~
org.apache.ratis.protocol.TimeoutIOException: Timeout 10s: WriteLog:7: (t:1, i:7), STATEMACHINELOGENTRY, client-9AF48D7A035B, cid=50-writeStateMachineData
	at org.apache.ratis.util.IOUtils.getFromFuture(IOUtils.java:87)
	at org.apache.ratis.server.raftlog.segmented.SegmentedRaftLogWorker$StateMachineDataPolicy.getFromFuture(SegmentedRaftLogWorker.java:87)
	at org.apache.ratis.server.raftlog.segmented.SegmentedRaftLogWorker$WriteLog.execute(SegmentedRaftLogWorker.java:477)
	at org.apache.ratis.server.raftlog.segmented.SegmentedRaftLogWorker.run(SegmentedRaftLogWorker.java:289)
	at java.lang.Thread.run(Thread.java:748)
Caused by: java.util.concurrent.TimeoutException
	at java.util.concurrent.CompletableFuture.timedGet(CompletableFuture.java:1771)
	at java.util.concurrent.CompletableFuture.get(CompletableFuture.java:1915)
	at org.apache.ratis.util.IOUtils.getFromFuture(IOUtils.java:79)
	... 4 more
2019-09-17 06:09:53,850 [72845ddd-7944-416b-9dd2-35fcccd22f3d@group-0B3452D6D747-SegmentedRaftLogWorker] WARN  segmented.SegmentedRaftLogWorker (SegmentedRaftLogWorker.java:getFromFuture(90)) - Timeout 13/~
org.apache.ratis.protocol.TimeoutIOException: Timeout 10s: WriteLog:8: (t:1, i:8), STATEMACHINELOGENTRY, client-9AF48D7A035B, cid=51-writeStateMachineData
	at org.apache.ratis.util.IOUtils.getFromFuture(IOUtils.java:87)
	at org.apache.ratis.server.raftlog.segmented.SegmentedRaftLogWorker$StateMachineDataPolicy.getFromFuture(SegmentedRaftLogWorker.java:87)
	at org.apache.ratis.server.raftlog.segmented.SegmentedRaftLogWorker$WriteLog.execute(SegmentedRaftLogWorker.java:477)
	at org.apache.ratis.server.raftlog.segmented.SegmentedRaftLogWorker.run(SegmentedRaftLogWorker.java:289)
	at java.lang.Thread.run(Thread.java:748)
Caused by: java.util.concurrent.TimeoutException
	at java.util.concurrent.CompletableFuture.timedGet(CompletableFuture.java:1771)
	at java.util.concurrent.CompletableFuture.get(CompletableFuture.java:1915)
	at org.apache.ratis.util.IOUtils.getFromFuture(IOUtils.java:79)
	... 4 more
2019-09-17 06:09:53,911 [EventQueue-PipelineActionsForPipelineActionHandler] ERROR pipeline.PipelineActionHandler (PipelineActionHandler.java:onMessage(60)) - Received pipeline action CLOSE for Pipeline[ Id: 565851af-39e5-4a90-88c0-0b3452d6d747, Nodes: 72845ddd-7944-416b-9dd2-35fcccd22f3d{ip: 192.168.69.122, host: trunk-nightly-20190917-29l5j-2509219610, networkLocation: /default-rack, certSerialId: null}76e9ed70-2a32-4a64-9388-b77e9aa6f857{ip: 192.168.69.122, host: trunk-nightly-20190917-29l5j-2509219610, networkLocation: /default-rack, certSerialId: null}f1727f7a-dfce-47cb-9d44-d863f6c274c0{ip: 192.168.69.122, host: trunk-nightly-20190917-29l5j-2509219610, networkLocation: /default-rack, certSerialId: null}, Type:RATIS, Factor:THREE, State:CLOSED] from datanode 72845ddd-7944-416b-9dd2-35fcccd22f3d{ip: 192.168.69.122, host: trunk-nightly-20190917-29l5j-2509219610, networkLocation: /default-rack, certSerialId: null}. Reason : 72845ddd-7944-416b-9dd2-35fcccd22f3d has not seen follower/s 76e9ed70-2a32-4a64-9388-b77e9aa6f857 for 140578ms f1727f7a-dfce-47cb-9d44-d863f6c274c0 for 140578ms
2019-09-17 06:09:53,912 [EventQueue-PipelineActionsForPipelineActionHandler] INFO  pipeline.SCMPipelineManager (SCMPipelineManager.java:finalizeAndDestroyPipeline(311)) - destroying pipeline:Pipeline[ Id: 565851af-39e5-4a90-88c0-0b3452d6d747, Nodes: 72845ddd-7944-416b-9dd2-35fcccd22f3d{ip: 192.168.69.122, host: trunk-nightly-20190917-29l5j-2509219610, networkLocation: /default-rack, certSerialId: null}76e9ed70-2a32-4a64-9388-b77e9aa6f857{ip: 192.168.69.122, host: trunk-nightly-20190917-29l5j-2509219610, networkLocation: /default-rack, certSerialId: null}f1727f7a-dfce-47cb-9d44-d863f6c274c0{ip: 192.168.69.122, host: trunk-nightly-20190917-29l5j-2509219610, networkLocation: /default-rack, certSerialId: null}, Type:RATIS, Factor:THREE, State:CLOSED]
2019-09-17 06:09:53,921 [java.util.concurrent.ThreadPoolExecutor$Worker@550fe58d[State = -1, empty queue]] WARN  server.GrpcLogAppender (GrpcLogAppender.java:timeoutAppendRequest(200)) - 72845ddd-7944-416b-9dd2-35fcccd22f3d@group-0B3452D6D747->f1727f7a-dfce-47cb-9d44-d863f6c274c0-GrpcLogAppender: appendEntries Timeout, request=72845ddd-7944-416b-9dd2-35fcccd22f3d->f1727f7a-dfce-47cb-9d44-d863f6c274c0#68-t1, previous=(t:1, i:13), leaderCommit=6, initializing? false, entries: <empty>
2019-09-17 06:09:53,921 [java.util.concurrent.ThreadPoolExecutor$Worker@7e25380e[State = -1, empty queue]] WARN  server.GrpcLogAppender (GrpcLogAppender.java:timeoutAppendRequest(200)) - 72845ddd-7944-416b-9dd2-35fcccd22f3d@group-0B3452D6D747->76e9ed70-2a32-4a64-9388-b77e9aa6f857-GrpcLogAppender: appendEntries Timeout, request=72845ddd-7944-416b-9dd2-35fcccd22f3d->76e9ed70-2a32-4a64-9388-b77e9aa6f857#68-t1, previous=(t:1, i:13), leaderCommit=6, initializing? false, entries: <empty>
2019-09-17 06:09:55,183 [grpc-default-executor-1] INFO  client.GrpcClientProtocolClient (GrpcClientProtocolClient.java:onNext(264)) - client-9AF48D7A035B->76e9ed70-2a32-4a64-9388-b77e9aa6f857: receive RaftClientReply:client-9AF48D7A035B->76e9ed70-2a32-4a64-9388-b77e9aa6f857@group-0B3452D6D747, cid=50, FAILED org.apache.ratis.protocol.NotLeaderException: Server 76e9ed70-2a32-4a64-9388-b77e9aa6f857@group-0B3452D6D747 is not the leader 72845ddd-7944-416b-9dd2-35fcccd22f3d:192.168.69.122:41609, logIndex=0, commits[76e9ed70-2a32-4a64-9388-b77e9aa6f857:c6, f1727f7a-dfce-47cb-9d44-d863f6c274c0:c4, 72845ddd-7944-416b-9dd2-35fcccd22f3d:c6]
2019-09-17 06:09:55,925 [org.apache.ratis.server.impl.LogAppender$AppenderDaemon$$Lambda$505/2035288324@2b56199b] ERROR ratis.XceiverServerRatis (XceiverServerRatis.java:triggerPipelineClose(575)) - pipeline Action CLOSE  on pipeline PipelineID=565851af-39e5-4a90-88c0-0b3452d6d747.Reason : 72845ddd-7944-416b-9dd2-35fcccd22f3d has not seen follower/s 76e9ed70-2a32-4a64-9388-b77e9aa6f857 for 143079ms f1727f7a-dfce-47cb-9d44-d863f6c274c0 for 143079ms
2019-09-17 06:09:55,925 [org.apache.ratis.server.impl.LogAppender$AppenderDaemon$$Lambda$505/2035288324@7fd66d5a] ERROR ratis.XceiverServerRatis (XceiverServerRatis.java:triggerPipelineClose(575)) - pipeline Action CLOSE  on pipeline PipelineID=565851af-39e5-4a90-88c0-0b3452d6d747.Reason : 72845ddd-7944-416b-9dd2-35fcccd22f3d has not seen follower/s 76e9ed70-2a32-4a64-9388-b77e9aa6f857 for 143079ms f1727f7a-dfce-47cb-9d44-d863f6c274c0 for 143079ms
2019-09-17 06:09:56,423 [java.util.concurrent.ThreadPoolExecutor$Worker@550fe58d[State = -1, empty queue]] WARN  server.GrpcLogAppender (GrpcLogAppender.java:timeoutAppendRequest(200)) - 72845ddd-7944-416b-9dd2-35fcccd22f3d@group-0B3452D6D747->f1727f7a-dfce-47cb-9d44-d863f6c274c0-GrpcLogAppender: appendEntries Timeout, request=72845ddd-7944-416b-9dd2-35fcccd22f3d->f1727f7a-dfce-47cb-9d44-d863f6c274c0#69-t1, previous=(t:1, i:13), leaderCommit=6, initializing? false, entries: <empty>
2019-09-17 06:09:56,423 [java.util.concurrent.ThreadPoolExecutor$Worker@7e25380e[State = -1, empty queue]] WARN  server.GrpcLogAppender (GrpcLogAppender.java:timeoutAppendRequest(200)) - 72845ddd-7944-416b-9dd2-35fcccd22f3d@group-0B3452D6D747->76e9ed70-2a32-4a64-9388-b77e9aa6f857-GrpcLogAppender: appendEntries Timeout, request=72845ddd-7944-416b-9dd2-35fcccd22f3d->76e9ed70-2a32-4a64-9388-b77e9aa6f857#69-t1, previous=(t:1, i:13), leaderCommit=6, initializing? false, entries: <empty>
2019-09-17 06:09:56,912 [EventQueue-PipelineActionsForPipelineActionHandler] ERROR pipeline.PipelineActionHandler (PipelineActionHandler.java:onMessage(60)) - Received pipeline action CLOSE for Pipeline[ Id: 565851af-39e5-4a90-88c0-0b3452d6d747, Nodes: 72845ddd-7944-416b-9dd2-35fcccd22f3d{ip: 192.168.69.122, host: trunk-nightly-20190917-29l5j-2509219610, networkLocation: /default-rack, certSerialId: null}76e9ed70-2a32-4a64-9388-b77e9aa6f857{ip: 192.168.69.122, host: trunk-nightly-20190917-29l5j-2509219610, networkLocation: /default-rack, certSerialId: null}f1727f7a-dfce-47cb-9d44-d863f6c274c0{ip: 192.168.69.122, host: trunk-nightly-20190917-29l5j-2509219610, networkLocation: /default-rack, certSerialId: null}, Type:RATIS, Factor:THREE, State:CLOSED] from datanode 72845ddd-7944-416b-9dd2-35fcccd22f3d{ip: 192.168.69.122, host: trunk-nightly-20190917-29l5j-2509219610, networkLocation: /default-rack, certSerialId: null}. Reason : 72845ddd-7944-416b-9dd2-35fcccd22f3d has not seen follower/s 76e9ed70-2a32-4a64-9388-b77e9aa6f857 for 143079ms f1727f7a-dfce-47cb-9d44-d863f6c274c0 for 143079ms
2019-09-17 06:09:56,913 [EventQueue-PipelineActionsForPipelineActionHandler] INFO  pipeline.SCMPipelineManager (SCMPipelineManager.java:finalizeAndDestroyPipeline(311)) - destroying pipeline:Pipeline[ Id: 565851af-39e5-4a90-88c0-0b3452d6d747, Nodes: 72845ddd-7944-416b-9dd2-35fcccd22f3d{ip: 192.168.69.122, host: trunk-nightly-20190917-29l5j-2509219610, networkLocation: /default-rack, certSerialId: null}76e9ed70-2a32-4a64-9388-b77e9aa6f857{ip: 192.168.69.122, host: trunk-nightly-20190917-29l5j-2509219610, networkLocation: /default-rack, certSerialId: null}f1727f7a-dfce-47cb-9d44-d863f6c274c0{ip: 192.168.69.122, host: trunk-nightly-20190917-29l5j-2509219610, networkLocation: /default-rack, certSerialId: null}, Type:RATIS, Factor:THREE, State:CLOSED]
2019-09-17 06:09:58,426 [org.apache.ratis.server.impl.LogAppender$AppenderDaemon$$Lambda$505/2035288324@7fd66d5a] ERROR ratis.XceiverServerRatis (XceiverServerRatis.java:triggerPipelineClose(575)) - pipeline Action CLOSE  on pipeline PipelineID=565851af-39e5-4a90-88c0-0b3452d6d747.Reason : 72845ddd-7944-416b-9dd2-35fcccd22f3d has not seen follower/s 76e9ed70-2a32-4a64-9388-b77e9aa6f857 for 145580ms f1727f7a-dfce-47cb-9d44-d863f6c274c0 for 145580ms
2019-09-17 06:09:58,426 [org.apache.ratis.server.impl.LogAppender$AppenderDaemon$$Lambda$505/2035288324@2b56199b] ERROR ratis.XceiverServerRatis (XceiverServerRatis.java:triggerPipelineClose(575)) - pipeline Action CLOSE  on pipeline PipelineID=565851af-39e5-4a90-88c0-0b3452d6d747.Reason : 72845ddd-7944-416b-9dd2-35fcccd22f3d has not seen follower/s 76e9ed70-2a32-4a64-9388-b77e9aa6f857 for 145580ms f1727f7a-dfce-47cb-9d44-d863f6c274c0 for 145580ms
2019-09-17 06:09:58,911 [EventQueue-PipelineActionsForPipelineActionHandler] ERROR pipeline.PipelineActionHandler (PipelineActionHandler.java:onMessage(60)) - Received pipeline action CLOSE for Pipeline[ Id: 565851af-39e5-4a90-88c0-0b3452d6d747, Nodes: 72845ddd-7944-416b-9dd2-35fcccd22f3d{ip: 192.168.69.122, host: trunk-nightly-20190917-29l5j-2509219610, networkLocation: /default-rack, certSerialId: null}76e9ed70-2a32-4a64-9388-b77e9aa6f857{ip: 192.168.69.122, host: trunk-nightly-20190917-29l5j-2509219610, networkLocation: /default-rack, certSerialId: null}f1727f7a-dfce-47cb-9d44-d863f6c274c0{ip: 192.168.69.122, host: trunk-nightly-20190917-29l5j-2509219610, networkLocation: /default-rack, certSerialId: null}, Type:RATIS, Factor:THREE, State:CLOSED] from datanode 72845ddd-7944-416b-9dd2-35fcccd22f3d{ip: 192.168.69.122, host: trunk-nightly-20190917-29l5j-2509219610, networkLocation: /default-rack, certSerialId: null}. Reason : 72845ddd-7944-416b-9dd2-35fcccd22f3d has not seen follower/s 76e9ed70-2a32-4a64-9388-b77e9aa6f857 for 145580ms f1727f7a-dfce-47cb-9d44-d863f6c274c0 for 145580ms
2019-09-17 06:09:58,911 [EventQueue-PipelineActionsForPipelineActionHandler] INFO  pipeline.SCMPipelineManager (SCMPipelineManager.java:finalizeAndDestroyPipeline(311)) - destroying pipeline:Pipeline[ Id: 565851af-39e5-4a90-88c0-0b3452d6d747, Nodes: 72845ddd-7944-416b-9dd2-35fcccd22f3d{ip: 192.168.69.122, host: trunk-nightly-20190917-29l5j-2509219610, networkLocation: /default-rack, certSerialId: null}76e9ed70-2a32-4a64-9388-b77e9aa6f857{ip: 192.168.69.122, host: trunk-nightly-20190917-29l5j-2509219610, networkLocation: /default-rack, certSerialId: null}f1727f7a-dfce-47cb-9d44-d863f6c274c0{ip: 192.168.69.122, host: trunk-nightly-20190917-29l5j-2509219610, networkLocation: /default-rack, certSerialId: null}, Type:RATIS, Factor:THREE, State:CLOSED]
2019-09-17 06:09:58,925 [java.util.concurrent.ThreadPoolExecutor$Worker@7e25380e[State = -1, empty queue]] WARN  server.GrpcLogAppender (GrpcLogAppender.java:timeoutAppendRequest(200)) - 72845ddd-7944-416b-9dd2-35fcccd22f3d@group-0B3452D6D747->76e9ed70-2a32-4a64-9388-b77e9aa6f857-GrpcLogAppender: appendEntries Timeout, request=72845ddd-7944-416b-9dd2-35fcccd22f3d->76e9ed70-2a32-4a64-9388-b77e9aa6f857#70-t1, previous=(t:1, i:13), leaderCommit=6, initializing? false, entries: <empty>
2019-09-17 06:09:58,925 [java.util.concurrent.ThreadPoolExecutor$Worker@550fe58d[State = -1, empty queue]] WARN  server.GrpcLogAppender (GrpcLogAppender.java:timeoutAppendRequest(200)) - 72845ddd-7944-416b-9dd2-35fcccd22f3d@group-0B3452D6D747->f1727f7a-dfce-47cb-9d44-d863f6c274c0-GrpcLogAppender: appendEntries Timeout, request=72845ddd-7944-416b-9dd2-35fcccd22f3d->f1727f7a-dfce-47cb-9d44-d863f6c274c0#70-t1, previous=(t:1, i:13), leaderCommit=6, initializing? false, entries: <empty>
2019-09-17 06:10:00,223 [grpc-default-executor-0] INFO  client.GrpcClientProtocolClient (GrpcClientProtocolClient.java:onNext(264)) - client-9AF48D7A035B->f1727f7a-dfce-47cb-9d44-d863f6c274c0: receive RaftClientReply:client-9AF48D7A035B->f1727f7a-dfce-47cb-9d44-d863f6c274c0@group-0B3452D6D747, cid=50, FAILED org.apache.ratis.protocol.NotLeaderException: Server f1727f7a-dfce-47cb-9d44-d863f6c274c0@group-0B3452D6D747 is not the leader 72845ddd-7944-416b-9dd2-35fcccd22f3d:192.168.69.122:41609, logIndex=0, commits[f1727f7a-dfce-47cb-9d44-d863f6c274c0:c6, 76e9ed70-2a32-4a64-9388-b77e9aa6f857:c4, 72845ddd-7944-416b-9dd2-35fcccd22f3d:c6]
2019-09-17 06:10:00,927 [org.apache.ratis.server.impl.LogAppender$AppenderDaemon$$Lambda$505/2035288324@2b56199b] ERROR ratis.XceiverServerRatis (XceiverServerRatis.java:triggerPipelineClose(575)) - pipeline Action CLOSE  on pipeline PipelineID=565851af-39e5-4a90-88c0-0b3452d6d747.Reason : 72845ddd-7944-416b-9dd2-35fcccd22f3d has not seen follower/s 76e9ed70-2a32-4a64-9388-b77e9aa6f857 for 148081ms f1727f7a-dfce-47cb-9d44-d863f6c274c0 for 148081ms
2019-09-17 06:10:00,927 [org.apache.ratis.server.impl.LogAppender$AppenderDaemon$$Lambda$505/2035288324@7fd66d5a] ERROR ratis.XceiverServerRatis (XceiverServerRatis.java:triggerPipelineClose(575)) - pipeline Action CLOSE  on pipeline PipelineID=565851af-39e5-4a90-88c0-0b3452d6d747.Reason : 72845ddd-7944-416b-9dd2-35fcccd22f3d has not seen follower/s 76e9ed70-2a32-4a64-9388-b77e9aa6f857 for 148082ms f1727f7a-dfce-47cb-9d44-d863f6c274c0 for 148081ms
2019-09-17 06:10:01,426 [java.util.concurrent.ThreadPoolExecutor$Worker@7e25380e[State = -1, empty queue]] WARN  server.GrpcLogAppender (GrpcLogAppender.java:timeoutAppendRequest(200)) - 72845ddd-7944-416b-9dd2-35fcccd22f3d@group-0B3452D6D747->76e9ed70-2a32-4a64-9388-b77e9aa6f857-GrpcLogAppender: appendEntries Timeout, request=72845ddd-7944-416b-9dd2-35fcccd22f3d->76e9ed70-2a32-4a64-9388-b77e9aa6f857#71-t1, previous=(t:1, i:13), leaderCommit=6, initializing? false, entries: <empty>
2019-09-17 06:10:01,426 [java.util.concurrent.ThreadPoolExecutor$Worker@550fe58d[State = -1, empty queue]] WARN  server.GrpcLogAppender (GrpcLogAppender.java:timeoutAppendRequest(200)) - 72845ddd-7944-416b-9dd2-35fcccd22f3d@group-0B3452D6D747->f1727f7a-dfce-47cb-9d44-d863f6c274c0-GrpcLogAppender: appendEntries Timeout, request=72845ddd-7944-416b-9dd2-35fcccd22f3d->f1727f7a-dfce-47cb-9d44-d863f6c274c0#71-t1, previous=(t:1, i:13), leaderCommit=6, initializing? false, entries: <empty>
2019-09-17 06:10:01,911 [EventQueue-PipelineActionsForPipelineActionHandler] ERROR pipeline.PipelineActionHandler (PipelineActionHandler.java:onMessage(60)) - Received pipeline action CLOSE for Pipeline[ Id: 565851af-39e5-4a90-88c0-0b3452d6d747, Nodes: 72845ddd-7944-416b-9dd2-35fcccd22f3d{ip: 192.168.69.122, host: trunk-nightly-20190917-29l5j-2509219610, networkLocation: /default-rack, certSerialId: null}76e9ed70-2a32-4a64-9388-b77e9aa6f857{ip: 192.168.69.122, host: trunk-nightly-20190917-29l5j-2509219610, networkLocation: /default-rack, certSerialId: null}f1727f7a-dfce-47cb-9d44-d863f6c274c0{ip: 192.168.69.122, host: trunk-nightly-20190917-29l5j-2509219610, networkLocation: /default-rack, certSerialId: null}, Type:RATIS, Factor:THREE, State:CLOSED] from datanode 72845ddd-7944-416b-9dd2-35fcccd22f3d{ip: 192.168.69.122, host: trunk-nightly-20190917-29l5j-2509219610, networkLocation: /default-rack, certSerialId: null}. Reason : 72845ddd-7944-416b-9dd2-35fcccd22f3d has not seen follower/s 76e9ed70-2a32-4a64-9388-b77e9aa6f857 for 148081ms f1727f7a-dfce-47cb-9d44-d863f6c274c0 for 148081ms
2019-09-17 06:10:01,912 [EventQueue-PipelineActionsForPipelineActionHandler] INFO  pipeline.SCMPipelineManager (SCMPipelineManager.java:finalizeAndDestroyPipeline(311)) - destroying pipeline:Pipeline[ Id: 565851af-39e5-4a90-88c0-0b3452d6d747, Nodes: 72845ddd-7944-416b-9dd2-35fcccd22f3d{ip: 192.168.69.122, host: trunk-nightly-20190917-29l5j-2509219610, networkLocation: /default-rack, certSerialId: null}76e9ed70-2a32-4a64-9388-b77e9aa6f857{ip: 192.168.69.122, host: trunk-nightly-20190917-29l5j-2509219610, networkLocation: /default-rack, certSerialId: null}f1727f7a-dfce-47cb-9d44-d863f6c274c0{ip: 192.168.69.122, host: trunk-nightly-20190917-29l5j-2509219610, networkLocation: /default-rack, certSerialId: null}, Type:RATIS, Factor:THREE, State:CLOSED]
2019-09-17 06:10:03,429 [org.apache.ratis.server.impl.LogAppender$AppenderDaemon$$Lambda$505/2035288324@2b56199b] ERROR ratis.XceiverServerRatis (XceiverServerRatis.java:triggerPipelineClose(575)) - pipeline Action CLOSE  on pipeline PipelineID=565851af-39e5-4a90-88c0-0b3452d6d747.Reason : 72845ddd-7944-416b-9dd2-35fcccd22f3d has not seen follower/s 76e9ed70-2a32-4a64-9388-b77e9aa6f857 for 150583ms f1727f7a-dfce-47cb-9d44-d863f6c274c0 for 150583ms
2019-09-17 06:10:03,429 [org.apache.ratis.server.impl.LogAppender$AppenderDaemon$$Lambda$505/2035288324@7fd66d5a] ERROR ratis.XceiverServerRatis (XceiverServerRatis.java:triggerPipelineClose(575)) - pipeline Action CLOSE  on pipeline PipelineID=565851af-39e5-4a90-88c0-0b3452d6d747.Reason : 72845ddd-7944-416b-9dd2-35fcccd22f3d has not seen follower/s 76e9ed70-2a32-4a64-9388-b77e9aa6f857 for 150583ms f1727f7a-dfce-47cb-9d44-d863f6c274c0 for 150583ms
2019-09-17 06:10:03,731 [76e9ed70-2a32-4a64-9388-b77e9aa6f857@group-0B3452D6D747-SegmentedRaftLogWorker] WARN  segmented.SegmentedRaftLogWorker (SegmentedRaftLogWorker.java:getFromFuture(90)) - Timeout 14/~
org.apache.ratis.protocol.TimeoutIOException: Timeout 10s: WriteLog:7: (t:1, i:7), STATEMACHINELOGENTRY, client-9AF48D7A035B, cid=50-writeStateMachineData
	at org.apache.ratis.util.IOUtils.getFromFuture(IOUtils.java:87)
	at org.apache.ratis.server.raftlog.segmented.SegmentedRaftLogWorker$StateMachineDataPolicy.getFromFuture(SegmentedRaftLogWorker.java:87)
	at org.apache.ratis.server.raftlog.segmented.SegmentedRaftLogWorker$WriteLog.execute(SegmentedRaftLogWorker.java:477)
	at org.apache.ratis.server.raftlog.segmented.SegmentedRaftLogWorker.run(SegmentedRaftLogWorker.java:289)
	at java.lang.Thread.run(Thread.java:748)
Caused by: java.util.concurrent.TimeoutException
	at java.util.concurrent.CompletableFuture.timedGet(CompletableFuture.java:1771)
	at java.util.concurrent.CompletableFuture.get(CompletableFuture.java:1915)
	at org.apache.ratis.util.IOUtils.getFromFuture(IOUtils.java:79)
	... 4 more
2019-09-17 06:10:03,749 [f1727f7a-dfce-47cb-9d44-d863f6c274c0@group-0B3452D6D747-SegmentedRaftLogWorker] WARN  segmented.SegmentedRaftLogWorker (SegmentedRaftLogWorker.java:getFromFuture(90)) - Timeout 14/~
org.apache.ratis.protocol.TimeoutIOException: Timeout 10s: WriteLog:7: (t:1, i:7), STATEMACHINELOGENTRY, client-9AF48D7A035B, cid=50-writeStateMachineData
	at org.apache.ratis.util.IOUtils.getFromFuture(IOUtils.java:87)
	at org.apache.ratis.server.raftlog.segmented.SegmentedRaftLogWorker$StateMachineDataPolicy.getFromFuture(SegmentedRaftLogWorker.java:87)
	at org.apache.ratis.server.raftlog.segmented.SegmentedRaftLogWorker$WriteLog.execute(SegmentedRaftLogWorker.java:477)
	at org.apache.ratis.server.raftlog.segmented.SegmentedRaftLogWorker.run(SegmentedRaftLogWorker.java:289)
	at java.lang.Thread.run(Thread.java:748)
Caused by: java.util.concurrent.TimeoutException
	at java.util.concurrent.CompletableFuture.timedGet(CompletableFuture.java:1771)
	at java.util.concurrent.CompletableFuture.get(CompletableFuture.java:1915)
	at org.apache.ratis.util.IOUtils.getFromFuture(IOUtils.java:79)
	... 4 more
2019-09-17 06:10:03,850 [72845ddd-7944-416b-9dd2-35fcccd22f3d@group-0B3452D6D747-SegmentedRaftLogWorker] WARN  segmented.SegmentedRaftLogWorker (SegmentedRaftLogWorker.java:getFromFuture(90)) - Timeout 14/~
org.apache.ratis.protocol.TimeoutIOException: Timeout 10s: WriteLog:8: (t:1, i:8), STATEMACHINELOGENTRY, client-9AF48D7A035B, cid=51-writeStateMachineData
	at org.apache.ratis.util.IOUtils.getFromFuture(IOUtils.java:87)
	at org.apache.ratis.server.raftlog.segmented.SegmentedRaftLogWorker$StateMachineDataPolicy.getFromFuture(SegmentedRaftLogWorker.java:87)
	at org.apache.ratis.server.raftlog.segmented.SegmentedRaftLogWorker$WriteLog.execute(SegmentedRaftLogWorker.java:477)
	at org.apache.ratis.server.raftlog.segmented.SegmentedRaftLogWorker.run(SegmentedRaftLogWorker.java:289)
	at java.lang.Thread.run(Thread.java:748)
Caused by: java.util.concurrent.TimeoutException
	at java.util.concurrent.CompletableFuture.timedGet(CompletableFuture.java:1771)
	at java.util.concurrent.CompletableFuture.get(CompletableFuture.java:1915)
	at org.apache.ratis.util.IOUtils.getFromFuture(IOUtils.java:79)
	... 4 more
2019-09-17 06:10:03,912 [EventQueue-PipelineActionsForPipelineActionHandler] ERROR pipeline.PipelineActionHandler (PipelineActionHandler.java:onMessage(60)) - Received pipeline action CLOSE for Pipeline[ Id: 565851af-39e5-4a90-88c0-0b3452d6d747, Nodes: 72845ddd-7944-416b-9dd2-35fcccd22f3d{ip: 192.168.69.122, host: trunk-nightly-20190917-29l5j-2509219610, networkLocation: /default-rack, certSerialId: null}76e9ed70-2a32-4a64-9388-b77e9aa6f857{ip: 192.168.69.122, host: trunk-nightly-20190917-29l5j-2509219610, networkLocation: /default-rack, certSerialId: null}f1727f7a-dfce-47cb-9d44-d863f6c274c0{ip: 192.168.69.122, host: trunk-nightly-20190917-29l5j-2509219610, networkLocation: /default-rack, certSerialId: null}, Type:RATIS, Factor:THREE, State:CLOSED] from datanode 72845ddd-7944-416b-9dd2-35fcccd22f3d{ip: 192.168.69.122, host: trunk-nightly-20190917-29l5j-2509219610, networkLocation: /default-rack, certSerialId: null}. Reason : 72845ddd-7944-416b-9dd2-35fcccd22f3d has not seen follower/s 76e9ed70-2a32-4a64-9388-b77e9aa6f857 for 150583ms f1727f7a-dfce-47cb-9d44-d863f6c274c0 for 150583ms
2019-09-17 06:10:03,912 [EventQueue-PipelineActionsForPipelineActionHandler] INFO  pipeline.SCMPipelineManager (SCMPipelineManager.java:finalizeAndDestroyPipeline(311)) - destroying pipeline:Pipeline[ Id: 565851af-39e5-4a90-88c0-0b3452d6d747, Nodes: 72845ddd-7944-416b-9dd2-35fcccd22f3d{ip: 192.168.69.122, host: trunk-nightly-20190917-29l5j-2509219610, networkLocation: /default-rack, certSerialId: null}76e9ed70-2a32-4a64-9388-b77e9aa6f857{ip: 192.168.69.122, host: trunk-nightly-20190917-29l5j-2509219610, networkLocation: /default-rack, certSerialId: null}f1727f7a-dfce-47cb-9d44-d863f6c274c0{ip: 192.168.69.122, host: trunk-nightly-20190917-29l5j-2509219610, networkLocation: /default-rack, certSerialId: null}, Type:RATIS, Factor:THREE, State:CLOSED]
2019-09-17 06:10:03,926 [java.util.concurrent.ThreadPoolExecutor$Worker@550fe58d[State = -1, empty queue]] WARN  server.GrpcLogAppender (GrpcLogAppender.java:timeoutAppendRequest(200)) - 72845ddd-7944-416b-9dd2-35fcccd22f3d@group-0B3452D6D747->f1727f7a-dfce-47cb-9d44-d863f6c274c0-GrpcLogAppender: appendEntries Timeout, request=72845ddd-7944-416b-9dd2-35fcccd22f3d->f1727f7a-dfce-47cb-9d44-d863f6c274c0#72-t1, previous=(t:1, i:13), leaderCommit=6, initializing? false, entries: <empty>
2019-09-17 06:10:03,927 [java.util.concurrent.ThreadPoolExecutor$Worker@7e25380e[State = -1, empty queue]] WARN  server.GrpcLogAppender (GrpcLogAppender.java:timeoutAppendRequest(200)) - 72845ddd-7944-416b-9dd2-35fcccd22f3d@group-0B3452D6D747->76e9ed70-2a32-4a64-9388-b77e9aa6f857-GrpcLogAppender: appendEntries Timeout, request=72845ddd-7944-416b-9dd2-35fcccd22f3d->76e9ed70-2a32-4a64-9388-b77e9aa6f857#72-t1, previous=(t:1, i:13), leaderCommit=6, initializing? false, entries: <empty>
2019-09-17 06:10:05,285 [grpc-default-executor-1] INFO  client.GrpcClientProtocolClient (GrpcClientProtocolClient.java:onNext(264)) - client-9AF48D7A035B->76e9ed70-2a32-4a64-9388-b77e9aa6f857: receive RaftClientReply:client-9AF48D7A035B->76e9ed70-2a32-4a64-9388-b77e9aa6f857@group-0B3452D6D747, cid=50, FAILED org.apache.ratis.protocol.NotLeaderException: Server 76e9ed70-2a32-4a64-9388-b77e9aa6f857@group-0B3452D6D747 is not the leader 72845ddd-7944-416b-9dd2-35fcccd22f3d:192.168.69.122:41609, logIndex=0, commits[76e9ed70-2a32-4a64-9388-b77e9aa6f857:c6, f1727f7a-dfce-47cb-9d44-d863f6c274c0:c4, 72845ddd-7944-416b-9dd2-35fcccd22f3d:c6]
2019-09-17 06:10:05,929 [org.apache.ratis.server.impl.LogAppender$AppenderDaemon$$Lambda$505/2035288324@7fd66d5a] ERROR ratis.XceiverServerRatis (XceiverServerRatis.java:triggerPipelineClose(575)) - pipeline Action CLOSE  on pipeline PipelineID=565851af-39e5-4a90-88c0-0b3452d6d747.Reason : 72845ddd-7944-416b-9dd2-35fcccd22f3d has not seen follower/s 76e9ed70-2a32-4a64-9388-b77e9aa6f857 for 153084ms f1727f7a-dfce-47cb-9d44-d863f6c274c0 for 153083ms
2019-09-17 06:10:05,929 [org.apache.ratis.server.impl.LogAppender$AppenderDaemon$$Lambda$505/2035288324@2b56199b] ERROR ratis.XceiverServerRatis (XceiverServerRatis.java:triggerPipelineClose(575)) - pipeline Action CLOSE  on pipeline PipelineID=565851af-39e5-4a90-88c0-0b3452d6d747.Reason : 72845ddd-7944-416b-9dd2-35fcccd22f3d has not seen follower/s 76e9ed70-2a32-4a64-9388-b77e9aa6f857 for 153084ms f1727f7a-dfce-47cb-9d44-d863f6c274c0 for 153083ms
2019-09-17 06:10:06,428 [java.util.concurrent.ThreadPoolExecutor$Worker@550fe58d[State = -1, empty queue]] WARN  server.GrpcLogAppender (GrpcLogAppender.java:timeoutAppendRequest(200)) - 72845ddd-7944-416b-9dd2-35fcccd22f3d@group-0B3452D6D747->f1727f7a-dfce-47cb-9d44-d863f6c274c0-GrpcLogAppender: appendEntries Timeout, request=72845ddd-7944-416b-9dd2-35fcccd22f3d->f1727f7a-dfce-47cb-9d44-d863f6c274c0#73-t1, previous=(t:1, i:13), leaderCommit=6, initializing? false, entries: <empty>
2019-09-17 06:10:06,428 [java.util.concurrent.ThreadPoolExecutor$Worker@7e25380e[State = -1, empty queue]] WARN  server.GrpcLogAppender (GrpcLogAppender.java:timeoutAppendRequest(200)) - 72845ddd-7944-416b-9dd2-35fcccd22f3d@group-0B3452D6D747->76e9ed70-2a32-4a64-9388-b77e9aa6f857-GrpcLogAppender: appendEntries Timeout, request=72845ddd-7944-416b-9dd2-35fcccd22f3d->76e9ed70-2a32-4a64-9388-b77e9aa6f857#73-t1, previous=(t:1, i:13), leaderCommit=6, initializing? false, entries: <empty>
2019-09-17 06:10:06,912 [EventQueue-PipelineActionsForPipelineActionHandler] ERROR pipeline.PipelineActionHandler (PipelineActionHandler.java:onMessage(60)) - Received pipeline action CLOSE for Pipeline[ Id: 565851af-39e5-4a90-88c0-0b3452d6d747, Nodes: 72845ddd-7944-416b-9dd2-35fcccd22f3d{ip: 192.168.69.122, host: trunk-nightly-20190917-29l5j-2509219610, networkLocation: /default-rack, certSerialId: null}76e9ed70-2a32-4a64-9388-b77e9aa6f857{ip: 192.168.69.122, host: trunk-nightly-20190917-29l5j-2509219610, networkLocation: /default-rack, certSerialId: null}f1727f7a-dfce-47cb-9d44-d863f6c274c0{ip: 192.168.69.122, host: trunk-nightly-20190917-29l5j-2509219610, networkLocation: /default-rack, certSerialId: null}, Type:RATIS, Factor:THREE, State:CLOSED] from datanode 72845ddd-7944-416b-9dd2-35fcccd22f3d{ip: 192.168.69.122, host: trunk-nightly-20190917-29l5j-2509219610, networkLocation: /default-rack, certSerialId: null}. Reason : 72845ddd-7944-416b-9dd2-35fcccd22f3d has not seen follower/s 76e9ed70-2a32-4a64-9388-b77e9aa6f857 for 153084ms f1727f7a-dfce-47cb-9d44-d863f6c274c0 for 153083ms
2019-09-17 06:10:06,912 [EventQueue-PipelineActionsForPipelineActionHandler] INFO  pipeline.SCMPipelineManager (SCMPipelineManager.java:finalizeAndDestroyPipeline(311)) - destroying pipeline:Pipeline[ Id: 565851af-39e5-4a90-88c0-0b3452d6d747, Nodes: 72845ddd-7944-416b-9dd2-35fcccd22f3d{ip: 192.168.69.122, host: trunk-nightly-20190917-29l5j-2509219610, networkLocation: /default-rack, certSerialId: null}76e9ed70-2a32-4a64-9388-b77e9aa6f857{ip: 192.168.69.122, host: trunk-nightly-20190917-29l5j-2509219610, networkLocation: /default-rack, certSerialId: null}f1727f7a-dfce-47cb-9d44-d863f6c274c0{ip: 192.168.69.122, host: trunk-nightly-20190917-29l5j-2509219610, networkLocation: /default-rack, certSerialId: null}, Type:RATIS, Factor:THREE, State:CLOSED]
2019-09-17 06:10:08,429 [org.apache.ratis.server.impl.LogAppender$AppenderDaemon$$Lambda$505/2035288324@2b56199b] ERROR ratis.XceiverServerRatis (XceiverServerRatis.java:triggerPipelineClose(575)) - pipeline Action CLOSE  on pipeline PipelineID=565851af-39e5-4a90-88c0-0b3452d6d747.Reason : 72845ddd-7944-416b-9dd2-35fcccd22f3d has not seen follower/s 76e9ed70-2a32-4a64-9388-b77e9aa6f857 for 155584ms f1727f7a-dfce-47cb-9d44-d863f6c274c0 for 155584ms
2019-09-17 06:10:08,430 [org.apache.ratis.server.impl.LogAppender$AppenderDaemon$$Lambda$505/2035288324@7fd66d5a] ERROR ratis.XceiverServerRatis (XceiverServerRatis.java:triggerPipelineClose(575)) - pipeline Action CLOSE  on pipeline PipelineID=565851af-39e5-4a90-88c0-0b3452d6d747.Reason : 72845ddd-7944-416b-9dd2-35fcccd22f3d has not seen follower/s 76e9ed70-2a32-4a64-9388-b77e9aa6f857 for 155584ms f1727f7a-dfce-47cb-9d44-d863f6c274c0 for 155584ms
2019-09-17 06:10:08,913 [EventQueue-PipelineActionsForPipelineActionHandler] ERROR pipeline.PipelineActionHandler (PipelineActionHandler.java:onMessage(60)) - Received pipeline action CLOSE for Pipeline[ Id: 565851af-39e5-4a90-88c0-0b3452d6d747, Nodes: 72845ddd-7944-416b-9dd2-35fcccd22f3d{ip: 192.168.69.122, host: trunk-nightly-20190917-29l5j-2509219610, networkLocation: /default-rack, certSerialId: null}76e9ed70-2a32-4a64-9388-b77e9aa6f857{ip: 192.168.69.122, host: trunk-nightly-20190917-29l5j-2509219610, networkLocation: /default-rack, certSerialId: null}f1727f7a-dfce-47cb-9d44-d863f6c274c0{ip: 192.168.69.122, host: trunk-nightly-20190917-29l5j-2509219610, networkLocation: /default-rack, certSerialId: null}, Type:RATIS, Factor:THREE, State:CLOSED] from datanode 72845ddd-7944-416b-9dd2-35fcccd22f3d{ip: 192.168.69.122, host: trunk-nightly-20190917-29l5j-2509219610, networkLocation: /default-rack, certSerialId: null}. Reason : 72845ddd-7944-416b-9dd2-35fcccd22f3d has not seen follower/s 76e9ed70-2a32-4a64-9388-b77e9aa6f857 for 155584ms f1727f7a-dfce-47cb-9d44-d863f6c274c0 for 155584ms
2019-09-17 06:10:08,913 [EventQueue-PipelineActionsForPipelineActionHandler] INFO  pipeline.SCMPipelineManager (SCMPipelineManager.java:finalizeAndDestroyPipeline(311)) - destroying pipeline:Pipeline[ Id: 565851af-39e5-4a90-88c0-0b3452d6d747, Nodes: 72845ddd-7944-416b-9dd2-35fcccd22f3d{ip: 192.168.69.122, host: trunk-nightly-20190917-29l5j-2509219610, networkLocation: /default-rack, certSerialId: null}76e9ed70-2a32-4a64-9388-b77e9aa6f857{ip: 192.168.69.122, host: trunk-nightly-20190917-29l5j-2509219610, networkLocation: /default-rack, certSerialId: null}f1727f7a-dfce-47cb-9d44-d863f6c274c0{ip: 192.168.69.122, host: trunk-nightly-20190917-29l5j-2509219610, networkLocation: /default-rack, certSerialId: null}, Type:RATIS, Factor:THREE, State:CLOSED]
2019-09-17 06:10:08,929 [java.util.concurrent.ThreadPoolExecutor$Worker@550fe58d[State = -1, empty queue]] WARN  server.GrpcLogAppender (GrpcLogAppender.java:timeoutAppendRequest(200)) - 72845ddd-7944-416b-9dd2-35fcccd22f3d@group-0B3452D6D747->f1727f7a-dfce-47cb-9d44-d863f6c274c0-GrpcLogAppender: appendEntries Timeout, request=72845ddd-7944-416b-9dd2-35fcccd22f3d->f1727f7a-dfce-47cb-9d44-d863f6c274c0#74-t1, previous=(t:1, i:13), leaderCommit=6, initializing? false, entries: <empty>
2019-09-17 06:10:08,929 [java.util.concurrent.ThreadPoolExecutor$Worker@7e25380e[State = -1, empty queue]] WARN  server.GrpcLogAppender (GrpcLogAppender.java:timeoutAppendRequest(200)) - 72845ddd-7944-416b-9dd2-35fcccd22f3d@group-0B3452D6D747->76e9ed70-2a32-4a64-9388-b77e9aa6f857-GrpcLogAppender: appendEntries Timeout, request=72845ddd-7944-416b-9dd2-35fcccd22f3d->76e9ed70-2a32-4a64-9388-b77e9aa6f857#74-t1, previous=(t:1, i:13), leaderCommit=6, initializing? false, entries: <empty>
2019-09-17 06:10:10,328 [grpc-default-executor-0] INFO  client.GrpcClientProtocolClient (GrpcClientProtocolClient.java:onNext(264)) - client-9AF48D7A035B->76e9ed70-2a32-4a64-9388-b77e9aa6f857: receive RaftClientReply:client-9AF48D7A035B->76e9ed70-2a32-4a64-9388-b77e9aa6f857@group-0B3452D6D747, cid=50, FAILED org.apache.ratis.protocol.NotLeaderException: Server 76e9ed70-2a32-4a64-9388-b77e9aa6f857@group-0B3452D6D747 is not the leader 72845ddd-7944-416b-9dd2-35fcccd22f3d:192.168.69.122:41609, logIndex=0, commits[76e9ed70-2a32-4a64-9388-b77e9aa6f857:c6, f1727f7a-dfce-47cb-9d44-d863f6c274c0:c4, 72845ddd-7944-416b-9dd2-35fcccd22f3d:c6]
2019-09-17 06:10:10,930 [org.apache.ratis.server.impl.LogAppender$AppenderDaemon$$Lambda$505/2035288324@2b56199b] ERROR ratis.XceiverServerRatis (XceiverServerRatis.java:triggerPipelineClose(575)) - pipeline Action CLOSE  on pipeline PipelineID=565851af-39e5-4a90-88c0-0b3452d6d747.Reason : 72845ddd-7944-416b-9dd2-35fcccd22f3d has not seen follower/s 76e9ed70-2a32-4a64-9388-b77e9aa6f857 for 158085ms f1727f7a-dfce-47cb-9d44-d863f6c274c0 for 158085ms
2019-09-17 06:10:10,930 [org.apache.ratis.server.impl.LogAppender$AppenderDaemon$$Lambda$505/2035288324@7fd66d5a] ERROR ratis.XceiverServerRatis (XceiverServerRatis.java:triggerPipelineClose(575)) - pipeline Action CLOSE  on pipeline PipelineID=565851af-39e5-4a90-88c0-0b3452d6d747.Reason : 72845ddd-7944-416b-9dd2-35fcccd22f3d has not seen follower/s 76e9ed70-2a32-4a64-9388-b77e9aa6f857 for 158085ms f1727f7a-dfce-47cb-9d44-d863f6c274c0 for 158085ms
2019-09-17 06:10:11,429 [java.util.concurrent.ThreadPoolExecutor$Worker@550fe58d[State = -1, empty queue]] WARN  server.GrpcLogAppender (GrpcLogAppender.java:timeoutAppendRequest(200)) - 72845ddd-7944-416b-9dd2-35fcccd22f3d@group-0B3452D6D747->f1727f7a-dfce-47cb-9d44-d863f6c274c0-GrpcLogAppender: appendEntries Timeout, request=72845ddd-7944-416b-9dd2-35fcccd22f3d->f1727f7a-dfce-47cb-9d44-d863f6c274c0#75-t1, previous=(t:1, i:13), leaderCommit=6, initializing? false, entries: <empty>
2019-09-17 06:10:11,430 [java.util.concurrent.ThreadPoolExecutor$Worker@7e25380e[State = -1, empty queue]] WARN  server.GrpcLogAppender (GrpcLogAppender.java:timeoutAppendRequest(200)) - 72845ddd-7944-416b-9dd2-35fcccd22f3d@group-0B3452D6D747->76e9ed70-2a32-4a64-9388-b77e9aa6f857-GrpcLogAppender: appendEntries Timeout, request=72845ddd-7944-416b-9dd2-35fcccd22f3d->76e9ed70-2a32-4a64-9388-b77e9aa6f857#75-t1, previous=(t:1, i:13), leaderCommit=6, initializing? false, entries: <empty>
2019-09-17 06:10:11,913 [EventQueue-PipelineActionsForPipelineActionHandler] ERROR pipeline.PipelineActionHandler (PipelineActionHandler.java:onMessage(60)) - Received pipeline action CLOSE for Pipeline[ Id: 565851af-39e5-4a90-88c0-0b3452d6d747, Nodes: 72845ddd-7944-416b-9dd2-35fcccd22f3d{ip: 192.168.69.122, host: trunk-nightly-20190917-29l5j-2509219610, networkLocation: /default-rack, certSerialId: null}76e9ed70-2a32-4a64-9388-b77e9aa6f857{ip: 192.168.69.122, host: trunk-nightly-20190917-29l5j-2509219610, networkLocation: /default-rack, certSerialId: null}f1727f7a-dfce-47cb-9d44-d863f6c274c0{ip: 192.168.69.122, host: trunk-nightly-20190917-29l5j-2509219610, networkLocation: /default-rack, certSerialId: null}, Type:RATIS, Factor:THREE, State:CLOSED] from datanode 72845ddd-7944-416b-9dd2-35fcccd22f3d{ip: 192.168.69.122, host: trunk-nightly-20190917-29l5j-2509219610, networkLocation: /default-rack, certSerialId: null}. Reason : 72845ddd-7944-416b-9dd2-35fcccd22f3d has not seen follower/s 76e9ed70-2a32-4a64-9388-b77e9aa6f857 for 158085ms f1727f7a-dfce-47cb-9d44-d863f6c274c0 for 158085ms
2019-09-17 06:10:11,914 [EventQueue-PipelineActionsForPipelineActionHandler] INFO  pipeline.SCMPipelineManager (SCMPipelineManager.java:finalizeAndDestroyPipeline(311)) - destroying pipeline:Pipeline[ Id: 565851af-39e5-4a90-88c0-0b3452d6d747, Nodes: 72845ddd-7944-416b-9dd2-35fcccd22f3d{ip: 192.168.69.122, host: trunk-nightly-20190917-29l5j-2509219610, networkLocation: /default-rack, certSerialId: null}76e9ed70-2a32-4a64-9388-b77e9aa6f857{ip: 192.168.69.122, host: trunk-nightly-20190917-29l5j-2509219610, networkLocation: /default-rack, certSerialId: null}f1727f7a-dfce-47cb-9d44-d863f6c274c0{ip: 192.168.69.122, host: trunk-nightly-20190917-29l5j-2509219610, networkLocation: /default-rack, certSerialId: null}, Type:RATIS, Factor:THREE, State:CLOSED]
2019-09-17 06:10:13,433 [org.apache.ratis.server.impl.LogAppender$AppenderDaemon$$Lambda$505/2035288324@7fd66d5a] ERROR ratis.XceiverServerRatis (XceiverServerRatis.java:triggerPipelineClose(575)) - pipeline Action CLOSE  on pipeline PipelineID=565851af-39e5-4a90-88c0-0b3452d6d747.Reason : 72845ddd-7944-416b-9dd2-35fcccd22f3d has not seen follower/s 76e9ed70-2a32-4a64-9388-b77e9aa6f857 for 160587ms f1727f7a-dfce-47cb-9d44-d863f6c274c0 for 160587ms
2019-09-17 06:10:13,433 [org.apache.ratis.server.impl.LogAppender$AppenderDaemon$$Lambda$505/2035288324@2b56199b] ERROR ratis.XceiverServerRatis (XceiverServerRatis.java:triggerPipelineClose(575)) - pipeline Action CLOSE  on pipeline PipelineID=565851af-39e5-4a90-88c0-0b3452d6d747.Reason : 72845ddd-7944-416b-9dd2-35fcccd22f3d has not seen follower/s 76e9ed70-2a32-4a64-9388-b77e9aa6f857 for 160587ms f1727f7a-dfce-47cb-9d44-d863f6c274c0 for 160587ms
2019-09-17 06:10:13,451 [grpc-default-executor-1] INFO  impl.RaftServerProxy (RaftServerProxy.java:addNew(89)) - f1727f7a-dfce-47cb-9d44-d863f6c274c0: addNew group-D4E7BC6CD8BE:[76e9ed70-2a32-4a64-9388-b77e9aa6f857:192.168.69.122:43336, f1727f7a-dfce-47cb-9d44-d863f6c274c0:192.168.69.122:33937, 72845ddd-7944-416b-9dd2-35fcccd22f3d:192.168.69.122:41609] returns group-D4E7BC6CD8BE:java.util.concurrent.CompletableFuture@72c4c406[Not completed]
2019-09-17 06:10:13,451 [grpc-default-executor-5] INFO  impl.RaftServerProxy (RaftServerProxy.java:addNew(89)) - 76e9ed70-2a32-4a64-9388-b77e9aa6f857: addNew group-D4E7BC6CD8BE:[76e9ed70-2a32-4a64-9388-b77e9aa6f857:192.168.69.122:43336, f1727f7a-dfce-47cb-9d44-d863f6c274c0:192.168.69.122:33937, 72845ddd-7944-416b-9dd2-35fcccd22f3d:192.168.69.122:41609] returns group-D4E7BC6CD8BE:java.util.concurrent.CompletableFuture@763b2f9b[Not completed]
2019-09-17 06:10:13,451 [grpc-default-executor-0] INFO  impl.RaftServerProxy (RaftServerProxy.java:addNew(89)) - 72845ddd-7944-416b-9dd2-35fcccd22f3d: addNew group-D4E7BC6CD8BE:[76e9ed70-2a32-4a64-9388-b77e9aa6f857:192.168.69.122:43336, f1727f7a-dfce-47cb-9d44-d863f6c274c0:192.168.69.122:33937, 72845ddd-7944-416b-9dd2-35fcccd22f3d:192.168.69.122:41609] returns group-D4E7BC6CD8BE:java.util.concurrent.CompletableFuture@59b948d3[Not completed]
2019-09-17 06:10:13,454 [pool-87-thread-1] INFO  impl.RaftServerImpl (RaftServerImpl.java:<init>(95)) - f1727f7a-dfce-47cb-9d44-d863f6c274c0: new RaftServerImpl for group-D4E7BC6CD8BE:[76e9ed70-2a32-4a64-9388-b77e9aa6f857:192.168.69.122:43336, f1727f7a-dfce-47cb-9d44-d863f6c274c0:192.168.69.122:33937, 72845ddd-7944-416b-9dd2-35fcccd22f3d:192.168.69.122:41609] with ContainerStateMachine:uninitialized
2019-09-17 06:10:13,455 [pool-87-thread-1] INFO  server.RaftServerConfigKeys (ConfUtils.java:logGet(43)) - raft.server.rpc.timeout.min = 5s (custom)
2019-09-17 06:10:13,455 [pool-87-thread-1] INFO  server.RaftServerConfigKeys (ConfUtils.java:logGet(43)) - raft.server.rpc.timeout.max = 5200ms (custom)
2019-09-17 06:10:13,455 [pool-87-thread-1] INFO  server.RaftServerConfigKeys (ConfUtils.java:logGet(43)) - raft.server.rpcslowness.timeout = 120s (custom)
2019-09-17 06:10:13,455 [pool-87-thread-1] INFO  server.RaftServerConfigKeys (ConfUtils.java:logGet(43)) - raft.server.sleep.deviation.threshold = 300 (default)
2019-09-17 06:10:13,455 [pool-47-thread-1] INFO  impl.RaftServerImpl (RaftServerImpl.java:<init>(95)) - 72845ddd-7944-416b-9dd2-35fcccd22f3d: new RaftServerImpl for group-D4E7BC6CD8BE:[76e9ed70-2a32-4a64-9388-b77e9aa6f857:192.168.69.122:43336, f1727f7a-dfce-47cb-9d44-d863f6c274c0:192.168.69.122:33937, 72845ddd-7944-416b-9dd2-35fcccd22f3d:192.168.69.122:41609] with ContainerStateMachine:uninitialized
2019-09-17 06:10:13,455 [pool-87-thread-1] INFO  server.RaftServerConfigKeys (ConfUtils.java:logGet(43)) - raft.server.log.appender.install.snapshot.enabled = false (custom)
2019-09-17 06:10:13,456 [pool-47-thread-1] INFO  server.RaftServerConfigKeys (ConfUtils.java:logGet(43)) - raft.server.rpc.timeout.min = 5s (custom)
2019-09-17 06:10:13,456 [pool-87-thread-1] INFO  impl.RaftServerImpl (ServerState.java:<init>(103)) - f1727f7a-dfce-47cb-9d44-d863f6c274c0@group-D4E7BC6CD8BE: ConfigurationManager, init=-1: [76e9ed70-2a32-4a64-9388-b77e9aa6f857:192.168.69.122:43336, f1727f7a-dfce-47cb-9d44-d863f6c274c0:192.168.69.122:33937, 72845ddd-7944-416b-9dd2-35fcccd22f3d:192.168.69.122:41609], old=null, confs=<EMPTY_MAP>
2019-09-17 06:10:13,456 [pool-47-thread-1] INFO  server.RaftServerConfigKeys (ConfUtils.java:logGet(43)) - raft.server.rpc.timeout.max = 5200ms (custom)
2019-09-17 06:10:13,456 [pool-47-thread-1] INFO  server.RaftServerConfigKeys (ConfUtils.java:logGet(43)) - raft.server.rpcslowness.timeout = 120s (custom)
2019-09-17 06:10:13,456 [pool-87-thread-1] INFO  server.RaftServerConfigKeys (ConfUtils.java:logGet(43)) - raft.server.storage.dir = [/workdir/hadoop-ozone/integration-test/target/test-dir/MiniOzoneClusterImpl-75dfc597-4d0a-4fc3-997c-bd58322963d8/datanode-6/data/ratis] (custom)
2019-09-17 06:10:13,456 [pool-27-thread-1] INFO  impl.RaftServerImpl (RaftServerImpl.java:<init>(95)) - 76e9ed70-2a32-4a64-9388-b77e9aa6f857: new RaftServerImpl for group-D4E7BC6CD8BE:[76e9ed70-2a32-4a64-9388-b77e9aa6f857:192.168.69.122:43336, f1727f7a-dfce-47cb-9d44-d863f6c274c0:192.168.69.122:33937, 72845ddd-7944-416b-9dd2-35fcccd22f3d:192.168.69.122:41609] with ContainerStateMachine:uninitialized
2019-09-17 06:10:13,456 [pool-47-thread-1] INFO  server.RaftServerConfigKeys (ConfUtils.java:logGet(43)) - raft.server.sleep.deviation.threshold = 300 (default)
2019-09-17 06:10:13,457 [pool-27-thread-1] INFO  server.RaftServerConfigKeys (ConfUtils.java:logGet(43)) - raft.server.rpc.timeout.min = 5s (custom)
2019-09-17 06:10:13,457 [pool-87-thread-1] INFO  storage.RaftStorageDirectory (RaftStorageDirectory.java:analyzeStorage(246)) - The storage directory /workdir/hadoop-ozone/integration-test/target/test-dir/MiniOzoneClusterImpl-75dfc597-4d0a-4fc3-997c-bd58322963d8/datanode-6/data/ratis/3747a3e5-67b2-4bec-80f8-d4e7bc6cd8be does not exist. Creating ...
2019-09-17 06:10:13,457 [pool-27-thread-1] INFO  server.RaftServerConfigKeys (ConfUtils.java:logGet(43)) - raft.server.rpc.timeout.max = 5200ms (custom)
2019-09-17 06:10:13,457 [pool-47-thread-1] INFO  server.RaftServerConfigKeys (ConfUtils.java:logGet(43)) - raft.server.log.appender.install.snapshot.enabled = false (custom)
2019-09-17 06:10:13,457 [pool-27-thread-1] INFO  server.RaftServerConfigKeys (ConfUtils.java:logGet(43)) - raft.server.rpcslowness.timeout = 120s (custom)
2019-09-17 06:10:13,457 [pool-47-thread-1] INFO  impl.RaftServerImpl (ServerState.java:<init>(103)) - 72845ddd-7944-416b-9dd2-35fcccd22f3d@group-D4E7BC6CD8BE: ConfigurationManager, init=-1: [76e9ed70-2a32-4a64-9388-b77e9aa6f857:192.168.69.122:43336, f1727f7a-dfce-47cb-9d44-d863f6c274c0:192.168.69.122:33937, 72845ddd-7944-416b-9dd2-35fcccd22f3d:192.168.69.122:41609], old=null, confs=<EMPTY_MAP>
2019-09-17 06:10:13,457 [pool-27-thread-1] INFO  server.RaftServerConfigKeys (ConfUtils.java:logGet(43)) - raft.server.sleep.deviation.threshold = 300 (default)
2019-09-17 06:10:13,458 [pool-47-thread-1] INFO  server.RaftServerConfigKeys (ConfUtils.java:logGet(43)) - raft.server.storage.dir = [/workdir/hadoop-ozone/integration-test/target/test-dir/MiniOzoneClusterImpl-75dfc597-4d0a-4fc3-997c-bd58322963d8/datanode-2/data/ratis] (custom)
2019-09-17 06:10:13,458 [pool-27-thread-1] INFO  server.RaftServerConfigKeys (ConfUtils.java:logGet(43)) - raft.server.log.appender.install.snapshot.enabled = false (custom)
2019-09-17 06:10:13,458 [pool-27-thread-1] INFO  impl.RaftServerImpl (ServerState.java:<init>(103)) - 76e9ed70-2a32-4a64-9388-b77e9aa6f857@group-D4E7BC6CD8BE: ConfigurationManager, init=-1: [76e9ed70-2a32-4a64-9388-b77e9aa6f857:192.168.69.122:43336, f1727f7a-dfce-47cb-9d44-d863f6c274c0:192.168.69.122:33937, 72845ddd-7944-416b-9dd2-35fcccd22f3d:192.168.69.122:41609], old=null, confs=<EMPTY_MAP>
2019-09-17 06:10:13,458 [pool-47-thread-1] INFO  storage.RaftStorageDirectory (RaftStorageDirectory.java:analyzeStorage(246)) - The storage directory /workdir/hadoop-ozone/integration-test/target/test-dir/MiniOzoneClusterImpl-75dfc597-4d0a-4fc3-997c-bd58322963d8/datanode-2/data/ratis/3747a3e5-67b2-4bec-80f8-d4e7bc6cd8be does not exist. Creating ...
2019-09-17 06:10:13,458 [pool-27-thread-1] INFO  server.RaftServerConfigKeys (ConfUtils.java:logGet(43)) - raft.server.storage.dir = [/workdir/hadoop-ozone/integration-test/target/test-dir/MiniOzoneClusterImpl-75dfc597-4d0a-4fc3-997c-bd58322963d8/datanode-0/data/ratis] (custom)
2019-09-17 06:10:13,459 [pool-27-thread-1] INFO  storage.RaftStorageDirectory (RaftStorageDirectory.java:analyzeStorage(246)) - The storage directory /workdir/hadoop-ozone/integration-test/target/test-dir/MiniOzoneClusterImpl-75dfc597-4d0a-4fc3-997c-bd58322963d8/datanode-0/data/ratis/3747a3e5-67b2-4bec-80f8-d4e7bc6cd8be does not exist. Creating ...
2019-09-17 06:10:13,484 [pool-27-thread-1] INFO  storage.RaftStorageDirectory (RaftStorageDirectory.java:tryLock(328)) - Lock on /workdir/hadoop-ozone/integration-test/target/test-dir/MiniOzoneClusterImpl-75dfc597-4d0a-4fc3-997c-bd58322963d8/datanode-0/data/ratis/3747a3e5-67b2-4bec-80f8-d4e7bc6cd8be/in_use.lock acquired by nodename 28408@trunk-nightly-20190917-29l5j-2509219610
2019-09-17 06:10:13,484 [pool-87-thread-1] INFO  storage.RaftStorageDirectory (RaftStorageDirectory.java:tryLock(328)) - Lock on /workdir/hadoop-ozone/integration-test/target/test-dir/MiniOzoneClusterImpl-75dfc597-4d0a-4fc3-997c-bd58322963d8/datanode-6/data/ratis/3747a3e5-67b2-4bec-80f8-d4e7bc6cd8be/in_use.lock acquired by nodename 28408@trunk-nightly-20190917-29l5j-2509219610
2019-09-17 06:10:13,484 [pool-47-thread-1] INFO  storage.RaftStorageDirectory (RaftStorageDirectory.java:tryLock(328)) - Lock on /workdir/hadoop-ozone/integration-test/target/test-dir/MiniOzoneClusterImpl-75dfc597-4d0a-4fc3-997c-bd58322963d8/datanode-2/data/ratis/3747a3e5-67b2-4bec-80f8-d4e7bc6cd8be/in_use.lock acquired by nodename 28408@trunk-nightly-20190917-29l5j-2509219610
2019-09-17 06:10:13,498 [pool-47-thread-1] INFO  storage.RaftStorage (RaftStorage.java:format(72)) - Storage directory /workdir/hadoop-ozone/integration-test/target/test-dir/MiniOzoneClusterImpl-75dfc597-4d0a-4fc3-997c-bd58322963d8/datanode-2/data/ratis/3747a3e5-67b2-4bec-80f8-d4e7bc6cd8be has been successfully formatted.
2019-09-17 06:10:13,498 [pool-87-thread-1] INFO  storage.RaftStorage (RaftStorage.java:format(72)) - Storage directory /workdir/hadoop-ozone/integration-test/target/test-dir/MiniOzoneClusterImpl-75dfc597-4d0a-4fc3-997c-bd58322963d8/datanode-6/data/ratis/3747a3e5-67b2-4bec-80f8-d4e7bc6cd8be has been successfully formatted.
2019-09-17 06:10:13,498 [pool-27-thread-1] INFO  storage.RaftStorage (RaftStorage.java:format(72)) - Storage directory /workdir/hadoop-ozone/integration-test/target/test-dir/MiniOzoneClusterImpl-75dfc597-4d0a-4fc3-997c-bd58322963d8/datanode-0/data/ratis/3747a3e5-67b2-4bec-80f8-d4e7bc6cd8be has been successfully formatted.
2019-09-17 06:10:13,498 [pool-47-thread-1] INFO  ratis.ContainerStateMachine (ContainerStateMachine.java:loadSnapshot(230)) - group-D4E7BC6CD8BE: The snapshot info is null. Setting the last applied indexto:(t:0, i:~)
2019-09-17 06:10:13,499 [pool-27-thread-1] INFO  ratis.ContainerStateMachine (ContainerStateMachine.java:loadSnapshot(230)) - group-D4E7BC6CD8BE: The snapshot info is null. Setting the last applied indexto:(t:0, i:~)
2019-09-17 06:10:13,498 [pool-87-thread-1] INFO  ratis.ContainerStateMachine (ContainerStateMachine.java:loadSnapshot(230)) - group-D4E7BC6CD8BE: The snapshot info is null. Setting the last applied indexto:(t:0, i:~)
2019-09-17 06:10:13,499 [pool-27-thread-1] INFO  server.RaftServerConfigKeys (ConfUtils.java:logGet(43)) - raft.server.notification.no-leader.timeout = 120s (custom)
2019-09-17 06:10:13,499 [pool-47-thread-1] INFO  server.RaftServerConfigKeys (ConfUtils.java:logGet(43)) - raft.server.notification.no-leader.timeout = 120s (custom)
2019-09-17 06:10:13,499 [pool-27-thread-1] INFO  server.RaftServerConfigKeys (ConfUtils.java:logGet(43)) - raft.server.log.use.memory = false (default)
2019-09-17 06:10:13,499 [pool-87-thread-1] INFO  server.RaftServerConfigKeys (ConfUtils.java:logGet(43)) - raft.server.notification.no-leader.timeout = 120s (custom)
2019-09-17 06:10:13,499 [pool-27-thread-1] INFO  server.RaftServerConfigKeys (ConfUtils.java:logGet(43)) - raft.server.log.purge.gap = 1000000 (custom)
2019-09-17 06:10:13,499 [pool-47-thread-1] INFO  server.RaftServerConfigKeys (ConfUtils.java:logGet(43)) - raft.server.log.use.memory = false (default)
2019-09-17 06:10:13,500 [pool-27-thread-1] INFO  server.RaftServerConfigKeys (ConfUtils.java:logGet(43)) - raft.server.log.appender.buffer.byte-limit = 33554432 (custom)
2019-09-17 06:10:13,500 [pool-87-thread-1] INFO  server.RaftServerConfigKeys (ConfUtils.java:logGet(43)) - raft.server.log.use.memory = false (default)
2019-09-17 06:10:13,500 [pool-27-thread-1] INFO  server.RaftServerConfigKeys (ConfUtils.java:logGet(43)) - raft.server.log.segment.size.max = 1048576 (custom)
2019-09-17 06:10:13,500 [pool-47-thread-1] INFO  server.RaftServerConfigKeys (ConfUtils.java:logGet(43)) - raft.server.log.purge.gap = 1000000 (custom)
2019-09-17 06:10:13,500 [pool-27-thread-1] INFO  server.RaftServerConfigKeys (ConfUtils.java:logGet(43)) - raft.server.log.segment.cache.num.max = 2 (custom)
2019-09-17 06:10:13,500 [pool-87-thread-1] INFO  server.RaftServerConfigKeys (ConfUtils.java:logGet(43)) - raft.server.log.purge.gap = 1000000 (custom)
2019-09-17 06:10:13,501 [pool-27-thread-1] INFO  segmented.SegmentedRaftLogWorker (SegmentedRaftLogWorker.java:<init>(172)) - new 76e9ed70-2a32-4a64-9388-b77e9aa6f857@group-D4E7BC6CD8BE-SegmentedRaftLogWorker for RaftStorage:Storage Directory /workdir/hadoop-ozone/integration-test/target/test-dir/MiniOzoneClusterImpl-75dfc597-4d0a-4fc3-997c-bd58322963d8/datanode-0/data/ratis/3747a3e5-67b2-4bec-80f8-d4e7bc6cd8be
2019-09-17 06:10:13,500 [pool-47-thread-1] INFO  server.RaftServerConfigKeys (ConfUtils.java:logGet(43)) - raft.server.log.appender.buffer.byte-limit = 33554432 (custom)
2019-09-17 06:10:13,501 [pool-27-thread-1] INFO  server.RaftServerConfigKeys (ConfUtils.java:logGet(43)) - raft.server.log.queue.byte-limit = 2147483647 (custom)
2019-09-17 06:10:13,501 [pool-87-thread-1] INFO  server.RaftServerConfigKeys (ConfUtils.java:logGet(43)) - raft.server.log.appender.buffer.byte-limit = 33554432 (custom)
2019-09-17 06:10:13,501 [pool-27-thread-1] INFO  server.RaftServerConfigKeys (ConfUtils.java:logGet(43)) - raft.server.log.queue.element-limit = 1024 (custom)
2019-09-17 06:10:13,501 [pool-47-thread-1] INFO  server.RaftServerConfigKeys (ConfUtils.java:logGet(43)) - raft.server.log.segment.size.max = 1048576 (custom)
2019-09-17 06:10:13,501 [pool-27-thread-1] INFO  server.RaftServerConfigKeys (ConfUtils.java:logGet(43)) - raft.server.log.segment.size.max = 1048576 (custom)
2019-09-17 06:10:13,501 [pool-87-thread-1] INFO  server.RaftServerConfigKeys (ConfUtils.java:logGet(43)) - raft.server.log.segment.size.max = 1048576 (custom)
2019-09-17 06:10:13,502 [pool-27-thread-1] INFO  server.RaftServerConfigKeys (ConfUtils.java:logGet(43)) - raft.server.log.preallocated.size = 16384 (custom)
2019-09-17 06:10:13,502 [pool-47-thread-1] INFO  server.RaftServerConfigKeys (ConfUtils.java:logGet(43)) - raft.server.log.segment.cache.num.max = 2 (custom)
2019-09-17 06:10:13,502 [pool-27-thread-1] INFO  server.RaftServerConfigKeys (ConfUtils.java:logGet(43)) - raft.server.log.write.buffer.size = 33554432 (custom)
2019-09-17 06:10:13,502 [pool-87-thread-1] INFO  server.RaftServerConfigKeys (ConfUtils.java:logGet(43)) - raft.server.log.segment.cache.num.max = 2 (custom)
2019-09-17 06:10:13,502 [pool-27-thread-1] INFO  server.RaftServerConfigKeys (ConfUtils.java:logGet(43)) - raft.server.log.force.sync.num = 128 (default)
2019-09-17 06:10:13,503 [pool-27-thread-1] INFO  server.RaftServerConfigKeys (ConfUtils.java:logGet(43)) - raft.server.log.statemachine.data.sync = true (default)
2019-09-17 06:10:13,502 [pool-47-thread-1] INFO  segmented.SegmentedRaftLogWorker (SegmentedRaftLogWorker.java:<init>(172)) - new 72845ddd-7944-416b-9dd2-35fcccd22f3d@group-D4E7BC6CD8BE-SegmentedRaftLogWorker for RaftStorage:Storage Directory /workdir/hadoop-ozone/integration-test/target/test-dir/MiniOzoneClusterImpl-75dfc597-4d0a-4fc3-997c-bd58322963d8/datanode-2/data/ratis/3747a3e5-67b2-4bec-80f8-d4e7bc6cd8be
2019-09-17 06:10:13,503 [pool-27-thread-1] INFO  server.RaftServerConfigKeys (ConfUtils.java:logGet(43)) - raft.server.log.statemachine.data.sync.timeout = 10s (default)
2019-09-17 06:10:13,502 [pool-87-thread-1] INFO  segmented.SegmentedRaftLogWorker (SegmentedRaftLogWorker.java:<init>(172)) - new f1727f7a-dfce-47cb-9d44-d863f6c274c0@group-D4E7BC6CD8BE-SegmentedRaftLogWorker for RaftStorage:Storage Directory /workdir/hadoop-ozone/integration-test/target/test-dir/MiniOzoneClusterImpl-75dfc597-4d0a-4fc3-997c-bd58322963d8/datanode-6/data/ratis/3747a3e5-67b2-4bec-80f8-d4e7bc6cd8be
2019-09-17 06:10:13,503 [pool-27-thread-1] INFO  server.RaftServerConfigKeys (ConfUtils.java:logGet(43)) - raft.server.log.statemachine.data.sync.timeout.retry = -1 (default)
2019-09-17 06:10:13,503 [pool-47-thread-1] INFO  server.RaftServerConfigKeys (ConfUtils.java:logGet(43)) - raft.server.log.queue.byte-limit = 2147483647 (custom)
2019-09-17 06:10:13,503 [pool-27-thread-1] INFO  server.RaftServerConfigKeys (ConfUtils.java:logGet(43)) - raft.server.log.statemachine.data.caching.enabled = true (custom)
2019-09-17 06:10:13,503 [pool-87-thread-1] INFO  server.RaftServerConfigKeys (ConfUtils.java:logGet(43)) - raft.server.log.queue.byte-limit = 2147483647 (custom)
2019-09-17 06:10:13,503 [pool-47-thread-1] INFO  server.RaftServerConfigKeys (ConfUtils.java:logGet(43)) - raft.server.log.queue.element-limit = 1024 (custom)
2019-09-17 06:10:13,504 [pool-27-thread-1] INFO  segmented.SegmentedRaftLogWorker (SegmentedRaftLogWorker.java:lambda$new$0(132)) - 76e9ed70-2a32-4a64-9388-b77e9aa6f857@group-D4E7BC6CD8BE-SegmentedRaftLogWorker: flushIndex: setUnconditionally 0 -> -1
2019-09-17 06:10:13,504 [pool-87-thread-1] INFO  server.RaftServerConfigKeys (ConfUtils.java:logGet(43)) - raft.server.log.queue.element-limit = 1024 (custom)
2019-09-17 06:10:13,504 [pool-47-thread-1] INFO  server.RaftServerConfigKeys (ConfUtils.java:logGet(43)) - raft.server.log.segment.size.max = 1048576 (custom)
2019-09-17 06:10:13,504 [pool-27-thread-1] INFO  server.RaftServerConfigKeys (ConfUtils.java:logGet(43)) - raft.server.snapshot.auto.trigger.enabled = true (custom)
2019-09-17 06:10:13,504 [pool-87-thread-1] INFO  server.RaftServerConfigKeys (ConfUtils.java:logGet(43)) - raft.server.log.segment.size.max = 1048576 (custom)
2019-09-17 06:10:13,505 [pool-27-thread-1] INFO  server.RaftServerConfigKeys (ConfUtils.java:logGet(43)) - raft.server.snapshot.auto.trigger.threshold = 10000 (custom)
2019-09-17 06:10:13,504 [pool-47-thread-1] INFO  server.RaftServerConfigKeys (ConfUtils.java:logGet(43)) - raft.server.log.preallocated.size = 16384 (custom)
2019-09-17 06:10:13,505 [pool-27-thread-1] INFO  server.RaftServerConfigKeys (ConfUtils.java:logGet(43)) - raft.server.snapshot.retention.num.files = 5 (custom)
2019-09-17 06:10:13,505 [pool-87-thread-1] INFO  server.RaftServerConfigKeys (ConfUtils.java:logGet(43)) - raft.server.log.preallocated.size = 16384 (custom)
2019-09-17 06:10:13,505 [pool-27-thread-1] INFO  server.RaftServerConfigKeys (ConfUtils.java:logGet(43)) - raft.server.retrycache.expirytime = 600000ms (custom)
2019-09-17 06:10:13,505 [pool-47-thread-1] INFO  server.RaftServerConfigKeys (ConfUtils.java:logGet(43)) - raft.server.log.write.buffer.size = 33554432 (custom)
2019-09-17 06:10:13,505 [pool-87-thread-1] INFO  server.RaftServerConfigKeys (ConfUtils.java:logGet(43)) - raft.server.log.write.buffer.size = 33554432 (custom)
2019-09-17 06:10:13,506 [pool-47-thread-1] INFO  server.RaftServerConfigKeys (ConfUtils.java:logGet(43)) - raft.server.log.force.sync.num = 128 (default)
2019-09-17 06:10:13,506 [pool-87-thread-1] INFO  server.RaftServerConfigKeys (ConfUtils.java:logGet(43)) - raft.server.log.force.sync.num = 128 (default)
2019-09-17 06:10:13,506 [pool-47-thread-1] INFO  server.RaftServerConfigKeys (ConfUtils.java:logGet(43)) - raft.server.log.statemachine.data.sync = true (default)
2019-09-17 06:10:13,506 [pool-87-thread-1] INFO  server.RaftServerConfigKeys (ConfUtils.java:logGet(43)) - raft.server.log.statemachine.data.sync = true (default)
2019-09-17 06:10:13,506 [pool-47-thread-1] INFO  server.RaftServerConfigKeys (ConfUtils.java:logGet(43)) - raft.server.log.statemachine.data.sync.timeout = 10s (default)
2019-09-17 06:10:13,507 [pool-87-thread-1] INFO  server.RaftServerConfigKeys (ConfUtils.java:logGet(43)) - raft.server.log.statemachine.data.sync.timeout = 10s (default)
2019-09-17 06:10:13,507 [pool-47-thread-1] INFO  server.RaftServerConfigKeys (ConfUtils.java:logGet(43)) - raft.server.log.statemachine.data.sync.timeout.retry = -1 (default)
2019-09-17 06:10:13,507 [pool-87-thread-1] INFO  server.RaftServerConfigKeys (ConfUtils.java:logGet(43)) - raft.server.log.statemachine.data.sync.timeout.retry = -1 (default)
2019-09-17 06:10:13,507 [pool-47-thread-1] INFO  server.RaftServerConfigKeys (ConfUtils.java:logGet(43)) - raft.server.log.statemachine.data.caching.enabled = true (custom)
2019-09-17 06:10:13,507 [pool-87-thread-1] INFO  server.RaftServerConfigKeys (ConfUtils.java:logGet(43)) - raft.server.log.statemachine.data.caching.enabled = true (custom)
2019-09-17 06:10:13,508 [pool-47-thread-1] INFO  segmented.SegmentedRaftLogWorker (SegmentedRaftLogWorker.java:lambda$new$0(132)) - 72845ddd-7944-416b-9dd2-35fcccd22f3d@group-D4E7BC6CD8BE-SegmentedRaftLogWorker: flushIndex: setUnconditionally 0 -> -1
2019-09-17 06:10:13,508 [pool-87-thread-1] INFO  segmented.SegmentedRaftLogWorker (SegmentedRaftLogWorker.java:lambda$new$0(132)) - f1727f7a-dfce-47cb-9d44-d863f6c274c0@group-D4E7BC6CD8BE-SegmentedRaftLogWorker: flushIndex: setUnconditionally 0 -> -1
2019-09-17 06:10:13,508 [pool-47-thread-1] INFO  server.RaftServerConfigKeys (ConfUtils.java:logGet(43)) - raft.server.snapshot.auto.trigger.enabled = true (custom)
2019-09-17 06:10:13,508 [pool-87-thread-1] INFO  server.RaftServerConfigKeys (ConfUtils.java:logGet(43)) - raft.server.snapshot.auto.trigger.enabled = true (custom)
2019-09-17 06:10:13,508 [pool-27-thread-1] INFO  impl.RaftServerImpl (RaftServerImpl.java:start(185)) - 76e9ed70-2a32-4a64-9388-b77e9aa6f857@group-D4E7BC6CD8BE: start as a follower, conf=-1: [76e9ed70-2a32-4a64-9388-b77e9aa6f857:192.168.69.122:43336, f1727f7a-dfce-47cb-9d44-d863f6c274c0:192.168.69.122:33937, 72845ddd-7944-416b-9dd2-35fcccd22f3d:192.168.69.122:41609], old=null
2019-09-17 06:10:13,508 [pool-47-thread-1] INFO  server.RaftServerConfigKeys (ConfUtils.java:logGet(43)) - raft.server.snapshot.auto.trigger.threshold = 10000 (custom)
2019-09-17 06:10:13,509 [pool-27-thread-1] INFO  impl.RaftServerImpl (RaftServerImpl.java:setRole(174)) - 76e9ed70-2a32-4a64-9388-b77e9aa6f857@group-D4E7BC6CD8BE: changes role from      null to FOLLOWER at term 0 for startAsFollower
2019-09-17 06:10:13,508 [pool-87-thread-1] INFO  server.RaftServerConfigKeys (ConfUtils.java:logGet(43)) - raft.server.snapshot.auto.trigger.threshold = 10000 (custom)
2019-09-17 06:10:13,509 [pool-27-thread-1] INFO  impl.RoleInfo (RoleInfo.java:updateAndGet(143)) - 76e9ed70-2a32-4a64-9388-b77e9aa6f857: start FollowerState
2019-09-17 06:10:13,509 [pool-47-thread-1] INFO  server.RaftServerConfigKeys (ConfUtils.java:logGet(43)) - raft.server.snapshot.retention.num.files = 5 (custom)
2019-09-17 06:10:13,509 [pool-87-thread-1] INFO  server.RaftServerConfigKeys (ConfUtils.java:logGet(43)) - raft.server.snapshot.retention.num.files = 5 (custom)
2019-09-17 06:10:13,509 [pool-47-thread-1] INFO  server.RaftServerConfigKeys (ConfUtils.java:logGet(43)) - raft.server.retrycache.expirytime = 600000ms (custom)
2019-09-17 06:10:13,509 [pool-27-thread-1] INFO  util.JmxRegister (JmxRegister.java:tryRegister(44)) - Successfully registered JMX Bean with object name Ratis:service=RaftServer,group=group-D4E7BC6CD8BE,id=76e9ed70-2a32-4a64-9388-b77e9aa6f857
2019-09-17 06:10:13,509 [pool-87-thread-1] INFO  server.RaftServerConfigKeys (ConfUtils.java:logGet(43)) - raft.server.retrycache.expirytime = 600000ms (custom)
2019-09-17 06:10:13,513 [pool-47-thread-1] INFO  impl.RaftServerImpl (RaftServerImpl.java:start(185)) - 72845ddd-7944-416b-9dd2-35fcccd22f3d@group-D4E7BC6CD8BE: start as a follower, conf=-1: [76e9ed70-2a32-4a64-9388-b77e9aa6f857:192.168.69.122:43336, f1727f7a-dfce-47cb-9d44-d863f6c274c0:192.168.69.122:33937, 72845ddd-7944-416b-9dd2-35fcccd22f3d:192.168.69.122:41609], old=null
2019-09-17 06:10:13,513 [pool-47-thread-1] INFO  impl.RaftServerImpl (RaftServerImpl.java:setRole(174)) - 72845ddd-7944-416b-9dd2-35fcccd22f3d@group-D4E7BC6CD8BE: changes role from      null to FOLLOWER at term 0 for startAsFollower
2019-09-17 06:10:13,513 [pool-87-thread-1] INFO  impl.RaftServerImpl (RaftServerImpl.java:start(185)) - f1727f7a-dfce-47cb-9d44-d863f6c274c0@group-D4E7BC6CD8BE: start as a follower, conf=-1: [76e9ed70-2a32-4a64-9388-b77e9aa6f857:192.168.69.122:43336, f1727f7a-dfce-47cb-9d44-d863f6c274c0:192.168.69.122:33937, 72845ddd-7944-416b-9dd2-35fcccd22f3d:192.168.69.122:41609], old=null
2019-09-17 06:10:13,513 [pool-47-thread-1] INFO  impl.RoleInfo (RoleInfo.java:updateAndGet(143)) - 72845ddd-7944-416b-9dd2-35fcccd22f3d: start FollowerState
2019-09-17 06:10:13,513 [pool-87-thread-1] INFO  impl.RaftServerImpl (RaftServerImpl.java:setRole(174)) - f1727f7a-dfce-47cb-9d44-d863f6c274c0@group-D4E7BC6CD8BE: changes role from      null to FOLLOWER at term 0 for startAsFollower
2019-09-17 06:10:13,514 [pool-87-thread-1] INFO  impl.RoleInfo (RoleInfo.java:updateAndGet(143)) - f1727f7a-dfce-47cb-9d44-d863f6c274c0: start FollowerState
2019-09-17 06:10:13,514 [pool-47-thread-1] INFO  util.JmxRegister (JmxRegister.java:tryRegister(44)) - Successfully registered JMX Bean with object name Ratis:service=RaftServer,group=group-D4E7BC6CD8BE,id=72845ddd-7944-416b-9dd2-35fcccd22f3d
2019-09-17 06:10:13,514 [pool-87-thread-1] INFO  util.JmxRegister (JmxRegister.java:tryRegister(44)) - Successfully registered JMX Bean with object name Ratis:service=RaftServer,group=group-D4E7BC6CD8BE,id=f1727f7a-dfce-47cb-9d44-d863f6c274c0
2019-09-17 06:10:13,517 [RatisPipelineUtilsThread] INFO  pipeline.PipelineStateManager (PipelineStateManager.java:addPipeline(56)) - Created pipeline Pipeline[ Id: 3747a3e5-67b2-4bec-80f8-d4e7bc6cd8be, Nodes: 72845ddd-7944-416b-9dd2-35fcccd22f3d{ip: 192.168.69.122, host: trunk-nightly-20190917-29l5j-2509219610, networkLocation: /default-rack, certSerialId: null}76e9ed70-2a32-4a64-9388-b77e9aa6f857{ip: 192.168.69.122, host: trunk-nightly-20190917-29l5j-2509219610, networkLocation: /default-rack, certSerialId: null}f1727f7a-dfce-47cb-9d44-d863f6c274c0{ip: 192.168.69.122, host: trunk-nightly-20190917-29l5j-2509219610, networkLocation: /default-rack, certSerialId: null}, Type:RATIS, Factor:THREE, State:OPEN]
2019-09-17 06:10:13,732 [76e9ed70-2a32-4a64-9388-b77e9aa6f857@group-0B3452D6D747-SegmentedRaftLogWorker] WARN  segmented.SegmentedRaftLogWorker (SegmentedRaftLogWorker.java:getFromFuture(90)) - Timeout 15/~
org.apache.ratis.protocol.TimeoutIOException: Timeout 10s: WriteLog:7: (t:1, i:7), STATEMACHINELOGENTRY, client-9AF48D7A035B, cid=50-writeStateMachineData
	at org.apache.ratis.util.IOUtils.getFromFuture(IOUtils.java:87)
	at org.apache.ratis.server.raftlog.segmented.SegmentedRaftLogWorker$StateMachineDataPolicy.getFromFuture(SegmentedRaftLogWorker.java:87)
	at org.apache.ratis.server.raftlog.segmented.SegmentedRaftLogWorker$WriteLog.execute(SegmentedRaftLogWorker.java:477)
	at org.apache.ratis.server.raftlog.segmented.SegmentedRaftLogWorker.run(SegmentedRaftLogWorker.java:289)
	at java.lang.Thread.run(Thread.java:748)
Caused by: java.util.concurrent.TimeoutException
	at java.util.concurrent.CompletableFuture.timedGet(CompletableFuture.java:1771)
	at java.util.concurrent.CompletableFuture.get(CompletableFuture.java:1915)
	at org.apache.ratis.util.IOUtils.getFromFuture(IOUtils.java:79)
	... 4 more
2019-09-17 06:10:13,750 [f1727f7a-dfce-47cb-9d44-d863f6c274c0@group-0B3452D6D747-SegmentedRaftLogWorker] WARN  segmented.SegmentedRaftLogWorker (SegmentedRaftLogWorker.java:getFromFuture(90)) - Timeout 15/~
org.apache.ratis.protocol.TimeoutIOException: Timeout 10s: WriteLog:7: (t:1, i:7), STATEMACHINELOGENTRY, client-9AF48D7A035B, cid=50-writeStateMachineData
	at org.apache.ratis.util.IOUtils.getFromFuture(IOUtils.java:87)
	at org.apache.ratis.server.raftlog.segmented.SegmentedRaftLogWorker$StateMachineDataPolicy.getFromFuture(SegmentedRaftLogWorker.java:87)
	at org.apache.ratis.server.raftlog.segmented.SegmentedRaftLogWorker$WriteLog.execute(SegmentedRaftLogWorker.java:477)
	at org.apache.ratis.server.raftlog.segmented.SegmentedRaftLogWorker.run(SegmentedRaftLogWorker.java:289)
	at java.lang.Thread.run(Thread.java:748)
Caused by: java.util.concurrent.TimeoutException
	at java.util.concurrent.CompletableFuture.timedGet(CompletableFuture.java:1771)
	at java.util.concurrent.CompletableFuture.get(CompletableFuture.java:1915)
	at org.apache.ratis.util.IOUtils.getFromFuture(IOUtils.java:79)
	... 4 more
2019-09-17 06:10:13,851 [72845ddd-7944-416b-9dd2-35fcccd22f3d@group-0B3452D6D747-SegmentedRaftLogWorker] WARN  segmented.SegmentedRaftLogWorker (SegmentedRaftLogWorker.java:getFromFuture(90)) - Timeout 15/~
org.apache.ratis.protocol.TimeoutIOException: Timeout 10s: WriteLog:8: (t:1, i:8), STATEMACHINELOGENTRY, client-9AF48D7A035B, cid=51-writeStateMachineData
	at org.apache.ratis.util.IOUtils.getFromFuture(IOUtils.java:87)
	at org.apache.ratis.server.raftlog.segmented.SegmentedRaftLogWorker$StateMachineDataPolicy.getFromFuture(SegmentedRaftLogWorker.java:87)
	at org.apache.ratis.server.raftlog.segmented.SegmentedRaftLogWorker$WriteLog.execute(SegmentedRaftLogWorker.java:477)
	at org.apache.ratis.server.raftlog.segmented.SegmentedRaftLogWorker.run(SegmentedRaftLogWorker.java:289)
	at java.lang.Thread.run(Thread.java:748)
Caused by: java.util.concurrent.TimeoutException
	at java.util.concurrent.CompletableFuture.timedGet(CompletableFuture.java:1771)
	at java.util.concurrent.CompletableFuture.get(CompletableFuture.java:1915)
	at org.apache.ratis.util.IOUtils.getFromFuture(IOUtils.java:79)
	... 4 more
2019-09-17 06:10:13,914 [EventQueue-PipelineActionsForPipelineActionHandler] ERROR pipeline.PipelineActionHandler (PipelineActionHandler.java:onMessage(60)) - Received pipeline action CLOSE for Pipeline[ Id: 565851af-39e5-4a90-88c0-0b3452d6d747, Nodes: 72845ddd-7944-416b-9dd2-35fcccd22f3d{ip: 192.168.69.122, host: trunk-nightly-20190917-29l5j-2509219610, networkLocation: /default-rack, certSerialId: null}76e9ed70-2a32-4a64-9388-b77e9aa6f857{ip: 192.168.69.122, host: trunk-nightly-20190917-29l5j-2509219610, networkLocation: /default-rack, certSerialId: null}f1727f7a-dfce-47cb-9d44-d863f6c274c0{ip: 192.168.69.122, host: trunk-nightly-20190917-29l5j-2509219610, networkLocation: /default-rack, certSerialId: null}, Type:RATIS, Factor:THREE, State:CLOSED] from datanode 72845ddd-7944-416b-9dd2-35fcccd22f3d{ip: 192.168.69.122, host: trunk-nightly-20190917-29l5j-2509219610, networkLocation: /default-rack, certSerialId: null}. Reason : 72845ddd-7944-416b-9dd2-35fcccd22f3d has not seen follower/s 76e9ed70-2a32-4a64-9388-b77e9aa6f857 for 160587ms f1727f7a-dfce-47cb-9d44-d863f6c274c0 for 160587ms
2019-09-17 06:10:13,914 [EventQueue-PipelineActionsForPipelineActionHandler] INFO  pipeline.SCMPipelineManager (SCMPipelineManager.java:finalizeAndDestroyPipeline(311)) - destroying pipeline:Pipeline[ Id: 565851af-39e5-4a90-88c0-0b3452d6d747, Nodes: 72845ddd-7944-416b-9dd2-35fcccd22f3d{ip: 192.168.69.122, host: trunk-nightly-20190917-29l5j-2509219610, networkLocation: /default-rack, certSerialId: null}76e9ed70-2a32-4a64-9388-b77e9aa6f857{ip: 192.168.69.122, host: trunk-nightly-20190917-29l5j-2509219610, networkLocation: /default-rack, certSerialId: null}f1727f7a-dfce-47cb-9d44-d863f6c274c0{ip: 192.168.69.122, host: trunk-nightly-20190917-29l5j-2509219610, networkLocation: /default-rack, certSerialId: null}, Type:RATIS, Factor:THREE, State:CLOSED]
2019-09-17 06:10:13,930 [java.util.concurrent.ThreadPoolExecutor$Worker@7e25380e[State = -1, empty queue]] WARN  server.GrpcLogAppender (GrpcLogAppender.java:timeoutAppendRequest(200)) - 72845ddd-7944-416b-9dd2-35fcccd22f3d@group-0B3452D6D747->76e9ed70-2a32-4a64-9388-b77e9aa6f857-GrpcLogAppender: appendEntries Timeout, request=72845ddd-7944-416b-9dd2-35fcccd22f3d->76e9ed70-2a32-4a64-9388-b77e9aa6f857#76-t1, previous=(t:1, i:13), leaderCommit=6, initializing? false, entries: <empty>
2019-09-17 06:10:13,930 [java.util.concurrent.ThreadPoolExecutor$Worker@550fe58d[State = -1, empty queue]] WARN  server.GrpcLogAppender (GrpcLogAppender.java:timeoutAppendRequest(200)) - 72845ddd-7944-416b-9dd2-35fcccd22f3d@group-0B3452D6D747->f1727f7a-dfce-47cb-9d44-d863f6c274c0-GrpcLogAppender: appendEntries Timeout, request=72845ddd-7944-416b-9dd2-35fcccd22f3d->f1727f7a-dfce-47cb-9d44-d863f6c274c0#76-t1, previous=(t:1, i:13), leaderCommit=6, initializing? false, entries: <empty>
2019-09-17 06:10:15,378 [grpc-default-executor-5] INFO  client.GrpcClientProtocolClient (GrpcClientProtocolClient.java:onNext(264)) - client-9AF48D7A035B->f1727f7a-dfce-47cb-9d44-d863f6c274c0: receive RaftClientReply:client-9AF48D7A035B->f1727f7a-dfce-47cb-9d44-d863f6c274c0@group-0B3452D6D747, cid=50, FAILED org.apache.ratis.protocol.NotLeaderException: Server f1727f7a-dfce-47cb-9d44-d863f6c274c0@group-0B3452D6D747 is not the leader 72845ddd-7944-416b-9dd2-35fcccd22f3d:192.168.69.122:41609, logIndex=0, commits[f1727f7a-dfce-47cb-9d44-d863f6c274c0:c6, 76e9ed70-2a32-4a64-9388-b77e9aa6f857:c4, 72845ddd-7944-416b-9dd2-35fcccd22f3d:c6]
2019-09-17 06:10:15,933 [org.apache.ratis.server.impl.LogAppender$AppenderDaemon$$Lambda$505/2035288324@7fd66d5a] ERROR ratis.XceiverServerRatis (XceiverServerRatis.java:triggerPipelineClose(575)) - pipeline Action CLOSE  on pipeline PipelineID=565851af-39e5-4a90-88c0-0b3452d6d747.Reason : 72845ddd-7944-416b-9dd2-35fcccd22f3d has not seen follower/s 76e9ed70-2a32-4a64-9388-b77e9aa6f857 for 163088ms f1727f7a-dfce-47cb-9d44-d863f6c274c0 for 163088ms
2019-09-17 06:10:15,933 [org.apache.ratis.server.impl.LogAppender$AppenderDaemon$$Lambda$505/2035288324@2b56199b] ERROR ratis.XceiverServerRatis (XceiverServerRatis.java:triggerPipelineClose(575)) - pipeline Action CLOSE  on pipeline PipelineID=565851af-39e5-4a90-88c0-0b3452d6d747.Reason : 72845ddd-7944-416b-9dd2-35fcccd22f3d has not seen follower/s 76e9ed70-2a32-4a64-9388-b77e9aa6f857 for 163088ms f1727f7a-dfce-47cb-9d44-d863f6c274c0 for 163088ms
2019-09-17 06:10:16,432 [java.util.concurrent.ThreadPoolExecutor$Worker@7e25380e[State = -1, empty queue]] WARN  server.GrpcLogAppender (GrpcLogAppender.java:timeoutAppendRequest(200)) - 72845ddd-7944-416b-9dd2-35fcccd22f3d@group-0B3452D6D747->76e9ed70-2a32-4a64-9388-b77e9aa6f857-GrpcLogAppender: appendEntries Timeout, request=72845ddd-7944-416b-9dd2-35fcccd22f3d->76e9ed70-2a32-4a64-9388-b77e9aa6f857#77-t1, previous=(t:1, i:13), leaderCommit=6, initializing? false, entries: <empty>
2019-09-17 06:10:16,432 [java.util.concurrent.ThreadPoolExecutor$Worker@550fe58d[State = -1, empty queue]] WARN  server.GrpcLogAppender (GrpcLogAppender.java:timeoutAppendRequest(200)) - 72845ddd-7944-416b-9dd2-35fcccd22f3d@group-0B3452D6D747->f1727f7a-dfce-47cb-9d44-d863f6c274c0-GrpcLogAppender: appendEntries Timeout, request=72845ddd-7944-416b-9dd2-35fcccd22f3d->f1727f7a-dfce-47cb-9d44-d863f6c274c0#77-t1, previous=(t:1, i:13), leaderCommit=6, initializing? false, entries: <empty>
2019-09-17 06:10:16,915 [EventQueue-PipelineActionsForPipelineActionHandler] ERROR pipeline.PipelineActionHandler (PipelineActionHandler.java:onMessage(60)) - Received pipeline action CLOSE for Pipeline[ Id: 565851af-39e5-4a90-88c0-0b3452d6d747, Nodes: 72845ddd-7944-416b-9dd2-35fcccd22f3d{ip: 192.168.69.122, host: trunk-nightly-20190917-29l5j-2509219610, networkLocation: /default-rack, certSerialId: null}76e9ed70-2a32-4a64-9388-b77e9aa6f857{ip: 192.168.69.122, host: trunk-nightly-20190917-29l5j-2509219610, networkLocation: /default-rack, certSerialId: null}f1727f7a-dfce-47cb-9d44-d863f6c274c0{ip: 192.168.69.122, host: trunk-nightly-20190917-29l5j-2509219610, networkLocation: /default-rack, certSerialId: null}, Type:RATIS, Factor:THREE, State:CLOSED] from datanode 72845ddd-7944-416b-9dd2-35fcccd22f3d{ip: 192.168.69.122, host: trunk-nightly-20190917-29l5j-2509219610, networkLocation: /default-rack, certSerialId: null}. Reason : 72845ddd-7944-416b-9dd2-35fcccd22f3d has not seen follower/s 76e9ed70-2a32-4a64-9388-b77e9aa6f857 for 163088ms f1727f7a-dfce-47cb-9d44-d863f6c274c0 for 163088ms
2019-09-17 06:10:16,916 [EventQueue-PipelineActionsForPipelineActionHandler] INFO  pipeline.SCMPipelineManager (SCMPipelineManager.java:finalizeAndDestroyPipeline(311)) - destroying pipeline:Pipeline[ Id: 565851af-39e5-4a90-88c0-0b3452d6d747, Nodes: 72845ddd-7944-416b-9dd2-35fcccd22f3d{ip: 192.168.69.122, host: trunk-nightly-20190917-29l5j-2509219610, networkLocation: /default-rack, certSerialId: null}76e9ed70-2a32-4a64-9388-b77e9aa6f857{ip: 192.168.69.122, host: trunk-nightly-20190917-29l5j-2509219610, networkLocation: /default-rack, certSerialId: null}f1727f7a-dfce-47cb-9d44-d863f6c274c0{ip: 192.168.69.122, host: trunk-nightly-20190917-29l5j-2509219610, networkLocation: /default-rack, certSerialId: null}, Type:RATIS, Factor:THREE, State:CLOSED]
2019-09-17 06:10:18,435 [org.apache.ratis.server.impl.LogAppender$AppenderDaemon$$Lambda$505/2035288324@7fd66d5a] ERROR ratis.XceiverServerRatis (XceiverServerRatis.java:triggerPipelineClose(575)) - pipeline Action CLOSE  on pipeline PipelineID=565851af-39e5-4a90-88c0-0b3452d6d747.Reason : 72845ddd-7944-416b-9dd2-35fcccd22f3d has not seen follower/s 76e9ed70-2a32-4a64-9388-b77e9aa6f857 for 165590ms f1727f7a-dfce-47cb-9d44-d863f6c274c0 for 165590ms
2019-09-17 06:10:18,435 [org.apache.ratis.server.impl.LogAppender$AppenderDaemon$$Lambda$505/2035288324@2b56199b] ERROR ratis.XceiverServerRatis (XceiverServerRatis.java:triggerPipelineClose(575)) - pipeline Action CLOSE  on pipeline PipelineID=565851af-39e5-4a90-88c0-0b3452d6d747.Reason : 72845ddd-7944-416b-9dd2-35fcccd22f3d has not seen follower/s 76e9ed70-2a32-4a64-9388-b77e9aa6f857 for 165590ms f1727f7a-dfce-47cb-9d44-d863f6c274c0 for 165590ms
2019-09-17 06:10:18,603 [Thread-1394] INFO  impl.FollowerState (FollowerState.java:run(106)) - 72845ddd-7944-416b-9dd2-35fcccd22f3d:group-D4E7BC6CD8BE changes to CANDIDATE, lastRpcTime:5089, electionTimeout:5089ms
2019-09-17 06:10:18,604 [Thread-1394] INFO  impl.RoleInfo (RoleInfo.java:shutdownFollowerState(121)) - 72845ddd-7944-416b-9dd2-35fcccd22f3d: shutdown FollowerState
2019-09-17 06:10:18,604 [Thread-1394] INFO  impl.RaftServerImpl (RaftServerImpl.java:setRole(174)) - 72845ddd-7944-416b-9dd2-35fcccd22f3d@group-D4E7BC6CD8BE: changes role from  FOLLOWER to CANDIDATE at term 0 for changeToCandidate
2019-09-17 06:10:18,604 [Thread-1394] INFO  impl.RoleInfo (RoleInfo.java:updateAndGet(143)) - 72845ddd-7944-416b-9dd2-35fcccd22f3d: start LeaderElection
2019-09-17 06:10:18,623 [72845ddd-7944-416b-9dd2-35fcccd22f3d@group-D4E7BC6CD8BE:LeaderElection11] INFO  impl.LeaderElection (LeaderElection.java:askForVotes(182)) - 72845ddd-7944-416b-9dd2-35fcccd22f3d@group-D4E7BC6CD8BE:LeaderElection11: begin an election at term 1 for -1: [76e9ed70-2a32-4a64-9388-b77e9aa6f857:192.168.69.122:43336, f1727f7a-dfce-47cb-9d44-d863f6c274c0:192.168.69.122:33937, 72845ddd-7944-416b-9dd2-35fcccd22f3d:192.168.69.122:41609], old=null
2019-09-17 06:10:18,630 [grpc-default-executor-0] INFO  impl.RaftServerImpl (RaftServerImpl.java:setRole(174)) - f1727f7a-dfce-47cb-9d44-d863f6c274c0@group-D4E7BC6CD8BE: changes role from  FOLLOWER to FOLLOWER at term 1 for recognizeCandidate:72845ddd-7944-416b-9dd2-35fcccd22f3d
2019-09-17 06:10:18,630 [grpc-default-executor-5] INFO  impl.RaftServerImpl (RaftServerImpl.java:setRole(174)) - 76e9ed70-2a32-4a64-9388-b77e9aa6f857@group-D4E7BC6CD8BE: changes role from  FOLLOWER to FOLLOWER at term 1 for recognizeCandidate:72845ddd-7944-416b-9dd2-35fcccd22f3d
2019-09-17 06:10:18,631 [grpc-default-executor-0] INFO  impl.RoleInfo (RoleInfo.java:shutdownFollowerState(121)) - f1727f7a-dfce-47cb-9d44-d863f6c274c0: shutdown FollowerState
2019-09-17 06:10:18,631 [grpc-default-executor-5] INFO  impl.RoleInfo (RoleInfo.java:shutdownFollowerState(121)) - 76e9ed70-2a32-4a64-9388-b77e9aa6f857: shutdown FollowerState
2019-09-17 06:10:18,631 [Thread-1395] INFO  impl.FollowerState (FollowerState.java:run(115)) - f1727f7a-dfce-47cb-9d44-d863f6c274c0: FollowerState was interrupted: java.lang.InterruptedException: sleep interrupted
2019-09-17 06:10:18,631 [Thread-1390] INFO  impl.FollowerState (FollowerState.java:run(115)) - 76e9ed70-2a32-4a64-9388-b77e9aa6f857: FollowerState was interrupted: java.lang.InterruptedException: sleep interrupted
2019-09-17 06:10:18,631 [grpc-default-executor-0] INFO  impl.RoleInfo (RoleInfo.java:updateAndGet(143)) - f1727f7a-dfce-47cb-9d44-d863f6c274c0: start FollowerState
2019-09-17 06:10:18,631 [grpc-default-executor-5] INFO  impl.RoleInfo (RoleInfo.java:updateAndGet(143)) - 76e9ed70-2a32-4a64-9388-b77e9aa6f857: start FollowerState
2019-09-17 06:10:18,669 [72845ddd-7944-416b-9dd2-35fcccd22f3d@group-D4E7BC6CD8BE:LeaderElection11] INFO  impl.LeaderElection (LeaderElection.java:logAndReturn(56)) - 72845ddd-7944-416b-9dd2-35fcccd22f3d@group-D4E7BC6CD8BE:LeaderElection11: Election PASSED; received 1 response(s) [72845ddd-7944-416b-9dd2-35fcccd22f3d<-76e9ed70-2a32-4a64-9388-b77e9aa6f857#0:OK-t1] and 0 exception(s); 72845ddd-7944-416b-9dd2-35fcccd22f3d@group-D4E7BC6CD8BE:t1, leader=null, voted=72845ddd-7944-416b-9dd2-35fcccd22f3d, raftlog=72845ddd-7944-416b-9dd2-35fcccd22f3d@group-D4E7BC6CD8BE-SegmentedRaftLog:OPENED:c-1,f-1,i0, conf=-1: [76e9ed70-2a32-4a64-9388-b77e9aa6f857:192.168.69.122:43336, f1727f7a-dfce-47cb-9d44-d863f6c274c0:192.168.69.122:33937, 72845ddd-7944-416b-9dd2-35fcccd22f3d:192.168.69.122:41609], old=null
2019-09-17 06:10:18,670 [72845ddd-7944-416b-9dd2-35fcccd22f3d@group-D4E7BC6CD8BE:LeaderElection11] INFO  impl.RoleInfo (RoleInfo.java:shutdownLeaderElection(134)) - 72845ddd-7944-416b-9dd2-35fcccd22f3d: shutdown LeaderElection
2019-09-17 06:10:18,672 [72845ddd-7944-416b-9dd2-35fcccd22f3d@group-D4E7BC6CD8BE:LeaderElection11] INFO  impl.RaftServerImpl (RaftServerImpl.java:setRole(174)) - 72845ddd-7944-416b-9dd2-35fcccd22f3d@group-D4E7BC6CD8BE: changes role from CANDIDATE to LEADER at term 1 for changeToLeader
2019-09-17 06:10:18,672 [72845ddd-7944-416b-9dd2-35fcccd22f3d@group-D4E7BC6CD8BE:LeaderElection11] INFO  impl.RaftServerImpl (ServerState.java:setLeader(253)) - 72845ddd-7944-416b-9dd2-35fcccd22f3d@group-D4E7BC6CD8BE: change Leader from null to 72845ddd-7944-416b-9dd2-35fcccd22f3d at term 1 for becomeLeader, leader elected after 5173ms
2019-09-17 06:10:18,672 [72845ddd-7944-416b-9dd2-35fcccd22f3d@group-D4E7BC6CD8BE:LeaderElection11] INFO  server.RaftServerConfigKeys (ConfUtils.java:logGet(43)) - raft.server.staging.catchup.gap = 1000 (default)
2019-09-17 06:10:18,673 [72845ddd-7944-416b-9dd2-35fcccd22f3d@group-D4E7BC6CD8BE:LeaderElection11] INFO  server.RaftServerConfigKeys (ConfUtils.java:logGet(43)) - raft.server.rpc.sleep.time = 25ms (default)
2019-09-17 06:10:18,673 [72845ddd-7944-416b-9dd2-35fcccd22f3d@group-D4E7BC6CD8BE:LeaderElection11] INFO  server.RaftServerConfigKeys (ConfUtils.java:logGet(43)) - raft.server.write.element-limit = 4096 (default)
2019-09-17 06:10:18,673 [72845ddd-7944-416b-9dd2-35fcccd22f3d@group-D4E7BC6CD8BE:LeaderElection11] INFO  server.RaftServerConfigKeys (ConfUtils.java:logGet(43)) - raft.server.watch.timeout = 10s (default)
2019-09-17 06:10:18,673 [72845ddd-7944-416b-9dd2-35fcccd22f3d@group-D4E7BC6CD8BE:LeaderElection11] INFO  server.RaftServerConfigKeys (ConfUtils.java:logGet(43)) - raft.server.watch.timeout.denomination = 1s (default)
2019-09-17 06:10:18,673 [72845ddd-7944-416b-9dd2-35fcccd22f3d@group-D4E7BC6CD8BE:LeaderElection11] INFO  server.RaftServerConfigKeys (ConfUtils.java:logGet(43)) - raft.server.watch.element-limit = 65536 (default)
2019-09-17 06:10:18,678 [72845ddd-7944-416b-9dd2-35fcccd22f3d@group-D4E7BC6CD8BE:LeaderElection11] INFO  server.RaftServerConfigKeys (ConfUtils.java:logGet(43)) - raft.server.log.appender.snapshot.chunk.size.max = 16MB (=16777216) (default)
2019-09-17 06:10:18,678 [72845ddd-7944-416b-9dd2-35fcccd22f3d@group-D4E7BC6CD8BE:LeaderElection11] INFO  server.RaftServerConfigKeys (ConfUtils.java:logGet(43)) - raft.server.log.appender.buffer.byte-limit = 33554432 (custom)
2019-09-17 06:10:18,679 [72845ddd-7944-416b-9dd2-35fcccd22f3d@group-D4E7BC6CD8BE:LeaderElection11] INFO  server.RaftServerConfigKeys (ConfUtils.java:logGet(43)) - raft.server.log.appender.buffer.element-limit = 1 (custom)
2019-09-17 06:10:18,679 [72845ddd-7944-416b-9dd2-35fcccd22f3d@group-D4E7BC6CD8BE:LeaderElection11] INFO  grpc.GrpcConfigKeys$Server (ConfUtils.java:logGet(43)) - raft.grpc.server.leader.outstanding.appends.max = 128 (default)
2019-09-17 06:10:18,679 [72845ddd-7944-416b-9dd2-35fcccd22f3d@group-D4E7BC6CD8BE:LeaderElection11] INFO  server.RaftServerConfigKeys (ConfUtils.java:logGet(43)) - raft.server.rpc.request.timeout = 3000ms (default)
2019-09-17 06:10:18,679 [72845ddd-7944-416b-9dd2-35fcccd22f3d@group-D4E7BC6CD8BE:LeaderElection11] INFO  server.RaftServerConfigKeys (ConfUtils.java:logGet(43)) - raft.server.log.appender.install.snapshot.enabled = false (custom)
2019-09-17 06:10:18,680 [72845ddd-7944-416b-9dd2-35fcccd22f3d@group-D4E7BC6CD8BE:LeaderElection11] INFO  server.RaftServerConfigKeys (ConfUtils.java:logGet(43)) - raft.server.log.appender.snapshot.chunk.size.max = 16MB (=16777216) (default)
2019-09-17 06:10:18,680 [72845ddd-7944-416b-9dd2-35fcccd22f3d@group-D4E7BC6CD8BE:LeaderElection11] INFO  server.RaftServerConfigKeys (ConfUtils.java:logGet(43)) - raft.server.log.appender.buffer.byte-limit = 33554432 (custom)
2019-09-17 06:10:18,680 [72845ddd-7944-416b-9dd2-35fcccd22f3d@group-D4E7BC6CD8BE:LeaderElection11] INFO  server.RaftServerConfigKeys (ConfUtils.java:logGet(43)) - raft.server.log.appender.buffer.element-limit = 1 (custom)
2019-09-17 06:10:18,680 [72845ddd-7944-416b-9dd2-35fcccd22f3d@group-D4E7BC6CD8BE:LeaderElection11] INFO  grpc.GrpcConfigKeys$Server (ConfUtils.java:logGet(43)) - raft.grpc.server.leader.outstanding.appends.max = 128 (default)
2019-09-17 06:10:18,680 [72845ddd-7944-416b-9dd2-35fcccd22f3d@group-D4E7BC6CD8BE:LeaderElection11] INFO  server.RaftServerConfigKeys (ConfUtils.java:logGet(43)) - raft.server.rpc.request.timeout = 3000ms (default)
2019-09-17 06:10:18,680 [72845ddd-7944-416b-9dd2-35fcccd22f3d@group-D4E7BC6CD8BE:LeaderElection11] INFO  server.RaftServerConfigKeys (ConfUtils.java:logGet(43)) - raft.server.log.appender.install.snapshot.enabled = false (custom)
2019-09-17 06:10:18,681 [72845ddd-7944-416b-9dd2-35fcccd22f3d@group-D4E7BC6CD8BE:LeaderElection11] INFO  impl.RoleInfo (RoleInfo.java:updateAndGet(143)) - 72845ddd-7944-416b-9dd2-35fcccd22f3d: start LeaderState
2019-09-17 06:10:18,681 [72845ddd-7944-416b-9dd2-35fcccd22f3d@group-D4E7BC6CD8BE:LeaderElection11] INFO  segmented.SegmentedRaftLogWorker (SegmentedRaftLogWorker.java:startLogSegment(380)) - 72845ddd-7944-416b-9dd2-35fcccd22f3d@group-D4E7BC6CD8BE-SegmentedRaftLogWorker: Starting segment from index:0
2019-09-17 06:10:18,682 [72845ddd-7944-416b-9dd2-35fcccd22f3d@group-D4E7BC6CD8BE:LeaderElection11] INFO  impl.RaftServerImpl (ServerState.java:setRaftConf(354)) - 72845ddd-7944-416b-9dd2-35fcccd22f3d@group-D4E7BC6CD8BE: set configuration 0: [76e9ed70-2a32-4a64-9388-b77e9aa6f857:192.168.69.122:43336, f1727f7a-dfce-47cb-9d44-d863f6c274c0:192.168.69.122:33937, 72845ddd-7944-416b-9dd2-35fcccd22f3d:192.168.69.122:41609], old=null at 0
2019-09-17 06:10:18,698 [grpc-default-executor-5] INFO  impl.RaftServerImpl (ServerState.java:setLeader(253)) - 76e9ed70-2a32-4a64-9388-b77e9aa6f857@group-D4E7BC6CD8BE: change Leader from null to 72845ddd-7944-416b-9dd2-35fcccd22f3d at term 1 for appendEntries, leader elected after 5199ms
2019-09-17 06:10:18,698 [grpc-default-executor-0] INFO  impl.RaftServerImpl (ServerState.java:setLeader(253)) - f1727f7a-dfce-47cb-9d44-d863f6c274c0@group-D4E7BC6CD8BE: change Leader from null to 72845ddd-7944-416b-9dd2-35fcccd22f3d at term 1 for appendEntries, leader elected after 5199ms
2019-09-17 06:10:18,706 [grpc-default-executor-5] INFO  impl.RaftServerImpl (ServerState.java:setRaftConf(354)) - 76e9ed70-2a32-4a64-9388-b77e9aa6f857@group-D4E7BC6CD8BE: set configuration 0: [76e9ed70-2a32-4a64-9388-b77e9aa6f857:192.168.69.122:43336, f1727f7a-dfce-47cb-9d44-d863f6c274c0:192.168.69.122:33937, 72845ddd-7944-416b-9dd2-35fcccd22f3d:192.168.69.122:41609], old=null at 0
2019-09-17 06:10:18,706 [grpc-default-executor-0] INFO  impl.RaftServerImpl (ServerState.java:setRaftConf(354)) - f1727f7a-dfce-47cb-9d44-d863f6c274c0@group-D4E7BC6CD8BE: set configuration 0: [76e9ed70-2a32-4a64-9388-b77e9aa6f857:192.168.69.122:43336, f1727f7a-dfce-47cb-9d44-d863f6c274c0:192.168.69.122:33937, 72845ddd-7944-416b-9dd2-35fcccd22f3d:192.168.69.122:41609], old=null at 0
2019-09-17 06:10:18,706 [grpc-default-executor-5] INFO  segmented.SegmentedRaftLogWorker (SegmentedRaftLogWorker.java:startLogSegment(380)) - 76e9ed70-2a32-4a64-9388-b77e9aa6f857@group-D4E7BC6CD8BE-SegmentedRaftLogWorker: Starting segment from index:0
2019-09-17 06:10:18,706 [grpc-default-executor-0] INFO  segmented.SegmentedRaftLogWorker (SegmentedRaftLogWorker.java:startLogSegment(380)) - f1727f7a-dfce-47cb-9d44-d863f6c274c0@group-D4E7BC6CD8BE-SegmentedRaftLogWorker: Starting segment from index:0
2019-09-17 06:10:18,708 [72845ddd-7944-416b-9dd2-35fcccd22f3d@group-D4E7BC6CD8BE-SegmentedRaftLogWorker] INFO  segmented.SegmentedRaftLogWorker (SegmentedRaftLogWorker.java:execute(569)) - 72845ddd-7944-416b-9dd2-35fcccd22f3d@group-D4E7BC6CD8BE-SegmentedRaftLogWorker: created new log segment /workdir/hadoop-ozone/integration-test/target/test-dir/MiniOzoneClusterImpl-75dfc597-4d0a-4fc3-997c-bd58322963d8/datanode-2/data/ratis/3747a3e5-67b2-4bec-80f8-d4e7bc6cd8be/current/log_inprogress_0
2019-09-17 06:10:18,740 [f1727f7a-dfce-47cb-9d44-d863f6c274c0@group-D4E7BC6CD8BE-SegmentedRaftLogWorker] INFO  segmented.SegmentedRaftLogWorker (SegmentedRaftLogWorker.java:execute(569)) - f1727f7a-dfce-47cb-9d44-d863f6c274c0@group-D4E7BC6CD8BE-SegmentedRaftLogWorker: created new log segment /workdir/hadoop-ozone/integration-test/target/test-dir/MiniOzoneClusterImpl-75dfc597-4d0a-4fc3-997c-bd58322963d8/datanode-6/data/ratis/3747a3e5-67b2-4bec-80f8-d4e7bc6cd8be/current/log_inprogress_0
2019-09-17 06:10:18,740 [76e9ed70-2a32-4a64-9388-b77e9aa6f857@group-D4E7BC6CD8BE-SegmentedRaftLogWorker] INFO  segmented.SegmentedRaftLogWorker (SegmentedRaftLogWorker.java:execute(569)) - 76e9ed70-2a32-4a64-9388-b77e9aa6f857@group-D4E7BC6CD8BE-SegmentedRaftLogWorker: created new log segment /workdir/hadoop-ozone/integration-test/target/test-dir/MiniOzoneClusterImpl-75dfc597-4d0a-4fc3-997c-bd58322963d8/datanode-0/data/ratis/3747a3e5-67b2-4bec-80f8-d4e7bc6cd8be/current/log_inprogress_0
2019-09-17 06:10:18,916 [EventQueue-PipelineActionsForPipelineActionHandler] ERROR pipeline.PipelineActionHandler (PipelineActionHandler.java:onMessage(60)) - Received pipeline action CLOSE for Pipeline[ Id: 565851af-39e5-4a90-88c0-0b3452d6d747, Nodes: 72845ddd-7944-416b-9dd2-35fcccd22f3d{ip: 192.168.69.122, host: trunk-nightly-20190917-29l5j-2509219610, networkLocation: /default-rack, certSerialId: null}76e9ed70-2a32-4a64-9388-b77e9aa6f857{ip: 192.168.69.122, host: trunk-nightly-20190917-29l5j-2509219610, networkLocation: /default-rack, certSerialId: null}f1727f7a-dfce-47cb-9d44-d863f6c274c0{ip: 192.168.69.122, host: trunk-nightly-20190917-29l5j-2509219610, networkLocation: /default-rack, certSerialId: null}, Type:RATIS, Factor:THREE, State:CLOSED] from datanode 72845ddd-7944-416b-9dd2-35fcccd22f3d{ip: 192.168.69.122, host: trunk-nightly-20190917-29l5j-2509219610, networkLocation: /default-rack, certSerialId: null}. Reason : 72845ddd-7944-416b-9dd2-35fcccd22f3d has not seen follower/s 76e9ed70-2a32-4a64-9388-b77e9aa6f857 for 165590ms f1727f7a-dfce-47cb-9d44-d863f6c274c0 for 165590ms
2019-09-17 06:10:18,916 [EventQueue-PipelineActionsForPipelineActionHandler] INFO  pipeline.SCMPipelineManager (SCMPipelineManager.java:finalizeAndDestroyPipeline(311)) - destroying pipeline:Pipeline[ Id: 565851af-39e5-4a90-88c0-0b3452d6d747, Nodes: 72845ddd-7944-416b-9dd2-35fcccd22f3d{ip: 192.168.69.122, host: trunk-nightly-20190917-29l5j-2509219610, networkLocation: /default-rack, certSerialId: null}76e9ed70-2a32-4a64-9388-b77e9aa6f857{ip: 192.168.69.122, host: trunk-nightly-20190917-29l5j-2509219610, networkLocation: /default-rack, certSerialId: null}f1727f7a-dfce-47cb-9d44-d863f6c274c0{ip: 192.168.69.122, host: trunk-nightly-20190917-29l5j-2509219610, networkLocation: /default-rack, certSerialId: null}, Type:RATIS, Factor:THREE, State:CLOSED]
2019-09-17 06:10:18,933 [java.util.concurrent.ThreadPoolExecutor$Worker@7e25380e[State = -1, empty queue]] WARN  server.GrpcLogAppender (GrpcLogAppender.java:timeoutAppendRequest(200)) - 72845ddd-7944-416b-9dd2-35fcccd22f3d@group-0B3452D6D747->76e9ed70-2a32-4a64-9388-b77e9aa6f857-GrpcLogAppender: appendEntries Timeout, request=72845ddd-7944-416b-9dd2-35fcccd22f3d->76e9ed70-2a32-4a64-9388-b77e9aa6f857#78-t1, previous=(t:1, i:13), leaderCommit=6, initializing? false, entries: <empty>
2019-09-17 06:10:18,933 [java.util.concurrent.ThreadPoolExecutor$Worker@550fe58d[State = -1, empty queue]] WARN  server.GrpcLogAppender (GrpcLogAppender.java:timeoutAppendRequest(200)) - 72845ddd-7944-416b-9dd2-35fcccd22f3d@group-0B3452D6D747->f1727f7a-dfce-47cb-9d44-d863f6c274c0-GrpcLogAppender: appendEntries Timeout, request=72845ddd-7944-416b-9dd2-35fcccd22f3d->f1727f7a-dfce-47cb-9d44-d863f6c274c0#78-t1, previous=(t:1, i:13), leaderCommit=6, initializing? false, entries: <empty>
2019-09-17 06:10:20,429 [grpc-default-executor-0] INFO  client.GrpcClientProtocolClient (GrpcClientProtocolClient.java:onNext(264)) - client-9AF48D7A035B->f1727f7a-dfce-47cb-9d44-d863f6c274c0: receive RaftClientReply:client-9AF48D7A035B->f1727f7a-dfce-47cb-9d44-d863f6c274c0@group-0B3452D6D747, cid=50, FAILED org.apache.ratis.protocol.NotLeaderException: Server f1727f7a-dfce-47cb-9d44-d863f6c274c0@group-0B3452D6D747 is not the leader 72845ddd-7944-416b-9dd2-35fcccd22f3d:192.168.69.122:41609, logIndex=0, commits[f1727f7a-dfce-47cb-9d44-d863f6c274c0:c6, 76e9ed70-2a32-4a64-9388-b77e9aa6f857:c4, 72845ddd-7944-416b-9dd2-35fcccd22f3d:c6]
2019-09-17 06:10:20,937 [org.apache.ratis.server.impl.LogAppender$AppenderDaemon$$Lambda$505/2035288324@7fd66d5a] ERROR ratis.XceiverServerRatis (XceiverServerRatis.java:triggerPipelineClose(575)) - pipeline Action CLOSE  on pipeline PipelineID=565851af-39e5-4a90-88c0-0b3452d6d747.Reason : 72845ddd-7944-416b-9dd2-35fcccd22f3d has not seen follower/s 76e9ed70-2a32-4a64-9388-b77e9aa6f857 for 168091ms f1727f7a-dfce-47cb-9d44-d863f6c274c0 for 168091ms
2019-09-17 06:10:20,937 [org.apache.ratis.server.impl.LogAppender$AppenderDaemon$$Lambda$505/2035288324@2b56199b] ERROR ratis.XceiverServerRatis (XceiverServerRatis.java:triggerPipelineClose(575)) - pipeline Action CLOSE  on pipeline PipelineID=565851af-39e5-4a90-88c0-0b3452d6d747.Reason : 72845ddd-7944-416b-9dd2-35fcccd22f3d has not seen follower/s 76e9ed70-2a32-4a64-9388-b77e9aa6f857 for 168091ms f1727f7a-dfce-47cb-9d44-d863f6c274c0 for 168091ms
2019-09-17 06:10:21,435 [java.util.concurrent.ThreadPoolExecutor$Worker@550fe58d[State = -1, empty queue]] WARN  server.GrpcLogAppender (GrpcLogAppender.java:timeoutAppendRequest(200)) - 72845ddd-7944-416b-9dd2-35fcccd22f3d@group-0B3452D6D747->f1727f7a-dfce-47cb-9d44-d863f6c274c0-GrpcLogAppender: appendEntries Timeout, request=72845ddd-7944-416b-9dd2-35fcccd22f3d->f1727f7a-dfce-47cb-9d44-d863f6c274c0#79-t1, previous=(t:1, i:13), leaderCommit=6, initializing? false, entries: <empty>
2019-09-17 06:10:21,435 [java.util.concurrent.ThreadPoolExecutor$Worker@7e25380e[State = -1, empty queue]] WARN  server.GrpcLogAppender (GrpcLogAppender.java:timeoutAppendRequest(200)) - 72845ddd-7944-416b-9dd2-35fcccd22f3d@group-0B3452D6D747->76e9ed70-2a32-4a64-9388-b77e9aa6f857-GrpcLogAppender: appendEntries Timeout, request=72845ddd-7944-416b-9dd2-35fcccd22f3d->76e9ed70-2a32-4a64-9388-b77e9aa6f857#79-t1, previous=(t:1, i:13), leaderCommit=6, initializing? false, entries: <empty>
2019-09-17 06:10:21,916 [EventQueue-PipelineActionsForPipelineActionHandler] ERROR pipeline.PipelineActionHandler (PipelineActionHandler.java:onMessage(60)) - Received pipeline action CLOSE for Pipeline[ Id: 565851af-39e5-4a90-88c0-0b3452d6d747, Nodes: 72845ddd-7944-416b-9dd2-35fcccd22f3d{ip: 192.168.69.122, host: trunk-nightly-20190917-29l5j-2509219610, networkLocation: /default-rack, certSerialId: null}76e9ed70-2a32-4a64-9388-b77e9aa6f857{ip: 192.168.69.122, host: trunk-nightly-20190917-29l5j-2509219610, networkLocation: /default-rack, certSerialId: null}f1727f7a-dfce-47cb-9d44-d863f6c274c0{ip: 192.168.69.122, host: trunk-nightly-20190917-29l5j-2509219610, networkLocation: /default-rack, certSerialId: null}, Type:RATIS, Factor:THREE, State:CLOSED] from datanode 72845ddd-7944-416b-9dd2-35fcccd22f3d{ip: 192.168.69.122, host: trunk-nightly-20190917-29l5j-2509219610, networkLocation: /default-rack, certSerialId: null}. Reason : 72845ddd-7944-416b-9dd2-35fcccd22f3d has not seen follower/s 76e9ed70-2a32-4a64-9388-b77e9aa6f857 for 168091ms f1727f7a-dfce-47cb-9d44-d863f6c274c0 for 168091ms
2019-09-17 06:10:21,917 [EventQueue-PipelineActionsForPipelineActionHandler] INFO  pipeline.SCMPipelineManager (SCMPipelineManager.java:finalizeAndDestroyPipeline(311)) - destroying pipeline:Pipeline[ Id: 565851af-39e5-4a90-88c0-0b3452d6d747, Nodes: 72845ddd-7944-416b-9dd2-35fcccd22f3d{ip: 192.168.69.122, host: trunk-nightly-20190917-29l5j-2509219610, networkLocation: /default-rack, certSerialId: null}76e9ed70-2a32-4a64-9388-b77e9aa6f857{ip: 192.168.69.122, host: trunk-nightly-20190917-29l5j-2509219610, networkLocation: /default-rack, certSerialId: null}f1727f7a-dfce-47cb-9d44-d863f6c274c0{ip: 192.168.69.122, host: trunk-nightly-20190917-29l5j-2509219610, networkLocation: /default-rack, certSerialId: null}, Type:RATIS, Factor:THREE, State:CLOSED]
2019-09-17 06:10:23,438 [org.apache.ratis.server.impl.LogAppender$AppenderDaemon$$Lambda$505/2035288324@7fd66d5a] ERROR ratis.XceiverServerRatis (XceiverServerRatis.java:triggerPipelineClose(575)) - pipeline Action CLOSE  on pipeline PipelineID=565851af-39e5-4a90-88c0-0b3452d6d747.Reason : 72845ddd-7944-416b-9dd2-35fcccd22f3d has not seen follower/s 76e9ed70-2a32-4a64-9388-b77e9aa6f857 for 170592ms f1727f7a-dfce-47cb-9d44-d863f6c274c0 for 170592ms
2019-09-17 06:10:23,438 [org.apache.ratis.server.impl.LogAppender$AppenderDaemon$$Lambda$505/2035288324@2b56199b] ERROR ratis.XceiverServerRatis (XceiverServerRatis.java:triggerPipelineClose(575)) - pipeline Action CLOSE  on pipeline PipelineID=565851af-39e5-4a90-88c0-0b3452d6d747.Reason : 72845ddd-7944-416b-9dd2-35fcccd22f3d has not seen follower/s 76e9ed70-2a32-4a64-9388-b77e9aa6f857 for 170592ms f1727f7a-dfce-47cb-9d44-d863f6c274c0 for 170592ms
2019-09-17 06:10:23,733 [76e9ed70-2a32-4a64-9388-b77e9aa6f857@group-0B3452D6D747-SegmentedRaftLogWorker] WARN  segmented.SegmentedRaftLogWorker (SegmentedRaftLogWorker.java:getFromFuture(90)) - Timeout 16/~
org.apache.ratis.protocol.TimeoutIOException: Timeout 10s: WriteLog:7: (t:1, i:7), STATEMACHINELOGENTRY, client-9AF48D7A035B, cid=50-writeStateMachineData
	at org.apache.ratis.util.IOUtils.getFromFuture(IOUtils.java:87)
	at org.apache.ratis.server.raftlog.segmented.SegmentedRaftLogWorker$StateMachineDataPolicy.getFromFuture(SegmentedRaftLogWorker.java:87)
	at org.apache.ratis.server.raftlog.segmented.SegmentedRaftLogWorker$WriteLog.execute(SegmentedRaftLogWorker.java:477)
	at org.apache.ratis.server.raftlog.segmented.SegmentedRaftLogWorker.run(SegmentedRaftLogWorker.java:289)
	at java.lang.Thread.run(Thread.java:748)
Caused by: java.util.concurrent.TimeoutException
	at java.util.concurrent.CompletableFuture.timedGet(CompletableFuture.java:1771)
	at java.util.concurrent.CompletableFuture.get(CompletableFuture.java:1915)
	at org.apache.ratis.util.IOUtils.getFromFuture(IOUtils.java:79)
	... 4 more
2019-09-17 06:10:23,775 [f1727f7a-dfce-47cb-9d44-d863f6c274c0@group-0B3452D6D747-SegmentedRaftLogWorker] WARN  segmented.SegmentedRaftLogWorker (SegmentedRaftLogWorker.java:getFromFuture(90)) - Timeout 16/~
org.apache.ratis.protocol.TimeoutIOException: Timeout 10s: WriteLog:7: (t:1, i:7), STATEMACHINELOGENTRY, client-9AF48D7A035B, cid=50-writeStateMachineData
	at org.apache.ratis.util.IOUtils.getFromFuture(IOUtils.java:87)
	at org.apache.ratis.server.raftlog.segmented.SegmentedRaftLogWorker$StateMachineDataPolicy.getFromFuture(SegmentedRaftLogWorker.java:87)
	at org.apache.ratis.server.raftlog.segmented.SegmentedRaftLogWorker$WriteLog.execute(SegmentedRaftLogWorker.java:477)
	at org.apache.ratis.server.raftlog.segmented.SegmentedRaftLogWorker.run(SegmentedRaftLogWorker.java:289)
	at java.lang.Thread.run(Thread.java:748)
Caused by: java.util.concurrent.TimeoutException
	at java.util.concurrent.CompletableFuture.timedGet(CompletableFuture.java:1771)
	at java.util.concurrent.CompletableFuture.get(CompletableFuture.java:1915)
	at org.apache.ratis.util.IOUtils.getFromFuture(IOUtils.java:79)
	... 4 more
2019-09-17 06:10:23,852 [72845ddd-7944-416b-9dd2-35fcccd22f3d@group-0B3452D6D747-SegmentedRaftLogWorker] WARN  segmented.SegmentedRaftLogWorker (SegmentedRaftLogWorker.java:getFromFuture(90)) - Timeout 16/~
org.apache.ratis.protocol.TimeoutIOException: Timeout 10s: WriteLog:8: (t:1, i:8), STATEMACHINELOGENTRY, client-9AF48D7A035B, cid=51-writeStateMachineData
	at org.apache.ratis.util.IOUtils.getFromFuture(IOUtils.java:87)
	at org.apache.ratis.server.raftlog.segmented.SegmentedRaftLogWorker$StateMachineDataPolicy.getFromFuture(SegmentedRaftLogWorker.java:87)
	at org.apache.ratis.server.raftlog.segmented.SegmentedRaftLogWorker$WriteLog.execute(SegmentedRaftLogWorker.java:477)
	at org.apache.ratis.server.raftlog.segmented.SegmentedRaftLogWorker.run(SegmentedRaftLogWorker.java:289)
	at java.lang.Thread.run(Thread.java:748)
Caused by: java.util.concurrent.TimeoutException
	at java.util.concurrent.CompletableFuture.timedGet(CompletableFuture.java:1771)
	at java.util.concurrent.CompletableFuture.get(CompletableFuture.java:1915)
	at org.apache.ratis.util.IOUtils.getFromFuture(IOUtils.java:79)
	... 4 more
2019-09-17 06:10:23,917 [EventQueue-PipelineActionsForPipelineActionHandler] ERROR pipeline.PipelineActionHandler (PipelineActionHandler.java:onMessage(60)) - Received pipeline action CLOSE for Pipeline[ Id: 565851af-39e5-4a90-88c0-0b3452d6d747, Nodes: 72845ddd-7944-416b-9dd2-35fcccd22f3d{ip: 192.168.69.122, host: trunk-nightly-20190917-29l5j-2509219610, networkLocation: /default-rack, certSerialId: null}76e9ed70-2a32-4a64-9388-b77e9aa6f857{ip: 192.168.69.122, host: trunk-nightly-20190917-29l5j-2509219610, networkLocation: /default-rack, certSerialId: null}f1727f7a-dfce-47cb-9d44-d863f6c274c0{ip: 192.168.69.122, host: trunk-nightly-20190917-29l5j-2509219610, networkLocation: /default-rack, certSerialId: null}, Type:RATIS, Factor:THREE, State:CLOSED] from datanode 72845ddd-7944-416b-9dd2-35fcccd22f3d{ip: 192.168.69.122, host: trunk-nightly-20190917-29l5j-2509219610, networkLocation: /default-rack, certSerialId: null}. Reason : 72845ddd-7944-416b-9dd2-35fcccd22f3d has not seen follower/s 76e9ed70-2a32-4a64-9388-b77e9aa6f857 for 170592ms f1727f7a-dfce-47cb-9d44-d863f6c274c0 for 170592ms
2019-09-17 06:10:23,917 [EventQueue-PipelineActionsForPipelineActionHandler] INFO  pipeline.SCMPipelineManager (SCMPipelineManager.java:finalizeAndDestroyPipeline(311)) - destroying pipeline:Pipeline[ Id: 565851af-39e5-4a90-88c0-0b3452d6d747, Nodes: 72845ddd-7944-416b-9dd2-35fcccd22f3d{ip: 192.168.69.122, host: trunk-nightly-20190917-29l5j-2509219610, networkLocation: /default-rack, certSerialId: null}76e9ed70-2a32-4a64-9388-b77e9aa6f857{ip: 192.168.69.122, host: trunk-nightly-20190917-29l5j-2509219610, networkLocation: /default-rack, certSerialId: null}f1727f7a-dfce-47cb-9d44-d863f6c274c0{ip: 192.168.69.122, host: trunk-nightly-20190917-29l5j-2509219610, networkLocation: /default-rack, certSerialId: null}, Type:RATIS, Factor:THREE, State:CLOSED]
2019-09-17 06:10:23,936 [java.util.concurrent.ThreadPoolExecutor$Worker@7e25380e[State = -1, empty queue]] WARN  server.GrpcLogAppender (GrpcLogAppender.java:timeoutAppendRequest(200)) - 72845ddd-7944-416b-9dd2-35fcccd22f3d@group-0B3452D6D747->76e9ed70-2a32-4a64-9388-b77e9aa6f857-GrpcLogAppender: appendEntries Timeout, request=72845ddd-7944-416b-9dd2-35fcccd22f3d->76e9ed70-2a32-4a64-9388-b77e9aa6f857#80-t1, previous=(t:1, i:13), leaderCommit=6, initializing? false, entries: <empty>
2019-09-17 06:10:23,936 [java.util.concurrent.ThreadPoolExecutor$Worker@550fe58d[State = -1, empty queue]] WARN  server.GrpcLogAppender (GrpcLogAppender.java:timeoutAppendRequest(200)) - 72845ddd-7944-416b-9dd2-35fcccd22f3d@group-0B3452D6D747->f1727f7a-dfce-47cb-9d44-d863f6c274c0-GrpcLogAppender: appendEntries Timeout, request=72845ddd-7944-416b-9dd2-35fcccd22f3d->f1727f7a-dfce-47cb-9d44-d863f6c274c0#80-t1, previous=(t:1, i:13), leaderCommit=6, initializing? false, entries: <empty>
2019-09-17 06:10:25,475 [grpc-default-executor-0] INFO  client.GrpcClientProtocolClient (GrpcClientProtocolClient.java:onNext(264)) - client-9AF48D7A035B->f1727f7a-dfce-47cb-9d44-d863f6c274c0: receive RaftClientReply:client-9AF48D7A035B->f1727f7a-dfce-47cb-9d44-d863f6c274c0@group-0B3452D6D747, cid=50, FAILED org.apache.ratis.protocol.NotLeaderException: Server f1727f7a-dfce-47cb-9d44-d863f6c274c0@group-0B3452D6D747 is not the leader 72845ddd-7944-416b-9dd2-35fcccd22f3d:192.168.69.122:41609, logIndex=0, commits[f1727f7a-dfce-47cb-9d44-d863f6c274c0:c6, 76e9ed70-2a32-4a64-9388-b77e9aa6f857:c4, 72845ddd-7944-416b-9dd2-35fcccd22f3d:c6]
2019-09-17 06:10:25,939 [org.apache.ratis.server.impl.LogAppender$AppenderDaemon$$Lambda$505/2035288324@7fd66d5a] ERROR ratis.XceiverServerRatis (XceiverServerRatis.java:triggerPipelineClose(575)) - pipeline Action CLOSE  on pipeline PipelineID=565851af-39e5-4a90-88c0-0b3452d6d747.Reason : 72845ddd-7944-416b-9dd2-35fcccd22f3d has not seen follower/s 76e9ed70-2a32-4a64-9388-b77e9aa6f857 for 173093ms f1727f7a-dfce-47cb-9d44-d863f6c274c0 for 173093ms
2019-09-17 06:10:25,939 [org.apache.ratis.server.impl.LogAppender$AppenderDaemon$$Lambda$505/2035288324@2b56199b] ERROR ratis.XceiverServerRatis (XceiverServerRatis.java:triggerPipelineClose(575)) - pipeline Action CLOSE  on pipeline PipelineID=565851af-39e5-4a90-88c0-0b3452d6d747.Reason : 72845ddd-7944-416b-9dd2-35fcccd22f3d has not seen follower/s 76e9ed70-2a32-4a64-9388-b77e9aa6f857 for 173093ms f1727f7a-dfce-47cb-9d44-d863f6c274c0 for 173093ms
2019-09-17 06:10:26,438 [java.util.concurrent.ThreadPoolExecutor$Worker@550fe58d[State = -1, empty queue]] WARN  server.GrpcLogAppender (GrpcLogAppender.java:timeoutAppendRequest(200)) - 72845ddd-7944-416b-9dd2-35fcccd22f3d@group-0B3452D6D747->f1727f7a-dfce-47cb-9d44-d863f6c274c0-GrpcLogAppender: appendEntries Timeout, request=72845ddd-7944-416b-9dd2-35fcccd22f3d->f1727f7a-dfce-47cb-9d44-d863f6c274c0#81-t1, previous=(t:1, i:13), leaderCommit=6, initializing? false, entries: <empty>
2019-09-17 06:10:26,438 [java.util.concurrent.ThreadPoolExecutor$Worker@7e25380e[State = -1, empty queue]] WARN  server.GrpcLogAppender (GrpcLogAppender.java:timeoutAppendRequest(200)) - 72845ddd-7944-416b-9dd2-35fcccd22f3d@group-0B3452D6D747->76e9ed70-2a32-4a64-9388-b77e9aa6f857-GrpcLogAppender: appendEntries Timeout, request=72845ddd-7944-416b-9dd2-35fcccd22f3d->76e9ed70-2a32-4a64-9388-b77e9aa6f857#81-t1, previous=(t:1, i:13), leaderCommit=6, initializing? false, entries: <empty>
2019-09-17 06:10:26,918 [EventQueue-PipelineActionsForPipelineActionHandler] ERROR pipeline.PipelineActionHandler (PipelineActionHandler.java:onMessage(60)) - Received pipeline action CLOSE for Pipeline[ Id: 565851af-39e5-4a90-88c0-0b3452d6d747, Nodes: 72845ddd-7944-416b-9dd2-35fcccd22f3d{ip: 192.168.69.122, host: trunk-nightly-20190917-29l5j-2509219610, networkLocation: /default-rack, certSerialId: null}76e9ed70-2a32-4a64-9388-b77e9aa6f857{ip: 192.168.69.122, host: trunk-nightly-20190917-29l5j-2509219610, networkLocation: /default-rack, certSerialId: null}f1727f7a-dfce-47cb-9d44-d863f6c274c0{ip: 192.168.69.122, host: trunk-nightly-20190917-29l5j-2509219610, networkLocation: /default-rack, certSerialId: null}, Type:RATIS, Factor:THREE, State:CLOSED] from datanode 72845ddd-7944-416b-9dd2-35fcccd22f3d{ip: 192.168.69.122, host: trunk-nightly-20190917-29l5j-2509219610, networkLocation: /default-rack, certSerialId: null}. Reason : 72845ddd-7944-416b-9dd2-35fcccd22f3d has not seen follower/s 76e9ed70-2a32-4a64-9388-b77e9aa6f857 for 173093ms f1727f7a-dfce-47cb-9d44-d863f6c274c0 for 173093ms
2019-09-17 06:10:26,918 [EventQueue-PipelineActionsForPipelineActionHandler] INFO  pipeline.SCMPipelineManager (SCMPipelineManager.java:finalizeAndDestroyPipeline(311)) - destroying pipeline:Pipeline[ Id: 565851af-39e5-4a90-88c0-0b3452d6d747, Nodes: 72845ddd-7944-416b-9dd2-35fcccd22f3d{ip: 192.168.69.122, host: trunk-nightly-20190917-29l5j-2509219610, networkLocation: /default-rack, certSerialId: null}76e9ed70-2a32-4a64-9388-b77e9aa6f857{ip: 192.168.69.122, host: trunk-nightly-20190917-29l5j-2509219610, networkLocation: /default-rack, certSerialId: null}f1727f7a-dfce-47cb-9d44-d863f6c274c0{ip: 192.168.69.122, host: trunk-nightly-20190917-29l5j-2509219610, networkLocation: /default-rack, certSerialId: null}, Type:RATIS, Factor:THREE, State:CLOSED]
2019-09-17 06:10:28,443 [org.apache.ratis.server.impl.LogAppender$AppenderDaemon$$Lambda$505/2035288324@7fd66d5a] ERROR ratis.XceiverServerRatis (XceiverServerRatis.java:triggerPipelineClose(575)) - pipeline Action CLOSE  on pipeline PipelineID=565851af-39e5-4a90-88c0-0b3452d6d747.Reason : 72845ddd-7944-416b-9dd2-35fcccd22f3d has not seen follower/s 76e9ed70-2a32-4a64-9388-b77e9aa6f857 for 175597ms f1727f7a-dfce-47cb-9d44-d863f6c274c0 for 175597ms
2019-09-17 06:10:28,443 [org.apache.ratis.server.impl.LogAppender$AppenderDaemon$$Lambda$505/2035288324@2b56199b] ERROR ratis.XceiverServerRatis (XceiverServerRatis.java:triggerPipelineClose(575)) - pipeline Action CLOSE  on pipeline PipelineID=565851af-39e5-4a90-88c0-0b3452d6d747.Reason : 72845ddd-7944-416b-9dd2-35fcccd22f3d has not seen follower/s 76e9ed70-2a32-4a64-9388-b77e9aa6f857 for 175597ms f1727f7a-dfce-47cb-9d44-d863f6c274c0 for 175597ms
2019-09-17 06:10:28,920 [EventQueue-PipelineActionsForPipelineActionHandler] ERROR pipeline.PipelineActionHandler (PipelineActionHandler.java:onMessage(60)) - Received pipeline action CLOSE for Pipeline[ Id: 565851af-39e5-4a90-88c0-0b3452d6d747, Nodes: 72845ddd-7944-416b-9dd2-35fcccd22f3d{ip: 192.168.69.122, host: trunk-nightly-20190917-29l5j-2509219610, networkLocation: /default-rack, certSerialId: null}76e9ed70-2a32-4a64-9388-b77e9aa6f857{ip: 192.168.69.122, host: trunk-nightly-20190917-29l5j-2509219610, networkLocation: /default-rack, certSerialId: null}f1727f7a-dfce-47cb-9d44-d863f6c274c0{ip: 192.168.69.122, host: trunk-nightly-20190917-29l5j-2509219610, networkLocation: /default-rack, certSerialId: null}, Type:RATIS, Factor:THREE, State:CLOSED] from datanode 72845ddd-7944-416b-9dd2-35fcccd22f3d{ip: 192.168.69.122, host: trunk-nightly-20190917-29l5j-2509219610, networkLocation: /default-rack, certSerialId: null}. Reason : 72845ddd-7944-416b-9dd2-35fcccd22f3d has not seen follower/s 76e9ed70-2a32-4a64-9388-b77e9aa6f857 for 175597ms f1727f7a-dfce-47cb-9d44-d863f6c274c0 for 175597ms
2019-09-17 06:10:28,920 [EventQueue-PipelineActionsForPipelineActionHandler] INFO  pipeline.SCMPipelineManager (SCMPipelineManager.java:finalizeAndDestroyPipeline(311)) - destroying pipeline:Pipeline[ Id: 565851af-39e5-4a90-88c0-0b3452d6d747, Nodes: 72845ddd-7944-416b-9dd2-35fcccd22f3d{ip: 192.168.69.122, host: trunk-nightly-20190917-29l5j-2509219610, networkLocation: /default-rack, certSerialId: null}76e9ed70-2a32-4a64-9388-b77e9aa6f857{ip: 192.168.69.122, host: trunk-nightly-20190917-29l5j-2509219610, networkLocation: /default-rack, certSerialId: null}f1727f7a-dfce-47cb-9d44-d863f6c274c0{ip: 192.168.69.122, host: trunk-nightly-20190917-29l5j-2509219610, networkLocation: /default-rack, certSerialId: null}, Type:RATIS, Factor:THREE, State:CLOSED]
2019-09-17 06:10:28,939 [java.util.concurrent.ThreadPoolExecutor$Worker@7e25380e[State = -1, empty queue]] WARN  server.GrpcLogAppender (GrpcLogAppender.java:timeoutAppendRequest(200)) - 72845ddd-7944-416b-9dd2-35fcccd22f3d@group-0B3452D6D747->76e9ed70-2a32-4a64-9388-b77e9aa6f857-GrpcLogAppender: appendEntries Timeout, request=72845ddd-7944-416b-9dd2-35fcccd22f3d->76e9ed70-2a32-4a64-9388-b77e9aa6f857#82-t1, previous=(t:1, i:13), leaderCommit=6, initializing? false, entries: <empty>
2019-09-17 06:10:28,939 [java.util.concurrent.ThreadPoolExecutor$Worker@550fe58d[State = -1, empty queue]] WARN  server.GrpcLogAppender (GrpcLogAppender.java:timeoutAppendRequest(200)) - 72845ddd-7944-416b-9dd2-35fcccd22f3d@group-0B3452D6D747->f1727f7a-dfce-47cb-9d44-d863f6c274c0-GrpcLogAppender: appendEntries Timeout, request=72845ddd-7944-416b-9dd2-35fcccd22f3d->f1727f7a-dfce-47cb-9d44-d863f6c274c0#82-t1, previous=(t:1, i:13), leaderCommit=6, initializing? false, entries: <empty>
2019-09-17 06:10:30,526 [grpc-default-executor-0] INFO  client.GrpcClientProtocolClient (GrpcClientProtocolClient.java:onNext(264)) - client-9AF48D7A035B->76e9ed70-2a32-4a64-9388-b77e9aa6f857: receive RaftClientReply:client-9AF48D7A035B->76e9ed70-2a32-4a64-9388-b77e9aa6f857@group-0B3452D6D747, cid=50, FAILED org.apache.ratis.protocol.NotLeaderException: Server 76e9ed70-2a32-4a64-9388-b77e9aa6f857@group-0B3452D6D747 is not the leader 72845ddd-7944-416b-9dd2-35fcccd22f3d:192.168.69.122:41609, logIndex=0, commits[76e9ed70-2a32-4a64-9388-b77e9aa6f857:c6, f1727f7a-dfce-47cb-9d44-d863f6c274c0:c4, 72845ddd-7944-416b-9dd2-35fcccd22f3d:c6]
2019-09-17 06:10:30,944 [org.apache.ratis.server.impl.LogAppender$AppenderDaemon$$Lambda$505/2035288324@7fd66d5a] ERROR ratis.XceiverServerRatis (XceiverServerRatis.java:triggerPipelineClose(575)) - pipeline Action CLOSE  on pipeline PipelineID=565851af-39e5-4a90-88c0-0b3452d6d747.Reason : 72845ddd-7944-416b-9dd2-35fcccd22f3d has not seen follower/s 76e9ed70-2a32-4a64-9388-b77e9aa6f857 for 178099ms f1727f7a-dfce-47cb-9d44-d863f6c274c0 for 178099ms
2019-09-17 06:10:30,944 [org.apache.ratis.server.impl.LogAppender$AppenderDaemon$$Lambda$505/2035288324@2b56199b] ERROR ratis.XceiverServerRatis (XceiverServerRatis.java:triggerPipelineClose(575)) - pipeline Action CLOSE  on pipeline PipelineID=565851af-39e5-4a90-88c0-0b3452d6d747.Reason : 72845ddd-7944-416b-9dd2-35fcccd22f3d has not seen follower/s 76e9ed70-2a32-4a64-9388-b77e9aa6f857 for 178099ms f1727f7a-dfce-47cb-9d44-d863f6c274c0 for 178099ms
2019-09-17 06:10:31,442 [java.util.concurrent.ThreadPoolExecutor$Worker@7e25380e[State = -1, empty queue]] WARN  server.GrpcLogAppender (GrpcLogAppender.java:timeoutAppendRequest(200)) - 72845ddd-7944-416b-9dd2-35fcccd22f3d@group-0B3452D6D747->76e9ed70-2a32-4a64-9388-b77e9aa6f857-GrpcLogAppender: appendEntries Timeout, request=72845ddd-7944-416b-9dd2-35fcccd22f3d->76e9ed70-2a32-4a64-9388-b77e9aa6f857#83-t1, previous=(t:1, i:13), leaderCommit=6, initializing? false, entries: <empty>
2019-09-17 06:10:31,442 [java.util.concurrent.ThreadPoolExecutor$Worker@550fe58d[State = -1, empty queue]] WARN  server.GrpcLogAppender (GrpcLogAppender.java:timeoutAppendRequest(200)) - 72845ddd-7944-416b-9dd2-35fcccd22f3d@group-0B3452D6D747->f1727f7a-dfce-47cb-9d44-d863f6c274c0-GrpcLogAppender: appendEntries Timeout, request=72845ddd-7944-416b-9dd2-35fcccd22f3d->f1727f7a-dfce-47cb-9d44-d863f6c274c0#83-t1, previous=(t:1, i:13), leaderCommit=6, initializing? false, entries: <empty>
2019-09-17 06:10:31,921 [EventQueue-PipelineActionsForPipelineActionHandler] ERROR pipeline.PipelineActionHandler (PipelineActionHandler.java:onMessage(60)) - Received pipeline action CLOSE for Pipeline[ Id: 565851af-39e5-4a90-88c0-0b3452d6d747, Nodes: 72845ddd-7944-416b-9dd2-35fcccd22f3d{ip: 192.168.69.122, host: trunk-nightly-20190917-29l5j-2509219610, networkLocation: /default-rack, certSerialId: null}76e9ed70-2a32-4a64-9388-b77e9aa6f857{ip: 192.168.69.122, host: trunk-nightly-20190917-29l5j-2509219610, networkLocation: /default-rack, certSerialId: null}f1727f7a-dfce-47cb-9d44-d863f6c274c0{ip: 192.168.69.122, host: trunk-nightly-20190917-29l5j-2509219610, networkLocation: /default-rack, certSerialId: null}, Type:RATIS, Factor:THREE, State:CLOSED] from datanode 72845ddd-7944-416b-9dd2-35fcccd22f3d{ip: 192.168.69.122, host: trunk-nightly-20190917-29l5j-2509219610, networkLocation: /default-rack, certSerialId: null}. Reason : 72845ddd-7944-416b-9dd2-35fcccd22f3d has not seen follower/s 76e9ed70-2a32-4a64-9388-b77e9aa6f857 for 178099ms f1727f7a-dfce-47cb-9d44-d863f6c274c0 for 178099ms
2019-09-17 06:10:31,921 [EventQueue-PipelineActionsForPipelineActionHandler] INFO  pipeline.SCMPipelineManager (SCMPipelineManager.java:finalizeAndDestroyPipeline(311)) - destroying pipeline:Pipeline[ Id: 565851af-39e5-4a90-88c0-0b3452d6d747, Nodes: 72845ddd-7944-416b-9dd2-35fcccd22f3d{ip: 192.168.69.122, host: trunk-nightly-20190917-29l5j-2509219610, networkLocation: /default-rack, certSerialId: null}76e9ed70-2a32-4a64-9388-b77e9aa6f857{ip: 192.168.69.122, host: trunk-nightly-20190917-29l5j-2509219610, networkLocation: /default-rack, certSerialId: null}f1727f7a-dfce-47cb-9d44-d863f6c274c0{ip: 192.168.69.122, host: trunk-nightly-20190917-29l5j-2509219610, networkLocation: /default-rack, certSerialId: null}, Type:RATIS, Factor:THREE, State:CLOSED]
2019-09-17 06:10:33,446 [org.apache.ratis.server.impl.LogAppender$AppenderDaemon$$Lambda$505/2035288324@7fd66d5a] ERROR ratis.XceiverServerRatis (XceiverServerRatis.java:triggerPipelineClose(575)) - pipeline Action CLOSE  on pipeline PipelineID=565851af-39e5-4a90-88c0-0b3452d6d747.Reason : 72845ddd-7944-416b-9dd2-35fcccd22f3d has not seen follower/s 76e9ed70-2a32-4a64-9388-b77e9aa6f857 for 180600ms f1727f7a-dfce-47cb-9d44-d863f6c274c0 for 180600ms
2019-09-17 06:10:33,446 [org.apache.ratis.server.impl.LogAppender$AppenderDaemon$$Lambda$505/2035288324@2b56199b] ERROR ratis.XceiverServerRatis (XceiverServerRatis.java:triggerPipelineClose(575)) - pipeline Action CLOSE  on pipeline PipelineID=565851af-39e5-4a90-88c0-0b3452d6d747.Reason : 72845ddd-7944-416b-9dd2-35fcccd22f3d has not seen follower/s 76e9ed70-2a32-4a64-9388-b77e9aa6f857 for 180600ms f1727f7a-dfce-47cb-9d44-d863f6c274c0 for 180600ms
2019-09-17 06:10:33,735 [76e9ed70-2a32-4a64-9388-b77e9aa6f857@group-0B3452D6D747-SegmentedRaftLogWorker] WARN  segmented.SegmentedRaftLogWorker (SegmentedRaftLogWorker.java:getFromFuture(90)) - Timeout 17/~
org.apache.ratis.protocol.TimeoutIOException: Timeout 10s: WriteLog:7: (t:1, i:7), STATEMACHINELOGENTRY, client-9AF48D7A035B, cid=50-writeStateMachineData
	at org.apache.ratis.util.IOUtils.getFromFuture(IOUtils.java:87)
	at org.apache.ratis.server.raftlog.segmented.SegmentedRaftLogWorker$StateMachineDataPolicy.getFromFuture(SegmentedRaftLogWorker.java:87)
	at org.apache.ratis.server.raftlog.segmented.SegmentedRaftLogWorker$WriteLog.execute(SegmentedRaftLogWorker.java:477)
	at org.apache.ratis.server.raftlog.segmented.SegmentedRaftLogWorker.run(SegmentedRaftLogWorker.java:289)
	at java.lang.Thread.run(Thread.java:748)
Caused by: java.util.concurrent.TimeoutException
	at java.util.concurrent.CompletableFuture.timedGet(CompletableFuture.java:1771)
	at java.util.concurrent.CompletableFuture.get(CompletableFuture.java:1915)
	at org.apache.ratis.util.IOUtils.getFromFuture(IOUtils.java:79)
	... 4 more
2019-09-17 06:10:33,776 [f1727f7a-dfce-47cb-9d44-d863f6c274c0@group-0B3452D6D747-SegmentedRaftLogWorker] WARN  segmented.SegmentedRaftLogWorker (SegmentedRaftLogWorker.java:getFromFuture(90)) - Timeout 17/~
org.apache.ratis.protocol.TimeoutIOException: Timeout 10s: WriteLog:7: (t:1, i:7), STATEMACHINELOGENTRY, client-9AF48D7A035B, cid=50-writeStateMachineData
	at org.apache.ratis.util.IOUtils.getFromFuture(IOUtils.java:87)
	at org.apache.ratis.server.raftlog.segmented.SegmentedRaftLogWorker$StateMachineDataPolicy.getFromFuture(SegmentedRaftLogWorker.java:87)
	at org.apache.ratis.server.raftlog.segmented.SegmentedRaftLogWorker$WriteLog.execute(SegmentedRaftLogWorker.java:477)
	at org.apache.ratis.server.raftlog.segmented.SegmentedRaftLogWorker.run(SegmentedRaftLogWorker.java:289)
	at java.lang.Thread.run(Thread.java:748)
Caused by: java.util.concurrent.TimeoutException
	at java.util.concurrent.CompletableFuture.timedGet(CompletableFuture.java:1771)
	at java.util.concurrent.CompletableFuture.get(CompletableFuture.java:1915)
	at org.apache.ratis.util.IOUtils.getFromFuture(IOUtils.java:79)
	... 4 more
2019-09-17 06:10:33,852 [72845ddd-7944-416b-9dd2-35fcccd22f3d@group-0B3452D6D747-SegmentedRaftLogWorker] WARN  segmented.SegmentedRaftLogWorker (SegmentedRaftLogWorker.java:getFromFuture(90)) - Timeout 17/~
org.apache.ratis.protocol.TimeoutIOException: Timeout 10s: WriteLog:8: (t:1, i:8), STATEMACHINELOGENTRY, client-9AF48D7A035B, cid=51-writeStateMachineData
	at org.apache.ratis.util.IOUtils.getFromFuture(IOUtils.java:87)
	at org.apache.ratis.server.raftlog.segmented.SegmentedRaftLogWorker$StateMachineDataPolicy.getFromFuture(SegmentedRaftLogWorker.java:87)
	at org.apache.ratis.server.raftlog.segmented.SegmentedRaftLogWorker$WriteLog.execute(SegmentedRaftLogWorker.java:477)
	at org.apache.ratis.server.raftlog.segmented.SegmentedRaftLogWorker.run(SegmentedRaftLogWorker.java:289)
	at java.lang.Thread.run(Thread.java:748)
Caused by: java.util.concurrent.TimeoutException
	at java.util.concurrent.CompletableFuture.timedGet(CompletableFuture.java:1771)
	at java.util.concurrent.CompletableFuture.get(CompletableFuture.java:1915)
	at org.apache.ratis.util.IOUtils.getFromFuture(IOUtils.java:79)
	... 4 more
2019-09-17 06:10:33,924 [EventQueue-PipelineActionsForPipelineActionHandler] ERROR pipeline.PipelineActionHandler (PipelineActionHandler.java:onMessage(60)) - Received pipeline action CLOSE for Pipeline[ Id: 565851af-39e5-4a90-88c0-0b3452d6d747, Nodes: 72845ddd-7944-416b-9dd2-35fcccd22f3d{ip: 192.168.69.122, host: trunk-nightly-20190917-29l5j-2509219610, networkLocation: /default-rack, certSerialId: null}76e9ed70-2a32-4a64-9388-b77e9aa6f857{ip: 192.168.69.122, host: trunk-nightly-20190917-29l5j-2509219610, networkLocation: /default-rack, certSerialId: null}f1727f7a-dfce-47cb-9d44-d863f6c274c0{ip: 192.168.69.122, host: trunk-nightly-20190917-29l5j-2509219610, networkLocation: /default-rack, certSerialId: null}, Type:RATIS, Factor:THREE, State:CLOSED] from datanode 72845ddd-7944-416b-9dd2-35fcccd22f3d{ip: 192.168.69.122, host: trunk-nightly-20190917-29l5j-2509219610, networkLocation: /default-rack, certSerialId: null}. Reason : 72845ddd-7944-416b-9dd2-35fcccd22f3d has not seen follower/s 76e9ed70-2a32-4a64-9388-b77e9aa6f857 for 180600ms f1727f7a-dfce-47cb-9d44-d863f6c274c0 for 180600ms
2019-09-17 06:10:33,924 [EventQueue-PipelineActionsForPipelineActionHandler] INFO  pipeline.SCMPipelineManager (SCMPipelineManager.java:finalizeAndDestroyPipeline(311)) - destroying pipeline:Pipeline[ Id: 565851af-39e5-4a90-88c0-0b3452d6d747, Nodes: 72845ddd-7944-416b-9dd2-35fcccd22f3d{ip: 192.168.69.122, host: trunk-nightly-20190917-29l5j-2509219610, networkLocation: /default-rack, certSerialId: null}76e9ed70-2a32-4a64-9388-b77e9aa6f857{ip: 192.168.69.122, host: trunk-nightly-20190917-29l5j-2509219610, networkLocation: /default-rack, certSerialId: null}f1727f7a-dfce-47cb-9d44-d863f6c274c0{ip: 192.168.69.122, host: trunk-nightly-20190917-29l5j-2509219610, networkLocation: /default-rack, certSerialId: null}, Type:RATIS, Factor:THREE, State:CLOSED]
2019-09-17 06:10:33,944 [java.util.concurrent.ThreadPoolExecutor$Worker@550fe58d[State = -1, empty queue]] WARN  server.GrpcLogAppender (GrpcLogAppender.java:timeoutAppendRequest(200)) - 72845ddd-7944-416b-9dd2-35fcccd22f3d@group-0B3452D6D747->f1727f7a-dfce-47cb-9d44-d863f6c274c0-GrpcLogAppender: appendEntries Timeout, request=72845ddd-7944-416b-9dd2-35fcccd22f3d->f1727f7a-dfce-47cb-9d44-d863f6c274c0#84-t1, previous=(t:1, i:13), leaderCommit=6, initializing? false, entries: <empty>
2019-09-17 06:10:33,944 [java.util.concurrent.ThreadPoolExecutor$Worker@7e25380e[State = -1, empty queue]] WARN  server.GrpcLogAppender (GrpcLogAppender.java:timeoutAppendRequest(200)) - 72845ddd-7944-416b-9dd2-35fcccd22f3d@group-0B3452D6D747->76e9ed70-2a32-4a64-9388-b77e9aa6f857-GrpcLogAppender: appendEntries Timeout, request=72845ddd-7944-416b-9dd2-35fcccd22f3d->76e9ed70-2a32-4a64-9388-b77e9aa6f857#84-t1, previous=(t:1, i:13), leaderCommit=6, initializing? false, entries: <empty>
2019-09-17 06:10:35,597 [grpc-default-executor-0] INFO  client.GrpcClientProtocolClient (GrpcClientProtocolClient.java:onNext(264)) - client-9AF48D7A035B->76e9ed70-2a32-4a64-9388-b77e9aa6f857: receive RaftClientReply:client-9AF48D7A035B->76e9ed70-2a32-4a64-9388-b77e9aa6f857@group-0B3452D6D747, cid=50, FAILED org.apache.ratis.protocol.NotLeaderException: Server 76e9ed70-2a32-4a64-9388-b77e9aa6f857@group-0B3452D6D747 is not the leader 72845ddd-7944-416b-9dd2-35fcccd22f3d:192.168.69.122:41609, logIndex=0, commits[76e9ed70-2a32-4a64-9388-b77e9aa6f857:c6, f1727f7a-dfce-47cb-9d44-d863f6c274c0:c4, 72845ddd-7944-416b-9dd2-35fcccd22f3d:c6]
2019-09-17 06:10:35,947 [org.apache.ratis.server.impl.LogAppender$AppenderDaemon$$Lambda$505/2035288324@7fd66d5a] ERROR ratis.XceiverServerRatis (XceiverServerRatis.java:triggerPipelineClose(575)) - pipeline Action CLOSE  on pipeline PipelineID=565851af-39e5-4a90-88c0-0b3452d6d747.Reason : 72845ddd-7944-416b-9dd2-35fcccd22f3d has not seen follower/s 76e9ed70-2a32-4a64-9388-b77e9aa6f857 for 183101ms f1727f7a-dfce-47cb-9d44-d863f6c274c0 for 183101ms
2019-09-17 06:10:35,947 [org.apache.ratis.server.impl.LogAppender$AppenderDaemon$$Lambda$505/2035288324@2b56199b] ERROR ratis.XceiverServerRatis (XceiverServerRatis.java:triggerPipelineClose(575)) - pipeline Action CLOSE  on pipeline PipelineID=565851af-39e5-4a90-88c0-0b3452d6d747.Reason : 72845ddd-7944-416b-9dd2-35fcccd22f3d has not seen follower/s 76e9ed70-2a32-4a64-9388-b77e9aa6f857 for 183101ms f1727f7a-dfce-47cb-9d44-d863f6c274c0 for 183101ms
2019-09-17 06:10:36,445 [java.util.concurrent.ThreadPoolExecutor$Worker@550fe58d[State = -1, empty queue]] WARN  server.GrpcLogAppender (GrpcLogAppender.java:timeoutAppendRequest(200)) - 72845ddd-7944-416b-9dd2-35fcccd22f3d@group-0B3452D6D747->f1727f7a-dfce-47cb-9d44-d863f6c274c0-GrpcLogAppender: appendEntries Timeout, request=72845ddd-7944-416b-9dd2-35fcccd22f3d->f1727f7a-dfce-47cb-9d44-d863f6c274c0#85-t1, previous=(t:1, i:13), leaderCommit=6, initializing? false, entries: <empty>
2019-09-17 06:10:36,445 [java.util.concurrent.ThreadPoolExecutor$Worker@7e25380e[State = -1, empty queue]] WARN  server.GrpcLogAppender (GrpcLogAppender.java:timeoutAppendRequest(200)) - 72845ddd-7944-416b-9dd2-35fcccd22f3d@group-0B3452D6D747->76e9ed70-2a32-4a64-9388-b77e9aa6f857-GrpcLogAppender: appendEntries Timeout, request=72845ddd-7944-416b-9dd2-35fcccd22f3d->76e9ed70-2a32-4a64-9388-b77e9aa6f857#85-t1, previous=(t:1, i:13), leaderCommit=6, initializing? false, entries: <empty>
2019-09-17 06:10:36,924 [EventQueue-PipelineActionsForPipelineActionHandler] ERROR pipeline.PipelineActionHandler (PipelineActionHandler.java:onMessage(60)) - Received pipeline action CLOSE for Pipeline[ Id: 565851af-39e5-4a90-88c0-0b3452d6d747, Nodes: 72845ddd-7944-416b-9dd2-35fcccd22f3d{ip: 192.168.69.122, host: trunk-nightly-20190917-29l5j-2509219610, networkLocation: /default-rack, certSerialId: null}76e9ed70-2a32-4a64-9388-b77e9aa6f857{ip: 192.168.69.122, host: trunk-nightly-20190917-29l5j-2509219610, networkLocation: /default-rack, certSerialId: null}f1727f7a-dfce-47cb-9d44-d863f6c274c0{ip: 192.168.69.122, host: trunk-nightly-20190917-29l5j-2509219610, networkLocation: /default-rack, certSerialId: null}, Type:RATIS, Factor:THREE, State:CLOSED] from datanode 72845ddd-7944-416b-9dd2-35fcccd22f3d{ip: 192.168.69.122, host: trunk-nightly-20190917-29l5j-2509219610, networkLocation: /default-rack, certSerialId: null}. Reason : 72845ddd-7944-416b-9dd2-35fcccd22f3d has not seen follower/s 76e9ed70-2a32-4a64-9388-b77e9aa6f857 for 183101ms f1727f7a-dfce-47cb-9d44-d863f6c274c0 for 183101ms
2019-09-17 06:10:36,924 [EventQueue-PipelineActionsForPipelineActionHandler] INFO  pipeline.SCMPipelineManager (SCMPipelineManager.java:finalizeAndDestroyPipeline(311)) - destroying pipeline:Pipeline[ Id: 565851af-39e5-4a90-88c0-0b3452d6d747, Nodes: 72845ddd-7944-416b-9dd2-35fcccd22f3d{ip: 192.168.69.122, host: trunk-nightly-20190917-29l5j-2509219610, networkLocation: /default-rack, certSerialId: null}76e9ed70-2a32-4a64-9388-b77e9aa6f857{ip: 192.168.69.122, host: trunk-nightly-20190917-29l5j-2509219610, networkLocation: /default-rack, certSerialId: null}f1727f7a-dfce-47cb-9d44-d863f6c274c0{ip: 192.168.69.122, host: trunk-nightly-20190917-29l5j-2509219610, networkLocation: /default-rack, certSerialId: null}, Type:RATIS, Factor:THREE, State:CLOSED]
2019-09-17 06:10:38,449 [org.apache.ratis.server.impl.LogAppender$AppenderDaemon$$Lambda$505/2035288324@7fd66d5a] ERROR ratis.XceiverServerRatis (XceiverServerRatis.java:triggerPipelineClose(575)) - pipeline Action CLOSE  on pipeline PipelineID=565851af-39e5-4a90-88c0-0b3452d6d747.Reason : 72845ddd-7944-416b-9dd2-35fcccd22f3d has not seen follower/s 76e9ed70-2a32-4a64-9388-b77e9aa6f857 for 185603ms f1727f7a-dfce-47cb-9d44-d863f6c274c0 for 185603ms
2019-09-17 06:10:38,449 [org.apache.ratis.server.impl.LogAppender$AppenderDaemon$$Lambda$505/2035288324@2b56199b] ERROR ratis.XceiverServerRatis (XceiverServerRatis.java:triggerPipelineClose(575)) - pipeline Action CLOSE  on pipeline PipelineID=565851af-39e5-4a90-88c0-0b3452d6d747.Reason : 72845ddd-7944-416b-9dd2-35fcccd22f3d has not seen follower/s 76e9ed70-2a32-4a64-9388-b77e9aa6f857 for 185603ms f1727f7a-dfce-47cb-9d44-d863f6c274c0 for 185603ms
2019-09-17 06:10:38,924 [EventQueue-PipelineActionsForPipelineActionHandler] ERROR pipeline.PipelineActionHandler (PipelineActionHandler.java:onMessage(60)) - Received pipeline action CLOSE for Pipeline[ Id: 565851af-39e5-4a90-88c0-0b3452d6d747, Nodes: 72845ddd-7944-416b-9dd2-35fcccd22f3d{ip: 192.168.69.122, host: trunk-nightly-20190917-29l5j-2509219610, networkLocation: /default-rack, certSerialId: null}76e9ed70-2a32-4a64-9388-b77e9aa6f857{ip: 192.168.69.122, host: trunk-nightly-20190917-29l5j-2509219610, networkLocation: /default-rack, certSerialId: null}f1727f7a-dfce-47cb-9d44-d863f6c274c0{ip: 192.168.69.122, host: trunk-nightly-20190917-29l5j-2509219610, networkLocation: /default-rack, certSerialId: null}, Type:RATIS, Factor:THREE, State:CLOSED] from datanode 72845ddd-7944-416b-9dd2-35fcccd22f3d{ip: 192.168.69.122, host: trunk-nightly-20190917-29l5j-2509219610, networkLocation: /default-rack, certSerialId: null}. Reason : 72845ddd-7944-416b-9dd2-35fcccd22f3d has not seen follower/s 76e9ed70-2a32-4a64-9388-b77e9aa6f857 for 185603ms f1727f7a-dfce-47cb-9d44-d863f6c274c0 for 185603ms
2019-09-17 06:10:38,925 [EventQueue-PipelineActionsForPipelineActionHandler] INFO  pipeline.SCMPipelineManager (SCMPipelineManager.java:finalizeAndDestroyPipeline(311)) - destroying pipeline:Pipeline[ Id: 565851af-39e5-4a90-88c0-0b3452d6d747, Nodes: 72845ddd-7944-416b-9dd2-35fcccd22f3d{ip: 192.168.69.122, host: trunk-nightly-20190917-29l5j-2509219610, networkLocation: /default-rack, certSerialId: null}76e9ed70-2a32-4a64-9388-b77e9aa6f857{ip: 192.168.69.122, host: trunk-nightly-20190917-29l5j-2509219610, networkLocation: /default-rack, certSerialId: null}f1727f7a-dfce-47cb-9d44-d863f6c274c0{ip: 192.168.69.122, host: trunk-nightly-20190917-29l5j-2509219610, networkLocation: /default-rack, certSerialId: null}, Type:RATIS, Factor:THREE, State:CLOSED]
2019-09-17 06:10:38,947 [java.util.concurrent.ThreadPoolExecutor$Worker@550fe58d[State = -1, empty queue]] WARN  server.GrpcLogAppender (GrpcLogAppender.java:timeoutAppendRequest(200)) - 72845ddd-7944-416b-9dd2-35fcccd22f3d@group-0B3452D6D747->f1727f7a-dfce-47cb-9d44-d863f6c274c0-GrpcLogAppender: appendEntries Timeout, request=72845ddd-7944-416b-9dd2-35fcccd22f3d->f1727f7a-dfce-47cb-9d44-d863f6c274c0#86-t1, previous=(t:1, i:13), leaderCommit=6, initializing? false, entries: <empty>
2019-09-17 06:10:38,947 [java.util.concurrent.ThreadPoolExecutor$Worker@7e25380e[State = -1, empty queue]] WARN  server.GrpcLogAppender (GrpcLogAppender.java:timeoutAppendRequest(200)) - 72845ddd-7944-416b-9dd2-35fcccd22f3d@group-0B3452D6D747->76e9ed70-2a32-4a64-9388-b77e9aa6f857-GrpcLogAppender: appendEntries Timeout, request=72845ddd-7944-416b-9dd2-35fcccd22f3d->76e9ed70-2a32-4a64-9388-b77e9aa6f857#86-t1, previous=(t:1, i:13), leaderCommit=6, initializing? false, entries: <empty>
2019-09-17 06:10:39,899 [grpc-default-executor-5] INFO  impl.RaftServerProxy (RaftServerProxy.java:remove(95)) - 72845ddd-7944-416b-9dd2-35fcccd22f3d: remove    LEADER 72845ddd-7944-416b-9dd2-35fcccd22f3d@group-0B3452D6D747:t1, leader=72845ddd-7944-416b-9dd2-35fcccd22f3d, voted=72845ddd-7944-416b-9dd2-35fcccd22f3d, raftlog=72845ddd-7944-416b-9dd2-35fcccd22f3d@group-0B3452D6D747-SegmentedRaftLog:OPENED:c6,f6,i13, conf=0: [76e9ed70-2a32-4a64-9388-b77e9aa6f857:192.168.69.122:43336, f1727f7a-dfce-47cb-9d44-d863f6c274c0:192.168.69.122:33937, 72845ddd-7944-416b-9dd2-35fcccd22f3d:192.168.69.122:41609], old=null RUNNING
2019-09-17 06:10:39,900 [grpc-default-executor-5] INFO  impl.RaftServerImpl (RaftServerImpl.java:lambda$shutdown$3(251)) - 72845ddd-7944-416b-9dd2-35fcccd22f3d@group-0B3452D6D747: shutdown
2019-09-17 06:10:39,900 [grpc-default-executor-5] INFO  util.JmxRegister (JmxRegister.java:unregister(73)) - Successfully un-registered JMX Bean with object name Ratis:service=RaftServer,group=group-0B3452D6D747,id=72845ddd-7944-416b-9dd2-35fcccd22f3d
2019-09-17 06:10:39,901 [grpc-default-executor-5] INFO  impl.RoleInfo (RoleInfo.java:shutdownLeaderState(104)) - 72845ddd-7944-416b-9dd2-35fcccd22f3d: shutdown LeaderState
2019-09-17 06:10:39,906 [org.apache.ratis.server.impl.LogAppender$AppenderDaemon$$Lambda$505/2035288324@7fd66d5a] WARN  server.GrpcLogAppender (GrpcLogAppender.java:mayWait(143)) - 72845ddd-7944-416b-9dd2-35fcccd22f3d@group-0B3452D6D747->76e9ed70-2a32-4a64-9388-b77e9aa6f857-GrpcLogAppender: Wait interrupted by java.lang.InterruptedException
2019-09-17 06:10:39,909 [org.apache.ratis.server.impl.LogAppender$AppenderDaemon$$Lambda$505/2035288324@2b56199b] WARN  server.GrpcLogAppender (GrpcLogAppender.java:mayWait(143)) - 72845ddd-7944-416b-9dd2-35fcccd22f3d@group-0B3452D6D747->f1727f7a-dfce-47cb-9d44-d863f6c274c0-GrpcLogAppender: Wait interrupted by java.lang.InterruptedException
2019-09-17 06:10:39,906 [grpc-default-executor-5] INFO  impl.PendingRequests (PendingRequests.java:sendNotLeaderResponses(202)) - 72845ddd-7944-416b-9dd2-35fcccd22f3d-PendingRequests: sendNotLeaderResponses
2019-09-17 06:10:39,909 [grpc-default-executor-0] INFO  server.GrpcServerProtocolService (GrpcServerProtocolService.java:onCompleted(113)) - 76e9ed70-2a32-4a64-9388-b77e9aa6f857: Completed APPEND_ENTRIES, lastRequest: 72845ddd-7944-416b-9dd2-35fcccd22f3d->76e9ed70-2a32-4a64-9388-b77e9aa6f857#87-t1, previous=(t:1, i:13), leaderCommit=6, initializing? false, entries: <empty>
2019-09-17 06:10:39,909 [grpc-default-executor-1] INFO  server.GrpcServerProtocolService (GrpcServerProtocolService.java:onCompleted(113)) - f1727f7a-dfce-47cb-9d44-d863f6c274c0: Completed APPEND_ENTRIES, lastRequest: 72845ddd-7944-416b-9dd2-35fcccd22f3d->f1727f7a-dfce-47cb-9d44-d863f6c274c0#87-t1, previous=(t:1, i:13), leaderCommit=6, initializing? false, entries: <empty>
2019-09-17 06:10:39,910 [grpc-default-executor-0] INFO  server.GrpcLogAppender (GrpcLogAppender.java:onCompleted(293)) - 72845ddd-7944-416b-9dd2-35fcccd22f3d@group-0B3452D6D747->f1727f7a-dfce-47cb-9d44-d863f6c274c0-AppendLogResponseHandler: follower responses appendEntries COMPLETED
2019-09-17 06:10:39,910 [grpc-default-executor-1] INFO  server.GrpcLogAppender (GrpcLogAppender.java:onCompleted(293)) - 72845ddd-7944-416b-9dd2-35fcccd22f3d@group-0B3452D6D747->76e9ed70-2a32-4a64-9388-b77e9aa6f857-AppendLogResponseHandler: follower responses appendEntries COMPLETED
2019-09-17 06:10:39,911 [grpc-default-executor-1] INFO  impl.FollowerInfo (FollowerInfo.java:lambda$new$0(51)) - 72845ddd-7944-416b-9dd2-35fcccd22f3d@group-0B3452D6D747->76e9ed70-2a32-4a64-9388-b77e9aa6f857: nextIndex: updateUnconditionally 14 -> 7
2019-09-17 06:10:39,916 [72845ddd-7944-416b-9dd2-35fcccd22f3d@group-0B3452D6D747-StateMachineUpdater] INFO  ratis.ContainerStateMachine (ContainerStateMachine.java:takeSnapshot(289)) - group-0B3452D6D747: Taking a snapshot at:(t:1, i:6) file /workdir/hadoop-ozone/integration-test/target/test-dir/MiniOzoneClusterImpl-75dfc597-4d0a-4fc3-997c-bd58322963d8/datanode-2/data/ratis/565851af-39e5-4a90-88c0-0b3452d6d747/sm/snapshot.1_6
2019-09-17 06:10:39,916 [grpc-default-executor-5] INFO  impl.StateMachineUpdater (StateMachineUpdater.java:stopAndJoin(125)) - 72845ddd-7944-416b-9dd2-35fcccd22f3d@group-0B3452D6D747-StateMachineUpdater: set stopIndex = 6
2019-09-17 06:10:39,911 [grpc-default-executor-0] INFO  impl.FollowerInfo (FollowerInfo.java:lambda$new$0(51)) - 72845ddd-7944-416b-9dd2-35fcccd22f3d@group-0B3452D6D747->f1727f7a-dfce-47cb-9d44-d863f6c274c0: nextIndex: updateUnconditionally 14 -> 7
2019-09-17 06:10:39,921 [grpc-default-executor-9] WARN  server.GrpcServerProtocolService (LogUtils.java:warn(134)) - f1727f7a-dfce-47cb-9d44-d863f6c274c0: installSnapshot onError, lastRequest: 72845ddd-7944-416b-9dd2-35fcccd22f3d->f1727f7a-dfce-47cb-9d44-d863f6c274c0#9-t1, previous=(t:1, i:0), leaderCommit=0, initializing? false, entries: <empty>: org.apache.ratis.thirdparty.io.grpc.StatusRuntimeException: CANCELLED: cancelled before receiving half close
2019-09-17 06:10:39,921 [grpc-default-executor-7] WARN  server.GrpcLogAppender (LogUtils.java:warn(134)) - 72845ddd-7944-416b-9dd2-35fcccd22f3d@group-D4E7BC6CD8BE->76e9ed70-2a32-4a64-9388-b77e9aa6f857-AppendLogResponseHandler: Failed appendEntries: org.apache.ratis.thirdparty.io.grpc.StatusRuntimeException: UNAVAILABLE: Channel shutdownNow invoked
2019-09-17 06:10:39,921 [grpc-default-executor-8] WARN  server.GrpcServerProtocolService (LogUtils.java:warn(134)) - 76e9ed70-2a32-4a64-9388-b77e9aa6f857: installSnapshot onError, lastRequest: 72845ddd-7944-416b-9dd2-35fcccd22f3d->76e9ed70-2a32-4a64-9388-b77e9aa6f857#9-t1, previous=(t:1, i:0), leaderCommit=0, initializing? false, entries: <empty>: org.apache.ratis.thirdparty.io.grpc.StatusRuntimeException: CANCELLED: cancelled before receiving half close
2019-09-17 06:10:39,921 [grpc-default-executor-6] WARN  server.GrpcLogAppender (LogUtils.java:warn(134)) - 72845ddd-7944-416b-9dd2-35fcccd22f3d@group-D4E7BC6CD8BE->f1727f7a-dfce-47cb-9d44-d863f6c274c0-AppendLogResponseHandler: Failed appendEntries: org.apache.ratis.thirdparty.io.grpc.StatusRuntimeException: UNAVAILABLE: Channel shutdownNow invoked
2019-09-17 06:10:39,921 [grpc-default-executor-7] INFO  impl.FollowerInfo (FollowerInfo.java:lambda$new$0(51)) - 72845ddd-7944-416b-9dd2-35fcccd22f3d@group-D4E7BC6CD8BE->76e9ed70-2a32-4a64-9388-b77e9aa6f857: nextIndex: updateUnconditionally 1 -> 0
2019-09-17 06:10:39,922 [grpc-default-executor-6] INFO  impl.FollowerInfo (FollowerInfo.java:lambda$new$0(51)) - 72845ddd-7944-416b-9dd2-35fcccd22f3d@group-D4E7BC6CD8BE->f1727f7a-dfce-47cb-9d44-d863f6c274c0: nextIndex: updateUnconditionally 1 -> 0
2019-09-17 06:10:39,942 [72845ddd-7944-416b-9dd2-35fcccd22f3d@group-0B3452D6D747-StateMachineUpdater] INFO  ratis.ContainerStateMachine (ContainerStateMachine.java:takeSnapshot(300)) - group-0B3452D6D747: Finished taking a snapshot at:(t:1, i:6) file:/workdir/hadoop-ozone/integration-test/target/test-dir/MiniOzoneClusterImpl-75dfc597-4d0a-4fc3-997c-bd58322963d8/datanode-2/data/ratis/565851af-39e5-4a90-88c0-0b3452d6d747/sm/snapshot.1_6 time:26
2019-09-17 06:10:39,943 [72845ddd-7944-416b-9dd2-35fcccd22f3d@group-0B3452D6D747-StateMachineUpdater] INFO  impl.StateMachineUpdater (StateMachineUpdater.java:takeSnapshot(258)) - 72845ddd-7944-416b-9dd2-35fcccd22f3d@group-0B3452D6D747-StateMachineUpdater: Took a snapshot at index 6
2019-09-17 06:10:39,943 [72845ddd-7944-416b-9dd2-35fcccd22f3d@group-0B3452D6D747-StateMachineUpdater] INFO  impl.StateMachineUpdater (StateMachineUpdater.java:lambda$new$0(83)) - 72845ddd-7944-416b-9dd2-35fcccd22f3d@group-0B3452D6D747-StateMachineUpdater: snapshotIndex: updateIncreasingly -1 -> 6
2019-09-17 06:10:39,944 [grpc-default-executor-5] INFO  impl.RaftServerImpl (ServerState.java:close(385)) - 72845ddd-7944-416b-9dd2-35fcccd22f3d@group-0B3452D6D747: closes. applyIndex: 6
2019-09-17 06:10:39,943 [Command processor thread] ERROR commandhandler.CloseContainerCommandHandler (CloseContainerCommandHandler.java:handle(125)) - Can't close container #7
java.io.IOException: org.apache.ratis.protocol.GroupMismatchException: 72845ddd-7944-416b-9dd2-35fcccd22f3d: group-0B3452D6D747 not found.
	at org.apache.hadoop.ozone.container.common.transport.server.ratis.XceiverServerRatis.submitRequest(XceiverServerRatis.java:502)
	at org.apache.hadoop.ozone.container.common.statemachine.commandhandler.CloseContainerCommandHandler.handle(CloseContainerCommandHandler.java:102)
	at org.apache.hadoop.ozone.container.common.statemachine.commandhandler.CommandDispatcher.handle(CommandDispatcher.java:99)
	at org.apache.hadoop.ozone.container.common.statemachine.DatanodeStateMachine.lambda$initCommandHandlerThread$1(DatanodeStateMachine.java:432)
	at java.lang.Thread.run(Thread.java:748)
Caused by: java.util.concurrent.ExecutionException: org.apache.ratis.protocol.GroupMismatchException: 72845ddd-7944-416b-9dd2-35fcccd22f3d: group-0B3452D6D747 not found.
	at java.util.concurrent.CompletableFuture.reportGet(CompletableFuture.java:357)
	at java.util.concurrent.CompletableFuture.get(CompletableFuture.java:1895)
	at org.apache.hadoop.ozone.container.common.transport.server.ratis.XceiverServerRatis.submitRequest(XceiverServerRatis.java:500)
	... 4 more
Caused by: org.apache.ratis.protocol.GroupMismatchException: 72845ddd-7944-416b-9dd2-35fcccd22f3d: group-0B3452D6D747 not found.
	at org.apache.ratis.server.impl.RaftServerProxy$ImplMap.get(RaftServerProxy.java:122)
	at org.apache.ratis.server.impl.RaftServerProxy.getImplFuture(RaftServerProxy.java:269)
	at org.apache.ratis.server.impl.RaftServerProxy.submitRequest(RaftServerProxy.java:327)
	at org.apache.ratis.server.impl.RaftServerProxy.submitClientRequestAsync(RaftServerProxy.java:333)
	... 5 more
2019-09-17 06:10:39,947 [72845ddd-7944-416b-9dd2-35fcccd22f3d@group-0B3452D6D747-SegmentedRaftLogWorker] ERROR ratis.XceiverServerRatis (XceiverServerRatis.java:triggerPipelineClose(575)) - pipeline Action CLOSE  on pipeline PipelineID=565851af-39e5-4a90-88c0-0b3452d6d747.Reason : WriteLog:8: (t:1, i:8), STATEMACHINELOGENTRY, client-9AF48D7A035B, cid=51-writeStateMachineData interrupted.
2019-09-17 06:10:39,950 [EventQueue-PipelineActionsForPipelineActionHandler] ERROR pipeline.PipelineActionHandler (PipelineActionHandler.java:onMessage(60)) - Received pipeline action CLOSE for Pipeline[ Id: 565851af-39e5-4a90-88c0-0b3452d6d747, Nodes: 72845ddd-7944-416b-9dd2-35fcccd22f3d{ip: 192.168.69.122, host: trunk-nightly-20190917-29l5j-2509219610, networkLocation: /default-rack, certSerialId: null}76e9ed70-2a32-4a64-9388-b77e9aa6f857{ip: 192.168.69.122, host: trunk-nightly-20190917-29l5j-2509219610, networkLocation: /default-rack, certSerialId: null}f1727f7a-dfce-47cb-9d44-d863f6c274c0{ip: 192.168.69.122, host: trunk-nightly-20190917-29l5j-2509219610, networkLocation: /default-rack, certSerialId: null}, Type:RATIS, Factor:THREE, State:CLOSED] from datanode 72845ddd-7944-416b-9dd2-35fcccd22f3d{ip: 192.168.69.122, host: trunk-nightly-20190917-29l5j-2509219610, networkLocation: /default-rack, certSerialId: null}. Reason : WriteLog:8: (t:1, i:8), STATEMACHINELOGENTRY, client-9AF48D7A035B, cid=51-writeStateMachineData interrupted.
2019-09-17 06:10:39,951 [EventQueue-PipelineActionsForPipelineActionHandler] INFO  pipeline.SCMPipelineManager (SCMPipelineManager.java:finalizeAndDestroyPipeline(311)) - destroying pipeline:Pipeline[ Id: 565851af-39e5-4a90-88c0-0b3452d6d747, Nodes: 72845ddd-7944-416b-9dd2-35fcccd22f3d{ip: 192.168.69.122, host: trunk-nightly-20190917-29l5j-2509219610, networkLocation: /default-rack, certSerialId: null}76e9ed70-2a32-4a64-9388-b77e9aa6f857{ip: 192.168.69.122, host: trunk-nightly-20190917-29l5j-2509219610, networkLocation: /default-rack, certSerialId: null}f1727f7a-dfce-47cb-9d44-d863f6c274c0{ip: 192.168.69.122, host: trunk-nightly-20190917-29l5j-2509219610, networkLocation: /default-rack, certSerialId: null}, Type:RATIS, Factor:THREE, State:CLOSED]
2019-09-17 06:10:39,961 [grpc-default-executor-5] INFO  segmented.SegmentedRaftLogWorker (SegmentedRaftLogWorker.java:close(228)) - 72845ddd-7944-416b-9dd2-35fcccd22f3d@group-0B3452D6D747-SegmentedRaftLogWorker close()
2019-09-17 06:10:39,979 [grpc-default-executor-5] INFO  interfaces.Container (KeyValueContainer.java:flushAndSyncDB(386)) - Container 4 is synced with bcsId 4.
2019-09-17 06:10:39,979 [grpc-default-executor-5] INFO  interfaces.Container (KeyValueContainer.java:flushAndSyncDB(386)) - Container 4 is synced with bcsId 4.
2019-09-17 06:10:39,994 [EventQueue-IncrementalContainerReportForIncrementalContainerReportHandler] INFO  container.IncrementalContainerReportHandler (AbstractContainerReportHandler.java:updateContainerState(169)) - Moving container #4 to QUASI_CLOSED state, datanode 72845ddd-7944-416b-9dd2-35fcccd22f3d{ip: 192.168.69.122, host: trunk-nightly-20190917-29l5j-2509219610, networkLocation: /default-rack, certSerialId: null} reported QUASI_CLOSED replica.
2019-09-17 06:10:40,058 [grpc-default-executor-5] INFO  interfaces.Container (KeyValueContainer.java:flushAndSyncDB(386)) - Container 7 is synced with bcsId 0.
2019-09-17 06:10:40,059 [grpc-default-executor-5] INFO  interfaces.Container (KeyValueContainer.java:flushAndSyncDB(386)) - Container 7 is synced with bcsId 0.
2019-09-17 06:10:40,065 [EventQueue-IncrementalContainerReportForIncrementalContainerReportHandler] INFO  container.IncrementalContainerReportHandler (AbstractContainerReportHandler.java:updateContainerState(169)) - Moving container #7 to QUASI_CLOSED state, datanode 72845ddd-7944-416b-9dd2-35fcccd22f3d{ip: 192.168.69.122, host: trunk-nightly-20190917-29l5j-2509219610, networkLocation: /default-rack, certSerialId: null} reported QUASI_CLOSED replica.
2019-09-17 06:10:40,071 [grpc-default-executor-5] INFO  impl.RaftServerProxy (RaftServerProxy.java:remove(95)) - 76e9ed70-2a32-4a64-9388-b77e9aa6f857: remove  FOLLOWER 76e9ed70-2a32-4a64-9388-b77e9aa6f857@group-0B3452D6D747:t1, leader=72845ddd-7944-416b-9dd2-35fcccd22f3d, voted=72845ddd-7944-416b-9dd2-35fcccd22f3d, raftlog=76e9ed70-2a32-4a64-9388-b77e9aa6f857@group-0B3452D6D747-SegmentedRaftLog:OPENED:c6,f6,i13, conf=0: [76e9ed70-2a32-4a64-9388-b77e9aa6f857:192.168.69.122:43336, f1727f7a-dfce-47cb-9d44-d863f6c274c0:192.168.69.122:33937, 72845ddd-7944-416b-9dd2-35fcccd22f3d:192.168.69.122:41609], old=null RUNNING
2019-09-17 06:10:40,071 [grpc-default-executor-5] INFO  impl.RaftServerImpl (RaftServerImpl.java:lambda$shutdown$3(251)) - 76e9ed70-2a32-4a64-9388-b77e9aa6f857@group-0B3452D6D747: shutdown
2019-09-17 06:10:40,072 [grpc-default-executor-5] INFO  util.JmxRegister (JmxRegister.java:unregister(73)) - Successfully un-registered JMX Bean with object name Ratis:service=RaftServer,group=group-0B3452D6D747,id=76e9ed70-2a32-4a64-9388-b77e9aa6f857
2019-09-17 06:10:40,072 [grpc-default-executor-5] INFO  impl.RoleInfo (RoleInfo.java:shutdownFollowerState(121)) - 76e9ed70-2a32-4a64-9388-b77e9aa6f857: shutdown FollowerState
2019-09-17 06:10:40,072 [grpc-default-executor-5] INFO  impl.StateMachineUpdater (StateMachineUpdater.java:stopAndJoin(125)) - 76e9ed70-2a32-4a64-9388-b77e9aa6f857@group-0B3452D6D747-StateMachineUpdater: set stopIndex = 6
2019-09-17 06:10:40,072 [Thread-858] INFO  impl.FollowerState (FollowerState.java:run(115)) - 76e9ed70-2a32-4a64-9388-b77e9aa6f857: FollowerState was interrupted: java.lang.InterruptedException: sleep interrupted
2019-09-17 06:10:40,072 [76e9ed70-2a32-4a64-9388-b77e9aa6f857@group-0B3452D6D747-StateMachineUpdater] INFO  ratis.ContainerStateMachine (ContainerStateMachine.java:takeSnapshot(289)) - group-0B3452D6D747: Taking a snapshot at:(t:1, i:4) file /workdir/hadoop-ozone/integration-test/target/test-dir/MiniOzoneClusterImpl-75dfc597-4d0a-4fc3-997c-bd58322963d8/datanode-0/data/ratis/565851af-39e5-4a90-88c0-0b3452d6d747/sm/snapshot.1_4
2019-09-17 06:10:40,085 [76e9ed70-2a32-4a64-9388-b77e9aa6f857@group-0B3452D6D747-StateMachineUpdater] INFO  ratis.ContainerStateMachine (ContainerStateMachine.java:takeSnapshot(300)) - group-0B3452D6D747: Finished taking a snapshot at:(t:1, i:4) file:/workdir/hadoop-ozone/integration-test/target/test-dir/MiniOzoneClusterImpl-75dfc597-4d0a-4fc3-997c-bd58322963d8/datanode-0/data/ratis/565851af-39e5-4a90-88c0-0b3452d6d747/sm/snapshot.1_4 time:12
2019-09-17 06:10:40,085 [76e9ed70-2a32-4a64-9388-b77e9aa6f857@group-0B3452D6D747-StateMachineUpdater] INFO  impl.StateMachineUpdater (StateMachineUpdater.java:takeSnapshot(258)) - 76e9ed70-2a32-4a64-9388-b77e9aa6f857@group-0B3452D6D747-StateMachineUpdater: Took a snapshot at index 4
2019-09-17 06:10:40,085 [76e9ed70-2a32-4a64-9388-b77e9aa6f857@group-0B3452D6D747-StateMachineUpdater] INFO  impl.StateMachineUpdater (StateMachineUpdater.java:lambda$new$0(83)) - 76e9ed70-2a32-4a64-9388-b77e9aa6f857@group-0B3452D6D747-StateMachineUpdater: snapshotIndex: updateIncreasingly -1 -> 4
2019-09-17 06:10:40,086 [76e9ed70-2a32-4a64-9388-b77e9aa6f857@group-0B3452D6D747-StateMachineUpdater] INFO  ratis.ContainerStateMachine (ContainerStateMachine.java:takeSnapshot(289)) - group-0B3452D6D747: Taking a snapshot at:(t:1, i:4) file /workdir/hadoop-ozone/integration-test/target/test-dir/MiniOzoneClusterImpl-75dfc597-4d0a-4fc3-997c-bd58322963d8/datanode-0/data/ratis/565851af-39e5-4a90-88c0-0b3452d6d747/sm/snapshot.1_4
2019-09-17 06:10:40,096 [76e9ed70-2a32-4a64-9388-b77e9aa6f857@group-0B3452D6D747-StateMachineUpdater] INFO  ratis.ContainerStateMachine (ContainerStateMachine.java:takeSnapshot(300)) - group-0B3452D6D747: Finished taking a snapshot at:(t:1, i:4) file:/workdir/hadoop-ozone/integration-test/target/test-dir/MiniOzoneClusterImpl-75dfc597-4d0a-4fc3-997c-bd58322963d8/datanode-0/data/ratis/565851af-39e5-4a90-88c0-0b3452d6d747/sm/snapshot.1_4 time:11
2019-09-17 06:10:40,097 [76e9ed70-2a32-4a64-9388-b77e9aa6f857@group-0B3452D6D747-StateMachineUpdater] INFO  impl.StateMachineUpdater (StateMachineUpdater.java:takeSnapshot(258)) - 76e9ed70-2a32-4a64-9388-b77e9aa6f857@group-0B3452D6D747-StateMachineUpdater: Took a snapshot at index 4
2019-09-17 06:10:40,097 [76e9ed70-2a32-4a64-9388-b77e9aa6f857@group-0B3452D6D747-StateMachineUpdater] INFO  impl.StateMachineUpdater (StateMachineUpdater.java:lambda$new$0(83)) - 76e9ed70-2a32-4a64-9388-b77e9aa6f857@group-0B3452D6D747-StateMachineUpdater: snapshotIndex: updateIncreasingly 4 -> 4
2019-09-17 06:10:40,097 [grpc-default-executor-5] INFO  impl.RaftServerImpl (ServerState.java:close(385)) - 76e9ed70-2a32-4a64-9388-b77e9aa6f857@group-0B3452D6D747: closes. applyIndex: 6
2019-09-17 06:10:40,098 [76e9ed70-2a32-4a64-9388-b77e9aa6f857@group-0B3452D6D747-SegmentedRaftLogWorker] ERROR ratis.XceiverServerRatis (XceiverServerRatis.java:triggerPipelineClose(575)) - pipeline Action CLOSE  on pipeline PipelineID=565851af-39e5-4a90-88c0-0b3452d6d747.Reason : WriteLog:7: (t:1, i:7), STATEMACHINELOGENTRY, client-9AF48D7A035B, cid=50-writeStateMachineData interrupted.
2019-09-17 06:10:40,102 [grpc-default-executor-5] INFO  segmented.SegmentedRaftLogWorker (SegmentedRaftLogWorker.java:close(228)) - 76e9ed70-2a32-4a64-9388-b77e9aa6f857@group-0B3452D6D747-SegmentedRaftLogWorker close()
2019-09-17 06:10:40,107 [EventQueue-PipelineActionsForPipelineActionHandler] ERROR pipeline.PipelineActionHandler (PipelineActionHandler.java:onMessage(60)) - Received pipeline action CLOSE for Pipeline[ Id: 565851af-39e5-4a90-88c0-0b3452d6d747, Nodes: 72845ddd-7944-416b-9dd2-35fcccd22f3d{ip: 192.168.69.122, host: trunk-nightly-20190917-29l5j-2509219610, networkLocation: /default-rack, certSerialId: null}76e9ed70-2a32-4a64-9388-b77e9aa6f857{ip: 192.168.69.122, host: trunk-nightly-20190917-29l5j-2509219610, networkLocation: /default-rack, certSerialId: null}f1727f7a-dfce-47cb-9d44-d863f6c274c0{ip: 192.168.69.122, host: trunk-nightly-20190917-29l5j-2509219610, networkLocation: /default-rack, certSerialId: null}, Type:RATIS, Factor:THREE, State:CLOSED] from datanode 76e9ed70-2a32-4a64-9388-b77e9aa6f857{ip: 192.168.69.122, host: trunk-nightly-20190917-29l5j-2509219610, networkLocation: /default-rack, certSerialId: null}. Reason : WriteLog:7: (t:1, i:7), STATEMACHINELOGENTRY, client-9AF48D7A035B, cid=50-writeStateMachineData interrupted.
2019-09-17 06:10:40,107 [EventQueue-PipelineActionsForPipelineActionHandler] INFO  pipeline.SCMPipelineManager (SCMPipelineManager.java:finalizeAndDestroyPipeline(311)) - destroying pipeline:Pipeline[ Id: 565851af-39e5-4a90-88c0-0b3452d6d747, Nodes: 72845ddd-7944-416b-9dd2-35fcccd22f3d{ip: 192.168.69.122, host: trunk-nightly-20190917-29l5j-2509219610, networkLocation: /default-rack, certSerialId: null}76e9ed70-2a32-4a64-9388-b77e9aa6f857{ip: 192.168.69.122, host: trunk-nightly-20190917-29l5j-2509219610, networkLocation: /default-rack, certSerialId: null}f1727f7a-dfce-47cb-9d44-d863f6c274c0{ip: 192.168.69.122, host: trunk-nightly-20190917-29l5j-2509219610, networkLocation: /default-rack, certSerialId: null}, Type:RATIS, Factor:THREE, State:CLOSED]
2019-09-17 06:10:40,118 [grpc-default-executor-5] INFO  interfaces.Container (KeyValueContainer.java:flushAndSyncDB(386)) - Container 4 is synced with bcsId 4.
2019-09-17 06:10:40,118 [grpc-default-executor-5] INFO  interfaces.Container (KeyValueContainer.java:flushAndSyncDB(386)) - Container 4 is synced with bcsId 4.
2019-09-17 06:10:40,182 [grpc-default-executor-5] INFO  interfaces.Container (KeyValueContainer.java:flushAndSyncDB(386)) - Container 7 is synced with bcsId 0.
2019-09-17 06:10:40,182 [grpc-default-executor-5] INFO  interfaces.Container (KeyValueContainer.java:flushAndSyncDB(386)) - Container 7 is synced with bcsId 0.
2019-09-17 06:10:40,222 [grpc-default-executor-5] INFO  impl.RaftServerProxy (RaftServerProxy.java:remove(95)) - f1727f7a-dfce-47cb-9d44-d863f6c274c0: remove  FOLLOWER f1727f7a-dfce-47cb-9d44-d863f6c274c0@group-0B3452D6D747:t1, leader=72845ddd-7944-416b-9dd2-35fcccd22f3d, voted=72845ddd-7944-416b-9dd2-35fcccd22f3d, raftlog=f1727f7a-dfce-47cb-9d44-d863f6c274c0@group-0B3452D6D747-SegmentedRaftLog:OPENED:c6,f6,i13, conf=0: [76e9ed70-2a32-4a64-9388-b77e9aa6f857:192.168.69.122:43336, f1727f7a-dfce-47cb-9d44-d863f6c274c0:192.168.69.122:33937, 72845ddd-7944-416b-9dd2-35fcccd22f3d:192.168.69.122:41609], old=null RUNNING
2019-09-17 06:10:40,223 [grpc-default-executor-5] INFO  impl.RaftServerImpl (RaftServerImpl.java:lambda$shutdown$3(251)) - f1727f7a-dfce-47cb-9d44-d863f6c274c0@group-0B3452D6D747: shutdown
2019-09-17 06:10:40,223 [grpc-default-executor-5] INFO  util.JmxRegister (JmxRegister.java:unregister(73)) - Successfully un-registered JMX Bean with object name Ratis:service=RaftServer,group=group-0B3452D6D747,id=f1727f7a-dfce-47cb-9d44-d863f6c274c0
2019-09-17 06:10:40,223 [grpc-default-executor-5] INFO  impl.RoleInfo (RoleInfo.java:shutdownFollowerState(121)) - f1727f7a-dfce-47cb-9d44-d863f6c274c0: shutdown FollowerState
2019-09-17 06:10:40,223 [grpc-default-executor-5] INFO  impl.StateMachineUpdater (StateMachineUpdater.java:stopAndJoin(125)) - f1727f7a-dfce-47cb-9d44-d863f6c274c0@group-0B3452D6D747-StateMachineUpdater: set stopIndex = 6
2019-09-17 06:10:40,223 [f1727f7a-dfce-47cb-9d44-d863f6c274c0@group-0B3452D6D747-StateMachineUpdater] INFO  ratis.ContainerStateMachine (ContainerStateMachine.java:takeSnapshot(289)) - group-0B3452D6D747: Taking a snapshot at:(t:1, i:4) file /workdir/hadoop-ozone/integration-test/target/test-dir/MiniOzoneClusterImpl-75dfc597-4d0a-4fc3-997c-bd58322963d8/datanode-6/data/ratis/565851af-39e5-4a90-88c0-0b3452d6d747/sm/snapshot.1_4
2019-09-17 06:10:40,223 [Thread-859] INFO  impl.FollowerState (FollowerState.java:run(115)) - f1727f7a-dfce-47cb-9d44-d863f6c274c0: FollowerState was interrupted: java.lang.InterruptedException: sleep interrupted
2019-09-17 06:10:40,232 [f1727f7a-dfce-47cb-9d44-d863f6c274c0@group-0B3452D6D747-StateMachineUpdater] INFO  ratis.ContainerStateMachine (ContainerStateMachine.java:takeSnapshot(300)) - group-0B3452D6D747: Finished taking a snapshot at:(t:1, i:4) file:/workdir/hadoop-ozone/integration-test/target/test-dir/MiniOzoneClusterImpl-75dfc597-4d0a-4fc3-997c-bd58322963d8/datanode-6/data/ratis/565851af-39e5-4a90-88c0-0b3452d6d747/sm/snapshot.1_4 time:8
2019-09-17 06:10:40,232 [f1727f7a-dfce-47cb-9d44-d863f6c274c0@group-0B3452D6D747-StateMachineUpdater] INFO  impl.StateMachineUpdater (StateMachineUpdater.java:takeSnapshot(258)) - f1727f7a-dfce-47cb-9d44-d863f6c274c0@group-0B3452D6D747-StateMachineUpdater: Took a snapshot at index 4
2019-09-17 06:10:40,232 [f1727f7a-dfce-47cb-9d44-d863f6c274c0@group-0B3452D6D747-StateMachineUpdater] INFO  impl.StateMachineUpdater (StateMachineUpdater.java:lambda$new$0(83)) - f1727f7a-dfce-47cb-9d44-d863f6c274c0@group-0B3452D6D747-StateMachineUpdater: snapshotIndex: updateIncreasingly -1 -> 4
2019-09-17 06:10:40,232 [f1727f7a-dfce-47cb-9d44-d863f6c274c0@group-0B3452D6D747-StateMachineUpdater] INFO  ratis.ContainerStateMachine (ContainerStateMachine.java:takeSnapshot(289)) - group-0B3452D6D747: Taking a snapshot at:(t:1, i:4) file /workdir/hadoop-ozone/integration-test/target/test-dir/MiniOzoneClusterImpl-75dfc597-4d0a-4fc3-997c-bd58322963d8/datanode-6/data/ratis/565851af-39e5-4a90-88c0-0b3452d6d747/sm/snapshot.1_4
2019-09-17 06:10:40,245 [f1727f7a-dfce-47cb-9d44-d863f6c274c0@group-0B3452D6D747-StateMachineUpdater] INFO  ratis.ContainerStateMachine (ContainerStateMachine.java:takeSnapshot(300)) - group-0B3452D6D747: Finished taking a snapshot at:(t:1, i:4) file:/workdir/hadoop-ozone/integration-test/target/test-dir/MiniOzoneClusterImpl-75dfc597-4d0a-4fc3-997c-bd58322963d8/datanode-6/data/ratis/565851af-39e5-4a90-88c0-0b3452d6d747/sm/snapshot.1_4 time:12
2019-09-17 06:10:40,245 [f1727f7a-dfce-47cb-9d44-d863f6c274c0@group-0B3452D6D747-StateMachineUpdater] INFO  impl.StateMachineUpdater (StateMachineUpdater.java:takeSnapshot(258)) - f1727f7a-dfce-47cb-9d44-d863f6c274c0@group-0B3452D6D747-StateMachineUpdater: Took a snapshot at index 4
2019-09-17 06:10:40,245 [f1727f7a-dfce-47cb-9d44-d863f6c274c0@group-0B3452D6D747-StateMachineUpdater] INFO  impl.StateMachineUpdater (StateMachineUpdater.java:lambda$new$0(83)) - f1727f7a-dfce-47cb-9d44-d863f6c274c0@group-0B3452D6D747-StateMachineUpdater: snapshotIndex: updateIncreasingly 4 -> 4
2019-09-17 06:10:40,246 [grpc-default-executor-5] INFO  impl.RaftServerImpl (ServerState.java:close(385)) - f1727f7a-dfce-47cb-9d44-d863f6c274c0@group-0B3452D6D747: closes. applyIndex: 6
2019-09-17 06:10:40,246 [f1727f7a-dfce-47cb-9d44-d863f6c274c0@group-0B3452D6D747-SegmentedRaftLogWorker] ERROR ratis.XceiverServerRatis (XceiverServerRatis.java:triggerPipelineClose(575)) - pipeline Action CLOSE  on pipeline PipelineID=565851af-39e5-4a90-88c0-0b3452d6d747.Reason : WriteLog:7: (t:1, i:7), STATEMACHINELOGENTRY, client-9AF48D7A035B, cid=50-writeStateMachineData interrupted.
2019-09-17 06:10:40,251 [grpc-default-executor-5] INFO  segmented.SegmentedRaftLogWorker (SegmentedRaftLogWorker.java:close(228)) - f1727f7a-dfce-47cb-9d44-d863f6c274c0@group-0B3452D6D747-SegmentedRaftLogWorker close()
2019-09-17 06:10:40,256 [EventQueue-PipelineActionsForPipelineActionHandler] ERROR pipeline.PipelineActionHandler (PipelineActionHandler.java:onMessage(60)) - Received pipeline action CLOSE for Pipeline[ Id: 565851af-39e5-4a90-88c0-0b3452d6d747, Nodes: 72845ddd-7944-416b-9dd2-35fcccd22f3d{ip: 192.168.69.122, host: trunk-nightly-20190917-29l5j-2509219610, networkLocation: /default-rack, certSerialId: null}76e9ed70-2a32-4a64-9388-b77e9aa6f857{ip: 192.168.69.122, host: trunk-nightly-20190917-29l5j-2509219610, networkLocation: /default-rack, certSerialId: null}f1727f7a-dfce-47cb-9d44-d863f6c274c0{ip: 192.168.69.122, host: trunk-nightly-20190917-29l5j-2509219610, networkLocation: /default-rack, certSerialId: null}, Type:RATIS, Factor:THREE, State:CLOSED] from datanode f1727f7a-dfce-47cb-9d44-d863f6c274c0{ip: 192.168.69.122, host: trunk-nightly-20190917-29l5j-2509219610, networkLocation: /default-rack, certSerialId: null}. Reason : WriteLog:7: (t:1, i:7), STATEMACHINELOGENTRY, client-9AF48D7A035B, cid=50-writeStateMachineData interrupted.
2019-09-17 06:10:40,256 [EventQueue-PipelineActionsForPipelineActionHandler] INFO  pipeline.SCMPipelineManager (SCMPipelineManager.java:finalizeAndDestroyPipeline(311)) - destroying pipeline:Pipeline[ Id: 565851af-39e5-4a90-88c0-0b3452d6d747, Nodes: 72845ddd-7944-416b-9dd2-35fcccd22f3d{ip: 192.168.69.122, host: trunk-nightly-20190917-29l5j-2509219610, networkLocation: /default-rack, certSerialId: null}76e9ed70-2a32-4a64-9388-b77e9aa6f857{ip: 192.168.69.122, host: trunk-nightly-20190917-29l5j-2509219610, networkLocation: /default-rack, certSerialId: null}f1727f7a-dfce-47cb-9d44-d863f6c274c0{ip: 192.168.69.122, host: trunk-nightly-20190917-29l5j-2509219610, networkLocation: /default-rack, certSerialId: null}, Type:RATIS, Factor:THREE, State:CLOSED]
2019-09-17 06:10:40,268 [grpc-default-executor-5] INFO  interfaces.Container (KeyValueContainer.java:flushAndSyncDB(386)) - Container 4 is synced with bcsId 4.
2019-09-17 06:10:40,268 [grpc-default-executor-5] INFO  interfaces.Container (KeyValueContainer.java:flushAndSyncDB(386)) - Container 4 is synced with bcsId 4.
2019-09-17 06:10:40,345 [grpc-default-executor-5] INFO  interfaces.Container (KeyValueContainer.java:flushAndSyncDB(386)) - Container 7 is synced with bcsId 0.
2019-09-17 06:10:40,345 [grpc-default-executor-5] INFO  interfaces.Container (KeyValueContainer.java:flushAndSyncDB(386)) - Container 7 is synced with bcsId 0.
2019-09-17 06:10:40,360 [RatisPipelineUtilsThread] INFO  pipeline.PipelineStateManager (PipelineStateManager.java:removePipeline(108)) - Pipeline Pipeline[ Id: 565851af-39e5-4a90-88c0-0b3452d6d747, Nodes: 72845ddd-7944-416b-9dd2-35fcccd22f3d{ip: 192.168.69.122, host: trunk-nightly-20190917-29l5j-2509219610, networkLocation: /default-rack, certSerialId: null}76e9ed70-2a32-4a64-9388-b77e9aa6f857{ip: 192.168.69.122, host: trunk-nightly-20190917-29l5j-2509219610, networkLocation: /default-rack, certSerialId: null}f1727f7a-dfce-47cb-9d44-d863f6c274c0{ip: 192.168.69.122, host: trunk-nightly-20190917-29l5j-2509219610, networkLocation: /default-rack, certSerialId: null}, Type:RATIS, Factor:THREE, State:CLOSED] removed from db
2019-09-17 06:10:40,669 [main] WARN  io.KeyOutputStream (KeyOutputStream.java:handleException(276)) - Encountered exception java.io.IOException: Unexpected Storage Container Exception: java.util.concurrent.CompletionException: java.util.concurrent.CompletionException: org.apache.ratis.protocol.GroupMismatchException: f1727f7a-dfce-47cb-9d44-d863f6c274c0: group-0B3452D6D747 not found. on the pipeline Pipeline[ Id: 565851af-39e5-4a90-88c0-0b3452d6d747, Nodes: 72845ddd-7944-416b-9dd2-35fcccd22f3d{ip: 192.168.69.122, host: trunk-nightly-20190917-29l5j-2509219610, networkLocation: /default-rack, certSerialId: null}76e9ed70-2a32-4a64-9388-b77e9aa6f857{ip: 192.168.69.122, host: trunk-nightly-20190917-29l5j-2509219610, networkLocation: /default-rack, certSerialId: null}f1727f7a-dfce-47cb-9d44-d863f6c274c0{ip: 192.168.69.122, host: trunk-nightly-20190917-29l5j-2509219610, networkLocation: /default-rack, certSerialId: null}, Type:RATIS, Factor:THREE, State:OPEN]. The last committed block length is 0, uncommitted data length is 400 retry count 0
2019-09-17 06:10:40,719 [grpc-default-executor-6] INFO  impl.RaftServerImpl (ServerState.java:setRaftConf(354)) - 76e9ed70-2a32-4a64-9388-b77e9aa6f857@group-D4E7BC6CD8BE: set configuration 0: [76e9ed70-2a32-4a64-9388-b77e9aa6f857:192.168.69.122:43336, f1727f7a-dfce-47cb-9d44-d863f6c274c0:192.168.69.122:33937, 72845ddd-7944-416b-9dd2-35fcccd22f3d:192.168.69.122:41609], old=null at 0
2019-09-17 06:10:40,719 [grpc-default-executor-5] INFO  impl.RaftServerImpl (ServerState.java:setRaftConf(354)) - f1727f7a-dfce-47cb-9d44-d863f6c274c0@group-D4E7BC6CD8BE: set configuration 0: [76e9ed70-2a32-4a64-9388-b77e9aa6f857:192.168.69.122:43336, f1727f7a-dfce-47cb-9d44-d863f6c274c0:192.168.69.122:33937, 72845ddd-7944-416b-9dd2-35fcccd22f3d:192.168.69.122:41609], old=null at 0
2019-09-17 06:10:40,851 [grpc-default-executor-5] INFO  client.GrpcClientProtocolClient (GrpcClientProtocolClient.java:onNext(264)) - client-1234F1D1F46E->72845ddd-7944-416b-9dd2-35fcccd22f3d: receive RaftClientReply:client-1234F1D1F46E->72845ddd-7944-416b-9dd2-35fcccd22f3d@group-D4E7BC6CD8BE, cid=143, SUCCESS, logIndex=1, commits[72845ddd-7944-416b-9dd2-35fcccd22f3d:c1, 76e9ed70-2a32-4a64-9388-b77e9aa6f857:c0, f1727f7a-dfce-47cb-9d44-d863f6c274c0:c0]
2019-09-17 06:10:40,889 [grpc-default-executor-9] INFO  client.GrpcClientProtocolClient (GrpcClientProtocolClient.java:onNext(264)) - client-1234F1D1F46E->72845ddd-7944-416b-9dd2-35fcccd22f3d: receive RaftClientReply:client-1234F1D1F46E->72845ddd-7944-416b-9dd2-35fcccd22f3d@group-D4E7BC6CD8BE, cid=144, SUCCESS, logIndex=3, commits[72845ddd-7944-416b-9dd2-35fcccd22f3d:c4, 76e9ed70-2a32-4a64-9388-b77e9aa6f857:c2, f1727f7a-dfce-47cb-9d44-d863f6c274c0:c2]
2019-09-17 06:10:40,942 [grpc-default-executor-9] INFO  client.GrpcClientProtocolClient (GrpcClientProtocolClient.java:onNext(264)) - client-1234F1D1F46E->72845ddd-7944-416b-9dd2-35fcccd22f3d: receive RaftClientReply:client-1234F1D1F46E->72845ddd-7944-416b-9dd2-35fcccd22f3d@group-D4E7BC6CD8BE, cid=145, SUCCESS, logIndex=4, commits[72845ddd-7944-416b-9dd2-35fcccd22f3d:c11, 76e9ed70-2a32-4a64-9388-b77e9aa6f857:c7, f1727f7a-dfce-47cb-9d44-d863f6c274c0:c7]
2019-09-17 06:10:40,943 [grpc-default-executor-9] INFO  client.GrpcClientProtocolClient (GrpcClientProtocolClient.java:onNext(264)) - client-1234F1D1F46E->72845ddd-7944-416b-9dd2-35fcccd22f3d: receive RaftClientReply:client-1234F1D1F46E->72845ddd-7944-416b-9dd2-35fcccd22f3d@group-D4E7BC6CD8BE, cid=146, SUCCESS, logIndex=5, commits[72845ddd-7944-416b-9dd2-35fcccd22f3d:c11, 76e9ed70-2a32-4a64-9388-b77e9aa6f857:c7, f1727f7a-dfce-47cb-9d44-d863f6c274c0:c7]
2019-09-17 06:10:40,944 [grpc-default-executor-9] INFO  client.GrpcClientProtocolClient (GrpcClientProtocolClient.java:onNext(264)) - client-1234F1D1F46E->72845ddd-7944-416b-9dd2-35fcccd22f3d: receive RaftClientReply:client-1234F1D1F46E->72845ddd-7944-416b-9dd2-35fcccd22f3d@group-D4E7BC6CD8BE, cid=147, SUCCESS, logIndex=6, commits[72845ddd-7944-416b-9dd2-35fcccd22f3d:c11, 76e9ed70-2a32-4a64-9388-b77e9aa6f857:c7, f1727f7a-dfce-47cb-9d44-d863f6c274c0:c7]
2019-09-17 06:10:41,065 [grpc-default-executor-9] INFO  client.GrpcClientProtocolClient (GrpcClientProtocolClient.java:onNext(264)) - client-1234F1D1F46E->72845ddd-7944-416b-9dd2-35fcccd22f3d: receive RaftClientReply:client-1234F1D1F46E->72845ddd-7944-416b-9dd2-35fcccd22f3d@group-D4E7BC6CD8BE, cid=148, SUCCESS, logIndex=7, commits[72845ddd-7944-416b-9dd2-35fcccd22f3d:c11, 76e9ed70-2a32-4a64-9388-b77e9aa6f857:c7, f1727f7a-dfce-47cb-9d44-d863f6c274c0:c7]
]]></system-out>
    <system-err><![CDATA[Sep 17, 2019 6:10:39 AM org.apache.ratis.thirdparty.io.grpc.internal.SerializingExecutor run
SEVERE: Exception while executing runnable org.apache.ratis.thirdparty.io.grpc.internal.ServerImpl$JumpToApplicationThreadServerStreamListener$1Closed@4b3895cf
org.apache.ratis.thirdparty.io.grpc.StatusRuntimeException: CANCELLED: call already cancelled
	at org.apache.ratis.thirdparty.io.grpc.Status.asRuntimeException(Status.java:517)
	at org.apache.ratis.thirdparty.io.grpc.stub.ServerCalls$ServerCallStreamObserverImpl.onCompleted(ServerCalls.java:356)
	at org.apache.ratis.grpc.server.GrpcServerProtocolService$ServerRequestStreamObserver.onError(GrpcServerProtocolService.java:121)
	at org.apache.ratis.thirdparty.io.grpc.stub.ServerCalls$StreamingServerCallHandler$StreamingServerCallListener.onCancel(ServerCalls.java:269)
	at org.apache.ratis.thirdparty.io.grpc.internal.ServerCallImpl$ServerStreamListenerImpl.closed(ServerCallImpl.java:293)
	at org.apache.ratis.thirdparty.io.grpc.internal.ServerImpl$JumpToApplicationThreadServerStreamListener$1Closed.runInContext(ServerImpl.java:741)
	at org.apache.ratis.thirdparty.io.grpc.internal.ContextRunnable.run(ContextRunnable.java:37)
	at org.apache.ratis.thirdparty.io.grpc.internal.SerializingExecutor.run(SerializingExecutor.java:123)
	at java.util.concurrent.ThreadPoolExecutor.runWorker(ThreadPoolExecutor.java:1149)
	at java.util.concurrent.ThreadPoolExecutor$Worker.run(ThreadPoolExecutor.java:624)
	at java.lang.Thread.run(Thread.java:748)

Sep 17, 2019 6:10:39 AM org.apache.ratis.thirdparty.io.grpc.internal.SerializingExecutor run
SEVERE: Exception while executing runnable org.apache.ratis.thirdparty.io.grpc.internal.ServerImpl$JumpToApplicationThreadServerStreamListener$1Closed@311e066f
org.apache.ratis.thirdparty.io.grpc.StatusRuntimeException: CANCELLED: call already cancelled
	at org.apache.ratis.thirdparty.io.grpc.Status.asRuntimeException(Status.java:517)
	at org.apache.ratis.thirdparty.io.grpc.stub.ServerCalls$ServerCallStreamObserverImpl.onCompleted(ServerCalls.java:356)
	at org.apache.ratis.grpc.server.GrpcServerProtocolService$ServerRequestStreamObserver.onError(GrpcServerProtocolService.java:121)
	at org.apache.ratis.thirdparty.io.grpc.stub.ServerCalls$StreamingServerCallHandler$StreamingServerCallListener.onCancel(ServerCalls.java:269)
	at org.apache.ratis.thirdparty.io.grpc.internal.ServerCallImpl$ServerStreamListenerImpl.closed(ServerCallImpl.java:293)
	at org.apache.ratis.thirdparty.io.grpc.internal.ServerImpl$JumpToApplicationThreadServerStreamListener$1Closed.runInContext(ServerImpl.java:741)
	at org.apache.ratis.thirdparty.io.grpc.internal.ContextRunnable.run(ContextRunnable.java:37)
	at org.apache.ratis.thirdparty.io.grpc.internal.SerializingExecutor.run(SerializingExecutor.java:123)
	at java.util.concurrent.ThreadPoolExecutor.runWorker(ThreadPoolExecutor.java:1149)
	at java.util.concurrent.ThreadPoolExecutor$Worker.run(ThreadPoolExecutor.java:624)
	at java.lang.Thread.run(Thread.java:748)

]]></system-err>
  </testcase>
</testsuite>