<?xml version="1.0" encoding="UTF-8"?>
<testsuite xmlns:xsi="http://www.w3.org/2001/XMLSchema-instance" xsi:noNamespaceSchemaLocation="https://maven.apache.org/surefire/maven-surefire-plugin/xsd/surefire-test-report.xsd" name="org.apache.hadoop.ozone.client.rpc.TestOzoneClientRetriesOnException" time="386.054" tests="2" errors="1" skipped="0" failures="0">
  <properties>
    <property name="awt.toolkit" value="sun.awt.X11.XToolkit"/>
    <property name="file.encoding.pkg" value="sun.io"/>
    <property name="java.specification.version" value="1.8"/>
    <property name="sun.cpu.isalist" value=""/>
    <property name="sun.jnu.encoding" value="UTF-8"/>
    <property name="java.class.path" value="/workdir/hadoop-ozone/integration-test/target/test-classes:/workdir/hadoop-ozone/integration-test/target/classes:/home/user/.m2/repository/org/apache/hadoop/hadoop-ozone-common/0.5.0-SNAPSHOT/hadoop-ozone-common-0.5.0-SNAPSHOT.jar:/home/user/.m2/repository/org/apache/commons/commons-compress/1.4.1/commons-compress-1.4.1.jar:/home/user/.m2/repository/org/tukaani/xz/1.0/xz-1.0.jar:/home/user/.m2/repository/org/apache/hadoop/hadoop-common/3.2.0/hadoop-common-3.2.0.jar:/home/user/.m2/repository/org/apache/hadoop/hadoop-hdfs/3.2.0/hadoop-hdfs-3.2.0.jar:/home/user/.m2/repository/org/apache/hadoop/hadoop-hdfs-client/3.2.0/hadoop-hdfs-client-3.2.0.jar:/home/user/.m2/repository/com/fasterxml/jackson/core/jackson-annotations/2.9.5/jackson-annotations-2.9.5.jar:/home/user/.m2/repository/org/apache/hadoop/hadoop-hdds-common/0.5.0-SNAPSHOT/hadoop-hdds-common-0.5.0-SNAPSHOT.jar:/home/user/.m2/repository/javax/annotation/javax.annotation-api/1.2/javax.annotation-api-1.2.jar:/home/user/.m2/repository/org/apache/ratis/ratis-server/0.4.0-78e95b9-SNAPSHOT/ratis-server-0.4.0-78e95b9-SNAPSHOT.jar:/home/user/.m2/repository/org/apache/ratis/ratis-thirdparty-misc/0.2.0/ratis-thirdparty-misc-0.2.0.jar:/home/user/.m2/repository/org/apache/ratis/ratis-proto/0.4.0-78e95b9-SNAPSHOT/ratis-proto-0.4.0-78e95b9-SNAPSHOT.jar:/home/user/.m2/repository/org/apache/ratis/ratis-common/0.4.0-78e95b9-SNAPSHOT/ratis-common-0.4.0-78e95b9-SNAPSHOT.jar:/home/user/.m2/repository/org/apache/ratis/ratis-client/0.4.0-78e95b9-SNAPSHOT/ratis-client-0.4.0-78e95b9-SNAPSHOT.jar:/home/user/.m2/repository/org/apache/ratis/ratis-metrics/0.4.0-78e95b9-SNAPSHOT/ratis-metrics-0.4.0-78e95b9-SNAPSHOT.jar:/home/user/.m2/repository/com/github/joshelser/dropwizard-metrics-hadoop-metrics2-reporter/0.1.2/dropwizard-metrics-hadoop-metrics2-reporter-0.1.2.jar:/home/user/.m2/repository/io/dropwizard/metrics/metrics-jvm/3.2.5/metrics-jvm-3.2.5.jar:/home/user/.m2/repository/io/dropwizard/metrics/metrics-ganglia/3.2.5/metrics-ganglia-3.2.5.jar:/home/user/.m2/repository/info/ganglia/gmetric4j/gmetric4j/1.0.7/gmetric4j-1.0.7.jar:/home/user/.m2/repository/org/apache/ratis/ratis-netty/0.4.0-78e95b9-SNAPSHOT/ratis-netty-0.4.0-78e95b9-SNAPSHOT.jar:/home/user/.m2/repository/org/apache/ratis/ratis-grpc/0.4.0-78e95b9-SNAPSHOT/ratis-grpc-0.4.0-78e95b9-SNAPSHOT.jar:/home/user/.m2/repository/org/rocksdb/rocksdbjni/6.0.1/rocksdbjni-6.0.1.jar:/home/user/.m2/repository/org/apache/logging/log4j/log4j-api/2.11.0/log4j-api-2.11.0.jar:/home/user/.m2/repository/org/apache/logging/log4j/log4j-core/2.11.0/log4j-core-2.11.0.jar:/home/user/.m2/repository/com/lmax/disruptor/3.4.2/disruptor-3.4.2.jar:/home/user/.m2/repository/org/apache/commons/commons-pool2/2.6.0/commons-pool2-2.6.0.jar:/home/user/.m2/repository/org/bouncycastle/bcpkix-jdk15on/1.60/bcpkix-jdk15on-1.60.jar:/home/user/.m2/repository/commons-validator/commons-validator/1.6/commons-validator-1.6.jar:/home/user/.m2/repository/commons-digester/commons-digester/1.8.1/commons-digester-1.8.1.jar:/home/user/.m2/repository/io/jaegertracing/jaeger-client/0.33.1/jaeger-client-0.33.1.jar:/home/user/.m2/repository/io/jaegertracing/jaeger-thrift/0.33.1/jaeger-thrift-0.33.1.jar:/home/user/.m2/repository/org/apache/thrift/libthrift/0.11.0/libthrift-0.11.0.jar:/home/user/.m2/repository/com/squareup/okhttp3/okhttp/3.9.0/okhttp-3.9.0.jar:/home/user/.m2/repository/com/squareup/okio/okio/1.13.0/okio-1.13.0.jar:/home/user/.m2/repository/io/jaegertracing/jaeger-core/0.33.1/jaeger-core-0.33.1.jar:/home/user/.m2/repository/io/jaegertracing/jaeger-tracerresolver/0.33.1/jaeger-tracerresolver-0.33.1.jar:/home/user/.m2/repository/io/opentracing/contrib/opentracing-tracerresolver/0.1.5/opentracing-tracerresolver-0.1.5.jar:/home/user/.m2/repository/io/opentracing/opentracing-util/0.31.0/opentracing-util-0.31.0.jar:/home/user/.m2/repository/io/opentracing/opentracing-api/0.31.0/opentracing-api-0.31.0.jar:/home/user/.m2/repository/io/opentracing/opentracing-noop/0.31.0/opentracing-noop-0.31.0.jar:/home/user/.m2/repository/org/apache/hadoop/hadoop-hdds-server-framework/0.5.0-SNAPSHOT/hadoop-hdds-server-framework-0.5.0-SNAPSHOT.jar:/home/user/.m2/repository/org/apache/hadoop/hadoop-hdds-container-service/0.5.0-SNAPSHOT/hadoop-hdds-container-service-0.5.0-SNAPSHOT.jar:/home/user/.m2/repository/org/apache/hadoop/hadoop-hdds-client/0.5.0-SNAPSHOT/hadoop-hdds-client-0.5.0-SNAPSHOT.jar:/home/user/.m2/repository/org/apache/hadoop/hadoop-hdds-tools/0.5.0-SNAPSHOT/hadoop-hdds-tools-0.5.0-SNAPSHOT.jar:/home/user/.m2/repository/org/apache/hadoop/hadoop-hdds-server-scm/0.5.0-SNAPSHOT/hadoop-hdds-server-scm-0.5.0-SNAPSHOT.jar:/home/user/.m2/repository/org/apache/hadoop/hadoop-hdds-docs/0.5.0-SNAPSHOT/hadoop-hdds-docs-0.5.0-SNAPSHOT.jar:/home/user/.m2/repository/io/dropwizard/metrics/metrics-core/3.2.4/metrics-core-3.2.4.jar:/home/user/.m2/repository/org/hamcrest/hamcrest-all/1.3/hamcrest-all-1.3.jar:/home/user/.m2/repository/org/bouncycastle/bcprov-jdk15on/1.60/bcprov-jdk15on-1.60.jar:/home/user/.m2/repository/info/picocli/picocli/3.9.6/picocli-3.9.6.jar:/home/user/.m2/repository/com/google/protobuf/protobuf-java/2.5.0/protobuf-java-2.5.0.jar:/home/user/.m2/repository/com/google/guava/guava/11.0.2/guava-11.0.2.jar:/home/user/.m2/repository/org/apache/hadoop/hadoop-ozone-ozone-manager/0.5.0-SNAPSHOT/hadoop-ozone-ozone-manager-0.5.0-SNAPSHOT.jar:/home/user/.m2/repository/org/apache/hadoop/hadoop-minikdc/3.2.0/hadoop-minikdc-3.2.0.jar:/home/user/.m2/repository/commons-io/commons-io/2.5/commons-io-2.5.jar:/home/user/.m2/repository/org/apache/kerby/kerb-simplekdc/1.0.1/kerb-simplekdc-1.0.1.jar:/home/user/.m2/repository/org/apache/kerby/kerb-client/1.0.1/kerb-client-1.0.1.jar:/home/user/.m2/repository/org/apache/kerby/kerby-config/1.0.1/kerby-config-1.0.1.jar:/home/user/.m2/repository/org/apache/kerby/kerb-core/1.0.1/kerb-core-1.0.1.jar:/home/user/.m2/repository/org/apache/kerby/kerby-pkix/1.0.1/kerby-pkix-1.0.1.jar:/home/user/.m2/repository/org/apache/kerby/kerby-asn1/1.0.1/kerby-asn1-1.0.1.jar:/home/user/.m2/repository/org/apache/kerby/kerby-util/1.0.1/kerby-util-1.0.1.jar:/home/user/.m2/repository/org/apache/kerby/kerb-common/1.0.1/kerb-common-1.0.1.jar:/home/user/.m2/repository/org/apache/kerby/kerb-crypto/1.0.1/kerb-crypto-1.0.1.jar:/home/user/.m2/repository/org/apache/kerby/kerb-util/1.0.1/kerb-util-1.0.1.jar:/home/user/.m2/repository/org/apache/kerby/token-provider/1.0.1/token-provider-1.0.1.jar:/home/user/.m2/repository/org/apache/kerby/kerb-admin/1.0.1/kerb-admin-1.0.1.jar:/home/user/.m2/repository/org/apache/kerby/kerb-server/1.0.1/kerb-server-1.0.1.jar:/home/user/.m2/repository/org/apache/kerby/kerb-identity/1.0.1/kerb-identity-1.0.1.jar:/home/user/.m2/repository/org/apache/kerby/kerby-xdr/1.0.1/kerby-xdr-1.0.1.jar:/home/user/.m2/repository/org/slf4j/slf4j-log4j12/1.7.25/slf4j-log4j12-1.7.25.jar:/home/user/.m2/repository/org/apache/hadoop/hadoop-ozone-s3gateway/0.5.0-SNAPSHOT/hadoop-ozone-s3gateway-0.5.0-SNAPSHOT.jar:/home/user/.m2/repository/org/jboss/weld/servlet/weld-servlet/2.4.7.Final/weld-servlet-2.4.7.Final.jar:/home/user/.m2/repository/org/glassfish/jersey/containers/jersey-container-servlet-core/2.27/jersey-container-servlet-core-2.27.jar:/home/user/.m2/repository/org/glassfish/hk2/external/javax.inject/2.5.0-b42/javax.inject-2.5.0-b42.jar:/home/user/.m2/repository/org/glassfish/jersey/core/jersey-common/2.27/jersey-common-2.27.jar:/home/user/.m2/repository/org/glassfish/hk2/osgi-resource-locator/1.0.1/osgi-resource-locator-1.0.1.jar:/home/user/.m2/repository/javax/ws/rs/javax.ws.rs-api/2.1/javax.ws.rs-api-2.1.jar:/home/user/.m2/repository/org/glassfish/jersey/ext/cdi/jersey-cdi1x/2.27/jersey-cdi1x-2.27.jar:/home/user/.m2/repository/org/glassfish/jersey/inject/jersey-hk2/2.27/jersey-hk2-2.27.jar:/home/user/.m2/repository/org/glassfish/hk2/hk2-locator/2.5.0-b42/hk2-locator-2.5.0-b42.jar:/home/user/.m2/repository/org/javassist/javassist/3.22.0-CR2/javassist-3.22.0-CR2.jar:/home/user/.m2/repository/org/glassfish/hk2/hk2-api/2.5.0/hk2-api-2.5.0.jar:/home/user/.m2/repository/org/glassfish/hk2/external/jakarta.inject/2.5.0/jakarta.inject-2.5.0.jar:/home/user/.m2/repository/org/glassfish/hk2/hk2-utils/2.5.0/hk2-utils-2.5.0.jar:/home/user/.m2/repository/jakarta/annotation/jakarta.annotation-api/1.3.4/jakarta.annotation-api-1.3.4.jar:/home/user/.m2/repository/org/glassfish/hk2/external/aopalliance-repackaged/2.5.0/aopalliance-repackaged-2.5.0.jar:/home/user/.m2/repository/com/fasterxml/jackson/dataformat/jackson-dataformat-xml/2.9.0/jackson-dataformat-xml-2.9.0.jar:/home/user/.m2/repository/com/fasterxml/jackson/core/jackson-core/2.9.5/jackson-core-2.9.5.jar:/home/user/.m2/repository/com/fasterxml/jackson/module/jackson-module-jaxb-annotations/2.9.5/jackson-module-jaxb-annotations-2.9.5.jar:/home/user/.m2/repository/javax/enterprise/cdi-api/1.2/cdi-api-1.2.jar:/home/user/.m2/repository/javax/el/javax.el-api/3.0.0/javax.el-api-3.0.0.jar:/home/user/.m2/repository/javax/interceptor/javax.interceptor-api/1.2/javax.interceptor-api-1.2.jar:/home/user/.m2/repository/javax/inject/javax.inject/1/javax.inject-1.jar:/home/user/.m2/repository/com/sun/xml/bind/jaxb-impl/2.3.0.1/jaxb-impl-2.3.0.1.jar:/home/user/.m2/repository/com/sun/xml/bind/jaxb-core/2.3.0.1/jaxb-core-2.3.0.1.jar:/home/user/.m2/repository/javax/xml/bind/jaxb-api/2.3.0/jaxb-api-2.3.0.jar:/home/user/.m2/repository/javax/activation/activation/1.1.1/activation-1.1.1.jar:/home/user/.m2/repository/org/apache/hadoop/hadoop-ozone-csi/0.5.0-SNAPSHOT/hadoop-ozone-csi-0.5.0-SNAPSHOT.jar:/home/user/.m2/repository/com/google/protobuf/protobuf-java-util/3.5.1/protobuf-java-util-3.5.1.jar:/home/user/.m2/repository/org/apache/hadoop/hadoop-hdds-config/0.5.0-SNAPSHOT/hadoop-hdds-config-0.5.0-SNAPSHOT.jar:/home/user/.m2/repository/io/grpc/grpc-netty/1.17.1/grpc-netty-1.17.1.jar:/home/user/.m2/repository/io/grpc/grpc-core/1.17.1/grpc-core-1.17.1.jar:/home/user/.m2/repository/io/grpc/grpc-context/1.17.1/grpc-context-1.17.1.jar:/home/user/.m2/repository/com/google/errorprone/error_prone_annotations/2.2.0/error_prone_annotations-2.2.0.jar:/home/user/.m2/repository/org/codehaus/mojo/animal-sniffer-annotations/1.17/animal-sniffer-annotations-1.17.jar:/home/user/.m2/repository/io/opencensus/opencensus-api/0.17.0/opencensus-api-0.17.0.jar:/home/user/.m2/repository/io/opencensus/opencensus-contrib-grpc-metrics/0.17.0/opencensus-contrib-grpc-metrics-0.17.0.jar:/home/user/.m2/repository/io/netty/netty-codec-http2/4.1.30.Final/netty-codec-http2-4.1.30.Final.jar:/home/user/.m2/repository/io/netty/netty-codec-http/4.1.30.Final/netty-codec-http-4.1.30.Final.jar:/home/user/.m2/repository/io/netty/netty-codec/4.1.30.Final/netty-codec-4.1.30.Final.jar:/home/user/.m2/repository/io/netty/netty-handler/4.1.30.Final/netty-handler-4.1.30.Final.jar:/home/user/.m2/repository/io/netty/netty-handler-proxy/4.1.30.Final/netty-handler-proxy-4.1.30.Final.jar:/home/user/.m2/repository/io/netty/netty-codec-socks/4.1.30.Final/netty-codec-socks-4.1.30.Final.jar:/home/user/.m2/repository/io/netty/netty-transport-native-epoll/4.1.30.Final/netty-transport-native-epoll-4.1.30.Final.jar:/home/user/.m2/repository/io/netty/netty-common/4.1.30.Final/netty-common-4.1.30.Final.jar:/home/user/.m2/repository/io/netty/netty-buffer/4.1.30.Final/netty-buffer-4.1.30.Final.jar:/home/user/.m2/repository/io/netty/netty-transport/4.1.30.Final/netty-transport-4.1.30.Final.jar:/home/user/.m2/repository/io/netty/netty-resolver/4.1.30.Final/netty-resolver-4.1.30.Final.jar:/home/user/.m2/repository/io/netty/netty-transport-native-unix-common/4.1.30.Final/netty-transport-native-unix-common-4.1.30.Final.jar:/home/user/.m2/repository/io/grpc/grpc-protobuf/1.17.1/grpc-protobuf-1.17.1.jar:/home/user/.m2/repository/com/google/api/grpc/proto-google-common-protos/1.0.0/proto-google-common-protos-1.0.0.jar:/home/user/.m2/repository/io/grpc/grpc-protobuf-lite/1.17.1/grpc-protobuf-lite-1.17.1.jar:/home/user/.m2/repository/io/grpc/grpc-stub/1.17.1/grpc-stub-1.17.1.jar:/home/user/.m2/repository/org/apache/hadoop/hadoop-ozone-recon/0.5.0-SNAPSHOT/hadoop-ozone-recon-0.5.0-SNAPSHOT.jar:/home/user/.m2/repository/org/apache/hadoop/hadoop-ozone-reconcodegen/0.5.0-SNAPSHOT/hadoop-ozone-reconcodegen-0.5.0-SNAPSHOT.jar:/home/user/.m2/repository/com/google/inject/extensions/guice-multibindings/4.0/guice-multibindings-4.0.jar:/home/user/.m2/repository/com/google/inject/guice/4.0/guice-4.0.jar:/home/user/.m2/repository/aopalliance/aopalliance/1.0/aopalliance-1.0.jar:/home/user/.m2/repository/com/google/inject/extensions/guice-servlet/4.0/guice-servlet-4.0.jar:/home/user/.m2/repository/org/glassfish/jersey/containers/jersey-container-servlet/2.27/jersey-container-servlet-2.27.jar:/home/user/.m2/repository/org/glassfish/hk2/guice-bridge/2.5.0/guice-bridge-2.5.0.jar:/home/user/.m2/repository/org/glassfish/jersey/core/jersey-server/2.27/jersey-server-2.27.jar:/home/user/.m2/repository/org/glassfish/jersey/core/jersey-client/2.27/jersey-client-2.27.jar:/home/user/.m2/repository/org/glassfish/jersey/media/jersey-media-jaxb/2.27/jersey-media-jaxb-2.27.jar:/home/user/.m2/repository/javax/validation/validation-api/1.1.0.Final/validation-api-1.1.0.Final.jar:/home/user/.m2/repository/org/glassfish/jersey/media/jersey-media-json-jackson/2.27/jersey-media-json-jackson-2.27.jar:/home/user/.m2/repository/org/glassfish/jersey/ext/jersey-entity-filtering/2.27/jersey-entity-filtering-2.27.jar:/home/user/.m2/repository/com/google/inject/extensions/guice-assistedinject/4.0/guice-assistedinject-4.0.jar:/home/user/.m2/repository/org/jooq/jooq/3.11.10/jooq-3.11.10.jar:/home/user/.m2/repository/org/jooq/jooq-meta/3.11.10/jooq-meta-3.11.10.jar:/home/user/.m2/repository/org/jooq/jooq-codegen/3.11.10/jooq-codegen-3.11.10.jar:/home/user/.m2/repository/com/jolbox/bonecp/0.8.0.RELEASE/bonecp-0.8.0.RELEASE.jar:/home/user/.m2/repository/org/xerial/sqlite-jdbc/3.25.2/sqlite-jdbc-3.25.2.jar:/home/user/.m2/repository/org/springframework/spring-jdbc/5.1.3.RELEASE/spring-jdbc-5.1.3.RELEASE.jar:/home/user/.m2/repository/org/springframework/spring-beans/5.1.3.RELEASE/spring-beans-5.1.3.RELEASE.jar:/home/user/.m2/repository/org/springframework/spring-core/5.1.3.RELEASE/spring-core-5.1.3.RELEASE.jar:/home/user/.m2/repository/org/springframework/spring-jcl/5.1.3.RELEASE/spring-jcl-5.1.3.RELEASE.jar:/home/user/.m2/repository/org/springframework/spring-tx/5.1.3.RELEASE/spring-tx-5.1.3.RELEASE.jar:/home/user/.m2/repository/org/apache/hadoop/hadoop-ozone-client/0.5.0-SNAPSHOT/hadoop-ozone-client-0.5.0-SNAPSHOT.jar:/home/user/.m2/repository/commons-lang/commons-lang/2.6/commons-lang-2.6.jar:/home/user/.m2/repository/org/apache/hadoop/hadoop-ozone-ozone-manager/0.5.0-SNAPSHOT/hadoop-ozone-ozone-manager-0.5.0-SNAPSHOT-tests.jar:/home/user/.m2/repository/junit/junit/4.11/junit-4.11.jar:/home/user/.m2/repository/org/hamcrest/hamcrest-core/1.3/hamcrest-core-1.3.jar:/home/user/.m2/repository/org/openjdk/jmh/jmh-core/1.19/jmh-core-1.19.jar:/home/user/.m2/repository/net/sf/jopt-simple/jopt-simple/4.6/jopt-simple-4.6.jar:/home/user/.m2/repository/org/apache/commons/commons-math3/3.1.1/commons-math3-3.1.1.jar:/home/user/.m2/repository/org/openjdk/jmh/jmh-generator-annprocess/1.19/jmh-generator-annprocess-1.19.jar:/home/user/.m2/repository/org/mockito/mockito-all/1.8.5/mockito-all-1.8.5.jar:/home/user/.m2/repository/org/apache/hadoop/hadoop-kms/3.2.0/hadoop-kms-3.2.0.jar:/home/user/.m2/repository/org/apache/hadoop/hadoop-auth/3.2.0/hadoop-auth-3.2.0.jar:/home/user/.m2/repository/com/nimbusds/nimbus-jose-jwt/4.41.1/nimbus-jose-jwt-4.41.1.jar:/home/user/.m2/repository/com/github/stephenc/jcip/jcip-annotations/1.0-1/jcip-annotations-1.0-1.jar:/home/user/.m2/repository/net/minidev/json-smart/2.3/json-smart-2.3.jar:/home/user/.m2/repository/net/minidev/accessors-smart/1.2/accessors-smart-1.2.jar:/home/user/.m2/repository/org/ow2/asm/asm/5.0.4/asm-5.0.4.jar:/home/user/.m2/repository/org/apache/curator/curator-framework/2.12.0/curator-framework-2.12.0.jar:/home/user/.m2/repository/com/sun/jersey/jersey-core/1.19/jersey-core-1.19.jar:/home/user/.m2/repository/javax/ws/rs/jsr311-api/1.1.1/jsr311-api-1.1.1.jar:/home/user/.m2/repository/com/sun/jersey/jersey-server/1.19/jersey-server-1.19.jar:/home/user/.m2/repository/javax/servlet/javax.servlet-api/3.1.0/javax.servlet-api-3.1.0.jar:/home/user/.m2/repository/org/eclipse/jetty/jetty-server/9.3.24.v20180605/jetty-server-9.3.24.v20180605.jar:/home/user/.m2/repository/org/eclipse/jetty/jetty-http/9.3.24.v20180605/jetty-http-9.3.24.v20180605.jar:/home/user/.m2/repository/org/eclipse/jetty/jetty-io/9.3.24.v20180605/jetty-io-9.3.24.v20180605.jar:/home/user/.m2/repository/org/eclipse/jetty/jetty-webapp/9.3.24.v20180605/jetty-webapp-9.3.24.v20180605.jar:/home/user/.m2/repository/org/eclipse/jetty/jetty-xml/9.3.24.v20180605/jetty-xml-9.3.24.v20180605.jar:/home/user/.m2/repository/log4j/log4j/1.2.17/log4j-1.2.17.jar:/home/user/.m2/repository/org/slf4j/slf4j-api/1.7.25/slf4j-api-1.7.25.jar:/home/user/.m2/repository/org/slf4j/jul-to-slf4j/1.7.25/jul-to-slf4j-1.7.25.jar:/home/user/.m2/repository/org/eclipse/jetty/jetty-util/9.3.24.v20180605/jetty-util-9.3.24.v20180605.jar:/home/user/.m2/repository/com/fasterxml/jackson/core/jackson-databind/2.9.5/jackson-databind-2.9.5.jar:/home/user/.m2/repository/org/apache/hadoop/hadoop-kms/3.2.0/hadoop-kms-3.2.0-tests.jar:/home/user/.m2/repository/org/apache/hadoop/hadoop-hdds-server-scm/0.5.0-SNAPSHOT/hadoop-hdds-server-scm-0.5.0-SNAPSHOT-tests.jar:/home/user/.m2/repository/org/apache/hadoop/hadoop-hdds-container-service/0.5.0-SNAPSHOT/hadoop-hdds-container-service-0.5.0-SNAPSHOT-tests.jar:/home/user/.m2/repository/org/yaml/snakeyaml/1.16/snakeyaml-1.16.jar:/home/user/.m2/repository/org/apache/hadoop/hadoop-common/3.2.0/hadoop-common-3.2.0-tests.jar:/home/user/.m2/repository/org/apache/hadoop/hadoop-annotations/3.2.0/hadoop-annotations-3.2.0.jar:/usr/lib/jvm/java-1.8-openjdk/jre/../lib/tools.jar:/home/user/.m2/repository/commons-cli/commons-cli/1.2/commons-cli-1.2.jar:/home/user/.m2/repository/org/apache/httpcomponents/httpclient/4.5.2/httpclient-4.5.2.jar:/home/user/.m2/repository/org/apache/httpcomponents/httpcore/4.4.4/httpcore-4.4.4.jar:/home/user/.m2/repository/commons-codec/commons-codec/1.11/commons-codec-1.11.jar:/home/user/.m2/repository/commons-net/commons-net/3.6/commons-net-3.6.jar:/home/user/.m2/repository/commons-collections/commons-collections/3.2.2/commons-collections-3.2.2.jar:/home/user/.m2/repository/org/eclipse/jetty/jetty-servlet/9.3.24.v20180605/jetty-servlet-9.3.24.v20180605.jar:/home/user/.m2/repository/org/eclipse/jetty/jetty-security/9.3.24.v20180605/jetty-security-9.3.24.v20180605.jar:/home/user/.m2/repository/javax/servlet/jsp/jsp-api/2.1/jsp-api-2.1.jar:/home/user/.m2/repository/com/sun/jersey/jersey-servlet/1.19/jersey-servlet-1.19.jar:/home/user/.m2/repository/com/sun/jersey/jersey-json/1.19/jersey-json-1.19.jar:/home/user/.m2/repository/org/codehaus/jettison/jettison/1.1/jettison-1.1.jar:/home/user/.m2/repository/org/codehaus/jackson/jackson-core-asl/1.9.13/jackson-core-asl-1.9.13.jar:/home/user/.m2/repository/org/codehaus/jackson/jackson-mapper-asl/1.9.13/jackson-mapper-asl-1.9.13.jar:/home/user/.m2/repository/org/codehaus/jackson/jackson-jaxrs/1.9.13/jackson-jaxrs-1.9.13.jar:/home/user/.m2/repository/org/codehaus/jackson/jackson-xc/1.9.13/jackson-xc-1.9.13.jar:/home/user/.m2/repository/commons-logging/commons-logging/1.1.3/commons-logging-1.1.3.jar:/home/user/.m2/repository/commons-beanutils/commons-beanutils/1.9.3/commons-beanutils-1.9.3.jar:/home/user/.m2/repository/org/apache/commons/commons-configuration2/2.1.1/commons-configuration2-2.1.1.jar:/home/user/.m2/repository/org/apache/commons/commons-lang3/3.7/commons-lang3-3.7.jar:/home/user/.m2/repository/org/apache/commons/commons-text/1.4/commons-text-1.4.jar:/home/user/.m2/repository/org/apache/avro/avro/1.7.7/avro-1.7.7.jar:/home/user/.m2/repository/com/thoughtworks/paranamer/paranamer/2.3/paranamer-2.3.jar:/home/user/.m2/repository/org/xerial/snappy/snappy-java/1.0.5/snappy-java-1.0.5.jar:/home/user/.m2/repository/com/google/re2j/re2j/1.1/re2j-1.1.jar:/home/user/.m2/repository/com/google/code/gson/gson/2.2.4/gson-2.2.4.jar:/home/user/.m2/repository/com/jcraft/jsch/0.1.54/jsch-0.1.54.jar:/home/user/.m2/repository/org/apache/curator/curator-client/2.12.0/curator-client-2.12.0.jar:/home/user/.m2/repository/org/apache/curator/curator-recipes/2.12.0/curator-recipes-2.12.0.jar:/home/user/.m2/repository/com/google/code/findbugs/jsr305/3.0.0/jsr305-3.0.0.jar:/home/user/.m2/repository/org/apache/htrace/htrace-core4/4.1.0-incubating/htrace-core4-4.1.0-incubating.jar:/home/user/.m2/repository/org/apache/zookeeper/zookeeper/3.4.13/zookeeper-3.4.13.jar:/home/user/.m2/repository/org/apache/yetus/audience-annotations/0.5.0/audience-annotations-0.5.0.jar:/home/user/.m2/repository/org/codehaus/woodstox/stax2-api/3.1.4/stax2-api-3.1.4.jar:/home/user/.m2/repository/com/fasterxml/woodstox/woodstox-core/5.0.3/woodstox-core-5.0.3.jar:/home/user/.m2/repository/dnsjava/dnsjava/2.1.7/dnsjava-2.1.7.jar:/home/user/.m2/repository/org/apache/hadoop/hadoop-hdfs/3.2.0/hadoop-hdfs-3.2.0-tests.jar:/home/user/.m2/repository/org/eclipse/jetty/jetty-util-ajax/9.3.24.v20180605/jetty-util-ajax-9.3.24.v20180605.jar:/home/user/.m2/repository/commons-daemon/commons-daemon/1.0.13/commons-daemon-1.0.13.jar:/home/user/.m2/repository/io/netty/netty/3.10.5.Final/netty-3.10.5.Final.jar:/home/user/.m2/repository/io/netty/netty-all/4.0.52.Final/netty-all-4.0.52.Final.jar:/home/user/.m2/repository/org/fusesource/leveldbjni/leveldbjni-all/1.8/leveldbjni-all-1.8.jar:"/>
    <property name="java.vm.vendor" value="IcedTea"/>
    <property name="sun.arch.data.model" value="64"/>
    <property name="test.build.dir" value="/workdir/hadoop-ozone/integration-test/target/test-dir"/>
    <property name="test.cache.data" value=""/>
    <property name="java.vendor.url" value="https://icedtea.classpath.org"/>
    <property name="user.timezone" value=""/>
    <property name="java.vm.specification.version" value="1.8"/>
    <property name="os.name" value="Linux"/>
    <property name="test.build.data" value="/workdir/hadoop-ozone/integration-test/target/test-dir"/>
    <property name="user.country" value="US"/>
    <property name="sun.java.launcher" value="SUN_STANDARD"/>
    <property name="sun.boot.library.path" value="/usr/lib/jvm/java-1.8-openjdk/jre/lib/amd64"/>
    <property name="sun.java.command" value="/workdir/hadoop-ozone/integration-test/target/surefire/surefirebooter3939185055393491152.jar /workdir/hadoop-ozone/integration-test/target/surefire 2019-09-17T05-16-00_887-jvmRun1 surefire4067692589809304699tmp surefire_382045983355657999357tmp"/>
    <property name="test" value="!TestMiniChaosOzoneCluster"/>
    <property name="surefire.test.class.path" value="/workdir/hadoop-ozone/integration-test/target/test-classes:/workdir/hadoop-ozone/integration-test/target/classes:/home/user/.m2/repository/org/apache/hadoop/hadoop-ozone-common/0.5.0-SNAPSHOT/hadoop-ozone-common-0.5.0-SNAPSHOT.jar:/home/user/.m2/repository/org/apache/commons/commons-compress/1.4.1/commons-compress-1.4.1.jar:/home/user/.m2/repository/org/tukaani/xz/1.0/xz-1.0.jar:/home/user/.m2/repository/org/apache/hadoop/hadoop-common/3.2.0/hadoop-common-3.2.0.jar:/home/user/.m2/repository/org/apache/hadoop/hadoop-hdfs/3.2.0/hadoop-hdfs-3.2.0.jar:/home/user/.m2/repository/org/apache/hadoop/hadoop-hdfs-client/3.2.0/hadoop-hdfs-client-3.2.0.jar:/home/user/.m2/repository/com/fasterxml/jackson/core/jackson-annotations/2.9.5/jackson-annotations-2.9.5.jar:/home/user/.m2/repository/org/apache/hadoop/hadoop-hdds-common/0.5.0-SNAPSHOT/hadoop-hdds-common-0.5.0-SNAPSHOT.jar:/home/user/.m2/repository/javax/annotation/javax.annotation-api/1.2/javax.annotation-api-1.2.jar:/home/user/.m2/repository/org/apache/ratis/ratis-server/0.4.0-78e95b9-SNAPSHOT/ratis-server-0.4.0-78e95b9-SNAPSHOT.jar:/home/user/.m2/repository/org/apache/ratis/ratis-thirdparty-misc/0.2.0/ratis-thirdparty-misc-0.2.0.jar:/home/user/.m2/repository/org/apache/ratis/ratis-proto/0.4.0-78e95b9-SNAPSHOT/ratis-proto-0.4.0-78e95b9-SNAPSHOT.jar:/home/user/.m2/repository/org/apache/ratis/ratis-common/0.4.0-78e95b9-SNAPSHOT/ratis-common-0.4.0-78e95b9-SNAPSHOT.jar:/home/user/.m2/repository/org/apache/ratis/ratis-client/0.4.0-78e95b9-SNAPSHOT/ratis-client-0.4.0-78e95b9-SNAPSHOT.jar:/home/user/.m2/repository/org/apache/ratis/ratis-metrics/0.4.0-78e95b9-SNAPSHOT/ratis-metrics-0.4.0-78e95b9-SNAPSHOT.jar:/home/user/.m2/repository/com/github/joshelser/dropwizard-metrics-hadoop-metrics2-reporter/0.1.2/dropwizard-metrics-hadoop-metrics2-reporter-0.1.2.jar:/home/user/.m2/repository/io/dropwizard/metrics/metrics-jvm/3.2.5/metrics-jvm-3.2.5.jar:/home/user/.m2/repository/io/dropwizard/metrics/metrics-ganglia/3.2.5/metrics-ganglia-3.2.5.jar:/home/user/.m2/repository/info/ganglia/gmetric4j/gmetric4j/1.0.7/gmetric4j-1.0.7.jar:/home/user/.m2/repository/org/apache/ratis/ratis-netty/0.4.0-78e95b9-SNAPSHOT/ratis-netty-0.4.0-78e95b9-SNAPSHOT.jar:/home/user/.m2/repository/org/apache/ratis/ratis-grpc/0.4.0-78e95b9-SNAPSHOT/ratis-grpc-0.4.0-78e95b9-SNAPSHOT.jar:/home/user/.m2/repository/org/rocksdb/rocksdbjni/6.0.1/rocksdbjni-6.0.1.jar:/home/user/.m2/repository/org/apache/logging/log4j/log4j-api/2.11.0/log4j-api-2.11.0.jar:/home/user/.m2/repository/org/apache/logging/log4j/log4j-core/2.11.0/log4j-core-2.11.0.jar:/home/user/.m2/repository/com/lmax/disruptor/3.4.2/disruptor-3.4.2.jar:/home/user/.m2/repository/org/apache/commons/commons-pool2/2.6.0/commons-pool2-2.6.0.jar:/home/user/.m2/repository/org/bouncycastle/bcpkix-jdk15on/1.60/bcpkix-jdk15on-1.60.jar:/home/user/.m2/repository/commons-validator/commons-validator/1.6/commons-validator-1.6.jar:/home/user/.m2/repository/commons-digester/commons-digester/1.8.1/commons-digester-1.8.1.jar:/home/user/.m2/repository/io/jaegertracing/jaeger-client/0.33.1/jaeger-client-0.33.1.jar:/home/user/.m2/repository/io/jaegertracing/jaeger-thrift/0.33.1/jaeger-thrift-0.33.1.jar:/home/user/.m2/repository/org/apache/thrift/libthrift/0.11.0/libthrift-0.11.0.jar:/home/user/.m2/repository/com/squareup/okhttp3/okhttp/3.9.0/okhttp-3.9.0.jar:/home/user/.m2/repository/com/squareup/okio/okio/1.13.0/okio-1.13.0.jar:/home/user/.m2/repository/io/jaegertracing/jaeger-core/0.33.1/jaeger-core-0.33.1.jar:/home/user/.m2/repository/io/jaegertracing/jaeger-tracerresolver/0.33.1/jaeger-tracerresolver-0.33.1.jar:/home/user/.m2/repository/io/opentracing/contrib/opentracing-tracerresolver/0.1.5/opentracing-tracerresolver-0.1.5.jar:/home/user/.m2/repository/io/opentracing/opentracing-util/0.31.0/opentracing-util-0.31.0.jar:/home/user/.m2/repository/io/opentracing/opentracing-api/0.31.0/opentracing-api-0.31.0.jar:/home/user/.m2/repository/io/opentracing/opentracing-noop/0.31.0/opentracing-noop-0.31.0.jar:/home/user/.m2/repository/org/apache/hadoop/hadoop-hdds-server-framework/0.5.0-SNAPSHOT/hadoop-hdds-server-framework-0.5.0-SNAPSHOT.jar:/home/user/.m2/repository/org/apache/hadoop/hadoop-hdds-container-service/0.5.0-SNAPSHOT/hadoop-hdds-container-service-0.5.0-SNAPSHOT.jar:/home/user/.m2/repository/org/apache/hadoop/hadoop-hdds-client/0.5.0-SNAPSHOT/hadoop-hdds-client-0.5.0-SNAPSHOT.jar:/home/user/.m2/repository/org/apache/hadoop/hadoop-hdds-tools/0.5.0-SNAPSHOT/hadoop-hdds-tools-0.5.0-SNAPSHOT.jar:/home/user/.m2/repository/org/apache/hadoop/hadoop-hdds-server-scm/0.5.0-SNAPSHOT/hadoop-hdds-server-scm-0.5.0-SNAPSHOT.jar:/home/user/.m2/repository/org/apache/hadoop/hadoop-hdds-docs/0.5.0-SNAPSHOT/hadoop-hdds-docs-0.5.0-SNAPSHOT.jar:/home/user/.m2/repository/io/dropwizard/metrics/metrics-core/3.2.4/metrics-core-3.2.4.jar:/home/user/.m2/repository/org/hamcrest/hamcrest-all/1.3/hamcrest-all-1.3.jar:/home/user/.m2/repository/org/bouncycastle/bcprov-jdk15on/1.60/bcprov-jdk15on-1.60.jar:/home/user/.m2/repository/info/picocli/picocli/3.9.6/picocli-3.9.6.jar:/home/user/.m2/repository/com/google/protobuf/protobuf-java/2.5.0/protobuf-java-2.5.0.jar:/home/user/.m2/repository/com/google/guava/guava/11.0.2/guava-11.0.2.jar:/home/user/.m2/repository/org/apache/hadoop/hadoop-ozone-ozone-manager/0.5.0-SNAPSHOT/hadoop-ozone-ozone-manager-0.5.0-SNAPSHOT.jar:/home/user/.m2/repository/org/apache/hadoop/hadoop-minikdc/3.2.0/hadoop-minikdc-3.2.0.jar:/home/user/.m2/repository/commons-io/commons-io/2.5/commons-io-2.5.jar:/home/user/.m2/repository/org/apache/kerby/kerb-simplekdc/1.0.1/kerb-simplekdc-1.0.1.jar:/home/user/.m2/repository/org/apache/kerby/kerb-client/1.0.1/kerb-client-1.0.1.jar:/home/user/.m2/repository/org/apache/kerby/kerby-config/1.0.1/kerby-config-1.0.1.jar:/home/user/.m2/repository/org/apache/kerby/kerb-core/1.0.1/kerb-core-1.0.1.jar:/home/user/.m2/repository/org/apache/kerby/kerby-pkix/1.0.1/kerby-pkix-1.0.1.jar:/home/user/.m2/repository/org/apache/kerby/kerby-asn1/1.0.1/kerby-asn1-1.0.1.jar:/home/user/.m2/repository/org/apache/kerby/kerby-util/1.0.1/kerby-util-1.0.1.jar:/home/user/.m2/repository/org/apache/kerby/kerb-common/1.0.1/kerb-common-1.0.1.jar:/home/user/.m2/repository/org/apache/kerby/kerb-crypto/1.0.1/kerb-crypto-1.0.1.jar:/home/user/.m2/repository/org/apache/kerby/kerb-util/1.0.1/kerb-util-1.0.1.jar:/home/user/.m2/repository/org/apache/kerby/token-provider/1.0.1/token-provider-1.0.1.jar:/home/user/.m2/repository/org/apache/kerby/kerb-admin/1.0.1/kerb-admin-1.0.1.jar:/home/user/.m2/repository/org/apache/kerby/kerb-server/1.0.1/kerb-server-1.0.1.jar:/home/user/.m2/repository/org/apache/kerby/kerb-identity/1.0.1/kerb-identity-1.0.1.jar:/home/user/.m2/repository/org/apache/kerby/kerby-xdr/1.0.1/kerby-xdr-1.0.1.jar:/home/user/.m2/repository/org/slf4j/slf4j-log4j12/1.7.25/slf4j-log4j12-1.7.25.jar:/home/user/.m2/repository/org/apache/hadoop/hadoop-ozone-s3gateway/0.5.0-SNAPSHOT/hadoop-ozone-s3gateway-0.5.0-SNAPSHOT.jar:/home/user/.m2/repository/org/jboss/weld/servlet/weld-servlet/2.4.7.Final/weld-servlet-2.4.7.Final.jar:/home/user/.m2/repository/org/glassfish/jersey/containers/jersey-container-servlet-core/2.27/jersey-container-servlet-core-2.27.jar:/home/user/.m2/repository/org/glassfish/hk2/external/javax.inject/2.5.0-b42/javax.inject-2.5.0-b42.jar:/home/user/.m2/repository/org/glassfish/jersey/core/jersey-common/2.27/jersey-common-2.27.jar:/home/user/.m2/repository/org/glassfish/hk2/osgi-resource-locator/1.0.1/osgi-resource-locator-1.0.1.jar:/home/user/.m2/repository/javax/ws/rs/javax.ws.rs-api/2.1/javax.ws.rs-api-2.1.jar:/home/user/.m2/repository/org/glassfish/jersey/ext/cdi/jersey-cdi1x/2.27/jersey-cdi1x-2.27.jar:/home/user/.m2/repository/org/glassfish/jersey/inject/jersey-hk2/2.27/jersey-hk2-2.27.jar:/home/user/.m2/repository/org/glassfish/hk2/hk2-locator/2.5.0-b42/hk2-locator-2.5.0-b42.jar:/home/user/.m2/repository/org/javassist/javassist/3.22.0-CR2/javassist-3.22.0-CR2.jar:/home/user/.m2/repository/org/glassfish/hk2/hk2-api/2.5.0/hk2-api-2.5.0.jar:/home/user/.m2/repository/org/glassfish/hk2/external/jakarta.inject/2.5.0/jakarta.inject-2.5.0.jar:/home/user/.m2/repository/org/glassfish/hk2/hk2-utils/2.5.0/hk2-utils-2.5.0.jar:/home/user/.m2/repository/jakarta/annotation/jakarta.annotation-api/1.3.4/jakarta.annotation-api-1.3.4.jar:/home/user/.m2/repository/org/glassfish/hk2/external/aopalliance-repackaged/2.5.0/aopalliance-repackaged-2.5.0.jar:/home/user/.m2/repository/com/fasterxml/jackson/dataformat/jackson-dataformat-xml/2.9.0/jackson-dataformat-xml-2.9.0.jar:/home/user/.m2/repository/com/fasterxml/jackson/core/jackson-core/2.9.5/jackson-core-2.9.5.jar:/home/user/.m2/repository/com/fasterxml/jackson/module/jackson-module-jaxb-annotations/2.9.5/jackson-module-jaxb-annotations-2.9.5.jar:/home/user/.m2/repository/javax/enterprise/cdi-api/1.2/cdi-api-1.2.jar:/home/user/.m2/repository/javax/el/javax.el-api/3.0.0/javax.el-api-3.0.0.jar:/home/user/.m2/repository/javax/interceptor/javax.interceptor-api/1.2/javax.interceptor-api-1.2.jar:/home/user/.m2/repository/javax/inject/javax.inject/1/javax.inject-1.jar:/home/user/.m2/repository/com/sun/xml/bind/jaxb-impl/2.3.0.1/jaxb-impl-2.3.0.1.jar:/home/user/.m2/repository/com/sun/xml/bind/jaxb-core/2.3.0.1/jaxb-core-2.3.0.1.jar:/home/user/.m2/repository/javax/xml/bind/jaxb-api/2.3.0/jaxb-api-2.3.0.jar:/home/user/.m2/repository/javax/activation/activation/1.1.1/activation-1.1.1.jar:/home/user/.m2/repository/org/apache/hadoop/hadoop-ozone-csi/0.5.0-SNAPSHOT/hadoop-ozone-csi-0.5.0-SNAPSHOT.jar:/home/user/.m2/repository/com/google/protobuf/protobuf-java-util/3.5.1/protobuf-java-util-3.5.1.jar:/home/user/.m2/repository/org/apache/hadoop/hadoop-hdds-config/0.5.0-SNAPSHOT/hadoop-hdds-config-0.5.0-SNAPSHOT.jar:/home/user/.m2/repository/io/grpc/grpc-netty/1.17.1/grpc-netty-1.17.1.jar:/home/user/.m2/repository/io/grpc/grpc-core/1.17.1/grpc-core-1.17.1.jar:/home/user/.m2/repository/io/grpc/grpc-context/1.17.1/grpc-context-1.17.1.jar:/home/user/.m2/repository/com/google/errorprone/error_prone_annotations/2.2.0/error_prone_annotations-2.2.0.jar:/home/user/.m2/repository/org/codehaus/mojo/animal-sniffer-annotations/1.17/animal-sniffer-annotations-1.17.jar:/home/user/.m2/repository/io/opencensus/opencensus-api/0.17.0/opencensus-api-0.17.0.jar:/home/user/.m2/repository/io/opencensus/opencensus-contrib-grpc-metrics/0.17.0/opencensus-contrib-grpc-metrics-0.17.0.jar:/home/user/.m2/repository/io/netty/netty-codec-http2/4.1.30.Final/netty-codec-http2-4.1.30.Final.jar:/home/user/.m2/repository/io/netty/netty-codec-http/4.1.30.Final/netty-codec-http-4.1.30.Final.jar:/home/user/.m2/repository/io/netty/netty-codec/4.1.30.Final/netty-codec-4.1.30.Final.jar:/home/user/.m2/repository/io/netty/netty-handler/4.1.30.Final/netty-handler-4.1.30.Final.jar:/home/user/.m2/repository/io/netty/netty-handler-proxy/4.1.30.Final/netty-handler-proxy-4.1.30.Final.jar:/home/user/.m2/repository/io/netty/netty-codec-socks/4.1.30.Final/netty-codec-socks-4.1.30.Final.jar:/home/user/.m2/repository/io/netty/netty-transport-native-epoll/4.1.30.Final/netty-transport-native-epoll-4.1.30.Final.jar:/home/user/.m2/repository/io/netty/netty-common/4.1.30.Final/netty-common-4.1.30.Final.jar:/home/user/.m2/repository/io/netty/netty-buffer/4.1.30.Final/netty-buffer-4.1.30.Final.jar:/home/user/.m2/repository/io/netty/netty-transport/4.1.30.Final/netty-transport-4.1.30.Final.jar:/home/user/.m2/repository/io/netty/netty-resolver/4.1.30.Final/netty-resolver-4.1.30.Final.jar:/home/user/.m2/repository/io/netty/netty-transport-native-unix-common/4.1.30.Final/netty-transport-native-unix-common-4.1.30.Final.jar:/home/user/.m2/repository/io/grpc/grpc-protobuf/1.17.1/grpc-protobuf-1.17.1.jar:/home/user/.m2/repository/com/google/api/grpc/proto-google-common-protos/1.0.0/proto-google-common-protos-1.0.0.jar:/home/user/.m2/repository/io/grpc/grpc-protobuf-lite/1.17.1/grpc-protobuf-lite-1.17.1.jar:/home/user/.m2/repository/io/grpc/grpc-stub/1.17.1/grpc-stub-1.17.1.jar:/home/user/.m2/repository/org/apache/hadoop/hadoop-ozone-recon/0.5.0-SNAPSHOT/hadoop-ozone-recon-0.5.0-SNAPSHOT.jar:/home/user/.m2/repository/org/apache/hadoop/hadoop-ozone-reconcodegen/0.5.0-SNAPSHOT/hadoop-ozone-reconcodegen-0.5.0-SNAPSHOT.jar:/home/user/.m2/repository/com/google/inject/extensions/guice-multibindings/4.0/guice-multibindings-4.0.jar:/home/user/.m2/repository/com/google/inject/guice/4.0/guice-4.0.jar:/home/user/.m2/repository/aopalliance/aopalliance/1.0/aopalliance-1.0.jar:/home/user/.m2/repository/com/google/inject/extensions/guice-servlet/4.0/guice-servlet-4.0.jar:/home/user/.m2/repository/org/glassfish/jersey/containers/jersey-container-servlet/2.27/jersey-container-servlet-2.27.jar:/home/user/.m2/repository/org/glassfish/hk2/guice-bridge/2.5.0/guice-bridge-2.5.0.jar:/home/user/.m2/repository/org/glassfish/jersey/core/jersey-server/2.27/jersey-server-2.27.jar:/home/user/.m2/repository/org/glassfish/jersey/core/jersey-client/2.27/jersey-client-2.27.jar:/home/user/.m2/repository/org/glassfish/jersey/media/jersey-media-jaxb/2.27/jersey-media-jaxb-2.27.jar:/home/user/.m2/repository/javax/validation/validation-api/1.1.0.Final/validation-api-1.1.0.Final.jar:/home/user/.m2/repository/org/glassfish/jersey/media/jersey-media-json-jackson/2.27/jersey-media-json-jackson-2.27.jar:/home/user/.m2/repository/org/glassfish/jersey/ext/jersey-entity-filtering/2.27/jersey-entity-filtering-2.27.jar:/home/user/.m2/repository/com/google/inject/extensions/guice-assistedinject/4.0/guice-assistedinject-4.0.jar:/home/user/.m2/repository/org/jooq/jooq/3.11.10/jooq-3.11.10.jar:/home/user/.m2/repository/org/jooq/jooq-meta/3.11.10/jooq-meta-3.11.10.jar:/home/user/.m2/repository/org/jooq/jooq-codegen/3.11.10/jooq-codegen-3.11.10.jar:/home/user/.m2/repository/com/jolbox/bonecp/0.8.0.RELEASE/bonecp-0.8.0.RELEASE.jar:/home/user/.m2/repository/org/xerial/sqlite-jdbc/3.25.2/sqlite-jdbc-3.25.2.jar:/home/user/.m2/repository/org/springframework/spring-jdbc/5.1.3.RELEASE/spring-jdbc-5.1.3.RELEASE.jar:/home/user/.m2/repository/org/springframework/spring-beans/5.1.3.RELEASE/spring-beans-5.1.3.RELEASE.jar:/home/user/.m2/repository/org/springframework/spring-core/5.1.3.RELEASE/spring-core-5.1.3.RELEASE.jar:/home/user/.m2/repository/org/springframework/spring-jcl/5.1.3.RELEASE/spring-jcl-5.1.3.RELEASE.jar:/home/user/.m2/repository/org/springframework/spring-tx/5.1.3.RELEASE/spring-tx-5.1.3.RELEASE.jar:/home/user/.m2/repository/org/apache/hadoop/hadoop-ozone-client/0.5.0-SNAPSHOT/hadoop-ozone-client-0.5.0-SNAPSHOT.jar:/home/user/.m2/repository/commons-lang/commons-lang/2.6/commons-lang-2.6.jar:/home/user/.m2/repository/org/apache/hadoop/hadoop-ozone-ozone-manager/0.5.0-SNAPSHOT/hadoop-ozone-ozone-manager-0.5.0-SNAPSHOT-tests.jar:/home/user/.m2/repository/junit/junit/4.11/junit-4.11.jar:/home/user/.m2/repository/org/hamcrest/hamcrest-core/1.3/hamcrest-core-1.3.jar:/home/user/.m2/repository/org/openjdk/jmh/jmh-core/1.19/jmh-core-1.19.jar:/home/user/.m2/repository/net/sf/jopt-simple/jopt-simple/4.6/jopt-simple-4.6.jar:/home/user/.m2/repository/org/apache/commons/commons-math3/3.1.1/commons-math3-3.1.1.jar:/home/user/.m2/repository/org/openjdk/jmh/jmh-generator-annprocess/1.19/jmh-generator-annprocess-1.19.jar:/home/user/.m2/repository/org/mockito/mockito-all/1.8.5/mockito-all-1.8.5.jar:/home/user/.m2/repository/org/apache/hadoop/hadoop-kms/3.2.0/hadoop-kms-3.2.0.jar:/home/user/.m2/repository/org/apache/hadoop/hadoop-auth/3.2.0/hadoop-auth-3.2.0.jar:/home/user/.m2/repository/com/nimbusds/nimbus-jose-jwt/4.41.1/nimbus-jose-jwt-4.41.1.jar:/home/user/.m2/repository/com/github/stephenc/jcip/jcip-annotations/1.0-1/jcip-annotations-1.0-1.jar:/home/user/.m2/repository/net/minidev/json-smart/2.3/json-smart-2.3.jar:/home/user/.m2/repository/net/minidev/accessors-smart/1.2/accessors-smart-1.2.jar:/home/user/.m2/repository/org/ow2/asm/asm/5.0.4/asm-5.0.4.jar:/home/user/.m2/repository/org/apache/curator/curator-framework/2.12.0/curator-framework-2.12.0.jar:/home/user/.m2/repository/com/sun/jersey/jersey-core/1.19/jersey-core-1.19.jar:/home/user/.m2/repository/javax/ws/rs/jsr311-api/1.1.1/jsr311-api-1.1.1.jar:/home/user/.m2/repository/com/sun/jersey/jersey-server/1.19/jersey-server-1.19.jar:/home/user/.m2/repository/javax/servlet/javax.servlet-api/3.1.0/javax.servlet-api-3.1.0.jar:/home/user/.m2/repository/org/eclipse/jetty/jetty-server/9.3.24.v20180605/jetty-server-9.3.24.v20180605.jar:/home/user/.m2/repository/org/eclipse/jetty/jetty-http/9.3.24.v20180605/jetty-http-9.3.24.v20180605.jar:/home/user/.m2/repository/org/eclipse/jetty/jetty-io/9.3.24.v20180605/jetty-io-9.3.24.v20180605.jar:/home/user/.m2/repository/org/eclipse/jetty/jetty-webapp/9.3.24.v20180605/jetty-webapp-9.3.24.v20180605.jar:/home/user/.m2/repository/org/eclipse/jetty/jetty-xml/9.3.24.v20180605/jetty-xml-9.3.24.v20180605.jar:/home/user/.m2/repository/log4j/log4j/1.2.17/log4j-1.2.17.jar:/home/user/.m2/repository/org/slf4j/slf4j-api/1.7.25/slf4j-api-1.7.25.jar:/home/user/.m2/repository/org/slf4j/jul-to-slf4j/1.7.25/jul-to-slf4j-1.7.25.jar:/home/user/.m2/repository/org/eclipse/jetty/jetty-util/9.3.24.v20180605/jetty-util-9.3.24.v20180605.jar:/home/user/.m2/repository/com/fasterxml/jackson/core/jackson-databind/2.9.5/jackson-databind-2.9.5.jar:/home/user/.m2/repository/org/apache/hadoop/hadoop-kms/3.2.0/hadoop-kms-3.2.0-tests.jar:/home/user/.m2/repository/org/apache/hadoop/hadoop-hdds-server-scm/0.5.0-SNAPSHOT/hadoop-hdds-server-scm-0.5.0-SNAPSHOT-tests.jar:/home/user/.m2/repository/org/apache/hadoop/hadoop-hdds-container-service/0.5.0-SNAPSHOT/hadoop-hdds-container-service-0.5.0-SNAPSHOT-tests.jar:/home/user/.m2/repository/org/yaml/snakeyaml/1.16/snakeyaml-1.16.jar:/home/user/.m2/repository/org/apache/hadoop/hadoop-common/3.2.0/hadoop-common-3.2.0-tests.jar:/home/user/.m2/repository/org/apache/hadoop/hadoop-annotations/3.2.0/hadoop-annotations-3.2.0.jar:/usr/lib/jvm/java-1.8-openjdk/jre/../lib/tools.jar:/home/user/.m2/repository/commons-cli/commons-cli/1.2/commons-cli-1.2.jar:/home/user/.m2/repository/org/apache/httpcomponents/httpclient/4.5.2/httpclient-4.5.2.jar:/home/user/.m2/repository/org/apache/httpcomponents/httpcore/4.4.4/httpcore-4.4.4.jar:/home/user/.m2/repository/commons-codec/commons-codec/1.11/commons-codec-1.11.jar:/home/user/.m2/repository/commons-net/commons-net/3.6/commons-net-3.6.jar:/home/user/.m2/repository/commons-collections/commons-collections/3.2.2/commons-collections-3.2.2.jar:/home/user/.m2/repository/org/eclipse/jetty/jetty-servlet/9.3.24.v20180605/jetty-servlet-9.3.24.v20180605.jar:/home/user/.m2/repository/org/eclipse/jetty/jetty-security/9.3.24.v20180605/jetty-security-9.3.24.v20180605.jar:/home/user/.m2/repository/javax/servlet/jsp/jsp-api/2.1/jsp-api-2.1.jar:/home/user/.m2/repository/com/sun/jersey/jersey-servlet/1.19/jersey-servlet-1.19.jar:/home/user/.m2/repository/com/sun/jersey/jersey-json/1.19/jersey-json-1.19.jar:/home/user/.m2/repository/org/codehaus/jettison/jettison/1.1/jettison-1.1.jar:/home/user/.m2/repository/org/codehaus/jackson/jackson-core-asl/1.9.13/jackson-core-asl-1.9.13.jar:/home/user/.m2/repository/org/codehaus/jackson/jackson-mapper-asl/1.9.13/jackson-mapper-asl-1.9.13.jar:/home/user/.m2/repository/org/codehaus/jackson/jackson-jaxrs/1.9.13/jackson-jaxrs-1.9.13.jar:/home/user/.m2/repository/org/codehaus/jackson/jackson-xc/1.9.13/jackson-xc-1.9.13.jar:/home/user/.m2/repository/commons-logging/commons-logging/1.1.3/commons-logging-1.1.3.jar:/home/user/.m2/repository/commons-beanutils/commons-beanutils/1.9.3/commons-beanutils-1.9.3.jar:/home/user/.m2/repository/org/apache/commons/commons-configuration2/2.1.1/commons-configuration2-2.1.1.jar:/home/user/.m2/repository/org/apache/commons/commons-lang3/3.7/commons-lang3-3.7.jar:/home/user/.m2/repository/org/apache/commons/commons-text/1.4/commons-text-1.4.jar:/home/user/.m2/repository/org/apache/avro/avro/1.7.7/avro-1.7.7.jar:/home/user/.m2/repository/com/thoughtworks/paranamer/paranamer/2.3/paranamer-2.3.jar:/home/user/.m2/repository/org/xerial/snappy/snappy-java/1.0.5/snappy-java-1.0.5.jar:/home/user/.m2/repository/com/google/re2j/re2j/1.1/re2j-1.1.jar:/home/user/.m2/repository/com/google/code/gson/gson/2.2.4/gson-2.2.4.jar:/home/user/.m2/repository/com/jcraft/jsch/0.1.54/jsch-0.1.54.jar:/home/user/.m2/repository/org/apache/curator/curator-client/2.12.0/curator-client-2.12.0.jar:/home/user/.m2/repository/org/apache/curator/curator-recipes/2.12.0/curator-recipes-2.12.0.jar:/home/user/.m2/repository/com/google/code/findbugs/jsr305/3.0.0/jsr305-3.0.0.jar:/home/user/.m2/repository/org/apache/htrace/htrace-core4/4.1.0-incubating/htrace-core4-4.1.0-incubating.jar:/home/user/.m2/repository/org/apache/zookeeper/zookeeper/3.4.13/zookeeper-3.4.13.jar:/home/user/.m2/repository/org/apache/yetus/audience-annotations/0.5.0/audience-annotations-0.5.0.jar:/home/user/.m2/repository/org/codehaus/woodstox/stax2-api/3.1.4/stax2-api-3.1.4.jar:/home/user/.m2/repository/com/fasterxml/woodstox/woodstox-core/5.0.3/woodstox-core-5.0.3.jar:/home/user/.m2/repository/dnsjava/dnsjava/2.1.7/dnsjava-2.1.7.jar:/home/user/.m2/repository/org/apache/hadoop/hadoop-hdfs/3.2.0/hadoop-hdfs-3.2.0-tests.jar:/home/user/.m2/repository/org/eclipse/jetty/jetty-util-ajax/9.3.24.v20180605/jetty-util-ajax-9.3.24.v20180605.jar:/home/user/.m2/repository/commons-daemon/commons-daemon/1.0.13/commons-daemon-1.0.13.jar:/home/user/.m2/repository/io/netty/netty/3.10.5.Final/netty-3.10.5.Final.jar:/home/user/.m2/repository/io/netty/netty-all/4.0.52.Final/netty-all-4.0.52.Final.jar:/home/user/.m2/repository/org/fusesource/leveldbjni/leveldbjni-all/1.8/leveldbjni-all-1.8.jar:"/>
    <property name="sun.cpu.endian" value="little"/>
    <property name="user.home" value="/home/user"/>
    <property name="user.language" value="en"/>
    <property name="java.specification.vendor" value="Oracle Corporation"/>
    <property name="java.home" value="/usr/lib/jvm/java-1.8-openjdk/jre"/>
    <property name="java.security.krb5.conf" value="/workdir/hadoop-ozone/integration-test/target/test-classes/krb5.conf"/>
    <property name="basedir" value="/workdir/hadoop-ozone/integration-test"/>
    <property name="file.separator" value="/"/>
    <property name="line.separator" value="&#10;"/>
    <property name="java.vm.specification.vendor" value="Oracle Corporation"/>
    <property name="java.specification.name" value="Java Platform API Specification"/>
    <property name="java.awt.graphicsenv" value="sun.awt.X11GraphicsEnvironment"/>
    <property name="surefire.real.class.path" value="/workdir/hadoop-ozone/integration-test/target/surefire/surefirebooter3939185055393491152.jar"/>
    <property name="hadoop.log.dir" value="/workdir/hadoop-ozone/integration-test/target/log"/>
    <property name="sun.boot.class.path" value="/usr/lib/jvm/java-1.8-openjdk/jre/lib/resources.jar:/usr/lib/jvm/java-1.8-openjdk/jre/lib/rt.jar:/usr/lib/jvm/java-1.8-openjdk/jre/lib/sunrsasign.jar:/usr/lib/jvm/java-1.8-openjdk/jre/lib/jsse.jar:/usr/lib/jvm/java-1.8-openjdk/jre/lib/jce.jar:/usr/lib/jvm/java-1.8-openjdk/jre/lib/charsets.jar:/usr/lib/jvm/java-1.8-openjdk/jre/lib/jfr.jar:/usr/lib/jvm/java-1.8-openjdk/jre/classes"/>
    <property name="sun.management.compiler" value="HotSpot 64-Bit Tiered Compilers"/>
    <property name="java.runtime.version" value="1.8.0_212-b04"/>
    <property name="java.net.preferIPv4Stack" value="true"/>
    <property name="user.name" value="jenkins1000"/>
    <property name="path.separator" value=":"/>
    <property name="java.security.egd" value="file:///dev/urandom"/>
    <property name="os.version" value="3.10.0-957.12.2.el7.x86_64"/>
    <property name="java.endorsed.dirs" value="/usr/lib/jvm/java-1.8-openjdk/jre/lib/endorsed"/>
    <property name="java.runtime.name" value="OpenJDK Runtime Environment"/>
    <property name="file.encoding" value="UTF-8"/>
    <property name="java.vm.name" value="OpenJDK 64-Bit Server VM"/>
    <property name="test.build.webapps" value=""/>
    <property name="localRepository" value="/home/user/.m2/repository"/>
    <property name="java.vendor.url.bug" value="https://icedtea.classpath.org/bugzilla"/>
    <property name="java.io.tmpdir" value="/tmp"/>
    <property name="require.test.libhadoop" value=""/>
    <property name="java.version" value="1.8.0_212"/>
    <property name="user.dir" value="/workdir/hadoop-ozone/integration-test"/>
    <property name="os.arch" value="amd64"/>
    <property name="java.vm.specification.name" value="Java Virtual Machine Specification"/>
    <property name="test.build.classes" value="/workdir/hadoop-ozone/integration-test/target/test-classes"/>
    <property name="java.awt.printerjob" value="sun.print.PSPrinterJob"/>
    <property name="sun.os.patch.level" value="unknown"/>
    <property name="hadoop.tmp.dir" value="/workdir/hadoop-ozone/integration-test/target/tmp"/>
    <property name="java.library.path" value="/usr/lib/jvm/java-1.8-openjdk/jre/lib/amd64/server:/usr/lib/jvm/java-1.8-openjdk/jre/lib/amd64:/usr/lib/jvm/java-1.8-openjdk/jre/../lib/amd64:/workdir/hadoop-ozone/integration-test/target/native/target/usr/local/lib:/workdir/hadoop-ozone/integration-test/../../hadoop-common-project/hadoop-common/target/native/target/usr/local/lib:/usr/java/packages/lib/amd64:/usr/lib64:/lib64:/lib:/usr/lib"/>
    <property name="java.vm.info" value="mixed mode"/>
    <property name="java.vendor" value="IcedTea"/>
    <property name="java.vm.version" value="25.212-b04"/>
    <property name="java.ext.dirs" value="/usr/lib/jvm/java-1.8-openjdk/jre/lib/ext:/usr/java/packages/lib/ext"/>
    <property name="sun.io.unicode.encoding" value="UnicodeLittle"/>
    <property name="java.class.version" value="52.0"/>
  </properties>
  <testcase name="testGroupMismatchExceptionHandling" classname="org.apache.hadoop.ozone.client.rpc.TestOzoneClientRetriesOnException" time="49.337"/>
  <testcase name="testMaxRetriesByOzoneClient" classname="org.apache.hadoop.ozone.client.rpc.TestOzoneClientRetriesOnException" time="336.494">
    <error message="Failed to command cmdType: CreateContainer&#10;containerID: 1&#10;datanodeUuid: &quot;967c7462-8c27-4f7c-97a1-2e921716fc39&quot;&#10;createContainer {&#10;}&#10;" type="java.io.IOException">java.io.IOException: 
Failed to command cmdType: CreateContainer
containerID: 1
datanodeUuid: "967c7462-8c27-4f7c-97a1-2e921716fc39"
createContainer {
}

	at org.apache.hadoop.hdds.scm.XceiverClientSpi.sendCommand(XceiverClientSpi.java:113)
	at org.apache.hadoop.ozone.client.rpc.TestOzoneClientRetriesOnException.testMaxRetriesByOzoneClient(TestOzoneClientRetriesOnException.java:190)
	at sun.reflect.NativeMethodAccessorImpl.invoke0(Native Method)
	at sun.reflect.NativeMethodAccessorImpl.invoke(NativeMethodAccessorImpl.java:62)
	at sun.reflect.DelegatingMethodAccessorImpl.invoke(DelegatingMethodAccessorImpl.java:43)
	at java.lang.reflect.Method.invoke(Method.java:498)
	at org.junit.runners.model.FrameworkMethod$1.runReflectiveCall(FrameworkMethod.java:47)
	at org.junit.internal.runners.model.ReflectiveCallable.run(ReflectiveCallable.java:12)
	at org.junit.runners.model.FrameworkMethod.invokeExplosively(FrameworkMethod.java:44)
	at org.junit.internal.runners.statements.InvokeMethod.evaluate(InvokeMethod.java:17)
	at org.junit.internal.runners.statements.RunBefores.evaluate(RunBefores.java:26)
	at org.junit.internal.runners.statements.RunAfters.evaluate(RunAfters.java:27)
	at org.junit.runners.ParentRunner.runLeaf(ParentRunner.java:271)
	at org.junit.runners.BlockJUnit4ClassRunner.runChild(BlockJUnit4ClassRunner.java:70)
	at org.junit.runners.BlockJUnit4ClassRunner.runChild(BlockJUnit4ClassRunner.java:50)
	at org.junit.runners.ParentRunner$3.run(ParentRunner.java:238)
	at org.junit.runners.ParentRunner$1.schedule(ParentRunner.java:63)
	at org.junit.runners.ParentRunner.runChildren(ParentRunner.java:236)
	at org.junit.runners.ParentRunner.access$000(ParentRunner.java:53)
	at org.junit.runners.ParentRunner$2.evaluate(ParentRunner.java:229)
	at org.junit.runners.ParentRunner.run(ParentRunner.java:309)
	at org.apache.maven.surefire.junit4.JUnit4Provider.execute(JUnit4Provider.java:365)
	at org.apache.maven.surefire.junit4.JUnit4Provider.executeWithRerun(JUnit4Provider.java:273)
	at org.apache.maven.surefire.junit4.JUnit4Provider.executeTestSet(JUnit4Provider.java:238)
	at org.apache.maven.surefire.junit4.JUnit4Provider.invoke(JUnit4Provider.java:159)
	at org.apache.maven.surefire.booter.ForkedBooter.invokeProviderInSameClassLoader(ForkedBooter.java:384)
	at org.apache.maven.surefire.booter.ForkedBooter.runSuitesInProcess(ForkedBooter.java:345)
	at org.apache.maven.surefire.booter.ForkedBooter.execute(ForkedBooter.java:126)
	at org.apache.maven.surefire.booter.ForkedBooter.main(ForkedBooter.java:418)
Caused by: java.util.concurrent.ExecutionException: org.apache.ratis.protocol.RaftRetryFailureException: Failed RaftClientRequest:client-3CE7D51E2834->a9c241ba-7330-43af-b780-2b01a2bccba1@group-81194D8428A3, cid=45, seq=4*, RW, org.apache.hadoop.hdds.scm.XceiverClientRatis$$Lambda$341/875768717@372247de for 180 attempts with RetryLimited(maxAttempts=180, sleepTime=1000ms)
	at java.util.concurrent.CompletableFuture.reportGet(CompletableFuture.java:357)
	at java.util.concurrent.CompletableFuture.get(CompletableFuture.java:1895)
	at org.apache.hadoop.hdds.scm.XceiverClientSpi.sendCommand(XceiverClientSpi.java:110)
	... 28 more
Caused by: org.apache.ratis.protocol.RaftRetryFailureException: Failed RaftClientRequest:client-3CE7D51E2834->a9c241ba-7330-43af-b780-2b01a2bccba1@group-81194D8428A3, cid=45, seq=4*, RW, org.apache.hadoop.hdds.scm.XceiverClientRatis$$Lambda$341/875768717@372247de for 180 attempts with RetryLimited(maxAttempts=180, sleepTime=1000ms)
	at org.apache.ratis.client.impl.RaftClientImpl.noMoreRetries(RaftClientImpl.java:271)
	at org.apache.ratis.client.impl.OrderedAsync.handleAsyncRetryFailure(OrderedAsync.java:138)
	at org.apache.ratis.client.impl.OrderedAsync.lambda$sendRequest$10(OrderedAsync.java:230)
	at java.util.concurrent.CompletableFuture.uniExceptionally(CompletableFuture.java:870)
	at java.util.concurrent.CompletableFuture$UniExceptionally.tryFire(CompletableFuture.java:852)
	at java.util.concurrent.CompletableFuture.postComplete(CompletableFuture.java:474)
	at java.util.concurrent.CompletableFuture.completeExceptionally(CompletableFuture.java:1977)
	at org.apache.ratis.grpc.client.GrpcClientProtocolClient$AsyncStreamObservers.completeReplyExceptionally(GrpcClientProtocolClient.java:339)
	at org.apache.ratis.grpc.client.GrpcClientProtocolClient$AsyncStreamObservers.access$000(GrpcClientProtocolClient.java:255)
	at org.apache.ratis.grpc.client.GrpcClientProtocolClient$AsyncStreamObservers$1.onNext(GrpcClientProtocolClient.java:267)
	at org.apache.ratis.grpc.client.GrpcClientProtocolClient$AsyncStreamObservers$1.onNext(GrpcClientProtocolClient.java:258)
	at org.apache.ratis.thirdparty.io.grpc.stub.ClientCalls$StreamObserverToCallListenerAdapter.onMessage(ClientCalls.java:421)
	at org.apache.ratis.thirdparty.io.grpc.ForwardingClientCallListener.onMessage(ForwardingClientCallListener.java:33)
	at org.apache.ratis.thirdparty.io.grpc.ForwardingClientCallListener.onMessage(ForwardingClientCallListener.java:33)
	at org.apache.ratis.thirdparty.io.grpc.internal.ClientCallImpl$ClientStreamListenerImpl$1MessagesAvailable.runInContext(ClientCallImpl.java:519)
	at org.apache.ratis.thirdparty.io.grpc.internal.ContextRunnable.run(ContextRunnable.java:37)
	at org.apache.ratis.thirdparty.io.grpc.internal.SerializingExecutor.run(SerializingExecutor.java:123)
	at java.util.concurrent.ThreadPoolExecutor.runWorker(ThreadPoolExecutor.java:1149)
	at java.util.concurrent.ThreadPoolExecutor$Worker.run(ThreadPoolExecutor.java:624)
	at java.lang.Thread.run(Thread.java:748)
Caused by: org.apache.ratis.protocol.NotLeaderException: Server a9c241ba-7330-43af-b780-2b01a2bccba1@group-81194D8428A3 is not the leader 967c7462-8c27-4f7c-97a1-2e921716fc39:192.168.69.122:46696
	at org.apache.ratis.client.impl.ClientProtoUtils.toRaftClientReply(ClientProtoUtils.java:243)
	at org.apache.ratis.grpc.client.GrpcClientProtocolClient$AsyncStreamObservers$1.onNext(GrpcClientProtocolClient.java:263)
	... 10 more
</error>
    <system-out><![CDATA[2019-09-17 06:15:52,669 [main] WARN  server.ServerUtils (ServerUtils.java:getScmDbDir(145)) - ozone.scm.db.dirs is not configured. We recommend adding this setting. Falling back to ozone.metadata.dirs instead.
2019-09-17 06:15:52,696 [main] WARN  server.ServerUtils (ServerUtils.java:getScmDbDir(145)) - ozone.scm.db.dirs is not configured. We recommend adding this setting. Falling back to ozone.metadata.dirs instead.
2019-09-17 06:15:52,697 [main] WARN  server.ServerUtils (ServerUtils.java:getScmDbDir(145)) - ozone.scm.db.dirs is not configured. We recommend adding this setting. Falling back to ozone.metadata.dirs instead.
2019-09-17 06:15:52,698 [main] INFO  db.DBStoreBuilder (DBStoreBuilder.java:addTable(110)) - using custom profile for table: deletedBlocks
2019-09-17 06:15:52,698 [main] INFO  db.DBStoreBuilder (DBStoreBuilder.java:processTables(161)) - Using default column profile:DBProfile.DISK for Table:deletedBlocks
2019-09-17 06:15:52,698 [main] INFO  db.DBStoreBuilder (DBStoreBuilder.java:addTable(110)) - using custom profile for table: validCerts
2019-09-17 06:15:52,699 [main] INFO  db.DBStoreBuilder (DBStoreBuilder.java:processTables(161)) - Using default column profile:DBProfile.DISK for Table:validCerts
2019-09-17 06:15:52,699 [main] INFO  db.DBStoreBuilder (DBStoreBuilder.java:addTable(110)) - using custom profile for table: revokedCerts
2019-09-17 06:15:52,700 [main] INFO  db.DBStoreBuilder (DBStoreBuilder.java:processTables(161)) - Using default column profile:DBProfile.DISK for Table:revokedCerts
2019-09-17 06:15:52,700 [main] INFO  db.DBStoreBuilder (DBStoreBuilder.java:addTable(110)) - using custom profile for table: default
2019-09-17 06:15:52,700 [main] INFO  db.DBStoreBuilder (DBStoreBuilder.java:processTables(167)) - Using default column profile:DBProfile.DISK for Table:default
2019-09-17 06:15:52,701 [main] INFO  db.DBStoreBuilder (DBStoreBuilder.java:getDbProfile(198)) - Using default options. DBProfile.DISK
2019-09-17 06:15:52,890 [main] INFO  net.NodeSchemaLoader (NodeSchemaLoader.java:loadSchemaFromFile(125)) - Loading file from sun.misc.CompoundEnumeration@2fd64b11
2019-09-17 06:15:52,890 [main] INFO  net.NodeSchemaLoader (NodeSchemaLoader.java:loadSchema(171)) - Loading network topology layer schema file
2019-09-17 06:15:52,895 [main] WARN  server.ServerUtils (ServerUtils.java:sanitizeUserArgs(70)) - ozone.scm.stale.node.interval value = 300000 is larger than max = 100000 based on the key value of ozone.scm.heartbeat.thread.interval, reset to the max value 100000.
2019-09-17 06:15:52,896 [main] WARN  server.ServerUtils (ServerUtils.java:sanitizeUserArgs(70)) - ozone.scm.stale.node.interval value = 300000 is larger than max = 100000 based on the key value of ozone.scm.heartbeat.thread.interval, reset to the max value 100000.
2019-09-17 06:15:52,896 [main] INFO  node.SCMNodeManager (SCMNodeManager.java:<init>(114)) - Entering startup safe mode.
2019-09-17 06:15:52,897 [main] INFO  algorithms.ContainerPlacementPolicyFactory (ContainerPlacementPolicyFactory.java:getPolicy(57)) - Create container placement policy of type org.apache.hadoop.hdds.scm.container.placement.algorithms.SCMContainerPlacementRandom
2019-09-17 06:15:52,897 [main] WARN  server.ServerUtils (ServerUtils.java:getScmDbDir(145)) - ozone.scm.db.dirs is not configured. We recommend adding this setting. Falling back to ozone.metadata.dirs instead.
2019-09-17 06:15:52,945 [main] INFO  pipeline.SCMPipelineManager (SCMPipelineManager.java:initializePipelineState(128)) - No pipeline exists in current db
2019-09-17 06:15:52,945 [main] WARN  server.ServerUtils (ServerUtils.java:getScmDbDir(145)) - ozone.scm.db.dirs is not configured. We recommend adding this setting. Falling back to ozone.metadata.dirs instead.
2019-09-17 06:15:52,994 [main] WARN  events.EventQueue (EventQueue.java:fireEvent(183)) - No event handler registered for event TypedEvent{payloadType=SafeModeStatus, name='SafeModeStatus'}
2019-09-17 06:15:52,995 [main] INFO  ipc.CallQueueManager (CallQueueManager.java:<init>(84)) - Using callQueue: class java.util.concurrent.LinkedBlockingQueue, queueCapacity: 2000, scheduler: class org.apache.hadoop.ipc.DefaultRpcScheduler, ipcBackoff: false.
2019-09-17 06:15:52,996 [Socket Reader #1 for port 41613] INFO  ipc.Server (Server.java:run(1074)) - Starting Socket Reader #1 for port 41613
2019-09-17 06:15:52,998 [main] INFO  ipc.CallQueueManager (CallQueueManager.java:<init>(84)) - Using callQueue: class java.util.concurrent.LinkedBlockingQueue, queueCapacity: 2000, scheduler: class org.apache.hadoop.ipc.DefaultRpcScheduler, ipcBackoff: false.
2019-09-17 06:15:52,999 [Socket Reader #1 for port 37238] INFO  ipc.Server (Server.java:run(1074)) - Starting Socket Reader #1 for port 37238
2019-09-17 06:15:53,000 [main] INFO  ipc.CallQueueManager (CallQueueManager.java:<init>(84)) - Using callQueue: class java.util.concurrent.LinkedBlockingQueue, queueCapacity: 2000, scheduler: class org.apache.hadoop.ipc.DefaultRpcScheduler, ipcBackoff: false.
2019-09-17 06:15:53,001 [Socket Reader #1 for port 44982] INFO  ipc.Server (Server.java:run(1074)) - Starting Socket Reader #1 for port 44982
2019-09-17 06:15:53,004 [main] INFO  hdfs.DFSUtil (DFSUtil.java:httpServerTemplateForNNAndJN(1641)) - Starting Web-server for scm at: http://0.0.0.0:0
2019-09-17 06:15:53,007 [main] INFO  server.AuthenticationFilter (AuthenticationFilter.java:constructSecretProvider(240)) - Unable to initialize FileSignerSecretProvider, falling back to use random secrets.
2019-09-17 06:15:53,008 [main] WARN  http.HttpRequestLog (HttpRequestLog.java:getRequestLog(97)) - Jetty request log can only be enabled using Log4j
2019-09-17 06:15:53,011 [main] INFO  http.HttpServer2 (HttpServer2.java:addGlobalFilter(975)) - Added global filter 'safety' (class=org.apache.hadoop.http.HttpServer2$QuotingInputFilter)
2019-09-17 06:15:53,012 [main] INFO  http.HttpServer2 (HttpServer2.java:addFilter(948)) - Added filter static_user_filter (class=org.apache.hadoop.http.lib.StaticUserWebFilter$StaticUserFilter) to context scm
2019-09-17 06:15:53,013 [main] INFO  http.HttpServer2 (HttpServer2.java:addFilter(958)) - Added filter static_user_filter (class=org.apache.hadoop.http.lib.StaticUserWebFilter$StaticUserFilter) to context logs
2019-09-17 06:15:53,013 [main] INFO  http.HttpServer2 (HttpServer2.java:addFilter(958)) - Added filter static_user_filter (class=org.apache.hadoop.http.lib.StaticUserWebFilter$StaticUserFilter) to context static
2019-09-17 06:15:53,017 [main] INFO  server.StorageContainerManager (StorageContainerManager.java:start(763)) - StorageContainerLocationProtocol RPC server is listening at /0.0.0.0:44982
2019-09-17 06:15:53,019 [main] WARN  impl.MetricsConfig (MetricsConfig.java:loadFirst(134)) - Cannot locate configuration: tried hadoop-metrics2-storagecontainermanager.properties,hadoop-metrics2.properties
2019-09-17 06:15:53,021 [main] INFO  impl.MetricsSystemImpl (MetricsSystemImpl.java:startTimer(374)) - Scheduled Metric snapshot period at 10 second(s).
2019-09-17 06:15:53,021 [main] INFO  impl.MetricsSystemImpl (MetricsSystemImpl.java:start(191)) - StorageContainerManager metrics system started
2019-09-17 06:15:53,074 [main] WARN  impl.MetricsSystemImpl (MetricsSystemImpl.java:register(276)) - Sink prometheus already exists!
2019-09-17 06:15:53,079 [main] INFO  server.SCMClientProtocolServer (SCMClientProtocolServer.java:start(151)) - RPC server for Client  is listening at /0.0.0.0:44982
2019-09-17 06:15:53,079 [IPC Server Responder] INFO  ipc.Server (Server.java:run(1314)) - IPC Server Responder: starting
2019-09-17 06:15:53,079 [IPC Server listener on 44982] INFO  ipc.Server (Server.java:run(1153)) - IPC Server listener on 44982: starting
2019-09-17 06:15:53,084 [main] INFO  server.StorageContainerManager (StorageContainerManager.java:start(773)) - ScmBlockLocationProtocol RPC server is listening at /0.0.0.0:37238
2019-09-17 06:15:53,084 [main] INFO  server.SCMBlockProtocolServer (SCMBlockProtocolServer.java:start(146)) - RPC server for Block Protocol is listening at /0.0.0.0:37238
2019-09-17 06:15:53,085 [IPC Server Responder] INFO  ipc.Server (Server.java:run(1314)) - IPC Server Responder: starting
2019-09-17 06:15:53,085 [IPC Server listener on 37238] INFO  ipc.Server (Server.java:run(1153)) - IPC Server listener on 37238: starting
2019-09-17 06:15:53,089 [main] INFO  server.StorageContainerManager (StorageContainerManager.java:start(777)) - ScmDatanodeProtocl RPC server is listening at /0.0.0.0:41613
2019-09-17 06:15:53,089 [main] INFO  server.SCMDatanodeProtocolServer (SCMDatanodeProtocolServer.java:start(191)) - RPC server for DataNodes is listening at /0.0.0.0:41613
2019-09-17 06:15:53,089 [IPC Server Responder] INFO  ipc.Server (Server.java:run(1314)) - IPC Server Responder: starting
2019-09-17 06:15:53,090 [IPC Server listener on 41613] INFO  ipc.Server (Server.java:run(1153)) - IPC Server listener on 41613: starting
2019-09-17 06:15:53,094 [main] INFO  http.HttpServer2 (HttpServer2.java:bindListener(1191)) - Jetty bound to port 40573
2019-09-17 06:15:53,094 [main] INFO  server.Server (Server.java:doStart(351)) - jetty-9.3.24.v20180605, build timestamp: 2018-06-05T17:11:56Z, git hash: 84205aa28f11a4f31f2a3b86d1bba2cc8ab69827
2019-09-17 06:15:53,096 [main] INFO  handler.ContextHandler (ContextHandler.java:doStart(781)) - Started o.e.j.s.ServletContextHandler@5b9499fe{/logs,file:///workdir/hadoop-ozone/integration-test/target/log,AVAILABLE}
2019-09-17 06:15:53,097 [main] INFO  handler.ContextHandler (ContextHandler.java:doStart(781)) - Started o.e.j.s.ServletContextHandler@52a33c3f{/static,file:///workdir/hadoop-ozone/integration-test/target/test-classes/webapps/static,AVAILABLE}
2019-09-17 06:15:53,103 [main] INFO  handler.ContextHandler (ContextHandler.java:doStart(781)) - Started o.e.j.w.WebAppContext@3e8b3b79{/,file:///workdir/hadoop-ozone/integration-test/target/test-classes/webapps/scm/,AVAILABLE}{/scm}
2019-09-17 06:15:53,104 [main] INFO  server.AbstractConnector (AbstractConnector.java:doStart(278)) - Started ServerConnector@d257579{HTTP/1.1,[http/1.1]}{0.0.0.0:40573}
2019-09-17 06:15:53,105 [main] INFO  server.Server (Server.java:doStart(419)) - Started @50347ms
2019-09-17 06:15:53,105 [main] WARN  impl.MetricsSystemImpl (MetricsSystemImpl.java:register(276)) - Sink prometheus already exists!
2019-09-17 06:15:53,106 [main] INFO  server.BaseHttpServer (BaseHttpServer.java:updateConnectorAddress(215)) - HTTP server of SCM is listening at http://0.0.0.0:40573
2019-09-17 06:15:53,106 [main] WARN  server.ServerUtils (ServerUtils.java:getDBPath(222)) - ozone.om.db.dirs is not configured. We recommend adding this setting. Falling back to ozone.metadata.dirs instead.
2019-09-17 06:15:53,107 [org.apache.hadoop.util.JvmPauseMonitor$Monitor@939ff41] INFO  util.JvmPauseMonitor (JvmPauseMonitor.java:run(188)) - Starting JVM pause monitor
2019-09-17 06:15:53,132 [main] WARN  server.ServerUtils (ServerUtils.java:getDBPath(222)) - ozone.om.db.dirs is not configured. We recommend adding this setting. Falling back to ozone.metadata.dirs instead.
2019-09-17 06:15:53,132 [main] WARN  server.ServerUtils (ServerUtils.java:getDBPath(222)) - ozone.om.db.dirs is not configured. We recommend adding this setting. Falling back to ozone.metadata.dirs instead.
2019-09-17 06:15:53,132 [main] INFO  om.OzoneManager (OzoneManager.java:setOMNodeDetails(649)) - OM Service ID is not set. Setting it to the default ID: omServiceIdDefault
2019-09-17 06:15:53,133 [main] INFO  om.OzoneManager (OzoneManager.java:setOMNodeDetails(655)) - OM Node ID is not set. Setting it to the OmStorage's OmID: 7cf854dd-df54-4807-978b-2d1ee56f30b0
2019-09-17 06:15:53,133 [main] INFO  om.OzoneManager (OzoneManager.java:loadOMHAConfigs(606)) - Found matching OM address with OMServiceId: null, OMNodeId: null, RPC Address: localhost:0 and Ratis port: 9872
2019-09-17 06:15:53,141 [main] WARN  server.ServerUtils (ServerUtils.java:getDBPath(222)) - ozone.om.db.dirs is not configured. We recommend adding this setting. Falling back to ozone.metadata.dirs instead.
2019-09-17 06:15:53,141 [main] INFO  db.DBStoreBuilder (DBStoreBuilder.java:addTable(110)) - using custom profile for table: userTable
2019-09-17 06:15:53,141 [main] INFO  db.DBStoreBuilder (DBStoreBuilder.java:processTables(161)) - Using default column profile:DBProfile.DISK for Table:userTable
2019-09-17 06:15:53,142 [main] INFO  db.DBStoreBuilder (DBStoreBuilder.java:addTable(110)) - using custom profile for table: volumeTable
2019-09-17 06:15:53,142 [main] INFO  db.DBStoreBuilder (DBStoreBuilder.java:processTables(161)) - Using default column profile:DBProfile.DISK for Table:volumeTable
2019-09-17 06:15:53,142 [main] INFO  db.DBStoreBuilder (DBStoreBuilder.java:addTable(110)) - using custom profile for table: bucketTable
2019-09-17 06:15:53,142 [main] INFO  db.DBStoreBuilder (DBStoreBuilder.java:processTables(161)) - Using default column profile:DBProfile.DISK for Table:bucketTable
2019-09-17 06:15:53,142 [main] INFO  db.DBStoreBuilder (DBStoreBuilder.java:addTable(110)) - using custom profile for table: keyTable
2019-09-17 06:15:53,143 [main] INFO  db.DBStoreBuilder (DBStoreBuilder.java:processTables(161)) - Using default column profile:DBProfile.DISK for Table:keyTable
2019-09-17 06:15:53,143 [main] INFO  db.DBStoreBuilder (DBStoreBuilder.java:addTable(110)) - using custom profile for table: deletedTable
2019-09-17 06:15:53,143 [main] INFO  db.DBStoreBuilder (DBStoreBuilder.java:processTables(161)) - Using default column profile:DBProfile.DISK for Table:deletedTable
2019-09-17 06:15:53,143 [main] INFO  db.DBStoreBuilder (DBStoreBuilder.java:addTable(110)) - using custom profile for table: openKeyTable
2019-09-17 06:15:53,143 [main] INFO  db.DBStoreBuilder (DBStoreBuilder.java:processTables(161)) - Using default column profile:DBProfile.DISK for Table:openKeyTable
2019-09-17 06:15:53,144 [main] INFO  db.DBStoreBuilder (DBStoreBuilder.java:addTable(110)) - using custom profile for table: s3Table
2019-09-17 06:15:53,144 [main] INFO  db.DBStoreBuilder (DBStoreBuilder.java:processTables(161)) - Using default column profile:DBProfile.DISK for Table:s3Table
2019-09-17 06:15:53,144 [main] INFO  db.DBStoreBuilder (DBStoreBuilder.java:addTable(110)) - using custom profile for table: multipartInfoTable
2019-09-17 06:15:53,144 [main] INFO  db.DBStoreBuilder (DBStoreBuilder.java:processTables(161)) - Using default column profile:DBProfile.DISK for Table:multipartInfoTable
2019-09-17 06:15:53,144 [main] INFO  db.DBStoreBuilder (DBStoreBuilder.java:addTable(110)) - using custom profile for table: dTokenTable
2019-09-17 06:15:53,145 [main] INFO  db.DBStoreBuilder (DBStoreBuilder.java:processTables(161)) - Using default column profile:DBProfile.DISK for Table:dTokenTable
2019-09-17 06:15:53,145 [main] INFO  db.DBStoreBuilder (DBStoreBuilder.java:addTable(110)) - using custom profile for table: s3SecretTable
2019-09-17 06:15:53,145 [main] INFO  db.DBStoreBuilder (DBStoreBuilder.java:processTables(161)) - Using default column profile:DBProfile.DISK for Table:s3SecretTable
2019-09-17 06:15:53,145 [main] INFO  db.DBStoreBuilder (DBStoreBuilder.java:addTable(110)) - using custom profile for table: prefixTable
2019-09-17 06:15:53,145 [main] INFO  db.DBStoreBuilder (DBStoreBuilder.java:processTables(161)) - Using default column profile:DBProfile.DISK for Table:prefixTable
2019-09-17 06:15:53,145 [main] INFO  db.DBStoreBuilder (DBStoreBuilder.java:addTable(110)) - using custom profile for table: default
2019-09-17 06:15:53,146 [main] INFO  db.DBStoreBuilder (DBStoreBuilder.java:processTables(167)) - Using default column profile:DBProfile.DISK for Table:default
2019-09-17 06:15:53,146 [main] INFO  db.DBStoreBuilder (DBStoreBuilder.java:getDbProfile(198)) - Using default options. DBProfile.DISK
2019-09-17 06:15:53,636 [main] INFO  ipc.CallQueueManager (CallQueueManager.java:<init>(84)) - Using callQueue: class java.util.concurrent.LinkedBlockingQueue, queueCapacity: 2000, scheduler: class org.apache.hadoop.ipc.DefaultRpcScheduler, ipcBackoff: false.
2019-09-17 06:15:53,637 [Socket Reader #1 for port 43666] INFO  ipc.Server (Server.java:run(1074)) - Starting Socket Reader #1 for port 43666
2019-09-17 06:15:53,650 [main] INFO  om.OzoneManager (OzoneManager.java:start(1240)) - OzoneManager RPC server is listening at localhost/127.0.0.1:43666
2019-09-17 06:15:53,650 [main] INFO  impl.MetricsSystemImpl (MetricsSystemImpl.java:init(158)) - OzoneManager metrics system started (again)
2019-09-17 06:15:53,650 [IPC Server listener on 43666] INFO  ipc.Server (Server.java:run(1153)) - IPC Server listener on 43666: starting
2019-09-17 06:15:53,650 [IPC Server Responder] INFO  ipc.Server (Server.java:run(1314)) - IPC Server Responder: starting
2019-09-17 06:15:53,657 [main] INFO  hdfs.DFSUtil (DFSUtil.java:httpServerTemplateForNNAndJN(1641)) - Starting Web-server for ozoneManager at: http://0.0.0.0:0
2019-09-17 06:15:53,658 [main] INFO  server.AuthenticationFilter (AuthenticationFilter.java:constructSecretProvider(240)) - Unable to initialize FileSignerSecretProvider, falling back to use random secrets.
2019-09-17 06:15:53,659 [main] WARN  http.HttpRequestLog (HttpRequestLog.java:getRequestLog(97)) - Jetty request log can only be enabled using Log4j
2019-09-17 06:15:53,662 [main] INFO  http.HttpServer2 (HttpServer2.java:addGlobalFilter(975)) - Added global filter 'safety' (class=org.apache.hadoop.http.HttpServer2$QuotingInputFilter)
2019-09-17 06:15:53,662 [main] INFO  http.HttpServer2 (HttpServer2.java:addFilter(948)) - Added filter static_user_filter (class=org.apache.hadoop.http.lib.StaticUserWebFilter$StaticUserFilter) to context ozoneManager
2019-09-17 06:15:53,663 [main] INFO  http.HttpServer2 (HttpServer2.java:addFilter(958)) - Added filter static_user_filter (class=org.apache.hadoop.http.lib.StaticUserWebFilter$StaticUserFilter) to context static
2019-09-17 06:15:53,663 [main] INFO  http.HttpServer2 (HttpServer2.java:addFilter(958)) - Added filter static_user_filter (class=org.apache.hadoop.http.lib.StaticUserWebFilter$StaticUserFilter) to context logs
2019-09-17 06:15:53,664 [main] INFO  http.HttpServer2 (HttpServer2.java:bindListener(1191)) - Jetty bound to port 39722
2019-09-17 06:15:53,664 [main] INFO  server.Server (Server.java:doStart(351)) - jetty-9.3.24.v20180605, build timestamp: 2018-06-05T17:11:56Z, git hash: 84205aa28f11a4f31f2a3b86d1bba2cc8ab69827
2019-09-17 06:15:53,666 [main] INFO  handler.ContextHandler (ContextHandler.java:doStart(781)) - Started o.e.j.s.ServletContextHandler@4d0e54e0{/logs,file:///workdir/hadoop-ozone/integration-test/target/log,AVAILABLE}
2019-09-17 06:15:53,667 [main] INFO  handler.ContextHandler (ContextHandler.java:doStart(781)) - Started o.e.j.s.ServletContextHandler@611640f0{/static,file:///workdir/hadoop-ozone/integration-test/target/test-classes/webapps/static,AVAILABLE}
2019-09-17 06:15:53,673 [main] INFO  handler.ContextHandler (ContextHandler.java:doStart(781)) - Started o.e.j.w.WebAppContext@19b206ee{/,file:///workdir/hadoop-ozone/integration-test/target/test-classes/webapps/ozoneManager/,AVAILABLE}{/ozoneManager}
2019-09-17 06:15:53,674 [main] INFO  server.AbstractConnector (AbstractConnector.java:doStart(278)) - Started ServerConnector@ffd4cba{HTTP/1.1,[http/1.1]}{0.0.0.0:39722}
2019-09-17 06:15:53,674 [main] INFO  server.Server (Server.java:doStart(419)) - Started @50916ms
2019-09-17 06:15:53,674 [main] WARN  impl.MetricsSystemImpl (MetricsSystemImpl.java:register(276)) - Sink prometheus already exists!
2019-09-17 06:15:53,675 [main] INFO  server.BaseHttpServer (BaseHttpServer.java:updateConnectorAddress(215)) - HTTP server of OZONEMANAGER is listening at http://0.0.0.0:39722
2019-09-17 06:15:53,697 [main] INFO  impl.MetricsSystemImpl (MetricsSystemImpl.java:init(158)) - HddsDatanode metrics system started (again)
2019-09-17 06:15:53,700 [main] INFO  ozone.HddsDatanodeService (HddsDatanodeService.java:start(184)) - HddsDatanodeService host:trunk-nightly-20190917-29l5j-2509219610 ip:192.168.69.122
2019-09-17 06:15:53,706 [main] INFO  volume.HddsVolume (HddsVolume.java:<init>(176)) - Creating Volume: /workdir/hadoop-ozone/integration-test/target/test-dir/MiniOzoneClusterImpl-20dced08-aa13-41be-af84-0d1cf5708d98/datanode-0/data/containers/hdds of  storage type : DISK and capacity : 1482555576320
2019-09-17 06:15:53,707 [main] INFO  volume.VolumeSet (VolumeSet.java:initializeVolumeSet(170)) - Added Volume : /workdir/hadoop-ozone/integration-test/target/test-dir/MiniOzoneClusterImpl-20dced08-aa13-41be-af84-0d1cf5708d98/datanode-0/data/containers/hdds to VolumeSet
2019-09-17 06:15:53,707 [main] INFO  volume.ThrottledAsyncChecker (ThrottledAsyncChecker.java:schedule(139)) - Scheduling a check for org.apache.hadoop.ozone.container.common.volume.HddsVolume@21b6c9c2
2019-09-17 06:15:53,708 [main] INFO  volume.HddsVolumeChecker (HddsVolumeChecker.java:checkAllVolumes(202)) - Scheduled health check for volume org.apache.hadoop.ozone.container.common.volume.HddsVolume@21b6c9c2
2019-09-17 06:15:53,724 [main] INFO  impl.RaftServerProxy (ConfUtils.java:logGet(43)) - raft.rpc.type = GRPC (default)
2019-09-17 06:15:53,724 [main] INFO  grpc.GrpcFactory (GrpcFactory.java:checkPooledByteBufAllocatorUseCacheForAllThreads(45)) - PERFORMANCE WARNING: useCacheForAllThreads is true that may cause Netty to create a lot garbage objects and, as a result, trigger GC.
	It is recommended to disable useCacheForAllThreads by setting -Dorg.apache.ratis.thirdparty.io.netty.allocator.useCacheForAllThreads=false in command line.
2019-09-17 06:15:53,724 [main] INFO  grpc.GrpcConfigKeys$Server (ConfUtils.java:logGet(43)) - raft.grpc.server.port = 0 (default)
2019-09-17 06:15:53,725 [main] INFO  server.GrpcService (ConfUtils.java:logGet(43)) - raft.grpc.message.size.max = 33570816 (custom)
2019-09-17 06:15:53,725 [main] INFO  server.RaftServerConfigKeys (ConfUtils.java:logGet(43)) - raft.server.log.appender.buffer.byte-limit = 33554432 (custom)
2019-09-17 06:15:53,725 [main] INFO  server.GrpcService (ConfUtils.java:logGet(43)) - raft.grpc.flow.control.window = 1MB (=1048576) (default)
2019-09-17 06:15:53,725 [main] INFO  server.RaftServerConfigKeys (ConfUtils.java:logGet(43)) - raft.server.rpc.request.timeout = 3000ms (default)
2019-09-17 06:15:53,726 [main] INFO  server.RaftServerConfigKeys (ConfUtils.java:logGet(43)) - raft.server.storage.dir = [/workdir/hadoop-ozone/integration-test/target/test-dir/MiniOzoneClusterImpl-20dced08-aa13-41be-af84-0d1cf5708d98/datanode-0/data/ratis] (custom)
2019-09-17 06:15:53,728 [main] INFO  hdfs.DFSUtil (DFSUtil.java:httpServerTemplateForNNAndJN(1641)) - Starting Web-server for hddsDatanode at: http://0.0.0.0:0
2019-09-17 06:15:53,729 [main] INFO  server.AuthenticationFilter (AuthenticationFilter.java:constructSecretProvider(240)) - Unable to initialize FileSignerSecretProvider, falling back to use random secrets.
2019-09-17 06:15:53,730 [main] WARN  http.HttpRequestLog (HttpRequestLog.java:getRequestLog(97)) - Jetty request log can only be enabled using Log4j
2019-09-17 06:15:53,731 [main] INFO  http.HttpServer2 (HttpServer2.java:addGlobalFilter(975)) - Added global filter 'safety' (class=org.apache.hadoop.http.HttpServer2$QuotingInputFilter)
2019-09-17 06:15:53,732 [main] INFO  http.HttpServer2 (HttpServer2.java:addFilter(948)) - Added filter static_user_filter (class=org.apache.hadoop.http.lib.StaticUserWebFilter$StaticUserFilter) to context hddsDatanode
2019-09-17 06:15:53,732 [main] INFO  http.HttpServer2 (HttpServer2.java:addFilter(958)) - Added filter static_user_filter (class=org.apache.hadoop.http.lib.StaticUserWebFilter$StaticUserFilter) to context static
2019-09-17 06:15:53,732 [main] INFO  http.HttpServer2 (HttpServer2.java:addFilter(958)) - Added filter static_user_filter (class=org.apache.hadoop.http.lib.StaticUserWebFilter$StaticUserFilter) to context logs
2019-09-17 06:15:53,733 [main] INFO  http.HttpServer2 (HttpServer2.java:bindListener(1191)) - Jetty bound to port 36699
2019-09-17 06:15:53,733 [main] INFO  server.Server (Server.java:doStart(351)) - jetty-9.3.24.v20180605, build timestamp: 2018-06-05T17:11:56Z, git hash: 84205aa28f11a4f31f2a3b86d1bba2cc8ab69827
2019-09-17 06:15:53,735 [main] INFO  handler.ContextHandler (ContextHandler.java:doStart(781)) - Started o.e.j.s.ServletContextHandler@4da39ca9{/logs,file:///workdir/hadoop-ozone/integration-test/target/log,AVAILABLE}
2019-09-17 06:15:53,735 [main] INFO  handler.ContextHandler (ContextHandler.java:doStart(781)) - Started o.e.j.s.ServletContextHandler@5584d9c6{/static,jar:file:/home/user/.m2/repository/org/apache/hadoop/hadoop-hdds-container-service/0.5.0-SNAPSHOT/hadoop-hdds-container-service-0.5.0-SNAPSHOT.jar!/webapps/static,AVAILABLE}
2019-09-17 06:15:53,765 [main] INFO  handler.ContextHandler (ContextHandler.java:doStart(781)) - Started o.e.j.w.WebAppContext@6680f714{/,file:///tmp/jetty-0.0.0.0-36699-hddsDatanode-_-any-7584771087208210115.dir/webapp/,AVAILABLE}{/hddsDatanode}
2019-09-17 06:15:53,766 [main] INFO  server.AbstractConnector (AbstractConnector.java:doStart(278)) - Started ServerConnector@53b1a3f8{HTTP/1.1,[http/1.1]}{0.0.0.0:36699}
2019-09-17 06:15:53,767 [main] INFO  server.Server (Server.java:doStart(419)) - Started @51009ms
2019-09-17 06:15:53,767 [main] WARN  impl.MetricsSystemImpl (MetricsSystemImpl.java:register(276)) - Sink prometheus already exists!
2019-09-17 06:15:53,767 [main] INFO  server.BaseHttpServer (BaseHttpServer.java:updateConnectorAddress(215)) - HTTP server of HDDSDATANODE is listening at http://0.0.0.0:36699
2019-09-17 06:15:53,768 [main] INFO  impl.MetricsSystemImpl (MetricsSystemImpl.java:init(158)) - HddsDatanode metrics system started (again)
2019-09-17 06:15:53,773 [org.apache.hadoop.util.JvmPauseMonitor$Monitor@14ebc42b] INFO  util.JvmPauseMonitor (JvmPauseMonitor.java:run(188)) - Starting JVM pause monitor
2019-09-17 06:15:53,773 [main] INFO  ozone.HddsDatanodeService (HddsDatanodeService.java:start(184)) - HddsDatanodeService host:trunk-nightly-20190917-29l5j-2509219610 ip:192.168.69.122
2019-09-17 06:15:53,777 [Datanode State Machine Thread - 0] INFO  datanode.InitDatanodeState (InitDatanodeState.java:persistContainerDatanodeDetails(140)) - DatanodeDetails is persisted to /workdir/hadoop-ozone/integration-test/target/test-dir/MiniOzoneClusterImpl-20dced08-aa13-41be-af84-0d1cf5708d98/datanode-0/meta/datanode.id
2019-09-17 06:15:53,781 [main] INFO  volume.HddsVolume (HddsVolume.java:<init>(176)) - Creating Volume: /workdir/hadoop-ozone/integration-test/target/test-dir/MiniOzoneClusterImpl-20dced08-aa13-41be-af84-0d1cf5708d98/datanode-1/data/containers/hdds of  storage type : DISK and capacity : 1482555576320
2019-09-17 06:15:53,781 [main] INFO  volume.VolumeSet (VolumeSet.java:initializeVolumeSet(170)) - Added Volume : /workdir/hadoop-ozone/integration-test/target/test-dir/MiniOzoneClusterImpl-20dced08-aa13-41be-af84-0d1cf5708d98/datanode-1/data/containers/hdds to VolumeSet
2019-09-17 06:15:53,781 [main] INFO  volume.ThrottledAsyncChecker (ThrottledAsyncChecker.java:schedule(139)) - Scheduling a check for org.apache.hadoop.ozone.container.common.volume.HddsVolume@6807a356
2019-09-17 06:15:53,782 [main] INFO  volume.HddsVolumeChecker (HddsVolumeChecker.java:checkAllVolumes(202)) - Scheduled health check for volume org.apache.hadoop.ozone.container.common.volume.HddsVolume@6807a356
2019-09-17 06:15:53,801 [main] INFO  impl.RaftServerProxy (ConfUtils.java:logGet(43)) - raft.rpc.type = GRPC (default)
2019-09-17 06:15:53,801 [main] INFO  grpc.GrpcFactory (GrpcFactory.java:checkPooledByteBufAllocatorUseCacheForAllThreads(45)) - PERFORMANCE WARNING: useCacheForAllThreads is true that may cause Netty to create a lot garbage objects and, as a result, trigger GC.
	It is recommended to disable useCacheForAllThreads by setting -Dorg.apache.ratis.thirdparty.io.netty.allocator.useCacheForAllThreads=false in command line.
2019-09-17 06:15:53,801 [main] INFO  grpc.GrpcConfigKeys$Server (ConfUtils.java:logGet(43)) - raft.grpc.server.port = 0 (default)
2019-09-17 06:15:53,802 [main] INFO  server.GrpcService (ConfUtils.java:logGet(43)) - raft.grpc.message.size.max = 33570816 (custom)
2019-09-17 06:15:53,802 [main] INFO  server.RaftServerConfigKeys (ConfUtils.java:logGet(43)) - raft.server.log.appender.buffer.byte-limit = 33554432 (custom)
2019-09-17 06:15:53,802 [main] INFO  server.GrpcService (ConfUtils.java:logGet(43)) - raft.grpc.flow.control.window = 1MB (=1048576) (default)
2019-09-17 06:15:53,803 [main] INFO  server.RaftServerConfigKeys (ConfUtils.java:logGet(43)) - raft.server.rpc.request.timeout = 3000ms (default)
2019-09-17 06:15:53,803 [main] INFO  server.RaftServerConfigKeys (ConfUtils.java:logGet(43)) - raft.server.storage.dir = [/workdir/hadoop-ozone/integration-test/target/test-dir/MiniOzoneClusterImpl-20dced08-aa13-41be-af84-0d1cf5708d98/datanode-1/data/ratis] (custom)
2019-09-17 06:15:53,805 [main] INFO  hdfs.DFSUtil (DFSUtil.java:httpServerTemplateForNNAndJN(1641)) - Starting Web-server for hddsDatanode at: http://0.0.0.0:0
2019-09-17 06:15:53,806 [main] INFO  server.AuthenticationFilter (AuthenticationFilter.java:constructSecretProvider(240)) - Unable to initialize FileSignerSecretProvider, falling back to use random secrets.
2019-09-17 06:15:53,807 [main] WARN  http.HttpRequestLog (HttpRequestLog.java:getRequestLog(97)) - Jetty request log can only be enabled using Log4j
2019-09-17 06:15:53,809 [main] INFO  http.HttpServer2 (HttpServer2.java:addGlobalFilter(975)) - Added global filter 'safety' (class=org.apache.hadoop.http.HttpServer2$QuotingInputFilter)
2019-09-17 06:15:53,809 [main] INFO  http.HttpServer2 (HttpServer2.java:addFilter(948)) - Added filter static_user_filter (class=org.apache.hadoop.http.lib.StaticUserWebFilter$StaticUserFilter) to context hddsDatanode
2019-09-17 06:15:53,810 [main] INFO  http.HttpServer2 (HttpServer2.java:addFilter(958)) - Added filter static_user_filter (class=org.apache.hadoop.http.lib.StaticUserWebFilter$StaticUserFilter) to context logs
2019-09-17 06:15:53,810 [main] INFO  http.HttpServer2 (HttpServer2.java:addFilter(958)) - Added filter static_user_filter (class=org.apache.hadoop.http.lib.StaticUserWebFilter$StaticUserFilter) to context static
2019-09-17 06:15:53,811 [main] INFO  http.HttpServer2 (HttpServer2.java:bindListener(1191)) - Jetty bound to port 33707
2019-09-17 06:15:53,811 [main] INFO  server.Server (Server.java:doStart(351)) - jetty-9.3.24.v20180605, build timestamp: 2018-06-05T17:11:56Z, git hash: 84205aa28f11a4f31f2a3b86d1bba2cc8ab69827
2019-09-17 06:15:53,813 [main] INFO  handler.ContextHandler (ContextHandler.java:doStart(781)) - Started o.e.j.s.ServletContextHandler@1e1eeedd{/logs,file:///workdir/hadoop-ozone/integration-test/target/log,AVAILABLE}
2019-09-17 06:15:53,814 [main] INFO  handler.ContextHandler (ContextHandler.java:doStart(781)) - Started o.e.j.s.ServletContextHandler@7ec95456{/static,jar:file:/home/user/.m2/repository/org/apache/hadoop/hadoop-hdds-container-service/0.5.0-SNAPSHOT/hadoop-hdds-container-service-0.5.0-SNAPSHOT.jar!/webapps/static,AVAILABLE}
2019-09-17 06:15:53,847 [main] INFO  handler.ContextHandler (ContextHandler.java:doStart(781)) - Started o.e.j.w.WebAppContext@4a92c6a9{/,file:///tmp/jetty-0.0.0.0-33707-hddsDatanode-_-any-410892319960061092.dir/webapp/,AVAILABLE}{/hddsDatanode}
2019-09-17 06:15:53,847 [main] INFO  server.AbstractConnector (AbstractConnector.java:doStart(278)) - Started ServerConnector@5c9934da{HTTP/1.1,[http/1.1]}{0.0.0.0:33707}
2019-09-17 06:15:53,848 [main] INFO  server.Server (Server.java:doStart(419)) - Started @51090ms
2019-09-17 06:15:53,848 [main] WARN  impl.MetricsSystemImpl (MetricsSystemImpl.java:register(276)) - Sink prometheus already exists!
2019-09-17 06:15:53,849 [main] INFO  server.BaseHttpServer (BaseHttpServer.java:updateConnectorAddress(215)) - HTTP server of HDDSDATANODE is listening at http://0.0.0.0:33707
2019-09-17 06:15:53,849 [main] INFO  impl.MetricsSystemImpl (MetricsSystemImpl.java:init(158)) - HddsDatanode metrics system started (again)
2019-09-17 06:15:53,853 [main] INFO  ozone.HddsDatanodeService (HddsDatanodeService.java:start(184)) - HddsDatanodeService host:trunk-nightly-20190917-29l5j-2509219610 ip:192.168.69.122
2019-09-17 06:15:53,854 [org.apache.hadoop.util.JvmPauseMonitor$Monitor@5aa98ec1] INFO  util.JvmPauseMonitor (JvmPauseMonitor.java:run(188)) - Starting JVM pause monitor
2019-09-17 06:15:53,856 [Datanode State Machine Thread - 0] INFO  datanode.InitDatanodeState (InitDatanodeState.java:persistContainerDatanodeDetails(140)) - DatanodeDetails is persisted to /workdir/hadoop-ozone/integration-test/target/test-dir/MiniOzoneClusterImpl-20dced08-aa13-41be-af84-0d1cf5708d98/datanode-1/meta/datanode.id
2019-09-17 06:15:53,860 [main] INFO  volume.HddsVolume (HddsVolume.java:<init>(176)) - Creating Volume: /workdir/hadoop-ozone/integration-test/target/test-dir/MiniOzoneClusterImpl-20dced08-aa13-41be-af84-0d1cf5708d98/datanode-2/data/containers/hdds of  storage type : DISK and capacity : 1482555576320
2019-09-17 06:15:53,860 [main] INFO  volume.VolumeSet (VolumeSet.java:initializeVolumeSet(170)) - Added Volume : /workdir/hadoop-ozone/integration-test/target/test-dir/MiniOzoneClusterImpl-20dced08-aa13-41be-af84-0d1cf5708d98/datanode-2/data/containers/hdds to VolumeSet
2019-09-17 06:15:53,860 [main] INFO  volume.ThrottledAsyncChecker (ThrottledAsyncChecker.java:schedule(139)) - Scheduling a check for org.apache.hadoop.ozone.container.common.volume.HddsVolume@3ff54f3d
2019-09-17 06:15:53,861 [main] INFO  volume.HddsVolumeChecker (HddsVolumeChecker.java:checkAllVolumes(202)) - Scheduled health check for volume org.apache.hadoop.ozone.container.common.volume.HddsVolume@3ff54f3d
2019-09-17 06:15:53,877 [main] INFO  impl.RaftServerProxy (ConfUtils.java:logGet(43)) - raft.rpc.type = GRPC (default)
2019-09-17 06:15:53,877 [main] INFO  grpc.GrpcFactory (GrpcFactory.java:checkPooledByteBufAllocatorUseCacheForAllThreads(45)) - PERFORMANCE WARNING: useCacheForAllThreads is true that may cause Netty to create a lot garbage objects and, as a result, trigger GC.
	It is recommended to disable useCacheForAllThreads by setting -Dorg.apache.ratis.thirdparty.io.netty.allocator.useCacheForAllThreads=false in command line.
2019-09-17 06:15:53,878 [main] INFO  grpc.GrpcConfigKeys$Server (ConfUtils.java:logGet(43)) - raft.grpc.server.port = 0 (default)
2019-09-17 06:15:53,878 [main] INFO  server.GrpcService (ConfUtils.java:logGet(43)) - raft.grpc.message.size.max = 33570816 (custom)
2019-09-17 06:15:53,878 [main] INFO  server.RaftServerConfigKeys (ConfUtils.java:logGet(43)) - raft.server.log.appender.buffer.byte-limit = 33554432 (custom)
2019-09-17 06:15:53,878 [main] INFO  server.GrpcService (ConfUtils.java:logGet(43)) - raft.grpc.flow.control.window = 1MB (=1048576) (default)
2019-09-17 06:15:53,878 [main] INFO  server.RaftServerConfigKeys (ConfUtils.java:logGet(43)) - raft.server.rpc.request.timeout = 3000ms (default)
2019-09-17 06:15:53,879 [main] INFO  server.RaftServerConfigKeys (ConfUtils.java:logGet(43)) - raft.server.storage.dir = [/workdir/hadoop-ozone/integration-test/target/test-dir/MiniOzoneClusterImpl-20dced08-aa13-41be-af84-0d1cf5708d98/datanode-2/data/ratis] (custom)
2019-09-17 06:15:53,881 [main] INFO  hdfs.DFSUtil (DFSUtil.java:httpServerTemplateForNNAndJN(1641)) - Starting Web-server for hddsDatanode at: http://0.0.0.0:0
2019-09-17 06:15:53,882 [main] INFO  server.AuthenticationFilter (AuthenticationFilter.java:constructSecretProvider(240)) - Unable to initialize FileSignerSecretProvider, falling back to use random secrets.
2019-09-17 06:15:53,882 [main] WARN  http.HttpRequestLog (HttpRequestLog.java:getRequestLog(97)) - Jetty request log can only be enabled using Log4j
2019-09-17 06:15:53,884 [main] INFO  http.HttpServer2 (HttpServer2.java:addGlobalFilter(975)) - Added global filter 'safety' (class=org.apache.hadoop.http.HttpServer2$QuotingInputFilter)
2019-09-17 06:15:53,884 [main] INFO  http.HttpServer2 (HttpServer2.java:addFilter(948)) - Added filter static_user_filter (class=org.apache.hadoop.http.lib.StaticUserWebFilter$StaticUserFilter) to context hddsDatanode
2019-09-17 06:15:53,884 [main] INFO  http.HttpServer2 (HttpServer2.java:addFilter(958)) - Added filter static_user_filter (class=org.apache.hadoop.http.lib.StaticUserWebFilter$StaticUserFilter) to context logs
2019-09-17 06:15:53,884 [main] INFO  http.HttpServer2 (HttpServer2.java:addFilter(958)) - Added filter static_user_filter (class=org.apache.hadoop.http.lib.StaticUserWebFilter$StaticUserFilter) to context static
2019-09-17 06:15:53,885 [main] INFO  http.HttpServer2 (HttpServer2.java:bindListener(1191)) - Jetty bound to port 42915
2019-09-17 06:15:53,885 [main] INFO  server.Server (Server.java:doStart(351)) - jetty-9.3.24.v20180605, build timestamp: 2018-06-05T17:11:56Z, git hash: 84205aa28f11a4f31f2a3b86d1bba2cc8ab69827
2019-09-17 06:15:53,887 [main] INFO  handler.ContextHandler (ContextHandler.java:doStart(781)) - Started o.e.j.s.ServletContextHandler@3e1fd62b{/logs,file:///workdir/hadoop-ozone/integration-test/target/log,AVAILABLE}
2019-09-17 06:15:53,888 [main] INFO  handler.ContextHandler (ContextHandler.java:doStart(781)) - Started o.e.j.s.ServletContextHandler@558b4942{/static,jar:file:/home/user/.m2/repository/org/apache/hadoop/hadoop-hdds-container-service/0.5.0-SNAPSHOT/hadoop-hdds-container-service-0.5.0-SNAPSHOT.jar!/webapps/static,AVAILABLE}
2019-09-17 06:15:53,915 [main] INFO  handler.ContextHandler (ContextHandler.java:doStart(781)) - Started o.e.j.w.WebAppContext@1319bc2a{/,file:///tmp/jetty-0.0.0.0-42915-hddsDatanode-_-any-884617160381662994.dir/webapp/,AVAILABLE}{/hddsDatanode}
2019-09-17 06:15:53,915 [main] INFO  server.AbstractConnector (AbstractConnector.java:doStart(278)) - Started ServerConnector@e280403{HTTP/1.1,[http/1.1]}{0.0.0.0:42915}
2019-09-17 06:15:53,916 [main] INFO  server.Server (Server.java:doStart(419)) - Started @51159ms
2019-09-17 06:15:53,917 [main] WARN  impl.MetricsSystemImpl (MetricsSystemImpl.java:register(276)) - Sink prometheus already exists!
2019-09-17 06:15:53,917 [main] INFO  server.BaseHttpServer (BaseHttpServer.java:updateConnectorAddress(215)) - HTTP server of HDDSDATANODE is listening at http://0.0.0.0:42915
2019-09-17 06:15:53,918 [main] INFO  impl.MetricsSystemImpl (MetricsSystemImpl.java:init(158)) - HddsDatanode metrics system started (again)
2019-09-17 06:15:53,922 [main] INFO  ozone.HddsDatanodeService (HddsDatanodeService.java:start(184)) - HddsDatanodeService host:trunk-nightly-20190917-29l5j-2509219610 ip:192.168.69.122
2019-09-17 06:15:53,922 [org.apache.hadoop.util.JvmPauseMonitor$Monitor@12471c6a] INFO  util.JvmPauseMonitor (JvmPauseMonitor.java:run(188)) - Starting JVM pause monitor
2019-09-17 06:15:53,924 [Datanode State Machine Thread - 0] INFO  datanode.InitDatanodeState (InitDatanodeState.java:persistContainerDatanodeDetails(140)) - DatanodeDetails is persisted to /workdir/hadoop-ozone/integration-test/target/test-dir/MiniOzoneClusterImpl-20dced08-aa13-41be-af84-0d1cf5708d98/datanode-2/meta/datanode.id
2019-09-17 06:15:53,927 [main] INFO  volume.HddsVolume (HddsVolume.java:<init>(176)) - Creating Volume: /workdir/hadoop-ozone/integration-test/target/test-dir/MiniOzoneClusterImpl-20dced08-aa13-41be-af84-0d1cf5708d98/datanode-3/data/containers/hdds of  storage type : DISK and capacity : 1482555576320
2019-09-17 06:15:53,928 [main] INFO  volume.VolumeSet (VolumeSet.java:initializeVolumeSet(170)) - Added Volume : /workdir/hadoop-ozone/integration-test/target/test-dir/MiniOzoneClusterImpl-20dced08-aa13-41be-af84-0d1cf5708d98/datanode-3/data/containers/hdds to VolumeSet
2019-09-17 06:15:53,928 [main] INFO  volume.ThrottledAsyncChecker (ThrottledAsyncChecker.java:schedule(139)) - Scheduling a check for org.apache.hadoop.ozone.container.common.volume.HddsVolume@4bdf
2019-09-17 06:15:53,928 [main] INFO  volume.HddsVolumeChecker (HddsVolumeChecker.java:checkAllVolumes(202)) - Scheduled health check for volume org.apache.hadoop.ozone.container.common.volume.HddsVolume@4bdf
2019-09-17 06:15:53,945 [main] INFO  impl.RaftServerProxy (ConfUtils.java:logGet(43)) - raft.rpc.type = GRPC (default)
2019-09-17 06:15:53,945 [main] INFO  grpc.GrpcFactory (GrpcFactory.java:checkPooledByteBufAllocatorUseCacheForAllThreads(45)) - PERFORMANCE WARNING: useCacheForAllThreads is true that may cause Netty to create a lot garbage objects and, as a result, trigger GC.
	It is recommended to disable useCacheForAllThreads by setting -Dorg.apache.ratis.thirdparty.io.netty.allocator.useCacheForAllThreads=false in command line.
2019-09-17 06:15:53,945 [main] INFO  grpc.GrpcConfigKeys$Server (ConfUtils.java:logGet(43)) - raft.grpc.server.port = 0 (default)
2019-09-17 06:15:53,945 [main] INFO  server.GrpcService (ConfUtils.java:logGet(43)) - raft.grpc.message.size.max = 33570816 (custom)
2019-09-17 06:15:53,946 [main] INFO  server.RaftServerConfigKeys (ConfUtils.java:logGet(43)) - raft.server.log.appender.buffer.byte-limit = 33554432 (custom)
2019-09-17 06:15:53,946 [main] INFO  server.GrpcService (ConfUtils.java:logGet(43)) - raft.grpc.flow.control.window = 1MB (=1048576) (default)
2019-09-17 06:15:53,946 [main] INFO  server.RaftServerConfigKeys (ConfUtils.java:logGet(43)) - raft.server.rpc.request.timeout = 3000ms (default)
2019-09-17 06:15:53,946 [main] INFO  server.RaftServerConfigKeys (ConfUtils.java:logGet(43)) - raft.server.storage.dir = [/workdir/hadoop-ozone/integration-test/target/test-dir/MiniOzoneClusterImpl-20dced08-aa13-41be-af84-0d1cf5708d98/datanode-3/data/ratis] (custom)
2019-09-17 06:15:53,948 [main] INFO  hdfs.DFSUtil (DFSUtil.java:httpServerTemplateForNNAndJN(1641)) - Starting Web-server for hddsDatanode at: http://0.0.0.0:0
2019-09-17 06:15:53,949 [main] INFO  server.AuthenticationFilter (AuthenticationFilter.java:constructSecretProvider(240)) - Unable to initialize FileSignerSecretProvider, falling back to use random secrets.
2019-09-17 06:15:53,949 [main] WARN  http.HttpRequestLog (HttpRequestLog.java:getRequestLog(97)) - Jetty request log can only be enabled using Log4j
2019-09-17 06:15:53,950 [main] INFO  http.HttpServer2 (HttpServer2.java:addGlobalFilter(975)) - Added global filter 'safety' (class=org.apache.hadoop.http.HttpServer2$QuotingInputFilter)
2019-09-17 06:15:53,951 [main] INFO  http.HttpServer2 (HttpServer2.java:addFilter(948)) - Added filter static_user_filter (class=org.apache.hadoop.http.lib.StaticUserWebFilter$StaticUserFilter) to context hddsDatanode
2019-09-17 06:15:53,951 [main] INFO  http.HttpServer2 (HttpServer2.java:addFilter(958)) - Added filter static_user_filter (class=org.apache.hadoop.http.lib.StaticUserWebFilter$StaticUserFilter) to context static
2019-09-17 06:15:53,951 [main] INFO  http.HttpServer2 (HttpServer2.java:addFilter(958)) - Added filter static_user_filter (class=org.apache.hadoop.http.lib.StaticUserWebFilter$StaticUserFilter) to context logs
2019-09-17 06:15:53,952 [main] INFO  http.HttpServer2 (HttpServer2.java:bindListener(1191)) - Jetty bound to port 34860
2019-09-17 06:15:53,952 [main] INFO  server.Server (Server.java:doStart(351)) - jetty-9.3.24.v20180605, build timestamp: 2018-06-05T17:11:56Z, git hash: 84205aa28f11a4f31f2a3b86d1bba2cc8ab69827
2019-09-17 06:15:53,954 [main] INFO  handler.ContextHandler (ContextHandler.java:doStart(781)) - Started o.e.j.s.ServletContextHandler@1984212d{/logs,file:///workdir/hadoop-ozone/integration-test/target/log,AVAILABLE}
2019-09-17 06:15:53,954 [main] INFO  handler.ContextHandler (ContextHandler.java:doStart(781)) - Started o.e.j.s.ServletContextHandler@4eaa375c{/static,jar:file:/home/user/.m2/repository/org/apache/hadoop/hadoop-hdds-container-service/0.5.0-SNAPSHOT/hadoop-hdds-container-service-0.5.0-SNAPSHOT.jar!/webapps/static,AVAILABLE}
2019-09-17 06:15:53,982 [main] INFO  handler.ContextHandler (ContextHandler.java:doStart(781)) - Started o.e.j.w.WebAppContext@3f96f020{/,file:///tmp/jetty-0.0.0.0-34860-hddsDatanode-_-any-8145337013502174729.dir/webapp/,AVAILABLE}{/hddsDatanode}
2019-09-17 06:15:53,982 [main] INFO  server.AbstractConnector (AbstractConnector.java:doStart(278)) - Started ServerConnector@32eae6f2{HTTP/1.1,[http/1.1]}{0.0.0.0:34860}
2019-09-17 06:15:53,984 [main] INFO  server.Server (Server.java:doStart(419)) - Started @51226ms
2019-09-17 06:15:53,984 [main] WARN  impl.MetricsSystemImpl (MetricsSystemImpl.java:register(276)) - Sink prometheus already exists!
2019-09-17 06:15:53,984 [main] INFO  server.BaseHttpServer (BaseHttpServer.java:updateConnectorAddress(215)) - HTTP server of HDDSDATANODE is listening at http://0.0.0.0:34860
2019-09-17 06:15:53,985 [main] INFO  impl.MetricsSystemImpl (MetricsSystemImpl.java:init(158)) - HddsDatanode metrics system started (again)
2019-09-17 06:15:53,990 [org.apache.hadoop.util.JvmPauseMonitor$Monitor@4ee13fb9] INFO  util.JvmPauseMonitor (JvmPauseMonitor.java:run(188)) - Starting JVM pause monitor
2019-09-17 06:15:53,990 [main] INFO  ozone.HddsDatanodeService (HddsDatanodeService.java:start(184)) - HddsDatanodeService host:trunk-nightly-20190917-29l5j-2509219610 ip:192.168.69.122
2019-09-17 06:15:53,992 [Datanode State Machine Thread - 0] INFO  datanode.InitDatanodeState (InitDatanodeState.java:persistContainerDatanodeDetails(140)) - DatanodeDetails is persisted to /workdir/hadoop-ozone/integration-test/target/test-dir/MiniOzoneClusterImpl-20dced08-aa13-41be-af84-0d1cf5708d98/datanode-3/meta/datanode.id
2019-09-17 06:15:53,997 [main] INFO  volume.HddsVolume (HddsVolume.java:<init>(176)) - Creating Volume: /workdir/hadoop-ozone/integration-test/target/test-dir/MiniOzoneClusterImpl-20dced08-aa13-41be-af84-0d1cf5708d98/datanode-4/data/containers/hdds of  storage type : DISK and capacity : 1482555576320
2019-09-17 06:15:53,997 [main] INFO  volume.VolumeSet (VolumeSet.java:initializeVolumeSet(170)) - Added Volume : /workdir/hadoop-ozone/integration-test/target/test-dir/MiniOzoneClusterImpl-20dced08-aa13-41be-af84-0d1cf5708d98/datanode-4/data/containers/hdds to VolumeSet
2019-09-17 06:15:53,997 [main] INFO  volume.ThrottledAsyncChecker (ThrottledAsyncChecker.java:schedule(139)) - Scheduling a check for org.apache.hadoop.ozone.container.common.volume.HddsVolume@5a917723
2019-09-17 06:15:53,998 [main] INFO  volume.HddsVolumeChecker (HddsVolumeChecker.java:checkAllVolumes(202)) - Scheduled health check for volume org.apache.hadoop.ozone.container.common.volume.HddsVolume@5a917723
2019-09-17 06:15:54,011 [main] INFO  impl.RaftServerProxy (ConfUtils.java:logGet(43)) - raft.rpc.type = GRPC (default)
2019-09-17 06:15:54,011 [main] INFO  grpc.GrpcFactory (GrpcFactory.java:checkPooledByteBufAllocatorUseCacheForAllThreads(45)) - PERFORMANCE WARNING: useCacheForAllThreads is true that may cause Netty to create a lot garbage objects and, as a result, trigger GC.
	It is recommended to disable useCacheForAllThreads by setting -Dorg.apache.ratis.thirdparty.io.netty.allocator.useCacheForAllThreads=false in command line.
2019-09-17 06:15:54,011 [main] INFO  grpc.GrpcConfigKeys$Server (ConfUtils.java:logGet(43)) - raft.grpc.server.port = 0 (default)
2019-09-17 06:15:54,012 [main] INFO  server.GrpcService (ConfUtils.java:logGet(43)) - raft.grpc.message.size.max = 33570816 (custom)
2019-09-17 06:15:54,012 [main] INFO  server.RaftServerConfigKeys (ConfUtils.java:logGet(43)) - raft.server.log.appender.buffer.byte-limit = 33554432 (custom)
2019-09-17 06:15:54,012 [main] INFO  server.GrpcService (ConfUtils.java:logGet(43)) - raft.grpc.flow.control.window = 1MB (=1048576) (default)
2019-09-17 06:15:54,012 [main] INFO  server.RaftServerConfigKeys (ConfUtils.java:logGet(43)) - raft.server.rpc.request.timeout = 3000ms (default)
2019-09-17 06:15:54,012 [main] INFO  server.RaftServerConfigKeys (ConfUtils.java:logGet(43)) - raft.server.storage.dir = [/workdir/hadoop-ozone/integration-test/target/test-dir/MiniOzoneClusterImpl-20dced08-aa13-41be-af84-0d1cf5708d98/datanode-4/data/ratis] (custom)
2019-09-17 06:15:54,014 [main] INFO  hdfs.DFSUtil (DFSUtil.java:httpServerTemplateForNNAndJN(1641)) - Starting Web-server for hddsDatanode at: http://0.0.0.0:0
2019-09-17 06:15:54,015 [main] INFO  server.AuthenticationFilter (AuthenticationFilter.java:constructSecretProvider(240)) - Unable to initialize FileSignerSecretProvider, falling back to use random secrets.
2019-09-17 06:15:54,015 [main] WARN  http.HttpRequestLog (HttpRequestLog.java:getRequestLog(97)) - Jetty request log can only be enabled using Log4j
2019-09-17 06:15:54,017 [main] INFO  http.HttpServer2 (HttpServer2.java:addGlobalFilter(975)) - Added global filter 'safety' (class=org.apache.hadoop.http.HttpServer2$QuotingInputFilter)
2019-09-17 06:15:54,018 [main] INFO  http.HttpServer2 (HttpServer2.java:addFilter(948)) - Added filter static_user_filter (class=org.apache.hadoop.http.lib.StaticUserWebFilter$StaticUserFilter) to context hddsDatanode
2019-09-17 06:15:54,018 [main] INFO  http.HttpServer2 (HttpServer2.java:addFilter(958)) - Added filter static_user_filter (class=org.apache.hadoop.http.lib.StaticUserWebFilter$StaticUserFilter) to context logs
2019-09-17 06:15:54,018 [main] INFO  http.HttpServer2 (HttpServer2.java:addFilter(958)) - Added filter static_user_filter (class=org.apache.hadoop.http.lib.StaticUserWebFilter$StaticUserFilter) to context static
2019-09-17 06:15:54,019 [main] INFO  http.HttpServer2 (HttpServer2.java:bindListener(1191)) - Jetty bound to port 33269
2019-09-17 06:15:54,019 [main] INFO  server.Server (Server.java:doStart(351)) - jetty-9.3.24.v20180605, build timestamp: 2018-06-05T17:11:56Z, git hash: 84205aa28f11a4f31f2a3b86d1bba2cc8ab69827
2019-09-17 06:15:54,021 [main] INFO  handler.ContextHandler (ContextHandler.java:doStart(781)) - Started o.e.j.s.ServletContextHandler@3965bdf9{/logs,file:///workdir/hadoop-ozone/integration-test/target/log,AVAILABLE}
2019-09-17 06:15:54,021 [main] INFO  handler.ContextHandler (ContextHandler.java:doStart(781)) - Started o.e.j.s.ServletContextHandler@1860f3be{/static,jar:file:/home/user/.m2/repository/org/apache/hadoop/hadoop-hdds-container-service/0.5.0-SNAPSHOT/hadoop-hdds-container-service-0.5.0-SNAPSHOT.jar!/webapps/static,AVAILABLE}
2019-09-17 06:15:54,050 [main] INFO  handler.ContextHandler (ContextHandler.java:doStart(781)) - Started o.e.j.w.WebAppContext@4997552e{/,file:///tmp/jetty-0.0.0.0-33269-hddsDatanode-_-any-7457550084107433344.dir/webapp/,AVAILABLE}{/hddsDatanode}
2019-09-17 06:15:54,050 [main] INFO  server.AbstractConnector (AbstractConnector.java:doStart(278)) - Started ServerConnector@7bcecef6{HTTP/1.1,[http/1.1]}{0.0.0.0:33269}
2019-09-17 06:15:54,051 [main] INFO  server.Server (Server.java:doStart(419)) - Started @51294ms
2019-09-17 06:15:54,052 [main] WARN  impl.MetricsSystemImpl (MetricsSystemImpl.java:register(276)) - Sink prometheus already exists!
2019-09-17 06:15:54,052 [main] INFO  server.BaseHttpServer (BaseHttpServer.java:updateConnectorAddress(215)) - HTTP server of HDDSDATANODE is listening at http://0.0.0.0:33269
2019-09-17 06:15:54,053 [main] INFO  impl.MetricsSystemImpl (MetricsSystemImpl.java:init(158)) - HddsDatanode metrics system started (again)
2019-09-17 06:15:54,057 [org.apache.hadoop.util.JvmPauseMonitor$Monitor@19faf813] INFO  util.JvmPauseMonitor (JvmPauseMonitor.java:run(188)) - Starting JVM pause monitor
2019-09-17 06:15:54,057 [main] INFO  ozone.HddsDatanodeService (HddsDatanodeService.java:start(184)) - HddsDatanodeService host:trunk-nightly-20190917-29l5j-2509219610 ip:192.168.69.122
2019-09-17 06:15:54,058 [Datanode State Machine Thread - 0] INFO  datanode.InitDatanodeState (InitDatanodeState.java:persistContainerDatanodeDetails(140)) - DatanodeDetails is persisted to /workdir/hadoop-ozone/integration-test/target/test-dir/MiniOzoneClusterImpl-20dced08-aa13-41be-af84-0d1cf5708d98/datanode-4/meta/datanode.id
2019-09-17 06:15:54,063 [main] INFO  volume.HddsVolume (HddsVolume.java:<init>(176)) - Creating Volume: /workdir/hadoop-ozone/integration-test/target/test-dir/MiniOzoneClusterImpl-20dced08-aa13-41be-af84-0d1cf5708d98/datanode-5/data/containers/hdds of  storage type : DISK and capacity : 1482555576320
2019-09-17 06:15:54,063 [main] INFO  volume.VolumeSet (VolumeSet.java:initializeVolumeSet(170)) - Added Volume : /workdir/hadoop-ozone/integration-test/target/test-dir/MiniOzoneClusterImpl-20dced08-aa13-41be-af84-0d1cf5708d98/datanode-5/data/containers/hdds to VolumeSet
2019-09-17 06:15:54,063 [main] INFO  volume.ThrottledAsyncChecker (ThrottledAsyncChecker.java:schedule(139)) - Scheduling a check for org.apache.hadoop.ozone.container.common.volume.HddsVolume@32bb0072
2019-09-17 06:15:54,064 [main] INFO  volume.HddsVolumeChecker (HddsVolumeChecker.java:checkAllVolumes(202)) - Scheduled health check for volume org.apache.hadoop.ozone.container.common.volume.HddsVolume@32bb0072
2019-09-17 06:15:54,076 [main] INFO  impl.RaftServerProxy (ConfUtils.java:logGet(43)) - raft.rpc.type = GRPC (default)
2019-09-17 06:15:54,076 [main] INFO  grpc.GrpcFactory (GrpcFactory.java:checkPooledByteBufAllocatorUseCacheForAllThreads(45)) - PERFORMANCE WARNING: useCacheForAllThreads is true that may cause Netty to create a lot garbage objects and, as a result, trigger GC.
	It is recommended to disable useCacheForAllThreads by setting -Dorg.apache.ratis.thirdparty.io.netty.allocator.useCacheForAllThreads=false in command line.
2019-09-17 06:15:54,077 [main] INFO  grpc.GrpcConfigKeys$Server (ConfUtils.java:logGet(43)) - raft.grpc.server.port = 0 (default)
2019-09-17 06:15:54,077 [main] INFO  server.GrpcService (ConfUtils.java:logGet(43)) - raft.grpc.message.size.max = 33570816 (custom)
2019-09-17 06:15:54,077 [main] INFO  server.RaftServerConfigKeys (ConfUtils.java:logGet(43)) - raft.server.log.appender.buffer.byte-limit = 33554432 (custom)
2019-09-17 06:15:54,077 [main] INFO  server.GrpcService (ConfUtils.java:logGet(43)) - raft.grpc.flow.control.window = 1MB (=1048576) (default)
2019-09-17 06:15:54,077 [main] INFO  server.RaftServerConfigKeys (ConfUtils.java:logGet(43)) - raft.server.rpc.request.timeout = 3000ms (default)
2019-09-17 06:15:54,078 [main] INFO  server.RaftServerConfigKeys (ConfUtils.java:logGet(43)) - raft.server.storage.dir = [/workdir/hadoop-ozone/integration-test/target/test-dir/MiniOzoneClusterImpl-20dced08-aa13-41be-af84-0d1cf5708d98/datanode-5/data/ratis] (custom)
2019-09-17 06:15:54,079 [main] INFO  hdfs.DFSUtil (DFSUtil.java:httpServerTemplateForNNAndJN(1641)) - Starting Web-server for hddsDatanode at: http://0.0.0.0:0
2019-09-17 06:15:54,080 [main] INFO  server.AuthenticationFilter (AuthenticationFilter.java:constructSecretProvider(240)) - Unable to initialize FileSignerSecretProvider, falling back to use random secrets.
2019-09-17 06:15:54,080 [main] WARN  http.HttpRequestLog (HttpRequestLog.java:getRequestLog(97)) - Jetty request log can only be enabled using Log4j
2019-09-17 06:15:54,081 [main] INFO  http.HttpServer2 (HttpServer2.java:addGlobalFilter(975)) - Added global filter 'safety' (class=org.apache.hadoop.http.HttpServer2$QuotingInputFilter)
2019-09-17 06:15:54,082 [main] INFO  http.HttpServer2 (HttpServer2.java:addFilter(948)) - Added filter static_user_filter (class=org.apache.hadoop.http.lib.StaticUserWebFilter$StaticUserFilter) to context hddsDatanode
2019-09-17 06:15:54,082 [main] INFO  http.HttpServer2 (HttpServer2.java:addFilter(958)) - Added filter static_user_filter (class=org.apache.hadoop.http.lib.StaticUserWebFilter$StaticUserFilter) to context static
2019-09-17 06:15:54,082 [main] INFO  http.HttpServer2 (HttpServer2.java:addFilter(958)) - Added filter static_user_filter (class=org.apache.hadoop.http.lib.StaticUserWebFilter$StaticUserFilter) to context logs
2019-09-17 06:15:54,083 [main] INFO  http.HttpServer2 (HttpServer2.java:bindListener(1191)) - Jetty bound to port 45744
2019-09-17 06:15:54,083 [main] INFO  server.Server (Server.java:doStart(351)) - jetty-9.3.24.v20180605, build timestamp: 2018-06-05T17:11:56Z, git hash: 84205aa28f11a4f31f2a3b86d1bba2cc8ab69827
2019-09-17 06:15:54,085 [main] INFO  handler.ContextHandler (ContextHandler.java:doStart(781)) - Started o.e.j.s.ServletContextHandler@1b9d9a2b{/logs,file:///workdir/hadoop-ozone/integration-test/target/log,AVAILABLE}
2019-09-17 06:15:54,085 [main] INFO  handler.ContextHandler (ContextHandler.java:doStart(781)) - Started o.e.j.s.ServletContextHandler@17dad32f{/static,jar:file:/home/user/.m2/repository/org/apache/hadoop/hadoop-hdds-container-service/0.5.0-SNAPSHOT/hadoop-hdds-container-service-0.5.0-SNAPSHOT.jar!/webapps/static,AVAILABLE}
2019-09-17 06:15:54,112 [main] INFO  handler.ContextHandler (ContextHandler.java:doStart(781)) - Started o.e.j.w.WebAppContext@da28d03{/,file:///tmp/jetty-0.0.0.0-45744-hddsDatanode-_-any-6904364328524364650.dir/webapp/,AVAILABLE}{/hddsDatanode}
2019-09-17 06:15:54,112 [main] INFO  server.AbstractConnector (AbstractConnector.java:doStart(278)) - Started ServerConnector@ebda593{HTTP/1.1,[http/1.1]}{0.0.0.0:45744}
2019-09-17 06:15:54,114 [main] INFO  server.Server (Server.java:doStart(419)) - Started @51356ms
2019-09-17 06:15:54,114 [main] WARN  impl.MetricsSystemImpl (MetricsSystemImpl.java:register(276)) - Sink prometheus already exists!
2019-09-17 06:15:54,115 [main] INFO  server.BaseHttpServer (BaseHttpServer.java:updateConnectorAddress(215)) - HTTP server of HDDSDATANODE is listening at http://0.0.0.0:45744
2019-09-17 06:15:54,115 [main] INFO  impl.MetricsSystemImpl (MetricsSystemImpl.java:init(158)) - HddsDatanode metrics system started (again)
2019-09-17 06:15:54,120 [org.apache.hadoop.util.JvmPauseMonitor$Monitor@67eadedf] INFO  util.JvmPauseMonitor (JvmPauseMonitor.java:run(188)) - Starting JVM pause monitor
2019-09-17 06:15:54,120 [main] INFO  ozone.HddsDatanodeService (HddsDatanodeService.java:start(184)) - HddsDatanodeService host:trunk-nightly-20190917-29l5j-2509219610 ip:192.168.69.122
2019-09-17 06:15:54,122 [Datanode State Machine Thread - 0] INFO  datanode.InitDatanodeState (InitDatanodeState.java:persistContainerDatanodeDetails(140)) - DatanodeDetails is persisted to /workdir/hadoop-ozone/integration-test/target/test-dir/MiniOzoneClusterImpl-20dced08-aa13-41be-af84-0d1cf5708d98/datanode-5/meta/datanode.id
2019-09-17 06:15:54,127 [main] INFO  volume.HddsVolume (HddsVolume.java:<init>(176)) - Creating Volume: /workdir/hadoop-ozone/integration-test/target/test-dir/MiniOzoneClusterImpl-20dced08-aa13-41be-af84-0d1cf5708d98/datanode-6/data/containers/hdds of  storage type : DISK and capacity : 1482555576320
2019-09-17 06:15:54,127 [main] INFO  volume.VolumeSet (VolumeSet.java:initializeVolumeSet(170)) - Added Volume : /workdir/hadoop-ozone/integration-test/target/test-dir/MiniOzoneClusterImpl-20dced08-aa13-41be-af84-0d1cf5708d98/datanode-6/data/containers/hdds to VolumeSet
2019-09-17 06:15:54,127 [main] INFO  volume.ThrottledAsyncChecker (ThrottledAsyncChecker.java:schedule(139)) - Scheduling a check for org.apache.hadoop.ozone.container.common.volume.HddsVolume@65afeb6d
2019-09-17 06:15:54,127 [main] INFO  volume.HddsVolumeChecker (HddsVolumeChecker.java:checkAllVolumes(202)) - Scheduled health check for volume org.apache.hadoop.ozone.container.common.volume.HddsVolume@65afeb6d
2019-09-17 06:15:54,140 [main] INFO  impl.RaftServerProxy (ConfUtils.java:logGet(43)) - raft.rpc.type = GRPC (default)
2019-09-17 06:15:54,140 [main] INFO  grpc.GrpcFactory (GrpcFactory.java:checkPooledByteBufAllocatorUseCacheForAllThreads(45)) - PERFORMANCE WARNING: useCacheForAllThreads is true that may cause Netty to create a lot garbage objects and, as a result, trigger GC.
	It is recommended to disable useCacheForAllThreads by setting -Dorg.apache.ratis.thirdparty.io.netty.allocator.useCacheForAllThreads=false in command line.
2019-09-17 06:15:54,140 [main] INFO  grpc.GrpcConfigKeys$Server (ConfUtils.java:logGet(43)) - raft.grpc.server.port = 0 (default)
2019-09-17 06:15:54,141 [main] INFO  server.GrpcService (ConfUtils.java:logGet(43)) - raft.grpc.message.size.max = 33570816 (custom)
2019-09-17 06:15:54,141 [main] INFO  server.RaftServerConfigKeys (ConfUtils.java:logGet(43)) - raft.server.log.appender.buffer.byte-limit = 33554432 (custom)
2019-09-17 06:15:54,141 [main] INFO  server.GrpcService (ConfUtils.java:logGet(43)) - raft.grpc.flow.control.window = 1MB (=1048576) (default)
2019-09-17 06:15:54,141 [main] INFO  server.RaftServerConfigKeys (ConfUtils.java:logGet(43)) - raft.server.rpc.request.timeout = 3000ms (default)
2019-09-17 06:15:54,142 [main] INFO  server.RaftServerConfigKeys (ConfUtils.java:logGet(43)) - raft.server.storage.dir = [/workdir/hadoop-ozone/integration-test/target/test-dir/MiniOzoneClusterImpl-20dced08-aa13-41be-af84-0d1cf5708d98/datanode-6/data/ratis] (custom)
2019-09-17 06:15:54,143 [main] INFO  hdfs.DFSUtil (DFSUtil.java:httpServerTemplateForNNAndJN(1641)) - Starting Web-server for hddsDatanode at: http://0.0.0.0:0
2019-09-17 06:15:54,144 [main] INFO  server.AuthenticationFilter (AuthenticationFilter.java:constructSecretProvider(240)) - Unable to initialize FileSignerSecretProvider, falling back to use random secrets.
2019-09-17 06:15:54,144 [main] WARN  http.HttpRequestLog (HttpRequestLog.java:getRequestLog(97)) - Jetty request log can only be enabled using Log4j
2019-09-17 06:15:54,145 [main] INFO  http.HttpServer2 (HttpServer2.java:addGlobalFilter(975)) - Added global filter 'safety' (class=org.apache.hadoop.http.HttpServer2$QuotingInputFilter)
2019-09-17 06:15:54,146 [main] INFO  http.HttpServer2 (HttpServer2.java:addFilter(948)) - Added filter static_user_filter (class=org.apache.hadoop.http.lib.StaticUserWebFilter$StaticUserFilter) to context hddsDatanode
2019-09-17 06:15:54,146 [main] INFO  http.HttpServer2 (HttpServer2.java:addFilter(958)) - Added filter static_user_filter (class=org.apache.hadoop.http.lib.StaticUserWebFilter$StaticUserFilter) to context static
2019-09-17 06:15:54,146 [main] INFO  http.HttpServer2 (HttpServer2.java:addFilter(958)) - Added filter static_user_filter (class=org.apache.hadoop.http.lib.StaticUserWebFilter$StaticUserFilter) to context logs
2019-09-17 06:15:54,147 [main] INFO  http.HttpServer2 (HttpServer2.java:bindListener(1191)) - Jetty bound to port 33079
2019-09-17 06:15:54,147 [main] INFO  server.Server (Server.java:doStart(351)) - jetty-9.3.24.v20180605, build timestamp: 2018-06-05T17:11:56Z, git hash: 84205aa28f11a4f31f2a3b86d1bba2cc8ab69827
2019-09-17 06:15:54,149 [main] INFO  handler.ContextHandler (ContextHandler.java:doStart(781)) - Started o.e.j.s.ServletContextHandler@456bcb74{/logs,file:///workdir/hadoop-ozone/integration-test/target/log,AVAILABLE}
2019-09-17 06:15:54,149 [main] INFO  handler.ContextHandler (ContextHandler.java:doStart(781)) - Started o.e.j.s.ServletContextHandler@dd4aec3{/static,jar:file:/home/user/.m2/repository/org/apache/hadoop/hadoop-hdds-container-service/0.5.0-SNAPSHOT/hadoop-hdds-container-service-0.5.0-SNAPSHOT.jar!/webapps/static,AVAILABLE}
2019-09-17 06:15:54,176 [main] INFO  handler.ContextHandler (ContextHandler.java:doStart(781)) - Started o.e.j.w.WebAppContext@5ad1904f{/,file:///tmp/jetty-0.0.0.0-33079-hddsDatanode-_-any-3431604361762373037.dir/webapp/,AVAILABLE}{/hddsDatanode}
2019-09-17 06:15:54,177 [main] INFO  server.AbstractConnector (AbstractConnector.java:doStart(278)) - Started ServerConnector@a146b11{HTTP/1.1,[http/1.1]}{0.0.0.0:33079}
2019-09-17 06:15:54,178 [main] INFO  server.Server (Server.java:doStart(419)) - Started @51421ms
2019-09-17 06:15:54,178 [main] WARN  impl.MetricsSystemImpl (MetricsSystemImpl.java:register(276)) - Sink prometheus already exists!
2019-09-17 06:15:54,179 [main] INFO  server.BaseHttpServer (BaseHttpServer.java:updateConnectorAddress(215)) - HTTP server of HDDSDATANODE is listening at http://0.0.0.0:33079
2019-09-17 06:15:54,180 [main] INFO  ozone.MiniOzoneClusterImpl (MiniOzoneClusterImpl.java:lambda$waitForClusterToBeReady$0(145)) - Waiting for cluster to be ready. Got 0 of 7 DN Heartbeats.
2019-09-17 06:15:54,184 [org.apache.hadoop.util.JvmPauseMonitor$Monitor@3f35d180] INFO  util.JvmPauseMonitor (JvmPauseMonitor.java:run(188)) - Starting JVM pause monitor
2019-09-17 06:15:54,185 [Datanode State Machine Thread - 0] INFO  datanode.InitDatanodeState (InitDatanodeState.java:persistContainerDatanodeDetails(140)) - DatanodeDetails is persisted to /workdir/hadoop-ozone/integration-test/target/test-dir/MiniOzoneClusterImpl-20dced08-aa13-41be-af84-0d1cf5708d98/datanode-6/meta/datanode.id
2019-09-17 06:15:55,180 [main] INFO  ozone.MiniOzoneClusterImpl (MiniOzoneClusterImpl.java:lambda$waitForClusterToBeReady$0(145)) - Waiting for cluster to be ready. Got 0 of 7 DN Heartbeats.
2019-09-17 06:15:55,794 [Datanode State Machine Thread - 0] INFO  ozoneimpl.OzoneContainer (OzoneContainer.java:start(217)) - Attempting to start container services.
2019-09-17 06:15:55,796 [Datanode State Machine Thread - 0] INFO  ozoneimpl.OzoneContainer (OzoneContainer.java:startContainerScrub(179)) - Background container scanner has been disabled.
2019-09-17 06:15:55,797 [Datanode State Machine Thread - 0] INFO  ratis.XceiverServerRatis (XceiverServerRatis.java:start(411)) - Starting XceiverServerRatis 60b9fd43-dfe3-439d-a426-4905ea8c45cc at port 0
2019-09-17 06:15:55,803 [Datanode State Machine Thread - 0] INFO  impl.RaftServerProxy (RaftServerProxy.java:lambda$start$3(299)) - 60b9fd43-dfe3-439d-a426-4905ea8c45cc: start RPC server
2019-09-17 06:15:55,805 [Datanode State Machine Thread - 0] INFO  server.GrpcService (GrpcService.java:startImpl(158)) - 60b9fd43-dfe3-439d-a426-4905ea8c45cc: GrpcService started, listening on 0.0.0.0/0.0.0.0:38002
2019-09-17 06:15:55,806 [Datanode State Machine Thread - 0] INFO  ratis.XceiverServerRatis (XceiverServerRatis.java:start(421)) - XceiverServerRatis 60b9fd43-dfe3-439d-a426-4905ea8c45cc is started using port 38002
2019-09-17 06:15:55,807 [Datanode State Machine Thread - 0] INFO  server.XceiverServerGrpc (XceiverServerGrpc.java:start(163)) - XceiverServerGrpc 60b9fd43-dfe3-439d-a426-4905ea8c45cc is started using port 37828
2019-09-17 06:15:55,869 [Datanode State Machine Thread - 0] INFO  ozoneimpl.OzoneContainer (OzoneContainer.java:start(217)) - Attempting to start container services.
2019-09-17 06:15:55,871 [Datanode State Machine Thread - 0] INFO  ozoneimpl.OzoneContainer (OzoneContainer.java:startContainerScrub(179)) - Background container scanner has been disabled.
2019-09-17 06:15:55,872 [Datanode State Machine Thread - 0] INFO  ratis.XceiverServerRatis (XceiverServerRatis.java:start(411)) - Starting XceiverServerRatis be3471fd-5ec3-4a32-92cd-b8d21dd0df7a at port 0
2019-09-17 06:15:55,879 [Datanode State Machine Thread - 0] INFO  impl.RaftServerProxy (RaftServerProxy.java:lambda$start$3(299)) - be3471fd-5ec3-4a32-92cd-b8d21dd0df7a: start RPC server
2019-09-17 06:15:55,880 [Datanode State Machine Thread - 0] INFO  server.GrpcService (GrpcService.java:startImpl(158)) - be3471fd-5ec3-4a32-92cd-b8d21dd0df7a: GrpcService started, listening on 0.0.0.0/0.0.0.0:33444
2019-09-17 06:15:55,880 [Datanode State Machine Thread - 0] INFO  ratis.XceiverServerRatis (XceiverServerRatis.java:start(421)) - XceiverServerRatis be3471fd-5ec3-4a32-92cd-b8d21dd0df7a is started using port 33444
2019-09-17 06:15:55,888 [Datanode State Machine Thread - 0] INFO  server.XceiverServerGrpc (XceiverServerGrpc.java:start(163)) - XceiverServerGrpc be3471fd-5ec3-4a32-92cd-b8d21dd0df7a is started using port 46383
2019-09-17 06:15:55,935 [Datanode State Machine Thread - 0] INFO  ozoneimpl.OzoneContainer (OzoneContainer.java:start(217)) - Attempting to start container services.
2019-09-17 06:15:55,941 [Datanode State Machine Thread - 0] INFO  ozoneimpl.OzoneContainer (OzoneContainer.java:startContainerScrub(179)) - Background container scanner has been disabled.
2019-09-17 06:15:55,941 [Datanode State Machine Thread - 0] INFO  ratis.XceiverServerRatis (XceiverServerRatis.java:start(411)) - Starting XceiverServerRatis d7c22a7b-346b-4d39-b7ce-c816ec26da0f at port 0
2019-09-17 06:15:55,948 [Datanode State Machine Thread - 0] INFO  impl.RaftServerProxy (RaftServerProxy.java:lambda$start$3(299)) - d7c22a7b-346b-4d39-b7ce-c816ec26da0f: start RPC server
2019-09-17 06:15:55,951 [Datanode State Machine Thread - 0] INFO  server.GrpcService (GrpcService.java:startImpl(158)) - d7c22a7b-346b-4d39-b7ce-c816ec26da0f: GrpcService started, listening on 0.0.0.0/0.0.0.0:37000
2019-09-17 06:15:55,951 [Datanode State Machine Thread - 0] INFO  ratis.XceiverServerRatis (XceiverServerRatis.java:start(421)) - XceiverServerRatis d7c22a7b-346b-4d39-b7ce-c816ec26da0f is started using port 37000
2019-09-17 06:15:55,960 [Datanode State Machine Thread - 0] INFO  server.XceiverServerGrpc (XceiverServerGrpc.java:start(163)) - XceiverServerGrpc d7c22a7b-346b-4d39-b7ce-c816ec26da0f is started using port 41675
2019-09-17 06:15:56,003 [Datanode State Machine Thread - 0] INFO  ozoneimpl.OzoneContainer (OzoneContainer.java:start(217)) - Attempting to start container services.
2019-09-17 06:15:56,003 [Datanode State Machine Thread - 0] INFO  ozoneimpl.OzoneContainer (OzoneContainer.java:startContainerScrub(179)) - Background container scanner has been disabled.
2019-09-17 06:15:56,003 [Datanode State Machine Thread - 0] INFO  ratis.XceiverServerRatis (XceiverServerRatis.java:start(411)) - Starting XceiverServerRatis a9c241ba-7330-43af-b780-2b01a2bccba1 at port 0
2019-09-17 06:15:56,010 [Datanode State Machine Thread - 0] INFO  impl.RaftServerProxy (RaftServerProxy.java:lambda$start$3(299)) - a9c241ba-7330-43af-b780-2b01a2bccba1: start RPC server
2019-09-17 06:15:56,011 [Datanode State Machine Thread - 0] INFO  server.GrpcService (GrpcService.java:startImpl(158)) - a9c241ba-7330-43af-b780-2b01a2bccba1: GrpcService started, listening on 0.0.0.0/0.0.0.0:37585
2019-09-17 06:15:56,011 [Datanode State Machine Thread - 0] INFO  ratis.XceiverServerRatis (XceiverServerRatis.java:start(421)) - XceiverServerRatis a9c241ba-7330-43af-b780-2b01a2bccba1 is started using port 37585
2019-09-17 06:15:56,013 [Datanode State Machine Thread - 0] INFO  server.XceiverServerGrpc (XceiverServerGrpc.java:start(163)) - XceiverServerGrpc a9c241ba-7330-43af-b780-2b01a2bccba1 is started using port 39557
2019-09-17 06:15:56,071 [Datanode State Machine Thread - 0] INFO  ozoneimpl.OzoneContainer (OzoneContainer.java:start(217)) - Attempting to start container services.
2019-09-17 06:15:56,071 [Datanode State Machine Thread - 0] INFO  ozoneimpl.OzoneContainer (OzoneContainer.java:startContainerScrub(179)) - Background container scanner has been disabled.
2019-09-17 06:15:56,072 [Datanode State Machine Thread - 0] INFO  ratis.XceiverServerRatis (XceiverServerRatis.java:start(411)) - Starting XceiverServerRatis f34b9ced-9b49-4611-b86d-99421916706b at port 0
2019-09-17 06:15:56,079 [Datanode State Machine Thread - 0] INFO  impl.RaftServerProxy (RaftServerProxy.java:lambda$start$3(299)) - f34b9ced-9b49-4611-b86d-99421916706b: start RPC server
2019-09-17 06:15:56,081 [Datanode State Machine Thread - 0] INFO  server.GrpcService (GrpcService.java:startImpl(158)) - f34b9ced-9b49-4611-b86d-99421916706b: GrpcService started, listening on 0.0.0.0/0.0.0.0:45901
2019-09-17 06:15:56,082 [Datanode State Machine Thread - 0] INFO  ratis.XceiverServerRatis (XceiverServerRatis.java:start(421)) - XceiverServerRatis f34b9ced-9b49-4611-b86d-99421916706b is started using port 45901
2019-09-17 06:15:56,082 [Datanode State Machine Thread - 0] INFO  server.XceiverServerGrpc (XceiverServerGrpc.java:start(163)) - XceiverServerGrpc f34b9ced-9b49-4611-b86d-99421916706b is started using port 41673
2019-09-17 06:15:56,136 [Datanode State Machine Thread - 0] INFO  ozoneimpl.OzoneContainer (OzoneContainer.java:start(217)) - Attempting to start container services.
2019-09-17 06:15:56,136 [Datanode State Machine Thread - 0] INFO  ozoneimpl.OzoneContainer (OzoneContainer.java:startContainerScrub(179)) - Background container scanner has been disabled.
2019-09-17 06:15:56,137 [Datanode State Machine Thread - 0] INFO  ratis.XceiverServerRatis (XceiverServerRatis.java:start(411)) - Starting XceiverServerRatis 967c7462-8c27-4f7c-97a1-2e921716fc39 at port 0
2019-09-17 06:15:56,144 [Datanode State Machine Thread - 0] INFO  impl.RaftServerProxy (RaftServerProxy.java:lambda$start$3(299)) - 967c7462-8c27-4f7c-97a1-2e921716fc39: start RPC server
2019-09-17 06:15:56,145 [Datanode State Machine Thread - 0] INFO  server.GrpcService (GrpcService.java:startImpl(158)) - 967c7462-8c27-4f7c-97a1-2e921716fc39: GrpcService started, listening on 0.0.0.0/0.0.0.0:46696
2019-09-17 06:15:56,145 [Datanode State Machine Thread - 0] INFO  ratis.XceiverServerRatis (XceiverServerRatis.java:start(421)) - XceiverServerRatis 967c7462-8c27-4f7c-97a1-2e921716fc39 is started using port 46696
2019-09-17 06:15:56,145 [Datanode State Machine Thread - 0] INFO  server.XceiverServerGrpc (XceiverServerGrpc.java:start(163)) - XceiverServerGrpc 967c7462-8c27-4f7c-97a1-2e921716fc39 is started using port 43132
2019-09-17 06:15:56,181 [main] INFO  ozone.MiniOzoneClusterImpl (MiniOzoneClusterImpl.java:lambda$waitForClusterToBeReady$0(145)) - Waiting for cluster to be ready. Got 0 of 7 DN Heartbeats.
2019-09-17 06:15:56,207 [Datanode State Machine Thread - 0] INFO  ozoneimpl.OzoneContainer (OzoneContainer.java:start(217)) - Attempting to start container services.
2019-09-17 06:15:56,207 [Datanode State Machine Thread - 0] INFO  ozoneimpl.OzoneContainer (OzoneContainer.java:startContainerScrub(179)) - Background container scanner has been disabled.
2019-09-17 06:15:56,207 [Datanode State Machine Thread - 0] INFO  ratis.XceiverServerRatis (XceiverServerRatis.java:start(411)) - Starting XceiverServerRatis 00a9c42b-b8e1-4789-b80f-e97d2858a7db at port 0
2019-09-17 06:15:56,214 [Datanode State Machine Thread - 0] INFO  impl.RaftServerProxy (RaftServerProxy.java:lambda$start$3(299)) - 00a9c42b-b8e1-4789-b80f-e97d2858a7db: start RPC server
2019-09-17 06:15:56,217 [Datanode State Machine Thread - 0] INFO  server.GrpcService (GrpcService.java:startImpl(158)) - 00a9c42b-b8e1-4789-b80f-e97d2858a7db: GrpcService started, listening on 0.0.0.0/0.0.0.0:43482
2019-09-17 06:15:56,218 [Datanode State Machine Thread - 0] INFO  ratis.XceiverServerRatis (XceiverServerRatis.java:start(421)) - XceiverServerRatis 00a9c42b-b8e1-4789-b80f-e97d2858a7db is started using port 43482
2019-09-17 06:15:56,220 [Datanode State Machine Thread - 0] INFO  server.XceiverServerGrpc (XceiverServerGrpc.java:start(163)) - XceiverServerGrpc 00a9c42b-b8e1-4789-b80f-e97d2858a7db is started using port 33209
2019-09-17 06:15:57,181 [main] INFO  ozone.MiniOzoneClusterImpl (MiniOzoneClusterImpl.java:lambda$waitForClusterToBeReady$0(145)) - Waiting for cluster to be ready. Got 0 of 7 DN Heartbeats.
2019-09-17 06:15:57,783 [IPC Server handler 2 on 41613] INFO  net.NetworkTopology (NetworkTopologyImpl.java:add(111)) - Added a new node: /default-rack/60b9fd43-dfe3-439d-a426-4905ea8c45cc
2019-09-17 06:15:57,787 [IPC Server handler 2 on 41613] INFO  node.SCMNodeManager (SCMNodeManager.java:register(266)) - Registered Data node : 60b9fd43-dfe3-439d-a426-4905ea8c45cc{ip: 192.168.69.122, host: trunk-nightly-20190917-29l5j-2509219610, networkLocation: /default-rack, certSerialId: null}
2019-09-17 06:15:57,788 [EventQueue-NodeRegistrationContainerReportForDataNodeSafeModeRule] INFO  safemode.SCMSafeModeManager (DataNodeSafeModeRule.java:process(71)) - SCM in safe mode. 1 DataNodes registered, 1 required.
2019-09-17 06:15:57,791 [EventQueue-NodeRegistrationContainerReportForDataNodeSafeModeRule] INFO  safemode.SCMSafeModeManager (SCMSafeModeManager.java:validateSafeModeExitRules(177)) - ScmSafeModeManager, all rules are successfully validated
2019-09-17 06:15:57,791 [EventQueue-NodeRegistrationContainerReportForDataNodeSafeModeRule] INFO  safemode.SCMSafeModeManager (SCMSafeModeManager.java:exitSafeMode(193)) - SCM exiting safe mode.
2019-09-17 06:15:57,810 [grpc-default-executor-3] INFO  impl.RaftServerProxy (RaftServerProxy.java:addNew(89)) - 60b9fd43-dfe3-439d-a426-4905ea8c45cc: addNew group-A0107DA47934:[60b9fd43-dfe3-439d-a426-4905ea8c45cc:192.168.69.122:38002] returns group-A0107DA47934:java.util.concurrent.CompletableFuture@2dc98181[Not completed]
2019-09-17 06:15:57,813 [pool-119-thread-1] INFO  impl.RaftServerImpl (RaftServerImpl.java:<init>(95)) - 60b9fd43-dfe3-439d-a426-4905ea8c45cc: new RaftServerImpl for group-A0107DA47934:[60b9fd43-dfe3-439d-a426-4905ea8c45cc:192.168.69.122:38002] with ContainerStateMachine:uninitialized
2019-09-17 06:15:57,813 [pool-119-thread-1] INFO  server.RaftServerConfigKeys (ConfUtils.java:logGet(43)) - raft.server.rpc.timeout.min = 5s (custom)
2019-09-17 06:15:57,814 [pool-119-thread-1] INFO  server.RaftServerConfigKeys (ConfUtils.java:logGet(43)) - raft.server.rpc.timeout.max = 5200ms (custom)
2019-09-17 06:15:57,814 [pool-119-thread-1] INFO  server.RaftServerConfigKeys (ConfUtils.java:logGet(43)) - raft.server.rpcslowness.timeout = 120s (custom)
2019-09-17 06:15:57,814 [pool-119-thread-1] INFO  server.RaftServerConfigKeys (ConfUtils.java:logGet(43)) - raft.server.sleep.deviation.threshold = 300 (default)
2019-09-17 06:15:57,814 [pool-119-thread-1] INFO  server.RaftServerConfigKeys (ConfUtils.java:logGet(43)) - raft.server.log.appender.install.snapshot.enabled = false (custom)
2019-09-17 06:15:57,814 [pool-119-thread-1] INFO  impl.RaftServerImpl (ServerState.java:<init>(103)) - 60b9fd43-dfe3-439d-a426-4905ea8c45cc@group-A0107DA47934: ConfigurationManager, init=-1: [60b9fd43-dfe3-439d-a426-4905ea8c45cc:192.168.69.122:38002], old=null, confs=<EMPTY_MAP>
2019-09-17 06:15:57,815 [pool-119-thread-1] INFO  server.RaftServerConfigKeys (ConfUtils.java:logGet(43)) - raft.server.storage.dir = [/workdir/hadoop-ozone/integration-test/target/test-dir/MiniOzoneClusterImpl-20dced08-aa13-41be-af84-0d1cf5708d98/datanode-0/data/ratis] (custom)
2019-09-17 06:15:57,815 [pool-119-thread-1] INFO  storage.RaftStorageDirectory (RaftStorageDirectory.java:analyzeStorage(246)) - The storage directory /workdir/hadoop-ozone/integration-test/target/test-dir/MiniOzoneClusterImpl-20dced08-aa13-41be-af84-0d1cf5708d98/datanode-0/data/ratis/a3720b6a-8525-4258-9d61-a0107da47934 does not exist. Creating ...
2019-09-17 06:15:57,828 [pool-119-thread-1] INFO  storage.RaftStorageDirectory (RaftStorageDirectory.java:tryLock(328)) - Lock on /workdir/hadoop-ozone/integration-test/target/test-dir/MiniOzoneClusterImpl-20dced08-aa13-41be-af84-0d1cf5708d98/datanode-0/data/ratis/a3720b6a-8525-4258-9d61-a0107da47934/in_use.lock acquired by nodename 2222@trunk-nightly-20190917-29l5j-2509219610
2019-09-17 06:15:57,841 [pool-119-thread-1] INFO  storage.RaftStorage (RaftStorage.java:format(72)) - Storage directory /workdir/hadoop-ozone/integration-test/target/test-dir/MiniOzoneClusterImpl-20dced08-aa13-41be-af84-0d1cf5708d98/datanode-0/data/ratis/a3720b6a-8525-4258-9d61-a0107da47934 has been successfully formatted.
2019-09-17 06:15:57,842 [pool-119-thread-1] INFO  ratis.ContainerStateMachine (ContainerStateMachine.java:loadSnapshot(230)) - group-A0107DA47934: The snapshot info is null. Setting the last applied indexto:(t:0, i:~)
2019-09-17 06:15:57,842 [pool-119-thread-1] INFO  server.RaftServerConfigKeys (ConfUtils.java:logGet(43)) - raft.server.notification.no-leader.timeout = 120s (custom)
2019-09-17 06:15:57,842 [pool-119-thread-1] INFO  server.RaftServerConfigKeys (ConfUtils.java:logGet(43)) - raft.server.log.use.memory = false (default)
2019-09-17 06:15:57,842 [pool-119-thread-1] INFO  server.RaftServerConfigKeys (ConfUtils.java:logGet(43)) - raft.server.log.purge.gap = 1000000 (custom)
2019-09-17 06:15:57,842 [pool-119-thread-1] INFO  server.RaftServerConfigKeys (ConfUtils.java:logGet(43)) - raft.server.log.appender.buffer.byte-limit = 33554432 (custom)
2019-09-17 06:15:57,843 [pool-119-thread-1] INFO  server.RaftServerConfigKeys (ConfUtils.java:logGet(43)) - raft.server.log.segment.size.max = 1048576 (custom)
2019-09-17 06:15:57,843 [pool-119-thread-1] INFO  server.RaftServerConfigKeys (ConfUtils.java:logGet(43)) - raft.server.log.segment.cache.num.max = 2 (custom)
2019-09-17 06:15:57,843 [pool-119-thread-1] INFO  segmented.SegmentedRaftLogWorker (SegmentedRaftLogWorker.java:<init>(172)) - new 60b9fd43-dfe3-439d-a426-4905ea8c45cc@group-A0107DA47934-SegmentedRaftLogWorker for RaftStorage:Storage Directory /workdir/hadoop-ozone/integration-test/target/test-dir/MiniOzoneClusterImpl-20dced08-aa13-41be-af84-0d1cf5708d98/datanode-0/data/ratis/a3720b6a-8525-4258-9d61-a0107da47934
2019-09-17 06:15:57,847 [pool-119-thread-1] INFO  server.RaftServerConfigKeys (ConfUtils.java:logGet(43)) - raft.server.log.queue.byte-limit = 2147483647 (custom)
2019-09-17 06:15:57,847 [pool-119-thread-1] INFO  server.RaftServerConfigKeys (ConfUtils.java:logGet(43)) - raft.server.log.queue.element-limit = 1024 (custom)
2019-09-17 06:15:57,847 [pool-119-thread-1] INFO  server.RaftServerConfigKeys (ConfUtils.java:logGet(43)) - raft.server.log.segment.size.max = 1048576 (custom)
2019-09-17 06:15:57,848 [pool-119-thread-1] INFO  server.RaftServerConfigKeys (ConfUtils.java:logGet(43)) - raft.server.log.preallocated.size = 16384 (custom)
2019-09-17 06:15:57,848 [pool-119-thread-1] INFO  server.RaftServerConfigKeys (ConfUtils.java:logGet(43)) - raft.server.log.write.buffer.size = 33554432 (custom)
2019-09-17 06:15:57,848 [pool-119-thread-1] INFO  server.RaftServerConfigKeys (ConfUtils.java:logGet(43)) - raft.server.log.force.sync.num = 128 (default)
2019-09-17 06:15:57,848 [pool-119-thread-1] INFO  server.RaftServerConfigKeys (ConfUtils.java:logGet(43)) - raft.server.log.statemachine.data.sync = true (default)
2019-09-17 06:15:57,848 [pool-119-thread-1] INFO  server.RaftServerConfigKeys (ConfUtils.java:logGet(43)) - raft.server.log.statemachine.data.sync.timeout = 10s (default)
2019-09-17 06:15:57,849 [pool-119-thread-1] INFO  server.RaftServerConfigKeys (ConfUtils.java:logGet(43)) - raft.server.log.statemachine.data.sync.timeout.retry = -1 (default)
2019-09-17 06:15:57,849 [pool-119-thread-1] INFO  server.RaftServerConfigKeys (ConfUtils.java:logGet(43)) - raft.server.log.statemachine.data.caching.enabled = true (custom)
2019-09-17 06:15:57,849 [pool-119-thread-1] INFO  segmented.SegmentedRaftLogWorker (SegmentedRaftLogWorker.java:lambda$new$0(132)) - 60b9fd43-dfe3-439d-a426-4905ea8c45cc@group-A0107DA47934-SegmentedRaftLogWorker: flushIndex: setUnconditionally 0 -> -1
2019-09-17 06:15:57,850 [pool-119-thread-1] INFO  server.RaftServerConfigKeys (ConfUtils.java:logGet(43)) - raft.server.snapshot.auto.trigger.enabled = true (custom)
2019-09-17 06:15:57,850 [pool-119-thread-1] INFO  server.RaftServerConfigKeys (ConfUtils.java:logGet(43)) - raft.server.snapshot.auto.trigger.threshold = 10000 (custom)
2019-09-17 06:15:57,850 [pool-119-thread-1] INFO  server.RaftServerConfigKeys (ConfUtils.java:logGet(43)) - raft.server.snapshot.retention.num.files = 5 (custom)
2019-09-17 06:15:57,851 [pool-119-thread-1] INFO  server.RaftServerConfigKeys (ConfUtils.java:logGet(43)) - raft.server.retrycache.expirytime = 600000ms (custom)
2019-09-17 06:15:57,854 [pool-119-thread-1] INFO  impl.RaftServerImpl (RaftServerImpl.java:start(185)) - 60b9fd43-dfe3-439d-a426-4905ea8c45cc@group-A0107DA47934: start as a follower, conf=-1: [60b9fd43-dfe3-439d-a426-4905ea8c45cc:192.168.69.122:38002], old=null
2019-09-17 06:15:57,854 [pool-119-thread-1] INFO  impl.RaftServerImpl (RaftServerImpl.java:setRole(174)) - 60b9fd43-dfe3-439d-a426-4905ea8c45cc@group-A0107DA47934: changes role from      null to FOLLOWER at term 0 for startAsFollower
2019-09-17 06:15:57,854 [pool-119-thread-1] INFO  impl.RoleInfo (RoleInfo.java:updateAndGet(143)) - 60b9fd43-dfe3-439d-a426-4905ea8c45cc: start FollowerState
2019-09-17 06:15:57,855 [pool-119-thread-1] INFO  util.JmxRegister (JmxRegister.java:tryRegister(44)) - Successfully registered JMX Bean with object name Ratis:service=RaftServer,group=group-A0107DA47934,id=60b9fd43-dfe3-439d-a426-4905ea8c45cc
2019-09-17 06:15:57,855 [IPC Server handler 3 on 41613] INFO  net.NetworkTopology (NetworkTopologyImpl.java:add(111)) - Added a new node: /default-rack/be3471fd-5ec3-4a32-92cd-b8d21dd0df7a
2019-09-17 06:15:57,856 [IPC Server handler 3 on 41613] INFO  node.SCMNodeManager (SCMNodeManager.java:register(266)) - Registered Data node : be3471fd-5ec3-4a32-92cd-b8d21dd0df7a{ip: 192.168.69.122, host: trunk-nightly-20190917-29l5j-2509219610, networkLocation: /default-rack, certSerialId: null}
2019-09-17 06:15:57,859 [RatisPipelineUtilsThread] INFO  pipeline.PipelineStateManager (PipelineStateManager.java:addPipeline(56)) - Created pipeline Pipeline[ Id: a3720b6a-8525-4258-9d61-a0107da47934, Nodes: 60b9fd43-dfe3-439d-a426-4905ea8c45cc{ip: 192.168.69.122, host: trunk-nightly-20190917-29l5j-2509219610, networkLocation: /default-rack, certSerialId: null}, Type:RATIS, Factor:ONE, State:OPEN]
2019-09-17 06:15:57,867 [grpc-default-executor-3] INFO  impl.RaftServerProxy (RaftServerProxy.java:addNew(89)) - be3471fd-5ec3-4a32-92cd-b8d21dd0df7a: addNew group-E3E888283239:[be3471fd-5ec3-4a32-92cd-b8d21dd0df7a:192.168.69.122:33444] returns group-E3E888283239:java.util.concurrent.CompletableFuture@2ae10bea[Not completed]
2019-09-17 06:15:57,869 [pool-129-thread-1] INFO  impl.RaftServerImpl (RaftServerImpl.java:<init>(95)) - be3471fd-5ec3-4a32-92cd-b8d21dd0df7a: new RaftServerImpl for group-E3E888283239:[be3471fd-5ec3-4a32-92cd-b8d21dd0df7a:192.168.69.122:33444] with ContainerStateMachine:uninitialized
2019-09-17 06:15:57,870 [pool-129-thread-1] INFO  server.RaftServerConfigKeys (ConfUtils.java:logGet(43)) - raft.server.rpc.timeout.min = 5s (custom)
2019-09-17 06:15:57,870 [pool-129-thread-1] INFO  server.RaftServerConfigKeys (ConfUtils.java:logGet(43)) - raft.server.rpc.timeout.max = 5200ms (custom)
2019-09-17 06:15:57,870 [pool-129-thread-1] INFO  server.RaftServerConfigKeys (ConfUtils.java:logGet(43)) - raft.server.rpcslowness.timeout = 120s (custom)
2019-09-17 06:15:57,870 [pool-129-thread-1] INFO  server.RaftServerConfigKeys (ConfUtils.java:logGet(43)) - raft.server.sleep.deviation.threshold = 300 (default)
2019-09-17 06:15:57,870 [pool-129-thread-1] INFO  server.RaftServerConfigKeys (ConfUtils.java:logGet(43)) - raft.server.log.appender.install.snapshot.enabled = false (custom)
2019-09-17 06:15:57,870 [pool-129-thread-1] INFO  impl.RaftServerImpl (ServerState.java:<init>(103)) - be3471fd-5ec3-4a32-92cd-b8d21dd0df7a@group-E3E888283239: ConfigurationManager, init=-1: [be3471fd-5ec3-4a32-92cd-b8d21dd0df7a:192.168.69.122:33444], old=null, confs=<EMPTY_MAP>
2019-09-17 06:15:57,870 [pool-129-thread-1] INFO  server.RaftServerConfigKeys (ConfUtils.java:logGet(43)) - raft.server.storage.dir = [/workdir/hadoop-ozone/integration-test/target/test-dir/MiniOzoneClusterImpl-20dced08-aa13-41be-af84-0d1cf5708d98/datanode-1/data/ratis] (custom)
2019-09-17 06:15:57,871 [pool-129-thread-1] INFO  storage.RaftStorageDirectory (RaftStorageDirectory.java:analyzeStorage(246)) - The storage directory /workdir/hadoop-ozone/integration-test/target/test-dir/MiniOzoneClusterImpl-20dced08-aa13-41be-af84-0d1cf5708d98/datanode-1/data/ratis/1410949f-dd75-4a83-a412-e3e888283239 does not exist. Creating ...
2019-09-17 06:15:57,883 [pool-129-thread-1] INFO  storage.RaftStorageDirectory (RaftStorageDirectory.java:tryLock(328)) - Lock on /workdir/hadoop-ozone/integration-test/target/test-dir/MiniOzoneClusterImpl-20dced08-aa13-41be-af84-0d1cf5708d98/datanode-1/data/ratis/1410949f-dd75-4a83-a412-e3e888283239/in_use.lock acquired by nodename 2222@trunk-nightly-20190917-29l5j-2509219610
2019-09-17 06:15:57,896 [pool-129-thread-1] INFO  storage.RaftStorage (RaftStorage.java:format(72)) - Storage directory /workdir/hadoop-ozone/integration-test/target/test-dir/MiniOzoneClusterImpl-20dced08-aa13-41be-af84-0d1cf5708d98/datanode-1/data/ratis/1410949f-dd75-4a83-a412-e3e888283239 has been successfully formatted.
2019-09-17 06:15:57,896 [pool-129-thread-1] INFO  ratis.ContainerStateMachine (ContainerStateMachine.java:loadSnapshot(230)) - group-E3E888283239: The snapshot info is null. Setting the last applied indexto:(t:0, i:~)
2019-09-17 06:15:57,896 [pool-129-thread-1] INFO  server.RaftServerConfigKeys (ConfUtils.java:logGet(43)) - raft.server.notification.no-leader.timeout = 120s (custom)
2019-09-17 06:15:57,897 [pool-129-thread-1] INFO  server.RaftServerConfigKeys (ConfUtils.java:logGet(43)) - raft.server.log.use.memory = false (default)
2019-09-17 06:15:57,897 [pool-129-thread-1] INFO  server.RaftServerConfigKeys (ConfUtils.java:logGet(43)) - raft.server.log.purge.gap = 1000000 (custom)
2019-09-17 06:15:57,897 [pool-129-thread-1] INFO  server.RaftServerConfigKeys (ConfUtils.java:logGet(43)) - raft.server.log.appender.buffer.byte-limit = 33554432 (custom)
2019-09-17 06:15:57,897 [pool-129-thread-1] INFO  server.RaftServerConfigKeys (ConfUtils.java:logGet(43)) - raft.server.log.segment.size.max = 1048576 (custom)
2019-09-17 06:15:57,897 [pool-129-thread-1] INFO  server.RaftServerConfigKeys (ConfUtils.java:logGet(43)) - raft.server.log.segment.cache.num.max = 2 (custom)
2019-09-17 06:15:57,897 [pool-129-thread-1] INFO  segmented.SegmentedRaftLogWorker (SegmentedRaftLogWorker.java:<init>(172)) - new be3471fd-5ec3-4a32-92cd-b8d21dd0df7a@group-E3E888283239-SegmentedRaftLogWorker for RaftStorage:Storage Directory /workdir/hadoop-ozone/integration-test/target/test-dir/MiniOzoneClusterImpl-20dced08-aa13-41be-af84-0d1cf5708d98/datanode-1/data/ratis/1410949f-dd75-4a83-a412-e3e888283239
2019-09-17 06:15:57,900 [pool-129-thread-1] INFO  server.RaftServerConfigKeys (ConfUtils.java:logGet(43)) - raft.server.log.queue.byte-limit = 2147483647 (custom)
2019-09-17 06:15:57,900 [pool-129-thread-1] INFO  server.RaftServerConfigKeys (ConfUtils.java:logGet(43)) - raft.server.log.queue.element-limit = 1024 (custom)
2019-09-17 06:15:57,900 [pool-129-thread-1] INFO  server.RaftServerConfigKeys (ConfUtils.java:logGet(43)) - raft.server.log.segment.size.max = 1048576 (custom)
2019-09-17 06:15:57,901 [pool-129-thread-1] INFO  server.RaftServerConfigKeys (ConfUtils.java:logGet(43)) - raft.server.log.preallocated.size = 16384 (custom)
2019-09-17 06:15:57,901 [pool-129-thread-1] INFO  server.RaftServerConfigKeys (ConfUtils.java:logGet(43)) - raft.server.log.write.buffer.size = 33554432 (custom)
2019-09-17 06:15:57,901 [pool-129-thread-1] INFO  server.RaftServerConfigKeys (ConfUtils.java:logGet(43)) - raft.server.log.force.sync.num = 128 (default)
2019-09-17 06:15:57,901 [pool-129-thread-1] INFO  server.RaftServerConfigKeys (ConfUtils.java:logGet(43)) - raft.server.log.statemachine.data.sync = true (default)
2019-09-17 06:15:57,901 [pool-129-thread-1] INFO  server.RaftServerConfigKeys (ConfUtils.java:logGet(43)) - raft.server.log.statemachine.data.sync.timeout = 10s (default)
2019-09-17 06:15:57,901 [pool-129-thread-1] INFO  server.RaftServerConfigKeys (ConfUtils.java:logGet(43)) - raft.server.log.statemachine.data.sync.timeout.retry = -1 (default)
2019-09-17 06:15:57,901 [pool-129-thread-1] INFO  server.RaftServerConfigKeys (ConfUtils.java:logGet(43)) - raft.server.log.statemachine.data.caching.enabled = true (custom)
2019-09-17 06:15:57,902 [pool-129-thread-1] INFO  segmented.SegmentedRaftLogWorker (SegmentedRaftLogWorker.java:lambda$new$0(132)) - be3471fd-5ec3-4a32-92cd-b8d21dd0df7a@group-E3E888283239-SegmentedRaftLogWorker: flushIndex: setUnconditionally 0 -> -1
2019-09-17 06:15:57,902 [pool-129-thread-1] INFO  server.RaftServerConfigKeys (ConfUtils.java:logGet(43)) - raft.server.snapshot.auto.trigger.enabled = true (custom)
2019-09-17 06:15:57,902 [pool-129-thread-1] INFO  server.RaftServerConfigKeys (ConfUtils.java:logGet(43)) - raft.server.snapshot.auto.trigger.threshold = 10000 (custom)
2019-09-17 06:15:57,902 [pool-129-thread-1] INFO  server.RaftServerConfigKeys (ConfUtils.java:logGet(43)) - raft.server.snapshot.retention.num.files = 5 (custom)
2019-09-17 06:15:57,903 [pool-129-thread-1] INFO  server.RaftServerConfigKeys (ConfUtils.java:logGet(43)) - raft.server.retrycache.expirytime = 600000ms (custom)
2019-09-17 06:15:57,905 [pool-129-thread-1] INFO  impl.RaftServerImpl (RaftServerImpl.java:start(185)) - be3471fd-5ec3-4a32-92cd-b8d21dd0df7a@group-E3E888283239: start as a follower, conf=-1: [be3471fd-5ec3-4a32-92cd-b8d21dd0df7a:192.168.69.122:33444], old=null
2019-09-17 06:15:57,905 [pool-129-thread-1] INFO  impl.RaftServerImpl (RaftServerImpl.java:setRole(174)) - be3471fd-5ec3-4a32-92cd-b8d21dd0df7a@group-E3E888283239: changes role from      null to FOLLOWER at term 0 for startAsFollower
2019-09-17 06:15:57,906 [pool-129-thread-1] INFO  impl.RoleInfo (RoleInfo.java:updateAndGet(143)) - be3471fd-5ec3-4a32-92cd-b8d21dd0df7a: start FollowerState
2019-09-17 06:15:57,906 [pool-129-thread-1] INFO  util.JmxRegister (JmxRegister.java:tryRegister(44)) - Successfully registered JMX Bean with object name Ratis:service=RaftServer,group=group-E3E888283239,id=be3471fd-5ec3-4a32-92cd-b8d21dd0df7a
2019-09-17 06:15:57,909 [RatisPipelineUtilsThread] INFO  pipeline.PipelineStateManager (PipelineStateManager.java:addPipeline(56)) - Created pipeline Pipeline[ Id: 1410949f-dd75-4a83-a412-e3e888283239, Nodes: be3471fd-5ec3-4a32-92cd-b8d21dd0df7a{ip: 192.168.69.122, host: trunk-nightly-20190917-29l5j-2509219610, networkLocation: /default-rack, certSerialId: null}, Type:RATIS, Factor:ONE, State:OPEN]
2019-09-17 06:15:57,922 [IPC Server handler 4 on 41613] INFO  net.NetworkTopology (NetworkTopologyImpl.java:add(111)) - Added a new node: /default-rack/d7c22a7b-346b-4d39-b7ce-c816ec26da0f
2019-09-17 06:15:57,923 [IPC Server handler 4 on 41613] INFO  node.SCMNodeManager (SCMNodeManager.java:register(266)) - Registered Data node : d7c22a7b-346b-4d39-b7ce-c816ec26da0f{ip: 192.168.69.122, host: trunk-nightly-20190917-29l5j-2509219610, networkLocation: /default-rack, certSerialId: null}
2019-09-17 06:15:57,931 [grpc-default-executor-3] INFO  impl.RaftServerProxy (RaftServerProxy.java:addNew(89)) - d7c22a7b-346b-4d39-b7ce-c816ec26da0f: addNew group-D84494500B6C:[d7c22a7b-346b-4d39-b7ce-c816ec26da0f:192.168.69.122:37000] returns group-D84494500B6C:java.util.concurrent.CompletableFuture@7ffb69cb[Not completed]
2019-09-17 06:15:57,936 [pool-139-thread-1] INFO  impl.RaftServerImpl (RaftServerImpl.java:<init>(95)) - d7c22a7b-346b-4d39-b7ce-c816ec26da0f: new RaftServerImpl for group-D84494500B6C:[d7c22a7b-346b-4d39-b7ce-c816ec26da0f:192.168.69.122:37000] with ContainerStateMachine:uninitialized
2019-09-17 06:15:57,936 [pool-139-thread-1] INFO  server.RaftServerConfigKeys (ConfUtils.java:logGet(43)) - raft.server.rpc.timeout.min = 5s (custom)
2019-09-17 06:15:57,937 [pool-139-thread-1] INFO  server.RaftServerConfigKeys (ConfUtils.java:logGet(43)) - raft.server.rpc.timeout.max = 5200ms (custom)
2019-09-17 06:15:57,937 [pool-139-thread-1] INFO  server.RaftServerConfigKeys (ConfUtils.java:logGet(43)) - raft.server.rpcslowness.timeout = 120s (custom)
2019-09-17 06:15:57,937 [pool-139-thread-1] INFO  server.RaftServerConfigKeys (ConfUtils.java:logGet(43)) - raft.server.sleep.deviation.threshold = 300 (default)
2019-09-17 06:15:57,937 [pool-139-thread-1] INFO  server.RaftServerConfigKeys (ConfUtils.java:logGet(43)) - raft.server.log.appender.install.snapshot.enabled = false (custom)
2019-09-17 06:15:57,937 [pool-139-thread-1] INFO  impl.RaftServerImpl (ServerState.java:<init>(103)) - d7c22a7b-346b-4d39-b7ce-c816ec26da0f@group-D84494500B6C: ConfigurationManager, init=-1: [d7c22a7b-346b-4d39-b7ce-c816ec26da0f:192.168.69.122:37000], old=null, confs=<EMPTY_MAP>
2019-09-17 06:15:57,937 [pool-139-thread-1] INFO  server.RaftServerConfigKeys (ConfUtils.java:logGet(43)) - raft.server.storage.dir = [/workdir/hadoop-ozone/integration-test/target/test-dir/MiniOzoneClusterImpl-20dced08-aa13-41be-af84-0d1cf5708d98/datanode-2/data/ratis] (custom)
2019-09-17 06:15:57,938 [pool-139-thread-1] INFO  storage.RaftStorageDirectory (RaftStorageDirectory.java:analyzeStorage(246)) - The storage directory /workdir/hadoop-ozone/integration-test/target/test-dir/MiniOzoneClusterImpl-20dced08-aa13-41be-af84-0d1cf5708d98/datanode-2/data/ratis/282b7689-5f63-4a36-a2af-d84494500b6c does not exist. Creating ...
2019-09-17 06:15:57,950 [pool-139-thread-1] INFO  storage.RaftStorageDirectory (RaftStorageDirectory.java:tryLock(328)) - Lock on /workdir/hadoop-ozone/integration-test/target/test-dir/MiniOzoneClusterImpl-20dced08-aa13-41be-af84-0d1cf5708d98/datanode-2/data/ratis/282b7689-5f63-4a36-a2af-d84494500b6c/in_use.lock acquired by nodename 2222@trunk-nightly-20190917-29l5j-2509219610
2019-09-17 06:15:57,961 [pool-139-thread-1] INFO  storage.RaftStorage (RaftStorage.java:format(72)) - Storage directory /workdir/hadoop-ozone/integration-test/target/test-dir/MiniOzoneClusterImpl-20dced08-aa13-41be-af84-0d1cf5708d98/datanode-2/data/ratis/282b7689-5f63-4a36-a2af-d84494500b6c has been successfully formatted.
2019-09-17 06:15:57,961 [pool-139-thread-1] INFO  ratis.ContainerStateMachine (ContainerStateMachine.java:loadSnapshot(230)) - group-D84494500B6C: The snapshot info is null. Setting the last applied indexto:(t:0, i:~)
2019-09-17 06:15:57,961 [pool-139-thread-1] INFO  server.RaftServerConfigKeys (ConfUtils.java:logGet(43)) - raft.server.notification.no-leader.timeout = 120s (custom)
2019-09-17 06:15:57,962 [pool-139-thread-1] INFO  server.RaftServerConfigKeys (ConfUtils.java:logGet(43)) - raft.server.log.use.memory = false (default)
2019-09-17 06:15:57,962 [pool-139-thread-1] INFO  server.RaftServerConfigKeys (ConfUtils.java:logGet(43)) - raft.server.log.purge.gap = 1000000 (custom)
2019-09-17 06:15:57,962 [pool-139-thread-1] INFO  server.RaftServerConfigKeys (ConfUtils.java:logGet(43)) - raft.server.log.appender.buffer.byte-limit = 33554432 (custom)
2019-09-17 06:15:57,962 [pool-139-thread-1] INFO  server.RaftServerConfigKeys (ConfUtils.java:logGet(43)) - raft.server.log.segment.size.max = 1048576 (custom)
2019-09-17 06:15:57,962 [pool-139-thread-1] INFO  server.RaftServerConfigKeys (ConfUtils.java:logGet(43)) - raft.server.log.segment.cache.num.max = 2 (custom)
2019-09-17 06:15:57,962 [pool-139-thread-1] INFO  segmented.SegmentedRaftLogWorker (SegmentedRaftLogWorker.java:<init>(172)) - new d7c22a7b-346b-4d39-b7ce-c816ec26da0f@group-D84494500B6C-SegmentedRaftLogWorker for RaftStorage:Storage Directory /workdir/hadoop-ozone/integration-test/target/test-dir/MiniOzoneClusterImpl-20dced08-aa13-41be-af84-0d1cf5708d98/datanode-2/data/ratis/282b7689-5f63-4a36-a2af-d84494500b6c
2019-09-17 06:15:57,965 [pool-139-thread-1] INFO  server.RaftServerConfigKeys (ConfUtils.java:logGet(43)) - raft.server.log.queue.byte-limit = 2147483647 (custom)
2019-09-17 06:15:57,965 [pool-139-thread-1] INFO  server.RaftServerConfigKeys (ConfUtils.java:logGet(43)) - raft.server.log.queue.element-limit = 1024 (custom)
2019-09-17 06:15:57,966 [pool-139-thread-1] INFO  server.RaftServerConfigKeys (ConfUtils.java:logGet(43)) - raft.server.log.segment.size.max = 1048576 (custom)
2019-09-17 06:15:57,966 [pool-139-thread-1] INFO  server.RaftServerConfigKeys (ConfUtils.java:logGet(43)) - raft.server.log.preallocated.size = 16384 (custom)
2019-09-17 06:15:57,966 [pool-139-thread-1] INFO  server.RaftServerConfigKeys (ConfUtils.java:logGet(43)) - raft.server.log.write.buffer.size = 33554432 (custom)
2019-09-17 06:15:57,966 [pool-139-thread-1] INFO  server.RaftServerConfigKeys (ConfUtils.java:logGet(43)) - raft.server.log.force.sync.num = 128 (default)
2019-09-17 06:15:57,966 [pool-139-thread-1] INFO  server.RaftServerConfigKeys (ConfUtils.java:logGet(43)) - raft.server.log.statemachine.data.sync = true (default)
2019-09-17 06:15:57,966 [pool-139-thread-1] INFO  server.RaftServerConfigKeys (ConfUtils.java:logGet(43)) - raft.server.log.statemachine.data.sync.timeout = 10s (default)
2019-09-17 06:15:57,966 [pool-139-thread-1] INFO  server.RaftServerConfigKeys (ConfUtils.java:logGet(43)) - raft.server.log.statemachine.data.sync.timeout.retry = -1 (default)
2019-09-17 06:15:57,967 [pool-139-thread-1] INFO  server.RaftServerConfigKeys (ConfUtils.java:logGet(43)) - raft.server.log.statemachine.data.caching.enabled = true (custom)
2019-09-17 06:15:57,967 [pool-139-thread-1] INFO  segmented.SegmentedRaftLogWorker (SegmentedRaftLogWorker.java:lambda$new$0(132)) - d7c22a7b-346b-4d39-b7ce-c816ec26da0f@group-D84494500B6C-SegmentedRaftLogWorker: flushIndex: setUnconditionally 0 -> -1
2019-09-17 06:15:57,967 [pool-139-thread-1] INFO  server.RaftServerConfigKeys (ConfUtils.java:logGet(43)) - raft.server.snapshot.auto.trigger.enabled = true (custom)
2019-09-17 06:15:57,967 [pool-139-thread-1] INFO  server.RaftServerConfigKeys (ConfUtils.java:logGet(43)) - raft.server.snapshot.auto.trigger.threshold = 10000 (custom)
2019-09-17 06:15:57,967 [pool-139-thread-1] INFO  server.RaftServerConfigKeys (ConfUtils.java:logGet(43)) - raft.server.snapshot.retention.num.files = 5 (custom)
2019-09-17 06:15:57,968 [pool-139-thread-1] INFO  server.RaftServerConfigKeys (ConfUtils.java:logGet(43)) - raft.server.retrycache.expirytime = 600000ms (custom)
2019-09-17 06:15:57,970 [pool-139-thread-1] INFO  impl.RaftServerImpl (RaftServerImpl.java:start(185)) - d7c22a7b-346b-4d39-b7ce-c816ec26da0f@group-D84494500B6C: start as a follower, conf=-1: [d7c22a7b-346b-4d39-b7ce-c816ec26da0f:192.168.69.122:37000], old=null
2019-09-17 06:15:57,970 [pool-139-thread-1] INFO  impl.RaftServerImpl (RaftServerImpl.java:setRole(174)) - d7c22a7b-346b-4d39-b7ce-c816ec26da0f@group-D84494500B6C: changes role from      null to FOLLOWER at term 0 for startAsFollower
2019-09-17 06:15:57,970 [pool-139-thread-1] INFO  impl.RoleInfo (RoleInfo.java:updateAndGet(143)) - d7c22a7b-346b-4d39-b7ce-c816ec26da0f: start FollowerState
2019-09-17 06:15:57,971 [pool-139-thread-1] INFO  util.JmxRegister (JmxRegister.java:tryRegister(44)) - Successfully registered JMX Bean with object name Ratis:service=RaftServer,group=group-D84494500B6C,id=d7c22a7b-346b-4d39-b7ce-c816ec26da0f
2019-09-17 06:15:57,973 [RatisPipelineUtilsThread] INFO  pipeline.PipelineStateManager (PipelineStateManager.java:addPipeline(56)) - Created pipeline Pipeline[ Id: 282b7689-5f63-4a36-a2af-d84494500b6c, Nodes: d7c22a7b-346b-4d39-b7ce-c816ec26da0f{ip: 192.168.69.122, host: trunk-nightly-20190917-29l5j-2509219610, networkLocation: /default-rack, certSerialId: null}, Type:RATIS, Factor:ONE, State:OPEN]
2019-09-17 06:15:57,993 [IPC Server handler 6 on 41613] INFO  net.NetworkTopology (NetworkTopologyImpl.java:add(111)) - Added a new node: /default-rack/a9c241ba-7330-43af-b780-2b01a2bccba1
2019-09-17 06:15:57,994 [IPC Server handler 6 on 41613] INFO  node.SCMNodeManager (SCMNodeManager.java:register(266)) - Registered Data node : a9c241ba-7330-43af-b780-2b01a2bccba1{ip: 192.168.69.122, host: trunk-nightly-20190917-29l5j-2509219610, networkLocation: /default-rack, certSerialId: null}
2019-09-17 06:15:57,994 [grpc-default-executor-1] INFO  impl.RaftServerProxy (RaftServerProxy.java:addNew(89)) - be3471fd-5ec3-4a32-92cd-b8d21dd0df7a: addNew group-77EFCECFE653:[be3471fd-5ec3-4a32-92cd-b8d21dd0df7a:192.168.69.122:33444, d7c22a7b-346b-4d39-b7ce-c816ec26da0f:192.168.69.122:37000, 60b9fd43-dfe3-439d-a426-4905ea8c45cc:192.168.69.122:38002] returns group-77EFCECFE653:java.util.concurrent.CompletableFuture@5a8e252e[Not completed]
2019-09-17 06:15:57,994 [grpc-default-executor-2] INFO  impl.RaftServerProxy (RaftServerProxy.java:addNew(89)) - 60b9fd43-dfe3-439d-a426-4905ea8c45cc: addNew group-77EFCECFE653:[be3471fd-5ec3-4a32-92cd-b8d21dd0df7a:192.168.69.122:33444, d7c22a7b-346b-4d39-b7ce-c816ec26da0f:192.168.69.122:37000, 60b9fd43-dfe3-439d-a426-4905ea8c45cc:192.168.69.122:38002] returns group-77EFCECFE653:java.util.concurrent.CompletableFuture@2cf330c6[Not completed]
2019-09-17 06:15:57,994 [grpc-default-executor-3] INFO  impl.RaftServerProxy (RaftServerProxy.java:addNew(89)) - d7c22a7b-346b-4d39-b7ce-c816ec26da0f: addNew group-77EFCECFE653:[be3471fd-5ec3-4a32-92cd-b8d21dd0df7a:192.168.69.122:33444, d7c22a7b-346b-4d39-b7ce-c816ec26da0f:192.168.69.122:37000, 60b9fd43-dfe3-439d-a426-4905ea8c45cc:192.168.69.122:38002] returns group-77EFCECFE653:java.util.concurrent.CompletableFuture@3c566a25[Not completed]
2019-09-17 06:15:57,996 [pool-139-thread-1] INFO  impl.RaftServerImpl (RaftServerImpl.java:<init>(95)) - d7c22a7b-346b-4d39-b7ce-c816ec26da0f: new RaftServerImpl for group-77EFCECFE653:[be3471fd-5ec3-4a32-92cd-b8d21dd0df7a:192.168.69.122:33444, d7c22a7b-346b-4d39-b7ce-c816ec26da0f:192.168.69.122:37000, 60b9fd43-dfe3-439d-a426-4905ea8c45cc:192.168.69.122:38002] with ContainerStateMachine:uninitialized
2019-09-17 06:15:57,996 [pool-139-thread-1] INFO  server.RaftServerConfigKeys (ConfUtils.java:logGet(43)) - raft.server.rpc.timeout.min = 5s (custom)
2019-09-17 06:15:57,996 [pool-139-thread-1] INFO  server.RaftServerConfigKeys (ConfUtils.java:logGet(43)) - raft.server.rpc.timeout.max = 5200ms (custom)
2019-09-17 06:15:57,996 [pool-139-thread-1] INFO  server.RaftServerConfigKeys (ConfUtils.java:logGet(43)) - raft.server.rpcslowness.timeout = 120s (custom)
2019-09-17 06:15:57,996 [pool-139-thread-1] INFO  server.RaftServerConfigKeys (ConfUtils.java:logGet(43)) - raft.server.sleep.deviation.threshold = 300 (default)
2019-09-17 06:15:57,996 [pool-139-thread-1] INFO  server.RaftServerConfigKeys (ConfUtils.java:logGet(43)) - raft.server.log.appender.install.snapshot.enabled = false (custom)
2019-09-17 06:15:57,997 [pool-139-thread-1] INFO  impl.RaftServerImpl (ServerState.java:<init>(103)) - d7c22a7b-346b-4d39-b7ce-c816ec26da0f@group-77EFCECFE653: ConfigurationManager, init=-1: [be3471fd-5ec3-4a32-92cd-b8d21dd0df7a:192.168.69.122:33444, d7c22a7b-346b-4d39-b7ce-c816ec26da0f:192.168.69.122:37000, 60b9fd43-dfe3-439d-a426-4905ea8c45cc:192.168.69.122:38002], old=null, confs=<EMPTY_MAP>
2019-09-17 06:15:57,997 [pool-129-thread-1] INFO  impl.RaftServerImpl (RaftServerImpl.java:<init>(95)) - be3471fd-5ec3-4a32-92cd-b8d21dd0df7a: new RaftServerImpl for group-77EFCECFE653:[be3471fd-5ec3-4a32-92cd-b8d21dd0df7a:192.168.69.122:33444, d7c22a7b-346b-4d39-b7ce-c816ec26da0f:192.168.69.122:37000, 60b9fd43-dfe3-439d-a426-4905ea8c45cc:192.168.69.122:38002] with ContainerStateMachine:uninitialized
2019-09-17 06:15:57,997 [pool-139-thread-1] INFO  server.RaftServerConfigKeys (ConfUtils.java:logGet(43)) - raft.server.storage.dir = [/workdir/hadoop-ozone/integration-test/target/test-dir/MiniOzoneClusterImpl-20dced08-aa13-41be-af84-0d1cf5708d98/datanode-2/data/ratis] (custom)
2019-09-17 06:15:57,997 [pool-129-thread-1] INFO  server.RaftServerConfigKeys (ConfUtils.java:logGet(43)) - raft.server.rpc.timeout.min = 5s (custom)
2019-09-17 06:15:57,997 [pool-139-thread-1] INFO  storage.RaftStorageDirectory (RaftStorageDirectory.java:analyzeStorage(246)) - The storage directory /workdir/hadoop-ozone/integration-test/target/test-dir/MiniOzoneClusterImpl-20dced08-aa13-41be-af84-0d1cf5708d98/datanode-2/data/ratis/e41fa684-3809-41bc-b327-77efcecfe653 does not exist. Creating ...
2019-09-17 06:15:57,997 [pool-119-thread-1] INFO  impl.RaftServerImpl (RaftServerImpl.java:<init>(95)) - 60b9fd43-dfe3-439d-a426-4905ea8c45cc: new RaftServerImpl for group-77EFCECFE653:[be3471fd-5ec3-4a32-92cd-b8d21dd0df7a:192.168.69.122:33444, d7c22a7b-346b-4d39-b7ce-c816ec26da0f:192.168.69.122:37000, 60b9fd43-dfe3-439d-a426-4905ea8c45cc:192.168.69.122:38002] with ContainerStateMachine:uninitialized
2019-09-17 06:15:57,997 [pool-129-thread-1] INFO  server.RaftServerConfigKeys (ConfUtils.java:logGet(43)) - raft.server.rpc.timeout.max = 5200ms (custom)
2019-09-17 06:15:57,997 [pool-119-thread-1] INFO  server.RaftServerConfigKeys (ConfUtils.java:logGet(43)) - raft.server.rpc.timeout.min = 5s (custom)
2019-09-17 06:15:57,998 [pool-129-thread-1] INFO  server.RaftServerConfigKeys (ConfUtils.java:logGet(43)) - raft.server.rpcslowness.timeout = 120s (custom)
2019-09-17 06:15:57,998 [pool-119-thread-1] INFO  server.RaftServerConfigKeys (ConfUtils.java:logGet(43)) - raft.server.rpc.timeout.max = 5200ms (custom)
2019-09-17 06:15:57,998 [pool-129-thread-1] INFO  server.RaftServerConfigKeys (ConfUtils.java:logGet(43)) - raft.server.sleep.deviation.threshold = 300 (default)
2019-09-17 06:15:57,998 [pool-119-thread-1] INFO  server.RaftServerConfigKeys (ConfUtils.java:logGet(43)) - raft.server.rpcslowness.timeout = 120s (custom)
2019-09-17 06:15:57,998 [pool-129-thread-1] INFO  server.RaftServerConfigKeys (ConfUtils.java:logGet(43)) - raft.server.log.appender.install.snapshot.enabled = false (custom)
2019-09-17 06:15:57,998 [pool-119-thread-1] INFO  server.RaftServerConfigKeys (ConfUtils.java:logGet(43)) - raft.server.sleep.deviation.threshold = 300 (default)
2019-09-17 06:15:57,998 [pool-129-thread-1] INFO  impl.RaftServerImpl (ServerState.java:<init>(103)) - be3471fd-5ec3-4a32-92cd-b8d21dd0df7a@group-77EFCECFE653: ConfigurationManager, init=-1: [be3471fd-5ec3-4a32-92cd-b8d21dd0df7a:192.168.69.122:33444, d7c22a7b-346b-4d39-b7ce-c816ec26da0f:192.168.69.122:37000, 60b9fd43-dfe3-439d-a426-4905ea8c45cc:192.168.69.122:38002], old=null, confs=<EMPTY_MAP>
2019-09-17 06:15:57,998 [pool-119-thread-1] INFO  server.RaftServerConfigKeys (ConfUtils.java:logGet(43)) - raft.server.log.appender.install.snapshot.enabled = false (custom)
2019-09-17 06:15:57,999 [pool-129-thread-1] INFO  server.RaftServerConfigKeys (ConfUtils.java:logGet(43)) - raft.server.storage.dir = [/workdir/hadoop-ozone/integration-test/target/test-dir/MiniOzoneClusterImpl-20dced08-aa13-41be-af84-0d1cf5708d98/datanode-1/data/ratis] (custom)
2019-09-17 06:15:57,999 [pool-119-thread-1] INFO  impl.RaftServerImpl (ServerState.java:<init>(103)) - 60b9fd43-dfe3-439d-a426-4905ea8c45cc@group-77EFCECFE653: ConfigurationManager, init=-1: [be3471fd-5ec3-4a32-92cd-b8d21dd0df7a:192.168.69.122:33444, d7c22a7b-346b-4d39-b7ce-c816ec26da0f:192.168.69.122:37000, 60b9fd43-dfe3-439d-a426-4905ea8c45cc:192.168.69.122:38002], old=null, confs=<EMPTY_MAP>
2019-09-17 06:15:57,999 [pool-119-thread-1] INFO  server.RaftServerConfigKeys (ConfUtils.java:logGet(43)) - raft.server.storage.dir = [/workdir/hadoop-ozone/integration-test/target/test-dir/MiniOzoneClusterImpl-20dced08-aa13-41be-af84-0d1cf5708d98/datanode-0/data/ratis] (custom)
2019-09-17 06:15:57,999 [pool-129-thread-1] INFO  storage.RaftStorageDirectory (RaftStorageDirectory.java:analyzeStorage(246)) - The storage directory /workdir/hadoop-ozone/integration-test/target/test-dir/MiniOzoneClusterImpl-20dced08-aa13-41be-af84-0d1cf5708d98/datanode-1/data/ratis/e41fa684-3809-41bc-b327-77efcecfe653 does not exist. Creating ...
2019-09-17 06:15:57,999 [pool-119-thread-1] INFO  storage.RaftStorageDirectory (RaftStorageDirectory.java:analyzeStorage(246)) - The storage directory /workdir/hadoop-ozone/integration-test/target/test-dir/MiniOzoneClusterImpl-20dced08-aa13-41be-af84-0d1cf5708d98/datanode-0/data/ratis/e41fa684-3809-41bc-b327-77efcecfe653 does not exist. Creating ...
2019-09-17 06:15:58,026 [pool-139-thread-1] INFO  storage.RaftStorageDirectory (RaftStorageDirectory.java:tryLock(328)) - Lock on /workdir/hadoop-ozone/integration-test/target/test-dir/MiniOzoneClusterImpl-20dced08-aa13-41be-af84-0d1cf5708d98/datanode-2/data/ratis/e41fa684-3809-41bc-b327-77efcecfe653/in_use.lock acquired by nodename 2222@trunk-nightly-20190917-29l5j-2509219610
2019-09-17 06:15:58,026 [pool-119-thread-1] INFO  storage.RaftStorageDirectory (RaftStorageDirectory.java:tryLock(328)) - Lock on /workdir/hadoop-ozone/integration-test/target/test-dir/MiniOzoneClusterImpl-20dced08-aa13-41be-af84-0d1cf5708d98/datanode-0/data/ratis/e41fa684-3809-41bc-b327-77efcecfe653/in_use.lock acquired by nodename 2222@trunk-nightly-20190917-29l5j-2509219610
2019-09-17 06:15:58,026 [pool-129-thread-1] INFO  storage.RaftStorageDirectory (RaftStorageDirectory.java:tryLock(328)) - Lock on /workdir/hadoop-ozone/integration-test/target/test-dir/MiniOzoneClusterImpl-20dced08-aa13-41be-af84-0d1cf5708d98/datanode-1/data/ratis/e41fa684-3809-41bc-b327-77efcecfe653/in_use.lock acquired by nodename 2222@trunk-nightly-20190917-29l5j-2509219610
2019-09-17 06:15:58,048 [pool-139-thread-1] INFO  storage.RaftStorage (RaftStorage.java:format(72)) - Storage directory /workdir/hadoop-ozone/integration-test/target/test-dir/MiniOzoneClusterImpl-20dced08-aa13-41be-af84-0d1cf5708d98/datanode-2/data/ratis/e41fa684-3809-41bc-b327-77efcecfe653 has been successfully formatted.
2019-09-17 06:15:58,048 [pool-129-thread-1] INFO  storage.RaftStorage (RaftStorage.java:format(72)) - Storage directory /workdir/hadoop-ozone/integration-test/target/test-dir/MiniOzoneClusterImpl-20dced08-aa13-41be-af84-0d1cf5708d98/datanode-1/data/ratis/e41fa684-3809-41bc-b327-77efcecfe653 has been successfully formatted.
2019-09-17 06:15:58,048 [pool-119-thread-1] INFO  storage.RaftStorage (RaftStorage.java:format(72)) - Storage directory /workdir/hadoop-ozone/integration-test/target/test-dir/MiniOzoneClusterImpl-20dced08-aa13-41be-af84-0d1cf5708d98/datanode-0/data/ratis/e41fa684-3809-41bc-b327-77efcecfe653 has been successfully formatted.
2019-09-17 06:15:58,048 [pool-139-thread-1] INFO  ratis.ContainerStateMachine (ContainerStateMachine.java:loadSnapshot(230)) - group-77EFCECFE653: The snapshot info is null. Setting the last applied indexto:(t:0, i:~)
2019-09-17 06:15:58,048 [pool-129-thread-1] INFO  ratis.ContainerStateMachine (ContainerStateMachine.java:loadSnapshot(230)) - group-77EFCECFE653: The snapshot info is null. Setting the last applied indexto:(t:0, i:~)
2019-09-17 06:15:58,048 [pool-139-thread-1] INFO  server.RaftServerConfigKeys (ConfUtils.java:logGet(43)) - raft.server.notification.no-leader.timeout = 120s (custom)
2019-09-17 06:15:58,048 [pool-119-thread-1] INFO  ratis.ContainerStateMachine (ContainerStateMachine.java:loadSnapshot(230)) - group-77EFCECFE653: The snapshot info is null. Setting the last applied indexto:(t:0, i:~)
2019-09-17 06:15:58,048 [pool-139-thread-1] INFO  server.RaftServerConfigKeys (ConfUtils.java:logGet(43)) - raft.server.log.use.memory = false (default)
2019-09-17 06:15:58,048 [pool-129-thread-1] INFO  server.RaftServerConfigKeys (ConfUtils.java:logGet(43)) - raft.server.notification.no-leader.timeout = 120s (custom)
2019-09-17 06:15:58,049 [pool-139-thread-1] INFO  server.RaftServerConfigKeys (ConfUtils.java:logGet(43)) - raft.server.log.purge.gap = 1000000 (custom)
2019-09-17 06:15:58,049 [pool-119-thread-1] INFO  server.RaftServerConfigKeys (ConfUtils.java:logGet(43)) - raft.server.notification.no-leader.timeout = 120s (custom)
2019-09-17 06:15:58,049 [pool-139-thread-1] INFO  server.RaftServerConfigKeys (ConfUtils.java:logGet(43)) - raft.server.log.appender.buffer.byte-limit = 33554432 (custom)
2019-09-17 06:15:58,049 [pool-139-thread-1] INFO  server.RaftServerConfigKeys (ConfUtils.java:logGet(43)) - raft.server.log.segment.size.max = 1048576 (custom)
2019-09-17 06:15:58,049 [pool-129-thread-1] INFO  server.RaftServerConfigKeys (ConfUtils.java:logGet(43)) - raft.server.log.use.memory = false (default)
2019-09-17 06:15:58,049 [pool-139-thread-1] INFO  server.RaftServerConfigKeys (ConfUtils.java:logGet(43)) - raft.server.log.segment.cache.num.max = 2 (custom)
2019-09-17 06:15:58,049 [pool-119-thread-1] INFO  server.RaftServerConfigKeys (ConfUtils.java:logGet(43)) - raft.server.log.use.memory = false (default)
2019-09-17 06:15:58,050 [pool-139-thread-1] INFO  segmented.SegmentedRaftLogWorker (SegmentedRaftLogWorker.java:<init>(172)) - new d7c22a7b-346b-4d39-b7ce-c816ec26da0f@group-77EFCECFE653-SegmentedRaftLogWorker for RaftStorage:Storage Directory /workdir/hadoop-ozone/integration-test/target/test-dir/MiniOzoneClusterImpl-20dced08-aa13-41be-af84-0d1cf5708d98/datanode-2/data/ratis/e41fa684-3809-41bc-b327-77efcecfe653
2019-09-17 06:15:58,050 [pool-129-thread-1] INFO  server.RaftServerConfigKeys (ConfUtils.java:logGet(43)) - raft.server.log.purge.gap = 1000000 (custom)
2019-09-17 06:15:58,050 [pool-139-thread-1] INFO  server.RaftServerConfigKeys (ConfUtils.java:logGet(43)) - raft.server.log.queue.byte-limit = 2147483647 (custom)
2019-09-17 06:15:58,050 [pool-119-thread-1] INFO  server.RaftServerConfigKeys (ConfUtils.java:logGet(43)) - raft.server.log.purge.gap = 1000000 (custom)
2019-09-17 06:15:58,050 [pool-139-thread-1] INFO  server.RaftServerConfigKeys (ConfUtils.java:logGet(43)) - raft.server.log.queue.element-limit = 1024 (custom)
2019-09-17 06:15:58,050 [pool-129-thread-1] INFO  server.RaftServerConfigKeys (ConfUtils.java:logGet(43)) - raft.server.log.appender.buffer.byte-limit = 33554432 (custom)
2019-09-17 06:15:58,051 [pool-139-thread-1] INFO  server.RaftServerConfigKeys (ConfUtils.java:logGet(43)) - raft.server.log.segment.size.max = 1048576 (custom)
2019-09-17 06:15:58,050 [pool-119-thread-1] INFO  server.RaftServerConfigKeys (ConfUtils.java:logGet(43)) - raft.server.log.appender.buffer.byte-limit = 33554432 (custom)
2019-09-17 06:15:58,051 [pool-139-thread-1] INFO  server.RaftServerConfigKeys (ConfUtils.java:logGet(43)) - raft.server.log.preallocated.size = 16384 (custom)
2019-09-17 06:15:58,051 [pool-129-thread-1] INFO  server.RaftServerConfigKeys (ConfUtils.java:logGet(43)) - raft.server.log.segment.size.max = 1048576 (custom)
2019-09-17 06:15:58,051 [pool-139-thread-1] INFO  server.RaftServerConfigKeys (ConfUtils.java:logGet(43)) - raft.server.log.write.buffer.size = 33554432 (custom)
2019-09-17 06:15:58,051 [pool-119-thread-1] INFO  server.RaftServerConfigKeys (ConfUtils.java:logGet(43)) - raft.server.log.segment.size.max = 1048576 (custom)
2019-09-17 06:15:58,051 [pool-139-thread-1] INFO  server.RaftServerConfigKeys (ConfUtils.java:logGet(43)) - raft.server.log.force.sync.num = 128 (default)
2019-09-17 06:15:58,051 [pool-129-thread-1] INFO  server.RaftServerConfigKeys (ConfUtils.java:logGet(43)) - raft.server.log.segment.cache.num.max = 2 (custom)
2019-09-17 06:15:58,052 [pool-139-thread-1] INFO  server.RaftServerConfigKeys (ConfUtils.java:logGet(43)) - raft.server.log.statemachine.data.sync = true (default)
2019-09-17 06:15:58,051 [pool-119-thread-1] INFO  server.RaftServerConfigKeys (ConfUtils.java:logGet(43)) - raft.server.log.segment.cache.num.max = 2 (custom)
2019-09-17 06:15:58,052 [pool-139-thread-1] INFO  server.RaftServerConfigKeys (ConfUtils.java:logGet(43)) - raft.server.log.statemachine.data.sync.timeout = 10s (default)
2019-09-17 06:15:58,052 [pool-129-thread-1] INFO  segmented.SegmentedRaftLogWorker (SegmentedRaftLogWorker.java:<init>(172)) - new be3471fd-5ec3-4a32-92cd-b8d21dd0df7a@group-77EFCECFE653-SegmentedRaftLogWorker for RaftStorage:Storage Directory /workdir/hadoop-ozone/integration-test/target/test-dir/MiniOzoneClusterImpl-20dced08-aa13-41be-af84-0d1cf5708d98/datanode-1/data/ratis/e41fa684-3809-41bc-b327-77efcecfe653
2019-09-17 06:15:58,052 [pool-139-thread-1] INFO  server.RaftServerConfigKeys (ConfUtils.java:logGet(43)) - raft.server.log.statemachine.data.sync.timeout.retry = -1 (default)
2019-09-17 06:15:58,052 [pool-119-thread-1] INFO  segmented.SegmentedRaftLogWorker (SegmentedRaftLogWorker.java:<init>(172)) - new 60b9fd43-dfe3-439d-a426-4905ea8c45cc@group-77EFCECFE653-SegmentedRaftLogWorker for RaftStorage:Storage Directory /workdir/hadoop-ozone/integration-test/target/test-dir/MiniOzoneClusterImpl-20dced08-aa13-41be-af84-0d1cf5708d98/datanode-0/data/ratis/e41fa684-3809-41bc-b327-77efcecfe653
2019-09-17 06:15:58,053 [pool-139-thread-1] INFO  server.RaftServerConfigKeys (ConfUtils.java:logGet(43)) - raft.server.log.statemachine.data.caching.enabled = true (custom)
2019-09-17 06:15:58,052 [pool-129-thread-1] INFO  server.RaftServerConfigKeys (ConfUtils.java:logGet(43)) - raft.server.log.queue.byte-limit = 2147483647 (custom)
2019-09-17 06:15:58,053 [pool-139-thread-1] INFO  segmented.SegmentedRaftLogWorker (SegmentedRaftLogWorker.java:lambda$new$0(132)) - d7c22a7b-346b-4d39-b7ce-c816ec26da0f@group-77EFCECFE653-SegmentedRaftLogWorker: flushIndex: setUnconditionally 0 -> -1
2019-09-17 06:15:58,053 [pool-119-thread-1] INFO  server.RaftServerConfigKeys (ConfUtils.java:logGet(43)) - raft.server.log.queue.byte-limit = 2147483647 (custom)
2019-09-17 06:15:58,053 [pool-129-thread-1] INFO  server.RaftServerConfigKeys (ConfUtils.java:logGet(43)) - raft.server.log.queue.element-limit = 1024 (custom)
2019-09-17 06:15:58,053 [pool-119-thread-1] INFO  server.RaftServerConfigKeys (ConfUtils.java:logGet(43)) - raft.server.log.queue.element-limit = 1024 (custom)
2019-09-17 06:15:58,053 [pool-139-thread-1] INFO  server.RaftServerConfigKeys (ConfUtils.java:logGet(43)) - raft.server.snapshot.auto.trigger.enabled = true (custom)
2019-09-17 06:15:58,053 [pool-119-thread-1] INFO  server.RaftServerConfigKeys (ConfUtils.java:logGet(43)) - raft.server.log.segment.size.max = 1048576 (custom)
2019-09-17 06:15:58,053 [pool-129-thread-1] INFO  server.RaftServerConfigKeys (ConfUtils.java:logGet(43)) - raft.server.log.segment.size.max = 1048576 (custom)
2019-09-17 06:15:58,054 [pool-119-thread-1] INFO  server.RaftServerConfigKeys (ConfUtils.java:logGet(43)) - raft.server.log.preallocated.size = 16384 (custom)
2019-09-17 06:15:58,054 [pool-139-thread-1] INFO  server.RaftServerConfigKeys (ConfUtils.java:logGet(43)) - raft.server.snapshot.auto.trigger.threshold = 10000 (custom)
2019-09-17 06:15:58,054 [pool-119-thread-1] INFO  server.RaftServerConfigKeys (ConfUtils.java:logGet(43)) - raft.server.log.write.buffer.size = 33554432 (custom)
2019-09-17 06:15:58,054 [pool-129-thread-1] INFO  server.RaftServerConfigKeys (ConfUtils.java:logGet(43)) - raft.server.log.preallocated.size = 16384 (custom)
2019-09-17 06:15:58,054 [pool-119-thread-1] INFO  server.RaftServerConfigKeys (ConfUtils.java:logGet(43)) - raft.server.log.force.sync.num = 128 (default)
2019-09-17 06:15:58,054 [pool-139-thread-1] INFO  server.RaftServerConfigKeys (ConfUtils.java:logGet(43)) - raft.server.snapshot.retention.num.files = 5 (custom)
2019-09-17 06:15:58,055 [pool-119-thread-1] INFO  server.RaftServerConfigKeys (ConfUtils.java:logGet(43)) - raft.server.log.statemachine.data.sync = true (default)
2019-09-17 06:15:58,054 [pool-129-thread-1] INFO  server.RaftServerConfigKeys (ConfUtils.java:logGet(43)) - raft.server.log.write.buffer.size = 33554432 (custom)
2019-09-17 06:15:58,055 [pool-119-thread-1] INFO  server.RaftServerConfigKeys (ConfUtils.java:logGet(43)) - raft.server.log.statemachine.data.sync.timeout = 10s (default)
2019-09-17 06:15:58,055 [pool-139-thread-1] INFO  server.RaftServerConfigKeys (ConfUtils.java:logGet(43)) - raft.server.retrycache.expirytime = 600000ms (custom)
2019-09-17 06:15:58,055 [pool-119-thread-1] INFO  server.RaftServerConfigKeys (ConfUtils.java:logGet(43)) - raft.server.log.statemachine.data.sync.timeout.retry = -1 (default)
2019-09-17 06:15:58,055 [pool-129-thread-1] INFO  server.RaftServerConfigKeys (ConfUtils.java:logGet(43)) - raft.server.log.force.sync.num = 128 (default)
2019-09-17 06:15:58,055 [pool-119-thread-1] INFO  server.RaftServerConfigKeys (ConfUtils.java:logGet(43)) - raft.server.log.statemachine.data.caching.enabled = true (custom)
2019-09-17 06:15:58,056 [pool-129-thread-1] INFO  server.RaftServerConfigKeys (ConfUtils.java:logGet(43)) - raft.server.log.statemachine.data.sync = true (default)
2019-09-17 06:15:58,056 [pool-119-thread-1] INFO  segmented.SegmentedRaftLogWorker (SegmentedRaftLogWorker.java:lambda$new$0(132)) - 60b9fd43-dfe3-439d-a426-4905ea8c45cc@group-77EFCECFE653-SegmentedRaftLogWorker: flushIndex: setUnconditionally 0 -> -1
2019-09-17 06:15:58,056 [pool-129-thread-1] INFO  server.RaftServerConfigKeys (ConfUtils.java:logGet(43)) - raft.server.log.statemachine.data.sync.timeout = 10s (default)
2019-09-17 06:15:58,056 [pool-119-thread-1] INFO  server.RaftServerConfigKeys (ConfUtils.java:logGet(43)) - raft.server.snapshot.auto.trigger.enabled = true (custom)
2019-09-17 06:15:58,056 [pool-129-thread-1] INFO  server.RaftServerConfigKeys (ConfUtils.java:logGet(43)) - raft.server.log.statemachine.data.sync.timeout.retry = -1 (default)
2019-09-17 06:15:58,056 [pool-119-thread-1] INFO  server.RaftServerConfigKeys (ConfUtils.java:logGet(43)) - raft.server.snapshot.auto.trigger.threshold = 10000 (custom)
2019-09-17 06:15:58,056 [pool-129-thread-1] INFO  server.RaftServerConfigKeys (ConfUtils.java:logGet(43)) - raft.server.log.statemachine.data.caching.enabled = true (custom)
2019-09-17 06:15:58,057 [pool-119-thread-1] INFO  server.RaftServerConfigKeys (ConfUtils.java:logGet(43)) - raft.server.snapshot.retention.num.files = 5 (custom)
2019-09-17 06:15:58,057 [pool-119-thread-1] INFO  server.RaftServerConfigKeys (ConfUtils.java:logGet(43)) - raft.server.retrycache.expirytime = 600000ms (custom)
2019-09-17 06:15:58,057 [pool-129-thread-1] INFO  segmented.SegmentedRaftLogWorker (SegmentedRaftLogWorker.java:lambda$new$0(132)) - be3471fd-5ec3-4a32-92cd-b8d21dd0df7a@group-77EFCECFE653-SegmentedRaftLogWorker: flushIndex: setUnconditionally 0 -> -1
2019-09-17 06:15:58,057 [pool-129-thread-1] INFO  server.RaftServerConfigKeys (ConfUtils.java:logGet(43)) - raft.server.snapshot.auto.trigger.enabled = true (custom)
2019-09-17 06:15:58,058 [pool-129-thread-1] INFO  server.RaftServerConfigKeys (ConfUtils.java:logGet(43)) - raft.server.snapshot.auto.trigger.threshold = 10000 (custom)
2019-09-17 06:15:58,058 [pool-139-thread-1] INFO  impl.RaftServerImpl (RaftServerImpl.java:start(185)) - d7c22a7b-346b-4d39-b7ce-c816ec26da0f@group-77EFCECFE653: start as a follower, conf=-1: [be3471fd-5ec3-4a32-92cd-b8d21dd0df7a:192.168.69.122:33444, d7c22a7b-346b-4d39-b7ce-c816ec26da0f:192.168.69.122:37000, 60b9fd43-dfe3-439d-a426-4905ea8c45cc:192.168.69.122:38002], old=null
2019-09-17 06:15:58,058 [pool-129-thread-1] INFO  server.RaftServerConfigKeys (ConfUtils.java:logGet(43)) - raft.server.snapshot.retention.num.files = 5 (custom)
2019-09-17 06:15:58,058 [IPC Server handler 5 on 41613] INFO  net.NetworkTopology (NetworkTopologyImpl.java:add(111)) - Added a new node: /default-rack/f34b9ced-9b49-4611-b86d-99421916706b
2019-09-17 06:15:58,058 [pool-129-thread-1] INFO  server.RaftServerConfigKeys (ConfUtils.java:logGet(43)) - raft.server.retrycache.expirytime = 600000ms (custom)
2019-09-17 06:15:58,058 [pool-139-thread-1] INFO  impl.RaftServerImpl (RaftServerImpl.java:setRole(174)) - d7c22a7b-346b-4d39-b7ce-c816ec26da0f@group-77EFCECFE653: changes role from      null to FOLLOWER at term 0 for startAsFollower
2019-09-17 06:15:58,058 [IPC Server handler 5 on 41613] INFO  node.SCMNodeManager (SCMNodeManager.java:register(266)) - Registered Data node : f34b9ced-9b49-4611-b86d-99421916706b{ip: 192.168.69.122, host: trunk-nightly-20190917-29l5j-2509219610, networkLocation: /default-rack, certSerialId: null}
2019-09-17 06:15:58,059 [pool-139-thread-1] INFO  impl.RoleInfo (RoleInfo.java:updateAndGet(143)) - d7c22a7b-346b-4d39-b7ce-c816ec26da0f: start FollowerState
2019-09-17 06:15:58,074 [pool-139-thread-1] INFO  util.JmxRegister (JmxRegister.java:tryRegister(44)) - Successfully registered JMX Bean with object name Ratis:service=RaftServer,group=group-77EFCECFE653,id=d7c22a7b-346b-4d39-b7ce-c816ec26da0f
2019-09-17 06:15:58,083 [pool-119-thread-1] INFO  impl.RaftServerImpl (RaftServerImpl.java:start(185)) - 60b9fd43-dfe3-439d-a426-4905ea8c45cc@group-77EFCECFE653: start as a follower, conf=-1: [be3471fd-5ec3-4a32-92cd-b8d21dd0df7a:192.168.69.122:33444, d7c22a7b-346b-4d39-b7ce-c816ec26da0f:192.168.69.122:37000, 60b9fd43-dfe3-439d-a426-4905ea8c45cc:192.168.69.122:38002], old=null
2019-09-17 06:15:58,083 [pool-119-thread-1] INFO  impl.RaftServerImpl (RaftServerImpl.java:setRole(174)) - 60b9fd43-dfe3-439d-a426-4905ea8c45cc@group-77EFCECFE653: changes role from      null to FOLLOWER at term 0 for startAsFollower
2019-09-17 06:15:58,083 [pool-119-thread-1] INFO  impl.RoleInfo (RoleInfo.java:updateAndGet(143)) - 60b9fd43-dfe3-439d-a426-4905ea8c45cc: start FollowerState
2019-09-17 06:15:58,083 [pool-119-thread-1] INFO  util.JmxRegister (JmxRegister.java:tryRegister(44)) - Successfully registered JMX Bean with object name Ratis:service=RaftServer,group=group-77EFCECFE653,id=60b9fd43-dfe3-439d-a426-4905ea8c45cc
2019-09-17 06:15:58,084 [pool-129-thread-1] INFO  impl.RaftServerImpl (RaftServerImpl.java:start(185)) - be3471fd-5ec3-4a32-92cd-b8d21dd0df7a@group-77EFCECFE653: start as a follower, conf=-1: [be3471fd-5ec3-4a32-92cd-b8d21dd0df7a:192.168.69.122:33444, d7c22a7b-346b-4d39-b7ce-c816ec26da0f:192.168.69.122:37000, 60b9fd43-dfe3-439d-a426-4905ea8c45cc:192.168.69.122:38002], old=null
2019-09-17 06:15:58,084 [pool-129-thread-1] INFO  impl.RaftServerImpl (RaftServerImpl.java:setRole(174)) - be3471fd-5ec3-4a32-92cd-b8d21dd0df7a@group-77EFCECFE653: changes role from      null to FOLLOWER at term 0 for startAsFollower
2019-09-17 06:15:58,085 [pool-129-thread-1] INFO  impl.RoleInfo (RoleInfo.java:updateAndGet(143)) - be3471fd-5ec3-4a32-92cd-b8d21dd0df7a: start FollowerState
2019-09-17 06:15:58,085 [pool-129-thread-1] INFO  util.JmxRegister (JmxRegister.java:tryRegister(44)) - Successfully registered JMX Bean with object name Ratis:service=RaftServer,group=group-77EFCECFE653,id=be3471fd-5ec3-4a32-92cd-b8d21dd0df7a
2019-09-17 06:15:58,087 [RatisPipelineUtilsThread] INFO  pipeline.PipelineStateManager (PipelineStateManager.java:addPipeline(56)) - Created pipeline Pipeline[ Id: e41fa684-3809-41bc-b327-77efcecfe653, Nodes: 60b9fd43-dfe3-439d-a426-4905ea8c45cc{ip: 192.168.69.122, host: trunk-nightly-20190917-29l5j-2509219610, networkLocation: /default-rack, certSerialId: null}d7c22a7b-346b-4d39-b7ce-c816ec26da0f{ip: 192.168.69.122, host: trunk-nightly-20190917-29l5j-2509219610, networkLocation: /default-rack, certSerialId: null}be3471fd-5ec3-4a32-92cd-b8d21dd0df7a{ip: 192.168.69.122, host: trunk-nightly-20190917-29l5j-2509219610, networkLocation: /default-rack, certSerialId: null}, Type:RATIS, Factor:THREE, State:OPEN]
2019-09-17 06:15:58,122 [IPC Server handler 1 on 41613] INFO  net.NetworkTopology (NetworkTopologyImpl.java:add(111)) - Added a new node: /default-rack/967c7462-8c27-4f7c-97a1-2e921716fc39
2019-09-17 06:15:58,122 [IPC Server handler 1 on 41613] INFO  node.SCMNodeManager (SCMNodeManager.java:register(266)) - Registered Data node : 967c7462-8c27-4f7c-97a1-2e921716fc39{ip: 192.168.69.122, host: trunk-nightly-20190917-29l5j-2509219610, networkLocation: /default-rack, certSerialId: null}
2019-09-17 06:15:58,131 [grpc-default-executor-3] INFO  impl.RaftServerProxy (RaftServerProxy.java:addNew(89)) - 967c7462-8c27-4f7c-97a1-2e921716fc39: addNew group-572CF5EB4EA5:[967c7462-8c27-4f7c-97a1-2e921716fc39:192.168.69.122:46696] returns group-572CF5EB4EA5:java.util.concurrent.CompletableFuture@6e3d74e5[Not completed]
2019-09-17 06:15:58,139 [pool-169-thread-1] INFO  impl.RaftServerImpl (RaftServerImpl.java:<init>(95)) - 967c7462-8c27-4f7c-97a1-2e921716fc39: new RaftServerImpl for group-572CF5EB4EA5:[967c7462-8c27-4f7c-97a1-2e921716fc39:192.168.69.122:46696] with ContainerStateMachine:uninitialized
2019-09-17 06:15:58,140 [pool-169-thread-1] INFO  server.RaftServerConfigKeys (ConfUtils.java:logGet(43)) - raft.server.rpc.timeout.min = 5s (custom)
2019-09-17 06:15:58,140 [pool-169-thread-1] INFO  server.RaftServerConfigKeys (ConfUtils.java:logGet(43)) - raft.server.rpc.timeout.max = 5200ms (custom)
2019-09-17 06:15:58,140 [pool-169-thread-1] INFO  server.RaftServerConfigKeys (ConfUtils.java:logGet(43)) - raft.server.rpcslowness.timeout = 120s (custom)
2019-09-17 06:15:58,140 [pool-169-thread-1] INFO  server.RaftServerConfigKeys (ConfUtils.java:logGet(43)) - raft.server.sleep.deviation.threshold = 300 (default)
2019-09-17 06:15:58,140 [pool-169-thread-1] INFO  server.RaftServerConfigKeys (ConfUtils.java:logGet(43)) - raft.server.log.appender.install.snapshot.enabled = false (custom)
2019-09-17 06:15:58,140 [pool-169-thread-1] INFO  impl.RaftServerImpl (ServerState.java:<init>(103)) - 967c7462-8c27-4f7c-97a1-2e921716fc39@group-572CF5EB4EA5: ConfigurationManager, init=-1: [967c7462-8c27-4f7c-97a1-2e921716fc39:192.168.69.122:46696], old=null, confs=<EMPTY_MAP>
2019-09-17 06:15:58,141 [pool-169-thread-1] INFO  server.RaftServerConfigKeys (ConfUtils.java:logGet(43)) - raft.server.storage.dir = [/workdir/hadoop-ozone/integration-test/target/test-dir/MiniOzoneClusterImpl-20dced08-aa13-41be-af84-0d1cf5708d98/datanode-5/data/ratis] (custom)
2019-09-17 06:15:58,141 [pool-169-thread-1] INFO  storage.RaftStorageDirectory (RaftStorageDirectory.java:analyzeStorage(246)) - The storage directory /workdir/hadoop-ozone/integration-test/target/test-dir/MiniOzoneClusterImpl-20dced08-aa13-41be-af84-0d1cf5708d98/datanode-5/data/ratis/8086d050-1821-4962-a87d-572cf5eb4ea5 does not exist. Creating ...
2019-09-17 06:15:58,154 [pool-169-thread-1] INFO  storage.RaftStorageDirectory (RaftStorageDirectory.java:tryLock(328)) - Lock on /workdir/hadoop-ozone/integration-test/target/test-dir/MiniOzoneClusterImpl-20dced08-aa13-41be-af84-0d1cf5708d98/datanode-5/data/ratis/8086d050-1821-4962-a87d-572cf5eb4ea5/in_use.lock acquired by nodename 2222@trunk-nightly-20190917-29l5j-2509219610
2019-09-17 06:15:58,166 [pool-169-thread-1] INFO  storage.RaftStorage (RaftStorage.java:format(72)) - Storage directory /workdir/hadoop-ozone/integration-test/target/test-dir/MiniOzoneClusterImpl-20dced08-aa13-41be-af84-0d1cf5708d98/datanode-5/data/ratis/8086d050-1821-4962-a87d-572cf5eb4ea5 has been successfully formatted.
2019-09-17 06:15:58,167 [pool-169-thread-1] INFO  ratis.ContainerStateMachine (ContainerStateMachine.java:loadSnapshot(230)) - group-572CF5EB4EA5: The snapshot info is null. Setting the last applied indexto:(t:0, i:~)
2019-09-17 06:15:58,167 [pool-169-thread-1] INFO  server.RaftServerConfigKeys (ConfUtils.java:logGet(43)) - raft.server.notification.no-leader.timeout = 120s (custom)
2019-09-17 06:15:58,167 [pool-169-thread-1] INFO  server.RaftServerConfigKeys (ConfUtils.java:logGet(43)) - raft.server.log.use.memory = false (default)
2019-09-17 06:15:58,167 [pool-169-thread-1] INFO  server.RaftServerConfigKeys (ConfUtils.java:logGet(43)) - raft.server.log.purge.gap = 1000000 (custom)
2019-09-17 06:15:58,167 [pool-169-thread-1] INFO  server.RaftServerConfigKeys (ConfUtils.java:logGet(43)) - raft.server.log.appender.buffer.byte-limit = 33554432 (custom)
2019-09-17 06:15:58,167 [pool-169-thread-1] INFO  server.RaftServerConfigKeys (ConfUtils.java:logGet(43)) - raft.server.log.segment.size.max = 1048576 (custom)
2019-09-17 06:15:58,167 [pool-169-thread-1] INFO  server.RaftServerConfigKeys (ConfUtils.java:logGet(43)) - raft.server.log.segment.cache.num.max = 2 (custom)
2019-09-17 06:15:58,168 [pool-169-thread-1] INFO  segmented.SegmentedRaftLogWorker (SegmentedRaftLogWorker.java:<init>(172)) - new 967c7462-8c27-4f7c-97a1-2e921716fc39@group-572CF5EB4EA5-SegmentedRaftLogWorker for RaftStorage:Storage Directory /workdir/hadoop-ozone/integration-test/target/test-dir/MiniOzoneClusterImpl-20dced08-aa13-41be-af84-0d1cf5708d98/datanode-5/data/ratis/8086d050-1821-4962-a87d-572cf5eb4ea5
2019-09-17 06:15:58,170 [pool-169-thread-1] INFO  server.RaftServerConfigKeys (ConfUtils.java:logGet(43)) - raft.server.log.queue.byte-limit = 2147483647 (custom)
2019-09-17 06:15:58,170 [pool-169-thread-1] INFO  server.RaftServerConfigKeys (ConfUtils.java:logGet(43)) - raft.server.log.queue.element-limit = 1024 (custom)
2019-09-17 06:15:58,170 [pool-169-thread-1] INFO  server.RaftServerConfigKeys (ConfUtils.java:logGet(43)) - raft.server.log.segment.size.max = 1048576 (custom)
2019-09-17 06:15:58,170 [pool-169-thread-1] INFO  server.RaftServerConfigKeys (ConfUtils.java:logGet(43)) - raft.server.log.preallocated.size = 16384 (custom)
2019-09-17 06:15:58,171 [pool-169-thread-1] INFO  server.RaftServerConfigKeys (ConfUtils.java:logGet(43)) - raft.server.log.write.buffer.size = 33554432 (custom)
2019-09-17 06:15:58,171 [pool-169-thread-1] INFO  server.RaftServerConfigKeys (ConfUtils.java:logGet(43)) - raft.server.log.force.sync.num = 128 (default)
2019-09-17 06:15:58,171 [pool-169-thread-1] INFO  server.RaftServerConfigKeys (ConfUtils.java:logGet(43)) - raft.server.log.statemachine.data.sync = true (default)
2019-09-17 06:15:58,171 [pool-169-thread-1] INFO  server.RaftServerConfigKeys (ConfUtils.java:logGet(43)) - raft.server.log.statemachine.data.sync.timeout = 10s (default)
2019-09-17 06:15:58,171 [pool-169-thread-1] INFO  server.RaftServerConfigKeys (ConfUtils.java:logGet(43)) - raft.server.log.statemachine.data.sync.timeout.retry = -1 (default)
2019-09-17 06:15:58,171 [pool-169-thread-1] INFO  server.RaftServerConfigKeys (ConfUtils.java:logGet(43)) - raft.server.log.statemachine.data.caching.enabled = true (custom)
2019-09-17 06:15:58,172 [pool-169-thread-1] INFO  segmented.SegmentedRaftLogWorker (SegmentedRaftLogWorker.java:lambda$new$0(132)) - 967c7462-8c27-4f7c-97a1-2e921716fc39@group-572CF5EB4EA5-SegmentedRaftLogWorker: flushIndex: setUnconditionally 0 -> -1
2019-09-17 06:15:58,172 [pool-169-thread-1] INFO  server.RaftServerConfigKeys (ConfUtils.java:logGet(43)) - raft.server.snapshot.auto.trigger.enabled = true (custom)
2019-09-17 06:15:58,172 [pool-169-thread-1] INFO  server.RaftServerConfigKeys (ConfUtils.java:logGet(43)) - raft.server.snapshot.auto.trigger.threshold = 10000 (custom)
2019-09-17 06:15:58,172 [pool-169-thread-1] INFO  server.RaftServerConfigKeys (ConfUtils.java:logGet(43)) - raft.server.snapshot.retention.num.files = 5 (custom)
2019-09-17 06:15:58,173 [pool-169-thread-1] INFO  server.RaftServerConfigKeys (ConfUtils.java:logGet(43)) - raft.server.retrycache.expirytime = 600000ms (custom)
2019-09-17 06:15:58,175 [pool-169-thread-1] INFO  impl.RaftServerImpl (RaftServerImpl.java:start(185)) - 967c7462-8c27-4f7c-97a1-2e921716fc39@group-572CF5EB4EA5: start as a follower, conf=-1: [967c7462-8c27-4f7c-97a1-2e921716fc39:192.168.69.122:46696], old=null
2019-09-17 06:15:58,175 [pool-169-thread-1] INFO  impl.RaftServerImpl (RaftServerImpl.java:setRole(174)) - 967c7462-8c27-4f7c-97a1-2e921716fc39@group-572CF5EB4EA5: changes role from      null to FOLLOWER at term 0 for startAsFollower
2019-09-17 06:15:58,175 [pool-169-thread-1] INFO  impl.RoleInfo (RoleInfo.java:updateAndGet(143)) - 967c7462-8c27-4f7c-97a1-2e921716fc39: start FollowerState
2019-09-17 06:15:58,176 [pool-169-thread-1] INFO  util.JmxRegister (JmxRegister.java:tryRegister(44)) - Successfully registered JMX Bean with object name Ratis:service=RaftServer,group=group-572CF5EB4EA5,id=967c7462-8c27-4f7c-97a1-2e921716fc39
2019-09-17 06:15:58,178 [RatisPipelineUtilsThread] INFO  pipeline.PipelineStateManager (PipelineStateManager.java:addPipeline(56)) - Created pipeline Pipeline[ Id: 8086d050-1821-4962-a87d-572cf5eb4ea5, Nodes: 967c7462-8c27-4f7c-97a1-2e921716fc39{ip: 192.168.69.122, host: trunk-nightly-20190917-29l5j-2509219610, networkLocation: /default-rack, certSerialId: null}, Type:RATIS, Factor:ONE, State:OPEN]
2019-09-17 06:15:58,182 [main] INFO  ozone.MiniOzoneClusterImpl (MiniOzoneClusterImpl.java:lambda$waitForClusterToBeReady$0(145)) - Waiting for cluster to be ready. Got 6 of 7 DN Heartbeats.
2019-09-17 06:15:58,185 [grpc-default-executor-3] INFO  impl.RaftServerProxy (RaftServerProxy.java:addNew(89)) - a9c241ba-7330-43af-b780-2b01a2bccba1: addNew group-4208DC040E8B:[a9c241ba-7330-43af-b780-2b01a2bccba1:192.168.69.122:37585] returns group-4208DC040E8B:java.util.concurrent.CompletableFuture@4980d3f9[Not completed]
2019-09-17 06:15:58,186 [IPC Server handler 2 on 41613] INFO  net.NetworkTopology (NetworkTopologyImpl.java:add(111)) - Added a new node: /default-rack/00a9c42b-b8e1-4789-b80f-e97d2858a7db
2019-09-17 06:15:58,186 [IPC Server handler 2 on 41613] INFO  node.SCMNodeManager (SCMNodeManager.java:register(266)) - Registered Data node : 00a9c42b-b8e1-4789-b80f-e97d2858a7db{ip: 192.168.69.122, host: trunk-nightly-20190917-29l5j-2509219610, networkLocation: /default-rack, certSerialId: null}
2019-09-17 06:15:58,190 [pool-149-thread-1] INFO  impl.RaftServerImpl (RaftServerImpl.java:<init>(95)) - a9c241ba-7330-43af-b780-2b01a2bccba1: new RaftServerImpl for group-4208DC040E8B:[a9c241ba-7330-43af-b780-2b01a2bccba1:192.168.69.122:37585] with ContainerStateMachine:uninitialized
2019-09-17 06:15:58,190 [pool-149-thread-1] INFO  server.RaftServerConfigKeys (ConfUtils.java:logGet(43)) - raft.server.rpc.timeout.min = 5s (custom)
2019-09-17 06:15:58,190 [pool-149-thread-1] INFO  server.RaftServerConfigKeys (ConfUtils.java:logGet(43)) - raft.server.rpc.timeout.max = 5200ms (custom)
2019-09-17 06:15:58,190 [pool-149-thread-1] INFO  server.RaftServerConfigKeys (ConfUtils.java:logGet(43)) - raft.server.rpcslowness.timeout = 120s (custom)
2019-09-17 06:15:58,191 [pool-149-thread-1] INFO  server.RaftServerConfigKeys (ConfUtils.java:logGet(43)) - raft.server.sleep.deviation.threshold = 300 (default)
2019-09-17 06:15:58,191 [pool-149-thread-1] INFO  server.RaftServerConfigKeys (ConfUtils.java:logGet(43)) - raft.server.log.appender.install.snapshot.enabled = false (custom)
2019-09-17 06:15:58,191 [pool-149-thread-1] INFO  impl.RaftServerImpl (ServerState.java:<init>(103)) - a9c241ba-7330-43af-b780-2b01a2bccba1@group-4208DC040E8B: ConfigurationManager, init=-1: [a9c241ba-7330-43af-b780-2b01a2bccba1:192.168.69.122:37585], old=null, confs=<EMPTY_MAP>
2019-09-17 06:15:58,191 [pool-149-thread-1] INFO  server.RaftServerConfigKeys (ConfUtils.java:logGet(43)) - raft.server.storage.dir = [/workdir/hadoop-ozone/integration-test/target/test-dir/MiniOzoneClusterImpl-20dced08-aa13-41be-af84-0d1cf5708d98/datanode-3/data/ratis] (custom)
2019-09-17 06:15:58,191 [pool-149-thread-1] INFO  storage.RaftStorageDirectory (RaftStorageDirectory.java:analyzeStorage(246)) - The storage directory /workdir/hadoop-ozone/integration-test/target/test-dir/MiniOzoneClusterImpl-20dced08-aa13-41be-af84-0d1cf5708d98/datanode-3/data/ratis/ec8f38cc-2722-4145-b2b7-4208dc040e8b does not exist. Creating ...
2019-09-17 06:15:58,204 [pool-149-thread-1] INFO  storage.RaftStorageDirectory (RaftStorageDirectory.java:tryLock(328)) - Lock on /workdir/hadoop-ozone/integration-test/target/test-dir/MiniOzoneClusterImpl-20dced08-aa13-41be-af84-0d1cf5708d98/datanode-3/data/ratis/ec8f38cc-2722-4145-b2b7-4208dc040e8b/in_use.lock acquired by nodename 2222@trunk-nightly-20190917-29l5j-2509219610
2019-09-17 06:15:58,217 [pool-149-thread-1] INFO  storage.RaftStorage (RaftStorage.java:format(72)) - Storage directory /workdir/hadoop-ozone/integration-test/target/test-dir/MiniOzoneClusterImpl-20dced08-aa13-41be-af84-0d1cf5708d98/datanode-3/data/ratis/ec8f38cc-2722-4145-b2b7-4208dc040e8b has been successfully formatted.
2019-09-17 06:15:58,217 [pool-149-thread-1] INFO  ratis.ContainerStateMachine (ContainerStateMachine.java:loadSnapshot(230)) - group-4208DC040E8B: The snapshot info is null. Setting the last applied indexto:(t:0, i:~)
2019-09-17 06:15:58,217 [pool-149-thread-1] INFO  server.RaftServerConfigKeys (ConfUtils.java:logGet(43)) - raft.server.notification.no-leader.timeout = 120s (custom)
2019-09-17 06:15:58,217 [pool-149-thread-1] INFO  server.RaftServerConfigKeys (ConfUtils.java:logGet(43)) - raft.server.log.use.memory = false (default)
2019-09-17 06:15:58,217 [pool-149-thread-1] INFO  server.RaftServerConfigKeys (ConfUtils.java:logGet(43)) - raft.server.log.purge.gap = 1000000 (custom)
2019-09-17 06:15:58,217 [pool-149-thread-1] INFO  server.RaftServerConfigKeys (ConfUtils.java:logGet(43)) - raft.server.log.appender.buffer.byte-limit = 33554432 (custom)
2019-09-17 06:15:58,218 [pool-149-thread-1] INFO  server.RaftServerConfigKeys (ConfUtils.java:logGet(43)) - raft.server.log.segment.size.max = 1048576 (custom)
2019-09-17 06:15:58,218 [pool-149-thread-1] INFO  server.RaftServerConfigKeys (ConfUtils.java:logGet(43)) - raft.server.log.segment.cache.num.max = 2 (custom)
2019-09-17 06:15:58,218 [pool-149-thread-1] INFO  segmented.SegmentedRaftLogWorker (SegmentedRaftLogWorker.java:<init>(172)) - new a9c241ba-7330-43af-b780-2b01a2bccba1@group-4208DC040E8B-SegmentedRaftLogWorker for RaftStorage:Storage Directory /workdir/hadoop-ozone/integration-test/target/test-dir/MiniOzoneClusterImpl-20dced08-aa13-41be-af84-0d1cf5708d98/datanode-3/data/ratis/ec8f38cc-2722-4145-b2b7-4208dc040e8b
2019-09-17 06:15:58,220 [pool-149-thread-1] INFO  server.RaftServerConfigKeys (ConfUtils.java:logGet(43)) - raft.server.log.queue.byte-limit = 2147483647 (custom)
2019-09-17 06:15:58,220 [pool-149-thread-1] INFO  server.RaftServerConfigKeys (ConfUtils.java:logGet(43)) - raft.server.log.queue.element-limit = 1024 (custom)
2019-09-17 06:15:58,220 [pool-149-thread-1] INFO  server.RaftServerConfigKeys (ConfUtils.java:logGet(43)) - raft.server.log.segment.size.max = 1048576 (custom)
2019-09-17 06:15:58,220 [pool-149-thread-1] INFO  server.RaftServerConfigKeys (ConfUtils.java:logGet(43)) - raft.server.log.preallocated.size = 16384 (custom)
2019-09-17 06:15:58,220 [pool-149-thread-1] INFO  server.RaftServerConfigKeys (ConfUtils.java:logGet(43)) - raft.server.log.write.buffer.size = 33554432 (custom)
2019-09-17 06:15:58,221 [pool-149-thread-1] INFO  server.RaftServerConfigKeys (ConfUtils.java:logGet(43)) - raft.server.log.force.sync.num = 128 (default)
2019-09-17 06:15:58,221 [pool-149-thread-1] INFO  server.RaftServerConfigKeys (ConfUtils.java:logGet(43)) - raft.server.log.statemachine.data.sync = true (default)
2019-09-17 06:15:58,221 [pool-149-thread-1] INFO  server.RaftServerConfigKeys (ConfUtils.java:logGet(43)) - raft.server.log.statemachine.data.sync.timeout = 10s (default)
2019-09-17 06:15:58,221 [pool-149-thread-1] INFO  server.RaftServerConfigKeys (ConfUtils.java:logGet(43)) - raft.server.log.statemachine.data.sync.timeout.retry = -1 (default)
2019-09-17 06:15:58,221 [pool-149-thread-1] INFO  server.RaftServerConfigKeys (ConfUtils.java:logGet(43)) - raft.server.log.statemachine.data.caching.enabled = true (custom)
2019-09-17 06:15:58,222 [pool-149-thread-1] INFO  segmented.SegmentedRaftLogWorker (SegmentedRaftLogWorker.java:lambda$new$0(132)) - a9c241ba-7330-43af-b780-2b01a2bccba1@group-4208DC040E8B-SegmentedRaftLogWorker: flushIndex: setUnconditionally 0 -> -1
2019-09-17 06:15:58,222 [pool-149-thread-1] INFO  server.RaftServerConfigKeys (ConfUtils.java:logGet(43)) - raft.server.snapshot.auto.trigger.enabled = true (custom)
2019-09-17 06:15:58,222 [pool-149-thread-1] INFO  server.RaftServerConfigKeys (ConfUtils.java:logGet(43)) - raft.server.snapshot.auto.trigger.threshold = 10000 (custom)
2019-09-17 06:15:58,222 [pool-149-thread-1] INFO  server.RaftServerConfigKeys (ConfUtils.java:logGet(43)) - raft.server.snapshot.retention.num.files = 5 (custom)
2019-09-17 06:15:58,222 [pool-149-thread-1] INFO  server.RaftServerConfigKeys (ConfUtils.java:logGet(43)) - raft.server.retrycache.expirytime = 600000ms (custom)
2019-09-17 06:15:58,224 [pool-149-thread-1] INFO  impl.RaftServerImpl (RaftServerImpl.java:start(185)) - a9c241ba-7330-43af-b780-2b01a2bccba1@group-4208DC040E8B: start as a follower, conf=-1: [a9c241ba-7330-43af-b780-2b01a2bccba1:192.168.69.122:37585], old=null
2019-09-17 06:15:58,225 [pool-149-thread-1] INFO  impl.RaftServerImpl (RaftServerImpl.java:setRole(174)) - a9c241ba-7330-43af-b780-2b01a2bccba1@group-4208DC040E8B: changes role from      null to FOLLOWER at term 0 for startAsFollower
2019-09-17 06:15:58,225 [pool-149-thread-1] INFO  impl.RoleInfo (RoleInfo.java:updateAndGet(143)) - a9c241ba-7330-43af-b780-2b01a2bccba1: start FollowerState
2019-09-17 06:15:58,225 [pool-149-thread-1] INFO  util.JmxRegister (JmxRegister.java:tryRegister(44)) - Successfully registered JMX Bean with object name Ratis:service=RaftServer,group=group-4208DC040E8B,id=a9c241ba-7330-43af-b780-2b01a2bccba1
2019-09-17 06:15:58,228 [RatisPipelineUtilsThread] INFO  pipeline.PipelineStateManager (PipelineStateManager.java:addPipeline(56)) - Created pipeline Pipeline[ Id: ec8f38cc-2722-4145-b2b7-4208dc040e8b, Nodes: a9c241ba-7330-43af-b780-2b01a2bccba1{ip: 192.168.69.122, host: trunk-nightly-20190917-29l5j-2509219610, networkLocation: /default-rack, certSerialId: null}, Type:RATIS, Factor:ONE, State:OPEN]
2019-09-17 06:15:58,238 [grpc-default-executor-3] INFO  impl.RaftServerProxy (RaftServerProxy.java:addNew(89)) - 00a9c42b-b8e1-4789-b80f-e97d2858a7db: addNew group-0B5D6A3CB5BF:[00a9c42b-b8e1-4789-b80f-e97d2858a7db:192.168.69.122:43482] returns group-0B5D6A3CB5BF:java.util.concurrent.CompletableFuture@3b787e31[Not completed]
2019-09-17 06:15:58,242 [pool-179-thread-1] INFO  impl.RaftServerImpl (RaftServerImpl.java:<init>(95)) - 00a9c42b-b8e1-4789-b80f-e97d2858a7db: new RaftServerImpl for group-0B5D6A3CB5BF:[00a9c42b-b8e1-4789-b80f-e97d2858a7db:192.168.69.122:43482] with ContainerStateMachine:uninitialized
2019-09-17 06:15:58,243 [pool-179-thread-1] INFO  server.RaftServerConfigKeys (ConfUtils.java:logGet(43)) - raft.server.rpc.timeout.min = 5s (custom)
2019-09-17 06:15:58,243 [pool-179-thread-1] INFO  server.RaftServerConfigKeys (ConfUtils.java:logGet(43)) - raft.server.rpc.timeout.max = 5200ms (custom)
2019-09-17 06:15:58,243 [pool-179-thread-1] INFO  server.RaftServerConfigKeys (ConfUtils.java:logGet(43)) - raft.server.rpcslowness.timeout = 120s (custom)
2019-09-17 06:15:58,243 [pool-179-thread-1] INFO  server.RaftServerConfigKeys (ConfUtils.java:logGet(43)) - raft.server.sleep.deviation.threshold = 300 (default)
2019-09-17 06:15:58,243 [pool-179-thread-1] INFO  server.RaftServerConfigKeys (ConfUtils.java:logGet(43)) - raft.server.log.appender.install.snapshot.enabled = false (custom)
2019-09-17 06:15:58,244 [pool-179-thread-1] INFO  impl.RaftServerImpl (ServerState.java:<init>(103)) - 00a9c42b-b8e1-4789-b80f-e97d2858a7db@group-0B5D6A3CB5BF: ConfigurationManager, init=-1: [00a9c42b-b8e1-4789-b80f-e97d2858a7db:192.168.69.122:43482], old=null, confs=<EMPTY_MAP>
2019-09-17 06:15:58,244 [pool-179-thread-1] INFO  server.RaftServerConfigKeys (ConfUtils.java:logGet(43)) - raft.server.storage.dir = [/workdir/hadoop-ozone/integration-test/target/test-dir/MiniOzoneClusterImpl-20dced08-aa13-41be-af84-0d1cf5708d98/datanode-6/data/ratis] (custom)
2019-09-17 06:15:58,244 [pool-179-thread-1] INFO  storage.RaftStorageDirectory (RaftStorageDirectory.java:analyzeStorage(246)) - The storage directory /workdir/hadoop-ozone/integration-test/target/test-dir/MiniOzoneClusterImpl-20dced08-aa13-41be-af84-0d1cf5708d98/datanode-6/data/ratis/5bee0bac-ab15-48cc-af38-0b5d6a3cb5bf does not exist. Creating ...
2019-09-17 06:15:58,258 [pool-179-thread-1] INFO  storage.RaftStorageDirectory (RaftStorageDirectory.java:tryLock(328)) - Lock on /workdir/hadoop-ozone/integration-test/target/test-dir/MiniOzoneClusterImpl-20dced08-aa13-41be-af84-0d1cf5708d98/datanode-6/data/ratis/5bee0bac-ab15-48cc-af38-0b5d6a3cb5bf/in_use.lock acquired by nodename 2222@trunk-nightly-20190917-29l5j-2509219610
2019-09-17 06:15:58,271 [pool-179-thread-1] INFO  storage.RaftStorage (RaftStorage.java:format(72)) - Storage directory /workdir/hadoop-ozone/integration-test/target/test-dir/MiniOzoneClusterImpl-20dced08-aa13-41be-af84-0d1cf5708d98/datanode-6/data/ratis/5bee0bac-ab15-48cc-af38-0b5d6a3cb5bf has been successfully formatted.
2019-09-17 06:15:58,271 [pool-179-thread-1] INFO  ratis.ContainerStateMachine (ContainerStateMachine.java:loadSnapshot(230)) - group-0B5D6A3CB5BF: The snapshot info is null. Setting the last applied indexto:(t:0, i:~)
2019-09-17 06:15:58,272 [pool-179-thread-1] INFO  server.RaftServerConfigKeys (ConfUtils.java:logGet(43)) - raft.server.notification.no-leader.timeout = 120s (custom)
2019-09-17 06:15:58,272 [pool-179-thread-1] INFO  server.RaftServerConfigKeys (ConfUtils.java:logGet(43)) - raft.server.log.use.memory = false (default)
2019-09-17 06:15:58,272 [pool-179-thread-1] INFO  server.RaftServerConfigKeys (ConfUtils.java:logGet(43)) - raft.server.log.purge.gap = 1000000 (custom)
2019-09-17 06:15:58,272 [pool-179-thread-1] INFO  server.RaftServerConfigKeys (ConfUtils.java:logGet(43)) - raft.server.log.appender.buffer.byte-limit = 33554432 (custom)
2019-09-17 06:15:58,272 [pool-179-thread-1] INFO  server.RaftServerConfigKeys (ConfUtils.java:logGet(43)) - raft.server.log.segment.size.max = 1048576 (custom)
2019-09-17 06:15:58,272 [pool-179-thread-1] INFO  server.RaftServerConfigKeys (ConfUtils.java:logGet(43)) - raft.server.log.segment.cache.num.max = 2 (custom)
2019-09-17 06:15:58,273 [pool-179-thread-1] INFO  segmented.SegmentedRaftLogWorker (SegmentedRaftLogWorker.java:<init>(172)) - new 00a9c42b-b8e1-4789-b80f-e97d2858a7db@group-0B5D6A3CB5BF-SegmentedRaftLogWorker for RaftStorage:Storage Directory /workdir/hadoop-ozone/integration-test/target/test-dir/MiniOzoneClusterImpl-20dced08-aa13-41be-af84-0d1cf5708d98/datanode-6/data/ratis/5bee0bac-ab15-48cc-af38-0b5d6a3cb5bf
2019-09-17 06:15:58,276 [pool-179-thread-1] INFO  server.RaftServerConfigKeys (ConfUtils.java:logGet(43)) - raft.server.log.queue.byte-limit = 2147483647 (custom)
2019-09-17 06:15:58,276 [pool-179-thread-1] INFO  server.RaftServerConfigKeys (ConfUtils.java:logGet(43)) - raft.server.log.queue.element-limit = 1024 (custom)
2019-09-17 06:15:58,276 [pool-179-thread-1] INFO  server.RaftServerConfigKeys (ConfUtils.java:logGet(43)) - raft.server.log.segment.size.max = 1048576 (custom)
2019-09-17 06:15:58,276 [pool-179-thread-1] INFO  server.RaftServerConfigKeys (ConfUtils.java:logGet(43)) - raft.server.log.preallocated.size = 16384 (custom)
2019-09-17 06:15:58,276 [pool-179-thread-1] INFO  server.RaftServerConfigKeys (ConfUtils.java:logGet(43)) - raft.server.log.write.buffer.size = 33554432 (custom)
2019-09-17 06:15:58,277 [pool-179-thread-1] INFO  server.RaftServerConfigKeys (ConfUtils.java:logGet(43)) - raft.server.log.force.sync.num = 128 (default)
2019-09-17 06:15:58,277 [pool-179-thread-1] INFO  server.RaftServerConfigKeys (ConfUtils.java:logGet(43)) - raft.server.log.statemachine.data.sync = true (default)
2019-09-17 06:15:58,277 [pool-179-thread-1] INFO  server.RaftServerConfigKeys (ConfUtils.java:logGet(43)) - raft.server.log.statemachine.data.sync.timeout = 10s (default)
2019-09-17 06:15:58,277 [pool-179-thread-1] INFO  server.RaftServerConfigKeys (ConfUtils.java:logGet(43)) - raft.server.log.statemachine.data.sync.timeout.retry = -1 (default)
2019-09-17 06:15:58,277 [pool-179-thread-1] INFO  server.RaftServerConfigKeys (ConfUtils.java:logGet(43)) - raft.server.log.statemachine.data.caching.enabled = true (custom)
2019-09-17 06:15:58,278 [pool-179-thread-1] INFO  segmented.SegmentedRaftLogWorker (SegmentedRaftLogWorker.java:lambda$new$0(132)) - 00a9c42b-b8e1-4789-b80f-e97d2858a7db@group-0B5D6A3CB5BF-SegmentedRaftLogWorker: flushIndex: setUnconditionally 0 -> -1
2019-09-17 06:15:58,278 [pool-179-thread-1] INFO  server.RaftServerConfigKeys (ConfUtils.java:logGet(43)) - raft.server.snapshot.auto.trigger.enabled = true (custom)
2019-09-17 06:15:58,278 [pool-179-thread-1] INFO  server.RaftServerConfigKeys (ConfUtils.java:logGet(43)) - raft.server.snapshot.auto.trigger.threshold = 10000 (custom)
2019-09-17 06:15:58,279 [pool-179-thread-1] INFO  server.RaftServerConfigKeys (ConfUtils.java:logGet(43)) - raft.server.snapshot.retention.num.files = 5 (custom)
2019-09-17 06:15:58,279 [pool-179-thread-1] INFO  server.RaftServerConfigKeys (ConfUtils.java:logGet(43)) - raft.server.retrycache.expirytime = 600000ms (custom)
2019-09-17 06:15:58,282 [pool-179-thread-1] INFO  impl.RaftServerImpl (RaftServerImpl.java:start(185)) - 00a9c42b-b8e1-4789-b80f-e97d2858a7db@group-0B5D6A3CB5BF: start as a follower, conf=-1: [00a9c42b-b8e1-4789-b80f-e97d2858a7db:192.168.69.122:43482], old=null
2019-09-17 06:15:58,282 [pool-179-thread-1] INFO  impl.RaftServerImpl (RaftServerImpl.java:setRole(174)) - 00a9c42b-b8e1-4789-b80f-e97d2858a7db@group-0B5D6A3CB5BF: changes role from      null to FOLLOWER at term 0 for startAsFollower
2019-09-17 06:15:58,282 [pool-179-thread-1] INFO  impl.RoleInfo (RoleInfo.java:updateAndGet(143)) - 00a9c42b-b8e1-4789-b80f-e97d2858a7db: start FollowerState
2019-09-17 06:15:58,283 [pool-179-thread-1] INFO  util.JmxRegister (JmxRegister.java:tryRegister(44)) - Successfully registered JMX Bean with object name Ratis:service=RaftServer,group=group-0B5D6A3CB5BF,id=00a9c42b-b8e1-4789-b80f-e97d2858a7db
2019-09-17 06:15:58,286 [RatisPipelineUtilsThread] INFO  pipeline.PipelineStateManager (PipelineStateManager.java:addPipeline(56)) - Created pipeline Pipeline[ Id: 5bee0bac-ab15-48cc-af38-0b5d6a3cb5bf, Nodes: 00a9c42b-b8e1-4789-b80f-e97d2858a7db{ip: 192.168.69.122, host: trunk-nightly-20190917-29l5j-2509219610, networkLocation: /default-rack, certSerialId: null}, Type:RATIS, Factor:ONE, State:OPEN]
2019-09-17 06:15:58,293 [grpc-default-executor-3] INFO  impl.RaftServerProxy (RaftServerProxy.java:addNew(89)) - f34b9ced-9b49-4611-b86d-99421916706b: addNew group-8A0EEB56B882:[f34b9ced-9b49-4611-b86d-99421916706b:192.168.69.122:45901] returns group-8A0EEB56B882:java.util.concurrent.CompletableFuture@42d7f82d[Not completed]
2019-09-17 06:15:58,298 [pool-159-thread-1] INFO  impl.RaftServerImpl (RaftServerImpl.java:<init>(95)) - f34b9ced-9b49-4611-b86d-99421916706b: new RaftServerImpl for group-8A0EEB56B882:[f34b9ced-9b49-4611-b86d-99421916706b:192.168.69.122:45901] with ContainerStateMachine:uninitialized
2019-09-17 06:15:58,298 [pool-159-thread-1] INFO  server.RaftServerConfigKeys (ConfUtils.java:logGet(43)) - raft.server.rpc.timeout.min = 5s (custom)
2019-09-17 06:15:58,299 [pool-159-thread-1] INFO  server.RaftServerConfigKeys (ConfUtils.java:logGet(43)) - raft.server.rpc.timeout.max = 5200ms (custom)
2019-09-17 06:15:58,299 [pool-159-thread-1] INFO  server.RaftServerConfigKeys (ConfUtils.java:logGet(43)) - raft.server.rpcslowness.timeout = 120s (custom)
2019-09-17 06:15:58,299 [pool-159-thread-1] INFO  server.RaftServerConfigKeys (ConfUtils.java:logGet(43)) - raft.server.sleep.deviation.threshold = 300 (default)
2019-09-17 06:15:58,299 [pool-159-thread-1] INFO  server.RaftServerConfigKeys (ConfUtils.java:logGet(43)) - raft.server.log.appender.install.snapshot.enabled = false (custom)
2019-09-17 06:15:58,299 [pool-159-thread-1] INFO  impl.RaftServerImpl (ServerState.java:<init>(103)) - f34b9ced-9b49-4611-b86d-99421916706b@group-8A0EEB56B882: ConfigurationManager, init=-1: [f34b9ced-9b49-4611-b86d-99421916706b:192.168.69.122:45901], old=null, confs=<EMPTY_MAP>
2019-09-17 06:15:58,300 [pool-159-thread-1] INFO  server.RaftServerConfigKeys (ConfUtils.java:logGet(43)) - raft.server.storage.dir = [/workdir/hadoop-ozone/integration-test/target/test-dir/MiniOzoneClusterImpl-20dced08-aa13-41be-af84-0d1cf5708d98/datanode-4/data/ratis] (custom)
2019-09-17 06:15:58,300 [pool-159-thread-1] INFO  storage.RaftStorageDirectory (RaftStorageDirectory.java:analyzeStorage(246)) - The storage directory /workdir/hadoop-ozone/integration-test/target/test-dir/MiniOzoneClusterImpl-20dced08-aa13-41be-af84-0d1cf5708d98/datanode-4/data/ratis/79e1f332-28e9-42c6-88cb-8a0eeb56b882 does not exist. Creating ...
2019-09-17 06:15:58,313 [pool-159-thread-1] INFO  storage.RaftStorageDirectory (RaftStorageDirectory.java:tryLock(328)) - Lock on /workdir/hadoop-ozone/integration-test/target/test-dir/MiniOzoneClusterImpl-20dced08-aa13-41be-af84-0d1cf5708d98/datanode-4/data/ratis/79e1f332-28e9-42c6-88cb-8a0eeb56b882/in_use.lock acquired by nodename 2222@trunk-nightly-20190917-29l5j-2509219610
2019-09-17 06:15:58,326 [pool-159-thread-1] INFO  storage.RaftStorage (RaftStorage.java:format(72)) - Storage directory /workdir/hadoop-ozone/integration-test/target/test-dir/MiniOzoneClusterImpl-20dced08-aa13-41be-af84-0d1cf5708d98/datanode-4/data/ratis/79e1f332-28e9-42c6-88cb-8a0eeb56b882 has been successfully formatted.
2019-09-17 06:15:58,326 [pool-159-thread-1] INFO  ratis.ContainerStateMachine (ContainerStateMachine.java:loadSnapshot(230)) - group-8A0EEB56B882: The snapshot info is null. Setting the last applied indexto:(t:0, i:~)
2019-09-17 06:15:58,326 [pool-159-thread-1] INFO  server.RaftServerConfigKeys (ConfUtils.java:logGet(43)) - raft.server.notification.no-leader.timeout = 120s (custom)
2019-09-17 06:15:58,326 [pool-159-thread-1] INFO  server.RaftServerConfigKeys (ConfUtils.java:logGet(43)) - raft.server.log.use.memory = false (default)
2019-09-17 06:15:58,327 [pool-159-thread-1] INFO  server.RaftServerConfigKeys (ConfUtils.java:logGet(43)) - raft.server.log.purge.gap = 1000000 (custom)
2019-09-17 06:15:58,327 [pool-159-thread-1] INFO  server.RaftServerConfigKeys (ConfUtils.java:logGet(43)) - raft.server.log.appender.buffer.byte-limit = 33554432 (custom)
2019-09-17 06:15:58,327 [pool-159-thread-1] INFO  server.RaftServerConfigKeys (ConfUtils.java:logGet(43)) - raft.server.log.segment.size.max = 1048576 (custom)
2019-09-17 06:15:58,327 [pool-159-thread-1] INFO  server.RaftServerConfigKeys (ConfUtils.java:logGet(43)) - raft.server.log.segment.cache.num.max = 2 (custom)
2019-09-17 06:15:58,327 [pool-159-thread-1] INFO  segmented.SegmentedRaftLogWorker (SegmentedRaftLogWorker.java:<init>(172)) - new f34b9ced-9b49-4611-b86d-99421916706b@group-8A0EEB56B882-SegmentedRaftLogWorker for RaftStorage:Storage Directory /workdir/hadoop-ozone/integration-test/target/test-dir/MiniOzoneClusterImpl-20dced08-aa13-41be-af84-0d1cf5708d98/datanode-4/data/ratis/79e1f332-28e9-42c6-88cb-8a0eeb56b882
2019-09-17 06:15:58,330 [pool-159-thread-1] INFO  server.RaftServerConfigKeys (ConfUtils.java:logGet(43)) - raft.server.log.queue.byte-limit = 2147483647 (custom)
2019-09-17 06:15:58,330 [pool-159-thread-1] INFO  server.RaftServerConfigKeys (ConfUtils.java:logGet(43)) - raft.server.log.queue.element-limit = 1024 (custom)
2019-09-17 06:15:58,331 [pool-159-thread-1] INFO  server.RaftServerConfigKeys (ConfUtils.java:logGet(43)) - raft.server.log.segment.size.max = 1048576 (custom)
2019-09-17 06:15:58,331 [pool-159-thread-1] INFO  server.RaftServerConfigKeys (ConfUtils.java:logGet(43)) - raft.server.log.preallocated.size = 16384 (custom)
2019-09-17 06:15:58,331 [pool-159-thread-1] INFO  server.RaftServerConfigKeys (ConfUtils.java:logGet(43)) - raft.server.log.write.buffer.size = 33554432 (custom)
2019-09-17 06:15:58,331 [pool-159-thread-1] INFO  server.RaftServerConfigKeys (ConfUtils.java:logGet(43)) - raft.server.log.force.sync.num = 128 (default)
2019-09-17 06:15:58,332 [pool-159-thread-1] INFO  server.RaftServerConfigKeys (ConfUtils.java:logGet(43)) - raft.server.log.statemachine.data.sync = true (default)
2019-09-17 06:15:58,332 [pool-159-thread-1] INFO  server.RaftServerConfigKeys (ConfUtils.java:logGet(43)) - raft.server.log.statemachine.data.sync.timeout = 10s (default)
2019-09-17 06:15:58,332 [pool-159-thread-1] INFO  server.RaftServerConfigKeys (ConfUtils.java:logGet(43)) - raft.server.log.statemachine.data.sync.timeout.retry = -1 (default)
2019-09-17 06:15:58,332 [pool-159-thread-1] INFO  server.RaftServerConfigKeys (ConfUtils.java:logGet(43)) - raft.server.log.statemachine.data.caching.enabled = true (custom)
2019-09-17 06:15:58,333 [pool-159-thread-1] INFO  segmented.SegmentedRaftLogWorker (SegmentedRaftLogWorker.java:lambda$new$0(132)) - f34b9ced-9b49-4611-b86d-99421916706b@group-8A0EEB56B882-SegmentedRaftLogWorker: flushIndex: setUnconditionally 0 -> -1
2019-09-17 06:15:58,333 [pool-159-thread-1] INFO  server.RaftServerConfigKeys (ConfUtils.java:logGet(43)) - raft.server.snapshot.auto.trigger.enabled = true (custom)
2019-09-17 06:15:58,333 [pool-159-thread-1] INFO  server.RaftServerConfigKeys (ConfUtils.java:logGet(43)) - raft.server.snapshot.auto.trigger.threshold = 10000 (custom)
2019-09-17 06:15:58,334 [pool-159-thread-1] INFO  server.RaftServerConfigKeys (ConfUtils.java:logGet(43)) - raft.server.snapshot.retention.num.files = 5 (custom)
2019-09-17 06:15:58,334 [pool-159-thread-1] INFO  server.RaftServerConfigKeys (ConfUtils.java:logGet(43)) - raft.server.retrycache.expirytime = 600000ms (custom)
2019-09-17 06:15:58,337 [pool-159-thread-1] INFO  impl.RaftServerImpl (RaftServerImpl.java:start(185)) - f34b9ced-9b49-4611-b86d-99421916706b@group-8A0EEB56B882: start as a follower, conf=-1: [f34b9ced-9b49-4611-b86d-99421916706b:192.168.69.122:45901], old=null
2019-09-17 06:15:58,337 [pool-159-thread-1] INFO  impl.RaftServerImpl (RaftServerImpl.java:setRole(174)) - f34b9ced-9b49-4611-b86d-99421916706b@group-8A0EEB56B882: changes role from      null to FOLLOWER at term 0 for startAsFollower
2019-09-17 06:15:58,337 [pool-159-thread-1] INFO  impl.RoleInfo (RoleInfo.java:updateAndGet(143)) - f34b9ced-9b49-4611-b86d-99421916706b: start FollowerState
2019-09-17 06:15:58,338 [pool-159-thread-1] INFO  util.JmxRegister (JmxRegister.java:tryRegister(44)) - Successfully registered JMX Bean with object name Ratis:service=RaftServer,group=group-8A0EEB56B882,id=f34b9ced-9b49-4611-b86d-99421916706b
2019-09-17 06:15:58,341 [RatisPipelineUtilsThread] INFO  pipeline.PipelineStateManager (PipelineStateManager.java:addPipeline(56)) - Created pipeline Pipeline[ Id: 79e1f332-28e9-42c6-88cb-8a0eeb56b882, Nodes: f34b9ced-9b49-4611-b86d-99421916706b{ip: 192.168.69.122, host: trunk-nightly-20190917-29l5j-2509219610, networkLocation: /default-rack, certSerialId: null}, Type:RATIS, Factor:ONE, State:OPEN]
2019-09-17 06:15:58,360 [grpc-default-executor-3] INFO  impl.RaftServerProxy (RaftServerProxy.java:addNew(89)) - 967c7462-8c27-4f7c-97a1-2e921716fc39: addNew group-81194D8428A3:[00a9c42b-b8e1-4789-b80f-e97d2858a7db:192.168.69.122:43482, 967c7462-8c27-4f7c-97a1-2e921716fc39:192.168.69.122:46696, a9c241ba-7330-43af-b780-2b01a2bccba1:192.168.69.122:37585] returns group-81194D8428A3:java.util.concurrent.CompletableFuture@d5440c5[Not completed]
2019-09-17 06:15:58,360 [grpc-default-executor-1] INFO  impl.RaftServerProxy (RaftServerProxy.java:addNew(89)) - a9c241ba-7330-43af-b780-2b01a2bccba1: addNew group-81194D8428A3:[00a9c42b-b8e1-4789-b80f-e97d2858a7db:192.168.69.122:43482, 967c7462-8c27-4f7c-97a1-2e921716fc39:192.168.69.122:46696, a9c241ba-7330-43af-b780-2b01a2bccba1:192.168.69.122:37585] returns group-81194D8428A3:java.util.concurrent.CompletableFuture@55cbf419[Not completed]
2019-09-17 06:15:58,360 [grpc-default-executor-2] INFO  impl.RaftServerProxy (RaftServerProxy.java:addNew(89)) - 00a9c42b-b8e1-4789-b80f-e97d2858a7db: addNew group-81194D8428A3:[00a9c42b-b8e1-4789-b80f-e97d2858a7db:192.168.69.122:43482, 967c7462-8c27-4f7c-97a1-2e921716fc39:192.168.69.122:46696, a9c241ba-7330-43af-b780-2b01a2bccba1:192.168.69.122:37585] returns group-81194D8428A3:java.util.concurrent.CompletableFuture@4ee401a5[Not completed]
2019-09-17 06:15:58,361 [pool-169-thread-1] INFO  impl.RaftServerImpl (RaftServerImpl.java:<init>(95)) - 967c7462-8c27-4f7c-97a1-2e921716fc39: new RaftServerImpl for group-81194D8428A3:[00a9c42b-b8e1-4789-b80f-e97d2858a7db:192.168.69.122:43482, 967c7462-8c27-4f7c-97a1-2e921716fc39:192.168.69.122:46696, a9c241ba-7330-43af-b780-2b01a2bccba1:192.168.69.122:37585] with ContainerStateMachine:uninitialized
2019-09-17 06:15:58,361 [pool-169-thread-1] INFO  server.RaftServerConfigKeys (ConfUtils.java:logGet(43)) - raft.server.rpc.timeout.min = 5s (custom)
2019-09-17 06:15:58,361 [pool-169-thread-1] INFO  server.RaftServerConfigKeys (ConfUtils.java:logGet(43)) - raft.server.rpc.timeout.max = 5200ms (custom)
2019-09-17 06:15:58,361 [pool-169-thread-1] INFO  server.RaftServerConfigKeys (ConfUtils.java:logGet(43)) - raft.server.rpcslowness.timeout = 120s (custom)
2019-09-17 06:15:58,361 [pool-169-thread-1] INFO  server.RaftServerConfigKeys (ConfUtils.java:logGet(43)) - raft.server.sleep.deviation.threshold = 300 (default)
2019-09-17 06:15:58,361 [pool-169-thread-1] INFO  server.RaftServerConfigKeys (ConfUtils.java:logGet(43)) - raft.server.log.appender.install.snapshot.enabled = false (custom)
2019-09-17 06:15:58,361 [pool-169-thread-1] INFO  impl.RaftServerImpl (ServerState.java:<init>(103)) - 967c7462-8c27-4f7c-97a1-2e921716fc39@group-81194D8428A3: ConfigurationManager, init=-1: [00a9c42b-b8e1-4789-b80f-e97d2858a7db:192.168.69.122:43482, 967c7462-8c27-4f7c-97a1-2e921716fc39:192.168.69.122:46696, a9c241ba-7330-43af-b780-2b01a2bccba1:192.168.69.122:37585], old=null, confs=<EMPTY_MAP>
2019-09-17 06:15:58,362 [pool-169-thread-1] INFO  server.RaftServerConfigKeys (ConfUtils.java:logGet(43)) - raft.server.storage.dir = [/workdir/hadoop-ozone/integration-test/target/test-dir/MiniOzoneClusterImpl-20dced08-aa13-41be-af84-0d1cf5708d98/datanode-5/data/ratis] (custom)
2019-09-17 06:15:58,362 [pool-179-thread-1] INFO  impl.RaftServerImpl (RaftServerImpl.java:<init>(95)) - 00a9c42b-b8e1-4789-b80f-e97d2858a7db: new RaftServerImpl for group-81194D8428A3:[00a9c42b-b8e1-4789-b80f-e97d2858a7db:192.168.69.122:43482, 967c7462-8c27-4f7c-97a1-2e921716fc39:192.168.69.122:46696, a9c241ba-7330-43af-b780-2b01a2bccba1:192.168.69.122:37585] with ContainerStateMachine:uninitialized
2019-09-17 06:15:58,362 [pool-169-thread-1] INFO  storage.RaftStorageDirectory (RaftStorageDirectory.java:analyzeStorage(246)) - The storage directory /workdir/hadoop-ozone/integration-test/target/test-dir/MiniOzoneClusterImpl-20dced08-aa13-41be-af84-0d1cf5708d98/datanode-5/data/ratis/d77470b2-ee00-4579-9391-81194d8428a3 does not exist. Creating ...
2019-09-17 06:15:58,362 [pool-179-thread-1] INFO  server.RaftServerConfigKeys (ConfUtils.java:logGet(43)) - raft.server.rpc.timeout.min = 5s (custom)
2019-09-17 06:15:58,362 [pool-179-thread-1] INFO  server.RaftServerConfigKeys (ConfUtils.java:logGet(43)) - raft.server.rpc.timeout.max = 5200ms (custom)
2019-09-17 06:15:58,362 [pool-179-thread-1] INFO  server.RaftServerConfigKeys (ConfUtils.java:logGet(43)) - raft.server.rpcslowness.timeout = 120s (custom)
2019-09-17 06:15:58,362 [pool-179-thread-1] INFO  server.RaftServerConfigKeys (ConfUtils.java:logGet(43)) - raft.server.sleep.deviation.threshold = 300 (default)
2019-09-17 06:15:58,363 [pool-179-thread-1] INFO  server.RaftServerConfigKeys (ConfUtils.java:logGet(43)) - raft.server.log.appender.install.snapshot.enabled = false (custom)
2019-09-17 06:15:58,363 [pool-149-thread-1] INFO  impl.RaftServerImpl (RaftServerImpl.java:<init>(95)) - a9c241ba-7330-43af-b780-2b01a2bccba1: new RaftServerImpl for group-81194D8428A3:[00a9c42b-b8e1-4789-b80f-e97d2858a7db:192.168.69.122:43482, 967c7462-8c27-4f7c-97a1-2e921716fc39:192.168.69.122:46696, a9c241ba-7330-43af-b780-2b01a2bccba1:192.168.69.122:37585] with ContainerStateMachine:uninitialized
2019-09-17 06:15:58,363 [pool-179-thread-1] INFO  impl.RaftServerImpl (ServerState.java:<init>(103)) - 00a9c42b-b8e1-4789-b80f-e97d2858a7db@group-81194D8428A3: ConfigurationManager, init=-1: [00a9c42b-b8e1-4789-b80f-e97d2858a7db:192.168.69.122:43482, 967c7462-8c27-4f7c-97a1-2e921716fc39:192.168.69.122:46696, a9c241ba-7330-43af-b780-2b01a2bccba1:192.168.69.122:37585], old=null, confs=<EMPTY_MAP>
2019-09-17 06:15:58,363 [pool-149-thread-1] INFO  server.RaftServerConfigKeys (ConfUtils.java:logGet(43)) - raft.server.rpc.timeout.min = 5s (custom)
2019-09-17 06:15:58,363 [pool-179-thread-1] INFO  server.RaftServerConfigKeys (ConfUtils.java:logGet(43)) - raft.server.storage.dir = [/workdir/hadoop-ozone/integration-test/target/test-dir/MiniOzoneClusterImpl-20dced08-aa13-41be-af84-0d1cf5708d98/datanode-6/data/ratis] (custom)
2019-09-17 06:15:58,363 [pool-149-thread-1] INFO  server.RaftServerConfigKeys (ConfUtils.java:logGet(43)) - raft.server.rpc.timeout.max = 5200ms (custom)
2019-09-17 06:15:58,364 [pool-149-thread-1] INFO  server.RaftServerConfigKeys (ConfUtils.java:logGet(43)) - raft.server.rpcslowness.timeout = 120s (custom)
2019-09-17 06:15:58,364 [pool-179-thread-1] INFO  storage.RaftStorageDirectory (RaftStorageDirectory.java:analyzeStorage(246)) - The storage directory /workdir/hadoop-ozone/integration-test/target/test-dir/MiniOzoneClusterImpl-20dced08-aa13-41be-af84-0d1cf5708d98/datanode-6/data/ratis/d77470b2-ee00-4579-9391-81194d8428a3 does not exist. Creating ...
2019-09-17 06:15:58,364 [pool-149-thread-1] INFO  server.RaftServerConfigKeys (ConfUtils.java:logGet(43)) - raft.server.sleep.deviation.threshold = 300 (default)
2019-09-17 06:15:58,364 [pool-149-thread-1] INFO  server.RaftServerConfigKeys (ConfUtils.java:logGet(43)) - raft.server.log.appender.install.snapshot.enabled = false (custom)
2019-09-17 06:15:58,364 [pool-149-thread-1] INFO  impl.RaftServerImpl (ServerState.java:<init>(103)) - a9c241ba-7330-43af-b780-2b01a2bccba1@group-81194D8428A3: ConfigurationManager, init=-1: [00a9c42b-b8e1-4789-b80f-e97d2858a7db:192.168.69.122:43482, 967c7462-8c27-4f7c-97a1-2e921716fc39:192.168.69.122:46696, a9c241ba-7330-43af-b780-2b01a2bccba1:192.168.69.122:37585], old=null, confs=<EMPTY_MAP>
2019-09-17 06:15:58,365 [pool-149-thread-1] INFO  server.RaftServerConfigKeys (ConfUtils.java:logGet(43)) - raft.server.storage.dir = [/workdir/hadoop-ozone/integration-test/target/test-dir/MiniOzoneClusterImpl-20dced08-aa13-41be-af84-0d1cf5708d98/datanode-3/data/ratis] (custom)
2019-09-17 06:15:58,365 [pool-149-thread-1] INFO  storage.RaftStorageDirectory (RaftStorageDirectory.java:analyzeStorage(246)) - The storage directory /workdir/hadoop-ozone/integration-test/target/test-dir/MiniOzoneClusterImpl-20dced08-aa13-41be-af84-0d1cf5708d98/datanode-3/data/ratis/d77470b2-ee00-4579-9391-81194d8428a3 does not exist. Creating ...
2019-09-17 06:15:58,386 [pool-169-thread-1] INFO  storage.RaftStorageDirectory (RaftStorageDirectory.java:tryLock(328)) - Lock on /workdir/hadoop-ozone/integration-test/target/test-dir/MiniOzoneClusterImpl-20dced08-aa13-41be-af84-0d1cf5708d98/datanode-5/data/ratis/d77470b2-ee00-4579-9391-81194d8428a3/in_use.lock acquired by nodename 2222@trunk-nightly-20190917-29l5j-2509219610
2019-09-17 06:15:58,387 [pool-179-thread-1] INFO  storage.RaftStorageDirectory (RaftStorageDirectory.java:tryLock(328)) - Lock on /workdir/hadoop-ozone/integration-test/target/test-dir/MiniOzoneClusterImpl-20dced08-aa13-41be-af84-0d1cf5708d98/datanode-6/data/ratis/d77470b2-ee00-4579-9391-81194d8428a3/in_use.lock acquired by nodename 2222@trunk-nightly-20190917-29l5j-2509219610
2019-09-17 06:15:58,387 [pool-149-thread-1] INFO  storage.RaftStorageDirectory (RaftStorageDirectory.java:tryLock(328)) - Lock on /workdir/hadoop-ozone/integration-test/target/test-dir/MiniOzoneClusterImpl-20dced08-aa13-41be-af84-0d1cf5708d98/datanode-3/data/ratis/d77470b2-ee00-4579-9391-81194d8428a3/in_use.lock acquired by nodename 2222@trunk-nightly-20190917-29l5j-2509219610
2019-09-17 06:15:58,411 [pool-169-thread-1] INFO  storage.RaftStorage (RaftStorage.java:format(72)) - Storage directory /workdir/hadoop-ozone/integration-test/target/test-dir/MiniOzoneClusterImpl-20dced08-aa13-41be-af84-0d1cf5708d98/datanode-5/data/ratis/d77470b2-ee00-4579-9391-81194d8428a3 has been successfully formatted.
2019-09-17 06:15:58,412 [pool-149-thread-1] INFO  storage.RaftStorage (RaftStorage.java:format(72)) - Storage directory /workdir/hadoop-ozone/integration-test/target/test-dir/MiniOzoneClusterImpl-20dced08-aa13-41be-af84-0d1cf5708d98/datanode-3/data/ratis/d77470b2-ee00-4579-9391-81194d8428a3 has been successfully formatted.
2019-09-17 06:15:58,412 [pool-169-thread-1] INFO  ratis.ContainerStateMachine (ContainerStateMachine.java:loadSnapshot(230)) - group-81194D8428A3: The snapshot info is null. Setting the last applied indexto:(t:0, i:~)
2019-09-17 06:15:58,412 [pool-179-thread-1] INFO  storage.RaftStorage (RaftStorage.java:format(72)) - Storage directory /workdir/hadoop-ozone/integration-test/target/test-dir/MiniOzoneClusterImpl-20dced08-aa13-41be-af84-0d1cf5708d98/datanode-6/data/ratis/d77470b2-ee00-4579-9391-81194d8428a3 has been successfully formatted.
2019-09-17 06:15:58,412 [pool-149-thread-1] INFO  ratis.ContainerStateMachine (ContainerStateMachine.java:loadSnapshot(230)) - group-81194D8428A3: The snapshot info is null. Setting the last applied indexto:(t:0, i:~)
2019-09-17 06:15:58,412 [pool-169-thread-1] INFO  server.RaftServerConfigKeys (ConfUtils.java:logGet(43)) - raft.server.notification.no-leader.timeout = 120s (custom)
2019-09-17 06:15:58,412 [pool-149-thread-1] INFO  server.RaftServerConfigKeys (ConfUtils.java:logGet(43)) - raft.server.notification.no-leader.timeout = 120s (custom)
2019-09-17 06:15:58,412 [pool-179-thread-1] INFO  ratis.ContainerStateMachine (ContainerStateMachine.java:loadSnapshot(230)) - group-81194D8428A3: The snapshot info is null. Setting the last applied indexto:(t:0, i:~)
2019-09-17 06:15:58,412 [pool-149-thread-1] INFO  server.RaftServerConfigKeys (ConfUtils.java:logGet(43)) - raft.server.log.use.memory = false (default)
2019-09-17 06:15:58,412 [pool-169-thread-1] INFO  server.RaftServerConfigKeys (ConfUtils.java:logGet(43)) - raft.server.log.use.memory = false (default)
2019-09-17 06:15:58,413 [pool-149-thread-1] INFO  server.RaftServerConfigKeys (ConfUtils.java:logGet(43)) - raft.server.log.purge.gap = 1000000 (custom)
2019-09-17 06:15:58,413 [pool-179-thread-1] INFO  server.RaftServerConfigKeys (ConfUtils.java:logGet(43)) - raft.server.notification.no-leader.timeout = 120s (custom)
2019-09-17 06:15:58,413 [pool-149-thread-1] INFO  server.RaftServerConfigKeys (ConfUtils.java:logGet(43)) - raft.server.log.appender.buffer.byte-limit = 33554432 (custom)
2019-09-17 06:15:58,413 [pool-169-thread-1] INFO  server.RaftServerConfigKeys (ConfUtils.java:logGet(43)) - raft.server.log.purge.gap = 1000000 (custom)
2019-09-17 06:15:58,413 [pool-149-thread-1] INFO  server.RaftServerConfigKeys (ConfUtils.java:logGet(43)) - raft.server.log.segment.size.max = 1048576 (custom)
2019-09-17 06:15:58,413 [pool-179-thread-1] INFO  server.RaftServerConfigKeys (ConfUtils.java:logGet(43)) - raft.server.log.use.memory = false (default)
2019-09-17 06:15:58,414 [pool-149-thread-1] INFO  server.RaftServerConfigKeys (ConfUtils.java:logGet(43)) - raft.server.log.segment.cache.num.max = 2 (custom)
2019-09-17 06:15:58,413 [pool-169-thread-1] INFO  server.RaftServerConfigKeys (ConfUtils.java:logGet(43)) - raft.server.log.appender.buffer.byte-limit = 33554432 (custom)
2019-09-17 06:15:58,414 [pool-149-thread-1] INFO  segmented.SegmentedRaftLogWorker (SegmentedRaftLogWorker.java:<init>(172)) - new a9c241ba-7330-43af-b780-2b01a2bccba1@group-81194D8428A3-SegmentedRaftLogWorker for RaftStorage:Storage Directory /workdir/hadoop-ozone/integration-test/target/test-dir/MiniOzoneClusterImpl-20dced08-aa13-41be-af84-0d1cf5708d98/datanode-3/data/ratis/d77470b2-ee00-4579-9391-81194d8428a3
2019-09-17 06:15:58,414 [pool-179-thread-1] INFO  server.RaftServerConfigKeys (ConfUtils.java:logGet(43)) - raft.server.log.purge.gap = 1000000 (custom)
2019-09-17 06:15:58,414 [pool-149-thread-1] INFO  server.RaftServerConfigKeys (ConfUtils.java:logGet(43)) - raft.server.log.queue.byte-limit = 2147483647 (custom)
2019-09-17 06:15:58,414 [pool-169-thread-1] INFO  server.RaftServerConfigKeys (ConfUtils.java:logGet(43)) - raft.server.log.segment.size.max = 1048576 (custom)
2019-09-17 06:15:58,414 [pool-149-thread-1] INFO  server.RaftServerConfigKeys (ConfUtils.java:logGet(43)) - raft.server.log.queue.element-limit = 1024 (custom)
2019-09-17 06:15:58,414 [pool-179-thread-1] INFO  server.RaftServerConfigKeys (ConfUtils.java:logGet(43)) - raft.server.log.appender.buffer.byte-limit = 33554432 (custom)
2019-09-17 06:15:58,415 [pool-149-thread-1] INFO  server.RaftServerConfigKeys (ConfUtils.java:logGet(43)) - raft.server.log.segment.size.max = 1048576 (custom)
2019-09-17 06:15:58,414 [pool-169-thread-1] INFO  server.RaftServerConfigKeys (ConfUtils.java:logGet(43)) - raft.server.log.segment.cache.num.max = 2 (custom)
2019-09-17 06:15:58,415 [pool-149-thread-1] INFO  server.RaftServerConfigKeys (ConfUtils.java:logGet(43)) - raft.server.log.preallocated.size = 16384 (custom)
2019-09-17 06:15:58,415 [pool-149-thread-1] INFO  server.RaftServerConfigKeys (ConfUtils.java:logGet(43)) - raft.server.log.write.buffer.size = 33554432 (custom)
2019-09-17 06:15:58,415 [pool-179-thread-1] INFO  server.RaftServerConfigKeys (ConfUtils.java:logGet(43)) - raft.server.log.segment.size.max = 1048576 (custom)
2019-09-17 06:15:58,415 [pool-149-thread-1] INFO  server.RaftServerConfigKeys (ConfUtils.java:logGet(43)) - raft.server.log.force.sync.num = 128 (default)
2019-09-17 06:15:58,415 [pool-169-thread-1] INFO  segmented.SegmentedRaftLogWorker (SegmentedRaftLogWorker.java:<init>(172)) - new 967c7462-8c27-4f7c-97a1-2e921716fc39@group-81194D8428A3-SegmentedRaftLogWorker for RaftStorage:Storage Directory /workdir/hadoop-ozone/integration-test/target/test-dir/MiniOzoneClusterImpl-20dced08-aa13-41be-af84-0d1cf5708d98/datanode-5/data/ratis/d77470b2-ee00-4579-9391-81194d8428a3
2019-09-17 06:15:58,416 [pool-149-thread-1] INFO  server.RaftServerConfigKeys (ConfUtils.java:logGet(43)) - raft.server.log.statemachine.data.sync = true (default)
2019-09-17 06:15:58,416 [pool-179-thread-1] INFO  server.RaftServerConfigKeys (ConfUtils.java:logGet(43)) - raft.server.log.segment.cache.num.max = 2 (custom)
2019-09-17 06:15:58,416 [pool-149-thread-1] INFO  server.RaftServerConfigKeys (ConfUtils.java:logGet(43)) - raft.server.log.statemachine.data.sync.timeout = 10s (default)
2019-09-17 06:15:58,416 [pool-169-thread-1] INFO  server.RaftServerConfigKeys (ConfUtils.java:logGet(43)) - raft.server.log.queue.byte-limit = 2147483647 (custom)
2019-09-17 06:15:58,416 [pool-149-thread-1] INFO  server.RaftServerConfigKeys (ConfUtils.java:logGet(43)) - raft.server.log.statemachine.data.sync.timeout.retry = -1 (default)
2019-09-17 06:15:58,416 [pool-179-thread-1] INFO  segmented.SegmentedRaftLogWorker (SegmentedRaftLogWorker.java:<init>(172)) - new 00a9c42b-b8e1-4789-b80f-e97d2858a7db@group-81194D8428A3-SegmentedRaftLogWorker for RaftStorage:Storage Directory /workdir/hadoop-ozone/integration-test/target/test-dir/MiniOzoneClusterImpl-20dced08-aa13-41be-af84-0d1cf5708d98/datanode-6/data/ratis/d77470b2-ee00-4579-9391-81194d8428a3
2019-09-17 06:15:58,417 [pool-149-thread-1] INFO  server.RaftServerConfigKeys (ConfUtils.java:logGet(43)) - raft.server.log.statemachine.data.caching.enabled = true (custom)
2019-09-17 06:15:58,416 [pool-169-thread-1] INFO  server.RaftServerConfigKeys (ConfUtils.java:logGet(43)) - raft.server.log.queue.element-limit = 1024 (custom)
2019-09-17 06:15:58,417 [pool-179-thread-1] INFO  server.RaftServerConfigKeys (ConfUtils.java:logGet(43)) - raft.server.log.queue.byte-limit = 2147483647 (custom)
2019-09-17 06:15:58,417 [pool-169-thread-1] INFO  server.RaftServerConfigKeys (ConfUtils.java:logGet(43)) - raft.server.log.segment.size.max = 1048576 (custom)
2019-09-17 06:15:58,417 [pool-149-thread-1] INFO  segmented.SegmentedRaftLogWorker (SegmentedRaftLogWorker.java:lambda$new$0(132)) - a9c241ba-7330-43af-b780-2b01a2bccba1@group-81194D8428A3-SegmentedRaftLogWorker: flushIndex: setUnconditionally 0 -> -1
2019-09-17 06:15:58,417 [pool-169-thread-1] INFO  server.RaftServerConfigKeys (ConfUtils.java:logGet(43)) - raft.server.log.preallocated.size = 16384 (custom)
2019-09-17 06:15:58,417 [pool-179-thread-1] INFO  server.RaftServerConfigKeys (ConfUtils.java:logGet(43)) - raft.server.log.queue.element-limit = 1024 (custom)
2019-09-17 06:15:58,417 [pool-149-thread-1] INFO  server.RaftServerConfigKeys (ConfUtils.java:logGet(43)) - raft.server.snapshot.auto.trigger.enabled = true (custom)
2019-09-17 06:15:58,417 [pool-169-thread-1] INFO  server.RaftServerConfigKeys (ConfUtils.java:logGet(43)) - raft.server.log.write.buffer.size = 33554432 (custom)
2019-09-17 06:15:58,418 [pool-149-thread-1] INFO  server.RaftServerConfigKeys (ConfUtils.java:logGet(43)) - raft.server.snapshot.auto.trigger.threshold = 10000 (custom)
2019-09-17 06:15:58,418 [pool-179-thread-1] INFO  server.RaftServerConfigKeys (ConfUtils.java:logGet(43)) - raft.server.log.segment.size.max = 1048576 (custom)
2019-09-17 06:15:58,418 [pool-149-thread-1] INFO  server.RaftServerConfigKeys (ConfUtils.java:logGet(43)) - raft.server.snapshot.retention.num.files = 5 (custom)
2019-09-17 06:15:58,418 [pool-169-thread-1] INFO  server.RaftServerConfigKeys (ConfUtils.java:logGet(43)) - raft.server.log.force.sync.num = 128 (default)
2019-09-17 06:15:58,418 [pool-149-thread-1] INFO  server.RaftServerConfigKeys (ConfUtils.java:logGet(43)) - raft.server.retrycache.expirytime = 600000ms (custom)
2019-09-17 06:15:58,418 [pool-169-thread-1] INFO  server.RaftServerConfigKeys (ConfUtils.java:logGet(43)) - raft.server.log.statemachine.data.sync = true (default)
2019-09-17 06:15:58,418 [pool-179-thread-1] INFO  server.RaftServerConfigKeys (ConfUtils.java:logGet(43)) - raft.server.log.preallocated.size = 16384 (custom)
2019-09-17 06:15:58,419 [pool-169-thread-1] INFO  server.RaftServerConfigKeys (ConfUtils.java:logGet(43)) - raft.server.log.statemachine.data.sync.timeout = 10s (default)
2019-09-17 06:15:58,419 [pool-179-thread-1] INFO  server.RaftServerConfigKeys (ConfUtils.java:logGet(43)) - raft.server.log.write.buffer.size = 33554432 (custom)
2019-09-17 06:15:58,419 [pool-169-thread-1] INFO  server.RaftServerConfigKeys (ConfUtils.java:logGet(43)) - raft.server.log.statemachine.data.sync.timeout.retry = -1 (default)
2019-09-17 06:15:58,419 [pool-179-thread-1] INFO  server.RaftServerConfigKeys (ConfUtils.java:logGet(43)) - raft.server.log.force.sync.num = 128 (default)
2019-09-17 06:15:58,419 [pool-179-thread-1] INFO  server.RaftServerConfigKeys (ConfUtils.java:logGet(43)) - raft.server.log.statemachine.data.sync = true (default)
2019-09-17 06:15:58,419 [pool-169-thread-1] INFO  server.RaftServerConfigKeys (ConfUtils.java:logGet(43)) - raft.server.log.statemachine.data.caching.enabled = true (custom)
2019-09-17 06:15:58,419 [pool-179-thread-1] INFO  server.RaftServerConfigKeys (ConfUtils.java:logGet(43)) - raft.server.log.statemachine.data.sync.timeout = 10s (default)
2019-09-17 06:15:58,420 [pool-169-thread-1] INFO  segmented.SegmentedRaftLogWorker (SegmentedRaftLogWorker.java:lambda$new$0(132)) - 967c7462-8c27-4f7c-97a1-2e921716fc39@group-81194D8428A3-SegmentedRaftLogWorker: flushIndex: setUnconditionally 0 -> -1
2019-09-17 06:15:58,420 [pool-179-thread-1] INFO  server.RaftServerConfigKeys (ConfUtils.java:logGet(43)) - raft.server.log.statemachine.data.sync.timeout.retry = -1 (default)
2019-09-17 06:15:58,420 [pool-169-thread-1] INFO  server.RaftServerConfigKeys (ConfUtils.java:logGet(43)) - raft.server.snapshot.auto.trigger.enabled = true (custom)
2019-09-17 06:15:58,420 [pool-179-thread-1] INFO  server.RaftServerConfigKeys (ConfUtils.java:logGet(43)) - raft.server.log.statemachine.data.caching.enabled = true (custom)
2019-09-17 06:15:58,420 [pool-169-thread-1] INFO  server.RaftServerConfigKeys (ConfUtils.java:logGet(43)) - raft.server.snapshot.auto.trigger.threshold = 10000 (custom)
2019-09-17 06:15:58,420 [pool-169-thread-1] INFO  server.RaftServerConfigKeys (ConfUtils.java:logGet(43)) - raft.server.snapshot.retention.num.files = 5 (custom)
2019-09-17 06:15:58,420 [pool-179-thread-1] INFO  segmented.SegmentedRaftLogWorker (SegmentedRaftLogWorker.java:lambda$new$0(132)) - 00a9c42b-b8e1-4789-b80f-e97d2858a7db@group-81194D8428A3-SegmentedRaftLogWorker: flushIndex: setUnconditionally 0 -> -1
2019-09-17 06:15:58,420 [pool-169-thread-1] INFO  server.RaftServerConfigKeys (ConfUtils.java:logGet(43)) - raft.server.retrycache.expirytime = 600000ms (custom)
2019-09-17 06:15:58,421 [pool-179-thread-1] INFO  server.RaftServerConfigKeys (ConfUtils.java:logGet(43)) - raft.server.snapshot.auto.trigger.enabled = true (custom)
2019-09-17 06:15:58,421 [pool-179-thread-1] INFO  server.RaftServerConfigKeys (ConfUtils.java:logGet(43)) - raft.server.snapshot.auto.trigger.threshold = 10000 (custom)
2019-09-17 06:15:58,421 [pool-179-thread-1] INFO  server.RaftServerConfigKeys (ConfUtils.java:logGet(43)) - raft.server.snapshot.retention.num.files = 5 (custom)
2019-09-17 06:15:58,421 [pool-179-thread-1] INFO  server.RaftServerConfigKeys (ConfUtils.java:logGet(43)) - raft.server.retrycache.expirytime = 600000ms (custom)
2019-09-17 06:15:58,421 [pool-149-thread-1] INFO  impl.RaftServerImpl (RaftServerImpl.java:start(185)) - a9c241ba-7330-43af-b780-2b01a2bccba1@group-81194D8428A3: start as a follower, conf=-1: [00a9c42b-b8e1-4789-b80f-e97d2858a7db:192.168.69.122:43482, 967c7462-8c27-4f7c-97a1-2e921716fc39:192.168.69.122:46696, a9c241ba-7330-43af-b780-2b01a2bccba1:192.168.69.122:37585], old=null
2019-09-17 06:15:58,421 [pool-149-thread-1] INFO  impl.RaftServerImpl (RaftServerImpl.java:setRole(174)) - a9c241ba-7330-43af-b780-2b01a2bccba1@group-81194D8428A3: changes role from      null to FOLLOWER at term 0 for startAsFollower
2019-09-17 06:15:58,422 [pool-149-thread-1] INFO  impl.RoleInfo (RoleInfo.java:updateAndGet(143)) - a9c241ba-7330-43af-b780-2b01a2bccba1: start FollowerState
2019-09-17 06:15:58,422 [pool-149-thread-1] INFO  util.JmxRegister (JmxRegister.java:tryRegister(44)) - Successfully registered JMX Bean with object name Ratis:service=RaftServer,group=group-81194D8428A3,id=a9c241ba-7330-43af-b780-2b01a2bccba1
2019-09-17 06:15:58,423 [pool-169-thread-1] INFO  impl.RaftServerImpl (RaftServerImpl.java:start(185)) - 967c7462-8c27-4f7c-97a1-2e921716fc39@group-81194D8428A3: start as a follower, conf=-1: [00a9c42b-b8e1-4789-b80f-e97d2858a7db:192.168.69.122:43482, 967c7462-8c27-4f7c-97a1-2e921716fc39:192.168.69.122:46696, a9c241ba-7330-43af-b780-2b01a2bccba1:192.168.69.122:37585], old=null
2019-09-17 06:15:58,423 [pool-169-thread-1] INFO  impl.RaftServerImpl (RaftServerImpl.java:setRole(174)) - 967c7462-8c27-4f7c-97a1-2e921716fc39@group-81194D8428A3: changes role from      null to FOLLOWER at term 0 for startAsFollower
2019-09-17 06:15:58,423 [pool-169-thread-1] INFO  impl.RoleInfo (RoleInfo.java:updateAndGet(143)) - 967c7462-8c27-4f7c-97a1-2e921716fc39: start FollowerState
2019-09-17 06:15:58,423 [pool-169-thread-1] INFO  util.JmxRegister (JmxRegister.java:tryRegister(44)) - Successfully registered JMX Bean with object name Ratis:service=RaftServer,group=group-81194D8428A3,id=967c7462-8c27-4f7c-97a1-2e921716fc39
2019-09-17 06:15:58,424 [pool-179-thread-1] INFO  impl.RaftServerImpl (RaftServerImpl.java:start(185)) - 00a9c42b-b8e1-4789-b80f-e97d2858a7db@group-81194D8428A3: start as a follower, conf=-1: [00a9c42b-b8e1-4789-b80f-e97d2858a7db:192.168.69.122:43482, 967c7462-8c27-4f7c-97a1-2e921716fc39:192.168.69.122:46696, a9c241ba-7330-43af-b780-2b01a2bccba1:192.168.69.122:37585], old=null
2019-09-17 06:15:58,424 [pool-179-thread-1] INFO  impl.RaftServerImpl (RaftServerImpl.java:setRole(174)) - 00a9c42b-b8e1-4789-b80f-e97d2858a7db@group-81194D8428A3: changes role from      null to FOLLOWER at term 0 for startAsFollower
2019-09-17 06:15:58,424 [pool-179-thread-1] INFO  impl.RoleInfo (RoleInfo.java:updateAndGet(143)) - 00a9c42b-b8e1-4789-b80f-e97d2858a7db: start FollowerState
2019-09-17 06:15:58,425 [pool-179-thread-1] INFO  util.JmxRegister (JmxRegister.java:tryRegister(44)) - Successfully registered JMX Bean with object name Ratis:service=RaftServer,group=group-81194D8428A3,id=00a9c42b-b8e1-4789-b80f-e97d2858a7db
2019-09-17 06:15:58,428 [RatisPipelineUtilsThread] INFO  pipeline.PipelineStateManager (PipelineStateManager.java:addPipeline(56)) - Created pipeline Pipeline[ Id: d77470b2-ee00-4579-9391-81194d8428a3, Nodes: 967c7462-8c27-4f7c-97a1-2e921716fc39{ip: 192.168.69.122, host: trunk-nightly-20190917-29l5j-2509219610, networkLocation: /default-rack, certSerialId: null}a9c241ba-7330-43af-b780-2b01a2bccba1{ip: 192.168.69.122, host: trunk-nightly-20190917-29l5j-2509219610, networkLocation: /default-rack, certSerialId: null}00a9c42b-b8e1-4789-b80f-e97d2858a7db{ip: 192.168.69.122, host: trunk-nightly-20190917-29l5j-2509219610, networkLocation: /default-rack, certSerialId: null}, Type:RATIS, Factor:THREE, State:OPEN]
2019-09-17 06:15:59,183 [main] INFO  ozone.MiniOzoneClusterImpl (MiniOzoneClusterImpl.java:lambda$waitForClusterToBeReady$0(145)) - Cluster is ready. Got 7 of 7 DN Heartbeats.
2019-09-17 06:15:59,217 [main] INFO  rpc.RpcClient (RpcClient.java:createVolume(302)) - Creating Volume: testblockoutputstreamwithretries, with jenkins1000 as owner.
2019-09-17 06:15:59,221 [IPC Server handler 1 on 43666] INFO  volume.OMVolumeCreateRequest (OMVolumeCreateRequest.java:validateAndUpdateCache(189)) - created volume:testblockoutputstreamwithretries for user:jenkins1000
2019-09-17 06:15:59,235 [main] INFO  rpc.RpcClient (RpcClient.java:createBucket(441)) - Creating Bucket: testblockoutputstreamwithretries/testblockoutputstreamwithretries, with Versioning false and Storage Type set to DISK and Encryption set to false 
2019-09-17 06:15:59,329 [grpc-default-executor-2] INFO  client.GrpcClientProtocolClient (GrpcClientProtocolClient.java:onNext(264)) - client-3CE7D51E2834->967c7462-8c27-4f7c-97a1-2e921716fc39: receive RaftClientReply:client-3CE7D51E2834->967c7462-8c27-4f7c-97a1-2e921716fc39@group-81194D8428A3, cid=42, FAILED org.apache.ratis.protocol.NotLeaderException: Server 967c7462-8c27-4f7c-97a1-2e921716fc39@group-81194D8428A3 is not the leader, logIndex=0, commits[967c7462-8c27-4f7c-97a1-2e921716fc39:c-1]
2019-09-17 06:16:00,374 [grpc-default-executor-2] INFO  client.GrpcClientProtocolClient (GrpcClientProtocolClient.java:onNext(264)) - client-3CE7D51E2834->00a9c42b-b8e1-4789-b80f-e97d2858a7db: receive RaftClientReply:client-3CE7D51E2834->00a9c42b-b8e1-4789-b80f-e97d2858a7db@group-81194D8428A3, cid=42, FAILED org.apache.ratis.protocol.NotLeaderException: Server 00a9c42b-b8e1-4789-b80f-e97d2858a7db@group-81194D8428A3 is not the leader, logIndex=0, commits[00a9c42b-b8e1-4789-b80f-e97d2858a7db:c-1]
2019-09-17 06:16:00,797 [Thread-734] INFO  container.ReplicationManager (ReplicationManager.java:start(162)) - Starting Replication Monitor Thread.
2019-09-17 06:16:00,801 [ReplicationMonitor] INFO  container.ReplicationManager (ReplicationManager.java:run(225)) - Replication Monitor Thread took 0 milliseconds for processing 3 containers.
2019-09-17 06:16:01,398 [grpc-default-executor-2] INFO  client.GrpcClientProtocolClient (GrpcClientProtocolClient.java:onNext(264)) - client-3CE7D51E2834->a9c241ba-7330-43af-b780-2b01a2bccba1: receive RaftClientReply:client-3CE7D51E2834->a9c241ba-7330-43af-b780-2b01a2bccba1@group-81194D8428A3, cid=42, FAILED org.apache.ratis.protocol.NotLeaderException: Server a9c241ba-7330-43af-b780-2b01a2bccba1@group-81194D8428A3 is not the leader, logIndex=0, commits[a9c241ba-7330-43af-b780-2b01a2bccba1:c-1]
2019-09-17 06:16:02,419 [grpc-default-executor-1] INFO  client.GrpcClientProtocolClient (GrpcClientProtocolClient.java:onNext(264)) - client-3CE7D51E2834->00a9c42b-b8e1-4789-b80f-e97d2858a7db: receive RaftClientReply:client-3CE7D51E2834->00a9c42b-b8e1-4789-b80f-e97d2858a7db@group-81194D8428A3, cid=42, FAILED org.apache.ratis.protocol.NotLeaderException: Server 00a9c42b-b8e1-4789-b80f-e97d2858a7db@group-81194D8428A3 is not the leader, logIndex=0, commits[00a9c42b-b8e1-4789-b80f-e97d2858a7db:c-1]
2019-09-17 06:16:02,961 [Thread-736] INFO  impl.FollowerState (FollowerState.java:run(106)) - 60b9fd43-dfe3-439d-a426-4905ea8c45cc:group-A0107DA47934 changes to CANDIDATE, lastRpcTime:5106, electionTimeout:5106ms
2019-09-17 06:16:02,961 [Thread-736] INFO  impl.RoleInfo (RoleInfo.java:shutdownFollowerState(121)) - 60b9fd43-dfe3-439d-a426-4905ea8c45cc: shutdown FollowerState
2019-09-17 06:16:02,962 [Thread-736] INFO  impl.RaftServerImpl (RaftServerImpl.java:setRole(174)) - 60b9fd43-dfe3-439d-a426-4905ea8c45cc@group-A0107DA47934: changes role from  FOLLOWER to CANDIDATE at term 0 for changeToCandidate
2019-09-17 06:16:02,962 [Thread-736] INFO  impl.RoleInfo (RoleInfo.java:updateAndGet(143)) - 60b9fd43-dfe3-439d-a426-4905ea8c45cc: start LeaderElection
2019-09-17 06:16:03,001 [60b9fd43-dfe3-439d-a426-4905ea8c45cc@group-A0107DA47934:LeaderElection22] INFO  impl.LeaderElection (LeaderElection.java:askForVotes(182)) - 60b9fd43-dfe3-439d-a426-4905ea8c45cc@group-A0107DA47934:LeaderElection22: begin an election at term 1 for -1: [60b9fd43-dfe3-439d-a426-4905ea8c45cc:192.168.69.122:38002], old=null
2019-09-17 06:16:03,001 [60b9fd43-dfe3-439d-a426-4905ea8c45cc@group-A0107DA47934:LeaderElection22] INFO  impl.RoleInfo (RoleInfo.java:shutdownLeaderElection(134)) - 60b9fd43-dfe3-439d-a426-4905ea8c45cc: shutdown LeaderElection
2019-09-17 06:16:03,001 [60b9fd43-dfe3-439d-a426-4905ea8c45cc@group-A0107DA47934:LeaderElection22] INFO  impl.RaftServerImpl (RaftServerImpl.java:setRole(174)) - 60b9fd43-dfe3-439d-a426-4905ea8c45cc@group-A0107DA47934: changes role from CANDIDATE to LEADER at term 1 for changeToLeader
2019-09-17 06:16:03,001 [60b9fd43-dfe3-439d-a426-4905ea8c45cc@group-A0107DA47934:LeaderElection22] INFO  impl.RaftServerImpl (ServerState.java:setLeader(253)) - 60b9fd43-dfe3-439d-a426-4905ea8c45cc@group-A0107DA47934: change Leader from null to 60b9fd43-dfe3-439d-a426-4905ea8c45cc at term 1 for becomeLeader, leader elected after 5159ms
2019-09-17 06:16:03,004 [60b9fd43-dfe3-439d-a426-4905ea8c45cc@group-A0107DA47934:LeaderElection22] INFO  server.RaftServerConfigKeys (ConfUtils.java:logGet(43)) - raft.server.staging.catchup.gap = 1000 (default)
2019-09-17 06:16:03,005 [60b9fd43-dfe3-439d-a426-4905ea8c45cc@group-A0107DA47934:LeaderElection22] INFO  server.RaftServerConfigKeys (ConfUtils.java:logGet(43)) - raft.server.rpc.sleep.time = 25ms (default)
2019-09-17 06:16:03,005 [60b9fd43-dfe3-439d-a426-4905ea8c45cc@group-A0107DA47934:LeaderElection22] INFO  server.RaftServerConfigKeys (ConfUtils.java:logGet(43)) - raft.server.write.element-limit = 4096 (default)
2019-09-17 06:16:03,005 [60b9fd43-dfe3-439d-a426-4905ea8c45cc@group-A0107DA47934:LeaderElection22] INFO  server.RaftServerConfigKeys (ConfUtils.java:logGet(43)) - raft.server.watch.timeout = 10s (default)
2019-09-17 06:16:03,005 [60b9fd43-dfe3-439d-a426-4905ea8c45cc@group-A0107DA47934:LeaderElection22] INFO  server.RaftServerConfigKeys (ConfUtils.java:logGet(43)) - raft.server.watch.timeout.denomination = 1s (default)
2019-09-17 06:16:03,006 [60b9fd43-dfe3-439d-a426-4905ea8c45cc@group-A0107DA47934:LeaderElection22] INFO  server.RaftServerConfigKeys (ConfUtils.java:logGet(43)) - raft.server.watch.element-limit = 65536 (default)
2019-09-17 06:16:03,009 [60b9fd43-dfe3-439d-a426-4905ea8c45cc@group-A0107DA47934:LeaderElection22] INFO  impl.RoleInfo (RoleInfo.java:updateAndGet(143)) - 60b9fd43-dfe3-439d-a426-4905ea8c45cc: start LeaderState
2019-09-17 06:16:03,010 [60b9fd43-dfe3-439d-a426-4905ea8c45cc@group-A0107DA47934:LeaderElection22] INFO  segmented.SegmentedRaftLogWorker (SegmentedRaftLogWorker.java:startLogSegment(380)) - 60b9fd43-dfe3-439d-a426-4905ea8c45cc@group-A0107DA47934-SegmentedRaftLogWorker: Starting segment from index:0
2019-09-17 06:16:03,011 [60b9fd43-dfe3-439d-a426-4905ea8c45cc@group-A0107DA47934:LeaderElection22] INFO  impl.RaftServerImpl (ServerState.java:setRaftConf(354)) - 60b9fd43-dfe3-439d-a426-4905ea8c45cc@group-A0107DA47934: set configuration 0: [60b9fd43-dfe3-439d-a426-4905ea8c45cc:192.168.69.122:38002], old=null at 0
2019-09-17 06:16:03,046 [Thread-739] INFO  impl.FollowerState (FollowerState.java:run(106)) - be3471fd-5ec3-4a32-92cd-b8d21dd0df7a:group-E3E888283239 changes to CANDIDATE, lastRpcTime:5140, electionTimeout:5127ms
2019-09-17 06:16:03,047 [Thread-739] INFO  impl.RoleInfo (RoleInfo.java:shutdownFollowerState(121)) - be3471fd-5ec3-4a32-92cd-b8d21dd0df7a: shutdown FollowerState
2019-09-17 06:16:03,047 [Thread-739] INFO  impl.RaftServerImpl (RaftServerImpl.java:setRole(174)) - be3471fd-5ec3-4a32-92cd-b8d21dd0df7a@group-E3E888283239: changes role from  FOLLOWER to CANDIDATE at term 0 for changeToCandidate
2019-09-17 06:16:03,047 [Thread-739] INFO  impl.RoleInfo (RoleInfo.java:updateAndGet(143)) - be3471fd-5ec3-4a32-92cd-b8d21dd0df7a: start LeaderElection
2019-09-17 06:16:03,059 [60b9fd43-dfe3-439d-a426-4905ea8c45cc@group-A0107DA47934-SegmentedRaftLogWorker] INFO  segmented.SegmentedRaftLogWorker (SegmentedRaftLogWorker.java:execute(569)) - 60b9fd43-dfe3-439d-a426-4905ea8c45cc@group-A0107DA47934-SegmentedRaftLogWorker: created new log segment /workdir/hadoop-ozone/integration-test/target/test-dir/MiniOzoneClusterImpl-20dced08-aa13-41be-af84-0d1cf5708d98/datanode-0/data/ratis/a3720b6a-8525-4258-9d61-a0107da47934/current/log_inprogress_0
2019-09-17 06:16:03,059 [be3471fd-5ec3-4a32-92cd-b8d21dd0df7a@group-E3E888283239:LeaderElection23] INFO  impl.LeaderElection (LeaderElection.java:askForVotes(182)) - be3471fd-5ec3-4a32-92cd-b8d21dd0df7a@group-E3E888283239:LeaderElection23: begin an election at term 1 for -1: [be3471fd-5ec3-4a32-92cd-b8d21dd0df7a:192.168.69.122:33444], old=null
2019-09-17 06:16:03,059 [be3471fd-5ec3-4a32-92cd-b8d21dd0df7a@group-E3E888283239:LeaderElection23] INFO  impl.RoleInfo (RoleInfo.java:shutdownLeaderElection(134)) - be3471fd-5ec3-4a32-92cd-b8d21dd0df7a: shutdown LeaderElection
2019-09-17 06:16:03,059 [be3471fd-5ec3-4a32-92cd-b8d21dd0df7a@group-E3E888283239:LeaderElection23] INFO  impl.RaftServerImpl (RaftServerImpl.java:setRole(174)) - be3471fd-5ec3-4a32-92cd-b8d21dd0df7a@group-E3E888283239: changes role from CANDIDATE to LEADER at term 1 for changeToLeader
2019-09-17 06:16:03,060 [be3471fd-5ec3-4a32-92cd-b8d21dd0df7a@group-E3E888283239:LeaderElection23] INFO  impl.RaftServerImpl (ServerState.java:setLeader(253)) - be3471fd-5ec3-4a32-92cd-b8d21dd0df7a@group-E3E888283239: change Leader from null to be3471fd-5ec3-4a32-92cd-b8d21dd0df7a at term 1 for becomeLeader, leader elected after 5163ms
2019-09-17 06:16:03,062 [be3471fd-5ec3-4a32-92cd-b8d21dd0df7a@group-E3E888283239:LeaderElection23] INFO  server.RaftServerConfigKeys (ConfUtils.java:logGet(43)) - raft.server.staging.catchup.gap = 1000 (default)
2019-09-17 06:16:03,062 [be3471fd-5ec3-4a32-92cd-b8d21dd0df7a@group-E3E888283239:LeaderElection23] INFO  server.RaftServerConfigKeys (ConfUtils.java:logGet(43)) - raft.server.rpc.sleep.time = 25ms (default)
2019-09-17 06:16:03,062 [be3471fd-5ec3-4a32-92cd-b8d21dd0df7a@group-E3E888283239:LeaderElection23] INFO  server.RaftServerConfigKeys (ConfUtils.java:logGet(43)) - raft.server.write.element-limit = 4096 (default)
2019-09-17 06:16:03,063 [be3471fd-5ec3-4a32-92cd-b8d21dd0df7a@group-E3E888283239:LeaderElection23] INFO  server.RaftServerConfigKeys (ConfUtils.java:logGet(43)) - raft.server.watch.timeout = 10s (default)
2019-09-17 06:16:03,063 [be3471fd-5ec3-4a32-92cd-b8d21dd0df7a@group-E3E888283239:LeaderElection23] INFO  server.RaftServerConfigKeys (ConfUtils.java:logGet(43)) - raft.server.watch.timeout.denomination = 1s (default)
2019-09-17 06:16:03,063 [be3471fd-5ec3-4a32-92cd-b8d21dd0df7a@group-E3E888283239:LeaderElection23] INFO  server.RaftServerConfigKeys (ConfUtils.java:logGet(43)) - raft.server.watch.element-limit = 65536 (default)
2019-09-17 06:16:03,066 [be3471fd-5ec3-4a32-92cd-b8d21dd0df7a@group-E3E888283239:LeaderElection23] INFO  impl.RoleInfo (RoleInfo.java:updateAndGet(143)) - be3471fd-5ec3-4a32-92cd-b8d21dd0df7a: start LeaderState
2019-09-17 06:16:03,066 [be3471fd-5ec3-4a32-92cd-b8d21dd0df7a@group-E3E888283239:LeaderElection23] INFO  segmented.SegmentedRaftLogWorker (SegmentedRaftLogWorker.java:startLogSegment(380)) - be3471fd-5ec3-4a32-92cd-b8d21dd0df7a@group-E3E888283239-SegmentedRaftLogWorker: Starting segment from index:0
2019-09-17 06:16:03,067 [be3471fd-5ec3-4a32-92cd-b8d21dd0df7a@group-E3E888283239:LeaderElection23] INFO  impl.RaftServerImpl (ServerState.java:setRaftConf(354)) - be3471fd-5ec3-4a32-92cd-b8d21dd0df7a@group-E3E888283239: set configuration 0: [be3471fd-5ec3-4a32-92cd-b8d21dd0df7a:192.168.69.122:33444], old=null at 0
2019-09-17 06:16:03,109 [be3471fd-5ec3-4a32-92cd-b8d21dd0df7a@group-E3E888283239-SegmentedRaftLogWorker] INFO  segmented.SegmentedRaftLogWorker (SegmentedRaftLogWorker.java:execute(569)) - be3471fd-5ec3-4a32-92cd-b8d21dd0df7a@group-E3E888283239-SegmentedRaftLogWorker: created new log segment /workdir/hadoop-ozone/integration-test/target/test-dir/MiniOzoneClusterImpl-20dced08-aa13-41be-af84-0d1cf5708d98/datanode-1/data/ratis/1410949f-dd75-4a83-a412-e3e888283239/current/log_inprogress_0
2019-09-17 06:16:03,119 [Thread-749] INFO  impl.FollowerState (FollowerState.java:run(106)) - 60b9fd43-dfe3-439d-a426-4905ea8c45cc:group-77EFCECFE653 changes to CANDIDATE, lastRpcTime:5035, electionTimeout:5035ms
2019-09-17 06:16:03,119 [Thread-749] INFO  impl.RoleInfo (RoleInfo.java:shutdownFollowerState(121)) - 60b9fd43-dfe3-439d-a426-4905ea8c45cc: shutdown FollowerState
2019-09-17 06:16:03,119 [Thread-749] INFO  impl.RaftServerImpl (RaftServerImpl.java:setRole(174)) - 60b9fd43-dfe3-439d-a426-4905ea8c45cc@group-77EFCECFE653: changes role from  FOLLOWER to CANDIDATE at term 0 for changeToCandidate
2019-09-17 06:16:03,119 [Thread-749] INFO  impl.RoleInfo (RoleInfo.java:updateAndGet(143)) - 60b9fd43-dfe3-439d-a426-4905ea8c45cc: start LeaderElection
2019-09-17 06:16:03,127 [Thread-751] INFO  impl.FollowerState (FollowerState.java:run(106)) - be3471fd-5ec3-4a32-92cd-b8d21dd0df7a:group-77EFCECFE653 changes to CANDIDATE, lastRpcTime:5042, electionTimeout:5042ms
2019-09-17 06:16:03,127 [Thread-751] INFO  impl.RoleInfo (RoleInfo.java:shutdownFollowerState(121)) - be3471fd-5ec3-4a32-92cd-b8d21dd0df7a: shutdown FollowerState
2019-09-17 06:16:03,127 [Thread-751] INFO  impl.RaftServerImpl (RaftServerImpl.java:setRole(174)) - be3471fd-5ec3-4a32-92cd-b8d21dd0df7a@group-77EFCECFE653: changes role from  FOLLOWER to CANDIDATE at term 0 for changeToCandidate
2019-09-17 06:16:03,128 [Thread-751] INFO  impl.RoleInfo (RoleInfo.java:updateAndGet(143)) - be3471fd-5ec3-4a32-92cd-b8d21dd0df7a: start LeaderElection
2019-09-17 06:16:03,144 [60b9fd43-dfe3-439d-a426-4905ea8c45cc@group-77EFCECFE653:LeaderElection24] INFO  impl.LeaderElection (LeaderElection.java:askForVotes(182)) - 60b9fd43-dfe3-439d-a426-4905ea8c45cc@group-77EFCECFE653:LeaderElection24: begin an election at term 1 for -1: [be3471fd-5ec3-4a32-92cd-b8d21dd0df7a:192.168.69.122:33444, d7c22a7b-346b-4d39-b7ce-c816ec26da0f:192.168.69.122:37000, 60b9fd43-dfe3-439d-a426-4905ea8c45cc:192.168.69.122:38002], old=null
2019-09-17 06:16:03,150 [Thread-742] INFO  impl.FollowerState (FollowerState.java:run(106)) - d7c22a7b-346b-4d39-b7ce-c816ec26da0f:group-D84494500B6C changes to CANDIDATE, lastRpcTime:5179, electionTimeout:5179ms
2019-09-17 06:16:03,150 [Thread-742] INFO  impl.RoleInfo (RoleInfo.java:shutdownFollowerState(121)) - d7c22a7b-346b-4d39-b7ce-c816ec26da0f: shutdown FollowerState
2019-09-17 06:16:03,150 [Thread-742] INFO  impl.RaftServerImpl (RaftServerImpl.java:setRole(174)) - d7c22a7b-346b-4d39-b7ce-c816ec26da0f@group-D84494500B6C: changes role from  FOLLOWER to CANDIDATE at term 0 for changeToCandidate
2019-09-17 06:16:03,150 [Thread-742] INFO  impl.RoleInfo (RoleInfo.java:updateAndGet(143)) - d7c22a7b-346b-4d39-b7ce-c816ec26da0f: start LeaderElection
2019-09-17 06:16:03,156 [be3471fd-5ec3-4a32-92cd-b8d21dd0df7a@group-77EFCECFE653:LeaderElection25] INFO  impl.LeaderElection (LeaderElection.java:askForVotes(182)) - be3471fd-5ec3-4a32-92cd-b8d21dd0df7a@group-77EFCECFE653:LeaderElection25: begin an election at term 1 for -1: [be3471fd-5ec3-4a32-92cd-b8d21dd0df7a:192.168.69.122:33444, d7c22a7b-346b-4d39-b7ce-c816ec26da0f:192.168.69.122:37000, 60b9fd43-dfe3-439d-a426-4905ea8c45cc:192.168.69.122:38002], old=null
2019-09-17 06:16:03,160 [grpc-default-executor-2] INFO  impl.RaftServerImpl (RaftServerImpl.java:setRole(174)) - d7c22a7b-346b-4d39-b7ce-c816ec26da0f@group-77EFCECFE653: changes role from  FOLLOWER to FOLLOWER at term 1 for recognizeCandidate:60b9fd43-dfe3-439d-a426-4905ea8c45cc
2019-09-17 06:16:03,161 [grpc-default-executor-2] INFO  impl.RoleInfo (RoleInfo.java:shutdownFollowerState(121)) - d7c22a7b-346b-4d39-b7ce-c816ec26da0f: shutdown FollowerState
2019-09-17 06:16:03,161 [grpc-default-executor-2] INFO  impl.RoleInfo (RoleInfo.java:updateAndGet(143)) - d7c22a7b-346b-4d39-b7ce-c816ec26da0f: start FollowerState
2019-09-17 06:16:03,161 [Thread-747] INFO  impl.FollowerState (FollowerState.java:run(115)) - d7c22a7b-346b-4d39-b7ce-c816ec26da0f: FollowerState was interrupted: java.lang.InterruptedException: sleep interrupted
2019-09-17 06:16:03,173 [d7c22a7b-346b-4d39-b7ce-c816ec26da0f@group-D84494500B6C:LeaderElection26] INFO  impl.LeaderElection (LeaderElection.java:askForVotes(182)) - d7c22a7b-346b-4d39-b7ce-c816ec26da0f@group-D84494500B6C:LeaderElection26: begin an election at term 1 for -1: [d7c22a7b-346b-4d39-b7ce-c816ec26da0f:192.168.69.122:37000], old=null
2019-09-17 06:16:03,175 [d7c22a7b-346b-4d39-b7ce-c816ec26da0f@group-D84494500B6C:LeaderElection26] INFO  impl.RoleInfo (RoleInfo.java:shutdownLeaderElection(134)) - d7c22a7b-346b-4d39-b7ce-c816ec26da0f: shutdown LeaderElection
2019-09-17 06:16:03,175 [d7c22a7b-346b-4d39-b7ce-c816ec26da0f@group-D84494500B6C:LeaderElection26] INFO  impl.RaftServerImpl (RaftServerImpl.java:setRole(174)) - d7c22a7b-346b-4d39-b7ce-c816ec26da0f@group-D84494500B6C: changes role from CANDIDATE to LEADER at term 1 for changeToLeader
2019-09-17 06:16:03,175 [d7c22a7b-346b-4d39-b7ce-c816ec26da0f@group-D84494500B6C:LeaderElection26] INFO  impl.RaftServerImpl (ServerState.java:setLeader(253)) - d7c22a7b-346b-4d39-b7ce-c816ec26da0f@group-D84494500B6C: change Leader from null to d7c22a7b-346b-4d39-b7ce-c816ec26da0f at term 1 for becomeLeader, leader elected after 5214ms
2019-09-17 06:16:03,178 [d7c22a7b-346b-4d39-b7ce-c816ec26da0f@group-D84494500B6C:LeaderElection26] INFO  server.RaftServerConfigKeys (ConfUtils.java:logGet(43)) - raft.server.staging.catchup.gap = 1000 (default)
2019-09-17 06:16:03,178 [d7c22a7b-346b-4d39-b7ce-c816ec26da0f@group-D84494500B6C:LeaderElection26] INFO  server.RaftServerConfigKeys (ConfUtils.java:logGet(43)) - raft.server.rpc.sleep.time = 25ms (default)
2019-09-17 06:16:03,178 [d7c22a7b-346b-4d39-b7ce-c816ec26da0f@group-D84494500B6C:LeaderElection26] INFO  server.RaftServerConfigKeys (ConfUtils.java:logGet(43)) - raft.server.write.element-limit = 4096 (default)
2019-09-17 06:16:03,178 [d7c22a7b-346b-4d39-b7ce-c816ec26da0f@group-D84494500B6C:LeaderElection26] INFO  server.RaftServerConfigKeys (ConfUtils.java:logGet(43)) - raft.server.watch.timeout = 10s (default)
2019-09-17 06:16:03,178 [d7c22a7b-346b-4d39-b7ce-c816ec26da0f@group-D84494500B6C:LeaderElection26] INFO  server.RaftServerConfigKeys (ConfUtils.java:logGet(43)) - raft.server.watch.timeout.denomination = 1s (default)
2019-09-17 06:16:03,179 [be3471fd-5ec3-4a32-92cd-b8d21dd0df7a@group-77EFCECFE653:LeaderElection25] INFO  impl.LeaderElection (LeaderElection.java:logAndReturn(56)) - be3471fd-5ec3-4a32-92cd-b8d21dd0df7a@group-77EFCECFE653:LeaderElection25: Election REJECTED; received 2 response(s) [be3471fd-5ec3-4a32-92cd-b8d21dd0df7a<-d7c22a7b-346b-4d39-b7ce-c816ec26da0f#0:FAIL-t1, be3471fd-5ec3-4a32-92cd-b8d21dd0df7a<-60b9fd43-dfe3-439d-a426-4905ea8c45cc#0:FAIL-t1] and 0 exception(s); be3471fd-5ec3-4a32-92cd-b8d21dd0df7a@group-77EFCECFE653:t1, leader=null, voted=be3471fd-5ec3-4a32-92cd-b8d21dd0df7a, raftlog=be3471fd-5ec3-4a32-92cd-b8d21dd0df7a@group-77EFCECFE653-SegmentedRaftLog:OPENED:c-1,f-1,i0, conf=-1: [be3471fd-5ec3-4a32-92cd-b8d21dd0df7a:192.168.69.122:33444, d7c22a7b-346b-4d39-b7ce-c816ec26da0f:192.168.69.122:37000, 60b9fd43-dfe3-439d-a426-4905ea8c45cc:192.168.69.122:38002], old=null
2019-09-17 06:16:03,179 [d7c22a7b-346b-4d39-b7ce-c816ec26da0f@group-D84494500B6C:LeaderElection26] INFO  server.RaftServerConfigKeys (ConfUtils.java:logGet(43)) - raft.server.watch.element-limit = 65536 (default)
2019-09-17 06:16:03,179 [be3471fd-5ec3-4a32-92cd-b8d21dd0df7a@group-77EFCECFE653:LeaderElection25] INFO  impl.RaftServerImpl (RaftServerImpl.java:setRole(174)) - be3471fd-5ec3-4a32-92cd-b8d21dd0df7a@group-77EFCECFE653: changes role from CANDIDATE to FOLLOWER at term 1 for DISCOVERED_A_NEW_TERM
2019-09-17 06:16:03,179 [60b9fd43-dfe3-439d-a426-4905ea8c45cc@group-77EFCECFE653:LeaderElection24] INFO  impl.LeaderElection (LeaderElection.java:logAndReturn(56)) - 60b9fd43-dfe3-439d-a426-4905ea8c45cc@group-77EFCECFE653:LeaderElection24: Election PASSED; received 2 response(s) [60b9fd43-dfe3-439d-a426-4905ea8c45cc<-be3471fd-5ec3-4a32-92cd-b8d21dd0df7a#0:FAIL-t1, 60b9fd43-dfe3-439d-a426-4905ea8c45cc<-d7c22a7b-346b-4d39-b7ce-c816ec26da0f#0:OK-t1] and 0 exception(s); 60b9fd43-dfe3-439d-a426-4905ea8c45cc@group-77EFCECFE653:t1, leader=null, voted=60b9fd43-dfe3-439d-a426-4905ea8c45cc, raftlog=60b9fd43-dfe3-439d-a426-4905ea8c45cc@group-77EFCECFE653-SegmentedRaftLog:OPENED:c-1,f-1,i0, conf=-1: [be3471fd-5ec3-4a32-92cd-b8d21dd0df7a:192.168.69.122:33444, d7c22a7b-346b-4d39-b7ce-c816ec26da0f:192.168.69.122:37000, 60b9fd43-dfe3-439d-a426-4905ea8c45cc:192.168.69.122:38002], old=null
2019-09-17 06:16:03,181 [be3471fd-5ec3-4a32-92cd-b8d21dd0df7a@group-77EFCECFE653:LeaderElection25] INFO  impl.RoleInfo (RoleInfo.java:shutdownLeaderElection(134)) - be3471fd-5ec3-4a32-92cd-b8d21dd0df7a: shutdown LeaderElection
2019-09-17 06:16:03,181 [60b9fd43-dfe3-439d-a426-4905ea8c45cc@group-77EFCECFE653:LeaderElection24] INFO  impl.RoleInfo (RoleInfo.java:shutdownLeaderElection(134)) - 60b9fd43-dfe3-439d-a426-4905ea8c45cc: shutdown LeaderElection
2019-09-17 06:16:03,184 [be3471fd-5ec3-4a32-92cd-b8d21dd0df7a@group-77EFCECFE653:LeaderElection25] INFO  impl.RoleInfo (RoleInfo.java:updateAndGet(143)) - be3471fd-5ec3-4a32-92cd-b8d21dd0df7a: start FollowerState
2019-09-17 06:16:03,184 [60b9fd43-dfe3-439d-a426-4905ea8c45cc@group-77EFCECFE653:LeaderElection24] INFO  impl.RaftServerImpl (RaftServerImpl.java:setRole(174)) - 60b9fd43-dfe3-439d-a426-4905ea8c45cc@group-77EFCECFE653: changes role from CANDIDATE to LEADER at term 1 for changeToLeader
2019-09-17 06:16:03,184 [60b9fd43-dfe3-439d-a426-4905ea8c45cc@group-77EFCECFE653:LeaderElection24] INFO  impl.RaftServerImpl (ServerState.java:setLeader(253)) - 60b9fd43-dfe3-439d-a426-4905ea8c45cc@group-77EFCECFE653: change Leader from null to 60b9fd43-dfe3-439d-a426-4905ea8c45cc at term 1 for becomeLeader, leader elected after 5135ms
2019-09-17 06:16:03,184 [60b9fd43-dfe3-439d-a426-4905ea8c45cc@group-77EFCECFE653:LeaderElection24] INFO  server.RaftServerConfigKeys (ConfUtils.java:logGet(43)) - raft.server.staging.catchup.gap = 1000 (default)
2019-09-17 06:16:03,184 [60b9fd43-dfe3-439d-a426-4905ea8c45cc@group-77EFCECFE653:LeaderElection24] INFO  server.RaftServerConfigKeys (ConfUtils.java:logGet(43)) - raft.server.rpc.sleep.time = 25ms (default)
2019-09-17 06:16:03,185 [60b9fd43-dfe3-439d-a426-4905ea8c45cc@group-77EFCECFE653:LeaderElection24] INFO  server.RaftServerConfigKeys (ConfUtils.java:logGet(43)) - raft.server.write.element-limit = 4096 (default)
2019-09-17 06:16:03,185 [60b9fd43-dfe3-439d-a426-4905ea8c45cc@group-77EFCECFE653:LeaderElection24] INFO  server.RaftServerConfigKeys (ConfUtils.java:logGet(43)) - raft.server.watch.timeout = 10s (default)
2019-09-17 06:16:03,185 [60b9fd43-dfe3-439d-a426-4905ea8c45cc@group-77EFCECFE653:LeaderElection24] INFO  server.RaftServerConfigKeys (ConfUtils.java:logGet(43)) - raft.server.watch.timeout.denomination = 1s (default)
2019-09-17 06:16:03,185 [60b9fd43-dfe3-439d-a426-4905ea8c45cc@group-77EFCECFE653:LeaderElection24] INFO  server.RaftServerConfigKeys (ConfUtils.java:logGet(43)) - raft.server.watch.element-limit = 65536 (default)
2019-09-17 06:16:03,186 [d7c22a7b-346b-4d39-b7ce-c816ec26da0f@group-D84494500B6C:LeaderElection26] INFO  impl.RoleInfo (RoleInfo.java:updateAndGet(143)) - d7c22a7b-346b-4d39-b7ce-c816ec26da0f: start LeaderState
2019-09-17 06:16:03,186 [d7c22a7b-346b-4d39-b7ce-c816ec26da0f@group-D84494500B6C:LeaderElection26] INFO  segmented.SegmentedRaftLogWorker (SegmentedRaftLogWorker.java:startLogSegment(380)) - d7c22a7b-346b-4d39-b7ce-c816ec26da0f@group-D84494500B6C-SegmentedRaftLogWorker: Starting segment from index:0
2019-09-17 06:16:03,187 [d7c22a7b-346b-4d39-b7ce-c816ec26da0f@group-D84494500B6C:LeaderElection26] INFO  impl.RaftServerImpl (ServerState.java:setRaftConf(354)) - d7c22a7b-346b-4d39-b7ce-c816ec26da0f@group-D84494500B6C: set configuration 0: [d7c22a7b-346b-4d39-b7ce-c816ec26da0f:192.168.69.122:37000], old=null at 0
2019-09-17 06:16:03,224 [60b9fd43-dfe3-439d-a426-4905ea8c45cc@group-77EFCECFE653:LeaderElection24] INFO  server.RaftServerConfigKeys (ConfUtils.java:logGet(43)) - raft.server.log.appender.snapshot.chunk.size.max = 16MB (=16777216) (default)
2019-09-17 06:16:03,224 [60b9fd43-dfe3-439d-a426-4905ea8c45cc@group-77EFCECFE653:LeaderElection24] INFO  server.RaftServerConfigKeys (ConfUtils.java:logGet(43)) - raft.server.log.appender.buffer.byte-limit = 33554432 (custom)
2019-09-17 06:16:03,224 [60b9fd43-dfe3-439d-a426-4905ea8c45cc@group-77EFCECFE653:LeaderElection24] INFO  server.RaftServerConfigKeys (ConfUtils.java:logGet(43)) - raft.server.log.appender.buffer.element-limit = 1 (custom)
2019-09-17 06:16:03,225 [60b9fd43-dfe3-439d-a426-4905ea8c45cc@group-77EFCECFE653:LeaderElection24] INFO  grpc.GrpcConfigKeys$Server (ConfUtils.java:logGet(43)) - raft.grpc.server.leader.outstanding.appends.max = 128 (default)
2019-09-17 06:16:03,225 [60b9fd43-dfe3-439d-a426-4905ea8c45cc@group-77EFCECFE653:LeaderElection24] INFO  server.RaftServerConfigKeys (ConfUtils.java:logGet(43)) - raft.server.rpc.request.timeout = 3000ms (default)
2019-09-17 06:16:03,225 [60b9fd43-dfe3-439d-a426-4905ea8c45cc@group-77EFCECFE653:LeaderElection24] INFO  server.RaftServerConfigKeys (ConfUtils.java:logGet(43)) - raft.server.log.appender.install.snapshot.enabled = false (custom)
2019-09-17 06:16:03,226 [60b9fd43-dfe3-439d-a426-4905ea8c45cc@group-77EFCECFE653:LeaderElection24] INFO  server.RaftServerConfigKeys (ConfUtils.java:logGet(43)) - raft.server.log.appender.snapshot.chunk.size.max = 16MB (=16777216) (default)
2019-09-17 06:16:03,226 [60b9fd43-dfe3-439d-a426-4905ea8c45cc@group-77EFCECFE653:LeaderElection24] INFO  server.RaftServerConfigKeys (ConfUtils.java:logGet(43)) - raft.server.log.appender.buffer.byte-limit = 33554432 (custom)
2019-09-17 06:16:03,226 [60b9fd43-dfe3-439d-a426-4905ea8c45cc@group-77EFCECFE653:LeaderElection24] INFO  server.RaftServerConfigKeys (ConfUtils.java:logGet(43)) - raft.server.log.appender.buffer.element-limit = 1 (custom)
2019-09-17 06:16:03,226 [60b9fd43-dfe3-439d-a426-4905ea8c45cc@group-77EFCECFE653:LeaderElection24] INFO  grpc.GrpcConfigKeys$Server (ConfUtils.java:logGet(43)) - raft.grpc.server.leader.outstanding.appends.max = 128 (default)
2019-09-17 06:16:03,227 [60b9fd43-dfe3-439d-a426-4905ea8c45cc@group-77EFCECFE653:LeaderElection24] INFO  server.RaftServerConfigKeys (ConfUtils.java:logGet(43)) - raft.server.rpc.request.timeout = 3000ms (default)
2019-09-17 06:16:03,227 [60b9fd43-dfe3-439d-a426-4905ea8c45cc@group-77EFCECFE653:LeaderElection24] INFO  server.RaftServerConfigKeys (ConfUtils.java:logGet(43)) - raft.server.log.appender.install.snapshot.enabled = false (custom)
2019-09-17 06:16:03,227 [60b9fd43-dfe3-439d-a426-4905ea8c45cc@group-77EFCECFE653:LeaderElection24] INFO  impl.RoleInfo (RoleInfo.java:updateAndGet(143)) - 60b9fd43-dfe3-439d-a426-4905ea8c45cc: start LeaderState
2019-09-17 06:16:03,227 [60b9fd43-dfe3-439d-a426-4905ea8c45cc@group-77EFCECFE653:LeaderElection24] INFO  segmented.SegmentedRaftLogWorker (SegmentedRaftLogWorker.java:startLogSegment(380)) - 60b9fd43-dfe3-439d-a426-4905ea8c45cc@group-77EFCECFE653-SegmentedRaftLogWorker: Starting segment from index:0
2019-09-17 06:16:03,228 [60b9fd43-dfe3-439d-a426-4905ea8c45cc@group-77EFCECFE653:LeaderElection24] INFO  impl.RaftServerImpl (ServerState.java:setRaftConf(354)) - 60b9fd43-dfe3-439d-a426-4905ea8c45cc@group-77EFCECFE653: set configuration 0: [be3471fd-5ec3-4a32-92cd-b8d21dd0df7a:192.168.69.122:33444, d7c22a7b-346b-4d39-b7ce-c816ec26da0f:192.168.69.122:37000, 60b9fd43-dfe3-439d-a426-4905ea8c45cc:192.168.69.122:38002], old=null at 0
2019-09-17 06:16:03,272 [d7c22a7b-346b-4d39-b7ce-c816ec26da0f@group-D84494500B6C-SegmentedRaftLogWorker] INFO  segmented.SegmentedRaftLogWorker (SegmentedRaftLogWorker.java:execute(569)) - d7c22a7b-346b-4d39-b7ce-c816ec26da0f@group-D84494500B6C-SegmentedRaftLogWorker: created new log segment /workdir/hadoop-ozone/integration-test/target/test-dir/MiniOzoneClusterImpl-20dced08-aa13-41be-af84-0d1cf5708d98/datanode-2/data/ratis/282b7689-5f63-4a36-a2af-d84494500b6c/current/log_inprogress_0
2019-09-17 06:16:03,274 [grpc-default-executor-1] INFO  impl.RaftServerImpl (ServerState.java:setLeader(253)) - be3471fd-5ec3-4a32-92cd-b8d21dd0df7a@group-77EFCECFE653: change Leader from null to 60b9fd43-dfe3-439d-a426-4905ea8c45cc at term 1 for appendEntries, leader elected after 5225ms
2019-09-17 06:16:03,274 [grpc-default-executor-2] INFO  impl.RaftServerImpl (ServerState.java:setLeader(253)) - d7c22a7b-346b-4d39-b7ce-c816ec26da0f@group-77EFCECFE653: change Leader from null to 60b9fd43-dfe3-439d-a426-4905ea8c45cc at term 1 for appendEntries, leader elected after 5226ms
2019-09-17 06:16:03,279 [grpc-default-executor-1] INFO  impl.RaftServerImpl (ServerState.java:setRaftConf(354)) - be3471fd-5ec3-4a32-92cd-b8d21dd0df7a@group-77EFCECFE653: set configuration 0: [be3471fd-5ec3-4a32-92cd-b8d21dd0df7a:192.168.69.122:33444, d7c22a7b-346b-4d39-b7ce-c816ec26da0f:192.168.69.122:37000, 60b9fd43-dfe3-439d-a426-4905ea8c45cc:192.168.69.122:38002], old=null at 0
2019-09-17 06:16:03,279 [grpc-default-executor-2] INFO  impl.RaftServerImpl (ServerState.java:setRaftConf(354)) - d7c22a7b-346b-4d39-b7ce-c816ec26da0f@group-77EFCECFE653: set configuration 0: [be3471fd-5ec3-4a32-92cd-b8d21dd0df7a:192.168.69.122:33444, d7c22a7b-346b-4d39-b7ce-c816ec26da0f:192.168.69.122:37000, 60b9fd43-dfe3-439d-a426-4905ea8c45cc:192.168.69.122:38002], old=null at 0
2019-09-17 06:16:03,279 [grpc-default-executor-1] INFO  segmented.SegmentedRaftLogWorker (SegmentedRaftLogWorker.java:startLogSegment(380)) - be3471fd-5ec3-4a32-92cd-b8d21dd0df7a@group-77EFCECFE653-SegmentedRaftLogWorker: Starting segment from index:0
2019-09-17 06:16:03,279 [grpc-default-executor-2] INFO  segmented.SegmentedRaftLogWorker (SegmentedRaftLogWorker.java:startLogSegment(380)) - d7c22a7b-346b-4d39-b7ce-c816ec26da0f@group-77EFCECFE653-SegmentedRaftLogWorker: Starting segment from index:0
2019-09-17 06:16:03,286 [60b9fd43-dfe3-439d-a426-4905ea8c45cc@group-77EFCECFE653-SegmentedRaftLogWorker] INFO  segmented.SegmentedRaftLogWorker (SegmentedRaftLogWorker.java:execute(569)) - 60b9fd43-dfe3-439d-a426-4905ea8c45cc@group-77EFCECFE653-SegmentedRaftLogWorker: created new log segment /workdir/hadoop-ozone/integration-test/target/test-dir/MiniOzoneClusterImpl-20dced08-aa13-41be-af84-0d1cf5708d98/datanode-0/data/ratis/e41fa684-3809-41bc-b327-77efcecfe653/current/log_inprogress_0
2019-09-17 06:16:03,302 [Thread-757] INFO  impl.FollowerState (FollowerState.java:run(106)) - a9c241ba-7330-43af-b780-2b01a2bccba1:group-4208DC040E8B changes to CANDIDATE, lastRpcTime:5077, electionTimeout:5077ms
2019-09-17 06:16:03,302 [Thread-757] INFO  impl.RoleInfo (RoleInfo.java:shutdownFollowerState(121)) - a9c241ba-7330-43af-b780-2b01a2bccba1: shutdown FollowerState
2019-09-17 06:16:03,303 [Thread-757] INFO  impl.RaftServerImpl (RaftServerImpl.java:setRole(174)) - a9c241ba-7330-43af-b780-2b01a2bccba1@group-4208DC040E8B: changes role from  FOLLOWER to CANDIDATE at term 0 for changeToCandidate
2019-09-17 06:16:03,303 [Thread-757] INFO  impl.RoleInfo (RoleInfo.java:updateAndGet(143)) - a9c241ba-7330-43af-b780-2b01a2bccba1: start LeaderElection
2019-09-17 06:16:03,350 [d7c22a7b-346b-4d39-b7ce-c816ec26da0f@group-77EFCECFE653-SegmentedRaftLogWorker] INFO  segmented.SegmentedRaftLogWorker (SegmentedRaftLogWorker.java:execute(569)) - d7c22a7b-346b-4d39-b7ce-c816ec26da0f@group-77EFCECFE653-SegmentedRaftLogWorker: created new log segment /workdir/hadoop-ozone/integration-test/target/test-dir/MiniOzoneClusterImpl-20dced08-aa13-41be-af84-0d1cf5708d98/datanode-2/data/ratis/e41fa684-3809-41bc-b327-77efcecfe653/current/log_inprogress_0
2019-09-17 06:16:03,350 [a9c241ba-7330-43af-b780-2b01a2bccba1@group-4208DC040E8B:LeaderElection27] INFO  impl.LeaderElection (LeaderElection.java:askForVotes(182)) - a9c241ba-7330-43af-b780-2b01a2bccba1@group-4208DC040E8B:LeaderElection27: begin an election at term 1 for -1: [a9c241ba-7330-43af-b780-2b01a2bccba1:192.168.69.122:37585], old=null
2019-09-17 06:16:03,350 [be3471fd-5ec3-4a32-92cd-b8d21dd0df7a@group-77EFCECFE653-SegmentedRaftLogWorker] INFO  segmented.SegmentedRaftLogWorker (SegmentedRaftLogWorker.java:execute(569)) - be3471fd-5ec3-4a32-92cd-b8d21dd0df7a@group-77EFCECFE653-SegmentedRaftLogWorker: created new log segment /workdir/hadoop-ozone/integration-test/target/test-dir/MiniOzoneClusterImpl-20dced08-aa13-41be-af84-0d1cf5708d98/datanode-1/data/ratis/e41fa684-3809-41bc-b327-77efcecfe653/current/log_inprogress_0
2019-09-17 06:16:03,350 [a9c241ba-7330-43af-b780-2b01a2bccba1@group-4208DC040E8B:LeaderElection27] INFO  impl.RoleInfo (RoleInfo.java:shutdownLeaderElection(134)) - a9c241ba-7330-43af-b780-2b01a2bccba1: shutdown LeaderElection
2019-09-17 06:16:03,350 [a9c241ba-7330-43af-b780-2b01a2bccba1@group-4208DC040E8B:LeaderElection27] INFO  impl.RaftServerImpl (RaftServerImpl.java:setRole(174)) - a9c241ba-7330-43af-b780-2b01a2bccba1@group-4208DC040E8B: changes role from CANDIDATE to LEADER at term 1 for changeToLeader
2019-09-17 06:16:03,351 [a9c241ba-7330-43af-b780-2b01a2bccba1@group-4208DC040E8B:LeaderElection27] INFO  impl.RaftServerImpl (ServerState.java:setLeader(253)) - a9c241ba-7330-43af-b780-2b01a2bccba1@group-4208DC040E8B: change Leader from null to a9c241ba-7330-43af-b780-2b01a2bccba1 at term 1 for becomeLeader, leader elected after 5133ms
2019-09-17 06:16:03,353 [a9c241ba-7330-43af-b780-2b01a2bccba1@group-4208DC040E8B:LeaderElection27] INFO  server.RaftServerConfigKeys (ConfUtils.java:logGet(43)) - raft.server.staging.catchup.gap = 1000 (default)
2019-09-17 06:16:03,353 [a9c241ba-7330-43af-b780-2b01a2bccba1@group-4208DC040E8B:LeaderElection27] INFO  server.RaftServerConfigKeys (ConfUtils.java:logGet(43)) - raft.server.rpc.sleep.time = 25ms (default)
2019-09-17 06:16:03,354 [a9c241ba-7330-43af-b780-2b01a2bccba1@group-4208DC040E8B:LeaderElection27] INFO  server.RaftServerConfigKeys (ConfUtils.java:logGet(43)) - raft.server.write.element-limit = 4096 (default)
2019-09-17 06:16:03,354 [a9c241ba-7330-43af-b780-2b01a2bccba1@group-4208DC040E8B:LeaderElection27] INFO  server.RaftServerConfigKeys (ConfUtils.java:logGet(43)) - raft.server.watch.timeout = 10s (default)
2019-09-17 06:16:03,354 [a9c241ba-7330-43af-b780-2b01a2bccba1@group-4208DC040E8B:LeaderElection27] INFO  server.RaftServerConfigKeys (ConfUtils.java:logGet(43)) - raft.server.watch.timeout.denomination = 1s (default)
2019-09-17 06:16:03,354 [a9c241ba-7330-43af-b780-2b01a2bccba1@group-4208DC040E8B:LeaderElection27] INFO  server.RaftServerConfigKeys (ConfUtils.java:logGet(43)) - raft.server.watch.element-limit = 65536 (default)
2019-09-17 06:16:03,358 [a9c241ba-7330-43af-b780-2b01a2bccba1@group-4208DC040E8B:LeaderElection27] INFO  impl.RoleInfo (RoleInfo.java:updateAndGet(143)) - a9c241ba-7330-43af-b780-2b01a2bccba1: start LeaderState
2019-09-17 06:16:03,358 [a9c241ba-7330-43af-b780-2b01a2bccba1@group-4208DC040E8B:LeaderElection27] INFO  segmented.SegmentedRaftLogWorker (SegmentedRaftLogWorker.java:startLogSegment(380)) - a9c241ba-7330-43af-b780-2b01a2bccba1@group-4208DC040E8B-SegmentedRaftLogWorker: Starting segment from index:0
2019-09-17 06:16:03,359 [a9c241ba-7330-43af-b780-2b01a2bccba1@group-4208DC040E8B:LeaderElection27] INFO  impl.RaftServerImpl (ServerState.java:setRaftConf(354)) - a9c241ba-7330-43af-b780-2b01a2bccba1@group-4208DC040E8B: set configuration 0: [a9c241ba-7330-43af-b780-2b01a2bccba1:192.168.69.122:37585], old=null at 0
2019-09-17 06:16:03,400 [Thread-763] INFO  impl.FollowerState (FollowerState.java:run(106)) - f34b9ced-9b49-4611-b86d-99421916706b:group-8A0EEB56B882 changes to CANDIDATE, lastRpcTime:5062, electionTimeout:5028ms
2019-09-17 06:16:03,401 [Thread-754] INFO  impl.FollowerState (FollowerState.java:run(106)) - 967c7462-8c27-4f7c-97a1-2e921716fc39:group-572CF5EB4EA5 changes to CANDIDATE, lastRpcTime:5225, electionTimeout:5188ms
2019-09-17 06:16:03,401 [Thread-763] INFO  impl.RoleInfo (RoleInfo.java:shutdownFollowerState(121)) - f34b9ced-9b49-4611-b86d-99421916706b: shutdown FollowerState
2019-09-17 06:16:03,401 [Thread-754] INFO  impl.RoleInfo (RoleInfo.java:shutdownFollowerState(121)) - 967c7462-8c27-4f7c-97a1-2e921716fc39: shutdown FollowerState
2019-09-17 06:16:03,401 [Thread-763] INFO  impl.RaftServerImpl (RaftServerImpl.java:setRole(174)) - f34b9ced-9b49-4611-b86d-99421916706b@group-8A0EEB56B882: changes role from  FOLLOWER to CANDIDATE at term 0 for changeToCandidate
2019-09-17 06:16:03,401 [Thread-754] INFO  impl.RaftServerImpl (RaftServerImpl.java:setRole(174)) - 967c7462-8c27-4f7c-97a1-2e921716fc39@group-572CF5EB4EA5: changes role from  FOLLOWER to CANDIDATE at term 0 for changeToCandidate
2019-09-17 06:16:03,401 [Thread-763] INFO  impl.RoleInfo (RoleInfo.java:updateAndGet(143)) - f34b9ced-9b49-4611-b86d-99421916706b: start LeaderElection
2019-09-17 06:16:03,402 [Thread-754] INFO  impl.RoleInfo (RoleInfo.java:updateAndGet(143)) - 967c7462-8c27-4f7c-97a1-2e921716fc39: start LeaderElection
2019-09-17 06:16:03,425 [a9c241ba-7330-43af-b780-2b01a2bccba1@group-4208DC040E8B-SegmentedRaftLogWorker] INFO  segmented.SegmentedRaftLogWorker (SegmentedRaftLogWorker.java:execute(569)) - a9c241ba-7330-43af-b780-2b01a2bccba1@group-4208DC040E8B-SegmentedRaftLogWorker: created new log segment /workdir/hadoop-ozone/integration-test/target/test-dir/MiniOzoneClusterImpl-20dced08-aa13-41be-af84-0d1cf5708d98/datanode-3/data/ratis/ec8f38cc-2722-4145-b2b7-4208dc040e8b/current/log_inprogress_0
2019-09-17 06:16:03,439 [967c7462-8c27-4f7c-97a1-2e921716fc39@group-572CF5EB4EA5:LeaderElection29] INFO  impl.LeaderElection (LeaderElection.java:askForVotes(182)) - 967c7462-8c27-4f7c-97a1-2e921716fc39@group-572CF5EB4EA5:LeaderElection29: begin an election at term 1 for -1: [967c7462-8c27-4f7c-97a1-2e921716fc39:192.168.69.122:46696], old=null
2019-09-17 06:16:03,439 [f34b9ced-9b49-4611-b86d-99421916706b@group-8A0EEB56B882:LeaderElection28] INFO  impl.LeaderElection (LeaderElection.java:askForVotes(182)) - f34b9ced-9b49-4611-b86d-99421916706b@group-8A0EEB56B882:LeaderElection28: begin an election at term 1 for -1: [f34b9ced-9b49-4611-b86d-99421916706b:192.168.69.122:45901], old=null
2019-09-17 06:16:03,439 [967c7462-8c27-4f7c-97a1-2e921716fc39@group-572CF5EB4EA5:LeaderElection29] INFO  impl.RoleInfo (RoleInfo.java:shutdownLeaderElection(134)) - 967c7462-8c27-4f7c-97a1-2e921716fc39: shutdown LeaderElection
2019-09-17 06:16:03,439 [f34b9ced-9b49-4611-b86d-99421916706b@group-8A0EEB56B882:LeaderElection28] INFO  impl.RoleInfo (RoleInfo.java:shutdownLeaderElection(134)) - f34b9ced-9b49-4611-b86d-99421916706b: shutdown LeaderElection
2019-09-17 06:16:03,439 [967c7462-8c27-4f7c-97a1-2e921716fc39@group-572CF5EB4EA5:LeaderElection29] INFO  impl.RaftServerImpl (RaftServerImpl.java:setRole(174)) - 967c7462-8c27-4f7c-97a1-2e921716fc39@group-572CF5EB4EA5: changes role from CANDIDATE to LEADER at term 1 for changeToLeader
2019-09-17 06:16:03,440 [f34b9ced-9b49-4611-b86d-99421916706b@group-8A0EEB56B882:LeaderElection28] INFO  impl.RaftServerImpl (RaftServerImpl.java:setRole(174)) - f34b9ced-9b49-4611-b86d-99421916706b@group-8A0EEB56B882: changes role from CANDIDATE to LEADER at term 1 for changeToLeader
2019-09-17 06:16:03,440 [grpc-default-executor-2] INFO  client.GrpcClientProtocolClient (GrpcClientProtocolClient.java:onNext(264)) - client-3CE7D51E2834->967c7462-8c27-4f7c-97a1-2e921716fc39: receive RaftClientReply:client-3CE7D51E2834->967c7462-8c27-4f7c-97a1-2e921716fc39@group-81194D8428A3, cid=42, FAILED org.apache.ratis.protocol.NotLeaderException: Server 967c7462-8c27-4f7c-97a1-2e921716fc39@group-81194D8428A3 is not the leader, logIndex=0, commits[967c7462-8c27-4f7c-97a1-2e921716fc39:c-1]
2019-09-17 06:16:03,440 [967c7462-8c27-4f7c-97a1-2e921716fc39@group-572CF5EB4EA5:LeaderElection29] INFO  impl.RaftServerImpl (ServerState.java:setLeader(253)) - 967c7462-8c27-4f7c-97a1-2e921716fc39@group-572CF5EB4EA5: change Leader from null to 967c7462-8c27-4f7c-97a1-2e921716fc39 at term 1 for becomeLeader, leader elected after 5273ms
2019-09-17 06:16:03,440 [f34b9ced-9b49-4611-b86d-99421916706b@group-8A0EEB56B882:LeaderElection28] INFO  impl.RaftServerImpl (ServerState.java:setLeader(253)) - f34b9ced-9b49-4611-b86d-99421916706b@group-8A0EEB56B882: change Leader from null to f34b9ced-9b49-4611-b86d-99421916706b at term 1 for becomeLeader, leader elected after 5113ms
2019-09-17 06:16:03,454 [967c7462-8c27-4f7c-97a1-2e921716fc39@group-572CF5EB4EA5:LeaderElection29] INFO  server.RaftServerConfigKeys (ConfUtils.java:logGet(43)) - raft.server.staging.catchup.gap = 1000 (default)
2019-09-17 06:16:03,456 [f34b9ced-9b49-4611-b86d-99421916706b@group-8A0EEB56B882:LeaderElection28] INFO  server.RaftServerConfigKeys (ConfUtils.java:logGet(43)) - raft.server.staging.catchup.gap = 1000 (default)
2019-09-17 06:16:03,459 [967c7462-8c27-4f7c-97a1-2e921716fc39@group-572CF5EB4EA5:LeaderElection29] INFO  server.RaftServerConfigKeys (ConfUtils.java:logGet(43)) - raft.server.rpc.sleep.time = 25ms (default)
2019-09-17 06:16:03,459 [f34b9ced-9b49-4611-b86d-99421916706b@group-8A0EEB56B882:LeaderElection28] INFO  server.RaftServerConfigKeys (ConfUtils.java:logGet(43)) - raft.server.rpc.sleep.time = 25ms (default)
2019-09-17 06:16:03,459 [967c7462-8c27-4f7c-97a1-2e921716fc39@group-572CF5EB4EA5:LeaderElection29] INFO  server.RaftServerConfigKeys (ConfUtils.java:logGet(43)) - raft.server.write.element-limit = 4096 (default)
2019-09-17 06:16:03,460 [f34b9ced-9b49-4611-b86d-99421916706b@group-8A0EEB56B882:LeaderElection28] INFO  server.RaftServerConfigKeys (ConfUtils.java:logGet(43)) - raft.server.write.element-limit = 4096 (default)
2019-09-17 06:16:03,460 [967c7462-8c27-4f7c-97a1-2e921716fc39@group-572CF5EB4EA5:LeaderElection29] INFO  server.RaftServerConfigKeys (ConfUtils.java:logGet(43)) - raft.server.watch.timeout = 10s (default)
2019-09-17 06:16:03,460 [f34b9ced-9b49-4611-b86d-99421916706b@group-8A0EEB56B882:LeaderElection28] INFO  server.RaftServerConfigKeys (ConfUtils.java:logGet(43)) - raft.server.watch.timeout = 10s (default)
2019-09-17 06:16:03,460 [967c7462-8c27-4f7c-97a1-2e921716fc39@group-572CF5EB4EA5:LeaderElection29] INFO  server.RaftServerConfigKeys (ConfUtils.java:logGet(43)) - raft.server.watch.timeout.denomination = 1s (default)
2019-09-17 06:16:03,460 [f34b9ced-9b49-4611-b86d-99421916706b@group-8A0EEB56B882:LeaderElection28] INFO  server.RaftServerConfigKeys (ConfUtils.java:logGet(43)) - raft.server.watch.timeout.denomination = 1s (default)
2019-09-17 06:16:03,461 [967c7462-8c27-4f7c-97a1-2e921716fc39@group-572CF5EB4EA5:LeaderElection29] INFO  server.RaftServerConfigKeys (ConfUtils.java:logGet(43)) - raft.server.watch.element-limit = 65536 (default)
2019-09-17 06:16:03,461 [f34b9ced-9b49-4611-b86d-99421916706b@group-8A0EEB56B882:LeaderElection28] INFO  server.RaftServerConfigKeys (ConfUtils.java:logGet(43)) - raft.server.watch.element-limit = 65536 (default)
2019-09-17 06:16:03,464 [Thread-760] INFO  impl.FollowerState (FollowerState.java:run(106)) - 00a9c42b-b8e1-4789-b80f-e97d2858a7db:group-0B5D6A3CB5BF changes to CANDIDATE, lastRpcTime:5181, electionTimeout:5181ms
2019-09-17 06:16:03,464 [Thread-760] INFO  impl.RoleInfo (RoleInfo.java:shutdownFollowerState(121)) - 00a9c42b-b8e1-4789-b80f-e97d2858a7db: shutdown FollowerState
2019-09-17 06:16:03,464 [Thread-760] INFO  impl.RaftServerImpl (RaftServerImpl.java:setRole(174)) - 00a9c42b-b8e1-4789-b80f-e97d2858a7db@group-0B5D6A3CB5BF: changes role from  FOLLOWER to CANDIDATE at term 0 for changeToCandidate
2019-09-17 06:16:03,464 [967c7462-8c27-4f7c-97a1-2e921716fc39@group-572CF5EB4EA5:LeaderElection29] INFO  impl.RoleInfo (RoleInfo.java:updateAndGet(143)) - 967c7462-8c27-4f7c-97a1-2e921716fc39: start LeaderState
2019-09-17 06:16:03,465 [Thread-760] INFO  impl.RoleInfo (RoleInfo.java:updateAndGet(143)) - 00a9c42b-b8e1-4789-b80f-e97d2858a7db: start LeaderElection
2019-09-17 06:16:03,465 [967c7462-8c27-4f7c-97a1-2e921716fc39@group-572CF5EB4EA5:LeaderElection29] INFO  segmented.SegmentedRaftLogWorker (SegmentedRaftLogWorker.java:startLogSegment(380)) - 967c7462-8c27-4f7c-97a1-2e921716fc39@group-572CF5EB4EA5-SegmentedRaftLogWorker: Starting segment from index:0
2019-09-17 06:16:03,468 [967c7462-8c27-4f7c-97a1-2e921716fc39@group-572CF5EB4EA5:LeaderElection29] INFO  impl.RaftServerImpl (ServerState.java:setRaftConf(354)) - 967c7462-8c27-4f7c-97a1-2e921716fc39@group-572CF5EB4EA5: set configuration 0: [967c7462-8c27-4f7c-97a1-2e921716fc39:192.168.69.122:46696], old=null at 0
2019-09-17 06:16:03,512 [Thread-770] INFO  impl.FollowerState (FollowerState.java:run(106)) - 967c7462-8c27-4f7c-97a1-2e921716fc39:group-81194D8428A3 changes to CANDIDATE, lastRpcTime:5088, electionTimeout:5048ms
2019-09-17 06:16:03,512 [Thread-770] INFO  impl.RoleInfo (RoleInfo.java:shutdownFollowerState(121)) - 967c7462-8c27-4f7c-97a1-2e921716fc39: shutdown FollowerState
2019-09-17 06:16:03,512 [Thread-770] INFO  impl.RaftServerImpl (RaftServerImpl.java:setRole(174)) - 967c7462-8c27-4f7c-97a1-2e921716fc39@group-81194D8428A3: changes role from  FOLLOWER to CANDIDATE at term 0 for changeToCandidate
2019-09-17 06:16:03,513 [Thread-770] INFO  impl.RoleInfo (RoleInfo.java:updateAndGet(143)) - 967c7462-8c27-4f7c-97a1-2e921716fc39: start LeaderElection
2019-09-17 06:16:03,515 [f34b9ced-9b49-4611-b86d-99421916706b@group-8A0EEB56B882:LeaderElection28] INFO  impl.RoleInfo (RoleInfo.java:updateAndGet(143)) - f34b9ced-9b49-4611-b86d-99421916706b: start LeaderState
2019-09-17 06:16:03,516 [f34b9ced-9b49-4611-b86d-99421916706b@group-8A0EEB56B882:LeaderElection28] INFO  segmented.SegmentedRaftLogWorker (SegmentedRaftLogWorker.java:startLogSegment(380)) - f34b9ced-9b49-4611-b86d-99421916706b@group-8A0EEB56B882-SegmentedRaftLogWorker: Starting segment from index:0
2019-09-17 06:16:03,517 [f34b9ced-9b49-4611-b86d-99421916706b@group-8A0EEB56B882:LeaderElection28] INFO  impl.RaftServerImpl (ServerState.java:setRaftConf(354)) - f34b9ced-9b49-4611-b86d-99421916706b@group-8A0EEB56B882: set configuration 0: [f34b9ced-9b49-4611-b86d-99421916706b:192.168.69.122:45901], old=null at 0
2019-09-17 06:16:03,557 [Thread-772] INFO  impl.FollowerState (FollowerState.java:run(106)) - 00a9c42b-b8e1-4789-b80f-e97d2858a7db:group-81194D8428A3 changes to CANDIDATE, lastRpcTime:5132, electionTimeout:5116ms
2019-09-17 06:16:03,557 [967c7462-8c27-4f7c-97a1-2e921716fc39@group-572CF5EB4EA5-SegmentedRaftLogWorker] INFO  segmented.SegmentedRaftLogWorker (SegmentedRaftLogWorker.java:execute(569)) - 967c7462-8c27-4f7c-97a1-2e921716fc39@group-572CF5EB4EA5-SegmentedRaftLogWorker: created new log segment /workdir/hadoop-ozone/integration-test/target/test-dir/MiniOzoneClusterImpl-20dced08-aa13-41be-af84-0d1cf5708d98/datanode-5/data/ratis/8086d050-1821-4962-a87d-572cf5eb4ea5/current/log_inprogress_0
2019-09-17 06:16:03,557 [967c7462-8c27-4f7c-97a1-2e921716fc39@group-81194D8428A3:LeaderElection31] INFO  impl.LeaderElection (LeaderElection.java:askForVotes(182)) - 967c7462-8c27-4f7c-97a1-2e921716fc39@group-81194D8428A3:LeaderElection31: begin an election at term 1 for -1: [00a9c42b-b8e1-4789-b80f-e97d2858a7db:192.168.69.122:43482, 967c7462-8c27-4f7c-97a1-2e921716fc39:192.168.69.122:46696, a9c241ba-7330-43af-b780-2b01a2bccba1:192.168.69.122:37585], old=null
2019-09-17 06:16:03,557 [00a9c42b-b8e1-4789-b80f-e97d2858a7db@group-0B5D6A3CB5BF:LeaderElection30] INFO  impl.LeaderElection (LeaderElection.java:askForVotes(182)) - 00a9c42b-b8e1-4789-b80f-e97d2858a7db@group-0B5D6A3CB5BF:LeaderElection30: begin an election at term 1 for -1: [00a9c42b-b8e1-4789-b80f-e97d2858a7db:192.168.69.122:43482], old=null
2019-09-17 06:16:03,557 [Thread-772] INFO  impl.RoleInfo (RoleInfo.java:shutdownFollowerState(121)) - 00a9c42b-b8e1-4789-b80f-e97d2858a7db: shutdown FollowerState
2019-09-17 06:16:03,558 [00a9c42b-b8e1-4789-b80f-e97d2858a7db@group-0B5D6A3CB5BF:LeaderElection30] INFO  impl.RoleInfo (RoleInfo.java:shutdownLeaderElection(134)) - 00a9c42b-b8e1-4789-b80f-e97d2858a7db: shutdown LeaderElection
2019-09-17 06:16:03,558 [Thread-772] INFO  impl.RaftServerImpl (RaftServerImpl.java:setRole(174)) - 00a9c42b-b8e1-4789-b80f-e97d2858a7db@group-81194D8428A3: changes role from  FOLLOWER to CANDIDATE at term 0 for changeToCandidate
2019-09-17 06:16:03,558 [00a9c42b-b8e1-4789-b80f-e97d2858a7db@group-0B5D6A3CB5BF:LeaderElection30] INFO  impl.RaftServerImpl (RaftServerImpl.java:setRole(174)) - 00a9c42b-b8e1-4789-b80f-e97d2858a7db@group-0B5D6A3CB5BF: changes role from CANDIDATE to LEADER at term 1 for changeToLeader
2019-09-17 06:16:03,558 [Thread-772] INFO  impl.RoleInfo (RoleInfo.java:updateAndGet(143)) - 00a9c42b-b8e1-4789-b80f-e97d2858a7db: start LeaderElection
2019-09-17 06:16:03,558 [00a9c42b-b8e1-4789-b80f-e97d2858a7db@group-0B5D6A3CB5BF:LeaderElection30] INFO  impl.RaftServerImpl (ServerState.java:setLeader(253)) - 00a9c42b-b8e1-4789-b80f-e97d2858a7db@group-0B5D6A3CB5BF: change Leader from null to 00a9c42b-b8e1-4789-b80f-e97d2858a7db at term 1 for becomeLeader, leader elected after 5286ms
2019-09-17 06:16:03,571 [00a9c42b-b8e1-4789-b80f-e97d2858a7db@group-0B5D6A3CB5BF:LeaderElection30] INFO  server.RaftServerConfigKeys (ConfUtils.java:logGet(43)) - raft.server.staging.catchup.gap = 1000 (default)
2019-09-17 06:16:03,571 [f34b9ced-9b49-4611-b86d-99421916706b@group-8A0EEB56B882-SegmentedRaftLogWorker] INFO  segmented.SegmentedRaftLogWorker (SegmentedRaftLogWorker.java:execute(569)) - f34b9ced-9b49-4611-b86d-99421916706b@group-8A0EEB56B882-SegmentedRaftLogWorker: created new log segment /workdir/hadoop-ozone/integration-test/target/test-dir/MiniOzoneClusterImpl-20dced08-aa13-41be-af84-0d1cf5708d98/datanode-4/data/ratis/79e1f332-28e9-42c6-88cb-8a0eeb56b882/current/log_inprogress_0
2019-09-17 06:16:03,579 [00a9c42b-b8e1-4789-b80f-e97d2858a7db@group-0B5D6A3CB5BF:LeaderElection30] INFO  server.RaftServerConfigKeys (ConfUtils.java:logGet(43)) - raft.server.rpc.sleep.time = 25ms (default)
2019-09-17 06:16:03,580 [00a9c42b-b8e1-4789-b80f-e97d2858a7db@group-0B5D6A3CB5BF:LeaderElection30] INFO  server.RaftServerConfigKeys (ConfUtils.java:logGet(43)) - raft.server.write.element-limit = 4096 (default)
2019-09-17 06:16:03,580 [00a9c42b-b8e1-4789-b80f-e97d2858a7db@group-0B5D6A3CB5BF:LeaderElection30] INFO  server.RaftServerConfigKeys (ConfUtils.java:logGet(43)) - raft.server.watch.timeout = 10s (default)
2019-09-17 06:16:03,580 [00a9c42b-b8e1-4789-b80f-e97d2858a7db@group-0B5D6A3CB5BF:LeaderElection30] INFO  server.RaftServerConfigKeys (ConfUtils.java:logGet(43)) - raft.server.watch.timeout.denomination = 1s (default)
2019-09-17 06:16:03,581 [00a9c42b-b8e1-4789-b80f-e97d2858a7db@group-0B5D6A3CB5BF:LeaderElection30] INFO  server.RaftServerConfigKeys (ConfUtils.java:logGet(43)) - raft.server.watch.element-limit = 65536 (default)
2019-09-17 06:16:03,584 [00a9c42b-b8e1-4789-b80f-e97d2858a7db@group-0B5D6A3CB5BF:LeaderElection30] INFO  impl.RoleInfo (RoleInfo.java:updateAndGet(143)) - 00a9c42b-b8e1-4789-b80f-e97d2858a7db: start LeaderState
2019-09-17 06:16:03,585 [00a9c42b-b8e1-4789-b80f-e97d2858a7db@group-0B5D6A3CB5BF:LeaderElection30] INFO  segmented.SegmentedRaftLogWorker (SegmentedRaftLogWorker.java:startLogSegment(380)) - 00a9c42b-b8e1-4789-b80f-e97d2858a7db@group-0B5D6A3CB5BF-SegmentedRaftLogWorker: Starting segment from index:0
2019-09-17 06:16:03,585 [grpc-default-executor-1] INFO  impl.RaftServerImpl (RaftServerImpl.java:setRole(174)) - a9c241ba-7330-43af-b780-2b01a2bccba1@group-81194D8428A3: changes role from  FOLLOWER to FOLLOWER at term 1 for recognizeCandidate:967c7462-8c27-4f7c-97a1-2e921716fc39
2019-09-17 06:16:03,585 [00a9c42b-b8e1-4789-b80f-e97d2858a7db@group-0B5D6A3CB5BF:LeaderElection30] INFO  impl.RaftServerImpl (ServerState.java:setRaftConf(354)) - 00a9c42b-b8e1-4789-b80f-e97d2858a7db@group-0B5D6A3CB5BF: set configuration 0: [00a9c42b-b8e1-4789-b80f-e97d2858a7db:192.168.69.122:43482], old=null at 0
2019-09-17 06:16:03,585 [grpc-default-executor-1] INFO  impl.RoleInfo (RoleInfo.java:shutdownFollowerState(121)) - a9c241ba-7330-43af-b780-2b01a2bccba1: shutdown FollowerState
2019-09-17 06:16:03,623 [00a9c42b-b8e1-4789-b80f-e97d2858a7db@group-81194D8428A3:LeaderElection32] INFO  impl.LeaderElection (LeaderElection.java:askForVotes(182)) - 00a9c42b-b8e1-4789-b80f-e97d2858a7db@group-81194D8428A3:LeaderElection32: begin an election at term 1 for -1: [00a9c42b-b8e1-4789-b80f-e97d2858a7db:192.168.69.122:43482, 967c7462-8c27-4f7c-97a1-2e921716fc39:192.168.69.122:46696, a9c241ba-7330-43af-b780-2b01a2bccba1:192.168.69.122:37585], old=null
2019-09-17 06:16:03,623 [grpc-default-executor-1] INFO  impl.RoleInfo (RoleInfo.java:updateAndGet(143)) - a9c241ba-7330-43af-b780-2b01a2bccba1: start FollowerState
2019-09-17 06:16:03,645 [00a9c42b-b8e1-4789-b80f-e97d2858a7db@group-0B5D6A3CB5BF-SegmentedRaftLogWorker] INFO  segmented.SegmentedRaftLogWorker (SegmentedRaftLogWorker.java:execute(569)) - 00a9c42b-b8e1-4789-b80f-e97d2858a7db@group-0B5D6A3CB5BF-SegmentedRaftLogWorker: created new log segment /workdir/hadoop-ozone/integration-test/target/test-dir/MiniOzoneClusterImpl-20dced08-aa13-41be-af84-0d1cf5708d98/datanode-6/data/ratis/5bee0bac-ab15-48cc-af38-0b5d6a3cb5bf/current/log_inprogress_0
2019-09-17 06:16:03,649 [967c7462-8c27-4f7c-97a1-2e921716fc39@group-81194D8428A3:LeaderElection31] INFO  impl.LeaderElection (LeaderElection.java:logAndReturn(56)) - 967c7462-8c27-4f7c-97a1-2e921716fc39@group-81194D8428A3:LeaderElection31: Election PASSED; received 2 response(s) [967c7462-8c27-4f7c-97a1-2e921716fc39<-00a9c42b-b8e1-4789-b80f-e97d2858a7db#0:FAIL-t1, 967c7462-8c27-4f7c-97a1-2e921716fc39<-a9c241ba-7330-43af-b780-2b01a2bccba1#0:OK-t1] and 0 exception(s); 967c7462-8c27-4f7c-97a1-2e921716fc39@group-81194D8428A3:t1, leader=null, voted=967c7462-8c27-4f7c-97a1-2e921716fc39, raftlog=967c7462-8c27-4f7c-97a1-2e921716fc39@group-81194D8428A3-SegmentedRaftLog:OPENED:c-1,f-1,i0, conf=-1: [00a9c42b-b8e1-4789-b80f-e97d2858a7db:192.168.69.122:43482, 967c7462-8c27-4f7c-97a1-2e921716fc39:192.168.69.122:46696, a9c241ba-7330-43af-b780-2b01a2bccba1:192.168.69.122:37585], old=null
2019-09-17 06:16:03,650 [00a9c42b-b8e1-4789-b80f-e97d2858a7db@group-81194D8428A3:LeaderElection32] INFO  impl.LeaderElection (LeaderElection.java:logAndReturn(56)) - 00a9c42b-b8e1-4789-b80f-e97d2858a7db@group-81194D8428A3:LeaderElection32: Election REJECTED; received 2 response(s) [00a9c42b-b8e1-4789-b80f-e97d2858a7db<-967c7462-8c27-4f7c-97a1-2e921716fc39#0:FAIL-t1, 00a9c42b-b8e1-4789-b80f-e97d2858a7db<-a9c241ba-7330-43af-b780-2b01a2bccba1#0:FAIL-t1] and 0 exception(s); 00a9c42b-b8e1-4789-b80f-e97d2858a7db@group-81194D8428A3:t1, leader=null, voted=00a9c42b-b8e1-4789-b80f-e97d2858a7db, raftlog=00a9c42b-b8e1-4789-b80f-e97d2858a7db@group-81194D8428A3-SegmentedRaftLog:OPENED:c-1,f-1,i0, conf=-1: [00a9c42b-b8e1-4789-b80f-e97d2858a7db:192.168.69.122:43482, 967c7462-8c27-4f7c-97a1-2e921716fc39:192.168.69.122:46696, a9c241ba-7330-43af-b780-2b01a2bccba1:192.168.69.122:37585], old=null
2019-09-17 06:16:03,650 [967c7462-8c27-4f7c-97a1-2e921716fc39@group-81194D8428A3:LeaderElection31] INFO  impl.RoleInfo (RoleInfo.java:shutdownLeaderElection(134)) - 967c7462-8c27-4f7c-97a1-2e921716fc39: shutdown LeaderElection
2019-09-17 06:16:03,652 [00a9c42b-b8e1-4789-b80f-e97d2858a7db@group-81194D8428A3:LeaderElection32] INFO  impl.RaftServerImpl (RaftServerImpl.java:setRole(174)) - 00a9c42b-b8e1-4789-b80f-e97d2858a7db@group-81194D8428A3: changes role from CANDIDATE to FOLLOWER at term 1 for DISCOVERED_A_NEW_TERM
2019-09-17 06:16:03,655 [00a9c42b-b8e1-4789-b80f-e97d2858a7db@group-81194D8428A3:LeaderElection32] INFO  impl.RoleInfo (RoleInfo.java:shutdownLeaderElection(134)) - 00a9c42b-b8e1-4789-b80f-e97d2858a7db: shutdown LeaderElection
2019-09-17 06:16:03,655 [967c7462-8c27-4f7c-97a1-2e921716fc39@group-81194D8428A3:LeaderElection31] INFO  impl.RaftServerImpl (RaftServerImpl.java:setRole(174)) - 967c7462-8c27-4f7c-97a1-2e921716fc39@group-81194D8428A3: changes role from CANDIDATE to LEADER at term 1 for changeToLeader
2019-09-17 06:16:03,655 [00a9c42b-b8e1-4789-b80f-e97d2858a7db@group-81194D8428A3:LeaderElection32] INFO  impl.RoleInfo (RoleInfo.java:updateAndGet(143)) - 00a9c42b-b8e1-4789-b80f-e97d2858a7db: start FollowerState
2019-09-17 06:16:03,655 [967c7462-8c27-4f7c-97a1-2e921716fc39@group-81194D8428A3:LeaderElection31] INFO  impl.RaftServerImpl (ServerState.java:setLeader(253)) - 967c7462-8c27-4f7c-97a1-2e921716fc39@group-81194D8428A3: change Leader from null to 967c7462-8c27-4f7c-97a1-2e921716fc39 at term 1 for becomeLeader, leader elected after 5243ms
2019-09-17 06:16:03,656 [967c7462-8c27-4f7c-97a1-2e921716fc39@group-81194D8428A3:LeaderElection31] INFO  server.RaftServerConfigKeys (ConfUtils.java:logGet(43)) - raft.server.staging.catchup.gap = 1000 (default)
2019-09-17 06:16:03,656 [967c7462-8c27-4f7c-97a1-2e921716fc39@group-81194D8428A3:LeaderElection31] INFO  server.RaftServerConfigKeys (ConfUtils.java:logGet(43)) - raft.server.rpc.sleep.time = 25ms (default)
2019-09-17 06:16:03,656 [967c7462-8c27-4f7c-97a1-2e921716fc39@group-81194D8428A3:LeaderElection31] INFO  server.RaftServerConfigKeys (ConfUtils.java:logGet(43)) - raft.server.write.element-limit = 4096 (default)
2019-09-17 06:16:03,656 [967c7462-8c27-4f7c-97a1-2e921716fc39@group-81194D8428A3:LeaderElection31] INFO  server.RaftServerConfigKeys (ConfUtils.java:logGet(43)) - raft.server.watch.timeout = 10s (default)
2019-09-17 06:16:03,656 [967c7462-8c27-4f7c-97a1-2e921716fc39@group-81194D8428A3:LeaderElection31] INFO  server.RaftServerConfigKeys (ConfUtils.java:logGet(43)) - raft.server.watch.timeout.denomination = 1s (default)
2019-09-17 06:16:03,657 [967c7462-8c27-4f7c-97a1-2e921716fc39@group-81194D8428A3:LeaderElection31] INFO  server.RaftServerConfigKeys (ConfUtils.java:logGet(43)) - raft.server.watch.element-limit = 65536 (default)
2019-09-17 06:16:03,660 [967c7462-8c27-4f7c-97a1-2e921716fc39@group-81194D8428A3:LeaderElection31] INFO  server.RaftServerConfigKeys (ConfUtils.java:logGet(43)) - raft.server.log.appender.snapshot.chunk.size.max = 16MB (=16777216) (default)
2019-09-17 06:16:03,660 [967c7462-8c27-4f7c-97a1-2e921716fc39@group-81194D8428A3:LeaderElection31] INFO  server.RaftServerConfigKeys (ConfUtils.java:logGet(43)) - raft.server.log.appender.buffer.byte-limit = 33554432 (custom)
2019-09-17 06:16:03,660 [967c7462-8c27-4f7c-97a1-2e921716fc39@group-81194D8428A3:LeaderElection31] INFO  server.RaftServerConfigKeys (ConfUtils.java:logGet(43)) - raft.server.log.appender.buffer.element-limit = 1 (custom)
2019-09-17 06:16:03,660 [967c7462-8c27-4f7c-97a1-2e921716fc39@group-81194D8428A3:LeaderElection31] INFO  grpc.GrpcConfigKeys$Server (ConfUtils.java:logGet(43)) - raft.grpc.server.leader.outstanding.appends.max = 128 (default)
2019-09-17 06:16:03,660 [967c7462-8c27-4f7c-97a1-2e921716fc39@group-81194D8428A3:LeaderElection31] INFO  server.RaftServerConfigKeys (ConfUtils.java:logGet(43)) - raft.server.rpc.request.timeout = 3000ms (default)
2019-09-17 06:16:03,661 [967c7462-8c27-4f7c-97a1-2e921716fc39@group-81194D8428A3:LeaderElection31] INFO  server.RaftServerConfigKeys (ConfUtils.java:logGet(43)) - raft.server.log.appender.install.snapshot.enabled = false (custom)
2019-09-17 06:16:03,661 [967c7462-8c27-4f7c-97a1-2e921716fc39@group-81194D8428A3:LeaderElection31] INFO  server.RaftServerConfigKeys (ConfUtils.java:logGet(43)) - raft.server.log.appender.snapshot.chunk.size.max = 16MB (=16777216) (default)
2019-09-17 06:16:03,661 [967c7462-8c27-4f7c-97a1-2e921716fc39@group-81194D8428A3:LeaderElection31] INFO  server.RaftServerConfigKeys (ConfUtils.java:logGet(43)) - raft.server.log.appender.buffer.byte-limit = 33554432 (custom)
2019-09-17 06:16:03,661 [967c7462-8c27-4f7c-97a1-2e921716fc39@group-81194D8428A3:LeaderElection31] INFO  server.RaftServerConfigKeys (ConfUtils.java:logGet(43)) - raft.server.log.appender.buffer.element-limit = 1 (custom)
2019-09-17 06:16:03,662 [967c7462-8c27-4f7c-97a1-2e921716fc39@group-81194D8428A3:LeaderElection31] INFO  grpc.GrpcConfigKeys$Server (ConfUtils.java:logGet(43)) - raft.grpc.server.leader.outstanding.appends.max = 128 (default)
2019-09-17 06:16:03,662 [967c7462-8c27-4f7c-97a1-2e921716fc39@group-81194D8428A3:LeaderElection31] INFO  server.RaftServerConfigKeys (ConfUtils.java:logGet(43)) - raft.server.rpc.request.timeout = 3000ms (default)
2019-09-17 06:16:03,662 [967c7462-8c27-4f7c-97a1-2e921716fc39@group-81194D8428A3:LeaderElection31] INFO  server.RaftServerConfigKeys (ConfUtils.java:logGet(43)) - raft.server.log.appender.install.snapshot.enabled = false (custom)
2019-09-17 06:16:03,662 [967c7462-8c27-4f7c-97a1-2e921716fc39@group-81194D8428A3:LeaderElection31] INFO  impl.RoleInfo (RoleInfo.java:updateAndGet(143)) - 967c7462-8c27-4f7c-97a1-2e921716fc39: start LeaderState
2019-09-17 06:16:03,663 [967c7462-8c27-4f7c-97a1-2e921716fc39@group-81194D8428A3:LeaderElection31] INFO  segmented.SegmentedRaftLogWorker (SegmentedRaftLogWorker.java:startLogSegment(380)) - 967c7462-8c27-4f7c-97a1-2e921716fc39@group-81194D8428A3-SegmentedRaftLogWorker: Starting segment from index:0
2019-09-17 06:16:03,663 [967c7462-8c27-4f7c-97a1-2e921716fc39@group-81194D8428A3:LeaderElection31] INFO  impl.RaftServerImpl (ServerState.java:setRaftConf(354)) - 967c7462-8c27-4f7c-97a1-2e921716fc39@group-81194D8428A3: set configuration 0: [00a9c42b-b8e1-4789-b80f-e97d2858a7db:192.168.69.122:43482, 967c7462-8c27-4f7c-97a1-2e921716fc39:192.168.69.122:46696, a9c241ba-7330-43af-b780-2b01a2bccba1:192.168.69.122:37585], old=null at 0
2019-09-17 06:16:03,665 [grpc-default-executor-2] INFO  impl.RaftServerImpl (ServerState.java:setLeader(253)) - 00a9c42b-b8e1-4789-b80f-e97d2858a7db@group-81194D8428A3: change Leader from null to 967c7462-8c27-4f7c-97a1-2e921716fc39 at term 1 for appendEntries, leader elected after 5252ms
2019-09-17 06:16:03,666 [grpc-default-executor-1] INFO  impl.RaftServerImpl (ServerState.java:setLeader(253)) - a9c241ba-7330-43af-b780-2b01a2bccba1@group-81194D8428A3: change Leader from null to 967c7462-8c27-4f7c-97a1-2e921716fc39 at term 1 for appendEntries, leader elected after 5253ms
2019-09-17 06:16:03,669 [grpc-default-executor-1] INFO  impl.RaftServerImpl (ServerState.java:setRaftConf(354)) - 00a9c42b-b8e1-4789-b80f-e97d2858a7db@group-81194D8428A3: set configuration 0: [00a9c42b-b8e1-4789-b80f-e97d2858a7db:192.168.69.122:43482, 967c7462-8c27-4f7c-97a1-2e921716fc39:192.168.69.122:46696, a9c241ba-7330-43af-b780-2b01a2bccba1:192.168.69.122:37585], old=null at 0
2019-09-17 06:16:03,669 [grpc-default-executor-1] INFO  segmented.SegmentedRaftLogWorker (SegmentedRaftLogWorker.java:startLogSegment(380)) - 00a9c42b-b8e1-4789-b80f-e97d2858a7db@group-81194D8428A3-SegmentedRaftLogWorker: Starting segment from index:0
2019-09-17 06:16:03,670 [grpc-default-executor-1] INFO  impl.RaftServerImpl (ServerState.java:setRaftConf(354)) - a9c241ba-7330-43af-b780-2b01a2bccba1@group-81194D8428A3: set configuration 0: [00a9c42b-b8e1-4789-b80f-e97d2858a7db:192.168.69.122:43482, 967c7462-8c27-4f7c-97a1-2e921716fc39:192.168.69.122:46696, a9c241ba-7330-43af-b780-2b01a2bccba1:192.168.69.122:37585], old=null at 0
2019-09-17 06:16:03,670 [grpc-default-executor-1] INFO  segmented.SegmentedRaftLogWorker (SegmentedRaftLogWorker.java:startLogSegment(380)) - a9c241ba-7330-43af-b780-2b01a2bccba1@group-81194D8428A3-SegmentedRaftLogWorker: Starting segment from index:0
2019-09-17 06:16:03,732 [a9c241ba-7330-43af-b780-2b01a2bccba1@group-81194D8428A3-SegmentedRaftLogWorker] INFO  segmented.SegmentedRaftLogWorker (SegmentedRaftLogWorker.java:execute(569)) - a9c241ba-7330-43af-b780-2b01a2bccba1@group-81194D8428A3-SegmentedRaftLogWorker: created new log segment /workdir/hadoop-ozone/integration-test/target/test-dir/MiniOzoneClusterImpl-20dced08-aa13-41be-af84-0d1cf5708d98/datanode-3/data/ratis/d77470b2-ee00-4579-9391-81194d8428a3/current/log_inprogress_0
2019-09-17 06:16:03,732 [00a9c42b-b8e1-4789-b80f-e97d2858a7db@group-81194D8428A3-SegmentedRaftLogWorker] INFO  segmented.SegmentedRaftLogWorker (SegmentedRaftLogWorker.java:execute(569)) - 00a9c42b-b8e1-4789-b80f-e97d2858a7db@group-81194D8428A3-SegmentedRaftLogWorker: created new log segment /workdir/hadoop-ozone/integration-test/target/test-dir/MiniOzoneClusterImpl-20dced08-aa13-41be-af84-0d1cf5708d98/datanode-6/data/ratis/d77470b2-ee00-4579-9391-81194d8428a3/current/log_inprogress_0
2019-09-17 06:16:03,732 [967c7462-8c27-4f7c-97a1-2e921716fc39@group-81194D8428A3-SegmentedRaftLogWorker] INFO  segmented.SegmentedRaftLogWorker (SegmentedRaftLogWorker.java:execute(569)) - 967c7462-8c27-4f7c-97a1-2e921716fc39@group-81194D8428A3-SegmentedRaftLogWorker: created new log segment /workdir/hadoop-ozone/integration-test/target/test-dir/MiniOzoneClusterImpl-20dced08-aa13-41be-af84-0d1cf5708d98/datanode-5/data/ratis/d77470b2-ee00-4579-9391-81194d8428a3/current/log_inprogress_0
2019-09-17 06:16:04,463 [grpc-default-executor-1] INFO  client.GrpcClientProtocolClient (GrpcClientProtocolClient.java:onNext(264)) - client-3CE7D51E2834->a9c241ba-7330-43af-b780-2b01a2bccba1: receive RaftClientReply:client-3CE7D51E2834->a9c241ba-7330-43af-b780-2b01a2bccba1@group-81194D8428A3, cid=42, FAILED org.apache.ratis.protocol.NotLeaderException: Server a9c241ba-7330-43af-b780-2b01a2bccba1@group-81194D8428A3 is not the leader 967c7462-8c27-4f7c-97a1-2e921716fc39:192.168.69.122:46696, logIndex=0, commits[a9c241ba-7330-43af-b780-2b01a2bccba1:c-1, 00a9c42b-b8e1-4789-b80f-e97d2858a7db:c-1, 967c7462-8c27-4f7c-97a1-2e921716fc39:c-1]
2019-09-17 06:16:04,651 [grpc-default-executor-2] INFO  client.GrpcClientProtocolClient (GrpcClientProtocolClient.java:onNext(264)) - client-3CE7D51E2834->967c7462-8c27-4f7c-97a1-2e921716fc39: receive RaftClientReply:client-3CE7D51E2834->967c7462-8c27-4f7c-97a1-2e921716fc39@group-81194D8428A3, cid=42, SUCCESS, logIndex=1, commits[967c7462-8c27-4f7c-97a1-2e921716fc39:c2, 00a9c42b-b8e1-4789-b80f-e97d2858a7db:c1, a9c241ba-7330-43af-b780-2b01a2bccba1:c1]
2019-09-17 06:16:04,829 [grpc-default-executor-2] INFO  client.GrpcClientProtocolClient (GrpcClientProtocolClient.java:onNext(264)) - client-3CE7D51E2834->967c7462-8c27-4f7c-97a1-2e921716fc39: receive RaftClientReply:client-3CE7D51E2834->967c7462-8c27-4f7c-97a1-2e921716fc39@group-81194D8428A3, cid=43, SUCCESS, logIndex=3, commits[967c7462-8c27-4f7c-97a1-2e921716fc39:c4, 00a9c42b-b8e1-4789-b80f-e97d2858a7db:c3, a9c241ba-7330-43af-b780-2b01a2bccba1:c3]
2019-09-17 06:16:04,997 [grpc-default-executor-1] INFO  client.GrpcClientProtocolClient (GrpcClientProtocolClient.java:onNext(264)) - client-3CE7D51E2834->967c7462-8c27-4f7c-97a1-2e921716fc39: receive RaftClientReply:client-3CE7D51E2834->967c7462-8c27-4f7c-97a1-2e921716fc39@group-81194D8428A3, cid=44, SUCCESS, logIndex=5, commits[967c7462-8c27-4f7c-97a1-2e921716fc39:c6, 00a9c42b-b8e1-4789-b80f-e97d2858a7db:c5, a9c241ba-7330-43af-b780-2b01a2bccba1:c5]
2019-09-17 06:16:10,199 [grpc-default-executor-3] INFO  client.GrpcClientProtocolClient (GrpcClientProtocolClient.java:onNext(264)) - client-3CE7D51E2834->00a9c42b-b8e1-4789-b80f-e97d2858a7db: receive RaftClientReply:client-3CE7D51E2834->00a9c42b-b8e1-4789-b80f-e97d2858a7db@group-81194D8428A3, cid=45, FAILED org.apache.ratis.protocol.NotLeaderException: Server 00a9c42b-b8e1-4789-b80f-e97d2858a7db@group-81194D8428A3 is not the leader 967c7462-8c27-4f7c-97a1-2e921716fc39:192.168.69.122:46696, logIndex=0, commits[00a9c42b-b8e1-4789-b80f-e97d2858a7db:c8, 967c7462-8c27-4f7c-97a1-2e921716fc39:c8, a9c241ba-7330-43af-b780-2b01a2bccba1:c7]
2019-09-17 06:16:15,309 [grpc-default-executor-3] INFO  client.GrpcClientProtocolClient (GrpcClientProtocolClient.java:onNext(264)) - client-3CE7D51E2834->00a9c42b-b8e1-4789-b80f-e97d2858a7db: receive RaftClientReply:client-3CE7D51E2834->00a9c42b-b8e1-4789-b80f-e97d2858a7db@group-81194D8428A3, cid=45, FAILED org.apache.ratis.protocol.NotLeaderException: Server 00a9c42b-b8e1-4789-b80f-e97d2858a7db@group-81194D8428A3 is not the leader 967c7462-8c27-4f7c-97a1-2e921716fc39:192.168.69.122:46696, logIndex=0, commits[00a9c42b-b8e1-4789-b80f-e97d2858a7db:c8, 967c7462-8c27-4f7c-97a1-2e921716fc39:c8, a9c241ba-7330-43af-b780-2b01a2bccba1:c8]
2019-09-17 06:16:20,372 [grpc-default-executor-3] INFO  client.GrpcClientProtocolClient (GrpcClientProtocolClient.java:onNext(264)) - client-3CE7D51E2834->00a9c42b-b8e1-4789-b80f-e97d2858a7db: receive RaftClientReply:client-3CE7D51E2834->00a9c42b-b8e1-4789-b80f-e97d2858a7db@group-81194D8428A3, cid=45, FAILED org.apache.ratis.protocol.NotLeaderException: Server 00a9c42b-b8e1-4789-b80f-e97d2858a7db@group-81194D8428A3 is not the leader 967c7462-8c27-4f7c-97a1-2e921716fc39:192.168.69.122:46696, logIndex=0, commits[00a9c42b-b8e1-4789-b80f-e97d2858a7db:c8, 967c7462-8c27-4f7c-97a1-2e921716fc39:c8, a9c241ba-7330-43af-b780-2b01a2bccba1:c8]
2019-09-17 06:16:25,419 [grpc-default-executor-3] INFO  client.GrpcClientProtocolClient (GrpcClientProtocolClient.java:onNext(264)) - client-3CE7D51E2834->a9c241ba-7330-43af-b780-2b01a2bccba1: receive RaftClientReply:client-3CE7D51E2834->a9c241ba-7330-43af-b780-2b01a2bccba1@group-81194D8428A3, cid=45, FAILED org.apache.ratis.protocol.NotLeaderException: Server a9c241ba-7330-43af-b780-2b01a2bccba1@group-81194D8428A3 is not the leader 967c7462-8c27-4f7c-97a1-2e921716fc39:192.168.69.122:46696, logIndex=0, commits[a9c241ba-7330-43af-b780-2b01a2bccba1:c8, 00a9c42b-b8e1-4789-b80f-e97d2858a7db:c8, 967c7462-8c27-4f7c-97a1-2e921716fc39:c8]
2019-09-17 06:16:30,475 [grpc-default-executor-1] INFO  client.GrpcClientProtocolClient (GrpcClientProtocolClient.java:onNext(264)) - client-3CE7D51E2834->a9c241ba-7330-43af-b780-2b01a2bccba1: receive RaftClientReply:client-3CE7D51E2834->a9c241ba-7330-43af-b780-2b01a2bccba1@group-81194D8428A3, cid=45, FAILED org.apache.ratis.protocol.NotLeaderException: Server a9c241ba-7330-43af-b780-2b01a2bccba1@group-81194D8428A3 is not the leader 967c7462-8c27-4f7c-97a1-2e921716fc39:192.168.69.122:46696, logIndex=0, commits[a9c241ba-7330-43af-b780-2b01a2bccba1:c8, 00a9c42b-b8e1-4789-b80f-e97d2858a7db:c8, 967c7462-8c27-4f7c-97a1-2e921716fc39:c8]
2019-09-17 06:16:35,533 [grpc-default-executor-1] INFO  client.GrpcClientProtocolClient (GrpcClientProtocolClient.java:onNext(264)) - client-3CE7D51E2834->00a9c42b-b8e1-4789-b80f-e97d2858a7db: receive RaftClientReply:client-3CE7D51E2834->00a9c42b-b8e1-4789-b80f-e97d2858a7db@group-81194D8428A3, cid=45, FAILED org.apache.ratis.protocol.NotLeaderException: Server 00a9c42b-b8e1-4789-b80f-e97d2858a7db@group-81194D8428A3 is not the leader 967c7462-8c27-4f7c-97a1-2e921716fc39:192.168.69.122:46696, logIndex=0, commits[00a9c42b-b8e1-4789-b80f-e97d2858a7db:c8, 967c7462-8c27-4f7c-97a1-2e921716fc39:c8, a9c241ba-7330-43af-b780-2b01a2bccba1:c8]
2019-09-17 06:16:40,588 [grpc-default-executor-3] INFO  client.GrpcClientProtocolClient (GrpcClientProtocolClient.java:onNext(264)) - client-3CE7D51E2834->00a9c42b-b8e1-4789-b80f-e97d2858a7db: receive RaftClientReply:client-3CE7D51E2834->00a9c42b-b8e1-4789-b80f-e97d2858a7db@group-81194D8428A3, cid=45, FAILED org.apache.ratis.protocol.NotLeaderException: Server 00a9c42b-b8e1-4789-b80f-e97d2858a7db@group-81194D8428A3 is not the leader 967c7462-8c27-4f7c-97a1-2e921716fc39:192.168.69.122:46696, logIndex=0, commits[00a9c42b-b8e1-4789-b80f-e97d2858a7db:c8, 967c7462-8c27-4f7c-97a1-2e921716fc39:c8, a9c241ba-7330-43af-b780-2b01a2bccba1:c8]
2019-09-17 06:16:45,662 [grpc-default-executor-1] INFO  client.GrpcClientProtocolClient (GrpcClientProtocolClient.java:onNext(264)) - client-3CE7D51E2834->a9c241ba-7330-43af-b780-2b01a2bccba1: receive RaftClientReply:client-3CE7D51E2834->a9c241ba-7330-43af-b780-2b01a2bccba1@group-81194D8428A3, cid=45, FAILED org.apache.ratis.protocol.NotLeaderException: Server a9c241ba-7330-43af-b780-2b01a2bccba1@group-81194D8428A3 is not the leader 967c7462-8c27-4f7c-97a1-2e921716fc39:192.168.69.122:46696, logIndex=0, commits[a9c241ba-7330-43af-b780-2b01a2bccba1:c8, 00a9c42b-b8e1-4789-b80f-e97d2858a7db:c8, 967c7462-8c27-4f7c-97a1-2e921716fc39:c8]
2019-09-17 06:16:50,716 [grpc-default-executor-1] INFO  client.GrpcClientProtocolClient (GrpcClientProtocolClient.java:onNext(264)) - client-3CE7D51E2834->00a9c42b-b8e1-4789-b80f-e97d2858a7db: receive RaftClientReply:client-3CE7D51E2834->00a9c42b-b8e1-4789-b80f-e97d2858a7db@group-81194D8428A3, cid=45, FAILED org.apache.ratis.protocol.NotLeaderException: Server 00a9c42b-b8e1-4789-b80f-e97d2858a7db@group-81194D8428A3 is not the leader 967c7462-8c27-4f7c-97a1-2e921716fc39:192.168.69.122:46696, logIndex=0, commits[00a9c42b-b8e1-4789-b80f-e97d2858a7db:c8, 967c7462-8c27-4f7c-97a1-2e921716fc39:c8, a9c241ba-7330-43af-b780-2b01a2bccba1:c8]
2019-09-17 06:16:55,761 [grpc-default-executor-1] INFO  client.GrpcClientProtocolClient (GrpcClientProtocolClient.java:onNext(264)) - client-3CE7D51E2834->a9c241ba-7330-43af-b780-2b01a2bccba1: receive RaftClientReply:client-3CE7D51E2834->a9c241ba-7330-43af-b780-2b01a2bccba1@group-81194D8428A3, cid=45, FAILED org.apache.ratis.protocol.NotLeaderException: Server a9c241ba-7330-43af-b780-2b01a2bccba1@group-81194D8428A3 is not the leader 967c7462-8c27-4f7c-97a1-2e921716fc39:192.168.69.122:46696, logIndex=0, commits[a9c241ba-7330-43af-b780-2b01a2bccba1:c8, 00a9c42b-b8e1-4789-b80f-e97d2858a7db:c8, 967c7462-8c27-4f7c-97a1-2e921716fc39:c8]
2019-09-17 06:17:00,810 [grpc-default-executor-1] INFO  client.GrpcClientProtocolClient (GrpcClientProtocolClient.java:onNext(264)) - client-3CE7D51E2834->a9c241ba-7330-43af-b780-2b01a2bccba1: receive RaftClientReply:client-3CE7D51E2834->a9c241ba-7330-43af-b780-2b01a2bccba1@group-81194D8428A3, cid=45, FAILED org.apache.ratis.protocol.NotLeaderException: Server a9c241ba-7330-43af-b780-2b01a2bccba1@group-81194D8428A3 is not the leader 967c7462-8c27-4f7c-97a1-2e921716fc39:192.168.69.122:46696, logIndex=0, commits[a9c241ba-7330-43af-b780-2b01a2bccba1:c8, 00a9c42b-b8e1-4789-b80f-e97d2858a7db:c8, 967c7462-8c27-4f7c-97a1-2e921716fc39:c8]
2019-09-17 06:17:05,862 [grpc-default-executor-2] INFO  client.GrpcClientProtocolClient (GrpcClientProtocolClient.java:onNext(264)) - client-3CE7D51E2834->00a9c42b-b8e1-4789-b80f-e97d2858a7db: receive RaftClientReply:client-3CE7D51E2834->00a9c42b-b8e1-4789-b80f-e97d2858a7db@group-81194D8428A3, cid=45, FAILED org.apache.ratis.protocol.NotLeaderException: Server 00a9c42b-b8e1-4789-b80f-e97d2858a7db@group-81194D8428A3 is not the leader 967c7462-8c27-4f7c-97a1-2e921716fc39:192.168.69.122:46696, logIndex=0, commits[00a9c42b-b8e1-4789-b80f-e97d2858a7db:c8, 967c7462-8c27-4f7c-97a1-2e921716fc39:c8, a9c241ba-7330-43af-b780-2b01a2bccba1:c8]
2019-09-17 06:17:10,915 [grpc-default-executor-3] INFO  client.GrpcClientProtocolClient (GrpcClientProtocolClient.java:onNext(264)) - client-3CE7D51E2834->00a9c42b-b8e1-4789-b80f-e97d2858a7db: receive RaftClientReply:client-3CE7D51E2834->00a9c42b-b8e1-4789-b80f-e97d2858a7db@group-81194D8428A3, cid=45, FAILED org.apache.ratis.protocol.NotLeaderException: Server 00a9c42b-b8e1-4789-b80f-e97d2858a7db@group-81194D8428A3 is not the leader 967c7462-8c27-4f7c-97a1-2e921716fc39:192.168.69.122:46696, logIndex=0, commits[00a9c42b-b8e1-4789-b80f-e97d2858a7db:c8, 967c7462-8c27-4f7c-97a1-2e921716fc39:c8, a9c241ba-7330-43af-b780-2b01a2bccba1:c8]
2019-09-17 06:17:15,999 [grpc-default-executor-1] INFO  client.GrpcClientProtocolClient (GrpcClientProtocolClient.java:onNext(264)) - client-3CE7D51E2834->a9c241ba-7330-43af-b780-2b01a2bccba1: receive RaftClientReply:client-3CE7D51E2834->a9c241ba-7330-43af-b780-2b01a2bccba1@group-81194D8428A3, cid=45, FAILED org.apache.ratis.protocol.NotLeaderException: Server a9c241ba-7330-43af-b780-2b01a2bccba1@group-81194D8428A3 is not the leader 967c7462-8c27-4f7c-97a1-2e921716fc39:192.168.69.122:46696, logIndex=0, commits[a9c241ba-7330-43af-b780-2b01a2bccba1:c8, 00a9c42b-b8e1-4789-b80f-e97d2858a7db:c8, 967c7462-8c27-4f7c-97a1-2e921716fc39:c8]
2019-09-17 06:17:21,057 [grpc-default-executor-3] INFO  client.GrpcClientProtocolClient (GrpcClientProtocolClient.java:onNext(264)) - client-3CE7D51E2834->a9c241ba-7330-43af-b780-2b01a2bccba1: receive RaftClientReply:client-3CE7D51E2834->a9c241ba-7330-43af-b780-2b01a2bccba1@group-81194D8428A3, cid=45, FAILED org.apache.ratis.protocol.NotLeaderException: Server a9c241ba-7330-43af-b780-2b01a2bccba1@group-81194D8428A3 is not the leader 967c7462-8c27-4f7c-97a1-2e921716fc39:192.168.69.122:46696, logIndex=0, commits[a9c241ba-7330-43af-b780-2b01a2bccba1:c8, 00a9c42b-b8e1-4789-b80f-e97d2858a7db:c8, 967c7462-8c27-4f7c-97a1-2e921716fc39:c8]
2019-09-17 06:17:26,102 [grpc-default-executor-1] INFO  client.GrpcClientProtocolClient (GrpcClientProtocolClient.java:onNext(264)) - client-3CE7D51E2834->00a9c42b-b8e1-4789-b80f-e97d2858a7db: receive RaftClientReply:client-3CE7D51E2834->00a9c42b-b8e1-4789-b80f-e97d2858a7db@group-81194D8428A3, cid=45, FAILED org.apache.ratis.protocol.NotLeaderException: Server 00a9c42b-b8e1-4789-b80f-e97d2858a7db@group-81194D8428A3 is not the leader 967c7462-8c27-4f7c-97a1-2e921716fc39:192.168.69.122:46696, logIndex=0, commits[00a9c42b-b8e1-4789-b80f-e97d2858a7db:c8, 967c7462-8c27-4f7c-97a1-2e921716fc39:c8, a9c241ba-7330-43af-b780-2b01a2bccba1:c8]
2019-09-17 06:17:31,152 [grpc-default-executor-2] INFO  client.GrpcClientProtocolClient (GrpcClientProtocolClient.java:onNext(264)) - client-3CE7D51E2834->00a9c42b-b8e1-4789-b80f-e97d2858a7db: receive RaftClientReply:client-3CE7D51E2834->00a9c42b-b8e1-4789-b80f-e97d2858a7db@group-81194D8428A3, cid=45, FAILED org.apache.ratis.protocol.NotLeaderException: Server 00a9c42b-b8e1-4789-b80f-e97d2858a7db@group-81194D8428A3 is not the leader 967c7462-8c27-4f7c-97a1-2e921716fc39:192.168.69.122:46696, logIndex=0, commits[00a9c42b-b8e1-4789-b80f-e97d2858a7db:c8, 967c7462-8c27-4f7c-97a1-2e921716fc39:c8, a9c241ba-7330-43af-b780-2b01a2bccba1:c8]
2019-09-17 06:17:36,199 [grpc-default-executor-1] INFO  client.GrpcClientProtocolClient (GrpcClientProtocolClient.java:onNext(264)) - client-3CE7D51E2834->a9c241ba-7330-43af-b780-2b01a2bccba1: receive RaftClientReply:client-3CE7D51E2834->a9c241ba-7330-43af-b780-2b01a2bccba1@group-81194D8428A3, cid=45, FAILED org.apache.ratis.protocol.NotLeaderException: Server a9c241ba-7330-43af-b780-2b01a2bccba1@group-81194D8428A3 is not the leader 967c7462-8c27-4f7c-97a1-2e921716fc39:192.168.69.122:46696, logIndex=0, commits[a9c241ba-7330-43af-b780-2b01a2bccba1:c8, 00a9c42b-b8e1-4789-b80f-e97d2858a7db:c8, 967c7462-8c27-4f7c-97a1-2e921716fc39:c8]
2019-09-17 06:17:41,260 [grpc-default-executor-1] INFO  client.GrpcClientProtocolClient (GrpcClientProtocolClient.java:onNext(264)) - client-3CE7D51E2834->a9c241ba-7330-43af-b780-2b01a2bccba1: receive RaftClientReply:client-3CE7D51E2834->a9c241ba-7330-43af-b780-2b01a2bccba1@group-81194D8428A3, cid=45, FAILED org.apache.ratis.protocol.NotLeaderException: Server a9c241ba-7330-43af-b780-2b01a2bccba1@group-81194D8428A3 is not the leader 967c7462-8c27-4f7c-97a1-2e921716fc39:192.168.69.122:46696, logIndex=0, commits[a9c241ba-7330-43af-b780-2b01a2bccba1:c8, 00a9c42b-b8e1-4789-b80f-e97d2858a7db:c8, 967c7462-8c27-4f7c-97a1-2e921716fc39:c8]
2019-09-17 06:17:46,349 [grpc-default-executor-2] INFO  client.GrpcClientProtocolClient (GrpcClientProtocolClient.java:onNext(264)) - client-3CE7D51E2834->a9c241ba-7330-43af-b780-2b01a2bccba1: receive RaftClientReply:client-3CE7D51E2834->a9c241ba-7330-43af-b780-2b01a2bccba1@group-81194D8428A3, cid=45, FAILED org.apache.ratis.protocol.NotLeaderException: Server a9c241ba-7330-43af-b780-2b01a2bccba1@group-81194D8428A3 is not the leader 967c7462-8c27-4f7c-97a1-2e921716fc39:192.168.69.122:46696, logIndex=0, commits[a9c241ba-7330-43af-b780-2b01a2bccba1:c8, 00a9c42b-b8e1-4789-b80f-e97d2858a7db:c8, 967c7462-8c27-4f7c-97a1-2e921716fc39:c8]
2019-09-17 06:17:51,403 [grpc-default-executor-1] INFO  client.GrpcClientProtocolClient (GrpcClientProtocolClient.java:onNext(264)) - client-3CE7D51E2834->00a9c42b-b8e1-4789-b80f-e97d2858a7db: receive RaftClientReply:client-3CE7D51E2834->00a9c42b-b8e1-4789-b80f-e97d2858a7db@group-81194D8428A3, cid=45, FAILED org.apache.ratis.protocol.NotLeaderException: Server 00a9c42b-b8e1-4789-b80f-e97d2858a7db@group-81194D8428A3 is not the leader 967c7462-8c27-4f7c-97a1-2e921716fc39:192.168.69.122:46696, logIndex=0, commits[00a9c42b-b8e1-4789-b80f-e97d2858a7db:c8, 967c7462-8c27-4f7c-97a1-2e921716fc39:c8, a9c241ba-7330-43af-b780-2b01a2bccba1:c8]
2019-09-17 06:17:56,468 [grpc-default-executor-3] INFO  client.GrpcClientProtocolClient (GrpcClientProtocolClient.java:onNext(264)) - client-3CE7D51E2834->00a9c42b-b8e1-4789-b80f-e97d2858a7db: receive RaftClientReply:client-3CE7D51E2834->00a9c42b-b8e1-4789-b80f-e97d2858a7db@group-81194D8428A3, cid=45, FAILED org.apache.ratis.protocol.NotLeaderException: Server 00a9c42b-b8e1-4789-b80f-e97d2858a7db@group-81194D8428A3 is not the leader 967c7462-8c27-4f7c-97a1-2e921716fc39:192.168.69.122:46696, logIndex=0, commits[00a9c42b-b8e1-4789-b80f-e97d2858a7db:c8, 967c7462-8c27-4f7c-97a1-2e921716fc39:c8, a9c241ba-7330-43af-b780-2b01a2bccba1:c8]
2019-09-17 06:18:01,528 [grpc-default-executor-3] INFO  client.GrpcClientProtocolClient (GrpcClientProtocolClient.java:onNext(264)) - client-3CE7D51E2834->00a9c42b-b8e1-4789-b80f-e97d2858a7db: receive RaftClientReply:client-3CE7D51E2834->00a9c42b-b8e1-4789-b80f-e97d2858a7db@group-81194D8428A3, cid=45, FAILED org.apache.ratis.protocol.NotLeaderException: Server 00a9c42b-b8e1-4789-b80f-e97d2858a7db@group-81194D8428A3 is not the leader 967c7462-8c27-4f7c-97a1-2e921716fc39:192.168.69.122:46696, logIndex=0, commits[00a9c42b-b8e1-4789-b80f-e97d2858a7db:c8, 967c7462-8c27-4f7c-97a1-2e921716fc39:c8, a9c241ba-7330-43af-b780-2b01a2bccba1:c8]
2019-09-17 06:18:06,597 [grpc-default-executor-3] INFO  client.GrpcClientProtocolClient (GrpcClientProtocolClient.java:onNext(264)) - client-3CE7D51E2834->a9c241ba-7330-43af-b780-2b01a2bccba1: receive RaftClientReply:client-3CE7D51E2834->a9c241ba-7330-43af-b780-2b01a2bccba1@group-81194D8428A3, cid=45, FAILED org.apache.ratis.protocol.NotLeaderException: Server a9c241ba-7330-43af-b780-2b01a2bccba1@group-81194D8428A3 is not the leader 967c7462-8c27-4f7c-97a1-2e921716fc39:192.168.69.122:46696, logIndex=0, commits[a9c241ba-7330-43af-b780-2b01a2bccba1:c8, 00a9c42b-b8e1-4789-b80f-e97d2858a7db:c8, 967c7462-8c27-4f7c-97a1-2e921716fc39:c8]
2019-09-17 06:18:11,648 [grpc-default-executor-3] INFO  client.GrpcClientProtocolClient (GrpcClientProtocolClient.java:onNext(264)) - client-3CE7D51E2834->00a9c42b-b8e1-4789-b80f-e97d2858a7db: receive RaftClientReply:client-3CE7D51E2834->00a9c42b-b8e1-4789-b80f-e97d2858a7db@group-81194D8428A3, cid=45, FAILED org.apache.ratis.protocol.NotLeaderException: Server 00a9c42b-b8e1-4789-b80f-e97d2858a7db@group-81194D8428A3 is not the leader 967c7462-8c27-4f7c-97a1-2e921716fc39:192.168.69.122:46696, logIndex=0, commits[00a9c42b-b8e1-4789-b80f-e97d2858a7db:c8, 967c7462-8c27-4f7c-97a1-2e921716fc39:c8, a9c241ba-7330-43af-b780-2b01a2bccba1:c8]
2019-09-17 06:18:16,696 [grpc-default-executor-1] INFO  client.GrpcClientProtocolClient (GrpcClientProtocolClient.java:onNext(264)) - client-3CE7D51E2834->00a9c42b-b8e1-4789-b80f-e97d2858a7db: receive RaftClientReply:client-3CE7D51E2834->00a9c42b-b8e1-4789-b80f-e97d2858a7db@group-81194D8428A3, cid=45, FAILED org.apache.ratis.protocol.NotLeaderException: Server 00a9c42b-b8e1-4789-b80f-e97d2858a7db@group-81194D8428A3 is not the leader 967c7462-8c27-4f7c-97a1-2e921716fc39:192.168.69.122:46696, logIndex=0, commits[00a9c42b-b8e1-4789-b80f-e97d2858a7db:c8, 967c7462-8c27-4f7c-97a1-2e921716fc39:c8, a9c241ba-7330-43af-b780-2b01a2bccba1:c8]
2019-09-17 06:18:21,749 [grpc-default-executor-2] INFO  client.GrpcClientProtocolClient (GrpcClientProtocolClient.java:onNext(264)) - client-3CE7D51E2834->a9c241ba-7330-43af-b780-2b01a2bccba1: receive RaftClientReply:client-3CE7D51E2834->a9c241ba-7330-43af-b780-2b01a2bccba1@group-81194D8428A3, cid=45, FAILED org.apache.ratis.protocol.NotLeaderException: Server a9c241ba-7330-43af-b780-2b01a2bccba1@group-81194D8428A3 is not the leader 967c7462-8c27-4f7c-97a1-2e921716fc39:192.168.69.122:46696, logIndex=0, commits[a9c241ba-7330-43af-b780-2b01a2bccba1:c8, 00a9c42b-b8e1-4789-b80f-e97d2858a7db:c8, 967c7462-8c27-4f7c-97a1-2e921716fc39:c8]
2019-09-17 06:18:26,821 [grpc-default-executor-3] INFO  client.GrpcClientProtocolClient (GrpcClientProtocolClient.java:onNext(264)) - client-3CE7D51E2834->a9c241ba-7330-43af-b780-2b01a2bccba1: receive RaftClientReply:client-3CE7D51E2834->a9c241ba-7330-43af-b780-2b01a2bccba1@group-81194D8428A3, cid=45, FAILED org.apache.ratis.protocol.NotLeaderException: Server a9c241ba-7330-43af-b780-2b01a2bccba1@group-81194D8428A3 is not the leader 967c7462-8c27-4f7c-97a1-2e921716fc39:192.168.69.122:46696, logIndex=0, commits[a9c241ba-7330-43af-b780-2b01a2bccba1:c8, 00a9c42b-b8e1-4789-b80f-e97d2858a7db:c8, 967c7462-8c27-4f7c-97a1-2e921716fc39:c8]
2019-09-17 06:18:31,898 [grpc-default-executor-2] INFO  client.GrpcClientProtocolClient (GrpcClientProtocolClient.java:onNext(264)) - client-3CE7D51E2834->a9c241ba-7330-43af-b780-2b01a2bccba1: receive RaftClientReply:client-3CE7D51E2834->a9c241ba-7330-43af-b780-2b01a2bccba1@group-81194D8428A3, cid=45, FAILED org.apache.ratis.protocol.NotLeaderException: Server a9c241ba-7330-43af-b780-2b01a2bccba1@group-81194D8428A3 is not the leader 967c7462-8c27-4f7c-97a1-2e921716fc39:192.168.69.122:46696, logIndex=0, commits[a9c241ba-7330-43af-b780-2b01a2bccba1:c8, 00a9c42b-b8e1-4789-b80f-e97d2858a7db:c8, 967c7462-8c27-4f7c-97a1-2e921716fc39:c8]
2019-09-17 06:18:36,950 [grpc-default-executor-3] INFO  client.GrpcClientProtocolClient (GrpcClientProtocolClient.java:onNext(264)) - client-3CE7D51E2834->00a9c42b-b8e1-4789-b80f-e97d2858a7db: receive RaftClientReply:client-3CE7D51E2834->00a9c42b-b8e1-4789-b80f-e97d2858a7db@group-81194D8428A3, cid=45, FAILED org.apache.ratis.protocol.NotLeaderException: Server 00a9c42b-b8e1-4789-b80f-e97d2858a7db@group-81194D8428A3 is not the leader 967c7462-8c27-4f7c-97a1-2e921716fc39:192.168.69.122:46696, logIndex=0, commits[00a9c42b-b8e1-4789-b80f-e97d2858a7db:c8, 967c7462-8c27-4f7c-97a1-2e921716fc39:c8, a9c241ba-7330-43af-b780-2b01a2bccba1:c8]
2019-09-17 06:18:41,999 [grpc-default-executor-3] INFO  client.GrpcClientProtocolClient (GrpcClientProtocolClient.java:onNext(264)) - client-3CE7D51E2834->00a9c42b-b8e1-4789-b80f-e97d2858a7db: receive RaftClientReply:client-3CE7D51E2834->00a9c42b-b8e1-4789-b80f-e97d2858a7db@group-81194D8428A3, cid=45, FAILED org.apache.ratis.protocol.NotLeaderException: Server 00a9c42b-b8e1-4789-b80f-e97d2858a7db@group-81194D8428A3 is not the leader 967c7462-8c27-4f7c-97a1-2e921716fc39:192.168.69.122:46696, logIndex=0, commits[00a9c42b-b8e1-4789-b80f-e97d2858a7db:c8, 967c7462-8c27-4f7c-97a1-2e921716fc39:c8, a9c241ba-7330-43af-b780-2b01a2bccba1:c8]
2019-09-17 06:18:47,049 [grpc-default-executor-2] INFO  client.GrpcClientProtocolClient (GrpcClientProtocolClient.java:onNext(264)) - client-3CE7D51E2834->00a9c42b-b8e1-4789-b80f-e97d2858a7db: receive RaftClientReply:client-3CE7D51E2834->00a9c42b-b8e1-4789-b80f-e97d2858a7db@group-81194D8428A3, cid=45, FAILED org.apache.ratis.protocol.NotLeaderException: Server 00a9c42b-b8e1-4789-b80f-e97d2858a7db@group-81194D8428A3 is not the leader 967c7462-8c27-4f7c-97a1-2e921716fc39:192.168.69.122:46696, logIndex=0, commits[00a9c42b-b8e1-4789-b80f-e97d2858a7db:c8, 967c7462-8c27-4f7c-97a1-2e921716fc39:c8, a9c241ba-7330-43af-b780-2b01a2bccba1:c8]
2019-09-17 06:18:52,103 [grpc-default-executor-2] INFO  client.GrpcClientProtocolClient (GrpcClientProtocolClient.java:onNext(264)) - client-3CE7D51E2834->a9c241ba-7330-43af-b780-2b01a2bccba1: receive RaftClientReply:client-3CE7D51E2834->a9c241ba-7330-43af-b780-2b01a2bccba1@group-81194D8428A3, cid=45, FAILED org.apache.ratis.protocol.NotLeaderException: Server a9c241ba-7330-43af-b780-2b01a2bccba1@group-81194D8428A3 is not the leader 967c7462-8c27-4f7c-97a1-2e921716fc39:192.168.69.122:46696, logIndex=0, commits[a9c241ba-7330-43af-b780-2b01a2bccba1:c8, 00a9c42b-b8e1-4789-b80f-e97d2858a7db:c8, 967c7462-8c27-4f7c-97a1-2e921716fc39:c8]
2019-09-17 06:18:57,140 [grpc-default-executor-3] INFO  client.GrpcClientProtocolClient (GrpcClientProtocolClient.java:onNext(264)) - client-3CE7D51E2834->a9c241ba-7330-43af-b780-2b01a2bccba1: receive RaftClientReply:client-3CE7D51E2834->a9c241ba-7330-43af-b780-2b01a2bccba1@group-81194D8428A3, cid=45, FAILED org.apache.ratis.protocol.NotLeaderException: Server a9c241ba-7330-43af-b780-2b01a2bccba1@group-81194D8428A3 is not the leader 967c7462-8c27-4f7c-97a1-2e921716fc39:192.168.69.122:46696, logIndex=0, commits[a9c241ba-7330-43af-b780-2b01a2bccba1:c8, 00a9c42b-b8e1-4789-b80f-e97d2858a7db:c8, 967c7462-8c27-4f7c-97a1-2e921716fc39:c8]
2019-09-17 06:19:02,209 [grpc-default-executor-3] INFO  client.GrpcClientProtocolClient (GrpcClientProtocolClient.java:onNext(264)) - client-3CE7D51E2834->00a9c42b-b8e1-4789-b80f-e97d2858a7db: receive RaftClientReply:client-3CE7D51E2834->00a9c42b-b8e1-4789-b80f-e97d2858a7db@group-81194D8428A3, cid=45, FAILED org.apache.ratis.protocol.NotLeaderException: Server 00a9c42b-b8e1-4789-b80f-e97d2858a7db@group-81194D8428A3 is not the leader 967c7462-8c27-4f7c-97a1-2e921716fc39:192.168.69.122:46696, logIndex=0, commits[00a9c42b-b8e1-4789-b80f-e97d2858a7db:c8, 967c7462-8c27-4f7c-97a1-2e921716fc39:c8, a9c241ba-7330-43af-b780-2b01a2bccba1:c8]
2019-09-17 06:19:07,249 [grpc-default-executor-3] INFO  client.GrpcClientProtocolClient (GrpcClientProtocolClient.java:onNext(264)) - client-3CE7D51E2834->00a9c42b-b8e1-4789-b80f-e97d2858a7db: receive RaftClientReply:client-3CE7D51E2834->00a9c42b-b8e1-4789-b80f-e97d2858a7db@group-81194D8428A3, cid=45, FAILED org.apache.ratis.protocol.NotLeaderException: Server 00a9c42b-b8e1-4789-b80f-e97d2858a7db@group-81194D8428A3 is not the leader 967c7462-8c27-4f7c-97a1-2e921716fc39:192.168.69.122:46696, logIndex=0, commits[00a9c42b-b8e1-4789-b80f-e97d2858a7db:c8, 967c7462-8c27-4f7c-97a1-2e921716fc39:c8, a9c241ba-7330-43af-b780-2b01a2bccba1:c8]
2019-09-17 06:19:12,299 [grpc-default-executor-3] INFO  client.GrpcClientProtocolClient (GrpcClientProtocolClient.java:onNext(264)) - client-3CE7D51E2834->a9c241ba-7330-43af-b780-2b01a2bccba1: receive RaftClientReply:client-3CE7D51E2834->a9c241ba-7330-43af-b780-2b01a2bccba1@group-81194D8428A3, cid=45, FAILED org.apache.ratis.protocol.NotLeaderException: Server a9c241ba-7330-43af-b780-2b01a2bccba1@group-81194D8428A3 is not the leader 967c7462-8c27-4f7c-97a1-2e921716fc39:192.168.69.122:46696, logIndex=0, commits[a9c241ba-7330-43af-b780-2b01a2bccba1:c8, 00a9c42b-b8e1-4789-b80f-e97d2858a7db:c8, 967c7462-8c27-4f7c-97a1-2e921716fc39:c8]
2019-09-17 06:19:17,339 [grpc-default-executor-3] INFO  client.GrpcClientProtocolClient (GrpcClientProtocolClient.java:onNext(264)) - client-3CE7D51E2834->a9c241ba-7330-43af-b780-2b01a2bccba1: receive RaftClientReply:client-3CE7D51E2834->a9c241ba-7330-43af-b780-2b01a2bccba1@group-81194D8428A3, cid=45, FAILED org.apache.ratis.protocol.NotLeaderException: Server a9c241ba-7330-43af-b780-2b01a2bccba1@group-81194D8428A3 is not the leader 967c7462-8c27-4f7c-97a1-2e921716fc39:192.168.69.122:46696, logIndex=0, commits[a9c241ba-7330-43af-b780-2b01a2bccba1:c8, 00a9c42b-b8e1-4789-b80f-e97d2858a7db:c8, 967c7462-8c27-4f7c-97a1-2e921716fc39:c8]
2019-09-17 06:19:22,396 [grpc-default-executor-3] INFO  client.GrpcClientProtocolClient (GrpcClientProtocolClient.java:onNext(264)) - client-3CE7D51E2834->a9c241ba-7330-43af-b780-2b01a2bccba1: receive RaftClientReply:client-3CE7D51E2834->a9c241ba-7330-43af-b780-2b01a2bccba1@group-81194D8428A3, cid=45, FAILED org.apache.ratis.protocol.NotLeaderException: Server a9c241ba-7330-43af-b780-2b01a2bccba1@group-81194D8428A3 is not the leader 967c7462-8c27-4f7c-97a1-2e921716fc39:192.168.69.122:46696, logIndex=0, commits[a9c241ba-7330-43af-b780-2b01a2bccba1:c8, 00a9c42b-b8e1-4789-b80f-e97d2858a7db:c8, 967c7462-8c27-4f7c-97a1-2e921716fc39:c8]
2019-09-17 06:19:27,453 [grpc-default-executor-3] INFO  client.GrpcClientProtocolClient (GrpcClientProtocolClient.java:onNext(264)) - client-3CE7D51E2834->a9c241ba-7330-43af-b780-2b01a2bccba1: receive RaftClientReply:client-3CE7D51E2834->a9c241ba-7330-43af-b780-2b01a2bccba1@group-81194D8428A3, cid=45, FAILED org.apache.ratis.protocol.NotLeaderException: Server a9c241ba-7330-43af-b780-2b01a2bccba1@group-81194D8428A3 is not the leader 967c7462-8c27-4f7c-97a1-2e921716fc39:192.168.69.122:46696, logIndex=0, commits[a9c241ba-7330-43af-b780-2b01a2bccba1:c8, 00a9c42b-b8e1-4789-b80f-e97d2858a7db:c8, 967c7462-8c27-4f7c-97a1-2e921716fc39:c8]
2019-09-17 06:19:32,506 [grpc-default-executor-3] INFO  client.GrpcClientProtocolClient (GrpcClientProtocolClient.java:onNext(264)) - client-3CE7D51E2834->a9c241ba-7330-43af-b780-2b01a2bccba1: receive RaftClientReply:client-3CE7D51E2834->a9c241ba-7330-43af-b780-2b01a2bccba1@group-81194D8428A3, cid=45, FAILED org.apache.ratis.protocol.NotLeaderException: Server a9c241ba-7330-43af-b780-2b01a2bccba1@group-81194D8428A3 is not the leader 967c7462-8c27-4f7c-97a1-2e921716fc39:192.168.69.122:46696, logIndex=0, commits[a9c241ba-7330-43af-b780-2b01a2bccba1:c8, 00a9c42b-b8e1-4789-b80f-e97d2858a7db:c8, 967c7462-8c27-4f7c-97a1-2e921716fc39:c8]
2019-09-17 06:19:37,562 [grpc-default-executor-2] INFO  client.GrpcClientProtocolClient (GrpcClientProtocolClient.java:onNext(264)) - client-3CE7D51E2834->00a9c42b-b8e1-4789-b80f-e97d2858a7db: receive RaftClientReply:client-3CE7D51E2834->00a9c42b-b8e1-4789-b80f-e97d2858a7db@group-81194D8428A3, cid=45, FAILED org.apache.ratis.protocol.NotLeaderException: Server 00a9c42b-b8e1-4789-b80f-e97d2858a7db@group-81194D8428A3 is not the leader 967c7462-8c27-4f7c-97a1-2e921716fc39:192.168.69.122:46696, logIndex=0, commits[00a9c42b-b8e1-4789-b80f-e97d2858a7db:c8, 967c7462-8c27-4f7c-97a1-2e921716fc39:c8, a9c241ba-7330-43af-b780-2b01a2bccba1:c8]
2019-09-17 06:19:42,649 [grpc-default-executor-3] INFO  client.GrpcClientProtocolClient (GrpcClientProtocolClient.java:onNext(264)) - client-3CE7D51E2834->a9c241ba-7330-43af-b780-2b01a2bccba1: receive RaftClientReply:client-3CE7D51E2834->a9c241ba-7330-43af-b780-2b01a2bccba1@group-81194D8428A3, cid=45, FAILED org.apache.ratis.protocol.NotLeaderException: Server a9c241ba-7330-43af-b780-2b01a2bccba1@group-81194D8428A3 is not the leader 967c7462-8c27-4f7c-97a1-2e921716fc39:192.168.69.122:46696, logIndex=0, commits[a9c241ba-7330-43af-b780-2b01a2bccba1:c8, 00a9c42b-b8e1-4789-b80f-e97d2858a7db:c8, 967c7462-8c27-4f7c-97a1-2e921716fc39:c8]
2019-09-17 06:19:47,715 [grpc-default-executor-2] INFO  client.GrpcClientProtocolClient (GrpcClientProtocolClient.java:onNext(264)) - client-3CE7D51E2834->a9c241ba-7330-43af-b780-2b01a2bccba1: receive RaftClientReply:client-3CE7D51E2834->a9c241ba-7330-43af-b780-2b01a2bccba1@group-81194D8428A3, cid=45, FAILED org.apache.ratis.protocol.NotLeaderException: Server a9c241ba-7330-43af-b780-2b01a2bccba1@group-81194D8428A3 is not the leader 967c7462-8c27-4f7c-97a1-2e921716fc39:192.168.69.122:46696, logIndex=0, commits[a9c241ba-7330-43af-b780-2b01a2bccba1:c8, 00a9c42b-b8e1-4789-b80f-e97d2858a7db:c8, 967c7462-8c27-4f7c-97a1-2e921716fc39:c8]
2019-09-17 06:19:52,784 [grpc-default-executor-3] INFO  client.GrpcClientProtocolClient (GrpcClientProtocolClient.java:onNext(264)) - client-3CE7D51E2834->00a9c42b-b8e1-4789-b80f-e97d2858a7db: receive RaftClientReply:client-3CE7D51E2834->00a9c42b-b8e1-4789-b80f-e97d2858a7db@group-81194D8428A3, cid=45, FAILED org.apache.ratis.protocol.NotLeaderException: Server 00a9c42b-b8e1-4789-b80f-e97d2858a7db@group-81194D8428A3 is not the leader 967c7462-8c27-4f7c-97a1-2e921716fc39:192.168.69.122:46696, logIndex=0, commits[00a9c42b-b8e1-4789-b80f-e97d2858a7db:c8, 967c7462-8c27-4f7c-97a1-2e921716fc39:c8, a9c241ba-7330-43af-b780-2b01a2bccba1:c8]
2019-09-17 06:19:57,831 [grpc-default-executor-3] INFO  client.GrpcClientProtocolClient (GrpcClientProtocolClient.java:onNext(264)) - client-3CE7D51E2834->00a9c42b-b8e1-4789-b80f-e97d2858a7db: receive RaftClientReply:client-3CE7D51E2834->00a9c42b-b8e1-4789-b80f-e97d2858a7db@group-81194D8428A3, cid=45, FAILED org.apache.ratis.protocol.NotLeaderException: Server 00a9c42b-b8e1-4789-b80f-e97d2858a7db@group-81194D8428A3 is not the leader 967c7462-8c27-4f7c-97a1-2e921716fc39:192.168.69.122:46696, logIndex=0, commits[00a9c42b-b8e1-4789-b80f-e97d2858a7db:c8, 967c7462-8c27-4f7c-97a1-2e921716fc39:c8, a9c241ba-7330-43af-b780-2b01a2bccba1:c8]
2019-09-17 06:20:02,881 [grpc-default-executor-3] INFO  client.GrpcClientProtocolClient (GrpcClientProtocolClient.java:onNext(264)) - client-3CE7D51E2834->00a9c42b-b8e1-4789-b80f-e97d2858a7db: receive RaftClientReply:client-3CE7D51E2834->00a9c42b-b8e1-4789-b80f-e97d2858a7db@group-81194D8428A3, cid=45, FAILED org.apache.ratis.protocol.NotLeaderException: Server 00a9c42b-b8e1-4789-b80f-e97d2858a7db@group-81194D8428A3 is not the leader 967c7462-8c27-4f7c-97a1-2e921716fc39:192.168.69.122:46696, logIndex=0, commits[00a9c42b-b8e1-4789-b80f-e97d2858a7db:c8, 967c7462-8c27-4f7c-97a1-2e921716fc39:c8, a9c241ba-7330-43af-b780-2b01a2bccba1:c8]
2019-09-17 06:20:07,940 [grpc-default-executor-3] INFO  client.GrpcClientProtocolClient (GrpcClientProtocolClient.java:onNext(264)) - client-3CE7D51E2834->a9c241ba-7330-43af-b780-2b01a2bccba1: receive RaftClientReply:client-3CE7D51E2834->a9c241ba-7330-43af-b780-2b01a2bccba1@group-81194D8428A3, cid=45, FAILED org.apache.ratis.protocol.NotLeaderException: Server a9c241ba-7330-43af-b780-2b01a2bccba1@group-81194D8428A3 is not the leader 967c7462-8c27-4f7c-97a1-2e921716fc39:192.168.69.122:46696, logIndex=0, commits[a9c241ba-7330-43af-b780-2b01a2bccba1:c8, 00a9c42b-b8e1-4789-b80f-e97d2858a7db:c8, 967c7462-8c27-4f7c-97a1-2e921716fc39:c8]
2019-09-17 06:20:13,013 [grpc-default-executor-3] INFO  client.GrpcClientProtocolClient (GrpcClientProtocolClient.java:onNext(264)) - client-3CE7D51E2834->00a9c42b-b8e1-4789-b80f-e97d2858a7db: receive RaftClientReply:client-3CE7D51E2834->00a9c42b-b8e1-4789-b80f-e97d2858a7db@group-81194D8428A3, cid=45, FAILED org.apache.ratis.protocol.NotLeaderException: Server 00a9c42b-b8e1-4789-b80f-e97d2858a7db@group-81194D8428A3 is not the leader 967c7462-8c27-4f7c-97a1-2e921716fc39:192.168.69.122:46696, logIndex=0, commits[00a9c42b-b8e1-4789-b80f-e97d2858a7db:c8, 967c7462-8c27-4f7c-97a1-2e921716fc39:c8, a9c241ba-7330-43af-b780-2b01a2bccba1:c8]
2019-09-17 06:20:18,057 [grpc-default-executor-3] INFO  client.GrpcClientProtocolClient (GrpcClientProtocolClient.java:onNext(264)) - client-3CE7D51E2834->a9c241ba-7330-43af-b780-2b01a2bccba1: receive RaftClientReply:client-3CE7D51E2834->a9c241ba-7330-43af-b780-2b01a2bccba1@group-81194D8428A3, cid=45, FAILED org.apache.ratis.protocol.NotLeaderException: Server a9c241ba-7330-43af-b780-2b01a2bccba1@group-81194D8428A3 is not the leader 967c7462-8c27-4f7c-97a1-2e921716fc39:192.168.69.122:46696, logIndex=0, commits[a9c241ba-7330-43af-b780-2b01a2bccba1:c8, 00a9c42b-b8e1-4789-b80f-e97d2858a7db:c8, 967c7462-8c27-4f7c-97a1-2e921716fc39:c8]
2019-09-17 06:20:23,119 [grpc-default-executor-3] INFO  client.GrpcClientProtocolClient (GrpcClientProtocolClient.java:onNext(264)) - client-3CE7D51E2834->00a9c42b-b8e1-4789-b80f-e97d2858a7db: receive RaftClientReply:client-3CE7D51E2834->00a9c42b-b8e1-4789-b80f-e97d2858a7db@group-81194D8428A3, cid=45, FAILED org.apache.ratis.protocol.NotLeaderException: Server 00a9c42b-b8e1-4789-b80f-e97d2858a7db@group-81194D8428A3 is not the leader 967c7462-8c27-4f7c-97a1-2e921716fc39:192.168.69.122:46696, logIndex=0, commits[00a9c42b-b8e1-4789-b80f-e97d2858a7db:c8, 967c7462-8c27-4f7c-97a1-2e921716fc39:c8, a9c241ba-7330-43af-b780-2b01a2bccba1:c8]
2019-09-17 06:20:28,173 [grpc-default-executor-1] INFO  client.GrpcClientProtocolClient (GrpcClientProtocolClient.java:onNext(264)) - client-3CE7D51E2834->00a9c42b-b8e1-4789-b80f-e97d2858a7db: receive RaftClientReply:client-3CE7D51E2834->00a9c42b-b8e1-4789-b80f-e97d2858a7db@group-81194D8428A3, cid=45, FAILED org.apache.ratis.protocol.NotLeaderException: Server 00a9c42b-b8e1-4789-b80f-e97d2858a7db@group-81194D8428A3 is not the leader 967c7462-8c27-4f7c-97a1-2e921716fc39:192.168.69.122:46696, logIndex=0, commits[00a9c42b-b8e1-4789-b80f-e97d2858a7db:c8, 967c7462-8c27-4f7c-97a1-2e921716fc39:c8, a9c241ba-7330-43af-b780-2b01a2bccba1:c8]
2019-09-17 06:20:33,215 [grpc-default-executor-1] INFO  client.GrpcClientProtocolClient (GrpcClientProtocolClient.java:onNext(264)) - client-3CE7D51E2834->a9c241ba-7330-43af-b780-2b01a2bccba1: receive RaftClientReply:client-3CE7D51E2834->a9c241ba-7330-43af-b780-2b01a2bccba1@group-81194D8428A3, cid=45, FAILED org.apache.ratis.protocol.NotLeaderException: Server a9c241ba-7330-43af-b780-2b01a2bccba1@group-81194D8428A3 is not the leader 967c7462-8c27-4f7c-97a1-2e921716fc39:192.168.69.122:46696, logIndex=0, commits[a9c241ba-7330-43af-b780-2b01a2bccba1:c8, 00a9c42b-b8e1-4789-b80f-e97d2858a7db:c8, 967c7462-8c27-4f7c-97a1-2e921716fc39:c8]
2019-09-17 06:20:38,261 [grpc-default-executor-3] INFO  client.GrpcClientProtocolClient (GrpcClientProtocolClient.java:onNext(264)) - client-3CE7D51E2834->00a9c42b-b8e1-4789-b80f-e97d2858a7db: receive RaftClientReply:client-3CE7D51E2834->00a9c42b-b8e1-4789-b80f-e97d2858a7db@group-81194D8428A3, cid=45, FAILED org.apache.ratis.protocol.NotLeaderException: Server 00a9c42b-b8e1-4789-b80f-e97d2858a7db@group-81194D8428A3 is not the leader 967c7462-8c27-4f7c-97a1-2e921716fc39:192.168.69.122:46696, logIndex=0, commits[00a9c42b-b8e1-4789-b80f-e97d2858a7db:c8, 967c7462-8c27-4f7c-97a1-2e921716fc39:c8, a9c241ba-7330-43af-b780-2b01a2bccba1:c8]
2019-09-17 06:20:43,319 [grpc-default-executor-3] INFO  client.GrpcClientProtocolClient (GrpcClientProtocolClient.java:onNext(264)) - client-3CE7D51E2834->a9c241ba-7330-43af-b780-2b01a2bccba1: receive RaftClientReply:client-3CE7D51E2834->a9c241ba-7330-43af-b780-2b01a2bccba1@group-81194D8428A3, cid=45, FAILED org.apache.ratis.protocol.NotLeaderException: Server a9c241ba-7330-43af-b780-2b01a2bccba1@group-81194D8428A3 is not the leader 967c7462-8c27-4f7c-97a1-2e921716fc39:192.168.69.122:46696, logIndex=0, commits[a9c241ba-7330-43af-b780-2b01a2bccba1:c8, 00a9c42b-b8e1-4789-b80f-e97d2858a7db:c8, 967c7462-8c27-4f7c-97a1-2e921716fc39:c8]
2019-09-17 06:20:48,371 [grpc-default-executor-2] INFO  client.GrpcClientProtocolClient (GrpcClientProtocolClient.java:onNext(264)) - client-3CE7D51E2834->00a9c42b-b8e1-4789-b80f-e97d2858a7db: receive RaftClientReply:client-3CE7D51E2834->00a9c42b-b8e1-4789-b80f-e97d2858a7db@group-81194D8428A3, cid=45, FAILED org.apache.ratis.protocol.NotLeaderException: Server 00a9c42b-b8e1-4789-b80f-e97d2858a7db@group-81194D8428A3 is not the leader 967c7462-8c27-4f7c-97a1-2e921716fc39:192.168.69.122:46696, logIndex=0, commits[00a9c42b-b8e1-4789-b80f-e97d2858a7db:c8, 967c7462-8c27-4f7c-97a1-2e921716fc39:c8, a9c241ba-7330-43af-b780-2b01a2bccba1:c8]
2019-09-17 06:20:53,439 [grpc-default-executor-1] INFO  client.GrpcClientProtocolClient (GrpcClientProtocolClient.java:onNext(264)) - client-3CE7D51E2834->00a9c42b-b8e1-4789-b80f-e97d2858a7db: receive RaftClientReply:client-3CE7D51E2834->00a9c42b-b8e1-4789-b80f-e97d2858a7db@group-81194D8428A3, cid=45, FAILED org.apache.ratis.protocol.NotLeaderException: Server 00a9c42b-b8e1-4789-b80f-e97d2858a7db@group-81194D8428A3 is not the leader 967c7462-8c27-4f7c-97a1-2e921716fc39:192.168.69.122:46696, logIndex=0, commits[00a9c42b-b8e1-4789-b80f-e97d2858a7db:c8, 967c7462-8c27-4f7c-97a1-2e921716fc39:c8, a9c241ba-7330-43af-b780-2b01a2bccba1:c8]
2019-09-17 06:20:58,493 [grpc-default-executor-3] INFO  client.GrpcClientProtocolClient (GrpcClientProtocolClient.java:onNext(264)) - client-3CE7D51E2834->00a9c42b-b8e1-4789-b80f-e97d2858a7db: receive RaftClientReply:client-3CE7D51E2834->00a9c42b-b8e1-4789-b80f-e97d2858a7db@group-81194D8428A3, cid=45, FAILED org.apache.ratis.protocol.NotLeaderException: Server 00a9c42b-b8e1-4789-b80f-e97d2858a7db@group-81194D8428A3 is not the leader 967c7462-8c27-4f7c-97a1-2e921716fc39:192.168.69.122:46696, logIndex=0, commits[00a9c42b-b8e1-4789-b80f-e97d2858a7db:c8, 967c7462-8c27-4f7c-97a1-2e921716fc39:c8, a9c241ba-7330-43af-b780-2b01a2bccba1:c8]
2019-09-17 06:21:00,803 [ReplicationMonitor] INFO  container.ReplicationManager (ReplicationManager.java:run(225)) - Replication Monitor Thread took 1 milliseconds for processing 3 containers.
2019-09-17 06:21:03,543 [grpc-default-executor-1] INFO  client.GrpcClientProtocolClient (GrpcClientProtocolClient.java:onNext(264)) - client-3CE7D51E2834->a9c241ba-7330-43af-b780-2b01a2bccba1: receive RaftClientReply:client-3CE7D51E2834->a9c241ba-7330-43af-b780-2b01a2bccba1@group-81194D8428A3, cid=45, FAILED org.apache.ratis.protocol.NotLeaderException: Server a9c241ba-7330-43af-b780-2b01a2bccba1@group-81194D8428A3 is not the leader 967c7462-8c27-4f7c-97a1-2e921716fc39:192.168.69.122:46696, logIndex=0, commits[a9c241ba-7330-43af-b780-2b01a2bccba1:c8, 00a9c42b-b8e1-4789-b80f-e97d2858a7db:c8, 967c7462-8c27-4f7c-97a1-2e921716fc39:c8]
2019-09-17 06:21:08,598 [grpc-default-executor-3] INFO  client.GrpcClientProtocolClient (GrpcClientProtocolClient.java:onNext(264)) - client-3CE7D51E2834->a9c241ba-7330-43af-b780-2b01a2bccba1: receive RaftClientReply:client-3CE7D51E2834->a9c241ba-7330-43af-b780-2b01a2bccba1@group-81194D8428A3, cid=45, FAILED org.apache.ratis.protocol.NotLeaderException: Server a9c241ba-7330-43af-b780-2b01a2bccba1@group-81194D8428A3 is not the leader 967c7462-8c27-4f7c-97a1-2e921716fc39:192.168.69.122:46696, logIndex=0, commits[a9c241ba-7330-43af-b780-2b01a2bccba1:c8, 00a9c42b-b8e1-4789-b80f-e97d2858a7db:c8, 967c7462-8c27-4f7c-97a1-2e921716fc39:c8]
2019-09-17 06:21:08,611 [main] INFO  ozone.MiniOzoneClusterImpl (MiniOzoneClusterImpl.java:shutdown(312)) - Shutting down the Mini Ozone Cluster
2019-09-17 06:21:08,614 [main] INFO  ozone.MiniOzoneClusterImpl (MiniOzoneClusterImpl.java:stop(327)) - Stopping the Mini Ozone Cluster
2019-09-17 06:21:08,615 [main] INFO  ozone.MiniOzoneClusterImpl (MiniOzoneClusterImpl.java:stop(329)) - Stopping the OzoneManager
2019-09-17 06:21:08,615 [main] INFO  ipc.Server (Server.java:stop(3082)) - Stopping server on 43666
2019-09-17 06:21:08,651 [IPC Server listener on 43666] INFO  ipc.Server (Server.java:run(1185)) - Stopping IPC Server listener on 43666
2019-09-17 06:21:08,654 [main] INFO  ratis.OzoneManagerDoubleBuffer (OzoneManagerDoubleBuffer.java:stop(248)) - Stopping OMDoubleBuffer flush thread
2019-09-17 06:21:08,654 [IPC Server Responder] INFO  ipc.Server (Server.java:run(1319)) - Stopping IPC Server Responder
2019-09-17 06:21:08,658 [OMDoubleBufferFlushThread] INFO  ratis.OzoneManagerDoubleBuffer (OzoneManagerDoubleBuffer.java:flushTransactions(191)) - OMDoubleBuffer flush thread OMDoubleBufferFlushThread is interrupted and will exit. OMDoubleBufferFlushThread
2019-09-17 06:21:08,658 [main] INFO  utils.BackgroundService (BackgroundService.java:shutdown(148)) - Shutting down service KeyDeletingService
2019-09-17 06:21:08,661 [main] INFO  handler.ContextHandler (ContextHandler.java:doStop(910)) - Stopped o.e.j.w.WebAppContext@19b206ee{/,null,UNAVAILABLE}{/ozoneManager}
2019-09-17 06:21:08,662 [main] INFO  server.AbstractConnector (AbstractConnector.java:doStop(318)) - Stopped ServerConnector@ffd4cba{HTTP/1.1,[http/1.1]}{0.0.0.0:0}
2019-09-17 06:21:08,662 [main] INFO  handler.ContextHandler (ContextHandler.java:doStop(910)) - Stopped o.e.j.s.ServletContextHandler@611640f0{/static,file:///workdir/hadoop-ozone/integration-test/target/test-classes/webapps/static,UNAVAILABLE}
2019-09-17 06:21:08,663 [main] INFO  handler.ContextHandler (ContextHandler.java:doStop(910)) - Stopped o.e.j.s.ServletContextHandler@4d0e54e0{/logs,file:///workdir/hadoop-ozone/integration-test/target/log,UNAVAILABLE}
2019-09-17 06:21:08,667 [main] INFO  ozone.MiniOzoneClusterImpl (MiniOzoneClusterImpl.java:stop(335)) - Shutting the HddsDatanodes
2019-09-17 06:21:08,892 [Datanode State Machine Thread - 0] INFO  statemachine.DatanodeStateMachine (DatanodeStateMachine.java:lambda$startDaemon$0(350)) - Ozone container server started.
2019-09-17 06:21:09,232 [Datanode State Machine Thread - 0] INFO  statemachine.DatanodeStateMachine (DatanodeStateMachine.java:lambda$startDaemon$0(350)) - Ozone container server started.
2019-09-17 06:21:13,669 [ForkJoinPool.commonPool-worker-0] INFO  ozoneimpl.OzoneContainer (OzoneContainer.java:stop(231)) - Attempting to stop container services.
2019-09-17 06:21:13,669 [main] INFO  ozoneimpl.OzoneContainer (OzoneContainer.java:stop(231)) - Attempting to stop container services.
2019-09-17 06:21:13,671 [ForkJoinPool.commonPool-worker-0] INFO  impl.RaftServerProxy (RaftServerProxy.java:lambda$close$4(314)) - be3471fd-5ec3-4a32-92cd-b8d21dd0df7a: close
2019-09-17 06:21:13,671 [main] INFO  impl.RaftServerProxy (RaftServerProxy.java:lambda$close$4(314)) - f34b9ced-9b49-4611-b86d-99421916706b: close
2019-09-17 06:21:13,672 [ForkJoinPool.commonPool-worker-0] INFO  impl.RaftServerImpl (RaftServerImpl.java:lambda$shutdown$3(251)) - be3471fd-5ec3-4a32-92cd-b8d21dd0df7a@group-E3E888283239: shutdown
2019-09-17 06:21:13,672 [main] INFO  impl.RaftServerImpl (RaftServerImpl.java:lambda$shutdown$3(251)) - f34b9ced-9b49-4611-b86d-99421916706b@group-8A0EEB56B882: shutdown
2019-09-17 06:21:13,672 [ForkJoinPool.commonPool-worker-0] INFO  util.JmxRegister (JmxRegister.java:unregister(73)) - Successfully un-registered JMX Bean with object name Ratis:service=RaftServer,group=group-E3E888283239,id=be3471fd-5ec3-4a32-92cd-b8d21dd0df7a
2019-09-17 06:21:13,673 [main] INFO  util.JmxRegister (JmxRegister.java:unregister(73)) - Successfully un-registered JMX Bean with object name Ratis:service=RaftServer,group=group-8A0EEB56B882,id=f34b9ced-9b49-4611-b86d-99421916706b
2019-09-17 06:21:13,673 [ForkJoinPool.commonPool-worker-0] INFO  impl.RoleInfo (RoleInfo.java:shutdownLeaderState(104)) - be3471fd-5ec3-4a32-92cd-b8d21dd0df7a: shutdown LeaderState
2019-09-17 06:21:13,673 [main] INFO  impl.RoleInfo (RoleInfo.java:shutdownLeaderState(104)) - f34b9ced-9b49-4611-b86d-99421916706b: shutdown LeaderState
2019-09-17 06:21:13,674 [ForkJoinPool.commonPool-worker-0] INFO  impl.PendingRequests (PendingRequests.java:sendNotLeaderResponses(202)) - be3471fd-5ec3-4a32-92cd-b8d21dd0df7a-PendingRequests: sendNotLeaderResponses
2019-09-17 06:21:13,674 [main] INFO  impl.PendingRequests (PendingRequests.java:sendNotLeaderResponses(202)) - f34b9ced-9b49-4611-b86d-99421916706b-PendingRequests: sendNotLeaderResponses
2019-09-17 06:21:13,675 [ForkJoinPool.commonPool-worker-0] INFO  impl.StateMachineUpdater (StateMachineUpdater.java:stopAndJoin(125)) - be3471fd-5ec3-4a32-92cd-b8d21dd0df7a@group-E3E888283239-StateMachineUpdater: set stopIndex = 0
2019-09-17 06:21:13,675 [main] INFO  impl.StateMachineUpdater (StateMachineUpdater.java:stopAndJoin(125)) - f34b9ced-9b49-4611-b86d-99421916706b@group-8A0EEB56B882-StateMachineUpdater: set stopIndex = 0
2019-09-17 06:21:13,676 [ForkJoinPool.commonPool-worker-0] INFO  impl.RaftServerImpl (ServerState.java:close(385)) - be3471fd-5ec3-4a32-92cd-b8d21dd0df7a@group-E3E888283239: closes. applyIndex: 0
2019-09-17 06:21:13,676 [main] INFO  impl.RaftServerImpl (ServerState.java:close(385)) - f34b9ced-9b49-4611-b86d-99421916706b@group-8A0EEB56B882: closes. applyIndex: 0
2019-09-17 06:21:13,677 [be3471fd-5ec3-4a32-92cd-b8d21dd0df7a@group-E3E888283239-SegmentedRaftLogWorker] INFO  segmented.SegmentedRaftLogWorker (SegmentedRaftLogWorker.java:run(313)) - be3471fd-5ec3-4a32-92cd-b8d21dd0df7a@group-E3E888283239-SegmentedRaftLogWorker was interrupted, exiting. There are 0 tasks remaining in the queue.
2019-09-17 06:21:13,677 [f34b9ced-9b49-4611-b86d-99421916706b@group-8A0EEB56B882-SegmentedRaftLogWorker] INFO  segmented.SegmentedRaftLogWorker (SegmentedRaftLogWorker.java:run(313)) - f34b9ced-9b49-4611-b86d-99421916706b@group-8A0EEB56B882-SegmentedRaftLogWorker was interrupted, exiting. There are 0 tasks remaining in the queue.
2019-09-17 06:21:13,680 [main] INFO  segmented.SegmentedRaftLogWorker (SegmentedRaftLogWorker.java:close(228)) - f34b9ced-9b49-4611-b86d-99421916706b@group-8A0EEB56B882-SegmentedRaftLogWorker close()
2019-09-17 06:21:13,680 [ForkJoinPool.commonPool-worker-0] INFO  segmented.SegmentedRaftLogWorker (SegmentedRaftLogWorker.java:close(228)) - be3471fd-5ec3-4a32-92cd-b8d21dd0df7a@group-E3E888283239-SegmentedRaftLogWorker close()
2019-09-17 06:21:13,685 [main] INFO  server.GrpcService (GrpcService.java:closeImpl(164)) - f34b9ced-9b49-4611-b86d-99421916706b: shutdown server with port 45901 now
2019-09-17 06:21:13,690 [ForkJoinPool.commonPool-worker-0] INFO  impl.RaftServerImpl (RaftServerImpl.java:lambda$shutdown$3(251)) - be3471fd-5ec3-4a32-92cd-b8d21dd0df7a@group-77EFCECFE653: shutdown
2019-09-17 06:21:13,691 [ForkJoinPool.commonPool-worker-0] INFO  util.JmxRegister (JmxRegister.java:unregister(73)) - Successfully un-registered JMX Bean with object name Ratis:service=RaftServer,group=group-77EFCECFE653,id=be3471fd-5ec3-4a32-92cd-b8d21dd0df7a
2019-09-17 06:21:13,693 [main] INFO  server.GrpcService (GrpcService.java:closeImpl(172)) - f34b9ced-9b49-4611-b86d-99421916706b: shutdown server with port 45901 successfully
2019-09-17 06:21:13,693 [ForkJoinPool.commonPool-worker-0] INFO  impl.RoleInfo (RoleInfo.java:shutdownFollowerState(121)) - be3471fd-5ec3-4a32-92cd-b8d21dd0df7a: shutdown FollowerState
2019-09-17 06:21:13,694 [ForkJoinPool.commonPool-worker-0] INFO  impl.StateMachineUpdater (StateMachineUpdater.java:stopAndJoin(125)) - be3471fd-5ec3-4a32-92cd-b8d21dd0df7a@group-77EFCECFE653-StateMachineUpdater: set stopIndex = 0
2019-09-17 06:21:13,694 [Thread-799] INFO  impl.FollowerState (FollowerState.java:run(115)) - be3471fd-5ec3-4a32-92cd-b8d21dd0df7a: FollowerState was interrupted: java.lang.InterruptedException: sleep interrupted
2019-09-17 06:21:13,698 [ForkJoinPool.commonPool-worker-0] INFO  impl.RaftServerImpl (ServerState.java:close(385)) - be3471fd-5ec3-4a32-92cd-b8d21dd0df7a@group-77EFCECFE653: closes. applyIndex: 0
2019-09-17 06:21:13,698 [be3471fd-5ec3-4a32-92cd-b8d21dd0df7a@group-77EFCECFE653-SegmentedRaftLogWorker] INFO  segmented.SegmentedRaftLogWorker (SegmentedRaftLogWorker.java:run(313)) - be3471fd-5ec3-4a32-92cd-b8d21dd0df7a@group-77EFCECFE653-SegmentedRaftLogWorker was interrupted, exiting. There are 0 tasks remaining in the queue.
2019-09-17 06:21:13,701 [ForkJoinPool.commonPool-worker-0] INFO  segmented.SegmentedRaftLogWorker (SegmentedRaftLogWorker.java:close(228)) - be3471fd-5ec3-4a32-92cd-b8d21dd0df7a@group-77EFCECFE653-SegmentedRaftLogWorker close()
2019-09-17 06:21:13,701 [refreshUsed-/workdir/hadoop-ozone/integration-test/target/test-dir/MiniOzoneClusterImpl-20dced08-aa13-41be-af84-0d1cf5708d98/datanode-4/data/containers] WARN  fs.CachingGetSpaceUsed (CachingGetSpaceUsed.java:run(183)) - Thread Interrupted waiting to refresh disk information: sleep interrupted
2019-09-17 06:21:13,706 [ForkJoinPool.commonPool-worker-0] INFO  server.GrpcService (GrpcService.java:closeImpl(164)) - be3471fd-5ec3-4a32-92cd-b8d21dd0df7a: shutdown server with port 33444 now
2019-09-17 06:21:13,713 [ForkJoinPool.commonPool-worker-0] INFO  server.GrpcService (GrpcService.java:closeImpl(172)) - be3471fd-5ec3-4a32-92cd-b8d21dd0df7a: shutdown server with port 33444 successfully
2019-09-17 06:21:13,713 [grpc-default-executor-3] WARN  server.GrpcLogAppender (LogUtils.java:warn(134)) - 60b9fd43-dfe3-439d-a426-4905ea8c45cc@group-77EFCECFE653->be3471fd-5ec3-4a32-92cd-b8d21dd0df7a-AppendLogResponseHandler: Failed appendEntries: org.apache.ratis.thirdparty.io.grpc.StatusRuntimeException: CANCELLED: HTTP/2 error code: CANCEL
Received Rst Stream
2019-09-17 06:21:13,713 [grpc-default-executor-2] WARN  server.GrpcServerProtocolService (LogUtils.java:warn(134)) - be3471fd-5ec3-4a32-92cd-b8d21dd0df7a: installSnapshot onError, lastRequest: 60b9fd43-dfe3-439d-a426-4905ea8c45cc->be3471fd-5ec3-4a32-92cd-b8d21dd0df7a#124-t1, previous=(t:1, i:0), leaderCommit=0, initializing? false, entries: <empty>: org.apache.ratis.thirdparty.io.grpc.StatusRuntimeException: CANCELLED: cancelled before receiving half close
2019-09-17 06:21:13,717 [grpc-default-executor-3] INFO  impl.FollowerInfo (FollowerInfo.java:lambda$new$0(51)) - 60b9fd43-dfe3-439d-a426-4905ea8c45cc@group-77EFCECFE653->be3471fd-5ec3-4a32-92cd-b8d21dd0df7a: nextIndex: updateUnconditionally 1 -> 0
2019-09-17 06:21:13,729 [refreshUsed-/workdir/hadoop-ozone/integration-test/target/test-dir/MiniOzoneClusterImpl-20dced08-aa13-41be-af84-0d1cf5708d98/datanode-1/data/containers] WARN  fs.CachingGetSpaceUsed (CachingGetSpaceUsed.java:run(183)) - Thread Interrupted waiting to refresh disk information: sleep interrupted
2019-09-17 06:21:13,741 [main] INFO  utils.BackgroundService (BackgroundService.java:shutdown(148)) - Shutting down service BlockDeletingService
2019-09-17 06:21:13,747 [main] INFO  statemachine.DatanodeStateMachine (DatanodeStateMachine.java:stopDaemon(395)) - Ozone container server stopped.
2019-09-17 06:21:13,749 [main] INFO  handler.ContextHandler (ContextHandler.java:doStop(910)) - Stopped o.e.j.w.WebAppContext@4997552e{/,null,UNAVAILABLE}{/hddsDatanode}
2019-09-17 06:21:13,750 [main] INFO  server.AbstractConnector (AbstractConnector.java:doStop(318)) - Stopped ServerConnector@7bcecef6{HTTP/1.1,[http/1.1]}{0.0.0.0:0}
2019-09-17 06:21:13,750 [main] INFO  handler.ContextHandler (ContextHandler.java:doStop(910)) - Stopped o.e.j.s.ServletContextHandler@1860f3be{/static,jar:file:/home/user/.m2/repository/org/apache/hadoop/hadoop-hdds-container-service/0.5.0-SNAPSHOT/hadoop-hdds-container-service-0.5.0-SNAPSHOT.jar!/webapps/static,UNAVAILABLE}
2019-09-17 06:21:13,750 [main] INFO  handler.ContextHandler (ContextHandler.java:doStop(910)) - Stopped o.e.j.s.ServletContextHandler@3965bdf9{/logs,file:///workdir/hadoop-ozone/integration-test/target/log,UNAVAILABLE}
2019-09-17 06:21:13,751 [ForkJoinPool.commonPool-worker-0] INFO  utils.BackgroundService (BackgroundService.java:shutdown(148)) - Shutting down service BlockDeletingService
2019-09-17 06:21:13,757 [ForkJoinPool.commonPool-worker-0] INFO  statemachine.DatanodeStateMachine (DatanodeStateMachine.java:stopDaemon(395)) - Ozone container server stopped.
2019-09-17 06:21:13,763 [ForkJoinPool.commonPool-worker-0] INFO  handler.ContextHandler (ContextHandler.java:doStop(910)) - Stopped o.e.j.w.WebAppContext@4a92c6a9{/,null,UNAVAILABLE}{/hddsDatanode}
2019-09-17 06:21:13,764 [ForkJoinPool.commonPool-worker-0] INFO  server.AbstractConnector (AbstractConnector.java:doStop(318)) - Stopped ServerConnector@5c9934da{HTTP/1.1,[http/1.1]}{0.0.0.0:0}
2019-09-17 06:21:13,766 [ForkJoinPool.commonPool-worker-0] INFO  handler.ContextHandler (ContextHandler.java:doStop(910)) - Stopped o.e.j.s.ServletContextHandler@7ec95456{/static,jar:file:/home/user/.m2/repository/org/apache/hadoop/hadoop-hdds-container-service/0.5.0-SNAPSHOT/hadoop-hdds-container-service-0.5.0-SNAPSHOT.jar!/webapps/static,UNAVAILABLE}
2019-09-17 06:21:13,768 [ForkJoinPool.commonPool-worker-0] INFO  handler.ContextHandler (ContextHandler.java:doStop(910)) - Stopped o.e.j.s.ServletContextHandler@1e1eeedd{/logs,file:///workdir/hadoop-ozone/integration-test/target/log,UNAVAILABLE}
2019-09-17 06:21:13,872 [grpc-default-executor-2] WARN  server.GrpcLogAppender (LogUtils.java:warn(134)) - 60b9fd43-dfe3-439d-a426-4905ea8c45cc@group-77EFCECFE653->be3471fd-5ec3-4a32-92cd-b8d21dd0df7a-AppendLogResponseHandler: Failed appendEntries: org.apache.ratis.thirdparty.io.grpc.StatusRuntimeException: UNAVAILABLE: io exception
2019-09-17 06:21:13,874 [grpc-default-executor-2] INFO  impl.FollowerInfo (FollowerInfo.java:lambda$new$0(51)) - 60b9fd43-dfe3-439d-a426-4905ea8c45cc@group-77EFCECFE653->be3471fd-5ec3-4a32-92cd-b8d21dd0df7a: nextIndex: updateUnconditionally 0 -> 0
2019-09-17 06:21:13,975 [Datanode State Machine Thread - 0] INFO  statemachine.DatanodeStateMachine (DatanodeStateMachine.java:lambda$startDaemon$0(350)) - Ozone container server started.
2019-09-17 06:21:14,061 [Datanode State Machine Thread - 0] INFO  statemachine.DatanodeStateMachine (DatanodeStateMachine.java:lambda$startDaemon$0(350)) - Ozone container server started.
2019-09-17 06:21:16,374 [grpc-default-executor-1] WARN  server.GrpcLogAppender (LogUtils.java:warn(134)) - 60b9fd43-dfe3-439d-a426-4905ea8c45cc@group-77EFCECFE653->be3471fd-5ec3-4a32-92cd-b8d21dd0df7a-AppendLogResponseHandler: Failed appendEntries: org.apache.ratis.thirdparty.io.grpc.StatusRuntimeException: UNAVAILABLE: io exception
2019-09-17 06:21:16,380 [grpc-default-executor-1] INFO  impl.FollowerInfo (FollowerInfo.java:lambda$new$0(51)) - 60b9fd43-dfe3-439d-a426-4905ea8c45cc@group-77EFCECFE653->be3471fd-5ec3-4a32-92cd-b8d21dd0df7a: nextIndex: updateUnconditionally 0 -> 0
2019-09-17 06:21:18,753 [main] INFO  ozoneimpl.OzoneContainer (OzoneContainer.java:stop(231)) - Attempting to stop container services.
2019-09-17 06:21:18,756 [main] INFO  impl.RaftServerProxy (RaftServerProxy.java:lambda$close$4(314)) - a9c241ba-7330-43af-b780-2b01a2bccba1: close
2019-09-17 06:21:18,756 [main] INFO  impl.RaftServerImpl (RaftServerImpl.java:lambda$shutdown$3(251)) - a9c241ba-7330-43af-b780-2b01a2bccba1@group-81194D8428A3: shutdown
2019-09-17 06:21:18,757 [main] INFO  util.JmxRegister (JmxRegister.java:unregister(73)) - Successfully un-registered JMX Bean with object name Ratis:service=RaftServer,group=group-81194D8428A3,id=a9c241ba-7330-43af-b780-2b01a2bccba1
2019-09-17 06:21:18,758 [main] INFO  impl.RoleInfo (RoleInfo.java:shutdownFollowerState(121)) - a9c241ba-7330-43af-b780-2b01a2bccba1: shutdown FollowerState
2019-09-17 06:21:18,758 [main] INFO  impl.StateMachineUpdater (StateMachineUpdater.java:stopAndJoin(125)) - a9c241ba-7330-43af-b780-2b01a2bccba1@group-81194D8428A3-StateMachineUpdater: set stopIndex = 8
2019-09-17 06:21:18,758 [a9c241ba-7330-43af-b780-2b01a2bccba1@group-81194D8428A3-StateMachineUpdater] INFO  ratis.ContainerStateMachine (ContainerStateMachine.java:takeSnapshot(289)) - group-81194D8428A3: Taking a snapshot at:(t:1, i:6) file /workdir/hadoop-ozone/integration-test/target/test-dir/MiniOzoneClusterImpl-20dced08-aa13-41be-af84-0d1cf5708d98/datanode-3/data/ratis/d77470b2-ee00-4579-9391-81194d8428a3/sm/snapshot.1_6
2019-09-17 06:21:18,758 [Thread-823] INFO  impl.FollowerState (FollowerState.java:run(115)) - a9c241ba-7330-43af-b780-2b01a2bccba1: FollowerState was interrupted: java.lang.InterruptedException: sleep interrupted
2019-09-17 06:21:18,769 [ForkJoinPool.commonPool-worker-0] INFO  ozoneimpl.OzoneContainer (OzoneContainer.java:stop(231)) - Attempting to stop container services.
2019-09-17 06:21:18,770 [ForkJoinPool.commonPool-worker-0] INFO  impl.RaftServerProxy (RaftServerProxy.java:lambda$close$4(314)) - d7c22a7b-346b-4d39-b7ce-c816ec26da0f: close
2019-09-17 06:21:18,770 [ForkJoinPool.commonPool-worker-0] INFO  impl.RaftServerImpl (RaftServerImpl.java:lambda$shutdown$3(251)) - d7c22a7b-346b-4d39-b7ce-c816ec26da0f@group-D84494500B6C: shutdown
2019-09-17 06:21:18,771 [ForkJoinPool.commonPool-worker-0] INFO  util.JmxRegister (JmxRegister.java:unregister(73)) - Successfully un-registered JMX Bean with object name Ratis:service=RaftServer,group=group-D84494500B6C,id=d7c22a7b-346b-4d39-b7ce-c816ec26da0f
2019-09-17 06:21:18,771 [ForkJoinPool.commonPool-worker-0] INFO  impl.RoleInfo (RoleInfo.java:shutdownLeaderState(104)) - d7c22a7b-346b-4d39-b7ce-c816ec26da0f: shutdown LeaderState
2019-09-17 06:21:18,771 [ForkJoinPool.commonPool-worker-0] INFO  impl.PendingRequests (PendingRequests.java:sendNotLeaderResponses(202)) - d7c22a7b-346b-4d39-b7ce-c816ec26da0f-PendingRequests: sendNotLeaderResponses
2019-09-17 06:21:18,772 [a9c241ba-7330-43af-b780-2b01a2bccba1@group-81194D8428A3-StateMachineUpdater] INFO  ratis.ContainerStateMachine (ContainerStateMachine.java:takeSnapshot(300)) - group-81194D8428A3: Finished taking a snapshot at:(t:1, i:6) file:/workdir/hadoop-ozone/integration-test/target/test-dir/MiniOzoneClusterImpl-20dced08-aa13-41be-af84-0d1cf5708d98/datanode-3/data/ratis/d77470b2-ee00-4579-9391-81194d8428a3/sm/snapshot.1_6 time:13
2019-09-17 06:21:18,772 [ForkJoinPool.commonPool-worker-0] INFO  impl.StateMachineUpdater (StateMachineUpdater.java:stopAndJoin(125)) - d7c22a7b-346b-4d39-b7ce-c816ec26da0f@group-D84494500B6C-StateMachineUpdater: set stopIndex = 0
2019-09-17 06:21:18,773 [a9c241ba-7330-43af-b780-2b01a2bccba1@group-81194D8428A3-StateMachineUpdater] INFO  impl.StateMachineUpdater (StateMachineUpdater.java:takeSnapshot(258)) - a9c241ba-7330-43af-b780-2b01a2bccba1@group-81194D8428A3-StateMachineUpdater: Took a snapshot at index 6
2019-09-17 06:21:18,773 [ForkJoinPool.commonPool-worker-0] INFO  impl.RaftServerImpl (ServerState.java:close(385)) - d7c22a7b-346b-4d39-b7ce-c816ec26da0f@group-D84494500B6C: closes. applyIndex: 0
2019-09-17 06:21:18,773 [a9c241ba-7330-43af-b780-2b01a2bccba1@group-81194D8428A3-StateMachineUpdater] INFO  impl.StateMachineUpdater (StateMachineUpdater.java:lambda$new$0(83)) - a9c241ba-7330-43af-b780-2b01a2bccba1@group-81194D8428A3-StateMachineUpdater: snapshotIndex: updateIncreasingly -1 -> 6
2019-09-17 06:21:18,774 [d7c22a7b-346b-4d39-b7ce-c816ec26da0f@group-D84494500B6C-SegmentedRaftLogWorker] INFO  segmented.SegmentedRaftLogWorker (SegmentedRaftLogWorker.java:run(313)) - d7c22a7b-346b-4d39-b7ce-c816ec26da0f@group-D84494500B6C-SegmentedRaftLogWorker was interrupted, exiting. There are 0 tasks remaining in the queue.
2019-09-17 06:21:18,774 [a9c241ba-7330-43af-b780-2b01a2bccba1@group-81194D8428A3-StateMachineUpdater] INFO  ratis.ContainerStateMachine (ContainerStateMachine.java:takeSnapshot(289)) - group-81194D8428A3: Taking a snapshot at:(t:1, i:6) file /workdir/hadoop-ozone/integration-test/target/test-dir/MiniOzoneClusterImpl-20dced08-aa13-41be-af84-0d1cf5708d98/datanode-3/data/ratis/d77470b2-ee00-4579-9391-81194d8428a3/sm/snapshot.1_6
2019-09-17 06:21:18,787 [ForkJoinPool.commonPool-worker-0] INFO  segmented.SegmentedRaftLogWorker (SegmentedRaftLogWorker.java:close(228)) - d7c22a7b-346b-4d39-b7ce-c816ec26da0f@group-D84494500B6C-SegmentedRaftLogWorker close()
2019-09-17 06:21:18,787 [a9c241ba-7330-43af-b780-2b01a2bccba1@group-81194D8428A3-StateMachineUpdater] INFO  ratis.ContainerStateMachine (ContainerStateMachine.java:takeSnapshot(300)) - group-81194D8428A3: Finished taking a snapshot at:(t:1, i:6) file:/workdir/hadoop-ozone/integration-test/target/test-dir/MiniOzoneClusterImpl-20dced08-aa13-41be-af84-0d1cf5708d98/datanode-3/data/ratis/d77470b2-ee00-4579-9391-81194d8428a3/sm/snapshot.1_6 time:14
2019-09-17 06:21:18,802 [ForkJoinPool.commonPool-worker-0] INFO  impl.RaftServerImpl (RaftServerImpl.java:lambda$shutdown$3(251)) - d7c22a7b-346b-4d39-b7ce-c816ec26da0f@group-77EFCECFE653: shutdown
2019-09-17 06:21:18,802 [a9c241ba-7330-43af-b780-2b01a2bccba1@group-81194D8428A3-StateMachineUpdater] INFO  impl.StateMachineUpdater (StateMachineUpdater.java:takeSnapshot(258)) - a9c241ba-7330-43af-b780-2b01a2bccba1@group-81194D8428A3-StateMachineUpdater: Took a snapshot at index 6
2019-09-17 06:21:18,802 [ForkJoinPool.commonPool-worker-0] INFO  util.JmxRegister (JmxRegister.java:unregister(73)) - Successfully un-registered JMX Bean with object name Ratis:service=RaftServer,group=group-77EFCECFE653,id=d7c22a7b-346b-4d39-b7ce-c816ec26da0f
2019-09-17 06:21:18,802 [a9c241ba-7330-43af-b780-2b01a2bccba1@group-81194D8428A3-StateMachineUpdater] INFO  impl.StateMachineUpdater (StateMachineUpdater.java:lambda$new$0(83)) - a9c241ba-7330-43af-b780-2b01a2bccba1@group-81194D8428A3-StateMachineUpdater: snapshotIndex: updateIncreasingly 6 -> 6
2019-09-17 06:21:18,803 [ForkJoinPool.commonPool-worker-0] INFO  impl.RoleInfo (RoleInfo.java:shutdownFollowerState(121)) - d7c22a7b-346b-4d39-b7ce-c816ec26da0f: shutdown FollowerState
2019-09-17 06:21:18,803 [main] INFO  impl.RaftServerImpl (ServerState.java:close(385)) - a9c241ba-7330-43af-b780-2b01a2bccba1@group-81194D8428A3: closes. applyIndex: 8
2019-09-17 06:21:18,803 [ForkJoinPool.commonPool-worker-0] INFO  impl.StateMachineUpdater (StateMachineUpdater.java:stopAndJoin(125)) - d7c22a7b-346b-4d39-b7ce-c816ec26da0f@group-77EFCECFE653-StateMachineUpdater: set stopIndex = 0
2019-09-17 06:21:18,804 [Thread-797] INFO  impl.FollowerState (FollowerState.java:run(115)) - d7c22a7b-346b-4d39-b7ce-c816ec26da0f: FollowerState was interrupted: java.lang.InterruptedException: sleep interrupted
2019-09-17 06:21:18,804 [ForkJoinPool.commonPool-worker-0] INFO  impl.RaftServerImpl (ServerState.java:close(385)) - d7c22a7b-346b-4d39-b7ce-c816ec26da0f@group-77EFCECFE653: closes. applyIndex: 0
2019-09-17 06:21:18,804 [a9c241ba-7330-43af-b780-2b01a2bccba1@group-81194D8428A3-SegmentedRaftLogWorker] INFO  segmented.SegmentedRaftLogWorker (SegmentedRaftLogWorker.java:run(313)) - a9c241ba-7330-43af-b780-2b01a2bccba1@group-81194D8428A3-SegmentedRaftLogWorker was interrupted, exiting. There are 0 tasks remaining in the queue.
2019-09-17 06:21:18,806 [d7c22a7b-346b-4d39-b7ce-c816ec26da0f@group-77EFCECFE653-SegmentedRaftLogWorker] INFO  segmented.SegmentedRaftLogWorker (SegmentedRaftLogWorker.java:run(313)) - d7c22a7b-346b-4d39-b7ce-c816ec26da0f@group-77EFCECFE653-SegmentedRaftLogWorker was interrupted, exiting. There are 0 tasks remaining in the queue.
2019-09-17 06:21:18,808 [main] INFO  segmented.SegmentedRaftLogWorker (SegmentedRaftLogWorker.java:close(228)) - a9c241ba-7330-43af-b780-2b01a2bccba1@group-81194D8428A3-SegmentedRaftLogWorker close()
2019-09-17 06:21:18,810 [ForkJoinPool.commonPool-worker-0] INFO  segmented.SegmentedRaftLogWorker (SegmentedRaftLogWorker.java:close(228)) - d7c22a7b-346b-4d39-b7ce-c816ec26da0f@group-77EFCECFE653-SegmentedRaftLogWorker close()
2019-09-17 06:21:18,812 [main] INFO  impl.RaftServerImpl (RaftServerImpl.java:lambda$shutdown$3(251)) - a9c241ba-7330-43af-b780-2b01a2bccba1@group-4208DC040E8B: shutdown
2019-09-17 06:21:18,815 [ForkJoinPool.commonPool-worker-0] INFO  server.GrpcService (GrpcService.java:closeImpl(164)) - d7c22a7b-346b-4d39-b7ce-c816ec26da0f: shutdown server with port 37000 now
2019-09-17 06:21:18,815 [main] INFO  util.JmxRegister (JmxRegister.java:unregister(73)) - Successfully un-registered JMX Bean with object name Ratis:service=RaftServer,group=group-4208DC040E8B,id=a9c241ba-7330-43af-b780-2b01a2bccba1
2019-09-17 06:21:18,816 [main] INFO  impl.RoleInfo (RoleInfo.java:shutdownLeaderState(104)) - a9c241ba-7330-43af-b780-2b01a2bccba1: shutdown LeaderState
2019-09-17 06:21:18,816 [main] INFO  impl.PendingRequests (PendingRequests.java:sendNotLeaderResponses(202)) - a9c241ba-7330-43af-b780-2b01a2bccba1-PendingRequests: sendNotLeaderResponses
2019-09-17 06:21:18,816 [main] INFO  impl.StateMachineUpdater (StateMachineUpdater.java:stopAndJoin(125)) - a9c241ba-7330-43af-b780-2b01a2bccba1@group-4208DC040E8B-StateMachineUpdater: set stopIndex = 0
2019-09-17 06:21:18,817 [grpc-default-executor-1] WARN  server.GrpcServerProtocolService (LogUtils.java:warn(134)) - d7c22a7b-346b-4d39-b7ce-c816ec26da0f: installSnapshot onError, lastRequest: 60b9fd43-dfe3-439d-a426-4905ea8c45cc->d7c22a7b-346b-4d39-b7ce-c816ec26da0f#126-t1, previous=(t:1, i:0), leaderCommit=0, initializing? false, entries: <empty>: org.apache.ratis.thirdparty.io.grpc.StatusRuntimeException: CANCELLED: cancelled before receiving half close
2019-09-17 06:21:18,817 [grpc-default-executor-2] WARN  server.GrpcLogAppender (LogUtils.java:warn(134)) - 60b9fd43-dfe3-439d-a426-4905ea8c45cc@group-77EFCECFE653->d7c22a7b-346b-4d39-b7ce-c816ec26da0f-AppendLogResponseHandler: Failed appendEntries: org.apache.ratis.thirdparty.io.grpc.StatusRuntimeException: CANCELLED: HTTP/2 error code: CANCEL
Received Rst Stream
2019-09-17 06:21:18,817 [ForkJoinPool.commonPool-worker-0] INFO  server.GrpcService (GrpcService.java:closeImpl(172)) - d7c22a7b-346b-4d39-b7ce-c816ec26da0f: shutdown server with port 37000 successfully
2019-09-17 06:21:18,817 [main] INFO  impl.RaftServerImpl (ServerState.java:close(385)) - a9c241ba-7330-43af-b780-2b01a2bccba1@group-4208DC040E8B: closes. applyIndex: 0
2019-09-17 06:21:18,820 [grpc-default-executor-2] INFO  impl.FollowerInfo (FollowerInfo.java:lambda$new$0(51)) - 60b9fd43-dfe3-439d-a426-4905ea8c45cc@group-77EFCECFE653->d7c22a7b-346b-4d39-b7ce-c816ec26da0f: nextIndex: updateUnconditionally 1 -> 0
2019-09-17 06:21:18,820 [a9c241ba-7330-43af-b780-2b01a2bccba1@group-4208DC040E8B-SegmentedRaftLogWorker] INFO  segmented.SegmentedRaftLogWorker (SegmentedRaftLogWorker.java:run(313)) - a9c241ba-7330-43af-b780-2b01a2bccba1@group-4208DC040E8B-SegmentedRaftLogWorker was interrupted, exiting. There are 0 tasks remaining in the queue.
2019-09-17 06:21:18,822 [main] INFO  segmented.SegmentedRaftLogWorker (SegmentedRaftLogWorker.java:close(228)) - a9c241ba-7330-43af-b780-2b01a2bccba1@group-4208DC040E8B-SegmentedRaftLogWorker close()
2019-09-17 06:21:18,825 [main] INFO  server.GrpcService (GrpcService.java:closeImpl(164)) - a9c241ba-7330-43af-b780-2b01a2bccba1: shutdown server with port 37585 now
2019-09-17 06:21:18,826 [grpc-default-executor-2] WARN  server.GrpcServerProtocolService (LogUtils.java:warn(134)) - a9c241ba-7330-43af-b780-2b01a2bccba1: installSnapshot onError, lastRequest: 967c7462-8c27-4f7c-97a1-2e921716fc39->a9c241ba-7330-43af-b780-2b01a2bccba1#134-t1, previous=(t:1, i:8), leaderCommit=8, initializing? false, entries: <empty>: org.apache.ratis.thirdparty.io.grpc.StatusRuntimeException: CANCELLED: cancelled before receiving half close
2019-09-17 06:21:18,826 [grpc-default-executor-1] WARN  server.GrpcLogAppender (LogUtils.java:warn(134)) - 967c7462-8c27-4f7c-97a1-2e921716fc39@group-81194D8428A3->a9c241ba-7330-43af-b780-2b01a2bccba1-AppendLogResponseHandler: Failed appendEntries: org.apache.ratis.thirdparty.io.grpc.StatusRuntimeException: CANCELLED: HTTP/2 error code: CANCEL
Received Rst Stream
2019-09-17 06:21:18,829 [grpc-default-executor-1] INFO  impl.FollowerInfo (FollowerInfo.java:lambda$new$0(51)) - 967c7462-8c27-4f7c-97a1-2e921716fc39@group-81194D8428A3->a9c241ba-7330-43af-b780-2b01a2bccba1: nextIndex: updateUnconditionally 9 -> 8
2019-09-17 06:21:18,829 [main] INFO  server.GrpcService (GrpcService.java:closeImpl(172)) - a9c241ba-7330-43af-b780-2b01a2bccba1: shutdown server with port 37585 successfully
2019-09-17 06:21:18,835 [refreshUsed-/workdir/hadoop-ozone/integration-test/target/test-dir/MiniOzoneClusterImpl-20dced08-aa13-41be-af84-0d1cf5708d98/datanode-3/data/containers] WARN  fs.CachingGetSpaceUsed (CachingGetSpaceUsed.java:run(183)) - Thread Interrupted waiting to refresh disk information: sleep interrupted
2019-09-17 06:21:18,835 [refreshUsed-/workdir/hadoop-ozone/integration-test/target/test-dir/MiniOzoneClusterImpl-20dced08-aa13-41be-af84-0d1cf5708d98/datanode-2/data/containers] WARN  fs.CachingGetSpaceUsed (CachingGetSpaceUsed.java:run(183)) - Thread Interrupted waiting to refresh disk information: sleep interrupted
2019-09-17 06:21:18,836 [grpc-default-executor-5] WARN  client.GrpcClientProtocolService (LogUtils.java:warn(134)) - 30-OrderedRequestStreamObserver30: onError: org.apache.ratis.thirdparty.io.grpc.StatusRuntimeException: CANCELLED: cancelled before receiving half close
2019-09-17 06:21:18,854 [ForkJoinPool.commonPool-worker-0] INFO  utils.BackgroundService (BackgroundService.java:shutdown(148)) - Shutting down service BlockDeletingService
2019-09-17 06:21:18,860 [ForkJoinPool.commonPool-worker-0] INFO  statemachine.DatanodeStateMachine (DatanodeStateMachine.java:stopDaemon(395)) - Ozone container server stopped.
2019-09-17 06:21:18,866 [ForkJoinPool.commonPool-worker-0] INFO  handler.ContextHandler (ContextHandler.java:doStop(910)) - Stopped o.e.j.w.WebAppContext@1319bc2a{/,null,UNAVAILABLE}{/hddsDatanode}
2019-09-17 06:21:18,867 [main] INFO  utils.BackgroundService (BackgroundService.java:shutdown(148)) - Shutting down service BlockDeletingService
2019-09-17 06:21:18,867 [ForkJoinPool.commonPool-worker-0] INFO  server.AbstractConnector (AbstractConnector.java:doStop(318)) - Stopped ServerConnector@e280403{HTTP/1.1,[http/1.1]}{0.0.0.0:0}
2019-09-17 06:21:18,869 [ForkJoinPool.commonPool-worker-0] INFO  handler.ContextHandler (ContextHandler.java:doStop(910)) - Stopped o.e.j.s.ServletContextHandler@558b4942{/static,jar:file:/home/user/.m2/repository/org/apache/hadoop/hadoop-hdds-container-service/0.5.0-SNAPSHOT/hadoop-hdds-container-service-0.5.0-SNAPSHOT.jar!/webapps/static,UNAVAILABLE}
2019-09-17 06:21:18,870 [ForkJoinPool.commonPool-worker-0] INFO  handler.ContextHandler (ContextHandler.java:doStop(910)) - Stopped o.e.j.s.ServletContextHandler@3e1fd62b{/logs,file:///workdir/hadoop-ozone/integration-test/target/log,UNAVAILABLE}
2019-09-17 06:21:18,875 [main] INFO  statemachine.DatanodeStateMachine (DatanodeStateMachine.java:stopDaemon(395)) - Ozone container server stopped.
2019-09-17 06:21:18,876 [main] INFO  handler.ContextHandler (ContextHandler.java:doStop(910)) - Stopped o.e.j.w.WebAppContext@3f96f020{/,null,UNAVAILABLE}{/hddsDatanode}
2019-09-17 06:21:18,877 [main] INFO  server.AbstractConnector (AbstractConnector.java:doStop(318)) - Stopped ServerConnector@32eae6f2{HTTP/1.1,[http/1.1]}{0.0.0.0:0}
2019-09-17 06:21:18,877 [main] INFO  handler.ContextHandler (ContextHandler.java:doStop(910)) - Stopped o.e.j.s.ServletContextHandler@4eaa375c{/static,jar:file:/home/user/.m2/repository/org/apache/hadoop/hadoop-hdds-container-service/0.5.0-SNAPSHOT/hadoop-hdds-container-service-0.5.0-SNAPSHOT.jar!/webapps/static,UNAVAILABLE}
2019-09-17 06:21:18,878 [main] INFO  handler.ContextHandler (ContextHandler.java:doStop(910)) - Stopped o.e.j.s.ServletContextHandler@1984212d{/logs,file:///workdir/hadoop-ozone/integration-test/target/log,UNAVAILABLE}
2019-09-17 06:21:18,879 [grpc-default-executor-7] WARN  server.GrpcLogAppender (LogUtils.java:warn(134)) - 60b9fd43-dfe3-439d-a426-4905ea8c45cc@group-77EFCECFE653->be3471fd-5ec3-4a32-92cd-b8d21dd0df7a-AppendLogResponseHandler: Failed appendEntries: org.apache.ratis.thirdparty.io.grpc.StatusRuntimeException: UNAVAILABLE: io exception
2019-09-17 06:21:18,879 [grpc-default-executor-6] WARN  server.GrpcLogAppender (LogUtils.java:warn(134)) - 60b9fd43-dfe3-439d-a426-4905ea8c45cc@group-77EFCECFE653->d7c22a7b-346b-4d39-b7ce-c816ec26da0f-AppendLogResponseHandler: Failed appendEntries: org.apache.ratis.thirdparty.io.grpc.StatusRuntimeException: UNAVAILABLE: io exception
2019-09-17 06:21:18,880 [grpc-default-executor-7] INFO  impl.FollowerInfo (FollowerInfo.java:lambda$new$0(51)) - 60b9fd43-dfe3-439d-a426-4905ea8c45cc@group-77EFCECFE653->be3471fd-5ec3-4a32-92cd-b8d21dd0df7a: nextIndex: updateUnconditionally 0 -> 0
2019-09-17 06:21:18,882 [grpc-default-executor-6] INFO  impl.FollowerInfo (FollowerInfo.java:lambda$new$0(51)) - 60b9fd43-dfe3-439d-a426-4905ea8c45cc@group-77EFCECFE653->d7c22a7b-346b-4d39-b7ce-c816ec26da0f: nextIndex: updateUnconditionally 0 -> 0
2019-09-17 06:21:19,070 [Datanode State Machine Thread - 0] INFO  statemachine.DatanodeStateMachine (DatanodeStateMachine.java:lambda$startDaemon$0(350)) - Ozone container server started.
2019-09-17 06:21:19,837 [Datanode State Machine Thread - 0] INFO  statemachine.DatanodeStateMachine (DatanodeStateMachine.java:lambda$startDaemon$0(350)) - Ozone container server started.
2019-09-17 06:21:20,771 [grpc-default-executor-1] WARN  server.GrpcLogAppender (LogUtils.java:warn(134)) - 967c7462-8c27-4f7c-97a1-2e921716fc39@group-81194D8428A3->a9c241ba-7330-43af-b780-2b01a2bccba1-AppendLogResponseHandler: Failed appendEntries: org.apache.ratis.thirdparty.io.grpc.StatusRuntimeException: UNAVAILABLE: io exception
2019-09-17 06:21:20,774 [grpc-default-executor-1] INFO  impl.FollowerInfo (FollowerInfo.java:lambda$new$0(51)) - 967c7462-8c27-4f7c-97a1-2e921716fc39@group-81194D8428A3->a9c241ba-7330-43af-b780-2b01a2bccba1: nextIndex: updateUnconditionally 8 -> 7
2019-09-17 06:21:21,380 [grpc-default-executor-6] WARN  server.GrpcLogAppender (LogUtils.java:warn(134)) - 60b9fd43-dfe3-439d-a426-4905ea8c45cc@group-77EFCECFE653->d7c22a7b-346b-4d39-b7ce-c816ec26da0f-AppendLogResponseHandler: Failed appendEntries: org.apache.ratis.thirdparty.io.grpc.StatusRuntimeException: UNAVAILABLE: io exception
2019-09-17 06:21:21,380 [grpc-default-executor-5] WARN  server.GrpcLogAppender (LogUtils.java:warn(134)) - 60b9fd43-dfe3-439d-a426-4905ea8c45cc@group-77EFCECFE653->be3471fd-5ec3-4a32-92cd-b8d21dd0df7a-AppendLogResponseHandler: Failed appendEntries: org.apache.ratis.thirdparty.io.grpc.StatusRuntimeException: UNAVAILABLE: io exception
2019-09-17 06:21:21,392 [grpc-default-executor-6] INFO  impl.FollowerInfo (FollowerInfo.java:lambda$new$0(51)) - 60b9fd43-dfe3-439d-a426-4905ea8c45cc@group-77EFCECFE653->d7c22a7b-346b-4d39-b7ce-c816ec26da0f: nextIndex: updateUnconditionally 0 -> 0
2019-09-17 06:21:21,392 [grpc-default-executor-5] INFO  impl.FollowerInfo (FollowerInfo.java:lambda$new$0(51)) - 60b9fd43-dfe3-439d-a426-4905ea8c45cc@group-77EFCECFE653->be3471fd-5ec3-4a32-92cd-b8d21dd0df7a: nextIndex: updateUnconditionally 0 -> 0
2019-09-17 06:21:23,278 [grpc-default-executor-2] WARN  server.GrpcLogAppender (LogUtils.java:warn(134)) - 967c7462-8c27-4f7c-97a1-2e921716fc39@group-81194D8428A3->a9c241ba-7330-43af-b780-2b01a2bccba1-AppendLogResponseHandler: Failed appendEntries: org.apache.ratis.thirdparty.io.grpc.StatusRuntimeException: UNAVAILABLE: io exception
2019-09-17 06:21:23,283 [grpc-default-executor-2] INFO  impl.FollowerInfo (FollowerInfo.java:lambda$new$0(51)) - 967c7462-8c27-4f7c-97a1-2e921716fc39@group-81194D8428A3->a9c241ba-7330-43af-b780-2b01a2bccba1: nextIndex: updateUnconditionally 7 -> 6
2019-09-17 06:21:23,877 [ForkJoinPool.commonPool-worker-0] INFO  ozoneimpl.OzoneContainer (OzoneContainer.java:stop(231)) - Attempting to stop container services.
2019-09-17 06:21:23,878 [ForkJoinPool.commonPool-worker-0] INFO  impl.RaftServerProxy (RaftServerProxy.java:lambda$close$4(314)) - 60b9fd43-dfe3-439d-a426-4905ea8c45cc: close
2019-09-17 06:21:23,879 [ForkJoinPool.commonPool-worker-0] INFO  impl.RaftServerImpl (RaftServerImpl.java:lambda$shutdown$3(251)) - 60b9fd43-dfe3-439d-a426-4905ea8c45cc@group-A0107DA47934: shutdown
2019-09-17 06:21:23,879 [ForkJoinPool.commonPool-worker-0] INFO  util.JmxRegister (JmxRegister.java:unregister(73)) - Successfully un-registered JMX Bean with object name Ratis:service=RaftServer,group=group-A0107DA47934,id=60b9fd43-dfe3-439d-a426-4905ea8c45cc
2019-09-17 06:21:23,880 [ForkJoinPool.commonPool-worker-0] INFO  impl.RoleInfo (RoleInfo.java:shutdownLeaderState(104)) - 60b9fd43-dfe3-439d-a426-4905ea8c45cc: shutdown LeaderState
2019-09-17 06:21:23,880 [ForkJoinPool.commonPool-worker-0] INFO  impl.PendingRequests (PendingRequests.java:sendNotLeaderResponses(202)) - 60b9fd43-dfe3-439d-a426-4905ea8c45cc-PendingRequests: sendNotLeaderResponses
2019-09-17 06:21:23,880 [grpc-default-executor-7] WARN  server.GrpcLogAppender (LogUtils.java:warn(134)) - 60b9fd43-dfe3-439d-a426-4905ea8c45cc@group-77EFCECFE653->d7c22a7b-346b-4d39-b7ce-c816ec26da0f-AppendLogResponseHandler: Failed appendEntries: org.apache.ratis.thirdparty.io.grpc.StatusRuntimeException: UNAVAILABLE: io exception
2019-09-17 06:21:23,880 [grpc-default-executor-3] WARN  server.GrpcLogAppender (LogUtils.java:warn(134)) - 60b9fd43-dfe3-439d-a426-4905ea8c45cc@group-77EFCECFE653->be3471fd-5ec3-4a32-92cd-b8d21dd0df7a-AppendLogResponseHandler: Failed appendEntries: org.apache.ratis.thirdparty.io.grpc.StatusRuntimeException: UNAVAILABLE: io exception
2019-09-17 06:21:23,883 [grpc-default-executor-7] INFO  impl.FollowerInfo (FollowerInfo.java:lambda$new$0(51)) - 60b9fd43-dfe3-439d-a426-4905ea8c45cc@group-77EFCECFE653->d7c22a7b-346b-4d39-b7ce-c816ec26da0f: nextIndex: updateUnconditionally 0 -> 0
2019-09-17 06:21:23,883 [ForkJoinPool.commonPool-worker-0] INFO  impl.StateMachineUpdater (StateMachineUpdater.java:stopAndJoin(125)) - 60b9fd43-dfe3-439d-a426-4905ea8c45cc@group-A0107DA47934-StateMachineUpdater: set stopIndex = 0
2019-09-17 06:21:23,885 [main] INFO  ozoneimpl.OzoneContainer (OzoneContainer.java:stop(231)) - Attempting to stop container services.
2019-09-17 06:21:23,885 [grpc-default-executor-3] INFO  impl.FollowerInfo (FollowerInfo.java:lambda$new$0(51)) - 60b9fd43-dfe3-439d-a426-4905ea8c45cc@group-77EFCECFE653->be3471fd-5ec3-4a32-92cd-b8d21dd0df7a: nextIndex: updateUnconditionally 0 -> 0
2019-09-17 06:21:23,886 [main] INFO  impl.RaftServerProxy (RaftServerProxy.java:lambda$close$4(314)) - 00a9c42b-b8e1-4789-b80f-e97d2858a7db: close
2019-09-17 06:21:23,886 [ForkJoinPool.commonPool-worker-0] INFO  impl.RaftServerImpl (ServerState.java:close(385)) - 60b9fd43-dfe3-439d-a426-4905ea8c45cc@group-A0107DA47934: closes. applyIndex: 0
2019-09-17 06:21:23,887 [main] INFO  impl.RaftServerImpl (RaftServerImpl.java:lambda$shutdown$3(251)) - 00a9c42b-b8e1-4789-b80f-e97d2858a7db@group-81194D8428A3: shutdown
2019-09-17 06:21:23,888 [60b9fd43-dfe3-439d-a426-4905ea8c45cc@group-A0107DA47934-SegmentedRaftLogWorker] INFO  segmented.SegmentedRaftLogWorker (SegmentedRaftLogWorker.java:run(313)) - 60b9fd43-dfe3-439d-a426-4905ea8c45cc@group-A0107DA47934-SegmentedRaftLogWorker was interrupted, exiting. There are 0 tasks remaining in the queue.
2019-09-17 06:21:23,888 [main] INFO  util.JmxRegister (JmxRegister.java:unregister(73)) - Successfully un-registered JMX Bean with object name Ratis:service=RaftServer,group=group-81194D8428A3,id=00a9c42b-b8e1-4789-b80f-e97d2858a7db
2019-09-17 06:21:23,890 [main] INFO  impl.RoleInfo (RoleInfo.java:shutdownFollowerState(121)) - 00a9c42b-b8e1-4789-b80f-e97d2858a7db: shutdown FollowerState
2019-09-17 06:21:23,891 [main] INFO  impl.StateMachineUpdater (StateMachineUpdater.java:stopAndJoin(125)) - 00a9c42b-b8e1-4789-b80f-e97d2858a7db@group-81194D8428A3-StateMachineUpdater: set stopIndex = 8
2019-09-17 06:21:23,891 [00a9c42b-b8e1-4789-b80f-e97d2858a7db@group-81194D8428A3-StateMachineUpdater] INFO  ratis.ContainerStateMachine (ContainerStateMachine.java:takeSnapshot(289)) - group-81194D8428A3: Taking a snapshot at:(t:1, i:6) file /workdir/hadoop-ozone/integration-test/target/test-dir/MiniOzoneClusterImpl-20dced08-aa13-41be-af84-0d1cf5708d98/datanode-6/data/ratis/d77470b2-ee00-4579-9391-81194d8428a3/sm/snapshot.1_6
2019-09-17 06:21:23,891 [Thread-826] INFO  impl.FollowerState (FollowerState.java:run(115)) - 00a9c42b-b8e1-4789-b80f-e97d2858a7db: FollowerState was interrupted: java.lang.InterruptedException: sleep interrupted
2019-09-17 06:21:23,899 [ForkJoinPool.commonPool-worker-0] INFO  segmented.SegmentedRaftLogWorker (SegmentedRaftLogWorker.java:close(228)) - 60b9fd43-dfe3-439d-a426-4905ea8c45cc@group-A0107DA47934-SegmentedRaftLogWorker close()
2019-09-17 06:21:23,901 [ForkJoinPool.commonPool-worker-0] INFO  impl.RaftServerImpl (RaftServerImpl.java:lambda$shutdown$3(251)) - 60b9fd43-dfe3-439d-a426-4905ea8c45cc@group-77EFCECFE653: shutdown
2019-09-17 06:21:23,901 [ForkJoinPool.commonPool-worker-0] INFO  util.JmxRegister (JmxRegister.java:unregister(73)) - Successfully un-registered JMX Bean with object name Ratis:service=RaftServer,group=group-77EFCECFE653,id=60b9fd43-dfe3-439d-a426-4905ea8c45cc
2019-09-17 06:21:23,902 [ForkJoinPool.commonPool-worker-0] INFO  impl.RoleInfo (RoleInfo.java:shutdownLeaderState(104)) - 60b9fd43-dfe3-439d-a426-4905ea8c45cc: shutdown LeaderState
2019-09-17 06:21:23,905 [ForkJoinPool.commonPool-worker-0] INFO  impl.PendingRequests (PendingRequests.java:sendNotLeaderResponses(202)) - 60b9fd43-dfe3-439d-a426-4905ea8c45cc-PendingRequests: sendNotLeaderResponses
2019-09-17 06:21:23,905 [org.apache.ratis.server.impl.LogAppender$AppenderDaemon$$Lambda$509/1532254369@79a5410e] WARN  server.GrpcLogAppender (GrpcLogAppender.java:mayWait(143)) - 60b9fd43-dfe3-439d-a426-4905ea8c45cc@group-77EFCECFE653->d7c22a7b-346b-4d39-b7ce-c816ec26da0f-GrpcLogAppender: Wait interrupted by java.lang.InterruptedException
2019-09-17 06:21:23,905 [ForkJoinPool.commonPool-worker-0] INFO  impl.StateMachineUpdater (StateMachineUpdater.java:stopAndJoin(125)) - 60b9fd43-dfe3-439d-a426-4905ea8c45cc@group-77EFCECFE653-StateMachineUpdater: set stopIndex = 0
2019-09-17 06:21:23,905 [org.apache.ratis.server.impl.LogAppender$AppenderDaemon$$Lambda$509/1532254369@34ac296c] WARN  server.GrpcLogAppender (GrpcLogAppender.java:mayWait(143)) - 60b9fd43-dfe3-439d-a426-4905ea8c45cc@group-77EFCECFE653->be3471fd-5ec3-4a32-92cd-b8d21dd0df7a-GrpcLogAppender: Wait interrupted by java.lang.InterruptedException
2019-09-17 06:21:23,906 [ForkJoinPool.commonPool-worker-0] INFO  impl.RaftServerImpl (ServerState.java:close(385)) - 60b9fd43-dfe3-439d-a426-4905ea8c45cc@group-77EFCECFE653: closes. applyIndex: 0
2019-09-17 06:21:23,906 [60b9fd43-dfe3-439d-a426-4905ea8c45cc@group-77EFCECFE653-SegmentedRaftLogWorker] INFO  segmented.SegmentedRaftLogWorker (SegmentedRaftLogWorker.java:run(313)) - 60b9fd43-dfe3-439d-a426-4905ea8c45cc@group-77EFCECFE653-SegmentedRaftLogWorker was interrupted, exiting. There are 0 tasks remaining in the queue.
2019-09-17 06:21:23,912 [ForkJoinPool.commonPool-worker-0] INFO  segmented.SegmentedRaftLogWorker (SegmentedRaftLogWorker.java:close(228)) - 60b9fd43-dfe3-439d-a426-4905ea8c45cc@group-77EFCECFE653-SegmentedRaftLogWorker close()
2019-09-17 06:21:23,914 [00a9c42b-b8e1-4789-b80f-e97d2858a7db@group-81194D8428A3-StateMachineUpdater] INFO  ratis.ContainerStateMachine (ContainerStateMachine.java:takeSnapshot(300)) - group-81194D8428A3: Finished taking a snapshot at:(t:1, i:6) file:/workdir/hadoop-ozone/integration-test/target/test-dir/MiniOzoneClusterImpl-20dced08-aa13-41be-af84-0d1cf5708d98/datanode-6/data/ratis/d77470b2-ee00-4579-9391-81194d8428a3/sm/snapshot.1_6 time:23
2019-09-17 06:21:23,914 [ForkJoinPool.commonPool-worker-0] INFO  server.GrpcService (GrpcService.java:closeImpl(164)) - 60b9fd43-dfe3-439d-a426-4905ea8c45cc: shutdown server with port 38002 now
2019-09-17 06:21:23,914 [00a9c42b-b8e1-4789-b80f-e97d2858a7db@group-81194D8428A3-StateMachineUpdater] INFO  impl.StateMachineUpdater (StateMachineUpdater.java:takeSnapshot(258)) - 00a9c42b-b8e1-4789-b80f-e97d2858a7db@group-81194D8428A3-StateMachineUpdater: Took a snapshot at index 6
2019-09-17 06:21:23,914 [00a9c42b-b8e1-4789-b80f-e97d2858a7db@group-81194D8428A3-StateMachineUpdater] INFO  impl.StateMachineUpdater (StateMachineUpdater.java:lambda$new$0(83)) - 00a9c42b-b8e1-4789-b80f-e97d2858a7db@group-81194D8428A3-StateMachineUpdater: snapshotIndex: updateIncreasingly -1 -> 6
2019-09-17 06:21:23,916 [ForkJoinPool.commonPool-worker-0] INFO  server.GrpcService (GrpcService.java:closeImpl(172)) - 60b9fd43-dfe3-439d-a426-4905ea8c45cc: shutdown server with port 38002 successfully
2019-09-17 06:21:23,916 [00a9c42b-b8e1-4789-b80f-e97d2858a7db@group-81194D8428A3-StateMachineUpdater] INFO  ratis.ContainerStateMachine (ContainerStateMachine.java:takeSnapshot(289)) - group-81194D8428A3: Taking a snapshot at:(t:1, i:6) file /workdir/hadoop-ozone/integration-test/target/test-dir/MiniOzoneClusterImpl-20dced08-aa13-41be-af84-0d1cf5708d98/datanode-6/data/ratis/d77470b2-ee00-4579-9391-81194d8428a3/sm/snapshot.1_6
2019-09-17 06:21:23,928 [refreshUsed-/workdir/hadoop-ozone/integration-test/target/test-dir/MiniOzoneClusterImpl-20dced08-aa13-41be-af84-0d1cf5708d98/datanode-0/data/containers] WARN  fs.CachingGetSpaceUsed (CachingGetSpaceUsed.java:run(183)) - Thread Interrupted waiting to refresh disk information: sleep interrupted
2019-09-17 06:21:23,929 [00a9c42b-b8e1-4789-b80f-e97d2858a7db@group-81194D8428A3-StateMachineUpdater] INFO  ratis.ContainerStateMachine (ContainerStateMachine.java:takeSnapshot(300)) - group-81194D8428A3: Finished taking a snapshot at:(t:1, i:6) file:/workdir/hadoop-ozone/integration-test/target/test-dir/MiniOzoneClusterImpl-20dced08-aa13-41be-af84-0d1cf5708d98/datanode-6/data/ratis/d77470b2-ee00-4579-9391-81194d8428a3/sm/snapshot.1_6 time:13
2019-09-17 06:21:23,930 [00a9c42b-b8e1-4789-b80f-e97d2858a7db@group-81194D8428A3-StateMachineUpdater] INFO  impl.StateMachineUpdater (StateMachineUpdater.java:takeSnapshot(258)) - 00a9c42b-b8e1-4789-b80f-e97d2858a7db@group-81194D8428A3-StateMachineUpdater: Took a snapshot at index 6
2019-09-17 06:21:23,930 [00a9c42b-b8e1-4789-b80f-e97d2858a7db@group-81194D8428A3-StateMachineUpdater] INFO  impl.StateMachineUpdater (StateMachineUpdater.java:lambda$new$0(83)) - 00a9c42b-b8e1-4789-b80f-e97d2858a7db@group-81194D8428A3-StateMachineUpdater: snapshotIndex: updateIncreasingly 6 -> 6
2019-09-17 06:21:23,930 [main] INFO  impl.RaftServerImpl (ServerState.java:close(385)) - 00a9c42b-b8e1-4789-b80f-e97d2858a7db@group-81194D8428A3: closes. applyIndex: 8
2019-09-17 06:21:23,931 [00a9c42b-b8e1-4789-b80f-e97d2858a7db@group-81194D8428A3-SegmentedRaftLogWorker] INFO  segmented.SegmentedRaftLogWorker (SegmentedRaftLogWorker.java:run(313)) - 00a9c42b-b8e1-4789-b80f-e97d2858a7db@group-81194D8428A3-SegmentedRaftLogWorker was interrupted, exiting. There are 0 tasks remaining in the queue.
2019-09-17 06:21:23,933 [main] INFO  segmented.SegmentedRaftLogWorker (SegmentedRaftLogWorker.java:close(228)) - 00a9c42b-b8e1-4789-b80f-e97d2858a7db@group-81194D8428A3-SegmentedRaftLogWorker close()
2019-09-17 06:21:23,939 [main] INFO  impl.RaftServerImpl (RaftServerImpl.java:lambda$shutdown$3(251)) - 00a9c42b-b8e1-4789-b80f-e97d2858a7db@group-0B5D6A3CB5BF: shutdown
2019-09-17 06:21:23,939 [main] INFO  util.JmxRegister (JmxRegister.java:unregister(73)) - Successfully un-registered JMX Bean with object name Ratis:service=RaftServer,group=group-0B5D6A3CB5BF,id=00a9c42b-b8e1-4789-b80f-e97d2858a7db
2019-09-17 06:21:23,940 [main] INFO  impl.RoleInfo (RoleInfo.java:shutdownLeaderState(104)) - 00a9c42b-b8e1-4789-b80f-e97d2858a7db: shutdown LeaderState
2019-09-17 06:21:23,940 [main] INFO  impl.PendingRequests (PendingRequests.java:sendNotLeaderResponses(202)) - 00a9c42b-b8e1-4789-b80f-e97d2858a7db-PendingRequests: sendNotLeaderResponses
2019-09-17 06:21:23,941 [main] INFO  impl.StateMachineUpdater (StateMachineUpdater.java:stopAndJoin(125)) - 00a9c42b-b8e1-4789-b80f-e97d2858a7db@group-0B5D6A3CB5BF-StateMachineUpdater: set stopIndex = 0
2019-09-17 06:21:23,941 [main] INFO  impl.RaftServerImpl (ServerState.java:close(385)) - 00a9c42b-b8e1-4789-b80f-e97d2858a7db@group-0B5D6A3CB5BF: closes. applyIndex: 0
2019-09-17 06:21:23,942 [00a9c42b-b8e1-4789-b80f-e97d2858a7db@group-0B5D6A3CB5BF-SegmentedRaftLogWorker] INFO  segmented.SegmentedRaftLogWorker (SegmentedRaftLogWorker.java:run(313)) - 00a9c42b-b8e1-4789-b80f-e97d2858a7db@group-0B5D6A3CB5BF-SegmentedRaftLogWorker was interrupted, exiting. There are 0 tasks remaining in the queue.
2019-09-17 06:21:23,942 [main] INFO  segmented.SegmentedRaftLogWorker (SegmentedRaftLogWorker.java:close(228)) - 00a9c42b-b8e1-4789-b80f-e97d2858a7db@group-0B5D6A3CB5BF-SegmentedRaftLogWorker close()
2019-09-17 06:21:23,943 [main] INFO  server.GrpcService (GrpcService.java:closeImpl(164)) - 00a9c42b-b8e1-4789-b80f-e97d2858a7db: shutdown server with port 43482 now
2019-09-17 06:21:23,944 [grpc-default-executor-7] WARN  server.GrpcServerProtocolService (LogUtils.java:warn(134)) - 00a9c42b-b8e1-4789-b80f-e97d2858a7db: installSnapshot onError, lastRequest: 967c7462-8c27-4f7c-97a1-2e921716fc39->00a9c42b-b8e1-4789-b80f-e97d2858a7db#136-t1, previous=(t:1, i:8), leaderCommit=8, initializing? false, entries: <empty>: org.apache.ratis.thirdparty.io.grpc.StatusRuntimeException: CANCELLED: cancelled before receiving half close
2019-09-17 06:21:23,944 [main] INFO  server.GrpcService (GrpcService.java:closeImpl(172)) - 00a9c42b-b8e1-4789-b80f-e97d2858a7db: shutdown server with port 43482 successfully
2019-09-17 06:21:23,945 [grpc-default-executor-6] WARN  server.GrpcLogAppender (LogUtils.java:warn(134)) - 967c7462-8c27-4f7c-97a1-2e921716fc39@group-81194D8428A3->00a9c42b-b8e1-4789-b80f-e97d2858a7db-AppendLogResponseHandler: Failed appendEntries: org.apache.ratis.thirdparty.io.grpc.StatusRuntimeException: CANCELLED: HTTP/2 error code: CANCEL
Received Rst Stream
2019-09-17 06:21:23,945 [grpc-default-executor-6] INFO  impl.FollowerInfo (FollowerInfo.java:lambda$new$0(51)) - 967c7462-8c27-4f7c-97a1-2e921716fc39@group-81194D8428A3->00a9c42b-b8e1-4789-b80f-e97d2858a7db: nextIndex: updateUnconditionally 9 -> 8
2019-09-17 06:21:23,950 [refreshUsed-/workdir/hadoop-ozone/integration-test/target/test-dir/MiniOzoneClusterImpl-20dced08-aa13-41be-af84-0d1cf5708d98/datanode-6/data/containers] WARN  fs.CachingGetSpaceUsed (CachingGetSpaceUsed.java:run(183)) - Thread Interrupted waiting to refresh disk information: sleep interrupted
2019-09-17 06:21:23,956 [ForkJoinPool.commonPool-worker-0] INFO  utils.BackgroundService (BackgroundService.java:shutdown(148)) - Shutting down service BlockDeletingService
2019-09-17 06:21:23,959 [ForkJoinPool.commonPool-worker-0] INFO  statemachine.DatanodeStateMachine (DatanodeStateMachine.java:stopDaemon(395)) - Ozone container server stopped.
2019-09-17 06:21:23,964 [ForkJoinPool.commonPool-worker-0] INFO  handler.ContextHandler (ContextHandler.java:doStop(910)) - Stopped o.e.j.w.WebAppContext@6680f714{/,null,UNAVAILABLE}{/hddsDatanode}
2019-09-17 06:21:23,964 [ForkJoinPool.commonPool-worker-0] INFO  server.AbstractConnector (AbstractConnector.java:doStop(318)) - Stopped ServerConnector@53b1a3f8{HTTP/1.1,[http/1.1]}{0.0.0.0:0}
2019-09-17 06:21:23,966 [ForkJoinPool.commonPool-worker-0] INFO  handler.ContextHandler (ContextHandler.java:doStop(910)) - Stopped o.e.j.s.ServletContextHandler@5584d9c6{/static,jar:file:/home/user/.m2/repository/org/apache/hadoop/hadoop-hdds-container-service/0.5.0-SNAPSHOT/hadoop-hdds-container-service-0.5.0-SNAPSHOT.jar!/webapps/static,UNAVAILABLE}
2019-09-17 06:21:23,967 [ForkJoinPool.commonPool-worker-0] INFO  handler.ContextHandler (ContextHandler.java:doStop(910)) - Stopped o.e.j.s.ServletContextHandler@4da39ca9{/logs,file:///workdir/hadoop-ozone/integration-test/target/log,UNAVAILABLE}
2019-09-17 06:21:23,975 [main] INFO  utils.BackgroundService (BackgroundService.java:shutdown(148)) - Shutting down service BlockDeletingService
2019-09-17 06:21:23,979 [main] INFO  statemachine.DatanodeStateMachine (DatanodeStateMachine.java:stopDaemon(395)) - Ozone container server stopped.
2019-09-17 06:21:23,980 [main] INFO  handler.ContextHandler (ContextHandler.java:doStop(910)) - Stopped o.e.j.w.WebAppContext@5ad1904f{/,null,UNAVAILABLE}{/hddsDatanode}
2019-09-17 06:21:23,980 [main] INFO  server.AbstractConnector (AbstractConnector.java:doStop(318)) - Stopped ServerConnector@a146b11{HTTP/1.1,[http/1.1]}{0.0.0.0:0}
2019-09-17 06:21:23,981 [main] INFO  handler.ContextHandler (ContextHandler.java:doStop(910)) - Stopped o.e.j.s.ServletContextHandler@dd4aec3{/static,jar:file:/home/user/.m2/repository/org/apache/hadoop/hadoop-hdds-container-service/0.5.0-SNAPSHOT/hadoop-hdds-container-service-0.5.0-SNAPSHOT.jar!/webapps/static,UNAVAILABLE}
2019-09-17 06:21:23,981 [main] INFO  handler.ContextHandler (ContextHandler.java:doStop(910)) - Stopped o.e.j.s.ServletContextHandler@456bcb74{/logs,file:///workdir/hadoop-ozone/integration-test/target/log,UNAVAILABLE}
2019-09-17 06:21:24,048 [Datanode State Machine Thread - 0] INFO  statemachine.DatanodeStateMachine (DatanodeStateMachine.java:lambda$startDaemon$0(350)) - Ozone container server started.
2019-09-17 06:21:25,775 [grpc-default-executor-3] WARN  server.GrpcLogAppender (LogUtils.java:warn(134)) - 967c7462-8c27-4f7c-97a1-2e921716fc39@group-81194D8428A3->a9c241ba-7330-43af-b780-2b01a2bccba1-AppendLogResponseHandler: Failed appendEntries: org.apache.ratis.thirdparty.io.grpc.StatusRuntimeException: UNAVAILABLE: io exception
2019-09-17 06:21:25,777 [grpc-default-executor-3] INFO  impl.FollowerInfo (FollowerInfo.java:lambda$new$0(51)) - 967c7462-8c27-4f7c-97a1-2e921716fc39@group-81194D8428A3->a9c241ba-7330-43af-b780-2b01a2bccba1: nextIndex: updateUnconditionally 6 -> 5
2019-09-17 06:21:25,780 [grpc-default-executor-6] WARN  server.GrpcLogAppender (LogUtils.java:warn(134)) - 967c7462-8c27-4f7c-97a1-2e921716fc39@group-81194D8428A3->00a9c42b-b8e1-4789-b80f-e97d2858a7db-AppendLogResponseHandler: Failed appendEntries: org.apache.ratis.thirdparty.io.grpc.StatusRuntimeException: UNAVAILABLE: io exception
2019-09-17 06:21:25,781 [grpc-default-executor-6] INFO  impl.FollowerInfo (FollowerInfo.java:lambda$new$0(51)) - 967c7462-8c27-4f7c-97a1-2e921716fc39@group-81194D8428A3->00a9c42b-b8e1-4789-b80f-e97d2858a7db: nextIndex: updateUnconditionally 8 -> 7
2019-09-17 06:21:28,291 [grpc-default-executor-6] WARN  server.GrpcLogAppender (LogUtils.java:warn(134)) - 967c7462-8c27-4f7c-97a1-2e921716fc39@group-81194D8428A3->00a9c42b-b8e1-4789-b80f-e97d2858a7db-AppendLogResponseHandler: Failed appendEntries: org.apache.ratis.thirdparty.io.grpc.StatusRuntimeException: UNAVAILABLE: io exception
2019-09-17 06:21:28,291 [grpc-default-executor-5] WARN  server.GrpcLogAppender (LogUtils.java:warn(134)) - 967c7462-8c27-4f7c-97a1-2e921716fc39@group-81194D8428A3->a9c241ba-7330-43af-b780-2b01a2bccba1-AppendLogResponseHandler: Failed appendEntries: org.apache.ratis.thirdparty.io.grpc.StatusRuntimeException: UNAVAILABLE: io exception
2019-09-17 06:21:28,294 [grpc-default-executor-6] INFO  impl.FollowerInfo (FollowerInfo.java:lambda$new$0(51)) - 967c7462-8c27-4f7c-97a1-2e921716fc39@group-81194D8428A3->00a9c42b-b8e1-4789-b80f-e97d2858a7db: nextIndex: updateUnconditionally 7 -> 6
2019-09-17 06:21:28,294 [grpc-default-executor-5] INFO  impl.FollowerInfo (FollowerInfo.java:lambda$new$0(51)) - 967c7462-8c27-4f7c-97a1-2e921716fc39@group-81194D8428A3->a9c241ba-7330-43af-b780-2b01a2bccba1: nextIndex: updateUnconditionally 5 -> 4
2019-09-17 06:21:28,969 [ForkJoinPool.commonPool-worker-0] INFO  ozoneimpl.OzoneContainer (OzoneContainer.java:stop(231)) - Attempting to stop container services.
2019-09-17 06:21:28,970 [ForkJoinPool.commonPool-worker-0] INFO  impl.RaftServerProxy (RaftServerProxy.java:lambda$close$4(314)) - 967c7462-8c27-4f7c-97a1-2e921716fc39: close
2019-09-17 06:21:28,971 [ForkJoinPool.commonPool-worker-0] INFO  impl.RaftServerImpl (RaftServerImpl.java:lambda$shutdown$3(251)) - 967c7462-8c27-4f7c-97a1-2e921716fc39@group-81194D8428A3: shutdown
2019-09-17 06:21:28,971 [ForkJoinPool.commonPool-worker-0] INFO  util.JmxRegister (JmxRegister.java:unregister(73)) - Successfully un-registered JMX Bean with object name Ratis:service=RaftServer,group=group-81194D8428A3,id=967c7462-8c27-4f7c-97a1-2e921716fc39
2019-09-17 06:21:28,972 [ForkJoinPool.commonPool-worker-0] INFO  impl.RoleInfo (RoleInfo.java:shutdownLeaderState(104)) - 967c7462-8c27-4f7c-97a1-2e921716fc39: shutdown LeaderState
2019-09-17 06:21:28,975 [org.apache.ratis.server.impl.LogAppender$AppenderDaemon$$Lambda$509/1532254369@19d39a13] WARN  server.GrpcLogAppender (GrpcLogAppender.java:mayWait(143)) - 967c7462-8c27-4f7c-97a1-2e921716fc39@group-81194D8428A3->00a9c42b-b8e1-4789-b80f-e97d2858a7db-GrpcLogAppender: Wait interrupted by java.lang.InterruptedException
2019-09-17 06:21:28,975 [ForkJoinPool.commonPool-worker-0] INFO  impl.PendingRequests (PendingRequests.java:sendNotLeaderResponses(202)) - 967c7462-8c27-4f7c-97a1-2e921716fc39-PendingRequests: sendNotLeaderResponses
2019-09-17 06:21:28,975 [org.apache.ratis.server.impl.LogAppender$AppenderDaemon$$Lambda$509/1532254369@4c38828] WARN  server.GrpcLogAppender (GrpcLogAppender.java:mayWait(143)) - 967c7462-8c27-4f7c-97a1-2e921716fc39@group-81194D8428A3->a9c241ba-7330-43af-b780-2b01a2bccba1-GrpcLogAppender: Wait interrupted by java.lang.InterruptedException
2019-09-17 06:21:28,979 [ForkJoinPool.commonPool-worker-0] INFO  impl.StateMachineUpdater (StateMachineUpdater.java:stopAndJoin(125)) - 967c7462-8c27-4f7c-97a1-2e921716fc39@group-81194D8428A3-StateMachineUpdater: set stopIndex = 8
2019-09-17 06:21:28,979 [967c7462-8c27-4f7c-97a1-2e921716fc39@group-81194D8428A3-StateMachineUpdater] INFO  ratis.ContainerStateMachine (ContainerStateMachine.java:takeSnapshot(289)) - group-81194D8428A3: Taking a snapshot at:(t:1, i:6) file /workdir/hadoop-ozone/integration-test/target/test-dir/MiniOzoneClusterImpl-20dced08-aa13-41be-af84-0d1cf5708d98/datanode-5/data/ratis/d77470b2-ee00-4579-9391-81194d8428a3/sm/snapshot.1_6
2019-09-17 06:21:28,992 [967c7462-8c27-4f7c-97a1-2e921716fc39@group-81194D8428A3-StateMachineUpdater] INFO  ratis.ContainerStateMachine (ContainerStateMachine.java:takeSnapshot(300)) - group-81194D8428A3: Finished taking a snapshot at:(t:1, i:6) file:/workdir/hadoop-ozone/integration-test/target/test-dir/MiniOzoneClusterImpl-20dced08-aa13-41be-af84-0d1cf5708d98/datanode-5/data/ratis/d77470b2-ee00-4579-9391-81194d8428a3/sm/snapshot.1_6 time:13
2019-09-17 06:21:28,993 [967c7462-8c27-4f7c-97a1-2e921716fc39@group-81194D8428A3-StateMachineUpdater] INFO  impl.StateMachineUpdater (StateMachineUpdater.java:takeSnapshot(258)) - 967c7462-8c27-4f7c-97a1-2e921716fc39@group-81194D8428A3-StateMachineUpdater: Took a snapshot at index 6
2019-09-17 06:21:28,993 [967c7462-8c27-4f7c-97a1-2e921716fc39@group-81194D8428A3-StateMachineUpdater] INFO  impl.StateMachineUpdater (StateMachineUpdater.java:lambda$new$0(83)) - 967c7462-8c27-4f7c-97a1-2e921716fc39@group-81194D8428A3-StateMachineUpdater: snapshotIndex: updateIncreasingly -1 -> 6
2019-09-17 06:21:28,994 [967c7462-8c27-4f7c-97a1-2e921716fc39@group-81194D8428A3-StateMachineUpdater] INFO  ratis.ContainerStateMachine (ContainerStateMachine.java:takeSnapshot(289)) - group-81194D8428A3: Taking a snapshot at:(t:1, i:6) file /workdir/hadoop-ozone/integration-test/target/test-dir/MiniOzoneClusterImpl-20dced08-aa13-41be-af84-0d1cf5708d98/datanode-5/data/ratis/d77470b2-ee00-4579-9391-81194d8428a3/sm/snapshot.1_6
2019-09-17 06:21:29,005 [967c7462-8c27-4f7c-97a1-2e921716fc39@group-81194D8428A3-StateMachineUpdater] INFO  ratis.ContainerStateMachine (ContainerStateMachine.java:takeSnapshot(300)) - group-81194D8428A3: Finished taking a snapshot at:(t:1, i:6) file:/workdir/hadoop-ozone/integration-test/target/test-dir/MiniOzoneClusterImpl-20dced08-aa13-41be-af84-0d1cf5708d98/datanode-5/data/ratis/d77470b2-ee00-4579-9391-81194d8428a3/sm/snapshot.1_6 time:12
2019-09-17 06:21:29,006 [967c7462-8c27-4f7c-97a1-2e921716fc39@group-81194D8428A3-StateMachineUpdater] INFO  impl.StateMachineUpdater (StateMachineUpdater.java:takeSnapshot(258)) - 967c7462-8c27-4f7c-97a1-2e921716fc39@group-81194D8428A3-StateMachineUpdater: Took a snapshot at index 6
2019-09-17 06:21:29,006 [967c7462-8c27-4f7c-97a1-2e921716fc39@group-81194D8428A3-StateMachineUpdater] INFO  impl.StateMachineUpdater (StateMachineUpdater.java:lambda$new$0(83)) - 967c7462-8c27-4f7c-97a1-2e921716fc39@group-81194D8428A3-StateMachineUpdater: snapshotIndex: updateIncreasingly 6 -> 6
2019-09-17 06:21:29,006 [ForkJoinPool.commonPool-worker-0] INFO  impl.RaftServerImpl (ServerState.java:close(385)) - 967c7462-8c27-4f7c-97a1-2e921716fc39@group-81194D8428A3: closes. applyIndex: 8
2019-09-17 06:21:29,007 [967c7462-8c27-4f7c-97a1-2e921716fc39@group-81194D8428A3-SegmentedRaftLogWorker] INFO  segmented.SegmentedRaftLogWorker (SegmentedRaftLogWorker.java:run(313)) - 967c7462-8c27-4f7c-97a1-2e921716fc39@group-81194D8428A3-SegmentedRaftLogWorker was interrupted, exiting. There are 0 tasks remaining in the queue.
2019-09-17 06:21:29,007 [ForkJoinPool.commonPool-worker-0] INFO  segmented.SegmentedRaftLogWorker (SegmentedRaftLogWorker.java:close(228)) - 967c7462-8c27-4f7c-97a1-2e921716fc39@group-81194D8428A3-SegmentedRaftLogWorker close()
2019-09-17 06:21:29,008 [ForkJoinPool.commonPool-worker-0] INFO  impl.RaftServerImpl (RaftServerImpl.java:lambda$shutdown$3(251)) - 967c7462-8c27-4f7c-97a1-2e921716fc39@group-572CF5EB4EA5: shutdown
2019-09-17 06:21:29,008 [ForkJoinPool.commonPool-worker-0] INFO  util.JmxRegister (JmxRegister.java:unregister(73)) - Successfully un-registered JMX Bean with object name Ratis:service=RaftServer,group=group-572CF5EB4EA5,id=967c7462-8c27-4f7c-97a1-2e921716fc39
2019-09-17 06:21:29,008 [ForkJoinPool.commonPool-worker-0] INFO  impl.RoleInfo (RoleInfo.java:shutdownLeaderState(104)) - 967c7462-8c27-4f7c-97a1-2e921716fc39: shutdown LeaderState
2019-09-17 06:21:29,009 [ForkJoinPool.commonPool-worker-0] INFO  impl.PendingRequests (PendingRequests.java:sendNotLeaderResponses(202)) - 967c7462-8c27-4f7c-97a1-2e921716fc39-PendingRequests: sendNotLeaderResponses
2019-09-17 06:21:29,009 [ForkJoinPool.commonPool-worker-0] INFO  impl.StateMachineUpdater (StateMachineUpdater.java:stopAndJoin(125)) - 967c7462-8c27-4f7c-97a1-2e921716fc39@group-572CF5EB4EA5-StateMachineUpdater: set stopIndex = 0
2019-09-17 06:21:29,010 [ForkJoinPool.commonPool-worker-0] INFO  impl.RaftServerImpl (ServerState.java:close(385)) - 967c7462-8c27-4f7c-97a1-2e921716fc39@group-572CF5EB4EA5: closes. applyIndex: 0
2019-09-17 06:21:29,010 [967c7462-8c27-4f7c-97a1-2e921716fc39@group-572CF5EB4EA5-SegmentedRaftLogWorker] INFO  segmented.SegmentedRaftLogWorker (SegmentedRaftLogWorker.java:run(313)) - 967c7462-8c27-4f7c-97a1-2e921716fc39@group-572CF5EB4EA5-SegmentedRaftLogWorker was interrupted, exiting. There are 0 tasks remaining in the queue.
2019-09-17 06:21:29,010 [ForkJoinPool.commonPool-worker-0] INFO  segmented.SegmentedRaftLogWorker (SegmentedRaftLogWorker.java:close(228)) - 967c7462-8c27-4f7c-97a1-2e921716fc39@group-572CF5EB4EA5-SegmentedRaftLogWorker close()
2019-09-17 06:21:29,011 [ForkJoinPool.commonPool-worker-0] INFO  server.GrpcService (GrpcService.java:closeImpl(164)) - 967c7462-8c27-4f7c-97a1-2e921716fc39: shutdown server with port 46696 now
2019-09-17 06:21:29,011 [ForkJoinPool.commonPool-worker-0] INFO  server.GrpcService (GrpcService.java:closeImpl(172)) - 967c7462-8c27-4f7c-97a1-2e921716fc39: shutdown server with port 46696 successfully
2019-09-17 06:21:29,019 [refreshUsed-/workdir/hadoop-ozone/integration-test/target/test-dir/MiniOzoneClusterImpl-20dced08-aa13-41be-af84-0d1cf5708d98/datanode-5/data/containers] WARN  fs.CachingGetSpaceUsed (CachingGetSpaceUsed.java:run(183)) - Thread Interrupted waiting to refresh disk information: sleep interrupted
2019-09-17 06:21:29,039 [ForkJoinPool.commonPool-worker-0] INFO  utils.BackgroundService (BackgroundService.java:shutdown(148)) - Shutting down service BlockDeletingService
2019-09-17 06:21:29,043 [ForkJoinPool.commonPool-worker-0] INFO  statemachine.DatanodeStateMachine (DatanodeStateMachine.java:stopDaemon(395)) - Ozone container server stopped.
2019-09-17 06:21:29,047 [ForkJoinPool.commonPool-worker-0] INFO  handler.ContextHandler (ContextHandler.java:doStop(910)) - Stopped o.e.j.w.WebAppContext@da28d03{/,null,UNAVAILABLE}{/hddsDatanode}
2019-09-17 06:21:29,048 [ForkJoinPool.commonPool-worker-0] INFO  server.AbstractConnector (AbstractConnector.java:doStop(318)) - Stopped ServerConnector@ebda593{HTTP/1.1,[http/1.1]}{0.0.0.0:0}
2019-09-17 06:21:29,052 [ForkJoinPool.commonPool-worker-0] INFO  handler.ContextHandler (ContextHandler.java:doStop(910)) - Stopped o.e.j.s.ServletContextHandler@17dad32f{/static,jar:file:/home/user/.m2/repository/org/apache/hadoop/hadoop-hdds-container-service/0.5.0-SNAPSHOT/hadoop-hdds-container-service-0.5.0-SNAPSHOT.jar!/webapps/static,UNAVAILABLE}
2019-09-17 06:21:29,052 [ForkJoinPool.commonPool-worker-0] INFO  handler.ContextHandler (ContextHandler.java:doStop(910)) - Stopped o.e.j.s.ServletContextHandler@1b9d9a2b{/logs,file:///workdir/hadoop-ozone/integration-test/target/log,UNAVAILABLE}
2019-09-17 06:21:29,054 [main] INFO  ozone.MiniOzoneClusterImpl (MiniOzoneClusterImpl.java:stop(344)) - Stopping the StorageContainerManager
2019-09-17 06:21:29,054 [main] INFO  server.StorageContainerManager (StorageContainerManager.java:stop(801)) - Stopping Replication Manager Service.
2019-09-17 06:21:29,054 [main] INFO  container.ReplicationManager (ReplicationManager.java:stop(203)) - Stopping Replication Monitor Thread.
2019-09-17 06:21:29,054 [main] INFO  server.StorageContainerManager (StorageContainerManager.java:stop(808)) - Stopping Lease Manager of the command watchers
2019-09-17 06:21:29,055 [main] INFO  server.StorageContainerManager (StorageContainerManager.java:stop(815)) - Stopping datanode service RPC server
2019-09-17 06:21:29,055 [main] INFO  server.SCMDatanodeProtocolServer (SCMDatanodeProtocolServer.java:stop(367)) - Stopping the RPC server for DataNodes
2019-09-17 06:21:29,055 [main] INFO  ipc.Server (Server.java:stop(3082)) - Stopping server on 41613
2019-09-17 06:21:29,058 [IPC Server listener on 41613] INFO  ipc.Server (Server.java:run(1185)) - Stopping IPC Server listener on 41613
2019-09-17 06:21:29,058 [IPC Server Responder] INFO  ipc.Server (Server.java:run(1319)) - Stopping IPC Server Responder
2019-09-17 06:21:29,081 [SCM Heartbeat Processing Thread - 0] WARN  node.NodeStateManager (NodeStateManager.java:scheduleNextHealthCheck(646)) - Current Thread is interrupted, shutting down HB processing thread for Node Manager.
2019-09-17 06:21:29,082 [main] INFO  server.StorageContainerManager (StorageContainerManager.java:stop(823)) - Stopping block service RPC server
2019-09-17 06:21:29,082 [main] INFO  server.SCMBlockProtocolServer (SCMBlockProtocolServer.java:stop(155)) - Stopping the RPC server for Block Protocol
2019-09-17 06:21:29,082 [main] INFO  ipc.Server (Server.java:stop(3082)) - Stopping server on 37238
2019-09-17 06:21:29,084 [main] INFO  server.StorageContainerManager (StorageContainerManager.java:stop(830)) - Stopping the StorageContainerLocationProtocol RPC server
2019-09-17 06:21:29,084 [IPC Server listener on 37238] INFO  ipc.Server (Server.java:run(1185)) - Stopping IPC Server listener on 37238
2019-09-17 06:21:29,085 [main] INFO  server.SCMClientProtocolServer (SCMClientProtocolServer.java:stop(159)) - Stopping the RPC server for Client Protocol
2019-09-17 06:21:29,086 [main] INFO  ipc.Server (Server.java:stop(3082)) - Stopping server on 44982
2019-09-17 06:21:29,085 [IPC Server Responder] INFO  ipc.Server (Server.java:run(1319)) - Stopping IPC Server Responder
2019-09-17 06:21:29,088 [IPC Server listener on 44982] INFO  ipc.Server (Server.java:run(1185)) - Stopping IPC Server listener on 44982
2019-09-17 06:21:29,089 [main] INFO  server.StorageContainerManager (StorageContainerManager.java:stop(837)) - Stopping Storage Container Manager HTTP server.
2019-09-17 06:21:29,089 [IPC Server Responder] INFO  ipc.Server (Server.java:run(1319)) - Stopping IPC Server Responder
2019-09-17 06:21:29,090 [main] INFO  handler.ContextHandler (ContextHandler.java:doStop(910)) - Stopped o.e.j.w.WebAppContext@3e8b3b79{/,null,UNAVAILABLE}{/scm}
2019-09-17 06:21:29,091 [main] INFO  server.AbstractConnector (AbstractConnector.java:doStop(318)) - Stopped ServerConnector@d257579{HTTP/1.1,[http/1.1]}{0.0.0.0:0}
2019-09-17 06:21:29,091 [main] INFO  handler.ContextHandler (ContextHandler.java:doStop(910)) - Stopped o.e.j.s.ServletContextHandler@52a33c3f{/static,file:///workdir/hadoop-ozone/integration-test/target/test-classes/webapps/static,UNAVAILABLE}
2019-09-17 06:21:29,092 [main] INFO  handler.ContextHandler (ContextHandler.java:doStop(910)) - Stopped o.e.j.s.ServletContextHandler@5b9499fe{/logs,file:///workdir/hadoop-ozone/integration-test/target/log,UNAVAILABLE}
2019-09-17 06:21:29,093 [main] INFO  server.StorageContainerManager (StorageContainerManager.java:stop(848)) - Stopping Block Manager Service.
2019-09-17 06:21:29,093 [main] INFO  utils.BackgroundService (BackgroundService.java:shutdown(148)) - Shutting down service SCMBlockDeletingService
2019-09-17 06:21:29,093 [main] INFO  utils.BackgroundService (BackgroundService.java:shutdown(148)) - Shutting down service SCMBlockDeletingService
2019-09-17 06:21:29,094 [main] INFO  server.StorageContainerManager (StorageContainerManager.java:stop(870)) - Stopping SCM Event Queue.
2019-09-17 06:21:29,098 [main] INFO  impl.MetricsSystemImpl (MetricsSystemImpl.java:stop(210)) - Stopping HddsDatanode metrics system...
2019-09-17 06:21:29,112 [main] INFO  impl.MetricsSystemImpl (MetricsSystemImpl.java:stop(216)) - HddsDatanode metrics system stopped.
]]></system-out>
    <system-err><![CDATA[Sep 17, 2019 6:21:13 AM org.apache.ratis.thirdparty.io.grpc.internal.SerializingExecutor run
SEVERE: Exception while executing runnable org.apache.ratis.thirdparty.io.grpc.internal.ServerImpl$JumpToApplicationThreadServerStreamListener$1Closed@708cf192
org.apache.ratis.thirdparty.io.grpc.StatusRuntimeException: CANCELLED: call already cancelled
	at org.apache.ratis.thirdparty.io.grpc.Status.asRuntimeException(Status.java:517)
	at org.apache.ratis.thirdparty.io.grpc.stub.ServerCalls$ServerCallStreamObserverImpl.onCompleted(ServerCalls.java:356)
	at org.apache.ratis.grpc.server.GrpcServerProtocolService$ServerRequestStreamObserver.onError(GrpcServerProtocolService.java:121)
	at org.apache.ratis.thirdparty.io.grpc.stub.ServerCalls$StreamingServerCallHandler$StreamingServerCallListener.onCancel(ServerCalls.java:269)
	at org.apache.ratis.thirdparty.io.grpc.internal.ServerCallImpl$ServerStreamListenerImpl.closed(ServerCallImpl.java:293)
	at org.apache.ratis.thirdparty.io.grpc.internal.ServerImpl$JumpToApplicationThreadServerStreamListener$1Closed.runInContext(ServerImpl.java:741)
	at org.apache.ratis.thirdparty.io.grpc.internal.ContextRunnable.run(ContextRunnable.java:37)
	at org.apache.ratis.thirdparty.io.grpc.internal.SerializingExecutor.run(SerializingExecutor.java:123)
	at java.util.concurrent.ThreadPoolExecutor.runWorker(ThreadPoolExecutor.java:1149)
	at java.util.concurrent.ThreadPoolExecutor$Worker.run(ThreadPoolExecutor.java:624)
	at java.lang.Thread.run(Thread.java:748)

Sep 17, 2019 6:21:18 AM org.apache.ratis.thirdparty.io.grpc.internal.SerializingExecutor run
SEVERE: Exception while executing runnable org.apache.ratis.thirdparty.io.grpc.internal.ServerImpl$JumpToApplicationThreadServerStreamListener$1Closed@351d71a3
org.apache.ratis.thirdparty.io.grpc.StatusRuntimeException: CANCELLED: call already cancelled
	at org.apache.ratis.thirdparty.io.grpc.Status.asRuntimeException(Status.java:517)
	at org.apache.ratis.thirdparty.io.grpc.stub.ServerCalls$ServerCallStreamObserverImpl.onCompleted(ServerCalls.java:356)
	at org.apache.ratis.grpc.server.GrpcServerProtocolService$ServerRequestStreamObserver.onError(GrpcServerProtocolService.java:121)
	at org.apache.ratis.thirdparty.io.grpc.stub.ServerCalls$StreamingServerCallHandler$StreamingServerCallListener.onCancel(ServerCalls.java:269)
	at org.apache.ratis.thirdparty.io.grpc.internal.ServerCallImpl$ServerStreamListenerImpl.closed(ServerCallImpl.java:293)
	at org.apache.ratis.thirdparty.io.grpc.internal.ServerImpl$JumpToApplicationThreadServerStreamListener$1Closed.runInContext(ServerImpl.java:741)
	at org.apache.ratis.thirdparty.io.grpc.internal.ContextRunnable.run(ContextRunnable.java:37)
	at org.apache.ratis.thirdparty.io.grpc.internal.SerializingExecutor.run(SerializingExecutor.java:123)
	at java.util.concurrent.ThreadPoolExecutor.runWorker(ThreadPoolExecutor.java:1149)
	at java.util.concurrent.ThreadPoolExecutor$Worker.run(ThreadPoolExecutor.java:624)
	at java.lang.Thread.run(Thread.java:748)

Sep 17, 2019 6:21:18 AM org.apache.ratis.thirdparty.io.grpc.internal.SerializingExecutor run
SEVERE: Exception while executing runnable org.apache.ratis.thirdparty.io.grpc.internal.ServerImpl$JumpToApplicationThreadServerStreamListener$1Closed@32751e9b
org.apache.ratis.thirdparty.io.grpc.StatusRuntimeException: CANCELLED: call already cancelled
	at org.apache.ratis.thirdparty.io.grpc.Status.asRuntimeException(Status.java:517)
	at org.apache.ratis.thirdparty.io.grpc.stub.ServerCalls$ServerCallStreamObserverImpl.onCompleted(ServerCalls.java:356)
	at org.apache.ratis.grpc.server.GrpcServerProtocolService$ServerRequestStreamObserver.onError(GrpcServerProtocolService.java:121)
	at org.apache.ratis.thirdparty.io.grpc.stub.ServerCalls$StreamingServerCallHandler$StreamingServerCallListener.onCancel(ServerCalls.java:269)
	at org.apache.ratis.thirdparty.io.grpc.internal.ServerCallImpl$ServerStreamListenerImpl.closed(ServerCallImpl.java:293)
	at org.apache.ratis.thirdparty.io.grpc.internal.ServerImpl$JumpToApplicationThreadServerStreamListener$1Closed.runInContext(ServerImpl.java:741)
	at org.apache.ratis.thirdparty.io.grpc.internal.ContextRunnable.run(ContextRunnable.java:37)
	at org.apache.ratis.thirdparty.io.grpc.internal.SerializingExecutor.run(SerializingExecutor.java:123)
	at java.util.concurrent.ThreadPoolExecutor.runWorker(ThreadPoolExecutor.java:1149)
	at java.util.concurrent.ThreadPoolExecutor$Worker.run(ThreadPoolExecutor.java:624)
	at java.lang.Thread.run(Thread.java:748)

Sep 17, 2019 6:21:23 AM org.apache.ratis.thirdparty.io.grpc.internal.SerializingExecutor run
SEVERE: Exception while executing runnable org.apache.ratis.thirdparty.io.grpc.internal.ServerImpl$JumpToApplicationThreadServerStreamListener$1Closed@e938c86
org.apache.ratis.thirdparty.io.grpc.StatusRuntimeException: CANCELLED: call already cancelled
	at org.apache.ratis.thirdparty.io.grpc.Status.asRuntimeException(Status.java:517)
	at org.apache.ratis.thirdparty.io.grpc.stub.ServerCalls$ServerCallStreamObserverImpl.onCompleted(ServerCalls.java:356)
	at org.apache.ratis.grpc.server.GrpcServerProtocolService$ServerRequestStreamObserver.onError(GrpcServerProtocolService.java:121)
	at org.apache.ratis.thirdparty.io.grpc.stub.ServerCalls$StreamingServerCallHandler$StreamingServerCallListener.onCancel(ServerCalls.java:269)
	at org.apache.ratis.thirdparty.io.grpc.internal.ServerCallImpl$ServerStreamListenerImpl.closed(ServerCallImpl.java:293)
	at org.apache.ratis.thirdparty.io.grpc.internal.ServerImpl$JumpToApplicationThreadServerStreamListener$1Closed.runInContext(ServerImpl.java:741)
	at org.apache.ratis.thirdparty.io.grpc.internal.ContextRunnable.run(ContextRunnable.java:37)
	at org.apache.ratis.thirdparty.io.grpc.internal.SerializingExecutor.run(SerializingExecutor.java:123)
	at java.util.concurrent.ThreadPoolExecutor.runWorker(ThreadPoolExecutor.java:1149)
	at java.util.concurrent.ThreadPoolExecutor$Worker.run(ThreadPoolExecutor.java:624)
	at java.lang.Thread.run(Thread.java:748)

]]></system-err>
  </testcase>
</testsuite>