<?xml version="1.0" encoding="UTF-8"?>
<testsuite xmlns:xsi="http://www.w3.org/2001/XMLSchema-instance" xsi:noNamespaceSchemaLocation="https://maven.apache.org/surefire/maven-surefire-plugin/xsd/surefire-test-report.xsd" name="org.apache.hadoop.ozone.client.rpc.Test2WayCommitInRatis" time="34.037" tests="1" errors="1" skipped="0" failures="0">
  <properties>
    <property name="awt.toolkit" value="sun.awt.X11.XToolkit"/>
    <property name="file.encoding.pkg" value="sun.io"/>
    <property name="java.specification.version" value="1.8"/>
    <property name="sun.cpu.isalist" value=""/>
    <property name="sun.jnu.encoding" value="UTF-8"/>
    <property name="java.class.path" value="/workdir/hadoop-ozone/integration-test/target/test-classes:/workdir/hadoop-ozone/integration-test/target/classes:/home/user/.m2/repository/org/apache/hadoop/hadoop-ozone-common/0.5.0-SNAPSHOT/hadoop-ozone-common-0.5.0-SNAPSHOT.jar:/home/user/.m2/repository/org/apache/commons/commons-compress/1.4.1/commons-compress-1.4.1.jar:/home/user/.m2/repository/org/tukaani/xz/1.0/xz-1.0.jar:/home/user/.m2/repository/org/apache/hadoop/hadoop-common/3.2.0/hadoop-common-3.2.0.jar:/home/user/.m2/repository/org/apache/hadoop/hadoop-hdfs/3.2.0/hadoop-hdfs-3.2.0.jar:/home/user/.m2/repository/org/apache/hadoop/hadoop-hdfs-client/3.2.0/hadoop-hdfs-client-3.2.0.jar:/home/user/.m2/repository/com/fasterxml/jackson/core/jackson-annotations/2.9.9/jackson-annotations-2.9.9.jar:/home/user/.m2/repository/org/apache/hadoop/hadoop-hdds-common/0.5.0-SNAPSHOT/hadoop-hdds-common-0.5.0-SNAPSHOT.jar:/home/user/.m2/repository/javax/annotation/javax.annotation-api/1.2/javax.annotation-api-1.2.jar:/home/user/.m2/repository/org/apache/ratis/ratis-server/0.4.0-78e95b9-SNAPSHOT/ratis-server-0.4.0-78e95b9-SNAPSHOT.jar:/home/user/.m2/repository/org/apache/ratis/ratis-thirdparty-misc/0.2.0/ratis-thirdparty-misc-0.2.0.jar:/home/user/.m2/repository/org/apache/ratis/ratis-proto/0.4.0-78e95b9-SNAPSHOT/ratis-proto-0.4.0-78e95b9-SNAPSHOT.jar:/home/user/.m2/repository/org/apache/ratis/ratis-common/0.4.0-78e95b9-SNAPSHOT/ratis-common-0.4.0-78e95b9-SNAPSHOT.jar:/home/user/.m2/repository/org/apache/ratis/ratis-client/0.4.0-78e95b9-SNAPSHOT/ratis-client-0.4.0-78e95b9-SNAPSHOT.jar:/home/user/.m2/repository/org/apache/ratis/ratis-metrics/0.4.0-78e95b9-SNAPSHOT/ratis-metrics-0.4.0-78e95b9-SNAPSHOT.jar:/home/user/.m2/repository/com/github/joshelser/dropwizard-metrics-hadoop-metrics2-reporter/0.1.2/dropwizard-metrics-hadoop-metrics2-reporter-0.1.2.jar:/home/user/.m2/repository/io/dropwizard/metrics/metrics-jvm/3.2.5/metrics-jvm-3.2.5.jar:/home/user/.m2/repository/io/dropwizard/metrics/metrics-ganglia/3.2.5/metrics-ganglia-3.2.5.jar:/home/user/.m2/repository/info/ganglia/gmetric4j/gmetric4j/1.0.7/gmetric4j-1.0.7.jar:/home/user/.m2/repository/org/apache/ratis/ratis-netty/0.4.0-78e95b9-SNAPSHOT/ratis-netty-0.4.0-78e95b9-SNAPSHOT.jar:/home/user/.m2/repository/org/apache/ratis/ratis-grpc/0.4.0-78e95b9-SNAPSHOT/ratis-grpc-0.4.0-78e95b9-SNAPSHOT.jar:/home/user/.m2/repository/org/rocksdb/rocksdbjni/6.0.1/rocksdbjni-6.0.1.jar:/home/user/.m2/repository/org/apache/logging/log4j/log4j-api/2.11.0/log4j-api-2.11.0.jar:/home/user/.m2/repository/org/apache/logging/log4j/log4j-core/2.11.0/log4j-core-2.11.0.jar:/home/user/.m2/repository/com/lmax/disruptor/3.4.2/disruptor-3.4.2.jar:/home/user/.m2/repository/org/apache/commons/commons-pool2/2.6.0/commons-pool2-2.6.0.jar:/home/user/.m2/repository/org/bouncycastle/bcpkix-jdk15on/1.60/bcpkix-jdk15on-1.60.jar:/home/user/.m2/repository/commons-validator/commons-validator/1.6/commons-validator-1.6.jar:/home/user/.m2/repository/commons-digester/commons-digester/1.8.1/commons-digester-1.8.1.jar:/home/user/.m2/repository/io/jaegertracing/jaeger-client/0.33.1/jaeger-client-0.33.1.jar:/home/user/.m2/repository/io/jaegertracing/jaeger-thrift/0.33.1/jaeger-thrift-0.33.1.jar:/home/user/.m2/repository/org/apache/thrift/libthrift/0.11.0/libthrift-0.11.0.jar:/home/user/.m2/repository/com/squareup/okhttp3/okhttp/3.9.0/okhttp-3.9.0.jar:/home/user/.m2/repository/com/squareup/okio/okio/1.13.0/okio-1.13.0.jar:/home/user/.m2/repository/io/jaegertracing/jaeger-core/0.33.1/jaeger-core-0.33.1.jar:/home/user/.m2/repository/io/jaegertracing/jaeger-tracerresolver/0.33.1/jaeger-tracerresolver-0.33.1.jar:/home/user/.m2/repository/io/opentracing/contrib/opentracing-tracerresolver/0.1.5/opentracing-tracerresolver-0.1.5.jar:/home/user/.m2/repository/io/opentracing/opentracing-util/0.31.0/opentracing-util-0.31.0.jar:/home/user/.m2/repository/io/opentracing/opentracing-api/0.31.0/opentracing-api-0.31.0.jar:/home/user/.m2/repository/io/opentracing/opentracing-noop/0.31.0/opentracing-noop-0.31.0.jar:/home/user/.m2/repository/org/apache/hadoop/hadoop-hdds-server-framework/0.5.0-SNAPSHOT/hadoop-hdds-server-framework-0.5.0-SNAPSHOT.jar:/home/user/.m2/repository/org/apache/hadoop/hadoop-hdds-container-service/0.5.0-SNAPSHOT/hadoop-hdds-container-service-0.5.0-SNAPSHOT.jar:/home/user/.m2/repository/org/apache/hadoop/hadoop-hdds-client/0.5.0-SNAPSHOT/hadoop-hdds-client-0.5.0-SNAPSHOT.jar:/home/user/.m2/repository/org/apache/hadoop/hadoop-hdds-tools/0.5.0-SNAPSHOT/hadoop-hdds-tools-0.5.0-SNAPSHOT.jar:/home/user/.m2/repository/org/apache/hadoop/hadoop-hdds-server-scm/0.5.0-SNAPSHOT/hadoop-hdds-server-scm-0.5.0-SNAPSHOT.jar:/home/user/.m2/repository/org/apache/hadoop/hadoop-hdds-docs/0.5.0-SNAPSHOT/hadoop-hdds-docs-0.5.0-SNAPSHOT.jar:/home/user/.m2/repository/io/dropwizard/metrics/metrics-core/3.2.4/metrics-core-3.2.4.jar:/home/user/.m2/repository/org/hamcrest/hamcrest-all/1.3/hamcrest-all-1.3.jar:/home/user/.m2/repository/org/bouncycastle/bcprov-jdk15on/1.60/bcprov-jdk15on-1.60.jar:/home/user/.m2/repository/info/picocli/picocli/3.9.6/picocli-3.9.6.jar:/home/user/.m2/repository/com/google/protobuf/protobuf-java/2.5.0/protobuf-java-2.5.0.jar:/home/user/.m2/repository/com/google/guava/guava/11.0.2/guava-11.0.2.jar:/home/user/.m2/repository/org/apache/hadoop/hadoop-ozone-ozone-manager/0.5.0-SNAPSHOT/hadoop-ozone-ozone-manager-0.5.0-SNAPSHOT.jar:/home/user/.m2/repository/org/apache/hadoop/hadoop-minikdc/3.2.0/hadoop-minikdc-3.2.0.jar:/home/user/.m2/repository/commons-io/commons-io/2.5/commons-io-2.5.jar:/home/user/.m2/repository/org/apache/kerby/kerb-simplekdc/1.0.1/kerb-simplekdc-1.0.1.jar:/home/user/.m2/repository/org/apache/kerby/kerb-client/1.0.1/kerb-client-1.0.1.jar:/home/user/.m2/repository/org/apache/kerby/kerby-config/1.0.1/kerby-config-1.0.1.jar:/home/user/.m2/repository/org/apache/kerby/kerb-core/1.0.1/kerb-core-1.0.1.jar:/home/user/.m2/repository/org/apache/kerby/kerby-pkix/1.0.1/kerby-pkix-1.0.1.jar:/home/user/.m2/repository/org/apache/kerby/kerby-asn1/1.0.1/kerby-asn1-1.0.1.jar:/home/user/.m2/repository/org/apache/kerby/kerby-util/1.0.1/kerby-util-1.0.1.jar:/home/user/.m2/repository/org/apache/kerby/kerb-common/1.0.1/kerb-common-1.0.1.jar:/home/user/.m2/repository/org/apache/kerby/kerb-crypto/1.0.1/kerb-crypto-1.0.1.jar:/home/user/.m2/repository/org/apache/kerby/kerb-util/1.0.1/kerb-util-1.0.1.jar:/home/user/.m2/repository/org/apache/kerby/token-provider/1.0.1/token-provider-1.0.1.jar:/home/user/.m2/repository/org/apache/kerby/kerb-admin/1.0.1/kerb-admin-1.0.1.jar:/home/user/.m2/repository/org/apache/kerby/kerb-server/1.0.1/kerb-server-1.0.1.jar:/home/user/.m2/repository/org/apache/kerby/kerb-identity/1.0.1/kerb-identity-1.0.1.jar:/home/user/.m2/repository/org/apache/kerby/kerby-xdr/1.0.1/kerby-xdr-1.0.1.jar:/home/user/.m2/repository/org/slf4j/slf4j-log4j12/1.7.25/slf4j-log4j12-1.7.25.jar:/home/user/.m2/repository/org/apache/hadoop/hadoop-ozone-s3gateway/0.5.0-SNAPSHOT/hadoop-ozone-s3gateway-0.5.0-SNAPSHOT.jar:/home/user/.m2/repository/org/jboss/weld/servlet/weld-servlet/2.4.7.Final/weld-servlet-2.4.7.Final.jar:/home/user/.m2/repository/org/glassfish/jersey/containers/jersey-container-servlet-core/2.27/jersey-container-servlet-core-2.27.jar:/home/user/.m2/repository/org/glassfish/hk2/external/javax.inject/2.5.0-b42/javax.inject-2.5.0-b42.jar:/home/user/.m2/repository/org/glassfish/jersey/core/jersey-common/2.27/jersey-common-2.27.jar:/home/user/.m2/repository/org/glassfish/hk2/osgi-resource-locator/1.0.1/osgi-resource-locator-1.0.1.jar:/home/user/.m2/repository/javax/ws/rs/javax.ws.rs-api/2.1/javax.ws.rs-api-2.1.jar:/home/user/.m2/repository/org/glassfish/jersey/ext/cdi/jersey-cdi1x/2.27/jersey-cdi1x-2.27.jar:/home/user/.m2/repository/org/glassfish/jersey/inject/jersey-hk2/2.27/jersey-hk2-2.27.jar:/home/user/.m2/repository/org/glassfish/hk2/hk2-locator/2.5.0-b42/hk2-locator-2.5.0-b42.jar:/home/user/.m2/repository/org/javassist/javassist/3.22.0-CR2/javassist-3.22.0-CR2.jar:/home/user/.m2/repository/org/glassfish/hk2/hk2-api/2.5.0/hk2-api-2.5.0.jar:/home/user/.m2/repository/org/glassfish/hk2/external/jakarta.inject/2.5.0/jakarta.inject-2.5.0.jar:/home/user/.m2/repository/org/glassfish/hk2/hk2-utils/2.5.0/hk2-utils-2.5.0.jar:/home/user/.m2/repository/jakarta/annotation/jakarta.annotation-api/1.3.4/jakarta.annotation-api-1.3.4.jar:/home/user/.m2/repository/org/glassfish/hk2/external/aopalliance-repackaged/2.5.0/aopalliance-repackaged-2.5.0.jar:/home/user/.m2/repository/com/fasterxml/jackson/dataformat/jackson-dataformat-xml/2.9.0/jackson-dataformat-xml-2.9.0.jar:/home/user/.m2/repository/com/fasterxml/jackson/core/jackson-core/2.9.9/jackson-core-2.9.9.jar:/home/user/.m2/repository/com/fasterxml/jackson/module/jackson-module-jaxb-annotations/2.9.9/jackson-module-jaxb-annotations-2.9.9.jar:/home/user/.m2/repository/javax/enterprise/cdi-api/1.2/cdi-api-1.2.jar:/home/user/.m2/repository/javax/el/javax.el-api/3.0.0/javax.el-api-3.0.0.jar:/home/user/.m2/repository/javax/interceptor/javax.interceptor-api/1.2/javax.interceptor-api-1.2.jar:/home/user/.m2/repository/javax/inject/javax.inject/1/javax.inject-1.jar:/home/user/.m2/repository/com/sun/xml/bind/jaxb-impl/2.3.0.1/jaxb-impl-2.3.0.1.jar:/home/user/.m2/repository/com/sun/xml/bind/jaxb-core/2.3.0.1/jaxb-core-2.3.0.1.jar:/home/user/.m2/repository/javax/xml/bind/jaxb-api/2.3.0/jaxb-api-2.3.0.jar:/home/user/.m2/repository/javax/activation/activation/1.1.1/activation-1.1.1.jar:/home/user/.m2/repository/org/apache/hadoop/hadoop-ozone-csi/0.5.0-SNAPSHOT/hadoop-ozone-csi-0.5.0-SNAPSHOT.jar:/home/user/.m2/repository/com/google/protobuf/protobuf-java-util/3.5.1/protobuf-java-util-3.5.1.jar:/home/user/.m2/repository/org/apache/hadoop/hadoop-hdds-config/0.5.0-SNAPSHOT/hadoop-hdds-config-0.5.0-SNAPSHOT.jar:/home/user/.m2/repository/io/grpc/grpc-netty/1.17.1/grpc-netty-1.17.1.jar:/home/user/.m2/repository/io/grpc/grpc-core/1.17.1/grpc-core-1.17.1.jar:/home/user/.m2/repository/io/grpc/grpc-context/1.17.1/grpc-context-1.17.1.jar:/home/user/.m2/repository/com/google/errorprone/error_prone_annotations/2.2.0/error_prone_annotations-2.2.0.jar:/home/user/.m2/repository/org/codehaus/mojo/animal-sniffer-annotations/1.17/animal-sniffer-annotations-1.17.jar:/home/user/.m2/repository/io/opencensus/opencensus-api/0.17.0/opencensus-api-0.17.0.jar:/home/user/.m2/repository/io/opencensus/opencensus-contrib-grpc-metrics/0.17.0/opencensus-contrib-grpc-metrics-0.17.0.jar:/home/user/.m2/repository/io/netty/netty-codec-http2/4.1.30.Final/netty-codec-http2-4.1.30.Final.jar:/home/user/.m2/repository/io/netty/netty-codec-http/4.1.30.Final/netty-codec-http-4.1.30.Final.jar:/home/user/.m2/repository/io/netty/netty-codec/4.1.30.Final/netty-codec-4.1.30.Final.jar:/home/user/.m2/repository/io/netty/netty-handler/4.1.30.Final/netty-handler-4.1.30.Final.jar:/home/user/.m2/repository/io/netty/netty-handler-proxy/4.1.30.Final/netty-handler-proxy-4.1.30.Final.jar:/home/user/.m2/repository/io/netty/netty-codec-socks/4.1.30.Final/netty-codec-socks-4.1.30.Final.jar:/home/user/.m2/repository/io/netty/netty-transport-native-epoll/4.1.30.Final/netty-transport-native-epoll-4.1.30.Final.jar:/home/user/.m2/repository/io/netty/netty-common/4.1.30.Final/netty-common-4.1.30.Final.jar:/home/user/.m2/repository/io/netty/netty-buffer/4.1.30.Final/netty-buffer-4.1.30.Final.jar:/home/user/.m2/repository/io/netty/netty-transport/4.1.30.Final/netty-transport-4.1.30.Final.jar:/home/user/.m2/repository/io/netty/netty-resolver/4.1.30.Final/netty-resolver-4.1.30.Final.jar:/home/user/.m2/repository/io/netty/netty-transport-native-unix-common/4.1.30.Final/netty-transport-native-unix-common-4.1.30.Final.jar:/home/user/.m2/repository/io/grpc/grpc-protobuf/1.17.1/grpc-protobuf-1.17.1.jar:/home/user/.m2/repository/com/google/api/grpc/proto-google-common-protos/1.0.0/proto-google-common-protos-1.0.0.jar:/home/user/.m2/repository/io/grpc/grpc-protobuf-lite/1.17.1/grpc-protobuf-lite-1.17.1.jar:/home/user/.m2/repository/io/grpc/grpc-stub/1.17.1/grpc-stub-1.17.1.jar:/home/user/.m2/repository/org/apache/hadoop/hadoop-ozone-recon/0.5.0-SNAPSHOT/hadoop-ozone-recon-0.5.0-SNAPSHOT.jar:/home/user/.m2/repository/org/apache/hadoop/hadoop-ozone-reconcodegen/0.5.0-SNAPSHOT/hadoop-ozone-reconcodegen-0.5.0-SNAPSHOT.jar:/home/user/.m2/repository/com/google/inject/extensions/guice-multibindings/4.0/guice-multibindings-4.0.jar:/home/user/.m2/repository/com/google/inject/guice/4.0/guice-4.0.jar:/home/user/.m2/repository/aopalliance/aopalliance/1.0/aopalliance-1.0.jar:/home/user/.m2/repository/com/google/inject/extensions/guice-servlet/4.0/guice-servlet-4.0.jar:/home/user/.m2/repository/org/glassfish/jersey/containers/jersey-container-servlet/2.27/jersey-container-servlet-2.27.jar:/home/user/.m2/repository/org/glassfish/hk2/guice-bridge/2.5.0/guice-bridge-2.5.0.jar:/home/user/.m2/repository/org/glassfish/jersey/core/jersey-server/2.27/jersey-server-2.27.jar:/home/user/.m2/repository/org/glassfish/jersey/core/jersey-client/2.27/jersey-client-2.27.jar:/home/user/.m2/repository/org/glassfish/jersey/media/jersey-media-jaxb/2.27/jersey-media-jaxb-2.27.jar:/home/user/.m2/repository/javax/validation/validation-api/1.1.0.Final/validation-api-1.1.0.Final.jar:/home/user/.m2/repository/org/glassfish/jersey/media/jersey-media-json-jackson/2.27/jersey-media-json-jackson-2.27.jar:/home/user/.m2/repository/org/glassfish/jersey/ext/jersey-entity-filtering/2.27/jersey-entity-filtering-2.27.jar:/home/user/.m2/repository/com/google/inject/extensions/guice-assistedinject/4.0/guice-assistedinject-4.0.jar:/home/user/.m2/repository/org/jooq/jooq/3.11.10/jooq-3.11.10.jar:/home/user/.m2/repository/org/jooq/jooq-meta/3.11.10/jooq-meta-3.11.10.jar:/home/user/.m2/repository/org/jooq/jooq-codegen/3.11.10/jooq-codegen-3.11.10.jar:/home/user/.m2/repository/com/jolbox/bonecp/0.8.0.RELEASE/bonecp-0.8.0.RELEASE.jar:/home/user/.m2/repository/org/xerial/sqlite-jdbc/3.25.2/sqlite-jdbc-3.25.2.jar:/home/user/.m2/repository/org/springframework/spring-jdbc/5.1.3.RELEASE/spring-jdbc-5.1.3.RELEASE.jar:/home/user/.m2/repository/org/springframework/spring-beans/5.1.3.RELEASE/spring-beans-5.1.3.RELEASE.jar:/home/user/.m2/repository/org/springframework/spring-core/5.1.3.RELEASE/spring-core-5.1.3.RELEASE.jar:/home/user/.m2/repository/org/springframework/spring-jcl/5.1.3.RELEASE/spring-jcl-5.1.3.RELEASE.jar:/home/user/.m2/repository/org/springframework/spring-tx/5.1.3.RELEASE/spring-tx-5.1.3.RELEASE.jar:/home/user/.m2/repository/org/apache/hadoop/hadoop-ozone-client/0.5.0-SNAPSHOT/hadoop-ozone-client-0.5.0-SNAPSHOT.jar:/home/user/.m2/repository/commons-lang/commons-lang/2.6/commons-lang-2.6.jar:/home/user/.m2/repository/org/apache/hadoop/hadoop-ozone-ozone-manager/0.5.0-SNAPSHOT/hadoop-ozone-ozone-manager-0.5.0-SNAPSHOT-tests.jar:/home/user/.m2/repository/junit/junit/4.11/junit-4.11.jar:/home/user/.m2/repository/org/hamcrest/hamcrest-core/1.3/hamcrest-core-1.3.jar:/home/user/.m2/repository/org/openjdk/jmh/jmh-core/1.19/jmh-core-1.19.jar:/home/user/.m2/repository/net/sf/jopt-simple/jopt-simple/4.6/jopt-simple-4.6.jar:/home/user/.m2/repository/org/apache/commons/commons-math3/3.1.1/commons-math3-3.1.1.jar:/home/user/.m2/repository/org/openjdk/jmh/jmh-generator-annprocess/1.19/jmh-generator-annprocess-1.19.jar:/home/user/.m2/repository/org/mockito/mockito-all/1.8.5/mockito-all-1.8.5.jar:/home/user/.m2/repository/org/apache/hadoop/hadoop-kms/3.2.0/hadoop-kms-3.2.0.jar:/home/user/.m2/repository/org/apache/hadoop/hadoop-auth/3.2.0/hadoop-auth-3.2.0.jar:/home/user/.m2/repository/com/nimbusds/nimbus-jose-jwt/4.41.1/nimbus-jose-jwt-4.41.1.jar:/home/user/.m2/repository/com/github/stephenc/jcip/jcip-annotations/1.0-1/jcip-annotations-1.0-1.jar:/home/user/.m2/repository/net/minidev/json-smart/2.3/json-smart-2.3.jar:/home/user/.m2/repository/net/minidev/accessors-smart/1.2/accessors-smart-1.2.jar:/home/user/.m2/repository/org/ow2/asm/asm/5.0.4/asm-5.0.4.jar:/home/user/.m2/repository/org/apache/curator/curator-framework/2.12.0/curator-framework-2.12.0.jar:/home/user/.m2/repository/com/sun/jersey/jersey-core/1.19/jersey-core-1.19.jar:/home/user/.m2/repository/javax/ws/rs/jsr311-api/1.1.1/jsr311-api-1.1.1.jar:/home/user/.m2/repository/com/sun/jersey/jersey-server/1.19/jersey-server-1.19.jar:/home/user/.m2/repository/javax/servlet/javax.servlet-api/3.1.0/javax.servlet-api-3.1.0.jar:/home/user/.m2/repository/org/eclipse/jetty/jetty-server/9.3.24.v20180605/jetty-server-9.3.24.v20180605.jar:/home/user/.m2/repository/org/eclipse/jetty/jetty-http/9.3.24.v20180605/jetty-http-9.3.24.v20180605.jar:/home/user/.m2/repository/org/eclipse/jetty/jetty-io/9.3.24.v20180605/jetty-io-9.3.24.v20180605.jar:/home/user/.m2/repository/org/eclipse/jetty/jetty-webapp/9.3.24.v20180605/jetty-webapp-9.3.24.v20180605.jar:/home/user/.m2/repository/org/eclipse/jetty/jetty-xml/9.3.24.v20180605/jetty-xml-9.3.24.v20180605.jar:/home/user/.m2/repository/log4j/log4j/1.2.17/log4j-1.2.17.jar:/home/user/.m2/repository/org/slf4j/slf4j-api/1.7.25/slf4j-api-1.7.25.jar:/home/user/.m2/repository/org/slf4j/jul-to-slf4j/1.7.25/jul-to-slf4j-1.7.25.jar:/home/user/.m2/repository/org/eclipse/jetty/jetty-util/9.3.24.v20180605/jetty-util-9.3.24.v20180605.jar:/home/user/.m2/repository/com/fasterxml/jackson/core/jackson-databind/2.9.9/jackson-databind-2.9.9.jar:/home/user/.m2/repository/org/apache/hadoop/hadoop-kms/3.2.0/hadoop-kms-3.2.0-tests.jar:/home/user/.m2/repository/org/apache/hadoop/hadoop-hdds-server-scm/0.5.0-SNAPSHOT/hadoop-hdds-server-scm-0.5.0-SNAPSHOT-tests.jar:/home/user/.m2/repository/org/apache/hadoop/hadoop-hdds-container-service/0.5.0-SNAPSHOT/hadoop-hdds-container-service-0.5.0-SNAPSHOT-tests.jar:/home/user/.m2/repository/org/yaml/snakeyaml/1.16/snakeyaml-1.16.jar:/home/user/.m2/repository/org/apache/hadoop/hadoop-common/3.2.0/hadoop-common-3.2.0-tests.jar:/home/user/.m2/repository/org/apache/hadoop/hadoop-annotations/3.2.0/hadoop-annotations-3.2.0.jar:/usr/lib/jvm/java-1.8-openjdk/jre/../lib/tools.jar:/home/user/.m2/repository/commons-cli/commons-cli/1.2/commons-cli-1.2.jar:/home/user/.m2/repository/org/apache/httpcomponents/httpclient/4.5.2/httpclient-4.5.2.jar:/home/user/.m2/repository/org/apache/httpcomponents/httpcore/4.4.4/httpcore-4.4.4.jar:/home/user/.m2/repository/commons-codec/commons-codec/1.11/commons-codec-1.11.jar:/home/user/.m2/repository/commons-net/commons-net/3.6/commons-net-3.6.jar:/home/user/.m2/repository/commons-collections/commons-collections/3.2.2/commons-collections-3.2.2.jar:/home/user/.m2/repository/org/eclipse/jetty/jetty-servlet/9.3.24.v20180605/jetty-servlet-9.3.24.v20180605.jar:/home/user/.m2/repository/org/eclipse/jetty/jetty-security/9.3.24.v20180605/jetty-security-9.3.24.v20180605.jar:/home/user/.m2/repository/javax/servlet/jsp/jsp-api/2.1/jsp-api-2.1.jar:/home/user/.m2/repository/com/sun/jersey/jersey-servlet/1.19/jersey-servlet-1.19.jar:/home/user/.m2/repository/com/sun/jersey/jersey-json/1.19/jersey-json-1.19.jar:/home/user/.m2/repository/org/codehaus/jettison/jettison/1.1/jettison-1.1.jar:/home/user/.m2/repository/org/codehaus/jackson/jackson-core-asl/1.9.13/jackson-core-asl-1.9.13.jar:/home/user/.m2/repository/org/codehaus/jackson/jackson-mapper-asl/1.9.13/jackson-mapper-asl-1.9.13.jar:/home/user/.m2/repository/org/codehaus/jackson/jackson-jaxrs/1.9.13/jackson-jaxrs-1.9.13.jar:/home/user/.m2/repository/org/codehaus/jackson/jackson-xc/1.9.13/jackson-xc-1.9.13.jar:/home/user/.m2/repository/commons-logging/commons-logging/1.1.3/commons-logging-1.1.3.jar:/home/user/.m2/repository/commons-beanutils/commons-beanutils/1.9.4/commons-beanutils-1.9.4.jar:/home/user/.m2/repository/org/apache/commons/commons-configuration2/2.1.1/commons-configuration2-2.1.1.jar:/home/user/.m2/repository/org/apache/commons/commons-lang3/3.7/commons-lang3-3.7.jar:/home/user/.m2/repository/org/apache/commons/commons-text/1.4/commons-text-1.4.jar:/home/user/.m2/repository/org/apache/avro/avro/1.7.7/avro-1.7.7.jar:/home/user/.m2/repository/com/thoughtworks/paranamer/paranamer/2.3/paranamer-2.3.jar:/home/user/.m2/repository/org/xerial/snappy/snappy-java/1.0.5/snappy-java-1.0.5.jar:/home/user/.m2/repository/com/google/re2j/re2j/1.1/re2j-1.1.jar:/home/user/.m2/repository/com/google/code/gson/gson/2.2.4/gson-2.2.4.jar:/home/user/.m2/repository/com/jcraft/jsch/0.1.54/jsch-0.1.54.jar:/home/user/.m2/repository/org/apache/curator/curator-client/2.12.0/curator-client-2.12.0.jar:/home/user/.m2/repository/org/apache/curator/curator-recipes/2.12.0/curator-recipes-2.12.0.jar:/home/user/.m2/repository/com/google/code/findbugs/jsr305/3.0.0/jsr305-3.0.0.jar:/home/user/.m2/repository/org/apache/htrace/htrace-core4/4.1.0-incubating/htrace-core4-4.1.0-incubating.jar:/home/user/.m2/repository/org/apache/zookeeper/zookeeper/3.4.13/zookeeper-3.4.13.jar:/home/user/.m2/repository/org/apache/yetus/audience-annotations/0.5.0/audience-annotations-0.5.0.jar:/home/user/.m2/repository/org/codehaus/woodstox/stax2-api/3.1.4/stax2-api-3.1.4.jar:/home/user/.m2/repository/com/fasterxml/woodstox/woodstox-core/5.0.3/woodstox-core-5.0.3.jar:/home/user/.m2/repository/dnsjava/dnsjava/2.1.7/dnsjava-2.1.7.jar:/home/user/.m2/repository/org/apache/hadoop/hadoop-hdfs/3.2.0/hadoop-hdfs-3.2.0-tests.jar:/home/user/.m2/repository/org/eclipse/jetty/jetty-util-ajax/9.3.24.v20180605/jetty-util-ajax-9.3.24.v20180605.jar:/home/user/.m2/repository/commons-daemon/commons-daemon/1.0.13/commons-daemon-1.0.13.jar:/home/user/.m2/repository/io/netty/netty/3.10.5.Final/netty-3.10.5.Final.jar:/home/user/.m2/repository/io/netty/netty-all/4.0.52.Final/netty-all-4.0.52.Final.jar:/home/user/.m2/repository/org/fusesource/leveldbjni/leveldbjni-all/1.8/leveldbjni-all-1.8.jar:"/>
    <property name="java.vm.vendor" value="IcedTea"/>
    <property name="sun.arch.data.model" value="64"/>
    <property name="test.build.dir" value="/workdir/hadoop-ozone/integration-test/target/test-dir"/>
    <property name="test.cache.data" value=""/>
    <property name="java.vendor.url" value="https://icedtea.classpath.org"/>
    <property name="user.timezone" value=""/>
    <property name="java.vm.specification.version" value="1.8"/>
    <property name="os.name" value="Linux"/>
    <property name="test.build.data" value="/workdir/hadoop-ozone/integration-test/target/test-dir"/>
    <property name="user.country" value="US"/>
    <property name="sun.java.launcher" value="SUN_STANDARD"/>
    <property name="sun.boot.library.path" value="/usr/lib/jvm/java-1.8-openjdk/jre/lib/amd64"/>
    <property name="sun.java.command" value="/workdir/hadoop-ozone/integration-test/target/surefire/surefirebooter7383903797664271298.jar /workdir/hadoop-ozone/integration-test/target/surefire 2019-09-19T12-56-27_154-jvmRun1 surefire997048470188007045tmp surefire_443734892478623085995tmp"/>
    <property name="test" value="!TestMiniChaosOzoneCluster"/>
    <property name="surefire.test.class.path" value="/workdir/hadoop-ozone/integration-test/target/test-classes:/workdir/hadoop-ozone/integration-test/target/classes:/home/user/.m2/repository/org/apache/hadoop/hadoop-ozone-common/0.5.0-SNAPSHOT/hadoop-ozone-common-0.5.0-SNAPSHOT.jar:/home/user/.m2/repository/org/apache/commons/commons-compress/1.4.1/commons-compress-1.4.1.jar:/home/user/.m2/repository/org/tukaani/xz/1.0/xz-1.0.jar:/home/user/.m2/repository/org/apache/hadoop/hadoop-common/3.2.0/hadoop-common-3.2.0.jar:/home/user/.m2/repository/org/apache/hadoop/hadoop-hdfs/3.2.0/hadoop-hdfs-3.2.0.jar:/home/user/.m2/repository/org/apache/hadoop/hadoop-hdfs-client/3.2.0/hadoop-hdfs-client-3.2.0.jar:/home/user/.m2/repository/com/fasterxml/jackson/core/jackson-annotations/2.9.9/jackson-annotations-2.9.9.jar:/home/user/.m2/repository/org/apache/hadoop/hadoop-hdds-common/0.5.0-SNAPSHOT/hadoop-hdds-common-0.5.0-SNAPSHOT.jar:/home/user/.m2/repository/javax/annotation/javax.annotation-api/1.2/javax.annotation-api-1.2.jar:/home/user/.m2/repository/org/apache/ratis/ratis-server/0.4.0-78e95b9-SNAPSHOT/ratis-server-0.4.0-78e95b9-SNAPSHOT.jar:/home/user/.m2/repository/org/apache/ratis/ratis-thirdparty-misc/0.2.0/ratis-thirdparty-misc-0.2.0.jar:/home/user/.m2/repository/org/apache/ratis/ratis-proto/0.4.0-78e95b9-SNAPSHOT/ratis-proto-0.4.0-78e95b9-SNAPSHOT.jar:/home/user/.m2/repository/org/apache/ratis/ratis-common/0.4.0-78e95b9-SNAPSHOT/ratis-common-0.4.0-78e95b9-SNAPSHOT.jar:/home/user/.m2/repository/org/apache/ratis/ratis-client/0.4.0-78e95b9-SNAPSHOT/ratis-client-0.4.0-78e95b9-SNAPSHOT.jar:/home/user/.m2/repository/org/apache/ratis/ratis-metrics/0.4.0-78e95b9-SNAPSHOT/ratis-metrics-0.4.0-78e95b9-SNAPSHOT.jar:/home/user/.m2/repository/com/github/joshelser/dropwizard-metrics-hadoop-metrics2-reporter/0.1.2/dropwizard-metrics-hadoop-metrics2-reporter-0.1.2.jar:/home/user/.m2/repository/io/dropwizard/metrics/metrics-jvm/3.2.5/metrics-jvm-3.2.5.jar:/home/user/.m2/repository/io/dropwizard/metrics/metrics-ganglia/3.2.5/metrics-ganglia-3.2.5.jar:/home/user/.m2/repository/info/ganglia/gmetric4j/gmetric4j/1.0.7/gmetric4j-1.0.7.jar:/home/user/.m2/repository/org/apache/ratis/ratis-netty/0.4.0-78e95b9-SNAPSHOT/ratis-netty-0.4.0-78e95b9-SNAPSHOT.jar:/home/user/.m2/repository/org/apache/ratis/ratis-grpc/0.4.0-78e95b9-SNAPSHOT/ratis-grpc-0.4.0-78e95b9-SNAPSHOT.jar:/home/user/.m2/repository/org/rocksdb/rocksdbjni/6.0.1/rocksdbjni-6.0.1.jar:/home/user/.m2/repository/org/apache/logging/log4j/log4j-api/2.11.0/log4j-api-2.11.0.jar:/home/user/.m2/repository/org/apache/logging/log4j/log4j-core/2.11.0/log4j-core-2.11.0.jar:/home/user/.m2/repository/com/lmax/disruptor/3.4.2/disruptor-3.4.2.jar:/home/user/.m2/repository/org/apache/commons/commons-pool2/2.6.0/commons-pool2-2.6.0.jar:/home/user/.m2/repository/org/bouncycastle/bcpkix-jdk15on/1.60/bcpkix-jdk15on-1.60.jar:/home/user/.m2/repository/commons-validator/commons-validator/1.6/commons-validator-1.6.jar:/home/user/.m2/repository/commons-digester/commons-digester/1.8.1/commons-digester-1.8.1.jar:/home/user/.m2/repository/io/jaegertracing/jaeger-client/0.33.1/jaeger-client-0.33.1.jar:/home/user/.m2/repository/io/jaegertracing/jaeger-thrift/0.33.1/jaeger-thrift-0.33.1.jar:/home/user/.m2/repository/org/apache/thrift/libthrift/0.11.0/libthrift-0.11.0.jar:/home/user/.m2/repository/com/squareup/okhttp3/okhttp/3.9.0/okhttp-3.9.0.jar:/home/user/.m2/repository/com/squareup/okio/okio/1.13.0/okio-1.13.0.jar:/home/user/.m2/repository/io/jaegertracing/jaeger-core/0.33.1/jaeger-core-0.33.1.jar:/home/user/.m2/repository/io/jaegertracing/jaeger-tracerresolver/0.33.1/jaeger-tracerresolver-0.33.1.jar:/home/user/.m2/repository/io/opentracing/contrib/opentracing-tracerresolver/0.1.5/opentracing-tracerresolver-0.1.5.jar:/home/user/.m2/repository/io/opentracing/opentracing-util/0.31.0/opentracing-util-0.31.0.jar:/home/user/.m2/repository/io/opentracing/opentracing-api/0.31.0/opentracing-api-0.31.0.jar:/home/user/.m2/repository/io/opentracing/opentracing-noop/0.31.0/opentracing-noop-0.31.0.jar:/home/user/.m2/repository/org/apache/hadoop/hadoop-hdds-server-framework/0.5.0-SNAPSHOT/hadoop-hdds-server-framework-0.5.0-SNAPSHOT.jar:/home/user/.m2/repository/org/apache/hadoop/hadoop-hdds-container-service/0.5.0-SNAPSHOT/hadoop-hdds-container-service-0.5.0-SNAPSHOT.jar:/home/user/.m2/repository/org/apache/hadoop/hadoop-hdds-client/0.5.0-SNAPSHOT/hadoop-hdds-client-0.5.0-SNAPSHOT.jar:/home/user/.m2/repository/org/apache/hadoop/hadoop-hdds-tools/0.5.0-SNAPSHOT/hadoop-hdds-tools-0.5.0-SNAPSHOT.jar:/home/user/.m2/repository/org/apache/hadoop/hadoop-hdds-server-scm/0.5.0-SNAPSHOT/hadoop-hdds-server-scm-0.5.0-SNAPSHOT.jar:/home/user/.m2/repository/org/apache/hadoop/hadoop-hdds-docs/0.5.0-SNAPSHOT/hadoop-hdds-docs-0.5.0-SNAPSHOT.jar:/home/user/.m2/repository/io/dropwizard/metrics/metrics-core/3.2.4/metrics-core-3.2.4.jar:/home/user/.m2/repository/org/hamcrest/hamcrest-all/1.3/hamcrest-all-1.3.jar:/home/user/.m2/repository/org/bouncycastle/bcprov-jdk15on/1.60/bcprov-jdk15on-1.60.jar:/home/user/.m2/repository/info/picocli/picocli/3.9.6/picocli-3.9.6.jar:/home/user/.m2/repository/com/google/protobuf/protobuf-java/2.5.0/protobuf-java-2.5.0.jar:/home/user/.m2/repository/com/google/guava/guava/11.0.2/guava-11.0.2.jar:/home/user/.m2/repository/org/apache/hadoop/hadoop-ozone-ozone-manager/0.5.0-SNAPSHOT/hadoop-ozone-ozone-manager-0.5.0-SNAPSHOT.jar:/home/user/.m2/repository/org/apache/hadoop/hadoop-minikdc/3.2.0/hadoop-minikdc-3.2.0.jar:/home/user/.m2/repository/commons-io/commons-io/2.5/commons-io-2.5.jar:/home/user/.m2/repository/org/apache/kerby/kerb-simplekdc/1.0.1/kerb-simplekdc-1.0.1.jar:/home/user/.m2/repository/org/apache/kerby/kerb-client/1.0.1/kerb-client-1.0.1.jar:/home/user/.m2/repository/org/apache/kerby/kerby-config/1.0.1/kerby-config-1.0.1.jar:/home/user/.m2/repository/org/apache/kerby/kerb-core/1.0.1/kerb-core-1.0.1.jar:/home/user/.m2/repository/org/apache/kerby/kerby-pkix/1.0.1/kerby-pkix-1.0.1.jar:/home/user/.m2/repository/org/apache/kerby/kerby-asn1/1.0.1/kerby-asn1-1.0.1.jar:/home/user/.m2/repository/org/apache/kerby/kerby-util/1.0.1/kerby-util-1.0.1.jar:/home/user/.m2/repository/org/apache/kerby/kerb-common/1.0.1/kerb-common-1.0.1.jar:/home/user/.m2/repository/org/apache/kerby/kerb-crypto/1.0.1/kerb-crypto-1.0.1.jar:/home/user/.m2/repository/org/apache/kerby/kerb-util/1.0.1/kerb-util-1.0.1.jar:/home/user/.m2/repository/org/apache/kerby/token-provider/1.0.1/token-provider-1.0.1.jar:/home/user/.m2/repository/org/apache/kerby/kerb-admin/1.0.1/kerb-admin-1.0.1.jar:/home/user/.m2/repository/org/apache/kerby/kerb-server/1.0.1/kerb-server-1.0.1.jar:/home/user/.m2/repository/org/apache/kerby/kerb-identity/1.0.1/kerb-identity-1.0.1.jar:/home/user/.m2/repository/org/apache/kerby/kerby-xdr/1.0.1/kerby-xdr-1.0.1.jar:/home/user/.m2/repository/org/slf4j/slf4j-log4j12/1.7.25/slf4j-log4j12-1.7.25.jar:/home/user/.m2/repository/org/apache/hadoop/hadoop-ozone-s3gateway/0.5.0-SNAPSHOT/hadoop-ozone-s3gateway-0.5.0-SNAPSHOT.jar:/home/user/.m2/repository/org/jboss/weld/servlet/weld-servlet/2.4.7.Final/weld-servlet-2.4.7.Final.jar:/home/user/.m2/repository/org/glassfish/jersey/containers/jersey-container-servlet-core/2.27/jersey-container-servlet-core-2.27.jar:/home/user/.m2/repository/org/glassfish/hk2/external/javax.inject/2.5.0-b42/javax.inject-2.5.0-b42.jar:/home/user/.m2/repository/org/glassfish/jersey/core/jersey-common/2.27/jersey-common-2.27.jar:/home/user/.m2/repository/org/glassfish/hk2/osgi-resource-locator/1.0.1/osgi-resource-locator-1.0.1.jar:/home/user/.m2/repository/javax/ws/rs/javax.ws.rs-api/2.1/javax.ws.rs-api-2.1.jar:/home/user/.m2/repository/org/glassfish/jersey/ext/cdi/jersey-cdi1x/2.27/jersey-cdi1x-2.27.jar:/home/user/.m2/repository/org/glassfish/jersey/inject/jersey-hk2/2.27/jersey-hk2-2.27.jar:/home/user/.m2/repository/org/glassfish/hk2/hk2-locator/2.5.0-b42/hk2-locator-2.5.0-b42.jar:/home/user/.m2/repository/org/javassist/javassist/3.22.0-CR2/javassist-3.22.0-CR2.jar:/home/user/.m2/repository/org/glassfish/hk2/hk2-api/2.5.0/hk2-api-2.5.0.jar:/home/user/.m2/repository/org/glassfish/hk2/external/jakarta.inject/2.5.0/jakarta.inject-2.5.0.jar:/home/user/.m2/repository/org/glassfish/hk2/hk2-utils/2.5.0/hk2-utils-2.5.0.jar:/home/user/.m2/repository/jakarta/annotation/jakarta.annotation-api/1.3.4/jakarta.annotation-api-1.3.4.jar:/home/user/.m2/repository/org/glassfish/hk2/external/aopalliance-repackaged/2.5.0/aopalliance-repackaged-2.5.0.jar:/home/user/.m2/repository/com/fasterxml/jackson/dataformat/jackson-dataformat-xml/2.9.0/jackson-dataformat-xml-2.9.0.jar:/home/user/.m2/repository/com/fasterxml/jackson/core/jackson-core/2.9.9/jackson-core-2.9.9.jar:/home/user/.m2/repository/com/fasterxml/jackson/module/jackson-module-jaxb-annotations/2.9.9/jackson-module-jaxb-annotations-2.9.9.jar:/home/user/.m2/repository/javax/enterprise/cdi-api/1.2/cdi-api-1.2.jar:/home/user/.m2/repository/javax/el/javax.el-api/3.0.0/javax.el-api-3.0.0.jar:/home/user/.m2/repository/javax/interceptor/javax.interceptor-api/1.2/javax.interceptor-api-1.2.jar:/home/user/.m2/repository/javax/inject/javax.inject/1/javax.inject-1.jar:/home/user/.m2/repository/com/sun/xml/bind/jaxb-impl/2.3.0.1/jaxb-impl-2.3.0.1.jar:/home/user/.m2/repository/com/sun/xml/bind/jaxb-core/2.3.0.1/jaxb-core-2.3.0.1.jar:/home/user/.m2/repository/javax/xml/bind/jaxb-api/2.3.0/jaxb-api-2.3.0.jar:/home/user/.m2/repository/javax/activation/activation/1.1.1/activation-1.1.1.jar:/home/user/.m2/repository/org/apache/hadoop/hadoop-ozone-csi/0.5.0-SNAPSHOT/hadoop-ozone-csi-0.5.0-SNAPSHOT.jar:/home/user/.m2/repository/com/google/protobuf/protobuf-java-util/3.5.1/protobuf-java-util-3.5.1.jar:/home/user/.m2/repository/org/apache/hadoop/hadoop-hdds-config/0.5.0-SNAPSHOT/hadoop-hdds-config-0.5.0-SNAPSHOT.jar:/home/user/.m2/repository/io/grpc/grpc-netty/1.17.1/grpc-netty-1.17.1.jar:/home/user/.m2/repository/io/grpc/grpc-core/1.17.1/grpc-core-1.17.1.jar:/home/user/.m2/repository/io/grpc/grpc-context/1.17.1/grpc-context-1.17.1.jar:/home/user/.m2/repository/com/google/errorprone/error_prone_annotations/2.2.0/error_prone_annotations-2.2.0.jar:/home/user/.m2/repository/org/codehaus/mojo/animal-sniffer-annotations/1.17/animal-sniffer-annotations-1.17.jar:/home/user/.m2/repository/io/opencensus/opencensus-api/0.17.0/opencensus-api-0.17.0.jar:/home/user/.m2/repository/io/opencensus/opencensus-contrib-grpc-metrics/0.17.0/opencensus-contrib-grpc-metrics-0.17.0.jar:/home/user/.m2/repository/io/netty/netty-codec-http2/4.1.30.Final/netty-codec-http2-4.1.30.Final.jar:/home/user/.m2/repository/io/netty/netty-codec-http/4.1.30.Final/netty-codec-http-4.1.30.Final.jar:/home/user/.m2/repository/io/netty/netty-codec/4.1.30.Final/netty-codec-4.1.30.Final.jar:/home/user/.m2/repository/io/netty/netty-handler/4.1.30.Final/netty-handler-4.1.30.Final.jar:/home/user/.m2/repository/io/netty/netty-handler-proxy/4.1.30.Final/netty-handler-proxy-4.1.30.Final.jar:/home/user/.m2/repository/io/netty/netty-codec-socks/4.1.30.Final/netty-codec-socks-4.1.30.Final.jar:/home/user/.m2/repository/io/netty/netty-transport-native-epoll/4.1.30.Final/netty-transport-native-epoll-4.1.30.Final.jar:/home/user/.m2/repository/io/netty/netty-common/4.1.30.Final/netty-common-4.1.30.Final.jar:/home/user/.m2/repository/io/netty/netty-buffer/4.1.30.Final/netty-buffer-4.1.30.Final.jar:/home/user/.m2/repository/io/netty/netty-transport/4.1.30.Final/netty-transport-4.1.30.Final.jar:/home/user/.m2/repository/io/netty/netty-resolver/4.1.30.Final/netty-resolver-4.1.30.Final.jar:/home/user/.m2/repository/io/netty/netty-transport-native-unix-common/4.1.30.Final/netty-transport-native-unix-common-4.1.30.Final.jar:/home/user/.m2/repository/io/grpc/grpc-protobuf/1.17.1/grpc-protobuf-1.17.1.jar:/home/user/.m2/repository/com/google/api/grpc/proto-google-common-protos/1.0.0/proto-google-common-protos-1.0.0.jar:/home/user/.m2/repository/io/grpc/grpc-protobuf-lite/1.17.1/grpc-protobuf-lite-1.17.1.jar:/home/user/.m2/repository/io/grpc/grpc-stub/1.17.1/grpc-stub-1.17.1.jar:/home/user/.m2/repository/org/apache/hadoop/hadoop-ozone-recon/0.5.0-SNAPSHOT/hadoop-ozone-recon-0.5.0-SNAPSHOT.jar:/home/user/.m2/repository/org/apache/hadoop/hadoop-ozone-reconcodegen/0.5.0-SNAPSHOT/hadoop-ozone-reconcodegen-0.5.0-SNAPSHOT.jar:/home/user/.m2/repository/com/google/inject/extensions/guice-multibindings/4.0/guice-multibindings-4.0.jar:/home/user/.m2/repository/com/google/inject/guice/4.0/guice-4.0.jar:/home/user/.m2/repository/aopalliance/aopalliance/1.0/aopalliance-1.0.jar:/home/user/.m2/repository/com/google/inject/extensions/guice-servlet/4.0/guice-servlet-4.0.jar:/home/user/.m2/repository/org/glassfish/jersey/containers/jersey-container-servlet/2.27/jersey-container-servlet-2.27.jar:/home/user/.m2/repository/org/glassfish/hk2/guice-bridge/2.5.0/guice-bridge-2.5.0.jar:/home/user/.m2/repository/org/glassfish/jersey/core/jersey-server/2.27/jersey-server-2.27.jar:/home/user/.m2/repository/org/glassfish/jersey/core/jersey-client/2.27/jersey-client-2.27.jar:/home/user/.m2/repository/org/glassfish/jersey/media/jersey-media-jaxb/2.27/jersey-media-jaxb-2.27.jar:/home/user/.m2/repository/javax/validation/validation-api/1.1.0.Final/validation-api-1.1.0.Final.jar:/home/user/.m2/repository/org/glassfish/jersey/media/jersey-media-json-jackson/2.27/jersey-media-json-jackson-2.27.jar:/home/user/.m2/repository/org/glassfish/jersey/ext/jersey-entity-filtering/2.27/jersey-entity-filtering-2.27.jar:/home/user/.m2/repository/com/google/inject/extensions/guice-assistedinject/4.0/guice-assistedinject-4.0.jar:/home/user/.m2/repository/org/jooq/jooq/3.11.10/jooq-3.11.10.jar:/home/user/.m2/repository/org/jooq/jooq-meta/3.11.10/jooq-meta-3.11.10.jar:/home/user/.m2/repository/org/jooq/jooq-codegen/3.11.10/jooq-codegen-3.11.10.jar:/home/user/.m2/repository/com/jolbox/bonecp/0.8.0.RELEASE/bonecp-0.8.0.RELEASE.jar:/home/user/.m2/repository/org/xerial/sqlite-jdbc/3.25.2/sqlite-jdbc-3.25.2.jar:/home/user/.m2/repository/org/springframework/spring-jdbc/5.1.3.RELEASE/spring-jdbc-5.1.3.RELEASE.jar:/home/user/.m2/repository/org/springframework/spring-beans/5.1.3.RELEASE/spring-beans-5.1.3.RELEASE.jar:/home/user/.m2/repository/org/springframework/spring-core/5.1.3.RELEASE/spring-core-5.1.3.RELEASE.jar:/home/user/.m2/repository/org/springframework/spring-jcl/5.1.3.RELEASE/spring-jcl-5.1.3.RELEASE.jar:/home/user/.m2/repository/org/springframework/spring-tx/5.1.3.RELEASE/spring-tx-5.1.3.RELEASE.jar:/home/user/.m2/repository/org/apache/hadoop/hadoop-ozone-client/0.5.0-SNAPSHOT/hadoop-ozone-client-0.5.0-SNAPSHOT.jar:/home/user/.m2/repository/commons-lang/commons-lang/2.6/commons-lang-2.6.jar:/home/user/.m2/repository/org/apache/hadoop/hadoop-ozone-ozone-manager/0.5.0-SNAPSHOT/hadoop-ozone-ozone-manager-0.5.0-SNAPSHOT-tests.jar:/home/user/.m2/repository/junit/junit/4.11/junit-4.11.jar:/home/user/.m2/repository/org/hamcrest/hamcrest-core/1.3/hamcrest-core-1.3.jar:/home/user/.m2/repository/org/openjdk/jmh/jmh-core/1.19/jmh-core-1.19.jar:/home/user/.m2/repository/net/sf/jopt-simple/jopt-simple/4.6/jopt-simple-4.6.jar:/home/user/.m2/repository/org/apache/commons/commons-math3/3.1.1/commons-math3-3.1.1.jar:/home/user/.m2/repository/org/openjdk/jmh/jmh-generator-annprocess/1.19/jmh-generator-annprocess-1.19.jar:/home/user/.m2/repository/org/mockito/mockito-all/1.8.5/mockito-all-1.8.5.jar:/home/user/.m2/repository/org/apache/hadoop/hadoop-kms/3.2.0/hadoop-kms-3.2.0.jar:/home/user/.m2/repository/org/apache/hadoop/hadoop-auth/3.2.0/hadoop-auth-3.2.0.jar:/home/user/.m2/repository/com/nimbusds/nimbus-jose-jwt/4.41.1/nimbus-jose-jwt-4.41.1.jar:/home/user/.m2/repository/com/github/stephenc/jcip/jcip-annotations/1.0-1/jcip-annotations-1.0-1.jar:/home/user/.m2/repository/net/minidev/json-smart/2.3/json-smart-2.3.jar:/home/user/.m2/repository/net/minidev/accessors-smart/1.2/accessors-smart-1.2.jar:/home/user/.m2/repository/org/ow2/asm/asm/5.0.4/asm-5.0.4.jar:/home/user/.m2/repository/org/apache/curator/curator-framework/2.12.0/curator-framework-2.12.0.jar:/home/user/.m2/repository/com/sun/jersey/jersey-core/1.19/jersey-core-1.19.jar:/home/user/.m2/repository/javax/ws/rs/jsr311-api/1.1.1/jsr311-api-1.1.1.jar:/home/user/.m2/repository/com/sun/jersey/jersey-server/1.19/jersey-server-1.19.jar:/home/user/.m2/repository/javax/servlet/javax.servlet-api/3.1.0/javax.servlet-api-3.1.0.jar:/home/user/.m2/repository/org/eclipse/jetty/jetty-server/9.3.24.v20180605/jetty-server-9.3.24.v20180605.jar:/home/user/.m2/repository/org/eclipse/jetty/jetty-http/9.3.24.v20180605/jetty-http-9.3.24.v20180605.jar:/home/user/.m2/repository/org/eclipse/jetty/jetty-io/9.3.24.v20180605/jetty-io-9.3.24.v20180605.jar:/home/user/.m2/repository/org/eclipse/jetty/jetty-webapp/9.3.24.v20180605/jetty-webapp-9.3.24.v20180605.jar:/home/user/.m2/repository/org/eclipse/jetty/jetty-xml/9.3.24.v20180605/jetty-xml-9.3.24.v20180605.jar:/home/user/.m2/repository/log4j/log4j/1.2.17/log4j-1.2.17.jar:/home/user/.m2/repository/org/slf4j/slf4j-api/1.7.25/slf4j-api-1.7.25.jar:/home/user/.m2/repository/org/slf4j/jul-to-slf4j/1.7.25/jul-to-slf4j-1.7.25.jar:/home/user/.m2/repository/org/eclipse/jetty/jetty-util/9.3.24.v20180605/jetty-util-9.3.24.v20180605.jar:/home/user/.m2/repository/com/fasterxml/jackson/core/jackson-databind/2.9.9/jackson-databind-2.9.9.jar:/home/user/.m2/repository/org/apache/hadoop/hadoop-kms/3.2.0/hadoop-kms-3.2.0-tests.jar:/home/user/.m2/repository/org/apache/hadoop/hadoop-hdds-server-scm/0.5.0-SNAPSHOT/hadoop-hdds-server-scm-0.5.0-SNAPSHOT-tests.jar:/home/user/.m2/repository/org/apache/hadoop/hadoop-hdds-container-service/0.5.0-SNAPSHOT/hadoop-hdds-container-service-0.5.0-SNAPSHOT-tests.jar:/home/user/.m2/repository/org/yaml/snakeyaml/1.16/snakeyaml-1.16.jar:/home/user/.m2/repository/org/apache/hadoop/hadoop-common/3.2.0/hadoop-common-3.2.0-tests.jar:/home/user/.m2/repository/org/apache/hadoop/hadoop-annotations/3.2.0/hadoop-annotations-3.2.0.jar:/usr/lib/jvm/java-1.8-openjdk/jre/../lib/tools.jar:/home/user/.m2/repository/commons-cli/commons-cli/1.2/commons-cli-1.2.jar:/home/user/.m2/repository/org/apache/httpcomponents/httpclient/4.5.2/httpclient-4.5.2.jar:/home/user/.m2/repository/org/apache/httpcomponents/httpcore/4.4.4/httpcore-4.4.4.jar:/home/user/.m2/repository/commons-codec/commons-codec/1.11/commons-codec-1.11.jar:/home/user/.m2/repository/commons-net/commons-net/3.6/commons-net-3.6.jar:/home/user/.m2/repository/commons-collections/commons-collections/3.2.2/commons-collections-3.2.2.jar:/home/user/.m2/repository/org/eclipse/jetty/jetty-servlet/9.3.24.v20180605/jetty-servlet-9.3.24.v20180605.jar:/home/user/.m2/repository/org/eclipse/jetty/jetty-security/9.3.24.v20180605/jetty-security-9.3.24.v20180605.jar:/home/user/.m2/repository/javax/servlet/jsp/jsp-api/2.1/jsp-api-2.1.jar:/home/user/.m2/repository/com/sun/jersey/jersey-servlet/1.19/jersey-servlet-1.19.jar:/home/user/.m2/repository/com/sun/jersey/jersey-json/1.19/jersey-json-1.19.jar:/home/user/.m2/repository/org/codehaus/jettison/jettison/1.1/jettison-1.1.jar:/home/user/.m2/repository/org/codehaus/jackson/jackson-core-asl/1.9.13/jackson-core-asl-1.9.13.jar:/home/user/.m2/repository/org/codehaus/jackson/jackson-mapper-asl/1.9.13/jackson-mapper-asl-1.9.13.jar:/home/user/.m2/repository/org/codehaus/jackson/jackson-jaxrs/1.9.13/jackson-jaxrs-1.9.13.jar:/home/user/.m2/repository/org/codehaus/jackson/jackson-xc/1.9.13/jackson-xc-1.9.13.jar:/home/user/.m2/repository/commons-logging/commons-logging/1.1.3/commons-logging-1.1.3.jar:/home/user/.m2/repository/commons-beanutils/commons-beanutils/1.9.4/commons-beanutils-1.9.4.jar:/home/user/.m2/repository/org/apache/commons/commons-configuration2/2.1.1/commons-configuration2-2.1.1.jar:/home/user/.m2/repository/org/apache/commons/commons-lang3/3.7/commons-lang3-3.7.jar:/home/user/.m2/repository/org/apache/commons/commons-text/1.4/commons-text-1.4.jar:/home/user/.m2/repository/org/apache/avro/avro/1.7.7/avro-1.7.7.jar:/home/user/.m2/repository/com/thoughtworks/paranamer/paranamer/2.3/paranamer-2.3.jar:/home/user/.m2/repository/org/xerial/snappy/snappy-java/1.0.5/snappy-java-1.0.5.jar:/home/user/.m2/repository/com/google/re2j/re2j/1.1/re2j-1.1.jar:/home/user/.m2/repository/com/google/code/gson/gson/2.2.4/gson-2.2.4.jar:/home/user/.m2/repository/com/jcraft/jsch/0.1.54/jsch-0.1.54.jar:/home/user/.m2/repository/org/apache/curator/curator-client/2.12.0/curator-client-2.12.0.jar:/home/user/.m2/repository/org/apache/curator/curator-recipes/2.12.0/curator-recipes-2.12.0.jar:/home/user/.m2/repository/com/google/code/findbugs/jsr305/3.0.0/jsr305-3.0.0.jar:/home/user/.m2/repository/org/apache/htrace/htrace-core4/4.1.0-incubating/htrace-core4-4.1.0-incubating.jar:/home/user/.m2/repository/org/apache/zookeeper/zookeeper/3.4.13/zookeeper-3.4.13.jar:/home/user/.m2/repository/org/apache/yetus/audience-annotations/0.5.0/audience-annotations-0.5.0.jar:/home/user/.m2/repository/org/codehaus/woodstox/stax2-api/3.1.4/stax2-api-3.1.4.jar:/home/user/.m2/repository/com/fasterxml/woodstox/woodstox-core/5.0.3/woodstox-core-5.0.3.jar:/home/user/.m2/repository/dnsjava/dnsjava/2.1.7/dnsjava-2.1.7.jar:/home/user/.m2/repository/org/apache/hadoop/hadoop-hdfs/3.2.0/hadoop-hdfs-3.2.0-tests.jar:/home/user/.m2/repository/org/eclipse/jetty/jetty-util-ajax/9.3.24.v20180605/jetty-util-ajax-9.3.24.v20180605.jar:/home/user/.m2/repository/commons-daemon/commons-daemon/1.0.13/commons-daemon-1.0.13.jar:/home/user/.m2/repository/io/netty/netty/3.10.5.Final/netty-3.10.5.Final.jar:/home/user/.m2/repository/io/netty/netty-all/4.0.52.Final/netty-all-4.0.52.Final.jar:/home/user/.m2/repository/org/fusesource/leveldbjni/leveldbjni-all/1.8/leveldbjni-all-1.8.jar:"/>
    <property name="sun.cpu.endian" value="little"/>
    <property name="user.home" value="/home/user"/>
    <property name="user.language" value="en"/>
    <property name="java.specification.vendor" value="Oracle Corporation"/>
    <property name="java.home" value="/usr/lib/jvm/java-1.8-openjdk/jre"/>
    <property name="java.security.krb5.conf" value="/workdir/hadoop-ozone/integration-test/target/test-classes/krb5.conf"/>
    <property name="basedir" value="/workdir/hadoop-ozone/integration-test"/>
    <property name="file.separator" value="/"/>
    <property name="line.separator" value="&#10;"/>
    <property name="java.vm.specification.vendor" value="Oracle Corporation"/>
    <property name="java.specification.name" value="Java Platform API Specification"/>
    <property name="java.awt.graphicsenv" value="sun.awt.X11GraphicsEnvironment"/>
    <property name="surefire.real.class.path" value="/workdir/hadoop-ozone/integration-test/target/surefire/surefirebooter7383903797664271298.jar"/>
    <property name="hadoop.log.dir" value="/workdir/hadoop-ozone/integration-test/target/log"/>
    <property name="sun.boot.class.path" value="/usr/lib/jvm/java-1.8-openjdk/jre/lib/resources.jar:/usr/lib/jvm/java-1.8-openjdk/jre/lib/rt.jar:/usr/lib/jvm/java-1.8-openjdk/jre/lib/sunrsasign.jar:/usr/lib/jvm/java-1.8-openjdk/jre/lib/jsse.jar:/usr/lib/jvm/java-1.8-openjdk/jre/lib/jce.jar:/usr/lib/jvm/java-1.8-openjdk/jre/lib/charsets.jar:/usr/lib/jvm/java-1.8-openjdk/jre/lib/jfr.jar:/usr/lib/jvm/java-1.8-openjdk/jre/classes"/>
    <property name="sun.management.compiler" value="HotSpot 64-Bit Tiered Compilers"/>
    <property name="java.runtime.version" value="1.8.0_212-b04"/>
    <property name="java.net.preferIPv4Stack" value="true"/>
    <property name="user.name" value="jenkins1000"/>
    <property name="path.separator" value=":"/>
    <property name="java.security.egd" value="file:///dev/urandom"/>
    <property name="os.version" value="3.10.0-957.12.2.el7.x86_64"/>
    <property name="java.endorsed.dirs" value="/usr/lib/jvm/java-1.8-openjdk/jre/lib/endorsed"/>
    <property name="java.runtime.name" value="OpenJDK Runtime Environment"/>
    <property name="file.encoding" value="UTF-8"/>
    <property name="java.vm.name" value="OpenJDK 64-Bit Server VM"/>
    <property name="test.build.webapps" value=""/>
    <property name="localRepository" value="/home/user/.m2/repository"/>
    <property name="java.vendor.url.bug" value="https://icedtea.classpath.org/bugzilla"/>
    <property name="java.io.tmpdir" value="/tmp"/>
    <property name="require.test.libhadoop" value=""/>
    <property name="java.version" value="1.8.0_212"/>
    <property name="user.dir" value="/workdir/hadoop-ozone/integration-test"/>
    <property name="os.arch" value="amd64"/>
    <property name="java.vm.specification.name" value="Java Virtual Machine Specification"/>
    <property name="test.build.classes" value="/workdir/hadoop-ozone/integration-test/target/test-classes"/>
    <property name="java.awt.printerjob" value="sun.print.PSPrinterJob"/>
    <property name="sun.os.patch.level" value="unknown"/>
    <property name="hadoop.tmp.dir" value="/workdir/hadoop-ozone/integration-test/target/tmp"/>
    <property name="java.library.path" value="/usr/lib/jvm/java-1.8-openjdk/jre/lib/amd64/server:/usr/lib/jvm/java-1.8-openjdk/jre/lib/amd64:/usr/lib/jvm/java-1.8-openjdk/jre/../lib/amd64:/workdir/hadoop-ozone/integration-test/target/native/target/usr/local/lib:/workdir/hadoop-ozone/integration-test/../../hadoop-common-project/hadoop-common/target/native/target/usr/local/lib:/usr/java/packages/lib/amd64:/usr/lib64:/lib64:/lib:/usr/lib"/>
    <property name="java.vm.info" value="mixed mode"/>
    <property name="java.vendor" value="IcedTea"/>
    <property name="java.vm.version" value="25.212-b04"/>
    <property name="java.ext.dirs" value="/usr/lib/jvm/java-1.8-openjdk/jre/lib/ext:/usr/java/packages/lib/ext"/>
    <property name="sun.io.unicode.encoding" value="UnicodeLittle"/>
    <property name="java.class.version" value="52.0"/>
  </properties>
  <testcase name="test2WayCommitForRetryfailure" classname="org.apache.hadoop.ozone.client.rpc.Test2WayCommitInRatis" time="33.976">
    <error message="org.apache.ratis.protocol.RaftRetryFailureException: Failed RaftClientRequest:client-313CEACB1F49-&gt;d2cb86cd-c327-4321-a829-e2a5e72c5825@group-19189F669019, cid=14, seq=2*, RW, org.apache.hadoop.hdds.scm.XceiverClientRatis$$Lambda$330/1823014131@3fd70803 for 20 attempts with RetryLimited(maxAttempts=20, sleepTime=1000ms)" type="java.util.concurrent.ExecutionException">java.util.concurrent.ExecutionException: org.apache.ratis.protocol.RaftRetryFailureException: Failed RaftClientRequest:client-313CEACB1F49->d2cb86cd-c327-4321-a829-e2a5e72c5825@group-19189F669019, cid=14, seq=2*, RW, org.apache.hadoop.hdds.scm.XceiverClientRatis$$Lambda$330/1823014131@3fd70803 for 20 attempts with RetryLimited(maxAttempts=20, sleepTime=1000ms)
	at java.util.concurrent.CompletableFuture.reportGet(CompletableFuture.java:357)
	at java.util.concurrent.CompletableFuture.get(CompletableFuture.java:1895)
	at org.apache.hadoop.ozone.client.rpc.Test2WayCommitInRatis.test2WayCommitForRetryfailure(Test2WayCommitInRatis.java:144)
	at sun.reflect.NativeMethodAccessorImpl.invoke0(Native Method)
	at sun.reflect.NativeMethodAccessorImpl.invoke(NativeMethodAccessorImpl.java:62)
	at sun.reflect.DelegatingMethodAccessorImpl.invoke(DelegatingMethodAccessorImpl.java:43)
	at java.lang.reflect.Method.invoke(Method.java:498)
	at org.junit.runners.model.FrameworkMethod$1.runReflectiveCall(FrameworkMethod.java:47)
	at org.junit.internal.runners.model.ReflectiveCallable.run(ReflectiveCallable.java:12)
	at org.junit.runners.model.FrameworkMethod.invokeExplosively(FrameworkMethod.java:44)
	at org.junit.internal.runners.statements.InvokeMethod.evaluate(InvokeMethod.java:17)
	at org.junit.runners.ParentRunner.runLeaf(ParentRunner.java:271)
	at org.junit.runners.BlockJUnit4ClassRunner.runChild(BlockJUnit4ClassRunner.java:70)
	at org.junit.runners.BlockJUnit4ClassRunner.runChild(BlockJUnit4ClassRunner.java:50)
	at org.junit.runners.ParentRunner$3.run(ParentRunner.java:238)
	at org.junit.runners.ParentRunner$1.schedule(ParentRunner.java:63)
	at org.junit.runners.ParentRunner.runChildren(ParentRunner.java:236)
	at org.junit.runners.ParentRunner.access$000(ParentRunner.java:53)
	at org.junit.runners.ParentRunner$2.evaluate(ParentRunner.java:229)
	at org.junit.runners.ParentRunner.run(ParentRunner.java:309)
	at org.apache.maven.surefire.junit4.JUnit4Provider.execute(JUnit4Provider.java:365)
	at org.apache.maven.surefire.junit4.JUnit4Provider.executeWithRerun(JUnit4Provider.java:273)
	at org.apache.maven.surefire.junit4.JUnit4Provider.executeTestSet(JUnit4Provider.java:238)
	at org.apache.maven.surefire.junit4.JUnit4Provider.invoke(JUnit4Provider.java:159)
	at org.apache.maven.surefire.booter.ForkedBooter.invokeProviderInSameClassLoader(ForkedBooter.java:384)
	at org.apache.maven.surefire.booter.ForkedBooter.runSuitesInProcess(ForkedBooter.java:345)
	at org.apache.maven.surefire.booter.ForkedBooter.execute(ForkedBooter.java:126)
	at org.apache.maven.surefire.booter.ForkedBooter.main(ForkedBooter.java:418)
Caused by: org.apache.ratis.protocol.RaftRetryFailureException: Failed RaftClientRequest:client-313CEACB1F49->d2cb86cd-c327-4321-a829-e2a5e72c5825@group-19189F669019, cid=14, seq=2*, RW, org.apache.hadoop.hdds.scm.XceiverClientRatis$$Lambda$330/1823014131@3fd70803 for 20 attempts with RetryLimited(maxAttempts=20, sleepTime=1000ms)
	at org.apache.ratis.client.impl.RaftClientImpl.noMoreRetries(RaftClientImpl.java:271)
	at org.apache.ratis.client.impl.OrderedAsync.handleAsyncRetryFailure(OrderedAsync.java:138)
	at org.apache.ratis.client.impl.OrderedAsync.lambda$sendRequest$10(OrderedAsync.java:230)
	at java.util.concurrent.CompletableFuture.uniExceptionally(CompletableFuture.java:870)
	at java.util.concurrent.CompletableFuture$UniExceptionally.tryFire(CompletableFuture.java:852)
	at java.util.concurrent.CompletableFuture.postComplete(CompletableFuture.java:474)
	at java.util.concurrent.CompletableFuture.completeExceptionally(CompletableFuture.java:1977)
	at org.apache.ratis.grpc.client.GrpcClientProtocolClient$AsyncStreamObservers.completeReplyExceptionally(GrpcClientProtocolClient.java:339)
	at org.apache.ratis.grpc.client.GrpcClientProtocolClient$AsyncStreamObservers.access$000(GrpcClientProtocolClient.java:255)
	at org.apache.ratis.grpc.client.GrpcClientProtocolClient$AsyncStreamObservers$1.onNext(GrpcClientProtocolClient.java:267)
	at org.apache.ratis.grpc.client.GrpcClientProtocolClient$AsyncStreamObservers$1.onNext(GrpcClientProtocolClient.java:258)
	at org.apache.ratis.thirdparty.io.grpc.stub.ClientCalls$StreamObserverToCallListenerAdapter.onMessage(ClientCalls.java:421)
	at org.apache.ratis.thirdparty.io.grpc.ForwardingClientCallListener.onMessage(ForwardingClientCallListener.java:33)
	at org.apache.ratis.thirdparty.io.grpc.ForwardingClientCallListener.onMessage(ForwardingClientCallListener.java:33)
	at org.apache.ratis.thirdparty.io.grpc.internal.ClientCallImpl$ClientStreamListenerImpl$1MessagesAvailable.runInContext(ClientCallImpl.java:519)
	at org.apache.ratis.thirdparty.io.grpc.internal.ContextRunnable.run(ContextRunnable.java:37)
	at org.apache.ratis.thirdparty.io.grpc.internal.SerializingExecutor.run(SerializingExecutor.java:123)
	at java.util.concurrent.ThreadPoolExecutor.runWorker(ThreadPoolExecutor.java:1149)
	at java.util.concurrent.ThreadPoolExecutor$Worker.run(ThreadPoolExecutor.java:624)
	at java.lang.Thread.run(Thread.java:748)
Caused by: org.apache.ratis.protocol.NotLeaderException: Server d2cb86cd-c327-4321-a829-e2a5e72c5825@group-19189F669019 is not the leader
	at org.apache.ratis.client.impl.ClientProtoUtils.toRaftClientReply(ClientProtoUtils.java:243)
	at org.apache.ratis.grpc.client.GrpcClientProtocolClient$AsyncStreamObservers$1.onNext(GrpcClientProtocolClient.java:263)
	... 10 more
</error>
    <system-out><![CDATA[2019-09-19 13:38:21,328 [main] WARN  server.ServerUtils (ServerUtils.java:getScmDbDir(145)) - ozone.scm.db.dirs is not configured. We recommend adding this setting. Falling back to ozone.metadata.dirs instead.
2019-09-19 13:38:21,504 [main] WARN  server.ServerUtils (ServerUtils.java:getScmDbDir(145)) - ozone.scm.db.dirs is not configured. We recommend adding this setting. Falling back to ozone.metadata.dirs instead.
2019-09-19 13:38:21,508 [main] WARN  server.ServerUtils (ServerUtils.java:getScmDbDir(145)) - ozone.scm.db.dirs is not configured. We recommend adding this setting. Falling back to ozone.metadata.dirs instead.
2019-09-19 13:38:21,526 [main] INFO  util.log (Log.java:initialized(192)) - Logging initialized @963ms
2019-09-19 13:38:21,627 [main] INFO  db.DBStoreBuilder (DBStoreBuilder.java:addTable(110)) - using custom profile for table: deletedBlocks
2019-09-19 13:38:21,628 [main] INFO  db.DBStoreBuilder (DBStoreBuilder.java:processTables(161)) - Using default column profile:DBProfile.DISK for Table:deletedBlocks
2019-09-19 13:38:21,628 [main] INFO  db.DBStoreBuilder (DBStoreBuilder.java:addTable(110)) - using custom profile for table: validCerts
2019-09-19 13:38:21,628 [main] INFO  db.DBStoreBuilder (DBStoreBuilder.java:processTables(161)) - Using default column profile:DBProfile.DISK for Table:validCerts
2019-09-19 13:38:21,629 [main] INFO  db.DBStoreBuilder (DBStoreBuilder.java:addTable(110)) - using custom profile for table: revokedCerts
2019-09-19 13:38:21,629 [main] INFO  db.DBStoreBuilder (DBStoreBuilder.java:processTables(161)) - Using default column profile:DBProfile.DISK for Table:revokedCerts
2019-09-19 13:38:21,641 [main] INFO  db.DBStoreBuilder (DBStoreBuilder.java:addTable(110)) - using custom profile for table: default
2019-09-19 13:38:21,641 [main] INFO  db.DBStoreBuilder (DBStoreBuilder.java:processTables(167)) - Using default column profile:DBProfile.DISK for Table:default
2019-09-19 13:38:21,642 [main] INFO  db.DBStoreBuilder (DBStoreBuilder.java:getDbProfile(198)) - Using default options. DBProfile.DISK
2019-09-19 13:38:21,871 [main] INFO  net.NodeSchemaLoader (NodeSchemaLoader.java:loadSchemaFromFile(125)) - Loading file from sun.misc.CompoundEnumeration@76505305
2019-09-19 13:38:21,872 [main] INFO  net.NodeSchemaLoader (NodeSchemaLoader.java:loadSchema(171)) - Loading network topology layer schema file
2019-09-19 13:38:21,941 [main] WARN  server.ServerUtils (ServerUtils.java:sanitizeUserArgs(70)) - ozone.scm.stale.node.interval value = 300000 is larger than max = 100000 based on the key value of ozone.scm.heartbeat.thread.interval, reset to the max value 100000.
2019-09-19 13:38:21,943 [main] WARN  server.ServerUtils (ServerUtils.java:sanitizeUserArgs(70)) - ozone.scm.stale.node.interval value = 300000 is larger than max = 100000 based on the key value of ozone.scm.heartbeat.thread.interval, reset to the max value 100000.
2019-09-19 13:38:21,945 [main] INFO  node.SCMNodeManager (SCMNodeManager.java:<init>(115)) - Entering startup safe mode.
2019-09-19 13:38:22,014 [main] INFO  algorithms.ContainerPlacementPolicyFactory (ContainerPlacementPolicyFactory.java:getPolicy(57)) - Create container placement policy of type org.apache.hadoop.hdds.scm.container.placement.algorithms.SCMContainerPlacementRandom
2019-09-19 13:38:22,028 [main] WARN  server.ServerUtils (ServerUtils.java:getScmDbDir(145)) - ozone.scm.db.dirs is not configured. We recommend adding this setting. Falling back to ozone.metadata.dirs instead.
2019-09-19 13:38:22,091 [main] INFO  pipeline.SCMPipelineManager (SCMPipelineManager.java:initializePipelineState(128)) - No pipeline exists in current db
2019-09-19 13:38:22,094 [main] WARN  server.ServerUtils (ServerUtils.java:getScmDbDir(145)) - ozone.scm.db.dirs is not configured. We recommend adding this setting. Falling back to ozone.metadata.dirs instead.
2019-09-19 13:38:22,211 [main] WARN  events.EventQueue (EventQueue.java:fireEvent(183)) - No event handler registered for event TypedEvent{payloadType=SafeModeStatus, name='SafeModeStatus'}
2019-09-19 13:38:22,556 [main] INFO  ipc.CallQueueManager (CallQueueManager.java:<init>(84)) - Using callQueue: class java.util.concurrent.LinkedBlockingQueue, queueCapacity: 2000, scheduler: class org.apache.hadoop.ipc.DefaultRpcScheduler, ipcBackoff: false.
2019-09-19 13:38:22,582 [Socket Reader #1 for port 36042] INFO  ipc.Server (Server.java:run(1074)) - Starting Socket Reader #1 for port 36042
2019-09-19 13:38:22,726 [main] INFO  ipc.CallQueueManager (CallQueueManager.java:<init>(84)) - Using callQueue: class java.util.concurrent.LinkedBlockingQueue, queueCapacity: 2000, scheduler: class org.apache.hadoop.ipc.DefaultRpcScheduler, ipcBackoff: false.
2019-09-19 13:38:22,728 [Socket Reader #1 for port 39852] INFO  ipc.Server (Server.java:run(1074)) - Starting Socket Reader #1 for port 39852
2019-09-19 13:38:22,739 [main] INFO  ipc.CallQueueManager (CallQueueManager.java:<init>(84)) - Using callQueue: class java.util.concurrent.LinkedBlockingQueue, queueCapacity: 2000, scheduler: class org.apache.hadoop.ipc.DefaultRpcScheduler, ipcBackoff: false.
2019-09-19 13:38:22,740 [Socket Reader #1 for port 38242] INFO  ipc.Server (Server.java:run(1074)) - Starting Socket Reader #1 for port 38242
2019-09-19 13:38:22,765 [main] INFO  hdfs.DFSUtil (DFSUtil.java:httpServerTemplateForNNAndJN(1641)) - Starting Web-server for scm at: http://0.0.0.0:0
2019-09-19 13:38:22,919 [main] INFO  server.AuthenticationFilter (AuthenticationFilter.java:constructSecretProvider(240)) - Unable to initialize FileSignerSecretProvider, falling back to use random secrets.
2019-09-19 13:38:22,926 [main] WARN  http.HttpRequestLog (HttpRequestLog.java:getRequestLog(97)) - Jetty request log can only be enabled using Log4j
2019-09-19 13:38:22,934 [main] INFO  http.HttpServer2 (HttpServer2.java:addGlobalFilter(975)) - Added global filter 'safety' (class=org.apache.hadoop.http.HttpServer2$QuotingInputFilter)
2019-09-19 13:38:22,937 [main] INFO  http.HttpServer2 (HttpServer2.java:addFilter(948)) - Added filter static_user_filter (class=org.apache.hadoop.http.lib.StaticUserWebFilter$StaticUserFilter) to context scm
2019-09-19 13:38:22,937 [main] INFO  http.HttpServer2 (HttpServer2.java:addFilter(958)) - Added filter static_user_filter (class=org.apache.hadoop.http.lib.StaticUserWebFilter$StaticUserFilter) to context logs
2019-09-19 13:38:22,938 [main] INFO  http.HttpServer2 (HttpServer2.java:addFilter(958)) - Added filter static_user_filter (class=org.apache.hadoop.http.lib.StaticUserWebFilter$StaticUserFilter) to context static
2019-09-19 13:38:22,968 [main] INFO  server.StorageContainerManager (StorageContainerManager.java:start(763)) - StorageContainerLocationProtocol RPC server is listening at /0.0.0.0:38242
2019-09-19 13:38:23,029 [main] WARN  impl.MetricsConfig (MetricsConfig.java:loadFirst(134)) - Cannot locate configuration: tried hadoop-metrics2-storagecontainermanager.properties,hadoop-metrics2.properties
2019-09-19 13:38:23,041 [main] INFO  impl.MetricsSystemImpl (MetricsSystemImpl.java:startTimer(374)) - Scheduled Metric snapshot period at 10 second(s).
2019-09-19 13:38:23,041 [main] INFO  impl.MetricsSystemImpl (MetricsSystemImpl.java:start(191)) - StorageContainerManager metrics system started
2019-09-19 13:38:23,270 [main] INFO  server.SCMClientProtocolServer (SCMClientProtocolServer.java:start(151)) - RPC server for Client  is listening at /0.0.0.0:38242
2019-09-19 13:38:23,270 [IPC Server listener on 38242] INFO  ipc.Server (Server.java:run(1153)) - IPC Server listener on 38242: starting
2019-09-19 13:38:23,270 [IPC Server Responder] INFO  ipc.Server (Server.java:run(1314)) - IPC Server Responder: starting
2019-09-19 13:38:23,273 [main] INFO  server.StorageContainerManager (StorageContainerManager.java:start(773)) - ScmBlockLocationProtocol RPC server is listening at /0.0.0.0:39852
2019-09-19 13:38:23,274 [main] INFO  server.SCMBlockProtocolServer (SCMBlockProtocolServer.java:start(146)) - RPC server for Block Protocol is listening at /0.0.0.0:39852
2019-09-19 13:38:23,274 [IPC Server listener on 39852] INFO  ipc.Server (Server.java:run(1153)) - IPC Server listener on 39852: starting
2019-09-19 13:38:23,274 [IPC Server Responder] INFO  ipc.Server (Server.java:run(1314)) - IPC Server Responder: starting
2019-09-19 13:38:23,276 [main] INFO  server.StorageContainerManager (StorageContainerManager.java:start(777)) - ScmDatanodeProtocl RPC server is listening at /0.0.0.0:36042
2019-09-19 13:38:23,277 [main] INFO  server.SCMDatanodeProtocolServer (SCMDatanodeProtocolServer.java:start(191)) - RPC server for DataNodes is listening at /0.0.0.0:36042
2019-09-19 13:38:23,277 [IPC Server Responder] INFO  ipc.Server (Server.java:run(1314)) - IPC Server Responder: starting
2019-09-19 13:38:23,277 [IPC Server listener on 36042] INFO  ipc.Server (Server.java:run(1153)) - IPC Server listener on 36042: starting
2019-09-19 13:38:23,280 [main] INFO  http.HttpServer2 (HttpServer2.java:bindListener(1191)) - Jetty bound to port 40962
2019-09-19 13:38:23,282 [main] INFO  server.Server (Server.java:doStart(351)) - jetty-9.3.24.v20180605, build timestamp: 2018-06-05T17:11:56Z, git hash: 84205aa28f11a4f31f2a3b86d1bba2cc8ab69827
2019-09-19 13:38:23,319 [main] INFO  handler.ContextHandler (ContextHandler.java:doStart(781)) - Started o.e.j.s.ServletContextHandler@4aa83f4f{/logs,file:///workdir/hadoop-ozone/integration-test/target/log,AVAILABLE}
2019-09-19 13:38:23,320 [main] INFO  handler.ContextHandler (ContextHandler.java:doStart(781)) - Started o.e.j.s.ServletContextHandler@260e86a1{/static,file:///workdir/hadoop-ozone/integration-test/target/test-classes/webapps/static,AVAILABLE}
2019-09-19 13:38:23,355 [main] INFO  handler.ContextHandler (ContextHandler.java:doStart(781)) - Started o.e.j.w.WebAppContext@e24ddd0{/,file:///workdir/hadoop-ozone/integration-test/target/test-classes/webapps/scm/,AVAILABLE}{/scm}
2019-09-19 13:38:23,361 [main] INFO  server.AbstractConnector (AbstractConnector.java:doStart(278)) - Started ServerConnector@ca27722{HTTP/1.1,[http/1.1]}{0.0.0.0:40962}
2019-09-19 13:38:23,361 [main] INFO  server.Server (Server.java:doStart(419)) - Started @2799ms
2019-09-19 13:38:23,364 [main] INFO  impl.MetricsSinkAdapter (MetricsSinkAdapter.java:start(204)) - Sink prometheus started
2019-09-19 13:38:23,364 [main] INFO  impl.MetricsSystemImpl (MetricsSystemImpl.java:registerSink(301)) - Registered sink prometheus
2019-09-19 13:38:23,366 [main] INFO  server.BaseHttpServer (BaseHttpServer.java:updateConnectorAddress(215)) - HTTP server of SCM is listening at http://0.0.0.0:40962
2019-09-19 13:38:23,373 [org.apache.hadoop.util.JvmPauseMonitor$Monitor@4d63b624] INFO  util.JvmPauseMonitor (JvmPauseMonitor.java:run(188)) - Starting JVM pause monitor
2019-09-19 13:38:23,377 [main] WARN  server.ServerUtils (ServerUtils.java:getDBPath(222)) - ozone.om.db.dirs is not configured. We recommend adding this setting. Falling back to ozone.metadata.dirs instead.
2019-09-19 13:38:23,476 [main] WARN  server.ServerUtils (ServerUtils.java:getDBPath(222)) - ozone.om.db.dirs is not configured. We recommend adding this setting. Falling back to ozone.metadata.dirs instead.
2019-09-19 13:38:23,477 [main] WARN  server.ServerUtils (ServerUtils.java:getDBPath(222)) - ozone.om.db.dirs is not configured. We recommend adding this setting. Falling back to ozone.metadata.dirs instead.
2019-09-19 13:38:23,478 [main] INFO  om.OzoneManager (OzoneManager.java:setOMNodeDetails(649)) - OM Service ID is not set. Setting it to the default ID: omServiceIdDefault
2019-09-19 13:38:23,478 [main] INFO  om.OzoneManager (OzoneManager.java:setOMNodeDetails(655)) - OM Node ID is not set. Setting it to the OmStorage's OmID: 1ea2ac04-c7dc-4d6c-a057-06e1c8310e2a
2019-09-19 13:38:23,479 [main] INFO  om.OzoneManager (OzoneManager.java:loadOMHAConfigs(606)) - Found matching OM address with OMServiceId: null, OMNodeId: null, RPC Address: localhost:0 and Ratis port: 9872
2019-09-19 13:38:24,090 [main] WARN  server.ServerUtils (ServerUtils.java:getDBPath(222)) - ozone.om.db.dirs is not configured. We recommend adding this setting. Falling back to ozone.metadata.dirs instead.
2019-09-19 13:38:24,096 [main] INFO  db.DBStoreBuilder (DBStoreBuilder.java:addTable(110)) - using custom profile for table: userTable
2019-09-19 13:38:24,096 [main] INFO  db.DBStoreBuilder (DBStoreBuilder.java:processTables(161)) - Using default column profile:DBProfile.DISK for Table:userTable
2019-09-19 13:38:24,097 [main] INFO  db.DBStoreBuilder (DBStoreBuilder.java:addTable(110)) - using custom profile for table: volumeTable
2019-09-19 13:38:24,097 [main] INFO  db.DBStoreBuilder (DBStoreBuilder.java:processTables(161)) - Using default column profile:DBProfile.DISK for Table:volumeTable
2019-09-19 13:38:24,097 [main] INFO  db.DBStoreBuilder (DBStoreBuilder.java:addTable(110)) - using custom profile for table: bucketTable
2019-09-19 13:38:24,097 [main] INFO  db.DBStoreBuilder (DBStoreBuilder.java:processTables(161)) - Using default column profile:DBProfile.DISK for Table:bucketTable
2019-09-19 13:38:24,098 [main] INFO  db.DBStoreBuilder (DBStoreBuilder.java:addTable(110)) - using custom profile for table: keyTable
2019-09-19 13:38:24,098 [main] INFO  db.DBStoreBuilder (DBStoreBuilder.java:processTables(161)) - Using default column profile:DBProfile.DISK for Table:keyTable
2019-09-19 13:38:24,098 [main] INFO  db.DBStoreBuilder (DBStoreBuilder.java:addTable(110)) - using custom profile for table: deletedTable
2019-09-19 13:38:24,099 [main] INFO  db.DBStoreBuilder (DBStoreBuilder.java:processTables(161)) - Using default column profile:DBProfile.DISK for Table:deletedTable
2019-09-19 13:38:24,099 [main] INFO  db.DBStoreBuilder (DBStoreBuilder.java:addTable(110)) - using custom profile for table: openKeyTable
2019-09-19 13:38:24,099 [main] INFO  db.DBStoreBuilder (DBStoreBuilder.java:processTables(161)) - Using default column profile:DBProfile.DISK for Table:openKeyTable
2019-09-19 13:38:24,099 [main] INFO  db.DBStoreBuilder (DBStoreBuilder.java:addTable(110)) - using custom profile for table: s3Table
2019-09-19 13:38:24,099 [main] INFO  db.DBStoreBuilder (DBStoreBuilder.java:processTables(161)) - Using default column profile:DBProfile.DISK for Table:s3Table
2019-09-19 13:38:24,100 [main] INFO  db.DBStoreBuilder (DBStoreBuilder.java:addTable(110)) - using custom profile for table: multipartInfoTable
2019-09-19 13:38:24,100 [main] INFO  db.DBStoreBuilder (DBStoreBuilder.java:processTables(161)) - Using default column profile:DBProfile.DISK for Table:multipartInfoTable
2019-09-19 13:38:24,100 [main] INFO  db.DBStoreBuilder (DBStoreBuilder.java:addTable(110)) - using custom profile for table: dTokenTable
2019-09-19 13:38:24,100 [main] INFO  db.DBStoreBuilder (DBStoreBuilder.java:processTables(161)) - Using default column profile:DBProfile.DISK for Table:dTokenTable
2019-09-19 13:38:24,100 [main] INFO  db.DBStoreBuilder (DBStoreBuilder.java:addTable(110)) - using custom profile for table: s3SecretTable
2019-09-19 13:38:24,101 [main] INFO  db.DBStoreBuilder (DBStoreBuilder.java:processTables(161)) - Using default column profile:DBProfile.DISK for Table:s3SecretTable
2019-09-19 13:38:24,101 [main] INFO  db.DBStoreBuilder (DBStoreBuilder.java:addTable(110)) - using custom profile for table: prefixTable
2019-09-19 13:38:24,101 [main] INFO  db.DBStoreBuilder (DBStoreBuilder.java:processTables(161)) - Using default column profile:DBProfile.DISK for Table:prefixTable
2019-09-19 13:38:24,101 [main] INFO  db.DBStoreBuilder (DBStoreBuilder.java:addTable(110)) - using custom profile for table: default
2019-09-19 13:38:24,102 [main] INFO  db.DBStoreBuilder (DBStoreBuilder.java:processTables(167)) - Using default column profile:DBProfile.DISK for Table:default
2019-09-19 13:38:24,102 [main] INFO  db.DBStoreBuilder (DBStoreBuilder.java:getDbProfile(198)) - Using default options. DBProfile.DISK
2019-09-19 13:38:24,604 [main] INFO  ipc.CallQueueManager (CallQueueManager.java:<init>(84)) - Using callQueue: class java.util.concurrent.LinkedBlockingQueue, queueCapacity: 2000, scheduler: class org.apache.hadoop.ipc.DefaultRpcScheduler, ipcBackoff: false.
2019-09-19 13:38:24,605 [Socket Reader #1 for port 46306] INFO  ipc.Server (Server.java:run(1074)) - Starting Socket Reader #1 for port 46306
2019-09-19 13:38:24,624 [main] INFO  om.OzoneManager (OzoneManager.java:start(1240)) - OzoneManager RPC server is listening at localhost/127.0.0.1:46306
2019-09-19 13:38:24,624 [main] INFO  impl.MetricsSystemImpl (MetricsSystemImpl.java:init(158)) - OzoneManager metrics system started (again)
2019-09-19 13:38:24,626 [IPC Server listener on 46306] INFO  ipc.Server (Server.java:run(1153)) - IPC Server listener on 46306: starting
2019-09-19 13:38:24,627 [IPC Server Responder] INFO  ipc.Server (Server.java:run(1314)) - IPC Server Responder: starting
2019-09-19 13:38:24,636 [main] INFO  hdfs.DFSUtil (DFSUtil.java:httpServerTemplateForNNAndJN(1641)) - Starting Web-server for ozoneManager at: http://0.0.0.0:0
2019-09-19 13:38:24,639 [main] INFO  server.AuthenticationFilter (AuthenticationFilter.java:constructSecretProvider(240)) - Unable to initialize FileSignerSecretProvider, falling back to use random secrets.
2019-09-19 13:38:24,640 [main] WARN  http.HttpRequestLog (HttpRequestLog.java:getRequestLog(97)) - Jetty request log can only be enabled using Log4j
2019-09-19 13:38:24,643 [main] INFO  http.HttpServer2 (HttpServer2.java:addGlobalFilter(975)) - Added global filter 'safety' (class=org.apache.hadoop.http.HttpServer2$QuotingInputFilter)
2019-09-19 13:38:24,645 [main] INFO  http.HttpServer2 (HttpServer2.java:addFilter(948)) - Added filter static_user_filter (class=org.apache.hadoop.http.lib.StaticUserWebFilter$StaticUserFilter) to context ozoneManager
2019-09-19 13:38:24,645 [main] INFO  http.HttpServer2 (HttpServer2.java:addFilter(958)) - Added filter static_user_filter (class=org.apache.hadoop.http.lib.StaticUserWebFilter$StaticUserFilter) to context static
2019-09-19 13:38:24,645 [main] INFO  http.HttpServer2 (HttpServer2.java:addFilter(958)) - Added filter static_user_filter (class=org.apache.hadoop.http.lib.StaticUserWebFilter$StaticUserFilter) to context logs
2019-09-19 13:38:24,649 [main] INFO  http.HttpServer2 (HttpServer2.java:bindListener(1191)) - Jetty bound to port 33985
2019-09-19 13:38:24,649 [main] INFO  server.Server (Server.java:doStart(351)) - jetty-9.3.24.v20180605, build timestamp: 2018-06-05T17:11:56Z, git hash: 84205aa28f11a4f31f2a3b86d1bba2cc8ab69827
2019-09-19 13:38:24,652 [main] INFO  handler.ContextHandler (ContextHandler.java:doStart(781)) - Started o.e.j.s.ServletContextHandler@3a627c80{/logs,file:///workdir/hadoop-ozone/integration-test/target/log,AVAILABLE}
2019-09-19 13:38:24,652 [main] INFO  handler.ContextHandler (ContextHandler.java:doStart(781)) - Started o.e.j.s.ServletContextHandler@963176{/static,file:///workdir/hadoop-ozone/integration-test/target/test-classes/webapps/static,AVAILABLE}
2019-09-19 13:38:24,659 [main] INFO  handler.ContextHandler (ContextHandler.java:doStart(781)) - Started o.e.j.w.WebAppContext@4af46df3{/,file:///workdir/hadoop-ozone/integration-test/target/test-classes/webapps/ozoneManager/,AVAILABLE}{/ozoneManager}
2019-09-19 13:38:24,659 [main] INFO  server.AbstractConnector (AbstractConnector.java:doStart(278)) - Started ServerConnector@4158debd{HTTP/1.1,[http/1.1]}{0.0.0.0:33985}
2019-09-19 13:38:24,660 [main] INFO  server.Server (Server.java:doStart(419)) - Started @4097ms
2019-09-19 13:38:24,660 [main] WARN  impl.MetricsSystemImpl (MetricsSystemImpl.java:register(276)) - Sink prometheus already exists!
2019-09-19 13:38:24,661 [main] INFO  server.BaseHttpServer (BaseHttpServer.java:updateConnectorAddress(215)) - HTTP server of OZONEMANAGER is listening at http://0.0.0.0:33985
2019-09-19 13:38:24,986 [main] INFO  impl.MetricsSystemImpl (MetricsSystemImpl.java:init(158)) - HddsDatanode metrics system started (again)
2019-09-19 13:38:25,041 [main] INFO  ozone.HddsDatanodeService (HddsDatanodeService.java:start(184)) - HddsDatanodeService host:pr-hdds-1982-decom-states-fm625-96302961 ip:192.168.34.51
2019-09-19 13:38:25,083 [main] INFO  volume.HddsVolume (HddsVolume.java:<init>(176)) - Creating Volume: /workdir/hadoop-ozone/integration-test/target/test-dir/MiniOzoneClusterImpl-39bd3618-1370-4f1c-b084-0cd74823b8da/datanode-0/data/containers/hdds of  storage type : DISK and capacity : 1482555576320
2019-09-19 13:38:25,085 [main] INFO  volume.VolumeSet (VolumeSet.java:initializeVolumeSet(170)) - Added Volume : /workdir/hadoop-ozone/integration-test/target/test-dir/MiniOzoneClusterImpl-39bd3618-1370-4f1c-b084-0cd74823b8da/datanode-0/data/containers/hdds to VolumeSet
2019-09-19 13:38:25,088 [main] INFO  volume.ThrottledAsyncChecker (ThrottledAsyncChecker.java:schedule(139)) - Scheduling a check for org.apache.hadoop.ozone.container.common.volume.HddsVolume@79b08632
2019-09-19 13:38:25,106 [main] INFO  volume.HddsVolumeChecker (HddsVolumeChecker.java:checkAllVolumes(202)) - Scheduled health check for volume org.apache.hadoop.ozone.container.common.volume.HddsVolume@79b08632
2019-09-19 13:38:25,218 [main] INFO  impl.RaftServerProxy (ConfUtils.java:logGet(43)) - raft.rpc.type = GRPC (default)
2019-09-19 13:38:25,283 [main] INFO  grpc.GrpcFactory (GrpcFactory.java:checkPooledByteBufAllocatorUseCacheForAllThreads(45)) - PERFORMANCE WARNING: useCacheForAllThreads is true that may cause Netty to create a lot garbage objects and, as a result, trigger GC.
	It is recommended to disable useCacheForAllThreads by setting -Dorg.apache.ratis.thirdparty.io.netty.allocator.useCacheForAllThreads=false in command line.
2019-09-19 13:38:25,288 [main] INFO  grpc.GrpcConfigKeys$Server (ConfUtils.java:logGet(43)) - raft.grpc.server.port = 0 (default)
2019-09-19 13:38:25,289 [main] INFO  server.GrpcService (ConfUtils.java:logGet(43)) - raft.grpc.message.size.max = 33570816 (custom)
2019-09-19 13:38:25,290 [main] INFO  server.RaftServerConfigKeys (ConfUtils.java:logGet(43)) - raft.server.log.appender.buffer.byte-limit = 33554432 (custom)
2019-09-19 13:38:25,291 [main] INFO  server.GrpcService (ConfUtils.java:logGet(43)) - raft.grpc.flow.control.window = 1MB (=1048576) (default)
2019-09-19 13:38:25,292 [main] INFO  server.RaftServerConfigKeys (ConfUtils.java:logGet(43)) - raft.server.rpc.request.timeout = 3000ms (default)
2019-09-19 13:38:25,459 [main] INFO  server.RaftServerConfigKeys (ConfUtils.java:logGet(43)) - raft.server.storage.dir = [/workdir/hadoop-ozone/integration-test/target/test-dir/MiniOzoneClusterImpl-39bd3618-1370-4f1c-b084-0cd74823b8da/datanode-0/data/ratis] (custom)
2019-09-19 13:38:25,512 [main] INFO  hdfs.DFSUtil (DFSUtil.java:httpServerTemplateForNNAndJN(1641)) - Starting Web-server for hddsDatanode at: http://0.0.0.0:0
2019-09-19 13:38:25,515 [main] INFO  server.AuthenticationFilter (AuthenticationFilter.java:constructSecretProvider(240)) - Unable to initialize FileSignerSecretProvider, falling back to use random secrets.
2019-09-19 13:38:25,516 [main] WARN  http.HttpRequestLog (HttpRequestLog.java:getRequestLog(97)) - Jetty request log can only be enabled using Log4j
2019-09-19 13:38:25,520 [main] INFO  http.HttpServer2 (HttpServer2.java:addGlobalFilter(975)) - Added global filter 'safety' (class=org.apache.hadoop.http.HttpServer2$QuotingInputFilter)
2019-09-19 13:38:25,521 [main] INFO  http.HttpServer2 (HttpServer2.java:addFilter(948)) - Added filter static_user_filter (class=org.apache.hadoop.http.lib.StaticUserWebFilter$StaticUserFilter) to context hddsDatanode
2019-09-19 13:38:25,521 [main] INFO  http.HttpServer2 (HttpServer2.java:addFilter(958)) - Added filter static_user_filter (class=org.apache.hadoop.http.lib.StaticUserWebFilter$StaticUserFilter) to context logs
2019-09-19 13:38:25,522 [main] INFO  http.HttpServer2 (HttpServer2.java:addFilter(958)) - Added filter static_user_filter (class=org.apache.hadoop.http.lib.StaticUserWebFilter$StaticUserFilter) to context static
2019-09-19 13:38:25,523 [main] INFO  http.HttpServer2 (HttpServer2.java:bindListener(1191)) - Jetty bound to port 40419
2019-09-19 13:38:25,524 [main] INFO  server.Server (Server.java:doStart(351)) - jetty-9.3.24.v20180605, build timestamp: 2018-06-05T17:11:56Z, git hash: 84205aa28f11a4f31f2a3b86d1bba2cc8ab69827
2019-09-19 13:38:25,527 [main] INFO  handler.ContextHandler (ContextHandler.java:doStart(781)) - Started o.e.j.s.ServletContextHandler@75ae4a1f{/logs,file:///workdir/hadoop-ozone/integration-test/target/log,AVAILABLE}
2019-09-19 13:38:25,528 [main] INFO  handler.ContextHandler (ContextHandler.java:doStart(781)) - Started o.e.j.s.ServletContextHandler@63c12e52{/static,jar:file:/home/user/.m2/repository/org/apache/hadoop/hadoop-hdds-container-service/0.5.0-SNAPSHOT/hadoop-hdds-container-service-0.5.0-SNAPSHOT.jar!/webapps/static,AVAILABLE}
2019-09-19 13:38:25,590 [main] INFO  handler.ContextHandler (ContextHandler.java:doStart(781)) - Started o.e.j.w.WebAppContext@68a4dcc6{/,file:///tmp/jetty-0.0.0.0-40419-hddsDatanode-_-any-306373449077799975.dir/webapp/,AVAILABLE}{/hddsDatanode}
2019-09-19 13:38:25,593 [main] INFO  server.AbstractConnector (AbstractConnector.java:doStart(278)) - Started ServerConnector@646c0a67{HTTP/1.1,[http/1.1]}{0.0.0.0:40419}
2019-09-19 13:38:25,596 [main] INFO  server.Server (Server.java:doStart(419)) - Started @5033ms
2019-09-19 13:38:25,597 [main] WARN  impl.MetricsSystemImpl (MetricsSystemImpl.java:register(276)) - Sink prometheus already exists!
2019-09-19 13:38:25,598 [main] INFO  server.BaseHttpServer (BaseHttpServer.java:updateConnectorAddress(215)) - HTTP server of HDDSDATANODE is listening at http://0.0.0.0:40419
2019-09-19 13:38:25,601 [main] INFO  impl.MetricsSystemImpl (MetricsSystemImpl.java:init(158)) - HddsDatanode metrics system started (again)
2019-09-19 13:38:25,607 [main] INFO  ozone.HddsDatanodeService (HddsDatanodeService.java:start(184)) - HddsDatanodeService host:pr-hdds-1982-decom-states-fm625-96302961 ip:192.168.34.51
2019-09-19 13:38:25,608 [org.apache.hadoop.util.JvmPauseMonitor$Monitor@d0ee458] INFO  util.JvmPauseMonitor (JvmPauseMonitor.java:run(188)) - Starting JVM pause monitor
2019-09-19 13:38:25,615 [main] INFO  volume.HddsVolume (HddsVolume.java:<init>(176)) - Creating Volume: /workdir/hadoop-ozone/integration-test/target/test-dir/MiniOzoneClusterImpl-39bd3618-1370-4f1c-b084-0cd74823b8da/datanode-1/data/containers/hdds of  storage type : DISK and capacity : 1482555576320
2019-09-19 13:38:25,617 [main] INFO  volume.VolumeSet (VolumeSet.java:initializeVolumeSet(170)) - Added Volume : /workdir/hadoop-ozone/integration-test/target/test-dir/MiniOzoneClusterImpl-39bd3618-1370-4f1c-b084-0cd74823b8da/datanode-1/data/containers/hdds to VolumeSet
2019-09-19 13:38:25,617 [main] INFO  volume.ThrottledAsyncChecker (ThrottledAsyncChecker.java:schedule(139)) - Scheduling a check for org.apache.hadoop.ozone.container.common.volume.HddsVolume@18d910b3
2019-09-19 13:38:25,618 [main] INFO  volume.HddsVolumeChecker (HddsVolumeChecker.java:checkAllVolumes(202)) - Scheduled health check for volume org.apache.hadoop.ozone.container.common.volume.HddsVolume@18d910b3
2019-09-19 13:38:25,635 [main] INFO  impl.RaftServerProxy (ConfUtils.java:logGet(43)) - raft.rpc.type = GRPC (default)
2019-09-19 13:38:25,635 [main] INFO  grpc.GrpcFactory (GrpcFactory.java:checkPooledByteBufAllocatorUseCacheForAllThreads(45)) - PERFORMANCE WARNING: useCacheForAllThreads is true that may cause Netty to create a lot garbage objects and, as a result, trigger GC.
	It is recommended to disable useCacheForAllThreads by setting -Dorg.apache.ratis.thirdparty.io.netty.allocator.useCacheForAllThreads=false in command line.
2019-09-19 13:38:25,636 [main] INFO  grpc.GrpcConfigKeys$Server (ConfUtils.java:logGet(43)) - raft.grpc.server.port = 0 (default)
2019-09-19 13:38:25,636 [main] INFO  server.GrpcService (ConfUtils.java:logGet(43)) - raft.grpc.message.size.max = 33570816 (custom)
2019-09-19 13:38:25,636 [main] INFO  server.RaftServerConfigKeys (ConfUtils.java:logGet(43)) - raft.server.log.appender.buffer.byte-limit = 33554432 (custom)
2019-09-19 13:38:25,637 [main] INFO  server.GrpcService (ConfUtils.java:logGet(43)) - raft.grpc.flow.control.window = 1MB (=1048576) (default)
2019-09-19 13:38:25,637 [main] INFO  server.RaftServerConfigKeys (ConfUtils.java:logGet(43)) - raft.server.rpc.request.timeout = 3000ms (default)
2019-09-19 13:38:25,638 [main] INFO  server.RaftServerConfigKeys (ConfUtils.java:logGet(43)) - raft.server.storage.dir = [/workdir/hadoop-ozone/integration-test/target/test-dir/MiniOzoneClusterImpl-39bd3618-1370-4f1c-b084-0cd74823b8da/datanode-1/data/ratis] (custom)
2019-09-19 13:38:25,640 [main] INFO  hdfs.DFSUtil (DFSUtil.java:httpServerTemplateForNNAndJN(1641)) - Starting Web-server for hddsDatanode at: http://0.0.0.0:0
2019-09-19 13:38:25,643 [main] INFO  server.AuthenticationFilter (AuthenticationFilter.java:constructSecretProvider(240)) - Unable to initialize FileSignerSecretProvider, falling back to use random secrets.
2019-09-19 13:38:25,645 [main] WARN  http.HttpRequestLog (HttpRequestLog.java:getRequestLog(97)) - Jetty request log can only be enabled using Log4j
2019-09-19 13:38:25,648 [main] INFO  http.HttpServer2 (HttpServer2.java:addGlobalFilter(975)) - Added global filter 'safety' (class=org.apache.hadoop.http.HttpServer2$QuotingInputFilter)
2019-09-19 13:38:25,649 [main] INFO  http.HttpServer2 (HttpServer2.java:addFilter(948)) - Added filter static_user_filter (class=org.apache.hadoop.http.lib.StaticUserWebFilter$StaticUserFilter) to context hddsDatanode
2019-09-19 13:38:25,650 [main] INFO  http.HttpServer2 (HttpServer2.java:addFilter(958)) - Added filter static_user_filter (class=org.apache.hadoop.http.lib.StaticUserWebFilter$StaticUserFilter) to context logs
2019-09-19 13:38:25,651 [main] INFO  http.HttpServer2 (HttpServer2.java:addFilter(958)) - Added filter static_user_filter (class=org.apache.hadoop.http.lib.StaticUserWebFilter$StaticUserFilter) to context static
2019-09-19 13:38:25,653 [main] INFO  http.HttpServer2 (HttpServer2.java:bindListener(1191)) - Jetty bound to port 40474
2019-09-19 13:38:25,653 [main] INFO  server.Server (Server.java:doStart(351)) - jetty-9.3.24.v20180605, build timestamp: 2018-06-05T17:11:56Z, git hash: 84205aa28f11a4f31f2a3b86d1bba2cc8ab69827
2019-09-19 13:38:25,656 [main] INFO  handler.ContextHandler (ContextHandler.java:doStart(781)) - Started o.e.j.s.ServletContextHandler@3ee0b4f7{/logs,file:///workdir/hadoop-ozone/integration-test/target/log,AVAILABLE}
2019-09-19 13:38:25,657 [main] INFO  handler.ContextHandler (ContextHandler.java:doStart(781)) - Started o.e.j.s.ServletContextHandler@4d41ba0f{/static,jar:file:/home/user/.m2/repository/org/apache/hadoop/hadoop-hdds-container-service/0.5.0-SNAPSHOT/hadoop-hdds-container-service-0.5.0-SNAPSHOT.jar!/webapps/static,AVAILABLE}
2019-09-19 13:38:25,701 [main] INFO  handler.ContextHandler (ContextHandler.java:doStart(781)) - Started o.e.j.w.WebAppContext@7baf1f5a{/,file:///tmp/jetty-0.0.0.0-40474-hddsDatanode-_-any-686264952442763193.dir/webapp/,AVAILABLE}{/hddsDatanode}
2019-09-19 13:38:25,702 [main] INFO  server.AbstractConnector (AbstractConnector.java:doStart(278)) - Started ServerConnector@6cc86152{HTTP/1.1,[http/1.1]}{0.0.0.0:40474}
2019-09-19 13:38:25,703 [main] INFO  server.Server (Server.java:doStart(419)) - Started @5140ms
2019-09-19 13:38:25,703 [main] WARN  impl.MetricsSystemImpl (MetricsSystemImpl.java:register(276)) - Sink prometheus already exists!
2019-09-19 13:38:25,704 [main] INFO  server.BaseHttpServer (BaseHttpServer.java:updateConnectorAddress(215)) - HTTP server of HDDSDATANODE is listening at http://0.0.0.0:40474
2019-09-19 13:38:25,705 [main] INFO  impl.MetricsSystemImpl (MetricsSystemImpl.java:init(158)) - HddsDatanode metrics system started (again)
2019-09-19 13:38:25,707 [org.apache.hadoop.util.JvmPauseMonitor$Monitor@46ade7ce] INFO  util.JvmPauseMonitor (JvmPauseMonitor.java:run(188)) - Starting JVM pause monitor
2019-09-19 13:38:25,708 [main] INFO  ozone.HddsDatanodeService (HddsDatanodeService.java:start(184)) - HddsDatanodeService host:pr-hdds-1982-decom-states-fm625-96302961 ip:192.168.34.51
2019-09-19 13:38:25,716 [main] INFO  volume.HddsVolume (HddsVolume.java:<init>(176)) - Creating Volume: /workdir/hadoop-ozone/integration-test/target/test-dir/MiniOzoneClusterImpl-39bd3618-1370-4f1c-b084-0cd74823b8da/datanode-2/data/containers/hdds of  storage type : DISK and capacity : 1482555576320
2019-09-19 13:38:25,716 [main] INFO  volume.VolumeSet (VolumeSet.java:initializeVolumeSet(170)) - Added Volume : /workdir/hadoop-ozone/integration-test/target/test-dir/MiniOzoneClusterImpl-39bd3618-1370-4f1c-b084-0cd74823b8da/datanode-2/data/containers/hdds to VolumeSet
2019-09-19 13:38:25,717 [main] INFO  volume.ThrottledAsyncChecker (ThrottledAsyncChecker.java:schedule(139)) - Scheduling a check for org.apache.hadoop.ozone.container.common.volume.HddsVolume@4b65d9f4
2019-09-19 13:38:25,717 [main] INFO  volume.HddsVolumeChecker (HddsVolumeChecker.java:checkAllVolumes(202)) - Scheduled health check for volume org.apache.hadoop.ozone.container.common.volume.HddsVolume@4b65d9f4
2019-09-19 13:38:25,730 [main] INFO  impl.RaftServerProxy (ConfUtils.java:logGet(43)) - raft.rpc.type = GRPC (default)
2019-09-19 13:38:25,730 [main] INFO  grpc.GrpcFactory (GrpcFactory.java:checkPooledByteBufAllocatorUseCacheForAllThreads(45)) - PERFORMANCE WARNING: useCacheForAllThreads is true that may cause Netty to create a lot garbage objects and, as a result, trigger GC.
	It is recommended to disable useCacheForAllThreads by setting -Dorg.apache.ratis.thirdparty.io.netty.allocator.useCacheForAllThreads=false in command line.
2019-09-19 13:38:25,730 [main] INFO  grpc.GrpcConfigKeys$Server (ConfUtils.java:logGet(43)) - raft.grpc.server.port = 0 (default)
2019-09-19 13:38:25,731 [main] INFO  server.GrpcService (ConfUtils.java:logGet(43)) - raft.grpc.message.size.max = 33570816 (custom)
2019-09-19 13:38:25,731 [main] INFO  server.RaftServerConfigKeys (ConfUtils.java:logGet(43)) - raft.server.log.appender.buffer.byte-limit = 33554432 (custom)
2019-09-19 13:38:25,731 [main] INFO  server.GrpcService (ConfUtils.java:logGet(43)) - raft.grpc.flow.control.window = 1MB (=1048576) (default)
2019-09-19 13:38:25,731 [main] INFO  server.RaftServerConfigKeys (ConfUtils.java:logGet(43)) - raft.server.rpc.request.timeout = 3000ms (default)
2019-09-19 13:38:25,732 [main] INFO  server.RaftServerConfigKeys (ConfUtils.java:logGet(43)) - raft.server.storage.dir = [/workdir/hadoop-ozone/integration-test/target/test-dir/MiniOzoneClusterImpl-39bd3618-1370-4f1c-b084-0cd74823b8da/datanode-2/data/ratis] (custom)
2019-09-19 13:38:25,734 [main] INFO  hdfs.DFSUtil (DFSUtil.java:httpServerTemplateForNNAndJN(1641)) - Starting Web-server for hddsDatanode at: http://0.0.0.0:0
2019-09-19 13:38:25,736 [main] INFO  server.AuthenticationFilter (AuthenticationFilter.java:constructSecretProvider(240)) - Unable to initialize FileSignerSecretProvider, falling back to use random secrets.
2019-09-19 13:38:25,736 [main] WARN  http.HttpRequestLog (HttpRequestLog.java:getRequestLog(97)) - Jetty request log can only be enabled using Log4j
2019-09-19 13:38:25,738 [main] INFO  http.HttpServer2 (HttpServer2.java:addGlobalFilter(975)) - Added global filter 'safety' (class=org.apache.hadoop.http.HttpServer2$QuotingInputFilter)
2019-09-19 13:38:25,738 [main] INFO  http.HttpServer2 (HttpServer2.java:addFilter(948)) - Added filter static_user_filter (class=org.apache.hadoop.http.lib.StaticUserWebFilter$StaticUserFilter) to context hddsDatanode
2019-09-19 13:38:25,739 [main] INFO  http.HttpServer2 (HttpServer2.java:addFilter(958)) - Added filter static_user_filter (class=org.apache.hadoop.http.lib.StaticUserWebFilter$StaticUserFilter) to context logs
2019-09-19 13:38:25,739 [main] INFO  http.HttpServer2 (HttpServer2.java:addFilter(958)) - Added filter static_user_filter (class=org.apache.hadoop.http.lib.StaticUserWebFilter$StaticUserFilter) to context static
2019-09-19 13:38:25,739 [main] INFO  http.HttpServer2 (HttpServer2.java:bindListener(1191)) - Jetty bound to port 39882
2019-09-19 13:38:25,740 [main] INFO  server.Server (Server.java:doStart(351)) - jetty-9.3.24.v20180605, build timestamp: 2018-06-05T17:11:56Z, git hash: 84205aa28f11a4f31f2a3b86d1bba2cc8ab69827
2019-09-19 13:38:25,743 [main] INFO  handler.ContextHandler (ContextHandler.java:doStart(781)) - Started o.e.j.s.ServletContextHandler@40e37b06{/logs,file:///workdir/hadoop-ozone/integration-test/target/log,AVAILABLE}
2019-09-19 13:38:25,744 [main] INFO  handler.ContextHandler (ContextHandler.java:doStart(781)) - Started o.e.j.s.ServletContextHandler@6dcc40f5{/static,jar:file:/home/user/.m2/repository/org/apache/hadoop/hadoop-hdds-container-service/0.5.0-SNAPSHOT/hadoop-hdds-container-service-0.5.0-SNAPSHOT.jar!/webapps/static,AVAILABLE}
2019-09-19 13:38:25,764 [Datanode State Machine Thread - 0] INFO  datanode.InitDatanodeState (InitDatanodeState.java:persistContainerDatanodeDetails(140)) - DatanodeDetails is persisted to /workdir/hadoop-ozone/integration-test/target/test-dir/MiniOzoneClusterImpl-39bd3618-1370-4f1c-b084-0cd74823b8da/datanode-0/meta/datanode.id
2019-09-19 13:38:25,768 [Datanode State Machine Thread - 0] INFO  datanode.InitDatanodeState (InitDatanodeState.java:persistContainerDatanodeDetails(140)) - DatanodeDetails is persisted to /workdir/hadoop-ozone/integration-test/target/test-dir/MiniOzoneClusterImpl-39bd3618-1370-4f1c-b084-0cd74823b8da/datanode-1/meta/datanode.id
2019-09-19 13:38:25,775 [main] INFO  handler.ContextHandler (ContextHandler.java:doStart(781)) - Started o.e.j.w.WebAppContext@6b1dc20f{/,file:///tmp/jetty-0.0.0.0-39882-hddsDatanode-_-any-4572888118504588214.dir/webapp/,AVAILABLE}{/hddsDatanode}
2019-09-19 13:38:25,776 [main] INFO  server.AbstractConnector (AbstractConnector.java:doStart(278)) - Started ServerConnector@4613311f{HTTP/1.1,[http/1.1]}{0.0.0.0:39882}
2019-09-19 13:38:25,777 [main] INFO  server.Server (Server.java:doStart(419)) - Started @5214ms
2019-09-19 13:38:25,780 [main] WARN  impl.MetricsSystemImpl (MetricsSystemImpl.java:register(276)) - Sink prometheus already exists!
2019-09-19 13:38:25,780 [main] INFO  server.BaseHttpServer (BaseHttpServer.java:updateConnectorAddress(215)) - HTTP server of HDDSDATANODE is listening at http://0.0.0.0:39882
2019-09-19 13:38:25,781 [main] INFO  impl.MetricsSystemImpl (MetricsSystemImpl.java:init(158)) - HddsDatanode metrics system started (again)
2019-09-19 13:38:25,783 [org.apache.hadoop.util.JvmPauseMonitor$Monitor@35d1c243] INFO  util.JvmPauseMonitor (JvmPauseMonitor.java:run(188)) - Starting JVM pause monitor
2019-09-19 13:38:25,783 [main] INFO  ozone.HddsDatanodeService (HddsDatanodeService.java:start(184)) - HddsDatanodeService host:pr-hdds-1982-decom-states-fm625-96302961 ip:192.168.34.51
2019-09-19 13:38:25,786 [Datanode State Machine Thread - 0] INFO  datanode.InitDatanodeState (InitDatanodeState.java:persistContainerDatanodeDetails(140)) - DatanodeDetails is persisted to /workdir/hadoop-ozone/integration-test/target/test-dir/MiniOzoneClusterImpl-39bd3618-1370-4f1c-b084-0cd74823b8da/datanode-2/meta/datanode.id
2019-09-19 13:38:25,789 [main] INFO  volume.HddsVolume (HddsVolume.java:<init>(176)) - Creating Volume: /workdir/hadoop-ozone/integration-test/target/test-dir/MiniOzoneClusterImpl-39bd3618-1370-4f1c-b084-0cd74823b8da/datanode-3/data/containers/hdds of  storage type : DISK and capacity : 1482555576320
2019-09-19 13:38:25,791 [main] INFO  volume.VolumeSet (VolumeSet.java:initializeVolumeSet(170)) - Added Volume : /workdir/hadoop-ozone/integration-test/target/test-dir/MiniOzoneClusterImpl-39bd3618-1370-4f1c-b084-0cd74823b8da/datanode-3/data/containers/hdds to VolumeSet
2019-09-19 13:38:25,791 [main] INFO  volume.ThrottledAsyncChecker (ThrottledAsyncChecker.java:schedule(139)) - Scheduling a check for org.apache.hadoop.ozone.container.common.volume.HddsVolume@53b7ce6
2019-09-19 13:38:25,791 [main] INFO  volume.HddsVolumeChecker (HddsVolumeChecker.java:checkAllVolumes(202)) - Scheduled health check for volume org.apache.hadoop.ozone.container.common.volume.HddsVolume@53b7ce6
2019-09-19 13:38:25,804 [main] INFO  impl.RaftServerProxy (ConfUtils.java:logGet(43)) - raft.rpc.type = GRPC (default)
2019-09-19 13:38:25,804 [main] INFO  grpc.GrpcFactory (GrpcFactory.java:checkPooledByteBufAllocatorUseCacheForAllThreads(45)) - PERFORMANCE WARNING: useCacheForAllThreads is true that may cause Netty to create a lot garbage objects and, as a result, trigger GC.
	It is recommended to disable useCacheForAllThreads by setting -Dorg.apache.ratis.thirdparty.io.netty.allocator.useCacheForAllThreads=false in command line.
2019-09-19 13:38:25,804 [main] INFO  grpc.GrpcConfigKeys$Server (ConfUtils.java:logGet(43)) - raft.grpc.server.port = 0 (default)
2019-09-19 13:38:25,805 [main] INFO  server.GrpcService (ConfUtils.java:logGet(43)) - raft.grpc.message.size.max = 33570816 (custom)
2019-09-19 13:38:25,805 [main] INFO  server.RaftServerConfigKeys (ConfUtils.java:logGet(43)) - raft.server.log.appender.buffer.byte-limit = 33554432 (custom)
2019-09-19 13:38:25,805 [main] INFO  server.GrpcService (ConfUtils.java:logGet(43)) - raft.grpc.flow.control.window = 1MB (=1048576) (default)
2019-09-19 13:38:25,805 [main] INFO  server.RaftServerConfigKeys (ConfUtils.java:logGet(43)) - raft.server.rpc.request.timeout = 3000ms (default)
2019-09-19 13:38:25,806 [main] INFO  server.RaftServerConfigKeys (ConfUtils.java:logGet(43)) - raft.server.storage.dir = [/workdir/hadoop-ozone/integration-test/target/test-dir/MiniOzoneClusterImpl-39bd3618-1370-4f1c-b084-0cd74823b8da/datanode-3/data/ratis] (custom)
2019-09-19 13:38:25,808 [main] INFO  hdfs.DFSUtil (DFSUtil.java:httpServerTemplateForNNAndJN(1641)) - Starting Web-server for hddsDatanode at: http://0.0.0.0:0
2019-09-19 13:38:25,809 [main] INFO  server.AuthenticationFilter (AuthenticationFilter.java:constructSecretProvider(240)) - Unable to initialize FileSignerSecretProvider, falling back to use random secrets.
2019-09-19 13:38:25,809 [main] WARN  http.HttpRequestLog (HttpRequestLog.java:getRequestLog(97)) - Jetty request log can only be enabled using Log4j
2019-09-19 13:38:25,811 [main] INFO  http.HttpServer2 (HttpServer2.java:addGlobalFilter(975)) - Added global filter 'safety' (class=org.apache.hadoop.http.HttpServer2$QuotingInputFilter)
2019-09-19 13:38:25,811 [main] INFO  http.HttpServer2 (HttpServer2.java:addFilter(948)) - Added filter static_user_filter (class=org.apache.hadoop.http.lib.StaticUserWebFilter$StaticUserFilter) to context hddsDatanode
2019-09-19 13:38:25,812 [main] INFO  http.HttpServer2 (HttpServer2.java:addFilter(958)) - Added filter static_user_filter (class=org.apache.hadoop.http.lib.StaticUserWebFilter$StaticUserFilter) to context logs
2019-09-19 13:38:25,812 [main] INFO  http.HttpServer2 (HttpServer2.java:addFilter(958)) - Added filter static_user_filter (class=org.apache.hadoop.http.lib.StaticUserWebFilter$StaticUserFilter) to context static
2019-09-19 13:38:25,813 [main] INFO  http.HttpServer2 (HttpServer2.java:bindListener(1191)) - Jetty bound to port 42965
2019-09-19 13:38:25,813 [main] INFO  server.Server (Server.java:doStart(351)) - jetty-9.3.24.v20180605, build timestamp: 2018-06-05T17:11:56Z, git hash: 84205aa28f11a4f31f2a3b86d1bba2cc8ab69827
2019-09-19 13:38:25,815 [main] INFO  handler.ContextHandler (ContextHandler.java:doStart(781)) - Started o.e.j.s.ServletContextHandler@54e2fe{/logs,file:///workdir/hadoop-ozone/integration-test/target/log,AVAILABLE}
2019-09-19 13:38:25,815 [main] INFO  handler.ContextHandler (ContextHandler.java:doStart(781)) - Started o.e.j.s.ServletContextHandler@119aa36{/static,jar:file:/home/user/.m2/repository/org/apache/hadoop/hadoop-hdds-container-service/0.5.0-SNAPSHOT/hadoop-hdds-container-service-0.5.0-SNAPSHOT.jar!/webapps/static,AVAILABLE}
2019-09-19 13:38:25,845 [main] INFO  handler.ContextHandler (ContextHandler.java:doStart(781)) - Started o.e.j.w.WebAppContext@411c6d44{/,file:///tmp/jetty-0.0.0.0-42965-hddsDatanode-_-any-8806893461317133185.dir/webapp/,AVAILABLE}{/hddsDatanode}
2019-09-19 13:38:25,846 [main] INFO  server.AbstractConnector (AbstractConnector.java:doStart(278)) - Started ServerConnector@1687eb01{HTTP/1.1,[http/1.1]}{0.0.0.0:42965}
2019-09-19 13:38:25,847 [main] INFO  server.Server (Server.java:doStart(419)) - Started @5284ms
2019-09-19 13:38:25,848 [main] WARN  impl.MetricsSystemImpl (MetricsSystemImpl.java:register(276)) - Sink prometheus already exists!
2019-09-19 13:38:25,849 [main] INFO  server.BaseHttpServer (BaseHttpServer.java:updateConnectorAddress(215)) - HTTP server of HDDSDATANODE is listening at http://0.0.0.0:42965
2019-09-19 13:38:25,849 [main] INFO  impl.MetricsSystemImpl (MetricsSystemImpl.java:init(158)) - HddsDatanode metrics system started (again)
2019-09-19 13:38:25,852 [main] INFO  ozone.HddsDatanodeService (HddsDatanodeService.java:start(184)) - HddsDatanodeService host:pr-hdds-1982-decom-states-fm625-96302961 ip:192.168.34.51
2019-09-19 13:38:25,853 [org.apache.hadoop.util.JvmPauseMonitor$Monitor@315565a1] INFO  util.JvmPauseMonitor (JvmPauseMonitor.java:run(188)) - Starting JVM pause monitor
2019-09-19 13:38:25,856 [Datanode State Machine Thread - 0] INFO  datanode.InitDatanodeState (InitDatanodeState.java:persistContainerDatanodeDetails(140)) - DatanodeDetails is persisted to /workdir/hadoop-ozone/integration-test/target/test-dir/MiniOzoneClusterImpl-39bd3618-1370-4f1c-b084-0cd74823b8da/datanode-3/meta/datanode.id
2019-09-19 13:38:25,862 [main] INFO  volume.HddsVolume (HddsVolume.java:<init>(176)) - Creating Volume: /workdir/hadoop-ozone/integration-test/target/test-dir/MiniOzoneClusterImpl-39bd3618-1370-4f1c-b084-0cd74823b8da/datanode-4/data/containers/hdds of  storage type : DISK and capacity : 1482555576320
2019-09-19 13:38:25,862 [main] INFO  volume.VolumeSet (VolumeSet.java:initializeVolumeSet(170)) - Added Volume : /workdir/hadoop-ozone/integration-test/target/test-dir/MiniOzoneClusterImpl-39bd3618-1370-4f1c-b084-0cd74823b8da/datanode-4/data/containers/hdds to VolumeSet
2019-09-19 13:38:25,862 [main] INFO  volume.ThrottledAsyncChecker (ThrottledAsyncChecker.java:schedule(139)) - Scheduling a check for org.apache.hadoop.ozone.container.common.volume.HddsVolume@22eaa86e
2019-09-19 13:38:25,863 [main] INFO  volume.HddsVolumeChecker (HddsVolumeChecker.java:checkAllVolumes(202)) - Scheduled health check for volume org.apache.hadoop.ozone.container.common.volume.HddsVolume@22eaa86e
2019-09-19 13:38:25,875 [main] INFO  impl.RaftServerProxy (ConfUtils.java:logGet(43)) - raft.rpc.type = GRPC (default)
2019-09-19 13:38:25,876 [main] INFO  grpc.GrpcFactory (GrpcFactory.java:checkPooledByteBufAllocatorUseCacheForAllThreads(45)) - PERFORMANCE WARNING: useCacheForAllThreads is true that may cause Netty to create a lot garbage objects and, as a result, trigger GC.
	It is recommended to disable useCacheForAllThreads by setting -Dorg.apache.ratis.thirdparty.io.netty.allocator.useCacheForAllThreads=false in command line.
2019-09-19 13:38:25,876 [main] INFO  grpc.GrpcConfigKeys$Server (ConfUtils.java:logGet(43)) - raft.grpc.server.port = 0 (default)
2019-09-19 13:38:25,876 [main] INFO  server.GrpcService (ConfUtils.java:logGet(43)) - raft.grpc.message.size.max = 33570816 (custom)
2019-09-19 13:38:25,876 [main] INFO  server.RaftServerConfigKeys (ConfUtils.java:logGet(43)) - raft.server.log.appender.buffer.byte-limit = 33554432 (custom)
2019-09-19 13:38:25,877 [main] INFO  server.GrpcService (ConfUtils.java:logGet(43)) - raft.grpc.flow.control.window = 1MB (=1048576) (default)
2019-09-19 13:38:25,877 [main] INFO  server.RaftServerConfigKeys (ConfUtils.java:logGet(43)) - raft.server.rpc.request.timeout = 3000ms (default)
2019-09-19 13:38:25,878 [main] INFO  server.RaftServerConfigKeys (ConfUtils.java:logGet(43)) - raft.server.storage.dir = [/workdir/hadoop-ozone/integration-test/target/test-dir/MiniOzoneClusterImpl-39bd3618-1370-4f1c-b084-0cd74823b8da/datanode-4/data/ratis] (custom)
2019-09-19 13:38:25,879 [main] INFO  hdfs.DFSUtil (DFSUtil.java:httpServerTemplateForNNAndJN(1641)) - Starting Web-server for hddsDatanode at: http://0.0.0.0:0
2019-09-19 13:38:25,880 [main] INFO  server.AuthenticationFilter (AuthenticationFilter.java:constructSecretProvider(240)) - Unable to initialize FileSignerSecretProvider, falling back to use random secrets.
2019-09-19 13:38:25,881 [main] WARN  http.HttpRequestLog (HttpRequestLog.java:getRequestLog(97)) - Jetty request log can only be enabled using Log4j
2019-09-19 13:38:25,882 [main] INFO  http.HttpServer2 (HttpServer2.java:addGlobalFilter(975)) - Added global filter 'safety' (class=org.apache.hadoop.http.HttpServer2$QuotingInputFilter)
2019-09-19 13:38:25,883 [main] INFO  http.HttpServer2 (HttpServer2.java:addFilter(948)) - Added filter static_user_filter (class=org.apache.hadoop.http.lib.StaticUserWebFilter$StaticUserFilter) to context hddsDatanode
2019-09-19 13:38:25,883 [main] INFO  http.HttpServer2 (HttpServer2.java:addFilter(958)) - Added filter static_user_filter (class=org.apache.hadoop.http.lib.StaticUserWebFilter$StaticUserFilter) to context logs
2019-09-19 13:38:25,883 [main] INFO  http.HttpServer2 (HttpServer2.java:addFilter(958)) - Added filter static_user_filter (class=org.apache.hadoop.http.lib.StaticUserWebFilter$StaticUserFilter) to context static
2019-09-19 13:38:25,884 [main] INFO  http.HttpServer2 (HttpServer2.java:bindListener(1191)) - Jetty bound to port 37893
2019-09-19 13:38:25,885 [main] INFO  server.Server (Server.java:doStart(351)) - jetty-9.3.24.v20180605, build timestamp: 2018-06-05T17:11:56Z, git hash: 84205aa28f11a4f31f2a3b86d1bba2cc8ab69827
2019-09-19 13:38:25,889 [main] INFO  handler.ContextHandler (ContextHandler.java:doStart(781)) - Started o.e.j.s.ServletContextHandler@3bd2af5b{/logs,file:///workdir/hadoop-ozone/integration-test/target/log,AVAILABLE}
2019-09-19 13:38:25,889 [main] INFO  handler.ContextHandler (ContextHandler.java:doStart(781)) - Started o.e.j.s.ServletContextHandler@75d982d3{/static,jar:file:/home/user/.m2/repository/org/apache/hadoop/hadoop-hdds-container-service/0.5.0-SNAPSHOT/hadoop-hdds-container-service-0.5.0-SNAPSHOT.jar!/webapps/static,AVAILABLE}
2019-09-19 13:38:25,918 [main] INFO  handler.ContextHandler (ContextHandler.java:doStart(781)) - Started o.e.j.w.WebAppContext@74ea46e2{/,file:///tmp/jetty-0.0.0.0-37893-hddsDatanode-_-any-2327306131403990389.dir/webapp/,AVAILABLE}{/hddsDatanode}
2019-09-19 13:38:25,919 [main] INFO  server.AbstractConnector (AbstractConnector.java:doStart(278)) - Started ServerConnector@6f911326{HTTP/1.1,[http/1.1]}{0.0.0.0:37893}
2019-09-19 13:38:25,919 [main] INFO  server.Server (Server.java:doStart(419)) - Started @5357ms
2019-09-19 13:38:25,920 [main] WARN  impl.MetricsSystemImpl (MetricsSystemImpl.java:register(276)) - Sink prometheus already exists!
2019-09-19 13:38:25,921 [main] INFO  server.BaseHttpServer (BaseHttpServer.java:updateConnectorAddress(215)) - HTTP server of HDDSDATANODE is listening at http://0.0.0.0:37893
2019-09-19 13:38:25,922 [main] INFO  impl.MetricsSystemImpl (MetricsSystemImpl.java:init(158)) - HddsDatanode metrics system started (again)
2019-09-19 13:38:25,926 [org.apache.hadoop.util.JvmPauseMonitor$Monitor@5ff6d1d8] INFO  util.JvmPauseMonitor (JvmPauseMonitor.java:run(188)) - Starting JVM pause monitor
2019-09-19 13:38:25,928 [main] INFO  ozone.HddsDatanodeService (HddsDatanodeService.java:start(184)) - HddsDatanodeService host:pr-hdds-1982-decom-states-fm625-96302961 ip:192.168.34.51
2019-09-19 13:38:25,929 [Datanode State Machine Thread - 0] INFO  datanode.InitDatanodeState (InitDatanodeState.java:persistContainerDatanodeDetails(140)) - DatanodeDetails is persisted to /workdir/hadoop-ozone/integration-test/target/test-dir/MiniOzoneClusterImpl-39bd3618-1370-4f1c-b084-0cd74823b8da/datanode-4/meta/datanode.id
2019-09-19 13:38:25,938 [main] INFO  volume.HddsVolume (HddsVolume.java:<init>(176)) - Creating Volume: /workdir/hadoop-ozone/integration-test/target/test-dir/MiniOzoneClusterImpl-39bd3618-1370-4f1c-b084-0cd74823b8da/datanode-5/data/containers/hdds of  storage type : DISK and capacity : 1482555576320
2019-09-19 13:38:25,938 [main] INFO  volume.VolumeSet (VolumeSet.java:initializeVolumeSet(170)) - Added Volume : /workdir/hadoop-ozone/integration-test/target/test-dir/MiniOzoneClusterImpl-39bd3618-1370-4f1c-b084-0cd74823b8da/datanode-5/data/containers/hdds to VolumeSet
2019-09-19 13:38:25,939 [main] INFO  volume.ThrottledAsyncChecker (ThrottledAsyncChecker.java:schedule(139)) - Scheduling a check for org.apache.hadoop.ozone.container.common.volume.HddsVolume@117d32e
2019-09-19 13:38:25,940 [main] INFO  volume.HddsVolumeChecker (HddsVolumeChecker.java:checkAllVolumes(202)) - Scheduled health check for volume org.apache.hadoop.ozone.container.common.volume.HddsVolume@117d32e
2019-09-19 13:38:25,960 [main] INFO  impl.RaftServerProxy (ConfUtils.java:logGet(43)) - raft.rpc.type = GRPC (default)
2019-09-19 13:38:25,960 [main] INFO  grpc.GrpcFactory (GrpcFactory.java:checkPooledByteBufAllocatorUseCacheForAllThreads(45)) - PERFORMANCE WARNING: useCacheForAllThreads is true that may cause Netty to create a lot garbage objects and, as a result, trigger GC.
	It is recommended to disable useCacheForAllThreads by setting -Dorg.apache.ratis.thirdparty.io.netty.allocator.useCacheForAllThreads=false in command line.
2019-09-19 13:38:25,960 [main] INFO  grpc.GrpcConfigKeys$Server (ConfUtils.java:logGet(43)) - raft.grpc.server.port = 0 (default)
2019-09-19 13:38:25,961 [main] INFO  server.GrpcService (ConfUtils.java:logGet(43)) - raft.grpc.message.size.max = 33570816 (custom)
2019-09-19 13:38:25,961 [main] INFO  server.RaftServerConfigKeys (ConfUtils.java:logGet(43)) - raft.server.log.appender.buffer.byte-limit = 33554432 (custom)
2019-09-19 13:38:25,961 [main] INFO  server.GrpcService (ConfUtils.java:logGet(43)) - raft.grpc.flow.control.window = 1MB (=1048576) (default)
2019-09-19 13:38:25,962 [main] INFO  server.RaftServerConfigKeys (ConfUtils.java:logGet(43)) - raft.server.rpc.request.timeout = 3000ms (default)
2019-09-19 13:38:25,963 [main] INFO  server.RaftServerConfigKeys (ConfUtils.java:logGet(43)) - raft.server.storage.dir = [/workdir/hadoop-ozone/integration-test/target/test-dir/MiniOzoneClusterImpl-39bd3618-1370-4f1c-b084-0cd74823b8da/datanode-5/data/ratis] (custom)
2019-09-19 13:38:25,965 [main] INFO  hdfs.DFSUtil (DFSUtil.java:httpServerTemplateForNNAndJN(1641)) - Starting Web-server for hddsDatanode at: http://0.0.0.0:0
2019-09-19 13:38:25,966 [main] INFO  server.AuthenticationFilter (AuthenticationFilter.java:constructSecretProvider(240)) - Unable to initialize FileSignerSecretProvider, falling back to use random secrets.
2019-09-19 13:38:25,967 [main] WARN  http.HttpRequestLog (HttpRequestLog.java:getRequestLog(97)) - Jetty request log can only be enabled using Log4j
2019-09-19 13:38:25,969 [main] INFO  http.HttpServer2 (HttpServer2.java:addGlobalFilter(975)) - Added global filter 'safety' (class=org.apache.hadoop.http.HttpServer2$QuotingInputFilter)
2019-09-19 13:38:25,970 [main] INFO  http.HttpServer2 (HttpServer2.java:addFilter(948)) - Added filter static_user_filter (class=org.apache.hadoop.http.lib.StaticUserWebFilter$StaticUserFilter) to context hddsDatanode
2019-09-19 13:38:25,970 [main] INFO  http.HttpServer2 (HttpServer2.java:addFilter(958)) - Added filter static_user_filter (class=org.apache.hadoop.http.lib.StaticUserWebFilter$StaticUserFilter) to context logs
2019-09-19 13:38:25,970 [main] INFO  http.HttpServer2 (HttpServer2.java:addFilter(958)) - Added filter static_user_filter (class=org.apache.hadoop.http.lib.StaticUserWebFilter$StaticUserFilter) to context static
2019-09-19 13:38:25,971 [main] INFO  http.HttpServer2 (HttpServer2.java:bindListener(1191)) - Jetty bound to port 34624
2019-09-19 13:38:25,971 [main] INFO  server.Server (Server.java:doStart(351)) - jetty-9.3.24.v20180605, build timestamp: 2018-06-05T17:11:56Z, git hash: 84205aa28f11a4f31f2a3b86d1bba2cc8ab69827
2019-09-19 13:38:25,973 [main] INFO  handler.ContextHandler (ContextHandler.java:doStart(781)) - Started o.e.j.s.ServletContextHandler@181d8899{/logs,file:///workdir/hadoop-ozone/integration-test/target/log,AVAILABLE}
2019-09-19 13:38:25,974 [main] INFO  handler.ContextHandler (ContextHandler.java:doStart(781)) - Started o.e.j.s.ServletContextHandler@b887730{/static,jar:file:/home/user/.m2/repository/org/apache/hadoop/hadoop-hdds-container-service/0.5.0-SNAPSHOT/hadoop-hdds-container-service-0.5.0-SNAPSHOT.jar!/webapps/static,AVAILABLE}
2019-09-19 13:38:26,013 [main] INFO  handler.ContextHandler (ContextHandler.java:doStart(781)) - Started o.e.j.w.WebAppContext@7ab34619{/,file:///tmp/jetty-0.0.0.0-34624-hddsDatanode-_-any-765219227806743726.dir/webapp/,AVAILABLE}{/hddsDatanode}
2019-09-19 13:38:26,015 [main] INFO  server.AbstractConnector (AbstractConnector.java:doStart(278)) - Started ServerConnector@ae2db25{HTTP/1.1,[http/1.1]}{0.0.0.0:34624}
2019-09-19 13:38:26,017 [main] INFO  server.Server (Server.java:doStart(419)) - Started @5454ms
2019-09-19 13:38:26,017 [main] WARN  impl.MetricsSystemImpl (MetricsSystemImpl.java:register(276)) - Sink prometheus already exists!
2019-09-19 13:38:26,018 [main] INFO  server.BaseHttpServer (BaseHttpServer.java:updateConnectorAddress(215)) - HTTP server of HDDSDATANODE is listening at http://0.0.0.0:34624
2019-09-19 13:38:26,019 [main] INFO  impl.MetricsSystemImpl (MetricsSystemImpl.java:init(158)) - HddsDatanode metrics system started (again)
2019-09-19 13:38:26,023 [org.apache.hadoop.util.JvmPauseMonitor$Monitor@2a877f84] INFO  util.JvmPauseMonitor (JvmPauseMonitor.java:run(188)) - Starting JVM pause monitor
2019-09-19 13:38:26,024 [main] INFO  ozone.HddsDatanodeService (HddsDatanodeService.java:start(184)) - HddsDatanodeService host:pr-hdds-1982-decom-states-fm625-96302961 ip:192.168.34.51
2019-09-19 13:38:26,028 [Datanode State Machine Thread - 0] INFO  datanode.InitDatanodeState (InitDatanodeState.java:persistContainerDatanodeDetails(140)) - DatanodeDetails is persisted to /workdir/hadoop-ozone/integration-test/target/test-dir/MiniOzoneClusterImpl-39bd3618-1370-4f1c-b084-0cd74823b8da/datanode-5/meta/datanode.id
2019-09-19 13:38:26,041 [main] INFO  volume.HddsVolume (HddsVolume.java:<init>(176)) - Creating Volume: /workdir/hadoop-ozone/integration-test/target/test-dir/MiniOzoneClusterImpl-39bd3618-1370-4f1c-b084-0cd74823b8da/datanode-6/data/containers/hdds of  storage type : DISK and capacity : 1482555576320
2019-09-19 13:38:26,042 [main] INFO  volume.VolumeSet (VolumeSet.java:initializeVolumeSet(170)) - Added Volume : /workdir/hadoop-ozone/integration-test/target/test-dir/MiniOzoneClusterImpl-39bd3618-1370-4f1c-b084-0cd74823b8da/datanode-6/data/containers/hdds to VolumeSet
2019-09-19 13:38:26,042 [main] INFO  volume.ThrottledAsyncChecker (ThrottledAsyncChecker.java:schedule(139)) - Scheduling a check for org.apache.hadoop.ozone.container.common.volume.HddsVolume@7f5538a1
2019-09-19 13:38:26,044 [main] INFO  volume.HddsVolumeChecker (HddsVolumeChecker.java:checkAllVolumes(202)) - Scheduled health check for volume org.apache.hadoop.ozone.container.common.volume.HddsVolume@7f5538a1
2019-09-19 13:38:26,063 [main] INFO  impl.RaftServerProxy (ConfUtils.java:logGet(43)) - raft.rpc.type = GRPC (default)
2019-09-19 13:38:26,064 [main] INFO  grpc.GrpcFactory (GrpcFactory.java:checkPooledByteBufAllocatorUseCacheForAllThreads(45)) - PERFORMANCE WARNING: useCacheForAllThreads is true that may cause Netty to create a lot garbage objects and, as a result, trigger GC.
	It is recommended to disable useCacheForAllThreads by setting -Dorg.apache.ratis.thirdparty.io.netty.allocator.useCacheForAllThreads=false in command line.
2019-09-19 13:38:26,064 [main] INFO  grpc.GrpcConfigKeys$Server (ConfUtils.java:logGet(43)) - raft.grpc.server.port = 0 (default)
2019-09-19 13:38:26,064 [main] INFO  server.GrpcService (ConfUtils.java:logGet(43)) - raft.grpc.message.size.max = 33570816 (custom)
2019-09-19 13:38:26,064 [main] INFO  server.RaftServerConfigKeys (ConfUtils.java:logGet(43)) - raft.server.log.appender.buffer.byte-limit = 33554432 (custom)
2019-09-19 13:38:26,065 [main] INFO  server.GrpcService (ConfUtils.java:logGet(43)) - raft.grpc.flow.control.window = 1MB (=1048576) (default)
2019-09-19 13:38:26,065 [main] INFO  server.RaftServerConfigKeys (ConfUtils.java:logGet(43)) - raft.server.rpc.request.timeout = 3000ms (default)
2019-09-19 13:38:26,066 [main] INFO  server.RaftServerConfigKeys (ConfUtils.java:logGet(43)) - raft.server.storage.dir = [/workdir/hadoop-ozone/integration-test/target/test-dir/MiniOzoneClusterImpl-39bd3618-1370-4f1c-b084-0cd74823b8da/datanode-6/data/ratis] (custom)
2019-09-19 13:38:26,068 [main] INFO  hdfs.DFSUtil (DFSUtil.java:httpServerTemplateForNNAndJN(1641)) - Starting Web-server for hddsDatanode at: http://0.0.0.0:0
2019-09-19 13:38:26,069 [main] INFO  server.AuthenticationFilter (AuthenticationFilter.java:constructSecretProvider(240)) - Unable to initialize FileSignerSecretProvider, falling back to use random secrets.
2019-09-19 13:38:26,069 [main] WARN  http.HttpRequestLog (HttpRequestLog.java:getRequestLog(97)) - Jetty request log can only be enabled using Log4j
2019-09-19 13:38:26,071 [main] INFO  http.HttpServer2 (HttpServer2.java:addGlobalFilter(975)) - Added global filter 'safety' (class=org.apache.hadoop.http.HttpServer2$QuotingInputFilter)
2019-09-19 13:38:26,071 [main] INFO  http.HttpServer2 (HttpServer2.java:addFilter(948)) - Added filter static_user_filter (class=org.apache.hadoop.http.lib.StaticUserWebFilter$StaticUserFilter) to context hddsDatanode
2019-09-19 13:38:26,072 [main] INFO  http.HttpServer2 (HttpServer2.java:addFilter(958)) - Added filter static_user_filter (class=org.apache.hadoop.http.lib.StaticUserWebFilter$StaticUserFilter) to context static
2019-09-19 13:38:26,072 [main] INFO  http.HttpServer2 (HttpServer2.java:addFilter(958)) - Added filter static_user_filter (class=org.apache.hadoop.http.lib.StaticUserWebFilter$StaticUserFilter) to context logs
2019-09-19 13:38:26,072 [main] INFO  http.HttpServer2 (HttpServer2.java:bindListener(1191)) - Jetty bound to port 46857
2019-09-19 13:38:26,073 [main] INFO  server.Server (Server.java:doStart(351)) - jetty-9.3.24.v20180605, build timestamp: 2018-06-05T17:11:56Z, git hash: 84205aa28f11a4f31f2a3b86d1bba2cc8ab69827
2019-09-19 13:38:26,074 [main] INFO  handler.ContextHandler (ContextHandler.java:doStart(781)) - Started o.e.j.s.ServletContextHandler@58434b19{/logs,file:///workdir/hadoop-ozone/integration-test/target/log,AVAILABLE}
2019-09-19 13:38:26,075 [main] INFO  handler.ContextHandler (ContextHandler.java:doStart(781)) - Started o.e.j.s.ServletContextHandler@7dbe2ebf{/static,jar:file:/home/user/.m2/repository/org/apache/hadoop/hadoop-hdds-container-service/0.5.0-SNAPSHOT/hadoop-hdds-container-service-0.5.0-SNAPSHOT.jar!/webapps/static,AVAILABLE}
2019-09-19 13:38:26,103 [main] INFO  handler.ContextHandler (ContextHandler.java:doStart(781)) - Started o.e.j.w.WebAppContext@3c74aa0d{/,file:///tmp/jetty-0.0.0.0-46857-hddsDatanode-_-any-4741883753780408125.dir/webapp/,AVAILABLE}{/hddsDatanode}
2019-09-19 13:38:26,105 [main] INFO  server.AbstractConnector (AbstractConnector.java:doStart(278)) - Started ServerConnector@6c841199{HTTP/1.1,[http/1.1]}{0.0.0.0:46857}
2019-09-19 13:38:26,105 [main] INFO  server.Server (Server.java:doStart(419)) - Started @5543ms
2019-09-19 13:38:26,105 [main] WARN  impl.MetricsSystemImpl (MetricsSystemImpl.java:register(276)) - Sink prometheus already exists!
2019-09-19 13:38:26,106 [main] INFO  server.BaseHttpServer (BaseHttpServer.java:updateConnectorAddress(215)) - HTTP server of HDDSDATANODE is listening at http://0.0.0.0:46857
2019-09-19 13:38:26,108 [main] INFO  ozone.MiniOzoneClusterImpl (MiniOzoneClusterImpl.java:lambda$waitForClusterToBeReady$0(145)) - Waiting for cluster to be ready. Got 0 of 7 DN Heartbeats.
2019-09-19 13:38:26,109 [org.apache.hadoop.util.JvmPauseMonitor$Monitor@4b55ebf6] INFO  util.JvmPauseMonitor (JvmPauseMonitor.java:run(188)) - Starting JVM pause monitor
2019-09-19 13:38:26,112 [Datanode State Machine Thread - 0] INFO  datanode.InitDatanodeState (InitDatanodeState.java:persistContainerDatanodeDetails(140)) - DatanodeDetails is persisted to /workdir/hadoop-ozone/integration-test/target/test-dir/MiniOzoneClusterImpl-39bd3618-1370-4f1c-b084-0cd74823b8da/datanode-6/meta/datanode.id
2019-09-19 13:38:27,110 [main] INFO  ozone.MiniOzoneClusterImpl (MiniOzoneClusterImpl.java:lambda$waitForClusterToBeReady$0(145)) - Waiting for cluster to be ready. Got 0 of 7 DN Heartbeats.
2019-09-19 13:38:27,714 [Datanode State Machine Thread - 0] INFO  ozoneimpl.OzoneContainer (OzoneContainer.java:start(217)) - Attempting to start container services.
2019-09-19 13:38:27,718 [Datanode State Machine Thread - 0] INFO  ozoneimpl.OzoneContainer (OzoneContainer.java:startContainerScrub(179)) - Background container scanner has been disabled.
2019-09-19 13:38:27,719 [Datanode State Machine Thread - 0] INFO  ratis.XceiverServerRatis (XceiverServerRatis.java:start(411)) - Starting XceiverServerRatis d2cb86cd-c327-4321-a829-e2a5e72c5825 at port 0
2019-09-19 13:38:27,744 [Datanode State Machine Thread - 0] INFO  impl.RaftServerProxy (RaftServerProxy.java:lambda$start$3(299)) - d2cb86cd-c327-4321-a829-e2a5e72c5825: start RPC server
2019-09-19 13:38:27,791 [Datanode State Machine Thread - 0] INFO  ozoneimpl.OzoneContainer (OzoneContainer.java:start(217)) - Attempting to start container services.
2019-09-19 13:38:27,797 [Datanode State Machine Thread - 0] INFO  ozoneimpl.OzoneContainer (OzoneContainer.java:start(217)) - Attempting to start container services.
2019-09-19 13:38:27,800 [Datanode State Machine Thread - 0] INFO  ozoneimpl.OzoneContainer (OzoneContainer.java:startContainerScrub(179)) - Background container scanner has been disabled.
2019-09-19 13:38:27,801 [Datanode State Machine Thread - 0] INFO  ozoneimpl.OzoneContainer (OzoneContainer.java:startContainerScrub(179)) - Background container scanner has been disabled.
2019-09-19 13:38:27,801 [Datanode State Machine Thread - 0] INFO  ratis.XceiverServerRatis (XceiverServerRatis.java:start(411)) - Starting XceiverServerRatis a95c1d0c-bcc6-4baf-9ab7-6dcfd9f7324a at port 0
2019-09-19 13:38:27,802 [Datanode State Machine Thread - 0] INFO  ratis.XceiverServerRatis (XceiverServerRatis.java:start(411)) - Starting XceiverServerRatis f542701f-6f5b-424f-8f38-b614db00c364 at port 0
2019-09-19 13:38:27,818 [Datanode State Machine Thread - 0] INFO  impl.RaftServerProxy (RaftServerProxy.java:lambda$start$3(299)) - f542701f-6f5b-424f-8f38-b614db00c364: start RPC server
2019-09-19 13:38:27,818 [Datanode State Machine Thread - 0] INFO  impl.RaftServerProxy (RaftServerProxy.java:lambda$start$3(299)) - a95c1d0c-bcc6-4baf-9ab7-6dcfd9f7324a: start RPC server
2019-09-19 13:38:27,877 [Datanode State Machine Thread - 0] INFO  ozoneimpl.OzoneContainer (OzoneContainer.java:start(217)) - Attempting to start container services.
2019-09-19 13:38:27,882 [Datanode State Machine Thread - 0] INFO  ozoneimpl.OzoneContainer (OzoneContainer.java:startContainerScrub(179)) - Background container scanner has been disabled.
2019-09-19 13:38:27,882 [Datanode State Machine Thread - 0] INFO  ratis.XceiverServerRatis (XceiverServerRatis.java:start(411)) - Starting XceiverServerRatis 0a5ba9de-a835-4228-8329-4edfff30d06e at port 0
2019-09-19 13:38:27,898 [Datanode State Machine Thread - 0] INFO  impl.RaftServerProxy (RaftServerProxy.java:lambda$start$3(299)) - 0a5ba9de-a835-4228-8329-4edfff30d06e: start RPC server
2019-09-19 13:38:27,910 [Datanode State Machine Thread - 0] INFO  server.GrpcService (GrpcService.java:startImpl(158)) - 0a5ba9de-a835-4228-8329-4edfff30d06e: GrpcService started, listening on 0.0.0.0/0.0.0.0:45227
2019-09-19 13:38:27,910 [Datanode State Machine Thread - 0] INFO  server.GrpcService (GrpcService.java:startImpl(158)) - a95c1d0c-bcc6-4baf-9ab7-6dcfd9f7324a: GrpcService started, listening on 0.0.0.0/0.0.0.0:41760
2019-09-19 13:38:27,911 [Datanode State Machine Thread - 0] INFO  ratis.XceiverServerRatis (XceiverServerRatis.java:start(421)) - XceiverServerRatis 0a5ba9de-a835-4228-8329-4edfff30d06e is started using port 45227
2019-09-19 13:38:27,910 [Datanode State Machine Thread - 0] INFO  server.GrpcService (GrpcService.java:startImpl(158)) - d2cb86cd-c327-4321-a829-e2a5e72c5825: GrpcService started, listening on 0.0.0.0/0.0.0.0:38110
2019-09-19 13:38:27,910 [Datanode State Machine Thread - 0] INFO  server.GrpcService (GrpcService.java:startImpl(158)) - f542701f-6f5b-424f-8f38-b614db00c364: GrpcService started, listening on 0.0.0.0/0.0.0.0:34792
2019-09-19 13:38:27,912 [Datanode State Machine Thread - 0] INFO  ratis.XceiverServerRatis (XceiverServerRatis.java:start(421)) - XceiverServerRatis d2cb86cd-c327-4321-a829-e2a5e72c5825 is started using port 38110
2019-09-19 13:38:27,911 [Datanode State Machine Thread - 0] INFO  ratis.XceiverServerRatis (XceiverServerRatis.java:start(421)) - XceiverServerRatis a95c1d0c-bcc6-4baf-9ab7-6dcfd9f7324a is started using port 41760
2019-09-19 13:38:27,912 [Datanode State Machine Thread - 0] INFO  ratis.XceiverServerRatis (XceiverServerRatis.java:start(421)) - XceiverServerRatis f542701f-6f5b-424f-8f38-b614db00c364 is started using port 34792
2019-09-19 13:38:27,918 [Datanode State Machine Thread - 0] INFO  server.XceiverServerGrpc (XceiverServerGrpc.java:start(163)) - XceiverServerGrpc a95c1d0c-bcc6-4baf-9ab7-6dcfd9f7324a is started using port 45212
2019-09-19 13:38:27,919 [Datanode State Machine Thread - 0] INFO  server.XceiverServerGrpc (XceiverServerGrpc.java:start(163)) - XceiverServerGrpc d2cb86cd-c327-4321-a829-e2a5e72c5825 is started using port 35726
2019-09-19 13:38:27,918 [Datanode State Machine Thread - 0] INFO  server.XceiverServerGrpc (XceiverServerGrpc.java:start(163)) - XceiverServerGrpc f542701f-6f5b-424f-8f38-b614db00c364 is started using port 45237
2019-09-19 13:38:27,918 [Datanode State Machine Thread - 0] INFO  server.XceiverServerGrpc (XceiverServerGrpc.java:start(163)) - XceiverServerGrpc 0a5ba9de-a835-4228-8329-4edfff30d06e is started using port 45319
2019-09-19 13:38:28,011 [Datanode State Machine Thread - 0] INFO  ozoneimpl.OzoneContainer (OzoneContainer.java:start(217)) - Attempting to start container services.
2019-09-19 13:38:28,012 [Datanode State Machine Thread - 0] INFO  ozoneimpl.OzoneContainer (OzoneContainer.java:startContainerScrub(179)) - Background container scanner has been disabled.
2019-09-19 13:38:28,012 [Datanode State Machine Thread - 0] INFO  ratis.XceiverServerRatis (XceiverServerRatis.java:start(411)) - Starting XceiverServerRatis c7b06212-2a46-4a88-b1d4-f2f551bea96c at port 0
2019-09-19 13:38:28,019 [Datanode State Machine Thread - 0] INFO  impl.RaftServerProxy (RaftServerProxy.java:lambda$start$3(299)) - c7b06212-2a46-4a88-b1d4-f2f551bea96c: start RPC server
2019-09-19 13:38:28,022 [Datanode State Machine Thread - 0] INFO  server.GrpcService (GrpcService.java:startImpl(158)) - c7b06212-2a46-4a88-b1d4-f2f551bea96c: GrpcService started, listening on 0.0.0.0/0.0.0.0:33534
2019-09-19 13:38:28,022 [Datanode State Machine Thread - 0] INFO  ratis.XceiverServerRatis (XceiverServerRatis.java:start(421)) - XceiverServerRatis c7b06212-2a46-4a88-b1d4-f2f551bea96c is started using port 33534
2019-09-19 13:38:28,031 [Datanode State Machine Thread - 0] INFO  server.XceiverServerGrpc (XceiverServerGrpc.java:start(163)) - XceiverServerGrpc c7b06212-2a46-4a88-b1d4-f2f551bea96c is started using port 39926
2019-09-19 13:38:28,112 [main] INFO  ozone.MiniOzoneClusterImpl (MiniOzoneClusterImpl.java:lambda$waitForClusterToBeReady$0(145)) - Waiting for cluster to be ready. Got 0 of 7 DN Heartbeats.
2019-09-19 13:38:28,123 [Datanode State Machine Thread - 0] INFO  ozoneimpl.OzoneContainer (OzoneContainer.java:start(217)) - Attempting to start container services.
2019-09-19 13:38:28,123 [Datanode State Machine Thread - 0] INFO  ozoneimpl.OzoneContainer (OzoneContainer.java:startContainerScrub(179)) - Background container scanner has been disabled.
2019-09-19 13:38:28,124 [Datanode State Machine Thread - 0] INFO  ratis.XceiverServerRatis (XceiverServerRatis.java:start(411)) - Starting XceiverServerRatis 3b165c55-2cc0-4307-8cae-6e98b5c91765 at port 0
2019-09-19 13:38:28,133 [Datanode State Machine Thread - 0] INFO  impl.RaftServerProxy (RaftServerProxy.java:lambda$start$3(299)) - 3b165c55-2cc0-4307-8cae-6e98b5c91765: start RPC server
2019-09-19 13:38:28,137 [Datanode State Machine Thread - 0] INFO  server.GrpcService (GrpcService.java:startImpl(158)) - 3b165c55-2cc0-4307-8cae-6e98b5c91765: GrpcService started, listening on 0.0.0.0/0.0.0.0:41140
2019-09-19 13:38:28,137 [Datanode State Machine Thread - 0] INFO  ratis.XceiverServerRatis (XceiverServerRatis.java:start(421)) - XceiverServerRatis 3b165c55-2cc0-4307-8cae-6e98b5c91765 is started using port 41140
2019-09-19 13:38:28,141 [Datanode State Machine Thread - 0] INFO  server.XceiverServerGrpc (XceiverServerGrpc.java:start(163)) - XceiverServerGrpc 3b165c55-2cc0-4307-8cae-6e98b5c91765 is started using port 46388
2019-09-19 13:38:28,178 [Datanode State Machine Thread - 0] INFO  ozoneimpl.OzoneContainer (OzoneContainer.java:start(217)) - Attempting to start container services.
2019-09-19 13:38:28,178 [Datanode State Machine Thread - 0] INFO  ozoneimpl.OzoneContainer (OzoneContainer.java:startContainerScrub(179)) - Background container scanner has been disabled.
2019-09-19 13:38:28,178 [Datanode State Machine Thread - 0] INFO  ratis.XceiverServerRatis (XceiverServerRatis.java:start(411)) - Starting XceiverServerRatis b9e72fea-be24-4f60-85ed-f574905bb0be at port 0
2019-09-19 13:38:28,188 [Datanode State Machine Thread - 0] INFO  impl.RaftServerProxy (RaftServerProxy.java:lambda$start$3(299)) - b9e72fea-be24-4f60-85ed-f574905bb0be: start RPC server
2019-09-19 13:38:28,193 [Datanode State Machine Thread - 0] INFO  server.GrpcService (GrpcService.java:startImpl(158)) - b9e72fea-be24-4f60-85ed-f574905bb0be: GrpcService started, listening on 0.0.0.0/0.0.0.0:41445
2019-09-19 13:38:28,193 [Datanode State Machine Thread - 0] INFO  ratis.XceiverServerRatis (XceiverServerRatis.java:start(421)) - XceiverServerRatis b9e72fea-be24-4f60-85ed-f574905bb0be is started using port 41445
2019-09-19 13:38:28,197 [Datanode State Machine Thread - 0] INFO  server.XceiverServerGrpc (XceiverServerGrpc.java:start(163)) - XceiverServerGrpc b9e72fea-be24-4f60-85ed-f574905bb0be is started using port 38171
2019-09-19 13:38:29,112 [main] INFO  ozone.MiniOzoneClusterImpl (MiniOzoneClusterImpl.java:lambda$waitForClusterToBeReady$0(145)) - Waiting for cluster to be ready. Got 0 of 7 DN Heartbeats.
2019-09-19 13:38:29,648 [IPC Server handler 0 on 36042] INFO  net.NetworkTopology (NetworkTopologyImpl.java:add(111)) - Added a new node: /default-rack/d2cb86cd-c327-4321-a829-e2a5e72c5825
2019-09-19 13:38:29,649 [IPC Server handler 0 on 36042] INFO  node.SCMNodeManager (SCMNodeManager.java:register(300)) - Registered Data node : d2cb86cd-c327-4321-a829-e2a5e72c5825{ip: 192.168.34.51, host: pr-hdds-1982-decom-states-fm625-96302961, networkLocation: /default-rack, certSerialId: null}
2019-09-19 13:38:29,654 [EventQueue-NodeRegistrationContainerReportForDataNodeSafeModeRule] INFO  safemode.SCMSafeModeManager (DataNodeSafeModeRule.java:process(71)) - SCM in safe mode. 1 DataNodes registered, 1 required.
2019-09-19 13:38:29,654 [EventQueue-NodeRegistrationContainerReportForDataNodeSafeModeRule] INFO  safemode.SCMSafeModeManager (SCMSafeModeManager.java:validateSafeModeExitRules(177)) - ScmSafeModeManager, all rules are successfully validated
2019-09-19 13:38:29,655 [EventQueue-NodeRegistrationContainerReportForDataNodeSafeModeRule] INFO  safemode.SCMSafeModeManager (SCMSafeModeManager.java:exitSafeMode(193)) - SCM exiting safe mode.
2019-09-19 13:38:29,711 [IPC Server handler 1 on 36042] INFO  net.NetworkTopology (NetworkTopologyImpl.java:add(111)) - Added a new node: /default-rack/a95c1d0c-bcc6-4baf-9ab7-6dcfd9f7324a
2019-09-19 13:38:29,711 [IPC Server handler 1 on 36042] INFO  node.SCMNodeManager (SCMNodeManager.java:register(300)) - Registered Data node : a95c1d0c-bcc6-4baf-9ab7-6dcfd9f7324a{ip: 192.168.34.51, host: pr-hdds-1982-decom-states-fm625-96302961, networkLocation: /default-rack, certSerialId: null}
2019-09-19 13:38:29,786 [IPC Server handler 3 on 36042] INFO  net.NetworkTopology (NetworkTopologyImpl.java:add(111)) - Added a new node: /default-rack/f542701f-6f5b-424f-8f38-b614db00c364
2019-09-19 13:38:29,786 [IPC Server handler 3 on 36042] INFO  node.SCMNodeManager (SCMNodeManager.java:register(300)) - Registered Data node : f542701f-6f5b-424f-8f38-b614db00c364{ip: 192.168.34.51, host: pr-hdds-1982-decom-states-fm625-96302961, networkLocation: /default-rack, certSerialId: null}
2019-09-19 13:38:29,856 [IPC Server handler 5 on 36042] INFO  net.NetworkTopology (NetworkTopologyImpl.java:add(111)) - Added a new node: /default-rack/0a5ba9de-a835-4228-8329-4edfff30d06e
2019-09-19 13:38:29,856 [IPC Server handler 5 on 36042] INFO  node.SCMNodeManager (SCMNodeManager.java:register(300)) - Registered Data node : 0a5ba9de-a835-4228-8329-4edfff30d06e{ip: 192.168.34.51, host: pr-hdds-1982-decom-states-fm625-96302961, networkLocation: /default-rack, certSerialId: null}
2019-09-19 13:38:29,928 [IPC Server handler 4 on 36042] INFO  net.NetworkTopology (NetworkTopologyImpl.java:add(111)) - Added a new node: /default-rack/c7b06212-2a46-4a88-b1d4-f2f551bea96c
2019-09-19 13:38:29,929 [IPC Server handler 4 on 36042] INFO  node.SCMNodeManager (SCMNodeManager.java:register(300)) - Registered Data node : c7b06212-2a46-4a88-b1d4-f2f551bea96c{ip: 192.168.34.51, host: pr-hdds-1982-decom-states-fm625-96302961, networkLocation: /default-rack, certSerialId: null}
2019-09-19 13:38:30,032 [IPC Server handler 6 on 36042] INFO  net.NetworkTopology (NetworkTopologyImpl.java:add(111)) - Added a new node: /default-rack/3b165c55-2cc0-4307-8cae-6e98b5c91765
2019-09-19 13:38:30,032 [IPC Server handler 6 on 36042] INFO  node.SCMNodeManager (SCMNodeManager.java:register(300)) - Registered Data node : 3b165c55-2cc0-4307-8cae-6e98b5c91765{ip: 192.168.34.51, host: pr-hdds-1982-decom-states-fm625-96302961, networkLocation: /default-rack, certSerialId: null}
2019-09-19 13:38:30,113 [IPC Server handler 7 on 36042] INFO  net.NetworkTopology (NetworkTopologyImpl.java:add(111)) - Added a new node: /default-rack/b9e72fea-be24-4f60-85ed-f574905bb0be
2019-09-19 13:38:30,113 [main] INFO  ozone.MiniOzoneClusterImpl (MiniOzoneClusterImpl.java:lambda$waitForClusterToBeReady$0(145)) - Cluster is ready. Got 7 of 7 DN Heartbeats.
2019-09-19 13:38:30,113 [IPC Server handler 7 on 36042] INFO  node.SCMNodeManager (SCMNodeManager.java:register(300)) - Registered Data node : b9e72fea-be24-4f60-85ed-f574905bb0be{ip: 192.168.34.51, host: pr-hdds-1982-decom-states-fm625-96302961, networkLocation: /default-rack, certSerialId: null}
2019-09-19 13:38:30,172 [grpc-default-executor-0] INFO  impl.RaftServerProxy (RaftServerProxy.java:addNew(89)) - d2cb86cd-c327-4321-a829-e2a5e72c5825: addNew group-D67326426F22:[d2cb86cd-c327-4321-a829-e2a5e72c5825:192.168.34.51:38110] returns group-D67326426F22:java.util.concurrent.CompletableFuture@3e1525fe[Not completed]
2019-09-19 13:38:30,196 [pool-27-thread-1] INFO  impl.RaftServerImpl (RaftServerImpl.java:<init>(95)) - d2cb86cd-c327-4321-a829-e2a5e72c5825: new RaftServerImpl for group-D67326426F22:[d2cb86cd-c327-4321-a829-e2a5e72c5825:192.168.34.51:38110] with ContainerStateMachine:uninitialized
2019-09-19 13:38:30,197 [pool-27-thread-1] INFO  server.RaftServerConfigKeys (ConfUtils.java:logGet(43)) - raft.server.rpc.timeout.min = 5s (custom)
2019-09-19 13:38:30,199 [pool-27-thread-1] INFO  server.RaftServerConfigKeys (ConfUtils.java:logGet(43)) - raft.server.rpc.timeout.max = 5200ms (custom)
2019-09-19 13:38:30,200 [pool-27-thread-1] INFO  server.RaftServerConfigKeys (ConfUtils.java:logGet(43)) - raft.server.rpcslowness.timeout = 120s (custom)
2019-09-19 13:38:30,200 [pool-27-thread-1] INFO  server.RaftServerConfigKeys (ConfUtils.java:logGet(43)) - raft.server.sleep.deviation.threshold = 300 (default)
2019-09-19 13:38:30,201 [pool-27-thread-1] INFO  server.RaftServerConfigKeys (ConfUtils.java:logGet(43)) - raft.server.log.appender.install.snapshot.enabled = false (custom)
2019-09-19 13:38:30,209 [pool-27-thread-1] INFO  impl.RaftServerImpl (ServerState.java:<init>(103)) - d2cb86cd-c327-4321-a829-e2a5e72c5825@group-D67326426F22: ConfigurationManager, init=-1: [d2cb86cd-c327-4321-a829-e2a5e72c5825:192.168.34.51:38110], old=null, confs=<EMPTY_MAP>
2019-09-19 13:38:30,210 [pool-27-thread-1] INFO  server.RaftServerConfigKeys (ConfUtils.java:logGet(43)) - raft.server.storage.dir = [/workdir/hadoop-ozone/integration-test/target/test-dir/MiniOzoneClusterImpl-39bd3618-1370-4f1c-b084-0cd74823b8da/datanode-0/data/ratis] (custom)
2019-09-19 13:38:30,217 [pool-27-thread-1] INFO  storage.RaftStorageDirectory (RaftStorageDirectory.java:analyzeStorage(246)) - The storage directory /workdir/hadoop-ozone/integration-test/target/test-dir/MiniOzoneClusterImpl-39bd3618-1370-4f1c-b084-0cd74823b8da/datanode-0/data/ratis/a2569e80-ab5a-4391-997c-d67326426f22 does not exist. Creating ...
2019-09-19 13:38:30,235 [pool-27-thread-1] INFO  storage.RaftStorageDirectory (RaftStorageDirectory.java:tryLock(328)) - Lock on /workdir/hadoop-ozone/integration-test/target/test-dir/MiniOzoneClusterImpl-39bd3618-1370-4f1c-b084-0cd74823b8da/datanode-0/data/ratis/a2569e80-ab5a-4391-997c-d67326426f22/in_use.lock acquired by nodename 28069@pr-hdds-1982-decom-states-fm625-96302961
2019-09-19 13:38:30,250 [pool-27-thread-1] INFO  storage.RaftStorage (RaftStorage.java:format(72)) - Storage directory /workdir/hadoop-ozone/integration-test/target/test-dir/MiniOzoneClusterImpl-39bd3618-1370-4f1c-b084-0cd74823b8da/datanode-0/data/ratis/a2569e80-ab5a-4391-997c-d67326426f22 has been successfully formatted.
2019-09-19 13:38:30,252 [pool-27-thread-1] INFO  ratis.ContainerStateMachine (ContainerStateMachine.java:loadSnapshot(230)) - group-D67326426F22: The snapshot info is null. Setting the last applied indexto:(t:0, i:~)
2019-09-19 13:38:30,253 [pool-27-thread-1] INFO  server.RaftServerConfigKeys (ConfUtils.java:logGet(43)) - raft.server.notification.no-leader.timeout = 120s (custom)
2019-09-19 13:38:30,255 [pool-27-thread-1] INFO  server.RaftServerConfigKeys (ConfUtils.java:logGet(43)) - raft.server.log.use.memory = false (default)
2019-09-19 13:38:30,260 [pool-27-thread-1] INFO  server.RaftServerConfigKeys (ConfUtils.java:logGet(43)) - raft.server.log.purge.gap = 1000000 (custom)
2019-09-19 13:38:30,260 [pool-27-thread-1] INFO  server.RaftServerConfigKeys (ConfUtils.java:logGet(43)) - raft.server.log.appender.buffer.byte-limit = 33554432 (custom)
2019-09-19 13:38:30,263 [pool-27-thread-1] INFO  server.RaftServerConfigKeys (ConfUtils.java:logGet(43)) - raft.server.log.segment.size.max = 1048576 (custom)
2019-09-19 13:38:30,267 [pool-27-thread-1] INFO  server.RaftServerConfigKeys (ConfUtils.java:logGet(43)) - raft.server.log.segment.cache.num.max = 2 (custom)
2019-09-19 13:38:30,272 [pool-27-thread-1] INFO  segmented.SegmentedRaftLogWorker (SegmentedRaftLogWorker.java:<init>(172)) - new d2cb86cd-c327-4321-a829-e2a5e72c5825@group-D67326426F22-SegmentedRaftLogWorker for RaftStorage:Storage Directory /workdir/hadoop-ozone/integration-test/target/test-dir/MiniOzoneClusterImpl-39bd3618-1370-4f1c-b084-0cd74823b8da/datanode-0/data/ratis/a2569e80-ab5a-4391-997c-d67326426f22
2019-09-19 13:38:30,274 [pool-27-thread-1] INFO  impl.MetricsSystemImpl (MetricsSystemImpl.java:init(158)) - ratis metrics system started (again)
2019-09-19 13:38:30,305 [pool-27-thread-1] INFO  server.RaftServerConfigKeys (ConfUtils.java:logGet(43)) - raft.server.log.queue.byte-limit = 2147483647 (custom)
2019-09-19 13:38:30,306 [pool-27-thread-1] INFO  server.RaftServerConfigKeys (ConfUtils.java:logGet(43)) - raft.server.log.queue.element-limit = 1024 (custom)
2019-09-19 13:38:30,309 [pool-27-thread-1] INFO  server.RaftServerConfigKeys (ConfUtils.java:logGet(43)) - raft.server.log.segment.size.max = 1048576 (custom)
2019-09-19 13:38:30,309 [pool-27-thread-1] INFO  server.RaftServerConfigKeys (ConfUtils.java:logGet(43)) - raft.server.log.preallocated.size = 16384 (custom)
2019-09-19 13:38:30,309 [pool-27-thread-1] INFO  server.RaftServerConfigKeys (ConfUtils.java:logGet(43)) - raft.server.log.write.buffer.size = 33554432 (custom)
2019-09-19 13:38:30,310 [pool-27-thread-1] INFO  server.RaftServerConfigKeys (ConfUtils.java:logGet(43)) - raft.server.log.force.sync.num = 128 (default)
2019-09-19 13:38:30,310 [pool-27-thread-1] INFO  server.RaftServerConfigKeys (ConfUtils.java:logGet(43)) - raft.server.log.statemachine.data.sync = true (default)
2019-09-19 13:38:30,311 [pool-27-thread-1] INFO  server.RaftServerConfigKeys (ConfUtils.java:logGet(43)) - raft.server.log.statemachine.data.sync.timeout = 10s (default)
2019-09-19 13:38:30,311 [pool-27-thread-1] INFO  server.RaftServerConfigKeys (ConfUtils.java:logGet(43)) - raft.server.log.statemachine.data.sync.timeout.retry = -1 (default)
2019-09-19 13:38:30,324 [pool-27-thread-1] INFO  server.RaftServerConfigKeys (ConfUtils.java:logGet(43)) - raft.server.log.statemachine.data.caching.enabled = true (custom)
2019-09-19 13:38:30,328 [pool-27-thread-1] INFO  segmented.SegmentedRaftLogWorker (SegmentedRaftLogWorker.java:lambda$new$0(132)) - d2cb86cd-c327-4321-a829-e2a5e72c5825@group-D67326426F22-SegmentedRaftLogWorker: flushIndex: setUnconditionally 0 -> -1
2019-09-19 13:38:30,332 [pool-27-thread-1] INFO  server.RaftServerConfigKeys (ConfUtils.java:logGet(43)) - raft.server.snapshot.auto.trigger.enabled = true (custom)
2019-09-19 13:38:30,333 [pool-27-thread-1] INFO  server.RaftServerConfigKeys (ConfUtils.java:logGet(43)) - raft.server.snapshot.auto.trigger.threshold = 10000 (custom)
2019-09-19 13:38:30,333 [pool-27-thread-1] INFO  server.RaftServerConfigKeys (ConfUtils.java:logGet(43)) - raft.server.snapshot.retention.num.files = 5 (custom)
2019-09-19 13:38:30,334 [pool-27-thread-1] INFO  server.RaftServerConfigKeys (ConfUtils.java:logGet(43)) - raft.server.retrycache.expirytime = 600000ms (custom)
2019-09-19 13:38:30,359 [pool-27-thread-1] INFO  impl.RaftServerImpl (RaftServerImpl.java:start(185)) - d2cb86cd-c327-4321-a829-e2a5e72c5825@group-D67326426F22: start as a follower, conf=-1: [d2cb86cd-c327-4321-a829-e2a5e72c5825:192.168.34.51:38110], old=null
2019-09-19 13:38:30,360 [pool-27-thread-1] INFO  impl.RaftServerImpl (RaftServerImpl.java:setRole(174)) - d2cb86cd-c327-4321-a829-e2a5e72c5825@group-D67326426F22: changes role from      null to FOLLOWER at term 0 for startAsFollower
2019-09-19 13:38:30,361 [pool-27-thread-1] INFO  impl.RoleInfo (RoleInfo.java:updateAndGet(143)) - d2cb86cd-c327-4321-a829-e2a5e72c5825: start FollowerState
2019-09-19 13:38:30,363 [pool-27-thread-1] INFO  util.JmxRegister (JmxRegister.java:tryRegister(44)) - Successfully registered JMX Bean with object name Ratis:service=RaftServer,group=group-D67326426F22,id=d2cb86cd-c327-4321-a829-e2a5e72c5825
2019-09-19 13:38:30,419 [RatisPipelineUtilsThread] INFO  pipeline.PipelineStateManager (PipelineStateManager.java:addPipeline(56)) - Created pipeline Pipeline[ Id: a2569e80-ab5a-4391-997c-d67326426f22, Nodes: d2cb86cd-c327-4321-a829-e2a5e72c5825{ip: 192.168.34.51, host: pr-hdds-1982-decom-states-fm625-96302961, networkLocation: /default-rack, certSerialId: null}, Type:RATIS, Factor:ONE, State:OPEN]
2019-09-19 13:38:30,443 [grpc-default-executor-0] INFO  impl.RaftServerProxy (RaftServerProxy.java:addNew(89)) - 0a5ba9de-a835-4228-8329-4edfff30d06e: addNew group-640528C61AB8:[0a5ba9de-a835-4228-8329-4edfff30d06e:192.168.34.51:45227] returns group-640528C61AB8:java.util.concurrent.CompletableFuture@5770718a[Not completed]
2019-09-19 13:38:30,481 [pool-57-thread-1] INFO  impl.RaftServerImpl (RaftServerImpl.java:<init>(95)) - 0a5ba9de-a835-4228-8329-4edfff30d06e: new RaftServerImpl for group-640528C61AB8:[0a5ba9de-a835-4228-8329-4edfff30d06e:192.168.34.51:45227] with ContainerStateMachine:uninitialized
2019-09-19 13:38:30,482 [pool-57-thread-1] INFO  server.RaftServerConfigKeys (ConfUtils.java:logGet(43)) - raft.server.rpc.timeout.min = 5s (custom)
2019-09-19 13:38:30,483 [pool-57-thread-1] INFO  server.RaftServerConfigKeys (ConfUtils.java:logGet(43)) - raft.server.rpc.timeout.max = 5200ms (custom)
2019-09-19 13:38:30,483 [pool-57-thread-1] INFO  server.RaftServerConfigKeys (ConfUtils.java:logGet(43)) - raft.server.rpcslowness.timeout = 120s (custom)
2019-09-19 13:38:30,483 [pool-57-thread-1] INFO  server.RaftServerConfigKeys (ConfUtils.java:logGet(43)) - raft.server.sleep.deviation.threshold = 300 (default)
2019-09-19 13:38:30,483 [pool-57-thread-1] INFO  server.RaftServerConfigKeys (ConfUtils.java:logGet(43)) - raft.server.log.appender.install.snapshot.enabled = false (custom)
2019-09-19 13:38:30,483 [pool-57-thread-1] INFO  impl.RaftServerImpl (ServerState.java:<init>(103)) - 0a5ba9de-a835-4228-8329-4edfff30d06e@group-640528C61AB8: ConfigurationManager, init=-1: [0a5ba9de-a835-4228-8329-4edfff30d06e:192.168.34.51:45227], old=null, confs=<EMPTY_MAP>
2019-09-19 13:38:30,483 [pool-57-thread-1] INFO  server.RaftServerConfigKeys (ConfUtils.java:logGet(43)) - raft.server.storage.dir = [/workdir/hadoop-ozone/integration-test/target/test-dir/MiniOzoneClusterImpl-39bd3618-1370-4f1c-b084-0cd74823b8da/datanode-3/data/ratis] (custom)
2019-09-19 13:38:30,484 [pool-57-thread-1] INFO  storage.RaftStorageDirectory (RaftStorageDirectory.java:analyzeStorage(246)) - The storage directory /workdir/hadoop-ozone/integration-test/target/test-dir/MiniOzoneClusterImpl-39bd3618-1370-4f1c-b084-0cd74823b8da/datanode-3/data/ratis/ba453523-0a53-42dc-bbf8-640528c61ab8 does not exist. Creating ...
2019-09-19 13:38:30,498 [pool-57-thread-1] INFO  storage.RaftStorageDirectory (RaftStorageDirectory.java:tryLock(328)) - Lock on /workdir/hadoop-ozone/integration-test/target/test-dir/MiniOzoneClusterImpl-39bd3618-1370-4f1c-b084-0cd74823b8da/datanode-3/data/ratis/ba453523-0a53-42dc-bbf8-640528c61ab8/in_use.lock acquired by nodename 28069@pr-hdds-1982-decom-states-fm625-96302961
2019-09-19 13:38:30,512 [pool-57-thread-1] INFO  storage.RaftStorage (RaftStorage.java:format(72)) - Storage directory /workdir/hadoop-ozone/integration-test/target/test-dir/MiniOzoneClusterImpl-39bd3618-1370-4f1c-b084-0cd74823b8da/datanode-3/data/ratis/ba453523-0a53-42dc-bbf8-640528c61ab8 has been successfully formatted.
2019-09-19 13:38:30,513 [pool-57-thread-1] INFO  ratis.ContainerStateMachine (ContainerStateMachine.java:loadSnapshot(230)) - group-640528C61AB8: The snapshot info is null. Setting the last applied indexto:(t:0, i:~)
2019-09-19 13:38:30,514 [pool-57-thread-1] INFO  server.RaftServerConfigKeys (ConfUtils.java:logGet(43)) - raft.server.notification.no-leader.timeout = 120s (custom)
2019-09-19 13:38:30,514 [pool-57-thread-1] INFO  server.RaftServerConfigKeys (ConfUtils.java:logGet(43)) - raft.server.log.use.memory = false (default)
2019-09-19 13:38:30,514 [pool-57-thread-1] INFO  server.RaftServerConfigKeys (ConfUtils.java:logGet(43)) - raft.server.log.purge.gap = 1000000 (custom)
2019-09-19 13:38:30,514 [pool-57-thread-1] INFO  server.RaftServerConfigKeys (ConfUtils.java:logGet(43)) - raft.server.log.appender.buffer.byte-limit = 33554432 (custom)
2019-09-19 13:38:30,515 [pool-57-thread-1] INFO  server.RaftServerConfigKeys (ConfUtils.java:logGet(43)) - raft.server.log.segment.size.max = 1048576 (custom)
2019-09-19 13:38:30,515 [pool-57-thread-1] INFO  server.RaftServerConfigKeys (ConfUtils.java:logGet(43)) - raft.server.log.segment.cache.num.max = 2 (custom)
2019-09-19 13:38:30,515 [pool-57-thread-1] INFO  segmented.SegmentedRaftLogWorker (SegmentedRaftLogWorker.java:<init>(172)) - new 0a5ba9de-a835-4228-8329-4edfff30d06e@group-640528C61AB8-SegmentedRaftLogWorker for RaftStorage:Storage Directory /workdir/hadoop-ozone/integration-test/target/test-dir/MiniOzoneClusterImpl-39bd3618-1370-4f1c-b084-0cd74823b8da/datanode-3/data/ratis/ba453523-0a53-42dc-bbf8-640528c61ab8
2019-09-19 13:38:30,520 [pool-57-thread-1] INFO  server.RaftServerConfigKeys (ConfUtils.java:logGet(43)) - raft.server.log.queue.byte-limit = 2147483647 (custom)
2019-09-19 13:38:30,520 [pool-57-thread-1] INFO  server.RaftServerConfigKeys (ConfUtils.java:logGet(43)) - raft.server.log.queue.element-limit = 1024 (custom)
2019-09-19 13:38:30,520 [pool-57-thread-1] INFO  server.RaftServerConfigKeys (ConfUtils.java:logGet(43)) - raft.server.log.segment.size.max = 1048576 (custom)
2019-09-19 13:38:30,520 [pool-57-thread-1] INFO  server.RaftServerConfigKeys (ConfUtils.java:logGet(43)) - raft.server.log.preallocated.size = 16384 (custom)
2019-09-19 13:38:30,520 [pool-57-thread-1] INFO  server.RaftServerConfigKeys (ConfUtils.java:logGet(43)) - raft.server.log.write.buffer.size = 33554432 (custom)
2019-09-19 13:38:30,520 [pool-57-thread-1] INFO  server.RaftServerConfigKeys (ConfUtils.java:logGet(43)) - raft.server.log.force.sync.num = 128 (default)
2019-09-19 13:38:30,520 [pool-57-thread-1] INFO  server.RaftServerConfigKeys (ConfUtils.java:logGet(43)) - raft.server.log.statemachine.data.sync = true (default)
2019-09-19 13:38:30,521 [pool-57-thread-1] INFO  server.RaftServerConfigKeys (ConfUtils.java:logGet(43)) - raft.server.log.statemachine.data.sync.timeout = 10s (default)
2019-09-19 13:38:30,521 [pool-57-thread-1] INFO  server.RaftServerConfigKeys (ConfUtils.java:logGet(43)) - raft.server.log.statemachine.data.sync.timeout.retry = -1 (default)
2019-09-19 13:38:30,521 [pool-57-thread-1] INFO  server.RaftServerConfigKeys (ConfUtils.java:logGet(43)) - raft.server.log.statemachine.data.caching.enabled = true (custom)
2019-09-19 13:38:30,521 [pool-57-thread-1] INFO  segmented.SegmentedRaftLogWorker (SegmentedRaftLogWorker.java:lambda$new$0(132)) - 0a5ba9de-a835-4228-8329-4edfff30d06e@group-640528C61AB8-SegmentedRaftLogWorker: flushIndex: setUnconditionally 0 -> -1
2019-09-19 13:38:30,521 [pool-57-thread-1] INFO  server.RaftServerConfigKeys (ConfUtils.java:logGet(43)) - raft.server.snapshot.auto.trigger.enabled = true (custom)
2019-09-19 13:38:30,522 [pool-57-thread-1] INFO  server.RaftServerConfigKeys (ConfUtils.java:logGet(43)) - raft.server.snapshot.auto.trigger.threshold = 10000 (custom)
2019-09-19 13:38:30,522 [pool-57-thread-1] INFO  server.RaftServerConfigKeys (ConfUtils.java:logGet(43)) - raft.server.snapshot.retention.num.files = 5 (custom)
2019-09-19 13:38:30,522 [pool-57-thread-1] INFO  server.RaftServerConfigKeys (ConfUtils.java:logGet(43)) - raft.server.retrycache.expirytime = 600000ms (custom)
2019-09-19 13:38:30,525 [pool-57-thread-1] INFO  impl.RaftServerImpl (RaftServerImpl.java:start(185)) - 0a5ba9de-a835-4228-8329-4edfff30d06e@group-640528C61AB8: start as a follower, conf=-1: [0a5ba9de-a835-4228-8329-4edfff30d06e:192.168.34.51:45227], old=null
2019-09-19 13:38:30,526 [pool-57-thread-1] INFO  impl.RaftServerImpl (RaftServerImpl.java:setRole(174)) - 0a5ba9de-a835-4228-8329-4edfff30d06e@group-640528C61AB8: changes role from      null to FOLLOWER at term 0 for startAsFollower
2019-09-19 13:38:30,526 [pool-57-thread-1] INFO  impl.RoleInfo (RoleInfo.java:updateAndGet(143)) - 0a5ba9de-a835-4228-8329-4edfff30d06e: start FollowerState
2019-09-19 13:38:30,527 [pool-57-thread-1] INFO  util.JmxRegister (JmxRegister.java:tryRegister(44)) - Successfully registered JMX Bean with object name Ratis:service=RaftServer,group=group-640528C61AB8,id=0a5ba9de-a835-4228-8329-4edfff30d06e
2019-09-19 13:38:30,545 [RatisPipelineUtilsThread] INFO  pipeline.PipelineStateManager (PipelineStateManager.java:addPipeline(56)) - Created pipeline Pipeline[ Id: ba453523-0a53-42dc-bbf8-640528c61ab8, Nodes: 0a5ba9de-a835-4228-8329-4edfff30d06e{ip: 192.168.34.51, host: pr-hdds-1982-decom-states-fm625-96302961, networkLocation: /default-rack, certSerialId: null}, Type:RATIS, Factor:ONE, State:OPEN]
2019-09-19 13:38:30,575 [grpc-default-executor-0] INFO  impl.RaftServerProxy (RaftServerProxy.java:addNew(89)) - f542701f-6f5b-424f-8f38-b614db00c364: addNew group-BB3323042586:[f542701f-6f5b-424f-8f38-b614db00c364:192.168.34.51:34792] returns group-BB3323042586:java.util.concurrent.CompletableFuture@43700774[Not completed]
2019-09-19 13:38:30,605 [pool-47-thread-1] INFO  impl.RaftServerImpl (RaftServerImpl.java:<init>(95)) - f542701f-6f5b-424f-8f38-b614db00c364: new RaftServerImpl for group-BB3323042586:[f542701f-6f5b-424f-8f38-b614db00c364:192.168.34.51:34792] with ContainerStateMachine:uninitialized
2019-09-19 13:38:30,605 [pool-47-thread-1] INFO  server.RaftServerConfigKeys (ConfUtils.java:logGet(43)) - raft.server.rpc.timeout.min = 5s (custom)
2019-09-19 13:38:30,606 [pool-47-thread-1] INFO  server.RaftServerConfigKeys (ConfUtils.java:logGet(43)) - raft.server.rpc.timeout.max = 5200ms (custom)
2019-09-19 13:38:30,606 [pool-47-thread-1] INFO  server.RaftServerConfigKeys (ConfUtils.java:logGet(43)) - raft.server.rpcslowness.timeout = 120s (custom)
2019-09-19 13:38:30,606 [pool-47-thread-1] INFO  server.RaftServerConfigKeys (ConfUtils.java:logGet(43)) - raft.server.sleep.deviation.threshold = 300 (default)
2019-09-19 13:38:30,606 [pool-47-thread-1] INFO  server.RaftServerConfigKeys (ConfUtils.java:logGet(43)) - raft.server.log.appender.install.snapshot.enabled = false (custom)
2019-09-19 13:38:30,606 [pool-47-thread-1] INFO  impl.RaftServerImpl (ServerState.java:<init>(103)) - f542701f-6f5b-424f-8f38-b614db00c364@group-BB3323042586: ConfigurationManager, init=-1: [f542701f-6f5b-424f-8f38-b614db00c364:192.168.34.51:34792], old=null, confs=<EMPTY_MAP>
2019-09-19 13:38:30,606 [pool-47-thread-1] INFO  server.RaftServerConfigKeys (ConfUtils.java:logGet(43)) - raft.server.storage.dir = [/workdir/hadoop-ozone/integration-test/target/test-dir/MiniOzoneClusterImpl-39bd3618-1370-4f1c-b084-0cd74823b8da/datanode-2/data/ratis] (custom)
2019-09-19 13:38:30,607 [pool-47-thread-1] INFO  storage.RaftStorageDirectory (RaftStorageDirectory.java:analyzeStorage(246)) - The storage directory /workdir/hadoop-ozone/integration-test/target/test-dir/MiniOzoneClusterImpl-39bd3618-1370-4f1c-b084-0cd74823b8da/datanode-2/data/ratis/c868f0c5-ab4c-4dd8-8158-bb3323042586 does not exist. Creating ...
2019-09-19 13:38:30,620 [pool-47-thread-1] INFO  storage.RaftStorageDirectory (RaftStorageDirectory.java:tryLock(328)) - Lock on /workdir/hadoop-ozone/integration-test/target/test-dir/MiniOzoneClusterImpl-39bd3618-1370-4f1c-b084-0cd74823b8da/datanode-2/data/ratis/c868f0c5-ab4c-4dd8-8158-bb3323042586/in_use.lock acquired by nodename 28069@pr-hdds-1982-decom-states-fm625-96302961
2019-09-19 13:38:30,634 [pool-47-thread-1] INFO  storage.RaftStorage (RaftStorage.java:format(72)) - Storage directory /workdir/hadoop-ozone/integration-test/target/test-dir/MiniOzoneClusterImpl-39bd3618-1370-4f1c-b084-0cd74823b8da/datanode-2/data/ratis/c868f0c5-ab4c-4dd8-8158-bb3323042586 has been successfully formatted.
2019-09-19 13:38:30,634 [pool-47-thread-1] INFO  ratis.ContainerStateMachine (ContainerStateMachine.java:loadSnapshot(230)) - group-BB3323042586: The snapshot info is null. Setting the last applied indexto:(t:0, i:~)
2019-09-19 13:38:30,634 [pool-47-thread-1] INFO  server.RaftServerConfigKeys (ConfUtils.java:logGet(43)) - raft.server.notification.no-leader.timeout = 120s (custom)
2019-09-19 13:38:30,634 [pool-47-thread-1] INFO  server.RaftServerConfigKeys (ConfUtils.java:logGet(43)) - raft.server.log.use.memory = false (default)
2019-09-19 13:38:30,634 [pool-47-thread-1] INFO  server.RaftServerConfigKeys (ConfUtils.java:logGet(43)) - raft.server.log.purge.gap = 1000000 (custom)
2019-09-19 13:38:30,634 [pool-47-thread-1] INFO  server.RaftServerConfigKeys (ConfUtils.java:logGet(43)) - raft.server.log.appender.buffer.byte-limit = 33554432 (custom)
2019-09-19 13:38:30,635 [pool-47-thread-1] INFO  server.RaftServerConfigKeys (ConfUtils.java:logGet(43)) - raft.server.log.segment.size.max = 1048576 (custom)
2019-09-19 13:38:30,635 [pool-47-thread-1] INFO  server.RaftServerConfigKeys (ConfUtils.java:logGet(43)) - raft.server.log.segment.cache.num.max = 2 (custom)
2019-09-19 13:38:30,635 [pool-47-thread-1] INFO  segmented.SegmentedRaftLogWorker (SegmentedRaftLogWorker.java:<init>(172)) - new f542701f-6f5b-424f-8f38-b614db00c364@group-BB3323042586-SegmentedRaftLogWorker for RaftStorage:Storage Directory /workdir/hadoop-ozone/integration-test/target/test-dir/MiniOzoneClusterImpl-39bd3618-1370-4f1c-b084-0cd74823b8da/datanode-2/data/ratis/c868f0c5-ab4c-4dd8-8158-bb3323042586
2019-09-19 13:38:30,663 [pool-47-thread-1] INFO  server.RaftServerConfigKeys (ConfUtils.java:logGet(43)) - raft.server.log.queue.byte-limit = 2147483647 (custom)
2019-09-19 13:38:30,664 [pool-47-thread-1] INFO  server.RaftServerConfigKeys (ConfUtils.java:logGet(43)) - raft.server.log.queue.element-limit = 1024 (custom)
2019-09-19 13:38:30,664 [pool-47-thread-1] INFO  server.RaftServerConfigKeys (ConfUtils.java:logGet(43)) - raft.server.log.segment.size.max = 1048576 (custom)
2019-09-19 13:38:30,664 [pool-47-thread-1] INFO  server.RaftServerConfigKeys (ConfUtils.java:logGet(43)) - raft.server.log.preallocated.size = 16384 (custom)
2019-09-19 13:38:30,664 [pool-47-thread-1] INFO  server.RaftServerConfigKeys (ConfUtils.java:logGet(43)) - raft.server.log.write.buffer.size = 33554432 (custom)
2019-09-19 13:38:30,664 [pool-47-thread-1] INFO  server.RaftServerConfigKeys (ConfUtils.java:logGet(43)) - raft.server.log.force.sync.num = 128 (default)
2019-09-19 13:38:30,664 [pool-47-thread-1] INFO  server.RaftServerConfigKeys (ConfUtils.java:logGet(43)) - raft.server.log.statemachine.data.sync = true (default)
2019-09-19 13:38:30,664 [pool-47-thread-1] INFO  server.RaftServerConfigKeys (ConfUtils.java:logGet(43)) - raft.server.log.statemachine.data.sync.timeout = 10s (default)
2019-09-19 13:38:30,664 [pool-47-thread-1] INFO  server.RaftServerConfigKeys (ConfUtils.java:logGet(43)) - raft.server.log.statemachine.data.sync.timeout.retry = -1 (default)
2019-09-19 13:38:30,665 [pool-47-thread-1] INFO  server.RaftServerConfigKeys (ConfUtils.java:logGet(43)) - raft.server.log.statemachine.data.caching.enabled = true (custom)
2019-09-19 13:38:30,665 [pool-47-thread-1] INFO  segmented.SegmentedRaftLogWorker (SegmentedRaftLogWorker.java:lambda$new$0(132)) - f542701f-6f5b-424f-8f38-b614db00c364@group-BB3323042586-SegmentedRaftLogWorker: flushIndex: setUnconditionally 0 -> -1
2019-09-19 13:38:30,665 [pool-47-thread-1] INFO  server.RaftServerConfigKeys (ConfUtils.java:logGet(43)) - raft.server.snapshot.auto.trigger.enabled = true (custom)
2019-09-19 13:38:30,665 [pool-47-thread-1] INFO  server.RaftServerConfigKeys (ConfUtils.java:logGet(43)) - raft.server.snapshot.auto.trigger.threshold = 10000 (custom)
2019-09-19 13:38:30,665 [pool-47-thread-1] INFO  server.RaftServerConfigKeys (ConfUtils.java:logGet(43)) - raft.server.snapshot.retention.num.files = 5 (custom)
2019-09-19 13:38:30,666 [pool-47-thread-1] INFO  server.RaftServerConfigKeys (ConfUtils.java:logGet(43)) - raft.server.retrycache.expirytime = 600000ms (custom)
2019-09-19 13:38:30,669 [pool-47-thread-1] INFO  impl.RaftServerImpl (RaftServerImpl.java:start(185)) - f542701f-6f5b-424f-8f38-b614db00c364@group-BB3323042586: start as a follower, conf=-1: [f542701f-6f5b-424f-8f38-b614db00c364:192.168.34.51:34792], old=null
2019-09-19 13:38:30,669 [pool-47-thread-1] INFO  impl.RaftServerImpl (RaftServerImpl.java:setRole(174)) - f542701f-6f5b-424f-8f38-b614db00c364@group-BB3323042586: changes role from      null to FOLLOWER at term 0 for startAsFollower
2019-09-19 13:38:30,670 [pool-47-thread-1] INFO  impl.RoleInfo (RoleInfo.java:updateAndGet(143)) - f542701f-6f5b-424f-8f38-b614db00c364: start FollowerState
2019-09-19 13:38:30,670 [pool-47-thread-1] INFO  util.JmxRegister (JmxRegister.java:tryRegister(44)) - Successfully registered JMX Bean with object name Ratis:service=RaftServer,group=group-BB3323042586,id=f542701f-6f5b-424f-8f38-b614db00c364
2019-09-19 13:38:30,683 [RatisPipelineUtilsThread] INFO  pipeline.PipelineStateManager (PipelineStateManager.java:addPipeline(56)) - Created pipeline Pipeline[ Id: c868f0c5-ab4c-4dd8-8158-bb3323042586, Nodes: f542701f-6f5b-424f-8f38-b614db00c364{ip: 192.168.34.51, host: pr-hdds-1982-decom-states-fm625-96302961, networkLocation: /default-rack, certSerialId: null}, Type:RATIS, Factor:ONE, State:OPEN]
2019-09-19 13:38:30,706 [grpc-default-executor-0] INFO  impl.RaftServerProxy (RaftServerProxy.java:addNew(89)) - b9e72fea-be24-4f60-85ed-f574905bb0be: addNew group-3A0F93EB3624:[b9e72fea-be24-4f60-85ed-f574905bb0be:192.168.34.51:41445] returns group-3A0F93EB3624:java.util.concurrent.CompletableFuture@7bbb01d0[Not completed]
2019-09-19 13:38:30,712 [pool-87-thread-1] INFO  impl.RaftServerImpl (RaftServerImpl.java:<init>(95)) - b9e72fea-be24-4f60-85ed-f574905bb0be: new RaftServerImpl for group-3A0F93EB3624:[b9e72fea-be24-4f60-85ed-f574905bb0be:192.168.34.51:41445] with ContainerStateMachine:uninitialized
2019-09-19 13:38:30,713 [pool-87-thread-1] INFO  server.RaftServerConfigKeys (ConfUtils.java:logGet(43)) - raft.server.rpc.timeout.min = 5s (custom)
2019-09-19 13:38:30,713 [pool-87-thread-1] INFO  server.RaftServerConfigKeys (ConfUtils.java:logGet(43)) - raft.server.rpc.timeout.max = 5200ms (custom)
2019-09-19 13:38:30,713 [pool-87-thread-1] INFO  server.RaftServerConfigKeys (ConfUtils.java:logGet(43)) - raft.server.rpcslowness.timeout = 120s (custom)
2019-09-19 13:38:30,713 [pool-87-thread-1] INFO  server.RaftServerConfigKeys (ConfUtils.java:logGet(43)) - raft.server.sleep.deviation.threshold = 300 (default)
2019-09-19 13:38:30,714 [pool-87-thread-1] INFO  server.RaftServerConfigKeys (ConfUtils.java:logGet(43)) - raft.server.log.appender.install.snapshot.enabled = false (custom)
2019-09-19 13:38:30,714 [pool-87-thread-1] INFO  impl.RaftServerImpl (ServerState.java:<init>(103)) - b9e72fea-be24-4f60-85ed-f574905bb0be@group-3A0F93EB3624: ConfigurationManager, init=-1: [b9e72fea-be24-4f60-85ed-f574905bb0be:192.168.34.51:41445], old=null, confs=<EMPTY_MAP>
2019-09-19 13:38:30,714 [pool-87-thread-1] INFO  server.RaftServerConfigKeys (ConfUtils.java:logGet(43)) - raft.server.storage.dir = [/workdir/hadoop-ozone/integration-test/target/test-dir/MiniOzoneClusterImpl-39bd3618-1370-4f1c-b084-0cd74823b8da/datanode-6/data/ratis] (custom)
2019-09-19 13:38:30,717 [pool-87-thread-1] INFO  storage.RaftStorageDirectory (RaftStorageDirectory.java:analyzeStorage(246)) - The storage directory /workdir/hadoop-ozone/integration-test/target/test-dir/MiniOzoneClusterImpl-39bd3618-1370-4f1c-b084-0cd74823b8da/datanode-6/data/ratis/3246408f-6832-4b4a-b220-3a0f93eb3624 does not exist. Creating ...
2019-09-19 13:38:30,728 [main] INFO  rpc.RpcClient (RpcClient.java:createVolume(302)) - Creating Volume: watchforcommithandlingtest, with jenkins1000 as owner.
2019-09-19 13:38:30,734 [pool-87-thread-1] INFO  storage.RaftStorageDirectory (RaftStorageDirectory.java:tryLock(328)) - Lock on /workdir/hadoop-ozone/integration-test/target/test-dir/MiniOzoneClusterImpl-39bd3618-1370-4f1c-b084-0cd74823b8da/datanode-6/data/ratis/3246408f-6832-4b4a-b220-3a0f93eb3624/in_use.lock acquired by nodename 28069@pr-hdds-1982-decom-states-fm625-96302961
2019-09-19 13:38:30,748 [pool-87-thread-1] INFO  storage.RaftStorage (RaftStorage.java:format(72)) - Storage directory /workdir/hadoop-ozone/integration-test/target/test-dir/MiniOzoneClusterImpl-39bd3618-1370-4f1c-b084-0cd74823b8da/datanode-6/data/ratis/3246408f-6832-4b4a-b220-3a0f93eb3624 has been successfully formatted.
2019-09-19 13:38:30,749 [pool-87-thread-1] INFO  ratis.ContainerStateMachine (ContainerStateMachine.java:loadSnapshot(230)) - group-3A0F93EB3624: The snapshot info is null. Setting the last applied indexto:(t:0, i:~)
2019-09-19 13:38:30,749 [pool-87-thread-1] INFO  server.RaftServerConfigKeys (ConfUtils.java:logGet(43)) - raft.server.notification.no-leader.timeout = 120s (custom)
2019-09-19 13:38:30,749 [pool-87-thread-1] INFO  server.RaftServerConfigKeys (ConfUtils.java:logGet(43)) - raft.server.log.use.memory = false (default)
2019-09-19 13:38:30,749 [pool-87-thread-1] INFO  server.RaftServerConfigKeys (ConfUtils.java:logGet(43)) - raft.server.log.purge.gap = 1000000 (custom)
2019-09-19 13:38:30,749 [pool-87-thread-1] INFO  server.RaftServerConfigKeys (ConfUtils.java:logGet(43)) - raft.server.log.appender.buffer.byte-limit = 33554432 (custom)
2019-09-19 13:38:30,750 [pool-87-thread-1] INFO  server.RaftServerConfigKeys (ConfUtils.java:logGet(43)) - raft.server.log.segment.size.max = 1048576 (custom)
2019-09-19 13:38:30,750 [pool-87-thread-1] INFO  server.RaftServerConfigKeys (ConfUtils.java:logGet(43)) - raft.server.log.segment.cache.num.max = 2 (custom)
2019-09-19 13:38:30,750 [pool-87-thread-1] INFO  segmented.SegmentedRaftLogWorker (SegmentedRaftLogWorker.java:<init>(172)) - new b9e72fea-be24-4f60-85ed-f574905bb0be@group-3A0F93EB3624-SegmentedRaftLogWorker for RaftStorage:Storage Directory /workdir/hadoop-ozone/integration-test/target/test-dir/MiniOzoneClusterImpl-39bd3618-1370-4f1c-b084-0cd74823b8da/datanode-6/data/ratis/3246408f-6832-4b4a-b220-3a0f93eb3624
2019-09-19 13:38:30,756 [pool-87-thread-1] INFO  server.RaftServerConfigKeys (ConfUtils.java:logGet(43)) - raft.server.log.queue.byte-limit = 2147483647 (custom)
2019-09-19 13:38:30,756 [pool-87-thread-1] INFO  server.RaftServerConfigKeys (ConfUtils.java:logGet(43)) - raft.server.log.queue.element-limit = 1024 (custom)
2019-09-19 13:38:30,756 [pool-87-thread-1] INFO  server.RaftServerConfigKeys (ConfUtils.java:logGet(43)) - raft.server.log.segment.size.max = 1048576 (custom)
2019-09-19 13:38:30,756 [pool-87-thread-1] INFO  server.RaftServerConfigKeys (ConfUtils.java:logGet(43)) - raft.server.log.preallocated.size = 16384 (custom)
2019-09-19 13:38:30,756 [pool-87-thread-1] INFO  server.RaftServerConfigKeys (ConfUtils.java:logGet(43)) - raft.server.log.write.buffer.size = 33554432 (custom)
2019-09-19 13:38:30,757 [pool-87-thread-1] INFO  server.RaftServerConfigKeys (ConfUtils.java:logGet(43)) - raft.server.log.force.sync.num = 128 (default)
2019-09-19 13:38:30,757 [pool-87-thread-1] INFO  server.RaftServerConfigKeys (ConfUtils.java:logGet(43)) - raft.server.log.statemachine.data.sync = true (default)
2019-09-19 13:38:30,757 [pool-87-thread-1] INFO  server.RaftServerConfigKeys (ConfUtils.java:logGet(43)) - raft.server.log.statemachine.data.sync.timeout = 10s (default)
2019-09-19 13:38:30,757 [pool-87-thread-1] INFO  server.RaftServerConfigKeys (ConfUtils.java:logGet(43)) - raft.server.log.statemachine.data.sync.timeout.retry = -1 (default)
2019-09-19 13:38:30,757 [pool-87-thread-1] INFO  server.RaftServerConfigKeys (ConfUtils.java:logGet(43)) - raft.server.log.statemachine.data.caching.enabled = true (custom)
2019-09-19 13:38:30,758 [pool-87-thread-1] INFO  segmented.SegmentedRaftLogWorker (SegmentedRaftLogWorker.java:lambda$new$0(132)) - b9e72fea-be24-4f60-85ed-f574905bb0be@group-3A0F93EB3624-SegmentedRaftLogWorker: flushIndex: setUnconditionally 0 -> -1
2019-09-19 13:38:30,758 [pool-87-thread-1] INFO  server.RaftServerConfigKeys (ConfUtils.java:logGet(43)) - raft.server.snapshot.auto.trigger.enabled = true (custom)
2019-09-19 13:38:30,758 [pool-87-thread-1] INFO  server.RaftServerConfigKeys (ConfUtils.java:logGet(43)) - raft.server.snapshot.auto.trigger.threshold = 10000 (custom)
2019-09-19 13:38:30,758 [pool-87-thread-1] INFO  server.RaftServerConfigKeys (ConfUtils.java:logGet(43)) - raft.server.snapshot.retention.num.files = 5 (custom)
2019-09-19 13:38:30,759 [pool-87-thread-1] INFO  server.RaftServerConfigKeys (ConfUtils.java:logGet(43)) - raft.server.retrycache.expirytime = 600000ms (custom)
2019-09-19 13:38:30,763 [pool-87-thread-1] INFO  impl.RaftServerImpl (RaftServerImpl.java:start(185)) - b9e72fea-be24-4f60-85ed-f574905bb0be@group-3A0F93EB3624: start as a follower, conf=-1: [b9e72fea-be24-4f60-85ed-f574905bb0be:192.168.34.51:41445], old=null
2019-09-19 13:38:30,764 [pool-87-thread-1] INFO  impl.RaftServerImpl (RaftServerImpl.java:setRole(174)) - b9e72fea-be24-4f60-85ed-f574905bb0be@group-3A0F93EB3624: changes role from      null to FOLLOWER at term 0 for startAsFollower
2019-09-19 13:38:30,764 [pool-87-thread-1] INFO  impl.RoleInfo (RoleInfo.java:updateAndGet(143)) - b9e72fea-be24-4f60-85ed-f574905bb0be: start FollowerState
2019-09-19 13:38:30,764 [pool-87-thread-1] INFO  util.JmxRegister (JmxRegister.java:tryRegister(44)) - Successfully registered JMX Bean with object name Ratis:service=RaftServer,group=group-3A0F93EB3624,id=b9e72fea-be24-4f60-85ed-f574905bb0be
2019-09-19 13:38:30,775 [RatisPipelineUtilsThread] INFO  pipeline.PipelineStateManager (PipelineStateManager.java:addPipeline(56)) - Created pipeline Pipeline[ Id: 3246408f-6832-4b4a-b220-3a0f93eb3624, Nodes: b9e72fea-be24-4f60-85ed-f574905bb0be{ip: 192.168.34.51, host: pr-hdds-1982-decom-states-fm625-96302961, networkLocation: /default-rack, certSerialId: null}, Type:RATIS, Factor:ONE, State:OPEN]
2019-09-19 13:38:30,796 [grpc-default-executor-0] INFO  impl.RaftServerProxy (RaftServerProxy.java:addNew(89)) - a95c1d0c-bcc6-4baf-9ab7-6dcfd9f7324a: addNew group-E94FD20F790B:[a95c1d0c-bcc6-4baf-9ab7-6dcfd9f7324a:192.168.34.51:41760] returns group-E94FD20F790B:java.util.concurrent.CompletableFuture@5c801723[Not completed]
2019-09-19 13:38:30,798 [pool-37-thread-1] INFO  impl.RaftServerImpl (RaftServerImpl.java:<init>(95)) - a95c1d0c-bcc6-4baf-9ab7-6dcfd9f7324a: new RaftServerImpl for group-E94FD20F790B:[a95c1d0c-bcc6-4baf-9ab7-6dcfd9f7324a:192.168.34.51:41760] with ContainerStateMachine:uninitialized
2019-09-19 13:38:30,799 [pool-37-thread-1] INFO  server.RaftServerConfigKeys (ConfUtils.java:logGet(43)) - raft.server.rpc.timeout.min = 5s (custom)
2019-09-19 13:38:30,799 [pool-37-thread-1] INFO  server.RaftServerConfigKeys (ConfUtils.java:logGet(43)) - raft.server.rpc.timeout.max = 5200ms (custom)
2019-09-19 13:38:30,799 [pool-37-thread-1] INFO  server.RaftServerConfigKeys (ConfUtils.java:logGet(43)) - raft.server.rpcslowness.timeout = 120s (custom)
2019-09-19 13:38:30,799 [pool-37-thread-1] INFO  server.RaftServerConfigKeys (ConfUtils.java:logGet(43)) - raft.server.sleep.deviation.threshold = 300 (default)
2019-09-19 13:38:30,799 [pool-37-thread-1] INFO  server.RaftServerConfigKeys (ConfUtils.java:logGet(43)) - raft.server.log.appender.install.snapshot.enabled = false (custom)
2019-09-19 13:38:30,799 [pool-37-thread-1] INFO  impl.RaftServerImpl (ServerState.java:<init>(103)) - a95c1d0c-bcc6-4baf-9ab7-6dcfd9f7324a@group-E94FD20F790B: ConfigurationManager, init=-1: [a95c1d0c-bcc6-4baf-9ab7-6dcfd9f7324a:192.168.34.51:41760], old=null, confs=<EMPTY_MAP>
2019-09-19 13:38:30,799 [pool-37-thread-1] INFO  server.RaftServerConfigKeys (ConfUtils.java:logGet(43)) - raft.server.storage.dir = [/workdir/hadoop-ozone/integration-test/target/test-dir/MiniOzoneClusterImpl-39bd3618-1370-4f1c-b084-0cd74823b8da/datanode-1/data/ratis] (custom)
2019-09-19 13:38:30,800 [pool-37-thread-1] INFO  storage.RaftStorageDirectory (RaftStorageDirectory.java:analyzeStorage(246)) - The storage directory /workdir/hadoop-ozone/integration-test/target/test-dir/MiniOzoneClusterImpl-39bd3618-1370-4f1c-b084-0cd74823b8da/datanode-1/data/ratis/05b6aa50-6377-45b7-bfba-e94fd20f790b does not exist. Creating ...
2019-09-19 13:38:30,813 [pool-37-thread-1] INFO  storage.RaftStorageDirectory (RaftStorageDirectory.java:tryLock(328)) - Lock on /workdir/hadoop-ozone/integration-test/target/test-dir/MiniOzoneClusterImpl-39bd3618-1370-4f1c-b084-0cd74823b8da/datanode-1/data/ratis/05b6aa50-6377-45b7-bfba-e94fd20f790b/in_use.lock acquired by nodename 28069@pr-hdds-1982-decom-states-fm625-96302961
2019-09-19 13:38:30,826 [pool-37-thread-1] INFO  storage.RaftStorage (RaftStorage.java:format(72)) - Storage directory /workdir/hadoop-ozone/integration-test/target/test-dir/MiniOzoneClusterImpl-39bd3618-1370-4f1c-b084-0cd74823b8da/datanode-1/data/ratis/05b6aa50-6377-45b7-bfba-e94fd20f790b has been successfully formatted.
2019-09-19 13:38:30,826 [pool-37-thread-1] INFO  ratis.ContainerStateMachine (ContainerStateMachine.java:loadSnapshot(230)) - group-E94FD20F790B: The snapshot info is null. Setting the last applied indexto:(t:0, i:~)
2019-09-19 13:38:30,827 [pool-37-thread-1] INFO  server.RaftServerConfigKeys (ConfUtils.java:logGet(43)) - raft.server.notification.no-leader.timeout = 120s (custom)
2019-09-19 13:38:30,827 [pool-37-thread-1] INFO  server.RaftServerConfigKeys (ConfUtils.java:logGet(43)) - raft.server.log.use.memory = false (default)
2019-09-19 13:38:30,827 [pool-37-thread-1] INFO  server.RaftServerConfigKeys (ConfUtils.java:logGet(43)) - raft.server.log.purge.gap = 1000000 (custom)
2019-09-19 13:38:30,827 [pool-37-thread-1] INFO  server.RaftServerConfigKeys (ConfUtils.java:logGet(43)) - raft.server.log.appender.buffer.byte-limit = 33554432 (custom)
2019-09-19 13:38:30,827 [pool-37-thread-1] INFO  server.RaftServerConfigKeys (ConfUtils.java:logGet(43)) - raft.server.log.segment.size.max = 1048576 (custom)
2019-09-19 13:38:30,827 [pool-37-thread-1] INFO  server.RaftServerConfigKeys (ConfUtils.java:logGet(43)) - raft.server.log.segment.cache.num.max = 2 (custom)
2019-09-19 13:38:30,827 [pool-37-thread-1] INFO  segmented.SegmentedRaftLogWorker (SegmentedRaftLogWorker.java:<init>(172)) - new a95c1d0c-bcc6-4baf-9ab7-6dcfd9f7324a@group-E94FD20F790B-SegmentedRaftLogWorker for RaftStorage:Storage Directory /workdir/hadoop-ozone/integration-test/target/test-dir/MiniOzoneClusterImpl-39bd3618-1370-4f1c-b084-0cd74823b8da/datanode-1/data/ratis/05b6aa50-6377-45b7-bfba-e94fd20f790b
2019-09-19 13:38:30,830 [pool-37-thread-1] INFO  server.RaftServerConfigKeys (ConfUtils.java:logGet(43)) - raft.server.log.queue.byte-limit = 2147483647 (custom)
2019-09-19 13:38:30,831 [pool-37-thread-1] INFO  server.RaftServerConfigKeys (ConfUtils.java:logGet(43)) - raft.server.log.queue.element-limit = 1024 (custom)
2019-09-19 13:38:30,831 [pool-37-thread-1] INFO  server.RaftServerConfigKeys (ConfUtils.java:logGet(43)) - raft.server.log.segment.size.max = 1048576 (custom)
2019-09-19 13:38:30,831 [pool-37-thread-1] INFO  server.RaftServerConfigKeys (ConfUtils.java:logGet(43)) - raft.server.log.preallocated.size = 16384 (custom)
2019-09-19 13:38:30,831 [pool-37-thread-1] INFO  server.RaftServerConfigKeys (ConfUtils.java:logGet(43)) - raft.server.log.write.buffer.size = 33554432 (custom)
2019-09-19 13:38:30,831 [pool-37-thread-1] INFO  server.RaftServerConfigKeys (ConfUtils.java:logGet(43)) - raft.server.log.force.sync.num = 128 (default)
2019-09-19 13:38:30,831 [pool-37-thread-1] INFO  server.RaftServerConfigKeys (ConfUtils.java:logGet(43)) - raft.server.log.statemachine.data.sync = true (default)
2019-09-19 13:38:30,831 [pool-37-thread-1] INFO  server.RaftServerConfigKeys (ConfUtils.java:logGet(43)) - raft.server.log.statemachine.data.sync.timeout = 10s (default)
2019-09-19 13:38:30,831 [pool-37-thread-1] INFO  server.RaftServerConfigKeys (ConfUtils.java:logGet(43)) - raft.server.log.statemachine.data.sync.timeout.retry = -1 (default)
2019-09-19 13:38:30,832 [pool-37-thread-1] INFO  server.RaftServerConfigKeys (ConfUtils.java:logGet(43)) - raft.server.log.statemachine.data.caching.enabled = true (custom)
2019-09-19 13:38:30,832 [pool-37-thread-1] INFO  segmented.SegmentedRaftLogWorker (SegmentedRaftLogWorker.java:lambda$new$0(132)) - a95c1d0c-bcc6-4baf-9ab7-6dcfd9f7324a@group-E94FD20F790B-SegmentedRaftLogWorker: flushIndex: setUnconditionally 0 -> -1
2019-09-19 13:38:30,832 [pool-37-thread-1] INFO  server.RaftServerConfigKeys (ConfUtils.java:logGet(43)) - raft.server.snapshot.auto.trigger.enabled = true (custom)
2019-09-19 13:38:30,832 [pool-37-thread-1] INFO  server.RaftServerConfigKeys (ConfUtils.java:logGet(43)) - raft.server.snapshot.auto.trigger.threshold = 10000 (custom)
2019-09-19 13:38:30,833 [pool-37-thread-1] INFO  server.RaftServerConfigKeys (ConfUtils.java:logGet(43)) - raft.server.snapshot.retention.num.files = 5 (custom)
2019-09-19 13:38:30,833 [pool-37-thread-1] INFO  server.RaftServerConfigKeys (ConfUtils.java:logGet(43)) - raft.server.retrycache.expirytime = 600000ms (custom)
2019-09-19 13:38:30,836 [pool-37-thread-1] INFO  impl.RaftServerImpl (RaftServerImpl.java:start(185)) - a95c1d0c-bcc6-4baf-9ab7-6dcfd9f7324a@group-E94FD20F790B: start as a follower, conf=-1: [a95c1d0c-bcc6-4baf-9ab7-6dcfd9f7324a:192.168.34.51:41760], old=null
2019-09-19 13:38:30,836 [pool-37-thread-1] INFO  impl.RaftServerImpl (RaftServerImpl.java:setRole(174)) - a95c1d0c-bcc6-4baf-9ab7-6dcfd9f7324a@group-E94FD20F790B: changes role from      null to FOLLOWER at term 0 for startAsFollower
2019-09-19 13:38:30,836 [pool-37-thread-1] INFO  impl.RoleInfo (RoleInfo.java:updateAndGet(143)) - a95c1d0c-bcc6-4baf-9ab7-6dcfd9f7324a: start FollowerState
2019-09-19 13:38:30,837 [pool-37-thread-1] INFO  util.JmxRegister (JmxRegister.java:tryRegister(44)) - Successfully registered JMX Bean with object name Ratis:service=RaftServer,group=group-E94FD20F790B,id=a95c1d0c-bcc6-4baf-9ab7-6dcfd9f7324a
2019-09-19 13:38:30,851 [RatisPipelineUtilsThread] INFO  pipeline.PipelineStateManager (PipelineStateManager.java:addPipeline(56)) - Created pipeline Pipeline[ Id: 05b6aa50-6377-45b7-bfba-e94fd20f790b, Nodes: a95c1d0c-bcc6-4baf-9ab7-6dcfd9f7324a{ip: 192.168.34.51, host: pr-hdds-1982-decom-states-fm625-96302961, networkLocation: /default-rack, certSerialId: null}, Type:RATIS, Factor:ONE, State:OPEN]
2019-09-19 13:38:30,854 [IPC Server handler 0 on 46306] INFO  volume.OMVolumeCreateRequest (OMVolumeCreateRequest.java:validateAndUpdateCache(189)) - created volume:watchforcommithandlingtest for user:jenkins1000
2019-09-19 13:38:30,877 [grpc-default-executor-0] INFO  impl.RaftServerProxy (RaftServerProxy.java:addNew(89)) - 3b165c55-2cc0-4307-8cae-6e98b5c91765: addNew group-319DE05F3F8C:[3b165c55-2cc0-4307-8cae-6e98b5c91765:192.168.34.51:41140] returns group-319DE05F3F8C:java.util.concurrent.CompletableFuture@4e3c5f97[Not completed]
2019-09-19 13:38:30,883 [pool-77-thread-1] INFO  impl.RaftServerImpl (RaftServerImpl.java:<init>(95)) - 3b165c55-2cc0-4307-8cae-6e98b5c91765: new RaftServerImpl for group-319DE05F3F8C:[3b165c55-2cc0-4307-8cae-6e98b5c91765:192.168.34.51:41140] with ContainerStateMachine:uninitialized
2019-09-19 13:38:30,885 [pool-77-thread-1] INFO  server.RaftServerConfigKeys (ConfUtils.java:logGet(43)) - raft.server.rpc.timeout.min = 5s (custom)
2019-09-19 13:38:30,885 [pool-77-thread-1] INFO  server.RaftServerConfigKeys (ConfUtils.java:logGet(43)) - raft.server.rpc.timeout.max = 5200ms (custom)
2019-09-19 13:38:30,885 [pool-77-thread-1] INFO  server.RaftServerConfigKeys (ConfUtils.java:logGet(43)) - raft.server.rpcslowness.timeout = 120s (custom)
2019-09-19 13:38:30,885 [pool-77-thread-1] INFO  server.RaftServerConfigKeys (ConfUtils.java:logGet(43)) - raft.server.sleep.deviation.threshold = 300 (default)
2019-09-19 13:38:30,885 [pool-77-thread-1] INFO  server.RaftServerConfigKeys (ConfUtils.java:logGet(43)) - raft.server.log.appender.install.snapshot.enabled = false (custom)
2019-09-19 13:38:30,886 [pool-77-thread-1] INFO  impl.RaftServerImpl (ServerState.java:<init>(103)) - 3b165c55-2cc0-4307-8cae-6e98b5c91765@group-319DE05F3F8C: ConfigurationManager, init=-1: [3b165c55-2cc0-4307-8cae-6e98b5c91765:192.168.34.51:41140], old=null, confs=<EMPTY_MAP>
2019-09-19 13:38:30,886 [pool-77-thread-1] INFO  server.RaftServerConfigKeys (ConfUtils.java:logGet(43)) - raft.server.storage.dir = [/workdir/hadoop-ozone/integration-test/target/test-dir/MiniOzoneClusterImpl-39bd3618-1370-4f1c-b084-0cd74823b8da/datanode-5/data/ratis] (custom)
2019-09-19 13:38:30,889 [pool-77-thread-1] INFO  storage.RaftStorageDirectory (RaftStorageDirectory.java:analyzeStorage(246)) - The storage directory /workdir/hadoop-ozone/integration-test/target/test-dir/MiniOzoneClusterImpl-39bd3618-1370-4f1c-b084-0cd74823b8da/datanode-5/data/ratis/84b44965-cdc2-4c7b-a0df-319de05f3f8c does not exist. Creating ...
2019-09-19 13:38:30,902 [pool-77-thread-1] INFO  storage.RaftStorageDirectory (RaftStorageDirectory.java:tryLock(328)) - Lock on /workdir/hadoop-ozone/integration-test/target/test-dir/MiniOzoneClusterImpl-39bd3618-1370-4f1c-b084-0cd74823b8da/datanode-5/data/ratis/84b44965-cdc2-4c7b-a0df-319de05f3f8c/in_use.lock acquired by nodename 28069@pr-hdds-1982-decom-states-fm625-96302961
2019-09-19 13:38:30,903 [main] INFO  rpc.RpcClient (RpcClient.java:createBucket(441)) - Creating Bucket: watchforcommithandlingtest/watchforcommithandlingtest, with Versioning false and Storage Type set to DISK and Encryption set to false 
2019-09-19 13:38:30,916 [pool-77-thread-1] INFO  storage.RaftStorage (RaftStorage.java:format(72)) - Storage directory /workdir/hadoop-ozone/integration-test/target/test-dir/MiniOzoneClusterImpl-39bd3618-1370-4f1c-b084-0cd74823b8da/datanode-5/data/ratis/84b44965-cdc2-4c7b-a0df-319de05f3f8c has been successfully formatted.
2019-09-19 13:38:30,916 [pool-77-thread-1] INFO  ratis.ContainerStateMachine (ContainerStateMachine.java:loadSnapshot(230)) - group-319DE05F3F8C: The snapshot info is null. Setting the last applied indexto:(t:0, i:~)
2019-09-19 13:38:30,916 [pool-77-thread-1] INFO  server.RaftServerConfigKeys (ConfUtils.java:logGet(43)) - raft.server.notification.no-leader.timeout = 120s (custom)
2019-09-19 13:38:30,918 [pool-77-thread-1] INFO  server.RaftServerConfigKeys (ConfUtils.java:logGet(43)) - raft.server.log.use.memory = false (default)
2019-09-19 13:38:30,918 [pool-77-thread-1] INFO  server.RaftServerConfigKeys (ConfUtils.java:logGet(43)) - raft.server.log.purge.gap = 1000000 (custom)
2019-09-19 13:38:30,918 [pool-77-thread-1] INFO  server.RaftServerConfigKeys (ConfUtils.java:logGet(43)) - raft.server.log.appender.buffer.byte-limit = 33554432 (custom)
2019-09-19 13:38:30,918 [pool-77-thread-1] INFO  server.RaftServerConfigKeys (ConfUtils.java:logGet(43)) - raft.server.log.segment.size.max = 1048576 (custom)
2019-09-19 13:38:30,919 [pool-77-thread-1] INFO  server.RaftServerConfigKeys (ConfUtils.java:logGet(43)) - raft.server.log.segment.cache.num.max = 2 (custom)
2019-09-19 13:38:30,919 [pool-77-thread-1] INFO  segmented.SegmentedRaftLogWorker (SegmentedRaftLogWorker.java:<init>(172)) - new 3b165c55-2cc0-4307-8cae-6e98b5c91765@group-319DE05F3F8C-SegmentedRaftLogWorker for RaftStorage:Storage Directory /workdir/hadoop-ozone/integration-test/target/test-dir/MiniOzoneClusterImpl-39bd3618-1370-4f1c-b084-0cd74823b8da/datanode-5/data/ratis/84b44965-cdc2-4c7b-a0df-319de05f3f8c
2019-09-19 13:38:30,923 [pool-77-thread-1] INFO  server.RaftServerConfigKeys (ConfUtils.java:logGet(43)) - raft.server.log.queue.byte-limit = 2147483647 (custom)
2019-09-19 13:38:30,923 [main] INFO  ozone.MiniOzoneClusterImpl (MiniOzoneClusterImpl.java:getStorageContainerLocationClient(232)) - Creating StorageContainerLocationProtocol RPC client with address /0.0.0.0:38242
2019-09-19 13:38:30,923 [pool-77-thread-1] INFO  server.RaftServerConfigKeys (ConfUtils.java:logGet(43)) - raft.server.log.queue.element-limit = 1024 (custom)
2019-09-19 13:38:30,923 [pool-77-thread-1] INFO  server.RaftServerConfigKeys (ConfUtils.java:logGet(43)) - raft.server.log.segment.size.max = 1048576 (custom)
2019-09-19 13:38:30,924 [pool-77-thread-1] INFO  server.RaftServerConfigKeys (ConfUtils.java:logGet(43)) - raft.server.log.preallocated.size = 16384 (custom)
2019-09-19 13:38:30,924 [pool-77-thread-1] INFO  server.RaftServerConfigKeys (ConfUtils.java:logGet(43)) - raft.server.log.write.buffer.size = 33554432 (custom)
2019-09-19 13:38:30,924 [pool-77-thread-1] INFO  server.RaftServerConfigKeys (ConfUtils.java:logGet(43)) - raft.server.log.force.sync.num = 128 (default)
2019-09-19 13:38:30,924 [pool-77-thread-1] INFO  server.RaftServerConfigKeys (ConfUtils.java:logGet(43)) - raft.server.log.statemachine.data.sync = true (default)
2019-09-19 13:38:30,924 [pool-77-thread-1] INFO  server.RaftServerConfigKeys (ConfUtils.java:logGet(43)) - raft.server.log.statemachine.data.sync.timeout = 10s (default)
2019-09-19 13:38:30,924 [pool-77-thread-1] INFO  server.RaftServerConfigKeys (ConfUtils.java:logGet(43)) - raft.server.log.statemachine.data.sync.timeout.retry = -1 (default)
2019-09-19 13:38:30,925 [pool-77-thread-1] INFO  server.RaftServerConfigKeys (ConfUtils.java:logGet(43)) - raft.server.log.statemachine.data.caching.enabled = true (custom)
2019-09-19 13:38:30,925 [pool-77-thread-1] INFO  segmented.SegmentedRaftLogWorker (SegmentedRaftLogWorker.java:lambda$new$0(132)) - 3b165c55-2cc0-4307-8cae-6e98b5c91765@group-319DE05F3F8C-SegmentedRaftLogWorker: flushIndex: setUnconditionally 0 -> -1
2019-09-19 13:38:30,925 [pool-77-thread-1] INFO  server.RaftServerConfigKeys (ConfUtils.java:logGet(43)) - raft.server.snapshot.auto.trigger.enabled = true (custom)
2019-09-19 13:38:30,926 [pool-77-thread-1] INFO  server.RaftServerConfigKeys (ConfUtils.java:logGet(43)) - raft.server.snapshot.auto.trigger.threshold = 10000 (custom)
2019-09-19 13:38:30,926 [pool-77-thread-1] INFO  server.RaftServerConfigKeys (ConfUtils.java:logGet(43)) - raft.server.snapshot.retention.num.files = 5 (custom)
2019-09-19 13:38:30,926 [pool-77-thread-1] INFO  server.RaftServerConfigKeys (ConfUtils.java:logGet(43)) - raft.server.retrycache.expirytime = 600000ms (custom)
2019-09-19 13:38:30,940 [pool-77-thread-1] INFO  impl.RaftServerImpl (RaftServerImpl.java:start(185)) - 3b165c55-2cc0-4307-8cae-6e98b5c91765@group-319DE05F3F8C: start as a follower, conf=-1: [3b165c55-2cc0-4307-8cae-6e98b5c91765:192.168.34.51:41140], old=null
2019-09-19 13:38:30,942 [pool-77-thread-1] INFO  impl.RaftServerImpl (RaftServerImpl.java:setRole(174)) - 3b165c55-2cc0-4307-8cae-6e98b5c91765@group-319DE05F3F8C: changes role from      null to FOLLOWER at term 0 for startAsFollower
2019-09-19 13:38:30,942 [pool-77-thread-1] INFO  impl.RoleInfo (RoleInfo.java:updateAndGet(143)) - 3b165c55-2cc0-4307-8cae-6e98b5c91765: start FollowerState
2019-09-19 13:38:30,943 [pool-77-thread-1] INFO  util.JmxRegister (JmxRegister.java:tryRegister(44)) - Successfully registered JMX Bean with object name Ratis:service=RaftServer,group=group-319DE05F3F8C,id=3b165c55-2cc0-4307-8cae-6e98b5c91765
2019-09-19 13:38:30,953 [RatisPipelineUtilsThread] INFO  pipeline.PipelineStateManager (PipelineStateManager.java:addPipeline(56)) - Created pipeline Pipeline[ Id: 84b44965-cdc2-4c7b-a0df-319de05f3f8c, Nodes: 3b165c55-2cc0-4307-8cae-6e98b5c91765{ip: 192.168.34.51, host: pr-hdds-1982-decom-states-fm625-96302961, networkLocation: /default-rack, certSerialId: null}, Type:RATIS, Factor:ONE, State:OPEN]
2019-09-19 13:38:30,969 [grpc-default-executor-0] INFO  impl.RaftServerProxy (RaftServerProxy.java:addNew(89)) - c7b06212-2a46-4a88-b1d4-f2f551bea96c: addNew group-D1D32734C8CE:[c7b06212-2a46-4a88-b1d4-f2f551bea96c:192.168.34.51:33534] returns group-D1D32734C8CE:java.util.concurrent.CompletableFuture@eac5d26[Not completed]
2019-09-19 13:38:30,975 [pool-67-thread-1] INFO  impl.RaftServerImpl (RaftServerImpl.java:<init>(95)) - c7b06212-2a46-4a88-b1d4-f2f551bea96c: new RaftServerImpl for group-D1D32734C8CE:[c7b06212-2a46-4a88-b1d4-f2f551bea96c:192.168.34.51:33534] with ContainerStateMachine:uninitialized
2019-09-19 13:38:30,975 [pool-67-thread-1] INFO  server.RaftServerConfigKeys (ConfUtils.java:logGet(43)) - raft.server.rpc.timeout.min = 5s (custom)
2019-09-19 13:38:30,975 [pool-67-thread-1] INFO  server.RaftServerConfigKeys (ConfUtils.java:logGet(43)) - raft.server.rpc.timeout.max = 5200ms (custom)
2019-09-19 13:38:30,975 [pool-67-thread-1] INFO  server.RaftServerConfigKeys (ConfUtils.java:logGet(43)) - raft.server.rpcslowness.timeout = 120s (custom)
2019-09-19 13:38:30,975 [pool-67-thread-1] INFO  server.RaftServerConfigKeys (ConfUtils.java:logGet(43)) - raft.server.sleep.deviation.threshold = 300 (default)
2019-09-19 13:38:30,975 [pool-67-thread-1] INFO  server.RaftServerConfigKeys (ConfUtils.java:logGet(43)) - raft.server.log.appender.install.snapshot.enabled = false (custom)
2019-09-19 13:38:30,975 [pool-67-thread-1] INFO  impl.RaftServerImpl (ServerState.java:<init>(103)) - c7b06212-2a46-4a88-b1d4-f2f551bea96c@group-D1D32734C8CE: ConfigurationManager, init=-1: [c7b06212-2a46-4a88-b1d4-f2f551bea96c:192.168.34.51:33534], old=null, confs=<EMPTY_MAP>
2019-09-19 13:38:30,976 [pool-67-thread-1] INFO  server.RaftServerConfigKeys (ConfUtils.java:logGet(43)) - raft.server.storage.dir = [/workdir/hadoop-ozone/integration-test/target/test-dir/MiniOzoneClusterImpl-39bd3618-1370-4f1c-b084-0cd74823b8da/datanode-4/data/ratis] (custom)
2019-09-19 13:38:30,976 [pool-67-thread-1] INFO  storage.RaftStorageDirectory (RaftStorageDirectory.java:analyzeStorage(246)) - The storage directory /workdir/hadoop-ozone/integration-test/target/test-dir/MiniOzoneClusterImpl-39bd3618-1370-4f1c-b084-0cd74823b8da/datanode-4/data/ratis/00962522-045a-456d-ad9c-d1d32734c8ce does not exist. Creating ...
2019-09-19 13:38:30,989 [pool-67-thread-1] INFO  storage.RaftStorageDirectory (RaftStorageDirectory.java:tryLock(328)) - Lock on /workdir/hadoop-ozone/integration-test/target/test-dir/MiniOzoneClusterImpl-39bd3618-1370-4f1c-b084-0cd74823b8da/datanode-4/data/ratis/00962522-045a-456d-ad9c-d1d32734c8ce/in_use.lock acquired by nodename 28069@pr-hdds-1982-decom-states-fm625-96302961
2019-09-19 13:38:31,003 [pool-67-thread-1] INFO  storage.RaftStorage (RaftStorage.java:format(72)) - Storage directory /workdir/hadoop-ozone/integration-test/target/test-dir/MiniOzoneClusterImpl-39bd3618-1370-4f1c-b084-0cd74823b8da/datanode-4/data/ratis/00962522-045a-456d-ad9c-d1d32734c8ce has been successfully formatted.
2019-09-19 13:38:31,003 [pool-67-thread-1] INFO  ratis.ContainerStateMachine (ContainerStateMachine.java:loadSnapshot(230)) - group-D1D32734C8CE: The snapshot info is null. Setting the last applied indexto:(t:0, i:~)
2019-09-19 13:38:31,003 [pool-67-thread-1] INFO  server.RaftServerConfigKeys (ConfUtils.java:logGet(43)) - raft.server.notification.no-leader.timeout = 120s (custom)
2019-09-19 13:38:31,003 [pool-67-thread-1] INFO  server.RaftServerConfigKeys (ConfUtils.java:logGet(43)) - raft.server.log.use.memory = false (default)
2019-09-19 13:38:31,004 [pool-67-thread-1] INFO  server.RaftServerConfigKeys (ConfUtils.java:logGet(43)) - raft.server.log.purge.gap = 1000000 (custom)
2019-09-19 13:38:31,004 [pool-67-thread-1] INFO  server.RaftServerConfigKeys (ConfUtils.java:logGet(43)) - raft.server.log.appender.buffer.byte-limit = 33554432 (custom)
2019-09-19 13:38:31,004 [pool-67-thread-1] INFO  server.RaftServerConfigKeys (ConfUtils.java:logGet(43)) - raft.server.log.segment.size.max = 1048576 (custom)
2019-09-19 13:38:31,004 [pool-67-thread-1] INFO  server.RaftServerConfigKeys (ConfUtils.java:logGet(43)) - raft.server.log.segment.cache.num.max = 2 (custom)
2019-09-19 13:38:31,004 [pool-67-thread-1] INFO  segmented.SegmentedRaftLogWorker (SegmentedRaftLogWorker.java:<init>(172)) - new c7b06212-2a46-4a88-b1d4-f2f551bea96c@group-D1D32734C8CE-SegmentedRaftLogWorker for RaftStorage:Storage Directory /workdir/hadoop-ozone/integration-test/target/test-dir/MiniOzoneClusterImpl-39bd3618-1370-4f1c-b084-0cd74823b8da/datanode-4/data/ratis/00962522-045a-456d-ad9c-d1d32734c8ce
2019-09-19 13:38:31,007 [pool-67-thread-1] INFO  server.RaftServerConfigKeys (ConfUtils.java:logGet(43)) - raft.server.log.queue.byte-limit = 2147483647 (custom)
2019-09-19 13:38:31,007 [pool-67-thread-1] INFO  server.RaftServerConfigKeys (ConfUtils.java:logGet(43)) - raft.server.log.queue.element-limit = 1024 (custom)
2019-09-19 13:38:31,007 [pool-67-thread-1] INFO  server.RaftServerConfigKeys (ConfUtils.java:logGet(43)) - raft.server.log.segment.size.max = 1048576 (custom)
2019-09-19 13:38:31,008 [pool-67-thread-1] INFO  server.RaftServerConfigKeys (ConfUtils.java:logGet(43)) - raft.server.log.preallocated.size = 16384 (custom)
2019-09-19 13:38:31,008 [pool-67-thread-1] INFO  server.RaftServerConfigKeys (ConfUtils.java:logGet(43)) - raft.server.log.write.buffer.size = 33554432 (custom)
2019-09-19 13:38:31,008 [pool-67-thread-1] INFO  server.RaftServerConfigKeys (ConfUtils.java:logGet(43)) - raft.server.log.force.sync.num = 128 (default)
2019-09-19 13:38:31,008 [pool-67-thread-1] INFO  server.RaftServerConfigKeys (ConfUtils.java:logGet(43)) - raft.server.log.statemachine.data.sync = true (default)
2019-09-19 13:38:31,008 [pool-67-thread-1] INFO  server.RaftServerConfigKeys (ConfUtils.java:logGet(43)) - raft.server.log.statemachine.data.sync.timeout = 10s (default)
2019-09-19 13:38:31,008 [pool-67-thread-1] INFO  server.RaftServerConfigKeys (ConfUtils.java:logGet(43)) - raft.server.log.statemachine.data.sync.timeout.retry = -1 (default)
2019-09-19 13:38:31,009 [pool-67-thread-1] INFO  server.RaftServerConfigKeys (ConfUtils.java:logGet(43)) - raft.server.log.statemachine.data.caching.enabled = true (custom)
2019-09-19 13:38:31,009 [pool-67-thread-1] INFO  segmented.SegmentedRaftLogWorker (SegmentedRaftLogWorker.java:lambda$new$0(132)) - c7b06212-2a46-4a88-b1d4-f2f551bea96c@group-D1D32734C8CE-SegmentedRaftLogWorker: flushIndex: setUnconditionally 0 -> -1
2019-09-19 13:38:31,009 [pool-67-thread-1] INFO  server.RaftServerConfigKeys (ConfUtils.java:logGet(43)) - raft.server.snapshot.auto.trigger.enabled = true (custom)
2019-09-19 13:38:31,010 [pool-67-thread-1] INFO  server.RaftServerConfigKeys (ConfUtils.java:logGet(43)) - raft.server.snapshot.auto.trigger.threshold = 10000 (custom)
2019-09-19 13:38:31,010 [pool-67-thread-1] INFO  server.RaftServerConfigKeys (ConfUtils.java:logGet(43)) - raft.server.snapshot.retention.num.files = 5 (custom)
2019-09-19 13:38:31,010 [pool-67-thread-1] INFO  server.RaftServerConfigKeys (ConfUtils.java:logGet(43)) - raft.server.retrycache.expirytime = 600000ms (custom)
2019-09-19 13:38:31,013 [pool-67-thread-1] INFO  impl.RaftServerImpl (RaftServerImpl.java:start(185)) - c7b06212-2a46-4a88-b1d4-f2f551bea96c@group-D1D32734C8CE: start as a follower, conf=-1: [c7b06212-2a46-4a88-b1d4-f2f551bea96c:192.168.34.51:33534], old=null
2019-09-19 13:38:31,013 [pool-67-thread-1] INFO  impl.RaftServerImpl (RaftServerImpl.java:setRole(174)) - c7b06212-2a46-4a88-b1d4-f2f551bea96c@group-D1D32734C8CE: changes role from      null to FOLLOWER at term 0 for startAsFollower
2019-09-19 13:38:31,013 [pool-67-thread-1] INFO  impl.RoleInfo (RoleInfo.java:updateAndGet(143)) - c7b06212-2a46-4a88-b1d4-f2f551bea96c: start FollowerState
2019-09-19 13:38:31,013 [pool-67-thread-1] INFO  util.JmxRegister (JmxRegister.java:tryRegister(44)) - Successfully registered JMX Bean with object name Ratis:service=RaftServer,group=group-D1D32734C8CE,id=c7b06212-2a46-4a88-b1d4-f2f551bea96c
2019-09-19 13:38:31,034 [RatisPipelineUtilsThread] INFO  pipeline.PipelineStateManager (PipelineStateManager.java:addPipeline(56)) - Created pipeline Pipeline[ Id: 00962522-045a-456d-ad9c-d1d32734c8ce, Nodes: c7b06212-2a46-4a88-b1d4-f2f551bea96c{ip: 192.168.34.51, host: pr-hdds-1982-decom-states-fm625-96302961, networkLocation: /default-rack, certSerialId: null}, Type:RATIS, Factor:ONE, State:OPEN]
2019-09-19 13:38:31,074 [grpc-default-executor-1] INFO  impl.RaftServerProxy (RaftServerProxy.java:addNew(89)) - f542701f-6f5b-424f-8f38-b614db00c364: addNew group-19189F669019:[d2cb86cd-c327-4321-a829-e2a5e72c5825:192.168.34.51:38110, f542701f-6f5b-424f-8f38-b614db00c364:192.168.34.51:34792, 0a5ba9de-a835-4228-8329-4edfff30d06e:192.168.34.51:45227] returns group-19189F669019:java.util.concurrent.CompletableFuture@534a5d83[Not completed]
2019-09-19 13:38:31,078 [grpc-default-executor-2] INFO  impl.RaftServerProxy (RaftServerProxy.java:addNew(89)) - 0a5ba9de-a835-4228-8329-4edfff30d06e: addNew group-19189F669019:[d2cb86cd-c327-4321-a829-e2a5e72c5825:192.168.34.51:38110, f542701f-6f5b-424f-8f38-b614db00c364:192.168.34.51:34792, 0a5ba9de-a835-4228-8329-4edfff30d06e:192.168.34.51:45227] returns group-19189F669019:java.util.concurrent.CompletableFuture@7ef623e0[Not completed]
2019-09-19 13:38:31,078 [grpc-default-executor-1] INFO  impl.RaftServerProxy (RaftServerProxy.java:addNew(89)) - d2cb86cd-c327-4321-a829-e2a5e72c5825: addNew group-19189F669019:[d2cb86cd-c327-4321-a829-e2a5e72c5825:192.168.34.51:38110, f542701f-6f5b-424f-8f38-b614db00c364:192.168.34.51:34792, 0a5ba9de-a835-4228-8329-4edfff30d06e:192.168.34.51:45227] returns group-19189F669019:java.util.concurrent.CompletableFuture@1648d98e[Not completed]
2019-09-19 13:38:31,079 [pool-47-thread-1] INFO  impl.RaftServerImpl (RaftServerImpl.java:<init>(95)) - f542701f-6f5b-424f-8f38-b614db00c364: new RaftServerImpl for group-19189F669019:[d2cb86cd-c327-4321-a829-e2a5e72c5825:192.168.34.51:38110, f542701f-6f5b-424f-8f38-b614db00c364:192.168.34.51:34792, 0a5ba9de-a835-4228-8329-4edfff30d06e:192.168.34.51:45227] with ContainerStateMachine:uninitialized
2019-09-19 13:38:31,079 [pool-47-thread-1] INFO  server.RaftServerConfigKeys (ConfUtils.java:logGet(43)) - raft.server.rpc.timeout.min = 5s (custom)
2019-09-19 13:38:31,079 [pool-47-thread-1] INFO  server.RaftServerConfigKeys (ConfUtils.java:logGet(43)) - raft.server.rpc.timeout.max = 5200ms (custom)
2019-09-19 13:38:31,079 [pool-47-thread-1] INFO  server.RaftServerConfigKeys (ConfUtils.java:logGet(43)) - raft.server.rpcslowness.timeout = 120s (custom)
2019-09-19 13:38:31,079 [pool-47-thread-1] INFO  server.RaftServerConfigKeys (ConfUtils.java:logGet(43)) - raft.server.sleep.deviation.threshold = 300 (default)
2019-09-19 13:38:31,080 [pool-47-thread-1] INFO  server.RaftServerConfigKeys (ConfUtils.java:logGet(43)) - raft.server.log.appender.install.snapshot.enabled = false (custom)
2019-09-19 13:38:31,080 [pool-47-thread-1] INFO  impl.RaftServerImpl (ServerState.java:<init>(103)) - f542701f-6f5b-424f-8f38-b614db00c364@group-19189F669019: ConfigurationManager, init=-1: [d2cb86cd-c327-4321-a829-e2a5e72c5825:192.168.34.51:38110, f542701f-6f5b-424f-8f38-b614db00c364:192.168.34.51:34792, 0a5ba9de-a835-4228-8329-4edfff30d06e:192.168.34.51:45227], old=null, confs=<EMPTY_MAP>
2019-09-19 13:38:31,080 [pool-47-thread-1] INFO  server.RaftServerConfigKeys (ConfUtils.java:logGet(43)) - raft.server.storage.dir = [/workdir/hadoop-ozone/integration-test/target/test-dir/MiniOzoneClusterImpl-39bd3618-1370-4f1c-b084-0cd74823b8da/datanode-2/data/ratis] (custom)
2019-09-19 13:38:31,080 [pool-27-thread-1] INFO  impl.RaftServerImpl (RaftServerImpl.java:<init>(95)) - d2cb86cd-c327-4321-a829-e2a5e72c5825: new RaftServerImpl for group-19189F669019:[d2cb86cd-c327-4321-a829-e2a5e72c5825:192.168.34.51:38110, f542701f-6f5b-424f-8f38-b614db00c364:192.168.34.51:34792, 0a5ba9de-a835-4228-8329-4edfff30d06e:192.168.34.51:45227] with ContainerStateMachine:uninitialized
2019-09-19 13:38:31,080 [pool-27-thread-1] INFO  server.RaftServerConfigKeys (ConfUtils.java:logGet(43)) - raft.server.rpc.timeout.min = 5s (custom)
2019-09-19 13:38:31,080 [pool-47-thread-1] INFO  storage.RaftStorageDirectory (RaftStorageDirectory.java:analyzeStorage(246)) - The storage directory /workdir/hadoop-ozone/integration-test/target/test-dir/MiniOzoneClusterImpl-39bd3618-1370-4f1c-b084-0cd74823b8da/datanode-2/data/ratis/806b68b3-143b-478a-be5f-19189f669019 does not exist. Creating ...
2019-09-19 13:38:31,080 [pool-27-thread-1] INFO  server.RaftServerConfigKeys (ConfUtils.java:logGet(43)) - raft.server.rpc.timeout.max = 5200ms (custom)
2019-09-19 13:38:31,081 [pool-27-thread-1] INFO  server.RaftServerConfigKeys (ConfUtils.java:logGet(43)) - raft.server.rpcslowness.timeout = 120s (custom)
2019-09-19 13:38:31,081 [pool-27-thread-1] INFO  server.RaftServerConfigKeys (ConfUtils.java:logGet(43)) - raft.server.sleep.deviation.threshold = 300 (default)
2019-09-19 13:38:31,081 [pool-57-thread-1] INFO  impl.RaftServerImpl (RaftServerImpl.java:<init>(95)) - 0a5ba9de-a835-4228-8329-4edfff30d06e: new RaftServerImpl for group-19189F669019:[d2cb86cd-c327-4321-a829-e2a5e72c5825:192.168.34.51:38110, f542701f-6f5b-424f-8f38-b614db00c364:192.168.34.51:34792, 0a5ba9de-a835-4228-8329-4edfff30d06e:192.168.34.51:45227] with ContainerStateMachine:uninitialized
2019-09-19 13:38:31,081 [pool-27-thread-1] INFO  server.RaftServerConfigKeys (ConfUtils.java:logGet(43)) - raft.server.log.appender.install.snapshot.enabled = false (custom)
2019-09-19 13:38:31,081 [pool-57-thread-1] INFO  server.RaftServerConfigKeys (ConfUtils.java:logGet(43)) - raft.server.rpc.timeout.min = 5s (custom)
2019-09-19 13:38:31,081 [pool-27-thread-1] INFO  impl.RaftServerImpl (ServerState.java:<init>(103)) - d2cb86cd-c327-4321-a829-e2a5e72c5825@group-19189F669019: ConfigurationManager, init=-1: [d2cb86cd-c327-4321-a829-e2a5e72c5825:192.168.34.51:38110, f542701f-6f5b-424f-8f38-b614db00c364:192.168.34.51:34792, 0a5ba9de-a835-4228-8329-4edfff30d06e:192.168.34.51:45227], old=null, confs=<EMPTY_MAP>
2019-09-19 13:38:31,081 [pool-57-thread-1] INFO  server.RaftServerConfigKeys (ConfUtils.java:logGet(43)) - raft.server.rpc.timeout.max = 5200ms (custom)
2019-09-19 13:38:31,082 [pool-27-thread-1] INFO  server.RaftServerConfigKeys (ConfUtils.java:logGet(43)) - raft.server.storage.dir = [/workdir/hadoop-ozone/integration-test/target/test-dir/MiniOzoneClusterImpl-39bd3618-1370-4f1c-b084-0cd74823b8da/datanode-0/data/ratis] (custom)
2019-09-19 13:38:31,082 [pool-57-thread-1] INFO  server.RaftServerConfigKeys (ConfUtils.java:logGet(43)) - raft.server.rpcslowness.timeout = 120s (custom)
2019-09-19 13:38:31,082 [pool-57-thread-1] INFO  server.RaftServerConfigKeys (ConfUtils.java:logGet(43)) - raft.server.sleep.deviation.threshold = 300 (default)
2019-09-19 13:38:31,082 [pool-57-thread-1] INFO  server.RaftServerConfigKeys (ConfUtils.java:logGet(43)) - raft.server.log.appender.install.snapshot.enabled = false (custom)
2019-09-19 13:38:31,082 [pool-27-thread-1] INFO  storage.RaftStorageDirectory (RaftStorageDirectory.java:analyzeStorage(246)) - The storage directory /workdir/hadoop-ozone/integration-test/target/test-dir/MiniOzoneClusterImpl-39bd3618-1370-4f1c-b084-0cd74823b8da/datanode-0/data/ratis/806b68b3-143b-478a-be5f-19189f669019 does not exist. Creating ...
2019-09-19 13:38:31,082 [pool-57-thread-1] INFO  impl.RaftServerImpl (ServerState.java:<init>(103)) - 0a5ba9de-a835-4228-8329-4edfff30d06e@group-19189F669019: ConfigurationManager, init=-1: [d2cb86cd-c327-4321-a829-e2a5e72c5825:192.168.34.51:38110, f542701f-6f5b-424f-8f38-b614db00c364:192.168.34.51:34792, 0a5ba9de-a835-4228-8329-4edfff30d06e:192.168.34.51:45227], old=null, confs=<EMPTY_MAP>
2019-09-19 13:38:31,082 [pool-57-thread-1] INFO  server.RaftServerConfigKeys (ConfUtils.java:logGet(43)) - raft.server.storage.dir = [/workdir/hadoop-ozone/integration-test/target/test-dir/MiniOzoneClusterImpl-39bd3618-1370-4f1c-b084-0cd74823b8da/datanode-3/data/ratis] (custom)
2019-09-19 13:38:31,083 [pool-57-thread-1] INFO  storage.RaftStorageDirectory (RaftStorageDirectory.java:analyzeStorage(246)) - The storage directory /workdir/hadoop-ozone/integration-test/target/test-dir/MiniOzoneClusterImpl-39bd3618-1370-4f1c-b084-0cd74823b8da/datanode-3/data/ratis/806b68b3-143b-478a-be5f-19189f669019 does not exist. Creating ...
2019-09-19 13:38:31,094 [pool-47-thread-1] INFO  storage.RaftStorageDirectory (RaftStorageDirectory.java:tryLock(328)) - Lock on /workdir/hadoop-ozone/integration-test/target/test-dir/MiniOzoneClusterImpl-39bd3618-1370-4f1c-b084-0cd74823b8da/datanode-2/data/ratis/806b68b3-143b-478a-be5f-19189f669019/in_use.lock acquired by nodename 28069@pr-hdds-1982-decom-states-fm625-96302961
2019-09-19 13:38:31,094 [pool-57-thread-1] INFO  storage.RaftStorageDirectory (RaftStorageDirectory.java:tryLock(328)) - Lock on /workdir/hadoop-ozone/integration-test/target/test-dir/MiniOzoneClusterImpl-39bd3618-1370-4f1c-b084-0cd74823b8da/datanode-3/data/ratis/806b68b3-143b-478a-be5f-19189f669019/in_use.lock acquired by nodename 28069@pr-hdds-1982-decom-states-fm625-96302961
2019-09-19 13:38:31,094 [pool-27-thread-1] INFO  storage.RaftStorageDirectory (RaftStorageDirectory.java:tryLock(328)) - Lock on /workdir/hadoop-ozone/integration-test/target/test-dir/MiniOzoneClusterImpl-39bd3618-1370-4f1c-b084-0cd74823b8da/datanode-0/data/ratis/806b68b3-143b-478a-be5f-19189f669019/in_use.lock acquired by nodename 28069@pr-hdds-1982-decom-states-fm625-96302961
2019-09-19 13:38:31,109 [pool-27-thread-1] INFO  storage.RaftStorage (RaftStorage.java:format(72)) - Storage directory /workdir/hadoop-ozone/integration-test/target/test-dir/MiniOzoneClusterImpl-39bd3618-1370-4f1c-b084-0cd74823b8da/datanode-0/data/ratis/806b68b3-143b-478a-be5f-19189f669019 has been successfully formatted.
2019-09-19 13:38:31,109 [pool-47-thread-1] INFO  storage.RaftStorage (RaftStorage.java:format(72)) - Storage directory /workdir/hadoop-ozone/integration-test/target/test-dir/MiniOzoneClusterImpl-39bd3618-1370-4f1c-b084-0cd74823b8da/datanode-2/data/ratis/806b68b3-143b-478a-be5f-19189f669019 has been successfully formatted.
2019-09-19 13:38:31,109 [pool-57-thread-1] INFO  storage.RaftStorage (RaftStorage.java:format(72)) - Storage directory /workdir/hadoop-ozone/integration-test/target/test-dir/MiniOzoneClusterImpl-39bd3618-1370-4f1c-b084-0cd74823b8da/datanode-3/data/ratis/806b68b3-143b-478a-be5f-19189f669019 has been successfully formatted.
2019-09-19 13:38:31,109 [pool-27-thread-1] INFO  ratis.ContainerStateMachine (ContainerStateMachine.java:loadSnapshot(230)) - group-19189F669019: The snapshot info is null. Setting the last applied indexto:(t:0, i:~)
2019-09-19 13:38:31,109 [pool-47-thread-1] INFO  ratis.ContainerStateMachine (ContainerStateMachine.java:loadSnapshot(230)) - group-19189F669019: The snapshot info is null. Setting the last applied indexto:(t:0, i:~)
2019-09-19 13:38:31,109 [pool-27-thread-1] INFO  server.RaftServerConfigKeys (ConfUtils.java:logGet(43)) - raft.server.notification.no-leader.timeout = 120s (custom)
2019-09-19 13:38:31,109 [pool-57-thread-1] INFO  ratis.ContainerStateMachine (ContainerStateMachine.java:loadSnapshot(230)) - group-19189F669019: The snapshot info is null. Setting the last applied indexto:(t:0, i:~)
2019-09-19 13:38:31,110 [pool-27-thread-1] INFO  server.RaftServerConfigKeys (ConfUtils.java:logGet(43)) - raft.server.log.use.memory = false (default)
2019-09-19 13:38:31,110 [pool-47-thread-1] INFO  server.RaftServerConfigKeys (ConfUtils.java:logGet(43)) - raft.server.notification.no-leader.timeout = 120s (custom)
2019-09-19 13:38:31,110 [pool-27-thread-1] INFO  server.RaftServerConfigKeys (ConfUtils.java:logGet(43)) - raft.server.log.purge.gap = 1000000 (custom)
2019-09-19 13:38:31,110 [pool-57-thread-1] INFO  server.RaftServerConfigKeys (ConfUtils.java:logGet(43)) - raft.server.notification.no-leader.timeout = 120s (custom)
2019-09-19 13:38:31,110 [pool-27-thread-1] INFO  server.RaftServerConfigKeys (ConfUtils.java:logGet(43)) - raft.server.log.appender.buffer.byte-limit = 33554432 (custom)
2019-09-19 13:38:31,110 [pool-47-thread-1] INFO  server.RaftServerConfigKeys (ConfUtils.java:logGet(43)) - raft.server.log.use.memory = false (default)
2019-09-19 13:38:31,110 [pool-27-thread-1] INFO  server.RaftServerConfigKeys (ConfUtils.java:logGet(43)) - raft.server.log.segment.size.max = 1048576 (custom)
2019-09-19 13:38:31,110 [pool-57-thread-1] INFO  server.RaftServerConfigKeys (ConfUtils.java:logGet(43)) - raft.server.log.use.memory = false (default)
2019-09-19 13:38:31,110 [pool-27-thread-1] INFO  server.RaftServerConfigKeys (ConfUtils.java:logGet(43)) - raft.server.log.segment.cache.num.max = 2 (custom)
2019-09-19 13:38:31,110 [pool-47-thread-1] INFO  server.RaftServerConfigKeys (ConfUtils.java:logGet(43)) - raft.server.log.purge.gap = 1000000 (custom)
2019-09-19 13:38:31,111 [pool-27-thread-1] INFO  segmented.SegmentedRaftLogWorker (SegmentedRaftLogWorker.java:<init>(172)) - new d2cb86cd-c327-4321-a829-e2a5e72c5825@group-19189F669019-SegmentedRaftLogWorker for RaftStorage:Storage Directory /workdir/hadoop-ozone/integration-test/target/test-dir/MiniOzoneClusterImpl-39bd3618-1370-4f1c-b084-0cd74823b8da/datanode-0/data/ratis/806b68b3-143b-478a-be5f-19189f669019
2019-09-19 13:38:31,110 [pool-57-thread-1] INFO  server.RaftServerConfigKeys (ConfUtils.java:logGet(43)) - raft.server.log.purge.gap = 1000000 (custom)
2019-09-19 13:38:31,111 [pool-27-thread-1] INFO  server.RaftServerConfigKeys (ConfUtils.java:logGet(43)) - raft.server.log.queue.byte-limit = 2147483647 (custom)
2019-09-19 13:38:31,111 [pool-47-thread-1] INFO  server.RaftServerConfigKeys (ConfUtils.java:logGet(43)) - raft.server.log.appender.buffer.byte-limit = 33554432 (custom)
2019-09-19 13:38:31,111 [pool-27-thread-1] INFO  server.RaftServerConfigKeys (ConfUtils.java:logGet(43)) - raft.server.log.queue.element-limit = 1024 (custom)
2019-09-19 13:38:31,111 [pool-57-thread-1] INFO  server.RaftServerConfigKeys (ConfUtils.java:logGet(43)) - raft.server.log.appender.buffer.byte-limit = 33554432 (custom)
2019-09-19 13:38:31,111 [pool-27-thread-1] INFO  server.RaftServerConfigKeys (ConfUtils.java:logGet(43)) - raft.server.log.segment.size.max = 1048576 (custom)
2019-09-19 13:38:31,111 [pool-47-thread-1] INFO  server.RaftServerConfigKeys (ConfUtils.java:logGet(43)) - raft.server.log.segment.size.max = 1048576 (custom)
2019-09-19 13:38:31,112 [pool-27-thread-1] INFO  server.RaftServerConfigKeys (ConfUtils.java:logGet(43)) - raft.server.log.preallocated.size = 16384 (custom)
2019-09-19 13:38:31,111 [pool-57-thread-1] INFO  server.RaftServerConfigKeys (ConfUtils.java:logGet(43)) - raft.server.log.segment.size.max = 1048576 (custom)
2019-09-19 13:38:31,112 [pool-27-thread-1] INFO  server.RaftServerConfigKeys (ConfUtils.java:logGet(43)) - raft.server.log.write.buffer.size = 33554432 (custom)
2019-09-19 13:38:31,112 [pool-47-thread-1] INFO  server.RaftServerConfigKeys (ConfUtils.java:logGet(43)) - raft.server.log.segment.cache.num.max = 2 (custom)
2019-09-19 13:38:31,112 [pool-27-thread-1] INFO  server.RaftServerConfigKeys (ConfUtils.java:logGet(43)) - raft.server.log.force.sync.num = 128 (default)
2019-09-19 13:38:31,112 [pool-57-thread-1] INFO  server.RaftServerConfigKeys (ConfUtils.java:logGet(43)) - raft.server.log.segment.cache.num.max = 2 (custom)
2019-09-19 13:38:31,112 [pool-27-thread-1] INFO  server.RaftServerConfigKeys (ConfUtils.java:logGet(43)) - raft.server.log.statemachine.data.sync = true (default)
2019-09-19 13:38:31,112 [pool-47-thread-1] INFO  segmented.SegmentedRaftLogWorker (SegmentedRaftLogWorker.java:<init>(172)) - new f542701f-6f5b-424f-8f38-b614db00c364@group-19189F669019-SegmentedRaftLogWorker for RaftStorage:Storage Directory /workdir/hadoop-ozone/integration-test/target/test-dir/MiniOzoneClusterImpl-39bd3618-1370-4f1c-b084-0cd74823b8da/datanode-2/data/ratis/806b68b3-143b-478a-be5f-19189f669019
2019-09-19 13:38:31,112 [pool-27-thread-1] INFO  server.RaftServerConfigKeys (ConfUtils.java:logGet(43)) - raft.server.log.statemachine.data.sync.timeout = 10s (default)
2019-09-19 13:38:31,112 [pool-57-thread-1] INFO  segmented.SegmentedRaftLogWorker (SegmentedRaftLogWorker.java:<init>(172)) - new 0a5ba9de-a835-4228-8329-4edfff30d06e@group-19189F669019-SegmentedRaftLogWorker for RaftStorage:Storage Directory /workdir/hadoop-ozone/integration-test/target/test-dir/MiniOzoneClusterImpl-39bd3618-1370-4f1c-b084-0cd74823b8da/datanode-3/data/ratis/806b68b3-143b-478a-be5f-19189f669019
2019-09-19 13:38:31,113 [pool-27-thread-1] INFO  server.RaftServerConfigKeys (ConfUtils.java:logGet(43)) - raft.server.log.statemachine.data.sync.timeout.retry = -1 (default)
2019-09-19 13:38:31,113 [pool-47-thread-1] INFO  server.RaftServerConfigKeys (ConfUtils.java:logGet(43)) - raft.server.log.queue.byte-limit = 2147483647 (custom)
2019-09-19 13:38:31,113 [pool-27-thread-1] INFO  server.RaftServerConfigKeys (ConfUtils.java:logGet(43)) - raft.server.log.statemachine.data.caching.enabled = true (custom)
2019-09-19 13:38:31,113 [pool-57-thread-1] INFO  server.RaftServerConfigKeys (ConfUtils.java:logGet(43)) - raft.server.log.queue.byte-limit = 2147483647 (custom)
2019-09-19 13:38:31,113 [pool-47-thread-1] INFO  server.RaftServerConfigKeys (ConfUtils.java:logGet(43)) - raft.server.log.queue.element-limit = 1024 (custom)
2019-09-19 13:38:31,113 [pool-27-thread-1] INFO  segmented.SegmentedRaftLogWorker (SegmentedRaftLogWorker.java:lambda$new$0(132)) - d2cb86cd-c327-4321-a829-e2a5e72c5825@group-19189F669019-SegmentedRaftLogWorker: flushIndex: setUnconditionally 0 -> -1
2019-09-19 13:38:31,113 [pool-57-thread-1] INFO  server.RaftServerConfigKeys (ConfUtils.java:logGet(43)) - raft.server.log.queue.element-limit = 1024 (custom)
2019-09-19 13:38:31,113 [pool-47-thread-1] INFO  server.RaftServerConfigKeys (ConfUtils.java:logGet(43)) - raft.server.log.segment.size.max = 1048576 (custom)
2019-09-19 13:38:31,114 [pool-57-thread-1] INFO  server.RaftServerConfigKeys (ConfUtils.java:logGet(43)) - raft.server.log.segment.size.max = 1048576 (custom)
2019-09-19 13:38:31,114 [pool-27-thread-1] INFO  server.RaftServerConfigKeys (ConfUtils.java:logGet(43)) - raft.server.snapshot.auto.trigger.enabled = true (custom)
2019-09-19 13:38:31,114 [pool-57-thread-1] INFO  server.RaftServerConfigKeys (ConfUtils.java:logGet(43)) - raft.server.log.preallocated.size = 16384 (custom)
2019-09-19 13:38:31,114 [pool-47-thread-1] INFO  server.RaftServerConfigKeys (ConfUtils.java:logGet(43)) - raft.server.log.preallocated.size = 16384 (custom)
2019-09-19 13:38:31,114 [pool-57-thread-1] INFO  server.RaftServerConfigKeys (ConfUtils.java:logGet(43)) - raft.server.log.write.buffer.size = 33554432 (custom)
2019-09-19 13:38:31,114 [pool-27-thread-1] INFO  server.RaftServerConfigKeys (ConfUtils.java:logGet(43)) - raft.server.snapshot.auto.trigger.threshold = 10000 (custom)
2019-09-19 13:38:31,114 [pool-57-thread-1] INFO  server.RaftServerConfigKeys (ConfUtils.java:logGet(43)) - raft.server.log.force.sync.num = 128 (default)
2019-09-19 13:38:31,114 [pool-47-thread-1] INFO  server.RaftServerConfigKeys (ConfUtils.java:logGet(43)) - raft.server.log.write.buffer.size = 33554432 (custom)
2019-09-19 13:38:31,115 [pool-57-thread-1] INFO  server.RaftServerConfigKeys (ConfUtils.java:logGet(43)) - raft.server.log.statemachine.data.sync = true (default)
2019-09-19 13:38:31,114 [pool-27-thread-1] INFO  server.RaftServerConfigKeys (ConfUtils.java:logGet(43)) - raft.server.snapshot.retention.num.files = 5 (custom)
2019-09-19 13:38:31,115 [pool-57-thread-1] INFO  server.RaftServerConfigKeys (ConfUtils.java:logGet(43)) - raft.server.log.statemachine.data.sync.timeout = 10s (default)
2019-09-19 13:38:31,115 [pool-47-thread-1] INFO  server.RaftServerConfigKeys (ConfUtils.java:logGet(43)) - raft.server.log.force.sync.num = 128 (default)
2019-09-19 13:38:31,115 [pool-57-thread-1] INFO  server.RaftServerConfigKeys (ConfUtils.java:logGet(43)) - raft.server.log.statemachine.data.sync.timeout.retry = -1 (default)
2019-09-19 13:38:31,115 [pool-27-thread-1] INFO  server.RaftServerConfigKeys (ConfUtils.java:logGet(43)) - raft.server.retrycache.expirytime = 600000ms (custom)
2019-09-19 13:38:31,115 [pool-57-thread-1] INFO  server.RaftServerConfigKeys (ConfUtils.java:logGet(43)) - raft.server.log.statemachine.data.caching.enabled = true (custom)
2019-09-19 13:38:31,115 [pool-47-thread-1] INFO  server.RaftServerConfigKeys (ConfUtils.java:logGet(43)) - raft.server.log.statemachine.data.sync = true (default)
2019-09-19 13:38:31,116 [pool-47-thread-1] INFO  server.RaftServerConfigKeys (ConfUtils.java:logGet(43)) - raft.server.log.statemachine.data.sync.timeout = 10s (default)
2019-09-19 13:38:31,116 [pool-57-thread-1] INFO  segmented.SegmentedRaftLogWorker (SegmentedRaftLogWorker.java:lambda$new$0(132)) - 0a5ba9de-a835-4228-8329-4edfff30d06e@group-19189F669019-SegmentedRaftLogWorker: flushIndex: setUnconditionally 0 -> -1
2019-09-19 13:38:31,116 [pool-47-thread-1] INFO  server.RaftServerConfigKeys (ConfUtils.java:logGet(43)) - raft.server.log.statemachine.data.sync.timeout.retry = -1 (default)
2019-09-19 13:38:31,116 [pool-57-thread-1] INFO  server.RaftServerConfigKeys (ConfUtils.java:logGet(43)) - raft.server.snapshot.auto.trigger.enabled = true (custom)
2019-09-19 13:38:31,116 [pool-47-thread-1] INFO  server.RaftServerConfigKeys (ConfUtils.java:logGet(43)) - raft.server.log.statemachine.data.caching.enabled = true (custom)
2019-09-19 13:38:31,116 [pool-57-thread-1] INFO  server.RaftServerConfigKeys (ConfUtils.java:logGet(43)) - raft.server.snapshot.auto.trigger.threshold = 10000 (custom)
2019-09-19 13:38:31,117 [pool-57-thread-1] INFO  server.RaftServerConfigKeys (ConfUtils.java:logGet(43)) - raft.server.snapshot.retention.num.files = 5 (custom)
2019-09-19 13:38:31,117 [pool-47-thread-1] INFO  segmented.SegmentedRaftLogWorker (SegmentedRaftLogWorker.java:lambda$new$0(132)) - f542701f-6f5b-424f-8f38-b614db00c364@group-19189F669019-SegmentedRaftLogWorker: flushIndex: setUnconditionally 0 -> -1
2019-09-19 13:38:31,117 [pool-57-thread-1] INFO  server.RaftServerConfigKeys (ConfUtils.java:logGet(43)) - raft.server.retrycache.expirytime = 600000ms (custom)
2019-09-19 13:38:31,117 [pool-47-thread-1] INFO  server.RaftServerConfigKeys (ConfUtils.java:logGet(43)) - raft.server.snapshot.auto.trigger.enabled = true (custom)
2019-09-19 13:38:31,117 [pool-47-thread-1] INFO  server.RaftServerConfigKeys (ConfUtils.java:logGet(43)) - raft.server.snapshot.auto.trigger.threshold = 10000 (custom)
2019-09-19 13:38:31,118 [pool-47-thread-1] INFO  server.RaftServerConfigKeys (ConfUtils.java:logGet(43)) - raft.server.snapshot.retention.num.files = 5 (custom)
2019-09-19 13:38:31,118 [pool-47-thread-1] INFO  server.RaftServerConfigKeys (ConfUtils.java:logGet(43)) - raft.server.retrycache.expirytime = 600000ms (custom)
2019-09-19 13:38:31,119 [pool-27-thread-1] INFO  impl.RaftServerImpl (RaftServerImpl.java:start(185)) - d2cb86cd-c327-4321-a829-e2a5e72c5825@group-19189F669019: start as a follower, conf=-1: [d2cb86cd-c327-4321-a829-e2a5e72c5825:192.168.34.51:38110, f542701f-6f5b-424f-8f38-b614db00c364:192.168.34.51:34792, 0a5ba9de-a835-4228-8329-4edfff30d06e:192.168.34.51:45227], old=null
2019-09-19 13:38:31,119 [pool-27-thread-1] INFO  impl.RaftServerImpl (RaftServerImpl.java:setRole(174)) - d2cb86cd-c327-4321-a829-e2a5e72c5825@group-19189F669019: changes role from      null to FOLLOWER at term 0 for startAsFollower
2019-09-19 13:38:31,120 [pool-27-thread-1] INFO  impl.RoleInfo (RoleInfo.java:updateAndGet(143)) - d2cb86cd-c327-4321-a829-e2a5e72c5825: start FollowerState
2019-09-19 13:38:31,120 [pool-27-thread-1] INFO  util.JmxRegister (JmxRegister.java:tryRegister(44)) - Successfully registered JMX Bean with object name Ratis:service=RaftServer,group=group-19189F669019,id=d2cb86cd-c327-4321-a829-e2a5e72c5825
2019-09-19 13:38:31,121 [pool-57-thread-1] INFO  impl.RaftServerImpl (RaftServerImpl.java:start(185)) - 0a5ba9de-a835-4228-8329-4edfff30d06e@group-19189F669019: start as a follower, conf=-1: [d2cb86cd-c327-4321-a829-e2a5e72c5825:192.168.34.51:38110, f542701f-6f5b-424f-8f38-b614db00c364:192.168.34.51:34792, 0a5ba9de-a835-4228-8329-4edfff30d06e:192.168.34.51:45227], old=null
2019-09-19 13:38:31,121 [pool-57-thread-1] INFO  impl.RaftServerImpl (RaftServerImpl.java:setRole(174)) - 0a5ba9de-a835-4228-8329-4edfff30d06e@group-19189F669019: changes role from      null to FOLLOWER at term 0 for startAsFollower
2019-09-19 13:38:31,121 [pool-57-thread-1] INFO  impl.RoleInfo (RoleInfo.java:updateAndGet(143)) - 0a5ba9de-a835-4228-8329-4edfff30d06e: start FollowerState
2019-09-19 13:38:31,122 [pool-47-thread-1] INFO  impl.RaftServerImpl (RaftServerImpl.java:start(185)) - f542701f-6f5b-424f-8f38-b614db00c364@group-19189F669019: start as a follower, conf=-1: [d2cb86cd-c327-4321-a829-e2a5e72c5825:192.168.34.51:38110, f542701f-6f5b-424f-8f38-b614db00c364:192.168.34.51:34792, 0a5ba9de-a835-4228-8329-4edfff30d06e:192.168.34.51:45227], old=null
2019-09-19 13:38:31,122 [pool-47-thread-1] INFO  impl.RaftServerImpl (RaftServerImpl.java:setRole(174)) - f542701f-6f5b-424f-8f38-b614db00c364@group-19189F669019: changes role from      null to FOLLOWER at term 0 for startAsFollower
2019-09-19 13:38:31,122 [pool-57-thread-1] INFO  util.JmxRegister (JmxRegister.java:tryRegister(44)) - Successfully registered JMX Bean with object name Ratis:service=RaftServer,group=group-19189F669019,id=0a5ba9de-a835-4228-8329-4edfff30d06e
2019-09-19 13:38:31,124 [pool-47-thread-1] INFO  impl.RoleInfo (RoleInfo.java:updateAndGet(143)) - f542701f-6f5b-424f-8f38-b614db00c364: start FollowerState
2019-09-19 13:38:31,126 [pool-47-thread-1] INFO  util.JmxRegister (JmxRegister.java:tryRegister(44)) - Successfully registered JMX Bean with object name Ratis:service=RaftServer,group=group-19189F669019,id=f542701f-6f5b-424f-8f38-b614db00c364
2019-09-19 13:38:31,141 [RatisPipelineUtilsThread] INFO  pipeline.PipelineStateManager (PipelineStateManager.java:addPipeline(56)) - Created pipeline Pipeline[ Id: 806b68b3-143b-478a-be5f-19189f669019, Nodes: 0a5ba9de-a835-4228-8329-4edfff30d06e{ip: 192.168.34.51, host: pr-hdds-1982-decom-states-fm625-96302961, networkLocation: /default-rack, certSerialId: null}f542701f-6f5b-424f-8f38-b614db00c364{ip: 192.168.34.51, host: pr-hdds-1982-decom-states-fm625-96302961, networkLocation: /default-rack, certSerialId: null}d2cb86cd-c327-4321-a829-e2a5e72c5825{ip: 192.168.34.51, host: pr-hdds-1982-decom-states-fm625-96302961, networkLocation: /default-rack, certSerialId: null}, Type:RATIS, Factor:THREE, State:OPEN]
2019-09-19 13:38:31,175 [grpc-default-executor-0] INFO  impl.RaftServerProxy (RaftServerProxy.java:addNew(89)) - b9e72fea-be24-4f60-85ed-f574905bb0be: addNew group-5D6796DDC8C5:[b9e72fea-be24-4f60-85ed-f574905bb0be:192.168.34.51:41445, a95c1d0c-bcc6-4baf-9ab7-6dcfd9f7324a:192.168.34.51:41760, 3b165c55-2cc0-4307-8cae-6e98b5c91765:192.168.34.51:41140] returns group-5D6796DDC8C5:java.util.concurrent.CompletableFuture@13b25051[Not completed]
2019-09-19 13:38:31,177 [pool-87-thread-1] INFO  impl.RaftServerImpl (RaftServerImpl.java:<init>(95)) - b9e72fea-be24-4f60-85ed-f574905bb0be: new RaftServerImpl for group-5D6796DDC8C5:[b9e72fea-be24-4f60-85ed-f574905bb0be:192.168.34.51:41445, a95c1d0c-bcc6-4baf-9ab7-6dcfd9f7324a:192.168.34.51:41760, 3b165c55-2cc0-4307-8cae-6e98b5c91765:192.168.34.51:41140] with ContainerStateMachine:uninitialized
2019-09-19 13:38:31,184 [pool-87-thread-1] INFO  server.RaftServerConfigKeys (ConfUtils.java:logGet(43)) - raft.server.rpc.timeout.min = 5s (custom)
2019-09-19 13:38:31,184 [pool-87-thread-1] INFO  server.RaftServerConfigKeys (ConfUtils.java:logGet(43)) - raft.server.rpc.timeout.max = 5200ms (custom)
2019-09-19 13:38:31,184 [pool-87-thread-1] INFO  server.RaftServerConfigKeys (ConfUtils.java:logGet(43)) - raft.server.rpcslowness.timeout = 120s (custom)
2019-09-19 13:38:31,184 [grpc-default-executor-1] INFO  impl.RaftServerProxy (RaftServerProxy.java:addNew(89)) - a95c1d0c-bcc6-4baf-9ab7-6dcfd9f7324a: addNew group-5D6796DDC8C5:[b9e72fea-be24-4f60-85ed-f574905bb0be:192.168.34.51:41445, a95c1d0c-bcc6-4baf-9ab7-6dcfd9f7324a:192.168.34.51:41760, 3b165c55-2cc0-4307-8cae-6e98b5c91765:192.168.34.51:41140] returns group-5D6796DDC8C5:java.util.concurrent.CompletableFuture@2714e814[Not completed]
2019-09-19 13:38:31,185 [pool-87-thread-1] INFO  server.RaftServerConfigKeys (ConfUtils.java:logGet(43)) - raft.server.sleep.deviation.threshold = 300 (default)
2019-09-19 13:38:31,185 [grpc-default-executor-0] INFO  impl.RaftServerProxy (RaftServerProxy.java:addNew(89)) - 3b165c55-2cc0-4307-8cae-6e98b5c91765: addNew group-5D6796DDC8C5:[b9e72fea-be24-4f60-85ed-f574905bb0be:192.168.34.51:41445, a95c1d0c-bcc6-4baf-9ab7-6dcfd9f7324a:192.168.34.51:41760, 3b165c55-2cc0-4307-8cae-6e98b5c91765:192.168.34.51:41140] returns group-5D6796DDC8C5:java.util.concurrent.CompletableFuture@7f9b6a6c[Not completed]
2019-09-19 13:38:31,185 [pool-87-thread-1] INFO  server.RaftServerConfigKeys (ConfUtils.java:logGet(43)) - raft.server.log.appender.install.snapshot.enabled = false (custom)
2019-09-19 13:38:31,185 [pool-87-thread-1] INFO  impl.RaftServerImpl (ServerState.java:<init>(103)) - b9e72fea-be24-4f60-85ed-f574905bb0be@group-5D6796DDC8C5: ConfigurationManager, init=-1: [b9e72fea-be24-4f60-85ed-f574905bb0be:192.168.34.51:41445, a95c1d0c-bcc6-4baf-9ab7-6dcfd9f7324a:192.168.34.51:41760, 3b165c55-2cc0-4307-8cae-6e98b5c91765:192.168.34.51:41140], old=null, confs=<EMPTY_MAP>
2019-09-19 13:38:31,185 [pool-87-thread-1] INFO  server.RaftServerConfigKeys (ConfUtils.java:logGet(43)) - raft.server.storage.dir = [/workdir/hadoop-ozone/integration-test/target/test-dir/MiniOzoneClusterImpl-39bd3618-1370-4f1c-b084-0cd74823b8da/datanode-6/data/ratis] (custom)
2019-09-19 13:38:31,185 [pool-87-thread-1] INFO  storage.RaftStorageDirectory (RaftStorageDirectory.java:analyzeStorage(246)) - The storage directory /workdir/hadoop-ozone/integration-test/target/test-dir/MiniOzoneClusterImpl-39bd3618-1370-4f1c-b084-0cd74823b8da/datanode-6/data/ratis/caff8601-4ae8-4cfc-8043-5d6796ddc8c5 does not exist. Creating ...
2019-09-19 13:38:31,186 [pool-37-thread-1] INFO  impl.RaftServerImpl (RaftServerImpl.java:<init>(95)) - a95c1d0c-bcc6-4baf-9ab7-6dcfd9f7324a: new RaftServerImpl for group-5D6796DDC8C5:[b9e72fea-be24-4f60-85ed-f574905bb0be:192.168.34.51:41445, a95c1d0c-bcc6-4baf-9ab7-6dcfd9f7324a:192.168.34.51:41760, 3b165c55-2cc0-4307-8cae-6e98b5c91765:192.168.34.51:41140] with ContainerStateMachine:uninitialized
2019-09-19 13:38:31,186 [pool-37-thread-1] INFO  server.RaftServerConfigKeys (ConfUtils.java:logGet(43)) - raft.server.rpc.timeout.min = 5s (custom)
2019-09-19 13:38:31,187 [pool-37-thread-1] INFO  server.RaftServerConfigKeys (ConfUtils.java:logGet(43)) - raft.server.rpc.timeout.max = 5200ms (custom)
2019-09-19 13:38:31,187 [pool-37-thread-1] INFO  server.RaftServerConfigKeys (ConfUtils.java:logGet(43)) - raft.server.rpcslowness.timeout = 120s (custom)
2019-09-19 13:38:31,187 [pool-37-thread-1] INFO  server.RaftServerConfigKeys (ConfUtils.java:logGet(43)) - raft.server.sleep.deviation.threshold = 300 (default)
2019-09-19 13:38:31,187 [pool-37-thread-1] INFO  server.RaftServerConfigKeys (ConfUtils.java:logGet(43)) - raft.server.log.appender.install.snapshot.enabled = false (custom)
2019-09-19 13:38:31,187 [pool-37-thread-1] INFO  impl.RaftServerImpl (ServerState.java:<init>(103)) - a95c1d0c-bcc6-4baf-9ab7-6dcfd9f7324a@group-5D6796DDC8C5: ConfigurationManager, init=-1: [b9e72fea-be24-4f60-85ed-f574905bb0be:192.168.34.51:41445, a95c1d0c-bcc6-4baf-9ab7-6dcfd9f7324a:192.168.34.51:41760, 3b165c55-2cc0-4307-8cae-6e98b5c91765:192.168.34.51:41140], old=null, confs=<EMPTY_MAP>
2019-09-19 13:38:31,187 [pool-37-thread-1] INFO  server.RaftServerConfigKeys (ConfUtils.java:logGet(43)) - raft.server.storage.dir = [/workdir/hadoop-ozone/integration-test/target/test-dir/MiniOzoneClusterImpl-39bd3618-1370-4f1c-b084-0cd74823b8da/datanode-1/data/ratis] (custom)
2019-09-19 13:38:31,187 [pool-77-thread-1] INFO  impl.RaftServerImpl (RaftServerImpl.java:<init>(95)) - 3b165c55-2cc0-4307-8cae-6e98b5c91765: new RaftServerImpl for group-5D6796DDC8C5:[b9e72fea-be24-4f60-85ed-f574905bb0be:192.168.34.51:41445, a95c1d0c-bcc6-4baf-9ab7-6dcfd9f7324a:192.168.34.51:41760, 3b165c55-2cc0-4307-8cae-6e98b5c91765:192.168.34.51:41140] with ContainerStateMachine:uninitialized
2019-09-19 13:38:31,187 [pool-77-thread-1] INFO  server.RaftServerConfigKeys (ConfUtils.java:logGet(43)) - raft.server.rpc.timeout.min = 5s (custom)
2019-09-19 13:38:31,187 [pool-37-thread-1] INFO  storage.RaftStorageDirectory (RaftStorageDirectory.java:analyzeStorage(246)) - The storage directory /workdir/hadoop-ozone/integration-test/target/test-dir/MiniOzoneClusterImpl-39bd3618-1370-4f1c-b084-0cd74823b8da/datanode-1/data/ratis/caff8601-4ae8-4cfc-8043-5d6796ddc8c5 does not exist. Creating ...
2019-09-19 13:38:31,188 [pool-77-thread-1] INFO  server.RaftServerConfigKeys (ConfUtils.java:logGet(43)) - raft.server.rpc.timeout.max = 5200ms (custom)
2019-09-19 13:38:31,188 [pool-77-thread-1] INFO  server.RaftServerConfigKeys (ConfUtils.java:logGet(43)) - raft.server.rpcslowness.timeout = 120s (custom)
2019-09-19 13:38:31,188 [pool-77-thread-1] INFO  server.RaftServerConfigKeys (ConfUtils.java:logGet(43)) - raft.server.sleep.deviation.threshold = 300 (default)
2019-09-19 13:38:31,188 [pool-77-thread-1] INFO  server.RaftServerConfigKeys (ConfUtils.java:logGet(43)) - raft.server.log.appender.install.snapshot.enabled = false (custom)
2019-09-19 13:38:31,188 [pool-77-thread-1] INFO  impl.RaftServerImpl (ServerState.java:<init>(103)) - 3b165c55-2cc0-4307-8cae-6e98b5c91765@group-5D6796DDC8C5: ConfigurationManager, init=-1: [b9e72fea-be24-4f60-85ed-f574905bb0be:192.168.34.51:41445, a95c1d0c-bcc6-4baf-9ab7-6dcfd9f7324a:192.168.34.51:41760, 3b165c55-2cc0-4307-8cae-6e98b5c91765:192.168.34.51:41140], old=null, confs=<EMPTY_MAP>
2019-09-19 13:38:31,188 [pool-77-thread-1] INFO  server.RaftServerConfigKeys (ConfUtils.java:logGet(43)) - raft.server.storage.dir = [/workdir/hadoop-ozone/integration-test/target/test-dir/MiniOzoneClusterImpl-39bd3618-1370-4f1c-b084-0cd74823b8da/datanode-5/data/ratis] (custom)
2019-09-19 13:38:31,189 [pool-77-thread-1] INFO  storage.RaftStorageDirectory (RaftStorageDirectory.java:analyzeStorage(246)) - The storage directory /workdir/hadoop-ozone/integration-test/target/test-dir/MiniOzoneClusterImpl-39bd3618-1370-4f1c-b084-0cd74823b8da/datanode-5/data/ratis/caff8601-4ae8-4cfc-8043-5d6796ddc8c5 does not exist. Creating ...
2019-09-19 13:38:31,199 [pool-77-thread-1] INFO  storage.RaftStorageDirectory (RaftStorageDirectory.java:tryLock(328)) - Lock on /workdir/hadoop-ozone/integration-test/target/test-dir/MiniOzoneClusterImpl-39bd3618-1370-4f1c-b084-0cd74823b8da/datanode-5/data/ratis/caff8601-4ae8-4cfc-8043-5d6796ddc8c5/in_use.lock acquired by nodename 28069@pr-hdds-1982-decom-states-fm625-96302961
2019-09-19 13:38:31,199 [pool-87-thread-1] INFO  storage.RaftStorageDirectory (RaftStorageDirectory.java:tryLock(328)) - Lock on /workdir/hadoop-ozone/integration-test/target/test-dir/MiniOzoneClusterImpl-39bd3618-1370-4f1c-b084-0cd74823b8da/datanode-6/data/ratis/caff8601-4ae8-4cfc-8043-5d6796ddc8c5/in_use.lock acquired by nodename 28069@pr-hdds-1982-decom-states-fm625-96302961
2019-09-19 13:38:31,199 [pool-37-thread-1] INFO  storage.RaftStorageDirectory (RaftStorageDirectory.java:tryLock(328)) - Lock on /workdir/hadoop-ozone/integration-test/target/test-dir/MiniOzoneClusterImpl-39bd3618-1370-4f1c-b084-0cd74823b8da/datanode-1/data/ratis/caff8601-4ae8-4cfc-8043-5d6796ddc8c5/in_use.lock acquired by nodename 28069@pr-hdds-1982-decom-states-fm625-96302961
2019-09-19 13:38:31,213 [pool-37-thread-1] INFO  storage.RaftStorage (RaftStorage.java:format(72)) - Storage directory /workdir/hadoop-ozone/integration-test/target/test-dir/MiniOzoneClusterImpl-39bd3618-1370-4f1c-b084-0cd74823b8da/datanode-1/data/ratis/caff8601-4ae8-4cfc-8043-5d6796ddc8c5 has been successfully formatted.
2019-09-19 13:38:31,213 [pool-77-thread-1] INFO  storage.RaftStorage (RaftStorage.java:format(72)) - Storage directory /workdir/hadoop-ozone/integration-test/target/test-dir/MiniOzoneClusterImpl-39bd3618-1370-4f1c-b084-0cd74823b8da/datanode-5/data/ratis/caff8601-4ae8-4cfc-8043-5d6796ddc8c5 has been successfully formatted.
2019-09-19 13:38:31,213 [pool-37-thread-1] INFO  ratis.ContainerStateMachine (ContainerStateMachine.java:loadSnapshot(230)) - group-5D6796DDC8C5: The snapshot info is null. Setting the last applied indexto:(t:0, i:~)
2019-09-19 13:38:31,213 [pool-87-thread-1] INFO  storage.RaftStorage (RaftStorage.java:format(72)) - Storage directory /workdir/hadoop-ozone/integration-test/target/test-dir/MiniOzoneClusterImpl-39bd3618-1370-4f1c-b084-0cd74823b8da/datanode-6/data/ratis/caff8601-4ae8-4cfc-8043-5d6796ddc8c5 has been successfully formatted.
2019-09-19 13:38:31,213 [pool-37-thread-1] INFO  server.RaftServerConfigKeys (ConfUtils.java:logGet(43)) - raft.server.notification.no-leader.timeout = 120s (custom)
2019-09-19 13:38:31,213 [pool-77-thread-1] INFO  ratis.ContainerStateMachine (ContainerStateMachine.java:loadSnapshot(230)) - group-5D6796DDC8C5: The snapshot info is null. Setting the last applied indexto:(t:0, i:~)
2019-09-19 13:38:31,213 [pool-37-thread-1] INFO  server.RaftServerConfigKeys (ConfUtils.java:logGet(43)) - raft.server.log.use.memory = false (default)
2019-09-19 13:38:31,213 [pool-87-thread-1] INFO  ratis.ContainerStateMachine (ContainerStateMachine.java:loadSnapshot(230)) - group-5D6796DDC8C5: The snapshot info is null. Setting the last applied indexto:(t:0, i:~)
2019-09-19 13:38:31,214 [pool-37-thread-1] INFO  server.RaftServerConfigKeys (ConfUtils.java:logGet(43)) - raft.server.log.purge.gap = 1000000 (custom)
2019-09-19 13:38:31,214 [pool-87-thread-1] INFO  server.RaftServerConfigKeys (ConfUtils.java:logGet(43)) - raft.server.notification.no-leader.timeout = 120s (custom)
2019-09-19 13:38:31,214 [pool-77-thread-1] INFO  server.RaftServerConfigKeys (ConfUtils.java:logGet(43)) - raft.server.notification.no-leader.timeout = 120s (custom)
2019-09-19 13:38:31,214 [pool-87-thread-1] INFO  server.RaftServerConfigKeys (ConfUtils.java:logGet(43)) - raft.server.log.use.memory = false (default)
2019-09-19 13:38:31,214 [pool-37-thread-1] INFO  server.RaftServerConfigKeys (ConfUtils.java:logGet(43)) - raft.server.log.appender.buffer.byte-limit = 33554432 (custom)
2019-09-19 13:38:31,214 [pool-87-thread-1] INFO  server.RaftServerConfigKeys (ConfUtils.java:logGet(43)) - raft.server.log.purge.gap = 1000000 (custom)
2019-09-19 13:38:31,214 [pool-77-thread-1] INFO  server.RaftServerConfigKeys (ConfUtils.java:logGet(43)) - raft.server.log.use.memory = false (default)
2019-09-19 13:38:31,215 [pool-87-thread-1] INFO  server.RaftServerConfigKeys (ConfUtils.java:logGet(43)) - raft.server.log.appender.buffer.byte-limit = 33554432 (custom)
2019-09-19 13:38:31,214 [pool-37-thread-1] INFO  server.RaftServerConfigKeys (ConfUtils.java:logGet(43)) - raft.server.log.segment.size.max = 1048576 (custom)
2019-09-19 13:38:31,215 [pool-87-thread-1] INFO  server.RaftServerConfigKeys (ConfUtils.java:logGet(43)) - raft.server.log.segment.size.max = 1048576 (custom)
2019-09-19 13:38:31,215 [pool-77-thread-1] INFO  server.RaftServerConfigKeys (ConfUtils.java:logGet(43)) - raft.server.log.purge.gap = 1000000 (custom)
2019-09-19 13:38:31,215 [pool-87-thread-1] INFO  server.RaftServerConfigKeys (ConfUtils.java:logGet(43)) - raft.server.log.segment.cache.num.max = 2 (custom)
2019-09-19 13:38:31,215 [pool-37-thread-1] INFO  server.RaftServerConfigKeys (ConfUtils.java:logGet(43)) - raft.server.log.segment.cache.num.max = 2 (custom)
2019-09-19 13:38:31,215 [pool-87-thread-1] INFO  segmented.SegmentedRaftLogWorker (SegmentedRaftLogWorker.java:<init>(172)) - new b9e72fea-be24-4f60-85ed-f574905bb0be@group-5D6796DDC8C5-SegmentedRaftLogWorker for RaftStorage:Storage Directory /workdir/hadoop-ozone/integration-test/target/test-dir/MiniOzoneClusterImpl-39bd3618-1370-4f1c-b084-0cd74823b8da/datanode-6/data/ratis/caff8601-4ae8-4cfc-8043-5d6796ddc8c5
2019-09-19 13:38:31,215 [pool-77-thread-1] INFO  server.RaftServerConfigKeys (ConfUtils.java:logGet(43)) - raft.server.log.appender.buffer.byte-limit = 33554432 (custom)
2019-09-19 13:38:31,216 [pool-87-thread-1] INFO  server.RaftServerConfigKeys (ConfUtils.java:logGet(43)) - raft.server.log.queue.byte-limit = 2147483647 (custom)
2019-09-19 13:38:31,216 [pool-37-thread-1] INFO  segmented.SegmentedRaftLogWorker (SegmentedRaftLogWorker.java:<init>(172)) - new a95c1d0c-bcc6-4baf-9ab7-6dcfd9f7324a@group-5D6796DDC8C5-SegmentedRaftLogWorker for RaftStorage:Storage Directory /workdir/hadoop-ozone/integration-test/target/test-dir/MiniOzoneClusterImpl-39bd3618-1370-4f1c-b084-0cd74823b8da/datanode-1/data/ratis/caff8601-4ae8-4cfc-8043-5d6796ddc8c5
2019-09-19 13:38:31,216 [pool-87-thread-1] INFO  server.RaftServerConfigKeys (ConfUtils.java:logGet(43)) - raft.server.log.queue.element-limit = 1024 (custom)
2019-09-19 13:38:31,216 [pool-77-thread-1] INFO  server.RaftServerConfigKeys (ConfUtils.java:logGet(43)) - raft.server.log.segment.size.max = 1048576 (custom)
2019-09-19 13:38:31,216 [pool-87-thread-1] INFO  server.RaftServerConfigKeys (ConfUtils.java:logGet(43)) - raft.server.log.segment.size.max = 1048576 (custom)
2019-09-19 13:38:31,216 [pool-37-thread-1] INFO  server.RaftServerConfigKeys (ConfUtils.java:logGet(43)) - raft.server.log.queue.byte-limit = 2147483647 (custom)
2019-09-19 13:38:31,216 [pool-87-thread-1] INFO  server.RaftServerConfigKeys (ConfUtils.java:logGet(43)) - raft.server.log.preallocated.size = 16384 (custom)
2019-09-19 13:38:31,216 [pool-77-thread-1] INFO  server.RaftServerConfigKeys (ConfUtils.java:logGet(43)) - raft.server.log.segment.cache.num.max = 2 (custom)
2019-09-19 13:38:31,217 [pool-87-thread-1] INFO  server.RaftServerConfigKeys (ConfUtils.java:logGet(43)) - raft.server.log.write.buffer.size = 33554432 (custom)
2019-09-19 13:38:31,217 [pool-37-thread-1] INFO  server.RaftServerConfigKeys (ConfUtils.java:logGet(43)) - raft.server.log.queue.element-limit = 1024 (custom)
2019-09-19 13:38:31,217 [pool-87-thread-1] INFO  server.RaftServerConfigKeys (ConfUtils.java:logGet(43)) - raft.server.log.force.sync.num = 128 (default)
2019-09-19 13:38:31,217 [pool-77-thread-1] INFO  segmented.SegmentedRaftLogWorker (SegmentedRaftLogWorker.java:<init>(172)) - new 3b165c55-2cc0-4307-8cae-6e98b5c91765@group-5D6796DDC8C5-SegmentedRaftLogWorker for RaftStorage:Storage Directory /workdir/hadoop-ozone/integration-test/target/test-dir/MiniOzoneClusterImpl-39bd3618-1370-4f1c-b084-0cd74823b8da/datanode-5/data/ratis/caff8601-4ae8-4cfc-8043-5d6796ddc8c5
2019-09-19 13:38:31,217 [pool-87-thread-1] INFO  server.RaftServerConfigKeys (ConfUtils.java:logGet(43)) - raft.server.log.statemachine.data.sync = true (default)
2019-09-19 13:38:31,217 [pool-37-thread-1] INFO  server.RaftServerConfigKeys (ConfUtils.java:logGet(43)) - raft.server.log.segment.size.max = 1048576 (custom)
2019-09-19 13:38:31,218 [pool-87-thread-1] INFO  server.RaftServerConfigKeys (ConfUtils.java:logGet(43)) - raft.server.log.statemachine.data.sync.timeout = 10s (default)
2019-09-19 13:38:31,217 [pool-77-thread-1] INFO  server.RaftServerConfigKeys (ConfUtils.java:logGet(43)) - raft.server.log.queue.byte-limit = 2147483647 (custom)
2019-09-19 13:38:31,218 [pool-87-thread-1] INFO  server.RaftServerConfigKeys (ConfUtils.java:logGet(43)) - raft.server.log.statemachine.data.sync.timeout.retry = -1 (default)
2019-09-19 13:38:31,218 [pool-37-thread-1] INFO  server.RaftServerConfigKeys (ConfUtils.java:logGet(43)) - raft.server.log.preallocated.size = 16384 (custom)
2019-09-19 13:38:31,218 [pool-87-thread-1] INFO  server.RaftServerConfigKeys (ConfUtils.java:logGet(43)) - raft.server.log.statemachine.data.caching.enabled = true (custom)
2019-09-19 13:38:31,218 [pool-77-thread-1] INFO  server.RaftServerConfigKeys (ConfUtils.java:logGet(43)) - raft.server.log.queue.element-limit = 1024 (custom)
2019-09-19 13:38:31,218 [pool-37-thread-1] INFO  server.RaftServerConfigKeys (ConfUtils.java:logGet(43)) - raft.server.log.write.buffer.size = 33554432 (custom)
2019-09-19 13:38:31,219 [pool-77-thread-1] INFO  server.RaftServerConfigKeys (ConfUtils.java:logGet(43)) - raft.server.log.segment.size.max = 1048576 (custom)
2019-09-19 13:38:31,219 [pool-87-thread-1] INFO  segmented.SegmentedRaftLogWorker (SegmentedRaftLogWorker.java:lambda$new$0(132)) - b9e72fea-be24-4f60-85ed-f574905bb0be@group-5D6796DDC8C5-SegmentedRaftLogWorker: flushIndex: setUnconditionally 0 -> -1
2019-09-19 13:38:31,219 [pool-77-thread-1] INFO  server.RaftServerConfigKeys (ConfUtils.java:logGet(43)) - raft.server.log.preallocated.size = 16384 (custom)
2019-09-19 13:38:31,219 [pool-37-thread-1] INFO  server.RaftServerConfigKeys (ConfUtils.java:logGet(43)) - raft.server.log.force.sync.num = 128 (default)
2019-09-19 13:38:31,219 [pool-87-thread-1] INFO  server.RaftServerConfigKeys (ConfUtils.java:logGet(43)) - raft.server.snapshot.auto.trigger.enabled = true (custom)
2019-09-19 13:38:31,219 [pool-37-thread-1] INFO  server.RaftServerConfigKeys (ConfUtils.java:logGet(43)) - raft.server.log.statemachine.data.sync = true (default)
2019-09-19 13:38:31,219 [pool-77-thread-1] INFO  server.RaftServerConfigKeys (ConfUtils.java:logGet(43)) - raft.server.log.write.buffer.size = 33554432 (custom)
2019-09-19 13:38:31,219 [pool-37-thread-1] INFO  server.RaftServerConfigKeys (ConfUtils.java:logGet(43)) - raft.server.log.statemachine.data.sync.timeout = 10s (default)
2019-09-19 13:38:31,219 [pool-87-thread-1] INFO  server.RaftServerConfigKeys (ConfUtils.java:logGet(43)) - raft.server.snapshot.auto.trigger.threshold = 10000 (custom)
2019-09-19 13:38:31,220 [pool-37-thread-1] INFO  server.RaftServerConfigKeys (ConfUtils.java:logGet(43)) - raft.server.log.statemachine.data.sync.timeout.retry = -1 (default)
2019-09-19 13:38:31,220 [pool-77-thread-1] INFO  server.RaftServerConfigKeys (ConfUtils.java:logGet(43)) - raft.server.log.force.sync.num = 128 (default)
2019-09-19 13:38:31,220 [pool-37-thread-1] INFO  server.RaftServerConfigKeys (ConfUtils.java:logGet(43)) - raft.server.log.statemachine.data.caching.enabled = true (custom)
2019-09-19 13:38:31,220 [pool-87-thread-1] INFO  server.RaftServerConfigKeys (ConfUtils.java:logGet(43)) - raft.server.snapshot.retention.num.files = 5 (custom)
2019-09-19 13:38:31,220 [pool-77-thread-1] INFO  server.RaftServerConfigKeys (ConfUtils.java:logGet(43)) - raft.server.log.statemachine.data.sync = true (default)
2019-09-19 13:38:31,220 [pool-87-thread-1] INFO  server.RaftServerConfigKeys (ConfUtils.java:logGet(43)) - raft.server.retrycache.expirytime = 600000ms (custom)
2019-09-19 13:38:31,220 [pool-77-thread-1] INFO  server.RaftServerConfigKeys (ConfUtils.java:logGet(43)) - raft.server.log.statemachine.data.sync.timeout = 10s (default)
2019-09-19 13:38:31,220 [pool-37-thread-1] INFO  segmented.SegmentedRaftLogWorker (SegmentedRaftLogWorker.java:lambda$new$0(132)) - a95c1d0c-bcc6-4baf-9ab7-6dcfd9f7324a@group-5D6796DDC8C5-SegmentedRaftLogWorker: flushIndex: setUnconditionally 0 -> -1
2019-09-19 13:38:31,221 [pool-77-thread-1] INFO  server.RaftServerConfigKeys (ConfUtils.java:logGet(43)) - raft.server.log.statemachine.data.sync.timeout.retry = -1 (default)
2019-09-19 13:38:31,221 [pool-77-thread-1] INFO  server.RaftServerConfigKeys (ConfUtils.java:logGet(43)) - raft.server.log.statemachine.data.caching.enabled = true (custom)
2019-09-19 13:38:31,221 [pool-37-thread-1] INFO  server.RaftServerConfigKeys (ConfUtils.java:logGet(43)) - raft.server.snapshot.auto.trigger.enabled = true (custom)
2019-09-19 13:38:31,221 [pool-77-thread-1] INFO  segmented.SegmentedRaftLogWorker (SegmentedRaftLogWorker.java:lambda$new$0(132)) - 3b165c55-2cc0-4307-8cae-6e98b5c91765@group-5D6796DDC8C5-SegmentedRaftLogWorker: flushIndex: setUnconditionally 0 -> -1
2019-09-19 13:38:31,222 [pool-37-thread-1] INFO  server.RaftServerConfigKeys (ConfUtils.java:logGet(43)) - raft.server.snapshot.auto.trigger.threshold = 10000 (custom)
2019-09-19 13:38:31,222 [pool-37-thread-1] INFO  server.RaftServerConfigKeys (ConfUtils.java:logGet(43)) - raft.server.snapshot.retention.num.files = 5 (custom)
2019-09-19 13:38:31,222 [pool-77-thread-1] INFO  server.RaftServerConfigKeys (ConfUtils.java:logGet(43)) - raft.server.snapshot.auto.trigger.enabled = true (custom)
2019-09-19 13:38:31,222 [pool-37-thread-1] INFO  server.RaftServerConfigKeys (ConfUtils.java:logGet(43)) - raft.server.retrycache.expirytime = 600000ms (custom)
2019-09-19 13:38:31,222 [pool-77-thread-1] INFO  server.RaftServerConfigKeys (ConfUtils.java:logGet(43)) - raft.server.snapshot.auto.trigger.threshold = 10000 (custom)
2019-09-19 13:38:31,222 [pool-77-thread-1] INFO  server.RaftServerConfigKeys (ConfUtils.java:logGet(43)) - raft.server.snapshot.retention.num.files = 5 (custom)
2019-09-19 13:38:31,222 [pool-77-thread-1] INFO  server.RaftServerConfigKeys (ConfUtils.java:logGet(43)) - raft.server.retrycache.expirytime = 600000ms (custom)
2019-09-19 13:38:31,223 [pool-87-thread-1] INFO  impl.RaftServerImpl (RaftServerImpl.java:start(185)) - b9e72fea-be24-4f60-85ed-f574905bb0be@group-5D6796DDC8C5: start as a follower, conf=-1: [b9e72fea-be24-4f60-85ed-f574905bb0be:192.168.34.51:41445, a95c1d0c-bcc6-4baf-9ab7-6dcfd9f7324a:192.168.34.51:41760, 3b165c55-2cc0-4307-8cae-6e98b5c91765:192.168.34.51:41140], old=null
2019-09-19 13:38:31,223 [pool-87-thread-1] INFO  impl.RaftServerImpl (RaftServerImpl.java:setRole(174)) - b9e72fea-be24-4f60-85ed-f574905bb0be@group-5D6796DDC8C5: changes role from      null to FOLLOWER at term 0 for startAsFollower
2019-09-19 13:38:31,224 [pool-87-thread-1] INFO  impl.RoleInfo (RoleInfo.java:updateAndGet(143)) - b9e72fea-be24-4f60-85ed-f574905bb0be: start FollowerState
2019-09-19 13:38:31,224 [pool-87-thread-1] INFO  util.JmxRegister (JmxRegister.java:tryRegister(44)) - Successfully registered JMX Bean with object name Ratis:service=RaftServer,group=group-5D6796DDC8C5,id=b9e72fea-be24-4f60-85ed-f574905bb0be
2019-09-19 13:38:31,225 [pool-77-thread-1] INFO  impl.RaftServerImpl (RaftServerImpl.java:start(185)) - 3b165c55-2cc0-4307-8cae-6e98b5c91765@group-5D6796DDC8C5: start as a follower, conf=-1: [b9e72fea-be24-4f60-85ed-f574905bb0be:192.168.34.51:41445, a95c1d0c-bcc6-4baf-9ab7-6dcfd9f7324a:192.168.34.51:41760, 3b165c55-2cc0-4307-8cae-6e98b5c91765:192.168.34.51:41140], old=null
2019-09-19 13:38:31,225 [pool-37-thread-1] INFO  impl.RaftServerImpl (RaftServerImpl.java:start(185)) - a95c1d0c-bcc6-4baf-9ab7-6dcfd9f7324a@group-5D6796DDC8C5: start as a follower, conf=-1: [b9e72fea-be24-4f60-85ed-f574905bb0be:192.168.34.51:41445, a95c1d0c-bcc6-4baf-9ab7-6dcfd9f7324a:192.168.34.51:41760, 3b165c55-2cc0-4307-8cae-6e98b5c91765:192.168.34.51:41140], old=null
2019-09-19 13:38:31,225 [pool-77-thread-1] INFO  impl.RaftServerImpl (RaftServerImpl.java:setRole(174)) - 3b165c55-2cc0-4307-8cae-6e98b5c91765@group-5D6796DDC8C5: changes role from      null to FOLLOWER at term 0 for startAsFollower
2019-09-19 13:38:31,227 [pool-37-thread-1] INFO  impl.RaftServerImpl (RaftServerImpl.java:setRole(174)) - a95c1d0c-bcc6-4baf-9ab7-6dcfd9f7324a@group-5D6796DDC8C5: changes role from      null to FOLLOWER at term 0 for startAsFollower
2019-09-19 13:38:31,228 [pool-77-thread-1] INFO  impl.RoleInfo (RoleInfo.java:updateAndGet(143)) - 3b165c55-2cc0-4307-8cae-6e98b5c91765: start FollowerState
2019-09-19 13:38:31,229 [pool-37-thread-1] INFO  impl.RoleInfo (RoleInfo.java:updateAndGet(143)) - a95c1d0c-bcc6-4baf-9ab7-6dcfd9f7324a: start FollowerState
2019-09-19 13:38:31,229 [pool-77-thread-1] INFO  util.JmxRegister (JmxRegister.java:tryRegister(44)) - Successfully registered JMX Bean with object name Ratis:service=RaftServer,group=group-5D6796DDC8C5,id=3b165c55-2cc0-4307-8cae-6e98b5c91765
2019-09-19 13:38:31,231 [pool-37-thread-1] INFO  util.JmxRegister (JmxRegister.java:tryRegister(44)) - Successfully registered JMX Bean with object name Ratis:service=RaftServer,group=group-5D6796DDC8C5,id=a95c1d0c-bcc6-4baf-9ab7-6dcfd9f7324a
2019-09-19 13:38:31,244 [RatisPipelineUtilsThread] INFO  pipeline.PipelineStateManager (PipelineStateManager.java:addPipeline(56)) - Created pipeline Pipeline[ Id: caff8601-4ae8-4cfc-8043-5d6796ddc8c5, Nodes: b9e72fea-be24-4f60-85ed-f574905bb0be{ip: 192.168.34.51, host: pr-hdds-1982-decom-states-fm625-96302961, networkLocation: /default-rack, certSerialId: null}a95c1d0c-bcc6-4baf-9ab7-6dcfd9f7324a{ip: 192.168.34.51, host: pr-hdds-1982-decom-states-fm625-96302961, networkLocation: /default-rack, certSerialId: null}3b165c55-2cc0-4307-8cae-6e98b5c91765{ip: 192.168.34.51, host: pr-hdds-1982-decom-states-fm625-96302961, networkLocation: /default-rack, certSerialId: null}, Type:RATIS, Factor:THREE, State:OPEN]
2019-09-19 13:38:31,283 [main] INFO  impl.MetricsSystemImpl (MetricsSystemImpl.java:init(158)) - XceiverClientMetrics metrics system started (again)
2019-09-19 13:38:31,753 [grpc-default-executor-0] INFO  client.GrpcClientProtocolClient (GrpcClientProtocolClient.java:onNext(264)) - client-313CEACB1F49->0a5ba9de-a835-4228-8329-4edfff30d06e: receive RaftClientReply:client-313CEACB1F49->0a5ba9de-a835-4228-8329-4edfff30d06e@group-19189F669019, cid=13, FAILED org.apache.ratis.protocol.NotLeaderException: Server 0a5ba9de-a835-4228-8329-4edfff30d06e@group-19189F669019 is not the leader, logIndex=0, commits[0a5ba9de-a835-4228-8329-4edfff30d06e:c-1]
2019-09-19 13:38:32,659 [Thread-238] INFO  container.ReplicationManager (ReplicationManager.java:start(162)) - Starting Replication Monitor Thread.
2019-09-19 13:38:32,664 [ReplicationMonitor] INFO  container.ReplicationManager (ReplicationManager.java:run(225)) - Replication Monitor Thread took 4 milliseconds for processing 1 containers.
2019-09-19 13:38:32,794 [grpc-default-executor-1] INFO  client.GrpcClientProtocolClient (GrpcClientProtocolClient.java:onNext(264)) - client-313CEACB1F49->f542701f-6f5b-424f-8f38-b614db00c364: receive RaftClientReply:client-313CEACB1F49->f542701f-6f5b-424f-8f38-b614db00c364@group-19189F669019, cid=13, FAILED org.apache.ratis.protocol.NotLeaderException: Server f542701f-6f5b-424f-8f38-b614db00c364@group-19189F669019 is not the leader, logIndex=0, commits[f542701f-6f5b-424f-8f38-b614db00c364:c-1]
2019-09-19 13:38:33,813 [grpc-default-executor-0] INFO  client.GrpcClientProtocolClient (GrpcClientProtocolClient.java:onNext(264)) - client-313CEACB1F49->0a5ba9de-a835-4228-8329-4edfff30d06e: receive RaftClientReply:client-313CEACB1F49->0a5ba9de-a835-4228-8329-4edfff30d06e@group-19189F669019, cid=13, FAILED org.apache.ratis.protocol.NotLeaderException: Server 0a5ba9de-a835-4228-8329-4edfff30d06e@group-19189F669019 is not the leader, logIndex=0, commits[0a5ba9de-a835-4228-8329-4edfff30d06e:c-1]
2019-09-19 13:38:34,836 [grpc-default-executor-0] INFO  client.GrpcClientProtocolClient (GrpcClientProtocolClient.java:onNext(264)) - client-313CEACB1F49->f542701f-6f5b-424f-8f38-b614db00c364: receive RaftClientReply:client-313CEACB1F49->f542701f-6f5b-424f-8f38-b614db00c364@group-19189F669019, cid=13, FAILED org.apache.ratis.protocol.NotLeaderException: Server f542701f-6f5b-424f-8f38-b614db00c364@group-19189F669019 is not the leader, logIndex=0, commits[f542701f-6f5b-424f-8f38-b614db00c364:c-1]
2019-09-19 13:38:35,484 [Thread-241] INFO  impl.FollowerState (FollowerState.java:run(106)) - d2cb86cd-c327-4321-a829-e2a5e72c5825:group-D67326426F22 changes to CANDIDATE, lastRpcTime:5122, electionTimeout:5122ms
2019-09-19 13:38:35,489 [Thread-241] INFO  impl.RoleInfo (RoleInfo.java:shutdownFollowerState(121)) - d2cb86cd-c327-4321-a829-e2a5e72c5825: shutdown FollowerState
2019-09-19 13:38:35,489 [Thread-241] INFO  impl.RaftServerImpl (RaftServerImpl.java:setRole(174)) - d2cb86cd-c327-4321-a829-e2a5e72c5825@group-D67326426F22: changes role from  FOLLOWER to CANDIDATE at term 0 for changeToCandidate
2019-09-19 13:38:35,493 [Thread-241] INFO  impl.RoleInfo (RoleInfo.java:updateAndGet(143)) - d2cb86cd-c327-4321-a829-e2a5e72c5825: start LeaderElection
2019-09-19 13:38:35,511 [d2cb86cd-c327-4321-a829-e2a5e72c5825@group-D67326426F22:LeaderElection1] INFO  impl.LeaderElection (LeaderElection.java:askForVotes(182)) - d2cb86cd-c327-4321-a829-e2a5e72c5825@group-D67326426F22:LeaderElection1: begin an election at term 1 for -1: [d2cb86cd-c327-4321-a829-e2a5e72c5825:192.168.34.51:38110], old=null
2019-09-19 13:38:35,514 [d2cb86cd-c327-4321-a829-e2a5e72c5825@group-D67326426F22:LeaderElection1] INFO  impl.RoleInfo (RoleInfo.java:shutdownLeaderElection(134)) - d2cb86cd-c327-4321-a829-e2a5e72c5825: shutdown LeaderElection
2019-09-19 13:38:35,515 [d2cb86cd-c327-4321-a829-e2a5e72c5825@group-D67326426F22:LeaderElection1] INFO  impl.RaftServerImpl (RaftServerImpl.java:setRole(174)) - d2cb86cd-c327-4321-a829-e2a5e72c5825@group-D67326426F22: changes role from CANDIDATE to LEADER at term 1 for changeToLeader
2019-09-19 13:38:35,515 [d2cb86cd-c327-4321-a829-e2a5e72c5825@group-D67326426F22:LeaderElection1] INFO  impl.RaftServerImpl (ServerState.java:setLeader(253)) - d2cb86cd-c327-4321-a829-e2a5e72c5825@group-D67326426F22: change Leader from null to d2cb86cd-c327-4321-a829-e2a5e72c5825 at term 1 for becomeLeader, leader elected after 5262ms
2019-09-19 13:38:35,526 [d2cb86cd-c327-4321-a829-e2a5e72c5825@group-D67326426F22:LeaderElection1] INFO  server.RaftServerConfigKeys (ConfUtils.java:logGet(43)) - raft.server.staging.catchup.gap = 1000 (default)
2019-09-19 13:38:35,526 [d2cb86cd-c327-4321-a829-e2a5e72c5825@group-D67326426F22:LeaderElection1] INFO  server.RaftServerConfigKeys (ConfUtils.java:logGet(43)) - raft.server.rpc.sleep.time = 25ms (default)
2019-09-19 13:38:35,530 [d2cb86cd-c327-4321-a829-e2a5e72c5825@group-D67326426F22:LeaderElection1] INFO  server.RaftServerConfigKeys (ConfUtils.java:logGet(43)) - raft.server.write.element-limit = 4096 (default)
2019-09-19 13:38:35,533 [d2cb86cd-c327-4321-a829-e2a5e72c5825@group-D67326426F22:LeaderElection1] INFO  server.RaftServerConfigKeys (ConfUtils.java:logGet(43)) - raft.server.watch.timeout = 10s (default)
2019-09-19 13:38:35,534 [d2cb86cd-c327-4321-a829-e2a5e72c5825@group-D67326426F22:LeaderElection1] INFO  server.RaftServerConfigKeys (ConfUtils.java:logGet(43)) - raft.server.watch.timeout.denomination = 1s (default)
2019-09-19 13:38:35,535 [d2cb86cd-c327-4321-a829-e2a5e72c5825@group-D67326426F22:LeaderElection1] INFO  server.RaftServerConfigKeys (ConfUtils.java:logGet(43)) - raft.server.watch.element-limit = 65536 (default)
2019-09-19 13:38:35,551 [d2cb86cd-c327-4321-a829-e2a5e72c5825@group-D67326426F22:LeaderElection1] INFO  impl.RoleInfo (RoleInfo.java:updateAndGet(143)) - d2cb86cd-c327-4321-a829-e2a5e72c5825: start LeaderState
2019-09-19 13:38:35,579 [d2cb86cd-c327-4321-a829-e2a5e72c5825@group-D67326426F22:LeaderElection1] INFO  segmented.SegmentedRaftLogWorker (SegmentedRaftLogWorker.java:startLogSegment(380)) - d2cb86cd-c327-4321-a829-e2a5e72c5825@group-D67326426F22-SegmentedRaftLogWorker: Starting segment from index:0
2019-09-19 13:38:35,589 [d2cb86cd-c327-4321-a829-e2a5e72c5825@group-D67326426F22:LeaderElection1] INFO  impl.RaftServerImpl (ServerState.java:setRaftConf(354)) - d2cb86cd-c327-4321-a829-e2a5e72c5825@group-D67326426F22: set configuration 0: [d2cb86cd-c327-4321-a829-e2a5e72c5825:192.168.34.51:38110], old=null at 0
2019-09-19 13:38:35,661 [Thread-244] INFO  impl.FollowerState (FollowerState.java:run(106)) - 0a5ba9de-a835-4228-8329-4edfff30d06e:group-640528C61AB8 changes to CANDIDATE, lastRpcTime:5135, electionTimeout:5134ms
2019-09-19 13:38:35,669 [Thread-244] INFO  impl.RoleInfo (RoleInfo.java:shutdownFollowerState(121)) - 0a5ba9de-a835-4228-8329-4edfff30d06e: shutdown FollowerState
2019-09-19 13:38:35,669 [Thread-244] INFO  impl.RaftServerImpl (RaftServerImpl.java:setRole(174)) - 0a5ba9de-a835-4228-8329-4edfff30d06e@group-640528C61AB8: changes role from  FOLLOWER to CANDIDATE at term 0 for changeToCandidate
2019-09-19 13:38:35,669 [Thread-244] INFO  impl.RoleInfo (RoleInfo.java:updateAndGet(143)) - 0a5ba9de-a835-4228-8329-4edfff30d06e: start LeaderElection
2019-09-19 13:38:35,707 [0a5ba9de-a835-4228-8329-4edfff30d06e@group-640528C61AB8:LeaderElection2] INFO  impl.LeaderElection (LeaderElection.java:askForVotes(182)) - 0a5ba9de-a835-4228-8329-4edfff30d06e@group-640528C61AB8:LeaderElection2: begin an election at term 1 for -1: [0a5ba9de-a835-4228-8329-4edfff30d06e:192.168.34.51:45227], old=null
2019-09-19 13:38:35,708 [0a5ba9de-a835-4228-8329-4edfff30d06e@group-640528C61AB8:LeaderElection2] INFO  impl.RoleInfo (RoleInfo.java:shutdownLeaderElection(134)) - 0a5ba9de-a835-4228-8329-4edfff30d06e: shutdown LeaderElection
2019-09-19 13:38:35,708 [0a5ba9de-a835-4228-8329-4edfff30d06e@group-640528C61AB8:LeaderElection2] INFO  impl.RaftServerImpl (RaftServerImpl.java:setRole(174)) - 0a5ba9de-a835-4228-8329-4edfff30d06e@group-640528C61AB8: changes role from CANDIDATE to LEADER at term 1 for changeToLeader
2019-09-19 13:38:35,708 [0a5ba9de-a835-4228-8329-4edfff30d06e@group-640528C61AB8:LeaderElection2] INFO  impl.RaftServerImpl (ServerState.java:setLeader(253)) - 0a5ba9de-a835-4228-8329-4edfff30d06e@group-640528C61AB8: change Leader from null to 0a5ba9de-a835-4228-8329-4edfff30d06e at term 1 for becomeLeader, leader elected after 5193ms
2019-09-19 13:38:35,710 [0a5ba9de-a835-4228-8329-4edfff30d06e@group-640528C61AB8:LeaderElection2] INFO  server.RaftServerConfigKeys (ConfUtils.java:logGet(43)) - raft.server.staging.catchup.gap = 1000 (default)
2019-09-19 13:38:35,710 [0a5ba9de-a835-4228-8329-4edfff30d06e@group-640528C61AB8:LeaderElection2] INFO  server.RaftServerConfigKeys (ConfUtils.java:logGet(43)) - raft.server.rpc.sleep.time = 25ms (default)
2019-09-19 13:38:35,711 [0a5ba9de-a835-4228-8329-4edfff30d06e@group-640528C61AB8:LeaderElection2] INFO  server.RaftServerConfigKeys (ConfUtils.java:logGet(43)) - raft.server.write.element-limit = 4096 (default)
2019-09-19 13:38:35,711 [0a5ba9de-a835-4228-8329-4edfff30d06e@group-640528C61AB8:LeaderElection2] INFO  server.RaftServerConfigKeys (ConfUtils.java:logGet(43)) - raft.server.watch.timeout = 10s (default)
2019-09-19 13:38:35,711 [0a5ba9de-a835-4228-8329-4edfff30d06e@group-640528C61AB8:LeaderElection2] INFO  server.RaftServerConfigKeys (ConfUtils.java:logGet(43)) - raft.server.watch.timeout.denomination = 1s (default)
2019-09-19 13:38:35,711 [0a5ba9de-a835-4228-8329-4edfff30d06e@group-640528C61AB8:LeaderElection2] INFO  server.RaftServerConfigKeys (ConfUtils.java:logGet(43)) - raft.server.watch.element-limit = 65536 (default)
2019-09-19 13:38:35,714 [0a5ba9de-a835-4228-8329-4edfff30d06e@group-640528C61AB8:LeaderElection2] INFO  impl.RoleInfo (RoleInfo.java:updateAndGet(143)) - 0a5ba9de-a835-4228-8329-4edfff30d06e: start LeaderState
2019-09-19 13:38:35,714 [0a5ba9de-a835-4228-8329-4edfff30d06e@group-640528C61AB8:LeaderElection2] INFO  segmented.SegmentedRaftLogWorker (SegmentedRaftLogWorker.java:startLogSegment(380)) - 0a5ba9de-a835-4228-8329-4edfff30d06e@group-640528C61AB8-SegmentedRaftLogWorker: Starting segment from index:0
2019-09-19 13:38:35,715 [0a5ba9de-a835-4228-8329-4edfff30d06e@group-640528C61AB8:LeaderElection2] INFO  impl.RaftServerImpl (ServerState.java:setRaftConf(354)) - 0a5ba9de-a835-4228-8329-4edfff30d06e@group-640528C61AB8: set configuration 0: [0a5ba9de-a835-4228-8329-4edfff30d06e:192.168.34.51:45227], old=null at 0
2019-09-19 13:38:35,721 [Thread-248] INFO  impl.FollowerState (FollowerState.java:run(106)) - f542701f-6f5b-424f-8f38-b614db00c364:group-BB3323042586 changes to CANDIDATE, lastRpcTime:5051, electionTimeout:5051ms
2019-09-19 13:38:35,723 [Thread-248] INFO  impl.RoleInfo (RoleInfo.java:shutdownFollowerState(121)) - f542701f-6f5b-424f-8f38-b614db00c364: shutdown FollowerState
2019-09-19 13:38:35,723 [Thread-248] INFO  impl.RaftServerImpl (RaftServerImpl.java:setRole(174)) - f542701f-6f5b-424f-8f38-b614db00c364@group-BB3323042586: changes role from  FOLLOWER to CANDIDATE at term 0 for changeToCandidate
2019-09-19 13:38:35,724 [Thread-248] INFO  impl.RoleInfo (RoleInfo.java:updateAndGet(143)) - f542701f-6f5b-424f-8f38-b614db00c364: start LeaderElection
2019-09-19 13:38:35,742 [f542701f-6f5b-424f-8f38-b614db00c364@group-BB3323042586:LeaderElection3] INFO  impl.LeaderElection (LeaderElection.java:askForVotes(182)) - f542701f-6f5b-424f-8f38-b614db00c364@group-BB3323042586:LeaderElection3: begin an election at term 1 for -1: [f542701f-6f5b-424f-8f38-b614db00c364:192.168.34.51:34792], old=null
2019-09-19 13:38:35,745 [f542701f-6f5b-424f-8f38-b614db00c364@group-BB3323042586:LeaderElection3] INFO  impl.RoleInfo (RoleInfo.java:shutdownLeaderElection(134)) - f542701f-6f5b-424f-8f38-b614db00c364: shutdown LeaderElection
2019-09-19 13:38:35,745 [f542701f-6f5b-424f-8f38-b614db00c364@group-BB3323042586:LeaderElection3] INFO  impl.RaftServerImpl (RaftServerImpl.java:setRole(174)) - f542701f-6f5b-424f-8f38-b614db00c364@group-BB3323042586: changes role from CANDIDATE to LEADER at term 1 for changeToLeader
2019-09-19 13:38:35,746 [f542701f-6f5b-424f-8f38-b614db00c364@group-BB3323042586:LeaderElection3] INFO  impl.RaftServerImpl (ServerState.java:setLeader(253)) - f542701f-6f5b-424f-8f38-b614db00c364@group-BB3323042586: change Leader from null to f542701f-6f5b-424f-8f38-b614db00c364 at term 1 for becomeLeader, leader elected after 5111ms
2019-09-19 13:38:35,747 [f542701f-6f5b-424f-8f38-b614db00c364@group-BB3323042586:LeaderElection3] INFO  server.RaftServerConfigKeys (ConfUtils.java:logGet(43)) - raft.server.staging.catchup.gap = 1000 (default)
2019-09-19 13:38:35,748 [f542701f-6f5b-424f-8f38-b614db00c364@group-BB3323042586:LeaderElection3] INFO  server.RaftServerConfigKeys (ConfUtils.java:logGet(43)) - raft.server.rpc.sleep.time = 25ms (default)
2019-09-19 13:38:35,748 [f542701f-6f5b-424f-8f38-b614db00c364@group-BB3323042586:LeaderElection3] INFO  server.RaftServerConfigKeys (ConfUtils.java:logGet(43)) - raft.server.write.element-limit = 4096 (default)
2019-09-19 13:38:35,748 [f542701f-6f5b-424f-8f38-b614db00c364@group-BB3323042586:LeaderElection3] INFO  server.RaftServerConfigKeys (ConfUtils.java:logGet(43)) - raft.server.watch.timeout = 10s (default)
2019-09-19 13:38:35,748 [f542701f-6f5b-424f-8f38-b614db00c364@group-BB3323042586:LeaderElection3] INFO  server.RaftServerConfigKeys (ConfUtils.java:logGet(43)) - raft.server.watch.timeout.denomination = 1s (default)
2019-09-19 13:38:35,748 [f542701f-6f5b-424f-8f38-b614db00c364@group-BB3323042586:LeaderElection3] INFO  server.RaftServerConfigKeys (ConfUtils.java:logGet(43)) - raft.server.watch.element-limit = 65536 (default)
2019-09-19 13:38:35,751 [f542701f-6f5b-424f-8f38-b614db00c364@group-BB3323042586:LeaderElection3] INFO  impl.RoleInfo (RoleInfo.java:updateAndGet(143)) - f542701f-6f5b-424f-8f38-b614db00c364: start LeaderState
2019-09-19 13:38:35,751 [f542701f-6f5b-424f-8f38-b614db00c364@group-BB3323042586:LeaderElection3] INFO  segmented.SegmentedRaftLogWorker (SegmentedRaftLogWorker.java:startLogSegment(380)) - f542701f-6f5b-424f-8f38-b614db00c364@group-BB3323042586-SegmentedRaftLogWorker: Starting segment from index:0
2019-09-19 13:38:35,751 [f542701f-6f5b-424f-8f38-b614db00c364@group-BB3323042586:LeaderElection3] INFO  impl.RaftServerImpl (ServerState.java:setRaftConf(354)) - f542701f-6f5b-424f-8f38-b614db00c364@group-BB3323042586: set configuration 0: [f542701f-6f5b-424f-8f38-b614db00c364:192.168.34.51:34792], old=null at 0
2019-09-19 13:38:35,810 [d2cb86cd-c327-4321-a829-e2a5e72c5825@group-D67326426F22-SegmentedRaftLogWorker] INFO  segmented.SegmentedRaftLogWorker (SegmentedRaftLogWorker.java:execute(569)) - d2cb86cd-c327-4321-a829-e2a5e72c5825@group-D67326426F22-SegmentedRaftLogWorker: created new log segment /workdir/hadoop-ozone/integration-test/target/test-dir/MiniOzoneClusterImpl-39bd3618-1370-4f1c-b084-0cd74823b8da/datanode-0/data/ratis/a2569e80-ab5a-4391-997c-d67326426f22/current/log_inprogress_0
2019-09-19 13:38:35,810 [f542701f-6f5b-424f-8f38-b614db00c364@group-BB3323042586-SegmentedRaftLogWorker] INFO  segmented.SegmentedRaftLogWorker (SegmentedRaftLogWorker.java:execute(569)) - f542701f-6f5b-424f-8f38-b614db00c364@group-BB3323042586-SegmentedRaftLogWorker: created new log segment /workdir/hadoop-ozone/integration-test/target/test-dir/MiniOzoneClusterImpl-39bd3618-1370-4f1c-b084-0cd74823b8da/datanode-2/data/ratis/c868f0c5-ab4c-4dd8-8158-bb3323042586/current/log_inprogress_0
2019-09-19 13:38:35,810 [0a5ba9de-a835-4228-8329-4edfff30d06e@group-640528C61AB8-SegmentedRaftLogWorker] INFO  segmented.SegmentedRaftLogWorker (SegmentedRaftLogWorker.java:execute(569)) - 0a5ba9de-a835-4228-8329-4edfff30d06e@group-640528C61AB8-SegmentedRaftLogWorker: created new log segment /workdir/hadoop-ozone/integration-test/target/test-dir/MiniOzoneClusterImpl-39bd3618-1370-4f1c-b084-0cd74823b8da/datanode-3/data/ratis/ba453523-0a53-42dc-bbf8-640528c61ab8/current/log_inprogress_0
2019-09-19 13:38:35,861 [grpc-default-executor-1] INFO  client.GrpcClientProtocolClient (GrpcClientProtocolClient.java:onNext(264)) - client-313CEACB1F49->0a5ba9de-a835-4228-8329-4edfff30d06e: receive RaftClientReply:client-313CEACB1F49->0a5ba9de-a835-4228-8329-4edfff30d06e@group-19189F669019, cid=13, FAILED org.apache.ratis.protocol.NotLeaderException: Server 0a5ba9de-a835-4228-8329-4edfff30d06e@group-19189F669019 is not the leader, logIndex=0, commits[0a5ba9de-a835-4228-8329-4edfff30d06e:c-1]
2019-09-19 13:38:35,874 [Thread-252] INFO  impl.FollowerState (FollowerState.java:run(106)) - b9e72fea-be24-4f60-85ed-f574905bb0be:group-3A0F93EB3624 changes to CANDIDATE, lastRpcTime:5110, electionTimeout:5110ms
2019-09-19 13:38:35,874 [Thread-252] INFO  impl.RoleInfo (RoleInfo.java:shutdownFollowerState(121)) - b9e72fea-be24-4f60-85ed-f574905bb0be: shutdown FollowerState
2019-09-19 13:38:35,875 [Thread-252] INFO  impl.RaftServerImpl (RaftServerImpl.java:setRole(174)) - b9e72fea-be24-4f60-85ed-f574905bb0be@group-3A0F93EB3624: changes role from  FOLLOWER to CANDIDATE at term 0 for changeToCandidate
2019-09-19 13:38:35,875 [Thread-252] INFO  impl.RoleInfo (RoleInfo.java:updateAndGet(143)) - b9e72fea-be24-4f60-85ed-f574905bb0be: start LeaderElection
2019-09-19 13:38:35,892 [b9e72fea-be24-4f60-85ed-f574905bb0be@group-3A0F93EB3624:LeaderElection4] INFO  impl.LeaderElection (LeaderElection.java:askForVotes(182)) - b9e72fea-be24-4f60-85ed-f574905bb0be@group-3A0F93EB3624:LeaderElection4: begin an election at term 1 for -1: [b9e72fea-be24-4f60-85ed-f574905bb0be:192.168.34.51:41445], old=null
2019-09-19 13:38:35,892 [b9e72fea-be24-4f60-85ed-f574905bb0be@group-3A0F93EB3624:LeaderElection4] INFO  impl.RoleInfo (RoleInfo.java:shutdownLeaderElection(134)) - b9e72fea-be24-4f60-85ed-f574905bb0be: shutdown LeaderElection
2019-09-19 13:38:35,892 [b9e72fea-be24-4f60-85ed-f574905bb0be@group-3A0F93EB3624:LeaderElection4] INFO  impl.RaftServerImpl (RaftServerImpl.java:setRole(174)) - b9e72fea-be24-4f60-85ed-f574905bb0be@group-3A0F93EB3624: changes role from CANDIDATE to LEADER at term 1 for changeToLeader
2019-09-19 13:38:35,892 [b9e72fea-be24-4f60-85ed-f574905bb0be@group-3A0F93EB3624:LeaderElection4] INFO  impl.RaftServerImpl (ServerState.java:setLeader(253)) - b9e72fea-be24-4f60-85ed-f574905bb0be@group-3A0F93EB3624: change Leader from null to b9e72fea-be24-4f60-85ed-f574905bb0be at term 1 for becomeLeader, leader elected after 5143ms
2019-09-19 13:38:35,894 [b9e72fea-be24-4f60-85ed-f574905bb0be@group-3A0F93EB3624:LeaderElection4] INFO  server.RaftServerConfigKeys (ConfUtils.java:logGet(43)) - raft.server.staging.catchup.gap = 1000 (default)
2019-09-19 13:38:35,894 [b9e72fea-be24-4f60-85ed-f574905bb0be@group-3A0F93EB3624:LeaderElection4] INFO  server.RaftServerConfigKeys (ConfUtils.java:logGet(43)) - raft.server.rpc.sleep.time = 25ms (default)
2019-09-19 13:38:35,895 [b9e72fea-be24-4f60-85ed-f574905bb0be@group-3A0F93EB3624:LeaderElection4] INFO  server.RaftServerConfigKeys (ConfUtils.java:logGet(43)) - raft.server.write.element-limit = 4096 (default)
2019-09-19 13:38:35,895 [b9e72fea-be24-4f60-85ed-f574905bb0be@group-3A0F93EB3624:LeaderElection4] INFO  server.RaftServerConfigKeys (ConfUtils.java:logGet(43)) - raft.server.watch.timeout = 10s (default)
2019-09-19 13:38:35,895 [b9e72fea-be24-4f60-85ed-f574905bb0be@group-3A0F93EB3624:LeaderElection4] INFO  server.RaftServerConfigKeys (ConfUtils.java:logGet(43)) - raft.server.watch.timeout.denomination = 1s (default)
2019-09-19 13:38:35,895 [b9e72fea-be24-4f60-85ed-f574905bb0be@group-3A0F93EB3624:LeaderElection4] INFO  server.RaftServerConfigKeys (ConfUtils.java:logGet(43)) - raft.server.watch.element-limit = 65536 (default)
2019-09-19 13:38:35,898 [b9e72fea-be24-4f60-85ed-f574905bb0be@group-3A0F93EB3624:LeaderElection4] INFO  impl.RoleInfo (RoleInfo.java:updateAndGet(143)) - b9e72fea-be24-4f60-85ed-f574905bb0be: start LeaderState
2019-09-19 13:38:35,898 [b9e72fea-be24-4f60-85ed-f574905bb0be@group-3A0F93EB3624:LeaderElection4] INFO  segmented.SegmentedRaftLogWorker (SegmentedRaftLogWorker.java:startLogSegment(380)) - b9e72fea-be24-4f60-85ed-f574905bb0be@group-3A0F93EB3624-SegmentedRaftLogWorker: Starting segment from index:0
2019-09-19 13:38:35,898 [b9e72fea-be24-4f60-85ed-f574905bb0be@group-3A0F93EB3624:LeaderElection4] INFO  impl.RaftServerImpl (ServerState.java:setRaftConf(354)) - b9e72fea-be24-4f60-85ed-f574905bb0be@group-3A0F93EB3624: set configuration 0: [b9e72fea-be24-4f60-85ed-f574905bb0be:192.168.34.51:41445], old=null at 0
2019-09-19 13:38:35,940 [b9e72fea-be24-4f60-85ed-f574905bb0be@group-3A0F93EB3624-SegmentedRaftLogWorker] INFO  segmented.SegmentedRaftLogWorker (SegmentedRaftLogWorker.java:execute(569)) - b9e72fea-be24-4f60-85ed-f574905bb0be@group-3A0F93EB3624-SegmentedRaftLogWorker: created new log segment /workdir/hadoop-ozone/integration-test/target/test-dir/MiniOzoneClusterImpl-39bd3618-1370-4f1c-b084-0cd74823b8da/datanode-6/data/ratis/3246408f-6832-4b4a-b220-3a0f93eb3624/current/log_inprogress_0
2019-09-19 13:38:36,020 [Thread-255] INFO  impl.FollowerState (FollowerState.java:run(106)) - a95c1d0c-bcc6-4baf-9ab7-6dcfd9f7324a:group-E94FD20F790B changes to CANDIDATE, lastRpcTime:5183, electionTimeout:5183ms
2019-09-19 13:38:36,020 [Thread-255] INFO  impl.RoleInfo (RoleInfo.java:shutdownFollowerState(121)) - a95c1d0c-bcc6-4baf-9ab7-6dcfd9f7324a: shutdown FollowerState
2019-09-19 13:38:36,020 [Thread-255] INFO  impl.RaftServerImpl (RaftServerImpl.java:setRole(174)) - a95c1d0c-bcc6-4baf-9ab7-6dcfd9f7324a@group-E94FD20F790B: changes role from  FOLLOWER to CANDIDATE at term 0 for changeToCandidate
2019-09-19 13:38:36,021 [Thread-255] INFO  impl.RoleInfo (RoleInfo.java:updateAndGet(143)) - a95c1d0c-bcc6-4baf-9ab7-6dcfd9f7324a: start LeaderElection
2019-09-19 13:38:36,039 [a95c1d0c-bcc6-4baf-9ab7-6dcfd9f7324a@group-E94FD20F790B:LeaderElection5] INFO  impl.LeaderElection (LeaderElection.java:askForVotes(182)) - a95c1d0c-bcc6-4baf-9ab7-6dcfd9f7324a@group-E94FD20F790B:LeaderElection5: begin an election at term 1 for -1: [a95c1d0c-bcc6-4baf-9ab7-6dcfd9f7324a:192.168.34.51:41760], old=null
2019-09-19 13:38:36,039 [a95c1d0c-bcc6-4baf-9ab7-6dcfd9f7324a@group-E94FD20F790B:LeaderElection5] INFO  impl.RoleInfo (RoleInfo.java:shutdownLeaderElection(134)) - a95c1d0c-bcc6-4baf-9ab7-6dcfd9f7324a: shutdown LeaderElection
2019-09-19 13:38:36,040 [a95c1d0c-bcc6-4baf-9ab7-6dcfd9f7324a@group-E94FD20F790B:LeaderElection5] INFO  impl.RaftServerImpl (RaftServerImpl.java:setRole(174)) - a95c1d0c-bcc6-4baf-9ab7-6dcfd9f7324a@group-E94FD20F790B: changes role from CANDIDATE to LEADER at term 1 for changeToLeader
2019-09-19 13:38:36,040 [a95c1d0c-bcc6-4baf-9ab7-6dcfd9f7324a@group-E94FD20F790B:LeaderElection5] INFO  impl.RaftServerImpl (ServerState.java:setLeader(253)) - a95c1d0c-bcc6-4baf-9ab7-6dcfd9f7324a@group-E94FD20F790B: change Leader from null to a95c1d0c-bcc6-4baf-9ab7-6dcfd9f7324a at term 1 for becomeLeader, leader elected after 5213ms
2019-09-19 13:38:36,042 [a95c1d0c-bcc6-4baf-9ab7-6dcfd9f7324a@group-E94FD20F790B:LeaderElection5] INFO  server.RaftServerConfigKeys (ConfUtils.java:logGet(43)) - raft.server.staging.catchup.gap = 1000 (default)
2019-09-19 13:38:36,042 [a95c1d0c-bcc6-4baf-9ab7-6dcfd9f7324a@group-E94FD20F790B:LeaderElection5] INFO  server.RaftServerConfigKeys (ConfUtils.java:logGet(43)) - raft.server.rpc.sleep.time = 25ms (default)
2019-09-19 13:38:36,042 [a95c1d0c-bcc6-4baf-9ab7-6dcfd9f7324a@group-E94FD20F790B:LeaderElection5] INFO  server.RaftServerConfigKeys (ConfUtils.java:logGet(43)) - raft.server.write.element-limit = 4096 (default)
2019-09-19 13:38:36,043 [a95c1d0c-bcc6-4baf-9ab7-6dcfd9f7324a@group-E94FD20F790B:LeaderElection5] INFO  server.RaftServerConfigKeys (ConfUtils.java:logGet(43)) - raft.server.watch.timeout = 10s (default)
2019-09-19 13:38:36,043 [a95c1d0c-bcc6-4baf-9ab7-6dcfd9f7324a@group-E94FD20F790B:LeaderElection5] INFO  server.RaftServerConfigKeys (ConfUtils.java:logGet(43)) - raft.server.watch.timeout.denomination = 1s (default)
2019-09-19 13:38:36,045 [a95c1d0c-bcc6-4baf-9ab7-6dcfd9f7324a@group-E94FD20F790B:LeaderElection5] INFO  server.RaftServerConfigKeys (ConfUtils.java:logGet(43)) - raft.server.watch.element-limit = 65536 (default)
2019-09-19 13:38:36,048 [a95c1d0c-bcc6-4baf-9ab7-6dcfd9f7324a@group-E94FD20F790B:LeaderElection5] INFO  impl.RoleInfo (RoleInfo.java:updateAndGet(143)) - a95c1d0c-bcc6-4baf-9ab7-6dcfd9f7324a: start LeaderState
2019-09-19 13:38:36,048 [a95c1d0c-bcc6-4baf-9ab7-6dcfd9f7324a@group-E94FD20F790B:LeaderElection5] INFO  segmented.SegmentedRaftLogWorker (SegmentedRaftLogWorker.java:startLogSegment(380)) - a95c1d0c-bcc6-4baf-9ab7-6dcfd9f7324a@group-E94FD20F790B-SegmentedRaftLogWorker: Starting segment from index:0
2019-09-19 13:38:36,049 [a95c1d0c-bcc6-4baf-9ab7-6dcfd9f7324a@group-E94FD20F790B:LeaderElection5] INFO  impl.RaftServerImpl (ServerState.java:setRaftConf(354)) - a95c1d0c-bcc6-4baf-9ab7-6dcfd9f7324a@group-E94FD20F790B: set configuration 0: [a95c1d0c-bcc6-4baf-9ab7-6dcfd9f7324a:192.168.34.51:41760], old=null at 0
2019-09-19 13:38:36,086 [Thread-258] INFO  impl.FollowerState (FollowerState.java:run(106)) - 3b165c55-2cc0-4307-8cae-6e98b5c91765:group-319DE05F3F8C changes to CANDIDATE, lastRpcTime:5143, electionTimeout:5143ms
2019-09-19 13:38:36,086 [Thread-258] INFO  impl.RoleInfo (RoleInfo.java:shutdownFollowerState(121)) - 3b165c55-2cc0-4307-8cae-6e98b5c91765: shutdown FollowerState
2019-09-19 13:38:36,086 [Thread-258] INFO  impl.RaftServerImpl (RaftServerImpl.java:setRole(174)) - 3b165c55-2cc0-4307-8cae-6e98b5c91765@group-319DE05F3F8C: changes role from  FOLLOWER to CANDIDATE at term 0 for changeToCandidate
2019-09-19 13:38:36,086 [Thread-258] INFO  impl.RoleInfo (RoleInfo.java:updateAndGet(143)) - 3b165c55-2cc0-4307-8cae-6e98b5c91765: start LeaderElection
2019-09-19 13:38:36,096 [a95c1d0c-bcc6-4baf-9ab7-6dcfd9f7324a@group-E94FD20F790B-SegmentedRaftLogWorker] INFO  segmented.SegmentedRaftLogWorker (SegmentedRaftLogWorker.java:execute(569)) - a95c1d0c-bcc6-4baf-9ab7-6dcfd9f7324a@group-E94FD20F790B-SegmentedRaftLogWorker: created new log segment /workdir/hadoop-ozone/integration-test/target/test-dir/MiniOzoneClusterImpl-39bd3618-1370-4f1c-b084-0cd74823b8da/datanode-1/data/ratis/05b6aa50-6377-45b7-bfba-e94fd20f790b/current/log_inprogress_0
2019-09-19 13:38:36,096 [3b165c55-2cc0-4307-8cae-6e98b5c91765@group-319DE05F3F8C:LeaderElection6] INFO  impl.LeaderElection (LeaderElection.java:askForVotes(182)) - 3b165c55-2cc0-4307-8cae-6e98b5c91765@group-319DE05F3F8C:LeaderElection6: begin an election at term 1 for -1: [3b165c55-2cc0-4307-8cae-6e98b5c91765:192.168.34.51:41140], old=null
2019-09-19 13:38:36,096 [3b165c55-2cc0-4307-8cae-6e98b5c91765@group-319DE05F3F8C:LeaderElection6] INFO  impl.RoleInfo (RoleInfo.java:shutdownLeaderElection(134)) - 3b165c55-2cc0-4307-8cae-6e98b5c91765: shutdown LeaderElection
2019-09-19 13:38:36,096 [3b165c55-2cc0-4307-8cae-6e98b5c91765@group-319DE05F3F8C:LeaderElection6] INFO  impl.RaftServerImpl (RaftServerImpl.java:setRole(174)) - 3b165c55-2cc0-4307-8cae-6e98b5c91765@group-319DE05F3F8C: changes role from CANDIDATE to LEADER at term 1 for changeToLeader
2019-09-19 13:38:36,096 [Thread-261] INFO  impl.FollowerState (FollowerState.java:run(106)) - c7b06212-2a46-4a88-b1d4-f2f551bea96c:group-D1D32734C8CE changes to CANDIDATE, lastRpcTime:5083, electionTimeout:5083ms
2019-09-19 13:38:36,096 [3b165c55-2cc0-4307-8cae-6e98b5c91765@group-319DE05F3F8C:LeaderElection6] INFO  impl.RaftServerImpl (ServerState.java:setLeader(253)) - 3b165c55-2cc0-4307-8cae-6e98b5c91765@group-319DE05F3F8C: change Leader from null to 3b165c55-2cc0-4307-8cae-6e98b5c91765 at term 1 for becomeLeader, leader elected after 5180ms
2019-09-19 13:38:36,097 [Thread-261] INFO  impl.RoleInfo (RoleInfo.java:shutdownFollowerState(121)) - c7b06212-2a46-4a88-b1d4-f2f551bea96c: shutdown FollowerState
2019-09-19 13:38:36,099 [3b165c55-2cc0-4307-8cae-6e98b5c91765@group-319DE05F3F8C:LeaderElection6] INFO  server.RaftServerConfigKeys (ConfUtils.java:logGet(43)) - raft.server.staging.catchup.gap = 1000 (default)
2019-09-19 13:38:36,099 [Thread-261] INFO  impl.RaftServerImpl (RaftServerImpl.java:setRole(174)) - c7b06212-2a46-4a88-b1d4-f2f551bea96c@group-D1D32734C8CE: changes role from  FOLLOWER to CANDIDATE at term 0 for changeToCandidate
2019-09-19 13:38:36,099 [3b165c55-2cc0-4307-8cae-6e98b5c91765@group-319DE05F3F8C:LeaderElection6] INFO  server.RaftServerConfigKeys (ConfUtils.java:logGet(43)) - raft.server.rpc.sleep.time = 25ms (default)
2019-09-19 13:38:36,099 [Thread-261] INFO  impl.RoleInfo (RoleInfo.java:updateAndGet(143)) - c7b06212-2a46-4a88-b1d4-f2f551bea96c: start LeaderElection
2019-09-19 13:38:36,099 [3b165c55-2cc0-4307-8cae-6e98b5c91765@group-319DE05F3F8C:LeaderElection6] INFO  server.RaftServerConfigKeys (ConfUtils.java:logGet(43)) - raft.server.write.element-limit = 4096 (default)
2019-09-19 13:38:36,099 [3b165c55-2cc0-4307-8cae-6e98b5c91765@group-319DE05F3F8C:LeaderElection6] INFO  server.RaftServerConfigKeys (ConfUtils.java:logGet(43)) - raft.server.watch.timeout = 10s (default)
2019-09-19 13:38:36,103 [3b165c55-2cc0-4307-8cae-6e98b5c91765@group-319DE05F3F8C:LeaderElection6] INFO  server.RaftServerConfigKeys (ConfUtils.java:logGet(43)) - raft.server.watch.timeout.denomination = 1s (default)
2019-09-19 13:38:36,103 [3b165c55-2cc0-4307-8cae-6e98b5c91765@group-319DE05F3F8C:LeaderElection6] INFO  server.RaftServerConfigKeys (ConfUtils.java:logGet(43)) - raft.server.watch.element-limit = 65536 (default)
2019-09-19 13:38:36,106 [3b165c55-2cc0-4307-8cae-6e98b5c91765@group-319DE05F3F8C:LeaderElection6] INFO  impl.RoleInfo (RoleInfo.java:updateAndGet(143)) - 3b165c55-2cc0-4307-8cae-6e98b5c91765: start LeaderState
2019-09-19 13:38:36,106 [3b165c55-2cc0-4307-8cae-6e98b5c91765@group-319DE05F3F8C:LeaderElection6] INFO  segmented.SegmentedRaftLogWorker (SegmentedRaftLogWorker.java:startLogSegment(380)) - 3b165c55-2cc0-4307-8cae-6e98b5c91765@group-319DE05F3F8C-SegmentedRaftLogWorker: Starting segment from index:0
2019-09-19 13:38:36,107 [3b165c55-2cc0-4307-8cae-6e98b5c91765@group-319DE05F3F8C:LeaderElection6] INFO  impl.RaftServerImpl (ServerState.java:setRaftConf(354)) - 3b165c55-2cc0-4307-8cae-6e98b5c91765@group-319DE05F3F8C: set configuration 0: [3b165c55-2cc0-4307-8cae-6e98b5c91765:192.168.34.51:41140], old=null at 0
2019-09-19 13:38:36,139 [Thread-268] INFO  impl.FollowerState (FollowerState.java:run(106)) - 0a5ba9de-a835-4228-8329-4edfff30d06e:group-19189F669019 changes to CANDIDATE, lastRpcTime:5018, electionTimeout:5002ms
2019-09-19 13:38:36,140 [Thread-268] INFO  impl.RoleInfo (RoleInfo.java:shutdownFollowerState(121)) - 0a5ba9de-a835-4228-8329-4edfff30d06e: shutdown FollowerState
2019-09-19 13:38:36,140 [Thread-268] INFO  impl.RaftServerImpl (RaftServerImpl.java:setRole(174)) - 0a5ba9de-a835-4228-8329-4edfff30d06e@group-19189F669019: changes role from  FOLLOWER to CANDIDATE at term 0 for changeToCandidate
2019-09-19 13:38:36,140 [c7b06212-2a46-4a88-b1d4-f2f551bea96c@group-D1D32734C8CE:LeaderElection7] INFO  impl.LeaderElection (LeaderElection.java:askForVotes(182)) - c7b06212-2a46-4a88-b1d4-f2f551bea96c@group-D1D32734C8CE:LeaderElection7: begin an election at term 1 for -1: [c7b06212-2a46-4a88-b1d4-f2f551bea96c:192.168.34.51:33534], old=null
2019-09-19 13:38:36,140 [Thread-268] INFO  impl.RoleInfo (RoleInfo.java:updateAndGet(143)) - 0a5ba9de-a835-4228-8329-4edfff30d06e: start LeaderElection
2019-09-19 13:38:36,140 [c7b06212-2a46-4a88-b1d4-f2f551bea96c@group-D1D32734C8CE:LeaderElection7] INFO  impl.RoleInfo (RoleInfo.java:shutdownLeaderElection(134)) - c7b06212-2a46-4a88-b1d4-f2f551bea96c: shutdown LeaderElection
2019-09-19 13:38:36,141 [c7b06212-2a46-4a88-b1d4-f2f551bea96c@group-D1D32734C8CE:LeaderElection7] INFO  impl.RaftServerImpl (RaftServerImpl.java:setRole(174)) - c7b06212-2a46-4a88-b1d4-f2f551bea96c@group-D1D32734C8CE: changes role from CANDIDATE to LEADER at term 1 for changeToLeader
2019-09-19 13:38:36,143 [c7b06212-2a46-4a88-b1d4-f2f551bea96c@group-D1D32734C8CE:LeaderElection7] INFO  impl.RaftServerImpl (ServerState.java:setLeader(253)) - c7b06212-2a46-4a88-b1d4-f2f551bea96c@group-D1D32734C8CE: change Leader from null to c7b06212-2a46-4a88-b1d4-f2f551bea96c at term 1 for becomeLeader, leader elected after 5139ms
2019-09-19 13:38:36,145 [c7b06212-2a46-4a88-b1d4-f2f551bea96c@group-D1D32734C8CE:LeaderElection7] INFO  server.RaftServerConfigKeys (ConfUtils.java:logGet(43)) - raft.server.staging.catchup.gap = 1000 (default)
2019-09-19 13:38:36,145 [c7b06212-2a46-4a88-b1d4-f2f551bea96c@group-D1D32734C8CE:LeaderElection7] INFO  server.RaftServerConfigKeys (ConfUtils.java:logGet(43)) - raft.server.rpc.sleep.time = 25ms (default)
2019-09-19 13:38:36,145 [c7b06212-2a46-4a88-b1d4-f2f551bea96c@group-D1D32734C8CE:LeaderElection7] INFO  server.RaftServerConfigKeys (ConfUtils.java:logGet(43)) - raft.server.write.element-limit = 4096 (default)
2019-09-19 13:38:36,146 [c7b06212-2a46-4a88-b1d4-f2f551bea96c@group-D1D32734C8CE:LeaderElection7] INFO  server.RaftServerConfigKeys (ConfUtils.java:logGet(43)) - raft.server.watch.timeout = 10s (default)
2019-09-19 13:38:36,146 [c7b06212-2a46-4a88-b1d4-f2f551bea96c@group-D1D32734C8CE:LeaderElection7] INFO  server.RaftServerConfigKeys (ConfUtils.java:logGet(43)) - raft.server.watch.timeout.denomination = 1s (default)
2019-09-19 13:38:36,168 [0a5ba9de-a835-4228-8329-4edfff30d06e@group-19189F669019:LeaderElection8] INFO  impl.LeaderElection (LeaderElection.java:askForVotes(182)) - 0a5ba9de-a835-4228-8329-4edfff30d06e@group-19189F669019:LeaderElection8: begin an election at term 1 for -1: [d2cb86cd-c327-4321-a829-e2a5e72c5825:192.168.34.51:38110, f542701f-6f5b-424f-8f38-b614db00c364:192.168.34.51:34792, 0a5ba9de-a835-4228-8329-4edfff30d06e:192.168.34.51:45227], old=null
2019-09-19 13:38:36,155 [3b165c55-2cc0-4307-8cae-6e98b5c91765@group-319DE05F3F8C-SegmentedRaftLogWorker] INFO  segmented.SegmentedRaftLogWorker (SegmentedRaftLogWorker.java:execute(569)) - 3b165c55-2cc0-4307-8cae-6e98b5c91765@group-319DE05F3F8C-SegmentedRaftLogWorker: created new log segment /workdir/hadoop-ozone/integration-test/target/test-dir/MiniOzoneClusterImpl-39bd3618-1370-4f1c-b084-0cd74823b8da/datanode-5/data/ratis/84b44965-cdc2-4c7b-a0df-319de05f3f8c/current/log_inprogress_0
2019-09-19 13:38:36,168 [c7b06212-2a46-4a88-b1d4-f2f551bea96c@group-D1D32734C8CE:LeaderElection7] INFO  server.RaftServerConfigKeys (ConfUtils.java:logGet(43)) - raft.server.watch.element-limit = 65536 (default)
2019-09-19 13:38:36,171 [c7b06212-2a46-4a88-b1d4-f2f551bea96c@group-D1D32734C8CE:LeaderElection7] INFO  impl.RoleInfo (RoleInfo.java:updateAndGet(143)) - c7b06212-2a46-4a88-b1d4-f2f551bea96c: start LeaderState
2019-09-19 13:38:36,172 [c7b06212-2a46-4a88-b1d4-f2f551bea96c@group-D1D32734C8CE:LeaderElection7] INFO  segmented.SegmentedRaftLogWorker (SegmentedRaftLogWorker.java:startLogSegment(380)) - c7b06212-2a46-4a88-b1d4-f2f551bea96c@group-D1D32734C8CE-SegmentedRaftLogWorker: Starting segment from index:0
2019-09-19 13:38:36,172 [c7b06212-2a46-4a88-b1d4-f2f551bea96c@group-D1D32734C8CE:LeaderElection7] INFO  impl.RaftServerImpl (ServerState.java:setRaftConf(354)) - c7b06212-2a46-4a88-b1d4-f2f551bea96c@group-D1D32734C8CE: set configuration 0: [c7b06212-2a46-4a88-b1d4-f2f551bea96c:192.168.34.51:33534], old=null at 0
2019-09-19 13:38:36,218 [c7b06212-2a46-4a88-b1d4-f2f551bea96c@group-D1D32734C8CE-SegmentedRaftLogWorker] INFO  segmented.SegmentedRaftLogWorker (SegmentedRaftLogWorker.java:execute(569)) - c7b06212-2a46-4a88-b1d4-f2f551bea96c@group-D1D32734C8CE-SegmentedRaftLogWorker: created new log segment /workdir/hadoop-ozone/integration-test/target/test-dir/MiniOzoneClusterImpl-39bd3618-1370-4f1c-b084-0cd74823b8da/datanode-4/data/ratis/00962522-045a-456d-ad9c-d1d32734c8ce/current/log_inprogress_0
2019-09-19 13:38:36,224 [Thread-275] INFO  impl.FollowerState (FollowerState.java:run(106)) - b9e72fea-be24-4f60-85ed-f574905bb0be:group-5D6796DDC8C5 changes to CANDIDATE, lastRpcTime:5000, electionTimeout:5000ms
2019-09-19 13:38:36,224 [Thread-275] INFO  impl.RoleInfo (RoleInfo.java:shutdownFollowerState(121)) - b9e72fea-be24-4f60-85ed-f574905bb0be: shutdown FollowerState
2019-09-19 13:38:36,226 [Thread-275] INFO  impl.RaftServerImpl (RaftServerImpl.java:setRole(174)) - b9e72fea-be24-4f60-85ed-f574905bb0be@group-5D6796DDC8C5: changes role from  FOLLOWER to CANDIDATE at term 0 for changeToCandidate
2019-09-19 13:38:36,228 [Thread-275] INFO  impl.RoleInfo (RoleInfo.java:updateAndGet(143)) - b9e72fea-be24-4f60-85ed-f574905bb0be: start LeaderElection
2019-09-19 13:38:36,234 [grpc-default-executor-0] INFO  impl.RaftServerImpl (RaftServerImpl.java:setRole(174)) - d2cb86cd-c327-4321-a829-e2a5e72c5825@group-19189F669019: changes role from  FOLLOWER to FOLLOWER at term 1 for recognizeCandidate:0a5ba9de-a835-4228-8329-4edfff30d06e
2019-09-19 13:38:36,234 [grpc-default-executor-1] INFO  impl.RaftServerImpl (RaftServerImpl.java:setRole(174)) - f542701f-6f5b-424f-8f38-b614db00c364@group-19189F669019: changes role from  FOLLOWER to FOLLOWER at term 1 for recognizeCandidate:0a5ba9de-a835-4228-8329-4edfff30d06e
2019-09-19 13:38:36,234 [grpc-default-executor-0] INFO  impl.RoleInfo (RoleInfo.java:shutdownFollowerState(121)) - d2cb86cd-c327-4321-a829-e2a5e72c5825: shutdown FollowerState
2019-09-19 13:38:36,234 [grpc-default-executor-1] INFO  impl.RoleInfo (RoleInfo.java:shutdownFollowerState(121)) - f542701f-6f5b-424f-8f38-b614db00c364: shutdown FollowerState
2019-09-19 13:38:36,234 [grpc-default-executor-0] INFO  impl.RoleInfo (RoleInfo.java:updateAndGet(143)) - d2cb86cd-c327-4321-a829-e2a5e72c5825: start FollowerState
2019-09-19 13:38:36,234 [Thread-269] INFO  impl.FollowerState (FollowerState.java:run(115)) - f542701f-6f5b-424f-8f38-b614db00c364: FollowerState was interrupted: java.lang.InterruptedException: sleep interrupted
2019-09-19 13:38:36,234 [grpc-default-executor-1] INFO  impl.RoleInfo (RoleInfo.java:updateAndGet(143)) - f542701f-6f5b-424f-8f38-b614db00c364: start FollowerState
2019-09-19 13:38:36,234 [Thread-266] INFO  impl.FollowerState (FollowerState.java:run(115)) - d2cb86cd-c327-4321-a829-e2a5e72c5825: FollowerState was interrupted: java.lang.InterruptedException: sleep interrupted
2019-09-19 13:38:36,246 [b9e72fea-be24-4f60-85ed-f574905bb0be@group-5D6796DDC8C5:LeaderElection9] INFO  impl.LeaderElection (LeaderElection.java:askForVotes(182)) - b9e72fea-be24-4f60-85ed-f574905bb0be@group-5D6796DDC8C5:LeaderElection9: begin an election at term 1 for -1: [b9e72fea-be24-4f60-85ed-f574905bb0be:192.168.34.51:41445, a95c1d0c-bcc6-4baf-9ab7-6dcfd9f7324a:192.168.34.51:41760, 3b165c55-2cc0-4307-8cae-6e98b5c91765:192.168.34.51:41140], old=null
2019-09-19 13:38:36,255 [Thread-277] INFO  impl.FollowerState (FollowerState.java:run(106)) - 3b165c55-2cc0-4307-8cae-6e98b5c91765:group-5D6796DDC8C5 changes to CANDIDATE, lastRpcTime:5027, electionTimeout:5025ms
2019-09-19 13:38:36,255 [Thread-277] INFO  impl.RoleInfo (RoleInfo.java:shutdownFollowerState(121)) - 3b165c55-2cc0-4307-8cae-6e98b5c91765: shutdown FollowerState
2019-09-19 13:38:36,255 [Thread-277] INFO  impl.RaftServerImpl (RaftServerImpl.java:setRole(174)) - 3b165c55-2cc0-4307-8cae-6e98b5c91765@group-5D6796DDC8C5: changes role from  FOLLOWER to CANDIDATE at term 0 for changeToCandidate
2019-09-19 13:38:36,261 [Thread-277] INFO  impl.RoleInfo (RoleInfo.java:updateAndGet(143)) - 3b165c55-2cc0-4307-8cae-6e98b5c91765: start LeaderElection
2019-09-19 13:38:36,269 [0a5ba9de-a835-4228-8329-4edfff30d06e@group-19189F669019:LeaderElection8] INFO  impl.LeaderElection (LeaderElection.java:logAndReturn(56)) - 0a5ba9de-a835-4228-8329-4edfff30d06e@group-19189F669019:LeaderElection8: Election PASSED; received 1 response(s) [0a5ba9de-a835-4228-8329-4edfff30d06e<-f542701f-6f5b-424f-8f38-b614db00c364#0:OK-t1] and 0 exception(s); 0a5ba9de-a835-4228-8329-4edfff30d06e@group-19189F669019:t1, leader=null, voted=0a5ba9de-a835-4228-8329-4edfff30d06e, raftlog=0a5ba9de-a835-4228-8329-4edfff30d06e@group-19189F669019-SegmentedRaftLog:OPENED:c-1,f-1,i0, conf=-1: [d2cb86cd-c327-4321-a829-e2a5e72c5825:192.168.34.51:38110, f542701f-6f5b-424f-8f38-b614db00c364:192.168.34.51:34792, 0a5ba9de-a835-4228-8329-4edfff30d06e:192.168.34.51:45227], old=null
2019-09-19 13:38:36,269 [0a5ba9de-a835-4228-8329-4edfff30d06e@group-19189F669019:LeaderElection8] INFO  impl.RoleInfo (RoleInfo.java:shutdownLeaderElection(134)) - 0a5ba9de-a835-4228-8329-4edfff30d06e: shutdown LeaderElection
2019-09-19 13:38:36,269 [0a5ba9de-a835-4228-8329-4edfff30d06e@group-19189F669019:LeaderElection8] INFO  impl.RaftServerImpl (RaftServerImpl.java:setRole(174)) - 0a5ba9de-a835-4228-8329-4edfff30d06e@group-19189F669019: changes role from CANDIDATE to LEADER at term 1 for changeToLeader
2019-09-19 13:38:36,272 [0a5ba9de-a835-4228-8329-4edfff30d06e@group-19189F669019:LeaderElection8] INFO  impl.RaftServerImpl (ServerState.java:setLeader(253)) - 0a5ba9de-a835-4228-8329-4edfff30d06e@group-19189F669019: change Leader from null to 0a5ba9de-a835-4228-8329-4edfff30d06e at term 1 for becomeLeader, leader elected after 5162ms
2019-09-19 13:38:36,272 [0a5ba9de-a835-4228-8329-4edfff30d06e@group-19189F669019:LeaderElection8] INFO  server.RaftServerConfigKeys (ConfUtils.java:logGet(43)) - raft.server.staging.catchup.gap = 1000 (default)
2019-09-19 13:38:36,272 [0a5ba9de-a835-4228-8329-4edfff30d06e@group-19189F669019:LeaderElection8] INFO  server.RaftServerConfigKeys (ConfUtils.java:logGet(43)) - raft.server.rpc.sleep.time = 25ms (default)
2019-09-19 13:38:36,272 [0a5ba9de-a835-4228-8329-4edfff30d06e@group-19189F669019:LeaderElection8] INFO  server.RaftServerConfigKeys (ConfUtils.java:logGet(43)) - raft.server.write.element-limit = 4096 (default)
2019-09-19 13:38:36,272 [0a5ba9de-a835-4228-8329-4edfff30d06e@group-19189F669019:LeaderElection8] INFO  server.RaftServerConfigKeys (ConfUtils.java:logGet(43)) - raft.server.watch.timeout = 10s (default)
2019-09-19 13:38:36,272 [0a5ba9de-a835-4228-8329-4edfff30d06e@group-19189F669019:LeaderElection8] INFO  server.RaftServerConfigKeys (ConfUtils.java:logGet(43)) - raft.server.watch.timeout.denomination = 1s (default)
2019-09-19 13:38:36,273 [0a5ba9de-a835-4228-8329-4edfff30d06e@group-19189F669019:LeaderElection8] INFO  server.RaftServerConfigKeys (ConfUtils.java:logGet(43)) - raft.server.watch.element-limit = 65536 (default)
2019-09-19 13:38:36,280 [3b165c55-2cc0-4307-8cae-6e98b5c91765@group-5D6796DDC8C5:LeaderElection10] INFO  impl.LeaderElection (LeaderElection.java:askForVotes(182)) - 3b165c55-2cc0-4307-8cae-6e98b5c91765@group-5D6796DDC8C5:LeaderElection10: begin an election at term 1 for -1: [b9e72fea-be24-4f60-85ed-f574905bb0be:192.168.34.51:41445, a95c1d0c-bcc6-4baf-9ab7-6dcfd9f7324a:192.168.34.51:41760, 3b165c55-2cc0-4307-8cae-6e98b5c91765:192.168.34.51:41140], old=null
2019-09-19 13:38:36,283 [grpc-default-executor-2] INFO  impl.RaftServerImpl (RaftServerImpl.java:setRole(174)) - a95c1d0c-bcc6-4baf-9ab7-6dcfd9f7324a@group-5D6796DDC8C5: changes role from  FOLLOWER to FOLLOWER at term 1 for recognizeCandidate:b9e72fea-be24-4f60-85ed-f574905bb0be
2019-09-19 13:38:36,283 [grpc-default-executor-2] INFO  impl.RoleInfo (RoleInfo.java:shutdownFollowerState(121)) - a95c1d0c-bcc6-4baf-9ab7-6dcfd9f7324a: shutdown FollowerState
2019-09-19 13:38:36,285 [grpc-default-executor-2] INFO  impl.RoleInfo (RoleInfo.java:updateAndGet(143)) - a95c1d0c-bcc6-4baf-9ab7-6dcfd9f7324a: start FollowerState
2019-09-19 13:38:36,286 [Thread-278] INFO  impl.FollowerState (FollowerState.java:run(115)) - a95c1d0c-bcc6-4baf-9ab7-6dcfd9f7324a: FollowerState was interrupted: java.lang.InterruptedException: sleep interrupted
2019-09-19 13:38:36,293 [0a5ba9de-a835-4228-8329-4edfff30d06e@group-19189F669019:LeaderElection8] INFO  server.RaftServerConfigKeys (ConfUtils.java:logGet(43)) - raft.server.log.appender.snapshot.chunk.size.max = 16MB (=16777216) (default)
2019-09-19 13:38:36,293 [0a5ba9de-a835-4228-8329-4edfff30d06e@group-19189F669019:LeaderElection8] INFO  server.RaftServerConfigKeys (ConfUtils.java:logGet(43)) - raft.server.log.appender.buffer.byte-limit = 33554432 (custom)
2019-09-19 13:38:36,296 [0a5ba9de-a835-4228-8329-4edfff30d06e@group-19189F669019:LeaderElection8] INFO  server.RaftServerConfigKeys (ConfUtils.java:logGet(43)) - raft.server.log.appender.buffer.element-limit = 1 (custom)
2019-09-19 13:38:36,300 [0a5ba9de-a835-4228-8329-4edfff30d06e@group-19189F669019:LeaderElection8] INFO  grpc.GrpcConfigKeys$Server (ConfUtils.java:logGet(43)) - raft.grpc.server.leader.outstanding.appends.max = 128 (default)
2019-09-19 13:38:36,301 [0a5ba9de-a835-4228-8329-4edfff30d06e@group-19189F669019:LeaderElection8] INFO  server.RaftServerConfigKeys (ConfUtils.java:logGet(43)) - raft.server.rpc.request.timeout = 3000ms (default)
2019-09-19 13:38:36,301 [0a5ba9de-a835-4228-8329-4edfff30d06e@group-19189F669019:LeaderElection8] INFO  server.RaftServerConfigKeys (ConfUtils.java:logGet(43)) - raft.server.log.appender.install.snapshot.enabled = false (custom)
2019-09-19 13:38:36,302 [0a5ba9de-a835-4228-8329-4edfff30d06e@group-19189F669019:LeaderElection8] INFO  server.RaftServerConfigKeys (ConfUtils.java:logGet(43)) - raft.server.log.appender.snapshot.chunk.size.max = 16MB (=16777216) (default)
2019-09-19 13:38:36,302 [0a5ba9de-a835-4228-8329-4edfff30d06e@group-19189F669019:LeaderElection8] INFO  server.RaftServerConfigKeys (ConfUtils.java:logGet(43)) - raft.server.log.appender.buffer.byte-limit = 33554432 (custom)
2019-09-19 13:38:36,302 [0a5ba9de-a835-4228-8329-4edfff30d06e@group-19189F669019:LeaderElection8] INFO  server.RaftServerConfigKeys (ConfUtils.java:logGet(43)) - raft.server.log.appender.buffer.element-limit = 1 (custom)
2019-09-19 13:38:36,302 [0a5ba9de-a835-4228-8329-4edfff30d06e@group-19189F669019:LeaderElection8] INFO  grpc.GrpcConfigKeys$Server (ConfUtils.java:logGet(43)) - raft.grpc.server.leader.outstanding.appends.max = 128 (default)
2019-09-19 13:38:36,302 [0a5ba9de-a835-4228-8329-4edfff30d06e@group-19189F669019:LeaderElection8] INFO  server.RaftServerConfigKeys (ConfUtils.java:logGet(43)) - raft.server.rpc.request.timeout = 3000ms (default)
2019-09-19 13:38:36,303 [0a5ba9de-a835-4228-8329-4edfff30d06e@group-19189F669019:LeaderElection8] INFO  server.RaftServerConfigKeys (ConfUtils.java:logGet(43)) - raft.server.log.appender.install.snapshot.enabled = false (custom)
2019-09-19 13:38:36,304 [0a5ba9de-a835-4228-8329-4edfff30d06e@group-19189F669019:LeaderElection8] INFO  impl.RoleInfo (RoleInfo.java:updateAndGet(143)) - 0a5ba9de-a835-4228-8329-4edfff30d06e: start LeaderState
2019-09-19 13:38:36,304 [0a5ba9de-a835-4228-8329-4edfff30d06e@group-19189F669019:LeaderElection8] INFO  segmented.SegmentedRaftLogWorker (SegmentedRaftLogWorker.java:startLogSegment(380)) - 0a5ba9de-a835-4228-8329-4edfff30d06e@group-19189F669019-SegmentedRaftLogWorker: Starting segment from index:0
2019-09-19 13:38:36,335 [3b165c55-2cc0-4307-8cae-6e98b5c91765@group-5D6796DDC8C5:LeaderElection10] INFO  impl.LeaderElection (LeaderElection.java:logAndReturn(56)) - 3b165c55-2cc0-4307-8cae-6e98b5c91765@group-5D6796DDC8C5:LeaderElection10: Election REJECTED; received 2 response(s) [3b165c55-2cc0-4307-8cae-6e98b5c91765<-b9e72fea-be24-4f60-85ed-f574905bb0be#0:FAIL-t1, 3b165c55-2cc0-4307-8cae-6e98b5c91765<-a95c1d0c-bcc6-4baf-9ab7-6dcfd9f7324a#0:FAIL-t1] and 0 exception(s); 3b165c55-2cc0-4307-8cae-6e98b5c91765@group-5D6796DDC8C5:t1, leader=null, voted=3b165c55-2cc0-4307-8cae-6e98b5c91765, raftlog=3b165c55-2cc0-4307-8cae-6e98b5c91765@group-5D6796DDC8C5-SegmentedRaftLog:OPENED:c-1,f-1,i0, conf=-1: [b9e72fea-be24-4f60-85ed-f574905bb0be:192.168.34.51:41445, a95c1d0c-bcc6-4baf-9ab7-6dcfd9f7324a:192.168.34.51:41760, 3b165c55-2cc0-4307-8cae-6e98b5c91765:192.168.34.51:41140], old=null
2019-09-19 13:38:36,336 [0a5ba9de-a835-4228-8329-4edfff30d06e@group-19189F669019:LeaderElection8] INFO  impl.RaftServerImpl (ServerState.java:setRaftConf(354)) - 0a5ba9de-a835-4228-8329-4edfff30d06e@group-19189F669019: set configuration 0: [d2cb86cd-c327-4321-a829-e2a5e72c5825:192.168.34.51:38110, f542701f-6f5b-424f-8f38-b614db00c364:192.168.34.51:34792, 0a5ba9de-a835-4228-8329-4edfff30d06e:192.168.34.51:45227], old=null at 0
2019-09-19 13:38:36,336 [3b165c55-2cc0-4307-8cae-6e98b5c91765@group-5D6796DDC8C5:LeaderElection10] INFO  impl.RaftServerImpl (RaftServerImpl.java:setRole(174)) - 3b165c55-2cc0-4307-8cae-6e98b5c91765@group-5D6796DDC8C5: changes role from CANDIDATE to FOLLOWER at term 1 for DISCOVERED_A_NEW_TERM
2019-09-19 13:38:36,343 [3b165c55-2cc0-4307-8cae-6e98b5c91765@group-5D6796DDC8C5:LeaderElection10] INFO  impl.RoleInfo (RoleInfo.java:shutdownLeaderElection(134)) - 3b165c55-2cc0-4307-8cae-6e98b5c91765: shutdown LeaderElection
2019-09-19 13:38:36,343 [b9e72fea-be24-4f60-85ed-f574905bb0be@group-5D6796DDC8C5:LeaderElection9] INFO  impl.LeaderElection (LeaderElection.java:logAndReturn(56)) - b9e72fea-be24-4f60-85ed-f574905bb0be@group-5D6796DDC8C5:LeaderElection9: Election PASSED; received 2 response(s) [b9e72fea-be24-4f60-85ed-f574905bb0be<-a95c1d0c-bcc6-4baf-9ab7-6dcfd9f7324a#0:OK-t1, b9e72fea-be24-4f60-85ed-f574905bb0be<-3b165c55-2cc0-4307-8cae-6e98b5c91765#0:FAIL-t1] and 0 exception(s); b9e72fea-be24-4f60-85ed-f574905bb0be@group-5D6796DDC8C5:t1, leader=null, voted=b9e72fea-be24-4f60-85ed-f574905bb0be, raftlog=b9e72fea-be24-4f60-85ed-f574905bb0be@group-5D6796DDC8C5-SegmentedRaftLog:OPENED:c-1,f-1,i0, conf=-1: [b9e72fea-be24-4f60-85ed-f574905bb0be:192.168.34.51:41445, a95c1d0c-bcc6-4baf-9ab7-6dcfd9f7324a:192.168.34.51:41760, 3b165c55-2cc0-4307-8cae-6e98b5c91765:192.168.34.51:41140], old=null
2019-09-19 13:38:36,343 [3b165c55-2cc0-4307-8cae-6e98b5c91765@group-5D6796DDC8C5:LeaderElection10] INFO  impl.RoleInfo (RoleInfo.java:updateAndGet(143)) - 3b165c55-2cc0-4307-8cae-6e98b5c91765: start FollowerState
2019-09-19 13:38:36,343 [b9e72fea-be24-4f60-85ed-f574905bb0be@group-5D6796DDC8C5:LeaderElection9] INFO  impl.RoleInfo (RoleInfo.java:shutdownLeaderElection(134)) - b9e72fea-be24-4f60-85ed-f574905bb0be: shutdown LeaderElection
2019-09-19 13:38:36,347 [b9e72fea-be24-4f60-85ed-f574905bb0be@group-5D6796DDC8C5:LeaderElection9] INFO  impl.RaftServerImpl (RaftServerImpl.java:setRole(174)) - b9e72fea-be24-4f60-85ed-f574905bb0be@group-5D6796DDC8C5: changes role from CANDIDATE to LEADER at term 1 for changeToLeader
2019-09-19 13:38:36,356 [b9e72fea-be24-4f60-85ed-f574905bb0be@group-5D6796DDC8C5:LeaderElection9] INFO  impl.RaftServerImpl (ServerState.java:setLeader(253)) - b9e72fea-be24-4f60-85ed-f574905bb0be@group-5D6796DDC8C5: change Leader from null to b9e72fea-be24-4f60-85ed-f574905bb0be at term 1 for becomeLeader, leader elected after 5142ms
2019-09-19 13:38:36,356 [b9e72fea-be24-4f60-85ed-f574905bb0be@group-5D6796DDC8C5:LeaderElection9] INFO  server.RaftServerConfigKeys (ConfUtils.java:logGet(43)) - raft.server.staging.catchup.gap = 1000 (default)
2019-09-19 13:38:36,356 [b9e72fea-be24-4f60-85ed-f574905bb0be@group-5D6796DDC8C5:LeaderElection9] INFO  server.RaftServerConfigKeys (ConfUtils.java:logGet(43)) - raft.server.rpc.sleep.time = 25ms (default)
2019-09-19 13:38:36,357 [b9e72fea-be24-4f60-85ed-f574905bb0be@group-5D6796DDC8C5:LeaderElection9] INFO  server.RaftServerConfigKeys (ConfUtils.java:logGet(43)) - raft.server.write.element-limit = 4096 (default)
2019-09-19 13:38:36,357 [b9e72fea-be24-4f60-85ed-f574905bb0be@group-5D6796DDC8C5:LeaderElection9] INFO  server.RaftServerConfigKeys (ConfUtils.java:logGet(43)) - raft.server.watch.timeout = 10s (default)
2019-09-19 13:38:36,357 [b9e72fea-be24-4f60-85ed-f574905bb0be@group-5D6796DDC8C5:LeaderElection9] INFO  server.RaftServerConfigKeys (ConfUtils.java:logGet(43)) - raft.server.watch.timeout.denomination = 1s (default)
2019-09-19 13:38:36,357 [b9e72fea-be24-4f60-85ed-f574905bb0be@group-5D6796DDC8C5:LeaderElection9] INFO  server.RaftServerConfigKeys (ConfUtils.java:logGet(43)) - raft.server.watch.element-limit = 65536 (default)
2019-09-19 13:38:36,358 [0a5ba9de-a835-4228-8329-4edfff30d06e@group-19189F669019-SegmentedRaftLogWorker] INFO  segmented.SegmentedRaftLogWorker (SegmentedRaftLogWorker.java:execute(569)) - 0a5ba9de-a835-4228-8329-4edfff30d06e@group-19189F669019-SegmentedRaftLogWorker: created new log segment /workdir/hadoop-ozone/integration-test/target/test-dir/MiniOzoneClusterImpl-39bd3618-1370-4f1c-b084-0cd74823b8da/datanode-3/data/ratis/806b68b3-143b-478a-be5f-19189f669019/current/log_inprogress_0
2019-09-19 13:38:36,359 [b9e72fea-be24-4f60-85ed-f574905bb0be@group-5D6796DDC8C5:LeaderElection9] INFO  server.RaftServerConfigKeys (ConfUtils.java:logGet(43)) - raft.server.log.appender.snapshot.chunk.size.max = 16MB (=16777216) (default)
2019-09-19 13:38:36,359 [b9e72fea-be24-4f60-85ed-f574905bb0be@group-5D6796DDC8C5:LeaderElection9] INFO  server.RaftServerConfigKeys (ConfUtils.java:logGet(43)) - raft.server.log.appender.buffer.byte-limit = 33554432 (custom)
2019-09-19 13:38:36,360 [b9e72fea-be24-4f60-85ed-f574905bb0be@group-5D6796DDC8C5:LeaderElection9] INFO  server.RaftServerConfigKeys (ConfUtils.java:logGet(43)) - raft.server.log.appender.buffer.element-limit = 1 (custom)
2019-09-19 13:38:36,360 [b9e72fea-be24-4f60-85ed-f574905bb0be@group-5D6796DDC8C5:LeaderElection9] INFO  grpc.GrpcConfigKeys$Server (ConfUtils.java:logGet(43)) - raft.grpc.server.leader.outstanding.appends.max = 128 (default)
2019-09-19 13:38:36,361 [b9e72fea-be24-4f60-85ed-f574905bb0be@group-5D6796DDC8C5:LeaderElection9] INFO  server.RaftServerConfigKeys (ConfUtils.java:logGet(43)) - raft.server.rpc.request.timeout = 3000ms (default)
2019-09-19 13:38:36,361 [b9e72fea-be24-4f60-85ed-f574905bb0be@group-5D6796DDC8C5:LeaderElection9] INFO  server.RaftServerConfigKeys (ConfUtils.java:logGet(43)) - raft.server.log.appender.install.snapshot.enabled = false (custom)
2019-09-19 13:38:36,362 [b9e72fea-be24-4f60-85ed-f574905bb0be@group-5D6796DDC8C5:LeaderElection9] INFO  server.RaftServerConfigKeys (ConfUtils.java:logGet(43)) - raft.server.log.appender.snapshot.chunk.size.max = 16MB (=16777216) (default)
2019-09-19 13:38:36,362 [b9e72fea-be24-4f60-85ed-f574905bb0be@group-5D6796DDC8C5:LeaderElection9] INFO  server.RaftServerConfigKeys (ConfUtils.java:logGet(43)) - raft.server.log.appender.buffer.byte-limit = 33554432 (custom)
2019-09-19 13:38:36,362 [b9e72fea-be24-4f60-85ed-f574905bb0be@group-5D6796DDC8C5:LeaderElection9] INFO  server.RaftServerConfigKeys (ConfUtils.java:logGet(43)) - raft.server.log.appender.buffer.element-limit = 1 (custom)
2019-09-19 13:38:36,362 [b9e72fea-be24-4f60-85ed-f574905bb0be@group-5D6796DDC8C5:LeaderElection9] INFO  grpc.GrpcConfigKeys$Server (ConfUtils.java:logGet(43)) - raft.grpc.server.leader.outstanding.appends.max = 128 (default)
2019-09-19 13:38:36,362 [b9e72fea-be24-4f60-85ed-f574905bb0be@group-5D6796DDC8C5:LeaderElection9] INFO  server.RaftServerConfigKeys (ConfUtils.java:logGet(43)) - raft.server.rpc.request.timeout = 3000ms (default)
2019-09-19 13:38:36,362 [b9e72fea-be24-4f60-85ed-f574905bb0be@group-5D6796DDC8C5:LeaderElection9] INFO  server.RaftServerConfigKeys (ConfUtils.java:logGet(43)) - raft.server.log.appender.install.snapshot.enabled = false (custom)
2019-09-19 13:38:36,363 [b9e72fea-be24-4f60-85ed-f574905bb0be@group-5D6796DDC8C5:LeaderElection9] INFO  impl.RoleInfo (RoleInfo.java:updateAndGet(143)) - b9e72fea-be24-4f60-85ed-f574905bb0be: start LeaderState
2019-09-19 13:38:36,363 [b9e72fea-be24-4f60-85ed-f574905bb0be@group-5D6796DDC8C5:LeaderElection9] INFO  segmented.SegmentedRaftLogWorker (SegmentedRaftLogWorker.java:startLogSegment(380)) - b9e72fea-be24-4f60-85ed-f574905bb0be@group-5D6796DDC8C5-SegmentedRaftLogWorker: Starting segment from index:0
2019-09-19 13:38:36,363 [b9e72fea-be24-4f60-85ed-f574905bb0be@group-5D6796DDC8C5:LeaderElection9] INFO  impl.RaftServerImpl (ServerState.java:setRaftConf(354)) - b9e72fea-be24-4f60-85ed-f574905bb0be@group-5D6796DDC8C5: set configuration 0: [b9e72fea-be24-4f60-85ed-f574905bb0be:192.168.34.51:41445, a95c1d0c-bcc6-4baf-9ab7-6dcfd9f7324a:192.168.34.51:41760, 3b165c55-2cc0-4307-8cae-6e98b5c91765:192.168.34.51:41140], old=null at 0
2019-09-19 13:38:36,388 [grpc-default-executor-2] INFO  impl.RaftServerImpl (ServerState.java:setLeader(253)) - d2cb86cd-c327-4321-a829-e2a5e72c5825@group-19189F669019: change Leader from null to 0a5ba9de-a835-4228-8329-4edfff30d06e at term 1 for appendEntries, leader elected after 5278ms
2019-09-19 13:38:36,388 [grpc-default-executor-1] INFO  impl.RaftServerImpl (ServerState.java:setLeader(253)) - 3b165c55-2cc0-4307-8cae-6e98b5c91765@group-5D6796DDC8C5: change Leader from null to b9e72fea-be24-4f60-85ed-f574905bb0be at term 1 for appendEntries, leader elected after 5174ms
2019-09-19 13:38:36,388 [grpc-default-executor-0] INFO  impl.RaftServerImpl (ServerState.java:setLeader(253)) - a95c1d0c-bcc6-4baf-9ab7-6dcfd9f7324a@group-5D6796DDC8C5: change Leader from null to b9e72fea-be24-4f60-85ed-f574905bb0be at term 1 for appendEntries, leader elected after 5175ms
2019-09-19 13:38:36,390 [grpc-default-executor-3] INFO  impl.RaftServerImpl (ServerState.java:setLeader(253)) - f542701f-6f5b-424f-8f38-b614db00c364@group-19189F669019: change Leader from null to 0a5ba9de-a835-4228-8329-4edfff30d06e at term 1 for appendEntries, leader elected after 5280ms
2019-09-19 13:38:36,420 [grpc-default-executor-0] INFO  impl.RaftServerImpl (ServerState.java:setRaftConf(354)) - a95c1d0c-bcc6-4baf-9ab7-6dcfd9f7324a@group-5D6796DDC8C5: set configuration 0: [b9e72fea-be24-4f60-85ed-f574905bb0be:192.168.34.51:41445, a95c1d0c-bcc6-4baf-9ab7-6dcfd9f7324a:192.168.34.51:41760, 3b165c55-2cc0-4307-8cae-6e98b5c91765:192.168.34.51:41140], old=null at 0
2019-09-19 13:38:36,421 [grpc-default-executor-2] INFO  impl.RaftServerImpl (ServerState.java:setRaftConf(354)) - d2cb86cd-c327-4321-a829-e2a5e72c5825@group-19189F669019: set configuration 0: [d2cb86cd-c327-4321-a829-e2a5e72c5825:192.168.34.51:38110, f542701f-6f5b-424f-8f38-b614db00c364:192.168.34.51:34792, 0a5ba9de-a835-4228-8329-4edfff30d06e:192.168.34.51:45227], old=null at 0
2019-09-19 13:38:36,421 [grpc-default-executor-0] INFO  segmented.SegmentedRaftLogWorker (SegmentedRaftLogWorker.java:startLogSegment(380)) - a95c1d0c-bcc6-4baf-9ab7-6dcfd9f7324a@group-5D6796DDC8C5-SegmentedRaftLogWorker: Starting segment from index:0
2019-09-19 13:38:36,421 [grpc-default-executor-3] INFO  impl.RaftServerImpl (ServerState.java:setRaftConf(354)) - f542701f-6f5b-424f-8f38-b614db00c364@group-19189F669019: set configuration 0: [d2cb86cd-c327-4321-a829-e2a5e72c5825:192.168.34.51:38110, f542701f-6f5b-424f-8f38-b614db00c364:192.168.34.51:34792, 0a5ba9de-a835-4228-8329-4edfff30d06e:192.168.34.51:45227], old=null at 0
2019-09-19 13:38:36,421 [grpc-default-executor-1] INFO  impl.RaftServerImpl (ServerState.java:setRaftConf(354)) - 3b165c55-2cc0-4307-8cae-6e98b5c91765@group-5D6796DDC8C5: set configuration 0: [b9e72fea-be24-4f60-85ed-f574905bb0be:192.168.34.51:41445, a95c1d0c-bcc6-4baf-9ab7-6dcfd9f7324a:192.168.34.51:41760, 3b165c55-2cc0-4307-8cae-6e98b5c91765:192.168.34.51:41140], old=null at 0
2019-09-19 13:38:36,421 [grpc-default-executor-3] INFO  segmented.SegmentedRaftLogWorker (SegmentedRaftLogWorker.java:startLogSegment(380)) - f542701f-6f5b-424f-8f38-b614db00c364@group-19189F669019-SegmentedRaftLogWorker: Starting segment from index:0
2019-09-19 13:38:36,421 [grpc-default-executor-2] INFO  segmented.SegmentedRaftLogWorker (SegmentedRaftLogWorker.java:startLogSegment(380)) - d2cb86cd-c327-4321-a829-e2a5e72c5825@group-19189F669019-SegmentedRaftLogWorker: Starting segment from index:0
2019-09-19 13:38:36,422 [grpc-default-executor-1] INFO  segmented.SegmentedRaftLogWorker (SegmentedRaftLogWorker.java:startLogSegment(380)) - 3b165c55-2cc0-4307-8cae-6e98b5c91765@group-5D6796DDC8C5-SegmentedRaftLogWorker: Starting segment from index:0
2019-09-19 13:38:36,438 [b9e72fea-be24-4f60-85ed-f574905bb0be@group-5D6796DDC8C5-SegmentedRaftLogWorker] INFO  segmented.SegmentedRaftLogWorker (SegmentedRaftLogWorker.java:execute(569)) - b9e72fea-be24-4f60-85ed-f574905bb0be@group-5D6796DDC8C5-SegmentedRaftLogWorker: created new log segment /workdir/hadoop-ozone/integration-test/target/test-dir/MiniOzoneClusterImpl-39bd3618-1370-4f1c-b084-0cd74823b8da/datanode-6/data/ratis/caff8601-4ae8-4cfc-8043-5d6796ddc8c5/current/log_inprogress_0
2019-09-19 13:38:36,555 [a95c1d0c-bcc6-4baf-9ab7-6dcfd9f7324a@group-5D6796DDC8C5-SegmentedRaftLogWorker] INFO  segmented.SegmentedRaftLogWorker (SegmentedRaftLogWorker.java:execute(569)) - a95c1d0c-bcc6-4baf-9ab7-6dcfd9f7324a@group-5D6796DDC8C5-SegmentedRaftLogWorker: created new log segment /workdir/hadoop-ozone/integration-test/target/test-dir/MiniOzoneClusterImpl-39bd3618-1370-4f1c-b084-0cd74823b8da/datanode-1/data/ratis/caff8601-4ae8-4cfc-8043-5d6796ddc8c5/current/log_inprogress_0
2019-09-19 13:38:36,555 [f542701f-6f5b-424f-8f38-b614db00c364@group-19189F669019-SegmentedRaftLogWorker] INFO  segmented.SegmentedRaftLogWorker (SegmentedRaftLogWorker.java:execute(569)) - f542701f-6f5b-424f-8f38-b614db00c364@group-19189F669019-SegmentedRaftLogWorker: created new log segment /workdir/hadoop-ozone/integration-test/target/test-dir/MiniOzoneClusterImpl-39bd3618-1370-4f1c-b084-0cd74823b8da/datanode-2/data/ratis/806b68b3-143b-478a-be5f-19189f669019/current/log_inprogress_0
2019-09-19 13:38:36,555 [d2cb86cd-c327-4321-a829-e2a5e72c5825@group-19189F669019-SegmentedRaftLogWorker] INFO  segmented.SegmentedRaftLogWorker (SegmentedRaftLogWorker.java:execute(569)) - d2cb86cd-c327-4321-a829-e2a5e72c5825@group-19189F669019-SegmentedRaftLogWorker: created new log segment /workdir/hadoop-ozone/integration-test/target/test-dir/MiniOzoneClusterImpl-39bd3618-1370-4f1c-b084-0cd74823b8da/datanode-0/data/ratis/806b68b3-143b-478a-be5f-19189f669019/current/log_inprogress_0
2019-09-19 13:38:36,555 [3b165c55-2cc0-4307-8cae-6e98b5c91765@group-5D6796DDC8C5-SegmentedRaftLogWorker] INFO  segmented.SegmentedRaftLogWorker (SegmentedRaftLogWorker.java:execute(569)) - 3b165c55-2cc0-4307-8cae-6e98b5c91765@group-5D6796DDC8C5-SegmentedRaftLogWorker: created new log segment /workdir/hadoop-ozone/integration-test/target/test-dir/MiniOzoneClusterImpl-39bd3618-1370-4f1c-b084-0cd74823b8da/datanode-5/data/ratis/caff8601-4ae8-4cfc-8043-5d6796ddc8c5/current/log_inprogress_0
2019-09-19 13:38:36,883 [grpc-default-executor-2] INFO  client.GrpcClientProtocolClient (GrpcClientProtocolClient.java:onNext(264)) - client-313CEACB1F49->f542701f-6f5b-424f-8f38-b614db00c364: receive RaftClientReply:client-313CEACB1F49->f542701f-6f5b-424f-8f38-b614db00c364@group-19189F669019, cid=13, FAILED org.apache.ratis.protocol.NotLeaderException: Server f542701f-6f5b-424f-8f38-b614db00c364@group-19189F669019 is not the leader 0a5ba9de-a835-4228-8329-4edfff30d06e:192.168.34.51:45227, logIndex=0, commits[f542701f-6f5b-424f-8f38-b614db00c364:c0, d2cb86cd-c327-4321-a829-e2a5e72c5825:c-1, 0a5ba9de-a835-4228-8329-4edfff30d06e:c0]
2019-09-19 13:38:37,316 [grpc-default-executor-0] INFO  client.GrpcClientProtocolClient (GrpcClientProtocolClient.java:onNext(264)) - client-313CEACB1F49->0a5ba9de-a835-4228-8329-4edfff30d06e: receive RaftClientReply:client-313CEACB1F49->0a5ba9de-a835-4228-8329-4edfff30d06e@group-19189F669019, cid=13, SUCCESS, logIndex=1, commits[0a5ba9de-a835-4228-8329-4edfff30d06e:c2, d2cb86cd-c327-4321-a829-e2a5e72c5825:c1, f542701f-6f5b-424f-8f38-b614db00c364:c1]
2019-09-19 13:38:38,283 [Datanode State Machine Thread - 0] INFO  statemachine.DatanodeStateMachine (DatanodeStateMachine.java:lambda$startDaemon$0(350)) - Ozone container server started.
2019-09-19 13:38:42,323 [main] INFO  ozoneimpl.OzoneContainer (OzoneContainer.java:stop(231)) - Attempting to stop container services.
2019-09-19 13:38:42,325 [main] INFO  impl.RaftServerProxy (RaftServerProxy.java:lambda$close$4(314)) - 0a5ba9de-a835-4228-8329-4edfff30d06e: close
2019-09-19 13:38:42,327 [main] INFO  impl.RaftServerImpl (RaftServerImpl.java:lambda$shutdown$3(251)) - 0a5ba9de-a835-4228-8329-4edfff30d06e@group-19189F669019: shutdown
2019-09-19 13:38:42,327 [ForkJoinPool.commonPool-worker-0] INFO  impl.RaftServerImpl (RaftServerImpl.java:lambda$shutdown$3(251)) - 0a5ba9de-a835-4228-8329-4edfff30d06e@group-640528C61AB8: shutdown
2019-09-19 13:38:42,328 [main] INFO  util.JmxRegister (JmxRegister.java:unregister(73)) - Successfully un-registered JMX Bean with object name Ratis:service=RaftServer,group=group-19189F669019,id=0a5ba9de-a835-4228-8329-4edfff30d06e
2019-09-19 13:38:42,328 [ForkJoinPool.commonPool-worker-0] INFO  util.JmxRegister (JmxRegister.java:unregister(73)) - Successfully un-registered JMX Bean with object name Ratis:service=RaftServer,group=group-640528C61AB8,id=0a5ba9de-a835-4228-8329-4edfff30d06e
2019-09-19 13:38:42,328 [main] INFO  impl.RoleInfo (RoleInfo.java:shutdownLeaderState(104)) - 0a5ba9de-a835-4228-8329-4edfff30d06e: shutdown LeaderState
2019-09-19 13:38:42,328 [ForkJoinPool.commonPool-worker-0] INFO  impl.RoleInfo (RoleInfo.java:shutdownLeaderState(104)) - 0a5ba9de-a835-4228-8329-4edfff30d06e: shutdown LeaderState
2019-09-19 13:38:42,333 [org.apache.ratis.server.impl.LogAppender$AppenderDaemon$$Lambda$503/1650010280@42d6f0b] WARN  server.GrpcLogAppender (GrpcLogAppender.java:mayWait(143)) - 0a5ba9de-a835-4228-8329-4edfff30d06e@group-19189F669019->d2cb86cd-c327-4321-a829-e2a5e72c5825-GrpcLogAppender: Wait interrupted by java.lang.InterruptedException
2019-09-19 13:38:42,333 [org.apache.ratis.server.impl.LogAppender$AppenderDaemon$$Lambda$503/1650010280@10180da1] WARN  server.GrpcLogAppender (GrpcLogAppender.java:mayWait(143)) - 0a5ba9de-a835-4228-8329-4edfff30d06e@group-19189F669019->f542701f-6f5b-424f-8f38-b614db00c364-GrpcLogAppender: Wait interrupted by java.lang.InterruptedException
2019-09-19 13:38:42,333 [main] INFO  impl.PendingRequests (PendingRequests.java:sendNotLeaderResponses(202)) - 0a5ba9de-a835-4228-8329-4edfff30d06e-PendingRequests: sendNotLeaderResponses
2019-09-19 13:38:42,333 [ForkJoinPool.commonPool-worker-0] INFO  impl.PendingRequests (PendingRequests.java:sendNotLeaderResponses(202)) - 0a5ba9de-a835-4228-8329-4edfff30d06e-PendingRequests: sendNotLeaderResponses
2019-09-19 13:38:42,340 [grpc-default-executor-0] INFO  server.GrpcServerProtocolService (GrpcServerProtocolService.java:onCompleted(113)) - d2cb86cd-c327-4321-a829-e2a5e72c5825: Completed APPEND_ENTRIES, lastRequest: 0a5ba9de-a835-4228-8329-4edfff30d06e->d2cb86cd-c327-4321-a829-e2a5e72c5825#5-t1, previous=(t:1, i:2), leaderCommit=2, initializing? false, entries: <empty>
2019-09-19 13:38:42,341 [grpc-default-executor-2] INFO  server.GrpcServerProtocolService (GrpcServerProtocolService.java:onCompleted(113)) - f542701f-6f5b-424f-8f38-b614db00c364: Completed APPEND_ENTRIES, lastRequest: 0a5ba9de-a835-4228-8329-4edfff30d06e->f542701f-6f5b-424f-8f38-b614db00c364#5-t1, previous=(t:1, i:2), leaderCommit=2, initializing? false, entries: <empty>
2019-09-19 13:38:42,352 [ForkJoinPool.commonPool-worker-0] INFO  impl.StateMachineUpdater (StateMachineUpdater.java:stopAndJoin(125)) - 0a5ba9de-a835-4228-8329-4edfff30d06e@group-640528C61AB8-StateMachineUpdater: set stopIndex = 0
2019-09-19 13:38:42,355 [0a5ba9de-a835-4228-8329-4edfff30d06e@group-19189F669019-StateMachineUpdater] INFO  ratis.ContainerStateMachine (ContainerStateMachine.java:takeSnapshot(289)) - group-19189F669019: Taking a snapshot at:(t:1, i:2) file /workdir/hadoop-ozone/integration-test/target/test-dir/MiniOzoneClusterImpl-39bd3618-1370-4f1c-b084-0cd74823b8da/datanode-3/data/ratis/806b68b3-143b-478a-be5f-19189f669019/sm/snapshot.1_2
2019-09-19 13:38:42,356 [grpc-default-executor-0] INFO  server.GrpcLogAppender (GrpcLogAppender.java:onCompleted(293)) - 0a5ba9de-a835-4228-8329-4edfff30d06e@group-19189F669019->f542701f-6f5b-424f-8f38-b614db00c364-AppendLogResponseHandler: follower responses appendEntries COMPLETED
2019-09-19 13:38:42,352 [main] INFO  impl.StateMachineUpdater (StateMachineUpdater.java:stopAndJoin(125)) - 0a5ba9de-a835-4228-8329-4edfff30d06e@group-19189F669019-StateMachineUpdater: set stopIndex = 2
2019-09-19 13:38:42,354 [grpc-default-executor-2] INFO  server.GrpcLogAppender (GrpcLogAppender.java:onCompleted(293)) - 0a5ba9de-a835-4228-8329-4edfff30d06e@group-19189F669019->d2cb86cd-c327-4321-a829-e2a5e72c5825-AppendLogResponseHandler: follower responses appendEntries COMPLETED
2019-09-19 13:38:42,356 [ForkJoinPool.commonPool-worker-0] INFO  impl.RaftServerImpl (ServerState.java:close(385)) - 0a5ba9de-a835-4228-8329-4edfff30d06e@group-640528C61AB8: closes. applyIndex: 0
2019-09-19 13:38:42,363 [grpc-default-executor-0] INFO  impl.FollowerInfo (FollowerInfo.java:lambda$new$0(51)) - 0a5ba9de-a835-4228-8329-4edfff30d06e@group-19189F669019->f542701f-6f5b-424f-8f38-b614db00c364: nextIndex: updateUnconditionally 3 -> 2
2019-09-19 13:38:42,363 [grpc-default-executor-2] INFO  impl.FollowerInfo (FollowerInfo.java:lambda$new$0(51)) - 0a5ba9de-a835-4228-8329-4edfff30d06e@group-19189F669019->d2cb86cd-c327-4321-a829-e2a5e72c5825: nextIndex: updateUnconditionally 3 -> 2
2019-09-19 13:38:42,366 [0a5ba9de-a835-4228-8329-4edfff30d06e@group-640528C61AB8-SegmentedRaftLogWorker] INFO  segmented.SegmentedRaftLogWorker (SegmentedRaftLogWorker.java:run(313)) - 0a5ba9de-a835-4228-8329-4edfff30d06e@group-640528C61AB8-SegmentedRaftLogWorker was interrupted, exiting. There are 0 tasks remaining in the queue.
2019-09-19 13:38:42,374 [ForkJoinPool.commonPool-worker-0] INFO  segmented.SegmentedRaftLogWorker (SegmentedRaftLogWorker.java:close(228)) - 0a5ba9de-a835-4228-8329-4edfff30d06e@group-640528C61AB8-SegmentedRaftLogWorker close()
2019-09-19 13:38:42,472 [0a5ba9de-a835-4228-8329-4edfff30d06e@group-19189F669019-StateMachineUpdater] INFO  ratis.ContainerStateMachine (ContainerStateMachine.java:takeSnapshot(300)) - group-19189F669019: Finished taking a snapshot at:(t:1, i:2) file:/workdir/hadoop-ozone/integration-test/target/test-dir/MiniOzoneClusterImpl-39bd3618-1370-4f1c-b084-0cd74823b8da/datanode-3/data/ratis/806b68b3-143b-478a-be5f-19189f669019/sm/snapshot.1_2 time:120
2019-09-19 13:38:42,473 [0a5ba9de-a835-4228-8329-4edfff30d06e@group-19189F669019-StateMachineUpdater] INFO  impl.StateMachineUpdater (StateMachineUpdater.java:takeSnapshot(258)) - 0a5ba9de-a835-4228-8329-4edfff30d06e@group-19189F669019-StateMachineUpdater: Took a snapshot at index 2
2019-09-19 13:38:42,473 [0a5ba9de-a835-4228-8329-4edfff30d06e@group-19189F669019-StateMachineUpdater] INFO  impl.StateMachineUpdater (StateMachineUpdater.java:lambda$new$0(83)) - 0a5ba9de-a835-4228-8329-4edfff30d06e@group-19189F669019-StateMachineUpdater: snapshotIndex: updateIncreasingly -1 -> 2
2019-09-19 13:38:42,479 [main] INFO  impl.RaftServerImpl (ServerState.java:close(385)) - 0a5ba9de-a835-4228-8329-4edfff30d06e@group-19189F669019: closes. applyIndex: 2
2019-09-19 13:38:42,480 [0a5ba9de-a835-4228-8329-4edfff30d06e@group-19189F669019-SegmentedRaftLogWorker] INFO  segmented.SegmentedRaftLogWorker (SegmentedRaftLogWorker.java:run(313)) - 0a5ba9de-a835-4228-8329-4edfff30d06e@group-19189F669019-SegmentedRaftLogWorker was interrupted, exiting. There are 0 tasks remaining in the queue.
2019-09-19 13:38:42,485 [main] INFO  segmented.SegmentedRaftLogWorker (SegmentedRaftLogWorker.java:close(228)) - 0a5ba9de-a835-4228-8329-4edfff30d06e@group-19189F669019-SegmentedRaftLogWorker close()
2019-09-19 13:38:42,489 [main] INFO  server.GrpcService (GrpcService.java:closeImpl(164)) - 0a5ba9de-a835-4228-8329-4edfff30d06e: shutdown server with port 45227 now
2019-09-19 13:38:42,492 [main] INFO  server.GrpcService (GrpcService.java:closeImpl(172)) - 0a5ba9de-a835-4228-8329-4edfff30d06e: shutdown server with port 45227 successfully
2019-09-19 13:38:42,494 [refreshUsed-/workdir/hadoop-ozone/integration-test/target/test-dir/MiniOzoneClusterImpl-39bd3618-1370-4f1c-b084-0cd74823b8da/datanode-3/data/containers] WARN  fs.CachingGetSpaceUsed (CachingGetSpaceUsed.java:run(183)) - Thread Interrupted waiting to refresh disk information: sleep interrupted
2019-09-19 13:38:42,508 [main] INFO  utils.BackgroundService (BackgroundService.java:shutdown(148)) - Shutting down service BlockDeletingService
2019-09-19 13:38:42,512 [main] INFO  statemachine.DatanodeStateMachine (DatanodeStateMachine.java:stopDaemon(395)) - Ozone container server stopped.
2019-09-19 13:38:42,516 [main] INFO  handler.ContextHandler (ContextHandler.java:doStop(910)) - Stopped o.e.j.w.WebAppContext@411c6d44{/,null,UNAVAILABLE}{/hddsDatanode}
2019-09-19 13:38:42,520 [main] INFO  server.AbstractConnector (AbstractConnector.java:doStop(318)) - Stopped ServerConnector@1687eb01{HTTP/1.1,[http/1.1]}{0.0.0.0:0}
2019-09-19 13:38:42,520 [main] INFO  handler.ContextHandler (ContextHandler.java:doStop(910)) - Stopped o.e.j.s.ServletContextHandler@119aa36{/static,jar:file:/home/user/.m2/repository/org/apache/hadoop/hadoop-hdds-container-service/0.5.0-SNAPSHOT/hadoop-hdds-container-service-0.5.0-SNAPSHOT.jar!/webapps/static,UNAVAILABLE}
2019-09-19 13:38:42,521 [main] INFO  handler.ContextHandler (ContextHandler.java:doStop(910)) - Stopped o.e.j.s.ServletContextHandler@54e2fe{/logs,file:///workdir/hadoop-ozone/integration-test/target/log,UNAVAILABLE}
2019-09-19 13:38:44,570 [grpc-default-executor-2] INFO  client.GrpcClientProtocolClient (GrpcClientProtocolClient.java:onNext(264)) - client-313CEACB1F49->f542701f-6f5b-424f-8f38-b614db00c364: receive RaftClientReply:client-313CEACB1F49->f542701f-6f5b-424f-8f38-b614db00c364@group-19189F669019, cid=14, FAILED org.apache.ratis.protocol.NotLeaderException: Server f542701f-6f5b-424f-8f38-b614db00c364@group-19189F669019 is not the leader 0a5ba9de-a835-4228-8329-4edfff30d06e:192.168.34.51:45227, logIndex=0, commits[f542701f-6f5b-424f-8f38-b614db00c364:c2, d2cb86cd-c327-4321-a829-e2a5e72c5825:c2, 0a5ba9de-a835-4228-8329-4edfff30d06e:c2]
2019-09-19 13:38:45,610 [grpc-default-executor-1] INFO  client.GrpcClientProtocolClient (GrpcClientProtocolClient.java:onNext(264)) - client-313CEACB1F49->d2cb86cd-c327-4321-a829-e2a5e72c5825: receive RaftClientReply:client-313CEACB1F49->d2cb86cd-c327-4321-a829-e2a5e72c5825@group-19189F669019, cid=14, FAILED org.apache.ratis.protocol.NotLeaderException: Server d2cb86cd-c327-4321-a829-e2a5e72c5825@group-19189F669019 is not the leader 0a5ba9de-a835-4228-8329-4edfff30d06e:192.168.34.51:45227, logIndex=0, commits[d2cb86cd-c327-4321-a829-e2a5e72c5825:c2, f542701f-6f5b-424f-8f38-b614db00c364:c2, 0a5ba9de-a835-4228-8329-4edfff30d06e:c2]
2019-09-19 13:38:46,641 [grpc-default-executor-2] INFO  client.GrpcClientProtocolClient (GrpcClientProtocolClient.java:onNext(264)) - client-313CEACB1F49->d2cb86cd-c327-4321-a829-e2a5e72c5825: receive RaftClientReply:client-313CEACB1F49->d2cb86cd-c327-4321-a829-e2a5e72c5825@group-19189F669019, cid=14, FAILED org.apache.ratis.protocol.NotLeaderException: Server d2cb86cd-c327-4321-a829-e2a5e72c5825@group-19189F669019 is not the leader 0a5ba9de-a835-4228-8329-4edfff30d06e:192.168.34.51:45227, logIndex=0, commits[d2cb86cd-c327-4321-a829-e2a5e72c5825:c2, f542701f-6f5b-424f-8f38-b614db00c364:c2, 0a5ba9de-a835-4228-8329-4edfff30d06e:c2]
2019-09-19 13:38:47,681 [grpc-default-executor-1] INFO  client.GrpcClientProtocolClient (GrpcClientProtocolClient.java:onNext(264)) - client-313CEACB1F49->d2cb86cd-c327-4321-a829-e2a5e72c5825: receive RaftClientReply:client-313CEACB1F49->d2cb86cd-c327-4321-a829-e2a5e72c5825@group-19189F669019, cid=14, FAILED org.apache.ratis.protocol.NotLeaderException: Server d2cb86cd-c327-4321-a829-e2a5e72c5825@group-19189F669019 is not the leader 0a5ba9de-a835-4228-8329-4edfff30d06e:192.168.34.51:45227, logIndex=0, commits[d2cb86cd-c327-4321-a829-e2a5e72c5825:c2, f542701f-6f5b-424f-8f38-b614db00c364:c2, 0a5ba9de-a835-4228-8329-4edfff30d06e:c2]
2019-09-19 13:38:48,727 [grpc-default-executor-2] INFO  client.GrpcClientProtocolClient (GrpcClientProtocolClient.java:onNext(264)) - client-313CEACB1F49->f542701f-6f5b-424f-8f38-b614db00c364: receive RaftClientReply:client-313CEACB1F49->f542701f-6f5b-424f-8f38-b614db00c364@group-19189F669019, cid=14, FAILED org.apache.ratis.protocol.NotLeaderException: Server f542701f-6f5b-424f-8f38-b614db00c364@group-19189F669019 is not the leader 0a5ba9de-a835-4228-8329-4edfff30d06e:192.168.34.51:45227, logIndex=0, commits[f542701f-6f5b-424f-8f38-b614db00c364:c2, d2cb86cd-c327-4321-a829-e2a5e72c5825:c2, 0a5ba9de-a835-4228-8329-4edfff30d06e:c2]
2019-09-19 13:38:49,778 [grpc-default-executor-0] INFO  client.GrpcClientProtocolClient (GrpcClientProtocolClient.java:onNext(264)) - client-313CEACB1F49->d2cb86cd-c327-4321-a829-e2a5e72c5825: receive RaftClientReply:client-313CEACB1F49->d2cb86cd-c327-4321-a829-e2a5e72c5825@group-19189F669019, cid=14, FAILED org.apache.ratis.protocol.NotLeaderException: Server d2cb86cd-c327-4321-a829-e2a5e72c5825@group-19189F669019 is not the leader 0a5ba9de-a835-4228-8329-4edfff30d06e:192.168.34.51:45227, logIndex=0, commits[d2cb86cd-c327-4321-a829-e2a5e72c5825:c2, f542701f-6f5b-424f-8f38-b614db00c364:c2, 0a5ba9de-a835-4228-8329-4edfff30d06e:c2]
2019-09-19 13:38:50,842 [grpc-default-executor-2] INFO  client.GrpcClientProtocolClient (GrpcClientProtocolClient.java:onNext(264)) - client-313CEACB1F49->f542701f-6f5b-424f-8f38-b614db00c364: receive RaftClientReply:client-313CEACB1F49->f542701f-6f5b-424f-8f38-b614db00c364@group-19189F669019, cid=14, FAILED org.apache.ratis.protocol.NotLeaderException: Server f542701f-6f5b-424f-8f38-b614db00c364@group-19189F669019 is not the leader 0a5ba9de-a835-4228-8329-4edfff30d06e:192.168.34.51:45227, logIndex=0, commits[f542701f-6f5b-424f-8f38-b614db00c364:c2, d2cb86cd-c327-4321-a829-e2a5e72c5825:c2, 0a5ba9de-a835-4228-8329-4edfff30d06e:c2]
2019-09-19 13:38:51,488 [Thread-312] INFO  impl.FollowerState (FollowerState.java:run(106)) - f542701f-6f5b-424f-8f38-b614db00c364:group-19189F669019 changes to CANDIDATE, lastRpcTime:9527, electionTimeout:5104ms
2019-09-19 13:38:51,491 [Thread-312] INFO  impl.RoleInfo (RoleInfo.java:shutdownFollowerState(121)) - f542701f-6f5b-424f-8f38-b614db00c364: shutdown FollowerState
2019-09-19 13:38:51,491 [Thread-312] INFO  impl.RaftServerImpl (RaftServerImpl.java:setRole(174)) - f542701f-6f5b-424f-8f38-b614db00c364@group-19189F669019: changes role from  FOLLOWER to CANDIDATE at term 1 for changeToCandidate
2019-09-19 13:38:51,491 [Thread-312] INFO  impl.RoleInfo (RoleInfo.java:updateAndGet(143)) - f542701f-6f5b-424f-8f38-b614db00c364: start LeaderElection
2019-09-19 13:38:51,494 [f542701f-6f5b-424f-8f38-b614db00c364@group-19189F669019:LeaderElection11] INFO  impl.RaftServerImpl (ServerState.java:setLeader(253)) - f542701f-6f5b-424f-8f38-b614db00c364@group-19189F669019: change Leader from 0a5ba9de-a835-4228-8329-4edfff30d06e to null at term 1 for initElection
2019-09-19 13:38:51,511 [Thread-311] INFO  impl.FollowerState (FollowerState.java:run(106)) - d2cb86cd-c327-4321-a829-e2a5e72c5825:group-19189F669019 changes to CANDIDATE, lastRpcTime:9551, electionTimeout:5179ms
2019-09-19 13:38:51,511 [Thread-311] INFO  impl.RoleInfo (RoleInfo.java:shutdownFollowerState(121)) - d2cb86cd-c327-4321-a829-e2a5e72c5825: shutdown FollowerState
2019-09-19 13:38:51,511 [Thread-311] INFO  impl.RaftServerImpl (RaftServerImpl.java:setRole(174)) - d2cb86cd-c327-4321-a829-e2a5e72c5825@group-19189F669019: changes role from  FOLLOWER to CANDIDATE at term 1 for changeToCandidate
2019-09-19 13:38:51,511 [Thread-311] INFO  impl.RoleInfo (RoleInfo.java:updateAndGet(143)) - d2cb86cd-c327-4321-a829-e2a5e72c5825: start LeaderElection
2019-09-19 13:38:51,514 [d2cb86cd-c327-4321-a829-e2a5e72c5825@group-19189F669019:LeaderElection12] INFO  impl.RaftServerImpl (ServerState.java:setLeader(253)) - d2cb86cd-c327-4321-a829-e2a5e72c5825@group-19189F669019: change Leader from 0a5ba9de-a835-4228-8329-4edfff30d06e to null at term 1 for initElection
2019-09-19 13:38:51,522 [f542701f-6f5b-424f-8f38-b614db00c364@group-19189F669019:LeaderElection11] INFO  impl.LeaderElection (LeaderElection.java:askForVotes(182)) - f542701f-6f5b-424f-8f38-b614db00c364@group-19189F669019:LeaderElection11: begin an election at term 2 for 0: [d2cb86cd-c327-4321-a829-e2a5e72c5825:192.168.34.51:38110, f542701f-6f5b-424f-8f38-b614db00c364:192.168.34.51:34792, 0a5ba9de-a835-4228-8329-4edfff30d06e:192.168.34.51:45227], old=null
2019-09-19 13:38:51,524 [d2cb86cd-c327-4321-a829-e2a5e72c5825@group-19189F669019:LeaderElection12] INFO  impl.LeaderElection (LeaderElection.java:askForVotes(182)) - d2cb86cd-c327-4321-a829-e2a5e72c5825@group-19189F669019:LeaderElection12: begin an election at term 2 for 0: [d2cb86cd-c327-4321-a829-e2a5e72c5825:192.168.34.51:38110, f542701f-6f5b-424f-8f38-b614db00c364:192.168.34.51:34792, 0a5ba9de-a835-4228-8329-4edfff30d06e:192.168.34.51:45227], old=null
2019-09-19 13:38:51,537 [f542701f-6f5b-424f-8f38-b614db00c364@group-19189F669019:LeaderElection11] INFO  impl.LeaderElection (LogUtils.java:infoOrTrace(149)) - f542701f-6f5b-424f-8f38-b614db00c364@group-19189F669019:LeaderElection11 got exception when requesting votes: {}
java.util.concurrent.ExecutionException: org.apache.ratis.thirdparty.io.grpc.StatusRuntimeException: UNAVAILABLE: io exception
	at java.util.concurrent.FutureTask.report(FutureTask.java:122)
	at java.util.concurrent.FutureTask.get(FutureTask.java:192)
	at org.apache.ratis.server.impl.LeaderElection.waitForResults(LeaderElection.java:263)
	at org.apache.ratis.server.impl.LeaderElection.askForVotes(LeaderElection.java:201)
	at org.apache.ratis.server.impl.LeaderElection.run(LeaderElection.java:133)
	at java.lang.Thread.run(Thread.java:748)
Caused by: org.apache.ratis.thirdparty.io.grpc.StatusRuntimeException: UNAVAILABLE: io exception
	at org.apache.ratis.thirdparty.io.grpc.stub.ClientCalls.toStatusRuntimeException(ClientCalls.java:233)
	at org.apache.ratis.thirdparty.io.grpc.stub.ClientCalls.getUnchecked(ClientCalls.java:214)
	at org.apache.ratis.thirdparty.io.grpc.stub.ClientCalls.blockingUnaryCall(ClientCalls.java:139)
	at org.apache.ratis.proto.grpc.RaftServerProtocolServiceGrpc$RaftServerProtocolServiceBlockingStub.requestVote(RaftServerProtocolServiceGrpc.java:265)
	at org.apache.ratis.grpc.server.GrpcServerProtocolClient.requestVote(GrpcServerProtocolClient.java:90)
	at org.apache.ratis.grpc.server.GrpcService.requestVote(GrpcService.java:204)
	at org.apache.ratis.server.impl.LeaderElection.lambda$submitRequests$1(LeaderElection.java:238)
	at java.util.concurrent.FutureTask.run(FutureTask.java:266)
	at java.util.concurrent.Executors$RunnableAdapter.call(Executors.java:511)
	at java.util.concurrent.FutureTask.run(FutureTask.java:266)
	at java.util.concurrent.ThreadPoolExecutor.runWorker(ThreadPoolExecutor.java:1149)
	at java.util.concurrent.ThreadPoolExecutor$Worker.run(ThreadPoolExecutor.java:624)
	... 1 more
Caused by: org.apache.ratis.thirdparty.io.netty.channel.AbstractChannel$AnnotatedConnectException: Connection refused: /192.168.34.51:45227
	at sun.nio.ch.SocketChannelImpl.checkConnect(Native Method)
	at sun.nio.ch.SocketChannelImpl.finishConnect(SocketChannelImpl.java:717)
	at org.apache.ratis.thirdparty.io.netty.channel.socket.nio.NioSocketChannel.doFinishConnect(NioSocketChannel.java:327)
	at org.apache.ratis.thirdparty.io.netty.channel.nio.AbstractNioChannel$AbstractNioUnsafe.finishConnect(AbstractNioChannel.java:340)
	at org.apache.ratis.thirdparty.io.netty.channel.nio.NioEventLoop.processSelectedKey(NioEventLoop.java:632)
	at org.apache.ratis.thirdparty.io.netty.channel.nio.NioEventLoop.processSelectedKeysOptimized(NioEventLoop.java:579)
	at org.apache.ratis.thirdparty.io.netty.channel.nio.NioEventLoop.processSelectedKeys(NioEventLoop.java:496)
	at org.apache.ratis.thirdparty.io.netty.channel.nio.NioEventLoop.run(NioEventLoop.java:458)
	at org.apache.ratis.thirdparty.io.netty.util.concurrent.SingleThreadEventExecutor$5.run(SingleThreadEventExecutor.java:897)
	at org.apache.ratis.thirdparty.io.netty.util.concurrent.FastThreadLocalRunnable.run(FastThreadLocalRunnable.java:30)
	... 1 more
Caused by: java.net.ConnectException: Connection refused
	... 11 more
2019-09-19 13:38:51,537 [d2cb86cd-c327-4321-a829-e2a5e72c5825@group-19189F669019:LeaderElection12] INFO  impl.LeaderElection (LogUtils.java:infoOrTrace(149)) - d2cb86cd-c327-4321-a829-e2a5e72c5825@group-19189F669019:LeaderElection12 got exception when requesting votes: {}
java.util.concurrent.ExecutionException: org.apache.ratis.thirdparty.io.grpc.StatusRuntimeException: UNAVAILABLE: io exception
	at java.util.concurrent.FutureTask.report(FutureTask.java:122)
	at java.util.concurrent.FutureTask.get(FutureTask.java:192)
	at org.apache.ratis.server.impl.LeaderElection.waitForResults(LeaderElection.java:263)
	at org.apache.ratis.server.impl.LeaderElection.askForVotes(LeaderElection.java:201)
	at org.apache.ratis.server.impl.LeaderElection.run(LeaderElection.java:133)
	at java.lang.Thread.run(Thread.java:748)
Caused by: org.apache.ratis.thirdparty.io.grpc.StatusRuntimeException: UNAVAILABLE: io exception
	at org.apache.ratis.thirdparty.io.grpc.stub.ClientCalls.toStatusRuntimeException(ClientCalls.java:233)
	at org.apache.ratis.thirdparty.io.grpc.stub.ClientCalls.getUnchecked(ClientCalls.java:214)
	at org.apache.ratis.thirdparty.io.grpc.stub.ClientCalls.blockingUnaryCall(ClientCalls.java:139)
	at org.apache.ratis.proto.grpc.RaftServerProtocolServiceGrpc$RaftServerProtocolServiceBlockingStub.requestVote(RaftServerProtocolServiceGrpc.java:265)
	at org.apache.ratis.grpc.server.GrpcServerProtocolClient.requestVote(GrpcServerProtocolClient.java:90)
	at org.apache.ratis.grpc.server.GrpcService.requestVote(GrpcService.java:204)
	at org.apache.ratis.server.impl.LeaderElection.lambda$submitRequests$1(LeaderElection.java:238)
	at java.util.concurrent.FutureTask.run(FutureTask.java:266)
	at java.util.concurrent.Executors$RunnableAdapter.call(Executors.java:511)
	at java.util.concurrent.FutureTask.run(FutureTask.java:266)
	at java.util.concurrent.ThreadPoolExecutor.runWorker(ThreadPoolExecutor.java:1149)
	at java.util.concurrent.ThreadPoolExecutor$Worker.run(ThreadPoolExecutor.java:624)
	... 1 more
Caused by: org.apache.ratis.thirdparty.io.netty.channel.AbstractChannel$AnnotatedConnectException: Connection refused: /192.168.34.51:45227
	at sun.nio.ch.SocketChannelImpl.checkConnect(Native Method)
	at sun.nio.ch.SocketChannelImpl.finishConnect(SocketChannelImpl.java:717)
	at org.apache.ratis.thirdparty.io.netty.channel.socket.nio.NioSocketChannel.doFinishConnect(NioSocketChannel.java:327)
	at org.apache.ratis.thirdparty.io.netty.channel.nio.AbstractNioChannel$AbstractNioUnsafe.finishConnect(AbstractNioChannel.java:340)
	at org.apache.ratis.thirdparty.io.netty.channel.nio.NioEventLoop.processSelectedKey(NioEventLoop.java:632)
	at org.apache.ratis.thirdparty.io.netty.channel.nio.NioEventLoop.processSelectedKeysOptimized(NioEventLoop.java:579)
	at org.apache.ratis.thirdparty.io.netty.channel.nio.NioEventLoop.processSelectedKeys(NioEventLoop.java:496)
	at org.apache.ratis.thirdparty.io.netty.channel.nio.NioEventLoop.run(NioEventLoop.java:458)
	at org.apache.ratis.thirdparty.io.netty.util.concurrent.SingleThreadEventExecutor$5.run(SingleThreadEventExecutor.java:897)
	at org.apache.ratis.thirdparty.io.netty.util.concurrent.FastThreadLocalRunnable.run(FastThreadLocalRunnable.java:30)
	... 1 more
Caused by: java.net.ConnectException: Connection refused
	... 11 more
2019-09-19 13:38:51,541 [f542701f-6f5b-424f-8f38-b614db00c364@group-19189F669019:LeaderElection11] INFO  impl.LeaderElection (LeaderElection.java:logAndReturn(56)) - f542701f-6f5b-424f-8f38-b614db00c364@group-19189F669019:LeaderElection11: Election REJECTED; received 1 response(s) [f542701f-6f5b-424f-8f38-b614db00c364<-d2cb86cd-c327-4321-a829-e2a5e72c5825#0:FAIL-t2] and 1 exception(s); f542701f-6f5b-424f-8f38-b614db00c364@group-19189F669019:t2, leader=null, voted=f542701f-6f5b-424f-8f38-b614db00c364, raftlog=f542701f-6f5b-424f-8f38-b614db00c364@group-19189F669019-SegmentedRaftLog:OPENED:c2,f2,i2, conf=0: [d2cb86cd-c327-4321-a829-e2a5e72c5825:192.168.34.51:38110, f542701f-6f5b-424f-8f38-b614db00c364:192.168.34.51:34792, 0a5ba9de-a835-4228-8329-4edfff30d06e:192.168.34.51:45227], old=null
2019-09-19 13:38:51,541 [d2cb86cd-c327-4321-a829-e2a5e72c5825@group-19189F669019:LeaderElection12] INFO  impl.LeaderElection (LeaderElection.java:logAndReturn(56)) - d2cb86cd-c327-4321-a829-e2a5e72c5825@group-19189F669019:LeaderElection12: Election REJECTED; received 1 response(s) [d2cb86cd-c327-4321-a829-e2a5e72c5825<-f542701f-6f5b-424f-8f38-b614db00c364#0:FAIL-t2] and 1 exception(s); d2cb86cd-c327-4321-a829-e2a5e72c5825@group-19189F669019:t2, leader=null, voted=d2cb86cd-c327-4321-a829-e2a5e72c5825, raftlog=d2cb86cd-c327-4321-a829-e2a5e72c5825@group-19189F669019-SegmentedRaftLog:OPENED:c2,f2,i2, conf=0: [d2cb86cd-c327-4321-a829-e2a5e72c5825:192.168.34.51:38110, f542701f-6f5b-424f-8f38-b614db00c364:192.168.34.51:34792, 0a5ba9de-a835-4228-8329-4edfff30d06e:192.168.34.51:45227], old=null
2019-09-19 13:38:51,542 [f542701f-6f5b-424f-8f38-b614db00c364@group-19189F669019:LeaderElection11] INFO  impl.LeaderElection (LogUtils.java:infoOrTrace(149)) -   Exception 0: {}
java.util.concurrent.ExecutionException: org.apache.ratis.thirdparty.io.grpc.StatusRuntimeException: UNAVAILABLE: io exception
	at java.util.concurrent.FutureTask.report(FutureTask.java:122)
	at java.util.concurrent.FutureTask.get(FutureTask.java:192)
	at org.apache.ratis.server.impl.LeaderElection.waitForResults(LeaderElection.java:263)
	at org.apache.ratis.server.impl.LeaderElection.askForVotes(LeaderElection.java:201)
	at org.apache.ratis.server.impl.LeaderElection.run(LeaderElection.java:133)
	at java.lang.Thread.run(Thread.java:748)
Caused by: org.apache.ratis.thirdparty.io.grpc.StatusRuntimeException: UNAVAILABLE: io exception
	at org.apache.ratis.thirdparty.io.grpc.stub.ClientCalls.toStatusRuntimeException(ClientCalls.java:233)
	at org.apache.ratis.thirdparty.io.grpc.stub.ClientCalls.getUnchecked(ClientCalls.java:214)
	at org.apache.ratis.thirdparty.io.grpc.stub.ClientCalls.blockingUnaryCall(ClientCalls.java:139)
	at org.apache.ratis.proto.grpc.RaftServerProtocolServiceGrpc$RaftServerProtocolServiceBlockingStub.requestVote(RaftServerProtocolServiceGrpc.java:265)
	at org.apache.ratis.grpc.server.GrpcServerProtocolClient.requestVote(GrpcServerProtocolClient.java:90)
	at org.apache.ratis.grpc.server.GrpcService.requestVote(GrpcService.java:204)
	at org.apache.ratis.server.impl.LeaderElection.lambda$submitRequests$1(LeaderElection.java:238)
	at java.util.concurrent.FutureTask.run(FutureTask.java:266)
	at java.util.concurrent.Executors$RunnableAdapter.call(Executors.java:511)
	at java.util.concurrent.FutureTask.run(FutureTask.java:266)
	at java.util.concurrent.ThreadPoolExecutor.runWorker(ThreadPoolExecutor.java:1149)
	at java.util.concurrent.ThreadPoolExecutor$Worker.run(ThreadPoolExecutor.java:624)
	... 1 more
Caused by: org.apache.ratis.thirdparty.io.netty.channel.AbstractChannel$AnnotatedConnectException: Connection refused: /192.168.34.51:45227
	at sun.nio.ch.SocketChannelImpl.checkConnect(Native Method)
	at sun.nio.ch.SocketChannelImpl.finishConnect(SocketChannelImpl.java:717)
	at org.apache.ratis.thirdparty.io.netty.channel.socket.nio.NioSocketChannel.doFinishConnect(NioSocketChannel.java:327)
	at org.apache.ratis.thirdparty.io.netty.channel.nio.AbstractNioChannel$AbstractNioUnsafe.finishConnect(AbstractNioChannel.java:340)
	at org.apache.ratis.thirdparty.io.netty.channel.nio.NioEventLoop.processSelectedKey(NioEventLoop.java:632)
	at org.apache.ratis.thirdparty.io.netty.channel.nio.NioEventLoop.processSelectedKeysOptimized(NioEventLoop.java:579)
	at org.apache.ratis.thirdparty.io.netty.channel.nio.NioEventLoop.processSelectedKeys(NioEventLoop.java:496)
	at org.apache.ratis.thirdparty.io.netty.channel.nio.NioEventLoop.run(NioEventLoop.java:458)
	at org.apache.ratis.thirdparty.io.netty.util.concurrent.SingleThreadEventExecutor$5.run(SingleThreadEventExecutor.java:897)
	at org.apache.ratis.thirdparty.io.netty.util.concurrent.FastThreadLocalRunnable.run(FastThreadLocalRunnable.java:30)
	... 1 more
Caused by: java.net.ConnectException: Connection refused
	... 11 more
2019-09-19 13:38:51,542 [d2cb86cd-c327-4321-a829-e2a5e72c5825@group-19189F669019:LeaderElection12] INFO  impl.LeaderElection (LogUtils.java:infoOrTrace(149)) -   Exception 0: {}
java.util.concurrent.ExecutionException: org.apache.ratis.thirdparty.io.grpc.StatusRuntimeException: UNAVAILABLE: io exception
	at java.util.concurrent.FutureTask.report(FutureTask.java:122)
	at java.util.concurrent.FutureTask.get(FutureTask.java:192)
	at org.apache.ratis.server.impl.LeaderElection.waitForResults(LeaderElection.java:263)
	at org.apache.ratis.server.impl.LeaderElection.askForVotes(LeaderElection.java:201)
	at org.apache.ratis.server.impl.LeaderElection.run(LeaderElection.java:133)
	at java.lang.Thread.run(Thread.java:748)
Caused by: org.apache.ratis.thirdparty.io.grpc.StatusRuntimeException: UNAVAILABLE: io exception
	at org.apache.ratis.thirdparty.io.grpc.stub.ClientCalls.toStatusRuntimeException(ClientCalls.java:233)
	at org.apache.ratis.thirdparty.io.grpc.stub.ClientCalls.getUnchecked(ClientCalls.java:214)
	at org.apache.ratis.thirdparty.io.grpc.stub.ClientCalls.blockingUnaryCall(ClientCalls.java:139)
	at org.apache.ratis.proto.grpc.RaftServerProtocolServiceGrpc$RaftServerProtocolServiceBlockingStub.requestVote(RaftServerProtocolServiceGrpc.java:265)
	at org.apache.ratis.grpc.server.GrpcServerProtocolClient.requestVote(GrpcServerProtocolClient.java:90)
	at org.apache.ratis.grpc.server.GrpcService.requestVote(GrpcService.java:204)
	at org.apache.ratis.server.impl.LeaderElection.lambda$submitRequests$1(LeaderElection.java:238)
	at java.util.concurrent.FutureTask.run(FutureTask.java:266)
	at java.util.concurrent.Executors$RunnableAdapter.call(Executors.java:511)
	at java.util.concurrent.FutureTask.run(FutureTask.java:266)
	at java.util.concurrent.ThreadPoolExecutor.runWorker(ThreadPoolExecutor.java:1149)
	at java.util.concurrent.ThreadPoolExecutor$Worker.run(ThreadPoolExecutor.java:624)
	... 1 more
Caused by: org.apache.ratis.thirdparty.io.netty.channel.AbstractChannel$AnnotatedConnectException: Connection refused: /192.168.34.51:45227
	at sun.nio.ch.SocketChannelImpl.checkConnect(Native Method)
	at sun.nio.ch.SocketChannelImpl.finishConnect(SocketChannelImpl.java:717)
	at org.apache.ratis.thirdparty.io.netty.channel.socket.nio.NioSocketChannel.doFinishConnect(NioSocketChannel.java:327)
	at org.apache.ratis.thirdparty.io.netty.channel.nio.AbstractNioChannel$AbstractNioUnsafe.finishConnect(AbstractNioChannel.java:340)
	at org.apache.ratis.thirdparty.io.netty.channel.nio.NioEventLoop.processSelectedKey(NioEventLoop.java:632)
	at org.apache.ratis.thirdparty.io.netty.channel.nio.NioEventLoop.processSelectedKeysOptimized(NioEventLoop.java:579)
	at org.apache.ratis.thirdparty.io.netty.channel.nio.NioEventLoop.processSelectedKeys(NioEventLoop.java:496)
	at org.apache.ratis.thirdparty.io.netty.channel.nio.NioEventLoop.run(NioEventLoop.java:458)
	at org.apache.ratis.thirdparty.io.netty.util.concurrent.SingleThreadEventExecutor$5.run(SingleThreadEventExecutor.java:897)
	at org.apache.ratis.thirdparty.io.netty.util.concurrent.FastThreadLocalRunnable.run(FastThreadLocalRunnable.java:30)
	... 1 more
Caused by: java.net.ConnectException: Connection refused
	... 11 more
2019-09-19 13:38:51,548 [f542701f-6f5b-424f-8f38-b614db00c364@group-19189F669019:LeaderElection11] INFO  impl.RaftServerImpl (RaftServerImpl.java:setRole(174)) - f542701f-6f5b-424f-8f38-b614db00c364@group-19189F669019: changes role from CANDIDATE to FOLLOWER at term 2 for DISCOVERED_A_NEW_TERM
2019-09-19 13:38:51,549 [d2cb86cd-c327-4321-a829-e2a5e72c5825@group-19189F669019:LeaderElection12] INFO  impl.RaftServerImpl (RaftServerImpl.java:setRole(174)) - d2cb86cd-c327-4321-a829-e2a5e72c5825@group-19189F669019: changes role from CANDIDATE to FOLLOWER at term 2 for DISCOVERED_A_NEW_TERM
2019-09-19 13:38:51,549 [f542701f-6f5b-424f-8f38-b614db00c364@group-19189F669019:LeaderElection11] INFO  impl.RoleInfo (RoleInfo.java:shutdownLeaderElection(134)) - f542701f-6f5b-424f-8f38-b614db00c364: shutdown LeaderElection
2019-09-19 13:38:51,549 [d2cb86cd-c327-4321-a829-e2a5e72c5825@group-19189F669019:LeaderElection12] INFO  impl.RoleInfo (RoleInfo.java:shutdownLeaderElection(134)) - d2cb86cd-c327-4321-a829-e2a5e72c5825: shutdown LeaderElection
2019-09-19 13:38:51,549 [f542701f-6f5b-424f-8f38-b614db00c364@group-19189F669019:LeaderElection11] INFO  impl.RoleInfo (RoleInfo.java:updateAndGet(143)) - f542701f-6f5b-424f-8f38-b614db00c364: start FollowerState
2019-09-19 13:38:51,549 [d2cb86cd-c327-4321-a829-e2a5e72c5825@group-19189F669019:LeaderElection12] INFO  impl.RoleInfo (RoleInfo.java:updateAndGet(143)) - d2cb86cd-c327-4321-a829-e2a5e72c5825: start FollowerState
2019-09-19 13:38:51,874 [grpc-default-executor-0] INFO  client.GrpcClientProtocolClient (GrpcClientProtocolClient.java:onNext(264)) - client-313CEACB1F49->f542701f-6f5b-424f-8f38-b614db00c364: receive RaftClientReply:client-313CEACB1F49->f542701f-6f5b-424f-8f38-b614db00c364@group-19189F669019, cid=14, FAILED org.apache.ratis.protocol.NotLeaderException: Server f542701f-6f5b-424f-8f38-b614db00c364@group-19189F669019 is not the leader, logIndex=0, commits[f542701f-6f5b-424f-8f38-b614db00c364:c2, d2cb86cd-c327-4321-a829-e2a5e72c5825:c2, 0a5ba9de-a835-4228-8329-4edfff30d06e:c2]
2019-09-19 13:38:53,903 [grpc-default-executor-1] INFO  client.GrpcClientProtocolClient (GrpcClientProtocolClient.java:onNext(264)) - client-313CEACB1F49->f542701f-6f5b-424f-8f38-b614db00c364: receive RaftClientReply:client-313CEACB1F49->f542701f-6f5b-424f-8f38-b614db00c364@group-19189F669019, cid=14, FAILED org.apache.ratis.protocol.NotLeaderException: Server f542701f-6f5b-424f-8f38-b614db00c364@group-19189F669019 is not the leader, logIndex=0, commits[f542701f-6f5b-424f-8f38-b614db00c364:c2, d2cb86cd-c327-4321-a829-e2a5e72c5825:c2, 0a5ba9de-a835-4228-8329-4edfff30d06e:c2]
2019-09-19 13:38:54,923 [grpc-default-executor-0] INFO  client.GrpcClientProtocolClient (GrpcClientProtocolClient.java:onNext(264)) - client-313CEACB1F49->d2cb86cd-c327-4321-a829-e2a5e72c5825: receive RaftClientReply:client-313CEACB1F49->d2cb86cd-c327-4321-a829-e2a5e72c5825@group-19189F669019, cid=14, FAILED org.apache.ratis.protocol.NotLeaderException: Server d2cb86cd-c327-4321-a829-e2a5e72c5825@group-19189F669019 is not the leader, logIndex=0, commits[d2cb86cd-c327-4321-a829-e2a5e72c5825:c2, f542701f-6f5b-424f-8f38-b614db00c364:c2, 0a5ba9de-a835-4228-8329-4edfff30d06e:c2]
]]></system-out>
    <system-err><![CDATA[ERROR StatusLogger No Log4j 2 configuration file found. Using default configuration (logging only errors to the console), or user programmatically provided configurations. Set system property 'log4j2.debug' to show Log4j 2 internal initialization logging. See https://logging.apache.org/log4j/2.x/manual/configuration.html for instructions on how to configure Log4j 2
]]></system-err>
  </testcase>
</testsuite>