<?xml version="1.0" encoding="UTF-8"?>
<testsuite xmlns:xsi="http://www.w3.org/2001/XMLSchema-instance" xsi:noNamespaceSchemaLocation="https://maven.apache.org/surefire/maven-surefire-plugin/xsd/surefire-test-report.xsd" name="org.apache.hadoop.ozone.client.rpc.TestBlockOutputStreamWithFailures" time="741.126" tests="8" errors="0" skipped="0" failures="1">
  <properties>
    <property name="awt.toolkit" value="sun.awt.X11.XToolkit"/>
    <property name="file.encoding.pkg" value="sun.io"/>
    <property name="java.specification.version" value="1.8"/>
    <property name="sun.cpu.isalist" value=""/>
    <property name="sun.jnu.encoding" value="UTF-8"/>
    <property name="java.class.path" value="/workdir/hadoop-ozone/integration-test/target/test-classes:/workdir/hadoop-ozone/integration-test/target/classes:/home/user/.m2/repository/org/apache/hadoop/hadoop-ozone-common/0.5.0-SNAPSHOT/hadoop-ozone-common-0.5.0-SNAPSHOT.jar:/home/user/.m2/repository/org/apache/commons/commons-compress/1.4.1/commons-compress-1.4.1.jar:/home/user/.m2/repository/org/tukaani/xz/1.0/xz-1.0.jar:/home/user/.m2/repository/org/apache/hadoop/hadoop-common/3.2.0/hadoop-common-3.2.0.jar:/home/user/.m2/repository/org/apache/hadoop/hadoop-hdfs/3.2.0/hadoop-hdfs-3.2.0.jar:/home/user/.m2/repository/org/apache/hadoop/hadoop-hdfs-client/3.2.0/hadoop-hdfs-client-3.2.0.jar:/home/user/.m2/repository/com/fasterxml/jackson/core/jackson-annotations/2.9.9/jackson-annotations-2.9.9.jar:/home/user/.m2/repository/org/apache/hadoop/hadoop-hdds-common/0.5.0-SNAPSHOT/hadoop-hdds-common-0.5.0-SNAPSHOT.jar:/home/user/.m2/repository/javax/annotation/javax.annotation-api/1.2/javax.annotation-api-1.2.jar:/home/user/.m2/repository/org/apache/ratis/ratis-server/0.4.0-78e95b9-SNAPSHOT/ratis-server-0.4.0-78e95b9-SNAPSHOT.jar:/home/user/.m2/repository/org/apache/ratis/ratis-thirdparty-misc/0.2.0/ratis-thirdparty-misc-0.2.0.jar:/home/user/.m2/repository/org/apache/ratis/ratis-proto/0.4.0-78e95b9-SNAPSHOT/ratis-proto-0.4.0-78e95b9-SNAPSHOT.jar:/home/user/.m2/repository/org/apache/ratis/ratis-common/0.4.0-78e95b9-SNAPSHOT/ratis-common-0.4.0-78e95b9-SNAPSHOT.jar:/home/user/.m2/repository/org/apache/ratis/ratis-client/0.4.0-78e95b9-SNAPSHOT/ratis-client-0.4.0-78e95b9-SNAPSHOT.jar:/home/user/.m2/repository/org/apache/ratis/ratis-metrics/0.4.0-78e95b9-SNAPSHOT/ratis-metrics-0.4.0-78e95b9-SNAPSHOT.jar:/home/user/.m2/repository/com/github/joshelser/dropwizard-metrics-hadoop-metrics2-reporter/0.1.2/dropwizard-metrics-hadoop-metrics2-reporter-0.1.2.jar:/home/user/.m2/repository/io/dropwizard/metrics/metrics-jvm/3.2.5/metrics-jvm-3.2.5.jar:/home/user/.m2/repository/io/dropwizard/metrics/metrics-ganglia/3.2.5/metrics-ganglia-3.2.5.jar:/home/user/.m2/repository/info/ganglia/gmetric4j/gmetric4j/1.0.7/gmetric4j-1.0.7.jar:/home/user/.m2/repository/org/apache/ratis/ratis-netty/0.4.0-78e95b9-SNAPSHOT/ratis-netty-0.4.0-78e95b9-SNAPSHOT.jar:/home/user/.m2/repository/org/apache/ratis/ratis-grpc/0.4.0-78e95b9-SNAPSHOT/ratis-grpc-0.4.0-78e95b9-SNAPSHOT.jar:/home/user/.m2/repository/org/rocksdb/rocksdbjni/6.0.1/rocksdbjni-6.0.1.jar:/home/user/.m2/repository/org/apache/logging/log4j/log4j-api/2.11.0/log4j-api-2.11.0.jar:/home/user/.m2/repository/org/apache/logging/log4j/log4j-core/2.11.0/log4j-core-2.11.0.jar:/home/user/.m2/repository/com/lmax/disruptor/3.4.2/disruptor-3.4.2.jar:/home/user/.m2/repository/org/apache/commons/commons-pool2/2.6.0/commons-pool2-2.6.0.jar:/home/user/.m2/repository/org/bouncycastle/bcpkix-jdk15on/1.60/bcpkix-jdk15on-1.60.jar:/home/user/.m2/repository/commons-validator/commons-validator/1.6/commons-validator-1.6.jar:/home/user/.m2/repository/commons-digester/commons-digester/1.8.1/commons-digester-1.8.1.jar:/home/user/.m2/repository/io/jaegertracing/jaeger-client/0.33.1/jaeger-client-0.33.1.jar:/home/user/.m2/repository/io/jaegertracing/jaeger-thrift/0.33.1/jaeger-thrift-0.33.1.jar:/home/user/.m2/repository/org/apache/thrift/libthrift/0.11.0/libthrift-0.11.0.jar:/home/user/.m2/repository/com/squareup/okhttp3/okhttp/3.9.0/okhttp-3.9.0.jar:/home/user/.m2/repository/com/squareup/okio/okio/1.13.0/okio-1.13.0.jar:/home/user/.m2/repository/io/jaegertracing/jaeger-core/0.33.1/jaeger-core-0.33.1.jar:/home/user/.m2/repository/io/jaegertracing/jaeger-tracerresolver/0.33.1/jaeger-tracerresolver-0.33.1.jar:/home/user/.m2/repository/io/opentracing/contrib/opentracing-tracerresolver/0.1.5/opentracing-tracerresolver-0.1.5.jar:/home/user/.m2/repository/io/opentracing/opentracing-util/0.31.0/opentracing-util-0.31.0.jar:/home/user/.m2/repository/io/opentracing/opentracing-api/0.31.0/opentracing-api-0.31.0.jar:/home/user/.m2/repository/io/opentracing/opentracing-noop/0.31.0/opentracing-noop-0.31.0.jar:/home/user/.m2/repository/org/apache/hadoop/hadoop-hdds-server-framework/0.5.0-SNAPSHOT/hadoop-hdds-server-framework-0.5.0-SNAPSHOT.jar:/home/user/.m2/repository/org/apache/hadoop/hadoop-hdds-container-service/0.5.0-SNAPSHOT/hadoop-hdds-container-service-0.5.0-SNAPSHOT.jar:/home/user/.m2/repository/org/apache/hadoop/hadoop-hdds-client/0.5.0-SNAPSHOT/hadoop-hdds-client-0.5.0-SNAPSHOT.jar:/home/user/.m2/repository/org/apache/hadoop/hadoop-hdds-tools/0.5.0-SNAPSHOT/hadoop-hdds-tools-0.5.0-SNAPSHOT.jar:/home/user/.m2/repository/org/apache/hadoop/hadoop-hdds-server-scm/0.5.0-SNAPSHOT/hadoop-hdds-server-scm-0.5.0-SNAPSHOT.jar:/home/user/.m2/repository/org/apache/hadoop/hadoop-hdds-docs/0.5.0-SNAPSHOT/hadoop-hdds-docs-0.5.0-SNAPSHOT.jar:/home/user/.m2/repository/io/dropwizard/metrics/metrics-core/3.2.4/metrics-core-3.2.4.jar:/home/user/.m2/repository/org/hamcrest/hamcrest-all/1.3/hamcrest-all-1.3.jar:/home/user/.m2/repository/org/bouncycastle/bcprov-jdk15on/1.60/bcprov-jdk15on-1.60.jar:/home/user/.m2/repository/info/picocli/picocli/3.9.6/picocli-3.9.6.jar:/home/user/.m2/repository/com/google/protobuf/protobuf-java/2.5.0/protobuf-java-2.5.0.jar:/home/user/.m2/repository/com/google/guava/guava/11.0.2/guava-11.0.2.jar:/home/user/.m2/repository/org/apache/hadoop/hadoop-ozone-ozone-manager/0.5.0-SNAPSHOT/hadoop-ozone-ozone-manager-0.5.0-SNAPSHOT.jar:/home/user/.m2/repository/org/apache/hadoop/hadoop-minikdc/3.2.0/hadoop-minikdc-3.2.0.jar:/home/user/.m2/repository/commons-io/commons-io/2.5/commons-io-2.5.jar:/home/user/.m2/repository/org/apache/kerby/kerb-simplekdc/1.0.1/kerb-simplekdc-1.0.1.jar:/home/user/.m2/repository/org/apache/kerby/kerb-client/1.0.1/kerb-client-1.0.1.jar:/home/user/.m2/repository/org/apache/kerby/kerby-config/1.0.1/kerby-config-1.0.1.jar:/home/user/.m2/repository/org/apache/kerby/kerb-core/1.0.1/kerb-core-1.0.1.jar:/home/user/.m2/repository/org/apache/kerby/kerby-pkix/1.0.1/kerby-pkix-1.0.1.jar:/home/user/.m2/repository/org/apache/kerby/kerby-asn1/1.0.1/kerby-asn1-1.0.1.jar:/home/user/.m2/repository/org/apache/kerby/kerby-util/1.0.1/kerby-util-1.0.1.jar:/home/user/.m2/repository/org/apache/kerby/kerb-common/1.0.1/kerb-common-1.0.1.jar:/home/user/.m2/repository/org/apache/kerby/kerb-crypto/1.0.1/kerb-crypto-1.0.1.jar:/home/user/.m2/repository/org/apache/kerby/kerb-util/1.0.1/kerb-util-1.0.1.jar:/home/user/.m2/repository/org/apache/kerby/token-provider/1.0.1/token-provider-1.0.1.jar:/home/user/.m2/repository/org/apache/kerby/kerb-admin/1.0.1/kerb-admin-1.0.1.jar:/home/user/.m2/repository/org/apache/kerby/kerb-server/1.0.1/kerb-server-1.0.1.jar:/home/user/.m2/repository/org/apache/kerby/kerb-identity/1.0.1/kerb-identity-1.0.1.jar:/home/user/.m2/repository/org/apache/kerby/kerby-xdr/1.0.1/kerby-xdr-1.0.1.jar:/home/user/.m2/repository/org/slf4j/slf4j-log4j12/1.7.25/slf4j-log4j12-1.7.25.jar:/home/user/.m2/repository/org/apache/hadoop/hadoop-ozone-s3gateway/0.5.0-SNAPSHOT/hadoop-ozone-s3gateway-0.5.0-SNAPSHOT.jar:/home/user/.m2/repository/org/jboss/weld/servlet/weld-servlet/2.4.7.Final/weld-servlet-2.4.7.Final.jar:/home/user/.m2/repository/org/glassfish/jersey/containers/jersey-container-servlet-core/2.27/jersey-container-servlet-core-2.27.jar:/home/user/.m2/repository/org/glassfish/hk2/external/javax.inject/2.5.0-b42/javax.inject-2.5.0-b42.jar:/home/user/.m2/repository/org/glassfish/jersey/core/jersey-common/2.27/jersey-common-2.27.jar:/home/user/.m2/repository/org/glassfish/hk2/osgi-resource-locator/1.0.1/osgi-resource-locator-1.0.1.jar:/home/user/.m2/repository/javax/ws/rs/javax.ws.rs-api/2.1/javax.ws.rs-api-2.1.jar:/home/user/.m2/repository/org/glassfish/jersey/ext/cdi/jersey-cdi1x/2.27/jersey-cdi1x-2.27.jar:/home/user/.m2/repository/org/glassfish/jersey/inject/jersey-hk2/2.27/jersey-hk2-2.27.jar:/home/user/.m2/repository/org/glassfish/hk2/hk2-locator/2.5.0-b42/hk2-locator-2.5.0-b42.jar:/home/user/.m2/repository/org/javassist/javassist/3.22.0-CR2/javassist-3.22.0-CR2.jar:/home/user/.m2/repository/org/glassfish/hk2/hk2-api/2.5.0/hk2-api-2.5.0.jar:/home/user/.m2/repository/org/glassfish/hk2/external/jakarta.inject/2.5.0/jakarta.inject-2.5.0.jar:/home/user/.m2/repository/org/glassfish/hk2/hk2-utils/2.5.0/hk2-utils-2.5.0.jar:/home/user/.m2/repository/jakarta/annotation/jakarta.annotation-api/1.3.4/jakarta.annotation-api-1.3.4.jar:/home/user/.m2/repository/org/glassfish/hk2/external/aopalliance-repackaged/2.5.0/aopalliance-repackaged-2.5.0.jar:/home/user/.m2/repository/com/fasterxml/jackson/dataformat/jackson-dataformat-xml/2.9.0/jackson-dataformat-xml-2.9.0.jar:/home/user/.m2/repository/com/fasterxml/jackson/core/jackson-core/2.9.9/jackson-core-2.9.9.jar:/home/user/.m2/repository/com/fasterxml/jackson/module/jackson-module-jaxb-annotations/2.9.9/jackson-module-jaxb-annotations-2.9.9.jar:/home/user/.m2/repository/javax/enterprise/cdi-api/1.2/cdi-api-1.2.jar:/home/user/.m2/repository/javax/el/javax.el-api/3.0.0/javax.el-api-3.0.0.jar:/home/user/.m2/repository/javax/interceptor/javax.interceptor-api/1.2/javax.interceptor-api-1.2.jar:/home/user/.m2/repository/javax/inject/javax.inject/1/javax.inject-1.jar:/home/user/.m2/repository/com/sun/xml/bind/jaxb-impl/2.3.0.1/jaxb-impl-2.3.0.1.jar:/home/user/.m2/repository/com/sun/xml/bind/jaxb-core/2.3.0.1/jaxb-core-2.3.0.1.jar:/home/user/.m2/repository/javax/xml/bind/jaxb-api/2.3.0/jaxb-api-2.3.0.jar:/home/user/.m2/repository/javax/activation/activation/1.1.1/activation-1.1.1.jar:/home/user/.m2/repository/org/apache/hadoop/hadoop-ozone-csi/0.5.0-SNAPSHOT/hadoop-ozone-csi-0.5.0-SNAPSHOT.jar:/home/user/.m2/repository/com/google/protobuf/protobuf-java-util/3.5.1/protobuf-java-util-3.5.1.jar:/home/user/.m2/repository/org/apache/hadoop/hadoop-hdds-config/0.5.0-SNAPSHOT/hadoop-hdds-config-0.5.0-SNAPSHOT.jar:/home/user/.m2/repository/io/grpc/grpc-netty/1.17.1/grpc-netty-1.17.1.jar:/home/user/.m2/repository/io/grpc/grpc-core/1.17.1/grpc-core-1.17.1.jar:/home/user/.m2/repository/io/grpc/grpc-context/1.17.1/grpc-context-1.17.1.jar:/home/user/.m2/repository/com/google/errorprone/error_prone_annotations/2.2.0/error_prone_annotations-2.2.0.jar:/home/user/.m2/repository/org/codehaus/mojo/animal-sniffer-annotations/1.17/animal-sniffer-annotations-1.17.jar:/home/user/.m2/repository/io/opencensus/opencensus-api/0.17.0/opencensus-api-0.17.0.jar:/home/user/.m2/repository/io/opencensus/opencensus-contrib-grpc-metrics/0.17.0/opencensus-contrib-grpc-metrics-0.17.0.jar:/home/user/.m2/repository/io/netty/netty-codec-http2/4.1.30.Final/netty-codec-http2-4.1.30.Final.jar:/home/user/.m2/repository/io/netty/netty-codec-http/4.1.30.Final/netty-codec-http-4.1.30.Final.jar:/home/user/.m2/repository/io/netty/netty-codec/4.1.30.Final/netty-codec-4.1.30.Final.jar:/home/user/.m2/repository/io/netty/netty-handler/4.1.30.Final/netty-handler-4.1.30.Final.jar:/home/user/.m2/repository/io/netty/netty-handler-proxy/4.1.30.Final/netty-handler-proxy-4.1.30.Final.jar:/home/user/.m2/repository/io/netty/netty-codec-socks/4.1.30.Final/netty-codec-socks-4.1.30.Final.jar:/home/user/.m2/repository/io/netty/netty-transport-native-epoll/4.1.30.Final/netty-transport-native-epoll-4.1.30.Final.jar:/home/user/.m2/repository/io/netty/netty-common/4.1.30.Final/netty-common-4.1.30.Final.jar:/home/user/.m2/repository/io/netty/netty-buffer/4.1.30.Final/netty-buffer-4.1.30.Final.jar:/home/user/.m2/repository/io/netty/netty-transport/4.1.30.Final/netty-transport-4.1.30.Final.jar:/home/user/.m2/repository/io/netty/netty-resolver/4.1.30.Final/netty-resolver-4.1.30.Final.jar:/home/user/.m2/repository/io/netty/netty-transport-native-unix-common/4.1.30.Final/netty-transport-native-unix-common-4.1.30.Final.jar:/home/user/.m2/repository/io/grpc/grpc-protobuf/1.17.1/grpc-protobuf-1.17.1.jar:/home/user/.m2/repository/com/google/api/grpc/proto-google-common-protos/1.0.0/proto-google-common-protos-1.0.0.jar:/home/user/.m2/repository/io/grpc/grpc-protobuf-lite/1.17.1/grpc-protobuf-lite-1.17.1.jar:/home/user/.m2/repository/io/grpc/grpc-stub/1.17.1/grpc-stub-1.17.1.jar:/home/user/.m2/repository/org/apache/hadoop/hadoop-ozone-recon/0.5.0-SNAPSHOT/hadoop-ozone-recon-0.5.0-SNAPSHOT.jar:/home/user/.m2/repository/org/apache/hadoop/hadoop-ozone-reconcodegen/0.5.0-SNAPSHOT/hadoop-ozone-reconcodegen-0.5.0-SNAPSHOT.jar:/home/user/.m2/repository/com/google/inject/extensions/guice-multibindings/4.0/guice-multibindings-4.0.jar:/home/user/.m2/repository/com/google/inject/guice/4.0/guice-4.0.jar:/home/user/.m2/repository/aopalliance/aopalliance/1.0/aopalliance-1.0.jar:/home/user/.m2/repository/com/google/inject/extensions/guice-servlet/4.0/guice-servlet-4.0.jar:/home/user/.m2/repository/org/glassfish/jersey/containers/jersey-container-servlet/2.27/jersey-container-servlet-2.27.jar:/home/user/.m2/repository/org/glassfish/hk2/guice-bridge/2.5.0/guice-bridge-2.5.0.jar:/home/user/.m2/repository/org/glassfish/jersey/core/jersey-server/2.27/jersey-server-2.27.jar:/home/user/.m2/repository/org/glassfish/jersey/core/jersey-client/2.27/jersey-client-2.27.jar:/home/user/.m2/repository/org/glassfish/jersey/media/jersey-media-jaxb/2.27/jersey-media-jaxb-2.27.jar:/home/user/.m2/repository/javax/validation/validation-api/1.1.0.Final/validation-api-1.1.0.Final.jar:/home/user/.m2/repository/org/glassfish/jersey/media/jersey-media-json-jackson/2.27/jersey-media-json-jackson-2.27.jar:/home/user/.m2/repository/org/glassfish/jersey/ext/jersey-entity-filtering/2.27/jersey-entity-filtering-2.27.jar:/home/user/.m2/repository/com/google/inject/extensions/guice-assistedinject/4.0/guice-assistedinject-4.0.jar:/home/user/.m2/repository/org/jooq/jooq/3.11.10/jooq-3.11.10.jar:/home/user/.m2/repository/org/jooq/jooq-meta/3.11.10/jooq-meta-3.11.10.jar:/home/user/.m2/repository/org/jooq/jooq-codegen/3.11.10/jooq-codegen-3.11.10.jar:/home/user/.m2/repository/com/jolbox/bonecp/0.8.0.RELEASE/bonecp-0.8.0.RELEASE.jar:/home/user/.m2/repository/org/xerial/sqlite-jdbc/3.25.2/sqlite-jdbc-3.25.2.jar:/home/user/.m2/repository/org/springframework/spring-jdbc/5.1.3.RELEASE/spring-jdbc-5.1.3.RELEASE.jar:/home/user/.m2/repository/org/springframework/spring-beans/5.1.3.RELEASE/spring-beans-5.1.3.RELEASE.jar:/home/user/.m2/repository/org/springframework/spring-core/5.1.3.RELEASE/spring-core-5.1.3.RELEASE.jar:/home/user/.m2/repository/org/springframework/spring-jcl/5.1.3.RELEASE/spring-jcl-5.1.3.RELEASE.jar:/home/user/.m2/repository/org/springframework/spring-tx/5.1.3.RELEASE/spring-tx-5.1.3.RELEASE.jar:/home/user/.m2/repository/org/apache/hadoop/hadoop-ozone-client/0.5.0-SNAPSHOT/hadoop-ozone-client-0.5.0-SNAPSHOT.jar:/home/user/.m2/repository/commons-lang/commons-lang/2.6/commons-lang-2.6.jar:/home/user/.m2/repository/org/apache/hadoop/hadoop-ozone-ozone-manager/0.5.0-SNAPSHOT/hadoop-ozone-ozone-manager-0.5.0-SNAPSHOT-tests.jar:/home/user/.m2/repository/junit/junit/4.11/junit-4.11.jar:/home/user/.m2/repository/org/hamcrest/hamcrest-core/1.3/hamcrest-core-1.3.jar:/home/user/.m2/repository/org/openjdk/jmh/jmh-core/1.19/jmh-core-1.19.jar:/home/user/.m2/repository/net/sf/jopt-simple/jopt-simple/4.6/jopt-simple-4.6.jar:/home/user/.m2/repository/org/apache/commons/commons-math3/3.1.1/commons-math3-3.1.1.jar:/home/user/.m2/repository/org/openjdk/jmh/jmh-generator-annprocess/1.19/jmh-generator-annprocess-1.19.jar:/home/user/.m2/repository/org/mockito/mockito-all/1.8.5/mockito-all-1.8.5.jar:/home/user/.m2/repository/org/apache/hadoop/hadoop-kms/3.2.0/hadoop-kms-3.2.0.jar:/home/user/.m2/repository/org/apache/hadoop/hadoop-auth/3.2.0/hadoop-auth-3.2.0.jar:/home/user/.m2/repository/com/nimbusds/nimbus-jose-jwt/4.41.1/nimbus-jose-jwt-4.41.1.jar:/home/user/.m2/repository/com/github/stephenc/jcip/jcip-annotations/1.0-1/jcip-annotations-1.0-1.jar:/home/user/.m2/repository/net/minidev/json-smart/2.3/json-smart-2.3.jar:/home/user/.m2/repository/net/minidev/accessors-smart/1.2/accessors-smart-1.2.jar:/home/user/.m2/repository/org/ow2/asm/asm/5.0.4/asm-5.0.4.jar:/home/user/.m2/repository/org/apache/curator/curator-framework/2.12.0/curator-framework-2.12.0.jar:/home/user/.m2/repository/com/sun/jersey/jersey-core/1.19/jersey-core-1.19.jar:/home/user/.m2/repository/javax/ws/rs/jsr311-api/1.1.1/jsr311-api-1.1.1.jar:/home/user/.m2/repository/com/sun/jersey/jersey-server/1.19/jersey-server-1.19.jar:/home/user/.m2/repository/javax/servlet/javax.servlet-api/3.1.0/javax.servlet-api-3.1.0.jar:/home/user/.m2/repository/org/eclipse/jetty/jetty-server/9.3.24.v20180605/jetty-server-9.3.24.v20180605.jar:/home/user/.m2/repository/org/eclipse/jetty/jetty-http/9.3.24.v20180605/jetty-http-9.3.24.v20180605.jar:/home/user/.m2/repository/org/eclipse/jetty/jetty-io/9.3.24.v20180605/jetty-io-9.3.24.v20180605.jar:/home/user/.m2/repository/org/eclipse/jetty/jetty-webapp/9.3.24.v20180605/jetty-webapp-9.3.24.v20180605.jar:/home/user/.m2/repository/org/eclipse/jetty/jetty-xml/9.3.24.v20180605/jetty-xml-9.3.24.v20180605.jar:/home/user/.m2/repository/log4j/log4j/1.2.17/log4j-1.2.17.jar:/home/user/.m2/repository/org/slf4j/slf4j-api/1.7.25/slf4j-api-1.7.25.jar:/home/user/.m2/repository/org/slf4j/jul-to-slf4j/1.7.25/jul-to-slf4j-1.7.25.jar:/home/user/.m2/repository/org/eclipse/jetty/jetty-util/9.3.24.v20180605/jetty-util-9.3.24.v20180605.jar:/home/user/.m2/repository/com/fasterxml/jackson/core/jackson-databind/2.9.9/jackson-databind-2.9.9.jar:/home/user/.m2/repository/org/apache/hadoop/hadoop-kms/3.2.0/hadoop-kms-3.2.0-tests.jar:/home/user/.m2/repository/org/apache/hadoop/hadoop-hdds-server-scm/0.5.0-SNAPSHOT/hadoop-hdds-server-scm-0.5.0-SNAPSHOT-tests.jar:/home/user/.m2/repository/org/apache/hadoop/hadoop-hdds-container-service/0.5.0-SNAPSHOT/hadoop-hdds-container-service-0.5.0-SNAPSHOT-tests.jar:/home/user/.m2/repository/org/yaml/snakeyaml/1.16/snakeyaml-1.16.jar:/home/user/.m2/repository/org/apache/hadoop/hadoop-common/3.2.0/hadoop-common-3.2.0-tests.jar:/home/user/.m2/repository/org/apache/hadoop/hadoop-annotations/3.2.0/hadoop-annotations-3.2.0.jar:/usr/lib/jvm/java-1.8-openjdk/jre/../lib/tools.jar:/home/user/.m2/repository/commons-cli/commons-cli/1.2/commons-cli-1.2.jar:/home/user/.m2/repository/org/apache/httpcomponents/httpclient/4.5.2/httpclient-4.5.2.jar:/home/user/.m2/repository/org/apache/httpcomponents/httpcore/4.4.4/httpcore-4.4.4.jar:/home/user/.m2/repository/commons-codec/commons-codec/1.11/commons-codec-1.11.jar:/home/user/.m2/repository/commons-net/commons-net/3.6/commons-net-3.6.jar:/home/user/.m2/repository/commons-collections/commons-collections/3.2.2/commons-collections-3.2.2.jar:/home/user/.m2/repository/org/eclipse/jetty/jetty-servlet/9.3.24.v20180605/jetty-servlet-9.3.24.v20180605.jar:/home/user/.m2/repository/org/eclipse/jetty/jetty-security/9.3.24.v20180605/jetty-security-9.3.24.v20180605.jar:/home/user/.m2/repository/javax/servlet/jsp/jsp-api/2.1/jsp-api-2.1.jar:/home/user/.m2/repository/com/sun/jersey/jersey-servlet/1.19/jersey-servlet-1.19.jar:/home/user/.m2/repository/com/sun/jersey/jersey-json/1.19/jersey-json-1.19.jar:/home/user/.m2/repository/org/codehaus/jettison/jettison/1.1/jettison-1.1.jar:/home/user/.m2/repository/org/codehaus/jackson/jackson-core-asl/1.9.13/jackson-core-asl-1.9.13.jar:/home/user/.m2/repository/org/codehaus/jackson/jackson-mapper-asl/1.9.13/jackson-mapper-asl-1.9.13.jar:/home/user/.m2/repository/org/codehaus/jackson/jackson-jaxrs/1.9.13/jackson-jaxrs-1.9.13.jar:/home/user/.m2/repository/org/codehaus/jackson/jackson-xc/1.9.13/jackson-xc-1.9.13.jar:/home/user/.m2/repository/commons-logging/commons-logging/1.1.3/commons-logging-1.1.3.jar:/home/user/.m2/repository/commons-beanutils/commons-beanutils/1.9.4/commons-beanutils-1.9.4.jar:/home/user/.m2/repository/org/apache/commons/commons-configuration2/2.1.1/commons-configuration2-2.1.1.jar:/home/user/.m2/repository/org/apache/commons/commons-lang3/3.7/commons-lang3-3.7.jar:/home/user/.m2/repository/org/apache/commons/commons-text/1.4/commons-text-1.4.jar:/home/user/.m2/repository/org/apache/avro/avro/1.7.7/avro-1.7.7.jar:/home/user/.m2/repository/com/thoughtworks/paranamer/paranamer/2.3/paranamer-2.3.jar:/home/user/.m2/repository/org/xerial/snappy/snappy-java/1.0.5/snappy-java-1.0.5.jar:/home/user/.m2/repository/com/google/re2j/re2j/1.1/re2j-1.1.jar:/home/user/.m2/repository/com/google/code/gson/gson/2.2.4/gson-2.2.4.jar:/home/user/.m2/repository/com/jcraft/jsch/0.1.54/jsch-0.1.54.jar:/home/user/.m2/repository/org/apache/curator/curator-client/2.12.0/curator-client-2.12.0.jar:/home/user/.m2/repository/org/apache/curator/curator-recipes/2.12.0/curator-recipes-2.12.0.jar:/home/user/.m2/repository/com/google/code/findbugs/jsr305/3.0.0/jsr305-3.0.0.jar:/home/user/.m2/repository/org/apache/htrace/htrace-core4/4.1.0-incubating/htrace-core4-4.1.0-incubating.jar:/home/user/.m2/repository/org/apache/zookeeper/zookeeper/3.4.13/zookeeper-3.4.13.jar:/home/user/.m2/repository/org/apache/yetus/audience-annotations/0.5.0/audience-annotations-0.5.0.jar:/home/user/.m2/repository/org/codehaus/woodstox/stax2-api/3.1.4/stax2-api-3.1.4.jar:/home/user/.m2/repository/com/fasterxml/woodstox/woodstox-core/5.0.3/woodstox-core-5.0.3.jar:/home/user/.m2/repository/dnsjava/dnsjava/2.1.7/dnsjava-2.1.7.jar:/home/user/.m2/repository/org/apache/hadoop/hadoop-hdfs/3.2.0/hadoop-hdfs-3.2.0-tests.jar:/home/user/.m2/repository/org/eclipse/jetty/jetty-util-ajax/9.3.24.v20180605/jetty-util-ajax-9.3.24.v20180605.jar:/home/user/.m2/repository/commons-daemon/commons-daemon/1.0.13/commons-daemon-1.0.13.jar:/home/user/.m2/repository/io/netty/netty/3.10.5.Final/netty-3.10.5.Final.jar:/home/user/.m2/repository/io/netty/netty-all/4.0.52.Final/netty-all-4.0.52.Final.jar:/home/user/.m2/repository/org/fusesource/leveldbjni/leveldbjni-all/1.8/leveldbjni-all-1.8.jar:"/>
    <property name="java.vm.vendor" value="IcedTea"/>
    <property name="sun.arch.data.model" value="64"/>
    <property name="test.build.dir" value="/workdir/hadoop-ozone/integration-test/target/test-dir"/>
    <property name="test.cache.data" value=""/>
    <property name="java.vendor.url" value="https://icedtea.classpath.org"/>
    <property name="user.timezone" value=""/>
    <property name="java.vm.specification.version" value="1.8"/>
    <property name="os.name" value="Linux"/>
    <property name="test.build.data" value="/workdir/hadoop-ozone/integration-test/target/test-dir"/>
    <property name="user.country" value="US"/>
    <property name="sun.java.launcher" value="SUN_STANDARD"/>
    <property name="sun.boot.library.path" value="/usr/lib/jvm/java-1.8-openjdk/jre/lib/amd64"/>
    <property name="sun.java.command" value="/workdir/hadoop-ozone/integration-test/target/surefire/surefirebooter4904176775147047518.jar /workdir/hadoop-ozone/integration-test/target/surefire 2019-09-19T12-56-27_154-jvmRun1 surefire1050326086671358167tmp surefire_384046926118815275694tmp"/>
    <property name="test" value="!TestMiniChaosOzoneCluster"/>
    <property name="surefire.test.class.path" value="/workdir/hadoop-ozone/integration-test/target/test-classes:/workdir/hadoop-ozone/integration-test/target/classes:/home/user/.m2/repository/org/apache/hadoop/hadoop-ozone-common/0.5.0-SNAPSHOT/hadoop-ozone-common-0.5.0-SNAPSHOT.jar:/home/user/.m2/repository/org/apache/commons/commons-compress/1.4.1/commons-compress-1.4.1.jar:/home/user/.m2/repository/org/tukaani/xz/1.0/xz-1.0.jar:/home/user/.m2/repository/org/apache/hadoop/hadoop-common/3.2.0/hadoop-common-3.2.0.jar:/home/user/.m2/repository/org/apache/hadoop/hadoop-hdfs/3.2.0/hadoop-hdfs-3.2.0.jar:/home/user/.m2/repository/org/apache/hadoop/hadoop-hdfs-client/3.2.0/hadoop-hdfs-client-3.2.0.jar:/home/user/.m2/repository/com/fasterxml/jackson/core/jackson-annotations/2.9.9/jackson-annotations-2.9.9.jar:/home/user/.m2/repository/org/apache/hadoop/hadoop-hdds-common/0.5.0-SNAPSHOT/hadoop-hdds-common-0.5.0-SNAPSHOT.jar:/home/user/.m2/repository/javax/annotation/javax.annotation-api/1.2/javax.annotation-api-1.2.jar:/home/user/.m2/repository/org/apache/ratis/ratis-server/0.4.0-78e95b9-SNAPSHOT/ratis-server-0.4.0-78e95b9-SNAPSHOT.jar:/home/user/.m2/repository/org/apache/ratis/ratis-thirdparty-misc/0.2.0/ratis-thirdparty-misc-0.2.0.jar:/home/user/.m2/repository/org/apache/ratis/ratis-proto/0.4.0-78e95b9-SNAPSHOT/ratis-proto-0.4.0-78e95b9-SNAPSHOT.jar:/home/user/.m2/repository/org/apache/ratis/ratis-common/0.4.0-78e95b9-SNAPSHOT/ratis-common-0.4.0-78e95b9-SNAPSHOT.jar:/home/user/.m2/repository/org/apache/ratis/ratis-client/0.4.0-78e95b9-SNAPSHOT/ratis-client-0.4.0-78e95b9-SNAPSHOT.jar:/home/user/.m2/repository/org/apache/ratis/ratis-metrics/0.4.0-78e95b9-SNAPSHOT/ratis-metrics-0.4.0-78e95b9-SNAPSHOT.jar:/home/user/.m2/repository/com/github/joshelser/dropwizard-metrics-hadoop-metrics2-reporter/0.1.2/dropwizard-metrics-hadoop-metrics2-reporter-0.1.2.jar:/home/user/.m2/repository/io/dropwizard/metrics/metrics-jvm/3.2.5/metrics-jvm-3.2.5.jar:/home/user/.m2/repository/io/dropwizard/metrics/metrics-ganglia/3.2.5/metrics-ganglia-3.2.5.jar:/home/user/.m2/repository/info/ganglia/gmetric4j/gmetric4j/1.0.7/gmetric4j-1.0.7.jar:/home/user/.m2/repository/org/apache/ratis/ratis-netty/0.4.0-78e95b9-SNAPSHOT/ratis-netty-0.4.0-78e95b9-SNAPSHOT.jar:/home/user/.m2/repository/org/apache/ratis/ratis-grpc/0.4.0-78e95b9-SNAPSHOT/ratis-grpc-0.4.0-78e95b9-SNAPSHOT.jar:/home/user/.m2/repository/org/rocksdb/rocksdbjni/6.0.1/rocksdbjni-6.0.1.jar:/home/user/.m2/repository/org/apache/logging/log4j/log4j-api/2.11.0/log4j-api-2.11.0.jar:/home/user/.m2/repository/org/apache/logging/log4j/log4j-core/2.11.0/log4j-core-2.11.0.jar:/home/user/.m2/repository/com/lmax/disruptor/3.4.2/disruptor-3.4.2.jar:/home/user/.m2/repository/org/apache/commons/commons-pool2/2.6.0/commons-pool2-2.6.0.jar:/home/user/.m2/repository/org/bouncycastle/bcpkix-jdk15on/1.60/bcpkix-jdk15on-1.60.jar:/home/user/.m2/repository/commons-validator/commons-validator/1.6/commons-validator-1.6.jar:/home/user/.m2/repository/commons-digester/commons-digester/1.8.1/commons-digester-1.8.1.jar:/home/user/.m2/repository/io/jaegertracing/jaeger-client/0.33.1/jaeger-client-0.33.1.jar:/home/user/.m2/repository/io/jaegertracing/jaeger-thrift/0.33.1/jaeger-thrift-0.33.1.jar:/home/user/.m2/repository/org/apache/thrift/libthrift/0.11.0/libthrift-0.11.0.jar:/home/user/.m2/repository/com/squareup/okhttp3/okhttp/3.9.0/okhttp-3.9.0.jar:/home/user/.m2/repository/com/squareup/okio/okio/1.13.0/okio-1.13.0.jar:/home/user/.m2/repository/io/jaegertracing/jaeger-core/0.33.1/jaeger-core-0.33.1.jar:/home/user/.m2/repository/io/jaegertracing/jaeger-tracerresolver/0.33.1/jaeger-tracerresolver-0.33.1.jar:/home/user/.m2/repository/io/opentracing/contrib/opentracing-tracerresolver/0.1.5/opentracing-tracerresolver-0.1.5.jar:/home/user/.m2/repository/io/opentracing/opentracing-util/0.31.0/opentracing-util-0.31.0.jar:/home/user/.m2/repository/io/opentracing/opentracing-api/0.31.0/opentracing-api-0.31.0.jar:/home/user/.m2/repository/io/opentracing/opentracing-noop/0.31.0/opentracing-noop-0.31.0.jar:/home/user/.m2/repository/org/apache/hadoop/hadoop-hdds-server-framework/0.5.0-SNAPSHOT/hadoop-hdds-server-framework-0.5.0-SNAPSHOT.jar:/home/user/.m2/repository/org/apache/hadoop/hadoop-hdds-container-service/0.5.0-SNAPSHOT/hadoop-hdds-container-service-0.5.0-SNAPSHOT.jar:/home/user/.m2/repository/org/apache/hadoop/hadoop-hdds-client/0.5.0-SNAPSHOT/hadoop-hdds-client-0.5.0-SNAPSHOT.jar:/home/user/.m2/repository/org/apache/hadoop/hadoop-hdds-tools/0.5.0-SNAPSHOT/hadoop-hdds-tools-0.5.0-SNAPSHOT.jar:/home/user/.m2/repository/org/apache/hadoop/hadoop-hdds-server-scm/0.5.0-SNAPSHOT/hadoop-hdds-server-scm-0.5.0-SNAPSHOT.jar:/home/user/.m2/repository/org/apache/hadoop/hadoop-hdds-docs/0.5.0-SNAPSHOT/hadoop-hdds-docs-0.5.0-SNAPSHOT.jar:/home/user/.m2/repository/io/dropwizard/metrics/metrics-core/3.2.4/metrics-core-3.2.4.jar:/home/user/.m2/repository/org/hamcrest/hamcrest-all/1.3/hamcrest-all-1.3.jar:/home/user/.m2/repository/org/bouncycastle/bcprov-jdk15on/1.60/bcprov-jdk15on-1.60.jar:/home/user/.m2/repository/info/picocli/picocli/3.9.6/picocli-3.9.6.jar:/home/user/.m2/repository/com/google/protobuf/protobuf-java/2.5.0/protobuf-java-2.5.0.jar:/home/user/.m2/repository/com/google/guava/guava/11.0.2/guava-11.0.2.jar:/home/user/.m2/repository/org/apache/hadoop/hadoop-ozone-ozone-manager/0.5.0-SNAPSHOT/hadoop-ozone-ozone-manager-0.5.0-SNAPSHOT.jar:/home/user/.m2/repository/org/apache/hadoop/hadoop-minikdc/3.2.0/hadoop-minikdc-3.2.0.jar:/home/user/.m2/repository/commons-io/commons-io/2.5/commons-io-2.5.jar:/home/user/.m2/repository/org/apache/kerby/kerb-simplekdc/1.0.1/kerb-simplekdc-1.0.1.jar:/home/user/.m2/repository/org/apache/kerby/kerb-client/1.0.1/kerb-client-1.0.1.jar:/home/user/.m2/repository/org/apache/kerby/kerby-config/1.0.1/kerby-config-1.0.1.jar:/home/user/.m2/repository/org/apache/kerby/kerb-core/1.0.1/kerb-core-1.0.1.jar:/home/user/.m2/repository/org/apache/kerby/kerby-pkix/1.0.1/kerby-pkix-1.0.1.jar:/home/user/.m2/repository/org/apache/kerby/kerby-asn1/1.0.1/kerby-asn1-1.0.1.jar:/home/user/.m2/repository/org/apache/kerby/kerby-util/1.0.1/kerby-util-1.0.1.jar:/home/user/.m2/repository/org/apache/kerby/kerb-common/1.0.1/kerb-common-1.0.1.jar:/home/user/.m2/repository/org/apache/kerby/kerb-crypto/1.0.1/kerb-crypto-1.0.1.jar:/home/user/.m2/repository/org/apache/kerby/kerb-util/1.0.1/kerb-util-1.0.1.jar:/home/user/.m2/repository/org/apache/kerby/token-provider/1.0.1/token-provider-1.0.1.jar:/home/user/.m2/repository/org/apache/kerby/kerb-admin/1.0.1/kerb-admin-1.0.1.jar:/home/user/.m2/repository/org/apache/kerby/kerb-server/1.0.1/kerb-server-1.0.1.jar:/home/user/.m2/repository/org/apache/kerby/kerb-identity/1.0.1/kerb-identity-1.0.1.jar:/home/user/.m2/repository/org/apache/kerby/kerby-xdr/1.0.1/kerby-xdr-1.0.1.jar:/home/user/.m2/repository/org/slf4j/slf4j-log4j12/1.7.25/slf4j-log4j12-1.7.25.jar:/home/user/.m2/repository/org/apache/hadoop/hadoop-ozone-s3gateway/0.5.0-SNAPSHOT/hadoop-ozone-s3gateway-0.5.0-SNAPSHOT.jar:/home/user/.m2/repository/org/jboss/weld/servlet/weld-servlet/2.4.7.Final/weld-servlet-2.4.7.Final.jar:/home/user/.m2/repository/org/glassfish/jersey/containers/jersey-container-servlet-core/2.27/jersey-container-servlet-core-2.27.jar:/home/user/.m2/repository/org/glassfish/hk2/external/javax.inject/2.5.0-b42/javax.inject-2.5.0-b42.jar:/home/user/.m2/repository/org/glassfish/jersey/core/jersey-common/2.27/jersey-common-2.27.jar:/home/user/.m2/repository/org/glassfish/hk2/osgi-resource-locator/1.0.1/osgi-resource-locator-1.0.1.jar:/home/user/.m2/repository/javax/ws/rs/javax.ws.rs-api/2.1/javax.ws.rs-api-2.1.jar:/home/user/.m2/repository/org/glassfish/jersey/ext/cdi/jersey-cdi1x/2.27/jersey-cdi1x-2.27.jar:/home/user/.m2/repository/org/glassfish/jersey/inject/jersey-hk2/2.27/jersey-hk2-2.27.jar:/home/user/.m2/repository/org/glassfish/hk2/hk2-locator/2.5.0-b42/hk2-locator-2.5.0-b42.jar:/home/user/.m2/repository/org/javassist/javassist/3.22.0-CR2/javassist-3.22.0-CR2.jar:/home/user/.m2/repository/org/glassfish/hk2/hk2-api/2.5.0/hk2-api-2.5.0.jar:/home/user/.m2/repository/org/glassfish/hk2/external/jakarta.inject/2.5.0/jakarta.inject-2.5.0.jar:/home/user/.m2/repository/org/glassfish/hk2/hk2-utils/2.5.0/hk2-utils-2.5.0.jar:/home/user/.m2/repository/jakarta/annotation/jakarta.annotation-api/1.3.4/jakarta.annotation-api-1.3.4.jar:/home/user/.m2/repository/org/glassfish/hk2/external/aopalliance-repackaged/2.5.0/aopalliance-repackaged-2.5.0.jar:/home/user/.m2/repository/com/fasterxml/jackson/dataformat/jackson-dataformat-xml/2.9.0/jackson-dataformat-xml-2.9.0.jar:/home/user/.m2/repository/com/fasterxml/jackson/core/jackson-core/2.9.9/jackson-core-2.9.9.jar:/home/user/.m2/repository/com/fasterxml/jackson/module/jackson-module-jaxb-annotations/2.9.9/jackson-module-jaxb-annotations-2.9.9.jar:/home/user/.m2/repository/javax/enterprise/cdi-api/1.2/cdi-api-1.2.jar:/home/user/.m2/repository/javax/el/javax.el-api/3.0.0/javax.el-api-3.0.0.jar:/home/user/.m2/repository/javax/interceptor/javax.interceptor-api/1.2/javax.interceptor-api-1.2.jar:/home/user/.m2/repository/javax/inject/javax.inject/1/javax.inject-1.jar:/home/user/.m2/repository/com/sun/xml/bind/jaxb-impl/2.3.0.1/jaxb-impl-2.3.0.1.jar:/home/user/.m2/repository/com/sun/xml/bind/jaxb-core/2.3.0.1/jaxb-core-2.3.0.1.jar:/home/user/.m2/repository/javax/xml/bind/jaxb-api/2.3.0/jaxb-api-2.3.0.jar:/home/user/.m2/repository/javax/activation/activation/1.1.1/activation-1.1.1.jar:/home/user/.m2/repository/org/apache/hadoop/hadoop-ozone-csi/0.5.0-SNAPSHOT/hadoop-ozone-csi-0.5.0-SNAPSHOT.jar:/home/user/.m2/repository/com/google/protobuf/protobuf-java-util/3.5.1/protobuf-java-util-3.5.1.jar:/home/user/.m2/repository/org/apache/hadoop/hadoop-hdds-config/0.5.0-SNAPSHOT/hadoop-hdds-config-0.5.0-SNAPSHOT.jar:/home/user/.m2/repository/io/grpc/grpc-netty/1.17.1/grpc-netty-1.17.1.jar:/home/user/.m2/repository/io/grpc/grpc-core/1.17.1/grpc-core-1.17.1.jar:/home/user/.m2/repository/io/grpc/grpc-context/1.17.1/grpc-context-1.17.1.jar:/home/user/.m2/repository/com/google/errorprone/error_prone_annotations/2.2.0/error_prone_annotations-2.2.0.jar:/home/user/.m2/repository/org/codehaus/mojo/animal-sniffer-annotations/1.17/animal-sniffer-annotations-1.17.jar:/home/user/.m2/repository/io/opencensus/opencensus-api/0.17.0/opencensus-api-0.17.0.jar:/home/user/.m2/repository/io/opencensus/opencensus-contrib-grpc-metrics/0.17.0/opencensus-contrib-grpc-metrics-0.17.0.jar:/home/user/.m2/repository/io/netty/netty-codec-http2/4.1.30.Final/netty-codec-http2-4.1.30.Final.jar:/home/user/.m2/repository/io/netty/netty-codec-http/4.1.30.Final/netty-codec-http-4.1.30.Final.jar:/home/user/.m2/repository/io/netty/netty-codec/4.1.30.Final/netty-codec-4.1.30.Final.jar:/home/user/.m2/repository/io/netty/netty-handler/4.1.30.Final/netty-handler-4.1.30.Final.jar:/home/user/.m2/repository/io/netty/netty-handler-proxy/4.1.30.Final/netty-handler-proxy-4.1.30.Final.jar:/home/user/.m2/repository/io/netty/netty-codec-socks/4.1.30.Final/netty-codec-socks-4.1.30.Final.jar:/home/user/.m2/repository/io/netty/netty-transport-native-epoll/4.1.30.Final/netty-transport-native-epoll-4.1.30.Final.jar:/home/user/.m2/repository/io/netty/netty-common/4.1.30.Final/netty-common-4.1.30.Final.jar:/home/user/.m2/repository/io/netty/netty-buffer/4.1.30.Final/netty-buffer-4.1.30.Final.jar:/home/user/.m2/repository/io/netty/netty-transport/4.1.30.Final/netty-transport-4.1.30.Final.jar:/home/user/.m2/repository/io/netty/netty-resolver/4.1.30.Final/netty-resolver-4.1.30.Final.jar:/home/user/.m2/repository/io/netty/netty-transport-native-unix-common/4.1.30.Final/netty-transport-native-unix-common-4.1.30.Final.jar:/home/user/.m2/repository/io/grpc/grpc-protobuf/1.17.1/grpc-protobuf-1.17.1.jar:/home/user/.m2/repository/com/google/api/grpc/proto-google-common-protos/1.0.0/proto-google-common-protos-1.0.0.jar:/home/user/.m2/repository/io/grpc/grpc-protobuf-lite/1.17.1/grpc-protobuf-lite-1.17.1.jar:/home/user/.m2/repository/io/grpc/grpc-stub/1.17.1/grpc-stub-1.17.1.jar:/home/user/.m2/repository/org/apache/hadoop/hadoop-ozone-recon/0.5.0-SNAPSHOT/hadoop-ozone-recon-0.5.0-SNAPSHOT.jar:/home/user/.m2/repository/org/apache/hadoop/hadoop-ozone-reconcodegen/0.5.0-SNAPSHOT/hadoop-ozone-reconcodegen-0.5.0-SNAPSHOT.jar:/home/user/.m2/repository/com/google/inject/extensions/guice-multibindings/4.0/guice-multibindings-4.0.jar:/home/user/.m2/repository/com/google/inject/guice/4.0/guice-4.0.jar:/home/user/.m2/repository/aopalliance/aopalliance/1.0/aopalliance-1.0.jar:/home/user/.m2/repository/com/google/inject/extensions/guice-servlet/4.0/guice-servlet-4.0.jar:/home/user/.m2/repository/org/glassfish/jersey/containers/jersey-container-servlet/2.27/jersey-container-servlet-2.27.jar:/home/user/.m2/repository/org/glassfish/hk2/guice-bridge/2.5.0/guice-bridge-2.5.0.jar:/home/user/.m2/repository/org/glassfish/jersey/core/jersey-server/2.27/jersey-server-2.27.jar:/home/user/.m2/repository/org/glassfish/jersey/core/jersey-client/2.27/jersey-client-2.27.jar:/home/user/.m2/repository/org/glassfish/jersey/media/jersey-media-jaxb/2.27/jersey-media-jaxb-2.27.jar:/home/user/.m2/repository/javax/validation/validation-api/1.1.0.Final/validation-api-1.1.0.Final.jar:/home/user/.m2/repository/org/glassfish/jersey/media/jersey-media-json-jackson/2.27/jersey-media-json-jackson-2.27.jar:/home/user/.m2/repository/org/glassfish/jersey/ext/jersey-entity-filtering/2.27/jersey-entity-filtering-2.27.jar:/home/user/.m2/repository/com/google/inject/extensions/guice-assistedinject/4.0/guice-assistedinject-4.0.jar:/home/user/.m2/repository/org/jooq/jooq/3.11.10/jooq-3.11.10.jar:/home/user/.m2/repository/org/jooq/jooq-meta/3.11.10/jooq-meta-3.11.10.jar:/home/user/.m2/repository/org/jooq/jooq-codegen/3.11.10/jooq-codegen-3.11.10.jar:/home/user/.m2/repository/com/jolbox/bonecp/0.8.0.RELEASE/bonecp-0.8.0.RELEASE.jar:/home/user/.m2/repository/org/xerial/sqlite-jdbc/3.25.2/sqlite-jdbc-3.25.2.jar:/home/user/.m2/repository/org/springframework/spring-jdbc/5.1.3.RELEASE/spring-jdbc-5.1.3.RELEASE.jar:/home/user/.m2/repository/org/springframework/spring-beans/5.1.3.RELEASE/spring-beans-5.1.3.RELEASE.jar:/home/user/.m2/repository/org/springframework/spring-core/5.1.3.RELEASE/spring-core-5.1.3.RELEASE.jar:/home/user/.m2/repository/org/springframework/spring-jcl/5.1.3.RELEASE/spring-jcl-5.1.3.RELEASE.jar:/home/user/.m2/repository/org/springframework/spring-tx/5.1.3.RELEASE/spring-tx-5.1.3.RELEASE.jar:/home/user/.m2/repository/org/apache/hadoop/hadoop-ozone-client/0.5.0-SNAPSHOT/hadoop-ozone-client-0.5.0-SNAPSHOT.jar:/home/user/.m2/repository/commons-lang/commons-lang/2.6/commons-lang-2.6.jar:/home/user/.m2/repository/org/apache/hadoop/hadoop-ozone-ozone-manager/0.5.0-SNAPSHOT/hadoop-ozone-ozone-manager-0.5.0-SNAPSHOT-tests.jar:/home/user/.m2/repository/junit/junit/4.11/junit-4.11.jar:/home/user/.m2/repository/org/hamcrest/hamcrest-core/1.3/hamcrest-core-1.3.jar:/home/user/.m2/repository/org/openjdk/jmh/jmh-core/1.19/jmh-core-1.19.jar:/home/user/.m2/repository/net/sf/jopt-simple/jopt-simple/4.6/jopt-simple-4.6.jar:/home/user/.m2/repository/org/apache/commons/commons-math3/3.1.1/commons-math3-3.1.1.jar:/home/user/.m2/repository/org/openjdk/jmh/jmh-generator-annprocess/1.19/jmh-generator-annprocess-1.19.jar:/home/user/.m2/repository/org/mockito/mockito-all/1.8.5/mockito-all-1.8.5.jar:/home/user/.m2/repository/org/apache/hadoop/hadoop-kms/3.2.0/hadoop-kms-3.2.0.jar:/home/user/.m2/repository/org/apache/hadoop/hadoop-auth/3.2.0/hadoop-auth-3.2.0.jar:/home/user/.m2/repository/com/nimbusds/nimbus-jose-jwt/4.41.1/nimbus-jose-jwt-4.41.1.jar:/home/user/.m2/repository/com/github/stephenc/jcip/jcip-annotations/1.0-1/jcip-annotations-1.0-1.jar:/home/user/.m2/repository/net/minidev/json-smart/2.3/json-smart-2.3.jar:/home/user/.m2/repository/net/minidev/accessors-smart/1.2/accessors-smart-1.2.jar:/home/user/.m2/repository/org/ow2/asm/asm/5.0.4/asm-5.0.4.jar:/home/user/.m2/repository/org/apache/curator/curator-framework/2.12.0/curator-framework-2.12.0.jar:/home/user/.m2/repository/com/sun/jersey/jersey-core/1.19/jersey-core-1.19.jar:/home/user/.m2/repository/javax/ws/rs/jsr311-api/1.1.1/jsr311-api-1.1.1.jar:/home/user/.m2/repository/com/sun/jersey/jersey-server/1.19/jersey-server-1.19.jar:/home/user/.m2/repository/javax/servlet/javax.servlet-api/3.1.0/javax.servlet-api-3.1.0.jar:/home/user/.m2/repository/org/eclipse/jetty/jetty-server/9.3.24.v20180605/jetty-server-9.3.24.v20180605.jar:/home/user/.m2/repository/org/eclipse/jetty/jetty-http/9.3.24.v20180605/jetty-http-9.3.24.v20180605.jar:/home/user/.m2/repository/org/eclipse/jetty/jetty-io/9.3.24.v20180605/jetty-io-9.3.24.v20180605.jar:/home/user/.m2/repository/org/eclipse/jetty/jetty-webapp/9.3.24.v20180605/jetty-webapp-9.3.24.v20180605.jar:/home/user/.m2/repository/org/eclipse/jetty/jetty-xml/9.3.24.v20180605/jetty-xml-9.3.24.v20180605.jar:/home/user/.m2/repository/log4j/log4j/1.2.17/log4j-1.2.17.jar:/home/user/.m2/repository/org/slf4j/slf4j-api/1.7.25/slf4j-api-1.7.25.jar:/home/user/.m2/repository/org/slf4j/jul-to-slf4j/1.7.25/jul-to-slf4j-1.7.25.jar:/home/user/.m2/repository/org/eclipse/jetty/jetty-util/9.3.24.v20180605/jetty-util-9.3.24.v20180605.jar:/home/user/.m2/repository/com/fasterxml/jackson/core/jackson-databind/2.9.9/jackson-databind-2.9.9.jar:/home/user/.m2/repository/org/apache/hadoop/hadoop-kms/3.2.0/hadoop-kms-3.2.0-tests.jar:/home/user/.m2/repository/org/apache/hadoop/hadoop-hdds-server-scm/0.5.0-SNAPSHOT/hadoop-hdds-server-scm-0.5.0-SNAPSHOT-tests.jar:/home/user/.m2/repository/org/apache/hadoop/hadoop-hdds-container-service/0.5.0-SNAPSHOT/hadoop-hdds-container-service-0.5.0-SNAPSHOT-tests.jar:/home/user/.m2/repository/org/yaml/snakeyaml/1.16/snakeyaml-1.16.jar:/home/user/.m2/repository/org/apache/hadoop/hadoop-common/3.2.0/hadoop-common-3.2.0-tests.jar:/home/user/.m2/repository/org/apache/hadoop/hadoop-annotations/3.2.0/hadoop-annotations-3.2.0.jar:/usr/lib/jvm/java-1.8-openjdk/jre/../lib/tools.jar:/home/user/.m2/repository/commons-cli/commons-cli/1.2/commons-cli-1.2.jar:/home/user/.m2/repository/org/apache/httpcomponents/httpclient/4.5.2/httpclient-4.5.2.jar:/home/user/.m2/repository/org/apache/httpcomponents/httpcore/4.4.4/httpcore-4.4.4.jar:/home/user/.m2/repository/commons-codec/commons-codec/1.11/commons-codec-1.11.jar:/home/user/.m2/repository/commons-net/commons-net/3.6/commons-net-3.6.jar:/home/user/.m2/repository/commons-collections/commons-collections/3.2.2/commons-collections-3.2.2.jar:/home/user/.m2/repository/org/eclipse/jetty/jetty-servlet/9.3.24.v20180605/jetty-servlet-9.3.24.v20180605.jar:/home/user/.m2/repository/org/eclipse/jetty/jetty-security/9.3.24.v20180605/jetty-security-9.3.24.v20180605.jar:/home/user/.m2/repository/javax/servlet/jsp/jsp-api/2.1/jsp-api-2.1.jar:/home/user/.m2/repository/com/sun/jersey/jersey-servlet/1.19/jersey-servlet-1.19.jar:/home/user/.m2/repository/com/sun/jersey/jersey-json/1.19/jersey-json-1.19.jar:/home/user/.m2/repository/org/codehaus/jettison/jettison/1.1/jettison-1.1.jar:/home/user/.m2/repository/org/codehaus/jackson/jackson-core-asl/1.9.13/jackson-core-asl-1.9.13.jar:/home/user/.m2/repository/org/codehaus/jackson/jackson-mapper-asl/1.9.13/jackson-mapper-asl-1.9.13.jar:/home/user/.m2/repository/org/codehaus/jackson/jackson-jaxrs/1.9.13/jackson-jaxrs-1.9.13.jar:/home/user/.m2/repository/org/codehaus/jackson/jackson-xc/1.9.13/jackson-xc-1.9.13.jar:/home/user/.m2/repository/commons-logging/commons-logging/1.1.3/commons-logging-1.1.3.jar:/home/user/.m2/repository/commons-beanutils/commons-beanutils/1.9.4/commons-beanutils-1.9.4.jar:/home/user/.m2/repository/org/apache/commons/commons-configuration2/2.1.1/commons-configuration2-2.1.1.jar:/home/user/.m2/repository/org/apache/commons/commons-lang3/3.7/commons-lang3-3.7.jar:/home/user/.m2/repository/org/apache/commons/commons-text/1.4/commons-text-1.4.jar:/home/user/.m2/repository/org/apache/avro/avro/1.7.7/avro-1.7.7.jar:/home/user/.m2/repository/com/thoughtworks/paranamer/paranamer/2.3/paranamer-2.3.jar:/home/user/.m2/repository/org/xerial/snappy/snappy-java/1.0.5/snappy-java-1.0.5.jar:/home/user/.m2/repository/com/google/re2j/re2j/1.1/re2j-1.1.jar:/home/user/.m2/repository/com/google/code/gson/gson/2.2.4/gson-2.2.4.jar:/home/user/.m2/repository/com/jcraft/jsch/0.1.54/jsch-0.1.54.jar:/home/user/.m2/repository/org/apache/curator/curator-client/2.12.0/curator-client-2.12.0.jar:/home/user/.m2/repository/org/apache/curator/curator-recipes/2.12.0/curator-recipes-2.12.0.jar:/home/user/.m2/repository/com/google/code/findbugs/jsr305/3.0.0/jsr305-3.0.0.jar:/home/user/.m2/repository/org/apache/htrace/htrace-core4/4.1.0-incubating/htrace-core4-4.1.0-incubating.jar:/home/user/.m2/repository/org/apache/zookeeper/zookeeper/3.4.13/zookeeper-3.4.13.jar:/home/user/.m2/repository/org/apache/yetus/audience-annotations/0.5.0/audience-annotations-0.5.0.jar:/home/user/.m2/repository/org/codehaus/woodstox/stax2-api/3.1.4/stax2-api-3.1.4.jar:/home/user/.m2/repository/com/fasterxml/woodstox/woodstox-core/5.0.3/woodstox-core-5.0.3.jar:/home/user/.m2/repository/dnsjava/dnsjava/2.1.7/dnsjava-2.1.7.jar:/home/user/.m2/repository/org/apache/hadoop/hadoop-hdfs/3.2.0/hadoop-hdfs-3.2.0-tests.jar:/home/user/.m2/repository/org/eclipse/jetty/jetty-util-ajax/9.3.24.v20180605/jetty-util-ajax-9.3.24.v20180605.jar:/home/user/.m2/repository/commons-daemon/commons-daemon/1.0.13/commons-daemon-1.0.13.jar:/home/user/.m2/repository/io/netty/netty/3.10.5.Final/netty-3.10.5.Final.jar:/home/user/.m2/repository/io/netty/netty-all/4.0.52.Final/netty-all-4.0.52.Final.jar:/home/user/.m2/repository/org/fusesource/leveldbjni/leveldbjni-all/1.8/leveldbjni-all-1.8.jar:"/>
    <property name="sun.cpu.endian" value="little"/>
    <property name="user.home" value="/home/user"/>
    <property name="user.language" value="en"/>
    <property name="java.specification.vendor" value="Oracle Corporation"/>
    <property name="java.home" value="/usr/lib/jvm/java-1.8-openjdk/jre"/>
    <property name="java.security.krb5.conf" value="/workdir/hadoop-ozone/integration-test/target/test-classes/krb5.conf"/>
    <property name="basedir" value="/workdir/hadoop-ozone/integration-test"/>
    <property name="file.separator" value="/"/>
    <property name="line.separator" value="&#10;"/>
    <property name="java.vm.specification.vendor" value="Oracle Corporation"/>
    <property name="java.specification.name" value="Java Platform API Specification"/>
    <property name="java.awt.graphicsenv" value="sun.awt.X11GraphicsEnvironment"/>
    <property name="surefire.real.class.path" value="/workdir/hadoop-ozone/integration-test/target/surefire/surefirebooter4904176775147047518.jar"/>
    <property name="hadoop.log.dir" value="/workdir/hadoop-ozone/integration-test/target/log"/>
    <property name="sun.boot.class.path" value="/usr/lib/jvm/java-1.8-openjdk/jre/lib/resources.jar:/usr/lib/jvm/java-1.8-openjdk/jre/lib/rt.jar:/usr/lib/jvm/java-1.8-openjdk/jre/lib/sunrsasign.jar:/usr/lib/jvm/java-1.8-openjdk/jre/lib/jsse.jar:/usr/lib/jvm/java-1.8-openjdk/jre/lib/jce.jar:/usr/lib/jvm/java-1.8-openjdk/jre/lib/charsets.jar:/usr/lib/jvm/java-1.8-openjdk/jre/lib/jfr.jar:/usr/lib/jvm/java-1.8-openjdk/jre/classes"/>
    <property name="sun.management.compiler" value="HotSpot 64-Bit Tiered Compilers"/>
    <property name="java.runtime.version" value="1.8.0_212-b04"/>
    <property name="java.net.preferIPv4Stack" value="true"/>
    <property name="user.name" value="jenkins1000"/>
    <property name="path.separator" value=":"/>
    <property name="java.security.egd" value="file:///dev/urandom"/>
    <property name="os.version" value="3.10.0-957.12.2.el7.x86_64"/>
    <property name="java.endorsed.dirs" value="/usr/lib/jvm/java-1.8-openjdk/jre/lib/endorsed"/>
    <property name="java.runtime.name" value="OpenJDK Runtime Environment"/>
    <property name="file.encoding" value="UTF-8"/>
    <property name="java.vm.name" value="OpenJDK 64-Bit Server VM"/>
    <property name="test.build.webapps" value=""/>
    <property name="localRepository" value="/home/user/.m2/repository"/>
    <property name="java.vendor.url.bug" value="https://icedtea.classpath.org/bugzilla"/>
    <property name="java.io.tmpdir" value="/tmp"/>
    <property name="require.test.libhadoop" value=""/>
    <property name="java.version" value="1.8.0_212"/>
    <property name="user.dir" value="/workdir/hadoop-ozone/integration-test"/>
    <property name="os.arch" value="amd64"/>
    <property name="java.vm.specification.name" value="Java Virtual Machine Specification"/>
    <property name="test.build.classes" value="/workdir/hadoop-ozone/integration-test/target/test-classes"/>
    <property name="java.awt.printerjob" value="sun.print.PSPrinterJob"/>
    <property name="sun.os.patch.level" value="unknown"/>
    <property name="hadoop.tmp.dir" value="/workdir/hadoop-ozone/integration-test/target/tmp"/>
    <property name="java.library.path" value="/usr/lib/jvm/java-1.8-openjdk/jre/lib/amd64/server:/usr/lib/jvm/java-1.8-openjdk/jre/lib/amd64:/usr/lib/jvm/java-1.8-openjdk/jre/../lib/amd64:/workdir/hadoop-ozone/integration-test/target/native/target/usr/local/lib:/workdir/hadoop-ozone/integration-test/../../hadoop-common-project/hadoop-common/target/native/target/usr/local/lib:/usr/java/packages/lib/amd64:/usr/lib64:/lib64:/lib:/usr/lib"/>
    <property name="java.vm.info" value="mixed mode"/>
    <property name="java.vendor" value="IcedTea"/>
    <property name="java.vm.version" value="25.212-b04"/>
    <property name="java.ext.dirs" value="/usr/lib/jvm/java-1.8-openjdk/jre/lib/ext:/usr/java/packages/lib/ext"/>
    <property name="sun.io.unicode.encoding" value="UnicodeLittle"/>
    <property name="java.class.version" value="52.0"/>
  </properties>
  <testcase name="test2DatanodesFailure" classname="org.apache.hadoop.ozone.client.rpc.TestBlockOutputStreamWithFailures" time="104.918"/>
  <testcase name="testDatanodeFailureWithPreAllocation" classname="org.apache.hadoop.ozone.client.rpc.TestBlockOutputStreamWithFailures" time="223.321"/>
  <testcase name="testDatanodeFailureWithSingleNodeRatis" classname="org.apache.hadoop.ozone.client.rpc.TestBlockOutputStreamWithFailures" time="221.19"/>
  <testcase name="testWatchForCommitWithSingleNodeRatis" classname="org.apache.hadoop.ozone.client.rpc.TestBlockOutputStreamWithFailures" time="35.468"/>
  <testcase name="testWatchForCommitDatanodeFailure" classname="org.apache.hadoop.ozone.client.rpc.TestBlockOutputStreamWithFailures" time="50.663">
    <failure message="expected:&lt;2&gt; but was:&lt;3&gt;" type="java.lang.AssertionError"><![CDATA[java.lang.AssertionError: expected:<2> but was:<3>
	at org.junit.Assert.fail(Assert.java:88)
	at org.junit.Assert.failNotEquals(Assert.java:743)
	at org.junit.Assert.assertEquals(Assert.java:118)
	at org.junit.Assert.assertEquals(Assert.java:555)
	at org.junit.Assert.assertEquals(Assert.java:542)
	at org.apache.hadoop.ozone.client.rpc.TestBlockOutputStreamWithFailures.testWatchForCommitDatanodeFailure(TestBlockOutputStreamWithFailures.java:366)
	at sun.reflect.NativeMethodAccessorImpl.invoke0(Native Method)
	at sun.reflect.NativeMethodAccessorImpl.invoke(NativeMethodAccessorImpl.java:62)
	at sun.reflect.DelegatingMethodAccessorImpl.invoke(DelegatingMethodAccessorImpl.java:43)
	at java.lang.reflect.Method.invoke(Method.java:498)
	at org.junit.runners.model.FrameworkMethod$1.runReflectiveCall(FrameworkMethod.java:47)
	at org.junit.internal.runners.model.ReflectiveCallable.run(ReflectiveCallable.java:12)
	at org.junit.runners.model.FrameworkMethod.invokeExplosively(FrameworkMethod.java:44)
	at org.junit.internal.runners.statements.InvokeMethod.evaluate(InvokeMethod.java:17)
	at org.junit.internal.runners.statements.RunBefores.evaluate(RunBefores.java:26)
	at org.junit.internal.runners.statements.RunAfters.evaluate(RunAfters.java:27)
	at org.junit.runners.ParentRunner.runLeaf(ParentRunner.java:271)
	at org.junit.runners.BlockJUnit4ClassRunner.runChild(BlockJUnit4ClassRunner.java:70)
	at org.junit.runners.BlockJUnit4ClassRunner.runChild(BlockJUnit4ClassRunner.java:50)
	at org.junit.runners.ParentRunner$3.run(ParentRunner.java:238)
	at org.junit.runners.ParentRunner$1.schedule(ParentRunner.java:63)
	at org.junit.runners.ParentRunner.runChildren(ParentRunner.java:236)
	at org.junit.runners.ParentRunner.access$000(ParentRunner.java:53)
	at org.junit.runners.ParentRunner$2.evaluate(ParentRunner.java:229)
	at org.junit.runners.ParentRunner.run(ParentRunner.java:309)
	at org.apache.maven.surefire.junit4.JUnit4Provider.execute(JUnit4Provider.java:365)
	at org.apache.maven.surefire.junit4.JUnit4Provider.executeWithRerun(JUnit4Provider.java:273)
	at org.apache.maven.surefire.junit4.JUnit4Provider.executeTestSet(JUnit4Provider.java:238)
	at org.apache.maven.surefire.junit4.JUnit4Provider.invoke(JUnit4Provider.java:159)
	at org.apache.maven.surefire.booter.ForkedBooter.invokeProviderInSameClassLoader(ForkedBooter.java:384)
	at org.apache.maven.surefire.booter.ForkedBooter.runSuitesInProcess(ForkedBooter.java:345)
	at org.apache.maven.surefire.booter.ForkedBooter.execute(ForkedBooter.java:126)
	at org.apache.maven.surefire.booter.ForkedBooter.main(ForkedBooter.java:418)
]]></failure>
    <system-out><![CDATA[2019-09-19 13:31:01,113 [main] WARN  server.ServerUtils (ServerUtils.java:getScmDbDir(145)) - ozone.scm.db.dirs is not configured. We recommend adding this setting. Falling back to ozone.metadata.dirs instead.
2019-09-19 13:31:01,128 [main] WARN  server.ServerUtils (ServerUtils.java:getScmDbDir(145)) - ozone.scm.db.dirs is not configured. We recommend adding this setting. Falling back to ozone.metadata.dirs instead.
2019-09-19 13:31:01,128 [main] WARN  server.ServerUtils (ServerUtils.java:getScmDbDir(145)) - ozone.scm.db.dirs is not configured. We recommend adding this setting. Falling back to ozone.metadata.dirs instead.
2019-09-19 13:31:01,129 [main] INFO  db.DBStoreBuilder (DBStoreBuilder.java:addTable(110)) - using custom profile for table: deletedBlocks
2019-09-19 13:31:01,129 [main] INFO  db.DBStoreBuilder (DBStoreBuilder.java:processTables(161)) - Using default column profile:DBProfile.DISK for Table:deletedBlocks
2019-09-19 13:31:01,129 [main] INFO  db.DBStoreBuilder (DBStoreBuilder.java:addTable(110)) - using custom profile for table: validCerts
2019-09-19 13:31:01,129 [main] INFO  db.DBStoreBuilder (DBStoreBuilder.java:processTables(161)) - Using default column profile:DBProfile.DISK for Table:validCerts
2019-09-19 13:31:01,129 [main] INFO  db.DBStoreBuilder (DBStoreBuilder.java:addTable(110)) - using custom profile for table: revokedCerts
2019-09-19 13:31:01,129 [main] INFO  db.DBStoreBuilder (DBStoreBuilder.java:processTables(161)) - Using default column profile:DBProfile.DISK for Table:revokedCerts
2019-09-19 13:31:01,130 [main] INFO  db.DBStoreBuilder (DBStoreBuilder.java:addTable(110)) - using custom profile for table: default
2019-09-19 13:31:01,130 [main] INFO  db.DBStoreBuilder (DBStoreBuilder.java:processTables(167)) - Using default column profile:DBProfile.DISK for Table:default
2019-09-19 13:31:01,130 [main] INFO  db.DBStoreBuilder (DBStoreBuilder.java:getDbProfile(198)) - Using default options. DBProfile.DISK
2019-09-19 13:31:01,235 [main] INFO  net.NodeSchemaLoader (NodeSchemaLoader.java:loadSchemaFromFile(125)) - Loading file from sun.misc.CompoundEnumeration@16d431b4
2019-09-19 13:31:01,235 [main] INFO  net.NodeSchemaLoader (NodeSchemaLoader.java:loadSchema(171)) - Loading network topology layer schema file
2019-09-19 13:31:01,239 [main] INFO  node.SCMNodeManager (SCMNodeManager.java:<init>(115)) - Entering startup safe mode.
2019-09-19 13:31:01,239 [main] INFO  algorithms.ContainerPlacementPolicyFactory (ContainerPlacementPolicyFactory.java:getPolicy(57)) - Create container placement policy of type org.apache.hadoop.hdds.scm.container.placement.algorithms.SCMContainerPlacementRandom
2019-09-19 13:31:01,240 [main] WARN  server.ServerUtils (ServerUtils.java:getScmDbDir(145)) - ozone.scm.db.dirs is not configured. We recommend adding this setting. Falling back to ozone.metadata.dirs instead.
2019-09-19 13:31:01,307 [main] INFO  pipeline.SCMPipelineManager (SCMPipelineManager.java:initializePipelineState(128)) - No pipeline exists in current db
2019-09-19 13:31:01,307 [main] WARN  server.ServerUtils (ServerUtils.java:getScmDbDir(145)) - ozone.scm.db.dirs is not configured. We recommend adding this setting. Falling back to ozone.metadata.dirs instead.
2019-09-19 13:31:01,357 [main] WARN  events.EventQueue (EventQueue.java:fireEvent(183)) - No event handler registered for event TypedEvent{payloadType=SafeModeStatus, name='SafeModeStatus'}
2019-09-19 13:31:01,358 [main] INFO  ipc.CallQueueManager (CallQueueManager.java:<init>(84)) - Using callQueue: class java.util.concurrent.LinkedBlockingQueue, queueCapacity: 2000, scheduler: class org.apache.hadoop.ipc.DefaultRpcScheduler, ipcBackoff: false.
2019-09-19 13:31:01,358 [Socket Reader #1 for port 45244] INFO  ipc.Server (Server.java:run(1074)) - Starting Socket Reader #1 for port 45244
2019-09-19 13:31:01,360 [main] INFO  ipc.CallQueueManager (CallQueueManager.java:<init>(84)) - Using callQueue: class java.util.concurrent.LinkedBlockingQueue, queueCapacity: 2000, scheduler: class org.apache.hadoop.ipc.DefaultRpcScheduler, ipcBackoff: false.
2019-09-19 13:31:01,360 [Socket Reader #1 for port 38358] INFO  ipc.Server (Server.java:run(1074)) - Starting Socket Reader #1 for port 38358
2019-09-19 13:31:01,361 [main] INFO  ipc.CallQueueManager (CallQueueManager.java:<init>(84)) - Using callQueue: class java.util.concurrent.LinkedBlockingQueue, queueCapacity: 2000, scheduler: class org.apache.hadoop.ipc.DefaultRpcScheduler, ipcBackoff: false.
2019-09-19 13:31:01,362 [Socket Reader #1 for port 39145] INFO  ipc.Server (Server.java:run(1074)) - Starting Socket Reader #1 for port 39145
2019-09-19 13:31:01,364 [main] INFO  hdfs.DFSUtil (DFSUtil.java:httpServerTemplateForNNAndJN(1641)) - Starting Web-server for scm at: http://0.0.0.0:0
2019-09-19 13:31:01,366 [main] INFO  server.AuthenticationFilter (AuthenticationFilter.java:constructSecretProvider(240)) - Unable to initialize FileSignerSecretProvider, falling back to use random secrets.
2019-09-19 13:31:01,366 [main] WARN  http.HttpRequestLog (HttpRequestLog.java:getRequestLog(97)) - Jetty request log can only be enabled using Log4j
2019-09-19 13:31:01,368 [main] INFO  http.HttpServer2 (HttpServer2.java:addGlobalFilter(975)) - Added global filter 'safety' (class=org.apache.hadoop.http.HttpServer2$QuotingInputFilter)
2019-09-19 13:31:01,369 [main] INFO  http.HttpServer2 (HttpServer2.java:addFilter(948)) - Added filter static_user_filter (class=org.apache.hadoop.http.lib.StaticUserWebFilter$StaticUserFilter) to context scm
2019-09-19 13:31:01,369 [main] INFO  http.HttpServer2 (HttpServer2.java:addFilter(958)) - Added filter static_user_filter (class=org.apache.hadoop.http.lib.StaticUserWebFilter$StaticUserFilter) to context static
2019-09-19 13:31:01,369 [main] INFO  http.HttpServer2 (HttpServer2.java:addFilter(958)) - Added filter static_user_filter (class=org.apache.hadoop.http.lib.StaticUserWebFilter$StaticUserFilter) to context logs
2019-09-19 13:31:01,371 [main] INFO  server.StorageContainerManager (StorageContainerManager.java:start(763)) - StorageContainerLocationProtocol RPC server is listening at /0.0.0.0:39145
2019-09-19 13:31:01,373 [main] WARN  impl.MetricsConfig (MetricsConfig.java:loadFirst(134)) - Cannot locate configuration: tried hadoop-metrics2-storagecontainermanager.properties,hadoop-metrics2.properties
2019-09-19 13:31:01,374 [main] INFO  impl.MetricsSystemImpl (MetricsSystemImpl.java:startTimer(374)) - Scheduled Metric snapshot period at 10 second(s).
2019-09-19 13:31:01,374 [main] INFO  impl.MetricsSystemImpl (MetricsSystemImpl.java:start(191)) - StorageContainerManager metrics system started
2019-09-19 13:31:01,432 [main] WARN  impl.MetricsSystemImpl (MetricsSystemImpl.java:register(276)) - Sink prometheus already exists!
2019-09-19 13:31:01,515 [main] INFO  server.SCMClientProtocolServer (SCMClientProtocolServer.java:start(151)) - RPC server for Client  is listening at /0.0.0.0:39145
2019-09-19 13:31:01,515 [IPC Server Responder] INFO  ipc.Server (Server.java:run(1314)) - IPC Server Responder: starting
2019-09-19 13:31:01,515 [IPC Server listener on 39145] INFO  ipc.Server (Server.java:run(1153)) - IPC Server listener on 39145: starting
2019-09-19 13:31:01,521 [main] INFO  server.StorageContainerManager (StorageContainerManager.java:start(773)) - ScmBlockLocationProtocol RPC server is listening at /0.0.0.0:38358
2019-09-19 13:31:01,522 [main] INFO  server.SCMBlockProtocolServer (SCMBlockProtocolServer.java:start(146)) - RPC server for Block Protocol is listening at /0.0.0.0:38358
2019-09-19 13:31:01,522 [IPC Server Responder] INFO  ipc.Server (Server.java:run(1314)) - IPC Server Responder: starting
2019-09-19 13:31:01,523 [IPC Server listener on 38358] INFO  ipc.Server (Server.java:run(1153)) - IPC Server listener on 38358: starting
2019-09-19 13:31:01,526 [main] INFO  server.StorageContainerManager (StorageContainerManager.java:start(777)) - ScmDatanodeProtocl RPC server is listening at /0.0.0.0:45244
2019-09-19 13:31:01,526 [main] INFO  server.SCMDatanodeProtocolServer (SCMDatanodeProtocolServer.java:start(191)) - RPC server for DataNodes is listening at /0.0.0.0:45244
2019-09-19 13:31:01,526 [IPC Server Responder] INFO  ipc.Server (Server.java:run(1314)) - IPC Server Responder: starting
2019-09-19 13:31:01,526 [IPC Server listener on 45244] INFO  ipc.Server (Server.java:run(1153)) - IPC Server listener on 45244: starting
2019-09-19 13:31:01,530 [main] INFO  http.HttpServer2 (HttpServer2.java:bindListener(1191)) - Jetty bound to port 41094
2019-09-19 13:31:01,530 [main] INFO  server.Server (Server.java:doStart(351)) - jetty-9.3.24.v20180605, build timestamp: 2018-06-05T17:11:56Z, git hash: 84205aa28f11a4f31f2a3b86d1bba2cc8ab69827
2019-09-19 13:31:01,532 [main] INFO  handler.ContextHandler (ContextHandler.java:doStart(781)) - Started o.e.j.s.ServletContextHandler@508ad266{/logs,file:///workdir/hadoop-ozone/integration-test/target/log,AVAILABLE}
2019-09-19 13:31:01,533 [main] INFO  handler.ContextHandler (ContextHandler.java:doStart(781)) - Started o.e.j.s.ServletContextHandler@216372b7{/static,file:///workdir/hadoop-ozone/integration-test/target/test-classes/webapps/static,AVAILABLE}
2019-09-19 13:31:01,537 [main] INFO  handler.ContextHandler (ContextHandler.java:doStart(781)) - Started o.e.j.w.WebAppContext@55877274{/,file:///workdir/hadoop-ozone/integration-test/target/test-classes/webapps/scm/,AVAILABLE}{/scm}
2019-09-19 13:31:01,538 [main] INFO  server.AbstractConnector (AbstractConnector.java:doStart(278)) - Started ServerConnector@723e2d08{HTTP/1.1,[http/1.1]}{0.0.0.0:41094}
2019-09-19 13:31:01,539 [main] INFO  server.Server (Server.java:doStart(419)) - Started @585928ms
2019-09-19 13:31:01,539 [main] WARN  impl.MetricsSystemImpl (MetricsSystemImpl.java:register(276)) - Sink prometheus already exists!
2019-09-19 13:31:01,540 [main] INFO  server.BaseHttpServer (BaseHttpServer.java:updateConnectorAddress(215)) - HTTP server of SCM is listening at http://0.0.0.0:41094
2019-09-19 13:31:01,540 [main] WARN  server.ServerUtils (ServerUtils.java:getDBPath(222)) - ozone.om.db.dirs is not configured. We recommend adding this setting. Falling back to ozone.metadata.dirs instead.
2019-09-19 13:31:01,541 [org.apache.hadoop.util.JvmPauseMonitor$Monitor@14f060b8] INFO  util.JvmPauseMonitor (JvmPauseMonitor.java:run(188)) - Starting JVM pause monitor
2019-09-19 13:31:01,555 [main] WARN  server.ServerUtils (ServerUtils.java:getDBPath(222)) - ozone.om.db.dirs is not configured. We recommend adding this setting. Falling back to ozone.metadata.dirs instead.
2019-09-19 13:31:01,556 [main] WARN  server.ServerUtils (ServerUtils.java:getDBPath(222)) - ozone.om.db.dirs is not configured. We recommend adding this setting. Falling back to ozone.metadata.dirs instead.
2019-09-19 13:31:01,556 [main] INFO  om.OzoneManager (OzoneManager.java:setOMNodeDetails(649)) - OM Service ID is not set. Setting it to the default ID: omServiceIdDefault
2019-09-19 13:31:01,556 [main] INFO  om.OzoneManager (OzoneManager.java:setOMNodeDetails(655)) - OM Node ID is not set. Setting it to the OmStorage's OmID: 99f05fa3-4603-42a1-a21a-bcd9ab1549bc
2019-09-19 13:31:01,556 [main] INFO  om.OzoneManager (OzoneManager.java:loadOMHAConfigs(606)) - Found matching OM address with OMServiceId: null, OMNodeId: null, RPC Address: localhost:0 and Ratis port: 9872
2019-09-19 13:31:01,563 [main] WARN  server.ServerUtils (ServerUtils.java:getDBPath(222)) - ozone.om.db.dirs is not configured. We recommend adding this setting. Falling back to ozone.metadata.dirs instead.
2019-09-19 13:31:01,564 [main] INFO  db.DBStoreBuilder (DBStoreBuilder.java:addTable(110)) - using custom profile for table: userTable
2019-09-19 13:31:01,564 [main] INFO  db.DBStoreBuilder (DBStoreBuilder.java:processTables(161)) - Using default column profile:DBProfile.DISK for Table:userTable
2019-09-19 13:31:01,564 [main] INFO  db.DBStoreBuilder (DBStoreBuilder.java:addTable(110)) - using custom profile for table: volumeTable
2019-09-19 13:31:01,564 [main] INFO  db.DBStoreBuilder (DBStoreBuilder.java:processTables(161)) - Using default column profile:DBProfile.DISK for Table:volumeTable
2019-09-19 13:31:01,565 [main] INFO  db.DBStoreBuilder (DBStoreBuilder.java:addTable(110)) - using custom profile for table: bucketTable
2019-09-19 13:31:01,565 [main] INFO  db.DBStoreBuilder (DBStoreBuilder.java:processTables(161)) - Using default column profile:DBProfile.DISK for Table:bucketTable
2019-09-19 13:31:01,565 [main] INFO  db.DBStoreBuilder (DBStoreBuilder.java:addTable(110)) - using custom profile for table: keyTable
2019-09-19 13:31:01,565 [main] INFO  db.DBStoreBuilder (DBStoreBuilder.java:processTables(161)) - Using default column profile:DBProfile.DISK for Table:keyTable
2019-09-19 13:31:01,566 [main] INFO  db.DBStoreBuilder (DBStoreBuilder.java:addTable(110)) - using custom profile for table: deletedTable
2019-09-19 13:31:01,566 [main] INFO  db.DBStoreBuilder (DBStoreBuilder.java:processTables(161)) - Using default column profile:DBProfile.DISK for Table:deletedTable
2019-09-19 13:31:01,566 [main] INFO  db.DBStoreBuilder (DBStoreBuilder.java:addTable(110)) - using custom profile for table: openKeyTable
2019-09-19 13:31:01,566 [main] INFO  db.DBStoreBuilder (DBStoreBuilder.java:processTables(161)) - Using default column profile:DBProfile.DISK for Table:openKeyTable
2019-09-19 13:31:01,566 [main] INFO  db.DBStoreBuilder (DBStoreBuilder.java:addTable(110)) - using custom profile for table: s3Table
2019-09-19 13:31:01,567 [main] INFO  db.DBStoreBuilder (DBStoreBuilder.java:processTables(161)) - Using default column profile:DBProfile.DISK for Table:s3Table
2019-09-19 13:31:01,567 [main] INFO  db.DBStoreBuilder (DBStoreBuilder.java:addTable(110)) - using custom profile for table: multipartInfoTable
2019-09-19 13:31:01,567 [main] INFO  db.DBStoreBuilder (DBStoreBuilder.java:processTables(161)) - Using default column profile:DBProfile.DISK for Table:multipartInfoTable
2019-09-19 13:31:01,567 [main] INFO  db.DBStoreBuilder (DBStoreBuilder.java:addTable(110)) - using custom profile for table: dTokenTable
2019-09-19 13:31:01,567 [main] INFO  db.DBStoreBuilder (DBStoreBuilder.java:processTables(161)) - Using default column profile:DBProfile.DISK for Table:dTokenTable
2019-09-19 13:31:01,568 [main] INFO  db.DBStoreBuilder (DBStoreBuilder.java:addTable(110)) - using custom profile for table: s3SecretTable
2019-09-19 13:31:01,568 [main] INFO  db.DBStoreBuilder (DBStoreBuilder.java:processTables(161)) - Using default column profile:DBProfile.DISK for Table:s3SecretTable
2019-09-19 13:31:01,568 [main] INFO  db.DBStoreBuilder (DBStoreBuilder.java:addTable(110)) - using custom profile for table: prefixTable
2019-09-19 13:31:01,568 [main] INFO  db.DBStoreBuilder (DBStoreBuilder.java:processTables(161)) - Using default column profile:DBProfile.DISK for Table:prefixTable
2019-09-19 13:31:01,569 [main] INFO  db.DBStoreBuilder (DBStoreBuilder.java:addTable(110)) - using custom profile for table: default
2019-09-19 13:31:01,569 [main] INFO  db.DBStoreBuilder (DBStoreBuilder.java:processTables(167)) - Using default column profile:DBProfile.DISK for Table:default
2019-09-19 13:31:01,569 [main] INFO  db.DBStoreBuilder (DBStoreBuilder.java:getDbProfile(198)) - Using default options. DBProfile.DISK
2019-09-19 13:31:01,974 [main] INFO  ipc.CallQueueManager (CallQueueManager.java:<init>(84)) - Using callQueue: class java.util.concurrent.LinkedBlockingQueue, queueCapacity: 2000, scheduler: class org.apache.hadoop.ipc.DefaultRpcScheduler, ipcBackoff: false.
2019-09-19 13:31:01,975 [Socket Reader #1 for port 34916] INFO  ipc.Server (Server.java:run(1074)) - Starting Socket Reader #1 for port 34916
2019-09-19 13:31:01,986 [main] INFO  om.OzoneManager (OzoneManager.java:start(1240)) - OzoneManager RPC server is listening at localhost/127.0.0.1:34916
2019-09-19 13:31:01,986 [main] INFO  impl.MetricsSystemImpl (MetricsSystemImpl.java:init(158)) - OzoneManager metrics system started (again)
2019-09-19 13:31:01,987 [IPC Server listener on 34916] INFO  ipc.Server (Server.java:run(1153)) - IPC Server listener on 34916: starting
2019-09-19 13:31:01,987 [IPC Server Responder] INFO  ipc.Server (Server.java:run(1314)) - IPC Server Responder: starting
2019-09-19 13:31:01,991 [main] INFO  hdfs.DFSUtil (DFSUtil.java:httpServerTemplateForNNAndJN(1641)) - Starting Web-server for ozoneManager at: http://0.0.0.0:0
2019-09-19 13:31:01,993 [main] INFO  server.AuthenticationFilter (AuthenticationFilter.java:constructSecretProvider(240)) - Unable to initialize FileSignerSecretProvider, falling back to use random secrets.
2019-09-19 13:31:01,994 [main] WARN  http.HttpRequestLog (HttpRequestLog.java:getRequestLog(97)) - Jetty request log can only be enabled using Log4j
2019-09-19 13:31:01,995 [main] INFO  http.HttpServer2 (HttpServer2.java:addGlobalFilter(975)) - Added global filter 'safety' (class=org.apache.hadoop.http.HttpServer2$QuotingInputFilter)
2019-09-19 13:31:01,995 [main] INFO  http.HttpServer2 (HttpServer2.java:addFilter(948)) - Added filter static_user_filter (class=org.apache.hadoop.http.lib.StaticUserWebFilter$StaticUserFilter) to context ozoneManager
2019-09-19 13:31:01,995 [main] INFO  http.HttpServer2 (HttpServer2.java:addFilter(958)) - Added filter static_user_filter (class=org.apache.hadoop.http.lib.StaticUserWebFilter$StaticUserFilter) to context logs
2019-09-19 13:31:01,996 [main] INFO  http.HttpServer2 (HttpServer2.java:addFilter(958)) - Added filter static_user_filter (class=org.apache.hadoop.http.lib.StaticUserWebFilter$StaticUserFilter) to context static
2019-09-19 13:31:01,996 [main] INFO  http.HttpServer2 (HttpServer2.java:bindListener(1191)) - Jetty bound to port 38463
2019-09-19 13:31:01,997 [main] INFO  server.Server (Server.java:doStart(351)) - jetty-9.3.24.v20180605, build timestamp: 2018-06-05T17:11:56Z, git hash: 84205aa28f11a4f31f2a3b86d1bba2cc8ab69827
2019-09-19 13:31:01,998 [main] INFO  handler.ContextHandler (ContextHandler.java:doStart(781)) - Started o.e.j.s.ServletContextHandler@4def7d36{/logs,file:///workdir/hadoop-ozone/integration-test/target/log,AVAILABLE}
2019-09-19 13:31:01,999 [main] INFO  handler.ContextHandler (ContextHandler.java:doStart(781)) - Started o.e.j.s.ServletContextHandler@67f946c3{/static,file:///workdir/hadoop-ozone/integration-test/target/test-classes/webapps/static,AVAILABLE}
2019-09-19 13:31:02,002 [main] INFO  handler.ContextHandler (ContextHandler.java:doStart(781)) - Started o.e.j.w.WebAppContext@27ec8754{/,file:///workdir/hadoop-ozone/integration-test/target/test-classes/webapps/ozoneManager/,AVAILABLE}{/ozoneManager}
2019-09-19 13:31:02,003 [main] INFO  server.AbstractConnector (AbstractConnector.java:doStart(278)) - Started ServerConnector@3bbf1c0d{HTTP/1.1,[http/1.1]}{0.0.0.0:38463}
2019-09-19 13:31:02,004 [main] INFO  server.Server (Server.java:doStart(419)) - Started @586392ms
2019-09-19 13:31:02,004 [main] WARN  impl.MetricsSystemImpl (MetricsSystemImpl.java:register(276)) - Sink prometheus already exists!
2019-09-19 13:31:02,005 [main] INFO  server.BaseHttpServer (BaseHttpServer.java:updateConnectorAddress(215)) - HTTP server of OZONEMANAGER is listening at http://0.0.0.0:38463
2019-09-19 13:31:02,017 [main] INFO  impl.MetricsSystemImpl (MetricsSystemImpl.java:init(158)) - HddsDatanode metrics system started (again)
2019-09-19 13:31:02,020 [main] INFO  ozone.HddsDatanodeService (HddsDatanodeService.java:start(184)) - HddsDatanodeService host:pr-hdds-1982-decom-states-fm625-96302961 ip:192.168.34.51
2019-09-19 13:31:02,026 [main] INFO  volume.HddsVolume (HddsVolume.java:<init>(176)) - Creating Volume: /workdir/hadoop-ozone/integration-test/target/test-dir/MiniOzoneClusterImpl-4d5d2d7a-88bc-4d8f-bc17-99926ca9d3cb/datanode-0/data/containers/hdds of  storage type : DISK and capacity : 1482555576320
2019-09-19 13:31:02,026 [main] INFO  volume.VolumeSet (VolumeSet.java:initializeVolumeSet(170)) - Added Volume : /workdir/hadoop-ozone/integration-test/target/test-dir/MiniOzoneClusterImpl-4d5d2d7a-88bc-4d8f-bc17-99926ca9d3cb/datanode-0/data/containers/hdds to VolumeSet
2019-09-19 13:31:02,026 [main] INFO  volume.ThrottledAsyncChecker (ThrottledAsyncChecker.java:schedule(139)) - Scheduling a check for org.apache.hadoop.ozone.container.common.volume.HddsVolume@52ba685a
2019-09-19 13:31:02,027 [main] INFO  volume.HddsVolumeChecker (HddsVolumeChecker.java:checkAllVolumes(202)) - Scheduled health check for volume org.apache.hadoop.ozone.container.common.volume.HddsVolume@52ba685a
2019-09-19 13:31:02,037 [main] INFO  impl.RaftServerProxy (ConfUtils.java:logGet(43)) - raft.rpc.type = GRPC (default)
2019-09-19 13:31:02,038 [main] INFO  grpc.GrpcFactory (GrpcFactory.java:checkPooledByteBufAllocatorUseCacheForAllThreads(45)) - PERFORMANCE WARNING: useCacheForAllThreads is true that may cause Netty to create a lot garbage objects and, as a result, trigger GC.
	It is recommended to disable useCacheForAllThreads by setting -Dorg.apache.ratis.thirdparty.io.netty.allocator.useCacheForAllThreads=false in command line.
2019-09-19 13:31:02,038 [main] INFO  grpc.GrpcConfigKeys$Server (ConfUtils.java:logGet(43)) - raft.grpc.server.port = 0 (default)
2019-09-19 13:31:02,038 [main] INFO  server.GrpcService (ConfUtils.java:logGet(43)) - raft.grpc.message.size.max = 33570816 (custom)
2019-09-19 13:31:02,038 [main] INFO  server.RaftServerConfigKeys (ConfUtils.java:logGet(43)) - raft.server.log.appender.buffer.byte-limit = 33554432 (custom)
2019-09-19 13:31:02,038 [main] INFO  server.GrpcService (ConfUtils.java:logGet(43)) - raft.grpc.flow.control.window = 1MB (=1048576) (default)
2019-09-19 13:31:02,039 [main] INFO  server.RaftServerConfigKeys (ConfUtils.java:logGet(43)) - raft.server.rpc.request.timeout = 3000ms (default)
2019-09-19 13:31:02,039 [main] INFO  server.RaftServerConfigKeys (ConfUtils.java:logGet(43)) - raft.server.storage.dir = [/workdir/hadoop-ozone/integration-test/target/test-dir/MiniOzoneClusterImpl-4d5d2d7a-88bc-4d8f-bc17-99926ca9d3cb/datanode-0/data/ratis] (custom)
2019-09-19 13:31:02,040 [main] INFO  hdfs.DFSUtil (DFSUtil.java:httpServerTemplateForNNAndJN(1641)) - Starting Web-server for hddsDatanode at: http://0.0.0.0:0
2019-09-19 13:31:02,042 [main] INFO  server.AuthenticationFilter (AuthenticationFilter.java:constructSecretProvider(240)) - Unable to initialize FileSignerSecretProvider, falling back to use random secrets.
2019-09-19 13:31:02,042 [main] WARN  http.HttpRequestLog (HttpRequestLog.java:getRequestLog(97)) - Jetty request log can only be enabled using Log4j
2019-09-19 13:31:02,043 [main] INFO  http.HttpServer2 (HttpServer2.java:addGlobalFilter(975)) - Added global filter 'safety' (class=org.apache.hadoop.http.HttpServer2$QuotingInputFilter)
2019-09-19 13:31:02,044 [main] INFO  http.HttpServer2 (HttpServer2.java:addFilter(948)) - Added filter static_user_filter (class=org.apache.hadoop.http.lib.StaticUserWebFilter$StaticUserFilter) to context hddsDatanode
2019-09-19 13:31:02,044 [main] INFO  http.HttpServer2 (HttpServer2.java:addFilter(958)) - Added filter static_user_filter (class=org.apache.hadoop.http.lib.StaticUserWebFilter$StaticUserFilter) to context static
2019-09-19 13:31:02,044 [main] INFO  http.HttpServer2 (HttpServer2.java:addFilter(958)) - Added filter static_user_filter (class=org.apache.hadoop.http.lib.StaticUserWebFilter$StaticUserFilter) to context logs
2019-09-19 13:31:02,045 [main] INFO  http.HttpServer2 (HttpServer2.java:bindListener(1191)) - Jetty bound to port 35329
2019-09-19 13:31:02,045 [main] INFO  server.Server (Server.java:doStart(351)) - jetty-9.3.24.v20180605, build timestamp: 2018-06-05T17:11:56Z, git hash: 84205aa28f11a4f31f2a3b86d1bba2cc8ab69827
2019-09-19 13:31:02,046 [main] INFO  handler.ContextHandler (ContextHandler.java:doStart(781)) - Started o.e.j.s.ServletContextHandler@39d77de9{/logs,file:///workdir/hadoop-ozone/integration-test/target/log,AVAILABLE}
2019-09-19 13:31:02,047 [main] INFO  handler.ContextHandler (ContextHandler.java:doStart(781)) - Started o.e.j.s.ServletContextHandler@2c06b113{/static,jar:file:/home/user/.m2/repository/org/apache/hadoop/hadoop-hdds-container-service/0.5.0-SNAPSHOT/hadoop-hdds-container-service-0.5.0-SNAPSHOT.jar!/webapps/static,AVAILABLE}
2019-09-19 13:31:02,072 [main] INFO  handler.ContextHandler (ContextHandler.java:doStart(781)) - Started o.e.j.w.WebAppContext@3cb6e0ee{/,file:///tmp/jetty-0.0.0.0-35329-hddsDatanode-_-any-8976727805431610714.dir/webapp/,AVAILABLE}{/hddsDatanode}
2019-09-19 13:31:02,072 [main] INFO  server.AbstractConnector (AbstractConnector.java:doStart(278)) - Started ServerConnector@7b6141f0{HTTP/1.1,[http/1.1]}{0.0.0.0:35329}
2019-09-19 13:31:02,073 [main] INFO  server.Server (Server.java:doStart(419)) - Started @586462ms
2019-09-19 13:31:02,074 [main] WARN  impl.MetricsSystemImpl (MetricsSystemImpl.java:register(276)) - Sink prometheus already exists!
2019-09-19 13:31:02,074 [main] INFO  server.BaseHttpServer (BaseHttpServer.java:updateConnectorAddress(215)) - HTTP server of HDDSDATANODE is listening at http://0.0.0.0:35329
2019-09-19 13:31:02,075 [main] INFO  impl.MetricsSystemImpl (MetricsSystemImpl.java:init(158)) - HddsDatanode metrics system started (again)
2019-09-19 13:31:02,078 [org.apache.hadoop.util.JvmPauseMonitor$Monitor@71b737b4] INFO  util.JvmPauseMonitor (JvmPauseMonitor.java:run(188)) - Starting JVM pause monitor
2019-09-19 13:31:02,079 [Datanode State Machine Thread - 0] INFO  datanode.InitDatanodeState (InitDatanodeState.java:persistContainerDatanodeDetails(140)) - DatanodeDetails is persisted to /workdir/hadoop-ozone/integration-test/target/test-dir/MiniOzoneClusterImpl-4d5d2d7a-88bc-4d8f-bc17-99926ca9d3cb/datanode-0/meta/datanode.id
2019-09-19 13:31:02,079 [main] INFO  ozone.HddsDatanodeService (HddsDatanodeService.java:start(184)) - HddsDatanodeService host:pr-hdds-1982-decom-states-fm625-96302961 ip:192.168.34.51
2019-09-19 13:31:02,084 [main] INFO  volume.HddsVolume (HddsVolume.java:<init>(176)) - Creating Volume: /workdir/hadoop-ozone/integration-test/target/test-dir/MiniOzoneClusterImpl-4d5d2d7a-88bc-4d8f-bc17-99926ca9d3cb/datanode-1/data/containers/hdds of  storage type : DISK and capacity : 1482555576320
2019-09-19 13:31:02,085 [main] INFO  volume.VolumeSet (VolumeSet.java:initializeVolumeSet(170)) - Added Volume : /workdir/hadoop-ozone/integration-test/target/test-dir/MiniOzoneClusterImpl-4d5d2d7a-88bc-4d8f-bc17-99926ca9d3cb/datanode-1/data/containers/hdds to VolumeSet
2019-09-19 13:31:02,085 [main] INFO  volume.ThrottledAsyncChecker (ThrottledAsyncChecker.java:schedule(139)) - Scheduling a check for org.apache.hadoop.ozone.container.common.volume.HddsVolume@6650a6c
2019-09-19 13:31:02,086 [main] INFO  volume.HddsVolumeChecker (HddsVolumeChecker.java:checkAllVolumes(202)) - Scheduled health check for volume org.apache.hadoop.ozone.container.common.volume.HddsVolume@6650a6c
2019-09-19 13:31:02,098 [main] INFO  impl.RaftServerProxy (ConfUtils.java:logGet(43)) - raft.rpc.type = GRPC (default)
2019-09-19 13:31:02,098 [main] INFO  grpc.GrpcFactory (GrpcFactory.java:checkPooledByteBufAllocatorUseCacheForAllThreads(45)) - PERFORMANCE WARNING: useCacheForAllThreads is true that may cause Netty to create a lot garbage objects and, as a result, trigger GC.
	It is recommended to disable useCacheForAllThreads by setting -Dorg.apache.ratis.thirdparty.io.netty.allocator.useCacheForAllThreads=false in command line.
2019-09-19 13:31:02,098 [main] INFO  grpc.GrpcConfigKeys$Server (ConfUtils.java:logGet(43)) - raft.grpc.server.port = 0 (default)
2019-09-19 13:31:02,098 [main] INFO  server.GrpcService (ConfUtils.java:logGet(43)) - raft.grpc.message.size.max = 33570816 (custom)
2019-09-19 13:31:02,098 [main] INFO  server.RaftServerConfigKeys (ConfUtils.java:logGet(43)) - raft.server.log.appender.buffer.byte-limit = 33554432 (custom)
2019-09-19 13:31:02,098 [main] INFO  server.GrpcService (ConfUtils.java:logGet(43)) - raft.grpc.flow.control.window = 1MB (=1048576) (default)
2019-09-19 13:31:02,099 [main] INFO  server.RaftServerConfigKeys (ConfUtils.java:logGet(43)) - raft.server.rpc.request.timeout = 3000ms (default)
2019-09-19 13:31:02,099 [main] INFO  server.RaftServerConfigKeys (ConfUtils.java:logGet(43)) - raft.server.storage.dir = [/workdir/hadoop-ozone/integration-test/target/test-dir/MiniOzoneClusterImpl-4d5d2d7a-88bc-4d8f-bc17-99926ca9d3cb/datanode-1/data/ratis] (custom)
2019-09-19 13:31:02,100 [main] INFO  hdfs.DFSUtil (DFSUtil.java:httpServerTemplateForNNAndJN(1641)) - Starting Web-server for hddsDatanode at: http://0.0.0.0:0
2019-09-19 13:31:02,101 [main] INFO  server.AuthenticationFilter (AuthenticationFilter.java:constructSecretProvider(240)) - Unable to initialize FileSignerSecretProvider, falling back to use random secrets.
2019-09-19 13:31:02,102 [main] WARN  http.HttpRequestLog (HttpRequestLog.java:getRequestLog(97)) - Jetty request log can only be enabled using Log4j
2019-09-19 13:31:02,104 [main] INFO  http.HttpServer2 (HttpServer2.java:addGlobalFilter(975)) - Added global filter 'safety' (class=org.apache.hadoop.http.HttpServer2$QuotingInputFilter)
2019-09-19 13:31:02,104 [main] INFO  http.HttpServer2 (HttpServer2.java:addFilter(948)) - Added filter static_user_filter (class=org.apache.hadoop.http.lib.StaticUserWebFilter$StaticUserFilter) to context hddsDatanode
2019-09-19 13:31:02,104 [main] INFO  http.HttpServer2 (HttpServer2.java:addFilter(958)) - Added filter static_user_filter (class=org.apache.hadoop.http.lib.StaticUserWebFilter$StaticUserFilter) to context static
2019-09-19 13:31:02,105 [main] INFO  http.HttpServer2 (HttpServer2.java:addFilter(958)) - Added filter static_user_filter (class=org.apache.hadoop.http.lib.StaticUserWebFilter$StaticUserFilter) to context logs
2019-09-19 13:31:02,105 [main] INFO  http.HttpServer2 (HttpServer2.java:bindListener(1191)) - Jetty bound to port 41014
2019-09-19 13:31:02,105 [main] INFO  server.Server (Server.java:doStart(351)) - jetty-9.3.24.v20180605, build timestamp: 2018-06-05T17:11:56Z, git hash: 84205aa28f11a4f31f2a3b86d1bba2cc8ab69827
2019-09-19 13:31:02,107 [main] INFO  handler.ContextHandler (ContextHandler.java:doStart(781)) - Started o.e.j.s.ServletContextHandler@68dfda77{/logs,file:///workdir/hadoop-ozone/integration-test/target/log,AVAILABLE}
2019-09-19 13:31:02,107 [main] INFO  handler.ContextHandler (ContextHandler.java:doStart(781)) - Started o.e.j.s.ServletContextHandler@2e952845{/static,jar:file:/home/user/.m2/repository/org/apache/hadoop/hadoop-hdds-container-service/0.5.0-SNAPSHOT/hadoop-hdds-container-service-0.5.0-SNAPSHOT.jar!/webapps/static,AVAILABLE}
2019-09-19 13:31:02,132 [main] INFO  handler.ContextHandler (ContextHandler.java:doStart(781)) - Started o.e.j.w.WebAppContext@5ca4dce5{/,file:///tmp/jetty-0.0.0.0-41014-hddsDatanode-_-any-730436653362151082.dir/webapp/,AVAILABLE}{/hddsDatanode}
2019-09-19 13:31:02,132 [main] INFO  server.AbstractConnector (AbstractConnector.java:doStart(278)) - Started ServerConnector@1291aab5{HTTP/1.1,[http/1.1]}{0.0.0.0:41014}
2019-09-19 13:31:02,133 [main] INFO  server.Server (Server.java:doStart(419)) - Started @586522ms
2019-09-19 13:31:02,134 [main] WARN  impl.MetricsSystemImpl (MetricsSystemImpl.java:register(276)) - Sink prometheus already exists!
2019-09-19 13:31:02,134 [main] INFO  server.BaseHttpServer (BaseHttpServer.java:updateConnectorAddress(215)) - HTTP server of HDDSDATANODE is listening at http://0.0.0.0:41014
2019-09-19 13:31:02,134 [main] INFO  impl.MetricsSystemImpl (MetricsSystemImpl.java:init(158)) - HddsDatanode metrics system started (again)
2019-09-19 13:31:02,138 [org.apache.hadoop.util.JvmPauseMonitor$Monitor@6a85afdc] INFO  util.JvmPauseMonitor (JvmPauseMonitor.java:run(188)) - Starting JVM pause monitor
2019-09-19 13:31:02,138 [Datanode State Machine Thread - 0] INFO  datanode.InitDatanodeState (InitDatanodeState.java:persistContainerDatanodeDetails(140)) - DatanodeDetails is persisted to /workdir/hadoop-ozone/integration-test/target/test-dir/MiniOzoneClusterImpl-4d5d2d7a-88bc-4d8f-bc17-99926ca9d3cb/datanode-1/meta/datanode.id
2019-09-19 13:31:02,139 [main] INFO  ozone.HddsDatanodeService (HddsDatanodeService.java:start(184)) - HddsDatanodeService host:pr-hdds-1982-decom-states-fm625-96302961 ip:192.168.34.51
2019-09-19 13:31:02,143 [main] INFO  volume.HddsVolume (HddsVolume.java:<init>(176)) - Creating Volume: /workdir/hadoop-ozone/integration-test/target/test-dir/MiniOzoneClusterImpl-4d5d2d7a-88bc-4d8f-bc17-99926ca9d3cb/datanode-2/data/containers/hdds of  storage type : DISK and capacity : 1482555576320
2019-09-19 13:31:02,144 [main] INFO  volume.VolumeSet (VolumeSet.java:initializeVolumeSet(170)) - Added Volume : /workdir/hadoop-ozone/integration-test/target/test-dir/MiniOzoneClusterImpl-4d5d2d7a-88bc-4d8f-bc17-99926ca9d3cb/datanode-2/data/containers/hdds to VolumeSet
2019-09-19 13:31:02,144 [main] INFO  volume.ThrottledAsyncChecker (ThrottledAsyncChecker.java:schedule(139)) - Scheduling a check for org.apache.hadoop.ozone.container.common.volume.HddsVolume@6885ed19
2019-09-19 13:31:02,144 [main] INFO  volume.HddsVolumeChecker (HddsVolumeChecker.java:checkAllVolumes(202)) - Scheduled health check for volume org.apache.hadoop.ozone.container.common.volume.HddsVolume@6885ed19
2019-09-19 13:31:02,155 [main] INFO  impl.RaftServerProxy (ConfUtils.java:logGet(43)) - raft.rpc.type = GRPC (default)
2019-09-19 13:31:02,155 [main] INFO  grpc.GrpcFactory (GrpcFactory.java:checkPooledByteBufAllocatorUseCacheForAllThreads(45)) - PERFORMANCE WARNING: useCacheForAllThreads is true that may cause Netty to create a lot garbage objects and, as a result, trigger GC.
	It is recommended to disable useCacheForAllThreads by setting -Dorg.apache.ratis.thirdparty.io.netty.allocator.useCacheForAllThreads=false in command line.
2019-09-19 13:31:02,155 [main] INFO  grpc.GrpcConfigKeys$Server (ConfUtils.java:logGet(43)) - raft.grpc.server.port = 0 (default)
2019-09-19 13:31:02,155 [main] INFO  server.GrpcService (ConfUtils.java:logGet(43)) - raft.grpc.message.size.max = 33570816 (custom)
2019-09-19 13:31:02,156 [main] INFO  server.RaftServerConfigKeys (ConfUtils.java:logGet(43)) - raft.server.log.appender.buffer.byte-limit = 33554432 (custom)
2019-09-19 13:31:02,156 [main] INFO  server.GrpcService (ConfUtils.java:logGet(43)) - raft.grpc.flow.control.window = 1MB (=1048576) (default)
2019-09-19 13:31:02,156 [main] INFO  server.RaftServerConfigKeys (ConfUtils.java:logGet(43)) - raft.server.rpc.request.timeout = 3000ms (default)
2019-09-19 13:31:02,156 [main] INFO  server.RaftServerConfigKeys (ConfUtils.java:logGet(43)) - raft.server.storage.dir = [/workdir/hadoop-ozone/integration-test/target/test-dir/MiniOzoneClusterImpl-4d5d2d7a-88bc-4d8f-bc17-99926ca9d3cb/datanode-2/data/ratis] (custom)
2019-09-19 13:31:02,157 [main] INFO  hdfs.DFSUtil (DFSUtil.java:httpServerTemplateForNNAndJN(1641)) - Starting Web-server for hddsDatanode at: http://0.0.0.0:0
2019-09-19 13:31:02,159 [main] INFO  server.AuthenticationFilter (AuthenticationFilter.java:constructSecretProvider(240)) - Unable to initialize FileSignerSecretProvider, falling back to use random secrets.
2019-09-19 13:31:02,159 [main] WARN  http.HttpRequestLog (HttpRequestLog.java:getRequestLog(97)) - Jetty request log can only be enabled using Log4j
2019-09-19 13:31:02,161 [main] INFO  http.HttpServer2 (HttpServer2.java:addGlobalFilter(975)) - Added global filter 'safety' (class=org.apache.hadoop.http.HttpServer2$QuotingInputFilter)
2019-09-19 13:31:02,161 [main] INFO  http.HttpServer2 (HttpServer2.java:addFilter(948)) - Added filter static_user_filter (class=org.apache.hadoop.http.lib.StaticUserWebFilter$StaticUserFilter) to context hddsDatanode
2019-09-19 13:31:02,161 [main] INFO  http.HttpServer2 (HttpServer2.java:addFilter(958)) - Added filter static_user_filter (class=org.apache.hadoop.http.lib.StaticUserWebFilter$StaticUserFilter) to context static
2019-09-19 13:31:02,162 [main] INFO  http.HttpServer2 (HttpServer2.java:addFilter(958)) - Added filter static_user_filter (class=org.apache.hadoop.http.lib.StaticUserWebFilter$StaticUserFilter) to context logs
2019-09-19 13:31:02,162 [main] INFO  http.HttpServer2 (HttpServer2.java:bindListener(1191)) - Jetty bound to port 35686
2019-09-19 13:31:02,162 [main] INFO  server.Server (Server.java:doStart(351)) - jetty-9.3.24.v20180605, build timestamp: 2018-06-05T17:11:56Z, git hash: 84205aa28f11a4f31f2a3b86d1bba2cc8ab69827
2019-09-19 13:31:02,164 [main] INFO  handler.ContextHandler (ContextHandler.java:doStart(781)) - Started o.e.j.s.ServletContextHandler@45c80312{/logs,file:///workdir/hadoop-ozone/integration-test/target/log,AVAILABLE}
2019-09-19 13:31:02,164 [main] INFO  handler.ContextHandler (ContextHandler.java:doStart(781)) - Started o.e.j.s.ServletContextHandler@377dfb8d{/static,jar:file:/home/user/.m2/repository/org/apache/hadoop/hadoop-hdds-container-service/0.5.0-SNAPSHOT/hadoop-hdds-container-service-0.5.0-SNAPSHOT.jar!/webapps/static,AVAILABLE}
2019-09-19 13:31:02,192 [main] INFO  handler.ContextHandler (ContextHandler.java:doStart(781)) - Started o.e.j.w.WebAppContext@55a0f011{/,file:///tmp/jetty-0.0.0.0-35686-hddsDatanode-_-any-7713720974900372474.dir/webapp/,AVAILABLE}{/hddsDatanode}
2019-09-19 13:31:02,192 [main] INFO  server.AbstractConnector (AbstractConnector.java:doStart(278)) - Started ServerConnector@7ea42c82{HTTP/1.1,[http/1.1]}{0.0.0.0:35686}
2019-09-19 13:31:02,194 [main] INFO  server.Server (Server.java:doStart(419)) - Started @586583ms
2019-09-19 13:31:02,194 [main] WARN  impl.MetricsSystemImpl (MetricsSystemImpl.java:register(276)) - Sink prometheus already exists!
2019-09-19 13:31:02,195 [main] INFO  server.BaseHttpServer (BaseHttpServer.java:updateConnectorAddress(215)) - HTTP server of HDDSDATANODE is listening at http://0.0.0.0:35686
2019-09-19 13:31:02,195 [main] INFO  impl.MetricsSystemImpl (MetricsSystemImpl.java:init(158)) - HddsDatanode metrics system started (again)
2019-09-19 13:31:02,198 [org.apache.hadoop.util.JvmPauseMonitor$Monitor@59c9a0df] INFO  util.JvmPauseMonitor (JvmPauseMonitor.java:run(188)) - Starting JVM pause monitor
2019-09-19 13:31:02,199 [Datanode State Machine Thread - 0] INFO  datanode.InitDatanodeState (InitDatanodeState.java:persistContainerDatanodeDetails(140)) - DatanodeDetails is persisted to /workdir/hadoop-ozone/integration-test/target/test-dir/MiniOzoneClusterImpl-4d5d2d7a-88bc-4d8f-bc17-99926ca9d3cb/datanode-2/meta/datanode.id
2019-09-19 13:31:02,199 [main] INFO  ozone.HddsDatanodeService (HddsDatanodeService.java:start(184)) - HddsDatanodeService host:pr-hdds-1982-decom-states-fm625-96302961 ip:192.168.34.51
2019-09-19 13:31:02,204 [main] INFO  volume.HddsVolume (HddsVolume.java:<init>(176)) - Creating Volume: /workdir/hadoop-ozone/integration-test/target/test-dir/MiniOzoneClusterImpl-4d5d2d7a-88bc-4d8f-bc17-99926ca9d3cb/datanode-3/data/containers/hdds of  storage type : DISK and capacity : 1482555576320
2019-09-19 13:31:02,204 [main] INFO  volume.VolumeSet (VolumeSet.java:initializeVolumeSet(170)) - Added Volume : /workdir/hadoop-ozone/integration-test/target/test-dir/MiniOzoneClusterImpl-4d5d2d7a-88bc-4d8f-bc17-99926ca9d3cb/datanode-3/data/containers/hdds to VolumeSet
2019-09-19 13:31:02,204 [main] INFO  volume.ThrottledAsyncChecker (ThrottledAsyncChecker.java:schedule(139)) - Scheduling a check for org.apache.hadoop.ozone.container.common.volume.HddsVolume@147cc940
2019-09-19 13:31:02,205 [main] INFO  volume.HddsVolumeChecker (HddsVolumeChecker.java:checkAllVolumes(202)) - Scheduled health check for volume org.apache.hadoop.ozone.container.common.volume.HddsVolume@147cc940
2019-09-19 13:31:02,216 [main] INFO  impl.RaftServerProxy (ConfUtils.java:logGet(43)) - raft.rpc.type = GRPC (default)
2019-09-19 13:31:02,216 [main] INFO  grpc.GrpcFactory (GrpcFactory.java:checkPooledByteBufAllocatorUseCacheForAllThreads(45)) - PERFORMANCE WARNING: useCacheForAllThreads is true that may cause Netty to create a lot garbage objects and, as a result, trigger GC.
	It is recommended to disable useCacheForAllThreads by setting -Dorg.apache.ratis.thirdparty.io.netty.allocator.useCacheForAllThreads=false in command line.
2019-09-19 13:31:02,216 [main] INFO  grpc.GrpcConfigKeys$Server (ConfUtils.java:logGet(43)) - raft.grpc.server.port = 0 (default)
2019-09-19 13:31:02,216 [main] INFO  server.GrpcService (ConfUtils.java:logGet(43)) - raft.grpc.message.size.max = 33570816 (custom)
2019-09-19 13:31:02,217 [main] INFO  server.RaftServerConfigKeys (ConfUtils.java:logGet(43)) - raft.server.log.appender.buffer.byte-limit = 33554432 (custom)
2019-09-19 13:31:02,217 [main] INFO  server.GrpcService (ConfUtils.java:logGet(43)) - raft.grpc.flow.control.window = 1MB (=1048576) (default)
2019-09-19 13:31:02,217 [main] INFO  server.RaftServerConfigKeys (ConfUtils.java:logGet(43)) - raft.server.rpc.request.timeout = 3000ms (default)
2019-09-19 13:31:02,217 [main] INFO  server.RaftServerConfigKeys (ConfUtils.java:logGet(43)) - raft.server.storage.dir = [/workdir/hadoop-ozone/integration-test/target/test-dir/MiniOzoneClusterImpl-4d5d2d7a-88bc-4d8f-bc17-99926ca9d3cb/datanode-3/data/ratis] (custom)
2019-09-19 13:31:02,218 [main] INFO  hdfs.DFSUtil (DFSUtil.java:httpServerTemplateForNNAndJN(1641)) - Starting Web-server for hddsDatanode at: http://0.0.0.0:0
2019-09-19 13:31:02,219 [main] INFO  server.AuthenticationFilter (AuthenticationFilter.java:constructSecretProvider(240)) - Unable to initialize FileSignerSecretProvider, falling back to use random secrets.
2019-09-19 13:31:02,220 [main] WARN  http.HttpRequestLog (HttpRequestLog.java:getRequestLog(97)) - Jetty request log can only be enabled using Log4j
2019-09-19 13:31:02,221 [main] INFO  http.HttpServer2 (HttpServer2.java:addGlobalFilter(975)) - Added global filter 'safety' (class=org.apache.hadoop.http.HttpServer2$QuotingInputFilter)
2019-09-19 13:31:02,221 [main] INFO  http.HttpServer2 (HttpServer2.java:addFilter(948)) - Added filter static_user_filter (class=org.apache.hadoop.http.lib.StaticUserWebFilter$StaticUserFilter) to context hddsDatanode
2019-09-19 13:31:02,221 [main] INFO  http.HttpServer2 (HttpServer2.java:addFilter(958)) - Added filter static_user_filter (class=org.apache.hadoop.http.lib.StaticUserWebFilter$StaticUserFilter) to context static
2019-09-19 13:31:02,221 [main] INFO  http.HttpServer2 (HttpServer2.java:addFilter(958)) - Added filter static_user_filter (class=org.apache.hadoop.http.lib.StaticUserWebFilter$StaticUserFilter) to context logs
2019-09-19 13:31:02,222 [main] INFO  http.HttpServer2 (HttpServer2.java:bindListener(1191)) - Jetty bound to port 43091
2019-09-19 13:31:02,222 [main] INFO  server.Server (Server.java:doStart(351)) - jetty-9.3.24.v20180605, build timestamp: 2018-06-05T17:11:56Z, git hash: 84205aa28f11a4f31f2a3b86d1bba2cc8ab69827
2019-09-19 13:31:02,223 [main] INFO  handler.ContextHandler (ContextHandler.java:doStart(781)) - Started o.e.j.s.ServletContextHandler@255d9277{/logs,file:///workdir/hadoop-ozone/integration-test/target/log,AVAILABLE}
2019-09-19 13:31:02,223 [main] INFO  handler.ContextHandler (ContextHandler.java:doStart(781)) - Started o.e.j.s.ServletContextHandler@7e191fda{/static,jar:file:/home/user/.m2/repository/org/apache/hadoop/hadoop-hdds-container-service/0.5.0-SNAPSHOT/hadoop-hdds-container-service-0.5.0-SNAPSHOT.jar!/webapps/static,AVAILABLE}
2019-09-19 13:31:02,248 [main] INFO  handler.ContextHandler (ContextHandler.java:doStart(781)) - Started o.e.j.w.WebAppContext@9b367c8{/,file:///tmp/jetty-0.0.0.0-43091-hddsDatanode-_-any-3643905155592032503.dir/webapp/,AVAILABLE}{/hddsDatanode}
2019-09-19 13:31:02,249 [main] INFO  server.AbstractConnector (AbstractConnector.java:doStart(278)) - Started ServerConnector@34c62fdf{HTTP/1.1,[http/1.1]}{0.0.0.0:43091}
2019-09-19 13:31:02,250 [main] INFO  server.Server (Server.java:doStart(419)) - Started @586638ms
2019-09-19 13:31:02,250 [main] WARN  impl.MetricsSystemImpl (MetricsSystemImpl.java:register(276)) - Sink prometheus already exists!
2019-09-19 13:31:02,250 [main] INFO  server.BaseHttpServer (BaseHttpServer.java:updateConnectorAddress(215)) - HTTP server of HDDSDATANODE is listening at http://0.0.0.0:43091
2019-09-19 13:31:02,251 [main] INFO  impl.MetricsSystemImpl (MetricsSystemImpl.java:init(158)) - HddsDatanode metrics system started (again)
2019-09-19 13:31:02,254 [org.apache.hadoop.util.JvmPauseMonitor$Monitor@7596e47b] INFO  util.JvmPauseMonitor (JvmPauseMonitor.java:run(188)) - Starting JVM pause monitor
2019-09-19 13:31:02,254 [main] INFO  ozone.HddsDatanodeService (HddsDatanodeService.java:start(184)) - HddsDatanodeService host:pr-hdds-1982-decom-states-fm625-96302961 ip:192.168.34.51
2019-09-19 13:31:02,255 [Datanode State Machine Thread - 0] INFO  datanode.InitDatanodeState (InitDatanodeState.java:persistContainerDatanodeDetails(140)) - DatanodeDetails is persisted to /workdir/hadoop-ozone/integration-test/target/test-dir/MiniOzoneClusterImpl-4d5d2d7a-88bc-4d8f-bc17-99926ca9d3cb/datanode-3/meta/datanode.id
2019-09-19 13:31:02,259 [main] INFO  volume.HddsVolume (HddsVolume.java:<init>(176)) - Creating Volume: /workdir/hadoop-ozone/integration-test/target/test-dir/MiniOzoneClusterImpl-4d5d2d7a-88bc-4d8f-bc17-99926ca9d3cb/datanode-4/data/containers/hdds of  storage type : DISK and capacity : 1482555576320
2019-09-19 13:31:02,260 [main] INFO  volume.VolumeSet (VolumeSet.java:initializeVolumeSet(170)) - Added Volume : /workdir/hadoop-ozone/integration-test/target/test-dir/MiniOzoneClusterImpl-4d5d2d7a-88bc-4d8f-bc17-99926ca9d3cb/datanode-4/data/containers/hdds to VolumeSet
2019-09-19 13:31:02,260 [main] INFO  volume.ThrottledAsyncChecker (ThrottledAsyncChecker.java:schedule(139)) - Scheduling a check for org.apache.hadoop.ozone.container.common.volume.HddsVolume@7f0766ef
2019-09-19 13:31:02,260 [main] INFO  volume.HddsVolumeChecker (HddsVolumeChecker.java:checkAllVolumes(202)) - Scheduled health check for volume org.apache.hadoop.ozone.container.common.volume.HddsVolume@7f0766ef
2019-09-19 13:31:02,273 [main] INFO  impl.RaftServerProxy (ConfUtils.java:logGet(43)) - raft.rpc.type = GRPC (default)
2019-09-19 13:31:02,274 [main] INFO  grpc.GrpcFactory (GrpcFactory.java:checkPooledByteBufAllocatorUseCacheForAllThreads(45)) - PERFORMANCE WARNING: useCacheForAllThreads is true that may cause Netty to create a lot garbage objects and, as a result, trigger GC.
	It is recommended to disable useCacheForAllThreads by setting -Dorg.apache.ratis.thirdparty.io.netty.allocator.useCacheForAllThreads=false in command line.
2019-09-19 13:31:02,274 [main] INFO  grpc.GrpcConfigKeys$Server (ConfUtils.java:logGet(43)) - raft.grpc.server.port = 0 (default)
2019-09-19 13:31:02,274 [main] INFO  server.GrpcService (ConfUtils.java:logGet(43)) - raft.grpc.message.size.max = 33570816 (custom)
2019-09-19 13:31:02,274 [main] INFO  server.RaftServerConfigKeys (ConfUtils.java:logGet(43)) - raft.server.log.appender.buffer.byte-limit = 33554432 (custom)
2019-09-19 13:31:02,274 [main] INFO  server.GrpcService (ConfUtils.java:logGet(43)) - raft.grpc.flow.control.window = 1MB (=1048576) (default)
2019-09-19 13:31:02,274 [main] INFO  server.RaftServerConfigKeys (ConfUtils.java:logGet(43)) - raft.server.rpc.request.timeout = 3000ms (default)
2019-09-19 13:31:02,275 [main] INFO  server.RaftServerConfigKeys (ConfUtils.java:logGet(43)) - raft.server.storage.dir = [/workdir/hadoop-ozone/integration-test/target/test-dir/MiniOzoneClusterImpl-4d5d2d7a-88bc-4d8f-bc17-99926ca9d3cb/datanode-4/data/ratis] (custom)
2019-09-19 13:31:02,276 [main] INFO  hdfs.DFSUtil (DFSUtil.java:httpServerTemplateForNNAndJN(1641)) - Starting Web-server for hddsDatanode at: http://0.0.0.0:0
2019-09-19 13:31:02,277 [main] INFO  server.AuthenticationFilter (AuthenticationFilter.java:constructSecretProvider(240)) - Unable to initialize FileSignerSecretProvider, falling back to use random secrets.
2019-09-19 13:31:02,277 [main] WARN  http.HttpRequestLog (HttpRequestLog.java:getRequestLog(97)) - Jetty request log can only be enabled using Log4j
2019-09-19 13:31:02,278 [main] INFO  http.HttpServer2 (HttpServer2.java:addGlobalFilter(975)) - Added global filter 'safety' (class=org.apache.hadoop.http.HttpServer2$QuotingInputFilter)
2019-09-19 13:31:02,279 [main] INFO  http.HttpServer2 (HttpServer2.java:addFilter(948)) - Added filter static_user_filter (class=org.apache.hadoop.http.lib.StaticUserWebFilter$StaticUserFilter) to context hddsDatanode
2019-09-19 13:31:02,279 [main] INFO  http.HttpServer2 (HttpServer2.java:addFilter(958)) - Added filter static_user_filter (class=org.apache.hadoop.http.lib.StaticUserWebFilter$StaticUserFilter) to context static
2019-09-19 13:31:02,279 [main] INFO  http.HttpServer2 (HttpServer2.java:addFilter(958)) - Added filter static_user_filter (class=org.apache.hadoop.http.lib.StaticUserWebFilter$StaticUserFilter) to context logs
2019-09-19 13:31:02,279 [main] INFO  http.HttpServer2 (HttpServer2.java:bindListener(1191)) - Jetty bound to port 33584
2019-09-19 13:31:02,279 [main] INFO  server.Server (Server.java:doStart(351)) - jetty-9.3.24.v20180605, build timestamp: 2018-06-05T17:11:56Z, git hash: 84205aa28f11a4f31f2a3b86d1bba2cc8ab69827
2019-09-19 13:31:02,281 [main] INFO  handler.ContextHandler (ContextHandler.java:doStart(781)) - Started o.e.j.s.ServletContextHandler@3711c71c{/logs,file:///workdir/hadoop-ozone/integration-test/target/log,AVAILABLE}
2019-09-19 13:31:02,281 [main] INFO  handler.ContextHandler (ContextHandler.java:doStart(781)) - Started o.e.j.s.ServletContextHandler@646d810b{/static,jar:file:/home/user/.m2/repository/org/apache/hadoop/hadoop-hdds-container-service/0.5.0-SNAPSHOT/hadoop-hdds-container-service-0.5.0-SNAPSHOT.jar!/webapps/static,AVAILABLE}
2019-09-19 13:31:02,306 [main] INFO  handler.ContextHandler (ContextHandler.java:doStart(781)) - Started o.e.j.w.WebAppContext@5864e8bf{/,file:///tmp/jetty-0.0.0.0-33584-hddsDatanode-_-any-2915905150301698260.dir/webapp/,AVAILABLE}{/hddsDatanode}
2019-09-19 13:31:02,306 [main] INFO  server.AbstractConnector (AbstractConnector.java:doStart(278)) - Started ServerConnector@37ca3ca8{HTTP/1.1,[http/1.1]}{0.0.0.0:33584}
2019-09-19 13:31:02,308 [main] INFO  server.Server (Server.java:doStart(419)) - Started @586697ms
2019-09-19 13:31:02,308 [main] WARN  impl.MetricsSystemImpl (MetricsSystemImpl.java:register(276)) - Sink prometheus already exists!
2019-09-19 13:31:02,309 [main] INFO  server.BaseHttpServer (BaseHttpServer.java:updateConnectorAddress(215)) - HTTP server of HDDSDATANODE is listening at http://0.0.0.0:33584
2019-09-19 13:31:02,309 [main] INFO  impl.MetricsSystemImpl (MetricsSystemImpl.java:init(158)) - HddsDatanode metrics system started (again)
2019-09-19 13:31:02,313 [org.apache.hadoop.util.JvmPauseMonitor$Monitor@308b5e16] INFO  util.JvmPauseMonitor (JvmPauseMonitor.java:run(188)) - Starting JVM pause monitor
2019-09-19 13:31:02,314 [main] INFO  ozone.HddsDatanodeService (HddsDatanodeService.java:start(184)) - HddsDatanodeService host:pr-hdds-1982-decom-states-fm625-96302961 ip:192.168.34.51
2019-09-19 13:31:02,314 [Datanode State Machine Thread - 0] INFO  datanode.InitDatanodeState (InitDatanodeState.java:persistContainerDatanodeDetails(140)) - DatanodeDetails is persisted to /workdir/hadoop-ozone/integration-test/target/test-dir/MiniOzoneClusterImpl-4d5d2d7a-88bc-4d8f-bc17-99926ca9d3cb/datanode-4/meta/datanode.id
2019-09-19 13:31:02,319 [main] INFO  volume.HddsVolume (HddsVolume.java:<init>(176)) - Creating Volume: /workdir/hadoop-ozone/integration-test/target/test-dir/MiniOzoneClusterImpl-4d5d2d7a-88bc-4d8f-bc17-99926ca9d3cb/datanode-5/data/containers/hdds of  storage type : DISK and capacity : 1482555576320
2019-09-19 13:31:02,319 [main] INFO  volume.VolumeSet (VolumeSet.java:initializeVolumeSet(170)) - Added Volume : /workdir/hadoop-ozone/integration-test/target/test-dir/MiniOzoneClusterImpl-4d5d2d7a-88bc-4d8f-bc17-99926ca9d3cb/datanode-5/data/containers/hdds to VolumeSet
2019-09-19 13:31:02,320 [main] INFO  volume.ThrottledAsyncChecker (ThrottledAsyncChecker.java:schedule(139)) - Scheduling a check for org.apache.hadoop.ozone.container.common.volume.HddsVolume@53125718
2019-09-19 13:31:02,320 [main] INFO  volume.HddsVolumeChecker (HddsVolumeChecker.java:checkAllVolumes(202)) - Scheduled health check for volume org.apache.hadoop.ozone.container.common.volume.HddsVolume@53125718
2019-09-19 13:31:02,335 [main] INFO  impl.RaftServerProxy (ConfUtils.java:logGet(43)) - raft.rpc.type = GRPC (default)
2019-09-19 13:31:02,335 [main] INFO  grpc.GrpcFactory (GrpcFactory.java:checkPooledByteBufAllocatorUseCacheForAllThreads(45)) - PERFORMANCE WARNING: useCacheForAllThreads is true that may cause Netty to create a lot garbage objects and, as a result, trigger GC.
	It is recommended to disable useCacheForAllThreads by setting -Dorg.apache.ratis.thirdparty.io.netty.allocator.useCacheForAllThreads=false in command line.
2019-09-19 13:31:02,335 [main] INFO  grpc.GrpcConfigKeys$Server (ConfUtils.java:logGet(43)) - raft.grpc.server.port = 0 (default)
2019-09-19 13:31:02,336 [main] INFO  server.GrpcService (ConfUtils.java:logGet(43)) - raft.grpc.message.size.max = 33570816 (custom)
2019-09-19 13:31:02,336 [main] INFO  server.RaftServerConfigKeys (ConfUtils.java:logGet(43)) - raft.server.log.appender.buffer.byte-limit = 33554432 (custom)
2019-09-19 13:31:02,336 [main] INFO  server.GrpcService (ConfUtils.java:logGet(43)) - raft.grpc.flow.control.window = 1MB (=1048576) (default)
2019-09-19 13:31:02,336 [main] INFO  server.RaftServerConfigKeys (ConfUtils.java:logGet(43)) - raft.server.rpc.request.timeout = 3000ms (default)
2019-09-19 13:31:02,336 [main] INFO  server.RaftServerConfigKeys (ConfUtils.java:logGet(43)) - raft.server.storage.dir = [/workdir/hadoop-ozone/integration-test/target/test-dir/MiniOzoneClusterImpl-4d5d2d7a-88bc-4d8f-bc17-99926ca9d3cb/datanode-5/data/ratis] (custom)
2019-09-19 13:31:02,338 [main] INFO  hdfs.DFSUtil (DFSUtil.java:httpServerTemplateForNNAndJN(1641)) - Starting Web-server for hddsDatanode at: http://0.0.0.0:0
2019-09-19 13:31:02,339 [main] INFO  server.AuthenticationFilter (AuthenticationFilter.java:constructSecretProvider(240)) - Unable to initialize FileSignerSecretProvider, falling back to use random secrets.
2019-09-19 13:31:02,339 [main] WARN  http.HttpRequestLog (HttpRequestLog.java:getRequestLog(97)) - Jetty request log can only be enabled using Log4j
2019-09-19 13:31:02,340 [main] INFO  http.HttpServer2 (HttpServer2.java:addGlobalFilter(975)) - Added global filter 'safety' (class=org.apache.hadoop.http.HttpServer2$QuotingInputFilter)
2019-09-19 13:31:02,341 [main] INFO  http.HttpServer2 (HttpServer2.java:addFilter(948)) - Added filter static_user_filter (class=org.apache.hadoop.http.lib.StaticUserWebFilter$StaticUserFilter) to context hddsDatanode
2019-09-19 13:31:02,341 [main] INFO  http.HttpServer2 (HttpServer2.java:addFilter(958)) - Added filter static_user_filter (class=org.apache.hadoop.http.lib.StaticUserWebFilter$StaticUserFilter) to context logs
2019-09-19 13:31:02,341 [main] INFO  http.HttpServer2 (HttpServer2.java:addFilter(958)) - Added filter static_user_filter (class=org.apache.hadoop.http.lib.StaticUserWebFilter$StaticUserFilter) to context static
2019-09-19 13:31:02,341 [main] INFO  http.HttpServer2 (HttpServer2.java:bindListener(1191)) - Jetty bound to port 45752
2019-09-19 13:31:02,342 [main] INFO  server.Server (Server.java:doStart(351)) - jetty-9.3.24.v20180605, build timestamp: 2018-06-05T17:11:56Z, git hash: 84205aa28f11a4f31f2a3b86d1bba2cc8ab69827
2019-09-19 13:31:02,343 [main] INFO  handler.ContextHandler (ContextHandler.java:doStart(781)) - Started o.e.j.s.ServletContextHandler@4b3a01d8{/logs,file:///workdir/hadoop-ozone/integration-test/target/log,AVAILABLE}
2019-09-19 13:31:02,343 [main] INFO  handler.ContextHandler (ContextHandler.java:doStart(781)) - Started o.e.j.s.ServletContextHandler@2f4d32bf{/static,jar:file:/home/user/.m2/repository/org/apache/hadoop/hadoop-hdds-container-service/0.5.0-SNAPSHOT/hadoop-hdds-container-service-0.5.0-SNAPSHOT.jar!/webapps/static,AVAILABLE}
2019-09-19 13:31:02,369 [main] INFO  handler.ContextHandler (ContextHandler.java:doStart(781)) - Started o.e.j.w.WebAppContext@65600fb3{/,file:///tmp/jetty-0.0.0.0-45752-hddsDatanode-_-any-8925964873601409671.dir/webapp/,AVAILABLE}{/hddsDatanode}
2019-09-19 13:31:02,369 [main] INFO  server.AbstractConnector (AbstractConnector.java:doStart(278)) - Started ServerConnector@25ce435{HTTP/1.1,[http/1.1]}{0.0.0.0:45752}
2019-09-19 13:31:02,370 [main] INFO  server.Server (Server.java:doStart(419)) - Started @586758ms
2019-09-19 13:31:02,370 [main] WARN  impl.MetricsSystemImpl (MetricsSystemImpl.java:register(276)) - Sink prometheus already exists!
2019-09-19 13:31:02,371 [main] INFO  server.BaseHttpServer (BaseHttpServer.java:updateConnectorAddress(215)) - HTTP server of HDDSDATANODE is listening at http://0.0.0.0:45752
2019-09-19 13:31:02,371 [main] INFO  impl.MetricsSystemImpl (MetricsSystemImpl.java:init(158)) - HddsDatanode metrics system started (again)
2019-09-19 13:31:02,376 [org.apache.hadoop.util.JvmPauseMonitor$Monitor@5c0baed4] INFO  util.JvmPauseMonitor (JvmPauseMonitor.java:run(188)) - Starting JVM pause monitor
2019-09-19 13:31:02,376 [Datanode State Machine Thread - 0] INFO  datanode.InitDatanodeState (InitDatanodeState.java:persistContainerDatanodeDetails(140)) - DatanodeDetails is persisted to /workdir/hadoop-ozone/integration-test/target/test-dir/MiniOzoneClusterImpl-4d5d2d7a-88bc-4d8f-bc17-99926ca9d3cb/datanode-5/meta/datanode.id
2019-09-19 13:31:02,377 [main] INFO  ozone.HddsDatanodeService (HddsDatanodeService.java:start(184)) - HddsDatanodeService host:pr-hdds-1982-decom-states-fm625-96302961 ip:192.168.34.51
2019-09-19 13:31:02,382 [main] INFO  volume.HddsVolume (HddsVolume.java:<init>(176)) - Creating Volume: /workdir/hadoop-ozone/integration-test/target/test-dir/MiniOzoneClusterImpl-4d5d2d7a-88bc-4d8f-bc17-99926ca9d3cb/datanode-6/data/containers/hdds of  storage type : DISK and capacity : 1482555576320
2019-09-19 13:31:02,382 [main] INFO  volume.VolumeSet (VolumeSet.java:initializeVolumeSet(170)) - Added Volume : /workdir/hadoop-ozone/integration-test/target/test-dir/MiniOzoneClusterImpl-4d5d2d7a-88bc-4d8f-bc17-99926ca9d3cb/datanode-6/data/containers/hdds to VolumeSet
2019-09-19 13:31:02,382 [main] INFO  volume.ThrottledAsyncChecker (ThrottledAsyncChecker.java:schedule(139)) - Scheduling a check for org.apache.hadoop.ozone.container.common.volume.HddsVolume@4703c998
2019-09-19 13:31:02,383 [main] INFO  volume.HddsVolumeChecker (HddsVolumeChecker.java:checkAllVolumes(202)) - Scheduled health check for volume org.apache.hadoop.ozone.container.common.volume.HddsVolume@4703c998
2019-09-19 13:31:02,394 [main] INFO  impl.RaftServerProxy (ConfUtils.java:logGet(43)) - raft.rpc.type = GRPC (default)
2019-09-19 13:31:02,394 [main] INFO  grpc.GrpcFactory (GrpcFactory.java:checkPooledByteBufAllocatorUseCacheForAllThreads(45)) - PERFORMANCE WARNING: useCacheForAllThreads is true that may cause Netty to create a lot garbage objects and, as a result, trigger GC.
	It is recommended to disable useCacheForAllThreads by setting -Dorg.apache.ratis.thirdparty.io.netty.allocator.useCacheForAllThreads=false in command line.
2019-09-19 13:31:02,394 [main] INFO  grpc.GrpcConfigKeys$Server (ConfUtils.java:logGet(43)) - raft.grpc.server.port = 0 (default)
2019-09-19 13:31:02,394 [main] INFO  server.GrpcService (ConfUtils.java:logGet(43)) - raft.grpc.message.size.max = 33570816 (custom)
2019-09-19 13:31:02,394 [main] INFO  server.RaftServerConfigKeys (ConfUtils.java:logGet(43)) - raft.server.log.appender.buffer.byte-limit = 33554432 (custom)
2019-09-19 13:31:02,394 [main] INFO  server.GrpcService (ConfUtils.java:logGet(43)) - raft.grpc.flow.control.window = 1MB (=1048576) (default)
2019-09-19 13:31:02,395 [main] INFO  server.RaftServerConfigKeys (ConfUtils.java:logGet(43)) - raft.server.rpc.request.timeout = 3000ms (default)
2019-09-19 13:31:02,395 [main] INFO  server.RaftServerConfigKeys (ConfUtils.java:logGet(43)) - raft.server.storage.dir = [/workdir/hadoop-ozone/integration-test/target/test-dir/MiniOzoneClusterImpl-4d5d2d7a-88bc-4d8f-bc17-99926ca9d3cb/datanode-6/data/ratis] (custom)
2019-09-19 13:31:02,396 [main] INFO  hdfs.DFSUtil (DFSUtil.java:httpServerTemplateForNNAndJN(1641)) - Starting Web-server for hddsDatanode at: http://0.0.0.0:0
2019-09-19 13:31:02,397 [main] INFO  server.AuthenticationFilter (AuthenticationFilter.java:constructSecretProvider(240)) - Unable to initialize FileSignerSecretProvider, falling back to use random secrets.
2019-09-19 13:31:02,398 [main] WARN  http.HttpRequestLog (HttpRequestLog.java:getRequestLog(97)) - Jetty request log can only be enabled using Log4j
2019-09-19 13:31:02,399 [main] INFO  http.HttpServer2 (HttpServer2.java:addGlobalFilter(975)) - Added global filter 'safety' (class=org.apache.hadoop.http.HttpServer2$QuotingInputFilter)
2019-09-19 13:31:02,400 [main] INFO  http.HttpServer2 (HttpServer2.java:addFilter(948)) - Added filter static_user_filter (class=org.apache.hadoop.http.lib.StaticUserWebFilter$StaticUserFilter) to context hddsDatanode
2019-09-19 13:31:02,400 [main] INFO  http.HttpServer2 (HttpServer2.java:addFilter(958)) - Added filter static_user_filter (class=org.apache.hadoop.http.lib.StaticUserWebFilter$StaticUserFilter) to context logs
2019-09-19 13:31:02,400 [main] INFO  http.HttpServer2 (HttpServer2.java:addFilter(958)) - Added filter static_user_filter (class=org.apache.hadoop.http.lib.StaticUserWebFilter$StaticUserFilter) to context static
2019-09-19 13:31:02,401 [main] INFO  http.HttpServer2 (HttpServer2.java:bindListener(1191)) - Jetty bound to port 42575
2019-09-19 13:31:02,401 [main] INFO  server.Server (Server.java:doStart(351)) - jetty-9.3.24.v20180605, build timestamp: 2018-06-05T17:11:56Z, git hash: 84205aa28f11a4f31f2a3b86d1bba2cc8ab69827
2019-09-19 13:31:02,402 [main] INFO  handler.ContextHandler (ContextHandler.java:doStart(781)) - Started o.e.j.s.ServletContextHandler@700b9e6b{/logs,file:///workdir/hadoop-ozone/integration-test/target/log,AVAILABLE}
2019-09-19 13:31:02,402 [main] INFO  handler.ContextHandler (ContextHandler.java:doStart(781)) - Started o.e.j.s.ServletContextHandler@150fc7a7{/static,jar:file:/home/user/.m2/repository/org/apache/hadoop/hadoop-hdds-container-service/0.5.0-SNAPSHOT/hadoop-hdds-container-service-0.5.0-SNAPSHOT.jar!/webapps/static,AVAILABLE}
2019-09-19 13:31:02,429 [main] INFO  handler.ContextHandler (ContextHandler.java:doStart(781)) - Started o.e.j.w.WebAppContext@47569167{/,file:///tmp/jetty-0.0.0.0-42575-hddsDatanode-_-any-4510845531345002488.dir/webapp/,AVAILABLE}{/hddsDatanode}
2019-09-19 13:31:02,429 [main] INFO  server.AbstractConnector (AbstractConnector.java:doStart(278)) - Started ServerConnector@42d9e8d2{HTTP/1.1,[http/1.1]}{0.0.0.0:42575}
2019-09-19 13:31:02,434 [main] INFO  server.Server (Server.java:doStart(419)) - Started @586823ms
2019-09-19 13:31:02,434 [main] WARN  impl.MetricsSystemImpl (MetricsSystemImpl.java:register(276)) - Sink prometheus already exists!
2019-09-19 13:31:02,435 [main] INFO  server.BaseHttpServer (BaseHttpServer.java:updateConnectorAddress(215)) - HTTP server of HDDSDATANODE is listening at http://0.0.0.0:42575
2019-09-19 13:31:02,435 [main] INFO  ozone.MiniOzoneClusterImpl (MiniOzoneClusterImpl.java:lambda$waitForClusterToBeReady$0(145)) - Waiting for cluster to be ready. Got 0 of 7 DN Heartbeats.
2019-09-19 13:31:02,436 [org.apache.hadoop.util.JvmPauseMonitor$Monitor@7911f079] INFO  util.JvmPauseMonitor (JvmPauseMonitor.java:run(188)) - Starting JVM pause monitor
2019-09-19 13:31:02,437 [Datanode State Machine Thread - 0] INFO  datanode.InitDatanodeState (InitDatanodeState.java:persistContainerDatanodeDetails(140)) - DatanodeDetails is persisted to /workdir/hadoop-ozone/integration-test/target/test-dir/MiniOzoneClusterImpl-4d5d2d7a-88bc-4d8f-bc17-99926ca9d3cb/datanode-6/meta/datanode.id
2019-09-19 13:31:03,435 [main] INFO  ozone.MiniOzoneClusterImpl (MiniOzoneClusterImpl.java:lambda$waitForClusterToBeReady$0(145)) - Waiting for cluster to be ready. Got 0 of 7 DN Heartbeats.
2019-09-19 13:31:04,103 [Datanode State Machine Thread - 0] INFO  ozoneimpl.OzoneContainer (OzoneContainer.java:start(217)) - Attempting to start container services.
2019-09-19 13:31:04,103 [Datanode State Machine Thread - 0] INFO  ozoneimpl.OzoneContainer (OzoneContainer.java:startContainerScrub(179)) - Background container scanner has been disabled.
2019-09-19 13:31:04,103 [Datanode State Machine Thread - 0] INFO  ratis.XceiverServerRatis (XceiverServerRatis.java:start(411)) - Starting XceiverServerRatis 02509bdf-4203-447b-86d4-697b6dde9c11 at port 0
2019-09-19 13:31:04,108 [Datanode State Machine Thread - 0] INFO  impl.RaftServerProxy (RaftServerProxy.java:lambda$start$3(299)) - 02509bdf-4203-447b-86d4-697b6dde9c11: start RPC server
2019-09-19 13:31:04,110 [Datanode State Machine Thread - 0] INFO  server.GrpcService (GrpcService.java:startImpl(158)) - 02509bdf-4203-447b-86d4-697b6dde9c11: GrpcService started, listening on 0.0.0.0/0.0.0.0:45869
2019-09-19 13:31:04,110 [Datanode State Machine Thread - 0] INFO  ratis.XceiverServerRatis (XceiverServerRatis.java:start(421)) - XceiverServerRatis 02509bdf-4203-447b-86d4-697b6dde9c11 is started using port 45869
2019-09-19 13:31:04,110 [Datanode State Machine Thread - 0] INFO  server.XceiverServerGrpc (XceiverServerGrpc.java:start(163)) - XceiverServerGrpc 02509bdf-4203-447b-86d4-697b6dde9c11 is started using port 42668
2019-09-19 13:31:04,153 [Datanode State Machine Thread - 0] INFO  ozoneimpl.OzoneContainer (OzoneContainer.java:start(217)) - Attempting to start container services.
2019-09-19 13:31:04,153 [Datanode State Machine Thread - 0] INFO  ozoneimpl.OzoneContainer (OzoneContainer.java:startContainerScrub(179)) - Background container scanner has been disabled.
2019-09-19 13:31:04,154 [Datanode State Machine Thread - 0] INFO  ratis.XceiverServerRatis (XceiverServerRatis.java:start(411)) - Starting XceiverServerRatis 5a2f126f-e78b-4b68-8184-641a1e5af4bb at port 0
2019-09-19 13:31:04,158 [Datanode State Machine Thread - 0] INFO  impl.RaftServerProxy (RaftServerProxy.java:lambda$start$3(299)) - 5a2f126f-e78b-4b68-8184-641a1e5af4bb: start RPC server
2019-09-19 13:31:04,158 [Datanode State Machine Thread - 0] INFO  server.GrpcService (GrpcService.java:startImpl(158)) - 5a2f126f-e78b-4b68-8184-641a1e5af4bb: GrpcService started, listening on 0.0.0.0/0.0.0.0:33798
2019-09-19 13:31:04,158 [Datanode State Machine Thread - 0] INFO  ratis.XceiverServerRatis (XceiverServerRatis.java:start(421)) - XceiverServerRatis 5a2f126f-e78b-4b68-8184-641a1e5af4bb is started using port 33798
2019-09-19 13:31:04,159 [Datanode State Machine Thread - 0] INFO  server.XceiverServerGrpc (XceiverServerGrpc.java:start(163)) - XceiverServerGrpc 5a2f126f-e78b-4b68-8184-641a1e5af4bb is started using port 38428
2019-09-19 13:31:04,212 [Datanode State Machine Thread - 0] INFO  ozoneimpl.OzoneContainer (OzoneContainer.java:start(217)) - Attempting to start container services.
2019-09-19 13:31:04,212 [Datanode State Machine Thread - 0] INFO  ozoneimpl.OzoneContainer (OzoneContainer.java:startContainerScrub(179)) - Background container scanner has been disabled.
2019-09-19 13:31:04,212 [Datanode State Machine Thread - 0] INFO  ratis.XceiverServerRatis (XceiverServerRatis.java:start(411)) - Starting XceiverServerRatis cf9ed8b7-443d-44fc-a2c6-3bd48ab29d60 at port 0
2019-09-19 13:31:04,217 [Datanode State Machine Thread - 0] INFO  impl.RaftServerProxy (RaftServerProxy.java:lambda$start$3(299)) - cf9ed8b7-443d-44fc-a2c6-3bd48ab29d60: start RPC server
2019-09-19 13:31:04,219 [Datanode State Machine Thread - 0] INFO  server.GrpcService (GrpcService.java:startImpl(158)) - cf9ed8b7-443d-44fc-a2c6-3bd48ab29d60: GrpcService started, listening on 0.0.0.0/0.0.0.0:39386
2019-09-19 13:31:04,219 [Datanode State Machine Thread - 0] INFO  ratis.XceiverServerRatis (XceiverServerRatis.java:start(421)) - XceiverServerRatis cf9ed8b7-443d-44fc-a2c6-3bd48ab29d60 is started using port 39386
2019-09-19 13:31:04,220 [Datanode State Machine Thread - 0] INFO  server.XceiverServerGrpc (XceiverServerGrpc.java:start(163)) - XceiverServerGrpc cf9ed8b7-443d-44fc-a2c6-3bd48ab29d60 is started using port 42649
2019-09-19 13:31:04,268 [Datanode State Machine Thread - 0] INFO  ozoneimpl.OzoneContainer (OzoneContainer.java:start(217)) - Attempting to start container services.
2019-09-19 13:31:04,268 [Datanode State Machine Thread - 0] INFO  ozoneimpl.OzoneContainer (OzoneContainer.java:startContainerScrub(179)) - Background container scanner has been disabled.
2019-09-19 13:31:04,268 [Datanode State Machine Thread - 0] INFO  ratis.XceiverServerRatis (XceiverServerRatis.java:start(411)) - Starting XceiverServerRatis d0f0864f-f10e-402b-b950-9345ab4d2f6b at port 0
2019-09-19 13:31:04,272 [Datanode State Machine Thread - 0] INFO  impl.RaftServerProxy (RaftServerProxy.java:lambda$start$3(299)) - d0f0864f-f10e-402b-b950-9345ab4d2f6b: start RPC server
2019-09-19 13:31:04,273 [Datanode State Machine Thread - 0] INFO  server.GrpcService (GrpcService.java:startImpl(158)) - d0f0864f-f10e-402b-b950-9345ab4d2f6b: GrpcService started, listening on 0.0.0.0/0.0.0.0:37964
2019-09-19 13:31:04,273 [Datanode State Machine Thread - 0] INFO  ratis.XceiverServerRatis (XceiverServerRatis.java:start(421)) - XceiverServerRatis d0f0864f-f10e-402b-b950-9345ab4d2f6b is started using port 37964
2019-09-19 13:31:04,273 [Datanode State Machine Thread - 0] INFO  server.XceiverServerGrpc (XceiverServerGrpc.java:start(163)) - XceiverServerGrpc d0f0864f-f10e-402b-b950-9345ab4d2f6b is started using port 41954
2019-09-19 13:31:04,326 [Datanode State Machine Thread - 0] INFO  ozoneimpl.OzoneContainer (OzoneContainer.java:start(217)) - Attempting to start container services.
2019-09-19 13:31:04,326 [Datanode State Machine Thread - 0] INFO  ozoneimpl.OzoneContainer (OzoneContainer.java:startContainerScrub(179)) - Background container scanner has been disabled.
2019-09-19 13:31:04,327 [Datanode State Machine Thread - 0] INFO  ratis.XceiverServerRatis (XceiverServerRatis.java:start(411)) - Starting XceiverServerRatis ba204b2d-37a0-404f-91dd-7a92ee0c53b2 at port 0
2019-09-19 13:31:04,333 [Datanode State Machine Thread - 0] INFO  impl.RaftServerProxy (RaftServerProxy.java:lambda$start$3(299)) - ba204b2d-37a0-404f-91dd-7a92ee0c53b2: start RPC server
2019-09-19 13:31:04,334 [Datanode State Machine Thread - 0] INFO  server.GrpcService (GrpcService.java:startImpl(158)) - ba204b2d-37a0-404f-91dd-7a92ee0c53b2: GrpcService started, listening on 0.0.0.0/0.0.0.0:33948
2019-09-19 13:31:04,334 [Datanode State Machine Thread - 0] INFO  ratis.XceiverServerRatis (XceiverServerRatis.java:start(421)) - XceiverServerRatis ba204b2d-37a0-404f-91dd-7a92ee0c53b2 is started using port 33948
2019-09-19 13:31:04,334 [Datanode State Machine Thread - 0] INFO  server.XceiverServerGrpc (XceiverServerGrpc.java:start(163)) - XceiverServerGrpc ba204b2d-37a0-404f-91dd-7a92ee0c53b2 is started using port 42475
2019-09-19 13:31:04,390 [Datanode State Machine Thread - 0] INFO  ozoneimpl.OzoneContainer (OzoneContainer.java:start(217)) - Attempting to start container services.
2019-09-19 13:31:04,390 [Datanode State Machine Thread - 0] INFO  ozoneimpl.OzoneContainer (OzoneContainer.java:startContainerScrub(179)) - Background container scanner has been disabled.
2019-09-19 13:31:04,390 [Datanode State Machine Thread - 0] INFO  ratis.XceiverServerRatis (XceiverServerRatis.java:start(411)) - Starting XceiverServerRatis e9b4aebe-416b-4a6e-b639-511f332e30a8 at port 0
2019-09-19 13:31:04,396 [Datanode State Machine Thread - 0] INFO  impl.RaftServerProxy (RaftServerProxy.java:lambda$start$3(299)) - e9b4aebe-416b-4a6e-b639-511f332e30a8: start RPC server
2019-09-19 13:31:04,396 [Datanode State Machine Thread - 0] INFO  server.GrpcService (GrpcService.java:startImpl(158)) - e9b4aebe-416b-4a6e-b639-511f332e30a8: GrpcService started, listening on 0.0.0.0/0.0.0.0:45698
2019-09-19 13:31:04,396 [Datanode State Machine Thread - 0] INFO  ratis.XceiverServerRatis (XceiverServerRatis.java:start(421)) - XceiverServerRatis e9b4aebe-416b-4a6e-b639-511f332e30a8 is started using port 45698
2019-09-19 13:31:04,398 [Datanode State Machine Thread - 0] INFO  server.XceiverServerGrpc (XceiverServerGrpc.java:start(163)) - XceiverServerGrpc e9b4aebe-416b-4a6e-b639-511f332e30a8 is started using port 44785
2019-09-19 13:31:04,436 [main] INFO  ozone.MiniOzoneClusterImpl (MiniOzoneClusterImpl.java:lambda$waitForClusterToBeReady$0(145)) - Waiting for cluster to be ready. Got 0 of 7 DN Heartbeats.
2019-09-19 13:31:04,450 [Datanode State Machine Thread - 0] INFO  ozoneimpl.OzoneContainer (OzoneContainer.java:start(217)) - Attempting to start container services.
2019-09-19 13:31:04,450 [Datanode State Machine Thread - 0] INFO  ozoneimpl.OzoneContainer (OzoneContainer.java:startContainerScrub(179)) - Background container scanner has been disabled.
2019-09-19 13:31:04,450 [Datanode State Machine Thread - 0] INFO  ratis.XceiverServerRatis (XceiverServerRatis.java:start(411)) - Starting XceiverServerRatis 0a0d37aa-ff90-4935-8d48-c839ac7b3aa9 at port 0
2019-09-19 13:31:04,456 [Datanode State Machine Thread - 0] INFO  impl.RaftServerProxy (RaftServerProxy.java:lambda$start$3(299)) - 0a0d37aa-ff90-4935-8d48-c839ac7b3aa9: start RPC server
2019-09-19 13:31:04,459 [Datanode State Machine Thread - 0] INFO  server.GrpcService (GrpcService.java:startImpl(158)) - 0a0d37aa-ff90-4935-8d48-c839ac7b3aa9: GrpcService started, listening on 0.0.0.0/0.0.0.0:39232
2019-09-19 13:31:04,459 [Datanode State Machine Thread - 0] INFO  ratis.XceiverServerRatis (XceiverServerRatis.java:start(421)) - XceiverServerRatis 0a0d37aa-ff90-4935-8d48-c839ac7b3aa9 is started using port 39232
2019-09-19 13:31:04,460 [Datanode State Machine Thread - 0] INFO  server.XceiverServerGrpc (XceiverServerGrpc.java:start(163)) - XceiverServerGrpc 0a0d37aa-ff90-4935-8d48-c839ac7b3aa9 is started using port 35108
2019-09-19 13:31:05,437 [main] INFO  ozone.MiniOzoneClusterImpl (MiniOzoneClusterImpl.java:lambda$waitForClusterToBeReady$0(145)) - Waiting for cluster to be ready. Got 0 of 7 DN Heartbeats.
2019-09-19 13:31:06,083 [IPC Server handler 0 on 45244] INFO  net.NetworkTopology (NetworkTopologyImpl.java:add(111)) - Added a new node: /default-rack/02509bdf-4203-447b-86d4-697b6dde9c11
2019-09-19 13:31:06,085 [IPC Server handler 0 on 45244] INFO  node.SCMNodeManager (SCMNodeManager.java:register(300)) - Registered Data node : 02509bdf-4203-447b-86d4-697b6dde9c11{ip: 192.168.34.51, host: pr-hdds-1982-decom-states-fm625-96302961, networkLocation: /default-rack, certSerialId: null}
2019-09-19 13:31:06,085 [EventQueue-NodeRegistrationContainerReportForDataNodeSafeModeRule] INFO  safemode.SCMSafeModeManager (DataNodeSafeModeRule.java:process(71)) - SCM in safe mode. 1 DataNodes registered, 1 required.
2019-09-19 13:31:06,087 [EventQueue-NodeRegistrationContainerReportForDataNodeSafeModeRule] INFO  safemode.SCMSafeModeManager (SCMSafeModeManager.java:validateSafeModeExitRules(177)) - ScmSafeModeManager, all rules are successfully validated
2019-09-19 13:31:06,087 [EventQueue-NodeRegistrationContainerReportForDataNodeSafeModeRule] INFO  safemode.SCMSafeModeManager (SCMSafeModeManager.java:exitSafeMode(193)) - SCM exiting safe mode.
2019-09-19 13:31:06,097 [grpc-default-executor-3] INFO  impl.RaftServerProxy (RaftServerProxy.java:addNew(89)) - 02509bdf-4203-447b-86d4-697b6dde9c11: addNew group-F784D89509C5:[02509bdf-4203-447b-86d4-697b6dde9c11:192.168.34.51:45869] returns group-F784D89509C5:java.util.concurrent.CompletableFuture@6f38afa1[Not completed]
2019-09-19 13:31:06,098 [pool-409-thread-1] INFO  impl.RaftServerImpl (RaftServerImpl.java:<init>(95)) - 02509bdf-4203-447b-86d4-697b6dde9c11: new RaftServerImpl for group-F784D89509C5:[02509bdf-4203-447b-86d4-697b6dde9c11:192.168.34.51:45869] with ContainerStateMachine:uninitialized
2019-09-19 13:31:06,098 [pool-409-thread-1] INFO  server.RaftServerConfigKeys (ConfUtils.java:logGet(43)) - raft.server.rpc.timeout.min = 5s (custom)
2019-09-19 13:31:06,098 [pool-409-thread-1] INFO  server.RaftServerConfigKeys (ConfUtils.java:logGet(43)) - raft.server.rpc.timeout.max = 5200ms (custom)
2019-09-19 13:31:06,098 [pool-409-thread-1] INFO  server.RaftServerConfigKeys (ConfUtils.java:logGet(43)) - raft.server.rpcslowness.timeout = 120s (custom)
2019-09-19 13:31:06,098 [pool-409-thread-1] INFO  server.RaftServerConfigKeys (ConfUtils.java:logGet(43)) - raft.server.sleep.deviation.threshold = 300 (default)
2019-09-19 13:31:06,099 [pool-409-thread-1] INFO  server.RaftServerConfigKeys (ConfUtils.java:logGet(43)) - raft.server.log.appender.install.snapshot.enabled = false (custom)
2019-09-19 13:31:06,099 [pool-409-thread-1] INFO  impl.RaftServerImpl (ServerState.java:<init>(103)) - 02509bdf-4203-447b-86d4-697b6dde9c11@group-F784D89509C5: ConfigurationManager, init=-1: [02509bdf-4203-447b-86d4-697b6dde9c11:192.168.34.51:45869], old=null, confs=<EMPTY_MAP>
2019-09-19 13:31:06,099 [pool-409-thread-1] INFO  server.RaftServerConfigKeys (ConfUtils.java:logGet(43)) - raft.server.storage.dir = [/workdir/hadoop-ozone/integration-test/target/test-dir/MiniOzoneClusterImpl-4d5d2d7a-88bc-4d8f-bc17-99926ca9d3cb/datanode-0/data/ratis] (custom)
2019-09-19 13:31:06,099 [pool-409-thread-1] INFO  storage.RaftStorageDirectory (RaftStorageDirectory.java:analyzeStorage(246)) - The storage directory /workdir/hadoop-ozone/integration-test/target/test-dir/MiniOzoneClusterImpl-4d5d2d7a-88bc-4d8f-bc17-99926ca9d3cb/datanode-0/data/ratis/257fa37d-1321-4f16-b953-f784d89509c5 does not exist. Creating ...
2019-09-19 13:31:06,103 [pool-409-thread-1] INFO  storage.RaftStorageDirectory (RaftStorageDirectory.java:tryLock(328)) - Lock on /workdir/hadoop-ozone/integration-test/target/test-dir/MiniOzoneClusterImpl-4d5d2d7a-88bc-4d8f-bc17-99926ca9d3cb/datanode-0/data/ratis/257fa37d-1321-4f16-b953-f784d89509c5/in_use.lock acquired by nodename 4818@pr-hdds-1982-decom-states-fm625-96302961
2019-09-19 13:31:06,118 [pool-409-thread-1] INFO  storage.RaftStorage (RaftStorage.java:format(72)) - Storage directory /workdir/hadoop-ozone/integration-test/target/test-dir/MiniOzoneClusterImpl-4d5d2d7a-88bc-4d8f-bc17-99926ca9d3cb/datanode-0/data/ratis/257fa37d-1321-4f16-b953-f784d89509c5 has been successfully formatted.
2019-09-19 13:31:06,118 [pool-409-thread-1] INFO  ratis.ContainerStateMachine (ContainerStateMachine.java:loadSnapshot(230)) - group-F784D89509C5: The snapshot info is null. Setting the last applied indexto:(t:0, i:~)
2019-09-19 13:31:06,119 [pool-409-thread-1] INFO  server.RaftServerConfigKeys (ConfUtils.java:logGet(43)) - raft.server.notification.no-leader.timeout = 120s (custom)
2019-09-19 13:31:06,119 [pool-409-thread-1] INFO  server.RaftServerConfigKeys (ConfUtils.java:logGet(43)) - raft.server.log.use.memory = false (default)
2019-09-19 13:31:06,119 [pool-409-thread-1] INFO  server.RaftServerConfigKeys (ConfUtils.java:logGet(43)) - raft.server.log.purge.gap = 1000000 (custom)
2019-09-19 13:31:06,119 [pool-409-thread-1] INFO  server.RaftServerConfigKeys (ConfUtils.java:logGet(43)) - raft.server.log.appender.buffer.byte-limit = 33554432 (custom)
2019-09-19 13:31:06,119 [pool-409-thread-1] INFO  server.RaftServerConfigKeys (ConfUtils.java:logGet(43)) - raft.server.log.segment.size.max = 1048576 (custom)
2019-09-19 13:31:06,119 [pool-409-thread-1] INFO  server.RaftServerConfigKeys (ConfUtils.java:logGet(43)) - raft.server.log.segment.cache.num.max = 2 (custom)
2019-09-19 13:31:06,119 [pool-409-thread-1] INFO  segmented.SegmentedRaftLogWorker (SegmentedRaftLogWorker.java:<init>(172)) - new 02509bdf-4203-447b-86d4-697b6dde9c11@group-F784D89509C5-SegmentedRaftLogWorker for RaftStorage:Storage Directory /workdir/hadoop-ozone/integration-test/target/test-dir/MiniOzoneClusterImpl-4d5d2d7a-88bc-4d8f-bc17-99926ca9d3cb/datanode-0/data/ratis/257fa37d-1321-4f16-b953-f784d89509c5
2019-09-19 13:31:06,121 [pool-409-thread-1] INFO  server.RaftServerConfigKeys (ConfUtils.java:logGet(43)) - raft.server.log.queue.byte-limit = 2147483647 (custom)
2019-09-19 13:31:06,122 [pool-409-thread-1] INFO  server.RaftServerConfigKeys (ConfUtils.java:logGet(43)) - raft.server.log.queue.element-limit = 1024 (custom)
2019-09-19 13:31:06,122 [pool-409-thread-1] INFO  server.RaftServerConfigKeys (ConfUtils.java:logGet(43)) - raft.server.log.segment.size.max = 1048576 (custom)
2019-09-19 13:31:06,122 [pool-409-thread-1] INFO  server.RaftServerConfigKeys (ConfUtils.java:logGet(43)) - raft.server.log.preallocated.size = 16384 (custom)
2019-09-19 13:31:06,122 [pool-409-thread-1] INFO  server.RaftServerConfigKeys (ConfUtils.java:logGet(43)) - raft.server.log.write.buffer.size = 33554432 (custom)
2019-09-19 13:31:06,122 [pool-409-thread-1] INFO  server.RaftServerConfigKeys (ConfUtils.java:logGet(43)) - raft.server.log.force.sync.num = 128 (default)
2019-09-19 13:31:06,122 [pool-409-thread-1] INFO  server.RaftServerConfigKeys (ConfUtils.java:logGet(43)) - raft.server.log.statemachine.data.sync = true (default)
2019-09-19 13:31:06,122 [pool-409-thread-1] INFO  server.RaftServerConfigKeys (ConfUtils.java:logGet(43)) - raft.server.log.statemachine.data.sync.timeout = 10s (default)
2019-09-19 13:31:06,123 [pool-409-thread-1] INFO  server.RaftServerConfigKeys (ConfUtils.java:logGet(43)) - raft.server.log.statemachine.data.sync.timeout.retry = -1 (default)
2019-09-19 13:31:06,123 [pool-409-thread-1] INFO  server.RaftServerConfigKeys (ConfUtils.java:logGet(43)) - raft.server.log.statemachine.data.caching.enabled = true (custom)
2019-09-19 13:31:06,123 [pool-409-thread-1] INFO  segmented.SegmentedRaftLogWorker (SegmentedRaftLogWorker.java:lambda$new$0(132)) - 02509bdf-4203-447b-86d4-697b6dde9c11@group-F784D89509C5-SegmentedRaftLogWorker: flushIndex: setUnconditionally 0 -> -1
2019-09-19 13:31:06,123 [pool-409-thread-1] INFO  server.RaftServerConfigKeys (ConfUtils.java:logGet(43)) - raft.server.snapshot.auto.trigger.enabled = true (custom)
2019-09-19 13:31:06,124 [pool-409-thread-1] INFO  server.RaftServerConfigKeys (ConfUtils.java:logGet(43)) - raft.server.snapshot.auto.trigger.threshold = 10000 (custom)
2019-09-19 13:31:06,124 [pool-409-thread-1] INFO  server.RaftServerConfigKeys (ConfUtils.java:logGet(43)) - raft.server.snapshot.retention.num.files = 5 (custom)
2019-09-19 13:31:06,124 [pool-409-thread-1] INFO  server.RaftServerConfigKeys (ConfUtils.java:logGet(43)) - raft.server.retrycache.expirytime = 600000ms (custom)
2019-09-19 13:31:06,126 [pool-409-thread-1] INFO  impl.RaftServerImpl (RaftServerImpl.java:start(185)) - 02509bdf-4203-447b-86d4-697b6dde9c11@group-F784D89509C5: start as a follower, conf=-1: [02509bdf-4203-447b-86d4-697b6dde9c11:192.168.34.51:45869], old=null
2019-09-19 13:31:06,126 [pool-409-thread-1] INFO  impl.RaftServerImpl (RaftServerImpl.java:setRole(174)) - 02509bdf-4203-447b-86d4-697b6dde9c11@group-F784D89509C5: changes role from      null to FOLLOWER at term 0 for startAsFollower
2019-09-19 13:31:06,126 [pool-409-thread-1] INFO  impl.RoleInfo (RoleInfo.java:updateAndGet(143)) - 02509bdf-4203-447b-86d4-697b6dde9c11: start FollowerState
2019-09-19 13:31:06,126 [pool-409-thread-1] INFO  util.JmxRegister (JmxRegister.java:tryRegister(44)) - Successfully registered JMX Bean with object name Ratis:service=RaftServer,group=group-F784D89509C5,id=02509bdf-4203-447b-86d4-697b6dde9c11
2019-09-19 13:31:06,129 [RatisPipelineUtilsThread] INFO  pipeline.PipelineStateManager (PipelineStateManager.java:addPipeline(56)) - Created pipeline Pipeline[ Id: 257fa37d-1321-4f16-b953-f784d89509c5, Nodes: 02509bdf-4203-447b-86d4-697b6dde9c11{ip: 192.168.34.51, host: pr-hdds-1982-decom-states-fm625-96302961, networkLocation: /default-rack, certSerialId: null}, Type:RATIS, Factor:ONE, State:OPEN]
2019-09-19 13:31:06,139 [IPC Server handler 2 on 45244] INFO  net.NetworkTopology (NetworkTopologyImpl.java:add(111)) - Added a new node: /default-rack/5a2f126f-e78b-4b68-8184-641a1e5af4bb
2019-09-19 13:31:06,139 [IPC Server handler 2 on 45244] INFO  node.SCMNodeManager (SCMNodeManager.java:register(300)) - Registered Data node : 5a2f126f-e78b-4b68-8184-641a1e5af4bb{ip: 192.168.34.51, host: pr-hdds-1982-decom-states-fm625-96302961, networkLocation: /default-rack, certSerialId: null}
2019-09-19 13:31:06,148 [grpc-default-executor-3] INFO  impl.RaftServerProxy (RaftServerProxy.java:addNew(89)) - 5a2f126f-e78b-4b68-8184-641a1e5af4bb: addNew group-3CFFB85635A4:[5a2f126f-e78b-4b68-8184-641a1e5af4bb:192.168.34.51:33798] returns group-3CFFB85635A4:java.util.concurrent.CompletableFuture@2ec7638b[Not completed]
2019-09-19 13:31:06,149 [pool-419-thread-1] INFO  impl.RaftServerImpl (RaftServerImpl.java:<init>(95)) - 5a2f126f-e78b-4b68-8184-641a1e5af4bb: new RaftServerImpl for group-3CFFB85635A4:[5a2f126f-e78b-4b68-8184-641a1e5af4bb:192.168.34.51:33798] with ContainerStateMachine:uninitialized
2019-09-19 13:31:06,149 [pool-419-thread-1] INFO  server.RaftServerConfigKeys (ConfUtils.java:logGet(43)) - raft.server.rpc.timeout.min = 5s (custom)
2019-09-19 13:31:06,149 [pool-419-thread-1] INFO  server.RaftServerConfigKeys (ConfUtils.java:logGet(43)) - raft.server.rpc.timeout.max = 5200ms (custom)
2019-09-19 13:31:06,149 [pool-419-thread-1] INFO  server.RaftServerConfigKeys (ConfUtils.java:logGet(43)) - raft.server.rpcslowness.timeout = 120s (custom)
2019-09-19 13:31:06,149 [pool-419-thread-1] INFO  server.RaftServerConfigKeys (ConfUtils.java:logGet(43)) - raft.server.sleep.deviation.threshold = 300 (default)
2019-09-19 13:31:06,149 [pool-419-thread-1] INFO  server.RaftServerConfigKeys (ConfUtils.java:logGet(43)) - raft.server.log.appender.install.snapshot.enabled = false (custom)
2019-09-19 13:31:06,149 [pool-419-thread-1] INFO  impl.RaftServerImpl (ServerState.java:<init>(103)) - 5a2f126f-e78b-4b68-8184-641a1e5af4bb@group-3CFFB85635A4: ConfigurationManager, init=-1: [5a2f126f-e78b-4b68-8184-641a1e5af4bb:192.168.34.51:33798], old=null, confs=<EMPTY_MAP>
2019-09-19 13:31:06,149 [pool-419-thread-1] INFO  server.RaftServerConfigKeys (ConfUtils.java:logGet(43)) - raft.server.storage.dir = [/workdir/hadoop-ozone/integration-test/target/test-dir/MiniOzoneClusterImpl-4d5d2d7a-88bc-4d8f-bc17-99926ca9d3cb/datanode-1/data/ratis] (custom)
2019-09-19 13:31:06,149 [pool-419-thread-1] INFO  storage.RaftStorageDirectory (RaftStorageDirectory.java:analyzeStorage(246)) - The storage directory /workdir/hadoop-ozone/integration-test/target/test-dir/MiniOzoneClusterImpl-4d5d2d7a-88bc-4d8f-bc17-99926ca9d3cb/datanode-1/data/ratis/fbeaa8f7-64b0-472d-91b0-3cffb85635a4 does not exist. Creating ...
2019-09-19 13:31:06,162 [pool-419-thread-1] INFO  storage.RaftStorageDirectory (RaftStorageDirectory.java:tryLock(328)) - Lock on /workdir/hadoop-ozone/integration-test/target/test-dir/MiniOzoneClusterImpl-4d5d2d7a-88bc-4d8f-bc17-99926ca9d3cb/datanode-1/data/ratis/fbeaa8f7-64b0-472d-91b0-3cffb85635a4/in_use.lock acquired by nodename 4818@pr-hdds-1982-decom-states-fm625-96302961
2019-09-19 13:31:06,175 [pool-419-thread-1] INFO  storage.RaftStorage (RaftStorage.java:format(72)) - Storage directory /workdir/hadoop-ozone/integration-test/target/test-dir/MiniOzoneClusterImpl-4d5d2d7a-88bc-4d8f-bc17-99926ca9d3cb/datanode-1/data/ratis/fbeaa8f7-64b0-472d-91b0-3cffb85635a4 has been successfully formatted.
2019-09-19 13:31:06,175 [pool-419-thread-1] INFO  ratis.ContainerStateMachine (ContainerStateMachine.java:loadSnapshot(230)) - group-3CFFB85635A4: The snapshot info is null. Setting the last applied indexto:(t:0, i:~)
2019-09-19 13:31:06,176 [pool-419-thread-1] INFO  server.RaftServerConfigKeys (ConfUtils.java:logGet(43)) - raft.server.notification.no-leader.timeout = 120s (custom)
2019-09-19 13:31:06,176 [pool-419-thread-1] INFO  server.RaftServerConfigKeys (ConfUtils.java:logGet(43)) - raft.server.log.use.memory = false (default)
2019-09-19 13:31:06,176 [pool-419-thread-1] INFO  server.RaftServerConfigKeys (ConfUtils.java:logGet(43)) - raft.server.log.purge.gap = 1000000 (custom)
2019-09-19 13:31:06,176 [pool-419-thread-1] INFO  server.RaftServerConfigKeys (ConfUtils.java:logGet(43)) - raft.server.log.appender.buffer.byte-limit = 33554432 (custom)
2019-09-19 13:31:06,176 [pool-419-thread-1] INFO  server.RaftServerConfigKeys (ConfUtils.java:logGet(43)) - raft.server.log.segment.size.max = 1048576 (custom)
2019-09-19 13:31:06,176 [pool-419-thread-1] INFO  server.RaftServerConfigKeys (ConfUtils.java:logGet(43)) - raft.server.log.segment.cache.num.max = 2 (custom)
2019-09-19 13:31:06,176 [pool-419-thread-1] INFO  segmented.SegmentedRaftLogWorker (SegmentedRaftLogWorker.java:<init>(172)) - new 5a2f126f-e78b-4b68-8184-641a1e5af4bb@group-3CFFB85635A4-SegmentedRaftLogWorker for RaftStorage:Storage Directory /workdir/hadoop-ozone/integration-test/target/test-dir/MiniOzoneClusterImpl-4d5d2d7a-88bc-4d8f-bc17-99926ca9d3cb/datanode-1/data/ratis/fbeaa8f7-64b0-472d-91b0-3cffb85635a4
2019-09-19 13:31:06,178 [pool-419-thread-1] INFO  server.RaftServerConfigKeys (ConfUtils.java:logGet(43)) - raft.server.log.queue.byte-limit = 2147483647 (custom)
2019-09-19 13:31:06,178 [pool-419-thread-1] INFO  server.RaftServerConfigKeys (ConfUtils.java:logGet(43)) - raft.server.log.queue.element-limit = 1024 (custom)
2019-09-19 13:31:06,178 [pool-419-thread-1] INFO  server.RaftServerConfigKeys (ConfUtils.java:logGet(43)) - raft.server.log.segment.size.max = 1048576 (custom)
2019-09-19 13:31:06,178 [pool-419-thread-1] INFO  server.RaftServerConfigKeys (ConfUtils.java:logGet(43)) - raft.server.log.preallocated.size = 16384 (custom)
2019-09-19 13:31:06,178 [pool-419-thread-1] INFO  server.RaftServerConfigKeys (ConfUtils.java:logGet(43)) - raft.server.log.write.buffer.size = 33554432 (custom)
2019-09-19 13:31:06,179 [pool-419-thread-1] INFO  server.RaftServerConfigKeys (ConfUtils.java:logGet(43)) - raft.server.log.force.sync.num = 128 (default)
2019-09-19 13:31:06,179 [pool-419-thread-1] INFO  server.RaftServerConfigKeys (ConfUtils.java:logGet(43)) - raft.server.log.statemachine.data.sync = true (default)
2019-09-19 13:31:06,179 [pool-419-thread-1] INFO  server.RaftServerConfigKeys (ConfUtils.java:logGet(43)) - raft.server.log.statemachine.data.sync.timeout = 10s (default)
2019-09-19 13:31:06,179 [pool-419-thread-1] INFO  server.RaftServerConfigKeys (ConfUtils.java:logGet(43)) - raft.server.log.statemachine.data.sync.timeout.retry = -1 (default)
2019-09-19 13:31:06,179 [pool-419-thread-1] INFO  server.RaftServerConfigKeys (ConfUtils.java:logGet(43)) - raft.server.log.statemachine.data.caching.enabled = true (custom)
2019-09-19 13:31:06,179 [pool-419-thread-1] INFO  segmented.SegmentedRaftLogWorker (SegmentedRaftLogWorker.java:lambda$new$0(132)) - 5a2f126f-e78b-4b68-8184-641a1e5af4bb@group-3CFFB85635A4-SegmentedRaftLogWorker: flushIndex: setUnconditionally 0 -> -1
2019-09-19 13:31:06,179 [pool-419-thread-1] INFO  server.RaftServerConfigKeys (ConfUtils.java:logGet(43)) - raft.server.snapshot.auto.trigger.enabled = true (custom)
2019-09-19 13:31:06,180 [pool-419-thread-1] INFO  server.RaftServerConfigKeys (ConfUtils.java:logGet(43)) - raft.server.snapshot.auto.trigger.threshold = 10000 (custom)
2019-09-19 13:31:06,180 [pool-419-thread-1] INFO  server.RaftServerConfigKeys (ConfUtils.java:logGet(43)) - raft.server.snapshot.retention.num.files = 5 (custom)
2019-09-19 13:31:06,180 [pool-419-thread-1] INFO  server.RaftServerConfigKeys (ConfUtils.java:logGet(43)) - raft.server.retrycache.expirytime = 600000ms (custom)
2019-09-19 13:31:06,181 [pool-419-thread-1] INFO  impl.RaftServerImpl (RaftServerImpl.java:start(185)) - 5a2f126f-e78b-4b68-8184-641a1e5af4bb@group-3CFFB85635A4: start as a follower, conf=-1: [5a2f126f-e78b-4b68-8184-641a1e5af4bb:192.168.34.51:33798], old=null
2019-09-19 13:31:06,181 [pool-419-thread-1] INFO  impl.RaftServerImpl (RaftServerImpl.java:setRole(174)) - 5a2f126f-e78b-4b68-8184-641a1e5af4bb@group-3CFFB85635A4: changes role from      null to FOLLOWER at term 0 for startAsFollower
2019-09-19 13:31:06,181 [pool-419-thread-1] INFO  impl.RoleInfo (RoleInfo.java:updateAndGet(143)) - 5a2f126f-e78b-4b68-8184-641a1e5af4bb: start FollowerState
2019-09-19 13:31:06,181 [pool-419-thread-1] INFO  util.JmxRegister (JmxRegister.java:tryRegister(44)) - Successfully registered JMX Bean with object name Ratis:service=RaftServer,group=group-3CFFB85635A4,id=5a2f126f-e78b-4b68-8184-641a1e5af4bb
2019-09-19 13:31:06,183 [RatisPipelineUtilsThread] INFO  pipeline.PipelineStateManager (PipelineStateManager.java:addPipeline(56)) - Created pipeline Pipeline[ Id: fbeaa8f7-64b0-472d-91b0-3cffb85635a4, Nodes: 5a2f126f-e78b-4b68-8184-641a1e5af4bb{ip: 192.168.34.51, host: pr-hdds-1982-decom-states-fm625-96302961, networkLocation: /default-rack, certSerialId: null}, Type:RATIS, Factor:ONE, State:OPEN]
2019-09-19 13:31:06,199 [IPC Server handler 4 on 45244] INFO  net.NetworkTopology (NetworkTopologyImpl.java:add(111)) - Added a new node: /default-rack/cf9ed8b7-443d-44fc-a2c6-3bd48ab29d60
2019-09-19 13:31:06,199 [IPC Server handler 4 on 45244] INFO  node.SCMNodeManager (SCMNodeManager.java:register(300)) - Registered Data node : cf9ed8b7-443d-44fc-a2c6-3bd48ab29d60{ip: 192.168.34.51, host: pr-hdds-1982-decom-states-fm625-96302961, networkLocation: /default-rack, certSerialId: null}
2019-09-19 13:31:06,206 [grpc-default-executor-3] INFO  impl.RaftServerProxy (RaftServerProxy.java:addNew(89)) - cf9ed8b7-443d-44fc-a2c6-3bd48ab29d60: addNew group-B8DF3D965B4F:[cf9ed8b7-443d-44fc-a2c6-3bd48ab29d60:192.168.34.51:39386] returns group-B8DF3D965B4F:java.util.concurrent.CompletableFuture@363b9462[Not completed]
2019-09-19 13:31:06,207 [pool-429-thread-1] INFO  impl.RaftServerImpl (RaftServerImpl.java:<init>(95)) - cf9ed8b7-443d-44fc-a2c6-3bd48ab29d60: new RaftServerImpl for group-B8DF3D965B4F:[cf9ed8b7-443d-44fc-a2c6-3bd48ab29d60:192.168.34.51:39386] with ContainerStateMachine:uninitialized
2019-09-19 13:31:06,207 [pool-429-thread-1] INFO  server.RaftServerConfigKeys (ConfUtils.java:logGet(43)) - raft.server.rpc.timeout.min = 5s (custom)
2019-09-19 13:31:06,207 [pool-429-thread-1] INFO  server.RaftServerConfigKeys (ConfUtils.java:logGet(43)) - raft.server.rpc.timeout.max = 5200ms (custom)
2019-09-19 13:31:06,207 [pool-429-thread-1] INFO  server.RaftServerConfigKeys (ConfUtils.java:logGet(43)) - raft.server.rpcslowness.timeout = 120s (custom)
2019-09-19 13:31:06,207 [pool-429-thread-1] INFO  server.RaftServerConfigKeys (ConfUtils.java:logGet(43)) - raft.server.sleep.deviation.threshold = 300 (default)
2019-09-19 13:31:06,207 [pool-429-thread-1] INFO  server.RaftServerConfigKeys (ConfUtils.java:logGet(43)) - raft.server.log.appender.install.snapshot.enabled = false (custom)
2019-09-19 13:31:06,207 [pool-429-thread-1] INFO  impl.RaftServerImpl (ServerState.java:<init>(103)) - cf9ed8b7-443d-44fc-a2c6-3bd48ab29d60@group-B8DF3D965B4F: ConfigurationManager, init=-1: [cf9ed8b7-443d-44fc-a2c6-3bd48ab29d60:192.168.34.51:39386], old=null, confs=<EMPTY_MAP>
2019-09-19 13:31:06,207 [pool-429-thread-1] INFO  server.RaftServerConfigKeys (ConfUtils.java:logGet(43)) - raft.server.storage.dir = [/workdir/hadoop-ozone/integration-test/target/test-dir/MiniOzoneClusterImpl-4d5d2d7a-88bc-4d8f-bc17-99926ca9d3cb/datanode-2/data/ratis] (custom)
2019-09-19 13:31:06,208 [pool-429-thread-1] INFO  storage.RaftStorageDirectory (RaftStorageDirectory.java:analyzeStorage(246)) - The storage directory /workdir/hadoop-ozone/integration-test/target/test-dir/MiniOzoneClusterImpl-4d5d2d7a-88bc-4d8f-bc17-99926ca9d3cb/datanode-2/data/ratis/a6a2e82b-68e9-44a8-9828-b8df3d965b4f does not exist. Creating ...
2019-09-19 13:31:06,220 [pool-429-thread-1] INFO  storage.RaftStorageDirectory (RaftStorageDirectory.java:tryLock(328)) - Lock on /workdir/hadoop-ozone/integration-test/target/test-dir/MiniOzoneClusterImpl-4d5d2d7a-88bc-4d8f-bc17-99926ca9d3cb/datanode-2/data/ratis/a6a2e82b-68e9-44a8-9828-b8df3d965b4f/in_use.lock acquired by nodename 4818@pr-hdds-1982-decom-states-fm625-96302961
2019-09-19 13:31:06,235 [pool-429-thread-1] INFO  storage.RaftStorage (RaftStorage.java:format(72)) - Storage directory /workdir/hadoop-ozone/integration-test/target/test-dir/MiniOzoneClusterImpl-4d5d2d7a-88bc-4d8f-bc17-99926ca9d3cb/datanode-2/data/ratis/a6a2e82b-68e9-44a8-9828-b8df3d965b4f has been successfully formatted.
2019-09-19 13:31:06,235 [pool-429-thread-1] INFO  ratis.ContainerStateMachine (ContainerStateMachine.java:loadSnapshot(230)) - group-B8DF3D965B4F: The snapshot info is null. Setting the last applied indexto:(t:0, i:~)
2019-09-19 13:31:06,235 [pool-429-thread-1] INFO  server.RaftServerConfigKeys (ConfUtils.java:logGet(43)) - raft.server.notification.no-leader.timeout = 120s (custom)
2019-09-19 13:31:06,235 [pool-429-thread-1] INFO  server.RaftServerConfigKeys (ConfUtils.java:logGet(43)) - raft.server.log.use.memory = false (default)
2019-09-19 13:31:06,236 [pool-429-thread-1] INFO  server.RaftServerConfigKeys (ConfUtils.java:logGet(43)) - raft.server.log.purge.gap = 1000000 (custom)
2019-09-19 13:31:06,236 [pool-429-thread-1] INFO  server.RaftServerConfigKeys (ConfUtils.java:logGet(43)) - raft.server.log.appender.buffer.byte-limit = 33554432 (custom)
2019-09-19 13:31:06,236 [pool-429-thread-1] INFO  server.RaftServerConfigKeys (ConfUtils.java:logGet(43)) - raft.server.log.segment.size.max = 1048576 (custom)
2019-09-19 13:31:06,236 [pool-429-thread-1] INFO  server.RaftServerConfigKeys (ConfUtils.java:logGet(43)) - raft.server.log.segment.cache.num.max = 2 (custom)
2019-09-19 13:31:06,237 [pool-429-thread-1] INFO  segmented.SegmentedRaftLogWorker (SegmentedRaftLogWorker.java:<init>(172)) - new cf9ed8b7-443d-44fc-a2c6-3bd48ab29d60@group-B8DF3D965B4F-SegmentedRaftLogWorker for RaftStorage:Storage Directory /workdir/hadoop-ozone/integration-test/target/test-dir/MiniOzoneClusterImpl-4d5d2d7a-88bc-4d8f-bc17-99926ca9d3cb/datanode-2/data/ratis/a6a2e82b-68e9-44a8-9828-b8df3d965b4f
2019-09-19 13:31:06,239 [pool-429-thread-1] INFO  server.RaftServerConfigKeys (ConfUtils.java:logGet(43)) - raft.server.log.queue.byte-limit = 2147483647 (custom)
2019-09-19 13:31:06,239 [pool-429-thread-1] INFO  server.RaftServerConfigKeys (ConfUtils.java:logGet(43)) - raft.server.log.queue.element-limit = 1024 (custom)
2019-09-19 13:31:06,240 [pool-429-thread-1] INFO  server.RaftServerConfigKeys (ConfUtils.java:logGet(43)) - raft.server.log.segment.size.max = 1048576 (custom)
2019-09-19 13:31:06,240 [pool-429-thread-1] INFO  server.RaftServerConfigKeys (ConfUtils.java:logGet(43)) - raft.server.log.preallocated.size = 16384 (custom)
2019-09-19 13:31:06,240 [pool-429-thread-1] INFO  server.RaftServerConfigKeys (ConfUtils.java:logGet(43)) - raft.server.log.write.buffer.size = 33554432 (custom)
2019-09-19 13:31:06,240 [pool-429-thread-1] INFO  server.RaftServerConfigKeys (ConfUtils.java:logGet(43)) - raft.server.log.force.sync.num = 128 (default)
2019-09-19 13:31:06,241 [pool-429-thread-1] INFO  server.RaftServerConfigKeys (ConfUtils.java:logGet(43)) - raft.server.log.statemachine.data.sync = true (default)
2019-09-19 13:31:06,241 [pool-429-thread-1] INFO  server.RaftServerConfigKeys (ConfUtils.java:logGet(43)) - raft.server.log.statemachine.data.sync.timeout = 10s (default)
2019-09-19 13:31:06,241 [pool-429-thread-1] INFO  server.RaftServerConfigKeys (ConfUtils.java:logGet(43)) - raft.server.log.statemachine.data.sync.timeout.retry = -1 (default)
2019-09-19 13:31:06,241 [pool-429-thread-1] INFO  server.RaftServerConfigKeys (ConfUtils.java:logGet(43)) - raft.server.log.statemachine.data.caching.enabled = true (custom)
2019-09-19 13:31:06,242 [pool-429-thread-1] INFO  segmented.SegmentedRaftLogWorker (SegmentedRaftLogWorker.java:lambda$new$0(132)) - cf9ed8b7-443d-44fc-a2c6-3bd48ab29d60@group-B8DF3D965B4F-SegmentedRaftLogWorker: flushIndex: setUnconditionally 0 -> -1
2019-09-19 13:31:06,244 [pool-429-thread-1] INFO  server.RaftServerConfigKeys (ConfUtils.java:logGet(43)) - raft.server.snapshot.auto.trigger.enabled = true (custom)
2019-09-19 13:31:06,244 [pool-429-thread-1] INFO  server.RaftServerConfigKeys (ConfUtils.java:logGet(43)) - raft.server.snapshot.auto.trigger.threshold = 10000 (custom)
2019-09-19 13:31:06,245 [pool-429-thread-1] INFO  server.RaftServerConfigKeys (ConfUtils.java:logGet(43)) - raft.server.snapshot.retention.num.files = 5 (custom)
2019-09-19 13:31:06,245 [pool-429-thread-1] INFO  server.RaftServerConfigKeys (ConfUtils.java:logGet(43)) - raft.server.retrycache.expirytime = 600000ms (custom)
2019-09-19 13:31:06,248 [pool-429-thread-1] INFO  impl.RaftServerImpl (RaftServerImpl.java:start(185)) - cf9ed8b7-443d-44fc-a2c6-3bd48ab29d60@group-B8DF3D965B4F: start as a follower, conf=-1: [cf9ed8b7-443d-44fc-a2c6-3bd48ab29d60:192.168.34.51:39386], old=null
2019-09-19 13:31:06,248 [pool-429-thread-1] INFO  impl.RaftServerImpl (RaftServerImpl.java:setRole(174)) - cf9ed8b7-443d-44fc-a2c6-3bd48ab29d60@group-B8DF3D965B4F: changes role from      null to FOLLOWER at term 0 for startAsFollower
2019-09-19 13:31:06,249 [pool-429-thread-1] INFO  impl.RoleInfo (RoleInfo.java:updateAndGet(143)) - cf9ed8b7-443d-44fc-a2c6-3bd48ab29d60: start FollowerState
2019-09-19 13:31:06,249 [pool-429-thread-1] INFO  util.JmxRegister (JmxRegister.java:tryRegister(44)) - Successfully registered JMX Bean with object name Ratis:service=RaftServer,group=group-B8DF3D965B4F,id=cf9ed8b7-443d-44fc-a2c6-3bd48ab29d60
2019-09-19 13:31:06,252 [RatisPipelineUtilsThread] INFO  pipeline.PipelineStateManager (PipelineStateManager.java:addPipeline(56)) - Created pipeline Pipeline[ Id: a6a2e82b-68e9-44a8-9828-b8df3d965b4f, Nodes: cf9ed8b7-443d-44fc-a2c6-3bd48ab29d60{ip: 192.168.34.51, host: pr-hdds-1982-decom-states-fm625-96302961, networkLocation: /default-rack, certSerialId: null}, Type:RATIS, Factor:ONE, State:OPEN]
2019-09-19 13:31:06,265 [IPC Server handler 5 on 45244] INFO  net.NetworkTopology (NetworkTopologyImpl.java:add(111)) - Added a new node: /default-rack/d0f0864f-f10e-402b-b950-9345ab4d2f6b
2019-09-19 13:31:06,265 [IPC Server handler 5 on 45244] INFO  node.SCMNodeManager (SCMNodeManager.java:register(300)) - Registered Data node : d0f0864f-f10e-402b-b950-9345ab4d2f6b{ip: 192.168.34.51, host: pr-hdds-1982-decom-states-fm625-96302961, networkLocation: /default-rack, certSerialId: null}
2019-09-19 13:31:06,275 [grpc-default-executor-6] INFO  impl.RaftServerProxy (RaftServerProxy.java:addNew(89)) - 02509bdf-4203-447b-86d4-697b6dde9c11: addNew group-C2834C3F6D12:[02509bdf-4203-447b-86d4-697b6dde9c11:192.168.34.51:45869, 5a2f126f-e78b-4b68-8184-641a1e5af4bb:192.168.34.51:33798, cf9ed8b7-443d-44fc-a2c6-3bd48ab29d60:192.168.34.51:39386] returns group-C2834C3F6D12:java.util.concurrent.CompletableFuture@411b8990[Not completed]
2019-09-19 13:31:06,276 [grpc-default-executor-4] INFO  impl.RaftServerProxy (RaftServerProxy.java:addNew(89)) - cf9ed8b7-443d-44fc-a2c6-3bd48ab29d60: addNew group-C2834C3F6D12:[02509bdf-4203-447b-86d4-697b6dde9c11:192.168.34.51:45869, 5a2f126f-e78b-4b68-8184-641a1e5af4bb:192.168.34.51:33798, cf9ed8b7-443d-44fc-a2c6-3bd48ab29d60:192.168.34.51:39386] returns group-C2834C3F6D12:java.util.concurrent.CompletableFuture@9a494e4[Not completed]
2019-09-19 13:31:06,277 [grpc-default-executor-6] INFO  impl.RaftServerProxy (RaftServerProxy.java:addNew(89)) - 5a2f126f-e78b-4b68-8184-641a1e5af4bb: addNew group-C2834C3F6D12:[02509bdf-4203-447b-86d4-697b6dde9c11:192.168.34.51:45869, 5a2f126f-e78b-4b68-8184-641a1e5af4bb:192.168.34.51:33798, cf9ed8b7-443d-44fc-a2c6-3bd48ab29d60:192.168.34.51:39386] returns group-C2834C3F6D12:java.util.concurrent.CompletableFuture@4524156b[Not completed]
2019-09-19 13:31:06,277 [pool-409-thread-1] INFO  impl.RaftServerImpl (RaftServerImpl.java:<init>(95)) - 02509bdf-4203-447b-86d4-697b6dde9c11: new RaftServerImpl for group-C2834C3F6D12:[02509bdf-4203-447b-86d4-697b6dde9c11:192.168.34.51:45869, 5a2f126f-e78b-4b68-8184-641a1e5af4bb:192.168.34.51:33798, cf9ed8b7-443d-44fc-a2c6-3bd48ab29d60:192.168.34.51:39386] with ContainerStateMachine:uninitialized
2019-09-19 13:31:06,277 [pool-409-thread-1] INFO  server.RaftServerConfigKeys (ConfUtils.java:logGet(43)) - raft.server.rpc.timeout.min = 5s (custom)
2019-09-19 13:31:06,277 [pool-409-thread-1] INFO  server.RaftServerConfigKeys (ConfUtils.java:logGet(43)) - raft.server.rpc.timeout.max = 5200ms (custom)
2019-09-19 13:31:06,277 [pool-409-thread-1] INFO  server.RaftServerConfigKeys (ConfUtils.java:logGet(43)) - raft.server.rpcslowness.timeout = 120s (custom)
2019-09-19 13:31:06,277 [pool-409-thread-1] INFO  server.RaftServerConfigKeys (ConfUtils.java:logGet(43)) - raft.server.sleep.deviation.threshold = 300 (default)
2019-09-19 13:31:06,277 [pool-429-thread-1] INFO  impl.RaftServerImpl (RaftServerImpl.java:<init>(95)) - cf9ed8b7-443d-44fc-a2c6-3bd48ab29d60: new RaftServerImpl for group-C2834C3F6D12:[02509bdf-4203-447b-86d4-697b6dde9c11:192.168.34.51:45869, 5a2f126f-e78b-4b68-8184-641a1e5af4bb:192.168.34.51:33798, cf9ed8b7-443d-44fc-a2c6-3bd48ab29d60:192.168.34.51:39386] with ContainerStateMachine:uninitialized
2019-09-19 13:31:06,277 [pool-409-thread-1] INFO  server.RaftServerConfigKeys (ConfUtils.java:logGet(43)) - raft.server.log.appender.install.snapshot.enabled = false (custom)
2019-09-19 13:31:06,278 [pool-429-thread-1] INFO  server.RaftServerConfigKeys (ConfUtils.java:logGet(43)) - raft.server.rpc.timeout.min = 5s (custom)
2019-09-19 13:31:06,278 [pool-409-thread-1] INFO  impl.RaftServerImpl (ServerState.java:<init>(103)) - 02509bdf-4203-447b-86d4-697b6dde9c11@group-C2834C3F6D12: ConfigurationManager, init=-1: [02509bdf-4203-447b-86d4-697b6dde9c11:192.168.34.51:45869, 5a2f126f-e78b-4b68-8184-641a1e5af4bb:192.168.34.51:33798, cf9ed8b7-443d-44fc-a2c6-3bd48ab29d60:192.168.34.51:39386], old=null, confs=<EMPTY_MAP>
2019-09-19 13:31:06,278 [pool-429-thread-1] INFO  server.RaftServerConfigKeys (ConfUtils.java:logGet(43)) - raft.server.rpc.timeout.max = 5200ms (custom)
2019-09-19 13:31:06,278 [pool-409-thread-1] INFO  server.RaftServerConfigKeys (ConfUtils.java:logGet(43)) - raft.server.storage.dir = [/workdir/hadoop-ozone/integration-test/target/test-dir/MiniOzoneClusterImpl-4d5d2d7a-88bc-4d8f-bc17-99926ca9d3cb/datanode-0/data/ratis] (custom)
2019-09-19 13:31:06,278 [pool-429-thread-1] INFO  server.RaftServerConfigKeys (ConfUtils.java:logGet(43)) - raft.server.rpcslowness.timeout = 120s (custom)
2019-09-19 13:31:06,278 [pool-429-thread-1] INFO  server.RaftServerConfigKeys (ConfUtils.java:logGet(43)) - raft.server.sleep.deviation.threshold = 300 (default)
2019-09-19 13:31:06,278 [pool-429-thread-1] INFO  server.RaftServerConfigKeys (ConfUtils.java:logGet(43)) - raft.server.log.appender.install.snapshot.enabled = false (custom)
2019-09-19 13:31:06,278 [pool-409-thread-1] INFO  storage.RaftStorageDirectory (RaftStorageDirectory.java:analyzeStorage(246)) - The storage directory /workdir/hadoop-ozone/integration-test/target/test-dir/MiniOzoneClusterImpl-4d5d2d7a-88bc-4d8f-bc17-99926ca9d3cb/datanode-0/data/ratis/d33dd535-1d59-4d7d-bfd8-c2834c3f6d12 does not exist. Creating ...
2019-09-19 13:31:06,278 [pool-429-thread-1] INFO  impl.RaftServerImpl (ServerState.java:<init>(103)) - cf9ed8b7-443d-44fc-a2c6-3bd48ab29d60@group-C2834C3F6D12: ConfigurationManager, init=-1: [02509bdf-4203-447b-86d4-697b6dde9c11:192.168.34.51:45869, 5a2f126f-e78b-4b68-8184-641a1e5af4bb:192.168.34.51:33798, cf9ed8b7-443d-44fc-a2c6-3bd48ab29d60:192.168.34.51:39386], old=null, confs=<EMPTY_MAP>
2019-09-19 13:31:06,278 [pool-419-thread-1] INFO  impl.RaftServerImpl (RaftServerImpl.java:<init>(95)) - 5a2f126f-e78b-4b68-8184-641a1e5af4bb: new RaftServerImpl for group-C2834C3F6D12:[02509bdf-4203-447b-86d4-697b6dde9c11:192.168.34.51:45869, 5a2f126f-e78b-4b68-8184-641a1e5af4bb:192.168.34.51:33798, cf9ed8b7-443d-44fc-a2c6-3bd48ab29d60:192.168.34.51:39386] with ContainerStateMachine:uninitialized
2019-09-19 13:31:06,278 [pool-429-thread-1] INFO  server.RaftServerConfigKeys (ConfUtils.java:logGet(43)) - raft.server.storage.dir = [/workdir/hadoop-ozone/integration-test/target/test-dir/MiniOzoneClusterImpl-4d5d2d7a-88bc-4d8f-bc17-99926ca9d3cb/datanode-2/data/ratis] (custom)
2019-09-19 13:31:06,278 [pool-419-thread-1] INFO  server.RaftServerConfigKeys (ConfUtils.java:logGet(43)) - raft.server.rpc.timeout.min = 5s (custom)
2019-09-19 13:31:06,279 [pool-429-thread-1] INFO  storage.RaftStorageDirectory (RaftStorageDirectory.java:analyzeStorage(246)) - The storage directory /workdir/hadoop-ozone/integration-test/target/test-dir/MiniOzoneClusterImpl-4d5d2d7a-88bc-4d8f-bc17-99926ca9d3cb/datanode-2/data/ratis/d33dd535-1d59-4d7d-bfd8-c2834c3f6d12 does not exist. Creating ...
2019-09-19 13:31:06,279 [pool-419-thread-1] INFO  server.RaftServerConfigKeys (ConfUtils.java:logGet(43)) - raft.server.rpc.timeout.max = 5200ms (custom)
2019-09-19 13:31:06,279 [pool-419-thread-1] INFO  server.RaftServerConfigKeys (ConfUtils.java:logGet(43)) - raft.server.rpcslowness.timeout = 120s (custom)
2019-09-19 13:31:06,279 [pool-419-thread-1] INFO  server.RaftServerConfigKeys (ConfUtils.java:logGet(43)) - raft.server.sleep.deviation.threshold = 300 (default)
2019-09-19 13:31:06,279 [pool-419-thread-1] INFO  server.RaftServerConfigKeys (ConfUtils.java:logGet(43)) - raft.server.log.appender.install.snapshot.enabled = false (custom)
2019-09-19 13:31:06,279 [pool-419-thread-1] INFO  impl.RaftServerImpl (ServerState.java:<init>(103)) - 5a2f126f-e78b-4b68-8184-641a1e5af4bb@group-C2834C3F6D12: ConfigurationManager, init=-1: [02509bdf-4203-447b-86d4-697b6dde9c11:192.168.34.51:45869, 5a2f126f-e78b-4b68-8184-641a1e5af4bb:192.168.34.51:33798, cf9ed8b7-443d-44fc-a2c6-3bd48ab29d60:192.168.34.51:39386], old=null, confs=<EMPTY_MAP>
2019-09-19 13:31:06,280 [pool-419-thread-1] INFO  server.RaftServerConfigKeys (ConfUtils.java:logGet(43)) - raft.server.storage.dir = [/workdir/hadoop-ozone/integration-test/target/test-dir/MiniOzoneClusterImpl-4d5d2d7a-88bc-4d8f-bc17-99926ca9d3cb/datanode-1/data/ratis] (custom)
2019-09-19 13:31:06,280 [pool-419-thread-1] INFO  storage.RaftStorageDirectory (RaftStorageDirectory.java:analyzeStorage(246)) - The storage directory /workdir/hadoop-ozone/integration-test/target/test-dir/MiniOzoneClusterImpl-4d5d2d7a-88bc-4d8f-bc17-99926ca9d3cb/datanode-1/data/ratis/d33dd535-1d59-4d7d-bfd8-c2834c3f6d12 does not exist. Creating ...
2019-09-19 13:31:06,292 [pool-419-thread-1] INFO  storage.RaftStorageDirectory (RaftStorageDirectory.java:tryLock(328)) - Lock on /workdir/hadoop-ozone/integration-test/target/test-dir/MiniOzoneClusterImpl-4d5d2d7a-88bc-4d8f-bc17-99926ca9d3cb/datanode-1/data/ratis/d33dd535-1d59-4d7d-bfd8-c2834c3f6d12/in_use.lock acquired by nodename 4818@pr-hdds-1982-decom-states-fm625-96302961
2019-09-19 13:31:06,292 [pool-429-thread-1] INFO  storage.RaftStorageDirectory (RaftStorageDirectory.java:tryLock(328)) - Lock on /workdir/hadoop-ozone/integration-test/target/test-dir/MiniOzoneClusterImpl-4d5d2d7a-88bc-4d8f-bc17-99926ca9d3cb/datanode-2/data/ratis/d33dd535-1d59-4d7d-bfd8-c2834c3f6d12/in_use.lock acquired by nodename 4818@pr-hdds-1982-decom-states-fm625-96302961
2019-09-19 13:31:06,292 [pool-409-thread-1] INFO  storage.RaftStorageDirectory (RaftStorageDirectory.java:tryLock(328)) - Lock on /workdir/hadoop-ozone/integration-test/target/test-dir/MiniOzoneClusterImpl-4d5d2d7a-88bc-4d8f-bc17-99926ca9d3cb/datanode-0/data/ratis/d33dd535-1d59-4d7d-bfd8-c2834c3f6d12/in_use.lock acquired by nodename 4818@pr-hdds-1982-decom-states-fm625-96302961
2019-09-19 13:31:06,305 [pool-419-thread-1] INFO  storage.RaftStorage (RaftStorage.java:format(72)) - Storage directory /workdir/hadoop-ozone/integration-test/target/test-dir/MiniOzoneClusterImpl-4d5d2d7a-88bc-4d8f-bc17-99926ca9d3cb/datanode-1/data/ratis/d33dd535-1d59-4d7d-bfd8-c2834c3f6d12 has been successfully formatted.
2019-09-19 13:31:06,305 [pool-409-thread-1] INFO  storage.RaftStorage (RaftStorage.java:format(72)) - Storage directory /workdir/hadoop-ozone/integration-test/target/test-dir/MiniOzoneClusterImpl-4d5d2d7a-88bc-4d8f-bc17-99926ca9d3cb/datanode-0/data/ratis/d33dd535-1d59-4d7d-bfd8-c2834c3f6d12 has been successfully formatted.
2019-09-19 13:31:06,305 [pool-429-thread-1] INFO  storage.RaftStorage (RaftStorage.java:format(72)) - Storage directory /workdir/hadoop-ozone/integration-test/target/test-dir/MiniOzoneClusterImpl-4d5d2d7a-88bc-4d8f-bc17-99926ca9d3cb/datanode-2/data/ratis/d33dd535-1d59-4d7d-bfd8-c2834c3f6d12 has been successfully formatted.
2019-09-19 13:31:06,305 [pool-419-thread-1] INFO  ratis.ContainerStateMachine (ContainerStateMachine.java:loadSnapshot(230)) - group-C2834C3F6D12: The snapshot info is null. Setting the last applied indexto:(t:0, i:~)
2019-09-19 13:31:06,305 [pool-429-thread-1] INFO  ratis.ContainerStateMachine (ContainerStateMachine.java:loadSnapshot(230)) - group-C2834C3F6D12: The snapshot info is null. Setting the last applied indexto:(t:0, i:~)
2019-09-19 13:31:06,305 [pool-409-thread-1] INFO  ratis.ContainerStateMachine (ContainerStateMachine.java:loadSnapshot(230)) - group-C2834C3F6D12: The snapshot info is null. Setting the last applied indexto:(t:0, i:~)
2019-09-19 13:31:06,306 [pool-429-thread-1] INFO  server.RaftServerConfigKeys (ConfUtils.java:logGet(43)) - raft.server.notification.no-leader.timeout = 120s (custom)
2019-09-19 13:31:06,306 [pool-419-thread-1] INFO  server.RaftServerConfigKeys (ConfUtils.java:logGet(43)) - raft.server.notification.no-leader.timeout = 120s (custom)
2019-09-19 13:31:06,306 [pool-429-thread-1] INFO  server.RaftServerConfigKeys (ConfUtils.java:logGet(43)) - raft.server.log.use.memory = false (default)
2019-09-19 13:31:06,306 [pool-409-thread-1] INFO  server.RaftServerConfigKeys (ConfUtils.java:logGet(43)) - raft.server.notification.no-leader.timeout = 120s (custom)
2019-09-19 13:31:06,306 [pool-429-thread-1] INFO  server.RaftServerConfigKeys (ConfUtils.java:logGet(43)) - raft.server.log.purge.gap = 1000000 (custom)
2019-09-19 13:31:06,306 [pool-419-thread-1] INFO  server.RaftServerConfigKeys (ConfUtils.java:logGet(43)) - raft.server.log.use.memory = false (default)
2019-09-19 13:31:06,306 [pool-429-thread-1] INFO  server.RaftServerConfigKeys (ConfUtils.java:logGet(43)) - raft.server.log.appender.buffer.byte-limit = 33554432 (custom)
2019-09-19 13:31:06,306 [pool-409-thread-1] INFO  server.RaftServerConfigKeys (ConfUtils.java:logGet(43)) - raft.server.log.use.memory = false (default)
2019-09-19 13:31:06,307 [pool-429-thread-1] INFO  server.RaftServerConfigKeys (ConfUtils.java:logGet(43)) - raft.server.log.segment.size.max = 1048576 (custom)
2019-09-19 13:31:06,306 [pool-419-thread-1] INFO  server.RaftServerConfigKeys (ConfUtils.java:logGet(43)) - raft.server.log.purge.gap = 1000000 (custom)
2019-09-19 13:31:06,307 [pool-429-thread-1] INFO  server.RaftServerConfigKeys (ConfUtils.java:logGet(43)) - raft.server.log.segment.cache.num.max = 2 (custom)
2019-09-19 13:31:06,307 [pool-409-thread-1] INFO  server.RaftServerConfigKeys (ConfUtils.java:logGet(43)) - raft.server.log.purge.gap = 1000000 (custom)
2019-09-19 13:31:06,307 [pool-429-thread-1] INFO  segmented.SegmentedRaftLogWorker (SegmentedRaftLogWorker.java:<init>(172)) - new cf9ed8b7-443d-44fc-a2c6-3bd48ab29d60@group-C2834C3F6D12-SegmentedRaftLogWorker for RaftStorage:Storage Directory /workdir/hadoop-ozone/integration-test/target/test-dir/MiniOzoneClusterImpl-4d5d2d7a-88bc-4d8f-bc17-99926ca9d3cb/datanode-2/data/ratis/d33dd535-1d59-4d7d-bfd8-c2834c3f6d12
2019-09-19 13:31:06,307 [pool-419-thread-1] INFO  server.RaftServerConfigKeys (ConfUtils.java:logGet(43)) - raft.server.log.appender.buffer.byte-limit = 33554432 (custom)
2019-09-19 13:31:06,307 [pool-429-thread-1] INFO  server.RaftServerConfigKeys (ConfUtils.java:logGet(43)) - raft.server.log.queue.byte-limit = 2147483647 (custom)
2019-09-19 13:31:06,307 [pool-409-thread-1] INFO  server.RaftServerConfigKeys (ConfUtils.java:logGet(43)) - raft.server.log.appender.buffer.byte-limit = 33554432 (custom)
2019-09-19 13:31:06,307 [pool-429-thread-1] INFO  server.RaftServerConfigKeys (ConfUtils.java:logGet(43)) - raft.server.log.queue.element-limit = 1024 (custom)
2019-09-19 13:31:06,307 [pool-419-thread-1] INFO  server.RaftServerConfigKeys (ConfUtils.java:logGet(43)) - raft.server.log.segment.size.max = 1048576 (custom)
2019-09-19 13:31:06,308 [pool-429-thread-1] INFO  server.RaftServerConfigKeys (ConfUtils.java:logGet(43)) - raft.server.log.segment.size.max = 1048576 (custom)
2019-09-19 13:31:06,308 [pool-429-thread-1] INFO  server.RaftServerConfigKeys (ConfUtils.java:logGet(43)) - raft.server.log.preallocated.size = 16384 (custom)
2019-09-19 13:31:06,307 [pool-409-thread-1] INFO  server.RaftServerConfigKeys (ConfUtils.java:logGet(43)) - raft.server.log.segment.size.max = 1048576 (custom)
2019-09-19 13:31:06,308 [pool-429-thread-1] INFO  server.RaftServerConfigKeys (ConfUtils.java:logGet(43)) - raft.server.log.write.buffer.size = 33554432 (custom)
2019-09-19 13:31:06,308 [pool-419-thread-1] INFO  server.RaftServerConfigKeys (ConfUtils.java:logGet(43)) - raft.server.log.segment.cache.num.max = 2 (custom)
2019-09-19 13:31:06,308 [pool-429-thread-1] INFO  server.RaftServerConfigKeys (ConfUtils.java:logGet(43)) - raft.server.log.force.sync.num = 128 (default)
2019-09-19 13:31:06,308 [pool-409-thread-1] INFO  server.RaftServerConfigKeys (ConfUtils.java:logGet(43)) - raft.server.log.segment.cache.num.max = 2 (custom)
2019-09-19 13:31:06,308 [pool-429-thread-1] INFO  server.RaftServerConfigKeys (ConfUtils.java:logGet(43)) - raft.server.log.statemachine.data.sync = true (default)
2019-09-19 13:31:06,308 [pool-419-thread-1] INFO  segmented.SegmentedRaftLogWorker (SegmentedRaftLogWorker.java:<init>(172)) - new 5a2f126f-e78b-4b68-8184-641a1e5af4bb@group-C2834C3F6D12-SegmentedRaftLogWorker for RaftStorage:Storage Directory /workdir/hadoop-ozone/integration-test/target/test-dir/MiniOzoneClusterImpl-4d5d2d7a-88bc-4d8f-bc17-99926ca9d3cb/datanode-1/data/ratis/d33dd535-1d59-4d7d-bfd8-c2834c3f6d12
2019-09-19 13:31:06,309 [pool-429-thread-1] INFO  server.RaftServerConfigKeys (ConfUtils.java:logGet(43)) - raft.server.log.statemachine.data.sync.timeout = 10s (default)
2019-09-19 13:31:06,309 [pool-409-thread-1] INFO  segmented.SegmentedRaftLogWorker (SegmentedRaftLogWorker.java:<init>(172)) - new 02509bdf-4203-447b-86d4-697b6dde9c11@group-C2834C3F6D12-SegmentedRaftLogWorker for RaftStorage:Storage Directory /workdir/hadoop-ozone/integration-test/target/test-dir/MiniOzoneClusterImpl-4d5d2d7a-88bc-4d8f-bc17-99926ca9d3cb/datanode-0/data/ratis/d33dd535-1d59-4d7d-bfd8-c2834c3f6d12
2019-09-19 13:31:06,309 [pool-429-thread-1] INFO  server.RaftServerConfigKeys (ConfUtils.java:logGet(43)) - raft.server.log.statemachine.data.sync.timeout.retry = -1 (default)
2019-09-19 13:31:06,309 [pool-419-thread-1] INFO  server.RaftServerConfigKeys (ConfUtils.java:logGet(43)) - raft.server.log.queue.byte-limit = 2147483647 (custom)
2019-09-19 13:31:06,309 [pool-429-thread-1] INFO  server.RaftServerConfigKeys (ConfUtils.java:logGet(43)) - raft.server.log.statemachine.data.caching.enabled = true (custom)
2019-09-19 13:31:06,309 [pool-409-thread-1] INFO  server.RaftServerConfigKeys (ConfUtils.java:logGet(43)) - raft.server.log.queue.byte-limit = 2147483647 (custom)
2019-09-19 13:31:06,309 [pool-419-thread-1] INFO  server.RaftServerConfigKeys (ConfUtils.java:logGet(43)) - raft.server.log.queue.element-limit = 1024 (custom)
2019-09-19 13:31:06,310 [pool-429-thread-1] INFO  segmented.SegmentedRaftLogWorker (SegmentedRaftLogWorker.java:lambda$new$0(132)) - cf9ed8b7-443d-44fc-a2c6-3bd48ab29d60@group-C2834C3F6D12-SegmentedRaftLogWorker: flushIndex: setUnconditionally 0 -> -1
2019-09-19 13:31:06,310 [pool-419-thread-1] INFO  server.RaftServerConfigKeys (ConfUtils.java:logGet(43)) - raft.server.log.segment.size.max = 1048576 (custom)
2019-09-19 13:31:06,310 [pool-429-thread-1] INFO  server.RaftServerConfigKeys (ConfUtils.java:logGet(43)) - raft.server.snapshot.auto.trigger.enabled = true (custom)
2019-09-19 13:31:06,310 [pool-409-thread-1] INFO  server.RaftServerConfigKeys (ConfUtils.java:logGet(43)) - raft.server.log.queue.element-limit = 1024 (custom)
2019-09-19 13:31:06,310 [pool-429-thread-1] INFO  server.RaftServerConfigKeys (ConfUtils.java:logGet(43)) - raft.server.snapshot.auto.trigger.threshold = 10000 (custom)
2019-09-19 13:31:06,310 [pool-419-thread-1] INFO  server.RaftServerConfigKeys (ConfUtils.java:logGet(43)) - raft.server.log.preallocated.size = 16384 (custom)
2019-09-19 13:31:06,310 [pool-429-thread-1] INFO  server.RaftServerConfigKeys (ConfUtils.java:logGet(43)) - raft.server.snapshot.retention.num.files = 5 (custom)
2019-09-19 13:31:06,310 [pool-409-thread-1] INFO  server.RaftServerConfigKeys (ConfUtils.java:logGet(43)) - raft.server.log.segment.size.max = 1048576 (custom)
2019-09-19 13:31:06,310 [pool-429-thread-1] INFO  server.RaftServerConfigKeys (ConfUtils.java:logGet(43)) - raft.server.retrycache.expirytime = 600000ms (custom)
2019-09-19 13:31:06,310 [pool-419-thread-1] INFO  server.RaftServerConfigKeys (ConfUtils.java:logGet(43)) - raft.server.log.write.buffer.size = 33554432 (custom)
2019-09-19 13:31:06,311 [pool-409-thread-1] INFO  server.RaftServerConfigKeys (ConfUtils.java:logGet(43)) - raft.server.log.preallocated.size = 16384 (custom)
2019-09-19 13:31:06,311 [pool-419-thread-1] INFO  server.RaftServerConfigKeys (ConfUtils.java:logGet(43)) - raft.server.log.force.sync.num = 128 (default)
2019-09-19 13:31:06,311 [pool-409-thread-1] INFO  server.RaftServerConfigKeys (ConfUtils.java:logGet(43)) - raft.server.log.write.buffer.size = 33554432 (custom)
2019-09-19 13:31:06,311 [pool-419-thread-1] INFO  server.RaftServerConfigKeys (ConfUtils.java:logGet(43)) - raft.server.log.statemachine.data.sync = true (default)
2019-09-19 13:31:06,311 [pool-409-thread-1] INFO  server.RaftServerConfigKeys (ConfUtils.java:logGet(43)) - raft.server.log.force.sync.num = 128 (default)
2019-09-19 13:31:06,311 [pool-419-thread-1] INFO  server.RaftServerConfigKeys (ConfUtils.java:logGet(43)) - raft.server.log.statemachine.data.sync.timeout = 10s (default)
2019-09-19 13:31:06,311 [pool-409-thread-1] INFO  server.RaftServerConfigKeys (ConfUtils.java:logGet(43)) - raft.server.log.statemachine.data.sync = true (default)
2019-09-19 13:31:06,312 [pool-419-thread-1] INFO  server.RaftServerConfigKeys (ConfUtils.java:logGet(43)) - raft.server.log.statemachine.data.sync.timeout.retry = -1 (default)
2019-09-19 13:31:06,312 [pool-409-thread-1] INFO  server.RaftServerConfigKeys (ConfUtils.java:logGet(43)) - raft.server.log.statemachine.data.sync.timeout = 10s (default)
2019-09-19 13:31:06,312 [pool-419-thread-1] INFO  server.RaftServerConfigKeys (ConfUtils.java:logGet(43)) - raft.server.log.statemachine.data.caching.enabled = true (custom)
2019-09-19 13:31:06,312 [pool-429-thread-1] INFO  impl.RaftServerImpl (RaftServerImpl.java:start(185)) - cf9ed8b7-443d-44fc-a2c6-3bd48ab29d60@group-C2834C3F6D12: start as a follower, conf=-1: [02509bdf-4203-447b-86d4-697b6dde9c11:192.168.34.51:45869, 5a2f126f-e78b-4b68-8184-641a1e5af4bb:192.168.34.51:33798, cf9ed8b7-443d-44fc-a2c6-3bd48ab29d60:192.168.34.51:39386], old=null
2019-09-19 13:31:06,312 [pool-409-thread-1] INFO  server.RaftServerConfigKeys (ConfUtils.java:logGet(43)) - raft.server.log.statemachine.data.sync.timeout.retry = -1 (default)
2019-09-19 13:31:06,312 [pool-419-thread-1] INFO  segmented.SegmentedRaftLogWorker (SegmentedRaftLogWorker.java:lambda$new$0(132)) - 5a2f126f-e78b-4b68-8184-641a1e5af4bb@group-C2834C3F6D12-SegmentedRaftLogWorker: flushIndex: setUnconditionally 0 -> -1
2019-09-19 13:31:06,312 [pool-429-thread-1] INFO  impl.RaftServerImpl (RaftServerImpl.java:setRole(174)) - cf9ed8b7-443d-44fc-a2c6-3bd48ab29d60@group-C2834C3F6D12: changes role from      null to FOLLOWER at term 0 for startAsFollower
2019-09-19 13:31:06,312 [pool-409-thread-1] INFO  server.RaftServerConfigKeys (ConfUtils.java:logGet(43)) - raft.server.log.statemachine.data.caching.enabled = true (custom)
2019-09-19 13:31:06,313 [pool-419-thread-1] INFO  server.RaftServerConfigKeys (ConfUtils.java:logGet(43)) - raft.server.snapshot.auto.trigger.enabled = true (custom)
2019-09-19 13:31:06,313 [pool-429-thread-1] INFO  impl.RoleInfo (RoleInfo.java:updateAndGet(143)) - cf9ed8b7-443d-44fc-a2c6-3bd48ab29d60: start FollowerState
2019-09-19 13:31:06,313 [pool-419-thread-1] INFO  server.RaftServerConfigKeys (ConfUtils.java:logGet(43)) - raft.server.snapshot.auto.trigger.threshold = 10000 (custom)
2019-09-19 13:31:06,313 [pool-409-thread-1] INFO  segmented.SegmentedRaftLogWorker (SegmentedRaftLogWorker.java:lambda$new$0(132)) - 02509bdf-4203-447b-86d4-697b6dde9c11@group-C2834C3F6D12-SegmentedRaftLogWorker: flushIndex: setUnconditionally 0 -> -1
2019-09-19 13:31:06,313 [pool-429-thread-1] INFO  util.JmxRegister (JmxRegister.java:tryRegister(44)) - Successfully registered JMX Bean with object name Ratis:service=RaftServer,group=group-C2834C3F6D12,id=cf9ed8b7-443d-44fc-a2c6-3bd48ab29d60
2019-09-19 13:31:06,313 [pool-409-thread-1] INFO  server.RaftServerConfigKeys (ConfUtils.java:logGet(43)) - raft.server.snapshot.auto.trigger.enabled = true (custom)
2019-09-19 13:31:06,313 [pool-419-thread-1] INFO  server.RaftServerConfigKeys (ConfUtils.java:logGet(43)) - raft.server.snapshot.retention.num.files = 5 (custom)
2019-09-19 13:31:06,314 [IPC Server handler 3 on 45244] INFO  net.NetworkTopology (NetworkTopologyImpl.java:add(111)) - Added a new node: /default-rack/ba204b2d-37a0-404f-91dd-7a92ee0c53b2
2019-09-19 13:31:06,313 [pool-409-thread-1] INFO  server.RaftServerConfigKeys (ConfUtils.java:logGet(43)) - raft.server.snapshot.auto.trigger.threshold = 10000 (custom)
2019-09-19 13:31:06,314 [IPC Server handler 3 on 45244] INFO  node.SCMNodeManager (SCMNodeManager.java:register(300)) - Registered Data node : ba204b2d-37a0-404f-91dd-7a92ee0c53b2{ip: 192.168.34.51, host: pr-hdds-1982-decom-states-fm625-96302961, networkLocation: /default-rack, certSerialId: null}
2019-09-19 13:31:06,314 [pool-419-thread-1] INFO  server.RaftServerConfigKeys (ConfUtils.java:logGet(43)) - raft.server.retrycache.expirytime = 600000ms (custom)
2019-09-19 13:31:06,314 [pool-409-thread-1] INFO  server.RaftServerConfigKeys (ConfUtils.java:logGet(43)) - raft.server.snapshot.retention.num.files = 5 (custom)
2019-09-19 13:31:06,314 [pool-409-thread-1] INFO  server.RaftServerConfigKeys (ConfUtils.java:logGet(43)) - raft.server.retrycache.expirytime = 600000ms (custom)
2019-09-19 13:31:06,316 [pool-419-thread-1] INFO  impl.RaftServerImpl (RaftServerImpl.java:start(185)) - 5a2f126f-e78b-4b68-8184-641a1e5af4bb@group-C2834C3F6D12: start as a follower, conf=-1: [02509bdf-4203-447b-86d4-697b6dde9c11:192.168.34.51:45869, 5a2f126f-e78b-4b68-8184-641a1e5af4bb:192.168.34.51:33798, cf9ed8b7-443d-44fc-a2c6-3bd48ab29d60:192.168.34.51:39386], old=null
2019-09-19 13:31:06,316 [pool-409-thread-1] INFO  impl.RaftServerImpl (RaftServerImpl.java:start(185)) - 02509bdf-4203-447b-86d4-697b6dde9c11@group-C2834C3F6D12: start as a follower, conf=-1: [02509bdf-4203-447b-86d4-697b6dde9c11:192.168.34.51:45869, 5a2f126f-e78b-4b68-8184-641a1e5af4bb:192.168.34.51:33798, cf9ed8b7-443d-44fc-a2c6-3bd48ab29d60:192.168.34.51:39386], old=null
2019-09-19 13:31:06,316 [pool-419-thread-1] INFO  impl.RaftServerImpl (RaftServerImpl.java:setRole(174)) - 5a2f126f-e78b-4b68-8184-641a1e5af4bb@group-C2834C3F6D12: changes role from      null to FOLLOWER at term 0 for startAsFollower
2019-09-19 13:31:06,317 [pool-409-thread-1] INFO  impl.RaftServerImpl (RaftServerImpl.java:setRole(174)) - 02509bdf-4203-447b-86d4-697b6dde9c11@group-C2834C3F6D12: changes role from      null to FOLLOWER at term 0 for startAsFollower
2019-09-19 13:31:06,317 [pool-419-thread-1] INFO  impl.RoleInfo (RoleInfo.java:updateAndGet(143)) - 5a2f126f-e78b-4b68-8184-641a1e5af4bb: start FollowerState
2019-09-19 13:31:06,317 [pool-409-thread-1] INFO  impl.RoleInfo (RoleInfo.java:updateAndGet(143)) - 02509bdf-4203-447b-86d4-697b6dde9c11: start FollowerState
2019-09-19 13:31:06,317 [pool-419-thread-1] INFO  util.JmxRegister (JmxRegister.java:tryRegister(44)) - Successfully registered JMX Bean with object name Ratis:service=RaftServer,group=group-C2834C3F6D12,id=5a2f126f-e78b-4b68-8184-641a1e5af4bb
2019-09-19 13:31:06,317 [pool-409-thread-1] INFO  util.JmxRegister (JmxRegister.java:tryRegister(44)) - Successfully registered JMX Bean with object name Ratis:service=RaftServer,group=group-C2834C3F6D12,id=02509bdf-4203-447b-86d4-697b6dde9c11
2019-09-19 13:31:06,319 [RatisPipelineUtilsThread] INFO  pipeline.PipelineStateManager (PipelineStateManager.java:addPipeline(56)) - Created pipeline Pipeline[ Id: d33dd535-1d59-4d7d-bfd8-c2834c3f6d12, Nodes: 02509bdf-4203-447b-86d4-697b6dde9c11{ip: 192.168.34.51, host: pr-hdds-1982-decom-states-fm625-96302961, networkLocation: /default-rack, certSerialId: null}cf9ed8b7-443d-44fc-a2c6-3bd48ab29d60{ip: 192.168.34.51, host: pr-hdds-1982-decom-states-fm625-96302961, networkLocation: /default-rack, certSerialId: null}5a2f126f-e78b-4b68-8184-641a1e5af4bb{ip: 192.168.34.51, host: pr-hdds-1982-decom-states-fm625-96302961, networkLocation: /default-rack, certSerialId: null}, Type:RATIS, Factor:THREE, State:OPEN]
2019-09-19 13:31:06,376 [IPC Server handler 9 on 45244] INFO  net.NetworkTopology (NetworkTopologyImpl.java:add(111)) - Added a new node: /default-rack/e9b4aebe-416b-4a6e-b639-511f332e30a8
2019-09-19 13:31:06,377 [IPC Server handler 9 on 45244] INFO  node.SCMNodeManager (SCMNodeManager.java:register(300)) - Registered Data node : e9b4aebe-416b-4a6e-b639-511f332e30a8{ip: 192.168.34.51, host: pr-hdds-1982-decom-states-fm625-96302961, networkLocation: /default-rack, certSerialId: null}
2019-09-19 13:31:06,387 [grpc-default-executor-6] INFO  impl.RaftServerProxy (RaftServerProxy.java:addNew(89)) - ba204b2d-37a0-404f-91dd-7a92ee0c53b2: addNew group-D8EE915428C4:[ba204b2d-37a0-404f-91dd-7a92ee0c53b2:192.168.34.51:33948] returns group-D8EE915428C4:java.util.concurrent.CompletableFuture@31ec421f[Not completed]
2019-09-19 13:31:06,390 [pool-449-thread-1] INFO  impl.RaftServerImpl (RaftServerImpl.java:<init>(95)) - ba204b2d-37a0-404f-91dd-7a92ee0c53b2: new RaftServerImpl for group-D8EE915428C4:[ba204b2d-37a0-404f-91dd-7a92ee0c53b2:192.168.34.51:33948] with ContainerStateMachine:uninitialized
2019-09-19 13:31:06,390 [pool-449-thread-1] INFO  server.RaftServerConfigKeys (ConfUtils.java:logGet(43)) - raft.server.rpc.timeout.min = 5s (custom)
2019-09-19 13:31:06,391 [pool-449-thread-1] INFO  server.RaftServerConfigKeys (ConfUtils.java:logGet(43)) - raft.server.rpc.timeout.max = 5200ms (custom)
2019-09-19 13:31:06,391 [pool-449-thread-1] INFO  server.RaftServerConfigKeys (ConfUtils.java:logGet(43)) - raft.server.rpcslowness.timeout = 120s (custom)
2019-09-19 13:31:06,391 [pool-449-thread-1] INFO  server.RaftServerConfigKeys (ConfUtils.java:logGet(43)) - raft.server.sleep.deviation.threshold = 300 (default)
2019-09-19 13:31:06,391 [pool-449-thread-1] INFO  server.RaftServerConfigKeys (ConfUtils.java:logGet(43)) - raft.server.log.appender.install.snapshot.enabled = false (custom)
2019-09-19 13:31:06,391 [pool-449-thread-1] INFO  impl.RaftServerImpl (ServerState.java:<init>(103)) - ba204b2d-37a0-404f-91dd-7a92ee0c53b2@group-D8EE915428C4: ConfigurationManager, init=-1: [ba204b2d-37a0-404f-91dd-7a92ee0c53b2:192.168.34.51:33948], old=null, confs=<EMPTY_MAP>
2019-09-19 13:31:06,391 [pool-449-thread-1] INFO  server.RaftServerConfigKeys (ConfUtils.java:logGet(43)) - raft.server.storage.dir = [/workdir/hadoop-ozone/integration-test/target/test-dir/MiniOzoneClusterImpl-4d5d2d7a-88bc-4d8f-bc17-99926ca9d3cb/datanode-4/data/ratis] (custom)
2019-09-19 13:31:06,392 [pool-449-thread-1] INFO  storage.RaftStorageDirectory (RaftStorageDirectory.java:analyzeStorage(246)) - The storage directory /workdir/hadoop-ozone/integration-test/target/test-dir/MiniOzoneClusterImpl-4d5d2d7a-88bc-4d8f-bc17-99926ca9d3cb/datanode-4/data/ratis/e6449fa7-efc3-4211-a6ed-d8ee915428c4 does not exist. Creating ...
2019-09-19 13:31:06,405 [pool-449-thread-1] INFO  storage.RaftStorageDirectory (RaftStorageDirectory.java:tryLock(328)) - Lock on /workdir/hadoop-ozone/integration-test/target/test-dir/MiniOzoneClusterImpl-4d5d2d7a-88bc-4d8f-bc17-99926ca9d3cb/datanode-4/data/ratis/e6449fa7-efc3-4211-a6ed-d8ee915428c4/in_use.lock acquired by nodename 4818@pr-hdds-1982-decom-states-fm625-96302961
2019-09-19 13:31:06,424 [pool-449-thread-1] INFO  storage.RaftStorage (RaftStorage.java:format(72)) - Storage directory /workdir/hadoop-ozone/integration-test/target/test-dir/MiniOzoneClusterImpl-4d5d2d7a-88bc-4d8f-bc17-99926ca9d3cb/datanode-4/data/ratis/e6449fa7-efc3-4211-a6ed-d8ee915428c4 has been successfully formatted.
2019-09-19 13:31:06,424 [pool-449-thread-1] INFO  ratis.ContainerStateMachine (ContainerStateMachine.java:loadSnapshot(230)) - group-D8EE915428C4: The snapshot info is null. Setting the last applied indexto:(t:0, i:~)
2019-09-19 13:31:06,425 [pool-449-thread-1] INFO  server.RaftServerConfigKeys (ConfUtils.java:logGet(43)) - raft.server.notification.no-leader.timeout = 120s (custom)
2019-09-19 13:31:06,425 [pool-449-thread-1] INFO  server.RaftServerConfigKeys (ConfUtils.java:logGet(43)) - raft.server.log.use.memory = false (default)
2019-09-19 13:31:06,425 [pool-449-thread-1] INFO  server.RaftServerConfigKeys (ConfUtils.java:logGet(43)) - raft.server.log.purge.gap = 1000000 (custom)
2019-09-19 13:31:06,425 [pool-449-thread-1] INFO  server.RaftServerConfigKeys (ConfUtils.java:logGet(43)) - raft.server.log.appender.buffer.byte-limit = 33554432 (custom)
2019-09-19 13:31:06,425 [pool-449-thread-1] INFO  server.RaftServerConfigKeys (ConfUtils.java:logGet(43)) - raft.server.log.segment.size.max = 1048576 (custom)
2019-09-19 13:31:06,425 [pool-449-thread-1] INFO  server.RaftServerConfigKeys (ConfUtils.java:logGet(43)) - raft.server.log.segment.cache.num.max = 2 (custom)
2019-09-19 13:31:06,425 [pool-449-thread-1] INFO  segmented.SegmentedRaftLogWorker (SegmentedRaftLogWorker.java:<init>(172)) - new ba204b2d-37a0-404f-91dd-7a92ee0c53b2@group-D8EE915428C4-SegmentedRaftLogWorker for RaftStorage:Storage Directory /workdir/hadoop-ozone/integration-test/target/test-dir/MiniOzoneClusterImpl-4d5d2d7a-88bc-4d8f-bc17-99926ca9d3cb/datanode-4/data/ratis/e6449fa7-efc3-4211-a6ed-d8ee915428c4
2019-09-19 13:31:06,427 [pool-449-thread-1] INFO  server.RaftServerConfigKeys (ConfUtils.java:logGet(43)) - raft.server.log.queue.byte-limit = 2147483647 (custom)
2019-09-19 13:31:06,427 [pool-449-thread-1] INFO  server.RaftServerConfigKeys (ConfUtils.java:logGet(43)) - raft.server.log.queue.element-limit = 1024 (custom)
2019-09-19 13:31:06,428 [pool-449-thread-1] INFO  server.RaftServerConfigKeys (ConfUtils.java:logGet(43)) - raft.server.log.segment.size.max = 1048576 (custom)
2019-09-19 13:31:06,428 [pool-449-thread-1] INFO  server.RaftServerConfigKeys (ConfUtils.java:logGet(43)) - raft.server.log.preallocated.size = 16384 (custom)
2019-09-19 13:31:06,428 [pool-449-thread-1] INFO  server.RaftServerConfigKeys (ConfUtils.java:logGet(43)) - raft.server.log.write.buffer.size = 33554432 (custom)
2019-09-19 13:31:06,428 [pool-449-thread-1] INFO  server.RaftServerConfigKeys (ConfUtils.java:logGet(43)) - raft.server.log.force.sync.num = 128 (default)
2019-09-19 13:31:06,428 [pool-449-thread-1] INFO  server.RaftServerConfigKeys (ConfUtils.java:logGet(43)) - raft.server.log.statemachine.data.sync = true (default)
2019-09-19 13:31:06,428 [pool-449-thread-1] INFO  server.RaftServerConfigKeys (ConfUtils.java:logGet(43)) - raft.server.log.statemachine.data.sync.timeout = 10s (default)
2019-09-19 13:31:06,428 [pool-449-thread-1] INFO  server.RaftServerConfigKeys (ConfUtils.java:logGet(43)) - raft.server.log.statemachine.data.sync.timeout.retry = -1 (default)
2019-09-19 13:31:06,429 [pool-449-thread-1] INFO  server.RaftServerConfigKeys (ConfUtils.java:logGet(43)) - raft.server.log.statemachine.data.caching.enabled = true (custom)
2019-09-19 13:31:06,429 [pool-449-thread-1] INFO  segmented.SegmentedRaftLogWorker (SegmentedRaftLogWorker.java:lambda$new$0(132)) - ba204b2d-37a0-404f-91dd-7a92ee0c53b2@group-D8EE915428C4-SegmentedRaftLogWorker: flushIndex: setUnconditionally 0 -> -1
2019-09-19 13:31:06,429 [pool-449-thread-1] INFO  server.RaftServerConfigKeys (ConfUtils.java:logGet(43)) - raft.server.snapshot.auto.trigger.enabled = true (custom)
2019-09-19 13:31:06,429 [pool-449-thread-1] INFO  server.RaftServerConfigKeys (ConfUtils.java:logGet(43)) - raft.server.snapshot.auto.trigger.threshold = 10000 (custom)
2019-09-19 13:31:06,429 [pool-449-thread-1] INFO  server.RaftServerConfigKeys (ConfUtils.java:logGet(43)) - raft.server.snapshot.retention.num.files = 5 (custom)
2019-09-19 13:31:06,430 [pool-449-thread-1] INFO  server.RaftServerConfigKeys (ConfUtils.java:logGet(43)) - raft.server.retrycache.expirytime = 600000ms (custom)
2019-09-19 13:31:06,431 [pool-449-thread-1] INFO  impl.RaftServerImpl (RaftServerImpl.java:start(185)) - ba204b2d-37a0-404f-91dd-7a92ee0c53b2@group-D8EE915428C4: start as a follower, conf=-1: [ba204b2d-37a0-404f-91dd-7a92ee0c53b2:192.168.34.51:33948], old=null
2019-09-19 13:31:06,431 [pool-449-thread-1] INFO  impl.RaftServerImpl (RaftServerImpl.java:setRole(174)) - ba204b2d-37a0-404f-91dd-7a92ee0c53b2@group-D8EE915428C4: changes role from      null to FOLLOWER at term 0 for startAsFollower
2019-09-19 13:31:06,431 [pool-449-thread-1] INFO  impl.RoleInfo (RoleInfo.java:updateAndGet(143)) - ba204b2d-37a0-404f-91dd-7a92ee0c53b2: start FollowerState
2019-09-19 13:31:06,440 [pool-449-thread-1] INFO  util.JmxRegister (JmxRegister.java:tryRegister(44)) - Successfully registered JMX Bean with object name Ratis:service=RaftServer,group=group-D8EE915428C4,id=ba204b2d-37a0-404f-91dd-7a92ee0c53b2
2019-09-19 13:31:06,440 [main] INFO  ozone.MiniOzoneClusterImpl (MiniOzoneClusterImpl.java:lambda$waitForClusterToBeReady$0(145)) - Waiting for cluster to be ready. Got 6 of 7 DN Heartbeats.
2019-09-19 13:31:06,448 [IPC Server handler 10 on 45244] INFO  net.NetworkTopology (NetworkTopologyImpl.java:add(111)) - Added a new node: /default-rack/0a0d37aa-ff90-4935-8d48-c839ac7b3aa9
2019-09-19 13:31:06,448 [IPC Server handler 10 on 45244] INFO  node.SCMNodeManager (SCMNodeManager.java:register(300)) - Registered Data node : 0a0d37aa-ff90-4935-8d48-c839ac7b3aa9{ip: 192.168.34.51, host: pr-hdds-1982-decom-states-fm625-96302961, networkLocation: /default-rack, certSerialId: null}
2019-09-19 13:31:06,449 [RatisPipelineUtilsThread] INFO  pipeline.PipelineStateManager (PipelineStateManager.java:addPipeline(56)) - Created pipeline Pipeline[ Id: e6449fa7-efc3-4211-a6ed-d8ee915428c4, Nodes: ba204b2d-37a0-404f-91dd-7a92ee0c53b2{ip: 192.168.34.51, host: pr-hdds-1982-decom-states-fm625-96302961, networkLocation: /default-rack, certSerialId: null}, Type:RATIS, Factor:ONE, State:OPEN]
2019-09-19 13:31:06,456 [grpc-default-executor-6] INFO  impl.RaftServerProxy (RaftServerProxy.java:addNew(89)) - 0a0d37aa-ff90-4935-8d48-c839ac7b3aa9: addNew group-EF3252784FCC:[0a0d37aa-ff90-4935-8d48-c839ac7b3aa9:192.168.34.51:39232] returns group-EF3252784FCC:java.util.concurrent.CompletableFuture@7c7b977e[Not completed]
2019-09-19 13:31:06,456 [pool-469-thread-1] INFO  impl.RaftServerImpl (RaftServerImpl.java:<init>(95)) - 0a0d37aa-ff90-4935-8d48-c839ac7b3aa9: new RaftServerImpl for group-EF3252784FCC:[0a0d37aa-ff90-4935-8d48-c839ac7b3aa9:192.168.34.51:39232] with ContainerStateMachine:uninitialized
2019-09-19 13:31:06,457 [pool-469-thread-1] INFO  server.RaftServerConfigKeys (ConfUtils.java:logGet(43)) - raft.server.rpc.timeout.min = 5s (custom)
2019-09-19 13:31:06,457 [pool-469-thread-1] INFO  server.RaftServerConfigKeys (ConfUtils.java:logGet(43)) - raft.server.rpc.timeout.max = 5200ms (custom)
2019-09-19 13:31:06,457 [pool-469-thread-1] INFO  server.RaftServerConfigKeys (ConfUtils.java:logGet(43)) - raft.server.rpcslowness.timeout = 120s (custom)
2019-09-19 13:31:06,457 [pool-469-thread-1] INFO  server.RaftServerConfigKeys (ConfUtils.java:logGet(43)) - raft.server.sleep.deviation.threshold = 300 (default)
2019-09-19 13:31:06,457 [pool-469-thread-1] INFO  server.RaftServerConfigKeys (ConfUtils.java:logGet(43)) - raft.server.log.appender.install.snapshot.enabled = false (custom)
2019-09-19 13:31:06,457 [pool-469-thread-1] INFO  impl.RaftServerImpl (ServerState.java:<init>(103)) - 0a0d37aa-ff90-4935-8d48-c839ac7b3aa9@group-EF3252784FCC: ConfigurationManager, init=-1: [0a0d37aa-ff90-4935-8d48-c839ac7b3aa9:192.168.34.51:39232], old=null, confs=<EMPTY_MAP>
2019-09-19 13:31:06,457 [pool-469-thread-1] INFO  server.RaftServerConfigKeys (ConfUtils.java:logGet(43)) - raft.server.storage.dir = [/workdir/hadoop-ozone/integration-test/target/test-dir/MiniOzoneClusterImpl-4d5d2d7a-88bc-4d8f-bc17-99926ca9d3cb/datanode-6/data/ratis] (custom)
2019-09-19 13:31:06,457 [pool-469-thread-1] INFO  storage.RaftStorageDirectory (RaftStorageDirectory.java:analyzeStorage(246)) - The storage directory /workdir/hadoop-ozone/integration-test/target/test-dir/MiniOzoneClusterImpl-4d5d2d7a-88bc-4d8f-bc17-99926ca9d3cb/datanode-6/data/ratis/606f967c-494e-4af9-a04b-ef3252784fcc does not exist. Creating ...
2019-09-19 13:31:06,469 [pool-469-thread-1] INFO  storage.RaftStorageDirectory (RaftStorageDirectory.java:tryLock(328)) - Lock on /workdir/hadoop-ozone/integration-test/target/test-dir/MiniOzoneClusterImpl-4d5d2d7a-88bc-4d8f-bc17-99926ca9d3cb/datanode-6/data/ratis/606f967c-494e-4af9-a04b-ef3252784fcc/in_use.lock acquired by nodename 4818@pr-hdds-1982-decom-states-fm625-96302961
2019-09-19 13:31:06,482 [pool-469-thread-1] INFO  storage.RaftStorage (RaftStorage.java:format(72)) - Storage directory /workdir/hadoop-ozone/integration-test/target/test-dir/MiniOzoneClusterImpl-4d5d2d7a-88bc-4d8f-bc17-99926ca9d3cb/datanode-6/data/ratis/606f967c-494e-4af9-a04b-ef3252784fcc has been successfully formatted.
2019-09-19 13:31:06,483 [pool-469-thread-1] INFO  ratis.ContainerStateMachine (ContainerStateMachine.java:loadSnapshot(230)) - group-EF3252784FCC: The snapshot info is null. Setting the last applied indexto:(t:0, i:~)
2019-09-19 13:31:06,483 [pool-469-thread-1] INFO  server.RaftServerConfigKeys (ConfUtils.java:logGet(43)) - raft.server.notification.no-leader.timeout = 120s (custom)
2019-09-19 13:31:06,483 [pool-469-thread-1] INFO  server.RaftServerConfigKeys (ConfUtils.java:logGet(43)) - raft.server.log.use.memory = false (default)
2019-09-19 13:31:06,483 [pool-469-thread-1] INFO  server.RaftServerConfigKeys (ConfUtils.java:logGet(43)) - raft.server.log.purge.gap = 1000000 (custom)
2019-09-19 13:31:06,483 [pool-469-thread-1] INFO  server.RaftServerConfigKeys (ConfUtils.java:logGet(43)) - raft.server.log.appender.buffer.byte-limit = 33554432 (custom)
2019-09-19 13:31:06,483 [pool-469-thread-1] INFO  server.RaftServerConfigKeys (ConfUtils.java:logGet(43)) - raft.server.log.segment.size.max = 1048576 (custom)
2019-09-19 13:31:06,483 [pool-469-thread-1] INFO  server.RaftServerConfigKeys (ConfUtils.java:logGet(43)) - raft.server.log.segment.cache.num.max = 2 (custom)
2019-09-19 13:31:06,483 [pool-469-thread-1] INFO  segmented.SegmentedRaftLogWorker (SegmentedRaftLogWorker.java:<init>(172)) - new 0a0d37aa-ff90-4935-8d48-c839ac7b3aa9@group-EF3252784FCC-SegmentedRaftLogWorker for RaftStorage:Storage Directory /workdir/hadoop-ozone/integration-test/target/test-dir/MiniOzoneClusterImpl-4d5d2d7a-88bc-4d8f-bc17-99926ca9d3cb/datanode-6/data/ratis/606f967c-494e-4af9-a04b-ef3252784fcc
2019-09-19 13:31:06,484 [pool-469-thread-1] INFO  server.RaftServerConfigKeys (ConfUtils.java:logGet(43)) - raft.server.log.queue.byte-limit = 2147483647 (custom)
2019-09-19 13:31:06,484 [pool-469-thread-1] INFO  server.RaftServerConfigKeys (ConfUtils.java:logGet(43)) - raft.server.log.queue.element-limit = 1024 (custom)
2019-09-19 13:31:06,484 [pool-469-thread-1] INFO  server.RaftServerConfigKeys (ConfUtils.java:logGet(43)) - raft.server.log.segment.size.max = 1048576 (custom)
2019-09-19 13:31:06,484 [pool-469-thread-1] INFO  server.RaftServerConfigKeys (ConfUtils.java:logGet(43)) - raft.server.log.preallocated.size = 16384 (custom)
2019-09-19 13:31:06,484 [pool-469-thread-1] INFO  server.RaftServerConfigKeys (ConfUtils.java:logGet(43)) - raft.server.log.write.buffer.size = 33554432 (custom)
2019-09-19 13:31:06,484 [pool-469-thread-1] INFO  server.RaftServerConfigKeys (ConfUtils.java:logGet(43)) - raft.server.log.force.sync.num = 128 (default)
2019-09-19 13:31:06,484 [pool-469-thread-1] INFO  server.RaftServerConfigKeys (ConfUtils.java:logGet(43)) - raft.server.log.statemachine.data.sync = true (default)
2019-09-19 13:31:06,485 [pool-469-thread-1] INFO  server.RaftServerConfigKeys (ConfUtils.java:logGet(43)) - raft.server.log.statemachine.data.sync.timeout = 10s (default)
2019-09-19 13:31:06,485 [pool-469-thread-1] INFO  server.RaftServerConfigKeys (ConfUtils.java:logGet(43)) - raft.server.log.statemachine.data.sync.timeout.retry = -1 (default)
2019-09-19 13:31:06,485 [pool-469-thread-1] INFO  server.RaftServerConfigKeys (ConfUtils.java:logGet(43)) - raft.server.log.statemachine.data.caching.enabled = true (custom)
2019-09-19 13:31:06,485 [pool-469-thread-1] INFO  segmented.SegmentedRaftLogWorker (SegmentedRaftLogWorker.java:lambda$new$0(132)) - 0a0d37aa-ff90-4935-8d48-c839ac7b3aa9@group-EF3252784FCC-SegmentedRaftLogWorker: flushIndex: setUnconditionally 0 -> -1
2019-09-19 13:31:06,485 [pool-469-thread-1] INFO  server.RaftServerConfigKeys (ConfUtils.java:logGet(43)) - raft.server.snapshot.auto.trigger.enabled = true (custom)
2019-09-19 13:31:06,485 [pool-469-thread-1] INFO  server.RaftServerConfigKeys (ConfUtils.java:logGet(43)) - raft.server.snapshot.auto.trigger.threshold = 10000 (custom)
2019-09-19 13:31:06,485 [pool-469-thread-1] INFO  server.RaftServerConfigKeys (ConfUtils.java:logGet(43)) - raft.server.snapshot.retention.num.files = 5 (custom)
2019-09-19 13:31:06,486 [pool-469-thread-1] INFO  server.RaftServerConfigKeys (ConfUtils.java:logGet(43)) - raft.server.retrycache.expirytime = 600000ms (custom)
2019-09-19 13:31:06,486 [pool-469-thread-1] INFO  impl.RaftServerImpl (RaftServerImpl.java:start(185)) - 0a0d37aa-ff90-4935-8d48-c839ac7b3aa9@group-EF3252784FCC: start as a follower, conf=-1: [0a0d37aa-ff90-4935-8d48-c839ac7b3aa9:192.168.34.51:39232], old=null
2019-09-19 13:31:06,487 [pool-469-thread-1] INFO  impl.RaftServerImpl (RaftServerImpl.java:setRole(174)) - 0a0d37aa-ff90-4935-8d48-c839ac7b3aa9@group-EF3252784FCC: changes role from      null to FOLLOWER at term 0 for startAsFollower
2019-09-19 13:31:06,487 [pool-469-thread-1] INFO  impl.RoleInfo (RoleInfo.java:updateAndGet(143)) - 0a0d37aa-ff90-4935-8d48-c839ac7b3aa9: start FollowerState
2019-09-19 13:31:06,487 [pool-469-thread-1] INFO  util.JmxRegister (JmxRegister.java:tryRegister(44)) - Successfully registered JMX Bean with object name Ratis:service=RaftServer,group=group-EF3252784FCC,id=0a0d37aa-ff90-4935-8d48-c839ac7b3aa9
2019-09-19 13:31:06,489 [RatisPipelineUtilsThread] INFO  pipeline.PipelineStateManager (PipelineStateManager.java:addPipeline(56)) - Created pipeline Pipeline[ Id: 606f967c-494e-4af9-a04b-ef3252784fcc, Nodes: 0a0d37aa-ff90-4935-8d48-c839ac7b3aa9{ip: 192.168.34.51, host: pr-hdds-1982-decom-states-fm625-96302961, networkLocation: /default-rack, certSerialId: null}, Type:RATIS, Factor:ONE, State:OPEN]
2019-09-19 13:31:06,496 [grpc-default-executor-6] INFO  impl.RaftServerProxy (RaftServerProxy.java:addNew(89)) - d0f0864f-f10e-402b-b950-9345ab4d2f6b: addNew group-313FF45D83EE:[d0f0864f-f10e-402b-b950-9345ab4d2f6b:192.168.34.51:37964] returns group-313FF45D83EE:java.util.concurrent.CompletableFuture@64476044[Not completed]
2019-09-19 13:31:06,497 [pool-439-thread-1] INFO  impl.RaftServerImpl (RaftServerImpl.java:<init>(95)) - d0f0864f-f10e-402b-b950-9345ab4d2f6b: new RaftServerImpl for group-313FF45D83EE:[d0f0864f-f10e-402b-b950-9345ab4d2f6b:192.168.34.51:37964] with ContainerStateMachine:uninitialized
2019-09-19 13:31:06,497 [pool-439-thread-1] INFO  server.RaftServerConfigKeys (ConfUtils.java:logGet(43)) - raft.server.rpc.timeout.min = 5s (custom)
2019-09-19 13:31:06,497 [pool-439-thread-1] INFO  server.RaftServerConfigKeys (ConfUtils.java:logGet(43)) - raft.server.rpc.timeout.max = 5200ms (custom)
2019-09-19 13:31:06,498 [pool-439-thread-1] INFO  server.RaftServerConfigKeys (ConfUtils.java:logGet(43)) - raft.server.rpcslowness.timeout = 120s (custom)
2019-09-19 13:31:06,498 [pool-439-thread-1] INFO  server.RaftServerConfigKeys (ConfUtils.java:logGet(43)) - raft.server.sleep.deviation.threshold = 300 (default)
2019-09-19 13:31:06,498 [pool-439-thread-1] INFO  server.RaftServerConfigKeys (ConfUtils.java:logGet(43)) - raft.server.log.appender.install.snapshot.enabled = false (custom)
2019-09-19 13:31:06,498 [pool-439-thread-1] INFO  impl.RaftServerImpl (ServerState.java:<init>(103)) - d0f0864f-f10e-402b-b950-9345ab4d2f6b@group-313FF45D83EE: ConfigurationManager, init=-1: [d0f0864f-f10e-402b-b950-9345ab4d2f6b:192.168.34.51:37964], old=null, confs=<EMPTY_MAP>
2019-09-19 13:31:06,498 [pool-439-thread-1] INFO  server.RaftServerConfigKeys (ConfUtils.java:logGet(43)) - raft.server.storage.dir = [/workdir/hadoop-ozone/integration-test/target/test-dir/MiniOzoneClusterImpl-4d5d2d7a-88bc-4d8f-bc17-99926ca9d3cb/datanode-3/data/ratis] (custom)
2019-09-19 13:31:06,498 [pool-439-thread-1] INFO  storage.RaftStorageDirectory (RaftStorageDirectory.java:analyzeStorage(246)) - The storage directory /workdir/hadoop-ozone/integration-test/target/test-dir/MiniOzoneClusterImpl-4d5d2d7a-88bc-4d8f-bc17-99926ca9d3cb/datanode-3/data/ratis/743be55e-b2f0-407c-9d87-313ff45d83ee does not exist. Creating ...
2019-09-19 13:31:06,512 [pool-439-thread-1] INFO  storage.RaftStorageDirectory (RaftStorageDirectory.java:tryLock(328)) - Lock on /workdir/hadoop-ozone/integration-test/target/test-dir/MiniOzoneClusterImpl-4d5d2d7a-88bc-4d8f-bc17-99926ca9d3cb/datanode-3/data/ratis/743be55e-b2f0-407c-9d87-313ff45d83ee/in_use.lock acquired by nodename 4818@pr-hdds-1982-decom-states-fm625-96302961
2019-09-19 13:31:06,525 [pool-439-thread-1] INFO  storage.RaftStorage (RaftStorage.java:format(72)) - Storage directory /workdir/hadoop-ozone/integration-test/target/test-dir/MiniOzoneClusterImpl-4d5d2d7a-88bc-4d8f-bc17-99926ca9d3cb/datanode-3/data/ratis/743be55e-b2f0-407c-9d87-313ff45d83ee has been successfully formatted.
2019-09-19 13:31:06,525 [pool-439-thread-1] INFO  ratis.ContainerStateMachine (ContainerStateMachine.java:loadSnapshot(230)) - group-313FF45D83EE: The snapshot info is null. Setting the last applied indexto:(t:0, i:~)
2019-09-19 13:31:06,525 [pool-439-thread-1] INFO  server.RaftServerConfigKeys (ConfUtils.java:logGet(43)) - raft.server.notification.no-leader.timeout = 120s (custom)
2019-09-19 13:31:06,526 [pool-439-thread-1] INFO  server.RaftServerConfigKeys (ConfUtils.java:logGet(43)) - raft.server.log.use.memory = false (default)
2019-09-19 13:31:06,526 [pool-439-thread-1] INFO  server.RaftServerConfigKeys (ConfUtils.java:logGet(43)) - raft.server.log.purge.gap = 1000000 (custom)
2019-09-19 13:31:06,526 [pool-439-thread-1] INFO  server.RaftServerConfigKeys (ConfUtils.java:logGet(43)) - raft.server.log.appender.buffer.byte-limit = 33554432 (custom)
2019-09-19 13:31:06,526 [pool-439-thread-1] INFO  server.RaftServerConfigKeys (ConfUtils.java:logGet(43)) - raft.server.log.segment.size.max = 1048576 (custom)
2019-09-19 13:31:06,526 [pool-439-thread-1] INFO  server.RaftServerConfigKeys (ConfUtils.java:logGet(43)) - raft.server.log.segment.cache.num.max = 2 (custom)
2019-09-19 13:31:06,526 [pool-439-thread-1] INFO  segmented.SegmentedRaftLogWorker (SegmentedRaftLogWorker.java:<init>(172)) - new d0f0864f-f10e-402b-b950-9345ab4d2f6b@group-313FF45D83EE-SegmentedRaftLogWorker for RaftStorage:Storage Directory /workdir/hadoop-ozone/integration-test/target/test-dir/MiniOzoneClusterImpl-4d5d2d7a-88bc-4d8f-bc17-99926ca9d3cb/datanode-3/data/ratis/743be55e-b2f0-407c-9d87-313ff45d83ee
2019-09-19 13:31:06,528 [pool-439-thread-1] INFO  server.RaftServerConfigKeys (ConfUtils.java:logGet(43)) - raft.server.log.queue.byte-limit = 2147483647 (custom)
2019-09-19 13:31:06,528 [pool-439-thread-1] INFO  server.RaftServerConfigKeys (ConfUtils.java:logGet(43)) - raft.server.log.queue.element-limit = 1024 (custom)
2019-09-19 13:31:06,528 [pool-439-thread-1] INFO  server.RaftServerConfigKeys (ConfUtils.java:logGet(43)) - raft.server.log.segment.size.max = 1048576 (custom)
2019-09-19 13:31:06,529 [pool-439-thread-1] INFO  server.RaftServerConfigKeys (ConfUtils.java:logGet(43)) - raft.server.log.preallocated.size = 16384 (custom)
2019-09-19 13:31:06,529 [pool-439-thread-1] INFO  server.RaftServerConfigKeys (ConfUtils.java:logGet(43)) - raft.server.log.write.buffer.size = 33554432 (custom)
2019-09-19 13:31:06,529 [pool-439-thread-1] INFO  server.RaftServerConfigKeys (ConfUtils.java:logGet(43)) - raft.server.log.force.sync.num = 128 (default)
2019-09-19 13:31:06,529 [pool-439-thread-1] INFO  server.RaftServerConfigKeys (ConfUtils.java:logGet(43)) - raft.server.log.statemachine.data.sync = true (default)
2019-09-19 13:31:06,529 [pool-439-thread-1] INFO  server.RaftServerConfigKeys (ConfUtils.java:logGet(43)) - raft.server.log.statemachine.data.sync.timeout = 10s (default)
2019-09-19 13:31:06,529 [pool-439-thread-1] INFO  server.RaftServerConfigKeys (ConfUtils.java:logGet(43)) - raft.server.log.statemachine.data.sync.timeout.retry = -1 (default)
2019-09-19 13:31:06,529 [pool-439-thread-1] INFO  server.RaftServerConfigKeys (ConfUtils.java:logGet(43)) - raft.server.log.statemachine.data.caching.enabled = true (custom)
2019-09-19 13:31:06,530 [pool-439-thread-1] INFO  segmented.SegmentedRaftLogWorker (SegmentedRaftLogWorker.java:lambda$new$0(132)) - d0f0864f-f10e-402b-b950-9345ab4d2f6b@group-313FF45D83EE-SegmentedRaftLogWorker: flushIndex: setUnconditionally 0 -> -1
2019-09-19 13:31:06,530 [pool-439-thread-1] INFO  server.RaftServerConfigKeys (ConfUtils.java:logGet(43)) - raft.server.snapshot.auto.trigger.enabled = true (custom)
2019-09-19 13:31:06,530 [pool-439-thread-1] INFO  server.RaftServerConfigKeys (ConfUtils.java:logGet(43)) - raft.server.snapshot.auto.trigger.threshold = 10000 (custom)
2019-09-19 13:31:06,530 [pool-439-thread-1] INFO  server.RaftServerConfigKeys (ConfUtils.java:logGet(43)) - raft.server.snapshot.retention.num.files = 5 (custom)
2019-09-19 13:31:06,531 [pool-439-thread-1] INFO  server.RaftServerConfigKeys (ConfUtils.java:logGet(43)) - raft.server.retrycache.expirytime = 600000ms (custom)
2019-09-19 13:31:06,532 [pool-439-thread-1] INFO  impl.RaftServerImpl (RaftServerImpl.java:start(185)) - d0f0864f-f10e-402b-b950-9345ab4d2f6b@group-313FF45D83EE: start as a follower, conf=-1: [d0f0864f-f10e-402b-b950-9345ab4d2f6b:192.168.34.51:37964], old=null
2019-09-19 13:31:06,532 [pool-439-thread-1] INFO  impl.RaftServerImpl (RaftServerImpl.java:setRole(174)) - d0f0864f-f10e-402b-b950-9345ab4d2f6b@group-313FF45D83EE: changes role from      null to FOLLOWER at term 0 for startAsFollower
2019-09-19 13:31:06,532 [pool-439-thread-1] INFO  impl.RoleInfo (RoleInfo.java:updateAndGet(143)) - d0f0864f-f10e-402b-b950-9345ab4d2f6b: start FollowerState
2019-09-19 13:31:06,533 [pool-439-thread-1] INFO  util.JmxRegister (JmxRegister.java:tryRegister(44)) - Successfully registered JMX Bean with object name Ratis:service=RaftServer,group=group-313FF45D83EE,id=d0f0864f-f10e-402b-b950-9345ab4d2f6b
2019-09-19 13:31:06,534 [RatisPipelineUtilsThread] INFO  pipeline.PipelineStateManager (PipelineStateManager.java:addPipeline(56)) - Created pipeline Pipeline[ Id: 743be55e-b2f0-407c-9d87-313ff45d83ee, Nodes: d0f0864f-f10e-402b-b950-9345ab4d2f6b{ip: 192.168.34.51, host: pr-hdds-1982-decom-states-fm625-96302961, networkLocation: /default-rack, certSerialId: null}, Type:RATIS, Factor:ONE, State:OPEN]
2019-09-19 13:31:06,543 [grpc-default-executor-6] INFO  impl.RaftServerProxy (RaftServerProxy.java:addNew(89)) - e9b4aebe-416b-4a6e-b639-511f332e30a8: addNew group-48AC3E42D26F:[e9b4aebe-416b-4a6e-b639-511f332e30a8:192.168.34.51:45698] returns group-48AC3E42D26F:java.util.concurrent.CompletableFuture@148be36d[Not completed]
2019-09-19 13:31:06,545 [pool-459-thread-1] INFO  impl.RaftServerImpl (RaftServerImpl.java:<init>(95)) - e9b4aebe-416b-4a6e-b639-511f332e30a8: new RaftServerImpl for group-48AC3E42D26F:[e9b4aebe-416b-4a6e-b639-511f332e30a8:192.168.34.51:45698] with ContainerStateMachine:uninitialized
2019-09-19 13:31:06,545 [pool-459-thread-1] INFO  server.RaftServerConfigKeys (ConfUtils.java:logGet(43)) - raft.server.rpc.timeout.min = 5s (custom)
2019-09-19 13:31:06,545 [pool-459-thread-1] INFO  server.RaftServerConfigKeys (ConfUtils.java:logGet(43)) - raft.server.rpc.timeout.max = 5200ms (custom)
2019-09-19 13:31:06,545 [pool-459-thread-1] INFO  server.RaftServerConfigKeys (ConfUtils.java:logGet(43)) - raft.server.rpcslowness.timeout = 120s (custom)
2019-09-19 13:31:06,545 [pool-459-thread-1] INFO  server.RaftServerConfigKeys (ConfUtils.java:logGet(43)) - raft.server.sleep.deviation.threshold = 300 (default)
2019-09-19 13:31:06,545 [pool-459-thread-1] INFO  server.RaftServerConfigKeys (ConfUtils.java:logGet(43)) - raft.server.log.appender.install.snapshot.enabled = false (custom)
2019-09-19 13:31:06,546 [pool-459-thread-1] INFO  impl.RaftServerImpl (ServerState.java:<init>(103)) - e9b4aebe-416b-4a6e-b639-511f332e30a8@group-48AC3E42D26F: ConfigurationManager, init=-1: [e9b4aebe-416b-4a6e-b639-511f332e30a8:192.168.34.51:45698], old=null, confs=<EMPTY_MAP>
2019-09-19 13:31:06,546 [pool-459-thread-1] INFO  server.RaftServerConfigKeys (ConfUtils.java:logGet(43)) - raft.server.storage.dir = [/workdir/hadoop-ozone/integration-test/target/test-dir/MiniOzoneClusterImpl-4d5d2d7a-88bc-4d8f-bc17-99926ca9d3cb/datanode-5/data/ratis] (custom)
2019-09-19 13:31:06,546 [pool-459-thread-1] INFO  storage.RaftStorageDirectory (RaftStorageDirectory.java:analyzeStorage(246)) - The storage directory /workdir/hadoop-ozone/integration-test/target/test-dir/MiniOzoneClusterImpl-4d5d2d7a-88bc-4d8f-bc17-99926ca9d3cb/datanode-5/data/ratis/499821f6-daa4-473e-bd3e-48ac3e42d26f does not exist. Creating ...
2019-09-19 13:31:06,559 [pool-459-thread-1] INFO  storage.RaftStorageDirectory (RaftStorageDirectory.java:tryLock(328)) - Lock on /workdir/hadoop-ozone/integration-test/target/test-dir/MiniOzoneClusterImpl-4d5d2d7a-88bc-4d8f-bc17-99926ca9d3cb/datanode-5/data/ratis/499821f6-daa4-473e-bd3e-48ac3e42d26f/in_use.lock acquired by nodename 4818@pr-hdds-1982-decom-states-fm625-96302961
2019-09-19 13:31:06,572 [pool-459-thread-1] INFO  storage.RaftStorage (RaftStorage.java:format(72)) - Storage directory /workdir/hadoop-ozone/integration-test/target/test-dir/MiniOzoneClusterImpl-4d5d2d7a-88bc-4d8f-bc17-99926ca9d3cb/datanode-5/data/ratis/499821f6-daa4-473e-bd3e-48ac3e42d26f has been successfully formatted.
2019-09-19 13:31:06,572 [pool-459-thread-1] INFO  ratis.ContainerStateMachine (ContainerStateMachine.java:loadSnapshot(230)) - group-48AC3E42D26F: The snapshot info is null. Setting the last applied indexto:(t:0, i:~)
2019-09-19 13:31:06,572 [pool-459-thread-1] INFO  server.RaftServerConfigKeys (ConfUtils.java:logGet(43)) - raft.server.notification.no-leader.timeout = 120s (custom)
2019-09-19 13:31:06,572 [pool-459-thread-1] INFO  server.RaftServerConfigKeys (ConfUtils.java:logGet(43)) - raft.server.log.use.memory = false (default)
2019-09-19 13:31:06,572 [pool-459-thread-1] INFO  server.RaftServerConfigKeys (ConfUtils.java:logGet(43)) - raft.server.log.purge.gap = 1000000 (custom)
2019-09-19 13:31:06,572 [pool-459-thread-1] INFO  server.RaftServerConfigKeys (ConfUtils.java:logGet(43)) - raft.server.log.appender.buffer.byte-limit = 33554432 (custom)
2019-09-19 13:31:06,573 [pool-459-thread-1] INFO  server.RaftServerConfigKeys (ConfUtils.java:logGet(43)) - raft.server.log.segment.size.max = 1048576 (custom)
2019-09-19 13:31:06,573 [pool-459-thread-1] INFO  server.RaftServerConfigKeys (ConfUtils.java:logGet(43)) - raft.server.log.segment.cache.num.max = 2 (custom)
2019-09-19 13:31:06,573 [pool-459-thread-1] INFO  segmented.SegmentedRaftLogWorker (SegmentedRaftLogWorker.java:<init>(172)) - new e9b4aebe-416b-4a6e-b639-511f332e30a8@group-48AC3E42D26F-SegmentedRaftLogWorker for RaftStorage:Storage Directory /workdir/hadoop-ozone/integration-test/target/test-dir/MiniOzoneClusterImpl-4d5d2d7a-88bc-4d8f-bc17-99926ca9d3cb/datanode-5/data/ratis/499821f6-daa4-473e-bd3e-48ac3e42d26f
2019-09-19 13:31:06,574 [pool-459-thread-1] INFO  server.RaftServerConfigKeys (ConfUtils.java:logGet(43)) - raft.server.log.queue.byte-limit = 2147483647 (custom)
2019-09-19 13:31:06,575 [pool-459-thread-1] INFO  server.RaftServerConfigKeys (ConfUtils.java:logGet(43)) - raft.server.log.queue.element-limit = 1024 (custom)
2019-09-19 13:31:06,575 [pool-459-thread-1] INFO  server.RaftServerConfigKeys (ConfUtils.java:logGet(43)) - raft.server.log.segment.size.max = 1048576 (custom)
2019-09-19 13:31:06,575 [pool-459-thread-1] INFO  server.RaftServerConfigKeys (ConfUtils.java:logGet(43)) - raft.server.log.preallocated.size = 16384 (custom)
2019-09-19 13:31:06,575 [pool-459-thread-1] INFO  server.RaftServerConfigKeys (ConfUtils.java:logGet(43)) - raft.server.log.write.buffer.size = 33554432 (custom)
2019-09-19 13:31:06,575 [pool-459-thread-1] INFO  server.RaftServerConfigKeys (ConfUtils.java:logGet(43)) - raft.server.log.force.sync.num = 128 (default)
2019-09-19 13:31:06,575 [pool-459-thread-1] INFO  server.RaftServerConfigKeys (ConfUtils.java:logGet(43)) - raft.server.log.statemachine.data.sync = true (default)
2019-09-19 13:31:06,576 [pool-459-thread-1] INFO  server.RaftServerConfigKeys (ConfUtils.java:logGet(43)) - raft.server.log.statemachine.data.sync.timeout = 10s (default)
2019-09-19 13:31:06,576 [pool-459-thread-1] INFO  server.RaftServerConfigKeys (ConfUtils.java:logGet(43)) - raft.server.log.statemachine.data.sync.timeout.retry = -1 (default)
2019-09-19 13:31:06,576 [pool-459-thread-1] INFO  server.RaftServerConfigKeys (ConfUtils.java:logGet(43)) - raft.server.log.statemachine.data.caching.enabled = true (custom)
2019-09-19 13:31:06,576 [pool-459-thread-1] INFO  segmented.SegmentedRaftLogWorker (SegmentedRaftLogWorker.java:lambda$new$0(132)) - e9b4aebe-416b-4a6e-b639-511f332e30a8@group-48AC3E42D26F-SegmentedRaftLogWorker: flushIndex: setUnconditionally 0 -> -1
2019-09-19 13:31:06,576 [pool-459-thread-1] INFO  server.RaftServerConfigKeys (ConfUtils.java:logGet(43)) - raft.server.snapshot.auto.trigger.enabled = true (custom)
2019-09-19 13:31:06,577 [pool-459-thread-1] INFO  server.RaftServerConfigKeys (ConfUtils.java:logGet(43)) - raft.server.snapshot.auto.trigger.threshold = 10000 (custom)
2019-09-19 13:31:06,577 [pool-459-thread-1] INFO  server.RaftServerConfigKeys (ConfUtils.java:logGet(43)) - raft.server.snapshot.retention.num.files = 5 (custom)
2019-09-19 13:31:06,577 [pool-459-thread-1] INFO  server.RaftServerConfigKeys (ConfUtils.java:logGet(43)) - raft.server.retrycache.expirytime = 600000ms (custom)
2019-09-19 13:31:06,579 [pool-459-thread-1] INFO  impl.RaftServerImpl (RaftServerImpl.java:start(185)) - e9b4aebe-416b-4a6e-b639-511f332e30a8@group-48AC3E42D26F: start as a follower, conf=-1: [e9b4aebe-416b-4a6e-b639-511f332e30a8:192.168.34.51:45698], old=null
2019-09-19 13:31:06,579 [pool-459-thread-1] INFO  impl.RaftServerImpl (RaftServerImpl.java:setRole(174)) - e9b4aebe-416b-4a6e-b639-511f332e30a8@group-48AC3E42D26F: changes role from      null to FOLLOWER at term 0 for startAsFollower
2019-09-19 13:31:06,579 [pool-459-thread-1] INFO  impl.RoleInfo (RoleInfo.java:updateAndGet(143)) - e9b4aebe-416b-4a6e-b639-511f332e30a8: start FollowerState
2019-09-19 13:31:06,579 [pool-459-thread-1] INFO  util.JmxRegister (JmxRegister.java:tryRegister(44)) - Successfully registered JMX Bean with object name Ratis:service=RaftServer,group=group-48AC3E42D26F,id=e9b4aebe-416b-4a6e-b639-511f332e30a8
2019-09-19 13:31:06,581 [RatisPipelineUtilsThread] INFO  pipeline.PipelineStateManager (PipelineStateManager.java:addPipeline(56)) - Created pipeline Pipeline[ Id: 499821f6-daa4-473e-bd3e-48ac3e42d26f, Nodes: e9b4aebe-416b-4a6e-b639-511f332e30a8{ip: 192.168.34.51, host: pr-hdds-1982-decom-states-fm625-96302961, networkLocation: /default-rack, certSerialId: null}, Type:RATIS, Factor:ONE, State:OPEN]
2019-09-19 13:31:06,606 [grpc-default-executor-3] INFO  impl.RaftServerProxy (RaftServerProxy.java:addNew(89)) - 0a0d37aa-ff90-4935-8d48-c839ac7b3aa9: addNew group-AC46B0BD9F6E:[ba204b2d-37a0-404f-91dd-7a92ee0c53b2:192.168.34.51:33948, d0f0864f-f10e-402b-b950-9345ab4d2f6b:192.168.34.51:37964, 0a0d37aa-ff90-4935-8d48-c839ac7b3aa9:192.168.34.51:39232] returns group-AC46B0BD9F6E:java.util.concurrent.CompletableFuture@7ad6b7bb[Not completed]
2019-09-19 13:31:06,606 [grpc-default-executor-4] INFO  impl.RaftServerProxy (RaftServerProxy.java:addNew(89)) - ba204b2d-37a0-404f-91dd-7a92ee0c53b2: addNew group-AC46B0BD9F6E:[ba204b2d-37a0-404f-91dd-7a92ee0c53b2:192.168.34.51:33948, d0f0864f-f10e-402b-b950-9345ab4d2f6b:192.168.34.51:37964, 0a0d37aa-ff90-4935-8d48-c839ac7b3aa9:192.168.34.51:39232] returns group-AC46B0BD9F6E:java.util.concurrent.CompletableFuture@76dc787a[Not completed]
2019-09-19 13:31:06,609 [grpc-default-executor-6] INFO  impl.RaftServerProxy (RaftServerProxy.java:addNew(89)) - d0f0864f-f10e-402b-b950-9345ab4d2f6b: addNew group-AC46B0BD9F6E:[ba204b2d-37a0-404f-91dd-7a92ee0c53b2:192.168.34.51:33948, d0f0864f-f10e-402b-b950-9345ab4d2f6b:192.168.34.51:37964, 0a0d37aa-ff90-4935-8d48-c839ac7b3aa9:192.168.34.51:39232] returns group-AC46B0BD9F6E:java.util.concurrent.CompletableFuture@3192773c[Not completed]
2019-09-19 13:31:06,610 [pool-449-thread-1] INFO  impl.RaftServerImpl (RaftServerImpl.java:<init>(95)) - ba204b2d-37a0-404f-91dd-7a92ee0c53b2: new RaftServerImpl for group-AC46B0BD9F6E:[ba204b2d-37a0-404f-91dd-7a92ee0c53b2:192.168.34.51:33948, d0f0864f-f10e-402b-b950-9345ab4d2f6b:192.168.34.51:37964, 0a0d37aa-ff90-4935-8d48-c839ac7b3aa9:192.168.34.51:39232] with ContainerStateMachine:uninitialized
2019-09-19 13:31:06,610 [pool-449-thread-1] INFO  server.RaftServerConfigKeys (ConfUtils.java:logGet(43)) - raft.server.rpc.timeout.min = 5s (custom)
2019-09-19 13:31:06,610 [pool-449-thread-1] INFO  server.RaftServerConfigKeys (ConfUtils.java:logGet(43)) - raft.server.rpc.timeout.max = 5200ms (custom)
2019-09-19 13:31:06,610 [pool-449-thread-1] INFO  server.RaftServerConfigKeys (ConfUtils.java:logGet(43)) - raft.server.rpcslowness.timeout = 120s (custom)
2019-09-19 13:31:06,610 [pool-449-thread-1] INFO  server.RaftServerConfigKeys (ConfUtils.java:logGet(43)) - raft.server.sleep.deviation.threshold = 300 (default)
2019-09-19 13:31:06,610 [pool-449-thread-1] INFO  server.RaftServerConfigKeys (ConfUtils.java:logGet(43)) - raft.server.log.appender.install.snapshot.enabled = false (custom)
2019-09-19 13:31:06,610 [pool-449-thread-1] INFO  impl.RaftServerImpl (ServerState.java:<init>(103)) - ba204b2d-37a0-404f-91dd-7a92ee0c53b2@group-AC46B0BD9F6E: ConfigurationManager, init=-1: [ba204b2d-37a0-404f-91dd-7a92ee0c53b2:192.168.34.51:33948, d0f0864f-f10e-402b-b950-9345ab4d2f6b:192.168.34.51:37964, 0a0d37aa-ff90-4935-8d48-c839ac7b3aa9:192.168.34.51:39232], old=null, confs=<EMPTY_MAP>
2019-09-19 13:31:06,610 [pool-449-thread-1] INFO  server.RaftServerConfigKeys (ConfUtils.java:logGet(43)) - raft.server.storage.dir = [/workdir/hadoop-ozone/integration-test/target/test-dir/MiniOzoneClusterImpl-4d5d2d7a-88bc-4d8f-bc17-99926ca9d3cb/datanode-4/data/ratis] (custom)
2019-09-19 13:31:06,610 [pool-439-thread-1] INFO  impl.RaftServerImpl (RaftServerImpl.java:<init>(95)) - d0f0864f-f10e-402b-b950-9345ab4d2f6b: new RaftServerImpl for group-AC46B0BD9F6E:[ba204b2d-37a0-404f-91dd-7a92ee0c53b2:192.168.34.51:33948, d0f0864f-f10e-402b-b950-9345ab4d2f6b:192.168.34.51:37964, 0a0d37aa-ff90-4935-8d48-c839ac7b3aa9:192.168.34.51:39232] with ContainerStateMachine:uninitialized
2019-09-19 13:31:06,611 [pool-439-thread-1] INFO  server.RaftServerConfigKeys (ConfUtils.java:logGet(43)) - raft.server.rpc.timeout.min = 5s (custom)
2019-09-19 13:31:06,611 [pool-449-thread-1] INFO  storage.RaftStorageDirectory (RaftStorageDirectory.java:analyzeStorage(246)) - The storage directory /workdir/hadoop-ozone/integration-test/target/test-dir/MiniOzoneClusterImpl-4d5d2d7a-88bc-4d8f-bc17-99926ca9d3cb/datanode-4/data/ratis/61905a30-3d6c-4a96-af7b-ac46b0bd9f6e does not exist. Creating ...
2019-09-19 13:31:06,611 [pool-469-thread-1] INFO  impl.RaftServerImpl (RaftServerImpl.java:<init>(95)) - 0a0d37aa-ff90-4935-8d48-c839ac7b3aa9: new RaftServerImpl for group-AC46B0BD9F6E:[ba204b2d-37a0-404f-91dd-7a92ee0c53b2:192.168.34.51:33948, d0f0864f-f10e-402b-b950-9345ab4d2f6b:192.168.34.51:37964, 0a0d37aa-ff90-4935-8d48-c839ac7b3aa9:192.168.34.51:39232] with ContainerStateMachine:uninitialized
2019-09-19 13:31:06,611 [pool-439-thread-1] INFO  server.RaftServerConfigKeys (ConfUtils.java:logGet(43)) - raft.server.rpc.timeout.max = 5200ms (custom)
2019-09-19 13:31:06,611 [pool-469-thread-1] INFO  server.RaftServerConfigKeys (ConfUtils.java:logGet(43)) - raft.server.rpc.timeout.min = 5s (custom)
2019-09-19 13:31:06,611 [pool-439-thread-1] INFO  server.RaftServerConfigKeys (ConfUtils.java:logGet(43)) - raft.server.rpcslowness.timeout = 120s (custom)
2019-09-19 13:31:06,611 [pool-469-thread-1] INFO  server.RaftServerConfigKeys (ConfUtils.java:logGet(43)) - raft.server.rpc.timeout.max = 5200ms (custom)
2019-09-19 13:31:06,611 [pool-439-thread-1] INFO  server.RaftServerConfigKeys (ConfUtils.java:logGet(43)) - raft.server.sleep.deviation.threshold = 300 (default)
2019-09-19 13:31:06,611 [pool-469-thread-1] INFO  server.RaftServerConfigKeys (ConfUtils.java:logGet(43)) - raft.server.rpcslowness.timeout = 120s (custom)
2019-09-19 13:31:06,611 [pool-439-thread-1] INFO  server.RaftServerConfigKeys (ConfUtils.java:logGet(43)) - raft.server.log.appender.install.snapshot.enabled = false (custom)
2019-09-19 13:31:06,611 [pool-469-thread-1] INFO  server.RaftServerConfigKeys (ConfUtils.java:logGet(43)) - raft.server.sleep.deviation.threshold = 300 (default)
2019-09-19 13:31:06,612 [pool-439-thread-1] INFO  impl.RaftServerImpl (ServerState.java:<init>(103)) - d0f0864f-f10e-402b-b950-9345ab4d2f6b@group-AC46B0BD9F6E: ConfigurationManager, init=-1: [ba204b2d-37a0-404f-91dd-7a92ee0c53b2:192.168.34.51:33948, d0f0864f-f10e-402b-b950-9345ab4d2f6b:192.168.34.51:37964, 0a0d37aa-ff90-4935-8d48-c839ac7b3aa9:192.168.34.51:39232], old=null, confs=<EMPTY_MAP>
2019-09-19 13:31:06,612 [pool-469-thread-1] INFO  server.RaftServerConfigKeys (ConfUtils.java:logGet(43)) - raft.server.log.appender.install.snapshot.enabled = false (custom)
2019-09-19 13:31:06,612 [pool-439-thread-1] INFO  server.RaftServerConfigKeys (ConfUtils.java:logGet(43)) - raft.server.storage.dir = [/workdir/hadoop-ozone/integration-test/target/test-dir/MiniOzoneClusterImpl-4d5d2d7a-88bc-4d8f-bc17-99926ca9d3cb/datanode-3/data/ratis] (custom)
2019-09-19 13:31:06,612 [pool-469-thread-1] INFO  impl.RaftServerImpl (ServerState.java:<init>(103)) - 0a0d37aa-ff90-4935-8d48-c839ac7b3aa9@group-AC46B0BD9F6E: ConfigurationManager, init=-1: [ba204b2d-37a0-404f-91dd-7a92ee0c53b2:192.168.34.51:33948, d0f0864f-f10e-402b-b950-9345ab4d2f6b:192.168.34.51:37964, 0a0d37aa-ff90-4935-8d48-c839ac7b3aa9:192.168.34.51:39232], old=null, confs=<EMPTY_MAP>
2019-09-19 13:31:06,612 [pool-469-thread-1] INFO  server.RaftServerConfigKeys (ConfUtils.java:logGet(43)) - raft.server.storage.dir = [/workdir/hadoop-ozone/integration-test/target/test-dir/MiniOzoneClusterImpl-4d5d2d7a-88bc-4d8f-bc17-99926ca9d3cb/datanode-6/data/ratis] (custom)
2019-09-19 13:31:06,612 [pool-439-thread-1] INFO  storage.RaftStorageDirectory (RaftStorageDirectory.java:analyzeStorage(246)) - The storage directory /workdir/hadoop-ozone/integration-test/target/test-dir/MiniOzoneClusterImpl-4d5d2d7a-88bc-4d8f-bc17-99926ca9d3cb/datanode-3/data/ratis/61905a30-3d6c-4a96-af7b-ac46b0bd9f6e does not exist. Creating ...
2019-09-19 13:31:06,612 [pool-469-thread-1] INFO  storage.RaftStorageDirectory (RaftStorageDirectory.java:analyzeStorage(246)) - The storage directory /workdir/hadoop-ozone/integration-test/target/test-dir/MiniOzoneClusterImpl-4d5d2d7a-88bc-4d8f-bc17-99926ca9d3cb/datanode-6/data/ratis/61905a30-3d6c-4a96-af7b-ac46b0bd9f6e does not exist. Creating ...
2019-09-19 13:31:06,624 [pool-439-thread-1] INFO  storage.RaftStorageDirectory (RaftStorageDirectory.java:tryLock(328)) - Lock on /workdir/hadoop-ozone/integration-test/target/test-dir/MiniOzoneClusterImpl-4d5d2d7a-88bc-4d8f-bc17-99926ca9d3cb/datanode-3/data/ratis/61905a30-3d6c-4a96-af7b-ac46b0bd9f6e/in_use.lock acquired by nodename 4818@pr-hdds-1982-decom-states-fm625-96302961
2019-09-19 13:31:06,624 [pool-469-thread-1] INFO  storage.RaftStorageDirectory (RaftStorageDirectory.java:tryLock(328)) - Lock on /workdir/hadoop-ozone/integration-test/target/test-dir/MiniOzoneClusterImpl-4d5d2d7a-88bc-4d8f-bc17-99926ca9d3cb/datanode-6/data/ratis/61905a30-3d6c-4a96-af7b-ac46b0bd9f6e/in_use.lock acquired by nodename 4818@pr-hdds-1982-decom-states-fm625-96302961
2019-09-19 13:31:06,624 [pool-449-thread-1] INFO  storage.RaftStorageDirectory (RaftStorageDirectory.java:tryLock(328)) - Lock on /workdir/hadoop-ozone/integration-test/target/test-dir/MiniOzoneClusterImpl-4d5d2d7a-88bc-4d8f-bc17-99926ca9d3cb/datanode-4/data/ratis/61905a30-3d6c-4a96-af7b-ac46b0bd9f6e/in_use.lock acquired by nodename 4818@pr-hdds-1982-decom-states-fm625-96302961
2019-09-19 13:31:06,637 [pool-449-thread-1] INFO  storage.RaftStorage (RaftStorage.java:format(72)) - Storage directory /workdir/hadoop-ozone/integration-test/target/test-dir/MiniOzoneClusterImpl-4d5d2d7a-88bc-4d8f-bc17-99926ca9d3cb/datanode-4/data/ratis/61905a30-3d6c-4a96-af7b-ac46b0bd9f6e has been successfully formatted.
2019-09-19 13:31:06,637 [pool-439-thread-1] INFO  storage.RaftStorage (RaftStorage.java:format(72)) - Storage directory /workdir/hadoop-ozone/integration-test/target/test-dir/MiniOzoneClusterImpl-4d5d2d7a-88bc-4d8f-bc17-99926ca9d3cb/datanode-3/data/ratis/61905a30-3d6c-4a96-af7b-ac46b0bd9f6e has been successfully formatted.
2019-09-19 13:31:06,638 [pool-449-thread-1] INFO  ratis.ContainerStateMachine (ContainerStateMachine.java:loadSnapshot(230)) - group-AC46B0BD9F6E: The snapshot info is null. Setting the last applied indexto:(t:0, i:~)
2019-09-19 13:31:06,637 [pool-469-thread-1] INFO  storage.RaftStorage (RaftStorage.java:format(72)) - Storage directory /workdir/hadoop-ozone/integration-test/target/test-dir/MiniOzoneClusterImpl-4d5d2d7a-88bc-4d8f-bc17-99926ca9d3cb/datanode-6/data/ratis/61905a30-3d6c-4a96-af7b-ac46b0bd9f6e has been successfully formatted.
2019-09-19 13:31:06,638 [pool-449-thread-1] INFO  server.RaftServerConfigKeys (ConfUtils.java:logGet(43)) - raft.server.notification.no-leader.timeout = 120s (custom)
2019-09-19 13:31:06,638 [pool-439-thread-1] INFO  ratis.ContainerStateMachine (ContainerStateMachine.java:loadSnapshot(230)) - group-AC46B0BD9F6E: The snapshot info is null. Setting the last applied indexto:(t:0, i:~)
2019-09-19 13:31:06,638 [pool-469-thread-1] INFO  ratis.ContainerStateMachine (ContainerStateMachine.java:loadSnapshot(230)) - group-AC46B0BD9F6E: The snapshot info is null. Setting the last applied indexto:(t:0, i:~)
2019-09-19 13:31:06,638 [pool-449-thread-1] INFO  server.RaftServerConfigKeys (ConfUtils.java:logGet(43)) - raft.server.log.use.memory = false (default)
2019-09-19 13:31:06,638 [pool-469-thread-1] INFO  server.RaftServerConfigKeys (ConfUtils.java:logGet(43)) - raft.server.notification.no-leader.timeout = 120s (custom)
2019-09-19 13:31:06,638 [pool-439-thread-1] INFO  server.RaftServerConfigKeys (ConfUtils.java:logGet(43)) - raft.server.notification.no-leader.timeout = 120s (custom)
2019-09-19 13:31:06,638 [pool-469-thread-1] INFO  server.RaftServerConfigKeys (ConfUtils.java:logGet(43)) - raft.server.log.use.memory = false (default)
2019-09-19 13:31:06,638 [pool-449-thread-1] INFO  server.RaftServerConfigKeys (ConfUtils.java:logGet(43)) - raft.server.log.purge.gap = 1000000 (custom)
2019-09-19 13:31:06,639 [pool-469-thread-1] INFO  server.RaftServerConfigKeys (ConfUtils.java:logGet(43)) - raft.server.log.purge.gap = 1000000 (custom)
2019-09-19 13:31:06,639 [pool-439-thread-1] INFO  server.RaftServerConfigKeys (ConfUtils.java:logGet(43)) - raft.server.log.use.memory = false (default)
2019-09-19 13:31:06,639 [pool-469-thread-1] INFO  server.RaftServerConfigKeys (ConfUtils.java:logGet(43)) - raft.server.log.appender.buffer.byte-limit = 33554432 (custom)
2019-09-19 13:31:06,639 [pool-449-thread-1] INFO  server.RaftServerConfigKeys (ConfUtils.java:logGet(43)) - raft.server.log.appender.buffer.byte-limit = 33554432 (custom)
2019-09-19 13:31:06,639 [pool-469-thread-1] INFO  server.RaftServerConfigKeys (ConfUtils.java:logGet(43)) - raft.server.log.segment.size.max = 1048576 (custom)
2019-09-19 13:31:06,639 [pool-439-thread-1] INFO  server.RaftServerConfigKeys (ConfUtils.java:logGet(43)) - raft.server.log.purge.gap = 1000000 (custom)
2019-09-19 13:31:06,639 [pool-469-thread-1] INFO  server.RaftServerConfigKeys (ConfUtils.java:logGet(43)) - raft.server.log.segment.cache.num.max = 2 (custom)
2019-09-19 13:31:06,639 [pool-449-thread-1] INFO  server.RaftServerConfigKeys (ConfUtils.java:logGet(43)) - raft.server.log.segment.size.max = 1048576 (custom)
2019-09-19 13:31:06,639 [pool-469-thread-1] INFO  segmented.SegmentedRaftLogWorker (SegmentedRaftLogWorker.java:<init>(172)) - new 0a0d37aa-ff90-4935-8d48-c839ac7b3aa9@group-AC46B0BD9F6E-SegmentedRaftLogWorker for RaftStorage:Storage Directory /workdir/hadoop-ozone/integration-test/target/test-dir/MiniOzoneClusterImpl-4d5d2d7a-88bc-4d8f-bc17-99926ca9d3cb/datanode-6/data/ratis/61905a30-3d6c-4a96-af7b-ac46b0bd9f6e
2019-09-19 13:31:06,639 [pool-439-thread-1] INFO  server.RaftServerConfigKeys (ConfUtils.java:logGet(43)) - raft.server.log.appender.buffer.byte-limit = 33554432 (custom)
2019-09-19 13:31:06,640 [pool-469-thread-1] INFO  server.RaftServerConfigKeys (ConfUtils.java:logGet(43)) - raft.server.log.queue.byte-limit = 2147483647 (custom)
2019-09-19 13:31:06,640 [pool-449-thread-1] INFO  server.RaftServerConfigKeys (ConfUtils.java:logGet(43)) - raft.server.log.segment.cache.num.max = 2 (custom)
2019-09-19 13:31:06,640 [pool-469-thread-1] INFO  server.RaftServerConfigKeys (ConfUtils.java:logGet(43)) - raft.server.log.queue.element-limit = 1024 (custom)
2019-09-19 13:31:06,640 [pool-439-thread-1] INFO  server.RaftServerConfigKeys (ConfUtils.java:logGet(43)) - raft.server.log.segment.size.max = 1048576 (custom)
2019-09-19 13:31:06,640 [pool-469-thread-1] INFO  server.RaftServerConfigKeys (ConfUtils.java:logGet(43)) - raft.server.log.segment.size.max = 1048576 (custom)
2019-09-19 13:31:06,640 [pool-449-thread-1] INFO  segmented.SegmentedRaftLogWorker (SegmentedRaftLogWorker.java:<init>(172)) - new ba204b2d-37a0-404f-91dd-7a92ee0c53b2@group-AC46B0BD9F6E-SegmentedRaftLogWorker for RaftStorage:Storage Directory /workdir/hadoop-ozone/integration-test/target/test-dir/MiniOzoneClusterImpl-4d5d2d7a-88bc-4d8f-bc17-99926ca9d3cb/datanode-4/data/ratis/61905a30-3d6c-4a96-af7b-ac46b0bd9f6e
2019-09-19 13:31:06,640 [pool-469-thread-1] INFO  server.RaftServerConfigKeys (ConfUtils.java:logGet(43)) - raft.server.log.preallocated.size = 16384 (custom)
2019-09-19 13:31:06,640 [pool-439-thread-1] INFO  server.RaftServerConfigKeys (ConfUtils.java:logGet(43)) - raft.server.log.segment.cache.num.max = 2 (custom)
2019-09-19 13:31:06,640 [pool-469-thread-1] INFO  server.RaftServerConfigKeys (ConfUtils.java:logGet(43)) - raft.server.log.write.buffer.size = 33554432 (custom)
2019-09-19 13:31:06,640 [pool-449-thread-1] INFO  server.RaftServerConfigKeys (ConfUtils.java:logGet(43)) - raft.server.log.queue.byte-limit = 2147483647 (custom)
2019-09-19 13:31:06,641 [pool-469-thread-1] INFO  server.RaftServerConfigKeys (ConfUtils.java:logGet(43)) - raft.server.log.force.sync.num = 128 (default)
2019-09-19 13:31:06,641 [pool-439-thread-1] INFO  segmented.SegmentedRaftLogWorker (SegmentedRaftLogWorker.java:<init>(172)) - new d0f0864f-f10e-402b-b950-9345ab4d2f6b@group-AC46B0BD9F6E-SegmentedRaftLogWorker for RaftStorage:Storage Directory /workdir/hadoop-ozone/integration-test/target/test-dir/MiniOzoneClusterImpl-4d5d2d7a-88bc-4d8f-bc17-99926ca9d3cb/datanode-3/data/ratis/61905a30-3d6c-4a96-af7b-ac46b0bd9f6e
2019-09-19 13:31:06,641 [pool-469-thread-1] INFO  server.RaftServerConfigKeys (ConfUtils.java:logGet(43)) - raft.server.log.statemachine.data.sync = true (default)
2019-09-19 13:31:06,641 [pool-449-thread-1] INFO  server.RaftServerConfigKeys (ConfUtils.java:logGet(43)) - raft.server.log.queue.element-limit = 1024 (custom)
2019-09-19 13:31:06,641 [pool-469-thread-1] INFO  server.RaftServerConfigKeys (ConfUtils.java:logGet(43)) - raft.server.log.statemachine.data.sync.timeout = 10s (default)
2019-09-19 13:31:06,641 [pool-439-thread-1] INFO  server.RaftServerConfigKeys (ConfUtils.java:logGet(43)) - raft.server.log.queue.byte-limit = 2147483647 (custom)
2019-09-19 13:31:06,641 [pool-469-thread-1] INFO  server.RaftServerConfigKeys (ConfUtils.java:logGet(43)) - raft.server.log.statemachine.data.sync.timeout.retry = -1 (default)
2019-09-19 13:31:06,641 [pool-449-thread-1] INFO  server.RaftServerConfigKeys (ConfUtils.java:logGet(43)) - raft.server.log.segment.size.max = 1048576 (custom)
2019-09-19 13:31:06,641 [pool-469-thread-1] INFO  server.RaftServerConfigKeys (ConfUtils.java:logGet(43)) - raft.server.log.statemachine.data.caching.enabled = true (custom)
2019-09-19 13:31:06,641 [pool-439-thread-1] INFO  server.RaftServerConfigKeys (ConfUtils.java:logGet(43)) - raft.server.log.queue.element-limit = 1024 (custom)
2019-09-19 13:31:06,642 [pool-469-thread-1] INFO  segmented.SegmentedRaftLogWorker (SegmentedRaftLogWorker.java:lambda$new$0(132)) - 0a0d37aa-ff90-4935-8d48-c839ac7b3aa9@group-AC46B0BD9F6E-SegmentedRaftLogWorker: flushIndex: setUnconditionally 0 -> -1
2019-09-19 13:31:06,642 [pool-449-thread-1] INFO  server.RaftServerConfigKeys (ConfUtils.java:logGet(43)) - raft.server.log.preallocated.size = 16384 (custom)
2019-09-19 13:31:06,642 [pool-439-thread-1] INFO  server.RaftServerConfigKeys (ConfUtils.java:logGet(43)) - raft.server.log.segment.size.max = 1048576 (custom)
2019-09-19 13:31:06,642 [pool-469-thread-1] INFO  server.RaftServerConfigKeys (ConfUtils.java:logGet(43)) - raft.server.snapshot.auto.trigger.enabled = true (custom)
2019-09-19 13:31:06,642 [pool-449-thread-1] INFO  server.RaftServerConfigKeys (ConfUtils.java:logGet(43)) - raft.server.log.write.buffer.size = 33554432 (custom)
2019-09-19 13:31:06,642 [pool-469-thread-1] INFO  server.RaftServerConfigKeys (ConfUtils.java:logGet(43)) - raft.server.snapshot.auto.trigger.threshold = 10000 (custom)
2019-09-19 13:31:06,642 [pool-439-thread-1] INFO  server.RaftServerConfigKeys (ConfUtils.java:logGet(43)) - raft.server.log.preallocated.size = 16384 (custom)
2019-09-19 13:31:06,642 [pool-469-thread-1] INFO  server.RaftServerConfigKeys (ConfUtils.java:logGet(43)) - raft.server.snapshot.retention.num.files = 5 (custom)
2019-09-19 13:31:06,642 [pool-449-thread-1] INFO  server.RaftServerConfigKeys (ConfUtils.java:logGet(43)) - raft.server.log.force.sync.num = 128 (default)
2019-09-19 13:31:06,643 [pool-469-thread-1] INFO  server.RaftServerConfigKeys (ConfUtils.java:logGet(43)) - raft.server.retrycache.expirytime = 600000ms (custom)
2019-09-19 13:31:06,642 [pool-439-thread-1] INFO  server.RaftServerConfigKeys (ConfUtils.java:logGet(43)) - raft.server.log.write.buffer.size = 33554432 (custom)
2019-09-19 13:31:06,643 [pool-449-thread-1] INFO  server.RaftServerConfigKeys (ConfUtils.java:logGet(43)) - raft.server.log.statemachine.data.sync = true (default)
2019-09-19 13:31:06,643 [pool-439-thread-1] INFO  server.RaftServerConfigKeys (ConfUtils.java:logGet(43)) - raft.server.log.force.sync.num = 128 (default)
2019-09-19 13:31:06,643 [pool-449-thread-1] INFO  server.RaftServerConfigKeys (ConfUtils.java:logGet(43)) - raft.server.log.statemachine.data.sync.timeout = 10s (default)
2019-09-19 13:31:06,643 [pool-439-thread-1] INFO  server.RaftServerConfigKeys (ConfUtils.java:logGet(43)) - raft.server.log.statemachine.data.sync = true (default)
2019-09-19 13:31:06,643 [pool-449-thread-1] INFO  server.RaftServerConfigKeys (ConfUtils.java:logGet(43)) - raft.server.log.statemachine.data.sync.timeout.retry = -1 (default)
2019-09-19 13:31:06,643 [pool-439-thread-1] INFO  server.RaftServerConfigKeys (ConfUtils.java:logGet(43)) - raft.server.log.statemachine.data.sync.timeout = 10s (default)
2019-09-19 13:31:06,644 [pool-449-thread-1] INFO  server.RaftServerConfigKeys (ConfUtils.java:logGet(43)) - raft.server.log.statemachine.data.caching.enabled = true (custom)
2019-09-19 13:31:06,644 [pool-439-thread-1] INFO  server.RaftServerConfigKeys (ConfUtils.java:logGet(43)) - raft.server.log.statemachine.data.sync.timeout.retry = -1 (default)
2019-09-19 13:31:06,644 [pool-449-thread-1] INFO  segmented.SegmentedRaftLogWorker (SegmentedRaftLogWorker.java:lambda$new$0(132)) - ba204b2d-37a0-404f-91dd-7a92ee0c53b2@group-AC46B0BD9F6E-SegmentedRaftLogWorker: flushIndex: setUnconditionally 0 -> -1
2019-09-19 13:31:06,644 [pool-439-thread-1] INFO  server.RaftServerConfigKeys (ConfUtils.java:logGet(43)) - raft.server.log.statemachine.data.caching.enabled = true (custom)
2019-09-19 13:31:06,644 [pool-449-thread-1] INFO  server.RaftServerConfigKeys (ConfUtils.java:logGet(43)) - raft.server.snapshot.auto.trigger.enabled = true (custom)
2019-09-19 13:31:06,644 [pool-439-thread-1] INFO  segmented.SegmentedRaftLogWorker (SegmentedRaftLogWorker.java:lambda$new$0(132)) - d0f0864f-f10e-402b-b950-9345ab4d2f6b@group-AC46B0BD9F6E-SegmentedRaftLogWorker: flushIndex: setUnconditionally 0 -> -1
2019-09-19 13:31:06,644 [pool-469-thread-1] INFO  impl.RaftServerImpl (RaftServerImpl.java:start(185)) - 0a0d37aa-ff90-4935-8d48-c839ac7b3aa9@group-AC46B0BD9F6E: start as a follower, conf=-1: [ba204b2d-37a0-404f-91dd-7a92ee0c53b2:192.168.34.51:33948, d0f0864f-f10e-402b-b950-9345ab4d2f6b:192.168.34.51:37964, 0a0d37aa-ff90-4935-8d48-c839ac7b3aa9:192.168.34.51:39232], old=null
2019-09-19 13:31:06,644 [pool-449-thread-1] INFO  server.RaftServerConfigKeys (ConfUtils.java:logGet(43)) - raft.server.snapshot.auto.trigger.threshold = 10000 (custom)
2019-09-19 13:31:06,645 [pool-439-thread-1] INFO  server.RaftServerConfigKeys (ConfUtils.java:logGet(43)) - raft.server.snapshot.auto.trigger.enabled = true (custom)
2019-09-19 13:31:06,644 [pool-469-thread-1] INFO  impl.RaftServerImpl (RaftServerImpl.java:setRole(174)) - 0a0d37aa-ff90-4935-8d48-c839ac7b3aa9@group-AC46B0BD9F6E: changes role from      null to FOLLOWER at term 0 for startAsFollower
2019-09-19 13:31:06,645 [pool-439-thread-1] INFO  server.RaftServerConfigKeys (ConfUtils.java:logGet(43)) - raft.server.snapshot.auto.trigger.threshold = 10000 (custom)
2019-09-19 13:31:06,645 [pool-449-thread-1] INFO  server.RaftServerConfigKeys (ConfUtils.java:logGet(43)) - raft.server.snapshot.retention.num.files = 5 (custom)
2019-09-19 13:31:06,645 [pool-439-thread-1] INFO  server.RaftServerConfigKeys (ConfUtils.java:logGet(43)) - raft.server.snapshot.retention.num.files = 5 (custom)
2019-09-19 13:31:06,645 [pool-469-thread-1] INFO  impl.RoleInfo (RoleInfo.java:updateAndGet(143)) - 0a0d37aa-ff90-4935-8d48-c839ac7b3aa9: start FollowerState
2019-09-19 13:31:06,645 [pool-439-thread-1] INFO  server.RaftServerConfigKeys (ConfUtils.java:logGet(43)) - raft.server.retrycache.expirytime = 600000ms (custom)
2019-09-19 13:31:06,645 [pool-449-thread-1] INFO  server.RaftServerConfigKeys (ConfUtils.java:logGet(43)) - raft.server.retrycache.expirytime = 600000ms (custom)
2019-09-19 13:31:06,645 [pool-469-thread-1] INFO  util.JmxRegister (JmxRegister.java:tryRegister(44)) - Successfully registered JMX Bean with object name Ratis:service=RaftServer,group=group-AC46B0BD9F6E,id=0a0d37aa-ff90-4935-8d48-c839ac7b3aa9
2019-09-19 13:31:06,647 [pool-439-thread-1] INFO  impl.RaftServerImpl (RaftServerImpl.java:start(185)) - d0f0864f-f10e-402b-b950-9345ab4d2f6b@group-AC46B0BD9F6E: start as a follower, conf=-1: [ba204b2d-37a0-404f-91dd-7a92ee0c53b2:192.168.34.51:33948, d0f0864f-f10e-402b-b950-9345ab4d2f6b:192.168.34.51:37964, 0a0d37aa-ff90-4935-8d48-c839ac7b3aa9:192.168.34.51:39232], old=null
2019-09-19 13:31:06,647 [pool-449-thread-1] INFO  impl.RaftServerImpl (RaftServerImpl.java:start(185)) - ba204b2d-37a0-404f-91dd-7a92ee0c53b2@group-AC46B0BD9F6E: start as a follower, conf=-1: [ba204b2d-37a0-404f-91dd-7a92ee0c53b2:192.168.34.51:33948, d0f0864f-f10e-402b-b950-9345ab4d2f6b:192.168.34.51:37964, 0a0d37aa-ff90-4935-8d48-c839ac7b3aa9:192.168.34.51:39232], old=null
2019-09-19 13:31:06,647 [pool-439-thread-1] INFO  impl.RaftServerImpl (RaftServerImpl.java:setRole(174)) - d0f0864f-f10e-402b-b950-9345ab4d2f6b@group-AC46B0BD9F6E: changes role from      null to FOLLOWER at term 0 for startAsFollower
2019-09-19 13:31:06,647 [pool-449-thread-1] INFO  impl.RaftServerImpl (RaftServerImpl.java:setRole(174)) - ba204b2d-37a0-404f-91dd-7a92ee0c53b2@group-AC46B0BD9F6E: changes role from      null to FOLLOWER at term 0 for startAsFollower
2019-09-19 13:31:06,647 [pool-439-thread-1] INFO  impl.RoleInfo (RoleInfo.java:updateAndGet(143)) - d0f0864f-f10e-402b-b950-9345ab4d2f6b: start FollowerState
2019-09-19 13:31:06,647 [pool-449-thread-1] INFO  impl.RoleInfo (RoleInfo.java:updateAndGet(143)) - ba204b2d-37a0-404f-91dd-7a92ee0c53b2: start FollowerState
2019-09-19 13:31:06,648 [pool-439-thread-1] INFO  util.JmxRegister (JmxRegister.java:tryRegister(44)) - Successfully registered JMX Bean with object name Ratis:service=RaftServer,group=group-AC46B0BD9F6E,id=d0f0864f-f10e-402b-b950-9345ab4d2f6b
2019-09-19 13:31:06,648 [pool-449-thread-1] INFO  util.JmxRegister (JmxRegister.java:tryRegister(44)) - Successfully registered JMX Bean with object name Ratis:service=RaftServer,group=group-AC46B0BD9F6E,id=ba204b2d-37a0-404f-91dd-7a92ee0c53b2
2019-09-19 13:31:06,650 [RatisPipelineUtilsThread] INFO  pipeline.PipelineStateManager (PipelineStateManager.java:addPipeline(56)) - Created pipeline Pipeline[ Id: 61905a30-3d6c-4a96-af7b-ac46b0bd9f6e, Nodes: 0a0d37aa-ff90-4935-8d48-c839ac7b3aa9{ip: 192.168.34.51, host: pr-hdds-1982-decom-states-fm625-96302961, networkLocation: /default-rack, certSerialId: null}ba204b2d-37a0-404f-91dd-7a92ee0c53b2{ip: 192.168.34.51, host: pr-hdds-1982-decom-states-fm625-96302961, networkLocation: /default-rack, certSerialId: null}d0f0864f-f10e-402b-b950-9345ab4d2f6b{ip: 192.168.34.51, host: pr-hdds-1982-decom-states-fm625-96302961, networkLocation: /default-rack, certSerialId: null}, Type:RATIS, Factor:THREE, State:OPEN]
2019-09-19 13:31:07,448 [main] INFO  ozone.MiniOzoneClusterImpl (MiniOzoneClusterImpl.java:lambda$waitForClusterToBeReady$0(145)) - Cluster is ready. Got 7 of 7 DN Heartbeats.
2019-09-19 13:31:07,474 [main] INFO  rpc.RpcClient (RpcClient.java:createVolume(302)) - Creating Volume: testblockoutputstream, with jenkins1000 as owner.
2019-09-19 13:31:07,477 [IPC Server handler 2 on 34916] INFO  volume.OMVolumeCreateRequest (OMVolumeCreateRequest.java:validateAndUpdateCache(189)) - created volume:testblockoutputstream for user:jenkins1000
2019-09-19 13:31:07,488 [main] INFO  rpc.RpcClient (RpcClient.java:createBucket(441)) - Creating Bucket: testblockoutputstream/testblockoutputstream, with Versioning false and Storage Type set to DISK and Encryption set to false 
2019-09-19 13:31:07,512 [grpc-default-executor-6] INFO  client.GrpcClientProtocolClient (GrpcClientProtocolClient.java:onNext(264)) - client-2F9923FB6C52->02509bdf-4203-447b-86d4-697b6dde9c11: receive RaftClientReply:client-2F9923FB6C52->02509bdf-4203-447b-86d4-697b6dde9c11@group-C2834C3F6D12, cid=176, FAILED org.apache.ratis.protocol.NotLeaderException: Server 02509bdf-4203-447b-86d4-697b6dde9c11@group-C2834C3F6D12 is not the leader, logIndex=0, commits[02509bdf-4203-447b-86d4-697b6dde9c11:c-1]
2019-09-19 13:31:08,536 [grpc-default-executor-4] INFO  client.GrpcClientProtocolClient (GrpcClientProtocolClient.java:onNext(264)) - client-2F9923FB6C52->cf9ed8b7-443d-44fc-a2c6-3bd48ab29d60: receive RaftClientReply:client-2F9923FB6C52->cf9ed8b7-443d-44fc-a2c6-3bd48ab29d60@group-C2834C3F6D12, cid=176, FAILED org.apache.ratis.protocol.NotLeaderException: Server cf9ed8b7-443d-44fc-a2c6-3bd48ab29d60@group-C2834C3F6D12 is not the leader, logIndex=0, commits[cf9ed8b7-443d-44fc-a2c6-3bd48ab29d60:c-1]
2019-09-19 13:31:09,088 [Thread-3017] INFO  container.ReplicationManager (ReplicationManager.java:start(162)) - Starting Replication Monitor Thread.
2019-09-19 13:31:09,091 [ReplicationMonitor] INFO  container.ReplicationManager (ReplicationManager.java:run(225)) - Replication Monitor Thread took 0 milliseconds for processing 1 containers.
2019-09-19 13:31:09,545 [grpc-default-executor-4] INFO  client.GrpcClientProtocolClient (GrpcClientProtocolClient.java:onNext(264)) - client-2F9923FB6C52->02509bdf-4203-447b-86d4-697b6dde9c11: receive RaftClientReply:client-2F9923FB6C52->02509bdf-4203-447b-86d4-697b6dde9c11@group-C2834C3F6D12, cid=176, FAILED org.apache.ratis.protocol.NotLeaderException: Server 02509bdf-4203-447b-86d4-697b6dde9c11@group-C2834C3F6D12 is not the leader, logIndex=0, commits[02509bdf-4203-447b-86d4-697b6dde9c11:c-1]
2019-09-19 13:31:10,559 [grpc-default-executor-4] INFO  client.GrpcClientProtocolClient (GrpcClientProtocolClient.java:onNext(264)) - client-2F9923FB6C52->5a2f126f-e78b-4b68-8184-641a1e5af4bb: receive RaftClientReply:client-2F9923FB6C52->5a2f126f-e78b-4b68-8184-641a1e5af4bb@group-C2834C3F6D12, cid=176, FAILED org.apache.ratis.protocol.NotLeaderException: Server 5a2f126f-e78b-4b68-8184-641a1e5af4bb@group-C2834C3F6D12 is not the leader, logIndex=0, commits[5a2f126f-e78b-4b68-8184-641a1e5af4bb:c-1]
2019-09-19 13:31:11,129 [Thread-3019] INFO  impl.FollowerState (FollowerState.java:run(106)) - 02509bdf-4203-447b-86d4-697b6dde9c11:group-F784D89509C5 changes to CANDIDATE, lastRpcTime:5003, electionTimeout:5003ms
2019-09-19 13:31:11,130 [Thread-3019] INFO  impl.RoleInfo (RoleInfo.java:shutdownFollowerState(121)) - 02509bdf-4203-447b-86d4-697b6dde9c11: shutdown FollowerState
2019-09-19 13:31:11,130 [Thread-3019] INFO  impl.RaftServerImpl (RaftServerImpl.java:setRole(174)) - 02509bdf-4203-447b-86d4-697b6dde9c11@group-F784D89509C5: changes role from  FOLLOWER to CANDIDATE at term 0 for changeToCandidate
2019-09-19 13:31:11,130 [Thread-3019] INFO  impl.RoleInfo (RoleInfo.java:updateAndGet(143)) - 02509bdf-4203-447b-86d4-697b6dde9c11: start LeaderElection
2019-09-19 13:31:11,152 [02509bdf-4203-447b-86d4-697b6dde9c11@group-F784D89509C5:LeaderElection54] INFO  impl.LeaderElection (LeaderElection.java:askForVotes(182)) - 02509bdf-4203-447b-86d4-697b6dde9c11@group-F784D89509C5:LeaderElection54: begin an election at term 1 for -1: [02509bdf-4203-447b-86d4-697b6dde9c11:192.168.34.51:45869], old=null
2019-09-19 13:31:11,152 [02509bdf-4203-447b-86d4-697b6dde9c11@group-F784D89509C5:LeaderElection54] INFO  impl.RoleInfo (RoleInfo.java:shutdownLeaderElection(134)) - 02509bdf-4203-447b-86d4-697b6dde9c11: shutdown LeaderElection
2019-09-19 13:31:11,152 [02509bdf-4203-447b-86d4-697b6dde9c11@group-F784D89509C5:LeaderElection54] INFO  impl.RaftServerImpl (RaftServerImpl.java:setRole(174)) - 02509bdf-4203-447b-86d4-697b6dde9c11@group-F784D89509C5: changes role from CANDIDATE to LEADER at term 1 for changeToLeader
2019-09-19 13:31:11,152 [02509bdf-4203-447b-86d4-697b6dde9c11@group-F784D89509C5:LeaderElection54] INFO  impl.RaftServerImpl (ServerState.java:setLeader(253)) - 02509bdf-4203-447b-86d4-697b6dde9c11@group-F784D89509C5: change Leader from null to 02509bdf-4203-447b-86d4-697b6dde9c11 at term 1 for becomeLeader, leader elected after 5033ms
2019-09-19 13:31:11,152 [02509bdf-4203-447b-86d4-697b6dde9c11@group-F784D89509C5:LeaderElection54] INFO  server.RaftServerConfigKeys (ConfUtils.java:logGet(43)) - raft.server.staging.catchup.gap = 1000 (default)
2019-09-19 13:31:11,152 [02509bdf-4203-447b-86d4-697b6dde9c11@group-F784D89509C5:LeaderElection54] INFO  server.RaftServerConfigKeys (ConfUtils.java:logGet(43)) - raft.server.rpc.sleep.time = 25ms (default)
2019-09-19 13:31:11,152 [02509bdf-4203-447b-86d4-697b6dde9c11@group-F784D89509C5:LeaderElection54] INFO  server.RaftServerConfigKeys (ConfUtils.java:logGet(43)) - raft.server.write.element-limit = 4096 (default)
2019-09-19 13:31:11,153 [02509bdf-4203-447b-86d4-697b6dde9c11@group-F784D89509C5:LeaderElection54] INFO  server.RaftServerConfigKeys (ConfUtils.java:logGet(43)) - raft.server.watch.timeout = 10s (default)
2019-09-19 13:31:11,153 [02509bdf-4203-447b-86d4-697b6dde9c11@group-F784D89509C5:LeaderElection54] INFO  server.RaftServerConfigKeys (ConfUtils.java:logGet(43)) - raft.server.watch.timeout.denomination = 1s (default)
2019-09-19 13:31:11,153 [02509bdf-4203-447b-86d4-697b6dde9c11@group-F784D89509C5:LeaderElection54] INFO  server.RaftServerConfigKeys (ConfUtils.java:logGet(43)) - raft.server.watch.element-limit = 65536 (default)
2019-09-19 13:31:11,154 [02509bdf-4203-447b-86d4-697b6dde9c11@group-F784D89509C5:LeaderElection54] INFO  impl.RoleInfo (RoleInfo.java:updateAndGet(143)) - 02509bdf-4203-447b-86d4-697b6dde9c11: start LeaderState
2019-09-19 13:31:11,155 [02509bdf-4203-447b-86d4-697b6dde9c11@group-F784D89509C5:LeaderElection54] INFO  segmented.SegmentedRaftLogWorker (SegmentedRaftLogWorker.java:startLogSegment(380)) - 02509bdf-4203-447b-86d4-697b6dde9c11@group-F784D89509C5-SegmentedRaftLogWorker: Starting segment from index:0
2019-09-19 13:31:11,155 [02509bdf-4203-447b-86d4-697b6dde9c11@group-F784D89509C5:LeaderElection54] INFO  impl.RaftServerImpl (ServerState.java:setRaftConf(354)) - 02509bdf-4203-447b-86d4-697b6dde9c11@group-F784D89509C5: set configuration 0: [02509bdf-4203-447b-86d4-697b6dde9c11:192.168.34.51:45869], old=null at 0
2019-09-19 13:31:11,194 [02509bdf-4203-447b-86d4-697b6dde9c11@group-F784D89509C5-SegmentedRaftLogWorker] INFO  segmented.SegmentedRaftLogWorker (SegmentedRaftLogWorker.java:execute(569)) - 02509bdf-4203-447b-86d4-697b6dde9c11@group-F784D89509C5-SegmentedRaftLogWorker: created new log segment /workdir/hadoop-ozone/integration-test/target/test-dir/MiniOzoneClusterImpl-4d5d2d7a-88bc-4d8f-bc17-99926ca9d3cb/datanode-0/data/ratis/257fa37d-1321-4f16-b953-f784d89509c5/current/log_inprogress_0
2019-09-19 13:31:11,239 [Thread-3022] INFO  impl.FollowerState (FollowerState.java:run(106)) - 5a2f126f-e78b-4b68-8184-641a1e5af4bb:group-3CFFB85635A4 changes to CANDIDATE, lastRpcTime:5058, electionTimeout:5058ms
2019-09-19 13:31:11,239 [Thread-3022] INFO  impl.RoleInfo (RoleInfo.java:shutdownFollowerState(121)) - 5a2f126f-e78b-4b68-8184-641a1e5af4bb: shutdown FollowerState
2019-09-19 13:31:11,240 [Thread-3022] INFO  impl.RaftServerImpl (RaftServerImpl.java:setRole(174)) - 5a2f126f-e78b-4b68-8184-641a1e5af4bb@group-3CFFB85635A4: changes role from  FOLLOWER to CANDIDATE at term 0 for changeToCandidate
2019-09-19 13:31:11,240 [Thread-3022] INFO  impl.RoleInfo (RoleInfo.java:updateAndGet(143)) - 5a2f126f-e78b-4b68-8184-641a1e5af4bb: start LeaderElection
2019-09-19 13:31:11,258 [5a2f126f-e78b-4b68-8184-641a1e5af4bb@group-3CFFB85635A4:LeaderElection55] INFO  impl.LeaderElection (LeaderElection.java:askForVotes(182)) - 5a2f126f-e78b-4b68-8184-641a1e5af4bb@group-3CFFB85635A4:LeaderElection55: begin an election at term 1 for -1: [5a2f126f-e78b-4b68-8184-641a1e5af4bb:192.168.34.51:33798], old=null
2019-09-19 13:31:11,258 [5a2f126f-e78b-4b68-8184-641a1e5af4bb@group-3CFFB85635A4:LeaderElection55] INFO  impl.RoleInfo (RoleInfo.java:shutdownLeaderElection(134)) - 5a2f126f-e78b-4b68-8184-641a1e5af4bb: shutdown LeaderElection
2019-09-19 13:31:11,258 [5a2f126f-e78b-4b68-8184-641a1e5af4bb@group-3CFFB85635A4:LeaderElection55] INFO  impl.RaftServerImpl (RaftServerImpl.java:setRole(174)) - 5a2f126f-e78b-4b68-8184-641a1e5af4bb@group-3CFFB85635A4: changes role from CANDIDATE to LEADER at term 1 for changeToLeader
2019-09-19 13:31:11,258 [5a2f126f-e78b-4b68-8184-641a1e5af4bb@group-3CFFB85635A4:LeaderElection55] INFO  impl.RaftServerImpl (ServerState.java:setLeader(253)) - 5a2f126f-e78b-4b68-8184-641a1e5af4bb@group-3CFFB85635A4: change Leader from null to 5a2f126f-e78b-4b68-8184-641a1e5af4bb at term 1 for becomeLeader, leader elected after 5082ms
2019-09-19 13:31:11,258 [5a2f126f-e78b-4b68-8184-641a1e5af4bb@group-3CFFB85635A4:LeaderElection55] INFO  server.RaftServerConfigKeys (ConfUtils.java:logGet(43)) - raft.server.staging.catchup.gap = 1000 (default)
2019-09-19 13:31:11,258 [5a2f126f-e78b-4b68-8184-641a1e5af4bb@group-3CFFB85635A4:LeaderElection55] INFO  server.RaftServerConfigKeys (ConfUtils.java:logGet(43)) - raft.server.rpc.sleep.time = 25ms (default)
2019-09-19 13:31:11,259 [5a2f126f-e78b-4b68-8184-641a1e5af4bb@group-3CFFB85635A4:LeaderElection55] INFO  server.RaftServerConfigKeys (ConfUtils.java:logGet(43)) - raft.server.write.element-limit = 4096 (default)
2019-09-19 13:31:11,259 [5a2f126f-e78b-4b68-8184-641a1e5af4bb@group-3CFFB85635A4:LeaderElection55] INFO  server.RaftServerConfigKeys (ConfUtils.java:logGet(43)) - raft.server.watch.timeout = 10s (default)
2019-09-19 13:31:11,259 [5a2f126f-e78b-4b68-8184-641a1e5af4bb@group-3CFFB85635A4:LeaderElection55] INFO  server.RaftServerConfigKeys (ConfUtils.java:logGet(43)) - raft.server.watch.timeout.denomination = 1s (default)
2019-09-19 13:31:11,259 [5a2f126f-e78b-4b68-8184-641a1e5af4bb@group-3CFFB85635A4:LeaderElection55] INFO  server.RaftServerConfigKeys (ConfUtils.java:logGet(43)) - raft.server.watch.element-limit = 65536 (default)
2019-09-19 13:31:11,260 [5a2f126f-e78b-4b68-8184-641a1e5af4bb@group-3CFFB85635A4:LeaderElection55] INFO  impl.RoleInfo (RoleInfo.java:updateAndGet(143)) - 5a2f126f-e78b-4b68-8184-641a1e5af4bb: start LeaderState
2019-09-19 13:31:11,260 [5a2f126f-e78b-4b68-8184-641a1e5af4bb@group-3CFFB85635A4:LeaderElection55] INFO  segmented.SegmentedRaftLogWorker (SegmentedRaftLogWorker.java:startLogSegment(380)) - 5a2f126f-e78b-4b68-8184-641a1e5af4bb@group-3CFFB85635A4-SegmentedRaftLogWorker: Starting segment from index:0
2019-09-19 13:31:11,261 [5a2f126f-e78b-4b68-8184-641a1e5af4bb@group-3CFFB85635A4:LeaderElection55] INFO  impl.RaftServerImpl (ServerState.java:setRaftConf(354)) - 5a2f126f-e78b-4b68-8184-641a1e5af4bb@group-3CFFB85635A4: set configuration 0: [5a2f126f-e78b-4b68-8184-641a1e5af4bb:192.168.34.51:33798], old=null at 0
2019-09-19 13:31:11,294 [5a2f126f-e78b-4b68-8184-641a1e5af4bb@group-3CFFB85635A4-SegmentedRaftLogWorker] INFO  segmented.SegmentedRaftLogWorker (SegmentedRaftLogWorker.java:execute(569)) - 5a2f126f-e78b-4b68-8184-641a1e5af4bb@group-3CFFB85635A4-SegmentedRaftLogWorker: created new log segment /workdir/hadoop-ozone/integration-test/target/test-dir/MiniOzoneClusterImpl-4d5d2d7a-88bc-4d8f-bc17-99926ca9d3cb/datanode-1/data/ratis/fbeaa8f7-64b0-472d-91b0-3cffb85635a4/current/log_inprogress_0
2019-09-19 13:31:11,329 [Thread-3025] INFO  impl.FollowerState (FollowerState.java:run(106)) - cf9ed8b7-443d-44fc-a2c6-3bd48ab29d60:group-B8DF3D965B4F changes to CANDIDATE, lastRpcTime:5080, electionTimeout:5080ms
2019-09-19 13:31:11,329 [Thread-3025] INFO  impl.RoleInfo (RoleInfo.java:shutdownFollowerState(121)) - cf9ed8b7-443d-44fc-a2c6-3bd48ab29d60: shutdown FollowerState
2019-09-19 13:31:11,329 [Thread-3025] INFO  impl.RaftServerImpl (RaftServerImpl.java:setRole(174)) - cf9ed8b7-443d-44fc-a2c6-3bd48ab29d60@group-B8DF3D965B4F: changes role from  FOLLOWER to CANDIDATE at term 0 for changeToCandidate
2019-09-19 13:31:11,330 [Thread-3025] INFO  impl.RoleInfo (RoleInfo.java:updateAndGet(143)) - cf9ed8b7-443d-44fc-a2c6-3bd48ab29d60: start LeaderElection
2019-09-19 13:31:11,348 [cf9ed8b7-443d-44fc-a2c6-3bd48ab29d60@group-B8DF3D965B4F:LeaderElection56] INFO  impl.LeaderElection (LeaderElection.java:askForVotes(182)) - cf9ed8b7-443d-44fc-a2c6-3bd48ab29d60@group-B8DF3D965B4F:LeaderElection56: begin an election at term 1 for -1: [cf9ed8b7-443d-44fc-a2c6-3bd48ab29d60:192.168.34.51:39386], old=null
2019-09-19 13:31:11,348 [cf9ed8b7-443d-44fc-a2c6-3bd48ab29d60@group-B8DF3D965B4F:LeaderElection56] INFO  impl.RoleInfo (RoleInfo.java:shutdownLeaderElection(134)) - cf9ed8b7-443d-44fc-a2c6-3bd48ab29d60: shutdown LeaderElection
2019-09-19 13:31:11,348 [cf9ed8b7-443d-44fc-a2c6-3bd48ab29d60@group-B8DF3D965B4F:LeaderElection56] INFO  impl.RaftServerImpl (RaftServerImpl.java:setRole(174)) - cf9ed8b7-443d-44fc-a2c6-3bd48ab29d60@group-B8DF3D965B4F: changes role from CANDIDATE to LEADER at term 1 for changeToLeader
2019-09-19 13:31:11,348 [cf9ed8b7-443d-44fc-a2c6-3bd48ab29d60@group-B8DF3D965B4F:LeaderElection56] INFO  impl.RaftServerImpl (ServerState.java:setLeader(253)) - cf9ed8b7-443d-44fc-a2c6-3bd48ab29d60@group-B8DF3D965B4F: change Leader from null to cf9ed8b7-443d-44fc-a2c6-3bd48ab29d60 at term 1 for becomeLeader, leader elected after 5112ms
2019-09-19 13:31:11,349 [cf9ed8b7-443d-44fc-a2c6-3bd48ab29d60@group-B8DF3D965B4F:LeaderElection56] INFO  server.RaftServerConfigKeys (ConfUtils.java:logGet(43)) - raft.server.staging.catchup.gap = 1000 (default)
2019-09-19 13:31:11,349 [cf9ed8b7-443d-44fc-a2c6-3bd48ab29d60@group-B8DF3D965B4F:LeaderElection56] INFO  server.RaftServerConfigKeys (ConfUtils.java:logGet(43)) - raft.server.rpc.sleep.time = 25ms (default)
2019-09-19 13:31:11,349 [cf9ed8b7-443d-44fc-a2c6-3bd48ab29d60@group-B8DF3D965B4F:LeaderElection56] INFO  server.RaftServerConfigKeys (ConfUtils.java:logGet(43)) - raft.server.write.element-limit = 4096 (default)
2019-09-19 13:31:11,349 [cf9ed8b7-443d-44fc-a2c6-3bd48ab29d60@group-B8DF3D965B4F:LeaderElection56] INFO  server.RaftServerConfigKeys (ConfUtils.java:logGet(43)) - raft.server.watch.timeout = 10s (default)
2019-09-19 13:31:11,349 [cf9ed8b7-443d-44fc-a2c6-3bd48ab29d60@group-B8DF3D965B4F:LeaderElection56] INFO  server.RaftServerConfigKeys (ConfUtils.java:logGet(43)) - raft.server.watch.timeout.denomination = 1s (default)
2019-09-19 13:31:11,349 [cf9ed8b7-443d-44fc-a2c6-3bd48ab29d60@group-B8DF3D965B4F:LeaderElection56] INFO  server.RaftServerConfigKeys (ConfUtils.java:logGet(43)) - raft.server.watch.element-limit = 65536 (default)
2019-09-19 13:31:11,351 [cf9ed8b7-443d-44fc-a2c6-3bd48ab29d60@group-B8DF3D965B4F:LeaderElection56] INFO  impl.RoleInfo (RoleInfo.java:updateAndGet(143)) - cf9ed8b7-443d-44fc-a2c6-3bd48ab29d60: start LeaderState
2019-09-19 13:31:11,351 [cf9ed8b7-443d-44fc-a2c6-3bd48ab29d60@group-B8DF3D965B4F:LeaderElection56] INFO  segmented.SegmentedRaftLogWorker (SegmentedRaftLogWorker.java:startLogSegment(380)) - cf9ed8b7-443d-44fc-a2c6-3bd48ab29d60@group-B8DF3D965B4F-SegmentedRaftLogWorker: Starting segment from index:0
2019-09-19 13:31:11,351 [cf9ed8b7-443d-44fc-a2c6-3bd48ab29d60@group-B8DF3D965B4F:LeaderElection56] INFO  impl.RaftServerImpl (ServerState.java:setRaftConf(354)) - cf9ed8b7-443d-44fc-a2c6-3bd48ab29d60@group-B8DF3D965B4F: set configuration 0: [cf9ed8b7-443d-44fc-a2c6-3bd48ab29d60:192.168.34.51:39386], old=null at 0
2019-09-19 13:31:11,357 [Thread-3028] INFO  impl.FollowerState (FollowerState.java:run(106)) - cf9ed8b7-443d-44fc-a2c6-3bd48ab29d60:group-C2834C3F6D12 changes to CANDIDATE, lastRpcTime:5044, electionTimeout:5043ms
2019-09-19 13:31:11,357 [Thread-3028] INFO  impl.RoleInfo (RoleInfo.java:shutdownFollowerState(121)) - cf9ed8b7-443d-44fc-a2c6-3bd48ab29d60: shutdown FollowerState
2019-09-19 13:31:11,357 [Thread-3028] INFO  impl.RaftServerImpl (RaftServerImpl.java:setRole(174)) - cf9ed8b7-443d-44fc-a2c6-3bd48ab29d60@group-C2834C3F6D12: changes role from  FOLLOWER to CANDIDATE at term 0 for changeToCandidate
2019-09-19 13:31:11,357 [Thread-3028] INFO  impl.RoleInfo (RoleInfo.java:updateAndGet(143)) - cf9ed8b7-443d-44fc-a2c6-3bd48ab29d60: start LeaderElection
2019-09-19 13:31:11,375 [Thread-3033] INFO  impl.FollowerState (FollowerState.java:run(106)) - 02509bdf-4203-447b-86d4-697b6dde9c11:group-C2834C3F6D12 changes to CANDIDATE, lastRpcTime:5057, electionTimeout:5054ms
2019-09-19 13:31:11,375 [Thread-3033] INFO  impl.RoleInfo (RoleInfo.java:shutdownFollowerState(121)) - 02509bdf-4203-447b-86d4-697b6dde9c11: shutdown FollowerState
2019-09-19 13:31:11,375 [Thread-3033] INFO  impl.RaftServerImpl (RaftServerImpl.java:setRole(174)) - 02509bdf-4203-447b-86d4-697b6dde9c11@group-C2834C3F6D12: changes role from  FOLLOWER to CANDIDATE at term 0 for changeToCandidate
2019-09-19 13:31:11,375 [Thread-3033] INFO  impl.RoleInfo (RoleInfo.java:updateAndGet(143)) - 02509bdf-4203-447b-86d4-697b6dde9c11: start LeaderElection
2019-09-19 13:31:11,387 [cf9ed8b7-443d-44fc-a2c6-3bd48ab29d60@group-B8DF3D965B4F-SegmentedRaftLogWorker] INFO  segmented.SegmentedRaftLogWorker (SegmentedRaftLogWorker.java:execute(569)) - cf9ed8b7-443d-44fc-a2c6-3bd48ab29d60@group-B8DF3D965B4F-SegmentedRaftLogWorker: created new log segment /workdir/hadoop-ozone/integration-test/target/test-dir/MiniOzoneClusterImpl-4d5d2d7a-88bc-4d8f-bc17-99926ca9d3cb/datanode-2/data/ratis/a6a2e82b-68e9-44a8-9828-b8df3d965b4f/current/log_inprogress_0
2019-09-19 13:31:11,388 [cf9ed8b7-443d-44fc-a2c6-3bd48ab29d60@group-C2834C3F6D12:LeaderElection57] INFO  impl.LeaderElection (LeaderElection.java:askForVotes(182)) - cf9ed8b7-443d-44fc-a2c6-3bd48ab29d60@group-C2834C3F6D12:LeaderElection57: begin an election at term 1 for -1: [02509bdf-4203-447b-86d4-697b6dde9c11:192.168.34.51:45869, 5a2f126f-e78b-4b68-8184-641a1e5af4bb:192.168.34.51:33798, cf9ed8b7-443d-44fc-a2c6-3bd48ab29d60:192.168.34.51:39386], old=null
2019-09-19 13:31:11,388 [02509bdf-4203-447b-86d4-697b6dde9c11@group-C2834C3F6D12:LeaderElection58] INFO  impl.LeaderElection (LeaderElection.java:askForVotes(182)) - 02509bdf-4203-447b-86d4-697b6dde9c11@group-C2834C3F6D12:LeaderElection58: begin an election at term 1 for -1: [02509bdf-4203-447b-86d4-697b6dde9c11:192.168.34.51:45869, 5a2f126f-e78b-4b68-8184-641a1e5af4bb:192.168.34.51:33798, cf9ed8b7-443d-44fc-a2c6-3bd48ab29d60:192.168.34.51:39386], old=null
2019-09-19 13:31:11,393 [grpc-default-executor-7] INFO  impl.RaftServerImpl (RaftServerImpl.java:setRole(174)) - 5a2f126f-e78b-4b68-8184-641a1e5af4bb@group-C2834C3F6D12: changes role from  FOLLOWER to FOLLOWER at term 1 for recognizeCandidate:02509bdf-4203-447b-86d4-697b6dde9c11
2019-09-19 13:31:11,396 [grpc-default-executor-7] INFO  impl.RoleInfo (RoleInfo.java:shutdownFollowerState(121)) - 5a2f126f-e78b-4b68-8184-641a1e5af4bb: shutdown FollowerState
2019-09-19 13:31:11,399 [grpc-default-executor-7] INFO  impl.RoleInfo (RoleInfo.java:updateAndGet(143)) - 5a2f126f-e78b-4b68-8184-641a1e5af4bb: start FollowerState
2019-09-19 13:31:11,399 [Thread-3032] INFO  impl.FollowerState (FollowerState.java:run(115)) - 5a2f126f-e78b-4b68-8184-641a1e5af4bb: FollowerState was interrupted: java.lang.InterruptedException: sleep interrupted
2019-09-19 13:31:11,409 [cf9ed8b7-443d-44fc-a2c6-3bd48ab29d60@group-C2834C3F6D12:LeaderElection57] INFO  impl.LeaderElection (LeaderElection.java:logAndReturn(56)) - cf9ed8b7-443d-44fc-a2c6-3bd48ab29d60@group-C2834C3F6D12:LeaderElection57: Election REJECTED; received 2 response(s) [cf9ed8b7-443d-44fc-a2c6-3bd48ab29d60<-02509bdf-4203-447b-86d4-697b6dde9c11#0:FAIL-t1, cf9ed8b7-443d-44fc-a2c6-3bd48ab29d60<-5a2f126f-e78b-4b68-8184-641a1e5af4bb#0:FAIL-t1] and 0 exception(s); cf9ed8b7-443d-44fc-a2c6-3bd48ab29d60@group-C2834C3F6D12:t1, leader=null, voted=cf9ed8b7-443d-44fc-a2c6-3bd48ab29d60, raftlog=cf9ed8b7-443d-44fc-a2c6-3bd48ab29d60@group-C2834C3F6D12-SegmentedRaftLog:OPENED:c-1,f-1,i0, conf=-1: [02509bdf-4203-447b-86d4-697b6dde9c11:192.168.34.51:45869, 5a2f126f-e78b-4b68-8184-641a1e5af4bb:192.168.34.51:33798, cf9ed8b7-443d-44fc-a2c6-3bd48ab29d60:192.168.34.51:39386], old=null
2019-09-19 13:31:11,409 [02509bdf-4203-447b-86d4-697b6dde9c11@group-C2834C3F6D12:LeaderElection58] INFO  impl.LeaderElection (LeaderElection.java:logAndReturn(56)) - 02509bdf-4203-447b-86d4-697b6dde9c11@group-C2834C3F6D12:LeaderElection58: Election PASSED; received 2 response(s) [02509bdf-4203-447b-86d4-697b6dde9c11<-5a2f126f-e78b-4b68-8184-641a1e5af4bb#0:OK-t1, 02509bdf-4203-447b-86d4-697b6dde9c11<-cf9ed8b7-443d-44fc-a2c6-3bd48ab29d60#0:FAIL-t1] and 0 exception(s); 02509bdf-4203-447b-86d4-697b6dde9c11@group-C2834C3F6D12:t1, leader=null, voted=02509bdf-4203-447b-86d4-697b6dde9c11, raftlog=02509bdf-4203-447b-86d4-697b6dde9c11@group-C2834C3F6D12-SegmentedRaftLog:OPENED:c-1,f-1,i0, conf=-1: [02509bdf-4203-447b-86d4-697b6dde9c11:192.168.34.51:45869, 5a2f126f-e78b-4b68-8184-641a1e5af4bb:192.168.34.51:33798, cf9ed8b7-443d-44fc-a2c6-3bd48ab29d60:192.168.34.51:39386], old=null
2019-09-19 13:31:11,409 [cf9ed8b7-443d-44fc-a2c6-3bd48ab29d60@group-C2834C3F6D12:LeaderElection57] INFO  impl.RaftServerImpl (RaftServerImpl.java:setRole(174)) - cf9ed8b7-443d-44fc-a2c6-3bd48ab29d60@group-C2834C3F6D12: changes role from CANDIDATE to FOLLOWER at term 1 for DISCOVERED_A_NEW_TERM
2019-09-19 13:31:11,409 [02509bdf-4203-447b-86d4-697b6dde9c11@group-C2834C3F6D12:LeaderElection58] INFO  impl.RoleInfo (RoleInfo.java:shutdownLeaderElection(134)) - 02509bdf-4203-447b-86d4-697b6dde9c11: shutdown LeaderElection
2019-09-19 13:31:11,411 [cf9ed8b7-443d-44fc-a2c6-3bd48ab29d60@group-C2834C3F6D12:LeaderElection57] INFO  impl.RoleInfo (RoleInfo.java:shutdownLeaderElection(134)) - cf9ed8b7-443d-44fc-a2c6-3bd48ab29d60: shutdown LeaderElection
2019-09-19 13:31:11,412 [02509bdf-4203-447b-86d4-697b6dde9c11@group-C2834C3F6D12:LeaderElection58] INFO  impl.RaftServerImpl (RaftServerImpl.java:setRole(174)) - 02509bdf-4203-447b-86d4-697b6dde9c11@group-C2834C3F6D12: changes role from CANDIDATE to LEADER at term 1 for changeToLeader
2019-09-19 13:31:11,413 [cf9ed8b7-443d-44fc-a2c6-3bd48ab29d60@group-C2834C3F6D12:LeaderElection57] INFO  impl.RoleInfo (RoleInfo.java:updateAndGet(143)) - cf9ed8b7-443d-44fc-a2c6-3bd48ab29d60: start FollowerState
2019-09-19 13:31:11,413 [02509bdf-4203-447b-86d4-697b6dde9c11@group-C2834C3F6D12:LeaderElection58] INFO  impl.RaftServerImpl (ServerState.java:setLeader(253)) - 02509bdf-4203-447b-86d4-697b6dde9c11@group-C2834C3F6D12: change Leader from null to 02509bdf-4203-447b-86d4-697b6dde9c11 at term 1 for becomeLeader, leader elected after 5106ms
2019-09-19 13:31:11,413 [02509bdf-4203-447b-86d4-697b6dde9c11@group-C2834C3F6D12:LeaderElection58] INFO  server.RaftServerConfigKeys (ConfUtils.java:logGet(43)) - raft.server.staging.catchup.gap = 1000 (default)
2019-09-19 13:31:11,413 [02509bdf-4203-447b-86d4-697b6dde9c11@group-C2834C3F6D12:LeaderElection58] INFO  server.RaftServerConfigKeys (ConfUtils.java:logGet(43)) - raft.server.rpc.sleep.time = 25ms (default)
2019-09-19 13:31:11,413 [02509bdf-4203-447b-86d4-697b6dde9c11@group-C2834C3F6D12:LeaderElection58] INFO  server.RaftServerConfigKeys (ConfUtils.java:logGet(43)) - raft.server.write.element-limit = 4096 (default)
2019-09-19 13:31:11,413 [02509bdf-4203-447b-86d4-697b6dde9c11@group-C2834C3F6D12:LeaderElection58] INFO  server.RaftServerConfigKeys (ConfUtils.java:logGet(43)) - raft.server.watch.timeout = 10s (default)
2019-09-19 13:31:11,413 [02509bdf-4203-447b-86d4-697b6dde9c11@group-C2834C3F6D12:LeaderElection58] INFO  server.RaftServerConfigKeys (ConfUtils.java:logGet(43)) - raft.server.watch.timeout.denomination = 1s (default)
2019-09-19 13:31:11,413 [02509bdf-4203-447b-86d4-697b6dde9c11@group-C2834C3F6D12:LeaderElection58] INFO  server.RaftServerConfigKeys (ConfUtils.java:logGet(43)) - raft.server.watch.element-limit = 65536 (default)
2019-09-19 13:31:11,414 [02509bdf-4203-447b-86d4-697b6dde9c11@group-C2834C3F6D12:LeaderElection58] INFO  server.RaftServerConfigKeys (ConfUtils.java:logGet(43)) - raft.server.log.appender.snapshot.chunk.size.max = 16MB (=16777216) (default)
2019-09-19 13:31:11,415 [02509bdf-4203-447b-86d4-697b6dde9c11@group-C2834C3F6D12:LeaderElection58] INFO  server.RaftServerConfigKeys (ConfUtils.java:logGet(43)) - raft.server.log.appender.buffer.byte-limit = 33554432 (custom)
2019-09-19 13:31:11,415 [02509bdf-4203-447b-86d4-697b6dde9c11@group-C2834C3F6D12:LeaderElection58] INFO  server.RaftServerConfigKeys (ConfUtils.java:logGet(43)) - raft.server.log.appender.buffer.element-limit = 1 (custom)
2019-09-19 13:31:11,415 [02509bdf-4203-447b-86d4-697b6dde9c11@group-C2834C3F6D12:LeaderElection58] INFO  grpc.GrpcConfigKeys$Server (ConfUtils.java:logGet(43)) - raft.grpc.server.leader.outstanding.appends.max = 128 (default)
2019-09-19 13:31:11,415 [02509bdf-4203-447b-86d4-697b6dde9c11@group-C2834C3F6D12:LeaderElection58] INFO  server.RaftServerConfigKeys (ConfUtils.java:logGet(43)) - raft.server.rpc.request.timeout = 3000ms (default)
2019-09-19 13:31:11,415 [02509bdf-4203-447b-86d4-697b6dde9c11@group-C2834C3F6D12:LeaderElection58] INFO  server.RaftServerConfigKeys (ConfUtils.java:logGet(43)) - raft.server.log.appender.install.snapshot.enabled = false (custom)
2019-09-19 13:31:11,415 [02509bdf-4203-447b-86d4-697b6dde9c11@group-C2834C3F6D12:LeaderElection58] INFO  server.RaftServerConfigKeys (ConfUtils.java:logGet(43)) - raft.server.log.appender.snapshot.chunk.size.max = 16MB (=16777216) (default)
2019-09-19 13:31:11,415 [02509bdf-4203-447b-86d4-697b6dde9c11@group-C2834C3F6D12:LeaderElection58] INFO  server.RaftServerConfigKeys (ConfUtils.java:logGet(43)) - raft.server.log.appender.buffer.byte-limit = 33554432 (custom)
2019-09-19 13:31:11,415 [02509bdf-4203-447b-86d4-697b6dde9c11@group-C2834C3F6D12:LeaderElection58] INFO  server.RaftServerConfigKeys (ConfUtils.java:logGet(43)) - raft.server.log.appender.buffer.element-limit = 1 (custom)
2019-09-19 13:31:11,415 [02509bdf-4203-447b-86d4-697b6dde9c11@group-C2834C3F6D12:LeaderElection58] INFO  grpc.GrpcConfigKeys$Server (ConfUtils.java:logGet(43)) - raft.grpc.server.leader.outstanding.appends.max = 128 (default)
2019-09-19 13:31:11,416 [02509bdf-4203-447b-86d4-697b6dde9c11@group-C2834C3F6D12:LeaderElection58] INFO  server.RaftServerConfigKeys (ConfUtils.java:logGet(43)) - raft.server.rpc.request.timeout = 3000ms (default)
2019-09-19 13:31:11,416 [02509bdf-4203-447b-86d4-697b6dde9c11@group-C2834C3F6D12:LeaderElection58] INFO  server.RaftServerConfigKeys (ConfUtils.java:logGet(43)) - raft.server.log.appender.install.snapshot.enabled = false (custom)
2019-09-19 13:31:11,416 [02509bdf-4203-447b-86d4-697b6dde9c11@group-C2834C3F6D12:LeaderElection58] INFO  impl.RoleInfo (RoleInfo.java:updateAndGet(143)) - 02509bdf-4203-447b-86d4-697b6dde9c11: start LeaderState
2019-09-19 13:31:11,416 [02509bdf-4203-447b-86d4-697b6dde9c11@group-C2834C3F6D12:LeaderElection58] INFO  segmented.SegmentedRaftLogWorker (SegmentedRaftLogWorker.java:startLogSegment(380)) - 02509bdf-4203-447b-86d4-697b6dde9c11@group-C2834C3F6D12-SegmentedRaftLogWorker: Starting segment from index:0
2019-09-19 13:31:11,416 [02509bdf-4203-447b-86d4-697b6dde9c11@group-C2834C3F6D12:LeaderElection58] INFO  impl.RaftServerImpl (ServerState.java:setRaftConf(354)) - 02509bdf-4203-447b-86d4-697b6dde9c11@group-C2834C3F6D12: set configuration 0: [02509bdf-4203-447b-86d4-697b6dde9c11:192.168.34.51:45869, 5a2f126f-e78b-4b68-8184-641a1e5af4bb:192.168.34.51:33798, cf9ed8b7-443d-44fc-a2c6-3bd48ab29d60:192.168.34.51:39386], old=null at 0
2019-09-19 13:31:11,445 [grpc-default-executor-6] INFO  impl.RaftServerImpl (ServerState.java:setLeader(253)) - cf9ed8b7-443d-44fc-a2c6-3bd48ab29d60@group-C2834C3F6D12: change Leader from null to 02509bdf-4203-447b-86d4-697b6dde9c11 at term 1 for appendEntries, leader elected after 5139ms
2019-09-19 13:31:11,445 [grpc-default-executor-7] INFO  impl.RaftServerImpl (ServerState.java:setLeader(253)) - 5a2f126f-e78b-4b68-8184-641a1e5af4bb@group-C2834C3F6D12: change Leader from null to 02509bdf-4203-447b-86d4-697b6dde9c11 at term 1 for appendEntries, leader elected after 5139ms
2019-09-19 13:31:11,447 [grpc-default-executor-6] INFO  impl.RaftServerImpl (ServerState.java:setRaftConf(354)) - 5a2f126f-e78b-4b68-8184-641a1e5af4bb@group-C2834C3F6D12: set configuration 0: [02509bdf-4203-447b-86d4-697b6dde9c11:192.168.34.51:45869, 5a2f126f-e78b-4b68-8184-641a1e5af4bb:192.168.34.51:33798, cf9ed8b7-443d-44fc-a2c6-3bd48ab29d60:192.168.34.51:39386], old=null at 0
2019-09-19 13:31:11,447 [grpc-default-executor-7] INFO  impl.RaftServerImpl (ServerState.java:setRaftConf(354)) - cf9ed8b7-443d-44fc-a2c6-3bd48ab29d60@group-C2834C3F6D12: set configuration 0: [02509bdf-4203-447b-86d4-697b6dde9c11:192.168.34.51:45869, 5a2f126f-e78b-4b68-8184-641a1e5af4bb:192.168.34.51:33798, cf9ed8b7-443d-44fc-a2c6-3bd48ab29d60:192.168.34.51:39386], old=null at 0
2019-09-19 13:31:11,447 [grpc-default-executor-6] INFO  segmented.SegmentedRaftLogWorker (SegmentedRaftLogWorker.java:startLogSegment(380)) - 5a2f126f-e78b-4b68-8184-641a1e5af4bb@group-C2834C3F6D12-SegmentedRaftLogWorker: Starting segment from index:0
2019-09-19 13:31:11,448 [grpc-default-executor-7] INFO  segmented.SegmentedRaftLogWorker (SegmentedRaftLogWorker.java:startLogSegment(380)) - cf9ed8b7-443d-44fc-a2c6-3bd48ab29d60@group-C2834C3F6D12-SegmentedRaftLogWorker: Starting segment from index:0
2019-09-19 13:31:11,457 [02509bdf-4203-447b-86d4-697b6dde9c11@group-C2834C3F6D12-SegmentedRaftLogWorker] INFO  segmented.SegmentedRaftLogWorker (SegmentedRaftLogWorker.java:execute(569)) - 02509bdf-4203-447b-86d4-697b6dde9c11@group-C2834C3F6D12-SegmentedRaftLogWorker: created new log segment /workdir/hadoop-ozone/integration-test/target/test-dir/MiniOzoneClusterImpl-4d5d2d7a-88bc-4d8f-bc17-99926ca9d3cb/datanode-0/data/ratis/d33dd535-1d59-4d7d-bfd8-c2834c3f6d12/current/log_inprogress_0
2019-09-19 13:31:11,482 [cf9ed8b7-443d-44fc-a2c6-3bd48ab29d60@group-C2834C3F6D12-SegmentedRaftLogWorker] INFO  segmented.SegmentedRaftLogWorker (SegmentedRaftLogWorker.java:execute(569)) - cf9ed8b7-443d-44fc-a2c6-3bd48ab29d60@group-C2834C3F6D12-SegmentedRaftLogWorker: created new log segment /workdir/hadoop-ozone/integration-test/target/test-dir/MiniOzoneClusterImpl-4d5d2d7a-88bc-4d8f-bc17-99926ca9d3cb/datanode-2/data/ratis/d33dd535-1d59-4d7d-bfd8-c2834c3f6d12/current/log_inprogress_0
2019-09-19 13:31:11,482 [5a2f126f-e78b-4b68-8184-641a1e5af4bb@group-C2834C3F6D12-SegmentedRaftLogWorker] INFO  segmented.SegmentedRaftLogWorker (SegmentedRaftLogWorker.java:execute(569)) - 5a2f126f-e78b-4b68-8184-641a1e5af4bb@group-C2834C3F6D12-SegmentedRaftLogWorker: created new log segment /workdir/hadoop-ozone/integration-test/target/test-dir/MiniOzoneClusterImpl-4d5d2d7a-88bc-4d8f-bc17-99926ca9d3cb/datanode-1/data/ratis/d33dd535-1d59-4d7d-bfd8-c2834c3f6d12/current/log_inprogress_0
2019-09-19 13:31:11,563 [Thread-3037] INFO  impl.FollowerState (FollowerState.java:run(106)) - ba204b2d-37a0-404f-91dd-7a92ee0c53b2:group-D8EE915428C4 changes to CANDIDATE, lastRpcTime:5131, electionTimeout:5131ms
2019-09-19 13:31:11,563 [Thread-3037] INFO  impl.RoleInfo (RoleInfo.java:shutdownFollowerState(121)) - ba204b2d-37a0-404f-91dd-7a92ee0c53b2: shutdown FollowerState
2019-09-19 13:31:11,563 [Thread-3037] INFO  impl.RaftServerImpl (RaftServerImpl.java:setRole(174)) - ba204b2d-37a0-404f-91dd-7a92ee0c53b2@group-D8EE915428C4: changes role from  FOLLOWER to CANDIDATE at term 0 for changeToCandidate
2019-09-19 13:31:11,563 [Thread-3037] INFO  impl.RoleInfo (RoleInfo.java:updateAndGet(143)) - ba204b2d-37a0-404f-91dd-7a92ee0c53b2: start LeaderElection
2019-09-19 13:31:11,583 [Thread-3040] INFO  impl.FollowerState (FollowerState.java:run(106)) - 0a0d37aa-ff90-4935-8d48-c839ac7b3aa9:group-EF3252784FCC changes to CANDIDATE, lastRpcTime:5096, electionTimeout:5095ms
2019-09-19 13:31:11,583 [Thread-3040] INFO  impl.RoleInfo (RoleInfo.java:shutdownFollowerState(121)) - 0a0d37aa-ff90-4935-8d48-c839ac7b3aa9: shutdown FollowerState
2019-09-19 13:31:11,583 [Thread-3040] INFO  impl.RaftServerImpl (RaftServerImpl.java:setRole(174)) - 0a0d37aa-ff90-4935-8d48-c839ac7b3aa9@group-EF3252784FCC: changes role from  FOLLOWER to CANDIDATE at term 0 for changeToCandidate
2019-09-19 13:31:11,583 [Thread-3040] INFO  impl.RoleInfo (RoleInfo.java:updateAndGet(143)) - 0a0d37aa-ff90-4935-8d48-c839ac7b3aa9: start LeaderElection
2019-09-19 13:31:11,587 [grpc-default-executor-7] INFO  client.GrpcClientProtocolClient (GrpcClientProtocolClient.java:onNext(264)) - client-2F9923FB6C52->cf9ed8b7-443d-44fc-a2c6-3bd48ab29d60: receive RaftClientReply:client-2F9923FB6C52->cf9ed8b7-443d-44fc-a2c6-3bd48ab29d60@group-C2834C3F6D12, cid=176, FAILED org.apache.ratis.protocol.NotLeaderException: Server cf9ed8b7-443d-44fc-a2c6-3bd48ab29d60@group-C2834C3F6D12 is not the leader 02509bdf-4203-447b-86d4-697b6dde9c11:192.168.34.51:45869, logIndex=0, commits[cf9ed8b7-443d-44fc-a2c6-3bd48ab29d60:c-1, 02509bdf-4203-447b-86d4-697b6dde9c11:c-1, 5a2f126f-e78b-4b68-8184-641a1e5af4bb:c-1]
2019-09-19 13:31:11,595 [0a0d37aa-ff90-4935-8d48-c839ac7b3aa9@group-EF3252784FCC:LeaderElection60] INFO  impl.LeaderElection (LeaderElection.java:askForVotes(182)) - 0a0d37aa-ff90-4935-8d48-c839ac7b3aa9@group-EF3252784FCC:LeaderElection60: begin an election at term 1 for -1: [0a0d37aa-ff90-4935-8d48-c839ac7b3aa9:192.168.34.51:39232], old=null
2019-09-19 13:31:11,595 [ba204b2d-37a0-404f-91dd-7a92ee0c53b2@group-D8EE915428C4:LeaderElection59] INFO  impl.LeaderElection (LeaderElection.java:askForVotes(182)) - ba204b2d-37a0-404f-91dd-7a92ee0c53b2@group-D8EE915428C4:LeaderElection59: begin an election at term 1 for -1: [ba204b2d-37a0-404f-91dd-7a92ee0c53b2:192.168.34.51:33948], old=null
2019-09-19 13:31:11,597 [0a0d37aa-ff90-4935-8d48-c839ac7b3aa9@group-EF3252784FCC:LeaderElection60] INFO  impl.RoleInfo (RoleInfo.java:shutdownLeaderElection(134)) - 0a0d37aa-ff90-4935-8d48-c839ac7b3aa9: shutdown LeaderElection
2019-09-19 13:31:11,597 [ba204b2d-37a0-404f-91dd-7a92ee0c53b2@group-D8EE915428C4:LeaderElection59] INFO  impl.RoleInfo (RoleInfo.java:shutdownLeaderElection(134)) - ba204b2d-37a0-404f-91dd-7a92ee0c53b2: shutdown LeaderElection
2019-09-19 13:31:11,597 [0a0d37aa-ff90-4935-8d48-c839ac7b3aa9@group-EF3252784FCC:LeaderElection60] INFO  impl.RaftServerImpl (RaftServerImpl.java:setRole(174)) - 0a0d37aa-ff90-4935-8d48-c839ac7b3aa9@group-EF3252784FCC: changes role from CANDIDATE to LEADER at term 1 for changeToLeader
2019-09-19 13:31:11,597 [ba204b2d-37a0-404f-91dd-7a92ee0c53b2@group-D8EE915428C4:LeaderElection59] INFO  impl.RaftServerImpl (RaftServerImpl.java:setRole(174)) - ba204b2d-37a0-404f-91dd-7a92ee0c53b2@group-D8EE915428C4: changes role from CANDIDATE to LEADER at term 1 for changeToLeader
2019-09-19 13:31:11,597 [0a0d37aa-ff90-4935-8d48-c839ac7b3aa9@group-EF3252784FCC:LeaderElection60] INFO  impl.RaftServerImpl (ServerState.java:setLeader(253)) - 0a0d37aa-ff90-4935-8d48-c839ac7b3aa9@group-EF3252784FCC: change Leader from null to 0a0d37aa-ff90-4935-8d48-c839ac7b3aa9 at term 1 for becomeLeader, leader elected after 5114ms
2019-09-19 13:31:11,598 [ba204b2d-37a0-404f-91dd-7a92ee0c53b2@group-D8EE915428C4:LeaderElection59] INFO  impl.RaftServerImpl (ServerState.java:setLeader(253)) - ba204b2d-37a0-404f-91dd-7a92ee0c53b2@group-D8EE915428C4: change Leader from null to ba204b2d-37a0-404f-91dd-7a92ee0c53b2 at term 1 for becomeLeader, leader elected after 5173ms
2019-09-19 13:31:11,598 [0a0d37aa-ff90-4935-8d48-c839ac7b3aa9@group-EF3252784FCC:LeaderElection60] INFO  server.RaftServerConfigKeys (ConfUtils.java:logGet(43)) - raft.server.staging.catchup.gap = 1000 (default)
2019-09-19 13:31:11,598 [ba204b2d-37a0-404f-91dd-7a92ee0c53b2@group-D8EE915428C4:LeaderElection59] INFO  server.RaftServerConfigKeys (ConfUtils.java:logGet(43)) - raft.server.staging.catchup.gap = 1000 (default)
2019-09-19 13:31:11,598 [0a0d37aa-ff90-4935-8d48-c839ac7b3aa9@group-EF3252784FCC:LeaderElection60] INFO  server.RaftServerConfigKeys (ConfUtils.java:logGet(43)) - raft.server.rpc.sleep.time = 25ms (default)
2019-09-19 13:31:11,598 [ba204b2d-37a0-404f-91dd-7a92ee0c53b2@group-D8EE915428C4:LeaderElection59] INFO  server.RaftServerConfigKeys (ConfUtils.java:logGet(43)) - raft.server.rpc.sleep.time = 25ms (default)
2019-09-19 13:31:11,598 [0a0d37aa-ff90-4935-8d48-c839ac7b3aa9@group-EF3252784FCC:LeaderElection60] INFO  server.RaftServerConfigKeys (ConfUtils.java:logGet(43)) - raft.server.write.element-limit = 4096 (default)
2019-09-19 13:31:11,598 [ba204b2d-37a0-404f-91dd-7a92ee0c53b2@group-D8EE915428C4:LeaderElection59] INFO  server.RaftServerConfigKeys (ConfUtils.java:logGet(43)) - raft.server.write.element-limit = 4096 (default)
2019-09-19 13:31:11,598 [0a0d37aa-ff90-4935-8d48-c839ac7b3aa9@group-EF3252784FCC:LeaderElection60] INFO  server.RaftServerConfigKeys (ConfUtils.java:logGet(43)) - raft.server.watch.timeout = 10s (default)
2019-09-19 13:31:11,598 [ba204b2d-37a0-404f-91dd-7a92ee0c53b2@group-D8EE915428C4:LeaderElection59] INFO  server.RaftServerConfigKeys (ConfUtils.java:logGet(43)) - raft.server.watch.timeout = 10s (default)
2019-09-19 13:31:11,598 [0a0d37aa-ff90-4935-8d48-c839ac7b3aa9@group-EF3252784FCC:LeaderElection60] INFO  server.RaftServerConfigKeys (ConfUtils.java:logGet(43)) - raft.server.watch.timeout.denomination = 1s (default)
2019-09-19 13:31:11,598 [ba204b2d-37a0-404f-91dd-7a92ee0c53b2@group-D8EE915428C4:LeaderElection59] INFO  server.RaftServerConfigKeys (ConfUtils.java:logGet(43)) - raft.server.watch.timeout.denomination = 1s (default)
2019-09-19 13:31:11,598 [0a0d37aa-ff90-4935-8d48-c839ac7b3aa9@group-EF3252784FCC:LeaderElection60] INFO  server.RaftServerConfigKeys (ConfUtils.java:logGet(43)) - raft.server.watch.element-limit = 65536 (default)
2019-09-19 13:31:11,599 [ba204b2d-37a0-404f-91dd-7a92ee0c53b2@group-D8EE915428C4:LeaderElection59] INFO  server.RaftServerConfigKeys (ConfUtils.java:logGet(43)) - raft.server.watch.element-limit = 65536 (default)
2019-09-19 13:31:11,600 [0a0d37aa-ff90-4935-8d48-c839ac7b3aa9@group-EF3252784FCC:LeaderElection60] INFO  impl.RoleInfo (RoleInfo.java:updateAndGet(143)) - 0a0d37aa-ff90-4935-8d48-c839ac7b3aa9: start LeaderState
2019-09-19 13:31:11,600 [0a0d37aa-ff90-4935-8d48-c839ac7b3aa9@group-EF3252784FCC:LeaderElection60] INFO  segmented.SegmentedRaftLogWorker (SegmentedRaftLogWorker.java:startLogSegment(380)) - 0a0d37aa-ff90-4935-8d48-c839ac7b3aa9@group-EF3252784FCC-SegmentedRaftLogWorker: Starting segment from index:0
2019-09-19 13:31:11,601 [ba204b2d-37a0-404f-91dd-7a92ee0c53b2@group-D8EE915428C4:LeaderElection59] INFO  impl.RoleInfo (RoleInfo.java:updateAndGet(143)) - ba204b2d-37a0-404f-91dd-7a92ee0c53b2: start LeaderState
2019-09-19 13:31:11,601 [ba204b2d-37a0-404f-91dd-7a92ee0c53b2@group-D8EE915428C4:LeaderElection59] INFO  segmented.SegmentedRaftLogWorker (SegmentedRaftLogWorker.java:startLogSegment(380)) - ba204b2d-37a0-404f-91dd-7a92ee0c53b2@group-D8EE915428C4-SegmentedRaftLogWorker: Starting segment from index:0
2019-09-19 13:31:11,601 [0a0d37aa-ff90-4935-8d48-c839ac7b3aa9@group-EF3252784FCC:LeaderElection60] INFO  impl.RaftServerImpl (ServerState.java:setRaftConf(354)) - 0a0d37aa-ff90-4935-8d48-c839ac7b3aa9@group-EF3252784FCC: set configuration 0: [0a0d37aa-ff90-4935-8d48-c839ac7b3aa9:192.168.34.51:39232], old=null at 0
2019-09-19 13:31:11,626 [ba204b2d-37a0-404f-91dd-7a92ee0c53b2@group-D8EE915428C4:LeaderElection59] INFO  impl.RaftServerImpl (ServerState.java:setRaftConf(354)) - ba204b2d-37a0-404f-91dd-7a92ee0c53b2@group-D8EE915428C4: set configuration 0: [ba204b2d-37a0-404f-91dd-7a92ee0c53b2:192.168.34.51:33948], old=null at 0
2019-09-19 13:31:11,635 [0a0d37aa-ff90-4935-8d48-c839ac7b3aa9@group-EF3252784FCC-SegmentedRaftLogWorker] INFO  segmented.SegmentedRaftLogWorker (SegmentedRaftLogWorker.java:execute(569)) - 0a0d37aa-ff90-4935-8d48-c839ac7b3aa9@group-EF3252784FCC-SegmentedRaftLogWorker: created new log segment /workdir/hadoop-ozone/integration-test/target/test-dir/MiniOzoneClusterImpl-4d5d2d7a-88bc-4d8f-bc17-99926ca9d3cb/datanode-6/data/ratis/606f967c-494e-4af9-a04b-ef3252784fcc/current/log_inprogress_0
2019-09-19 13:31:11,659 [ba204b2d-37a0-404f-91dd-7a92ee0c53b2@group-D8EE915428C4-SegmentedRaftLogWorker] INFO  segmented.SegmentedRaftLogWorker (SegmentedRaftLogWorker.java:execute(569)) - ba204b2d-37a0-404f-91dd-7a92ee0c53b2@group-D8EE915428C4-SegmentedRaftLogWorker: created new log segment /workdir/hadoop-ozone/integration-test/target/test-dir/MiniOzoneClusterImpl-4d5d2d7a-88bc-4d8f-bc17-99926ca9d3cb/datanode-4/data/ratis/e6449fa7-efc3-4211-a6ed-d8ee915428c4/current/log_inprogress_0
2019-09-19 13:31:11,670 [Thread-3054] INFO  impl.FollowerState (FollowerState.java:run(106)) - ba204b2d-37a0-404f-91dd-7a92ee0c53b2:group-AC46B0BD9F6E changes to CANDIDATE, lastRpcTime:5022, electionTimeout:5018ms
2019-09-19 13:31:11,670 [Thread-3054] INFO  impl.RoleInfo (RoleInfo.java:shutdownFollowerState(121)) - ba204b2d-37a0-404f-91dd-7a92ee0c53b2: shutdown FollowerState
2019-09-19 13:31:11,670 [Thread-3054] INFO  impl.RaftServerImpl (RaftServerImpl.java:setRole(174)) - ba204b2d-37a0-404f-91dd-7a92ee0c53b2@group-AC46B0BD9F6E: changes role from  FOLLOWER to CANDIDATE at term 0 for changeToCandidate
2019-09-19 13:31:11,670 [Thread-3054] INFO  impl.RoleInfo (RoleInfo.java:updateAndGet(143)) - ba204b2d-37a0-404f-91dd-7a92ee0c53b2: start LeaderElection
2019-09-19 13:31:11,673 [grpc-default-executor-7] INFO  client.GrpcClientProtocolClient (GrpcClientProtocolClient.java:onNext(264)) - client-2F9923FB6C52->02509bdf-4203-447b-86d4-697b6dde9c11: receive RaftClientReply:client-2F9923FB6C52->02509bdf-4203-447b-86d4-697b6dde9c11@group-C2834C3F6D12, cid=176, SUCCESS, logIndex=1, commits[02509bdf-4203-447b-86d4-697b6dde9c11:c1, 5a2f126f-e78b-4b68-8184-641a1e5af4bb:c0, cf9ed8b7-443d-44fc-a2c6-3bd48ab29d60:c0]
2019-09-19 13:31:11,686 [ba204b2d-37a0-404f-91dd-7a92ee0c53b2@group-AC46B0BD9F6E:LeaderElection61] INFO  impl.LeaderElection (LeaderElection.java:askForVotes(182)) - ba204b2d-37a0-404f-91dd-7a92ee0c53b2@group-AC46B0BD9F6E:LeaderElection61: begin an election at term 1 for -1: [ba204b2d-37a0-404f-91dd-7a92ee0c53b2:192.168.34.51:33948, d0f0864f-f10e-402b-b950-9345ab4d2f6b:192.168.34.51:37964, 0a0d37aa-ff90-4935-8d48-c839ac7b3aa9:192.168.34.51:39232], old=null
2019-09-19 13:31:11,690 [Thread-3043] INFO  impl.FollowerState (FollowerState.java:run(106)) - d0f0864f-f10e-402b-b950-9345ab4d2f6b:group-313FF45D83EE changes to CANDIDATE, lastRpcTime:5157, electionTimeout:5155ms
2019-09-19 13:31:11,690 [Thread-3043] INFO  impl.RoleInfo (RoleInfo.java:shutdownFollowerState(121)) - d0f0864f-f10e-402b-b950-9345ab4d2f6b: shutdown FollowerState
2019-09-19 13:31:11,690 [Thread-3043] INFO  impl.RaftServerImpl (RaftServerImpl.java:setRole(174)) - d0f0864f-f10e-402b-b950-9345ab4d2f6b@group-313FF45D83EE: changes role from  FOLLOWER to CANDIDATE at term 0 for changeToCandidate
2019-09-19 13:31:11,691 [Thread-3043] INFO  impl.RoleInfo (RoleInfo.java:updateAndGet(143)) - d0f0864f-f10e-402b-b950-9345ab4d2f6b: start LeaderElection
2019-09-19 13:31:11,705 [Thread-3046] INFO  impl.FollowerState (FollowerState.java:run(106)) - e9b4aebe-416b-4a6e-b639-511f332e30a8:group-48AC3E42D26F changes to CANDIDATE, lastRpcTime:5126, electionTimeout:5124ms
2019-09-19 13:31:11,705 [grpc-default-executor-7] INFO  impl.RaftServerImpl (RaftServerImpl.java:setRole(174)) - d0f0864f-f10e-402b-b950-9345ab4d2f6b@group-AC46B0BD9F6E: changes role from  FOLLOWER to FOLLOWER at term 1 for recognizeCandidate:ba204b2d-37a0-404f-91dd-7a92ee0c53b2
2019-09-19 13:31:11,705 [Thread-3046] INFO  impl.RoleInfo (RoleInfo.java:shutdownFollowerState(121)) - e9b4aebe-416b-4a6e-b639-511f332e30a8: shutdown FollowerState
2019-09-19 13:31:11,705 [Thread-3046] INFO  impl.RaftServerImpl (RaftServerImpl.java:setRole(174)) - e9b4aebe-416b-4a6e-b639-511f332e30a8@group-48AC3E42D26F: changes role from  FOLLOWER to CANDIDATE at term 0 for changeToCandidate
2019-09-19 13:31:11,705 [grpc-default-executor-7] INFO  impl.RoleInfo (RoleInfo.java:shutdownFollowerState(121)) - d0f0864f-f10e-402b-b950-9345ab4d2f6b: shutdown FollowerState
2019-09-19 13:31:11,706 [grpc-default-executor-1] INFO  impl.RaftServerImpl (RaftServerImpl.java:setRole(174)) - 0a0d37aa-ff90-4935-8d48-c839ac7b3aa9@group-AC46B0BD9F6E: changes role from  FOLLOWER to FOLLOWER at term 1 for recognizeCandidate:ba204b2d-37a0-404f-91dd-7a92ee0c53b2
2019-09-19 13:31:11,706 [d0f0864f-f10e-402b-b950-9345ab4d2f6b@group-313FF45D83EE:LeaderElection62] INFO  impl.LeaderElection (LeaderElection.java:askForVotes(182)) - d0f0864f-f10e-402b-b950-9345ab4d2f6b@group-313FF45D83EE:LeaderElection62: begin an election at term 1 for -1: [d0f0864f-f10e-402b-b950-9345ab4d2f6b:192.168.34.51:37964], old=null
2019-09-19 13:31:11,706 [Thread-3046] INFO  impl.RoleInfo (RoleInfo.java:updateAndGet(143)) - e9b4aebe-416b-4a6e-b639-511f332e30a8: start LeaderElection
2019-09-19 13:31:11,706 [grpc-default-executor-7] INFO  impl.RoleInfo (RoleInfo.java:updateAndGet(143)) - d0f0864f-f10e-402b-b950-9345ab4d2f6b: start FollowerState
2019-09-19 13:31:11,706 [Thread-3053] INFO  impl.FollowerState (FollowerState.java:run(115)) - d0f0864f-f10e-402b-b950-9345ab4d2f6b: FollowerState was interrupted: java.lang.InterruptedException: sleep interrupted
2019-09-19 13:31:11,706 [d0f0864f-f10e-402b-b950-9345ab4d2f6b@group-313FF45D83EE:LeaderElection62] INFO  impl.RoleInfo (RoleInfo.java:shutdownLeaderElection(134)) - d0f0864f-f10e-402b-b950-9345ab4d2f6b: shutdown LeaderElection
2019-09-19 13:31:11,706 [grpc-default-executor-1] INFO  impl.RoleInfo (RoleInfo.java:shutdownFollowerState(121)) - 0a0d37aa-ff90-4935-8d48-c839ac7b3aa9: shutdown FollowerState
2019-09-19 13:31:11,714 [d0f0864f-f10e-402b-b950-9345ab4d2f6b@group-313FF45D83EE:LeaderElection62] INFO  impl.RaftServerImpl (RaftServerImpl.java:setRole(174)) - d0f0864f-f10e-402b-b950-9345ab4d2f6b@group-313FF45D83EE: changes role from CANDIDATE to LEADER at term 1 for changeToLeader
2019-09-19 13:31:11,714 [d0f0864f-f10e-402b-b950-9345ab4d2f6b@group-313FF45D83EE:LeaderElection62] INFO  impl.RaftServerImpl (ServerState.java:setLeader(253)) - d0f0864f-f10e-402b-b950-9345ab4d2f6b@group-313FF45D83EE: change Leader from null to d0f0864f-f10e-402b-b950-9345ab4d2f6b at term 1 for becomeLeader, leader elected after 5188ms
2019-09-19 13:31:11,714 [d0f0864f-f10e-402b-b950-9345ab4d2f6b@group-313FF45D83EE:LeaderElection62] INFO  server.RaftServerConfigKeys (ConfUtils.java:logGet(43)) - raft.server.staging.catchup.gap = 1000 (default)
2019-09-19 13:31:11,715 [d0f0864f-f10e-402b-b950-9345ab4d2f6b@group-313FF45D83EE:LeaderElection62] INFO  server.RaftServerConfigKeys (ConfUtils.java:logGet(43)) - raft.server.rpc.sleep.time = 25ms (default)
2019-09-19 13:31:11,715 [d0f0864f-f10e-402b-b950-9345ab4d2f6b@group-313FF45D83EE:LeaderElection62] INFO  server.RaftServerConfigKeys (ConfUtils.java:logGet(43)) - raft.server.write.element-limit = 4096 (default)
2019-09-19 13:31:11,715 [d0f0864f-f10e-402b-b950-9345ab4d2f6b@group-313FF45D83EE:LeaderElection62] INFO  server.RaftServerConfigKeys (ConfUtils.java:logGet(43)) - raft.server.watch.timeout = 10s (default)
2019-09-19 13:31:11,715 [d0f0864f-f10e-402b-b950-9345ab4d2f6b@group-313FF45D83EE:LeaderElection62] INFO  server.RaftServerConfigKeys (ConfUtils.java:logGet(43)) - raft.server.watch.timeout.denomination = 1s (default)
2019-09-19 13:31:11,715 [d0f0864f-f10e-402b-b950-9345ab4d2f6b@group-313FF45D83EE:LeaderElection62] INFO  server.RaftServerConfigKeys (ConfUtils.java:logGet(43)) - raft.server.watch.element-limit = 65536 (default)
2019-09-19 13:31:11,717 [d0f0864f-f10e-402b-b950-9345ab4d2f6b@group-313FF45D83EE:LeaderElection62] INFO  impl.RoleInfo (RoleInfo.java:updateAndGet(143)) - d0f0864f-f10e-402b-b950-9345ab4d2f6b: start LeaderState
2019-09-19 13:31:11,717 [d0f0864f-f10e-402b-b950-9345ab4d2f6b@group-313FF45D83EE:LeaderElection62] INFO  segmented.SegmentedRaftLogWorker (SegmentedRaftLogWorker.java:startLogSegment(380)) - d0f0864f-f10e-402b-b950-9345ab4d2f6b@group-313FF45D83EE-SegmentedRaftLogWorker: Starting segment from index:0
2019-09-19 13:31:11,718 [d0f0864f-f10e-402b-b950-9345ab4d2f6b@group-313FF45D83EE:LeaderElection62] INFO  impl.RaftServerImpl (ServerState.java:setRaftConf(354)) - d0f0864f-f10e-402b-b950-9345ab4d2f6b@group-313FF45D83EE: set configuration 0: [d0f0864f-f10e-402b-b950-9345ab4d2f6b:192.168.34.51:37964], old=null at 0
2019-09-19 13:31:11,741 [Thread-3049] INFO  impl.FollowerState (FollowerState.java:run(101)) - 0a0d37aa-ff90-4935-8d48-c839ac7b3aa9 heartbeat monitor quit
2019-09-19 13:31:11,744 [e9b4aebe-416b-4a6e-b639-511f332e30a8@group-48AC3E42D26F:LeaderElection63] INFO  impl.LeaderElection (LeaderElection.java:askForVotes(182)) - e9b4aebe-416b-4a6e-b639-511f332e30a8@group-48AC3E42D26F:LeaderElection63: begin an election at term 1 for -1: [e9b4aebe-416b-4a6e-b639-511f332e30a8:192.168.34.51:45698], old=null
2019-09-19 13:31:11,744 [grpc-default-executor-1] INFO  impl.RoleInfo (RoleInfo.java:updateAndGet(143)) - 0a0d37aa-ff90-4935-8d48-c839ac7b3aa9: start FollowerState
2019-09-19 13:31:11,744 [e9b4aebe-416b-4a6e-b639-511f332e30a8@group-48AC3E42D26F:LeaderElection63] INFO  impl.RoleInfo (RoleInfo.java:shutdownLeaderElection(134)) - e9b4aebe-416b-4a6e-b639-511f332e30a8: shutdown LeaderElection
2019-09-19 13:31:11,745 [e9b4aebe-416b-4a6e-b639-511f332e30a8@group-48AC3E42D26F:LeaderElection63] INFO  impl.RaftServerImpl (RaftServerImpl.java:setRole(174)) - e9b4aebe-416b-4a6e-b639-511f332e30a8@group-48AC3E42D26F: changes role from CANDIDATE to LEADER at term 1 for changeToLeader
2019-09-19 13:31:11,745 [e9b4aebe-416b-4a6e-b639-511f332e30a8@group-48AC3E42D26F:LeaderElection63] INFO  impl.RaftServerImpl (ServerState.java:setLeader(253)) - e9b4aebe-416b-4a6e-b639-511f332e30a8@group-48AC3E42D26F: change Leader from null to e9b4aebe-416b-4a6e-b639-511f332e30a8 at term 1 for becomeLeader, leader elected after 5172ms
2019-09-19 13:31:11,747 [e9b4aebe-416b-4a6e-b639-511f332e30a8@group-48AC3E42D26F:LeaderElection63] INFO  server.RaftServerConfigKeys (ConfUtils.java:logGet(43)) - raft.server.staging.catchup.gap = 1000 (default)
2019-09-19 13:31:11,747 [ba204b2d-37a0-404f-91dd-7a92ee0c53b2@group-AC46B0BD9F6E:LeaderElection61] INFO  impl.LeaderElection (LeaderElection.java:logAndReturn(56)) - ba204b2d-37a0-404f-91dd-7a92ee0c53b2@group-AC46B0BD9F6E:LeaderElection61: Election PASSED; received 1 response(s) [ba204b2d-37a0-404f-91dd-7a92ee0c53b2<-d0f0864f-f10e-402b-b950-9345ab4d2f6b#0:OK-t1] and 0 exception(s); ba204b2d-37a0-404f-91dd-7a92ee0c53b2@group-AC46B0BD9F6E:t1, leader=null, voted=ba204b2d-37a0-404f-91dd-7a92ee0c53b2, raftlog=ba204b2d-37a0-404f-91dd-7a92ee0c53b2@group-AC46B0BD9F6E-SegmentedRaftLog:OPENED:c-1,f-1,i0, conf=-1: [ba204b2d-37a0-404f-91dd-7a92ee0c53b2:192.168.34.51:33948, d0f0864f-f10e-402b-b950-9345ab4d2f6b:192.168.34.51:37964, 0a0d37aa-ff90-4935-8d48-c839ac7b3aa9:192.168.34.51:39232], old=null
2019-09-19 13:31:11,747 [e9b4aebe-416b-4a6e-b639-511f332e30a8@group-48AC3E42D26F:LeaderElection63] INFO  server.RaftServerConfigKeys (ConfUtils.java:logGet(43)) - raft.server.rpc.sleep.time = 25ms (default)
2019-09-19 13:31:11,747 [ba204b2d-37a0-404f-91dd-7a92ee0c53b2@group-AC46B0BD9F6E:LeaderElection61] INFO  impl.RoleInfo (RoleInfo.java:shutdownLeaderElection(134)) - ba204b2d-37a0-404f-91dd-7a92ee0c53b2: shutdown LeaderElection
2019-09-19 13:31:11,749 [e9b4aebe-416b-4a6e-b639-511f332e30a8@group-48AC3E42D26F:LeaderElection63] INFO  server.RaftServerConfigKeys (ConfUtils.java:logGet(43)) - raft.server.write.element-limit = 4096 (default)
2019-09-19 13:31:11,749 [ba204b2d-37a0-404f-91dd-7a92ee0c53b2@group-AC46B0BD9F6E:LeaderElection61] INFO  impl.RaftServerImpl (RaftServerImpl.java:setRole(174)) - ba204b2d-37a0-404f-91dd-7a92ee0c53b2@group-AC46B0BD9F6E: changes role from CANDIDATE to LEADER at term 1 for changeToLeader
2019-09-19 13:31:11,749 [e9b4aebe-416b-4a6e-b639-511f332e30a8@group-48AC3E42D26F:LeaderElection63] INFO  server.RaftServerConfigKeys (ConfUtils.java:logGet(43)) - raft.server.watch.timeout = 10s (default)
2019-09-19 13:31:11,749 [ba204b2d-37a0-404f-91dd-7a92ee0c53b2@group-AC46B0BD9F6E:LeaderElection61] INFO  impl.RaftServerImpl (ServerState.java:setLeader(253)) - ba204b2d-37a0-404f-91dd-7a92ee0c53b2@group-AC46B0BD9F6E: change Leader from null to ba204b2d-37a0-404f-91dd-7a92ee0c53b2 at term 1 for becomeLeader, leader elected after 5111ms
2019-09-19 13:31:11,750 [e9b4aebe-416b-4a6e-b639-511f332e30a8@group-48AC3E42D26F:LeaderElection63] INFO  server.RaftServerConfigKeys (ConfUtils.java:logGet(43)) - raft.server.watch.timeout.denomination = 1s (default)
2019-09-19 13:31:11,757 [d0f0864f-f10e-402b-b950-9345ab4d2f6b@group-313FF45D83EE-SegmentedRaftLogWorker] INFO  segmented.SegmentedRaftLogWorker (SegmentedRaftLogWorker.java:execute(569)) - d0f0864f-f10e-402b-b950-9345ab4d2f6b@group-313FF45D83EE-SegmentedRaftLogWorker: created new log segment /workdir/hadoop-ozone/integration-test/target/test-dir/MiniOzoneClusterImpl-4d5d2d7a-88bc-4d8f-bc17-99926ca9d3cb/datanode-3/data/ratis/743be55e-b2f0-407c-9d87-313ff45d83ee/current/log_inprogress_0
2019-09-19 13:31:11,750 [ba204b2d-37a0-404f-91dd-7a92ee0c53b2@group-AC46B0BD9F6E:LeaderElection61] INFO  server.RaftServerConfigKeys (ConfUtils.java:logGet(43)) - raft.server.staging.catchup.gap = 1000 (default)
2019-09-19 13:31:11,757 [e9b4aebe-416b-4a6e-b639-511f332e30a8@group-48AC3E42D26F:LeaderElection63] INFO  server.RaftServerConfigKeys (ConfUtils.java:logGet(43)) - raft.server.watch.element-limit = 65536 (default)
2019-09-19 13:31:11,761 [ba204b2d-37a0-404f-91dd-7a92ee0c53b2@group-AC46B0BD9F6E:LeaderElection61] INFO  server.RaftServerConfigKeys (ConfUtils.java:logGet(43)) - raft.server.rpc.sleep.time = 25ms (default)
2019-09-19 13:31:11,762 [grpc-default-executor-1] INFO  client.GrpcClientProtocolClient (GrpcClientProtocolClient.java:onNext(264)) - client-2F9923FB6C52->02509bdf-4203-447b-86d4-697b6dde9c11: receive RaftClientReply:client-2F9923FB6C52->02509bdf-4203-447b-86d4-697b6dde9c11@group-C2834C3F6D12, cid=177, SUCCESS, logIndex=3, commits[02509bdf-4203-447b-86d4-697b6dde9c11:c4, 5a2f126f-e78b-4b68-8184-641a1e5af4bb:c2, cf9ed8b7-443d-44fc-a2c6-3bd48ab29d60:c2]
2019-09-19 13:31:11,762 [ba204b2d-37a0-404f-91dd-7a92ee0c53b2@group-AC46B0BD9F6E:LeaderElection61] INFO  server.RaftServerConfigKeys (ConfUtils.java:logGet(43)) - raft.server.write.element-limit = 4096 (default)
2019-09-19 13:31:11,762 [ba204b2d-37a0-404f-91dd-7a92ee0c53b2@group-AC46B0BD9F6E:LeaderElection61] INFO  server.RaftServerConfigKeys (ConfUtils.java:logGet(43)) - raft.server.watch.timeout = 10s (default)
2019-09-19 13:31:11,762 [ba204b2d-37a0-404f-91dd-7a92ee0c53b2@group-AC46B0BD9F6E:LeaderElection61] INFO  server.RaftServerConfigKeys (ConfUtils.java:logGet(43)) - raft.server.watch.timeout.denomination = 1s (default)
2019-09-19 13:31:11,762 [ba204b2d-37a0-404f-91dd-7a92ee0c53b2@group-AC46B0BD9F6E:LeaderElection61] INFO  server.RaftServerConfigKeys (ConfUtils.java:logGet(43)) - raft.server.watch.element-limit = 65536 (default)
2019-09-19 13:31:11,765 [e9b4aebe-416b-4a6e-b639-511f332e30a8@group-48AC3E42D26F:LeaderElection63] INFO  impl.RoleInfo (RoleInfo.java:updateAndGet(143)) - e9b4aebe-416b-4a6e-b639-511f332e30a8: start LeaderState
2019-09-19 13:31:11,765 [e9b4aebe-416b-4a6e-b639-511f332e30a8@group-48AC3E42D26F:LeaderElection63] INFO  segmented.SegmentedRaftLogWorker (SegmentedRaftLogWorker.java:startLogSegment(380)) - e9b4aebe-416b-4a6e-b639-511f332e30a8@group-48AC3E42D26F-SegmentedRaftLogWorker: Starting segment from index:0
2019-09-19 13:31:11,765 [e9b4aebe-416b-4a6e-b639-511f332e30a8@group-48AC3E42D26F:LeaderElection63] INFO  impl.RaftServerImpl (ServerState.java:setRaftConf(354)) - e9b4aebe-416b-4a6e-b639-511f332e30a8@group-48AC3E42D26F: set configuration 0: [e9b4aebe-416b-4a6e-b639-511f332e30a8:192.168.34.51:45698], old=null at 0
2019-09-19 13:31:11,769 [ba204b2d-37a0-404f-91dd-7a92ee0c53b2@group-AC46B0BD9F6E:LeaderElection61] INFO  server.RaftServerConfigKeys (ConfUtils.java:logGet(43)) - raft.server.log.appender.snapshot.chunk.size.max = 16MB (=16777216) (default)
2019-09-19 13:31:11,769 [ba204b2d-37a0-404f-91dd-7a92ee0c53b2@group-AC46B0BD9F6E:LeaderElection61] INFO  server.RaftServerConfigKeys (ConfUtils.java:logGet(43)) - raft.server.log.appender.buffer.byte-limit = 33554432 (custom)
2019-09-19 13:31:11,769 [ba204b2d-37a0-404f-91dd-7a92ee0c53b2@group-AC46B0BD9F6E:LeaderElection61] INFO  server.RaftServerConfigKeys (ConfUtils.java:logGet(43)) - raft.server.log.appender.buffer.element-limit = 1 (custom)
2019-09-19 13:31:11,769 [ba204b2d-37a0-404f-91dd-7a92ee0c53b2@group-AC46B0BD9F6E:LeaderElection61] INFO  grpc.GrpcConfigKeys$Server (ConfUtils.java:logGet(43)) - raft.grpc.server.leader.outstanding.appends.max = 128 (default)
2019-09-19 13:31:11,769 [ba204b2d-37a0-404f-91dd-7a92ee0c53b2@group-AC46B0BD9F6E:LeaderElection61] INFO  server.RaftServerConfigKeys (ConfUtils.java:logGet(43)) - raft.server.rpc.request.timeout = 3000ms (default)
2019-09-19 13:31:11,769 [ba204b2d-37a0-404f-91dd-7a92ee0c53b2@group-AC46B0BD9F6E:LeaderElection61] INFO  server.RaftServerConfigKeys (ConfUtils.java:logGet(43)) - raft.server.log.appender.install.snapshot.enabled = false (custom)
2019-09-19 13:31:11,770 [ba204b2d-37a0-404f-91dd-7a92ee0c53b2@group-AC46B0BD9F6E:LeaderElection61] INFO  server.RaftServerConfigKeys (ConfUtils.java:logGet(43)) - raft.server.log.appender.snapshot.chunk.size.max = 16MB (=16777216) (default)
2019-09-19 13:31:11,770 [ba204b2d-37a0-404f-91dd-7a92ee0c53b2@group-AC46B0BD9F6E:LeaderElection61] INFO  server.RaftServerConfigKeys (ConfUtils.java:logGet(43)) - raft.server.log.appender.buffer.byte-limit = 33554432 (custom)
2019-09-19 13:31:11,770 [ba204b2d-37a0-404f-91dd-7a92ee0c53b2@group-AC46B0BD9F6E:LeaderElection61] INFO  server.RaftServerConfigKeys (ConfUtils.java:logGet(43)) - raft.server.log.appender.buffer.element-limit = 1 (custom)
2019-09-19 13:31:11,770 [ba204b2d-37a0-404f-91dd-7a92ee0c53b2@group-AC46B0BD9F6E:LeaderElection61] INFO  grpc.GrpcConfigKeys$Server (ConfUtils.java:logGet(43)) - raft.grpc.server.leader.outstanding.appends.max = 128 (default)
2019-09-19 13:31:11,770 [ba204b2d-37a0-404f-91dd-7a92ee0c53b2@group-AC46B0BD9F6E:LeaderElection61] INFO  server.RaftServerConfigKeys (ConfUtils.java:logGet(43)) - raft.server.rpc.request.timeout = 3000ms (default)
2019-09-19 13:31:11,770 [ba204b2d-37a0-404f-91dd-7a92ee0c53b2@group-AC46B0BD9F6E:LeaderElection61] INFO  server.RaftServerConfigKeys (ConfUtils.java:logGet(43)) - raft.server.log.appender.install.snapshot.enabled = false (custom)
2019-09-19 13:31:11,770 [ba204b2d-37a0-404f-91dd-7a92ee0c53b2@group-AC46B0BD9F6E:LeaderElection61] INFO  impl.RoleInfo (RoleInfo.java:updateAndGet(143)) - ba204b2d-37a0-404f-91dd-7a92ee0c53b2: start LeaderState
2019-09-19 13:31:11,770 [ba204b2d-37a0-404f-91dd-7a92ee0c53b2@group-AC46B0BD9F6E:LeaderElection61] INFO  segmented.SegmentedRaftLogWorker (SegmentedRaftLogWorker.java:startLogSegment(380)) - ba204b2d-37a0-404f-91dd-7a92ee0c53b2@group-AC46B0BD9F6E-SegmentedRaftLogWorker: Starting segment from index:0
2019-09-19 13:31:11,772 [ba204b2d-37a0-404f-91dd-7a92ee0c53b2@group-AC46B0BD9F6E:LeaderElection61] INFO  impl.RaftServerImpl (ServerState.java:setRaftConf(354)) - ba204b2d-37a0-404f-91dd-7a92ee0c53b2@group-AC46B0BD9F6E: set configuration 0: [ba204b2d-37a0-404f-91dd-7a92ee0c53b2:192.168.34.51:33948, d0f0864f-f10e-402b-b950-9345ab4d2f6b:192.168.34.51:37964, 0a0d37aa-ff90-4935-8d48-c839ac7b3aa9:192.168.34.51:39232], old=null at 0
2019-09-19 13:31:11,772 [grpc-default-executor-7] INFO  impl.RaftServerImpl (ServerState.java:setLeader(253)) - d0f0864f-f10e-402b-b950-9345ab4d2f6b@group-AC46B0BD9F6E: change Leader from null to ba204b2d-37a0-404f-91dd-7a92ee0c53b2 at term 1 for appendEntries, leader elected after 5133ms
2019-09-19 13:31:11,800 [grpc-default-executor-1] INFO  client.GrpcClientProtocolClient (GrpcClientProtocolClient.java:onNext(264)) - client-2F9923FB6C52->02509bdf-4203-447b-86d4-697b6dde9c11: receive RaftClientReply:client-2F9923FB6C52->02509bdf-4203-447b-86d4-697b6dde9c11@group-C2834C3F6D12, cid=178, SUCCESS, logIndex=4, commits[02509bdf-4203-447b-86d4-697b6dde9c11:c8, 5a2f126f-e78b-4b68-8184-641a1e5af4bb:c2, cf9ed8b7-443d-44fc-a2c6-3bd48ab29d60:c3]
2019-09-19 13:31:11,804 [grpc-default-executor-7] INFO  impl.RaftServerImpl (ServerState.java:setLeader(253)) - 0a0d37aa-ff90-4935-8d48-c839ac7b3aa9@group-AC46B0BD9F6E: change Leader from null to ba204b2d-37a0-404f-91dd-7a92ee0c53b2 at term 1 for appendEntries, leader elected after 5165ms
2019-09-19 13:31:11,806 [ba204b2d-37a0-404f-91dd-7a92ee0c53b2@group-AC46B0BD9F6E-SegmentedRaftLogWorker] INFO  segmented.SegmentedRaftLogWorker (SegmentedRaftLogWorker.java:execute(569)) - ba204b2d-37a0-404f-91dd-7a92ee0c53b2@group-AC46B0BD9F6E-SegmentedRaftLogWorker: created new log segment /workdir/hadoop-ozone/integration-test/target/test-dir/MiniOzoneClusterImpl-4d5d2d7a-88bc-4d8f-bc17-99926ca9d3cb/datanode-4/data/ratis/61905a30-3d6c-4a96-af7b-ac46b0bd9f6e/current/log_inprogress_0
2019-09-19 13:31:11,807 [e9b4aebe-416b-4a6e-b639-511f332e30a8@group-48AC3E42D26F-SegmentedRaftLogWorker] INFO  segmented.SegmentedRaftLogWorker (SegmentedRaftLogWorker.java:execute(569)) - e9b4aebe-416b-4a6e-b639-511f332e30a8@group-48AC3E42D26F-SegmentedRaftLogWorker: created new log segment /workdir/hadoop-ozone/integration-test/target/test-dir/MiniOzoneClusterImpl-4d5d2d7a-88bc-4d8f-bc17-99926ca9d3cb/datanode-5/data/ratis/499821f6-daa4-473e-bd3e-48ac3e42d26f/current/log_inprogress_0
2019-09-19 13:31:11,807 [grpc-default-executor-4] INFO  client.GrpcClientProtocolClient (GrpcClientProtocolClient.java:onNext(264)) - client-2F9923FB6C52->02509bdf-4203-447b-86d4-697b6dde9c11: receive RaftClientReply:client-2F9923FB6C52->02509bdf-4203-447b-86d4-697b6dde9c11@group-C2834C3F6D12, cid=179, SUCCESS, logIndex=5, commits[02509bdf-4203-447b-86d4-697b6dde9c11:c8, 5a2f126f-e78b-4b68-8184-641a1e5af4bb:c2, cf9ed8b7-443d-44fc-a2c6-3bd48ab29d60:c3]
2019-09-19 13:31:11,812 [grpc-default-executor-4] INFO  impl.RaftServerImpl (ServerState.java:setRaftConf(354)) - d0f0864f-f10e-402b-b950-9345ab4d2f6b@group-AC46B0BD9F6E: set configuration 0: [ba204b2d-37a0-404f-91dd-7a92ee0c53b2:192.168.34.51:33948, d0f0864f-f10e-402b-b950-9345ab4d2f6b:192.168.34.51:37964, 0a0d37aa-ff90-4935-8d48-c839ac7b3aa9:192.168.34.51:39232], old=null at 0
2019-09-19 13:31:11,812 [grpc-default-executor-7] INFO  client.GrpcClientProtocolClient (GrpcClientProtocolClient.java:onNext(264)) - client-2F9923FB6C52->02509bdf-4203-447b-86d4-697b6dde9c11: receive RaftClientReply:client-2F9923FB6C52->02509bdf-4203-447b-86d4-697b6dde9c11@group-C2834C3F6D12, cid=180, SUCCESS, logIndex=6, commits[02509bdf-4203-447b-86d4-697b6dde9c11:c8, 5a2f126f-e78b-4b68-8184-641a1e5af4bb:c4, cf9ed8b7-443d-44fc-a2c6-3bd48ab29d60:c3]
2019-09-19 13:31:11,812 [grpc-default-executor-4] INFO  segmented.SegmentedRaftLogWorker (SegmentedRaftLogWorker.java:startLogSegment(380)) - d0f0864f-f10e-402b-b950-9345ab4d2f6b@group-AC46B0BD9F6E-SegmentedRaftLogWorker: Starting segment from index:0
2019-09-19 13:31:11,835 [grpc-default-executor-4] INFO  impl.RaftServerImpl (ServerState.java:setRaftConf(354)) - 0a0d37aa-ff90-4935-8d48-c839ac7b3aa9@group-AC46B0BD9F6E: set configuration 0: [ba204b2d-37a0-404f-91dd-7a92ee0c53b2:192.168.34.51:33948, d0f0864f-f10e-402b-b950-9345ab4d2f6b:192.168.34.51:37964, 0a0d37aa-ff90-4935-8d48-c839ac7b3aa9:192.168.34.51:39232], old=null at 0
2019-09-19 13:31:11,836 [grpc-default-executor-4] INFO  segmented.SegmentedRaftLogWorker (SegmentedRaftLogWorker.java:startLogSegment(380)) - 0a0d37aa-ff90-4935-8d48-c839ac7b3aa9@group-AC46B0BD9F6E-SegmentedRaftLogWorker: Starting segment from index:0
2019-09-19 13:31:11,848 [d0f0864f-f10e-402b-b950-9345ab4d2f6b@group-AC46B0BD9F6E-SegmentedRaftLogWorker] INFO  segmented.SegmentedRaftLogWorker (SegmentedRaftLogWorker.java:execute(569)) - d0f0864f-f10e-402b-b950-9345ab4d2f6b@group-AC46B0BD9F6E-SegmentedRaftLogWorker: created new log segment /workdir/hadoop-ozone/integration-test/target/test-dir/MiniOzoneClusterImpl-4d5d2d7a-88bc-4d8f-bc17-99926ca9d3cb/datanode-3/data/ratis/61905a30-3d6c-4a96-af7b-ac46b0bd9f6e/current/log_inprogress_0
2019-09-19 13:31:11,871 [0a0d37aa-ff90-4935-8d48-c839ac7b3aa9@group-AC46B0BD9F6E-SegmentedRaftLogWorker] INFO  segmented.SegmentedRaftLogWorker (SegmentedRaftLogWorker.java:execute(569)) - 0a0d37aa-ff90-4935-8d48-c839ac7b3aa9@group-AC46B0BD9F6E-SegmentedRaftLogWorker: created new log segment /workdir/hadoop-ozone/integration-test/target/test-dir/MiniOzoneClusterImpl-4d5d2d7a-88bc-4d8f-bc17-99926ca9d3cb/datanode-6/data/ratis/61905a30-3d6c-4a96-af7b-ac46b0bd9f6e/current/log_inprogress_0
2019-09-19 13:31:11,873 [grpc-default-executor-4] INFO  client.GrpcClientProtocolClient (GrpcClientProtocolClient.java:onNext(264)) - client-2F9923FB6C52->02509bdf-4203-447b-86d4-697b6dde9c11: receive RaftClientReply:client-2F9923FB6C52->02509bdf-4203-447b-86d4-697b6dde9c11@group-C2834C3F6D12, cid=181, SUCCESS, logIndex=7, commits[02509bdf-4203-447b-86d4-697b6dde9c11:c11, 5a2f126f-e78b-4b68-8184-641a1e5af4bb:c8, cf9ed8b7-443d-44fc-a2c6-3bd48ab29d60:c8]
2019-09-19 13:31:12,210 [grpc-default-executor-1] INFO  client.GrpcClientProtocolClient (GrpcClientProtocolClient.java:onNext(264)) - client-2F9923FB6C52->02509bdf-4203-447b-86d4-697b6dde9c11: receive RaftClientReply:client-2F9923FB6C52->02509bdf-4203-447b-86d4-697b6dde9c11@group-C2834C3F6D12, cid=182, SUCCESS, logIndex=12, commits[02509bdf-4203-447b-86d4-697b6dde9c11:c13, 5a2f126f-e78b-4b68-8184-641a1e5af4bb:c11, cf9ed8b7-443d-44fc-a2c6-3bd48ab29d60:c11]
2019-09-19 13:31:12,222 [grpc-default-executor-1] INFO  client.GrpcClientProtocolClient (GrpcClientProtocolClient.java:onNext(264)) - client-2F9923FB6C52->02509bdf-4203-447b-86d4-697b6dde9c11: receive RaftClientReply:client-2F9923FB6C52->02509bdf-4203-447b-86d4-697b6dde9c11@group-C2834C3F6D12, cid=183, SUCCESS, logIndex=13, commits[02509bdf-4203-447b-86d4-697b6dde9c11:c13, 5a2f126f-e78b-4b68-8184-641a1e5af4bb:c11, cf9ed8b7-443d-44fc-a2c6-3bd48ab29d60:c11]
2019-09-19 13:31:12,274 [grpc-default-executor-1] INFO  client.GrpcClientProtocolClient (GrpcClientProtocolClient.java:onNext(264)) - client-2F9923FB6C52->02509bdf-4203-447b-86d4-697b6dde9c11: receive RaftClientReply:client-2F9923FB6C52->02509bdf-4203-447b-86d4-697b6dde9c11@group-C2834C3F6D12, cid=184, SUCCESS, logIndex=0, commits[02509bdf-4203-447b-86d4-697b6dde9c11:c15, 5a2f126f-e78b-4b68-8184-641a1e5af4bb:c13, cf9ed8b7-443d-44fc-a2c6-3bd48ab29d60:c13]
2019-09-19 13:31:12,659 [Datanode State Machine Thread - 0] INFO  statemachine.DatanodeStateMachine (DatanodeStateMachine.java:lambda$startDaemon$0(350)) - Ozone container server started.
2019-09-19 13:31:16,711 [EventQueue-StaleNodeForStaleNodeHandler] INFO  node.StaleNodeHandler (StaleNodeHandler.java:onMessage(58)) - Datanode 02509bdf-4203-447b-86d4-697b6dde9c11{ip: 192.168.34.51, host: pr-hdds-1982-decom-states-fm625-96302961, networkLocation: /default-rack, certSerialId: null} moved to stale state. Finalizing its pipelines [PipelineID=257fa37d-1321-4f16-b953-f784d89509c5, PipelineID=d33dd535-1d59-4d7d-bfd8-c2834c3f6d12]
2019-09-19 13:31:16,711 [EventQueue-StaleNodeForStaleNodeHandler] INFO  pipeline.SCMPipelineManager (SCMPipelineManager.java:finalizeAndDestroyPipeline(311)) - destroying pipeline:Pipeline[ Id: 257fa37d-1321-4f16-b953-f784d89509c5, Nodes: 02509bdf-4203-447b-86d4-697b6dde9c11{ip: 192.168.34.51, host: pr-hdds-1982-decom-states-fm625-96302961, networkLocation: /default-rack, certSerialId: null}, Type:RATIS, Factor:ONE, State:OPEN]
2019-09-19 13:31:16,712 [EventQueue-StaleNodeForStaleNodeHandler] INFO  pipeline.PipelineStateManager (PipelineStateManager.java:finalizePipeline(123)) - Pipeline Pipeline[ Id: 257fa37d-1321-4f16-b953-f784d89509c5, Nodes: 02509bdf-4203-447b-86d4-697b6dde9c11{ip: 192.168.34.51, host: pr-hdds-1982-decom-states-fm625-96302961, networkLocation: /default-rack, certSerialId: null}, Type:RATIS, Factor:ONE, State:CLOSED] moved to CLOSED state
2019-09-19 13:31:16,712 [EventQueue-StaleNodeForStaleNodeHandler] INFO  pipeline.SCMPipelineManager (SCMPipelineManager.java:finalizeAndDestroyPipeline(311)) - destroying pipeline:Pipeline[ Id: d33dd535-1d59-4d7d-bfd8-c2834c3f6d12, Nodes: 02509bdf-4203-447b-86d4-697b6dde9c11{ip: 192.168.34.51, host: pr-hdds-1982-decom-states-fm625-96302961, networkLocation: /default-rack, certSerialId: null}cf9ed8b7-443d-44fc-a2c6-3bd48ab29d60{ip: 192.168.34.51, host: pr-hdds-1982-decom-states-fm625-96302961, networkLocation: /default-rack, certSerialId: null}5a2f126f-e78b-4b68-8184-641a1e5af4bb{ip: 192.168.34.51, host: pr-hdds-1982-decom-states-fm625-96302961, networkLocation: /default-rack, certSerialId: null}, Type:RATIS, Factor:THREE, State:OPEN]
2019-09-19 13:31:16,712 [EventQueue-StaleNodeForStaleNodeHandler] INFO  pipeline.PipelineStateManager (PipelineStateManager.java:finalizePipeline(123)) - Pipeline Pipeline[ Id: d33dd535-1d59-4d7d-bfd8-c2834c3f6d12, Nodes: 02509bdf-4203-447b-86d4-697b6dde9c11{ip: 192.168.34.51, host: pr-hdds-1982-decom-states-fm625-96302961, networkLocation: /default-rack, certSerialId: null}cf9ed8b7-443d-44fc-a2c6-3bd48ab29d60{ip: 192.168.34.51, host: pr-hdds-1982-decom-states-fm625-96302961, networkLocation: /default-rack, certSerialId: null}5a2f126f-e78b-4b68-8184-641a1e5af4bb{ip: 192.168.34.51, host: pr-hdds-1982-decom-states-fm625-96302961, networkLocation: /default-rack, certSerialId: null}, Type:RATIS, Factor:THREE, State:CLOSED] moved to CLOSED state
2019-09-19 13:31:16,712 [EventQueue-CloseContainerForCloseContainerEventHandler] INFO  container.CloseContainerEventHandler (CloseContainerEventHandler.java:onMessage(61)) - Close container Event triggered for container : #1
2019-09-19 13:31:17,275 [main] INFO  ozoneimpl.OzoneContainer (OzoneContainer.java:stop(231)) - Attempting to stop container services.
2019-09-19 13:31:17,279 [main] INFO  impl.RaftServerProxy (RaftServerProxy.java:lambda$close$4(314)) - 02509bdf-4203-447b-86d4-697b6dde9c11: close
2019-09-19 13:31:17,280 [main] INFO  impl.RaftServerImpl (RaftServerImpl.java:lambda$shutdown$3(251)) - 02509bdf-4203-447b-86d4-697b6dde9c11@group-F784D89509C5: shutdown
2019-09-19 13:31:17,280 [ForkJoinPool.commonPool-worker-0] INFO  impl.RaftServerImpl (RaftServerImpl.java:lambda$shutdown$3(251)) - 02509bdf-4203-447b-86d4-697b6dde9c11@group-C2834C3F6D12: shutdown
2019-09-19 13:31:17,280 [main] INFO  util.JmxRegister (JmxRegister.java:unregister(73)) - Successfully un-registered JMX Bean with object name Ratis:service=RaftServer,group=group-F784D89509C5,id=02509bdf-4203-447b-86d4-697b6dde9c11
2019-09-19 13:31:17,280 [ForkJoinPool.commonPool-worker-0] INFO  util.JmxRegister (JmxRegister.java:unregister(73)) - Successfully un-registered JMX Bean with object name Ratis:service=RaftServer,group=group-C2834C3F6D12,id=02509bdf-4203-447b-86d4-697b6dde9c11
2019-09-19 13:31:17,280 [main] INFO  impl.RoleInfo (RoleInfo.java:shutdownLeaderState(104)) - 02509bdf-4203-447b-86d4-697b6dde9c11: shutdown LeaderState
2019-09-19 13:31:17,281 [ForkJoinPool.commonPool-worker-0] INFO  impl.RoleInfo (RoleInfo.java:shutdownLeaderState(104)) - 02509bdf-4203-447b-86d4-697b6dde9c11: shutdown LeaderState
2019-09-19 13:31:17,281 [main] INFO  impl.PendingRequests (PendingRequests.java:sendNotLeaderResponses(202)) - 02509bdf-4203-447b-86d4-697b6dde9c11-PendingRequests: sendNotLeaderResponses
2019-09-19 13:31:17,284 [org.apache.ratis.server.impl.LogAppender$AppenderDaemon$$Lambda$489/1096161666@72ea7a64] WARN  server.GrpcLogAppender (GrpcLogAppender.java:mayWait(143)) - 02509bdf-4203-447b-86d4-697b6dde9c11@group-C2834C3F6D12->5a2f126f-e78b-4b68-8184-641a1e5af4bb-GrpcLogAppender: Wait interrupted by java.lang.InterruptedException
2019-09-19 13:31:17,284 [org.apache.ratis.server.impl.LogAppender$AppenderDaemon$$Lambda$489/1096161666@4b0f5945] WARN  server.GrpcLogAppender (GrpcLogAppender.java:mayWait(143)) - 02509bdf-4203-447b-86d4-697b6dde9c11@group-C2834C3F6D12->cf9ed8b7-443d-44fc-a2c6-3bd48ab29d60-GrpcLogAppender: Wait interrupted by java.lang.InterruptedException
2019-09-19 13:31:17,285 [main] INFO  impl.StateMachineUpdater (StateMachineUpdater.java:stopAndJoin(125)) - 02509bdf-4203-447b-86d4-697b6dde9c11@group-F784D89509C5-StateMachineUpdater: set stopIndex = 0
2019-09-19 13:31:17,284 [ForkJoinPool.commonPool-worker-0] INFO  impl.PendingRequests (PendingRequests.java:sendNotLeaderResponses(202)) - 02509bdf-4203-447b-86d4-697b6dde9c11-PendingRequests: sendNotLeaderResponses
2019-09-19 13:31:17,285 [grpc-default-executor-1] INFO  server.GrpcServerProtocolService (GrpcServerProtocolService.java:onCompleted(113)) - 5a2f126f-e78b-4b68-8184-641a1e5af4bb: Completed APPEND_ENTRIES, lastRequest: 02509bdf-4203-447b-86d4-697b6dde9c11->5a2f126f-e78b-4b68-8184-641a1e5af4bb#18-t1, previous=(t:1, i:15), leaderCommit=15, initializing? false, entries: <empty>
2019-09-19 13:31:17,288 [main] INFO  impl.RaftServerImpl (ServerState.java:close(385)) - 02509bdf-4203-447b-86d4-697b6dde9c11@group-F784D89509C5: closes. applyIndex: 0
2019-09-19 13:31:17,288 [ForkJoinPool.commonPool-worker-0] INFO  impl.StateMachineUpdater (StateMachineUpdater.java:stopAndJoin(125)) - 02509bdf-4203-447b-86d4-697b6dde9c11@group-C2834C3F6D12-StateMachineUpdater: set stopIndex = 15
2019-09-19 13:31:17,288 [02509bdf-4203-447b-86d4-697b6dde9c11@group-C2834C3F6D12-StateMachineUpdater] INFO  ratis.ContainerStateMachine (ContainerStateMachine.java:takeSnapshot(289)) - group-C2834C3F6D12: Taking a snapshot at:(t:1, i:13) file /workdir/hadoop-ozone/integration-test/target/test-dir/MiniOzoneClusterImpl-4d5d2d7a-88bc-4d8f-bc17-99926ca9d3cb/datanode-0/data/ratis/d33dd535-1d59-4d7d-bfd8-c2834c3f6d12/sm/snapshot.1_13
2019-09-19 13:31:17,285 [grpc-default-executor-4] INFO  server.GrpcServerProtocolService (GrpcServerProtocolService.java:onCompleted(113)) - cf9ed8b7-443d-44fc-a2c6-3bd48ab29d60: Completed APPEND_ENTRIES, lastRequest: 02509bdf-4203-447b-86d4-697b6dde9c11->cf9ed8b7-443d-44fc-a2c6-3bd48ab29d60#18-t1, previous=(t:1, i:15), leaderCommit=15, initializing? false, entries: <empty>
2019-09-19 13:31:17,289 [grpc-default-executor-7] INFO  server.GrpcLogAppender (GrpcLogAppender.java:onCompleted(293)) - 02509bdf-4203-447b-86d4-697b6dde9c11@group-C2834C3F6D12->5a2f126f-e78b-4b68-8184-641a1e5af4bb-AppendLogResponseHandler: follower responses appendEntries COMPLETED
2019-09-19 13:31:17,289 [02509bdf-4203-447b-86d4-697b6dde9c11@group-F784D89509C5-SegmentedRaftLogWorker] INFO  segmented.SegmentedRaftLogWorker (SegmentedRaftLogWorker.java:run(313)) - 02509bdf-4203-447b-86d4-697b6dde9c11@group-F784D89509C5-SegmentedRaftLogWorker was interrupted, exiting. There are 0 tasks remaining in the queue.
2019-09-19 13:31:17,292 [main] INFO  segmented.SegmentedRaftLogWorker (SegmentedRaftLogWorker.java:close(228)) - 02509bdf-4203-447b-86d4-697b6dde9c11@group-F784D89509C5-SegmentedRaftLogWorker close()
2019-09-19 13:31:17,292 [grpc-default-executor-7] INFO  impl.FollowerInfo (FollowerInfo.java:lambda$new$0(51)) - 02509bdf-4203-447b-86d4-697b6dde9c11@group-C2834C3F6D12->5a2f126f-e78b-4b68-8184-641a1e5af4bb: nextIndex: updateUnconditionally 16 -> 15
2019-09-19 13:31:17,297 [grpc-default-executor-7] INFO  server.GrpcLogAppender (GrpcLogAppender.java:onCompleted(293)) - 02509bdf-4203-447b-86d4-697b6dde9c11@group-C2834C3F6D12->cf9ed8b7-443d-44fc-a2c6-3bd48ab29d60-AppendLogResponseHandler: follower responses appendEntries COMPLETED
2019-09-19 13:31:17,297 [grpc-default-executor-7] INFO  impl.FollowerInfo (FollowerInfo.java:lambda$new$0(51)) - 02509bdf-4203-447b-86d4-697b6dde9c11@group-C2834C3F6D12->cf9ed8b7-443d-44fc-a2c6-3bd48ab29d60: nextIndex: updateUnconditionally 16 -> 15
2019-09-19 13:31:17,303 [02509bdf-4203-447b-86d4-697b6dde9c11@group-C2834C3F6D12-StateMachineUpdater] INFO  ratis.ContainerStateMachine (ContainerStateMachine.java:takeSnapshot(300)) - group-C2834C3F6D12: Finished taking a snapshot at:(t:1, i:13) file:/workdir/hadoop-ozone/integration-test/target/test-dir/MiniOzoneClusterImpl-4d5d2d7a-88bc-4d8f-bc17-99926ca9d3cb/datanode-0/data/ratis/d33dd535-1d59-4d7d-bfd8-c2834c3f6d12/sm/snapshot.1_13 time:14
2019-09-19 13:31:17,303 [02509bdf-4203-447b-86d4-697b6dde9c11@group-C2834C3F6D12-StateMachineUpdater] INFO  impl.StateMachineUpdater (StateMachineUpdater.java:takeSnapshot(258)) - 02509bdf-4203-447b-86d4-697b6dde9c11@group-C2834C3F6D12-StateMachineUpdater: Took a snapshot at index 13
2019-09-19 13:31:17,303 [02509bdf-4203-447b-86d4-697b6dde9c11@group-C2834C3F6D12-StateMachineUpdater] INFO  impl.StateMachineUpdater (StateMachineUpdater.java:lambda$new$0(83)) - 02509bdf-4203-447b-86d4-697b6dde9c11@group-C2834C3F6D12-StateMachineUpdater: snapshotIndex: updateIncreasingly -1 -> 13
2019-09-19 13:31:17,303 [02509bdf-4203-447b-86d4-697b6dde9c11@group-C2834C3F6D12-StateMachineUpdater] INFO  ratis.ContainerStateMachine (ContainerStateMachine.java:takeSnapshot(289)) - group-C2834C3F6D12: Taking a snapshot at:(t:1, i:13) file /workdir/hadoop-ozone/integration-test/target/test-dir/MiniOzoneClusterImpl-4d5d2d7a-88bc-4d8f-bc17-99926ca9d3cb/datanode-0/data/ratis/d33dd535-1d59-4d7d-bfd8-c2834c3f6d12/sm/snapshot.1_13
2019-09-19 13:31:17,316 [02509bdf-4203-447b-86d4-697b6dde9c11@group-C2834C3F6D12-StateMachineUpdater] INFO  ratis.ContainerStateMachine (ContainerStateMachine.java:takeSnapshot(300)) - group-C2834C3F6D12: Finished taking a snapshot at:(t:1, i:13) file:/workdir/hadoop-ozone/integration-test/target/test-dir/MiniOzoneClusterImpl-4d5d2d7a-88bc-4d8f-bc17-99926ca9d3cb/datanode-0/data/ratis/d33dd535-1d59-4d7d-bfd8-c2834c3f6d12/sm/snapshot.1_13 time:12
2019-09-19 13:31:17,316 [02509bdf-4203-447b-86d4-697b6dde9c11@group-C2834C3F6D12-StateMachineUpdater] INFO  impl.StateMachineUpdater (StateMachineUpdater.java:takeSnapshot(258)) - 02509bdf-4203-447b-86d4-697b6dde9c11@group-C2834C3F6D12-StateMachineUpdater: Took a snapshot at index 13
2019-09-19 13:31:17,316 [02509bdf-4203-447b-86d4-697b6dde9c11@group-C2834C3F6D12-StateMachineUpdater] INFO  impl.StateMachineUpdater (StateMachineUpdater.java:lambda$new$0(83)) - 02509bdf-4203-447b-86d4-697b6dde9c11@group-C2834C3F6D12-StateMachineUpdater: snapshotIndex: updateIncreasingly 13 -> 13
2019-09-19 13:31:17,317 [ForkJoinPool.commonPool-worker-0] INFO  impl.RaftServerImpl (ServerState.java:close(385)) - 02509bdf-4203-447b-86d4-697b6dde9c11@group-C2834C3F6D12: closes. applyIndex: 15
2019-09-19 13:31:17,317 [02509bdf-4203-447b-86d4-697b6dde9c11@group-C2834C3F6D12-SegmentedRaftLogWorker] INFO  segmented.SegmentedRaftLogWorker (SegmentedRaftLogWorker.java:run(313)) - 02509bdf-4203-447b-86d4-697b6dde9c11@group-C2834C3F6D12-SegmentedRaftLogWorker was interrupted, exiting. There are 0 tasks remaining in the queue.
2019-09-19 13:31:17,320 [ForkJoinPool.commonPool-worker-0] INFO  segmented.SegmentedRaftLogWorker (SegmentedRaftLogWorker.java:close(228)) - 02509bdf-4203-447b-86d4-697b6dde9c11@group-C2834C3F6D12-SegmentedRaftLogWorker close()
2019-09-19 13:31:17,326 [main] INFO  server.GrpcService (GrpcService.java:closeImpl(164)) - 02509bdf-4203-447b-86d4-697b6dde9c11: shutdown server with port 45869 now
2019-09-19 13:31:17,327 [grpc-default-executor-4] WARN  client.GrpcClientProtocolService (LogUtils.java:warn(134)) - 3-UnorderedRequestStreamObserver3: onError: org.apache.ratis.thirdparty.io.grpc.StatusRuntimeException: CANCELLED: cancelled before receiving half close
2019-09-19 13:31:17,327 [main] INFO  server.GrpcService (GrpcService.java:closeImpl(172)) - 02509bdf-4203-447b-86d4-697b6dde9c11: shutdown server with port 45869 successfully
2019-09-19 13:31:17,334 [refreshUsed-/workdir/hadoop-ozone/integration-test/target/test-dir/MiniOzoneClusterImpl-4d5d2d7a-88bc-4d8f-bc17-99926ca9d3cb/datanode-0/data/containers] WARN  fs.CachingGetSpaceUsed (CachingGetSpaceUsed.java:run(183)) - Thread Interrupted waiting to refresh disk information: sleep interrupted
2019-09-19 13:31:17,350 [main] INFO  utils.BackgroundService (BackgroundService.java:shutdown(148)) - Shutting down service BlockDeletingService
2019-09-19 13:31:17,358 [main] INFO  statemachine.DatanodeStateMachine (DatanodeStateMachine.java:stopDaemon(395)) - Ozone container server stopped.
2019-09-19 13:31:17,359 [main] INFO  handler.ContextHandler (ContextHandler.java:doStop(910)) - Stopped o.e.j.w.WebAppContext@3cb6e0ee{/,null,UNAVAILABLE}{/hddsDatanode}
2019-09-19 13:31:17,360 [main] INFO  server.AbstractConnector (AbstractConnector.java:doStop(318)) - Stopped ServerConnector@7b6141f0{HTTP/1.1,[http/1.1]}{0.0.0.0:0}
2019-09-19 13:31:17,360 [main] INFO  handler.ContextHandler (ContextHandler.java:doStop(910)) - Stopped o.e.j.s.ServletContextHandler@2c06b113{/static,jar:file:/home/user/.m2/repository/org/apache/hadoop/hadoop-hdds-container-service/0.5.0-SNAPSHOT/hadoop-hdds-container-service-0.5.0-SNAPSHOT.jar!/webapps/static,UNAVAILABLE}
2019-09-19 13:31:17,360 [main] INFO  handler.ContextHandler (ContextHandler.java:doStop(910)) - Stopped o.e.j.s.ServletContextHandler@39d77de9{/logs,file:///workdir/hadoop-ozone/integration-test/target/log,UNAVAILABLE}
2019-09-19 13:31:19,391 [grpc-default-executor-6] INFO  client.GrpcClientProtocolClient (GrpcClientProtocolClient.java:onNext(264)) - client-2F9923FB6C52->5a2f126f-e78b-4b68-8184-641a1e5af4bb: receive RaftClientReply:client-2F9923FB6C52->5a2f126f-e78b-4b68-8184-641a1e5af4bb@group-C2834C3F6D12, cid=185, FAILED org.apache.ratis.protocol.NotLeaderException: Server 5a2f126f-e78b-4b68-8184-641a1e5af4bb@group-C2834C3F6D12 is not the leader 02509bdf-4203-447b-86d4-697b6dde9c11:192.168.34.51:45869, logIndex=0, commits[5a2f126f-e78b-4b68-8184-641a1e5af4bb:c15, 02509bdf-4203-447b-86d4-697b6dde9c11:c15, cf9ed8b7-443d-44fc-a2c6-3bd48ab29d60:c15]
2019-09-19 13:31:20,404 [grpc-default-executor-3] INFO  client.GrpcClientProtocolClient (GrpcClientProtocolClient.java:onNext(264)) - client-2F9923FB6C52->5a2f126f-e78b-4b68-8184-641a1e5af4bb: receive RaftClientReply:client-2F9923FB6C52->5a2f126f-e78b-4b68-8184-641a1e5af4bb@group-C2834C3F6D12, cid=185, FAILED org.apache.ratis.protocol.NotLeaderException: Server 5a2f126f-e78b-4b68-8184-641a1e5af4bb@group-C2834C3F6D12 is not the leader 02509bdf-4203-447b-86d4-697b6dde9c11:192.168.34.51:45869, logIndex=0, commits[5a2f126f-e78b-4b68-8184-641a1e5af4bb:c15, 02509bdf-4203-447b-86d4-697b6dde9c11:c15, cf9ed8b7-443d-44fc-a2c6-3bd48ab29d60:c15]
2019-09-19 13:31:21,417 [grpc-default-executor-3] INFO  client.GrpcClientProtocolClient (GrpcClientProtocolClient.java:onNext(264)) - client-2F9923FB6C52->cf9ed8b7-443d-44fc-a2c6-3bd48ab29d60: receive RaftClientReply:client-2F9923FB6C52->cf9ed8b7-443d-44fc-a2c6-3bd48ab29d60@group-C2834C3F6D12, cid=185, FAILED org.apache.ratis.protocol.NotLeaderException: Server cf9ed8b7-443d-44fc-a2c6-3bd48ab29d60@group-C2834C3F6D12 is not the leader 02509bdf-4203-447b-86d4-697b6dde9c11:192.168.34.51:45869, logIndex=0, commits[cf9ed8b7-443d-44fc-a2c6-3bd48ab29d60:c15, 02509bdf-4203-447b-86d4-697b6dde9c11:c15, 5a2f126f-e78b-4b68-8184-641a1e5af4bb:c15]
2019-09-19 13:31:22,432 [grpc-default-executor-1] INFO  client.GrpcClientProtocolClient (GrpcClientProtocolClient.java:onNext(264)) - client-2F9923FB6C52->cf9ed8b7-443d-44fc-a2c6-3bd48ab29d60: receive RaftClientReply:client-2F9923FB6C52->cf9ed8b7-443d-44fc-a2c6-3bd48ab29d60@group-C2834C3F6D12, cid=185, FAILED org.apache.ratis.protocol.NotLeaderException: Server cf9ed8b7-443d-44fc-a2c6-3bd48ab29d60@group-C2834C3F6D12 is not the leader 02509bdf-4203-447b-86d4-697b6dde9c11:192.168.34.51:45869, logIndex=0, commits[cf9ed8b7-443d-44fc-a2c6-3bd48ab29d60:c15, 02509bdf-4203-447b-86d4-697b6dde9c11:c15, 5a2f126f-e78b-4b68-8184-641a1e5af4bb:c15]
2019-09-19 13:31:23,447 [grpc-default-executor-3] INFO  client.GrpcClientProtocolClient (GrpcClientProtocolClient.java:onNext(264)) - client-2F9923FB6C52->5a2f126f-e78b-4b68-8184-641a1e5af4bb: receive RaftClientReply:client-2F9923FB6C52->5a2f126f-e78b-4b68-8184-641a1e5af4bb@group-C2834C3F6D12, cid=185, FAILED org.apache.ratis.protocol.NotLeaderException: Server 5a2f126f-e78b-4b68-8184-641a1e5af4bb@group-C2834C3F6D12 is not the leader 02509bdf-4203-447b-86d4-697b6dde9c11:192.168.34.51:45869, logIndex=0, commits[5a2f126f-e78b-4b68-8184-641a1e5af4bb:c15, 02509bdf-4203-447b-86d4-697b6dde9c11:c15, cf9ed8b7-443d-44fc-a2c6-3bd48ab29d60:c15]
2019-09-19 13:31:24,463 [grpc-default-executor-1] INFO  client.GrpcClientProtocolClient (GrpcClientProtocolClient.java:onNext(264)) - client-2F9923FB6C52->cf9ed8b7-443d-44fc-a2c6-3bd48ab29d60: receive RaftClientReply:client-2F9923FB6C52->cf9ed8b7-443d-44fc-a2c6-3bd48ab29d60@group-C2834C3F6D12, cid=185, FAILED org.apache.ratis.protocol.NotLeaderException: Server cf9ed8b7-443d-44fc-a2c6-3bd48ab29d60@group-C2834C3F6D12 is not the leader 02509bdf-4203-447b-86d4-697b6dde9c11:192.168.34.51:45869, logIndex=0, commits[cf9ed8b7-443d-44fc-a2c6-3bd48ab29d60:c15, 02509bdf-4203-447b-86d4-697b6dde9c11:c15, 5a2f126f-e78b-4b68-8184-641a1e5af4bb:c15]
2019-09-19 13:31:25,483 [grpc-default-executor-3] INFO  client.GrpcClientProtocolClient (GrpcClientProtocolClient.java:onNext(264)) - client-2F9923FB6C52->cf9ed8b7-443d-44fc-a2c6-3bd48ab29d60: receive RaftClientReply:client-2F9923FB6C52->cf9ed8b7-443d-44fc-a2c6-3bd48ab29d60@group-C2834C3F6D12, cid=185, FAILED org.apache.ratis.protocol.NotLeaderException: Server cf9ed8b7-443d-44fc-a2c6-3bd48ab29d60@group-C2834C3F6D12 is not the leader 02509bdf-4203-447b-86d4-697b6dde9c11:192.168.34.51:45869, logIndex=0, commits[cf9ed8b7-443d-44fc-a2c6-3bd48ab29d60:c15, 02509bdf-4203-447b-86d4-697b6dde9c11:c15, 5a2f126f-e78b-4b68-8184-641a1e5af4bb:c15]
2019-09-19 13:31:26,504 [grpc-default-executor-6] INFO  client.GrpcClientProtocolClient (GrpcClientProtocolClient.java:onNext(264)) - client-2F9923FB6C52->cf9ed8b7-443d-44fc-a2c6-3bd48ab29d60: receive RaftClientReply:client-2F9923FB6C52->cf9ed8b7-443d-44fc-a2c6-3bd48ab29d60@group-C2834C3F6D12, cid=185, FAILED org.apache.ratis.protocol.NotLeaderException: Server cf9ed8b7-443d-44fc-a2c6-3bd48ab29d60@group-C2834C3F6D12 is not the leader 02509bdf-4203-447b-86d4-697b6dde9c11:192.168.34.51:45869, logIndex=0, commits[cf9ed8b7-443d-44fc-a2c6-3bd48ab29d60:c15, 02509bdf-4203-447b-86d4-697b6dde9c11:c15, 5a2f126f-e78b-4b68-8184-641a1e5af4bb:c15]
2019-09-19 13:31:26,836 [Thread-3082] INFO  impl.FollowerState (FollowerState.java:run(106)) - cf9ed8b7-443d-44fc-a2c6-3bd48ab29d60:group-C2834C3F6D12 changes to CANDIDATE, lastRpcTime:9609, electionTimeout:5105ms
2019-09-19 13:31:26,839 [Thread-3082] INFO  impl.RoleInfo (RoleInfo.java:shutdownFollowerState(121)) - cf9ed8b7-443d-44fc-a2c6-3bd48ab29d60: shutdown FollowerState
2019-09-19 13:31:26,839 [Thread-3082] INFO  impl.RaftServerImpl (RaftServerImpl.java:setRole(174)) - cf9ed8b7-443d-44fc-a2c6-3bd48ab29d60@group-C2834C3F6D12: changes role from  FOLLOWER to CANDIDATE at term 1 for changeToCandidate
2019-09-19 13:31:26,840 [Thread-3082] INFO  impl.RoleInfo (RoleInfo.java:updateAndGet(143)) - cf9ed8b7-443d-44fc-a2c6-3bd48ab29d60: start LeaderElection
2019-09-19 13:31:26,841 [cf9ed8b7-443d-44fc-a2c6-3bd48ab29d60@group-C2834C3F6D12:LeaderElection64] INFO  impl.RaftServerImpl (ServerState.java:setLeader(253)) - cf9ed8b7-443d-44fc-a2c6-3bd48ab29d60@group-C2834C3F6D12: change Leader from 02509bdf-4203-447b-86d4-697b6dde9c11 to null at term 1 for initElection
2019-09-19 13:31:26,857 [cf9ed8b7-443d-44fc-a2c6-3bd48ab29d60@group-C2834C3F6D12:LeaderElection64] INFO  impl.LeaderElection (LeaderElection.java:askForVotes(182)) - cf9ed8b7-443d-44fc-a2c6-3bd48ab29d60@group-C2834C3F6D12:LeaderElection64: begin an election at term 2 for 0: [02509bdf-4203-447b-86d4-697b6dde9c11:192.168.34.51:45869, 5a2f126f-e78b-4b68-8184-641a1e5af4bb:192.168.34.51:33798, cf9ed8b7-443d-44fc-a2c6-3bd48ab29d60:192.168.34.51:39386], old=null
2019-09-19 13:31:26,863 [grpc-default-executor-1] INFO  impl.RaftServerImpl (ServerState.java:setLeader(253)) - 5a2f126f-e78b-4b68-8184-641a1e5af4bb@group-C2834C3F6D12: change Leader from 02509bdf-4203-447b-86d4-697b6dde9c11 to null at term 2 for updateCurrentTerm
2019-09-19 13:31:26,863 [cf9ed8b7-443d-44fc-a2c6-3bd48ab29d60@group-C2834C3F6D12:LeaderElection64] INFO  impl.LeaderElection (LogUtils.java:infoOrTrace(149)) - cf9ed8b7-443d-44fc-a2c6-3bd48ab29d60@group-C2834C3F6D12:LeaderElection64 got exception when requesting votes: {}
java.util.concurrent.ExecutionException: org.apache.ratis.thirdparty.io.grpc.StatusRuntimeException: UNAVAILABLE: io exception
	at java.util.concurrent.FutureTask.report(FutureTask.java:122)
	at java.util.concurrent.FutureTask.get(FutureTask.java:192)
	at org.apache.ratis.server.impl.LeaderElection.waitForResults(LeaderElection.java:263)
	at org.apache.ratis.server.impl.LeaderElection.askForVotes(LeaderElection.java:201)
	at org.apache.ratis.server.impl.LeaderElection.run(LeaderElection.java:133)
	at java.lang.Thread.run(Thread.java:748)
Caused by: org.apache.ratis.thirdparty.io.grpc.StatusRuntimeException: UNAVAILABLE: io exception
	at org.apache.ratis.thirdparty.io.grpc.stub.ClientCalls.toStatusRuntimeException(ClientCalls.java:233)
	at org.apache.ratis.thirdparty.io.grpc.stub.ClientCalls.getUnchecked(ClientCalls.java:214)
	at org.apache.ratis.thirdparty.io.grpc.stub.ClientCalls.blockingUnaryCall(ClientCalls.java:139)
	at org.apache.ratis.proto.grpc.RaftServerProtocolServiceGrpc$RaftServerProtocolServiceBlockingStub.requestVote(RaftServerProtocolServiceGrpc.java:265)
	at org.apache.ratis.grpc.server.GrpcServerProtocolClient.requestVote(GrpcServerProtocolClient.java:90)
	at org.apache.ratis.grpc.server.GrpcService.requestVote(GrpcService.java:204)
	at org.apache.ratis.server.impl.LeaderElection.lambda$submitRequests$1(LeaderElection.java:238)
	at java.util.concurrent.FutureTask.run(FutureTask.java:266)
	at java.util.concurrent.Executors$RunnableAdapter.call(Executors.java:511)
	at java.util.concurrent.FutureTask.run(FutureTask.java:266)
	at java.util.concurrent.ThreadPoolExecutor.runWorker(ThreadPoolExecutor.java:1149)
	at java.util.concurrent.ThreadPoolExecutor$Worker.run(ThreadPoolExecutor.java:624)
	... 1 more
Caused by: org.apache.ratis.thirdparty.io.netty.channel.AbstractChannel$AnnotatedConnectException: Connection refused: /192.168.34.51:45869
	at sun.nio.ch.SocketChannelImpl.checkConnect(Native Method)
	at sun.nio.ch.SocketChannelImpl.finishConnect(SocketChannelImpl.java:717)
	at org.apache.ratis.thirdparty.io.netty.channel.socket.nio.NioSocketChannel.doFinishConnect(NioSocketChannel.java:327)
	at org.apache.ratis.thirdparty.io.netty.channel.nio.AbstractNioChannel$AbstractNioUnsafe.finishConnect(AbstractNioChannel.java:340)
	at org.apache.ratis.thirdparty.io.netty.channel.nio.NioEventLoop.processSelectedKey(NioEventLoop.java:632)
	at org.apache.ratis.thirdparty.io.netty.channel.nio.NioEventLoop.processSelectedKeysOptimized(NioEventLoop.java:579)
	at org.apache.ratis.thirdparty.io.netty.channel.nio.NioEventLoop.processSelectedKeys(NioEventLoop.java:496)
	at org.apache.ratis.thirdparty.io.netty.channel.nio.NioEventLoop.run(NioEventLoop.java:458)
	at org.apache.ratis.thirdparty.io.netty.util.concurrent.SingleThreadEventExecutor$5.run(SingleThreadEventExecutor.java:897)
	at org.apache.ratis.thirdparty.io.netty.util.concurrent.FastThreadLocalRunnable.run(FastThreadLocalRunnable.java:30)
	... 1 more
Caused by: java.net.ConnectException: Connection refused
	... 11 more
2019-09-19 13:31:26,863 [grpc-default-executor-1] INFO  impl.RaftServerImpl (RaftServerImpl.java:setRole(174)) - 5a2f126f-e78b-4b68-8184-641a1e5af4bb@group-C2834C3F6D12: changes role from  FOLLOWER to FOLLOWER at term 2 for recognizeCandidate:cf9ed8b7-443d-44fc-a2c6-3bd48ab29d60
2019-09-19 13:31:26,865 [grpc-default-executor-1] INFO  impl.RoleInfo (RoleInfo.java:shutdownFollowerState(121)) - 5a2f126f-e78b-4b68-8184-641a1e5af4bb: shutdown FollowerState
2019-09-19 13:31:26,865 [grpc-default-executor-1] INFO  impl.RoleInfo (RoleInfo.java:updateAndGet(143)) - 5a2f126f-e78b-4b68-8184-641a1e5af4bb: start FollowerState
2019-09-19 13:31:26,865 [Thread-3081] INFO  impl.FollowerState (FollowerState.java:run(115)) - 5a2f126f-e78b-4b68-8184-641a1e5af4bb: FollowerState was interrupted: java.lang.InterruptedException: sleep interrupted
2019-09-19 13:31:26,881 [cf9ed8b7-443d-44fc-a2c6-3bd48ab29d60@group-C2834C3F6D12:LeaderElection64] INFO  impl.LeaderElection (LeaderElection.java:logAndReturn(56)) - cf9ed8b7-443d-44fc-a2c6-3bd48ab29d60@group-C2834C3F6D12:LeaderElection64: Election PASSED; received 1 response(s) [cf9ed8b7-443d-44fc-a2c6-3bd48ab29d60<-5a2f126f-e78b-4b68-8184-641a1e5af4bb#0:OK-t2] and 1 exception(s); cf9ed8b7-443d-44fc-a2c6-3bd48ab29d60@group-C2834C3F6D12:t2, leader=null, voted=cf9ed8b7-443d-44fc-a2c6-3bd48ab29d60, raftlog=cf9ed8b7-443d-44fc-a2c6-3bd48ab29d60@group-C2834C3F6D12-SegmentedRaftLog:OPENED:c15,f15,i15, conf=0: [02509bdf-4203-447b-86d4-697b6dde9c11:192.168.34.51:45869, 5a2f126f-e78b-4b68-8184-641a1e5af4bb:192.168.34.51:33798, cf9ed8b7-443d-44fc-a2c6-3bd48ab29d60:192.168.34.51:39386], old=null
2019-09-19 13:31:26,881 [cf9ed8b7-443d-44fc-a2c6-3bd48ab29d60@group-C2834C3F6D12:LeaderElection64] INFO  impl.LeaderElection (LogUtils.java:infoOrTrace(149)) -   Exception 0: {}
java.util.concurrent.ExecutionException: org.apache.ratis.thirdparty.io.grpc.StatusRuntimeException: UNAVAILABLE: io exception
	at java.util.concurrent.FutureTask.report(FutureTask.java:122)
	at java.util.concurrent.FutureTask.get(FutureTask.java:192)
	at org.apache.ratis.server.impl.LeaderElection.waitForResults(LeaderElection.java:263)
	at org.apache.ratis.server.impl.LeaderElection.askForVotes(LeaderElection.java:201)
	at org.apache.ratis.server.impl.LeaderElection.run(LeaderElection.java:133)
	at java.lang.Thread.run(Thread.java:748)
Caused by: org.apache.ratis.thirdparty.io.grpc.StatusRuntimeException: UNAVAILABLE: io exception
	at org.apache.ratis.thirdparty.io.grpc.stub.ClientCalls.toStatusRuntimeException(ClientCalls.java:233)
	at org.apache.ratis.thirdparty.io.grpc.stub.ClientCalls.getUnchecked(ClientCalls.java:214)
	at org.apache.ratis.thirdparty.io.grpc.stub.ClientCalls.blockingUnaryCall(ClientCalls.java:139)
	at org.apache.ratis.proto.grpc.RaftServerProtocolServiceGrpc$RaftServerProtocolServiceBlockingStub.requestVote(RaftServerProtocolServiceGrpc.java:265)
	at org.apache.ratis.grpc.server.GrpcServerProtocolClient.requestVote(GrpcServerProtocolClient.java:90)
	at org.apache.ratis.grpc.server.GrpcService.requestVote(GrpcService.java:204)
	at org.apache.ratis.server.impl.LeaderElection.lambda$submitRequests$1(LeaderElection.java:238)
	at java.util.concurrent.FutureTask.run(FutureTask.java:266)
	at java.util.concurrent.Executors$RunnableAdapter.call(Executors.java:511)
	at java.util.concurrent.FutureTask.run(FutureTask.java:266)
	at java.util.concurrent.ThreadPoolExecutor.runWorker(ThreadPoolExecutor.java:1149)
	at java.util.concurrent.ThreadPoolExecutor$Worker.run(ThreadPoolExecutor.java:624)
	... 1 more
Caused by: org.apache.ratis.thirdparty.io.netty.channel.AbstractChannel$AnnotatedConnectException: Connection refused: /192.168.34.51:45869
	at sun.nio.ch.SocketChannelImpl.checkConnect(Native Method)
	at sun.nio.ch.SocketChannelImpl.finishConnect(SocketChannelImpl.java:717)
	at org.apache.ratis.thirdparty.io.netty.channel.socket.nio.NioSocketChannel.doFinishConnect(NioSocketChannel.java:327)
	at org.apache.ratis.thirdparty.io.netty.channel.nio.AbstractNioChannel$AbstractNioUnsafe.finishConnect(AbstractNioChannel.java:340)
	at org.apache.ratis.thirdparty.io.netty.channel.nio.NioEventLoop.processSelectedKey(NioEventLoop.java:632)
	at org.apache.ratis.thirdparty.io.netty.channel.nio.NioEventLoop.processSelectedKeysOptimized(NioEventLoop.java:579)
	at org.apache.ratis.thirdparty.io.netty.channel.nio.NioEventLoop.processSelectedKeys(NioEventLoop.java:496)
	at org.apache.ratis.thirdparty.io.netty.channel.nio.NioEventLoop.run(NioEventLoop.java:458)
	at org.apache.ratis.thirdparty.io.netty.util.concurrent.SingleThreadEventExecutor$5.run(SingleThreadEventExecutor.java:897)
	at org.apache.ratis.thirdparty.io.netty.util.concurrent.FastThreadLocalRunnable.run(FastThreadLocalRunnable.java:30)
	... 1 more
Caused by: java.net.ConnectException: Connection refused
	... 11 more
2019-09-19 13:31:26,882 [cf9ed8b7-443d-44fc-a2c6-3bd48ab29d60@group-C2834C3F6D12:LeaderElection64] INFO  impl.RoleInfo (RoleInfo.java:shutdownLeaderElection(134)) - cf9ed8b7-443d-44fc-a2c6-3bd48ab29d60: shutdown LeaderElection
2019-09-19 13:31:26,882 [cf9ed8b7-443d-44fc-a2c6-3bd48ab29d60@group-C2834C3F6D12:LeaderElection64] INFO  impl.RaftServerImpl (RaftServerImpl.java:setRole(174)) - cf9ed8b7-443d-44fc-a2c6-3bd48ab29d60@group-C2834C3F6D12: changes role from CANDIDATE to LEADER at term 2 for changeToLeader
2019-09-19 13:31:26,882 [cf9ed8b7-443d-44fc-a2c6-3bd48ab29d60@group-C2834C3F6D12:LeaderElection64] INFO  impl.RaftServerImpl (ServerState.java:setLeader(253)) - cf9ed8b7-443d-44fc-a2c6-3bd48ab29d60@group-C2834C3F6D12: change Leader from null to cf9ed8b7-443d-44fc-a2c6-3bd48ab29d60 at term 2 for becomeLeader, leader elected after 40ms
2019-09-19 13:31:26,882 [cf9ed8b7-443d-44fc-a2c6-3bd48ab29d60@group-C2834C3F6D12:LeaderElection64] INFO  server.RaftServerConfigKeys (ConfUtils.java:logGet(43)) - raft.server.staging.catchup.gap = 1000 (default)
2019-09-19 13:31:26,882 [cf9ed8b7-443d-44fc-a2c6-3bd48ab29d60@group-C2834C3F6D12:LeaderElection64] INFO  server.RaftServerConfigKeys (ConfUtils.java:logGet(43)) - raft.server.rpc.sleep.time = 25ms (default)
2019-09-19 13:31:26,883 [cf9ed8b7-443d-44fc-a2c6-3bd48ab29d60@group-C2834C3F6D12:LeaderElection64] INFO  server.RaftServerConfigKeys (ConfUtils.java:logGet(43)) - raft.server.write.element-limit = 4096 (default)
2019-09-19 13:31:26,883 [cf9ed8b7-443d-44fc-a2c6-3bd48ab29d60@group-C2834C3F6D12:LeaderElection64] INFO  server.RaftServerConfigKeys (ConfUtils.java:logGet(43)) - raft.server.watch.timeout = 10s (default)
2019-09-19 13:31:26,883 [cf9ed8b7-443d-44fc-a2c6-3bd48ab29d60@group-C2834C3F6D12:LeaderElection64] INFO  server.RaftServerConfigKeys (ConfUtils.java:logGet(43)) - raft.server.watch.timeout.denomination = 1s (default)
2019-09-19 13:31:26,883 [cf9ed8b7-443d-44fc-a2c6-3bd48ab29d60@group-C2834C3F6D12:LeaderElection64] INFO  server.RaftServerConfigKeys (ConfUtils.java:logGet(43)) - raft.server.watch.element-limit = 65536 (default)
2019-09-19 13:31:26,886 [cf9ed8b7-443d-44fc-a2c6-3bd48ab29d60@group-C2834C3F6D12:LeaderElection64] INFO  server.RaftServerConfigKeys (ConfUtils.java:logGet(43)) - raft.server.log.appender.snapshot.chunk.size.max = 16MB (=16777216) (default)
2019-09-19 13:31:26,887 [cf9ed8b7-443d-44fc-a2c6-3bd48ab29d60@group-C2834C3F6D12:LeaderElection64] INFO  server.RaftServerConfigKeys (ConfUtils.java:logGet(43)) - raft.server.log.appender.buffer.byte-limit = 33554432 (custom)
2019-09-19 13:31:26,887 [cf9ed8b7-443d-44fc-a2c6-3bd48ab29d60@group-C2834C3F6D12:LeaderElection64] INFO  server.RaftServerConfigKeys (ConfUtils.java:logGet(43)) - raft.server.log.appender.buffer.element-limit = 1 (custom)
2019-09-19 13:31:26,887 [cf9ed8b7-443d-44fc-a2c6-3bd48ab29d60@group-C2834C3F6D12:LeaderElection64] INFO  grpc.GrpcConfigKeys$Server (ConfUtils.java:logGet(43)) - raft.grpc.server.leader.outstanding.appends.max = 128 (default)
2019-09-19 13:31:26,887 [cf9ed8b7-443d-44fc-a2c6-3bd48ab29d60@group-C2834C3F6D12:LeaderElection64] INFO  server.RaftServerConfigKeys (ConfUtils.java:logGet(43)) - raft.server.rpc.request.timeout = 3000ms (default)
2019-09-19 13:31:26,887 [cf9ed8b7-443d-44fc-a2c6-3bd48ab29d60@group-C2834C3F6D12:LeaderElection64] INFO  server.RaftServerConfigKeys (ConfUtils.java:logGet(43)) - raft.server.log.appender.install.snapshot.enabled = false (custom)
2019-09-19 13:31:26,888 [cf9ed8b7-443d-44fc-a2c6-3bd48ab29d60@group-C2834C3F6D12:LeaderElection64] INFO  server.RaftServerConfigKeys (ConfUtils.java:logGet(43)) - raft.server.log.appender.snapshot.chunk.size.max = 16MB (=16777216) (default)
2019-09-19 13:31:26,888 [cf9ed8b7-443d-44fc-a2c6-3bd48ab29d60@group-C2834C3F6D12:LeaderElection64] INFO  server.RaftServerConfigKeys (ConfUtils.java:logGet(43)) - raft.server.log.appender.buffer.byte-limit = 33554432 (custom)
2019-09-19 13:31:26,888 [cf9ed8b7-443d-44fc-a2c6-3bd48ab29d60@group-C2834C3F6D12:LeaderElection64] INFO  server.RaftServerConfigKeys (ConfUtils.java:logGet(43)) - raft.server.log.appender.buffer.element-limit = 1 (custom)
2019-09-19 13:31:26,888 [cf9ed8b7-443d-44fc-a2c6-3bd48ab29d60@group-C2834C3F6D12:LeaderElection64] INFO  grpc.GrpcConfigKeys$Server (ConfUtils.java:logGet(43)) - raft.grpc.server.leader.outstanding.appends.max = 128 (default)
2019-09-19 13:31:26,888 [cf9ed8b7-443d-44fc-a2c6-3bd48ab29d60@group-C2834C3F6D12:LeaderElection64] INFO  server.RaftServerConfigKeys (ConfUtils.java:logGet(43)) - raft.server.rpc.request.timeout = 3000ms (default)
2019-09-19 13:31:26,888 [cf9ed8b7-443d-44fc-a2c6-3bd48ab29d60@group-C2834C3F6D12:LeaderElection64] INFO  server.RaftServerConfigKeys (ConfUtils.java:logGet(43)) - raft.server.log.appender.install.snapshot.enabled = false (custom)
2019-09-19 13:31:26,889 [cf9ed8b7-443d-44fc-a2c6-3bd48ab29d60@group-C2834C3F6D12:LeaderElection64] INFO  impl.RoleInfo (RoleInfo.java:updateAndGet(143)) - cf9ed8b7-443d-44fc-a2c6-3bd48ab29d60: start LeaderState
2019-09-19 13:31:26,889 [cf9ed8b7-443d-44fc-a2c6-3bd48ab29d60@group-C2834C3F6D12:LeaderElection64] INFO  segmented.SegmentedRaftLogWorker (SegmentedRaftLogWorker.java:rollLogSegment(385)) - cf9ed8b7-443d-44fc-a2c6-3bd48ab29d60@group-C2834C3F6D12-SegmentedRaftLogWorker: Rolling segment log-0_15 to index:15
2019-09-19 13:31:26,890 [cf9ed8b7-443d-44fc-a2c6-3bd48ab29d60@group-C2834C3F6D12-SegmentedRaftLogWorker] INFO  segmented.SegmentedRaftLogWorker (SegmentedRaftLogWorker.java:execute(526)) - cf9ed8b7-443d-44fc-a2c6-3bd48ab29d60@group-C2834C3F6D12-SegmentedRaftLogWorker: Rolled log segment from /workdir/hadoop-ozone/integration-test/target/test-dir/MiniOzoneClusterImpl-4d5d2d7a-88bc-4d8f-bc17-99926ca9d3cb/datanode-2/data/ratis/d33dd535-1d59-4d7d-bfd8-c2834c3f6d12/current/log_inprogress_0 to /workdir/hadoop-ozone/integration-test/target/test-dir/MiniOzoneClusterImpl-4d5d2d7a-88bc-4d8f-bc17-99926ca9d3cb/datanode-2/data/ratis/d33dd535-1d59-4d7d-bfd8-c2834c3f6d12/current/log_0-15
2019-09-19 13:31:26,893 [grpc-default-executor-1] WARN  server.GrpcLogAppender (LogUtils.java:warn(134)) - cf9ed8b7-443d-44fc-a2c6-3bd48ab29d60@group-C2834C3F6D12->02509bdf-4203-447b-86d4-697b6dde9c11-AppendLogResponseHandler: Failed appendEntries: org.apache.ratis.thirdparty.io.grpc.StatusRuntimeException: UNAVAILABLE: io exception
2019-09-19 13:31:26,893 [cf9ed8b7-443d-44fc-a2c6-3bd48ab29d60@group-C2834C3F6D12:LeaderElection64] INFO  impl.RaftServerImpl (ServerState.java:setRaftConf(354)) - cf9ed8b7-443d-44fc-a2c6-3bd48ab29d60@group-C2834C3F6D12: set configuration 16: [02509bdf-4203-447b-86d4-697b6dde9c11:192.168.34.51:45869, 5a2f126f-e78b-4b68-8184-641a1e5af4bb:192.168.34.51:33798, cf9ed8b7-443d-44fc-a2c6-3bd48ab29d60:192.168.34.51:39386], old=null at 16
2019-09-19 13:31:26,917 [grpc-default-executor-1] INFO  impl.FollowerInfo (FollowerInfo.java:lambda$new$0(51)) - cf9ed8b7-443d-44fc-a2c6-3bd48ab29d60@group-C2834C3F6D12->02509bdf-4203-447b-86d4-697b6dde9c11: nextIndex: updateUnconditionally 16 -> 1
2019-09-19 13:31:26,917 [grpc-default-executor-1] INFO  impl.RaftServerImpl (ServerState.java:setLeader(253)) - 5a2f126f-e78b-4b68-8184-641a1e5af4bb@group-C2834C3F6D12: change Leader from null to cf9ed8b7-443d-44fc-a2c6-3bd48ab29d60 at term 2 for appendEntries, leader elected after 54ms
2019-09-19 13:31:26,919 [grpc-default-executor-1] INFO  impl.RaftServerImpl (ServerState.java:setRaftConf(354)) - 5a2f126f-e78b-4b68-8184-641a1e5af4bb@group-C2834C3F6D12: set configuration 16: [02509bdf-4203-447b-86d4-697b6dde9c11:192.168.34.51:45869, 5a2f126f-e78b-4b68-8184-641a1e5af4bb:192.168.34.51:33798, cf9ed8b7-443d-44fc-a2c6-3bd48ab29d60:192.168.34.51:39386], old=null at 16
2019-09-19 13:31:26,919 [grpc-default-executor-1] INFO  segmented.SegmentedRaftLogWorker (SegmentedRaftLogWorker.java:rollLogSegment(385)) - 5a2f126f-e78b-4b68-8184-641a1e5af4bb@group-C2834C3F6D12-SegmentedRaftLogWorker: Rolling segment log-0_15 to index:15
2019-09-19 13:31:26,920 [5a2f126f-e78b-4b68-8184-641a1e5af4bb@group-C2834C3F6D12-SegmentedRaftLogWorker] INFO  segmented.SegmentedRaftLogWorker (SegmentedRaftLogWorker.java:execute(526)) - 5a2f126f-e78b-4b68-8184-641a1e5af4bb@group-C2834C3F6D12-SegmentedRaftLogWorker: Rolled log segment from /workdir/hadoop-ozone/integration-test/target/test-dir/MiniOzoneClusterImpl-4d5d2d7a-88bc-4d8f-bc17-99926ca9d3cb/datanode-1/data/ratis/d33dd535-1d59-4d7d-bfd8-c2834c3f6d12/current/log_inprogress_0 to /workdir/hadoop-ozone/integration-test/target/test-dir/MiniOzoneClusterImpl-4d5d2d7a-88bc-4d8f-bc17-99926ca9d3cb/datanode-1/data/ratis/d33dd535-1d59-4d7d-bfd8-c2834c3f6d12/current/log_0-15
2019-09-19 13:31:26,929 [cf9ed8b7-443d-44fc-a2c6-3bd48ab29d60@group-C2834C3F6D12-SegmentedRaftLogWorker] INFO  segmented.SegmentedRaftLogWorker (SegmentedRaftLogWorker.java:execute(569)) - cf9ed8b7-443d-44fc-a2c6-3bd48ab29d60@group-C2834C3F6D12-SegmentedRaftLogWorker: created new log segment /workdir/hadoop-ozone/integration-test/target/test-dir/MiniOzoneClusterImpl-4d5d2d7a-88bc-4d8f-bc17-99926ca9d3cb/datanode-2/data/ratis/d33dd535-1d59-4d7d-bfd8-c2834c3f6d12/current/log_inprogress_16
2019-09-19 13:31:26,955 [5a2f126f-e78b-4b68-8184-641a1e5af4bb@group-C2834C3F6D12-SegmentedRaftLogWorker] INFO  segmented.SegmentedRaftLogWorker (SegmentedRaftLogWorker.java:execute(569)) - 5a2f126f-e78b-4b68-8184-641a1e5af4bb@group-C2834C3F6D12-SegmentedRaftLogWorker: created new log segment /workdir/hadoop-ozone/integration-test/target/test-dir/MiniOzoneClusterImpl-4d5d2d7a-88bc-4d8f-bc17-99926ca9d3cb/datanode-1/data/ratis/d33dd535-1d59-4d7d-bfd8-c2834c3f6d12/current/log_inprogress_16
2019-09-19 13:31:26,977 [grpc-default-executor-1] WARN  server.GrpcLogAppender (LogUtils.java:warn(134)) - cf9ed8b7-443d-44fc-a2c6-3bd48ab29d60@group-C2834C3F6D12->02509bdf-4203-447b-86d4-697b6dde9c11-AppendLogResponseHandler: Failed appendEntries: org.apache.ratis.thirdparty.io.grpc.StatusRuntimeException: UNAVAILABLE: io exception
2019-09-19 13:31:26,977 [grpc-default-executor-1] INFO  impl.FollowerInfo (FollowerInfo.java:lambda$new$0(51)) - cf9ed8b7-443d-44fc-a2c6-3bd48ab29d60@group-C2834C3F6D12->02509bdf-4203-447b-86d4-697b6dde9c11: nextIndex: updateUnconditionally 2 -> 1
2019-09-19 13:31:26,986 [grpc-default-executor-6] WARN  server.GrpcLogAppender (LogUtils.java:warn(134)) - cf9ed8b7-443d-44fc-a2c6-3bd48ab29d60@group-C2834C3F6D12->02509bdf-4203-447b-86d4-697b6dde9c11-AppendLogResponseHandler: Failed appendEntries: org.apache.ratis.thirdparty.io.grpc.StatusRuntimeException: UNAVAILABLE: io exception
2019-09-19 13:31:26,987 [grpc-default-executor-6] INFO  impl.FollowerInfo (FollowerInfo.java:lambda$new$0(51)) - cf9ed8b7-443d-44fc-a2c6-3bd48ab29d60@group-C2834C3F6D12->02509bdf-4203-447b-86d4-697b6dde9c11: nextIndex: updateUnconditionally 2 -> 1
13:31:27.515 [grpc-default-executor-6] ERROR DNAudit - user=null | ip=null | op=WRITE_CHUNK {blockData=conID: 1 locID: 102819421716217869 bcsId: 13} | ret=FAILURE
org.apache.hadoop.hdds.scm.container.common.helpers.ContainerNotOpenException: Container 1 in CLOSING state
	at org.apache.hadoop.ozone.container.common.impl.HddsDispatcher.validateContainerCommand(HddsDispatcher.java:434) ~[hadoop-hdds-container-service-0.5.0-SNAPSHOT.jar:?]
	at org.apache.hadoop.ozone.container.common.transport.server.ratis.ContainerStateMachine.startTransaction(ContainerStateMachine.java:315) ~[hadoop-hdds-container-service-0.5.0-SNAPSHOT.jar:?]
	at org.apache.ratis.server.impl.RaftServerImpl.submitClientRequestAsync(RaftServerImpl.java:573) ~[ratis-server-0.4.0-78e95b9-SNAPSHOT.jar:0.4.0-78e95b9-SNAPSHOT]
	at org.apache.ratis.server.impl.RaftServerProxy.lambda$submitClientRequestAsync$7(RaftServerProxy.java:333) ~[ratis-server-0.4.0-78e95b9-SNAPSHOT.jar:0.4.0-78e95b9-SNAPSHOT]
	at org.apache.ratis.server.impl.RaftServerProxy.lambda$null$5(RaftServerProxy.java:328) ~[ratis-server-0.4.0-78e95b9-SNAPSHOT.jar:0.4.0-78e95b9-SNAPSHOT]
	at org.apache.ratis.util.JavaUtils.callAsUnchecked(JavaUtils.java:109) ~[ratis-common-0.4.0-78e95b9-SNAPSHOT.jar:0.4.0-78e95b9-SNAPSHOT]
	at org.apache.ratis.server.impl.RaftServerProxy.lambda$submitRequest$6(RaftServerProxy.java:328) ~[ratis-server-0.4.0-78e95b9-SNAPSHOT.jar:0.4.0-78e95b9-SNAPSHOT]
	at java.util.concurrent.CompletableFuture.uniComposeStage(CompletableFuture.java:981) ~[?:1.8.0_212]
	at java.util.concurrent.CompletableFuture.thenCompose(CompletableFuture.java:2124) ~[?:1.8.0_212]
	at org.apache.ratis.server.impl.RaftServerProxy.submitRequest(RaftServerProxy.java:327) ~[ratis-server-0.4.0-78e95b9-SNAPSHOT.jar:0.4.0-78e95b9-SNAPSHOT]
	at org.apache.ratis.server.impl.RaftServerProxy.submitClientRequestAsync(RaftServerProxy.java:333) ~[ratis-server-0.4.0-78e95b9-SNAPSHOT.jar:0.4.0-78e95b9-SNAPSHOT]
	at org.apache.ratis.grpc.client.GrpcClientProtocolService$RequestStreamObserver.processClientRequest(GrpcClientProtocolService.java:220) ~[ratis-grpc-0.4.0-78e95b9-SNAPSHOT.jar:0.4.0-78e95b9-SNAPSHOT]
	at org.apache.ratis.grpc.client.GrpcClientProtocolService$OrderedRequestStreamObserver.processClientRequest(GrpcClientProtocolService.java:326) ~[ratis-grpc-0.4.0-78e95b9-SNAPSHOT.jar:0.4.0-78e95b9-SNAPSHOT]
	at org.apache.ratis.util.SlidingWindow$Server.processRequestsFromHead(SlidingWindow.java:429) [ratis-common-0.4.0-78e95b9-SNAPSHOT.jar:0.4.0-78e95b9-SNAPSHOT]
	at org.apache.ratis.util.SlidingWindow$Server.receivedRequest(SlidingWindow.java:421) [ratis-common-0.4.0-78e95b9-SNAPSHOT.jar:0.4.0-78e95b9-SNAPSHOT]
	at org.apache.ratis.grpc.client.GrpcClientProtocolService$OrderedRequestStreamObserver.processClientRequest(GrpcClientProtocolService.java:345) [ratis-grpc-0.4.0-78e95b9-SNAPSHOT.jar:0.4.0-78e95b9-SNAPSHOT]
	at org.apache.ratis.grpc.client.GrpcClientProtocolService$RequestStreamObserver.onNext(GrpcClientProtocolService.java:240) [ratis-grpc-0.4.0-78e95b9-SNAPSHOT.jar:0.4.0-78e95b9-SNAPSHOT]
	at org.apache.ratis.grpc.client.GrpcClientProtocolService$RequestStreamObserver.onNext(GrpcClientProtocolService.java:168) [ratis-grpc-0.4.0-78e95b9-SNAPSHOT.jar:0.4.0-78e95b9-SNAPSHOT]
	at org.apache.ratis.thirdparty.io.grpc.stub.ServerCalls$StreamingServerCallHandler$StreamingServerCallListener.onMessage(ServerCalls.java:248) [ratis-thirdparty-misc-0.2.0.jar:0.2.0]
	at org.apache.ratis.thirdparty.io.grpc.internal.ServerCallImpl$ServerStreamListenerImpl.messagesAvailable(ServerCallImpl.java:263) [ratis-thirdparty-misc-0.2.0.jar:0.2.0]
	at org.apache.ratis.thirdparty.io.grpc.internal.ServerImpl$JumpToApplicationThreadServerStreamListener$1MessagesAvailable.runInContext(ServerImpl.java:686) [ratis-thirdparty-misc-0.2.0.jar:0.2.0]
	at org.apache.ratis.thirdparty.io.grpc.internal.ContextRunnable.run(ContextRunnable.java:37) [ratis-thirdparty-misc-0.2.0.jar:0.2.0]
	at org.apache.ratis.thirdparty.io.grpc.internal.SerializingExecutor.run(SerializingExecutor.java:123) [ratis-thirdparty-misc-0.2.0.jar:0.2.0]
	at java.util.concurrent.ThreadPoolExecutor.runWorker(ThreadPoolExecutor.java:1149) [?:1.8.0_212]
	at java.util.concurrent.ThreadPoolExecutor$Worker.run(ThreadPoolExecutor.java:624) [?:1.8.0_212]
	at java.lang.Thread.run(Thread.java:748) [?:1.8.0_212]
2019-09-19 13:31:27,528 [grpc-default-executor-6] INFO  client.GrpcClientProtocolClient (GrpcClientProtocolClient.java:onNext(264)) - client-2F9923FB6C52->cf9ed8b7-443d-44fc-a2c6-3bd48ab29d60: receive RaftClientReply:client-2F9923FB6C52->cf9ed8b7-443d-44fc-a2c6-3bd48ab29d60@group-C2834C3F6D12, cid=185, FAILED org.apache.ratis.protocol.StateMachineException: org.apache.hadoop.hdds.scm.container.common.helpers.ContainerNotOpenException from Server cf9ed8b7-443d-44fc-a2c6-3bd48ab29d60@group-C2834C3F6D12: Container 1 in CLOSING state, logIndex=0, commits[cf9ed8b7-443d-44fc-a2c6-3bd48ab29d60:c17, 02509bdf-4203-447b-86d4-697b6dde9c11:c15, 5a2f126f-e78b-4b68-8184-641a1e5af4bb:c16]
13:31:27.529 [grpc-default-executor-1] ERROR DNAudit - user=null | ip=null | op=WRITE_CHUNK {blockData=conID: 1 locID: 102819421716217869 bcsId: 13} | ret=FAILURE
org.apache.hadoop.hdds.scm.container.common.helpers.ContainerNotOpenException: Container 1 in CLOSING state
	at org.apache.hadoop.ozone.container.common.impl.HddsDispatcher.validateContainerCommand(HddsDispatcher.java:434) ~[hadoop-hdds-container-service-0.5.0-SNAPSHOT.jar:?]
	at org.apache.hadoop.ozone.container.common.transport.server.ratis.ContainerStateMachine.startTransaction(ContainerStateMachine.java:315) ~[hadoop-hdds-container-service-0.5.0-SNAPSHOT.jar:?]
	at org.apache.ratis.server.impl.RaftServerImpl.submitClientRequestAsync(RaftServerImpl.java:573) ~[ratis-server-0.4.0-78e95b9-SNAPSHOT.jar:0.4.0-78e95b9-SNAPSHOT]
	at org.apache.ratis.server.impl.RaftServerProxy.lambda$submitClientRequestAsync$7(RaftServerProxy.java:333) ~[ratis-server-0.4.0-78e95b9-SNAPSHOT.jar:0.4.0-78e95b9-SNAPSHOT]
	at org.apache.ratis.server.impl.RaftServerProxy.lambda$null$5(RaftServerProxy.java:328) ~[ratis-server-0.4.0-78e95b9-SNAPSHOT.jar:0.4.0-78e95b9-SNAPSHOT]
	at org.apache.ratis.util.JavaUtils.callAsUnchecked(JavaUtils.java:109) ~[ratis-common-0.4.0-78e95b9-SNAPSHOT.jar:0.4.0-78e95b9-SNAPSHOT]
	at org.apache.ratis.server.impl.RaftServerProxy.lambda$submitRequest$6(RaftServerProxy.java:328) ~[ratis-server-0.4.0-78e95b9-SNAPSHOT.jar:0.4.0-78e95b9-SNAPSHOT]
	at java.util.concurrent.CompletableFuture.uniComposeStage(CompletableFuture.java:981) ~[?:1.8.0_212]
	at java.util.concurrent.CompletableFuture.thenCompose(CompletableFuture.java:2124) ~[?:1.8.0_212]
	at org.apache.ratis.server.impl.RaftServerProxy.submitRequest(RaftServerProxy.java:327) ~[ratis-server-0.4.0-78e95b9-SNAPSHOT.jar:0.4.0-78e95b9-SNAPSHOT]
	at org.apache.ratis.server.impl.RaftServerProxy.submitClientRequestAsync(RaftServerProxy.java:333) ~[ratis-server-0.4.0-78e95b9-SNAPSHOT.jar:0.4.0-78e95b9-SNAPSHOT]
	at org.apache.ratis.grpc.client.GrpcClientProtocolService$RequestStreamObserver.processClientRequest(GrpcClientProtocolService.java:220) ~[ratis-grpc-0.4.0-78e95b9-SNAPSHOT.jar:0.4.0-78e95b9-SNAPSHOT]
	at org.apache.ratis.grpc.client.GrpcClientProtocolService$OrderedRequestStreamObserver.processClientRequest(GrpcClientProtocolService.java:326) ~[ratis-grpc-0.4.0-78e95b9-SNAPSHOT.jar:0.4.0-78e95b9-SNAPSHOT]
	at org.apache.ratis.util.SlidingWindow$Server.processRequestsFromHead(SlidingWindow.java:429) [ratis-common-0.4.0-78e95b9-SNAPSHOT.jar:0.4.0-78e95b9-SNAPSHOT]
	at org.apache.ratis.util.SlidingWindow$Server.receivedRequest(SlidingWindow.java:421) [ratis-common-0.4.0-78e95b9-SNAPSHOT.jar:0.4.0-78e95b9-SNAPSHOT]
	at org.apache.ratis.grpc.client.GrpcClientProtocolService$OrderedRequestStreamObserver.processClientRequest(GrpcClientProtocolService.java:345) [ratis-grpc-0.4.0-78e95b9-SNAPSHOT.jar:0.4.0-78e95b9-SNAPSHOT]
	at org.apache.ratis.grpc.client.GrpcClientProtocolService$RequestStreamObserver.onNext(GrpcClientProtocolService.java:240) [ratis-grpc-0.4.0-78e95b9-SNAPSHOT.jar:0.4.0-78e95b9-SNAPSHOT]
	at org.apache.ratis.grpc.client.GrpcClientProtocolService$RequestStreamObserver.onNext(GrpcClientProtocolService.java:168) [ratis-grpc-0.4.0-78e95b9-SNAPSHOT.jar:0.4.0-78e95b9-SNAPSHOT]
	at org.apache.ratis.thirdparty.io.grpc.stub.ServerCalls$StreamingServerCallHandler$StreamingServerCallListener.onMessage(ServerCalls.java:248) [ratis-thirdparty-misc-0.2.0.jar:0.2.0]
	at org.apache.ratis.thirdparty.io.grpc.internal.ServerCallImpl$ServerStreamListenerImpl.messagesAvailable(ServerCallImpl.java:263) [ratis-thirdparty-misc-0.2.0.jar:0.2.0]
	at org.apache.ratis.thirdparty.io.grpc.internal.ServerImpl$JumpToApplicationThreadServerStreamListener$1MessagesAvailable.runInContext(ServerImpl.java:686) [ratis-thirdparty-misc-0.2.0.jar:0.2.0]
	at org.apache.ratis.thirdparty.io.grpc.internal.ContextRunnable.run(ContextRunnable.java:37) [ratis-thirdparty-misc-0.2.0.jar:0.2.0]
	at org.apache.ratis.thirdparty.io.grpc.internal.SerializingExecutor.run(SerializingExecutor.java:123) [ratis-thirdparty-misc-0.2.0.jar:0.2.0]
	at java.util.concurrent.ThreadPoolExecutor.runWorker(ThreadPoolExecutor.java:1149) [?:1.8.0_212]
	at java.util.concurrent.ThreadPoolExecutor$Worker.run(ThreadPoolExecutor.java:624) [?:1.8.0_212]
	at java.lang.Thread.run(Thread.java:748) [?:1.8.0_212]
13:31:27.531 [grpc-default-executor-1] ERROR DNAudit - user=null | ip=null | op=PUT_BLOCK {blockData=[blockId=conID: 1 locID: 102819421716217869 bcsId: 0,size=650]} | ret=FAILURE
org.apache.hadoop.hdds.scm.container.common.helpers.ContainerNotOpenException: Container 1 in CLOSING state
	at org.apache.hadoop.ozone.container.common.impl.HddsDispatcher.validateContainerCommand(HddsDispatcher.java:434) ~[hadoop-hdds-container-service-0.5.0-SNAPSHOT.jar:?]
	at org.apache.hadoop.ozone.container.common.transport.server.ratis.ContainerStateMachine.startTransaction(ContainerStateMachine.java:315) ~[hadoop-hdds-container-service-0.5.0-SNAPSHOT.jar:?]
	at org.apache.ratis.server.impl.RaftServerImpl.submitClientRequestAsync(RaftServerImpl.java:573) ~[ratis-server-0.4.0-78e95b9-SNAPSHOT.jar:0.4.0-78e95b9-SNAPSHOT]
	at org.apache.ratis.server.impl.RaftServerProxy.lambda$submitClientRequestAsync$7(RaftServerProxy.java:333) ~[ratis-server-0.4.0-78e95b9-SNAPSHOT.jar:0.4.0-78e95b9-SNAPSHOT]
	at org.apache.ratis.server.impl.RaftServerProxy.lambda$null$5(RaftServerProxy.java:328) ~[ratis-server-0.4.0-78e95b9-SNAPSHOT.jar:0.4.0-78e95b9-SNAPSHOT]
	at org.apache.ratis.util.JavaUtils.callAsUnchecked(JavaUtils.java:109) ~[ratis-common-0.4.0-78e95b9-SNAPSHOT.jar:0.4.0-78e95b9-SNAPSHOT]
	at org.apache.ratis.server.impl.RaftServerProxy.lambda$submitRequest$6(RaftServerProxy.java:328) ~[ratis-server-0.4.0-78e95b9-SNAPSHOT.jar:0.4.0-78e95b9-SNAPSHOT]
	at java.util.concurrent.CompletableFuture.uniComposeStage(CompletableFuture.java:981) ~[?:1.8.0_212]
	at java.util.concurrent.CompletableFuture.thenCompose(CompletableFuture.java:2124) ~[?:1.8.0_212]
	at org.apache.ratis.server.impl.RaftServerProxy.submitRequest(RaftServerProxy.java:327) ~[ratis-server-0.4.0-78e95b9-SNAPSHOT.jar:0.4.0-78e95b9-SNAPSHOT]
	at org.apache.ratis.server.impl.RaftServerProxy.submitClientRequestAsync(RaftServerProxy.java:333) ~[ratis-server-0.4.0-78e95b9-SNAPSHOT.jar:0.4.0-78e95b9-SNAPSHOT]
	at org.apache.ratis.grpc.client.GrpcClientProtocolService$RequestStreamObserver.processClientRequest(GrpcClientProtocolService.java:220) ~[ratis-grpc-0.4.0-78e95b9-SNAPSHOT.jar:0.4.0-78e95b9-SNAPSHOT]
	at org.apache.ratis.grpc.client.GrpcClientProtocolService$OrderedRequestStreamObserver.processClientRequest(GrpcClientProtocolService.java:326) ~[ratis-grpc-0.4.0-78e95b9-SNAPSHOT.jar:0.4.0-78e95b9-SNAPSHOT]
	at org.apache.ratis.util.SlidingWindow$Server.processRequestsFromHead(SlidingWindow.java:429) [ratis-common-0.4.0-78e95b9-SNAPSHOT.jar:0.4.0-78e95b9-SNAPSHOT]
	at org.apache.ratis.util.SlidingWindow$Server.receivedRequest(SlidingWindow.java:421) [ratis-common-0.4.0-78e95b9-SNAPSHOT.jar:0.4.0-78e95b9-SNAPSHOT]
	at org.apache.ratis.grpc.client.GrpcClientProtocolService$OrderedRequestStreamObserver.processClientRequest(GrpcClientProtocolService.java:345) [ratis-grpc-0.4.0-78e95b9-SNAPSHOT.jar:0.4.0-78e95b9-SNAPSHOT]
	at org.apache.ratis.grpc.client.GrpcClientProtocolService$RequestStreamObserver.onNext(GrpcClientProtocolService.java:240) [ratis-grpc-0.4.0-78e95b9-SNAPSHOT.jar:0.4.0-78e95b9-SNAPSHOT]
	at org.apache.ratis.grpc.client.GrpcClientProtocolService$RequestStreamObserver.onNext(GrpcClientProtocolService.java:168) [ratis-grpc-0.4.0-78e95b9-SNAPSHOT.jar:0.4.0-78e95b9-SNAPSHOT]
	at org.apache.ratis.thirdparty.io.grpc.stub.ServerCalls$StreamingServerCallHandler$StreamingServerCallListener.onMessage(ServerCalls.java:248) [ratis-thirdparty-misc-0.2.0.jar:0.2.0]
	at org.apache.ratis.thirdparty.io.grpc.internal.ServerCallImpl$ServerStreamListenerImpl.messagesAvailable(ServerCallImpl.java:263) [ratis-thirdparty-misc-0.2.0.jar:0.2.0]
	at org.apache.ratis.thirdparty.io.grpc.internal.ServerImpl$JumpToApplicationThreadServerStreamListener$1MessagesAvailable.runInContext(ServerImpl.java:686) [ratis-thirdparty-misc-0.2.0.jar:0.2.0]
	at org.apache.ratis.thirdparty.io.grpc.internal.ContextRunnable.run(ContextRunnable.java:37) [ratis-thirdparty-misc-0.2.0.jar:0.2.0]
	at org.apache.ratis.thirdparty.io.grpc.internal.SerializingExecutor.run(SerializingExecutor.java:123) [ratis-thirdparty-misc-0.2.0.jar:0.2.0]
	at java.util.concurrent.ThreadPoolExecutor.runWorker(ThreadPoolExecutor.java:1149) [?:1.8.0_212]
	at java.util.concurrent.ThreadPoolExecutor$Worker.run(ThreadPoolExecutor.java:624) [?:1.8.0_212]
	at java.lang.Thread.run(Thread.java:748) [?:1.8.0_212]
2019-09-19 13:31:27,545 [grpc-default-executor-6] INFO  client.GrpcClientProtocolClient (GrpcClientProtocolClient.java:onNext(264)) - client-2F9923FB6C52->cf9ed8b7-443d-44fc-a2c6-3bd48ab29d60: receive RaftClientReply:client-2F9923FB6C52->cf9ed8b7-443d-44fc-a2c6-3bd48ab29d60@group-C2834C3F6D12, cid=186, FAILED org.apache.ratis.protocol.StateMachineException: org.apache.hadoop.hdds.scm.container.common.helpers.ContainerNotOpenException from Server cf9ed8b7-443d-44fc-a2c6-3bd48ab29d60@group-C2834C3F6D12: Container 1 in CLOSING state, logIndex=0, commits[cf9ed8b7-443d-44fc-a2c6-3bd48ab29d60:c17, 02509bdf-4203-447b-86d4-697b6dde9c11:c15, 5a2f126f-e78b-4b68-8184-641a1e5af4bb:c16]
13:31:27.545 [grpc-default-executor-1] ERROR DNAudit - user=null | ip=null | op=WRITE_CHUNK {blockData=conID: 1 locID: 102819421716217869 bcsId: 13} | ret=FAILURE
org.apache.hadoop.hdds.scm.container.common.helpers.ContainerNotOpenException: Container 1 in CLOSING state
	at org.apache.hadoop.ozone.container.common.impl.HddsDispatcher.validateContainerCommand(HddsDispatcher.java:434) ~[hadoop-hdds-container-service-0.5.0-SNAPSHOT.jar:?]
	at org.apache.hadoop.ozone.container.common.transport.server.ratis.ContainerStateMachine.startTransaction(ContainerStateMachine.java:315) ~[hadoop-hdds-container-service-0.5.0-SNAPSHOT.jar:?]
	at org.apache.ratis.server.impl.RaftServerImpl.submitClientRequestAsync(RaftServerImpl.java:573) ~[ratis-server-0.4.0-78e95b9-SNAPSHOT.jar:0.4.0-78e95b9-SNAPSHOT]
	at org.apache.ratis.server.impl.RaftServerProxy.lambda$submitClientRequestAsync$7(RaftServerProxy.java:333) ~[ratis-server-0.4.0-78e95b9-SNAPSHOT.jar:0.4.0-78e95b9-SNAPSHOT]
	at org.apache.ratis.server.impl.RaftServerProxy.lambda$null$5(RaftServerProxy.java:328) ~[ratis-server-0.4.0-78e95b9-SNAPSHOT.jar:0.4.0-78e95b9-SNAPSHOT]
	at org.apache.ratis.util.JavaUtils.callAsUnchecked(JavaUtils.java:109) ~[ratis-common-0.4.0-78e95b9-SNAPSHOT.jar:0.4.0-78e95b9-SNAPSHOT]
	at org.apache.ratis.server.impl.RaftServerProxy.lambda$submitRequest$6(RaftServerProxy.java:328) ~[ratis-server-0.4.0-78e95b9-SNAPSHOT.jar:0.4.0-78e95b9-SNAPSHOT]
	at java.util.concurrent.CompletableFuture.uniComposeStage(CompletableFuture.java:981) ~[?:1.8.0_212]
	at java.util.concurrent.CompletableFuture.thenCompose(CompletableFuture.java:2124) ~[?:1.8.0_212]
	at org.apache.ratis.server.impl.RaftServerProxy.submitRequest(RaftServerProxy.java:327) ~[ratis-server-0.4.0-78e95b9-SNAPSHOT.jar:0.4.0-78e95b9-SNAPSHOT]
	at org.apache.ratis.server.impl.RaftServerProxy.submitClientRequestAsync(RaftServerProxy.java:333) ~[ratis-server-0.4.0-78e95b9-SNAPSHOT.jar:0.4.0-78e95b9-SNAPSHOT]
	at org.apache.ratis.grpc.client.GrpcClientProtocolService$RequestStreamObserver.processClientRequest(GrpcClientProtocolService.java:220) ~[ratis-grpc-0.4.0-78e95b9-SNAPSHOT.jar:0.4.0-78e95b9-SNAPSHOT]
	at org.apache.ratis.grpc.client.GrpcClientProtocolService$OrderedRequestStreamObserver.processClientRequest(GrpcClientProtocolService.java:326) ~[ratis-grpc-0.4.0-78e95b9-SNAPSHOT.jar:0.4.0-78e95b9-SNAPSHOT]
	at org.apache.ratis.util.SlidingWindow$Server.processRequestsFromHead(SlidingWindow.java:429) [ratis-common-0.4.0-78e95b9-SNAPSHOT.jar:0.4.0-78e95b9-SNAPSHOT]
	at org.apache.ratis.util.SlidingWindow$Server.receivedRequest(SlidingWindow.java:421) [ratis-common-0.4.0-78e95b9-SNAPSHOT.jar:0.4.0-78e95b9-SNAPSHOT]
	at org.apache.ratis.grpc.client.GrpcClientProtocolService$OrderedRequestStreamObserver.processClientRequest(GrpcClientProtocolService.java:345) [ratis-grpc-0.4.0-78e95b9-SNAPSHOT.jar:0.4.0-78e95b9-SNAPSHOT]
	at org.apache.ratis.grpc.client.GrpcClientProtocolService$RequestStreamObserver.onNext(GrpcClientProtocolService.java:240) [ratis-grpc-0.4.0-78e95b9-SNAPSHOT.jar:0.4.0-78e95b9-SNAPSHOT]
	at org.apache.ratis.grpc.client.GrpcClientProtocolService$RequestStreamObserver.onNext(GrpcClientProtocolService.java:168) [ratis-grpc-0.4.0-78e95b9-SNAPSHOT.jar:0.4.0-78e95b9-SNAPSHOT]
	at org.apache.ratis.thirdparty.io.grpc.stub.ServerCalls$StreamingServerCallHandler$StreamingServerCallListener.onMessage(ServerCalls.java:248) [ratis-thirdparty-misc-0.2.0.jar:0.2.0]
	at org.apache.ratis.thirdparty.io.grpc.internal.ServerCallImpl$ServerStreamListenerImpl.messagesAvailable(ServerCallImpl.java:263) [ratis-thirdparty-misc-0.2.0.jar:0.2.0]
	at org.apache.ratis.thirdparty.io.grpc.internal.ServerImpl$JumpToApplicationThreadServerStreamListener$1MessagesAvailable.runInContext(ServerImpl.java:686) [ratis-thirdparty-misc-0.2.0.jar:0.2.0]
	at org.apache.ratis.thirdparty.io.grpc.internal.ContextRunnable.run(ContextRunnable.java:37) [ratis-thirdparty-misc-0.2.0.jar:0.2.0]
	at org.apache.ratis.thirdparty.io.grpc.internal.SerializingExecutor.run(SerializingExecutor.java:123) [ratis-thirdparty-misc-0.2.0.jar:0.2.0]
	at java.util.concurrent.ThreadPoolExecutor.runWorker(ThreadPoolExecutor.java:1149) [?:1.8.0_212]
	at java.util.concurrent.ThreadPoolExecutor$Worker.run(ThreadPoolExecutor.java:624) [?:1.8.0_212]
	at java.lang.Thread.run(Thread.java:748) [?:1.8.0_212]
2019-09-19 13:31:27,548 [grpc-default-executor-6] INFO  client.GrpcClientProtocolClient (GrpcClientProtocolClient.java:onNext(264)) - client-2F9923FB6C52->cf9ed8b7-443d-44fc-a2c6-3bd48ab29d60: receive RaftClientReply:client-2F9923FB6C52->cf9ed8b7-443d-44fc-a2c6-3bd48ab29d60@group-C2834C3F6D12, cid=187, FAILED org.apache.ratis.protocol.StateMachineException: org.apache.hadoop.hdds.scm.container.common.helpers.ContainerNotOpenException from Server cf9ed8b7-443d-44fc-a2c6-3bd48ab29d60@group-C2834C3F6D12: Container 1 in CLOSING state, logIndex=0, commits[cf9ed8b7-443d-44fc-a2c6-3bd48ab29d60:c17, 02509bdf-4203-447b-86d4-697b6dde9c11:c15, 5a2f126f-e78b-4b68-8184-641a1e5af4bb:c16]
13:31:27.551 [grpc-default-executor-1] ERROR DNAudit - user=null | ip=null | op=WRITE_CHUNK {blockData=conID: 1 locID: 102819421716217869 bcsId: 13} | ret=FAILURE
org.apache.hadoop.hdds.scm.container.common.helpers.ContainerNotOpenException: Container 1 in CLOSING state
	at org.apache.hadoop.ozone.container.common.impl.HddsDispatcher.validateContainerCommand(HddsDispatcher.java:434) ~[hadoop-hdds-container-service-0.5.0-SNAPSHOT.jar:?]
	at org.apache.hadoop.ozone.container.common.transport.server.ratis.ContainerStateMachine.startTransaction(ContainerStateMachine.java:315) ~[hadoop-hdds-container-service-0.5.0-SNAPSHOT.jar:?]
	at org.apache.ratis.server.impl.RaftServerImpl.submitClientRequestAsync(RaftServerImpl.java:573) ~[ratis-server-0.4.0-78e95b9-SNAPSHOT.jar:0.4.0-78e95b9-SNAPSHOT]
	at org.apache.ratis.server.impl.RaftServerProxy.lambda$submitClientRequestAsync$7(RaftServerProxy.java:333) ~[ratis-server-0.4.0-78e95b9-SNAPSHOT.jar:0.4.0-78e95b9-SNAPSHOT]
	at org.apache.ratis.server.impl.RaftServerProxy.lambda$null$5(RaftServerProxy.java:328) ~[ratis-server-0.4.0-78e95b9-SNAPSHOT.jar:0.4.0-78e95b9-SNAPSHOT]
	at org.apache.ratis.util.JavaUtils.callAsUnchecked(JavaUtils.java:109) ~[ratis-common-0.4.0-78e95b9-SNAPSHOT.jar:0.4.0-78e95b9-SNAPSHOT]
	at org.apache.ratis.server.impl.RaftServerProxy.lambda$submitRequest$6(RaftServerProxy.java:328) ~[ratis-server-0.4.0-78e95b9-SNAPSHOT.jar:0.4.0-78e95b9-SNAPSHOT]
	at java.util.concurrent.CompletableFuture.uniComposeStage(CompletableFuture.java:981) ~[?:1.8.0_212]
	at java.util.concurrent.CompletableFuture.thenCompose(CompletableFuture.java:2124) ~[?:1.8.0_212]
	at org.apache.ratis.server.impl.RaftServerProxy.submitRequest(RaftServerProxy.java:327) ~[ratis-server-0.4.0-78e95b9-SNAPSHOT.jar:0.4.0-78e95b9-SNAPSHOT]
	at org.apache.ratis.server.impl.RaftServerProxy.submitClientRequestAsync(RaftServerProxy.java:333) ~[ratis-server-0.4.0-78e95b9-SNAPSHOT.jar:0.4.0-78e95b9-SNAPSHOT]
	at org.apache.ratis.grpc.client.GrpcClientProtocolService$RequestStreamObserver.processClientRequest(GrpcClientProtocolService.java:220) ~[ratis-grpc-0.4.0-78e95b9-SNAPSHOT.jar:0.4.0-78e95b9-SNAPSHOT]
	at org.apache.ratis.grpc.client.GrpcClientProtocolService$OrderedRequestStreamObserver.processClientRequest(GrpcClientProtocolService.java:326) ~[ratis-grpc-0.4.0-78e95b9-SNAPSHOT.jar:0.4.0-78e95b9-SNAPSHOT]
	at org.apache.ratis.util.SlidingWindow$Server.processRequestsFromHead(SlidingWindow.java:429) [ratis-common-0.4.0-78e95b9-SNAPSHOT.jar:0.4.0-78e95b9-SNAPSHOT]
	at org.apache.ratis.util.SlidingWindow$Server.receivedRequest(SlidingWindow.java:421) [ratis-common-0.4.0-78e95b9-SNAPSHOT.jar:0.4.0-78e95b9-SNAPSHOT]
	at org.apache.ratis.grpc.client.GrpcClientProtocolService$OrderedRequestStreamObserver.processClientRequest(GrpcClientProtocolService.java:345) [ratis-grpc-0.4.0-78e95b9-SNAPSHOT.jar:0.4.0-78e95b9-SNAPSHOT]
	at org.apache.ratis.grpc.client.GrpcClientProtocolService$RequestStreamObserver.onNext(GrpcClientProtocolService.java:240) [ratis-grpc-0.4.0-78e95b9-SNAPSHOT.jar:0.4.0-78e95b9-SNAPSHOT]
	at org.apache.ratis.grpc.client.GrpcClientProtocolService$RequestStreamObserver.onNext(GrpcClientProtocolService.java:168) [ratis-grpc-0.4.0-78e95b9-SNAPSHOT.jar:0.4.0-78e95b9-SNAPSHOT]
	at org.apache.ratis.thirdparty.io.grpc.stub.ServerCalls$StreamingServerCallHandler$StreamingServerCallListener.onMessage(ServerCalls.java:248) [ratis-thirdparty-misc-0.2.0.jar:0.2.0]
	at org.apache.ratis.thirdparty.io.grpc.internal.ServerCallImpl$ServerStreamListenerImpl.messagesAvailable(ServerCallImpl.java:263) [ratis-thirdparty-misc-0.2.0.jar:0.2.0]
	at org.apache.ratis.thirdparty.io.grpc.internal.ServerImpl$JumpToApplicationThreadServerStreamListener$1MessagesAvailable.runInContext(ServerImpl.java:686) [ratis-thirdparty-misc-0.2.0.jar:0.2.0]
	at org.apache.ratis.thirdparty.io.grpc.internal.ContextRunnable.run(ContextRunnable.java:37) [ratis-thirdparty-misc-0.2.0.jar:0.2.0]
	at org.apache.ratis.thirdparty.io.grpc.internal.SerializingExecutor.run(SerializingExecutor.java:123) [ratis-thirdparty-misc-0.2.0.jar:0.2.0]
	at java.util.concurrent.ThreadPoolExecutor.runWorker(ThreadPoolExecutor.java:1149) [?:1.8.0_212]
	at java.util.concurrent.ThreadPoolExecutor$Worker.run(ThreadPoolExecutor.java:624) [?:1.8.0_212]
	at java.lang.Thread.run(Thread.java:748) [?:1.8.0_212]
2019-09-19 13:31:27,556 [grpc-default-executor-6] INFO  client.GrpcClientProtocolClient (GrpcClientProtocolClient.java:onNext(264)) - client-2F9923FB6C52->cf9ed8b7-443d-44fc-a2c6-3bd48ab29d60: receive RaftClientReply:client-2F9923FB6C52->cf9ed8b7-443d-44fc-a2c6-3bd48ab29d60@group-C2834C3F6D12, cid=188, FAILED org.apache.ratis.protocol.StateMachineException: org.apache.hadoop.hdds.scm.container.common.helpers.ContainerNotOpenException from Server cf9ed8b7-443d-44fc-a2c6-3bd48ab29d60@group-C2834C3F6D12: Container 1 in CLOSING state, logIndex=0, commits[cf9ed8b7-443d-44fc-a2c6-3bd48ab29d60:c17, 02509bdf-4203-447b-86d4-697b6dde9c11:c15, 5a2f126f-e78b-4b68-8184-641a1e5af4bb:c16]
13:31:27.557 [grpc-default-executor-1] ERROR DNAudit - user=null | ip=null | op=PUT_BLOCK {blockData=[blockId=conID: 1 locID: 102819421716217869 bcsId: 0,size=800]} | ret=FAILURE
org.apache.hadoop.hdds.scm.container.common.helpers.ContainerNotOpenException: Container 1 in CLOSING state
	at org.apache.hadoop.ozone.container.common.impl.HddsDispatcher.validateContainerCommand(HddsDispatcher.java:434) ~[hadoop-hdds-container-service-0.5.0-SNAPSHOT.jar:?]
	at org.apache.hadoop.ozone.container.common.transport.server.ratis.ContainerStateMachine.startTransaction(ContainerStateMachine.java:315) ~[hadoop-hdds-container-service-0.5.0-SNAPSHOT.jar:?]
	at org.apache.ratis.server.impl.RaftServerImpl.submitClientRequestAsync(RaftServerImpl.java:573) ~[ratis-server-0.4.0-78e95b9-SNAPSHOT.jar:0.4.0-78e95b9-SNAPSHOT]
	at org.apache.ratis.server.impl.RaftServerProxy.lambda$submitClientRequestAsync$7(RaftServerProxy.java:333) ~[ratis-server-0.4.0-78e95b9-SNAPSHOT.jar:0.4.0-78e95b9-SNAPSHOT]
	at org.apache.ratis.server.impl.RaftServerProxy.lambda$null$5(RaftServerProxy.java:328) ~[ratis-server-0.4.0-78e95b9-SNAPSHOT.jar:0.4.0-78e95b9-SNAPSHOT]
	at org.apache.ratis.util.JavaUtils.callAsUnchecked(JavaUtils.java:109) ~[ratis-common-0.4.0-78e95b9-SNAPSHOT.jar:0.4.0-78e95b9-SNAPSHOT]
	at org.apache.ratis.server.impl.RaftServerProxy.lambda$submitRequest$6(RaftServerProxy.java:328) ~[ratis-server-0.4.0-78e95b9-SNAPSHOT.jar:0.4.0-78e95b9-SNAPSHOT]
	at java.util.concurrent.CompletableFuture.uniComposeStage(CompletableFuture.java:981) ~[?:1.8.0_212]
	at java.util.concurrent.CompletableFuture.thenCompose(CompletableFuture.java:2124) ~[?:1.8.0_212]
	at org.apache.ratis.server.impl.RaftServerProxy.submitRequest(RaftServerProxy.java:327) ~[ratis-server-0.4.0-78e95b9-SNAPSHOT.jar:0.4.0-78e95b9-SNAPSHOT]
	at org.apache.ratis.server.impl.RaftServerProxy.submitClientRequestAsync(RaftServerProxy.java:333) ~[ratis-server-0.4.0-78e95b9-SNAPSHOT.jar:0.4.0-78e95b9-SNAPSHOT]
	at org.apache.ratis.grpc.client.GrpcClientProtocolService$RequestStreamObserver.processClientRequest(GrpcClientProtocolService.java:220) ~[ratis-grpc-0.4.0-78e95b9-SNAPSHOT.jar:0.4.0-78e95b9-SNAPSHOT]
	at org.apache.ratis.grpc.client.GrpcClientProtocolService$OrderedRequestStreamObserver.processClientRequest(GrpcClientProtocolService.java:326) ~[ratis-grpc-0.4.0-78e95b9-SNAPSHOT.jar:0.4.0-78e95b9-SNAPSHOT]
	at org.apache.ratis.util.SlidingWindow$Server.processRequestsFromHead(SlidingWindow.java:429) [ratis-common-0.4.0-78e95b9-SNAPSHOT.jar:0.4.0-78e95b9-SNAPSHOT]
	at org.apache.ratis.util.SlidingWindow$Server.receivedRequest(SlidingWindow.java:421) [ratis-common-0.4.0-78e95b9-SNAPSHOT.jar:0.4.0-78e95b9-SNAPSHOT]
	at org.apache.ratis.grpc.client.GrpcClientProtocolService$OrderedRequestStreamObserver.processClientRequest(GrpcClientProtocolService.java:345) [ratis-grpc-0.4.0-78e95b9-SNAPSHOT.jar:0.4.0-78e95b9-SNAPSHOT]
	at org.apache.ratis.grpc.client.GrpcClientProtocolService$RequestStreamObserver.onNext(GrpcClientProtocolService.java:240) [ratis-grpc-0.4.0-78e95b9-SNAPSHOT.jar:0.4.0-78e95b9-SNAPSHOT]
	at org.apache.ratis.grpc.client.GrpcClientProtocolService$RequestStreamObserver.onNext(GrpcClientProtocolService.java:168) [ratis-grpc-0.4.0-78e95b9-SNAPSHOT.jar:0.4.0-78e95b9-SNAPSHOT]
	at org.apache.ratis.thirdparty.io.grpc.stub.ServerCalls$StreamingServerCallHandler$StreamingServerCallListener.onMessage(ServerCalls.java:248) [ratis-thirdparty-misc-0.2.0.jar:0.2.0]
	at org.apache.ratis.thirdparty.io.grpc.internal.ServerCallImpl$ServerStreamListenerImpl.messagesAvailable(ServerCallImpl.java:263) [ratis-thirdparty-misc-0.2.0.jar:0.2.0]
	at org.apache.ratis.thirdparty.io.grpc.internal.ServerImpl$JumpToApplicationThreadServerStreamListener$1MessagesAvailable.runInContext(ServerImpl.java:686) [ratis-thirdparty-misc-0.2.0.jar:0.2.0]
	at org.apache.ratis.thirdparty.io.grpc.internal.ContextRunnable.run(ContextRunnable.java:37) [ratis-thirdparty-misc-0.2.0.jar:0.2.0]
	at org.apache.ratis.thirdparty.io.grpc.internal.SerializingExecutor.run(SerializingExecutor.java:123) [ratis-thirdparty-misc-0.2.0.jar:0.2.0]
	at java.util.concurrent.ThreadPoolExecutor.runWorker(ThreadPoolExecutor.java:1149) [?:1.8.0_212]
	at java.util.concurrent.ThreadPoolExecutor$Worker.run(ThreadPoolExecutor.java:624) [?:1.8.0_212]
	at java.lang.Thread.run(Thread.java:748) [?:1.8.0_212]
2019-09-19 13:31:27,561 [grpc-default-executor-6] INFO  client.GrpcClientProtocolClient (GrpcClientProtocolClient.java:onNext(264)) - client-2F9923FB6C52->cf9ed8b7-443d-44fc-a2c6-3bd48ab29d60: receive RaftClientReply:client-2F9923FB6C52->cf9ed8b7-443d-44fc-a2c6-3bd48ab29d60@group-C2834C3F6D12, cid=189, FAILED org.apache.ratis.protocol.StateMachineException: org.apache.hadoop.hdds.scm.container.common.helpers.ContainerNotOpenException from Server cf9ed8b7-443d-44fc-a2c6-3bd48ab29d60@group-C2834C3F6D12: Container 1 in CLOSING state, logIndex=0, commits[cf9ed8b7-443d-44fc-a2c6-3bd48ab29d60:c17, 02509bdf-4203-447b-86d4-697b6dde9c11:c15, 5a2f126f-e78b-4b68-8184-641a1e5af4bb:c16]
2019-09-19 13:31:27,562 [grpc-default-executor-6] INFO  client.GrpcClientProtocolClient (GrpcClientProtocolClient.java:onNext(264)) - client-2F9923FB6C52->cf9ed8b7-443d-44fc-a2c6-3bd48ab29d60: receive RaftClientReply:client-2F9923FB6C52->cf9ed8b7-443d-44fc-a2c6-3bd48ab29d60@group-C2834C3F6D12, cid=190, FAILED org.apache.ratis.protocol.StateMachineException: org.apache.hadoop.hdds.scm.container.common.helpers.ContainerNotOpenException from Server cf9ed8b7-443d-44fc-a2c6-3bd48ab29d60@group-C2834C3F6D12: Container 1 in CLOSING state, logIndex=0, commits[cf9ed8b7-443d-44fc-a2c6-3bd48ab29d60:c17, 02509bdf-4203-447b-86d4-697b6dde9c11:c15, 5a2f126f-e78b-4b68-8184-641a1e5af4bb:c16]
2019-09-19 13:31:27,600 [grpc-default-executor-6] INFO  client.GrpcClientProtocolClient (GrpcClientProtocolClient.java:onNext(264)) - client-EDFB642E98D4->0a0d37aa-ff90-4935-8d48-c839ac7b3aa9: receive RaftClientReply:client-EDFB642E98D4->0a0d37aa-ff90-4935-8d48-c839ac7b3aa9@group-AC46B0BD9F6E, cid=191, FAILED org.apache.ratis.protocol.NotLeaderException: Server 0a0d37aa-ff90-4935-8d48-c839ac7b3aa9@group-AC46B0BD9F6E is not the leader ba204b2d-37a0-404f-91dd-7a92ee0c53b2:192.168.34.51:33948, logIndex=0, commits[0a0d37aa-ff90-4935-8d48-c839ac7b3aa9:c0, ba204b2d-37a0-404f-91dd-7a92ee0c53b2:c0, d0f0864f-f10e-402b-b950-9345ab4d2f6b:c0]
2019-09-19 13:31:27,715 [grpc-default-executor-1] INFO  client.GrpcClientProtocolClient (GrpcClientProtocolClient.java:onNext(264)) - client-EDFB642E98D4->ba204b2d-37a0-404f-91dd-7a92ee0c53b2: receive RaftClientReply:client-EDFB642E98D4->ba204b2d-37a0-404f-91dd-7a92ee0c53b2@group-AC46B0BD9F6E, cid=191, SUCCESS, logIndex=1, commits[ba204b2d-37a0-404f-91dd-7a92ee0c53b2:c2, d0f0864f-f10e-402b-b950-9345ab4d2f6b:c0, 0a0d37aa-ff90-4935-8d48-c839ac7b3aa9:c0]
2019-09-19 13:31:27,742 [grpc-default-executor-3] INFO  client.GrpcClientProtocolClient (GrpcClientProtocolClient.java:onNext(264)) - client-EDFB642E98D4->ba204b2d-37a0-404f-91dd-7a92ee0c53b2: receive RaftClientReply:client-EDFB642E98D4->ba204b2d-37a0-404f-91dd-7a92ee0c53b2@group-AC46B0BD9F6E, cid=192, SUCCESS, logIndex=3, commits[ba204b2d-37a0-404f-91dd-7a92ee0c53b2:c5, d0f0864f-f10e-402b-b950-9345ab4d2f6b:c2, 0a0d37aa-ff90-4935-8d48-c839ac7b3aa9:c2]
2019-09-19 13:31:27,773 [grpc-default-executor-6] INFO  client.GrpcClientProtocolClient (GrpcClientProtocolClient.java:onNext(264)) - client-EDFB642E98D4->ba204b2d-37a0-404f-91dd-7a92ee0c53b2: receive RaftClientReply:client-EDFB642E98D4->ba204b2d-37a0-404f-91dd-7a92ee0c53b2@group-AC46B0BD9F6E, cid=193, SUCCESS, logIndex=4, commits[ba204b2d-37a0-404f-91dd-7a92ee0c53b2:c12, d0f0864f-f10e-402b-b950-9345ab4d2f6b:c7, 0a0d37aa-ff90-4935-8d48-c839ac7b3aa9:c7]
2019-09-19 13:31:27,777 [grpc-default-executor-6] INFO  client.GrpcClientProtocolClient (GrpcClientProtocolClient.java:onNext(264)) - client-EDFB642E98D4->ba204b2d-37a0-404f-91dd-7a92ee0c53b2: receive RaftClientReply:client-EDFB642E98D4->ba204b2d-37a0-404f-91dd-7a92ee0c53b2@group-AC46B0BD9F6E, cid=194, SUCCESS, logIndex=5, commits[ba204b2d-37a0-404f-91dd-7a92ee0c53b2:c12, d0f0864f-f10e-402b-b950-9345ab4d2f6b:c7, 0a0d37aa-ff90-4935-8d48-c839ac7b3aa9:c7]
2019-09-19 13:31:27,777 [grpc-default-executor-6] INFO  client.GrpcClientProtocolClient (GrpcClientProtocolClient.java:onNext(264)) - client-EDFB642E98D4->ba204b2d-37a0-404f-91dd-7a92ee0c53b2: receive RaftClientReply:client-EDFB642E98D4->ba204b2d-37a0-404f-91dd-7a92ee0c53b2@group-AC46B0BD9F6E, cid=195, SUCCESS, logIndex=6, commits[ba204b2d-37a0-404f-91dd-7a92ee0c53b2:c12, d0f0864f-f10e-402b-b950-9345ab4d2f6b:c7, 0a0d37aa-ff90-4935-8d48-c839ac7b3aa9:c7]
2019-09-19 13:31:27,839 [grpc-default-executor-6] INFO  client.GrpcClientProtocolClient (GrpcClientProtocolClient.java:onNext(264)) - client-EDFB642E98D4->ba204b2d-37a0-404f-91dd-7a92ee0c53b2: receive RaftClientReply:client-EDFB642E98D4->ba204b2d-37a0-404f-91dd-7a92ee0c53b2@group-AC46B0BD9F6E, cid=196, SUCCESS, logIndex=7, commits[ba204b2d-37a0-404f-91dd-7a92ee0c53b2:c12, d0f0864f-f10e-402b-b950-9345ab4d2f6b:c7, 0a0d37aa-ff90-4935-8d48-c839ac7b3aa9:c7]
2019-09-19 13:31:27,863 [grpc-default-executor-1] INFO  client.GrpcClientProtocolClient (GrpcClientProtocolClient.java:onNext(264)) - client-EDFB642E98D4->ba204b2d-37a0-404f-91dd-7a92ee0c53b2: receive RaftClientReply:client-EDFB642E98D4->ba204b2d-37a0-404f-91dd-7a92ee0c53b2@group-AC46B0BD9F6E, cid=197, SUCCESS, logIndex=13, commits[ba204b2d-37a0-404f-91dd-7a92ee0c53b2:c13, d0f0864f-f10e-402b-b950-9345ab4d2f6b:c12, 0a0d37aa-ff90-4935-8d48-c839ac7b3aa9:c12]
2019-09-19 13:31:27,869 [grpc-default-executor-1] INFO  client.GrpcClientProtocolClient (GrpcClientProtocolClient.java:onNext(264)) - client-EDFB642E98D4->ba204b2d-37a0-404f-91dd-7a92ee0c53b2: receive RaftClientReply:client-EDFB642E98D4->ba204b2d-37a0-404f-91dd-7a92ee0c53b2@group-AC46B0BD9F6E, cid=198, SUCCESS, logIndex=14, commits[ba204b2d-37a0-404f-91dd-7a92ee0c53b2:c14, d0f0864f-f10e-402b-b950-9345ab4d2f6b:c12, 0a0d37aa-ff90-4935-8d48-c839ac7b3aa9:c12]
2019-09-19 13:31:28,875 [main] WARN  scm.XceiverClientRatis (XceiverClientRatis.java:watchForCommit(262)) - 3 way commit failed on pipeline Pipeline[ Id: 61905a30-3d6c-4a96-af7b-ac46b0bd9f6e, Nodes: 0a0d37aa-ff90-4935-8d48-c839ac7b3aa9{ip: 192.168.34.51, host: pr-hdds-1982-decom-states-fm625-96302961, networkLocation: /default-rack, certSerialId: null}ba204b2d-37a0-404f-91dd-7a92ee0c53b2{ip: 192.168.34.51, host: pr-hdds-1982-decom-states-fm625-96302961, networkLocation: /default-rack, certSerialId: null}d0f0864f-f10e-402b-b950-9345ab4d2f6b{ip: 192.168.34.51, host: pr-hdds-1982-decom-states-fm625-96302961, networkLocation: /default-rack, certSerialId: null}, Type:RATIS, Factor:THREE, State:OPEN]
java.util.concurrent.TimeoutException
	at java.util.concurrent.CompletableFuture.timedGet(CompletableFuture.java:1771)
	at java.util.concurrent.CompletableFuture.get(CompletableFuture.java:1915)
	at org.apache.hadoop.hdds.scm.XceiverClientRatis.watchForCommit(XceiverClientRatis.java:259)
	at org.apache.hadoop.hdds.scm.storage.CommitWatcher.watchForCommit(CommitWatcher.java:194)
	at org.apache.hadoop.hdds.scm.storage.CommitWatcher.watchOnLastIndex(CommitWatcher.java:157)
	at org.apache.hadoop.hdds.scm.storage.BlockOutputStream.watchForCommit(BlockOutputStream.java:347)
	at org.apache.hadoop.hdds.scm.storage.BlockOutputStream.handleFlush(BlockOutputStream.java:479)
	at org.apache.hadoop.hdds.scm.storage.BlockOutputStream.flush(BlockOutputStream.java:428)
	at org.apache.hadoop.ozone.client.io.BlockOutputStreamEntry.flush(BlockOutputStreamEntry.java:136)
	at org.apache.hadoop.ozone.client.io.KeyOutputStream.handleFlushOrClose(KeyOutputStream.java:443)
	at org.apache.hadoop.ozone.client.io.KeyOutputStream.flush(KeyOutputStream.java:397)
	at org.apache.hadoop.ozone.client.io.OzoneOutputStream.flush(OzoneOutputStream.java:54)
	at org.apache.hadoop.ozone.client.rpc.TestBlockOutputStreamWithFailures.testWatchForCommitDatanodeFailure(TestBlockOutputStreamWithFailures.java:365)
	at sun.reflect.NativeMethodAccessorImpl.invoke0(Native Method)
	at sun.reflect.NativeMethodAccessorImpl.invoke(NativeMethodAccessorImpl.java:62)
	at sun.reflect.DelegatingMethodAccessorImpl.invoke(DelegatingMethodAccessorImpl.java:43)
	at java.lang.reflect.Method.invoke(Method.java:498)
	at org.junit.runners.model.FrameworkMethod$1.runReflectiveCall(FrameworkMethod.java:47)
	at org.junit.internal.runners.model.ReflectiveCallable.run(ReflectiveCallable.java:12)
	at org.junit.runners.model.FrameworkMethod.invokeExplosively(FrameworkMethod.java:44)
	at org.junit.internal.runners.statements.InvokeMethod.evaluate(InvokeMethod.java:17)
	at org.junit.internal.runners.statements.RunBefores.evaluate(RunBefores.java:26)
	at org.junit.internal.runners.statements.RunAfters.evaluate(RunAfters.java:27)
	at org.junit.runners.ParentRunner.runLeaf(ParentRunner.java:271)
	at org.junit.runners.BlockJUnit4ClassRunner.runChild(BlockJUnit4ClassRunner.java:70)
	at org.junit.runners.BlockJUnit4ClassRunner.runChild(BlockJUnit4ClassRunner.java:50)
	at org.junit.runners.ParentRunner$3.run(ParentRunner.java:238)
	at org.junit.runners.ParentRunner$1.schedule(ParentRunner.java:63)
	at org.junit.runners.ParentRunner.runChildren(ParentRunner.java:236)
	at org.junit.runners.ParentRunner.access$000(ParentRunner.java:53)
	at org.junit.runners.ParentRunner$2.evaluate(ParentRunner.java:229)
	at org.junit.runners.ParentRunner.run(ParentRunner.java:309)
	at org.apache.maven.surefire.junit4.JUnit4Provider.execute(JUnit4Provider.java:365)
	at org.apache.maven.surefire.junit4.JUnit4Provider.executeWithRerun(JUnit4Provider.java:273)
	at org.apache.maven.surefire.junit4.JUnit4Provider.executeTestSet(JUnit4Provider.java:238)
	at org.apache.maven.surefire.junit4.JUnit4Provider.invoke(JUnit4Provider.java:159)
	at org.apache.maven.surefire.booter.ForkedBooter.invokeProviderInSameClassLoader(ForkedBooter.java:384)
	at org.apache.maven.surefire.booter.ForkedBooter.runSuitesInProcess(ForkedBooter.java:345)
	at org.apache.maven.surefire.booter.ForkedBooter.execute(ForkedBooter.java:126)
	at org.apache.maven.surefire.booter.ForkedBooter.main(ForkedBooter.java:418)
2019-09-19 13:31:29,491 [grpc-default-executor-1] WARN  server.GrpcLogAppender (LogUtils.java:warn(134)) - cf9ed8b7-443d-44fc-a2c6-3bd48ab29d60@group-C2834C3F6D12->02509bdf-4203-447b-86d4-697b6dde9c11-AppendLogResponseHandler: Failed appendEntries: org.apache.ratis.thirdparty.io.grpc.StatusRuntimeException: UNAVAILABLE: io exception
2019-09-19 13:31:29,491 [grpc-default-executor-1] INFO  impl.FollowerInfo (FollowerInfo.java:lambda$new$0(51)) - cf9ed8b7-443d-44fc-a2c6-3bd48ab29d60@group-C2834C3F6D12->02509bdf-4203-447b-86d4-697b6dde9c11: nextIndex: updateUnconditionally 1 -> 0
2019-09-19 13:31:29,876 [main] WARN  storage.CommitWatcher (CommitWatcher.java:watchForCommit(203)) - watchForCommit failed for index 14
java.util.concurrent.TimeoutException
	at java.util.concurrent.CompletableFuture.timedGet(CompletableFuture.java:1771)
	at java.util.concurrent.CompletableFuture.get(CompletableFuture.java:1915)
	at org.apache.hadoop.hdds.scm.XceiverClientRatis.watchForCommit(XceiverClientRatis.java:268)
	at org.apache.hadoop.hdds.scm.storage.CommitWatcher.watchForCommit(CommitWatcher.java:194)
	at org.apache.hadoop.hdds.scm.storage.CommitWatcher.watchOnLastIndex(CommitWatcher.java:157)
	at org.apache.hadoop.hdds.scm.storage.BlockOutputStream.watchForCommit(BlockOutputStream.java:347)
	at org.apache.hadoop.hdds.scm.storage.BlockOutputStream.handleFlush(BlockOutputStream.java:479)
	at org.apache.hadoop.hdds.scm.storage.BlockOutputStream.flush(BlockOutputStream.java:428)
	at org.apache.hadoop.ozone.client.io.BlockOutputStreamEntry.flush(BlockOutputStreamEntry.java:136)
	at org.apache.hadoop.ozone.client.io.KeyOutputStream.handleFlushOrClose(KeyOutputStream.java:443)
	at org.apache.hadoop.ozone.client.io.KeyOutputStream.flush(KeyOutputStream.java:397)
	at org.apache.hadoop.ozone.client.io.OzoneOutputStream.flush(OzoneOutputStream.java:54)
	at org.apache.hadoop.ozone.client.rpc.TestBlockOutputStreamWithFailures.testWatchForCommitDatanodeFailure(TestBlockOutputStreamWithFailures.java:365)
	at sun.reflect.NativeMethodAccessorImpl.invoke0(Native Method)
	at sun.reflect.NativeMethodAccessorImpl.invoke(NativeMethodAccessorImpl.java:62)
	at sun.reflect.DelegatingMethodAccessorImpl.invoke(DelegatingMethodAccessorImpl.java:43)
	at java.lang.reflect.Method.invoke(Method.java:498)
	at org.junit.runners.model.FrameworkMethod$1.runReflectiveCall(FrameworkMethod.java:47)
	at org.junit.internal.runners.model.ReflectiveCallable.run(ReflectiveCallable.java:12)
	at org.junit.runners.model.FrameworkMethod.invokeExplosively(FrameworkMethod.java:44)
	at org.junit.internal.runners.statements.InvokeMethod.evaluate(InvokeMethod.java:17)
	at org.junit.internal.runners.statements.RunBefores.evaluate(RunBefores.java:26)
	at org.junit.internal.runners.statements.RunAfters.evaluate(RunAfters.java:27)
	at org.junit.runners.ParentRunner.runLeaf(ParentRunner.java:271)
	at org.junit.runners.BlockJUnit4ClassRunner.runChild(BlockJUnit4ClassRunner.java:70)
	at org.junit.runners.BlockJUnit4ClassRunner.runChild(BlockJUnit4ClassRunner.java:50)
	at org.junit.runners.ParentRunner$3.run(ParentRunner.java:238)
	at org.junit.runners.ParentRunner$1.schedule(ParentRunner.java:63)
	at org.junit.runners.ParentRunner.runChildren(ParentRunner.java:236)
	at org.junit.runners.ParentRunner.access$000(ParentRunner.java:53)
	at org.junit.runners.ParentRunner$2.evaluate(ParentRunner.java:229)
	at org.junit.runners.ParentRunner.run(ParentRunner.java:309)
	at org.apache.maven.surefire.junit4.JUnit4Provider.execute(JUnit4Provider.java:365)
	at org.apache.maven.surefire.junit4.JUnit4Provider.executeWithRerun(JUnit4Provider.java:273)
	at org.apache.maven.surefire.junit4.JUnit4Provider.executeTestSet(JUnit4Provider.java:238)
	at org.apache.maven.surefire.junit4.JUnit4Provider.invoke(JUnit4Provider.java:159)
	at org.apache.maven.surefire.booter.ForkedBooter.invokeProviderInSameClassLoader(ForkedBooter.java:384)
	at org.apache.maven.surefire.booter.ForkedBooter.runSuitesInProcess(ForkedBooter.java:345)
	at org.apache.maven.surefire.booter.ForkedBooter.execute(ForkedBooter.java:126)
	at org.apache.maven.surefire.booter.ForkedBooter.main(ForkedBooter.java:418)
2019-09-19 13:31:29,879 [main] WARN  io.KeyOutputStream (KeyOutputStream.java:handleException(274)) - Encountered exception java.io.IOException: Unexpected Storage Container Exception: java.io.IOException: Unexpected Storage Container Exception: java.util.concurrent.TimeoutException on the pipeline Pipeline[ Id: 61905a30-3d6c-4a96-af7b-ac46b0bd9f6e, Nodes: 0a0d37aa-ff90-4935-8d48-c839ac7b3aa9{ip: 192.168.34.51, host: pr-hdds-1982-decom-states-fm625-96302961, networkLocation: /default-rack, certSerialId: null}ba204b2d-37a0-404f-91dd-7a92ee0c53b2{ip: 192.168.34.51, host: pr-hdds-1982-decom-states-fm625-96302961, networkLocation: /default-rack, certSerialId: null}d0f0864f-f10e-402b-b950-9345ab4d2f6b{ip: 192.168.34.51, host: pr-hdds-1982-decom-states-fm625-96302961, networkLocation: /default-rack, certSerialId: null}, Type:RATIS, Factor:THREE, State:OPEN]. The last committed block length is 400, uncommitted data length is 50 retry count 0
2019-09-19 13:31:29,922 [grpc-default-executor-1] INFO  impl.RaftServerProxy (RaftServerProxy.java:addNew(89)) - cf9ed8b7-443d-44fc-a2c6-3bd48ab29d60: addNew group-4C2FD5DA9928:[5a2f126f-e78b-4b68-8184-641a1e5af4bb:192.168.34.51:33798, e9b4aebe-416b-4a6e-b639-511f332e30a8:192.168.34.51:45698, cf9ed8b7-443d-44fc-a2c6-3bd48ab29d60:192.168.34.51:39386] returns group-4C2FD5DA9928:java.util.concurrent.CompletableFuture@15a6227f[Not completed]
2019-09-19 13:31:29,924 [grpc-default-executor-4] INFO  impl.RaftServerProxy (RaftServerProxy.java:addNew(89)) - 5a2f126f-e78b-4b68-8184-641a1e5af4bb: addNew group-4C2FD5DA9928:[5a2f126f-e78b-4b68-8184-641a1e5af4bb:192.168.34.51:33798, e9b4aebe-416b-4a6e-b639-511f332e30a8:192.168.34.51:45698, cf9ed8b7-443d-44fc-a2c6-3bd48ab29d60:192.168.34.51:39386] returns group-4C2FD5DA9928:java.util.concurrent.CompletableFuture@30e1817b[Not completed]
2019-09-19 13:31:29,927 [grpc-default-executor-1] INFO  impl.RaftServerProxy (RaftServerProxy.java:addNew(89)) - e9b4aebe-416b-4a6e-b639-511f332e30a8: addNew group-4C2FD5DA9928:[5a2f126f-e78b-4b68-8184-641a1e5af4bb:192.168.34.51:33798, e9b4aebe-416b-4a6e-b639-511f332e30a8:192.168.34.51:45698, cf9ed8b7-443d-44fc-a2c6-3bd48ab29d60:192.168.34.51:39386] returns group-4C2FD5DA9928:java.util.concurrent.CompletableFuture@169ab2b9[Not completed]
2019-09-19 13:31:29,927 [pool-429-thread-1] INFO  impl.RaftServerImpl (RaftServerImpl.java:<init>(95)) - cf9ed8b7-443d-44fc-a2c6-3bd48ab29d60: new RaftServerImpl for group-4C2FD5DA9928:[5a2f126f-e78b-4b68-8184-641a1e5af4bb:192.168.34.51:33798, e9b4aebe-416b-4a6e-b639-511f332e30a8:192.168.34.51:45698, cf9ed8b7-443d-44fc-a2c6-3bd48ab29d60:192.168.34.51:39386] with ContainerStateMachine:uninitialized
2019-09-19 13:31:29,927 [pool-429-thread-1] INFO  server.RaftServerConfigKeys (ConfUtils.java:logGet(43)) - raft.server.rpc.timeout.min = 5s (custom)
2019-09-19 13:31:29,927 [pool-429-thread-1] INFO  server.RaftServerConfigKeys (ConfUtils.java:logGet(43)) - raft.server.rpc.timeout.max = 5200ms (custom)
2019-09-19 13:31:29,928 [pool-429-thread-1] INFO  server.RaftServerConfigKeys (ConfUtils.java:logGet(43)) - raft.server.rpcslowness.timeout = 120s (custom)
2019-09-19 13:31:29,928 [pool-459-thread-1] INFO  impl.RaftServerImpl (RaftServerImpl.java:<init>(95)) - e9b4aebe-416b-4a6e-b639-511f332e30a8: new RaftServerImpl for group-4C2FD5DA9928:[5a2f126f-e78b-4b68-8184-641a1e5af4bb:192.168.34.51:33798, e9b4aebe-416b-4a6e-b639-511f332e30a8:192.168.34.51:45698, cf9ed8b7-443d-44fc-a2c6-3bd48ab29d60:192.168.34.51:39386] with ContainerStateMachine:uninitialized
2019-09-19 13:31:29,928 [pool-429-thread-1] INFO  server.RaftServerConfigKeys (ConfUtils.java:logGet(43)) - raft.server.sleep.deviation.threshold = 300 (default)
2019-09-19 13:31:29,928 [pool-459-thread-1] INFO  server.RaftServerConfigKeys (ConfUtils.java:logGet(43)) - raft.server.rpc.timeout.min = 5s (custom)
2019-09-19 13:31:29,928 [pool-429-thread-1] INFO  server.RaftServerConfigKeys (ConfUtils.java:logGet(43)) - raft.server.log.appender.install.snapshot.enabled = false (custom)
2019-09-19 13:31:29,928 [pool-459-thread-1] INFO  server.RaftServerConfigKeys (ConfUtils.java:logGet(43)) - raft.server.rpc.timeout.max = 5200ms (custom)
2019-09-19 13:31:29,928 [pool-429-thread-1] INFO  impl.RaftServerImpl (ServerState.java:<init>(103)) - cf9ed8b7-443d-44fc-a2c6-3bd48ab29d60@group-4C2FD5DA9928: ConfigurationManager, init=-1: [5a2f126f-e78b-4b68-8184-641a1e5af4bb:192.168.34.51:33798, e9b4aebe-416b-4a6e-b639-511f332e30a8:192.168.34.51:45698, cf9ed8b7-443d-44fc-a2c6-3bd48ab29d60:192.168.34.51:39386], old=null, confs=<EMPTY_MAP>
2019-09-19 13:31:29,928 [pool-419-thread-1] INFO  impl.RaftServerImpl (RaftServerImpl.java:<init>(95)) - 5a2f126f-e78b-4b68-8184-641a1e5af4bb: new RaftServerImpl for group-4C2FD5DA9928:[5a2f126f-e78b-4b68-8184-641a1e5af4bb:192.168.34.51:33798, e9b4aebe-416b-4a6e-b639-511f332e30a8:192.168.34.51:45698, cf9ed8b7-443d-44fc-a2c6-3bd48ab29d60:192.168.34.51:39386] with ContainerStateMachine:uninitialized
2019-09-19 13:31:29,928 [pool-459-thread-1] INFO  server.RaftServerConfigKeys (ConfUtils.java:logGet(43)) - raft.server.rpcslowness.timeout = 120s (custom)
2019-09-19 13:31:29,928 [pool-419-thread-1] INFO  server.RaftServerConfigKeys (ConfUtils.java:logGet(43)) - raft.server.rpc.timeout.min = 5s (custom)
2019-09-19 13:31:29,928 [pool-429-thread-1] INFO  server.RaftServerConfigKeys (ConfUtils.java:logGet(43)) - raft.server.storage.dir = [/workdir/hadoop-ozone/integration-test/target/test-dir/MiniOzoneClusterImpl-4d5d2d7a-88bc-4d8f-bc17-99926ca9d3cb/datanode-2/data/ratis] (custom)
2019-09-19 13:31:29,928 [pool-419-thread-1] INFO  server.RaftServerConfigKeys (ConfUtils.java:logGet(43)) - raft.server.rpc.timeout.max = 5200ms (custom)
2019-09-19 13:31:29,928 [pool-459-thread-1] INFO  server.RaftServerConfigKeys (ConfUtils.java:logGet(43)) - raft.server.sleep.deviation.threshold = 300 (default)
2019-09-19 13:31:29,929 [pool-419-thread-1] INFO  server.RaftServerConfigKeys (ConfUtils.java:logGet(43)) - raft.server.rpcslowness.timeout = 120s (custom)
2019-09-19 13:31:29,929 [pool-419-thread-1] INFO  server.RaftServerConfigKeys (ConfUtils.java:logGet(43)) - raft.server.sleep.deviation.threshold = 300 (default)
2019-09-19 13:31:29,929 [pool-429-thread-1] INFO  storage.RaftStorageDirectory (RaftStorageDirectory.java:analyzeStorage(246)) - The storage directory /workdir/hadoop-ozone/integration-test/target/test-dir/MiniOzoneClusterImpl-4d5d2d7a-88bc-4d8f-bc17-99926ca9d3cb/datanode-2/data/ratis/829d5633-677e-4961-b1d8-4c2fd5da9928 does not exist. Creating ...
2019-09-19 13:31:29,929 [pool-459-thread-1] INFO  server.RaftServerConfigKeys (ConfUtils.java:logGet(43)) - raft.server.log.appender.install.snapshot.enabled = false (custom)
2019-09-19 13:31:29,929 [pool-419-thread-1] INFO  server.RaftServerConfigKeys (ConfUtils.java:logGet(43)) - raft.server.log.appender.install.snapshot.enabled = false (custom)
2019-09-19 13:31:29,929 [pool-459-thread-1] INFO  impl.RaftServerImpl (ServerState.java:<init>(103)) - e9b4aebe-416b-4a6e-b639-511f332e30a8@group-4C2FD5DA9928: ConfigurationManager, init=-1: [5a2f126f-e78b-4b68-8184-641a1e5af4bb:192.168.34.51:33798, e9b4aebe-416b-4a6e-b639-511f332e30a8:192.168.34.51:45698, cf9ed8b7-443d-44fc-a2c6-3bd48ab29d60:192.168.34.51:39386], old=null, confs=<EMPTY_MAP>
2019-09-19 13:31:29,929 [pool-419-thread-1] INFO  impl.RaftServerImpl (ServerState.java:<init>(103)) - 5a2f126f-e78b-4b68-8184-641a1e5af4bb@group-4C2FD5DA9928: ConfigurationManager, init=-1: [5a2f126f-e78b-4b68-8184-641a1e5af4bb:192.168.34.51:33798, e9b4aebe-416b-4a6e-b639-511f332e30a8:192.168.34.51:45698, cf9ed8b7-443d-44fc-a2c6-3bd48ab29d60:192.168.34.51:39386], old=null, confs=<EMPTY_MAP>
2019-09-19 13:31:29,929 [pool-459-thread-1] INFO  server.RaftServerConfigKeys (ConfUtils.java:logGet(43)) - raft.server.storage.dir = [/workdir/hadoop-ozone/integration-test/target/test-dir/MiniOzoneClusterImpl-4d5d2d7a-88bc-4d8f-bc17-99926ca9d3cb/datanode-5/data/ratis] (custom)
2019-09-19 13:31:29,929 [pool-419-thread-1] INFO  server.RaftServerConfigKeys (ConfUtils.java:logGet(43)) - raft.server.storage.dir = [/workdir/hadoop-ozone/integration-test/target/test-dir/MiniOzoneClusterImpl-4d5d2d7a-88bc-4d8f-bc17-99926ca9d3cb/datanode-1/data/ratis] (custom)
2019-09-19 13:31:29,930 [pool-459-thread-1] INFO  storage.RaftStorageDirectory (RaftStorageDirectory.java:analyzeStorage(246)) - The storage directory /workdir/hadoop-ozone/integration-test/target/test-dir/MiniOzoneClusterImpl-4d5d2d7a-88bc-4d8f-bc17-99926ca9d3cb/datanode-5/data/ratis/829d5633-677e-4961-b1d8-4c2fd5da9928 does not exist. Creating ...
2019-09-19 13:31:29,930 [pool-419-thread-1] INFO  storage.RaftStorageDirectory (RaftStorageDirectory.java:analyzeStorage(246)) - The storage directory /workdir/hadoop-ozone/integration-test/target/test-dir/MiniOzoneClusterImpl-4d5d2d7a-88bc-4d8f-bc17-99926ca9d3cb/datanode-1/data/ratis/829d5633-677e-4961-b1d8-4c2fd5da9928 does not exist. Creating ...
2019-09-19 13:31:29,943 [pool-429-thread-1] INFO  storage.RaftStorageDirectory (RaftStorageDirectory.java:tryLock(328)) - Lock on /workdir/hadoop-ozone/integration-test/target/test-dir/MiniOzoneClusterImpl-4d5d2d7a-88bc-4d8f-bc17-99926ca9d3cb/datanode-2/data/ratis/829d5633-677e-4961-b1d8-4c2fd5da9928/in_use.lock acquired by nodename 4818@pr-hdds-1982-decom-states-fm625-96302961
2019-09-19 13:31:29,943 [pool-419-thread-1] INFO  storage.RaftStorageDirectory (RaftStorageDirectory.java:tryLock(328)) - Lock on /workdir/hadoop-ozone/integration-test/target/test-dir/MiniOzoneClusterImpl-4d5d2d7a-88bc-4d8f-bc17-99926ca9d3cb/datanode-1/data/ratis/829d5633-677e-4961-b1d8-4c2fd5da9928/in_use.lock acquired by nodename 4818@pr-hdds-1982-decom-states-fm625-96302961
2019-09-19 13:31:29,943 [pool-459-thread-1] INFO  storage.RaftStorageDirectory (RaftStorageDirectory.java:tryLock(328)) - Lock on /workdir/hadoop-ozone/integration-test/target/test-dir/MiniOzoneClusterImpl-4d5d2d7a-88bc-4d8f-bc17-99926ca9d3cb/datanode-5/data/ratis/829d5633-677e-4961-b1d8-4c2fd5da9928/in_use.lock acquired by nodename 4818@pr-hdds-1982-decom-states-fm625-96302961
2019-09-19 13:31:29,957 [pool-429-thread-1] INFO  storage.RaftStorage (RaftStorage.java:format(72)) - Storage directory /workdir/hadoop-ozone/integration-test/target/test-dir/MiniOzoneClusterImpl-4d5d2d7a-88bc-4d8f-bc17-99926ca9d3cb/datanode-2/data/ratis/829d5633-677e-4961-b1d8-4c2fd5da9928 has been successfully formatted.
2019-09-19 13:31:29,957 [pool-419-thread-1] INFO  storage.RaftStorage (RaftStorage.java:format(72)) - Storage directory /workdir/hadoop-ozone/integration-test/target/test-dir/MiniOzoneClusterImpl-4d5d2d7a-88bc-4d8f-bc17-99926ca9d3cb/datanode-1/data/ratis/829d5633-677e-4961-b1d8-4c2fd5da9928 has been successfully formatted.
2019-09-19 13:31:29,957 [pool-419-thread-1] INFO  ratis.ContainerStateMachine (ContainerStateMachine.java:loadSnapshot(230)) - group-4C2FD5DA9928: The snapshot info is null. Setting the last applied indexto:(t:0, i:~)
2019-09-19 13:31:29,957 [pool-419-thread-1] INFO  server.RaftServerConfigKeys (ConfUtils.java:logGet(43)) - raft.server.notification.no-leader.timeout = 120s (custom)
2019-09-19 13:31:29,957 [pool-419-thread-1] INFO  server.RaftServerConfigKeys (ConfUtils.java:logGet(43)) - raft.server.log.use.memory = false (default)
2019-09-19 13:31:29,958 [pool-419-thread-1] INFO  server.RaftServerConfigKeys (ConfUtils.java:logGet(43)) - raft.server.log.purge.gap = 1000000 (custom)
2019-09-19 13:31:29,958 [pool-419-thread-1] INFO  server.RaftServerConfigKeys (ConfUtils.java:logGet(43)) - raft.server.log.appender.buffer.byte-limit = 33554432 (custom)
2019-09-19 13:31:29,958 [pool-419-thread-1] INFO  server.RaftServerConfigKeys (ConfUtils.java:logGet(43)) - raft.server.log.segment.size.max = 1048576 (custom)
2019-09-19 13:31:29,958 [pool-419-thread-1] INFO  server.RaftServerConfigKeys (ConfUtils.java:logGet(43)) - raft.server.log.segment.cache.num.max = 2 (custom)
2019-09-19 13:31:29,958 [pool-419-thread-1] INFO  segmented.SegmentedRaftLogWorker (SegmentedRaftLogWorker.java:<init>(172)) - new 5a2f126f-e78b-4b68-8184-641a1e5af4bb@group-4C2FD5DA9928-SegmentedRaftLogWorker for RaftStorage:Storage Directory /workdir/hadoop-ozone/integration-test/target/test-dir/MiniOzoneClusterImpl-4d5d2d7a-88bc-4d8f-bc17-99926ca9d3cb/datanode-1/data/ratis/829d5633-677e-4961-b1d8-4c2fd5da9928
2019-09-19 13:31:29,958 [pool-419-thread-1] INFO  server.RaftServerConfigKeys (ConfUtils.java:logGet(43)) - raft.server.log.queue.byte-limit = 2147483647 (custom)
2019-09-19 13:31:29,957 [pool-459-thread-1] INFO  storage.RaftStorage (RaftStorage.java:format(72)) - Storage directory /workdir/hadoop-ozone/integration-test/target/test-dir/MiniOzoneClusterImpl-4d5d2d7a-88bc-4d8f-bc17-99926ca9d3cb/datanode-5/data/ratis/829d5633-677e-4961-b1d8-4c2fd5da9928 has been successfully formatted.
2019-09-19 13:31:29,958 [pool-419-thread-1] INFO  server.RaftServerConfigKeys (ConfUtils.java:logGet(43)) - raft.server.log.queue.element-limit = 1024 (custom)
2019-09-19 13:31:29,957 [pool-429-thread-1] INFO  ratis.ContainerStateMachine (ContainerStateMachine.java:loadSnapshot(230)) - group-4C2FD5DA9928: The snapshot info is null. Setting the last applied indexto:(t:0, i:~)
2019-09-19 13:31:29,958 [pool-429-thread-1] INFO  server.RaftServerConfigKeys (ConfUtils.java:logGet(43)) - raft.server.notification.no-leader.timeout = 120s (custom)
2019-09-19 13:31:29,958 [pool-419-thread-1] INFO  server.RaftServerConfigKeys (ConfUtils.java:logGet(43)) - raft.server.log.segment.size.max = 1048576 (custom)
2019-09-19 13:31:29,958 [pool-459-thread-1] INFO  ratis.ContainerStateMachine (ContainerStateMachine.java:loadSnapshot(230)) - group-4C2FD5DA9928: The snapshot info is null. Setting the last applied indexto:(t:0, i:~)
2019-09-19 13:31:29,959 [pool-459-thread-1] INFO  server.RaftServerConfigKeys (ConfUtils.java:logGet(43)) - raft.server.notification.no-leader.timeout = 120s (custom)
2019-09-19 13:31:29,959 [pool-459-thread-1] INFO  server.RaftServerConfigKeys (ConfUtils.java:logGet(43)) - raft.server.log.use.memory = false (default)
2019-09-19 13:31:29,959 [pool-419-thread-1] INFO  server.RaftServerConfigKeys (ConfUtils.java:logGet(43)) - raft.server.log.preallocated.size = 16384 (custom)
2019-09-19 13:31:29,959 [pool-429-thread-1] INFO  server.RaftServerConfigKeys (ConfUtils.java:logGet(43)) - raft.server.log.use.memory = false (default)
2019-09-19 13:31:29,959 [pool-419-thread-1] INFO  server.RaftServerConfigKeys (ConfUtils.java:logGet(43)) - raft.server.log.write.buffer.size = 33554432 (custom)
2019-09-19 13:31:29,959 [pool-459-thread-1] INFO  server.RaftServerConfigKeys (ConfUtils.java:logGet(43)) - raft.server.log.purge.gap = 1000000 (custom)
2019-09-19 13:31:29,960 [pool-459-thread-1] INFO  server.RaftServerConfigKeys (ConfUtils.java:logGet(43)) - raft.server.log.appender.buffer.byte-limit = 33554432 (custom)
2019-09-19 13:31:29,959 [pool-419-thread-1] INFO  server.RaftServerConfigKeys (ConfUtils.java:logGet(43)) - raft.server.log.force.sync.num = 128 (default)
2019-09-19 13:31:29,959 [pool-429-thread-1] INFO  server.RaftServerConfigKeys (ConfUtils.java:logGet(43)) - raft.server.log.purge.gap = 1000000 (custom)
2019-09-19 13:31:29,960 [pool-429-thread-1] INFO  server.RaftServerConfigKeys (ConfUtils.java:logGet(43)) - raft.server.log.appender.buffer.byte-limit = 33554432 (custom)
2019-09-19 13:31:29,960 [pool-429-thread-1] INFO  server.RaftServerConfigKeys (ConfUtils.java:logGet(43)) - raft.server.log.segment.size.max = 1048576 (custom)
2019-09-19 13:31:29,960 [pool-429-thread-1] INFO  server.RaftServerConfigKeys (ConfUtils.java:logGet(43)) - raft.server.log.segment.cache.num.max = 2 (custom)
2019-09-19 13:31:29,960 [pool-429-thread-1] INFO  segmented.SegmentedRaftLogWorker (SegmentedRaftLogWorker.java:<init>(172)) - new cf9ed8b7-443d-44fc-a2c6-3bd48ab29d60@group-4C2FD5DA9928-SegmentedRaftLogWorker for RaftStorage:Storage Directory /workdir/hadoop-ozone/integration-test/target/test-dir/MiniOzoneClusterImpl-4d5d2d7a-88bc-4d8f-bc17-99926ca9d3cb/datanode-2/data/ratis/829d5633-677e-4961-b1d8-4c2fd5da9928
2019-09-19 13:31:29,960 [pool-429-thread-1] INFO  server.RaftServerConfigKeys (ConfUtils.java:logGet(43)) - raft.server.log.queue.byte-limit = 2147483647 (custom)
2019-09-19 13:31:29,960 [pool-429-thread-1] INFO  server.RaftServerConfigKeys (ConfUtils.java:logGet(43)) - raft.server.log.queue.element-limit = 1024 (custom)
2019-09-19 13:31:29,960 [pool-429-thread-1] INFO  server.RaftServerConfigKeys (ConfUtils.java:logGet(43)) - raft.server.log.segment.size.max = 1048576 (custom)
2019-09-19 13:31:29,960 [pool-429-thread-1] INFO  server.RaftServerConfigKeys (ConfUtils.java:logGet(43)) - raft.server.log.preallocated.size = 16384 (custom)
2019-09-19 13:31:29,961 [pool-429-thread-1] INFO  server.RaftServerConfigKeys (ConfUtils.java:logGet(43)) - raft.server.log.write.buffer.size = 33554432 (custom)
2019-09-19 13:31:29,961 [pool-429-thread-1] INFO  server.RaftServerConfigKeys (ConfUtils.java:logGet(43)) - raft.server.log.force.sync.num = 128 (default)
2019-09-19 13:31:29,961 [pool-429-thread-1] INFO  server.RaftServerConfigKeys (ConfUtils.java:logGet(43)) - raft.server.log.statemachine.data.sync = true (default)
2019-09-19 13:31:29,961 [pool-429-thread-1] INFO  server.RaftServerConfigKeys (ConfUtils.java:logGet(43)) - raft.server.log.statemachine.data.sync.timeout = 10s (default)
2019-09-19 13:31:29,961 [pool-429-thread-1] INFO  server.RaftServerConfigKeys (ConfUtils.java:logGet(43)) - raft.server.log.statemachine.data.sync.timeout.retry = -1 (default)
2019-09-19 13:31:29,961 [pool-429-thread-1] INFO  server.RaftServerConfigKeys (ConfUtils.java:logGet(43)) - raft.server.log.statemachine.data.caching.enabled = true (custom)
2019-09-19 13:31:29,961 [pool-429-thread-1] INFO  segmented.SegmentedRaftLogWorker (SegmentedRaftLogWorker.java:lambda$new$0(132)) - cf9ed8b7-443d-44fc-a2c6-3bd48ab29d60@group-4C2FD5DA9928-SegmentedRaftLogWorker: flushIndex: setUnconditionally 0 -> -1
2019-09-19 13:31:29,960 [pool-419-thread-1] INFO  server.RaftServerConfigKeys (ConfUtils.java:logGet(43)) - raft.server.log.statemachine.data.sync = true (default)
2019-09-19 13:31:29,962 [pool-419-thread-1] INFO  server.RaftServerConfigKeys (ConfUtils.java:logGet(43)) - raft.server.log.statemachine.data.sync.timeout = 10s (default)
2019-09-19 13:31:29,962 [pool-419-thread-1] INFO  server.RaftServerConfigKeys (ConfUtils.java:logGet(43)) - raft.server.log.statemachine.data.sync.timeout.retry = -1 (default)
2019-09-19 13:31:29,962 [pool-419-thread-1] INFO  server.RaftServerConfigKeys (ConfUtils.java:logGet(43)) - raft.server.log.statemachine.data.caching.enabled = true (custom)
2019-09-19 13:31:29,962 [pool-419-thread-1] INFO  segmented.SegmentedRaftLogWorker (SegmentedRaftLogWorker.java:lambda$new$0(132)) - 5a2f126f-e78b-4b68-8184-641a1e5af4bb@group-4C2FD5DA9928-SegmentedRaftLogWorker: flushIndex: setUnconditionally 0 -> -1
2019-09-19 13:31:29,960 [pool-459-thread-1] INFO  server.RaftServerConfigKeys (ConfUtils.java:logGet(43)) - raft.server.log.segment.size.max = 1048576 (custom)
2019-09-19 13:31:29,962 [pool-419-thread-1] INFO  server.RaftServerConfigKeys (ConfUtils.java:logGet(43)) - raft.server.snapshot.auto.trigger.enabled = true (custom)
2019-09-19 13:31:29,962 [pool-429-thread-1] INFO  server.RaftServerConfigKeys (ConfUtils.java:logGet(43)) - raft.server.snapshot.auto.trigger.enabled = true (custom)
2019-09-19 13:31:29,963 [pool-419-thread-1] INFO  server.RaftServerConfigKeys (ConfUtils.java:logGet(43)) - raft.server.snapshot.auto.trigger.threshold = 10000 (custom)
2019-09-19 13:31:29,962 [pool-459-thread-1] INFO  server.RaftServerConfigKeys (ConfUtils.java:logGet(43)) - raft.server.log.segment.cache.num.max = 2 (custom)
2019-09-19 13:31:29,963 [pool-419-thread-1] INFO  server.RaftServerConfigKeys (ConfUtils.java:logGet(43)) - raft.server.snapshot.retention.num.files = 5 (custom)
2019-09-19 13:31:29,963 [pool-429-thread-1] INFO  server.RaftServerConfigKeys (ConfUtils.java:logGet(43)) - raft.server.snapshot.auto.trigger.threshold = 10000 (custom)
2019-09-19 13:31:29,963 [pool-419-thread-1] INFO  server.RaftServerConfigKeys (ConfUtils.java:logGet(43)) - raft.server.retrycache.expirytime = 600000ms (custom)
2019-09-19 13:31:29,963 [pool-459-thread-1] INFO  segmented.SegmentedRaftLogWorker (SegmentedRaftLogWorker.java:<init>(172)) - new e9b4aebe-416b-4a6e-b639-511f332e30a8@group-4C2FD5DA9928-SegmentedRaftLogWorker for RaftStorage:Storage Directory /workdir/hadoop-ozone/integration-test/target/test-dir/MiniOzoneClusterImpl-4d5d2d7a-88bc-4d8f-bc17-99926ca9d3cb/datanode-5/data/ratis/829d5633-677e-4961-b1d8-4c2fd5da9928
2019-09-19 13:31:29,963 [pool-459-thread-1] INFO  server.RaftServerConfigKeys (ConfUtils.java:logGet(43)) - raft.server.log.queue.byte-limit = 2147483647 (custom)
2019-09-19 13:31:29,964 [pool-459-thread-1] INFO  server.RaftServerConfigKeys (ConfUtils.java:logGet(43)) - raft.server.log.queue.element-limit = 1024 (custom)
2019-09-19 13:31:29,963 [pool-429-thread-1] INFO  server.RaftServerConfigKeys (ConfUtils.java:logGet(43)) - raft.server.snapshot.retention.num.files = 5 (custom)
2019-09-19 13:31:29,964 [pool-459-thread-1] INFO  server.RaftServerConfigKeys (ConfUtils.java:logGet(43)) - raft.server.log.segment.size.max = 1048576 (custom)
2019-09-19 13:31:29,964 [pool-429-thread-1] INFO  server.RaftServerConfigKeys (ConfUtils.java:logGet(43)) - raft.server.retrycache.expirytime = 600000ms (custom)
2019-09-19 13:31:29,964 [pool-459-thread-1] INFO  server.RaftServerConfigKeys (ConfUtils.java:logGet(43)) - raft.server.log.preallocated.size = 16384 (custom)
2019-09-19 13:31:29,964 [pool-459-thread-1] INFO  server.RaftServerConfigKeys (ConfUtils.java:logGet(43)) - raft.server.log.write.buffer.size = 33554432 (custom)
2019-09-19 13:31:29,964 [pool-459-thread-1] INFO  server.RaftServerConfigKeys (ConfUtils.java:logGet(43)) - raft.server.log.force.sync.num = 128 (default)
2019-09-19 13:31:29,965 [pool-459-thread-1] INFO  server.RaftServerConfigKeys (ConfUtils.java:logGet(43)) - raft.server.log.statemachine.data.sync = true (default)
2019-09-19 13:31:29,965 [pool-459-thread-1] INFO  server.RaftServerConfigKeys (ConfUtils.java:logGet(43)) - raft.server.log.statemachine.data.sync.timeout = 10s (default)
2019-09-19 13:31:29,965 [pool-459-thread-1] INFO  server.RaftServerConfigKeys (ConfUtils.java:logGet(43)) - raft.server.log.statemachine.data.sync.timeout.retry = -1 (default)
2019-09-19 13:31:29,965 [pool-459-thread-1] INFO  server.RaftServerConfigKeys (ConfUtils.java:logGet(43)) - raft.server.log.statemachine.data.caching.enabled = true (custom)
2019-09-19 13:31:29,965 [pool-419-thread-1] INFO  impl.RaftServerImpl (RaftServerImpl.java:start(185)) - 5a2f126f-e78b-4b68-8184-641a1e5af4bb@group-4C2FD5DA9928: start as a follower, conf=-1: [5a2f126f-e78b-4b68-8184-641a1e5af4bb:192.168.34.51:33798, e9b4aebe-416b-4a6e-b639-511f332e30a8:192.168.34.51:45698, cf9ed8b7-443d-44fc-a2c6-3bd48ab29d60:192.168.34.51:39386], old=null
2019-09-19 13:31:29,965 [pool-419-thread-1] INFO  impl.RaftServerImpl (RaftServerImpl.java:setRole(174)) - 5a2f126f-e78b-4b68-8184-641a1e5af4bb@group-4C2FD5DA9928: changes role from      null to FOLLOWER at term 0 for startAsFollower
2019-09-19 13:31:29,965 [pool-459-thread-1] INFO  segmented.SegmentedRaftLogWorker (SegmentedRaftLogWorker.java:lambda$new$0(132)) - e9b4aebe-416b-4a6e-b639-511f332e30a8@group-4C2FD5DA9928-SegmentedRaftLogWorker: flushIndex: setUnconditionally 0 -> -1
2019-09-19 13:31:29,965 [pool-419-thread-1] INFO  impl.RoleInfo (RoleInfo.java:updateAndGet(143)) - 5a2f126f-e78b-4b68-8184-641a1e5af4bb: start FollowerState
2019-09-19 13:31:29,966 [pool-459-thread-1] INFO  server.RaftServerConfigKeys (ConfUtils.java:logGet(43)) - raft.server.snapshot.auto.trigger.enabled = true (custom)
2019-09-19 13:31:29,966 [pool-429-thread-1] INFO  impl.RaftServerImpl (RaftServerImpl.java:start(185)) - cf9ed8b7-443d-44fc-a2c6-3bd48ab29d60@group-4C2FD5DA9928: start as a follower, conf=-1: [5a2f126f-e78b-4b68-8184-641a1e5af4bb:192.168.34.51:33798, e9b4aebe-416b-4a6e-b639-511f332e30a8:192.168.34.51:45698, cf9ed8b7-443d-44fc-a2c6-3bd48ab29d60:192.168.34.51:39386], old=null
2019-09-19 13:31:29,966 [pool-459-thread-1] INFO  server.RaftServerConfigKeys (ConfUtils.java:logGet(43)) - raft.server.snapshot.auto.trigger.threshold = 10000 (custom)
2019-09-19 13:31:29,966 [pool-419-thread-1] INFO  util.JmxRegister (JmxRegister.java:tryRegister(44)) - Successfully registered JMX Bean with object name Ratis:service=RaftServer,group=group-4C2FD5DA9928,id=5a2f126f-e78b-4b68-8184-641a1e5af4bb
2019-09-19 13:31:29,966 [pool-429-thread-1] INFO  impl.RaftServerImpl (RaftServerImpl.java:setRole(174)) - cf9ed8b7-443d-44fc-a2c6-3bd48ab29d60@group-4C2FD5DA9928: changes role from      null to FOLLOWER at term 0 for startAsFollower
2019-09-19 13:31:29,966 [pool-459-thread-1] INFO  server.RaftServerConfigKeys (ConfUtils.java:logGet(43)) - raft.server.snapshot.retention.num.files = 5 (custom)
2019-09-19 13:31:29,966 [pool-429-thread-1] INFO  impl.RoleInfo (RoleInfo.java:updateAndGet(143)) - cf9ed8b7-443d-44fc-a2c6-3bd48ab29d60: start FollowerState
2019-09-19 13:31:29,966 [pool-459-thread-1] INFO  server.RaftServerConfigKeys (ConfUtils.java:logGet(43)) - raft.server.retrycache.expirytime = 600000ms (custom)
2019-09-19 13:31:29,967 [pool-429-thread-1] INFO  util.JmxRegister (JmxRegister.java:tryRegister(44)) - Successfully registered JMX Bean with object name Ratis:service=RaftServer,group=group-4C2FD5DA9928,id=cf9ed8b7-443d-44fc-a2c6-3bd48ab29d60
2019-09-19 13:31:29,968 [pool-459-thread-1] INFO  impl.RaftServerImpl (RaftServerImpl.java:start(185)) - e9b4aebe-416b-4a6e-b639-511f332e30a8@group-4C2FD5DA9928: start as a follower, conf=-1: [5a2f126f-e78b-4b68-8184-641a1e5af4bb:192.168.34.51:33798, e9b4aebe-416b-4a6e-b639-511f332e30a8:192.168.34.51:45698, cf9ed8b7-443d-44fc-a2c6-3bd48ab29d60:192.168.34.51:39386], old=null
2019-09-19 13:31:29,968 [pool-459-thread-1] INFO  impl.RaftServerImpl (RaftServerImpl.java:setRole(174)) - e9b4aebe-416b-4a6e-b639-511f332e30a8@group-4C2FD5DA9928: changes role from      null to FOLLOWER at term 0 for startAsFollower
2019-09-19 13:31:29,968 [pool-459-thread-1] INFO  impl.RoleInfo (RoleInfo.java:updateAndGet(143)) - e9b4aebe-416b-4a6e-b639-511f332e30a8: start FollowerState
2019-09-19 13:31:29,968 [pool-459-thread-1] INFO  util.JmxRegister (JmxRegister.java:tryRegister(44)) - Successfully registered JMX Bean with object name Ratis:service=RaftServer,group=group-4C2FD5DA9928,id=e9b4aebe-416b-4a6e-b639-511f332e30a8
2019-09-19 13:31:29,969 [IPC Server handler 3 on 38358] INFO  pipeline.PipelineStateManager (PipelineStateManager.java:addPipeline(56)) - Created pipeline Pipeline[ Id: 829d5633-677e-4961-b1d8-4c2fd5da9928, Nodes: cf9ed8b7-443d-44fc-a2c6-3bd48ab29d60{ip: 192.168.34.51, host: pr-hdds-1982-decom-states-fm625-96302961, networkLocation: /default-rack, certSerialId: null}5a2f126f-e78b-4b68-8184-641a1e5af4bb{ip: 192.168.34.51, host: pr-hdds-1982-decom-states-fm625-96302961, networkLocation: /default-rack, certSerialId: null}e9b4aebe-416b-4a6e-b639-511f332e30a8{ip: 192.168.34.51, host: pr-hdds-1982-decom-states-fm625-96302961, networkLocation: /default-rack, certSerialId: null}, Type:RATIS, Factor:THREE, State:OPEN]
2019-09-19 13:31:29,984 [grpc-default-executor-1] INFO  client.GrpcClientProtocolClient (GrpcClientProtocolClient.java:onNext(264)) - client-C29511FDE29E->cf9ed8b7-443d-44fc-a2c6-3bd48ab29d60: receive RaftClientReply:client-C29511FDE29E->cf9ed8b7-443d-44fc-a2c6-3bd48ab29d60@group-4C2FD5DA9928, cid=204, FAILED org.apache.ratis.protocol.NotLeaderException: Server cf9ed8b7-443d-44fc-a2c6-3bd48ab29d60@group-4C2FD5DA9928 is not the leader, logIndex=0, commits[cf9ed8b7-443d-44fc-a2c6-3bd48ab29d60:c-1]
2019-09-19 13:31:30,389 [grpc-default-executor-1] INFO  client.GrpcClientProtocolClient (GrpcClientProtocolClient.java:onNext(264)) - client-EDFB642E98D4->ba204b2d-37a0-404f-91dd-7a92ee0c53b2: receive RaftClientReply:client-EDFB642E98D4->ba204b2d-37a0-404f-91dd-7a92ee0c53b2@group-AC46B0BD9F6E, cid=200, SUCCESS, logIndex=0, commits[ba204b2d-37a0-404f-91dd-7a92ee0c53b2:c16, d0f0864f-f10e-402b-b950-9345ab4d2f6b:c13, 0a0d37aa-ff90-4935-8d48-c839ac7b3aa9:c16]
2019-09-19 13:31:30,391 [grpc-default-executor-4] INFO  client.GrpcClientProtocolClient (GrpcClientProtocolClient.java:onNext(264)) - client-EDFB642E98D4->ba204b2d-37a0-404f-91dd-7a92ee0c53b2: receive RaftClientReply:client-EDFB642E98D4->ba204b2d-37a0-404f-91dd-7a92ee0c53b2@group-AC46B0BD9F6E, cid=199, SUCCESS, logIndex=0, commits[ba204b2d-37a0-404f-91dd-7a92ee0c53b2:c16, d0f0864f-f10e-402b-b950-9345ab4d2f6b:c16, 0a0d37aa-ff90-4935-8d48-c839ac7b3aa9:c16]
2019-09-19 13:31:31,000 [grpc-default-executor-4] INFO  client.GrpcClientProtocolClient (GrpcClientProtocolClient.java:onNext(264)) - client-C29511FDE29E->5a2f126f-e78b-4b68-8184-641a1e5af4bb: receive RaftClientReply:client-C29511FDE29E->5a2f126f-e78b-4b68-8184-641a1e5af4bb@group-4C2FD5DA9928, cid=204, FAILED org.apache.ratis.protocol.NotLeaderException: Server 5a2f126f-e78b-4b68-8184-641a1e5af4bb@group-4C2FD5DA9928 is not the leader, logIndex=0, commits[5a2f126f-e78b-4b68-8184-641a1e5af4bb:c-1]
2019-09-19 13:31:31,990 [grpc-default-executor-4] WARN  server.GrpcLogAppender (LogUtils.java:warn(134)) - cf9ed8b7-443d-44fc-a2c6-3bd48ab29d60@group-C2834C3F6D12->02509bdf-4203-447b-86d4-697b6dde9c11-AppendLogResponseHandler: Failed appendEntries: org.apache.ratis.thirdparty.io.grpc.StatusRuntimeException: UNAVAILABLE: io exception
2019-09-19 13:31:31,991 [grpc-default-executor-4] INFO  impl.FollowerInfo (FollowerInfo.java:lambda$new$0(51)) - cf9ed8b7-443d-44fc-a2c6-3bd48ab29d60@group-C2834C3F6D12->02509bdf-4203-447b-86d4-697b6dde9c11: nextIndex: updateUnconditionally 0 -> 0
2019-09-19 13:31:32,008 [grpc-default-executor-4] INFO  client.GrpcClientProtocolClient (GrpcClientProtocolClient.java:onNext(264)) - client-C29511FDE29E->cf9ed8b7-443d-44fc-a2c6-3bd48ab29d60: receive RaftClientReply:client-C29511FDE29E->cf9ed8b7-443d-44fc-a2c6-3bd48ab29d60@group-4C2FD5DA9928, cid=204, FAILED org.apache.ratis.protocol.NotLeaderException: Server cf9ed8b7-443d-44fc-a2c6-3bd48ab29d60@group-4C2FD5DA9928 is not the leader, logIndex=0, commits[cf9ed8b7-443d-44fc-a2c6-3bd48ab29d60:c-1]
2019-09-19 13:31:33,019 [grpc-default-executor-4] INFO  client.GrpcClientProtocolClient (GrpcClientProtocolClient.java:onNext(264)) - client-C29511FDE29E->5a2f126f-e78b-4b68-8184-641a1e5af4bb: receive RaftClientReply:client-C29511FDE29E->5a2f126f-e78b-4b68-8184-641a1e5af4bb@group-4C2FD5DA9928, cid=204, FAILED org.apache.ratis.protocol.NotLeaderException: Server 5a2f126f-e78b-4b68-8184-641a1e5af4bb@group-4C2FD5DA9928 is not the leader, logIndex=0, commits[5a2f126f-e78b-4b68-8184-641a1e5af4bb:c-1]
2019-09-19 13:31:34,027 [grpc-default-executor-4] INFO  client.GrpcClientProtocolClient (GrpcClientProtocolClient.java:onNext(264)) - client-C29511FDE29E->cf9ed8b7-443d-44fc-a2c6-3bd48ab29d60: receive RaftClientReply:client-C29511FDE29E->cf9ed8b7-443d-44fc-a2c6-3bd48ab29d60@group-4C2FD5DA9928, cid=204, FAILED org.apache.ratis.protocol.NotLeaderException: Server cf9ed8b7-443d-44fc-a2c6-3bd48ab29d60@group-4C2FD5DA9928 is not the leader, logIndex=0, commits[cf9ed8b7-443d-44fc-a2c6-3bd48ab29d60:c-1]
2019-09-19 13:31:34,490 [grpc-default-executor-6] WARN  server.GrpcLogAppender (LogUtils.java:warn(134)) - cf9ed8b7-443d-44fc-a2c6-3bd48ab29d60@group-C2834C3F6D12->02509bdf-4203-447b-86d4-697b6dde9c11-AppendLogResponseHandler: Failed appendEntries: org.apache.ratis.thirdparty.io.grpc.StatusRuntimeException: UNAVAILABLE: io exception
2019-09-19 13:31:34,490 [grpc-default-executor-6] INFO  impl.FollowerInfo (FollowerInfo.java:lambda$new$0(51)) - cf9ed8b7-443d-44fc-a2c6-3bd48ab29d60@group-C2834C3F6D12->02509bdf-4203-447b-86d4-697b6dde9c11: nextIndex: updateUnconditionally 0 -> 0
2019-09-19 13:31:35,014 [Thread-3277] INFO  impl.FollowerState (FollowerState.java:run(106)) - 5a2f126f-e78b-4b68-8184-641a1e5af4bb:group-4C2FD5DA9928 changes to CANDIDATE, lastRpcTime:5048, electionTimeout:5048ms
2019-09-19 13:31:35,015 [Thread-3277] INFO  impl.RoleInfo (RoleInfo.java:shutdownFollowerState(121)) - 5a2f126f-e78b-4b68-8184-641a1e5af4bb: shutdown FollowerState
2019-09-19 13:31:35,015 [Thread-3277] INFO  impl.RaftServerImpl (RaftServerImpl.java:setRole(174)) - 5a2f126f-e78b-4b68-8184-641a1e5af4bb@group-4C2FD5DA9928: changes role from  FOLLOWER to CANDIDATE at term 0 for changeToCandidate
2019-09-19 13:31:35,015 [Thread-3277] INFO  impl.RoleInfo (RoleInfo.java:updateAndGet(143)) - 5a2f126f-e78b-4b68-8184-641a1e5af4bb: start LeaderElection
2019-09-19 13:31:35,033 [5a2f126f-e78b-4b68-8184-641a1e5af4bb@group-4C2FD5DA9928:LeaderElection65] INFO  impl.LeaderElection (LeaderElection.java:askForVotes(182)) - 5a2f126f-e78b-4b68-8184-641a1e5af4bb@group-4C2FD5DA9928:LeaderElection65: begin an election at term 1 for -1: [5a2f126f-e78b-4b68-8184-641a1e5af4bb:192.168.34.51:33798, e9b4aebe-416b-4a6e-b639-511f332e30a8:192.168.34.51:45698, cf9ed8b7-443d-44fc-a2c6-3bd48ab29d60:192.168.34.51:39386], old=null
2019-09-19 13:31:35,041 [grpc-default-executor-4] INFO  client.GrpcClientProtocolClient (GrpcClientProtocolClient.java:onNext(264)) - client-C29511FDE29E->5a2f126f-e78b-4b68-8184-641a1e5af4bb: receive RaftClientReply:client-C29511FDE29E->5a2f126f-e78b-4b68-8184-641a1e5af4bb@group-4C2FD5DA9928, cid=204, FAILED org.apache.ratis.protocol.NotLeaderException: Server 5a2f126f-e78b-4b68-8184-641a1e5af4bb@group-4C2FD5DA9928 is not the leader, logIndex=0, commits[5a2f126f-e78b-4b68-8184-641a1e5af4bb:c-1]
2019-09-19 13:31:35,048 [grpc-default-executor-1] INFO  impl.RaftServerImpl (RaftServerImpl.java:setRole(174)) - cf9ed8b7-443d-44fc-a2c6-3bd48ab29d60@group-4C2FD5DA9928: changes role from  FOLLOWER to FOLLOWER at term 1 for recognizeCandidate:5a2f126f-e78b-4b68-8184-641a1e5af4bb
2019-09-19 13:31:35,048 [grpc-default-executor-1] INFO  impl.RoleInfo (RoleInfo.java:shutdownFollowerState(121)) - cf9ed8b7-443d-44fc-a2c6-3bd48ab29d60: shutdown FollowerState
2019-09-19 13:31:35,048 [grpc-default-executor-1] INFO  impl.RoleInfo (RoleInfo.java:updateAndGet(143)) - cf9ed8b7-443d-44fc-a2c6-3bd48ab29d60: start FollowerState
2019-09-19 13:31:35,048 [Thread-3278] INFO  impl.FollowerState (FollowerState.java:run(115)) - cf9ed8b7-443d-44fc-a2c6-3bd48ab29d60: FollowerState was interrupted: java.lang.InterruptedException: sleep interrupted
2019-09-19 13:31:35,052 [grpc-default-executor-6] INFO  impl.RaftServerImpl (RaftServerImpl.java:setRole(174)) - e9b4aebe-416b-4a6e-b639-511f332e30a8@group-4C2FD5DA9928: changes role from  FOLLOWER to FOLLOWER at term 1 for recognizeCandidate:5a2f126f-e78b-4b68-8184-641a1e5af4bb
2019-09-19 13:31:35,053 [grpc-default-executor-6] INFO  impl.RoleInfo (RoleInfo.java:shutdownFollowerState(121)) - e9b4aebe-416b-4a6e-b639-511f332e30a8: shutdown FollowerState
2019-09-19 13:31:35,053 [grpc-default-executor-6] INFO  impl.RoleInfo (RoleInfo.java:updateAndGet(143)) - e9b4aebe-416b-4a6e-b639-511f332e30a8: start FollowerState
2019-09-19 13:31:35,053 [Thread-3282] INFO  impl.FollowerState (FollowerState.java:run(115)) - e9b4aebe-416b-4a6e-b639-511f332e30a8: FollowerState was interrupted: java.lang.InterruptedException: sleep interrupted
2019-09-19 13:31:35,064 [5a2f126f-e78b-4b68-8184-641a1e5af4bb@group-4C2FD5DA9928:LeaderElection65] INFO  impl.LeaderElection (LeaderElection.java:logAndReturn(56)) - 5a2f126f-e78b-4b68-8184-641a1e5af4bb@group-4C2FD5DA9928:LeaderElection65: Election PASSED; received 1 response(s) [5a2f126f-e78b-4b68-8184-641a1e5af4bb<-e9b4aebe-416b-4a6e-b639-511f332e30a8#0:OK-t1] and 0 exception(s); 5a2f126f-e78b-4b68-8184-641a1e5af4bb@group-4C2FD5DA9928:t1, leader=null, voted=5a2f126f-e78b-4b68-8184-641a1e5af4bb, raftlog=5a2f126f-e78b-4b68-8184-641a1e5af4bb@group-4C2FD5DA9928-SegmentedRaftLog:OPENED:c-1,f-1,i0, conf=-1: [5a2f126f-e78b-4b68-8184-641a1e5af4bb:192.168.34.51:33798, e9b4aebe-416b-4a6e-b639-511f332e30a8:192.168.34.51:45698, cf9ed8b7-443d-44fc-a2c6-3bd48ab29d60:192.168.34.51:39386], old=null
2019-09-19 13:31:35,064 [5a2f126f-e78b-4b68-8184-641a1e5af4bb@group-4C2FD5DA9928:LeaderElection65] INFO  impl.RoleInfo (RoleInfo.java:shutdownLeaderElection(134)) - 5a2f126f-e78b-4b68-8184-641a1e5af4bb: shutdown LeaderElection
2019-09-19 13:31:35,064 [5a2f126f-e78b-4b68-8184-641a1e5af4bb@group-4C2FD5DA9928:LeaderElection65] INFO  impl.RaftServerImpl (RaftServerImpl.java:setRole(174)) - 5a2f126f-e78b-4b68-8184-641a1e5af4bb@group-4C2FD5DA9928: changes role from CANDIDATE to LEADER at term 1 for changeToLeader
2019-09-19 13:31:35,064 [5a2f126f-e78b-4b68-8184-641a1e5af4bb@group-4C2FD5DA9928:LeaderElection65] INFO  impl.RaftServerImpl (ServerState.java:setLeader(253)) - 5a2f126f-e78b-4b68-8184-641a1e5af4bb@group-4C2FD5DA9928: change Leader from null to 5a2f126f-e78b-4b68-8184-641a1e5af4bb at term 1 for becomeLeader, leader elected after 5106ms
2019-09-19 13:31:35,064 [5a2f126f-e78b-4b68-8184-641a1e5af4bb@group-4C2FD5DA9928:LeaderElection65] INFO  server.RaftServerConfigKeys (ConfUtils.java:logGet(43)) - raft.server.staging.catchup.gap = 1000 (default)
2019-09-19 13:31:35,064 [5a2f126f-e78b-4b68-8184-641a1e5af4bb@group-4C2FD5DA9928:LeaderElection65] INFO  server.RaftServerConfigKeys (ConfUtils.java:logGet(43)) - raft.server.rpc.sleep.time = 25ms (default)
2019-09-19 13:31:35,065 [5a2f126f-e78b-4b68-8184-641a1e5af4bb@group-4C2FD5DA9928:LeaderElection65] INFO  server.RaftServerConfigKeys (ConfUtils.java:logGet(43)) - raft.server.write.element-limit = 4096 (default)
2019-09-19 13:31:35,065 [5a2f126f-e78b-4b68-8184-641a1e5af4bb@group-4C2FD5DA9928:LeaderElection65] INFO  server.RaftServerConfigKeys (ConfUtils.java:logGet(43)) - raft.server.watch.timeout = 10s (default)
2019-09-19 13:31:35,065 [5a2f126f-e78b-4b68-8184-641a1e5af4bb@group-4C2FD5DA9928:LeaderElection65] INFO  server.RaftServerConfigKeys (ConfUtils.java:logGet(43)) - raft.server.watch.timeout.denomination = 1s (default)
2019-09-19 13:31:35,065 [5a2f126f-e78b-4b68-8184-641a1e5af4bb@group-4C2FD5DA9928:LeaderElection65] INFO  server.RaftServerConfigKeys (ConfUtils.java:logGet(43)) - raft.server.watch.element-limit = 65536 (default)
2019-09-19 13:31:35,067 [5a2f126f-e78b-4b68-8184-641a1e5af4bb@group-4C2FD5DA9928:LeaderElection65] INFO  server.RaftServerConfigKeys (ConfUtils.java:logGet(43)) - raft.server.log.appender.snapshot.chunk.size.max = 16MB (=16777216) (default)
2019-09-19 13:31:35,067 [5a2f126f-e78b-4b68-8184-641a1e5af4bb@group-4C2FD5DA9928:LeaderElection65] INFO  server.RaftServerConfigKeys (ConfUtils.java:logGet(43)) - raft.server.log.appender.buffer.byte-limit = 33554432 (custom)
2019-09-19 13:31:35,067 [5a2f126f-e78b-4b68-8184-641a1e5af4bb@group-4C2FD5DA9928:LeaderElection65] INFO  server.RaftServerConfigKeys (ConfUtils.java:logGet(43)) - raft.server.log.appender.buffer.element-limit = 1 (custom)
2019-09-19 13:31:35,067 [5a2f126f-e78b-4b68-8184-641a1e5af4bb@group-4C2FD5DA9928:LeaderElection65] INFO  grpc.GrpcConfigKeys$Server (ConfUtils.java:logGet(43)) - raft.grpc.server.leader.outstanding.appends.max = 128 (default)
2019-09-19 13:31:35,068 [5a2f126f-e78b-4b68-8184-641a1e5af4bb@group-4C2FD5DA9928:LeaderElection65] INFO  server.RaftServerConfigKeys (ConfUtils.java:logGet(43)) - raft.server.rpc.request.timeout = 3000ms (default)
2019-09-19 13:31:35,068 [5a2f126f-e78b-4b68-8184-641a1e5af4bb@group-4C2FD5DA9928:LeaderElection65] INFO  server.RaftServerConfigKeys (ConfUtils.java:logGet(43)) - raft.server.log.appender.install.snapshot.enabled = false (custom)
2019-09-19 13:31:35,068 [5a2f126f-e78b-4b68-8184-641a1e5af4bb@group-4C2FD5DA9928:LeaderElection65] INFO  server.RaftServerConfigKeys (ConfUtils.java:logGet(43)) - raft.server.log.appender.snapshot.chunk.size.max = 16MB (=16777216) (default)
2019-09-19 13:31:35,068 [5a2f126f-e78b-4b68-8184-641a1e5af4bb@group-4C2FD5DA9928:LeaderElection65] INFO  server.RaftServerConfigKeys (ConfUtils.java:logGet(43)) - raft.server.log.appender.buffer.byte-limit = 33554432 (custom)
2019-09-19 13:31:35,068 [5a2f126f-e78b-4b68-8184-641a1e5af4bb@group-4C2FD5DA9928:LeaderElection65] INFO  server.RaftServerConfigKeys (ConfUtils.java:logGet(43)) - raft.server.log.appender.buffer.element-limit = 1 (custom)
2019-09-19 13:31:35,068 [5a2f126f-e78b-4b68-8184-641a1e5af4bb@group-4C2FD5DA9928:LeaderElection65] INFO  grpc.GrpcConfigKeys$Server (ConfUtils.java:logGet(43)) - raft.grpc.server.leader.outstanding.appends.max = 128 (default)
2019-09-19 13:31:35,068 [5a2f126f-e78b-4b68-8184-641a1e5af4bb@group-4C2FD5DA9928:LeaderElection65] INFO  server.RaftServerConfigKeys (ConfUtils.java:logGet(43)) - raft.server.rpc.request.timeout = 3000ms (default)
2019-09-19 13:31:35,068 [5a2f126f-e78b-4b68-8184-641a1e5af4bb@group-4C2FD5DA9928:LeaderElection65] INFO  server.RaftServerConfigKeys (ConfUtils.java:logGet(43)) - raft.server.log.appender.install.snapshot.enabled = false (custom)
2019-09-19 13:31:35,069 [5a2f126f-e78b-4b68-8184-641a1e5af4bb@group-4C2FD5DA9928:LeaderElection65] INFO  impl.RoleInfo (RoleInfo.java:updateAndGet(143)) - 5a2f126f-e78b-4b68-8184-641a1e5af4bb: start LeaderState
2019-09-19 13:31:35,069 [5a2f126f-e78b-4b68-8184-641a1e5af4bb@group-4C2FD5DA9928:LeaderElection65] INFO  segmented.SegmentedRaftLogWorker (SegmentedRaftLogWorker.java:startLogSegment(380)) - 5a2f126f-e78b-4b68-8184-641a1e5af4bb@group-4C2FD5DA9928-SegmentedRaftLogWorker: Starting segment from index:0
2019-09-19 13:31:35,070 [5a2f126f-e78b-4b68-8184-641a1e5af4bb@group-4C2FD5DA9928:LeaderElection65] INFO  impl.RaftServerImpl (ServerState.java:setRaftConf(354)) - 5a2f126f-e78b-4b68-8184-641a1e5af4bb@group-4C2FD5DA9928: set configuration 0: [5a2f126f-e78b-4b68-8184-641a1e5af4bb:192.168.34.51:33798, e9b4aebe-416b-4a6e-b639-511f332e30a8:192.168.34.51:45698, cf9ed8b7-443d-44fc-a2c6-3bd48ab29d60:192.168.34.51:39386], old=null at 0
2019-09-19 13:31:35,071 [grpc-default-executor-1] INFO  impl.RaftServerImpl (ServerState.java:setLeader(253)) - cf9ed8b7-443d-44fc-a2c6-3bd48ab29d60@group-4C2FD5DA9928: change Leader from null to 5a2f126f-e78b-4b68-8184-641a1e5af4bb at term 1 for appendEntries, leader elected after 5112ms
2019-09-19 13:31:35,071 [grpc-default-executor-6] INFO  impl.RaftServerImpl (ServerState.java:setLeader(253)) - e9b4aebe-416b-4a6e-b639-511f332e30a8@group-4C2FD5DA9928: change Leader from null to 5a2f126f-e78b-4b68-8184-641a1e5af4bb at term 1 for appendEntries, leader elected after 5111ms
2019-09-19 13:31:35,102 [grpc-default-executor-6] INFO  impl.RaftServerImpl (ServerState.java:setRaftConf(354)) - e9b4aebe-416b-4a6e-b639-511f332e30a8@group-4C2FD5DA9928: set configuration 0: [5a2f126f-e78b-4b68-8184-641a1e5af4bb:192.168.34.51:33798, e9b4aebe-416b-4a6e-b639-511f332e30a8:192.168.34.51:45698, cf9ed8b7-443d-44fc-a2c6-3bd48ab29d60:192.168.34.51:39386], old=null at 0
2019-09-19 13:31:35,103 [grpc-default-executor-6] INFO  segmented.SegmentedRaftLogWorker (SegmentedRaftLogWorker.java:startLogSegment(380)) - e9b4aebe-416b-4a6e-b639-511f332e30a8@group-4C2FD5DA9928-SegmentedRaftLogWorker: Starting segment from index:0
2019-09-19 13:31:35,106 [grpc-default-executor-6] INFO  impl.RaftServerImpl (ServerState.java:setRaftConf(354)) - cf9ed8b7-443d-44fc-a2c6-3bd48ab29d60@group-4C2FD5DA9928: set configuration 0: [5a2f126f-e78b-4b68-8184-641a1e5af4bb:192.168.34.51:33798, e9b4aebe-416b-4a6e-b639-511f332e30a8:192.168.34.51:45698, cf9ed8b7-443d-44fc-a2c6-3bd48ab29d60:192.168.34.51:39386], old=null at 0
2019-09-19 13:31:35,106 [grpc-default-executor-6] INFO  segmented.SegmentedRaftLogWorker (SegmentedRaftLogWorker.java:startLogSegment(380)) - cf9ed8b7-443d-44fc-a2c6-3bd48ab29d60@group-4C2FD5DA9928-SegmentedRaftLogWorker: Starting segment from index:0
2019-09-19 13:31:35,107 [5a2f126f-e78b-4b68-8184-641a1e5af4bb@group-4C2FD5DA9928-SegmentedRaftLogWorker] INFO  segmented.SegmentedRaftLogWorker (SegmentedRaftLogWorker.java:execute(569)) - 5a2f126f-e78b-4b68-8184-641a1e5af4bb@group-4C2FD5DA9928-SegmentedRaftLogWorker: created new log segment /workdir/hadoop-ozone/integration-test/target/test-dir/MiniOzoneClusterImpl-4d5d2d7a-88bc-4d8f-bc17-99926ca9d3cb/datanode-1/data/ratis/829d5633-677e-4961-b1d8-4c2fd5da9928/current/log_inprogress_0
2019-09-19 13:31:35,143 [cf9ed8b7-443d-44fc-a2c6-3bd48ab29d60@group-4C2FD5DA9928-SegmentedRaftLogWorker] INFO  segmented.SegmentedRaftLogWorker (SegmentedRaftLogWorker.java:execute(569)) - cf9ed8b7-443d-44fc-a2c6-3bd48ab29d60@group-4C2FD5DA9928-SegmentedRaftLogWorker: created new log segment /workdir/hadoop-ozone/integration-test/target/test-dir/MiniOzoneClusterImpl-4d5d2d7a-88bc-4d8f-bc17-99926ca9d3cb/datanode-2/data/ratis/829d5633-677e-4961-b1d8-4c2fd5da9928/current/log_inprogress_0
2019-09-19 13:31:35,143 [e9b4aebe-416b-4a6e-b639-511f332e30a8@group-4C2FD5DA9928-SegmentedRaftLogWorker] INFO  segmented.SegmentedRaftLogWorker (SegmentedRaftLogWorker.java:execute(569)) - e9b4aebe-416b-4a6e-b639-511f332e30a8@group-4C2FD5DA9928-SegmentedRaftLogWorker: created new log segment /workdir/hadoop-ozone/integration-test/target/test-dir/MiniOzoneClusterImpl-4d5d2d7a-88bc-4d8f-bc17-99926ca9d3cb/datanode-5/data/ratis/829d5633-677e-4961-b1d8-4c2fd5da9928/current/log_inprogress_0
2019-09-19 13:31:36,050 [grpc-default-executor-6] INFO  client.GrpcClientProtocolClient (GrpcClientProtocolClient.java:onNext(264)) - client-C29511FDE29E->e9b4aebe-416b-4a6e-b639-511f332e30a8: receive RaftClientReply:client-C29511FDE29E->e9b4aebe-416b-4a6e-b639-511f332e30a8@group-4C2FD5DA9928, cid=204, FAILED org.apache.ratis.protocol.NotLeaderException: Server e9b4aebe-416b-4a6e-b639-511f332e30a8@group-4C2FD5DA9928 is not the leader 5a2f126f-e78b-4b68-8184-641a1e5af4bb:192.168.34.51:33798, logIndex=0, commits[e9b4aebe-416b-4a6e-b639-511f332e30a8:c-1, 5a2f126f-e78b-4b68-8184-641a1e5af4bb:c-1, cf9ed8b7-443d-44fc-a2c6-3bd48ab29d60:c-1]
2019-09-19 13:31:36,257 [grpc-default-executor-6] INFO  client.GrpcClientProtocolClient (GrpcClientProtocolClient.java:onNext(264)) - client-C29511FDE29E->5a2f126f-e78b-4b68-8184-641a1e5af4bb: receive RaftClientReply:client-C29511FDE29E->5a2f126f-e78b-4b68-8184-641a1e5af4bb@group-4C2FD5DA9928, cid=204, SUCCESS, logIndex=1, commits[5a2f126f-e78b-4b68-8184-641a1e5af4bb:c1, e9b4aebe-416b-4a6e-b639-511f332e30a8:c0, cf9ed8b7-443d-44fc-a2c6-3bd48ab29d60:c0]
2019-09-19 13:31:36,309 [grpc-default-executor-1] INFO  client.GrpcClientProtocolClient (GrpcClientProtocolClient.java:onNext(264)) - client-C29511FDE29E->5a2f126f-e78b-4b68-8184-641a1e5af4bb: receive RaftClientReply:client-C29511FDE29E->5a2f126f-e78b-4b68-8184-641a1e5af4bb@group-4C2FD5DA9928, cid=205, SUCCESS, logIndex=3, commits[5a2f126f-e78b-4b68-8184-641a1e5af4bb:c4, e9b4aebe-416b-4a6e-b639-511f332e30a8:c3, cf9ed8b7-443d-44fc-a2c6-3bd48ab29d60:c3]
2019-09-19 13:31:36,313 [main] INFO  ozone.MiniOzoneClusterImpl (MiniOzoneClusterImpl.java:shutdown(312)) - Shutting down the Mini Ozone Cluster
2019-09-19 13:31:36,314 [main] INFO  ozone.MiniOzoneClusterImpl (MiniOzoneClusterImpl.java:stop(327)) - Stopping the Mini Ozone Cluster
2019-09-19 13:31:36,314 [main] INFO  ozone.MiniOzoneClusterImpl (MiniOzoneClusterImpl.java:stop(329)) - Stopping the OzoneManager
2019-09-19 13:31:36,314 [main] INFO  ipc.Server (Server.java:stop(3082)) - Stopping server on 34916
2019-09-19 13:31:36,329 [IPC Server listener on 34916] INFO  ipc.Server (Server.java:run(1185)) - Stopping IPC Server listener on 34916
2019-09-19 13:31:36,342 [IPC Server Responder] INFO  ipc.Server (Server.java:run(1319)) - Stopping IPC Server Responder
2019-09-19 13:31:36,342 [main] INFO  ratis.OzoneManagerDoubleBuffer (OzoneManagerDoubleBuffer.java:stop(248)) - Stopping OMDoubleBuffer flush thread
2019-09-19 13:31:36,343 [OMDoubleBufferFlushThread] INFO  ratis.OzoneManagerDoubleBuffer (OzoneManagerDoubleBuffer.java:flushTransactions(191)) - OMDoubleBuffer flush thread OMDoubleBufferFlushThread is interrupted and will exit. OMDoubleBufferFlushThread
2019-09-19 13:31:36,348 [main] INFO  utils.BackgroundService (BackgroundService.java:shutdown(148)) - Shutting down service KeyDeletingService
2019-09-19 13:31:36,350 [main] INFO  handler.ContextHandler (ContextHandler.java:doStop(910)) - Stopped o.e.j.w.WebAppContext@27ec8754{/,null,UNAVAILABLE}{/ozoneManager}
2019-09-19 13:31:36,351 [main] INFO  server.AbstractConnector (AbstractConnector.java:doStop(318)) - Stopped ServerConnector@3bbf1c0d{HTTP/1.1,[http/1.1]}{0.0.0.0:0}
2019-09-19 13:31:36,352 [main] INFO  handler.ContextHandler (ContextHandler.java:doStop(910)) - Stopped o.e.j.s.ServletContextHandler@67f946c3{/static,file:///workdir/hadoop-ozone/integration-test/target/test-classes/webapps/static,UNAVAILABLE}
2019-09-19 13:31:36,352 [main] INFO  handler.ContextHandler (ContextHandler.java:doStop(910)) - Stopped o.e.j.s.ServletContextHandler@4def7d36{/logs,file:///workdir/hadoop-ozone/integration-test/target/log,UNAVAILABLE}
2019-09-19 13:31:36,355 [main] INFO  ozone.MiniOzoneClusterImpl (MiniOzoneClusterImpl.java:stop(335)) - Shutting the HddsDatanodes
2019-09-19 13:31:36,700 [Datanode State Machine Thread - 0] INFO  statemachine.DatanodeStateMachine (DatanodeStateMachine.java:lambda$startDaemon$0(350)) - Ozone container server started.
2019-09-19 13:31:36,990 [grpc-default-executor-6] WARN  server.GrpcLogAppender (LogUtils.java:warn(134)) - cf9ed8b7-443d-44fc-a2c6-3bd48ab29d60@group-C2834C3F6D12->02509bdf-4203-447b-86d4-697b6dde9c11-AppendLogResponseHandler: Failed appendEntries: org.apache.ratis.thirdparty.io.grpc.StatusRuntimeException: UNAVAILABLE: io exception
2019-09-19 13:31:36,991 [grpc-default-executor-6] INFO  impl.FollowerInfo (FollowerInfo.java:lambda$new$0(51)) - cf9ed8b7-443d-44fc-a2c6-3bd48ab29d60@group-C2834C3F6D12->02509bdf-4203-447b-86d4-697b6dde9c11: nextIndex: updateUnconditionally 0 -> 0
2019-09-19 13:31:37,231 [Datanode State Machine Thread - 0] INFO  statemachine.DatanodeStateMachine (DatanodeStateMachine.java:lambda$startDaemon$0(350)) - Ozone container server started.
2019-09-19 13:31:39,494 [grpc-default-executor-1] WARN  server.GrpcLogAppender (LogUtils.java:warn(134)) - cf9ed8b7-443d-44fc-a2c6-3bd48ab29d60@group-C2834C3F6D12->02509bdf-4203-447b-86d4-697b6dde9c11-AppendLogResponseHandler: Failed appendEntries: org.apache.ratis.thirdparty.io.grpc.StatusRuntimeException: UNAVAILABLE: io exception
2019-09-19 13:31:39,494 [grpc-default-executor-1] INFO  impl.FollowerInfo (FollowerInfo.java:lambda$new$0(51)) - cf9ed8b7-443d-44fc-a2c6-3bd48ab29d60@group-C2834C3F6D12->02509bdf-4203-447b-86d4-697b6dde9c11: nextIndex: updateUnconditionally 0 -> 0
2019-09-19 13:31:40,751 [EventQueue-StaleNodeForStaleNodeHandler] INFO  node.StaleNodeHandler (StaleNodeHandler.java:onMessage(58)) - Datanode ba204b2d-37a0-404f-91dd-7a92ee0c53b2{ip: 192.168.34.51, host: pr-hdds-1982-decom-states-fm625-96302961, networkLocation: /default-rack, certSerialId: null} moved to stale state. Finalizing its pipelines [PipelineID=e6449fa7-efc3-4211-a6ed-d8ee915428c4, PipelineID=61905a30-3d6c-4a96-af7b-ac46b0bd9f6e]
2019-09-19 13:31:40,751 [EventQueue-StaleNodeForStaleNodeHandler] INFO  pipeline.SCMPipelineManager (SCMPipelineManager.java:finalizeAndDestroyPipeline(311)) - destroying pipeline:Pipeline[ Id: e6449fa7-efc3-4211-a6ed-d8ee915428c4, Nodes: ba204b2d-37a0-404f-91dd-7a92ee0c53b2{ip: 192.168.34.51, host: pr-hdds-1982-decom-states-fm625-96302961, networkLocation: /default-rack, certSerialId: null}, Type:RATIS, Factor:ONE, State:OPEN]
2019-09-19 13:31:40,751 [EventQueue-StaleNodeForStaleNodeHandler] INFO  pipeline.PipelineStateManager (PipelineStateManager.java:finalizePipeline(123)) - Pipeline Pipeline[ Id: e6449fa7-efc3-4211-a6ed-d8ee915428c4, Nodes: ba204b2d-37a0-404f-91dd-7a92ee0c53b2{ip: 192.168.34.51, host: pr-hdds-1982-decom-states-fm625-96302961, networkLocation: /default-rack, certSerialId: null}, Type:RATIS, Factor:ONE, State:CLOSED] moved to CLOSED state
2019-09-19 13:31:40,752 [EventQueue-StaleNodeForStaleNodeHandler] INFO  pipeline.SCMPipelineManager (SCMPipelineManager.java:finalizeAndDestroyPipeline(311)) - destroying pipeline:Pipeline[ Id: 61905a30-3d6c-4a96-af7b-ac46b0bd9f6e, Nodes: 0a0d37aa-ff90-4935-8d48-c839ac7b3aa9{ip: 192.168.34.51, host: pr-hdds-1982-decom-states-fm625-96302961, networkLocation: /default-rack, certSerialId: null}ba204b2d-37a0-404f-91dd-7a92ee0c53b2{ip: 192.168.34.51, host: pr-hdds-1982-decom-states-fm625-96302961, networkLocation: /default-rack, certSerialId: null}d0f0864f-f10e-402b-b950-9345ab4d2f6b{ip: 192.168.34.51, host: pr-hdds-1982-decom-states-fm625-96302961, networkLocation: /default-rack, certSerialId: null}, Type:RATIS, Factor:THREE, State:OPEN]
2019-09-19 13:31:40,752 [EventQueue-StaleNodeForStaleNodeHandler] INFO  pipeline.PipelineStateManager (PipelineStateManager.java:finalizePipeline(123)) - Pipeline Pipeline[ Id: 61905a30-3d6c-4a96-af7b-ac46b0bd9f6e, Nodes: 0a0d37aa-ff90-4935-8d48-c839ac7b3aa9{ip: 192.168.34.51, host: pr-hdds-1982-decom-states-fm625-96302961, networkLocation: /default-rack, certSerialId: null}ba204b2d-37a0-404f-91dd-7a92ee0c53b2{ip: 192.168.34.51, host: pr-hdds-1982-decom-states-fm625-96302961, networkLocation: /default-rack, certSerialId: null}d0f0864f-f10e-402b-b950-9345ab4d2f6b{ip: 192.168.34.51, host: pr-hdds-1982-decom-states-fm625-96302961, networkLocation: /default-rack, certSerialId: null}, Type:RATIS, Factor:THREE, State:CLOSED] moved to CLOSED state
2019-09-19 13:31:40,752 [EventQueue-CloseContainerForCloseContainerEventHandler] INFO  container.CloseContainerEventHandler (CloseContainerEventHandler.java:onMessage(61)) - Close container Event triggered for container : #2
2019-09-19 13:31:41,251 [EventQueue-StaleNodeForStaleNodeHandler] INFO  node.StaleNodeHandler (StaleNodeHandler.java:onMessage(58)) - Datanode 5a2f126f-e78b-4b68-8184-641a1e5af4bb{ip: 192.168.34.51, host: pr-hdds-1982-decom-states-fm625-96302961, networkLocation: /default-rack, certSerialId: null} moved to stale state. Finalizing its pipelines [PipelineID=829d5633-677e-4961-b1d8-4c2fd5da9928, PipelineID=d33dd535-1d59-4d7d-bfd8-c2834c3f6d12, PipelineID=fbeaa8f7-64b0-472d-91b0-3cffb85635a4]
2019-09-19 13:31:41,254 [EventQueue-StaleNodeForStaleNodeHandler] INFO  pipeline.SCMPipelineManager (SCMPipelineManager.java:finalizeAndDestroyPipeline(311)) - destroying pipeline:Pipeline[ Id: 829d5633-677e-4961-b1d8-4c2fd5da9928, Nodes: cf9ed8b7-443d-44fc-a2c6-3bd48ab29d60{ip: 192.168.34.51, host: pr-hdds-1982-decom-states-fm625-96302961, networkLocation: /default-rack, certSerialId: null}5a2f126f-e78b-4b68-8184-641a1e5af4bb{ip: 192.168.34.51, host: pr-hdds-1982-decom-states-fm625-96302961, networkLocation: /default-rack, certSerialId: null}e9b4aebe-416b-4a6e-b639-511f332e30a8{ip: 192.168.34.51, host: pr-hdds-1982-decom-states-fm625-96302961, networkLocation: /default-rack, certSerialId: null}, Type:RATIS, Factor:THREE, State:OPEN]
2019-09-19 13:31:41,254 [EventQueue-StaleNodeForStaleNodeHandler] INFO  pipeline.PipelineStateManager (PipelineStateManager.java:finalizePipeline(123)) - Pipeline Pipeline[ Id: 829d5633-677e-4961-b1d8-4c2fd5da9928, Nodes: cf9ed8b7-443d-44fc-a2c6-3bd48ab29d60{ip: 192.168.34.51, host: pr-hdds-1982-decom-states-fm625-96302961, networkLocation: /default-rack, certSerialId: null}5a2f126f-e78b-4b68-8184-641a1e5af4bb{ip: 192.168.34.51, host: pr-hdds-1982-decom-states-fm625-96302961, networkLocation: /default-rack, certSerialId: null}e9b4aebe-416b-4a6e-b639-511f332e30a8{ip: 192.168.34.51, host: pr-hdds-1982-decom-states-fm625-96302961, networkLocation: /default-rack, certSerialId: null}, Type:RATIS, Factor:THREE, State:CLOSED] moved to CLOSED state
2019-09-19 13:31:41,254 [EventQueue-CloseContainerForCloseContainerEventHandler] INFO  container.CloseContainerEventHandler (CloseContainerEventHandler.java:onMessage(61)) - Close container Event triggered for container : #3
2019-09-19 13:31:41,257 [EventQueue-StaleNodeForStaleNodeHandler] INFO  pipeline.SCMPipelineManager (SCMPipelineManager.java:finalizeAndDestroyPipeline(311)) - destroying pipeline:Pipeline[ Id: d33dd535-1d59-4d7d-bfd8-c2834c3f6d12, Nodes: 02509bdf-4203-447b-86d4-697b6dde9c11{ip: 192.168.34.51, host: pr-hdds-1982-decom-states-fm625-96302961, networkLocation: /default-rack, certSerialId: null}cf9ed8b7-443d-44fc-a2c6-3bd48ab29d60{ip: 192.168.34.51, host: pr-hdds-1982-decom-states-fm625-96302961, networkLocation: /default-rack, certSerialId: null}5a2f126f-e78b-4b68-8184-641a1e5af4bb{ip: 192.168.34.51, host: pr-hdds-1982-decom-states-fm625-96302961, networkLocation: /default-rack, certSerialId: null}, Type:RATIS, Factor:THREE, State:CLOSED]
2019-09-19 13:31:41,259 [EventQueue-StaleNodeForStaleNodeHandler] INFO  pipeline.SCMPipelineManager (SCMPipelineManager.java:finalizeAndDestroyPipeline(311)) - destroying pipeline:Pipeline[ Id: fbeaa8f7-64b0-472d-91b0-3cffb85635a4, Nodes: 5a2f126f-e78b-4b68-8184-641a1e5af4bb{ip: 192.168.34.51, host: pr-hdds-1982-decom-states-fm625-96302961, networkLocation: /default-rack, certSerialId: null}, Type:RATIS, Factor:ONE, State:OPEN]
2019-09-19 13:31:41,259 [EventQueue-StaleNodeForStaleNodeHandler] INFO  pipeline.PipelineStateManager (PipelineStateManager.java:finalizePipeline(123)) - Pipeline Pipeline[ Id: fbeaa8f7-64b0-472d-91b0-3cffb85635a4, Nodes: 5a2f126f-e78b-4b68-8184-641a1e5af4bb{ip: 192.168.34.51, host: pr-hdds-1982-decom-states-fm625-96302961, networkLocation: /default-rack, certSerialId: null}, Type:RATIS, Factor:ONE, State:CLOSED] moved to CLOSED state
2019-09-19 13:31:41,356 [ForkJoinPool.commonPool-worker-1] INFO  ozoneimpl.OzoneContainer (OzoneContainer.java:stop(231)) - Attempting to stop container services.
2019-09-19 13:31:41,356 [main] INFO  ozoneimpl.OzoneContainer (OzoneContainer.java:stop(231)) - Attempting to stop container services.
2019-09-19 13:31:41,359 [ForkJoinPool.commonPool-worker-1] INFO  impl.RaftServerProxy (RaftServerProxy.java:lambda$close$4(314)) - 5a2f126f-e78b-4b68-8184-641a1e5af4bb: close
2019-09-19 13:31:41,359 [main] INFO  impl.RaftServerProxy (RaftServerProxy.java:lambda$close$4(314)) - ba204b2d-37a0-404f-91dd-7a92ee0c53b2: close
2019-09-19 13:31:41,359 [ForkJoinPool.commonPool-worker-1] INFO  impl.RaftServerImpl (RaftServerImpl.java:lambda$shutdown$3(251)) - 5a2f126f-e78b-4b68-8184-641a1e5af4bb@group-4C2FD5DA9928: shutdown
2019-09-19 13:31:41,360 [main] INFO  impl.RaftServerImpl (RaftServerImpl.java:lambda$shutdown$3(251)) - ba204b2d-37a0-404f-91dd-7a92ee0c53b2@group-D8EE915428C4: shutdown
2019-09-19 13:31:41,360 [ForkJoinPool.commonPool-worker-1] INFO  util.JmxRegister (JmxRegister.java:unregister(73)) - Successfully un-registered JMX Bean with object name Ratis:service=RaftServer,group=group-4C2FD5DA9928,id=5a2f126f-e78b-4b68-8184-641a1e5af4bb
2019-09-19 13:31:41,360 [main] INFO  util.JmxRegister (JmxRegister.java:unregister(73)) - Successfully un-registered JMX Bean with object name Ratis:service=RaftServer,group=group-D8EE915428C4,id=ba204b2d-37a0-404f-91dd-7a92ee0c53b2
2019-09-19 13:31:41,360 [ForkJoinPool.commonPool-worker-1] INFO  impl.RoleInfo (RoleInfo.java:shutdownLeaderState(104)) - 5a2f126f-e78b-4b68-8184-641a1e5af4bb: shutdown LeaderState
2019-09-19 13:31:41,360 [main] INFO  impl.RoleInfo (RoleInfo.java:shutdownLeaderState(104)) - ba204b2d-37a0-404f-91dd-7a92ee0c53b2: shutdown LeaderState
2019-09-19 13:31:41,363 [ForkJoinPool.commonPool-worker-1] INFO  impl.PendingRequests (PendingRequests.java:sendNotLeaderResponses(202)) - 5a2f126f-e78b-4b68-8184-641a1e5af4bb-PendingRequests: sendNotLeaderResponses
2019-09-19 13:31:41,363 [org.apache.ratis.server.impl.LogAppender$AppenderDaemon$$Lambda$489/1096161666@698f66f9] WARN  server.GrpcLogAppender (GrpcLogAppender.java:mayWait(143)) - 5a2f126f-e78b-4b68-8184-641a1e5af4bb@group-4C2FD5DA9928->cf9ed8b7-443d-44fc-a2c6-3bd48ab29d60-GrpcLogAppender: Wait interrupted by java.lang.InterruptedException
2019-09-19 13:31:41,363 [org.apache.ratis.server.impl.LogAppender$AppenderDaemon$$Lambda$489/1096161666@739e3e37] WARN  server.GrpcLogAppender (GrpcLogAppender.java:mayWait(143)) - 5a2f126f-e78b-4b68-8184-641a1e5af4bb@group-4C2FD5DA9928->e9b4aebe-416b-4a6e-b639-511f332e30a8-GrpcLogAppender: Wait interrupted by java.lang.InterruptedException
2019-09-19 13:31:41,363 [main] INFO  impl.PendingRequests (PendingRequests.java:sendNotLeaderResponses(202)) - ba204b2d-37a0-404f-91dd-7a92ee0c53b2-PendingRequests: sendNotLeaderResponses
2019-09-19 13:31:41,367 [ForkJoinPool.commonPool-worker-1] INFO  impl.StateMachineUpdater (StateMachineUpdater.java:stopAndJoin(125)) - 5a2f126f-e78b-4b68-8184-641a1e5af4bb@group-4C2FD5DA9928-StateMachineUpdater: set stopIndex = 4
2019-09-19 13:31:41,367 [grpc-default-executor-1] INFO  server.GrpcServerProtocolService (GrpcServerProtocolService.java:onCompleted(113)) - cf9ed8b7-443d-44fc-a2c6-3bd48ab29d60: Completed APPEND_ENTRIES, lastRequest: 5a2f126f-e78b-4b68-8184-641a1e5af4bb->cf9ed8b7-443d-44fc-a2c6-3bd48ab29d60#7-t1, previous=(t:1, i:4), leaderCommit=4, initializing? false, entries: <empty>
2019-09-19 13:31:41,367 [5a2f126f-e78b-4b68-8184-641a1e5af4bb@group-4C2FD5DA9928-StateMachineUpdater] INFO  ratis.ContainerStateMachine (ContainerStateMachine.java:takeSnapshot(289)) - group-4C2FD5DA9928: Taking a snapshot at:(t:1, i:4) file /workdir/hadoop-ozone/integration-test/target/test-dir/MiniOzoneClusterImpl-4d5d2d7a-88bc-4d8f-bc17-99926ca9d3cb/datanode-1/data/ratis/829d5633-677e-4961-b1d8-4c2fd5da9928/sm/snapshot.1_4
2019-09-19 13:31:41,367 [main] INFO  impl.StateMachineUpdater (StateMachineUpdater.java:stopAndJoin(125)) - ba204b2d-37a0-404f-91dd-7a92ee0c53b2@group-D8EE915428C4-StateMachineUpdater: set stopIndex = 0
2019-09-19 13:31:41,369 [grpc-default-executor-4] INFO  server.GrpcServerProtocolService (GrpcServerProtocolService.java:onCompleted(113)) - e9b4aebe-416b-4a6e-b639-511f332e30a8: Completed APPEND_ENTRIES, lastRequest: 5a2f126f-e78b-4b68-8184-641a1e5af4bb->e9b4aebe-416b-4a6e-b639-511f332e30a8#7-t1, previous=(t:1, i:4), leaderCommit=4, initializing? false, entries: <empty>
2019-09-19 13:31:41,369 [grpc-default-executor-6] INFO  server.GrpcLogAppender (GrpcLogAppender.java:onCompleted(293)) - 5a2f126f-e78b-4b68-8184-641a1e5af4bb@group-4C2FD5DA9928->cf9ed8b7-443d-44fc-a2c6-3bd48ab29d60-AppendLogResponseHandler: follower responses appendEntries COMPLETED
2019-09-19 13:31:41,369 [main] INFO  impl.RaftServerImpl (ServerState.java:close(385)) - ba204b2d-37a0-404f-91dd-7a92ee0c53b2@group-D8EE915428C4: closes. applyIndex: 0
2019-09-19 13:31:41,371 [grpc-default-executor-6] INFO  impl.FollowerInfo (FollowerInfo.java:lambda$new$0(51)) - 5a2f126f-e78b-4b68-8184-641a1e5af4bb@group-4C2FD5DA9928->cf9ed8b7-443d-44fc-a2c6-3bd48ab29d60: nextIndex: updateUnconditionally 5 -> 4
2019-09-19 13:31:41,370 [grpc-default-executor-1] INFO  server.GrpcLogAppender (GrpcLogAppender.java:onCompleted(293)) - 5a2f126f-e78b-4b68-8184-641a1e5af4bb@group-4C2FD5DA9928->e9b4aebe-416b-4a6e-b639-511f332e30a8-AppendLogResponseHandler: follower responses appendEntries COMPLETED
2019-09-19 13:31:41,372 [ba204b2d-37a0-404f-91dd-7a92ee0c53b2@group-D8EE915428C4-SegmentedRaftLogWorker] INFO  segmented.SegmentedRaftLogWorker (SegmentedRaftLogWorker.java:run(313)) - ba204b2d-37a0-404f-91dd-7a92ee0c53b2@group-D8EE915428C4-SegmentedRaftLogWorker was interrupted, exiting. There are 0 tasks remaining in the queue.
2019-09-19 13:31:41,372 [grpc-default-executor-1] INFO  impl.FollowerInfo (FollowerInfo.java:lambda$new$0(51)) - 5a2f126f-e78b-4b68-8184-641a1e5af4bb@group-4C2FD5DA9928->e9b4aebe-416b-4a6e-b639-511f332e30a8: nextIndex: updateUnconditionally 5 -> 4
2019-09-19 13:31:41,373 [main] INFO  segmented.SegmentedRaftLogWorker (SegmentedRaftLogWorker.java:close(228)) - ba204b2d-37a0-404f-91dd-7a92ee0c53b2@group-D8EE915428C4-SegmentedRaftLogWorker close()
2019-09-19 13:31:41,376 [main] INFO  impl.RaftServerImpl (RaftServerImpl.java:lambda$shutdown$3(251)) - ba204b2d-37a0-404f-91dd-7a92ee0c53b2@group-AC46B0BD9F6E: shutdown
2019-09-19 13:31:41,377 [main] INFO  util.JmxRegister (JmxRegister.java:unregister(73)) - Successfully un-registered JMX Bean with object name Ratis:service=RaftServer,group=group-AC46B0BD9F6E,id=ba204b2d-37a0-404f-91dd-7a92ee0c53b2
2019-09-19 13:31:41,377 [main] INFO  impl.RoleInfo (RoleInfo.java:shutdownLeaderState(104)) - ba204b2d-37a0-404f-91dd-7a92ee0c53b2: shutdown LeaderState
2019-09-19 13:31:41,380 [main] INFO  impl.PendingRequests (PendingRequests.java:sendNotLeaderResponses(202)) - ba204b2d-37a0-404f-91dd-7a92ee0c53b2-PendingRequests: sendNotLeaderResponses
2019-09-19 13:31:41,381 [org.apache.ratis.server.impl.LogAppender$AppenderDaemon$$Lambda$489/1096161666@19d3f7e6] WARN  server.GrpcLogAppender (GrpcLogAppender.java:mayWait(143)) - ba204b2d-37a0-404f-91dd-7a92ee0c53b2@group-AC46B0BD9F6E->d0f0864f-f10e-402b-b950-9345ab4d2f6b-GrpcLogAppender: Wait interrupted by java.lang.InterruptedException
2019-09-19 13:31:41,380 [org.apache.ratis.server.impl.LogAppender$AppenderDaemon$$Lambda$489/1096161666@7af4fed] WARN  server.GrpcLogAppender (GrpcLogAppender.java:mayWait(143)) - ba204b2d-37a0-404f-91dd-7a92ee0c53b2@group-AC46B0BD9F6E->0a0d37aa-ff90-4935-8d48-c839ac7b3aa9-GrpcLogAppender: Wait interrupted by java.lang.InterruptedException
2019-09-19 13:31:41,383 [main] INFO  impl.StateMachineUpdater (StateMachineUpdater.java:stopAndJoin(125)) - ba204b2d-37a0-404f-91dd-7a92ee0c53b2@group-AC46B0BD9F6E-StateMachineUpdater: set stopIndex = 16
2019-09-19 13:31:41,383 [5a2f126f-e78b-4b68-8184-641a1e5af4bb@group-4C2FD5DA9928-StateMachineUpdater] INFO  ratis.ContainerStateMachine (ContainerStateMachine.java:takeSnapshot(300)) - group-4C2FD5DA9928: Finished taking a snapshot at:(t:1, i:4) file:/workdir/hadoop-ozone/integration-test/target/test-dir/MiniOzoneClusterImpl-4d5d2d7a-88bc-4d8f-bc17-99926ca9d3cb/datanode-1/data/ratis/829d5633-677e-4961-b1d8-4c2fd5da9928/sm/snapshot.1_4 time:17
2019-09-19 13:31:41,385 [ba204b2d-37a0-404f-91dd-7a92ee0c53b2@group-AC46B0BD9F6E-StateMachineUpdater] INFO  ratis.ContainerStateMachine (ContainerStateMachine.java:takeSnapshot(289)) - group-AC46B0BD9F6E: Taking a snapshot at:(t:1, i:14) file /workdir/hadoop-ozone/integration-test/target/test-dir/MiniOzoneClusterImpl-4d5d2d7a-88bc-4d8f-bc17-99926ca9d3cb/datanode-4/data/ratis/61905a30-3d6c-4a96-af7b-ac46b0bd9f6e/sm/snapshot.1_14
2019-09-19 13:31:41,385 [grpc-default-executor-1] INFO  server.GrpcServerProtocolService (GrpcServerProtocolService.java:onCompleted(113)) - d0f0864f-f10e-402b-b950-9345ab4d2f6b: Completed APPEND_ENTRIES, lastRequest: ba204b2d-37a0-404f-91dd-7a92ee0c53b2->d0f0864f-f10e-402b-b950-9345ab4d2f6b#28-t1, previous=(t:1, i:16), leaderCommit=16, initializing? false, entries: <empty>
2019-09-19 13:31:41,386 [5a2f126f-e78b-4b68-8184-641a1e5af4bb@group-4C2FD5DA9928-StateMachineUpdater] INFO  impl.StateMachineUpdater (StateMachineUpdater.java:takeSnapshot(258)) - 5a2f126f-e78b-4b68-8184-641a1e5af4bb@group-4C2FD5DA9928-StateMachineUpdater: Took a snapshot at index 4
2019-09-19 13:31:41,386 [5a2f126f-e78b-4b68-8184-641a1e5af4bb@group-4C2FD5DA9928-StateMachineUpdater] INFO  impl.StateMachineUpdater (StateMachineUpdater.java:lambda$new$0(83)) - 5a2f126f-e78b-4b68-8184-641a1e5af4bb@group-4C2FD5DA9928-StateMachineUpdater: snapshotIndex: updateIncreasingly -1 -> 4
2019-09-19 13:31:41,386 [grpc-default-executor-6] INFO  server.GrpcServerProtocolService (GrpcServerProtocolService.java:onCompleted(113)) - 0a0d37aa-ff90-4935-8d48-c839ac7b3aa9: Completed APPEND_ENTRIES, lastRequest: ba204b2d-37a0-404f-91dd-7a92ee0c53b2->0a0d37aa-ff90-4935-8d48-c839ac7b3aa9#28-t1, previous=(t:1, i:16), leaderCommit=16, initializing? false, entries: <empty>
2019-09-19 13:31:41,388 [grpc-default-executor-4] INFO  server.GrpcLogAppender (GrpcLogAppender.java:onCompleted(293)) - ba204b2d-37a0-404f-91dd-7a92ee0c53b2@group-AC46B0BD9F6E->d0f0864f-f10e-402b-b950-9345ab4d2f6b-AppendLogResponseHandler: follower responses appendEntries COMPLETED
2019-09-19 13:31:41,388 [ForkJoinPool.commonPool-worker-1] INFO  impl.RaftServerImpl (ServerState.java:close(385)) - 5a2f126f-e78b-4b68-8184-641a1e5af4bb@group-4C2FD5DA9928: closes. applyIndex: 4
2019-09-19 13:31:41,389 [grpc-default-executor-4] INFO  impl.FollowerInfo (FollowerInfo.java:lambda$new$0(51)) - ba204b2d-37a0-404f-91dd-7a92ee0c53b2@group-AC46B0BD9F6E->d0f0864f-f10e-402b-b950-9345ab4d2f6b: nextIndex: updateUnconditionally 17 -> 16
2019-09-19 13:31:41,389 [grpc-default-executor-1] INFO  server.GrpcLogAppender (GrpcLogAppender.java:onCompleted(293)) - ba204b2d-37a0-404f-91dd-7a92ee0c53b2@group-AC46B0BD9F6E->0a0d37aa-ff90-4935-8d48-c839ac7b3aa9-AppendLogResponseHandler: follower responses appendEntries COMPLETED
2019-09-19 13:31:41,390 [5a2f126f-e78b-4b68-8184-641a1e5af4bb@group-4C2FD5DA9928-SegmentedRaftLogWorker] INFO  segmented.SegmentedRaftLogWorker (SegmentedRaftLogWorker.java:run(313)) - 5a2f126f-e78b-4b68-8184-641a1e5af4bb@group-4C2FD5DA9928-SegmentedRaftLogWorker was interrupted, exiting. There are 0 tasks remaining in the queue.
2019-09-19 13:31:41,390 [grpc-default-executor-1] INFO  impl.FollowerInfo (FollowerInfo.java:lambda$new$0(51)) - ba204b2d-37a0-404f-91dd-7a92ee0c53b2@group-AC46B0BD9F6E->0a0d37aa-ff90-4935-8d48-c839ac7b3aa9: nextIndex: updateUnconditionally 17 -> 16
2019-09-19 13:31:41,391 [ForkJoinPool.commonPool-worker-1] INFO  segmented.SegmentedRaftLogWorker (SegmentedRaftLogWorker.java:close(228)) - 5a2f126f-e78b-4b68-8184-641a1e5af4bb@group-4C2FD5DA9928-SegmentedRaftLogWorker close()
2019-09-19 13:31:41,394 [ForkJoinPool.commonPool-worker-1] INFO  impl.RaftServerImpl (RaftServerImpl.java:lambda$shutdown$3(251)) - 5a2f126f-e78b-4b68-8184-641a1e5af4bb@group-C2834C3F6D12: shutdown
2019-09-19 13:31:41,394 [ForkJoinPool.commonPool-worker-1] INFO  util.JmxRegister (JmxRegister.java:unregister(73)) - Successfully un-registered JMX Bean with object name Ratis:service=RaftServer,group=group-C2834C3F6D12,id=5a2f126f-e78b-4b68-8184-641a1e5af4bb
2019-09-19 13:31:41,395 [ForkJoinPool.commonPool-worker-1] INFO  impl.RoleInfo (RoleInfo.java:shutdownFollowerState(121)) - 5a2f126f-e78b-4b68-8184-641a1e5af4bb: shutdown FollowerState
2019-09-19 13:31:41,395 [ForkJoinPool.commonPool-worker-1] INFO  impl.StateMachineUpdater (StateMachineUpdater.java:stopAndJoin(125)) - 5a2f126f-e78b-4b68-8184-641a1e5af4bb@group-C2834C3F6D12-StateMachineUpdater: set stopIndex = 17
2019-09-19 13:31:41,395 [Thread-3207] INFO  impl.FollowerState (FollowerState.java:run(115)) - 5a2f126f-e78b-4b68-8184-641a1e5af4bb: FollowerState was interrupted: java.lang.InterruptedException: sleep interrupted
2019-09-19 13:31:41,395 [5a2f126f-e78b-4b68-8184-641a1e5af4bb@group-C2834C3F6D12-StateMachineUpdater] INFO  ratis.ContainerStateMachine (ContainerStateMachine.java:takeSnapshot(289)) - group-C2834C3F6D12: Taking a snapshot at:(t:1, i:13) file /workdir/hadoop-ozone/integration-test/target/test-dir/MiniOzoneClusterImpl-4d5d2d7a-88bc-4d8f-bc17-99926ca9d3cb/datanode-1/data/ratis/d33dd535-1d59-4d7d-bfd8-c2834c3f6d12/sm/snapshot.1_13
2019-09-19 13:31:41,400 [5a2f126f-e78b-4b68-8184-641a1e5af4bb@group-C2834C3F6D12-StateMachineUpdater] INFO  ratis.ContainerStateMachine (ContainerStateMachine.java:takeSnapshot(300)) - group-C2834C3F6D12: Finished taking a snapshot at:(t:1, i:13) file:/workdir/hadoop-ozone/integration-test/target/test-dir/MiniOzoneClusterImpl-4d5d2d7a-88bc-4d8f-bc17-99926ca9d3cb/datanode-1/data/ratis/d33dd535-1d59-4d7d-bfd8-c2834c3f6d12/sm/snapshot.1_13 time:6
2019-09-19 13:31:41,400 [ba204b2d-37a0-404f-91dd-7a92ee0c53b2@group-AC46B0BD9F6E-StateMachineUpdater] INFO  ratis.ContainerStateMachine (ContainerStateMachine.java:takeSnapshot(300)) - group-AC46B0BD9F6E: Finished taking a snapshot at:(t:1, i:14) file:/workdir/hadoop-ozone/integration-test/target/test-dir/MiniOzoneClusterImpl-4d5d2d7a-88bc-4d8f-bc17-99926ca9d3cb/datanode-4/data/ratis/61905a30-3d6c-4a96-af7b-ac46b0bd9f6e/sm/snapshot.1_14 time:15
2019-09-19 13:31:41,401 [5a2f126f-e78b-4b68-8184-641a1e5af4bb@group-C2834C3F6D12-StateMachineUpdater] INFO  impl.StateMachineUpdater (StateMachineUpdater.java:takeSnapshot(258)) - 5a2f126f-e78b-4b68-8184-641a1e5af4bb@group-C2834C3F6D12-StateMachineUpdater: Took a snapshot at index 13
2019-09-19 13:31:41,401 [5a2f126f-e78b-4b68-8184-641a1e5af4bb@group-C2834C3F6D12-StateMachineUpdater] INFO  impl.StateMachineUpdater (StateMachineUpdater.java:lambda$new$0(83)) - 5a2f126f-e78b-4b68-8184-641a1e5af4bb@group-C2834C3F6D12-StateMachineUpdater: snapshotIndex: updateIncreasingly -1 -> 13
2019-09-19 13:31:41,401 [ba204b2d-37a0-404f-91dd-7a92ee0c53b2@group-AC46B0BD9F6E-StateMachineUpdater] INFO  impl.StateMachineUpdater (StateMachineUpdater.java:takeSnapshot(258)) - ba204b2d-37a0-404f-91dd-7a92ee0c53b2@group-AC46B0BD9F6E-StateMachineUpdater: Took a snapshot at index 14
2019-09-19 13:31:41,401 [5a2f126f-e78b-4b68-8184-641a1e5af4bb@group-C2834C3F6D12-StateMachineUpdater] INFO  ratis.ContainerStateMachine (ContainerStateMachine.java:takeSnapshot(289)) - group-C2834C3F6D12: Taking a snapshot at:(t:1, i:13) file /workdir/hadoop-ozone/integration-test/target/test-dir/MiniOzoneClusterImpl-4d5d2d7a-88bc-4d8f-bc17-99926ca9d3cb/datanode-1/data/ratis/d33dd535-1d59-4d7d-bfd8-c2834c3f6d12/sm/snapshot.1_13
2019-09-19 13:31:41,401 [ba204b2d-37a0-404f-91dd-7a92ee0c53b2@group-AC46B0BD9F6E-StateMachineUpdater] INFO  impl.StateMachineUpdater (StateMachineUpdater.java:lambda$new$0(83)) - ba204b2d-37a0-404f-91dd-7a92ee0c53b2@group-AC46B0BD9F6E-StateMachineUpdater: snapshotIndex: updateIncreasingly -1 -> 14
2019-09-19 13:31:41,401 [ba204b2d-37a0-404f-91dd-7a92ee0c53b2@group-AC46B0BD9F6E-StateMachineUpdater] INFO  ratis.ContainerStateMachine (ContainerStateMachine.java:takeSnapshot(289)) - group-AC46B0BD9F6E: Taking a snapshot at:(t:1, i:14) file /workdir/hadoop-ozone/integration-test/target/test-dir/MiniOzoneClusterImpl-4d5d2d7a-88bc-4d8f-bc17-99926ca9d3cb/datanode-4/data/ratis/61905a30-3d6c-4a96-af7b-ac46b0bd9f6e/sm/snapshot.1_14
2019-09-19 13:31:41,414 [5a2f126f-e78b-4b68-8184-641a1e5af4bb@group-C2834C3F6D12-StateMachineUpdater] INFO  ratis.ContainerStateMachine (ContainerStateMachine.java:takeSnapshot(300)) - group-C2834C3F6D12: Finished taking a snapshot at:(t:1, i:13) file:/workdir/hadoop-ozone/integration-test/target/test-dir/MiniOzoneClusterImpl-4d5d2d7a-88bc-4d8f-bc17-99926ca9d3cb/datanode-1/data/ratis/d33dd535-1d59-4d7d-bfd8-c2834c3f6d12/sm/snapshot.1_13 time:13
2019-09-19 13:31:41,414 [ba204b2d-37a0-404f-91dd-7a92ee0c53b2@group-AC46B0BD9F6E-StateMachineUpdater] INFO  ratis.ContainerStateMachine (ContainerStateMachine.java:takeSnapshot(300)) - group-AC46B0BD9F6E: Finished taking a snapshot at:(t:1, i:14) file:/workdir/hadoop-ozone/integration-test/target/test-dir/MiniOzoneClusterImpl-4d5d2d7a-88bc-4d8f-bc17-99926ca9d3cb/datanode-4/data/ratis/61905a30-3d6c-4a96-af7b-ac46b0bd9f6e/sm/snapshot.1_14 time:13
2019-09-19 13:31:41,414 [5a2f126f-e78b-4b68-8184-641a1e5af4bb@group-C2834C3F6D12-StateMachineUpdater] INFO  impl.StateMachineUpdater (StateMachineUpdater.java:takeSnapshot(258)) - 5a2f126f-e78b-4b68-8184-641a1e5af4bb@group-C2834C3F6D12-StateMachineUpdater: Took a snapshot at index 13
2019-09-19 13:31:41,414 [5a2f126f-e78b-4b68-8184-641a1e5af4bb@group-C2834C3F6D12-StateMachineUpdater] INFO  impl.StateMachineUpdater (StateMachineUpdater.java:lambda$new$0(83)) - 5a2f126f-e78b-4b68-8184-641a1e5af4bb@group-C2834C3F6D12-StateMachineUpdater: snapshotIndex: updateIncreasingly 13 -> 13
2019-09-19 13:31:41,414 [ba204b2d-37a0-404f-91dd-7a92ee0c53b2@group-AC46B0BD9F6E-StateMachineUpdater] INFO  impl.StateMachineUpdater (StateMachineUpdater.java:takeSnapshot(258)) - ba204b2d-37a0-404f-91dd-7a92ee0c53b2@group-AC46B0BD9F6E-StateMachineUpdater: Took a snapshot at index 14
2019-09-19 13:31:41,414 [ForkJoinPool.commonPool-worker-1] INFO  impl.RaftServerImpl (ServerState.java:close(385)) - 5a2f126f-e78b-4b68-8184-641a1e5af4bb@group-C2834C3F6D12: closes. applyIndex: 17
2019-09-19 13:31:41,414 [ba204b2d-37a0-404f-91dd-7a92ee0c53b2@group-AC46B0BD9F6E-StateMachineUpdater] INFO  impl.StateMachineUpdater (StateMachineUpdater.java:lambda$new$0(83)) - ba204b2d-37a0-404f-91dd-7a92ee0c53b2@group-AC46B0BD9F6E-StateMachineUpdater: snapshotIndex: updateIncreasingly 14 -> 14
2019-09-19 13:31:41,415 [5a2f126f-e78b-4b68-8184-641a1e5af4bb@group-C2834C3F6D12-SegmentedRaftLogWorker] INFO  segmented.SegmentedRaftLogWorker (SegmentedRaftLogWorker.java:run(313)) - 5a2f126f-e78b-4b68-8184-641a1e5af4bb@group-C2834C3F6D12-SegmentedRaftLogWorker was interrupted, exiting. There are 0 tasks remaining in the queue.
2019-09-19 13:31:41,416 [ForkJoinPool.commonPool-worker-1] INFO  segmented.SegmentedRaftLogWorker (SegmentedRaftLogWorker.java:close(228)) - 5a2f126f-e78b-4b68-8184-641a1e5af4bb@group-C2834C3F6D12-SegmentedRaftLogWorker close()
2019-09-19 13:31:41,416 [main] INFO  impl.RaftServerImpl (ServerState.java:close(385)) - ba204b2d-37a0-404f-91dd-7a92ee0c53b2@group-AC46B0BD9F6E: closes. applyIndex: 16
2019-09-19 13:31:41,419 [ForkJoinPool.commonPool-worker-1] INFO  impl.RaftServerImpl (RaftServerImpl.java:lambda$shutdown$3(251)) - 5a2f126f-e78b-4b68-8184-641a1e5af4bb@group-3CFFB85635A4: shutdown
2019-09-19 13:31:41,419 [ba204b2d-37a0-404f-91dd-7a92ee0c53b2@group-AC46B0BD9F6E-SegmentedRaftLogWorker] INFO  segmented.SegmentedRaftLogWorker (SegmentedRaftLogWorker.java:run(313)) - ba204b2d-37a0-404f-91dd-7a92ee0c53b2@group-AC46B0BD9F6E-SegmentedRaftLogWorker was interrupted, exiting. There are 0 tasks remaining in the queue.
2019-09-19 13:31:41,419 [ForkJoinPool.commonPool-worker-1] INFO  util.JmxRegister (JmxRegister.java:unregister(73)) - Successfully un-registered JMX Bean with object name Ratis:service=RaftServer,group=group-3CFFB85635A4,id=5a2f126f-e78b-4b68-8184-641a1e5af4bb
2019-09-19 13:31:41,421 [main] INFO  segmented.SegmentedRaftLogWorker (SegmentedRaftLogWorker.java:close(228)) - ba204b2d-37a0-404f-91dd-7a92ee0c53b2@group-AC46B0BD9F6E-SegmentedRaftLogWorker close()
2019-09-19 13:31:41,421 [ForkJoinPool.commonPool-worker-1] INFO  impl.RoleInfo (RoleInfo.java:shutdownLeaderState(104)) - 5a2f126f-e78b-4b68-8184-641a1e5af4bb: shutdown LeaderState
2019-09-19 13:31:41,424 [main] INFO  server.GrpcService (GrpcService.java:closeImpl(164)) - ba204b2d-37a0-404f-91dd-7a92ee0c53b2: shutdown server with port 33948 now
2019-09-19 13:31:41,424 [ForkJoinPool.commonPool-worker-1] INFO  impl.PendingRequests (PendingRequests.java:sendNotLeaderResponses(202)) - 5a2f126f-e78b-4b68-8184-641a1e5af4bb-PendingRequests: sendNotLeaderResponses
2019-09-19 13:31:41,424 [ForkJoinPool.commonPool-worker-1] INFO  impl.StateMachineUpdater (StateMachineUpdater.java:stopAndJoin(125)) - 5a2f126f-e78b-4b68-8184-641a1e5af4bb@group-3CFFB85635A4-StateMachineUpdater: set stopIndex = 0
2019-09-19 13:31:41,425 [grpc-default-executor-4] WARN  client.GrpcClientProtocolService (LogUtils.java:warn(134)) - 1-UnorderedRequestStreamObserver1: onError: org.apache.ratis.thirdparty.io.grpc.StatusRuntimeException: CANCELLED: cancelled before receiving half close
2019-09-19 13:31:41,425 [main] INFO  server.GrpcService (GrpcService.java:closeImpl(172)) - ba204b2d-37a0-404f-91dd-7a92ee0c53b2: shutdown server with port 33948 successfully
2019-09-19 13:31:41,425 [ForkJoinPool.commonPool-worker-1] INFO  impl.RaftServerImpl (ServerState.java:close(385)) - 5a2f126f-e78b-4b68-8184-641a1e5af4bb@group-3CFFB85635A4: closes. applyIndex: 0
2019-09-19 13:31:41,427 [5a2f126f-e78b-4b68-8184-641a1e5af4bb@group-3CFFB85635A4-SegmentedRaftLogWorker] INFO  segmented.SegmentedRaftLogWorker (SegmentedRaftLogWorker.java:run(313)) - 5a2f126f-e78b-4b68-8184-641a1e5af4bb@group-3CFFB85635A4-SegmentedRaftLogWorker was interrupted, exiting. There are 0 tasks remaining in the queue.
2019-09-19 13:31:41,428 [ForkJoinPool.commonPool-worker-1] INFO  segmented.SegmentedRaftLogWorker (SegmentedRaftLogWorker.java:close(228)) - 5a2f126f-e78b-4b68-8184-641a1e5af4bb@group-3CFFB85635A4-SegmentedRaftLogWorker close()
2019-09-19 13:31:41,431 [ForkJoinPool.commonPool-worker-1] INFO  server.GrpcService (GrpcService.java:closeImpl(164)) - 5a2f126f-e78b-4b68-8184-641a1e5af4bb: shutdown server with port 33798 now
2019-09-19 13:31:41,433 [grpc-default-executor-1] WARN  server.GrpcServerProtocolService (LogUtils.java:warn(134)) - 5a2f126f-e78b-4b68-8184-641a1e5af4bb: installSnapshot onError, lastRequest: cf9ed8b7-443d-44fc-a2c6-3bd48ab29d60->5a2f126f-e78b-4b68-8184-641a1e5af4bb#7-t2, previous=(t:2, i:17), leaderCommit=17, initializing? false, entries: <empty>: org.apache.ratis.thirdparty.io.grpc.StatusRuntimeException: CANCELLED: cancelled before receiving half close
2019-09-19 13:31:41,433 [grpc-default-executor-4] WARN  server.GrpcLogAppender (LogUtils.java:warn(134)) - cf9ed8b7-443d-44fc-a2c6-3bd48ab29d60@group-C2834C3F6D12->5a2f126f-e78b-4b68-8184-641a1e5af4bb-AppendLogResponseHandler: Failed appendEntries: org.apache.ratis.thirdparty.io.grpc.StatusRuntimeException: CANCELLED: HTTP/2 error code: CANCEL
Received Rst Stream
2019-09-19 13:31:41,433 [ForkJoinPool.commonPool-worker-1] INFO  server.GrpcService (GrpcService.java:closeImpl(172)) - 5a2f126f-e78b-4b68-8184-641a1e5af4bb: shutdown server with port 33798 successfully
2019-09-19 13:31:41,433 [grpc-default-executor-4] INFO  impl.FollowerInfo (FollowerInfo.java:lambda$new$0(51)) - cf9ed8b7-443d-44fc-a2c6-3bd48ab29d60@group-C2834C3F6D12->5a2f126f-e78b-4b68-8184-641a1e5af4bb: nextIndex: updateUnconditionally 18 -> 17
2019-09-19 13:31:41,436 [refreshUsed-/workdir/hadoop-ozone/integration-test/target/test-dir/MiniOzoneClusterImpl-4d5d2d7a-88bc-4d8f-bc17-99926ca9d3cb/datanode-4/data/containers] WARN  fs.CachingGetSpaceUsed (CachingGetSpaceUsed.java:run(183)) - Thread Interrupted waiting to refresh disk information: sleep interrupted
2019-09-19 13:31:41,436 [refreshUsed-/workdir/hadoop-ozone/integration-test/target/test-dir/MiniOzoneClusterImpl-4d5d2d7a-88bc-4d8f-bc17-99926ca9d3cb/datanode-1/data/containers] WARN  fs.CachingGetSpaceUsed (CachingGetSpaceUsed.java:run(183)) - Thread Interrupted waiting to refresh disk information: sleep interrupted
2019-09-19 13:31:41,449 [main] INFO  utils.BackgroundService (BackgroundService.java:shutdown(148)) - Shutting down service BlockDeletingService
2019-09-19 13:31:41,452 [main] INFO  statemachine.DatanodeStateMachine (DatanodeStateMachine.java:stopDaemon(395)) - Ozone container server stopped.
2019-09-19 13:31:41,453 [main] INFO  handler.ContextHandler (ContextHandler.java:doStop(910)) - Stopped o.e.j.w.WebAppContext@5864e8bf{/,null,UNAVAILABLE}{/hddsDatanode}
2019-09-19 13:31:41,453 [main] INFO  server.AbstractConnector (AbstractConnector.java:doStop(318)) - Stopped ServerConnector@37ca3ca8{HTTP/1.1,[http/1.1]}{0.0.0.0:0}
2019-09-19 13:31:41,454 [main] INFO  handler.ContextHandler (ContextHandler.java:doStop(910)) - Stopped o.e.j.s.ServletContextHandler@646d810b{/static,jar:file:/home/user/.m2/repository/org/apache/hadoop/hadoop-hdds-container-service/0.5.0-SNAPSHOT/hadoop-hdds-container-service-0.5.0-SNAPSHOT.jar!/webapps/static,UNAVAILABLE}
2019-09-19 13:31:41,454 [main] INFO  handler.ContextHandler (ContextHandler.java:doStop(910)) - Stopped o.e.j.s.ServletContextHandler@3711c71c{/logs,file:///workdir/hadoop-ozone/integration-test/target/log,UNAVAILABLE}
2019-09-19 13:31:41,456 [ForkJoinPool.commonPool-worker-1] INFO  utils.BackgroundService (BackgroundService.java:shutdown(148)) - Shutting down service BlockDeletingService
2019-09-19 13:31:41,458 [ForkJoinPool.commonPool-worker-1] INFO  statemachine.DatanodeStateMachine (DatanodeStateMachine.java:stopDaemon(395)) - Ozone container server stopped.
2019-09-19 13:31:41,462 [ForkJoinPool.commonPool-worker-1] INFO  handler.ContextHandler (ContextHandler.java:doStop(910)) - Stopped o.e.j.w.WebAppContext@5ca4dce5{/,null,UNAVAILABLE}{/hddsDatanode}
2019-09-19 13:31:41,462 [ForkJoinPool.commonPool-worker-1] INFO  server.AbstractConnector (AbstractConnector.java:doStop(318)) - Stopped ServerConnector@1291aab5{HTTP/1.1,[http/1.1]}{0.0.0.0:0}
2019-09-19 13:31:41,464 [ForkJoinPool.commonPool-worker-1] INFO  handler.ContextHandler (ContextHandler.java:doStop(910)) - Stopped o.e.j.s.ServletContextHandler@2e952845{/static,jar:file:/home/user/.m2/repository/org/apache/hadoop/hadoop-hdds-container-service/0.5.0-SNAPSHOT/hadoop-hdds-container-service-0.5.0-SNAPSHOT.jar!/webapps/static,UNAVAILABLE}
2019-09-19 13:31:41,465 [ForkJoinPool.commonPool-worker-1] INFO  handler.ContextHandler (ContextHandler.java:doStop(910)) - Stopped o.e.j.s.ServletContextHandler@68dfda77{/logs,file:///workdir/hadoop-ozone/integration-test/target/log,UNAVAILABLE}
2019-09-19 13:31:41,685 [Datanode State Machine Thread - 0] INFO  statemachine.DatanodeStateMachine (DatanodeStateMachine.java:lambda$startDaemon$0(350)) - Ozone container server started.
2019-09-19 13:31:41,993 [grpc-default-executor-1] WARN  server.GrpcLogAppender (LogUtils.java:warn(134)) - cf9ed8b7-443d-44fc-a2c6-3bd48ab29d60@group-C2834C3F6D12->02509bdf-4203-447b-86d4-697b6dde9c11-AppendLogResponseHandler: Failed appendEntries: org.apache.ratis.thirdparty.io.grpc.StatusRuntimeException: UNAVAILABLE: io exception
2019-09-19 13:31:41,994 [grpc-default-executor-1] INFO  impl.FollowerInfo (FollowerInfo.java:lambda$new$0(51)) - cf9ed8b7-443d-44fc-a2c6-3bd48ab29d60@group-C2834C3F6D12->02509bdf-4203-447b-86d4-697b6dde9c11: nextIndex: updateUnconditionally 0 -> 0
2019-09-19 13:31:42,006 [grpc-default-executor-6] WARN  server.GrpcLogAppender (LogUtils.java:warn(134)) - cf9ed8b7-443d-44fc-a2c6-3bd48ab29d60@group-C2834C3F6D12->5a2f126f-e78b-4b68-8184-641a1e5af4bb-AppendLogResponseHandler: Failed appendEntries: org.apache.ratis.thirdparty.io.grpc.StatusRuntimeException: UNAVAILABLE: io exception
2019-09-19 13:31:42,006 [grpc-default-executor-6] INFO  impl.FollowerInfo (FollowerInfo.java:lambda$new$0(51)) - cf9ed8b7-443d-44fc-a2c6-3bd48ab29d60@group-C2834C3F6D12->5a2f126f-e78b-4b68-8184-641a1e5af4bb: nextIndex: updateUnconditionally 17 -> 16
2019-09-19 13:31:42,228 [Datanode State Machine Thread - 0] INFO  statemachine.DatanodeStateMachine (DatanodeStateMachine.java:lambda$startDaemon$0(350)) - Ozone container server started.
2019-09-19 13:31:44,494 [grpc-default-executor-6] WARN  server.GrpcLogAppender (LogUtils.java:warn(134)) - cf9ed8b7-443d-44fc-a2c6-3bd48ab29d60@group-C2834C3F6D12->02509bdf-4203-447b-86d4-697b6dde9c11-AppendLogResponseHandler: Failed appendEntries: org.apache.ratis.thirdparty.io.grpc.StatusRuntimeException: UNAVAILABLE: io exception
2019-09-19 13:31:44,494 [grpc-default-executor-6] INFO  impl.FollowerInfo (FollowerInfo.java:lambda$new$0(51)) - cf9ed8b7-443d-44fc-a2c6-3bd48ab29d60@group-C2834C3F6D12->02509bdf-4203-447b-86d4-697b6dde9c11: nextIndex: updateUnconditionally 0 -> 0
2019-09-19 13:31:44,506 [grpc-default-executor-1] WARN  server.GrpcLogAppender (LogUtils.java:warn(134)) - cf9ed8b7-443d-44fc-a2c6-3bd48ab29d60@group-C2834C3F6D12->5a2f126f-e78b-4b68-8184-641a1e5af4bb-AppendLogResponseHandler: Failed appendEntries: org.apache.ratis.thirdparty.io.grpc.StatusRuntimeException: UNAVAILABLE: io exception
2019-09-19 13:31:44,507 [grpc-default-executor-1] INFO  impl.FollowerInfo (FollowerInfo.java:lambda$new$0(51)) - cf9ed8b7-443d-44fc-a2c6-3bd48ab29d60@group-C2834C3F6D12->5a2f126f-e78b-4b68-8184-641a1e5af4bb: nextIndex: updateUnconditionally 16 -> 15
2019-09-19 13:31:45,763 [EventQueue-StaleNodeForStaleNodeHandler] INFO  node.StaleNodeHandler (StaleNodeHandler.java:onMessage(58)) - Datanode d0f0864f-f10e-402b-b950-9345ab4d2f6b{ip: 192.168.34.51, host: pr-hdds-1982-decom-states-fm625-96302961, networkLocation: /default-rack, certSerialId: null} moved to stale state. Finalizing its pipelines [PipelineID=743be55e-b2f0-407c-9d87-313ff45d83ee, PipelineID=61905a30-3d6c-4a96-af7b-ac46b0bd9f6e]
2019-09-19 13:31:45,764 [EventQueue-StaleNodeForStaleNodeHandler] INFO  pipeline.SCMPipelineManager (SCMPipelineManager.java:finalizeAndDestroyPipeline(311)) - destroying pipeline:Pipeline[ Id: 743be55e-b2f0-407c-9d87-313ff45d83ee, Nodes: d0f0864f-f10e-402b-b950-9345ab4d2f6b{ip: 192.168.34.51, host: pr-hdds-1982-decom-states-fm625-96302961, networkLocation: /default-rack, certSerialId: null}, Type:RATIS, Factor:ONE, State:OPEN]
2019-09-19 13:31:45,764 [EventQueue-StaleNodeForStaleNodeHandler] INFO  pipeline.PipelineStateManager (PipelineStateManager.java:finalizePipeline(123)) - Pipeline Pipeline[ Id: 743be55e-b2f0-407c-9d87-313ff45d83ee, Nodes: d0f0864f-f10e-402b-b950-9345ab4d2f6b{ip: 192.168.34.51, host: pr-hdds-1982-decom-states-fm625-96302961, networkLocation: /default-rack, certSerialId: null}, Type:RATIS, Factor:ONE, State:CLOSED] moved to CLOSED state
2019-09-19 13:31:45,764 [EventQueue-StaleNodeForStaleNodeHandler] INFO  pipeline.SCMPipelineManager (SCMPipelineManager.java:finalizeAndDestroyPipeline(311)) - destroying pipeline:Pipeline[ Id: 61905a30-3d6c-4a96-af7b-ac46b0bd9f6e, Nodes: 0a0d37aa-ff90-4935-8d48-c839ac7b3aa9{ip: 192.168.34.51, host: pr-hdds-1982-decom-states-fm625-96302961, networkLocation: /default-rack, certSerialId: null}ba204b2d-37a0-404f-91dd-7a92ee0c53b2{ip: 192.168.34.51, host: pr-hdds-1982-decom-states-fm625-96302961, networkLocation: /default-rack, certSerialId: null}d0f0864f-f10e-402b-b950-9345ab4d2f6b{ip: 192.168.34.51, host: pr-hdds-1982-decom-states-fm625-96302961, networkLocation: /default-rack, certSerialId: null}, Type:RATIS, Factor:THREE, State:CLOSED]
2019-09-19 13:31:46,264 [EventQueue-StaleNodeForStaleNodeHandler] INFO  node.StaleNodeHandler (StaleNodeHandler.java:onMessage(58)) - Datanode cf9ed8b7-443d-44fc-a2c6-3bd48ab29d60{ip: 192.168.34.51, host: pr-hdds-1982-decom-states-fm625-96302961, networkLocation: /default-rack, certSerialId: null} moved to stale state. Finalizing its pipelines [PipelineID=829d5633-677e-4961-b1d8-4c2fd5da9928, PipelineID=a6a2e82b-68e9-44a8-9828-b8df3d965b4f, PipelineID=d33dd535-1d59-4d7d-bfd8-c2834c3f6d12]
2019-09-19 13:31:46,264 [EventQueue-StaleNodeForStaleNodeHandler] INFO  pipeline.SCMPipelineManager (SCMPipelineManager.java:finalizeAndDestroyPipeline(311)) - destroying pipeline:Pipeline[ Id: 829d5633-677e-4961-b1d8-4c2fd5da9928, Nodes: cf9ed8b7-443d-44fc-a2c6-3bd48ab29d60{ip: 192.168.34.51, host: pr-hdds-1982-decom-states-fm625-96302961, networkLocation: /default-rack, certSerialId: null}5a2f126f-e78b-4b68-8184-641a1e5af4bb{ip: 192.168.34.51, host: pr-hdds-1982-decom-states-fm625-96302961, networkLocation: /default-rack, certSerialId: null}e9b4aebe-416b-4a6e-b639-511f332e30a8{ip: 192.168.34.51, host: pr-hdds-1982-decom-states-fm625-96302961, networkLocation: /default-rack, certSerialId: null}, Type:RATIS, Factor:THREE, State:CLOSED]
2019-09-19 13:31:46,264 [EventQueue-StaleNodeForStaleNodeHandler] INFO  pipeline.SCMPipelineManager (SCMPipelineManager.java:finalizeAndDestroyPipeline(311)) - destroying pipeline:Pipeline[ Id: a6a2e82b-68e9-44a8-9828-b8df3d965b4f, Nodes: cf9ed8b7-443d-44fc-a2c6-3bd48ab29d60{ip: 192.168.34.51, host: pr-hdds-1982-decom-states-fm625-96302961, networkLocation: /default-rack, certSerialId: null}, Type:RATIS, Factor:ONE, State:OPEN]
2019-09-19 13:31:46,264 [EventQueue-StaleNodeForStaleNodeHandler] INFO  pipeline.PipelineStateManager (PipelineStateManager.java:finalizePipeline(123)) - Pipeline Pipeline[ Id: a6a2e82b-68e9-44a8-9828-b8df3d965b4f, Nodes: cf9ed8b7-443d-44fc-a2c6-3bd48ab29d60{ip: 192.168.34.51, host: pr-hdds-1982-decom-states-fm625-96302961, networkLocation: /default-rack, certSerialId: null}, Type:RATIS, Factor:ONE, State:CLOSED] moved to CLOSED state
2019-09-19 13:31:46,264 [EventQueue-StaleNodeForStaleNodeHandler] INFO  pipeline.SCMPipelineManager (SCMPipelineManager.java:finalizeAndDestroyPipeline(311)) - destroying pipeline:Pipeline[ Id: d33dd535-1d59-4d7d-bfd8-c2834c3f6d12, Nodes: 02509bdf-4203-447b-86d4-697b6dde9c11{ip: 192.168.34.51, host: pr-hdds-1982-decom-states-fm625-96302961, networkLocation: /default-rack, certSerialId: null}cf9ed8b7-443d-44fc-a2c6-3bd48ab29d60{ip: 192.168.34.51, host: pr-hdds-1982-decom-states-fm625-96302961, networkLocation: /default-rack, certSerialId: null}5a2f126f-e78b-4b68-8184-641a1e5af4bb{ip: 192.168.34.51, host: pr-hdds-1982-decom-states-fm625-96302961, networkLocation: /default-rack, certSerialId: null}, Type:RATIS, Factor:THREE, State:CLOSED]
2019-09-19 13:31:46,456 [main] INFO  ozoneimpl.OzoneContainer (OzoneContainer.java:stop(231)) - Attempting to stop container services.
2019-09-19 13:31:46,459 [main] INFO  impl.RaftServerProxy (RaftServerProxy.java:lambda$close$4(314)) - d0f0864f-f10e-402b-b950-9345ab4d2f6b: close
2019-09-19 13:31:46,459 [main] INFO  impl.RaftServerImpl (RaftServerImpl.java:lambda$shutdown$3(251)) - d0f0864f-f10e-402b-b950-9345ab4d2f6b@group-313FF45D83EE: shutdown
2019-09-19 13:31:46,460 [main] INFO  util.JmxRegister (JmxRegister.java:unregister(73)) - Successfully un-registered JMX Bean with object name Ratis:service=RaftServer,group=group-313FF45D83EE,id=d0f0864f-f10e-402b-b950-9345ab4d2f6b
2019-09-19 13:31:46,460 [main] INFO  impl.RoleInfo (RoleInfo.java:shutdownLeaderState(104)) - d0f0864f-f10e-402b-b950-9345ab4d2f6b: shutdown LeaderState
2019-09-19 13:31:46,461 [main] INFO  impl.PendingRequests (PendingRequests.java:sendNotLeaderResponses(202)) - d0f0864f-f10e-402b-b950-9345ab4d2f6b-PendingRequests: sendNotLeaderResponses
2019-09-19 13:31:46,462 [main] INFO  impl.StateMachineUpdater (StateMachineUpdater.java:stopAndJoin(125)) - d0f0864f-f10e-402b-b950-9345ab4d2f6b@group-313FF45D83EE-StateMachineUpdater: set stopIndex = 0
2019-09-19 13:31:46,462 [main] INFO  impl.RaftServerImpl (ServerState.java:close(385)) - d0f0864f-f10e-402b-b950-9345ab4d2f6b@group-313FF45D83EE: closes. applyIndex: 0
2019-09-19 13:31:46,463 [d0f0864f-f10e-402b-b950-9345ab4d2f6b@group-313FF45D83EE-SegmentedRaftLogWorker] INFO  segmented.SegmentedRaftLogWorker (SegmentedRaftLogWorker.java:run(313)) - d0f0864f-f10e-402b-b950-9345ab4d2f6b@group-313FF45D83EE-SegmentedRaftLogWorker was interrupted, exiting. There are 0 tasks remaining in the queue.
2019-09-19 13:31:46,466 [main] INFO  segmented.SegmentedRaftLogWorker (SegmentedRaftLogWorker.java:close(228)) - d0f0864f-f10e-402b-b950-9345ab4d2f6b@group-313FF45D83EE-SegmentedRaftLogWorker close()
2019-09-19 13:31:46,466 [ForkJoinPool.commonPool-worker-1] INFO  ozoneimpl.OzoneContainer (OzoneContainer.java:stop(231)) - Attempting to stop container services.
2019-09-19 13:31:46,469 [main] INFO  impl.RaftServerImpl (RaftServerImpl.java:lambda$shutdown$3(251)) - d0f0864f-f10e-402b-b950-9345ab4d2f6b@group-AC46B0BD9F6E: shutdown
2019-09-19 13:31:46,469 [ForkJoinPool.commonPool-worker-1] INFO  impl.RaftServerProxy (RaftServerProxy.java:lambda$close$4(314)) - cf9ed8b7-443d-44fc-a2c6-3bd48ab29d60: close
2019-09-19 13:31:46,469 [main] INFO  util.JmxRegister (JmxRegister.java:unregister(73)) - Successfully un-registered JMX Bean with object name Ratis:service=RaftServer,group=group-AC46B0BD9F6E,id=d0f0864f-f10e-402b-b950-9345ab4d2f6b
2019-09-19 13:31:46,469 [ForkJoinPool.commonPool-worker-1] INFO  impl.RaftServerImpl (RaftServerImpl.java:lambda$shutdown$3(251)) - cf9ed8b7-443d-44fc-a2c6-3bd48ab29d60@group-4C2FD5DA9928: shutdown
2019-09-19 13:31:46,470 [main] INFO  impl.RoleInfo (RoleInfo.java:shutdownFollowerState(121)) - d0f0864f-f10e-402b-b950-9345ab4d2f6b: shutdown FollowerState
2019-09-19 13:31:46,470 [ForkJoinPool.commonPool-worker-1] INFO  util.JmxRegister (JmxRegister.java:unregister(73)) - Successfully un-registered JMX Bean with object name Ratis:service=RaftServer,group=group-4C2FD5DA9928,id=cf9ed8b7-443d-44fc-a2c6-3bd48ab29d60
2019-09-19 13:31:46,470 [main] INFO  impl.StateMachineUpdater (StateMachineUpdater.java:stopAndJoin(125)) - d0f0864f-f10e-402b-b950-9345ab4d2f6b@group-AC46B0BD9F6E-StateMachineUpdater: set stopIndex = 16
2019-09-19 13:31:46,470 [d0f0864f-f10e-402b-b950-9345ab4d2f6b@group-AC46B0BD9F6E-StateMachineUpdater] INFO  ratis.ContainerStateMachine (ContainerStateMachine.java:takeSnapshot(289)) - group-AC46B0BD9F6E: Taking a snapshot at:(t:1, i:16) file /workdir/hadoop-ozone/integration-test/target/test-dir/MiniOzoneClusterImpl-4d5d2d7a-88bc-4d8f-bc17-99926ca9d3cb/datanode-3/data/ratis/61905a30-3d6c-4a96-af7b-ac46b0bd9f6e/sm/snapshot.1_16
2019-09-19 13:31:46,470 [Thread-3115] INFO  impl.FollowerState (FollowerState.java:run(115)) - d0f0864f-f10e-402b-b950-9345ab4d2f6b: FollowerState was interrupted: java.lang.InterruptedException: sleep interrupted
2019-09-19 13:31:46,470 [ForkJoinPool.commonPool-worker-1] INFO  impl.RoleInfo (RoleInfo.java:shutdownFollowerState(121)) - cf9ed8b7-443d-44fc-a2c6-3bd48ab29d60: shutdown FollowerState
2019-09-19 13:31:46,480 [ForkJoinPool.commonPool-worker-1] INFO  impl.StateMachineUpdater (StateMachineUpdater.java:stopAndJoin(125)) - cf9ed8b7-443d-44fc-a2c6-3bd48ab29d60@group-4C2FD5DA9928-StateMachineUpdater: set stopIndex = 4
2019-09-19 13:31:46,480 [cf9ed8b7-443d-44fc-a2c6-3bd48ab29d60@group-4C2FD5DA9928-StateMachineUpdater] INFO  ratis.ContainerStateMachine (ContainerStateMachine.java:takeSnapshot(289)) - group-4C2FD5DA9928: Taking a snapshot at:(t:1, i:3) file /workdir/hadoop-ozone/integration-test/target/test-dir/MiniOzoneClusterImpl-4d5d2d7a-88bc-4d8f-bc17-99926ca9d3cb/datanode-2/data/ratis/829d5633-677e-4961-b1d8-4c2fd5da9928/sm/snapshot.1_3
2019-09-19 13:31:46,480 [Thread-3310] INFO  impl.FollowerState (FollowerState.java:run(115)) - cf9ed8b7-443d-44fc-a2c6-3bd48ab29d60: FollowerState was interrupted: java.lang.InterruptedException: sleep interrupted
2019-09-19 13:31:46,494 [d0f0864f-f10e-402b-b950-9345ab4d2f6b@group-AC46B0BD9F6E-StateMachineUpdater] INFO  ratis.ContainerStateMachine (ContainerStateMachine.java:takeSnapshot(300)) - group-AC46B0BD9F6E: Finished taking a snapshot at:(t:1, i:16) file:/workdir/hadoop-ozone/integration-test/target/test-dir/MiniOzoneClusterImpl-4d5d2d7a-88bc-4d8f-bc17-99926ca9d3cb/datanode-3/data/ratis/61905a30-3d6c-4a96-af7b-ac46b0bd9f6e/sm/snapshot.1_16 time:23
2019-09-19 13:31:46,494 [cf9ed8b7-443d-44fc-a2c6-3bd48ab29d60@group-4C2FD5DA9928-StateMachineUpdater] INFO  ratis.ContainerStateMachine (ContainerStateMachine.java:takeSnapshot(300)) - group-4C2FD5DA9928: Finished taking a snapshot at:(t:1, i:3) file:/workdir/hadoop-ozone/integration-test/target/test-dir/MiniOzoneClusterImpl-4d5d2d7a-88bc-4d8f-bc17-99926ca9d3cb/datanode-2/data/ratis/829d5633-677e-4961-b1d8-4c2fd5da9928/sm/snapshot.1_3 time:13
2019-09-19 13:31:46,494 [cf9ed8b7-443d-44fc-a2c6-3bd48ab29d60@group-4C2FD5DA9928-StateMachineUpdater] INFO  impl.StateMachineUpdater (StateMachineUpdater.java:takeSnapshot(258)) - cf9ed8b7-443d-44fc-a2c6-3bd48ab29d60@group-4C2FD5DA9928-StateMachineUpdater: Took a snapshot at index 3
2019-09-19 13:31:46,494 [d0f0864f-f10e-402b-b950-9345ab4d2f6b@group-AC46B0BD9F6E-StateMachineUpdater] INFO  impl.StateMachineUpdater (StateMachineUpdater.java:takeSnapshot(258)) - d0f0864f-f10e-402b-b950-9345ab4d2f6b@group-AC46B0BD9F6E-StateMachineUpdater: Took a snapshot at index 16
2019-09-19 13:31:46,494 [cf9ed8b7-443d-44fc-a2c6-3bd48ab29d60@group-4C2FD5DA9928-StateMachineUpdater] INFO  impl.StateMachineUpdater (StateMachineUpdater.java:lambda$new$0(83)) - cf9ed8b7-443d-44fc-a2c6-3bd48ab29d60@group-4C2FD5DA9928-StateMachineUpdater: snapshotIndex: updateIncreasingly -1 -> 3
2019-09-19 13:31:46,494 [d0f0864f-f10e-402b-b950-9345ab4d2f6b@group-AC46B0BD9F6E-StateMachineUpdater] INFO  impl.StateMachineUpdater (StateMachineUpdater.java:lambda$new$0(83)) - d0f0864f-f10e-402b-b950-9345ab4d2f6b@group-AC46B0BD9F6E-StateMachineUpdater: snapshotIndex: updateIncreasingly -1 -> 16
2019-09-19 13:31:46,495 [cf9ed8b7-443d-44fc-a2c6-3bd48ab29d60@group-4C2FD5DA9928-StateMachineUpdater] INFO  ratis.ContainerStateMachine (ContainerStateMachine.java:takeSnapshot(289)) - group-4C2FD5DA9928: Taking a snapshot at:(t:1, i:3) file /workdir/hadoop-ozone/integration-test/target/test-dir/MiniOzoneClusterImpl-4d5d2d7a-88bc-4d8f-bc17-99926ca9d3cb/datanode-2/data/ratis/829d5633-677e-4961-b1d8-4c2fd5da9928/sm/snapshot.1_3
2019-09-19 13:31:46,495 [main] INFO  impl.RaftServerImpl (ServerState.java:close(385)) - d0f0864f-f10e-402b-b950-9345ab4d2f6b@group-AC46B0BD9F6E: closes. applyIndex: 16
2019-09-19 13:31:46,495 [d0f0864f-f10e-402b-b950-9345ab4d2f6b@group-AC46B0BD9F6E-SegmentedRaftLogWorker] INFO  segmented.SegmentedRaftLogWorker (SegmentedRaftLogWorker.java:run(313)) - d0f0864f-f10e-402b-b950-9345ab4d2f6b@group-AC46B0BD9F6E-SegmentedRaftLogWorker was interrupted, exiting. There are 0 tasks remaining in the queue.
2019-09-19 13:31:46,497 [main] INFO  segmented.SegmentedRaftLogWorker (SegmentedRaftLogWorker.java:close(228)) - d0f0864f-f10e-402b-b950-9345ab4d2f6b@group-AC46B0BD9F6E-SegmentedRaftLogWorker close()
2019-09-19 13:31:46,499 [main] INFO  server.GrpcService (GrpcService.java:closeImpl(164)) - d0f0864f-f10e-402b-b950-9345ab4d2f6b: shutdown server with port 37964 now
2019-09-19 13:31:46,500 [main] INFO  server.GrpcService (GrpcService.java:closeImpl(172)) - d0f0864f-f10e-402b-b950-9345ab4d2f6b: shutdown server with port 37964 successfully
2019-09-19 13:31:46,502 [refreshUsed-/workdir/hadoop-ozone/integration-test/target/test-dir/MiniOzoneClusterImpl-4d5d2d7a-88bc-4d8f-bc17-99926ca9d3cb/datanode-3/data/containers] WARN  fs.CachingGetSpaceUsed (CachingGetSpaceUsed.java:run(183)) - Thread Interrupted waiting to refresh disk information: sleep interrupted
2019-09-19 13:31:46,507 [cf9ed8b7-443d-44fc-a2c6-3bd48ab29d60@group-4C2FD5DA9928-StateMachineUpdater] INFO  ratis.ContainerStateMachine (ContainerStateMachine.java:takeSnapshot(300)) - group-4C2FD5DA9928: Finished taking a snapshot at:(t:1, i:3) file:/workdir/hadoop-ozone/integration-test/target/test-dir/MiniOzoneClusterImpl-4d5d2d7a-88bc-4d8f-bc17-99926ca9d3cb/datanode-2/data/ratis/829d5633-677e-4961-b1d8-4c2fd5da9928/sm/snapshot.1_3 time:12
2019-09-19 13:31:46,507 [cf9ed8b7-443d-44fc-a2c6-3bd48ab29d60@group-4C2FD5DA9928-StateMachineUpdater] INFO  impl.StateMachineUpdater (StateMachineUpdater.java:takeSnapshot(258)) - cf9ed8b7-443d-44fc-a2c6-3bd48ab29d60@group-4C2FD5DA9928-StateMachineUpdater: Took a snapshot at index 3
2019-09-19 13:31:46,507 [cf9ed8b7-443d-44fc-a2c6-3bd48ab29d60@group-4C2FD5DA9928-StateMachineUpdater] INFO  impl.StateMachineUpdater (StateMachineUpdater.java:lambda$new$0(83)) - cf9ed8b7-443d-44fc-a2c6-3bd48ab29d60@group-4C2FD5DA9928-StateMachineUpdater: snapshotIndex: updateIncreasingly 3 -> 3
2019-09-19 13:31:46,507 [ForkJoinPool.commonPool-worker-1] INFO  impl.RaftServerImpl (ServerState.java:close(385)) - cf9ed8b7-443d-44fc-a2c6-3bd48ab29d60@group-4C2FD5DA9928: closes. applyIndex: 4
2019-09-19 13:31:46,507 [cf9ed8b7-443d-44fc-a2c6-3bd48ab29d60@group-4C2FD5DA9928-SegmentedRaftLogWorker] INFO  segmented.SegmentedRaftLogWorker (SegmentedRaftLogWorker.java:run(313)) - cf9ed8b7-443d-44fc-a2c6-3bd48ab29d60@group-4C2FD5DA9928-SegmentedRaftLogWorker was interrupted, exiting. There are 0 tasks remaining in the queue.
2019-09-19 13:31:46,509 [ForkJoinPool.commonPool-worker-1] INFO  segmented.SegmentedRaftLogWorker (SegmentedRaftLogWorker.java:close(228)) - cf9ed8b7-443d-44fc-a2c6-3bd48ab29d60@group-4C2FD5DA9928-SegmentedRaftLogWorker close()
2019-09-19 13:31:46,511 [ForkJoinPool.commonPool-worker-1] INFO  impl.RaftServerImpl (RaftServerImpl.java:lambda$shutdown$3(251)) - cf9ed8b7-443d-44fc-a2c6-3bd48ab29d60@group-B8DF3D965B4F: shutdown
2019-09-19 13:31:46,511 [ForkJoinPool.commonPool-worker-1] INFO  util.JmxRegister (JmxRegister.java:unregister(73)) - Successfully un-registered JMX Bean with object name Ratis:service=RaftServer,group=group-B8DF3D965B4F,id=cf9ed8b7-443d-44fc-a2c6-3bd48ab29d60
2019-09-19 13:31:46,511 [ForkJoinPool.commonPool-worker-1] INFO  impl.RoleInfo (RoleInfo.java:shutdownLeaderState(104)) - cf9ed8b7-443d-44fc-a2c6-3bd48ab29d60: shutdown LeaderState
2019-09-19 13:31:46,512 [ForkJoinPool.commonPool-worker-1] INFO  impl.PendingRequests (PendingRequests.java:sendNotLeaderResponses(202)) - cf9ed8b7-443d-44fc-a2c6-3bd48ab29d60-PendingRequests: sendNotLeaderResponses
2019-09-19 13:31:46,512 [ForkJoinPool.commonPool-worker-1] INFO  impl.StateMachineUpdater (StateMachineUpdater.java:stopAndJoin(125)) - cf9ed8b7-443d-44fc-a2c6-3bd48ab29d60@group-B8DF3D965B4F-StateMachineUpdater: set stopIndex = 0
2019-09-19 13:31:46,512 [ForkJoinPool.commonPool-worker-1] INFO  impl.RaftServerImpl (ServerState.java:close(385)) - cf9ed8b7-443d-44fc-a2c6-3bd48ab29d60@group-B8DF3D965B4F: closes. applyIndex: 0
2019-09-19 13:31:46,512 [cf9ed8b7-443d-44fc-a2c6-3bd48ab29d60@group-B8DF3D965B4F-SegmentedRaftLogWorker] INFO  segmented.SegmentedRaftLogWorker (SegmentedRaftLogWorker.java:run(313)) - cf9ed8b7-443d-44fc-a2c6-3bd48ab29d60@group-B8DF3D965B4F-SegmentedRaftLogWorker was interrupted, exiting. There are 0 tasks remaining in the queue.
2019-09-19 13:31:46,514 [ForkJoinPool.commonPool-worker-1] INFO  segmented.SegmentedRaftLogWorker (SegmentedRaftLogWorker.java:close(228)) - cf9ed8b7-443d-44fc-a2c6-3bd48ab29d60@group-B8DF3D965B4F-SegmentedRaftLogWorker close()
2019-09-19 13:31:46,516 [ForkJoinPool.commonPool-worker-1] INFO  impl.RaftServerImpl (RaftServerImpl.java:lambda$shutdown$3(251)) - cf9ed8b7-443d-44fc-a2c6-3bd48ab29d60@group-C2834C3F6D12: shutdown
2019-09-19 13:31:46,516 [ForkJoinPool.commonPool-worker-1] INFO  util.JmxRegister (JmxRegister.java:unregister(73)) - Successfully un-registered JMX Bean with object name Ratis:service=RaftServer,group=group-C2834C3F6D12,id=cf9ed8b7-443d-44fc-a2c6-3bd48ab29d60
2019-09-19 13:31:46,516 [ForkJoinPool.commonPool-worker-1] INFO  impl.RoleInfo (RoleInfo.java:shutdownLeaderState(104)) - cf9ed8b7-443d-44fc-a2c6-3bd48ab29d60: shutdown LeaderState
2019-09-19 13:31:46,518 [ForkJoinPool.commonPool-worker-1] INFO  impl.PendingRequests (PendingRequests.java:sendNotLeaderResponses(202)) - cf9ed8b7-443d-44fc-a2c6-3bd48ab29d60-PendingRequests: sendNotLeaderResponses
2019-09-19 13:31:46,519 [org.apache.ratis.server.impl.LogAppender$AppenderDaemon$$Lambda$489/1096161666@534fb297] WARN  server.GrpcLogAppender (GrpcLogAppender.java:mayWait(143)) - cf9ed8b7-443d-44fc-a2c6-3bd48ab29d60@group-C2834C3F6D12->02509bdf-4203-447b-86d4-697b6dde9c11-GrpcLogAppender: Wait interrupted by java.lang.InterruptedException
2019-09-19 13:31:46,519 [org.apache.ratis.server.impl.LogAppender$AppenderDaemon$$Lambda$489/1096161666@5e766eb9] WARN  server.GrpcLogAppender (GrpcLogAppender.java:mayWait(143)) - cf9ed8b7-443d-44fc-a2c6-3bd48ab29d60@group-C2834C3F6D12->5a2f126f-e78b-4b68-8184-641a1e5af4bb-GrpcLogAppender: Wait interrupted by java.lang.InterruptedException
2019-09-19 13:31:46,520 [ForkJoinPool.commonPool-worker-1] INFO  impl.StateMachineUpdater (StateMachineUpdater.java:stopAndJoin(125)) - cf9ed8b7-443d-44fc-a2c6-3bd48ab29d60@group-C2834C3F6D12-StateMachineUpdater: set stopIndex = 17
2019-09-19 13:31:46,520 [cf9ed8b7-443d-44fc-a2c6-3bd48ab29d60@group-C2834C3F6D12-StateMachineUpdater] INFO  ratis.ContainerStateMachine (ContainerStateMachine.java:takeSnapshot(289)) - group-C2834C3F6D12: Taking a snapshot at:(t:1, i:13) file /workdir/hadoop-ozone/integration-test/target/test-dir/MiniOzoneClusterImpl-4d5d2d7a-88bc-4d8f-bc17-99926ca9d3cb/datanode-2/data/ratis/d33dd535-1d59-4d7d-bfd8-c2834c3f6d12/sm/snapshot.1_13
2019-09-19 13:31:46,528 [main] INFO  utils.BackgroundService (BackgroundService.java:shutdown(148)) - Shutting down service BlockDeletingService
2019-09-19 13:31:46,530 [main] INFO  statemachine.DatanodeStateMachine (DatanodeStateMachine.java:stopDaemon(395)) - Ozone container server stopped.
2019-09-19 13:31:46,532 [main] INFO  handler.ContextHandler (ContextHandler.java:doStop(910)) - Stopped o.e.j.w.WebAppContext@9b367c8{/,null,UNAVAILABLE}{/hddsDatanode}
2019-09-19 13:31:46,533 [main] INFO  server.AbstractConnector (AbstractConnector.java:doStop(318)) - Stopped ServerConnector@34c62fdf{HTTP/1.1,[http/1.1]}{0.0.0.0:0}
2019-09-19 13:31:46,533 [main] INFO  handler.ContextHandler (ContextHandler.java:doStop(910)) - Stopped o.e.j.s.ServletContextHandler@7e191fda{/static,jar:file:/home/user/.m2/repository/org/apache/hadoop/hadoop-hdds-container-service/0.5.0-SNAPSHOT/hadoop-hdds-container-service-0.5.0-SNAPSHOT.jar!/webapps/static,UNAVAILABLE}
2019-09-19 13:31:46,533 [cf9ed8b7-443d-44fc-a2c6-3bd48ab29d60@group-C2834C3F6D12-StateMachineUpdater] INFO  ratis.ContainerStateMachine (ContainerStateMachine.java:takeSnapshot(300)) - group-C2834C3F6D12: Finished taking a snapshot at:(t:1, i:13) file:/workdir/hadoop-ozone/integration-test/target/test-dir/MiniOzoneClusterImpl-4d5d2d7a-88bc-4d8f-bc17-99926ca9d3cb/datanode-2/data/ratis/d33dd535-1d59-4d7d-bfd8-c2834c3f6d12/sm/snapshot.1_13 time:13
2019-09-19 13:31:46,533 [main] INFO  handler.ContextHandler (ContextHandler.java:doStop(910)) - Stopped o.e.j.s.ServletContextHandler@255d9277{/logs,file:///workdir/hadoop-ozone/integration-test/target/log,UNAVAILABLE}
2019-09-19 13:31:46,534 [cf9ed8b7-443d-44fc-a2c6-3bd48ab29d60@group-C2834C3F6D12-StateMachineUpdater] INFO  impl.StateMachineUpdater (StateMachineUpdater.java:takeSnapshot(258)) - cf9ed8b7-443d-44fc-a2c6-3bd48ab29d60@group-C2834C3F6D12-StateMachineUpdater: Took a snapshot at index 13
2019-09-19 13:31:46,534 [cf9ed8b7-443d-44fc-a2c6-3bd48ab29d60@group-C2834C3F6D12-StateMachineUpdater] INFO  impl.StateMachineUpdater (StateMachineUpdater.java:lambda$new$0(83)) - cf9ed8b7-443d-44fc-a2c6-3bd48ab29d60@group-C2834C3F6D12-StateMachineUpdater: snapshotIndex: updateIncreasingly -1 -> 13
2019-09-19 13:31:46,534 [cf9ed8b7-443d-44fc-a2c6-3bd48ab29d60@group-C2834C3F6D12-StateMachineUpdater] INFO  ratis.ContainerStateMachine (ContainerStateMachine.java:takeSnapshot(289)) - group-C2834C3F6D12: Taking a snapshot at:(t:1, i:13) file /workdir/hadoop-ozone/integration-test/target/test-dir/MiniOzoneClusterImpl-4d5d2d7a-88bc-4d8f-bc17-99926ca9d3cb/datanode-2/data/ratis/d33dd535-1d59-4d7d-bfd8-c2834c3f6d12/sm/snapshot.1_13
2019-09-19 13:31:46,546 [cf9ed8b7-443d-44fc-a2c6-3bd48ab29d60@group-C2834C3F6D12-StateMachineUpdater] INFO  ratis.ContainerStateMachine (ContainerStateMachine.java:takeSnapshot(300)) - group-C2834C3F6D12: Finished taking a snapshot at:(t:1, i:13) file:/workdir/hadoop-ozone/integration-test/target/test-dir/MiniOzoneClusterImpl-4d5d2d7a-88bc-4d8f-bc17-99926ca9d3cb/datanode-2/data/ratis/d33dd535-1d59-4d7d-bfd8-c2834c3f6d12/sm/snapshot.1_13 time:13
2019-09-19 13:31:46,547 [cf9ed8b7-443d-44fc-a2c6-3bd48ab29d60@group-C2834C3F6D12-StateMachineUpdater] INFO  impl.StateMachineUpdater (StateMachineUpdater.java:takeSnapshot(258)) - cf9ed8b7-443d-44fc-a2c6-3bd48ab29d60@group-C2834C3F6D12-StateMachineUpdater: Took a snapshot at index 13
2019-09-19 13:31:46,547 [cf9ed8b7-443d-44fc-a2c6-3bd48ab29d60@group-C2834C3F6D12-StateMachineUpdater] INFO  impl.StateMachineUpdater (StateMachineUpdater.java:lambda$new$0(83)) - cf9ed8b7-443d-44fc-a2c6-3bd48ab29d60@group-C2834C3F6D12-StateMachineUpdater: snapshotIndex: updateIncreasingly 13 -> 13
2019-09-19 13:31:46,547 [ForkJoinPool.commonPool-worker-1] INFO  impl.RaftServerImpl (ServerState.java:close(385)) - cf9ed8b7-443d-44fc-a2c6-3bd48ab29d60@group-C2834C3F6D12: closes. applyIndex: 17
2019-09-19 13:31:46,547 [cf9ed8b7-443d-44fc-a2c6-3bd48ab29d60@group-C2834C3F6D12-SegmentedRaftLogWorker] INFO  segmented.SegmentedRaftLogWorker (SegmentedRaftLogWorker.java:run(313)) - cf9ed8b7-443d-44fc-a2c6-3bd48ab29d60@group-C2834C3F6D12-SegmentedRaftLogWorker was interrupted, exiting. There are 0 tasks remaining in the queue.
2019-09-19 13:31:46,548 [ForkJoinPool.commonPool-worker-1] INFO  segmented.SegmentedRaftLogWorker (SegmentedRaftLogWorker.java:close(228)) - cf9ed8b7-443d-44fc-a2c6-3bd48ab29d60@group-C2834C3F6D12-SegmentedRaftLogWorker close()
2019-09-19 13:31:46,553 [ForkJoinPool.commonPool-worker-1] INFO  server.GrpcService (GrpcService.java:closeImpl(164)) - cf9ed8b7-443d-44fc-a2c6-3bd48ab29d60: shutdown server with port 39386 now
2019-09-19 13:31:46,554 [ForkJoinPool.commonPool-worker-1] INFO  server.GrpcService (GrpcService.java:closeImpl(172)) - cf9ed8b7-443d-44fc-a2c6-3bd48ab29d60: shutdown server with port 39386 successfully
2019-09-19 13:31:46,557 [refreshUsed-/workdir/hadoop-ozone/integration-test/target/test-dir/MiniOzoneClusterImpl-4d5d2d7a-88bc-4d8f-bc17-99926ca9d3cb/datanode-2/data/containers] WARN  fs.CachingGetSpaceUsed (CachingGetSpaceUsed.java:run(183)) - Thread Interrupted waiting to refresh disk information: sleep interrupted
2019-09-19 13:31:46,565 [ForkJoinPool.commonPool-worker-1] INFO  utils.BackgroundService (BackgroundService.java:shutdown(148)) - Shutting down service BlockDeletingService
2019-09-19 13:31:46,567 [ForkJoinPool.commonPool-worker-1] INFO  statemachine.DatanodeStateMachine (DatanodeStateMachine.java:stopDaemon(395)) - Ozone container server stopped.
2019-09-19 13:31:46,570 [ForkJoinPool.commonPool-worker-1] INFO  handler.ContextHandler (ContextHandler.java:doStop(910)) - Stopped o.e.j.w.WebAppContext@55a0f011{/,null,UNAVAILABLE}{/hddsDatanode}
2019-09-19 13:31:46,571 [ForkJoinPool.commonPool-worker-1] INFO  server.AbstractConnector (AbstractConnector.java:doStop(318)) - Stopped ServerConnector@7ea42c82{HTTP/1.1,[http/1.1]}{0.0.0.0:0}
2019-09-19 13:31:46,572 [ForkJoinPool.commonPool-worker-1] INFO  handler.ContextHandler (ContextHandler.java:doStop(910)) - Stopped o.e.j.s.ServletContextHandler@377dfb8d{/static,jar:file:/home/user/.m2/repository/org/apache/hadoop/hadoop-hdds-container-service/0.5.0-SNAPSHOT/hadoop-hdds-container-service-0.5.0-SNAPSHOT.jar!/webapps/static,UNAVAILABLE}
2019-09-19 13:31:46,573 [ForkJoinPool.commonPool-worker-1] INFO  handler.ContextHandler (ContextHandler.java:doStop(910)) - Stopped o.e.j.s.ServletContextHandler@45c80312{/logs,file:///workdir/hadoop-ozone/integration-test/target/log,UNAVAILABLE}
2019-09-19 13:31:46,702 [Datanode State Machine Thread - 0] INFO  statemachine.DatanodeStateMachine (DatanodeStateMachine.java:lambda$startDaemon$0(350)) - Ozone container server started.
2019-09-19 13:31:47,250 [Datanode State Machine Thread - 0] INFO  statemachine.DatanodeStateMachine (DatanodeStateMachine.java:lambda$startDaemon$0(350)) - Ozone container server started.
2019-09-19 13:31:47,733 [Thread-3122] INFO  impl.FollowerState (FollowerState.java:run(106)) - 0a0d37aa-ff90-4935-8d48-c839ac7b3aa9:group-AC46B0BD9F6E changes to CANDIDATE, lastRpcTime:7345, electionTimeout:5117ms
2019-09-19 13:31:47,734 [Thread-3122] INFO  impl.RoleInfo (RoleInfo.java:shutdownFollowerState(121)) - 0a0d37aa-ff90-4935-8d48-c839ac7b3aa9: shutdown FollowerState
2019-09-19 13:31:47,734 [Thread-3122] INFO  impl.RaftServerImpl (RaftServerImpl.java:setRole(174)) - 0a0d37aa-ff90-4935-8d48-c839ac7b3aa9@group-AC46B0BD9F6E: changes role from  FOLLOWER to CANDIDATE at term 1 for changeToCandidate
2019-09-19 13:31:47,734 [Thread-3122] INFO  impl.RoleInfo (RoleInfo.java:updateAndGet(143)) - 0a0d37aa-ff90-4935-8d48-c839ac7b3aa9: start LeaderElection
2019-09-19 13:31:47,735 [0a0d37aa-ff90-4935-8d48-c839ac7b3aa9@group-AC46B0BD9F6E:LeaderElection66] INFO  impl.RaftServerImpl (ServerState.java:setLeader(253)) - 0a0d37aa-ff90-4935-8d48-c839ac7b3aa9@group-AC46B0BD9F6E: change Leader from ba204b2d-37a0-404f-91dd-7a92ee0c53b2 to null at term 1 for initElection
2019-09-19 13:31:47,761 [0a0d37aa-ff90-4935-8d48-c839ac7b3aa9@group-AC46B0BD9F6E:LeaderElection66] INFO  impl.LeaderElection (LeaderElection.java:askForVotes(182)) - 0a0d37aa-ff90-4935-8d48-c839ac7b3aa9@group-AC46B0BD9F6E:LeaderElection66: begin an election at term 2 for 0: [ba204b2d-37a0-404f-91dd-7a92ee0c53b2:192.168.34.51:33948, d0f0864f-f10e-402b-b950-9345ab4d2f6b:192.168.34.51:37964, 0a0d37aa-ff90-4935-8d48-c839ac7b3aa9:192.168.34.51:39232], old=null
2019-09-19 13:31:47,763 [0a0d37aa-ff90-4935-8d48-c839ac7b3aa9@group-AC46B0BD9F6E:LeaderElection66] INFO  impl.LeaderElection (LogUtils.java:infoOrTrace(149)) - 0a0d37aa-ff90-4935-8d48-c839ac7b3aa9@group-AC46B0BD9F6E:LeaderElection66 got exception when requesting votes: {}
java.util.concurrent.ExecutionException: org.apache.ratis.thirdparty.io.grpc.StatusRuntimeException: UNAVAILABLE: io exception
	at java.util.concurrent.FutureTask.report(FutureTask.java:122)
	at java.util.concurrent.FutureTask.get(FutureTask.java:192)
	at org.apache.ratis.server.impl.LeaderElection.waitForResults(LeaderElection.java:263)
	at org.apache.ratis.server.impl.LeaderElection.askForVotes(LeaderElection.java:201)
	at org.apache.ratis.server.impl.LeaderElection.run(LeaderElection.java:133)
	at java.lang.Thread.run(Thread.java:748)
Caused by: org.apache.ratis.thirdparty.io.grpc.StatusRuntimeException: UNAVAILABLE: io exception
	at org.apache.ratis.thirdparty.io.grpc.stub.ClientCalls.toStatusRuntimeException(ClientCalls.java:233)
	at org.apache.ratis.thirdparty.io.grpc.stub.ClientCalls.getUnchecked(ClientCalls.java:214)
	at org.apache.ratis.thirdparty.io.grpc.stub.ClientCalls.blockingUnaryCall(ClientCalls.java:139)
	at org.apache.ratis.proto.grpc.RaftServerProtocolServiceGrpc$RaftServerProtocolServiceBlockingStub.requestVote(RaftServerProtocolServiceGrpc.java:265)
	at org.apache.ratis.grpc.server.GrpcServerProtocolClient.requestVote(GrpcServerProtocolClient.java:90)
	at org.apache.ratis.grpc.server.GrpcService.requestVote(GrpcService.java:204)
	at org.apache.ratis.server.impl.LeaderElection.lambda$submitRequests$1(LeaderElection.java:238)
	at java.util.concurrent.FutureTask.run(FutureTask.java:266)
	at java.util.concurrent.Executors$RunnableAdapter.call(Executors.java:511)
	at java.util.concurrent.FutureTask.run(FutureTask.java:266)
	at java.util.concurrent.ThreadPoolExecutor.runWorker(ThreadPoolExecutor.java:1149)
	at java.util.concurrent.ThreadPoolExecutor$Worker.run(ThreadPoolExecutor.java:624)
	... 1 more
Caused by: org.apache.ratis.thirdparty.io.netty.channel.AbstractChannel$AnnotatedConnectException: Connection refused: /192.168.34.51:33948
	at sun.nio.ch.SocketChannelImpl.checkConnect(Native Method)
	at sun.nio.ch.SocketChannelImpl.finishConnect(SocketChannelImpl.java:717)
	at org.apache.ratis.thirdparty.io.netty.channel.socket.nio.NioSocketChannel.doFinishConnect(NioSocketChannel.java:327)
	at org.apache.ratis.thirdparty.io.netty.channel.nio.AbstractNioChannel$AbstractNioUnsafe.finishConnect(AbstractNioChannel.java:340)
	at org.apache.ratis.thirdparty.io.netty.channel.nio.NioEventLoop.processSelectedKey(NioEventLoop.java:632)
	at org.apache.ratis.thirdparty.io.netty.channel.nio.NioEventLoop.processSelectedKeysOptimized(NioEventLoop.java:579)
	at org.apache.ratis.thirdparty.io.netty.channel.nio.NioEventLoop.processSelectedKeys(NioEventLoop.java:496)
	at org.apache.ratis.thirdparty.io.netty.channel.nio.NioEventLoop.run(NioEventLoop.java:458)
	at org.apache.ratis.thirdparty.io.netty.util.concurrent.SingleThreadEventExecutor$5.run(SingleThreadEventExecutor.java:897)
	at org.apache.ratis.thirdparty.io.netty.util.concurrent.FastThreadLocalRunnable.run(FastThreadLocalRunnable.java:30)
	... 1 more
Caused by: java.net.ConnectException: Connection refused
	... 11 more
2019-09-19 13:31:47,765 [0a0d37aa-ff90-4935-8d48-c839ac7b3aa9@group-AC46B0BD9F6E:LeaderElection66] INFO  impl.LeaderElection (LogUtils.java:infoOrTrace(149)) - 0a0d37aa-ff90-4935-8d48-c839ac7b3aa9@group-AC46B0BD9F6E:LeaderElection66 got exception when requesting votes: {}
java.util.concurrent.ExecutionException: org.apache.ratis.thirdparty.io.grpc.StatusRuntimeException: UNAVAILABLE: io exception
	at java.util.concurrent.FutureTask.report(FutureTask.java:122)
	at java.util.concurrent.FutureTask.get(FutureTask.java:192)
	at org.apache.ratis.server.impl.LeaderElection.waitForResults(LeaderElection.java:263)
	at org.apache.ratis.server.impl.LeaderElection.askForVotes(LeaderElection.java:201)
	at org.apache.ratis.server.impl.LeaderElection.run(LeaderElection.java:133)
	at java.lang.Thread.run(Thread.java:748)
Caused by: org.apache.ratis.thirdparty.io.grpc.StatusRuntimeException: UNAVAILABLE: io exception
	at org.apache.ratis.thirdparty.io.grpc.stub.ClientCalls.toStatusRuntimeException(ClientCalls.java:233)
	at org.apache.ratis.thirdparty.io.grpc.stub.ClientCalls.getUnchecked(ClientCalls.java:214)
	at org.apache.ratis.thirdparty.io.grpc.stub.ClientCalls.blockingUnaryCall(ClientCalls.java:139)
	at org.apache.ratis.proto.grpc.RaftServerProtocolServiceGrpc$RaftServerProtocolServiceBlockingStub.requestVote(RaftServerProtocolServiceGrpc.java:265)
	at org.apache.ratis.grpc.server.GrpcServerProtocolClient.requestVote(GrpcServerProtocolClient.java:90)
	at org.apache.ratis.grpc.server.GrpcService.requestVote(GrpcService.java:204)
	at org.apache.ratis.server.impl.LeaderElection.lambda$submitRequests$1(LeaderElection.java:238)
	at java.util.concurrent.FutureTask.run(FutureTask.java:266)
	at java.util.concurrent.Executors$RunnableAdapter.call(Executors.java:511)
	at java.util.concurrent.FutureTask.run(FutureTask.java:266)
	at java.util.concurrent.ThreadPoolExecutor.runWorker(ThreadPoolExecutor.java:1149)
	at java.util.concurrent.ThreadPoolExecutor$Worker.run(ThreadPoolExecutor.java:624)
	... 1 more
Caused by: org.apache.ratis.thirdparty.io.netty.channel.AbstractChannel$AnnotatedConnectException: Connection refused: /192.168.34.51:37964
	at sun.nio.ch.SocketChannelImpl.checkConnect(Native Method)
	at sun.nio.ch.SocketChannelImpl.finishConnect(SocketChannelImpl.java:717)
	at org.apache.ratis.thirdparty.io.netty.channel.socket.nio.NioSocketChannel.doFinishConnect(NioSocketChannel.java:327)
	at org.apache.ratis.thirdparty.io.netty.channel.nio.AbstractNioChannel$AbstractNioUnsafe.finishConnect(AbstractNioChannel.java:340)
	at org.apache.ratis.thirdparty.io.netty.channel.nio.NioEventLoop.processSelectedKey(NioEventLoop.java:632)
	at org.apache.ratis.thirdparty.io.netty.channel.nio.NioEventLoop.processSelectedKeysOptimized(NioEventLoop.java:579)
	at org.apache.ratis.thirdparty.io.netty.channel.nio.NioEventLoop.processSelectedKeys(NioEventLoop.java:496)
	at org.apache.ratis.thirdparty.io.netty.channel.nio.NioEventLoop.run(NioEventLoop.java:458)
	at org.apache.ratis.thirdparty.io.netty.util.concurrent.SingleThreadEventExecutor$5.run(SingleThreadEventExecutor.java:897)
	at org.apache.ratis.thirdparty.io.netty.util.concurrent.FastThreadLocalRunnable.run(FastThreadLocalRunnable.java:30)
	... 1 more
Caused by: java.net.ConnectException: Connection refused
	... 11 more
2019-09-19 13:31:47,766 [0a0d37aa-ff90-4935-8d48-c839ac7b3aa9@group-AC46B0BD9F6E:LeaderElection66] INFO  impl.LeaderElection (LeaderElection.java:logAndReturn(56)) - 0a0d37aa-ff90-4935-8d48-c839ac7b3aa9@group-AC46B0BD9F6E:LeaderElection66: Election REJECTED; received 0 response(s) [] and 2 exception(s); 0a0d37aa-ff90-4935-8d48-c839ac7b3aa9@group-AC46B0BD9F6E:t2, leader=null, voted=0a0d37aa-ff90-4935-8d48-c839ac7b3aa9, raftlog=0a0d37aa-ff90-4935-8d48-c839ac7b3aa9@group-AC46B0BD9F6E-SegmentedRaftLog:OPENED:c16,f16,i16, conf=0: [ba204b2d-37a0-404f-91dd-7a92ee0c53b2:192.168.34.51:33948, d0f0864f-f10e-402b-b950-9345ab4d2f6b:192.168.34.51:37964, 0a0d37aa-ff90-4935-8d48-c839ac7b3aa9:192.168.34.51:39232], old=null
2019-09-19 13:31:47,766 [0a0d37aa-ff90-4935-8d48-c839ac7b3aa9@group-AC46B0BD9F6E:LeaderElection66] INFO  impl.LeaderElection (LogUtils.java:infoOrTrace(149)) -   Exception 0: {}
java.util.concurrent.ExecutionException: org.apache.ratis.thirdparty.io.grpc.StatusRuntimeException: UNAVAILABLE: io exception
	at java.util.concurrent.FutureTask.report(FutureTask.java:122)
	at java.util.concurrent.FutureTask.get(FutureTask.java:192)
	at org.apache.ratis.server.impl.LeaderElection.waitForResults(LeaderElection.java:263)
	at org.apache.ratis.server.impl.LeaderElection.askForVotes(LeaderElection.java:201)
	at org.apache.ratis.server.impl.LeaderElection.run(LeaderElection.java:133)
	at java.lang.Thread.run(Thread.java:748)
Caused by: org.apache.ratis.thirdparty.io.grpc.StatusRuntimeException: UNAVAILABLE: io exception
	at org.apache.ratis.thirdparty.io.grpc.stub.ClientCalls.toStatusRuntimeException(ClientCalls.java:233)
	at org.apache.ratis.thirdparty.io.grpc.stub.ClientCalls.getUnchecked(ClientCalls.java:214)
	at org.apache.ratis.thirdparty.io.grpc.stub.ClientCalls.blockingUnaryCall(ClientCalls.java:139)
	at org.apache.ratis.proto.grpc.RaftServerProtocolServiceGrpc$RaftServerProtocolServiceBlockingStub.requestVote(RaftServerProtocolServiceGrpc.java:265)
	at org.apache.ratis.grpc.server.GrpcServerProtocolClient.requestVote(GrpcServerProtocolClient.java:90)
	at org.apache.ratis.grpc.server.GrpcService.requestVote(GrpcService.java:204)
	at org.apache.ratis.server.impl.LeaderElection.lambda$submitRequests$1(LeaderElection.java:238)
	at java.util.concurrent.FutureTask.run(FutureTask.java:266)
	at java.util.concurrent.Executors$RunnableAdapter.call(Executors.java:511)
	at java.util.concurrent.FutureTask.run(FutureTask.java:266)
	at java.util.concurrent.ThreadPoolExecutor.runWorker(ThreadPoolExecutor.java:1149)
	at java.util.concurrent.ThreadPoolExecutor$Worker.run(ThreadPoolExecutor.java:624)
	... 1 more
Caused by: org.apache.ratis.thirdparty.io.netty.channel.AbstractChannel$AnnotatedConnectException: Connection refused: /192.168.34.51:33948
	at sun.nio.ch.SocketChannelImpl.checkConnect(Native Method)
	at sun.nio.ch.SocketChannelImpl.finishConnect(SocketChannelImpl.java:717)
	at org.apache.ratis.thirdparty.io.netty.channel.socket.nio.NioSocketChannel.doFinishConnect(NioSocketChannel.java:327)
	at org.apache.ratis.thirdparty.io.netty.channel.nio.AbstractNioChannel$AbstractNioUnsafe.finishConnect(AbstractNioChannel.java:340)
	at org.apache.ratis.thirdparty.io.netty.channel.nio.NioEventLoop.processSelectedKey(NioEventLoop.java:632)
	at org.apache.ratis.thirdparty.io.netty.channel.nio.NioEventLoop.processSelectedKeysOptimized(NioEventLoop.java:579)
	at org.apache.ratis.thirdparty.io.netty.channel.nio.NioEventLoop.processSelectedKeys(NioEventLoop.java:496)
	at org.apache.ratis.thirdparty.io.netty.channel.nio.NioEventLoop.run(NioEventLoop.java:458)
	at org.apache.ratis.thirdparty.io.netty.util.concurrent.SingleThreadEventExecutor$5.run(SingleThreadEventExecutor.java:897)
	at org.apache.ratis.thirdparty.io.netty.util.concurrent.FastThreadLocalRunnable.run(FastThreadLocalRunnable.java:30)
	... 1 more
Caused by: java.net.ConnectException: Connection refused
	... 11 more
2019-09-19 13:31:47,766 [0a0d37aa-ff90-4935-8d48-c839ac7b3aa9@group-AC46B0BD9F6E:LeaderElection66] INFO  impl.LeaderElection (LogUtils.java:infoOrTrace(149)) -   Exception 1: {}
java.util.concurrent.ExecutionException: org.apache.ratis.thirdparty.io.grpc.StatusRuntimeException: UNAVAILABLE: io exception
	at java.util.concurrent.FutureTask.report(FutureTask.java:122)
	at java.util.concurrent.FutureTask.get(FutureTask.java:192)
	at org.apache.ratis.server.impl.LeaderElection.waitForResults(LeaderElection.java:263)
	at org.apache.ratis.server.impl.LeaderElection.askForVotes(LeaderElection.java:201)
	at org.apache.ratis.server.impl.LeaderElection.run(LeaderElection.java:133)
	at java.lang.Thread.run(Thread.java:748)
Caused by: org.apache.ratis.thirdparty.io.grpc.StatusRuntimeException: UNAVAILABLE: io exception
	at org.apache.ratis.thirdparty.io.grpc.stub.ClientCalls.toStatusRuntimeException(ClientCalls.java:233)
	at org.apache.ratis.thirdparty.io.grpc.stub.ClientCalls.getUnchecked(ClientCalls.java:214)
	at org.apache.ratis.thirdparty.io.grpc.stub.ClientCalls.blockingUnaryCall(ClientCalls.java:139)
	at org.apache.ratis.proto.grpc.RaftServerProtocolServiceGrpc$RaftServerProtocolServiceBlockingStub.requestVote(RaftServerProtocolServiceGrpc.java:265)
	at org.apache.ratis.grpc.server.GrpcServerProtocolClient.requestVote(GrpcServerProtocolClient.java:90)
	at org.apache.ratis.grpc.server.GrpcService.requestVote(GrpcService.java:204)
	at org.apache.ratis.server.impl.LeaderElection.lambda$submitRequests$1(LeaderElection.java:238)
	at java.util.concurrent.FutureTask.run(FutureTask.java:266)
	at java.util.concurrent.Executors$RunnableAdapter.call(Executors.java:511)
	at java.util.concurrent.FutureTask.run(FutureTask.java:266)
	at java.util.concurrent.ThreadPoolExecutor.runWorker(ThreadPoolExecutor.java:1149)
	at java.util.concurrent.ThreadPoolExecutor$Worker.run(ThreadPoolExecutor.java:624)
	... 1 more
Caused by: org.apache.ratis.thirdparty.io.netty.channel.AbstractChannel$AnnotatedConnectException: Connection refused: /192.168.34.51:37964
	at sun.nio.ch.SocketChannelImpl.checkConnect(Native Method)
	at sun.nio.ch.SocketChannelImpl.finishConnect(SocketChannelImpl.java:717)
	at org.apache.ratis.thirdparty.io.netty.channel.socket.nio.NioSocketChannel.doFinishConnect(NioSocketChannel.java:327)
	at org.apache.ratis.thirdparty.io.netty.channel.nio.AbstractNioChannel$AbstractNioUnsafe.finishConnect(AbstractNioChannel.java:340)
	at org.apache.ratis.thirdparty.io.netty.channel.nio.NioEventLoop.processSelectedKey(NioEventLoop.java:632)
	at org.apache.ratis.thirdparty.io.netty.channel.nio.NioEventLoop.processSelectedKeysOptimized(NioEventLoop.java:579)
	at org.apache.ratis.thirdparty.io.netty.channel.nio.NioEventLoop.processSelectedKeys(NioEventLoop.java:496)
	at org.apache.ratis.thirdparty.io.netty.channel.nio.NioEventLoop.run(NioEventLoop.java:458)
	at org.apache.ratis.thirdparty.io.netty.util.concurrent.SingleThreadEventExecutor$5.run(SingleThreadEventExecutor.java:897)
	at org.apache.ratis.thirdparty.io.netty.util.concurrent.FastThreadLocalRunnable.run(FastThreadLocalRunnable.java:30)
	... 1 more
Caused by: java.net.ConnectException: Connection refused
	... 11 more
2019-09-19 13:31:47,766 [0a0d37aa-ff90-4935-8d48-c839ac7b3aa9@group-AC46B0BD9F6E:LeaderElection66] INFO  impl.RaftServerImpl (RaftServerImpl.java:setRole(174)) - 0a0d37aa-ff90-4935-8d48-c839ac7b3aa9@group-AC46B0BD9F6E: changes role from CANDIDATE to FOLLOWER at term 2 for DISCOVERED_A_NEW_TERM
2019-09-19 13:31:47,767 [0a0d37aa-ff90-4935-8d48-c839ac7b3aa9@group-AC46B0BD9F6E:LeaderElection66] INFO  impl.RoleInfo (RoleInfo.java:shutdownLeaderElection(134)) - 0a0d37aa-ff90-4935-8d48-c839ac7b3aa9: shutdown LeaderElection
2019-09-19 13:31:47,767 [0a0d37aa-ff90-4935-8d48-c839ac7b3aa9@group-AC46B0BD9F6E:LeaderElection66] INFO  impl.RoleInfo (RoleInfo.java:updateAndGet(143)) - 0a0d37aa-ff90-4935-8d48-c839ac7b3aa9: start FollowerState
2019-09-19 13:31:50,358 [Thread-3311] INFO  impl.FollowerState (FollowerState.java:run(106)) - e9b4aebe-416b-4a6e-b639-511f332e30a8:group-4C2FD5DA9928 changes to CANDIDATE, lastRpcTime:9073, electionTimeout:5125ms
2019-09-19 13:31:50,361 [Thread-3311] INFO  impl.RoleInfo (RoleInfo.java:shutdownFollowerState(121)) - e9b4aebe-416b-4a6e-b639-511f332e30a8: shutdown FollowerState
2019-09-19 13:31:50,361 [Thread-3311] INFO  impl.RaftServerImpl (RaftServerImpl.java:setRole(174)) - e9b4aebe-416b-4a6e-b639-511f332e30a8@group-4C2FD5DA9928: changes role from  FOLLOWER to CANDIDATE at term 1 for changeToCandidate
2019-09-19 13:31:50,362 [Thread-3311] INFO  impl.RoleInfo (RoleInfo.java:updateAndGet(143)) - e9b4aebe-416b-4a6e-b639-511f332e30a8: start LeaderElection
2019-09-19 13:31:50,362 [e9b4aebe-416b-4a6e-b639-511f332e30a8@group-4C2FD5DA9928:LeaderElection67] INFO  impl.RaftServerImpl (ServerState.java:setLeader(253)) - e9b4aebe-416b-4a6e-b639-511f332e30a8@group-4C2FD5DA9928: change Leader from 5a2f126f-e78b-4b68-8184-641a1e5af4bb to null at term 1 for initElection
2019-09-19 13:31:50,376 [e9b4aebe-416b-4a6e-b639-511f332e30a8@group-4C2FD5DA9928:LeaderElection67] INFO  impl.LeaderElection (LeaderElection.java:askForVotes(182)) - e9b4aebe-416b-4a6e-b639-511f332e30a8@group-4C2FD5DA9928:LeaderElection67: begin an election at term 2 for 0: [5a2f126f-e78b-4b68-8184-641a1e5af4bb:192.168.34.51:33798, e9b4aebe-416b-4a6e-b639-511f332e30a8:192.168.34.51:45698, cf9ed8b7-443d-44fc-a2c6-3bd48ab29d60:192.168.34.51:39386], old=null
2019-09-19 13:31:50,380 [e9b4aebe-416b-4a6e-b639-511f332e30a8@group-4C2FD5DA9928:LeaderElection67] INFO  impl.LeaderElection (LogUtils.java:infoOrTrace(149)) - e9b4aebe-416b-4a6e-b639-511f332e30a8@group-4C2FD5DA9928:LeaderElection67 got exception when requesting votes: {}
java.util.concurrent.ExecutionException: org.apache.ratis.thirdparty.io.grpc.StatusRuntimeException: UNAVAILABLE: io exception
	at java.util.concurrent.FutureTask.report(FutureTask.java:122)
	at java.util.concurrent.FutureTask.get(FutureTask.java:192)
	at org.apache.ratis.server.impl.LeaderElection.waitForResults(LeaderElection.java:263)
	at org.apache.ratis.server.impl.LeaderElection.askForVotes(LeaderElection.java:201)
	at org.apache.ratis.server.impl.LeaderElection.run(LeaderElection.java:133)
	at java.lang.Thread.run(Thread.java:748)
Caused by: org.apache.ratis.thirdparty.io.grpc.StatusRuntimeException: UNAVAILABLE: io exception
	at org.apache.ratis.thirdparty.io.grpc.stub.ClientCalls.toStatusRuntimeException(ClientCalls.java:233)
	at org.apache.ratis.thirdparty.io.grpc.stub.ClientCalls.getUnchecked(ClientCalls.java:214)
	at org.apache.ratis.thirdparty.io.grpc.stub.ClientCalls.blockingUnaryCall(ClientCalls.java:139)
	at org.apache.ratis.proto.grpc.RaftServerProtocolServiceGrpc$RaftServerProtocolServiceBlockingStub.requestVote(RaftServerProtocolServiceGrpc.java:265)
	at org.apache.ratis.grpc.server.GrpcServerProtocolClient.requestVote(GrpcServerProtocolClient.java:90)
	at org.apache.ratis.grpc.server.GrpcService.requestVote(GrpcService.java:204)
	at org.apache.ratis.server.impl.LeaderElection.lambda$submitRequests$1(LeaderElection.java:238)
	at java.util.concurrent.FutureTask.run(FutureTask.java:266)
	at java.util.concurrent.Executors$RunnableAdapter.call(Executors.java:511)
	at java.util.concurrent.FutureTask.run(FutureTask.java:266)
	at java.util.concurrent.ThreadPoolExecutor.runWorker(ThreadPoolExecutor.java:1149)
	at java.util.concurrent.ThreadPoolExecutor$Worker.run(ThreadPoolExecutor.java:624)
	... 1 more
Caused by: org.apache.ratis.thirdparty.io.netty.channel.AbstractChannel$AnnotatedConnectException: Connection refused: /192.168.34.51:39386
	at sun.nio.ch.SocketChannelImpl.checkConnect(Native Method)
	at sun.nio.ch.SocketChannelImpl.finishConnect(SocketChannelImpl.java:717)
	at org.apache.ratis.thirdparty.io.netty.channel.socket.nio.NioSocketChannel.doFinishConnect(NioSocketChannel.java:327)
	at org.apache.ratis.thirdparty.io.netty.channel.nio.AbstractNioChannel$AbstractNioUnsafe.finishConnect(AbstractNioChannel.java:340)
	at org.apache.ratis.thirdparty.io.netty.channel.nio.NioEventLoop.processSelectedKey(NioEventLoop.java:632)
	at org.apache.ratis.thirdparty.io.netty.channel.nio.NioEventLoop.processSelectedKeysOptimized(NioEventLoop.java:579)
	at org.apache.ratis.thirdparty.io.netty.channel.nio.NioEventLoop.processSelectedKeys(NioEventLoop.java:496)
	at org.apache.ratis.thirdparty.io.netty.channel.nio.NioEventLoop.run(NioEventLoop.java:458)
	at org.apache.ratis.thirdparty.io.netty.util.concurrent.SingleThreadEventExecutor$5.run(SingleThreadEventExecutor.java:897)
	at org.apache.ratis.thirdparty.io.netty.util.concurrent.FastThreadLocalRunnable.run(FastThreadLocalRunnable.java:30)
	... 1 more
Caused by: java.net.ConnectException: Connection refused
	... 11 more
2019-09-19 13:31:50,382 [e9b4aebe-416b-4a6e-b639-511f332e30a8@group-4C2FD5DA9928:LeaderElection67] INFO  impl.LeaderElection (LogUtils.java:infoOrTrace(149)) - e9b4aebe-416b-4a6e-b639-511f332e30a8@group-4C2FD5DA9928:LeaderElection67 got exception when requesting votes: {}
java.util.concurrent.ExecutionException: org.apache.ratis.thirdparty.io.grpc.StatusRuntimeException: UNAVAILABLE: io exception
	at java.util.concurrent.FutureTask.report(FutureTask.java:122)
	at java.util.concurrent.FutureTask.get(FutureTask.java:192)
	at org.apache.ratis.server.impl.LeaderElection.waitForResults(LeaderElection.java:263)
	at org.apache.ratis.server.impl.LeaderElection.askForVotes(LeaderElection.java:201)
	at org.apache.ratis.server.impl.LeaderElection.run(LeaderElection.java:133)
	at java.lang.Thread.run(Thread.java:748)
Caused by: org.apache.ratis.thirdparty.io.grpc.StatusRuntimeException: UNAVAILABLE: io exception
	at org.apache.ratis.thirdparty.io.grpc.stub.ClientCalls.toStatusRuntimeException(ClientCalls.java:233)
	at org.apache.ratis.thirdparty.io.grpc.stub.ClientCalls.getUnchecked(ClientCalls.java:214)
	at org.apache.ratis.thirdparty.io.grpc.stub.ClientCalls.blockingUnaryCall(ClientCalls.java:139)
	at org.apache.ratis.proto.grpc.RaftServerProtocolServiceGrpc$RaftServerProtocolServiceBlockingStub.requestVote(RaftServerProtocolServiceGrpc.java:265)
	at org.apache.ratis.grpc.server.GrpcServerProtocolClient.requestVote(GrpcServerProtocolClient.java:90)
	at org.apache.ratis.grpc.server.GrpcService.requestVote(GrpcService.java:204)
	at org.apache.ratis.server.impl.LeaderElection.lambda$submitRequests$1(LeaderElection.java:238)
	at java.util.concurrent.FutureTask.run(FutureTask.java:266)
	at java.util.concurrent.Executors$RunnableAdapter.call(Executors.java:511)
	at java.util.concurrent.FutureTask.run(FutureTask.java:266)
	at java.util.concurrent.ThreadPoolExecutor.runWorker(ThreadPoolExecutor.java:1149)
	at java.util.concurrent.ThreadPoolExecutor$Worker.run(ThreadPoolExecutor.java:624)
	... 1 more
Caused by: org.apache.ratis.thirdparty.io.netty.channel.AbstractChannel$AnnotatedConnectException: Connection refused: /192.168.34.51:33798
	at sun.nio.ch.SocketChannelImpl.checkConnect(Native Method)
	at sun.nio.ch.SocketChannelImpl.finishConnect(SocketChannelImpl.java:717)
	at org.apache.ratis.thirdparty.io.netty.channel.socket.nio.NioSocketChannel.doFinishConnect(NioSocketChannel.java:327)
	at org.apache.ratis.thirdparty.io.netty.channel.nio.AbstractNioChannel$AbstractNioUnsafe.finishConnect(AbstractNioChannel.java:340)
	at org.apache.ratis.thirdparty.io.netty.channel.nio.NioEventLoop.processSelectedKey(NioEventLoop.java:632)
	at org.apache.ratis.thirdparty.io.netty.channel.nio.NioEventLoop.processSelectedKeysOptimized(NioEventLoop.java:579)
	at org.apache.ratis.thirdparty.io.netty.channel.nio.NioEventLoop.processSelectedKeys(NioEventLoop.java:496)
	at org.apache.ratis.thirdparty.io.netty.channel.nio.NioEventLoop.run(NioEventLoop.java:458)
	at org.apache.ratis.thirdparty.io.netty.util.concurrent.SingleThreadEventExecutor$5.run(SingleThreadEventExecutor.java:897)
	at org.apache.ratis.thirdparty.io.netty.util.concurrent.FastThreadLocalRunnable.run(FastThreadLocalRunnable.java:30)
	... 1 more
Caused by: java.net.ConnectException: Connection refused
	... 11 more
2019-09-19 13:31:50,383 [e9b4aebe-416b-4a6e-b639-511f332e30a8@group-4C2FD5DA9928:LeaderElection67] INFO  impl.LeaderElection (LeaderElection.java:logAndReturn(56)) - e9b4aebe-416b-4a6e-b639-511f332e30a8@group-4C2FD5DA9928:LeaderElection67: Election REJECTED; received 0 response(s) [] and 2 exception(s); e9b4aebe-416b-4a6e-b639-511f332e30a8@group-4C2FD5DA9928:t2, leader=null, voted=e9b4aebe-416b-4a6e-b639-511f332e30a8, raftlog=e9b4aebe-416b-4a6e-b639-511f332e30a8@group-4C2FD5DA9928-SegmentedRaftLog:OPENED:c4,f4,i4, conf=0: [5a2f126f-e78b-4b68-8184-641a1e5af4bb:192.168.34.51:33798, e9b4aebe-416b-4a6e-b639-511f332e30a8:192.168.34.51:45698, cf9ed8b7-443d-44fc-a2c6-3bd48ab29d60:192.168.34.51:39386], old=null
2019-09-19 13:31:50,383 [e9b4aebe-416b-4a6e-b639-511f332e30a8@group-4C2FD5DA9928:LeaderElection67] INFO  impl.LeaderElection (LogUtils.java:infoOrTrace(149)) -   Exception 0: {}
java.util.concurrent.ExecutionException: org.apache.ratis.thirdparty.io.grpc.StatusRuntimeException: UNAVAILABLE: io exception
	at java.util.concurrent.FutureTask.report(FutureTask.java:122)
	at java.util.concurrent.FutureTask.get(FutureTask.java:192)
	at org.apache.ratis.server.impl.LeaderElection.waitForResults(LeaderElection.java:263)
	at org.apache.ratis.server.impl.LeaderElection.askForVotes(LeaderElection.java:201)
	at org.apache.ratis.server.impl.LeaderElection.run(LeaderElection.java:133)
	at java.lang.Thread.run(Thread.java:748)
Caused by: org.apache.ratis.thirdparty.io.grpc.StatusRuntimeException: UNAVAILABLE: io exception
	at org.apache.ratis.thirdparty.io.grpc.stub.ClientCalls.toStatusRuntimeException(ClientCalls.java:233)
	at org.apache.ratis.thirdparty.io.grpc.stub.ClientCalls.getUnchecked(ClientCalls.java:214)
	at org.apache.ratis.thirdparty.io.grpc.stub.ClientCalls.blockingUnaryCall(ClientCalls.java:139)
	at org.apache.ratis.proto.grpc.RaftServerProtocolServiceGrpc$RaftServerProtocolServiceBlockingStub.requestVote(RaftServerProtocolServiceGrpc.java:265)
	at org.apache.ratis.grpc.server.GrpcServerProtocolClient.requestVote(GrpcServerProtocolClient.java:90)
	at org.apache.ratis.grpc.server.GrpcService.requestVote(GrpcService.java:204)
	at org.apache.ratis.server.impl.LeaderElection.lambda$submitRequests$1(LeaderElection.java:238)
	at java.util.concurrent.FutureTask.run(FutureTask.java:266)
	at java.util.concurrent.Executors$RunnableAdapter.call(Executors.java:511)
	at java.util.concurrent.FutureTask.run(FutureTask.java:266)
	at java.util.concurrent.ThreadPoolExecutor.runWorker(ThreadPoolExecutor.java:1149)
	at java.util.concurrent.ThreadPoolExecutor$Worker.run(ThreadPoolExecutor.java:624)
	... 1 more
Caused by: org.apache.ratis.thirdparty.io.netty.channel.AbstractChannel$AnnotatedConnectException: Connection refused: /192.168.34.51:39386
	at sun.nio.ch.SocketChannelImpl.checkConnect(Native Method)
	at sun.nio.ch.SocketChannelImpl.finishConnect(SocketChannelImpl.java:717)
	at org.apache.ratis.thirdparty.io.netty.channel.socket.nio.NioSocketChannel.doFinishConnect(NioSocketChannel.java:327)
	at org.apache.ratis.thirdparty.io.netty.channel.nio.AbstractNioChannel$AbstractNioUnsafe.finishConnect(AbstractNioChannel.java:340)
	at org.apache.ratis.thirdparty.io.netty.channel.nio.NioEventLoop.processSelectedKey(NioEventLoop.java:632)
	at org.apache.ratis.thirdparty.io.netty.channel.nio.NioEventLoop.processSelectedKeysOptimized(NioEventLoop.java:579)
	at org.apache.ratis.thirdparty.io.netty.channel.nio.NioEventLoop.processSelectedKeys(NioEventLoop.java:496)
	at org.apache.ratis.thirdparty.io.netty.channel.nio.NioEventLoop.run(NioEventLoop.java:458)
	at org.apache.ratis.thirdparty.io.netty.util.concurrent.SingleThreadEventExecutor$5.run(SingleThreadEventExecutor.java:897)
	at org.apache.ratis.thirdparty.io.netty.util.concurrent.FastThreadLocalRunnable.run(FastThreadLocalRunnable.java:30)
	... 1 more
Caused by: java.net.ConnectException: Connection refused
	... 11 more
2019-09-19 13:31:50,383 [e9b4aebe-416b-4a6e-b639-511f332e30a8@group-4C2FD5DA9928:LeaderElection67] INFO  impl.LeaderElection (LogUtils.java:infoOrTrace(149)) -   Exception 1: {}
java.util.concurrent.ExecutionException: org.apache.ratis.thirdparty.io.grpc.StatusRuntimeException: UNAVAILABLE: io exception
	at java.util.concurrent.FutureTask.report(FutureTask.java:122)
	at java.util.concurrent.FutureTask.get(FutureTask.java:192)
	at org.apache.ratis.server.impl.LeaderElection.waitForResults(LeaderElection.java:263)
	at org.apache.ratis.server.impl.LeaderElection.askForVotes(LeaderElection.java:201)
	at org.apache.ratis.server.impl.LeaderElection.run(LeaderElection.java:133)
	at java.lang.Thread.run(Thread.java:748)
Caused by: org.apache.ratis.thirdparty.io.grpc.StatusRuntimeException: UNAVAILABLE: io exception
	at org.apache.ratis.thirdparty.io.grpc.stub.ClientCalls.toStatusRuntimeException(ClientCalls.java:233)
	at org.apache.ratis.thirdparty.io.grpc.stub.ClientCalls.getUnchecked(ClientCalls.java:214)
	at org.apache.ratis.thirdparty.io.grpc.stub.ClientCalls.blockingUnaryCall(ClientCalls.java:139)
	at org.apache.ratis.proto.grpc.RaftServerProtocolServiceGrpc$RaftServerProtocolServiceBlockingStub.requestVote(RaftServerProtocolServiceGrpc.java:265)
	at org.apache.ratis.grpc.server.GrpcServerProtocolClient.requestVote(GrpcServerProtocolClient.java:90)
	at org.apache.ratis.grpc.server.GrpcService.requestVote(GrpcService.java:204)
	at org.apache.ratis.server.impl.LeaderElection.lambda$submitRequests$1(LeaderElection.java:238)
	at java.util.concurrent.FutureTask.run(FutureTask.java:266)
	at java.util.concurrent.Executors$RunnableAdapter.call(Executors.java:511)
	at java.util.concurrent.FutureTask.run(FutureTask.java:266)
	at java.util.concurrent.ThreadPoolExecutor.runWorker(ThreadPoolExecutor.java:1149)
	at java.util.concurrent.ThreadPoolExecutor$Worker.run(ThreadPoolExecutor.java:624)
	... 1 more
Caused by: org.apache.ratis.thirdparty.io.netty.channel.AbstractChannel$AnnotatedConnectException: Connection refused: /192.168.34.51:33798
	at sun.nio.ch.SocketChannelImpl.checkConnect(Native Method)
	at sun.nio.ch.SocketChannelImpl.finishConnect(SocketChannelImpl.java:717)
	at org.apache.ratis.thirdparty.io.netty.channel.socket.nio.NioSocketChannel.doFinishConnect(NioSocketChannel.java:327)
	at org.apache.ratis.thirdparty.io.netty.channel.nio.AbstractNioChannel$AbstractNioUnsafe.finishConnect(AbstractNioChannel.java:340)
	at org.apache.ratis.thirdparty.io.netty.channel.nio.NioEventLoop.processSelectedKey(NioEventLoop.java:632)
	at org.apache.ratis.thirdparty.io.netty.channel.nio.NioEventLoop.processSelectedKeysOptimized(NioEventLoop.java:579)
	at org.apache.ratis.thirdparty.io.netty.channel.nio.NioEventLoop.processSelectedKeys(NioEventLoop.java:496)
	at org.apache.ratis.thirdparty.io.netty.channel.nio.NioEventLoop.run(NioEventLoop.java:458)
	at org.apache.ratis.thirdparty.io.netty.util.concurrent.SingleThreadEventExecutor$5.run(SingleThreadEventExecutor.java:897)
	at org.apache.ratis.thirdparty.io.netty.util.concurrent.FastThreadLocalRunnable.run(FastThreadLocalRunnable.java:30)
	... 1 more
Caused by: java.net.ConnectException: Connection refused
	... 11 more
2019-09-19 13:31:50,384 [e9b4aebe-416b-4a6e-b639-511f332e30a8@group-4C2FD5DA9928:LeaderElection67] INFO  impl.RaftServerImpl (RaftServerImpl.java:setRole(174)) - e9b4aebe-416b-4a6e-b639-511f332e30a8@group-4C2FD5DA9928: changes role from CANDIDATE to FOLLOWER at term 2 for DISCOVERED_A_NEW_TERM
2019-09-19 13:31:50,384 [e9b4aebe-416b-4a6e-b639-511f332e30a8@group-4C2FD5DA9928:LeaderElection67] INFO  impl.RoleInfo (RoleInfo.java:shutdownLeaderElection(134)) - e9b4aebe-416b-4a6e-b639-511f332e30a8: shutdown LeaderElection
2019-09-19 13:31:50,384 [e9b4aebe-416b-4a6e-b639-511f332e30a8@group-4C2FD5DA9928:LeaderElection67] INFO  impl.RoleInfo (RoleInfo.java:updateAndGet(143)) - e9b4aebe-416b-4a6e-b639-511f332e30a8: start FollowerState
2019-09-19 13:31:50,769 [EventQueue-StaleNodeForStaleNodeHandler] INFO  node.StaleNodeHandler (StaleNodeHandler.java:onMessage(58)) - Datanode 0a0d37aa-ff90-4935-8d48-c839ac7b3aa9{ip: 192.168.34.51, host: pr-hdds-1982-decom-states-fm625-96302961, networkLocation: /default-rack, certSerialId: null} moved to stale state. Finalizing its pipelines [PipelineID=61905a30-3d6c-4a96-af7b-ac46b0bd9f6e, PipelineID=606f967c-494e-4af9-a04b-ef3252784fcc]
2019-09-19 13:31:50,771 [EventQueue-StaleNodeForStaleNodeHandler] INFO  pipeline.SCMPipelineManager (SCMPipelineManager.java:finalizeAndDestroyPipeline(311)) - destroying pipeline:Pipeline[ Id: 61905a30-3d6c-4a96-af7b-ac46b0bd9f6e, Nodes: 0a0d37aa-ff90-4935-8d48-c839ac7b3aa9{ip: 192.168.34.51, host: pr-hdds-1982-decom-states-fm625-96302961, networkLocation: /default-rack, certSerialId: null}ba204b2d-37a0-404f-91dd-7a92ee0c53b2{ip: 192.168.34.51, host: pr-hdds-1982-decom-states-fm625-96302961, networkLocation: /default-rack, certSerialId: null}d0f0864f-f10e-402b-b950-9345ab4d2f6b{ip: 192.168.34.51, host: pr-hdds-1982-decom-states-fm625-96302961, networkLocation: /default-rack, certSerialId: null}, Type:RATIS, Factor:THREE, State:CLOSED]
2019-09-19 13:31:50,771 [EventQueue-StaleNodeForStaleNodeHandler] INFO  pipeline.SCMPipelineManager (SCMPipelineManager.java:finalizeAndDestroyPipeline(311)) - destroying pipeline:Pipeline[ Id: 606f967c-494e-4af9-a04b-ef3252784fcc, Nodes: 0a0d37aa-ff90-4935-8d48-c839ac7b3aa9{ip: 192.168.34.51, host: pr-hdds-1982-decom-states-fm625-96302961, networkLocation: /default-rack, certSerialId: null}, Type:RATIS, Factor:ONE, State:OPEN]
2019-09-19 13:31:50,771 [EventQueue-StaleNodeForStaleNodeHandler] INFO  pipeline.PipelineStateManager (PipelineStateManager.java:finalizePipeline(123)) - Pipeline Pipeline[ Id: 606f967c-494e-4af9-a04b-ef3252784fcc, Nodes: 0a0d37aa-ff90-4935-8d48-c839ac7b3aa9{ip: 192.168.34.51, host: pr-hdds-1982-decom-states-fm625-96302961, networkLocation: /default-rack, certSerialId: null}, Type:RATIS, Factor:ONE, State:CLOSED] moved to CLOSED state
2019-09-19 13:31:51,270 [EventQueue-StaleNodeForStaleNodeHandler] INFO  node.StaleNodeHandler (StaleNodeHandler.java:onMessage(58)) - Datanode e9b4aebe-416b-4a6e-b639-511f332e30a8{ip: 192.168.34.51, host: pr-hdds-1982-decom-states-fm625-96302961, networkLocation: /default-rack, certSerialId: null} moved to stale state. Finalizing its pipelines [PipelineID=829d5633-677e-4961-b1d8-4c2fd5da9928, PipelineID=499821f6-daa4-473e-bd3e-48ac3e42d26f]
2019-09-19 13:31:51,270 [EventQueue-StaleNodeForStaleNodeHandler] INFO  pipeline.SCMPipelineManager (SCMPipelineManager.java:finalizeAndDestroyPipeline(311)) - destroying pipeline:Pipeline[ Id: 829d5633-677e-4961-b1d8-4c2fd5da9928, Nodes: cf9ed8b7-443d-44fc-a2c6-3bd48ab29d60{ip: 192.168.34.51, host: pr-hdds-1982-decom-states-fm625-96302961, networkLocation: /default-rack, certSerialId: null}5a2f126f-e78b-4b68-8184-641a1e5af4bb{ip: 192.168.34.51, host: pr-hdds-1982-decom-states-fm625-96302961, networkLocation: /default-rack, certSerialId: null}e9b4aebe-416b-4a6e-b639-511f332e30a8{ip: 192.168.34.51, host: pr-hdds-1982-decom-states-fm625-96302961, networkLocation: /default-rack, certSerialId: null}, Type:RATIS, Factor:THREE, State:CLOSED]
2019-09-19 13:31:51,270 [EventQueue-StaleNodeForStaleNodeHandler] INFO  pipeline.SCMPipelineManager (SCMPipelineManager.java:finalizeAndDestroyPipeline(311)) - destroying pipeline:Pipeline[ Id: 499821f6-daa4-473e-bd3e-48ac3e42d26f, Nodes: e9b4aebe-416b-4a6e-b639-511f332e30a8{ip: 192.168.34.51, host: pr-hdds-1982-decom-states-fm625-96302961, networkLocation: /default-rack, certSerialId: null}, Type:RATIS, Factor:ONE, State:OPEN]
2019-09-19 13:31:51,270 [EventQueue-StaleNodeForStaleNodeHandler] INFO  pipeline.PipelineStateManager (PipelineStateManager.java:finalizePipeline(123)) - Pipeline Pipeline[ Id: 499821f6-daa4-473e-bd3e-48ac3e42d26f, Nodes: e9b4aebe-416b-4a6e-b639-511f332e30a8{ip: 192.168.34.51, host: pr-hdds-1982-decom-states-fm625-96302961, networkLocation: /default-rack, certSerialId: null}, Type:RATIS, Factor:ONE, State:CLOSED] moved to CLOSED state
2019-09-19 13:31:51,535 [main] INFO  ozoneimpl.OzoneContainer (OzoneContainer.java:stop(231)) - Attempting to stop container services.
2019-09-19 13:31:51,537 [main] INFO  impl.RaftServerProxy (RaftServerProxy.java:lambda$close$4(314)) - 0a0d37aa-ff90-4935-8d48-c839ac7b3aa9: close
2019-09-19 13:31:51,538 [main] INFO  impl.RaftServerImpl (RaftServerImpl.java:lambda$shutdown$3(251)) - 0a0d37aa-ff90-4935-8d48-c839ac7b3aa9@group-AC46B0BD9F6E: shutdown
2019-09-19 13:31:51,538 [main] INFO  util.JmxRegister (JmxRegister.java:unregister(73)) - Successfully un-registered JMX Bean with object name Ratis:service=RaftServer,group=group-AC46B0BD9F6E,id=0a0d37aa-ff90-4935-8d48-c839ac7b3aa9
2019-09-19 13:31:51,538 [main] INFO  impl.RoleInfo (RoleInfo.java:shutdownFollowerState(121)) - 0a0d37aa-ff90-4935-8d48-c839ac7b3aa9: shutdown FollowerState
2019-09-19 13:31:51,538 [main] INFO  impl.StateMachineUpdater (StateMachineUpdater.java:stopAndJoin(125)) - 0a0d37aa-ff90-4935-8d48-c839ac7b3aa9@group-AC46B0BD9F6E-StateMachineUpdater: set stopIndex = 16
2019-09-19 13:31:51,539 [Thread-3352] INFO  impl.FollowerState (FollowerState.java:run(115)) - 0a0d37aa-ff90-4935-8d48-c839ac7b3aa9: FollowerState was interrupted: java.lang.InterruptedException: sleep interrupted
2019-09-19 13:31:51,540 [0a0d37aa-ff90-4935-8d48-c839ac7b3aa9@group-AC46B0BD9F6E-StateMachineUpdater] INFO  ratis.ContainerStateMachine (ContainerStateMachine.java:takeSnapshot(289)) - group-AC46B0BD9F6E: Taking a snapshot at:(t:1, i:16) file /workdir/hadoop-ozone/integration-test/target/test-dir/MiniOzoneClusterImpl-4d5d2d7a-88bc-4d8f-bc17-99926ca9d3cb/datanode-6/data/ratis/61905a30-3d6c-4a96-af7b-ac46b0bd9f6e/sm/snapshot.1_16
2019-09-19 13:31:51,554 [0a0d37aa-ff90-4935-8d48-c839ac7b3aa9@group-AC46B0BD9F6E-StateMachineUpdater] INFO  ratis.ContainerStateMachine (ContainerStateMachine.java:takeSnapshot(300)) - group-AC46B0BD9F6E: Finished taking a snapshot at:(t:1, i:16) file:/workdir/hadoop-ozone/integration-test/target/test-dir/MiniOzoneClusterImpl-4d5d2d7a-88bc-4d8f-bc17-99926ca9d3cb/datanode-6/data/ratis/61905a30-3d6c-4a96-af7b-ac46b0bd9f6e/sm/snapshot.1_16 time:14
2019-09-19 13:31:51,554 [0a0d37aa-ff90-4935-8d48-c839ac7b3aa9@group-AC46B0BD9F6E-StateMachineUpdater] INFO  impl.StateMachineUpdater (StateMachineUpdater.java:takeSnapshot(258)) - 0a0d37aa-ff90-4935-8d48-c839ac7b3aa9@group-AC46B0BD9F6E-StateMachineUpdater: Took a snapshot at index 16
2019-09-19 13:31:51,555 [0a0d37aa-ff90-4935-8d48-c839ac7b3aa9@group-AC46B0BD9F6E-StateMachineUpdater] INFO  impl.StateMachineUpdater (StateMachineUpdater.java:lambda$new$0(83)) - 0a0d37aa-ff90-4935-8d48-c839ac7b3aa9@group-AC46B0BD9F6E-StateMachineUpdater: snapshotIndex: updateIncreasingly -1 -> 16
2019-09-19 13:31:51,556 [main] INFO  impl.RaftServerImpl (ServerState.java:close(385)) - 0a0d37aa-ff90-4935-8d48-c839ac7b3aa9@group-AC46B0BD9F6E: closes. applyIndex: 16
2019-09-19 13:31:51,556 [0a0d37aa-ff90-4935-8d48-c839ac7b3aa9@group-AC46B0BD9F6E-SegmentedRaftLogWorker] INFO  segmented.SegmentedRaftLogWorker (SegmentedRaftLogWorker.java:run(313)) - 0a0d37aa-ff90-4935-8d48-c839ac7b3aa9@group-AC46B0BD9F6E-SegmentedRaftLogWorker was interrupted, exiting. There are 0 tasks remaining in the queue.
2019-09-19 13:31:51,557 [main] INFO  segmented.SegmentedRaftLogWorker (SegmentedRaftLogWorker.java:close(228)) - 0a0d37aa-ff90-4935-8d48-c839ac7b3aa9@group-AC46B0BD9F6E-SegmentedRaftLogWorker close()
2019-09-19 13:31:51,558 [main] INFO  impl.RaftServerImpl (RaftServerImpl.java:lambda$shutdown$3(251)) - 0a0d37aa-ff90-4935-8d48-c839ac7b3aa9@group-EF3252784FCC: shutdown
2019-09-19 13:31:51,558 [main] INFO  util.JmxRegister (JmxRegister.java:unregister(73)) - Successfully un-registered JMX Bean with object name Ratis:service=RaftServer,group=group-EF3252784FCC,id=0a0d37aa-ff90-4935-8d48-c839ac7b3aa9
2019-09-19 13:31:51,558 [main] INFO  impl.RoleInfo (RoleInfo.java:shutdownLeaderState(104)) - 0a0d37aa-ff90-4935-8d48-c839ac7b3aa9: shutdown LeaderState
2019-09-19 13:31:51,559 [main] INFO  impl.PendingRequests (PendingRequests.java:sendNotLeaderResponses(202)) - 0a0d37aa-ff90-4935-8d48-c839ac7b3aa9-PendingRequests: sendNotLeaderResponses
2019-09-19 13:31:51,559 [main] INFO  impl.StateMachineUpdater (StateMachineUpdater.java:stopAndJoin(125)) - 0a0d37aa-ff90-4935-8d48-c839ac7b3aa9@group-EF3252784FCC-StateMachineUpdater: set stopIndex = 0
2019-09-19 13:31:51,559 [main] INFO  impl.RaftServerImpl (ServerState.java:close(385)) - 0a0d37aa-ff90-4935-8d48-c839ac7b3aa9@group-EF3252784FCC: closes. applyIndex: 0
2019-09-19 13:31:51,559 [0a0d37aa-ff90-4935-8d48-c839ac7b3aa9@group-EF3252784FCC-SegmentedRaftLogWorker] INFO  segmented.SegmentedRaftLogWorker (SegmentedRaftLogWorker.java:run(313)) - 0a0d37aa-ff90-4935-8d48-c839ac7b3aa9@group-EF3252784FCC-SegmentedRaftLogWorker was interrupted, exiting. There are 0 tasks remaining in the queue.
2019-09-19 13:31:51,560 [main] INFO  segmented.SegmentedRaftLogWorker (SegmentedRaftLogWorker.java:close(228)) - 0a0d37aa-ff90-4935-8d48-c839ac7b3aa9@group-EF3252784FCC-SegmentedRaftLogWorker close()
2019-09-19 13:31:51,561 [main] INFO  server.GrpcService (GrpcService.java:closeImpl(164)) - 0a0d37aa-ff90-4935-8d48-c839ac7b3aa9: shutdown server with port 39232 now
2019-09-19 13:31:51,561 [main] INFO  server.GrpcService (GrpcService.java:closeImpl(172)) - 0a0d37aa-ff90-4935-8d48-c839ac7b3aa9: shutdown server with port 39232 successfully
2019-09-19 13:31:51,563 [refreshUsed-/workdir/hadoop-ozone/integration-test/target/test-dir/MiniOzoneClusterImpl-4d5d2d7a-88bc-4d8f-bc17-99926ca9d3cb/datanode-6/data/containers] WARN  fs.CachingGetSpaceUsed (CachingGetSpaceUsed.java:run(183)) - Thread Interrupted waiting to refresh disk information: sleep interrupted
2019-09-19 13:31:51,573 [main] INFO  utils.BackgroundService (BackgroundService.java:shutdown(148)) - Shutting down service BlockDeletingService
2019-09-19 13:31:51,576 [main] INFO  statemachine.DatanodeStateMachine (DatanodeStateMachine.java:stopDaemon(395)) - Ozone container server stopped.
2019-09-19 13:31:51,576 [ForkJoinPool.commonPool-worker-1] INFO  ozoneimpl.OzoneContainer (OzoneContainer.java:stop(231)) - Attempting to stop container services.
2019-09-19 13:31:51,576 [ForkJoinPool.commonPool-worker-1] INFO  impl.RaftServerProxy (RaftServerProxy.java:lambda$close$4(314)) - e9b4aebe-416b-4a6e-b639-511f332e30a8: close
2019-09-19 13:31:51,576 [ForkJoinPool.commonPool-worker-1] INFO  impl.RaftServerImpl (RaftServerImpl.java:lambda$shutdown$3(251)) - e9b4aebe-416b-4a6e-b639-511f332e30a8@group-4C2FD5DA9928: shutdown
2019-09-19 13:31:51,576 [ForkJoinPool.commonPool-worker-1] INFO  util.JmxRegister (JmxRegister.java:unregister(73)) - Successfully un-registered JMX Bean with object name Ratis:service=RaftServer,group=group-4C2FD5DA9928,id=e9b4aebe-416b-4a6e-b639-511f332e30a8
2019-09-19 13:31:51,576 [ForkJoinPool.commonPool-worker-1] INFO  impl.RoleInfo (RoleInfo.java:shutdownFollowerState(121)) - e9b4aebe-416b-4a6e-b639-511f332e30a8: shutdown FollowerState
2019-09-19 13:31:51,577 [ForkJoinPool.commonPool-worker-1] INFO  impl.StateMachineUpdater (StateMachineUpdater.java:stopAndJoin(125)) - e9b4aebe-416b-4a6e-b639-511f332e30a8@group-4C2FD5DA9928-StateMachineUpdater: set stopIndex = 4
2019-09-19 13:31:51,577 [e9b4aebe-416b-4a6e-b639-511f332e30a8@group-4C2FD5DA9928-StateMachineUpdater] INFO  ratis.ContainerStateMachine (ContainerStateMachine.java:takeSnapshot(289)) - group-4C2FD5DA9928: Taking a snapshot at:(t:1, i:3) file /workdir/hadoop-ozone/integration-test/target/test-dir/MiniOzoneClusterImpl-4d5d2d7a-88bc-4d8f-bc17-99926ca9d3cb/datanode-5/data/ratis/829d5633-677e-4961-b1d8-4c2fd5da9928/sm/snapshot.1_3
2019-09-19 13:31:51,577 [Thread-3356] INFO  impl.FollowerState (FollowerState.java:run(115)) - e9b4aebe-416b-4a6e-b639-511f332e30a8: FollowerState was interrupted: java.lang.InterruptedException: sleep interrupted
2019-09-19 13:31:51,577 [main] INFO  handler.ContextHandler (ContextHandler.java:doStop(910)) - Stopped o.e.j.w.WebAppContext@47569167{/,null,UNAVAILABLE}{/hddsDatanode}
2019-09-19 13:31:51,579 [main] INFO  server.AbstractConnector (AbstractConnector.java:doStop(318)) - Stopped ServerConnector@42d9e8d2{HTTP/1.1,[http/1.1]}{0.0.0.0:0}
2019-09-19 13:31:51,579 [main] INFO  handler.ContextHandler (ContextHandler.java:doStop(910)) - Stopped o.e.j.s.ServletContextHandler@150fc7a7{/static,jar:file:/home/user/.m2/repository/org/apache/hadoop/hadoop-hdds-container-service/0.5.0-SNAPSHOT/hadoop-hdds-container-service-0.5.0-SNAPSHOT.jar!/webapps/static,UNAVAILABLE}
2019-09-19 13:31:51,580 [main] INFO  handler.ContextHandler (ContextHandler.java:doStop(910)) - Stopped o.e.j.s.ServletContextHandler@700b9e6b{/logs,file:///workdir/hadoop-ozone/integration-test/target/log,UNAVAILABLE}
2019-09-19 13:31:51,591 [e9b4aebe-416b-4a6e-b639-511f332e30a8@group-4C2FD5DA9928-StateMachineUpdater] INFO  ratis.ContainerStateMachine (ContainerStateMachine.java:takeSnapshot(300)) - group-4C2FD5DA9928: Finished taking a snapshot at:(t:1, i:3) file:/workdir/hadoop-ozone/integration-test/target/test-dir/MiniOzoneClusterImpl-4d5d2d7a-88bc-4d8f-bc17-99926ca9d3cb/datanode-5/data/ratis/829d5633-677e-4961-b1d8-4c2fd5da9928/sm/snapshot.1_3 time:14
2019-09-19 13:31:51,591 [e9b4aebe-416b-4a6e-b639-511f332e30a8@group-4C2FD5DA9928-StateMachineUpdater] INFO  impl.StateMachineUpdater (StateMachineUpdater.java:takeSnapshot(258)) - e9b4aebe-416b-4a6e-b639-511f332e30a8@group-4C2FD5DA9928-StateMachineUpdater: Took a snapshot at index 3
2019-09-19 13:31:51,591 [e9b4aebe-416b-4a6e-b639-511f332e30a8@group-4C2FD5DA9928-StateMachineUpdater] INFO  impl.StateMachineUpdater (StateMachineUpdater.java:lambda$new$0(83)) - e9b4aebe-416b-4a6e-b639-511f332e30a8@group-4C2FD5DA9928-StateMachineUpdater: snapshotIndex: updateIncreasingly -1 -> 3
2019-09-19 13:31:51,591 [e9b4aebe-416b-4a6e-b639-511f332e30a8@group-4C2FD5DA9928-StateMachineUpdater] INFO  ratis.ContainerStateMachine (ContainerStateMachine.java:takeSnapshot(289)) - group-4C2FD5DA9928: Taking a snapshot at:(t:1, i:3) file /workdir/hadoop-ozone/integration-test/target/test-dir/MiniOzoneClusterImpl-4d5d2d7a-88bc-4d8f-bc17-99926ca9d3cb/datanode-5/data/ratis/829d5633-677e-4961-b1d8-4c2fd5da9928/sm/snapshot.1_3
2019-09-19 13:31:51,604 [e9b4aebe-416b-4a6e-b639-511f332e30a8@group-4C2FD5DA9928-StateMachineUpdater] INFO  ratis.ContainerStateMachine (ContainerStateMachine.java:takeSnapshot(300)) - group-4C2FD5DA9928: Finished taking a snapshot at:(t:1, i:3) file:/workdir/hadoop-ozone/integration-test/target/test-dir/MiniOzoneClusterImpl-4d5d2d7a-88bc-4d8f-bc17-99926ca9d3cb/datanode-5/data/ratis/829d5633-677e-4961-b1d8-4c2fd5da9928/sm/snapshot.1_3 time:12
2019-09-19 13:31:51,604 [e9b4aebe-416b-4a6e-b639-511f332e30a8@group-4C2FD5DA9928-StateMachineUpdater] INFO  impl.StateMachineUpdater (StateMachineUpdater.java:takeSnapshot(258)) - e9b4aebe-416b-4a6e-b639-511f332e30a8@group-4C2FD5DA9928-StateMachineUpdater: Took a snapshot at index 3
2019-09-19 13:31:51,604 [e9b4aebe-416b-4a6e-b639-511f332e30a8@group-4C2FD5DA9928-StateMachineUpdater] INFO  impl.StateMachineUpdater (StateMachineUpdater.java:lambda$new$0(83)) - e9b4aebe-416b-4a6e-b639-511f332e30a8@group-4C2FD5DA9928-StateMachineUpdater: snapshotIndex: updateIncreasingly 3 -> 3
2019-09-19 13:31:51,604 [ForkJoinPool.commonPool-worker-1] INFO  impl.RaftServerImpl (ServerState.java:close(385)) - e9b4aebe-416b-4a6e-b639-511f332e30a8@group-4C2FD5DA9928: closes. applyIndex: 4
2019-09-19 13:31:51,605 [e9b4aebe-416b-4a6e-b639-511f332e30a8@group-4C2FD5DA9928-SegmentedRaftLogWorker] INFO  segmented.SegmentedRaftLogWorker (SegmentedRaftLogWorker.java:run(313)) - e9b4aebe-416b-4a6e-b639-511f332e30a8@group-4C2FD5DA9928-SegmentedRaftLogWorker was interrupted, exiting. There are 0 tasks remaining in the queue.
2019-09-19 13:31:51,605 [ForkJoinPool.commonPool-worker-1] INFO  segmented.SegmentedRaftLogWorker (SegmentedRaftLogWorker.java:close(228)) - e9b4aebe-416b-4a6e-b639-511f332e30a8@group-4C2FD5DA9928-SegmentedRaftLogWorker close()
2019-09-19 13:31:51,606 [ForkJoinPool.commonPool-worker-1] INFO  impl.RaftServerImpl (RaftServerImpl.java:lambda$shutdown$3(251)) - e9b4aebe-416b-4a6e-b639-511f332e30a8@group-48AC3E42D26F: shutdown
2019-09-19 13:31:51,606 [ForkJoinPool.commonPool-worker-1] INFO  util.JmxRegister (JmxRegister.java:unregister(73)) - Successfully un-registered JMX Bean with object name Ratis:service=RaftServer,group=group-48AC3E42D26F,id=e9b4aebe-416b-4a6e-b639-511f332e30a8
2019-09-19 13:31:51,606 [ForkJoinPool.commonPool-worker-1] INFO  impl.RoleInfo (RoleInfo.java:shutdownLeaderState(104)) - e9b4aebe-416b-4a6e-b639-511f332e30a8: shutdown LeaderState
2019-09-19 13:31:51,606 [ForkJoinPool.commonPool-worker-1] INFO  impl.PendingRequests (PendingRequests.java:sendNotLeaderResponses(202)) - e9b4aebe-416b-4a6e-b639-511f332e30a8-PendingRequests: sendNotLeaderResponses
2019-09-19 13:31:51,606 [ForkJoinPool.commonPool-worker-1] INFO  impl.StateMachineUpdater (StateMachineUpdater.java:stopAndJoin(125)) - e9b4aebe-416b-4a6e-b639-511f332e30a8@group-48AC3E42D26F-StateMachineUpdater: set stopIndex = 0
2019-09-19 13:31:51,607 [ForkJoinPool.commonPool-worker-1] INFO  impl.RaftServerImpl (ServerState.java:close(385)) - e9b4aebe-416b-4a6e-b639-511f332e30a8@group-48AC3E42D26F: closes. applyIndex: 0
2019-09-19 13:31:51,607 [e9b4aebe-416b-4a6e-b639-511f332e30a8@group-48AC3E42D26F-SegmentedRaftLogWorker] INFO  segmented.SegmentedRaftLogWorker (SegmentedRaftLogWorker.java:run(313)) - e9b4aebe-416b-4a6e-b639-511f332e30a8@group-48AC3E42D26F-SegmentedRaftLogWorker was interrupted, exiting. There are 0 tasks remaining in the queue.
2019-09-19 13:31:51,607 [ForkJoinPool.commonPool-worker-1] INFO  segmented.SegmentedRaftLogWorker (SegmentedRaftLogWorker.java:close(228)) - e9b4aebe-416b-4a6e-b639-511f332e30a8@group-48AC3E42D26F-SegmentedRaftLogWorker close()
2019-09-19 13:31:51,608 [ForkJoinPool.commonPool-worker-1] INFO  server.GrpcService (GrpcService.java:closeImpl(164)) - e9b4aebe-416b-4a6e-b639-511f332e30a8: shutdown server with port 45698 now
2019-09-19 13:31:51,608 [ForkJoinPool.commonPool-worker-1] INFO  server.GrpcService (GrpcService.java:closeImpl(172)) - e9b4aebe-416b-4a6e-b639-511f332e30a8: shutdown server with port 45698 successfully
2019-09-19 13:31:51,609 [refreshUsed-/workdir/hadoop-ozone/integration-test/target/test-dir/MiniOzoneClusterImpl-4d5d2d7a-88bc-4d8f-bc17-99926ca9d3cb/datanode-5/data/containers] WARN  fs.CachingGetSpaceUsed (CachingGetSpaceUsed.java:run(183)) - Thread Interrupted waiting to refresh disk information: sleep interrupted
2019-09-19 13:31:51,621 [ForkJoinPool.commonPool-worker-1] INFO  utils.BackgroundService (BackgroundService.java:shutdown(148)) - Shutting down service BlockDeletingService
2019-09-19 13:31:51,624 [ForkJoinPool.commonPool-worker-1] INFO  statemachine.DatanodeStateMachine (DatanodeStateMachine.java:stopDaemon(395)) - Ozone container server stopped.
2019-09-19 13:31:51,627 [ForkJoinPool.commonPool-worker-1] INFO  handler.ContextHandler (ContextHandler.java:doStop(910)) - Stopped o.e.j.w.WebAppContext@65600fb3{/,null,UNAVAILABLE}{/hddsDatanode}
2019-09-19 13:31:51,627 [ForkJoinPool.commonPool-worker-1] INFO  server.AbstractConnector (AbstractConnector.java:doStop(318)) - Stopped ServerConnector@25ce435{HTTP/1.1,[http/1.1]}{0.0.0.0:0}
2019-09-19 13:31:51,628 [ForkJoinPool.commonPool-worker-1] INFO  handler.ContextHandler (ContextHandler.java:doStop(910)) - Stopped o.e.j.s.ServletContextHandler@2f4d32bf{/static,jar:file:/home/user/.m2/repository/org/apache/hadoop/hadoop-hdds-container-service/0.5.0-SNAPSHOT/hadoop-hdds-container-service-0.5.0-SNAPSHOT.jar!/webapps/static,UNAVAILABLE}
2019-09-19 13:31:51,629 [ForkJoinPool.commonPool-worker-1] INFO  handler.ContextHandler (ContextHandler.java:doStop(910)) - Stopped o.e.j.s.ServletContextHandler@4b3a01d8{/logs,file:///workdir/hadoop-ozone/integration-test/target/log,UNAVAILABLE}
2019-09-19 13:31:51,629 [main] INFO  ozone.MiniOzoneClusterImpl (MiniOzoneClusterImpl.java:stop(344)) - Stopping the StorageContainerManager
2019-09-19 13:31:51,630 [main] INFO  server.StorageContainerManager (StorageContainerManager.java:stop(801)) - Stopping Replication Manager Service.
2019-09-19 13:31:51,630 [main] INFO  container.ReplicationManager (ReplicationManager.java:stop(203)) - Stopping Replication Monitor Thread.
2019-09-19 13:31:51,630 [main] INFO  server.StorageContainerManager (StorageContainerManager.java:stop(808)) - Stopping Lease Manager of the command watchers
2019-09-19 13:31:51,630 [main] INFO  server.StorageContainerManager (StorageContainerManager.java:stop(815)) - Stopping datanode service RPC server
2019-09-19 13:31:51,630 [main] INFO  server.SCMDatanodeProtocolServer (SCMDatanodeProtocolServer.java:stop(367)) - Stopping the RPC server for DataNodes
2019-09-19 13:31:51,630 [main] INFO  ipc.Server (Server.java:stop(3082)) - Stopping server on 45244
2019-09-19 13:31:51,634 [IPC Server listener on 45244] INFO  ipc.Server (Server.java:run(1185)) - Stopping IPC Server listener on 45244
2019-09-19 13:31:51,634 [IPC Server Responder] INFO  ipc.Server (Server.java:run(1319)) - Stopping IPC Server Responder
2019-09-19 13:31:51,670 [SCM Heartbeat Processing Thread - 0] WARN  node.NodeStateManager (NodeStateManager.java:scheduleNextHealthCheck(653)) - Current Thread is interrupted, shutting down HB processing thread for Node Manager.
2019-09-19 13:31:51,670 [main] INFO  server.StorageContainerManager (StorageContainerManager.java:stop(823)) - Stopping block service RPC server
2019-09-19 13:31:51,670 [main] INFO  server.SCMBlockProtocolServer (SCMBlockProtocolServer.java:stop(155)) - Stopping the RPC server for Block Protocol
2019-09-19 13:31:51,670 [main] INFO  ipc.Server (Server.java:stop(3082)) - Stopping server on 38358
2019-09-19 13:31:51,672 [IPC Server listener on 38358] INFO  ipc.Server (Server.java:run(1185)) - Stopping IPC Server listener on 38358
2019-09-19 13:31:51,672 [main] INFO  server.StorageContainerManager (StorageContainerManager.java:stop(830)) - Stopping the StorageContainerLocationProtocol RPC server
2019-09-19 13:31:51,673 [IPC Server Responder] INFO  ipc.Server (Server.java:run(1319)) - Stopping IPC Server Responder
2019-09-19 13:31:51,673 [main] INFO  server.SCMClientProtocolServer (SCMClientProtocolServer.java:stop(159)) - Stopping the RPC server for Client Protocol
2019-09-19 13:31:51,673 [main] INFO  ipc.Server (Server.java:stop(3082)) - Stopping server on 39145
2019-09-19 13:31:51,675 [IPC Server listener on 39145] INFO  ipc.Server (Server.java:run(1185)) - Stopping IPC Server listener on 39145
2019-09-19 13:31:51,676 [main] INFO  server.StorageContainerManager (StorageContainerManager.java:stop(837)) - Stopping Storage Container Manager HTTP server.
2019-09-19 13:31:51,677 [IPC Server Responder] INFO  ipc.Server (Server.java:run(1319)) - Stopping IPC Server Responder
2019-09-19 13:31:51,677 [main] INFO  handler.ContextHandler (ContextHandler.java:doStop(910)) - Stopped o.e.j.w.WebAppContext@55877274{/,null,UNAVAILABLE}{/scm}
2019-09-19 13:31:51,678 [main] INFO  server.AbstractConnector (AbstractConnector.java:doStop(318)) - Stopped ServerConnector@723e2d08{HTTP/1.1,[http/1.1]}{0.0.0.0:0}
2019-09-19 13:31:51,678 [main] INFO  handler.ContextHandler (ContextHandler.java:doStop(910)) - Stopped o.e.j.s.ServletContextHandler@216372b7{/static,file:///workdir/hadoop-ozone/integration-test/target/test-classes/webapps/static,UNAVAILABLE}
2019-09-19 13:31:51,679 [main] INFO  handler.ContextHandler (ContextHandler.java:doStop(910)) - Stopped o.e.j.s.ServletContextHandler@508ad266{/logs,file:///workdir/hadoop-ozone/integration-test/target/log,UNAVAILABLE}
2019-09-19 13:31:51,681 [main] INFO  server.StorageContainerManager (StorageContainerManager.java:stop(848)) - Stopping Block Manager Service.
2019-09-19 13:31:51,682 [main] INFO  utils.BackgroundService (BackgroundService.java:shutdown(148)) - Shutting down service SCMBlockDeletingService
2019-09-19 13:31:51,682 [main] INFO  utils.BackgroundService (BackgroundService.java:shutdown(148)) - Shutting down service SCMBlockDeletingService
2019-09-19 13:31:51,683 [main] INFO  server.StorageContainerManager (StorageContainerManager.java:stop(870)) - Stopping SCM Event Queue.
2019-09-19 13:31:51,688 [main] INFO  impl.MetricsSystemImpl (MetricsSystemImpl.java:stop(210)) - Stopping HddsDatanode metrics system...
2019-09-19 13:31:51,710 [main] INFO  impl.MetricsSystemImpl (MetricsSystemImpl.java:stop(216)) - HddsDatanode metrics system stopped.
]]></system-out>
    <system-err><![CDATA[Sep 19, 2019 1:31:18 PM org.apache.ratis.thirdparty.io.grpc.internal.ManagedChannelOrphanWrapper$ManagedChannelReference cleanQueue
SEVERE: *~*~*~ Channel ManagedChannelImpl{logId=2542, target=192.168.34.51:44123} was not shutdown properly!!! ~*~*~*
    Make sure to call shutdown()/shutdownNow() and wait until awaitTermination() returns true.
java.lang.RuntimeException: ManagedChannel allocation site
	at org.apache.ratis.thirdparty.io.grpc.internal.ManagedChannelOrphanWrapper$ManagedChannelReference.<init>(ManagedChannelOrphanWrapper.java:103)
	at org.apache.ratis.thirdparty.io.grpc.internal.ManagedChannelOrphanWrapper.<init>(ManagedChannelOrphanWrapper.java:53)
	at org.apache.ratis.thirdparty.io.grpc.internal.ManagedChannelOrphanWrapper.<init>(ManagedChannelOrphanWrapper.java:44)
	at org.apache.ratis.thirdparty.io.grpc.internal.AbstractManagedChannelImplBuilder.build(AbstractManagedChannelImplBuilder.java:411)
	at org.apache.hadoop.hdds.scm.XceiverClientGrpc.connectToDatanode(XceiverClientGrpc.java:175)
	at org.apache.hadoop.hdds.scm.XceiverClientGrpc.reconnect(XceiverClientGrpc.java:423)
	at org.apache.hadoop.hdds.scm.XceiverClientGrpc.sendCommandAsync(XceiverClientGrpc.java:372)
	at org.apache.hadoop.hdds.scm.XceiverClientGrpc.sendCommandWithRetry(XceiverClientGrpc.java:285)
	at org.apache.hadoop.hdds.scm.XceiverClientGrpc.sendCommandWithTraceIDAndRetry(XceiverClientGrpc.java:251)
	at org.apache.hadoop.hdds.scm.XceiverClientGrpc.sendCommand(XceiverClientGrpc.java:234)
	at org.apache.hadoop.hdds.scm.storage.ContainerProtocolCalls.getBlock(ContainerProtocolCalls.java:118)
	at org.apache.hadoop.hdds.scm.storage.BlockInputStream.getChunkInfos(BlockInputStream.java:167)
	at org.apache.hadoop.hdds.scm.storage.BlockInputStream.initialize(BlockInputStream.java:118)
	at org.apache.hadoop.hdds.scm.storage.BlockInputStream.read(BlockInputStream.java:222)
	at org.apache.hadoop.ozone.client.io.KeyInputStream.read(KeyInputStream.java:171)
	at org.apache.hadoop.ozone.client.io.OzoneInputStream.read(OzoneInputStream.java:47)
	at java.io.InputStream.read(InputStream.java:101)
	at org.apache.hadoop.ozone.container.ContainerTestHelper.validateData(ContainerTestHelper.java:714)
	at org.apache.hadoop.ozone.client.rpc.TestBlockOutputStreamWithFailures.validateData(TestBlockOutputStreamWithFailures.java:1216)
	at org.apache.hadoop.ozone.client.rpc.TestBlockOutputStreamWithFailures.testDatanodeFailureWithSingleNodeRatis(TestBlockOutputStreamWithFailures.java:1058)
	at sun.reflect.NativeMethodAccessorImpl.invoke0(Native Method)
	at sun.reflect.NativeMethodAccessorImpl.invoke(NativeMethodAccessorImpl.java:62)
	at sun.reflect.DelegatingMethodAccessorImpl.invoke(DelegatingMethodAccessorImpl.java:43)
	at java.lang.reflect.Method.invoke(Method.java:498)
	at org.junit.runners.model.FrameworkMethod$1.runReflectiveCall(FrameworkMethod.java:47)
	at org.junit.internal.runners.model.ReflectiveCallable.run(ReflectiveCallable.java:12)
	at org.junit.runners.model.FrameworkMethod.invokeExplosively(FrameworkMethod.java:44)
	at org.junit.internal.runners.statements.InvokeMethod.evaluate(InvokeMethod.java:17)
	at org.junit.internal.runners.statements.RunBefores.evaluate(RunBefores.java:26)
	at org.junit.internal.runners.statements.RunAfters.evaluate(RunAfters.java:27)
	at org.junit.runners.ParentRunner.runLeaf(ParentRunner.java:271)
	at org.junit.runners.BlockJUnit4ClassRunner.runChild(BlockJUnit4ClassRunner.java:70)
	at org.junit.runners.BlockJUnit4ClassRunner.runChild(BlockJUnit4ClassRunner.java:50)
	at org.junit.runners.ParentRunner$3.run(ParentRunner.java:238)
	at org.junit.runners.ParentRunner$1.schedule(ParentRunner.java:63)
	at org.junit.runners.ParentRunner.runChildren(ParentRunner.java:236)
	at org.junit.runners.ParentRunner.access$000(ParentRunner.java:53)
	at org.junit.runners.ParentRunner$2.evaluate(ParentRunner.java:229)
	at org.junit.runners.ParentRunner.run(ParentRunner.java:309)
	at org.apache.maven.surefire.junit4.JUnit4Provider.execute(JUnit4Provider.java:365)
	at org.apache.maven.surefire.junit4.JUnit4Provider.executeWithRerun(JUnit4Provider.java:273)
	at org.apache.maven.surefire.junit4.JUnit4Provider.executeTestSet(JUnit4Provider.java:238)
	at org.apache.maven.surefire.junit4.JUnit4Provider.invoke(JUnit4Provider.java:159)
	at org.apache.maven.surefire.booter.ForkedBooter.invokeProviderInSameClassLoader(ForkedBooter.java:384)
	at org.apache.maven.surefire.booter.ForkedBooter.runSuitesInProcess(ForkedBooter.java:345)
	at org.apache.maven.surefire.booter.ForkedBooter.execute(ForkedBooter.java:126)
	at org.apache.maven.surefire.booter.ForkedBooter.main(ForkedBooter.java:418)

Sep 19, 2019 1:31:18 PM org.apache.ratis.thirdparty.io.grpc.internal.ManagedChannelOrphanWrapper$ManagedChannelReference cleanQueue
SEVERE: *~*~*~ Channel ManagedChannelImpl{logId=2537, target=192.168.34.51:41120} was not shutdown properly!!! ~*~*~*
    Make sure to call shutdown()/shutdownNow() and wait until awaitTermination() returns true.
java.lang.RuntimeException: ManagedChannel allocation site
	at org.apache.ratis.thirdparty.io.grpc.internal.ManagedChannelOrphanWrapper$ManagedChannelReference.<init>(ManagedChannelOrphanWrapper.java:103)
	at org.apache.ratis.thirdparty.io.grpc.internal.ManagedChannelOrphanWrapper.<init>(ManagedChannelOrphanWrapper.java:53)
	at org.apache.ratis.thirdparty.io.grpc.internal.ManagedChannelOrphanWrapper.<init>(ManagedChannelOrphanWrapper.java:44)
	at org.apache.ratis.thirdparty.io.grpc.internal.AbstractManagedChannelImplBuilder.build(AbstractManagedChannelImplBuilder.java:411)
	at org.apache.hadoop.hdds.scm.XceiverClientGrpc.connectToDatanode(XceiverClientGrpc.java:175)
	at org.apache.hadoop.hdds.scm.XceiverClientGrpc.reconnect(XceiverClientGrpc.java:423)
	at org.apache.hadoop.hdds.scm.XceiverClientGrpc.sendCommandAsync(XceiverClientGrpc.java:372)
	at org.apache.hadoop.hdds.scm.XceiverClientGrpc.sendCommandWithRetry(XceiverClientGrpc.java:285)
	at org.apache.hadoop.hdds.scm.XceiverClientGrpc.sendCommandWithTraceIDAndRetry(XceiverClientGrpc.java:251)
	at org.apache.hadoop.hdds.scm.XceiverClientGrpc.sendCommand(XceiverClientGrpc.java:234)
	at org.apache.hadoop.hdds.scm.storage.ContainerProtocolCalls.getBlock(ContainerProtocolCalls.java:118)
	at org.apache.hadoop.hdds.scm.storage.BlockInputStream.getChunkInfos(BlockInputStream.java:167)
	at org.apache.hadoop.hdds.scm.storage.BlockInputStream.initialize(BlockInputStream.java:118)
	at org.apache.hadoop.hdds.scm.storage.BlockInputStream.read(BlockInputStream.java:222)
	at org.apache.hadoop.ozone.client.io.KeyInputStream.read(KeyInputStream.java:171)
	at org.apache.hadoop.ozone.client.io.OzoneInputStream.read(OzoneInputStream.java:47)
	at java.io.InputStream.read(InputStream.java:101)
	at org.apache.hadoop.ozone.container.ContainerTestHelper.validateData(ContainerTestHelper.java:714)
	at org.apache.hadoop.ozone.client.rpc.TestBlockOutputStreamWithFailures.validateData(TestBlockOutputStreamWithFailures.java:1216)
	at org.apache.hadoop.ozone.client.rpc.TestBlockOutputStreamWithFailures.testDatanodeFailureWithSingleNodeRatis(TestBlockOutputStreamWithFailures.java:1058)
	at sun.reflect.NativeMethodAccessorImpl.invoke0(Native Method)
	at sun.reflect.NativeMethodAccessorImpl.invoke(NativeMethodAccessorImpl.java:62)
	at sun.reflect.DelegatingMethodAccessorImpl.invoke(DelegatingMethodAccessorImpl.java:43)
	at java.lang.reflect.Method.invoke(Method.java:498)
	at org.junit.runners.model.FrameworkMethod$1.runReflectiveCall(FrameworkMethod.java:47)
	at org.junit.internal.runners.model.ReflectiveCallable.run(ReflectiveCallable.java:12)
	at org.junit.runners.model.FrameworkMethod.invokeExplosively(FrameworkMethod.java:44)
	at org.junit.internal.runners.statements.InvokeMethod.evaluate(InvokeMethod.java:17)
	at org.junit.internal.runners.statements.RunBefores.evaluate(RunBefores.java:26)
	at org.junit.internal.runners.statements.RunAfters.evaluate(RunAfters.java:27)
	at org.junit.runners.ParentRunner.runLeaf(ParentRunner.java:271)
	at org.junit.runners.BlockJUnit4ClassRunner.runChild(BlockJUnit4ClassRunner.java:70)
	at org.junit.runners.BlockJUnit4ClassRunner.runChild(BlockJUnit4ClassRunner.java:50)
	at org.junit.runners.ParentRunner$3.run(ParentRunner.java:238)
	at org.junit.runners.ParentRunner$1.schedule(ParentRunner.java:63)
	at org.junit.runners.ParentRunner.runChildren(ParentRunner.java:236)
	at org.junit.runners.ParentRunner.access$000(ParentRunner.java:53)
	at org.junit.runners.ParentRunner$2.evaluate(ParentRunner.java:229)
	at org.junit.runners.ParentRunner.run(ParentRunner.java:309)
	at org.apache.maven.surefire.junit4.JUnit4Provider.execute(JUnit4Provider.java:365)
	at org.apache.maven.surefire.junit4.JUnit4Provider.executeWithRerun(JUnit4Provider.java:273)
	at org.apache.maven.surefire.junit4.JUnit4Provider.executeTestSet(JUnit4Provider.java:238)
	at org.apache.maven.surefire.junit4.JUnit4Provider.invoke(JUnit4Provider.java:159)
	at org.apache.maven.surefire.booter.ForkedBooter.invokeProviderInSameClassLoader(ForkedBooter.java:384)
	at org.apache.maven.surefire.booter.ForkedBooter.runSuitesInProcess(ForkedBooter.java:345)
	at org.apache.maven.surefire.booter.ForkedBooter.execute(ForkedBooter.java:126)
	at org.apache.maven.surefire.booter.ForkedBooter.main(ForkedBooter.java:418)

Sep 19, 2019 1:31:18 PM org.apache.ratis.thirdparty.io.grpc.internal.ManagedChannelOrphanWrapper$ManagedChannelReference cleanQueue
SEVERE: *~*~*~ Channel ManagedChannelImpl{logId=2735, target=192.168.34.51:34491} was not shutdown properly!!! ~*~*~*
    Make sure to call shutdown()/shutdownNow() and wait until awaitTermination() returns true.
java.lang.RuntimeException: ManagedChannel allocation site
	at org.apache.ratis.thirdparty.io.grpc.internal.ManagedChannelOrphanWrapper$ManagedChannelReference.<init>(ManagedChannelOrphanWrapper.java:103)
	at org.apache.ratis.thirdparty.io.grpc.internal.ManagedChannelOrphanWrapper.<init>(ManagedChannelOrphanWrapper.java:53)
	at org.apache.ratis.thirdparty.io.grpc.internal.ManagedChannelOrphanWrapper.<init>(ManagedChannelOrphanWrapper.java:44)
	at org.apache.ratis.thirdparty.io.grpc.internal.AbstractManagedChannelImplBuilder.build(AbstractManagedChannelImplBuilder.java:411)
	at org.apache.ratis.grpc.client.GrpcClientProtocolClient.<init>(GrpcClientProtocolClient.java:127)
	at org.apache.ratis.grpc.client.GrpcClientRpc.lambda$new$0(GrpcClientRpc.java:55)
	at org.apache.ratis.util.PeerProxyMap$PeerAndProxy.lambda$getProxy$0(PeerProxyMap.java:61)
	at org.apache.ratis.util.LifeCycle.startAndTransition(LifeCycle.java:202)
	at org.apache.ratis.util.PeerProxyMap$PeerAndProxy.getProxy(PeerProxyMap.java:60)
	at org.apache.ratis.util.PeerProxyMap.getProxy(PeerProxyMap.java:108)
	at org.apache.ratis.grpc.client.GrpcClientRpc.sendRequestAsync(GrpcClientRpc.java:66)
	at org.apache.ratis.client.impl.OrderedAsync.sendRequest(OrderedAsync.java:208)
	at org.apache.ratis.client.impl.OrderedAsync.sendRequestWithRetry(OrderedAsync.java:169)
	at org.apache.ratis.util.SlidingWindow$Client.sendOrDelayRequest(SlidingWindow.java:278)
	at org.apache.ratis.util.SlidingWindow$Client.submitNewRequest(SlidingWindow.java:257)
	at org.apache.ratis.client.impl.OrderedAsync.send(OrderedAsync.java:155)
	at org.apache.ratis.client.impl.RaftClientImpl.sendAsync(RaftClientImpl.java:144)
	at org.apache.ratis.client.impl.RaftClientImpl.sendAsync(RaftClientImpl.java:124)
	at org.apache.hadoop.hdds.scm.XceiverClientRatis.sendRequestAsync(XceiverClientRatis.java:224)
	at org.apache.hadoop.hdds.scm.XceiverClientRatis.sendCommandAsync(XceiverClientRatis.java:302)
	at org.apache.hadoop.hdds.scm.storage.ContainerProtocolCalls.writeChunkAsync(ContainerProtocolCalls.java:310)
	at org.apache.hadoop.hdds.scm.storage.BlockOutputStream.writeChunkToContainer(BlockOutputStream.java:601)
	at org.apache.hadoop.hdds.scm.storage.BlockOutputStream.writeChunk(BlockOutputStream.java:459)
	at org.apache.hadoop.hdds.scm.storage.BlockOutputStream.writeOnRetry(BlockOutputStream.java:285)
	at org.apache.hadoop.ozone.client.io.BlockOutputStreamEntry.writeOnRetry(BlockOutputStreamEntry.java:200)
	at org.apache.hadoop.ozone.client.io.KeyOutputStream.handleWrite(KeyOutputStream.java:206)
	at org.apache.hadoop.ozone.client.io.KeyOutputStream.handleRetry(KeyOutputStream.java:375)
	at org.apache.hadoop.ozone.client.io.KeyOutputStream.handleException(KeyOutputStream.java:324)
	at org.apache.hadoop.ozone.client.io.KeyOutputStream.handleFlushOrClose(KeyOutputStream.java:449)
	at org.apache.hadoop.ozone.client.io.KeyOutputStream.handleWrite(KeyOutputStream.java:232)
	at org.apache.hadoop.ozone.client.io.KeyOutputStream.write(KeyOutputStream.java:190)
	at org.apache.hadoop.ozone.client.io.OzoneOutputStream.write(OzoneOutputStream.java:49)
	at java.io.OutputStream.write(OutputStream.java:75)
	at org.apache.hadoop.ozone.client.rpc.TestBlockOutputStreamWithFailures.testWatchForCommitWithSingleNodeRatis(TestBlockOutputStreamWithFailures.java:885)
	at sun.reflect.NativeMethodAccessorImpl.invoke0(Native Method)
	at sun.reflect.NativeMethodAccessorImpl.invoke(NativeMethodAccessorImpl.java:62)
	at sun.reflect.DelegatingMethodAccessorImpl.invoke(DelegatingMethodAccessorImpl.java:43)
	at java.lang.reflect.Method.invoke(Method.java:498)
	at org.junit.runners.model.FrameworkMethod$1.runReflectiveCall(FrameworkMethod.java:47)
	at org.junit.internal.runners.model.ReflectiveCallable.run(ReflectiveCallable.java:12)
	at org.junit.runners.model.FrameworkMethod.invokeExplosively(FrameworkMethod.java:44)
	at org.junit.internal.runners.statements.InvokeMethod.evaluate(InvokeMethod.java:17)
	at org.junit.internal.runners.statements.RunBefores.evaluate(RunBefores.java:26)
	at org.junit.internal.runners.statements.RunAfters.evaluate(RunAfters.java:27)
	at org.junit.runners.ParentRunner.runLeaf(ParentRunner.java:271)
	at org.junit.runners.BlockJUnit4ClassRunner.runChild(BlockJUnit4ClassRunner.java:70)
	at org.junit.runners.BlockJUnit4ClassRunner.runChild(BlockJUnit4ClassRunner.java:50)
	at org.junit.runners.ParentRunner$3.run(ParentRunner.java:238)
	at org.junit.runners.ParentRunner$1.schedule(ParentRunner.java:63)
	at org.junit.runners.ParentRunner.runChildren(ParentRunner.java:236)
	at org.junit.runners.ParentRunner.access$000(ParentRunner.java:53)
	at org.junit.runners.ParentRunner$2.evaluate(ParentRunner.java:229)
	at org.junit.runners.ParentRunner.run(ParentRunner.java:309)
	at org.apache.maven.surefire.junit4.JUnit4Provider.execute(JUnit4Provider.java:365)
	at org.apache.maven.surefire.junit4.JUnit4Provider.executeWithRerun(JUnit4Provider.java:273)
	at org.apache.maven.surefire.junit4.JUnit4Provider.executeTestSet(JUnit4Provider.java:238)
	at org.apache.maven.surefire.junit4.JUnit4Provider.invoke(JUnit4Provider.java:159)
	at org.apache.maven.surefire.booter.ForkedBooter.invokeProviderInSameClassLoader(ForkedBooter.java:384)
	at org.apache.maven.surefire.booter.ForkedBooter.runSuitesInProcess(ForkedBooter.java:345)
	at org.apache.maven.surefire.booter.ForkedBooter.execute(ForkedBooter.java:126)
	at org.apache.maven.surefire.booter.ForkedBooter.main(ForkedBooter.java:418)

Sep 19, 2019 1:31:18 PM org.apache.ratis.thirdparty.io.grpc.internal.ManagedChannelOrphanWrapper$ManagedChannelReference cleanQueue
SEVERE: *~*~*~ Channel ManagedChannelImpl{logId=2730, target=192.168.34.51:40676} was not shutdown properly!!! ~*~*~*
    Make sure to call shutdown()/shutdownNow() and wait until awaitTermination() returns true.
java.lang.RuntimeException: ManagedChannel allocation site
	at org.apache.ratis.thirdparty.io.grpc.internal.ManagedChannelOrphanWrapper$ManagedChannelReference.<init>(ManagedChannelOrphanWrapper.java:103)
	at org.apache.ratis.thirdparty.io.grpc.internal.ManagedChannelOrphanWrapper.<init>(ManagedChannelOrphanWrapper.java:53)
	at org.apache.ratis.thirdparty.io.grpc.internal.ManagedChannelOrphanWrapper.<init>(ManagedChannelOrphanWrapper.java:44)
	at org.apache.ratis.thirdparty.io.grpc.internal.AbstractManagedChannelImplBuilder.build(AbstractManagedChannelImplBuilder.java:411)
	at org.apache.ratis.grpc.client.GrpcClientProtocolClient.<init>(GrpcClientProtocolClient.java:127)
	at org.apache.ratis.grpc.client.GrpcClientRpc.lambda$new$0(GrpcClientRpc.java:55)
	at org.apache.ratis.util.PeerProxyMap$PeerAndProxy.lambda$getProxy$0(PeerProxyMap.java:61)
	at org.apache.ratis.util.LifeCycle.startAndTransition(LifeCycle.java:202)
	at org.apache.ratis.util.PeerProxyMap$PeerAndProxy.getProxy(PeerProxyMap.java:60)
	at org.apache.ratis.util.PeerProxyMap.getProxy(PeerProxyMap.java:108)
	at org.apache.ratis.grpc.client.GrpcClientRpc.sendRequestAsync(GrpcClientRpc.java:66)
	at org.apache.ratis.client.impl.OrderedAsync.sendRequest(OrderedAsync.java:208)
	at org.apache.ratis.client.impl.OrderedAsync.sendRequestWithRetry(OrderedAsync.java:169)
	at org.apache.ratis.util.SlidingWindow$Client.sendOrDelayRequest(SlidingWindow.java:278)
	at org.apache.ratis.util.SlidingWindow$Client.retry(SlidingWindow.java:294)
	at org.apache.ratis.client.impl.OrderedAsync.lambda$scheduleWithTimeout$7(OrderedAsync.java:195)
	at org.apache.ratis.util.TimeoutScheduler.lambda$onTimeout$0(TimeoutScheduler.java:113)
	at org.apache.ratis.util.TimeoutScheduler.lambda$onTimeout$1(TimeoutScheduler.java:133)
	at org.apache.ratis.util.LogUtils.runAndLog(LogUtils.java:50)
	at org.apache.ratis.util.LogUtils$1.run(LogUtils.java:91)
	at java.util.concurrent.Executors$RunnableAdapter.call(Executors.java:511)
	at java.util.concurrent.FutureTask.run(FutureTask.java:266)
	at java.util.concurrent.ScheduledThreadPoolExecutor$ScheduledFutureTask.access$201(ScheduledThreadPoolExecutor.java:180)
	at java.util.concurrent.ScheduledThreadPoolExecutor$ScheduledFutureTask.run(ScheduledThreadPoolExecutor.java:293)
	at java.util.concurrent.ThreadPoolExecutor.runWorker(ThreadPoolExecutor.java:1149)
	at java.util.concurrent.ThreadPoolExecutor$Worker.run(ThreadPoolExecutor.java:624)
	at java.lang.Thread.run(Thread.java:748)

Sep 19, 2019 1:31:18 PM org.apache.ratis.thirdparty.io.grpc.internal.ManagedChannelOrphanWrapper$ManagedChannelReference cleanQueue
SEVERE: *~*~*~ Channel ManagedChannelImpl{logId=2745, target=192.168.34.51:46273} was not shutdown properly!!! ~*~*~*
    Make sure to call shutdown()/shutdownNow() and wait until awaitTermination() returns true.
java.lang.RuntimeException: ManagedChannel allocation site
	at org.apache.ratis.thirdparty.io.grpc.internal.ManagedChannelOrphanWrapper$ManagedChannelReference.<init>(ManagedChannelOrphanWrapper.java:103)
	at org.apache.ratis.thirdparty.io.grpc.internal.ManagedChannelOrphanWrapper.<init>(ManagedChannelOrphanWrapper.java:53)
	at org.apache.ratis.thirdparty.io.grpc.internal.ManagedChannelOrphanWrapper.<init>(ManagedChannelOrphanWrapper.java:44)
	at org.apache.ratis.thirdparty.io.grpc.internal.AbstractManagedChannelImplBuilder.build(AbstractManagedChannelImplBuilder.java:411)
	at org.apache.hadoop.hdds.scm.XceiverClientGrpc.connectToDatanode(XceiverClientGrpc.java:175)
	at org.apache.hadoop.hdds.scm.XceiverClientGrpc.reconnect(XceiverClientGrpc.java:423)
	at org.apache.hadoop.hdds.scm.XceiverClientGrpc.sendCommandAsync(XceiverClientGrpc.java:372)
	at org.apache.hadoop.hdds.scm.XceiverClientGrpc.sendCommandWithRetry(XceiverClientGrpc.java:285)
	at org.apache.hadoop.hdds.scm.XceiverClientGrpc.sendCommandWithTraceIDAndRetry(XceiverClientGrpc.java:251)
	at org.apache.hadoop.hdds.scm.XceiverClientGrpc.sendCommand(XceiverClientGrpc.java:234)
	at org.apache.hadoop.hdds.scm.storage.ContainerProtocolCalls.getBlock(ContainerProtocolCalls.java:118)
	at org.apache.hadoop.hdds.scm.storage.BlockInputStream.getChunkInfos(BlockInputStream.java:167)
	at org.apache.hadoop.hdds.scm.storage.BlockInputStream.initialize(BlockInputStream.java:118)
	at org.apache.hadoop.hdds.scm.storage.BlockInputStream.read(BlockInputStream.java:222)
	at org.apache.hadoop.ozone.client.io.KeyInputStream.read(KeyInputStream.java:171)
	at org.apache.hadoop.ozone.client.io.OzoneInputStream.read(OzoneInputStream.java:47)
	at java.io.InputStream.read(InputStream.java:101)
	at org.apache.hadoop.ozone.container.ContainerTestHelper.validateData(ContainerTestHelper.java:714)
	at org.apache.hadoop.ozone.client.rpc.TestBlockOutputStreamWithFailures.validateData(TestBlockOutputStreamWithFailures.java:1216)
	at org.apache.hadoop.ozone.client.rpc.TestBlockOutputStreamWithFailures.testWatchForCommitWithSingleNodeRatis(TestBlockOutputStreamWithFailures.java:918)
	at sun.reflect.NativeMethodAccessorImpl.invoke0(Native Method)
	at sun.reflect.NativeMethodAccessorImpl.invoke(NativeMethodAccessorImpl.java:62)
	at sun.reflect.DelegatingMethodAccessorImpl.invoke(DelegatingMethodAccessorImpl.java:43)
	at java.lang.reflect.Method.invoke(Method.java:498)
	at org.junit.runners.model.FrameworkMethod$1.runReflectiveCall(FrameworkMethod.java:47)
	at org.junit.internal.runners.model.ReflectiveCallable.run(ReflectiveCallable.java:12)
	at org.junit.runners.model.FrameworkMethod.invokeExplosively(FrameworkMethod.java:44)
	at org.junit.internal.runners.statements.InvokeMethod.evaluate(InvokeMethod.java:17)
	at org.junit.internal.runners.statements.RunBefores.evaluate(RunBefores.java:26)
	at org.junit.internal.runners.statements.RunAfters.evaluate(RunAfters.java:27)
	at org.junit.runners.ParentRunner.runLeaf(ParentRunner.java:271)
	at org.junit.runners.BlockJUnit4ClassRunner.runChild(BlockJUnit4ClassRunner.java:70)
	at org.junit.runners.BlockJUnit4ClassRunner.runChild(BlockJUnit4ClassRunner.java:50)
	at org.junit.runners.ParentRunner$3.run(ParentRunner.java:238)
	at org.junit.runners.ParentRunner$1.schedule(ParentRunner.java:63)
	at org.junit.runners.ParentRunner.runChildren(ParentRunner.java:236)
	at org.junit.runners.ParentRunner.access$000(ParentRunner.java:53)
	at org.junit.runners.ParentRunner$2.evaluate(ParentRunner.java:229)
	at org.junit.runners.ParentRunner.run(ParentRunner.java:309)
	at org.apache.maven.surefire.junit4.JUnit4Provider.execute(JUnit4Provider.java:365)
	at org.apache.maven.surefire.junit4.JUnit4Provider.executeWithRerun(JUnit4Provider.java:273)
	at org.apache.maven.surefire.junit4.JUnit4Provider.executeTestSet(JUnit4Provider.java:238)
	at org.apache.maven.surefire.junit4.JUnit4Provider.invoke(JUnit4Provider.java:159)
	at org.apache.maven.surefire.booter.ForkedBooter.invokeProviderInSameClassLoader(ForkedBooter.java:384)
	at org.apache.maven.surefire.booter.ForkedBooter.runSuitesInProcess(ForkedBooter.java:345)
	at org.apache.maven.surefire.booter.ForkedBooter.execute(ForkedBooter.java:126)
	at org.apache.maven.surefire.booter.ForkedBooter.main(ForkedBooter.java:418)

Sep 19, 2019 1:31:18 PM org.apache.ratis.thirdparty.io.grpc.internal.ManagedChannelOrphanWrapper$ManagedChannelReference cleanQueue
SEVERE: *~*~*~ Channel ManagedChannelImpl{logId=2511, target=192.168.34.51:39767} was not shutdown properly!!! ~*~*~*
    Make sure to call shutdown()/shutdownNow() and wait until awaitTermination() returns true.
java.lang.RuntimeException: ManagedChannel allocation site
	at org.apache.ratis.thirdparty.io.grpc.internal.ManagedChannelOrphanWrapper$ManagedChannelReference.<init>(ManagedChannelOrphanWrapper.java:103)
	at org.apache.ratis.thirdparty.io.grpc.internal.ManagedChannelOrphanWrapper.<init>(ManagedChannelOrphanWrapper.java:53)
	at org.apache.ratis.thirdparty.io.grpc.internal.ManagedChannelOrphanWrapper.<init>(ManagedChannelOrphanWrapper.java:44)
	at org.apache.ratis.thirdparty.io.grpc.internal.AbstractManagedChannelImplBuilder.build(AbstractManagedChannelImplBuilder.java:411)
	at org.apache.ratis.grpc.client.GrpcClientProtocolClient.<init>(GrpcClientProtocolClient.java:127)
	at org.apache.ratis.grpc.client.GrpcClientRpc.lambda$new$0(GrpcClientRpc.java:55)
	at org.apache.ratis.util.PeerProxyMap$PeerAndProxy.lambda$getProxy$0(PeerProxyMap.java:61)
	at org.apache.ratis.util.LifeCycle.startAndTransition(LifeCycle.java:202)
	at org.apache.ratis.util.PeerProxyMap$PeerAndProxy.getProxy(PeerProxyMap.java:60)
	at org.apache.ratis.util.PeerProxyMap.getProxy(PeerProxyMap.java:108)
	at org.apache.ratis.grpc.client.GrpcClientRpc.sendRequestAsync(GrpcClientRpc.java:66)
	at org.apache.ratis.client.impl.OrderedAsync.sendRequest(OrderedAsync.java:208)
	at org.apache.ratis.client.impl.OrderedAsync.sendRequestWithRetry(OrderedAsync.java:169)
	at org.apache.ratis.util.SlidingWindow$Client.sendOrDelayRequest(SlidingWindow.java:278)
	at org.apache.ratis.util.SlidingWindow$Client.submitNewRequest(SlidingWindow.java:257)
	at org.apache.ratis.client.impl.OrderedAsync.send(OrderedAsync.java:155)
	at org.apache.ratis.client.impl.RaftClientImpl.sendAsync(RaftClientImpl.java:144)
	at org.apache.ratis.client.impl.RaftClientImpl.sendAsync(RaftClientImpl.java:124)
	at org.apache.hadoop.hdds.scm.XceiverClientRatis.sendRequestAsync(XceiverClientRatis.java:224)
	at org.apache.hadoop.hdds.scm.XceiverClientRatis.sendCommandAsync(XceiverClientRatis.java:302)
	at org.apache.hadoop.hdds.scm.storage.ContainerProtocolCalls.writeChunkAsync(ContainerProtocolCalls.java:310)
	at org.apache.hadoop.hdds.scm.storage.BlockOutputStream.writeChunkToContainer(BlockOutputStream.java:601)
	at org.apache.hadoop.hdds.scm.storage.BlockOutputStream.writeChunk(BlockOutputStream.java:459)
	at org.apache.hadoop.hdds.scm.storage.BlockOutputStream.writeOnRetry(BlockOutputStream.java:285)
	at org.apache.hadoop.ozone.client.io.BlockOutputStreamEntry.writeOnRetry(BlockOutputStreamEntry.java:200)
	at org.apache.hadoop.ozone.client.io.KeyOutputStream.handleWrite(KeyOutputStream.java:206)
	at org.apache.hadoop.ozone.client.io.KeyOutputStream.handleRetry(KeyOutputStream.java:375)
	at org.apache.hadoop.ozone.client.io.KeyOutputStream.handleException(KeyOutputStream.java:324)
	at org.apache.hadoop.ozone.client.io.KeyOutputStream.handleFlushOrClose(KeyOutputStream.java:449)
	at org.apache.hadoop.ozone.client.io.KeyOutputStream.handleWrite(KeyOutputStream.java:232)
	at org.apache.hadoop.ozone.client.io.KeyOutputStream.write(KeyOutputStream.java:190)
	at org.apache.hadoop.ozone.client.io.OzoneOutputStream.write(OzoneOutputStream.java:49)
	at java.io.OutputStream.write(OutputStream.java:75)
	at org.apache.hadoop.ozone.client.rpc.TestBlockOutputStreamWithFailures.testDatanodeFailureWithSingleNodeRatis(TestBlockOutputStreamWithFailures.java:1021)
	at sun.reflect.NativeMethodAccessorImpl.invoke0(Native Method)
	at sun.reflect.NativeMethodAccessorImpl.invoke(NativeMethodAccessorImpl.java:62)
	at sun.reflect.DelegatingMethodAccessorImpl.invoke(DelegatingMethodAccessorImpl.java:43)
	at java.lang.reflect.Method.invoke(Method.java:498)
	at org.junit.runners.model.FrameworkMethod$1.runReflectiveCall(FrameworkMethod.java:47)
	at org.junit.internal.runners.model.ReflectiveCallable.run(ReflectiveCallable.java:12)
	at org.junit.runners.model.FrameworkMethod.invokeExplosively(FrameworkMethod.java:44)
	at org.junit.internal.runners.statements.InvokeMethod.evaluate(InvokeMethod.java:17)
	at org.junit.internal.runners.statements.RunBefores.evaluate(RunBefores.java:26)
	at org.junit.internal.runners.statements.RunAfters.evaluate(RunAfters.java:27)
	at org.junit.runners.ParentRunner.runLeaf(ParentRunner.java:271)
	at org.junit.runners.BlockJUnit4ClassRunner.runChild(BlockJUnit4ClassRunner.java:70)
	at org.junit.runners.BlockJUnit4ClassRunner.runChild(BlockJUnit4ClassRunner.java:50)
	at org.junit.runners.ParentRunner$3.run(ParentRunner.java:238)
	at org.junit.runners.ParentRunner$1.schedule(ParentRunner.java:63)
	at org.junit.runners.ParentRunner.runChildren(ParentRunner.java:236)
	at org.junit.runners.ParentRunner.access$000(ParentRunner.java:53)
	at org.junit.runners.ParentRunner$2.evaluate(ParentRunner.java:229)
	at org.junit.runners.ParentRunner.run(ParentRunner.java:309)
	at org.apache.maven.surefire.junit4.JUnit4Provider.execute(JUnit4Provider.java:365)
	at org.apache.maven.surefire.junit4.JUnit4Provider.executeWithRerun(JUnit4Provider.java:273)
	at org.apache.maven.surefire.junit4.JUnit4Provider.executeTestSet(JUnit4Provider.java:238)
	at org.apache.maven.surefire.junit4.JUnit4Provider.invoke(JUnit4Provider.java:159)
	at org.apache.maven.surefire.booter.ForkedBooter.invokeProviderInSameClassLoader(ForkedBooter.java:384)
	at org.apache.maven.surefire.booter.ForkedBooter.runSuitesInProcess(ForkedBooter.java:345)
	at org.apache.maven.surefire.booter.ForkedBooter.execute(ForkedBooter.java:126)
	at org.apache.maven.surefire.booter.ForkedBooter.main(ForkedBooter.java:418)

Sep 19, 2019 1:31:18 PM org.apache.ratis.thirdparty.io.grpc.internal.ManagedChannelOrphanWrapper$ManagedChannelReference cleanQueue
SEVERE: *~*~*~ Channel ManagedChannelImpl{logId=2740, target=192.168.34.51:37540} was not shutdown properly!!! ~*~*~*
    Make sure to call shutdown()/shutdownNow() and wait until awaitTermination() returns true.
java.lang.RuntimeException: ManagedChannel allocation site
	at org.apache.ratis.thirdparty.io.grpc.internal.ManagedChannelOrphanWrapper$ManagedChannelReference.<init>(ManagedChannelOrphanWrapper.java:103)
	at org.apache.ratis.thirdparty.io.grpc.internal.ManagedChannelOrphanWrapper.<init>(ManagedChannelOrphanWrapper.java:53)
	at org.apache.ratis.thirdparty.io.grpc.internal.ManagedChannelOrphanWrapper.<init>(ManagedChannelOrphanWrapper.java:44)
	at org.apache.ratis.thirdparty.io.grpc.internal.AbstractManagedChannelImplBuilder.build(AbstractManagedChannelImplBuilder.java:411)
	at org.apache.hadoop.hdds.scm.XceiverClientGrpc.connectToDatanode(XceiverClientGrpc.java:175)
	at org.apache.hadoop.hdds.scm.XceiverClientGrpc.reconnect(XceiverClientGrpc.java:423)
	at org.apache.hadoop.hdds.scm.XceiverClientGrpc.sendCommandAsync(XceiverClientGrpc.java:372)
	at org.apache.hadoop.hdds.scm.XceiverClientGrpc.sendCommandWithRetry(XceiverClientGrpc.java:285)
	at org.apache.hadoop.hdds.scm.XceiverClientGrpc.sendCommandWithTraceIDAndRetry(XceiverClientGrpc.java:251)
	at org.apache.hadoop.hdds.scm.XceiverClientGrpc.sendCommand(XceiverClientGrpc.java:234)
	at org.apache.hadoop.hdds.scm.storage.ContainerProtocolCalls.getBlock(ContainerProtocolCalls.java:118)
	at org.apache.hadoop.hdds.scm.storage.BlockInputStream.getChunkInfos(BlockInputStream.java:167)
	at org.apache.hadoop.hdds.scm.storage.BlockInputStream.initialize(BlockInputStream.java:118)
	at org.apache.hadoop.hdds.scm.storage.BlockInputStream.read(BlockInputStream.java:222)
	at org.apache.hadoop.ozone.client.io.KeyInputStream.read(KeyInputStream.java:171)
	at org.apache.hadoop.ozone.client.io.OzoneInputStream.read(OzoneInputStream.java:47)
	at java.io.InputStream.read(InputStream.java:101)
	at org.apache.hadoop.ozone.container.ContainerTestHelper.validateData(ContainerTestHelper.java:714)
	at org.apache.hadoop.ozone.client.rpc.TestBlockOutputStreamWithFailures.validateData(TestBlockOutputStreamWithFailures.java:1216)
	at org.apache.hadoop.ozone.client.rpc.TestBlockOutputStreamWithFailures.testWatchForCommitWithSingleNodeRatis(TestBlockOutputStreamWithFailures.java:918)
	at sun.reflect.NativeMethodAccessorImpl.invoke0(Native Method)
	at sun.reflect.NativeMethodAccessorImpl.invoke(NativeMethodAccessorImpl.java:62)
	at sun.reflect.DelegatingMethodAccessorImpl.invoke(DelegatingMethodAccessorImpl.java:43)
	at java.lang.reflect.Method.invoke(Method.java:498)
	at org.junit.runners.model.FrameworkMethod$1.runReflectiveCall(FrameworkMethod.java:47)
	at org.junit.internal.runners.model.ReflectiveCallable.run(ReflectiveCallable.java:12)
	at org.junit.runners.model.FrameworkMethod.invokeExplosively(FrameworkMethod.java:44)
	at org.junit.internal.runners.statements.InvokeMethod.evaluate(InvokeMethod.java:17)
	at org.junit.internal.runners.statements.RunBefores.evaluate(RunBefores.java:26)
	at org.junit.internal.runners.statements.RunAfters.evaluate(RunAfters.java:27)
	at org.junit.runners.ParentRunner.runLeaf(ParentRunner.java:271)
	at org.junit.runners.BlockJUnit4ClassRunner.runChild(BlockJUnit4ClassRunner.java:70)
	at org.junit.runners.BlockJUnit4ClassRunner.runChild(BlockJUnit4ClassRunner.java:50)
	at org.junit.runners.ParentRunner$3.run(ParentRunner.java:238)
	at org.junit.runners.ParentRunner$1.schedule(ParentRunner.java:63)
	at org.junit.runners.ParentRunner.runChildren(ParentRunner.java:236)
	at org.junit.runners.ParentRunner.access$000(ParentRunner.java:53)
	at org.junit.runners.ParentRunner$2.evaluate(ParentRunner.java:229)
	at org.junit.runners.ParentRunner.run(ParentRunner.java:309)
	at org.apache.maven.surefire.junit4.JUnit4Provider.execute(JUnit4Provider.java:365)
	at org.apache.maven.surefire.junit4.JUnit4Provider.executeWithRerun(JUnit4Provider.java:273)
	at org.apache.maven.surefire.junit4.JUnit4Provider.executeTestSet(JUnit4Provider.java:238)
	at org.apache.maven.surefire.junit4.JUnit4Provider.invoke(JUnit4Provider.java:159)
	at org.apache.maven.surefire.booter.ForkedBooter.invokeProviderInSameClassLoader(ForkedBooter.java:384)
	at org.apache.maven.surefire.booter.ForkedBooter.runSuitesInProcess(ForkedBooter.java:345)
	at org.apache.maven.surefire.booter.ForkedBooter.execute(ForkedBooter.java:126)
	at org.apache.maven.surefire.booter.ForkedBooter.main(ForkedBooter.java:418)

Sep 19, 2019 1:31:41 PM org.apache.ratis.thirdparty.io.grpc.internal.SerializingExecutor run
SEVERE: Exception while executing runnable org.apache.ratis.thirdparty.io.grpc.internal.ServerImpl$JumpToApplicationThreadServerStreamListener$1Closed@4a1d004b
org.apache.ratis.thirdparty.io.grpc.StatusRuntimeException: CANCELLED: call already cancelled
	at org.apache.ratis.thirdparty.io.grpc.Status.asRuntimeException(Status.java:517)
	at org.apache.ratis.thirdparty.io.grpc.stub.ServerCalls$ServerCallStreamObserverImpl.onCompleted(ServerCalls.java:356)
	at org.apache.ratis.grpc.server.GrpcServerProtocolService$ServerRequestStreamObserver.onError(GrpcServerProtocolService.java:121)
	at org.apache.ratis.thirdparty.io.grpc.stub.ServerCalls$StreamingServerCallHandler$StreamingServerCallListener.onCancel(ServerCalls.java:269)
	at org.apache.ratis.thirdparty.io.grpc.internal.ServerCallImpl$ServerStreamListenerImpl.closed(ServerCallImpl.java:293)
	at org.apache.ratis.thirdparty.io.grpc.internal.ServerImpl$JumpToApplicationThreadServerStreamListener$1Closed.runInContext(ServerImpl.java:741)
	at org.apache.ratis.thirdparty.io.grpc.internal.ContextRunnable.run(ContextRunnable.java:37)
	at org.apache.ratis.thirdparty.io.grpc.internal.SerializingExecutor.run(SerializingExecutor.java:123)
	at java.util.concurrent.ThreadPoolExecutor.runWorker(ThreadPoolExecutor.java:1149)
	at java.util.concurrent.ThreadPoolExecutor$Worker.run(ThreadPoolExecutor.java:624)
	at java.lang.Thread.run(Thread.java:748)

]]></system-err>
  </testcase>
  <testcase name="testFailureWithPrimeSizedData" classname="org.apache.hadoop.ozone.client.rpc.TestBlockOutputStreamWithFailures" time="37.142"/>
  <testcase name="testWatchForCommitWithCloseContainerException" classname="org.apache.hadoop.ozone.client.rpc.TestBlockOutputStreamWithFailures" time="35.215"/>
  <testcase name="testExceptionDuringClose" classname="org.apache.hadoop.ozone.client.rpc.TestBlockOutputStreamWithFailures" time="32.958"/>
</testsuite>