<?xml version="1.0" encoding="UTF-8"?>
<testsuite xmlns:xsi="http://www.w3.org/2001/XMLSchema-instance" xsi:noNamespaceSchemaLocation="https://maven.apache.org/surefire/maven-surefire-plugin/xsd/surefire-test-report.xsd" name="org.apache.hadoop.ozone.scm.TestSCMContainerPlacementPolicyMetrics" time="81.522" tests="1" errors="1" skipped="0" failures="0">
  <properties>
    <property name="awt.toolkit" value="sun.awt.X11.XToolkit"/>
    <property name="file.encoding.pkg" value="sun.io"/>
    <property name="java.specification.version" value="1.8"/>
    <property name="sun.cpu.isalist" value=""/>
    <property name="sun.jnu.encoding" value="UTF-8"/>
    <property name="java.class.path" value="/workdir/hadoop-ozone/integration-test/target/test-classes:/workdir/hadoop-ozone/integration-test/target/classes:/home/user/.m2/repository/org/apache/hadoop/hadoop-ozone-common/0.5.0-SNAPSHOT/hadoop-ozone-common-0.5.0-SNAPSHOT.jar:/home/user/.m2/repository/org/apache/commons/commons-compress/1.4.1/commons-compress-1.4.1.jar:/home/user/.m2/repository/org/tukaani/xz/1.0/xz-1.0.jar:/home/user/.m2/repository/org/apache/hadoop/hadoop-common/3.2.0/hadoop-common-3.2.0.jar:/home/user/.m2/repository/org/apache/hadoop/hadoop-hdfs/3.2.0/hadoop-hdfs-3.2.0.jar:/home/user/.m2/repository/org/apache/hadoop/hadoop-hdfs-client/3.2.0/hadoop-hdfs-client-3.2.0.jar:/home/user/.m2/repository/com/fasterxml/jackson/core/jackson-annotations/2.9.9/jackson-annotations-2.9.9.jar:/home/user/.m2/repository/org/apache/hadoop/hadoop-hdds-common/0.5.0-SNAPSHOT/hadoop-hdds-common-0.5.0-SNAPSHOT.jar:/home/user/.m2/repository/javax/annotation/javax.annotation-api/1.2/javax.annotation-api-1.2.jar:/home/user/.m2/repository/org/apache/ratis/ratis-server/0.4.0-78e95b9-SNAPSHOT/ratis-server-0.4.0-78e95b9-SNAPSHOT.jar:/home/user/.m2/repository/org/apache/ratis/ratis-thirdparty-misc/0.2.0/ratis-thirdparty-misc-0.2.0.jar:/home/user/.m2/repository/org/apache/ratis/ratis-proto/0.4.0-78e95b9-SNAPSHOT/ratis-proto-0.4.0-78e95b9-SNAPSHOT.jar:/home/user/.m2/repository/org/apache/ratis/ratis-common/0.4.0-78e95b9-SNAPSHOT/ratis-common-0.4.0-78e95b9-SNAPSHOT.jar:/home/user/.m2/repository/org/apache/ratis/ratis-client/0.4.0-78e95b9-SNAPSHOT/ratis-client-0.4.0-78e95b9-SNAPSHOT.jar:/home/user/.m2/repository/org/apache/ratis/ratis-metrics/0.4.0-78e95b9-SNAPSHOT/ratis-metrics-0.4.0-78e95b9-SNAPSHOT.jar:/home/user/.m2/repository/com/github/joshelser/dropwizard-metrics-hadoop-metrics2-reporter/0.1.2/dropwizard-metrics-hadoop-metrics2-reporter-0.1.2.jar:/home/user/.m2/repository/io/dropwizard/metrics/metrics-jvm/3.2.5/metrics-jvm-3.2.5.jar:/home/user/.m2/repository/io/dropwizard/metrics/metrics-ganglia/3.2.5/metrics-ganglia-3.2.5.jar:/home/user/.m2/repository/info/ganglia/gmetric4j/gmetric4j/1.0.7/gmetric4j-1.0.7.jar:/home/user/.m2/repository/org/apache/ratis/ratis-netty/0.4.0-78e95b9-SNAPSHOT/ratis-netty-0.4.0-78e95b9-SNAPSHOT.jar:/home/user/.m2/repository/org/apache/ratis/ratis-grpc/0.4.0-78e95b9-SNAPSHOT/ratis-grpc-0.4.0-78e95b9-SNAPSHOT.jar:/home/user/.m2/repository/org/rocksdb/rocksdbjni/6.0.1/rocksdbjni-6.0.1.jar:/home/user/.m2/repository/org/apache/logging/log4j/log4j-api/2.11.0/log4j-api-2.11.0.jar:/home/user/.m2/repository/org/apache/logging/log4j/log4j-core/2.11.0/log4j-core-2.11.0.jar:/home/user/.m2/repository/com/lmax/disruptor/3.4.2/disruptor-3.4.2.jar:/home/user/.m2/repository/org/apache/commons/commons-pool2/2.6.0/commons-pool2-2.6.0.jar:/home/user/.m2/repository/org/bouncycastle/bcpkix-jdk15on/1.60/bcpkix-jdk15on-1.60.jar:/home/user/.m2/repository/commons-validator/commons-validator/1.6/commons-validator-1.6.jar:/home/user/.m2/repository/commons-digester/commons-digester/1.8.1/commons-digester-1.8.1.jar:/home/user/.m2/repository/io/jaegertracing/jaeger-client/0.33.1/jaeger-client-0.33.1.jar:/home/user/.m2/repository/io/jaegertracing/jaeger-thrift/0.33.1/jaeger-thrift-0.33.1.jar:/home/user/.m2/repository/org/apache/thrift/libthrift/0.11.0/libthrift-0.11.0.jar:/home/user/.m2/repository/com/squareup/okhttp3/okhttp/3.9.0/okhttp-3.9.0.jar:/home/user/.m2/repository/com/squareup/okio/okio/1.13.0/okio-1.13.0.jar:/home/user/.m2/repository/io/jaegertracing/jaeger-core/0.33.1/jaeger-core-0.33.1.jar:/home/user/.m2/repository/io/jaegertracing/jaeger-tracerresolver/0.33.1/jaeger-tracerresolver-0.33.1.jar:/home/user/.m2/repository/io/opentracing/contrib/opentracing-tracerresolver/0.1.5/opentracing-tracerresolver-0.1.5.jar:/home/user/.m2/repository/io/opentracing/opentracing-util/0.31.0/opentracing-util-0.31.0.jar:/home/user/.m2/repository/io/opentracing/opentracing-api/0.31.0/opentracing-api-0.31.0.jar:/home/user/.m2/repository/io/opentracing/opentracing-noop/0.31.0/opentracing-noop-0.31.0.jar:/home/user/.m2/repository/org/apache/hadoop/hadoop-hdds-server-framework/0.5.0-SNAPSHOT/hadoop-hdds-server-framework-0.5.0-SNAPSHOT.jar:/home/user/.m2/repository/org/apache/hadoop/hadoop-hdds-container-service/0.5.0-SNAPSHOT/hadoop-hdds-container-service-0.5.0-SNAPSHOT.jar:/home/user/.m2/repository/org/apache/hadoop/hadoop-hdds-client/0.5.0-SNAPSHOT/hadoop-hdds-client-0.5.0-SNAPSHOT.jar:/home/user/.m2/repository/org/apache/hadoop/hadoop-hdds-tools/0.5.0-SNAPSHOT/hadoop-hdds-tools-0.5.0-SNAPSHOT.jar:/home/user/.m2/repository/org/apache/hadoop/hadoop-hdds-server-scm/0.5.0-SNAPSHOT/hadoop-hdds-server-scm-0.5.0-SNAPSHOT.jar:/home/user/.m2/repository/org/apache/hadoop/hadoop-hdds-docs/0.5.0-SNAPSHOT/hadoop-hdds-docs-0.5.0-SNAPSHOT.jar:/home/user/.m2/repository/io/dropwizard/metrics/metrics-core/3.2.4/metrics-core-3.2.4.jar:/home/user/.m2/repository/org/hamcrest/hamcrest-all/1.3/hamcrest-all-1.3.jar:/home/user/.m2/repository/org/bouncycastle/bcprov-jdk15on/1.60/bcprov-jdk15on-1.60.jar:/home/user/.m2/repository/info/picocli/picocli/3.9.6/picocli-3.9.6.jar:/home/user/.m2/repository/com/google/protobuf/protobuf-java/2.5.0/protobuf-java-2.5.0.jar:/home/user/.m2/repository/com/google/guava/guava/11.0.2/guava-11.0.2.jar:/home/user/.m2/repository/org/apache/hadoop/hadoop-ozone-ozone-manager/0.5.0-SNAPSHOT/hadoop-ozone-ozone-manager-0.5.0-SNAPSHOT.jar:/home/user/.m2/repository/org/apache/hadoop/hadoop-minikdc/3.2.0/hadoop-minikdc-3.2.0.jar:/home/user/.m2/repository/commons-io/commons-io/2.5/commons-io-2.5.jar:/home/user/.m2/repository/org/apache/kerby/kerb-simplekdc/1.0.1/kerb-simplekdc-1.0.1.jar:/home/user/.m2/repository/org/apache/kerby/kerb-client/1.0.1/kerb-client-1.0.1.jar:/home/user/.m2/repository/org/apache/kerby/kerby-config/1.0.1/kerby-config-1.0.1.jar:/home/user/.m2/repository/org/apache/kerby/kerb-core/1.0.1/kerb-core-1.0.1.jar:/home/user/.m2/repository/org/apache/kerby/kerby-pkix/1.0.1/kerby-pkix-1.0.1.jar:/home/user/.m2/repository/org/apache/kerby/kerby-asn1/1.0.1/kerby-asn1-1.0.1.jar:/home/user/.m2/repository/org/apache/kerby/kerby-util/1.0.1/kerby-util-1.0.1.jar:/home/user/.m2/repository/org/apache/kerby/kerb-common/1.0.1/kerb-common-1.0.1.jar:/home/user/.m2/repository/org/apache/kerby/kerb-crypto/1.0.1/kerb-crypto-1.0.1.jar:/home/user/.m2/repository/org/apache/kerby/kerb-util/1.0.1/kerb-util-1.0.1.jar:/home/user/.m2/repository/org/apache/kerby/token-provider/1.0.1/token-provider-1.0.1.jar:/home/user/.m2/repository/org/apache/kerby/kerb-admin/1.0.1/kerb-admin-1.0.1.jar:/home/user/.m2/repository/org/apache/kerby/kerb-server/1.0.1/kerb-server-1.0.1.jar:/home/user/.m2/repository/org/apache/kerby/kerb-identity/1.0.1/kerb-identity-1.0.1.jar:/home/user/.m2/repository/org/apache/kerby/kerby-xdr/1.0.1/kerby-xdr-1.0.1.jar:/home/user/.m2/repository/org/slf4j/slf4j-log4j12/1.7.25/slf4j-log4j12-1.7.25.jar:/home/user/.m2/repository/org/apache/hadoop/hadoop-ozone-s3gateway/0.5.0-SNAPSHOT/hadoop-ozone-s3gateway-0.5.0-SNAPSHOT.jar:/home/user/.m2/repository/org/jboss/weld/servlet/weld-servlet/2.4.7.Final/weld-servlet-2.4.7.Final.jar:/home/user/.m2/repository/org/glassfish/jersey/containers/jersey-container-servlet-core/2.27/jersey-container-servlet-core-2.27.jar:/home/user/.m2/repository/org/glassfish/hk2/external/javax.inject/2.5.0-b42/javax.inject-2.5.0-b42.jar:/home/user/.m2/repository/org/glassfish/jersey/core/jersey-common/2.27/jersey-common-2.27.jar:/home/user/.m2/repository/org/glassfish/hk2/osgi-resource-locator/1.0.1/osgi-resource-locator-1.0.1.jar:/home/user/.m2/repository/javax/ws/rs/javax.ws.rs-api/2.1/javax.ws.rs-api-2.1.jar:/home/user/.m2/repository/org/glassfish/jersey/ext/cdi/jersey-cdi1x/2.27/jersey-cdi1x-2.27.jar:/home/user/.m2/repository/org/glassfish/jersey/inject/jersey-hk2/2.27/jersey-hk2-2.27.jar:/home/user/.m2/repository/org/glassfish/hk2/hk2-locator/2.5.0-b42/hk2-locator-2.5.0-b42.jar:/home/user/.m2/repository/org/javassist/javassist/3.22.0-CR2/javassist-3.22.0-CR2.jar:/home/user/.m2/repository/org/glassfish/hk2/hk2-api/2.5.0/hk2-api-2.5.0.jar:/home/user/.m2/repository/org/glassfish/hk2/external/jakarta.inject/2.5.0/jakarta.inject-2.5.0.jar:/home/user/.m2/repository/org/glassfish/hk2/hk2-utils/2.5.0/hk2-utils-2.5.0.jar:/home/user/.m2/repository/jakarta/annotation/jakarta.annotation-api/1.3.4/jakarta.annotation-api-1.3.4.jar:/home/user/.m2/repository/org/glassfish/hk2/external/aopalliance-repackaged/2.5.0/aopalliance-repackaged-2.5.0.jar:/home/user/.m2/repository/com/fasterxml/jackson/dataformat/jackson-dataformat-xml/2.9.0/jackson-dataformat-xml-2.9.0.jar:/home/user/.m2/repository/com/fasterxml/jackson/core/jackson-core/2.9.9/jackson-core-2.9.9.jar:/home/user/.m2/repository/com/fasterxml/jackson/module/jackson-module-jaxb-annotations/2.9.9/jackson-module-jaxb-annotations-2.9.9.jar:/home/user/.m2/repository/javax/enterprise/cdi-api/1.2/cdi-api-1.2.jar:/home/user/.m2/repository/javax/el/javax.el-api/3.0.0/javax.el-api-3.0.0.jar:/home/user/.m2/repository/javax/interceptor/javax.interceptor-api/1.2/javax.interceptor-api-1.2.jar:/home/user/.m2/repository/javax/inject/javax.inject/1/javax.inject-1.jar:/home/user/.m2/repository/com/sun/xml/bind/jaxb-impl/2.3.0.1/jaxb-impl-2.3.0.1.jar:/home/user/.m2/repository/com/sun/xml/bind/jaxb-core/2.3.0.1/jaxb-core-2.3.0.1.jar:/home/user/.m2/repository/javax/xml/bind/jaxb-api/2.3.0/jaxb-api-2.3.0.jar:/home/user/.m2/repository/javax/activation/activation/1.1.1/activation-1.1.1.jar:/home/user/.m2/repository/org/apache/hadoop/hadoop-ozone-csi/0.5.0-SNAPSHOT/hadoop-ozone-csi-0.5.0-SNAPSHOT.jar:/home/user/.m2/repository/com/google/protobuf/protobuf-java-util/3.5.1/protobuf-java-util-3.5.1.jar:/home/user/.m2/repository/org/apache/hadoop/hadoop-hdds-config/0.5.0-SNAPSHOT/hadoop-hdds-config-0.5.0-SNAPSHOT.jar:/home/user/.m2/repository/io/grpc/grpc-netty/1.17.1/grpc-netty-1.17.1.jar:/home/user/.m2/repository/io/grpc/grpc-core/1.17.1/grpc-core-1.17.1.jar:/home/user/.m2/repository/io/grpc/grpc-context/1.17.1/grpc-context-1.17.1.jar:/home/user/.m2/repository/com/google/errorprone/error_prone_annotations/2.2.0/error_prone_annotations-2.2.0.jar:/home/user/.m2/repository/org/codehaus/mojo/animal-sniffer-annotations/1.17/animal-sniffer-annotations-1.17.jar:/home/user/.m2/repository/io/opencensus/opencensus-api/0.17.0/opencensus-api-0.17.0.jar:/home/user/.m2/repository/io/opencensus/opencensus-contrib-grpc-metrics/0.17.0/opencensus-contrib-grpc-metrics-0.17.0.jar:/home/user/.m2/repository/io/netty/netty-codec-http2/4.1.30.Final/netty-codec-http2-4.1.30.Final.jar:/home/user/.m2/repository/io/netty/netty-codec-http/4.1.30.Final/netty-codec-http-4.1.30.Final.jar:/home/user/.m2/repository/io/netty/netty-codec/4.1.30.Final/netty-codec-4.1.30.Final.jar:/home/user/.m2/repository/io/netty/netty-handler/4.1.30.Final/netty-handler-4.1.30.Final.jar:/home/user/.m2/repository/io/netty/netty-handler-proxy/4.1.30.Final/netty-handler-proxy-4.1.30.Final.jar:/home/user/.m2/repository/io/netty/netty-codec-socks/4.1.30.Final/netty-codec-socks-4.1.30.Final.jar:/home/user/.m2/repository/io/netty/netty-transport-native-epoll/4.1.30.Final/netty-transport-native-epoll-4.1.30.Final.jar:/home/user/.m2/repository/io/netty/netty-common/4.1.30.Final/netty-common-4.1.30.Final.jar:/home/user/.m2/repository/io/netty/netty-buffer/4.1.30.Final/netty-buffer-4.1.30.Final.jar:/home/user/.m2/repository/io/netty/netty-transport/4.1.30.Final/netty-transport-4.1.30.Final.jar:/home/user/.m2/repository/io/netty/netty-resolver/4.1.30.Final/netty-resolver-4.1.30.Final.jar:/home/user/.m2/repository/io/netty/netty-transport-native-unix-common/4.1.30.Final/netty-transport-native-unix-common-4.1.30.Final.jar:/home/user/.m2/repository/io/grpc/grpc-protobuf/1.17.1/grpc-protobuf-1.17.1.jar:/home/user/.m2/repository/com/google/api/grpc/proto-google-common-protos/1.0.0/proto-google-common-protos-1.0.0.jar:/home/user/.m2/repository/io/grpc/grpc-protobuf-lite/1.17.1/grpc-protobuf-lite-1.17.1.jar:/home/user/.m2/repository/io/grpc/grpc-stub/1.17.1/grpc-stub-1.17.1.jar:/home/user/.m2/repository/org/apache/hadoop/hadoop-ozone-recon/0.5.0-SNAPSHOT/hadoop-ozone-recon-0.5.0-SNAPSHOT.jar:/home/user/.m2/repository/org/apache/hadoop/hadoop-ozone-reconcodegen/0.5.0-SNAPSHOT/hadoop-ozone-reconcodegen-0.5.0-SNAPSHOT.jar:/home/user/.m2/repository/com/google/inject/extensions/guice-multibindings/4.0/guice-multibindings-4.0.jar:/home/user/.m2/repository/com/google/inject/guice/4.0/guice-4.0.jar:/home/user/.m2/repository/aopalliance/aopalliance/1.0/aopalliance-1.0.jar:/home/user/.m2/repository/com/google/inject/extensions/guice-servlet/4.0/guice-servlet-4.0.jar:/home/user/.m2/repository/org/glassfish/jersey/containers/jersey-container-servlet/2.27/jersey-container-servlet-2.27.jar:/home/user/.m2/repository/org/glassfish/hk2/guice-bridge/2.5.0/guice-bridge-2.5.0.jar:/home/user/.m2/repository/org/glassfish/jersey/core/jersey-server/2.27/jersey-server-2.27.jar:/home/user/.m2/repository/org/glassfish/jersey/core/jersey-client/2.27/jersey-client-2.27.jar:/home/user/.m2/repository/org/glassfish/jersey/media/jersey-media-jaxb/2.27/jersey-media-jaxb-2.27.jar:/home/user/.m2/repository/javax/validation/validation-api/1.1.0.Final/validation-api-1.1.0.Final.jar:/home/user/.m2/repository/org/glassfish/jersey/media/jersey-media-json-jackson/2.27/jersey-media-json-jackson-2.27.jar:/home/user/.m2/repository/org/glassfish/jersey/ext/jersey-entity-filtering/2.27/jersey-entity-filtering-2.27.jar:/home/user/.m2/repository/com/google/inject/extensions/guice-assistedinject/4.0/guice-assistedinject-4.0.jar:/home/user/.m2/repository/org/jooq/jooq/3.11.10/jooq-3.11.10.jar:/home/user/.m2/repository/org/jooq/jooq-meta/3.11.10/jooq-meta-3.11.10.jar:/home/user/.m2/repository/org/jooq/jooq-codegen/3.11.10/jooq-codegen-3.11.10.jar:/home/user/.m2/repository/com/jolbox/bonecp/0.8.0.RELEASE/bonecp-0.8.0.RELEASE.jar:/home/user/.m2/repository/org/xerial/sqlite-jdbc/3.25.2/sqlite-jdbc-3.25.2.jar:/home/user/.m2/repository/org/springframework/spring-jdbc/5.1.3.RELEASE/spring-jdbc-5.1.3.RELEASE.jar:/home/user/.m2/repository/org/springframework/spring-beans/5.1.3.RELEASE/spring-beans-5.1.3.RELEASE.jar:/home/user/.m2/repository/org/springframework/spring-core/5.1.3.RELEASE/spring-core-5.1.3.RELEASE.jar:/home/user/.m2/repository/org/springframework/spring-jcl/5.1.3.RELEASE/spring-jcl-5.1.3.RELEASE.jar:/home/user/.m2/repository/org/springframework/spring-tx/5.1.3.RELEASE/spring-tx-5.1.3.RELEASE.jar:/home/user/.m2/repository/org/apache/hadoop/hadoop-ozone-client/0.5.0-SNAPSHOT/hadoop-ozone-client-0.5.0-SNAPSHOT.jar:/home/user/.m2/repository/commons-lang/commons-lang/2.6/commons-lang-2.6.jar:/home/user/.m2/repository/org/apache/hadoop/hadoop-ozone-ozone-manager/0.5.0-SNAPSHOT/hadoop-ozone-ozone-manager-0.5.0-SNAPSHOT-tests.jar:/home/user/.m2/repository/junit/junit/4.11/junit-4.11.jar:/home/user/.m2/repository/org/hamcrest/hamcrest-core/1.3/hamcrest-core-1.3.jar:/home/user/.m2/repository/org/openjdk/jmh/jmh-core/1.19/jmh-core-1.19.jar:/home/user/.m2/repository/net/sf/jopt-simple/jopt-simple/4.6/jopt-simple-4.6.jar:/home/user/.m2/repository/org/apache/commons/commons-math3/3.1.1/commons-math3-3.1.1.jar:/home/user/.m2/repository/org/openjdk/jmh/jmh-generator-annprocess/1.19/jmh-generator-annprocess-1.19.jar:/home/user/.m2/repository/org/mockito/mockito-all/1.8.5/mockito-all-1.8.5.jar:/home/user/.m2/repository/org/apache/hadoop/hadoop-kms/3.2.0/hadoop-kms-3.2.0.jar:/home/user/.m2/repository/org/apache/hadoop/hadoop-auth/3.2.0/hadoop-auth-3.2.0.jar:/home/user/.m2/repository/com/nimbusds/nimbus-jose-jwt/4.41.1/nimbus-jose-jwt-4.41.1.jar:/home/user/.m2/repository/com/github/stephenc/jcip/jcip-annotations/1.0-1/jcip-annotations-1.0-1.jar:/home/user/.m2/repository/net/minidev/json-smart/2.3/json-smart-2.3.jar:/home/user/.m2/repository/net/minidev/accessors-smart/1.2/accessors-smart-1.2.jar:/home/user/.m2/repository/org/ow2/asm/asm/5.0.4/asm-5.0.4.jar:/home/user/.m2/repository/org/apache/curator/curator-framework/2.12.0/curator-framework-2.12.0.jar:/home/user/.m2/repository/com/sun/jersey/jersey-core/1.19/jersey-core-1.19.jar:/home/user/.m2/repository/javax/ws/rs/jsr311-api/1.1.1/jsr311-api-1.1.1.jar:/home/user/.m2/repository/com/sun/jersey/jersey-server/1.19/jersey-server-1.19.jar:/home/user/.m2/repository/javax/servlet/javax.servlet-api/3.1.0/javax.servlet-api-3.1.0.jar:/home/user/.m2/repository/org/eclipse/jetty/jetty-server/9.3.24.v20180605/jetty-server-9.3.24.v20180605.jar:/home/user/.m2/repository/org/eclipse/jetty/jetty-http/9.3.24.v20180605/jetty-http-9.3.24.v20180605.jar:/home/user/.m2/repository/org/eclipse/jetty/jetty-io/9.3.24.v20180605/jetty-io-9.3.24.v20180605.jar:/home/user/.m2/repository/org/eclipse/jetty/jetty-webapp/9.3.24.v20180605/jetty-webapp-9.3.24.v20180605.jar:/home/user/.m2/repository/org/eclipse/jetty/jetty-xml/9.3.24.v20180605/jetty-xml-9.3.24.v20180605.jar:/home/user/.m2/repository/log4j/log4j/1.2.17/log4j-1.2.17.jar:/home/user/.m2/repository/org/slf4j/slf4j-api/1.7.25/slf4j-api-1.7.25.jar:/home/user/.m2/repository/org/slf4j/jul-to-slf4j/1.7.25/jul-to-slf4j-1.7.25.jar:/home/user/.m2/repository/org/eclipse/jetty/jetty-util/9.3.24.v20180605/jetty-util-9.3.24.v20180605.jar:/home/user/.m2/repository/com/fasterxml/jackson/core/jackson-databind/2.9.9/jackson-databind-2.9.9.jar:/home/user/.m2/repository/org/apache/hadoop/hadoop-kms/3.2.0/hadoop-kms-3.2.0-tests.jar:/home/user/.m2/repository/org/apache/hadoop/hadoop-hdds-server-scm/0.5.0-SNAPSHOT/hadoop-hdds-server-scm-0.5.0-SNAPSHOT-tests.jar:/home/user/.m2/repository/org/apache/hadoop/hadoop-hdds-container-service/0.5.0-SNAPSHOT/hadoop-hdds-container-service-0.5.0-SNAPSHOT-tests.jar:/home/user/.m2/repository/org/yaml/snakeyaml/1.16/snakeyaml-1.16.jar:/home/user/.m2/repository/org/apache/hadoop/hadoop-common/3.2.0/hadoop-common-3.2.0-tests.jar:/home/user/.m2/repository/org/apache/hadoop/hadoop-annotations/3.2.0/hadoop-annotations-3.2.0.jar:/usr/lib/jvm/java-1.8-openjdk/jre/../lib/tools.jar:/home/user/.m2/repository/commons-cli/commons-cli/1.2/commons-cli-1.2.jar:/home/user/.m2/repository/org/apache/httpcomponents/httpclient/4.5.2/httpclient-4.5.2.jar:/home/user/.m2/repository/org/apache/httpcomponents/httpcore/4.4.4/httpcore-4.4.4.jar:/home/user/.m2/repository/commons-codec/commons-codec/1.11/commons-codec-1.11.jar:/home/user/.m2/repository/commons-net/commons-net/3.6/commons-net-3.6.jar:/home/user/.m2/repository/commons-collections/commons-collections/3.2.2/commons-collections-3.2.2.jar:/home/user/.m2/repository/org/eclipse/jetty/jetty-servlet/9.3.24.v20180605/jetty-servlet-9.3.24.v20180605.jar:/home/user/.m2/repository/org/eclipse/jetty/jetty-security/9.3.24.v20180605/jetty-security-9.3.24.v20180605.jar:/home/user/.m2/repository/javax/servlet/jsp/jsp-api/2.1/jsp-api-2.1.jar:/home/user/.m2/repository/com/sun/jersey/jersey-servlet/1.19/jersey-servlet-1.19.jar:/home/user/.m2/repository/com/sun/jersey/jersey-json/1.19/jersey-json-1.19.jar:/home/user/.m2/repository/org/codehaus/jettison/jettison/1.1/jettison-1.1.jar:/home/user/.m2/repository/org/codehaus/jackson/jackson-core-asl/1.9.13/jackson-core-asl-1.9.13.jar:/home/user/.m2/repository/org/codehaus/jackson/jackson-mapper-asl/1.9.13/jackson-mapper-asl-1.9.13.jar:/home/user/.m2/repository/org/codehaus/jackson/jackson-jaxrs/1.9.13/jackson-jaxrs-1.9.13.jar:/home/user/.m2/repository/org/codehaus/jackson/jackson-xc/1.9.13/jackson-xc-1.9.13.jar:/home/user/.m2/repository/commons-logging/commons-logging/1.1.3/commons-logging-1.1.3.jar:/home/user/.m2/repository/commons-beanutils/commons-beanutils/1.9.4/commons-beanutils-1.9.4.jar:/home/user/.m2/repository/org/apache/commons/commons-configuration2/2.1.1/commons-configuration2-2.1.1.jar:/home/user/.m2/repository/org/apache/commons/commons-lang3/3.7/commons-lang3-3.7.jar:/home/user/.m2/repository/org/apache/commons/commons-text/1.4/commons-text-1.4.jar:/home/user/.m2/repository/org/apache/avro/avro/1.7.7/avro-1.7.7.jar:/home/user/.m2/repository/com/thoughtworks/paranamer/paranamer/2.3/paranamer-2.3.jar:/home/user/.m2/repository/org/xerial/snappy/snappy-java/1.0.5/snappy-java-1.0.5.jar:/home/user/.m2/repository/com/google/re2j/re2j/1.1/re2j-1.1.jar:/home/user/.m2/repository/com/google/code/gson/gson/2.2.4/gson-2.2.4.jar:/home/user/.m2/repository/com/jcraft/jsch/0.1.54/jsch-0.1.54.jar:/home/user/.m2/repository/org/apache/curator/curator-client/2.12.0/curator-client-2.12.0.jar:/home/user/.m2/repository/org/apache/curator/curator-recipes/2.12.0/curator-recipes-2.12.0.jar:/home/user/.m2/repository/com/google/code/findbugs/jsr305/3.0.0/jsr305-3.0.0.jar:/home/user/.m2/repository/org/apache/htrace/htrace-core4/4.1.0-incubating/htrace-core4-4.1.0-incubating.jar:/home/user/.m2/repository/org/apache/zookeeper/zookeeper/3.4.13/zookeeper-3.4.13.jar:/home/user/.m2/repository/org/apache/yetus/audience-annotations/0.5.0/audience-annotations-0.5.0.jar:/home/user/.m2/repository/org/codehaus/woodstox/stax2-api/3.1.4/stax2-api-3.1.4.jar:/home/user/.m2/repository/com/fasterxml/woodstox/woodstox-core/5.0.3/woodstox-core-5.0.3.jar:/home/user/.m2/repository/dnsjava/dnsjava/2.1.7/dnsjava-2.1.7.jar:/home/user/.m2/repository/org/apache/hadoop/hadoop-hdfs/3.2.0/hadoop-hdfs-3.2.0-tests.jar:/home/user/.m2/repository/org/eclipse/jetty/jetty-util-ajax/9.3.24.v20180605/jetty-util-ajax-9.3.24.v20180605.jar:/home/user/.m2/repository/commons-daemon/commons-daemon/1.0.13/commons-daemon-1.0.13.jar:/home/user/.m2/repository/io/netty/netty/3.10.5.Final/netty-3.10.5.Final.jar:/home/user/.m2/repository/io/netty/netty-all/4.0.52.Final/netty-all-4.0.52.Final.jar:/home/user/.m2/repository/org/fusesource/leveldbjni/leveldbjni-all/1.8/leveldbjni-all-1.8.jar:"/>
    <property name="java.vm.vendor" value="IcedTea"/>
    <property name="sun.arch.data.model" value="64"/>
    <property name="test.build.dir" value="/workdir/hadoop-ozone/integration-test/target/test-dir"/>
    <property name="test.cache.data" value=""/>
    <property name="java.vendor.url" value="https://icedtea.classpath.org"/>
    <property name="user.timezone" value=""/>
    <property name="java.vm.specification.version" value="1.8"/>
    <property name="os.name" value="Linux"/>
    <property name="test.build.data" value="/workdir/hadoop-ozone/integration-test/target/test-dir"/>
    <property name="user.country" value="US"/>
    <property name="sun.java.launcher" value="SUN_STANDARD"/>
    <property name="sun.boot.library.path" value="/usr/lib/jvm/java-1.8-openjdk/jre/lib/amd64"/>
    <property name="sun.java.command" value="/workdir/hadoop-ozone/integration-test/target/surefire/surefirebooter1031897480457540158.jar /workdir/hadoop-ozone/integration-test/target/surefire 2019-09-19T12-56-27_154-jvmRun1 surefire2983825540125814720tmp surefire_355769195178802423038tmp"/>
    <property name="test" value="!TestMiniChaosOzoneCluster"/>
    <property name="surefire.test.class.path" value="/workdir/hadoop-ozone/integration-test/target/test-classes:/workdir/hadoop-ozone/integration-test/target/classes:/home/user/.m2/repository/org/apache/hadoop/hadoop-ozone-common/0.5.0-SNAPSHOT/hadoop-ozone-common-0.5.0-SNAPSHOT.jar:/home/user/.m2/repository/org/apache/commons/commons-compress/1.4.1/commons-compress-1.4.1.jar:/home/user/.m2/repository/org/tukaani/xz/1.0/xz-1.0.jar:/home/user/.m2/repository/org/apache/hadoop/hadoop-common/3.2.0/hadoop-common-3.2.0.jar:/home/user/.m2/repository/org/apache/hadoop/hadoop-hdfs/3.2.0/hadoop-hdfs-3.2.0.jar:/home/user/.m2/repository/org/apache/hadoop/hadoop-hdfs-client/3.2.0/hadoop-hdfs-client-3.2.0.jar:/home/user/.m2/repository/com/fasterxml/jackson/core/jackson-annotations/2.9.9/jackson-annotations-2.9.9.jar:/home/user/.m2/repository/org/apache/hadoop/hadoop-hdds-common/0.5.0-SNAPSHOT/hadoop-hdds-common-0.5.0-SNAPSHOT.jar:/home/user/.m2/repository/javax/annotation/javax.annotation-api/1.2/javax.annotation-api-1.2.jar:/home/user/.m2/repository/org/apache/ratis/ratis-server/0.4.0-78e95b9-SNAPSHOT/ratis-server-0.4.0-78e95b9-SNAPSHOT.jar:/home/user/.m2/repository/org/apache/ratis/ratis-thirdparty-misc/0.2.0/ratis-thirdparty-misc-0.2.0.jar:/home/user/.m2/repository/org/apache/ratis/ratis-proto/0.4.0-78e95b9-SNAPSHOT/ratis-proto-0.4.0-78e95b9-SNAPSHOT.jar:/home/user/.m2/repository/org/apache/ratis/ratis-common/0.4.0-78e95b9-SNAPSHOT/ratis-common-0.4.0-78e95b9-SNAPSHOT.jar:/home/user/.m2/repository/org/apache/ratis/ratis-client/0.4.0-78e95b9-SNAPSHOT/ratis-client-0.4.0-78e95b9-SNAPSHOT.jar:/home/user/.m2/repository/org/apache/ratis/ratis-metrics/0.4.0-78e95b9-SNAPSHOT/ratis-metrics-0.4.0-78e95b9-SNAPSHOT.jar:/home/user/.m2/repository/com/github/joshelser/dropwizard-metrics-hadoop-metrics2-reporter/0.1.2/dropwizard-metrics-hadoop-metrics2-reporter-0.1.2.jar:/home/user/.m2/repository/io/dropwizard/metrics/metrics-jvm/3.2.5/metrics-jvm-3.2.5.jar:/home/user/.m2/repository/io/dropwizard/metrics/metrics-ganglia/3.2.5/metrics-ganglia-3.2.5.jar:/home/user/.m2/repository/info/ganglia/gmetric4j/gmetric4j/1.0.7/gmetric4j-1.0.7.jar:/home/user/.m2/repository/org/apache/ratis/ratis-netty/0.4.0-78e95b9-SNAPSHOT/ratis-netty-0.4.0-78e95b9-SNAPSHOT.jar:/home/user/.m2/repository/org/apache/ratis/ratis-grpc/0.4.0-78e95b9-SNAPSHOT/ratis-grpc-0.4.0-78e95b9-SNAPSHOT.jar:/home/user/.m2/repository/org/rocksdb/rocksdbjni/6.0.1/rocksdbjni-6.0.1.jar:/home/user/.m2/repository/org/apache/logging/log4j/log4j-api/2.11.0/log4j-api-2.11.0.jar:/home/user/.m2/repository/org/apache/logging/log4j/log4j-core/2.11.0/log4j-core-2.11.0.jar:/home/user/.m2/repository/com/lmax/disruptor/3.4.2/disruptor-3.4.2.jar:/home/user/.m2/repository/org/apache/commons/commons-pool2/2.6.0/commons-pool2-2.6.0.jar:/home/user/.m2/repository/org/bouncycastle/bcpkix-jdk15on/1.60/bcpkix-jdk15on-1.60.jar:/home/user/.m2/repository/commons-validator/commons-validator/1.6/commons-validator-1.6.jar:/home/user/.m2/repository/commons-digester/commons-digester/1.8.1/commons-digester-1.8.1.jar:/home/user/.m2/repository/io/jaegertracing/jaeger-client/0.33.1/jaeger-client-0.33.1.jar:/home/user/.m2/repository/io/jaegertracing/jaeger-thrift/0.33.1/jaeger-thrift-0.33.1.jar:/home/user/.m2/repository/org/apache/thrift/libthrift/0.11.0/libthrift-0.11.0.jar:/home/user/.m2/repository/com/squareup/okhttp3/okhttp/3.9.0/okhttp-3.9.0.jar:/home/user/.m2/repository/com/squareup/okio/okio/1.13.0/okio-1.13.0.jar:/home/user/.m2/repository/io/jaegertracing/jaeger-core/0.33.1/jaeger-core-0.33.1.jar:/home/user/.m2/repository/io/jaegertracing/jaeger-tracerresolver/0.33.1/jaeger-tracerresolver-0.33.1.jar:/home/user/.m2/repository/io/opentracing/contrib/opentracing-tracerresolver/0.1.5/opentracing-tracerresolver-0.1.5.jar:/home/user/.m2/repository/io/opentracing/opentracing-util/0.31.0/opentracing-util-0.31.0.jar:/home/user/.m2/repository/io/opentracing/opentracing-api/0.31.0/opentracing-api-0.31.0.jar:/home/user/.m2/repository/io/opentracing/opentracing-noop/0.31.0/opentracing-noop-0.31.0.jar:/home/user/.m2/repository/org/apache/hadoop/hadoop-hdds-server-framework/0.5.0-SNAPSHOT/hadoop-hdds-server-framework-0.5.0-SNAPSHOT.jar:/home/user/.m2/repository/org/apache/hadoop/hadoop-hdds-container-service/0.5.0-SNAPSHOT/hadoop-hdds-container-service-0.5.0-SNAPSHOT.jar:/home/user/.m2/repository/org/apache/hadoop/hadoop-hdds-client/0.5.0-SNAPSHOT/hadoop-hdds-client-0.5.0-SNAPSHOT.jar:/home/user/.m2/repository/org/apache/hadoop/hadoop-hdds-tools/0.5.0-SNAPSHOT/hadoop-hdds-tools-0.5.0-SNAPSHOT.jar:/home/user/.m2/repository/org/apache/hadoop/hadoop-hdds-server-scm/0.5.0-SNAPSHOT/hadoop-hdds-server-scm-0.5.0-SNAPSHOT.jar:/home/user/.m2/repository/org/apache/hadoop/hadoop-hdds-docs/0.5.0-SNAPSHOT/hadoop-hdds-docs-0.5.0-SNAPSHOT.jar:/home/user/.m2/repository/io/dropwizard/metrics/metrics-core/3.2.4/metrics-core-3.2.4.jar:/home/user/.m2/repository/org/hamcrest/hamcrest-all/1.3/hamcrest-all-1.3.jar:/home/user/.m2/repository/org/bouncycastle/bcprov-jdk15on/1.60/bcprov-jdk15on-1.60.jar:/home/user/.m2/repository/info/picocli/picocli/3.9.6/picocli-3.9.6.jar:/home/user/.m2/repository/com/google/protobuf/protobuf-java/2.5.0/protobuf-java-2.5.0.jar:/home/user/.m2/repository/com/google/guava/guava/11.0.2/guava-11.0.2.jar:/home/user/.m2/repository/org/apache/hadoop/hadoop-ozone-ozone-manager/0.5.0-SNAPSHOT/hadoop-ozone-ozone-manager-0.5.0-SNAPSHOT.jar:/home/user/.m2/repository/org/apache/hadoop/hadoop-minikdc/3.2.0/hadoop-minikdc-3.2.0.jar:/home/user/.m2/repository/commons-io/commons-io/2.5/commons-io-2.5.jar:/home/user/.m2/repository/org/apache/kerby/kerb-simplekdc/1.0.1/kerb-simplekdc-1.0.1.jar:/home/user/.m2/repository/org/apache/kerby/kerb-client/1.0.1/kerb-client-1.0.1.jar:/home/user/.m2/repository/org/apache/kerby/kerby-config/1.0.1/kerby-config-1.0.1.jar:/home/user/.m2/repository/org/apache/kerby/kerb-core/1.0.1/kerb-core-1.0.1.jar:/home/user/.m2/repository/org/apache/kerby/kerby-pkix/1.0.1/kerby-pkix-1.0.1.jar:/home/user/.m2/repository/org/apache/kerby/kerby-asn1/1.0.1/kerby-asn1-1.0.1.jar:/home/user/.m2/repository/org/apache/kerby/kerby-util/1.0.1/kerby-util-1.0.1.jar:/home/user/.m2/repository/org/apache/kerby/kerb-common/1.0.1/kerb-common-1.0.1.jar:/home/user/.m2/repository/org/apache/kerby/kerb-crypto/1.0.1/kerb-crypto-1.0.1.jar:/home/user/.m2/repository/org/apache/kerby/kerb-util/1.0.1/kerb-util-1.0.1.jar:/home/user/.m2/repository/org/apache/kerby/token-provider/1.0.1/token-provider-1.0.1.jar:/home/user/.m2/repository/org/apache/kerby/kerb-admin/1.0.1/kerb-admin-1.0.1.jar:/home/user/.m2/repository/org/apache/kerby/kerb-server/1.0.1/kerb-server-1.0.1.jar:/home/user/.m2/repository/org/apache/kerby/kerb-identity/1.0.1/kerb-identity-1.0.1.jar:/home/user/.m2/repository/org/apache/kerby/kerby-xdr/1.0.1/kerby-xdr-1.0.1.jar:/home/user/.m2/repository/org/slf4j/slf4j-log4j12/1.7.25/slf4j-log4j12-1.7.25.jar:/home/user/.m2/repository/org/apache/hadoop/hadoop-ozone-s3gateway/0.5.0-SNAPSHOT/hadoop-ozone-s3gateway-0.5.0-SNAPSHOT.jar:/home/user/.m2/repository/org/jboss/weld/servlet/weld-servlet/2.4.7.Final/weld-servlet-2.4.7.Final.jar:/home/user/.m2/repository/org/glassfish/jersey/containers/jersey-container-servlet-core/2.27/jersey-container-servlet-core-2.27.jar:/home/user/.m2/repository/org/glassfish/hk2/external/javax.inject/2.5.0-b42/javax.inject-2.5.0-b42.jar:/home/user/.m2/repository/org/glassfish/jersey/core/jersey-common/2.27/jersey-common-2.27.jar:/home/user/.m2/repository/org/glassfish/hk2/osgi-resource-locator/1.0.1/osgi-resource-locator-1.0.1.jar:/home/user/.m2/repository/javax/ws/rs/javax.ws.rs-api/2.1/javax.ws.rs-api-2.1.jar:/home/user/.m2/repository/org/glassfish/jersey/ext/cdi/jersey-cdi1x/2.27/jersey-cdi1x-2.27.jar:/home/user/.m2/repository/org/glassfish/jersey/inject/jersey-hk2/2.27/jersey-hk2-2.27.jar:/home/user/.m2/repository/org/glassfish/hk2/hk2-locator/2.5.0-b42/hk2-locator-2.5.0-b42.jar:/home/user/.m2/repository/org/javassist/javassist/3.22.0-CR2/javassist-3.22.0-CR2.jar:/home/user/.m2/repository/org/glassfish/hk2/hk2-api/2.5.0/hk2-api-2.5.0.jar:/home/user/.m2/repository/org/glassfish/hk2/external/jakarta.inject/2.5.0/jakarta.inject-2.5.0.jar:/home/user/.m2/repository/org/glassfish/hk2/hk2-utils/2.5.0/hk2-utils-2.5.0.jar:/home/user/.m2/repository/jakarta/annotation/jakarta.annotation-api/1.3.4/jakarta.annotation-api-1.3.4.jar:/home/user/.m2/repository/org/glassfish/hk2/external/aopalliance-repackaged/2.5.0/aopalliance-repackaged-2.5.0.jar:/home/user/.m2/repository/com/fasterxml/jackson/dataformat/jackson-dataformat-xml/2.9.0/jackson-dataformat-xml-2.9.0.jar:/home/user/.m2/repository/com/fasterxml/jackson/core/jackson-core/2.9.9/jackson-core-2.9.9.jar:/home/user/.m2/repository/com/fasterxml/jackson/module/jackson-module-jaxb-annotations/2.9.9/jackson-module-jaxb-annotations-2.9.9.jar:/home/user/.m2/repository/javax/enterprise/cdi-api/1.2/cdi-api-1.2.jar:/home/user/.m2/repository/javax/el/javax.el-api/3.0.0/javax.el-api-3.0.0.jar:/home/user/.m2/repository/javax/interceptor/javax.interceptor-api/1.2/javax.interceptor-api-1.2.jar:/home/user/.m2/repository/javax/inject/javax.inject/1/javax.inject-1.jar:/home/user/.m2/repository/com/sun/xml/bind/jaxb-impl/2.3.0.1/jaxb-impl-2.3.0.1.jar:/home/user/.m2/repository/com/sun/xml/bind/jaxb-core/2.3.0.1/jaxb-core-2.3.0.1.jar:/home/user/.m2/repository/javax/xml/bind/jaxb-api/2.3.0/jaxb-api-2.3.0.jar:/home/user/.m2/repository/javax/activation/activation/1.1.1/activation-1.1.1.jar:/home/user/.m2/repository/org/apache/hadoop/hadoop-ozone-csi/0.5.0-SNAPSHOT/hadoop-ozone-csi-0.5.0-SNAPSHOT.jar:/home/user/.m2/repository/com/google/protobuf/protobuf-java-util/3.5.1/protobuf-java-util-3.5.1.jar:/home/user/.m2/repository/org/apache/hadoop/hadoop-hdds-config/0.5.0-SNAPSHOT/hadoop-hdds-config-0.5.0-SNAPSHOT.jar:/home/user/.m2/repository/io/grpc/grpc-netty/1.17.1/grpc-netty-1.17.1.jar:/home/user/.m2/repository/io/grpc/grpc-core/1.17.1/grpc-core-1.17.1.jar:/home/user/.m2/repository/io/grpc/grpc-context/1.17.1/grpc-context-1.17.1.jar:/home/user/.m2/repository/com/google/errorprone/error_prone_annotations/2.2.0/error_prone_annotations-2.2.0.jar:/home/user/.m2/repository/org/codehaus/mojo/animal-sniffer-annotations/1.17/animal-sniffer-annotations-1.17.jar:/home/user/.m2/repository/io/opencensus/opencensus-api/0.17.0/opencensus-api-0.17.0.jar:/home/user/.m2/repository/io/opencensus/opencensus-contrib-grpc-metrics/0.17.0/opencensus-contrib-grpc-metrics-0.17.0.jar:/home/user/.m2/repository/io/netty/netty-codec-http2/4.1.30.Final/netty-codec-http2-4.1.30.Final.jar:/home/user/.m2/repository/io/netty/netty-codec-http/4.1.30.Final/netty-codec-http-4.1.30.Final.jar:/home/user/.m2/repository/io/netty/netty-codec/4.1.30.Final/netty-codec-4.1.30.Final.jar:/home/user/.m2/repository/io/netty/netty-handler/4.1.30.Final/netty-handler-4.1.30.Final.jar:/home/user/.m2/repository/io/netty/netty-handler-proxy/4.1.30.Final/netty-handler-proxy-4.1.30.Final.jar:/home/user/.m2/repository/io/netty/netty-codec-socks/4.1.30.Final/netty-codec-socks-4.1.30.Final.jar:/home/user/.m2/repository/io/netty/netty-transport-native-epoll/4.1.30.Final/netty-transport-native-epoll-4.1.30.Final.jar:/home/user/.m2/repository/io/netty/netty-common/4.1.30.Final/netty-common-4.1.30.Final.jar:/home/user/.m2/repository/io/netty/netty-buffer/4.1.30.Final/netty-buffer-4.1.30.Final.jar:/home/user/.m2/repository/io/netty/netty-transport/4.1.30.Final/netty-transport-4.1.30.Final.jar:/home/user/.m2/repository/io/netty/netty-resolver/4.1.30.Final/netty-resolver-4.1.30.Final.jar:/home/user/.m2/repository/io/netty/netty-transport-native-unix-common/4.1.30.Final/netty-transport-native-unix-common-4.1.30.Final.jar:/home/user/.m2/repository/io/grpc/grpc-protobuf/1.17.1/grpc-protobuf-1.17.1.jar:/home/user/.m2/repository/com/google/api/grpc/proto-google-common-protos/1.0.0/proto-google-common-protos-1.0.0.jar:/home/user/.m2/repository/io/grpc/grpc-protobuf-lite/1.17.1/grpc-protobuf-lite-1.17.1.jar:/home/user/.m2/repository/io/grpc/grpc-stub/1.17.1/grpc-stub-1.17.1.jar:/home/user/.m2/repository/org/apache/hadoop/hadoop-ozone-recon/0.5.0-SNAPSHOT/hadoop-ozone-recon-0.5.0-SNAPSHOT.jar:/home/user/.m2/repository/org/apache/hadoop/hadoop-ozone-reconcodegen/0.5.0-SNAPSHOT/hadoop-ozone-reconcodegen-0.5.0-SNAPSHOT.jar:/home/user/.m2/repository/com/google/inject/extensions/guice-multibindings/4.0/guice-multibindings-4.0.jar:/home/user/.m2/repository/com/google/inject/guice/4.0/guice-4.0.jar:/home/user/.m2/repository/aopalliance/aopalliance/1.0/aopalliance-1.0.jar:/home/user/.m2/repository/com/google/inject/extensions/guice-servlet/4.0/guice-servlet-4.0.jar:/home/user/.m2/repository/org/glassfish/jersey/containers/jersey-container-servlet/2.27/jersey-container-servlet-2.27.jar:/home/user/.m2/repository/org/glassfish/hk2/guice-bridge/2.5.0/guice-bridge-2.5.0.jar:/home/user/.m2/repository/org/glassfish/jersey/core/jersey-server/2.27/jersey-server-2.27.jar:/home/user/.m2/repository/org/glassfish/jersey/core/jersey-client/2.27/jersey-client-2.27.jar:/home/user/.m2/repository/org/glassfish/jersey/media/jersey-media-jaxb/2.27/jersey-media-jaxb-2.27.jar:/home/user/.m2/repository/javax/validation/validation-api/1.1.0.Final/validation-api-1.1.0.Final.jar:/home/user/.m2/repository/org/glassfish/jersey/media/jersey-media-json-jackson/2.27/jersey-media-json-jackson-2.27.jar:/home/user/.m2/repository/org/glassfish/jersey/ext/jersey-entity-filtering/2.27/jersey-entity-filtering-2.27.jar:/home/user/.m2/repository/com/google/inject/extensions/guice-assistedinject/4.0/guice-assistedinject-4.0.jar:/home/user/.m2/repository/org/jooq/jooq/3.11.10/jooq-3.11.10.jar:/home/user/.m2/repository/org/jooq/jooq-meta/3.11.10/jooq-meta-3.11.10.jar:/home/user/.m2/repository/org/jooq/jooq-codegen/3.11.10/jooq-codegen-3.11.10.jar:/home/user/.m2/repository/com/jolbox/bonecp/0.8.0.RELEASE/bonecp-0.8.0.RELEASE.jar:/home/user/.m2/repository/org/xerial/sqlite-jdbc/3.25.2/sqlite-jdbc-3.25.2.jar:/home/user/.m2/repository/org/springframework/spring-jdbc/5.1.3.RELEASE/spring-jdbc-5.1.3.RELEASE.jar:/home/user/.m2/repository/org/springframework/spring-beans/5.1.3.RELEASE/spring-beans-5.1.3.RELEASE.jar:/home/user/.m2/repository/org/springframework/spring-core/5.1.3.RELEASE/spring-core-5.1.3.RELEASE.jar:/home/user/.m2/repository/org/springframework/spring-jcl/5.1.3.RELEASE/spring-jcl-5.1.3.RELEASE.jar:/home/user/.m2/repository/org/springframework/spring-tx/5.1.3.RELEASE/spring-tx-5.1.3.RELEASE.jar:/home/user/.m2/repository/org/apache/hadoop/hadoop-ozone-client/0.5.0-SNAPSHOT/hadoop-ozone-client-0.5.0-SNAPSHOT.jar:/home/user/.m2/repository/commons-lang/commons-lang/2.6/commons-lang-2.6.jar:/home/user/.m2/repository/org/apache/hadoop/hadoop-ozone-ozone-manager/0.5.0-SNAPSHOT/hadoop-ozone-ozone-manager-0.5.0-SNAPSHOT-tests.jar:/home/user/.m2/repository/junit/junit/4.11/junit-4.11.jar:/home/user/.m2/repository/org/hamcrest/hamcrest-core/1.3/hamcrest-core-1.3.jar:/home/user/.m2/repository/org/openjdk/jmh/jmh-core/1.19/jmh-core-1.19.jar:/home/user/.m2/repository/net/sf/jopt-simple/jopt-simple/4.6/jopt-simple-4.6.jar:/home/user/.m2/repository/org/apache/commons/commons-math3/3.1.1/commons-math3-3.1.1.jar:/home/user/.m2/repository/org/openjdk/jmh/jmh-generator-annprocess/1.19/jmh-generator-annprocess-1.19.jar:/home/user/.m2/repository/org/mockito/mockito-all/1.8.5/mockito-all-1.8.5.jar:/home/user/.m2/repository/org/apache/hadoop/hadoop-kms/3.2.0/hadoop-kms-3.2.0.jar:/home/user/.m2/repository/org/apache/hadoop/hadoop-auth/3.2.0/hadoop-auth-3.2.0.jar:/home/user/.m2/repository/com/nimbusds/nimbus-jose-jwt/4.41.1/nimbus-jose-jwt-4.41.1.jar:/home/user/.m2/repository/com/github/stephenc/jcip/jcip-annotations/1.0-1/jcip-annotations-1.0-1.jar:/home/user/.m2/repository/net/minidev/json-smart/2.3/json-smart-2.3.jar:/home/user/.m2/repository/net/minidev/accessors-smart/1.2/accessors-smart-1.2.jar:/home/user/.m2/repository/org/ow2/asm/asm/5.0.4/asm-5.0.4.jar:/home/user/.m2/repository/org/apache/curator/curator-framework/2.12.0/curator-framework-2.12.0.jar:/home/user/.m2/repository/com/sun/jersey/jersey-core/1.19/jersey-core-1.19.jar:/home/user/.m2/repository/javax/ws/rs/jsr311-api/1.1.1/jsr311-api-1.1.1.jar:/home/user/.m2/repository/com/sun/jersey/jersey-server/1.19/jersey-server-1.19.jar:/home/user/.m2/repository/javax/servlet/javax.servlet-api/3.1.0/javax.servlet-api-3.1.0.jar:/home/user/.m2/repository/org/eclipse/jetty/jetty-server/9.3.24.v20180605/jetty-server-9.3.24.v20180605.jar:/home/user/.m2/repository/org/eclipse/jetty/jetty-http/9.3.24.v20180605/jetty-http-9.3.24.v20180605.jar:/home/user/.m2/repository/org/eclipse/jetty/jetty-io/9.3.24.v20180605/jetty-io-9.3.24.v20180605.jar:/home/user/.m2/repository/org/eclipse/jetty/jetty-webapp/9.3.24.v20180605/jetty-webapp-9.3.24.v20180605.jar:/home/user/.m2/repository/org/eclipse/jetty/jetty-xml/9.3.24.v20180605/jetty-xml-9.3.24.v20180605.jar:/home/user/.m2/repository/log4j/log4j/1.2.17/log4j-1.2.17.jar:/home/user/.m2/repository/org/slf4j/slf4j-api/1.7.25/slf4j-api-1.7.25.jar:/home/user/.m2/repository/org/slf4j/jul-to-slf4j/1.7.25/jul-to-slf4j-1.7.25.jar:/home/user/.m2/repository/org/eclipse/jetty/jetty-util/9.3.24.v20180605/jetty-util-9.3.24.v20180605.jar:/home/user/.m2/repository/com/fasterxml/jackson/core/jackson-databind/2.9.9/jackson-databind-2.9.9.jar:/home/user/.m2/repository/org/apache/hadoop/hadoop-kms/3.2.0/hadoop-kms-3.2.0-tests.jar:/home/user/.m2/repository/org/apache/hadoop/hadoop-hdds-server-scm/0.5.0-SNAPSHOT/hadoop-hdds-server-scm-0.5.0-SNAPSHOT-tests.jar:/home/user/.m2/repository/org/apache/hadoop/hadoop-hdds-container-service/0.5.0-SNAPSHOT/hadoop-hdds-container-service-0.5.0-SNAPSHOT-tests.jar:/home/user/.m2/repository/org/yaml/snakeyaml/1.16/snakeyaml-1.16.jar:/home/user/.m2/repository/org/apache/hadoop/hadoop-common/3.2.0/hadoop-common-3.2.0-tests.jar:/home/user/.m2/repository/org/apache/hadoop/hadoop-annotations/3.2.0/hadoop-annotations-3.2.0.jar:/usr/lib/jvm/java-1.8-openjdk/jre/../lib/tools.jar:/home/user/.m2/repository/commons-cli/commons-cli/1.2/commons-cli-1.2.jar:/home/user/.m2/repository/org/apache/httpcomponents/httpclient/4.5.2/httpclient-4.5.2.jar:/home/user/.m2/repository/org/apache/httpcomponents/httpcore/4.4.4/httpcore-4.4.4.jar:/home/user/.m2/repository/commons-codec/commons-codec/1.11/commons-codec-1.11.jar:/home/user/.m2/repository/commons-net/commons-net/3.6/commons-net-3.6.jar:/home/user/.m2/repository/commons-collections/commons-collections/3.2.2/commons-collections-3.2.2.jar:/home/user/.m2/repository/org/eclipse/jetty/jetty-servlet/9.3.24.v20180605/jetty-servlet-9.3.24.v20180605.jar:/home/user/.m2/repository/org/eclipse/jetty/jetty-security/9.3.24.v20180605/jetty-security-9.3.24.v20180605.jar:/home/user/.m2/repository/javax/servlet/jsp/jsp-api/2.1/jsp-api-2.1.jar:/home/user/.m2/repository/com/sun/jersey/jersey-servlet/1.19/jersey-servlet-1.19.jar:/home/user/.m2/repository/com/sun/jersey/jersey-json/1.19/jersey-json-1.19.jar:/home/user/.m2/repository/org/codehaus/jettison/jettison/1.1/jettison-1.1.jar:/home/user/.m2/repository/org/codehaus/jackson/jackson-core-asl/1.9.13/jackson-core-asl-1.9.13.jar:/home/user/.m2/repository/org/codehaus/jackson/jackson-mapper-asl/1.9.13/jackson-mapper-asl-1.9.13.jar:/home/user/.m2/repository/org/codehaus/jackson/jackson-jaxrs/1.9.13/jackson-jaxrs-1.9.13.jar:/home/user/.m2/repository/org/codehaus/jackson/jackson-xc/1.9.13/jackson-xc-1.9.13.jar:/home/user/.m2/repository/commons-logging/commons-logging/1.1.3/commons-logging-1.1.3.jar:/home/user/.m2/repository/commons-beanutils/commons-beanutils/1.9.4/commons-beanutils-1.9.4.jar:/home/user/.m2/repository/org/apache/commons/commons-configuration2/2.1.1/commons-configuration2-2.1.1.jar:/home/user/.m2/repository/org/apache/commons/commons-lang3/3.7/commons-lang3-3.7.jar:/home/user/.m2/repository/org/apache/commons/commons-text/1.4/commons-text-1.4.jar:/home/user/.m2/repository/org/apache/avro/avro/1.7.7/avro-1.7.7.jar:/home/user/.m2/repository/com/thoughtworks/paranamer/paranamer/2.3/paranamer-2.3.jar:/home/user/.m2/repository/org/xerial/snappy/snappy-java/1.0.5/snappy-java-1.0.5.jar:/home/user/.m2/repository/com/google/re2j/re2j/1.1/re2j-1.1.jar:/home/user/.m2/repository/com/google/code/gson/gson/2.2.4/gson-2.2.4.jar:/home/user/.m2/repository/com/jcraft/jsch/0.1.54/jsch-0.1.54.jar:/home/user/.m2/repository/org/apache/curator/curator-client/2.12.0/curator-client-2.12.0.jar:/home/user/.m2/repository/org/apache/curator/curator-recipes/2.12.0/curator-recipes-2.12.0.jar:/home/user/.m2/repository/com/google/code/findbugs/jsr305/3.0.0/jsr305-3.0.0.jar:/home/user/.m2/repository/org/apache/htrace/htrace-core4/4.1.0-incubating/htrace-core4-4.1.0-incubating.jar:/home/user/.m2/repository/org/apache/zookeeper/zookeeper/3.4.13/zookeeper-3.4.13.jar:/home/user/.m2/repository/org/apache/yetus/audience-annotations/0.5.0/audience-annotations-0.5.0.jar:/home/user/.m2/repository/org/codehaus/woodstox/stax2-api/3.1.4/stax2-api-3.1.4.jar:/home/user/.m2/repository/com/fasterxml/woodstox/woodstox-core/5.0.3/woodstox-core-5.0.3.jar:/home/user/.m2/repository/dnsjava/dnsjava/2.1.7/dnsjava-2.1.7.jar:/home/user/.m2/repository/org/apache/hadoop/hadoop-hdfs/3.2.0/hadoop-hdfs-3.2.0-tests.jar:/home/user/.m2/repository/org/eclipse/jetty/jetty-util-ajax/9.3.24.v20180605/jetty-util-ajax-9.3.24.v20180605.jar:/home/user/.m2/repository/commons-daemon/commons-daemon/1.0.13/commons-daemon-1.0.13.jar:/home/user/.m2/repository/io/netty/netty/3.10.5.Final/netty-3.10.5.Final.jar:/home/user/.m2/repository/io/netty/netty-all/4.0.52.Final/netty-all-4.0.52.Final.jar:/home/user/.m2/repository/org/fusesource/leveldbjni/leveldbjni-all/1.8/leveldbjni-all-1.8.jar:"/>
    <property name="sun.cpu.endian" value="little"/>
    <property name="user.home" value="/home/user"/>
    <property name="user.language" value="en"/>
    <property name="java.specification.vendor" value="Oracle Corporation"/>
    <property name="java.home" value="/usr/lib/jvm/java-1.8-openjdk/jre"/>
    <property name="java.security.krb5.conf" value="/workdir/hadoop-ozone/integration-test/target/test-classes/krb5.conf"/>
    <property name="basedir" value="/workdir/hadoop-ozone/integration-test"/>
    <property name="file.separator" value="/"/>
    <property name="line.separator" value="&#10;"/>
    <property name="java.vm.specification.vendor" value="Oracle Corporation"/>
    <property name="java.specification.name" value="Java Platform API Specification"/>
    <property name="java.awt.graphicsenv" value="sun.awt.X11GraphicsEnvironment"/>
    <property name="surefire.real.class.path" value="/workdir/hadoop-ozone/integration-test/target/surefire/surefirebooter1031897480457540158.jar"/>
    <property name="hadoop.log.dir" value="/workdir/hadoop-ozone/integration-test/target/log"/>
    <property name="sun.boot.class.path" value="/usr/lib/jvm/java-1.8-openjdk/jre/lib/resources.jar:/usr/lib/jvm/java-1.8-openjdk/jre/lib/rt.jar:/usr/lib/jvm/java-1.8-openjdk/jre/lib/sunrsasign.jar:/usr/lib/jvm/java-1.8-openjdk/jre/lib/jsse.jar:/usr/lib/jvm/java-1.8-openjdk/jre/lib/jce.jar:/usr/lib/jvm/java-1.8-openjdk/jre/lib/charsets.jar:/usr/lib/jvm/java-1.8-openjdk/jre/lib/jfr.jar:/usr/lib/jvm/java-1.8-openjdk/jre/classes"/>
    <property name="sun.management.compiler" value="HotSpot 64-Bit Tiered Compilers"/>
    <property name="java.runtime.version" value="1.8.0_212-b04"/>
    <property name="java.net.preferIPv4Stack" value="true"/>
    <property name="user.name" value="jenkins1000"/>
    <property name="path.separator" value=":"/>
    <property name="java.security.egd" value="file:///dev/urandom"/>
    <property name="os.version" value="3.10.0-957.12.2.el7.x86_64"/>
    <property name="java.endorsed.dirs" value="/usr/lib/jvm/java-1.8-openjdk/jre/lib/endorsed"/>
    <property name="java.runtime.name" value="OpenJDK Runtime Environment"/>
    <property name="file.encoding" value="UTF-8"/>
    <property name="java.vm.name" value="OpenJDK 64-Bit Server VM"/>
    <property name="test.build.webapps" value=""/>
    <property name="localRepository" value="/home/user/.m2/repository"/>
    <property name="java.vendor.url.bug" value="https://icedtea.classpath.org/bugzilla"/>
    <property name="java.io.tmpdir" value="/tmp"/>
    <property name="require.test.libhadoop" value=""/>
    <property name="java.version" value="1.8.0_212"/>
    <property name="user.dir" value="/workdir/hadoop-ozone/integration-test"/>
    <property name="os.arch" value="amd64"/>
    <property name="java.vm.specification.name" value="Java Virtual Machine Specification"/>
    <property name="test.build.classes" value="/workdir/hadoop-ozone/integration-test/target/test-classes"/>
    <property name="java.awt.printerjob" value="sun.print.PSPrinterJob"/>
    <property name="sun.os.patch.level" value="unknown"/>
    <property name="hadoop.tmp.dir" value="/workdir/hadoop-ozone/integration-test/target/tmp"/>
    <property name="java.library.path" value="/usr/lib/jvm/java-1.8-openjdk/jre/lib/amd64/server:/usr/lib/jvm/java-1.8-openjdk/jre/lib/amd64:/usr/lib/jvm/java-1.8-openjdk/jre/../lib/amd64:/workdir/hadoop-ozone/integration-test/target/native/target/usr/local/lib:/workdir/hadoop-ozone/integration-test/../../hadoop-common-project/hadoop-common/target/native/target/usr/local/lib:/usr/java/packages/lib/amd64:/usr/lib64:/lib64:/lib:/usr/lib"/>
    <property name="java.vm.info" value="mixed mode"/>
    <property name="java.vendor" value="IcedTea"/>
    <property name="java.vm.version" value="25.212-b04"/>
    <property name="java.ext.dirs" value="/usr/lib/jvm/java-1.8-openjdk/jre/lib/ext:/usr/java/packages/lib/ext"/>
    <property name="sun.io.unicode.encoding" value="UnicodeLittle"/>
    <property name="java.class.version" value="52.0"/>
  </properties>
  <testcase name="test" classname="org.apache.hadoop.ozone.scm.TestSCMContainerPlacementPolicyMetrics" time="81.461">
    <error message="test timed out after 60000 milliseconds" type="java.lang.Exception">java.lang.Exception: test timed out after 60000 milliseconds
	at java.lang.Thread.sleep(Native Method)
	at org.apache.hadoop.ozone.scm.TestSCMContainerPlacementPolicyMetrics.test(TestSCMContainerPlacementPolicyMetrics.java:134)
	at sun.reflect.NativeMethodAccessorImpl.invoke0(Native Method)
	at sun.reflect.NativeMethodAccessorImpl.invoke(NativeMethodAccessorImpl.java:62)
	at sun.reflect.DelegatingMethodAccessorImpl.invoke(DelegatingMethodAccessorImpl.java:43)
	at java.lang.reflect.Method.invoke(Method.java:498)
	at org.junit.runners.model.FrameworkMethod$1.runReflectiveCall(FrameworkMethod.java:47)
	at org.junit.internal.runners.model.ReflectiveCallable.run(ReflectiveCallable.java:12)
	at org.junit.runners.model.FrameworkMethod.invokeExplosively(FrameworkMethod.java:44)
	at org.junit.internal.runners.statements.InvokeMethod.evaluate(InvokeMethod.java:17)
	at org.junit.internal.runners.statements.FailOnTimeout$StatementThread.run(FailOnTimeout.java:74)
</error>
    <system-out><![CDATA[2019-09-19 13:19:07,989 [main] WARN  server.ServerUtils (ServerUtils.java:getScmDbDir(145)) - ozone.scm.db.dirs is not configured. We recommend adding this setting. Falling back to ozone.metadata.dirs instead.
2019-09-19 13:19:08,112 [main] WARN  server.ServerUtils (ServerUtils.java:getScmDbDir(145)) - ozone.scm.db.dirs is not configured. We recommend adding this setting. Falling back to ozone.metadata.dirs instead.
2019-09-19 13:19:08,115 [main] WARN  server.ServerUtils (ServerUtils.java:getScmDbDir(145)) - ozone.scm.db.dirs is not configured. We recommend adding this setting. Falling back to ozone.metadata.dirs instead.
2019-09-19 13:19:08,132 [main] INFO  util.log (Log.java:initialized(192)) - Logging initialized @882ms
2019-09-19 13:19:08,229 [main] INFO  db.DBStoreBuilder (DBStoreBuilder.java:addTable(110)) - using custom profile for table: deletedBlocks
2019-09-19 13:19:08,230 [main] INFO  db.DBStoreBuilder (DBStoreBuilder.java:processTables(161)) - Using default column profile:DBProfile.DISK for Table:deletedBlocks
2019-09-19 13:19:08,230 [main] INFO  db.DBStoreBuilder (DBStoreBuilder.java:addTable(110)) - using custom profile for table: validCerts
2019-09-19 13:19:08,230 [main] INFO  db.DBStoreBuilder (DBStoreBuilder.java:processTables(161)) - Using default column profile:DBProfile.DISK for Table:validCerts
2019-09-19 13:19:08,231 [main] INFO  db.DBStoreBuilder (DBStoreBuilder.java:addTable(110)) - using custom profile for table: revokedCerts
2019-09-19 13:19:08,231 [main] INFO  db.DBStoreBuilder (DBStoreBuilder.java:processTables(161)) - Using default column profile:DBProfile.DISK for Table:revokedCerts
2019-09-19 13:19:08,242 [main] INFO  db.DBStoreBuilder (DBStoreBuilder.java:addTable(110)) - using custom profile for table: default
2019-09-19 13:19:08,242 [main] INFO  db.DBStoreBuilder (DBStoreBuilder.java:processTables(167)) - Using default column profile:DBProfile.DISK for Table:default
2019-09-19 13:19:08,243 [main] INFO  db.DBStoreBuilder (DBStoreBuilder.java:getDbProfile(198)) - Using default options. DBProfile.DISK
2019-09-19 13:19:08,471 [main] INFO  net.NodeSchemaLoader (NodeSchemaLoader.java:loadSchemaFromFile(125)) - Loading file from sun.misc.CompoundEnumeration@3590fc5b
2019-09-19 13:19:08,473 [main] INFO  net.NodeSchemaLoader (NodeSchemaLoader.java:loadSchema(171)) - Loading network topology layer schema file
2019-09-19 13:19:08,536 [main] WARN  server.ServerUtils (ServerUtils.java:sanitizeUserArgs(70)) - ozone.scm.stale.node.interval value = 300000 is larger than max = 100000 based on the key value of ozone.scm.heartbeat.thread.interval, reset to the max value 100000.
2019-09-19 13:19:08,537 [main] WARN  server.ServerUtils (ServerUtils.java:sanitizeUserArgs(70)) - ozone.scm.stale.node.interval value = 300000 is larger than max = 100000 based on the key value of ozone.scm.heartbeat.thread.interval, reset to the max value 100000.
2019-09-19 13:19:08,539 [main] INFO  node.SCMNodeManager (SCMNodeManager.java:<init>(115)) - Entering startup safe mode.
2019-09-19 13:19:08,601 [main] INFO  Configuration.deprecation (Configuration.java:logDeprecation(1394)) - hadoop.configured.node.mapping is deprecated. Instead, use net.topology.configured.node.mapping
2019-09-19 13:19:08,605 [main] INFO  algorithms.ContainerPlacementPolicyFactory (ContainerPlacementPolicyFactory.java:getPolicy(57)) - Create container placement policy of type org.apache.hadoop.hdds.scm.container.placement.algorithms.SCMContainerPlacementRackAware
2019-09-19 13:19:08,618 [main] WARN  server.ServerUtils (ServerUtils.java:getScmDbDir(145)) - ozone.scm.db.dirs is not configured. We recommend adding this setting. Falling back to ozone.metadata.dirs instead.
2019-09-19 13:19:08,679 [main] INFO  pipeline.SCMPipelineManager (SCMPipelineManager.java:initializePipelineState(128)) - No pipeline exists in current db
2019-09-19 13:19:08,681 [main] WARN  server.ServerUtils (ServerUtils.java:getScmDbDir(145)) - ozone.scm.db.dirs is not configured. We recommend adding this setting. Falling back to ozone.metadata.dirs instead.
2019-09-19 13:19:08,783 [main] WARN  events.EventQueue (EventQueue.java:fireEvent(183)) - No event handler registered for event TypedEvent{payloadType=SafeModeStatus, name='SafeModeStatus'}
2019-09-19 13:19:09,177 [main] INFO  ipc.CallQueueManager (CallQueueManager.java:<init>(84)) - Using callQueue: class java.util.concurrent.LinkedBlockingQueue, queueCapacity: 2000, scheduler: class org.apache.hadoop.ipc.DefaultRpcScheduler, ipcBackoff: false.
2019-09-19 13:19:09,205 [Socket Reader #1 for port 46061] INFO  ipc.Server (Server.java:run(1074)) - Starting Socket Reader #1 for port 46061
2019-09-19 13:19:09,366 [main] INFO  ipc.CallQueueManager (CallQueueManager.java:<init>(84)) - Using callQueue: class java.util.concurrent.LinkedBlockingQueue, queueCapacity: 2000, scheduler: class org.apache.hadoop.ipc.DefaultRpcScheduler, ipcBackoff: false.
2019-09-19 13:19:09,367 [Socket Reader #1 for port 33036] INFO  ipc.Server (Server.java:run(1074)) - Starting Socket Reader #1 for port 33036
2019-09-19 13:19:09,377 [main] INFO  ipc.CallQueueManager (CallQueueManager.java:<init>(84)) - Using callQueue: class java.util.concurrent.LinkedBlockingQueue, queueCapacity: 2000, scheduler: class org.apache.hadoop.ipc.DefaultRpcScheduler, ipcBackoff: false.
2019-09-19 13:19:09,378 [Socket Reader #1 for port 43780] INFO  ipc.Server (Server.java:run(1074)) - Starting Socket Reader #1 for port 43780
2019-09-19 13:19:09,404 [main] INFO  hdfs.DFSUtil (DFSUtil.java:httpServerTemplateForNNAndJN(1641)) - Starting Web-server for scm at: http://0.0.0.0:0
2019-09-19 13:19:09,563 [main] INFO  server.AuthenticationFilter (AuthenticationFilter.java:constructSecretProvider(240)) - Unable to initialize FileSignerSecretProvider, falling back to use random secrets.
2019-09-19 13:19:09,571 [main] WARN  http.HttpRequestLog (HttpRequestLog.java:getRequestLog(97)) - Jetty request log can only be enabled using Log4j
2019-09-19 13:19:09,578 [main] INFO  http.HttpServer2 (HttpServer2.java:addGlobalFilter(975)) - Added global filter 'safety' (class=org.apache.hadoop.http.HttpServer2$QuotingInputFilter)
2019-09-19 13:19:09,581 [main] INFO  http.HttpServer2 (HttpServer2.java:addFilter(948)) - Added filter static_user_filter (class=org.apache.hadoop.http.lib.StaticUserWebFilter$StaticUserFilter) to context scm
2019-09-19 13:19:09,581 [main] INFO  http.HttpServer2 (HttpServer2.java:addFilter(958)) - Added filter static_user_filter (class=org.apache.hadoop.http.lib.StaticUserWebFilter$StaticUserFilter) to context logs
2019-09-19 13:19:09,581 [main] INFO  http.HttpServer2 (HttpServer2.java:addFilter(958)) - Added filter static_user_filter (class=org.apache.hadoop.http.lib.StaticUserWebFilter$StaticUserFilter) to context static
2019-09-19 13:19:09,610 [main] INFO  server.StorageContainerManager (StorageContainerManager.java:start(763)) - StorageContainerLocationProtocol RPC server is listening at /0.0.0.0:43780
2019-09-19 13:19:09,673 [main] WARN  impl.MetricsConfig (MetricsConfig.java:loadFirst(134)) - Cannot locate configuration: tried hadoop-metrics2-storagecontainermanager.properties,hadoop-metrics2.properties
2019-09-19 13:19:09,685 [main] INFO  impl.MetricsSystemImpl (MetricsSystemImpl.java:startTimer(374)) - Scheduled Metric snapshot period at 10 second(s).
2019-09-19 13:19:09,685 [main] INFO  impl.MetricsSystemImpl (MetricsSystemImpl.java:start(191)) - StorageContainerManager metrics system started
2019-09-19 13:19:09,903 [main] INFO  server.SCMClientProtocolServer (SCMClientProtocolServer.java:start(151)) - RPC server for Client  is listening at /0.0.0.0:43780
2019-09-19 13:19:09,903 [IPC Server Responder] INFO  ipc.Server (Server.java:run(1314)) - IPC Server Responder: starting
2019-09-19 13:19:09,903 [IPC Server listener on 43780] INFO  ipc.Server (Server.java:run(1153)) - IPC Server listener on 43780: starting
2019-09-19 13:19:09,906 [main] INFO  server.StorageContainerManager (StorageContainerManager.java:start(773)) - ScmBlockLocationProtocol RPC server is listening at /0.0.0.0:33036
2019-09-19 13:19:09,907 [main] INFO  server.SCMBlockProtocolServer (SCMBlockProtocolServer.java:start(146)) - RPC server for Block Protocol is listening at /0.0.0.0:33036
2019-09-19 13:19:09,907 [IPC Server Responder] INFO  ipc.Server (Server.java:run(1314)) - IPC Server Responder: starting
2019-09-19 13:19:09,908 [IPC Server listener on 33036] INFO  ipc.Server (Server.java:run(1153)) - IPC Server listener on 33036: starting
2019-09-19 13:19:09,909 [main] INFO  server.StorageContainerManager (StorageContainerManager.java:start(777)) - ScmDatanodeProtocl RPC server is listening at /0.0.0.0:46061
2019-09-19 13:19:09,909 [main] INFO  server.SCMDatanodeProtocolServer (SCMDatanodeProtocolServer.java:start(191)) - RPC server for DataNodes is listening at /0.0.0.0:46061
2019-09-19 13:19:09,910 [IPC Server Responder] INFO  ipc.Server (Server.java:run(1314)) - IPC Server Responder: starting
2019-09-19 13:19:09,910 [IPC Server listener on 46061] INFO  ipc.Server (Server.java:run(1153)) - IPC Server listener on 46061: starting
2019-09-19 13:19:09,913 [main] INFO  http.HttpServer2 (HttpServer2.java:bindListener(1191)) - Jetty bound to port 39436
2019-09-19 13:19:09,914 [main] INFO  server.Server (Server.java:doStart(351)) - jetty-9.3.24.v20180605, build timestamp: 2018-06-05T17:11:56Z, git hash: 84205aa28f11a4f31f2a3b86d1bba2cc8ab69827
2019-09-19 13:19:09,951 [main] INFO  handler.ContextHandler (ContextHandler.java:doStart(781)) - Started o.e.j.s.ServletContextHandler@4aa83f4f{/logs,file:///workdir/hadoop-ozone/integration-test/target/log,AVAILABLE}
2019-09-19 13:19:09,952 [main] INFO  handler.ContextHandler (ContextHandler.java:doStart(781)) - Started o.e.j.s.ServletContextHandler@260e86a1{/static,file:///workdir/hadoop-ozone/integration-test/target/test-classes/webapps/static,AVAILABLE}
2019-09-19 13:19:09,984 [main] INFO  handler.ContextHandler (ContextHandler.java:doStart(781)) - Started o.e.j.w.WebAppContext@e24ddd0{/,file:///workdir/hadoop-ozone/integration-test/target/test-classes/webapps/scm/,AVAILABLE}{/scm}
2019-09-19 13:19:09,992 [main] INFO  server.AbstractConnector (AbstractConnector.java:doStart(278)) - Started ServerConnector@ca27722{HTTP/1.1,[http/1.1]}{0.0.0.0:39436}
2019-09-19 13:19:09,993 [main] INFO  server.Server (Server.java:doStart(419)) - Started @2743ms
2019-09-19 13:19:09,997 [main] INFO  impl.MetricsSinkAdapter (MetricsSinkAdapter.java:start(204)) - Sink prometheus started
2019-09-19 13:19:09,997 [main] INFO  impl.MetricsSystemImpl (MetricsSystemImpl.java:registerSink(301)) - Registered sink prometheus
2019-09-19 13:19:09,999 [main] INFO  server.BaseHttpServer (BaseHttpServer.java:updateConnectorAddress(215)) - HTTP server of SCM is listening at http://0.0.0.0:39436
2019-09-19 13:19:10,004 [org.apache.hadoop.util.JvmPauseMonitor$Monitor@4d63b624] INFO  util.JvmPauseMonitor (JvmPauseMonitor.java:run(188)) - Starting JVM pause monitor
2019-09-19 13:19:10,006 [main] WARN  server.ServerUtils (ServerUtils.java:getDBPath(222)) - ozone.om.db.dirs is not configured. We recommend adding this setting. Falling back to ozone.metadata.dirs instead.
2019-09-19 13:19:10,108 [main] WARN  server.ServerUtils (ServerUtils.java:getDBPath(222)) - ozone.om.db.dirs is not configured. We recommend adding this setting. Falling back to ozone.metadata.dirs instead.
2019-09-19 13:19:10,108 [main] WARN  server.ServerUtils (ServerUtils.java:getDBPath(222)) - ozone.om.db.dirs is not configured. We recommend adding this setting. Falling back to ozone.metadata.dirs instead.
2019-09-19 13:19:10,109 [main] INFO  om.OzoneManager (OzoneManager.java:setOMNodeDetails(649)) - OM Service ID is not set. Setting it to the default ID: omServiceIdDefault
2019-09-19 13:19:10,109 [main] INFO  om.OzoneManager (OzoneManager.java:setOMNodeDetails(655)) - OM Node ID is not set. Setting it to the OmStorage's OmID: 1fc8a2f8-9a5e-4ecd-8904-170813f007e5
2019-09-19 13:19:10,111 [main] INFO  om.OzoneManager (OzoneManager.java:loadOMHAConfigs(606)) - Found matching OM address with OMServiceId: null, OMNodeId: null, RPC Address: localhost:0 and Ratis port: 9872
2019-09-19 13:19:10,765 [main] WARN  server.ServerUtils (ServerUtils.java:getDBPath(222)) - ozone.om.db.dirs is not configured. We recommend adding this setting. Falling back to ozone.metadata.dirs instead.
2019-09-19 13:19:10,771 [main] INFO  db.DBStoreBuilder (DBStoreBuilder.java:addTable(110)) - using custom profile for table: userTable
2019-09-19 13:19:10,772 [main] INFO  db.DBStoreBuilder (DBStoreBuilder.java:processTables(161)) - Using default column profile:DBProfile.DISK for Table:userTable
2019-09-19 13:19:10,772 [main] INFO  db.DBStoreBuilder (DBStoreBuilder.java:addTable(110)) - using custom profile for table: volumeTable
2019-09-19 13:19:10,772 [main] INFO  db.DBStoreBuilder (DBStoreBuilder.java:processTables(161)) - Using default column profile:DBProfile.DISK for Table:volumeTable
2019-09-19 13:19:10,772 [main] INFO  db.DBStoreBuilder (DBStoreBuilder.java:addTable(110)) - using custom profile for table: bucketTable
2019-09-19 13:19:10,773 [main] INFO  db.DBStoreBuilder (DBStoreBuilder.java:processTables(161)) - Using default column profile:DBProfile.DISK for Table:bucketTable
2019-09-19 13:19:10,773 [main] INFO  db.DBStoreBuilder (DBStoreBuilder.java:addTable(110)) - using custom profile for table: keyTable
2019-09-19 13:19:10,773 [main] INFO  db.DBStoreBuilder (DBStoreBuilder.java:processTables(161)) - Using default column profile:DBProfile.DISK for Table:keyTable
2019-09-19 13:19:10,773 [main] INFO  db.DBStoreBuilder (DBStoreBuilder.java:addTable(110)) - using custom profile for table: deletedTable
2019-09-19 13:19:10,774 [main] INFO  db.DBStoreBuilder (DBStoreBuilder.java:processTables(161)) - Using default column profile:DBProfile.DISK for Table:deletedTable
2019-09-19 13:19:10,774 [main] INFO  db.DBStoreBuilder (DBStoreBuilder.java:addTable(110)) - using custom profile for table: openKeyTable
2019-09-19 13:19:10,774 [main] INFO  db.DBStoreBuilder (DBStoreBuilder.java:processTables(161)) - Using default column profile:DBProfile.DISK for Table:openKeyTable
2019-09-19 13:19:10,774 [main] INFO  db.DBStoreBuilder (DBStoreBuilder.java:addTable(110)) - using custom profile for table: s3Table
2019-09-19 13:19:10,775 [main] INFO  db.DBStoreBuilder (DBStoreBuilder.java:processTables(161)) - Using default column profile:DBProfile.DISK for Table:s3Table
2019-09-19 13:19:10,775 [main] INFO  db.DBStoreBuilder (DBStoreBuilder.java:addTable(110)) - using custom profile for table: multipartInfoTable
2019-09-19 13:19:10,775 [main] INFO  db.DBStoreBuilder (DBStoreBuilder.java:processTables(161)) - Using default column profile:DBProfile.DISK for Table:multipartInfoTable
2019-09-19 13:19:10,776 [main] INFO  db.DBStoreBuilder (DBStoreBuilder.java:addTable(110)) - using custom profile for table: dTokenTable
2019-09-19 13:19:10,776 [main] INFO  db.DBStoreBuilder (DBStoreBuilder.java:processTables(161)) - Using default column profile:DBProfile.DISK for Table:dTokenTable
2019-09-19 13:19:10,776 [main] INFO  db.DBStoreBuilder (DBStoreBuilder.java:addTable(110)) - using custom profile for table: s3SecretTable
2019-09-19 13:19:10,776 [main] INFO  db.DBStoreBuilder (DBStoreBuilder.java:processTables(161)) - Using default column profile:DBProfile.DISK for Table:s3SecretTable
2019-09-19 13:19:10,777 [main] INFO  db.DBStoreBuilder (DBStoreBuilder.java:addTable(110)) - using custom profile for table: prefixTable
2019-09-19 13:19:10,777 [main] INFO  db.DBStoreBuilder (DBStoreBuilder.java:processTables(161)) - Using default column profile:DBProfile.DISK for Table:prefixTable
2019-09-19 13:19:10,777 [main] INFO  db.DBStoreBuilder (DBStoreBuilder.java:addTable(110)) - using custom profile for table: default
2019-09-19 13:19:10,777 [main] INFO  db.DBStoreBuilder (DBStoreBuilder.java:processTables(167)) - Using default column profile:DBProfile.DISK for Table:default
2019-09-19 13:19:10,777 [main] INFO  db.DBStoreBuilder (DBStoreBuilder.java:getDbProfile(198)) - Using default options. DBProfile.DISK
2019-09-19 13:19:11,118 [KeyDeletingService#0] WARN  utils.BackgroundService (BackgroundService.java:lambda$run$0(135)) - Background task fails to execute, retrying in next interval
java.util.concurrent.ExecutionException: java.lang.NullPointerException
	at java.util.concurrent.FutureTask.report(FutureTask.java:122)
	at java.util.concurrent.FutureTask.get(FutureTask.java:206)
	at org.apache.hadoop.hdds.utils.BackgroundService$PeriodicalTask.lambda$run$0(BackgroundService.java:129)
	at java.util.stream.ForEachOps$ForEachOp$OfRef.accept(ForEachOps.java:184)
	at java.util.ArrayList$ArrayListSpliterator.forEachRemaining(ArrayList.java:1382)
	at java.util.stream.AbstractPipeline.copyInto(AbstractPipeline.java:482)
	at java.util.stream.ForEachOps$ForEachTask.compute(ForEachOps.java:291)
	at java.util.concurrent.CountedCompleter.exec(CountedCompleter.java:731)
	at java.util.concurrent.ForkJoinTask.doExec(ForkJoinTask.java:289)
	at java.util.concurrent.ForkJoinTask.doInvoke(ForkJoinTask.java:401)
	at java.util.concurrent.ForkJoinTask.invoke(ForkJoinTask.java:734)
	at java.util.stream.ForEachOps$ForEachOp.evaluateParallel(ForEachOps.java:160)
	at java.util.stream.ForEachOps$ForEachOp$OfRef.evaluateParallel(ForEachOps.java:174)
	at java.util.stream.AbstractPipeline.evaluate(AbstractPipeline.java:233)
	at java.util.stream.ReferencePipeline.forEach(ReferencePipeline.java:418)
	at java.util.stream.ReferencePipeline$Head.forEach(ReferencePipeline.java:583)
	at org.apache.hadoop.hdds.utils.BackgroundService$PeriodicalTask.run(BackgroundService.java:125)
	at java.util.concurrent.Executors$RunnableAdapter.call(Executors.java:511)
	at java.util.concurrent.FutureTask.runAndReset(FutureTask.java:308)
	at java.util.concurrent.ScheduledThreadPoolExecutor$ScheduledFutureTask.access$301(ScheduledThreadPoolExecutor.java:180)
	at java.util.concurrent.ScheduledThreadPoolExecutor$ScheduledFutureTask.run(ScheduledThreadPoolExecutor.java:294)
	at java.util.concurrent.ThreadPoolExecutor.runWorker(ThreadPoolExecutor.java:1149)
	at java.util.concurrent.ThreadPoolExecutor$Worker.run(ThreadPoolExecutor.java:624)
	at java.lang.Thread.run(Thread.java:748)
Caused by: java.lang.NullPointerException
	at org.apache.hadoop.ozone.om.OzoneManager.isLeader(OzoneManager.java:3391)
	at org.apache.hadoop.ozone.om.KeyDeletingService.shouldRun(KeyDeletingService.java:120)
	at org.apache.hadoop.ozone.om.KeyDeletingService.access$100(KeyDeletingService.java:58)
	at org.apache.hadoop.ozone.om.KeyDeletingService$KeyDeletingTask.call(KeyDeletingService.java:149)
	at org.apache.hadoop.ozone.om.KeyDeletingService$KeyDeletingTask.call(KeyDeletingService.java:137)
	at java.util.concurrent.FutureTask.run(FutureTask.java:266)
	at java.util.concurrent.Executors$RunnableAdapter.call(Executors.java:511)
	at java.util.concurrent.FutureTask.run(FutureTask.java:266)
	at java.util.concurrent.Executors$RunnableAdapter.call(Executors.java:511)
	at java.util.concurrent.FutureTask.run(FutureTask.java:266)
	at java.util.concurrent.ScheduledThreadPoolExecutor$ScheduledFutureTask.access$201(ScheduledThreadPoolExecutor.java:180)
	at java.util.concurrent.ScheduledThreadPoolExecutor$ScheduledFutureTask.run(ScheduledThreadPoolExecutor.java:293)
	... 3 more
2019-09-19 13:19:11,145 [main] WARN  scm.HddsServerUtil (HddsServerUtil.java:getDefaultRatisDirectory(354)) - Storage directory for Ratis is not configured. It is a good idea to map this to an SSD disk. Falling back to ozone.metadata.dirs
2019-09-19 13:19:11,168 [main] INFO  ratis.OzoneManagerRatisServer (OzoneManagerRatisServer.java:<init>(241)) - Instantiating OM Ratis server with GroupID: omServiceIdDefault and Raft Peers: localhost:9872
2019-09-19 13:19:11,313 [main] INFO  impl.RaftServerProxy (ConfUtils.java:logGet(43)) - raft.rpc.type = GRPC (default)
2019-09-19 13:19:11,377 [main] INFO  grpc.GrpcFactory (GrpcFactory.java:checkPooledByteBufAllocatorUseCacheForAllThreads(45)) - PERFORMANCE WARNING: useCacheForAllThreads is true that may cause Netty to create a lot garbage objects and, as a result, trigger GC.
	It is recommended to disable useCacheForAllThreads by setting -Dorg.apache.ratis.thirdparty.io.netty.allocator.useCacheForAllThreads=false in command line.
2019-09-19 13:19:11,381 [main] INFO  grpc.GrpcConfigKeys$Server (ConfUtils.java:logGet(43)) - raft.grpc.server.port = 9872 (custom)
2019-09-19 13:19:11,382 [main] INFO  server.GrpcService (ConfUtils.java:logGet(43)) - raft.grpc.message.size.max = 33554432 (custom)
2019-09-19 13:19:11,383 [main] INFO  server.RaftServerConfigKeys (ConfUtils.java:logGet(43)) - raft.server.log.appender.buffer.byte-limit = 33554432 (custom)
2019-09-19 13:19:11,384 [main] INFO  server.GrpcService (ConfUtils.java:logGet(43)) - raft.grpc.flow.control.window = 1MB (=1048576) (default)
2019-09-19 13:19:11,385 [main] INFO  server.RaftServerConfigKeys (ConfUtils.java:logGet(43)) - raft.server.rpc.request.timeout = 3000ms (default)
2019-09-19 13:19:11,518 [main] INFO  server.RaftServerConfigKeys (ConfUtils.java:logGet(43)) - raft.server.storage.dir = [/workdir/hadoop-ozone/integration-test/target/test-dir/MiniOzoneClusterImpl-e9843695-6be0-4f8f-b95a-59679a9cffc8/ozone-meta/ratis] (custom)
2019-09-19 13:19:11,524 [main] INFO  impl.RaftServerProxy (RaftServerProxy.java:addNew(89)) - 1fc8a2f8-9a5e-4ecd-8904-170813f007e5: addNew group-C5BA1605619E:[1fc8a2f8-9a5e-4ecd-8904-170813f007e5:localhost:9872] returns group-C5BA1605619E:java.util.concurrent.CompletableFuture@213c3543[Not completed]
2019-09-19 13:19:11,524 [main] INFO  om.OzoneManager (OzoneManager.java:initializeRatisServer(1382)) - OzoneManager Ratis server initialized at port 9872
2019-09-19 13:19:11,526 [main] WARN  scm.HddsServerUtil (HddsServerUtil.java:getDefaultRatisDirectory(354)) - Storage directory for Ratis is not configured. It is a good idea to map this to an SSD disk. Falling back to ozone.metadata.dirs
2019-09-19 13:19:11,527 [main] WARN  scm.HddsServerUtil (HddsServerUtil.java:getDefaultRatisDirectory(354)) - Storage directory for Ratis is not configured. It is a good idea to map this to an SSD disk. Falling back to ozone.metadata.dirs
2019-09-19 13:19:11,537 [pool-22-thread-1] INFO  impl.RaftServerImpl (RaftServerImpl.java:<init>(95)) - 1fc8a2f8-9a5e-4ecd-8904-170813f007e5: new RaftServerImpl for group-C5BA1605619E:[1fc8a2f8-9a5e-4ecd-8904-170813f007e5:localhost:9872] with OzoneManagerStateMachine:uninitialized
2019-09-19 13:19:11,539 [main] INFO  ipc.CallQueueManager (CallQueueManager.java:<init>(84)) - Using callQueue: class java.util.concurrent.LinkedBlockingQueue, queueCapacity: 2000, scheduler: class org.apache.hadoop.ipc.DefaultRpcScheduler, ipcBackoff: false.
2019-09-19 13:19:11,539 [pool-22-thread-1] INFO  server.RaftServerConfigKeys (ConfUtils.java:logGet(43)) - raft.server.rpc.timeout.min = 1s (custom)
2019-09-19 13:19:11,540 [pool-22-thread-1] INFO  server.RaftServerConfigKeys (ConfUtils.java:logGet(43)) - raft.server.rpc.timeout.max = 1200ms (custom)
2019-09-19 13:19:11,540 [Socket Reader #1 for port 38423] INFO  ipc.Server (Server.java:run(1074)) - Starting Socket Reader #1 for port 38423
2019-09-19 13:19:11,540 [pool-22-thread-1] INFO  server.RaftServerConfigKeys (ConfUtils.java:logGet(43)) - raft.server.rpcslowness.timeout = 120s (custom)
2019-09-19 13:19:11,541 [pool-22-thread-1] INFO  server.RaftServerConfigKeys (ConfUtils.java:logGet(43)) - raft.server.sleep.deviation.threshold = 300 (default)
2019-09-19 13:19:11,542 [pool-22-thread-1] INFO  server.RaftServerConfigKeys (ConfUtils.java:logGet(43)) - raft.server.log.appender.install.snapshot.enabled = false (custom)
2019-09-19 13:19:11,551 [pool-22-thread-1] INFO  impl.RaftServerImpl (ServerState.java:<init>(103)) - 1fc8a2f8-9a5e-4ecd-8904-170813f007e5@group-C5BA1605619E: ConfigurationManager, init=-1: [1fc8a2f8-9a5e-4ecd-8904-170813f007e5:localhost:9872], old=null, confs=<EMPTY_MAP>
2019-09-19 13:19:11,551 [pool-22-thread-1] INFO  server.RaftServerConfigKeys (ConfUtils.java:logGet(43)) - raft.server.storage.dir = [/workdir/hadoop-ozone/integration-test/target/test-dir/MiniOzoneClusterImpl-e9843695-6be0-4f8f-b95a-59679a9cffc8/ozone-meta/ratis] (custom)
2019-09-19 13:19:11,559 [main] INFO  om.OzoneManager (OzoneManager.java:start(1240)) - OzoneManager RPC server is listening at localhost/127.0.0.1:38423
2019-09-19 13:19:11,559 [main] INFO  impl.MetricsSystemImpl (MetricsSystemImpl.java:init(158)) - OzoneManager metrics system started (again)
2019-09-19 13:19:11,559 [main] INFO  ratis.OzoneManagerRatisServer (OzoneManagerRatisServer.java:start(331)) - Starting OzoneManagerRatisServer 1fc8a2f8-9a5e-4ecd-8904-170813f007e5 at port 9872
2019-09-19 13:19:11,563 [pool-22-thread-1] INFO  storage.RaftStorageDirectory (RaftStorageDirectory.java:analyzeStorage(246)) - The storage directory /workdir/hadoop-ozone/integration-test/target/test-dir/MiniOzoneClusterImpl-e9843695-6be0-4f8f-b95a-59679a9cffc8/ozone-meta/ratis/bf265839-605b-3f16-9796-c5ba1605619e does not exist. Creating ...
2019-09-19 13:19:11,581 [pool-22-thread-1] INFO  storage.RaftStorageDirectory (RaftStorageDirectory.java:tryLock(328)) - Lock on /workdir/hadoop-ozone/integration-test/target/test-dir/MiniOzoneClusterImpl-e9843695-6be0-4f8f-b95a-59679a9cffc8/ozone-meta/ratis/bf265839-605b-3f16-9796-c5ba1605619e/in_use.lock acquired by nodename 2740@pr-hdds-1982-decom-states-fm625-96302961
2019-09-19 13:19:11,598 [pool-22-thread-1] INFO  storage.RaftStorage (RaftStorage.java:format(72)) - Storage directory /workdir/hadoop-ozone/integration-test/target/test-dir/MiniOzoneClusterImpl-e9843695-6be0-4f8f-b95a-59679a9cffc8/ozone-meta/ratis/bf265839-605b-3f16-9796-c5ba1605619e has been successfully formatted.
2019-09-19 13:19:11,601 [pool-22-thread-1] INFO  server.RaftServerConfigKeys (ConfUtils.java:logGet(43)) - raft.server.notification.no-leader.timeout = 120s (custom)
2019-09-19 13:19:11,604 [pool-22-thread-1] INFO  server.RaftServerConfigKeys (ConfUtils.java:logGet(43)) - raft.server.log.use.memory = false (default)
2019-09-19 13:19:11,609 [pool-22-thread-1] INFO  server.RaftServerConfigKeys (ConfUtils.java:logGet(43)) - raft.server.log.purge.gap = 1000000 (custom)
2019-09-19 13:19:11,609 [pool-22-thread-1] INFO  server.RaftServerConfigKeys (ConfUtils.java:logGet(43)) - raft.server.log.appender.buffer.byte-limit = 33554432 (custom)
2019-09-19 13:19:11,611 [pool-22-thread-1] INFO  server.RaftServerConfigKeys (ConfUtils.java:logGet(43)) - raft.server.log.segment.size.max = 16384 (custom)
2019-09-19 13:19:11,615 [pool-22-thread-1] INFO  server.RaftServerConfigKeys (ConfUtils.java:logGet(43)) - raft.server.log.segment.cache.num.max = 2 (custom)
2019-09-19 13:19:11,619 [pool-22-thread-1] INFO  segmented.SegmentedRaftLogWorker (SegmentedRaftLogWorker.java:<init>(172)) - new 1fc8a2f8-9a5e-4ecd-8904-170813f007e5@group-C5BA1605619E-SegmentedRaftLogWorker for RaftStorage:Storage Directory /workdir/hadoop-ozone/integration-test/target/test-dir/MiniOzoneClusterImpl-e9843695-6be0-4f8f-b95a-59679a9cffc8/ozone-meta/ratis/bf265839-605b-3f16-9796-c5ba1605619e
2019-09-19 13:19:11,621 [pool-22-thread-1] INFO  impl.MetricsSystemImpl (MetricsSystemImpl.java:init(158)) - ratis metrics system started (again)
2019-09-19 13:19:11,650 [pool-22-thread-1] INFO  server.RaftServerConfigKeys (ConfUtils.java:logGet(43)) - raft.server.log.queue.byte-limit = 64MB (=67108864) (default)
2019-09-19 13:19:11,651 [pool-22-thread-1] INFO  server.RaftServerConfigKeys (ConfUtils.java:logGet(43)) - raft.server.log.queue.element-limit = 4096 (default)
2019-09-19 13:19:11,654 [pool-22-thread-1] INFO  server.RaftServerConfigKeys (ConfUtils.java:logGet(43)) - raft.server.log.segment.size.max = 16384 (custom)
2019-09-19 13:19:11,654 [pool-22-thread-1] INFO  server.RaftServerConfigKeys (ConfUtils.java:logGet(43)) - raft.server.log.preallocated.size = 16384 (custom)
2019-09-19 13:19:11,654 [pool-22-thread-1] INFO  server.RaftServerConfigKeys (ConfUtils.java:logGet(43)) - raft.server.log.write.buffer.size = 64KB (=65536) (default)
2019-09-19 13:19:11,655 [pool-22-thread-1] INFO  server.RaftServerConfigKeys (ConfUtils.java:logGet(43)) - raft.server.log.force.sync.num = 128 (default)
2019-09-19 13:19:11,656 [pool-22-thread-1] INFO  server.RaftServerConfigKeys (ConfUtils.java:logGet(43)) - raft.server.log.statemachine.data.sync = true (default)
2019-09-19 13:19:11,656 [pool-22-thread-1] INFO  server.RaftServerConfigKeys (ConfUtils.java:logGet(43)) - raft.server.log.statemachine.data.sync.timeout = 10s (default)
2019-09-19 13:19:11,657 [pool-22-thread-1] INFO  server.RaftServerConfigKeys (ConfUtils.java:logGet(43)) - raft.server.log.statemachine.data.sync.timeout.retry = -1 (default)
2019-09-19 13:19:11,664 [pool-22-thread-1] INFO  server.RaftServerConfigKeys (ConfUtils.java:logGet(43)) - raft.server.log.statemachine.data.caching.enabled = false (default)
2019-09-19 13:19:11,669 [pool-22-thread-1] INFO  segmented.SegmentedRaftLogWorker (SegmentedRaftLogWorker.java:lambda$new$0(132)) - 1fc8a2f8-9a5e-4ecd-8904-170813f007e5@group-C5BA1605619E-SegmentedRaftLogWorker: flushIndex: setUnconditionally 0 -> -1
2019-09-19 13:19:11,673 [pool-22-thread-1] INFO  server.RaftServerConfigKeys (ConfUtils.java:logGet(43)) - raft.server.snapshot.auto.trigger.enabled = true (custom)
2019-09-19 13:19:11,674 [pool-22-thread-1] INFO  server.RaftServerConfigKeys (ConfUtils.java:logGet(43)) - raft.server.snapshot.auto.trigger.threshold = 400000 (default)
2019-09-19 13:19:11,674 [pool-22-thread-1] INFO  server.RaftServerConfigKeys (ConfUtils.java:logGet(43)) - raft.server.snapshot.retention.num.files = -1 (default)
2019-09-19 13:19:11,675 [pool-22-thread-1] INFO  server.RaftServerConfigKeys (ConfUtils.java:logGet(43)) - raft.server.retrycache.expirytime = 600000ms (custom)
2019-09-19 13:19:11,702 [main] INFO  impl.RaftServerImpl (RaftServerImpl.java:start(185)) - 1fc8a2f8-9a5e-4ecd-8904-170813f007e5@group-C5BA1605619E: start as a follower, conf=-1: [1fc8a2f8-9a5e-4ecd-8904-170813f007e5:localhost:9872], old=null
2019-09-19 13:19:11,704 [main] INFO  impl.RaftServerImpl (RaftServerImpl.java:setRole(174)) - 1fc8a2f8-9a5e-4ecd-8904-170813f007e5@group-C5BA1605619E: changes role from      null to FOLLOWER at term 0 for startAsFollower
2019-09-19 13:19:11,705 [main] INFO  impl.RoleInfo (RoleInfo.java:updateAndGet(143)) - 1fc8a2f8-9a5e-4ecd-8904-170813f007e5: start FollowerState
2019-09-19 13:19:11,706 [main] INFO  util.JmxRegister (JmxRegister.java:tryRegister(44)) - Successfully registered JMX Bean with object name Ratis:service=RaftServer,group=group-C5BA1605619E,id=1fc8a2f8-9a5e-4ecd-8904-170813f007e5
2019-09-19 13:19:11,707 [main] INFO  impl.RaftServerProxy (RaftServerProxy.java:lambda$start$3(299)) - 1fc8a2f8-9a5e-4ecd-8904-170813f007e5: start RPC server
2019-09-19 13:19:11,795 [main] INFO  server.GrpcService (GrpcService.java:startImpl(158)) - 1fc8a2f8-9a5e-4ecd-8904-170813f007e5: GrpcService started, listening on 0.0.0.0/0.0.0.0:9872
2019-09-19 13:19:11,805 [IPC Server Responder] INFO  ipc.Server (Server.java:run(1314)) - IPC Server Responder: starting
2019-09-19 13:19:11,807 [IPC Server listener on 38423] INFO  ipc.Server (Server.java:run(1153)) - IPC Server listener on 38423: starting
2019-09-19 13:19:11,810 [main] INFO  hdfs.DFSUtil (DFSUtil.java:httpServerTemplateForNNAndJN(1641)) - Starting Web-server for ozoneManager at: http://0.0.0.0:0
2019-09-19 13:19:11,813 [main] INFO  server.AuthenticationFilter (AuthenticationFilter.java:constructSecretProvider(240)) - Unable to initialize FileSignerSecretProvider, falling back to use random secrets.
2019-09-19 13:19:11,814 [main] WARN  http.HttpRequestLog (HttpRequestLog.java:getRequestLog(97)) - Jetty request log can only be enabled using Log4j
2019-09-19 13:19:11,817 [main] INFO  http.HttpServer2 (HttpServer2.java:addGlobalFilter(975)) - Added global filter 'safety' (class=org.apache.hadoop.http.HttpServer2$QuotingInputFilter)
2019-09-19 13:19:11,818 [main] INFO  http.HttpServer2 (HttpServer2.java:addFilter(948)) - Added filter static_user_filter (class=org.apache.hadoop.http.lib.StaticUserWebFilter$StaticUserFilter) to context ozoneManager
2019-09-19 13:19:11,819 [main] INFO  http.HttpServer2 (HttpServer2.java:addFilter(958)) - Added filter static_user_filter (class=org.apache.hadoop.http.lib.StaticUserWebFilter$StaticUserFilter) to context static
2019-09-19 13:19:11,819 [main] INFO  http.HttpServer2 (HttpServer2.java:addFilter(958)) - Added filter static_user_filter (class=org.apache.hadoop.http.lib.StaticUserWebFilter$StaticUserFilter) to context logs
2019-09-19 13:19:11,822 [main] INFO  http.HttpServer2 (HttpServer2.java:bindListener(1191)) - Jetty bound to port 36662
2019-09-19 13:19:11,822 [main] INFO  server.Server (Server.java:doStart(351)) - jetty-9.3.24.v20180605, build timestamp: 2018-06-05T17:11:56Z, git hash: 84205aa28f11a4f31f2a3b86d1bba2cc8ab69827
2019-09-19 13:19:11,825 [main] INFO  handler.ContextHandler (ContextHandler.java:doStart(781)) - Started o.e.j.s.ServletContextHandler@55a88417{/logs,file:///workdir/hadoop-ozone/integration-test/target/log,AVAILABLE}
2019-09-19 13:19:11,826 [main] INFO  handler.ContextHandler (ContextHandler.java:doStart(781)) - Started o.e.j.s.ServletContextHandler@8a2a6a{/static,file:///workdir/hadoop-ozone/integration-test/target/test-classes/webapps/static,AVAILABLE}
2019-09-19 13:19:11,833 [main] INFO  handler.ContextHandler (ContextHandler.java:doStart(781)) - Started o.e.j.w.WebAppContext@76889e60{/,file:///workdir/hadoop-ozone/integration-test/target/test-classes/webapps/ozoneManager/,AVAILABLE}{/ozoneManager}
2019-09-19 13:19:11,834 [main] INFO  server.AbstractConnector (AbstractConnector.java:doStart(278)) - Started ServerConnector@706fe5c6{HTTP/1.1,[http/1.1]}{0.0.0.0:36662}
2019-09-19 13:19:11,835 [main] INFO  server.Server (Server.java:doStart(419)) - Started @4585ms
2019-09-19 13:19:11,835 [main] WARN  impl.MetricsSystemImpl (MetricsSystemImpl.java:register(276)) - Sink prometheus already exists!
2019-09-19 13:19:11,836 [main] INFO  server.BaseHttpServer (BaseHttpServer.java:updateConnectorAddress(215)) - HTTP server of OZONEMANAGER is listening at http://0.0.0.0:36662
2019-09-19 13:19:11,995 [main] INFO  impl.MetricsSystemImpl (MetricsSystemImpl.java:init(158)) - HddsDatanode metrics system started (again)
2019-09-19 13:19:12,037 [main] INFO  ozone.HddsDatanodeService (HddsDatanodeService.java:start(184)) - HddsDatanodeService host:pr-hdds-1982-decom-states-fm625-96302961 ip:192.168.34.51
2019-09-19 13:19:12,068 [main] INFO  volume.HddsVolume (HddsVolume.java:<init>(176)) - Creating Volume: /workdir/hadoop-ozone/integration-test/target/test-dir/MiniOzoneClusterImpl-e9843695-6be0-4f8f-b95a-59679a9cffc8/datanode-0/data/containers/hdds of  storage type : DISK and capacity : 1482555576320
2019-09-19 13:19:12,069 [main] INFO  volume.VolumeSet (VolumeSet.java:initializeVolumeSet(170)) - Added Volume : /workdir/hadoop-ozone/integration-test/target/test-dir/MiniOzoneClusterImpl-e9843695-6be0-4f8f-b95a-59679a9cffc8/datanode-0/data/containers/hdds to VolumeSet
2019-09-19 13:19:12,072 [main] INFO  volume.ThrottledAsyncChecker (ThrottledAsyncChecker.java:schedule(139)) - Scheduling a check for org.apache.hadoop.ozone.container.common.volume.HddsVolume@59072e9d
2019-09-19 13:19:12,088 [main] INFO  volume.HddsVolumeChecker (HddsVolumeChecker.java:checkAllVolumes(202)) - Scheduled health check for volume org.apache.hadoop.ozone.container.common.volume.HddsVolume@59072e9d
2019-09-19 13:19:12,134 [main] INFO  impl.RaftServerProxy (ConfUtils.java:logGet(43)) - raft.rpc.type = GRPC (default)
2019-09-19 13:19:12,135 [main] INFO  grpc.GrpcFactory (GrpcFactory.java:checkPooledByteBufAllocatorUseCacheForAllThreads(45)) - PERFORMANCE WARNING: useCacheForAllThreads is true that may cause Netty to create a lot garbage objects and, as a result, trigger GC.
	It is recommended to disable useCacheForAllThreads by setting -Dorg.apache.ratis.thirdparty.io.netty.allocator.useCacheForAllThreads=false in command line.
2019-09-19 13:19:12,135 [main] INFO  grpc.GrpcConfigKeys$Server (ConfUtils.java:logGet(43)) - raft.grpc.server.port = 0 (default)
2019-09-19 13:19:12,135 [main] INFO  server.GrpcService (ConfUtils.java:logGet(43)) - raft.grpc.message.size.max = 33570816 (custom)
2019-09-19 13:19:12,136 [main] INFO  server.RaftServerConfigKeys (ConfUtils.java:logGet(43)) - raft.server.log.appender.buffer.byte-limit = 33554432 (custom)
2019-09-19 13:19:12,136 [main] INFO  server.GrpcService (ConfUtils.java:logGet(43)) - raft.grpc.flow.control.window = 1MB (=1048576) (default)
2019-09-19 13:19:12,137 [main] INFO  server.RaftServerConfigKeys (ConfUtils.java:logGet(43)) - raft.server.rpc.request.timeout = 3000ms (default)
2019-09-19 13:19:12,137 [main] INFO  server.RaftServerConfigKeys (ConfUtils.java:logGet(43)) - raft.server.storage.dir = [/workdir/hadoop-ozone/integration-test/target/test-dir/MiniOzoneClusterImpl-e9843695-6be0-4f8f-b95a-59679a9cffc8/datanode-0/data/ratis] (custom)
2019-09-19 13:19:12,193 [main] INFO  hdfs.DFSUtil (DFSUtil.java:httpServerTemplateForNNAndJN(1641)) - Starting Web-server for hddsDatanode at: http://0.0.0.0:0
2019-09-19 13:19:12,200 [main] INFO  server.AuthenticationFilter (AuthenticationFilter.java:constructSecretProvider(240)) - Unable to initialize FileSignerSecretProvider, falling back to use random secrets.
2019-09-19 13:19:12,201 [main] WARN  http.HttpRequestLog (HttpRequestLog.java:getRequestLog(97)) - Jetty request log can only be enabled using Log4j
2019-09-19 13:19:12,205 [main] INFO  http.HttpServer2 (HttpServer2.java:addGlobalFilter(975)) - Added global filter 'safety' (class=org.apache.hadoop.http.HttpServer2$QuotingInputFilter)
2019-09-19 13:19:12,206 [main] INFO  http.HttpServer2 (HttpServer2.java:addFilter(948)) - Added filter static_user_filter (class=org.apache.hadoop.http.lib.StaticUserWebFilter$StaticUserFilter) to context hddsDatanode
2019-09-19 13:19:12,206 [main] INFO  http.HttpServer2 (HttpServer2.java:addFilter(958)) - Added filter static_user_filter (class=org.apache.hadoop.http.lib.StaticUserWebFilter$StaticUserFilter) to context logs
2019-09-19 13:19:12,207 [main] INFO  http.HttpServer2 (HttpServer2.java:addFilter(958)) - Added filter static_user_filter (class=org.apache.hadoop.http.lib.StaticUserWebFilter$StaticUserFilter) to context static
2019-09-19 13:19:12,209 [main] INFO  http.HttpServer2 (HttpServer2.java:bindListener(1191)) - Jetty bound to port 40500
2019-09-19 13:19:12,209 [main] INFO  server.Server (Server.java:doStart(351)) - jetty-9.3.24.v20180605, build timestamp: 2018-06-05T17:11:56Z, git hash: 84205aa28f11a4f31f2a3b86d1bba2cc8ab69827
2019-09-19 13:19:12,213 [main] INFO  handler.ContextHandler (ContextHandler.java:doStart(781)) - Started o.e.j.s.ServletContextHandler@5d497a91{/logs,file:///workdir/hadoop-ozone/integration-test/target/log,AVAILABLE}
2019-09-19 13:19:12,213 [main] INFO  handler.ContextHandler (ContextHandler.java:doStart(781)) - Started o.e.j.s.ServletContextHandler@1c8f6a90{/static,jar:file:/home/user/.m2/repository/org/apache/hadoop/hadoop-hdds-container-service/0.5.0-SNAPSHOT/hadoop-hdds-container-service-0.5.0-SNAPSHOT.jar!/webapps/static,AVAILABLE}
2019-09-19 13:19:12,263 [main] INFO  handler.ContextHandler (ContextHandler.java:doStart(781)) - Started o.e.j.w.WebAppContext@18578491{/,file:///tmp/jetty-0.0.0.0-40500-hddsDatanode-_-any-3297855537424533914.dir/webapp/,AVAILABLE}{/hddsDatanode}
2019-09-19 13:19:12,264 [main] INFO  server.AbstractConnector (AbstractConnector.java:doStart(278)) - Started ServerConnector@3291b443{HTTP/1.1,[http/1.1]}{0.0.0.0:40500}
2019-09-19 13:19:12,265 [main] INFO  server.Server (Server.java:doStart(419)) - Started @5015ms
2019-09-19 13:19:12,266 [main] WARN  impl.MetricsSystemImpl (MetricsSystemImpl.java:register(276)) - Sink prometheus already exists!
2019-09-19 13:19:12,267 [main] INFO  server.BaseHttpServer (BaseHttpServer.java:updateConnectorAddress(215)) - HTTP server of HDDSDATANODE is listening at http://0.0.0.0:40500
2019-09-19 13:19:12,269 [main] INFO  impl.MetricsSystemImpl (MetricsSystemImpl.java:init(158)) - HddsDatanode metrics system started (again)
2019-09-19 13:19:12,273 [main] INFO  ozone.HddsDatanodeService (HddsDatanodeService.java:start(184)) - HddsDatanodeService host:pr-hdds-1982-decom-states-fm625-96302961 ip:192.168.34.51
2019-09-19 13:19:12,276 [org.apache.hadoop.util.JvmPauseMonitor$Monitor@4fdab571] INFO  util.JvmPauseMonitor (JvmPauseMonitor.java:run(188)) - Starting JVM pause monitor
2019-09-19 13:19:12,280 [main] INFO  volume.HddsVolume (HddsVolume.java:<init>(176)) - Creating Volume: /workdir/hadoop-ozone/integration-test/target/test-dir/MiniOzoneClusterImpl-e9843695-6be0-4f8f-b95a-59679a9cffc8/datanode-1/data/containers/hdds of  storage type : DISK and capacity : 1482555576320
2019-09-19 13:19:12,283 [main] INFO  volume.VolumeSet (VolumeSet.java:initializeVolumeSet(170)) - Added Volume : /workdir/hadoop-ozone/integration-test/target/test-dir/MiniOzoneClusterImpl-e9843695-6be0-4f8f-b95a-59679a9cffc8/datanode-1/data/containers/hdds to VolumeSet
2019-09-19 13:19:12,283 [main] INFO  volume.ThrottledAsyncChecker (ThrottledAsyncChecker.java:schedule(139)) - Scheduling a check for org.apache.hadoop.ozone.container.common.volume.HddsVolume@5ad5be4a
2019-09-19 13:19:12,284 [main] INFO  volume.HddsVolumeChecker (HddsVolumeChecker.java:checkAllVolumes(202)) - Scheduled health check for volume org.apache.hadoop.ozone.container.common.volume.HddsVolume@5ad5be4a
2019-09-19 13:19:12,299 [main] INFO  impl.RaftServerProxy (ConfUtils.java:logGet(43)) - raft.rpc.type = GRPC (default)
2019-09-19 13:19:12,299 [main] INFO  grpc.GrpcFactory (GrpcFactory.java:checkPooledByteBufAllocatorUseCacheForAllThreads(45)) - PERFORMANCE WARNING: useCacheForAllThreads is true that may cause Netty to create a lot garbage objects and, as a result, trigger GC.
	It is recommended to disable useCacheForAllThreads by setting -Dorg.apache.ratis.thirdparty.io.netty.allocator.useCacheForAllThreads=false in command line.
2019-09-19 13:19:12,299 [main] INFO  grpc.GrpcConfigKeys$Server (ConfUtils.java:logGet(43)) - raft.grpc.server.port = 0 (default)
2019-09-19 13:19:12,300 [main] INFO  server.GrpcService (ConfUtils.java:logGet(43)) - raft.grpc.message.size.max = 33570816 (custom)
2019-09-19 13:19:12,300 [main] INFO  server.RaftServerConfigKeys (ConfUtils.java:logGet(43)) - raft.server.log.appender.buffer.byte-limit = 33554432 (custom)
2019-09-19 13:19:12,300 [main] INFO  server.GrpcService (ConfUtils.java:logGet(43)) - raft.grpc.flow.control.window = 1MB (=1048576) (default)
2019-09-19 13:19:12,300 [main] INFO  server.RaftServerConfigKeys (ConfUtils.java:logGet(43)) - raft.server.rpc.request.timeout = 3000ms (default)
2019-09-19 13:19:12,301 [main] INFO  server.RaftServerConfigKeys (ConfUtils.java:logGet(43)) - raft.server.storage.dir = [/workdir/hadoop-ozone/integration-test/target/test-dir/MiniOzoneClusterImpl-e9843695-6be0-4f8f-b95a-59679a9cffc8/datanode-1/data/ratis] (custom)
2019-09-19 13:19:12,303 [main] INFO  hdfs.DFSUtil (DFSUtil.java:httpServerTemplateForNNAndJN(1641)) - Starting Web-server for hddsDatanode at: http://0.0.0.0:0
2019-09-19 13:19:12,304 [main] INFO  server.AuthenticationFilter (AuthenticationFilter.java:constructSecretProvider(240)) - Unable to initialize FileSignerSecretProvider, falling back to use random secrets.
2019-09-19 13:19:12,305 [main] WARN  http.HttpRequestLog (HttpRequestLog.java:getRequestLog(97)) - Jetty request log can only be enabled using Log4j
2019-09-19 13:19:12,306 [main] INFO  http.HttpServer2 (HttpServer2.java:addGlobalFilter(975)) - Added global filter 'safety' (class=org.apache.hadoop.http.HttpServer2$QuotingInputFilter)
2019-09-19 13:19:12,307 [main] INFO  http.HttpServer2 (HttpServer2.java:addFilter(948)) - Added filter static_user_filter (class=org.apache.hadoop.http.lib.StaticUserWebFilter$StaticUserFilter) to context hddsDatanode
2019-09-19 13:19:12,308 [main] INFO  http.HttpServer2 (HttpServer2.java:addFilter(958)) - Added filter static_user_filter (class=org.apache.hadoop.http.lib.StaticUserWebFilter$StaticUserFilter) to context static
2019-09-19 13:19:12,308 [main] INFO  http.HttpServer2 (HttpServer2.java:addFilter(958)) - Added filter static_user_filter (class=org.apache.hadoop.http.lib.StaticUserWebFilter$StaticUserFilter) to context logs
2019-09-19 13:19:12,309 [main] INFO  http.HttpServer2 (HttpServer2.java:bindListener(1191)) - Jetty bound to port 45729
2019-09-19 13:19:12,309 [main] INFO  server.Server (Server.java:doStart(351)) - jetty-9.3.24.v20180605, build timestamp: 2018-06-05T17:11:56Z, git hash: 84205aa28f11a4f31f2a3b86d1bba2cc8ab69827
2019-09-19 13:19:12,312 [main] INFO  handler.ContextHandler (ContextHandler.java:doStart(781)) - Started o.e.j.s.ServletContextHandler@4f5b08d{/logs,file:///workdir/hadoop-ozone/integration-test/target/log,AVAILABLE}
2019-09-19 13:19:12,312 [main] INFO  handler.ContextHandler (ContextHandler.java:doStart(781)) - Started o.e.j.s.ServletContextHandler@3c87fdf2{/static,jar:file:/home/user/.m2/repository/org/apache/hadoop/hadoop-hdds-container-service/0.5.0-SNAPSHOT/hadoop-hdds-container-service-0.5.0-SNAPSHOT.jar!/webapps/static,AVAILABLE}
2019-09-19 13:19:12,342 [main] INFO  handler.ContextHandler (ContextHandler.java:doStart(781)) - Started o.e.j.w.WebAppContext@329bad59{/,file:///tmp/jetty-0.0.0.0-45729-hddsDatanode-_-any-2251097610634890618.dir/webapp/,AVAILABLE}{/hddsDatanode}
2019-09-19 13:19:12,343 [main] INFO  server.AbstractConnector (AbstractConnector.java:doStart(278)) - Started ServerConnector@862f408{HTTP/1.1,[http/1.1]}{0.0.0.0:45729}
2019-09-19 13:19:12,344 [main] INFO  server.Server (Server.java:doStart(419)) - Started @5094ms
2019-09-19 13:19:12,345 [main] WARN  impl.MetricsSystemImpl (MetricsSystemImpl.java:register(276)) - Sink prometheus already exists!
2019-09-19 13:19:12,346 [main] INFO  server.BaseHttpServer (BaseHttpServer.java:updateConnectorAddress(215)) - HTTP server of HDDSDATANODE is listening at http://0.0.0.0:45729
2019-09-19 13:19:12,347 [main] INFO  impl.MetricsSystemImpl (MetricsSystemImpl.java:init(158)) - HddsDatanode metrics system started (again)
2019-09-19 13:19:12,350 [org.apache.hadoop.util.JvmPauseMonitor$Monitor@3125c690] INFO  util.JvmPauseMonitor (JvmPauseMonitor.java:run(188)) - Starting JVM pause monitor
2019-09-19 13:19:12,351 [main] INFO  ozone.HddsDatanodeService (HddsDatanodeService.java:start(184)) - HddsDatanodeService host:pr-hdds-1982-decom-states-fm625-96302961 ip:192.168.34.51
2019-09-19 13:19:12,361 [main] INFO  volume.HddsVolume (HddsVolume.java:<init>(176)) - Creating Volume: /workdir/hadoop-ozone/integration-test/target/test-dir/MiniOzoneClusterImpl-e9843695-6be0-4f8f-b95a-59679a9cffc8/datanode-2/data/containers/hdds of  storage type : DISK and capacity : 1482555576320
2019-09-19 13:19:12,361 [main] INFO  volume.VolumeSet (VolumeSet.java:initializeVolumeSet(170)) - Added Volume : /workdir/hadoop-ozone/integration-test/target/test-dir/MiniOzoneClusterImpl-e9843695-6be0-4f8f-b95a-59679a9cffc8/datanode-2/data/containers/hdds to VolumeSet
2019-09-19 13:19:12,362 [main] INFO  volume.ThrottledAsyncChecker (ThrottledAsyncChecker.java:schedule(139)) - Scheduling a check for org.apache.hadoop.ozone.container.common.volume.HddsVolume@7b27e8f4
2019-09-19 13:19:12,362 [main] INFO  volume.HddsVolumeChecker (HddsVolumeChecker.java:checkAllVolumes(202)) - Scheduled health check for volume org.apache.hadoop.ozone.container.common.volume.HddsVolume@7b27e8f4
2019-09-19 13:19:12,382 [Datanode State Machine Thread - 0] INFO  datanode.InitDatanodeState (InitDatanodeState.java:persistContainerDatanodeDetails(140)) - DatanodeDetails is persisted to /workdir/hadoop-ozone/integration-test/target/test-dir/MiniOzoneClusterImpl-e9843695-6be0-4f8f-b95a-59679a9cffc8/datanode-0/meta/datanode.id
2019-09-19 13:19:12,386 [Datanode State Machine Thread - 0] INFO  datanode.InitDatanodeState (InitDatanodeState.java:persistContainerDatanodeDetails(140)) - DatanodeDetails is persisted to /workdir/hadoop-ozone/integration-test/target/test-dir/MiniOzoneClusterImpl-e9843695-6be0-4f8f-b95a-59679a9cffc8/datanode-1/meta/datanode.id
2019-09-19 13:19:12,387 [main] INFO  impl.RaftServerProxy (ConfUtils.java:logGet(43)) - raft.rpc.type = GRPC (default)
2019-09-19 13:19:12,387 [main] INFO  grpc.GrpcFactory (GrpcFactory.java:checkPooledByteBufAllocatorUseCacheForAllThreads(45)) - PERFORMANCE WARNING: useCacheForAllThreads is true that may cause Netty to create a lot garbage objects and, as a result, trigger GC.
	It is recommended to disable useCacheForAllThreads by setting -Dorg.apache.ratis.thirdparty.io.netty.allocator.useCacheForAllThreads=false in command line.
2019-09-19 13:19:12,387 [main] INFO  grpc.GrpcConfigKeys$Server (ConfUtils.java:logGet(43)) - raft.grpc.server.port = 0 (default)
2019-09-19 13:19:12,388 [main] INFO  server.GrpcService (ConfUtils.java:logGet(43)) - raft.grpc.message.size.max = 33570816 (custom)
2019-09-19 13:19:12,388 [main] INFO  server.RaftServerConfigKeys (ConfUtils.java:logGet(43)) - raft.server.log.appender.buffer.byte-limit = 33554432 (custom)
2019-09-19 13:19:12,388 [main] INFO  server.GrpcService (ConfUtils.java:logGet(43)) - raft.grpc.flow.control.window = 1MB (=1048576) (default)
2019-09-19 13:19:12,389 [main] INFO  server.RaftServerConfigKeys (ConfUtils.java:logGet(43)) - raft.server.rpc.request.timeout = 3000ms (default)
2019-09-19 13:19:12,390 [main] INFO  server.RaftServerConfigKeys (ConfUtils.java:logGet(43)) - raft.server.storage.dir = [/workdir/hadoop-ozone/integration-test/target/test-dir/MiniOzoneClusterImpl-e9843695-6be0-4f8f-b95a-59679a9cffc8/datanode-2/data/ratis] (custom)
2019-09-19 13:19:12,391 [main] INFO  hdfs.DFSUtil (DFSUtil.java:httpServerTemplateForNNAndJN(1641)) - Starting Web-server for hddsDatanode at: http://0.0.0.0:0
2019-09-19 13:19:12,393 [main] INFO  server.AuthenticationFilter (AuthenticationFilter.java:constructSecretProvider(240)) - Unable to initialize FileSignerSecretProvider, falling back to use random secrets.
2019-09-19 13:19:12,393 [main] WARN  http.HttpRequestLog (HttpRequestLog.java:getRequestLog(97)) - Jetty request log can only be enabled using Log4j
2019-09-19 13:19:12,395 [main] INFO  http.HttpServer2 (HttpServer2.java:addGlobalFilter(975)) - Added global filter 'safety' (class=org.apache.hadoop.http.HttpServer2$QuotingInputFilter)
2019-09-19 13:19:12,396 [main] INFO  http.HttpServer2 (HttpServer2.java:addFilter(948)) - Added filter static_user_filter (class=org.apache.hadoop.http.lib.StaticUserWebFilter$StaticUserFilter) to context hddsDatanode
2019-09-19 13:19:12,396 [main] INFO  http.HttpServer2 (HttpServer2.java:addFilter(958)) - Added filter static_user_filter (class=org.apache.hadoop.http.lib.StaticUserWebFilter$StaticUserFilter) to context static
2019-09-19 13:19:12,397 [main] INFO  http.HttpServer2 (HttpServer2.java:addFilter(958)) - Added filter static_user_filter (class=org.apache.hadoop.http.lib.StaticUserWebFilter$StaticUserFilter) to context logs
2019-09-19 13:19:12,398 [main] INFO  http.HttpServer2 (HttpServer2.java:bindListener(1191)) - Jetty bound to port 44494
2019-09-19 13:19:12,398 [main] INFO  server.Server (Server.java:doStart(351)) - jetty-9.3.24.v20180605, build timestamp: 2018-06-05T17:11:56Z, git hash: 84205aa28f11a4f31f2a3b86d1bba2cc8ab69827
2019-09-19 13:19:12,400 [main] INFO  handler.ContextHandler (ContextHandler.java:doStart(781)) - Started o.e.j.s.ServletContextHandler@9679750{/logs,file:///workdir/hadoop-ozone/integration-test/target/log,AVAILABLE}
2019-09-19 13:19:12,400 [main] INFO  handler.ContextHandler (ContextHandler.java:doStart(781)) - Started o.e.j.s.ServletContextHandler@75a0c890{/static,jar:file:/home/user/.m2/repository/org/apache/hadoop/hadoop-hdds-container-service/0.5.0-SNAPSHOT/hadoop-hdds-container-service-0.5.0-SNAPSHOT.jar!/webapps/static,AVAILABLE}
2019-09-19 13:19:12,432 [main] INFO  handler.ContextHandler (ContextHandler.java:doStart(781)) - Started o.e.j.w.WebAppContext@5a75ec37{/,file:///tmp/jetty-0.0.0.0-44494-hddsDatanode-_-any-4665390656230679567.dir/webapp/,AVAILABLE}{/hddsDatanode}
2019-09-19 13:19:12,433 [main] INFO  server.AbstractConnector (AbstractConnector.java:doStart(278)) - Started ServerConnector@2c05ff9d{HTTP/1.1,[http/1.1]}{0.0.0.0:44494}
2019-09-19 13:19:12,433 [main] INFO  server.Server (Server.java:doStart(419)) - Started @5183ms
2019-09-19 13:19:12,434 [main] WARN  impl.MetricsSystemImpl (MetricsSystemImpl.java:register(276)) - Sink prometheus already exists!
2019-09-19 13:19:12,434 [main] INFO  server.BaseHttpServer (BaseHttpServer.java:updateConnectorAddress(215)) - HTTP server of HDDSDATANODE is listening at http://0.0.0.0:44494
2019-09-19 13:19:12,435 [main] INFO  impl.MetricsSystemImpl (MetricsSystemImpl.java:init(158)) - HddsDatanode metrics system started (again)
2019-09-19 13:19:12,437 [main] INFO  ozone.HddsDatanodeService (HddsDatanodeService.java:start(184)) - HddsDatanodeService host:pr-hdds-1982-decom-states-fm625-96302961 ip:192.168.34.51
2019-09-19 13:19:12,437 [org.apache.hadoop.util.JvmPauseMonitor$Monitor@f3f5fb5] INFO  util.JvmPauseMonitor (JvmPauseMonitor.java:run(188)) - Starting JVM pause monitor
2019-09-19 13:19:12,441 [Datanode State Machine Thread - 0] INFO  datanode.InitDatanodeState (InitDatanodeState.java:persistContainerDatanodeDetails(140)) - DatanodeDetails is persisted to /workdir/hadoop-ozone/integration-test/target/test-dir/MiniOzoneClusterImpl-e9843695-6be0-4f8f-b95a-59679a9cffc8/datanode-2/meta/datanode.id
2019-09-19 13:19:12,445 [main] INFO  volume.HddsVolume (HddsVolume.java:<init>(176)) - Creating Volume: /workdir/hadoop-ozone/integration-test/target/test-dir/MiniOzoneClusterImpl-e9843695-6be0-4f8f-b95a-59679a9cffc8/datanode-3/data/containers/hdds of  storage type : DISK and capacity : 1482555576320
2019-09-19 13:19:12,445 [main] INFO  volume.VolumeSet (VolumeSet.java:initializeVolumeSet(170)) - Added Volume : /workdir/hadoop-ozone/integration-test/target/test-dir/MiniOzoneClusterImpl-e9843695-6be0-4f8f-b95a-59679a9cffc8/datanode-3/data/containers/hdds to VolumeSet
2019-09-19 13:19:12,446 [main] INFO  volume.ThrottledAsyncChecker (ThrottledAsyncChecker.java:schedule(139)) - Scheduling a check for org.apache.hadoop.ozone.container.common.volume.HddsVolume@a4b5ce3
2019-09-19 13:19:12,446 [main] INFO  volume.HddsVolumeChecker (HddsVolumeChecker.java:checkAllVolumes(202)) - Scheduled health check for volume org.apache.hadoop.ozone.container.common.volume.HddsVolume@a4b5ce3
2019-09-19 13:19:12,459 [main] INFO  impl.RaftServerProxy (ConfUtils.java:logGet(43)) - raft.rpc.type = GRPC (default)
2019-09-19 13:19:12,459 [main] INFO  grpc.GrpcFactory (GrpcFactory.java:checkPooledByteBufAllocatorUseCacheForAllThreads(45)) - PERFORMANCE WARNING: useCacheForAllThreads is true that may cause Netty to create a lot garbage objects and, as a result, trigger GC.
	It is recommended to disable useCacheForAllThreads by setting -Dorg.apache.ratis.thirdparty.io.netty.allocator.useCacheForAllThreads=false in command line.
2019-09-19 13:19:12,459 [main] INFO  grpc.GrpcConfigKeys$Server (ConfUtils.java:logGet(43)) - raft.grpc.server.port = 0 (default)
2019-09-19 13:19:12,459 [main] INFO  server.GrpcService (ConfUtils.java:logGet(43)) - raft.grpc.message.size.max = 33570816 (custom)
2019-09-19 13:19:12,460 [main] INFO  server.RaftServerConfigKeys (ConfUtils.java:logGet(43)) - raft.server.log.appender.buffer.byte-limit = 33554432 (custom)
2019-09-19 13:19:12,460 [main] INFO  server.GrpcService (ConfUtils.java:logGet(43)) - raft.grpc.flow.control.window = 1MB (=1048576) (default)
2019-09-19 13:19:12,460 [main] INFO  server.RaftServerConfigKeys (ConfUtils.java:logGet(43)) - raft.server.rpc.request.timeout = 3000ms (default)
2019-09-19 13:19:12,461 [main] INFO  server.RaftServerConfigKeys (ConfUtils.java:logGet(43)) - raft.server.storage.dir = [/workdir/hadoop-ozone/integration-test/target/test-dir/MiniOzoneClusterImpl-e9843695-6be0-4f8f-b95a-59679a9cffc8/datanode-3/data/ratis] (custom)
2019-09-19 13:19:12,462 [main] INFO  hdfs.DFSUtil (DFSUtil.java:httpServerTemplateForNNAndJN(1641)) - Starting Web-server for hddsDatanode at: http://0.0.0.0:0
2019-09-19 13:19:12,463 [main] INFO  server.AuthenticationFilter (AuthenticationFilter.java:constructSecretProvider(240)) - Unable to initialize FileSignerSecretProvider, falling back to use random secrets.
2019-09-19 13:19:12,464 [main] WARN  http.HttpRequestLog (HttpRequestLog.java:getRequestLog(97)) - Jetty request log can only be enabled using Log4j
2019-09-19 13:19:12,465 [main] INFO  http.HttpServer2 (HttpServer2.java:addGlobalFilter(975)) - Added global filter 'safety' (class=org.apache.hadoop.http.HttpServer2$QuotingInputFilter)
2019-09-19 13:19:12,466 [main] INFO  http.HttpServer2 (HttpServer2.java:addFilter(948)) - Added filter static_user_filter (class=org.apache.hadoop.http.lib.StaticUserWebFilter$StaticUserFilter) to context hddsDatanode
2019-09-19 13:19:12,466 [main] INFO  http.HttpServer2 (HttpServer2.java:addFilter(958)) - Added filter static_user_filter (class=org.apache.hadoop.http.lib.StaticUserWebFilter$StaticUserFilter) to context logs
2019-09-19 13:19:12,466 [main] INFO  http.HttpServer2 (HttpServer2.java:addFilter(958)) - Added filter static_user_filter (class=org.apache.hadoop.http.lib.StaticUserWebFilter$StaticUserFilter) to context static
2019-09-19 13:19:12,467 [main] INFO  http.HttpServer2 (HttpServer2.java:bindListener(1191)) - Jetty bound to port 38004
2019-09-19 13:19:12,467 [main] INFO  server.Server (Server.java:doStart(351)) - jetty-9.3.24.v20180605, build timestamp: 2018-06-05T17:11:56Z, git hash: 84205aa28f11a4f31f2a3b86d1bba2cc8ab69827
2019-09-19 13:19:12,471 [main] INFO  handler.ContextHandler (ContextHandler.java:doStart(781)) - Started o.e.j.s.ServletContextHandler@3c3820bb{/logs,file:///workdir/hadoop-ozone/integration-test/target/log,AVAILABLE}
2019-09-19 13:19:12,472 [main] INFO  handler.ContextHandler (ContextHandler.java:doStart(781)) - Started o.e.j.s.ServletContextHandler@4784efd9{/static,jar:file:/home/user/.m2/repository/org/apache/hadoop/hadoop-hdds-container-service/0.5.0-SNAPSHOT/hadoop-hdds-container-service-0.5.0-SNAPSHOT.jar!/webapps/static,AVAILABLE}
2019-09-19 13:19:12,500 [main] INFO  handler.ContextHandler (ContextHandler.java:doStart(781)) - Started o.e.j.w.WebAppContext@5d97caa4{/,file:///tmp/jetty-0.0.0.0-38004-hddsDatanode-_-any-1727256370838701620.dir/webapp/,AVAILABLE}{/hddsDatanode}
2019-09-19 13:19:12,501 [main] INFO  server.AbstractConnector (AbstractConnector.java:doStart(278)) - Started ServerConnector@6732726{HTTP/1.1,[http/1.1]}{0.0.0.0:38004}
2019-09-19 13:19:12,502 [main] INFO  server.Server (Server.java:doStart(419)) - Started @5252ms
2019-09-19 13:19:12,502 [main] WARN  impl.MetricsSystemImpl (MetricsSystemImpl.java:register(276)) - Sink prometheus already exists!
2019-09-19 13:19:12,504 [main] INFO  server.BaseHttpServer (BaseHttpServer.java:updateConnectorAddress(215)) - HTTP server of HDDSDATANODE is listening at http://0.0.0.0:38004
2019-09-19 13:19:12,506 [main] INFO  ozone.MiniOzoneClusterImpl (MiniOzoneClusterImpl.java:lambda$waitForClusterToBeReady$0(145)) - Waiting for cluster to be ready. Got 0 of 4 DN Heartbeats.
2019-09-19 13:19:12,507 [org.apache.hadoop.util.JvmPauseMonitor$Monitor@16b7ff56] INFO  util.JvmPauseMonitor (JvmPauseMonitor.java:run(188)) - Starting JVM pause monitor
2019-09-19 13:19:12,509 [Datanode State Machine Thread - 0] INFO  datanode.InitDatanodeState (InitDatanodeState.java:persistContainerDatanodeDetails(140)) - DatanodeDetails is persisted to /workdir/hadoop-ozone/integration-test/target/test-dir/MiniOzoneClusterImpl-e9843695-6be0-4f8f-b95a-59679a9cffc8/datanode-3/meta/datanode.id
2019-09-19 13:19:12,835 [Thread-95] INFO  impl.FollowerState (FollowerState.java:run(106)) - 1fc8a2f8-9a5e-4ecd-8904-170813f007e5:group-C5BA1605619E changes to CANDIDATE, lastRpcTime:1130, electionTimeout:1129ms
2019-09-19 13:19:12,841 [Thread-95] INFO  impl.RoleInfo (RoleInfo.java:shutdownFollowerState(121)) - 1fc8a2f8-9a5e-4ecd-8904-170813f007e5: shutdown FollowerState
2019-09-19 13:19:12,842 [Thread-95] INFO  impl.RaftServerImpl (RaftServerImpl.java:setRole(174)) - 1fc8a2f8-9a5e-4ecd-8904-170813f007e5@group-C5BA1605619E: changes role from  FOLLOWER to CANDIDATE at term 0 for changeToCandidate
2019-09-19 13:19:12,845 [Thread-95] INFO  impl.RoleInfo (RoleInfo.java:updateAndGet(143)) - 1fc8a2f8-9a5e-4ecd-8904-170813f007e5: start LeaderElection
2019-09-19 13:19:12,855 [1fc8a2f8-9a5e-4ecd-8904-170813f007e5@group-C5BA1605619E:LeaderElection1] INFO  impl.LeaderElection (LeaderElection.java:askForVotes(182)) - 1fc8a2f8-9a5e-4ecd-8904-170813f007e5@group-C5BA1605619E:LeaderElection1: begin an election at term 1 for -1: [1fc8a2f8-9a5e-4ecd-8904-170813f007e5:localhost:9872], old=null
2019-09-19 13:19:12,857 [1fc8a2f8-9a5e-4ecd-8904-170813f007e5@group-C5BA1605619E:LeaderElection1] INFO  impl.RoleInfo (RoleInfo.java:shutdownLeaderElection(134)) - 1fc8a2f8-9a5e-4ecd-8904-170813f007e5: shutdown LeaderElection
2019-09-19 13:19:12,858 [1fc8a2f8-9a5e-4ecd-8904-170813f007e5@group-C5BA1605619E:LeaderElection1] INFO  impl.RaftServerImpl (RaftServerImpl.java:setRole(174)) - 1fc8a2f8-9a5e-4ecd-8904-170813f007e5@group-C5BA1605619E: changes role from CANDIDATE to LEADER at term 1 for changeToLeader
2019-09-19 13:19:12,858 [1fc8a2f8-9a5e-4ecd-8904-170813f007e5@group-C5BA1605619E:LeaderElection1] INFO  impl.RaftServerImpl (ServerState.java:setLeader(253)) - 1fc8a2f8-9a5e-4ecd-8904-170813f007e5@group-C5BA1605619E: change Leader from null to 1fc8a2f8-9a5e-4ecd-8904-170813f007e5 at term 1 for becomeLeader, leader elected after 1256ms
2019-09-19 13:19:12,863 [1fc8a2f8-9a5e-4ecd-8904-170813f007e5@group-C5BA1605619E:LeaderElection1] INFO  server.RaftServerConfigKeys (ConfUtils.java:logGet(43)) - raft.server.staging.catchup.gap = 1000 (default)
2019-09-19 13:19:12,863 [1fc8a2f8-9a5e-4ecd-8904-170813f007e5@group-C5BA1605619E:LeaderElection1] INFO  server.RaftServerConfigKeys (ConfUtils.java:logGet(43)) - raft.server.rpc.sleep.time = 25ms (default)
2019-09-19 13:19:12,866 [1fc8a2f8-9a5e-4ecd-8904-170813f007e5@group-C5BA1605619E:LeaderElection1] INFO  server.RaftServerConfigKeys (ConfUtils.java:logGet(43)) - raft.server.write.element-limit = 4096 (default)
2019-09-19 13:19:12,868 [1fc8a2f8-9a5e-4ecd-8904-170813f007e5@group-C5BA1605619E:LeaderElection1] INFO  server.RaftServerConfigKeys (ConfUtils.java:logGet(43)) - raft.server.watch.timeout = 10s (default)
2019-09-19 13:19:12,868 [1fc8a2f8-9a5e-4ecd-8904-170813f007e5@group-C5BA1605619E:LeaderElection1] INFO  server.RaftServerConfigKeys (ConfUtils.java:logGet(43)) - raft.server.watch.timeout.denomination = 1s (default)
2019-09-19 13:19:12,869 [1fc8a2f8-9a5e-4ecd-8904-170813f007e5@group-C5BA1605619E:LeaderElection1] INFO  server.RaftServerConfigKeys (ConfUtils.java:logGet(43)) - raft.server.watch.element-limit = 65536 (default)
2019-09-19 13:19:12,903 [1fc8a2f8-9a5e-4ecd-8904-170813f007e5@group-C5BA1605619E:LeaderElection1] INFO  impl.RoleInfo (RoleInfo.java:updateAndGet(143)) - 1fc8a2f8-9a5e-4ecd-8904-170813f007e5: start LeaderState
2019-09-19 13:19:12,940 [1fc8a2f8-9a5e-4ecd-8904-170813f007e5@group-C5BA1605619E:LeaderElection1] INFO  segmented.SegmentedRaftLogWorker (SegmentedRaftLogWorker.java:startLogSegment(380)) - 1fc8a2f8-9a5e-4ecd-8904-170813f007e5@group-C5BA1605619E-SegmentedRaftLogWorker: Starting segment from index:0
2019-09-19 13:19:12,963 [1fc8a2f8-9a5e-4ecd-8904-170813f007e5@group-C5BA1605619E:LeaderElection1] INFO  impl.RaftServerImpl (ServerState.java:setRaftConf(354)) - 1fc8a2f8-9a5e-4ecd-8904-170813f007e5@group-C5BA1605619E: set configuration 0: [1fc8a2f8-9a5e-4ecd-8904-170813f007e5:localhost:9872], old=null at 0
2019-09-19 13:19:13,144 [1fc8a2f8-9a5e-4ecd-8904-170813f007e5@group-C5BA1605619E-SegmentedRaftLogWorker] INFO  segmented.SegmentedRaftLogWorker (SegmentedRaftLogWorker.java:execute(569)) - 1fc8a2f8-9a5e-4ecd-8904-170813f007e5@group-C5BA1605619E-SegmentedRaftLogWorker: created new log segment /workdir/hadoop-ozone/integration-test/target/test-dir/MiniOzoneClusterImpl-e9843695-6be0-4f8f-b95a-59679a9cffc8/ozone-meta/ratis/bf265839-605b-3f16-9796-c5ba1605619e/current/log_inprogress_0
2019-09-19 13:19:13,507 [main] INFO  ozone.MiniOzoneClusterImpl (MiniOzoneClusterImpl.java:lambda$waitForClusterToBeReady$0(145)) - Waiting for cluster to be ready. Got 0 of 4 DN Heartbeats.
2019-09-19 13:19:14,338 [Datanode State Machine Thread - 0] INFO  ozoneimpl.OzoneContainer (OzoneContainer.java:start(217)) - Attempting to start container services.
2019-09-19 13:19:14,341 [Datanode State Machine Thread - 0] INFO  ozoneimpl.OzoneContainer (OzoneContainer.java:startContainerScrub(179)) - Background container scanner has been disabled.
2019-09-19 13:19:14,341 [Datanode State Machine Thread - 0] INFO  ratis.XceiverServerRatis (XceiverServerRatis.java:start(411)) - Starting XceiverServerRatis 4ee3e14a-7ab2-47e7-be3c-5d35c46c381a at port 0
2019-09-19 13:19:14,349 [Datanode State Machine Thread - 0] INFO  impl.RaftServerProxy (RaftServerProxy.java:lambda$start$3(299)) - 4ee3e14a-7ab2-47e7-be3c-5d35c46c381a: start RPC server
2019-09-19 13:19:14,354 [Datanode State Machine Thread - 0] INFO  server.GrpcService (GrpcService.java:startImpl(158)) - 4ee3e14a-7ab2-47e7-be3c-5d35c46c381a: GrpcService started, listening on 0.0.0.0/0.0.0.0:45559
2019-09-19 13:19:14,355 [Datanode State Machine Thread - 0] INFO  ratis.XceiverServerRatis (XceiverServerRatis.java:start(421)) - XceiverServerRatis 4ee3e14a-7ab2-47e7-be3c-5d35c46c381a is started using port 45559
2019-09-19 13:19:14,359 [Datanode State Machine Thread - 0] INFO  server.XceiverServerGrpc (XceiverServerGrpc.java:start(163)) - XceiverServerGrpc 4ee3e14a-7ab2-47e7-be3c-5d35c46c381a is started using port 41506
2019-09-19 13:19:14,370 [Datanode State Machine Thread - 0] INFO  ozoneimpl.OzoneContainer (OzoneContainer.java:start(217)) - Attempting to start container services.
2019-09-19 13:19:14,376 [Datanode State Machine Thread - 0] INFO  ozoneimpl.OzoneContainer (OzoneContainer.java:startContainerScrub(179)) - Background container scanner has been disabled.
2019-09-19 13:19:14,376 [Datanode State Machine Thread - 0] INFO  ratis.XceiverServerRatis (XceiverServerRatis.java:start(411)) - Starting XceiverServerRatis a7f12d17-eb83-47c7-8d7f-ed96e50c5fd6 at port 0
2019-09-19 13:19:14,384 [Datanode State Machine Thread - 0] INFO  impl.RaftServerProxy (RaftServerProxy.java:lambda$start$3(299)) - a7f12d17-eb83-47c7-8d7f-ed96e50c5fd6: start RPC server
2019-09-19 13:19:14,387 [Datanode State Machine Thread - 0] INFO  server.GrpcService (GrpcService.java:startImpl(158)) - a7f12d17-eb83-47c7-8d7f-ed96e50c5fd6: GrpcService started, listening on 0.0.0.0/0.0.0.0:40348
2019-09-19 13:19:14,387 [Datanode State Machine Thread - 0] INFO  ratis.XceiverServerRatis (XceiverServerRatis.java:start(421)) - XceiverServerRatis a7f12d17-eb83-47c7-8d7f-ed96e50c5fd6 is started using port 40348
2019-09-19 13:19:14,389 [Datanode State Machine Thread - 0] INFO  server.XceiverServerGrpc (XceiverServerGrpc.java:start(163)) - XceiverServerGrpc a7f12d17-eb83-47c7-8d7f-ed96e50c5fd6 is started using port 44973
2019-09-19 13:19:14,500 [Datanode State Machine Thread - 0] INFO  ozoneimpl.OzoneContainer (OzoneContainer.java:start(217)) - Attempting to start container services.
2019-09-19 13:19:14,502 [Datanode State Machine Thread - 0] INFO  ozoneimpl.OzoneContainer (OzoneContainer.java:startContainerScrub(179)) - Background container scanner has been disabled.
2019-09-19 13:19:14,502 [Datanode State Machine Thread - 0] INFO  ratis.XceiverServerRatis (XceiverServerRatis.java:start(411)) - Starting XceiverServerRatis e63c54ba-3a89-40c5-ad1a-fb08daaba513 at port 0
2019-09-19 13:19:14,509 [main] INFO  ozone.MiniOzoneClusterImpl (MiniOzoneClusterImpl.java:lambda$waitForClusterToBeReady$0(145)) - Waiting for cluster to be ready. Got 0 of 4 DN Heartbeats.
2019-09-19 13:19:14,512 [Datanode State Machine Thread - 0] INFO  impl.RaftServerProxy (RaftServerProxy.java:lambda$start$3(299)) - e63c54ba-3a89-40c5-ad1a-fb08daaba513: start RPC server
2019-09-19 13:19:14,514 [Datanode State Machine Thread - 0] INFO  server.GrpcService (GrpcService.java:startImpl(158)) - e63c54ba-3a89-40c5-ad1a-fb08daaba513: GrpcService started, listening on 0.0.0.0/0.0.0.0:36195
2019-09-19 13:19:14,514 [Datanode State Machine Thread - 0] INFO  ratis.XceiverServerRatis (XceiverServerRatis.java:start(421)) - XceiverServerRatis e63c54ba-3a89-40c5-ad1a-fb08daaba513 is started using port 36195
2019-09-19 13:19:14,516 [Datanode State Machine Thread - 0] INFO  server.XceiverServerGrpc (XceiverServerGrpc.java:start(163)) - XceiverServerGrpc e63c54ba-3a89-40c5-ad1a-fb08daaba513 is started using port 40474
2019-09-19 13:19:14,534 [Datanode State Machine Thread - 0] INFO  ozoneimpl.OzoneContainer (OzoneContainer.java:start(217)) - Attempting to start container services.
2019-09-19 13:19:14,537 [Datanode State Machine Thread - 0] INFO  ozoneimpl.OzoneContainer (OzoneContainer.java:startContainerScrub(179)) - Background container scanner has been disabled.
2019-09-19 13:19:14,537 [Datanode State Machine Thread - 0] INFO  ratis.XceiverServerRatis (XceiverServerRatis.java:start(411)) - Starting XceiverServerRatis e1dbae64-cf0d-4764-8f6b-75ab46773947 at port 0
2019-09-19 13:19:14,546 [Datanode State Machine Thread - 0] INFO  impl.RaftServerProxy (RaftServerProxy.java:lambda$start$3(299)) - e1dbae64-cf0d-4764-8f6b-75ab46773947: start RPC server
2019-09-19 13:19:14,549 [Datanode State Machine Thread - 0] INFO  server.GrpcService (GrpcService.java:startImpl(158)) - e1dbae64-cf0d-4764-8f6b-75ab46773947: GrpcService started, listening on 0.0.0.0/0.0.0.0:44293
2019-09-19 13:19:14,550 [Datanode State Machine Thread - 0] INFO  ratis.XceiverServerRatis (XceiverServerRatis.java:start(421)) - XceiverServerRatis e1dbae64-cf0d-4764-8f6b-75ab46773947 is started using port 44293
2019-09-19 13:19:14,552 [Datanode State Machine Thread - 0] INFO  server.XceiverServerGrpc (XceiverServerGrpc.java:start(163)) - XceiverServerGrpc e1dbae64-cf0d-4764-8f6b-75ab46773947 is started using port 41280
2019-09-19 13:19:15,509 [main] INFO  ozone.MiniOzoneClusterImpl (MiniOzoneClusterImpl.java:lambda$waitForClusterToBeReady$0(145)) - Waiting for cluster to be ready. Got 0 of 4 DN Heartbeats.
2019-09-19 13:19:16,320 [IPC Server handler 2 on 46061] INFO  net.NetworkTopology (NetworkTopologyImpl.java:add(111)) - Added a new node: /rack1/4ee3e14a-7ab2-47e7-be3c-5d35c46c381a
2019-09-19 13:19:16,322 [IPC Server handler 2 on 46061] INFO  node.SCMNodeManager (SCMNodeManager.java:register(300)) - Registered Data node : 4ee3e14a-7ab2-47e7-be3c-5d35c46c381a{ip: 192.168.34.51, host: pr-hdds-1982-decom-states-fm625-96302961, networkLocation: /rack1, certSerialId: null}
2019-09-19 13:19:16,326 [EventQueue-NodeRegistrationContainerReportForDataNodeSafeModeRule] INFO  safemode.SCMSafeModeManager (DataNodeSafeModeRule.java:process(71)) - SCM in safe mode. 1 DataNodes registered, 1 required.
2019-09-19 13:19:16,327 [EventQueue-NodeRegistrationContainerReportForDataNodeSafeModeRule] INFO  safemode.SCMSafeModeManager (SCMSafeModeManager.java:validateSafeModeExitRules(177)) - ScmSafeModeManager, all rules are successfully validated
2019-09-19 13:19:16,327 [EventQueue-NodeRegistrationContainerReportForDataNodeSafeModeRule] INFO  safemode.SCMSafeModeManager (SCMSafeModeManager.java:exitSafeMode(193)) - SCM exiting safe mode.
2019-09-19 13:19:16,352 [IPC Server handler 3 on 46061] INFO  net.NetworkTopology (NetworkTopologyImpl.java:add(111)) - Added a new node: /rack1/a7f12d17-eb83-47c7-8d7f-ed96e50c5fd6
2019-09-19 13:19:16,352 [IPC Server handler 3 on 46061] INFO  node.SCMNodeManager (SCMNodeManager.java:register(300)) - Registered Data node : a7f12d17-eb83-47c7-8d7f-ed96e50c5fd6{ip: 192.168.34.51, host: pr-hdds-1982-decom-states-fm625-96302961, networkLocation: /rack1, certSerialId: null}
2019-09-19 13:19:16,441 [IPC Server handler 0 on 46061] INFO  net.NetworkTopology (NetworkTopologyImpl.java:add(111)) - Added a new node: /rack1/e63c54ba-3a89-40c5-ad1a-fb08daaba513
2019-09-19 13:19:16,441 [IPC Server handler 0 on 46061] INFO  node.SCMNodeManager (SCMNodeManager.java:register(300)) - Registered Data node : e63c54ba-3a89-40c5-ad1a-fb08daaba513{ip: 192.168.34.51, host: pr-hdds-1982-decom-states-fm625-96302961, networkLocation: /rack1, certSerialId: null}
2019-09-19 13:19:16,510 [main] INFO  ozone.MiniOzoneClusterImpl (MiniOzoneClusterImpl.java:lambda$waitForClusterToBeReady$0(145)) - Waiting for cluster to be ready. Got 3 of 4 DN Heartbeats.
2019-09-19 13:19:16,510 [IPC Server handler 1 on 46061] INFO  net.NetworkTopology (NetworkTopologyImpl.java:add(111)) - Added a new node: /rack1/e1dbae64-cf0d-4764-8f6b-75ab46773947
2019-09-19 13:19:16,511 [IPC Server handler 1 on 46061] INFO  node.SCMNodeManager (SCMNodeManager.java:register(300)) - Registered Data node : e1dbae64-cf0d-4764-8f6b-75ab46773947{ip: 192.168.34.51, host: pr-hdds-1982-decom-states-fm625-96302961, networkLocation: /rack1, certSerialId: null}
2019-09-19 13:19:16,782 [grpc-default-executor-0] INFO  impl.RaftServerProxy (RaftServerProxy.java:addNew(89)) - 4ee3e14a-7ab2-47e7-be3c-5d35c46c381a: addNew group-6EC32BCFED81:[4ee3e14a-7ab2-47e7-be3c-5d35c46c381a:192.168.34.51:45559] returns group-6EC32BCFED81:java.util.concurrent.CompletableFuture@36036473[Not completed]
2019-09-19 13:19:16,797 [pool-32-thread-1] INFO  impl.RaftServerImpl (RaftServerImpl.java:<init>(95)) - 4ee3e14a-7ab2-47e7-be3c-5d35c46c381a: new RaftServerImpl for group-6EC32BCFED81:[4ee3e14a-7ab2-47e7-be3c-5d35c46c381a:192.168.34.51:45559] with ContainerStateMachine:uninitialized
2019-09-19 13:19:16,799 [pool-32-thread-1] INFO  server.RaftServerConfigKeys (ConfUtils.java:logGet(43)) - raft.server.rpc.timeout.min = 5s (custom)
2019-09-19 13:19:16,799 [pool-32-thread-1] INFO  server.RaftServerConfigKeys (ConfUtils.java:logGet(43)) - raft.server.rpc.timeout.max = 5200ms (custom)
2019-09-19 13:19:16,799 [pool-32-thread-1] INFO  server.RaftServerConfigKeys (ConfUtils.java:logGet(43)) - raft.server.rpcslowness.timeout = 120s (custom)
2019-09-19 13:19:16,799 [pool-32-thread-1] INFO  server.RaftServerConfigKeys (ConfUtils.java:logGet(43)) - raft.server.sleep.deviation.threshold = 300 (default)
2019-09-19 13:19:16,800 [pool-32-thread-1] INFO  server.RaftServerConfigKeys (ConfUtils.java:logGet(43)) - raft.server.log.appender.install.snapshot.enabled = false (custom)
2019-09-19 13:19:16,800 [pool-32-thread-1] INFO  impl.RaftServerImpl (ServerState.java:<init>(103)) - 4ee3e14a-7ab2-47e7-be3c-5d35c46c381a@group-6EC32BCFED81: ConfigurationManager, init=-1: [4ee3e14a-7ab2-47e7-be3c-5d35c46c381a:192.168.34.51:45559], old=null, confs=<EMPTY_MAP>
2019-09-19 13:19:16,800 [pool-32-thread-1] INFO  server.RaftServerConfigKeys (ConfUtils.java:logGet(43)) - raft.server.storage.dir = [/workdir/hadoop-ozone/integration-test/target/test-dir/MiniOzoneClusterImpl-e9843695-6be0-4f8f-b95a-59679a9cffc8/datanode-0/data/ratis] (custom)
2019-09-19 13:19:16,801 [pool-32-thread-1] INFO  storage.RaftStorageDirectory (RaftStorageDirectory.java:analyzeStorage(246)) - The storage directory /workdir/hadoop-ozone/integration-test/target/test-dir/MiniOzoneClusterImpl-e9843695-6be0-4f8f-b95a-59679a9cffc8/datanode-0/data/ratis/9f364db2-c4ff-4068-b85a-6ec32bcfed81 does not exist. Creating ...
2019-09-19 13:19:16,816 [pool-32-thread-1] INFO  storage.RaftStorageDirectory (RaftStorageDirectory.java:tryLock(328)) - Lock on /workdir/hadoop-ozone/integration-test/target/test-dir/MiniOzoneClusterImpl-e9843695-6be0-4f8f-b95a-59679a9cffc8/datanode-0/data/ratis/9f364db2-c4ff-4068-b85a-6ec32bcfed81/in_use.lock acquired by nodename 2740@pr-hdds-1982-decom-states-fm625-96302961
2019-09-19 13:19:16,829 [pool-32-thread-1] INFO  storage.RaftStorage (RaftStorage.java:format(72)) - Storage directory /workdir/hadoop-ozone/integration-test/target/test-dir/MiniOzoneClusterImpl-e9843695-6be0-4f8f-b95a-59679a9cffc8/datanode-0/data/ratis/9f364db2-c4ff-4068-b85a-6ec32bcfed81 has been successfully formatted.
2019-09-19 13:19:16,831 [pool-32-thread-1] INFO  ratis.ContainerStateMachine (ContainerStateMachine.java:loadSnapshot(230)) - group-6EC32BCFED81: The snapshot info is null. Setting the last applied indexto:(t:0, i:~)
2019-09-19 13:19:16,831 [pool-32-thread-1] INFO  server.RaftServerConfigKeys (ConfUtils.java:logGet(43)) - raft.server.notification.no-leader.timeout = 120s (custom)
2019-09-19 13:19:16,832 [pool-32-thread-1] INFO  server.RaftServerConfigKeys (ConfUtils.java:logGet(43)) - raft.server.log.use.memory = false (default)
2019-09-19 13:19:16,832 [pool-32-thread-1] INFO  server.RaftServerConfigKeys (ConfUtils.java:logGet(43)) - raft.server.log.purge.gap = 1000000 (custom)
2019-09-19 13:19:16,832 [pool-32-thread-1] INFO  server.RaftServerConfigKeys (ConfUtils.java:logGet(43)) - raft.server.log.appender.buffer.byte-limit = 33554432 (custom)
2019-09-19 13:19:16,833 [pool-32-thread-1] INFO  server.RaftServerConfigKeys (ConfUtils.java:logGet(43)) - raft.server.log.segment.size.max = 1048576 (custom)
2019-09-19 13:19:16,833 [pool-32-thread-1] INFO  server.RaftServerConfigKeys (ConfUtils.java:logGet(43)) - raft.server.log.segment.cache.num.max = 2 (custom)
2019-09-19 13:19:16,833 [pool-32-thread-1] INFO  segmented.SegmentedRaftLogWorker (SegmentedRaftLogWorker.java:<init>(172)) - new 4ee3e14a-7ab2-47e7-be3c-5d35c46c381a@group-6EC32BCFED81-SegmentedRaftLogWorker for RaftStorage:Storage Directory /workdir/hadoop-ozone/integration-test/target/test-dir/MiniOzoneClusterImpl-e9843695-6be0-4f8f-b95a-59679a9cffc8/datanode-0/data/ratis/9f364db2-c4ff-4068-b85a-6ec32bcfed81
2019-09-19 13:19:16,861 [pool-32-thread-1] INFO  server.RaftServerConfigKeys (ConfUtils.java:logGet(43)) - raft.server.log.queue.byte-limit = 2147483647 (custom)
2019-09-19 13:19:16,862 [pool-32-thread-1] INFO  server.RaftServerConfigKeys (ConfUtils.java:logGet(43)) - raft.server.log.queue.element-limit = 1024 (custom)
2019-09-19 13:19:16,862 [pool-32-thread-1] INFO  server.RaftServerConfigKeys (ConfUtils.java:logGet(43)) - raft.server.log.segment.size.max = 1048576 (custom)
2019-09-19 13:19:16,863 [pool-32-thread-1] INFO  server.RaftServerConfigKeys (ConfUtils.java:logGet(43)) - raft.server.log.preallocated.size = 16384 (custom)
2019-09-19 13:19:16,863 [pool-32-thread-1] INFO  server.RaftServerConfigKeys (ConfUtils.java:logGet(43)) - raft.server.log.write.buffer.size = 33554432 (custom)
2019-09-19 13:19:16,863 [pool-32-thread-1] INFO  server.RaftServerConfigKeys (ConfUtils.java:logGet(43)) - raft.server.log.force.sync.num = 128 (default)
2019-09-19 13:19:16,863 [pool-32-thread-1] INFO  server.RaftServerConfigKeys (ConfUtils.java:logGet(43)) - raft.server.log.statemachine.data.sync = true (default)
2019-09-19 13:19:16,864 [pool-32-thread-1] INFO  server.RaftServerConfigKeys (ConfUtils.java:logGet(43)) - raft.server.log.statemachine.data.sync.timeout = 10s (default)
2019-09-19 13:19:16,864 [pool-32-thread-1] INFO  server.RaftServerConfigKeys (ConfUtils.java:logGet(43)) - raft.server.log.statemachine.data.sync.timeout.retry = -1 (default)
2019-09-19 13:19:16,864 [pool-32-thread-1] INFO  server.RaftServerConfigKeys (ConfUtils.java:logGet(43)) - raft.server.log.statemachine.data.caching.enabled = true (custom)
2019-09-19 13:19:16,865 [pool-32-thread-1] INFO  segmented.SegmentedRaftLogWorker (SegmentedRaftLogWorker.java:lambda$new$0(132)) - 4ee3e14a-7ab2-47e7-be3c-5d35c46c381a@group-6EC32BCFED81-SegmentedRaftLogWorker: flushIndex: setUnconditionally 0 -> -1
2019-09-19 13:19:16,865 [pool-32-thread-1] INFO  server.RaftServerConfigKeys (ConfUtils.java:logGet(43)) - raft.server.snapshot.auto.trigger.enabled = true (custom)
2019-09-19 13:19:16,866 [pool-32-thread-1] INFO  server.RaftServerConfigKeys (ConfUtils.java:logGet(43)) - raft.server.snapshot.auto.trigger.threshold = 10000 (custom)
2019-09-19 13:19:16,866 [pool-32-thread-1] INFO  server.RaftServerConfigKeys (ConfUtils.java:logGet(43)) - raft.server.snapshot.retention.num.files = 5 (custom)
2019-09-19 13:19:16,866 [pool-32-thread-1] INFO  server.RaftServerConfigKeys (ConfUtils.java:logGet(43)) - raft.server.retrycache.expirytime = 600000ms (custom)
2019-09-19 13:19:16,873 [pool-32-thread-1] INFO  impl.RaftServerImpl (RaftServerImpl.java:start(185)) - 4ee3e14a-7ab2-47e7-be3c-5d35c46c381a@group-6EC32BCFED81: start as a follower, conf=-1: [4ee3e14a-7ab2-47e7-be3c-5d35c46c381a:192.168.34.51:45559], old=null
2019-09-19 13:19:16,873 [pool-32-thread-1] INFO  impl.RaftServerImpl (RaftServerImpl.java:setRole(174)) - 4ee3e14a-7ab2-47e7-be3c-5d35c46c381a@group-6EC32BCFED81: changes role from      null to FOLLOWER at term 0 for startAsFollower
2019-09-19 13:19:16,873 [pool-32-thread-1] INFO  impl.RoleInfo (RoleInfo.java:updateAndGet(143)) - 4ee3e14a-7ab2-47e7-be3c-5d35c46c381a: start FollowerState
2019-09-19 13:19:16,874 [pool-32-thread-1] INFO  util.JmxRegister (JmxRegister.java:tryRegister(44)) - Successfully registered JMX Bean with object name Ratis:service=RaftServer,group=group-6EC32BCFED81,id=4ee3e14a-7ab2-47e7-be3c-5d35c46c381a
2019-09-19 13:19:16,969 [RatisPipelineUtilsThread] INFO  pipeline.PipelineStateManager (PipelineStateManager.java:addPipeline(56)) - Created pipeline Pipeline[ Id: 9f364db2-c4ff-4068-b85a-6ec32bcfed81, Nodes: 4ee3e14a-7ab2-47e7-be3c-5d35c46c381a{ip: 192.168.34.51, host: pr-hdds-1982-decom-states-fm625-96302961, networkLocation: /rack1, certSerialId: null}, Type:RATIS, Factor:ONE, State:OPEN]
2019-09-19 13:19:16,996 [grpc-default-executor-0] INFO  impl.RaftServerProxy (RaftServerProxy.java:addNew(89)) - e63c54ba-3a89-40c5-ad1a-fb08daaba513: addNew group-FFC023875553:[e63c54ba-3a89-40c5-ad1a-fb08daaba513:192.168.34.51:36195] returns group-FFC023875553:java.util.concurrent.CompletableFuture@3bb0f9ac[Not completed]
2019-09-19 13:19:17,012 [pool-52-thread-1] INFO  impl.RaftServerImpl (RaftServerImpl.java:<init>(95)) - e63c54ba-3a89-40c5-ad1a-fb08daaba513: new RaftServerImpl for group-FFC023875553:[e63c54ba-3a89-40c5-ad1a-fb08daaba513:192.168.34.51:36195] with ContainerStateMachine:uninitialized
2019-09-19 13:19:17,013 [pool-52-thread-1] INFO  server.RaftServerConfigKeys (ConfUtils.java:logGet(43)) - raft.server.rpc.timeout.min = 5s (custom)
2019-09-19 13:19:17,013 [pool-52-thread-1] INFO  server.RaftServerConfigKeys (ConfUtils.java:logGet(43)) - raft.server.rpc.timeout.max = 5200ms (custom)
2019-09-19 13:19:17,014 [pool-52-thread-1] INFO  server.RaftServerConfigKeys (ConfUtils.java:logGet(43)) - raft.server.rpcslowness.timeout = 120s (custom)
2019-09-19 13:19:17,014 [pool-52-thread-1] INFO  server.RaftServerConfigKeys (ConfUtils.java:logGet(43)) - raft.server.sleep.deviation.threshold = 300 (default)
2019-09-19 13:19:17,014 [pool-52-thread-1] INFO  server.RaftServerConfigKeys (ConfUtils.java:logGet(43)) - raft.server.log.appender.install.snapshot.enabled = false (custom)
2019-09-19 13:19:17,014 [pool-52-thread-1] INFO  impl.RaftServerImpl (ServerState.java:<init>(103)) - e63c54ba-3a89-40c5-ad1a-fb08daaba513@group-FFC023875553: ConfigurationManager, init=-1: [e63c54ba-3a89-40c5-ad1a-fb08daaba513:192.168.34.51:36195], old=null, confs=<EMPTY_MAP>
2019-09-19 13:19:17,015 [pool-52-thread-1] INFO  server.RaftServerConfigKeys (ConfUtils.java:logGet(43)) - raft.server.storage.dir = [/workdir/hadoop-ozone/integration-test/target/test-dir/MiniOzoneClusterImpl-e9843695-6be0-4f8f-b95a-59679a9cffc8/datanode-2/data/ratis] (custom)
2019-09-19 13:19:17,015 [pool-52-thread-1] INFO  storage.RaftStorageDirectory (RaftStorageDirectory.java:analyzeStorage(246)) - The storage directory /workdir/hadoop-ozone/integration-test/target/test-dir/MiniOzoneClusterImpl-e9843695-6be0-4f8f-b95a-59679a9cffc8/datanode-2/data/ratis/2f47dbdf-9dea-4b3a-b6cf-ffc023875553 does not exist. Creating ...
2019-09-19 13:19:17,029 [pool-52-thread-1] INFO  storage.RaftStorageDirectory (RaftStorageDirectory.java:tryLock(328)) - Lock on /workdir/hadoop-ozone/integration-test/target/test-dir/MiniOzoneClusterImpl-e9843695-6be0-4f8f-b95a-59679a9cffc8/datanode-2/data/ratis/2f47dbdf-9dea-4b3a-b6cf-ffc023875553/in_use.lock acquired by nodename 2740@pr-hdds-1982-decom-states-fm625-96302961
2019-09-19 13:19:17,042 [pool-52-thread-1] INFO  storage.RaftStorage (RaftStorage.java:format(72)) - Storage directory /workdir/hadoop-ozone/integration-test/target/test-dir/MiniOzoneClusterImpl-e9843695-6be0-4f8f-b95a-59679a9cffc8/datanode-2/data/ratis/2f47dbdf-9dea-4b3a-b6cf-ffc023875553 has been successfully formatted.
2019-09-19 13:19:17,043 [pool-52-thread-1] INFO  ratis.ContainerStateMachine (ContainerStateMachine.java:loadSnapshot(230)) - group-FFC023875553: The snapshot info is null. Setting the last applied indexto:(t:0, i:~)
2019-09-19 13:19:17,044 [pool-52-thread-1] INFO  server.RaftServerConfigKeys (ConfUtils.java:logGet(43)) - raft.server.notification.no-leader.timeout = 120s (custom)
2019-09-19 13:19:17,045 [pool-52-thread-1] INFO  server.RaftServerConfigKeys (ConfUtils.java:logGet(43)) - raft.server.log.use.memory = false (default)
2019-09-19 13:19:17,045 [pool-52-thread-1] INFO  server.RaftServerConfigKeys (ConfUtils.java:logGet(43)) - raft.server.log.purge.gap = 1000000 (custom)
2019-09-19 13:19:17,045 [pool-52-thread-1] INFO  server.RaftServerConfigKeys (ConfUtils.java:logGet(43)) - raft.server.log.appender.buffer.byte-limit = 33554432 (custom)
2019-09-19 13:19:17,045 [pool-52-thread-1] INFO  server.RaftServerConfigKeys (ConfUtils.java:logGet(43)) - raft.server.log.segment.size.max = 1048576 (custom)
2019-09-19 13:19:17,045 [pool-52-thread-1] INFO  server.RaftServerConfigKeys (ConfUtils.java:logGet(43)) - raft.server.log.segment.cache.num.max = 2 (custom)
2019-09-19 13:19:17,046 [pool-52-thread-1] INFO  segmented.SegmentedRaftLogWorker (SegmentedRaftLogWorker.java:<init>(172)) - new e63c54ba-3a89-40c5-ad1a-fb08daaba513@group-FFC023875553-SegmentedRaftLogWorker for RaftStorage:Storage Directory /workdir/hadoop-ozone/integration-test/target/test-dir/MiniOzoneClusterImpl-e9843695-6be0-4f8f-b95a-59679a9cffc8/datanode-2/data/ratis/2f47dbdf-9dea-4b3a-b6cf-ffc023875553
2019-09-19 13:19:17,052 [pool-52-thread-1] INFO  server.RaftServerConfigKeys (ConfUtils.java:logGet(43)) - raft.server.log.queue.byte-limit = 2147483647 (custom)
2019-09-19 13:19:17,052 [pool-52-thread-1] INFO  server.RaftServerConfigKeys (ConfUtils.java:logGet(43)) - raft.server.log.queue.element-limit = 1024 (custom)
2019-09-19 13:19:17,052 [pool-52-thread-1] INFO  server.RaftServerConfigKeys (ConfUtils.java:logGet(43)) - raft.server.log.segment.size.max = 1048576 (custom)
2019-09-19 13:19:17,053 [pool-52-thread-1] INFO  server.RaftServerConfigKeys (ConfUtils.java:logGet(43)) - raft.server.log.preallocated.size = 16384 (custom)
2019-09-19 13:19:17,053 [pool-52-thread-1] INFO  server.RaftServerConfigKeys (ConfUtils.java:logGet(43)) - raft.server.log.write.buffer.size = 33554432 (custom)
2019-09-19 13:19:17,053 [pool-52-thread-1] INFO  server.RaftServerConfigKeys (ConfUtils.java:logGet(43)) - raft.server.log.force.sync.num = 128 (default)
2019-09-19 13:19:17,053 [pool-52-thread-1] INFO  server.RaftServerConfigKeys (ConfUtils.java:logGet(43)) - raft.server.log.statemachine.data.sync = true (default)
2019-09-19 13:19:17,053 [pool-52-thread-1] INFO  server.RaftServerConfigKeys (ConfUtils.java:logGet(43)) - raft.server.log.statemachine.data.sync.timeout = 10s (default)
2019-09-19 13:19:17,053 [pool-52-thread-1] INFO  server.RaftServerConfigKeys (ConfUtils.java:logGet(43)) - raft.server.log.statemachine.data.sync.timeout.retry = -1 (default)
2019-09-19 13:19:17,054 [pool-52-thread-1] INFO  server.RaftServerConfigKeys (ConfUtils.java:logGet(43)) - raft.server.log.statemachine.data.caching.enabled = true (custom)
2019-09-19 13:19:17,054 [pool-52-thread-1] INFO  segmented.SegmentedRaftLogWorker (SegmentedRaftLogWorker.java:lambda$new$0(132)) - e63c54ba-3a89-40c5-ad1a-fb08daaba513@group-FFC023875553-SegmentedRaftLogWorker: flushIndex: setUnconditionally 0 -> -1
2019-09-19 13:19:17,055 [pool-52-thread-1] INFO  server.RaftServerConfigKeys (ConfUtils.java:logGet(43)) - raft.server.snapshot.auto.trigger.enabled = true (custom)
2019-09-19 13:19:17,055 [pool-52-thread-1] INFO  server.RaftServerConfigKeys (ConfUtils.java:logGet(43)) - raft.server.snapshot.auto.trigger.threshold = 10000 (custom)
2019-09-19 13:19:17,055 [pool-52-thread-1] INFO  server.RaftServerConfigKeys (ConfUtils.java:logGet(43)) - raft.server.snapshot.retention.num.files = 5 (custom)
2019-09-19 13:19:17,056 [pool-52-thread-1] INFO  server.RaftServerConfigKeys (ConfUtils.java:logGet(43)) - raft.server.retrycache.expirytime = 600000ms (custom)
2019-09-19 13:19:17,061 [pool-52-thread-1] INFO  impl.RaftServerImpl (RaftServerImpl.java:start(185)) - e63c54ba-3a89-40c5-ad1a-fb08daaba513@group-FFC023875553: start as a follower, conf=-1: [e63c54ba-3a89-40c5-ad1a-fb08daaba513:192.168.34.51:36195], old=null
2019-09-19 13:19:17,061 [pool-52-thread-1] INFO  impl.RaftServerImpl (RaftServerImpl.java:setRole(174)) - e63c54ba-3a89-40c5-ad1a-fb08daaba513@group-FFC023875553: changes role from      null to FOLLOWER at term 0 for startAsFollower
2019-09-19 13:19:17,062 [pool-52-thread-1] INFO  impl.RoleInfo (RoleInfo.java:updateAndGet(143)) - e63c54ba-3a89-40c5-ad1a-fb08daaba513: start FollowerState
2019-09-19 13:19:17,062 [pool-52-thread-1] INFO  util.JmxRegister (JmxRegister.java:tryRegister(44)) - Successfully registered JMX Bean with object name Ratis:service=RaftServer,group=group-FFC023875553,id=e63c54ba-3a89-40c5-ad1a-fb08daaba513
2019-09-19 13:19:17,074 [RatisPipelineUtilsThread] INFO  pipeline.PipelineStateManager (PipelineStateManager.java:addPipeline(56)) - Created pipeline Pipeline[ Id: 2f47dbdf-9dea-4b3a-b6cf-ffc023875553, Nodes: e63c54ba-3a89-40c5-ad1a-fb08daaba513{ip: 192.168.34.51, host: pr-hdds-1982-decom-states-fm625-96302961, networkLocation: /rack1, certSerialId: null}, Type:RATIS, Factor:ONE, State:OPEN]
2019-09-19 13:19:17,098 [grpc-default-executor-0] INFO  impl.RaftServerProxy (RaftServerProxy.java:addNew(89)) - a7f12d17-eb83-47c7-8d7f-ed96e50c5fd6: addNew group-7D5AB70D01BD:[a7f12d17-eb83-47c7-8d7f-ed96e50c5fd6:192.168.34.51:40348] returns group-7D5AB70D01BD:java.util.concurrent.CompletableFuture@2faa196c[Not completed]
2019-09-19 13:19:17,101 [pool-42-thread-1] INFO  impl.RaftServerImpl (RaftServerImpl.java:<init>(95)) - a7f12d17-eb83-47c7-8d7f-ed96e50c5fd6: new RaftServerImpl for group-7D5AB70D01BD:[a7f12d17-eb83-47c7-8d7f-ed96e50c5fd6:192.168.34.51:40348] with ContainerStateMachine:uninitialized
2019-09-19 13:19:17,107 [pool-42-thread-1] INFO  server.RaftServerConfigKeys (ConfUtils.java:logGet(43)) - raft.server.rpc.timeout.min = 5s (custom)
2019-09-19 13:19:17,107 [pool-42-thread-1] INFO  server.RaftServerConfigKeys (ConfUtils.java:logGet(43)) - raft.server.rpc.timeout.max = 5200ms (custom)
2019-09-19 13:19:17,108 [pool-42-thread-1] INFO  server.RaftServerConfigKeys (ConfUtils.java:logGet(43)) - raft.server.rpcslowness.timeout = 120s (custom)
2019-09-19 13:19:17,108 [pool-42-thread-1] INFO  server.RaftServerConfigKeys (ConfUtils.java:logGet(43)) - raft.server.sleep.deviation.threshold = 300 (default)
2019-09-19 13:19:17,108 [pool-42-thread-1] INFO  server.RaftServerConfigKeys (ConfUtils.java:logGet(43)) - raft.server.log.appender.install.snapshot.enabled = false (custom)
2019-09-19 13:19:17,109 [pool-42-thread-1] INFO  impl.RaftServerImpl (ServerState.java:<init>(103)) - a7f12d17-eb83-47c7-8d7f-ed96e50c5fd6@group-7D5AB70D01BD: ConfigurationManager, init=-1: [a7f12d17-eb83-47c7-8d7f-ed96e50c5fd6:192.168.34.51:40348], old=null, confs=<EMPTY_MAP>
2019-09-19 13:19:17,109 [pool-42-thread-1] INFO  server.RaftServerConfigKeys (ConfUtils.java:logGet(43)) - raft.server.storage.dir = [/workdir/hadoop-ozone/integration-test/target/test-dir/MiniOzoneClusterImpl-e9843695-6be0-4f8f-b95a-59679a9cffc8/datanode-1/data/ratis] (custom)
2019-09-19 13:19:17,110 [pool-42-thread-1] INFO  storage.RaftStorageDirectory (RaftStorageDirectory.java:analyzeStorage(246)) - The storage directory /workdir/hadoop-ozone/integration-test/target/test-dir/MiniOzoneClusterImpl-e9843695-6be0-4f8f-b95a-59679a9cffc8/datanode-1/data/ratis/068a89c8-0461-4958-9e77-7d5ab70d01bd does not exist. Creating ...
2019-09-19 13:19:17,123 [pool-42-thread-1] INFO  storage.RaftStorageDirectory (RaftStorageDirectory.java:tryLock(328)) - Lock on /workdir/hadoop-ozone/integration-test/target/test-dir/MiniOzoneClusterImpl-e9843695-6be0-4f8f-b95a-59679a9cffc8/datanode-1/data/ratis/068a89c8-0461-4958-9e77-7d5ab70d01bd/in_use.lock acquired by nodename 2740@pr-hdds-1982-decom-states-fm625-96302961
2019-09-19 13:19:17,137 [pool-42-thread-1] INFO  storage.RaftStorage (RaftStorage.java:format(72)) - Storage directory /workdir/hadoop-ozone/integration-test/target/test-dir/MiniOzoneClusterImpl-e9843695-6be0-4f8f-b95a-59679a9cffc8/datanode-1/data/ratis/068a89c8-0461-4958-9e77-7d5ab70d01bd has been successfully formatted.
2019-09-19 13:19:17,138 [pool-42-thread-1] INFO  ratis.ContainerStateMachine (ContainerStateMachine.java:loadSnapshot(230)) - group-7D5AB70D01BD: The snapshot info is null. Setting the last applied indexto:(t:0, i:~)
2019-09-19 13:19:17,138 [pool-42-thread-1] INFO  server.RaftServerConfigKeys (ConfUtils.java:logGet(43)) - raft.server.notification.no-leader.timeout = 120s (custom)
2019-09-19 13:19:17,138 [pool-42-thread-1] INFO  server.RaftServerConfigKeys (ConfUtils.java:logGet(43)) - raft.server.log.use.memory = false (default)
2019-09-19 13:19:17,139 [pool-42-thread-1] INFO  server.RaftServerConfigKeys (ConfUtils.java:logGet(43)) - raft.server.log.purge.gap = 1000000 (custom)
2019-09-19 13:19:17,139 [pool-42-thread-1] INFO  server.RaftServerConfigKeys (ConfUtils.java:logGet(43)) - raft.server.log.appender.buffer.byte-limit = 33554432 (custom)
2019-09-19 13:19:17,139 [pool-42-thread-1] INFO  server.RaftServerConfigKeys (ConfUtils.java:logGet(43)) - raft.server.log.segment.size.max = 1048576 (custom)
2019-09-19 13:19:17,139 [pool-42-thread-1] INFO  server.RaftServerConfigKeys (ConfUtils.java:logGet(43)) - raft.server.log.segment.cache.num.max = 2 (custom)
2019-09-19 13:19:17,139 [pool-42-thread-1] INFO  segmented.SegmentedRaftLogWorker (SegmentedRaftLogWorker.java:<init>(172)) - new a7f12d17-eb83-47c7-8d7f-ed96e50c5fd6@group-7D5AB70D01BD-SegmentedRaftLogWorker for RaftStorage:Storage Directory /workdir/hadoop-ozone/integration-test/target/test-dir/MiniOzoneClusterImpl-e9843695-6be0-4f8f-b95a-59679a9cffc8/datanode-1/data/ratis/068a89c8-0461-4958-9e77-7d5ab70d01bd
2019-09-19 13:19:17,145 [pool-42-thread-1] INFO  server.RaftServerConfigKeys (ConfUtils.java:logGet(43)) - raft.server.log.queue.byte-limit = 2147483647 (custom)
2019-09-19 13:19:17,145 [pool-42-thread-1] INFO  server.RaftServerConfigKeys (ConfUtils.java:logGet(43)) - raft.server.log.queue.element-limit = 1024 (custom)
2019-09-19 13:19:17,145 [pool-42-thread-1] INFO  server.RaftServerConfigKeys (ConfUtils.java:logGet(43)) - raft.server.log.segment.size.max = 1048576 (custom)
2019-09-19 13:19:17,145 [pool-42-thread-1] INFO  server.RaftServerConfigKeys (ConfUtils.java:logGet(43)) - raft.server.log.preallocated.size = 16384 (custom)
2019-09-19 13:19:17,145 [pool-42-thread-1] INFO  server.RaftServerConfigKeys (ConfUtils.java:logGet(43)) - raft.server.log.write.buffer.size = 33554432 (custom)
2019-09-19 13:19:17,146 [pool-42-thread-1] INFO  server.RaftServerConfigKeys (ConfUtils.java:logGet(43)) - raft.server.log.force.sync.num = 128 (default)
2019-09-19 13:19:17,146 [pool-42-thread-1] INFO  server.RaftServerConfigKeys (ConfUtils.java:logGet(43)) - raft.server.log.statemachine.data.sync = true (default)
2019-09-19 13:19:17,146 [pool-42-thread-1] INFO  server.RaftServerConfigKeys (ConfUtils.java:logGet(43)) - raft.server.log.statemachine.data.sync.timeout = 10s (default)
2019-09-19 13:19:17,146 [pool-42-thread-1] INFO  server.RaftServerConfigKeys (ConfUtils.java:logGet(43)) - raft.server.log.statemachine.data.sync.timeout.retry = -1 (default)
2019-09-19 13:19:17,147 [pool-42-thread-1] INFO  server.RaftServerConfigKeys (ConfUtils.java:logGet(43)) - raft.server.log.statemachine.data.caching.enabled = true (custom)
2019-09-19 13:19:17,147 [pool-42-thread-1] INFO  segmented.SegmentedRaftLogWorker (SegmentedRaftLogWorker.java:lambda$new$0(132)) - a7f12d17-eb83-47c7-8d7f-ed96e50c5fd6@group-7D5AB70D01BD-SegmentedRaftLogWorker: flushIndex: setUnconditionally 0 -> -1
2019-09-19 13:19:17,147 [pool-42-thread-1] INFO  server.RaftServerConfigKeys (ConfUtils.java:logGet(43)) - raft.server.snapshot.auto.trigger.enabled = true (custom)
2019-09-19 13:19:17,147 [pool-42-thread-1] INFO  server.RaftServerConfigKeys (ConfUtils.java:logGet(43)) - raft.server.snapshot.auto.trigger.threshold = 10000 (custom)
2019-09-19 13:19:17,148 [pool-42-thread-1] INFO  server.RaftServerConfigKeys (ConfUtils.java:logGet(43)) - raft.server.snapshot.retention.num.files = 5 (custom)
2019-09-19 13:19:17,148 [pool-42-thread-1] INFO  server.RaftServerConfigKeys (ConfUtils.java:logGet(43)) - raft.server.retrycache.expirytime = 600000ms (custom)
2019-09-19 13:19:17,152 [pool-42-thread-1] INFO  impl.RaftServerImpl (RaftServerImpl.java:start(185)) - a7f12d17-eb83-47c7-8d7f-ed96e50c5fd6@group-7D5AB70D01BD: start as a follower, conf=-1: [a7f12d17-eb83-47c7-8d7f-ed96e50c5fd6:192.168.34.51:40348], old=null
2019-09-19 13:19:17,152 [pool-42-thread-1] INFO  impl.RaftServerImpl (RaftServerImpl.java:setRole(174)) - a7f12d17-eb83-47c7-8d7f-ed96e50c5fd6@group-7D5AB70D01BD: changes role from      null to FOLLOWER at term 0 for startAsFollower
2019-09-19 13:19:17,152 [pool-42-thread-1] INFO  impl.RoleInfo (RoleInfo.java:updateAndGet(143)) - a7f12d17-eb83-47c7-8d7f-ed96e50c5fd6: start FollowerState
2019-09-19 13:19:17,152 [pool-42-thread-1] INFO  util.JmxRegister (JmxRegister.java:tryRegister(44)) - Successfully registered JMX Bean with object name Ratis:service=RaftServer,group=group-7D5AB70D01BD,id=a7f12d17-eb83-47c7-8d7f-ed96e50c5fd6
2019-09-19 13:19:17,170 [RatisPipelineUtilsThread] INFO  pipeline.PipelineStateManager (PipelineStateManager.java:addPipeline(56)) - Created pipeline Pipeline[ Id: 068a89c8-0461-4958-9e77-7d5ab70d01bd, Nodes: a7f12d17-eb83-47c7-8d7f-ed96e50c5fd6{ip: 192.168.34.51, host: pr-hdds-1982-decom-states-fm625-96302961, networkLocation: /rack1, certSerialId: null}, Type:RATIS, Factor:ONE, State:OPEN]
2019-09-19 13:19:17,188 [grpc-default-executor-0] INFO  impl.RaftServerProxy (RaftServerProxy.java:addNew(89)) - e1dbae64-cf0d-4764-8f6b-75ab46773947: addNew group-8C349708BE36:[e1dbae64-cf0d-4764-8f6b-75ab46773947:192.168.34.51:44293] returns group-8C349708BE36:java.util.concurrent.CompletableFuture@8f935b3[Not completed]
2019-09-19 13:19:17,191 [pool-62-thread-1] INFO  impl.RaftServerImpl (RaftServerImpl.java:<init>(95)) - e1dbae64-cf0d-4764-8f6b-75ab46773947: new RaftServerImpl for group-8C349708BE36:[e1dbae64-cf0d-4764-8f6b-75ab46773947:192.168.34.51:44293] with ContainerStateMachine:uninitialized
2019-09-19 13:19:17,191 [pool-62-thread-1] INFO  server.RaftServerConfigKeys (ConfUtils.java:logGet(43)) - raft.server.rpc.timeout.min = 5s (custom)
2019-09-19 13:19:17,192 [pool-62-thread-1] INFO  server.RaftServerConfigKeys (ConfUtils.java:logGet(43)) - raft.server.rpc.timeout.max = 5200ms (custom)
2019-09-19 13:19:17,192 [pool-62-thread-1] INFO  server.RaftServerConfigKeys (ConfUtils.java:logGet(43)) - raft.server.rpcslowness.timeout = 120s (custom)
2019-09-19 13:19:17,192 [pool-62-thread-1] INFO  server.RaftServerConfigKeys (ConfUtils.java:logGet(43)) - raft.server.sleep.deviation.threshold = 300 (default)
2019-09-19 13:19:17,192 [pool-62-thread-1] INFO  server.RaftServerConfigKeys (ConfUtils.java:logGet(43)) - raft.server.log.appender.install.snapshot.enabled = false (custom)
2019-09-19 13:19:17,192 [pool-62-thread-1] INFO  impl.RaftServerImpl (ServerState.java:<init>(103)) - e1dbae64-cf0d-4764-8f6b-75ab46773947@group-8C349708BE36: ConfigurationManager, init=-1: [e1dbae64-cf0d-4764-8f6b-75ab46773947:192.168.34.51:44293], old=null, confs=<EMPTY_MAP>
2019-09-19 13:19:17,192 [pool-62-thread-1] INFO  server.RaftServerConfigKeys (ConfUtils.java:logGet(43)) - raft.server.storage.dir = [/workdir/hadoop-ozone/integration-test/target/test-dir/MiniOzoneClusterImpl-e9843695-6be0-4f8f-b95a-59679a9cffc8/datanode-3/data/ratis] (custom)
2019-09-19 13:19:17,193 [pool-62-thread-1] INFO  storage.RaftStorageDirectory (RaftStorageDirectory.java:analyzeStorage(246)) - The storage directory /workdir/hadoop-ozone/integration-test/target/test-dir/MiniOzoneClusterImpl-e9843695-6be0-4f8f-b95a-59679a9cffc8/datanode-3/data/ratis/41c256bd-32cc-4cc2-b114-8c349708be36 does not exist. Creating ...
2019-09-19 13:19:17,206 [pool-62-thread-1] INFO  storage.RaftStorageDirectory (RaftStorageDirectory.java:tryLock(328)) - Lock on /workdir/hadoop-ozone/integration-test/target/test-dir/MiniOzoneClusterImpl-e9843695-6be0-4f8f-b95a-59679a9cffc8/datanode-3/data/ratis/41c256bd-32cc-4cc2-b114-8c349708be36/in_use.lock acquired by nodename 2740@pr-hdds-1982-decom-states-fm625-96302961
2019-09-19 13:19:17,227 [pool-62-thread-1] INFO  storage.RaftStorage (RaftStorage.java:format(72)) - Storage directory /workdir/hadoop-ozone/integration-test/target/test-dir/MiniOzoneClusterImpl-e9843695-6be0-4f8f-b95a-59679a9cffc8/datanode-3/data/ratis/41c256bd-32cc-4cc2-b114-8c349708be36 has been successfully formatted.
2019-09-19 13:19:17,228 [pool-62-thread-1] INFO  ratis.ContainerStateMachine (ContainerStateMachine.java:loadSnapshot(230)) - group-8C349708BE36: The snapshot info is null. Setting the last applied indexto:(t:0, i:~)
2019-09-19 13:19:17,228 [pool-62-thread-1] INFO  server.RaftServerConfigKeys (ConfUtils.java:logGet(43)) - raft.server.notification.no-leader.timeout = 120s (custom)
2019-09-19 13:19:17,228 [pool-62-thread-1] INFO  server.RaftServerConfigKeys (ConfUtils.java:logGet(43)) - raft.server.log.use.memory = false (default)
2019-09-19 13:19:17,229 [pool-62-thread-1] INFO  server.RaftServerConfigKeys (ConfUtils.java:logGet(43)) - raft.server.log.purge.gap = 1000000 (custom)
2019-09-19 13:19:17,229 [pool-62-thread-1] INFO  server.RaftServerConfigKeys (ConfUtils.java:logGet(43)) - raft.server.log.appender.buffer.byte-limit = 33554432 (custom)
2019-09-19 13:19:17,229 [pool-62-thread-1] INFO  server.RaftServerConfigKeys (ConfUtils.java:logGet(43)) - raft.server.log.segment.size.max = 1048576 (custom)
2019-09-19 13:19:17,230 [pool-62-thread-1] INFO  server.RaftServerConfigKeys (ConfUtils.java:logGet(43)) - raft.server.log.segment.cache.num.max = 2 (custom)
2019-09-19 13:19:17,230 [pool-62-thread-1] INFO  segmented.SegmentedRaftLogWorker (SegmentedRaftLogWorker.java:<init>(172)) - new e1dbae64-cf0d-4764-8f6b-75ab46773947@group-8C349708BE36-SegmentedRaftLogWorker for RaftStorage:Storage Directory /workdir/hadoop-ozone/integration-test/target/test-dir/MiniOzoneClusterImpl-e9843695-6be0-4f8f-b95a-59679a9cffc8/datanode-3/data/ratis/41c256bd-32cc-4cc2-b114-8c349708be36
2019-09-19 13:19:17,236 [pool-62-thread-1] INFO  server.RaftServerConfigKeys (ConfUtils.java:logGet(43)) - raft.server.log.queue.byte-limit = 2147483647 (custom)
2019-09-19 13:19:17,236 [pool-62-thread-1] INFO  server.RaftServerConfigKeys (ConfUtils.java:logGet(43)) - raft.server.log.queue.element-limit = 1024 (custom)
2019-09-19 13:19:17,236 [pool-62-thread-1] INFO  server.RaftServerConfigKeys (ConfUtils.java:logGet(43)) - raft.server.log.segment.size.max = 1048576 (custom)
2019-09-19 13:19:17,237 [pool-62-thread-1] INFO  server.RaftServerConfigKeys (ConfUtils.java:logGet(43)) - raft.server.log.preallocated.size = 16384 (custom)
2019-09-19 13:19:17,237 [pool-62-thread-1] INFO  server.RaftServerConfigKeys (ConfUtils.java:logGet(43)) - raft.server.log.write.buffer.size = 33554432 (custom)
2019-09-19 13:19:17,238 [pool-62-thread-1] INFO  server.RaftServerConfigKeys (ConfUtils.java:logGet(43)) - raft.server.log.force.sync.num = 128 (default)
2019-09-19 13:19:17,238 [pool-62-thread-1] INFO  server.RaftServerConfigKeys (ConfUtils.java:logGet(43)) - raft.server.log.statemachine.data.sync = true (default)
2019-09-19 13:19:17,238 [pool-62-thread-1] INFO  server.RaftServerConfigKeys (ConfUtils.java:logGet(43)) - raft.server.log.statemachine.data.sync.timeout = 10s (default)
2019-09-19 13:19:17,239 [pool-62-thread-1] INFO  server.RaftServerConfigKeys (ConfUtils.java:logGet(43)) - raft.server.log.statemachine.data.sync.timeout.retry = -1 (default)
2019-09-19 13:19:17,240 [pool-62-thread-1] INFO  server.RaftServerConfigKeys (ConfUtils.java:logGet(43)) - raft.server.log.statemachine.data.caching.enabled = true (custom)
2019-09-19 13:19:17,240 [pool-62-thread-1] INFO  segmented.SegmentedRaftLogWorker (SegmentedRaftLogWorker.java:lambda$new$0(132)) - e1dbae64-cf0d-4764-8f6b-75ab46773947@group-8C349708BE36-SegmentedRaftLogWorker: flushIndex: setUnconditionally 0 -> -1
2019-09-19 13:19:17,241 [pool-62-thread-1] INFO  server.RaftServerConfigKeys (ConfUtils.java:logGet(43)) - raft.server.snapshot.auto.trigger.enabled = true (custom)
2019-09-19 13:19:17,241 [pool-62-thread-1] INFO  server.RaftServerConfigKeys (ConfUtils.java:logGet(43)) - raft.server.snapshot.auto.trigger.threshold = 10000 (custom)
2019-09-19 13:19:17,241 [pool-62-thread-1] INFO  server.RaftServerConfigKeys (ConfUtils.java:logGet(43)) - raft.server.snapshot.retention.num.files = 5 (custom)
2019-09-19 13:19:17,242 [pool-62-thread-1] INFO  server.RaftServerConfigKeys (ConfUtils.java:logGet(43)) - raft.server.retrycache.expirytime = 600000ms (custom)
2019-09-19 13:19:17,248 [pool-62-thread-1] INFO  impl.RaftServerImpl (RaftServerImpl.java:start(185)) - e1dbae64-cf0d-4764-8f6b-75ab46773947@group-8C349708BE36: start as a follower, conf=-1: [e1dbae64-cf0d-4764-8f6b-75ab46773947:192.168.34.51:44293], old=null
2019-09-19 13:19:17,249 [pool-62-thread-1] INFO  impl.RaftServerImpl (RaftServerImpl.java:setRole(174)) - e1dbae64-cf0d-4764-8f6b-75ab46773947@group-8C349708BE36: changes role from      null to FOLLOWER at term 0 for startAsFollower
2019-09-19 13:19:17,249 [pool-62-thread-1] INFO  impl.RoleInfo (RoleInfo.java:updateAndGet(143)) - e1dbae64-cf0d-4764-8f6b-75ab46773947: start FollowerState
2019-09-19 13:19:17,250 [pool-62-thread-1] INFO  util.JmxRegister (JmxRegister.java:tryRegister(44)) - Successfully registered JMX Bean with object name Ratis:service=RaftServer,group=group-8C349708BE36,id=e1dbae64-cf0d-4764-8f6b-75ab46773947
2019-09-19 13:19:17,262 [RatisPipelineUtilsThread] INFO  pipeline.PipelineStateManager (PipelineStateManager.java:addPipeline(56)) - Created pipeline Pipeline[ Id: 41c256bd-32cc-4cc2-b114-8c349708be36, Nodes: e1dbae64-cf0d-4764-8f6b-75ab46773947{ip: 192.168.34.51, host: pr-hdds-1982-decom-states-fm625-96302961, networkLocation: /rack1, certSerialId: null}, Type:RATIS, Factor:ONE, State:OPEN]
2019-09-19 13:19:17,299 [grpc-default-executor-1] INFO  impl.RaftServerProxy (RaftServerProxy.java:addNew(89)) - a7f12d17-eb83-47c7-8d7f-ed96e50c5fd6: addNew group-7D066B7D5462:[4ee3e14a-7ab2-47e7-be3c-5d35c46c381a:192.168.34.51:45559, a7f12d17-eb83-47c7-8d7f-ed96e50c5fd6:192.168.34.51:40348, e63c54ba-3a89-40c5-ad1a-fb08daaba513:192.168.34.51:36195] returns group-7D066B7D5462:java.util.concurrent.CompletableFuture@1259efde[Not completed]
2019-09-19 13:19:17,305 [grpc-default-executor-1] INFO  impl.RaftServerProxy (RaftServerProxy.java:addNew(89)) - e63c54ba-3a89-40c5-ad1a-fb08daaba513: addNew group-7D066B7D5462:[4ee3e14a-7ab2-47e7-be3c-5d35c46c381a:192.168.34.51:45559, a7f12d17-eb83-47c7-8d7f-ed96e50c5fd6:192.168.34.51:40348, e63c54ba-3a89-40c5-ad1a-fb08daaba513:192.168.34.51:36195] returns group-7D066B7D5462:java.util.concurrent.CompletableFuture@43cb1940[Not completed]
2019-09-19 13:19:17,306 [pool-42-thread-1] INFO  impl.RaftServerImpl (RaftServerImpl.java:<init>(95)) - a7f12d17-eb83-47c7-8d7f-ed96e50c5fd6: new RaftServerImpl for group-7D066B7D5462:[4ee3e14a-7ab2-47e7-be3c-5d35c46c381a:192.168.34.51:45559, a7f12d17-eb83-47c7-8d7f-ed96e50c5fd6:192.168.34.51:40348, e63c54ba-3a89-40c5-ad1a-fb08daaba513:192.168.34.51:36195] with ContainerStateMachine:uninitialized
2019-09-19 13:19:17,306 [pool-42-thread-1] INFO  server.RaftServerConfigKeys (ConfUtils.java:logGet(43)) - raft.server.rpc.timeout.min = 5s (custom)
2019-09-19 13:19:17,307 [pool-42-thread-1] INFO  server.RaftServerConfigKeys (ConfUtils.java:logGet(43)) - raft.server.rpc.timeout.max = 5200ms (custom)
2019-09-19 13:19:17,307 [pool-42-thread-1] INFO  server.RaftServerConfigKeys (ConfUtils.java:logGet(43)) - raft.server.rpcslowness.timeout = 120s (custom)
2019-09-19 13:19:17,307 [pool-42-thread-1] INFO  server.RaftServerConfigKeys (ConfUtils.java:logGet(43)) - raft.server.sleep.deviation.threshold = 300 (default)
2019-09-19 13:19:17,307 [grpc-default-executor-1] INFO  impl.RaftServerProxy (RaftServerProxy.java:addNew(89)) - 4ee3e14a-7ab2-47e7-be3c-5d35c46c381a: addNew group-7D066B7D5462:[4ee3e14a-7ab2-47e7-be3c-5d35c46c381a:192.168.34.51:45559, a7f12d17-eb83-47c7-8d7f-ed96e50c5fd6:192.168.34.51:40348, e63c54ba-3a89-40c5-ad1a-fb08daaba513:192.168.34.51:36195] returns group-7D066B7D5462:java.util.concurrent.CompletableFuture@66c680da[Not completed]
2019-09-19 13:19:17,307 [pool-42-thread-1] INFO  server.RaftServerConfigKeys (ConfUtils.java:logGet(43)) - raft.server.log.appender.install.snapshot.enabled = false (custom)
2019-09-19 13:19:17,307 [pool-42-thread-1] INFO  impl.RaftServerImpl (ServerState.java:<init>(103)) - a7f12d17-eb83-47c7-8d7f-ed96e50c5fd6@group-7D066B7D5462: ConfigurationManager, init=-1: [4ee3e14a-7ab2-47e7-be3c-5d35c46c381a:192.168.34.51:45559, a7f12d17-eb83-47c7-8d7f-ed96e50c5fd6:192.168.34.51:40348, e63c54ba-3a89-40c5-ad1a-fb08daaba513:192.168.34.51:36195], old=null, confs=<EMPTY_MAP>
2019-09-19 13:19:17,307 [pool-52-thread-1] INFO  impl.RaftServerImpl (RaftServerImpl.java:<init>(95)) - e63c54ba-3a89-40c5-ad1a-fb08daaba513: new RaftServerImpl for group-7D066B7D5462:[4ee3e14a-7ab2-47e7-be3c-5d35c46c381a:192.168.34.51:45559, a7f12d17-eb83-47c7-8d7f-ed96e50c5fd6:192.168.34.51:40348, e63c54ba-3a89-40c5-ad1a-fb08daaba513:192.168.34.51:36195] with ContainerStateMachine:uninitialized
2019-09-19 13:19:17,307 [pool-42-thread-1] INFO  server.RaftServerConfigKeys (ConfUtils.java:logGet(43)) - raft.server.storage.dir = [/workdir/hadoop-ozone/integration-test/target/test-dir/MiniOzoneClusterImpl-e9843695-6be0-4f8f-b95a-59679a9cffc8/datanode-1/data/ratis] (custom)
2019-09-19 13:19:17,308 [pool-52-thread-1] INFO  server.RaftServerConfigKeys (ConfUtils.java:logGet(43)) - raft.server.rpc.timeout.min = 5s (custom)
2019-09-19 13:19:17,308 [pool-52-thread-1] INFO  server.RaftServerConfigKeys (ConfUtils.java:logGet(43)) - raft.server.rpc.timeout.max = 5200ms (custom)
2019-09-19 13:19:17,308 [pool-42-thread-1] INFO  storage.RaftStorageDirectory (RaftStorageDirectory.java:analyzeStorage(246)) - The storage directory /workdir/hadoop-ozone/integration-test/target/test-dir/MiniOzoneClusterImpl-e9843695-6be0-4f8f-b95a-59679a9cffc8/datanode-1/data/ratis/10f373d2-a54c-4bf4-831c-7d066b7d5462 does not exist. Creating ...
2019-09-19 13:19:17,308 [pool-52-thread-1] INFO  server.RaftServerConfigKeys (ConfUtils.java:logGet(43)) - raft.server.rpcslowness.timeout = 120s (custom)
2019-09-19 13:19:17,308 [pool-52-thread-1] INFO  server.RaftServerConfigKeys (ConfUtils.java:logGet(43)) - raft.server.sleep.deviation.threshold = 300 (default)
2019-09-19 13:19:17,308 [pool-52-thread-1] INFO  server.RaftServerConfigKeys (ConfUtils.java:logGet(43)) - raft.server.log.appender.install.snapshot.enabled = false (custom)
2019-09-19 13:19:17,308 [pool-52-thread-1] INFO  impl.RaftServerImpl (ServerState.java:<init>(103)) - e63c54ba-3a89-40c5-ad1a-fb08daaba513@group-7D066B7D5462: ConfigurationManager, init=-1: [4ee3e14a-7ab2-47e7-be3c-5d35c46c381a:192.168.34.51:45559, a7f12d17-eb83-47c7-8d7f-ed96e50c5fd6:192.168.34.51:40348, e63c54ba-3a89-40c5-ad1a-fb08daaba513:192.168.34.51:36195], old=null, confs=<EMPTY_MAP>
2019-09-19 13:19:17,309 [pool-52-thread-1] INFO  server.RaftServerConfigKeys (ConfUtils.java:logGet(43)) - raft.server.storage.dir = [/workdir/hadoop-ozone/integration-test/target/test-dir/MiniOzoneClusterImpl-e9843695-6be0-4f8f-b95a-59679a9cffc8/datanode-2/data/ratis] (custom)
2019-09-19 13:19:17,309 [pool-32-thread-1] INFO  impl.RaftServerImpl (RaftServerImpl.java:<init>(95)) - 4ee3e14a-7ab2-47e7-be3c-5d35c46c381a: new RaftServerImpl for group-7D066B7D5462:[4ee3e14a-7ab2-47e7-be3c-5d35c46c381a:192.168.34.51:45559, a7f12d17-eb83-47c7-8d7f-ed96e50c5fd6:192.168.34.51:40348, e63c54ba-3a89-40c5-ad1a-fb08daaba513:192.168.34.51:36195] with ContainerStateMachine:uninitialized
2019-09-19 13:19:17,309 [pool-52-thread-1] INFO  storage.RaftStorageDirectory (RaftStorageDirectory.java:analyzeStorage(246)) - The storage directory /workdir/hadoop-ozone/integration-test/target/test-dir/MiniOzoneClusterImpl-e9843695-6be0-4f8f-b95a-59679a9cffc8/datanode-2/data/ratis/10f373d2-a54c-4bf4-831c-7d066b7d5462 does not exist. Creating ...
2019-09-19 13:19:17,309 [pool-32-thread-1] INFO  server.RaftServerConfigKeys (ConfUtils.java:logGet(43)) - raft.server.rpc.timeout.min = 5s (custom)
2019-09-19 13:19:17,309 [pool-32-thread-1] INFO  server.RaftServerConfigKeys (ConfUtils.java:logGet(43)) - raft.server.rpc.timeout.max = 5200ms (custom)
2019-09-19 13:19:17,310 [pool-32-thread-1] INFO  server.RaftServerConfigKeys (ConfUtils.java:logGet(43)) - raft.server.rpcslowness.timeout = 120s (custom)
2019-09-19 13:19:17,310 [pool-32-thread-1] INFO  server.RaftServerConfigKeys (ConfUtils.java:logGet(43)) - raft.server.sleep.deviation.threshold = 300 (default)
2019-09-19 13:19:17,310 [pool-32-thread-1] INFO  server.RaftServerConfigKeys (ConfUtils.java:logGet(43)) - raft.server.log.appender.install.snapshot.enabled = false (custom)
2019-09-19 13:19:17,310 [pool-32-thread-1] INFO  impl.RaftServerImpl (ServerState.java:<init>(103)) - 4ee3e14a-7ab2-47e7-be3c-5d35c46c381a@group-7D066B7D5462: ConfigurationManager, init=-1: [4ee3e14a-7ab2-47e7-be3c-5d35c46c381a:192.168.34.51:45559, a7f12d17-eb83-47c7-8d7f-ed96e50c5fd6:192.168.34.51:40348, e63c54ba-3a89-40c5-ad1a-fb08daaba513:192.168.34.51:36195], old=null, confs=<EMPTY_MAP>
2019-09-19 13:19:17,310 [pool-32-thread-1] INFO  server.RaftServerConfigKeys (ConfUtils.java:logGet(43)) - raft.server.storage.dir = [/workdir/hadoop-ozone/integration-test/target/test-dir/MiniOzoneClusterImpl-e9843695-6be0-4f8f-b95a-59679a9cffc8/datanode-0/data/ratis] (custom)
2019-09-19 13:19:17,311 [pool-32-thread-1] INFO  storage.RaftStorageDirectory (RaftStorageDirectory.java:analyzeStorage(246)) - The storage directory /workdir/hadoop-ozone/integration-test/target/test-dir/MiniOzoneClusterImpl-e9843695-6be0-4f8f-b95a-59679a9cffc8/datanode-0/data/ratis/10f373d2-a54c-4bf4-831c-7d066b7d5462 does not exist. Creating ...
2019-09-19 13:19:17,321 [pool-32-thread-1] INFO  storage.RaftStorageDirectory (RaftStorageDirectory.java:tryLock(328)) - Lock on /workdir/hadoop-ozone/integration-test/target/test-dir/MiniOzoneClusterImpl-e9843695-6be0-4f8f-b95a-59679a9cffc8/datanode-0/data/ratis/10f373d2-a54c-4bf4-831c-7d066b7d5462/in_use.lock acquired by nodename 2740@pr-hdds-1982-decom-states-fm625-96302961
2019-09-19 13:19:17,321 [pool-52-thread-1] INFO  storage.RaftStorageDirectory (RaftStorageDirectory.java:tryLock(328)) - Lock on /workdir/hadoop-ozone/integration-test/target/test-dir/MiniOzoneClusterImpl-e9843695-6be0-4f8f-b95a-59679a9cffc8/datanode-2/data/ratis/10f373d2-a54c-4bf4-831c-7d066b7d5462/in_use.lock acquired by nodename 2740@pr-hdds-1982-decom-states-fm625-96302961
2019-09-19 13:19:17,321 [pool-42-thread-1] INFO  storage.RaftStorageDirectory (RaftStorageDirectory.java:tryLock(328)) - Lock on /workdir/hadoop-ozone/integration-test/target/test-dir/MiniOzoneClusterImpl-e9843695-6be0-4f8f-b95a-59679a9cffc8/datanode-1/data/ratis/10f373d2-a54c-4bf4-831c-7d066b7d5462/in_use.lock acquired by nodename 2740@pr-hdds-1982-decom-states-fm625-96302961
2019-09-19 13:19:17,335 [pool-52-thread-1] INFO  storage.RaftStorage (RaftStorage.java:format(72)) - Storage directory /workdir/hadoop-ozone/integration-test/target/test-dir/MiniOzoneClusterImpl-e9843695-6be0-4f8f-b95a-59679a9cffc8/datanode-2/data/ratis/10f373d2-a54c-4bf4-831c-7d066b7d5462 has been successfully formatted.
2019-09-19 13:19:17,335 [pool-32-thread-1] INFO  storage.RaftStorage (RaftStorage.java:format(72)) - Storage directory /workdir/hadoop-ozone/integration-test/target/test-dir/MiniOzoneClusterImpl-e9843695-6be0-4f8f-b95a-59679a9cffc8/datanode-0/data/ratis/10f373d2-a54c-4bf4-831c-7d066b7d5462 has been successfully formatted.
2019-09-19 13:19:17,335 [pool-42-thread-1] INFO  storage.RaftStorage (RaftStorage.java:format(72)) - Storage directory /workdir/hadoop-ozone/integration-test/target/test-dir/MiniOzoneClusterImpl-e9843695-6be0-4f8f-b95a-59679a9cffc8/datanode-1/data/ratis/10f373d2-a54c-4bf4-831c-7d066b7d5462 has been successfully formatted.
2019-09-19 13:19:17,335 [pool-52-thread-1] INFO  ratis.ContainerStateMachine (ContainerStateMachine.java:loadSnapshot(230)) - group-7D066B7D5462: The snapshot info is null. Setting the last applied indexto:(t:0, i:~)
2019-09-19 13:19:17,335 [pool-32-thread-1] INFO  ratis.ContainerStateMachine (ContainerStateMachine.java:loadSnapshot(230)) - group-7D066B7D5462: The snapshot info is null. Setting the last applied indexto:(t:0, i:~)
2019-09-19 13:19:17,336 [pool-42-thread-1] INFO  ratis.ContainerStateMachine (ContainerStateMachine.java:loadSnapshot(230)) - group-7D066B7D5462: The snapshot info is null. Setting the last applied indexto:(t:0, i:~)
2019-09-19 13:19:17,336 [pool-52-thread-1] INFO  server.RaftServerConfigKeys (ConfUtils.java:logGet(43)) - raft.server.notification.no-leader.timeout = 120s (custom)
2019-09-19 13:19:17,336 [pool-42-thread-1] INFO  server.RaftServerConfigKeys (ConfUtils.java:logGet(43)) - raft.server.notification.no-leader.timeout = 120s (custom)
2019-09-19 13:19:17,336 [pool-32-thread-1] INFO  server.RaftServerConfigKeys (ConfUtils.java:logGet(43)) - raft.server.notification.no-leader.timeout = 120s (custom)
2019-09-19 13:19:17,336 [pool-42-thread-1] INFO  server.RaftServerConfigKeys (ConfUtils.java:logGet(43)) - raft.server.log.use.memory = false (default)
2019-09-19 13:19:17,336 [pool-52-thread-1] INFO  server.RaftServerConfigKeys (ConfUtils.java:logGet(43)) - raft.server.log.use.memory = false (default)
2019-09-19 13:19:17,337 [pool-42-thread-1] INFO  server.RaftServerConfigKeys (ConfUtils.java:logGet(43)) - raft.server.log.purge.gap = 1000000 (custom)
2019-09-19 13:19:17,336 [pool-32-thread-1] INFO  server.RaftServerConfigKeys (ConfUtils.java:logGet(43)) - raft.server.log.use.memory = false (default)
2019-09-19 13:19:17,337 [pool-42-thread-1] INFO  server.RaftServerConfigKeys (ConfUtils.java:logGet(43)) - raft.server.log.appender.buffer.byte-limit = 33554432 (custom)
2019-09-19 13:19:17,337 [pool-52-thread-1] INFO  server.RaftServerConfigKeys (ConfUtils.java:logGet(43)) - raft.server.log.purge.gap = 1000000 (custom)
2019-09-19 13:19:17,337 [pool-42-thread-1] INFO  server.RaftServerConfigKeys (ConfUtils.java:logGet(43)) - raft.server.log.segment.size.max = 1048576 (custom)
2019-09-19 13:19:17,337 [pool-32-thread-1] INFO  server.RaftServerConfigKeys (ConfUtils.java:logGet(43)) - raft.server.log.purge.gap = 1000000 (custom)
2019-09-19 13:19:17,338 [pool-42-thread-1] INFO  server.RaftServerConfigKeys (ConfUtils.java:logGet(43)) - raft.server.log.segment.cache.num.max = 2 (custom)
2019-09-19 13:19:17,338 [pool-52-thread-1] INFO  server.RaftServerConfigKeys (ConfUtils.java:logGet(43)) - raft.server.log.appender.buffer.byte-limit = 33554432 (custom)
2019-09-19 13:19:17,338 [pool-42-thread-1] INFO  segmented.SegmentedRaftLogWorker (SegmentedRaftLogWorker.java:<init>(172)) - new a7f12d17-eb83-47c7-8d7f-ed96e50c5fd6@group-7D066B7D5462-SegmentedRaftLogWorker for RaftStorage:Storage Directory /workdir/hadoop-ozone/integration-test/target/test-dir/MiniOzoneClusterImpl-e9843695-6be0-4f8f-b95a-59679a9cffc8/datanode-1/data/ratis/10f373d2-a54c-4bf4-831c-7d066b7d5462
2019-09-19 13:19:17,338 [pool-32-thread-1] INFO  server.RaftServerConfigKeys (ConfUtils.java:logGet(43)) - raft.server.log.appender.buffer.byte-limit = 33554432 (custom)
2019-09-19 13:19:17,338 [pool-42-thread-1] INFO  server.RaftServerConfigKeys (ConfUtils.java:logGet(43)) - raft.server.log.queue.byte-limit = 2147483647 (custom)
2019-09-19 13:19:17,338 [pool-52-thread-1] INFO  server.RaftServerConfigKeys (ConfUtils.java:logGet(43)) - raft.server.log.segment.size.max = 1048576 (custom)
2019-09-19 13:19:17,339 [pool-42-thread-1] INFO  server.RaftServerConfigKeys (ConfUtils.java:logGet(43)) - raft.server.log.queue.element-limit = 1024 (custom)
2019-09-19 13:19:17,339 [pool-32-thread-1] INFO  server.RaftServerConfigKeys (ConfUtils.java:logGet(43)) - raft.server.log.segment.size.max = 1048576 (custom)
2019-09-19 13:19:17,339 [pool-42-thread-1] INFO  server.RaftServerConfigKeys (ConfUtils.java:logGet(43)) - raft.server.log.segment.size.max = 1048576 (custom)
2019-09-19 13:19:17,339 [pool-52-thread-1] INFO  server.RaftServerConfigKeys (ConfUtils.java:logGet(43)) - raft.server.log.segment.cache.num.max = 2 (custom)
2019-09-19 13:19:17,339 [pool-42-thread-1] INFO  server.RaftServerConfigKeys (ConfUtils.java:logGet(43)) - raft.server.log.preallocated.size = 16384 (custom)
2019-09-19 13:19:17,339 [pool-32-thread-1] INFO  server.RaftServerConfigKeys (ConfUtils.java:logGet(43)) - raft.server.log.segment.cache.num.max = 2 (custom)
2019-09-19 13:19:17,340 [pool-42-thread-1] INFO  server.RaftServerConfigKeys (ConfUtils.java:logGet(43)) - raft.server.log.write.buffer.size = 33554432 (custom)
2019-09-19 13:19:17,340 [pool-52-thread-1] INFO  segmented.SegmentedRaftLogWorker (SegmentedRaftLogWorker.java:<init>(172)) - new e63c54ba-3a89-40c5-ad1a-fb08daaba513@group-7D066B7D5462-SegmentedRaftLogWorker for RaftStorage:Storage Directory /workdir/hadoop-ozone/integration-test/target/test-dir/MiniOzoneClusterImpl-e9843695-6be0-4f8f-b95a-59679a9cffc8/datanode-2/data/ratis/10f373d2-a54c-4bf4-831c-7d066b7d5462
2019-09-19 13:19:17,340 [pool-42-thread-1] INFO  server.RaftServerConfigKeys (ConfUtils.java:logGet(43)) - raft.server.log.force.sync.num = 128 (default)
2019-09-19 13:19:17,340 [pool-32-thread-1] INFO  segmented.SegmentedRaftLogWorker (SegmentedRaftLogWorker.java:<init>(172)) - new 4ee3e14a-7ab2-47e7-be3c-5d35c46c381a@group-7D066B7D5462-SegmentedRaftLogWorker for RaftStorage:Storage Directory /workdir/hadoop-ozone/integration-test/target/test-dir/MiniOzoneClusterImpl-e9843695-6be0-4f8f-b95a-59679a9cffc8/datanode-0/data/ratis/10f373d2-a54c-4bf4-831c-7d066b7d5462
2019-09-19 13:19:17,340 [pool-42-thread-1] INFO  server.RaftServerConfigKeys (ConfUtils.java:logGet(43)) - raft.server.log.statemachine.data.sync = true (default)
2019-09-19 13:19:17,340 [pool-52-thread-1] INFO  server.RaftServerConfigKeys (ConfUtils.java:logGet(43)) - raft.server.log.queue.byte-limit = 2147483647 (custom)
2019-09-19 13:19:17,341 [pool-42-thread-1] INFO  server.RaftServerConfigKeys (ConfUtils.java:logGet(43)) - raft.server.log.statemachine.data.sync.timeout = 10s (default)
2019-09-19 13:19:17,341 [pool-32-thread-1] INFO  server.RaftServerConfigKeys (ConfUtils.java:logGet(43)) - raft.server.log.queue.byte-limit = 2147483647 (custom)
2019-09-19 13:19:17,341 [pool-42-thread-1] INFO  server.RaftServerConfigKeys (ConfUtils.java:logGet(43)) - raft.server.log.statemachine.data.sync.timeout.retry = -1 (default)
2019-09-19 13:19:17,341 [pool-52-thread-1] INFO  server.RaftServerConfigKeys (ConfUtils.java:logGet(43)) - raft.server.log.queue.element-limit = 1024 (custom)
2019-09-19 13:19:17,342 [pool-42-thread-1] INFO  server.RaftServerConfigKeys (ConfUtils.java:logGet(43)) - raft.server.log.statemachine.data.caching.enabled = true (custom)
2019-09-19 13:19:17,341 [pool-32-thread-1] INFO  server.RaftServerConfigKeys (ConfUtils.java:logGet(43)) - raft.server.log.queue.element-limit = 1024 (custom)
2019-09-19 13:19:17,342 [pool-52-thread-1] INFO  server.RaftServerConfigKeys (ConfUtils.java:logGet(43)) - raft.server.log.segment.size.max = 1048576 (custom)
2019-09-19 13:19:17,342 [pool-42-thread-1] INFO  segmented.SegmentedRaftLogWorker (SegmentedRaftLogWorker.java:lambda$new$0(132)) - a7f12d17-eb83-47c7-8d7f-ed96e50c5fd6@group-7D066B7D5462-SegmentedRaftLogWorker: flushIndex: setUnconditionally 0 -> -1
2019-09-19 13:19:17,342 [pool-32-thread-1] INFO  server.RaftServerConfigKeys (ConfUtils.java:logGet(43)) - raft.server.log.segment.size.max = 1048576 (custom)
2019-09-19 13:19:17,342 [pool-52-thread-1] INFO  server.RaftServerConfigKeys (ConfUtils.java:logGet(43)) - raft.server.log.preallocated.size = 16384 (custom)
2019-09-19 13:19:17,343 [pool-42-thread-1] INFO  server.RaftServerConfigKeys (ConfUtils.java:logGet(43)) - raft.server.snapshot.auto.trigger.enabled = true (custom)
2019-09-19 13:19:17,343 [pool-32-thread-1] INFO  server.RaftServerConfigKeys (ConfUtils.java:logGet(43)) - raft.server.log.preallocated.size = 16384 (custom)
2019-09-19 13:19:17,343 [pool-42-thread-1] INFO  server.RaftServerConfigKeys (ConfUtils.java:logGet(43)) - raft.server.snapshot.auto.trigger.threshold = 10000 (custom)
2019-09-19 13:19:17,343 [pool-52-thread-1] INFO  server.RaftServerConfigKeys (ConfUtils.java:logGet(43)) - raft.server.log.write.buffer.size = 33554432 (custom)
2019-09-19 13:19:17,343 [pool-42-thread-1] INFO  server.RaftServerConfigKeys (ConfUtils.java:logGet(43)) - raft.server.snapshot.retention.num.files = 5 (custom)
2019-09-19 13:19:17,343 [pool-32-thread-1] INFO  server.RaftServerConfigKeys (ConfUtils.java:logGet(43)) - raft.server.log.write.buffer.size = 33554432 (custom)
2019-09-19 13:19:17,344 [pool-42-thread-1] INFO  server.RaftServerConfigKeys (ConfUtils.java:logGet(43)) - raft.server.retrycache.expirytime = 600000ms (custom)
2019-09-19 13:19:17,343 [pool-52-thread-1] INFO  server.RaftServerConfigKeys (ConfUtils.java:logGet(43)) - raft.server.log.force.sync.num = 128 (default)
2019-09-19 13:19:17,344 [pool-32-thread-1] INFO  server.RaftServerConfigKeys (ConfUtils.java:logGet(43)) - raft.server.log.force.sync.num = 128 (default)
2019-09-19 13:19:17,344 [pool-52-thread-1] INFO  server.RaftServerConfigKeys (ConfUtils.java:logGet(43)) - raft.server.log.statemachine.data.sync = true (default)
2019-09-19 13:19:17,344 [pool-32-thread-1] INFO  server.RaftServerConfigKeys (ConfUtils.java:logGet(43)) - raft.server.log.statemachine.data.sync = true (default)
2019-09-19 13:19:17,344 [pool-52-thread-1] INFO  server.RaftServerConfigKeys (ConfUtils.java:logGet(43)) - raft.server.log.statemachine.data.sync.timeout = 10s (default)
2019-09-19 13:19:17,345 [pool-32-thread-1] INFO  server.RaftServerConfigKeys (ConfUtils.java:logGet(43)) - raft.server.log.statemachine.data.sync.timeout = 10s (default)
2019-09-19 13:19:17,345 [pool-52-thread-1] INFO  server.RaftServerConfigKeys (ConfUtils.java:logGet(43)) - raft.server.log.statemachine.data.sync.timeout.retry = -1 (default)
2019-09-19 13:19:17,345 [pool-32-thread-1] INFO  server.RaftServerConfigKeys (ConfUtils.java:logGet(43)) - raft.server.log.statemachine.data.sync.timeout.retry = -1 (default)
2019-09-19 13:19:17,345 [pool-52-thread-1] INFO  server.RaftServerConfigKeys (ConfUtils.java:logGet(43)) - raft.server.log.statemachine.data.caching.enabled = true (custom)
2019-09-19 13:19:17,345 [pool-32-thread-1] INFO  server.RaftServerConfigKeys (ConfUtils.java:logGet(43)) - raft.server.log.statemachine.data.caching.enabled = true (custom)
2019-09-19 13:19:17,346 [pool-52-thread-1] INFO  segmented.SegmentedRaftLogWorker (SegmentedRaftLogWorker.java:lambda$new$0(132)) - e63c54ba-3a89-40c5-ad1a-fb08daaba513@group-7D066B7D5462-SegmentedRaftLogWorker: flushIndex: setUnconditionally 0 -> -1
2019-09-19 13:19:17,346 [pool-32-thread-1] INFO  segmented.SegmentedRaftLogWorker (SegmentedRaftLogWorker.java:lambda$new$0(132)) - 4ee3e14a-7ab2-47e7-be3c-5d35c46c381a@group-7D066B7D5462-SegmentedRaftLogWorker: flushIndex: setUnconditionally 0 -> -1
2019-09-19 13:19:17,346 [pool-52-thread-1] INFO  server.RaftServerConfigKeys (ConfUtils.java:logGet(43)) - raft.server.snapshot.auto.trigger.enabled = true (custom)
2019-09-19 13:19:17,346 [pool-32-thread-1] INFO  server.RaftServerConfigKeys (ConfUtils.java:logGet(43)) - raft.server.snapshot.auto.trigger.enabled = true (custom)
2019-09-19 13:19:17,346 [pool-52-thread-1] INFO  server.RaftServerConfigKeys (ConfUtils.java:logGet(43)) - raft.server.snapshot.auto.trigger.threshold = 10000 (custom)
2019-09-19 13:19:17,346 [pool-32-thread-1] INFO  server.RaftServerConfigKeys (ConfUtils.java:logGet(43)) - raft.server.snapshot.auto.trigger.threshold = 10000 (custom)
2019-09-19 13:19:17,347 [pool-52-thread-1] INFO  server.RaftServerConfigKeys (ConfUtils.java:logGet(43)) - raft.server.snapshot.retention.num.files = 5 (custom)
2019-09-19 13:19:17,347 [pool-32-thread-1] INFO  server.RaftServerConfigKeys (ConfUtils.java:logGet(43)) - raft.server.snapshot.retention.num.files = 5 (custom)
2019-09-19 13:19:17,347 [pool-52-thread-1] INFO  server.RaftServerConfigKeys (ConfUtils.java:logGet(43)) - raft.server.retrycache.expirytime = 600000ms (custom)
2019-09-19 13:19:17,347 [pool-32-thread-1] INFO  server.RaftServerConfigKeys (ConfUtils.java:logGet(43)) - raft.server.retrycache.expirytime = 600000ms (custom)
2019-09-19 13:19:17,347 [pool-42-thread-1] INFO  impl.RaftServerImpl (RaftServerImpl.java:start(185)) - a7f12d17-eb83-47c7-8d7f-ed96e50c5fd6@group-7D066B7D5462: start as a follower, conf=-1: [4ee3e14a-7ab2-47e7-be3c-5d35c46c381a:192.168.34.51:45559, a7f12d17-eb83-47c7-8d7f-ed96e50c5fd6:192.168.34.51:40348, e63c54ba-3a89-40c5-ad1a-fb08daaba513:192.168.34.51:36195], old=null
2019-09-19 13:19:17,348 [pool-42-thread-1] INFO  impl.RaftServerImpl (RaftServerImpl.java:setRole(174)) - a7f12d17-eb83-47c7-8d7f-ed96e50c5fd6@group-7D066B7D5462: changes role from      null to FOLLOWER at term 0 for startAsFollower
2019-09-19 13:19:17,348 [pool-42-thread-1] INFO  impl.RoleInfo (RoleInfo.java:updateAndGet(143)) - a7f12d17-eb83-47c7-8d7f-ed96e50c5fd6: start FollowerState
2019-09-19 13:19:17,348 [pool-42-thread-1] INFO  util.JmxRegister (JmxRegister.java:tryRegister(44)) - Successfully registered JMX Bean with object name Ratis:service=RaftServer,group=group-7D066B7D5462,id=a7f12d17-eb83-47c7-8d7f-ed96e50c5fd6
2019-09-19 13:19:17,353 [pool-52-thread-1] INFO  impl.RaftServerImpl (RaftServerImpl.java:start(185)) - e63c54ba-3a89-40c5-ad1a-fb08daaba513@group-7D066B7D5462: start as a follower, conf=-1: [4ee3e14a-7ab2-47e7-be3c-5d35c46c381a:192.168.34.51:45559, a7f12d17-eb83-47c7-8d7f-ed96e50c5fd6:192.168.34.51:40348, e63c54ba-3a89-40c5-ad1a-fb08daaba513:192.168.34.51:36195], old=null
2019-09-19 13:19:17,353 [pool-52-thread-1] INFO  impl.RaftServerImpl (RaftServerImpl.java:setRole(174)) - e63c54ba-3a89-40c5-ad1a-fb08daaba513@group-7D066B7D5462: changes role from      null to FOLLOWER at term 0 for startAsFollower
2019-09-19 13:19:17,353 [pool-32-thread-1] INFO  impl.RaftServerImpl (RaftServerImpl.java:start(185)) - 4ee3e14a-7ab2-47e7-be3c-5d35c46c381a@group-7D066B7D5462: start as a follower, conf=-1: [4ee3e14a-7ab2-47e7-be3c-5d35c46c381a:192.168.34.51:45559, a7f12d17-eb83-47c7-8d7f-ed96e50c5fd6:192.168.34.51:40348, e63c54ba-3a89-40c5-ad1a-fb08daaba513:192.168.34.51:36195], old=null
2019-09-19 13:19:17,354 [pool-52-thread-1] INFO  impl.RoleInfo (RoleInfo.java:updateAndGet(143)) - e63c54ba-3a89-40c5-ad1a-fb08daaba513: start FollowerState
2019-09-19 13:19:17,354 [pool-32-thread-1] INFO  impl.RaftServerImpl (RaftServerImpl.java:setRole(174)) - 4ee3e14a-7ab2-47e7-be3c-5d35c46c381a@group-7D066B7D5462: changes role from      null to FOLLOWER at term 0 for startAsFollower
2019-09-19 13:19:17,356 [pool-32-thread-1] INFO  impl.RoleInfo (RoleInfo.java:updateAndGet(143)) - 4ee3e14a-7ab2-47e7-be3c-5d35c46c381a: start FollowerState
2019-09-19 13:19:17,357 [pool-52-thread-1] INFO  util.JmxRegister (JmxRegister.java:tryRegister(44)) - Successfully registered JMX Bean with object name Ratis:service=RaftServer,group=group-7D066B7D5462,id=e63c54ba-3a89-40c5-ad1a-fb08daaba513
2019-09-19 13:19:17,357 [pool-32-thread-1] INFO  util.JmxRegister (JmxRegister.java:tryRegister(44)) - Successfully registered JMX Bean with object name Ratis:service=RaftServer,group=group-7D066B7D5462,id=4ee3e14a-7ab2-47e7-be3c-5d35c46c381a
2019-09-19 13:19:17,370 [RatisPipelineUtilsThread] INFO  pipeline.PipelineStateManager (PipelineStateManager.java:addPipeline(56)) - Created pipeline Pipeline[ Id: 10f373d2-a54c-4bf4-831c-7d066b7d5462, Nodes: e63c54ba-3a89-40c5-ad1a-fb08daaba513{ip: 192.168.34.51, host: pr-hdds-1982-decom-states-fm625-96302961, networkLocation: /rack1, certSerialId: null}a7f12d17-eb83-47c7-8d7f-ed96e50c5fd6{ip: 192.168.34.51, host: pr-hdds-1982-decom-states-fm625-96302961, networkLocation: /rack1, certSerialId: null}4ee3e14a-7ab2-47e7-be3c-5d35c46c381a{ip: 192.168.34.51, host: pr-hdds-1982-decom-states-fm625-96302961, networkLocation: /rack1, certSerialId: null}, Type:RATIS, Factor:THREE, State:OPEN]
2019-09-19 13:19:17,511 [main] INFO  ozone.MiniOzoneClusterImpl (MiniOzoneClusterImpl.java:lambda$waitForClusterToBeReady$0(145)) - Cluster is ready. Got 4 of 4 DN Heartbeats.
2019-09-19 13:19:18,195 [Thread-223] INFO  rpc.RpcClient (RpcClient.java:createVolume(302)) - Creating Volume: 98dde717-8a0d-4174-8619-ceb668a2b7dd, with jenkins1000 as owner.
2019-09-19 13:19:19,332 [Thread-198] INFO  container.ReplicationManager (ReplicationManager.java:start(162)) - Starting Replication Monitor Thread.
2019-09-19 13:19:19,334 [ReplicationMonitor] INFO  container.ReplicationManager (ReplicationManager.java:run(225)) - Replication Monitor Thread took 1 milliseconds for processing 0 containers.
2019-09-19 13:19:20,096 [OM StateMachine ApplyTransaction Thread - 0] INFO  volume.OMVolumeCreateRequest (OMVolumeCreateRequest.java:validateAndUpdateCache(189)) - created volume:98dde717-8a0d-4174-8619-ceb668a2b7dd for user:jenkins1000
2019-09-19 13:19:20,126 [Thread-223] INFO  rpc.RpcClient (RpcClient.java:createBucket(441)) - Creating Bucket: 98dde717-8a0d-4174-8619-ceb668a2b7dd/3fe27cb4-3bc0-40e5-83d9-aa4d34ef57f7, with Versioning false and Storage Type set to DISK and Encryption set to false 
2019-09-19 13:19:21,976 [Thread-200] INFO  impl.FollowerState (FollowerState.java:run(106)) - 4ee3e14a-7ab2-47e7-be3c-5d35c46c381a:group-6EC32BCFED81 changes to CANDIDATE, lastRpcTime:5102, electionTimeout:5102ms
2019-09-19 13:19:21,978 [Thread-200] INFO  impl.RoleInfo (RoleInfo.java:shutdownFollowerState(121)) - 4ee3e14a-7ab2-47e7-be3c-5d35c46c381a: shutdown FollowerState
2019-09-19 13:19:21,979 [Thread-200] INFO  impl.RaftServerImpl (RaftServerImpl.java:setRole(174)) - 4ee3e14a-7ab2-47e7-be3c-5d35c46c381a@group-6EC32BCFED81: changes role from  FOLLOWER to CANDIDATE at term 0 for changeToCandidate
2019-09-19 13:19:21,979 [Thread-200] INFO  impl.RoleInfo (RoleInfo.java:updateAndGet(143)) - 4ee3e14a-7ab2-47e7-be3c-5d35c46c381a: start LeaderElection
2019-09-19 13:19:22,156 [Thread-203] INFO  impl.FollowerState (FollowerState.java:run(106)) - e63c54ba-3a89-40c5-ad1a-fb08daaba513:group-FFC023875553 changes to CANDIDATE, lastRpcTime:5094, electionTimeout:5094ms
2019-09-19 13:19:22,156 [Thread-203] INFO  impl.RoleInfo (RoleInfo.java:shutdownFollowerState(121)) - e63c54ba-3a89-40c5-ad1a-fb08daaba513: shutdown FollowerState
2019-09-19 13:19:22,157 [Thread-203] INFO  impl.RaftServerImpl (RaftServerImpl.java:setRole(174)) - e63c54ba-3a89-40c5-ad1a-fb08daaba513@group-FFC023875553: changes role from  FOLLOWER to CANDIDATE at term 0 for changeToCandidate
2019-09-19 13:19:22,157 [Thread-203] INFO  impl.RoleInfo (RoleInfo.java:updateAndGet(143)) - e63c54ba-3a89-40c5-ad1a-fb08daaba513: start LeaderElection
2019-09-19 13:19:22,294 [Thread-206] INFO  impl.FollowerState (FollowerState.java:run(106)) - a7f12d17-eb83-47c7-8d7f-ed96e50c5fd6:group-7D5AB70D01BD changes to CANDIDATE, lastRpcTime:5142, electionTimeout:5142ms
2019-09-19 13:19:22,295 [Thread-206] INFO  impl.RoleInfo (RoleInfo.java:shutdownFollowerState(121)) - a7f12d17-eb83-47c7-8d7f-ed96e50c5fd6: shutdown FollowerState
2019-09-19 13:19:22,295 [Thread-206] INFO  impl.RaftServerImpl (RaftServerImpl.java:setRole(174)) - a7f12d17-eb83-47c7-8d7f-ed96e50c5fd6@group-7D5AB70D01BD: changes role from  FOLLOWER to CANDIDATE at term 0 for changeToCandidate
2019-09-19 13:19:22,295 [Thread-206] INFO  impl.RoleInfo (RoleInfo.java:updateAndGet(143)) - a7f12d17-eb83-47c7-8d7f-ed96e50c5fd6: start LeaderElection
2019-09-19 13:19:22,392 [Thread-217] INFO  impl.FollowerState (FollowerState.java:run(106)) - 4ee3e14a-7ab2-47e7-be3c-5d35c46c381a:group-7D066B7D5462 changes to CANDIDATE, lastRpcTime:5037, electionTimeout:5035ms
2019-09-19 13:19:22,392 [Thread-217] INFO  impl.RoleInfo (RoleInfo.java:shutdownFollowerState(121)) - 4ee3e14a-7ab2-47e7-be3c-5d35c46c381a: shutdown FollowerState
2019-09-19 13:19:22,392 [Thread-217] INFO  impl.RaftServerImpl (RaftServerImpl.java:setRole(174)) - 4ee3e14a-7ab2-47e7-be3c-5d35c46c381a@group-7D066B7D5462: changes role from  FOLLOWER to CANDIDATE at term 0 for changeToCandidate
2019-09-19 13:19:22,393 [Thread-217] INFO  impl.RoleInfo (RoleInfo.java:updateAndGet(143)) - 4ee3e14a-7ab2-47e7-be3c-5d35c46c381a: start LeaderElection
2019-09-19 13:19:22,393 [Thread-209] INFO  impl.FollowerState (FollowerState.java:run(106)) - e1dbae64-cf0d-4764-8f6b-75ab46773947:group-8C349708BE36 changes to CANDIDATE, lastRpcTime:5143, electionTimeout:5143ms
2019-09-19 13:19:22,393 [Thread-209] INFO  impl.RoleInfo (RoleInfo.java:shutdownFollowerState(121)) - e1dbae64-cf0d-4764-8f6b-75ab46773947: shutdown FollowerState
2019-09-19 13:19:22,396 [Thread-209] INFO  impl.RaftServerImpl (RaftServerImpl.java:setRole(174)) - e1dbae64-cf0d-4764-8f6b-75ab46773947@group-8C349708BE36: changes role from  FOLLOWER to CANDIDATE at term 0 for changeToCandidate
2019-09-19 13:19:22,396 [Thread-209] INFO  impl.RoleInfo (RoleInfo.java:updateAndGet(143)) - e1dbae64-cf0d-4764-8f6b-75ab46773947: start LeaderElection
2019-09-19 13:19:22,411 [Thread-216] INFO  impl.FollowerState (FollowerState.java:run(106)) - e63c54ba-3a89-40c5-ad1a-fb08daaba513:group-7D066B7D5462 changes to CANDIDATE, lastRpcTime:5056, electionTimeout:5056ms
2019-09-19 13:19:22,411 [Thread-216] INFO  impl.RoleInfo (RoleInfo.java:shutdownFollowerState(121)) - e63c54ba-3a89-40c5-ad1a-fb08daaba513: shutdown FollowerState
2019-09-19 13:19:22,411 [Thread-216] INFO  impl.RaftServerImpl (RaftServerImpl.java:setRole(174)) - e63c54ba-3a89-40c5-ad1a-fb08daaba513@group-7D066B7D5462: changes role from  FOLLOWER to CANDIDATE at term 0 for changeToCandidate
2019-09-19 13:19:22,411 [Thread-216] INFO  impl.RoleInfo (RoleInfo.java:updateAndGet(143)) - e63c54ba-3a89-40c5-ad1a-fb08daaba513: start LeaderElection
2019-09-19 13:19:22,489 [Thread-214] INFO  impl.FollowerState (FollowerState.java:run(106)) - a7f12d17-eb83-47c7-8d7f-ed96e50c5fd6:group-7D066B7D5462 changes to CANDIDATE, lastRpcTime:5141, electionTimeout:5141ms
2019-09-19 13:19:22,490 [Thread-214] INFO  impl.RoleInfo (RoleInfo.java:shutdownFollowerState(121)) - a7f12d17-eb83-47c7-8d7f-ed96e50c5fd6: shutdown FollowerState
2019-09-19 13:19:22,490 [Thread-214] INFO  impl.RaftServerImpl (RaftServerImpl.java:setRole(174)) - a7f12d17-eb83-47c7-8d7f-ed96e50c5fd6@group-7D066B7D5462: changes role from  FOLLOWER to CANDIDATE at term 0 for changeToCandidate
2019-09-19 13:19:22,490 [Thread-214] INFO  impl.RoleInfo (RoleInfo.java:updateAndGet(143)) - a7f12d17-eb83-47c7-8d7f-ed96e50c5fd6: start LeaderElection
2019-09-19 13:19:31,167 [a7f12d17-eb83-47c7-8d7f-ed96e50c5fd6@group-7D5AB70D01BD:LeaderElection4] INFO  impl.LeaderElection (LeaderElection.java:askForVotes(182)) - a7f12d17-eb83-47c7-8d7f-ed96e50c5fd6@group-7D5AB70D01BD:LeaderElection4: begin an election at term 1 for -1: [a7f12d17-eb83-47c7-8d7f-ed96e50c5fd6:192.168.34.51:40348], old=null
2019-09-19 13:19:31,167 [4ee3e14a-7ab2-47e7-be3c-5d35c46c381a@group-6EC32BCFED81:LeaderElection2] INFO  impl.LeaderElection (LeaderElection.java:askForVotes(182)) - 4ee3e14a-7ab2-47e7-be3c-5d35c46c381a@group-6EC32BCFED81:LeaderElection2: begin an election at term 1 for -1: [4ee3e14a-7ab2-47e7-be3c-5d35c46c381a:192.168.34.51:45559], old=null
2019-09-19 13:19:31,167 [e63c54ba-3a89-40c5-ad1a-fb08daaba513@group-FFC023875553:LeaderElection3] INFO  impl.LeaderElection (LeaderElection.java:askForVotes(182)) - e63c54ba-3a89-40c5-ad1a-fb08daaba513@group-FFC023875553:LeaderElection3: begin an election at term 1 for -1: [e63c54ba-3a89-40c5-ad1a-fb08daaba513:192.168.34.51:36195], old=null
2019-09-19 13:19:31,169 [4ee3e14a-7ab2-47e7-be3c-5d35c46c381a@group-6EC32BCFED81:LeaderElection2] INFO  impl.RoleInfo (RoleInfo.java:shutdownLeaderElection(134)) - 4ee3e14a-7ab2-47e7-be3c-5d35c46c381a: shutdown LeaderElection
2019-09-19 13:19:31,169 [a7f12d17-eb83-47c7-8d7f-ed96e50c5fd6@group-7D5AB70D01BD:LeaderElection4] INFO  impl.RoleInfo (RoleInfo.java:shutdownLeaderElection(134)) - a7f12d17-eb83-47c7-8d7f-ed96e50c5fd6: shutdown LeaderElection
2019-09-19 13:19:31,169 [4ee3e14a-7ab2-47e7-be3c-5d35c46c381a@group-6EC32BCFED81:LeaderElection2] INFO  impl.RaftServerImpl (RaftServerImpl.java:setRole(174)) - 4ee3e14a-7ab2-47e7-be3c-5d35c46c381a@group-6EC32BCFED81: changes role from CANDIDATE to LEADER at term 1 for changeToLeader
2019-09-19 13:19:31,169 [e63c54ba-3a89-40c5-ad1a-fb08daaba513@group-FFC023875553:LeaderElection3] INFO  impl.RoleInfo (RoleInfo.java:shutdownLeaderElection(134)) - e63c54ba-3a89-40c5-ad1a-fb08daaba513: shutdown LeaderElection
2019-09-19 13:19:31,169 [4ee3e14a-7ab2-47e7-be3c-5d35c46c381a@group-6EC32BCFED81:LeaderElection2] INFO  impl.RaftServerImpl (ServerState.java:setLeader(253)) - 4ee3e14a-7ab2-47e7-be3c-5d35c46c381a@group-6EC32BCFED81: change Leader from null to 4ee3e14a-7ab2-47e7-be3c-5d35c46c381a at term 1 for becomeLeader, leader elected after 14338ms
2019-09-19 13:19:31,169 [a7f12d17-eb83-47c7-8d7f-ed96e50c5fd6@group-7D5AB70D01BD:LeaderElection4] INFO  impl.RaftServerImpl (RaftServerImpl.java:setRole(174)) - a7f12d17-eb83-47c7-8d7f-ed96e50c5fd6@group-7D5AB70D01BD: changes role from CANDIDATE to LEADER at term 1 for changeToLeader
2019-09-19 13:19:31,170 [4ee3e14a-7ab2-47e7-be3c-5d35c46c381a@group-6EC32BCFED81:LeaderElection2] INFO  server.RaftServerConfigKeys (ConfUtils.java:logGet(43)) - raft.server.staging.catchup.gap = 1000 (default)
2019-09-19 13:19:31,170 [e63c54ba-3a89-40c5-ad1a-fb08daaba513@group-FFC023875553:LeaderElection3] INFO  impl.RaftServerImpl (RaftServerImpl.java:setRole(174)) - e63c54ba-3a89-40c5-ad1a-fb08daaba513@group-FFC023875553: changes role from CANDIDATE to LEADER at term 1 for changeToLeader
2019-09-19 13:19:31,170 [4ee3e14a-7ab2-47e7-be3c-5d35c46c381a@group-6EC32BCFED81:LeaderElection2] INFO  server.RaftServerConfigKeys (ConfUtils.java:logGet(43)) - raft.server.rpc.sleep.time = 25ms (default)
2019-09-19 13:19:31,170 [a7f12d17-eb83-47c7-8d7f-ed96e50c5fd6@group-7D5AB70D01BD:LeaderElection4] INFO  impl.RaftServerImpl (ServerState.java:setLeader(253)) - a7f12d17-eb83-47c7-8d7f-ed96e50c5fd6@group-7D5AB70D01BD: change Leader from null to a7f12d17-eb83-47c7-8d7f-ed96e50c5fd6 at term 1 for becomeLeader, leader elected after 14031ms
2019-09-19 13:19:31,170 [4ee3e14a-7ab2-47e7-be3c-5d35c46c381a@group-6EC32BCFED81:LeaderElection2] INFO  server.RaftServerConfigKeys (ConfUtils.java:logGet(43)) - raft.server.write.element-limit = 4096 (default)
2019-09-19 13:19:31,170 [e63c54ba-3a89-40c5-ad1a-fb08daaba513@group-FFC023875553:LeaderElection3] INFO  impl.RaftServerImpl (ServerState.java:setLeader(253)) - e63c54ba-3a89-40c5-ad1a-fb08daaba513@group-FFC023875553: change Leader from null to e63c54ba-3a89-40c5-ad1a-fb08daaba513 at term 1 for becomeLeader, leader elected after 14125ms
2019-09-19 13:19:31,171 [4ee3e14a-7ab2-47e7-be3c-5d35c46c381a@group-6EC32BCFED81:LeaderElection2] INFO  server.RaftServerConfigKeys (ConfUtils.java:logGet(43)) - raft.server.watch.timeout = 10s (default)
2019-09-19 13:19:31,171 [a7f12d17-eb83-47c7-8d7f-ed96e50c5fd6@group-7D5AB70D01BD:LeaderElection4] INFO  server.RaftServerConfigKeys (ConfUtils.java:logGet(43)) - raft.server.staging.catchup.gap = 1000 (default)
2019-09-19 13:19:31,172 [4ee3e14a-7ab2-47e7-be3c-5d35c46c381a@group-6EC32BCFED81:LeaderElection2] INFO  server.RaftServerConfigKeys (ConfUtils.java:logGet(43)) - raft.server.watch.timeout.denomination = 1s (default)
2019-09-19 13:19:31,172 [e63c54ba-3a89-40c5-ad1a-fb08daaba513@group-FFC023875553:LeaderElection3] INFO  server.RaftServerConfigKeys (ConfUtils.java:logGet(43)) - raft.server.staging.catchup.gap = 1000 (default)
2019-09-19 13:19:31,172 [4ee3e14a-7ab2-47e7-be3c-5d35c46c381a@group-6EC32BCFED81:LeaderElection2] INFO  server.RaftServerConfigKeys (ConfUtils.java:logGet(43)) - raft.server.watch.element-limit = 65536 (default)
2019-09-19 13:19:31,172 [a7f12d17-eb83-47c7-8d7f-ed96e50c5fd6@group-7D5AB70D01BD:LeaderElection4] INFO  server.RaftServerConfigKeys (ConfUtils.java:logGet(43)) - raft.server.rpc.sleep.time = 25ms (default)
2019-09-19 13:19:31,172 [e63c54ba-3a89-40c5-ad1a-fb08daaba513@group-FFC023875553:LeaderElection3] INFO  server.RaftServerConfigKeys (ConfUtils.java:logGet(43)) - raft.server.rpc.sleep.time = 25ms (default)
2019-09-19 13:19:31,173 [a7f12d17-eb83-47c7-8d7f-ed96e50c5fd6@group-7D5AB70D01BD:LeaderElection4] INFO  server.RaftServerConfigKeys (ConfUtils.java:logGet(43)) - raft.server.write.element-limit = 4096 (default)
2019-09-19 13:19:31,173 [e63c54ba-3a89-40c5-ad1a-fb08daaba513@group-FFC023875553:LeaderElection3] INFO  server.RaftServerConfigKeys (ConfUtils.java:logGet(43)) - raft.server.write.element-limit = 4096 (default)
2019-09-19 13:19:31,173 [a7f12d17-eb83-47c7-8d7f-ed96e50c5fd6@group-7D5AB70D01BD:LeaderElection4] INFO  server.RaftServerConfigKeys (ConfUtils.java:logGet(43)) - raft.server.watch.timeout = 10s (default)
2019-09-19 13:19:31,173 [e63c54ba-3a89-40c5-ad1a-fb08daaba513@group-FFC023875553:LeaderElection3] INFO  server.RaftServerConfigKeys (ConfUtils.java:logGet(43)) - raft.server.watch.timeout = 10s (default)
2019-09-19 13:19:31,173 [a7f12d17-eb83-47c7-8d7f-ed96e50c5fd6@group-7D5AB70D01BD:LeaderElection4] INFO  server.RaftServerConfigKeys (ConfUtils.java:logGet(43)) - raft.server.watch.timeout.denomination = 1s (default)
2019-09-19 13:19:31,173 [e63c54ba-3a89-40c5-ad1a-fb08daaba513@group-FFC023875553:LeaderElection3] INFO  server.RaftServerConfigKeys (ConfUtils.java:logGet(43)) - raft.server.watch.timeout.denomination = 1s (default)
2019-09-19 13:19:31,173 [a7f12d17-eb83-47c7-8d7f-ed96e50c5fd6@group-7D5AB70D01BD:LeaderElection4] INFO  server.RaftServerConfigKeys (ConfUtils.java:logGet(43)) - raft.server.watch.element-limit = 65536 (default)
2019-09-19 13:19:31,173 [e63c54ba-3a89-40c5-ad1a-fb08daaba513@group-FFC023875553:LeaderElection3] INFO  server.RaftServerConfigKeys (ConfUtils.java:logGet(43)) - raft.server.watch.element-limit = 65536 (default)
2019-09-19 13:19:31,176 [4ee3e14a-7ab2-47e7-be3c-5d35c46c381a@group-6EC32BCFED81:LeaderElection2] INFO  impl.RoleInfo (RoleInfo.java:updateAndGet(143)) - 4ee3e14a-7ab2-47e7-be3c-5d35c46c381a: start LeaderState
2019-09-19 13:19:31,176 [4ee3e14a-7ab2-47e7-be3c-5d35c46c381a@group-6EC32BCFED81:LeaderElection2] INFO  segmented.SegmentedRaftLogWorker (SegmentedRaftLogWorker.java:startLogSegment(380)) - 4ee3e14a-7ab2-47e7-be3c-5d35c46c381a@group-6EC32BCFED81-SegmentedRaftLogWorker: Starting segment from index:0
2019-09-19 13:19:31,177 [4ee3e14a-7ab2-47e7-be3c-5d35c46c381a@group-6EC32BCFED81:LeaderElection2] INFO  impl.RaftServerImpl (ServerState.java:setRaftConf(354)) - 4ee3e14a-7ab2-47e7-be3c-5d35c46c381a@group-6EC32BCFED81: set configuration 0: [4ee3e14a-7ab2-47e7-be3c-5d35c46c381a:192.168.34.51:45559], old=null at 0
2019-09-19 13:19:31,203 [a7f12d17-eb83-47c7-8d7f-ed96e50c5fd6@group-7D5AB70D01BD:LeaderElection4] INFO  impl.RoleInfo (RoleInfo.java:updateAndGet(143)) - a7f12d17-eb83-47c7-8d7f-ed96e50c5fd6: start LeaderState
2019-09-19 13:19:31,203 [e63c54ba-3a89-40c5-ad1a-fb08daaba513@group-FFC023875553:LeaderElection3] INFO  impl.RoleInfo (RoleInfo.java:updateAndGet(143)) - e63c54ba-3a89-40c5-ad1a-fb08daaba513: start LeaderState
2019-09-19 13:19:31,203 [a7f12d17-eb83-47c7-8d7f-ed96e50c5fd6@group-7D5AB70D01BD:LeaderElection4] INFO  segmented.SegmentedRaftLogWorker (SegmentedRaftLogWorker.java:startLogSegment(380)) - a7f12d17-eb83-47c7-8d7f-ed96e50c5fd6@group-7D5AB70D01BD-SegmentedRaftLogWorker: Starting segment from index:0
2019-09-19 13:19:31,203 [e63c54ba-3a89-40c5-ad1a-fb08daaba513@group-FFC023875553:LeaderElection3] INFO  segmented.SegmentedRaftLogWorker (SegmentedRaftLogWorker.java:startLogSegment(380)) - e63c54ba-3a89-40c5-ad1a-fb08daaba513@group-FFC023875553-SegmentedRaftLogWorker: Starting segment from index:0
2019-09-19 13:19:31,203 [a7f12d17-eb83-47c7-8d7f-ed96e50c5fd6@group-7D5AB70D01BD:LeaderElection4] INFO  impl.RaftServerImpl (ServerState.java:setRaftConf(354)) - a7f12d17-eb83-47c7-8d7f-ed96e50c5fd6@group-7D5AB70D01BD: set configuration 0: [a7f12d17-eb83-47c7-8d7f-ed96e50c5fd6:192.168.34.51:40348], old=null at 0
2019-09-19 13:19:31,239 [e63c54ba-3a89-40c5-ad1a-fb08daaba513@group-FFC023875553:LeaderElection3] INFO  impl.RaftServerImpl (ServerState.java:setRaftConf(354)) - e63c54ba-3a89-40c5-ad1a-fb08daaba513@group-FFC023875553: set configuration 0: [e63c54ba-3a89-40c5-ad1a-fb08daaba513:192.168.34.51:36195], old=null at 0
2019-09-19 13:19:33,561 [e1dbae64-cf0d-4764-8f6b-75ab46773947@group-8C349708BE36:LeaderElection6] INFO  impl.LeaderElection (LeaderElection.java:askForVotes(182)) - e1dbae64-cf0d-4764-8f6b-75ab46773947@group-8C349708BE36:LeaderElection6: begin an election at term 1 for -1: [e1dbae64-cf0d-4764-8f6b-75ab46773947:192.168.34.51:44293], old=null
2019-09-19 13:19:33,561 [4ee3e14a-7ab2-47e7-be3c-5d35c46c381a@group-7D066B7D5462:LeaderElection5] INFO  impl.LeaderElection (LeaderElection.java:askForVotes(182)) - 4ee3e14a-7ab2-47e7-be3c-5d35c46c381a@group-7D066B7D5462:LeaderElection5: begin an election at term 1 for -1: [4ee3e14a-7ab2-47e7-be3c-5d35c46c381a:192.168.34.51:45559, a7f12d17-eb83-47c7-8d7f-ed96e50c5fd6:192.168.34.51:40348, e63c54ba-3a89-40c5-ad1a-fb08daaba513:192.168.34.51:36195], old=null
2019-09-19 13:19:33,561 [a7f12d17-eb83-47c7-8d7f-ed96e50c5fd6@group-7D066B7D5462:LeaderElection8] INFO  impl.LeaderElection (LeaderElection.java:askForVotes(182)) - a7f12d17-eb83-47c7-8d7f-ed96e50c5fd6@group-7D066B7D5462:LeaderElection8: begin an election at term 1 for -1: [4ee3e14a-7ab2-47e7-be3c-5d35c46c381a:192.168.34.51:45559, a7f12d17-eb83-47c7-8d7f-ed96e50c5fd6:192.168.34.51:40348, e63c54ba-3a89-40c5-ad1a-fb08daaba513:192.168.34.51:36195], old=null
2019-09-19 13:19:33,561 [e63c54ba-3a89-40c5-ad1a-fb08daaba513@group-7D066B7D5462:LeaderElection7] INFO  impl.LeaderElection (LeaderElection.java:askForVotes(182)) - e63c54ba-3a89-40c5-ad1a-fb08daaba513@group-7D066B7D5462:LeaderElection7: begin an election at term 1 for -1: [4ee3e14a-7ab2-47e7-be3c-5d35c46c381a:192.168.34.51:45559, a7f12d17-eb83-47c7-8d7f-ed96e50c5fd6:192.168.34.51:40348, e63c54ba-3a89-40c5-ad1a-fb08daaba513:192.168.34.51:36195], old=null
2019-09-19 13:19:33,561 [e1dbae64-cf0d-4764-8f6b-75ab46773947@group-8C349708BE36:LeaderElection6] INFO  impl.RoleInfo (RoleInfo.java:shutdownLeaderElection(134)) - e1dbae64-cf0d-4764-8f6b-75ab46773947: shutdown LeaderElection
2019-09-19 13:19:33,562 [e1dbae64-cf0d-4764-8f6b-75ab46773947@group-8C349708BE36:LeaderElection6] INFO  impl.RaftServerImpl (RaftServerImpl.java:setRole(174)) - e1dbae64-cf0d-4764-8f6b-75ab46773947@group-8C349708BE36: changes role from CANDIDATE to LEADER at term 1 for changeToLeader
2019-09-19 13:19:33,562 [e1dbae64-cf0d-4764-8f6b-75ab46773947@group-8C349708BE36:LeaderElection6] INFO  impl.RaftServerImpl (ServerState.java:setLeader(253)) - e1dbae64-cf0d-4764-8f6b-75ab46773947@group-8C349708BE36: change Leader from null to e1dbae64-cf0d-4764-8f6b-75ab46773947 at term 1 for becomeLeader, leader elected after 16334ms
2019-09-19 13:19:33,565 [e1dbae64-cf0d-4764-8f6b-75ab46773947@group-8C349708BE36:LeaderElection6] INFO  server.RaftServerConfigKeys (ConfUtils.java:logGet(43)) - raft.server.staging.catchup.gap = 1000 (default)
2019-09-19 13:19:33,565 [e1dbae64-cf0d-4764-8f6b-75ab46773947@group-8C349708BE36:LeaderElection6] INFO  server.RaftServerConfigKeys (ConfUtils.java:logGet(43)) - raft.server.rpc.sleep.time = 25ms (default)
2019-09-19 13:19:33,565 [e1dbae64-cf0d-4764-8f6b-75ab46773947@group-8C349708BE36:LeaderElection6] INFO  server.RaftServerConfigKeys (ConfUtils.java:logGet(43)) - raft.server.write.element-limit = 4096 (default)
2019-09-19 13:19:33,565 [e1dbae64-cf0d-4764-8f6b-75ab46773947@group-8C349708BE36:LeaderElection6] INFO  server.RaftServerConfigKeys (ConfUtils.java:logGet(43)) - raft.server.watch.timeout = 10s (default)
2019-09-19 13:19:33,565 [e1dbae64-cf0d-4764-8f6b-75ab46773947@group-8C349708BE36:LeaderElection6] INFO  server.RaftServerConfigKeys (ConfUtils.java:logGet(43)) - raft.server.watch.timeout.denomination = 1s (default)
2019-09-19 13:19:33,565 [e1dbae64-cf0d-4764-8f6b-75ab46773947@group-8C349708BE36:LeaderElection6] INFO  server.RaftServerConfigKeys (ConfUtils.java:logGet(43)) - raft.server.watch.element-limit = 65536 (default)
2019-09-19 13:19:33,567 [e1dbae64-cf0d-4764-8f6b-75ab46773947@group-8C349708BE36:LeaderElection6] INFO  impl.RoleInfo (RoleInfo.java:updateAndGet(143)) - e1dbae64-cf0d-4764-8f6b-75ab46773947: start LeaderState
2019-09-19 13:19:33,568 [e1dbae64-cf0d-4764-8f6b-75ab46773947@group-8C349708BE36:LeaderElection6] INFO  segmented.SegmentedRaftLogWorker (SegmentedRaftLogWorker.java:startLogSegment(380)) - e1dbae64-cf0d-4764-8f6b-75ab46773947@group-8C349708BE36-SegmentedRaftLogWorker: Starting segment from index:0
2019-09-19 13:19:33,568 [e1dbae64-cf0d-4764-8f6b-75ab46773947@group-8C349708BE36:LeaderElection6] INFO  impl.RaftServerImpl (ServerState.java:setRaftConf(354)) - e1dbae64-cf0d-4764-8f6b-75ab46773947@group-8C349708BE36: set configuration 0: [e1dbae64-cf0d-4764-8f6b-75ab46773947:192.168.34.51:44293], old=null at 0
2019-09-19 13:19:33,654 [e63c54ba-3a89-40c5-ad1a-fb08daaba513@group-7D066B7D5462:LeaderElection7] INFO  impl.LeaderElection (LeaderElection.java:logAndReturn(56)) - e63c54ba-3a89-40c5-ad1a-fb08daaba513@group-7D066B7D5462:LeaderElection7: Election REJECTED; received 2 response(s) [e63c54ba-3a89-40c5-ad1a-fb08daaba513<-4ee3e14a-7ab2-47e7-be3c-5d35c46c381a#0:FAIL-t1, e63c54ba-3a89-40c5-ad1a-fb08daaba513<-a7f12d17-eb83-47c7-8d7f-ed96e50c5fd6#0:FAIL-t1] and 0 exception(s); e63c54ba-3a89-40c5-ad1a-fb08daaba513@group-7D066B7D5462:t1, leader=null, voted=e63c54ba-3a89-40c5-ad1a-fb08daaba513, raftlog=e63c54ba-3a89-40c5-ad1a-fb08daaba513@group-7D066B7D5462-SegmentedRaftLog:OPENED:c-1,f-1,i0, conf=-1: [4ee3e14a-7ab2-47e7-be3c-5d35c46c381a:192.168.34.51:45559, a7f12d17-eb83-47c7-8d7f-ed96e50c5fd6:192.168.34.51:40348, e63c54ba-3a89-40c5-ad1a-fb08daaba513:192.168.34.51:36195], old=null
2019-09-19 13:19:33,654 [a7f12d17-eb83-47c7-8d7f-ed96e50c5fd6@group-7D066B7D5462:LeaderElection8] INFO  impl.LeaderElection (LeaderElection.java:logAndReturn(56)) - a7f12d17-eb83-47c7-8d7f-ed96e50c5fd6@group-7D066B7D5462:LeaderElection8: Election REJECTED; received 2 response(s) [a7f12d17-eb83-47c7-8d7f-ed96e50c5fd6<-4ee3e14a-7ab2-47e7-be3c-5d35c46c381a#0:FAIL-t1, a7f12d17-eb83-47c7-8d7f-ed96e50c5fd6<-e63c54ba-3a89-40c5-ad1a-fb08daaba513#0:FAIL-t1] and 0 exception(s); a7f12d17-eb83-47c7-8d7f-ed96e50c5fd6@group-7D066B7D5462:t1, leader=null, voted=a7f12d17-eb83-47c7-8d7f-ed96e50c5fd6, raftlog=a7f12d17-eb83-47c7-8d7f-ed96e50c5fd6@group-7D066B7D5462-SegmentedRaftLog:OPENED:c-1,f-1,i0, conf=-1: [4ee3e14a-7ab2-47e7-be3c-5d35c46c381a:192.168.34.51:45559, a7f12d17-eb83-47c7-8d7f-ed96e50c5fd6:192.168.34.51:40348, e63c54ba-3a89-40c5-ad1a-fb08daaba513:192.168.34.51:36195], old=null
2019-09-19 13:19:33,654 [4ee3e14a-7ab2-47e7-be3c-5d35c46c381a@group-7D066B7D5462:LeaderElection5] INFO  impl.LeaderElection (LeaderElection.java:logAndReturn(56)) - 4ee3e14a-7ab2-47e7-be3c-5d35c46c381a@group-7D066B7D5462:LeaderElection5: Election REJECTED; received 2 response(s) [4ee3e14a-7ab2-47e7-be3c-5d35c46c381a<-a7f12d17-eb83-47c7-8d7f-ed96e50c5fd6#0:FAIL-t1, 4ee3e14a-7ab2-47e7-be3c-5d35c46c381a<-e63c54ba-3a89-40c5-ad1a-fb08daaba513#0:FAIL-t1] and 0 exception(s); 4ee3e14a-7ab2-47e7-be3c-5d35c46c381a@group-7D066B7D5462:t1, leader=null, voted=4ee3e14a-7ab2-47e7-be3c-5d35c46c381a, raftlog=4ee3e14a-7ab2-47e7-be3c-5d35c46c381a@group-7D066B7D5462-SegmentedRaftLog:OPENED:c-1,f-1,i0, conf=-1: [4ee3e14a-7ab2-47e7-be3c-5d35c46c381a:192.168.34.51:45559, a7f12d17-eb83-47c7-8d7f-ed96e50c5fd6:192.168.34.51:40348, e63c54ba-3a89-40c5-ad1a-fb08daaba513:192.168.34.51:36195], old=null
2019-09-19 13:19:33,659 [e63c54ba-3a89-40c5-ad1a-fb08daaba513@group-7D066B7D5462:LeaderElection7] INFO  impl.RaftServerImpl (RaftServerImpl.java:setRole(174)) - e63c54ba-3a89-40c5-ad1a-fb08daaba513@group-7D066B7D5462: changes role from CANDIDATE to FOLLOWER at term 1 for DISCOVERED_A_NEW_TERM
2019-09-19 13:19:33,661 [4ee3e14a-7ab2-47e7-be3c-5d35c46c381a@group-7D066B7D5462:LeaderElection5] INFO  impl.RaftServerImpl (RaftServerImpl.java:setRole(174)) - 4ee3e14a-7ab2-47e7-be3c-5d35c46c381a@group-7D066B7D5462: changes role from CANDIDATE to FOLLOWER at term 1 for DISCOVERED_A_NEW_TERM
2019-09-19 13:19:33,666 [4ee3e14a-7ab2-47e7-be3c-5d35c46c381a@group-7D066B7D5462:LeaderElection5] INFO  impl.RoleInfo (RoleInfo.java:shutdownLeaderElection(134)) - 4ee3e14a-7ab2-47e7-be3c-5d35c46c381a: shutdown LeaderElection
2019-09-19 13:19:33,659 [a7f12d17-eb83-47c7-8d7f-ed96e50c5fd6@group-7D066B7D5462:LeaderElection8] INFO  impl.RaftServerImpl (RaftServerImpl.java:setRole(174)) - a7f12d17-eb83-47c7-8d7f-ed96e50c5fd6@group-7D066B7D5462: changes role from CANDIDATE to FOLLOWER at term 1 for DISCOVERED_A_NEW_TERM
2019-09-19 13:19:33,666 [4ee3e14a-7ab2-47e7-be3c-5d35c46c381a@group-7D066B7D5462:LeaderElection5] INFO  impl.RoleInfo (RoleInfo.java:updateAndGet(143)) - 4ee3e14a-7ab2-47e7-be3c-5d35c46c381a: start FollowerState
2019-09-19 13:19:33,665 [e63c54ba-3a89-40c5-ad1a-fb08daaba513@group-7D066B7D5462:LeaderElection7] INFO  impl.RoleInfo (RoleInfo.java:shutdownLeaderElection(134)) - e63c54ba-3a89-40c5-ad1a-fb08daaba513: shutdown LeaderElection
2019-09-19 13:19:33,666 [a7f12d17-eb83-47c7-8d7f-ed96e50c5fd6@group-7D066B7D5462:LeaderElection8] INFO  impl.RoleInfo (RoleInfo.java:shutdownLeaderElection(134)) - a7f12d17-eb83-47c7-8d7f-ed96e50c5fd6: shutdown LeaderElection
2019-09-19 13:19:33,668 [e63c54ba-3a89-40c5-ad1a-fb08daaba513@group-7D066B7D5462:LeaderElection7] INFO  impl.RoleInfo (RoleInfo.java:updateAndGet(143)) - e63c54ba-3a89-40c5-ad1a-fb08daaba513: start FollowerState
2019-09-19 13:19:33,669 [a7f12d17-eb83-47c7-8d7f-ed96e50c5fd6@group-7D066B7D5462:LeaderElection8] INFO  impl.RoleInfo (RoleInfo.java:updateAndGet(143)) - a7f12d17-eb83-47c7-8d7f-ed96e50c5fd6: start FollowerState
2019-09-19 13:19:38,698 [4ee3e14a-7ab2-47e7-be3c-5d35c46c381a@group-6EC32BCFED81-SegmentedRaftLogWorker] INFO  segmented.SegmentedRaftLogWorker (SegmentedRaftLogWorker.java:execute(569)) - 4ee3e14a-7ab2-47e7-be3c-5d35c46c381a@group-6EC32BCFED81-SegmentedRaftLogWorker: created new log segment /workdir/hadoop-ozone/integration-test/target/test-dir/MiniOzoneClusterImpl-e9843695-6be0-4f8f-b95a-59679a9cffc8/datanode-0/data/ratis/9f364db2-c4ff-4068-b85a-6ec32bcfed81/current/log_inprogress_0
2019-09-19 13:19:38,698 [a7f12d17-eb83-47c7-8d7f-ed96e50c5fd6@group-7D5AB70D01BD-SegmentedRaftLogWorker] INFO  segmented.SegmentedRaftLogWorker (SegmentedRaftLogWorker.java:execute(569)) - a7f12d17-eb83-47c7-8d7f-ed96e50c5fd6@group-7D5AB70D01BD-SegmentedRaftLogWorker: created new log segment /workdir/hadoop-ozone/integration-test/target/test-dir/MiniOzoneClusterImpl-e9843695-6be0-4f8f-b95a-59679a9cffc8/datanode-1/data/ratis/068a89c8-0461-4958-9e77-7d5ab70d01bd/current/log_inprogress_0
2019-09-19 13:19:38,698 [e63c54ba-3a89-40c5-ad1a-fb08daaba513@group-FFC023875553-SegmentedRaftLogWorker] INFO  segmented.SegmentedRaftLogWorker (SegmentedRaftLogWorker.java:execute(569)) - e63c54ba-3a89-40c5-ad1a-fb08daaba513@group-FFC023875553-SegmentedRaftLogWorker: created new log segment /workdir/hadoop-ozone/integration-test/target/test-dir/MiniOzoneClusterImpl-e9843695-6be0-4f8f-b95a-59679a9cffc8/datanode-2/data/ratis/2f47dbdf-9dea-4b3a-b6cf-ffc023875553/current/log_inprogress_0
2019-09-19 13:19:38,796 [Thread-248] INFO  impl.FollowerState (FollowerState.java:run(106)) - a7f12d17-eb83-47c7-8d7f-ed96e50c5fd6:group-7D066B7D5462 changes to CANDIDATE, lastRpcTime:5127, electionTimeout:5125ms
2019-09-19 13:19:38,796 [Thread-248] INFO  impl.RoleInfo (RoleInfo.java:shutdownFollowerState(121)) - a7f12d17-eb83-47c7-8d7f-ed96e50c5fd6: shutdown FollowerState
2019-09-19 13:19:38,796 [Thread-248] INFO  impl.RaftServerImpl (RaftServerImpl.java:setRole(174)) - a7f12d17-eb83-47c7-8d7f-ed96e50c5fd6@group-7D066B7D5462: changes role from  FOLLOWER to CANDIDATE at term 1 for changeToCandidate
2019-09-19 13:19:38,797 [Thread-248] INFO  impl.RoleInfo (RoleInfo.java:updateAndGet(143)) - a7f12d17-eb83-47c7-8d7f-ed96e50c5fd6: start LeaderElection
2019-09-19 13:19:38,799 [Thread-246] INFO  impl.FollowerState (FollowerState.java:run(106)) - 4ee3e14a-7ab2-47e7-be3c-5d35c46c381a:group-7D066B7D5462 changes to CANDIDATE, lastRpcTime:5132, electionTimeout:5129ms
2019-09-19 13:19:38,799 [Thread-246] INFO  impl.RoleInfo (RoleInfo.java:shutdownFollowerState(121)) - 4ee3e14a-7ab2-47e7-be3c-5d35c46c381a: shutdown FollowerState
2019-09-19 13:19:38,799 [Thread-246] INFO  impl.RaftServerImpl (RaftServerImpl.java:setRole(174)) - 4ee3e14a-7ab2-47e7-be3c-5d35c46c381a@group-7D066B7D5462: changes role from  FOLLOWER to CANDIDATE at term 1 for changeToCandidate
2019-09-19 13:19:38,800 [Thread-246] INFO  impl.RoleInfo (RoleInfo.java:updateAndGet(143)) - 4ee3e14a-7ab2-47e7-be3c-5d35c46c381a: start LeaderElection
2019-09-19 13:19:38,822 [Thread-247] INFO  impl.FollowerState (FollowerState.java:run(106)) - e63c54ba-3a89-40c5-ad1a-fb08daaba513:group-7D066B7D5462 changes to CANDIDATE, lastRpcTime:5153, electionTimeout:5153ms
2019-09-19 13:19:38,822 [Thread-247] INFO  impl.RoleInfo (RoleInfo.java:shutdownFollowerState(121)) - e63c54ba-3a89-40c5-ad1a-fb08daaba513: shutdown FollowerState
2019-09-19 13:19:38,822 [Thread-247] INFO  impl.RaftServerImpl (RaftServerImpl.java:setRole(174)) - e63c54ba-3a89-40c5-ad1a-fb08daaba513@group-7D066B7D5462: changes role from  FOLLOWER to CANDIDATE at term 1 for changeToCandidate
2019-09-19 13:19:38,823 [Thread-247] INFO  impl.RoleInfo (RoleInfo.java:updateAndGet(143)) - e63c54ba-3a89-40c5-ad1a-fb08daaba513: start LeaderElection
2019-09-19 13:19:39,097 [Thread-223] INFO  impl.MetricsSystemImpl (MetricsSystemImpl.java:init(158)) - XceiverClientMetrics metrics system started (again)
2019-09-19 13:19:39,217 [grpc-default-executor-3] INFO  client.GrpcClientProtocolClient (GrpcClientProtocolClient.java:onNext(264)) - client-F2D8C6B300BF->e63c54ba-3a89-40c5-ad1a-fb08daaba513: receive RaftClientReply:client-F2D8C6B300BF->e63c54ba-3a89-40c5-ad1a-fb08daaba513@group-7D066B7D5462, cid=7, FAILED org.apache.ratis.protocol.NotLeaderException: Server e63c54ba-3a89-40c5-ad1a-fb08daaba513@group-7D066B7D5462 is not the leader, logIndex=0, commits[e63c54ba-3a89-40c5-ad1a-fb08daaba513:c-1]
2019-09-19 13:19:40,251 [grpc-default-executor-4] INFO  client.GrpcClientProtocolClient (GrpcClientProtocolClient.java:onNext(264)) - client-F2D8C6B300BF->a7f12d17-eb83-47c7-8d7f-ed96e50c5fd6: receive RaftClientReply:client-F2D8C6B300BF->a7f12d17-eb83-47c7-8d7f-ed96e50c5fd6@group-7D066B7D5462, cid=7, FAILED org.apache.ratis.protocol.NotLeaderException: Server a7f12d17-eb83-47c7-8d7f-ed96e50c5fd6@group-7D066B7D5462 is not the leader, logIndex=0, commits[a7f12d17-eb83-47c7-8d7f-ed96e50c5fd6:c-1]
2019-09-19 13:19:41,279 [grpc-default-executor-4] INFO  client.GrpcClientProtocolClient (GrpcClientProtocolClient.java:onNext(264)) - client-F2D8C6B300BF->e63c54ba-3a89-40c5-ad1a-fb08daaba513: receive RaftClientReply:client-F2D8C6B300BF->e63c54ba-3a89-40c5-ad1a-fb08daaba513@group-7D066B7D5462, cid=7, FAILED org.apache.ratis.protocol.NotLeaderException: Server e63c54ba-3a89-40c5-ad1a-fb08daaba513@group-7D066B7D5462 is not the leader, logIndex=0, commits[e63c54ba-3a89-40c5-ad1a-fb08daaba513:c-1]
2019-09-19 13:19:42,302 [grpc-default-executor-3] INFO  client.GrpcClientProtocolClient (GrpcClientProtocolClient.java:onNext(264)) - client-F2D8C6B300BF->4ee3e14a-7ab2-47e7-be3c-5d35c46c381a: receive RaftClientReply:client-F2D8C6B300BF->4ee3e14a-7ab2-47e7-be3c-5d35c46c381a@group-7D066B7D5462, cid=7, FAILED org.apache.ratis.protocol.NotLeaderException: Server 4ee3e14a-7ab2-47e7-be3c-5d35c46c381a@group-7D066B7D5462 is not the leader, logIndex=0, commits[4ee3e14a-7ab2-47e7-be3c-5d35c46c381a:c-1]
2019-09-19 13:19:43,330 [grpc-default-executor-3] INFO  client.GrpcClientProtocolClient (GrpcClientProtocolClient.java:onNext(264)) - client-F2D8C6B300BF->a7f12d17-eb83-47c7-8d7f-ed96e50c5fd6: receive RaftClientReply:client-F2D8C6B300BF->a7f12d17-eb83-47c7-8d7f-ed96e50c5fd6@group-7D066B7D5462, cid=7, FAILED org.apache.ratis.protocol.NotLeaderException: Server a7f12d17-eb83-47c7-8d7f-ed96e50c5fd6@group-7D066B7D5462 is not the leader, logIndex=0, commits[a7f12d17-eb83-47c7-8d7f-ed96e50c5fd6:c-1]
2019-09-19 13:19:44,365 [grpc-default-executor-4] INFO  client.GrpcClientProtocolClient (GrpcClientProtocolClient.java:onNext(264)) - client-F2D8C6B300BF->e63c54ba-3a89-40c5-ad1a-fb08daaba513: receive RaftClientReply:client-F2D8C6B300BF->e63c54ba-3a89-40c5-ad1a-fb08daaba513@group-7D066B7D5462, cid=7, FAILED org.apache.ratis.protocol.NotLeaderException: Server e63c54ba-3a89-40c5-ad1a-fb08daaba513@group-7D066B7D5462 is not the leader, logIndex=0, commits[e63c54ba-3a89-40c5-ad1a-fb08daaba513:c-1]
2019-09-19 13:19:45,404 [grpc-default-executor-3] INFO  client.GrpcClientProtocolClient (GrpcClientProtocolClient.java:onNext(264)) - client-F2D8C6B300BF->a7f12d17-eb83-47c7-8d7f-ed96e50c5fd6: receive RaftClientReply:client-F2D8C6B300BF->a7f12d17-eb83-47c7-8d7f-ed96e50c5fd6@group-7D066B7D5462, cid=7, FAILED org.apache.ratis.protocol.NotLeaderException: Server a7f12d17-eb83-47c7-8d7f-ed96e50c5fd6@group-7D066B7D5462 is not the leader, logIndex=0, commits[a7f12d17-eb83-47c7-8d7f-ed96e50c5fd6:c-1]
2019-09-19 13:19:46,431 [grpc-default-executor-4] INFO  client.GrpcClientProtocolClient (GrpcClientProtocolClient.java:onNext(264)) - client-F2D8C6B300BF->4ee3e14a-7ab2-47e7-be3c-5d35c46c381a: receive RaftClientReply:client-F2D8C6B300BF->4ee3e14a-7ab2-47e7-be3c-5d35c46c381a@group-7D066B7D5462, cid=7, FAILED org.apache.ratis.protocol.NotLeaderException: Server 4ee3e14a-7ab2-47e7-be3c-5d35c46c381a@group-7D066B7D5462 is not the leader, logIndex=0, commits[4ee3e14a-7ab2-47e7-be3c-5d35c46c381a:c-1]
2019-09-19 13:19:47,454 [grpc-default-executor-3] INFO  client.GrpcClientProtocolClient (GrpcClientProtocolClient.java:onNext(264)) - client-F2D8C6B300BF->a7f12d17-eb83-47c7-8d7f-ed96e50c5fd6: receive RaftClientReply:client-F2D8C6B300BF->a7f12d17-eb83-47c7-8d7f-ed96e50c5fd6@group-7D066B7D5462, cid=7, FAILED org.apache.ratis.protocol.NotLeaderException: Server a7f12d17-eb83-47c7-8d7f-ed96e50c5fd6@group-7D066B7D5462 is not the leader, logIndex=0, commits[a7f12d17-eb83-47c7-8d7f-ed96e50c5fd6:c-1]
2019-09-19 13:19:47,518 [e1dbae64-cf0d-4764-8f6b-75ab46773947@group-8C349708BE36-SegmentedRaftLogWorker] INFO  segmented.SegmentedRaftLogWorker (SegmentedRaftLogWorker.java:execute(569)) - e1dbae64-cf0d-4764-8f6b-75ab46773947@group-8C349708BE36-SegmentedRaftLogWorker: created new log segment /workdir/hadoop-ozone/integration-test/target/test-dir/MiniOzoneClusterImpl-e9843695-6be0-4f8f-b95a-59679a9cffc8/datanode-3/data/ratis/41c256bd-32cc-4cc2-b114-8c349708be36/current/log_inprogress_0
2019-09-19 13:19:47,626 [e63c54ba-3a89-40c5-ad1a-fb08daaba513@group-7D066B7D5462:LeaderElection11] INFO  impl.LeaderElection (LeaderElection.java:askForVotes(182)) - e63c54ba-3a89-40c5-ad1a-fb08daaba513@group-7D066B7D5462:LeaderElection11: begin an election at term 2 for -1: [4ee3e14a-7ab2-47e7-be3c-5d35c46c381a:192.168.34.51:45559, a7f12d17-eb83-47c7-8d7f-ed96e50c5fd6:192.168.34.51:40348, e63c54ba-3a89-40c5-ad1a-fb08daaba513:192.168.34.51:36195], old=null
2019-09-19 13:19:47,626 [a7f12d17-eb83-47c7-8d7f-ed96e50c5fd6@group-7D066B7D5462:LeaderElection9] INFO  impl.LeaderElection (LeaderElection.java:askForVotes(182)) - a7f12d17-eb83-47c7-8d7f-ed96e50c5fd6@group-7D066B7D5462:LeaderElection9: begin an election at term 2 for -1: [4ee3e14a-7ab2-47e7-be3c-5d35c46c381a:192.168.34.51:45559, a7f12d17-eb83-47c7-8d7f-ed96e50c5fd6:192.168.34.51:40348, e63c54ba-3a89-40c5-ad1a-fb08daaba513:192.168.34.51:36195], old=null
2019-09-19 13:19:47,626 [4ee3e14a-7ab2-47e7-be3c-5d35c46c381a@group-7D066B7D5462:LeaderElection10] INFO  impl.LeaderElection (LeaderElection.java:askForVotes(182)) - 4ee3e14a-7ab2-47e7-be3c-5d35c46c381a@group-7D066B7D5462:LeaderElection10: begin an election at term 2 for -1: [4ee3e14a-7ab2-47e7-be3c-5d35c46c381a:192.168.34.51:45559, a7f12d17-eb83-47c7-8d7f-ed96e50c5fd6:192.168.34.51:40348, e63c54ba-3a89-40c5-ad1a-fb08daaba513:192.168.34.51:36195], old=null
2019-09-19 13:19:47,657 [a7f12d17-eb83-47c7-8d7f-ed96e50c5fd6@group-7D066B7D5462:LeaderElection9] INFO  impl.LeaderElection (LeaderElection.java:logAndReturn(56)) - a7f12d17-eb83-47c7-8d7f-ed96e50c5fd6@group-7D066B7D5462:LeaderElection9: Election REJECTED; received 2 response(s) [a7f12d17-eb83-47c7-8d7f-ed96e50c5fd6<-4ee3e14a-7ab2-47e7-be3c-5d35c46c381a#0:FAIL-t2, a7f12d17-eb83-47c7-8d7f-ed96e50c5fd6<-e63c54ba-3a89-40c5-ad1a-fb08daaba513#0:FAIL-t2] and 0 exception(s); a7f12d17-eb83-47c7-8d7f-ed96e50c5fd6@group-7D066B7D5462:t2, leader=null, voted=a7f12d17-eb83-47c7-8d7f-ed96e50c5fd6, raftlog=a7f12d17-eb83-47c7-8d7f-ed96e50c5fd6@group-7D066B7D5462-SegmentedRaftLog:OPENED:c-1,f-1,i0, conf=-1: [4ee3e14a-7ab2-47e7-be3c-5d35c46c381a:192.168.34.51:45559, a7f12d17-eb83-47c7-8d7f-ed96e50c5fd6:192.168.34.51:40348, e63c54ba-3a89-40c5-ad1a-fb08daaba513:192.168.34.51:36195], old=null
2019-09-19 13:19:47,657 [e63c54ba-3a89-40c5-ad1a-fb08daaba513@group-7D066B7D5462:LeaderElection11] INFO  impl.LeaderElection (LeaderElection.java:logAndReturn(56)) - e63c54ba-3a89-40c5-ad1a-fb08daaba513@group-7D066B7D5462:LeaderElection11: Election REJECTED; received 2 response(s) [e63c54ba-3a89-40c5-ad1a-fb08daaba513<-4ee3e14a-7ab2-47e7-be3c-5d35c46c381a#0:FAIL-t2, e63c54ba-3a89-40c5-ad1a-fb08daaba513<-a7f12d17-eb83-47c7-8d7f-ed96e50c5fd6#0:FAIL-t2] and 0 exception(s); e63c54ba-3a89-40c5-ad1a-fb08daaba513@group-7D066B7D5462:t2, leader=null, voted=e63c54ba-3a89-40c5-ad1a-fb08daaba513, raftlog=e63c54ba-3a89-40c5-ad1a-fb08daaba513@group-7D066B7D5462-SegmentedRaftLog:OPENED:c-1,f-1,i0, conf=-1: [4ee3e14a-7ab2-47e7-be3c-5d35c46c381a:192.168.34.51:45559, a7f12d17-eb83-47c7-8d7f-ed96e50c5fd6:192.168.34.51:40348, e63c54ba-3a89-40c5-ad1a-fb08daaba513:192.168.34.51:36195], old=null
2019-09-19 13:19:47,658 [a7f12d17-eb83-47c7-8d7f-ed96e50c5fd6@group-7D066B7D5462:LeaderElection9] INFO  impl.RaftServerImpl (RaftServerImpl.java:setRole(174)) - a7f12d17-eb83-47c7-8d7f-ed96e50c5fd6@group-7D066B7D5462: changes role from CANDIDATE to FOLLOWER at term 2 for DISCOVERED_A_NEW_TERM
2019-09-19 13:19:47,659 [e63c54ba-3a89-40c5-ad1a-fb08daaba513@group-7D066B7D5462:LeaderElection11] INFO  impl.RaftServerImpl (RaftServerImpl.java:setRole(174)) - e63c54ba-3a89-40c5-ad1a-fb08daaba513@group-7D066B7D5462: changes role from CANDIDATE to FOLLOWER at term 2 for DISCOVERED_A_NEW_TERM
2019-09-19 13:19:47,664 [e63c54ba-3a89-40c5-ad1a-fb08daaba513@group-7D066B7D5462:LeaderElection11] INFO  impl.RoleInfo (RoleInfo.java:shutdownLeaderElection(134)) - e63c54ba-3a89-40c5-ad1a-fb08daaba513: shutdown LeaderElection
2019-09-19 13:19:47,663 [a7f12d17-eb83-47c7-8d7f-ed96e50c5fd6@group-7D066B7D5462:LeaderElection9] INFO  impl.RoleInfo (RoleInfo.java:shutdownLeaderElection(134)) - a7f12d17-eb83-47c7-8d7f-ed96e50c5fd6: shutdown LeaderElection
2019-09-19 13:19:47,666 [4ee3e14a-7ab2-47e7-be3c-5d35c46c381a@group-7D066B7D5462:LeaderElection10] INFO  impl.LeaderElection (LeaderElection.java:logAndReturn(56)) - 4ee3e14a-7ab2-47e7-be3c-5d35c46c381a@group-7D066B7D5462:LeaderElection10: Election REJECTED; received 2 response(s) [4ee3e14a-7ab2-47e7-be3c-5d35c46c381a<-a7f12d17-eb83-47c7-8d7f-ed96e50c5fd6#0:FAIL-t2, 4ee3e14a-7ab2-47e7-be3c-5d35c46c381a<-e63c54ba-3a89-40c5-ad1a-fb08daaba513#0:FAIL-t2] and 0 exception(s); 4ee3e14a-7ab2-47e7-be3c-5d35c46c381a@group-7D066B7D5462:t2, leader=null, voted=4ee3e14a-7ab2-47e7-be3c-5d35c46c381a, raftlog=4ee3e14a-7ab2-47e7-be3c-5d35c46c381a@group-7D066B7D5462-SegmentedRaftLog:OPENED:c-1,f-1,i0, conf=-1: [4ee3e14a-7ab2-47e7-be3c-5d35c46c381a:192.168.34.51:45559, a7f12d17-eb83-47c7-8d7f-ed96e50c5fd6:192.168.34.51:40348, e63c54ba-3a89-40c5-ad1a-fb08daaba513:192.168.34.51:36195], old=null
2019-09-19 13:19:47,665 [e63c54ba-3a89-40c5-ad1a-fb08daaba513@group-7D066B7D5462:LeaderElection11] INFO  impl.RoleInfo (RoleInfo.java:updateAndGet(143)) - e63c54ba-3a89-40c5-ad1a-fb08daaba513: start FollowerState
2019-09-19 13:19:47,666 [4ee3e14a-7ab2-47e7-be3c-5d35c46c381a@group-7D066B7D5462:LeaderElection10] INFO  impl.RaftServerImpl (RaftServerImpl.java:setRole(174)) - 4ee3e14a-7ab2-47e7-be3c-5d35c46c381a@group-7D066B7D5462: changes role from CANDIDATE to FOLLOWER at term 2 for DISCOVERED_A_NEW_TERM
2019-09-19 13:19:47,666 [a7f12d17-eb83-47c7-8d7f-ed96e50c5fd6@group-7D066B7D5462:LeaderElection9] INFO  impl.RoleInfo (RoleInfo.java:updateAndGet(143)) - a7f12d17-eb83-47c7-8d7f-ed96e50c5fd6: start FollowerState
2019-09-19 13:19:47,668 [4ee3e14a-7ab2-47e7-be3c-5d35c46c381a@group-7D066B7D5462:LeaderElection10] INFO  impl.RoleInfo (RoleInfo.java:shutdownLeaderElection(134)) - 4ee3e14a-7ab2-47e7-be3c-5d35c46c381a: shutdown LeaderElection
2019-09-19 13:19:47,669 [4ee3e14a-7ab2-47e7-be3c-5d35c46c381a@group-7D066B7D5462:LeaderElection10] INFO  impl.RoleInfo (RoleInfo.java:updateAndGet(143)) - 4ee3e14a-7ab2-47e7-be3c-5d35c46c381a: start FollowerState
2019-09-19 13:19:48,474 [grpc-default-executor-4] INFO  client.GrpcClientProtocolClient (GrpcClientProtocolClient.java:onNext(264)) - client-F2D8C6B300BF->e63c54ba-3a89-40c5-ad1a-fb08daaba513: receive RaftClientReply:client-F2D8C6B300BF->e63c54ba-3a89-40c5-ad1a-fb08daaba513@group-7D066B7D5462, cid=7, FAILED org.apache.ratis.protocol.NotLeaderException: Server e63c54ba-3a89-40c5-ad1a-fb08daaba513@group-7D066B7D5462 is not the leader, logIndex=0, commits[e63c54ba-3a89-40c5-ad1a-fb08daaba513:c-1]
2019-09-19 13:19:49,501 [grpc-default-executor-5] INFO  client.GrpcClientProtocolClient (GrpcClientProtocolClient.java:onNext(264)) - client-F2D8C6B300BF->4ee3e14a-7ab2-47e7-be3c-5d35c46c381a: receive RaftClientReply:client-F2D8C6B300BF->4ee3e14a-7ab2-47e7-be3c-5d35c46c381a@group-7D066B7D5462, cid=7, FAILED org.apache.ratis.protocol.NotLeaderException: Server 4ee3e14a-7ab2-47e7-be3c-5d35c46c381a@group-7D066B7D5462 is not the leader, logIndex=0, commits[4ee3e14a-7ab2-47e7-be3c-5d35c46c381a:c-1]
2019-09-19 13:19:50,517 [grpc-default-executor-5] INFO  client.GrpcClientProtocolClient (GrpcClientProtocolClient.java:onNext(264)) - client-F2D8C6B300BF->e63c54ba-3a89-40c5-ad1a-fb08daaba513: receive RaftClientReply:client-F2D8C6B300BF->e63c54ba-3a89-40c5-ad1a-fb08daaba513@group-7D066B7D5462, cid=7, FAILED org.apache.ratis.protocol.NotLeaderException: Server e63c54ba-3a89-40c5-ad1a-fb08daaba513@group-7D066B7D5462 is not the leader, logIndex=0, commits[e63c54ba-3a89-40c5-ad1a-fb08daaba513:c-1]
2019-09-19 13:19:51,544 [grpc-default-executor-4] INFO  client.GrpcClientProtocolClient (GrpcClientProtocolClient.java:onNext(264)) - client-F2D8C6B300BF->a7f12d17-eb83-47c7-8d7f-ed96e50c5fd6: receive RaftClientReply:client-F2D8C6B300BF->a7f12d17-eb83-47c7-8d7f-ed96e50c5fd6@group-7D066B7D5462, cid=7, FAILED org.apache.ratis.protocol.NotLeaderException: Server a7f12d17-eb83-47c7-8d7f-ed96e50c5fd6@group-7D066B7D5462 is not the leader, logIndex=0, commits[a7f12d17-eb83-47c7-8d7f-ed96e50c5fd6:c-1]
2019-09-19 13:19:52,591 [grpc-default-executor-5] INFO  client.GrpcClientProtocolClient (GrpcClientProtocolClient.java:onNext(264)) - client-F2D8C6B300BF->e63c54ba-3a89-40c5-ad1a-fb08daaba513: receive RaftClientReply:client-F2D8C6B300BF->e63c54ba-3a89-40c5-ad1a-fb08daaba513@group-7D066B7D5462, cid=7, FAILED org.apache.ratis.protocol.NotLeaderException: Server e63c54ba-3a89-40c5-ad1a-fb08daaba513@group-7D066B7D5462 is not the leader, logIndex=0, commits[e63c54ba-3a89-40c5-ad1a-fb08daaba513:c-1]
2019-09-19 13:19:52,717 [Thread-279] INFO  impl.FollowerState (FollowerState.java:run(106)) - a7f12d17-eb83-47c7-8d7f-ed96e50c5fd6:group-7D066B7D5462 changes to CANDIDATE, lastRpcTime:5051, electionTimeout:5048ms
2019-09-19 13:19:52,717 [Thread-279] INFO  impl.RoleInfo (RoleInfo.java:shutdownFollowerState(121)) - a7f12d17-eb83-47c7-8d7f-ed96e50c5fd6: shutdown FollowerState
2019-09-19 13:19:52,717 [Thread-279] INFO  impl.RaftServerImpl (RaftServerImpl.java:setRole(174)) - a7f12d17-eb83-47c7-8d7f-ed96e50c5fd6@group-7D066B7D5462: changes role from  FOLLOWER to CANDIDATE at term 2 for changeToCandidate
2019-09-19 13:19:52,718 [Thread-279] INFO  impl.RoleInfo (RoleInfo.java:updateAndGet(143)) - a7f12d17-eb83-47c7-8d7f-ed96e50c5fd6: start LeaderElection
2019-09-19 13:19:52,723 [a7f12d17-eb83-47c7-8d7f-ed96e50c5fd6@group-7D066B7D5462:LeaderElection12] INFO  impl.LeaderElection (LeaderElection.java:askForVotes(182)) - a7f12d17-eb83-47c7-8d7f-ed96e50c5fd6@group-7D066B7D5462:LeaderElection12: begin an election at term 3 for -1: [4ee3e14a-7ab2-47e7-be3c-5d35c46c381a:192.168.34.51:45559, a7f12d17-eb83-47c7-8d7f-ed96e50c5fd6:192.168.34.51:40348, e63c54ba-3a89-40c5-ad1a-fb08daaba513:192.168.34.51:36195], old=null
2019-09-19 13:19:52,729 [grpc-default-executor-5] INFO  impl.RaftServerImpl (RaftServerImpl.java:setRole(174)) - e63c54ba-3a89-40c5-ad1a-fb08daaba513@group-7D066B7D5462: changes role from  FOLLOWER to FOLLOWER at term 3 for recognizeCandidate:a7f12d17-eb83-47c7-8d7f-ed96e50c5fd6
2019-09-19 13:19:52,729 [grpc-default-executor-5] INFO  impl.RoleInfo (RoleInfo.java:shutdownFollowerState(121)) - e63c54ba-3a89-40c5-ad1a-fb08daaba513: shutdown FollowerState
2019-09-19 13:19:52,730 [grpc-default-executor-5] INFO  impl.RoleInfo (RoleInfo.java:updateAndGet(143)) - e63c54ba-3a89-40c5-ad1a-fb08daaba513: start FollowerState
2019-09-19 13:19:52,730 [Thread-278] INFO  impl.FollowerState (FollowerState.java:run(115)) - e63c54ba-3a89-40c5-ad1a-fb08daaba513: FollowerState was interrupted: java.lang.InterruptedException: sleep interrupted
2019-09-19 13:19:52,732 [grpc-default-executor-4] INFO  impl.RaftServerImpl (RaftServerImpl.java:setRole(174)) - 4ee3e14a-7ab2-47e7-be3c-5d35c46c381a@group-7D066B7D5462: changes role from  FOLLOWER to FOLLOWER at term 3 for recognizeCandidate:a7f12d17-eb83-47c7-8d7f-ed96e50c5fd6
2019-09-19 13:19:52,733 [grpc-default-executor-4] INFO  impl.RoleInfo (RoleInfo.java:shutdownFollowerState(121)) - 4ee3e14a-7ab2-47e7-be3c-5d35c46c381a: shutdown FollowerState
2019-09-19 13:19:52,733 [grpc-default-executor-4] INFO  impl.RoleInfo (RoleInfo.java:updateAndGet(143)) - 4ee3e14a-7ab2-47e7-be3c-5d35c46c381a: start FollowerState
2019-09-19 13:19:52,733 [Thread-280] INFO  impl.FollowerState (FollowerState.java:run(115)) - 4ee3e14a-7ab2-47e7-be3c-5d35c46c381a: FollowerState was interrupted: java.lang.InterruptedException: sleep interrupted
2019-09-19 13:19:52,755 [a7f12d17-eb83-47c7-8d7f-ed96e50c5fd6@group-7D066B7D5462:LeaderElection12] INFO  impl.LeaderElection (LeaderElection.java:logAndReturn(56)) - a7f12d17-eb83-47c7-8d7f-ed96e50c5fd6@group-7D066B7D5462:LeaderElection12: Election PASSED; received 1 response(s) [a7f12d17-eb83-47c7-8d7f-ed96e50c5fd6<-4ee3e14a-7ab2-47e7-be3c-5d35c46c381a#0:OK-t3] and 0 exception(s); a7f12d17-eb83-47c7-8d7f-ed96e50c5fd6@group-7D066B7D5462:t3, leader=null, voted=a7f12d17-eb83-47c7-8d7f-ed96e50c5fd6, raftlog=a7f12d17-eb83-47c7-8d7f-ed96e50c5fd6@group-7D066B7D5462-SegmentedRaftLog:OPENED:c-1,f-1,i0, conf=-1: [4ee3e14a-7ab2-47e7-be3c-5d35c46c381a:192.168.34.51:45559, a7f12d17-eb83-47c7-8d7f-ed96e50c5fd6:192.168.34.51:40348, e63c54ba-3a89-40c5-ad1a-fb08daaba513:192.168.34.51:36195], old=null
2019-09-19 13:19:52,757 [a7f12d17-eb83-47c7-8d7f-ed96e50c5fd6@group-7D066B7D5462:LeaderElection12] INFO  impl.RoleInfo (RoleInfo.java:shutdownLeaderElection(134)) - a7f12d17-eb83-47c7-8d7f-ed96e50c5fd6: shutdown LeaderElection
2019-09-19 13:19:52,759 [a7f12d17-eb83-47c7-8d7f-ed96e50c5fd6@group-7D066B7D5462:LeaderElection12] INFO  impl.RaftServerImpl (RaftServerImpl.java:setRole(174)) - a7f12d17-eb83-47c7-8d7f-ed96e50c5fd6@group-7D066B7D5462: changes role from CANDIDATE to LEADER at term 3 for changeToLeader
2019-09-19 13:19:52,759 [a7f12d17-eb83-47c7-8d7f-ed96e50c5fd6@group-7D066B7D5462:LeaderElection12] INFO  impl.RaftServerImpl (ServerState.java:setLeader(253)) - a7f12d17-eb83-47c7-8d7f-ed96e50c5fd6@group-7D066B7D5462: change Leader from null to a7f12d17-eb83-47c7-8d7f-ed96e50c5fd6 at term 3 for becomeLeader, leader elected after 35423ms
2019-09-19 13:19:52,760 [a7f12d17-eb83-47c7-8d7f-ed96e50c5fd6@group-7D066B7D5462:LeaderElection12] INFO  server.RaftServerConfigKeys (ConfUtils.java:logGet(43)) - raft.server.staging.catchup.gap = 1000 (default)
2019-09-19 13:19:52,760 [a7f12d17-eb83-47c7-8d7f-ed96e50c5fd6@group-7D066B7D5462:LeaderElection12] INFO  server.RaftServerConfigKeys (ConfUtils.java:logGet(43)) - raft.server.rpc.sleep.time = 25ms (default)
2019-09-19 13:19:52,760 [a7f12d17-eb83-47c7-8d7f-ed96e50c5fd6@group-7D066B7D5462:LeaderElection12] INFO  server.RaftServerConfigKeys (ConfUtils.java:logGet(43)) - raft.server.write.element-limit = 4096 (default)
2019-09-19 13:19:52,762 [a7f12d17-eb83-47c7-8d7f-ed96e50c5fd6@group-7D066B7D5462:LeaderElection12] INFO  server.RaftServerConfigKeys (ConfUtils.java:logGet(43)) - raft.server.watch.timeout = 10s (default)
2019-09-19 13:19:52,762 [a7f12d17-eb83-47c7-8d7f-ed96e50c5fd6@group-7D066B7D5462:LeaderElection12] INFO  server.RaftServerConfigKeys (ConfUtils.java:logGet(43)) - raft.server.watch.timeout.denomination = 1s (default)
2019-09-19 13:19:52,763 [a7f12d17-eb83-47c7-8d7f-ed96e50c5fd6@group-7D066B7D5462:LeaderElection12] INFO  server.RaftServerConfigKeys (ConfUtils.java:logGet(43)) - raft.server.watch.element-limit = 65536 (default)
2019-09-19 13:19:52,769 [a7f12d17-eb83-47c7-8d7f-ed96e50c5fd6@group-7D066B7D5462:LeaderElection12] INFO  server.RaftServerConfigKeys (ConfUtils.java:logGet(43)) - raft.server.log.appender.snapshot.chunk.size.max = 16MB (=16777216) (default)
2019-09-19 13:19:52,769 [a7f12d17-eb83-47c7-8d7f-ed96e50c5fd6@group-7D066B7D5462:LeaderElection12] INFO  server.RaftServerConfigKeys (ConfUtils.java:logGet(43)) - raft.server.log.appender.buffer.byte-limit = 33554432 (custom)
2019-09-19 13:19:52,775 [a7f12d17-eb83-47c7-8d7f-ed96e50c5fd6@group-7D066B7D5462:LeaderElection12] INFO  server.RaftServerConfigKeys (ConfUtils.java:logGet(43)) - raft.server.log.appender.buffer.element-limit = 1 (custom)
2019-09-19 13:19:52,779 [a7f12d17-eb83-47c7-8d7f-ed96e50c5fd6@group-7D066B7D5462:LeaderElection12] INFO  grpc.GrpcConfigKeys$Server (ConfUtils.java:logGet(43)) - raft.grpc.server.leader.outstanding.appends.max = 128 (default)
2019-09-19 13:19:52,784 [a7f12d17-eb83-47c7-8d7f-ed96e50c5fd6@group-7D066B7D5462:LeaderElection12] INFO  server.RaftServerConfigKeys (ConfUtils.java:logGet(43)) - raft.server.rpc.request.timeout = 3000ms (default)
2019-09-19 13:19:52,784 [a7f12d17-eb83-47c7-8d7f-ed96e50c5fd6@group-7D066B7D5462:LeaderElection12] INFO  server.RaftServerConfigKeys (ConfUtils.java:logGet(43)) - raft.server.log.appender.install.snapshot.enabled = false (custom)
2019-09-19 13:19:52,786 [a7f12d17-eb83-47c7-8d7f-ed96e50c5fd6@group-7D066B7D5462:LeaderElection12] INFO  server.RaftServerConfigKeys (ConfUtils.java:logGet(43)) - raft.server.log.appender.snapshot.chunk.size.max = 16MB (=16777216) (default)
2019-09-19 13:19:52,786 [a7f12d17-eb83-47c7-8d7f-ed96e50c5fd6@group-7D066B7D5462:LeaderElection12] INFO  server.RaftServerConfigKeys (ConfUtils.java:logGet(43)) - raft.server.log.appender.buffer.byte-limit = 33554432 (custom)
2019-09-19 13:19:52,786 [a7f12d17-eb83-47c7-8d7f-ed96e50c5fd6@group-7D066B7D5462:LeaderElection12] INFO  server.RaftServerConfigKeys (ConfUtils.java:logGet(43)) - raft.server.log.appender.buffer.element-limit = 1 (custom)
2019-09-19 13:19:52,788 [a7f12d17-eb83-47c7-8d7f-ed96e50c5fd6@group-7D066B7D5462:LeaderElection12] INFO  grpc.GrpcConfigKeys$Server (ConfUtils.java:logGet(43)) - raft.grpc.server.leader.outstanding.appends.max = 128 (default)
2019-09-19 13:19:52,788 [a7f12d17-eb83-47c7-8d7f-ed96e50c5fd6@group-7D066B7D5462:LeaderElection12] INFO  server.RaftServerConfigKeys (ConfUtils.java:logGet(43)) - raft.server.rpc.request.timeout = 3000ms (default)
2019-09-19 13:19:52,788 [a7f12d17-eb83-47c7-8d7f-ed96e50c5fd6@group-7D066B7D5462:LeaderElection12] INFO  server.RaftServerConfigKeys (ConfUtils.java:logGet(43)) - raft.server.log.appender.install.snapshot.enabled = false (custom)
2019-09-19 13:19:52,796 [a7f12d17-eb83-47c7-8d7f-ed96e50c5fd6@group-7D066B7D5462:LeaderElection12] INFO  impl.RoleInfo (RoleInfo.java:updateAndGet(143)) - a7f12d17-eb83-47c7-8d7f-ed96e50c5fd6: start LeaderState
2019-09-19 13:19:52,796 [a7f12d17-eb83-47c7-8d7f-ed96e50c5fd6@group-7D066B7D5462:LeaderElection12] INFO  segmented.SegmentedRaftLogWorker (SegmentedRaftLogWorker.java:startLogSegment(380)) - a7f12d17-eb83-47c7-8d7f-ed96e50c5fd6@group-7D066B7D5462-SegmentedRaftLogWorker: Starting segment from index:0
2019-09-19 13:19:52,806 [a7f12d17-eb83-47c7-8d7f-ed96e50c5fd6@group-7D066B7D5462:LeaderElection12] INFO  impl.RaftServerImpl (ServerState.java:setRaftConf(354)) - a7f12d17-eb83-47c7-8d7f-ed96e50c5fd6@group-7D066B7D5462: set configuration 0: [4ee3e14a-7ab2-47e7-be3c-5d35c46c381a:192.168.34.51:45559, a7f12d17-eb83-47c7-8d7f-ed96e50c5fd6:192.168.34.51:40348, e63c54ba-3a89-40c5-ad1a-fb08daaba513:192.168.34.51:36195], old=null at 0
2019-09-19 13:19:52,845 [a7f12d17-eb83-47c7-8d7f-ed96e50c5fd6@group-7D066B7D5462-SegmentedRaftLogWorker] INFO  segmented.SegmentedRaftLogWorker (SegmentedRaftLogWorker.java:execute(569)) - a7f12d17-eb83-47c7-8d7f-ed96e50c5fd6@group-7D066B7D5462-SegmentedRaftLogWorker: created new log segment /workdir/hadoop-ozone/integration-test/target/test-dir/MiniOzoneClusterImpl-e9843695-6be0-4f8f-b95a-59679a9cffc8/datanode-1/data/ratis/10f373d2-a54c-4bf4-831c-7d066b7d5462/current/log_inprogress_0
2019-09-19 13:19:52,856 [grpc-default-executor-5] INFO  impl.RaftServerImpl (ServerState.java:setLeader(253)) - e63c54ba-3a89-40c5-ad1a-fb08daaba513@group-7D066B7D5462: change Leader from null to a7f12d17-eb83-47c7-8d7f-ed96e50c5fd6 at term 3 for appendEntries, leader elected after 35520ms
2019-09-19 13:19:52,879 [grpc-default-executor-5] INFO  impl.RaftServerImpl (ServerState.java:setLeader(253)) - 4ee3e14a-7ab2-47e7-be3c-5d35c46c381a@group-7D066B7D5462: change Leader from null to a7f12d17-eb83-47c7-8d7f-ed96e50c5fd6 at term 3 for appendEntries, leader elected after 35543ms
2019-09-19 13:19:52,890 [grpc-default-executor-5] INFO  impl.RaftServerImpl (ServerState.java:setRaftConf(354)) - e63c54ba-3a89-40c5-ad1a-fb08daaba513@group-7D066B7D5462: set configuration 0: [4ee3e14a-7ab2-47e7-be3c-5d35c46c381a:192.168.34.51:45559, a7f12d17-eb83-47c7-8d7f-ed96e50c5fd6:192.168.34.51:40348, e63c54ba-3a89-40c5-ad1a-fb08daaba513:192.168.34.51:36195], old=null at 0
2019-09-19 13:19:52,890 [grpc-default-executor-4] INFO  impl.RaftServerImpl (ServerState.java:setRaftConf(354)) - 4ee3e14a-7ab2-47e7-be3c-5d35c46c381a@group-7D066B7D5462: set configuration 0: [4ee3e14a-7ab2-47e7-be3c-5d35c46c381a:192.168.34.51:45559, a7f12d17-eb83-47c7-8d7f-ed96e50c5fd6:192.168.34.51:40348, e63c54ba-3a89-40c5-ad1a-fb08daaba513:192.168.34.51:36195], old=null at 0
2019-09-19 13:19:52,891 [grpc-default-executor-5] INFO  segmented.SegmentedRaftLogWorker (SegmentedRaftLogWorker.java:startLogSegment(380)) - e63c54ba-3a89-40c5-ad1a-fb08daaba513@group-7D066B7D5462-SegmentedRaftLogWorker: Starting segment from index:0
2019-09-19 13:19:52,891 [grpc-default-executor-4] INFO  segmented.SegmentedRaftLogWorker (SegmentedRaftLogWorker.java:startLogSegment(380)) - 4ee3e14a-7ab2-47e7-be3c-5d35c46c381a@group-7D066B7D5462-SegmentedRaftLogWorker: Starting segment from index:0
2019-09-19 13:19:52,929 [4ee3e14a-7ab2-47e7-be3c-5d35c46c381a@group-7D066B7D5462-SegmentedRaftLogWorker] INFO  segmented.SegmentedRaftLogWorker (SegmentedRaftLogWorker.java:execute(569)) - 4ee3e14a-7ab2-47e7-be3c-5d35c46c381a@group-7D066B7D5462-SegmentedRaftLogWorker: created new log segment /workdir/hadoop-ozone/integration-test/target/test-dir/MiniOzoneClusterImpl-e9843695-6be0-4f8f-b95a-59679a9cffc8/datanode-0/data/ratis/10f373d2-a54c-4bf4-831c-7d066b7d5462/current/log_inprogress_0
2019-09-19 13:19:52,929 [e63c54ba-3a89-40c5-ad1a-fb08daaba513@group-7D066B7D5462-SegmentedRaftLogWorker] INFO  segmented.SegmentedRaftLogWorker (SegmentedRaftLogWorker.java:execute(569)) - e63c54ba-3a89-40c5-ad1a-fb08daaba513@group-7D066B7D5462-SegmentedRaftLogWorker: created new log segment /workdir/hadoop-ozone/integration-test/target/test-dir/MiniOzoneClusterImpl-e9843695-6be0-4f8f-b95a-59679a9cffc8/datanode-2/data/ratis/10f373d2-a54c-4bf4-831c-7d066b7d5462/current/log_inprogress_0
2019-09-19 13:19:53,839 [grpc-default-executor-5] INFO  client.GrpcClientProtocolClient (GrpcClientProtocolClient.java:onNext(264)) - client-F2D8C6B300BF->a7f12d17-eb83-47c7-8d7f-ed96e50c5fd6: receive RaftClientReply:client-F2D8C6B300BF->a7f12d17-eb83-47c7-8d7f-ed96e50c5fd6@group-7D066B7D5462, cid=7, SUCCESS, logIndex=1, commits[a7f12d17-eb83-47c7-8d7f-ed96e50c5fd6:c1, 4ee3e14a-7ab2-47e7-be3c-5d35c46c381a:c0, e63c54ba-3a89-40c5-ad1a-fb08daaba513:c0]
2019-09-19 13:19:53,960 [grpc-default-executor-4] INFO  client.GrpcClientProtocolClient (GrpcClientProtocolClient.java:onNext(264)) - client-F2D8C6B300BF->a7f12d17-eb83-47c7-8d7f-ed96e50c5fd6: receive RaftClientReply:client-F2D8C6B300BF->a7f12d17-eb83-47c7-8d7f-ed96e50c5fd6@group-7D066B7D5462, cid=8, SUCCESS, logIndex=3, commits[a7f12d17-eb83-47c7-8d7f-ed96e50c5fd6:c4, 4ee3e14a-7ab2-47e7-be3c-5d35c46c381a:c3, e63c54ba-3a89-40c5-ad1a-fb08daaba513:c3]
2019-09-19 13:19:54,005 [Thread-223] INFO  pipeline.SCMPipelineManager (SCMPipelineManager.java:finalizeAndDestroyPipeline(311)) - destroying pipeline:Pipeline[ Id: 10f373d2-a54c-4bf4-831c-7d066b7d5462, Nodes: e63c54ba-3a89-40c5-ad1a-fb08daaba513{ip: 192.168.34.51, host: pr-hdds-1982-decom-states-fm625-96302961, networkLocation: /rack1, certSerialId: null}a7f12d17-eb83-47c7-8d7f-ed96e50c5fd6{ip: 192.168.34.51, host: pr-hdds-1982-decom-states-fm625-96302961, networkLocation: /rack1, certSerialId: null}4ee3e14a-7ab2-47e7-be3c-5d35c46c381a{ip: 192.168.34.51, host: pr-hdds-1982-decom-states-fm625-96302961, networkLocation: /rack1, certSerialId: null}, Type:RATIS, Factor:THREE, State:OPEN]
2019-09-19 13:19:54,006 [Thread-223] INFO  pipeline.PipelineStateManager (PipelineStateManager.java:finalizePipeline(123)) - Pipeline Pipeline[ Id: 10f373d2-a54c-4bf4-831c-7d066b7d5462, Nodes: e63c54ba-3a89-40c5-ad1a-fb08daaba513{ip: 192.168.34.51, host: pr-hdds-1982-decom-states-fm625-96302961, networkLocation: /rack1, certSerialId: null}a7f12d17-eb83-47c7-8d7f-ed96e50c5fd6{ip: 192.168.34.51, host: pr-hdds-1982-decom-states-fm625-96302961, networkLocation: /rack1, certSerialId: null}4ee3e14a-7ab2-47e7-be3c-5d35c46c381a{ip: 192.168.34.51, host: pr-hdds-1982-decom-states-fm625-96302961, networkLocation: /rack1, certSerialId: null}, Type:RATIS, Factor:THREE, State:CLOSED] moved to CLOSED state
2019-09-19 13:19:54,007 [EventQueue-CloseContainerForCloseContainerEventHandler] INFO  container.CloseContainerEventHandler (CloseContainerEventHandler.java:onMessage(61)) - Close container Event triggered for container : #1
2019-09-19 13:19:54,817 [Datanode State Machine Thread - 0] INFO  statemachine.DatanodeStateMachine (DatanodeStateMachine.java:lambda$startDaemon$0(350)) - Ozone container server started.
2019-09-19 13:19:55,557 [RatisApplyTransactionExecutor 1] INFO  interfaces.Container (KeyValueContainer.java:flushAndSyncDB(386)) - Container 1 is synced with bcsId 3.
2019-09-19 13:19:55,558 [RatisApplyTransactionExecutor 1] INFO  interfaces.Container (KeyValueContainer.java:flushAndSyncDB(386)) - Container 1 is synced with bcsId 3.
2019-09-19 13:19:55,559 [RatisApplyTransactionExecutor 1] INFO  interfaces.Container (KeyValueContainer.java:flushAndSyncDB(386)) - Container 1 is synced with bcsId 3.
2019-09-19 13:19:55,560 [RatisApplyTransactionExecutor 1] INFO  interfaces.Container (KeyValueContainer.java:flushAndSyncDB(386)) - Container 1 is synced with bcsId 3.
2019-09-19 13:19:55,582 [RatisApplyTransactionExecutor 1] INFO  interfaces.Container (KeyValueContainer.java:close(335)) - Container 1 is closed with bcsId 3.
2019-09-19 13:19:55,582 [RatisApplyTransactionExecutor 1] INFO  interfaces.Container (KeyValueContainer.java:close(335)) - Container 1 is closed with bcsId 3.
2019-09-19 13:19:55,584 [RatisApplyTransactionExecutor 1] INFO  interfaces.Container (KeyValueContainer.java:flushAndSyncDB(386)) - Container 1 is synced with bcsId 3.
2019-09-19 13:19:55,586 [RatisApplyTransactionExecutor 1] INFO  interfaces.Container (KeyValueContainer.java:flushAndSyncDB(386)) - Container 1 is synced with bcsId 3.
2019-09-19 13:19:55,587 [EventQueue-IncrementalContainerReportForIncrementalContainerReportHandler] INFO  container.IncrementalContainerReportHandler (AbstractContainerReportHandler.java:updateContainerState(176)) - Moving container #1 to CLOSED state, datanode 4ee3e14a-7ab2-47e7-be3c-5d35c46c381a{ip: 192.168.34.51, host: pr-hdds-1982-decom-states-fm625-96302961, networkLocation: /rack1, certSerialId: null} reported CLOSED replica.
2019-09-19 13:19:55,600 [RatisApplyTransactionExecutor 1] INFO  interfaces.Container (KeyValueContainer.java:close(335)) - Container 1 is closed with bcsId 3.
2019-09-19 13:19:59,011 [Thread-223] INFO  ozoneimpl.OzoneContainer (OzoneContainer.java:stop(231)) - Attempting to stop container services.
2019-09-19 13:19:59,012 [Thread-223] INFO  impl.RaftServerProxy (RaftServerProxy.java:lambda$close$4(314)) - e63c54ba-3a89-40c5-ad1a-fb08daaba513: close
2019-09-19 13:19:59,013 [Thread-223] INFO  impl.RaftServerImpl (RaftServerImpl.java:lambda$shutdown$3(251)) - e63c54ba-3a89-40c5-ad1a-fb08daaba513@group-FFC023875553: shutdown
2019-09-19 13:19:59,013 [ForkJoinPool.commonPool-worker-1] INFO  impl.RaftServerImpl (RaftServerImpl.java:lambda$shutdown$3(251)) - e63c54ba-3a89-40c5-ad1a-fb08daaba513@group-7D066B7D5462: shutdown
2019-09-19 13:19:59,013 [Thread-223] INFO  util.JmxRegister (JmxRegister.java:unregister(73)) - Successfully un-registered JMX Bean with object name Ratis:service=RaftServer,group=group-FFC023875553,id=e63c54ba-3a89-40c5-ad1a-fb08daaba513
2019-09-19 13:19:59,013 [ForkJoinPool.commonPool-worker-1] INFO  util.JmxRegister (JmxRegister.java:unregister(73)) - Successfully un-registered JMX Bean with object name Ratis:service=RaftServer,group=group-7D066B7D5462,id=e63c54ba-3a89-40c5-ad1a-fb08daaba513
2019-09-19 13:19:59,014 [Thread-223] INFO  impl.RoleInfo (RoleInfo.java:shutdownLeaderState(104)) - e63c54ba-3a89-40c5-ad1a-fb08daaba513: shutdown LeaderState
2019-09-19 13:19:59,014 [ForkJoinPool.commonPool-worker-1] INFO  impl.RoleInfo (RoleInfo.java:shutdownFollowerState(121)) - e63c54ba-3a89-40c5-ad1a-fb08daaba513: shutdown FollowerState
2019-09-19 13:19:59,014 [ForkJoinPool.commonPool-worker-1] INFO  impl.StateMachineUpdater (StateMachineUpdater.java:stopAndJoin(125)) - e63c54ba-3a89-40c5-ad1a-fb08daaba513@group-7D066B7D5462-StateMachineUpdater: set stopIndex = 6
2019-09-19 13:19:59,014 [Thread-294] INFO  impl.FollowerState (FollowerState.java:run(115)) - e63c54ba-3a89-40c5-ad1a-fb08daaba513: FollowerState was interrupted: java.lang.InterruptedException: sleep interrupted
2019-09-19 13:19:59,014 [Thread-223] INFO  impl.PendingRequests (PendingRequests.java:sendNotLeaderResponses(202)) - e63c54ba-3a89-40c5-ad1a-fb08daaba513-PendingRequests: sendNotLeaderResponses
2019-09-19 13:19:59,014 [e63c54ba-3a89-40c5-ad1a-fb08daaba513@group-7D066B7D5462-StateMachineUpdater] INFO  ratis.ContainerStateMachine (ContainerStateMachine.java:takeSnapshot(289)) - group-7D066B7D5462: Taking a snapshot at:(t:3, i:5) file /workdir/hadoop-ozone/integration-test/target/test-dir/MiniOzoneClusterImpl-e9843695-6be0-4f8f-b95a-59679a9cffc8/datanode-2/data/ratis/10f373d2-a54c-4bf4-831c-7d066b7d5462/sm/snapshot.3_5
2019-09-19 13:19:59,017 [Thread-223] INFO  impl.StateMachineUpdater (StateMachineUpdater.java:stopAndJoin(125)) - e63c54ba-3a89-40c5-ad1a-fb08daaba513@group-FFC023875553-StateMachineUpdater: set stopIndex = 0
2019-09-19 13:19:59,024 [Thread-223] INFO  impl.RaftServerImpl (ServerState.java:close(385)) - e63c54ba-3a89-40c5-ad1a-fb08daaba513@group-FFC023875553: closes. applyIndex: 0
2019-09-19 13:19:59,025 [e63c54ba-3a89-40c5-ad1a-fb08daaba513@group-FFC023875553-SegmentedRaftLogWorker] INFO  segmented.SegmentedRaftLogWorker (SegmentedRaftLogWorker.java:run(313)) - e63c54ba-3a89-40c5-ad1a-fb08daaba513@group-FFC023875553-SegmentedRaftLogWorker was interrupted, exiting. There are 0 tasks remaining in the queue.
2019-09-19 13:19:59,027 [Thread-223] INFO  segmented.SegmentedRaftLogWorker (SegmentedRaftLogWorker.java:close(228)) - e63c54ba-3a89-40c5-ad1a-fb08daaba513@group-FFC023875553-SegmentedRaftLogWorker close()
2019-09-19 13:19:59,078 [e63c54ba-3a89-40c5-ad1a-fb08daaba513@group-7D066B7D5462-StateMachineUpdater] INFO  ratis.ContainerStateMachine (ContainerStateMachine.java:takeSnapshot(300)) - group-7D066B7D5462: Finished taking a snapshot at:(t:3, i:5) file:/workdir/hadoop-ozone/integration-test/target/test-dir/MiniOzoneClusterImpl-e9843695-6be0-4f8f-b95a-59679a9cffc8/datanode-2/data/ratis/10f373d2-a54c-4bf4-831c-7d066b7d5462/sm/snapshot.3_5 time:63
2019-09-19 13:19:59,079 [e63c54ba-3a89-40c5-ad1a-fb08daaba513@group-7D066B7D5462-StateMachineUpdater] INFO  impl.StateMachineUpdater (StateMachineUpdater.java:takeSnapshot(258)) - e63c54ba-3a89-40c5-ad1a-fb08daaba513@group-7D066B7D5462-StateMachineUpdater: Took a snapshot at index 5
2019-09-19 13:19:59,080 [e63c54ba-3a89-40c5-ad1a-fb08daaba513@group-7D066B7D5462-StateMachineUpdater] INFO  impl.StateMachineUpdater (StateMachineUpdater.java:lambda$new$0(83)) - e63c54ba-3a89-40c5-ad1a-fb08daaba513@group-7D066B7D5462-StateMachineUpdater: snapshotIndex: updateIncreasingly -1 -> 5
2019-09-19 13:19:59,083 [e63c54ba-3a89-40c5-ad1a-fb08daaba513@group-7D066B7D5462-StateMachineUpdater] INFO  ratis.ContainerStateMachine (ContainerStateMachine.java:takeSnapshot(289)) - group-7D066B7D5462: Taking a snapshot at:(t:3, i:5) file /workdir/hadoop-ozone/integration-test/target/test-dir/MiniOzoneClusterImpl-e9843695-6be0-4f8f-b95a-59679a9cffc8/datanode-2/data/ratis/10f373d2-a54c-4bf4-831c-7d066b7d5462/sm/snapshot.3_5
2019-09-19 13:19:59,120 [e63c54ba-3a89-40c5-ad1a-fb08daaba513@group-7D066B7D5462-StateMachineUpdater] INFO  ratis.ContainerStateMachine (ContainerStateMachine.java:takeSnapshot(300)) - group-7D066B7D5462: Finished taking a snapshot at:(t:3, i:5) file:/workdir/hadoop-ozone/integration-test/target/test-dir/MiniOzoneClusterImpl-e9843695-6be0-4f8f-b95a-59679a9cffc8/datanode-2/data/ratis/10f373d2-a54c-4bf4-831c-7d066b7d5462/sm/snapshot.3_5 time:37
2019-09-19 13:19:59,120 [e63c54ba-3a89-40c5-ad1a-fb08daaba513@group-7D066B7D5462-StateMachineUpdater] INFO  impl.StateMachineUpdater (StateMachineUpdater.java:takeSnapshot(258)) - e63c54ba-3a89-40c5-ad1a-fb08daaba513@group-7D066B7D5462-StateMachineUpdater: Took a snapshot at index 5
2019-09-19 13:19:59,120 [e63c54ba-3a89-40c5-ad1a-fb08daaba513@group-7D066B7D5462-StateMachineUpdater] INFO  impl.StateMachineUpdater (StateMachineUpdater.java:lambda$new$0(83)) - e63c54ba-3a89-40c5-ad1a-fb08daaba513@group-7D066B7D5462-StateMachineUpdater: snapshotIndex: updateIncreasingly 5 -> 5
2019-09-19 13:19:59,120 [ForkJoinPool.commonPool-worker-1] INFO  impl.RaftServerImpl (ServerState.java:close(385)) - e63c54ba-3a89-40c5-ad1a-fb08daaba513@group-7D066B7D5462: closes. applyIndex: 6
2019-09-19 13:19:59,121 [e63c54ba-3a89-40c5-ad1a-fb08daaba513@group-7D066B7D5462-SegmentedRaftLogWorker] INFO  segmented.SegmentedRaftLogWorker (SegmentedRaftLogWorker.java:run(313)) - e63c54ba-3a89-40c5-ad1a-fb08daaba513@group-7D066B7D5462-SegmentedRaftLogWorker was interrupted, exiting. There are 0 tasks remaining in the queue.
2019-09-19 13:19:59,122 [ForkJoinPool.commonPool-worker-1] INFO  segmented.SegmentedRaftLogWorker (SegmentedRaftLogWorker.java:close(228)) - e63c54ba-3a89-40c5-ad1a-fb08daaba513@group-7D066B7D5462-SegmentedRaftLogWorker close()
2019-09-19 13:19:59,123 [Thread-223] INFO  server.GrpcService (GrpcService.java:closeImpl(164)) - e63c54ba-3a89-40c5-ad1a-fb08daaba513: shutdown server with port 36195 now
2019-09-19 13:19:59,129 [Thread-223] INFO  server.GrpcService (GrpcService.java:closeImpl(172)) - e63c54ba-3a89-40c5-ad1a-fb08daaba513: shutdown server with port 36195 successfully
2019-09-19 13:19:59,130 [grpc-default-executor-4] WARN  server.GrpcServerProtocolService (LogUtils.java:warn(134)) - e63c54ba-3a89-40c5-ad1a-fb08daaba513: installSnapshot onError, lastRequest: a7f12d17-eb83-47c7-8d7f-ed96e50c5fd6->e63c54ba-3a89-40c5-ad1a-fb08daaba513#8-t3, previous=(t:3, i:6), leaderCommit=6, initializing? false, entries: <empty>: org.apache.ratis.thirdparty.io.grpc.StatusRuntimeException: CANCELLED: cancelled before receiving half close
2019-09-19 13:19:59,132 [grpc-default-executor-3] WARN  server.GrpcLogAppender (LogUtils.java:warn(134)) - a7f12d17-eb83-47c7-8d7f-ed96e50c5fd6@group-7D066B7D5462->e63c54ba-3a89-40c5-ad1a-fb08daaba513-AppendLogResponseHandler: Failed appendEntries: org.apache.ratis.thirdparty.io.grpc.StatusRuntimeException: CANCELLED: HTTP/2 error code: CANCEL
Received Rst Stream
2019-09-19 13:19:59,135 [grpc-default-executor-3] INFO  impl.FollowerInfo (FollowerInfo.java:lambda$new$0(51)) - a7f12d17-eb83-47c7-8d7f-ed96e50c5fd6@group-7D066B7D5462->e63c54ba-3a89-40c5-ad1a-fb08daaba513: nextIndex: updateUnconditionally 7 -> 6
2019-09-19 13:19:59,139 [refreshUsed-/workdir/hadoop-ozone/integration-test/target/test-dir/MiniOzoneClusterImpl-e9843695-6be0-4f8f-b95a-59679a9cffc8/datanode-2/data/containers] WARN  fs.CachingGetSpaceUsed (CachingGetSpaceUsed.java:run(183)) - Thread Interrupted waiting to refresh disk information: sleep interrupted
2019-09-19 13:19:59,154 [Thread-223] INFO  utils.BackgroundService (BackgroundService.java:shutdown(148)) - Shutting down service BlockDeletingService
2019-09-19 13:19:59,157 [Thread-223] INFO  statemachine.DatanodeStateMachine (DatanodeStateMachine.java:stopDaemon(395)) - Ozone container server stopped.
2019-09-19 13:19:59,167 [Thread-223] INFO  handler.ContextHandler (ContextHandler.java:doStop(910)) - Stopped o.e.j.w.WebAppContext@5a75ec37{/,null,UNAVAILABLE}{/hddsDatanode}
2019-09-19 13:19:59,173 [Thread-223] INFO  server.AbstractConnector (AbstractConnector.java:doStop(318)) - Stopped ServerConnector@2c05ff9d{HTTP/1.1,[http/1.1]}{0.0.0.0:0}
2019-09-19 13:19:59,175 [Thread-223] INFO  handler.ContextHandler (ContextHandler.java:doStop(910)) - Stopped o.e.j.s.ServletContextHandler@75a0c890{/static,jar:file:/home/user/.m2/repository/org/apache/hadoop/hadoop-hdds-container-service/0.5.0-SNAPSHOT/hadoop-hdds-container-service-0.5.0-SNAPSHOT.jar!/webapps/static,UNAVAILABLE}
2019-09-19 13:19:59,177 [Thread-223] INFO  handler.ContextHandler (ContextHandler.java:doStop(910)) - Stopped o.e.j.s.ServletContextHandler@9679750{/logs,file:///workdir/hadoop-ozone/integration-test/target/log,UNAVAILABLE}
2019-09-19 13:20:00,575 [grpc-default-executor-4] WARN  server.GrpcLogAppender (LogUtils.java:warn(134)) - a7f12d17-eb83-47c7-8d7f-ed96e50c5fd6@group-7D066B7D5462->e63c54ba-3a89-40c5-ad1a-fb08daaba513-AppendLogResponseHandler: Failed appendEntries: org.apache.ratis.thirdparty.io.grpc.StatusRuntimeException: UNAVAILABLE: io exception
2019-09-19 13:20:00,580 [grpc-default-executor-4] INFO  impl.FollowerInfo (FollowerInfo.java:lambda$new$0(51)) - a7f12d17-eb83-47c7-8d7f-ed96e50c5fd6@group-7D066B7D5462->e63c54ba-3a89-40c5-ad1a-fb08daaba513: nextIndex: updateUnconditionally 6 -> 5
2019-09-19 13:20:03,077 [grpc-default-executor-5] WARN  server.GrpcLogAppender (LogUtils.java:warn(134)) - a7f12d17-eb83-47c7-8d7f-ed96e50c5fd6@group-7D066B7D5462->e63c54ba-3a89-40c5-ad1a-fb08daaba513-AppendLogResponseHandler: Failed appendEntries: org.apache.ratis.thirdparty.io.grpc.StatusRuntimeException: UNAVAILABLE: io exception
2019-09-19 13:20:03,084 [grpc-default-executor-5] INFO  impl.FollowerInfo (FollowerInfo.java:lambda$new$0(51)) - a7f12d17-eb83-47c7-8d7f-ed96e50c5fd6@group-7D066B7D5462->e63c54ba-3a89-40c5-ad1a-fb08daaba513: nextIndex: updateUnconditionally 5 -> 4
2019-09-19 13:20:04,188 [ReplicationMonitor] INFO  container.ReplicationManager (ReplicationManager.java:sendCloseCommand(659)) - Sending close container command for container #1 to datanode e63c54ba-3a89-40c5-ad1a-fb08daaba513{ip: 192.168.34.51, host: pr-hdds-1982-decom-states-fm625-96302961, networkLocation: /rack1, certSerialId: null}.
2019-09-19 13:20:04,191 [ReplicationMonitor] INFO  container.ReplicationManager (ReplicationManager.java:run(225)) - Replication Monitor Thread took 12 milliseconds for processing 1 containers.
2019-09-19 13:20:05,575 [grpc-default-executor-5] WARN  server.GrpcLogAppender (LogUtils.java:warn(134)) - a7f12d17-eb83-47c7-8d7f-ed96e50c5fd6@group-7D066B7D5462->e63c54ba-3a89-40c5-ad1a-fb08daaba513-AppendLogResponseHandler: Failed appendEntries: org.apache.ratis.thirdparty.io.grpc.StatusRuntimeException: UNAVAILABLE: io exception
2019-09-19 13:20:05,582 [grpc-default-executor-5] INFO  impl.FollowerInfo (FollowerInfo.java:lambda$new$0(51)) - a7f12d17-eb83-47c7-8d7f-ed96e50c5fd6@group-7D066B7D5462->e63c54ba-3a89-40c5-ad1a-fb08daaba513: nextIndex: updateUnconditionally 4 -> 3
2019-09-19 13:20:08,087 [grpc-default-executor-5] WARN  server.GrpcLogAppender (LogUtils.java:warn(134)) - a7f12d17-eb83-47c7-8d7f-ed96e50c5fd6@group-7D066B7D5462->e63c54ba-3a89-40c5-ad1a-fb08daaba513-AppendLogResponseHandler: Failed appendEntries: org.apache.ratis.thirdparty.io.grpc.StatusRuntimeException: UNAVAILABLE: io exception
2019-09-19 13:20:08,092 [grpc-default-executor-5] INFO  impl.FollowerInfo (FollowerInfo.java:lambda$new$0(51)) - a7f12d17-eb83-47c7-8d7f-ed96e50c5fd6@group-7D066B7D5462->e63c54ba-3a89-40c5-ad1a-fb08daaba513: nextIndex: updateUnconditionally 3 -> 2
2019-09-19 13:20:10,594 [grpc-default-executor-5] WARN  server.GrpcLogAppender (LogUtils.java:warn(134)) - a7f12d17-eb83-47c7-8d7f-ed96e50c5fd6@group-7D066B7D5462->e63c54ba-3a89-40c5-ad1a-fb08daaba513-AppendLogResponseHandler: Failed appendEntries: org.apache.ratis.thirdparty.io.grpc.StatusRuntimeException: UNAVAILABLE: io exception
2019-09-19 13:20:10,598 [grpc-default-executor-5] INFO  impl.FollowerInfo (FollowerInfo.java:lambda$new$0(51)) - a7f12d17-eb83-47c7-8d7f-ed96e50c5fd6@group-7D066B7D5462->e63c54ba-3a89-40c5-ad1a-fb08daaba513: nextIndex: updateUnconditionally 2 -> 1
2019-09-19 13:20:13,092 [grpc-default-executor-5] WARN  server.GrpcLogAppender (LogUtils.java:warn(134)) - a7f12d17-eb83-47c7-8d7f-ed96e50c5fd6@group-7D066B7D5462->e63c54ba-3a89-40c5-ad1a-fb08daaba513-AppendLogResponseHandler: Failed appendEntries: org.apache.ratis.thirdparty.io.grpc.StatusRuntimeException: UNAVAILABLE: io exception
2019-09-19 13:20:13,093 [grpc-default-executor-5] INFO  impl.FollowerInfo (FollowerInfo.java:lambda$new$0(51)) - a7f12d17-eb83-47c7-8d7f-ed96e50c5fd6@group-7D066B7D5462->e63c54ba-3a89-40c5-ad1a-fb08daaba513: nextIndex: updateUnconditionally 1 -> 0
2019-09-19 13:20:15,594 [grpc-default-executor-3] WARN  server.GrpcLogAppender (LogUtils.java:warn(134)) - a7f12d17-eb83-47c7-8d7f-ed96e50c5fd6@group-7D066B7D5462->e63c54ba-3a89-40c5-ad1a-fb08daaba513-AppendLogResponseHandler: Failed appendEntries: org.apache.ratis.thirdparty.io.grpc.StatusRuntimeException: UNAVAILABLE: io exception
2019-09-19 13:20:15,596 [grpc-default-executor-3] INFO  impl.FollowerInfo (FollowerInfo.java:lambda$new$0(51)) - a7f12d17-eb83-47c7-8d7f-ed96e50c5fd6@group-7D066B7D5462->e63c54ba-3a89-40c5-ad1a-fb08daaba513: nextIndex: updateUnconditionally 0 -> 0
2019-09-19 13:20:18,107 [grpc-default-executor-3] WARN  server.GrpcLogAppender (LogUtils.java:warn(134)) - a7f12d17-eb83-47c7-8d7f-ed96e50c5fd6@group-7D066B7D5462->e63c54ba-3a89-40c5-ad1a-fb08daaba513-AppendLogResponseHandler: Failed appendEntries: org.apache.ratis.thirdparty.io.grpc.StatusRuntimeException: UNAVAILABLE: io exception
2019-09-19 13:20:18,109 [grpc-default-executor-3] INFO  impl.FollowerInfo (FollowerInfo.java:lambda$new$0(51)) - a7f12d17-eb83-47c7-8d7f-ed96e50c5fd6@group-7D066B7D5462->e63c54ba-3a89-40c5-ad1a-fb08daaba513: nextIndex: updateUnconditionally 0 -> 0
2019-09-19 13:20:18,163 [main] INFO  ozone.MiniOzoneClusterImpl (MiniOzoneClusterImpl.java:shutdown(312)) - Shutting down the Mini Ozone Cluster
2019-09-19 13:20:18,164 [main] INFO  ozone.MiniOzoneClusterImpl (MiniOzoneClusterImpl.java:stop(327)) - Stopping the Mini Ozone Cluster
2019-09-19 13:20:18,164 [main] INFO  ozone.MiniOzoneClusterImpl (MiniOzoneClusterImpl.java:stop(329)) - Stopping the OzoneManager
2019-09-19 13:20:18,164 [main] INFO  ipc.Server (Server.java:stop(3082)) - Stopping server on 38423
2019-09-19 13:20:18,174 [IPC Server listener on 38423] INFO  ipc.Server (Server.java:run(1185)) - Stopping IPC Server listener on 38423
2019-09-19 13:20:18,184 [IPC Server Responder] INFO  ipc.Server (Server.java:run(1319)) - Stopping IPC Server Responder
2019-09-19 13:20:18,185 [main] INFO  impl.RaftServerProxy (RaftServerProxy.java:lambda$close$4(314)) - 1fc8a2f8-9a5e-4ecd-8904-170813f007e5: close
2019-09-19 13:20:18,186 [main] INFO  impl.RaftServerImpl (RaftServerImpl.java:lambda$shutdown$3(251)) - 1fc8a2f8-9a5e-4ecd-8904-170813f007e5@group-C5BA1605619E: shutdown
2019-09-19 13:20:18,186 [main] INFO  util.JmxRegister (JmxRegister.java:unregister(73)) - Successfully un-registered JMX Bean with object name Ratis:service=RaftServer,group=group-C5BA1605619E,id=1fc8a2f8-9a5e-4ecd-8904-170813f007e5
2019-09-19 13:20:18,187 [main] INFO  impl.RoleInfo (RoleInfo.java:shutdownLeaderState(104)) - 1fc8a2f8-9a5e-4ecd-8904-170813f007e5: shutdown LeaderState
2019-09-19 13:20:18,187 [main] INFO  impl.PendingRequests (PendingRequests.java:sendNotLeaderResponses(202)) - 1fc8a2f8-9a5e-4ecd-8904-170813f007e5-PendingRequests: sendNotLeaderResponses
2019-09-19 13:20:18,192 [main] INFO  impl.StateMachineUpdater (StateMachineUpdater.java:stopAndJoin(125)) - 1fc8a2f8-9a5e-4ecd-8904-170813f007e5@group-C5BA1605619E-StateMachineUpdater: set stopIndex = 8
2019-09-19 13:20:18,192 [1fc8a2f8-9a5e-4ecd-8904-170813f007e5@group-C5BA1605619E-StateMachineUpdater] INFO  ratis.OzoneManagerStateMachine (OzoneManagerStateMachine.java:takeSnapshot(254)) - Saving Ratis snapshot on the OM.
2019-09-19 13:20:18,204 [1fc8a2f8-9a5e-4ecd-8904-170813f007e5@group-C5BA1605619E-StateMachineUpdater] INFO  ratis.OMRatisSnapshotInfo (OMRatisSnapshotInfo.java:saveRatisSnapshotToDisk(107)) - Saved Ratis Snapshot on the OM with snapshotIndex 7
2019-09-19 13:20:18,205 [1fc8a2f8-9a5e-4ecd-8904-170813f007e5@group-C5BA1605619E-StateMachineUpdater] INFO  impl.StateMachineUpdater (StateMachineUpdater.java:takeSnapshot(258)) - 1fc8a2f8-9a5e-4ecd-8904-170813f007e5@group-C5BA1605619E-StateMachineUpdater: Took a snapshot at index 7
2019-09-19 13:20:18,205 [1fc8a2f8-9a5e-4ecd-8904-170813f007e5@group-C5BA1605619E-StateMachineUpdater] INFO  impl.StateMachineUpdater (StateMachineUpdater.java:lambda$new$0(83)) - 1fc8a2f8-9a5e-4ecd-8904-170813f007e5@group-C5BA1605619E-StateMachineUpdater: snapshotIndex: updateIncreasingly -1 -> 7
2019-09-19 13:20:18,206 [1fc8a2f8-9a5e-4ecd-8904-170813f007e5@group-C5BA1605619E-StateMachineUpdater] INFO  ratis.OzoneManagerStateMachine (OzoneManagerStateMachine.java:takeSnapshot(254)) - Saving Ratis snapshot on the OM.
2019-09-19 13:20:18,207 [1fc8a2f8-9a5e-4ecd-8904-170813f007e5@group-C5BA1605619E-StateMachineUpdater] INFO  ratis.OMRatisSnapshotInfo (OMRatisSnapshotInfo.java:saveRatisSnapshotToDisk(107)) - Saved Ratis Snapshot on the OM with snapshotIndex 7
2019-09-19 13:20:18,207 [1fc8a2f8-9a5e-4ecd-8904-170813f007e5@group-C5BA1605619E-StateMachineUpdater] INFO  impl.StateMachineUpdater (StateMachineUpdater.java:takeSnapshot(258)) - 1fc8a2f8-9a5e-4ecd-8904-170813f007e5@group-C5BA1605619E-StateMachineUpdater: Took a snapshot at index 7
2019-09-19 13:20:18,208 [1fc8a2f8-9a5e-4ecd-8904-170813f007e5@group-C5BA1605619E-StateMachineUpdater] INFO  impl.StateMachineUpdater (StateMachineUpdater.java:lambda$new$0(83)) - 1fc8a2f8-9a5e-4ecd-8904-170813f007e5@group-C5BA1605619E-StateMachineUpdater: snapshotIndex: updateIncreasingly 7 -> 7
2019-09-19 13:20:18,208 [main] INFO  impl.RaftServerImpl (ServerState.java:close(385)) - 1fc8a2f8-9a5e-4ecd-8904-170813f007e5@group-C5BA1605619E: closes. applyIndex: 8
2019-09-19 13:20:18,209 [1fc8a2f8-9a5e-4ecd-8904-170813f007e5@group-C5BA1605619E-SegmentedRaftLogWorker] INFO  segmented.SegmentedRaftLogWorker (SegmentedRaftLogWorker.java:run(313)) - 1fc8a2f8-9a5e-4ecd-8904-170813f007e5@group-C5BA1605619E-SegmentedRaftLogWorker was interrupted, exiting. There are 0 tasks remaining in the queue.
2019-09-19 13:20:18,211 [main] INFO  segmented.SegmentedRaftLogWorker (SegmentedRaftLogWorker.java:close(228)) - 1fc8a2f8-9a5e-4ecd-8904-170813f007e5@group-C5BA1605619E-SegmentedRaftLogWorker close()
2019-09-19 13:20:18,214 [main] INFO  server.GrpcService (GrpcService.java:closeImpl(164)) - 1fc8a2f8-9a5e-4ecd-8904-170813f007e5: shutdown server with port 9872 now
2019-09-19 13:20:18,216 [main] INFO  server.GrpcService (GrpcService.java:closeImpl(172)) - 1fc8a2f8-9a5e-4ecd-8904-170813f007e5: shutdown server with port 9872 successfully
2019-09-19 13:20:18,216 [main] INFO  ratis.OzoneManagerDoubleBuffer (OzoneManagerDoubleBuffer.java:stop(248)) - Stopping OMDoubleBuffer flush thread
2019-09-19 13:20:18,217 [OMDoubleBufferFlushThread] INFO  ratis.OzoneManagerDoubleBuffer (OzoneManagerDoubleBuffer.java:flushTransactions(191)) - OMDoubleBuffer flush thread OMDoubleBufferFlushThread is interrupted and will exit. OMDoubleBufferFlushThread
2019-09-19 13:20:18,218 [main] INFO  utils.BackgroundService (BackgroundService.java:shutdown(148)) - Shutting down service KeyDeletingService
2019-09-19 13:20:18,221 [main] INFO  handler.ContextHandler (ContextHandler.java:doStop(910)) - Stopped o.e.j.w.WebAppContext@76889e60{/,null,UNAVAILABLE}{/ozoneManager}
2019-09-19 13:20:18,222 [main] INFO  server.AbstractConnector (AbstractConnector.java:doStop(318)) - Stopped ServerConnector@706fe5c6{HTTP/1.1,[http/1.1]}{0.0.0.0:0}
2019-09-19 13:20:18,223 [main] INFO  handler.ContextHandler (ContextHandler.java:doStop(910)) - Stopped o.e.j.s.ServletContextHandler@8a2a6a{/static,file:///workdir/hadoop-ozone/integration-test/target/test-classes/webapps/static,UNAVAILABLE}
2019-09-19 13:20:18,223 [main] INFO  handler.ContextHandler (ContextHandler.java:doStop(910)) - Stopped o.e.j.s.ServletContextHandler@55a88417{/logs,file:///workdir/hadoop-ozone/integration-test/target/log,UNAVAILABLE}
2019-09-19 13:20:18,226 [main] INFO  ozone.MiniOzoneClusterImpl (MiniOzoneClusterImpl.java:stop(335)) - Shutting the HddsDatanodes
2019-09-19 13:20:18,517 [Datanode State Machine Thread - 0] INFO  statemachine.DatanodeStateMachine (DatanodeStateMachine.java:lambda$startDaemon$0(350)) - Ozone container server started.
2019-09-19 13:20:18,588 [Datanode State Machine Thread - 0] INFO  statemachine.DatanodeStateMachine (DatanodeStateMachine.java:lambda$startDaemon$0(350)) - Ozone container server started.
2019-09-19 13:20:20,606 [grpc-default-executor-5] WARN  server.GrpcLogAppender (LogUtils.java:warn(134)) - a7f12d17-eb83-47c7-8d7f-ed96e50c5fd6@group-7D066B7D5462->e63c54ba-3a89-40c5-ad1a-fb08daaba513-AppendLogResponseHandler: Failed appendEntries: org.apache.ratis.thirdparty.io.grpc.StatusRuntimeException: UNAVAILABLE: io exception
2019-09-19 13:20:20,607 [grpc-default-executor-5] INFO  impl.FollowerInfo (FollowerInfo.java:lambda$new$0(51)) - a7f12d17-eb83-47c7-8d7f-ed96e50c5fd6@group-7D066B7D5462->e63c54ba-3a89-40c5-ad1a-fb08daaba513: nextIndex: updateUnconditionally 0 -> 0
2019-09-19 13:20:23,119 [grpc-default-executor-4] WARN  server.GrpcLogAppender (LogUtils.java:warn(134)) - a7f12d17-eb83-47c7-8d7f-ed96e50c5fd6@group-7D066B7D5462->e63c54ba-3a89-40c5-ad1a-fb08daaba513-AppendLogResponseHandler: Failed appendEntries: org.apache.ratis.thirdparty.io.grpc.StatusRuntimeException: UNAVAILABLE: io exception
2019-09-19 13:20:23,122 [grpc-default-executor-4] INFO  impl.FollowerInfo (FollowerInfo.java:lambda$new$0(51)) - a7f12d17-eb83-47c7-8d7f-ed96e50c5fd6@group-7D066B7D5462->e63c54ba-3a89-40c5-ad1a-fb08daaba513: nextIndex: updateUnconditionally 0 -> 0
2019-09-19 13:20:23,229 [main] INFO  ozoneimpl.OzoneContainer (OzoneContainer.java:stop(231)) - Attempting to stop container services.
2019-09-19 13:20:23,229 [ForkJoinPool.commonPool-worker-0] INFO  ozoneimpl.OzoneContainer (OzoneContainer.java:stop(231)) - Attempting to stop container services.
2019-09-19 13:20:23,230 [ForkJoinPool.commonPool-worker-0] INFO  impl.RaftServerProxy (RaftServerProxy.java:lambda$close$4(314)) - a7f12d17-eb83-47c7-8d7f-ed96e50c5fd6: close
2019-09-19 13:20:23,230 [main] INFO  impl.RaftServerProxy (RaftServerProxy.java:lambda$close$4(314)) - e1dbae64-cf0d-4764-8f6b-75ab46773947: close
2019-09-19 13:20:23,230 [ForkJoinPool.commonPool-worker-0] INFO  impl.RaftServerImpl (RaftServerImpl.java:lambda$shutdown$3(251)) - a7f12d17-eb83-47c7-8d7f-ed96e50c5fd6@group-7D5AB70D01BD: shutdown
2019-09-19 13:20:23,230 [main] INFO  impl.RaftServerImpl (RaftServerImpl.java:lambda$shutdown$3(251)) - e1dbae64-cf0d-4764-8f6b-75ab46773947@group-8C349708BE36: shutdown
2019-09-19 13:20:23,231 [ForkJoinPool.commonPool-worker-0] INFO  util.JmxRegister (JmxRegister.java:unregister(73)) - Successfully un-registered JMX Bean with object name Ratis:service=RaftServer,group=group-7D5AB70D01BD,id=a7f12d17-eb83-47c7-8d7f-ed96e50c5fd6
2019-09-19 13:20:23,231 [main] INFO  util.JmxRegister (JmxRegister.java:unregister(73)) - Successfully un-registered JMX Bean with object name Ratis:service=RaftServer,group=group-8C349708BE36,id=e1dbae64-cf0d-4764-8f6b-75ab46773947
2019-09-19 13:20:23,231 [main] INFO  impl.RoleInfo (RoleInfo.java:shutdownLeaderState(104)) - e1dbae64-cf0d-4764-8f6b-75ab46773947: shutdown LeaderState
2019-09-19 13:20:23,231 [ForkJoinPool.commonPool-worker-0] INFO  impl.RoleInfo (RoleInfo.java:shutdownLeaderState(104)) - a7f12d17-eb83-47c7-8d7f-ed96e50c5fd6: shutdown LeaderState
2019-09-19 13:20:23,232 [main] INFO  impl.PendingRequests (PendingRequests.java:sendNotLeaderResponses(202)) - e1dbae64-cf0d-4764-8f6b-75ab46773947-PendingRequests: sendNotLeaderResponses
2019-09-19 13:20:23,232 [ForkJoinPool.commonPool-worker-0] INFO  impl.PendingRequests (PendingRequests.java:sendNotLeaderResponses(202)) - a7f12d17-eb83-47c7-8d7f-ed96e50c5fd6-PendingRequests: sendNotLeaderResponses
2019-09-19 13:20:23,234 [main] INFO  impl.StateMachineUpdater (StateMachineUpdater.java:stopAndJoin(125)) - e1dbae64-cf0d-4764-8f6b-75ab46773947@group-8C349708BE36-StateMachineUpdater: set stopIndex = 0
2019-09-19 13:20:23,234 [ForkJoinPool.commonPool-worker-0] INFO  impl.StateMachineUpdater (StateMachineUpdater.java:stopAndJoin(125)) - a7f12d17-eb83-47c7-8d7f-ed96e50c5fd6@group-7D5AB70D01BD-StateMachineUpdater: set stopIndex = 0
2019-09-19 13:20:23,235 [ForkJoinPool.commonPool-worker-0] INFO  impl.RaftServerImpl (ServerState.java:close(385)) - a7f12d17-eb83-47c7-8d7f-ed96e50c5fd6@group-7D5AB70D01BD: closes. applyIndex: 0
2019-09-19 13:20:23,235 [main] INFO  impl.RaftServerImpl (ServerState.java:close(385)) - e1dbae64-cf0d-4764-8f6b-75ab46773947@group-8C349708BE36: closes. applyIndex: 0
2019-09-19 13:20:23,235 [a7f12d17-eb83-47c7-8d7f-ed96e50c5fd6@group-7D5AB70D01BD-SegmentedRaftLogWorker] INFO  segmented.SegmentedRaftLogWorker (SegmentedRaftLogWorker.java:run(313)) - a7f12d17-eb83-47c7-8d7f-ed96e50c5fd6@group-7D5AB70D01BD-SegmentedRaftLogWorker was interrupted, exiting. There are 0 tasks remaining in the queue.
2019-09-19 13:20:23,235 [e1dbae64-cf0d-4764-8f6b-75ab46773947@group-8C349708BE36-SegmentedRaftLogWorker] INFO  segmented.SegmentedRaftLogWorker (SegmentedRaftLogWorker.java:run(313)) - e1dbae64-cf0d-4764-8f6b-75ab46773947@group-8C349708BE36-SegmentedRaftLogWorker was interrupted, exiting. There are 0 tasks remaining in the queue.
2019-09-19 13:20:23,237 [main] INFO  segmented.SegmentedRaftLogWorker (SegmentedRaftLogWorker.java:close(228)) - e1dbae64-cf0d-4764-8f6b-75ab46773947@group-8C349708BE36-SegmentedRaftLogWorker close()
2019-09-19 13:20:23,237 [ForkJoinPool.commonPool-worker-0] INFO  segmented.SegmentedRaftLogWorker (SegmentedRaftLogWorker.java:close(228)) - a7f12d17-eb83-47c7-8d7f-ed96e50c5fd6@group-7D5AB70D01BD-SegmentedRaftLogWorker close()
2019-09-19 13:20:23,239 [main] INFO  server.GrpcService (GrpcService.java:closeImpl(164)) - e1dbae64-cf0d-4764-8f6b-75ab46773947: shutdown server with port 44293 now
2019-09-19 13:20:23,241 [ForkJoinPool.commonPool-worker-0] INFO  impl.RaftServerImpl (RaftServerImpl.java:lambda$shutdown$3(251)) - a7f12d17-eb83-47c7-8d7f-ed96e50c5fd6@group-7D066B7D5462: shutdown
2019-09-19 13:20:23,242 [main] INFO  server.GrpcService (GrpcService.java:closeImpl(172)) - e1dbae64-cf0d-4764-8f6b-75ab46773947: shutdown server with port 44293 successfully
2019-09-19 13:20:23,242 [ForkJoinPool.commonPool-worker-0] INFO  util.JmxRegister (JmxRegister.java:unregister(73)) - Successfully un-registered JMX Bean with object name Ratis:service=RaftServer,group=group-7D066B7D5462,id=a7f12d17-eb83-47c7-8d7f-ed96e50c5fd6
2019-09-19 13:20:23,242 [ForkJoinPool.commonPool-worker-0] INFO  impl.RoleInfo (RoleInfo.java:shutdownLeaderState(104)) - a7f12d17-eb83-47c7-8d7f-ed96e50c5fd6: shutdown LeaderState
2019-09-19 13:20:23,244 [ForkJoinPool.commonPool-worker-0] INFO  impl.PendingRequests (PendingRequests.java:sendNotLeaderResponses(202)) - a7f12d17-eb83-47c7-8d7f-ed96e50c5fd6-PendingRequests: sendNotLeaderResponses
2019-09-19 13:20:23,244 [org.apache.ratis.server.impl.LogAppender$AppenderDaemon$$Lambda$515/1836213781@5377c2c4] WARN  server.GrpcLogAppender (GrpcLogAppender.java:mayWait(143)) - a7f12d17-eb83-47c7-8d7f-ed96e50c5fd6@group-7D066B7D5462->e63c54ba-3a89-40c5-ad1a-fb08daaba513-GrpcLogAppender: Wait interrupted by java.lang.InterruptedException
2019-09-19 13:20:23,244 [org.apache.ratis.server.impl.LogAppender$AppenderDaemon$$Lambda$515/1836213781@1d4bea92] WARN  server.GrpcLogAppender (GrpcLogAppender.java:mayWait(143)) - a7f12d17-eb83-47c7-8d7f-ed96e50c5fd6@group-7D066B7D5462->4ee3e14a-7ab2-47e7-be3c-5d35c46c381a-GrpcLogAppender: Wait interrupted by java.lang.InterruptedException
2019-09-19 13:20:23,245 [refreshUsed-/workdir/hadoop-ozone/integration-test/target/test-dir/MiniOzoneClusterImpl-e9843695-6be0-4f8f-b95a-59679a9cffc8/datanode-3/data/containers] WARN  fs.CachingGetSpaceUsed (CachingGetSpaceUsed.java:run(183)) - Thread Interrupted waiting to refresh disk information: sleep interrupted
2019-09-19 13:20:23,248 [grpc-default-executor-4] INFO  server.GrpcServerProtocolService (GrpcServerProtocolService.java:onCompleted(113)) - 4ee3e14a-7ab2-47e7-be3c-5d35c46c381a: Completed APPEND_ENTRIES, lastRequest: a7f12d17-eb83-47c7-8d7f-ed96e50c5fd6->4ee3e14a-7ab2-47e7-be3c-5d35c46c381a#18-t3, previous=(t:3, i:6), leaderCommit=6, initializing? false, entries: <empty>
2019-09-19 13:20:23,250 [grpc-default-executor-4] INFO  server.GrpcLogAppender (GrpcLogAppender.java:onCompleted(293)) - a7f12d17-eb83-47c7-8d7f-ed96e50c5fd6@group-7D066B7D5462->4ee3e14a-7ab2-47e7-be3c-5d35c46c381a-AppendLogResponseHandler: follower responses appendEntries COMPLETED
2019-09-19 13:20:23,250 [grpc-default-executor-4] INFO  impl.FollowerInfo (FollowerInfo.java:lambda$new$0(51)) - a7f12d17-eb83-47c7-8d7f-ed96e50c5fd6@group-7D066B7D5462->4ee3e14a-7ab2-47e7-be3c-5d35c46c381a: nextIndex: updateUnconditionally 7 -> 6
2019-09-19 13:20:23,252 [ForkJoinPool.commonPool-worker-0] INFO  impl.StateMachineUpdater (StateMachineUpdater.java:stopAndJoin(125)) - a7f12d17-eb83-47c7-8d7f-ed96e50c5fd6@group-7D066B7D5462-StateMachineUpdater: set stopIndex = 6
2019-09-19 13:20:23,252 [a7f12d17-eb83-47c7-8d7f-ed96e50c5fd6@group-7D066B7D5462-StateMachineUpdater] INFO  ratis.ContainerStateMachine (ContainerStateMachine.java:takeSnapshot(289)) - group-7D066B7D5462: Taking a snapshot at:(t:3, i:6) file /workdir/hadoop-ozone/integration-test/target/test-dir/MiniOzoneClusterImpl-e9843695-6be0-4f8f-b95a-59679a9cffc8/datanode-1/data/ratis/10f373d2-a54c-4bf4-831c-7d066b7d5462/sm/snapshot.3_6
2019-09-19 13:20:23,269 [a7f12d17-eb83-47c7-8d7f-ed96e50c5fd6@group-7D066B7D5462-StateMachineUpdater] INFO  ratis.ContainerStateMachine (ContainerStateMachine.java:takeSnapshot(300)) - group-7D066B7D5462: Finished taking a snapshot at:(t:3, i:6) file:/workdir/hadoop-ozone/integration-test/target/test-dir/MiniOzoneClusterImpl-e9843695-6be0-4f8f-b95a-59679a9cffc8/datanode-1/data/ratis/10f373d2-a54c-4bf4-831c-7d066b7d5462/sm/snapshot.3_6 time:16
2019-09-19 13:20:23,269 [a7f12d17-eb83-47c7-8d7f-ed96e50c5fd6@group-7D066B7D5462-StateMachineUpdater] INFO  impl.StateMachineUpdater (StateMachineUpdater.java:takeSnapshot(258)) - a7f12d17-eb83-47c7-8d7f-ed96e50c5fd6@group-7D066B7D5462-StateMachineUpdater: Took a snapshot at index 6
2019-09-19 13:20:23,269 [a7f12d17-eb83-47c7-8d7f-ed96e50c5fd6@group-7D066B7D5462-StateMachineUpdater] INFO  impl.StateMachineUpdater (StateMachineUpdater.java:lambda$new$0(83)) - a7f12d17-eb83-47c7-8d7f-ed96e50c5fd6@group-7D066B7D5462-StateMachineUpdater: snapshotIndex: updateIncreasingly -1 -> 6
2019-09-19 13:20:23,270 [ForkJoinPool.commonPool-worker-0] INFO  impl.RaftServerImpl (ServerState.java:close(385)) - a7f12d17-eb83-47c7-8d7f-ed96e50c5fd6@group-7D066B7D5462: closes. applyIndex: 6
2019-09-19 13:20:23,270 [a7f12d17-eb83-47c7-8d7f-ed96e50c5fd6@group-7D066B7D5462-SegmentedRaftLogWorker] INFO  segmented.SegmentedRaftLogWorker (SegmentedRaftLogWorker.java:run(313)) - a7f12d17-eb83-47c7-8d7f-ed96e50c5fd6@group-7D066B7D5462-SegmentedRaftLogWorker was interrupted, exiting. There are 0 tasks remaining in the queue.
2019-09-19 13:20:23,271 [ForkJoinPool.commonPool-worker-0] INFO  segmented.SegmentedRaftLogWorker (SegmentedRaftLogWorker.java:close(228)) - a7f12d17-eb83-47c7-8d7f-ed96e50c5fd6@group-7D066B7D5462-SegmentedRaftLogWorker close()
2019-09-19 13:20:23,273 [main] INFO  utils.BackgroundService (BackgroundService.java:shutdown(148)) - Shutting down service BlockDeletingService
2019-09-19 13:20:23,273 [ForkJoinPool.commonPool-worker-0] INFO  server.GrpcService (GrpcService.java:closeImpl(164)) - a7f12d17-eb83-47c7-8d7f-ed96e50c5fd6: shutdown server with port 40348 now
2019-09-19 13:20:23,275 [main] INFO  statemachine.DatanodeStateMachine (DatanodeStateMachine.java:stopDaemon(395)) - Ozone container server stopped.
2019-09-19 13:20:23,276 [ForkJoinPool.commonPool-worker-0] INFO  server.GrpcService (GrpcService.java:closeImpl(172)) - a7f12d17-eb83-47c7-8d7f-ed96e50c5fd6: shutdown server with port 40348 successfully
2019-09-19 13:20:23,282 [refreshUsed-/workdir/hadoop-ozone/integration-test/target/test-dir/MiniOzoneClusterImpl-e9843695-6be0-4f8f-b95a-59679a9cffc8/datanode-1/data/containers] WARN  fs.CachingGetSpaceUsed (CachingGetSpaceUsed.java:run(183)) - Thread Interrupted waiting to refresh disk information: sleep interrupted
2019-09-19 13:20:23,293 [ForkJoinPool.commonPool-worker-0] INFO  utils.BackgroundService (BackgroundService.java:shutdown(148)) - Shutting down service BlockDeletingService
2019-09-19 13:20:23,296 [ForkJoinPool.commonPool-worker-0] INFO  statemachine.DatanodeStateMachine (DatanodeStateMachine.java:stopDaemon(395)) - Ozone container server stopped.
2019-09-19 13:20:23,911 [ForkJoinPool.commonPool-worker-0] INFO  handler.ContextHandler (ContextHandler.java:doStop(910)) - Stopped o.e.j.w.WebAppContext@329bad59{/,null,UNAVAILABLE}{/hddsDatanode}
2019-09-19 13:20:23,911 [main] INFO  handler.ContextHandler (ContextHandler.java:doStop(910)) - Stopped o.e.j.w.WebAppContext@5d97caa4{/,null,UNAVAILABLE}{/hddsDatanode}
2019-09-19 13:20:23,913 [ForkJoinPool.commonPool-worker-0] INFO  server.AbstractConnector (AbstractConnector.java:doStop(318)) - Stopped ServerConnector@862f408{HTTP/1.1,[http/1.1]}{0.0.0.0:0}
2019-09-19 13:20:23,913 [main] INFO  server.AbstractConnector (AbstractConnector.java:doStop(318)) - Stopped ServerConnector@6732726{HTTP/1.1,[http/1.1]}{0.0.0.0:0}
2019-09-19 13:20:23,915 [ForkJoinPool.commonPool-worker-0] INFO  handler.ContextHandler (ContextHandler.java:doStop(910)) - Stopped o.e.j.s.ServletContextHandler@3c87fdf2{/static,jar:file:/home/user/.m2/repository/org/apache/hadoop/hadoop-hdds-container-service/0.5.0-SNAPSHOT/hadoop-hdds-container-service-0.5.0-SNAPSHOT.jar!/webapps/static,UNAVAILABLE}
2019-09-19 13:20:23,915 [main] INFO  handler.ContextHandler (ContextHandler.java:doStop(910)) - Stopped o.e.j.s.ServletContextHandler@4784efd9{/static,jar:file:/home/user/.m2/repository/org/apache/hadoop/hadoop-hdds-container-service/0.5.0-SNAPSHOT/hadoop-hdds-container-service-0.5.0-SNAPSHOT.jar!/webapps/static,UNAVAILABLE}
2019-09-19 13:20:23,916 [ForkJoinPool.commonPool-worker-0] INFO  handler.ContextHandler (ContextHandler.java:doStop(910)) - Stopped o.e.j.s.ServletContextHandler@4f5b08d{/logs,file:///workdir/hadoop-ozone/integration-test/target/log,UNAVAILABLE}
2019-09-19 13:20:23,916 [main] INFO  handler.ContextHandler (ContextHandler.java:doStop(910)) - Stopped o.e.j.s.ServletContextHandler@3c3820bb{/logs,file:///workdir/hadoop-ozone/integration-test/target/log,UNAVAILABLE}
2019-09-19 13:20:24,590 [Datanode State Machine Thread - 0] INFO  statemachine.DatanodeStateMachine (DatanodeStateMachine.java:lambda$startDaemon$0(350)) - Ozone container server started.
2019-09-19 13:20:28,484 [Thread-295] INFO  impl.FollowerState (FollowerState.java:run(106)) - 4ee3e14a-7ab2-47e7-be3c-5d35c46c381a:group-7D066B7D5462 changes to CANDIDATE, lastRpcTime:5357, electionTimeout:5123ms
2019-09-19 13:20:28,485 [Thread-295] INFO  impl.RoleInfo (RoleInfo.java:shutdownFollowerState(121)) - 4ee3e14a-7ab2-47e7-be3c-5d35c46c381a: shutdown FollowerState
2019-09-19 13:20:28,485 [Thread-295] INFO  impl.RaftServerImpl (RaftServerImpl.java:setRole(174)) - 4ee3e14a-7ab2-47e7-be3c-5d35c46c381a@group-7D066B7D5462: changes role from  FOLLOWER to CANDIDATE at term 3 for changeToCandidate
2019-09-19 13:20:28,485 [Thread-295] INFO  impl.RoleInfo (RoleInfo.java:updateAndGet(143)) - 4ee3e14a-7ab2-47e7-be3c-5d35c46c381a: start LeaderElection
2019-09-19 13:20:28,486 [4ee3e14a-7ab2-47e7-be3c-5d35c46c381a@group-7D066B7D5462:LeaderElection13] INFO  impl.RaftServerImpl (ServerState.java:setLeader(253)) - 4ee3e14a-7ab2-47e7-be3c-5d35c46c381a@group-7D066B7D5462: change Leader from a7f12d17-eb83-47c7-8d7f-ed96e50c5fd6 to null at term 3 for initElection
2019-09-19 13:20:28,499 [4ee3e14a-7ab2-47e7-be3c-5d35c46c381a@group-7D066B7D5462:LeaderElection13] INFO  impl.LeaderElection (LeaderElection.java:askForVotes(182)) - 4ee3e14a-7ab2-47e7-be3c-5d35c46c381a@group-7D066B7D5462:LeaderElection13: begin an election at term 4 for 0: [4ee3e14a-7ab2-47e7-be3c-5d35c46c381a:192.168.34.51:45559, a7f12d17-eb83-47c7-8d7f-ed96e50c5fd6:192.168.34.51:40348, e63c54ba-3a89-40c5-ad1a-fb08daaba513:192.168.34.51:36195], old=null
2019-09-19 13:20:28,505 [4ee3e14a-7ab2-47e7-be3c-5d35c46c381a@group-7D066B7D5462:LeaderElection13] INFO  impl.LeaderElection (LogUtils.java:infoOrTrace(149)) - 4ee3e14a-7ab2-47e7-be3c-5d35c46c381a@group-7D066B7D5462:LeaderElection13 got exception when requesting votes: {}
java.util.concurrent.ExecutionException: org.apache.ratis.thirdparty.io.grpc.StatusRuntimeException: UNAVAILABLE: io exception
	at java.util.concurrent.FutureTask.report(FutureTask.java:122)
	at java.util.concurrent.FutureTask.get(FutureTask.java:192)
	at org.apache.ratis.server.impl.LeaderElection.waitForResults(LeaderElection.java:263)
	at org.apache.ratis.server.impl.LeaderElection.askForVotes(LeaderElection.java:201)
	at org.apache.ratis.server.impl.LeaderElection.run(LeaderElection.java:133)
	at java.lang.Thread.run(Thread.java:748)
Caused by: org.apache.ratis.thirdparty.io.grpc.StatusRuntimeException: UNAVAILABLE: io exception
	at org.apache.ratis.thirdparty.io.grpc.stub.ClientCalls.toStatusRuntimeException(ClientCalls.java:233)
	at org.apache.ratis.thirdparty.io.grpc.stub.ClientCalls.getUnchecked(ClientCalls.java:214)
	at org.apache.ratis.thirdparty.io.grpc.stub.ClientCalls.blockingUnaryCall(ClientCalls.java:139)
	at org.apache.ratis.proto.grpc.RaftServerProtocolServiceGrpc$RaftServerProtocolServiceBlockingStub.requestVote(RaftServerProtocolServiceGrpc.java:265)
	at org.apache.ratis.grpc.server.GrpcServerProtocolClient.requestVote(GrpcServerProtocolClient.java:90)
	at org.apache.ratis.grpc.server.GrpcService.requestVote(GrpcService.java:204)
	at org.apache.ratis.server.impl.LeaderElection.lambda$submitRequests$1(LeaderElection.java:238)
	at java.util.concurrent.FutureTask.run(FutureTask.java:266)
	at java.util.concurrent.Executors$RunnableAdapter.call(Executors.java:511)
	at java.util.concurrent.FutureTask.run(FutureTask.java:266)
	at java.util.concurrent.ThreadPoolExecutor.runWorker(ThreadPoolExecutor.java:1149)
	at java.util.concurrent.ThreadPoolExecutor$Worker.run(ThreadPoolExecutor.java:624)
	... 1 more
Caused by: org.apache.ratis.thirdparty.io.netty.channel.AbstractChannel$AnnotatedConnectException: Connection refused: /192.168.34.51:40348
	at sun.nio.ch.SocketChannelImpl.checkConnect(Native Method)
	at sun.nio.ch.SocketChannelImpl.finishConnect(SocketChannelImpl.java:717)
	at org.apache.ratis.thirdparty.io.netty.channel.socket.nio.NioSocketChannel.doFinishConnect(NioSocketChannel.java:327)
	at org.apache.ratis.thirdparty.io.netty.channel.nio.AbstractNioChannel$AbstractNioUnsafe.finishConnect(AbstractNioChannel.java:340)
	at org.apache.ratis.thirdparty.io.netty.channel.nio.NioEventLoop.processSelectedKey(NioEventLoop.java:632)
	at org.apache.ratis.thirdparty.io.netty.channel.nio.NioEventLoop.processSelectedKeysOptimized(NioEventLoop.java:579)
	at org.apache.ratis.thirdparty.io.netty.channel.nio.NioEventLoop.processSelectedKeys(NioEventLoop.java:496)
	at org.apache.ratis.thirdparty.io.netty.channel.nio.NioEventLoop.run(NioEventLoop.java:458)
	at org.apache.ratis.thirdparty.io.netty.util.concurrent.SingleThreadEventExecutor$5.run(SingleThreadEventExecutor.java:897)
	at org.apache.ratis.thirdparty.io.netty.util.concurrent.FastThreadLocalRunnable.run(FastThreadLocalRunnable.java:30)
	... 1 more
Caused by: java.net.ConnectException: Connection refused
	... 11 more
2019-09-19 13:20:28,507 [4ee3e14a-7ab2-47e7-be3c-5d35c46c381a@group-7D066B7D5462:LeaderElection13] INFO  impl.LeaderElection (LogUtils.java:infoOrTrace(149)) - 4ee3e14a-7ab2-47e7-be3c-5d35c46c381a@group-7D066B7D5462:LeaderElection13 got exception when requesting votes: {}
java.util.concurrent.ExecutionException: org.apache.ratis.thirdparty.io.grpc.StatusRuntimeException: UNAVAILABLE: io exception
	at java.util.concurrent.FutureTask.report(FutureTask.java:122)
	at java.util.concurrent.FutureTask.get(FutureTask.java:192)
	at org.apache.ratis.server.impl.LeaderElection.waitForResults(LeaderElection.java:263)
	at org.apache.ratis.server.impl.LeaderElection.askForVotes(LeaderElection.java:201)
	at org.apache.ratis.server.impl.LeaderElection.run(LeaderElection.java:133)
	at java.lang.Thread.run(Thread.java:748)
Caused by: org.apache.ratis.thirdparty.io.grpc.StatusRuntimeException: UNAVAILABLE: io exception
	at org.apache.ratis.thirdparty.io.grpc.stub.ClientCalls.toStatusRuntimeException(ClientCalls.java:233)
	at org.apache.ratis.thirdparty.io.grpc.stub.ClientCalls.getUnchecked(ClientCalls.java:214)
	at org.apache.ratis.thirdparty.io.grpc.stub.ClientCalls.blockingUnaryCall(ClientCalls.java:139)
	at org.apache.ratis.proto.grpc.RaftServerProtocolServiceGrpc$RaftServerProtocolServiceBlockingStub.requestVote(RaftServerProtocolServiceGrpc.java:265)
	at org.apache.ratis.grpc.server.GrpcServerProtocolClient.requestVote(GrpcServerProtocolClient.java:90)
	at org.apache.ratis.grpc.server.GrpcService.requestVote(GrpcService.java:204)
	at org.apache.ratis.server.impl.LeaderElection.lambda$submitRequests$1(LeaderElection.java:238)
	at java.util.concurrent.FutureTask.run(FutureTask.java:266)
	at java.util.concurrent.Executors$RunnableAdapter.call(Executors.java:511)
	at java.util.concurrent.FutureTask.run(FutureTask.java:266)
	at java.util.concurrent.ThreadPoolExecutor.runWorker(ThreadPoolExecutor.java:1149)
	at java.util.concurrent.ThreadPoolExecutor$Worker.run(ThreadPoolExecutor.java:624)
	... 1 more
Caused by: org.apache.ratis.thirdparty.io.netty.channel.AbstractChannel$AnnotatedConnectException: Connection refused: /192.168.34.51:36195
	at sun.nio.ch.SocketChannelImpl.checkConnect(Native Method)
	at sun.nio.ch.SocketChannelImpl.finishConnect(SocketChannelImpl.java:717)
	at org.apache.ratis.thirdparty.io.netty.channel.socket.nio.NioSocketChannel.doFinishConnect(NioSocketChannel.java:327)
	at org.apache.ratis.thirdparty.io.netty.channel.nio.AbstractNioChannel$AbstractNioUnsafe.finishConnect(AbstractNioChannel.java:340)
	at org.apache.ratis.thirdparty.io.netty.channel.nio.NioEventLoop.processSelectedKey(NioEventLoop.java:632)
	at org.apache.ratis.thirdparty.io.netty.channel.nio.NioEventLoop.processSelectedKeysOptimized(NioEventLoop.java:579)
	at org.apache.ratis.thirdparty.io.netty.channel.nio.NioEventLoop.processSelectedKeys(NioEventLoop.java:496)
	at org.apache.ratis.thirdparty.io.netty.channel.nio.NioEventLoop.run(NioEventLoop.java:458)
	at org.apache.ratis.thirdparty.io.netty.util.concurrent.SingleThreadEventExecutor$5.run(SingleThreadEventExecutor.java:897)
	at org.apache.ratis.thirdparty.io.netty.util.concurrent.FastThreadLocalRunnable.run(FastThreadLocalRunnable.java:30)
	... 1 more
Caused by: java.net.ConnectException: Connection refused
	... 11 more
2019-09-19 13:20:28,509 [4ee3e14a-7ab2-47e7-be3c-5d35c46c381a@group-7D066B7D5462:LeaderElection13] INFO  impl.LeaderElection (LeaderElection.java:logAndReturn(56)) - 4ee3e14a-7ab2-47e7-be3c-5d35c46c381a@group-7D066B7D5462:LeaderElection13: Election REJECTED; received 0 response(s) [] and 2 exception(s); 4ee3e14a-7ab2-47e7-be3c-5d35c46c381a@group-7D066B7D5462:t4, leader=null, voted=4ee3e14a-7ab2-47e7-be3c-5d35c46c381a, raftlog=4ee3e14a-7ab2-47e7-be3c-5d35c46c381a@group-7D066B7D5462-SegmentedRaftLog:OPENED:c6,f6,i6, conf=0: [4ee3e14a-7ab2-47e7-be3c-5d35c46c381a:192.168.34.51:45559, a7f12d17-eb83-47c7-8d7f-ed96e50c5fd6:192.168.34.51:40348, e63c54ba-3a89-40c5-ad1a-fb08daaba513:192.168.34.51:36195], old=null
2019-09-19 13:20:28,510 [4ee3e14a-7ab2-47e7-be3c-5d35c46c381a@group-7D066B7D5462:LeaderElection13] INFO  impl.LeaderElection (LogUtils.java:infoOrTrace(149)) -   Exception 0: {}
java.util.concurrent.ExecutionException: org.apache.ratis.thirdparty.io.grpc.StatusRuntimeException: UNAVAILABLE: io exception
	at java.util.concurrent.FutureTask.report(FutureTask.java:122)
	at java.util.concurrent.FutureTask.get(FutureTask.java:192)
	at org.apache.ratis.server.impl.LeaderElection.waitForResults(LeaderElection.java:263)
	at org.apache.ratis.server.impl.LeaderElection.askForVotes(LeaderElection.java:201)
	at org.apache.ratis.server.impl.LeaderElection.run(LeaderElection.java:133)
	at java.lang.Thread.run(Thread.java:748)
Caused by: org.apache.ratis.thirdparty.io.grpc.StatusRuntimeException: UNAVAILABLE: io exception
	at org.apache.ratis.thirdparty.io.grpc.stub.ClientCalls.toStatusRuntimeException(ClientCalls.java:233)
	at org.apache.ratis.thirdparty.io.grpc.stub.ClientCalls.getUnchecked(ClientCalls.java:214)
	at org.apache.ratis.thirdparty.io.grpc.stub.ClientCalls.blockingUnaryCall(ClientCalls.java:139)
	at org.apache.ratis.proto.grpc.RaftServerProtocolServiceGrpc$RaftServerProtocolServiceBlockingStub.requestVote(RaftServerProtocolServiceGrpc.java:265)
	at org.apache.ratis.grpc.server.GrpcServerProtocolClient.requestVote(GrpcServerProtocolClient.java:90)
	at org.apache.ratis.grpc.server.GrpcService.requestVote(GrpcService.java:204)
	at org.apache.ratis.server.impl.LeaderElection.lambda$submitRequests$1(LeaderElection.java:238)
	at java.util.concurrent.FutureTask.run(FutureTask.java:266)
	at java.util.concurrent.Executors$RunnableAdapter.call(Executors.java:511)
	at java.util.concurrent.FutureTask.run(FutureTask.java:266)
	at java.util.concurrent.ThreadPoolExecutor.runWorker(ThreadPoolExecutor.java:1149)
	at java.util.concurrent.ThreadPoolExecutor$Worker.run(ThreadPoolExecutor.java:624)
	... 1 more
Caused by: org.apache.ratis.thirdparty.io.netty.channel.AbstractChannel$AnnotatedConnectException: Connection refused: /192.168.34.51:40348
	at sun.nio.ch.SocketChannelImpl.checkConnect(Native Method)
	at sun.nio.ch.SocketChannelImpl.finishConnect(SocketChannelImpl.java:717)
	at org.apache.ratis.thirdparty.io.netty.channel.socket.nio.NioSocketChannel.doFinishConnect(NioSocketChannel.java:327)
	at org.apache.ratis.thirdparty.io.netty.channel.nio.AbstractNioChannel$AbstractNioUnsafe.finishConnect(AbstractNioChannel.java:340)
	at org.apache.ratis.thirdparty.io.netty.channel.nio.NioEventLoop.processSelectedKey(NioEventLoop.java:632)
	at org.apache.ratis.thirdparty.io.netty.channel.nio.NioEventLoop.processSelectedKeysOptimized(NioEventLoop.java:579)
	at org.apache.ratis.thirdparty.io.netty.channel.nio.NioEventLoop.processSelectedKeys(NioEventLoop.java:496)
	at org.apache.ratis.thirdparty.io.netty.channel.nio.NioEventLoop.run(NioEventLoop.java:458)
	at org.apache.ratis.thirdparty.io.netty.util.concurrent.SingleThreadEventExecutor$5.run(SingleThreadEventExecutor.java:897)
	at org.apache.ratis.thirdparty.io.netty.util.concurrent.FastThreadLocalRunnable.run(FastThreadLocalRunnable.java:30)
	... 1 more
Caused by: java.net.ConnectException: Connection refused
	... 11 more
2019-09-19 13:20:28,511 [4ee3e14a-7ab2-47e7-be3c-5d35c46c381a@group-7D066B7D5462:LeaderElection13] INFO  impl.LeaderElection (LogUtils.java:infoOrTrace(149)) -   Exception 1: {}
java.util.concurrent.ExecutionException: org.apache.ratis.thirdparty.io.grpc.StatusRuntimeException: UNAVAILABLE: io exception
	at java.util.concurrent.FutureTask.report(FutureTask.java:122)
	at java.util.concurrent.FutureTask.get(FutureTask.java:192)
	at org.apache.ratis.server.impl.LeaderElection.waitForResults(LeaderElection.java:263)
	at org.apache.ratis.server.impl.LeaderElection.askForVotes(LeaderElection.java:201)
	at org.apache.ratis.server.impl.LeaderElection.run(LeaderElection.java:133)
	at java.lang.Thread.run(Thread.java:748)
Caused by: org.apache.ratis.thirdparty.io.grpc.StatusRuntimeException: UNAVAILABLE: io exception
	at org.apache.ratis.thirdparty.io.grpc.stub.ClientCalls.toStatusRuntimeException(ClientCalls.java:233)
	at org.apache.ratis.thirdparty.io.grpc.stub.ClientCalls.getUnchecked(ClientCalls.java:214)
	at org.apache.ratis.thirdparty.io.grpc.stub.ClientCalls.blockingUnaryCall(ClientCalls.java:139)
	at org.apache.ratis.proto.grpc.RaftServerProtocolServiceGrpc$RaftServerProtocolServiceBlockingStub.requestVote(RaftServerProtocolServiceGrpc.java:265)
	at org.apache.ratis.grpc.server.GrpcServerProtocolClient.requestVote(GrpcServerProtocolClient.java:90)
	at org.apache.ratis.grpc.server.GrpcService.requestVote(GrpcService.java:204)
	at org.apache.ratis.server.impl.LeaderElection.lambda$submitRequests$1(LeaderElection.java:238)
	at java.util.concurrent.FutureTask.run(FutureTask.java:266)
	at java.util.concurrent.Executors$RunnableAdapter.call(Executors.java:511)
	at java.util.concurrent.FutureTask.run(FutureTask.java:266)
	at java.util.concurrent.ThreadPoolExecutor.runWorker(ThreadPoolExecutor.java:1149)
	at java.util.concurrent.ThreadPoolExecutor$Worker.run(ThreadPoolExecutor.java:624)
	... 1 more
Caused by: org.apache.ratis.thirdparty.io.netty.channel.AbstractChannel$AnnotatedConnectException: Connection refused: /192.168.34.51:36195
	at sun.nio.ch.SocketChannelImpl.checkConnect(Native Method)
	at sun.nio.ch.SocketChannelImpl.finishConnect(SocketChannelImpl.java:717)
	at org.apache.ratis.thirdparty.io.netty.channel.socket.nio.NioSocketChannel.doFinishConnect(NioSocketChannel.java:327)
	at org.apache.ratis.thirdparty.io.netty.channel.nio.AbstractNioChannel$AbstractNioUnsafe.finishConnect(AbstractNioChannel.java:340)
	at org.apache.ratis.thirdparty.io.netty.channel.nio.NioEventLoop.processSelectedKey(NioEventLoop.java:632)
	at org.apache.ratis.thirdparty.io.netty.channel.nio.NioEventLoop.processSelectedKeysOptimized(NioEventLoop.java:579)
	at org.apache.ratis.thirdparty.io.netty.channel.nio.NioEventLoop.processSelectedKeys(NioEventLoop.java:496)
	at org.apache.ratis.thirdparty.io.netty.channel.nio.NioEventLoop.run(NioEventLoop.java:458)
	at org.apache.ratis.thirdparty.io.netty.util.concurrent.SingleThreadEventExecutor$5.run(SingleThreadEventExecutor.java:897)
	at org.apache.ratis.thirdparty.io.netty.util.concurrent.FastThreadLocalRunnable.run(FastThreadLocalRunnable.java:30)
	... 1 more
Caused by: java.net.ConnectException: Connection refused
	... 11 more
2019-09-19 13:20:28,512 [4ee3e14a-7ab2-47e7-be3c-5d35c46c381a@group-7D066B7D5462:LeaderElection13] INFO  impl.RaftServerImpl (RaftServerImpl.java:setRole(174)) - 4ee3e14a-7ab2-47e7-be3c-5d35c46c381a@group-7D066B7D5462: changes role from CANDIDATE to FOLLOWER at term 4 for DISCOVERED_A_NEW_TERM
2019-09-19 13:20:28,512 [4ee3e14a-7ab2-47e7-be3c-5d35c46c381a@group-7D066B7D5462:LeaderElection13] INFO  impl.RoleInfo (RoleInfo.java:shutdownLeaderElection(134)) - 4ee3e14a-7ab2-47e7-be3c-5d35c46c381a: shutdown LeaderElection
2019-09-19 13:20:28,512 [4ee3e14a-7ab2-47e7-be3c-5d35c46c381a@group-7D066B7D5462:LeaderElection13] INFO  impl.RoleInfo (RoleInfo.java:updateAndGet(143)) - 4ee3e14a-7ab2-47e7-be3c-5d35c46c381a: start FollowerState
2019-09-19 13:20:28,918 [ForkJoinPool.commonPool-worker-0] INFO  ozoneimpl.OzoneContainer (OzoneContainer.java:stop(231)) - Attempting to stop container services.
2019-09-19 13:20:28,920 [ForkJoinPool.commonPool-worker-0] INFO  impl.RaftServerProxy (RaftServerProxy.java:lambda$close$4(314)) - 4ee3e14a-7ab2-47e7-be3c-5d35c46c381a: close
2019-09-19 13:20:28,920 [ForkJoinPool.commonPool-worker-0] INFO  impl.RaftServerImpl (RaftServerImpl.java:lambda$shutdown$3(251)) - 4ee3e14a-7ab2-47e7-be3c-5d35c46c381a@group-6EC32BCFED81: shutdown
2019-09-19 13:20:28,920 [ForkJoinPool.commonPool-worker-0] INFO  util.JmxRegister (JmxRegister.java:unregister(73)) - Successfully un-registered JMX Bean with object name Ratis:service=RaftServer,group=group-6EC32BCFED81,id=4ee3e14a-7ab2-47e7-be3c-5d35c46c381a
2019-09-19 13:20:28,920 [ForkJoinPool.commonPool-worker-0] INFO  impl.RoleInfo (RoleInfo.java:shutdownLeaderState(104)) - 4ee3e14a-7ab2-47e7-be3c-5d35c46c381a: shutdown LeaderState
2019-09-19 13:20:28,921 [ForkJoinPool.commonPool-worker-0] INFO  impl.PendingRequests (PendingRequests.java:sendNotLeaderResponses(202)) - 4ee3e14a-7ab2-47e7-be3c-5d35c46c381a-PendingRequests: sendNotLeaderResponses
2019-09-19 13:20:28,922 [ForkJoinPool.commonPool-worker-0] INFO  impl.StateMachineUpdater (StateMachineUpdater.java:stopAndJoin(125)) - 4ee3e14a-7ab2-47e7-be3c-5d35c46c381a@group-6EC32BCFED81-StateMachineUpdater: set stopIndex = 0
2019-09-19 13:20:28,922 [ForkJoinPool.commonPool-worker-0] INFO  impl.RaftServerImpl (ServerState.java:close(385)) - 4ee3e14a-7ab2-47e7-be3c-5d35c46c381a@group-6EC32BCFED81: closes. applyIndex: 0
2019-09-19 13:20:28,922 [4ee3e14a-7ab2-47e7-be3c-5d35c46c381a@group-6EC32BCFED81-SegmentedRaftLogWorker] INFO  segmented.SegmentedRaftLogWorker (SegmentedRaftLogWorker.java:run(313)) - 4ee3e14a-7ab2-47e7-be3c-5d35c46c381a@group-6EC32BCFED81-SegmentedRaftLogWorker was interrupted, exiting. There are 0 tasks remaining in the queue.
2019-09-19 13:20:28,924 [ForkJoinPool.commonPool-worker-0] INFO  segmented.SegmentedRaftLogWorker (SegmentedRaftLogWorker.java:close(228)) - 4ee3e14a-7ab2-47e7-be3c-5d35c46c381a@group-6EC32BCFED81-SegmentedRaftLogWorker close()
2019-09-19 13:20:28,927 [ForkJoinPool.commonPool-worker-0] INFO  impl.RaftServerImpl (RaftServerImpl.java:lambda$shutdown$3(251)) - 4ee3e14a-7ab2-47e7-be3c-5d35c46c381a@group-7D066B7D5462: shutdown
2019-09-19 13:20:28,927 [ForkJoinPool.commonPool-worker-0] INFO  util.JmxRegister (JmxRegister.java:unregister(73)) - Successfully un-registered JMX Bean with object name Ratis:service=RaftServer,group=group-7D066B7D5462,id=4ee3e14a-7ab2-47e7-be3c-5d35c46c381a
2019-09-19 13:20:28,927 [ForkJoinPool.commonPool-worker-0] INFO  impl.RoleInfo (RoleInfo.java:shutdownFollowerState(121)) - 4ee3e14a-7ab2-47e7-be3c-5d35c46c381a: shutdown FollowerState
2019-09-19 13:20:28,928 [ForkJoinPool.commonPool-worker-0] INFO  impl.StateMachineUpdater (StateMachineUpdater.java:stopAndJoin(125)) - 4ee3e14a-7ab2-47e7-be3c-5d35c46c381a@group-7D066B7D5462-StateMachineUpdater: set stopIndex = 6
2019-09-19 13:20:28,928 [4ee3e14a-7ab2-47e7-be3c-5d35c46c381a@group-7D066B7D5462-StateMachineUpdater] INFO  ratis.ContainerStateMachine (ContainerStateMachine.java:takeSnapshot(289)) - group-7D066B7D5462: Taking a snapshot at:(t:3, i:5) file /workdir/hadoop-ozone/integration-test/target/test-dir/MiniOzoneClusterImpl-e9843695-6be0-4f8f-b95a-59679a9cffc8/datanode-0/data/ratis/10f373d2-a54c-4bf4-831c-7d066b7d5462/sm/snapshot.3_5
2019-09-19 13:20:28,928 [Thread-352] INFO  impl.FollowerState (FollowerState.java:run(115)) - 4ee3e14a-7ab2-47e7-be3c-5d35c46c381a: FollowerState was interrupted: java.lang.InterruptedException: sleep interrupted
2019-09-19 13:20:28,942 [4ee3e14a-7ab2-47e7-be3c-5d35c46c381a@group-7D066B7D5462-StateMachineUpdater] INFO  ratis.ContainerStateMachine (ContainerStateMachine.java:takeSnapshot(300)) - group-7D066B7D5462: Finished taking a snapshot at:(t:3, i:5) file:/workdir/hadoop-ozone/integration-test/target/test-dir/MiniOzoneClusterImpl-e9843695-6be0-4f8f-b95a-59679a9cffc8/datanode-0/data/ratis/10f373d2-a54c-4bf4-831c-7d066b7d5462/sm/snapshot.3_5 time:15
2019-09-19 13:20:28,943 [4ee3e14a-7ab2-47e7-be3c-5d35c46c381a@group-7D066B7D5462-StateMachineUpdater] INFO  impl.StateMachineUpdater (StateMachineUpdater.java:takeSnapshot(258)) - 4ee3e14a-7ab2-47e7-be3c-5d35c46c381a@group-7D066B7D5462-StateMachineUpdater: Took a snapshot at index 5
2019-09-19 13:20:28,943 [4ee3e14a-7ab2-47e7-be3c-5d35c46c381a@group-7D066B7D5462-StateMachineUpdater] INFO  impl.StateMachineUpdater (StateMachineUpdater.java:lambda$new$0(83)) - 4ee3e14a-7ab2-47e7-be3c-5d35c46c381a@group-7D066B7D5462-StateMachineUpdater: snapshotIndex: updateIncreasingly -1 -> 5
2019-09-19 13:20:28,943 [4ee3e14a-7ab2-47e7-be3c-5d35c46c381a@group-7D066B7D5462-StateMachineUpdater] INFO  ratis.ContainerStateMachine (ContainerStateMachine.java:takeSnapshot(289)) - group-7D066B7D5462: Taking a snapshot at:(t:3, i:5) file /workdir/hadoop-ozone/integration-test/target/test-dir/MiniOzoneClusterImpl-e9843695-6be0-4f8f-b95a-59679a9cffc8/datanode-0/data/ratis/10f373d2-a54c-4bf4-831c-7d066b7d5462/sm/snapshot.3_5
2019-09-19 13:20:28,965 [4ee3e14a-7ab2-47e7-be3c-5d35c46c381a@group-7D066B7D5462-StateMachineUpdater] INFO  ratis.ContainerStateMachine (ContainerStateMachine.java:takeSnapshot(300)) - group-7D066B7D5462: Finished taking a snapshot at:(t:3, i:5) file:/workdir/hadoop-ozone/integration-test/target/test-dir/MiniOzoneClusterImpl-e9843695-6be0-4f8f-b95a-59679a9cffc8/datanode-0/data/ratis/10f373d2-a54c-4bf4-831c-7d066b7d5462/sm/snapshot.3_5 time:21
2019-09-19 13:20:28,965 [4ee3e14a-7ab2-47e7-be3c-5d35c46c381a@group-7D066B7D5462-StateMachineUpdater] INFO  impl.StateMachineUpdater (StateMachineUpdater.java:takeSnapshot(258)) - 4ee3e14a-7ab2-47e7-be3c-5d35c46c381a@group-7D066B7D5462-StateMachineUpdater: Took a snapshot at index 5
2019-09-19 13:20:28,966 [4ee3e14a-7ab2-47e7-be3c-5d35c46c381a@group-7D066B7D5462-StateMachineUpdater] INFO  impl.StateMachineUpdater (StateMachineUpdater.java:lambda$new$0(83)) - 4ee3e14a-7ab2-47e7-be3c-5d35c46c381a@group-7D066B7D5462-StateMachineUpdater: snapshotIndex: updateIncreasingly 5 -> 5
2019-09-19 13:20:28,966 [ForkJoinPool.commonPool-worker-0] INFO  impl.RaftServerImpl (ServerState.java:close(385)) - 4ee3e14a-7ab2-47e7-be3c-5d35c46c381a@group-7D066B7D5462: closes. applyIndex: 6
2019-09-19 13:20:28,967 [4ee3e14a-7ab2-47e7-be3c-5d35c46c381a@group-7D066B7D5462-SegmentedRaftLogWorker] INFO  segmented.SegmentedRaftLogWorker (SegmentedRaftLogWorker.java:run(313)) - 4ee3e14a-7ab2-47e7-be3c-5d35c46c381a@group-7D066B7D5462-SegmentedRaftLogWorker was interrupted, exiting. There are 0 tasks remaining in the queue.
2019-09-19 13:20:28,968 [ForkJoinPool.commonPool-worker-0] INFO  segmented.SegmentedRaftLogWorker (SegmentedRaftLogWorker.java:close(228)) - 4ee3e14a-7ab2-47e7-be3c-5d35c46c381a@group-7D066B7D5462-SegmentedRaftLogWorker close()
2019-09-19 13:20:28,969 [ForkJoinPool.commonPool-worker-0] INFO  server.GrpcService (GrpcService.java:closeImpl(164)) - 4ee3e14a-7ab2-47e7-be3c-5d35c46c381a: shutdown server with port 45559 now
2019-09-19 13:20:28,970 [ForkJoinPool.commonPool-worker-0] INFO  server.GrpcService (GrpcService.java:closeImpl(172)) - 4ee3e14a-7ab2-47e7-be3c-5d35c46c381a: shutdown server with port 45559 successfully
2019-09-19 13:20:28,971 [refreshUsed-/workdir/hadoop-ozone/integration-test/target/test-dir/MiniOzoneClusterImpl-e9843695-6be0-4f8f-b95a-59679a9cffc8/datanode-0/data/containers] WARN  fs.CachingGetSpaceUsed (CachingGetSpaceUsed.java:run(183)) - Thread Interrupted waiting to refresh disk information: sleep interrupted
2019-09-19 13:20:28,988 [ForkJoinPool.commonPool-worker-0] INFO  utils.BackgroundService (BackgroundService.java:shutdown(148)) - Shutting down service BlockDeletingService
2019-09-19 13:20:28,992 [ForkJoinPool.commonPool-worker-0] INFO  statemachine.DatanodeStateMachine (DatanodeStateMachine.java:stopDaemon(395)) - Ozone container server stopped.
2019-09-19 13:20:28,994 [ForkJoinPool.commonPool-worker-0] INFO  handler.ContextHandler (ContextHandler.java:doStop(910)) - Stopped o.e.j.w.WebAppContext@18578491{/,null,UNAVAILABLE}{/hddsDatanode}
2019-09-19 13:20:28,995 [ForkJoinPool.commonPool-worker-0] INFO  server.AbstractConnector (AbstractConnector.java:doStop(318)) - Stopped ServerConnector@3291b443{HTTP/1.1,[http/1.1]}{0.0.0.0:0}
2019-09-19 13:20:28,996 [ForkJoinPool.commonPool-worker-0] INFO  handler.ContextHandler (ContextHandler.java:doStop(910)) - Stopped o.e.j.s.ServletContextHandler@1c8f6a90{/static,jar:file:/home/user/.m2/repository/org/apache/hadoop/hadoop-hdds-container-service/0.5.0-SNAPSHOT/hadoop-hdds-container-service-0.5.0-SNAPSHOT.jar!/webapps/static,UNAVAILABLE}
2019-09-19 13:20:28,997 [ForkJoinPool.commonPool-worker-0] INFO  handler.ContextHandler (ContextHandler.java:doStop(910)) - Stopped o.e.j.s.ServletContextHandler@5d497a91{/logs,file:///workdir/hadoop-ozone/integration-test/target/log,UNAVAILABLE}
2019-09-19 13:20:29,001 [main] INFO  ozone.MiniOzoneClusterImpl (MiniOzoneClusterImpl.java:stop(344)) - Stopping the StorageContainerManager
2019-09-19 13:20:29,001 [main] INFO  server.StorageContainerManager (StorageContainerManager.java:stop(801)) - Stopping Replication Manager Service.
2019-09-19 13:20:29,001 [main] INFO  container.ReplicationManager (ReplicationManager.java:stop(203)) - Stopping Replication Monitor Thread.
2019-09-19 13:20:29,001 [main] INFO  server.StorageContainerManager (StorageContainerManager.java:stop(808)) - Stopping Lease Manager of the command watchers
2019-09-19 13:20:29,002 [main] INFO  server.StorageContainerManager (StorageContainerManager.java:stop(815)) - Stopping datanode service RPC server
2019-09-19 13:20:29,002 [main] INFO  server.SCMDatanodeProtocolServer (SCMDatanodeProtocolServer.java:stop(367)) - Stopping the RPC server for DataNodes
2019-09-19 13:20:29,002 [main] INFO  ipc.Server (Server.java:stop(3082)) - Stopping server on 46061
2019-09-19 13:20:29,003 [IPC Server listener on 46061] INFO  ipc.Server (Server.java:run(1185)) - Stopping IPC Server listener on 46061
2019-09-19 13:20:29,003 [IPC Server Responder] INFO  ipc.Server (Server.java:run(1319)) - Stopping IPC Server Responder
2019-09-19 13:20:29,039 [SCM Heartbeat Processing Thread - 0] WARN  node.NodeStateManager (NodeStateManager.java:scheduleNextHealthCheck(653)) - Current Thread is interrupted, shutting down HB processing thread for Node Manager.
2019-09-19 13:20:29,040 [main] INFO  server.StorageContainerManager (StorageContainerManager.java:stop(823)) - Stopping block service RPC server
2019-09-19 13:20:29,040 [main] INFO  server.SCMBlockProtocolServer (SCMBlockProtocolServer.java:stop(155)) - Stopping the RPC server for Block Protocol
2019-09-19 13:20:29,040 [main] INFO  ipc.Server (Server.java:stop(3082)) - Stopping server on 33036
2019-09-19 13:20:29,042 [main] INFO  server.StorageContainerManager (StorageContainerManager.java:stop(830)) - Stopping the StorageContainerLocationProtocol RPC server
2019-09-19 13:20:29,042 [IPC Server listener on 33036] INFO  ipc.Server (Server.java:run(1185)) - Stopping IPC Server listener on 33036
2019-09-19 13:20:29,042 [main] INFO  server.SCMClientProtocolServer (SCMClientProtocolServer.java:stop(159)) - Stopping the RPC server for Client Protocol
2019-09-19 13:20:29,042 [IPC Server Responder] INFO  ipc.Server (Server.java:run(1319)) - Stopping IPC Server Responder
2019-09-19 13:20:29,042 [main] INFO  ipc.Server (Server.java:stop(3082)) - Stopping server on 43780
2019-09-19 13:20:29,045 [IPC Server listener on 43780] INFO  ipc.Server (Server.java:run(1185)) - Stopping IPC Server listener on 43780
2019-09-19 13:20:29,046 [IPC Server Responder] INFO  ipc.Server (Server.java:run(1319)) - Stopping IPC Server Responder
2019-09-19 13:20:29,046 [main] INFO  server.StorageContainerManager (StorageContainerManager.java:stop(837)) - Stopping Storage Container Manager HTTP server.
2019-09-19 13:20:29,047 [main] INFO  handler.ContextHandler (ContextHandler.java:doStop(910)) - Stopped o.e.j.w.WebAppContext@e24ddd0{/,null,UNAVAILABLE}{/scm}
2019-09-19 13:20:29,047 [main] INFO  server.AbstractConnector (AbstractConnector.java:doStop(318)) - Stopped ServerConnector@ca27722{HTTP/1.1,[http/1.1]}{0.0.0.0:0}
2019-09-19 13:20:29,048 [main] INFO  handler.ContextHandler (ContextHandler.java:doStop(910)) - Stopped o.e.j.s.ServletContextHandler@260e86a1{/static,file:///workdir/hadoop-ozone/integration-test/target/test-classes/webapps/static,UNAVAILABLE}
2019-09-19 13:20:29,048 [main] INFO  handler.ContextHandler (ContextHandler.java:doStop(910)) - Stopped o.e.j.s.ServletContextHandler@4aa83f4f{/logs,file:///workdir/hadoop-ozone/integration-test/target/log,UNAVAILABLE}
2019-09-19 13:20:29,049 [main] INFO  server.StorageContainerManager (StorageContainerManager.java:stop(848)) - Stopping Block Manager Service.
2019-09-19 13:20:29,049 [main] INFO  utils.BackgroundService (BackgroundService.java:shutdown(148)) - Shutting down service SCMBlockDeletingService
2019-09-19 13:20:29,050 [main] INFO  utils.BackgroundService (BackgroundService.java:shutdown(148)) - Shutting down service SCMBlockDeletingService
2019-09-19 13:20:29,051 [main] INFO  server.StorageContainerManager (StorageContainerManager.java:stop(870)) - Stopping SCM Event Queue.
2019-09-19 13:20:29,058 [main] INFO  impl.MetricsSystemImpl (MetricsSystemImpl.java:stop(210)) - Stopping XceiverClientMetrics metrics system...
2019-09-19 13:20:29,079 [prometheus] INFO  impl.MetricsSinkAdapter (MetricsSinkAdapter.java:publishMetricsFromQueue(141)) - prometheus thread interrupted.
2019-09-19 13:20:29,080 [main] INFO  impl.MetricsSystemImpl (MetricsSystemImpl.java:stop(216)) - XceiverClientMetrics metrics system stopped.
]]></system-out>
    <system-err><![CDATA[ERROR StatusLogger No Log4j 2 configuration file found. Using default configuration (logging only errors to the console), or user programmatically provided configurations. Set system property 'log4j2.debug' to show Log4j 2 internal initialization logging. See https://logging.apache.org/log4j/2.x/manual/configuration.html for instructions on how to configure Log4j 2
Sep 19, 2019 1:19:59 PM org.apache.ratis.thirdparty.io.grpc.internal.SerializingExecutor run
SEVERE: Exception while executing runnable org.apache.ratis.thirdparty.io.grpc.internal.ServerImpl$JumpToApplicationThreadServerStreamListener$1Closed@46b5302
org.apache.ratis.thirdparty.io.grpc.StatusRuntimeException: CANCELLED: call already cancelled
	at org.apache.ratis.thirdparty.io.grpc.Status.asRuntimeException(Status.java:517)
	at org.apache.ratis.thirdparty.io.grpc.stub.ServerCalls$ServerCallStreamObserverImpl.onCompleted(ServerCalls.java:356)
	at org.apache.ratis.grpc.server.GrpcServerProtocolService$ServerRequestStreamObserver.onError(GrpcServerProtocolService.java:121)
	at org.apache.ratis.thirdparty.io.grpc.stub.ServerCalls$StreamingServerCallHandler$StreamingServerCallListener.onCancel(ServerCalls.java:269)
	at org.apache.ratis.thirdparty.io.grpc.internal.ServerCallImpl$ServerStreamListenerImpl.closed(ServerCallImpl.java:293)
	at org.apache.ratis.thirdparty.io.grpc.internal.ServerImpl$JumpToApplicationThreadServerStreamListener$1Closed.runInContext(ServerImpl.java:741)
	at org.apache.ratis.thirdparty.io.grpc.internal.ContextRunnable.run(ContextRunnable.java:37)
	at org.apache.ratis.thirdparty.io.grpc.internal.SerializingExecutor.run(SerializingExecutor.java:123)
	at java.util.concurrent.ThreadPoolExecutor.runWorker(ThreadPoolExecutor.java:1149)
	at java.util.concurrent.ThreadPoolExecutor$Worker.run(ThreadPoolExecutor.java:624)
	at java.lang.Thread.run(Thread.java:748)

]]></system-err>
  </testcase>
</testsuite>