<?xml version="1.0" encoding="UTF-8"?>
<testsuite xmlns:xsi="http://www.w3.org/2001/XMLSchema-instance" xsi:noNamespaceSchemaLocation="https://maven.apache.org/surefire/maven-surefire-plugin/xsd/surefire-test-report.xsd" name="org.apache.hadoop.ozone.client.rpc.TestBlockOutputStreamWithFailures" time="664.778" tests="8" errors="5" skipped="0" failures="1">
  <properties>
    <property name="awt.toolkit" value="sun.awt.X11.XToolkit"/>
    <property name="file.encoding.pkg" value="sun.io"/>
    <property name="java.specification.version" value="1.8"/>
    <property name="sun.cpu.isalist" value=""/>
    <property name="sun.jnu.encoding" value="UTF-8"/>
    <property name="java.class.path" value="/tmp/workdir/hadoop-ozone/integration-test/target/test-classes:/tmp/workdir/hadoop-ozone/integration-test/target/classes:/home/user/.m2/repository/org/apache/hadoop/hadoop-ozone-common/0.5.0-SNAPSHOT/hadoop-ozone-common-0.5.0-SNAPSHOT.jar:/home/user/.m2/repository/org/apache/commons/commons-compress/1.4.1/commons-compress-1.4.1.jar:/home/user/.m2/repository/org/tukaani/xz/1.0/xz-1.0.jar:/home/user/.m2/repository/org/apache/hadoop/hadoop-common/3.2.0/hadoop-common-3.2.0.jar:/home/user/.m2/repository/org/apache/hadoop/hadoop-hdfs/3.2.0/hadoop-hdfs-3.2.0.jar:/home/user/.m2/repository/org/apache/hadoop/hadoop-hdfs-client/3.2.0/hadoop-hdfs-client-3.2.0.jar:/home/user/.m2/repository/com/fasterxml/jackson/core/jackson-annotations/2.9.5/jackson-annotations-2.9.5.jar:/home/user/.m2/repository/org/apache/hadoop/hadoop-hdds-common/0.5.0-SNAPSHOT/hadoop-hdds-common-0.5.0-SNAPSHOT.jar:/home/user/.m2/repository/javax/annotation/javax.annotation-api/1.2/javax.annotation-api-1.2.jar:/home/user/.m2/repository/org/apache/ratis/ratis-server/0.4.0-2337318-SNAPSHOT/ratis-server-0.4.0-2337318-SNAPSHOT.jar:/home/user/.m2/repository/org/apache/ratis/ratis-thirdparty-misc/0.2.0/ratis-thirdparty-misc-0.2.0.jar:/home/user/.m2/repository/org/apache/ratis/ratis-proto/0.4.0-2337318-SNAPSHOT/ratis-proto-0.4.0-2337318-SNAPSHOT.jar:/home/user/.m2/repository/org/apache/ratis/ratis-common/0.4.0-2337318-SNAPSHOT/ratis-common-0.4.0-2337318-SNAPSHOT.jar:/home/user/.m2/repository/org/apache/ratis/ratis-client/0.4.0-2337318-SNAPSHOT/ratis-client-0.4.0-2337318-SNAPSHOT.jar:/home/user/.m2/repository/org/apache/ratis/ratis-metrics/0.4.0-2337318-SNAPSHOT/ratis-metrics-0.4.0-2337318-SNAPSHOT.jar:/home/user/.m2/repository/org/apache/ratis/ratis-netty/0.4.0-2337318-SNAPSHOT/ratis-netty-0.4.0-2337318-SNAPSHOT.jar:/home/user/.m2/repository/org/apache/ratis/ratis-grpc/0.4.0-2337318-SNAPSHOT/ratis-grpc-0.4.0-2337318-SNAPSHOT.jar:/home/user/.m2/repository/org/rocksdb/rocksdbjni/6.0.1/rocksdbjni-6.0.1.jar:/home/user/.m2/repository/org/apache/logging/log4j/log4j-api/2.11.0/log4j-api-2.11.0.jar:/home/user/.m2/repository/org/apache/logging/log4j/log4j-core/2.11.0/log4j-core-2.11.0.jar:/home/user/.m2/repository/com/lmax/disruptor/3.4.2/disruptor-3.4.2.jar:/home/user/.m2/repository/org/apache/commons/commons-pool2/2.6.0/commons-pool2-2.6.0.jar:/home/user/.m2/repository/org/bouncycastle/bcpkix-jdk15on/1.60/bcpkix-jdk15on-1.60.jar:/home/user/.m2/repository/commons-validator/commons-validator/1.6/commons-validator-1.6.jar:/home/user/.m2/repository/commons-digester/commons-digester/1.8.1/commons-digester-1.8.1.jar:/home/user/.m2/repository/io/jaegertracing/jaeger-client/0.33.1/jaeger-client-0.33.1.jar:/home/user/.m2/repository/io/jaegertracing/jaeger-thrift/0.33.1/jaeger-thrift-0.33.1.jar:/home/user/.m2/repository/org/apache/thrift/libthrift/0.11.0/libthrift-0.11.0.jar:/home/user/.m2/repository/com/squareup/okhttp3/okhttp/3.9.0/okhttp-3.9.0.jar:/home/user/.m2/repository/com/squareup/okio/okio/1.13.0/okio-1.13.0.jar:/home/user/.m2/repository/io/jaegertracing/jaeger-core/0.33.1/jaeger-core-0.33.1.jar:/home/user/.m2/repository/io/jaegertracing/jaeger-tracerresolver/0.33.1/jaeger-tracerresolver-0.33.1.jar:/home/user/.m2/repository/io/opentracing/contrib/opentracing-tracerresolver/0.1.5/opentracing-tracerresolver-0.1.5.jar:/home/user/.m2/repository/io/opentracing/opentracing-util/0.31.0/opentracing-util-0.31.0.jar:/home/user/.m2/repository/io/opentracing/opentracing-api/0.31.0/opentracing-api-0.31.0.jar:/home/user/.m2/repository/io/opentracing/opentracing-noop/0.31.0/opentracing-noop-0.31.0.jar:/home/user/.m2/repository/org/apache/hadoop/hadoop-hdds-server-framework/0.5.0-SNAPSHOT/hadoop-hdds-server-framework-0.5.0-SNAPSHOT.jar:/home/user/.m2/repository/org/apache/hadoop/hadoop-hdds-container-service/0.5.0-SNAPSHOT/hadoop-hdds-container-service-0.5.0-SNAPSHOT.jar:/home/user/.m2/repository/org/apache/hadoop/hadoop-hdds-client/0.5.0-SNAPSHOT/hadoop-hdds-client-0.5.0-SNAPSHOT.jar:/home/user/.m2/repository/org/apache/hadoop/hadoop-hdds-tools/0.5.0-SNAPSHOT/hadoop-hdds-tools-0.5.0-SNAPSHOT.jar:/home/user/.m2/repository/org/apache/hadoop/hadoop-hdds-server-scm/0.5.0-SNAPSHOT/hadoop-hdds-server-scm-0.5.0-SNAPSHOT.jar:/home/user/.m2/repository/org/apache/hadoop/hadoop-hdds-docs/0.5.0-SNAPSHOT/hadoop-hdds-docs-0.5.0-SNAPSHOT.jar:/home/user/.m2/repository/io/dropwizard/metrics/metrics-core/3.2.4/metrics-core-3.2.4.jar:/home/user/.m2/repository/org/hamcrest/hamcrest-all/1.3/hamcrest-all-1.3.jar:/home/user/.m2/repository/org/bouncycastle/bcprov-jdk15on/1.60/bcprov-jdk15on-1.60.jar:/home/user/.m2/repository/info/picocli/picocli/3.9.6/picocli-3.9.6.jar:/home/user/.m2/repository/com/google/protobuf/protobuf-java/2.5.0/protobuf-java-2.5.0.jar:/home/user/.m2/repository/com/google/guava/guava/11.0.2/guava-11.0.2.jar:/home/user/.m2/repository/org/apache/hadoop/hadoop-ozone-ozone-manager/0.5.0-SNAPSHOT/hadoop-ozone-ozone-manager-0.5.0-SNAPSHOT.jar:/home/user/.m2/repository/org/apache/hadoop/hadoop-minikdc/3.2.0/hadoop-minikdc-3.2.0.jar:/home/user/.m2/repository/commons-io/commons-io/2.5/commons-io-2.5.jar:/home/user/.m2/repository/org/apache/kerby/kerb-simplekdc/1.0.1/kerb-simplekdc-1.0.1.jar:/home/user/.m2/repository/org/apache/kerby/kerb-client/1.0.1/kerb-client-1.0.1.jar:/home/user/.m2/repository/org/apache/kerby/kerby-config/1.0.1/kerby-config-1.0.1.jar:/home/user/.m2/repository/org/apache/kerby/kerb-core/1.0.1/kerb-core-1.0.1.jar:/home/user/.m2/repository/org/apache/kerby/kerby-pkix/1.0.1/kerby-pkix-1.0.1.jar:/home/user/.m2/repository/org/apache/kerby/kerby-asn1/1.0.1/kerby-asn1-1.0.1.jar:/home/user/.m2/repository/org/apache/kerby/kerby-util/1.0.1/kerby-util-1.0.1.jar:/home/user/.m2/repository/org/apache/kerby/kerb-common/1.0.1/kerb-common-1.0.1.jar:/home/user/.m2/repository/org/apache/kerby/kerb-crypto/1.0.1/kerb-crypto-1.0.1.jar:/home/user/.m2/repository/org/apache/kerby/kerb-util/1.0.1/kerb-util-1.0.1.jar:/home/user/.m2/repository/org/apache/kerby/token-provider/1.0.1/token-provider-1.0.1.jar:/home/user/.m2/repository/org/apache/kerby/kerb-admin/1.0.1/kerb-admin-1.0.1.jar:/home/user/.m2/repository/org/apache/kerby/kerb-server/1.0.1/kerb-server-1.0.1.jar:/home/user/.m2/repository/org/apache/kerby/kerb-identity/1.0.1/kerb-identity-1.0.1.jar:/home/user/.m2/repository/org/apache/kerby/kerby-xdr/1.0.1/kerby-xdr-1.0.1.jar:/home/user/.m2/repository/org/slf4j/slf4j-log4j12/1.7.25/slf4j-log4j12-1.7.25.jar:/home/user/.m2/repository/org/apache/hadoop/hadoop-ozone-objectstore-service/0.5.0-SNAPSHOT/hadoop-ozone-objectstore-service-0.5.0-SNAPSHOT.jar:/home/user/.m2/repository/org/apache/hadoop/hadoop-ozone-s3gateway/0.5.0-SNAPSHOT/hadoop-ozone-s3gateway-0.5.0-SNAPSHOT.jar:/home/user/.m2/repository/org/jboss/weld/servlet/weld-servlet/2.4.7.Final/weld-servlet-2.4.7.Final.jar:/home/user/.m2/repository/org/glassfish/jersey/containers/jersey-container-servlet-core/2.27/jersey-container-servlet-core-2.27.jar:/home/user/.m2/repository/org/glassfish/hk2/external/javax.inject/2.5.0-b42/javax.inject-2.5.0-b42.jar:/home/user/.m2/repository/org/glassfish/jersey/core/jersey-common/2.27/jersey-common-2.27.jar:/home/user/.m2/repository/org/glassfish/hk2/osgi-resource-locator/1.0.1/osgi-resource-locator-1.0.1.jar:/home/user/.m2/repository/javax/ws/rs/javax.ws.rs-api/2.1/javax.ws.rs-api-2.1.jar:/home/user/.m2/repository/org/glassfish/jersey/ext/cdi/jersey-cdi1x/2.27/jersey-cdi1x-2.27.jar:/home/user/.m2/repository/org/glassfish/jersey/inject/jersey-hk2/2.27/jersey-hk2-2.27.jar:/home/user/.m2/repository/org/glassfish/hk2/hk2-locator/2.5.0-b42/hk2-locator-2.5.0-b42.jar:/home/user/.m2/repository/org/javassist/javassist/3.22.0-CR2/javassist-3.22.0-CR2.jar:/home/user/.m2/repository/org/glassfish/hk2/hk2-api/2.5.0/hk2-api-2.5.0.jar:/home/user/.m2/repository/org/glassfish/hk2/external/jakarta.inject/2.5.0/jakarta.inject-2.5.0.jar:/home/user/.m2/repository/org/glassfish/hk2/hk2-utils/2.5.0/hk2-utils-2.5.0.jar:/home/user/.m2/repository/jakarta/annotation/jakarta.annotation-api/1.3.4/jakarta.annotation-api-1.3.4.jar:/home/user/.m2/repository/org/glassfish/hk2/external/aopalliance-repackaged/2.5.0/aopalliance-repackaged-2.5.0.jar:/home/user/.m2/repository/com/fasterxml/jackson/dataformat/jackson-dataformat-xml/2.9.0/jackson-dataformat-xml-2.9.0.jar:/home/user/.m2/repository/com/fasterxml/jackson/core/jackson-core/2.9.5/jackson-core-2.9.5.jar:/home/user/.m2/repository/com/fasterxml/jackson/module/jackson-module-jaxb-annotations/2.9.5/jackson-module-jaxb-annotations-2.9.5.jar:/home/user/.m2/repository/javax/enterprise/cdi-api/1.2/cdi-api-1.2.jar:/home/user/.m2/repository/javax/el/javax.el-api/3.0.0/javax.el-api-3.0.0.jar:/home/user/.m2/repository/javax/interceptor/javax.interceptor-api/1.2/javax.interceptor-api-1.2.jar:/home/user/.m2/repository/javax/inject/javax.inject/1/javax.inject-1.jar:/home/user/.m2/repository/com/sun/xml/bind/jaxb-impl/2.3.0.1/jaxb-impl-2.3.0.1.jar:/home/user/.m2/repository/com/sun/xml/bind/jaxb-core/2.3.0.1/jaxb-core-2.3.0.1.jar:/home/user/.m2/repository/javax/xml/bind/jaxb-api/2.3.0/jaxb-api-2.3.0.jar:/home/user/.m2/repository/javax/activation/activation/1.1.1/activation-1.1.1.jar:/home/user/.m2/repository/org/apache/hadoop/hadoop-ozone-csi/0.5.0-SNAPSHOT/hadoop-ozone-csi-0.5.0-SNAPSHOT.jar:/home/user/.m2/repository/com/google/protobuf/protobuf-java-util/3.5.1/protobuf-java-util-3.5.1.jar:/home/user/.m2/repository/org/apache/hadoop/hadoop-hdds-config/0.5.0-SNAPSHOT/hadoop-hdds-config-0.5.0-SNAPSHOT.jar:/home/user/.m2/repository/io/grpc/grpc-netty/1.17.1/grpc-netty-1.17.1.jar:/home/user/.m2/repository/io/grpc/grpc-core/1.17.1/grpc-core-1.17.1.jar:/home/user/.m2/repository/io/grpc/grpc-context/1.17.1/grpc-context-1.17.1.jar:/home/user/.m2/repository/com/google/errorprone/error_prone_annotations/2.2.0/error_prone_annotations-2.2.0.jar:/home/user/.m2/repository/org/codehaus/mojo/animal-sniffer-annotations/1.17/animal-sniffer-annotations-1.17.jar:/home/user/.m2/repository/io/opencensus/opencensus-api/0.17.0/opencensus-api-0.17.0.jar:/home/user/.m2/repository/io/opencensus/opencensus-contrib-grpc-metrics/0.17.0/opencensus-contrib-grpc-metrics-0.17.0.jar:/home/user/.m2/repository/io/netty/netty-codec-http2/4.1.30.Final/netty-codec-http2-4.1.30.Final.jar:/home/user/.m2/repository/io/netty/netty-codec-http/4.1.30.Final/netty-codec-http-4.1.30.Final.jar:/home/user/.m2/repository/io/netty/netty-codec/4.1.30.Final/netty-codec-4.1.30.Final.jar:/home/user/.m2/repository/io/netty/netty-handler/4.1.30.Final/netty-handler-4.1.30.Final.jar:/home/user/.m2/repository/io/netty/netty-handler-proxy/4.1.30.Final/netty-handler-proxy-4.1.30.Final.jar:/home/user/.m2/repository/io/netty/netty-codec-socks/4.1.30.Final/netty-codec-socks-4.1.30.Final.jar:/home/user/.m2/repository/io/netty/netty-transport-native-epoll/4.1.30.Final/netty-transport-native-epoll-4.1.30.Final.jar:/home/user/.m2/repository/io/netty/netty-common/4.1.30.Final/netty-common-4.1.30.Final.jar:/home/user/.m2/repository/io/netty/netty-buffer/4.1.30.Final/netty-buffer-4.1.30.Final.jar:/home/user/.m2/repository/io/netty/netty-transport/4.1.30.Final/netty-transport-4.1.30.Final.jar:/home/user/.m2/repository/io/netty/netty-resolver/4.1.30.Final/netty-resolver-4.1.30.Final.jar:/home/user/.m2/repository/io/netty/netty-transport-native-unix-common/4.1.30.Final/netty-transport-native-unix-common-4.1.30.Final.jar:/home/user/.m2/repository/io/grpc/grpc-protobuf/1.17.1/grpc-protobuf-1.17.1.jar:/home/user/.m2/repository/com/google/api/grpc/proto-google-common-protos/1.0.0/proto-google-common-protos-1.0.0.jar:/home/user/.m2/repository/io/grpc/grpc-protobuf-lite/1.17.1/grpc-protobuf-lite-1.17.1.jar:/home/user/.m2/repository/io/grpc/grpc-stub/1.17.1/grpc-stub-1.17.1.jar:/home/user/.m2/repository/org/apache/hadoop/hadoop-ozone-recon/0.5.0-SNAPSHOT/hadoop-ozone-recon-0.5.0-SNAPSHOT.jar:/home/user/.m2/repository/org/apache/hadoop/hadoop-ozone-reconcodegen/0.5.0-SNAPSHOT/hadoop-ozone-reconcodegen-0.5.0-SNAPSHOT.jar:/home/user/.m2/repository/com/google/inject/extensions/guice-multibindings/4.0/guice-multibindings-4.0.jar:/home/user/.m2/repository/com/google/inject/guice/4.0/guice-4.0.jar:/home/user/.m2/repository/aopalliance/aopalliance/1.0/aopalliance-1.0.jar:/home/user/.m2/repository/com/google/inject/extensions/guice-servlet/4.0/guice-servlet-4.0.jar:/home/user/.m2/repository/org/glassfish/jersey/containers/jersey-container-servlet/2.27/jersey-container-servlet-2.27.jar:/home/user/.m2/repository/org/glassfish/hk2/guice-bridge/2.5.0/guice-bridge-2.5.0.jar:/home/user/.m2/repository/org/glassfish/jersey/core/jersey-server/2.27/jersey-server-2.27.jar:/home/user/.m2/repository/org/glassfish/jersey/core/jersey-client/2.27/jersey-client-2.27.jar:/home/user/.m2/repository/org/glassfish/jersey/media/jersey-media-jaxb/2.27/jersey-media-jaxb-2.27.jar:/home/user/.m2/repository/javax/validation/validation-api/1.1.0.Final/validation-api-1.1.0.Final.jar:/home/user/.m2/repository/org/glassfish/jersey/media/jersey-media-json-jackson/2.27/jersey-media-json-jackson-2.27.jar:/home/user/.m2/repository/org/glassfish/jersey/ext/jersey-entity-filtering/2.27/jersey-entity-filtering-2.27.jar:/home/user/.m2/repository/com/google/inject/extensions/guice-assistedinject/4.0/guice-assistedinject-4.0.jar:/home/user/.m2/repository/org/jooq/jooq/3.11.10/jooq-3.11.10.jar:/home/user/.m2/repository/org/jooq/jooq-meta/3.11.10/jooq-meta-3.11.10.jar:/home/user/.m2/repository/org/jooq/jooq-codegen/3.11.10/jooq-codegen-3.11.10.jar:/home/user/.m2/repository/com/jolbox/bonecp/0.8.0.RELEASE/bonecp-0.8.0.RELEASE.jar:/home/user/.m2/repository/org/xerial/sqlite-jdbc/3.25.2/sqlite-jdbc-3.25.2.jar:/home/user/.m2/repository/org/springframework/spring-jdbc/5.1.3.RELEASE/spring-jdbc-5.1.3.RELEASE.jar:/home/user/.m2/repository/org/springframework/spring-beans/5.1.3.RELEASE/spring-beans-5.1.3.RELEASE.jar:/home/user/.m2/repository/org/springframework/spring-core/5.1.3.RELEASE/spring-core-5.1.3.RELEASE.jar:/home/user/.m2/repository/org/springframework/spring-jcl/5.1.3.RELEASE/spring-jcl-5.1.3.RELEASE.jar:/home/user/.m2/repository/org/springframework/spring-tx/5.1.3.RELEASE/spring-tx-5.1.3.RELEASE.jar:/home/user/.m2/repository/org/apache/hadoop/hadoop-ozone-client/0.5.0-SNAPSHOT/hadoop-ozone-client-0.5.0-SNAPSHOT.jar:/home/user/.m2/repository/commons-lang/commons-lang/2.6/commons-lang-2.6.jar:/home/user/.m2/repository/org/apache/hadoop/hadoop-ozone-ozone-manager/0.5.0-SNAPSHOT/hadoop-ozone-ozone-manager-0.5.0-SNAPSHOT-tests.jar:/home/user/.m2/repository/junit/junit/4.11/junit-4.11.jar:/home/user/.m2/repository/org/hamcrest/hamcrest-core/1.3/hamcrest-core-1.3.jar:/home/user/.m2/repository/org/openjdk/jmh/jmh-core/1.19/jmh-core-1.19.jar:/home/user/.m2/repository/net/sf/jopt-simple/jopt-simple/4.6/jopt-simple-4.6.jar:/home/user/.m2/repository/org/apache/commons/commons-math3/3.1.1/commons-math3-3.1.1.jar:/home/user/.m2/repository/org/openjdk/jmh/jmh-generator-annprocess/1.19/jmh-generator-annprocess-1.19.jar:/home/user/.m2/repository/org/mockito/mockito-all/1.8.5/mockito-all-1.8.5.jar:/home/user/.m2/repository/org/apache/hadoop/hadoop-kms/3.2.0/hadoop-kms-3.2.0.jar:/home/user/.m2/repository/org/apache/hadoop/hadoop-auth/3.2.0/hadoop-auth-3.2.0.jar:/home/user/.m2/repository/com/nimbusds/nimbus-jose-jwt/4.41.1/nimbus-jose-jwt-4.41.1.jar:/home/user/.m2/repository/com/github/stephenc/jcip/jcip-annotations/1.0-1/jcip-annotations-1.0-1.jar:/home/user/.m2/repository/net/minidev/json-smart/2.3/json-smart-2.3.jar:/home/user/.m2/repository/net/minidev/accessors-smart/1.2/accessors-smart-1.2.jar:/home/user/.m2/repository/org/ow2/asm/asm/5.0.4/asm-5.0.4.jar:/home/user/.m2/repository/org/apache/curator/curator-framework/2.12.0/curator-framework-2.12.0.jar:/home/user/.m2/repository/com/sun/jersey/jersey-core/1.19/jersey-core-1.19.jar:/home/user/.m2/repository/javax/ws/rs/jsr311-api/1.1.1/jsr311-api-1.1.1.jar:/home/user/.m2/repository/com/sun/jersey/jersey-server/1.19/jersey-server-1.19.jar:/home/user/.m2/repository/javax/servlet/javax.servlet-api/3.1.0/javax.servlet-api-3.1.0.jar:/home/user/.m2/repository/org/eclipse/jetty/jetty-server/9.3.24.v20180605/jetty-server-9.3.24.v20180605.jar:/home/user/.m2/repository/org/eclipse/jetty/jetty-http/9.3.24.v20180605/jetty-http-9.3.24.v20180605.jar:/home/user/.m2/repository/org/eclipse/jetty/jetty-io/9.3.24.v20180605/jetty-io-9.3.24.v20180605.jar:/home/user/.m2/repository/org/eclipse/jetty/jetty-webapp/9.3.24.v20180605/jetty-webapp-9.3.24.v20180605.jar:/home/user/.m2/repository/org/eclipse/jetty/jetty-xml/9.3.24.v20180605/jetty-xml-9.3.24.v20180605.jar:/home/user/.m2/repository/log4j/log4j/1.2.17/log4j-1.2.17.jar:/home/user/.m2/repository/org/slf4j/slf4j-api/1.7.25/slf4j-api-1.7.25.jar:/home/user/.m2/repository/org/slf4j/jul-to-slf4j/1.7.25/jul-to-slf4j-1.7.25.jar:/home/user/.m2/repository/org/eclipse/jetty/jetty-util/9.3.24.v20180605/jetty-util-9.3.24.v20180605.jar:/home/user/.m2/repository/com/fasterxml/jackson/core/jackson-databind/2.9.5/jackson-databind-2.9.5.jar:/home/user/.m2/repository/org/apache/hadoop/hadoop-kms/3.2.0/hadoop-kms-3.2.0-tests.jar:/home/user/.m2/repository/org/apache/hadoop/hadoop-hdds-server-scm/0.5.0-SNAPSHOT/hadoop-hdds-server-scm-0.5.0-SNAPSHOT-tests.jar:/home/user/.m2/repository/org/apache/hadoop/hadoop-hdds-container-service/0.5.0-SNAPSHOT/hadoop-hdds-container-service-0.5.0-SNAPSHOT-tests.jar:/home/user/.m2/repository/org/yaml/snakeyaml/1.16/snakeyaml-1.16.jar:/home/user/.m2/repository/org/apache/hadoop/hadoop-common/3.2.0/hadoop-common-3.2.0-tests.jar:/home/user/.m2/repository/org/apache/hadoop/hadoop-annotations/3.2.0/hadoop-annotations-3.2.0.jar:/usr/lib/jvm/java-1.8-openjdk/jre/../lib/tools.jar:/home/user/.m2/repository/commons-cli/commons-cli/1.2/commons-cli-1.2.jar:/home/user/.m2/repository/org/apache/httpcomponents/httpclient/4.5.2/httpclient-4.5.2.jar:/home/user/.m2/repository/org/apache/httpcomponents/httpcore/4.4.4/httpcore-4.4.4.jar:/home/user/.m2/repository/commons-codec/commons-codec/1.11/commons-codec-1.11.jar:/home/user/.m2/repository/commons-net/commons-net/3.6/commons-net-3.6.jar:/home/user/.m2/repository/commons-collections/commons-collections/3.2.2/commons-collections-3.2.2.jar:/home/user/.m2/repository/org/eclipse/jetty/jetty-servlet/9.3.24.v20180605/jetty-servlet-9.3.24.v20180605.jar:/home/user/.m2/repository/org/eclipse/jetty/jetty-security/9.3.24.v20180605/jetty-security-9.3.24.v20180605.jar:/home/user/.m2/repository/javax/servlet/jsp/jsp-api/2.1/jsp-api-2.1.jar:/home/user/.m2/repository/com/sun/jersey/jersey-servlet/1.19/jersey-servlet-1.19.jar:/home/user/.m2/repository/com/sun/jersey/jersey-json/1.19/jersey-json-1.19.jar:/home/user/.m2/repository/org/codehaus/jettison/jettison/1.1/jettison-1.1.jar:/home/user/.m2/repository/org/codehaus/jackson/jackson-core-asl/1.9.13/jackson-core-asl-1.9.13.jar:/home/user/.m2/repository/org/codehaus/jackson/jackson-mapper-asl/1.9.13/jackson-mapper-asl-1.9.13.jar:/home/user/.m2/repository/org/codehaus/jackson/jackson-jaxrs/1.9.13/jackson-jaxrs-1.9.13.jar:/home/user/.m2/repository/org/codehaus/jackson/jackson-xc/1.9.13/jackson-xc-1.9.13.jar:/home/user/.m2/repository/commons-logging/commons-logging/1.1.3/commons-logging-1.1.3.jar:/home/user/.m2/repository/commons-beanutils/commons-beanutils/1.9.3/commons-beanutils-1.9.3.jar:/home/user/.m2/repository/org/apache/commons/commons-configuration2/2.1.1/commons-configuration2-2.1.1.jar:/home/user/.m2/repository/org/apache/commons/commons-lang3/3.7/commons-lang3-3.7.jar:/home/user/.m2/repository/org/apache/commons/commons-text/1.4/commons-text-1.4.jar:/home/user/.m2/repository/org/apache/avro/avro/1.7.7/avro-1.7.7.jar:/home/user/.m2/repository/com/thoughtworks/paranamer/paranamer/2.3/paranamer-2.3.jar:/home/user/.m2/repository/org/xerial/snappy/snappy-java/1.0.5/snappy-java-1.0.5.jar:/home/user/.m2/repository/com/google/re2j/re2j/1.1/re2j-1.1.jar:/home/user/.m2/repository/com/google/code/gson/gson/2.2.4/gson-2.2.4.jar:/home/user/.m2/repository/com/jcraft/jsch/0.1.54/jsch-0.1.54.jar:/home/user/.m2/repository/org/apache/curator/curator-client/2.12.0/curator-client-2.12.0.jar:/home/user/.m2/repository/org/apache/curator/curator-recipes/2.12.0/curator-recipes-2.12.0.jar:/home/user/.m2/repository/com/google/code/findbugs/jsr305/3.0.0/jsr305-3.0.0.jar:/home/user/.m2/repository/org/apache/htrace/htrace-core4/4.1.0-incubating/htrace-core4-4.1.0-incubating.jar:/home/user/.m2/repository/org/apache/zookeeper/zookeeper/3.4.13/zookeeper-3.4.13.jar:/home/user/.m2/repository/org/apache/yetus/audience-annotations/0.5.0/audience-annotations-0.5.0.jar:/home/user/.m2/repository/org/codehaus/woodstox/stax2-api/3.1.4/stax2-api-3.1.4.jar:/home/user/.m2/repository/com/fasterxml/woodstox/woodstox-core/5.0.3/woodstox-core-5.0.3.jar:/home/user/.m2/repository/dnsjava/dnsjava/2.1.7/dnsjava-2.1.7.jar:/home/user/.m2/repository/org/apache/hadoop/hadoop-hdfs/3.2.0/hadoop-hdfs-3.2.0-tests.jar:/home/user/.m2/repository/org/eclipse/jetty/jetty-util-ajax/9.3.24.v20180605/jetty-util-ajax-9.3.24.v20180605.jar:/home/user/.m2/repository/commons-daemon/commons-daemon/1.0.13/commons-daemon-1.0.13.jar:/home/user/.m2/repository/io/netty/netty/3.10.5.Final/netty-3.10.5.Final.jar:/home/user/.m2/repository/io/netty/netty-all/4.0.52.Final/netty-all-4.0.52.Final.jar:/home/user/.m2/repository/org/fusesource/leveldbjni/leveldbjni-all/1.8/leveldbjni-all-1.8.jar:"/>
    <property name="java.vm.vendor" value="IcedTea"/>
    <property name="sun.arch.data.model" value="64"/>
    <property name="test.build.dir" value="/tmp/workdir/hadoop-ozone/integration-test/target/test-dir"/>
    <property name="test.cache.data" value=""/>
    <property name="java.vendor.url" value="https://icedtea.classpath.org"/>
    <property name="user.timezone" value=""/>
    <property name="java.vm.specification.version" value="1.8"/>
    <property name="os.name" value="Linux"/>
    <property name="test.build.data" value="/tmp/workdir/hadoop-ozone/integration-test/target/test-dir"/>
    <property name="user.country" value="US"/>
    <property name="sun.java.launcher" value="SUN_STANDARD"/>
    <property name="sun.boot.library.path" value="/usr/lib/jvm/java-1.8-openjdk/jre/lib/amd64"/>
    <property name="sun.java.command" value="/tmp/workdir/hadoop-ozone/integration-test/target/surefire/surefirebooter2055216097964174267.jar /tmp/workdir/hadoop-ozone/integration-test/target/surefire 2019-07-13T18-10-45_123-jvmRun1 surefire5175169057694344396tmp surefire_695052832882683947868tmp"/>
    <property name="surefire.test.class.path" value="/tmp/workdir/hadoop-ozone/integration-test/target/test-classes:/tmp/workdir/hadoop-ozone/integration-test/target/classes:/home/user/.m2/repository/org/apache/hadoop/hadoop-ozone-common/0.5.0-SNAPSHOT/hadoop-ozone-common-0.5.0-SNAPSHOT.jar:/home/user/.m2/repository/org/apache/commons/commons-compress/1.4.1/commons-compress-1.4.1.jar:/home/user/.m2/repository/org/tukaani/xz/1.0/xz-1.0.jar:/home/user/.m2/repository/org/apache/hadoop/hadoop-common/3.2.0/hadoop-common-3.2.0.jar:/home/user/.m2/repository/org/apache/hadoop/hadoop-hdfs/3.2.0/hadoop-hdfs-3.2.0.jar:/home/user/.m2/repository/org/apache/hadoop/hadoop-hdfs-client/3.2.0/hadoop-hdfs-client-3.2.0.jar:/home/user/.m2/repository/com/fasterxml/jackson/core/jackson-annotations/2.9.5/jackson-annotations-2.9.5.jar:/home/user/.m2/repository/org/apache/hadoop/hadoop-hdds-common/0.5.0-SNAPSHOT/hadoop-hdds-common-0.5.0-SNAPSHOT.jar:/home/user/.m2/repository/javax/annotation/javax.annotation-api/1.2/javax.annotation-api-1.2.jar:/home/user/.m2/repository/org/apache/ratis/ratis-server/0.4.0-2337318-SNAPSHOT/ratis-server-0.4.0-2337318-SNAPSHOT.jar:/home/user/.m2/repository/org/apache/ratis/ratis-thirdparty-misc/0.2.0/ratis-thirdparty-misc-0.2.0.jar:/home/user/.m2/repository/org/apache/ratis/ratis-proto/0.4.0-2337318-SNAPSHOT/ratis-proto-0.4.0-2337318-SNAPSHOT.jar:/home/user/.m2/repository/org/apache/ratis/ratis-common/0.4.0-2337318-SNAPSHOT/ratis-common-0.4.0-2337318-SNAPSHOT.jar:/home/user/.m2/repository/org/apache/ratis/ratis-client/0.4.0-2337318-SNAPSHOT/ratis-client-0.4.0-2337318-SNAPSHOT.jar:/home/user/.m2/repository/org/apache/ratis/ratis-metrics/0.4.0-2337318-SNAPSHOT/ratis-metrics-0.4.0-2337318-SNAPSHOT.jar:/home/user/.m2/repository/org/apache/ratis/ratis-netty/0.4.0-2337318-SNAPSHOT/ratis-netty-0.4.0-2337318-SNAPSHOT.jar:/home/user/.m2/repository/org/apache/ratis/ratis-grpc/0.4.0-2337318-SNAPSHOT/ratis-grpc-0.4.0-2337318-SNAPSHOT.jar:/home/user/.m2/repository/org/rocksdb/rocksdbjni/6.0.1/rocksdbjni-6.0.1.jar:/home/user/.m2/repository/org/apache/logging/log4j/log4j-api/2.11.0/log4j-api-2.11.0.jar:/home/user/.m2/repository/org/apache/logging/log4j/log4j-core/2.11.0/log4j-core-2.11.0.jar:/home/user/.m2/repository/com/lmax/disruptor/3.4.2/disruptor-3.4.2.jar:/home/user/.m2/repository/org/apache/commons/commons-pool2/2.6.0/commons-pool2-2.6.0.jar:/home/user/.m2/repository/org/bouncycastle/bcpkix-jdk15on/1.60/bcpkix-jdk15on-1.60.jar:/home/user/.m2/repository/commons-validator/commons-validator/1.6/commons-validator-1.6.jar:/home/user/.m2/repository/commons-digester/commons-digester/1.8.1/commons-digester-1.8.1.jar:/home/user/.m2/repository/io/jaegertracing/jaeger-client/0.33.1/jaeger-client-0.33.1.jar:/home/user/.m2/repository/io/jaegertracing/jaeger-thrift/0.33.1/jaeger-thrift-0.33.1.jar:/home/user/.m2/repository/org/apache/thrift/libthrift/0.11.0/libthrift-0.11.0.jar:/home/user/.m2/repository/com/squareup/okhttp3/okhttp/3.9.0/okhttp-3.9.0.jar:/home/user/.m2/repository/com/squareup/okio/okio/1.13.0/okio-1.13.0.jar:/home/user/.m2/repository/io/jaegertracing/jaeger-core/0.33.1/jaeger-core-0.33.1.jar:/home/user/.m2/repository/io/jaegertracing/jaeger-tracerresolver/0.33.1/jaeger-tracerresolver-0.33.1.jar:/home/user/.m2/repository/io/opentracing/contrib/opentracing-tracerresolver/0.1.5/opentracing-tracerresolver-0.1.5.jar:/home/user/.m2/repository/io/opentracing/opentracing-util/0.31.0/opentracing-util-0.31.0.jar:/home/user/.m2/repository/io/opentracing/opentracing-api/0.31.0/opentracing-api-0.31.0.jar:/home/user/.m2/repository/io/opentracing/opentracing-noop/0.31.0/opentracing-noop-0.31.0.jar:/home/user/.m2/repository/org/apache/hadoop/hadoop-hdds-server-framework/0.5.0-SNAPSHOT/hadoop-hdds-server-framework-0.5.0-SNAPSHOT.jar:/home/user/.m2/repository/org/apache/hadoop/hadoop-hdds-container-service/0.5.0-SNAPSHOT/hadoop-hdds-container-service-0.5.0-SNAPSHOT.jar:/home/user/.m2/repository/org/apache/hadoop/hadoop-hdds-client/0.5.0-SNAPSHOT/hadoop-hdds-client-0.5.0-SNAPSHOT.jar:/home/user/.m2/repository/org/apache/hadoop/hadoop-hdds-tools/0.5.0-SNAPSHOT/hadoop-hdds-tools-0.5.0-SNAPSHOT.jar:/home/user/.m2/repository/org/apache/hadoop/hadoop-hdds-server-scm/0.5.0-SNAPSHOT/hadoop-hdds-server-scm-0.5.0-SNAPSHOT.jar:/home/user/.m2/repository/org/apache/hadoop/hadoop-hdds-docs/0.5.0-SNAPSHOT/hadoop-hdds-docs-0.5.0-SNAPSHOT.jar:/home/user/.m2/repository/io/dropwizard/metrics/metrics-core/3.2.4/metrics-core-3.2.4.jar:/home/user/.m2/repository/org/hamcrest/hamcrest-all/1.3/hamcrest-all-1.3.jar:/home/user/.m2/repository/org/bouncycastle/bcprov-jdk15on/1.60/bcprov-jdk15on-1.60.jar:/home/user/.m2/repository/info/picocli/picocli/3.9.6/picocli-3.9.6.jar:/home/user/.m2/repository/com/google/protobuf/protobuf-java/2.5.0/protobuf-java-2.5.0.jar:/home/user/.m2/repository/com/google/guava/guava/11.0.2/guava-11.0.2.jar:/home/user/.m2/repository/org/apache/hadoop/hadoop-ozone-ozone-manager/0.5.0-SNAPSHOT/hadoop-ozone-ozone-manager-0.5.0-SNAPSHOT.jar:/home/user/.m2/repository/org/apache/hadoop/hadoop-minikdc/3.2.0/hadoop-minikdc-3.2.0.jar:/home/user/.m2/repository/commons-io/commons-io/2.5/commons-io-2.5.jar:/home/user/.m2/repository/org/apache/kerby/kerb-simplekdc/1.0.1/kerb-simplekdc-1.0.1.jar:/home/user/.m2/repository/org/apache/kerby/kerb-client/1.0.1/kerb-client-1.0.1.jar:/home/user/.m2/repository/org/apache/kerby/kerby-config/1.0.1/kerby-config-1.0.1.jar:/home/user/.m2/repository/org/apache/kerby/kerb-core/1.0.1/kerb-core-1.0.1.jar:/home/user/.m2/repository/org/apache/kerby/kerby-pkix/1.0.1/kerby-pkix-1.0.1.jar:/home/user/.m2/repository/org/apache/kerby/kerby-asn1/1.0.1/kerby-asn1-1.0.1.jar:/home/user/.m2/repository/org/apache/kerby/kerby-util/1.0.1/kerby-util-1.0.1.jar:/home/user/.m2/repository/org/apache/kerby/kerb-common/1.0.1/kerb-common-1.0.1.jar:/home/user/.m2/repository/org/apache/kerby/kerb-crypto/1.0.1/kerb-crypto-1.0.1.jar:/home/user/.m2/repository/org/apache/kerby/kerb-util/1.0.1/kerb-util-1.0.1.jar:/home/user/.m2/repository/org/apache/kerby/token-provider/1.0.1/token-provider-1.0.1.jar:/home/user/.m2/repository/org/apache/kerby/kerb-admin/1.0.1/kerb-admin-1.0.1.jar:/home/user/.m2/repository/org/apache/kerby/kerb-server/1.0.1/kerb-server-1.0.1.jar:/home/user/.m2/repository/org/apache/kerby/kerb-identity/1.0.1/kerb-identity-1.0.1.jar:/home/user/.m2/repository/org/apache/kerby/kerby-xdr/1.0.1/kerby-xdr-1.0.1.jar:/home/user/.m2/repository/org/slf4j/slf4j-log4j12/1.7.25/slf4j-log4j12-1.7.25.jar:/home/user/.m2/repository/org/apache/hadoop/hadoop-ozone-objectstore-service/0.5.0-SNAPSHOT/hadoop-ozone-objectstore-service-0.5.0-SNAPSHOT.jar:/home/user/.m2/repository/org/apache/hadoop/hadoop-ozone-s3gateway/0.5.0-SNAPSHOT/hadoop-ozone-s3gateway-0.5.0-SNAPSHOT.jar:/home/user/.m2/repository/org/jboss/weld/servlet/weld-servlet/2.4.7.Final/weld-servlet-2.4.7.Final.jar:/home/user/.m2/repository/org/glassfish/jersey/containers/jersey-container-servlet-core/2.27/jersey-container-servlet-core-2.27.jar:/home/user/.m2/repository/org/glassfish/hk2/external/javax.inject/2.5.0-b42/javax.inject-2.5.0-b42.jar:/home/user/.m2/repository/org/glassfish/jersey/core/jersey-common/2.27/jersey-common-2.27.jar:/home/user/.m2/repository/org/glassfish/hk2/osgi-resource-locator/1.0.1/osgi-resource-locator-1.0.1.jar:/home/user/.m2/repository/javax/ws/rs/javax.ws.rs-api/2.1/javax.ws.rs-api-2.1.jar:/home/user/.m2/repository/org/glassfish/jersey/ext/cdi/jersey-cdi1x/2.27/jersey-cdi1x-2.27.jar:/home/user/.m2/repository/org/glassfish/jersey/inject/jersey-hk2/2.27/jersey-hk2-2.27.jar:/home/user/.m2/repository/org/glassfish/hk2/hk2-locator/2.5.0-b42/hk2-locator-2.5.0-b42.jar:/home/user/.m2/repository/org/javassist/javassist/3.22.0-CR2/javassist-3.22.0-CR2.jar:/home/user/.m2/repository/org/glassfish/hk2/hk2-api/2.5.0/hk2-api-2.5.0.jar:/home/user/.m2/repository/org/glassfish/hk2/external/jakarta.inject/2.5.0/jakarta.inject-2.5.0.jar:/home/user/.m2/repository/org/glassfish/hk2/hk2-utils/2.5.0/hk2-utils-2.5.0.jar:/home/user/.m2/repository/jakarta/annotation/jakarta.annotation-api/1.3.4/jakarta.annotation-api-1.3.4.jar:/home/user/.m2/repository/org/glassfish/hk2/external/aopalliance-repackaged/2.5.0/aopalliance-repackaged-2.5.0.jar:/home/user/.m2/repository/com/fasterxml/jackson/dataformat/jackson-dataformat-xml/2.9.0/jackson-dataformat-xml-2.9.0.jar:/home/user/.m2/repository/com/fasterxml/jackson/core/jackson-core/2.9.5/jackson-core-2.9.5.jar:/home/user/.m2/repository/com/fasterxml/jackson/module/jackson-module-jaxb-annotations/2.9.5/jackson-module-jaxb-annotations-2.9.5.jar:/home/user/.m2/repository/javax/enterprise/cdi-api/1.2/cdi-api-1.2.jar:/home/user/.m2/repository/javax/el/javax.el-api/3.0.0/javax.el-api-3.0.0.jar:/home/user/.m2/repository/javax/interceptor/javax.interceptor-api/1.2/javax.interceptor-api-1.2.jar:/home/user/.m2/repository/javax/inject/javax.inject/1/javax.inject-1.jar:/home/user/.m2/repository/com/sun/xml/bind/jaxb-impl/2.3.0.1/jaxb-impl-2.3.0.1.jar:/home/user/.m2/repository/com/sun/xml/bind/jaxb-core/2.3.0.1/jaxb-core-2.3.0.1.jar:/home/user/.m2/repository/javax/xml/bind/jaxb-api/2.3.0/jaxb-api-2.3.0.jar:/home/user/.m2/repository/javax/activation/activation/1.1.1/activation-1.1.1.jar:/home/user/.m2/repository/org/apache/hadoop/hadoop-ozone-csi/0.5.0-SNAPSHOT/hadoop-ozone-csi-0.5.0-SNAPSHOT.jar:/home/user/.m2/repository/com/google/protobuf/protobuf-java-util/3.5.1/protobuf-java-util-3.5.1.jar:/home/user/.m2/repository/org/apache/hadoop/hadoop-hdds-config/0.5.0-SNAPSHOT/hadoop-hdds-config-0.5.0-SNAPSHOT.jar:/home/user/.m2/repository/io/grpc/grpc-netty/1.17.1/grpc-netty-1.17.1.jar:/home/user/.m2/repository/io/grpc/grpc-core/1.17.1/grpc-core-1.17.1.jar:/home/user/.m2/repository/io/grpc/grpc-context/1.17.1/grpc-context-1.17.1.jar:/home/user/.m2/repository/com/google/errorprone/error_prone_annotations/2.2.0/error_prone_annotations-2.2.0.jar:/home/user/.m2/repository/org/codehaus/mojo/animal-sniffer-annotations/1.17/animal-sniffer-annotations-1.17.jar:/home/user/.m2/repository/io/opencensus/opencensus-api/0.17.0/opencensus-api-0.17.0.jar:/home/user/.m2/repository/io/opencensus/opencensus-contrib-grpc-metrics/0.17.0/opencensus-contrib-grpc-metrics-0.17.0.jar:/home/user/.m2/repository/io/netty/netty-codec-http2/4.1.30.Final/netty-codec-http2-4.1.30.Final.jar:/home/user/.m2/repository/io/netty/netty-codec-http/4.1.30.Final/netty-codec-http-4.1.30.Final.jar:/home/user/.m2/repository/io/netty/netty-codec/4.1.30.Final/netty-codec-4.1.30.Final.jar:/home/user/.m2/repository/io/netty/netty-handler/4.1.30.Final/netty-handler-4.1.30.Final.jar:/home/user/.m2/repository/io/netty/netty-handler-proxy/4.1.30.Final/netty-handler-proxy-4.1.30.Final.jar:/home/user/.m2/repository/io/netty/netty-codec-socks/4.1.30.Final/netty-codec-socks-4.1.30.Final.jar:/home/user/.m2/repository/io/netty/netty-transport-native-epoll/4.1.30.Final/netty-transport-native-epoll-4.1.30.Final.jar:/home/user/.m2/repository/io/netty/netty-common/4.1.30.Final/netty-common-4.1.30.Final.jar:/home/user/.m2/repository/io/netty/netty-buffer/4.1.30.Final/netty-buffer-4.1.30.Final.jar:/home/user/.m2/repository/io/netty/netty-transport/4.1.30.Final/netty-transport-4.1.30.Final.jar:/home/user/.m2/repository/io/netty/netty-resolver/4.1.30.Final/netty-resolver-4.1.30.Final.jar:/home/user/.m2/repository/io/netty/netty-transport-native-unix-common/4.1.30.Final/netty-transport-native-unix-common-4.1.30.Final.jar:/home/user/.m2/repository/io/grpc/grpc-protobuf/1.17.1/grpc-protobuf-1.17.1.jar:/home/user/.m2/repository/com/google/api/grpc/proto-google-common-protos/1.0.0/proto-google-common-protos-1.0.0.jar:/home/user/.m2/repository/io/grpc/grpc-protobuf-lite/1.17.1/grpc-protobuf-lite-1.17.1.jar:/home/user/.m2/repository/io/grpc/grpc-stub/1.17.1/grpc-stub-1.17.1.jar:/home/user/.m2/repository/org/apache/hadoop/hadoop-ozone-recon/0.5.0-SNAPSHOT/hadoop-ozone-recon-0.5.0-SNAPSHOT.jar:/home/user/.m2/repository/org/apache/hadoop/hadoop-ozone-reconcodegen/0.5.0-SNAPSHOT/hadoop-ozone-reconcodegen-0.5.0-SNAPSHOT.jar:/home/user/.m2/repository/com/google/inject/extensions/guice-multibindings/4.0/guice-multibindings-4.0.jar:/home/user/.m2/repository/com/google/inject/guice/4.0/guice-4.0.jar:/home/user/.m2/repository/aopalliance/aopalliance/1.0/aopalliance-1.0.jar:/home/user/.m2/repository/com/google/inject/extensions/guice-servlet/4.0/guice-servlet-4.0.jar:/home/user/.m2/repository/org/glassfish/jersey/containers/jersey-container-servlet/2.27/jersey-container-servlet-2.27.jar:/home/user/.m2/repository/org/glassfish/hk2/guice-bridge/2.5.0/guice-bridge-2.5.0.jar:/home/user/.m2/repository/org/glassfish/jersey/core/jersey-server/2.27/jersey-server-2.27.jar:/home/user/.m2/repository/org/glassfish/jersey/core/jersey-client/2.27/jersey-client-2.27.jar:/home/user/.m2/repository/org/glassfish/jersey/media/jersey-media-jaxb/2.27/jersey-media-jaxb-2.27.jar:/home/user/.m2/repository/javax/validation/validation-api/1.1.0.Final/validation-api-1.1.0.Final.jar:/home/user/.m2/repository/org/glassfish/jersey/media/jersey-media-json-jackson/2.27/jersey-media-json-jackson-2.27.jar:/home/user/.m2/repository/org/glassfish/jersey/ext/jersey-entity-filtering/2.27/jersey-entity-filtering-2.27.jar:/home/user/.m2/repository/com/google/inject/extensions/guice-assistedinject/4.0/guice-assistedinject-4.0.jar:/home/user/.m2/repository/org/jooq/jooq/3.11.10/jooq-3.11.10.jar:/home/user/.m2/repository/org/jooq/jooq-meta/3.11.10/jooq-meta-3.11.10.jar:/home/user/.m2/repository/org/jooq/jooq-codegen/3.11.10/jooq-codegen-3.11.10.jar:/home/user/.m2/repository/com/jolbox/bonecp/0.8.0.RELEASE/bonecp-0.8.0.RELEASE.jar:/home/user/.m2/repository/org/xerial/sqlite-jdbc/3.25.2/sqlite-jdbc-3.25.2.jar:/home/user/.m2/repository/org/springframework/spring-jdbc/5.1.3.RELEASE/spring-jdbc-5.1.3.RELEASE.jar:/home/user/.m2/repository/org/springframework/spring-beans/5.1.3.RELEASE/spring-beans-5.1.3.RELEASE.jar:/home/user/.m2/repository/org/springframework/spring-core/5.1.3.RELEASE/spring-core-5.1.3.RELEASE.jar:/home/user/.m2/repository/org/springframework/spring-jcl/5.1.3.RELEASE/spring-jcl-5.1.3.RELEASE.jar:/home/user/.m2/repository/org/springframework/spring-tx/5.1.3.RELEASE/spring-tx-5.1.3.RELEASE.jar:/home/user/.m2/repository/org/apache/hadoop/hadoop-ozone-client/0.5.0-SNAPSHOT/hadoop-ozone-client-0.5.0-SNAPSHOT.jar:/home/user/.m2/repository/commons-lang/commons-lang/2.6/commons-lang-2.6.jar:/home/user/.m2/repository/org/apache/hadoop/hadoop-ozone-ozone-manager/0.5.0-SNAPSHOT/hadoop-ozone-ozone-manager-0.5.0-SNAPSHOT-tests.jar:/home/user/.m2/repository/junit/junit/4.11/junit-4.11.jar:/home/user/.m2/repository/org/hamcrest/hamcrest-core/1.3/hamcrest-core-1.3.jar:/home/user/.m2/repository/org/openjdk/jmh/jmh-core/1.19/jmh-core-1.19.jar:/home/user/.m2/repository/net/sf/jopt-simple/jopt-simple/4.6/jopt-simple-4.6.jar:/home/user/.m2/repository/org/apache/commons/commons-math3/3.1.1/commons-math3-3.1.1.jar:/home/user/.m2/repository/org/openjdk/jmh/jmh-generator-annprocess/1.19/jmh-generator-annprocess-1.19.jar:/home/user/.m2/repository/org/mockito/mockito-all/1.8.5/mockito-all-1.8.5.jar:/home/user/.m2/repository/org/apache/hadoop/hadoop-kms/3.2.0/hadoop-kms-3.2.0.jar:/home/user/.m2/repository/org/apache/hadoop/hadoop-auth/3.2.0/hadoop-auth-3.2.0.jar:/home/user/.m2/repository/com/nimbusds/nimbus-jose-jwt/4.41.1/nimbus-jose-jwt-4.41.1.jar:/home/user/.m2/repository/com/github/stephenc/jcip/jcip-annotations/1.0-1/jcip-annotations-1.0-1.jar:/home/user/.m2/repository/net/minidev/json-smart/2.3/json-smart-2.3.jar:/home/user/.m2/repository/net/minidev/accessors-smart/1.2/accessors-smart-1.2.jar:/home/user/.m2/repository/org/ow2/asm/asm/5.0.4/asm-5.0.4.jar:/home/user/.m2/repository/org/apache/curator/curator-framework/2.12.0/curator-framework-2.12.0.jar:/home/user/.m2/repository/com/sun/jersey/jersey-core/1.19/jersey-core-1.19.jar:/home/user/.m2/repository/javax/ws/rs/jsr311-api/1.1.1/jsr311-api-1.1.1.jar:/home/user/.m2/repository/com/sun/jersey/jersey-server/1.19/jersey-server-1.19.jar:/home/user/.m2/repository/javax/servlet/javax.servlet-api/3.1.0/javax.servlet-api-3.1.0.jar:/home/user/.m2/repository/org/eclipse/jetty/jetty-server/9.3.24.v20180605/jetty-server-9.3.24.v20180605.jar:/home/user/.m2/repository/org/eclipse/jetty/jetty-http/9.3.24.v20180605/jetty-http-9.3.24.v20180605.jar:/home/user/.m2/repository/org/eclipse/jetty/jetty-io/9.3.24.v20180605/jetty-io-9.3.24.v20180605.jar:/home/user/.m2/repository/org/eclipse/jetty/jetty-webapp/9.3.24.v20180605/jetty-webapp-9.3.24.v20180605.jar:/home/user/.m2/repository/org/eclipse/jetty/jetty-xml/9.3.24.v20180605/jetty-xml-9.3.24.v20180605.jar:/home/user/.m2/repository/log4j/log4j/1.2.17/log4j-1.2.17.jar:/home/user/.m2/repository/org/slf4j/slf4j-api/1.7.25/slf4j-api-1.7.25.jar:/home/user/.m2/repository/org/slf4j/jul-to-slf4j/1.7.25/jul-to-slf4j-1.7.25.jar:/home/user/.m2/repository/org/eclipse/jetty/jetty-util/9.3.24.v20180605/jetty-util-9.3.24.v20180605.jar:/home/user/.m2/repository/com/fasterxml/jackson/core/jackson-databind/2.9.5/jackson-databind-2.9.5.jar:/home/user/.m2/repository/org/apache/hadoop/hadoop-kms/3.2.0/hadoop-kms-3.2.0-tests.jar:/home/user/.m2/repository/org/apache/hadoop/hadoop-hdds-server-scm/0.5.0-SNAPSHOT/hadoop-hdds-server-scm-0.5.0-SNAPSHOT-tests.jar:/home/user/.m2/repository/org/apache/hadoop/hadoop-hdds-container-service/0.5.0-SNAPSHOT/hadoop-hdds-container-service-0.5.0-SNAPSHOT-tests.jar:/home/user/.m2/repository/org/yaml/snakeyaml/1.16/snakeyaml-1.16.jar:/home/user/.m2/repository/org/apache/hadoop/hadoop-common/3.2.0/hadoop-common-3.2.0-tests.jar:/home/user/.m2/repository/org/apache/hadoop/hadoop-annotations/3.2.0/hadoop-annotations-3.2.0.jar:/usr/lib/jvm/java-1.8-openjdk/jre/../lib/tools.jar:/home/user/.m2/repository/commons-cli/commons-cli/1.2/commons-cli-1.2.jar:/home/user/.m2/repository/org/apache/httpcomponents/httpclient/4.5.2/httpclient-4.5.2.jar:/home/user/.m2/repository/org/apache/httpcomponents/httpcore/4.4.4/httpcore-4.4.4.jar:/home/user/.m2/repository/commons-codec/commons-codec/1.11/commons-codec-1.11.jar:/home/user/.m2/repository/commons-net/commons-net/3.6/commons-net-3.6.jar:/home/user/.m2/repository/commons-collections/commons-collections/3.2.2/commons-collections-3.2.2.jar:/home/user/.m2/repository/org/eclipse/jetty/jetty-servlet/9.3.24.v20180605/jetty-servlet-9.3.24.v20180605.jar:/home/user/.m2/repository/org/eclipse/jetty/jetty-security/9.3.24.v20180605/jetty-security-9.3.24.v20180605.jar:/home/user/.m2/repository/javax/servlet/jsp/jsp-api/2.1/jsp-api-2.1.jar:/home/user/.m2/repository/com/sun/jersey/jersey-servlet/1.19/jersey-servlet-1.19.jar:/home/user/.m2/repository/com/sun/jersey/jersey-json/1.19/jersey-json-1.19.jar:/home/user/.m2/repository/org/codehaus/jettison/jettison/1.1/jettison-1.1.jar:/home/user/.m2/repository/org/codehaus/jackson/jackson-core-asl/1.9.13/jackson-core-asl-1.9.13.jar:/home/user/.m2/repository/org/codehaus/jackson/jackson-mapper-asl/1.9.13/jackson-mapper-asl-1.9.13.jar:/home/user/.m2/repository/org/codehaus/jackson/jackson-jaxrs/1.9.13/jackson-jaxrs-1.9.13.jar:/home/user/.m2/repository/org/codehaus/jackson/jackson-xc/1.9.13/jackson-xc-1.9.13.jar:/home/user/.m2/repository/commons-logging/commons-logging/1.1.3/commons-logging-1.1.3.jar:/home/user/.m2/repository/commons-beanutils/commons-beanutils/1.9.3/commons-beanutils-1.9.3.jar:/home/user/.m2/repository/org/apache/commons/commons-configuration2/2.1.1/commons-configuration2-2.1.1.jar:/home/user/.m2/repository/org/apache/commons/commons-lang3/3.7/commons-lang3-3.7.jar:/home/user/.m2/repository/org/apache/commons/commons-text/1.4/commons-text-1.4.jar:/home/user/.m2/repository/org/apache/avro/avro/1.7.7/avro-1.7.7.jar:/home/user/.m2/repository/com/thoughtworks/paranamer/paranamer/2.3/paranamer-2.3.jar:/home/user/.m2/repository/org/xerial/snappy/snappy-java/1.0.5/snappy-java-1.0.5.jar:/home/user/.m2/repository/com/google/re2j/re2j/1.1/re2j-1.1.jar:/home/user/.m2/repository/com/google/code/gson/gson/2.2.4/gson-2.2.4.jar:/home/user/.m2/repository/com/jcraft/jsch/0.1.54/jsch-0.1.54.jar:/home/user/.m2/repository/org/apache/curator/curator-client/2.12.0/curator-client-2.12.0.jar:/home/user/.m2/repository/org/apache/curator/curator-recipes/2.12.0/curator-recipes-2.12.0.jar:/home/user/.m2/repository/com/google/code/findbugs/jsr305/3.0.0/jsr305-3.0.0.jar:/home/user/.m2/repository/org/apache/htrace/htrace-core4/4.1.0-incubating/htrace-core4-4.1.0-incubating.jar:/home/user/.m2/repository/org/apache/zookeeper/zookeeper/3.4.13/zookeeper-3.4.13.jar:/home/user/.m2/repository/org/apache/yetus/audience-annotations/0.5.0/audience-annotations-0.5.0.jar:/home/user/.m2/repository/org/codehaus/woodstox/stax2-api/3.1.4/stax2-api-3.1.4.jar:/home/user/.m2/repository/com/fasterxml/woodstox/woodstox-core/5.0.3/woodstox-core-5.0.3.jar:/home/user/.m2/repository/dnsjava/dnsjava/2.1.7/dnsjava-2.1.7.jar:/home/user/.m2/repository/org/apache/hadoop/hadoop-hdfs/3.2.0/hadoop-hdfs-3.2.0-tests.jar:/home/user/.m2/repository/org/eclipse/jetty/jetty-util-ajax/9.3.24.v20180605/jetty-util-ajax-9.3.24.v20180605.jar:/home/user/.m2/repository/commons-daemon/commons-daemon/1.0.13/commons-daemon-1.0.13.jar:/home/user/.m2/repository/io/netty/netty/3.10.5.Final/netty-3.10.5.Final.jar:/home/user/.m2/repository/io/netty/netty-all/4.0.52.Final/netty-all-4.0.52.Final.jar:/home/user/.m2/repository/org/fusesource/leveldbjni/leveldbjni-all/1.8/leveldbjni-all-1.8.jar:"/>
    <property name="sun.cpu.endian" value="little"/>
    <property name="user.home" value="/home/user"/>
    <property name="user.language" value="en"/>
    <property name="java.specification.vendor" value="Oracle Corporation"/>
    <property name="java.home" value="/usr/lib/jvm/java-1.8-openjdk/jre"/>
    <property name="java.security.krb5.conf" value="/tmp/workdir/hadoop-ozone/integration-test/target/test-classes/krb5.conf"/>
    <property name="basedir" value="/tmp/workdir/hadoop-ozone/integration-test"/>
    <property name="file.separator" value="/"/>
    <property name="line.separator" value="&#10;"/>
    <property name="java.vm.specification.vendor" value="Oracle Corporation"/>
    <property name="java.specification.name" value="Java Platform API Specification"/>
    <property name="java.awt.graphicsenv" value="sun.awt.X11GraphicsEnvironment"/>
    <property name="surefire.real.class.path" value="/tmp/workdir/hadoop-ozone/integration-test/target/surefire/surefirebooter2055216097964174267.jar"/>
    <property name="hadoop.log.dir" value="/tmp/workdir/hadoop-ozone/integration-test/target/log"/>
    <property name="sun.boot.class.path" value="/usr/lib/jvm/java-1.8-openjdk/jre/lib/resources.jar:/usr/lib/jvm/java-1.8-openjdk/jre/lib/rt.jar:/usr/lib/jvm/java-1.8-openjdk/jre/lib/sunrsasign.jar:/usr/lib/jvm/java-1.8-openjdk/jre/lib/jsse.jar:/usr/lib/jvm/java-1.8-openjdk/jre/lib/jce.jar:/usr/lib/jvm/java-1.8-openjdk/jre/lib/charsets.jar:/usr/lib/jvm/java-1.8-openjdk/jre/lib/jfr.jar:/usr/lib/jvm/java-1.8-openjdk/jre/classes"/>
    <property name="sun.management.compiler" value="HotSpot 64-Bit Tiered Compilers"/>
    <property name="java.runtime.version" value="1.8.0_212-b04"/>
    <property name="java.net.preferIPv4Stack" value="true"/>
    <property name="user.name" value="jenkins1000"/>
    <property name="path.separator" value=":"/>
    <property name="java.security.egd" value="file:///dev/urandom"/>
    <property name="os.version" value="3.10.0-957.12.2.el7.x86_64"/>
    <property name="java.endorsed.dirs" value="/usr/lib/jvm/java-1.8-openjdk/jre/lib/endorsed"/>
    <property name="java.runtime.name" value="OpenJDK Runtime Environment"/>
    <property name="file.encoding" value="UTF-8"/>
    <property name="java.vm.name" value="OpenJDK 64-Bit Server VM"/>
    <property name="test.build.webapps" value=""/>
    <property name="localRepository" value="/home/user/.m2/repository"/>
    <property name="java.vendor.url.bug" value="https://icedtea.classpath.org/bugzilla"/>
    <property name="java.io.tmpdir" value="/tmp"/>
    <property name="require.test.libhadoop" value=""/>
    <property name="java.version" value="1.8.0_212"/>
    <property name="user.dir" value="/tmp/workdir/hadoop-ozone/integration-test"/>
    <property name="os.arch" value="amd64"/>
    <property name="java.vm.specification.name" value="Java Virtual Machine Specification"/>
    <property name="test.build.classes" value="/tmp/workdir/hadoop-ozone/integration-test/target/test-classes"/>
    <property name="java.awt.printerjob" value="sun.print.PSPrinterJob"/>
    <property name="sun.os.patch.level" value="unknown"/>
    <property name="hadoop.tmp.dir" value="/tmp/workdir/hadoop-ozone/integration-test/target/tmp"/>
    <property name="java.library.path" value="/usr/lib/jvm/java-1.8-openjdk/jre/lib/amd64/server:/usr/lib/jvm/java-1.8-openjdk/jre/lib/amd64:/usr/lib/jvm/java-1.8-openjdk/jre/../lib/amd64:/tmp/workdir/hadoop-ozone/integration-test/target/native/target/usr/local/lib:/tmp/workdir/hadoop-ozone/integration-test/../../hadoop-common-project/hadoop-common/target/native/target/usr/local/lib:/usr/java/packages/lib/amd64:/usr/lib64:/lib64:/lib:/usr/lib"/>
    <property name="java.vm.info" value="mixed mode"/>
    <property name="java.vendor" value="IcedTea"/>
    <property name="java.vm.version" value="25.212-b04"/>
    <property name="java.ext.dirs" value="/usr/lib/jvm/java-1.8-openjdk/jre/lib/ext:/usr/java/packages/lib/ext"/>
    <property name="sun.io.unicode.encoding" value="UnicodeLittle"/>
    <property name="java.class.version" value="52.0"/>
  </properties>
  <testcase name="test2DatanodesFailure" classname="org.apache.hadoop.ozone.client.rpc.TestBlockOutputStreamWithFailures" time="44.385">
    <failure type="java.lang.AssertionError">java.lang.AssertionError
	at org.junit.Assert.fail(Assert.java:86)
	at org.junit.Assert.assertTrue(Assert.java:41)
	at org.junit.Assert.assertTrue(Assert.java:52)
	at org.apache.hadoop.ozone.client.rpc.TestBlockOutputStreamWithFailures.test2DatanodesFailure(TestBlockOutputStreamWithFailures.java:507)
	at sun.reflect.NativeMethodAccessorImpl.invoke0(Native Method)
	at sun.reflect.NativeMethodAccessorImpl.invoke(NativeMethodAccessorImpl.java:62)
	at sun.reflect.DelegatingMethodAccessorImpl.invoke(DelegatingMethodAccessorImpl.java:43)
	at java.lang.reflect.Method.invoke(Method.java:498)
	at org.junit.runners.model.FrameworkMethod$1.runReflectiveCall(FrameworkMethod.java:47)
	at org.junit.internal.runners.model.ReflectiveCallable.run(ReflectiveCallable.java:12)
	at org.junit.runners.model.FrameworkMethod.invokeExplosively(FrameworkMethod.java:44)
	at org.junit.internal.runners.statements.InvokeMethod.evaluate(InvokeMethod.java:17)
	at org.junit.internal.runners.statements.RunBefores.evaluate(RunBefores.java:26)
	at org.junit.internal.runners.statements.RunAfters.evaluate(RunAfters.java:27)
	at org.junit.runners.ParentRunner.runLeaf(ParentRunner.java:271)
	at org.junit.runners.BlockJUnit4ClassRunner.runChild(BlockJUnit4ClassRunner.java:70)
	at org.junit.runners.BlockJUnit4ClassRunner.runChild(BlockJUnit4ClassRunner.java:50)
	at org.junit.runners.ParentRunner$3.run(ParentRunner.java:238)
	at org.junit.runners.ParentRunner$1.schedule(ParentRunner.java:63)
	at org.junit.runners.ParentRunner.runChildren(ParentRunner.java:236)
	at org.junit.runners.ParentRunner.access$000(ParentRunner.java:53)
	at org.junit.runners.ParentRunner$2.evaluate(ParentRunner.java:229)
	at org.junit.runners.ParentRunner.run(ParentRunner.java:309)
	at org.apache.maven.surefire.junit4.JUnit4Provider.execute(JUnit4Provider.java:365)
	at org.apache.maven.surefire.junit4.JUnit4Provider.executeWithRerun(JUnit4Provider.java:273)
	at org.apache.maven.surefire.junit4.JUnit4Provider.executeTestSet(JUnit4Provider.java:238)
	at org.apache.maven.surefire.junit4.JUnit4Provider.invoke(JUnit4Provider.java:159)
	at org.apache.maven.surefire.booter.ForkedBooter.invokeProviderInSameClassLoader(ForkedBooter.java:384)
	at org.apache.maven.surefire.booter.ForkedBooter.runSuitesInProcess(ForkedBooter.java:345)
	at org.apache.maven.surefire.booter.ForkedBooter.execute(ForkedBooter.java:126)
	at org.apache.maven.surefire.booter.ForkedBooter.main(ForkedBooter.java:418)
</failure>
    <system-out><![CDATA[2019-07-13 19:13:46,585 WARN  server.ServerUtils (ServerUtils.java:getScmDbDir(145)) - ozone.scm.db.dirs is not configured. We recommend adding this setting. Falling back to ozone.metadata.dirs instead.
2019-07-13 19:13:46,677 WARN  server.ServerUtils (ServerUtils.java:getScmDbDir(145)) - ozone.scm.db.dirs is not configured. We recommend adding this setting. Falling back to ozone.metadata.dirs instead.
2019-07-13 19:13:46,679 WARN  server.ServerUtils (ServerUtils.java:getScmDbDir(145)) - ozone.scm.db.dirs is not configured. We recommend adding this setting. Falling back to ozone.metadata.dirs instead.
2019-07-13 19:13:46,692 INFO  util.log (Log.java:initialized(192)) - Logging initialized @811ms
2019-07-13 19:13:46,768 INFO  db.DBStoreBuilder (DBStoreBuilder.java:addTable(110)) - using custom profile for table: deletedBlocks
2019-07-13 19:13:46,768 INFO  db.DBStoreBuilder (DBStoreBuilder.java:processTables(161)) - Using default column profile:DBProfile.DISK for Table:deletedBlocks
2019-07-13 19:13:46,769 INFO  db.DBStoreBuilder (DBStoreBuilder.java:addTable(110)) - using custom profile for table: validCerts
2019-07-13 19:13:46,769 INFO  db.DBStoreBuilder (DBStoreBuilder.java:processTables(161)) - Using default column profile:DBProfile.DISK for Table:validCerts
2019-07-13 19:13:46,769 INFO  db.DBStoreBuilder (DBStoreBuilder.java:addTable(110)) - using custom profile for table: revokedCerts
2019-07-13 19:13:46,769 INFO  db.DBStoreBuilder (DBStoreBuilder.java:processTables(161)) - Using default column profile:DBProfile.DISK for Table:revokedCerts
2019-07-13 19:13:46,778 INFO  db.DBStoreBuilder (DBStoreBuilder.java:addTable(110)) - using custom profile for table: default
2019-07-13 19:13:46,778 INFO  db.DBStoreBuilder (DBStoreBuilder.java:processTables(167)) - Using default column profile:DBProfile.DISK for Table:default
2019-07-13 19:13:46,779 INFO  db.DBStoreBuilder (DBStoreBuilder.java:getDbProfile(198)) - Using default options. DBProfile.DISK
2019-07-13 19:13:46,967 INFO  net.NodeSchemaLoader (NodeSchemaLoader.java:loadSchemaFromFile(125)) - Loading file from sun.misc.CompoundEnumeration@3835c46
2019-07-13 19:13:46,969 INFO  net.NodeSchemaLoader (NodeSchemaLoader.java:loadSchema(171)) - Loading network topology layer schema file
2019-07-13 19:13:47,066 INFO  node.SCMNodeManager (SCMNodeManager.java:<init>(119)) - Entering startup safe mode.
2019-07-13 19:13:47,154 WARN  server.ServerUtils (ServerUtils.java:getScmDbDir(145)) - ozone.scm.db.dirs is not configured. We recommend adding this setting. Falling back to ozone.metadata.dirs instead.
2019-07-13 19:13:47,214 INFO  pipeline.SCMPipelineManager (SCMPipelineManager.java:initializePipelineState(126)) - No pipeline exists in current db
2019-07-13 19:13:47,217 WARN  server.ServerUtils (ServerUtils.java:getScmDbDir(145)) - ozone.scm.db.dirs is not configured. We recommend adding this setting. Falling back to ozone.metadata.dirs instead.
2019-07-13 19:13:47,326 WARN  events.EventQueue (EventQueue.java:fireEvent(175)) - No event handler registered for event TypedEvent{payloadType=SafeModeStatus, name='SafeModeStatus'}
2019-07-13 19:13:47,652 INFO  ipc.CallQueueManager (CallQueueManager.java:<init>(84)) - Using callQueue: class java.util.concurrent.LinkedBlockingQueue, queueCapacity: 2000, scheduler: class org.apache.hadoop.ipc.DefaultRpcScheduler, ipcBackoff: false.
2019-07-13 19:13:47,685 INFO  ipc.Server (Server.java:run(1074)) - Starting Socket Reader #1 for port 36713
2019-07-13 19:13:47,715 INFO  ipc.CallQueueManager (CallQueueManager.java:<init>(84)) - Using callQueue: class java.util.concurrent.LinkedBlockingQueue, queueCapacity: 2000, scheduler: class org.apache.hadoop.ipc.DefaultRpcScheduler, ipcBackoff: false.
2019-07-13 19:13:47,717 INFO  ipc.Server (Server.java:run(1074)) - Starting Socket Reader #1 for port 37849
2019-07-13 19:13:47,724 INFO  ipc.CallQueueManager (CallQueueManager.java:<init>(84)) - Using callQueue: class java.util.concurrent.LinkedBlockingQueue, queueCapacity: 2000, scheduler: class org.apache.hadoop.ipc.DefaultRpcScheduler, ipcBackoff: false.
2019-07-13 19:13:47,725 INFO  ipc.Server (Server.java:run(1074)) - Starting Socket Reader #1 for port 37395
2019-07-13 19:13:47,861 INFO  hdfs.DFSUtil (DFSUtil.java:httpServerTemplateForNNAndJN(1641)) - Starting Web-server for scm at: http://0.0.0.0:0
2019-07-13 19:13:47,999 INFO  server.AuthenticationFilter (AuthenticationFilter.java:constructSecretProvider(240)) - Unable to initialize FileSignerSecretProvider, falling back to use random secrets.
2019-07-13 19:13:48,007 WARN  http.HttpRequestLog (HttpRequestLog.java:getRequestLog(97)) - Jetty request log can only be enabled using Log4j
2019-07-13 19:13:48,015 INFO  http.HttpServer2 (HttpServer2.java:addGlobalFilter(975)) - Added global filter 'safety' (class=org.apache.hadoop.http.HttpServer2$QuotingInputFilter)
2019-07-13 19:13:48,018 INFO  http.HttpServer2 (HttpServer2.java:addFilter(948)) - Added filter static_user_filter (class=org.apache.hadoop.http.lib.StaticUserWebFilter$StaticUserFilter) to context scm
2019-07-13 19:13:48,018 INFO  http.HttpServer2 (HttpServer2.java:addFilter(958)) - Added filter static_user_filter (class=org.apache.hadoop.http.lib.StaticUserWebFilter$StaticUserFilter) to context static
2019-07-13 19:13:48,019 INFO  http.HttpServer2 (HttpServer2.java:addFilter(958)) - Added filter static_user_filter (class=org.apache.hadoop.http.lib.StaticUserWebFilter$StaticUserFilter) to context logs
2019-07-13 19:13:48,049 INFO  server.StorageContainerManager (StorageContainerManager.java:start(759)) - StorageContainerLocationProtocol RPC server is listening at /0.0.0.0:37395
2019-07-13 19:13:48,113 WARN  impl.MetricsConfig (MetricsConfig.java:loadFirst(134)) - Cannot locate configuration: tried hadoop-metrics2-storagecontainermanager.properties,hadoop-metrics2.properties
2019-07-13 19:13:48,126 INFO  impl.MetricsSystemImpl (MetricsSystemImpl.java:startTimer(374)) - Scheduled Metric snapshot period at 10 second(s).
2019-07-13 19:13:48,127 INFO  impl.MetricsSystemImpl (MetricsSystemImpl.java:start(191)) - StorageContainerManager metrics system started
2019-07-13 19:13:48,333 INFO  server.SCMClientProtocolServer (SCMClientProtocolServer.java:start(149)) - RPC server for Client  is listening at /0.0.0.0:37395
2019-07-13 19:13:48,334 INFO  ipc.Server (Server.java:run(1314)) - IPC Server Responder: starting
2019-07-13 19:13:48,334 INFO  ipc.Server (Server.java:run(1153)) - IPC Server listener on 37395: starting
2019-07-13 19:13:48,338 INFO  server.StorageContainerManager (StorageContainerManager.java:start(768)) - ScmBlockLocationProtocol RPC server is listening at /0.0.0.0:37849
2019-07-13 19:13:48,338 INFO  server.SCMBlockProtocolServer (SCMBlockProtocolServer.java:start(140)) - RPC server for Block Protocol is listening at /0.0.0.0:37849
2019-07-13 19:13:48,339 INFO  ipc.Server (Server.java:run(1314)) - IPC Server Responder: starting
2019-07-13 19:13:48,339 INFO  ipc.Server (Server.java:run(1153)) - IPC Server listener on 37849: starting
2019-07-13 19:13:48,345 INFO  server.StorageContainerManager (StorageContainerManager.java:start(772)) - ScmDatanodeProtocl RPC server is listening at /0.0.0.0:36713
2019-07-13 19:13:48,345 INFO  server.SCMDatanodeProtocolServer (SCMDatanodeProtocolServer.java:start(191)) - RPC server for DataNodes is listening at /0.0.0.0:36713
2019-07-13 19:13:48,347 INFO  ipc.Server (Server.java:run(1314)) - IPC Server Responder: starting
2019-07-13 19:13:48,348 INFO  ipc.Server (Server.java:run(1153)) - IPC Server listener on 36713: starting
2019-07-13 19:13:48,356 INFO  http.HttpServer2 (HttpServer2.java:bindListener(1191)) - Jetty bound to port 46402
2019-07-13 19:13:48,357 INFO  server.Server (Server.java:doStart(351)) - jetty-9.3.24.v20180605, build timestamp: 2018-06-05T17:11:56Z, git hash: 84205aa28f11a4f31f2a3b86d1bba2cc8ab69827
2019-07-13 19:13:48,389 INFO  handler.ContextHandler (ContextHandler.java:doStart(781)) - Started o.e.j.s.ServletContextHandler@6bbe2511{/logs,file:///tmp/workdir/hadoop-ozone/integration-test/target/log,AVAILABLE}
2019-07-13 19:13:48,389 INFO  handler.ContextHandler (ContextHandler.java:doStart(781)) - Started o.e.j.s.ServletContextHandler@76012793{/static,file:///tmp/workdir/hadoop-ozone/integration-test/target/test-classes/webapps/static,AVAILABLE}
2019-07-13 19:13:48,415 INFO  handler.ContextHandler (ContextHandler.java:doStart(781)) - Started o.e.j.w.WebAppContext@6a1d204a{/,file:///tmp/workdir/hadoop-ozone/integration-test/target/test-classes/webapps/scm/,AVAILABLE}{/scm}
2019-07-13 19:13:48,419 INFO  server.AbstractConnector (AbstractConnector.java:doStart(278)) - Started ServerConnector@9d157ff{HTTP/1.1,[http/1.1]}{0.0.0.0:46402}
2019-07-13 19:13:48,419 INFO  server.Server (Server.java:doStart(419)) - Started @2538ms
2019-07-13 19:13:48,420 INFO  server.BaseHttpServer (BaseHttpServer.java:updateConnectorAddress(207)) - HTTP server of SCM is listening at http://0.0.0.0:46402
2019-07-13 19:13:48,426 INFO  util.JvmPauseMonitor (JvmPauseMonitor.java:run(188)) - Starting JVM pause monitor
2019-07-13 19:13:48,427 WARN  server.ServerUtils (ServerUtils.java:getDBPath(222)) - ozone.om.db.dirs is not configured. We recommend adding this setting. Falling back to ozone.metadata.dirs instead.
2019-07-13 19:13:48,509 WARN  server.ServerUtils (ServerUtils.java:getDBPath(222)) - ozone.om.db.dirs is not configured. We recommend adding this setting. Falling back to ozone.metadata.dirs instead.
2019-07-13 19:13:48,510 INFO  om.OzoneManager (OzoneManager.java:setOMNodeDetails(630)) - OM Service ID is not set. Setting it to the default ID: omServiceIdDefault
2019-07-13 19:13:48,510 INFO  om.OzoneManager (OzoneManager.java:setOMNodeDetails(636)) - OM Node ID is not set. Setting it to the OmStorage's OmID: d2d9c50c-472a-4139-bb95-02f4f2305799
2019-07-13 19:13:48,511 INFO  om.OzoneManager (OzoneManager.java:loadOMHAConfigs(587)) - Found matching OM address with OMServiceId: null, OMNodeId: null, RPC Address: localhost:0 and Ratis port: 9872
2019-07-13 19:13:48,752 WARN  server.ServerUtils (ServerUtils.java:getDBPath(222)) - ozone.om.db.dirs is not configured. We recommend adding this setting. Falling back to ozone.metadata.dirs instead.
2019-07-13 19:13:48,764 INFO  db.DBStoreBuilder (DBStoreBuilder.java:addTable(110)) - using custom profile for table: userTable
2019-07-13 19:13:48,764 INFO  db.DBStoreBuilder (DBStoreBuilder.java:processTables(161)) - Using default column profile:DBProfile.DISK for Table:userTable
2019-07-13 19:13:48,764 INFO  db.DBStoreBuilder (DBStoreBuilder.java:addTable(110)) - using custom profile for table: volumeTable
2019-07-13 19:13:48,765 INFO  db.DBStoreBuilder (DBStoreBuilder.java:processTables(161)) - Using default column profile:DBProfile.DISK for Table:volumeTable
2019-07-13 19:13:48,765 INFO  db.DBStoreBuilder (DBStoreBuilder.java:addTable(110)) - using custom profile for table: bucketTable
2019-07-13 19:13:48,765 INFO  db.DBStoreBuilder (DBStoreBuilder.java:processTables(161)) - Using default column profile:DBProfile.DISK for Table:bucketTable
2019-07-13 19:13:48,766 INFO  db.DBStoreBuilder (DBStoreBuilder.java:addTable(110)) - using custom profile for table: keyTable
2019-07-13 19:13:48,766 INFO  db.DBStoreBuilder (DBStoreBuilder.java:processTables(161)) - Using default column profile:DBProfile.DISK for Table:keyTable
2019-07-13 19:13:48,767 INFO  db.DBStoreBuilder (DBStoreBuilder.java:addTable(110)) - using custom profile for table: deletedTable
2019-07-13 19:13:48,767 INFO  db.DBStoreBuilder (DBStoreBuilder.java:processTables(161)) - Using default column profile:DBProfile.DISK for Table:deletedTable
2019-07-13 19:13:48,767 INFO  db.DBStoreBuilder (DBStoreBuilder.java:addTable(110)) - using custom profile for table: openKeyTable
2019-07-13 19:13:48,768 INFO  db.DBStoreBuilder (DBStoreBuilder.java:processTables(161)) - Using default column profile:DBProfile.DISK for Table:openKeyTable
2019-07-13 19:13:48,768 INFO  db.DBStoreBuilder (DBStoreBuilder.java:addTable(110)) - using custom profile for table: s3Table
2019-07-13 19:13:48,768 INFO  db.DBStoreBuilder (DBStoreBuilder.java:processTables(161)) - Using default column profile:DBProfile.DISK for Table:s3Table
2019-07-13 19:13:48,769 INFO  db.DBStoreBuilder (DBStoreBuilder.java:addTable(110)) - using custom profile for table: multipartInfoTable
2019-07-13 19:13:48,769 INFO  db.DBStoreBuilder (DBStoreBuilder.java:processTables(161)) - Using default column profile:DBProfile.DISK for Table:multipartInfoTable
2019-07-13 19:13:48,770 INFO  db.DBStoreBuilder (DBStoreBuilder.java:addTable(110)) - using custom profile for table: dTokenTable
2019-07-13 19:13:48,770 INFO  db.DBStoreBuilder (DBStoreBuilder.java:processTables(161)) - Using default column profile:DBProfile.DISK for Table:dTokenTable
2019-07-13 19:13:48,770 INFO  db.DBStoreBuilder (DBStoreBuilder.java:addTable(110)) - using custom profile for table: s3SecretTable
2019-07-13 19:13:48,771 INFO  db.DBStoreBuilder (DBStoreBuilder.java:processTables(161)) - Using default column profile:DBProfile.DISK for Table:s3SecretTable
2019-07-13 19:13:48,771 INFO  db.DBStoreBuilder (DBStoreBuilder.java:addTable(110)) - using custom profile for table: prefixTable
2019-07-13 19:13:48,771 INFO  db.DBStoreBuilder (DBStoreBuilder.java:processTables(161)) - Using default column profile:DBProfile.DISK for Table:prefixTable
2019-07-13 19:13:48,772 INFO  db.DBStoreBuilder (DBStoreBuilder.java:addTable(110)) - using custom profile for table: default
2019-07-13 19:13:48,772 INFO  db.DBStoreBuilder (DBStoreBuilder.java:processTables(167)) - Using default column profile:DBProfile.DISK for Table:default
2019-07-13 19:13:48,772 INFO  db.DBStoreBuilder (DBStoreBuilder.java:getDbProfile(198)) - Using default options. DBProfile.DISK
2019-07-13 19:13:49,706 INFO  ipc.CallQueueManager (CallQueueManager.java:<init>(84)) - Using callQueue: class java.util.concurrent.LinkedBlockingQueue, queueCapacity: 2000, scheduler: class org.apache.hadoop.ipc.DefaultRpcScheduler, ipcBackoff: false.
2019-07-13 19:13:49,708 INFO  ipc.Server (Server.java:run(1074)) - Starting Socket Reader #1 for port 39080
2019-07-13 19:13:49,736 WARN  server.ServerUtils (ServerUtils.java:getDBPath(222)) - ozone.om.db.dirs is not configured. We recommend adding this setting. Falling back to ozone.metadata.dirs instead.
2019-07-13 19:13:49,736 INFO  om.OzoneManager (OzoneManager.java:start(1228)) - OzoneManager RPC server is listening at localhost/127.0.0.1:39080
2019-07-13 19:13:49,736 INFO  impl.MetricsSystemImpl (MetricsSystemImpl.java:init(158)) - OzoneManager metrics system started (again)
2019-07-13 19:13:49,739 INFO  ipc.Server (Server.java:run(1314)) - IPC Server Responder: starting
2019-07-13 19:13:49,739 INFO  ipc.Server (Server.java:run(1153)) - IPC Server listener on 39080: starting
2019-07-13 19:13:49,752 INFO  hdfs.DFSUtil (DFSUtil.java:httpServerTemplateForNNAndJN(1641)) - Starting Web-server for ozoneManager at: http://0.0.0.0:0
2019-07-13 19:13:49,755 INFO  server.AuthenticationFilter (AuthenticationFilter.java:constructSecretProvider(240)) - Unable to initialize FileSignerSecretProvider, falling back to use random secrets.
2019-07-13 19:13:49,755 WARN  http.HttpRequestLog (HttpRequestLog.java:getRequestLog(97)) - Jetty request log can only be enabled using Log4j
2019-07-13 19:13:49,758 INFO  http.HttpServer2 (HttpServer2.java:addGlobalFilter(975)) - Added global filter 'safety' (class=org.apache.hadoop.http.HttpServer2$QuotingInputFilter)
2019-07-13 19:13:49,759 INFO  http.HttpServer2 (HttpServer2.java:addFilter(948)) - Added filter static_user_filter (class=org.apache.hadoop.http.lib.StaticUserWebFilter$StaticUserFilter) to context ozoneManager
2019-07-13 19:13:49,759 INFO  http.HttpServer2 (HttpServer2.java:addFilter(958)) - Added filter static_user_filter (class=org.apache.hadoop.http.lib.StaticUserWebFilter$StaticUserFilter) to context static
2019-07-13 19:13:49,760 INFO  http.HttpServer2 (HttpServer2.java:addFilter(958)) - Added filter static_user_filter (class=org.apache.hadoop.http.lib.StaticUserWebFilter$StaticUserFilter) to context logs
2019-07-13 19:13:49,762 INFO  http.HttpServer2 (HttpServer2.java:bindListener(1191)) - Jetty bound to port 41746
2019-07-13 19:13:49,762 INFO  server.Server (Server.java:doStart(351)) - jetty-9.3.24.v20180605, build timestamp: 2018-06-05T17:11:56Z, git hash: 84205aa28f11a4f31f2a3b86d1bba2cc8ab69827
2019-07-13 19:13:49,764 INFO  handler.ContextHandler (ContextHandler.java:doStart(781)) - Started o.e.j.s.ServletContextHandler@6ac97b84{/logs,file:///tmp/workdir/hadoop-ozone/integration-test/target/log,AVAILABLE}
2019-07-13 19:13:49,765 INFO  handler.ContextHandler (ContextHandler.java:doStart(781)) - Started o.e.j.s.ServletContextHandler@35c09b94{/static,file:///tmp/workdir/hadoop-ozone/integration-test/target/test-classes/webapps/static,AVAILABLE}
2019-07-13 19:13:49,772 INFO  handler.ContextHandler (ContextHandler.java:doStart(781)) - Started o.e.j.w.WebAppContext@1b9c1b51{/,file:///tmp/workdir/hadoop-ozone/integration-test/target/test-classes/webapps/ozoneManager/,AVAILABLE}{/ozoneManager}
2019-07-13 19:13:49,772 INFO  server.AbstractConnector (AbstractConnector.java:doStart(278)) - Started ServerConnector@2e52fb3e{HTTP/1.1,[http/1.1]}{0.0.0.0:41746}
2019-07-13 19:13:49,773 INFO  server.Server (Server.java:doStart(419)) - Started @3891ms
2019-07-13 19:13:49,774 INFO  server.BaseHttpServer (BaseHttpServer.java:updateConnectorAddress(207)) - HTTP server of OZONEMANAGER is listening at http://0.0.0.0:41746
2019-07-13 19:13:50,042 INFO  impl.MetricsSystemImpl (MetricsSystemImpl.java:init(158)) - HddsDatanode metrics system started (again)
2019-07-13 19:13:50,147 INFO  ozone.HddsDatanodeService (HddsDatanodeService.java:start(185)) - HddsDatanodeService host:trunk-nightly-fxqsz-774976932 ip:192.168.69.122
2019-07-13 19:13:50,181 INFO  volume.HddsVolume (HddsVolume.java:<init>(176)) - Creating Volume: /tmp/workdir/hadoop-ozone/integration-test/target/test-dir/MiniOzoneClusterImpl-5bfc6e0b-967d-4665-bd73-027a5ac739b6/datanode-0/data/containers/hdds of  storage type : DISK and capacity : 52710309888
2019-07-13 19:13:50,183 INFO  volume.VolumeSet (VolumeSet.java:initializeVolumeSet(170)) - Added Volume : /tmp/workdir/hadoop-ozone/integration-test/target/test-dir/MiniOzoneClusterImpl-5bfc6e0b-967d-4665-bd73-027a5ac739b6/datanode-0/data/containers/hdds to VolumeSet
2019-07-13 19:13:50,187 INFO  volume.ThrottledAsyncChecker (ThrottledAsyncChecker.java:schedule(140)) - Scheduling a check for org.apache.hadoop.ozone.container.common.volume.HddsVolume@6fc3e1a4
2019-07-13 19:13:50,206 INFO  volume.HddsVolumeChecker (HddsVolumeChecker.java:checkAllVolumes(203)) - Scheduled health check for volume org.apache.hadoop.ozone.container.common.volume.HddsVolume@6fc3e1a4
2019-07-13 19:13:50,320 INFO  impl.RaftServerProxy (ConfUtils.java:logGet(43)) - raft.rpc.type = GRPC (default)
2019-07-13 19:13:50,384 INFO  grpc.GrpcFactory (GrpcFactory.java:checkPooledByteBufAllocatorUseCacheForAllThreads(45)) - PERFORMANCE WARNING: useCacheForAllThreads is true that may cause Netty to create a lot garbage objects and, as a result, trigger GC.
	It is recommended to disable useCacheForAllThreads by setting -Dorg.apache.ratis.thirdparty.io.netty.allocator.useCacheForAllThreads=false in command line.
2019-07-13 19:13:50,389 INFO  grpc.GrpcConfigKeys$Server (ConfUtils.java:logGet(43)) - raft.grpc.server.port = 0 (default)
2019-07-13 19:13:50,390 INFO  server.GrpcService (ConfUtils.java:logGet(43)) - raft.grpc.message.size.max = 33570816 (custom)
2019-07-13 19:13:50,391 INFO  server.RaftServerConfigKeys (ConfUtils.java:logGet(43)) - raft.server.log.appender.buffer.byte-limit = 33554432 (custom)
2019-07-13 19:13:50,392 INFO  server.GrpcService (ConfUtils.java:logGet(43)) - raft.grpc.flow.control.window = 1MB (=1048576) (default)
2019-07-13 19:13:50,393 INFO  server.RaftServerConfigKeys (ConfUtils.java:logGet(43)) - raft.server.rpc.request.timeout = 3000ms (default)
2019-07-13 19:13:50,551 INFO  server.RaftServerConfigKeys (ConfUtils.java:logGet(43)) - raft.server.storage.dir = [/tmp/workdir/hadoop-ozone/integration-test/target/test-dir/MiniOzoneClusterImpl-5bfc6e0b-967d-4665-bd73-027a5ac739b6/datanode-0/data/ratis] (custom)
2019-07-13 19:13:50,587 INFO  replication.SimpleContainerDownloader (SimpleContainerDownloader.java:<init>(72)) - Starting container downloader service to copy containers to replicate.
2019-07-13 19:13:50,600 INFO  hdfs.DFSUtil (DFSUtil.java:httpServerTemplateForNNAndJN(1641)) - Starting Web-server for hddsDatanode at: http://0.0.0.0:0
2019-07-13 19:13:50,603 INFO  server.AuthenticationFilter (AuthenticationFilter.java:constructSecretProvider(240)) - Unable to initialize FileSignerSecretProvider, falling back to use random secrets.
2019-07-13 19:13:50,603 WARN  http.HttpRequestLog (HttpRequestLog.java:getRequestLog(97)) - Jetty request log can only be enabled using Log4j
2019-07-13 19:13:50,606 INFO  http.HttpServer2 (HttpServer2.java:addGlobalFilter(975)) - Added global filter 'safety' (class=org.apache.hadoop.http.HttpServer2$QuotingInputFilter)
2019-07-13 19:13:50,608 INFO  http.HttpServer2 (HttpServer2.java:addFilter(948)) - Added filter static_user_filter (class=org.apache.hadoop.http.lib.StaticUserWebFilter$StaticUserFilter) to context hddsDatanode
2019-07-13 19:13:50,608 INFO  http.HttpServer2 (HttpServer2.java:addFilter(958)) - Added filter static_user_filter (class=org.apache.hadoop.http.lib.StaticUserWebFilter$StaticUserFilter) to context logs
2019-07-13 19:13:50,608 INFO  http.HttpServer2 (HttpServer2.java:addFilter(958)) - Added filter static_user_filter (class=org.apache.hadoop.http.lib.StaticUserWebFilter$StaticUserFilter) to context static
2019-07-13 19:13:50,609 INFO  http.HttpServer2 (HttpServer2.java:bindListener(1191)) - Jetty bound to port 39795
2019-07-13 19:13:50,610 INFO  server.Server (Server.java:doStart(351)) - jetty-9.3.24.v20180605, build timestamp: 2018-06-05T17:11:56Z, git hash: 84205aa28f11a4f31f2a3b86d1bba2cc8ab69827
2019-07-13 19:13:50,612 INFO  handler.ContextHandler (ContextHandler.java:doStart(781)) - Started o.e.j.s.ServletContextHandler@304d0259{/logs,file:///tmp/workdir/hadoop-ozone/integration-test/target/log,AVAILABLE}
2019-07-13 19:13:50,613 INFO  handler.ContextHandler (ContextHandler.java:doStart(781)) - Started o.e.j.s.ServletContextHandler@2133661d{/static,jar:file:/home/user/.m2/repository/org/apache/hadoop/hadoop-hdds-container-service/0.5.0-SNAPSHOT/hadoop-hdds-container-service-0.5.0-SNAPSHOT.jar!/webapps/static,AVAILABLE}
2019-07-13 19:13:50,659 INFO  handler.ContextHandler (ContextHandler.java:doStart(781)) - Started o.e.j.w.WebAppContext@24e83d19{/,file:///tmp/jetty-0.0.0.0-39795-hddsDatanode-_-any-581870118746813552.dir/webapp/,AVAILABLE}{/hddsDatanode}
2019-07-13 19:13:50,660 INFO  server.AbstractConnector (AbstractConnector.java:doStart(278)) - Started ServerConnector@5c080ef3{HTTP/1.1,[http/1.1]}{0.0.0.0:39795}
2019-07-13 19:13:50,661 INFO  server.Server (Server.java:doStart(419)) - Started @4780ms
2019-07-13 19:13:50,663 INFO  server.BaseHttpServer (BaseHttpServer.java:updateConnectorAddress(207)) - HTTP server of HDDSDATANODE is listening at http://0.0.0.0:39795
2019-07-13 19:13:51,841 INFO  ozone.HddsDatanodeService (HddsDatanodeService.java:startPlugins(396)) - Started plug-in org.apache.hadoop.ozone.web.OzoneHddsDatanodeService@b4732dc
2019-07-13 19:13:51,843 INFO  impl.MetricsSystemImpl (MetricsSystemImpl.java:init(158)) - HddsDatanode metrics system started (again)
2019-07-13 19:13:51,843 INFO  ozone.HddsDatanodeService (HddsDatanodeService.java:start(185)) - HddsDatanodeService host:trunk-nightly-fxqsz-774976932 ip:192.168.69.122
2019-07-13 19:13:51,849 INFO  util.JvmPauseMonitor (JvmPauseMonitor.java:run(188)) - Starting JVM pause monitor
2019-07-13 19:13:51,856 INFO  volume.HddsVolume (HddsVolume.java:<init>(176)) - Creating Volume: /tmp/workdir/hadoop-ozone/integration-test/target/test-dir/MiniOzoneClusterImpl-5bfc6e0b-967d-4665-bd73-027a5ac739b6/datanode-1/data/containers/hdds of  storage type : DISK and capacity : 52710309888
2019-07-13 19:13:51,857 INFO  volume.VolumeSet (VolumeSet.java:initializeVolumeSet(170)) - Added Volume : /tmp/workdir/hadoop-ozone/integration-test/target/test-dir/MiniOzoneClusterImpl-5bfc6e0b-967d-4665-bd73-027a5ac739b6/datanode-1/data/containers/hdds to VolumeSet
2019-07-13 19:13:51,857 INFO  volume.ThrottledAsyncChecker (ThrottledAsyncChecker.java:schedule(140)) - Scheduling a check for org.apache.hadoop.ozone.container.common.volume.HddsVolume@778a1250
2019-07-13 19:13:51,859 INFO  volume.HddsVolumeChecker (HddsVolumeChecker.java:checkAllVolumes(203)) - Scheduled health check for volume org.apache.hadoop.ozone.container.common.volume.HddsVolume@778a1250
2019-07-13 19:13:51,882 INFO  impl.RaftServerProxy (ConfUtils.java:logGet(43)) - raft.rpc.type = GRPC (default)
2019-07-13 19:13:51,883 INFO  grpc.GrpcFactory (GrpcFactory.java:checkPooledByteBufAllocatorUseCacheForAllThreads(45)) - PERFORMANCE WARNING: useCacheForAllThreads is true that may cause Netty to create a lot garbage objects and, as a result, trigger GC.
	It is recommended to disable useCacheForAllThreads by setting -Dorg.apache.ratis.thirdparty.io.netty.allocator.useCacheForAllThreads=false in command line.
2019-07-13 19:13:51,883 INFO  grpc.GrpcConfigKeys$Server (ConfUtils.java:logGet(43)) - raft.grpc.server.port = 0 (default)
2019-07-13 19:13:51,884 INFO  server.GrpcService (ConfUtils.java:logGet(43)) - raft.grpc.message.size.max = 33570816 (custom)
2019-07-13 19:13:51,884 INFO  server.RaftServerConfigKeys (ConfUtils.java:logGet(43)) - raft.server.log.appender.buffer.byte-limit = 33554432 (custom)
2019-07-13 19:13:51,884 INFO  server.GrpcService (ConfUtils.java:logGet(43)) - raft.grpc.flow.control.window = 1MB (=1048576) (default)
2019-07-13 19:13:51,885 INFO  server.RaftServerConfigKeys (ConfUtils.java:logGet(43)) - raft.server.rpc.request.timeout = 3000ms (default)
2019-07-13 19:13:51,887 INFO  server.RaftServerConfigKeys (ConfUtils.java:logGet(43)) - raft.server.storage.dir = [/tmp/workdir/hadoop-ozone/integration-test/target/test-dir/MiniOzoneClusterImpl-5bfc6e0b-967d-4665-bd73-027a5ac739b6/datanode-1/data/ratis] (custom)
2019-07-13 19:13:51,888 INFO  replication.SimpleContainerDownloader (SimpleContainerDownloader.java:<init>(72)) - Starting container downloader service to copy containers to replicate.
2019-07-13 19:13:51,889 INFO  hdfs.DFSUtil (DFSUtil.java:httpServerTemplateForNNAndJN(1641)) - Starting Web-server for hddsDatanode at: http://0.0.0.0:0
2019-07-13 19:13:51,892 INFO  server.AuthenticationFilter (AuthenticationFilter.java:constructSecretProvider(240)) - Unable to initialize FileSignerSecretProvider, falling back to use random secrets.
2019-07-13 19:13:51,893 WARN  http.HttpRequestLog (HttpRequestLog.java:getRequestLog(97)) - Jetty request log can only be enabled using Log4j
2019-07-13 19:13:51,895 INFO  http.HttpServer2 (HttpServer2.java:addGlobalFilter(975)) - Added global filter 'safety' (class=org.apache.hadoop.http.HttpServer2$QuotingInputFilter)
2019-07-13 19:13:51,895 INFO  http.HttpServer2 (HttpServer2.java:addFilter(948)) - Added filter static_user_filter (class=org.apache.hadoop.http.lib.StaticUserWebFilter$StaticUserFilter) to context hddsDatanode
2019-07-13 19:13:51,895 INFO  http.HttpServer2 (HttpServer2.java:addFilter(958)) - Added filter static_user_filter (class=org.apache.hadoop.http.lib.StaticUserWebFilter$StaticUserFilter) to context static
2019-07-13 19:13:51,896 INFO  http.HttpServer2 (HttpServer2.java:addFilter(958)) - Added filter static_user_filter (class=org.apache.hadoop.http.lib.StaticUserWebFilter$StaticUserFilter) to context logs
2019-07-13 19:13:51,896 INFO  http.HttpServer2 (HttpServer2.java:bindListener(1191)) - Jetty bound to port 33236
2019-07-13 19:13:51,897 INFO  server.Server (Server.java:doStart(351)) - jetty-9.3.24.v20180605, build timestamp: 2018-06-05T17:11:56Z, git hash: 84205aa28f11a4f31f2a3b86d1bba2cc8ab69827
2019-07-13 19:13:51,899 INFO  handler.ContextHandler (ContextHandler.java:doStart(781)) - Started o.e.j.s.ServletContextHandler@359066bc{/logs,file:///tmp/workdir/hadoop-ozone/integration-test/target/log,AVAILABLE}
2019-07-13 19:13:51,900 INFO  handler.ContextHandler (ContextHandler.java:doStart(781)) - Started o.e.j.s.ServletContextHandler@364fd4ae{/static,jar:file:/home/user/.m2/repository/org/apache/hadoop/hadoop-hdds-container-service/0.5.0-SNAPSHOT/hadoop-hdds-container-service-0.5.0-SNAPSHOT.jar!/webapps/static,AVAILABLE}
2019-07-13 19:13:51,936 INFO  handler.ContextHandler (ContextHandler.java:doStart(781)) - Started o.e.j.w.WebAppContext@2e1eb85f{/,file:///tmp/jetty-0.0.0.0-33236-hddsDatanode-_-any-7030822335688031755.dir/webapp/,AVAILABLE}{/hddsDatanode}
2019-07-13 19:13:51,937 INFO  server.AbstractConnector (AbstractConnector.java:doStart(278)) - Started ServerConnector@ea7a4c3{HTTP/1.1,[http/1.1]}{0.0.0.0:33236}
2019-07-13 19:13:51,940 INFO  server.Server (Server.java:doStart(419)) - Started @6059ms
2019-07-13 19:13:51,941 INFO  server.BaseHttpServer (BaseHttpServer.java:updateConnectorAddress(207)) - HTTP server of HDDSDATANODE is listening at http://0.0.0.0:33236
2019-07-13 19:13:51,995 INFO  datanode.InitDatanodeState (InitDatanodeState.java:persistContainerDatanodeDetails(140)) - DatanodeDetails is persisted to /tmp/workdir/hadoop-ozone/integration-test/target/test-dir/MiniOzoneClusterImpl-5bfc6e0b-967d-4665-bd73-027a5ac739b6/datanode-0/meta/datanode.id
2019-07-13 19:13:52,088 INFO  ozone.HddsDatanodeService (HddsDatanodeService.java:startPlugins(396)) - Started plug-in org.apache.hadoop.ozone.web.OzoneHddsDatanodeService@5729b410
2019-07-13 19:13:52,089 INFO  impl.MetricsSystemImpl (MetricsSystemImpl.java:init(158)) - HddsDatanode metrics system started (again)
2019-07-13 19:13:52,090 INFO  ozone.HddsDatanodeService (HddsDatanodeService.java:start(185)) - HddsDatanodeService host:trunk-nightly-fxqsz-774976932 ip:192.168.69.122
2019-07-13 19:13:52,092 INFO  util.JvmPauseMonitor (JvmPauseMonitor.java:run(188)) - Starting JVM pause monitor
2019-07-13 19:13:52,101 INFO  volume.HddsVolume (HddsVolume.java:<init>(176)) - Creating Volume: /tmp/workdir/hadoop-ozone/integration-test/target/test-dir/MiniOzoneClusterImpl-5bfc6e0b-967d-4665-bd73-027a5ac739b6/datanode-2/data/containers/hdds of  storage type : DISK and capacity : 52710309888
2019-07-13 19:13:52,101 INFO  volume.VolumeSet (VolumeSet.java:initializeVolumeSet(170)) - Added Volume : /tmp/workdir/hadoop-ozone/integration-test/target/test-dir/MiniOzoneClusterImpl-5bfc6e0b-967d-4665-bd73-027a5ac739b6/datanode-2/data/containers/hdds to VolumeSet
2019-07-13 19:13:52,102 INFO  volume.ThrottledAsyncChecker (ThrottledAsyncChecker.java:schedule(140)) - Scheduling a check for org.apache.hadoop.ozone.container.common.volume.HddsVolume@52b959df
2019-07-13 19:13:52,102 INFO  volume.HddsVolumeChecker (HddsVolumeChecker.java:checkAllVolumes(203)) - Scheduled health check for volume org.apache.hadoop.ozone.container.common.volume.HddsVolume@52b959df
2019-07-13 19:13:52,102 INFO  datanode.InitDatanodeState (InitDatanodeState.java:persistContainerDatanodeDetails(140)) - DatanodeDetails is persisted to /tmp/workdir/hadoop-ozone/integration-test/target/test-dir/MiniOzoneClusterImpl-5bfc6e0b-967d-4665-bd73-027a5ac739b6/datanode-1/meta/datanode.id
2019-07-13 19:13:52,118 INFO  impl.RaftServerProxy (ConfUtils.java:logGet(43)) - raft.rpc.type = GRPC (default)
2019-07-13 19:13:52,118 INFO  grpc.GrpcFactory (GrpcFactory.java:checkPooledByteBufAllocatorUseCacheForAllThreads(45)) - PERFORMANCE WARNING: useCacheForAllThreads is true that may cause Netty to create a lot garbage objects and, as a result, trigger GC.
	It is recommended to disable useCacheForAllThreads by setting -Dorg.apache.ratis.thirdparty.io.netty.allocator.useCacheForAllThreads=false in command line.
2019-07-13 19:13:52,118 INFO  grpc.GrpcConfigKeys$Server (ConfUtils.java:logGet(43)) - raft.grpc.server.port = 0 (default)
2019-07-13 19:13:52,118 INFO  server.GrpcService (ConfUtils.java:logGet(43)) - raft.grpc.message.size.max = 33570816 (custom)
2019-07-13 19:13:52,119 INFO  server.RaftServerConfigKeys (ConfUtils.java:logGet(43)) - raft.server.log.appender.buffer.byte-limit = 33554432 (custom)
2019-07-13 19:13:52,119 INFO  server.GrpcService (ConfUtils.java:logGet(43)) - raft.grpc.flow.control.window = 1MB (=1048576) (default)
2019-07-13 19:13:52,119 INFO  server.RaftServerConfigKeys (ConfUtils.java:logGet(43)) - raft.server.rpc.request.timeout = 3000ms (default)
2019-07-13 19:13:52,120 INFO  server.RaftServerConfigKeys (ConfUtils.java:logGet(43)) - raft.server.storage.dir = [/tmp/workdir/hadoop-ozone/integration-test/target/test-dir/MiniOzoneClusterImpl-5bfc6e0b-967d-4665-bd73-027a5ac739b6/datanode-2/data/ratis] (custom)
2019-07-13 19:13:52,121 INFO  replication.SimpleContainerDownloader (SimpleContainerDownloader.java:<init>(72)) - Starting container downloader service to copy containers to replicate.
2019-07-13 19:13:52,122 INFO  hdfs.DFSUtil (DFSUtil.java:httpServerTemplateForNNAndJN(1641)) - Starting Web-server for hddsDatanode at: http://0.0.0.0:0
2019-07-13 19:13:52,123 INFO  server.AuthenticationFilter (AuthenticationFilter.java:constructSecretProvider(240)) - Unable to initialize FileSignerSecretProvider, falling back to use random secrets.
2019-07-13 19:13:52,123 WARN  http.HttpRequestLog (HttpRequestLog.java:getRequestLog(97)) - Jetty request log can only be enabled using Log4j
2019-07-13 19:13:52,125 INFO  http.HttpServer2 (HttpServer2.java:addGlobalFilter(975)) - Added global filter 'safety' (class=org.apache.hadoop.http.HttpServer2$QuotingInputFilter)
2019-07-13 19:13:52,125 INFO  http.HttpServer2 (HttpServer2.java:addFilter(948)) - Added filter static_user_filter (class=org.apache.hadoop.http.lib.StaticUserWebFilter$StaticUserFilter) to context hddsDatanode
2019-07-13 19:13:52,125 INFO  http.HttpServer2 (HttpServer2.java:addFilter(958)) - Added filter static_user_filter (class=org.apache.hadoop.http.lib.StaticUserWebFilter$StaticUserFilter) to context static
2019-07-13 19:13:52,126 INFO  http.HttpServer2 (HttpServer2.java:addFilter(958)) - Added filter static_user_filter (class=org.apache.hadoop.http.lib.StaticUserWebFilter$StaticUserFilter) to context logs
2019-07-13 19:13:52,126 INFO  http.HttpServer2 (HttpServer2.java:bindListener(1191)) - Jetty bound to port 43549
2019-07-13 19:13:52,126 INFO  server.Server (Server.java:doStart(351)) - jetty-9.3.24.v20180605, build timestamp: 2018-06-05T17:11:56Z, git hash: 84205aa28f11a4f31f2a3b86d1bba2cc8ab69827
2019-07-13 19:13:52,130 INFO  handler.ContextHandler (ContextHandler.java:doStart(781)) - Started o.e.j.s.ServletContextHandler@631c6d11{/logs,file:///tmp/workdir/hadoop-ozone/integration-test/target/log,AVAILABLE}
2019-07-13 19:13:52,131 INFO  handler.ContextHandler (ContextHandler.java:doStart(781)) - Started o.e.j.s.ServletContextHandler@62ade015{/static,jar:file:/home/user/.m2/repository/org/apache/hadoop/hadoop-hdds-container-service/0.5.0-SNAPSHOT/hadoop-hdds-container-service-0.5.0-SNAPSHOT.jar!/webapps/static,AVAILABLE}
2019-07-13 19:13:52,153 INFO  handler.ContextHandler (ContextHandler.java:doStart(781)) - Started o.e.j.w.WebAppContext@7197b07f{/,file:///tmp/jetty-0.0.0.0-43549-hddsDatanode-_-any-1728078088338231370.dir/webapp/,AVAILABLE}{/hddsDatanode}
2019-07-13 19:13:52,154 INFO  server.AbstractConnector (AbstractConnector.java:doStart(278)) - Started ServerConnector@1f10fec6{HTTP/1.1,[http/1.1]}{0.0.0.0:43549}
2019-07-13 19:13:52,155 INFO  server.Server (Server.java:doStart(419)) - Started @6274ms
2019-07-13 19:13:52,157 INFO  server.BaseHttpServer (BaseHttpServer.java:updateConnectorAddress(207)) - HTTP server of HDDSDATANODE is listening at http://0.0.0.0:43549
2019-07-13 19:13:52,333 INFO  ozone.HddsDatanodeService (HddsDatanodeService.java:startPlugins(396)) - Started plug-in org.apache.hadoop.ozone.web.OzoneHddsDatanodeService@7436364d
2019-07-13 19:13:52,333 INFO  impl.MetricsSystemImpl (MetricsSystemImpl.java:init(158)) - HddsDatanode metrics system started (again)
2019-07-13 19:13:52,335 INFO  ozone.HddsDatanodeService (HddsDatanodeService.java:start(185)) - HddsDatanodeService host:trunk-nightly-fxqsz-774976932 ip:192.168.69.122
2019-07-13 19:13:52,337 INFO  util.JvmPauseMonitor (JvmPauseMonitor.java:run(188)) - Starting JVM pause monitor
2019-07-13 19:13:52,340 INFO  datanode.InitDatanodeState (InitDatanodeState.java:persistContainerDatanodeDetails(140)) - DatanodeDetails is persisted to /tmp/workdir/hadoop-ozone/integration-test/target/test-dir/MiniOzoneClusterImpl-5bfc6e0b-967d-4665-bd73-027a5ac739b6/datanode-2/meta/datanode.id
2019-07-13 19:13:52,346 INFO  volume.HddsVolume (HddsVolume.java:<init>(176)) - Creating Volume: /tmp/workdir/hadoop-ozone/integration-test/target/test-dir/MiniOzoneClusterImpl-5bfc6e0b-967d-4665-bd73-027a5ac739b6/datanode-3/data/containers/hdds of  storage type : DISK and capacity : 52710309888
2019-07-13 19:13:52,346 INFO  volume.VolumeSet (VolumeSet.java:initializeVolumeSet(170)) - Added Volume : /tmp/workdir/hadoop-ozone/integration-test/target/test-dir/MiniOzoneClusterImpl-5bfc6e0b-967d-4665-bd73-027a5ac739b6/datanode-3/data/containers/hdds to VolumeSet
2019-07-13 19:13:52,346 INFO  volume.ThrottledAsyncChecker (ThrottledAsyncChecker.java:schedule(140)) - Scheduling a check for org.apache.hadoop.ozone.container.common.volume.HddsVolume@517704
2019-07-13 19:13:52,347 INFO  volume.HddsVolumeChecker (HddsVolumeChecker.java:checkAllVolumes(203)) - Scheduled health check for volume org.apache.hadoop.ozone.container.common.volume.HddsVolume@517704
2019-07-13 19:13:52,361 INFO  impl.RaftServerProxy (ConfUtils.java:logGet(43)) - raft.rpc.type = GRPC (default)
2019-07-13 19:13:52,362 INFO  grpc.GrpcFactory (GrpcFactory.java:checkPooledByteBufAllocatorUseCacheForAllThreads(45)) - PERFORMANCE WARNING: useCacheForAllThreads is true that may cause Netty to create a lot garbage objects and, as a result, trigger GC.
	It is recommended to disable useCacheForAllThreads by setting -Dorg.apache.ratis.thirdparty.io.netty.allocator.useCacheForAllThreads=false in command line.
2019-07-13 19:13:52,362 INFO  grpc.GrpcConfigKeys$Server (ConfUtils.java:logGet(43)) - raft.grpc.server.port = 0 (default)
2019-07-13 19:13:52,362 INFO  server.GrpcService (ConfUtils.java:logGet(43)) - raft.grpc.message.size.max = 33570816 (custom)
2019-07-13 19:13:52,362 INFO  server.RaftServerConfigKeys (ConfUtils.java:logGet(43)) - raft.server.log.appender.buffer.byte-limit = 33554432 (custom)
2019-07-13 19:13:52,363 INFO  server.GrpcService (ConfUtils.java:logGet(43)) - raft.grpc.flow.control.window = 1MB (=1048576) (default)
2019-07-13 19:13:52,363 INFO  server.RaftServerConfigKeys (ConfUtils.java:logGet(43)) - raft.server.rpc.request.timeout = 3000ms (default)
2019-07-13 19:13:52,363 INFO  server.RaftServerConfigKeys (ConfUtils.java:logGet(43)) - raft.server.storage.dir = [/tmp/workdir/hadoop-ozone/integration-test/target/test-dir/MiniOzoneClusterImpl-5bfc6e0b-967d-4665-bd73-027a5ac739b6/datanode-3/data/ratis] (custom)
2019-07-13 19:13:52,365 INFO  replication.SimpleContainerDownloader (SimpleContainerDownloader.java:<init>(72)) - Starting container downloader service to copy containers to replicate.
2019-07-13 19:13:52,366 INFO  hdfs.DFSUtil (DFSUtil.java:httpServerTemplateForNNAndJN(1641)) - Starting Web-server for hddsDatanode at: http://0.0.0.0:0
2019-07-13 19:13:52,368 INFO  server.AuthenticationFilter (AuthenticationFilter.java:constructSecretProvider(240)) - Unable to initialize FileSignerSecretProvider, falling back to use random secrets.
2019-07-13 19:13:52,369 WARN  http.HttpRequestLog (HttpRequestLog.java:getRequestLog(97)) - Jetty request log can only be enabled using Log4j
2019-07-13 19:13:52,371 INFO  http.HttpServer2 (HttpServer2.java:addGlobalFilter(975)) - Added global filter 'safety' (class=org.apache.hadoop.http.HttpServer2$QuotingInputFilter)
2019-07-13 19:13:52,372 INFO  http.HttpServer2 (HttpServer2.java:addFilter(948)) - Added filter static_user_filter (class=org.apache.hadoop.http.lib.StaticUserWebFilter$StaticUserFilter) to context hddsDatanode
2019-07-13 19:13:52,372 INFO  http.HttpServer2 (HttpServer2.java:addFilter(958)) - Added filter static_user_filter (class=org.apache.hadoop.http.lib.StaticUserWebFilter$StaticUserFilter) to context static
2019-07-13 19:13:52,372 INFO  http.HttpServer2 (HttpServer2.java:addFilter(958)) - Added filter static_user_filter (class=org.apache.hadoop.http.lib.StaticUserWebFilter$StaticUserFilter) to context logs
2019-07-13 19:13:52,373 INFO  http.HttpServer2 (HttpServer2.java:bindListener(1191)) - Jetty bound to port 44721
2019-07-13 19:13:52,373 INFO  server.Server (Server.java:doStart(351)) - jetty-9.3.24.v20180605, build timestamp: 2018-06-05T17:11:56Z, git hash: 84205aa28f11a4f31f2a3b86d1bba2cc8ab69827
2019-07-13 19:13:52,376 INFO  handler.ContextHandler (ContextHandler.java:doStart(781)) - Started o.e.j.s.ServletContextHandler@1e30db85{/logs,file:///tmp/workdir/hadoop-ozone/integration-test/target/log,AVAILABLE}
2019-07-13 19:13:52,377 INFO  handler.ContextHandler (ContextHandler.java:doStart(781)) - Started o.e.j.s.ServletContextHandler@cc9ef8d{/static,jar:file:/home/user/.m2/repository/org/apache/hadoop/hadoop-hdds-container-service/0.5.0-SNAPSHOT/hadoop-hdds-container-service-0.5.0-SNAPSHOT.jar!/webapps/static,AVAILABLE}
2019-07-13 19:13:52,415 INFO  handler.ContextHandler (ContextHandler.java:doStart(781)) - Started o.e.j.w.WebAppContext@6a2d867d{/,file:///tmp/jetty-0.0.0.0-44721-hddsDatanode-_-any-2582080717102470390.dir/webapp/,AVAILABLE}{/hddsDatanode}
2019-07-13 19:13:52,416 INFO  server.AbstractConnector (AbstractConnector.java:doStart(278)) - Started ServerConnector@73bb1337{HTTP/1.1,[http/1.1]}{0.0.0.0:44721}
2019-07-13 19:13:52,417 INFO  server.Server (Server.java:doStart(419)) - Started @6536ms
2019-07-13 19:13:52,420 INFO  server.BaseHttpServer (BaseHttpServer.java:updateConnectorAddress(207)) - HTTP server of HDDSDATANODE is listening at http://0.0.0.0:44721
2019-07-13 19:13:52,553 INFO  ozone.HddsDatanodeService (HddsDatanodeService.java:startPlugins(396)) - Started plug-in org.apache.hadoop.ozone.web.OzoneHddsDatanodeService@65da01f4
2019-07-13 19:13:52,553 INFO  impl.MetricsSystemImpl (MetricsSystemImpl.java:init(158)) - HddsDatanode metrics system started (again)
2019-07-13 19:13:52,555 INFO  ozone.HddsDatanodeService (HddsDatanodeService.java:start(185)) - HddsDatanodeService host:trunk-nightly-fxqsz-774976932 ip:192.168.69.122
2019-07-13 19:13:52,557 INFO  util.JvmPauseMonitor (JvmPauseMonitor.java:run(188)) - Starting JVM pause monitor
2019-07-13 19:13:52,560 INFO  datanode.InitDatanodeState (InitDatanodeState.java:persistContainerDatanodeDetails(140)) - DatanodeDetails is persisted to /tmp/workdir/hadoop-ozone/integration-test/target/test-dir/MiniOzoneClusterImpl-5bfc6e0b-967d-4665-bd73-027a5ac739b6/datanode-3/meta/datanode.id
2019-07-13 19:13:52,564 INFO  volume.HddsVolume (HddsVolume.java:<init>(176)) - Creating Volume: /tmp/workdir/hadoop-ozone/integration-test/target/test-dir/MiniOzoneClusterImpl-5bfc6e0b-967d-4665-bd73-027a5ac739b6/datanode-4/data/containers/hdds of  storage type : DISK and capacity : 52710309888
2019-07-13 19:13:52,564 INFO  volume.VolumeSet (VolumeSet.java:initializeVolumeSet(170)) - Added Volume : /tmp/workdir/hadoop-ozone/integration-test/target/test-dir/MiniOzoneClusterImpl-5bfc6e0b-967d-4665-bd73-027a5ac739b6/datanode-4/data/containers/hdds to VolumeSet
2019-07-13 19:13:52,565 INFO  volume.ThrottledAsyncChecker (ThrottledAsyncChecker.java:schedule(140)) - Scheduling a check for org.apache.hadoop.ozone.container.common.volume.HddsVolume@6b2fdffc
2019-07-13 19:13:52,565 INFO  volume.HddsVolumeChecker (HddsVolumeChecker.java:checkAllVolumes(203)) - Scheduled health check for volume org.apache.hadoop.ozone.container.common.volume.HddsVolume@6b2fdffc
2019-07-13 19:13:52,579 INFO  impl.RaftServerProxy (ConfUtils.java:logGet(43)) - raft.rpc.type = GRPC (default)
2019-07-13 19:13:52,579 INFO  grpc.GrpcFactory (GrpcFactory.java:checkPooledByteBufAllocatorUseCacheForAllThreads(45)) - PERFORMANCE WARNING: useCacheForAllThreads is true that may cause Netty to create a lot garbage objects and, as a result, trigger GC.
	It is recommended to disable useCacheForAllThreads by setting -Dorg.apache.ratis.thirdparty.io.netty.allocator.useCacheForAllThreads=false in command line.
2019-07-13 19:13:52,580 INFO  grpc.GrpcConfigKeys$Server (ConfUtils.java:logGet(43)) - raft.grpc.server.port = 0 (default)
2019-07-13 19:13:52,580 INFO  server.GrpcService (ConfUtils.java:logGet(43)) - raft.grpc.message.size.max = 33570816 (custom)
2019-07-13 19:13:52,580 INFO  server.RaftServerConfigKeys (ConfUtils.java:logGet(43)) - raft.server.log.appender.buffer.byte-limit = 33554432 (custom)
2019-07-13 19:13:52,580 INFO  server.GrpcService (ConfUtils.java:logGet(43)) - raft.grpc.flow.control.window = 1MB (=1048576) (default)
2019-07-13 19:13:52,581 INFO  server.RaftServerConfigKeys (ConfUtils.java:logGet(43)) - raft.server.rpc.request.timeout = 3000ms (default)
2019-07-13 19:13:52,581 INFO  server.RaftServerConfigKeys (ConfUtils.java:logGet(43)) - raft.server.storage.dir = [/tmp/workdir/hadoop-ozone/integration-test/target/test-dir/MiniOzoneClusterImpl-5bfc6e0b-967d-4665-bd73-027a5ac739b6/datanode-4/data/ratis] (custom)
2019-07-13 19:13:52,582 INFO  replication.SimpleContainerDownloader (SimpleContainerDownloader.java:<init>(72)) - Starting container downloader service to copy containers to replicate.
2019-07-13 19:13:52,583 INFO  hdfs.DFSUtil (DFSUtil.java:httpServerTemplateForNNAndJN(1641)) - Starting Web-server for hddsDatanode at: http://0.0.0.0:0
2019-07-13 19:13:52,584 INFO  server.AuthenticationFilter (AuthenticationFilter.java:constructSecretProvider(240)) - Unable to initialize FileSignerSecretProvider, falling back to use random secrets.
2019-07-13 19:13:52,585 WARN  http.HttpRequestLog (HttpRequestLog.java:getRequestLog(97)) - Jetty request log can only be enabled using Log4j
2019-07-13 19:13:52,586 INFO  http.HttpServer2 (HttpServer2.java:addGlobalFilter(975)) - Added global filter 'safety' (class=org.apache.hadoop.http.HttpServer2$QuotingInputFilter)
2019-07-13 19:13:52,586 INFO  http.HttpServer2 (HttpServer2.java:addFilter(948)) - Added filter static_user_filter (class=org.apache.hadoop.http.lib.StaticUserWebFilter$StaticUserFilter) to context hddsDatanode
2019-07-13 19:13:52,587 INFO  http.HttpServer2 (HttpServer2.java:addFilter(958)) - Added filter static_user_filter (class=org.apache.hadoop.http.lib.StaticUserWebFilter$StaticUserFilter) to context logs
2019-07-13 19:13:52,587 INFO  http.HttpServer2 (HttpServer2.java:addFilter(958)) - Added filter static_user_filter (class=org.apache.hadoop.http.lib.StaticUserWebFilter$StaticUserFilter) to context static
2019-07-13 19:13:52,587 INFO  http.HttpServer2 (HttpServer2.java:bindListener(1191)) - Jetty bound to port 44896
2019-07-13 19:13:52,588 INFO  server.Server (Server.java:doStart(351)) - jetty-9.3.24.v20180605, build timestamp: 2018-06-05T17:11:56Z, git hash: 84205aa28f11a4f31f2a3b86d1bba2cc8ab69827
2019-07-13 19:13:52,593 INFO  handler.ContextHandler (ContextHandler.java:doStart(781)) - Started o.e.j.s.ServletContextHandler@615db358{/logs,file:///tmp/workdir/hadoop-ozone/integration-test/target/log,AVAILABLE}
2019-07-13 19:13:52,593 INFO  handler.ContextHandler (ContextHandler.java:doStart(781)) - Started o.e.j.s.ServletContextHandler@5fef0c19{/static,jar:file:/home/user/.m2/repository/org/apache/hadoop/hadoop-hdds-container-service/0.5.0-SNAPSHOT/hadoop-hdds-container-service-0.5.0-SNAPSHOT.jar!/webapps/static,AVAILABLE}
2019-07-13 19:13:52,621 INFO  handler.ContextHandler (ContextHandler.java:doStart(781)) - Started o.e.j.w.WebAppContext@367d34c0{/,file:///tmp/jetty-0.0.0.0-44896-hddsDatanode-_-any-6598659414245563996.dir/webapp/,AVAILABLE}{/hddsDatanode}
2019-07-13 19:13:52,621 INFO  server.AbstractConnector (AbstractConnector.java:doStart(278)) - Started ServerConnector@4ce25e47{HTTP/1.1,[http/1.1]}{0.0.0.0:44896}
2019-07-13 19:13:52,622 INFO  server.Server (Server.java:doStart(419)) - Started @6741ms
2019-07-13 19:13:52,623 INFO  server.BaseHttpServer (BaseHttpServer.java:updateConnectorAddress(207)) - HTTP server of HDDSDATANODE is listening at http://0.0.0.0:44896
2019-07-13 19:13:52,753 INFO  ozone.HddsDatanodeService (HddsDatanodeService.java:startPlugins(396)) - Started plug-in org.apache.hadoop.ozone.web.OzoneHddsDatanodeService@15d236fd
2019-07-13 19:13:52,754 INFO  impl.MetricsSystemImpl (MetricsSystemImpl.java:init(158)) - HddsDatanode metrics system started (again)
2019-07-13 19:13:52,756 INFO  ozone.HddsDatanodeService (HddsDatanodeService.java:start(185)) - HddsDatanodeService host:trunk-nightly-fxqsz-774976932 ip:192.168.69.122
2019-07-13 19:13:52,758 INFO  util.JvmPauseMonitor (JvmPauseMonitor.java:run(188)) - Starting JVM pause monitor
2019-07-13 19:13:52,761 INFO  datanode.InitDatanodeState (InitDatanodeState.java:persistContainerDatanodeDetails(140)) - DatanodeDetails is persisted to /tmp/workdir/hadoop-ozone/integration-test/target/test-dir/MiniOzoneClusterImpl-5bfc6e0b-967d-4665-bd73-027a5ac739b6/datanode-4/meta/datanode.id
2019-07-13 19:13:52,766 INFO  volume.HddsVolume (HddsVolume.java:<init>(176)) - Creating Volume: /tmp/workdir/hadoop-ozone/integration-test/target/test-dir/MiniOzoneClusterImpl-5bfc6e0b-967d-4665-bd73-027a5ac739b6/datanode-5/data/containers/hdds of  storage type : DISK and capacity : 52710309888
2019-07-13 19:13:52,766 INFO  volume.VolumeSet (VolumeSet.java:initializeVolumeSet(170)) - Added Volume : /tmp/workdir/hadoop-ozone/integration-test/target/test-dir/MiniOzoneClusterImpl-5bfc6e0b-967d-4665-bd73-027a5ac739b6/datanode-5/data/containers/hdds to VolumeSet
2019-07-13 19:13:52,766 INFO  volume.ThrottledAsyncChecker (ThrottledAsyncChecker.java:schedule(140)) - Scheduling a check for org.apache.hadoop.ozone.container.common.volume.HddsVolume@33eb0d4
2019-07-13 19:13:52,767 INFO  volume.HddsVolumeChecker (HddsVolumeChecker.java:checkAllVolumes(203)) - Scheduled health check for volume org.apache.hadoop.ozone.container.common.volume.HddsVolume@33eb0d4
2019-07-13 19:13:52,782 INFO  impl.RaftServerProxy (ConfUtils.java:logGet(43)) - raft.rpc.type = GRPC (default)
2019-07-13 19:13:52,782 INFO  grpc.GrpcFactory (GrpcFactory.java:checkPooledByteBufAllocatorUseCacheForAllThreads(45)) - PERFORMANCE WARNING: useCacheForAllThreads is true that may cause Netty to create a lot garbage objects and, as a result, trigger GC.
	It is recommended to disable useCacheForAllThreads by setting -Dorg.apache.ratis.thirdparty.io.netty.allocator.useCacheForAllThreads=false in command line.
2019-07-13 19:13:52,783 INFO  grpc.GrpcConfigKeys$Server (ConfUtils.java:logGet(43)) - raft.grpc.server.port = 0 (default)
2019-07-13 19:13:52,783 INFO  server.GrpcService (ConfUtils.java:logGet(43)) - raft.grpc.message.size.max = 33570816 (custom)
2019-07-13 19:13:52,783 INFO  server.RaftServerConfigKeys (ConfUtils.java:logGet(43)) - raft.server.log.appender.buffer.byte-limit = 33554432 (custom)
2019-07-13 19:13:52,783 INFO  server.GrpcService (ConfUtils.java:logGet(43)) - raft.grpc.flow.control.window = 1MB (=1048576) (default)
2019-07-13 19:13:52,784 INFO  server.RaftServerConfigKeys (ConfUtils.java:logGet(43)) - raft.server.rpc.request.timeout = 3000ms (default)
2019-07-13 19:13:52,784 INFO  server.RaftServerConfigKeys (ConfUtils.java:logGet(43)) - raft.server.storage.dir = [/tmp/workdir/hadoop-ozone/integration-test/target/test-dir/MiniOzoneClusterImpl-5bfc6e0b-967d-4665-bd73-027a5ac739b6/datanode-5/data/ratis] (custom)
2019-07-13 19:13:52,785 INFO  replication.SimpleContainerDownloader (SimpleContainerDownloader.java:<init>(72)) - Starting container downloader service to copy containers to replicate.
2019-07-13 19:13:52,786 INFO  hdfs.DFSUtil (DFSUtil.java:httpServerTemplateForNNAndJN(1641)) - Starting Web-server for hddsDatanode at: http://0.0.0.0:0
2019-07-13 19:13:52,787 INFO  server.AuthenticationFilter (AuthenticationFilter.java:constructSecretProvider(240)) - Unable to initialize FileSignerSecretProvider, falling back to use random secrets.
2019-07-13 19:13:52,788 WARN  http.HttpRequestLog (HttpRequestLog.java:getRequestLog(97)) - Jetty request log can only be enabled using Log4j
2019-07-13 19:13:52,789 INFO  http.HttpServer2 (HttpServer2.java:addGlobalFilter(975)) - Added global filter 'safety' (class=org.apache.hadoop.http.HttpServer2$QuotingInputFilter)
2019-07-13 19:13:52,790 INFO  http.HttpServer2 (HttpServer2.java:addFilter(948)) - Added filter static_user_filter (class=org.apache.hadoop.http.lib.StaticUserWebFilter$StaticUserFilter) to context hddsDatanode
2019-07-13 19:13:52,790 INFO  http.HttpServer2 (HttpServer2.java:addFilter(958)) - Added filter static_user_filter (class=org.apache.hadoop.http.lib.StaticUserWebFilter$StaticUserFilter) to context static
2019-07-13 19:13:52,790 INFO  http.HttpServer2 (HttpServer2.java:addFilter(958)) - Added filter static_user_filter (class=org.apache.hadoop.http.lib.StaticUserWebFilter$StaticUserFilter) to context logs
2019-07-13 19:13:52,791 INFO  http.HttpServer2 (HttpServer2.java:bindListener(1191)) - Jetty bound to port 41726
2019-07-13 19:13:52,791 INFO  server.Server (Server.java:doStart(351)) - jetty-9.3.24.v20180605, build timestamp: 2018-06-05T17:11:56Z, git hash: 84205aa28f11a4f31f2a3b86d1bba2cc8ab69827
2019-07-13 19:13:52,793 INFO  handler.ContextHandler (ContextHandler.java:doStart(781)) - Started o.e.j.s.ServletContextHandler@6885ed19{/logs,file:///tmp/workdir/hadoop-ozone/integration-test/target/log,AVAILABLE}
2019-07-13 19:13:52,794 INFO  handler.ContextHandler (ContextHandler.java:doStart(781)) - Started o.e.j.s.ServletContextHandler@2d4a3e13{/static,jar:file:/home/user/.m2/repository/org/apache/hadoop/hadoop-hdds-container-service/0.5.0-SNAPSHOT/hadoop-hdds-container-service-0.5.0-SNAPSHOT.jar!/webapps/static,AVAILABLE}
2019-07-13 19:13:52,823 INFO  handler.ContextHandler (ContextHandler.java:doStart(781)) - Started o.e.j.w.WebAppContext@561f9d92{/,file:///tmp/jetty-0.0.0.0-41726-hddsDatanode-_-any-8786920542407873408.dir/webapp/,AVAILABLE}{/hddsDatanode}
2019-07-13 19:13:52,825 INFO  server.AbstractConnector (AbstractConnector.java:doStart(278)) - Started ServerConnector@1c84d80a{HTTP/1.1,[http/1.1]}{0.0.0.0:41726}
2019-07-13 19:13:52,825 INFO  server.Server (Server.java:doStart(419)) - Started @6943ms
2019-07-13 19:13:52,826 INFO  server.BaseHttpServer (BaseHttpServer.java:updateConnectorAddress(207)) - HTTP server of HDDSDATANODE is listening at http://0.0.0.0:41726
2019-07-13 19:13:52,950 INFO  ozone.HddsDatanodeService (HddsDatanodeService.java:startPlugins(396)) - Started plug-in org.apache.hadoop.ozone.web.OzoneHddsDatanodeService@16f15ae9
2019-07-13 19:13:52,951 INFO  impl.MetricsSystemImpl (MetricsSystemImpl.java:init(158)) - HddsDatanode metrics system started (again)
2019-07-13 19:13:52,952 INFO  ozone.HddsDatanodeService (HddsDatanodeService.java:start(185)) - HddsDatanodeService host:trunk-nightly-fxqsz-774976932 ip:192.168.69.122
2019-07-13 19:13:52,954 INFO  util.JvmPauseMonitor (JvmPauseMonitor.java:run(188)) - Starting JVM pause monitor
2019-07-13 19:13:52,957 INFO  datanode.InitDatanodeState (InitDatanodeState.java:persistContainerDatanodeDetails(140)) - DatanodeDetails is persisted to /tmp/workdir/hadoop-ozone/integration-test/target/test-dir/MiniOzoneClusterImpl-5bfc6e0b-967d-4665-bd73-027a5ac739b6/datanode-5/meta/datanode.id
2019-07-13 19:13:52,963 INFO  volume.HddsVolume (HddsVolume.java:<init>(176)) - Creating Volume: /tmp/workdir/hadoop-ozone/integration-test/target/test-dir/MiniOzoneClusterImpl-5bfc6e0b-967d-4665-bd73-027a5ac739b6/datanode-6/data/containers/hdds of  storage type : DISK and capacity : 52710309888
2019-07-13 19:13:52,964 INFO  volume.VolumeSet (VolumeSet.java:initializeVolumeSet(170)) - Added Volume : /tmp/workdir/hadoop-ozone/integration-test/target/test-dir/MiniOzoneClusterImpl-5bfc6e0b-967d-4665-bd73-027a5ac739b6/datanode-6/data/containers/hdds to VolumeSet
2019-07-13 19:13:52,964 INFO  volume.ThrottledAsyncChecker (ThrottledAsyncChecker.java:schedule(140)) - Scheduling a check for org.apache.hadoop.ozone.container.common.volume.HddsVolume@2b79c8ff
2019-07-13 19:13:52,964 INFO  volume.HddsVolumeChecker (HddsVolumeChecker.java:checkAllVolumes(203)) - Scheduled health check for volume org.apache.hadoop.ozone.container.common.volume.HddsVolume@2b79c8ff
2019-07-13 19:13:53,030 INFO  impl.RaftServerProxy (ConfUtils.java:logGet(43)) - raft.rpc.type = GRPC (default)
2019-07-13 19:13:53,034 INFO  grpc.GrpcFactory (GrpcFactory.java:checkPooledByteBufAllocatorUseCacheForAllThreads(45)) - PERFORMANCE WARNING: useCacheForAllThreads is true that may cause Netty to create a lot garbage objects and, as a result, trigger GC.
	It is recommended to disable useCacheForAllThreads by setting -Dorg.apache.ratis.thirdparty.io.netty.allocator.useCacheForAllThreads=false in command line.
2019-07-13 19:13:53,037 INFO  grpc.GrpcConfigKeys$Server (ConfUtils.java:logGet(43)) - raft.grpc.server.port = 0 (default)
2019-07-13 19:13:53,038 INFO  server.GrpcService (ConfUtils.java:logGet(43)) - raft.grpc.message.size.max = 33570816 (custom)
2019-07-13 19:13:53,039 INFO  server.RaftServerConfigKeys (ConfUtils.java:logGet(43)) - raft.server.log.appender.buffer.byte-limit = 33554432 (custom)
2019-07-13 19:13:53,040 INFO  server.GrpcService (ConfUtils.java:logGet(43)) - raft.grpc.flow.control.window = 1MB (=1048576) (default)
2019-07-13 19:13:53,040 INFO  server.RaftServerConfigKeys (ConfUtils.java:logGet(43)) - raft.server.rpc.request.timeout = 3000ms (default)
2019-07-13 19:13:53,041 INFO  server.RaftServerConfigKeys (ConfUtils.java:logGet(43)) - raft.server.storage.dir = [/tmp/workdir/hadoop-ozone/integration-test/target/test-dir/MiniOzoneClusterImpl-5bfc6e0b-967d-4665-bd73-027a5ac739b6/datanode-6/data/ratis] (custom)
2019-07-13 19:13:53,042 INFO  replication.SimpleContainerDownloader (SimpleContainerDownloader.java:<init>(72)) - Starting container downloader service to copy containers to replicate.
2019-07-13 19:13:53,044 INFO  hdfs.DFSUtil (DFSUtil.java:httpServerTemplateForNNAndJN(1641)) - Starting Web-server for hddsDatanode at: http://0.0.0.0:0
2019-07-13 19:13:53,055 INFO  server.AuthenticationFilter (AuthenticationFilter.java:constructSecretProvider(240)) - Unable to initialize FileSignerSecretProvider, falling back to use random secrets.
2019-07-13 19:13:53,059 WARN  http.HttpRequestLog (HttpRequestLog.java:getRequestLog(97)) - Jetty request log can only be enabled using Log4j
2019-07-13 19:13:53,061 INFO  http.HttpServer2 (HttpServer2.java:addGlobalFilter(975)) - Added global filter 'safety' (class=org.apache.hadoop.http.HttpServer2$QuotingInputFilter)
2019-07-13 19:13:53,062 INFO  http.HttpServer2 (HttpServer2.java:addFilter(948)) - Added filter static_user_filter (class=org.apache.hadoop.http.lib.StaticUserWebFilter$StaticUserFilter) to context hddsDatanode
2019-07-13 19:13:53,062 INFO  http.HttpServer2 (HttpServer2.java:addFilter(958)) - Added filter static_user_filter (class=org.apache.hadoop.http.lib.StaticUserWebFilter$StaticUserFilter) to context logs
2019-07-13 19:13:53,062 INFO  http.HttpServer2 (HttpServer2.java:addFilter(958)) - Added filter static_user_filter (class=org.apache.hadoop.http.lib.StaticUserWebFilter$StaticUserFilter) to context static
2019-07-13 19:13:53,063 INFO  http.HttpServer2 (HttpServer2.java:bindListener(1191)) - Jetty bound to port 38814
2019-07-13 19:13:53,063 INFO  server.Server (Server.java:doStart(351)) - jetty-9.3.24.v20180605, build timestamp: 2018-06-05T17:11:56Z, git hash: 84205aa28f11a4f31f2a3b86d1bba2cc8ab69827
2019-07-13 19:13:53,066 INFO  handler.ContextHandler (ContextHandler.java:doStart(781)) - Started o.e.j.s.ServletContextHandler@6568f998{/logs,file:///tmp/workdir/hadoop-ozone/integration-test/target/log,AVAILABLE}
2019-07-13 19:13:53,066 INFO  handler.ContextHandler (ContextHandler.java:doStart(781)) - Started o.e.j.s.ServletContextHandler@782fd504{/static,jar:file:/home/user/.m2/repository/org/apache/hadoop/hadoop-hdds-container-service/0.5.0-SNAPSHOT/hadoop-hdds-container-service-0.5.0-SNAPSHOT.jar!/webapps/static,AVAILABLE}
2019-07-13 19:13:53,088 INFO  handler.ContextHandler (ContextHandler.java:doStart(781)) - Started o.e.j.w.WebAppContext@418f0534{/,file:///tmp/jetty-0.0.0.0-38814-hddsDatanode-_-any-4500192864983354330.dir/webapp/,AVAILABLE}{/hddsDatanode}
2019-07-13 19:13:53,089 INFO  server.AbstractConnector (AbstractConnector.java:doStart(278)) - Started ServerConnector@3dfd7eaa{HTTP/1.1,[http/1.1]}{0.0.0.0:38814}
2019-07-13 19:13:53,090 INFO  server.Server (Server.java:doStart(419)) - Started @7209ms
2019-07-13 19:13:53,091 INFO  server.BaseHttpServer (BaseHttpServer.java:updateConnectorAddress(207)) - HTTP server of HDDSDATANODE is listening at http://0.0.0.0:38814
2019-07-13 19:13:53,196 INFO  ozone.HddsDatanodeService (HddsDatanodeService.java:startPlugins(396)) - Started plug-in org.apache.hadoop.ozone.web.OzoneHddsDatanodeService@28e7bb31
2019-07-13 19:13:53,200 INFO  ozone.MiniOzoneClusterImpl (MiniOzoneClusterImpl.java:lambda$waitForClusterToBeReady$0(142)) - Waiting for cluster to be ready. Got 0 of 7 DN Heartbeats.
2019-07-13 19:13:53,200 INFO  util.JvmPauseMonitor (JvmPauseMonitor.java:run(188)) - Starting JVM pause monitor
2019-07-13 19:13:53,203 INFO  datanode.InitDatanodeState (InitDatanodeState.java:persistContainerDatanodeDetails(140)) - DatanodeDetails is persisted to /tmp/workdir/hadoop-ozone/integration-test/target/test-dir/MiniOzoneClusterImpl-5bfc6e0b-967d-4665-bd73-027a5ac739b6/datanode-6/meta/datanode.id
2019-07-13 19:13:53,908 INFO  ozoneimpl.OzoneContainer (OzoneContainer.java:start(186)) - Attempting to start container services.
2019-07-13 19:13:53,910 INFO  ozoneimpl.OzoneContainer (OzoneContainer.java:startContainerScrub(160)) - Background container scrubber has been disabled by hdds.containerscrub.enabled
2019-07-13 19:13:53,911 INFO  ratis.XceiverServerRatis (XceiverServerRatis.java:start(418)) - Starting XceiverServerRatis 1ebbbf85-280c-4818-995a-ec41fe3171d4 at port 0
2019-07-13 19:13:53,932 INFO  impl.RaftServerProxy (RaftServerProxy.java:lambda$start$3(299)) - 1ebbbf85-280c-4818-995a-ec41fe3171d4: start RPC server
2019-07-13 19:13:54,060 INFO  server.GrpcService (GrpcService.java:startImpl(149)) - 1ebbbf85-280c-4818-995a-ec41fe3171d4: GrpcService started, listening on 0.0.0.0/0.0.0.0:43657
2019-07-13 19:13:54,061 INFO  ratis.XceiverServerRatis (XceiverServerRatis.java:start(428)) - XceiverServerRatis 1ebbbf85-280c-4818-995a-ec41fe3171d4 is started using port 43657
2019-07-13 19:13:54,064 INFO  server.XceiverServerGrpc (XceiverServerGrpc.java:start(161)) - XceiverServerGrpc 1ebbbf85-280c-4818-995a-ec41fe3171d4 is started using port 46160
2019-07-13 19:13:54,120 INFO  ozoneimpl.OzoneContainer (OzoneContainer.java:start(186)) - Attempting to start container services.
2019-07-13 19:13:54,123 INFO  ozoneimpl.OzoneContainer (OzoneContainer.java:startContainerScrub(160)) - Background container scrubber has been disabled by hdds.containerscrub.enabled
2019-07-13 19:13:54,123 INFO  ratis.XceiverServerRatis (XceiverServerRatis.java:start(418)) - Starting XceiverServerRatis 1f5c7cff-78d9-439f-b565-061acdcd80d7 at port 0
2019-07-13 19:13:54,131 INFO  impl.RaftServerProxy (RaftServerProxy.java:lambda$start$3(299)) - 1f5c7cff-78d9-439f-b565-061acdcd80d7: start RPC server
2019-07-13 19:13:54,135 INFO  server.GrpcService (GrpcService.java:startImpl(149)) - 1f5c7cff-78d9-439f-b565-061acdcd80d7: GrpcService started, listening on 0.0.0.0/0.0.0.0:39521
2019-07-13 19:13:54,135 INFO  ratis.XceiverServerRatis (XceiverServerRatis.java:start(428)) - XceiverServerRatis 1f5c7cff-78d9-439f-b565-061acdcd80d7 is started using port 39521
2019-07-13 19:13:54,137 INFO  server.XceiverServerGrpc (XceiverServerGrpc.java:start(161)) - XceiverServerGrpc 1f5c7cff-78d9-439f-b565-061acdcd80d7 is started using port 40277
2019-07-13 19:13:54,200 INFO  ozone.MiniOzoneClusterImpl (MiniOzoneClusterImpl.java:lambda$waitForClusterToBeReady$0(142)) - Waiting for cluster to be ready. Got 0 of 7 DN Heartbeats.
2019-07-13 19:13:54,365 INFO  ozoneimpl.OzoneContainer (OzoneContainer.java:start(186)) - Attempting to start container services.
2019-07-13 19:13:54,368 INFO  ozoneimpl.OzoneContainer (OzoneContainer.java:startContainerScrub(160)) - Background container scrubber has been disabled by hdds.containerscrub.enabled
2019-07-13 19:13:54,368 INFO  ratis.XceiverServerRatis (XceiverServerRatis.java:start(418)) - Starting XceiverServerRatis 71c4eb8e-be83-4684-9612-b890f30a8959 at port 0
2019-07-13 19:13:54,377 INFO  impl.RaftServerProxy (RaftServerProxy.java:lambda$start$3(299)) - 71c4eb8e-be83-4684-9612-b890f30a8959: start RPC server
2019-07-13 19:13:54,380 INFO  server.GrpcService (GrpcService.java:startImpl(149)) - 71c4eb8e-be83-4684-9612-b890f30a8959: GrpcService started, listening on 0.0.0.0/0.0.0.0:40397
2019-07-13 19:13:54,380 INFO  ratis.XceiverServerRatis (XceiverServerRatis.java:start(428)) - XceiverServerRatis 71c4eb8e-be83-4684-9612-b890f30a8959 is started using port 40397
2019-07-13 19:13:54,383 INFO  server.XceiverServerGrpc (XceiverServerGrpc.java:start(161)) - XceiverServerGrpc 71c4eb8e-be83-4684-9612-b890f30a8959 is started using port 36387
2019-07-13 19:13:54,574 INFO  ozoneimpl.OzoneContainer (OzoneContainer.java:start(186)) - Attempting to start container services.
2019-07-13 19:13:54,586 INFO  ozoneimpl.OzoneContainer (OzoneContainer.java:startContainerScrub(160)) - Background container scrubber has been disabled by hdds.containerscrub.enabled
2019-07-13 19:13:54,586 INFO  ratis.XceiverServerRatis (XceiverServerRatis.java:start(418)) - Starting XceiverServerRatis 931197b3-0e30-46fd-be87-7d3c3b9580e5 at port 0
2019-07-13 19:13:54,595 INFO  impl.RaftServerProxy (RaftServerProxy.java:lambda$start$3(299)) - 931197b3-0e30-46fd-be87-7d3c3b9580e5: start RPC server
2019-07-13 19:13:54,598 INFO  server.GrpcService (GrpcService.java:startImpl(149)) - 931197b3-0e30-46fd-be87-7d3c3b9580e5: GrpcService started, listening on 0.0.0.0/0.0.0.0:44810
2019-07-13 19:13:54,598 INFO  ratis.XceiverServerRatis (XceiverServerRatis.java:start(428)) - XceiverServerRatis 931197b3-0e30-46fd-be87-7d3c3b9580e5 is started using port 44810
2019-07-13 19:13:54,601 INFO  server.XceiverServerGrpc (XceiverServerGrpc.java:start(161)) - XceiverServerGrpc 931197b3-0e30-46fd-be87-7d3c3b9580e5 is started using port 41463
2019-07-13 19:13:54,787 INFO  ozoneimpl.OzoneContainer (OzoneContainer.java:start(186)) - Attempting to start container services.
2019-07-13 19:13:54,787 INFO  ozoneimpl.OzoneContainer (OzoneContainer.java:startContainerScrub(160)) - Background container scrubber has been disabled by hdds.containerscrub.enabled
2019-07-13 19:13:54,787 INFO  ratis.XceiverServerRatis (XceiverServerRatis.java:start(418)) - Starting XceiverServerRatis 90d95711-f8eb-4c5d-a305-ad1e3a715ae6 at port 0
2019-07-13 19:13:54,796 INFO  impl.RaftServerProxy (RaftServerProxy.java:lambda$start$3(299)) - 90d95711-f8eb-4c5d-a305-ad1e3a715ae6: start RPC server
2019-07-13 19:13:54,800 INFO  server.GrpcService (GrpcService.java:startImpl(149)) - 90d95711-f8eb-4c5d-a305-ad1e3a715ae6: GrpcService started, listening on 0.0.0.0/0.0.0.0:46336
2019-07-13 19:13:54,800 INFO  ratis.XceiverServerRatis (XceiverServerRatis.java:start(428)) - XceiverServerRatis 90d95711-f8eb-4c5d-a305-ad1e3a715ae6 is started using port 46336
2019-07-13 19:13:54,804 INFO  server.XceiverServerGrpc (XceiverServerGrpc.java:start(161)) - XceiverServerGrpc 90d95711-f8eb-4c5d-a305-ad1e3a715ae6 is started using port 37423
2019-07-13 19:13:54,983 INFO  ozoneimpl.OzoneContainer (OzoneContainer.java:start(186)) - Attempting to start container services.
2019-07-13 19:13:54,983 INFO  ozoneimpl.OzoneContainer (OzoneContainer.java:startContainerScrub(160)) - Background container scrubber has been disabled by hdds.containerscrub.enabled
2019-07-13 19:13:54,984 INFO  ratis.XceiverServerRatis (XceiverServerRatis.java:start(418)) - Starting XceiverServerRatis 9ddde0e9-7d2b-4d00-a9cd-342c5cb1a881 at port 0
2019-07-13 19:13:54,991 INFO  impl.RaftServerProxy (RaftServerProxy.java:lambda$start$3(299)) - 9ddde0e9-7d2b-4d00-a9cd-342c5cb1a881: start RPC server
2019-07-13 19:13:54,995 INFO  server.GrpcService (GrpcService.java:startImpl(149)) - 9ddde0e9-7d2b-4d00-a9cd-342c5cb1a881: GrpcService started, listening on 0.0.0.0/0.0.0.0:38131
2019-07-13 19:13:54,996 INFO  ratis.XceiverServerRatis (XceiverServerRatis.java:start(428)) - XceiverServerRatis 9ddde0e9-7d2b-4d00-a9cd-342c5cb1a881 is started using port 38131
2019-07-13 19:13:55,000 INFO  server.XceiverServerGrpc (XceiverServerGrpc.java:start(161)) - XceiverServerGrpc 9ddde0e9-7d2b-4d00-a9cd-342c5cb1a881 is started using port 38183
2019-07-13 19:13:55,201 INFO  ozone.MiniOzoneClusterImpl (MiniOzoneClusterImpl.java:lambda$waitForClusterToBeReady$0(142)) - Waiting for cluster to be ready. Got 0 of 7 DN Heartbeats.
2019-07-13 19:13:55,218 INFO  ozoneimpl.OzoneContainer (OzoneContainer.java:start(186)) - Attempting to start container services.
2019-07-13 19:13:55,218 INFO  ozoneimpl.OzoneContainer (OzoneContainer.java:startContainerScrub(160)) - Background container scrubber has been disabled by hdds.containerscrub.enabled
2019-07-13 19:13:55,219 INFO  ratis.XceiverServerRatis (XceiverServerRatis.java:start(418)) - Starting XceiverServerRatis e12f3e19-727c-46e4-8b5e-ac543c0d4164 at port 0
2019-07-13 19:13:55,227 INFO  impl.RaftServerProxy (RaftServerProxy.java:lambda$start$3(299)) - e12f3e19-727c-46e4-8b5e-ac543c0d4164: start RPC server
2019-07-13 19:13:55,232 INFO  server.GrpcService (GrpcService.java:startImpl(149)) - e12f3e19-727c-46e4-8b5e-ac543c0d4164: GrpcService started, listening on 0.0.0.0/0.0.0.0:44714
2019-07-13 19:13:55,232 INFO  ratis.XceiverServerRatis (XceiverServerRatis.java:start(428)) - XceiverServerRatis e12f3e19-727c-46e4-8b5e-ac543c0d4164 is started using port 44714
2019-07-13 19:13:55,236 INFO  server.XceiverServerGrpc (XceiverServerGrpc.java:start(161)) - XceiverServerGrpc e12f3e19-727c-46e4-8b5e-ac543c0d4164 is started using port 40179
2019-07-13 19:13:55,899 INFO  net.NetworkTopology (NetworkTopologyImpl.java:add(110)) - Added a new node: /default-rack/192.168.69.122
2019-07-13 19:13:55,899 INFO  node.SCMNodeManager (SCMNodeManager.java:register(269)) - Registered Data node : 1ebbbf85-280c-4818-995a-ec41fe3171d4{ip: 192.168.69.122, host: trunk-nightly-fxqsz-774976932, networkLocation: /default-rack, certSerialId: null}
2019-07-13 19:13:55,908 INFO  safemode.SCMSafeModeManager (DataNodeSafeModeRule.java:process(71)) - SCM in safe mode. 1 DataNodes registered, 1 required.
2019-07-13 19:13:55,908 INFO  safemode.SCMSafeModeManager (SCMSafeModeManager.java:validateSafeModeExitRules(177)) - ScmSafeModeManager, all rules are successfully validated
2019-07-13 19:13:55,908 INFO  safemode.SCMSafeModeManager (SCMSafeModeManager.java:exitSafeMode(193)) - SCM exiting safe mode.
2019-07-13 19:13:56,095 INFO  node.SCMNodeManager (SCMNodeManager.java:register(269)) - Registered Data node : 1f5c7cff-78d9-439f-b565-061acdcd80d7{ip: 192.168.69.122, host: trunk-nightly-fxqsz-774976932, networkLocation: /default-rack, certSerialId: null}
2019-07-13 19:13:56,204 INFO  ozone.MiniOzoneClusterImpl (MiniOzoneClusterImpl.java:lambda$waitForClusterToBeReady$0(142)) - Waiting for cluster to be ready. Got 2 of 7 DN Heartbeats.
2019-07-13 19:13:56,341 INFO  node.SCMNodeManager (SCMNodeManager.java:register(269)) - Registered Data node : 71c4eb8e-be83-4684-9612-b890f30a8959{ip: 192.168.69.122, host: trunk-nightly-fxqsz-774976932, networkLocation: /default-rack, certSerialId: null}
2019-07-13 19:13:56,885 INFO  node.SCMNodeManager (SCMNodeManager.java:register(269)) - Registered Data node : 90d95711-f8eb-4c5d-a305-ad1e3a715ae6{ip: 192.168.69.122, host: trunk-nightly-fxqsz-774976932, networkLocation: /default-rack, certSerialId: null}
2019-07-13 19:13:56,885 INFO  node.SCMNodeManager (SCMNodeManager.java:register(269)) - Registered Data node : 931197b3-0e30-46fd-be87-7d3c3b9580e5{ip: 192.168.69.122, host: trunk-nightly-fxqsz-774976932, networkLocation: /default-rack, certSerialId: null}
2019-07-13 19:13:56,912 INFO  impl.RaftServerProxy (RaftServerProxy.java:addNew(89)) - 1ebbbf85-280c-4818-995a-ec41fe3171d4: addNew group-EB777349CAF3:[1ebbbf85-280c-4818-995a-ec41fe3171d4:192.168.69.122:43657] returns group-EB777349CAF3:java.util.concurrent.CompletableFuture@57af8123[Not completed]
2019-07-13 19:13:56,933 INFO  impl.RaftServerImpl (RaftServerImpl.java:<init>(93)) - 1ebbbf85-280c-4818-995a-ec41fe3171d4: new RaftServerImpl for group-EB777349CAF3:[1ebbbf85-280c-4818-995a-ec41fe3171d4:192.168.69.122:43657] with ContainerStateMachine:uninitialized
2019-07-13 19:13:56,935 INFO  server.RaftServerConfigKeys (ConfUtils.java:logGet(43)) - raft.server.rpc.timeout.min = 5s (custom)
2019-07-13 19:13:56,936 INFO  server.RaftServerConfigKeys (ConfUtils.java:logGet(43)) - raft.server.rpc.timeout.max = 5200ms (custom)
2019-07-13 19:13:56,937 INFO  server.RaftServerConfigKeys (ConfUtils.java:logGet(43)) - raft.server.rpcslowness.timeout = 120s (custom)
2019-07-13 19:13:56,937 INFO  server.RaftServerConfigKeys (ConfUtils.java:logGet(43)) - raft.server.sleep.deviation.threshold = 300 (default)
2019-07-13 19:13:56,938 INFO  server.RaftServerConfigKeys (ConfUtils.java:logGet(43)) - raft.server.log.appender.install.snapshot.enabled = false (custom)
2019-07-13 19:13:56,947 INFO  impl.RaftServerImpl (ServerState.java:<init>(105)) - 1ebbbf85-280c-4818-995a-ec41fe3171d4:group-EB777349CAF3 ConfigurationManager, init=-1: [1ebbbf85-280c-4818-995a-ec41fe3171d4:192.168.69.122:43657], old=null, confs=<EMPTY_MAP>
2019-07-13 19:13:56,948 INFO  server.RaftServerConfigKeys (ConfUtils.java:logGet(43)) - raft.server.storage.dir = [/tmp/workdir/hadoop-ozone/integration-test/target/test-dir/MiniOzoneClusterImpl-5bfc6e0b-967d-4665-bd73-027a5ac739b6/datanode-0/data/ratis] (custom)
2019-07-13 19:13:56,957 INFO  node.SCMNodeManager (SCMNodeManager.java:register(269)) - Registered Data node : 9ddde0e9-7d2b-4d00-a9cd-342c5cb1a881{ip: 192.168.69.122, host: trunk-nightly-fxqsz-774976932, networkLocation: /default-rack, certSerialId: null}
2019-07-13 19:13:56,959 INFO  storage.RaftStorageDirectory (RaftStorageDirectory.java:analyzeStorage(246)) - The storage directory /tmp/workdir/hadoop-ozone/integration-test/target/test-dir/MiniOzoneClusterImpl-5bfc6e0b-967d-4665-bd73-027a5ac739b6/datanode-0/data/ratis/0037f5ec-9038-499f-b178-eb777349caf3 does not exist. Creating ...
2019-07-13 19:13:56,978 INFO  storage.RaftStorageDirectory (RaftStorageDirectory.java:tryLock(328)) - Lock on /tmp/workdir/hadoop-ozone/integration-test/target/test-dir/MiniOzoneClusterImpl-5bfc6e0b-967d-4665-bd73-027a5ac739b6/datanode-0/data/ratis/0037f5ec-9038-499f-b178-eb777349caf3/in_use.lock acquired by nodename 22884@trunk-nightly-fxqsz-774976932
2019-07-13 19:13:56,993 INFO  storage.RaftStorage (RaftStorage.java:format(72)) - Storage directory /tmp/workdir/hadoop-ozone/integration-test/target/test-dir/MiniOzoneClusterImpl-5bfc6e0b-967d-4665-bd73-027a5ac739b6/datanode-0/data/ratis/0037f5ec-9038-499f-b178-eb777349caf3 has been successfully formatted.
2019-07-13 19:13:56,995 INFO  ratis.ContainerStateMachine (ContainerStateMachine.java:loadSnapshot(200)) - The snapshot info is null.Setting the last applied index to:(t:0, i:~)
2019-07-13 19:13:56,995 INFO  server.RaftServerConfigKeys (ConfUtils.java:logGet(43)) - raft.server.leader.election.timeout = 120s (custom)
2019-07-13 19:13:56,998 INFO  server.RaftServerConfigKeys (ConfUtils.java:logGet(43)) - raft.server.log.use.memory = false (default)
2019-07-13 19:13:57,003 INFO  server.RaftServerConfigKeys (ConfUtils.java:logGet(43)) - raft.server.log.purge.gap = 1000000000 (custom)
2019-07-13 19:13:57,003 INFO  server.RaftServerConfigKeys (ConfUtils.java:logGet(43)) - raft.server.log.appender.buffer.byte-limit = 33554432 (custom)
2019-07-13 19:13:57,005 INFO  server.RaftServerConfigKeys (ConfUtils.java:logGet(43)) - raft.server.log.segment.size.max = 1048576 (custom)
2019-07-13 19:13:57,009 INFO  server.RaftServerConfigKeys (ConfUtils.java:logGet(43)) - raft.server.log.segment.cache.num.max = 2 (custom)
2019-07-13 19:13:57,014 INFO  segmented.SegmentedRaftLogWorker (SegmentedRaftLogWorker.java:<init>(172)) - new 1ebbbf85-280c-4818-995a-ec41fe3171d4-SegmentedRaftLogWorker:Storage Directory /tmp/workdir/hadoop-ozone/integration-test/target/test-dir/MiniOzoneClusterImpl-5bfc6e0b-967d-4665-bd73-027a5ac739b6/datanode-0/data/ratis/0037f5ec-9038-499f-b178-eb777349caf3 for RaftStorage:Storage Directory /tmp/workdir/hadoop-ozone/integration-test/target/test-dir/MiniOzoneClusterImpl-5bfc6e0b-967d-4665-bd73-027a5ac739b6/datanode-0/data/ratis/0037f5ec-9038-499f-b178-eb777349caf3
2019-07-13 19:13:57,025 INFO  server.RaftServerConfigKeys (ConfUtils.java:logGet(43)) - raft.server.log.queue.byte-limit = 2147483647 (custom)
2019-07-13 19:13:57,026 INFO  server.RaftServerConfigKeys (ConfUtils.java:logGet(43)) - raft.server.log.queue.element-limit = 1024 (custom)
2019-07-13 19:13:57,030 INFO  server.RaftServerConfigKeys (ConfUtils.java:logGet(43)) - raft.server.log.segment.size.max = 1048576 (custom)
2019-07-13 19:13:57,031 INFO  server.RaftServerConfigKeys (ConfUtils.java:logGet(43)) - raft.server.log.preallocated.size = 16384 (custom)
2019-07-13 19:13:57,031 INFO  server.RaftServerConfigKeys (ConfUtils.java:logGet(43)) - raft.server.log.write.buffer.size = 33554432 (custom)
2019-07-13 19:13:57,031 INFO  server.RaftServerConfigKeys (ConfUtils.java:logGet(43)) - raft.server.log.force.sync.num = 128 (default)
2019-07-13 19:13:57,032 INFO  server.RaftServerConfigKeys (ConfUtils.java:logGet(43)) - raft.server.log.statemachine.data.sync = true (default)
2019-07-13 19:13:57,032 INFO  server.RaftServerConfigKeys (ConfUtils.java:logGet(43)) - raft.server.log.statemachine.data.sync.timeout = 10s (default)
2019-07-13 19:13:57,033 INFO  server.RaftServerConfigKeys (ConfUtils.java:logGet(43)) - raft.server.log.statemachine.data.sync.timeout.retry = -1 (default)
2019-07-13 19:13:57,040 INFO  server.RaftServerConfigKeys (ConfUtils.java:logGet(43)) - raft.server.log.statemachine.data.caching.enabled = true (custom)
2019-07-13 19:13:57,046 INFO  segmented.SegmentedRaftLogWorker (SegmentedRaftLogWorker.java:lambda$new$0(132)) - 1ebbbf85-280c-4818-995a-ec41fe3171d4-SegmentedRaftLogWorker:Storage Directory /tmp/workdir/hadoop-ozone/integration-test/target/test-dir/MiniOzoneClusterImpl-5bfc6e0b-967d-4665-bd73-027a5ac739b6/datanode-0/data/ratis/0037f5ec-9038-499f-b178-eb777349caf3: flushIndex: setUnconditionally 0 -> -1
2019-07-13 19:13:57,050 INFO  server.RaftServerConfigKeys (ConfUtils.java:logGet(43)) - raft.server.snapshot.auto.trigger.enabled = true (custom)
2019-07-13 19:13:57,051 INFO  server.RaftServerConfigKeys (ConfUtils.java:logGet(43)) - raft.server.snapshot.auto.trigger.threshold = 10000 (custom)
2019-07-13 19:13:57,051 INFO  server.RaftServerConfigKeys (ConfUtils.java:logGet(43)) - raft.server.retrycache.expirytime = 600000ms (custom)
2019-07-13 19:13:57,070 INFO  impl.RaftServerImpl (RaftServerImpl.java:start(180)) - 1ebbbf85-280c-4818-995a-ec41fe3171d4: start group-EB777349CAF3
2019-07-13 19:13:57,071 INFO  impl.RaftServerImpl (RaftServerImpl.java:setRole(171)) - 1ebbbf85-280c-4818-995a-ec41fe3171d4:group-EB777349CAF3 changes role from null to FOLLOWER at term 0 for startAsFollower
2019-07-13 19:13:57,072 INFO  impl.RoleInfo (RoleInfo.java:updateAndGet(143)) - 1ebbbf85-280c-4818-995a-ec41fe3171d4: start FollowerState
2019-07-13 19:13:57,074 INFO  util.JmxRegister (JmxRegister.java:tryRegister(44)) - Successfully registered JMX Bean with object name Ratis:service=RaftServer,group=group-EB777349CAF3,id=1ebbbf85-280c-4818-995a-ec41fe3171d4
2019-07-13 19:13:57,141 INFO  pipeline.PipelineStateManager (PipelineStateManager.java:addPipeline(56)) - Created pipeline Pipeline[ Id: 0037f5ec-9038-499f-b178-eb777349caf3, Nodes: 1ebbbf85-280c-4818-995a-ec41fe3171d4{ip: 192.168.69.122, host: trunk-nightly-fxqsz-774976932, networkLocation: /default-rack, certSerialId: null}, Type:RATIS, Factor:ONE, State:OPEN]
2019-07-13 19:13:57,170 INFO  impl.RaftServerProxy (RaftServerProxy.java:addNew(89)) - 1f5c7cff-78d9-439f-b565-061acdcd80d7: addNew group-A176BBB19FD7:[1f5c7cff-78d9-439f-b565-061acdcd80d7:192.168.69.122:39521] returns group-A176BBB19FD7:java.util.concurrent.CompletableFuture@29bae013[Not completed]
2019-07-13 19:13:57,211 INFO  ozone.MiniOzoneClusterImpl (MiniOzoneClusterImpl.java:lambda$waitForClusterToBeReady$0(142)) - Waiting for cluster to be ready. Got 6 of 7 DN Heartbeats.
2019-07-13 19:13:57,227 INFO  impl.RaftServerImpl (RaftServerImpl.java:<init>(93)) - 1f5c7cff-78d9-439f-b565-061acdcd80d7: new RaftServerImpl for group-A176BBB19FD7:[1f5c7cff-78d9-439f-b565-061acdcd80d7:192.168.69.122:39521] with ContainerStateMachine:uninitialized
2019-07-13 19:13:57,228 INFO  server.RaftServerConfigKeys (ConfUtils.java:logGet(43)) - raft.server.rpc.timeout.min = 5s (custom)
2019-07-13 19:13:57,228 INFO  server.RaftServerConfigKeys (ConfUtils.java:logGet(43)) - raft.server.rpc.timeout.max = 5200ms (custom)
2019-07-13 19:13:57,229 INFO  server.RaftServerConfigKeys (ConfUtils.java:logGet(43)) - raft.server.rpcslowness.timeout = 120s (custom)
2019-07-13 19:13:57,229 INFO  server.RaftServerConfigKeys (ConfUtils.java:logGet(43)) - raft.server.sleep.deviation.threshold = 300 (default)
2019-07-13 19:13:57,229 INFO  server.RaftServerConfigKeys (ConfUtils.java:logGet(43)) - raft.server.log.appender.install.snapshot.enabled = false (custom)
2019-07-13 19:13:57,229 INFO  node.SCMNodeManager (SCMNodeManager.java:register(269)) - Registered Data node : e12f3e19-727c-46e4-8b5e-ac543c0d4164{ip: 192.168.69.122, host: trunk-nightly-fxqsz-774976932, networkLocation: /default-rack, certSerialId: null}
2019-07-13 19:13:57,229 INFO  impl.RaftServerImpl (ServerState.java:<init>(105)) - 1f5c7cff-78d9-439f-b565-061acdcd80d7:group-A176BBB19FD7 ConfigurationManager, init=-1: [1f5c7cff-78d9-439f-b565-061acdcd80d7:192.168.69.122:39521], old=null, confs=<EMPTY_MAP>
2019-07-13 19:13:57,229 INFO  server.RaftServerConfigKeys (ConfUtils.java:logGet(43)) - raft.server.storage.dir = [/tmp/workdir/hadoop-ozone/integration-test/target/test-dir/MiniOzoneClusterImpl-5bfc6e0b-967d-4665-bd73-027a5ac739b6/datanode-1/data/ratis] (custom)
2019-07-13 19:13:57,230 INFO  storage.RaftStorageDirectory (RaftStorageDirectory.java:analyzeStorage(246)) - The storage directory /tmp/workdir/hadoop-ozone/integration-test/target/test-dir/MiniOzoneClusterImpl-5bfc6e0b-967d-4665-bd73-027a5ac739b6/datanode-1/data/ratis/adfa0d6e-ecfa-48d1-992a-a176bbb19fd7 does not exist. Creating ...
2019-07-13 19:13:57,256 INFO  storage.RaftStorageDirectory (RaftStorageDirectory.java:tryLock(328)) - Lock on /tmp/workdir/hadoop-ozone/integration-test/target/test-dir/MiniOzoneClusterImpl-5bfc6e0b-967d-4665-bd73-027a5ac739b6/datanode-1/data/ratis/adfa0d6e-ecfa-48d1-992a-a176bbb19fd7/in_use.lock acquired by nodename 22884@trunk-nightly-fxqsz-774976932
2019-07-13 19:13:57,284 INFO  storage.RaftStorage (RaftStorage.java:format(72)) - Storage directory /tmp/workdir/hadoop-ozone/integration-test/target/test-dir/MiniOzoneClusterImpl-5bfc6e0b-967d-4665-bd73-027a5ac739b6/datanode-1/data/ratis/adfa0d6e-ecfa-48d1-992a-a176bbb19fd7 has been successfully formatted.
2019-07-13 19:13:57,286 INFO  ratis.ContainerStateMachine (ContainerStateMachine.java:loadSnapshot(200)) - The snapshot info is null.Setting the last applied index to:(t:0, i:~)
2019-07-13 19:13:57,288 INFO  server.RaftServerConfigKeys (ConfUtils.java:logGet(43)) - raft.server.leader.election.timeout = 120s (custom)
2019-07-13 19:13:57,288 INFO  server.RaftServerConfigKeys (ConfUtils.java:logGet(43)) - raft.server.log.use.memory = false (default)
2019-07-13 19:13:57,288 INFO  server.RaftServerConfigKeys (ConfUtils.java:logGet(43)) - raft.server.log.purge.gap = 1000000000 (custom)
2019-07-13 19:13:57,289 INFO  server.RaftServerConfigKeys (ConfUtils.java:logGet(43)) - raft.server.log.appender.buffer.byte-limit = 33554432 (custom)
2019-07-13 19:13:57,289 INFO  server.RaftServerConfigKeys (ConfUtils.java:logGet(43)) - raft.server.log.segment.size.max = 1048576 (custom)
2019-07-13 19:13:57,289 INFO  server.RaftServerConfigKeys (ConfUtils.java:logGet(43)) - raft.server.log.segment.cache.num.max = 2 (custom)
2019-07-13 19:13:57,289 INFO  segmented.SegmentedRaftLogWorker (SegmentedRaftLogWorker.java:<init>(172)) - new 1f5c7cff-78d9-439f-b565-061acdcd80d7-SegmentedRaftLogWorker:Storage Directory /tmp/workdir/hadoop-ozone/integration-test/target/test-dir/MiniOzoneClusterImpl-5bfc6e0b-967d-4665-bd73-027a5ac739b6/datanode-1/data/ratis/adfa0d6e-ecfa-48d1-992a-a176bbb19fd7 for RaftStorage:Storage Directory /tmp/workdir/hadoop-ozone/integration-test/target/test-dir/MiniOzoneClusterImpl-5bfc6e0b-967d-4665-bd73-027a5ac739b6/datanode-1/data/ratis/adfa0d6e-ecfa-48d1-992a-a176bbb19fd7
2019-07-13 19:13:57,291 INFO  server.RaftServerConfigKeys (ConfUtils.java:logGet(43)) - raft.server.log.queue.byte-limit = 2147483647 (custom)
2019-07-13 19:13:57,292 INFO  server.RaftServerConfigKeys (ConfUtils.java:logGet(43)) - raft.server.log.queue.element-limit = 1024 (custom)
2019-07-13 19:13:57,292 INFO  server.RaftServerConfigKeys (ConfUtils.java:logGet(43)) - raft.server.log.segment.size.max = 1048576 (custom)
2019-07-13 19:13:57,292 INFO  server.RaftServerConfigKeys (ConfUtils.java:logGet(43)) - raft.server.log.preallocated.size = 16384 (custom)
2019-07-13 19:13:57,292 INFO  server.RaftServerConfigKeys (ConfUtils.java:logGet(43)) - raft.server.log.write.buffer.size = 33554432 (custom)
2019-07-13 19:13:57,292 INFO  server.RaftServerConfigKeys (ConfUtils.java:logGet(43)) - raft.server.log.force.sync.num = 128 (default)
2019-07-13 19:13:57,293 INFO  server.RaftServerConfigKeys (ConfUtils.java:logGet(43)) - raft.server.log.statemachine.data.sync = true (default)
2019-07-13 19:13:57,293 INFO  server.RaftServerConfigKeys (ConfUtils.java:logGet(43)) - raft.server.log.statemachine.data.sync.timeout = 10s (default)
2019-07-13 19:13:57,293 INFO  server.RaftServerConfigKeys (ConfUtils.java:logGet(43)) - raft.server.log.statemachine.data.sync.timeout.retry = -1 (default)
2019-07-13 19:13:57,293 INFO  server.RaftServerConfigKeys (ConfUtils.java:logGet(43)) - raft.server.log.statemachine.data.caching.enabled = true (custom)
2019-07-13 19:13:57,294 INFO  segmented.SegmentedRaftLogWorker (SegmentedRaftLogWorker.java:lambda$new$0(132)) - 1f5c7cff-78d9-439f-b565-061acdcd80d7-SegmentedRaftLogWorker:Storage Directory /tmp/workdir/hadoop-ozone/integration-test/target/test-dir/MiniOzoneClusterImpl-5bfc6e0b-967d-4665-bd73-027a5ac739b6/datanode-1/data/ratis/adfa0d6e-ecfa-48d1-992a-a176bbb19fd7: flushIndex: setUnconditionally 0 -> -1
2019-07-13 19:13:57,294 INFO  server.RaftServerConfigKeys (ConfUtils.java:logGet(43)) - raft.server.snapshot.auto.trigger.enabled = true (custom)
2019-07-13 19:13:57,295 INFO  server.RaftServerConfigKeys (ConfUtils.java:logGet(43)) - raft.server.snapshot.auto.trigger.threshold = 10000 (custom)
2019-07-13 19:13:57,295 INFO  server.RaftServerConfigKeys (ConfUtils.java:logGet(43)) - raft.server.retrycache.expirytime = 600000ms (custom)
2019-07-13 19:13:57,295 INFO  impl.RaftServerImpl (RaftServerImpl.java:start(180)) - 1f5c7cff-78d9-439f-b565-061acdcd80d7: start group-A176BBB19FD7
2019-07-13 19:13:57,295 INFO  impl.RaftServerImpl (RaftServerImpl.java:setRole(171)) - 1f5c7cff-78d9-439f-b565-061acdcd80d7:group-A176BBB19FD7 changes role from null to FOLLOWER at term 0 for startAsFollower
2019-07-13 19:13:57,295 INFO  impl.RoleInfo (RoleInfo.java:updateAndGet(143)) - 1f5c7cff-78d9-439f-b565-061acdcd80d7: start FollowerState
2019-07-13 19:13:57,298 INFO  util.JmxRegister (JmxRegister.java:tryRegister(44)) - Successfully registered JMX Bean with object name Ratis:service=RaftServer,group=group-A176BBB19FD7,id=1f5c7cff-78d9-439f-b565-061acdcd80d7
2019-07-13 19:13:57,320 INFO  pipeline.PipelineStateManager (PipelineStateManager.java:addPipeline(56)) - Created pipeline Pipeline[ Id: adfa0d6e-ecfa-48d1-992a-a176bbb19fd7, Nodes: 1f5c7cff-78d9-439f-b565-061acdcd80d7{ip: 192.168.69.122, host: trunk-nightly-fxqsz-774976932, networkLocation: /default-rack, certSerialId: null}, Type:RATIS, Factor:ONE, State:OPEN]
2019-07-13 19:13:57,352 INFO  impl.RaftServerProxy (RaftServerProxy.java:addNew(89)) - 90d95711-f8eb-4c5d-a305-ad1e3a715ae6: addNew group-81435F731D11:[90d95711-f8eb-4c5d-a305-ad1e3a715ae6:192.168.69.122:46336] returns group-81435F731D11:java.util.concurrent.CompletableFuture@6665934b[Not completed]
2019-07-13 19:13:57,363 INFO  impl.RaftServerImpl (RaftServerImpl.java:<init>(93)) - 90d95711-f8eb-4c5d-a305-ad1e3a715ae6: new RaftServerImpl for group-81435F731D11:[90d95711-f8eb-4c5d-a305-ad1e3a715ae6:192.168.69.122:46336] with ContainerStateMachine:uninitialized
2019-07-13 19:13:57,364 INFO  server.RaftServerConfigKeys (ConfUtils.java:logGet(43)) - raft.server.rpc.timeout.min = 5s (custom)
2019-07-13 19:13:57,364 INFO  server.RaftServerConfigKeys (ConfUtils.java:logGet(43)) - raft.server.rpc.timeout.max = 5200ms (custom)
2019-07-13 19:13:57,364 INFO  server.RaftServerConfigKeys (ConfUtils.java:logGet(43)) - raft.server.rpcslowness.timeout = 120s (custom)
2019-07-13 19:13:57,364 INFO  server.RaftServerConfigKeys (ConfUtils.java:logGet(43)) - raft.server.sleep.deviation.threshold = 300 (default)
2019-07-13 19:13:57,365 INFO  server.RaftServerConfigKeys (ConfUtils.java:logGet(43)) - raft.server.log.appender.install.snapshot.enabled = false (custom)
2019-07-13 19:13:57,365 INFO  impl.RaftServerImpl (ServerState.java:<init>(105)) - 90d95711-f8eb-4c5d-a305-ad1e3a715ae6:group-81435F731D11 ConfigurationManager, init=-1: [90d95711-f8eb-4c5d-a305-ad1e3a715ae6:192.168.69.122:46336], old=null, confs=<EMPTY_MAP>
2019-07-13 19:13:57,365 INFO  server.RaftServerConfigKeys (ConfUtils.java:logGet(43)) - raft.server.storage.dir = [/tmp/workdir/hadoop-ozone/integration-test/target/test-dir/MiniOzoneClusterImpl-5bfc6e0b-967d-4665-bd73-027a5ac739b6/datanode-4/data/ratis] (custom)
2019-07-13 19:13:57,365 INFO  storage.RaftStorageDirectory (RaftStorageDirectory.java:analyzeStorage(246)) - The storage directory /tmp/workdir/hadoop-ozone/integration-test/target/test-dir/MiniOzoneClusterImpl-5bfc6e0b-967d-4665-bd73-027a5ac739b6/datanode-4/data/ratis/a8460cda-a7a5-47ba-99da-81435f731d11 does not exist. Creating ...
2019-07-13 19:13:57,390 INFO  storage.RaftStorageDirectory (RaftStorageDirectory.java:tryLock(328)) - Lock on /tmp/workdir/hadoop-ozone/integration-test/target/test-dir/MiniOzoneClusterImpl-5bfc6e0b-967d-4665-bd73-027a5ac739b6/datanode-4/data/ratis/a8460cda-a7a5-47ba-99da-81435f731d11/in_use.lock acquired by nodename 22884@trunk-nightly-fxqsz-774976932
2019-07-13 19:13:57,403 INFO  storage.RaftStorage (RaftStorage.java:format(72)) - Storage directory /tmp/workdir/hadoop-ozone/integration-test/target/test-dir/MiniOzoneClusterImpl-5bfc6e0b-967d-4665-bd73-027a5ac739b6/datanode-4/data/ratis/a8460cda-a7a5-47ba-99da-81435f731d11 has been successfully formatted.
2019-07-13 19:13:57,404 INFO  ratis.ContainerStateMachine (ContainerStateMachine.java:loadSnapshot(200)) - The snapshot info is null.Setting the last applied index to:(t:0, i:~)
2019-07-13 19:13:57,404 INFO  server.RaftServerConfigKeys (ConfUtils.java:logGet(43)) - raft.server.leader.election.timeout = 120s (custom)
2019-07-13 19:13:57,404 INFO  server.RaftServerConfigKeys (ConfUtils.java:logGet(43)) - raft.server.log.use.memory = false (default)
2019-07-13 19:13:57,404 INFO  server.RaftServerConfigKeys (ConfUtils.java:logGet(43)) - raft.server.log.purge.gap = 1000000000 (custom)
2019-07-13 19:13:57,404 INFO  server.RaftServerConfigKeys (ConfUtils.java:logGet(43)) - raft.server.log.appender.buffer.byte-limit = 33554432 (custom)
2019-07-13 19:13:57,405 INFO  server.RaftServerConfigKeys (ConfUtils.java:logGet(43)) - raft.server.log.segment.size.max = 1048576 (custom)
2019-07-13 19:13:57,405 INFO  server.RaftServerConfigKeys (ConfUtils.java:logGet(43)) - raft.server.log.segment.cache.num.max = 2 (custom)
2019-07-13 19:13:57,405 INFO  segmented.SegmentedRaftLogWorker (SegmentedRaftLogWorker.java:<init>(172)) - new 90d95711-f8eb-4c5d-a305-ad1e3a715ae6-SegmentedRaftLogWorker:Storage Directory /tmp/workdir/hadoop-ozone/integration-test/target/test-dir/MiniOzoneClusterImpl-5bfc6e0b-967d-4665-bd73-027a5ac739b6/datanode-4/data/ratis/a8460cda-a7a5-47ba-99da-81435f731d11 for RaftStorage:Storage Directory /tmp/workdir/hadoop-ozone/integration-test/target/test-dir/MiniOzoneClusterImpl-5bfc6e0b-967d-4665-bd73-027a5ac739b6/datanode-4/data/ratis/a8460cda-a7a5-47ba-99da-81435f731d11
2019-07-13 19:13:57,405 INFO  server.RaftServerConfigKeys (ConfUtils.java:logGet(43)) - raft.server.log.queue.byte-limit = 2147483647 (custom)
2019-07-13 19:13:57,405 INFO  server.RaftServerConfigKeys (ConfUtils.java:logGet(43)) - raft.server.log.queue.element-limit = 1024 (custom)
2019-07-13 19:13:57,406 INFO  server.RaftServerConfigKeys (ConfUtils.java:logGet(43)) - raft.server.log.segment.size.max = 1048576 (custom)
2019-07-13 19:13:57,406 INFO  server.RaftServerConfigKeys (ConfUtils.java:logGet(43)) - raft.server.log.preallocated.size = 16384 (custom)
2019-07-13 19:13:57,406 INFO  server.RaftServerConfigKeys (ConfUtils.java:logGet(43)) - raft.server.log.write.buffer.size = 33554432 (custom)
2019-07-13 19:13:57,406 INFO  server.RaftServerConfigKeys (ConfUtils.java:logGet(43)) - raft.server.log.force.sync.num = 128 (default)
2019-07-13 19:13:57,407 INFO  server.RaftServerConfigKeys (ConfUtils.java:logGet(43)) - raft.server.log.statemachine.data.sync = true (default)
2019-07-13 19:13:57,407 INFO  server.RaftServerConfigKeys (ConfUtils.java:logGet(43)) - raft.server.log.statemachine.data.sync.timeout = 10s (default)
2019-07-13 19:13:57,407 INFO  server.RaftServerConfigKeys (ConfUtils.java:logGet(43)) - raft.server.log.statemachine.data.sync.timeout.retry = -1 (default)
2019-07-13 19:13:57,408 INFO  server.RaftServerConfigKeys (ConfUtils.java:logGet(43)) - raft.server.log.statemachine.data.caching.enabled = true (custom)
2019-07-13 19:13:57,408 INFO  segmented.SegmentedRaftLogWorker (SegmentedRaftLogWorker.java:lambda$new$0(132)) - 90d95711-f8eb-4c5d-a305-ad1e3a715ae6-SegmentedRaftLogWorker:Storage Directory /tmp/workdir/hadoop-ozone/integration-test/target/test-dir/MiniOzoneClusterImpl-5bfc6e0b-967d-4665-bd73-027a5ac739b6/datanode-4/data/ratis/a8460cda-a7a5-47ba-99da-81435f731d11: flushIndex: setUnconditionally 0 -> -1
2019-07-13 19:13:57,409 INFO  server.RaftServerConfigKeys (ConfUtils.java:logGet(43)) - raft.server.snapshot.auto.trigger.enabled = true (custom)
2019-07-13 19:13:57,409 INFO  server.RaftServerConfigKeys (ConfUtils.java:logGet(43)) - raft.server.snapshot.auto.trigger.threshold = 10000 (custom)
2019-07-13 19:13:57,409 INFO  server.RaftServerConfigKeys (ConfUtils.java:logGet(43)) - raft.server.retrycache.expirytime = 600000ms (custom)
2019-07-13 19:13:57,410 INFO  impl.RaftServerImpl (RaftServerImpl.java:start(180)) - 90d95711-f8eb-4c5d-a305-ad1e3a715ae6: start group-81435F731D11
2019-07-13 19:13:57,410 INFO  impl.RaftServerImpl (RaftServerImpl.java:setRole(171)) - 90d95711-f8eb-4c5d-a305-ad1e3a715ae6:group-81435F731D11 changes role from null to FOLLOWER at term 0 for startAsFollower
2019-07-13 19:13:57,410 INFO  impl.RoleInfo (RoleInfo.java:updateAndGet(143)) - 90d95711-f8eb-4c5d-a305-ad1e3a715ae6: start FollowerState
2019-07-13 19:13:57,411 INFO  util.JmxRegister (JmxRegister.java:tryRegister(44)) - Successfully registered JMX Bean with object name Ratis:service=RaftServer,group=group-81435F731D11,id=90d95711-f8eb-4c5d-a305-ad1e3a715ae6
2019-07-13 19:13:57,426 INFO  pipeline.PipelineStateManager (PipelineStateManager.java:addPipeline(56)) - Created pipeline Pipeline[ Id: a8460cda-a7a5-47ba-99da-81435f731d11, Nodes: 90d95711-f8eb-4c5d-a305-ad1e3a715ae6{ip: 192.168.69.122, host: trunk-nightly-fxqsz-774976932, networkLocation: /default-rack, certSerialId: null}, Type:RATIS, Factor:ONE, State:OPEN]
2019-07-13 19:13:57,452 INFO  impl.RaftServerProxy (RaftServerProxy.java:addNew(89)) - 931197b3-0e30-46fd-be87-7d3c3b9580e5: addNew group-668BF00726D9:[931197b3-0e30-46fd-be87-7d3c3b9580e5:192.168.69.122:44810] returns group-668BF00726D9:java.util.concurrent.CompletableFuture@4ba5b95c[Not completed]
2019-07-13 19:13:57,454 INFO  impl.RaftServerImpl (RaftServerImpl.java:<init>(93)) - 931197b3-0e30-46fd-be87-7d3c3b9580e5: new RaftServerImpl for group-668BF00726D9:[931197b3-0e30-46fd-be87-7d3c3b9580e5:192.168.69.122:44810] with ContainerStateMachine:uninitialized
2019-07-13 19:13:57,454 INFO  server.RaftServerConfigKeys (ConfUtils.java:logGet(43)) - raft.server.rpc.timeout.min = 5s (custom)
2019-07-13 19:13:57,455 INFO  server.RaftServerConfigKeys (ConfUtils.java:logGet(43)) - raft.server.rpc.timeout.max = 5200ms (custom)
2019-07-13 19:13:57,455 INFO  server.RaftServerConfigKeys (ConfUtils.java:logGet(43)) - raft.server.rpcslowness.timeout = 120s (custom)
2019-07-13 19:13:57,455 INFO  server.RaftServerConfigKeys (ConfUtils.java:logGet(43)) - raft.server.sleep.deviation.threshold = 300 (default)
2019-07-13 19:13:57,455 INFO  server.RaftServerConfigKeys (ConfUtils.java:logGet(43)) - raft.server.log.appender.install.snapshot.enabled = false (custom)
2019-07-13 19:13:57,456 INFO  impl.RaftServerImpl (ServerState.java:<init>(105)) - 931197b3-0e30-46fd-be87-7d3c3b9580e5:group-668BF00726D9 ConfigurationManager, init=-1: [931197b3-0e30-46fd-be87-7d3c3b9580e5:192.168.69.122:44810], old=null, confs=<EMPTY_MAP>
2019-07-13 19:13:57,456 INFO  server.RaftServerConfigKeys (ConfUtils.java:logGet(43)) - raft.server.storage.dir = [/tmp/workdir/hadoop-ozone/integration-test/target/test-dir/MiniOzoneClusterImpl-5bfc6e0b-967d-4665-bd73-027a5ac739b6/datanode-3/data/ratis] (custom)
2019-07-13 19:13:57,456 INFO  storage.RaftStorageDirectory (RaftStorageDirectory.java:analyzeStorage(246)) - The storage directory /tmp/workdir/hadoop-ozone/integration-test/target/test-dir/MiniOzoneClusterImpl-5bfc6e0b-967d-4665-bd73-027a5ac739b6/datanode-3/data/ratis/57df735a-f38a-481e-ab50-668bf00726d9 does not exist. Creating ...
2019-07-13 19:13:57,469 INFO  storage.RaftStorageDirectory (RaftStorageDirectory.java:tryLock(328)) - Lock on /tmp/workdir/hadoop-ozone/integration-test/target/test-dir/MiniOzoneClusterImpl-5bfc6e0b-967d-4665-bd73-027a5ac739b6/datanode-3/data/ratis/57df735a-f38a-481e-ab50-668bf00726d9/in_use.lock acquired by nodename 22884@trunk-nightly-fxqsz-774976932
2019-07-13 19:13:57,473 INFO  storage.RaftStorage (RaftStorage.java:format(72)) - Storage directory /tmp/workdir/hadoop-ozone/integration-test/target/test-dir/MiniOzoneClusterImpl-5bfc6e0b-967d-4665-bd73-027a5ac739b6/datanode-3/data/ratis/57df735a-f38a-481e-ab50-668bf00726d9 has been successfully formatted.
2019-07-13 19:13:57,473 INFO  ratis.ContainerStateMachine (ContainerStateMachine.java:loadSnapshot(200)) - The snapshot info is null.Setting the last applied index to:(t:0, i:~)
2019-07-13 19:13:57,473 INFO  server.RaftServerConfigKeys (ConfUtils.java:logGet(43)) - raft.server.leader.election.timeout = 120s (custom)
2019-07-13 19:13:57,473 INFO  server.RaftServerConfigKeys (ConfUtils.java:logGet(43)) - raft.server.log.use.memory = false (default)
2019-07-13 19:13:57,474 INFO  server.RaftServerConfigKeys (ConfUtils.java:logGet(43)) - raft.server.log.purge.gap = 1000000000 (custom)
2019-07-13 19:13:57,474 INFO  server.RaftServerConfigKeys (ConfUtils.java:logGet(43)) - raft.server.log.appender.buffer.byte-limit = 33554432 (custom)
2019-07-13 19:13:57,474 INFO  server.RaftServerConfigKeys (ConfUtils.java:logGet(43)) - raft.server.log.segment.size.max = 1048576 (custom)
2019-07-13 19:13:57,474 INFO  server.RaftServerConfigKeys (ConfUtils.java:logGet(43)) - raft.server.log.segment.cache.num.max = 2 (custom)
2019-07-13 19:13:57,474 INFO  segmented.SegmentedRaftLogWorker (SegmentedRaftLogWorker.java:<init>(172)) - new 931197b3-0e30-46fd-be87-7d3c3b9580e5-SegmentedRaftLogWorker:Storage Directory /tmp/workdir/hadoop-ozone/integration-test/target/test-dir/MiniOzoneClusterImpl-5bfc6e0b-967d-4665-bd73-027a5ac739b6/datanode-3/data/ratis/57df735a-f38a-481e-ab50-668bf00726d9 for RaftStorage:Storage Directory /tmp/workdir/hadoop-ozone/integration-test/target/test-dir/MiniOzoneClusterImpl-5bfc6e0b-967d-4665-bd73-027a5ac739b6/datanode-3/data/ratis/57df735a-f38a-481e-ab50-668bf00726d9
2019-07-13 19:13:57,475 INFO  server.RaftServerConfigKeys (ConfUtils.java:logGet(43)) - raft.server.log.queue.byte-limit = 2147483647 (custom)
2019-07-13 19:13:57,475 INFO  server.RaftServerConfigKeys (ConfUtils.java:logGet(43)) - raft.server.log.queue.element-limit = 1024 (custom)
2019-07-13 19:13:57,475 INFO  server.RaftServerConfigKeys (ConfUtils.java:logGet(43)) - raft.server.log.segment.size.max = 1048576 (custom)
2019-07-13 19:13:57,475 INFO  server.RaftServerConfigKeys (ConfUtils.java:logGet(43)) - raft.server.log.preallocated.size = 16384 (custom)
2019-07-13 19:13:57,476 INFO  server.RaftServerConfigKeys (ConfUtils.java:logGet(43)) - raft.server.log.write.buffer.size = 33554432 (custom)
2019-07-13 19:13:57,476 INFO  server.RaftServerConfigKeys (ConfUtils.java:logGet(43)) - raft.server.log.force.sync.num = 128 (default)
2019-07-13 19:13:57,476 INFO  server.RaftServerConfigKeys (ConfUtils.java:logGet(43)) - raft.server.log.statemachine.data.sync = true (default)
2019-07-13 19:13:57,476 INFO  server.RaftServerConfigKeys (ConfUtils.java:logGet(43)) - raft.server.log.statemachine.data.sync.timeout = 10s (default)
2019-07-13 19:13:57,476 INFO  server.RaftServerConfigKeys (ConfUtils.java:logGet(43)) - raft.server.log.statemachine.data.sync.timeout.retry = -1 (default)
2019-07-13 19:13:57,477 INFO  server.RaftServerConfigKeys (ConfUtils.java:logGet(43)) - raft.server.log.statemachine.data.caching.enabled = true (custom)
2019-07-13 19:13:57,477 INFO  segmented.SegmentedRaftLogWorker (SegmentedRaftLogWorker.java:lambda$new$0(132)) - 931197b3-0e30-46fd-be87-7d3c3b9580e5-SegmentedRaftLogWorker:Storage Directory /tmp/workdir/hadoop-ozone/integration-test/target/test-dir/MiniOzoneClusterImpl-5bfc6e0b-967d-4665-bd73-027a5ac739b6/datanode-3/data/ratis/57df735a-f38a-481e-ab50-668bf00726d9: flushIndex: setUnconditionally 0 -> -1
2019-07-13 19:13:57,478 INFO  server.RaftServerConfigKeys (ConfUtils.java:logGet(43)) - raft.server.snapshot.auto.trigger.enabled = true (custom)
2019-07-13 19:13:57,478 INFO  server.RaftServerConfigKeys (ConfUtils.java:logGet(43)) - raft.server.snapshot.auto.trigger.threshold = 10000 (custom)
2019-07-13 19:13:57,478 INFO  server.RaftServerConfigKeys (ConfUtils.java:logGet(43)) - raft.server.retrycache.expirytime = 600000ms (custom)
2019-07-13 19:13:57,478 INFO  impl.RaftServerImpl (RaftServerImpl.java:start(180)) - 931197b3-0e30-46fd-be87-7d3c3b9580e5: start group-668BF00726D9
2019-07-13 19:13:57,478 INFO  impl.RaftServerImpl (RaftServerImpl.java:setRole(171)) - 931197b3-0e30-46fd-be87-7d3c3b9580e5:group-668BF00726D9 changes role from null to FOLLOWER at term 0 for startAsFollower
2019-07-13 19:13:57,479 INFO  impl.RoleInfo (RoleInfo.java:updateAndGet(143)) - 931197b3-0e30-46fd-be87-7d3c3b9580e5: start FollowerState
2019-07-13 19:13:57,479 INFO  util.JmxRegister (JmxRegister.java:tryRegister(44)) - Successfully registered JMX Bean with object name Ratis:service=RaftServer,group=group-668BF00726D9,id=931197b3-0e30-46fd-be87-7d3c3b9580e5
2019-07-13 19:13:57,495 INFO  pipeline.PipelineStateManager (PipelineStateManager.java:addPipeline(56)) - Created pipeline Pipeline[ Id: 57df735a-f38a-481e-ab50-668bf00726d9, Nodes: 931197b3-0e30-46fd-be87-7d3c3b9580e5{ip: 192.168.69.122, host: trunk-nightly-fxqsz-774976932, networkLocation: /default-rack, certSerialId: null}, Type:RATIS, Factor:ONE, State:OPEN]
2019-07-13 19:13:57,520 INFO  impl.RaftServerProxy (RaftServerProxy.java:addNew(89)) - 71c4eb8e-be83-4684-9612-b890f30a8959: addNew group-91545C356C41:[71c4eb8e-be83-4684-9612-b890f30a8959:192.168.69.122:40397] returns group-91545C356C41:java.util.concurrent.CompletableFuture@7c16d1b[Not completed]
2019-07-13 19:13:57,522 INFO  impl.RaftServerImpl (RaftServerImpl.java:<init>(93)) - 71c4eb8e-be83-4684-9612-b890f30a8959: new RaftServerImpl for group-91545C356C41:[71c4eb8e-be83-4684-9612-b890f30a8959:192.168.69.122:40397] with ContainerStateMachine:uninitialized
2019-07-13 19:13:57,522 INFO  server.RaftServerConfigKeys (ConfUtils.java:logGet(43)) - raft.server.rpc.timeout.min = 5s (custom)
2019-07-13 19:13:57,522 INFO  server.RaftServerConfigKeys (ConfUtils.java:logGet(43)) - raft.server.rpc.timeout.max = 5200ms (custom)
2019-07-13 19:13:57,522 INFO  server.RaftServerConfigKeys (ConfUtils.java:logGet(43)) - raft.server.rpcslowness.timeout = 120s (custom)
2019-07-13 19:13:57,523 INFO  server.RaftServerConfigKeys (ConfUtils.java:logGet(43)) - raft.server.sleep.deviation.threshold = 300 (default)
2019-07-13 19:13:57,523 INFO  server.RaftServerConfigKeys (ConfUtils.java:logGet(43)) - raft.server.log.appender.install.snapshot.enabled = false (custom)
2019-07-13 19:13:57,523 INFO  impl.RaftServerImpl (ServerState.java:<init>(105)) - 71c4eb8e-be83-4684-9612-b890f30a8959:group-91545C356C41 ConfigurationManager, init=-1: [71c4eb8e-be83-4684-9612-b890f30a8959:192.168.69.122:40397], old=null, confs=<EMPTY_MAP>
2019-07-13 19:13:57,523 INFO  server.RaftServerConfigKeys (ConfUtils.java:logGet(43)) - raft.server.storage.dir = [/tmp/workdir/hadoop-ozone/integration-test/target/test-dir/MiniOzoneClusterImpl-5bfc6e0b-967d-4665-bd73-027a5ac739b6/datanode-2/data/ratis] (custom)
2019-07-13 19:13:57,524 INFO  storage.RaftStorageDirectory (RaftStorageDirectory.java:analyzeStorage(246)) - The storage directory /tmp/workdir/hadoop-ozone/integration-test/target/test-dir/MiniOzoneClusterImpl-5bfc6e0b-967d-4665-bd73-027a5ac739b6/datanode-2/data/ratis/8f0c9ee2-39d5-42d4-9617-91545c356c41 does not exist. Creating ...
2019-07-13 19:13:57,532 INFO  storage.RaftStorageDirectory (RaftStorageDirectory.java:tryLock(328)) - Lock on /tmp/workdir/hadoop-ozone/integration-test/target/test-dir/MiniOzoneClusterImpl-5bfc6e0b-967d-4665-bd73-027a5ac739b6/datanode-2/data/ratis/8f0c9ee2-39d5-42d4-9617-91545c356c41/in_use.lock acquired by nodename 22884@trunk-nightly-fxqsz-774976932
2019-07-13 19:13:57,546 INFO  storage.RaftStorage (RaftStorage.java:format(72)) - Storage directory /tmp/workdir/hadoop-ozone/integration-test/target/test-dir/MiniOzoneClusterImpl-5bfc6e0b-967d-4665-bd73-027a5ac739b6/datanode-2/data/ratis/8f0c9ee2-39d5-42d4-9617-91545c356c41 has been successfully formatted.
2019-07-13 19:13:57,546 INFO  ratis.ContainerStateMachine (ContainerStateMachine.java:loadSnapshot(200)) - The snapshot info is null.Setting the last applied index to:(t:0, i:~)
2019-07-13 19:13:57,547 INFO  server.RaftServerConfigKeys (ConfUtils.java:logGet(43)) - raft.server.leader.election.timeout = 120s (custom)
2019-07-13 19:13:57,547 INFO  server.RaftServerConfigKeys (ConfUtils.java:logGet(43)) - raft.server.log.use.memory = false (default)
2019-07-13 19:13:57,547 INFO  server.RaftServerConfigKeys (ConfUtils.java:logGet(43)) - raft.server.log.purge.gap = 1000000000 (custom)
2019-07-13 19:13:57,547 INFO  server.RaftServerConfigKeys (ConfUtils.java:logGet(43)) - raft.server.log.appender.buffer.byte-limit = 33554432 (custom)
2019-07-13 19:13:57,547 INFO  server.RaftServerConfigKeys (ConfUtils.java:logGet(43)) - raft.server.log.segment.size.max = 1048576 (custom)
2019-07-13 19:13:57,548 INFO  server.RaftServerConfigKeys (ConfUtils.java:logGet(43)) - raft.server.log.segment.cache.num.max = 2 (custom)
2019-07-13 19:13:57,548 INFO  segmented.SegmentedRaftLogWorker (SegmentedRaftLogWorker.java:<init>(172)) - new 71c4eb8e-be83-4684-9612-b890f30a8959-SegmentedRaftLogWorker:Storage Directory /tmp/workdir/hadoop-ozone/integration-test/target/test-dir/MiniOzoneClusterImpl-5bfc6e0b-967d-4665-bd73-027a5ac739b6/datanode-2/data/ratis/8f0c9ee2-39d5-42d4-9617-91545c356c41 for RaftStorage:Storage Directory /tmp/workdir/hadoop-ozone/integration-test/target/test-dir/MiniOzoneClusterImpl-5bfc6e0b-967d-4665-bd73-027a5ac739b6/datanode-2/data/ratis/8f0c9ee2-39d5-42d4-9617-91545c356c41
2019-07-13 19:13:57,548 INFO  server.RaftServerConfigKeys (ConfUtils.java:logGet(43)) - raft.server.log.queue.byte-limit = 2147483647 (custom)
2019-07-13 19:13:57,548 INFO  server.RaftServerConfigKeys (ConfUtils.java:logGet(43)) - raft.server.log.queue.element-limit = 1024 (custom)
2019-07-13 19:13:57,548 INFO  server.RaftServerConfigKeys (ConfUtils.java:logGet(43)) - raft.server.log.segment.size.max = 1048576 (custom)
2019-07-13 19:13:57,549 INFO  server.RaftServerConfigKeys (ConfUtils.java:logGet(43)) - raft.server.log.preallocated.size = 16384 (custom)
2019-07-13 19:13:57,549 INFO  server.RaftServerConfigKeys (ConfUtils.java:logGet(43)) - raft.server.log.write.buffer.size = 33554432 (custom)
2019-07-13 19:13:57,549 INFO  server.RaftServerConfigKeys (ConfUtils.java:logGet(43)) - raft.server.log.force.sync.num = 128 (default)
2019-07-13 19:13:57,549 INFO  server.RaftServerConfigKeys (ConfUtils.java:logGet(43)) - raft.server.log.statemachine.data.sync = true (default)
2019-07-13 19:13:57,549 INFO  server.RaftServerConfigKeys (ConfUtils.java:logGet(43)) - raft.server.log.statemachine.data.sync.timeout = 10s (default)
2019-07-13 19:13:57,550 INFO  server.RaftServerConfigKeys (ConfUtils.java:logGet(43)) - raft.server.log.statemachine.data.sync.timeout.retry = -1 (default)
2019-07-13 19:13:57,550 INFO  server.RaftServerConfigKeys (ConfUtils.java:logGet(43)) - raft.server.log.statemachine.data.caching.enabled = true (custom)
2019-07-13 19:13:57,550 INFO  segmented.SegmentedRaftLogWorker (SegmentedRaftLogWorker.java:lambda$new$0(132)) - 71c4eb8e-be83-4684-9612-b890f30a8959-SegmentedRaftLogWorker:Storage Directory /tmp/workdir/hadoop-ozone/integration-test/target/test-dir/MiniOzoneClusterImpl-5bfc6e0b-967d-4665-bd73-027a5ac739b6/datanode-2/data/ratis/8f0c9ee2-39d5-42d4-9617-91545c356c41: flushIndex: setUnconditionally 0 -> -1
2019-07-13 19:13:57,551 INFO  server.RaftServerConfigKeys (ConfUtils.java:logGet(43)) - raft.server.snapshot.auto.trigger.enabled = true (custom)
2019-07-13 19:13:57,551 INFO  server.RaftServerConfigKeys (ConfUtils.java:logGet(43)) - raft.server.snapshot.auto.trigger.threshold = 10000 (custom)
2019-07-13 19:13:57,551 INFO  server.RaftServerConfigKeys (ConfUtils.java:logGet(43)) - raft.server.retrycache.expirytime = 600000ms (custom)
2019-07-13 19:13:57,551 INFO  impl.RaftServerImpl (RaftServerImpl.java:start(180)) - 71c4eb8e-be83-4684-9612-b890f30a8959: start group-91545C356C41
2019-07-13 19:13:57,552 INFO  impl.RaftServerImpl (RaftServerImpl.java:setRole(171)) - 71c4eb8e-be83-4684-9612-b890f30a8959:group-91545C356C41 changes role from null to FOLLOWER at term 0 for startAsFollower
2019-07-13 19:13:57,552 INFO  impl.RoleInfo (RoleInfo.java:updateAndGet(143)) - 71c4eb8e-be83-4684-9612-b890f30a8959: start FollowerState
2019-07-13 19:13:57,552 INFO  util.JmxRegister (JmxRegister.java:tryRegister(44)) - Successfully registered JMX Bean with object name Ratis:service=RaftServer,group=group-91545C356C41,id=71c4eb8e-be83-4684-9612-b890f30a8959
2019-07-13 19:13:57,566 INFO  pipeline.PipelineStateManager (PipelineStateManager.java:addPipeline(56)) - Created pipeline Pipeline[ Id: 8f0c9ee2-39d5-42d4-9617-91545c356c41, Nodes: 71c4eb8e-be83-4684-9612-b890f30a8959{ip: 192.168.69.122, host: trunk-nightly-fxqsz-774976932, networkLocation: /default-rack, certSerialId: null}, Type:RATIS, Factor:ONE, State:OPEN]
2019-07-13 19:13:57,595 INFO  impl.RaftServerProxy (RaftServerProxy.java:addNew(89)) - e12f3e19-727c-46e4-8b5e-ac543c0d4164: addNew group-A2CBF7E55B6E:[e12f3e19-727c-46e4-8b5e-ac543c0d4164:192.168.69.122:44714] returns group-A2CBF7E55B6E:java.util.concurrent.CompletableFuture@147ee3c8[Not completed]
2019-07-13 19:13:57,597 INFO  impl.RaftServerImpl (RaftServerImpl.java:<init>(93)) - e12f3e19-727c-46e4-8b5e-ac543c0d4164: new RaftServerImpl for group-A2CBF7E55B6E:[e12f3e19-727c-46e4-8b5e-ac543c0d4164:192.168.69.122:44714] with ContainerStateMachine:uninitialized
2019-07-13 19:13:57,598 INFO  server.RaftServerConfigKeys (ConfUtils.java:logGet(43)) - raft.server.rpc.timeout.min = 5s (custom)
2019-07-13 19:13:57,598 INFO  server.RaftServerConfigKeys (ConfUtils.java:logGet(43)) - raft.server.rpc.timeout.max = 5200ms (custom)
2019-07-13 19:13:57,598 INFO  server.RaftServerConfigKeys (ConfUtils.java:logGet(43)) - raft.server.rpcslowness.timeout = 120s (custom)
2019-07-13 19:13:57,598 INFO  server.RaftServerConfigKeys (ConfUtils.java:logGet(43)) - raft.server.sleep.deviation.threshold = 300 (default)
2019-07-13 19:13:57,598 INFO  server.RaftServerConfigKeys (ConfUtils.java:logGet(43)) - raft.server.log.appender.install.snapshot.enabled = false (custom)
2019-07-13 19:13:57,599 INFO  impl.RaftServerImpl (ServerState.java:<init>(105)) - e12f3e19-727c-46e4-8b5e-ac543c0d4164:group-A2CBF7E55B6E ConfigurationManager, init=-1: [e12f3e19-727c-46e4-8b5e-ac543c0d4164:192.168.69.122:44714], old=null, confs=<EMPTY_MAP>
2019-07-13 19:13:57,599 INFO  server.RaftServerConfigKeys (ConfUtils.java:logGet(43)) - raft.server.storage.dir = [/tmp/workdir/hadoop-ozone/integration-test/target/test-dir/MiniOzoneClusterImpl-5bfc6e0b-967d-4665-bd73-027a5ac739b6/datanode-6/data/ratis] (custom)
2019-07-13 19:13:57,599 INFO  storage.RaftStorageDirectory (RaftStorageDirectory.java:analyzeStorage(246)) - The storage directory /tmp/workdir/hadoop-ozone/integration-test/target/test-dir/MiniOzoneClusterImpl-5bfc6e0b-967d-4665-bd73-027a5ac739b6/datanode-6/data/ratis/a3445d1b-f12a-43dd-a60c-a2cbf7e55b6e does not exist. Creating ...
2019-07-13 19:13:57,621 INFO  storage.RaftStorageDirectory (RaftStorageDirectory.java:tryLock(328)) - Lock on /tmp/workdir/hadoop-ozone/integration-test/target/test-dir/MiniOzoneClusterImpl-5bfc6e0b-967d-4665-bd73-027a5ac739b6/datanode-6/data/ratis/a3445d1b-f12a-43dd-a60c-a2cbf7e55b6e/in_use.lock acquired by nodename 22884@trunk-nightly-fxqsz-774976932
2019-07-13 19:13:57,633 INFO  storage.RaftStorage (RaftStorage.java:format(72)) - Storage directory /tmp/workdir/hadoop-ozone/integration-test/target/test-dir/MiniOzoneClusterImpl-5bfc6e0b-967d-4665-bd73-027a5ac739b6/datanode-6/data/ratis/a3445d1b-f12a-43dd-a60c-a2cbf7e55b6e has been successfully formatted.
2019-07-13 19:13:57,634 INFO  ratis.ContainerStateMachine (ContainerStateMachine.java:loadSnapshot(200)) - The snapshot info is null.Setting the last applied index to:(t:0, i:~)
2019-07-13 19:13:57,634 INFO  server.RaftServerConfigKeys (ConfUtils.java:logGet(43)) - raft.server.leader.election.timeout = 120s (custom)
2019-07-13 19:13:57,634 INFO  server.RaftServerConfigKeys (ConfUtils.java:logGet(43)) - raft.server.log.use.memory = false (default)
2019-07-13 19:13:57,634 INFO  server.RaftServerConfigKeys (ConfUtils.java:logGet(43)) - raft.server.log.purge.gap = 1000000000 (custom)
2019-07-13 19:13:57,634 INFO  server.RaftServerConfigKeys (ConfUtils.java:logGet(43)) - raft.server.log.appender.buffer.byte-limit = 33554432 (custom)
2019-07-13 19:13:57,635 INFO  server.RaftServerConfigKeys (ConfUtils.java:logGet(43)) - raft.server.log.segment.size.max = 1048576 (custom)
2019-07-13 19:13:57,635 INFO  server.RaftServerConfigKeys (ConfUtils.java:logGet(43)) - raft.server.log.segment.cache.num.max = 2 (custom)
2019-07-13 19:13:57,635 INFO  segmented.SegmentedRaftLogWorker (SegmentedRaftLogWorker.java:<init>(172)) - new e12f3e19-727c-46e4-8b5e-ac543c0d4164-SegmentedRaftLogWorker:Storage Directory /tmp/workdir/hadoop-ozone/integration-test/target/test-dir/MiniOzoneClusterImpl-5bfc6e0b-967d-4665-bd73-027a5ac739b6/datanode-6/data/ratis/a3445d1b-f12a-43dd-a60c-a2cbf7e55b6e for RaftStorage:Storage Directory /tmp/workdir/hadoop-ozone/integration-test/target/test-dir/MiniOzoneClusterImpl-5bfc6e0b-967d-4665-bd73-027a5ac739b6/datanode-6/data/ratis/a3445d1b-f12a-43dd-a60c-a2cbf7e55b6e
2019-07-13 19:13:57,635 INFO  server.RaftServerConfigKeys (ConfUtils.java:logGet(43)) - raft.server.log.queue.byte-limit = 2147483647 (custom)
2019-07-13 19:13:57,635 INFO  server.RaftServerConfigKeys (ConfUtils.java:logGet(43)) - raft.server.log.queue.element-limit = 1024 (custom)
2019-07-13 19:13:57,636 INFO  server.RaftServerConfigKeys (ConfUtils.java:logGet(43)) - raft.server.log.segment.size.max = 1048576 (custom)
2019-07-13 19:13:57,636 INFO  server.RaftServerConfigKeys (ConfUtils.java:logGet(43)) - raft.server.log.preallocated.size = 16384 (custom)
2019-07-13 19:13:57,636 INFO  server.RaftServerConfigKeys (ConfUtils.java:logGet(43)) - raft.server.log.write.buffer.size = 33554432 (custom)
2019-07-13 19:13:57,636 INFO  server.RaftServerConfigKeys (ConfUtils.java:logGet(43)) - raft.server.log.force.sync.num = 128 (default)
2019-07-13 19:13:57,636 INFO  server.RaftServerConfigKeys (ConfUtils.java:logGet(43)) - raft.server.log.statemachine.data.sync = true (default)
2019-07-13 19:13:57,637 INFO  server.RaftServerConfigKeys (ConfUtils.java:logGet(43)) - raft.server.log.statemachine.data.sync.timeout = 10s (default)
2019-07-13 19:13:57,637 INFO  server.RaftServerConfigKeys (ConfUtils.java:logGet(43)) - raft.server.log.statemachine.data.sync.timeout.retry = -1 (default)
2019-07-13 19:13:57,637 INFO  server.RaftServerConfigKeys (ConfUtils.java:logGet(43)) - raft.server.log.statemachine.data.caching.enabled = true (custom)
2019-07-13 19:13:57,638 INFO  segmented.SegmentedRaftLogWorker (SegmentedRaftLogWorker.java:lambda$new$0(132)) - e12f3e19-727c-46e4-8b5e-ac543c0d4164-SegmentedRaftLogWorker:Storage Directory /tmp/workdir/hadoop-ozone/integration-test/target/test-dir/MiniOzoneClusterImpl-5bfc6e0b-967d-4665-bd73-027a5ac739b6/datanode-6/data/ratis/a3445d1b-f12a-43dd-a60c-a2cbf7e55b6e: flushIndex: setUnconditionally 0 -> -1
2019-07-13 19:13:57,638 INFO  server.RaftServerConfigKeys (ConfUtils.java:logGet(43)) - raft.server.snapshot.auto.trigger.enabled = true (custom)
2019-07-13 19:13:57,638 INFO  server.RaftServerConfigKeys (ConfUtils.java:logGet(43)) - raft.server.snapshot.auto.trigger.threshold = 10000 (custom)
2019-07-13 19:13:57,638 INFO  server.RaftServerConfigKeys (ConfUtils.java:logGet(43)) - raft.server.retrycache.expirytime = 600000ms (custom)
2019-07-13 19:13:57,639 INFO  impl.RaftServerImpl (RaftServerImpl.java:start(180)) - e12f3e19-727c-46e4-8b5e-ac543c0d4164: start group-A2CBF7E55B6E
2019-07-13 19:13:57,639 INFO  impl.RaftServerImpl (RaftServerImpl.java:setRole(171)) - e12f3e19-727c-46e4-8b5e-ac543c0d4164:group-A2CBF7E55B6E changes role from null to FOLLOWER at term 0 for startAsFollower
2019-07-13 19:13:57,639 INFO  impl.RoleInfo (RoleInfo.java:updateAndGet(143)) - e12f3e19-727c-46e4-8b5e-ac543c0d4164: start FollowerState
2019-07-13 19:13:57,640 INFO  util.JmxRegister (JmxRegister.java:tryRegister(44)) - Successfully registered JMX Bean with object name Ratis:service=RaftServer,group=group-A2CBF7E55B6E,id=e12f3e19-727c-46e4-8b5e-ac543c0d4164
2019-07-13 19:13:57,653 INFO  pipeline.PipelineStateManager (PipelineStateManager.java:addPipeline(56)) - Created pipeline Pipeline[ Id: a3445d1b-f12a-43dd-a60c-a2cbf7e55b6e, Nodes: e12f3e19-727c-46e4-8b5e-ac543c0d4164{ip: 192.168.69.122, host: trunk-nightly-fxqsz-774976932, networkLocation: /default-rack, certSerialId: null}, Type:RATIS, Factor:ONE, State:OPEN]
2019-07-13 19:13:57,672 INFO  impl.RaftServerProxy (RaftServerProxy.java:addNew(89)) - 9ddde0e9-7d2b-4d00-a9cd-342c5cb1a881: addNew group-9CE9C7DEC77B:[9ddde0e9-7d2b-4d00-a9cd-342c5cb1a881:192.168.69.122:38131] returns group-9CE9C7DEC77B:java.util.concurrent.CompletableFuture@1e07e61f[Not completed]
2019-07-13 19:13:57,674 INFO  impl.RaftServerImpl (RaftServerImpl.java:<init>(93)) - 9ddde0e9-7d2b-4d00-a9cd-342c5cb1a881: new RaftServerImpl for group-9CE9C7DEC77B:[9ddde0e9-7d2b-4d00-a9cd-342c5cb1a881:192.168.69.122:38131] with ContainerStateMachine:uninitialized
2019-07-13 19:13:57,675 INFO  server.RaftServerConfigKeys (ConfUtils.java:logGet(43)) - raft.server.rpc.timeout.min = 5s (custom)
2019-07-13 19:13:57,675 INFO  server.RaftServerConfigKeys (ConfUtils.java:logGet(43)) - raft.server.rpc.timeout.max = 5200ms (custom)
2019-07-13 19:13:57,675 INFO  server.RaftServerConfigKeys (ConfUtils.java:logGet(43)) - raft.server.rpcslowness.timeout = 120s (custom)
2019-07-13 19:13:57,675 INFO  server.RaftServerConfigKeys (ConfUtils.java:logGet(43)) - raft.server.sleep.deviation.threshold = 300 (default)
2019-07-13 19:13:57,675 INFO  server.RaftServerConfigKeys (ConfUtils.java:logGet(43)) - raft.server.log.appender.install.snapshot.enabled = false (custom)
2019-07-13 19:13:57,675 INFO  impl.RaftServerImpl (ServerState.java:<init>(105)) - 9ddde0e9-7d2b-4d00-a9cd-342c5cb1a881:group-9CE9C7DEC77B ConfigurationManager, init=-1: [9ddde0e9-7d2b-4d00-a9cd-342c5cb1a881:192.168.69.122:38131], old=null, confs=<EMPTY_MAP>
2019-07-13 19:13:57,676 INFO  server.RaftServerConfigKeys (ConfUtils.java:logGet(43)) - raft.server.storage.dir = [/tmp/workdir/hadoop-ozone/integration-test/target/test-dir/MiniOzoneClusterImpl-5bfc6e0b-967d-4665-bd73-027a5ac739b6/datanode-5/data/ratis] (custom)
2019-07-13 19:13:57,676 INFO  storage.RaftStorageDirectory (RaftStorageDirectory.java:analyzeStorage(246)) - The storage directory /tmp/workdir/hadoop-ozone/integration-test/target/test-dir/MiniOzoneClusterImpl-5bfc6e0b-967d-4665-bd73-027a5ac739b6/datanode-5/data/ratis/a1e1e5d6-d05c-4882-9805-9ce9c7dec77b does not exist. Creating ...
2019-07-13 19:13:57,690 INFO  storage.RaftStorageDirectory (RaftStorageDirectory.java:tryLock(328)) - Lock on /tmp/workdir/hadoop-ozone/integration-test/target/test-dir/MiniOzoneClusterImpl-5bfc6e0b-967d-4665-bd73-027a5ac739b6/datanode-5/data/ratis/a1e1e5d6-d05c-4882-9805-9ce9c7dec77b/in_use.lock acquired by nodename 22884@trunk-nightly-fxqsz-774976932
2019-07-13 19:13:57,704 INFO  storage.RaftStorage (RaftStorage.java:format(72)) - Storage directory /tmp/workdir/hadoop-ozone/integration-test/target/test-dir/MiniOzoneClusterImpl-5bfc6e0b-967d-4665-bd73-027a5ac739b6/datanode-5/data/ratis/a1e1e5d6-d05c-4882-9805-9ce9c7dec77b has been successfully formatted.
2019-07-13 19:13:57,704 INFO  ratis.ContainerStateMachine (ContainerStateMachine.java:loadSnapshot(200)) - The snapshot info is null.Setting the last applied index to:(t:0, i:~)
2019-07-13 19:13:57,704 INFO  server.RaftServerConfigKeys (ConfUtils.java:logGet(43)) - raft.server.leader.election.timeout = 120s (custom)
2019-07-13 19:13:57,704 INFO  server.RaftServerConfigKeys (ConfUtils.java:logGet(43)) - raft.server.log.use.memory = false (default)
2019-07-13 19:13:57,705 INFO  server.RaftServerConfigKeys (ConfUtils.java:logGet(43)) - raft.server.log.purge.gap = 1000000000 (custom)
2019-07-13 19:13:57,705 INFO  server.RaftServerConfigKeys (ConfUtils.java:logGet(43)) - raft.server.log.appender.buffer.byte-limit = 33554432 (custom)
2019-07-13 19:13:57,705 INFO  server.RaftServerConfigKeys (ConfUtils.java:logGet(43)) - raft.server.log.segment.size.max = 1048576 (custom)
2019-07-13 19:13:57,705 INFO  server.RaftServerConfigKeys (ConfUtils.java:logGet(43)) - raft.server.log.segment.cache.num.max = 2 (custom)
2019-07-13 19:13:57,705 INFO  segmented.SegmentedRaftLogWorker (SegmentedRaftLogWorker.java:<init>(172)) - new 9ddde0e9-7d2b-4d00-a9cd-342c5cb1a881-SegmentedRaftLogWorker:Storage Directory /tmp/workdir/hadoop-ozone/integration-test/target/test-dir/MiniOzoneClusterImpl-5bfc6e0b-967d-4665-bd73-027a5ac739b6/datanode-5/data/ratis/a1e1e5d6-d05c-4882-9805-9ce9c7dec77b for RaftStorage:Storage Directory /tmp/workdir/hadoop-ozone/integration-test/target/test-dir/MiniOzoneClusterImpl-5bfc6e0b-967d-4665-bd73-027a5ac739b6/datanode-5/data/ratis/a1e1e5d6-d05c-4882-9805-9ce9c7dec77b
2019-07-13 19:13:57,706 INFO  server.RaftServerConfigKeys (ConfUtils.java:logGet(43)) - raft.server.log.queue.byte-limit = 2147483647 (custom)
2019-07-13 19:13:57,706 INFO  server.RaftServerConfigKeys (ConfUtils.java:logGet(43)) - raft.server.log.queue.element-limit = 1024 (custom)
2019-07-13 19:13:57,706 INFO  server.RaftServerConfigKeys (ConfUtils.java:logGet(43)) - raft.server.log.segment.size.max = 1048576 (custom)
2019-07-13 19:13:57,706 INFO  server.RaftServerConfigKeys (ConfUtils.java:logGet(43)) - raft.server.log.preallocated.size = 16384 (custom)
2019-07-13 19:13:57,706 INFO  server.RaftServerConfigKeys (ConfUtils.java:logGet(43)) - raft.server.log.write.buffer.size = 33554432 (custom)
2019-07-13 19:13:57,707 INFO  server.RaftServerConfigKeys (ConfUtils.java:logGet(43)) - raft.server.log.force.sync.num = 128 (default)
2019-07-13 19:13:57,707 INFO  server.RaftServerConfigKeys (ConfUtils.java:logGet(43)) - raft.server.log.statemachine.data.sync = true (default)
2019-07-13 19:13:57,707 INFO  server.RaftServerConfigKeys (ConfUtils.java:logGet(43)) - raft.server.log.statemachine.data.sync.timeout = 10s (default)
2019-07-13 19:13:57,707 INFO  server.RaftServerConfigKeys (ConfUtils.java:logGet(43)) - raft.server.log.statemachine.data.sync.timeout.retry = -1 (default)
2019-07-13 19:13:57,708 INFO  server.RaftServerConfigKeys (ConfUtils.java:logGet(43)) - raft.server.log.statemachine.data.caching.enabled = true (custom)
2019-07-13 19:13:57,708 INFO  segmented.SegmentedRaftLogWorker (SegmentedRaftLogWorker.java:lambda$new$0(132)) - 9ddde0e9-7d2b-4d00-a9cd-342c5cb1a881-SegmentedRaftLogWorker:Storage Directory /tmp/workdir/hadoop-ozone/integration-test/target/test-dir/MiniOzoneClusterImpl-5bfc6e0b-967d-4665-bd73-027a5ac739b6/datanode-5/data/ratis/a1e1e5d6-d05c-4882-9805-9ce9c7dec77b: flushIndex: setUnconditionally 0 -> -1
2019-07-13 19:13:57,708 INFO  server.RaftServerConfigKeys (ConfUtils.java:logGet(43)) - raft.server.snapshot.auto.trigger.enabled = true (custom)
2019-07-13 19:13:57,709 INFO  server.RaftServerConfigKeys (ConfUtils.java:logGet(43)) - raft.server.snapshot.auto.trigger.threshold = 10000 (custom)
2019-07-13 19:13:57,709 INFO  server.RaftServerConfigKeys (ConfUtils.java:logGet(43)) - raft.server.retrycache.expirytime = 600000ms (custom)
2019-07-13 19:13:57,709 INFO  impl.RaftServerImpl (RaftServerImpl.java:start(180)) - 9ddde0e9-7d2b-4d00-a9cd-342c5cb1a881: start group-9CE9C7DEC77B
2019-07-13 19:13:57,709 INFO  impl.RaftServerImpl (RaftServerImpl.java:setRole(171)) - 9ddde0e9-7d2b-4d00-a9cd-342c5cb1a881:group-9CE9C7DEC77B changes role from null to FOLLOWER at term 0 for startAsFollower
2019-07-13 19:13:57,710 INFO  impl.RoleInfo (RoleInfo.java:updateAndGet(143)) - 9ddde0e9-7d2b-4d00-a9cd-342c5cb1a881: start FollowerState
2019-07-13 19:13:57,710 INFO  util.JmxRegister (JmxRegister.java:tryRegister(44)) - Successfully registered JMX Bean with object name Ratis:service=RaftServer,group=group-9CE9C7DEC77B,id=9ddde0e9-7d2b-4d00-a9cd-342c5cb1a881
2019-07-13 19:13:57,730 INFO  pipeline.PipelineStateManager (PipelineStateManager.java:addPipeline(56)) - Created pipeline Pipeline[ Id: a1e1e5d6-d05c-4882-9805-9ce9c7dec77b, Nodes: 9ddde0e9-7d2b-4d00-a9cd-342c5cb1a881{ip: 192.168.69.122, host: trunk-nightly-fxqsz-774976932, networkLocation: /default-rack, certSerialId: null}, Type:RATIS, Factor:ONE, State:OPEN]
2019-07-13 19:13:57,776 INFO  impl.RaftServerProxy (RaftServerProxy.java:addNew(89)) - 90d95711-f8eb-4c5d-a305-ad1e3a715ae6: addNew group-93EB25F1631D:[90d95711-f8eb-4c5d-a305-ad1e3a715ae6:192.168.69.122:46336, 1ebbbf85-280c-4818-995a-ec41fe3171d4:192.168.69.122:43657, 1f5c7cff-78d9-439f-b565-061acdcd80d7:192.168.69.122:39521] returns group-93EB25F1631D:java.util.concurrent.CompletableFuture@1030f3b5[Not completed]
2019-07-13 19:13:57,776 INFO  impl.RaftServerProxy (RaftServerProxy.java:addNew(89)) - 1ebbbf85-280c-4818-995a-ec41fe3171d4: addNew group-93EB25F1631D:[90d95711-f8eb-4c5d-a305-ad1e3a715ae6:192.168.69.122:46336, 1ebbbf85-280c-4818-995a-ec41fe3171d4:192.168.69.122:43657, 1f5c7cff-78d9-439f-b565-061acdcd80d7:192.168.69.122:39521] returns group-93EB25F1631D:java.util.concurrent.CompletableFuture@58de0fab[Not completed]
2019-07-13 19:13:57,776 INFO  impl.RaftServerProxy (RaftServerProxy.java:addNew(89)) - 1f5c7cff-78d9-439f-b565-061acdcd80d7: addNew group-93EB25F1631D:[90d95711-f8eb-4c5d-a305-ad1e3a715ae6:192.168.69.122:46336, 1ebbbf85-280c-4818-995a-ec41fe3171d4:192.168.69.122:43657, 1f5c7cff-78d9-439f-b565-061acdcd80d7:192.168.69.122:39521] returns group-93EB25F1631D:java.util.concurrent.CompletableFuture@2a48b564[Not completed]
2019-07-13 19:13:57,778 INFO  impl.RaftServerImpl (RaftServerImpl.java:<init>(93)) - 90d95711-f8eb-4c5d-a305-ad1e3a715ae6: new RaftServerImpl for group-93EB25F1631D:[90d95711-f8eb-4c5d-a305-ad1e3a715ae6:192.168.69.122:46336, 1ebbbf85-280c-4818-995a-ec41fe3171d4:192.168.69.122:43657, 1f5c7cff-78d9-439f-b565-061acdcd80d7:192.168.69.122:39521] with ContainerStateMachine:uninitialized
2019-07-13 19:13:57,778 INFO  server.RaftServerConfigKeys (ConfUtils.java:logGet(43)) - raft.server.rpc.timeout.min = 5s (custom)
2019-07-13 19:13:57,779 INFO  server.RaftServerConfigKeys (ConfUtils.java:logGet(43)) - raft.server.rpc.timeout.max = 5200ms (custom)
2019-07-13 19:13:57,779 INFO  server.RaftServerConfigKeys (ConfUtils.java:logGet(43)) - raft.server.rpcslowness.timeout = 120s (custom)
2019-07-13 19:13:57,779 INFO  server.RaftServerConfigKeys (ConfUtils.java:logGet(43)) - raft.server.sleep.deviation.threshold = 300 (default)
2019-07-13 19:13:57,779 INFO  impl.RaftServerImpl (RaftServerImpl.java:<init>(93)) - 1f5c7cff-78d9-439f-b565-061acdcd80d7: new RaftServerImpl for group-93EB25F1631D:[90d95711-f8eb-4c5d-a305-ad1e3a715ae6:192.168.69.122:46336, 1ebbbf85-280c-4818-995a-ec41fe3171d4:192.168.69.122:43657, 1f5c7cff-78d9-439f-b565-061acdcd80d7:192.168.69.122:39521] with ContainerStateMachine:uninitialized
2019-07-13 19:13:57,780 INFO  server.RaftServerConfigKeys (ConfUtils.java:logGet(43)) - raft.server.log.appender.install.snapshot.enabled = false (custom)
2019-07-13 19:13:57,780 INFO  server.RaftServerConfigKeys (ConfUtils.java:logGet(43)) - raft.server.rpc.timeout.min = 5s (custom)
2019-07-13 19:13:57,780 INFO  impl.RaftServerImpl (ServerState.java:<init>(105)) - 90d95711-f8eb-4c5d-a305-ad1e3a715ae6:group-93EB25F1631D ConfigurationManager, init=-1: [90d95711-f8eb-4c5d-a305-ad1e3a715ae6:192.168.69.122:46336, 1ebbbf85-280c-4818-995a-ec41fe3171d4:192.168.69.122:43657, 1f5c7cff-78d9-439f-b565-061acdcd80d7:192.168.69.122:39521], old=null, confs=<EMPTY_MAP>
2019-07-13 19:13:57,780 INFO  impl.RaftServerImpl (RaftServerImpl.java:<init>(93)) - 1ebbbf85-280c-4818-995a-ec41fe3171d4: new RaftServerImpl for group-93EB25F1631D:[90d95711-f8eb-4c5d-a305-ad1e3a715ae6:192.168.69.122:46336, 1ebbbf85-280c-4818-995a-ec41fe3171d4:192.168.69.122:43657, 1f5c7cff-78d9-439f-b565-061acdcd80d7:192.168.69.122:39521] with ContainerStateMachine:uninitialized
2019-07-13 19:13:57,780 INFO  server.RaftServerConfigKeys (ConfUtils.java:logGet(43)) - raft.server.rpc.timeout.max = 5200ms (custom)
2019-07-13 19:13:57,780 INFO  server.RaftServerConfigKeys (ConfUtils.java:logGet(43)) - raft.server.storage.dir = [/tmp/workdir/hadoop-ozone/integration-test/target/test-dir/MiniOzoneClusterImpl-5bfc6e0b-967d-4665-bd73-027a5ac739b6/datanode-4/data/ratis] (custom)
2019-07-13 19:13:57,780 INFO  server.RaftServerConfigKeys (ConfUtils.java:logGet(43)) - raft.server.rpc.timeout.min = 5s (custom)
2019-07-13 19:13:57,781 INFO  server.RaftServerConfigKeys (ConfUtils.java:logGet(43)) - raft.server.rpcslowness.timeout = 120s (custom)
2019-07-13 19:13:57,781 INFO  server.RaftServerConfigKeys (ConfUtils.java:logGet(43)) - raft.server.rpc.timeout.max = 5200ms (custom)
2019-07-13 19:13:57,781 INFO  server.RaftServerConfigKeys (ConfUtils.java:logGet(43)) - raft.server.sleep.deviation.threshold = 300 (default)
2019-07-13 19:13:57,781 INFO  storage.RaftStorageDirectory (RaftStorageDirectory.java:analyzeStorage(246)) - The storage directory /tmp/workdir/hadoop-ozone/integration-test/target/test-dir/MiniOzoneClusterImpl-5bfc6e0b-967d-4665-bd73-027a5ac739b6/datanode-4/data/ratis/059cd7fd-d0d8-4489-80f6-93eb25f1631d does not exist. Creating ...
2019-07-13 19:13:57,781 INFO  server.RaftServerConfigKeys (ConfUtils.java:logGet(43)) - raft.server.rpcslowness.timeout = 120s (custom)
2019-07-13 19:13:57,781 INFO  server.RaftServerConfigKeys (ConfUtils.java:logGet(43)) - raft.server.log.appender.install.snapshot.enabled = false (custom)
2019-07-13 19:13:57,782 INFO  server.RaftServerConfigKeys (ConfUtils.java:logGet(43)) - raft.server.sleep.deviation.threshold = 300 (default)
2019-07-13 19:13:57,782 INFO  impl.RaftServerImpl (ServerState.java:<init>(105)) - 1f5c7cff-78d9-439f-b565-061acdcd80d7:group-93EB25F1631D ConfigurationManager, init=-1: [90d95711-f8eb-4c5d-a305-ad1e3a715ae6:192.168.69.122:46336, 1ebbbf85-280c-4818-995a-ec41fe3171d4:192.168.69.122:43657, 1f5c7cff-78d9-439f-b565-061acdcd80d7:192.168.69.122:39521], old=null, confs=<EMPTY_MAP>
2019-07-13 19:13:57,782 INFO  server.RaftServerConfigKeys (ConfUtils.java:logGet(43)) - raft.server.log.appender.install.snapshot.enabled = false (custom)
2019-07-13 19:13:57,782 INFO  server.RaftServerConfigKeys (ConfUtils.java:logGet(43)) - raft.server.storage.dir = [/tmp/workdir/hadoop-ozone/integration-test/target/test-dir/MiniOzoneClusterImpl-5bfc6e0b-967d-4665-bd73-027a5ac739b6/datanode-1/data/ratis] (custom)
2019-07-13 19:13:57,782 INFO  impl.RaftServerImpl (ServerState.java:<init>(105)) - 1ebbbf85-280c-4818-995a-ec41fe3171d4:group-93EB25F1631D ConfigurationManager, init=-1: [90d95711-f8eb-4c5d-a305-ad1e3a715ae6:192.168.69.122:46336, 1ebbbf85-280c-4818-995a-ec41fe3171d4:192.168.69.122:43657, 1f5c7cff-78d9-439f-b565-061acdcd80d7:192.168.69.122:39521], old=null, confs=<EMPTY_MAP>
2019-07-13 19:13:57,783 INFO  server.RaftServerConfigKeys (ConfUtils.java:logGet(43)) - raft.server.storage.dir = [/tmp/workdir/hadoop-ozone/integration-test/target/test-dir/MiniOzoneClusterImpl-5bfc6e0b-967d-4665-bd73-027a5ac739b6/datanode-0/data/ratis] (custom)
2019-07-13 19:13:57,783 INFO  storage.RaftStorageDirectory (RaftStorageDirectory.java:analyzeStorage(246)) - The storage directory /tmp/workdir/hadoop-ozone/integration-test/target/test-dir/MiniOzoneClusterImpl-5bfc6e0b-967d-4665-bd73-027a5ac739b6/datanode-1/data/ratis/059cd7fd-d0d8-4489-80f6-93eb25f1631d does not exist. Creating ...
2019-07-13 19:13:57,783 INFO  storage.RaftStorageDirectory (RaftStorageDirectory.java:analyzeStorage(246)) - The storage directory /tmp/workdir/hadoop-ozone/integration-test/target/test-dir/MiniOzoneClusterImpl-5bfc6e0b-967d-4665-bd73-027a5ac739b6/datanode-0/data/ratis/059cd7fd-d0d8-4489-80f6-93eb25f1631d does not exist. Creating ...
2019-07-13 19:13:57,795 INFO  storage.RaftStorageDirectory (RaftStorageDirectory.java:tryLock(328)) - Lock on /tmp/workdir/hadoop-ozone/integration-test/target/test-dir/MiniOzoneClusterImpl-5bfc6e0b-967d-4665-bd73-027a5ac739b6/datanode-1/data/ratis/059cd7fd-d0d8-4489-80f6-93eb25f1631d/in_use.lock acquired by nodename 22884@trunk-nightly-fxqsz-774976932
2019-07-13 19:13:57,795 INFO  storage.RaftStorageDirectory (RaftStorageDirectory.java:tryLock(328)) - Lock on /tmp/workdir/hadoop-ozone/integration-test/target/test-dir/MiniOzoneClusterImpl-5bfc6e0b-967d-4665-bd73-027a5ac739b6/datanode-4/data/ratis/059cd7fd-d0d8-4489-80f6-93eb25f1631d/in_use.lock acquired by nodename 22884@trunk-nightly-fxqsz-774976932
2019-07-13 19:13:57,795 INFO  storage.RaftStorageDirectory (RaftStorageDirectory.java:tryLock(328)) - Lock on /tmp/workdir/hadoop-ozone/integration-test/target/test-dir/MiniOzoneClusterImpl-5bfc6e0b-967d-4665-bd73-027a5ac739b6/datanode-0/data/ratis/059cd7fd-d0d8-4489-80f6-93eb25f1631d/in_use.lock acquired by nodename 22884@trunk-nightly-fxqsz-774976932
2019-07-13 19:13:57,815 INFO  storage.RaftStorage (RaftStorage.java:format(72)) - Storage directory /tmp/workdir/hadoop-ozone/integration-test/target/test-dir/MiniOzoneClusterImpl-5bfc6e0b-967d-4665-bd73-027a5ac739b6/datanode-4/data/ratis/059cd7fd-d0d8-4489-80f6-93eb25f1631d has been successfully formatted.
2019-07-13 19:13:57,815 INFO  storage.RaftStorage (RaftStorage.java:format(72)) - Storage directory /tmp/workdir/hadoop-ozone/integration-test/target/test-dir/MiniOzoneClusterImpl-5bfc6e0b-967d-4665-bd73-027a5ac739b6/datanode-0/data/ratis/059cd7fd-d0d8-4489-80f6-93eb25f1631d has been successfully formatted.
2019-07-13 19:13:57,815 INFO  storage.RaftStorage (RaftStorage.java:format(72)) - Storage directory /tmp/workdir/hadoop-ozone/integration-test/target/test-dir/MiniOzoneClusterImpl-5bfc6e0b-967d-4665-bd73-027a5ac739b6/datanode-1/data/ratis/059cd7fd-d0d8-4489-80f6-93eb25f1631d has been successfully formatted.
2019-07-13 19:13:57,816 INFO  ratis.ContainerStateMachine (ContainerStateMachine.java:loadSnapshot(200)) - The snapshot info is null.Setting the last applied index to:(t:0, i:~)
2019-07-13 19:13:57,816 INFO  ratis.ContainerStateMachine (ContainerStateMachine.java:loadSnapshot(200)) - The snapshot info is null.Setting the last applied index to:(t:0, i:~)
2019-07-13 19:13:57,816 INFO  server.RaftServerConfigKeys (ConfUtils.java:logGet(43)) - raft.server.leader.election.timeout = 120s (custom)
2019-07-13 19:13:57,816 INFO  ratis.ContainerStateMachine (ContainerStateMachine.java:loadSnapshot(200)) - The snapshot info is null.Setting the last applied index to:(t:0, i:~)
2019-07-13 19:13:57,816 INFO  server.RaftServerConfigKeys (ConfUtils.java:logGet(43)) - raft.server.log.use.memory = false (default)
2019-07-13 19:13:57,816 INFO  server.RaftServerConfigKeys (ConfUtils.java:logGet(43)) - raft.server.leader.election.timeout = 120s (custom)
2019-07-13 19:13:57,817 INFO  server.RaftServerConfigKeys (ConfUtils.java:logGet(43)) - raft.server.log.purge.gap = 1000000000 (custom)
2019-07-13 19:13:57,817 INFO  server.RaftServerConfigKeys (ConfUtils.java:logGet(43)) - raft.server.leader.election.timeout = 120s (custom)
2019-07-13 19:13:57,817 INFO  server.RaftServerConfigKeys (ConfUtils.java:logGet(43)) - raft.server.log.appender.buffer.byte-limit = 33554432 (custom)
2019-07-13 19:13:57,817 INFO  server.RaftServerConfigKeys (ConfUtils.java:logGet(43)) - raft.server.log.use.memory = false (default)
2019-07-13 19:13:57,818 INFO  server.RaftServerConfigKeys (ConfUtils.java:logGet(43)) - raft.server.log.segment.size.max = 1048576 (custom)
2019-07-13 19:13:57,817 INFO  server.RaftServerConfigKeys (ConfUtils.java:logGet(43)) - raft.server.log.use.memory = false (default)
2019-07-13 19:13:57,818 INFO  server.RaftServerConfigKeys (ConfUtils.java:logGet(43)) - raft.server.log.segment.cache.num.max = 2 (custom)
2019-07-13 19:13:57,818 INFO  server.RaftServerConfigKeys (ConfUtils.java:logGet(43)) - raft.server.log.purge.gap = 1000000000 (custom)
2019-07-13 19:13:57,818 INFO  segmented.SegmentedRaftLogWorker (SegmentedRaftLogWorker.java:<init>(172)) - new 90d95711-f8eb-4c5d-a305-ad1e3a715ae6-SegmentedRaftLogWorker:Storage Directory /tmp/workdir/hadoop-ozone/integration-test/target/test-dir/MiniOzoneClusterImpl-5bfc6e0b-967d-4665-bd73-027a5ac739b6/datanode-4/data/ratis/059cd7fd-d0d8-4489-80f6-93eb25f1631d for RaftStorage:Storage Directory /tmp/workdir/hadoop-ozone/integration-test/target/test-dir/MiniOzoneClusterImpl-5bfc6e0b-967d-4665-bd73-027a5ac739b6/datanode-4/data/ratis/059cd7fd-d0d8-4489-80f6-93eb25f1631d
2019-07-13 19:13:57,818 INFO  server.RaftServerConfigKeys (ConfUtils.java:logGet(43)) - raft.server.log.purge.gap = 1000000000 (custom)
2019-07-13 19:13:57,819 INFO  server.RaftServerConfigKeys (ConfUtils.java:logGet(43)) - raft.server.log.queue.byte-limit = 2147483647 (custom)
2019-07-13 19:13:57,818 INFO  server.RaftServerConfigKeys (ConfUtils.java:logGet(43)) - raft.server.log.appender.buffer.byte-limit = 33554432 (custom)
2019-07-13 19:13:57,821 INFO  server.RaftServerConfigKeys (ConfUtils.java:logGet(43)) - raft.server.log.queue.element-limit = 1024 (custom)
2019-07-13 19:13:57,819 INFO  server.RaftServerConfigKeys (ConfUtils.java:logGet(43)) - raft.server.log.appender.buffer.byte-limit = 33554432 (custom)
2019-07-13 19:13:57,821 INFO  server.RaftServerConfigKeys (ConfUtils.java:logGet(43)) - raft.server.log.segment.size.max = 1048576 (custom)
2019-07-13 19:13:57,821 INFO  server.RaftServerConfigKeys (ConfUtils.java:logGet(43)) - raft.server.log.segment.size.max = 1048576 (custom)
2019-07-13 19:13:57,822 INFO  server.RaftServerConfigKeys (ConfUtils.java:logGet(43)) - raft.server.log.preallocated.size = 16384 (custom)
2019-07-13 19:13:57,822 INFO  server.RaftServerConfigKeys (ConfUtils.java:logGet(43)) - raft.server.log.segment.size.max = 1048576 (custom)
2019-07-13 19:13:57,822 INFO  server.RaftServerConfigKeys (ConfUtils.java:logGet(43)) - raft.server.log.write.buffer.size = 33554432 (custom)
2019-07-13 19:13:57,822 INFO  server.RaftServerConfigKeys (ConfUtils.java:logGet(43)) - raft.server.log.segment.cache.num.max = 2 (custom)
2019-07-13 19:13:57,822 INFO  server.RaftServerConfigKeys (ConfUtils.java:logGet(43)) - raft.server.log.force.sync.num = 128 (default)
2019-07-13 19:13:57,822 INFO  server.RaftServerConfigKeys (ConfUtils.java:logGet(43)) - raft.server.log.segment.cache.num.max = 2 (custom)
2019-07-13 19:13:57,823 INFO  server.RaftServerConfigKeys (ConfUtils.java:logGet(43)) - raft.server.log.statemachine.data.sync = true (default)
2019-07-13 19:13:57,823 INFO  segmented.SegmentedRaftLogWorker (SegmentedRaftLogWorker.java:<init>(172)) - new 1ebbbf85-280c-4818-995a-ec41fe3171d4-SegmentedRaftLogWorker:Storage Directory /tmp/workdir/hadoop-ozone/integration-test/target/test-dir/MiniOzoneClusterImpl-5bfc6e0b-967d-4665-bd73-027a5ac739b6/datanode-0/data/ratis/059cd7fd-d0d8-4489-80f6-93eb25f1631d for RaftStorage:Storage Directory /tmp/workdir/hadoop-ozone/integration-test/target/test-dir/MiniOzoneClusterImpl-5bfc6e0b-967d-4665-bd73-027a5ac739b6/datanode-0/data/ratis/059cd7fd-d0d8-4489-80f6-93eb25f1631d
2019-07-13 19:13:57,823 INFO  server.RaftServerConfigKeys (ConfUtils.java:logGet(43)) - raft.server.log.statemachine.data.sync.timeout = 10s (default)
2019-07-13 19:13:57,823 INFO  segmented.SegmentedRaftLogWorker (SegmentedRaftLogWorker.java:<init>(172)) - new 1f5c7cff-78d9-439f-b565-061acdcd80d7-SegmentedRaftLogWorker:Storage Directory /tmp/workdir/hadoop-ozone/integration-test/target/test-dir/MiniOzoneClusterImpl-5bfc6e0b-967d-4665-bd73-027a5ac739b6/datanode-1/data/ratis/059cd7fd-d0d8-4489-80f6-93eb25f1631d for RaftStorage:Storage Directory /tmp/workdir/hadoop-ozone/integration-test/target/test-dir/MiniOzoneClusterImpl-5bfc6e0b-967d-4665-bd73-027a5ac739b6/datanode-1/data/ratis/059cd7fd-d0d8-4489-80f6-93eb25f1631d
2019-07-13 19:13:57,823 INFO  server.RaftServerConfigKeys (ConfUtils.java:logGet(43)) - raft.server.log.statemachine.data.sync.timeout.retry = -1 (default)
2019-07-13 19:13:57,823 INFO  server.RaftServerConfigKeys (ConfUtils.java:logGet(43)) - raft.server.log.queue.byte-limit = 2147483647 (custom)
2019-07-13 19:13:57,827 INFO  server.RaftServerConfigKeys (ConfUtils.java:logGet(43)) - raft.server.log.statemachine.data.caching.enabled = true (custom)
2019-07-13 19:13:57,825 INFO  server.RaftServerConfigKeys (ConfUtils.java:logGet(43)) - raft.server.log.queue.byte-limit = 2147483647 (custom)
2019-07-13 19:13:57,827 INFO  server.RaftServerConfigKeys (ConfUtils.java:logGet(43)) - raft.server.log.queue.element-limit = 1024 (custom)
2019-07-13 19:13:57,828 INFO  segmented.SegmentedRaftLogWorker (SegmentedRaftLogWorker.java:lambda$new$0(132)) - 90d95711-f8eb-4c5d-a305-ad1e3a715ae6-SegmentedRaftLogWorker:Storage Directory /tmp/workdir/hadoop-ozone/integration-test/target/test-dir/MiniOzoneClusterImpl-5bfc6e0b-967d-4665-bd73-027a5ac739b6/datanode-4/data/ratis/059cd7fd-d0d8-4489-80f6-93eb25f1631d: flushIndex: setUnconditionally 0 -> -1
2019-07-13 19:13:57,828 INFO  server.RaftServerConfigKeys (ConfUtils.java:logGet(43)) - raft.server.log.queue.element-limit = 1024 (custom)
2019-07-13 19:13:57,828 INFO  server.RaftServerConfigKeys (ConfUtils.java:logGet(43)) - raft.server.log.segment.size.max = 1048576 (custom)
2019-07-13 19:13:57,828 INFO  server.RaftServerConfigKeys (ConfUtils.java:logGet(43)) - raft.server.log.segment.size.max = 1048576 (custom)
2019-07-13 19:13:57,828 INFO  server.RaftServerConfigKeys (ConfUtils.java:logGet(43)) - raft.server.snapshot.auto.trigger.enabled = true (custom)
2019-07-13 19:13:57,829 INFO  server.RaftServerConfigKeys (ConfUtils.java:logGet(43)) - raft.server.log.preallocated.size = 16384 (custom)
2019-07-13 19:13:57,829 INFO  server.RaftServerConfigKeys (ConfUtils.java:logGet(43)) - raft.server.log.preallocated.size = 16384 (custom)
2019-07-13 19:13:57,829 INFO  server.RaftServerConfigKeys (ConfUtils.java:logGet(43)) - raft.server.log.write.buffer.size = 33554432 (custom)
2019-07-13 19:13:57,829 INFO  server.RaftServerConfigKeys (ConfUtils.java:logGet(43)) - raft.server.snapshot.auto.trigger.threshold = 10000 (custom)
2019-07-13 19:13:57,829 INFO  server.RaftServerConfigKeys (ConfUtils.java:logGet(43)) - raft.server.log.force.sync.num = 128 (default)
2019-07-13 19:13:57,830 INFO  server.RaftServerConfigKeys (ConfUtils.java:logGet(43)) - raft.server.retrycache.expirytime = 600000ms (custom)
2019-07-13 19:13:57,829 INFO  server.RaftServerConfigKeys (ConfUtils.java:logGet(43)) - raft.server.log.write.buffer.size = 33554432 (custom)
2019-07-13 19:13:57,830 INFO  server.RaftServerConfigKeys (ConfUtils.java:logGet(43)) - raft.server.log.statemachine.data.sync = true (default)
2019-07-13 19:13:57,830 INFO  server.RaftServerConfigKeys (ConfUtils.java:logGet(43)) - raft.server.log.force.sync.num = 128 (default)
2019-07-13 19:13:57,830 INFO  impl.RaftServerImpl (RaftServerImpl.java:start(180)) - 90d95711-f8eb-4c5d-a305-ad1e3a715ae6: start group-93EB25F1631D
2019-07-13 19:13:57,830 INFO  server.RaftServerConfigKeys (ConfUtils.java:logGet(43)) - raft.server.log.statemachine.data.sync = true (default)
2019-07-13 19:13:57,830 INFO  server.RaftServerConfigKeys (ConfUtils.java:logGet(43)) - raft.server.log.statemachine.data.sync.timeout = 10s (default)
2019-07-13 19:13:57,831 INFO  server.RaftServerConfigKeys (ConfUtils.java:logGet(43)) - raft.server.log.statemachine.data.sync.timeout = 10s (default)
2019-07-13 19:13:57,831 INFO  impl.RaftServerImpl (RaftServerImpl.java:setRole(171)) - 90d95711-f8eb-4c5d-a305-ad1e3a715ae6:group-93EB25F1631D changes role from null to FOLLOWER at term 0 for startAsFollower
2019-07-13 19:13:57,831 INFO  server.RaftServerConfigKeys (ConfUtils.java:logGet(43)) - raft.server.log.statemachine.data.sync.timeout.retry = -1 (default)
2019-07-13 19:13:57,831 INFO  server.RaftServerConfigKeys (ConfUtils.java:logGet(43)) - raft.server.log.statemachine.data.sync.timeout.retry = -1 (default)
2019-07-13 19:13:57,832 INFO  server.RaftServerConfigKeys (ConfUtils.java:logGet(43)) - raft.server.log.statemachine.data.caching.enabled = true (custom)
2019-07-13 19:13:57,832 INFO  server.RaftServerConfigKeys (ConfUtils.java:logGet(43)) - raft.server.log.statemachine.data.caching.enabled = true (custom)
2019-07-13 19:13:57,831 INFO  impl.RoleInfo (RoleInfo.java:updateAndGet(143)) - 90d95711-f8eb-4c5d-a305-ad1e3a715ae6: start FollowerState
2019-07-13 19:13:57,832 INFO  segmented.SegmentedRaftLogWorker (SegmentedRaftLogWorker.java:lambda$new$0(132)) - 1ebbbf85-280c-4818-995a-ec41fe3171d4-SegmentedRaftLogWorker:Storage Directory /tmp/workdir/hadoop-ozone/integration-test/target/test-dir/MiniOzoneClusterImpl-5bfc6e0b-967d-4665-bd73-027a5ac739b6/datanode-0/data/ratis/059cd7fd-d0d8-4489-80f6-93eb25f1631d: flushIndex: setUnconditionally 0 -> -1
2019-07-13 19:13:57,832 INFO  segmented.SegmentedRaftLogWorker (SegmentedRaftLogWorker.java:lambda$new$0(132)) - 1f5c7cff-78d9-439f-b565-061acdcd80d7-SegmentedRaftLogWorker:Storage Directory /tmp/workdir/hadoop-ozone/integration-test/target/test-dir/MiniOzoneClusterImpl-5bfc6e0b-967d-4665-bd73-027a5ac739b6/datanode-1/data/ratis/059cd7fd-d0d8-4489-80f6-93eb25f1631d: flushIndex: setUnconditionally 0 -> -1
2019-07-13 19:13:57,833 INFO  server.RaftServerConfigKeys (ConfUtils.java:logGet(43)) - raft.server.snapshot.auto.trigger.enabled = true (custom)
2019-07-13 19:13:57,833 INFO  util.JmxRegister (JmxRegister.java:tryRegister(44)) - Successfully registered JMX Bean with object name Ratis:service=RaftServer,group=group-93EB25F1631D,id=90d95711-f8eb-4c5d-a305-ad1e3a715ae6
2019-07-13 19:13:57,833 INFO  server.RaftServerConfigKeys (ConfUtils.java:logGet(43)) - raft.server.snapshot.auto.trigger.threshold = 10000 (custom)
2019-07-13 19:13:57,833 INFO  server.RaftServerConfigKeys (ConfUtils.java:logGet(43)) - raft.server.snapshot.auto.trigger.enabled = true (custom)
2019-07-13 19:13:57,833 INFO  server.RaftServerConfigKeys (ConfUtils.java:logGet(43)) - raft.server.retrycache.expirytime = 600000ms (custom)
2019-07-13 19:13:57,834 INFO  server.RaftServerConfigKeys (ConfUtils.java:logGet(43)) - raft.server.snapshot.auto.trigger.threshold = 10000 (custom)
2019-07-13 19:13:57,834 INFO  impl.RaftServerImpl (RaftServerImpl.java:start(180)) - 1ebbbf85-280c-4818-995a-ec41fe3171d4: start group-93EB25F1631D
2019-07-13 19:13:57,834 INFO  server.RaftServerConfigKeys (ConfUtils.java:logGet(43)) - raft.server.retrycache.expirytime = 600000ms (custom)
2019-07-13 19:13:57,834 INFO  impl.RaftServerImpl (RaftServerImpl.java:setRole(171)) - 1ebbbf85-280c-4818-995a-ec41fe3171d4:group-93EB25F1631D changes role from null to FOLLOWER at term 0 for startAsFollower
2019-07-13 19:13:57,834 INFO  impl.RaftServerImpl (RaftServerImpl.java:start(180)) - 1f5c7cff-78d9-439f-b565-061acdcd80d7: start group-93EB25F1631D
2019-07-13 19:13:57,834 INFO  impl.RoleInfo (RoleInfo.java:updateAndGet(143)) - 1ebbbf85-280c-4818-995a-ec41fe3171d4: start FollowerState
2019-07-13 19:13:57,834 INFO  impl.RaftServerImpl (RaftServerImpl.java:setRole(171)) - 1f5c7cff-78d9-439f-b565-061acdcd80d7:group-93EB25F1631D changes role from null to FOLLOWER at term 0 for startAsFollower
2019-07-13 19:13:57,835 INFO  impl.RoleInfo (RoleInfo.java:updateAndGet(143)) - 1f5c7cff-78d9-439f-b565-061acdcd80d7: start FollowerState
2019-07-13 19:13:57,835 INFO  util.JmxRegister (JmxRegister.java:tryRegister(44)) - Successfully registered JMX Bean with object name Ratis:service=RaftServer,group=group-93EB25F1631D,id=1ebbbf85-280c-4818-995a-ec41fe3171d4
2019-07-13 19:13:57,835 INFO  util.JmxRegister (JmxRegister.java:tryRegister(44)) - Successfully registered JMX Bean with object name Ratis:service=RaftServer,group=group-93EB25F1631D,id=1f5c7cff-78d9-439f-b565-061acdcd80d7
2019-07-13 19:13:57,861 INFO  pipeline.PipelineStateManager (PipelineStateManager.java:addPipeline(56)) - Created pipeline Pipeline[ Id: 059cd7fd-d0d8-4489-80f6-93eb25f1631d, Nodes: 1f5c7cff-78d9-439f-b565-061acdcd80d7{ip: 192.168.69.122, host: trunk-nightly-fxqsz-774976932, networkLocation: /default-rack, certSerialId: null}90d95711-f8eb-4c5d-a305-ad1e3a715ae6{ip: 192.168.69.122, host: trunk-nightly-fxqsz-774976932, networkLocation: /default-rack, certSerialId: null}1ebbbf85-280c-4818-995a-ec41fe3171d4{ip: 192.168.69.122, host: trunk-nightly-fxqsz-774976932, networkLocation: /default-rack, certSerialId: null}, Type:RATIS, Factor:THREE, State:OPEN]
2019-07-13 19:13:57,912 INFO  impl.RaftServerProxy (RaftServerProxy.java:addNew(89)) - e12f3e19-727c-46e4-8b5e-ac543c0d4164: addNew group-04BC22F76CA6:[71c4eb8e-be83-4684-9612-b890f30a8959:192.168.69.122:40397, 931197b3-0e30-46fd-be87-7d3c3b9580e5:192.168.69.122:44810, e12f3e19-727c-46e4-8b5e-ac543c0d4164:192.168.69.122:44714] returns group-04BC22F76CA6:java.util.concurrent.CompletableFuture@20b0de14[Not completed]
2019-07-13 19:13:57,912 INFO  impl.RaftServerProxy (RaftServerProxy.java:addNew(89)) - 931197b3-0e30-46fd-be87-7d3c3b9580e5: addNew group-04BC22F76CA6:[71c4eb8e-be83-4684-9612-b890f30a8959:192.168.69.122:40397, 931197b3-0e30-46fd-be87-7d3c3b9580e5:192.168.69.122:44810, e12f3e19-727c-46e4-8b5e-ac543c0d4164:192.168.69.122:44714] returns group-04BC22F76CA6:java.util.concurrent.CompletableFuture@be2cb04[Not completed]
2019-07-13 19:13:57,912 INFO  impl.RaftServerProxy (RaftServerProxy.java:addNew(89)) - 71c4eb8e-be83-4684-9612-b890f30a8959: addNew group-04BC22F76CA6:[71c4eb8e-be83-4684-9612-b890f30a8959:192.168.69.122:40397, 931197b3-0e30-46fd-be87-7d3c3b9580e5:192.168.69.122:44810, e12f3e19-727c-46e4-8b5e-ac543c0d4164:192.168.69.122:44714] returns group-04BC22F76CA6:java.util.concurrent.CompletableFuture@3017e24[Not completed]
2019-07-13 19:13:57,916 INFO  impl.RaftServerImpl (RaftServerImpl.java:<init>(93)) - e12f3e19-727c-46e4-8b5e-ac543c0d4164: new RaftServerImpl for group-04BC22F76CA6:[71c4eb8e-be83-4684-9612-b890f30a8959:192.168.69.122:40397, 931197b3-0e30-46fd-be87-7d3c3b9580e5:192.168.69.122:44810, e12f3e19-727c-46e4-8b5e-ac543c0d4164:192.168.69.122:44714] with ContainerStateMachine:uninitialized
2019-07-13 19:13:57,917 INFO  server.RaftServerConfigKeys (ConfUtils.java:logGet(43)) - raft.server.rpc.timeout.min = 5s (custom)
2019-07-13 19:13:57,917 INFO  server.RaftServerConfigKeys (ConfUtils.java:logGet(43)) - raft.server.rpc.timeout.max = 5200ms (custom)
2019-07-13 19:13:57,917 INFO  server.RaftServerConfigKeys (ConfUtils.java:logGet(43)) - raft.server.rpcslowness.timeout = 120s (custom)
2019-07-13 19:13:57,917 INFO  server.RaftServerConfigKeys (ConfUtils.java:logGet(43)) - raft.server.sleep.deviation.threshold = 300 (default)
2019-07-13 19:13:57,917 INFO  server.RaftServerConfigKeys (ConfUtils.java:logGet(43)) - raft.server.log.appender.install.snapshot.enabled = false (custom)
2019-07-13 19:13:57,917 INFO  impl.RaftServerImpl (RaftServerImpl.java:<init>(93)) - 71c4eb8e-be83-4684-9612-b890f30a8959: new RaftServerImpl for group-04BC22F76CA6:[71c4eb8e-be83-4684-9612-b890f30a8959:192.168.69.122:40397, 931197b3-0e30-46fd-be87-7d3c3b9580e5:192.168.69.122:44810, e12f3e19-727c-46e4-8b5e-ac543c0d4164:192.168.69.122:44714] with ContainerStateMachine:uninitialized
2019-07-13 19:13:57,917 INFO  impl.RaftServerImpl (ServerState.java:<init>(105)) - e12f3e19-727c-46e4-8b5e-ac543c0d4164:group-04BC22F76CA6 ConfigurationManager, init=-1: [71c4eb8e-be83-4684-9612-b890f30a8959:192.168.69.122:40397, 931197b3-0e30-46fd-be87-7d3c3b9580e5:192.168.69.122:44810, e12f3e19-727c-46e4-8b5e-ac543c0d4164:192.168.69.122:44714], old=null, confs=<EMPTY_MAP>
2019-07-13 19:13:57,918 INFO  server.RaftServerConfigKeys (ConfUtils.java:logGet(43)) - raft.server.rpc.timeout.min = 5s (custom)
2019-07-13 19:13:57,918 INFO  server.RaftServerConfigKeys (ConfUtils.java:logGet(43)) - raft.server.storage.dir = [/tmp/workdir/hadoop-ozone/integration-test/target/test-dir/MiniOzoneClusterImpl-5bfc6e0b-967d-4665-bd73-027a5ac739b6/datanode-6/data/ratis] (custom)
2019-07-13 19:13:57,918 INFO  server.RaftServerConfigKeys (ConfUtils.java:logGet(43)) - raft.server.rpc.timeout.max = 5200ms (custom)
2019-07-13 19:13:57,918 INFO  server.RaftServerConfigKeys (ConfUtils.java:logGet(43)) - raft.server.rpcslowness.timeout = 120s (custom)
2019-07-13 19:13:57,918 INFO  storage.RaftStorageDirectory (RaftStorageDirectory.java:analyzeStorage(246)) - The storage directory /tmp/workdir/hadoop-ozone/integration-test/target/test-dir/MiniOzoneClusterImpl-5bfc6e0b-967d-4665-bd73-027a5ac739b6/datanode-6/data/ratis/a54efe3d-c413-4df7-9165-04bc22f76ca6 does not exist. Creating ...
2019-07-13 19:13:57,918 INFO  server.RaftServerConfigKeys (ConfUtils.java:logGet(43)) - raft.server.sleep.deviation.threshold = 300 (default)
2019-07-13 19:13:57,918 INFO  impl.RaftServerImpl (RaftServerImpl.java:<init>(93)) - 931197b3-0e30-46fd-be87-7d3c3b9580e5: new RaftServerImpl for group-04BC22F76CA6:[71c4eb8e-be83-4684-9612-b890f30a8959:192.168.69.122:40397, 931197b3-0e30-46fd-be87-7d3c3b9580e5:192.168.69.122:44810, e12f3e19-727c-46e4-8b5e-ac543c0d4164:192.168.69.122:44714] with ContainerStateMachine:uninitialized
2019-07-13 19:13:57,919 INFO  server.RaftServerConfigKeys (ConfUtils.java:logGet(43)) - raft.server.log.appender.install.snapshot.enabled = false (custom)
2019-07-13 19:13:57,919 INFO  server.RaftServerConfigKeys (ConfUtils.java:logGet(43)) - raft.server.rpc.timeout.min = 5s (custom)
2019-07-13 19:13:57,919 INFO  impl.RaftServerImpl (ServerState.java:<init>(105)) - 71c4eb8e-be83-4684-9612-b890f30a8959:group-04BC22F76CA6 ConfigurationManager, init=-1: [71c4eb8e-be83-4684-9612-b890f30a8959:192.168.69.122:40397, 931197b3-0e30-46fd-be87-7d3c3b9580e5:192.168.69.122:44810, e12f3e19-727c-46e4-8b5e-ac543c0d4164:192.168.69.122:44714], old=null, confs=<EMPTY_MAP>
2019-07-13 19:13:57,919 INFO  server.RaftServerConfigKeys (ConfUtils.java:logGet(43)) - raft.server.rpc.timeout.max = 5200ms (custom)
2019-07-13 19:13:57,919 INFO  server.RaftServerConfigKeys (ConfUtils.java:logGet(43)) - raft.server.storage.dir = [/tmp/workdir/hadoop-ozone/integration-test/target/test-dir/MiniOzoneClusterImpl-5bfc6e0b-967d-4665-bd73-027a5ac739b6/datanode-2/data/ratis] (custom)
2019-07-13 19:13:57,920 INFO  server.RaftServerConfigKeys (ConfUtils.java:logGet(43)) - raft.server.rpcslowness.timeout = 120s (custom)
2019-07-13 19:13:57,920 INFO  server.RaftServerConfigKeys (ConfUtils.java:logGet(43)) - raft.server.sleep.deviation.threshold = 300 (default)
2019-07-13 19:13:57,920 INFO  server.RaftServerConfigKeys (ConfUtils.java:logGet(43)) - raft.server.log.appender.install.snapshot.enabled = false (custom)
2019-07-13 19:13:57,920 INFO  storage.RaftStorageDirectory (RaftStorageDirectory.java:analyzeStorage(246)) - The storage directory /tmp/workdir/hadoop-ozone/integration-test/target/test-dir/MiniOzoneClusterImpl-5bfc6e0b-967d-4665-bd73-027a5ac739b6/datanode-2/data/ratis/a54efe3d-c413-4df7-9165-04bc22f76ca6 does not exist. Creating ...
2019-07-13 19:13:57,920 INFO  impl.RaftServerImpl (ServerState.java:<init>(105)) - 931197b3-0e30-46fd-be87-7d3c3b9580e5:group-04BC22F76CA6 ConfigurationManager, init=-1: [71c4eb8e-be83-4684-9612-b890f30a8959:192.168.69.122:40397, 931197b3-0e30-46fd-be87-7d3c3b9580e5:192.168.69.122:44810, e12f3e19-727c-46e4-8b5e-ac543c0d4164:192.168.69.122:44714], old=null, confs=<EMPTY_MAP>
2019-07-13 19:13:57,921 INFO  server.RaftServerConfigKeys (ConfUtils.java:logGet(43)) - raft.server.storage.dir = [/tmp/workdir/hadoop-ozone/integration-test/target/test-dir/MiniOzoneClusterImpl-5bfc6e0b-967d-4665-bd73-027a5ac739b6/datanode-3/data/ratis] (custom)
2019-07-13 19:13:57,921 INFO  storage.RaftStorageDirectory (RaftStorageDirectory.java:analyzeStorage(246)) - The storage directory /tmp/workdir/hadoop-ozone/integration-test/target/test-dir/MiniOzoneClusterImpl-5bfc6e0b-967d-4665-bd73-027a5ac739b6/datanode-3/data/ratis/a54efe3d-c413-4df7-9165-04bc22f76ca6 does not exist. Creating ...
2019-07-13 19:13:57,932 INFO  storage.RaftStorageDirectory (RaftStorageDirectory.java:tryLock(328)) - Lock on /tmp/workdir/hadoop-ozone/integration-test/target/test-dir/MiniOzoneClusterImpl-5bfc6e0b-967d-4665-bd73-027a5ac739b6/datanode-2/data/ratis/a54efe3d-c413-4df7-9165-04bc22f76ca6/in_use.lock acquired by nodename 22884@trunk-nightly-fxqsz-774976932
2019-07-13 19:13:57,932 INFO  storage.RaftStorageDirectory (RaftStorageDirectory.java:tryLock(328)) - Lock on /tmp/workdir/hadoop-ozone/integration-test/target/test-dir/MiniOzoneClusterImpl-5bfc6e0b-967d-4665-bd73-027a5ac739b6/datanode-6/data/ratis/a54efe3d-c413-4df7-9165-04bc22f76ca6/in_use.lock acquired by nodename 22884@trunk-nightly-fxqsz-774976932
2019-07-13 19:13:57,932 INFO  storage.RaftStorageDirectory (RaftStorageDirectory.java:tryLock(328)) - Lock on /tmp/workdir/hadoop-ozone/integration-test/target/test-dir/MiniOzoneClusterImpl-5bfc6e0b-967d-4665-bd73-027a5ac739b6/datanode-3/data/ratis/a54efe3d-c413-4df7-9165-04bc22f76ca6/in_use.lock acquired by nodename 22884@trunk-nightly-fxqsz-774976932
2019-07-13 19:13:57,946 INFO  storage.RaftStorage (RaftStorage.java:format(72)) - Storage directory /tmp/workdir/hadoop-ozone/integration-test/target/test-dir/MiniOzoneClusterImpl-5bfc6e0b-967d-4665-bd73-027a5ac739b6/datanode-6/data/ratis/a54efe3d-c413-4df7-9165-04bc22f76ca6 has been successfully formatted.
2019-07-13 19:13:57,946 INFO  storage.RaftStorage (RaftStorage.java:format(72)) - Storage directory /tmp/workdir/hadoop-ozone/integration-test/target/test-dir/MiniOzoneClusterImpl-5bfc6e0b-967d-4665-bd73-027a5ac739b6/datanode-2/data/ratis/a54efe3d-c413-4df7-9165-04bc22f76ca6 has been successfully formatted.
2019-07-13 19:13:57,946 INFO  storage.RaftStorage (RaftStorage.java:format(72)) - Storage directory /tmp/workdir/hadoop-ozone/integration-test/target/test-dir/MiniOzoneClusterImpl-5bfc6e0b-967d-4665-bd73-027a5ac739b6/datanode-3/data/ratis/a54efe3d-c413-4df7-9165-04bc22f76ca6 has been successfully formatted.
2019-07-13 19:13:57,946 INFO  ratis.ContainerStateMachine (ContainerStateMachine.java:loadSnapshot(200)) - The snapshot info is null.Setting the last applied index to:(t:0, i:~)
2019-07-13 19:13:57,947 INFO  ratis.ContainerStateMachine (ContainerStateMachine.java:loadSnapshot(200)) - The snapshot info is null.Setting the last applied index to:(t:0, i:~)
2019-07-13 19:13:57,947 INFO  ratis.ContainerStateMachine (ContainerStateMachine.java:loadSnapshot(200)) - The snapshot info is null.Setting the last applied index to:(t:0, i:~)
2019-07-13 19:13:57,947 INFO  server.RaftServerConfigKeys (ConfUtils.java:logGet(43)) - raft.server.leader.election.timeout = 120s (custom)
2019-07-13 19:13:57,947 INFO  server.RaftServerConfigKeys (ConfUtils.java:logGet(43)) - raft.server.leader.election.timeout = 120s (custom)
2019-07-13 19:13:57,947 INFO  server.RaftServerConfigKeys (ConfUtils.java:logGet(43)) - raft.server.log.use.memory = false (default)
2019-07-13 19:13:57,947 INFO  server.RaftServerConfigKeys (ConfUtils.java:logGet(43)) - raft.server.leader.election.timeout = 120s (custom)
2019-07-13 19:13:57,947 INFO  server.RaftServerConfigKeys (ConfUtils.java:logGet(43)) - raft.server.log.purge.gap = 1000000000 (custom)
2019-07-13 19:13:57,947 INFO  server.RaftServerConfigKeys (ConfUtils.java:logGet(43)) - raft.server.log.use.memory = false (default)
2019-07-13 19:13:57,948 INFO  server.RaftServerConfigKeys (ConfUtils.java:logGet(43)) - raft.server.log.appender.buffer.byte-limit = 33554432 (custom)
2019-07-13 19:13:57,947 INFO  server.RaftServerConfigKeys (ConfUtils.java:logGet(43)) - raft.server.log.use.memory = false (default)
2019-07-13 19:13:57,948 INFO  server.RaftServerConfigKeys (ConfUtils.java:logGet(43)) - raft.server.log.segment.size.max = 1048576 (custom)
2019-07-13 19:13:57,948 INFO  server.RaftServerConfigKeys (ConfUtils.java:logGet(43)) - raft.server.log.purge.gap = 1000000000 (custom)
2019-07-13 19:13:57,948 INFO  server.RaftServerConfigKeys (ConfUtils.java:logGet(43)) - raft.server.log.segment.cache.num.max = 2 (custom)
2019-07-13 19:13:57,948 INFO  server.RaftServerConfigKeys (ConfUtils.java:logGet(43)) - raft.server.log.purge.gap = 1000000000 (custom)
2019-07-13 19:13:57,948 INFO  segmented.SegmentedRaftLogWorker (SegmentedRaftLogWorker.java:<init>(172)) - new 931197b3-0e30-46fd-be87-7d3c3b9580e5-SegmentedRaftLogWorker:Storage Directory /tmp/workdir/hadoop-ozone/integration-test/target/test-dir/MiniOzoneClusterImpl-5bfc6e0b-967d-4665-bd73-027a5ac739b6/datanode-3/data/ratis/a54efe3d-c413-4df7-9165-04bc22f76ca6 for RaftStorage:Storage Directory /tmp/workdir/hadoop-ozone/integration-test/target/test-dir/MiniOzoneClusterImpl-5bfc6e0b-967d-4665-bd73-027a5ac739b6/datanode-3/data/ratis/a54efe3d-c413-4df7-9165-04bc22f76ca6
2019-07-13 19:13:57,948 INFO  server.RaftServerConfigKeys (ConfUtils.java:logGet(43)) - raft.server.log.appender.buffer.byte-limit = 33554432 (custom)
2019-07-13 19:13:57,949 INFO  server.RaftServerConfigKeys (ConfUtils.java:logGet(43)) - raft.server.log.queue.byte-limit = 2147483647 (custom)
2019-07-13 19:13:57,949 INFO  server.RaftServerConfigKeys (ConfUtils.java:logGet(43)) - raft.server.log.appender.buffer.byte-limit = 33554432 (custom)
2019-07-13 19:13:57,952 INFO  server.RaftServerConfigKeys (ConfUtils.java:logGet(43)) - raft.server.log.queue.element-limit = 1024 (custom)
2019-07-13 19:13:57,949 INFO  server.RaftServerConfigKeys (ConfUtils.java:logGet(43)) - raft.server.log.segment.size.max = 1048576 (custom)
2019-07-13 19:13:57,952 INFO  server.RaftServerConfigKeys (ConfUtils.java:logGet(43)) - raft.server.log.segment.size.max = 1048576 (custom)
2019-07-13 19:13:57,952 INFO  server.RaftServerConfigKeys (ConfUtils.java:logGet(43)) - raft.server.log.segment.size.max = 1048576 (custom)
2019-07-13 19:13:57,952 INFO  server.RaftServerConfigKeys (ConfUtils.java:logGet(43)) - raft.server.log.preallocated.size = 16384 (custom)
2019-07-13 19:13:57,952 INFO  server.RaftServerConfigKeys (ConfUtils.java:logGet(43)) - raft.server.log.segment.cache.num.max = 2 (custom)
2019-07-13 19:13:57,953 INFO  server.RaftServerConfigKeys (ConfUtils.java:logGet(43)) - raft.server.log.write.buffer.size = 33554432 (custom)
2019-07-13 19:13:57,953 INFO  server.RaftServerConfigKeys (ConfUtils.java:logGet(43)) - raft.server.log.segment.cache.num.max = 2 (custom)
2019-07-13 19:13:57,953 INFO  server.RaftServerConfigKeys (ConfUtils.java:logGet(43)) - raft.server.log.force.sync.num = 128 (default)
2019-07-13 19:13:57,953 INFO  segmented.SegmentedRaftLogWorker (SegmentedRaftLogWorker.java:<init>(172)) - new e12f3e19-727c-46e4-8b5e-ac543c0d4164-SegmentedRaftLogWorker:Storage Directory /tmp/workdir/hadoop-ozone/integration-test/target/test-dir/MiniOzoneClusterImpl-5bfc6e0b-967d-4665-bd73-027a5ac739b6/datanode-6/data/ratis/a54efe3d-c413-4df7-9165-04bc22f76ca6 for RaftStorage:Storage Directory /tmp/workdir/hadoop-ozone/integration-test/target/test-dir/MiniOzoneClusterImpl-5bfc6e0b-967d-4665-bd73-027a5ac739b6/datanode-6/data/ratis/a54efe3d-c413-4df7-9165-04bc22f76ca6
2019-07-13 19:13:57,953 INFO  server.RaftServerConfigKeys (ConfUtils.java:logGet(43)) - raft.server.log.statemachine.data.sync = true (default)
2019-07-13 19:13:57,953 INFO  segmented.SegmentedRaftLogWorker (SegmentedRaftLogWorker.java:<init>(172)) - new 71c4eb8e-be83-4684-9612-b890f30a8959-SegmentedRaftLogWorker:Storage Directory /tmp/workdir/hadoop-ozone/integration-test/target/test-dir/MiniOzoneClusterImpl-5bfc6e0b-967d-4665-bd73-027a5ac739b6/datanode-2/data/ratis/a54efe3d-c413-4df7-9165-04bc22f76ca6 for RaftStorage:Storage Directory /tmp/workdir/hadoop-ozone/integration-test/target/test-dir/MiniOzoneClusterImpl-5bfc6e0b-967d-4665-bd73-027a5ac739b6/datanode-2/data/ratis/a54efe3d-c413-4df7-9165-04bc22f76ca6
2019-07-13 19:13:57,954 INFO  server.RaftServerConfigKeys (ConfUtils.java:logGet(43)) - raft.server.log.statemachine.data.sync.timeout = 10s (default)
2019-07-13 19:13:57,953 INFO  server.RaftServerConfigKeys (ConfUtils.java:logGet(43)) - raft.server.log.queue.byte-limit = 2147483647 (custom)
2019-07-13 19:13:57,958 INFO  server.RaftServerConfigKeys (ConfUtils.java:logGet(43)) - raft.server.log.statemachine.data.sync.timeout.retry = -1 (default)
2019-07-13 19:13:57,956 INFO  server.RaftServerConfigKeys (ConfUtils.java:logGet(43)) - raft.server.log.queue.byte-limit = 2147483647 (custom)
2019-07-13 19:13:57,958 INFO  server.RaftServerConfigKeys (ConfUtils.java:logGet(43)) - raft.server.log.queue.element-limit = 1024 (custom)
2019-07-13 19:13:57,958 INFO  server.RaftServerConfigKeys (ConfUtils.java:logGet(43)) - raft.server.log.queue.element-limit = 1024 (custom)
2019-07-13 19:13:57,958 INFO  server.RaftServerConfigKeys (ConfUtils.java:logGet(43)) - raft.server.log.statemachine.data.caching.enabled = true (custom)
2019-07-13 19:13:57,958 INFO  server.RaftServerConfigKeys (ConfUtils.java:logGet(43)) - raft.server.log.segment.size.max = 1048576 (custom)
2019-07-13 19:13:57,958 INFO  server.RaftServerConfigKeys (ConfUtils.java:logGet(43)) - raft.server.log.segment.size.max = 1048576 (custom)
2019-07-13 19:13:57,959 INFO  segmented.SegmentedRaftLogWorker (SegmentedRaftLogWorker.java:lambda$new$0(132)) - 931197b3-0e30-46fd-be87-7d3c3b9580e5-SegmentedRaftLogWorker:Storage Directory /tmp/workdir/hadoop-ozone/integration-test/target/test-dir/MiniOzoneClusterImpl-5bfc6e0b-967d-4665-bd73-027a5ac739b6/datanode-3/data/ratis/a54efe3d-c413-4df7-9165-04bc22f76ca6: flushIndex: setUnconditionally 0 -> -1
2019-07-13 19:13:57,959 INFO  server.RaftServerConfigKeys (ConfUtils.java:logGet(43)) - raft.server.log.preallocated.size = 16384 (custom)
2019-07-13 19:13:57,959 INFO  server.RaftServerConfigKeys (ConfUtils.java:logGet(43)) - raft.server.log.preallocated.size = 16384 (custom)
2019-07-13 19:13:57,959 INFO  server.RaftServerConfigKeys (ConfUtils.java:logGet(43)) - raft.server.snapshot.auto.trigger.enabled = true (custom)
2019-07-13 19:13:57,959 INFO  server.RaftServerConfigKeys (ConfUtils.java:logGet(43)) - raft.server.log.write.buffer.size = 33554432 (custom)
2019-07-13 19:13:57,960 INFO  server.RaftServerConfigKeys (ConfUtils.java:logGet(43)) - raft.server.snapshot.auto.trigger.threshold = 10000 (custom)
2019-07-13 19:13:57,959 INFO  server.RaftServerConfigKeys (ConfUtils.java:logGet(43)) - raft.server.log.write.buffer.size = 33554432 (custom)
2019-07-13 19:13:57,960 INFO  server.RaftServerConfigKeys (ConfUtils.java:logGet(43)) - raft.server.retrycache.expirytime = 600000ms (custom)
2019-07-13 19:13:57,960 INFO  server.RaftServerConfigKeys (ConfUtils.java:logGet(43)) - raft.server.log.force.sync.num = 128 (default)
2019-07-13 19:13:57,960 INFO  impl.RaftServerImpl (RaftServerImpl.java:start(180)) - 931197b3-0e30-46fd-be87-7d3c3b9580e5: start group-04BC22F76CA6
2019-07-13 19:13:57,960 INFO  server.RaftServerConfigKeys (ConfUtils.java:logGet(43)) - raft.server.log.force.sync.num = 128 (default)
2019-07-13 19:13:57,960 INFO  impl.RaftServerImpl (RaftServerImpl.java:setRole(171)) - 931197b3-0e30-46fd-be87-7d3c3b9580e5:group-04BC22F76CA6 changes role from null to FOLLOWER at term 0 for startAsFollower
2019-07-13 19:13:57,960 INFO  server.RaftServerConfigKeys (ConfUtils.java:logGet(43)) - raft.server.log.statemachine.data.sync = true (default)
2019-07-13 19:13:57,961 INFO  impl.RoleInfo (RoleInfo.java:updateAndGet(143)) - 931197b3-0e30-46fd-be87-7d3c3b9580e5: start FollowerState
2019-07-13 19:13:57,961 INFO  server.RaftServerConfigKeys (ConfUtils.java:logGet(43)) - raft.server.log.statemachine.data.sync = true (default)
2019-07-13 19:13:57,961 INFO  server.RaftServerConfigKeys (ConfUtils.java:logGet(43)) - raft.server.log.statemachine.data.sync.timeout = 10s (default)
2019-07-13 19:13:57,961 INFO  util.JmxRegister (JmxRegister.java:tryRegister(44)) - Successfully registered JMX Bean with object name Ratis:service=RaftServer,group=group-04BC22F76CA6,id=931197b3-0e30-46fd-be87-7d3c3b9580e5
2019-07-13 19:13:57,961 INFO  server.RaftServerConfigKeys (ConfUtils.java:logGet(43)) - raft.server.log.statemachine.data.sync.timeout = 10s (default)
2019-07-13 19:13:57,961 INFO  server.RaftServerConfigKeys (ConfUtils.java:logGet(43)) - raft.server.log.statemachine.data.sync.timeout.retry = -1 (default)
2019-07-13 19:13:57,962 INFO  server.RaftServerConfigKeys (ConfUtils.java:logGet(43)) - raft.server.log.statemachine.data.sync.timeout.retry = -1 (default)
2019-07-13 19:13:57,962 INFO  server.RaftServerConfigKeys (ConfUtils.java:logGet(43)) - raft.server.log.statemachine.data.caching.enabled = true (custom)
2019-07-13 19:13:57,962 INFO  server.RaftServerConfigKeys (ConfUtils.java:logGet(43)) - raft.server.log.statemachine.data.caching.enabled = true (custom)
2019-07-13 19:13:57,962 INFO  segmented.SegmentedRaftLogWorker (SegmentedRaftLogWorker.java:lambda$new$0(132)) - 71c4eb8e-be83-4684-9612-b890f30a8959-SegmentedRaftLogWorker:Storage Directory /tmp/workdir/hadoop-ozone/integration-test/target/test-dir/MiniOzoneClusterImpl-5bfc6e0b-967d-4665-bd73-027a5ac739b6/datanode-2/data/ratis/a54efe3d-c413-4df7-9165-04bc22f76ca6: flushIndex: setUnconditionally 0 -> -1
2019-07-13 19:13:57,963 INFO  server.RaftServerConfigKeys (ConfUtils.java:logGet(43)) - raft.server.snapshot.auto.trigger.enabled = true (custom)
2019-07-13 19:13:57,963 INFO  segmented.SegmentedRaftLogWorker (SegmentedRaftLogWorker.java:lambda$new$0(132)) - e12f3e19-727c-46e4-8b5e-ac543c0d4164-SegmentedRaftLogWorker:Storage Directory /tmp/workdir/hadoop-ozone/integration-test/target/test-dir/MiniOzoneClusterImpl-5bfc6e0b-967d-4665-bd73-027a5ac739b6/datanode-6/data/ratis/a54efe3d-c413-4df7-9165-04bc22f76ca6: flushIndex: setUnconditionally 0 -> -1
2019-07-13 19:13:57,963 INFO  server.RaftServerConfigKeys (ConfUtils.java:logGet(43)) - raft.server.snapshot.auto.trigger.threshold = 10000 (custom)
2019-07-13 19:13:57,963 INFO  server.RaftServerConfigKeys (ConfUtils.java:logGet(43)) - raft.server.retrycache.expirytime = 600000ms (custom)
2019-07-13 19:13:57,963 INFO  server.RaftServerConfigKeys (ConfUtils.java:logGet(43)) - raft.server.snapshot.auto.trigger.enabled = true (custom)
2019-07-13 19:13:57,963 INFO  impl.RaftServerImpl (RaftServerImpl.java:start(180)) - 71c4eb8e-be83-4684-9612-b890f30a8959: start group-04BC22F76CA6
2019-07-13 19:13:57,964 INFO  server.RaftServerConfigKeys (ConfUtils.java:logGet(43)) - raft.server.snapshot.auto.trigger.threshold = 10000 (custom)
2019-07-13 19:13:57,964 INFO  impl.RaftServerImpl (RaftServerImpl.java:setRole(171)) - 71c4eb8e-be83-4684-9612-b890f30a8959:group-04BC22F76CA6 changes role from null to FOLLOWER at term 0 for startAsFollower
2019-07-13 19:13:57,964 INFO  impl.RoleInfo (RoleInfo.java:updateAndGet(143)) - 71c4eb8e-be83-4684-9612-b890f30a8959: start FollowerState
2019-07-13 19:13:57,964 INFO  server.RaftServerConfigKeys (ConfUtils.java:logGet(43)) - raft.server.retrycache.expirytime = 600000ms (custom)
2019-07-13 19:13:57,966 INFO  util.JmxRegister (JmxRegister.java:tryRegister(44)) - Successfully registered JMX Bean with object name Ratis:service=RaftServer,group=group-04BC22F76CA6,id=71c4eb8e-be83-4684-9612-b890f30a8959
2019-07-13 19:13:57,968 INFO  impl.RaftServerImpl (RaftServerImpl.java:start(180)) - e12f3e19-727c-46e4-8b5e-ac543c0d4164: start group-04BC22F76CA6
2019-07-13 19:13:57,968 INFO  impl.RaftServerImpl (RaftServerImpl.java:setRole(171)) - e12f3e19-727c-46e4-8b5e-ac543c0d4164:group-04BC22F76CA6 changes role from null to FOLLOWER at term 0 for startAsFollower
2019-07-13 19:13:57,968 INFO  impl.RoleInfo (RoleInfo.java:updateAndGet(143)) - e12f3e19-727c-46e4-8b5e-ac543c0d4164: start FollowerState
2019-07-13 19:13:57,971 INFO  util.JmxRegister (JmxRegister.java:tryRegister(44)) - Successfully registered JMX Bean with object name Ratis:service=RaftServer,group=group-04BC22F76CA6,id=e12f3e19-727c-46e4-8b5e-ac543c0d4164
2019-07-13 19:13:57,990 INFO  pipeline.PipelineStateManager (PipelineStateManager.java:addPipeline(56)) - Created pipeline Pipeline[ Id: a54efe3d-c413-4df7-9165-04bc22f76ca6, Nodes: 931197b3-0e30-46fd-be87-7d3c3b9580e5{ip: 192.168.69.122, host: trunk-nightly-fxqsz-774976932, networkLocation: /default-rack, certSerialId: null}71c4eb8e-be83-4684-9612-b890f30a8959{ip: 192.168.69.122, host: trunk-nightly-fxqsz-774976932, networkLocation: /default-rack, certSerialId: null}e12f3e19-727c-46e4-8b5e-ac543c0d4164{ip: 192.168.69.122, host: trunk-nightly-fxqsz-774976932, networkLocation: /default-rack, certSerialId: null}, Type:RATIS, Factor:THREE, State:OPEN]
2019-07-13 19:13:58,225 INFO  ozone.MiniOzoneClusterImpl (MiniOzoneClusterImpl.java:lambda$waitForClusterToBeReady$0(142)) - Cluster is ready. Got 7 of 7 DN Heartbeats.
2019-07-13 19:13:58,574 INFO  rpc.RpcClient (RpcClient.java:createVolume(287)) - Creating Volume: testblockoutputstream, with jenkins1000 as owner.
2019-07-13 19:13:58,627 INFO  rpc.RpcClient (RpcClient.java:createBucket(424)) - Creating Bucket: testblockoutputstream/testblockoutputstream, with Versioning false and Storage Type set to DISK and Encryption set to false 
2019-07-13 19:13:58,910 INFO  client.GrpcClientProtocolClient (GrpcClientProtocolClient.java:onNext(255)) - client-3456CFEA17CD->931197b3-0e30-46fd-be87-7d3c3b9580e5: receive RaftClientReply:client-3456CFEA17CD->931197b3-0e30-46fd-be87-7d3c3b9580e5@group-04BC22F76CA6, cid=13, FAILED org.apache.ratis.protocol.NotLeaderException: Server 931197b3-0e30-46fd-be87-7d3c3b9580e5 is not the leader (null). Request must be sent to leader., logIndex=0, commits[931197b3-0e30-46fd-be87-7d3c3b9580e5:c-1]
2019-07-13 19:13:58,912 INFO  container.ReplicationManager (ReplicationManager.java:start(155)) - Starting Replication Monitor Thread.
2019-07-13 19:13:58,922 INFO  container.ReplicationManager (ReplicationManager.java:run(207)) - Replication Monitor Thread took 8 milliseconds for processing 1 containers.
2019-07-13 19:13:59,957 INFO  client.GrpcClientProtocolClient (GrpcClientProtocolClient.java:onNext(255)) - client-3456CFEA17CD->e12f3e19-727c-46e4-8b5e-ac543c0d4164: receive RaftClientReply:client-3456CFEA17CD->e12f3e19-727c-46e4-8b5e-ac543c0d4164@group-04BC22F76CA6, cid=13, FAILED org.apache.ratis.protocol.NotLeaderException: Server e12f3e19-727c-46e4-8b5e-ac543c0d4164 is not the leader (null). Request must be sent to leader., logIndex=0, commits[e12f3e19-727c-46e4-8b5e-ac543c0d4164:c-1]
2019-07-13 19:14:00,987 INFO  client.GrpcClientProtocolClient (GrpcClientProtocolClient.java:onNext(255)) - client-3456CFEA17CD->71c4eb8e-be83-4684-9612-b890f30a8959: receive RaftClientReply:client-3456CFEA17CD->71c4eb8e-be83-4684-9612-b890f30a8959@group-04BC22F76CA6, cid=13, FAILED org.apache.ratis.protocol.NotLeaderException: Server 71c4eb8e-be83-4684-9612-b890f30a8959 is not the leader (null). Request must be sent to leader., logIndex=0, commits[71c4eb8e-be83-4684-9612-b890f30a8959:c-1]
2019-07-13 19:14:02,013 INFO  client.GrpcClientProtocolClient (GrpcClientProtocolClient.java:onNext(255)) - client-3456CFEA17CD->e12f3e19-727c-46e4-8b5e-ac543c0d4164: receive RaftClientReply:client-3456CFEA17CD->e12f3e19-727c-46e4-8b5e-ac543c0d4164@group-04BC22F76CA6, cid=13, FAILED org.apache.ratis.protocol.NotLeaderException: Server e12f3e19-727c-46e4-8b5e-ac543c0d4164 is not the leader (null). Request must be sent to leader., logIndex=0, commits[e12f3e19-727c-46e4-8b5e-ac543c0d4164:c-1]
2019-07-13 19:14:02,192 INFO  impl.FollowerState (FollowerState.java:run(106)) - 1ebbbf85-280c-4818-995a-ec41fe3171d4:group-EB777349CAF3 changes to CANDIDATE, lastRpcTime:5120, electionTimeout:5120ms
2019-07-13 19:14:02,193 INFO  impl.RoleInfo (RoleInfo.java:shutdownFollowerState(121)) - 1ebbbf85-280c-4818-995a-ec41fe3171d4: shutdown FollowerState
2019-07-13 19:14:02,193 INFO  impl.RaftServerImpl (RaftServerImpl.java:setRole(171)) - 1ebbbf85-280c-4818-995a-ec41fe3171d4:group-EB777349CAF3 changes role from FOLLOWER to CANDIDATE at term 0 for changeToCandidate
2019-07-13 19:14:02,200 INFO  impl.RoleInfo (RoleInfo.java:updateAndGet(143)) - 1ebbbf85-280c-4818-995a-ec41fe3171d4: start LeaderElection
2019-07-13 19:14:02,223 INFO  impl.LeaderElection (LeaderElection.java:askForVotes(181)) - 1ebbbf85-280c-4818-995a-ec41fe3171d4:group-EB777349CAF3:LeaderElection1: begin an election at term 1 for -1: [1ebbbf85-280c-4818-995a-ec41fe3171d4:192.168.69.122:43657], old=null
2019-07-13 19:14:02,225 INFO  impl.RoleInfo (RoleInfo.java:shutdownLeaderElection(134)) - 1ebbbf85-280c-4818-995a-ec41fe3171d4: shutdown LeaderElection
2019-07-13 19:14:02,226 INFO  impl.RaftServerImpl (RaftServerImpl.java:setRole(171)) - 1ebbbf85-280c-4818-995a-ec41fe3171d4:group-EB777349CAF3 changes role from CANDIDATE to LEADER at term 1 for changeToLeader
2019-07-13 19:14:02,226 INFO  impl.RaftServerImpl (ServerState.java:setLeader(263)) - 1ebbbf85-280c-4818-995a-ec41fe3171d4:group-EB777349CAF3 change Leader from null to 1ebbbf85-280c-4818-995a-ec41fe3171d4 at term 1 for becomeLeader, leader elected after 5230ms
2019-07-13 19:14:02,236 INFO  server.RaftServerConfigKeys (ConfUtils.java:logGet(43)) - raft.server.staging.catchup.gap = 1000 (default)
2019-07-13 19:14:02,236 INFO  server.RaftServerConfigKeys (ConfUtils.java:logGet(43)) - raft.server.rpc.sleep.time = 25ms (default)
2019-07-13 19:14:02,240 INFO  server.RaftServerConfigKeys (ConfUtils.java:logGet(43)) - raft.server.write.element-limit = 4096 (default)
2019-07-13 19:14:02,243 INFO  server.RaftServerConfigKeys (ConfUtils.java:logGet(43)) - raft.server.watch.timeout = 10s (default)
2019-07-13 19:14:02,244 INFO  server.RaftServerConfigKeys (ConfUtils.java:logGet(43)) - raft.server.watch.timeout.denomination = 1s (default)
2019-07-13 19:14:02,245 INFO  server.RaftServerConfigKeys (ConfUtils.java:logGet(43)) - raft.server.watch.element-limit = 65536 (default)
2019-07-13 19:14:02,256 INFO  impl.RoleInfo (RoleInfo.java:updateAndGet(143)) - 1ebbbf85-280c-4818-995a-ec41fe3171d4: start LeaderState
2019-07-13 19:14:02,284 INFO  segmented.SegmentedRaftLogWorker (SegmentedRaftLogWorker.java:startLogSegment(380)) - 1ebbbf85-280c-4818-995a-ec41fe3171d4-SegmentedRaftLogWorker:Storage Directory /tmp/workdir/hadoop-ozone/integration-test/target/test-dir/MiniOzoneClusterImpl-5bfc6e0b-967d-4665-bd73-027a5ac739b6/datanode-0/data/ratis/0037f5ec-9038-499f-b178-eb777349caf3: Starting segment from index:0
2019-07-13 19:14:02,294 INFO  impl.RaftServerImpl (ServerState.java:setRaftConf(361)) - 1ebbbf85-280c-4818-995a-ec41fe3171d4:group-EB777349CAF3 set configuration 0: [1ebbbf85-280c-4818-995a-ec41fe3171d4:192.168.69.122:43657], old=null at 0
2019-07-13 19:14:02,337 INFO  impl.FollowerState (FollowerState.java:run(106)) - 1f5c7cff-78d9-439f-b565-061acdcd80d7:group-A176BBB19FD7 changes to CANDIDATE, lastRpcTime:5041, electionTimeout:5039ms
2019-07-13 19:14:02,339 INFO  impl.RoleInfo (RoleInfo.java:shutdownFollowerState(121)) - 1f5c7cff-78d9-439f-b565-061acdcd80d7: shutdown FollowerState
2019-07-13 19:14:02,339 INFO  impl.RaftServerImpl (RaftServerImpl.java:setRole(171)) - 1f5c7cff-78d9-439f-b565-061acdcd80d7:group-A176BBB19FD7 changes role from FOLLOWER to CANDIDATE at term 0 for changeToCandidate
2019-07-13 19:14:02,339 INFO  impl.RoleInfo (RoleInfo.java:updateAndGet(143)) - 1f5c7cff-78d9-439f-b565-061acdcd80d7: start LeaderElection
2019-07-13 19:14:02,358 INFO  impl.LeaderElection (LeaderElection.java:askForVotes(181)) - 1f5c7cff-78d9-439f-b565-061acdcd80d7:group-A176BBB19FD7:LeaderElection2: begin an election at term 1 for -1: [1f5c7cff-78d9-439f-b565-061acdcd80d7:192.168.69.122:39521], old=null
2019-07-13 19:14:02,358 INFO  impl.RoleInfo (RoleInfo.java:shutdownLeaderElection(134)) - 1f5c7cff-78d9-439f-b565-061acdcd80d7: shutdown LeaderElection
2019-07-13 19:14:02,359 INFO  impl.RaftServerImpl (RaftServerImpl.java:setRole(171)) - 1f5c7cff-78d9-439f-b565-061acdcd80d7:group-A176BBB19FD7 changes role from CANDIDATE to LEADER at term 1 for changeToLeader
2019-07-13 19:14:02,359 INFO  impl.RaftServerImpl (ServerState.java:setLeader(263)) - 1f5c7cff-78d9-439f-b565-061acdcd80d7:group-A176BBB19FD7 change Leader from null to 1f5c7cff-78d9-439f-b565-061acdcd80d7 at term 1 for becomeLeader, leader elected after 5070ms
2019-07-13 19:14:02,361 INFO  server.RaftServerConfigKeys (ConfUtils.java:logGet(43)) - raft.server.staging.catchup.gap = 1000 (default)
2019-07-13 19:14:02,361 INFO  server.RaftServerConfigKeys (ConfUtils.java:logGet(43)) - raft.server.rpc.sleep.time = 25ms (default)
2019-07-13 19:14:02,361 INFO  server.RaftServerConfigKeys (ConfUtils.java:logGet(43)) - raft.server.write.element-limit = 4096 (default)
2019-07-13 19:14:02,361 INFO  server.RaftServerConfigKeys (ConfUtils.java:logGet(43)) - raft.server.watch.timeout = 10s (default)
2019-07-13 19:14:02,361 INFO  server.RaftServerConfigKeys (ConfUtils.java:logGet(43)) - raft.server.watch.timeout.denomination = 1s (default)
2019-07-13 19:14:02,362 INFO  server.RaftServerConfigKeys (ConfUtils.java:logGet(43)) - raft.server.watch.element-limit = 65536 (default)
2019-07-13 19:14:02,362 INFO  impl.RoleInfo (RoleInfo.java:updateAndGet(143)) - 1f5c7cff-78d9-439f-b565-061acdcd80d7: start LeaderState
2019-07-13 19:14:02,362 INFO  segmented.SegmentedRaftLogWorker (SegmentedRaftLogWorker.java:startLogSegment(380)) - 1f5c7cff-78d9-439f-b565-061acdcd80d7-SegmentedRaftLogWorker:Storage Directory /tmp/workdir/hadoop-ozone/integration-test/target/test-dir/MiniOzoneClusterImpl-5bfc6e0b-967d-4665-bd73-027a5ac739b6/datanode-1/data/ratis/adfa0d6e-ecfa-48d1-992a-a176bbb19fd7: Starting segment from index:0
2019-07-13 19:14:02,363 INFO  impl.RaftServerImpl (ServerState.java:setRaftConf(361)) - 1f5c7cff-78d9-439f-b565-061acdcd80d7:group-A176BBB19FD7 set configuration 0: [1f5c7cff-78d9-439f-b565-061acdcd80d7:192.168.69.122:39521], old=null at 0
2019-07-13 19:14:02,504 INFO  impl.FollowerState (FollowerState.java:run(106)) - 90d95711-f8eb-4c5d-a305-ad1e3a715ae6:group-81435F731D11 changes to CANDIDATE, lastRpcTime:5093, electionTimeout:5093ms
2019-07-13 19:14:02,504 INFO  impl.RoleInfo (RoleInfo.java:shutdownFollowerState(121)) - 90d95711-f8eb-4c5d-a305-ad1e3a715ae6: shutdown FollowerState
2019-07-13 19:14:02,504 INFO  impl.RaftServerImpl (RaftServerImpl.java:setRole(171)) - 90d95711-f8eb-4c5d-a305-ad1e3a715ae6:group-81435F731D11 changes role from FOLLOWER to CANDIDATE at term 0 for changeToCandidate
2019-07-13 19:14:02,504 INFO  impl.RoleInfo (RoleInfo.java:updateAndGet(143)) - 90d95711-f8eb-4c5d-a305-ad1e3a715ae6: start LeaderElection
2019-07-13 19:14:02,508 INFO  impl.FollowerState (FollowerState.java:run(106)) - 931197b3-0e30-46fd-be87-7d3c3b9580e5:group-668BF00726D9 changes to CANDIDATE, lastRpcTime:5028, electionTimeout:5028ms
2019-07-13 19:14:02,508 INFO  impl.RoleInfo (RoleInfo.java:shutdownFollowerState(121)) - 931197b3-0e30-46fd-be87-7d3c3b9580e5: shutdown FollowerState
2019-07-13 19:14:02,509 INFO  impl.RaftServerImpl (RaftServerImpl.java:setRole(171)) - 931197b3-0e30-46fd-be87-7d3c3b9580e5:group-668BF00726D9 changes role from FOLLOWER to CANDIDATE at term 0 for changeToCandidate
2019-07-13 19:14:02,510 INFO  impl.RoleInfo (RoleInfo.java:updateAndGet(143)) - 931197b3-0e30-46fd-be87-7d3c3b9580e5: start LeaderElection
2019-07-13 19:14:02,538 INFO  segmented.SegmentedRaftLogWorker (SegmentedRaftLogWorker.java:execute(569)) - 1ebbbf85-280c-4818-995a-ec41fe3171d4-SegmentedRaftLogWorker:Storage Directory /tmp/workdir/hadoop-ozone/integration-test/target/test-dir/MiniOzoneClusterImpl-5bfc6e0b-967d-4665-bd73-027a5ac739b6/datanode-0/data/ratis/0037f5ec-9038-499f-b178-eb777349caf3: created new log segment /tmp/workdir/hadoop-ozone/integration-test/target/test-dir/MiniOzoneClusterImpl-5bfc6e0b-967d-4665-bd73-027a5ac739b6/datanode-0/data/ratis/0037f5ec-9038-499f-b178-eb777349caf3/current/log_inprogress_0
2019-07-13 19:14:02,538 INFO  impl.LeaderElection (LeaderElection.java:askForVotes(181)) - 931197b3-0e30-46fd-be87-7d3c3b9580e5:group-668BF00726D9:LeaderElection4: begin an election at term 1 for -1: [931197b3-0e30-46fd-be87-7d3c3b9580e5:192.168.69.122:44810], old=null
2019-07-13 19:14:02,538 INFO  impl.LeaderElection (LeaderElection.java:askForVotes(181)) - 90d95711-f8eb-4c5d-a305-ad1e3a715ae6:group-81435F731D11:LeaderElection3: begin an election at term 1 for -1: [90d95711-f8eb-4c5d-a305-ad1e3a715ae6:192.168.69.122:46336], old=null
2019-07-13 19:14:02,538 INFO  segmented.SegmentedRaftLogWorker (SegmentedRaftLogWorker.java:execute(569)) - 1f5c7cff-78d9-439f-b565-061acdcd80d7-SegmentedRaftLogWorker:Storage Directory /tmp/workdir/hadoop-ozone/integration-test/target/test-dir/MiniOzoneClusterImpl-5bfc6e0b-967d-4665-bd73-027a5ac739b6/datanode-1/data/ratis/adfa0d6e-ecfa-48d1-992a-a176bbb19fd7: created new log segment /tmp/workdir/hadoop-ozone/integration-test/target/test-dir/MiniOzoneClusterImpl-5bfc6e0b-967d-4665-bd73-027a5ac739b6/datanode-1/data/ratis/adfa0d6e-ecfa-48d1-992a-a176bbb19fd7/current/log_inprogress_0
2019-07-13 19:14:02,543 INFO  impl.RoleInfo (RoleInfo.java:shutdownLeaderElection(134)) - 90d95711-f8eb-4c5d-a305-ad1e3a715ae6: shutdown LeaderElection
2019-07-13 19:14:02,543 INFO  impl.RoleInfo (RoleInfo.java:shutdownLeaderElection(134)) - 931197b3-0e30-46fd-be87-7d3c3b9580e5: shutdown LeaderElection
2019-07-13 19:14:02,545 INFO  impl.RaftServerImpl (RaftServerImpl.java:setRole(171)) - 931197b3-0e30-46fd-be87-7d3c3b9580e5:group-668BF00726D9 changes role from CANDIDATE to LEADER at term 1 for changeToLeader
2019-07-13 19:14:02,543 INFO  impl.RaftServerImpl (RaftServerImpl.java:setRole(171)) - 90d95711-f8eb-4c5d-a305-ad1e3a715ae6:group-81435F731D11 changes role from CANDIDATE to LEADER at term 1 for changeToLeader
2019-07-13 19:14:02,545 INFO  impl.RaftServerImpl (ServerState.java:setLeader(263)) - 931197b3-0e30-46fd-be87-7d3c3b9580e5:group-668BF00726D9 change Leader from null to 931197b3-0e30-46fd-be87-7d3c3b9580e5 at term 1 for becomeLeader, leader elected after 5071ms
2019-07-13 19:14:02,545 INFO  impl.RaftServerImpl (ServerState.java:setLeader(263)) - 90d95711-f8eb-4c5d-a305-ad1e3a715ae6:group-81435F731D11 change Leader from null to 90d95711-f8eb-4c5d-a305-ad1e3a715ae6 at term 1 for becomeLeader, leader elected after 5141ms
2019-07-13 19:14:02,547 INFO  server.RaftServerConfigKeys (ConfUtils.java:logGet(43)) - raft.server.staging.catchup.gap = 1000 (default)
2019-07-13 19:14:02,549 INFO  server.RaftServerConfigKeys (ConfUtils.java:logGet(43)) - raft.server.staging.catchup.gap = 1000 (default)
2019-07-13 19:14:02,550 INFO  server.RaftServerConfigKeys (ConfUtils.java:logGet(43)) - raft.server.rpc.sleep.time = 25ms (default)
2019-07-13 19:14:02,550 INFO  server.RaftServerConfigKeys (ConfUtils.java:logGet(43)) - raft.server.rpc.sleep.time = 25ms (default)
2019-07-13 19:14:02,550 INFO  server.RaftServerConfigKeys (ConfUtils.java:logGet(43)) - raft.server.write.element-limit = 4096 (default)
2019-07-13 19:14:02,550 INFO  server.RaftServerConfigKeys (ConfUtils.java:logGet(43)) - raft.server.write.element-limit = 4096 (default)
2019-07-13 19:14:02,550 INFO  server.RaftServerConfigKeys (ConfUtils.java:logGet(43)) - raft.server.watch.timeout = 10s (default)
2019-07-13 19:14:02,550 INFO  server.RaftServerConfigKeys (ConfUtils.java:logGet(43)) - raft.server.watch.timeout = 10s (default)
2019-07-13 19:14:02,550 INFO  server.RaftServerConfigKeys (ConfUtils.java:logGet(43)) - raft.server.watch.timeout.denomination = 1s (default)
2019-07-13 19:14:02,551 INFO  server.RaftServerConfigKeys (ConfUtils.java:logGet(43)) - raft.server.watch.timeout.denomination = 1s (default)
2019-07-13 19:14:02,551 INFO  server.RaftServerConfigKeys (ConfUtils.java:logGet(43)) - raft.server.watch.element-limit = 65536 (default)
2019-07-13 19:14:02,551 INFO  server.RaftServerConfigKeys (ConfUtils.java:logGet(43)) - raft.server.watch.element-limit = 65536 (default)
2019-07-13 19:14:02,551 INFO  impl.RoleInfo (RoleInfo.java:updateAndGet(143)) - 931197b3-0e30-46fd-be87-7d3c3b9580e5: start LeaderState
2019-07-13 19:14:02,551 INFO  impl.RoleInfo (RoleInfo.java:updateAndGet(143)) - 90d95711-f8eb-4c5d-a305-ad1e3a715ae6: start LeaderState
2019-07-13 19:14:02,551 INFO  segmented.SegmentedRaftLogWorker (SegmentedRaftLogWorker.java:startLogSegment(380)) - 931197b3-0e30-46fd-be87-7d3c3b9580e5-SegmentedRaftLogWorker:Storage Directory /tmp/workdir/hadoop-ozone/integration-test/target/test-dir/MiniOzoneClusterImpl-5bfc6e0b-967d-4665-bd73-027a5ac739b6/datanode-3/data/ratis/57df735a-f38a-481e-ab50-668bf00726d9: Starting segment from index:0
2019-07-13 19:14:02,552 INFO  segmented.SegmentedRaftLogWorker (SegmentedRaftLogWorker.java:startLogSegment(380)) - 90d95711-f8eb-4c5d-a305-ad1e3a715ae6-SegmentedRaftLogWorker:Storage Directory /tmp/workdir/hadoop-ozone/integration-test/target/test-dir/MiniOzoneClusterImpl-5bfc6e0b-967d-4665-bd73-027a5ac739b6/datanode-4/data/ratis/a8460cda-a7a5-47ba-99da-81435f731d11: Starting segment from index:0
2019-07-13 19:14:02,552 INFO  impl.RaftServerImpl (ServerState.java:setRaftConf(361)) - 931197b3-0e30-46fd-be87-7d3c3b9580e5:group-668BF00726D9 set configuration 0: [931197b3-0e30-46fd-be87-7d3c3b9580e5:192.168.69.122:44810], old=null at 0
2019-07-13 19:14:02,572 INFO  impl.FollowerState (FollowerState.java:run(106)) - 71c4eb8e-be83-4684-9612-b890f30a8959:group-91545C356C41 changes to CANDIDATE, lastRpcTime:5019, electionTimeout:5001ms
2019-07-13 19:14:02,572 INFO  impl.RaftServerImpl (ServerState.java:setRaftConf(361)) - 90d95711-f8eb-4c5d-a305-ad1e3a715ae6:group-81435F731D11 set configuration 0: [90d95711-f8eb-4c5d-a305-ad1e3a715ae6:192.168.69.122:46336], old=null at 0
2019-07-13 19:14:02,572 INFO  impl.RoleInfo (RoleInfo.java:shutdownFollowerState(121)) - 71c4eb8e-be83-4684-9612-b890f30a8959: shutdown FollowerState
2019-07-13 19:14:02,572 INFO  impl.RaftServerImpl (RaftServerImpl.java:setRole(171)) - 71c4eb8e-be83-4684-9612-b890f30a8959:group-91545C356C41 changes role from FOLLOWER to CANDIDATE at term 0 for changeToCandidate
2019-07-13 19:14:02,575 INFO  impl.RoleInfo (RoleInfo.java:updateAndGet(143)) - 71c4eb8e-be83-4684-9612-b890f30a8959: start LeaderElection
2019-07-13 19:14:02,585 INFO  segmented.SegmentedRaftLogWorker (SegmentedRaftLogWorker.java:execute(569)) - 90d95711-f8eb-4c5d-a305-ad1e3a715ae6-SegmentedRaftLogWorker:Storage Directory /tmp/workdir/hadoop-ozone/integration-test/target/test-dir/MiniOzoneClusterImpl-5bfc6e0b-967d-4665-bd73-027a5ac739b6/datanode-4/data/ratis/a8460cda-a7a5-47ba-99da-81435f731d11: created new log segment /tmp/workdir/hadoop-ozone/integration-test/target/test-dir/MiniOzoneClusterImpl-5bfc6e0b-967d-4665-bd73-027a5ac739b6/datanode-4/data/ratis/a8460cda-a7a5-47ba-99da-81435f731d11/current/log_inprogress_0
2019-07-13 19:14:02,585 INFO  segmented.SegmentedRaftLogWorker (SegmentedRaftLogWorker.java:execute(569)) - 931197b3-0e30-46fd-be87-7d3c3b9580e5-SegmentedRaftLogWorker:Storage Directory /tmp/workdir/hadoop-ozone/integration-test/target/test-dir/MiniOzoneClusterImpl-5bfc6e0b-967d-4665-bd73-027a5ac739b6/datanode-3/data/ratis/57df735a-f38a-481e-ab50-668bf00726d9: created new log segment /tmp/workdir/hadoop-ozone/integration-test/target/test-dir/MiniOzoneClusterImpl-5bfc6e0b-967d-4665-bd73-027a5ac739b6/datanode-3/data/ratis/57df735a-f38a-481e-ab50-668bf00726d9/current/log_inprogress_0
2019-07-13 19:14:02,585 INFO  impl.LeaderElection (LeaderElection.java:askForVotes(181)) - 71c4eb8e-be83-4684-9612-b890f30a8959:group-91545C356C41:LeaderElection5: begin an election at term 1 for -1: [71c4eb8e-be83-4684-9612-b890f30a8959:192.168.69.122:40397], old=null
2019-07-13 19:14:02,588 INFO  impl.RoleInfo (RoleInfo.java:shutdownLeaderElection(134)) - 71c4eb8e-be83-4684-9612-b890f30a8959: shutdown LeaderElection
2019-07-13 19:14:02,588 INFO  impl.RaftServerImpl (RaftServerImpl.java:setRole(171)) - 71c4eb8e-be83-4684-9612-b890f30a8959:group-91545C356C41 changes role from CANDIDATE to LEADER at term 1 for changeToLeader
2019-07-13 19:14:02,588 INFO  impl.RaftServerImpl (ServerState.java:setLeader(263)) - 71c4eb8e-be83-4684-9612-b890f30a8959:group-91545C356C41 change Leader from null to 71c4eb8e-be83-4684-9612-b890f30a8959 at term 1 for becomeLeader, leader elected after 5041ms
2019-07-13 19:14:02,590 INFO  server.RaftServerConfigKeys (ConfUtils.java:logGet(43)) - raft.server.staging.catchup.gap = 1000 (default)
2019-07-13 19:14:02,590 INFO  server.RaftServerConfigKeys (ConfUtils.java:logGet(43)) - raft.server.rpc.sleep.time = 25ms (default)
2019-07-13 19:14:02,591 INFO  server.RaftServerConfigKeys (ConfUtils.java:logGet(43)) - raft.server.write.element-limit = 4096 (default)
2019-07-13 19:14:02,591 INFO  server.RaftServerConfigKeys (ConfUtils.java:logGet(43)) - raft.server.watch.timeout = 10s (default)
2019-07-13 19:14:02,591 INFO  server.RaftServerConfigKeys (ConfUtils.java:logGet(43)) - raft.server.watch.timeout.denomination = 1s (default)
2019-07-13 19:14:02,591 INFO  server.RaftServerConfigKeys (ConfUtils.java:logGet(43)) - raft.server.watch.element-limit = 65536 (default)
2019-07-13 19:14:02,591 INFO  impl.RoleInfo (RoleInfo.java:updateAndGet(143)) - 71c4eb8e-be83-4684-9612-b890f30a8959: start LeaderState
2019-07-13 19:14:02,592 INFO  segmented.SegmentedRaftLogWorker (SegmentedRaftLogWorker.java:startLogSegment(380)) - 71c4eb8e-be83-4684-9612-b890f30a8959-SegmentedRaftLogWorker:Storage Directory /tmp/workdir/hadoop-ozone/integration-test/target/test-dir/MiniOzoneClusterImpl-5bfc6e0b-967d-4665-bd73-027a5ac739b6/datanode-2/data/ratis/8f0c9ee2-39d5-42d4-9617-91545c356c41: Starting segment from index:0
2019-07-13 19:14:02,592 INFO  impl.RaftServerImpl (ServerState.java:setRaftConf(361)) - 71c4eb8e-be83-4684-9612-b890f30a8959:group-91545C356C41 set configuration 0: [71c4eb8e-be83-4684-9612-b890f30a8959:192.168.69.122:40397], old=null at 0
2019-07-13 19:14:02,627 INFO  segmented.SegmentedRaftLogWorker (SegmentedRaftLogWorker.java:execute(569)) - 71c4eb8e-be83-4684-9612-b890f30a8959-SegmentedRaftLogWorker:Storage Directory /tmp/workdir/hadoop-ozone/integration-test/target/test-dir/MiniOzoneClusterImpl-5bfc6e0b-967d-4665-bd73-027a5ac739b6/datanode-2/data/ratis/8f0c9ee2-39d5-42d4-9617-91545c356c41: created new log segment /tmp/workdir/hadoop-ozone/integration-test/target/test-dir/MiniOzoneClusterImpl-5bfc6e0b-967d-4665-bd73-027a5ac739b6/datanode-2/data/ratis/8f0c9ee2-39d5-42d4-9617-91545c356c41/current/log_inprogress_0
2019-07-13 19:14:02,774 INFO  impl.FollowerState (FollowerState.java:run(106)) - e12f3e19-727c-46e4-8b5e-ac543c0d4164:group-A2CBF7E55B6E changes to CANDIDATE, lastRpcTime:5134, electionTimeout:5134ms
2019-07-13 19:14:02,774 INFO  impl.RoleInfo (RoleInfo.java:shutdownFollowerState(121)) - e12f3e19-727c-46e4-8b5e-ac543c0d4164: shutdown FollowerState
2019-07-13 19:14:02,774 INFO  impl.RaftServerImpl (RaftServerImpl.java:setRole(171)) - e12f3e19-727c-46e4-8b5e-ac543c0d4164:group-A2CBF7E55B6E changes role from FOLLOWER to CANDIDATE at term 0 for changeToCandidate
2019-07-13 19:14:02,774 INFO  impl.RoleInfo (RoleInfo.java:updateAndGet(143)) - e12f3e19-727c-46e4-8b5e-ac543c0d4164: start LeaderElection
2019-07-13 19:14:02,794 INFO  impl.LeaderElection (LeaderElection.java:askForVotes(181)) - e12f3e19-727c-46e4-8b5e-ac543c0d4164:group-A2CBF7E55B6E:LeaderElection6: begin an election at term 1 for -1: [e12f3e19-727c-46e4-8b5e-ac543c0d4164:192.168.69.122:44714], old=null
2019-07-13 19:14:02,803 INFO  impl.RoleInfo (RoleInfo.java:shutdownLeaderElection(134)) - e12f3e19-727c-46e4-8b5e-ac543c0d4164: shutdown LeaderElection
2019-07-13 19:14:02,803 INFO  impl.RaftServerImpl (RaftServerImpl.java:setRole(171)) - e12f3e19-727c-46e4-8b5e-ac543c0d4164:group-A2CBF7E55B6E changes role from CANDIDATE to LEADER at term 1 for changeToLeader
2019-07-13 19:14:02,803 INFO  impl.RaftServerImpl (ServerState.java:setLeader(263)) - e12f3e19-727c-46e4-8b5e-ac543c0d4164:group-A2CBF7E55B6E change Leader from null to e12f3e19-727c-46e4-8b5e-ac543c0d4164 at term 1 for becomeLeader, leader elected after 5169ms
2019-07-13 19:14:02,805 INFO  server.RaftServerConfigKeys (ConfUtils.java:logGet(43)) - raft.server.staging.catchup.gap = 1000 (default)
2019-07-13 19:14:02,805 INFO  server.RaftServerConfigKeys (ConfUtils.java:logGet(43)) - raft.server.rpc.sleep.time = 25ms (default)
2019-07-13 19:14:02,805 INFO  server.RaftServerConfigKeys (ConfUtils.java:logGet(43)) - raft.server.write.element-limit = 4096 (default)
2019-07-13 19:14:02,806 INFO  server.RaftServerConfigKeys (ConfUtils.java:logGet(43)) - raft.server.watch.timeout = 10s (default)
2019-07-13 19:14:02,806 INFO  server.RaftServerConfigKeys (ConfUtils.java:logGet(43)) - raft.server.watch.timeout.denomination = 1s (default)
2019-07-13 19:14:02,806 INFO  server.RaftServerConfigKeys (ConfUtils.java:logGet(43)) - raft.server.watch.element-limit = 65536 (default)
2019-07-13 19:14:02,806 INFO  impl.RoleInfo (RoleInfo.java:updateAndGet(143)) - e12f3e19-727c-46e4-8b5e-ac543c0d4164: start LeaderState
2019-07-13 19:14:02,807 INFO  segmented.SegmentedRaftLogWorker (SegmentedRaftLogWorker.java:startLogSegment(380)) - e12f3e19-727c-46e4-8b5e-ac543c0d4164-SegmentedRaftLogWorker:Storage Directory /tmp/workdir/hadoop-ozone/integration-test/target/test-dir/MiniOzoneClusterImpl-5bfc6e0b-967d-4665-bd73-027a5ac739b6/datanode-6/data/ratis/a3445d1b-f12a-43dd-a60c-a2cbf7e55b6e: Starting segment from index:0
2019-07-13 19:14:02,807 INFO  impl.RaftServerImpl (ServerState.java:setRaftConf(361)) - e12f3e19-727c-46e4-8b5e-ac543c0d4164:group-A2CBF7E55B6E set configuration 0: [e12f3e19-727c-46e4-8b5e-ac543c0d4164:192.168.69.122:44714], old=null at 0
2019-07-13 19:14:02,834 INFO  impl.FollowerState (FollowerState.java:run(106)) - 9ddde0e9-7d2b-4d00-a9cd-342c5cb1a881:group-9CE9C7DEC77B changes to CANDIDATE, lastRpcTime:5124, electionTimeout:5124ms
2019-07-13 19:14:02,836 INFO  impl.FollowerState (FollowerState.java:run(106)) - 90d95711-f8eb-4c5d-a305-ad1e3a715ae6:group-93EB25F1631D changes to CANDIDATE, lastRpcTime:5004, electionTimeout:5002ms
2019-07-13 19:14:02,836 INFO  impl.RoleInfo (RoleInfo.java:shutdownFollowerState(121)) - 9ddde0e9-7d2b-4d00-a9cd-342c5cb1a881: shutdown FollowerState
2019-07-13 19:14:02,836 INFO  impl.RoleInfo (RoleInfo.java:shutdownFollowerState(121)) - 90d95711-f8eb-4c5d-a305-ad1e3a715ae6: shutdown FollowerState
2019-07-13 19:14:02,837 INFO  impl.RaftServerImpl (RaftServerImpl.java:setRole(171)) - 9ddde0e9-7d2b-4d00-a9cd-342c5cb1a881:group-9CE9C7DEC77B changes role from FOLLOWER to CANDIDATE at term 0 for changeToCandidate
2019-07-13 19:14:02,837 INFO  impl.RaftServerImpl (RaftServerImpl.java:setRole(171)) - 90d95711-f8eb-4c5d-a305-ad1e3a715ae6:group-93EB25F1631D changes role from FOLLOWER to CANDIDATE at term 0 for changeToCandidate
2019-07-13 19:14:02,837 INFO  impl.RoleInfo (RoleInfo.java:updateAndGet(143)) - 9ddde0e9-7d2b-4d00-a9cd-342c5cb1a881: start LeaderElection
2019-07-13 19:14:02,837 INFO  impl.RoleInfo (RoleInfo.java:updateAndGet(143)) - 90d95711-f8eb-4c5d-a305-ad1e3a715ae6: start LeaderElection
2019-07-13 19:14:02,843 INFO  segmented.SegmentedRaftLogWorker (SegmentedRaftLogWorker.java:execute(569)) - e12f3e19-727c-46e4-8b5e-ac543c0d4164-SegmentedRaftLogWorker:Storage Directory /tmp/workdir/hadoop-ozone/integration-test/target/test-dir/MiniOzoneClusterImpl-5bfc6e0b-967d-4665-bd73-027a5ac739b6/datanode-6/data/ratis/a3445d1b-f12a-43dd-a60c-a2cbf7e55b6e: created new log segment /tmp/workdir/hadoop-ozone/integration-test/target/test-dir/MiniOzoneClusterImpl-5bfc6e0b-967d-4665-bd73-027a5ac739b6/datanode-6/data/ratis/a3445d1b-f12a-43dd-a60c-a2cbf7e55b6e/current/log_inprogress_0
2019-07-13 19:14:02,846 INFO  impl.FollowerState (FollowerState.java:run(106)) - 1ebbbf85-280c-4818-995a-ec41fe3171d4:group-93EB25F1631D changes to CANDIDATE, lastRpcTime:5012, electionTimeout:5010ms
2019-07-13 19:14:02,847 INFO  impl.RoleInfo (RoleInfo.java:shutdownFollowerState(121)) - 1ebbbf85-280c-4818-995a-ec41fe3171d4: shutdown FollowerState
2019-07-13 19:14:02,847 INFO  impl.RaftServerImpl (RaftServerImpl.java:setRole(171)) - 1ebbbf85-280c-4818-995a-ec41fe3171d4:group-93EB25F1631D changes role from FOLLOWER to CANDIDATE at term 0 for changeToCandidate
2019-07-13 19:14:02,847 INFO  impl.RoleInfo (RoleInfo.java:updateAndGet(143)) - 1ebbbf85-280c-4818-995a-ec41fe3171d4: start LeaderElection
2019-07-13 19:14:02,860 INFO  impl.LeaderElection (LeaderElection.java:askForVotes(181)) - 90d95711-f8eb-4c5d-a305-ad1e3a715ae6:group-93EB25F1631D:LeaderElection8: begin an election at term 1 for -1: [90d95711-f8eb-4c5d-a305-ad1e3a715ae6:192.168.69.122:46336, 1ebbbf85-280c-4818-995a-ec41fe3171d4:192.168.69.122:43657, 1f5c7cff-78d9-439f-b565-061acdcd80d7:192.168.69.122:39521], old=null
2019-07-13 19:14:02,860 INFO  impl.LeaderElection (LeaderElection.java:askForVotes(181)) - 9ddde0e9-7d2b-4d00-a9cd-342c5cb1a881:group-9CE9C7DEC77B:LeaderElection7: begin an election at term 1 for -1: [9ddde0e9-7d2b-4d00-a9cd-342c5cb1a881:192.168.69.122:38131], old=null
2019-07-13 19:14:02,860 INFO  impl.LeaderElection (LeaderElection.java:askForVotes(181)) - 1ebbbf85-280c-4818-995a-ec41fe3171d4:group-93EB25F1631D:LeaderElection9: begin an election at term 1 for -1: [90d95711-f8eb-4c5d-a305-ad1e3a715ae6:192.168.69.122:46336, 1ebbbf85-280c-4818-995a-ec41fe3171d4:192.168.69.122:43657, 1f5c7cff-78d9-439f-b565-061acdcd80d7:192.168.69.122:39521], old=null
2019-07-13 19:14:02,863 INFO  impl.RoleInfo (RoleInfo.java:shutdownLeaderElection(134)) - 9ddde0e9-7d2b-4d00-a9cd-342c5cb1a881: shutdown LeaderElection
2019-07-13 19:14:02,863 INFO  impl.RaftServerImpl (RaftServerImpl.java:setRole(171)) - 9ddde0e9-7d2b-4d00-a9cd-342c5cb1a881:group-9CE9C7DEC77B changes role from CANDIDATE to LEADER at term 1 for changeToLeader
2019-07-13 19:14:02,863 INFO  impl.RaftServerImpl (ServerState.java:setLeader(263)) - 9ddde0e9-7d2b-4d00-a9cd-342c5cb1a881:group-9CE9C7DEC77B change Leader from null to 9ddde0e9-7d2b-4d00-a9cd-342c5cb1a881 at term 1 for becomeLeader, leader elected after 5158ms
2019-07-13 19:14:02,865 INFO  server.RaftServerConfigKeys (ConfUtils.java:logGet(43)) - raft.server.staging.catchup.gap = 1000 (default)
2019-07-13 19:14:02,865 INFO  server.RaftServerConfigKeys (ConfUtils.java:logGet(43)) - raft.server.rpc.sleep.time = 25ms (default)
2019-07-13 19:14:02,865 INFO  server.RaftServerConfigKeys (ConfUtils.java:logGet(43)) - raft.server.write.element-limit = 4096 (default)
2019-07-13 19:14:02,865 INFO  server.RaftServerConfigKeys (ConfUtils.java:logGet(43)) - raft.server.watch.timeout = 10s (default)
2019-07-13 19:14:02,865 INFO  server.RaftServerConfigKeys (ConfUtils.java:logGet(43)) - raft.server.watch.timeout.denomination = 1s (default)
2019-07-13 19:14:02,866 INFO  server.RaftServerConfigKeys (ConfUtils.java:logGet(43)) - raft.server.watch.element-limit = 65536 (default)
2019-07-13 19:14:02,866 INFO  impl.RoleInfo (RoleInfo.java:updateAndGet(143)) - 9ddde0e9-7d2b-4d00-a9cd-342c5cb1a881: start LeaderState
2019-07-13 19:14:02,866 INFO  segmented.SegmentedRaftLogWorker (SegmentedRaftLogWorker.java:startLogSegment(380)) - 9ddde0e9-7d2b-4d00-a9cd-342c5cb1a881-SegmentedRaftLogWorker:Storage Directory /tmp/workdir/hadoop-ozone/integration-test/target/test-dir/MiniOzoneClusterImpl-5bfc6e0b-967d-4665-bd73-027a5ac739b6/datanode-5/data/ratis/a1e1e5d6-d05c-4882-9805-9ce9c7dec77b: Starting segment from index:0
2019-07-13 19:14:02,867 INFO  impl.RaftServerImpl (ServerState.java:setRaftConf(361)) - 9ddde0e9-7d2b-4d00-a9cd-342c5cb1a881:group-9CE9C7DEC77B set configuration 0: [9ddde0e9-7d2b-4d00-a9cd-342c5cb1a881:192.168.69.122:38131], old=null at 0
2019-07-13 19:14:02,903 INFO  segmented.SegmentedRaftLogWorker (SegmentedRaftLogWorker.java:execute(569)) - 9ddde0e9-7d2b-4d00-a9cd-342c5cb1a881-SegmentedRaftLogWorker:Storage Directory /tmp/workdir/hadoop-ozone/integration-test/target/test-dir/MiniOzoneClusterImpl-5bfc6e0b-967d-4665-bd73-027a5ac739b6/datanode-5/data/ratis/a1e1e5d6-d05c-4882-9805-9ce9c7dec77b: created new log segment /tmp/workdir/hadoop-ozone/integration-test/target/test-dir/MiniOzoneClusterImpl-5bfc6e0b-967d-4665-bd73-027a5ac739b6/datanode-5/data/ratis/a1e1e5d6-d05c-4882-9805-9ce9c7dec77b/current/log_inprogress_0
2019-07-13 19:14:02,927 INFO  impl.RaftServerImpl (RaftServerImpl.java:setRole(171)) - 1f5c7cff-78d9-439f-b565-061acdcd80d7:group-93EB25F1631D changes role from FOLLOWER to FOLLOWER at term 1 for recognizeCandidate:1ebbbf85-280c-4818-995a-ec41fe3171d4
2019-07-13 19:14:02,927 INFO  impl.RoleInfo (RoleInfo.java:shutdownFollowerState(121)) - 1f5c7cff-78d9-439f-b565-061acdcd80d7: shutdown FollowerState
2019-07-13 19:14:02,927 INFO  impl.RoleInfo (RoleInfo.java:updateAndGet(143)) - 1f5c7cff-78d9-439f-b565-061acdcd80d7: start FollowerState
2019-07-13 19:14:02,928 INFO  impl.FollowerState (FollowerState.java:run(114)) - 1f5c7cff-78d9-439f-b565-061acdcd80d7: FollowerState was interrupted: java.lang.InterruptedException: sleep interrupted
2019-07-13 19:14:02,962 INFO  impl.LeaderElection (LeaderElection.java:logAndReturn(56)) - 1ebbbf85-280c-4818-995a-ec41fe3171d4:group-93EB25F1631D:LeaderElection9: Election PASSED; received 2 response(s) [1ebbbf85-280c-4818-995a-ec41fe3171d4<-90d95711-f8eb-4c5d-a305-ad1e3a715ae6#0:FAIL-t1, 1ebbbf85-280c-4818-995a-ec41fe3171d4<-1f5c7cff-78d9-439f-b565-061acdcd80d7#0:OK-t1] and 0 exception(s); 1ebbbf85-280c-4818-995a-ec41fe3171d4:t1, leader=null, voted=1ebbbf85-280c-4818-995a-ec41fe3171d4, raftlog=1ebbbf85-280c-4818-995a-ec41fe3171d4-SegmentedRaftLog:OPENED:c-1,f-1,i0, conf=-1: [90d95711-f8eb-4c5d-a305-ad1e3a715ae6:192.168.69.122:46336, 1ebbbf85-280c-4818-995a-ec41fe3171d4:192.168.69.122:43657, 1f5c7cff-78d9-439f-b565-061acdcd80d7:192.168.69.122:39521], old=null
2019-07-13 19:14:02,962 INFO  impl.LeaderElection (LeaderElection.java:logAndReturn(56)) - 90d95711-f8eb-4c5d-a305-ad1e3a715ae6:group-93EB25F1631D:LeaderElection8: Election REJECTED; received 2 response(s) [90d95711-f8eb-4c5d-a305-ad1e3a715ae6<-1ebbbf85-280c-4818-995a-ec41fe3171d4#0:FAIL-t1, 90d95711-f8eb-4c5d-a305-ad1e3a715ae6<-1f5c7cff-78d9-439f-b565-061acdcd80d7#0:FAIL-t1] and 0 exception(s); 90d95711-f8eb-4c5d-a305-ad1e3a715ae6:t1, leader=null, voted=90d95711-f8eb-4c5d-a305-ad1e3a715ae6, raftlog=90d95711-f8eb-4c5d-a305-ad1e3a715ae6-SegmentedRaftLog:OPENED:c-1,f-1,i0, conf=-1: [90d95711-f8eb-4c5d-a305-ad1e3a715ae6:192.168.69.122:46336, 1ebbbf85-280c-4818-995a-ec41fe3171d4:192.168.69.122:43657, 1f5c7cff-78d9-439f-b565-061acdcd80d7:192.168.69.122:39521], old=null
2019-07-13 19:14:02,962 INFO  impl.RoleInfo (RoleInfo.java:shutdownLeaderElection(134)) - 1ebbbf85-280c-4818-995a-ec41fe3171d4: shutdown LeaderElection
2019-07-13 19:14:02,964 INFO  impl.RaftServerImpl (RaftServerImpl.java:setRole(171)) - 1ebbbf85-280c-4818-995a-ec41fe3171d4:group-93EB25F1631D changes role from CANDIDATE to LEADER at term 1 for changeToLeader
2019-07-13 19:14:02,964 INFO  impl.RaftServerImpl (ServerState.java:setLeader(263)) - 1ebbbf85-280c-4818-995a-ec41fe3171d4:group-93EB25F1631D change Leader from null to 1ebbbf85-280c-4818-995a-ec41fe3171d4 at term 1 for becomeLeader, leader elected after 5147ms
2019-07-13 19:14:02,966 INFO  impl.RaftServerImpl (RaftServerImpl.java:setRole(171)) - 90d95711-f8eb-4c5d-a305-ad1e3a715ae6:group-93EB25F1631D changes role from CANDIDATE to FOLLOWER at term 1 for DISCOVERED_A_NEW_TERM
2019-07-13 19:14:02,967 INFO  server.RaftServerConfigKeys (ConfUtils.java:logGet(43)) - raft.server.staging.catchup.gap = 1000 (default)
2019-07-13 19:14:02,970 INFO  impl.RoleInfo (RoleInfo.java:shutdownLeaderElection(134)) - 90d95711-f8eb-4c5d-a305-ad1e3a715ae6: shutdown LeaderElection
2019-07-13 19:14:02,970 INFO  server.RaftServerConfigKeys (ConfUtils.java:logGet(43)) - raft.server.rpc.sleep.time = 25ms (default)
2019-07-13 19:14:02,971 INFO  impl.RoleInfo (RoleInfo.java:updateAndGet(143)) - 90d95711-f8eb-4c5d-a305-ad1e3a715ae6: start FollowerState
2019-07-13 19:14:02,971 INFO  server.RaftServerConfigKeys (ConfUtils.java:logGet(43)) - raft.server.write.element-limit = 4096 (default)
2019-07-13 19:14:02,971 INFO  server.RaftServerConfigKeys (ConfUtils.java:logGet(43)) - raft.server.watch.timeout = 10s (default)
2019-07-13 19:14:02,972 INFO  server.RaftServerConfigKeys (ConfUtils.java:logGet(43)) - raft.server.watch.timeout.denomination = 1s (default)
2019-07-13 19:14:02,972 INFO  server.RaftServerConfigKeys (ConfUtils.java:logGet(43)) - raft.server.watch.element-limit = 65536 (default)
2019-07-13 19:14:02,974 INFO  server.RaftServerConfigKeys (ConfUtils.java:logGet(43)) - raft.server.log.appender.snapshot.chunk.size.max = 16MB (=16777216) (default)
2019-07-13 19:14:02,975 INFO  server.RaftServerConfigKeys (ConfUtils.java:logGet(43)) - raft.server.log.appender.buffer.byte-limit = 33554432 (custom)
2019-07-13 19:14:02,975 INFO  server.RaftServerConfigKeys (ConfUtils.java:logGet(43)) - raft.server.log.appender.buffer.element-limit = 1 (custom)
2019-07-13 19:14:02,978 INFO  grpc.GrpcConfigKeys$Server (ConfUtils.java:logGet(43)) - raft.grpc.server.leader.outstanding.appends.max = 128 (default)
2019-07-13 19:14:02,979 INFO  server.RaftServerConfigKeys (ConfUtils.java:logGet(43)) - raft.server.rpc.request.timeout = 3000ms (default)
2019-07-13 19:14:02,979 INFO  server.RaftServerConfigKeys (ConfUtils.java:logGet(43)) - raft.server.log.appender.install.snapshot.enabled = false (custom)
2019-07-13 19:14:02,979 INFO  server.RaftServerConfigKeys (ConfUtils.java:logGet(43)) - raft.server.log.appender.snapshot.chunk.size.max = 16MB (=16777216) (default)
2019-07-13 19:14:02,980 INFO  server.RaftServerConfigKeys (ConfUtils.java:logGet(43)) - raft.server.log.appender.buffer.byte-limit = 33554432 (custom)
2019-07-13 19:14:02,980 INFO  server.RaftServerConfigKeys (ConfUtils.java:logGet(43)) - raft.server.log.appender.buffer.element-limit = 1 (custom)
2019-07-13 19:14:02,980 INFO  grpc.GrpcConfigKeys$Server (ConfUtils.java:logGet(43)) - raft.grpc.server.leader.outstanding.appends.max = 128 (default)
2019-07-13 19:14:02,980 INFO  server.RaftServerConfigKeys (ConfUtils.java:logGet(43)) - raft.server.rpc.request.timeout = 3000ms (default)
2019-07-13 19:14:02,980 INFO  server.RaftServerConfigKeys (ConfUtils.java:logGet(43)) - raft.server.log.appender.install.snapshot.enabled = false (custom)
2019-07-13 19:14:02,981 INFO  impl.RoleInfo (RoleInfo.java:updateAndGet(143)) - 1ebbbf85-280c-4818-995a-ec41fe3171d4: start LeaderState
2019-07-13 19:14:02,981 INFO  segmented.SegmentedRaftLogWorker (SegmentedRaftLogWorker.java:startLogSegment(380)) - 1ebbbf85-280c-4818-995a-ec41fe3171d4-SegmentedRaftLogWorker:Storage Directory /tmp/workdir/hadoop-ozone/integration-test/target/test-dir/MiniOzoneClusterImpl-5bfc6e0b-967d-4665-bd73-027a5ac739b6/datanode-0/data/ratis/059cd7fd-d0d8-4489-80f6-93eb25f1631d: Starting segment from index:0
2019-07-13 19:14:02,982 INFO  impl.RaftServerImpl (ServerState.java:setRaftConf(361)) - 1ebbbf85-280c-4818-995a-ec41fe3171d4:group-93EB25F1631D set configuration 0: [90d95711-f8eb-4c5d-a305-ad1e3a715ae6:192.168.69.122:46336, 1ebbbf85-280c-4818-995a-ec41fe3171d4:192.168.69.122:43657, 1f5c7cff-78d9-439f-b565-061acdcd80d7:192.168.69.122:39521], old=null at 0
2019-07-13 19:14:03,001 INFO  impl.FollowerState (FollowerState.java:run(106)) - e12f3e19-727c-46e4-8b5e-ac543c0d4164:group-04BC22F76CA6 changes to CANDIDATE, lastRpcTime:5032, electionTimeout:5031ms
2019-07-13 19:14:03,001 INFO  impl.RoleInfo (RoleInfo.java:shutdownFollowerState(121)) - e12f3e19-727c-46e4-8b5e-ac543c0d4164: shutdown FollowerState
2019-07-13 19:14:03,001 INFO  impl.RaftServerImpl (RaftServerImpl.java:setRole(171)) - e12f3e19-727c-46e4-8b5e-ac543c0d4164:group-04BC22F76CA6 changes role from FOLLOWER to CANDIDATE at term 0 for changeToCandidate
2019-07-13 19:14:03,001 INFO  impl.RoleInfo (RoleInfo.java:updateAndGet(143)) - e12f3e19-727c-46e4-8b5e-ac543c0d4164: start LeaderElection
2019-07-13 19:14:03,014 INFO  segmented.SegmentedRaftLogWorker (SegmentedRaftLogWorker.java:execute(569)) - 1ebbbf85-280c-4818-995a-ec41fe3171d4-SegmentedRaftLogWorker:Storage Directory /tmp/workdir/hadoop-ozone/integration-test/target/test-dir/MiniOzoneClusterImpl-5bfc6e0b-967d-4665-bd73-027a5ac739b6/datanode-0/data/ratis/059cd7fd-d0d8-4489-80f6-93eb25f1631d: created new log segment /tmp/workdir/hadoop-ozone/integration-test/target/test-dir/MiniOzoneClusterImpl-5bfc6e0b-967d-4665-bd73-027a5ac739b6/datanode-0/data/ratis/059cd7fd-d0d8-4489-80f6-93eb25f1631d/current/log_inprogress_0
2019-07-13 19:14:03,014 INFO  impl.LeaderElection (LeaderElection.java:askForVotes(181)) - e12f3e19-727c-46e4-8b5e-ac543c0d4164:group-04BC22F76CA6:LeaderElection10: begin an election at term 1 for -1: [71c4eb8e-be83-4684-9612-b890f30a8959:192.168.69.122:40397, 931197b3-0e30-46fd-be87-7d3c3b9580e5:192.168.69.122:44810, e12f3e19-727c-46e4-8b5e-ac543c0d4164:192.168.69.122:44714], old=null
2019-07-13 19:14:03,025 INFO  impl.FollowerState (FollowerState.java:run(106)) - 931197b3-0e30-46fd-be87-7d3c3b9580e5:group-04BC22F76CA6 changes to CANDIDATE, lastRpcTime:5064, electionTimeout:5064ms
2019-07-13 19:14:03,027 INFO  impl.RoleInfo (RoleInfo.java:shutdownFollowerState(121)) - 931197b3-0e30-46fd-be87-7d3c3b9580e5: shutdown FollowerState
2019-07-13 19:14:03,027 INFO  impl.RaftServerImpl (RaftServerImpl.java:setRole(171)) - 931197b3-0e30-46fd-be87-7d3c3b9580e5:group-04BC22F76CA6 changes role from FOLLOWER to CANDIDATE at term 0 for changeToCandidate
2019-07-13 19:14:03,031 INFO  impl.RoleInfo (RoleInfo.java:updateAndGet(143)) - 931197b3-0e30-46fd-be87-7d3c3b9580e5: start LeaderElection
2019-07-13 19:14:03,032 INFO  impl.RaftServerImpl (ServerState.java:setLeader(263)) - 1f5c7cff-78d9-439f-b565-061acdcd80d7:group-93EB25F1631D change Leader from null to 1ebbbf85-280c-4818-995a-ec41fe3171d4 at term 1 for appendEntries, leader elected after 5215ms
2019-07-13 19:14:03,036 INFO  impl.RaftServerImpl (ServerState.java:setLeader(263)) - 90d95711-f8eb-4c5d-a305-ad1e3a715ae6:group-93EB25F1631D change Leader from null to 1ebbbf85-280c-4818-995a-ec41fe3171d4 at term 1 for appendEntries, leader elected after 5215ms
2019-07-13 19:14:03,042 INFO  impl.RaftServerImpl (RaftServerImpl.java:setRole(171)) - 71c4eb8e-be83-4684-9612-b890f30a8959:group-04BC22F76CA6 changes role from FOLLOWER to FOLLOWER at term 1 for recognizeCandidate:e12f3e19-727c-46e4-8b5e-ac543c0d4164
2019-07-13 19:14:03,042 INFO  impl.RoleInfo (RoleInfo.java:shutdownFollowerState(121)) - 71c4eb8e-be83-4684-9612-b890f30a8959: shutdown FollowerState
2019-07-13 19:14:03,042 INFO  impl.RoleInfo (RoleInfo.java:updateAndGet(143)) - 71c4eb8e-be83-4684-9612-b890f30a8959: start FollowerState
2019-07-13 19:14:03,042 INFO  impl.FollowerState (FollowerState.java:run(114)) - 71c4eb8e-be83-4684-9612-b890f30a8959: FollowerState was interrupted: java.lang.InterruptedException: sleep interrupted
2019-07-13 19:14:03,056 INFO  impl.LeaderElection (LeaderElection.java:askForVotes(181)) - 931197b3-0e30-46fd-be87-7d3c3b9580e5:group-04BC22F76CA6:LeaderElection11: begin an election at term 1 for -1: [71c4eb8e-be83-4684-9612-b890f30a8959:192.168.69.122:40397, 931197b3-0e30-46fd-be87-7d3c3b9580e5:192.168.69.122:44810, e12f3e19-727c-46e4-8b5e-ac543c0d4164:192.168.69.122:44714], old=null
2019-07-13 19:14:03,066 INFO  client.GrpcClientProtocolClient (GrpcClientProtocolClient.java:onNext(255)) - client-3456CFEA17CD->931197b3-0e30-46fd-be87-7d3c3b9580e5: receive RaftClientReply:client-3456CFEA17CD->931197b3-0e30-46fd-be87-7d3c3b9580e5@group-04BC22F76CA6, cid=13, FAILED org.apache.ratis.protocol.NotLeaderException: Server 931197b3-0e30-46fd-be87-7d3c3b9580e5 is not the leader (null). Request must be sent to leader., logIndex=0, commits[931197b3-0e30-46fd-be87-7d3c3b9580e5:c-1]
2019-07-13 19:14:03,076 INFO  impl.LeaderElection (LeaderElection.java:logAndReturn(56)) - e12f3e19-727c-46e4-8b5e-ac543c0d4164:group-04BC22F76CA6:LeaderElection10: Election PASSED; received 2 response(s) [e12f3e19-727c-46e4-8b5e-ac543c0d4164<-71c4eb8e-be83-4684-9612-b890f30a8959#0:OK-t1, e12f3e19-727c-46e4-8b5e-ac543c0d4164<-931197b3-0e30-46fd-be87-7d3c3b9580e5#0:FAIL-t1] and 0 exception(s); e12f3e19-727c-46e4-8b5e-ac543c0d4164:t1, leader=null, voted=e12f3e19-727c-46e4-8b5e-ac543c0d4164, raftlog=e12f3e19-727c-46e4-8b5e-ac543c0d4164-SegmentedRaftLog:OPENED:c-1,f-1,i0, conf=-1: [71c4eb8e-be83-4684-9612-b890f30a8959:192.168.69.122:40397, 931197b3-0e30-46fd-be87-7d3c3b9580e5:192.168.69.122:44810, e12f3e19-727c-46e4-8b5e-ac543c0d4164:192.168.69.122:44714], old=null
2019-07-13 19:14:03,076 INFO  impl.RoleInfo (RoleInfo.java:shutdownLeaderElection(134)) - e12f3e19-727c-46e4-8b5e-ac543c0d4164: shutdown LeaderElection
2019-07-13 19:14:03,080 INFO  impl.RaftServerImpl (RaftServerImpl.java:setRole(171)) - e12f3e19-727c-46e4-8b5e-ac543c0d4164:group-04BC22F76CA6 changes role from CANDIDATE to LEADER at term 1 for changeToLeader
2019-07-13 19:14:03,080 INFO  impl.RaftServerImpl (ServerState.java:setLeader(263)) - e12f3e19-727c-46e4-8b5e-ac543c0d4164:group-04BC22F76CA6 change Leader from null to e12f3e19-727c-46e4-8b5e-ac543c0d4164 at term 1 for becomeLeader, leader elected after 5133ms
2019-07-13 19:14:03,080 INFO  server.RaftServerConfigKeys (ConfUtils.java:logGet(43)) - raft.server.staging.catchup.gap = 1000 (default)
2019-07-13 19:14:03,081 INFO  server.RaftServerConfigKeys (ConfUtils.java:logGet(43)) - raft.server.rpc.sleep.time = 25ms (default)
2019-07-13 19:14:03,081 INFO  server.RaftServerConfigKeys (ConfUtils.java:logGet(43)) - raft.server.write.element-limit = 4096 (default)
2019-07-13 19:14:03,081 INFO  server.RaftServerConfigKeys (ConfUtils.java:logGet(43)) - raft.server.watch.timeout = 10s (default)
2019-07-13 19:14:03,081 INFO  server.RaftServerConfigKeys (ConfUtils.java:logGet(43)) - raft.server.watch.timeout.denomination = 1s (default)
2019-07-13 19:14:03,081 INFO  server.RaftServerConfigKeys (ConfUtils.java:logGet(43)) - raft.server.watch.element-limit = 65536 (default)
2019-07-13 19:14:03,083 INFO  server.RaftServerConfigKeys (ConfUtils.java:logGet(43)) - raft.server.log.appender.snapshot.chunk.size.max = 16MB (=16777216) (default)
2019-07-13 19:14:03,084 INFO  server.RaftServerConfigKeys (ConfUtils.java:logGet(43)) - raft.server.log.appender.buffer.byte-limit = 33554432 (custom)
2019-07-13 19:14:03,084 INFO  server.RaftServerConfigKeys (ConfUtils.java:logGet(43)) - raft.server.log.appender.buffer.element-limit = 1 (custom)
2019-07-13 19:14:03,086 INFO  grpc.GrpcConfigKeys$Server (ConfUtils.java:logGet(43)) - raft.grpc.server.leader.outstanding.appends.max = 128 (default)
2019-07-13 19:14:03,086 INFO  server.RaftServerConfigKeys (ConfUtils.java:logGet(43)) - raft.server.rpc.request.timeout = 3000ms (default)
2019-07-13 19:14:03,086 INFO  server.RaftServerConfigKeys (ConfUtils.java:logGet(43)) - raft.server.log.appender.install.snapshot.enabled = false (custom)
2019-07-13 19:14:03,086 INFO  server.RaftServerConfigKeys (ConfUtils.java:logGet(43)) - raft.server.log.appender.snapshot.chunk.size.max = 16MB (=16777216) (default)
2019-07-13 19:14:03,088 INFO  server.RaftServerConfigKeys (ConfUtils.java:logGet(43)) - raft.server.log.appender.buffer.byte-limit = 33554432 (custom)
2019-07-13 19:14:03,089 INFO  server.RaftServerConfigKeys (ConfUtils.java:logGet(43)) - raft.server.log.appender.buffer.element-limit = 1 (custom)
2019-07-13 19:14:03,089 INFO  grpc.GrpcConfigKeys$Server (ConfUtils.java:logGet(43)) - raft.grpc.server.leader.outstanding.appends.max = 128 (default)
2019-07-13 19:14:03,089 INFO  server.RaftServerConfigKeys (ConfUtils.java:logGet(43)) - raft.server.rpc.request.timeout = 3000ms (default)
2019-07-13 19:14:03,089 INFO  server.RaftServerConfigKeys (ConfUtils.java:logGet(43)) - raft.server.log.appender.install.snapshot.enabled = false (custom)
2019-07-13 19:14:03,090 INFO  impl.RoleInfo (RoleInfo.java:updateAndGet(143)) - e12f3e19-727c-46e4-8b5e-ac543c0d4164: start LeaderState
2019-07-13 19:14:03,090 INFO  segmented.SegmentedRaftLogWorker (SegmentedRaftLogWorker.java:startLogSegment(380)) - e12f3e19-727c-46e4-8b5e-ac543c0d4164-SegmentedRaftLogWorker:Storage Directory /tmp/workdir/hadoop-ozone/integration-test/target/test-dir/MiniOzoneClusterImpl-5bfc6e0b-967d-4665-bd73-027a5ac739b6/datanode-6/data/ratis/a54efe3d-c413-4df7-9165-04bc22f76ca6: Starting segment from index:0
2019-07-13 19:14:03,094 INFO  impl.RaftServerImpl (ServerState.java:setRaftConf(361)) - e12f3e19-727c-46e4-8b5e-ac543c0d4164:group-04BC22F76CA6 set configuration 0: [71c4eb8e-be83-4684-9612-b890f30a8959:192.168.69.122:40397, 931197b3-0e30-46fd-be87-7d3c3b9580e5:192.168.69.122:44810, e12f3e19-727c-46e4-8b5e-ac543c0d4164:192.168.69.122:44714], old=null at 0
2019-07-13 19:14:03,114 INFO  impl.RaftServerImpl (RaftServerImpl.java:requestVote(754)) - e12f3e19-727c-46e4-8b5e-ac543c0d4164-LEADER: Withhold vote from candidate 931197b3-0e30-46fd-be87-7d3c3b9580e5 with term 1. State: leader=e12f3e19-727c-46e4-8b5e-ac543c0d4164, term=1, lastRpcElapsed=null
2019-07-13 19:14:03,126 INFO  impl.RaftServerImpl (RaftServerImpl.java:setRole(171)) - 931197b3-0e30-46fd-be87-7d3c3b9580e5:group-04BC22F76CA6 changes role from CANDIDATE to FOLLOWER at term 1 for appendEntries
2019-07-13 19:14:03,128 INFO  segmented.SegmentedRaftLogWorker (SegmentedRaftLogWorker.java:execute(569)) - e12f3e19-727c-46e4-8b5e-ac543c0d4164-SegmentedRaftLogWorker:Storage Directory /tmp/workdir/hadoop-ozone/integration-test/target/test-dir/MiniOzoneClusterImpl-5bfc6e0b-967d-4665-bd73-027a5ac739b6/datanode-6/data/ratis/a54efe3d-c413-4df7-9165-04bc22f76ca6: created new log segment /tmp/workdir/hadoop-ozone/integration-test/target/test-dir/MiniOzoneClusterImpl-5bfc6e0b-967d-4665-bd73-027a5ac739b6/datanode-6/data/ratis/a54efe3d-c413-4df7-9165-04bc22f76ca6/current/log_inprogress_0
2019-07-13 19:14:03,129 INFO  impl.RoleInfo (RoleInfo.java:shutdownLeaderElection(134)) - 931197b3-0e30-46fd-be87-7d3c3b9580e5: shutdown LeaderElection
2019-07-13 19:14:03,129 INFO  impl.RaftServerImpl (ServerState.java:setLeader(263)) - 71c4eb8e-be83-4684-9612-b890f30a8959:group-04BC22F76CA6 change Leader from null to e12f3e19-727c-46e4-8b5e-ac543c0d4164 at term 1 for appendEntries, leader elected after 5182ms
2019-07-13 19:14:03,131 INFO  impl.RoleInfo (RoleInfo.java:updateAndGet(143)) - 931197b3-0e30-46fd-be87-7d3c3b9580e5: start FollowerState
2019-07-13 19:14:03,132 INFO  impl.LeaderElection (LeaderElection.java:logAndReturn(56)) - 931197b3-0e30-46fd-be87-7d3c3b9580e5:group-04BC22F76CA6:LeaderElection11: Election REJECTED; received 2 response(s) [931197b3-0e30-46fd-be87-7d3c3b9580e5<-71c4eb8e-be83-4684-9612-b890f30a8959#0:FAIL-t1, 931197b3-0e30-46fd-be87-7d3c3b9580e5<-e12f3e19-727c-46e4-8b5e-ac543c0d4164#0:FAIL-t1] and 0 exception(s); 931197b3-0e30-46fd-be87-7d3c3b9580e5:t1, leader=null, voted=931197b3-0e30-46fd-be87-7d3c3b9580e5, raftlog=931197b3-0e30-46fd-be87-7d3c3b9580e5-SegmentedRaftLog:OPENED:c-1,f-1,i0, conf=-1: [71c4eb8e-be83-4684-9612-b890f30a8959:192.168.69.122:40397, 931197b3-0e30-46fd-be87-7d3c3b9580e5:192.168.69.122:44810, e12f3e19-727c-46e4-8b5e-ac543c0d4164:192.168.69.122:44714], old=null
2019-07-13 19:14:03,132 INFO  impl.RaftServerImpl (ServerState.java:setLeader(263)) - 931197b3-0e30-46fd-be87-7d3c3b9580e5:group-04BC22F76CA6 change Leader from null to e12f3e19-727c-46e4-8b5e-ac543c0d4164 at term 1 for appendEntries, leader elected after 5185ms
2019-07-13 19:14:03,145 INFO  impl.RaftServerImpl (ServerState.java:setRaftConf(361)) - 931197b3-0e30-46fd-be87-7d3c3b9580e5:group-04BC22F76CA6 set configuration 0: [71c4eb8e-be83-4684-9612-b890f30a8959:192.168.69.122:40397, 931197b3-0e30-46fd-be87-7d3c3b9580e5:192.168.69.122:44810, e12f3e19-727c-46e4-8b5e-ac543c0d4164:192.168.69.122:44714], old=null at 0
2019-07-13 19:14:03,148 INFO  impl.RaftServerImpl (ServerState.java:setRaftConf(361)) - 71c4eb8e-be83-4684-9612-b890f30a8959:group-04BC22F76CA6 set configuration 0: [71c4eb8e-be83-4684-9612-b890f30a8959:192.168.69.122:40397, 931197b3-0e30-46fd-be87-7d3c3b9580e5:192.168.69.122:44810, e12f3e19-727c-46e4-8b5e-ac543c0d4164:192.168.69.122:44714], old=null at 0
2019-07-13 19:14:03,148 INFO  segmented.SegmentedRaftLogWorker (SegmentedRaftLogWorker.java:startLogSegment(380)) - 931197b3-0e30-46fd-be87-7d3c3b9580e5-SegmentedRaftLogWorker:Storage Directory /tmp/workdir/hadoop-ozone/integration-test/target/test-dir/MiniOzoneClusterImpl-5bfc6e0b-967d-4665-bd73-027a5ac739b6/datanode-3/data/ratis/a54efe3d-c413-4df7-9165-04bc22f76ca6: Starting segment from index:0
2019-07-13 19:14:03,145 INFO  impl.RaftServerImpl (ServerState.java:setRaftConf(361)) - 90d95711-f8eb-4c5d-a305-ad1e3a715ae6:group-93EB25F1631D set configuration 0: [90d95711-f8eb-4c5d-a305-ad1e3a715ae6:192.168.69.122:46336, 1ebbbf85-280c-4818-995a-ec41fe3171d4:192.168.69.122:43657, 1f5c7cff-78d9-439f-b565-061acdcd80d7:192.168.69.122:39521], old=null at 0
2019-07-13 19:14:03,145 INFO  impl.RaftServerImpl (ServerState.java:setRaftConf(361)) - 1f5c7cff-78d9-439f-b565-061acdcd80d7:group-93EB25F1631D set configuration 0: [90d95711-f8eb-4c5d-a305-ad1e3a715ae6:192.168.69.122:46336, 1ebbbf85-280c-4818-995a-ec41fe3171d4:192.168.69.122:43657, 1f5c7cff-78d9-439f-b565-061acdcd80d7:192.168.69.122:39521], old=null at 0
2019-07-13 19:14:03,149 INFO  segmented.SegmentedRaftLogWorker (SegmentedRaftLogWorker.java:startLogSegment(380)) - 90d95711-f8eb-4c5d-a305-ad1e3a715ae6-SegmentedRaftLogWorker:Storage Directory /tmp/workdir/hadoop-ozone/integration-test/target/test-dir/MiniOzoneClusterImpl-5bfc6e0b-967d-4665-bd73-027a5ac739b6/datanode-4/data/ratis/059cd7fd-d0d8-4489-80f6-93eb25f1631d: Starting segment from index:0
2019-07-13 19:14:03,148 INFO  segmented.SegmentedRaftLogWorker (SegmentedRaftLogWorker.java:startLogSegment(380)) - 71c4eb8e-be83-4684-9612-b890f30a8959-SegmentedRaftLogWorker:Storage Directory /tmp/workdir/hadoop-ozone/integration-test/target/test-dir/MiniOzoneClusterImpl-5bfc6e0b-967d-4665-bd73-027a5ac739b6/datanode-2/data/ratis/a54efe3d-c413-4df7-9165-04bc22f76ca6: Starting segment from index:0
2019-07-13 19:14:03,149 INFO  segmented.SegmentedRaftLogWorker (SegmentedRaftLogWorker.java:startLogSegment(380)) - 1f5c7cff-78d9-439f-b565-061acdcd80d7-SegmentedRaftLogWorker:Storage Directory /tmp/workdir/hadoop-ozone/integration-test/target/test-dir/MiniOzoneClusterImpl-5bfc6e0b-967d-4665-bd73-027a5ac739b6/datanode-1/data/ratis/059cd7fd-d0d8-4489-80f6-93eb25f1631d: Starting segment from index:0
2019-07-13 19:14:03,180 INFO  segmented.SegmentedRaftLogWorker (SegmentedRaftLogWorker.java:execute(569)) - 931197b3-0e30-46fd-be87-7d3c3b9580e5-SegmentedRaftLogWorker:Storage Directory /tmp/workdir/hadoop-ozone/integration-test/target/test-dir/MiniOzoneClusterImpl-5bfc6e0b-967d-4665-bd73-027a5ac739b6/datanode-3/data/ratis/a54efe3d-c413-4df7-9165-04bc22f76ca6: created new log segment /tmp/workdir/hadoop-ozone/integration-test/target/test-dir/MiniOzoneClusterImpl-5bfc6e0b-967d-4665-bd73-027a5ac739b6/datanode-3/data/ratis/a54efe3d-c413-4df7-9165-04bc22f76ca6/current/log_inprogress_0
2019-07-13 19:14:03,180 INFO  segmented.SegmentedRaftLogWorker (SegmentedRaftLogWorker.java:execute(569)) - 90d95711-f8eb-4c5d-a305-ad1e3a715ae6-SegmentedRaftLogWorker:Storage Directory /tmp/workdir/hadoop-ozone/integration-test/target/test-dir/MiniOzoneClusterImpl-5bfc6e0b-967d-4665-bd73-027a5ac739b6/datanode-4/data/ratis/059cd7fd-d0d8-4489-80f6-93eb25f1631d: created new log segment /tmp/workdir/hadoop-ozone/integration-test/target/test-dir/MiniOzoneClusterImpl-5bfc6e0b-967d-4665-bd73-027a5ac739b6/datanode-4/data/ratis/059cd7fd-d0d8-4489-80f6-93eb25f1631d/current/log_inprogress_0
2019-07-13 19:14:03,180 INFO  segmented.SegmentedRaftLogWorker (SegmentedRaftLogWorker.java:execute(569)) - 71c4eb8e-be83-4684-9612-b890f30a8959-SegmentedRaftLogWorker:Storage Directory /tmp/workdir/hadoop-ozone/integration-test/target/test-dir/MiniOzoneClusterImpl-5bfc6e0b-967d-4665-bd73-027a5ac739b6/datanode-2/data/ratis/a54efe3d-c413-4df7-9165-04bc22f76ca6: created new log segment /tmp/workdir/hadoop-ozone/integration-test/target/test-dir/MiniOzoneClusterImpl-5bfc6e0b-967d-4665-bd73-027a5ac739b6/datanode-2/data/ratis/a54efe3d-c413-4df7-9165-04bc22f76ca6/current/log_inprogress_0
2019-07-13 19:14:03,180 INFO  segmented.SegmentedRaftLogWorker (SegmentedRaftLogWorker.java:execute(569)) - 1f5c7cff-78d9-439f-b565-061acdcd80d7-SegmentedRaftLogWorker:Storage Directory /tmp/workdir/hadoop-ozone/integration-test/target/test-dir/MiniOzoneClusterImpl-5bfc6e0b-967d-4665-bd73-027a5ac739b6/datanode-1/data/ratis/059cd7fd-d0d8-4489-80f6-93eb25f1631d: created new log segment /tmp/workdir/hadoop-ozone/integration-test/target/test-dir/MiniOzoneClusterImpl-5bfc6e0b-967d-4665-bd73-027a5ac739b6/datanode-1/data/ratis/059cd7fd-d0d8-4489-80f6-93eb25f1631d/current/log_inprogress_0
2019-07-13 19:14:04,090 INFO  client.GrpcClientProtocolClient (GrpcClientProtocolClient.java:onNext(255)) - client-3456CFEA17CD->71c4eb8e-be83-4684-9612-b890f30a8959: receive RaftClientReply:client-3456CFEA17CD->71c4eb8e-be83-4684-9612-b890f30a8959@group-04BC22F76CA6, cid=13, FAILED org.apache.ratis.protocol.NotLeaderException: Server 71c4eb8e-be83-4684-9612-b890f30a8959 is not the leader (e12f3e19-727c-46e4-8b5e-ac543c0d4164:192.168.69.122:44714). Request must be sent to leader., logIndex=0, commits[71c4eb8e-be83-4684-9612-b890f30a8959:c-1, 931197b3-0e30-46fd-be87-7d3c3b9580e5:c-1, e12f3e19-727c-46e4-8b5e-ac543c0d4164:c-1]
2019-07-13 19:14:04,375 INFO  client.GrpcClientProtocolClient (GrpcClientProtocolClient.java:onNext(255)) - client-3456CFEA17CD->e12f3e19-727c-46e4-8b5e-ac543c0d4164: receive RaftClientReply:client-3456CFEA17CD->e12f3e19-727c-46e4-8b5e-ac543c0d4164@group-04BC22F76CA6, cid=13, SUCCESS, logIndex=1, commits[e12f3e19-727c-46e4-8b5e-ac543c0d4164:c1, 71c4eb8e-be83-4684-9612-b890f30a8959:c0, 931197b3-0e30-46fd-be87-7d3c3b9580e5:c0]
2019-07-13 19:14:04,411 INFO  client.GrpcClientProtocolClient (GrpcClientProtocolClient.java:onNext(255)) - client-3456CFEA17CD->e12f3e19-727c-46e4-8b5e-ac543c0d4164: receive RaftClientReply:client-3456CFEA17CD->e12f3e19-727c-46e4-8b5e-ac543c0d4164@group-04BC22F76CA6, cid=14, SUCCESS, logIndex=3, commits[e12f3e19-727c-46e4-8b5e-ac543c0d4164:c3, 71c4eb8e-be83-4684-9612-b890f30a8959:c2, 931197b3-0e30-46fd-be87-7d3c3b9580e5:c1]
2019-07-13 19:14:04,501 INFO  client.GrpcClientProtocolClient (GrpcClientProtocolClient.java:onNext(255)) - client-3456CFEA17CD->e12f3e19-727c-46e4-8b5e-ac543c0d4164: receive RaftClientReply:client-3456CFEA17CD->e12f3e19-727c-46e4-8b5e-ac543c0d4164@group-04BC22F76CA6, cid=15, SUCCESS, logIndex=4, commits[e12f3e19-727c-46e4-8b5e-ac543c0d4164:c12, 71c4eb8e-be83-4684-9612-b890f30a8959:c8, 931197b3-0e30-46fd-be87-7d3c3b9580e5:c8]
2019-07-13 19:14:04,509 INFO  client.GrpcClientProtocolClient (GrpcClientProtocolClient.java:onNext(255)) - client-3456CFEA17CD->e12f3e19-727c-46e4-8b5e-ac543c0d4164: receive RaftClientReply:client-3456CFEA17CD->e12f3e19-727c-46e4-8b5e-ac543c0d4164@group-04BC22F76CA6, cid=16, SUCCESS, logIndex=5, commits[e12f3e19-727c-46e4-8b5e-ac543c0d4164:c12, 71c4eb8e-be83-4684-9612-b890f30a8959:c8, 931197b3-0e30-46fd-be87-7d3c3b9580e5:c8]
2019-07-13 19:14:04,510 INFO  client.GrpcClientProtocolClient (GrpcClientProtocolClient.java:onNext(255)) - client-3456CFEA17CD->e12f3e19-727c-46e4-8b5e-ac543c0d4164: receive RaftClientReply:client-3456CFEA17CD->e12f3e19-727c-46e4-8b5e-ac543c0d4164@group-04BC22F76CA6, cid=17, SUCCESS, logIndex=6, commits[e12f3e19-727c-46e4-8b5e-ac543c0d4164:c12, 71c4eb8e-be83-4684-9612-b890f30a8959:c8, 931197b3-0e30-46fd-be87-7d3c3b9580e5:c8]
2019-07-13 19:14:04,590 INFO  client.GrpcClientProtocolClient (GrpcClientProtocolClient.java:onNext(255)) - client-3456CFEA17CD->e12f3e19-727c-46e4-8b5e-ac543c0d4164: receive RaftClientReply:client-3456CFEA17CD->e12f3e19-727c-46e4-8b5e-ac543c0d4164@group-04BC22F76CA6, cid=18, SUCCESS, logIndex=8, commits[e12f3e19-727c-46e4-8b5e-ac543c0d4164:c12, 71c4eb8e-be83-4684-9612-b890f30a8959:c8, 931197b3-0e30-46fd-be87-7d3c3b9580e5:c8]
2019-07-13 19:14:04,623 INFO  client.GrpcClientProtocolClient (GrpcClientProtocolClient.java:onNext(255)) - client-3456CFEA17CD->e12f3e19-727c-46e4-8b5e-ac543c0d4164: receive RaftClientReply:client-3456CFEA17CD->e12f3e19-727c-46e4-8b5e-ac543c0d4164@group-04BC22F76CA6, cid=19, SUCCESS, logIndex=13, commits[e12f3e19-727c-46e4-8b5e-ac543c0d4164:c14, 71c4eb8e-be83-4684-9612-b890f30a8959:c12, 931197b3-0e30-46fd-be87-7d3c3b9580e5:c12]
2019-07-13 19:14:04,626 INFO  client.GrpcClientProtocolClient (GrpcClientProtocolClient.java:onNext(255)) - client-3456CFEA17CD->e12f3e19-727c-46e4-8b5e-ac543c0d4164: receive RaftClientReply:client-3456CFEA17CD->e12f3e19-727c-46e4-8b5e-ac543c0d4164@group-04BC22F76CA6, cid=20, SUCCESS, logIndex=14, commits[e12f3e19-727c-46e4-8b5e-ac543c0d4164:c14, 71c4eb8e-be83-4684-9612-b890f30a8959:c12, 931197b3-0e30-46fd-be87-7d3c3b9580e5:c12]
2019-07-13 19:14:04,650 INFO  client.GrpcClientProtocolClient (GrpcClientProtocolClient.java:onNext(255)) - client-3456CFEA17CD->e12f3e19-727c-46e4-8b5e-ac543c0d4164: receive RaftClientReply:client-3456CFEA17CD->e12f3e19-727c-46e4-8b5e-ac543c0d4164@group-04BC22F76CA6, cid=21, SUCCESS, logIndex=0, commits[e12f3e19-727c-46e4-8b5e-ac543c0d4164:c16, 71c4eb8e-be83-4684-9612-b890f30a8959:c14, 931197b3-0e30-46fd-be87-7d3c3b9580e5:c14]
2019-07-13 19:14:04,652 INFO  datanode.ObjectStoreHandler (ObjectStoreHandler.java:close(155)) - Closing ObjectStoreHandler.
2019-07-13 19:14:04,653 INFO  ozone.HddsDatanodeService (HddsDatanodeService.java:stop(452)) - Stopped plug-in org.apache.hadoop.ozone.web.OzoneHddsDatanodeService@65da01f4
2019-07-13 19:14:05,334 INFO  statemachine.DatanodeStateMachine (DatanodeStateMachine.java:lambda$startDaemon$0(350)) - Ozone container server started.
2019-07-13 19:14:09,441 INFO  node.StaleNodeHandler (StaleNodeHandler.java:onMessage(58)) - Datanode 931197b3-0e30-46fd-be87-7d3c3b9580e5{ip: 192.168.69.122, host: trunk-nightly-fxqsz-774976932, networkLocation: /default-rack, certSerialId: null} moved to stale state. Finalizing its pipelines [PipelineID=57df735a-f38a-481e-ab50-668bf00726d9, PipelineID=a54efe3d-c413-4df7-9165-04bc22f76ca6]
2019-07-13 19:14:09,442 INFO  pipeline.SCMPipelineManager (SCMPipelineManager.java:finalizeAndDestroyPipeline(309)) - destroying pipeline:Pipeline[ Id: 57df735a-f38a-481e-ab50-668bf00726d9, Nodes: 931197b3-0e30-46fd-be87-7d3c3b9580e5{ip: 192.168.69.122, host: trunk-nightly-fxqsz-774976932, networkLocation: /default-rack, certSerialId: null}, Type:RATIS, Factor:ONE, State:OPEN]
2019-07-13 19:14:09,444 INFO  pipeline.PipelineStateManager (PipelineStateManager.java:finalizePipeline(123)) - Pipeline Pipeline[ Id: 57df735a-f38a-481e-ab50-668bf00726d9, Nodes: 931197b3-0e30-46fd-be87-7d3c3b9580e5{ip: 192.168.69.122, host: trunk-nightly-fxqsz-774976932, networkLocation: /default-rack, certSerialId: null}, Type:RATIS, Factor:ONE, State:CLOSED] moved to CLOSED state
2019-07-13 19:14:09,446 INFO  pipeline.SCMPipelineManager (SCMPipelineManager.java:finalizeAndDestroyPipeline(309)) - destroying pipeline:Pipeline[ Id: a54efe3d-c413-4df7-9165-04bc22f76ca6, Nodes: 931197b3-0e30-46fd-be87-7d3c3b9580e5{ip: 192.168.69.122, host: trunk-nightly-fxqsz-774976932, networkLocation: /default-rack, certSerialId: null}71c4eb8e-be83-4684-9612-b890f30a8959{ip: 192.168.69.122, host: trunk-nightly-fxqsz-774976932, networkLocation: /default-rack, certSerialId: null}e12f3e19-727c-46e4-8b5e-ac543c0d4164{ip: 192.168.69.122, host: trunk-nightly-fxqsz-774976932, networkLocation: /default-rack, certSerialId: null}, Type:RATIS, Factor:THREE, State:OPEN]
2019-07-13 19:14:09,446 INFO  pipeline.PipelineStateManager (PipelineStateManager.java:finalizePipeline(123)) - Pipeline Pipeline[ Id: a54efe3d-c413-4df7-9165-04bc22f76ca6, Nodes: 931197b3-0e30-46fd-be87-7d3c3b9580e5{ip: 192.168.69.122, host: trunk-nightly-fxqsz-774976932, networkLocation: /default-rack, certSerialId: null}71c4eb8e-be83-4684-9612-b890f30a8959{ip: 192.168.69.122, host: trunk-nightly-fxqsz-774976932, networkLocation: /default-rack, certSerialId: null}e12f3e19-727c-46e4-8b5e-ac543c0d4164{ip: 192.168.69.122, host: trunk-nightly-fxqsz-774976932, networkLocation: /default-rack, certSerialId: null}, Type:RATIS, Factor:THREE, State:CLOSED] moved to CLOSED state
2019-07-13 19:14:09,447 INFO  container.CloseContainerEventHandler (CloseContainerEventHandler.java:onMessage(61)) - Close container Event triggered for container : #1
2019-07-13 19:14:09,655 INFO  ozoneimpl.OzoneContainer (OzoneContainer.java:stop(199)) - Attempting to stop container services.
2019-07-13 19:14:09,659 INFO  impl.RaftServerProxy (RaftServerProxy.java:lambda$close$4(314)) - 931197b3-0e30-46fd-be87-7d3c3b9580e5: close
2019-07-13 19:14:09,661 INFO  impl.RaftServerImpl (RaftServerImpl.java:lambda$shutdown$3(245)) - 931197b3-0e30-46fd-be87-7d3c3b9580e5: shutdown group-668BF00726D9
2019-07-13 19:14:09,661 INFO  impl.RaftServerImpl (RaftServerImpl.java:lambda$shutdown$3(245)) - 931197b3-0e30-46fd-be87-7d3c3b9580e5: shutdown group-04BC22F76CA6
2019-07-13 19:14:09,662 INFO  util.JmxRegister (JmxRegister.java:unregister(73)) - Successfully un-registered JMX Bean with object name Ratis:service=RaftServer,group=group-668BF00726D9,id=931197b3-0e30-46fd-be87-7d3c3b9580e5
2019-07-13 19:14:09,662 INFO  util.JmxRegister (JmxRegister.java:unregister(73)) - Successfully un-registered JMX Bean with object name Ratis:service=RaftServer,group=group-04BC22F76CA6,id=931197b3-0e30-46fd-be87-7d3c3b9580e5
2019-07-13 19:14:09,662 INFO  impl.RoleInfo (RoleInfo.java:shutdownLeaderState(104)) - 931197b3-0e30-46fd-be87-7d3c3b9580e5: shutdown LeaderState
2019-07-13 19:14:09,662 INFO  impl.RoleInfo (RoleInfo.java:shutdownFollowerState(121)) - 931197b3-0e30-46fd-be87-7d3c3b9580e5: shutdown FollowerState
2019-07-13 19:14:09,663 INFO  impl.FollowerState (FollowerState.java:run(114)) - 931197b3-0e30-46fd-be87-7d3c3b9580e5: FollowerState was interrupted: java.lang.InterruptedException: sleep interrupted
2019-07-13 19:14:09,663 INFO  ratis.ContainerStateMachine (ContainerStateMachine.java:takeSnapshot(246)) - Taking snapshot at termIndex:(t:1, i:14)
2019-07-13 19:14:09,663 INFO  impl.StateMachineUpdater (StateMachineUpdater.java:stopAndJoin(115)) - StateMachineUpdater:931197b3-0e30-46fd-be87-7d3c3b9580e5:group-04BC22F76CA6: set stopIndex = 16
2019-07-13 19:14:09,666 INFO  ratis.ContainerStateMachine (ContainerStateMachine.java:takeSnapshot(250)) - Taking a snapshot to file /tmp/workdir/hadoop-ozone/integration-test/target/test-dir/MiniOzoneClusterImpl-5bfc6e0b-967d-4665-bd73-027a5ac739b6/datanode-3/data/ratis/a54efe3d-c413-4df7-9165-04bc22f76ca6/sm/snapshot.1_14
2019-07-13 19:14:09,663 INFO  impl.PendingRequests (PendingRequests.java:sendNotLeaderResponses(202)) - 931197b3-0e30-46fd-be87-7d3c3b9580e5-PendingRequests: sendNotLeaderResponses
2019-07-13 19:14:09,677 INFO  impl.StateMachineUpdater (StateMachineUpdater.java:stopAndJoin(115)) - StateMachineUpdater:931197b3-0e30-46fd-be87-7d3c3b9580e5:group-668BF00726D9: set stopIndex = 0
2019-07-13 19:14:09,684 INFO  ratis.ContainerStateMachine (ContainerStateMachine.java:takeSnapshot(246)) - Taking snapshot at termIndex:(t:0, i:~)
2019-07-13 19:14:09,685 INFO  impl.RaftServerImpl (ServerState.java:close(394)) - 931197b3-0e30-46fd-be87-7d3c3b9580e5:group-668BF00726D9 closes. The last applied log index is 0
2019-07-13 19:14:09,688 INFO  segmented.SegmentedRaftLogWorker (SegmentedRaftLogWorker.java:run(313)) - 931197b3-0e30-46fd-be87-7d3c3b9580e5-SegmentedRaftLogWorker:Storage Directory /tmp/workdir/hadoop-ozone/integration-test/target/test-dir/MiniOzoneClusterImpl-5bfc6e0b-967d-4665-bd73-027a5ac739b6/datanode-3/data/ratis/57df735a-f38a-481e-ab50-668bf00726d9 was interrupted, exiting. There are 0 tasks remaining in the queue.
2019-07-13 19:14:09,690 INFO  segmented.SegmentedRaftLogWorker (SegmentedRaftLogWorker.java:close(228)) - 931197b3-0e30-46fd-be87-7d3c3b9580e5-SegmentedRaftLogWorker:Storage Directory /tmp/workdir/hadoop-ozone/integration-test/target/test-dir/MiniOzoneClusterImpl-5bfc6e0b-967d-4665-bd73-027a5ac739b6/datanode-3/data/ratis/57df735a-f38a-481e-ab50-668bf00726d9 close()
2019-07-13 19:14:09,700 INFO  impl.StateMachineUpdater (StateMachineUpdater.java:takeSnapshot(242)) - StateMachineUpdater:931197b3-0e30-46fd-be87-7d3c3b9580e5:group-04BC22F76CA6: Took a snapshot at index 14
2019-07-13 19:14:09,701 INFO  impl.StateMachineUpdater (StateMachineUpdater.java:lambda$new$0(80)) - StateMachineUpdater:931197b3-0e30-46fd-be87-7d3c3b9580e5:group-04BC22F76CA6: snapshotIndex: updateIncreasingly -1 -> 14
2019-07-13 19:14:09,707 INFO  impl.RaftServerImpl (ServerState.java:close(394)) - 931197b3-0e30-46fd-be87-7d3c3b9580e5:group-04BC22F76CA6 closes. The last applied log index is 16
2019-07-13 19:14:09,707 INFO  segmented.SegmentedRaftLogWorker (SegmentedRaftLogWorker.java:run(313)) - 931197b3-0e30-46fd-be87-7d3c3b9580e5-SegmentedRaftLogWorker:Storage Directory /tmp/workdir/hadoop-ozone/integration-test/target/test-dir/MiniOzoneClusterImpl-5bfc6e0b-967d-4665-bd73-027a5ac739b6/datanode-3/data/ratis/a54efe3d-c413-4df7-9165-04bc22f76ca6 was interrupted, exiting. There are 0 tasks remaining in the queue.
2019-07-13 19:14:09,710 INFO  segmented.SegmentedRaftLogWorker (SegmentedRaftLogWorker.java:close(228)) - 931197b3-0e30-46fd-be87-7d3c3b9580e5-SegmentedRaftLogWorker:Storage Directory /tmp/workdir/hadoop-ozone/integration-test/target/test-dir/MiniOzoneClusterImpl-5bfc6e0b-967d-4665-bd73-027a5ac739b6/datanode-3/data/ratis/a54efe3d-c413-4df7-9165-04bc22f76ca6 close()
2019-07-13 19:14:09,717 INFO  server.GrpcService (GrpcService.java:closeImpl(155)) - 931197b3-0e30-46fd-be87-7d3c3b9580e5: shutdown server with port 44810 now
2019-07-13 19:14:09,727 INFO  server.GrpcService (GrpcService.java:closeImpl(163)) - 931197b3-0e30-46fd-be87-7d3c3b9580e5: shutdown server with port 44810 successfully
2019-07-13 19:14:09,728 WARN  server.GrpcServerProtocolService (LogUtils.java:warn(134)) - 931197b3-0e30-46fd-be87-7d3c3b9580e5: appendEntries onError: org.apache.ratis.thirdparty.io.grpc.StatusRuntimeException: CANCELLED: cancelled before receiving half close
2019-07-13 19:14:09,732 WARN  server.GrpcLogAppender (LogUtils.java:warn(134)) - e12f3e19-727c-46e4-8b5e-ac543c0d4164->931197b3-0e30-46fd-be87-7d3c3b9580e5: Failed appendEntries: org.apache.ratis.thirdparty.io.grpc.StatusRuntimeException: CANCELLED: HTTP/2 error code: CANCEL
Received Rst Stream
2019-07-13 19:14:09,736 INFO  impl.FollowerInfo (FollowerInfo.java:lambda$new$0(50)) - e12f3e19-727c-46e4-8b5e-ac543c0d4164->931197b3-0e30-46fd-be87-7d3c3b9580e5: nextIndex: updateUnconditionally 17 -> 16
2019-07-13 19:14:09,742 INFO  utils.BackgroundService (BackgroundService.java:shutdown(148)) - Shutting down service BlockDeletingService
2019-07-13 19:14:09,744 WARN  fs.CachingGetSpaceUsed (CachingGetSpaceUsed.java:run(183)) - Thread Interrupted waiting to refresh disk information: sleep interrupted
2019-07-13 19:14:09,767 INFO  statemachine.DatanodeStateMachine (DatanodeStateMachine.java:stopDaemon(395)) - Ozone container server stopped.
2019-07-13 19:14:09,772 INFO  handler.ContextHandler (ContextHandler.java:doStop(910)) - Stopped o.e.j.w.WebAppContext@6a2d867d{/,null,UNAVAILABLE}{/hddsDatanode}
2019-07-13 19:14:09,779 INFO  server.AbstractConnector (AbstractConnector.java:doStop(318)) - Stopped ServerConnector@73bb1337{HTTP/1.1,[http/1.1]}{0.0.0.0:0}
2019-07-13 19:14:09,780 INFO  handler.ContextHandler (ContextHandler.java:doStop(910)) - Stopped o.e.j.s.ServletContextHandler@cc9ef8d{/static,jar:file:/home/user/.m2/repository/org/apache/hadoop/hadoop-hdds-container-service/0.5.0-SNAPSHOT/hadoop-hdds-container-service-0.5.0-SNAPSHOT.jar!/webapps/static,UNAVAILABLE}
2019-07-13 19:14:09,780 INFO  handler.ContextHandler (ContextHandler.java:doStop(910)) - Stopped o.e.j.s.ServletContextHandler@1e30db85{/logs,file:///tmp/workdir/hadoop-ozone/integration-test/target/log,UNAVAILABLE}
2019-07-13 19:14:09,782 INFO  datanode.ObjectStoreHandler (ObjectStoreHandler.java:close(155)) - Closing ObjectStoreHandler.
2019-07-13 19:14:09,783 INFO  ozone.HddsDatanodeService (HddsDatanodeService.java:stop(452)) - Stopped plug-in org.apache.hadoop.ozone.web.OzoneHddsDatanodeService@7436364d
2019-07-13 19:14:10,335 INFO  statemachine.DatanodeStateMachine (DatanodeStateMachine.java:lambda$startDaemon$0(350)) - Ozone container server started.
2019-07-13 19:14:11,314 WARN  server.GrpcLogAppender (LogUtils.java:warn(134)) - e12f3e19-727c-46e4-8b5e-ac543c0d4164->931197b3-0e30-46fd-be87-7d3c3b9580e5: Failed appendEntries: org.apache.ratis.thirdparty.io.grpc.StatusRuntimeException: UNAVAILABLE: io exception
2019-07-13 19:14:11,317 INFO  impl.FollowerInfo (FollowerInfo.java:lambda$new$0(50)) - e12f3e19-727c-46e4-8b5e-ac543c0d4164->931197b3-0e30-46fd-be87-7d3c3b9580e5: nextIndex: updateUnconditionally 17 -> 16
2019-07-13 19:14:11,358 WARN  server.GrpcLogAppender (LogUtils.java:warn(134)) - e12f3e19-727c-46e4-8b5e-ac543c0d4164->931197b3-0e30-46fd-be87-7d3c3b9580e5: Failed appendEntries: org.apache.ratis.thirdparty.io.grpc.StatusRuntimeException: UNAVAILABLE: io exception
2019-07-13 19:14:11,363 INFO  interfaces.Container (KeyValueContainer.java:compactDB(356)) - Container 1 is closed with bcsId 14.
2019-07-13 19:14:11,363 INFO  impl.FollowerInfo (FollowerInfo.java:lambda$new$0(50)) - e12f3e19-727c-46e4-8b5e-ac543c0d4164->931197b3-0e30-46fd-be87-7d3c3b9580e5: nextIndex: updateUnconditionally 17 -> 16
2019-07-13 19:14:11,385 INFO  interfaces.Container (KeyValueContainer.java:compactDB(356)) - Container 1 is closed with bcsId 14.
2019-07-13 19:14:13,863 WARN  server.GrpcLogAppender (LogUtils.java:warn(134)) - e12f3e19-727c-46e4-8b5e-ac543c0d4164->931197b3-0e30-46fd-be87-7d3c3b9580e5: Failed appendEntries: org.apache.ratis.thirdparty.io.grpc.StatusRuntimeException: UNAVAILABLE: io exception
2019-07-13 19:14:13,865 INFO  impl.FollowerInfo (FollowerInfo.java:lambda$new$0(50)) - e12f3e19-727c-46e4-8b5e-ac543c0d4164->931197b3-0e30-46fd-be87-7d3c3b9580e5: nextIndex: updateUnconditionally 16 -> 15
2019-07-13 19:14:14,354 INFO  node.StaleNodeHandler (StaleNodeHandler.java:onMessage(58)) - Datanode 71c4eb8e-be83-4684-9612-b890f30a8959{ip: 192.168.69.122, host: trunk-nightly-fxqsz-774976932, networkLocation: /default-rack, certSerialId: null} moved to stale state. Finalizing its pipelines [PipelineID=8f0c9ee2-39d5-42d4-9617-91545c356c41, PipelineID=a54efe3d-c413-4df7-9165-04bc22f76ca6]
2019-07-13 19:14:14,355 INFO  pipeline.SCMPipelineManager (SCMPipelineManager.java:finalizeAndDestroyPipeline(309)) - destroying pipeline:Pipeline[ Id: 8f0c9ee2-39d5-42d4-9617-91545c356c41, Nodes: 71c4eb8e-be83-4684-9612-b890f30a8959{ip: 192.168.69.122, host: trunk-nightly-fxqsz-774976932, networkLocation: /default-rack, certSerialId: null}, Type:RATIS, Factor:ONE, State:OPEN]
2019-07-13 19:14:14,356 INFO  pipeline.PipelineStateManager (PipelineStateManager.java:finalizePipeline(123)) - Pipeline Pipeline[ Id: 8f0c9ee2-39d5-42d4-9617-91545c356c41, Nodes: 71c4eb8e-be83-4684-9612-b890f30a8959{ip: 192.168.69.122, host: trunk-nightly-fxqsz-774976932, networkLocation: /default-rack, certSerialId: null}, Type:RATIS, Factor:ONE, State:CLOSED] moved to CLOSED state
2019-07-13 19:14:14,357 INFO  pipeline.SCMPipelineManager (SCMPipelineManager.java:finalizeAndDestroyPipeline(309)) - destroying pipeline:Pipeline[ Id: a54efe3d-c413-4df7-9165-04bc22f76ca6, Nodes: 931197b3-0e30-46fd-be87-7d3c3b9580e5{ip: 192.168.69.122, host: trunk-nightly-fxqsz-774976932, networkLocation: /default-rack, certSerialId: null}71c4eb8e-be83-4684-9612-b890f30a8959{ip: 192.168.69.122, host: trunk-nightly-fxqsz-774976932, networkLocation: /default-rack, certSerialId: null}e12f3e19-727c-46e4-8b5e-ac543c0d4164{ip: 192.168.69.122, host: trunk-nightly-fxqsz-774976932, networkLocation: /default-rack, certSerialId: null}, Type:RATIS, Factor:THREE, State:CLOSED]
2019-07-13 19:14:14,784 INFO  ozoneimpl.OzoneContainer (OzoneContainer.java:stop(199)) - Attempting to stop container services.
2019-07-13 19:14:14,785 INFO  impl.RaftServerProxy (RaftServerProxy.java:lambda$close$4(314)) - 71c4eb8e-be83-4684-9612-b890f30a8959: close
2019-07-13 19:14:14,786 INFO  impl.RaftServerImpl (RaftServerImpl.java:lambda$shutdown$3(245)) - 71c4eb8e-be83-4684-9612-b890f30a8959: shutdown group-91545C356C41
2019-07-13 19:14:14,787 INFO  util.JmxRegister (JmxRegister.java:unregister(73)) - Successfully un-registered JMX Bean with object name Ratis:service=RaftServer,group=group-91545C356C41,id=71c4eb8e-be83-4684-9612-b890f30a8959
2019-07-13 19:14:14,787 INFO  impl.RoleInfo (RoleInfo.java:shutdownLeaderState(104)) - 71c4eb8e-be83-4684-9612-b890f30a8959: shutdown LeaderState
2019-07-13 19:14:14,788 INFO  impl.PendingRequests (PendingRequests.java:sendNotLeaderResponses(202)) - 71c4eb8e-be83-4684-9612-b890f30a8959-PendingRequests: sendNotLeaderResponses
2019-07-13 19:14:14,789 INFO  impl.StateMachineUpdater (StateMachineUpdater.java:stopAndJoin(115)) - StateMachineUpdater:71c4eb8e-be83-4684-9612-b890f30a8959:group-91545C356C41: set stopIndex = 0
2019-07-13 19:14:14,789 INFO  ratis.ContainerStateMachine (ContainerStateMachine.java:takeSnapshot(246)) - Taking snapshot at termIndex:(t:0, i:~)
2019-07-13 19:14:14,792 INFO  impl.RaftServerImpl (ServerState.java:close(394)) - 71c4eb8e-be83-4684-9612-b890f30a8959:group-91545C356C41 closes. The last applied log index is 0
2019-07-13 19:14:14,793 INFO  segmented.SegmentedRaftLogWorker (SegmentedRaftLogWorker.java:run(313)) - 71c4eb8e-be83-4684-9612-b890f30a8959-SegmentedRaftLogWorker:Storage Directory /tmp/workdir/hadoop-ozone/integration-test/target/test-dir/MiniOzoneClusterImpl-5bfc6e0b-967d-4665-bd73-027a5ac739b6/datanode-2/data/ratis/8f0c9ee2-39d5-42d4-9617-91545c356c41 was interrupted, exiting. There are 0 tasks remaining in the queue.
2019-07-13 19:14:14,795 INFO  segmented.SegmentedRaftLogWorker (SegmentedRaftLogWorker.java:close(228)) - 71c4eb8e-be83-4684-9612-b890f30a8959-SegmentedRaftLogWorker:Storage Directory /tmp/workdir/hadoop-ozone/integration-test/target/test-dir/MiniOzoneClusterImpl-5bfc6e0b-967d-4665-bd73-027a5ac739b6/datanode-2/data/ratis/8f0c9ee2-39d5-42d4-9617-91545c356c41 close()
2019-07-13 19:14:14,799 INFO  impl.RaftServerImpl (RaftServerImpl.java:lambda$shutdown$3(245)) - 71c4eb8e-be83-4684-9612-b890f30a8959: shutdown group-04BC22F76CA6
2019-07-13 19:14:14,800 INFO  util.JmxRegister (JmxRegister.java:unregister(73)) - Successfully un-registered JMX Bean with object name Ratis:service=RaftServer,group=group-04BC22F76CA6,id=71c4eb8e-be83-4684-9612-b890f30a8959
2019-07-13 19:14:14,800 INFO  impl.RoleInfo (RoleInfo.java:shutdownFollowerState(121)) - 71c4eb8e-be83-4684-9612-b890f30a8959: shutdown FollowerState
2019-07-13 19:14:14,801 INFO  impl.StateMachineUpdater (StateMachineUpdater.java:stopAndJoin(115)) - StateMachineUpdater:71c4eb8e-be83-4684-9612-b890f30a8959:group-04BC22F76CA6: set stopIndex = 18
2019-07-13 19:14:14,801 INFO  impl.FollowerState (FollowerState.java:run(114)) - 71c4eb8e-be83-4684-9612-b890f30a8959: FollowerState was interrupted: java.lang.InterruptedException: sleep interrupted
2019-07-13 19:14:14,801 INFO  ratis.ContainerStateMachine (ContainerStateMachine.java:takeSnapshot(246)) - Taking snapshot at termIndex:(t:1, i:17)
2019-07-13 19:14:14,803 INFO  ratis.ContainerStateMachine (ContainerStateMachine.java:takeSnapshot(250)) - Taking a snapshot to file /tmp/workdir/hadoop-ozone/integration-test/target/test-dir/MiniOzoneClusterImpl-5bfc6e0b-967d-4665-bd73-027a5ac739b6/datanode-2/data/ratis/a54efe3d-c413-4df7-9165-04bc22f76ca6/sm/snapshot.1_17
2019-07-13 19:14:14,804 INFO  impl.StateMachineUpdater (StateMachineUpdater.java:takeSnapshot(242)) - StateMachineUpdater:71c4eb8e-be83-4684-9612-b890f30a8959:group-04BC22F76CA6: Took a snapshot at index 17
2019-07-13 19:14:14,804 INFO  impl.StateMachineUpdater (StateMachineUpdater.java:lambda$new$0(80)) - StateMachineUpdater:71c4eb8e-be83-4684-9612-b890f30a8959:group-04BC22F76CA6: snapshotIndex: updateIncreasingly -1 -> 17
2019-07-13 19:14:14,805 INFO  impl.RaftServerImpl (ServerState.java:close(394)) - 71c4eb8e-be83-4684-9612-b890f30a8959:group-04BC22F76CA6 closes. The last applied log index is 18
2019-07-13 19:14:14,805 INFO  segmented.SegmentedRaftLogWorker (SegmentedRaftLogWorker.java:run(313)) - 71c4eb8e-be83-4684-9612-b890f30a8959-SegmentedRaftLogWorker:Storage Directory /tmp/workdir/hadoop-ozone/integration-test/target/test-dir/MiniOzoneClusterImpl-5bfc6e0b-967d-4665-bd73-027a5ac739b6/datanode-2/data/ratis/a54efe3d-c413-4df7-9165-04bc22f76ca6 was interrupted, exiting. There are 0 tasks remaining in the queue.
2019-07-13 19:14:14,808 INFO  segmented.SegmentedRaftLogWorker (SegmentedRaftLogWorker.java:close(228)) - 71c4eb8e-be83-4684-9612-b890f30a8959-SegmentedRaftLogWorker:Storage Directory /tmp/workdir/hadoop-ozone/integration-test/target/test-dir/MiniOzoneClusterImpl-5bfc6e0b-967d-4665-bd73-027a5ac739b6/datanode-2/data/ratis/a54efe3d-c413-4df7-9165-04bc22f76ca6 close()
2019-07-13 19:14:14,812 INFO  server.GrpcService (GrpcService.java:closeImpl(155)) - 71c4eb8e-be83-4684-9612-b890f30a8959: shutdown server with port 40397 now
2019-07-13 19:14:14,814 WARN  server.GrpcServerProtocolService (LogUtils.java:warn(134)) - 71c4eb8e-be83-4684-9612-b890f30a8959: appendEntries onError: org.apache.ratis.thirdparty.io.grpc.StatusRuntimeException: CANCELLED: cancelled before receiving half close
2019-07-13 19:14:14,816 INFO  server.GrpcService (GrpcService.java:closeImpl(163)) - 71c4eb8e-be83-4684-9612-b890f30a8959: shutdown server with port 40397 successfully
2019-07-13 19:14:14,817 WARN  server.GrpcLogAppender (LogUtils.java:warn(134)) - e12f3e19-727c-46e4-8b5e-ac543c0d4164->71c4eb8e-be83-4684-9612-b890f30a8959: Failed appendEntries: org.apache.ratis.thirdparty.io.grpc.StatusRuntimeException: CANCELLED: HTTP/2 error code: CANCEL
Received Rst Stream
2019-07-13 19:14:14,819 INFO  impl.FollowerInfo (FollowerInfo.java:lambda$new$0(50)) - e12f3e19-727c-46e4-8b5e-ac543c0d4164->71c4eb8e-be83-4684-9612-b890f30a8959: nextIndex: updateUnconditionally 19 -> 18
2019-07-13 19:14:14,832 INFO  utils.BackgroundService (BackgroundService.java:shutdown(148)) - Shutting down service BlockDeletingService
2019-07-13 19:14:14,834 WARN  fs.CachingGetSpaceUsed (CachingGetSpaceUsed.java:run(183)) - Thread Interrupted waiting to refresh disk information: sleep interrupted
2019-07-13 19:14:14,859 INFO  statemachine.DatanodeStateMachine (DatanodeStateMachine.java:stopDaemon(395)) - Ozone container server stopped.
2019-07-13 19:14:14,861 INFO  handler.ContextHandler (ContextHandler.java:doStop(910)) - Stopped o.e.j.w.WebAppContext@7197b07f{/,null,UNAVAILABLE}{/hddsDatanode}
2019-07-13 19:14:14,862 INFO  server.AbstractConnector (AbstractConnector.java:doStop(318)) - Stopped ServerConnector@1f10fec6{HTTP/1.1,[http/1.1]}{0.0.0.0:0}
2019-07-13 19:14:14,862 INFO  handler.ContextHandler (ContextHandler.java:doStop(910)) - Stopped o.e.j.s.ServletContextHandler@62ade015{/static,jar:file:/home/user/.m2/repository/org/apache/hadoop/hadoop-hdds-container-service/0.5.0-SNAPSHOT/hadoop-hdds-container-service-0.5.0-SNAPSHOT.jar!/webapps/static,UNAVAILABLE}
2019-07-13 19:14:14,863 INFO  handler.ContextHandler (ContextHandler.java:doStop(910)) - Stopped o.e.j.s.ServletContextHandler@631c6d11{/logs,file:///tmp/workdir/hadoop-ozone/integration-test/target/log,UNAVAILABLE}
19:14:14.872 [grpc-default-executor-3] ERROR DNAudit - user=null | ip=null | op=WRITE_CHUNK {blockData=conID: 1 locID: 102435732766654465 bcsId: 14} | ret=FAILURE
org.apache.hadoop.hdds.scm.container.common.helpers.ContainerNotOpenException: Container 1 in CLOSED state
	at org.apache.hadoop.ozone.container.common.impl.HddsDispatcher.validateContainerCommand(HddsDispatcher.java:408) ~[hadoop-hdds-container-service-0.5.0-SNAPSHOT.jar:?]
	at org.apache.hadoop.ozone.container.common.transport.server.ratis.ContainerStateMachine.startTransaction(ContainerStateMachine.java:271) ~[hadoop-hdds-container-service-0.5.0-SNAPSHOT.jar:?]
	at org.apache.ratis.server.impl.RaftServerImpl.submitClientRequestAsync(RaftServerImpl.java:566) ~[ratis-server-0.4.0-2337318-SNAPSHOT.jar:0.4.0-2337318-SNAPSHOT]
	at org.apache.ratis.server.impl.RaftServerProxy.lambda$submitClientRequestAsync$7(RaftServerProxy.java:333) ~[ratis-server-0.4.0-2337318-SNAPSHOT.jar:0.4.0-2337318-SNAPSHOT]
	at org.apache.ratis.server.impl.RaftServerProxy.lambda$null$5(RaftServerProxy.java:328) ~[ratis-server-0.4.0-2337318-SNAPSHOT.jar:0.4.0-2337318-SNAPSHOT]
	at org.apache.ratis.util.JavaUtils.callAsUnchecked(JavaUtils.java:109) ~[ratis-common-0.4.0-2337318-SNAPSHOT.jar:0.4.0-2337318-SNAPSHOT]
	at org.apache.ratis.server.impl.RaftServerProxy.lambda$submitRequest$6(RaftServerProxy.java:328) ~[ratis-server-0.4.0-2337318-SNAPSHOT.jar:0.4.0-2337318-SNAPSHOT]
	at java.util.concurrent.CompletableFuture.uniComposeStage(CompletableFuture.java:981) ~[?:1.8.0_212]
	at java.util.concurrent.CompletableFuture.thenCompose(CompletableFuture.java:2124) ~[?:1.8.0_212]
	at org.apache.ratis.server.impl.RaftServerProxy.submitRequest(RaftServerProxy.java:327) ~[ratis-server-0.4.0-2337318-SNAPSHOT.jar:0.4.0-2337318-SNAPSHOT]
	at org.apache.ratis.server.impl.RaftServerProxy.submitClientRequestAsync(RaftServerProxy.java:333) ~[ratis-server-0.4.0-2337318-SNAPSHOT.jar:0.4.0-2337318-SNAPSHOT]
	at org.apache.ratis.grpc.client.GrpcClientProtocolService$RequestStreamObserver.processClientRequest(GrpcClientProtocolService.java:220) ~[ratis-grpc-0.4.0-2337318-SNAPSHOT.jar:0.4.0-2337318-SNAPSHOT]
	at org.apache.ratis.grpc.client.GrpcClientProtocolService$OrderedRequestStreamObserver.processClientRequest(GrpcClientProtocolService.java:326) ~[ratis-grpc-0.4.0-2337318-SNAPSHOT.jar:0.4.0-2337318-SNAPSHOT]
	at org.apache.ratis.util.SlidingWindow$Server.processRequestsFromHead(SlidingWindow.java:429) [ratis-common-0.4.0-2337318-SNAPSHOT.jar:0.4.0-2337318-SNAPSHOT]
	at org.apache.ratis.util.SlidingWindow$Server.receivedRequest(SlidingWindow.java:421) [ratis-common-0.4.0-2337318-SNAPSHOT.jar:0.4.0-2337318-SNAPSHOT]
	at org.apache.ratis.grpc.client.GrpcClientProtocolService$OrderedRequestStreamObserver.processClientRequest(GrpcClientProtocolService.java:345) [ratis-grpc-0.4.0-2337318-SNAPSHOT.jar:0.4.0-2337318-SNAPSHOT]
	at org.apache.ratis.grpc.client.GrpcClientProtocolService$RequestStreamObserver.onNext(GrpcClientProtocolService.java:240) [ratis-grpc-0.4.0-2337318-SNAPSHOT.jar:0.4.0-2337318-SNAPSHOT]
	at org.apache.ratis.grpc.client.GrpcClientProtocolService$RequestStreamObserver.onNext(GrpcClientProtocolService.java:168) [ratis-grpc-0.4.0-2337318-SNAPSHOT.jar:0.4.0-2337318-SNAPSHOT]
	at org.apache.ratis.thirdparty.io.grpc.stub.ServerCalls$StreamingServerCallHandler$StreamingServerCallListener.onMessage(ServerCalls.java:248) [ratis-thirdparty-misc-0.2.0.jar:0.2.0]
	at org.apache.ratis.thirdparty.io.grpc.internal.ServerCallImpl$ServerStreamListenerImpl.messagesAvailable(ServerCallImpl.java:263) [ratis-thirdparty-misc-0.2.0.jar:0.2.0]
	at org.apache.ratis.thirdparty.io.grpc.internal.ServerImpl$JumpToApplicationThreadServerStreamListener$1MessagesAvailable.runInContext(ServerImpl.java:686) [ratis-thirdparty-misc-0.2.0.jar:0.2.0]
	at org.apache.ratis.thirdparty.io.grpc.internal.ContextRunnable.run(ContextRunnable.java:37) [ratis-thirdparty-misc-0.2.0.jar:0.2.0]
	at org.apache.ratis.thirdparty.io.grpc.internal.SerializingExecutor.run(SerializingExecutor.java:123) [ratis-thirdparty-misc-0.2.0.jar:0.2.0]
	at java.util.concurrent.ThreadPoolExecutor.runWorker(ThreadPoolExecutor.java:1149) [?:1.8.0_212]
	at java.util.concurrent.ThreadPoolExecutor$Worker.run(ThreadPoolExecutor.java:624) [?:1.8.0_212]
	at java.lang.Thread.run(Thread.java:748) [?:1.8.0_212]
19:14:14.913 [grpc-default-executor-3] ERROR DNAudit - user=null | ip=null | op=WRITE_CHUNK {blockData=conID: 1 locID: 102435732766654465 bcsId: 14} | ret=FAILURE
org.apache.hadoop.hdds.scm.container.common.helpers.ContainerNotOpenException: Container 1 in CLOSED state
	at org.apache.hadoop.ozone.container.common.impl.HddsDispatcher.validateContainerCommand(HddsDispatcher.java:408) ~[hadoop-hdds-container-service-0.5.0-SNAPSHOT.jar:?]
	at org.apache.hadoop.ozone.container.common.transport.server.ratis.ContainerStateMachine.startTransaction(ContainerStateMachine.java:271) ~[hadoop-hdds-container-service-0.5.0-SNAPSHOT.jar:?]
	at org.apache.ratis.server.impl.RaftServerImpl.submitClientRequestAsync(RaftServerImpl.java:566) ~[ratis-server-0.4.0-2337318-SNAPSHOT.jar:0.4.0-2337318-SNAPSHOT]
	at org.apache.ratis.server.impl.RaftServerProxy.lambda$submitClientRequestAsync$7(RaftServerProxy.java:333) ~[ratis-server-0.4.0-2337318-SNAPSHOT.jar:0.4.0-2337318-SNAPSHOT]
	at org.apache.ratis.server.impl.RaftServerProxy.lambda$null$5(RaftServerProxy.java:328) ~[ratis-server-0.4.0-2337318-SNAPSHOT.jar:0.4.0-2337318-SNAPSHOT]
	at org.apache.ratis.util.JavaUtils.callAsUnchecked(JavaUtils.java:109) ~[ratis-common-0.4.0-2337318-SNAPSHOT.jar:0.4.0-2337318-SNAPSHOT]
	at org.apache.ratis.server.impl.RaftServerProxy.lambda$submitRequest$6(RaftServerProxy.java:328) ~[ratis-server-0.4.0-2337318-SNAPSHOT.jar:0.4.0-2337318-SNAPSHOT]
	at java.util.concurrent.CompletableFuture.uniComposeStage(CompletableFuture.java:981) ~[?:1.8.0_212]
	at java.util.concurrent.CompletableFuture.thenCompose(CompletableFuture.java:2124) ~[?:1.8.0_212]
	at org.apache.ratis.server.impl.RaftServerProxy.submitRequest(RaftServerProxy.java:327) ~[ratis-server-0.4.0-2337318-SNAPSHOT.jar:0.4.0-2337318-SNAPSHOT]
	at org.apache.ratis.server.impl.RaftServerProxy.submitClientRequestAsync(RaftServerProxy.java:333) ~[ratis-server-0.4.0-2337318-SNAPSHOT.jar:0.4.0-2337318-SNAPSHOT]
	at org.apache.ratis.grpc.client.GrpcClientProtocolService$RequestStreamObserver.processClientRequest(GrpcClientProtocolService.java:220) ~[ratis-grpc-0.4.0-2337318-SNAPSHOT.jar:0.4.0-2337318-SNAPSHOT]
	at org.apache.ratis.grpc.client.GrpcClientProtocolService$OrderedRequestStreamObserver.processClientRequest(GrpcClientProtocolService.java:326) ~[ratis-grpc-0.4.0-2337318-SNAPSHOT.jar:0.4.0-2337318-SNAPSHOT]
	at org.apache.ratis.util.SlidingWindow$Server.processRequestsFromHead(SlidingWindow.java:429) [ratis-common-0.4.0-2337318-SNAPSHOT.jar:0.4.0-2337318-SNAPSHOT]
	at org.apache.ratis.util.SlidingWindow$Server.receivedRequest(SlidingWindow.java:421) [ratis-common-0.4.0-2337318-SNAPSHOT.jar:0.4.0-2337318-SNAPSHOT]
	at org.apache.ratis.grpc.client.GrpcClientProtocolService$OrderedRequestStreamObserver.processClientRequest(GrpcClientProtocolService.java:345) [ratis-grpc-0.4.0-2337318-SNAPSHOT.jar:0.4.0-2337318-SNAPSHOT]
	at org.apache.ratis.grpc.client.GrpcClientProtocolService$RequestStreamObserver.onNext(GrpcClientProtocolService.java:240) [ratis-grpc-0.4.0-2337318-SNAPSHOT.jar:0.4.0-2337318-SNAPSHOT]
	at org.apache.ratis.grpc.client.GrpcClientProtocolService$RequestStreamObserver.onNext(GrpcClientProtocolService.java:168) [ratis-grpc-0.4.0-2337318-SNAPSHOT.jar:0.4.0-2337318-SNAPSHOT]
	at org.apache.ratis.thirdparty.io.grpc.stub.ServerCalls$StreamingServerCallHandler$StreamingServerCallListener.onMessage(ServerCalls.java:248) [ratis-thirdparty-misc-0.2.0.jar:0.2.0]
	at org.apache.ratis.thirdparty.io.grpc.internal.ServerCallImpl$ServerStreamListenerImpl.messagesAvailable(ServerCallImpl.java:263) [ratis-thirdparty-misc-0.2.0.jar:0.2.0]
	at org.apache.ratis.thirdparty.io.grpc.internal.ServerImpl$JumpToApplicationThreadServerStreamListener$1MessagesAvailable.runInContext(ServerImpl.java:686) [ratis-thirdparty-misc-0.2.0.jar:0.2.0]
	at org.apache.ratis.thirdparty.io.grpc.internal.ContextRunnable.run(ContextRunnable.java:37) [ratis-thirdparty-misc-0.2.0.jar:0.2.0]
	at org.apache.ratis.thirdparty.io.grpc.internal.SerializingExecutor.run(SerializingExecutor.java:123) [ratis-thirdparty-misc-0.2.0.jar:0.2.0]
	at java.util.concurrent.ThreadPoolExecutor.runWorker(ThreadPoolExecutor.java:1149) [?:1.8.0_212]
	at java.util.concurrent.ThreadPoolExecutor$Worker.run(ThreadPoolExecutor.java:624) [?:1.8.0_212]
	at java.lang.Thread.run(Thread.java:748) [?:1.8.0_212]
19:14:14.922 [grpc-default-executor-3] ERROR DNAudit - user=null | ip=null | op=PUT_BLOCK {blockData=[blockId=conID: 1 locID: 102435732766654465 bcsId: 0,size=650]} | ret=FAILURE
org.apache.hadoop.hdds.scm.container.common.helpers.ContainerNotOpenException: Container 1 in CLOSED state
	at org.apache.hadoop.ozone.container.common.impl.HddsDispatcher.validateContainerCommand(HddsDispatcher.java:408) ~[hadoop-hdds-container-service-0.5.0-SNAPSHOT.jar:?]
	at org.apache.hadoop.ozone.container.common.transport.server.ratis.ContainerStateMachine.startTransaction(ContainerStateMachine.java:271) ~[hadoop-hdds-container-service-0.5.0-SNAPSHOT.jar:?]
	at org.apache.ratis.server.impl.RaftServerImpl.submitClientRequestAsync(RaftServerImpl.java:566) ~[ratis-server-0.4.0-2337318-SNAPSHOT.jar:0.4.0-2337318-SNAPSHOT]
	at org.apache.ratis.server.impl.RaftServerProxy.lambda$submitClientRequestAsync$7(RaftServerProxy.java:333) ~[ratis-server-0.4.0-2337318-SNAPSHOT.jar:0.4.0-2337318-SNAPSHOT]
	at org.apache.ratis.server.impl.RaftServerProxy.lambda$null$5(RaftServerProxy.java:328) ~[ratis-server-0.4.0-2337318-SNAPSHOT.jar:0.4.0-2337318-SNAPSHOT]
	at org.apache.ratis.util.JavaUtils.callAsUnchecked(JavaUtils.java:109) ~[ratis-common-0.4.0-2337318-SNAPSHOT.jar:0.4.0-2337318-SNAPSHOT]
	at org.apache.ratis.server.impl.RaftServerProxy.lambda$submitRequest$6(RaftServerProxy.java:328) ~[ratis-server-0.4.0-2337318-SNAPSHOT.jar:0.4.0-2337318-SNAPSHOT]
	at java.util.concurrent.CompletableFuture.uniComposeStage(CompletableFuture.java:981) ~[?:1.8.0_212]
	at java.util.concurrent.CompletableFuture.thenCompose(CompletableFuture.java:2124) ~[?:1.8.0_212]
	at org.apache.ratis.server.impl.RaftServerProxy.submitRequest(RaftServerProxy.java:327) ~[ratis-server-0.4.0-2337318-SNAPSHOT.jar:0.4.0-2337318-SNAPSHOT]
	at org.apache.ratis.server.impl.RaftServerProxy.submitClientRequestAsync(RaftServerProxy.java:333) ~[ratis-server-0.4.0-2337318-SNAPSHOT.jar:0.4.0-2337318-SNAPSHOT]
	at org.apache.ratis.grpc.client.GrpcClientProtocolService$RequestStreamObserver.processClientRequest(GrpcClientProtocolService.java:220) ~[ratis-grpc-0.4.0-2337318-SNAPSHOT.jar:0.4.0-2337318-SNAPSHOT]
	at org.apache.ratis.grpc.client.GrpcClientProtocolService$OrderedRequestStreamObserver.processClientRequest(GrpcClientProtocolService.java:326) ~[ratis-grpc-0.4.0-2337318-SNAPSHOT.jar:0.4.0-2337318-SNAPSHOT]
	at org.apache.ratis.util.SlidingWindow$Server.processRequestsFromHead(SlidingWindow.java:429) [ratis-common-0.4.0-2337318-SNAPSHOT.jar:0.4.0-2337318-SNAPSHOT]
	at org.apache.ratis.util.SlidingWindow$Server.receivedRequest(SlidingWindow.java:421) [ratis-common-0.4.0-2337318-SNAPSHOT.jar:0.4.0-2337318-SNAPSHOT]
	at org.apache.ratis.grpc.client.GrpcClientProtocolService$OrderedRequestStreamObserver.processClientRequest(GrpcClientProtocolService.java:345) [ratis-grpc-0.4.0-2337318-SNAPSHOT.jar:0.4.0-2337318-SNAPSHOT]
	at org.apache.ratis.grpc.client.GrpcClientProtocolService$RequestStreamObserver.onNext(GrpcClientProtocolService.java:240) [ratis-grpc-0.4.0-2337318-SNAPSHOT.jar:0.4.0-2337318-SNAPSHOT]
	at org.apache.ratis.grpc.client.GrpcClientProtocolService$RequestStreamObserver.onNext(GrpcClientProtocolService.java:168) [ratis-grpc-0.4.0-2337318-SNAPSHOT.jar:0.4.0-2337318-SNAPSHOT]
	at org.apache.ratis.thirdparty.io.grpc.stub.ServerCalls$StreamingServerCallHandler$StreamingServerCallListener.onMessage(ServerCalls.java:248) [ratis-thirdparty-misc-0.2.0.jar:0.2.0]
	at org.apache.ratis.thirdparty.io.grpc.internal.ServerCallImpl$ServerStreamListenerImpl.messagesAvailable(ServerCallImpl.java:263) [ratis-thirdparty-misc-0.2.0.jar:0.2.0]
	at org.apache.ratis.thirdparty.io.grpc.internal.ServerImpl$JumpToApplicationThreadServerStreamListener$1MessagesAvailable.runInContext(ServerImpl.java:686) [ratis-thirdparty-misc-0.2.0.jar:0.2.0]
	at org.apache.ratis.thirdparty.io.grpc.internal.ContextRunnable.run(ContextRunnable.java:37) [ratis-thirdparty-misc-0.2.0.jar:0.2.0]
	at org.apache.ratis.thirdparty.io.grpc.internal.SerializingExecutor.run(SerializingExecutor.java:123) [ratis-thirdparty-misc-0.2.0.jar:0.2.0]
	at java.util.concurrent.ThreadPoolExecutor.runWorker(ThreadPoolExecutor.java:1149) [?:1.8.0_212]
	at java.util.concurrent.ThreadPoolExecutor$Worker.run(ThreadPoolExecutor.java:624) [?:1.8.0_212]
	at java.lang.Thread.run(Thread.java:748) [?:1.8.0_212]
2019-07-13 19:14:14,923 INFO  client.GrpcClientProtocolClient (GrpcClientProtocolClient.java:onNext(255)) - client-3456CFEA17CD->e12f3e19-727c-46e4-8b5e-ac543c0d4164: receive RaftClientReply:client-3456CFEA17CD->e12f3e19-727c-46e4-8b5e-ac543c0d4164@group-04BC22F76CA6, cid=22, FAILED org.apache.ratis.protocol.StateMachineException: org.apache.hadoop.hdds.scm.container.common.helpers.ContainerNotOpenException from Server e12f3e19-727c-46e4-8b5e-ac543c0d4164: Container 1 in CLOSED state, logIndex=0, commits[e12f3e19-727c-46e4-8b5e-ac543c0d4164:c18, 71c4eb8e-be83-4684-9612-b890f30a8959:c18, 931197b3-0e30-46fd-be87-7d3c3b9580e5:c16]
2019-07-13 19:14:14,929 INFO  client.GrpcClientProtocolClient (GrpcClientProtocolClient.java:onNext(255)) - client-3456CFEA17CD->e12f3e19-727c-46e4-8b5e-ac543c0d4164: receive RaftClientReply:client-3456CFEA17CD->e12f3e19-727c-46e4-8b5e-ac543c0d4164@group-04BC22F76CA6, cid=23, FAILED org.apache.ratis.protocol.StateMachineException: org.apache.hadoop.hdds.scm.container.common.helpers.ContainerNotOpenException from Server e12f3e19-727c-46e4-8b5e-ac543c0d4164: Container 1 in CLOSED state, logIndex=0, commits[e12f3e19-727c-46e4-8b5e-ac543c0d4164:c18, 71c4eb8e-be83-4684-9612-b890f30a8959:c18, 931197b3-0e30-46fd-be87-7d3c3b9580e5:c16]
19:14:14.929 [grpc-default-executor-3] ERROR DNAudit - user=null | ip=null | op=WRITE_CHUNK {blockData=conID: 1 locID: 102435732766654465 bcsId: 14} | ret=FAILURE
org.apache.hadoop.hdds.scm.container.common.helpers.ContainerNotOpenException: Container 1 in CLOSED state
	at org.apache.hadoop.ozone.container.common.impl.HddsDispatcher.validateContainerCommand(HddsDispatcher.java:408) ~[hadoop-hdds-container-service-0.5.0-SNAPSHOT.jar:?]
	at org.apache.hadoop.ozone.container.common.transport.server.ratis.ContainerStateMachine.startTransaction(ContainerStateMachine.java:271) ~[hadoop-hdds-container-service-0.5.0-SNAPSHOT.jar:?]
	at org.apache.ratis.server.impl.RaftServerImpl.submitClientRequestAsync(RaftServerImpl.java:566) ~[ratis-server-0.4.0-2337318-SNAPSHOT.jar:0.4.0-2337318-SNAPSHOT]
	at org.apache.ratis.server.impl.RaftServerProxy.lambda$submitClientRequestAsync$7(RaftServerProxy.java:333) ~[ratis-server-0.4.0-2337318-SNAPSHOT.jar:0.4.0-2337318-SNAPSHOT]
	at org.apache.ratis.server.impl.RaftServerProxy.lambda$null$5(RaftServerProxy.java:328) ~[ratis-server-0.4.0-2337318-SNAPSHOT.jar:0.4.0-2337318-SNAPSHOT]
	at org.apache.ratis.util.JavaUtils.callAsUnchecked(JavaUtils.java:109) ~[ratis-common-0.4.0-2337318-SNAPSHOT.jar:0.4.0-2337318-SNAPSHOT]
	at org.apache.ratis.server.impl.RaftServerProxy.lambda$submitRequest$6(RaftServerProxy.java:328) ~[ratis-server-0.4.0-2337318-SNAPSHOT.jar:0.4.0-2337318-SNAPSHOT]
	at java.util.concurrent.CompletableFuture.uniComposeStage(CompletableFuture.java:981) ~[?:1.8.0_212]
	at java.util.concurrent.CompletableFuture.thenCompose(CompletableFuture.java:2124) ~[?:1.8.0_212]
	at org.apache.ratis.server.impl.RaftServerProxy.submitRequest(RaftServerProxy.java:327) ~[ratis-server-0.4.0-2337318-SNAPSHOT.jar:0.4.0-2337318-SNAPSHOT]
	at org.apache.ratis.server.impl.RaftServerProxy.submitClientRequestAsync(RaftServerProxy.java:333) ~[ratis-server-0.4.0-2337318-SNAPSHOT.jar:0.4.0-2337318-SNAPSHOT]
	at org.apache.ratis.grpc.client.GrpcClientProtocolService$RequestStreamObserver.processClientRequest(GrpcClientProtocolService.java:220) ~[ratis-grpc-0.4.0-2337318-SNAPSHOT.jar:0.4.0-2337318-SNAPSHOT]
	at org.apache.ratis.grpc.client.GrpcClientProtocolService$OrderedRequestStreamObserver.processClientRequest(GrpcClientProtocolService.java:326) ~[ratis-grpc-0.4.0-2337318-SNAPSHOT.jar:0.4.0-2337318-SNAPSHOT]
	at org.apache.ratis.util.SlidingWindow$Server.processRequestsFromHead(SlidingWindow.java:429) [ratis-common-0.4.0-2337318-SNAPSHOT.jar:0.4.0-2337318-SNAPSHOT]
	at org.apache.ratis.util.SlidingWindow$Server.receivedRequest(SlidingWindow.java:421) [ratis-common-0.4.0-2337318-SNAPSHOT.jar:0.4.0-2337318-SNAPSHOT]
	at org.apache.ratis.grpc.client.GrpcClientProtocolService$OrderedRequestStreamObserver.processClientRequest(GrpcClientProtocolService.java:345) [ratis-grpc-0.4.0-2337318-SNAPSHOT.jar:0.4.0-2337318-SNAPSHOT]
	at org.apache.ratis.grpc.client.GrpcClientProtocolService$RequestStreamObserver.onNext(GrpcClientProtocolService.java:240) [ratis-grpc-0.4.0-2337318-SNAPSHOT.jar:0.4.0-2337318-SNAPSHOT]
	at org.apache.ratis.grpc.client.GrpcClientProtocolService$RequestStreamObserver.onNext(GrpcClientProtocolService.java:168) [ratis-grpc-0.4.0-2337318-SNAPSHOT.jar:0.4.0-2337318-SNAPSHOT]
	at org.apache.ratis.thirdparty.io.grpc.stub.ServerCalls$StreamingServerCallHandler$StreamingServerCallListener.onMessage(ServerCalls.java:248) [ratis-thirdparty-misc-0.2.0.jar:0.2.0]
	at org.apache.ratis.thirdparty.io.grpc.internal.ServerCallImpl$ServerStreamListenerImpl.messagesAvailable(ServerCallImpl.java:263) [ratis-thirdparty-misc-0.2.0.jar:0.2.0]
	at org.apache.ratis.thirdparty.io.grpc.internal.ServerImpl$JumpToApplicationThreadServerStreamListener$1MessagesAvailable.runInContext(ServerImpl.java:686) [ratis-thirdparty-misc-0.2.0.jar:0.2.0]
	at org.apache.ratis.thirdparty.io.grpc.internal.ContextRunnable.run(ContextRunnable.java:37) [ratis-thirdparty-misc-0.2.0.jar:0.2.0]
	at org.apache.ratis.thirdparty.io.grpc.internal.SerializingExecutor.run(SerializingExecutor.java:123) [ratis-thirdparty-misc-0.2.0.jar:0.2.0]
	at java.util.concurrent.ThreadPoolExecutor.runWorker(ThreadPoolExecutor.java:1149) [?:1.8.0_212]
	at java.util.concurrent.ThreadPoolExecutor$Worker.run(ThreadPoolExecutor.java:624) [?:1.8.0_212]
	at java.lang.Thread.run(Thread.java:748) [?:1.8.0_212]
2019-07-13 19:14:14,933 INFO  client.GrpcClientProtocolClient (GrpcClientProtocolClient.java:onNext(255)) - client-3456CFEA17CD->e12f3e19-727c-46e4-8b5e-ac543c0d4164: receive RaftClientReply:client-3456CFEA17CD->e12f3e19-727c-46e4-8b5e-ac543c0d4164@group-04BC22F76CA6, cid=24, FAILED org.apache.ratis.protocol.StateMachineException: org.apache.hadoop.hdds.scm.container.common.helpers.ContainerNotOpenException from Server e12f3e19-727c-46e4-8b5e-ac543c0d4164: Container 1 in CLOSED state, logIndex=0, commits[e12f3e19-727c-46e4-8b5e-ac543c0d4164:c18, 71c4eb8e-be83-4684-9612-b890f30a8959:c18, 931197b3-0e30-46fd-be87-7d3c3b9580e5:c16]
19:14:14.935 [grpc-default-executor-3] ERROR DNAudit - user=null | ip=null | op=WRITE_CHUNK {blockData=conID: 1 locID: 102435732766654465 bcsId: 14} | ret=FAILURE
org.apache.hadoop.hdds.scm.container.common.helpers.ContainerNotOpenException: Container 1 in CLOSED state
	at org.apache.hadoop.ozone.container.common.impl.HddsDispatcher.validateContainerCommand(HddsDispatcher.java:408) ~[hadoop-hdds-container-service-0.5.0-SNAPSHOT.jar:?]
	at org.apache.hadoop.ozone.container.common.transport.server.ratis.ContainerStateMachine.startTransaction(ContainerStateMachine.java:271) ~[hadoop-hdds-container-service-0.5.0-SNAPSHOT.jar:?]
	at org.apache.ratis.server.impl.RaftServerImpl.submitClientRequestAsync(RaftServerImpl.java:566) ~[ratis-server-0.4.0-2337318-SNAPSHOT.jar:0.4.0-2337318-SNAPSHOT]
	at org.apache.ratis.server.impl.RaftServerProxy.lambda$submitClientRequestAsync$7(RaftServerProxy.java:333) ~[ratis-server-0.4.0-2337318-SNAPSHOT.jar:0.4.0-2337318-SNAPSHOT]
	at org.apache.ratis.server.impl.RaftServerProxy.lambda$null$5(RaftServerProxy.java:328) ~[ratis-server-0.4.0-2337318-SNAPSHOT.jar:0.4.0-2337318-SNAPSHOT]
	at org.apache.ratis.util.JavaUtils.callAsUnchecked(JavaUtils.java:109) ~[ratis-common-0.4.0-2337318-SNAPSHOT.jar:0.4.0-2337318-SNAPSHOT]
	at org.apache.ratis.server.impl.RaftServerProxy.lambda$submitRequest$6(RaftServerProxy.java:328) ~[ratis-server-0.4.0-2337318-SNAPSHOT.jar:0.4.0-2337318-SNAPSHOT]
	at java.util.concurrent.CompletableFuture.uniComposeStage(CompletableFuture.java:981) ~[?:1.8.0_212]
	at java.util.concurrent.CompletableFuture.thenCompose(CompletableFuture.java:2124) ~[?:1.8.0_212]
	at org.apache.ratis.server.impl.RaftServerProxy.submitRequest(RaftServerProxy.java:327) ~[ratis-server-0.4.0-2337318-SNAPSHOT.jar:0.4.0-2337318-SNAPSHOT]
	at org.apache.ratis.server.impl.RaftServerProxy.submitClientRequestAsync(RaftServerProxy.java:333) ~[ratis-server-0.4.0-2337318-SNAPSHOT.jar:0.4.0-2337318-SNAPSHOT]
	at org.apache.ratis.grpc.client.GrpcClientProtocolService$RequestStreamObserver.processClientRequest(GrpcClientProtocolService.java:220) ~[ratis-grpc-0.4.0-2337318-SNAPSHOT.jar:0.4.0-2337318-SNAPSHOT]
	at org.apache.ratis.grpc.client.GrpcClientProtocolService$OrderedRequestStreamObserver.processClientRequest(GrpcClientProtocolService.java:326) ~[ratis-grpc-0.4.0-2337318-SNAPSHOT.jar:0.4.0-2337318-SNAPSHOT]
	at org.apache.ratis.util.SlidingWindow$Server.processRequestsFromHead(SlidingWindow.java:429) [ratis-common-0.4.0-2337318-SNAPSHOT.jar:0.4.0-2337318-SNAPSHOT]
	at org.apache.ratis.util.SlidingWindow$Server.receivedRequest(SlidingWindow.java:421) [ratis-common-0.4.0-2337318-SNAPSHOT.jar:0.4.0-2337318-SNAPSHOT]
	at org.apache.ratis.grpc.client.GrpcClientProtocolService$OrderedRequestStreamObserver.processClientRequest(GrpcClientProtocolService.java:345) [ratis-grpc-0.4.0-2337318-SNAPSHOT.jar:0.4.0-2337318-SNAPSHOT]
	at org.apache.ratis.grpc.client.GrpcClientProtocolService$RequestStreamObserver.onNext(GrpcClientProtocolService.java:240) [ratis-grpc-0.4.0-2337318-SNAPSHOT.jar:0.4.0-2337318-SNAPSHOT]
	at org.apache.ratis.grpc.client.GrpcClientProtocolService$RequestStreamObserver.onNext(GrpcClientProtocolService.java:168) [ratis-grpc-0.4.0-2337318-SNAPSHOT.jar:0.4.0-2337318-SNAPSHOT]
	at org.apache.ratis.thirdparty.io.grpc.stub.ServerCalls$StreamingServerCallHandler$StreamingServerCallListener.onMessage(ServerCalls.java:248) [ratis-thirdparty-misc-0.2.0.jar:0.2.0]
	at org.apache.ratis.thirdparty.io.grpc.internal.ServerCallImpl$ServerStreamListenerImpl.messagesAvailable(ServerCallImpl.java:263) [ratis-thirdparty-misc-0.2.0.jar:0.2.0]
	at org.apache.ratis.thirdparty.io.grpc.internal.ServerImpl$JumpToApplicationThreadServerStreamListener$1MessagesAvailable.runInContext(ServerImpl.java:686) [ratis-thirdparty-misc-0.2.0.jar:0.2.0]
	at org.apache.ratis.thirdparty.io.grpc.internal.ContextRunnable.run(ContextRunnable.java:37) [ratis-thirdparty-misc-0.2.0.jar:0.2.0]
	at org.apache.ratis.thirdparty.io.grpc.internal.SerializingExecutor.run(SerializingExecutor.java:123) [ratis-thirdparty-misc-0.2.0.jar:0.2.0]
	at java.util.concurrent.ThreadPoolExecutor.runWorker(ThreadPoolExecutor.java:1149) [?:1.8.0_212]
	at java.util.concurrent.ThreadPoolExecutor$Worker.run(ThreadPoolExecutor.java:624) [?:1.8.0_212]
	at java.lang.Thread.run(Thread.java:748) [?:1.8.0_212]
2019-07-13 19:14:14,939 INFO  client.GrpcClientProtocolClient (GrpcClientProtocolClient.java:onNext(255)) - client-3456CFEA17CD->e12f3e19-727c-46e4-8b5e-ac543c0d4164: receive RaftClientReply:client-3456CFEA17CD->e12f3e19-727c-46e4-8b5e-ac543c0d4164@group-04BC22F76CA6, cid=25, FAILED org.apache.ratis.protocol.StateMachineException: org.apache.hadoop.hdds.scm.container.common.helpers.ContainerNotOpenException from Server e12f3e19-727c-46e4-8b5e-ac543c0d4164: Container 1 in CLOSED state, logIndex=0, commits[e12f3e19-727c-46e4-8b5e-ac543c0d4164:c18, 71c4eb8e-be83-4684-9612-b890f30a8959:c18, 931197b3-0e30-46fd-be87-7d3c3b9580e5:c16]
19:14:14.948 [grpc-default-executor-3] ERROR DNAudit - user=null | ip=null | op=PUT_BLOCK {blockData=[blockId=conID: 1 locID: 102435732766654465 bcsId: 0,size=800]} | ret=FAILURE
org.apache.hadoop.hdds.scm.container.common.helpers.ContainerNotOpenException: Container 1 in CLOSED state
	at org.apache.hadoop.ozone.container.common.impl.HddsDispatcher.validateContainerCommand(HddsDispatcher.java:408) ~[hadoop-hdds-container-service-0.5.0-SNAPSHOT.jar:?]
	at org.apache.hadoop.ozone.container.common.transport.server.ratis.ContainerStateMachine.startTransaction(ContainerStateMachine.java:271) ~[hadoop-hdds-container-service-0.5.0-SNAPSHOT.jar:?]
	at org.apache.ratis.server.impl.RaftServerImpl.submitClientRequestAsync(RaftServerImpl.java:566) ~[ratis-server-0.4.0-2337318-SNAPSHOT.jar:0.4.0-2337318-SNAPSHOT]
	at org.apache.ratis.server.impl.RaftServerProxy.lambda$submitClientRequestAsync$7(RaftServerProxy.java:333) ~[ratis-server-0.4.0-2337318-SNAPSHOT.jar:0.4.0-2337318-SNAPSHOT]
	at org.apache.ratis.server.impl.RaftServerProxy.lambda$null$5(RaftServerProxy.java:328) ~[ratis-server-0.4.0-2337318-SNAPSHOT.jar:0.4.0-2337318-SNAPSHOT]
	at org.apache.ratis.util.JavaUtils.callAsUnchecked(JavaUtils.java:109) ~[ratis-common-0.4.0-2337318-SNAPSHOT.jar:0.4.0-2337318-SNAPSHOT]
	at org.apache.ratis.server.impl.RaftServerProxy.lambda$submitRequest$6(RaftServerProxy.java:328) ~[ratis-server-0.4.0-2337318-SNAPSHOT.jar:0.4.0-2337318-SNAPSHOT]
	at java.util.concurrent.CompletableFuture.uniComposeStage(CompletableFuture.java:981) ~[?:1.8.0_212]
	at java.util.concurrent.CompletableFuture.thenCompose(CompletableFuture.java:2124) ~[?:1.8.0_212]
	at org.apache.ratis.server.impl.RaftServerProxy.submitRequest(RaftServerProxy.java:327) ~[ratis-server-0.4.0-2337318-SNAPSHOT.jar:0.4.0-2337318-SNAPSHOT]
	at org.apache.ratis.server.impl.RaftServerProxy.submitClientRequestAsync(RaftServerProxy.java:333) ~[ratis-server-0.4.0-2337318-SNAPSHOT.jar:0.4.0-2337318-SNAPSHOT]
	at org.apache.ratis.grpc.client.GrpcClientProtocolService$RequestStreamObserver.processClientRequest(GrpcClientProtocolService.java:220) ~[ratis-grpc-0.4.0-2337318-SNAPSHOT.jar:0.4.0-2337318-SNAPSHOT]
	at org.apache.ratis.grpc.client.GrpcClientProtocolService$OrderedRequestStreamObserver.processClientRequest(GrpcClientProtocolService.java:326) ~[ratis-grpc-0.4.0-2337318-SNAPSHOT.jar:0.4.0-2337318-SNAPSHOT]
	at org.apache.ratis.util.SlidingWindow$Server.processRequestsFromHead(SlidingWindow.java:429) [ratis-common-0.4.0-2337318-SNAPSHOT.jar:0.4.0-2337318-SNAPSHOT]
	at org.apache.ratis.util.SlidingWindow$Server.receivedRequest(SlidingWindow.java:421) [ratis-common-0.4.0-2337318-SNAPSHOT.jar:0.4.0-2337318-SNAPSHOT]
	at org.apache.ratis.grpc.client.GrpcClientProtocolService$OrderedRequestStreamObserver.processClientRequest(GrpcClientProtocolService.java:345) [ratis-grpc-0.4.0-2337318-SNAPSHOT.jar:0.4.0-2337318-SNAPSHOT]
	at org.apache.ratis.grpc.client.GrpcClientProtocolService$RequestStreamObserver.onNext(GrpcClientProtocolService.java:240) [ratis-grpc-0.4.0-2337318-SNAPSHOT.jar:0.4.0-2337318-SNAPSHOT]
	at org.apache.ratis.grpc.client.GrpcClientProtocolService$RequestStreamObserver.onNext(GrpcClientProtocolService.java:168) [ratis-grpc-0.4.0-2337318-SNAPSHOT.jar:0.4.0-2337318-SNAPSHOT]
	at org.apache.ratis.thirdparty.io.grpc.stub.ServerCalls$StreamingServerCallHandler$StreamingServerCallListener.onMessage(ServerCalls.java:248) [ratis-thirdparty-misc-0.2.0.jar:0.2.0]
	at org.apache.ratis.thirdparty.io.grpc.internal.ServerCallImpl$ServerStreamListenerImpl.messagesAvailable(ServerCallImpl.java:263) [ratis-thirdparty-misc-0.2.0.jar:0.2.0]
	at org.apache.ratis.thirdparty.io.grpc.internal.ServerImpl$JumpToApplicationThreadServerStreamListener$1MessagesAvailable.runInContext(ServerImpl.java:686) [ratis-thirdparty-misc-0.2.0.jar:0.2.0]
	at org.apache.ratis.thirdparty.io.grpc.internal.ContextRunnable.run(ContextRunnable.java:37) [ratis-thirdparty-misc-0.2.0.jar:0.2.0]
	at org.apache.ratis.thirdparty.io.grpc.internal.SerializingExecutor.run(SerializingExecutor.java:123) [ratis-thirdparty-misc-0.2.0.jar:0.2.0]
	at java.util.concurrent.ThreadPoolExecutor.runWorker(ThreadPoolExecutor.java:1149) [?:1.8.0_212]
	at java.util.concurrent.ThreadPoolExecutor$Worker.run(ThreadPoolExecutor.java:624) [?:1.8.0_212]
	at java.lang.Thread.run(Thread.java:748) [?:1.8.0_212]
2019-07-13 19:14:14,952 INFO  client.GrpcClientProtocolClient (GrpcClientProtocolClient.java:onNext(255)) - client-3456CFEA17CD->e12f3e19-727c-46e4-8b5e-ac543c0d4164: receive RaftClientReply:client-3456CFEA17CD->e12f3e19-727c-46e4-8b5e-ac543c0d4164@group-04BC22F76CA6, cid=26, FAILED org.apache.ratis.protocol.StateMachineException: org.apache.hadoop.hdds.scm.container.common.helpers.ContainerNotOpenException from Server e12f3e19-727c-46e4-8b5e-ac543c0d4164: Container 1 in CLOSED state, logIndex=0, commits[e12f3e19-727c-46e4-8b5e-ac543c0d4164:c18, 71c4eb8e-be83-4684-9612-b890f30a8959:c18, 931197b3-0e30-46fd-be87-7d3c3b9580e5:c16]
2019-07-13 19:14:14,955 INFO  client.GrpcClientProtocolClient (GrpcClientProtocolClient.java:onNext(255)) - client-3456CFEA17CD->e12f3e19-727c-46e4-8b5e-ac543c0d4164: receive RaftClientReply:client-3456CFEA17CD->e12f3e19-727c-46e4-8b5e-ac543c0d4164@group-04BC22F76CA6, cid=27, FAILED org.apache.ratis.protocol.StateMachineException: org.apache.hadoop.hdds.scm.container.common.helpers.ContainerNotOpenException from Server e12f3e19-727c-46e4-8b5e-ac543c0d4164: Container 1 in CLOSED state, logIndex=0, commits[e12f3e19-727c-46e4-8b5e-ac543c0d4164:c18, 71c4eb8e-be83-4684-9612-b890f30a8959:c18, 931197b3-0e30-46fd-be87-7d3c3b9580e5:c16]
2019-07-13 19:14:15,001 INFO  client.GrpcClientProtocolClient (GrpcClientProtocolClient.java:onNext(255)) - client-754FDB9C3B6A->1f5c7cff-78d9-439f-b565-061acdcd80d7: receive RaftClientReply:client-754FDB9C3B6A->1f5c7cff-78d9-439f-b565-061acdcd80d7@group-93EB25F1631D, cid=28, FAILED org.apache.ratis.protocol.NotLeaderException: Server 1f5c7cff-78d9-439f-b565-061acdcd80d7 is not the leader (1ebbbf85-280c-4818-995a-ec41fe3171d4:192.168.69.122:43657). Request must be sent to leader., logIndex=0, commits[1f5c7cff-78d9-439f-b565-061acdcd80d7:c0, 90d95711-f8eb-4c5d-a305-ad1e3a715ae6:c0, 1ebbbf85-280c-4818-995a-ec41fe3171d4:c0]
2019-07-13 19:14:15,154 INFO  client.GrpcClientProtocolClient (GrpcClientProtocolClient.java:onNext(255)) - client-754FDB9C3B6A->1ebbbf85-280c-4818-995a-ec41fe3171d4: receive RaftClientReply:client-754FDB9C3B6A->1ebbbf85-280c-4818-995a-ec41fe3171d4@group-93EB25F1631D, cid=28, SUCCESS, logIndex=1, commits[1ebbbf85-280c-4818-995a-ec41fe3171d4:c1, 90d95711-f8eb-4c5d-a305-ad1e3a715ae6:c0, 1f5c7cff-78d9-439f-b565-061acdcd80d7:c0]
2019-07-13 19:14:15,181 INFO  client.GrpcClientProtocolClient (GrpcClientProtocolClient.java:onNext(255)) - client-754FDB9C3B6A->1ebbbf85-280c-4818-995a-ec41fe3171d4: receive RaftClientReply:client-754FDB9C3B6A->1ebbbf85-280c-4818-995a-ec41fe3171d4@group-93EB25F1631D, cid=29, SUCCESS, logIndex=3, commits[1ebbbf85-280c-4818-995a-ec41fe3171d4:c4, 90d95711-f8eb-4c5d-a305-ad1e3a715ae6:c2, 1f5c7cff-78d9-439f-b565-061acdcd80d7:c2]
2019-07-13 19:14:15,246 INFO  client.GrpcClientProtocolClient (GrpcClientProtocolClient.java:onNext(255)) - client-754FDB9C3B6A->1ebbbf85-280c-4818-995a-ec41fe3171d4: receive RaftClientReply:client-754FDB9C3B6A->1ebbbf85-280c-4818-995a-ec41fe3171d4@group-93EB25F1631D, cid=30, SUCCESS, logIndex=4, commits[1ebbbf85-280c-4818-995a-ec41fe3171d4:c12, 90d95711-f8eb-4c5d-a305-ad1e3a715ae6:c7, 1f5c7cff-78d9-439f-b565-061acdcd80d7:c7]
2019-07-13 19:14:15,251 INFO  client.GrpcClientProtocolClient (GrpcClientProtocolClient.java:onNext(255)) - client-754FDB9C3B6A->1ebbbf85-280c-4818-995a-ec41fe3171d4: receive RaftClientReply:client-754FDB9C3B6A->1ebbbf85-280c-4818-995a-ec41fe3171d4@group-93EB25F1631D, cid=31, SUCCESS, logIndex=5, commits[1ebbbf85-280c-4818-995a-ec41fe3171d4:c12, 90d95711-f8eb-4c5d-a305-ad1e3a715ae6:c7, 1f5c7cff-78d9-439f-b565-061acdcd80d7:c7]
2019-07-13 19:14:15,252 INFO  client.GrpcClientProtocolClient (GrpcClientProtocolClient.java:onNext(255)) - client-754FDB9C3B6A->1ebbbf85-280c-4818-995a-ec41fe3171d4: receive RaftClientReply:client-754FDB9C3B6A->1ebbbf85-280c-4818-995a-ec41fe3171d4@group-93EB25F1631D, cid=32, SUCCESS, logIndex=6, commits[1ebbbf85-280c-4818-995a-ec41fe3171d4:c12, 90d95711-f8eb-4c5d-a305-ad1e3a715ae6:c7, 1f5c7cff-78d9-439f-b565-061acdcd80d7:c7]
2019-07-13 19:14:15,275 INFO  client.GrpcClientProtocolClient (GrpcClientProtocolClient.java:onNext(255)) - client-754FDB9C3B6A->1ebbbf85-280c-4818-995a-ec41fe3171d4: receive RaftClientReply:client-754FDB9C3B6A->1ebbbf85-280c-4818-995a-ec41fe3171d4@group-93EB25F1631D, cid=33, SUCCESS, logIndex=7, commits[1ebbbf85-280c-4818-995a-ec41fe3171d4:c12, 90d95711-f8eb-4c5d-a305-ad1e3a715ae6:c7, 1f5c7cff-78d9-439f-b565-061acdcd80d7:c7]
2019-07-13 19:14:15,300 INFO  client.GrpcClientProtocolClient (GrpcClientProtocolClient.java:onNext(255)) - client-754FDB9C3B6A->1ebbbf85-280c-4818-995a-ec41fe3171d4: receive RaftClientReply:client-754FDB9C3B6A->1ebbbf85-280c-4818-995a-ec41fe3171d4@group-93EB25F1631D, cid=34, SUCCESS, logIndex=13, commits[1ebbbf85-280c-4818-995a-ec41fe3171d4:c14, 90d95711-f8eb-4c5d-a305-ad1e3a715ae6:c12, 1f5c7cff-78d9-439f-b565-061acdcd80d7:c12]
2019-07-13 19:14:15,301 INFO  client.GrpcClientProtocolClient (GrpcClientProtocolClient.java:onNext(255)) - client-754FDB9C3B6A->1ebbbf85-280c-4818-995a-ec41fe3171d4: receive RaftClientReply:client-754FDB9C3B6A->1ebbbf85-280c-4818-995a-ec41fe3171d4@group-93EB25F1631D, cid=35, SUCCESS, logIndex=14, commits[1ebbbf85-280c-4818-995a-ec41fe3171d4:c14, 90d95711-f8eb-4c5d-a305-ad1e3a715ae6:c12, 1f5c7cff-78d9-439f-b565-061acdcd80d7:c12]
2019-07-13 19:14:15,318 INFO  client.GrpcClientProtocolClient (GrpcClientProtocolClient.java:onNext(255)) - client-754FDB9C3B6A->1ebbbf85-280c-4818-995a-ec41fe3171d4: receive RaftClientReply:client-754FDB9C3B6A->1ebbbf85-280c-4818-995a-ec41fe3171d4@group-93EB25F1631D, cid=36, SUCCESS, logIndex=0, commits[1ebbbf85-280c-4818-995a-ec41fe3171d4:c15, 90d95711-f8eb-4c5d-a305-ad1e3a715ae6:c14, 1f5c7cff-78d9-439f-b565-061acdcd80d7:c14]
2019-07-13 19:14:15,319 INFO  ozone.MiniOzoneClusterImpl (MiniOzoneClusterImpl.java:shutdown(321)) - Shutting down the Mini Ozone Cluster
2019-07-13 19:14:15,320 INFO  ozone.MiniOzoneClusterImpl (MiniOzoneClusterImpl.java:stop(336)) - Stopping the Mini Ozone Cluster
2019-07-13 19:14:15,320 INFO  ozone.MiniOzoneClusterImpl (MiniOzoneClusterImpl.java:stop(338)) - Stopping the OzoneManager
2019-07-13 19:14:15,321 INFO  ipc.Server (Server.java:stop(3082)) - Stopping server on 39080
2019-07-13 19:14:15,322 INFO  ipc.Server (Server.java:run(1185)) - Stopping IPC Server listener on 39080
2019-07-13 19:14:15,323 INFO  utils.BackgroundService (BackgroundService.java:shutdown(148)) - Shutting down service KeyDeletingService
2019-07-13 19:14:15,323 INFO  ipc.Server (Server.java:run(1319)) - Stopping IPC Server Responder
2019-07-13 19:14:15,329 INFO  handler.ContextHandler (ContextHandler.java:doStop(910)) - Stopped o.e.j.w.WebAppContext@1b9c1b51{/,null,UNAVAILABLE}{/ozoneManager}
2019-07-13 19:14:15,331 INFO  server.AbstractConnector (AbstractConnector.java:doStop(318)) - Stopped ServerConnector@2e52fb3e{HTTP/1.1,[http/1.1]}{0.0.0.0:0}
2019-07-13 19:14:15,331 INFO  handler.ContextHandler (ContextHandler.java:doStop(910)) - Stopped o.e.j.s.ServletContextHandler@35c09b94{/static,file:///tmp/workdir/hadoop-ozone/integration-test/target/test-classes/webapps/static,UNAVAILABLE}
2019-07-13 19:14:15,332 INFO  handler.ContextHandler (ContextHandler.java:doStop(910)) - Stopped o.e.j.s.ServletContextHandler@6ac97b84{/logs,file:///tmp/workdir/hadoop-ozone/integration-test/target/log,UNAVAILABLE}
2019-07-13 19:14:15,347 INFO  ozone.MiniOzoneClusterImpl (MiniOzoneClusterImpl.java:stop(344)) - Shutting the HddsDatanodes
2019-07-13 19:14:15,348 INFO  datanode.ObjectStoreHandler (ObjectStoreHandler.java:close(155)) - Closing ObjectStoreHandler.
2019-07-13 19:14:15,348 INFO  datanode.ObjectStoreHandler (ObjectStoreHandler.java:close(155)) - Closing ObjectStoreHandler.
2019-07-13 19:14:15,352 INFO  ozone.HddsDatanodeService (HddsDatanodeService.java:stop(452)) - Stopped plug-in org.apache.hadoop.ozone.web.OzoneHddsDatanodeService@15d236fd
2019-07-13 19:14:15,352 INFO  ozone.HddsDatanodeService (HddsDatanodeService.java:stop(452)) - Stopped plug-in org.apache.hadoop.ozone.web.OzoneHddsDatanodeService@5729b410
2019-07-13 19:14:16,122 INFO  statemachine.DatanodeStateMachine (DatanodeStateMachine.java:lambda$startDaemon$0(350)) - Ozone container server started.
2019-07-13 19:14:16,126 INFO  statemachine.DatanodeStateMachine (DatanodeStateMachine.java:lambda$startDaemon$0(350)) - Ozone container server started.
2019-07-13 19:14:16,366 WARN  server.GrpcLogAppender (LogUtils.java:warn(134)) - e12f3e19-727c-46e4-8b5e-ac543c0d4164->71c4eb8e-be83-4684-9612-b890f30a8959: Failed appendEntries: org.apache.ratis.thirdparty.io.grpc.StatusRuntimeException: UNAVAILABLE: io exception
2019-07-13 19:14:16,369 INFO  impl.FollowerInfo (FollowerInfo.java:lambda$new$0(50)) - e12f3e19-727c-46e4-8b5e-ac543c0d4164->71c4eb8e-be83-4684-9612-b890f30a8959: nextIndex: updateUnconditionally 18 -> 17
2019-07-13 19:14:16,369 WARN  server.GrpcLogAppender (LogUtils.java:warn(134)) - e12f3e19-727c-46e4-8b5e-ac543c0d4164->931197b3-0e30-46fd-be87-7d3c3b9580e5: Failed appendEntries: org.apache.ratis.thirdparty.io.grpc.StatusRuntimeException: UNAVAILABLE: io exception
2019-07-13 19:14:16,371 INFO  impl.FollowerInfo (FollowerInfo.java:lambda$new$0(50)) - e12f3e19-727c-46e4-8b5e-ac543c0d4164->931197b3-0e30-46fd-be87-7d3c3b9580e5: nextIndex: updateUnconditionally 15 -> 14
2019-07-13 19:14:18,869 WARN  server.GrpcLogAppender (LogUtils.java:warn(134)) - e12f3e19-727c-46e4-8b5e-ac543c0d4164->71c4eb8e-be83-4684-9612-b890f30a8959: Failed appendEntries: org.apache.ratis.thirdparty.io.grpc.StatusRuntimeException: UNAVAILABLE: io exception
2019-07-13 19:14:18,870 WARN  server.GrpcLogAppender (LogUtils.java:warn(134)) - e12f3e19-727c-46e4-8b5e-ac543c0d4164->931197b3-0e30-46fd-be87-7d3c3b9580e5: Failed appendEntries: org.apache.ratis.thirdparty.io.grpc.StatusRuntimeException: UNAVAILABLE: io exception
2019-07-13 19:14:18,872 INFO  impl.FollowerInfo (FollowerInfo.java:lambda$new$0(50)) - e12f3e19-727c-46e4-8b5e-ac543c0d4164->71c4eb8e-be83-4684-9612-b890f30a8959: nextIndex: updateUnconditionally 17 -> 16
2019-07-13 19:14:18,874 INFO  impl.FollowerInfo (FollowerInfo.java:lambda$new$0(50)) - e12f3e19-727c-46e4-8b5e-ac543c0d4164->931197b3-0e30-46fd-be87-7d3c3b9580e5: nextIndex: updateUnconditionally 14 -> 13
2019-07-13 19:14:20,174 INFO  node.StaleNodeHandler (StaleNodeHandler.java:onMessage(58)) - Datanode 1f5c7cff-78d9-439f-b565-061acdcd80d7{ip: 192.168.69.122, host: trunk-nightly-fxqsz-774976932, networkLocation: /default-rack, certSerialId: null} moved to stale state. Finalizing its pipelines [PipelineID=059cd7fd-d0d8-4489-80f6-93eb25f1631d, PipelineID=adfa0d6e-ecfa-48d1-992a-a176bbb19fd7]
2019-07-13 19:14:20,175 INFO  pipeline.SCMPipelineManager (SCMPipelineManager.java:finalizeAndDestroyPipeline(309)) - destroying pipeline:Pipeline[ Id: 059cd7fd-d0d8-4489-80f6-93eb25f1631d, Nodes: 1f5c7cff-78d9-439f-b565-061acdcd80d7{ip: 192.168.69.122, host: trunk-nightly-fxqsz-774976932, networkLocation: /default-rack, certSerialId: null}90d95711-f8eb-4c5d-a305-ad1e3a715ae6{ip: 192.168.69.122, host: trunk-nightly-fxqsz-774976932, networkLocation: /default-rack, certSerialId: null}1ebbbf85-280c-4818-995a-ec41fe3171d4{ip: 192.168.69.122, host: trunk-nightly-fxqsz-774976932, networkLocation: /default-rack, certSerialId: null}, Type:RATIS, Factor:THREE, State:OPEN]
2019-07-13 19:14:20,175 INFO  pipeline.PipelineStateManager (PipelineStateManager.java:finalizePipeline(123)) - Pipeline Pipeline[ Id: 059cd7fd-d0d8-4489-80f6-93eb25f1631d, Nodes: 1f5c7cff-78d9-439f-b565-061acdcd80d7{ip: 192.168.69.122, host: trunk-nightly-fxqsz-774976932, networkLocation: /default-rack, certSerialId: null}90d95711-f8eb-4c5d-a305-ad1e3a715ae6{ip: 192.168.69.122, host: trunk-nightly-fxqsz-774976932, networkLocation: /default-rack, certSerialId: null}1ebbbf85-280c-4818-995a-ec41fe3171d4{ip: 192.168.69.122, host: trunk-nightly-fxqsz-774976932, networkLocation: /default-rack, certSerialId: null}, Type:RATIS, Factor:THREE, State:CLOSED] moved to CLOSED state
2019-07-13 19:14:20,175 INFO  container.CloseContainerEventHandler (CloseContainerEventHandler.java:onMessage(61)) - Close container Event triggered for container : #2
2019-07-13 19:14:20,178 INFO  pipeline.SCMPipelineManager (SCMPipelineManager.java:finalizeAndDestroyPipeline(309)) - destroying pipeline:Pipeline[ Id: adfa0d6e-ecfa-48d1-992a-a176bbb19fd7, Nodes: 1f5c7cff-78d9-439f-b565-061acdcd80d7{ip: 192.168.69.122, host: trunk-nightly-fxqsz-774976932, networkLocation: /default-rack, certSerialId: null}, Type:RATIS, Factor:ONE, State:OPEN]
2019-07-13 19:14:20,180 INFO  pipeline.PipelineStateManager (PipelineStateManager.java:finalizePipeline(123)) - Pipeline Pipeline[ Id: adfa0d6e-ecfa-48d1-992a-a176bbb19fd7, Nodes: 1f5c7cff-78d9-439f-b565-061acdcd80d7{ip: 192.168.69.122, host: trunk-nightly-fxqsz-774976932, networkLocation: /default-rack, certSerialId: null}, Type:RATIS, Factor:ONE, State:CLOSED] moved to CLOSED state
2019-07-13 19:14:20,181 INFO  node.StaleNodeHandler (StaleNodeHandler.java:onMessage(58)) - Datanode 90d95711-f8eb-4c5d-a305-ad1e3a715ae6{ip: 192.168.69.122, host: trunk-nightly-fxqsz-774976932, networkLocation: /default-rack, certSerialId: null} moved to stale state. Finalizing its pipelines [PipelineID=059cd7fd-d0d8-4489-80f6-93eb25f1631d, PipelineID=a8460cda-a7a5-47ba-99da-81435f731d11]
2019-07-13 19:14:20,181 INFO  pipeline.SCMPipelineManager (SCMPipelineManager.java:finalizeAndDestroyPipeline(309)) - destroying pipeline:Pipeline[ Id: 059cd7fd-d0d8-4489-80f6-93eb25f1631d, Nodes: 1f5c7cff-78d9-439f-b565-061acdcd80d7{ip: 192.168.69.122, host: trunk-nightly-fxqsz-774976932, networkLocation: /default-rack, certSerialId: null}90d95711-f8eb-4c5d-a305-ad1e3a715ae6{ip: 192.168.69.122, host: trunk-nightly-fxqsz-774976932, networkLocation: /default-rack, certSerialId: null}1ebbbf85-280c-4818-995a-ec41fe3171d4{ip: 192.168.69.122, host: trunk-nightly-fxqsz-774976932, networkLocation: /default-rack, certSerialId: null}, Type:RATIS, Factor:THREE, State:CLOSED]
2019-07-13 19:14:20,181 INFO  pipeline.SCMPipelineManager (SCMPipelineManager.java:finalizeAndDestroyPipeline(309)) - destroying pipeline:Pipeline[ Id: a8460cda-a7a5-47ba-99da-81435f731d11, Nodes: 90d95711-f8eb-4c5d-a305-ad1e3a715ae6{ip: 192.168.69.122, host: trunk-nightly-fxqsz-774976932, networkLocation: /default-rack, certSerialId: null}, Type:RATIS, Factor:ONE, State:OPEN]
2019-07-13 19:14:20,181 INFO  pipeline.PipelineStateManager (PipelineStateManager.java:finalizePipeline(123)) - Pipeline Pipeline[ Id: a8460cda-a7a5-47ba-99da-81435f731d11, Nodes: 90d95711-f8eb-4c5d-a305-ad1e3a715ae6{ip: 192.168.69.122, host: trunk-nightly-fxqsz-774976932, networkLocation: /default-rack, certSerialId: null}, Type:RATIS, Factor:ONE, State:CLOSED] moved to CLOSED state
2019-07-13 19:14:20,352 INFO  ozoneimpl.OzoneContainer (OzoneContainer.java:stop(199)) - Attempting to stop container services.
2019-07-13 19:14:20,362 INFO  impl.RaftServerProxy (RaftServerProxy.java:lambda$close$4(314)) - 90d95711-f8eb-4c5d-a305-ad1e3a715ae6: close
2019-07-13 19:14:20,362 INFO  ozoneimpl.OzoneContainer (OzoneContainer.java:stop(199)) - Attempting to stop container services.
2019-07-13 19:14:20,362 INFO  impl.RaftServerImpl (RaftServerImpl.java:lambda$shutdown$3(245)) - 90d95711-f8eb-4c5d-a305-ad1e3a715ae6: shutdown group-93EB25F1631D
2019-07-13 19:14:20,363 INFO  impl.RaftServerProxy (RaftServerProxy.java:lambda$close$4(314)) - 1f5c7cff-78d9-439f-b565-061acdcd80d7: close
2019-07-13 19:14:20,363 INFO  util.JmxRegister (JmxRegister.java:unregister(73)) - Successfully un-registered JMX Bean with object name Ratis:service=RaftServer,group=group-93EB25F1631D,id=90d95711-f8eb-4c5d-a305-ad1e3a715ae6
2019-07-13 19:14:20,363 INFO  impl.RaftServerImpl (RaftServerImpl.java:lambda$shutdown$3(245)) - 1f5c7cff-78d9-439f-b565-061acdcd80d7: shutdown group-93EB25F1631D
2019-07-13 19:14:20,364 INFO  impl.RoleInfo (RoleInfo.java:shutdownFollowerState(121)) - 90d95711-f8eb-4c5d-a305-ad1e3a715ae6: shutdown FollowerState
2019-07-13 19:14:20,364 INFO  util.JmxRegister (JmxRegister.java:unregister(73)) - Successfully un-registered JMX Bean with object name Ratis:service=RaftServer,group=group-93EB25F1631D,id=1f5c7cff-78d9-439f-b565-061acdcd80d7
2019-07-13 19:14:20,364 INFO  impl.FollowerState (FollowerState.java:run(114)) - 90d95711-f8eb-4c5d-a305-ad1e3a715ae6: FollowerState was interrupted: java.lang.InterruptedException: sleep interrupted
2019-07-13 19:14:20,364 INFO  ratis.ContainerStateMachine (ContainerStateMachine.java:takeSnapshot(246)) - Taking snapshot at termIndex:(t:1, i:14)
2019-07-13 19:14:20,367 INFO  ratis.ContainerStateMachine (ContainerStateMachine.java:takeSnapshot(250)) - Taking a snapshot to file /tmp/workdir/hadoop-ozone/integration-test/target/test-dir/MiniOzoneClusterImpl-5bfc6e0b-967d-4665-bd73-027a5ac739b6/datanode-4/data/ratis/059cd7fd-d0d8-4489-80f6-93eb25f1631d/sm/snapshot.1_14
2019-07-13 19:14:20,364 INFO  impl.StateMachineUpdater (StateMachineUpdater.java:stopAndJoin(115)) - StateMachineUpdater:90d95711-f8eb-4c5d-a305-ad1e3a715ae6:group-93EB25F1631D: set stopIndex = 16
2019-07-13 19:14:20,365 INFO  impl.RoleInfo (RoleInfo.java:shutdownFollowerState(121)) - 1f5c7cff-78d9-439f-b565-061acdcd80d7: shutdown FollowerState
2019-07-13 19:14:20,368 INFO  impl.StateMachineUpdater (StateMachineUpdater.java:stopAndJoin(115)) - StateMachineUpdater:1f5c7cff-78d9-439f-b565-061acdcd80d7:group-93EB25F1631D: set stopIndex = 16
2019-07-13 19:14:20,368 INFO  impl.FollowerState (FollowerState.java:run(114)) - 1f5c7cff-78d9-439f-b565-061acdcd80d7: FollowerState was interrupted: java.lang.InterruptedException: sleep interrupted
2019-07-13 19:14:20,368 INFO  ratis.ContainerStateMachine (ContainerStateMachine.java:takeSnapshot(246)) - Taking snapshot at termIndex:(t:1, i:14)
2019-07-13 19:14:20,370 INFO  ratis.ContainerStateMachine (ContainerStateMachine.java:takeSnapshot(250)) - Taking a snapshot to file /tmp/workdir/hadoop-ozone/integration-test/target/test-dir/MiniOzoneClusterImpl-5bfc6e0b-967d-4665-bd73-027a5ac739b6/datanode-1/data/ratis/059cd7fd-d0d8-4489-80f6-93eb25f1631d/sm/snapshot.1_14
2019-07-13 19:14:20,380 INFO  impl.StateMachineUpdater (StateMachineUpdater.java:takeSnapshot(242)) - StateMachineUpdater:90d95711-f8eb-4c5d-a305-ad1e3a715ae6:group-93EB25F1631D: Took a snapshot at index 14
2019-07-13 19:14:20,380 INFO  impl.StateMachineUpdater (StateMachineUpdater.java:takeSnapshot(242)) - StateMachineUpdater:1f5c7cff-78d9-439f-b565-061acdcd80d7:group-93EB25F1631D: Took a snapshot at index 14
2019-07-13 19:14:20,380 INFO  impl.StateMachineUpdater (StateMachineUpdater.java:lambda$new$0(80)) - StateMachineUpdater:90d95711-f8eb-4c5d-a305-ad1e3a715ae6:group-93EB25F1631D: snapshotIndex: updateIncreasingly -1 -> 14
2019-07-13 19:14:20,380 INFO  impl.StateMachineUpdater (StateMachineUpdater.java:lambda$new$0(80)) - StateMachineUpdater:1f5c7cff-78d9-439f-b565-061acdcd80d7:group-93EB25F1631D: snapshotIndex: updateIncreasingly -1 -> 14
2019-07-13 19:14:20,381 INFO  impl.RaftServerImpl (ServerState.java:close(394)) - 90d95711-f8eb-4c5d-a305-ad1e3a715ae6:group-93EB25F1631D closes. The last applied log index is 16
2019-07-13 19:14:20,381 INFO  impl.RaftServerImpl (ServerState.java:close(394)) - 1f5c7cff-78d9-439f-b565-061acdcd80d7:group-93EB25F1631D closes. The last applied log index is 16
2019-07-13 19:14:20,381 INFO  segmented.SegmentedRaftLogWorker (SegmentedRaftLogWorker.java:run(313)) - 90d95711-f8eb-4c5d-a305-ad1e3a715ae6-SegmentedRaftLogWorker:Storage Directory /tmp/workdir/hadoop-ozone/integration-test/target/test-dir/MiniOzoneClusterImpl-5bfc6e0b-967d-4665-bd73-027a5ac739b6/datanode-4/data/ratis/059cd7fd-d0d8-4489-80f6-93eb25f1631d was interrupted, exiting. There are 0 tasks remaining in the queue.
2019-07-13 19:14:20,382 INFO  segmented.SegmentedRaftLogWorker (SegmentedRaftLogWorker.java:run(313)) - 1f5c7cff-78d9-439f-b565-061acdcd80d7-SegmentedRaftLogWorker:Storage Directory /tmp/workdir/hadoop-ozone/integration-test/target/test-dir/MiniOzoneClusterImpl-5bfc6e0b-967d-4665-bd73-027a5ac739b6/datanode-1/data/ratis/059cd7fd-d0d8-4489-80f6-93eb25f1631d was interrupted, exiting. There are 0 tasks remaining in the queue.
2019-07-13 19:14:20,383 INFO  segmented.SegmentedRaftLogWorker (SegmentedRaftLogWorker.java:close(228)) - 90d95711-f8eb-4c5d-a305-ad1e3a715ae6-SegmentedRaftLogWorker:Storage Directory /tmp/workdir/hadoop-ozone/integration-test/target/test-dir/MiniOzoneClusterImpl-5bfc6e0b-967d-4665-bd73-027a5ac739b6/datanode-4/data/ratis/059cd7fd-d0d8-4489-80f6-93eb25f1631d close()
2019-07-13 19:14:20,385 INFO  segmented.SegmentedRaftLogWorker (SegmentedRaftLogWorker.java:close(228)) - 1f5c7cff-78d9-439f-b565-061acdcd80d7-SegmentedRaftLogWorker:Storage Directory /tmp/workdir/hadoop-ozone/integration-test/target/test-dir/MiniOzoneClusterImpl-5bfc6e0b-967d-4665-bd73-027a5ac739b6/datanode-1/data/ratis/059cd7fd-d0d8-4489-80f6-93eb25f1631d close()
2019-07-13 19:14:20,388 INFO  impl.RaftServerImpl (RaftServerImpl.java:lambda$shutdown$3(245)) - 90d95711-f8eb-4c5d-a305-ad1e3a715ae6: shutdown group-81435F731D11
2019-07-13 19:14:20,391 INFO  impl.RaftServerImpl (RaftServerImpl.java:lambda$shutdown$3(245)) - 1f5c7cff-78d9-439f-b565-061acdcd80d7: shutdown group-A176BBB19FD7
2019-07-13 19:14:20,392 INFO  util.JmxRegister (JmxRegister.java:unregister(73)) - Successfully un-registered JMX Bean with object name Ratis:service=RaftServer,group=group-81435F731D11,id=90d95711-f8eb-4c5d-a305-ad1e3a715ae6
2019-07-13 19:14:20,392 INFO  util.JmxRegister (JmxRegister.java:unregister(73)) - Successfully un-registered JMX Bean with object name Ratis:service=RaftServer,group=group-A176BBB19FD7,id=1f5c7cff-78d9-439f-b565-061acdcd80d7
2019-07-13 19:14:20,392 INFO  impl.RoleInfo (RoleInfo.java:shutdownLeaderState(104)) - 90d95711-f8eb-4c5d-a305-ad1e3a715ae6: shutdown LeaderState
2019-07-13 19:14:20,393 INFO  impl.RoleInfo (RoleInfo.java:shutdownLeaderState(104)) - 1f5c7cff-78d9-439f-b565-061acdcd80d7: shutdown LeaderState
2019-07-13 19:14:20,393 INFO  impl.PendingRequests (PendingRequests.java:sendNotLeaderResponses(202)) - 90d95711-f8eb-4c5d-a305-ad1e3a715ae6-PendingRequests: sendNotLeaderResponses
2019-07-13 19:14:20,393 INFO  impl.PendingRequests (PendingRequests.java:sendNotLeaderResponses(202)) - 1f5c7cff-78d9-439f-b565-061acdcd80d7-PendingRequests: sendNotLeaderResponses
2019-07-13 19:14:20,396 INFO  ratis.ContainerStateMachine (ContainerStateMachine.java:takeSnapshot(246)) - Taking snapshot at termIndex:(t:0, i:~)
2019-07-13 19:14:20,395 INFO  impl.StateMachineUpdater (StateMachineUpdater.java:stopAndJoin(115)) - StateMachineUpdater:90d95711-f8eb-4c5d-a305-ad1e3a715ae6:group-81435F731D11: set stopIndex = 0
2019-07-13 19:14:20,396 INFO  impl.StateMachineUpdater (StateMachineUpdater.java:stopAndJoin(115)) - StateMachineUpdater:1f5c7cff-78d9-439f-b565-061acdcd80d7:group-A176BBB19FD7: set stopIndex = 0
2019-07-13 19:14:20,396 INFO  ratis.ContainerStateMachine (ContainerStateMachine.java:takeSnapshot(246)) - Taking snapshot at termIndex:(t:0, i:~)
2019-07-13 19:14:20,396 INFO  impl.RaftServerImpl (ServerState.java:close(394)) - 90d95711-f8eb-4c5d-a305-ad1e3a715ae6:group-81435F731D11 closes. The last applied log index is 0
2019-07-13 19:14:20,397 INFO  impl.RaftServerImpl (ServerState.java:close(394)) - 1f5c7cff-78d9-439f-b565-061acdcd80d7:group-A176BBB19FD7 closes. The last applied log index is 0
2019-07-13 19:14:20,397 INFO  segmented.SegmentedRaftLogWorker (SegmentedRaftLogWorker.java:run(313)) - 90d95711-f8eb-4c5d-a305-ad1e3a715ae6-SegmentedRaftLogWorker:Storage Directory /tmp/workdir/hadoop-ozone/integration-test/target/test-dir/MiniOzoneClusterImpl-5bfc6e0b-967d-4665-bd73-027a5ac739b6/datanode-4/data/ratis/a8460cda-a7a5-47ba-99da-81435f731d11 was interrupted, exiting. There are 0 tasks remaining in the queue.
2019-07-13 19:14:20,398 INFO  segmented.SegmentedRaftLogWorker (SegmentedRaftLogWorker.java:run(313)) - 1f5c7cff-78d9-439f-b565-061acdcd80d7-SegmentedRaftLogWorker:Storage Directory /tmp/workdir/hadoop-ozone/integration-test/target/test-dir/MiniOzoneClusterImpl-5bfc6e0b-967d-4665-bd73-027a5ac739b6/datanode-1/data/ratis/adfa0d6e-ecfa-48d1-992a-a176bbb19fd7 was interrupted, exiting. There are 0 tasks remaining in the queue.
2019-07-13 19:14:20,399 INFO  segmented.SegmentedRaftLogWorker (SegmentedRaftLogWorker.java:close(228)) - 90d95711-f8eb-4c5d-a305-ad1e3a715ae6-SegmentedRaftLogWorker:Storage Directory /tmp/workdir/hadoop-ozone/integration-test/target/test-dir/MiniOzoneClusterImpl-5bfc6e0b-967d-4665-bd73-027a5ac739b6/datanode-4/data/ratis/a8460cda-a7a5-47ba-99da-81435f731d11 close()
2019-07-13 19:14:20,401 INFO  segmented.SegmentedRaftLogWorker (SegmentedRaftLogWorker.java:close(228)) - 1f5c7cff-78d9-439f-b565-061acdcd80d7-SegmentedRaftLogWorker:Storage Directory /tmp/workdir/hadoop-ozone/integration-test/target/test-dir/MiniOzoneClusterImpl-5bfc6e0b-967d-4665-bd73-027a5ac739b6/datanode-1/data/ratis/adfa0d6e-ecfa-48d1-992a-a176bbb19fd7 close()
2019-07-13 19:14:20,405 INFO  server.GrpcService (GrpcService.java:closeImpl(155)) - 90d95711-f8eb-4c5d-a305-ad1e3a715ae6: shutdown server with port 46336 now
2019-07-13 19:14:20,408 INFO  server.GrpcService (GrpcService.java:closeImpl(155)) - 1f5c7cff-78d9-439f-b565-061acdcd80d7: shutdown server with port 39521 now
2019-07-13 19:14:20,422 WARN  server.GrpcServerProtocolService (LogUtils.java:warn(134)) - 90d95711-f8eb-4c5d-a305-ad1e3a715ae6: appendEntries onError: org.apache.ratis.thirdparty.io.grpc.StatusRuntimeException: CANCELLED: cancelled before receiving half close
2019-07-13 19:14:20,423 INFO  server.GrpcService (GrpcService.java:closeImpl(163)) - 90d95711-f8eb-4c5d-a305-ad1e3a715ae6: shutdown server with port 46336 successfully
2019-07-13 19:14:20,425 WARN  server.GrpcServerProtocolService (LogUtils.java:warn(134)) - 1f5c7cff-78d9-439f-b565-061acdcd80d7: appendEntries onError: org.apache.ratis.thirdparty.io.grpc.StatusRuntimeException: CANCELLED: cancelled before receiving half close
2019-07-13 19:14:20,425 INFO  server.GrpcService (GrpcService.java:closeImpl(163)) - 1f5c7cff-78d9-439f-b565-061acdcd80d7: shutdown server with port 39521 successfully
2019-07-13 19:14:20,426 WARN  server.GrpcLogAppender (LogUtils.java:warn(134)) - 1ebbbf85-280c-4818-995a-ec41fe3171d4->1f5c7cff-78d9-439f-b565-061acdcd80d7: Failed appendEntries: org.apache.ratis.thirdparty.io.grpc.StatusRuntimeException: CANCELLED: HTTP/2 error code: CANCEL
Received Rst Stream
2019-07-13 19:14:20,426 WARN  server.GrpcLogAppender (LogUtils.java:warn(134)) - 1ebbbf85-280c-4818-995a-ec41fe3171d4->90d95711-f8eb-4c5d-a305-ad1e3a715ae6: Failed appendEntries: org.apache.ratis.thirdparty.io.grpc.StatusRuntimeException: CANCELLED: HTTP/2 error code: CANCEL
Received Rst Stream
2019-07-13 19:14:20,426 INFO  impl.FollowerInfo (FollowerInfo.java:lambda$new$0(50)) - 1ebbbf85-280c-4818-995a-ec41fe3171d4->1f5c7cff-78d9-439f-b565-061acdcd80d7: nextIndex: updateUnconditionally 17 -> 16
2019-07-13 19:14:20,427 INFO  impl.FollowerInfo (FollowerInfo.java:lambda$new$0(50)) - 1ebbbf85-280c-4818-995a-ec41fe3171d4->90d95711-f8eb-4c5d-a305-ad1e3a715ae6: nextIndex: updateUnconditionally 17 -> 16
2019-07-13 19:14:20,440 INFO  utils.BackgroundService (BackgroundService.java:shutdown(148)) - Shutting down service BlockDeletingService
2019-07-13 19:14:20,444 INFO  utils.BackgroundService (BackgroundService.java:shutdown(148)) - Shutting down service BlockDeletingService
2019-07-13 19:14:20,445 WARN  fs.CachingGetSpaceUsed (CachingGetSpaceUsed.java:run(183)) - Thread Interrupted waiting to refresh disk information: sleep interrupted
2019-07-13 19:14:20,446 WARN  fs.CachingGetSpaceUsed (CachingGetSpaceUsed.java:run(183)) - Thread Interrupted waiting to refresh disk information: sleep interrupted
2019-07-13 19:14:20,471 INFO  statemachine.DatanodeStateMachine (DatanodeStateMachine.java:stopDaemon(395)) - Ozone container server stopped.
2019-07-13 19:14:20,472 INFO  statemachine.DatanodeStateMachine (DatanodeStateMachine.java:stopDaemon(395)) - Ozone container server stopped.
2019-07-13 19:14:20,477 INFO  handler.ContextHandler (ContextHandler.java:doStop(910)) - Stopped o.e.j.w.WebAppContext@2e1eb85f{/,null,UNAVAILABLE}{/hddsDatanode}
2019-07-13 19:14:20,477 INFO  handler.ContextHandler (ContextHandler.java:doStop(910)) - Stopped o.e.j.w.WebAppContext@367d34c0{/,null,UNAVAILABLE}{/hddsDatanode}
2019-07-13 19:14:20,478 INFO  server.AbstractConnector (AbstractConnector.java:doStop(318)) - Stopped ServerConnector@ea7a4c3{HTTP/1.1,[http/1.1]}{0.0.0.0:0}
2019-07-13 19:14:20,479 INFO  server.AbstractConnector (AbstractConnector.java:doStop(318)) - Stopped ServerConnector@4ce25e47{HTTP/1.1,[http/1.1]}{0.0.0.0:0}
2019-07-13 19:14:20,480 INFO  handler.ContextHandler (ContextHandler.java:doStop(910)) - Stopped o.e.j.s.ServletContextHandler@364fd4ae{/static,jar:file:/home/user/.m2/repository/org/apache/hadoop/hadoop-hdds-container-service/0.5.0-SNAPSHOT/hadoop-hdds-container-service-0.5.0-SNAPSHOT.jar!/webapps/static,UNAVAILABLE}
2019-07-13 19:14:20,481 INFO  handler.ContextHandler (ContextHandler.java:doStop(910)) - Stopped o.e.j.s.ServletContextHandler@5fef0c19{/static,jar:file:/home/user/.m2/repository/org/apache/hadoop/hadoop-hdds-container-service/0.5.0-SNAPSHOT/hadoop-hdds-container-service-0.5.0-SNAPSHOT.jar!/webapps/static,UNAVAILABLE}
2019-07-13 19:14:20,483 INFO  handler.ContextHandler (ContextHandler.java:doStop(910)) - Stopped o.e.j.s.ServletContextHandler@359066bc{/logs,file:///tmp/workdir/hadoop-ozone/integration-test/target/log,UNAVAILABLE}
2019-07-13 19:14:20,483 INFO  handler.ContextHandler (ContextHandler.java:doStop(910)) - Stopped o.e.j.s.ServletContextHandler@615db358{/logs,file:///tmp/workdir/hadoop-ozone/integration-test/target/log,UNAVAILABLE}
2019-07-13 19:14:20,485 INFO  datanode.ObjectStoreHandler (ObjectStoreHandler.java:close(155)) - Closing ObjectStoreHandler.
2019-07-13 19:14:20,485 INFO  datanode.ObjectStoreHandler (ObjectStoreHandler.java:close(155)) - Closing ObjectStoreHandler.
2019-07-13 19:14:20,485 INFO  ozone.HddsDatanodeService (HddsDatanodeService.java:stop(452)) - Stopped plug-in org.apache.hadoop.ozone.web.OzoneHddsDatanodeService@b4732dc
2019-07-13 19:14:20,486 INFO  ozone.HddsDatanodeService (HddsDatanodeService.java:stop(452)) - Stopped plug-in org.apache.hadoop.ozone.web.OzoneHddsDatanodeService@28e7bb31
2019-07-13 19:14:21,123 INFO  statemachine.DatanodeStateMachine (DatanodeStateMachine.java:lambda$startDaemon$0(350)) - Ozone container server started.
2019-07-13 19:14:21,368 INFO  statemachine.DatanodeStateMachine (DatanodeStateMachine.java:lambda$startDaemon$0(350)) - Ozone container server started.
2019-07-13 19:14:21,376 WARN  server.GrpcLogAppender (LogUtils.java:warn(134)) - e12f3e19-727c-46e4-8b5e-ac543c0d4164->71c4eb8e-be83-4684-9612-b890f30a8959: Failed appendEntries: org.apache.ratis.thirdparty.io.grpc.StatusRuntimeException: UNAVAILABLE: io exception
2019-07-13 19:14:21,377 WARN  server.GrpcLogAppender (LogUtils.java:warn(134)) - e12f3e19-727c-46e4-8b5e-ac543c0d4164->931197b3-0e30-46fd-be87-7d3c3b9580e5: Failed appendEntries: org.apache.ratis.thirdparty.io.grpc.StatusRuntimeException: UNAVAILABLE: io exception
2019-07-13 19:14:21,378 INFO  impl.FollowerInfo (FollowerInfo.java:lambda$new$0(50)) - e12f3e19-727c-46e4-8b5e-ac543c0d4164->71c4eb8e-be83-4684-9612-b890f30a8959: nextIndex: updateUnconditionally 16 -> 15
2019-07-13 19:14:21,380 INFO  impl.FollowerInfo (FollowerInfo.java:lambda$new$0(50)) - e12f3e19-727c-46e4-8b5e-ac543c0d4164->931197b3-0e30-46fd-be87-7d3c3b9580e5: nextIndex: updateUnconditionally 13 -> 12
2019-07-13 19:14:22,828 WARN  server.GrpcLogAppender (LogUtils.java:warn(134)) - 1ebbbf85-280c-4818-995a-ec41fe3171d4->90d95711-f8eb-4c5d-a305-ad1e3a715ae6: Failed appendEntries: org.apache.ratis.thirdparty.io.grpc.StatusRuntimeException: UNAVAILABLE: io exception
2019-07-13 19:14:22,828 WARN  server.GrpcLogAppender (LogUtils.java:warn(134)) - 1ebbbf85-280c-4818-995a-ec41fe3171d4->1f5c7cff-78d9-439f-b565-061acdcd80d7: Failed appendEntries: org.apache.ratis.thirdparty.io.grpc.StatusRuntimeException: UNAVAILABLE: io exception
2019-07-13 19:14:22,832 INFO  impl.FollowerInfo (FollowerInfo.java:lambda$new$0(50)) - 1ebbbf85-280c-4818-995a-ec41fe3171d4->90d95711-f8eb-4c5d-a305-ad1e3a715ae6: nextIndex: updateUnconditionally 16 -> 15
2019-07-13 19:14:22,832 INFO  impl.FollowerInfo (FollowerInfo.java:lambda$new$0(50)) - 1ebbbf85-280c-4818-995a-ec41fe3171d4->1f5c7cff-78d9-439f-b565-061acdcd80d7: nextIndex: updateUnconditionally 16 -> 15
2019-07-13 19:14:23,872 WARN  server.GrpcLogAppender (LogUtils.java:warn(134)) - e12f3e19-727c-46e4-8b5e-ac543c0d4164->71c4eb8e-be83-4684-9612-b890f30a8959: Failed appendEntries: org.apache.ratis.thirdparty.io.grpc.StatusRuntimeException: UNAVAILABLE: io exception
2019-07-13 19:14:23,874 INFO  impl.FollowerInfo (FollowerInfo.java:lambda$new$0(50)) - e12f3e19-727c-46e4-8b5e-ac543c0d4164->71c4eb8e-be83-4684-9612-b890f30a8959: nextIndex: updateUnconditionally 15 -> 14
2019-07-13 19:14:23,879 WARN  server.GrpcLogAppender (LogUtils.java:warn(134)) - e12f3e19-727c-46e4-8b5e-ac543c0d4164->931197b3-0e30-46fd-be87-7d3c3b9580e5: Failed appendEntries: org.apache.ratis.thirdparty.io.grpc.StatusRuntimeException: UNAVAILABLE: io exception
2019-07-13 19:14:23,881 INFO  impl.FollowerInfo (FollowerInfo.java:lambda$new$0(50)) - e12f3e19-727c-46e4-8b5e-ac543c0d4164->931197b3-0e30-46fd-be87-7d3c3b9580e5: nextIndex: updateUnconditionally 12 -> 11
2019-07-13 19:14:25,183 INFO  node.StaleNodeHandler (StaleNodeHandler.java:onMessage(58)) - Datanode 1ebbbf85-280c-4818-995a-ec41fe3171d4{ip: 192.168.69.122, host: trunk-nightly-fxqsz-774976932, networkLocation: /default-rack, certSerialId: null} moved to stale state. Finalizing its pipelines [PipelineID=059cd7fd-d0d8-4489-80f6-93eb25f1631d, PipelineID=0037f5ec-9038-499f-b178-eb777349caf3]
2019-07-13 19:14:25,184 INFO  pipeline.SCMPipelineManager (SCMPipelineManager.java:finalizeAndDestroyPipeline(309)) - destroying pipeline:Pipeline[ Id: 059cd7fd-d0d8-4489-80f6-93eb25f1631d, Nodes: 1f5c7cff-78d9-439f-b565-061acdcd80d7{ip: 192.168.69.122, host: trunk-nightly-fxqsz-774976932, networkLocation: /default-rack, certSerialId: null}90d95711-f8eb-4c5d-a305-ad1e3a715ae6{ip: 192.168.69.122, host: trunk-nightly-fxqsz-774976932, networkLocation: /default-rack, certSerialId: null}1ebbbf85-280c-4818-995a-ec41fe3171d4{ip: 192.168.69.122, host: trunk-nightly-fxqsz-774976932, networkLocation: /default-rack, certSerialId: null}, Type:RATIS, Factor:THREE, State:CLOSED]
2019-07-13 19:14:25,184 INFO  pipeline.SCMPipelineManager (SCMPipelineManager.java:finalizeAndDestroyPipeline(309)) - destroying pipeline:Pipeline[ Id: 0037f5ec-9038-499f-b178-eb777349caf3, Nodes: 1ebbbf85-280c-4818-995a-ec41fe3171d4{ip: 192.168.69.122, host: trunk-nightly-fxqsz-774976932, networkLocation: /default-rack, certSerialId: null}, Type:RATIS, Factor:ONE, State:OPEN]
2019-07-13 19:14:25,184 INFO  pipeline.PipelineStateManager (PipelineStateManager.java:finalizePipeline(123)) - Pipeline Pipeline[ Id: 0037f5ec-9038-499f-b178-eb777349caf3, Nodes: 1ebbbf85-280c-4818-995a-ec41fe3171d4{ip: 192.168.69.122, host: trunk-nightly-fxqsz-774976932, networkLocation: /default-rack, certSerialId: null}, Type:RATIS, Factor:ONE, State:CLOSED] moved to CLOSED state
2019-07-13 19:14:25,330 WARN  server.GrpcLogAppender (LogUtils.java:warn(134)) - 1ebbbf85-280c-4818-995a-ec41fe3171d4->90d95711-f8eb-4c5d-a305-ad1e3a715ae6: Failed appendEntries: org.apache.ratis.thirdparty.io.grpc.StatusRuntimeException: UNAVAILABLE: io exception
2019-07-13 19:14:25,330 WARN  server.GrpcLogAppender (LogUtils.java:warn(134)) - 1ebbbf85-280c-4818-995a-ec41fe3171d4->1f5c7cff-78d9-439f-b565-061acdcd80d7: Failed appendEntries: org.apache.ratis.thirdparty.io.grpc.StatusRuntimeException: UNAVAILABLE: io exception
2019-07-13 19:14:25,334 INFO  impl.FollowerInfo (FollowerInfo.java:lambda$new$0(50)) - 1ebbbf85-280c-4818-995a-ec41fe3171d4->90d95711-f8eb-4c5d-a305-ad1e3a715ae6: nextIndex: updateUnconditionally 15 -> 14
2019-07-13 19:14:25,334 INFO  impl.FollowerInfo (FollowerInfo.java:lambda$new$0(50)) - 1ebbbf85-280c-4818-995a-ec41fe3171d4->1f5c7cff-78d9-439f-b565-061acdcd80d7: nextIndex: updateUnconditionally 15 -> 14
2019-07-13 19:14:25,384 INFO  node.StaleNodeHandler (StaleNodeHandler.java:onMessage(58)) - Datanode e12f3e19-727c-46e4-8b5e-ac543c0d4164{ip: 192.168.69.122, host: trunk-nightly-fxqsz-774976932, networkLocation: /default-rack, certSerialId: null} moved to stale state. Finalizing its pipelines [PipelineID=a3445d1b-f12a-43dd-a60c-a2cbf7e55b6e, PipelineID=a54efe3d-c413-4df7-9165-04bc22f76ca6]
2019-07-13 19:14:25,384 INFO  pipeline.SCMPipelineManager (SCMPipelineManager.java:finalizeAndDestroyPipeline(309)) - destroying pipeline:Pipeline[ Id: a3445d1b-f12a-43dd-a60c-a2cbf7e55b6e, Nodes: e12f3e19-727c-46e4-8b5e-ac543c0d4164{ip: 192.168.69.122, host: trunk-nightly-fxqsz-774976932, networkLocation: /default-rack, certSerialId: null}, Type:RATIS, Factor:ONE, State:OPEN]
2019-07-13 19:14:25,384 INFO  pipeline.PipelineStateManager (PipelineStateManager.java:finalizePipeline(123)) - Pipeline Pipeline[ Id: a3445d1b-f12a-43dd-a60c-a2cbf7e55b6e, Nodes: e12f3e19-727c-46e4-8b5e-ac543c0d4164{ip: 192.168.69.122, host: trunk-nightly-fxqsz-774976932, networkLocation: /default-rack, certSerialId: null}, Type:RATIS, Factor:ONE, State:CLOSED] moved to CLOSED state
2019-07-13 19:14:25,384 INFO  pipeline.SCMPipelineManager (SCMPipelineManager.java:finalizeAndDestroyPipeline(309)) - destroying pipeline:Pipeline[ Id: a54efe3d-c413-4df7-9165-04bc22f76ca6, Nodes: 931197b3-0e30-46fd-be87-7d3c3b9580e5{ip: 192.168.69.122, host: trunk-nightly-fxqsz-774976932, networkLocation: /default-rack, certSerialId: null}71c4eb8e-be83-4684-9612-b890f30a8959{ip: 192.168.69.122, host: trunk-nightly-fxqsz-774976932, networkLocation: /default-rack, certSerialId: null}e12f3e19-727c-46e4-8b5e-ac543c0d4164{ip: 192.168.69.122, host: trunk-nightly-fxqsz-774976932, networkLocation: /default-rack, certSerialId: null}, Type:RATIS, Factor:THREE, State:CLOSED]
2019-07-13 19:14:25,487 INFO  ozoneimpl.OzoneContainer (OzoneContainer.java:stop(199)) - Attempting to stop container services.
2019-07-13 19:14:25,487 INFO  ozoneimpl.OzoneContainer (OzoneContainer.java:stop(199)) - Attempting to stop container services.
2019-07-13 19:14:25,487 INFO  impl.RaftServerProxy (RaftServerProxy.java:lambda$close$4(314)) - 1ebbbf85-280c-4818-995a-ec41fe3171d4: close
2019-07-13 19:14:25,488 INFO  impl.RaftServerProxy (RaftServerProxy.java:lambda$close$4(314)) - e12f3e19-727c-46e4-8b5e-ac543c0d4164: close
2019-07-13 19:14:25,488 INFO  impl.RaftServerImpl (RaftServerImpl.java:lambda$shutdown$3(245)) - 1ebbbf85-280c-4818-995a-ec41fe3171d4: shutdown group-93EB25F1631D
2019-07-13 19:14:25,488 INFO  impl.RaftServerImpl (RaftServerImpl.java:lambda$shutdown$3(245)) - e12f3e19-727c-46e4-8b5e-ac543c0d4164: shutdown group-A2CBF7E55B6E
2019-07-13 19:14:25,489 INFO  util.JmxRegister (JmxRegister.java:unregister(73)) - Successfully un-registered JMX Bean with object name Ratis:service=RaftServer,group=group-93EB25F1631D,id=1ebbbf85-280c-4818-995a-ec41fe3171d4
2019-07-13 19:14:25,489 INFO  util.JmxRegister (JmxRegister.java:unregister(73)) - Successfully un-registered JMX Bean with object name Ratis:service=RaftServer,group=group-A2CBF7E55B6E,id=e12f3e19-727c-46e4-8b5e-ac543c0d4164
2019-07-13 19:14:25,489 INFO  impl.RoleInfo (RoleInfo.java:shutdownLeaderState(104)) - 1ebbbf85-280c-4818-995a-ec41fe3171d4: shutdown LeaderState
2019-07-13 19:14:25,490 INFO  impl.RoleInfo (RoleInfo.java:shutdownLeaderState(104)) - e12f3e19-727c-46e4-8b5e-ac543c0d4164: shutdown LeaderState
2019-07-13 19:14:25,493 WARN  server.GrpcLogAppender (GrpcLogAppender.java:mayWait(143)) - GrpcLogAppender(1ebbbf85-280c-4818-995a-ec41fe3171d4->90d95711-f8eb-4c5d-a305-ad1e3a715ae6): Wait interrupted by java.lang.InterruptedException
2019-07-13 19:14:25,493 WARN  server.GrpcLogAppender (GrpcLogAppender.java:mayWait(143)) - GrpcLogAppender(1ebbbf85-280c-4818-995a-ec41fe3171d4->1f5c7cff-78d9-439f-b565-061acdcd80d7): Wait interrupted by java.lang.InterruptedException
2019-07-13 19:14:25,493 INFO  impl.PendingRequests (PendingRequests.java:sendNotLeaderResponses(202)) - 1ebbbf85-280c-4818-995a-ec41fe3171d4-PendingRequests: sendNotLeaderResponses
2019-07-13 19:14:25,493 INFO  impl.PendingRequests (PendingRequests.java:sendNotLeaderResponses(202)) - e12f3e19-727c-46e4-8b5e-ac543c0d4164-PendingRequests: sendNotLeaderResponses
2019-07-13 19:14:25,494 INFO  impl.StateMachineUpdater (StateMachineUpdater.java:stopAndJoin(115)) - StateMachineUpdater:e12f3e19-727c-46e4-8b5e-ac543c0d4164:group-A2CBF7E55B6E: set stopIndex = 0
2019-07-13 19:14:25,495 INFO  ratis.ContainerStateMachine (ContainerStateMachine.java:takeSnapshot(246)) - Taking snapshot at termIndex:(t:0, i:~)
2019-07-13 19:14:25,495 INFO  impl.RaftServerImpl (ServerState.java:close(394)) - e12f3e19-727c-46e4-8b5e-ac543c0d4164:group-A2CBF7E55B6E closes. The last applied log index is 0
2019-07-13 19:14:25,496 INFO  segmented.SegmentedRaftLogWorker (SegmentedRaftLogWorker.java:run(313)) - e12f3e19-727c-46e4-8b5e-ac543c0d4164-SegmentedRaftLogWorker:Storage Directory /tmp/workdir/hadoop-ozone/integration-test/target/test-dir/MiniOzoneClusterImpl-5bfc6e0b-967d-4665-bd73-027a5ac739b6/datanode-6/data/ratis/a3445d1b-f12a-43dd-a60c-a2cbf7e55b6e was interrupted, exiting. There are 0 tasks remaining in the queue.
2019-07-13 19:14:25,501 INFO  segmented.SegmentedRaftLogWorker (SegmentedRaftLogWorker.java:close(228)) - e12f3e19-727c-46e4-8b5e-ac543c0d4164-SegmentedRaftLogWorker:Storage Directory /tmp/workdir/hadoop-ozone/integration-test/target/test-dir/MiniOzoneClusterImpl-5bfc6e0b-967d-4665-bd73-027a5ac739b6/datanode-6/data/ratis/a3445d1b-f12a-43dd-a60c-a2cbf7e55b6e close()
2019-07-13 19:14:25,501 INFO  ratis.ContainerStateMachine (ContainerStateMachine.java:takeSnapshot(246)) - Taking snapshot at termIndex:(t:1, i:14)
2019-07-13 19:14:25,505 INFO  ratis.ContainerStateMachine (ContainerStateMachine.java:takeSnapshot(250)) - Taking a snapshot to file /tmp/workdir/hadoop-ozone/integration-test/target/test-dir/MiniOzoneClusterImpl-5bfc6e0b-967d-4665-bd73-027a5ac739b6/datanode-0/data/ratis/059cd7fd-d0d8-4489-80f6-93eb25f1631d/sm/snapshot.1_14
2019-07-13 19:14:25,501 INFO  impl.StateMachineUpdater (StateMachineUpdater.java:stopAndJoin(115)) - StateMachineUpdater:1ebbbf85-280c-4818-995a-ec41fe3171d4:group-93EB25F1631D: set stopIndex = 16
2019-07-13 19:14:25,505 INFO  impl.RaftServerImpl (RaftServerImpl.java:lambda$shutdown$3(245)) - e12f3e19-727c-46e4-8b5e-ac543c0d4164: shutdown group-04BC22F76CA6
2019-07-13 19:14:25,505 INFO  impl.StateMachineUpdater (StateMachineUpdater.java:takeSnapshot(242)) - StateMachineUpdater:1ebbbf85-280c-4818-995a-ec41fe3171d4:group-93EB25F1631D: Took a snapshot at index 14
2019-07-13 19:14:25,507 INFO  util.JmxRegister (JmxRegister.java:unregister(73)) - Successfully un-registered JMX Bean with object name Ratis:service=RaftServer,group=group-04BC22F76CA6,id=e12f3e19-727c-46e4-8b5e-ac543c0d4164
2019-07-13 19:14:25,507 INFO  impl.StateMachineUpdater (StateMachineUpdater.java:lambda$new$0(80)) - StateMachineUpdater:1ebbbf85-280c-4818-995a-ec41fe3171d4:group-93EB25F1631D: snapshotIndex: updateIncreasingly -1 -> 14
2019-07-13 19:14:25,508 INFO  impl.RoleInfo (RoleInfo.java:shutdownLeaderState(104)) - e12f3e19-727c-46e4-8b5e-ac543c0d4164: shutdown LeaderState
2019-07-13 19:14:25,508 INFO  impl.RaftServerImpl (ServerState.java:close(394)) - 1ebbbf85-280c-4818-995a-ec41fe3171d4:group-93EB25F1631D closes. The last applied log index is 16
2019-07-13 19:14:25,511 WARN  server.GrpcLogAppender (GrpcLogAppender.java:mayWait(143)) - GrpcLogAppender(e12f3e19-727c-46e4-8b5e-ac543c0d4164->71c4eb8e-be83-4684-9612-b890f30a8959): Wait interrupted by java.lang.InterruptedException
2019-07-13 19:14:25,511 WARN  server.GrpcLogAppender (GrpcLogAppender.java:mayWait(143)) - GrpcLogAppender(e12f3e19-727c-46e4-8b5e-ac543c0d4164->931197b3-0e30-46fd-be87-7d3c3b9580e5): Wait interrupted by java.lang.InterruptedException
2019-07-13 19:14:25,511 INFO  impl.PendingRequests (PendingRequests.java:sendNotLeaderResponses(202)) - e12f3e19-727c-46e4-8b5e-ac543c0d4164-PendingRequests: sendNotLeaderResponses
2019-07-13 19:14:25,511 INFO  segmented.SegmentedRaftLogWorker (SegmentedRaftLogWorker.java:run(313)) - 1ebbbf85-280c-4818-995a-ec41fe3171d4-SegmentedRaftLogWorker:Storage Directory /tmp/workdir/hadoop-ozone/integration-test/target/test-dir/MiniOzoneClusterImpl-5bfc6e0b-967d-4665-bd73-027a5ac739b6/datanode-0/data/ratis/059cd7fd-d0d8-4489-80f6-93eb25f1631d was interrupted, exiting. There are 0 tasks remaining in the queue.
2019-07-13 19:14:25,514 INFO  segmented.SegmentedRaftLogWorker (SegmentedRaftLogWorker.java:close(228)) - 1ebbbf85-280c-4818-995a-ec41fe3171d4-SegmentedRaftLogWorker:Storage Directory /tmp/workdir/hadoop-ozone/integration-test/target/test-dir/MiniOzoneClusterImpl-5bfc6e0b-967d-4665-bd73-027a5ac739b6/datanode-0/data/ratis/059cd7fd-d0d8-4489-80f6-93eb25f1631d close()
2019-07-13 19:14:25,515 INFO  ratis.ContainerStateMachine (ContainerStateMachine.java:takeSnapshot(246)) - Taking snapshot at termIndex:(t:1, i:18)
2019-07-13 19:14:25,521 INFO  impl.RaftServerImpl (RaftServerImpl.java:lambda$shutdown$3(245)) - 1ebbbf85-280c-4818-995a-ec41fe3171d4: shutdown group-EB777349CAF3
2019-07-13 19:14:25,521 INFO  ratis.ContainerStateMachine (ContainerStateMachine.java:takeSnapshot(250)) - Taking a snapshot to file /tmp/workdir/hadoop-ozone/integration-test/target/test-dir/MiniOzoneClusterImpl-5bfc6e0b-967d-4665-bd73-027a5ac739b6/datanode-6/data/ratis/a54efe3d-c413-4df7-9165-04bc22f76ca6/sm/snapshot.1_18
2019-07-13 19:14:25,514 INFO  impl.StateMachineUpdater (StateMachineUpdater.java:stopAndJoin(115)) - StateMachineUpdater:e12f3e19-727c-46e4-8b5e-ac543c0d4164:group-04BC22F76CA6: set stopIndex = 18
2019-07-13 19:14:25,522 INFO  impl.StateMachineUpdater (StateMachineUpdater.java:takeSnapshot(242)) - StateMachineUpdater:e12f3e19-727c-46e4-8b5e-ac543c0d4164:group-04BC22F76CA6: Took a snapshot at index 18
2019-07-13 19:14:25,522 INFO  util.JmxRegister (JmxRegister.java:unregister(73)) - Successfully un-registered JMX Bean with object name Ratis:service=RaftServer,group=group-EB777349CAF3,id=1ebbbf85-280c-4818-995a-ec41fe3171d4
2019-07-13 19:14:25,523 INFO  impl.StateMachineUpdater (StateMachineUpdater.java:lambda$new$0(80)) - StateMachineUpdater:e12f3e19-727c-46e4-8b5e-ac543c0d4164:group-04BC22F76CA6: snapshotIndex: updateIncreasingly -1 -> 18
2019-07-13 19:14:25,523 INFO  impl.RoleInfo (RoleInfo.java:shutdownLeaderState(104)) - 1ebbbf85-280c-4818-995a-ec41fe3171d4: shutdown LeaderState
2019-07-13 19:14:25,523 INFO  impl.RaftServerImpl (ServerState.java:close(394)) - e12f3e19-727c-46e4-8b5e-ac543c0d4164:group-04BC22F76CA6 closes. The last applied log index is 18
2019-07-13 19:14:25,523 INFO  impl.PendingRequests (PendingRequests.java:sendNotLeaderResponses(202)) - 1ebbbf85-280c-4818-995a-ec41fe3171d4-PendingRequests: sendNotLeaderResponses
2019-07-13 19:14:25,524 INFO  segmented.SegmentedRaftLogWorker (SegmentedRaftLogWorker.java:run(313)) - e12f3e19-727c-46e4-8b5e-ac543c0d4164-SegmentedRaftLogWorker:Storage Directory /tmp/workdir/hadoop-ozone/integration-test/target/test-dir/MiniOzoneClusterImpl-5bfc6e0b-967d-4665-bd73-027a5ac739b6/datanode-6/data/ratis/a54efe3d-c413-4df7-9165-04bc22f76ca6 was interrupted, exiting. There are 0 tasks remaining in the queue.
2019-07-13 19:14:25,524 INFO  impl.StateMachineUpdater (StateMachineUpdater.java:stopAndJoin(115)) - StateMachineUpdater:1ebbbf85-280c-4818-995a-ec41fe3171d4:group-EB777349CAF3: set stopIndex = 0
2019-07-13 19:14:25,524 INFO  segmented.SegmentedRaftLogWorker (SegmentedRaftLogWorker.java:close(228)) - e12f3e19-727c-46e4-8b5e-ac543c0d4164-SegmentedRaftLogWorker:Storage Directory /tmp/workdir/hadoop-ozone/integration-test/target/test-dir/MiniOzoneClusterImpl-5bfc6e0b-967d-4665-bd73-027a5ac739b6/datanode-6/data/ratis/a54efe3d-c413-4df7-9165-04bc22f76ca6 close()
2019-07-13 19:14:25,525 INFO  ratis.ContainerStateMachine (ContainerStateMachine.java:takeSnapshot(246)) - Taking snapshot at termIndex:(t:0, i:~)
2019-07-13 19:14:25,527 INFO  server.GrpcService (GrpcService.java:closeImpl(155)) - e12f3e19-727c-46e4-8b5e-ac543c0d4164: shutdown server with port 44714 now
2019-07-13 19:14:25,527 INFO  impl.RaftServerImpl (ServerState.java:close(394)) - 1ebbbf85-280c-4818-995a-ec41fe3171d4:group-EB777349CAF3 closes. The last applied log index is 0
2019-07-13 19:14:25,527 INFO  segmented.SegmentedRaftLogWorker (SegmentedRaftLogWorker.java:run(313)) - 1ebbbf85-280c-4818-995a-ec41fe3171d4-SegmentedRaftLogWorker:Storage Directory /tmp/workdir/hadoop-ozone/integration-test/target/test-dir/MiniOzoneClusterImpl-5bfc6e0b-967d-4665-bd73-027a5ac739b6/datanode-0/data/ratis/0037f5ec-9038-499f-b178-eb777349caf3 was interrupted, exiting. There are 0 tasks remaining in the queue.
2019-07-13 19:14:25,528 INFO  segmented.SegmentedRaftLogWorker (SegmentedRaftLogWorker.java:close(228)) - 1ebbbf85-280c-4818-995a-ec41fe3171d4-SegmentedRaftLogWorker:Storage Directory /tmp/workdir/hadoop-ozone/integration-test/target/test-dir/MiniOzoneClusterImpl-5bfc6e0b-967d-4665-bd73-027a5ac739b6/datanode-0/data/ratis/0037f5ec-9038-499f-b178-eb777349caf3 close()
2019-07-13 19:14:25,531 INFO  server.GrpcService (GrpcService.java:closeImpl(155)) - 1ebbbf85-280c-4818-995a-ec41fe3171d4: shutdown server with port 43657 now
2019-07-13 19:14:25,531 WARN  client.GrpcClientProtocolService (LogUtils.java:warn(134)) - 3-UnorderedRequestStreamObserver3: onError: org.apache.ratis.thirdparty.io.grpc.StatusRuntimeException: CANCELLED: cancelled before receiving half close
2019-07-13 19:14:25,531 INFO  server.GrpcService (GrpcService.java:closeImpl(163)) - e12f3e19-727c-46e4-8b5e-ac543c0d4164: shutdown server with port 44714 successfully
2019-07-13 19:14:25,536 WARN  client.GrpcClientProtocolService (LogUtils.java:warn(134)) - 1-UnorderedRequestStreamObserver1: onError: org.apache.ratis.thirdparty.io.grpc.StatusRuntimeException: CANCELLED: cancelled before receiving half close
2019-07-13 19:14:25,539 INFO  server.GrpcService (GrpcService.java:closeImpl(163)) - 1ebbbf85-280c-4818-995a-ec41fe3171d4: shutdown server with port 43657 successfully
2019-07-13 19:14:25,541 INFO  utils.BackgroundService (BackgroundService.java:shutdown(148)) - Shutting down service BlockDeletingService
2019-07-13 19:14:25,542 INFO  utils.BackgroundService (BackgroundService.java:shutdown(148)) - Shutting down service BlockDeletingService
2019-07-13 19:14:25,544 WARN  fs.CachingGetSpaceUsed (CachingGetSpaceUsed.java:run(183)) - Thread Interrupted waiting to refresh disk information: sleep interrupted
2019-07-13 19:14:25,545 WARN  fs.CachingGetSpaceUsed (CachingGetSpaceUsed.java:run(183)) - Thread Interrupted waiting to refresh disk information: sleep interrupted
2019-07-13 19:14:25,565 INFO  statemachine.DatanodeStateMachine (DatanodeStateMachine.java:stopDaemon(395)) - Ozone container server stopped.
2019-07-13 19:14:25,571 INFO  statemachine.DatanodeStateMachine (DatanodeStateMachine.java:stopDaemon(395)) - Ozone container server stopped.
2019-07-13 19:14:25,580 INFO  handler.ContextHandler (ContextHandler.java:doStop(910)) - Stopped o.e.j.w.WebAppContext@24e83d19{/,null,UNAVAILABLE}{/hddsDatanode}
2019-07-13 19:14:25,580 INFO  handler.ContextHandler (ContextHandler.java:doStop(910)) - Stopped o.e.j.w.WebAppContext@418f0534{/,null,UNAVAILABLE}{/hddsDatanode}
2019-07-13 19:14:25,580 INFO  server.AbstractConnector (AbstractConnector.java:doStop(318)) - Stopped ServerConnector@5c080ef3{HTTP/1.1,[http/1.1]}{0.0.0.0:0}
2019-07-13 19:14:25,582 INFO  server.AbstractConnector (AbstractConnector.java:doStop(318)) - Stopped ServerConnector@3dfd7eaa{HTTP/1.1,[http/1.1]}{0.0.0.0:0}
2019-07-13 19:14:25,582 INFO  handler.ContextHandler (ContextHandler.java:doStop(910)) - Stopped o.e.j.s.ServletContextHandler@2133661d{/static,jar:file:/home/user/.m2/repository/org/apache/hadoop/hadoop-hdds-container-service/0.5.0-SNAPSHOT/hadoop-hdds-container-service-0.5.0-SNAPSHOT.jar!/webapps/static,UNAVAILABLE}
2019-07-13 19:14:25,582 INFO  handler.ContextHandler (ContextHandler.java:doStop(910)) - Stopped o.e.j.s.ServletContextHandler@782fd504{/static,jar:file:/home/user/.m2/repository/org/apache/hadoop/hadoop-hdds-container-service/0.5.0-SNAPSHOT/hadoop-hdds-container-service-0.5.0-SNAPSHOT.jar!/webapps/static,UNAVAILABLE}
2019-07-13 19:14:25,583 INFO  handler.ContextHandler (ContextHandler.java:doStop(910)) - Stopped o.e.j.s.ServletContextHandler@304d0259{/logs,file:///tmp/workdir/hadoop-ozone/integration-test/target/log,UNAVAILABLE}
2019-07-13 19:14:25,584 INFO  handler.ContextHandler (ContextHandler.java:doStop(910)) - Stopped o.e.j.s.ServletContextHandler@6568f998{/logs,file:///tmp/workdir/hadoop-ozone/integration-test/target/log,UNAVAILABLE}
2019-07-13 19:14:25,585 INFO  datanode.ObjectStoreHandler (ObjectStoreHandler.java:close(155)) - Closing ObjectStoreHandler.
2019-07-13 19:14:25,585 INFO  ozone.HddsDatanodeService (HddsDatanodeService.java:stop(452)) - Stopped plug-in org.apache.hadoop.ozone.web.OzoneHddsDatanodeService@16f15ae9
2019-07-13 19:14:25,964 INFO  statemachine.DatanodeStateMachine (DatanodeStateMachine.java:lambda$startDaemon$0(350)) - Ozone container server started.
2019-07-13 19:14:29,991 INFO  node.StaleNodeHandler (StaleNodeHandler.java:onMessage(58)) - Datanode 9ddde0e9-7d2b-4d00-a9cd-342c5cb1a881{ip: 192.168.69.122, host: trunk-nightly-fxqsz-774976932, networkLocation: /default-rack, certSerialId: null} moved to stale state. Finalizing its pipelines [PipelineID=a1e1e5d6-d05c-4882-9805-9ce9c7dec77b]
2019-07-13 19:14:29,992 INFO  pipeline.SCMPipelineManager (SCMPipelineManager.java:finalizeAndDestroyPipeline(309)) - destroying pipeline:Pipeline[ Id: a1e1e5d6-d05c-4882-9805-9ce9c7dec77b, Nodes: 9ddde0e9-7d2b-4d00-a9cd-342c5cb1a881{ip: 192.168.69.122, host: trunk-nightly-fxqsz-774976932, networkLocation: /default-rack, certSerialId: null}, Type:RATIS, Factor:ONE, State:OPEN]
2019-07-13 19:14:29,993 INFO  pipeline.PipelineStateManager (PipelineStateManager.java:finalizePipeline(123)) - Pipeline Pipeline[ Id: a1e1e5d6-d05c-4882-9805-9ce9c7dec77b, Nodes: 9ddde0e9-7d2b-4d00-a9cd-342c5cb1a881{ip: 192.168.69.122, host: trunk-nightly-fxqsz-774976932, networkLocation: /default-rack, certSerialId: null}, Type:RATIS, Factor:ONE, State:CLOSED] moved to CLOSED state
2019-07-13 19:14:30,587 INFO  ozoneimpl.OzoneContainer (OzoneContainer.java:stop(199)) - Attempting to stop container services.
2019-07-13 19:14:30,588 INFO  impl.RaftServerProxy (RaftServerProxy.java:lambda$close$4(314)) - 9ddde0e9-7d2b-4d00-a9cd-342c5cb1a881: close
2019-07-13 19:14:30,588 INFO  impl.RaftServerImpl (RaftServerImpl.java:lambda$shutdown$3(245)) - 9ddde0e9-7d2b-4d00-a9cd-342c5cb1a881: shutdown group-9CE9C7DEC77B
2019-07-13 19:14:30,588 INFO  util.JmxRegister (JmxRegister.java:unregister(73)) - Successfully un-registered JMX Bean with object name Ratis:service=RaftServer,group=group-9CE9C7DEC77B,id=9ddde0e9-7d2b-4d00-a9cd-342c5cb1a881
2019-07-13 19:14:30,589 INFO  impl.RoleInfo (RoleInfo.java:shutdownLeaderState(104)) - 9ddde0e9-7d2b-4d00-a9cd-342c5cb1a881: shutdown LeaderState
2019-07-13 19:14:30,589 INFO  impl.PendingRequests (PendingRequests.java:sendNotLeaderResponses(202)) - 9ddde0e9-7d2b-4d00-a9cd-342c5cb1a881-PendingRequests: sendNotLeaderResponses
2019-07-13 19:14:30,589 INFO  impl.StateMachineUpdater (StateMachineUpdater.java:stopAndJoin(115)) - StateMachineUpdater:9ddde0e9-7d2b-4d00-a9cd-342c5cb1a881:group-9CE9C7DEC77B: set stopIndex = 0
2019-07-13 19:14:30,589 INFO  ratis.ContainerStateMachine (ContainerStateMachine.java:takeSnapshot(246)) - Taking snapshot at termIndex:(t:0, i:~)
2019-07-13 19:14:30,590 INFO  impl.RaftServerImpl (ServerState.java:close(394)) - 9ddde0e9-7d2b-4d00-a9cd-342c5cb1a881:group-9CE9C7DEC77B closes. The last applied log index is 0
2019-07-13 19:14:30,590 INFO  segmented.SegmentedRaftLogWorker (SegmentedRaftLogWorker.java:run(313)) - 9ddde0e9-7d2b-4d00-a9cd-342c5cb1a881-SegmentedRaftLogWorker:Storage Directory /tmp/workdir/hadoop-ozone/integration-test/target/test-dir/MiniOzoneClusterImpl-5bfc6e0b-967d-4665-bd73-027a5ac739b6/datanode-5/data/ratis/a1e1e5d6-d05c-4882-9805-9ce9c7dec77b was interrupted, exiting. There are 0 tasks remaining in the queue.
2019-07-13 19:14:30,591 INFO  segmented.SegmentedRaftLogWorker (SegmentedRaftLogWorker.java:close(228)) - 9ddde0e9-7d2b-4d00-a9cd-342c5cb1a881-SegmentedRaftLogWorker:Storage Directory /tmp/workdir/hadoop-ozone/integration-test/target/test-dir/MiniOzoneClusterImpl-5bfc6e0b-967d-4665-bd73-027a5ac739b6/datanode-5/data/ratis/a1e1e5d6-d05c-4882-9805-9ce9c7dec77b close()
2019-07-13 19:14:30,593 INFO  server.GrpcService (GrpcService.java:closeImpl(155)) - 9ddde0e9-7d2b-4d00-a9cd-342c5cb1a881: shutdown server with port 38131 now
2019-07-13 19:14:30,594 INFO  server.GrpcService (GrpcService.java:closeImpl(163)) - 9ddde0e9-7d2b-4d00-a9cd-342c5cb1a881: shutdown server with port 38131 successfully
2019-07-13 19:14:30,596 INFO  utils.BackgroundService (BackgroundService.java:shutdown(148)) - Shutting down service BlockDeletingService
2019-07-13 19:14:30,599 WARN  fs.CachingGetSpaceUsed (CachingGetSpaceUsed.java:run(183)) - Thread Interrupted waiting to refresh disk information: sleep interrupted
2019-07-13 19:14:30,618 INFO  statemachine.DatanodeStateMachine (DatanodeStateMachine.java:stopDaemon(395)) - Ozone container server stopped.
2019-07-13 19:14:30,622 INFO  handler.ContextHandler (ContextHandler.java:doStop(910)) - Stopped o.e.j.w.WebAppContext@561f9d92{/,null,UNAVAILABLE}{/hddsDatanode}
2019-07-13 19:14:30,623 INFO  server.AbstractConnector (AbstractConnector.java:doStop(318)) - Stopped ServerConnector@1c84d80a{HTTP/1.1,[http/1.1]}{0.0.0.0:0}
2019-07-13 19:14:30,624 INFO  handler.ContextHandler (ContextHandler.java:doStop(910)) - Stopped o.e.j.s.ServletContextHandler@2d4a3e13{/static,jar:file:/home/user/.m2/repository/org/apache/hadoop/hadoop-hdds-container-service/0.5.0-SNAPSHOT/hadoop-hdds-container-service-0.5.0-SNAPSHOT.jar!/webapps/static,UNAVAILABLE}
2019-07-13 19:14:30,625 INFO  handler.ContextHandler (ContextHandler.java:doStop(910)) - Stopped o.e.j.s.ServletContextHandler@6885ed19{/logs,file:///tmp/workdir/hadoop-ozone/integration-test/target/log,UNAVAILABLE}
2019-07-13 19:14:30,626 INFO  ozone.MiniOzoneClusterImpl (MiniOzoneClusterImpl.java:stop(353)) - Stopping the StorageContainerManager
2019-07-13 19:14:30,627 INFO  server.StorageContainerManager (StorageContainerManager.java:stop(796)) - Stopping Replication Manager Service.
2019-07-13 19:14:30,627 INFO  container.ReplicationManager (ReplicationManager.java:stop(187)) - Stopping Replication Monitor Thread.
2019-07-13 19:14:30,627 INFO  server.StorageContainerManager (StorageContainerManager.java:stop(803)) - Stopping Lease Manager of the command watchers
2019-07-13 19:14:30,628 INFO  server.StorageContainerManager (StorageContainerManager.java:stop(810)) - Stopping datanode service RPC server
2019-07-13 19:14:30,628 INFO  server.SCMDatanodeProtocolServer (SCMDatanodeProtocolServer.java:stop(375)) - Stopping the RPC server for DataNodes
2019-07-13 19:14:30,628 INFO  ipc.Server (Server.java:stop(3082)) - Stopping server on 36713
2019-07-13 19:14:30,630 INFO  ipc.Server (Server.java:run(1185)) - Stopping IPC Server listener on 36713
2019-07-13 19:14:30,630 INFO  ipc.Server (Server.java:run(1319)) - Stopping IPC Server Responder
2019-07-13 19:14:30,693 WARN  node.NodeStateManager (NodeStateManager.java:scheduleNextHealthCheck(631)) - Current Thread is interrupted, shutting down HB processing thread for Node Manager.
2019-07-13 19:14:30,693 INFO  server.StorageContainerManager (StorageContainerManager.java:stop(818)) - Stopping block service RPC server
2019-07-13 19:14:30,694 INFO  server.SCMBlockProtocolServer (SCMBlockProtocolServer.java:stop(148)) - Stopping the RPC server for Block Protocol
2019-07-13 19:14:30,694 INFO  ipc.Server (Server.java:stop(3082)) - Stopping server on 37849
2019-07-13 19:14:30,694 INFO  server.StorageContainerManager (StorageContainerManager.java:stop(825)) - Stopping the StorageContainerLocationProtocol RPC server
2019-07-13 19:14:30,695 INFO  server.SCMClientProtocolServer (SCMClientProtocolServer.java:stop(157)) - Stopping the RPC server for Client Protocol
2019-07-13 19:14:30,695 INFO  ipc.Server (Server.java:stop(3082)) - Stopping server on 37395
2019-07-13 19:14:30,695 INFO  ipc.Server (Server.java:run(1185)) - Stopping IPC Server listener on 37849
2019-07-13 19:14:30,698 INFO  ipc.Server (Server.java:run(1319)) - Stopping IPC Server Responder
2019-07-13 19:14:30,699 INFO  ipc.Server (Server.java:run(1185)) - Stopping IPC Server listener on 37395
2019-07-13 19:14:30,699 INFO  server.StorageContainerManager (StorageContainerManager.java:stop(832)) - Stopping Storage Container Manager HTTP server.
2019-07-13 19:14:30,701 INFO  ipc.Server (Server.java:run(1319)) - Stopping IPC Server Responder
2019-07-13 19:14:30,701 INFO  handler.ContextHandler (ContextHandler.java:doStop(910)) - Stopped o.e.j.w.WebAppContext@6a1d204a{/,null,UNAVAILABLE}{/scm}
2019-07-13 19:14:30,703 INFO  server.AbstractConnector (AbstractConnector.java:doStop(318)) - Stopped ServerConnector@9d157ff{HTTP/1.1,[http/1.1]}{0.0.0.0:0}
2019-07-13 19:14:30,703 INFO  handler.ContextHandler (ContextHandler.java:doStop(910)) - Stopped o.e.j.s.ServletContextHandler@76012793{/static,file:///tmp/workdir/hadoop-ozone/integration-test/target/test-classes/webapps/static,UNAVAILABLE}
2019-07-13 19:14:30,704 INFO  handler.ContextHandler (ContextHandler.java:doStop(910)) - Stopped o.e.j.s.ServletContextHandler@6bbe2511{/logs,file:///tmp/workdir/hadoop-ozone/integration-test/target/log,UNAVAILABLE}
2019-07-13 19:14:30,706 INFO  server.StorageContainerManager (StorageContainerManager.java:stop(843)) - Stopping Block Manager Service.
2019-07-13 19:14:30,706 INFO  utils.BackgroundService (BackgroundService.java:shutdown(148)) - Shutting down service SCMBlockDeletingService
2019-07-13 19:14:30,707 INFO  utils.BackgroundService (BackgroundService.java:shutdown(148)) - Shutting down service SCMBlockDeletingService
2019-07-13 19:14:30,708 INFO  server.StorageContainerManager (StorageContainerManager.java:stop(865)) - Stopping SCM Event Queue.
2019-07-13 19:14:30,727 INFO  impl.MetricsSystemImpl (MetricsSystemImpl.java:stop(210)) - Stopping HddsDatanode metrics system...
2019-07-13 19:14:30,734 INFO  impl.MetricsSystemImpl (MetricsSystemImpl.java:stop(216)) - HddsDatanode metrics system stopped.
]]></system-out>
    <system-err><![CDATA[ERROR StatusLogger No Log4j 2 configuration file found. Using default configuration (logging only errors to the console), or user programmatically provided configurations. Set system property 'log4j2.debug' to show Log4j 2 internal initialization logging. See https://logging.apache.org/log4j/2.x/manual/configuration.html for instructions on how to configure Log4j 2
Jul 13, 2019 7:13:50 PM com.sun.jersey.server.impl.application.WebApplicationImpl _initiate
INFO: Initiating Jersey application, version 'Jersey: 1.19 02/11/2015 03:25 AM'
Jul 13, 2019 7:13:51 PM com.sun.jersey.server.impl.application.WebApplicationImpl _initiate
INFO: Initiating Jersey application, version 'Jersey: 1.19 02/11/2015 03:25 AM'
Jul 13, 2019 7:13:52 PM com.sun.jersey.server.impl.application.WebApplicationImpl _initiate
INFO: Initiating Jersey application, version 'Jersey: 1.19 02/11/2015 03:25 AM'
Jul 13, 2019 7:13:52 PM com.sun.jersey.server.impl.application.WebApplicationImpl _initiate
INFO: Initiating Jersey application, version 'Jersey: 1.19 02/11/2015 03:25 AM'
Jul 13, 2019 7:13:52 PM com.sun.jersey.server.impl.application.WebApplicationImpl _initiate
INFO: Initiating Jersey application, version 'Jersey: 1.19 02/11/2015 03:25 AM'
Jul 13, 2019 7:13:52 PM com.sun.jersey.server.impl.application.WebApplicationImpl _initiate
INFO: Initiating Jersey application, version 'Jersey: 1.19 02/11/2015 03:25 AM'
Jul 13, 2019 7:13:53 PM com.sun.jersey.server.impl.application.WebApplicationImpl _initiate
INFO: Initiating Jersey application, version 'Jersey: 1.19 02/11/2015 03:25 AM'
]]></system-err>
  </testcase>
  <testcase name="testDatanodeFailureWithPreAllocation" classname="org.apache.hadoop.ozone.client.rpc.TestBlockOutputStreamWithFailures" time="225.23"/>
  <testcase name="testDatanodeFailureWithSingleNodeRatis" classname="org.apache.hadoop.ozone.client.rpc.TestBlockOutputStreamWithFailures" time="224.699"/>
  <testcase name="testWatchForCommitWithSingleNodeRatis" classname="org.apache.hadoop.ozone.client.rpc.TestBlockOutputStreamWithFailures" time="34.325">
    <error type="java.lang.IllegalArgumentException">java.lang.IllegalArgumentException
	at com.google.common.base.Preconditions.checkArgument(Preconditions.java:72)
	at org.apache.hadoop.hdds.scm.XceiverClientManager.acquireClient(XceiverClientManager.java:150)
	at org.apache.hadoop.hdds.scm.XceiverClientManager.acquireClientForReadData(XceiverClientManager.java:143)
	at org.apache.hadoop.hdds.scm.storage.BlockInputStream.getChunkInfos(BlockInputStream.java:154)
	at org.apache.hadoop.hdds.scm.storage.BlockInputStream.initialize(BlockInputStream.java:118)
	at org.apache.hadoop.hdds.scm.storage.BlockInputStream.read(BlockInputStream.java:222)
	at org.apache.hadoop.ozone.client.io.KeyInputStream.read(KeyInputStream.java:171)
	at org.apache.hadoop.ozone.client.io.OzoneInputStream.read(OzoneInputStream.java:47)
	at java.io.InputStream.read(InputStream.java:101)
	at org.apache.hadoop.ozone.container.ContainerTestHelper.validateData(ContainerTestHelper.java:709)
	at org.apache.hadoop.ozone.client.rpc.TestBlockOutputStreamWithFailures.validateData(TestBlockOutputStreamWithFailures.java:1212)
	at org.apache.hadoop.ozone.client.rpc.TestBlockOutputStreamWithFailures.testWatchForCommitWithSingleNodeRatis(TestBlockOutputStreamWithFailures.java:914)
	at sun.reflect.NativeMethodAccessorImpl.invoke0(Native Method)
	at sun.reflect.NativeMethodAccessorImpl.invoke(NativeMethodAccessorImpl.java:62)
	at sun.reflect.DelegatingMethodAccessorImpl.invoke(DelegatingMethodAccessorImpl.java:43)
	at java.lang.reflect.Method.invoke(Method.java:498)
	at org.junit.runners.model.FrameworkMethod$1.runReflectiveCall(FrameworkMethod.java:47)
	at org.junit.internal.runners.model.ReflectiveCallable.run(ReflectiveCallable.java:12)
	at org.junit.runners.model.FrameworkMethod.invokeExplosively(FrameworkMethod.java:44)
	at org.junit.internal.runners.statements.InvokeMethod.evaluate(InvokeMethod.java:17)
	at org.junit.internal.runners.statements.RunBefores.evaluate(RunBefores.java:26)
	at org.junit.internal.runners.statements.RunAfters.evaluate(RunAfters.java:27)
	at org.junit.runners.ParentRunner.runLeaf(ParentRunner.java:271)
	at org.junit.runners.BlockJUnit4ClassRunner.runChild(BlockJUnit4ClassRunner.java:70)
	at org.junit.runners.BlockJUnit4ClassRunner.runChild(BlockJUnit4ClassRunner.java:50)
	at org.junit.runners.ParentRunner$3.run(ParentRunner.java:238)
	at org.junit.runners.ParentRunner$1.schedule(ParentRunner.java:63)
	at org.junit.runners.ParentRunner.runChildren(ParentRunner.java:236)
	at org.junit.runners.ParentRunner.access$000(ParentRunner.java:53)
	at org.junit.runners.ParentRunner$2.evaluate(ParentRunner.java:229)
	at org.junit.runners.ParentRunner.run(ParentRunner.java:309)
	at org.apache.maven.surefire.junit4.JUnit4Provider.execute(JUnit4Provider.java:365)
	at org.apache.maven.surefire.junit4.JUnit4Provider.executeWithRerun(JUnit4Provider.java:273)
	at org.apache.maven.surefire.junit4.JUnit4Provider.executeTestSet(JUnit4Provider.java:238)
	at org.apache.maven.surefire.junit4.JUnit4Provider.invoke(JUnit4Provider.java:159)
	at org.apache.maven.surefire.booter.ForkedBooter.invokeProviderInSameClassLoader(ForkedBooter.java:384)
	at org.apache.maven.surefire.booter.ForkedBooter.runSuitesInProcess(ForkedBooter.java:345)
	at org.apache.maven.surefire.booter.ForkedBooter.execute(ForkedBooter.java:126)
	at org.apache.maven.surefire.booter.ForkedBooter.main(ForkedBooter.java:418)
</error>
    <system-out><![CDATA[2019-07-13 19:22:00,763 WARN  server.ServerUtils (ServerUtils.java:getScmDbDir(145)) - ozone.scm.db.dirs is not configured. We recommend adding this setting. Falling back to ozone.metadata.dirs instead.
2019-07-13 19:22:00,788 WARN  server.ServerUtils (ServerUtils.java:getScmDbDir(145)) - ozone.scm.db.dirs is not configured. We recommend adding this setting. Falling back to ozone.metadata.dirs instead.
2019-07-13 19:22:00,789 WARN  server.ServerUtils (ServerUtils.java:getScmDbDir(145)) - ozone.scm.db.dirs is not configured. We recommend adding this setting. Falling back to ozone.metadata.dirs instead.
2019-07-13 19:22:00,789 INFO  db.DBStoreBuilder (DBStoreBuilder.java:addTable(110)) - using custom profile for table: deletedBlocks
2019-07-13 19:22:00,789 INFO  db.DBStoreBuilder (DBStoreBuilder.java:processTables(161)) - Using default column profile:DBProfile.DISK for Table:deletedBlocks
2019-07-13 19:22:00,789 INFO  db.DBStoreBuilder (DBStoreBuilder.java:addTable(110)) - using custom profile for table: validCerts
2019-07-13 19:22:00,789 INFO  db.DBStoreBuilder (DBStoreBuilder.java:processTables(161)) - Using default column profile:DBProfile.DISK for Table:validCerts
2019-07-13 19:22:00,790 INFO  db.DBStoreBuilder (DBStoreBuilder.java:addTable(110)) - using custom profile for table: revokedCerts
2019-07-13 19:22:00,790 INFO  db.DBStoreBuilder (DBStoreBuilder.java:processTables(161)) - Using default column profile:DBProfile.DISK for Table:revokedCerts
2019-07-13 19:22:00,790 INFO  db.DBStoreBuilder (DBStoreBuilder.java:addTable(110)) - using custom profile for table: default
2019-07-13 19:22:00,790 INFO  db.DBStoreBuilder (DBStoreBuilder.java:processTables(167)) - Using default column profile:DBProfile.DISK for Table:default
2019-07-13 19:22:00,790 INFO  db.DBStoreBuilder (DBStoreBuilder.java:getDbProfile(198)) - Using default options. DBProfile.DISK
2019-07-13 19:22:00,892 INFO  net.NodeSchemaLoader (NodeSchemaLoader.java:loadSchemaFromFile(125)) - Loading file from sun.misc.CompoundEnumeration@23e3a27f
2019-07-13 19:22:00,892 INFO  net.NodeSchemaLoader (NodeSchemaLoader.java:loadSchema(171)) - Loading network topology layer schema file
2019-07-13 19:22:00,897 INFO  node.SCMNodeManager (SCMNodeManager.java:<init>(119)) - Entering startup safe mode.
2019-07-13 19:22:00,898 WARN  server.ServerUtils (ServerUtils.java:getScmDbDir(145)) - ozone.scm.db.dirs is not configured. We recommend adding this setting. Falling back to ozone.metadata.dirs instead.
2019-07-13 19:22:00,920 INFO  pipeline.SCMPipelineManager (SCMPipelineManager.java:initializePipelineState(126)) - No pipeline exists in current db
2019-07-13 19:22:00,920 WARN  server.ServerUtils (ServerUtils.java:getScmDbDir(145)) - ozone.scm.db.dirs is not configured. We recommend adding this setting. Falling back to ozone.metadata.dirs instead.
2019-07-13 19:22:00,943 WARN  events.EventQueue (EventQueue.java:fireEvent(175)) - No event handler registered for event TypedEvent{payloadType=SafeModeStatus, name='SafeModeStatus'}
2019-07-13 19:22:00,944 INFO  ipc.CallQueueManager (CallQueueManager.java:<init>(84)) - Using callQueue: class java.util.concurrent.LinkedBlockingQueue, queueCapacity: 2000, scheduler: class org.apache.hadoop.ipc.DefaultRpcScheduler, ipcBackoff: false.
2019-07-13 19:22:00,945 INFO  ipc.Server (Server.java:run(1074)) - Starting Socket Reader #1 for port 35327
2019-07-13 19:22:00,947 INFO  ipc.CallQueueManager (CallQueueManager.java:<init>(84)) - Using callQueue: class java.util.concurrent.LinkedBlockingQueue, queueCapacity: 2000, scheduler: class org.apache.hadoop.ipc.DefaultRpcScheduler, ipcBackoff: false.
2019-07-13 19:22:00,947 INFO  ipc.Server (Server.java:run(1074)) - Starting Socket Reader #1 for port 38413
2019-07-13 19:22:00,948 INFO  ipc.CallQueueManager (CallQueueManager.java:<init>(84)) - Using callQueue: class java.util.concurrent.LinkedBlockingQueue, queueCapacity: 2000, scheduler: class org.apache.hadoop.ipc.DefaultRpcScheduler, ipcBackoff: false.
2019-07-13 19:22:00,949 INFO  ipc.Server (Server.java:run(1074)) - Starting Socket Reader #1 for port 41319
2019-07-13 19:22:00,953 INFO  hdfs.DFSUtil (DFSUtil.java:httpServerTemplateForNNAndJN(1641)) - Starting Web-server for scm at: http://0.0.0.0:0
2019-07-13 19:22:00,955 INFO  server.AuthenticationFilter (AuthenticationFilter.java:constructSecretProvider(240)) - Unable to initialize FileSignerSecretProvider, falling back to use random secrets.
2019-07-13 19:22:00,956 WARN  http.HttpRequestLog (HttpRequestLog.java:getRequestLog(97)) - Jetty request log can only be enabled using Log4j
2019-07-13 19:22:00,958 INFO  http.HttpServer2 (HttpServer2.java:addGlobalFilter(975)) - Added global filter 'safety' (class=org.apache.hadoop.http.HttpServer2$QuotingInputFilter)
2019-07-13 19:22:00,959 INFO  http.HttpServer2 (HttpServer2.java:addFilter(948)) - Added filter static_user_filter (class=org.apache.hadoop.http.lib.StaticUserWebFilter$StaticUserFilter) to context scm
2019-07-13 19:22:00,959 INFO  http.HttpServer2 (HttpServer2.java:addFilter(958)) - Added filter static_user_filter (class=org.apache.hadoop.http.lib.StaticUserWebFilter$StaticUserFilter) to context static
2019-07-13 19:22:00,960 INFO  http.HttpServer2 (HttpServer2.java:addFilter(958)) - Added filter static_user_filter (class=org.apache.hadoop.http.lib.StaticUserWebFilter$StaticUserFilter) to context logs
2019-07-13 19:22:00,962 INFO  server.StorageContainerManager (StorageContainerManager.java:start(759)) - StorageContainerLocationProtocol RPC server is listening at /0.0.0.0:41319
2019-07-13 19:22:00,965 WARN  impl.MetricsConfig (MetricsConfig.java:loadFirst(134)) - Cannot locate configuration: tried hadoop-metrics2-storagecontainermanager.properties,hadoop-metrics2.properties
2019-07-13 19:22:00,966 INFO  impl.MetricsSystemImpl (MetricsSystemImpl.java:startTimer(374)) - Scheduled Metric snapshot period at 10 second(s).
2019-07-13 19:22:00,966 INFO  impl.MetricsSystemImpl (MetricsSystemImpl.java:start(191)) - StorageContainerManager metrics system started
2019-07-13 19:22:01,031 INFO  server.SCMClientProtocolServer (SCMClientProtocolServer.java:start(149)) - RPC server for Client  is listening at /0.0.0.0:41319
2019-07-13 19:22:01,032 INFO  ipc.Server (Server.java:run(1314)) - IPC Server Responder: starting
2019-07-13 19:22:01,032 INFO  ipc.Server (Server.java:run(1153)) - IPC Server listener on 41319: starting
2019-07-13 19:22:01,036 INFO  server.StorageContainerManager (StorageContainerManager.java:start(768)) - ScmBlockLocationProtocol RPC server is listening at /0.0.0.0:38413
2019-07-13 19:22:01,037 INFO  server.SCMBlockProtocolServer (SCMBlockProtocolServer.java:start(140)) - RPC server for Block Protocol is listening at /0.0.0.0:38413
2019-07-13 19:22:01,037 INFO  ipc.Server (Server.java:run(1314)) - IPC Server Responder: starting
2019-07-13 19:22:01,037 INFO  ipc.Server (Server.java:run(1153)) - IPC Server listener on 38413: starting
2019-07-13 19:22:01,041 INFO  server.StorageContainerManager (StorageContainerManager.java:start(772)) - ScmDatanodeProtocl RPC server is listening at /0.0.0.0:35327
2019-07-13 19:22:01,041 INFO  server.SCMDatanodeProtocolServer (SCMDatanodeProtocolServer.java:start(191)) - RPC server for DataNodes is listening at /0.0.0.0:35327
2019-07-13 19:22:01,042 INFO  ipc.Server (Server.java:run(1314)) - IPC Server Responder: starting
2019-07-13 19:22:01,042 INFO  ipc.Server (Server.java:run(1153)) - IPC Server listener on 35327: starting
2019-07-13 19:22:01,046 INFO  http.HttpServer2 (HttpServer2.java:bindListener(1191)) - Jetty bound to port 45673
2019-07-13 19:22:01,046 INFO  server.Server (Server.java:doStart(351)) - jetty-9.3.24.v20180605, build timestamp: 2018-06-05T17:11:56Z, git hash: 84205aa28f11a4f31f2a3b86d1bba2cc8ab69827
2019-07-13 19:22:01,049 INFO  handler.ContextHandler (ContextHandler.java:doStart(781)) - Started o.e.j.s.ServletContextHandler@50aa9a91{/logs,file:///tmp/workdir/hadoop-ozone/integration-test/target/log,AVAILABLE}
2019-07-13 19:22:01,049 INFO  handler.ContextHandler (ContextHandler.java:doStart(781)) - Started o.e.j.s.ServletContextHandler@4efa7d2f{/static,file:///tmp/workdir/hadoop-ozone/integration-test/target/test-classes/webapps/static,AVAILABLE}
2019-07-13 19:22:01,054 INFO  handler.ContextHandler (ContextHandler.java:doStart(781)) - Started o.e.j.w.WebAppContext@1e5e2e06{/,file:///tmp/workdir/hadoop-ozone/integration-test/target/test-classes/webapps/scm/,AVAILABLE}{/scm}
2019-07-13 19:22:01,054 INFO  server.AbstractConnector (AbstractConnector.java:doStart(278)) - Started ServerConnector@26c1f3eb{HTTP/1.1,[http/1.1]}{0.0.0.0:45673}
2019-07-13 19:22:01,055 INFO  server.Server (Server.java:doStart(419)) - Started @495174ms
2019-07-13 19:22:01,056 INFO  server.BaseHttpServer (BaseHttpServer.java:updateConnectorAddress(207)) - HTTP server of SCM is listening at http://0.0.0.0:45673
2019-07-13 19:22:01,057 WARN  server.ServerUtils (ServerUtils.java:getDBPath(222)) - ozone.om.db.dirs is not configured. We recommend adding this setting. Falling back to ozone.metadata.dirs instead.
2019-07-13 19:22:01,058 INFO  util.JvmPauseMonitor (JvmPauseMonitor.java:run(188)) - Starting JVM pause monitor
2019-07-13 19:22:01,083 WARN  server.ServerUtils (ServerUtils.java:getDBPath(222)) - ozone.om.db.dirs is not configured. We recommend adding this setting. Falling back to ozone.metadata.dirs instead.
2019-07-13 19:22:01,084 INFO  om.OzoneManager (OzoneManager.java:setOMNodeDetails(630)) - OM Service ID is not set. Setting it to the default ID: omServiceIdDefault
2019-07-13 19:22:01,084 INFO  om.OzoneManager (OzoneManager.java:setOMNodeDetails(636)) - OM Node ID is not set. Setting it to the OmStorage's OmID: f34fe4a5-a692-48d1-aab1-97e58934df4c
2019-07-13 19:22:01,084 INFO  om.OzoneManager (OzoneManager.java:loadOMHAConfigs(587)) - Found matching OM address with OMServiceId: null, OMNodeId: null, RPC Address: localhost:0 and Ratis port: 9872
2019-07-13 19:22:01,092 WARN  server.ServerUtils (ServerUtils.java:getDBPath(222)) - ozone.om.db.dirs is not configured. We recommend adding this setting. Falling back to ozone.metadata.dirs instead.
2019-07-13 19:22:01,093 INFO  db.DBStoreBuilder (DBStoreBuilder.java:addTable(110)) - using custom profile for table: userTable
2019-07-13 19:22:01,093 INFO  db.DBStoreBuilder (DBStoreBuilder.java:processTables(161)) - Using default column profile:DBProfile.DISK for Table:userTable
2019-07-13 19:22:01,093 INFO  db.DBStoreBuilder (DBStoreBuilder.java:addTable(110)) - using custom profile for table: volumeTable
2019-07-13 19:22:01,094 INFO  db.DBStoreBuilder (DBStoreBuilder.java:processTables(161)) - Using default column profile:DBProfile.DISK for Table:volumeTable
2019-07-13 19:22:01,094 INFO  db.DBStoreBuilder (DBStoreBuilder.java:addTable(110)) - using custom profile for table: bucketTable
2019-07-13 19:22:01,094 INFO  db.DBStoreBuilder (DBStoreBuilder.java:processTables(161)) - Using default column profile:DBProfile.DISK for Table:bucketTable
2019-07-13 19:22:01,094 INFO  db.DBStoreBuilder (DBStoreBuilder.java:addTable(110)) - using custom profile for table: keyTable
2019-07-13 19:22:01,094 INFO  db.DBStoreBuilder (DBStoreBuilder.java:processTables(161)) - Using default column profile:DBProfile.DISK for Table:keyTable
2019-07-13 19:22:01,095 INFO  db.DBStoreBuilder (DBStoreBuilder.java:addTable(110)) - using custom profile for table: deletedTable
2019-07-13 19:22:01,095 INFO  db.DBStoreBuilder (DBStoreBuilder.java:processTables(161)) - Using default column profile:DBProfile.DISK for Table:deletedTable
2019-07-13 19:22:01,095 INFO  db.DBStoreBuilder (DBStoreBuilder.java:addTable(110)) - using custom profile for table: openKeyTable
2019-07-13 19:22:01,095 INFO  db.DBStoreBuilder (DBStoreBuilder.java:processTables(161)) - Using default column profile:DBProfile.DISK for Table:openKeyTable
2019-07-13 19:22:01,095 INFO  db.DBStoreBuilder (DBStoreBuilder.java:addTable(110)) - using custom profile for table: s3Table
2019-07-13 19:22:01,095 INFO  db.DBStoreBuilder (DBStoreBuilder.java:processTables(161)) - Using default column profile:DBProfile.DISK for Table:s3Table
2019-07-13 19:22:01,096 INFO  db.DBStoreBuilder (DBStoreBuilder.java:addTable(110)) - using custom profile for table: multipartInfoTable
2019-07-13 19:22:01,096 INFO  db.DBStoreBuilder (DBStoreBuilder.java:processTables(161)) - Using default column profile:DBProfile.DISK for Table:multipartInfoTable
2019-07-13 19:22:01,096 INFO  db.DBStoreBuilder (DBStoreBuilder.java:addTable(110)) - using custom profile for table: dTokenTable
2019-07-13 19:22:01,096 INFO  db.DBStoreBuilder (DBStoreBuilder.java:processTables(161)) - Using default column profile:DBProfile.DISK for Table:dTokenTable
2019-07-13 19:22:01,096 INFO  db.DBStoreBuilder (DBStoreBuilder.java:addTable(110)) - using custom profile for table: s3SecretTable
2019-07-13 19:22:01,097 INFO  db.DBStoreBuilder (DBStoreBuilder.java:processTables(161)) - Using default column profile:DBProfile.DISK for Table:s3SecretTable
2019-07-13 19:22:01,097 INFO  db.DBStoreBuilder (DBStoreBuilder.java:addTable(110)) - using custom profile for table: prefixTable
2019-07-13 19:22:01,097 INFO  db.DBStoreBuilder (DBStoreBuilder.java:processTables(161)) - Using default column profile:DBProfile.DISK for Table:prefixTable
2019-07-13 19:22:01,097 INFO  db.DBStoreBuilder (DBStoreBuilder.java:addTable(110)) - using custom profile for table: default
2019-07-13 19:22:01,097 INFO  db.DBStoreBuilder (DBStoreBuilder.java:processTables(167)) - Using default column profile:DBProfile.DISK for Table:default
2019-07-13 19:22:01,097 INFO  db.DBStoreBuilder (DBStoreBuilder.java:getDbProfile(198)) - Using default options. DBProfile.DISK
2019-07-13 19:22:01,545 INFO  ipc.CallQueueManager (CallQueueManager.java:<init>(84)) - Using callQueue: class java.util.concurrent.LinkedBlockingQueue, queueCapacity: 2000, scheduler: class org.apache.hadoop.ipc.DefaultRpcScheduler, ipcBackoff: false.
2019-07-13 19:22:01,546 INFO  ipc.Server (Server.java:run(1074)) - Starting Socket Reader #1 for port 42321
2019-07-13 19:22:01,558 WARN  server.ServerUtils (ServerUtils.java:getDBPath(222)) - ozone.om.db.dirs is not configured. We recommend adding this setting. Falling back to ozone.metadata.dirs instead.
2019-07-13 19:22:01,559 INFO  om.OzoneManager (OzoneManager.java:start(1228)) - OzoneManager RPC server is listening at localhost/127.0.0.1:42321
2019-07-13 19:22:01,559 INFO  impl.MetricsSystemImpl (MetricsSystemImpl.java:init(158)) - OzoneManager metrics system started (again)
2019-07-13 19:22:01,562 INFO  ipc.Server (Server.java:run(1314)) - IPC Server Responder: starting
2019-07-13 19:22:01,562 INFO  ipc.Server (Server.java:run(1153)) - IPC Server listener on 42321: starting
2019-07-13 19:22:01,568 INFO  hdfs.DFSUtil (DFSUtil.java:httpServerTemplateForNNAndJN(1641)) - Starting Web-server for ozoneManager at: http://0.0.0.0:0
2019-07-13 19:22:01,569 INFO  server.AuthenticationFilter (AuthenticationFilter.java:constructSecretProvider(240)) - Unable to initialize FileSignerSecretProvider, falling back to use random secrets.
2019-07-13 19:22:01,570 WARN  http.HttpRequestLog (HttpRequestLog.java:getRequestLog(97)) - Jetty request log can only be enabled using Log4j
2019-07-13 19:22:01,571 INFO  http.HttpServer2 (HttpServer2.java:addGlobalFilter(975)) - Added global filter 'safety' (class=org.apache.hadoop.http.HttpServer2$QuotingInputFilter)
2019-07-13 19:22:01,571 INFO  http.HttpServer2 (HttpServer2.java:addFilter(948)) - Added filter static_user_filter (class=org.apache.hadoop.http.lib.StaticUserWebFilter$StaticUserFilter) to context ozoneManager
2019-07-13 19:22:01,571 INFO  http.HttpServer2 (HttpServer2.java:addFilter(958)) - Added filter static_user_filter (class=org.apache.hadoop.http.lib.StaticUserWebFilter$StaticUserFilter) to context static
2019-07-13 19:22:01,572 INFO  http.HttpServer2 (HttpServer2.java:addFilter(958)) - Added filter static_user_filter (class=org.apache.hadoop.http.lib.StaticUserWebFilter$StaticUserFilter) to context logs
2019-07-13 19:22:01,572 INFO  http.HttpServer2 (HttpServer2.java:bindListener(1191)) - Jetty bound to port 45632
2019-07-13 19:22:01,572 INFO  server.Server (Server.java:doStart(351)) - jetty-9.3.24.v20180605, build timestamp: 2018-06-05T17:11:56Z, git hash: 84205aa28f11a4f31f2a3b86d1bba2cc8ab69827
2019-07-13 19:22:01,574 INFO  handler.ContextHandler (ContextHandler.java:doStart(781)) - Started o.e.j.s.ServletContextHandler@5c2ae7d7{/logs,file:///tmp/workdir/hadoop-ozone/integration-test/target/log,AVAILABLE}
2019-07-13 19:22:01,575 INFO  handler.ContextHandler (ContextHandler.java:doStart(781)) - Started o.e.j.s.ServletContextHandler@236206f8{/static,file:///tmp/workdir/hadoop-ozone/integration-test/target/test-classes/webapps/static,AVAILABLE}
2019-07-13 19:22:01,579 INFO  handler.ContextHandler (ContextHandler.java:doStart(781)) - Started o.e.j.w.WebAppContext@6e466fdf{/,file:///tmp/workdir/hadoop-ozone/integration-test/target/test-classes/webapps/ozoneManager/,AVAILABLE}{/ozoneManager}
2019-07-13 19:22:01,579 INFO  server.AbstractConnector (AbstractConnector.java:doStart(278)) - Started ServerConnector@84e43fb{HTTP/1.1,[http/1.1]}{0.0.0.0:45632}
2019-07-13 19:22:01,580 INFO  server.Server (Server.java:doStart(419)) - Started @495699ms
2019-07-13 19:22:01,581 INFO  server.BaseHttpServer (BaseHttpServer.java:updateConnectorAddress(207)) - HTTP server of OZONEMANAGER is listening at http://0.0.0.0:45632
2019-07-13 19:22:01,594 INFO  impl.MetricsSystemImpl (MetricsSystemImpl.java:init(158)) - HddsDatanode metrics system started (again)
2019-07-13 19:22:01,594 INFO  ozone.HddsDatanodeService (HddsDatanodeService.java:start(185)) - HddsDatanodeService host:trunk-nightly-fxqsz-774976932 ip:192.168.69.122
2019-07-13 19:22:01,603 INFO  volume.HddsVolume (HddsVolume.java:<init>(176)) - Creating Volume: /tmp/workdir/hadoop-ozone/integration-test/target/test-dir/MiniOzoneClusterImpl-8ac25ccc-f850-4385-b614-50e0998aea5d/datanode-0/data/containers/hdds of  storage type : DISK and capacity : 52710309888
2019-07-13 19:22:01,604 INFO  volume.VolumeSet (VolumeSet.java:initializeVolumeSet(170)) - Added Volume : /tmp/workdir/hadoop-ozone/integration-test/target/test-dir/MiniOzoneClusterImpl-8ac25ccc-f850-4385-b614-50e0998aea5d/datanode-0/data/containers/hdds to VolumeSet
2019-07-13 19:22:01,604 INFO  volume.ThrottledAsyncChecker (ThrottledAsyncChecker.java:schedule(140)) - Scheduling a check for org.apache.hadoop.ozone.container.common.volume.HddsVolume@7983a5d5
2019-07-13 19:22:01,605 INFO  volume.HddsVolumeChecker (HddsVolumeChecker.java:checkAllVolumes(203)) - Scheduled health check for volume org.apache.hadoop.ozone.container.common.volume.HddsVolume@7983a5d5
2019-07-13 19:22:01,627 INFO  impl.RaftServerProxy (ConfUtils.java:logGet(43)) - raft.rpc.type = GRPC (default)
2019-07-13 19:22:01,628 INFO  grpc.GrpcFactory (GrpcFactory.java:checkPooledByteBufAllocatorUseCacheForAllThreads(45)) - PERFORMANCE WARNING: useCacheForAllThreads is true that may cause Netty to create a lot garbage objects and, as a result, trigger GC.
	It is recommended to disable useCacheForAllThreads by setting -Dorg.apache.ratis.thirdparty.io.netty.allocator.useCacheForAllThreads=false in command line.
2019-07-13 19:22:01,628 INFO  grpc.GrpcConfigKeys$Server (ConfUtils.java:logGet(43)) - raft.grpc.server.port = 0 (default)
2019-07-13 19:22:01,628 INFO  server.GrpcService (ConfUtils.java:logGet(43)) - raft.grpc.message.size.max = 33570816 (custom)
2019-07-13 19:22:01,629 INFO  server.RaftServerConfigKeys (ConfUtils.java:logGet(43)) - raft.server.log.appender.buffer.byte-limit = 33554432 (custom)
2019-07-13 19:22:01,629 INFO  server.GrpcService (ConfUtils.java:logGet(43)) - raft.grpc.flow.control.window = 1MB (=1048576) (default)
2019-07-13 19:22:01,629 INFO  server.RaftServerConfigKeys (ConfUtils.java:logGet(43)) - raft.server.rpc.request.timeout = 3000ms (default)
2019-07-13 19:22:01,630 INFO  server.RaftServerConfigKeys (ConfUtils.java:logGet(43)) - raft.server.storage.dir = [/tmp/workdir/hadoop-ozone/integration-test/target/test-dir/MiniOzoneClusterImpl-8ac25ccc-f850-4385-b614-50e0998aea5d/datanode-0/data/ratis] (custom)
2019-07-13 19:22:01,630 INFO  replication.SimpleContainerDownloader (SimpleContainerDownloader.java:<init>(72)) - Starting container downloader service to copy containers to replicate.
2019-07-13 19:22:01,632 INFO  hdfs.DFSUtil (DFSUtil.java:httpServerTemplateForNNAndJN(1641)) - Starting Web-server for hddsDatanode at: http://0.0.0.0:0
2019-07-13 19:22:01,633 INFO  server.AuthenticationFilter (AuthenticationFilter.java:constructSecretProvider(240)) - Unable to initialize FileSignerSecretProvider, falling back to use random secrets.
2019-07-13 19:22:01,634 WARN  http.HttpRequestLog (HttpRequestLog.java:getRequestLog(97)) - Jetty request log can only be enabled using Log4j
2019-07-13 19:22:01,635 INFO  http.HttpServer2 (HttpServer2.java:addGlobalFilter(975)) - Added global filter 'safety' (class=org.apache.hadoop.http.HttpServer2$QuotingInputFilter)
2019-07-13 19:22:01,636 INFO  http.HttpServer2 (HttpServer2.java:addFilter(948)) - Added filter static_user_filter (class=org.apache.hadoop.http.lib.StaticUserWebFilter$StaticUserFilter) to context hddsDatanode
2019-07-13 19:22:01,636 INFO  http.HttpServer2 (HttpServer2.java:addFilter(958)) - Added filter static_user_filter (class=org.apache.hadoop.http.lib.StaticUserWebFilter$StaticUserFilter) to context logs
2019-07-13 19:22:01,636 INFO  http.HttpServer2 (HttpServer2.java:addFilter(958)) - Added filter static_user_filter (class=org.apache.hadoop.http.lib.StaticUserWebFilter$StaticUserFilter) to context static
2019-07-13 19:22:01,637 INFO  http.HttpServer2 (HttpServer2.java:bindListener(1191)) - Jetty bound to port 40849
2019-07-13 19:22:01,637 INFO  server.Server (Server.java:doStart(351)) - jetty-9.3.24.v20180605, build timestamp: 2018-06-05T17:11:56Z, git hash: 84205aa28f11a4f31f2a3b86d1bba2cc8ab69827
2019-07-13 19:22:01,638 INFO  handler.ContextHandler (ContextHandler.java:doStart(781)) - Started o.e.j.s.ServletContextHandler@13bf5fd{/logs,file:///tmp/workdir/hadoop-ozone/integration-test/target/log,AVAILABLE}
2019-07-13 19:22:01,639 INFO  handler.ContextHandler (ContextHandler.java:doStart(781)) - Started o.e.j.s.ServletContextHandler@32050628{/static,jar:file:/home/user/.m2/repository/org/apache/hadoop/hadoop-hdds-container-service/0.5.0-SNAPSHOT/hadoop-hdds-container-service-0.5.0-SNAPSHOT.jar!/webapps/static,AVAILABLE}
2019-07-13 19:22:01,666 INFO  handler.ContextHandler (ContextHandler.java:doStart(781)) - Started o.e.j.w.WebAppContext@19bbb216{/,file:///tmp/jetty-0.0.0.0-40849-hddsDatanode-_-any-5786641775279073837.dir/webapp/,AVAILABLE}{/hddsDatanode}
2019-07-13 19:22:01,666 INFO  server.AbstractConnector (AbstractConnector.java:doStart(278)) - Started ServerConnector@6cfac0bd{HTTP/1.1,[http/1.1]}{0.0.0.0:40849}
2019-07-13 19:22:01,668 INFO  server.Server (Server.java:doStart(419)) - Started @495786ms
2019-07-13 19:22:01,668 INFO  server.BaseHttpServer (BaseHttpServer.java:updateConnectorAddress(207)) - HTTP server of HDDSDATANODE is listening at http://0.0.0.0:40849
2019-07-13 19:22:01,769 INFO  ozone.HddsDatanodeService (HddsDatanodeService.java:startPlugins(396)) - Started plug-in org.apache.hadoop.ozone.web.OzoneHddsDatanodeService@4d682397
2019-07-13 19:22:01,769 INFO  impl.MetricsSystemImpl (MetricsSystemImpl.java:init(158)) - HddsDatanode metrics system started (again)
2019-07-13 19:22:01,771 INFO  ozone.HddsDatanodeService (HddsDatanodeService.java:start(185)) - HddsDatanodeService host:trunk-nightly-fxqsz-774976932 ip:192.168.69.122
2019-07-13 19:22:01,773 INFO  util.JvmPauseMonitor (JvmPauseMonitor.java:run(188)) - Starting JVM pause monitor
2019-07-13 19:22:01,775 INFO  datanode.InitDatanodeState (InitDatanodeState.java:persistContainerDatanodeDetails(140)) - DatanodeDetails is persisted to /tmp/workdir/hadoop-ozone/integration-test/target/test-dir/MiniOzoneClusterImpl-8ac25ccc-f850-4385-b614-50e0998aea5d/datanode-0/meta/datanode.id
2019-07-13 19:22:01,782 INFO  volume.HddsVolume (HddsVolume.java:<init>(176)) - Creating Volume: /tmp/workdir/hadoop-ozone/integration-test/target/test-dir/MiniOzoneClusterImpl-8ac25ccc-f850-4385-b614-50e0998aea5d/datanode-1/data/containers/hdds of  storage type : DISK and capacity : 52710309888
2019-07-13 19:22:01,782 INFO  volume.VolumeSet (VolumeSet.java:initializeVolumeSet(170)) - Added Volume : /tmp/workdir/hadoop-ozone/integration-test/target/test-dir/MiniOzoneClusterImpl-8ac25ccc-f850-4385-b614-50e0998aea5d/datanode-1/data/containers/hdds to VolumeSet
2019-07-13 19:22:01,782 INFO  volume.ThrottledAsyncChecker (ThrottledAsyncChecker.java:schedule(140)) - Scheduling a check for org.apache.hadoop.ozone.container.common.volume.HddsVolume@362e709e
2019-07-13 19:22:01,783 INFO  volume.HddsVolumeChecker (HddsVolumeChecker.java:checkAllVolumes(203)) - Scheduled health check for volume org.apache.hadoop.ozone.container.common.volume.HddsVolume@362e709e
2019-07-13 19:22:01,796 INFO  impl.RaftServerProxy (ConfUtils.java:logGet(43)) - raft.rpc.type = GRPC (default)
2019-07-13 19:22:01,796 INFO  grpc.GrpcFactory (GrpcFactory.java:checkPooledByteBufAllocatorUseCacheForAllThreads(45)) - PERFORMANCE WARNING: useCacheForAllThreads is true that may cause Netty to create a lot garbage objects and, as a result, trigger GC.
	It is recommended to disable useCacheForAllThreads by setting -Dorg.apache.ratis.thirdparty.io.netty.allocator.useCacheForAllThreads=false in command line.
2019-07-13 19:22:01,796 INFO  grpc.GrpcConfigKeys$Server (ConfUtils.java:logGet(43)) - raft.grpc.server.port = 0 (default)
2019-07-13 19:22:01,796 INFO  server.GrpcService (ConfUtils.java:logGet(43)) - raft.grpc.message.size.max = 33570816 (custom)
2019-07-13 19:22:01,796 INFO  server.RaftServerConfigKeys (ConfUtils.java:logGet(43)) - raft.server.log.appender.buffer.byte-limit = 33554432 (custom)
2019-07-13 19:22:01,797 INFO  server.GrpcService (ConfUtils.java:logGet(43)) - raft.grpc.flow.control.window = 1MB (=1048576) (default)
2019-07-13 19:22:01,797 INFO  server.RaftServerConfigKeys (ConfUtils.java:logGet(43)) - raft.server.rpc.request.timeout = 3000ms (default)
2019-07-13 19:22:01,797 INFO  server.RaftServerConfigKeys (ConfUtils.java:logGet(43)) - raft.server.storage.dir = [/tmp/workdir/hadoop-ozone/integration-test/target/test-dir/MiniOzoneClusterImpl-8ac25ccc-f850-4385-b614-50e0998aea5d/datanode-1/data/ratis] (custom)
2019-07-13 19:22:01,798 INFO  replication.SimpleContainerDownloader (SimpleContainerDownloader.java:<init>(72)) - Starting container downloader service to copy containers to replicate.
2019-07-13 19:22:01,799 INFO  hdfs.DFSUtil (DFSUtil.java:httpServerTemplateForNNAndJN(1641)) - Starting Web-server for hddsDatanode at: http://0.0.0.0:0
2019-07-13 19:22:01,800 INFO  server.AuthenticationFilter (AuthenticationFilter.java:constructSecretProvider(240)) - Unable to initialize FileSignerSecretProvider, falling back to use random secrets.
2019-07-13 19:22:01,800 WARN  http.HttpRequestLog (HttpRequestLog.java:getRequestLog(97)) - Jetty request log can only be enabled using Log4j
2019-07-13 19:22:01,801 INFO  http.HttpServer2 (HttpServer2.java:addGlobalFilter(975)) - Added global filter 'safety' (class=org.apache.hadoop.http.HttpServer2$QuotingInputFilter)
2019-07-13 19:22:01,801 INFO  http.HttpServer2 (HttpServer2.java:addFilter(948)) - Added filter static_user_filter (class=org.apache.hadoop.http.lib.StaticUserWebFilter$StaticUserFilter) to context hddsDatanode
2019-07-13 19:22:01,802 INFO  http.HttpServer2 (HttpServer2.java:addFilter(958)) - Added filter static_user_filter (class=org.apache.hadoop.http.lib.StaticUserWebFilter$StaticUserFilter) to context static
2019-07-13 19:22:01,802 INFO  http.HttpServer2 (HttpServer2.java:addFilter(958)) - Added filter static_user_filter (class=org.apache.hadoop.http.lib.StaticUserWebFilter$StaticUserFilter) to context logs
2019-07-13 19:22:01,802 INFO  http.HttpServer2 (HttpServer2.java:bindListener(1191)) - Jetty bound to port 35300
2019-07-13 19:22:01,802 INFO  server.Server (Server.java:doStart(351)) - jetty-9.3.24.v20180605, build timestamp: 2018-06-05T17:11:56Z, git hash: 84205aa28f11a4f31f2a3b86d1bba2cc8ab69827
2019-07-13 19:22:01,804 INFO  handler.ContextHandler (ContextHandler.java:doStart(781)) - Started o.e.j.s.ServletContextHandler@1822a61b{/logs,file:///tmp/workdir/hadoop-ozone/integration-test/target/log,AVAILABLE}
2019-07-13 19:22:01,804 INFO  handler.ContextHandler (ContextHandler.java:doStart(781)) - Started o.e.j.s.ServletContextHandler@3e7ddb7e{/static,jar:file:/home/user/.m2/repository/org/apache/hadoop/hadoop-hdds-container-service/0.5.0-SNAPSHOT/hadoop-hdds-container-service-0.5.0-SNAPSHOT.jar!/webapps/static,AVAILABLE}
2019-07-13 19:22:01,830 INFO  handler.ContextHandler (ContextHandler.java:doStart(781)) - Started o.e.j.w.WebAppContext@4220468{/,file:///tmp/jetty-0.0.0.0-35300-hddsDatanode-_-any-5240540081092815564.dir/webapp/,AVAILABLE}{/hddsDatanode}
2019-07-13 19:22:01,831 INFO  server.AbstractConnector (AbstractConnector.java:doStart(278)) - Started ServerConnector@727e61ed{HTTP/1.1,[http/1.1]}{0.0.0.0:35300}
2019-07-13 19:22:01,831 INFO  server.Server (Server.java:doStart(419)) - Started @495950ms
2019-07-13 19:22:01,832 INFO  server.BaseHttpServer (BaseHttpServer.java:updateConnectorAddress(207)) - HTTP server of HDDSDATANODE is listening at http://0.0.0.0:35300
2019-07-13 19:22:02,115 INFO  ozone.HddsDatanodeService (HddsDatanodeService.java:startPlugins(396)) - Started plug-in org.apache.hadoop.ozone.web.OzoneHddsDatanodeService@22a1d77b
2019-07-13 19:22:02,115 INFO  impl.MetricsSystemImpl (MetricsSystemImpl.java:init(158)) - HddsDatanode metrics system started (again)
2019-07-13 19:22:02,117 INFO  ozone.HddsDatanodeService (HddsDatanodeService.java:start(185)) - HddsDatanodeService host:trunk-nightly-fxqsz-774976932 ip:192.168.69.122
2019-07-13 19:22:02,119 INFO  util.JvmPauseMonitor (JvmPauseMonitor.java:run(188)) - Starting JVM pause monitor
2019-07-13 19:22:02,120 INFO  datanode.InitDatanodeState (InitDatanodeState.java:persistContainerDatanodeDetails(140)) - DatanodeDetails is persisted to /tmp/workdir/hadoop-ozone/integration-test/target/test-dir/MiniOzoneClusterImpl-8ac25ccc-f850-4385-b614-50e0998aea5d/datanode-1/meta/datanode.id
2019-07-13 19:22:02,128 INFO  volume.HddsVolume (HddsVolume.java:<init>(176)) - Creating Volume: /tmp/workdir/hadoop-ozone/integration-test/target/test-dir/MiniOzoneClusterImpl-8ac25ccc-f850-4385-b614-50e0998aea5d/datanode-2/data/containers/hdds of  storage type : DISK and capacity : 52710309888
2019-07-13 19:22:02,128 INFO  volume.VolumeSet (VolumeSet.java:initializeVolumeSet(170)) - Added Volume : /tmp/workdir/hadoop-ozone/integration-test/target/test-dir/MiniOzoneClusterImpl-8ac25ccc-f850-4385-b614-50e0998aea5d/datanode-2/data/containers/hdds to VolumeSet
2019-07-13 19:22:02,129 INFO  volume.ThrottledAsyncChecker (ThrottledAsyncChecker.java:schedule(140)) - Scheduling a check for org.apache.hadoop.ozone.container.common.volume.HddsVolume@118c1faa
2019-07-13 19:22:02,129 INFO  volume.HddsVolumeChecker (HddsVolumeChecker.java:checkAllVolumes(203)) - Scheduled health check for volume org.apache.hadoop.ozone.container.common.volume.HddsVolume@118c1faa
2019-07-13 19:22:02,149 INFO  impl.RaftServerProxy (ConfUtils.java:logGet(43)) - raft.rpc.type = GRPC (default)
2019-07-13 19:22:02,149 INFO  grpc.GrpcFactory (GrpcFactory.java:checkPooledByteBufAllocatorUseCacheForAllThreads(45)) - PERFORMANCE WARNING: useCacheForAllThreads is true that may cause Netty to create a lot garbage objects and, as a result, trigger GC.
	It is recommended to disable useCacheForAllThreads by setting -Dorg.apache.ratis.thirdparty.io.netty.allocator.useCacheForAllThreads=false in command line.
2019-07-13 19:22:02,150 INFO  grpc.GrpcConfigKeys$Server (ConfUtils.java:logGet(43)) - raft.grpc.server.port = 0 (default)
2019-07-13 19:22:02,150 INFO  server.GrpcService (ConfUtils.java:logGet(43)) - raft.grpc.message.size.max = 33570816 (custom)
2019-07-13 19:22:02,150 INFO  server.RaftServerConfigKeys (ConfUtils.java:logGet(43)) - raft.server.log.appender.buffer.byte-limit = 33554432 (custom)
2019-07-13 19:22:02,151 INFO  server.GrpcService (ConfUtils.java:logGet(43)) - raft.grpc.flow.control.window = 1MB (=1048576) (default)
2019-07-13 19:22:02,151 INFO  server.RaftServerConfigKeys (ConfUtils.java:logGet(43)) - raft.server.rpc.request.timeout = 3000ms (default)
2019-07-13 19:22:02,152 INFO  server.RaftServerConfigKeys (ConfUtils.java:logGet(43)) - raft.server.storage.dir = [/tmp/workdir/hadoop-ozone/integration-test/target/test-dir/MiniOzoneClusterImpl-8ac25ccc-f850-4385-b614-50e0998aea5d/datanode-2/data/ratis] (custom)
2019-07-13 19:22:02,153 INFO  replication.SimpleContainerDownloader (SimpleContainerDownloader.java:<init>(72)) - Starting container downloader service to copy containers to replicate.
2019-07-13 19:22:02,154 INFO  hdfs.DFSUtil (DFSUtil.java:httpServerTemplateForNNAndJN(1641)) - Starting Web-server for hddsDatanode at: http://0.0.0.0:0
2019-07-13 19:22:02,155 INFO  server.AuthenticationFilter (AuthenticationFilter.java:constructSecretProvider(240)) - Unable to initialize FileSignerSecretProvider, falling back to use random secrets.
2019-07-13 19:22:02,155 WARN  http.HttpRequestLog (HttpRequestLog.java:getRequestLog(97)) - Jetty request log can only be enabled using Log4j
2019-07-13 19:22:02,157 INFO  http.HttpServer2 (HttpServer2.java:addGlobalFilter(975)) - Added global filter 'safety' (class=org.apache.hadoop.http.HttpServer2$QuotingInputFilter)
2019-07-13 19:22:02,157 INFO  http.HttpServer2 (HttpServer2.java:addFilter(948)) - Added filter static_user_filter (class=org.apache.hadoop.http.lib.StaticUserWebFilter$StaticUserFilter) to context hddsDatanode
2019-07-13 19:22:02,157 INFO  http.HttpServer2 (HttpServer2.java:addFilter(958)) - Added filter static_user_filter (class=org.apache.hadoop.http.lib.StaticUserWebFilter$StaticUserFilter) to context logs
2019-07-13 19:22:02,157 INFO  http.HttpServer2 (HttpServer2.java:addFilter(958)) - Added filter static_user_filter (class=org.apache.hadoop.http.lib.StaticUserWebFilter$StaticUserFilter) to context static
2019-07-13 19:22:02,158 INFO  http.HttpServer2 (HttpServer2.java:bindListener(1191)) - Jetty bound to port 45518
2019-07-13 19:22:02,158 INFO  server.Server (Server.java:doStart(351)) - jetty-9.3.24.v20180605, build timestamp: 2018-06-05T17:11:56Z, git hash: 84205aa28f11a4f31f2a3b86d1bba2cc8ab69827
2019-07-13 19:22:02,160 INFO  handler.ContextHandler (ContextHandler.java:doStart(781)) - Started o.e.j.s.ServletContextHandler@5cb32140{/logs,file:///tmp/workdir/hadoop-ozone/integration-test/target/log,AVAILABLE}
2019-07-13 19:22:02,160 INFO  handler.ContextHandler (ContextHandler.java:doStart(781)) - Started o.e.j.s.ServletContextHandler@62c1259f{/static,jar:file:/home/user/.m2/repository/org/apache/hadoop/hadoop-hdds-container-service/0.5.0-SNAPSHOT/hadoop-hdds-container-service-0.5.0-SNAPSHOT.jar!/webapps/static,AVAILABLE}
2019-07-13 19:22:02,187 INFO  handler.ContextHandler (ContextHandler.java:doStart(781)) - Started o.e.j.w.WebAppContext@46df794e{/,file:///tmp/jetty-0.0.0.0-45518-hddsDatanode-_-any-8339455074061684150.dir/webapp/,AVAILABLE}{/hddsDatanode}
2019-07-13 19:22:02,187 INFO  server.AbstractConnector (AbstractConnector.java:doStart(278)) - Started ServerConnector@5cd6a827{HTTP/1.1,[http/1.1]}{0.0.0.0:45518}
2019-07-13 19:22:02,187 INFO  server.Server (Server.java:doStart(419)) - Started @496306ms
2019-07-13 19:22:02,189 INFO  server.BaseHttpServer (BaseHttpServer.java:updateConnectorAddress(207)) - HTTP server of HDDSDATANODE is listening at http://0.0.0.0:45518
2019-07-13 19:22:02,287 INFO  ozone.HddsDatanodeService (HddsDatanodeService.java:startPlugins(396)) - Started plug-in org.apache.hadoop.ozone.web.OzoneHddsDatanodeService@5625ba2
2019-07-13 19:22:02,288 INFO  impl.MetricsSystemImpl (MetricsSystemImpl.java:init(158)) - HddsDatanode metrics system started (again)
2019-07-13 19:22:02,290 INFO  ozone.HddsDatanodeService (HddsDatanodeService.java:start(185)) - HddsDatanodeService host:trunk-nightly-fxqsz-774976932 ip:192.168.69.122
2019-07-13 19:22:02,291 INFO  util.JvmPauseMonitor (JvmPauseMonitor.java:run(188)) - Starting JVM pause monitor
2019-07-13 19:22:02,293 INFO  datanode.InitDatanodeState (InitDatanodeState.java:persistContainerDatanodeDetails(140)) - DatanodeDetails is persisted to /tmp/workdir/hadoop-ozone/integration-test/target/test-dir/MiniOzoneClusterImpl-8ac25ccc-f850-4385-b614-50e0998aea5d/datanode-2/meta/datanode.id
2019-07-13 19:22:02,301 INFO  volume.HddsVolume (HddsVolume.java:<init>(176)) - Creating Volume: /tmp/workdir/hadoop-ozone/integration-test/target/test-dir/MiniOzoneClusterImpl-8ac25ccc-f850-4385-b614-50e0998aea5d/datanode-3/data/containers/hdds of  storage type : DISK and capacity : 52710309888
2019-07-13 19:22:02,301 INFO  volume.VolumeSet (VolumeSet.java:initializeVolumeSet(170)) - Added Volume : /tmp/workdir/hadoop-ozone/integration-test/target/test-dir/MiniOzoneClusterImpl-8ac25ccc-f850-4385-b614-50e0998aea5d/datanode-3/data/containers/hdds to VolumeSet
2019-07-13 19:22:02,301 INFO  volume.ThrottledAsyncChecker (ThrottledAsyncChecker.java:schedule(140)) - Scheduling a check for org.apache.hadoop.ozone.container.common.volume.HddsVolume@2784145d
2019-07-13 19:22:02,302 INFO  volume.HddsVolumeChecker (HddsVolumeChecker.java:checkAllVolumes(203)) - Scheduled health check for volume org.apache.hadoop.ozone.container.common.volume.HddsVolume@2784145d
2019-07-13 19:22:02,315 INFO  impl.RaftServerProxy (ConfUtils.java:logGet(43)) - raft.rpc.type = GRPC (default)
2019-07-13 19:22:02,315 INFO  grpc.GrpcFactory (GrpcFactory.java:checkPooledByteBufAllocatorUseCacheForAllThreads(45)) - PERFORMANCE WARNING: useCacheForAllThreads is true that may cause Netty to create a lot garbage objects and, as a result, trigger GC.
	It is recommended to disable useCacheForAllThreads by setting -Dorg.apache.ratis.thirdparty.io.netty.allocator.useCacheForAllThreads=false in command line.
2019-07-13 19:22:02,315 INFO  grpc.GrpcConfigKeys$Server (ConfUtils.java:logGet(43)) - raft.grpc.server.port = 0 (default)
2019-07-13 19:22:02,316 INFO  server.GrpcService (ConfUtils.java:logGet(43)) - raft.grpc.message.size.max = 33570816 (custom)
2019-07-13 19:22:02,316 INFO  server.RaftServerConfigKeys (ConfUtils.java:logGet(43)) - raft.server.log.appender.buffer.byte-limit = 33554432 (custom)
2019-07-13 19:22:02,316 INFO  server.GrpcService (ConfUtils.java:logGet(43)) - raft.grpc.flow.control.window = 1MB (=1048576) (default)
2019-07-13 19:22:02,316 INFO  server.RaftServerConfigKeys (ConfUtils.java:logGet(43)) - raft.server.rpc.request.timeout = 3000ms (default)
2019-07-13 19:22:02,317 INFO  server.RaftServerConfigKeys (ConfUtils.java:logGet(43)) - raft.server.storage.dir = [/tmp/workdir/hadoop-ozone/integration-test/target/test-dir/MiniOzoneClusterImpl-8ac25ccc-f850-4385-b614-50e0998aea5d/datanode-3/data/ratis] (custom)
2019-07-13 19:22:02,317 INFO  replication.SimpleContainerDownloader (SimpleContainerDownloader.java:<init>(72)) - Starting container downloader service to copy containers to replicate.
2019-07-13 19:22:02,318 INFO  hdfs.DFSUtil (DFSUtil.java:httpServerTemplateForNNAndJN(1641)) - Starting Web-server for hddsDatanode at: http://0.0.0.0:0
2019-07-13 19:22:02,319 INFO  server.AuthenticationFilter (AuthenticationFilter.java:constructSecretProvider(240)) - Unable to initialize FileSignerSecretProvider, falling back to use random secrets.
2019-07-13 19:22:02,319 WARN  http.HttpRequestLog (HttpRequestLog.java:getRequestLog(97)) - Jetty request log can only be enabled using Log4j
2019-07-13 19:22:02,320 INFO  http.HttpServer2 (HttpServer2.java:addGlobalFilter(975)) - Added global filter 'safety' (class=org.apache.hadoop.http.HttpServer2$QuotingInputFilter)
2019-07-13 19:22:02,321 INFO  http.HttpServer2 (HttpServer2.java:addFilter(948)) - Added filter static_user_filter (class=org.apache.hadoop.http.lib.StaticUserWebFilter$StaticUserFilter) to context hddsDatanode
2019-07-13 19:22:02,321 INFO  http.HttpServer2 (HttpServer2.java:addFilter(958)) - Added filter static_user_filter (class=org.apache.hadoop.http.lib.StaticUserWebFilter$StaticUserFilter) to context logs
2019-07-13 19:22:02,321 INFO  http.HttpServer2 (HttpServer2.java:addFilter(958)) - Added filter static_user_filter (class=org.apache.hadoop.http.lib.StaticUserWebFilter$StaticUserFilter) to context static
2019-07-13 19:22:02,322 INFO  http.HttpServer2 (HttpServer2.java:bindListener(1191)) - Jetty bound to port 46170
2019-07-13 19:22:02,322 INFO  server.Server (Server.java:doStart(351)) - jetty-9.3.24.v20180605, build timestamp: 2018-06-05T17:11:56Z, git hash: 84205aa28f11a4f31f2a3b86d1bba2cc8ab69827
2019-07-13 19:22:02,323 INFO  handler.ContextHandler (ContextHandler.java:doStart(781)) - Started o.e.j.s.ServletContextHandler@6f986031{/logs,file:///tmp/workdir/hadoop-ozone/integration-test/target/log,AVAILABLE}
2019-07-13 19:22:02,324 INFO  handler.ContextHandler (ContextHandler.java:doStart(781)) - Started o.e.j.s.ServletContextHandler@4a467ada{/static,jar:file:/home/user/.m2/repository/org/apache/hadoop/hadoop-hdds-container-service/0.5.0-SNAPSHOT/hadoop-hdds-container-service-0.5.0-SNAPSHOT.jar!/webapps/static,AVAILABLE}
2019-07-13 19:22:02,350 INFO  handler.ContextHandler (ContextHandler.java:doStart(781)) - Started o.e.j.w.WebAppContext@2c955487{/,file:///tmp/jetty-0.0.0.0-46170-hddsDatanode-_-any-4736992891795486906.dir/webapp/,AVAILABLE}{/hddsDatanode}
2019-07-13 19:22:02,350 INFO  server.AbstractConnector (AbstractConnector.java:doStart(278)) - Started ServerConnector@38ae69f7{HTTP/1.1,[http/1.1]}{0.0.0.0:46170}
2019-07-13 19:22:02,350 INFO  server.Server (Server.java:doStart(419)) - Started @496469ms
2019-07-13 19:22:02,352 INFO  server.BaseHttpServer (BaseHttpServer.java:updateConnectorAddress(207)) - HTTP server of HDDSDATANODE is listening at http://0.0.0.0:46170
2019-07-13 19:22:02,450 INFO  ozone.HddsDatanodeService (HddsDatanodeService.java:startPlugins(396)) - Started plug-in org.apache.hadoop.ozone.web.OzoneHddsDatanodeService@6d5fea64
2019-07-13 19:22:02,450 INFO  impl.MetricsSystemImpl (MetricsSystemImpl.java:init(158)) - HddsDatanode metrics system started (again)
2019-07-13 19:22:02,452 INFO  ozone.HddsDatanodeService (HddsDatanodeService.java:start(185)) - HddsDatanodeService host:trunk-nightly-fxqsz-774976932 ip:192.168.69.122
2019-07-13 19:22:02,454 INFO  util.JvmPauseMonitor (JvmPauseMonitor.java:run(188)) - Starting JVM pause monitor
2019-07-13 19:22:02,455 INFO  datanode.InitDatanodeState (InitDatanodeState.java:persistContainerDatanodeDetails(140)) - DatanodeDetails is persisted to /tmp/workdir/hadoop-ozone/integration-test/target/test-dir/MiniOzoneClusterImpl-8ac25ccc-f850-4385-b614-50e0998aea5d/datanode-3/meta/datanode.id
2019-07-13 19:22:02,462 INFO  volume.HddsVolume (HddsVolume.java:<init>(176)) - Creating Volume: /tmp/workdir/hadoop-ozone/integration-test/target/test-dir/MiniOzoneClusterImpl-8ac25ccc-f850-4385-b614-50e0998aea5d/datanode-4/data/containers/hdds of  storage type : DISK and capacity : 52710309888
2019-07-13 19:22:02,462 INFO  volume.VolumeSet (VolumeSet.java:initializeVolumeSet(170)) - Added Volume : /tmp/workdir/hadoop-ozone/integration-test/target/test-dir/MiniOzoneClusterImpl-8ac25ccc-f850-4385-b614-50e0998aea5d/datanode-4/data/containers/hdds to VolumeSet
2019-07-13 19:22:02,463 INFO  volume.ThrottledAsyncChecker (ThrottledAsyncChecker.java:schedule(140)) - Scheduling a check for org.apache.hadoop.ozone.container.common.volume.HddsVolume@362e6fe
2019-07-13 19:22:02,463 INFO  volume.HddsVolumeChecker (HddsVolumeChecker.java:checkAllVolumes(203)) - Scheduled health check for volume org.apache.hadoop.ozone.container.common.volume.HddsVolume@362e6fe
2019-07-13 19:22:02,476 INFO  impl.RaftServerProxy (ConfUtils.java:logGet(43)) - raft.rpc.type = GRPC (default)
2019-07-13 19:22:02,477 INFO  grpc.GrpcFactory (GrpcFactory.java:checkPooledByteBufAllocatorUseCacheForAllThreads(45)) - PERFORMANCE WARNING: useCacheForAllThreads is true that may cause Netty to create a lot garbage objects and, as a result, trigger GC.
	It is recommended to disable useCacheForAllThreads by setting -Dorg.apache.ratis.thirdparty.io.netty.allocator.useCacheForAllThreads=false in command line.
2019-07-13 19:22:02,477 INFO  grpc.GrpcConfigKeys$Server (ConfUtils.java:logGet(43)) - raft.grpc.server.port = 0 (default)
2019-07-13 19:22:02,477 INFO  server.GrpcService (ConfUtils.java:logGet(43)) - raft.grpc.message.size.max = 33570816 (custom)
2019-07-13 19:22:02,477 INFO  server.RaftServerConfigKeys (ConfUtils.java:logGet(43)) - raft.server.log.appender.buffer.byte-limit = 33554432 (custom)
2019-07-13 19:22:02,477 INFO  server.GrpcService (ConfUtils.java:logGet(43)) - raft.grpc.flow.control.window = 1MB (=1048576) (default)
2019-07-13 19:22:02,478 INFO  server.RaftServerConfigKeys (ConfUtils.java:logGet(43)) - raft.server.rpc.request.timeout = 3000ms (default)
2019-07-13 19:22:02,478 INFO  server.RaftServerConfigKeys (ConfUtils.java:logGet(43)) - raft.server.storage.dir = [/tmp/workdir/hadoop-ozone/integration-test/target/test-dir/MiniOzoneClusterImpl-8ac25ccc-f850-4385-b614-50e0998aea5d/datanode-4/data/ratis] (custom)
2019-07-13 19:22:02,478 INFO  replication.SimpleContainerDownloader (SimpleContainerDownloader.java:<init>(72)) - Starting container downloader service to copy containers to replicate.
2019-07-13 19:22:02,479 INFO  hdfs.DFSUtil (DFSUtil.java:httpServerTemplateForNNAndJN(1641)) - Starting Web-server for hddsDatanode at: http://0.0.0.0:0
2019-07-13 19:22:02,480 INFO  server.AuthenticationFilter (AuthenticationFilter.java:constructSecretProvider(240)) - Unable to initialize FileSignerSecretProvider, falling back to use random secrets.
2019-07-13 19:22:02,481 WARN  http.HttpRequestLog (HttpRequestLog.java:getRequestLog(97)) - Jetty request log can only be enabled using Log4j
2019-07-13 19:22:02,482 INFO  http.HttpServer2 (HttpServer2.java:addGlobalFilter(975)) - Added global filter 'safety' (class=org.apache.hadoop.http.HttpServer2$QuotingInputFilter)
2019-07-13 19:22:02,482 INFO  http.HttpServer2 (HttpServer2.java:addFilter(948)) - Added filter static_user_filter (class=org.apache.hadoop.http.lib.StaticUserWebFilter$StaticUserFilter) to context hddsDatanode
2019-07-13 19:22:02,482 INFO  http.HttpServer2 (HttpServer2.java:addFilter(958)) - Added filter static_user_filter (class=org.apache.hadoop.http.lib.StaticUserWebFilter$StaticUserFilter) to context static
2019-07-13 19:22:02,483 INFO  http.HttpServer2 (HttpServer2.java:addFilter(958)) - Added filter static_user_filter (class=org.apache.hadoop.http.lib.StaticUserWebFilter$StaticUserFilter) to context logs
2019-07-13 19:22:02,483 INFO  http.HttpServer2 (HttpServer2.java:bindListener(1191)) - Jetty bound to port 43799
2019-07-13 19:22:02,483 INFO  server.Server (Server.java:doStart(351)) - jetty-9.3.24.v20180605, build timestamp: 2018-06-05T17:11:56Z, git hash: 84205aa28f11a4f31f2a3b86d1bba2cc8ab69827
2019-07-13 19:22:02,485 INFO  handler.ContextHandler (ContextHandler.java:doStart(781)) - Started o.e.j.s.ServletContextHandler@34074149{/logs,file:///tmp/workdir/hadoop-ozone/integration-test/target/log,AVAILABLE}
2019-07-13 19:22:02,485 INFO  handler.ContextHandler (ContextHandler.java:doStart(781)) - Started o.e.j.s.ServletContextHandler@45430a27{/static,jar:file:/home/user/.m2/repository/org/apache/hadoop/hadoop-hdds-container-service/0.5.0-SNAPSHOT/hadoop-hdds-container-service-0.5.0-SNAPSHOT.jar!/webapps/static,AVAILABLE}
2019-07-13 19:22:02,511 INFO  handler.ContextHandler (ContextHandler.java:doStart(781)) - Started o.e.j.w.WebAppContext@6ab6ec33{/,file:///tmp/jetty-0.0.0.0-43799-hddsDatanode-_-any-3853944175728375507.dir/webapp/,AVAILABLE}{/hddsDatanode}
2019-07-13 19:22:02,512 INFO  server.AbstractConnector (AbstractConnector.java:doStart(278)) - Started ServerConnector@594965c9{HTTP/1.1,[http/1.1]}{0.0.0.0:43799}
2019-07-13 19:22:02,513 INFO  server.Server (Server.java:doStart(419)) - Started @496632ms
2019-07-13 19:22:02,513 INFO  server.BaseHttpServer (BaseHttpServer.java:updateConnectorAddress(207)) - HTTP server of HDDSDATANODE is listening at http://0.0.0.0:43799
2019-07-13 19:22:02,613 INFO  ozone.HddsDatanodeService (HddsDatanodeService.java:startPlugins(396)) - Started plug-in org.apache.hadoop.ozone.web.OzoneHddsDatanodeService@12d28106
2019-07-13 19:22:02,614 INFO  impl.MetricsSystemImpl (MetricsSystemImpl.java:init(158)) - HddsDatanode metrics system started (again)
2019-07-13 19:22:02,616 INFO  ozone.HddsDatanodeService (HddsDatanodeService.java:start(185)) - HddsDatanodeService host:trunk-nightly-fxqsz-774976932 ip:192.168.69.122
2019-07-13 19:22:02,617 INFO  util.JvmPauseMonitor (JvmPauseMonitor.java:run(188)) - Starting JVM pause monitor
2019-07-13 19:22:02,619 INFO  datanode.InitDatanodeState (InitDatanodeState.java:persistContainerDatanodeDetails(140)) - DatanodeDetails is persisted to /tmp/workdir/hadoop-ozone/integration-test/target/test-dir/MiniOzoneClusterImpl-8ac25ccc-f850-4385-b614-50e0998aea5d/datanode-4/meta/datanode.id
2019-07-13 19:22:02,627 INFO  volume.HddsVolume (HddsVolume.java:<init>(176)) - Creating Volume: /tmp/workdir/hadoop-ozone/integration-test/target/test-dir/MiniOzoneClusterImpl-8ac25ccc-f850-4385-b614-50e0998aea5d/datanode-5/data/containers/hdds of  storage type : DISK and capacity : 52710309888
2019-07-13 19:22:02,627 INFO  volume.VolumeSet (VolumeSet.java:initializeVolumeSet(170)) - Added Volume : /tmp/workdir/hadoop-ozone/integration-test/target/test-dir/MiniOzoneClusterImpl-8ac25ccc-f850-4385-b614-50e0998aea5d/datanode-5/data/containers/hdds to VolumeSet
2019-07-13 19:22:02,628 INFO  volume.ThrottledAsyncChecker (ThrottledAsyncChecker.java:schedule(140)) - Scheduling a check for org.apache.hadoop.ozone.container.common.volume.HddsVolume@755a4ef5
2019-07-13 19:22:02,628 INFO  volume.HddsVolumeChecker (HddsVolumeChecker.java:checkAllVolumes(203)) - Scheduled health check for volume org.apache.hadoop.ozone.container.common.volume.HddsVolume@755a4ef5
2019-07-13 19:22:02,642 INFO  impl.RaftServerProxy (ConfUtils.java:logGet(43)) - raft.rpc.type = GRPC (default)
2019-07-13 19:22:02,642 INFO  grpc.GrpcFactory (GrpcFactory.java:checkPooledByteBufAllocatorUseCacheForAllThreads(45)) - PERFORMANCE WARNING: useCacheForAllThreads is true that may cause Netty to create a lot garbage objects and, as a result, trigger GC.
	It is recommended to disable useCacheForAllThreads by setting -Dorg.apache.ratis.thirdparty.io.netty.allocator.useCacheForAllThreads=false in command line.
2019-07-13 19:22:02,643 INFO  grpc.GrpcConfigKeys$Server (ConfUtils.java:logGet(43)) - raft.grpc.server.port = 0 (default)
2019-07-13 19:22:02,643 INFO  server.GrpcService (ConfUtils.java:logGet(43)) - raft.grpc.message.size.max = 33570816 (custom)
2019-07-13 19:22:02,643 INFO  server.RaftServerConfigKeys (ConfUtils.java:logGet(43)) - raft.server.log.appender.buffer.byte-limit = 33554432 (custom)
2019-07-13 19:22:02,643 INFO  server.GrpcService (ConfUtils.java:logGet(43)) - raft.grpc.flow.control.window = 1MB (=1048576) (default)
2019-07-13 19:22:02,643 INFO  server.RaftServerConfigKeys (ConfUtils.java:logGet(43)) - raft.server.rpc.request.timeout = 3000ms (default)
2019-07-13 19:22:02,644 INFO  server.RaftServerConfigKeys (ConfUtils.java:logGet(43)) - raft.server.storage.dir = [/tmp/workdir/hadoop-ozone/integration-test/target/test-dir/MiniOzoneClusterImpl-8ac25ccc-f850-4385-b614-50e0998aea5d/datanode-5/data/ratis] (custom)
2019-07-13 19:22:02,644 INFO  replication.SimpleContainerDownloader (SimpleContainerDownloader.java:<init>(72)) - Starting container downloader service to copy containers to replicate.
2019-07-13 19:22:02,645 INFO  hdfs.DFSUtil (DFSUtil.java:httpServerTemplateForNNAndJN(1641)) - Starting Web-server for hddsDatanode at: http://0.0.0.0:0
2019-07-13 19:22:02,646 INFO  server.AuthenticationFilter (AuthenticationFilter.java:constructSecretProvider(240)) - Unable to initialize FileSignerSecretProvider, falling back to use random secrets.
2019-07-13 19:22:02,647 WARN  http.HttpRequestLog (HttpRequestLog.java:getRequestLog(97)) - Jetty request log can only be enabled using Log4j
2019-07-13 19:22:02,648 INFO  http.HttpServer2 (HttpServer2.java:addGlobalFilter(975)) - Added global filter 'safety' (class=org.apache.hadoop.http.HttpServer2$QuotingInputFilter)
2019-07-13 19:22:02,648 INFO  http.HttpServer2 (HttpServer2.java:addFilter(948)) - Added filter static_user_filter (class=org.apache.hadoop.http.lib.StaticUserWebFilter$StaticUserFilter) to context hddsDatanode
2019-07-13 19:22:02,648 INFO  http.HttpServer2 (HttpServer2.java:addFilter(958)) - Added filter static_user_filter (class=org.apache.hadoop.http.lib.StaticUserWebFilter$StaticUserFilter) to context logs
2019-07-13 19:22:02,649 INFO  http.HttpServer2 (HttpServer2.java:addFilter(958)) - Added filter static_user_filter (class=org.apache.hadoop.http.lib.StaticUserWebFilter$StaticUserFilter) to context static
2019-07-13 19:22:02,649 INFO  http.HttpServer2 (HttpServer2.java:bindListener(1191)) - Jetty bound to port 33791
2019-07-13 19:22:02,649 INFO  server.Server (Server.java:doStart(351)) - jetty-9.3.24.v20180605, build timestamp: 2018-06-05T17:11:56Z, git hash: 84205aa28f11a4f31f2a3b86d1bba2cc8ab69827
2019-07-13 19:22:02,651 INFO  handler.ContextHandler (ContextHandler.java:doStart(781)) - Started o.e.j.s.ServletContextHandler@7bdaf563{/logs,file:///tmp/workdir/hadoop-ozone/integration-test/target/log,AVAILABLE}
2019-07-13 19:22:02,651 INFO  handler.ContextHandler (ContextHandler.java:doStart(781)) - Started o.e.j.s.ServletContextHandler@514c6ca0{/static,jar:file:/home/user/.m2/repository/org/apache/hadoop/hadoop-hdds-container-service/0.5.0-SNAPSHOT/hadoop-hdds-container-service-0.5.0-SNAPSHOT.jar!/webapps/static,AVAILABLE}
2019-07-13 19:22:02,678 INFO  handler.ContextHandler (ContextHandler.java:doStart(781)) - Started o.e.j.w.WebAppContext@38dc1c50{/,file:///tmp/jetty-0.0.0.0-33791-hddsDatanode-_-any-2187415826688150211.dir/webapp/,AVAILABLE}{/hddsDatanode}
2019-07-13 19:22:02,678 INFO  server.AbstractConnector (AbstractConnector.java:doStart(278)) - Started ServerConnector@ccea4be{HTTP/1.1,[http/1.1]}{0.0.0.0:33791}
2019-07-13 19:22:02,678 INFO  server.Server (Server.java:doStart(419)) - Started @496797ms
2019-07-13 19:22:02,680 INFO  server.BaseHttpServer (BaseHttpServer.java:updateConnectorAddress(207)) - HTTP server of HDDSDATANODE is listening at http://0.0.0.0:33791
2019-07-13 19:22:02,778 INFO  ozone.HddsDatanodeService (HddsDatanodeService.java:startPlugins(396)) - Started plug-in org.apache.hadoop.ozone.web.OzoneHddsDatanodeService@213c812a
2019-07-13 19:22:02,779 INFO  impl.MetricsSystemImpl (MetricsSystemImpl.java:init(158)) - HddsDatanode metrics system started (again)
2019-07-13 19:22:02,781 INFO  ozone.HddsDatanodeService (HddsDatanodeService.java:start(185)) - HddsDatanodeService host:trunk-nightly-fxqsz-774976932 ip:192.168.69.122
2019-07-13 19:22:02,782 INFO  util.JvmPauseMonitor (JvmPauseMonitor.java:run(188)) - Starting JVM pause monitor
2019-07-13 19:22:02,784 INFO  datanode.InitDatanodeState (InitDatanodeState.java:persistContainerDatanodeDetails(140)) - DatanodeDetails is persisted to /tmp/workdir/hadoop-ozone/integration-test/target/test-dir/MiniOzoneClusterImpl-8ac25ccc-f850-4385-b614-50e0998aea5d/datanode-5/meta/datanode.id
2019-07-13 19:22:02,793 INFO  volume.HddsVolume (HddsVolume.java:<init>(176)) - Creating Volume: /tmp/workdir/hadoop-ozone/integration-test/target/test-dir/MiniOzoneClusterImpl-8ac25ccc-f850-4385-b614-50e0998aea5d/datanode-6/data/containers/hdds of  storage type : DISK and capacity : 52710309888
2019-07-13 19:22:02,793 INFO  volume.VolumeSet (VolumeSet.java:initializeVolumeSet(170)) - Added Volume : /tmp/workdir/hadoop-ozone/integration-test/target/test-dir/MiniOzoneClusterImpl-8ac25ccc-f850-4385-b614-50e0998aea5d/datanode-6/data/containers/hdds to VolumeSet
2019-07-13 19:22:02,793 INFO  volume.ThrottledAsyncChecker (ThrottledAsyncChecker.java:schedule(140)) - Scheduling a check for org.apache.hadoop.ozone.container.common.volume.HddsVolume@63f16350
2019-07-13 19:22:02,794 INFO  volume.HddsVolumeChecker (HddsVolumeChecker.java:checkAllVolumes(203)) - Scheduled health check for volume org.apache.hadoop.ozone.container.common.volume.HddsVolume@63f16350
2019-07-13 19:22:02,808 INFO  impl.RaftServerProxy (ConfUtils.java:logGet(43)) - raft.rpc.type = GRPC (default)
2019-07-13 19:22:02,808 INFO  grpc.GrpcFactory (GrpcFactory.java:checkPooledByteBufAllocatorUseCacheForAllThreads(45)) - PERFORMANCE WARNING: useCacheForAllThreads is true that may cause Netty to create a lot garbage objects and, as a result, trigger GC.
	It is recommended to disable useCacheForAllThreads by setting -Dorg.apache.ratis.thirdparty.io.netty.allocator.useCacheForAllThreads=false in command line.
2019-07-13 19:22:02,808 INFO  grpc.GrpcConfigKeys$Server (ConfUtils.java:logGet(43)) - raft.grpc.server.port = 0 (default)
2019-07-13 19:22:02,808 INFO  server.GrpcService (ConfUtils.java:logGet(43)) - raft.grpc.message.size.max = 33570816 (custom)
2019-07-13 19:22:02,809 INFO  server.RaftServerConfigKeys (ConfUtils.java:logGet(43)) - raft.server.log.appender.buffer.byte-limit = 33554432 (custom)
2019-07-13 19:22:02,809 INFO  server.GrpcService (ConfUtils.java:logGet(43)) - raft.grpc.flow.control.window = 1MB (=1048576) (default)
2019-07-13 19:22:02,809 INFO  server.RaftServerConfigKeys (ConfUtils.java:logGet(43)) - raft.server.rpc.request.timeout = 3000ms (default)
2019-07-13 19:22:02,809 INFO  server.RaftServerConfigKeys (ConfUtils.java:logGet(43)) - raft.server.storage.dir = [/tmp/workdir/hadoop-ozone/integration-test/target/test-dir/MiniOzoneClusterImpl-8ac25ccc-f850-4385-b614-50e0998aea5d/datanode-6/data/ratis] (custom)
2019-07-13 19:22:02,810 INFO  replication.SimpleContainerDownloader (SimpleContainerDownloader.java:<init>(72)) - Starting container downloader service to copy containers to replicate.
2019-07-13 19:22:02,811 INFO  hdfs.DFSUtil (DFSUtil.java:httpServerTemplateForNNAndJN(1641)) - Starting Web-server for hddsDatanode at: http://0.0.0.0:0
2019-07-13 19:22:02,812 INFO  server.AuthenticationFilter (AuthenticationFilter.java:constructSecretProvider(240)) - Unable to initialize FileSignerSecretProvider, falling back to use random secrets.
2019-07-13 19:22:02,812 WARN  http.HttpRequestLog (HttpRequestLog.java:getRequestLog(97)) - Jetty request log can only be enabled using Log4j
2019-07-13 19:22:02,813 INFO  http.HttpServer2 (HttpServer2.java:addGlobalFilter(975)) - Added global filter 'safety' (class=org.apache.hadoop.http.HttpServer2$QuotingInputFilter)
2019-07-13 19:22:02,814 INFO  http.HttpServer2 (HttpServer2.java:addFilter(948)) - Added filter static_user_filter (class=org.apache.hadoop.http.lib.StaticUserWebFilter$StaticUserFilter) to context hddsDatanode
2019-07-13 19:22:02,814 INFO  http.HttpServer2 (HttpServer2.java:addFilter(958)) - Added filter static_user_filter (class=org.apache.hadoop.http.lib.StaticUserWebFilter$StaticUserFilter) to context static
2019-07-13 19:22:02,814 INFO  http.HttpServer2 (HttpServer2.java:addFilter(958)) - Added filter static_user_filter (class=org.apache.hadoop.http.lib.StaticUserWebFilter$StaticUserFilter) to context logs
2019-07-13 19:22:02,815 INFO  http.HttpServer2 (HttpServer2.java:bindListener(1191)) - Jetty bound to port 43174
2019-07-13 19:22:02,815 INFO  server.Server (Server.java:doStart(351)) - jetty-9.3.24.v20180605, build timestamp: 2018-06-05T17:11:56Z, git hash: 84205aa28f11a4f31f2a3b86d1bba2cc8ab69827
2019-07-13 19:22:02,816 INFO  handler.ContextHandler (ContextHandler.java:doStart(781)) - Started o.e.j.s.ServletContextHandler@4e00723b{/logs,file:///tmp/workdir/hadoop-ozone/integration-test/target/log,AVAILABLE}
2019-07-13 19:22:02,817 INFO  handler.ContextHandler (ContextHandler.java:doStart(781)) - Started o.e.j.s.ServletContextHandler@59d7d574{/static,jar:file:/home/user/.m2/repository/org/apache/hadoop/hadoop-hdds-container-service/0.5.0-SNAPSHOT/hadoop-hdds-container-service-0.5.0-SNAPSHOT.jar!/webapps/static,AVAILABLE}
2019-07-13 19:22:02,843 INFO  handler.ContextHandler (ContextHandler.java:doStart(781)) - Started o.e.j.w.WebAppContext@65cf8da0{/,file:///tmp/jetty-0.0.0.0-43174-hddsDatanode-_-any-839777717830631328.dir/webapp/,AVAILABLE}{/hddsDatanode}
2019-07-13 19:22:02,843 INFO  server.AbstractConnector (AbstractConnector.java:doStart(278)) - Started ServerConnector@823f978{HTTP/1.1,[http/1.1]}{0.0.0.0:43174}
2019-07-13 19:22:02,843 INFO  server.Server (Server.java:doStart(419)) - Started @496962ms
2019-07-13 19:22:02,845 INFO  server.BaseHttpServer (BaseHttpServer.java:updateConnectorAddress(207)) - HTTP server of HDDSDATANODE is listening at http://0.0.0.0:43174
2019-07-13 19:22:02,942 INFO  ozone.HddsDatanodeService (HddsDatanodeService.java:startPlugins(396)) - Started plug-in org.apache.hadoop.ozone.web.OzoneHddsDatanodeService@1e387974
2019-07-13 19:22:02,943 INFO  ozone.MiniOzoneClusterImpl (MiniOzoneClusterImpl.java:lambda$waitForClusterToBeReady$0(142)) - Waiting for cluster to be ready. Got 0 of 7 DN Heartbeats.
2019-07-13 19:22:02,951 INFO  util.JvmPauseMonitor (JvmPauseMonitor.java:run(188)) - Starting JVM pause monitor
2019-07-13 19:22:02,953 INFO  datanode.InitDatanodeState (InitDatanodeState.java:persistContainerDatanodeDetails(140)) - DatanodeDetails is persisted to /tmp/workdir/hadoop-ozone/integration-test/target/test-dir/MiniOzoneClusterImpl-8ac25ccc-f850-4385-b614-50e0998aea5d/datanode-6/meta/datanode.id
2019-07-13 19:22:03,797 INFO  ozoneimpl.OzoneContainer (OzoneContainer.java:start(186)) - Attempting to start container services.
2019-07-13 19:22:03,797 INFO  ozoneimpl.OzoneContainer (OzoneContainer.java:startContainerScrub(160)) - Background container scrubber has been disabled by hdds.containerscrub.enabled
2019-07-13 19:22:03,797 INFO  ratis.XceiverServerRatis (XceiverServerRatis.java:start(418)) - Starting XceiverServerRatis 2bb5f45b-311d-4fce-af42-27d5f93d7f80 at port 0
2019-07-13 19:22:03,804 INFO  impl.RaftServerProxy (RaftServerProxy.java:lambda$start$3(299)) - 2bb5f45b-311d-4fce-af42-27d5f93d7f80: start RPC server
2019-07-13 19:22:03,808 INFO  server.GrpcService (GrpcService.java:startImpl(149)) - 2bb5f45b-311d-4fce-af42-27d5f93d7f80: GrpcService started, listening on 0.0.0.0/0.0.0.0:44062
2019-07-13 19:22:03,808 INFO  ratis.XceiverServerRatis (XceiverServerRatis.java:start(428)) - XceiverServerRatis 2bb5f45b-311d-4fce-af42-27d5f93d7f80 is started using port 44062
2019-07-13 19:22:03,814 INFO  server.XceiverServerGrpc (XceiverServerGrpc.java:start(161)) - XceiverServerGrpc 2bb5f45b-311d-4fce-af42-27d5f93d7f80 is started using port 33963
2019-07-13 19:22:03,943 INFO  ozone.MiniOzoneClusterImpl (MiniOzoneClusterImpl.java:lambda$waitForClusterToBeReady$0(142)) - Waiting for cluster to be ready. Got 0 of 7 DN Heartbeats.
2019-07-13 19:22:04,133 INFO  ozoneimpl.OzoneContainer (OzoneContainer.java:start(186)) - Attempting to start container services.
2019-07-13 19:22:04,133 INFO  ozoneimpl.OzoneContainer (OzoneContainer.java:startContainerScrub(160)) - Background container scrubber has been disabled by hdds.containerscrub.enabled
2019-07-13 19:22:04,133 INFO  ratis.XceiverServerRatis (XceiverServerRatis.java:start(418)) - Starting XceiverServerRatis 5b3b3b2e-452c-4a37-b606-6e20ad3d9255 at port 0
2019-07-13 19:22:04,141 INFO  impl.RaftServerProxy (RaftServerProxy.java:lambda$start$3(299)) - 5b3b3b2e-452c-4a37-b606-6e20ad3d9255: start RPC server
2019-07-13 19:22:04,141 INFO  server.GrpcService (GrpcService.java:startImpl(149)) - 5b3b3b2e-452c-4a37-b606-6e20ad3d9255: GrpcService started, listening on 0.0.0.0/0.0.0.0:44671
2019-07-13 19:22:04,142 INFO  ratis.XceiverServerRatis (XceiverServerRatis.java:start(428)) - XceiverServerRatis 5b3b3b2e-452c-4a37-b606-6e20ad3d9255 is started using port 44671
2019-07-13 19:22:04,142 INFO  server.XceiverServerGrpc (XceiverServerGrpc.java:start(161)) - XceiverServerGrpc 5b3b3b2e-452c-4a37-b606-6e20ad3d9255 is started using port 38888
2019-07-13 19:22:04,309 INFO  ozoneimpl.OzoneContainer (OzoneContainer.java:start(186)) - Attempting to start container services.
2019-07-13 19:22:04,309 INFO  ozoneimpl.OzoneContainer (OzoneContainer.java:startContainerScrub(160)) - Background container scrubber has been disabled by hdds.containerscrub.enabled
2019-07-13 19:22:04,309 INFO  ratis.XceiverServerRatis (XceiverServerRatis.java:start(418)) - Starting XceiverServerRatis edb20bde-d900-42bd-bbb7-2cc639063cbb at port 0
2019-07-13 19:22:04,316 INFO  impl.RaftServerProxy (RaftServerProxy.java:lambda$start$3(299)) - edb20bde-d900-42bd-bbb7-2cc639063cbb: start RPC server
2019-07-13 19:22:04,318 INFO  server.GrpcService (GrpcService.java:startImpl(149)) - edb20bde-d900-42bd-bbb7-2cc639063cbb: GrpcService started, listening on 0.0.0.0/0.0.0.0:36362
2019-07-13 19:22:04,318 INFO  ratis.XceiverServerRatis (XceiverServerRatis.java:start(428)) - XceiverServerRatis edb20bde-d900-42bd-bbb7-2cc639063cbb is started using port 36362
2019-07-13 19:22:04,319 INFO  server.XceiverServerGrpc (XceiverServerGrpc.java:start(161)) - XceiverServerGrpc edb20bde-d900-42bd-bbb7-2cc639063cbb is started using port 37372
2019-07-13 19:22:04,468 INFO  ozoneimpl.OzoneContainer (OzoneContainer.java:start(186)) - Attempting to start container services.
2019-07-13 19:22:04,469 INFO  ozoneimpl.OzoneContainer (OzoneContainer.java:startContainerScrub(160)) - Background container scrubber has been disabled by hdds.containerscrub.enabled
2019-07-13 19:22:04,469 INFO  ratis.XceiverServerRatis (XceiverServerRatis.java:start(418)) - Starting XceiverServerRatis 365270af-ddf4-4d5a-b2ca-c5b76da69d60 at port 0
2019-07-13 19:22:04,477 INFO  impl.RaftServerProxy (RaftServerProxy.java:lambda$start$3(299)) - 365270af-ddf4-4d5a-b2ca-c5b76da69d60: start RPC server
2019-07-13 19:22:04,488 INFO  server.GrpcService (GrpcService.java:startImpl(149)) - 365270af-ddf4-4d5a-b2ca-c5b76da69d60: GrpcService started, listening on 0.0.0.0/0.0.0.0:40671
2019-07-13 19:22:04,488 INFO  ratis.XceiverServerRatis (XceiverServerRatis.java:start(428)) - XceiverServerRatis 365270af-ddf4-4d5a-b2ca-c5b76da69d60 is started using port 40671
2019-07-13 19:22:04,488 INFO  server.XceiverServerGrpc (XceiverServerGrpc.java:start(161)) - XceiverServerGrpc 365270af-ddf4-4d5a-b2ca-c5b76da69d60 is started using port 34353
2019-07-13 19:22:04,633 INFO  ozoneimpl.OzoneContainer (OzoneContainer.java:start(186)) - Attempting to start container services.
2019-07-13 19:22:04,633 INFO  ozoneimpl.OzoneContainer (OzoneContainer.java:startContainerScrub(160)) - Background container scrubber has been disabled by hdds.containerscrub.enabled
2019-07-13 19:22:04,633 INFO  ratis.XceiverServerRatis (XceiverServerRatis.java:start(418)) - Starting XceiverServerRatis 6c79c513-1c27-44fa-9506-e7c2c2929bbe at port 0
2019-07-13 19:22:04,640 INFO  impl.RaftServerProxy (RaftServerProxy.java:lambda$start$3(299)) - 6c79c513-1c27-44fa-9506-e7c2c2929bbe: start RPC server
2019-07-13 19:22:04,643 INFO  server.GrpcService (GrpcService.java:startImpl(149)) - 6c79c513-1c27-44fa-9506-e7c2c2929bbe: GrpcService started, listening on 0.0.0.0/0.0.0.0:35100
2019-07-13 19:22:04,643 INFO  ratis.XceiverServerRatis (XceiverServerRatis.java:start(428)) - XceiverServerRatis 6c79c513-1c27-44fa-9506-e7c2c2929bbe is started using port 35100
2019-07-13 19:22:04,643 INFO  server.XceiverServerGrpc (XceiverServerGrpc.java:start(161)) - XceiverServerGrpc 6c79c513-1c27-44fa-9506-e7c2c2929bbe is started using port 35378
2019-07-13 19:22:04,797 INFO  ozoneimpl.OzoneContainer (OzoneContainer.java:start(186)) - Attempting to start container services.
2019-07-13 19:22:04,797 INFO  ozoneimpl.OzoneContainer (OzoneContainer.java:startContainerScrub(160)) - Background container scrubber has been disabled by hdds.containerscrub.enabled
2019-07-13 19:22:04,797 INFO  ratis.XceiverServerRatis (XceiverServerRatis.java:start(418)) - Starting XceiverServerRatis 8bda1305-bea0-4fb6-bdb4-bce9e83556a4 at port 0
2019-07-13 19:22:04,805 INFO  impl.RaftServerProxy (RaftServerProxy.java:lambda$start$3(299)) - 8bda1305-bea0-4fb6-bdb4-bce9e83556a4: start RPC server
2019-07-13 19:22:04,806 INFO  server.GrpcService (GrpcService.java:startImpl(149)) - 8bda1305-bea0-4fb6-bdb4-bce9e83556a4: GrpcService started, listening on 0.0.0.0/0.0.0.0:41981
2019-07-13 19:22:04,806 INFO  ratis.XceiverServerRatis (XceiverServerRatis.java:start(428)) - XceiverServerRatis 8bda1305-bea0-4fb6-bdb4-bce9e83556a4 is started using port 41981
2019-07-13 19:22:04,806 INFO  server.XceiverServerGrpc (XceiverServerGrpc.java:start(161)) - XceiverServerGrpc 8bda1305-bea0-4fb6-bdb4-bce9e83556a4 is started using port 38348
2019-07-13 19:22:04,943 INFO  ozone.MiniOzoneClusterImpl (MiniOzoneClusterImpl.java:lambda$waitForClusterToBeReady$0(142)) - Waiting for cluster to be ready. Got 0 of 7 DN Heartbeats.
2019-07-13 19:22:04,965 INFO  ozoneimpl.OzoneContainer (OzoneContainer.java:start(186)) - Attempting to start container services.
2019-07-13 19:22:04,965 INFO  ozoneimpl.OzoneContainer (OzoneContainer.java:startContainerScrub(160)) - Background container scrubber has been disabled by hdds.containerscrub.enabled
2019-07-13 19:22:04,965 INFO  ratis.XceiverServerRatis (XceiverServerRatis.java:start(418)) - Starting XceiverServerRatis 95668776-f1a2-4718-bfb8-aa19d815cc55 at port 0
2019-07-13 19:22:04,973 INFO  impl.RaftServerProxy (RaftServerProxy.java:lambda$start$3(299)) - 95668776-f1a2-4718-bfb8-aa19d815cc55: start RPC server
2019-07-13 19:22:04,973 INFO  server.GrpcService (GrpcService.java:startImpl(149)) - 95668776-f1a2-4718-bfb8-aa19d815cc55: GrpcService started, listening on 0.0.0.0/0.0.0.0:37970
2019-07-13 19:22:04,973 INFO  ratis.XceiverServerRatis (XceiverServerRatis.java:start(428)) - XceiverServerRatis 95668776-f1a2-4718-bfb8-aa19d815cc55 is started using port 37970
2019-07-13 19:22:04,974 INFO  server.XceiverServerGrpc (XceiverServerGrpc.java:start(161)) - XceiverServerGrpc 95668776-f1a2-4718-bfb8-aa19d815cc55 is started using port 45149
2019-07-13 19:22:05,778 INFO  net.NetworkTopology (NetworkTopologyImpl.java:add(110)) - Added a new node: /default-rack/192.168.69.122
2019-07-13 19:22:05,780 INFO  node.SCMNodeManager (SCMNodeManager.java:register(269)) - Registered Data node : 2bb5f45b-311d-4fce-af42-27d5f93d7f80{ip: 192.168.69.122, host: trunk-nightly-fxqsz-774976932, networkLocation: /default-rack, certSerialId: null}
2019-07-13 19:22:05,781 INFO  safemode.SCMSafeModeManager (DataNodeSafeModeRule.java:process(71)) - SCM in safe mode. 1 DataNodes registered, 1 required.
2019-07-13 19:22:05,784 INFO  safemode.SCMSafeModeManager (SCMSafeModeManager.java:validateSafeModeExitRules(177)) - ScmSafeModeManager, all rules are successfully validated
2019-07-13 19:22:05,784 INFO  safemode.SCMSafeModeManager (SCMSafeModeManager.java:exitSafeMode(193)) - SCM exiting safe mode.
2019-07-13 19:22:05,811 INFO  impl.RaftServerProxy (RaftServerProxy.java:addNew(89)) - 2bb5f45b-311d-4fce-af42-27d5f93d7f80: addNew group-BA252AA49506:[2bb5f45b-311d-4fce-af42-27d5f93d7f80:192.168.69.122:44062] returns group-BA252AA49506:java.util.concurrent.CompletableFuture@34153d93[Not completed]
2019-07-13 19:22:05,812 INFO  impl.RaftServerImpl (RaftServerImpl.java:<init>(93)) - 2bb5f45b-311d-4fce-af42-27d5f93d7f80: new RaftServerImpl for group-BA252AA49506:[2bb5f45b-311d-4fce-af42-27d5f93d7f80:192.168.69.122:44062] with ContainerStateMachine:uninitialized
2019-07-13 19:22:05,812 INFO  server.RaftServerConfigKeys (ConfUtils.java:logGet(43)) - raft.server.rpc.timeout.min = 5s (custom)
2019-07-13 19:22:05,813 INFO  server.RaftServerConfigKeys (ConfUtils.java:logGet(43)) - raft.server.rpc.timeout.max = 5200ms (custom)
2019-07-13 19:22:05,813 INFO  server.RaftServerConfigKeys (ConfUtils.java:logGet(43)) - raft.server.rpcslowness.timeout = 120s (custom)
2019-07-13 19:22:05,813 INFO  server.RaftServerConfigKeys (ConfUtils.java:logGet(43)) - raft.server.sleep.deviation.threshold = 300 (default)
2019-07-13 19:22:05,813 INFO  server.RaftServerConfigKeys (ConfUtils.java:logGet(43)) - raft.server.log.appender.install.snapshot.enabled = false (custom)
2019-07-13 19:22:05,813 INFO  impl.RaftServerImpl (ServerState.java:<init>(105)) - 2bb5f45b-311d-4fce-af42-27d5f93d7f80:group-BA252AA49506 ConfigurationManager, init=-1: [2bb5f45b-311d-4fce-af42-27d5f93d7f80:192.168.69.122:44062], old=null, confs=<EMPTY_MAP>
2019-07-13 19:22:05,813 INFO  server.RaftServerConfigKeys (ConfUtils.java:logGet(43)) - raft.server.storage.dir = [/tmp/workdir/hadoop-ozone/integration-test/target/test-dir/MiniOzoneClusterImpl-8ac25ccc-f850-4385-b614-50e0998aea5d/datanode-0/data/ratis] (custom)
2019-07-13 19:22:05,814 INFO  storage.RaftStorageDirectory (RaftStorageDirectory.java:analyzeStorage(246)) - The storage directory /tmp/workdir/hadoop-ozone/integration-test/target/test-dir/MiniOzoneClusterImpl-8ac25ccc-f850-4385-b614-50e0998aea5d/datanode-0/data/ratis/d52edd26-10cd-4183-b407-ba252aa49506 does not exist. Creating ...
2019-07-13 19:22:05,828 INFO  storage.RaftStorageDirectory (RaftStorageDirectory.java:tryLock(328)) - Lock on /tmp/workdir/hadoop-ozone/integration-test/target/test-dir/MiniOzoneClusterImpl-8ac25ccc-f850-4385-b614-50e0998aea5d/datanode-0/data/ratis/d52edd26-10cd-4183-b407-ba252aa49506/in_use.lock acquired by nodename 22884@trunk-nightly-fxqsz-774976932
2019-07-13 19:22:05,855 INFO  storage.RaftStorage (RaftStorage.java:format(72)) - Storage directory /tmp/workdir/hadoop-ozone/integration-test/target/test-dir/MiniOzoneClusterImpl-8ac25ccc-f850-4385-b614-50e0998aea5d/datanode-0/data/ratis/d52edd26-10cd-4183-b407-ba252aa49506 has been successfully formatted.
2019-07-13 19:22:05,855 INFO  ratis.ContainerStateMachine (ContainerStateMachine.java:loadSnapshot(200)) - The snapshot info is null.Setting the last applied index to:(t:0, i:~)
2019-07-13 19:22:05,855 INFO  server.RaftServerConfigKeys (ConfUtils.java:logGet(43)) - raft.server.leader.election.timeout = 120s (custom)
2019-07-13 19:22:05,856 INFO  server.RaftServerConfigKeys (ConfUtils.java:logGet(43)) - raft.server.log.use.memory = false (default)
2019-07-13 19:22:05,856 INFO  server.RaftServerConfigKeys (ConfUtils.java:logGet(43)) - raft.server.log.purge.gap = 1000000000 (custom)
2019-07-13 19:22:05,856 INFO  server.RaftServerConfigKeys (ConfUtils.java:logGet(43)) - raft.server.log.appender.buffer.byte-limit = 33554432 (custom)
2019-07-13 19:22:05,856 INFO  server.RaftServerConfigKeys (ConfUtils.java:logGet(43)) - raft.server.log.segment.size.max = 1048576 (custom)
2019-07-13 19:22:05,856 INFO  server.RaftServerConfigKeys (ConfUtils.java:logGet(43)) - raft.server.log.segment.cache.num.max = 2 (custom)
2019-07-13 19:22:05,856 INFO  segmented.SegmentedRaftLogWorker (SegmentedRaftLogWorker.java:<init>(172)) - new 2bb5f45b-311d-4fce-af42-27d5f93d7f80-SegmentedRaftLogWorker:Storage Directory /tmp/workdir/hadoop-ozone/integration-test/target/test-dir/MiniOzoneClusterImpl-8ac25ccc-f850-4385-b614-50e0998aea5d/datanode-0/data/ratis/d52edd26-10cd-4183-b407-ba252aa49506 for RaftStorage:Storage Directory /tmp/workdir/hadoop-ozone/integration-test/target/test-dir/MiniOzoneClusterImpl-8ac25ccc-f850-4385-b614-50e0998aea5d/datanode-0/data/ratis/d52edd26-10cd-4183-b407-ba252aa49506
2019-07-13 19:22:05,857 INFO  server.RaftServerConfigKeys (ConfUtils.java:logGet(43)) - raft.server.log.queue.byte-limit = 2147483647 (custom)
2019-07-13 19:22:05,857 INFO  server.RaftServerConfigKeys (ConfUtils.java:logGet(43)) - raft.server.log.queue.element-limit = 1024 (custom)
2019-07-13 19:22:05,857 INFO  server.RaftServerConfigKeys (ConfUtils.java:logGet(43)) - raft.server.log.segment.size.max = 1048576 (custom)
2019-07-13 19:22:05,857 INFO  server.RaftServerConfigKeys (ConfUtils.java:logGet(43)) - raft.server.log.preallocated.size = 16384 (custom)
2019-07-13 19:22:05,858 INFO  server.RaftServerConfigKeys (ConfUtils.java:logGet(43)) - raft.server.log.write.buffer.size = 33554432 (custom)
2019-07-13 19:22:05,858 INFO  server.RaftServerConfigKeys (ConfUtils.java:logGet(43)) - raft.server.log.force.sync.num = 128 (default)
2019-07-13 19:22:05,858 INFO  server.RaftServerConfigKeys (ConfUtils.java:logGet(43)) - raft.server.log.statemachine.data.sync = true (default)
2019-07-13 19:22:05,858 INFO  server.RaftServerConfigKeys (ConfUtils.java:logGet(43)) - raft.server.log.statemachine.data.sync.timeout = 10s (default)
2019-07-13 19:22:05,858 INFO  server.RaftServerConfigKeys (ConfUtils.java:logGet(43)) - raft.server.log.statemachine.data.sync.timeout.retry = -1 (default)
2019-07-13 19:22:05,859 INFO  server.RaftServerConfigKeys (ConfUtils.java:logGet(43)) - raft.server.log.statemachine.data.caching.enabled = true (custom)
2019-07-13 19:22:05,859 INFO  segmented.SegmentedRaftLogWorker (SegmentedRaftLogWorker.java:lambda$new$0(132)) - 2bb5f45b-311d-4fce-af42-27d5f93d7f80-SegmentedRaftLogWorker:Storage Directory /tmp/workdir/hadoop-ozone/integration-test/target/test-dir/MiniOzoneClusterImpl-8ac25ccc-f850-4385-b614-50e0998aea5d/datanode-0/data/ratis/d52edd26-10cd-4183-b407-ba252aa49506: flushIndex: setUnconditionally 0 -> -1
2019-07-13 19:22:05,859 INFO  server.RaftServerConfigKeys (ConfUtils.java:logGet(43)) - raft.server.snapshot.auto.trigger.enabled = true (custom)
2019-07-13 19:22:05,860 INFO  server.RaftServerConfigKeys (ConfUtils.java:logGet(43)) - raft.server.snapshot.auto.trigger.threshold = 10000 (custom)
2019-07-13 19:22:05,860 INFO  server.RaftServerConfigKeys (ConfUtils.java:logGet(43)) - raft.server.retrycache.expirytime = 600000ms (custom)
2019-07-13 19:22:05,860 INFO  impl.RaftServerImpl (RaftServerImpl.java:start(180)) - 2bb5f45b-311d-4fce-af42-27d5f93d7f80: start group-BA252AA49506
2019-07-13 19:22:05,860 INFO  impl.RaftServerImpl (RaftServerImpl.java:setRole(171)) - 2bb5f45b-311d-4fce-af42-27d5f93d7f80:group-BA252AA49506 changes role from null to FOLLOWER at term 0 for startAsFollower
2019-07-13 19:22:05,860 INFO  impl.RoleInfo (RoleInfo.java:updateAndGet(143)) - 2bb5f45b-311d-4fce-af42-27d5f93d7f80: start FollowerState
2019-07-13 19:22:05,862 INFO  util.JmxRegister (JmxRegister.java:tryRegister(44)) - Successfully registered JMX Bean with object name Ratis:service=RaftServer,group=group-BA252AA49506,id=2bb5f45b-311d-4fce-af42-27d5f93d7f80
2019-07-13 19:22:05,867 INFO  pipeline.PipelineStateManager (PipelineStateManager.java:addPipeline(56)) - Created pipeline Pipeline[ Id: d52edd26-10cd-4183-b407-ba252aa49506, Nodes: 2bb5f45b-311d-4fce-af42-27d5f93d7f80{ip: 192.168.69.122, host: trunk-nightly-fxqsz-774976932, networkLocation: /default-rack, certSerialId: null}, Type:RATIS, Factor:ONE, State:OPEN]
2019-07-13 19:22:05,944 INFO  ozone.MiniOzoneClusterImpl (MiniOzoneClusterImpl.java:lambda$waitForClusterToBeReady$0(142)) - Waiting for cluster to be ready. Got 1 of 7 DN Heartbeats.
2019-07-13 19:22:06,120 INFO  node.SCMNodeManager (SCMNodeManager.java:register(269)) - Registered Data node : 5b3b3b2e-452c-4a37-b606-6e20ad3d9255{ip: 192.168.69.122, host: trunk-nightly-fxqsz-774976932, networkLocation: /default-rack, certSerialId: null}
2019-07-13 19:22:06,140 INFO  impl.RaftServerProxy (RaftServerProxy.java:addNew(89)) - 5b3b3b2e-452c-4a37-b606-6e20ad3d9255: addNew group-820F6CD15153:[5b3b3b2e-452c-4a37-b606-6e20ad3d9255:192.168.69.122:44671] returns group-820F6CD15153:java.util.concurrent.CompletableFuture@6b3ba7db[Not completed]
2019-07-13 19:22:06,141 INFO  impl.RaftServerImpl (RaftServerImpl.java:<init>(93)) - 5b3b3b2e-452c-4a37-b606-6e20ad3d9255: new RaftServerImpl for group-820F6CD15153:[5b3b3b2e-452c-4a37-b606-6e20ad3d9255:192.168.69.122:44671] with ContainerStateMachine:uninitialized
2019-07-13 19:22:06,141 INFO  server.RaftServerConfigKeys (ConfUtils.java:logGet(43)) - raft.server.rpc.timeout.min = 5s (custom)
2019-07-13 19:22:06,141 INFO  server.RaftServerConfigKeys (ConfUtils.java:logGet(43)) - raft.server.rpc.timeout.max = 5200ms (custom)
2019-07-13 19:22:06,141 INFO  server.RaftServerConfigKeys (ConfUtils.java:logGet(43)) - raft.server.rpcslowness.timeout = 120s (custom)
2019-07-13 19:22:06,142 INFO  server.RaftServerConfigKeys (ConfUtils.java:logGet(43)) - raft.server.sleep.deviation.threshold = 300 (default)
2019-07-13 19:22:06,142 INFO  server.RaftServerConfigKeys (ConfUtils.java:logGet(43)) - raft.server.log.appender.install.snapshot.enabled = false (custom)
2019-07-13 19:22:06,142 INFO  impl.RaftServerImpl (ServerState.java:<init>(105)) - 5b3b3b2e-452c-4a37-b606-6e20ad3d9255:group-820F6CD15153 ConfigurationManager, init=-1: [5b3b3b2e-452c-4a37-b606-6e20ad3d9255:192.168.69.122:44671], old=null, confs=<EMPTY_MAP>
2019-07-13 19:22:06,142 INFO  server.RaftServerConfigKeys (ConfUtils.java:logGet(43)) - raft.server.storage.dir = [/tmp/workdir/hadoop-ozone/integration-test/target/test-dir/MiniOzoneClusterImpl-8ac25ccc-f850-4385-b614-50e0998aea5d/datanode-1/data/ratis] (custom)
2019-07-13 19:22:06,142 INFO  storage.RaftStorageDirectory (RaftStorageDirectory.java:analyzeStorage(246)) - The storage directory /tmp/workdir/hadoop-ozone/integration-test/target/test-dir/MiniOzoneClusterImpl-8ac25ccc-f850-4385-b614-50e0998aea5d/datanode-1/data/ratis/38170cf0-827e-4e0b-a7dc-820f6cd15153 does not exist. Creating ...
2019-07-13 19:22:06,156 INFO  storage.RaftStorageDirectory (RaftStorageDirectory.java:tryLock(328)) - Lock on /tmp/workdir/hadoop-ozone/integration-test/target/test-dir/MiniOzoneClusterImpl-8ac25ccc-f850-4385-b614-50e0998aea5d/datanode-1/data/ratis/38170cf0-827e-4e0b-a7dc-820f6cd15153/in_use.lock acquired by nodename 22884@trunk-nightly-fxqsz-774976932
2019-07-13 19:22:06,170 INFO  storage.RaftStorage (RaftStorage.java:format(72)) - Storage directory /tmp/workdir/hadoop-ozone/integration-test/target/test-dir/MiniOzoneClusterImpl-8ac25ccc-f850-4385-b614-50e0998aea5d/datanode-1/data/ratis/38170cf0-827e-4e0b-a7dc-820f6cd15153 has been successfully formatted.
2019-07-13 19:22:06,170 INFO  ratis.ContainerStateMachine (ContainerStateMachine.java:loadSnapshot(200)) - The snapshot info is null.Setting the last applied index to:(t:0, i:~)
2019-07-13 19:22:06,170 INFO  server.RaftServerConfigKeys (ConfUtils.java:logGet(43)) - raft.server.leader.election.timeout = 120s (custom)
2019-07-13 19:22:06,170 INFO  server.RaftServerConfigKeys (ConfUtils.java:logGet(43)) - raft.server.log.use.memory = false (default)
2019-07-13 19:22:06,170 INFO  server.RaftServerConfigKeys (ConfUtils.java:logGet(43)) - raft.server.log.purge.gap = 1000000000 (custom)
2019-07-13 19:22:06,170 INFO  server.RaftServerConfigKeys (ConfUtils.java:logGet(43)) - raft.server.log.appender.buffer.byte-limit = 33554432 (custom)
2019-07-13 19:22:06,171 INFO  server.RaftServerConfigKeys (ConfUtils.java:logGet(43)) - raft.server.log.segment.size.max = 1048576 (custom)
2019-07-13 19:22:06,171 INFO  server.RaftServerConfigKeys (ConfUtils.java:logGet(43)) - raft.server.log.segment.cache.num.max = 2 (custom)
2019-07-13 19:22:06,171 INFO  segmented.SegmentedRaftLogWorker (SegmentedRaftLogWorker.java:<init>(172)) - new 5b3b3b2e-452c-4a37-b606-6e20ad3d9255-SegmentedRaftLogWorker:Storage Directory /tmp/workdir/hadoop-ozone/integration-test/target/test-dir/MiniOzoneClusterImpl-8ac25ccc-f850-4385-b614-50e0998aea5d/datanode-1/data/ratis/38170cf0-827e-4e0b-a7dc-820f6cd15153 for RaftStorage:Storage Directory /tmp/workdir/hadoop-ozone/integration-test/target/test-dir/MiniOzoneClusterImpl-8ac25ccc-f850-4385-b614-50e0998aea5d/datanode-1/data/ratis/38170cf0-827e-4e0b-a7dc-820f6cd15153
2019-07-13 19:22:06,171 INFO  server.RaftServerConfigKeys (ConfUtils.java:logGet(43)) - raft.server.log.queue.byte-limit = 2147483647 (custom)
2019-07-13 19:22:06,171 INFO  server.RaftServerConfigKeys (ConfUtils.java:logGet(43)) - raft.server.log.queue.element-limit = 1024 (custom)
2019-07-13 19:22:06,172 INFO  server.RaftServerConfigKeys (ConfUtils.java:logGet(43)) - raft.server.log.segment.size.max = 1048576 (custom)
2019-07-13 19:22:06,172 INFO  server.RaftServerConfigKeys (ConfUtils.java:logGet(43)) - raft.server.log.preallocated.size = 16384 (custom)
2019-07-13 19:22:06,172 INFO  server.RaftServerConfigKeys (ConfUtils.java:logGet(43)) - raft.server.log.write.buffer.size = 33554432 (custom)
2019-07-13 19:22:06,172 INFO  server.RaftServerConfigKeys (ConfUtils.java:logGet(43)) - raft.server.log.force.sync.num = 128 (default)
2019-07-13 19:22:06,172 INFO  server.RaftServerConfigKeys (ConfUtils.java:logGet(43)) - raft.server.log.statemachine.data.sync = true (default)
2019-07-13 19:22:06,172 INFO  server.RaftServerConfigKeys (ConfUtils.java:logGet(43)) - raft.server.log.statemachine.data.sync.timeout = 10s (default)
2019-07-13 19:22:06,172 INFO  server.RaftServerConfigKeys (ConfUtils.java:logGet(43)) - raft.server.log.statemachine.data.sync.timeout.retry = -1 (default)
2019-07-13 19:22:06,173 INFO  server.RaftServerConfigKeys (ConfUtils.java:logGet(43)) - raft.server.log.statemachine.data.caching.enabled = true (custom)
2019-07-13 19:22:06,173 INFO  segmented.SegmentedRaftLogWorker (SegmentedRaftLogWorker.java:lambda$new$0(132)) - 5b3b3b2e-452c-4a37-b606-6e20ad3d9255-SegmentedRaftLogWorker:Storage Directory /tmp/workdir/hadoop-ozone/integration-test/target/test-dir/MiniOzoneClusterImpl-8ac25ccc-f850-4385-b614-50e0998aea5d/datanode-1/data/ratis/38170cf0-827e-4e0b-a7dc-820f6cd15153: flushIndex: setUnconditionally 0 -> -1
2019-07-13 19:22:06,173 INFO  server.RaftServerConfigKeys (ConfUtils.java:logGet(43)) - raft.server.snapshot.auto.trigger.enabled = true (custom)
2019-07-13 19:22:06,174 INFO  server.RaftServerConfigKeys (ConfUtils.java:logGet(43)) - raft.server.snapshot.auto.trigger.threshold = 10000 (custom)
2019-07-13 19:22:06,174 INFO  server.RaftServerConfigKeys (ConfUtils.java:logGet(43)) - raft.server.retrycache.expirytime = 600000ms (custom)
2019-07-13 19:22:06,174 INFO  impl.RaftServerImpl (RaftServerImpl.java:start(180)) - 5b3b3b2e-452c-4a37-b606-6e20ad3d9255: start group-820F6CD15153
2019-07-13 19:22:06,174 INFO  impl.RaftServerImpl (RaftServerImpl.java:setRole(171)) - 5b3b3b2e-452c-4a37-b606-6e20ad3d9255:group-820F6CD15153 changes role from null to FOLLOWER at term 0 for startAsFollower
2019-07-13 19:22:06,174 INFO  impl.RoleInfo (RoleInfo.java:updateAndGet(143)) - 5b3b3b2e-452c-4a37-b606-6e20ad3d9255: start FollowerState
2019-07-13 19:22:06,175 INFO  util.JmxRegister (JmxRegister.java:tryRegister(44)) - Successfully registered JMX Bean with object name Ratis:service=RaftServer,group=group-820F6CD15153,id=5b3b3b2e-452c-4a37-b606-6e20ad3d9255
2019-07-13 19:22:06,180 INFO  pipeline.PipelineStateManager (PipelineStateManager.java:addPipeline(56)) - Created pipeline Pipeline[ Id: 38170cf0-827e-4e0b-a7dc-820f6cd15153, Nodes: 5b3b3b2e-452c-4a37-b606-6e20ad3d9255{ip: 192.168.69.122, host: trunk-nightly-fxqsz-774976932, networkLocation: /default-rack, certSerialId: null}, Type:RATIS, Factor:ONE, State:OPEN]
2019-07-13 19:22:06,293 INFO  node.SCMNodeManager (SCMNodeManager.java:register(269)) - Registered Data node : edb20bde-d900-42bd-bbb7-2cc639063cbb{ip: 192.168.69.122, host: trunk-nightly-fxqsz-774976932, networkLocation: /default-rack, certSerialId: null}
2019-07-13 19:22:06,306 INFO  impl.RaftServerProxy (RaftServerProxy.java:addNew(89)) - edb20bde-d900-42bd-bbb7-2cc639063cbb: addNew group-AEE66C7D0D2E:[edb20bde-d900-42bd-bbb7-2cc639063cbb:192.168.69.122:36362] returns group-AEE66C7D0D2E:java.util.concurrent.CompletableFuture@bd2aac7[Not completed]
2019-07-13 19:22:06,307 INFO  impl.RaftServerImpl (RaftServerImpl.java:<init>(93)) - edb20bde-d900-42bd-bbb7-2cc639063cbb: new RaftServerImpl for group-AEE66C7D0D2E:[edb20bde-d900-42bd-bbb7-2cc639063cbb:192.168.69.122:36362] with ContainerStateMachine:uninitialized
2019-07-13 19:22:06,307 INFO  server.RaftServerConfigKeys (ConfUtils.java:logGet(43)) - raft.server.rpc.timeout.min = 5s (custom)
2019-07-13 19:22:06,307 INFO  server.RaftServerConfigKeys (ConfUtils.java:logGet(43)) - raft.server.rpc.timeout.max = 5200ms (custom)
2019-07-13 19:22:06,307 INFO  server.RaftServerConfigKeys (ConfUtils.java:logGet(43)) - raft.server.rpcslowness.timeout = 120s (custom)
2019-07-13 19:22:06,307 INFO  server.RaftServerConfigKeys (ConfUtils.java:logGet(43)) - raft.server.sleep.deviation.threshold = 300 (default)
2019-07-13 19:22:06,308 INFO  server.RaftServerConfigKeys (ConfUtils.java:logGet(43)) - raft.server.log.appender.install.snapshot.enabled = false (custom)
2019-07-13 19:22:06,308 INFO  impl.RaftServerImpl (ServerState.java:<init>(105)) - edb20bde-d900-42bd-bbb7-2cc639063cbb:group-AEE66C7D0D2E ConfigurationManager, init=-1: [edb20bde-d900-42bd-bbb7-2cc639063cbb:192.168.69.122:36362], old=null, confs=<EMPTY_MAP>
2019-07-13 19:22:06,308 INFO  server.RaftServerConfigKeys (ConfUtils.java:logGet(43)) - raft.server.storage.dir = [/tmp/workdir/hadoop-ozone/integration-test/target/test-dir/MiniOzoneClusterImpl-8ac25ccc-f850-4385-b614-50e0998aea5d/datanode-2/data/ratis] (custom)
2019-07-13 19:22:06,308 INFO  storage.RaftStorageDirectory (RaftStorageDirectory.java:analyzeStorage(246)) - The storage directory /tmp/workdir/hadoop-ozone/integration-test/target/test-dir/MiniOzoneClusterImpl-8ac25ccc-f850-4385-b614-50e0998aea5d/datanode-2/data/ratis/200b8781-c3bc-4533-8e50-aee66c7d0d2e does not exist. Creating ...
2019-07-13 19:22:06,323 INFO  storage.RaftStorageDirectory (RaftStorageDirectory.java:tryLock(328)) - Lock on /tmp/workdir/hadoop-ozone/integration-test/target/test-dir/MiniOzoneClusterImpl-8ac25ccc-f850-4385-b614-50e0998aea5d/datanode-2/data/ratis/200b8781-c3bc-4533-8e50-aee66c7d0d2e/in_use.lock acquired by nodename 22884@trunk-nightly-fxqsz-774976932
2019-07-13 19:22:06,336 INFO  storage.RaftStorage (RaftStorage.java:format(72)) - Storage directory /tmp/workdir/hadoop-ozone/integration-test/target/test-dir/MiniOzoneClusterImpl-8ac25ccc-f850-4385-b614-50e0998aea5d/datanode-2/data/ratis/200b8781-c3bc-4533-8e50-aee66c7d0d2e has been successfully formatted.
2019-07-13 19:22:06,336 INFO  ratis.ContainerStateMachine (ContainerStateMachine.java:loadSnapshot(200)) - The snapshot info is null.Setting the last applied index to:(t:0, i:~)
2019-07-13 19:22:06,336 INFO  server.RaftServerConfigKeys (ConfUtils.java:logGet(43)) - raft.server.leader.election.timeout = 120s (custom)
2019-07-13 19:22:06,337 INFO  server.RaftServerConfigKeys (ConfUtils.java:logGet(43)) - raft.server.log.use.memory = false (default)
2019-07-13 19:22:06,337 INFO  server.RaftServerConfigKeys (ConfUtils.java:logGet(43)) - raft.server.log.purge.gap = 1000000000 (custom)
2019-07-13 19:22:06,337 INFO  server.RaftServerConfigKeys (ConfUtils.java:logGet(43)) - raft.server.log.appender.buffer.byte-limit = 33554432 (custom)
2019-07-13 19:22:06,337 INFO  server.RaftServerConfigKeys (ConfUtils.java:logGet(43)) - raft.server.log.segment.size.max = 1048576 (custom)
2019-07-13 19:22:06,337 INFO  server.RaftServerConfigKeys (ConfUtils.java:logGet(43)) - raft.server.log.segment.cache.num.max = 2 (custom)
2019-07-13 19:22:06,337 INFO  segmented.SegmentedRaftLogWorker (SegmentedRaftLogWorker.java:<init>(172)) - new edb20bde-d900-42bd-bbb7-2cc639063cbb-SegmentedRaftLogWorker:Storage Directory /tmp/workdir/hadoop-ozone/integration-test/target/test-dir/MiniOzoneClusterImpl-8ac25ccc-f850-4385-b614-50e0998aea5d/datanode-2/data/ratis/200b8781-c3bc-4533-8e50-aee66c7d0d2e for RaftStorage:Storage Directory /tmp/workdir/hadoop-ozone/integration-test/target/test-dir/MiniOzoneClusterImpl-8ac25ccc-f850-4385-b614-50e0998aea5d/datanode-2/data/ratis/200b8781-c3bc-4533-8e50-aee66c7d0d2e
2019-07-13 19:22:06,338 INFO  server.RaftServerConfigKeys (ConfUtils.java:logGet(43)) - raft.server.log.queue.byte-limit = 2147483647 (custom)
2019-07-13 19:22:06,338 INFO  server.RaftServerConfigKeys (ConfUtils.java:logGet(43)) - raft.server.log.queue.element-limit = 1024 (custom)
2019-07-13 19:22:06,338 INFO  server.RaftServerConfigKeys (ConfUtils.java:logGet(43)) - raft.server.log.segment.size.max = 1048576 (custom)
2019-07-13 19:22:06,338 INFO  server.RaftServerConfigKeys (ConfUtils.java:logGet(43)) - raft.server.log.preallocated.size = 16384 (custom)
2019-07-13 19:22:06,338 INFO  server.RaftServerConfigKeys (ConfUtils.java:logGet(43)) - raft.server.log.write.buffer.size = 33554432 (custom)
2019-07-13 19:22:06,338 INFO  server.RaftServerConfigKeys (ConfUtils.java:logGet(43)) - raft.server.log.force.sync.num = 128 (default)
2019-07-13 19:22:06,339 INFO  server.RaftServerConfigKeys (ConfUtils.java:logGet(43)) - raft.server.log.statemachine.data.sync = true (default)
2019-07-13 19:22:06,339 INFO  server.RaftServerConfigKeys (ConfUtils.java:logGet(43)) - raft.server.log.statemachine.data.sync.timeout = 10s (default)
2019-07-13 19:22:06,339 INFO  server.RaftServerConfigKeys (ConfUtils.java:logGet(43)) - raft.server.log.statemachine.data.sync.timeout.retry = -1 (default)
2019-07-13 19:22:06,339 INFO  server.RaftServerConfigKeys (ConfUtils.java:logGet(43)) - raft.server.log.statemachine.data.caching.enabled = true (custom)
2019-07-13 19:22:06,340 INFO  segmented.SegmentedRaftLogWorker (SegmentedRaftLogWorker.java:lambda$new$0(132)) - edb20bde-d900-42bd-bbb7-2cc639063cbb-SegmentedRaftLogWorker:Storage Directory /tmp/workdir/hadoop-ozone/integration-test/target/test-dir/MiniOzoneClusterImpl-8ac25ccc-f850-4385-b614-50e0998aea5d/datanode-2/data/ratis/200b8781-c3bc-4533-8e50-aee66c7d0d2e: flushIndex: setUnconditionally 0 -> -1
2019-07-13 19:22:06,340 INFO  server.RaftServerConfigKeys (ConfUtils.java:logGet(43)) - raft.server.snapshot.auto.trigger.enabled = true (custom)
2019-07-13 19:22:06,340 INFO  server.RaftServerConfigKeys (ConfUtils.java:logGet(43)) - raft.server.snapshot.auto.trigger.threshold = 10000 (custom)
2019-07-13 19:22:06,340 INFO  server.RaftServerConfigKeys (ConfUtils.java:logGet(43)) - raft.server.retrycache.expirytime = 600000ms (custom)
2019-07-13 19:22:06,340 INFO  impl.RaftServerImpl (RaftServerImpl.java:start(180)) - edb20bde-d900-42bd-bbb7-2cc639063cbb: start group-AEE66C7D0D2E
2019-07-13 19:22:06,341 INFO  impl.RaftServerImpl (RaftServerImpl.java:setRole(171)) - edb20bde-d900-42bd-bbb7-2cc639063cbb:group-AEE66C7D0D2E changes role from null to FOLLOWER at term 0 for startAsFollower
2019-07-13 19:22:06,341 INFO  impl.RoleInfo (RoleInfo.java:updateAndGet(143)) - edb20bde-d900-42bd-bbb7-2cc639063cbb: start FollowerState
2019-07-13 19:22:06,341 INFO  util.JmxRegister (JmxRegister.java:tryRegister(44)) - Successfully registered JMX Bean with object name Ratis:service=RaftServer,group=group-AEE66C7D0D2E,id=edb20bde-d900-42bd-bbb7-2cc639063cbb
2019-07-13 19:22:06,346 INFO  pipeline.PipelineStateManager (PipelineStateManager.java:addPipeline(56)) - Created pipeline Pipeline[ Id: 200b8781-c3bc-4533-8e50-aee66c7d0d2e, Nodes: edb20bde-d900-42bd-bbb7-2cc639063cbb{ip: 192.168.69.122, host: trunk-nightly-fxqsz-774976932, networkLocation: /default-rack, certSerialId: null}, Type:RATIS, Factor:ONE, State:OPEN]
2019-07-13 19:22:06,367 INFO  impl.RaftServerProxy (RaftServerProxy.java:addNew(89)) - 2bb5f45b-311d-4fce-af42-27d5f93d7f80: addNew group-F7F2CECDC02A:[2bb5f45b-311d-4fce-af42-27d5f93d7f80:192.168.69.122:44062, 5b3b3b2e-452c-4a37-b606-6e20ad3d9255:192.168.69.122:44671, edb20bde-d900-42bd-bbb7-2cc639063cbb:192.168.69.122:36362] returns group-F7F2CECDC02A:java.util.concurrent.CompletableFuture@6200390c[Not completed]
2019-07-13 19:22:06,367 INFO  impl.RaftServerProxy (RaftServerProxy.java:addNew(89)) - 5b3b3b2e-452c-4a37-b606-6e20ad3d9255: addNew group-F7F2CECDC02A:[2bb5f45b-311d-4fce-af42-27d5f93d7f80:192.168.69.122:44062, 5b3b3b2e-452c-4a37-b606-6e20ad3d9255:192.168.69.122:44671, edb20bde-d900-42bd-bbb7-2cc639063cbb:192.168.69.122:36362] returns group-F7F2CECDC02A:java.util.concurrent.CompletableFuture@34038b99[Not completed]
2019-07-13 19:22:06,367 INFO  impl.RaftServerProxy (RaftServerProxy.java:addNew(89)) - edb20bde-d900-42bd-bbb7-2cc639063cbb: addNew group-F7F2CECDC02A:[2bb5f45b-311d-4fce-af42-27d5f93d7f80:192.168.69.122:44062, 5b3b3b2e-452c-4a37-b606-6e20ad3d9255:192.168.69.122:44671, edb20bde-d900-42bd-bbb7-2cc639063cbb:192.168.69.122:36362] returns group-F7F2CECDC02A:java.util.concurrent.CompletableFuture@2d846224[Not completed]
2019-07-13 19:22:06,368 INFO  impl.RaftServerImpl (RaftServerImpl.java:<init>(93)) - 2bb5f45b-311d-4fce-af42-27d5f93d7f80: new RaftServerImpl for group-F7F2CECDC02A:[2bb5f45b-311d-4fce-af42-27d5f93d7f80:192.168.69.122:44062, 5b3b3b2e-452c-4a37-b606-6e20ad3d9255:192.168.69.122:44671, edb20bde-d900-42bd-bbb7-2cc639063cbb:192.168.69.122:36362] with ContainerStateMachine:uninitialized
2019-07-13 19:22:06,368 INFO  server.RaftServerConfigKeys (ConfUtils.java:logGet(43)) - raft.server.rpc.timeout.min = 5s (custom)
2019-07-13 19:22:06,368 INFO  server.RaftServerConfigKeys (ConfUtils.java:logGet(43)) - raft.server.rpc.timeout.max = 5200ms (custom)
2019-07-13 19:22:06,369 INFO  server.RaftServerConfigKeys (ConfUtils.java:logGet(43)) - raft.server.rpcslowness.timeout = 120s (custom)
2019-07-13 19:22:06,369 INFO  server.RaftServerConfigKeys (ConfUtils.java:logGet(43)) - raft.server.sleep.deviation.threshold = 300 (default)
2019-07-13 19:22:06,369 INFO  server.RaftServerConfigKeys (ConfUtils.java:logGet(43)) - raft.server.log.appender.install.snapshot.enabled = false (custom)
2019-07-13 19:22:06,369 INFO  impl.RaftServerImpl (RaftServerImpl.java:<init>(93)) - 5b3b3b2e-452c-4a37-b606-6e20ad3d9255: new RaftServerImpl for group-F7F2CECDC02A:[2bb5f45b-311d-4fce-af42-27d5f93d7f80:192.168.69.122:44062, 5b3b3b2e-452c-4a37-b606-6e20ad3d9255:192.168.69.122:44671, edb20bde-d900-42bd-bbb7-2cc639063cbb:192.168.69.122:36362] with ContainerStateMachine:uninitialized
2019-07-13 19:22:06,369 INFO  impl.RaftServerImpl (ServerState.java:<init>(105)) - 2bb5f45b-311d-4fce-af42-27d5f93d7f80:group-F7F2CECDC02A ConfigurationManager, init=-1: [2bb5f45b-311d-4fce-af42-27d5f93d7f80:192.168.69.122:44062, 5b3b3b2e-452c-4a37-b606-6e20ad3d9255:192.168.69.122:44671, edb20bde-d900-42bd-bbb7-2cc639063cbb:192.168.69.122:36362], old=null, confs=<EMPTY_MAP>
2019-07-13 19:22:06,369 INFO  server.RaftServerConfigKeys (ConfUtils.java:logGet(43)) - raft.server.rpc.timeout.min = 5s (custom)
2019-07-13 19:22:06,369 INFO  impl.RaftServerImpl (RaftServerImpl.java:<init>(93)) - edb20bde-d900-42bd-bbb7-2cc639063cbb: new RaftServerImpl for group-F7F2CECDC02A:[2bb5f45b-311d-4fce-af42-27d5f93d7f80:192.168.69.122:44062, 5b3b3b2e-452c-4a37-b606-6e20ad3d9255:192.168.69.122:44671, edb20bde-d900-42bd-bbb7-2cc639063cbb:192.168.69.122:36362] with ContainerStateMachine:uninitialized
2019-07-13 19:22:06,369 INFO  server.RaftServerConfigKeys (ConfUtils.java:logGet(43)) - raft.server.storage.dir = [/tmp/workdir/hadoop-ozone/integration-test/target/test-dir/MiniOzoneClusterImpl-8ac25ccc-f850-4385-b614-50e0998aea5d/datanode-0/data/ratis] (custom)
2019-07-13 19:22:06,370 INFO  server.RaftServerConfigKeys (ConfUtils.java:logGet(43)) - raft.server.rpc.timeout.min = 5s (custom)
2019-07-13 19:22:06,370 INFO  server.RaftServerConfigKeys (ConfUtils.java:logGet(43)) - raft.server.rpc.timeout.max = 5200ms (custom)
2019-07-13 19:22:06,369 INFO  server.RaftServerConfigKeys (ConfUtils.java:logGet(43)) - raft.server.rpc.timeout.max = 5200ms (custom)
2019-07-13 19:22:06,370 INFO  server.RaftServerConfigKeys (ConfUtils.java:logGet(43)) - raft.server.rpcslowness.timeout = 120s (custom)
2019-07-13 19:22:06,370 INFO  storage.RaftStorageDirectory (RaftStorageDirectory.java:analyzeStorage(246)) - The storage directory /tmp/workdir/hadoop-ozone/integration-test/target/test-dir/MiniOzoneClusterImpl-8ac25ccc-f850-4385-b614-50e0998aea5d/datanode-0/data/ratis/86cc287d-2517-445c-9718-f7f2cecdc02a does not exist. Creating ...
2019-07-13 19:22:06,370 INFO  server.RaftServerConfigKeys (ConfUtils.java:logGet(43)) - raft.server.sleep.deviation.threshold = 300 (default)
2019-07-13 19:22:06,371 INFO  server.RaftServerConfigKeys (ConfUtils.java:logGet(43)) - raft.server.log.appender.install.snapshot.enabled = false (custom)
2019-07-13 19:22:06,370 INFO  server.RaftServerConfigKeys (ConfUtils.java:logGet(43)) - raft.server.rpcslowness.timeout = 120s (custom)
2019-07-13 19:22:06,371 INFO  impl.RaftServerImpl (ServerState.java:<init>(105)) - edb20bde-d900-42bd-bbb7-2cc639063cbb:group-F7F2CECDC02A ConfigurationManager, init=-1: [2bb5f45b-311d-4fce-af42-27d5f93d7f80:192.168.69.122:44062, 5b3b3b2e-452c-4a37-b606-6e20ad3d9255:192.168.69.122:44671, edb20bde-d900-42bd-bbb7-2cc639063cbb:192.168.69.122:36362], old=null, confs=<EMPTY_MAP>
2019-07-13 19:22:06,371 INFO  server.RaftServerConfigKeys (ConfUtils.java:logGet(43)) - raft.server.sleep.deviation.threshold = 300 (default)
2019-07-13 19:22:06,371 INFO  server.RaftServerConfigKeys (ConfUtils.java:logGet(43)) - raft.server.storage.dir = [/tmp/workdir/hadoop-ozone/integration-test/target/test-dir/MiniOzoneClusterImpl-8ac25ccc-f850-4385-b614-50e0998aea5d/datanode-2/data/ratis] (custom)
2019-07-13 19:22:06,371 INFO  server.RaftServerConfigKeys (ConfUtils.java:logGet(43)) - raft.server.log.appender.install.snapshot.enabled = false (custom)
2019-07-13 19:22:06,372 INFO  impl.RaftServerImpl (ServerState.java:<init>(105)) - 5b3b3b2e-452c-4a37-b606-6e20ad3d9255:group-F7F2CECDC02A ConfigurationManager, init=-1: [2bb5f45b-311d-4fce-af42-27d5f93d7f80:192.168.69.122:44062, 5b3b3b2e-452c-4a37-b606-6e20ad3d9255:192.168.69.122:44671, edb20bde-d900-42bd-bbb7-2cc639063cbb:192.168.69.122:36362], old=null, confs=<EMPTY_MAP>
2019-07-13 19:22:06,372 INFO  storage.RaftStorageDirectory (RaftStorageDirectory.java:analyzeStorage(246)) - The storage directory /tmp/workdir/hadoop-ozone/integration-test/target/test-dir/MiniOzoneClusterImpl-8ac25ccc-f850-4385-b614-50e0998aea5d/datanode-2/data/ratis/86cc287d-2517-445c-9718-f7f2cecdc02a does not exist. Creating ...
2019-07-13 19:22:06,372 INFO  server.RaftServerConfigKeys (ConfUtils.java:logGet(43)) - raft.server.storage.dir = [/tmp/workdir/hadoop-ozone/integration-test/target/test-dir/MiniOzoneClusterImpl-8ac25ccc-f850-4385-b614-50e0998aea5d/datanode-1/data/ratis] (custom)
2019-07-13 19:22:06,372 INFO  storage.RaftStorageDirectory (RaftStorageDirectory.java:analyzeStorage(246)) - The storage directory /tmp/workdir/hadoop-ozone/integration-test/target/test-dir/MiniOzoneClusterImpl-8ac25ccc-f850-4385-b614-50e0998aea5d/datanode-1/data/ratis/86cc287d-2517-445c-9718-f7f2cecdc02a does not exist. Creating ...
2019-07-13 19:22:06,384 INFO  storage.RaftStorageDirectory (RaftStorageDirectory.java:tryLock(328)) - Lock on /tmp/workdir/hadoop-ozone/integration-test/target/test-dir/MiniOzoneClusterImpl-8ac25ccc-f850-4385-b614-50e0998aea5d/datanode-2/data/ratis/86cc287d-2517-445c-9718-f7f2cecdc02a/in_use.lock acquired by nodename 22884@trunk-nightly-fxqsz-774976932
2019-07-13 19:22:06,384 INFO  storage.RaftStorageDirectory (RaftStorageDirectory.java:tryLock(328)) - Lock on /tmp/workdir/hadoop-ozone/integration-test/target/test-dir/MiniOzoneClusterImpl-8ac25ccc-f850-4385-b614-50e0998aea5d/datanode-1/data/ratis/86cc287d-2517-445c-9718-f7f2cecdc02a/in_use.lock acquired by nodename 22884@trunk-nightly-fxqsz-774976932
2019-07-13 19:22:06,384 INFO  storage.RaftStorageDirectory (RaftStorageDirectory.java:tryLock(328)) - Lock on /tmp/workdir/hadoop-ozone/integration-test/target/test-dir/MiniOzoneClusterImpl-8ac25ccc-f850-4385-b614-50e0998aea5d/datanode-0/data/ratis/86cc287d-2517-445c-9718-f7f2cecdc02a/in_use.lock acquired by nodename 22884@trunk-nightly-fxqsz-774976932
2019-07-13 19:22:06,398 INFO  storage.RaftStorage (RaftStorage.java:format(72)) - Storage directory /tmp/workdir/hadoop-ozone/integration-test/target/test-dir/MiniOzoneClusterImpl-8ac25ccc-f850-4385-b614-50e0998aea5d/datanode-0/data/ratis/86cc287d-2517-445c-9718-f7f2cecdc02a has been successfully formatted.
2019-07-13 19:22:06,398 INFO  storage.RaftStorage (RaftStorage.java:format(72)) - Storage directory /tmp/workdir/hadoop-ozone/integration-test/target/test-dir/MiniOzoneClusterImpl-8ac25ccc-f850-4385-b614-50e0998aea5d/datanode-1/data/ratis/86cc287d-2517-445c-9718-f7f2cecdc02a has been successfully formatted.
2019-07-13 19:22:06,398 INFO  storage.RaftStorage (RaftStorage.java:format(72)) - Storage directory /tmp/workdir/hadoop-ozone/integration-test/target/test-dir/MiniOzoneClusterImpl-8ac25ccc-f850-4385-b614-50e0998aea5d/datanode-2/data/ratis/86cc287d-2517-445c-9718-f7f2cecdc02a has been successfully formatted.
2019-07-13 19:22:06,399 INFO  ratis.ContainerStateMachine (ContainerStateMachine.java:loadSnapshot(200)) - The snapshot info is null.Setting the last applied index to:(t:0, i:~)
2019-07-13 19:22:06,399 INFO  server.RaftServerConfigKeys (ConfUtils.java:logGet(43)) - raft.server.leader.election.timeout = 120s (custom)
2019-07-13 19:22:06,399 INFO  ratis.ContainerStateMachine (ContainerStateMachine.java:loadSnapshot(200)) - The snapshot info is null.Setting the last applied index to:(t:0, i:~)
2019-07-13 19:22:06,399 INFO  server.RaftServerConfigKeys (ConfUtils.java:logGet(43)) - raft.server.log.use.memory = false (default)
2019-07-13 19:22:06,399 INFO  ratis.ContainerStateMachine (ContainerStateMachine.java:loadSnapshot(200)) - The snapshot info is null.Setting the last applied index to:(t:0, i:~)
2019-07-13 19:22:06,400 INFO  server.RaftServerConfigKeys (ConfUtils.java:logGet(43)) - raft.server.log.purge.gap = 1000000000 (custom)
2019-07-13 19:22:06,399 INFO  server.RaftServerConfigKeys (ConfUtils.java:logGet(43)) - raft.server.leader.election.timeout = 120s (custom)
2019-07-13 19:22:06,400 INFO  server.RaftServerConfigKeys (ConfUtils.java:logGet(43)) - raft.server.log.appender.buffer.byte-limit = 33554432 (custom)
2019-07-13 19:22:06,400 INFO  server.RaftServerConfigKeys (ConfUtils.java:logGet(43)) - raft.server.leader.election.timeout = 120s (custom)
2019-07-13 19:22:06,400 INFO  server.RaftServerConfigKeys (ConfUtils.java:logGet(43)) - raft.server.log.segment.size.max = 1048576 (custom)
2019-07-13 19:22:06,401 INFO  server.RaftServerConfigKeys (ConfUtils.java:logGet(43)) - raft.server.log.segment.cache.num.max = 2 (custom)
2019-07-13 19:22:06,400 INFO  server.RaftServerConfigKeys (ConfUtils.java:logGet(43)) - raft.server.log.use.memory = false (default)
2019-07-13 19:22:06,401 INFO  segmented.SegmentedRaftLogWorker (SegmentedRaftLogWorker.java:<init>(172)) - new 5b3b3b2e-452c-4a37-b606-6e20ad3d9255-SegmentedRaftLogWorker:Storage Directory /tmp/workdir/hadoop-ozone/integration-test/target/test-dir/MiniOzoneClusterImpl-8ac25ccc-f850-4385-b614-50e0998aea5d/datanode-1/data/ratis/86cc287d-2517-445c-9718-f7f2cecdc02a for RaftStorage:Storage Directory /tmp/workdir/hadoop-ozone/integration-test/target/test-dir/MiniOzoneClusterImpl-8ac25ccc-f850-4385-b614-50e0998aea5d/datanode-1/data/ratis/86cc287d-2517-445c-9718-f7f2cecdc02a
2019-07-13 19:22:06,400 INFO  server.RaftServerConfigKeys (ConfUtils.java:logGet(43)) - raft.server.log.use.memory = false (default)
2019-07-13 19:22:06,401 INFO  server.RaftServerConfigKeys (ConfUtils.java:logGet(43)) - raft.server.log.queue.byte-limit = 2147483647 (custom)
2019-07-13 19:22:06,401 INFO  server.RaftServerConfigKeys (ConfUtils.java:logGet(43)) - raft.server.log.purge.gap = 1000000000 (custom)
2019-07-13 19:22:06,401 INFO  server.RaftServerConfigKeys (ConfUtils.java:logGet(43)) - raft.server.log.queue.element-limit = 1024 (custom)
2019-07-13 19:22:06,401 INFO  server.RaftServerConfigKeys (ConfUtils.java:logGet(43)) - raft.server.log.purge.gap = 1000000000 (custom)
2019-07-13 19:22:06,402 INFO  server.RaftServerConfigKeys (ConfUtils.java:logGet(43)) - raft.server.log.segment.size.max = 1048576 (custom)
2019-07-13 19:22:06,402 INFO  server.RaftServerConfigKeys (ConfUtils.java:logGet(43)) - raft.server.log.appender.buffer.byte-limit = 33554432 (custom)
2019-07-13 19:22:06,402 INFO  server.RaftServerConfigKeys (ConfUtils.java:logGet(43)) - raft.server.log.preallocated.size = 16384 (custom)
2019-07-13 19:22:06,402 INFO  server.RaftServerConfigKeys (ConfUtils.java:logGet(43)) - raft.server.log.appender.buffer.byte-limit = 33554432 (custom)
2019-07-13 19:22:06,402 INFO  server.RaftServerConfigKeys (ConfUtils.java:logGet(43)) - raft.server.log.write.buffer.size = 33554432 (custom)
2019-07-13 19:22:06,403 INFO  server.RaftServerConfigKeys (ConfUtils.java:logGet(43)) - raft.server.log.force.sync.num = 128 (default)
2019-07-13 19:22:06,402 INFO  server.RaftServerConfigKeys (ConfUtils.java:logGet(43)) - raft.server.log.segment.size.max = 1048576 (custom)
2019-07-13 19:22:06,403 INFO  server.RaftServerConfigKeys (ConfUtils.java:logGet(43)) - raft.server.log.statemachine.data.sync = true (default)
2019-07-13 19:22:06,403 INFO  server.RaftServerConfigKeys (ConfUtils.java:logGet(43)) - raft.server.log.statemachine.data.sync.timeout = 10s (default)
2019-07-13 19:22:06,403 INFO  server.RaftServerConfigKeys (ConfUtils.java:logGet(43)) - raft.server.log.segment.size.max = 1048576 (custom)
2019-07-13 19:22:06,403 INFO  server.RaftServerConfigKeys (ConfUtils.java:logGet(43)) - raft.server.log.statemachine.data.sync.timeout.retry = -1 (default)
2019-07-13 19:22:06,403 INFO  server.RaftServerConfigKeys (ConfUtils.java:logGet(43)) - raft.server.log.segment.cache.num.max = 2 (custom)
2019-07-13 19:22:06,404 INFO  server.RaftServerConfigKeys (ConfUtils.java:logGet(43)) - raft.server.log.statemachine.data.caching.enabled = true (custom)
2019-07-13 19:22:06,404 INFO  server.RaftServerConfigKeys (ConfUtils.java:logGet(43)) - raft.server.log.segment.cache.num.max = 2 (custom)
2019-07-13 19:22:06,404 INFO  segmented.SegmentedRaftLogWorker (SegmentedRaftLogWorker.java:<init>(172)) - new edb20bde-d900-42bd-bbb7-2cc639063cbb-SegmentedRaftLogWorker:Storage Directory /tmp/workdir/hadoop-ozone/integration-test/target/test-dir/MiniOzoneClusterImpl-8ac25ccc-f850-4385-b614-50e0998aea5d/datanode-2/data/ratis/86cc287d-2517-445c-9718-f7f2cecdc02a for RaftStorage:Storage Directory /tmp/workdir/hadoop-ozone/integration-test/target/test-dir/MiniOzoneClusterImpl-8ac25ccc-f850-4385-b614-50e0998aea5d/datanode-2/data/ratis/86cc287d-2517-445c-9718-f7f2cecdc02a
2019-07-13 19:22:06,404 INFO  segmented.SegmentedRaftLogWorker (SegmentedRaftLogWorker.java:<init>(172)) - new 2bb5f45b-311d-4fce-af42-27d5f93d7f80-SegmentedRaftLogWorker:Storage Directory /tmp/workdir/hadoop-ozone/integration-test/target/test-dir/MiniOzoneClusterImpl-8ac25ccc-f850-4385-b614-50e0998aea5d/datanode-0/data/ratis/86cc287d-2517-445c-9718-f7f2cecdc02a for RaftStorage:Storage Directory /tmp/workdir/hadoop-ozone/integration-test/target/test-dir/MiniOzoneClusterImpl-8ac25ccc-f850-4385-b614-50e0998aea5d/datanode-0/data/ratis/86cc287d-2517-445c-9718-f7f2cecdc02a
2019-07-13 19:22:06,404 INFO  server.RaftServerConfigKeys (ConfUtils.java:logGet(43)) - raft.server.log.queue.byte-limit = 2147483647 (custom)
2019-07-13 19:22:06,404 INFO  segmented.SegmentedRaftLogWorker (SegmentedRaftLogWorker.java:lambda$new$0(132)) - 5b3b3b2e-452c-4a37-b606-6e20ad3d9255-SegmentedRaftLogWorker:Storage Directory /tmp/workdir/hadoop-ozone/integration-test/target/test-dir/MiniOzoneClusterImpl-8ac25ccc-f850-4385-b614-50e0998aea5d/datanode-1/data/ratis/86cc287d-2517-445c-9718-f7f2cecdc02a: flushIndex: setUnconditionally 0 -> -1
2019-07-13 19:22:06,405 INFO  server.RaftServerConfigKeys (ConfUtils.java:logGet(43)) - raft.server.log.queue.element-limit = 1024 (custom)
2019-07-13 19:22:06,405 INFO  server.RaftServerConfigKeys (ConfUtils.java:logGet(43)) - raft.server.log.queue.byte-limit = 2147483647 (custom)
2019-07-13 19:22:06,405 INFO  server.RaftServerConfigKeys (ConfUtils.java:logGet(43)) - raft.server.snapshot.auto.trigger.enabled = true (custom)
2019-07-13 19:22:06,405 INFO  server.RaftServerConfigKeys (ConfUtils.java:logGet(43)) - raft.server.log.segment.size.max = 1048576 (custom)
2019-07-13 19:22:06,405 INFO  server.RaftServerConfigKeys (ConfUtils.java:logGet(43)) - raft.server.snapshot.auto.trigger.threshold = 10000 (custom)
2019-07-13 19:22:06,405 INFO  server.RaftServerConfigKeys (ConfUtils.java:logGet(43)) - raft.server.log.queue.element-limit = 1024 (custom)
2019-07-13 19:22:06,406 INFO  server.RaftServerConfigKeys (ConfUtils.java:logGet(43)) - raft.server.retrycache.expirytime = 600000ms (custom)
2019-07-13 19:22:06,406 INFO  server.RaftServerConfigKeys (ConfUtils.java:logGet(43)) - raft.server.log.preallocated.size = 16384 (custom)
2019-07-13 19:22:06,406 INFO  impl.RaftServerImpl (RaftServerImpl.java:start(180)) - 5b3b3b2e-452c-4a37-b606-6e20ad3d9255: start group-F7F2CECDC02A
2019-07-13 19:22:06,406 INFO  impl.RaftServerImpl (RaftServerImpl.java:setRole(171)) - 5b3b3b2e-452c-4a37-b606-6e20ad3d9255:group-F7F2CECDC02A changes role from null to FOLLOWER at term 0 for startAsFollower
2019-07-13 19:22:06,406 INFO  server.RaftServerConfigKeys (ConfUtils.java:logGet(43)) - raft.server.log.segment.size.max = 1048576 (custom)
2019-07-13 19:22:06,406 INFO  impl.RoleInfo (RoleInfo.java:updateAndGet(143)) - 5b3b3b2e-452c-4a37-b606-6e20ad3d9255: start FollowerState
2019-07-13 19:22:06,406 INFO  server.RaftServerConfigKeys (ConfUtils.java:logGet(43)) - raft.server.log.write.buffer.size = 33554432 (custom)
2019-07-13 19:22:06,407 INFO  server.RaftServerConfigKeys (ConfUtils.java:logGet(43)) - raft.server.log.force.sync.num = 128 (default)
2019-07-13 19:22:06,407 INFO  server.RaftServerConfigKeys (ConfUtils.java:logGet(43)) - raft.server.log.preallocated.size = 16384 (custom)
2019-07-13 19:22:06,407 INFO  util.JmxRegister (JmxRegister.java:tryRegister(44)) - Successfully registered JMX Bean with object name Ratis:service=RaftServer,group=group-F7F2CECDC02A,id=5b3b3b2e-452c-4a37-b606-6e20ad3d9255
2019-07-13 19:22:06,407 INFO  server.RaftServerConfigKeys (ConfUtils.java:logGet(43)) - raft.server.log.statemachine.data.sync = true (default)
2019-07-13 19:22:06,408 INFO  server.RaftServerConfigKeys (ConfUtils.java:logGet(43)) - raft.server.log.statemachine.data.sync.timeout = 10s (default)
2019-07-13 19:22:06,407 INFO  server.RaftServerConfigKeys (ConfUtils.java:logGet(43)) - raft.server.log.write.buffer.size = 33554432 (custom)
2019-07-13 19:22:06,408 INFO  server.RaftServerConfigKeys (ConfUtils.java:logGet(43)) - raft.server.log.statemachine.data.sync.timeout.retry = -1 (default)
2019-07-13 19:22:06,408 INFO  server.RaftServerConfigKeys (ConfUtils.java:logGet(43)) - raft.server.log.force.sync.num = 128 (default)
2019-07-13 19:22:06,408 INFO  server.RaftServerConfigKeys (ConfUtils.java:logGet(43)) - raft.server.log.statemachine.data.caching.enabled = true (custom)
2019-07-13 19:22:06,408 INFO  server.RaftServerConfigKeys (ConfUtils.java:logGet(43)) - raft.server.log.statemachine.data.sync = true (default)
2019-07-13 19:22:06,409 INFO  server.RaftServerConfigKeys (ConfUtils.java:logGet(43)) - raft.server.log.statemachine.data.sync.timeout = 10s (default)
2019-07-13 19:22:06,409 INFO  segmented.SegmentedRaftLogWorker (SegmentedRaftLogWorker.java:lambda$new$0(132)) - edb20bde-d900-42bd-bbb7-2cc639063cbb-SegmentedRaftLogWorker:Storage Directory /tmp/workdir/hadoop-ozone/integration-test/target/test-dir/MiniOzoneClusterImpl-8ac25ccc-f850-4385-b614-50e0998aea5d/datanode-2/data/ratis/86cc287d-2517-445c-9718-f7f2cecdc02a: flushIndex: setUnconditionally 0 -> -1
2019-07-13 19:22:06,409 INFO  server.RaftServerConfigKeys (ConfUtils.java:logGet(43)) - raft.server.log.statemachine.data.sync.timeout.retry = -1 (default)
2019-07-13 19:22:06,412 INFO  server.RaftServerConfigKeys (ConfUtils.java:logGet(43)) - raft.server.snapshot.auto.trigger.enabled = true (custom)
2019-07-13 19:22:06,412 INFO  server.RaftServerConfigKeys (ConfUtils.java:logGet(43)) - raft.server.log.statemachine.data.caching.enabled = true (custom)
2019-07-13 19:22:06,412 INFO  server.RaftServerConfigKeys (ConfUtils.java:logGet(43)) - raft.server.snapshot.auto.trigger.threshold = 10000 (custom)
2019-07-13 19:22:06,412 INFO  segmented.SegmentedRaftLogWorker (SegmentedRaftLogWorker.java:lambda$new$0(132)) - 2bb5f45b-311d-4fce-af42-27d5f93d7f80-SegmentedRaftLogWorker:Storage Directory /tmp/workdir/hadoop-ozone/integration-test/target/test-dir/MiniOzoneClusterImpl-8ac25ccc-f850-4385-b614-50e0998aea5d/datanode-0/data/ratis/86cc287d-2517-445c-9718-f7f2cecdc02a: flushIndex: setUnconditionally 0 -> -1
2019-07-13 19:22:06,412 INFO  server.RaftServerConfigKeys (ConfUtils.java:logGet(43)) - raft.server.retrycache.expirytime = 600000ms (custom)
2019-07-13 19:22:06,413 INFO  impl.RaftServerImpl (RaftServerImpl.java:start(180)) - edb20bde-d900-42bd-bbb7-2cc639063cbb: start group-F7F2CECDC02A
2019-07-13 19:22:06,413 INFO  server.RaftServerConfigKeys (ConfUtils.java:logGet(43)) - raft.server.snapshot.auto.trigger.enabled = true (custom)
2019-07-13 19:22:06,413 INFO  impl.RaftServerImpl (RaftServerImpl.java:setRole(171)) - edb20bde-d900-42bd-bbb7-2cc639063cbb:group-F7F2CECDC02A changes role from null to FOLLOWER at term 0 for startAsFollower
2019-07-13 19:22:06,413 INFO  server.RaftServerConfigKeys (ConfUtils.java:logGet(43)) - raft.server.snapshot.auto.trigger.threshold = 10000 (custom)
2019-07-13 19:22:06,413 INFO  impl.RoleInfo (RoleInfo.java:updateAndGet(143)) - edb20bde-d900-42bd-bbb7-2cc639063cbb: start FollowerState
2019-07-13 19:22:06,413 INFO  server.RaftServerConfigKeys (ConfUtils.java:logGet(43)) - raft.server.retrycache.expirytime = 600000ms (custom)
2019-07-13 19:22:06,414 INFO  impl.RaftServerImpl (RaftServerImpl.java:start(180)) - 2bb5f45b-311d-4fce-af42-27d5f93d7f80: start group-F7F2CECDC02A
2019-07-13 19:22:06,414 INFO  impl.RaftServerImpl (RaftServerImpl.java:setRole(171)) - 2bb5f45b-311d-4fce-af42-27d5f93d7f80:group-F7F2CECDC02A changes role from null to FOLLOWER at term 0 for startAsFollower
2019-07-13 19:22:06,414 INFO  impl.RoleInfo (RoleInfo.java:updateAndGet(143)) - 2bb5f45b-311d-4fce-af42-27d5f93d7f80: start FollowerState
2019-07-13 19:22:06,414 INFO  util.JmxRegister (JmxRegister.java:tryRegister(44)) - Successfully registered JMX Bean with object name Ratis:service=RaftServer,group=group-F7F2CECDC02A,id=edb20bde-d900-42bd-bbb7-2cc639063cbb
2019-07-13 19:22:06,414 INFO  util.JmxRegister (JmxRegister.java:tryRegister(44)) - Successfully registered JMX Bean with object name Ratis:service=RaftServer,group=group-F7F2CECDC02A,id=2bb5f45b-311d-4fce-af42-27d5f93d7f80
2019-07-13 19:22:06,427 INFO  pipeline.PipelineStateManager (PipelineStateManager.java:addPipeline(56)) - Created pipeline Pipeline[ Id: 86cc287d-2517-445c-9718-f7f2cecdc02a, Nodes: 5b3b3b2e-452c-4a37-b606-6e20ad3d9255{ip: 192.168.69.122, host: trunk-nightly-fxqsz-774976932, networkLocation: /default-rack, certSerialId: null}2bb5f45b-311d-4fce-af42-27d5f93d7f80{ip: 192.168.69.122, host: trunk-nightly-fxqsz-774976932, networkLocation: /default-rack, certSerialId: null}edb20bde-d900-42bd-bbb7-2cc639063cbb{ip: 192.168.69.122, host: trunk-nightly-fxqsz-774976932, networkLocation: /default-rack, certSerialId: null}, Type:RATIS, Factor:THREE, State:OPEN]
2019-07-13 19:22:06,455 INFO  node.SCMNodeManager (SCMNodeManager.java:register(269)) - Registered Data node : 365270af-ddf4-4d5a-b2ca-c5b76da69d60{ip: 192.168.69.122, host: trunk-nightly-fxqsz-774976932, networkLocation: /default-rack, certSerialId: null}
2019-07-13 19:22:06,465 INFO  impl.RaftServerProxy (RaftServerProxy.java:addNew(89)) - 365270af-ddf4-4d5a-b2ca-c5b76da69d60: addNew group-B05658A0AB30:[365270af-ddf4-4d5a-b2ca-c5b76da69d60:192.168.69.122:40671] returns group-B05658A0AB30:java.util.concurrent.CompletableFuture@4d0be274[Not completed]
2019-07-13 19:22:06,466 INFO  impl.RaftServerImpl (RaftServerImpl.java:<init>(93)) - 365270af-ddf4-4d5a-b2ca-c5b76da69d60: new RaftServerImpl for group-B05658A0AB30:[365270af-ddf4-4d5a-b2ca-c5b76da69d60:192.168.69.122:40671] with ContainerStateMachine:uninitialized
2019-07-13 19:22:06,466 INFO  server.RaftServerConfigKeys (ConfUtils.java:logGet(43)) - raft.server.rpc.timeout.min = 5s (custom)
2019-07-13 19:22:06,466 INFO  server.RaftServerConfigKeys (ConfUtils.java:logGet(43)) - raft.server.rpc.timeout.max = 5200ms (custom)
2019-07-13 19:22:06,466 INFO  server.RaftServerConfigKeys (ConfUtils.java:logGet(43)) - raft.server.rpcslowness.timeout = 120s (custom)
2019-07-13 19:22:06,466 INFO  server.RaftServerConfigKeys (ConfUtils.java:logGet(43)) - raft.server.sleep.deviation.threshold = 300 (default)
2019-07-13 19:22:06,467 INFO  server.RaftServerConfigKeys (ConfUtils.java:logGet(43)) - raft.server.log.appender.install.snapshot.enabled = false (custom)
2019-07-13 19:22:06,467 INFO  impl.RaftServerImpl (ServerState.java:<init>(105)) - 365270af-ddf4-4d5a-b2ca-c5b76da69d60:group-B05658A0AB30 ConfigurationManager, init=-1: [365270af-ddf4-4d5a-b2ca-c5b76da69d60:192.168.69.122:40671], old=null, confs=<EMPTY_MAP>
2019-07-13 19:22:06,467 INFO  server.RaftServerConfigKeys (ConfUtils.java:logGet(43)) - raft.server.storage.dir = [/tmp/workdir/hadoop-ozone/integration-test/target/test-dir/MiniOzoneClusterImpl-8ac25ccc-f850-4385-b614-50e0998aea5d/datanode-3/data/ratis] (custom)
2019-07-13 19:22:06,467 INFO  storage.RaftStorageDirectory (RaftStorageDirectory.java:analyzeStorage(246)) - The storage directory /tmp/workdir/hadoop-ozone/integration-test/target/test-dir/MiniOzoneClusterImpl-8ac25ccc-f850-4385-b614-50e0998aea5d/datanode-3/data/ratis/fbf194dc-ef4a-46e0-9253-b05658a0ab30 does not exist. Creating ...
2019-07-13 19:22:06,482 INFO  storage.RaftStorageDirectory (RaftStorageDirectory.java:tryLock(328)) - Lock on /tmp/workdir/hadoop-ozone/integration-test/target/test-dir/MiniOzoneClusterImpl-8ac25ccc-f850-4385-b614-50e0998aea5d/datanode-3/data/ratis/fbf194dc-ef4a-46e0-9253-b05658a0ab30/in_use.lock acquired by nodename 22884@trunk-nightly-fxqsz-774976932
2019-07-13 19:22:06,495 INFO  storage.RaftStorage (RaftStorage.java:format(72)) - Storage directory /tmp/workdir/hadoop-ozone/integration-test/target/test-dir/MiniOzoneClusterImpl-8ac25ccc-f850-4385-b614-50e0998aea5d/datanode-3/data/ratis/fbf194dc-ef4a-46e0-9253-b05658a0ab30 has been successfully formatted.
2019-07-13 19:22:06,495 INFO  ratis.ContainerStateMachine (ContainerStateMachine.java:loadSnapshot(200)) - The snapshot info is null.Setting the last applied index to:(t:0, i:~)
2019-07-13 19:22:06,495 INFO  server.RaftServerConfigKeys (ConfUtils.java:logGet(43)) - raft.server.leader.election.timeout = 120s (custom)
2019-07-13 19:22:06,496 INFO  server.RaftServerConfigKeys (ConfUtils.java:logGet(43)) - raft.server.log.use.memory = false (default)
2019-07-13 19:22:06,496 INFO  server.RaftServerConfigKeys (ConfUtils.java:logGet(43)) - raft.server.log.purge.gap = 1000000000 (custom)
2019-07-13 19:22:06,496 INFO  server.RaftServerConfigKeys (ConfUtils.java:logGet(43)) - raft.server.log.appender.buffer.byte-limit = 33554432 (custom)
2019-07-13 19:22:06,496 INFO  server.RaftServerConfigKeys (ConfUtils.java:logGet(43)) - raft.server.log.segment.size.max = 1048576 (custom)
2019-07-13 19:22:06,496 INFO  server.RaftServerConfigKeys (ConfUtils.java:logGet(43)) - raft.server.log.segment.cache.num.max = 2 (custom)
2019-07-13 19:22:06,496 INFO  segmented.SegmentedRaftLogWorker (SegmentedRaftLogWorker.java:<init>(172)) - new 365270af-ddf4-4d5a-b2ca-c5b76da69d60-SegmentedRaftLogWorker:Storage Directory /tmp/workdir/hadoop-ozone/integration-test/target/test-dir/MiniOzoneClusterImpl-8ac25ccc-f850-4385-b614-50e0998aea5d/datanode-3/data/ratis/fbf194dc-ef4a-46e0-9253-b05658a0ab30 for RaftStorage:Storage Directory /tmp/workdir/hadoop-ozone/integration-test/target/test-dir/MiniOzoneClusterImpl-8ac25ccc-f850-4385-b614-50e0998aea5d/datanode-3/data/ratis/fbf194dc-ef4a-46e0-9253-b05658a0ab30
2019-07-13 19:22:06,496 INFO  server.RaftServerConfigKeys (ConfUtils.java:logGet(43)) - raft.server.log.queue.byte-limit = 2147483647 (custom)
2019-07-13 19:22:06,496 INFO  server.RaftServerConfigKeys (ConfUtils.java:logGet(43)) - raft.server.log.queue.element-limit = 1024 (custom)
2019-07-13 19:22:06,497 INFO  server.RaftServerConfigKeys (ConfUtils.java:logGet(43)) - raft.server.log.segment.size.max = 1048576 (custom)
2019-07-13 19:22:06,497 INFO  server.RaftServerConfigKeys (ConfUtils.java:logGet(43)) - raft.server.log.preallocated.size = 16384 (custom)
2019-07-13 19:22:06,497 INFO  server.RaftServerConfigKeys (ConfUtils.java:logGet(43)) - raft.server.log.write.buffer.size = 33554432 (custom)
2019-07-13 19:22:06,497 INFO  server.RaftServerConfigKeys (ConfUtils.java:logGet(43)) - raft.server.log.force.sync.num = 128 (default)
2019-07-13 19:22:06,497 INFO  server.RaftServerConfigKeys (ConfUtils.java:logGet(43)) - raft.server.log.statemachine.data.sync = true (default)
2019-07-13 19:22:06,497 INFO  server.RaftServerConfigKeys (ConfUtils.java:logGet(43)) - raft.server.log.statemachine.data.sync.timeout = 10s (default)
2019-07-13 19:22:06,498 INFO  server.RaftServerConfigKeys (ConfUtils.java:logGet(43)) - raft.server.log.statemachine.data.sync.timeout.retry = -1 (default)
2019-07-13 19:22:06,498 INFO  server.RaftServerConfigKeys (ConfUtils.java:logGet(43)) - raft.server.log.statemachine.data.caching.enabled = true (custom)
2019-07-13 19:22:06,498 INFO  segmented.SegmentedRaftLogWorker (SegmentedRaftLogWorker.java:lambda$new$0(132)) - 365270af-ddf4-4d5a-b2ca-c5b76da69d60-SegmentedRaftLogWorker:Storage Directory /tmp/workdir/hadoop-ozone/integration-test/target/test-dir/MiniOzoneClusterImpl-8ac25ccc-f850-4385-b614-50e0998aea5d/datanode-3/data/ratis/fbf194dc-ef4a-46e0-9253-b05658a0ab30: flushIndex: setUnconditionally 0 -> -1
2019-07-13 19:22:06,498 INFO  server.RaftServerConfigKeys (ConfUtils.java:logGet(43)) - raft.server.snapshot.auto.trigger.enabled = true (custom)
2019-07-13 19:22:06,499 INFO  server.RaftServerConfigKeys (ConfUtils.java:logGet(43)) - raft.server.snapshot.auto.trigger.threshold = 10000 (custom)
2019-07-13 19:22:06,499 INFO  server.RaftServerConfigKeys (ConfUtils.java:logGet(43)) - raft.server.retrycache.expirytime = 600000ms (custom)
2019-07-13 19:22:06,499 INFO  impl.RaftServerImpl (RaftServerImpl.java:start(180)) - 365270af-ddf4-4d5a-b2ca-c5b76da69d60: start group-B05658A0AB30
2019-07-13 19:22:06,499 INFO  impl.RaftServerImpl (RaftServerImpl.java:setRole(171)) - 365270af-ddf4-4d5a-b2ca-c5b76da69d60:group-B05658A0AB30 changes role from null to FOLLOWER at term 0 for startAsFollower
2019-07-13 19:22:06,499 INFO  impl.RoleInfo (RoleInfo.java:updateAndGet(143)) - 365270af-ddf4-4d5a-b2ca-c5b76da69d60: start FollowerState
2019-07-13 19:22:06,500 INFO  util.JmxRegister (JmxRegister.java:tryRegister(44)) - Successfully registered JMX Bean with object name Ratis:service=RaftServer,group=group-B05658A0AB30,id=365270af-ddf4-4d5a-b2ca-c5b76da69d60
2019-07-13 19:22:06,504 INFO  pipeline.PipelineStateManager (PipelineStateManager.java:addPipeline(56)) - Created pipeline Pipeline[ Id: fbf194dc-ef4a-46e0-9253-b05658a0ab30, Nodes: 365270af-ddf4-4d5a-b2ca-c5b76da69d60{ip: 192.168.69.122, host: trunk-nightly-fxqsz-774976932, networkLocation: /default-rack, certSerialId: null}, Type:RATIS, Factor:ONE, State:OPEN]
2019-07-13 19:22:06,620 INFO  node.SCMNodeManager (SCMNodeManager.java:register(269)) - Registered Data node : 6c79c513-1c27-44fa-9506-e7c2c2929bbe{ip: 192.168.69.122, host: trunk-nightly-fxqsz-774976932, networkLocation: /default-rack, certSerialId: null}
2019-07-13 19:22:06,634 INFO  impl.RaftServerProxy (RaftServerProxy.java:addNew(89)) - 6c79c513-1c27-44fa-9506-e7c2c2929bbe: addNew group-BABAF7AF4F4F:[6c79c513-1c27-44fa-9506-e7c2c2929bbe:192.168.69.122:35100] returns group-BABAF7AF4F4F:java.util.concurrent.CompletableFuture@3c561d8a[Not completed]
2019-07-13 19:22:06,635 INFO  impl.RaftServerImpl (RaftServerImpl.java:<init>(93)) - 6c79c513-1c27-44fa-9506-e7c2c2929bbe: new RaftServerImpl for group-BABAF7AF4F4F:[6c79c513-1c27-44fa-9506-e7c2c2929bbe:192.168.69.122:35100] with ContainerStateMachine:uninitialized
2019-07-13 19:22:06,635 INFO  server.RaftServerConfigKeys (ConfUtils.java:logGet(43)) - raft.server.rpc.timeout.min = 5s (custom)
2019-07-13 19:22:06,635 INFO  server.RaftServerConfigKeys (ConfUtils.java:logGet(43)) - raft.server.rpc.timeout.max = 5200ms (custom)
2019-07-13 19:22:06,635 INFO  server.RaftServerConfigKeys (ConfUtils.java:logGet(43)) - raft.server.rpcslowness.timeout = 120s (custom)
2019-07-13 19:22:06,635 INFO  server.RaftServerConfigKeys (ConfUtils.java:logGet(43)) - raft.server.sleep.deviation.threshold = 300 (default)
2019-07-13 19:22:06,636 INFO  server.RaftServerConfigKeys (ConfUtils.java:logGet(43)) - raft.server.log.appender.install.snapshot.enabled = false (custom)
2019-07-13 19:22:06,636 INFO  impl.RaftServerImpl (ServerState.java:<init>(105)) - 6c79c513-1c27-44fa-9506-e7c2c2929bbe:group-BABAF7AF4F4F ConfigurationManager, init=-1: [6c79c513-1c27-44fa-9506-e7c2c2929bbe:192.168.69.122:35100], old=null, confs=<EMPTY_MAP>
2019-07-13 19:22:06,636 INFO  server.RaftServerConfigKeys (ConfUtils.java:logGet(43)) - raft.server.storage.dir = [/tmp/workdir/hadoop-ozone/integration-test/target/test-dir/MiniOzoneClusterImpl-8ac25ccc-f850-4385-b614-50e0998aea5d/datanode-4/data/ratis] (custom)
2019-07-13 19:22:06,636 INFO  storage.RaftStorageDirectory (RaftStorageDirectory.java:analyzeStorage(246)) - The storage directory /tmp/workdir/hadoop-ozone/integration-test/target/test-dir/MiniOzoneClusterImpl-8ac25ccc-f850-4385-b614-50e0998aea5d/datanode-4/data/ratis/c265c783-c142-4b8d-8a6b-babaf7af4f4f does not exist. Creating ...
2019-07-13 19:22:06,643 INFO  storage.RaftStorageDirectory (RaftStorageDirectory.java:tryLock(328)) - Lock on /tmp/workdir/hadoop-ozone/integration-test/target/test-dir/MiniOzoneClusterImpl-8ac25ccc-f850-4385-b614-50e0998aea5d/datanode-4/data/ratis/c265c783-c142-4b8d-8a6b-babaf7af4f4f/in_use.lock acquired by nodename 22884@trunk-nightly-fxqsz-774976932
2019-07-13 19:22:06,657 INFO  storage.RaftStorage (RaftStorage.java:format(72)) - Storage directory /tmp/workdir/hadoop-ozone/integration-test/target/test-dir/MiniOzoneClusterImpl-8ac25ccc-f850-4385-b614-50e0998aea5d/datanode-4/data/ratis/c265c783-c142-4b8d-8a6b-babaf7af4f4f has been successfully formatted.
2019-07-13 19:22:06,657 INFO  ratis.ContainerStateMachine (ContainerStateMachine.java:loadSnapshot(200)) - The snapshot info is null.Setting the last applied index to:(t:0, i:~)
2019-07-13 19:22:06,657 INFO  server.RaftServerConfigKeys (ConfUtils.java:logGet(43)) - raft.server.leader.election.timeout = 120s (custom)
2019-07-13 19:22:06,657 INFO  server.RaftServerConfigKeys (ConfUtils.java:logGet(43)) - raft.server.log.use.memory = false (default)
2019-07-13 19:22:06,658 INFO  server.RaftServerConfigKeys (ConfUtils.java:logGet(43)) - raft.server.log.purge.gap = 1000000000 (custom)
2019-07-13 19:22:06,658 INFO  server.RaftServerConfigKeys (ConfUtils.java:logGet(43)) - raft.server.log.appender.buffer.byte-limit = 33554432 (custom)
2019-07-13 19:22:06,658 INFO  server.RaftServerConfigKeys (ConfUtils.java:logGet(43)) - raft.server.log.segment.size.max = 1048576 (custom)
2019-07-13 19:22:06,658 INFO  server.RaftServerConfigKeys (ConfUtils.java:logGet(43)) - raft.server.log.segment.cache.num.max = 2 (custom)
2019-07-13 19:22:06,658 INFO  segmented.SegmentedRaftLogWorker (SegmentedRaftLogWorker.java:<init>(172)) - new 6c79c513-1c27-44fa-9506-e7c2c2929bbe-SegmentedRaftLogWorker:Storage Directory /tmp/workdir/hadoop-ozone/integration-test/target/test-dir/MiniOzoneClusterImpl-8ac25ccc-f850-4385-b614-50e0998aea5d/datanode-4/data/ratis/c265c783-c142-4b8d-8a6b-babaf7af4f4f for RaftStorage:Storage Directory /tmp/workdir/hadoop-ozone/integration-test/target/test-dir/MiniOzoneClusterImpl-8ac25ccc-f850-4385-b614-50e0998aea5d/datanode-4/data/ratis/c265c783-c142-4b8d-8a6b-babaf7af4f4f
2019-07-13 19:22:06,658 INFO  server.RaftServerConfigKeys (ConfUtils.java:logGet(43)) - raft.server.log.queue.byte-limit = 2147483647 (custom)
2019-07-13 19:22:06,659 INFO  server.RaftServerConfigKeys (ConfUtils.java:logGet(43)) - raft.server.log.queue.element-limit = 1024 (custom)
2019-07-13 19:22:06,659 INFO  server.RaftServerConfigKeys (ConfUtils.java:logGet(43)) - raft.server.log.segment.size.max = 1048576 (custom)
2019-07-13 19:22:06,659 INFO  server.RaftServerConfigKeys (ConfUtils.java:logGet(43)) - raft.server.log.preallocated.size = 16384 (custom)
2019-07-13 19:22:06,659 INFO  server.RaftServerConfigKeys (ConfUtils.java:logGet(43)) - raft.server.log.write.buffer.size = 33554432 (custom)
2019-07-13 19:22:06,659 INFO  server.RaftServerConfigKeys (ConfUtils.java:logGet(43)) - raft.server.log.force.sync.num = 128 (default)
2019-07-13 19:22:06,659 INFO  server.RaftServerConfigKeys (ConfUtils.java:logGet(43)) - raft.server.log.statemachine.data.sync = true (default)
2019-07-13 19:22:06,660 INFO  server.RaftServerConfigKeys (ConfUtils.java:logGet(43)) - raft.server.log.statemachine.data.sync.timeout = 10s (default)
2019-07-13 19:22:06,660 INFO  server.RaftServerConfigKeys (ConfUtils.java:logGet(43)) - raft.server.log.statemachine.data.sync.timeout.retry = -1 (default)
2019-07-13 19:22:06,660 INFO  server.RaftServerConfigKeys (ConfUtils.java:logGet(43)) - raft.server.log.statemachine.data.caching.enabled = true (custom)
2019-07-13 19:22:06,660 INFO  segmented.SegmentedRaftLogWorker (SegmentedRaftLogWorker.java:lambda$new$0(132)) - 6c79c513-1c27-44fa-9506-e7c2c2929bbe-SegmentedRaftLogWorker:Storage Directory /tmp/workdir/hadoop-ozone/integration-test/target/test-dir/MiniOzoneClusterImpl-8ac25ccc-f850-4385-b614-50e0998aea5d/datanode-4/data/ratis/c265c783-c142-4b8d-8a6b-babaf7af4f4f: flushIndex: setUnconditionally 0 -> -1
2019-07-13 19:22:06,661 INFO  server.RaftServerConfigKeys (ConfUtils.java:logGet(43)) - raft.server.snapshot.auto.trigger.enabled = true (custom)
2019-07-13 19:22:06,661 INFO  server.RaftServerConfigKeys (ConfUtils.java:logGet(43)) - raft.server.snapshot.auto.trigger.threshold = 10000 (custom)
2019-07-13 19:22:06,661 INFO  server.RaftServerConfigKeys (ConfUtils.java:logGet(43)) - raft.server.retrycache.expirytime = 600000ms (custom)
2019-07-13 19:22:06,661 INFO  impl.RaftServerImpl (RaftServerImpl.java:start(180)) - 6c79c513-1c27-44fa-9506-e7c2c2929bbe: start group-BABAF7AF4F4F
2019-07-13 19:22:06,661 INFO  impl.RaftServerImpl (RaftServerImpl.java:setRole(171)) - 6c79c513-1c27-44fa-9506-e7c2c2929bbe:group-BABAF7AF4F4F changes role from null to FOLLOWER at term 0 for startAsFollower
2019-07-13 19:22:06,662 INFO  impl.RoleInfo (RoleInfo.java:updateAndGet(143)) - 6c79c513-1c27-44fa-9506-e7c2c2929bbe: start FollowerState
2019-07-13 19:22:06,662 INFO  util.JmxRegister (JmxRegister.java:tryRegister(44)) - Successfully registered JMX Bean with object name Ratis:service=RaftServer,group=group-BABAF7AF4F4F,id=6c79c513-1c27-44fa-9506-e7c2c2929bbe
2019-07-13 19:22:06,667 INFO  pipeline.PipelineStateManager (PipelineStateManager.java:addPipeline(56)) - Created pipeline Pipeline[ Id: c265c783-c142-4b8d-8a6b-babaf7af4f4f, Nodes: 6c79c513-1c27-44fa-9506-e7c2c2929bbe{ip: 192.168.69.122, host: trunk-nightly-fxqsz-774976932, networkLocation: /default-rack, certSerialId: null}, Type:RATIS, Factor:ONE, State:OPEN]
2019-07-13 19:22:06,784 INFO  node.SCMNodeManager (SCMNodeManager.java:register(269)) - Registered Data node : 8bda1305-bea0-4fb6-bdb4-bce9e83556a4{ip: 192.168.69.122, host: trunk-nightly-fxqsz-774976932, networkLocation: /default-rack, certSerialId: null}
2019-07-13 19:22:06,794 INFO  impl.RaftServerProxy (RaftServerProxy.java:addNew(89)) - 8bda1305-bea0-4fb6-bdb4-bce9e83556a4: addNew group-EA83358CC07B:[8bda1305-bea0-4fb6-bdb4-bce9e83556a4:192.168.69.122:41981] returns group-EA83358CC07B:java.util.concurrent.CompletableFuture@3917ce25[Not completed]
2019-07-13 19:22:06,796 INFO  impl.RaftServerImpl (RaftServerImpl.java:<init>(93)) - 8bda1305-bea0-4fb6-bdb4-bce9e83556a4: new RaftServerImpl for group-EA83358CC07B:[8bda1305-bea0-4fb6-bdb4-bce9e83556a4:192.168.69.122:41981] with ContainerStateMachine:uninitialized
2019-07-13 19:22:06,796 INFO  server.RaftServerConfigKeys (ConfUtils.java:logGet(43)) - raft.server.rpc.timeout.min = 5s (custom)
2019-07-13 19:22:06,796 INFO  server.RaftServerConfigKeys (ConfUtils.java:logGet(43)) - raft.server.rpc.timeout.max = 5200ms (custom)
2019-07-13 19:22:06,796 INFO  server.RaftServerConfigKeys (ConfUtils.java:logGet(43)) - raft.server.rpcslowness.timeout = 120s (custom)
2019-07-13 19:22:06,796 INFO  server.RaftServerConfigKeys (ConfUtils.java:logGet(43)) - raft.server.sleep.deviation.threshold = 300 (default)
2019-07-13 19:22:06,797 INFO  server.RaftServerConfigKeys (ConfUtils.java:logGet(43)) - raft.server.log.appender.install.snapshot.enabled = false (custom)
2019-07-13 19:22:06,797 INFO  impl.RaftServerImpl (ServerState.java:<init>(105)) - 8bda1305-bea0-4fb6-bdb4-bce9e83556a4:group-EA83358CC07B ConfigurationManager, init=-1: [8bda1305-bea0-4fb6-bdb4-bce9e83556a4:192.168.69.122:41981], old=null, confs=<EMPTY_MAP>
2019-07-13 19:22:06,797 INFO  server.RaftServerConfigKeys (ConfUtils.java:logGet(43)) - raft.server.storage.dir = [/tmp/workdir/hadoop-ozone/integration-test/target/test-dir/MiniOzoneClusterImpl-8ac25ccc-f850-4385-b614-50e0998aea5d/datanode-5/data/ratis] (custom)
2019-07-13 19:22:06,797 INFO  storage.RaftStorageDirectory (RaftStorageDirectory.java:analyzeStorage(246)) - The storage directory /tmp/workdir/hadoop-ozone/integration-test/target/test-dir/MiniOzoneClusterImpl-8ac25ccc-f850-4385-b614-50e0998aea5d/datanode-5/data/ratis/eabef16c-e699-47c0-a31d-ea83358cc07b does not exist. Creating ...
2019-07-13 19:22:06,810 INFO  storage.RaftStorageDirectory (RaftStorageDirectory.java:tryLock(328)) - Lock on /tmp/workdir/hadoop-ozone/integration-test/target/test-dir/MiniOzoneClusterImpl-8ac25ccc-f850-4385-b614-50e0998aea5d/datanode-5/data/ratis/eabef16c-e699-47c0-a31d-ea83358cc07b/in_use.lock acquired by nodename 22884@trunk-nightly-fxqsz-774976932
2019-07-13 19:22:06,824 INFO  storage.RaftStorage (RaftStorage.java:format(72)) - Storage directory /tmp/workdir/hadoop-ozone/integration-test/target/test-dir/MiniOzoneClusterImpl-8ac25ccc-f850-4385-b614-50e0998aea5d/datanode-5/data/ratis/eabef16c-e699-47c0-a31d-ea83358cc07b has been successfully formatted.
2019-07-13 19:22:06,824 INFO  ratis.ContainerStateMachine (ContainerStateMachine.java:loadSnapshot(200)) - The snapshot info is null.Setting the last applied index to:(t:0, i:~)
2019-07-13 19:22:06,824 INFO  server.RaftServerConfigKeys (ConfUtils.java:logGet(43)) - raft.server.leader.election.timeout = 120s (custom)
2019-07-13 19:22:06,824 INFO  server.RaftServerConfigKeys (ConfUtils.java:logGet(43)) - raft.server.log.use.memory = false (default)
2019-07-13 19:22:06,824 INFO  server.RaftServerConfigKeys (ConfUtils.java:logGet(43)) - raft.server.log.purge.gap = 1000000000 (custom)
2019-07-13 19:22:06,825 INFO  server.RaftServerConfigKeys (ConfUtils.java:logGet(43)) - raft.server.log.appender.buffer.byte-limit = 33554432 (custom)
2019-07-13 19:22:06,825 INFO  server.RaftServerConfigKeys (ConfUtils.java:logGet(43)) - raft.server.log.segment.size.max = 1048576 (custom)
2019-07-13 19:22:06,825 INFO  server.RaftServerConfigKeys (ConfUtils.java:logGet(43)) - raft.server.log.segment.cache.num.max = 2 (custom)
2019-07-13 19:22:06,825 INFO  segmented.SegmentedRaftLogWorker (SegmentedRaftLogWorker.java:<init>(172)) - new 8bda1305-bea0-4fb6-bdb4-bce9e83556a4-SegmentedRaftLogWorker:Storage Directory /tmp/workdir/hadoop-ozone/integration-test/target/test-dir/MiniOzoneClusterImpl-8ac25ccc-f850-4385-b614-50e0998aea5d/datanode-5/data/ratis/eabef16c-e699-47c0-a31d-ea83358cc07b for RaftStorage:Storage Directory /tmp/workdir/hadoop-ozone/integration-test/target/test-dir/MiniOzoneClusterImpl-8ac25ccc-f850-4385-b614-50e0998aea5d/datanode-5/data/ratis/eabef16c-e699-47c0-a31d-ea83358cc07b
2019-07-13 19:22:06,825 INFO  server.RaftServerConfigKeys (ConfUtils.java:logGet(43)) - raft.server.log.queue.byte-limit = 2147483647 (custom)
2019-07-13 19:22:06,825 INFO  server.RaftServerConfigKeys (ConfUtils.java:logGet(43)) - raft.server.log.queue.element-limit = 1024 (custom)
2019-07-13 19:22:06,826 INFO  server.RaftServerConfigKeys (ConfUtils.java:logGet(43)) - raft.server.log.segment.size.max = 1048576 (custom)
2019-07-13 19:22:06,826 INFO  server.RaftServerConfigKeys (ConfUtils.java:logGet(43)) - raft.server.log.preallocated.size = 16384 (custom)
2019-07-13 19:22:06,826 INFO  server.RaftServerConfigKeys (ConfUtils.java:logGet(43)) - raft.server.log.write.buffer.size = 33554432 (custom)
2019-07-13 19:22:06,826 INFO  server.RaftServerConfigKeys (ConfUtils.java:logGet(43)) - raft.server.log.force.sync.num = 128 (default)
2019-07-13 19:22:06,826 INFO  server.RaftServerConfigKeys (ConfUtils.java:logGet(43)) - raft.server.log.statemachine.data.sync = true (default)
2019-07-13 19:22:06,826 INFO  server.RaftServerConfigKeys (ConfUtils.java:logGet(43)) - raft.server.log.statemachine.data.sync.timeout = 10s (default)
2019-07-13 19:22:06,827 INFO  server.RaftServerConfigKeys (ConfUtils.java:logGet(43)) - raft.server.log.statemachine.data.sync.timeout.retry = -1 (default)
2019-07-13 19:22:06,827 INFO  server.RaftServerConfigKeys (ConfUtils.java:logGet(43)) - raft.server.log.statemachine.data.caching.enabled = true (custom)
2019-07-13 19:22:06,827 INFO  segmented.SegmentedRaftLogWorker (SegmentedRaftLogWorker.java:lambda$new$0(132)) - 8bda1305-bea0-4fb6-bdb4-bce9e83556a4-SegmentedRaftLogWorker:Storage Directory /tmp/workdir/hadoop-ozone/integration-test/target/test-dir/MiniOzoneClusterImpl-8ac25ccc-f850-4385-b614-50e0998aea5d/datanode-5/data/ratis/eabef16c-e699-47c0-a31d-ea83358cc07b: flushIndex: setUnconditionally 0 -> -1
2019-07-13 19:22:06,828 INFO  server.RaftServerConfigKeys (ConfUtils.java:logGet(43)) - raft.server.snapshot.auto.trigger.enabled = true (custom)
2019-07-13 19:22:06,828 INFO  server.RaftServerConfigKeys (ConfUtils.java:logGet(43)) - raft.server.snapshot.auto.trigger.threshold = 10000 (custom)
2019-07-13 19:22:06,828 INFO  server.RaftServerConfigKeys (ConfUtils.java:logGet(43)) - raft.server.retrycache.expirytime = 600000ms (custom)
2019-07-13 19:22:06,828 INFO  impl.RaftServerImpl (RaftServerImpl.java:start(180)) - 8bda1305-bea0-4fb6-bdb4-bce9e83556a4: start group-EA83358CC07B
2019-07-13 19:22:06,828 INFO  impl.RaftServerImpl (RaftServerImpl.java:setRole(171)) - 8bda1305-bea0-4fb6-bdb4-bce9e83556a4:group-EA83358CC07B changes role from null to FOLLOWER at term 0 for startAsFollower
2019-07-13 19:22:06,828 INFO  impl.RoleInfo (RoleInfo.java:updateAndGet(143)) - 8bda1305-bea0-4fb6-bdb4-bce9e83556a4: start FollowerState
2019-07-13 19:22:06,829 INFO  util.JmxRegister (JmxRegister.java:tryRegister(44)) - Successfully registered JMX Bean with object name Ratis:service=RaftServer,group=group-EA83358CC07B,id=8bda1305-bea0-4fb6-bdb4-bce9e83556a4
2019-07-13 19:22:06,834 INFO  pipeline.PipelineStateManager (PipelineStateManager.java:addPipeline(56)) - Created pipeline Pipeline[ Id: eabef16c-e699-47c0-a31d-ea83358cc07b, Nodes: 8bda1305-bea0-4fb6-bdb4-bce9e83556a4{ip: 192.168.69.122, host: trunk-nightly-fxqsz-774976932, networkLocation: /default-rack, certSerialId: null}, Type:RATIS, Factor:ONE, State:OPEN]
2019-07-13 19:22:06,847 INFO  impl.RaftServerProxy (RaftServerProxy.java:addNew(89)) - 365270af-ddf4-4d5a-b2ca-c5b76da69d60: addNew group-0ECE2354CA0D:[6c79c513-1c27-44fa-9506-e7c2c2929bbe:192.168.69.122:35100, 365270af-ddf4-4d5a-b2ca-c5b76da69d60:192.168.69.122:40671, 8bda1305-bea0-4fb6-bdb4-bce9e83556a4:192.168.69.122:41981] returns group-0ECE2354CA0D:java.util.concurrent.CompletableFuture@2bd015d2[Not completed]
2019-07-13 19:22:06,847 INFO  impl.RaftServerProxy (RaftServerProxy.java:addNew(89)) - 8bda1305-bea0-4fb6-bdb4-bce9e83556a4: addNew group-0ECE2354CA0D:[6c79c513-1c27-44fa-9506-e7c2c2929bbe:192.168.69.122:35100, 365270af-ddf4-4d5a-b2ca-c5b76da69d60:192.168.69.122:40671, 8bda1305-bea0-4fb6-bdb4-bce9e83556a4:192.168.69.122:41981] returns group-0ECE2354CA0D:java.util.concurrent.CompletableFuture@793085a2[Not completed]
2019-07-13 19:22:06,847 INFO  impl.RaftServerProxy (RaftServerProxy.java:addNew(89)) - 6c79c513-1c27-44fa-9506-e7c2c2929bbe: addNew group-0ECE2354CA0D:[6c79c513-1c27-44fa-9506-e7c2c2929bbe:192.168.69.122:35100, 365270af-ddf4-4d5a-b2ca-c5b76da69d60:192.168.69.122:40671, 8bda1305-bea0-4fb6-bdb4-bce9e83556a4:192.168.69.122:41981] returns group-0ECE2354CA0D:java.util.concurrent.CompletableFuture@50b96d17[Not completed]
2019-07-13 19:22:06,848 INFO  impl.RaftServerImpl (RaftServerImpl.java:<init>(93)) - 8bda1305-bea0-4fb6-bdb4-bce9e83556a4: new RaftServerImpl for group-0ECE2354CA0D:[6c79c513-1c27-44fa-9506-e7c2c2929bbe:192.168.69.122:35100, 365270af-ddf4-4d5a-b2ca-c5b76da69d60:192.168.69.122:40671, 8bda1305-bea0-4fb6-bdb4-bce9e83556a4:192.168.69.122:41981] with ContainerStateMachine:uninitialized
2019-07-13 19:22:06,848 INFO  server.RaftServerConfigKeys (ConfUtils.java:logGet(43)) - raft.server.rpc.timeout.min = 5s (custom)
2019-07-13 19:22:06,849 INFO  server.RaftServerConfigKeys (ConfUtils.java:logGet(43)) - raft.server.rpc.timeout.max = 5200ms (custom)
2019-07-13 19:22:06,849 INFO  server.RaftServerConfigKeys (ConfUtils.java:logGet(43)) - raft.server.rpcslowness.timeout = 120s (custom)
2019-07-13 19:22:06,849 INFO  impl.RaftServerImpl (RaftServerImpl.java:<init>(93)) - 365270af-ddf4-4d5a-b2ca-c5b76da69d60: new RaftServerImpl for group-0ECE2354CA0D:[6c79c513-1c27-44fa-9506-e7c2c2929bbe:192.168.69.122:35100, 365270af-ddf4-4d5a-b2ca-c5b76da69d60:192.168.69.122:40671, 8bda1305-bea0-4fb6-bdb4-bce9e83556a4:192.168.69.122:41981] with ContainerStateMachine:uninitialized
2019-07-13 19:22:06,849 INFO  server.RaftServerConfigKeys (ConfUtils.java:logGet(43)) - raft.server.sleep.deviation.threshold = 300 (default)
2019-07-13 19:22:06,849 INFO  server.RaftServerConfigKeys (ConfUtils.java:logGet(43)) - raft.server.rpc.timeout.min = 5s (custom)
2019-07-13 19:22:06,849 INFO  server.RaftServerConfigKeys (ConfUtils.java:logGet(43)) - raft.server.log.appender.install.snapshot.enabled = false (custom)
2019-07-13 19:22:06,849 INFO  impl.RaftServerImpl (RaftServerImpl.java:<init>(93)) - 6c79c513-1c27-44fa-9506-e7c2c2929bbe: new RaftServerImpl for group-0ECE2354CA0D:[6c79c513-1c27-44fa-9506-e7c2c2929bbe:192.168.69.122:35100, 365270af-ddf4-4d5a-b2ca-c5b76da69d60:192.168.69.122:40671, 8bda1305-bea0-4fb6-bdb4-bce9e83556a4:192.168.69.122:41981] with ContainerStateMachine:uninitialized
2019-07-13 19:22:06,849 INFO  server.RaftServerConfigKeys (ConfUtils.java:logGet(43)) - raft.server.rpc.timeout.max = 5200ms (custom)
2019-07-13 19:22:06,850 INFO  server.RaftServerConfigKeys (ConfUtils.java:logGet(43)) - raft.server.rpc.timeout.min = 5s (custom)
2019-07-13 19:22:06,850 INFO  server.RaftServerConfigKeys (ConfUtils.java:logGet(43)) - raft.server.rpc.timeout.max = 5200ms (custom)
2019-07-13 19:22:06,849 INFO  impl.RaftServerImpl (ServerState.java:<init>(105)) - 8bda1305-bea0-4fb6-bdb4-bce9e83556a4:group-0ECE2354CA0D ConfigurationManager, init=-1: [6c79c513-1c27-44fa-9506-e7c2c2929bbe:192.168.69.122:35100, 365270af-ddf4-4d5a-b2ca-c5b76da69d60:192.168.69.122:40671, 8bda1305-bea0-4fb6-bdb4-bce9e83556a4:192.168.69.122:41981], old=null, confs=<EMPTY_MAP>
2019-07-13 19:22:06,850 INFO  server.RaftServerConfigKeys (ConfUtils.java:logGet(43)) - raft.server.rpcslowness.timeout = 120s (custom)
2019-07-13 19:22:06,850 INFO  server.RaftServerConfigKeys (ConfUtils.java:logGet(43)) - raft.server.rpcslowness.timeout = 120s (custom)
2019-07-13 19:22:06,850 INFO  server.RaftServerConfigKeys (ConfUtils.java:logGet(43)) - raft.server.sleep.deviation.threshold = 300 (default)
2019-07-13 19:22:06,851 INFO  server.RaftServerConfigKeys (ConfUtils.java:logGet(43)) - raft.server.log.appender.install.snapshot.enabled = false (custom)
2019-07-13 19:22:06,850 INFO  server.RaftServerConfigKeys (ConfUtils.java:logGet(43)) - raft.server.storage.dir = [/tmp/workdir/hadoop-ozone/integration-test/target/test-dir/MiniOzoneClusterImpl-8ac25ccc-f850-4385-b614-50e0998aea5d/datanode-5/data/ratis] (custom)
2019-07-13 19:22:06,851 INFO  impl.RaftServerImpl (ServerState.java:<init>(105)) - 6c79c513-1c27-44fa-9506-e7c2c2929bbe:group-0ECE2354CA0D ConfigurationManager, init=-1: [6c79c513-1c27-44fa-9506-e7c2c2929bbe:192.168.69.122:35100, 365270af-ddf4-4d5a-b2ca-c5b76da69d60:192.168.69.122:40671, 8bda1305-bea0-4fb6-bdb4-bce9e83556a4:192.168.69.122:41981], old=null, confs=<EMPTY_MAP>
2019-07-13 19:22:06,850 INFO  server.RaftServerConfigKeys (ConfUtils.java:logGet(43)) - raft.server.sleep.deviation.threshold = 300 (default)
2019-07-13 19:22:06,851 INFO  storage.RaftStorageDirectory (RaftStorageDirectory.java:analyzeStorage(246)) - The storage directory /tmp/workdir/hadoop-ozone/integration-test/target/test-dir/MiniOzoneClusterImpl-8ac25ccc-f850-4385-b614-50e0998aea5d/datanode-5/data/ratis/ba35cda8-5fae-440a-9b96-0ece2354ca0d does not exist. Creating ...
2019-07-13 19:22:06,851 INFO  server.RaftServerConfigKeys (ConfUtils.java:logGet(43)) - raft.server.storage.dir = [/tmp/workdir/hadoop-ozone/integration-test/target/test-dir/MiniOzoneClusterImpl-8ac25ccc-f850-4385-b614-50e0998aea5d/datanode-4/data/ratis] (custom)
2019-07-13 19:22:06,851 INFO  server.RaftServerConfigKeys (ConfUtils.java:logGet(43)) - raft.server.log.appender.install.snapshot.enabled = false (custom)
2019-07-13 19:22:06,852 INFO  impl.RaftServerImpl (ServerState.java:<init>(105)) - 365270af-ddf4-4d5a-b2ca-c5b76da69d60:group-0ECE2354CA0D ConfigurationManager, init=-1: [6c79c513-1c27-44fa-9506-e7c2c2929bbe:192.168.69.122:35100, 365270af-ddf4-4d5a-b2ca-c5b76da69d60:192.168.69.122:40671, 8bda1305-bea0-4fb6-bdb4-bce9e83556a4:192.168.69.122:41981], old=null, confs=<EMPTY_MAP>
2019-07-13 19:22:06,852 INFO  storage.RaftStorageDirectory (RaftStorageDirectory.java:analyzeStorage(246)) - The storage directory /tmp/workdir/hadoop-ozone/integration-test/target/test-dir/MiniOzoneClusterImpl-8ac25ccc-f850-4385-b614-50e0998aea5d/datanode-4/data/ratis/ba35cda8-5fae-440a-9b96-0ece2354ca0d does not exist. Creating ...
2019-07-13 19:22:06,852 INFO  server.RaftServerConfigKeys (ConfUtils.java:logGet(43)) - raft.server.storage.dir = [/tmp/workdir/hadoop-ozone/integration-test/target/test-dir/MiniOzoneClusterImpl-8ac25ccc-f850-4385-b614-50e0998aea5d/datanode-3/data/ratis] (custom)
2019-07-13 19:22:06,852 INFO  storage.RaftStorageDirectory (RaftStorageDirectory.java:analyzeStorage(246)) - The storage directory /tmp/workdir/hadoop-ozone/integration-test/target/test-dir/MiniOzoneClusterImpl-8ac25ccc-f850-4385-b614-50e0998aea5d/datanode-3/data/ratis/ba35cda8-5fae-440a-9b96-0ece2354ca0d does not exist. Creating ...
2019-07-13 19:22:06,865 INFO  storage.RaftStorageDirectory (RaftStorageDirectory.java:tryLock(328)) - Lock on /tmp/workdir/hadoop-ozone/integration-test/target/test-dir/MiniOzoneClusterImpl-8ac25ccc-f850-4385-b614-50e0998aea5d/datanode-4/data/ratis/ba35cda8-5fae-440a-9b96-0ece2354ca0d/in_use.lock acquired by nodename 22884@trunk-nightly-fxqsz-774976932
2019-07-13 19:22:06,865 INFO  storage.RaftStorageDirectory (RaftStorageDirectory.java:tryLock(328)) - Lock on /tmp/workdir/hadoop-ozone/integration-test/target/test-dir/MiniOzoneClusterImpl-8ac25ccc-f850-4385-b614-50e0998aea5d/datanode-5/data/ratis/ba35cda8-5fae-440a-9b96-0ece2354ca0d/in_use.lock acquired by nodename 22884@trunk-nightly-fxqsz-774976932
2019-07-13 19:22:06,865 INFO  storage.RaftStorageDirectory (RaftStorageDirectory.java:tryLock(328)) - Lock on /tmp/workdir/hadoop-ozone/integration-test/target/test-dir/MiniOzoneClusterImpl-8ac25ccc-f850-4385-b614-50e0998aea5d/datanode-3/data/ratis/ba35cda8-5fae-440a-9b96-0ece2354ca0d/in_use.lock acquired by nodename 22884@trunk-nightly-fxqsz-774976932
2019-07-13 19:22:06,879 INFO  storage.RaftStorage (RaftStorage.java:format(72)) - Storage directory /tmp/workdir/hadoop-ozone/integration-test/target/test-dir/MiniOzoneClusterImpl-8ac25ccc-f850-4385-b614-50e0998aea5d/datanode-5/data/ratis/ba35cda8-5fae-440a-9b96-0ece2354ca0d has been successfully formatted.
2019-07-13 19:22:06,879 INFO  storage.RaftStorage (RaftStorage.java:format(72)) - Storage directory /tmp/workdir/hadoop-ozone/integration-test/target/test-dir/MiniOzoneClusterImpl-8ac25ccc-f850-4385-b614-50e0998aea5d/datanode-3/data/ratis/ba35cda8-5fae-440a-9b96-0ece2354ca0d has been successfully formatted.
2019-07-13 19:22:06,879 INFO  storage.RaftStorage (RaftStorage.java:format(72)) - Storage directory /tmp/workdir/hadoop-ozone/integration-test/target/test-dir/MiniOzoneClusterImpl-8ac25ccc-f850-4385-b614-50e0998aea5d/datanode-4/data/ratis/ba35cda8-5fae-440a-9b96-0ece2354ca0d has been successfully formatted.
2019-07-13 19:22:06,879 INFO  ratis.ContainerStateMachine (ContainerStateMachine.java:loadSnapshot(200)) - The snapshot info is null.Setting the last applied index to:(t:0, i:~)
2019-07-13 19:22:06,879 INFO  ratis.ContainerStateMachine (ContainerStateMachine.java:loadSnapshot(200)) - The snapshot info is null.Setting the last applied index to:(t:0, i:~)
2019-07-13 19:22:06,879 INFO  server.RaftServerConfigKeys (ConfUtils.java:logGet(43)) - raft.server.leader.election.timeout = 120s (custom)
2019-07-13 19:22:06,879 INFO  ratis.ContainerStateMachine (ContainerStateMachine.java:loadSnapshot(200)) - The snapshot info is null.Setting the last applied index to:(t:0, i:~)
2019-07-13 19:22:06,880 INFO  server.RaftServerConfigKeys (ConfUtils.java:logGet(43)) - raft.server.log.use.memory = false (default)
2019-07-13 19:22:06,880 INFO  server.RaftServerConfigKeys (ConfUtils.java:logGet(43)) - raft.server.leader.election.timeout = 120s (custom)
2019-07-13 19:22:06,880 INFO  server.RaftServerConfigKeys (ConfUtils.java:logGet(43)) - raft.server.log.purge.gap = 1000000000 (custom)
2019-07-13 19:22:06,880 INFO  server.RaftServerConfigKeys (ConfUtils.java:logGet(43)) - raft.server.leader.election.timeout = 120s (custom)
2019-07-13 19:22:06,880 INFO  server.RaftServerConfigKeys (ConfUtils.java:logGet(43)) - raft.server.log.appender.buffer.byte-limit = 33554432 (custom)
2019-07-13 19:22:06,880 INFO  server.RaftServerConfigKeys (ConfUtils.java:logGet(43)) - raft.server.log.use.memory = false (default)
2019-07-13 19:22:06,881 INFO  server.RaftServerConfigKeys (ConfUtils.java:logGet(43)) - raft.server.log.segment.size.max = 1048576 (custom)
2019-07-13 19:22:06,880 INFO  server.RaftServerConfigKeys (ConfUtils.java:logGet(43)) - raft.server.log.use.memory = false (default)
2019-07-13 19:22:06,881 INFO  server.RaftServerConfigKeys (ConfUtils.java:logGet(43)) - raft.server.log.segment.cache.num.max = 2 (custom)
2019-07-13 19:22:06,881 INFO  server.RaftServerConfigKeys (ConfUtils.java:logGet(43)) - raft.server.log.purge.gap = 1000000000 (custom)
2019-07-13 19:22:06,881 INFO  segmented.SegmentedRaftLogWorker (SegmentedRaftLogWorker.java:<init>(172)) - new 365270af-ddf4-4d5a-b2ca-c5b76da69d60-SegmentedRaftLogWorker:Storage Directory /tmp/workdir/hadoop-ozone/integration-test/target/test-dir/MiniOzoneClusterImpl-8ac25ccc-f850-4385-b614-50e0998aea5d/datanode-3/data/ratis/ba35cda8-5fae-440a-9b96-0ece2354ca0d for RaftStorage:Storage Directory /tmp/workdir/hadoop-ozone/integration-test/target/test-dir/MiniOzoneClusterImpl-8ac25ccc-f850-4385-b614-50e0998aea5d/datanode-3/data/ratis/ba35cda8-5fae-440a-9b96-0ece2354ca0d
2019-07-13 19:22:06,881 INFO  server.RaftServerConfigKeys (ConfUtils.java:logGet(43)) - raft.server.log.purge.gap = 1000000000 (custom)
2019-07-13 19:22:06,882 INFO  server.RaftServerConfigKeys (ConfUtils.java:logGet(43)) - raft.server.log.queue.byte-limit = 2147483647 (custom)
2019-07-13 19:22:06,882 INFO  server.RaftServerConfigKeys (ConfUtils.java:logGet(43)) - raft.server.log.queue.element-limit = 1024 (custom)
2019-07-13 19:22:06,881 INFO  server.RaftServerConfigKeys (ConfUtils.java:logGet(43)) - raft.server.log.appender.buffer.byte-limit = 33554432 (custom)
2019-07-13 19:22:06,882 INFO  server.RaftServerConfigKeys (ConfUtils.java:logGet(43)) - raft.server.log.segment.size.max = 1048576 (custom)
2019-07-13 19:22:06,882 INFO  server.RaftServerConfigKeys (ConfUtils.java:logGet(43)) - raft.server.log.preallocated.size = 16384 (custom)
2019-07-13 19:22:06,882 INFO  server.RaftServerConfigKeys (ConfUtils.java:logGet(43)) - raft.server.log.appender.buffer.byte-limit = 33554432 (custom)
2019-07-13 19:22:06,882 INFO  server.RaftServerConfigKeys (ConfUtils.java:logGet(43)) - raft.server.log.write.buffer.size = 33554432 (custom)
2019-07-13 19:22:06,883 INFO  server.RaftServerConfigKeys (ConfUtils.java:logGet(43)) - raft.server.log.force.sync.num = 128 (default)
2019-07-13 19:22:06,882 INFO  server.RaftServerConfigKeys (ConfUtils.java:logGet(43)) - raft.server.log.segment.size.max = 1048576 (custom)
2019-07-13 19:22:06,883 INFO  server.RaftServerConfigKeys (ConfUtils.java:logGet(43)) - raft.server.log.statemachine.data.sync = true (default)
2019-07-13 19:22:06,883 INFO  server.RaftServerConfigKeys (ConfUtils.java:logGet(43)) - raft.server.log.segment.size.max = 1048576 (custom)
2019-07-13 19:22:06,883 INFO  server.RaftServerConfigKeys (ConfUtils.java:logGet(43)) - raft.server.log.statemachine.data.sync.timeout = 10s (default)
2019-07-13 19:22:06,883 INFO  server.RaftServerConfigKeys (ConfUtils.java:logGet(43)) - raft.server.log.segment.cache.num.max = 2 (custom)
2019-07-13 19:22:06,884 INFO  server.RaftServerConfigKeys (ConfUtils.java:logGet(43)) - raft.server.log.statemachine.data.sync.timeout.retry = -1 (default)
2019-07-13 19:22:06,883 INFO  server.RaftServerConfigKeys (ConfUtils.java:logGet(43)) - raft.server.log.segment.cache.num.max = 2 (custom)
2019-07-13 19:22:06,884 INFO  server.RaftServerConfigKeys (ConfUtils.java:logGet(43)) - raft.server.log.statemachine.data.caching.enabled = true (custom)
2019-07-13 19:22:06,884 INFO  segmented.SegmentedRaftLogWorker (SegmentedRaftLogWorker.java:<init>(172)) - new 8bda1305-bea0-4fb6-bdb4-bce9e83556a4-SegmentedRaftLogWorker:Storage Directory /tmp/workdir/hadoop-ozone/integration-test/target/test-dir/MiniOzoneClusterImpl-8ac25ccc-f850-4385-b614-50e0998aea5d/datanode-5/data/ratis/ba35cda8-5fae-440a-9b96-0ece2354ca0d for RaftStorage:Storage Directory /tmp/workdir/hadoop-ozone/integration-test/target/test-dir/MiniOzoneClusterImpl-8ac25ccc-f850-4385-b614-50e0998aea5d/datanode-5/data/ratis/ba35cda8-5fae-440a-9b96-0ece2354ca0d
2019-07-13 19:22:06,884 INFO  segmented.SegmentedRaftLogWorker (SegmentedRaftLogWorker.java:lambda$new$0(132)) - 365270af-ddf4-4d5a-b2ca-c5b76da69d60-SegmentedRaftLogWorker:Storage Directory /tmp/workdir/hadoop-ozone/integration-test/target/test-dir/MiniOzoneClusterImpl-8ac25ccc-f850-4385-b614-50e0998aea5d/datanode-3/data/ratis/ba35cda8-5fae-440a-9b96-0ece2354ca0d: flushIndex: setUnconditionally 0 -> -1
2019-07-13 19:22:06,884 INFO  segmented.SegmentedRaftLogWorker (SegmentedRaftLogWorker.java:<init>(172)) - new 6c79c513-1c27-44fa-9506-e7c2c2929bbe-SegmentedRaftLogWorker:Storage Directory /tmp/workdir/hadoop-ozone/integration-test/target/test-dir/MiniOzoneClusterImpl-8ac25ccc-f850-4385-b614-50e0998aea5d/datanode-4/data/ratis/ba35cda8-5fae-440a-9b96-0ece2354ca0d for RaftStorage:Storage Directory /tmp/workdir/hadoop-ozone/integration-test/target/test-dir/MiniOzoneClusterImpl-8ac25ccc-f850-4385-b614-50e0998aea5d/datanode-4/data/ratis/ba35cda8-5fae-440a-9b96-0ece2354ca0d
2019-07-13 19:22:06,884 INFO  server.RaftServerConfigKeys (ConfUtils.java:logGet(43)) - raft.server.log.queue.byte-limit = 2147483647 (custom)
2019-07-13 19:22:06,885 INFO  server.RaftServerConfigKeys (ConfUtils.java:logGet(43)) - raft.server.snapshot.auto.trigger.enabled = true (custom)
2019-07-13 19:22:06,885 INFO  server.RaftServerConfigKeys (ConfUtils.java:logGet(43)) - raft.server.log.queue.byte-limit = 2147483647 (custom)
2019-07-13 19:22:06,885 INFO  server.RaftServerConfigKeys (ConfUtils.java:logGet(43)) - raft.server.snapshot.auto.trigger.threshold = 10000 (custom)
2019-07-13 19:22:06,885 INFO  server.RaftServerConfigKeys (ConfUtils.java:logGet(43)) - raft.server.log.queue.element-limit = 1024 (custom)
2019-07-13 19:22:06,885 INFO  server.RaftServerConfigKeys (ConfUtils.java:logGet(43)) - raft.server.retrycache.expirytime = 600000ms (custom)
2019-07-13 19:22:06,885 INFO  server.RaftServerConfigKeys (ConfUtils.java:logGet(43)) - raft.server.log.queue.element-limit = 1024 (custom)
2019-07-13 19:22:06,886 INFO  impl.RaftServerImpl (RaftServerImpl.java:start(180)) - 365270af-ddf4-4d5a-b2ca-c5b76da69d60: start group-0ECE2354CA0D
2019-07-13 19:22:06,886 INFO  server.RaftServerConfigKeys (ConfUtils.java:logGet(43)) - raft.server.log.segment.size.max = 1048576 (custom)
2019-07-13 19:22:06,886 INFO  impl.RaftServerImpl (RaftServerImpl.java:setRole(171)) - 365270af-ddf4-4d5a-b2ca-c5b76da69d60:group-0ECE2354CA0D changes role from null to FOLLOWER at term 0 for startAsFollower
2019-07-13 19:22:06,886 INFO  server.RaftServerConfigKeys (ConfUtils.java:logGet(43)) - raft.server.log.segment.size.max = 1048576 (custom)
2019-07-13 19:22:06,886 INFO  impl.RoleInfo (RoleInfo.java:updateAndGet(143)) - 365270af-ddf4-4d5a-b2ca-c5b76da69d60: start FollowerState
2019-07-13 19:22:06,886 INFO  server.RaftServerConfigKeys (ConfUtils.java:logGet(43)) - raft.server.log.preallocated.size = 16384 (custom)
2019-07-13 19:22:06,886 INFO  server.RaftServerConfigKeys (ConfUtils.java:logGet(43)) - raft.server.log.preallocated.size = 16384 (custom)
2019-07-13 19:22:06,887 INFO  server.RaftServerConfigKeys (ConfUtils.java:logGet(43)) - raft.server.log.write.buffer.size = 33554432 (custom)
2019-07-13 19:22:06,887 INFO  util.JmxRegister (JmxRegister.java:tryRegister(44)) - Successfully registered JMX Bean with object name Ratis:service=RaftServer,group=group-0ECE2354CA0D,id=365270af-ddf4-4d5a-b2ca-c5b76da69d60
2019-07-13 19:22:06,887 INFO  server.RaftServerConfigKeys (ConfUtils.java:logGet(43)) - raft.server.log.write.buffer.size = 33554432 (custom)
2019-07-13 19:22:06,887 INFO  server.RaftServerConfigKeys (ConfUtils.java:logGet(43)) - raft.server.log.force.sync.num = 128 (default)
2019-07-13 19:22:06,887 INFO  server.RaftServerConfigKeys (ConfUtils.java:logGet(43)) - raft.server.log.force.sync.num = 128 (default)
2019-07-13 19:22:06,888 INFO  server.RaftServerConfigKeys (ConfUtils.java:logGet(43)) - raft.server.log.statemachine.data.sync = true (default)
2019-07-13 19:22:06,888 INFO  server.RaftServerConfigKeys (ConfUtils.java:logGet(43)) - raft.server.log.statemachine.data.sync = true (default)
2019-07-13 19:22:06,888 INFO  server.RaftServerConfigKeys (ConfUtils.java:logGet(43)) - raft.server.log.statemachine.data.sync.timeout = 10s (default)
2019-07-13 19:22:06,888 INFO  server.RaftServerConfigKeys (ConfUtils.java:logGet(43)) - raft.server.log.statemachine.data.sync.timeout = 10s (default)
2019-07-13 19:22:06,888 INFO  server.RaftServerConfigKeys (ConfUtils.java:logGet(43)) - raft.server.log.statemachine.data.sync.timeout.retry = -1 (default)
2019-07-13 19:22:06,888 INFO  server.RaftServerConfigKeys (ConfUtils.java:logGet(43)) - raft.server.log.statemachine.data.sync.timeout.retry = -1 (default)
2019-07-13 19:22:06,891 INFO  server.RaftServerConfigKeys (ConfUtils.java:logGet(43)) - raft.server.log.statemachine.data.caching.enabled = true (custom)
2019-07-13 19:22:06,891 INFO  server.RaftServerConfigKeys (ConfUtils.java:logGet(43)) - raft.server.log.statemachine.data.caching.enabled = true (custom)
2019-07-13 19:22:06,891 INFO  segmented.SegmentedRaftLogWorker (SegmentedRaftLogWorker.java:lambda$new$0(132)) - 8bda1305-bea0-4fb6-bdb4-bce9e83556a4-SegmentedRaftLogWorker:Storage Directory /tmp/workdir/hadoop-ozone/integration-test/target/test-dir/MiniOzoneClusterImpl-8ac25ccc-f850-4385-b614-50e0998aea5d/datanode-5/data/ratis/ba35cda8-5fae-440a-9b96-0ece2354ca0d: flushIndex: setUnconditionally 0 -> -1
2019-07-13 19:22:06,892 INFO  segmented.SegmentedRaftLogWorker (SegmentedRaftLogWorker.java:lambda$new$0(132)) - 6c79c513-1c27-44fa-9506-e7c2c2929bbe-SegmentedRaftLogWorker:Storage Directory /tmp/workdir/hadoop-ozone/integration-test/target/test-dir/MiniOzoneClusterImpl-8ac25ccc-f850-4385-b614-50e0998aea5d/datanode-4/data/ratis/ba35cda8-5fae-440a-9b96-0ece2354ca0d: flushIndex: setUnconditionally 0 -> -1
2019-07-13 19:22:06,892 INFO  server.RaftServerConfigKeys (ConfUtils.java:logGet(43)) - raft.server.snapshot.auto.trigger.enabled = true (custom)
2019-07-13 19:22:06,892 INFO  server.RaftServerConfigKeys (ConfUtils.java:logGet(43)) - raft.server.snapshot.auto.trigger.enabled = true (custom)
2019-07-13 19:22:06,892 INFO  server.RaftServerConfigKeys (ConfUtils.java:logGet(43)) - raft.server.snapshot.auto.trigger.threshold = 10000 (custom)
2019-07-13 19:22:06,892 INFO  server.RaftServerConfigKeys (ConfUtils.java:logGet(43)) - raft.server.snapshot.auto.trigger.threshold = 10000 (custom)
2019-07-13 19:22:06,892 INFO  server.RaftServerConfigKeys (ConfUtils.java:logGet(43)) - raft.server.retrycache.expirytime = 600000ms (custom)
2019-07-13 19:22:06,892 INFO  server.RaftServerConfigKeys (ConfUtils.java:logGet(43)) - raft.server.retrycache.expirytime = 600000ms (custom)
2019-07-13 19:22:06,893 INFO  impl.RaftServerImpl (RaftServerImpl.java:start(180)) - 8bda1305-bea0-4fb6-bdb4-bce9e83556a4: start group-0ECE2354CA0D
2019-07-13 19:22:06,893 INFO  impl.RaftServerImpl (RaftServerImpl.java:start(180)) - 6c79c513-1c27-44fa-9506-e7c2c2929bbe: start group-0ECE2354CA0D
2019-07-13 19:22:06,893 INFO  impl.RaftServerImpl (RaftServerImpl.java:setRole(171)) - 8bda1305-bea0-4fb6-bdb4-bce9e83556a4:group-0ECE2354CA0D changes role from null to FOLLOWER at term 0 for startAsFollower
2019-07-13 19:22:06,893 INFO  impl.RaftServerImpl (RaftServerImpl.java:setRole(171)) - 6c79c513-1c27-44fa-9506-e7c2c2929bbe:group-0ECE2354CA0D changes role from null to FOLLOWER at term 0 for startAsFollower
2019-07-13 19:22:06,893 INFO  impl.RoleInfo (RoleInfo.java:updateAndGet(143)) - 8bda1305-bea0-4fb6-bdb4-bce9e83556a4: start FollowerState
2019-07-13 19:22:06,893 INFO  impl.RoleInfo (RoleInfo.java:updateAndGet(143)) - 6c79c513-1c27-44fa-9506-e7c2c2929bbe: start FollowerState
2019-07-13 19:22:06,894 INFO  util.JmxRegister (JmxRegister.java:tryRegister(44)) - Successfully registered JMX Bean with object name Ratis:service=RaftServer,group=group-0ECE2354CA0D,id=8bda1305-bea0-4fb6-bdb4-bce9e83556a4
2019-07-13 19:22:06,894 INFO  util.JmxRegister (JmxRegister.java:tryRegister(44)) - Successfully registered JMX Bean with object name Ratis:service=RaftServer,group=group-0ECE2354CA0D,id=6c79c513-1c27-44fa-9506-e7c2c2929bbe
2019-07-13 19:22:06,901 INFO  pipeline.PipelineStateManager (PipelineStateManager.java:addPipeline(56)) - Created pipeline Pipeline[ Id: ba35cda8-5fae-440a-9b96-0ece2354ca0d, Nodes: 8bda1305-bea0-4fb6-bdb4-bce9e83556a4{ip: 192.168.69.122, host: trunk-nightly-fxqsz-774976932, networkLocation: /default-rack, certSerialId: null}365270af-ddf4-4d5a-b2ca-c5b76da69d60{ip: 192.168.69.122, host: trunk-nightly-fxqsz-774976932, networkLocation: /default-rack, certSerialId: null}6c79c513-1c27-44fa-9506-e7c2c2929bbe{ip: 192.168.69.122, host: trunk-nightly-fxqsz-774976932, networkLocation: /default-rack, certSerialId: null}, Type:RATIS, Factor:THREE, State:OPEN]
2019-07-13 19:22:06,944 INFO  ozone.MiniOzoneClusterImpl (MiniOzoneClusterImpl.java:lambda$waitForClusterToBeReady$0(142)) - Waiting for cluster to be ready. Got 6 of 7 DN Heartbeats.
2019-07-13 19:22:06,951 INFO  node.SCMNodeManager (SCMNodeManager.java:register(269)) - Registered Data node : 95668776-f1a2-4718-bfb8-aa19d815cc55{ip: 192.168.69.122, host: trunk-nightly-fxqsz-774976932, networkLocation: /default-rack, certSerialId: null}
2019-07-13 19:22:06,972 INFO  impl.RaftServerProxy (RaftServerProxy.java:addNew(89)) - 95668776-f1a2-4718-bfb8-aa19d815cc55: addNew group-A03B09736C66:[95668776-f1a2-4718-bfb8-aa19d815cc55:192.168.69.122:37970] returns group-A03B09736C66:java.util.concurrent.CompletableFuture@1ef67b10[Not completed]
2019-07-13 19:22:06,973 INFO  impl.RaftServerImpl (RaftServerImpl.java:<init>(93)) - 95668776-f1a2-4718-bfb8-aa19d815cc55: new RaftServerImpl for group-A03B09736C66:[95668776-f1a2-4718-bfb8-aa19d815cc55:192.168.69.122:37970] with ContainerStateMachine:uninitialized
2019-07-13 19:22:06,973 INFO  server.RaftServerConfigKeys (ConfUtils.java:logGet(43)) - raft.server.rpc.timeout.min = 5s (custom)
2019-07-13 19:22:06,973 INFO  server.RaftServerConfigKeys (ConfUtils.java:logGet(43)) - raft.server.rpc.timeout.max = 5200ms (custom)
2019-07-13 19:22:06,973 INFO  server.RaftServerConfigKeys (ConfUtils.java:logGet(43)) - raft.server.rpcslowness.timeout = 120s (custom)
2019-07-13 19:22:06,973 INFO  server.RaftServerConfigKeys (ConfUtils.java:logGet(43)) - raft.server.sleep.deviation.threshold = 300 (default)
2019-07-13 19:22:06,974 INFO  server.RaftServerConfigKeys (ConfUtils.java:logGet(43)) - raft.server.log.appender.install.snapshot.enabled = false (custom)
2019-07-13 19:22:06,974 INFO  impl.RaftServerImpl (ServerState.java:<init>(105)) - 95668776-f1a2-4718-bfb8-aa19d815cc55:group-A03B09736C66 ConfigurationManager, init=-1: [95668776-f1a2-4718-bfb8-aa19d815cc55:192.168.69.122:37970], old=null, confs=<EMPTY_MAP>
2019-07-13 19:22:06,974 INFO  server.RaftServerConfigKeys (ConfUtils.java:logGet(43)) - raft.server.storage.dir = [/tmp/workdir/hadoop-ozone/integration-test/target/test-dir/MiniOzoneClusterImpl-8ac25ccc-f850-4385-b614-50e0998aea5d/datanode-6/data/ratis] (custom)
2019-07-13 19:22:06,974 INFO  storage.RaftStorageDirectory (RaftStorageDirectory.java:analyzeStorage(246)) - The storage directory /tmp/workdir/hadoop-ozone/integration-test/target/test-dir/MiniOzoneClusterImpl-8ac25ccc-f850-4385-b614-50e0998aea5d/datanode-6/data/ratis/23f07e9b-4e6c-4add-a933-a03b09736c66 does not exist. Creating ...
2019-07-13 19:22:06,987 INFO  storage.RaftStorageDirectory (RaftStorageDirectory.java:tryLock(328)) - Lock on /tmp/workdir/hadoop-ozone/integration-test/target/test-dir/MiniOzoneClusterImpl-8ac25ccc-f850-4385-b614-50e0998aea5d/datanode-6/data/ratis/23f07e9b-4e6c-4add-a933-a03b09736c66/in_use.lock acquired by nodename 22884@trunk-nightly-fxqsz-774976932
2019-07-13 19:22:07,000 INFO  storage.RaftStorage (RaftStorage.java:format(72)) - Storage directory /tmp/workdir/hadoop-ozone/integration-test/target/test-dir/MiniOzoneClusterImpl-8ac25ccc-f850-4385-b614-50e0998aea5d/datanode-6/data/ratis/23f07e9b-4e6c-4add-a933-a03b09736c66 has been successfully formatted.
2019-07-13 19:22:07,001 INFO  ratis.ContainerStateMachine (ContainerStateMachine.java:loadSnapshot(200)) - The snapshot info is null.Setting the last applied index to:(t:0, i:~)
2019-07-13 19:22:07,001 INFO  server.RaftServerConfigKeys (ConfUtils.java:logGet(43)) - raft.server.leader.election.timeout = 120s (custom)
2019-07-13 19:22:07,001 INFO  server.RaftServerConfigKeys (ConfUtils.java:logGet(43)) - raft.server.log.use.memory = false (default)
2019-07-13 19:22:07,001 INFO  server.RaftServerConfigKeys (ConfUtils.java:logGet(43)) - raft.server.log.purge.gap = 1000000000 (custom)
2019-07-13 19:22:07,001 INFO  server.RaftServerConfigKeys (ConfUtils.java:logGet(43)) - raft.server.log.appender.buffer.byte-limit = 33554432 (custom)
2019-07-13 19:22:07,002 INFO  server.RaftServerConfigKeys (ConfUtils.java:logGet(43)) - raft.server.log.segment.size.max = 1048576 (custom)
2019-07-13 19:22:07,002 INFO  server.RaftServerConfigKeys (ConfUtils.java:logGet(43)) - raft.server.log.segment.cache.num.max = 2 (custom)
2019-07-13 19:22:07,002 INFO  segmented.SegmentedRaftLogWorker (SegmentedRaftLogWorker.java:<init>(172)) - new 95668776-f1a2-4718-bfb8-aa19d815cc55-SegmentedRaftLogWorker:Storage Directory /tmp/workdir/hadoop-ozone/integration-test/target/test-dir/MiniOzoneClusterImpl-8ac25ccc-f850-4385-b614-50e0998aea5d/datanode-6/data/ratis/23f07e9b-4e6c-4add-a933-a03b09736c66 for RaftStorage:Storage Directory /tmp/workdir/hadoop-ozone/integration-test/target/test-dir/MiniOzoneClusterImpl-8ac25ccc-f850-4385-b614-50e0998aea5d/datanode-6/data/ratis/23f07e9b-4e6c-4add-a933-a03b09736c66
2019-07-13 19:22:07,002 INFO  server.RaftServerConfigKeys (ConfUtils.java:logGet(43)) - raft.server.log.queue.byte-limit = 2147483647 (custom)
2019-07-13 19:22:07,002 INFO  server.RaftServerConfigKeys (ConfUtils.java:logGet(43)) - raft.server.log.queue.element-limit = 1024 (custom)
2019-07-13 19:22:07,003 INFO  server.RaftServerConfigKeys (ConfUtils.java:logGet(43)) - raft.server.log.segment.size.max = 1048576 (custom)
2019-07-13 19:22:07,003 INFO  server.RaftServerConfigKeys (ConfUtils.java:logGet(43)) - raft.server.log.preallocated.size = 16384 (custom)
2019-07-13 19:22:07,003 INFO  server.RaftServerConfigKeys (ConfUtils.java:logGet(43)) - raft.server.log.write.buffer.size = 33554432 (custom)
2019-07-13 19:22:07,003 INFO  server.RaftServerConfigKeys (ConfUtils.java:logGet(43)) - raft.server.log.force.sync.num = 128 (default)
2019-07-13 19:22:07,003 INFO  server.RaftServerConfigKeys (ConfUtils.java:logGet(43)) - raft.server.log.statemachine.data.sync = true (default)
2019-07-13 19:22:07,004 INFO  server.RaftServerConfigKeys (ConfUtils.java:logGet(43)) - raft.server.log.statemachine.data.sync.timeout = 10s (default)
2019-07-13 19:22:07,004 INFO  server.RaftServerConfigKeys (ConfUtils.java:logGet(43)) - raft.server.log.statemachine.data.sync.timeout.retry = -1 (default)
2019-07-13 19:22:07,004 INFO  server.RaftServerConfigKeys (ConfUtils.java:logGet(43)) - raft.server.log.statemachine.data.caching.enabled = true (custom)
2019-07-13 19:22:07,005 INFO  segmented.SegmentedRaftLogWorker (SegmentedRaftLogWorker.java:lambda$new$0(132)) - 95668776-f1a2-4718-bfb8-aa19d815cc55-SegmentedRaftLogWorker:Storage Directory /tmp/workdir/hadoop-ozone/integration-test/target/test-dir/MiniOzoneClusterImpl-8ac25ccc-f850-4385-b614-50e0998aea5d/datanode-6/data/ratis/23f07e9b-4e6c-4add-a933-a03b09736c66: flushIndex: setUnconditionally 0 -> -1
2019-07-13 19:22:07,005 INFO  server.RaftServerConfigKeys (ConfUtils.java:logGet(43)) - raft.server.snapshot.auto.trigger.enabled = true (custom)
2019-07-13 19:22:07,005 INFO  server.RaftServerConfigKeys (ConfUtils.java:logGet(43)) - raft.server.snapshot.auto.trigger.threshold = 10000 (custom)
2019-07-13 19:22:07,005 INFO  server.RaftServerConfigKeys (ConfUtils.java:logGet(43)) - raft.server.retrycache.expirytime = 600000ms (custom)
2019-07-13 19:22:07,006 INFO  impl.RaftServerImpl (RaftServerImpl.java:start(180)) - 95668776-f1a2-4718-bfb8-aa19d815cc55: start group-A03B09736C66
2019-07-13 19:22:07,006 INFO  impl.RaftServerImpl (RaftServerImpl.java:setRole(171)) - 95668776-f1a2-4718-bfb8-aa19d815cc55:group-A03B09736C66 changes role from null to FOLLOWER at term 0 for startAsFollower
2019-07-13 19:22:07,006 INFO  impl.RoleInfo (RoleInfo.java:updateAndGet(143)) - 95668776-f1a2-4718-bfb8-aa19d815cc55: start FollowerState
2019-07-13 19:22:07,006 INFO  util.JmxRegister (JmxRegister.java:tryRegister(44)) - Successfully registered JMX Bean with object name Ratis:service=RaftServer,group=group-A03B09736C66,id=95668776-f1a2-4718-bfb8-aa19d815cc55
2019-07-13 19:22:07,011 INFO  pipeline.PipelineStateManager (PipelineStateManager.java:addPipeline(56)) - Created pipeline Pipeline[ Id: 23f07e9b-4e6c-4add-a933-a03b09736c66, Nodes: 95668776-f1a2-4718-bfb8-aa19d815cc55{ip: 192.168.69.122, host: trunk-nightly-fxqsz-774976932, networkLocation: /default-rack, certSerialId: null}, Type:RATIS, Factor:ONE, State:OPEN]
2019-07-13 19:22:07,945 INFO  ozone.MiniOzoneClusterImpl (MiniOzoneClusterImpl.java:lambda$waitForClusterToBeReady$0(142)) - Cluster is ready. Got 7 of 7 DN Heartbeats.
2019-07-13 19:22:08,002 INFO  rpc.RpcClient (RpcClient.java:createVolume(287)) - Creating Volume: testblockoutputstream, with jenkins1000 as owner.
2019-07-13 19:22:08,030 INFO  rpc.RpcClient (RpcClient.java:createBucket(424)) - Creating Bucket: testblockoutputstream/testblockoutputstream, with Versioning false and Storage Type set to DISK and Encryption set to false 
2019-07-13 19:22:08,058 INFO  client.GrpcClientProtocolClient (GrpcClientProtocolClient.java:onNext(255)) - client-194C571F567E->5b3b3b2e-452c-4a37-b606-6e20ad3d9255: receive RaftClientReply:client-194C571F567E->5b3b3b2e-452c-4a37-b606-6e20ad3d9255@group-820F6CD15153, cid=140, FAILED org.apache.ratis.protocol.NotLeaderException: Server 5b3b3b2e-452c-4a37-b606-6e20ad3d9255 is not the leader (null). Request must be sent to leader., logIndex=0, commits[5b3b3b2e-452c-4a37-b606-6e20ad3d9255:c-1]
2019-07-13 19:22:08,789 INFO  container.ReplicationManager (ReplicationManager.java:start(155)) - Starting Replication Monitor Thread.
2019-07-13 19:22:08,794 INFO  container.ReplicationManager (ReplicationManager.java:run(207)) - Replication Monitor Thread took 0 milliseconds for processing 1 containers.
2019-07-13 19:22:10,075 INFO  client.GrpcClientProtocolClient (GrpcClientProtocolClient.java:onNext(255)) - client-194C571F567E->5b3b3b2e-452c-4a37-b606-6e20ad3d9255: receive RaftClientReply:client-194C571F567E->5b3b3b2e-452c-4a37-b606-6e20ad3d9255@group-820F6CD15153, cid=140, FAILED org.apache.ratis.protocol.NotLeaderException: Server 5b3b3b2e-452c-4a37-b606-6e20ad3d9255 is not the leader (null). Request must be sent to leader., logIndex=0, commits[5b3b3b2e-452c-4a37-b606-6e20ad3d9255:c-1]
2019-07-13 19:22:10,862 INFO  impl.FollowerState (FollowerState.java:run(106)) - 2bb5f45b-311d-4fce-af42-27d5f93d7f80:group-BA252AA49506 changes to CANDIDATE, lastRpcTime:5001, electionTimeout:5001ms
2019-07-13 19:22:10,862 INFO  impl.RoleInfo (RoleInfo.java:shutdownFollowerState(121)) - 2bb5f45b-311d-4fce-af42-27d5f93d7f80: shutdown FollowerState
2019-07-13 19:22:10,862 INFO  impl.RaftServerImpl (RaftServerImpl.java:setRole(171)) - 2bb5f45b-311d-4fce-af42-27d5f93d7f80:group-BA252AA49506 changes role from FOLLOWER to CANDIDATE at term 0 for changeToCandidate
2019-07-13 19:22:10,863 INFO  impl.RoleInfo (RoleInfo.java:updateAndGet(143)) - 2bb5f45b-311d-4fce-af42-27d5f93d7f80: start LeaderElection
2019-07-13 19:22:10,886 INFO  impl.LeaderElection (LeaderElection.java:askForVotes(181)) - 2bb5f45b-311d-4fce-af42-27d5f93d7f80:group-BA252AA49506:LeaderElection43: begin an election at term 1 for -1: [2bb5f45b-311d-4fce-af42-27d5f93d7f80:192.168.69.122:44062], old=null
2019-07-13 19:22:10,887 INFO  impl.RoleInfo (RoleInfo.java:shutdownLeaderElection(134)) - 2bb5f45b-311d-4fce-af42-27d5f93d7f80: shutdown LeaderElection
2019-07-13 19:22:10,887 INFO  impl.RaftServerImpl (RaftServerImpl.java:setRole(171)) - 2bb5f45b-311d-4fce-af42-27d5f93d7f80:group-BA252AA49506 changes role from CANDIDATE to LEADER at term 1 for changeToLeader
2019-07-13 19:22:10,887 INFO  impl.RaftServerImpl (ServerState.java:setLeader(263)) - 2bb5f45b-311d-4fce-af42-27d5f93d7f80:group-BA252AA49506 change Leader from null to 2bb5f45b-311d-4fce-af42-27d5f93d7f80 at term 1 for becomeLeader, leader elected after 5031ms
2019-07-13 19:22:10,889 INFO  server.RaftServerConfigKeys (ConfUtils.java:logGet(43)) - raft.server.staging.catchup.gap = 1000 (default)
2019-07-13 19:22:10,889 INFO  server.RaftServerConfigKeys (ConfUtils.java:logGet(43)) - raft.server.rpc.sleep.time = 25ms (default)
2019-07-13 19:22:10,890 INFO  server.RaftServerConfigKeys (ConfUtils.java:logGet(43)) - raft.server.write.element-limit = 4096 (default)
2019-07-13 19:22:10,890 INFO  server.RaftServerConfigKeys (ConfUtils.java:logGet(43)) - raft.server.watch.timeout = 10s (default)
2019-07-13 19:22:10,890 INFO  server.RaftServerConfigKeys (ConfUtils.java:logGet(43)) - raft.server.watch.timeout.denomination = 1s (default)
2019-07-13 19:22:10,890 INFO  server.RaftServerConfigKeys (ConfUtils.java:logGet(43)) - raft.server.watch.element-limit = 65536 (default)
2019-07-13 19:22:10,890 INFO  impl.RoleInfo (RoleInfo.java:updateAndGet(143)) - 2bb5f45b-311d-4fce-af42-27d5f93d7f80: start LeaderState
2019-07-13 19:22:10,891 INFO  segmented.SegmentedRaftLogWorker (SegmentedRaftLogWorker.java:startLogSegment(380)) - 2bb5f45b-311d-4fce-af42-27d5f93d7f80-SegmentedRaftLogWorker:Storage Directory /tmp/workdir/hadoop-ozone/integration-test/target/test-dir/MiniOzoneClusterImpl-8ac25ccc-f850-4385-b614-50e0998aea5d/datanode-0/data/ratis/d52edd26-10cd-4183-b407-ba252aa49506: Starting segment from index:0
2019-07-13 19:22:10,891 INFO  impl.RaftServerImpl (ServerState.java:setRaftConf(361)) - 2bb5f45b-311d-4fce-af42-27d5f93d7f80:group-BA252AA49506 set configuration 0: [2bb5f45b-311d-4fce-af42-27d5f93d7f80:192.168.69.122:44062], old=null at 0
2019-07-13 19:22:10,927 INFO  segmented.SegmentedRaftLogWorker (SegmentedRaftLogWorker.java:execute(569)) - 2bb5f45b-311d-4fce-af42-27d5f93d7f80-SegmentedRaftLogWorker:Storage Directory /tmp/workdir/hadoop-ozone/integration-test/target/test-dir/MiniOzoneClusterImpl-8ac25ccc-f850-4385-b614-50e0998aea5d/datanode-0/data/ratis/d52edd26-10cd-4183-b407-ba252aa49506: created new log segment /tmp/workdir/hadoop-ozone/integration-test/target/test-dir/MiniOzoneClusterImpl-8ac25ccc-f850-4385-b614-50e0998aea5d/datanode-0/data/ratis/d52edd26-10cd-4183-b407-ba252aa49506/current/log_inprogress_0
2019-07-13 19:22:11,175 INFO  impl.FollowerState (FollowerState.java:run(106)) - 5b3b3b2e-452c-4a37-b606-6e20ad3d9255:group-820F6CD15153 changes to CANDIDATE, lastRpcTime:5000, electionTimeout:5000ms
2019-07-13 19:22:11,175 INFO  impl.RoleInfo (RoleInfo.java:shutdownFollowerState(121)) - 5b3b3b2e-452c-4a37-b606-6e20ad3d9255: shutdown FollowerState
2019-07-13 19:22:11,175 INFO  impl.RaftServerImpl (RaftServerImpl.java:setRole(171)) - 5b3b3b2e-452c-4a37-b606-6e20ad3d9255:group-820F6CD15153 changes role from FOLLOWER to CANDIDATE at term 0 for changeToCandidate
2019-07-13 19:22:11,175 INFO  impl.RoleInfo (RoleInfo.java:updateAndGet(143)) - 5b3b3b2e-452c-4a37-b606-6e20ad3d9255: start LeaderElection
2019-07-13 19:22:11,194 INFO  impl.LeaderElection (LeaderElection.java:askForVotes(181)) - 5b3b3b2e-452c-4a37-b606-6e20ad3d9255:group-820F6CD15153:LeaderElection44: begin an election at term 1 for -1: [5b3b3b2e-452c-4a37-b606-6e20ad3d9255:192.168.69.122:44671], old=null
2019-07-13 19:22:11,194 INFO  impl.RoleInfo (RoleInfo.java:shutdownLeaderElection(134)) - 5b3b3b2e-452c-4a37-b606-6e20ad3d9255: shutdown LeaderElection
2019-07-13 19:22:11,195 INFO  impl.RaftServerImpl (RaftServerImpl.java:setRole(171)) - 5b3b3b2e-452c-4a37-b606-6e20ad3d9255:group-820F6CD15153 changes role from CANDIDATE to LEADER at term 1 for changeToLeader
2019-07-13 19:22:11,195 INFO  impl.RaftServerImpl (ServerState.java:setLeader(263)) - 5b3b3b2e-452c-4a37-b606-6e20ad3d9255:group-820F6CD15153 change Leader from null to 5b3b3b2e-452c-4a37-b606-6e20ad3d9255 at term 1 for becomeLeader, leader elected after 5024ms
2019-07-13 19:22:11,197 INFO  server.RaftServerConfigKeys (ConfUtils.java:logGet(43)) - raft.server.staging.catchup.gap = 1000 (default)
2019-07-13 19:22:11,197 INFO  server.RaftServerConfigKeys (ConfUtils.java:logGet(43)) - raft.server.rpc.sleep.time = 25ms (default)
2019-07-13 19:22:11,197 INFO  server.RaftServerConfigKeys (ConfUtils.java:logGet(43)) - raft.server.write.element-limit = 4096 (default)
2019-07-13 19:22:11,198 INFO  server.RaftServerConfigKeys (ConfUtils.java:logGet(43)) - raft.server.watch.timeout = 10s (default)
2019-07-13 19:22:11,198 INFO  server.RaftServerConfigKeys (ConfUtils.java:logGet(43)) - raft.server.watch.timeout.denomination = 1s (default)
2019-07-13 19:22:11,198 INFO  server.RaftServerConfigKeys (ConfUtils.java:logGet(43)) - raft.server.watch.element-limit = 65536 (default)
2019-07-13 19:22:11,198 INFO  impl.RoleInfo (RoleInfo.java:updateAndGet(143)) - 5b3b3b2e-452c-4a37-b606-6e20ad3d9255: start LeaderState
2019-07-13 19:22:11,198 INFO  segmented.SegmentedRaftLogWorker (SegmentedRaftLogWorker.java:startLogSegment(380)) - 5b3b3b2e-452c-4a37-b606-6e20ad3d9255-SegmentedRaftLogWorker:Storage Directory /tmp/workdir/hadoop-ozone/integration-test/target/test-dir/MiniOzoneClusterImpl-8ac25ccc-f850-4385-b614-50e0998aea5d/datanode-1/data/ratis/38170cf0-827e-4e0b-a7dc-820f6cd15153: Starting segment from index:0
2019-07-13 19:22:11,199 INFO  impl.RaftServerImpl (ServerState.java:setRaftConf(361)) - 5b3b3b2e-452c-4a37-b606-6e20ad3d9255:group-820F6CD15153 set configuration 0: [5b3b3b2e-452c-4a37-b606-6e20ad3d9255:192.168.69.122:44671], old=null at 0
2019-07-13 19:22:11,233 INFO  segmented.SegmentedRaftLogWorker (SegmentedRaftLogWorker.java:execute(569)) - 5b3b3b2e-452c-4a37-b606-6e20ad3d9255-SegmentedRaftLogWorker:Storage Directory /tmp/workdir/hadoop-ozone/integration-test/target/test-dir/MiniOzoneClusterImpl-8ac25ccc-f850-4385-b614-50e0998aea5d/datanode-1/data/ratis/38170cf0-827e-4e0b-a7dc-820f6cd15153: created new log segment /tmp/workdir/hadoop-ozone/integration-test/target/test-dir/MiniOzoneClusterImpl-8ac25ccc-f850-4385-b614-50e0998aea5d/datanode-1/data/ratis/38170cf0-827e-4e0b-a7dc-820f6cd15153/current/log_inprogress_0
2019-07-13 19:22:11,349 INFO  impl.FollowerState (FollowerState.java:run(106)) - edb20bde-d900-42bd-bbb7-2cc639063cbb:group-AEE66C7D0D2E changes to CANDIDATE, lastRpcTime:5008, electionTimeout:5008ms
2019-07-13 19:22:11,349 INFO  impl.RoleInfo (RoleInfo.java:shutdownFollowerState(121)) - edb20bde-d900-42bd-bbb7-2cc639063cbb: shutdown FollowerState
2019-07-13 19:22:11,350 INFO  impl.RaftServerImpl (RaftServerImpl.java:setRole(171)) - edb20bde-d900-42bd-bbb7-2cc639063cbb:group-AEE66C7D0D2E changes role from FOLLOWER to CANDIDATE at term 0 for changeToCandidate
2019-07-13 19:22:11,350 INFO  impl.RoleInfo (RoleInfo.java:updateAndGet(143)) - edb20bde-d900-42bd-bbb7-2cc639063cbb: start LeaderElection
2019-07-13 19:22:11,370 INFO  impl.LeaderElection (LeaderElection.java:askForVotes(181)) - edb20bde-d900-42bd-bbb7-2cc639063cbb:group-AEE66C7D0D2E:LeaderElection45: begin an election at term 1 for -1: [edb20bde-d900-42bd-bbb7-2cc639063cbb:192.168.69.122:36362], old=null
2019-07-13 19:22:11,370 INFO  impl.RoleInfo (RoleInfo.java:shutdownLeaderElection(134)) - edb20bde-d900-42bd-bbb7-2cc639063cbb: shutdown LeaderElection
2019-07-13 19:22:11,370 INFO  impl.RaftServerImpl (RaftServerImpl.java:setRole(171)) - edb20bde-d900-42bd-bbb7-2cc639063cbb:group-AEE66C7D0D2E changes role from CANDIDATE to LEADER at term 1 for changeToLeader
2019-07-13 19:22:11,370 INFO  impl.RaftServerImpl (ServerState.java:setLeader(263)) - edb20bde-d900-42bd-bbb7-2cc639063cbb:group-AEE66C7D0D2E change Leader from null to edb20bde-d900-42bd-bbb7-2cc639063cbb at term 1 for becomeLeader, leader elected after 5034ms
2019-07-13 19:22:11,373 INFO  server.RaftServerConfigKeys (ConfUtils.java:logGet(43)) - raft.server.staging.catchup.gap = 1000 (default)
2019-07-13 19:22:11,373 INFO  server.RaftServerConfigKeys (ConfUtils.java:logGet(43)) - raft.server.rpc.sleep.time = 25ms (default)
2019-07-13 19:22:11,373 INFO  server.RaftServerConfigKeys (ConfUtils.java:logGet(43)) - raft.server.write.element-limit = 4096 (default)
2019-07-13 19:22:11,373 INFO  server.RaftServerConfigKeys (ConfUtils.java:logGet(43)) - raft.server.watch.timeout = 10s (default)
2019-07-13 19:22:11,374 INFO  server.RaftServerConfigKeys (ConfUtils.java:logGet(43)) - raft.server.watch.timeout.denomination = 1s (default)
2019-07-13 19:22:11,374 INFO  server.RaftServerConfigKeys (ConfUtils.java:logGet(43)) - raft.server.watch.element-limit = 65536 (default)
2019-07-13 19:22:11,374 INFO  impl.RoleInfo (RoleInfo.java:updateAndGet(143)) - edb20bde-d900-42bd-bbb7-2cc639063cbb: start LeaderState
2019-07-13 19:22:11,374 INFO  segmented.SegmentedRaftLogWorker (SegmentedRaftLogWorker.java:startLogSegment(380)) - edb20bde-d900-42bd-bbb7-2cc639063cbb-SegmentedRaftLogWorker:Storage Directory /tmp/workdir/hadoop-ozone/integration-test/target/test-dir/MiniOzoneClusterImpl-8ac25ccc-f850-4385-b614-50e0998aea5d/datanode-2/data/ratis/200b8781-c3bc-4533-8e50-aee66c7d0d2e: Starting segment from index:0
2019-07-13 19:22:11,375 INFO  impl.RaftServerImpl (ServerState.java:setRaftConf(361)) - edb20bde-d900-42bd-bbb7-2cc639063cbb:group-AEE66C7D0D2E set configuration 0: [edb20bde-d900-42bd-bbb7-2cc639063cbb:192.168.69.122:36362], old=null at 0
2019-07-13 19:22:11,409 INFO  segmented.SegmentedRaftLogWorker (SegmentedRaftLogWorker.java:execute(569)) - edb20bde-d900-42bd-bbb7-2cc639063cbb-SegmentedRaftLogWorker:Storage Directory /tmp/workdir/hadoop-ozone/integration-test/target/test-dir/MiniOzoneClusterImpl-8ac25ccc-f850-4385-b614-50e0998aea5d/datanode-2/data/ratis/200b8781-c3bc-4533-8e50-aee66c7d0d2e: created new log segment /tmp/workdir/hadoop-ozone/integration-test/target/test-dir/MiniOzoneClusterImpl-8ac25ccc-f850-4385-b614-50e0998aea5d/datanode-2/data/ratis/200b8781-c3bc-4533-8e50-aee66c7d0d2e/current/log_inprogress_0
2019-07-13 19:22:11,483 INFO  impl.FollowerState (FollowerState.java:run(106)) - 5b3b3b2e-452c-4a37-b606-6e20ad3d9255:group-F7F2CECDC02A changes to CANDIDATE, lastRpcTime:5076, electionTimeout:5076ms
2019-07-13 19:22:11,483 INFO  impl.RoleInfo (RoleInfo.java:shutdownFollowerState(121)) - 5b3b3b2e-452c-4a37-b606-6e20ad3d9255: shutdown FollowerState
2019-07-13 19:22:11,483 INFO  impl.RaftServerImpl (RaftServerImpl.java:setRole(171)) - 5b3b3b2e-452c-4a37-b606-6e20ad3d9255:group-F7F2CECDC02A changes role from FOLLOWER to CANDIDATE at term 0 for changeToCandidate
2019-07-13 19:22:11,484 INFO  impl.RoleInfo (RoleInfo.java:updateAndGet(143)) - 5b3b3b2e-452c-4a37-b606-6e20ad3d9255: start LeaderElection
2019-07-13 19:22:11,489 INFO  impl.FollowerState (FollowerState.java:run(106)) - edb20bde-d900-42bd-bbb7-2cc639063cbb:group-F7F2CECDC02A changes to CANDIDATE, lastRpcTime:5075, electionTimeout:5073ms
2019-07-13 19:22:11,491 INFO  impl.RoleInfo (RoleInfo.java:shutdownFollowerState(121)) - edb20bde-d900-42bd-bbb7-2cc639063cbb: shutdown FollowerState
2019-07-13 19:22:11,491 INFO  impl.RaftServerImpl (RaftServerImpl.java:setRole(171)) - edb20bde-d900-42bd-bbb7-2cc639063cbb:group-F7F2CECDC02A changes role from FOLLOWER to CANDIDATE at term 0 for changeToCandidate
2019-07-13 19:22:11,492 INFO  impl.RoleInfo (RoleInfo.java:updateAndGet(143)) - edb20bde-d900-42bd-bbb7-2cc639063cbb: start LeaderElection
2019-07-13 19:22:11,508 INFO  impl.LeaderElection (LeaderElection.java:askForVotes(181)) - edb20bde-d900-42bd-bbb7-2cc639063cbb:group-F7F2CECDC02A:LeaderElection47: begin an election at term 1 for -1: [2bb5f45b-311d-4fce-af42-27d5f93d7f80:192.168.69.122:44062, 5b3b3b2e-452c-4a37-b606-6e20ad3d9255:192.168.69.122:44671, edb20bde-d900-42bd-bbb7-2cc639063cbb:192.168.69.122:36362], old=null
2019-07-13 19:22:11,508 INFO  impl.LeaderElection (LeaderElection.java:askForVotes(181)) - 5b3b3b2e-452c-4a37-b606-6e20ad3d9255:group-F7F2CECDC02A:LeaderElection46: begin an election at term 1 for -1: [2bb5f45b-311d-4fce-af42-27d5f93d7f80:192.168.69.122:44062, 5b3b3b2e-452c-4a37-b606-6e20ad3d9255:192.168.69.122:44671, edb20bde-d900-42bd-bbb7-2cc639063cbb:192.168.69.122:36362], old=null
2019-07-13 19:22:11,518 INFO  impl.RaftServerImpl (RaftServerImpl.java:setRole(171)) - 2bb5f45b-311d-4fce-af42-27d5f93d7f80:group-F7F2CECDC02A changes role from FOLLOWER to FOLLOWER at term 1 for recognizeCandidate:edb20bde-d900-42bd-bbb7-2cc639063cbb
2019-07-13 19:22:11,521 INFO  impl.RoleInfo (RoleInfo.java:shutdownFollowerState(121)) - 2bb5f45b-311d-4fce-af42-27d5f93d7f80: shutdown FollowerState
2019-07-13 19:22:11,521 INFO  impl.RoleInfo (RoleInfo.java:updateAndGet(143)) - 2bb5f45b-311d-4fce-af42-27d5f93d7f80: start FollowerState
2019-07-13 19:22:11,521 INFO  impl.FollowerState (FollowerState.java:run(114)) - 2bb5f45b-311d-4fce-af42-27d5f93d7f80: FollowerState was interrupted: java.lang.InterruptedException: sleep interrupted
2019-07-13 19:22:11,554 INFO  impl.LeaderElection (LeaderElection.java:logAndReturn(56)) - 5b3b3b2e-452c-4a37-b606-6e20ad3d9255:group-F7F2CECDC02A:LeaderElection46: Election REJECTED; received 2 response(s) [5b3b3b2e-452c-4a37-b606-6e20ad3d9255<-2bb5f45b-311d-4fce-af42-27d5f93d7f80#0:FAIL-t1, 5b3b3b2e-452c-4a37-b606-6e20ad3d9255<-edb20bde-d900-42bd-bbb7-2cc639063cbb#0:FAIL-t1] and 0 exception(s); 5b3b3b2e-452c-4a37-b606-6e20ad3d9255:t1, leader=null, voted=5b3b3b2e-452c-4a37-b606-6e20ad3d9255, raftlog=5b3b3b2e-452c-4a37-b606-6e20ad3d9255-SegmentedRaftLog:OPENED:c-1,f-1,i0, conf=-1: [2bb5f45b-311d-4fce-af42-27d5f93d7f80:192.168.69.122:44062, 5b3b3b2e-452c-4a37-b606-6e20ad3d9255:192.168.69.122:44671, edb20bde-d900-42bd-bbb7-2cc639063cbb:192.168.69.122:36362], old=null
2019-07-13 19:22:11,554 INFO  impl.LeaderElection (LeaderElection.java:logAndReturn(56)) - edb20bde-d900-42bd-bbb7-2cc639063cbb:group-F7F2CECDC02A:LeaderElection47: Election PASSED; received 2 response(s) [edb20bde-d900-42bd-bbb7-2cc639063cbb<-2bb5f45b-311d-4fce-af42-27d5f93d7f80#0:OK-t1, edb20bde-d900-42bd-bbb7-2cc639063cbb<-5b3b3b2e-452c-4a37-b606-6e20ad3d9255#0:FAIL-t1] and 0 exception(s); edb20bde-d900-42bd-bbb7-2cc639063cbb:t1, leader=null, voted=edb20bde-d900-42bd-bbb7-2cc639063cbb, raftlog=edb20bde-d900-42bd-bbb7-2cc639063cbb-SegmentedRaftLog:OPENED:c-1,f-1,i0, conf=-1: [2bb5f45b-311d-4fce-af42-27d5f93d7f80:192.168.69.122:44062, 5b3b3b2e-452c-4a37-b606-6e20ad3d9255:192.168.69.122:44671, edb20bde-d900-42bd-bbb7-2cc639063cbb:192.168.69.122:36362], old=null
2019-07-13 19:22:11,554 INFO  impl.RaftServerImpl (RaftServerImpl.java:setRole(171)) - 5b3b3b2e-452c-4a37-b606-6e20ad3d9255:group-F7F2CECDC02A changes role from CANDIDATE to FOLLOWER at term 1 for DISCOVERED_A_NEW_TERM
2019-07-13 19:22:11,559 INFO  impl.RoleInfo (RoleInfo.java:shutdownLeaderElection(134)) - 5b3b3b2e-452c-4a37-b606-6e20ad3d9255: shutdown LeaderElection
2019-07-13 19:22:11,556 INFO  impl.RoleInfo (RoleInfo.java:shutdownLeaderElection(134)) - edb20bde-d900-42bd-bbb7-2cc639063cbb: shutdown LeaderElection
2019-07-13 19:22:11,559 INFO  impl.RoleInfo (RoleInfo.java:updateAndGet(143)) - 5b3b3b2e-452c-4a37-b606-6e20ad3d9255: start FollowerState
2019-07-13 19:22:11,559 INFO  impl.RaftServerImpl (RaftServerImpl.java:setRole(171)) - edb20bde-d900-42bd-bbb7-2cc639063cbb:group-F7F2CECDC02A changes role from CANDIDATE to LEADER at term 1 for changeToLeader
2019-07-13 19:22:11,559 INFO  impl.RaftServerImpl (ServerState.java:setLeader(263)) - edb20bde-d900-42bd-bbb7-2cc639063cbb:group-F7F2CECDC02A change Leader from null to edb20bde-d900-42bd-bbb7-2cc639063cbb at term 1 for becomeLeader, leader elected after 5159ms
2019-07-13 19:22:11,562 INFO  server.RaftServerConfigKeys (ConfUtils.java:logGet(43)) - raft.server.staging.catchup.gap = 1000 (default)
2019-07-13 19:22:11,562 INFO  server.RaftServerConfigKeys (ConfUtils.java:logGet(43)) - raft.server.rpc.sleep.time = 25ms (default)
2019-07-13 19:22:11,562 INFO  server.RaftServerConfigKeys (ConfUtils.java:logGet(43)) - raft.server.write.element-limit = 4096 (default)
2019-07-13 19:22:11,562 INFO  server.RaftServerConfigKeys (ConfUtils.java:logGet(43)) - raft.server.watch.timeout = 10s (default)
2019-07-13 19:22:11,563 INFO  server.RaftServerConfigKeys (ConfUtils.java:logGet(43)) - raft.server.watch.timeout.denomination = 1s (default)
2019-07-13 19:22:11,563 INFO  server.RaftServerConfigKeys (ConfUtils.java:logGet(43)) - raft.server.watch.element-limit = 65536 (default)
2019-07-13 19:22:11,563 INFO  server.RaftServerConfigKeys (ConfUtils.java:logGet(43)) - raft.server.log.appender.snapshot.chunk.size.max = 16MB (=16777216) (default)
2019-07-13 19:22:11,563 INFO  server.RaftServerConfigKeys (ConfUtils.java:logGet(43)) - raft.server.log.appender.buffer.byte-limit = 33554432 (custom)
2019-07-13 19:22:11,563 INFO  server.RaftServerConfigKeys (ConfUtils.java:logGet(43)) - raft.server.log.appender.buffer.element-limit = 1 (custom)
2019-07-13 19:22:11,564 INFO  grpc.GrpcConfigKeys$Server (ConfUtils.java:logGet(43)) - raft.grpc.server.leader.outstanding.appends.max = 128 (default)
2019-07-13 19:22:11,564 INFO  server.RaftServerConfigKeys (ConfUtils.java:logGet(43)) - raft.server.rpc.request.timeout = 3000ms (default)
2019-07-13 19:22:11,564 INFO  server.RaftServerConfigKeys (ConfUtils.java:logGet(43)) - raft.server.log.appender.install.snapshot.enabled = false (custom)
2019-07-13 19:22:11,564 INFO  server.RaftServerConfigKeys (ConfUtils.java:logGet(43)) - raft.server.log.appender.snapshot.chunk.size.max = 16MB (=16777216) (default)
2019-07-13 19:22:11,564 INFO  server.RaftServerConfigKeys (ConfUtils.java:logGet(43)) - raft.server.log.appender.buffer.byte-limit = 33554432 (custom)
2019-07-13 19:22:11,565 INFO  server.RaftServerConfigKeys (ConfUtils.java:logGet(43)) - raft.server.log.appender.buffer.element-limit = 1 (custom)
2019-07-13 19:22:11,565 INFO  grpc.GrpcConfigKeys$Server (ConfUtils.java:logGet(43)) - raft.grpc.server.leader.outstanding.appends.max = 128 (default)
2019-07-13 19:22:11,565 INFO  server.RaftServerConfigKeys (ConfUtils.java:logGet(43)) - raft.server.rpc.request.timeout = 3000ms (default)
2019-07-13 19:22:11,565 INFO  server.RaftServerConfigKeys (ConfUtils.java:logGet(43)) - raft.server.log.appender.install.snapshot.enabled = false (custom)
2019-07-13 19:22:11,565 INFO  impl.RoleInfo (RoleInfo.java:updateAndGet(143)) - edb20bde-d900-42bd-bbb7-2cc639063cbb: start LeaderState
2019-07-13 19:22:11,566 INFO  segmented.SegmentedRaftLogWorker (SegmentedRaftLogWorker.java:startLogSegment(380)) - edb20bde-d900-42bd-bbb7-2cc639063cbb-SegmentedRaftLogWorker:Storage Directory /tmp/workdir/hadoop-ozone/integration-test/target/test-dir/MiniOzoneClusterImpl-8ac25ccc-f850-4385-b614-50e0998aea5d/datanode-2/data/ratis/86cc287d-2517-445c-9718-f7f2cecdc02a: Starting segment from index:0
2019-07-13 19:22:11,567 INFO  impl.RaftServerImpl (ServerState.java:setRaftConf(361)) - edb20bde-d900-42bd-bbb7-2cc639063cbb:group-F7F2CECDC02A set configuration 0: [2bb5f45b-311d-4fce-af42-27d5f93d7f80:192.168.69.122:44062, 5b3b3b2e-452c-4a37-b606-6e20ad3d9255:192.168.69.122:44671, edb20bde-d900-42bd-bbb7-2cc639063cbb:192.168.69.122:36362], old=null at 0
2019-07-13 19:22:11,590 INFO  impl.RaftServerImpl (ServerState.java:setLeader(263)) - 2bb5f45b-311d-4fce-af42-27d5f93d7f80:group-F7F2CECDC02A change Leader from null to edb20bde-d900-42bd-bbb7-2cc639063cbb at term 1 for appendEntries, leader elected after 5190ms
2019-07-13 19:22:11,590 INFO  impl.RaftServerImpl (ServerState.java:setLeader(263)) - 5b3b3b2e-452c-4a37-b606-6e20ad3d9255:group-F7F2CECDC02A change Leader from null to edb20bde-d900-42bd-bbb7-2cc639063cbb at term 1 for appendEntries, leader elected after 5191ms
2019-07-13 19:22:11,594 INFO  impl.RaftServerImpl (ServerState.java:setRaftConf(361)) - 5b3b3b2e-452c-4a37-b606-6e20ad3d9255:group-F7F2CECDC02A set configuration 0: [2bb5f45b-311d-4fce-af42-27d5f93d7f80:192.168.69.122:44062, 5b3b3b2e-452c-4a37-b606-6e20ad3d9255:192.168.69.122:44671, edb20bde-d900-42bd-bbb7-2cc639063cbb:192.168.69.122:36362], old=null at 0
2019-07-13 19:22:11,594 INFO  impl.RaftServerImpl (ServerState.java:setRaftConf(361)) - 2bb5f45b-311d-4fce-af42-27d5f93d7f80:group-F7F2CECDC02A set configuration 0: [2bb5f45b-311d-4fce-af42-27d5f93d7f80:192.168.69.122:44062, 5b3b3b2e-452c-4a37-b606-6e20ad3d9255:192.168.69.122:44671, edb20bde-d900-42bd-bbb7-2cc639063cbb:192.168.69.122:36362], old=null at 0
2019-07-13 19:22:11,594 INFO  segmented.SegmentedRaftLogWorker (SegmentedRaftLogWorker.java:startLogSegment(380)) - 5b3b3b2e-452c-4a37-b606-6e20ad3d9255-SegmentedRaftLogWorker:Storage Directory /tmp/workdir/hadoop-ozone/integration-test/target/test-dir/MiniOzoneClusterImpl-8ac25ccc-f850-4385-b614-50e0998aea5d/datanode-1/data/ratis/86cc287d-2517-445c-9718-f7f2cecdc02a: Starting segment from index:0
2019-07-13 19:22:11,594 INFO  segmented.SegmentedRaftLogWorker (SegmentedRaftLogWorker.java:startLogSegment(380)) - 2bb5f45b-311d-4fce-af42-27d5f93d7f80-SegmentedRaftLogWorker:Storage Directory /tmp/workdir/hadoop-ozone/integration-test/target/test-dir/MiniOzoneClusterImpl-8ac25ccc-f850-4385-b614-50e0998aea5d/datanode-0/data/ratis/86cc287d-2517-445c-9718-f7f2cecdc02a: Starting segment from index:0
2019-07-13 19:22:11,596 INFO  impl.FollowerState (FollowerState.java:run(106)) - 365270af-ddf4-4d5a-b2ca-c5b76da69d60:group-B05658A0AB30 changes to CANDIDATE, lastRpcTime:5096, electionTimeout:5096ms
2019-07-13 19:22:11,596 INFO  impl.RoleInfo (RoleInfo.java:shutdownFollowerState(121)) - 365270af-ddf4-4d5a-b2ca-c5b76da69d60: shutdown FollowerState
2019-07-13 19:22:11,596 INFO  impl.RaftServerImpl (RaftServerImpl.java:setRole(171)) - 365270af-ddf4-4d5a-b2ca-c5b76da69d60:group-B05658A0AB30 changes role from FOLLOWER to CANDIDATE at term 0 for changeToCandidate
2019-07-13 19:22:11,596 INFO  impl.RoleInfo (RoleInfo.java:updateAndGet(143)) - 365270af-ddf4-4d5a-b2ca-c5b76da69d60: start LeaderElection
2019-07-13 19:22:11,618 INFO  segmented.SegmentedRaftLogWorker (SegmentedRaftLogWorker.java:execute(569)) - edb20bde-d900-42bd-bbb7-2cc639063cbb-SegmentedRaftLogWorker:Storage Directory /tmp/workdir/hadoop-ozone/integration-test/target/test-dir/MiniOzoneClusterImpl-8ac25ccc-f850-4385-b614-50e0998aea5d/datanode-2/data/ratis/86cc287d-2517-445c-9718-f7f2cecdc02a: created new log segment /tmp/workdir/hadoop-ozone/integration-test/target/test-dir/MiniOzoneClusterImpl-8ac25ccc-f850-4385-b614-50e0998aea5d/datanode-2/data/ratis/86cc287d-2517-445c-9718-f7f2cecdc02a/current/log_inprogress_0
2019-07-13 19:22:11,623 INFO  segmented.SegmentedRaftLogWorker (SegmentedRaftLogWorker.java:execute(569)) - 2bb5f45b-311d-4fce-af42-27d5f93d7f80-SegmentedRaftLogWorker:Storage Directory /tmp/workdir/hadoop-ozone/integration-test/target/test-dir/MiniOzoneClusterImpl-8ac25ccc-f850-4385-b614-50e0998aea5d/datanode-0/data/ratis/86cc287d-2517-445c-9718-f7f2cecdc02a: created new log segment /tmp/workdir/hadoop-ozone/integration-test/target/test-dir/MiniOzoneClusterImpl-8ac25ccc-f850-4385-b614-50e0998aea5d/datanode-0/data/ratis/86cc287d-2517-445c-9718-f7f2cecdc02a/current/log_inprogress_0
2019-07-13 19:22:11,623 INFO  segmented.SegmentedRaftLogWorker (SegmentedRaftLogWorker.java:execute(569)) - 5b3b3b2e-452c-4a37-b606-6e20ad3d9255-SegmentedRaftLogWorker:Storage Directory /tmp/workdir/hadoop-ozone/integration-test/target/test-dir/MiniOzoneClusterImpl-8ac25ccc-f850-4385-b614-50e0998aea5d/datanode-1/data/ratis/86cc287d-2517-445c-9718-f7f2cecdc02a: created new log segment /tmp/workdir/hadoop-ozone/integration-test/target/test-dir/MiniOzoneClusterImpl-8ac25ccc-f850-4385-b614-50e0998aea5d/datanode-1/data/ratis/86cc287d-2517-445c-9718-f7f2cecdc02a/current/log_inprogress_0
2019-07-13 19:22:11,627 INFO  impl.LeaderElection (LeaderElection.java:askForVotes(181)) - 365270af-ddf4-4d5a-b2ca-c5b76da69d60:group-B05658A0AB30:LeaderElection48: begin an election at term 1 for -1: [365270af-ddf4-4d5a-b2ca-c5b76da69d60:192.168.69.122:40671], old=null
2019-07-13 19:22:11,627 INFO  impl.RoleInfo (RoleInfo.java:shutdownLeaderElection(134)) - 365270af-ddf4-4d5a-b2ca-c5b76da69d60: shutdown LeaderElection
2019-07-13 19:22:11,627 INFO  impl.RaftServerImpl (RaftServerImpl.java:setRole(171)) - 365270af-ddf4-4d5a-b2ca-c5b76da69d60:group-B05658A0AB30 changes role from CANDIDATE to LEADER at term 1 for changeToLeader
2019-07-13 19:22:11,627 INFO  impl.RaftServerImpl (ServerState.java:setLeader(263)) - 365270af-ddf4-4d5a-b2ca-c5b76da69d60:group-B05658A0AB30 change Leader from null to 365270af-ddf4-4d5a-b2ca-c5b76da69d60 at term 1 for becomeLeader, leader elected after 5131ms
2019-07-13 19:22:11,630 INFO  server.RaftServerConfigKeys (ConfUtils.java:logGet(43)) - raft.server.staging.catchup.gap = 1000 (default)
2019-07-13 19:22:11,630 INFO  server.RaftServerConfigKeys (ConfUtils.java:logGet(43)) - raft.server.rpc.sleep.time = 25ms (default)
2019-07-13 19:22:11,630 INFO  server.RaftServerConfigKeys (ConfUtils.java:logGet(43)) - raft.server.write.element-limit = 4096 (default)
2019-07-13 19:22:11,630 INFO  server.RaftServerConfigKeys (ConfUtils.java:logGet(43)) - raft.server.watch.timeout = 10s (default)
2019-07-13 19:22:11,630 INFO  server.RaftServerConfigKeys (ConfUtils.java:logGet(43)) - raft.server.watch.timeout.denomination = 1s (default)
2019-07-13 19:22:11,631 INFO  server.RaftServerConfigKeys (ConfUtils.java:logGet(43)) - raft.server.watch.element-limit = 65536 (default)
2019-07-13 19:22:11,631 INFO  impl.RoleInfo (RoleInfo.java:updateAndGet(143)) - 365270af-ddf4-4d5a-b2ca-c5b76da69d60: start LeaderState
2019-07-13 19:22:11,631 INFO  segmented.SegmentedRaftLogWorker (SegmentedRaftLogWorker.java:startLogSegment(380)) - 365270af-ddf4-4d5a-b2ca-c5b76da69d60-SegmentedRaftLogWorker:Storage Directory /tmp/workdir/hadoop-ozone/integration-test/target/test-dir/MiniOzoneClusterImpl-8ac25ccc-f850-4385-b614-50e0998aea5d/datanode-3/data/ratis/fbf194dc-ef4a-46e0-9253-b05658a0ab30: Starting segment from index:0
2019-07-13 19:22:11,632 INFO  impl.RaftServerImpl (ServerState.java:setRaftConf(361)) - 365270af-ddf4-4d5a-b2ca-c5b76da69d60:group-B05658A0AB30 set configuration 0: [365270af-ddf4-4d5a-b2ca-c5b76da69d60:192.168.69.122:40671], old=null at 0
2019-07-13 19:22:11,654 INFO  segmented.SegmentedRaftLogWorker (SegmentedRaftLogWorker.java:execute(569)) - 365270af-ddf4-4d5a-b2ca-c5b76da69d60-SegmentedRaftLogWorker:Storage Directory /tmp/workdir/hadoop-ozone/integration-test/target/test-dir/MiniOzoneClusterImpl-8ac25ccc-f850-4385-b614-50e0998aea5d/datanode-3/data/ratis/fbf194dc-ef4a-46e0-9253-b05658a0ab30: created new log segment /tmp/workdir/hadoop-ozone/integration-test/target/test-dir/MiniOzoneClusterImpl-8ac25ccc-f850-4385-b614-50e0998aea5d/datanode-3/data/ratis/fbf194dc-ef4a-46e0-9253-b05658a0ab30/current/log_inprogress_0
2019-07-13 19:22:11,710 INFO  impl.FollowerState (FollowerState.java:run(106)) - 6c79c513-1c27-44fa-9506-e7c2c2929bbe:group-BABAF7AF4F4F changes to CANDIDATE, lastRpcTime:5048, electionTimeout:5048ms
2019-07-13 19:22:11,710 INFO  impl.RoleInfo (RoleInfo.java:shutdownFollowerState(121)) - 6c79c513-1c27-44fa-9506-e7c2c2929bbe: shutdown FollowerState
2019-07-13 19:22:11,710 INFO  impl.RaftServerImpl (RaftServerImpl.java:setRole(171)) - 6c79c513-1c27-44fa-9506-e7c2c2929bbe:group-BABAF7AF4F4F changes role from FOLLOWER to CANDIDATE at term 0 for changeToCandidate
2019-07-13 19:22:11,710 INFO  impl.RoleInfo (RoleInfo.java:updateAndGet(143)) - 6c79c513-1c27-44fa-9506-e7c2c2929bbe: start LeaderElection
2019-07-13 19:22:11,740 INFO  impl.LeaderElection (LeaderElection.java:askForVotes(181)) - 6c79c513-1c27-44fa-9506-e7c2c2929bbe:group-BABAF7AF4F4F:LeaderElection49: begin an election at term 1 for -1: [6c79c513-1c27-44fa-9506-e7c2c2929bbe:192.168.69.122:35100], old=null
2019-07-13 19:22:11,740 INFO  impl.RoleInfo (RoleInfo.java:shutdownLeaderElection(134)) - 6c79c513-1c27-44fa-9506-e7c2c2929bbe: shutdown LeaderElection
2019-07-13 19:22:11,740 INFO  impl.RaftServerImpl (RaftServerImpl.java:setRole(171)) - 6c79c513-1c27-44fa-9506-e7c2c2929bbe:group-BABAF7AF4F4F changes role from CANDIDATE to LEADER at term 1 for changeToLeader
2019-07-13 19:22:11,741 INFO  impl.RaftServerImpl (ServerState.java:setLeader(263)) - 6c79c513-1c27-44fa-9506-e7c2c2929bbe:group-BABAF7AF4F4F change Leader from null to 6c79c513-1c27-44fa-9506-e7c2c2929bbe at term 1 for becomeLeader, leader elected after 5083ms
2019-07-13 19:22:11,743 INFO  server.RaftServerConfigKeys (ConfUtils.java:logGet(43)) - raft.server.staging.catchup.gap = 1000 (default)
2019-07-13 19:22:11,743 INFO  server.RaftServerConfigKeys (ConfUtils.java:logGet(43)) - raft.server.rpc.sleep.time = 25ms (default)
2019-07-13 19:22:11,743 INFO  server.RaftServerConfigKeys (ConfUtils.java:logGet(43)) - raft.server.write.element-limit = 4096 (default)
2019-07-13 19:22:11,743 INFO  server.RaftServerConfigKeys (ConfUtils.java:logGet(43)) - raft.server.watch.timeout = 10s (default)
2019-07-13 19:22:11,743 INFO  server.RaftServerConfigKeys (ConfUtils.java:logGet(43)) - raft.server.watch.timeout.denomination = 1s (default)
2019-07-13 19:22:11,744 INFO  server.RaftServerConfigKeys (ConfUtils.java:logGet(43)) - raft.server.watch.element-limit = 65536 (default)
2019-07-13 19:22:11,744 INFO  impl.RoleInfo (RoleInfo.java:updateAndGet(143)) - 6c79c513-1c27-44fa-9506-e7c2c2929bbe: start LeaderState
2019-07-13 19:22:11,744 INFO  segmented.SegmentedRaftLogWorker (SegmentedRaftLogWorker.java:startLogSegment(380)) - 6c79c513-1c27-44fa-9506-e7c2c2929bbe-SegmentedRaftLogWorker:Storage Directory /tmp/workdir/hadoop-ozone/integration-test/target/test-dir/MiniOzoneClusterImpl-8ac25ccc-f850-4385-b614-50e0998aea5d/datanode-4/data/ratis/c265c783-c142-4b8d-8a6b-babaf7af4f4f: Starting segment from index:0
2019-07-13 19:22:11,744 INFO  impl.RaftServerImpl (ServerState.java:setRaftConf(361)) - 6c79c513-1c27-44fa-9506-e7c2c2929bbe:group-BABAF7AF4F4F set configuration 0: [6c79c513-1c27-44fa-9506-e7c2c2929bbe:192.168.69.122:35100], old=null at 0
2019-07-13 19:22:11,779 INFO  segmented.SegmentedRaftLogWorker (SegmentedRaftLogWorker.java:execute(569)) - 6c79c513-1c27-44fa-9506-e7c2c2929bbe-SegmentedRaftLogWorker:Storage Directory /tmp/workdir/hadoop-ozone/integration-test/target/test-dir/MiniOzoneClusterImpl-8ac25ccc-f850-4385-b614-50e0998aea5d/datanode-4/data/ratis/c265c783-c142-4b8d-8a6b-babaf7af4f4f: created new log segment /tmp/workdir/hadoop-ozone/integration-test/target/test-dir/MiniOzoneClusterImpl-8ac25ccc-f850-4385-b614-50e0998aea5d/datanode-4/data/ratis/c265c783-c142-4b8d-8a6b-babaf7af4f4f/current/log_inprogress_0
2019-07-13 19:22:11,842 INFO  impl.FollowerState (FollowerState.java:run(106)) - 8bda1305-bea0-4fb6-bdb4-bce9e83556a4:group-EA83358CC07B changes to CANDIDATE, lastRpcTime:5013, electionTimeout:5013ms
2019-07-13 19:22:11,842 INFO  impl.RoleInfo (RoleInfo.java:shutdownFollowerState(121)) - 8bda1305-bea0-4fb6-bdb4-bce9e83556a4: shutdown FollowerState
2019-07-13 19:22:11,842 INFO  impl.RaftServerImpl (RaftServerImpl.java:setRole(171)) - 8bda1305-bea0-4fb6-bdb4-bce9e83556a4:group-EA83358CC07B changes role from FOLLOWER to CANDIDATE at term 0 for changeToCandidate
2019-07-13 19:22:11,842 INFO  impl.RoleInfo (RoleInfo.java:updateAndGet(143)) - 8bda1305-bea0-4fb6-bdb4-bce9e83556a4: start LeaderElection
2019-07-13 19:22:11,871 INFO  impl.LeaderElection (LeaderElection.java:askForVotes(181)) - 8bda1305-bea0-4fb6-bdb4-bce9e83556a4:group-EA83358CC07B:LeaderElection50: begin an election at term 1 for -1: [8bda1305-bea0-4fb6-bdb4-bce9e83556a4:192.168.69.122:41981], old=null
2019-07-13 19:22:11,872 INFO  impl.RoleInfo (RoleInfo.java:shutdownLeaderElection(134)) - 8bda1305-bea0-4fb6-bdb4-bce9e83556a4: shutdown LeaderElection
2019-07-13 19:22:11,872 INFO  impl.RaftServerImpl (RaftServerImpl.java:setRole(171)) - 8bda1305-bea0-4fb6-bdb4-bce9e83556a4:group-EA83358CC07B changes role from CANDIDATE to LEADER at term 1 for changeToLeader
2019-07-13 19:22:11,872 INFO  impl.RaftServerImpl (ServerState.java:setLeader(263)) - 8bda1305-bea0-4fb6-bdb4-bce9e83556a4:group-EA83358CC07B change Leader from null to 8bda1305-bea0-4fb6-bdb4-bce9e83556a4 at term 1 for becomeLeader, leader elected after 5047ms
2019-07-13 19:22:11,874 INFO  server.RaftServerConfigKeys (ConfUtils.java:logGet(43)) - raft.server.staging.catchup.gap = 1000 (default)
2019-07-13 19:22:11,874 INFO  server.RaftServerConfigKeys (ConfUtils.java:logGet(43)) - raft.server.rpc.sleep.time = 25ms (default)
2019-07-13 19:22:11,874 INFO  server.RaftServerConfigKeys (ConfUtils.java:logGet(43)) - raft.server.write.element-limit = 4096 (default)
2019-07-13 19:22:11,875 INFO  server.RaftServerConfigKeys (ConfUtils.java:logGet(43)) - raft.server.watch.timeout = 10s (default)
2019-07-13 19:22:11,875 INFO  server.RaftServerConfigKeys (ConfUtils.java:logGet(43)) - raft.server.watch.timeout.denomination = 1s (default)
2019-07-13 19:22:11,875 INFO  server.RaftServerConfigKeys (ConfUtils.java:logGet(43)) - raft.server.watch.element-limit = 65536 (default)
2019-07-13 19:22:11,875 INFO  impl.RoleInfo (RoleInfo.java:updateAndGet(143)) - 8bda1305-bea0-4fb6-bdb4-bce9e83556a4: start LeaderState
2019-07-13 19:22:11,875 INFO  segmented.SegmentedRaftLogWorker (SegmentedRaftLogWorker.java:startLogSegment(380)) - 8bda1305-bea0-4fb6-bdb4-bce9e83556a4-SegmentedRaftLogWorker:Storage Directory /tmp/workdir/hadoop-ozone/integration-test/target/test-dir/MiniOzoneClusterImpl-8ac25ccc-f850-4385-b614-50e0998aea5d/datanode-5/data/ratis/eabef16c-e699-47c0-a31d-ea83358cc07b: Starting segment from index:0
2019-07-13 19:22:11,876 INFO  impl.RaftServerImpl (ServerState.java:setRaftConf(361)) - 8bda1305-bea0-4fb6-bdb4-bce9e83556a4:group-EA83358CC07B set configuration 0: [8bda1305-bea0-4fb6-bdb4-bce9e83556a4:192.168.69.122:41981], old=null at 0
2019-07-13 19:22:11,902 INFO  impl.FollowerState (FollowerState.java:run(106)) - 6c79c513-1c27-44fa-9506-e7c2c2929bbe:group-0ECE2354CA0D changes to CANDIDATE, lastRpcTime:5008, electionTimeout:5008ms
2019-07-13 19:22:11,902 INFO  impl.RoleInfo (RoleInfo.java:shutdownFollowerState(121)) - 6c79c513-1c27-44fa-9506-e7c2c2929bbe: shutdown FollowerState
2019-07-13 19:22:11,902 INFO  impl.RaftServerImpl (RaftServerImpl.java:setRole(171)) - 6c79c513-1c27-44fa-9506-e7c2c2929bbe:group-0ECE2354CA0D changes role from FOLLOWER to CANDIDATE at term 0 for changeToCandidate
2019-07-13 19:22:11,903 INFO  impl.RoleInfo (RoleInfo.java:updateAndGet(143)) - 6c79c513-1c27-44fa-9506-e7c2c2929bbe: start LeaderElection
2019-07-13 19:22:11,912 INFO  segmented.SegmentedRaftLogWorker (SegmentedRaftLogWorker.java:execute(569)) - 8bda1305-bea0-4fb6-bdb4-bce9e83556a4-SegmentedRaftLogWorker:Storage Directory /tmp/workdir/hadoop-ozone/integration-test/target/test-dir/MiniOzoneClusterImpl-8ac25ccc-f850-4385-b614-50e0998aea5d/datanode-5/data/ratis/eabef16c-e699-47c0-a31d-ea83358cc07b: created new log segment /tmp/workdir/hadoop-ozone/integration-test/target/test-dir/MiniOzoneClusterImpl-8ac25ccc-f850-4385-b614-50e0998aea5d/datanode-5/data/ratis/eabef16c-e699-47c0-a31d-ea83358cc07b/current/log_inprogress_0
2019-07-13 19:22:11,912 INFO  impl.LeaderElection (LeaderElection.java:askForVotes(181)) - 6c79c513-1c27-44fa-9506-e7c2c2929bbe:group-0ECE2354CA0D:LeaderElection51: begin an election at term 1 for -1: [6c79c513-1c27-44fa-9506-e7c2c2929bbe:192.168.69.122:35100, 365270af-ddf4-4d5a-b2ca-c5b76da69d60:192.168.69.122:40671, 8bda1305-bea0-4fb6-bdb4-bce9e83556a4:192.168.69.122:41981], old=null
2019-07-13 19:22:11,923 INFO  impl.RaftServerImpl (RaftServerImpl.java:setRole(171)) - 8bda1305-bea0-4fb6-bdb4-bce9e83556a4:group-0ECE2354CA0D changes role from FOLLOWER to FOLLOWER at term 1 for recognizeCandidate:6c79c513-1c27-44fa-9506-e7c2c2929bbe
2019-07-13 19:22:11,923 INFO  impl.RaftServerImpl (RaftServerImpl.java:setRole(171)) - 365270af-ddf4-4d5a-b2ca-c5b76da69d60:group-0ECE2354CA0D changes role from FOLLOWER to FOLLOWER at term 1 for recognizeCandidate:6c79c513-1c27-44fa-9506-e7c2c2929bbe
2019-07-13 19:22:11,924 INFO  impl.RoleInfo (RoleInfo.java:shutdownFollowerState(121)) - 8bda1305-bea0-4fb6-bdb4-bce9e83556a4: shutdown FollowerState
2019-07-13 19:22:11,924 INFO  impl.RoleInfo (RoleInfo.java:shutdownFollowerState(121)) - 365270af-ddf4-4d5a-b2ca-c5b76da69d60: shutdown FollowerState
2019-07-13 19:22:11,924 INFO  impl.FollowerState (FollowerState.java:run(114)) - 8bda1305-bea0-4fb6-bdb4-bce9e83556a4: FollowerState was interrupted: java.lang.InterruptedException: sleep interrupted
2019-07-13 19:22:11,924 INFO  impl.RoleInfo (RoleInfo.java:updateAndGet(143)) - 8bda1305-bea0-4fb6-bdb4-bce9e83556a4: start FollowerState
2019-07-13 19:22:11,924 INFO  impl.FollowerState (FollowerState.java:run(114)) - 365270af-ddf4-4d5a-b2ca-c5b76da69d60: FollowerState was interrupted: java.lang.InterruptedException: sleep interrupted
2019-07-13 19:22:11,924 INFO  impl.RoleInfo (RoleInfo.java:updateAndGet(143)) - 365270af-ddf4-4d5a-b2ca-c5b76da69d60: start FollowerState
2019-07-13 19:22:11,942 INFO  impl.LeaderElection (LeaderElection.java:logAndReturn(56)) - 6c79c513-1c27-44fa-9506-e7c2c2929bbe:group-0ECE2354CA0D:LeaderElection51: Election PASSED; received 1 response(s) [6c79c513-1c27-44fa-9506-e7c2c2929bbe<-365270af-ddf4-4d5a-b2ca-c5b76da69d60#0:OK-t1] and 0 exception(s); 6c79c513-1c27-44fa-9506-e7c2c2929bbe:t1, leader=null, voted=6c79c513-1c27-44fa-9506-e7c2c2929bbe, raftlog=6c79c513-1c27-44fa-9506-e7c2c2929bbe-SegmentedRaftLog:OPENED:c-1,f-1,i0, conf=-1: [6c79c513-1c27-44fa-9506-e7c2c2929bbe:192.168.69.122:35100, 365270af-ddf4-4d5a-b2ca-c5b76da69d60:192.168.69.122:40671, 8bda1305-bea0-4fb6-bdb4-bce9e83556a4:192.168.69.122:41981], old=null
2019-07-13 19:22:11,942 INFO  impl.RoleInfo (RoleInfo.java:shutdownLeaderElection(134)) - 6c79c513-1c27-44fa-9506-e7c2c2929bbe: shutdown LeaderElection
2019-07-13 19:22:11,944 INFO  impl.RaftServerImpl (RaftServerImpl.java:setRole(171)) - 6c79c513-1c27-44fa-9506-e7c2c2929bbe:group-0ECE2354CA0D changes role from CANDIDATE to LEADER at term 1 for changeToLeader
2019-07-13 19:22:11,944 INFO  impl.RaftServerImpl (ServerState.java:setLeader(263)) - 6c79c513-1c27-44fa-9506-e7c2c2929bbe:group-0ECE2354CA0D change Leader from null to 6c79c513-1c27-44fa-9506-e7c2c2929bbe at term 1 for becomeLeader, leader elected after 5064ms
2019-07-13 19:22:11,944 INFO  server.RaftServerConfigKeys (ConfUtils.java:logGet(43)) - raft.server.staging.catchup.gap = 1000 (default)
2019-07-13 19:22:11,945 INFO  server.RaftServerConfigKeys (ConfUtils.java:logGet(43)) - raft.server.rpc.sleep.time = 25ms (default)
2019-07-13 19:22:11,945 INFO  server.RaftServerConfigKeys (ConfUtils.java:logGet(43)) - raft.server.write.element-limit = 4096 (default)
2019-07-13 19:22:11,945 INFO  server.RaftServerConfigKeys (ConfUtils.java:logGet(43)) - raft.server.watch.timeout = 10s (default)
2019-07-13 19:22:11,945 INFO  server.RaftServerConfigKeys (ConfUtils.java:logGet(43)) - raft.server.watch.timeout.denomination = 1s (default)
2019-07-13 19:22:11,945 INFO  server.RaftServerConfigKeys (ConfUtils.java:logGet(43)) - raft.server.watch.element-limit = 65536 (default)
2019-07-13 19:22:11,946 INFO  server.RaftServerConfigKeys (ConfUtils.java:logGet(43)) - raft.server.log.appender.snapshot.chunk.size.max = 16MB (=16777216) (default)
2019-07-13 19:22:11,946 INFO  server.RaftServerConfigKeys (ConfUtils.java:logGet(43)) - raft.server.log.appender.buffer.byte-limit = 33554432 (custom)
2019-07-13 19:22:11,946 INFO  server.RaftServerConfigKeys (ConfUtils.java:logGet(43)) - raft.server.log.appender.buffer.element-limit = 1 (custom)
2019-07-13 19:22:11,947 INFO  grpc.GrpcConfigKeys$Server (ConfUtils.java:logGet(43)) - raft.grpc.server.leader.outstanding.appends.max = 128 (default)
2019-07-13 19:22:11,947 INFO  server.RaftServerConfigKeys (ConfUtils.java:logGet(43)) - raft.server.rpc.request.timeout = 3000ms (default)
2019-07-13 19:22:11,947 INFO  server.RaftServerConfigKeys (ConfUtils.java:logGet(43)) - raft.server.log.appender.install.snapshot.enabled = false (custom)
2019-07-13 19:22:11,947 INFO  server.RaftServerConfigKeys (ConfUtils.java:logGet(43)) - raft.server.log.appender.snapshot.chunk.size.max = 16MB (=16777216) (default)
2019-07-13 19:22:11,948 INFO  server.RaftServerConfigKeys (ConfUtils.java:logGet(43)) - raft.server.log.appender.buffer.byte-limit = 33554432 (custom)
2019-07-13 19:22:11,948 INFO  server.RaftServerConfigKeys (ConfUtils.java:logGet(43)) - raft.server.log.appender.buffer.element-limit = 1 (custom)
2019-07-13 19:22:11,948 INFO  grpc.GrpcConfigKeys$Server (ConfUtils.java:logGet(43)) - raft.grpc.server.leader.outstanding.appends.max = 128 (default)
2019-07-13 19:22:11,948 INFO  server.RaftServerConfigKeys (ConfUtils.java:logGet(43)) - raft.server.rpc.request.timeout = 3000ms (default)
2019-07-13 19:22:11,949 INFO  server.RaftServerConfigKeys (ConfUtils.java:logGet(43)) - raft.server.log.appender.install.snapshot.enabled = false (custom)
2019-07-13 19:22:11,949 INFO  impl.RoleInfo (RoleInfo.java:updateAndGet(143)) - 6c79c513-1c27-44fa-9506-e7c2c2929bbe: start LeaderState
2019-07-13 19:22:11,949 INFO  segmented.SegmentedRaftLogWorker (SegmentedRaftLogWorker.java:startLogSegment(380)) - 6c79c513-1c27-44fa-9506-e7c2c2929bbe-SegmentedRaftLogWorker:Storage Directory /tmp/workdir/hadoop-ozone/integration-test/target/test-dir/MiniOzoneClusterImpl-8ac25ccc-f850-4385-b614-50e0998aea5d/datanode-4/data/ratis/ba35cda8-5fae-440a-9b96-0ece2354ca0d: Starting segment from index:0
2019-07-13 19:22:11,950 INFO  impl.RaftServerImpl (ServerState.java:setRaftConf(361)) - 6c79c513-1c27-44fa-9506-e7c2c2929bbe:group-0ECE2354CA0D set configuration 0: [6c79c513-1c27-44fa-9506-e7c2c2929bbe:192.168.69.122:35100, 365270af-ddf4-4d5a-b2ca-c5b76da69d60:192.168.69.122:40671, 8bda1305-bea0-4fb6-bdb4-bce9e83556a4:192.168.69.122:41981], old=null at 0
2019-07-13 19:22:11,972 INFO  impl.RaftServerImpl (ServerState.java:setLeader(263)) - 8bda1305-bea0-4fb6-bdb4-bce9e83556a4:group-0ECE2354CA0D change Leader from null to 6c79c513-1c27-44fa-9506-e7c2c2929bbe at term 1 for appendEntries, leader elected after 5092ms
2019-07-13 19:22:11,972 INFO  impl.RaftServerImpl (ServerState.java:setLeader(263)) - 365270af-ddf4-4d5a-b2ca-c5b76da69d60:group-0ECE2354CA0D change Leader from null to 6c79c513-1c27-44fa-9506-e7c2c2929bbe at term 1 for appendEntries, leader elected after 5092ms
2019-07-13 19:22:11,978 INFO  impl.RaftServerImpl (ServerState.java:setRaftConf(361)) - 8bda1305-bea0-4fb6-bdb4-bce9e83556a4:group-0ECE2354CA0D set configuration 0: [6c79c513-1c27-44fa-9506-e7c2c2929bbe:192.168.69.122:35100, 365270af-ddf4-4d5a-b2ca-c5b76da69d60:192.168.69.122:40671, 8bda1305-bea0-4fb6-bdb4-bce9e83556a4:192.168.69.122:41981], old=null at 0
2019-07-13 19:22:11,978 INFO  impl.RaftServerImpl (ServerState.java:setRaftConf(361)) - 365270af-ddf4-4d5a-b2ca-c5b76da69d60:group-0ECE2354CA0D set configuration 0: [6c79c513-1c27-44fa-9506-e7c2c2929bbe:192.168.69.122:35100, 365270af-ddf4-4d5a-b2ca-c5b76da69d60:192.168.69.122:40671, 8bda1305-bea0-4fb6-bdb4-bce9e83556a4:192.168.69.122:41981], old=null at 0
2019-07-13 19:22:11,979 INFO  segmented.SegmentedRaftLogWorker (SegmentedRaftLogWorker.java:startLogSegment(380)) - 8bda1305-bea0-4fb6-bdb4-bce9e83556a4-SegmentedRaftLogWorker:Storage Directory /tmp/workdir/hadoop-ozone/integration-test/target/test-dir/MiniOzoneClusterImpl-8ac25ccc-f850-4385-b614-50e0998aea5d/datanode-5/data/ratis/ba35cda8-5fae-440a-9b96-0ece2354ca0d: Starting segment from index:0
2019-07-13 19:22:11,979 INFO  segmented.SegmentedRaftLogWorker (SegmentedRaftLogWorker.java:startLogSegment(380)) - 365270af-ddf4-4d5a-b2ca-c5b76da69d60-SegmentedRaftLogWorker:Storage Directory /tmp/workdir/hadoop-ozone/integration-test/target/test-dir/MiniOzoneClusterImpl-8ac25ccc-f850-4385-b614-50e0998aea5d/datanode-3/data/ratis/ba35cda8-5fae-440a-9b96-0ece2354ca0d: Starting segment from index:0
2019-07-13 19:22:11,983 INFO  segmented.SegmentedRaftLogWorker (SegmentedRaftLogWorker.java:execute(569)) - 6c79c513-1c27-44fa-9506-e7c2c2929bbe-SegmentedRaftLogWorker:Storage Directory /tmp/workdir/hadoop-ozone/integration-test/target/test-dir/MiniOzoneClusterImpl-8ac25ccc-f850-4385-b614-50e0998aea5d/datanode-4/data/ratis/ba35cda8-5fae-440a-9b96-0ece2354ca0d: created new log segment /tmp/workdir/hadoop-ozone/integration-test/target/test-dir/MiniOzoneClusterImpl-8ac25ccc-f850-4385-b614-50e0998aea5d/datanode-4/data/ratis/ba35cda8-5fae-440a-9b96-0ece2354ca0d/current/log_inprogress_0
2019-07-13 19:22:12,007 INFO  segmented.SegmentedRaftLogWorker (SegmentedRaftLogWorker.java:execute(569)) - 365270af-ddf4-4d5a-b2ca-c5b76da69d60-SegmentedRaftLogWorker:Storage Directory /tmp/workdir/hadoop-ozone/integration-test/target/test-dir/MiniOzoneClusterImpl-8ac25ccc-f850-4385-b614-50e0998aea5d/datanode-3/data/ratis/ba35cda8-5fae-440a-9b96-0ece2354ca0d: created new log segment /tmp/workdir/hadoop-ozone/integration-test/target/test-dir/MiniOzoneClusterImpl-8ac25ccc-f850-4385-b614-50e0998aea5d/datanode-3/data/ratis/ba35cda8-5fae-440a-9b96-0ece2354ca0d/current/log_inprogress_0
2019-07-13 19:22:12,007 INFO  segmented.SegmentedRaftLogWorker (SegmentedRaftLogWorker.java:execute(569)) - 8bda1305-bea0-4fb6-bdb4-bce9e83556a4-SegmentedRaftLogWorker:Storage Directory /tmp/workdir/hadoop-ozone/integration-test/target/test-dir/MiniOzoneClusterImpl-8ac25ccc-f850-4385-b614-50e0998aea5d/datanode-5/data/ratis/ba35cda8-5fae-440a-9b96-0ece2354ca0d: created new log segment /tmp/workdir/hadoop-ozone/integration-test/target/test-dir/MiniOzoneClusterImpl-8ac25ccc-f850-4385-b614-50e0998aea5d/datanode-5/data/ratis/ba35cda8-5fae-440a-9b96-0ece2354ca0d/current/log_inprogress_0
2019-07-13 19:22:12,148 INFO  impl.FollowerState (FollowerState.java:run(106)) - 95668776-f1a2-4718-bfb8-aa19d815cc55:group-A03B09736C66 changes to CANDIDATE, lastRpcTime:5142, electionTimeout:5142ms
2019-07-13 19:22:12,149 INFO  impl.RoleInfo (RoleInfo.java:shutdownFollowerState(121)) - 95668776-f1a2-4718-bfb8-aa19d815cc55: shutdown FollowerState
2019-07-13 19:22:12,149 INFO  impl.RaftServerImpl (RaftServerImpl.java:setRole(171)) - 95668776-f1a2-4718-bfb8-aa19d815cc55:group-A03B09736C66 changes role from FOLLOWER to CANDIDATE at term 0 for changeToCandidate
2019-07-13 19:22:12,149 INFO  impl.RoleInfo (RoleInfo.java:updateAndGet(143)) - 95668776-f1a2-4718-bfb8-aa19d815cc55: start LeaderElection
2019-07-13 19:22:12,168 INFO  impl.LeaderElection (LeaderElection.java:askForVotes(181)) - 95668776-f1a2-4718-bfb8-aa19d815cc55:group-A03B09736C66:LeaderElection52: begin an election at term 1 for -1: [95668776-f1a2-4718-bfb8-aa19d815cc55:192.168.69.122:37970], old=null
2019-07-13 19:22:12,168 INFO  impl.RoleInfo (RoleInfo.java:shutdownLeaderElection(134)) - 95668776-f1a2-4718-bfb8-aa19d815cc55: shutdown LeaderElection
2019-07-13 19:22:12,168 INFO  impl.RaftServerImpl (RaftServerImpl.java:setRole(171)) - 95668776-f1a2-4718-bfb8-aa19d815cc55:group-A03B09736C66 changes role from CANDIDATE to LEADER at term 1 for changeToLeader
2019-07-13 19:22:12,168 INFO  impl.RaftServerImpl (ServerState.java:setLeader(263)) - 95668776-f1a2-4718-bfb8-aa19d815cc55:group-A03B09736C66 change Leader from null to 95668776-f1a2-4718-bfb8-aa19d815cc55 at term 1 for becomeLeader, leader elected after 5167ms
2019-07-13 19:22:12,171 INFO  server.RaftServerConfigKeys (ConfUtils.java:logGet(43)) - raft.server.staging.catchup.gap = 1000 (default)
2019-07-13 19:22:12,171 INFO  server.RaftServerConfigKeys (ConfUtils.java:logGet(43)) - raft.server.rpc.sleep.time = 25ms (default)
2019-07-13 19:22:12,171 INFO  server.RaftServerConfigKeys (ConfUtils.java:logGet(43)) - raft.server.write.element-limit = 4096 (default)
2019-07-13 19:22:12,173 INFO  server.RaftServerConfigKeys (ConfUtils.java:logGet(43)) - raft.server.watch.timeout = 10s (default)
2019-07-13 19:22:12,174 INFO  server.RaftServerConfigKeys (ConfUtils.java:logGet(43)) - raft.server.watch.timeout.denomination = 1s (default)
2019-07-13 19:22:12,174 INFO  client.GrpcClientProtocolClient (GrpcClientProtocolClient.java:onNext(255)) - client-194C571F567E->5b3b3b2e-452c-4a37-b606-6e20ad3d9255: receive RaftClientReply:client-194C571F567E->5b3b3b2e-452c-4a37-b606-6e20ad3d9255@group-820F6CD15153, cid=140, SUCCESS, logIndex=1, commits[5b3b3b2e-452c-4a37-b606-6e20ad3d9255:c1]
2019-07-13 19:22:12,174 INFO  server.RaftServerConfigKeys (ConfUtils.java:logGet(43)) - raft.server.watch.element-limit = 65536 (default)
2019-07-13 19:22:12,174 INFO  impl.RoleInfo (RoleInfo.java:updateAndGet(143)) - 95668776-f1a2-4718-bfb8-aa19d815cc55: start LeaderState
2019-07-13 19:22:12,175 INFO  segmented.SegmentedRaftLogWorker (SegmentedRaftLogWorker.java:startLogSegment(380)) - 95668776-f1a2-4718-bfb8-aa19d815cc55-SegmentedRaftLogWorker:Storage Directory /tmp/workdir/hadoop-ozone/integration-test/target/test-dir/MiniOzoneClusterImpl-8ac25ccc-f850-4385-b614-50e0998aea5d/datanode-6/data/ratis/23f07e9b-4e6c-4add-a933-a03b09736c66: Starting segment from index:0
2019-07-13 19:22:12,175 INFO  impl.RaftServerImpl (ServerState.java:setRaftConf(361)) - 95668776-f1a2-4718-bfb8-aa19d815cc55:group-A03B09736C66 set configuration 0: [95668776-f1a2-4718-bfb8-aa19d815cc55:192.168.69.122:37970], old=null at 0
2019-07-13 19:22:12,212 INFO  segmented.SegmentedRaftLogWorker (SegmentedRaftLogWorker.java:execute(569)) - 95668776-f1a2-4718-bfb8-aa19d815cc55-SegmentedRaftLogWorker:Storage Directory /tmp/workdir/hadoop-ozone/integration-test/target/test-dir/MiniOzoneClusterImpl-8ac25ccc-f850-4385-b614-50e0998aea5d/datanode-6/data/ratis/23f07e9b-4e6c-4add-a933-a03b09736c66: created new log segment /tmp/workdir/hadoop-ozone/integration-test/target/test-dir/MiniOzoneClusterImpl-8ac25ccc-f850-4385-b614-50e0998aea5d/datanode-6/data/ratis/23f07e9b-4e6c-4add-a933-a03b09736c66/current/log_inprogress_0
2019-07-13 19:22:12,228 INFO  client.GrpcClientProtocolClient (GrpcClientProtocolClient.java:onNext(255)) - client-194C571F567E->5b3b3b2e-452c-4a37-b606-6e20ad3d9255: receive RaftClientReply:client-194C571F567E->5b3b3b2e-452c-4a37-b606-6e20ad3d9255@group-820F6CD15153, cid=141, SUCCESS, logIndex=3, commits[5b3b3b2e-452c-4a37-b606-6e20ad3d9255:c4]
2019-07-13 19:22:12,290 INFO  client.GrpcClientProtocolClient (GrpcClientProtocolClient.java:onNext(255)) - client-194C571F567E->5b3b3b2e-452c-4a37-b606-6e20ad3d9255: receive RaftClientReply:client-194C571F567E->5b3b3b2e-452c-4a37-b606-6e20ad3d9255@group-820F6CD15153, cid=142, SUCCESS, logIndex=4, commits[5b3b3b2e-452c-4a37-b606-6e20ad3d9255:c9]
2019-07-13 19:22:12,291 INFO  client.GrpcClientProtocolClient (GrpcClientProtocolClient.java:onNext(255)) - client-194C571F567E->5b3b3b2e-452c-4a37-b606-6e20ad3d9255: receive RaftClientReply:client-194C571F567E->5b3b3b2e-452c-4a37-b606-6e20ad3d9255@group-820F6CD15153, cid=143, SUCCESS, logIndex=5, commits[5b3b3b2e-452c-4a37-b606-6e20ad3d9255:c9]
2019-07-13 19:22:12,291 INFO  client.GrpcClientProtocolClient (GrpcClientProtocolClient.java:onNext(255)) - client-194C571F567E->5b3b3b2e-452c-4a37-b606-6e20ad3d9255: receive RaftClientReply:client-194C571F567E->5b3b3b2e-452c-4a37-b606-6e20ad3d9255@group-820F6CD15153, cid=144, SUCCESS, logIndex=6, commits[5b3b3b2e-452c-4a37-b606-6e20ad3d9255:c9]
2019-07-13 19:22:12,292 INFO  client.GrpcClientProtocolClient (GrpcClientProtocolClient.java:onNext(255)) - client-194C571F567E->5b3b3b2e-452c-4a37-b606-6e20ad3d9255: receive RaftClientReply:client-194C571F567E->5b3b3b2e-452c-4a37-b606-6e20ad3d9255@group-820F6CD15153, cid=145, SUCCESS, logIndex=7, commits[5b3b3b2e-452c-4a37-b606-6e20ad3d9255:c9]
2019-07-13 19:22:12,309 INFO  client.GrpcClientProtocolClient (GrpcClientProtocolClient.java:onNext(255)) - client-194C571F567E->5b3b3b2e-452c-4a37-b606-6e20ad3d9255: receive RaftClientReply:client-194C571F567E->5b3b3b2e-452c-4a37-b606-6e20ad3d9255@group-820F6CD15153, cid=146, SUCCESS, logIndex=10, commits[5b3b3b2e-452c-4a37-b606-6e20ad3d9255:c11]
2019-07-13 19:22:12,310 INFO  client.GrpcClientProtocolClient (GrpcClientProtocolClient.java:onNext(255)) - client-194C571F567E->5b3b3b2e-452c-4a37-b606-6e20ad3d9255: receive RaftClientReply:client-194C571F567E->5b3b3b2e-452c-4a37-b606-6e20ad3d9255@group-820F6CD15153, cid=147, SUCCESS, logIndex=11, commits[5b3b3b2e-452c-4a37-b606-6e20ad3d9255:c12]
2019-07-13 19:22:12,312 INFO  container.CloseContainerEventHandler (CloseContainerEventHandler.java:onMessage(61)) - Close container Event triggered for container : #1
2019-07-13 19:22:14,203 INFO  interfaces.Container (KeyValueContainer.java:compactDB(356)) - Container 1 is closed with bcsId 11.
19:22:14.315 [grpc-default-executor-3] ERROR DNAudit - user=null | ip=null | op=WRITE_CHUNK {blockData=conID: 1 locID: 102435764833026059 bcsId: 11} | ret=FAILURE
org.apache.hadoop.hdds.scm.container.common.helpers.ContainerNotOpenException: Container 1 in CLOSED state
	at org.apache.hadoop.ozone.container.common.impl.HddsDispatcher.validateContainerCommand(HddsDispatcher.java:408) ~[hadoop-hdds-container-service-0.5.0-SNAPSHOT.jar:?]
	at org.apache.hadoop.ozone.container.common.transport.server.ratis.ContainerStateMachine.startTransaction(ContainerStateMachine.java:271) ~[hadoop-hdds-container-service-0.5.0-SNAPSHOT.jar:?]
	at org.apache.ratis.server.impl.RaftServerImpl.submitClientRequestAsync(RaftServerImpl.java:566) ~[ratis-server-0.4.0-2337318-SNAPSHOT.jar:0.4.0-2337318-SNAPSHOT]
	at org.apache.ratis.server.impl.RaftServerProxy.lambda$submitClientRequestAsync$7(RaftServerProxy.java:333) ~[ratis-server-0.4.0-2337318-SNAPSHOT.jar:0.4.0-2337318-SNAPSHOT]
	at org.apache.ratis.server.impl.RaftServerProxy.lambda$null$5(RaftServerProxy.java:328) ~[ratis-server-0.4.0-2337318-SNAPSHOT.jar:0.4.0-2337318-SNAPSHOT]
	at org.apache.ratis.util.JavaUtils.callAsUnchecked(JavaUtils.java:109) ~[ratis-common-0.4.0-2337318-SNAPSHOT.jar:0.4.0-2337318-SNAPSHOT]
	at org.apache.ratis.server.impl.RaftServerProxy.lambda$submitRequest$6(RaftServerProxy.java:328) ~[ratis-server-0.4.0-2337318-SNAPSHOT.jar:0.4.0-2337318-SNAPSHOT]
	at java.util.concurrent.CompletableFuture.uniComposeStage(CompletableFuture.java:981) ~[?:1.8.0_212]
	at java.util.concurrent.CompletableFuture.thenCompose(CompletableFuture.java:2124) ~[?:1.8.0_212]
	at org.apache.ratis.server.impl.RaftServerProxy.submitRequest(RaftServerProxy.java:327) ~[ratis-server-0.4.0-2337318-SNAPSHOT.jar:0.4.0-2337318-SNAPSHOT]
	at org.apache.ratis.server.impl.RaftServerProxy.submitClientRequestAsync(RaftServerProxy.java:333) ~[ratis-server-0.4.0-2337318-SNAPSHOT.jar:0.4.0-2337318-SNAPSHOT]
	at org.apache.ratis.grpc.client.GrpcClientProtocolService$RequestStreamObserver.processClientRequest(GrpcClientProtocolService.java:220) ~[ratis-grpc-0.4.0-2337318-SNAPSHOT.jar:0.4.0-2337318-SNAPSHOT]
	at org.apache.ratis.grpc.client.GrpcClientProtocolService$OrderedRequestStreamObserver.processClientRequest(GrpcClientProtocolService.java:326) ~[ratis-grpc-0.4.0-2337318-SNAPSHOT.jar:0.4.0-2337318-SNAPSHOT]
	at org.apache.ratis.util.SlidingWindow$Server.processRequestsFromHead(SlidingWindow.java:429) [ratis-common-0.4.0-2337318-SNAPSHOT.jar:0.4.0-2337318-SNAPSHOT]
	at org.apache.ratis.util.SlidingWindow$Server.receivedRequest(SlidingWindow.java:421) [ratis-common-0.4.0-2337318-SNAPSHOT.jar:0.4.0-2337318-SNAPSHOT]
	at org.apache.ratis.grpc.client.GrpcClientProtocolService$OrderedRequestStreamObserver.processClientRequest(GrpcClientProtocolService.java:345) [ratis-grpc-0.4.0-2337318-SNAPSHOT.jar:0.4.0-2337318-SNAPSHOT]
	at org.apache.ratis.grpc.client.GrpcClientProtocolService$RequestStreamObserver.onNext(GrpcClientProtocolService.java:240) [ratis-grpc-0.4.0-2337318-SNAPSHOT.jar:0.4.0-2337318-SNAPSHOT]
	at org.apache.ratis.grpc.client.GrpcClientProtocolService$RequestStreamObserver.onNext(GrpcClientProtocolService.java:168) [ratis-grpc-0.4.0-2337318-SNAPSHOT.jar:0.4.0-2337318-SNAPSHOT]
	at org.apache.ratis.thirdparty.io.grpc.stub.ServerCalls$StreamingServerCallHandler$StreamingServerCallListener.onMessage(ServerCalls.java:248) [ratis-thirdparty-misc-0.2.0.jar:0.2.0]
	at org.apache.ratis.thirdparty.io.grpc.internal.ServerCallImpl$ServerStreamListenerImpl.messagesAvailable(ServerCallImpl.java:263) [ratis-thirdparty-misc-0.2.0.jar:0.2.0]
	at org.apache.ratis.thirdparty.io.grpc.internal.ServerImpl$JumpToApplicationThreadServerStreamListener$1MessagesAvailable.runInContext(ServerImpl.java:686) [ratis-thirdparty-misc-0.2.0.jar:0.2.0]
	at org.apache.ratis.thirdparty.io.grpc.internal.ContextRunnable.run(ContextRunnable.java:37) [ratis-thirdparty-misc-0.2.0.jar:0.2.0]
	at org.apache.ratis.thirdparty.io.grpc.internal.SerializingExecutor.run(SerializingExecutor.java:123) [ratis-thirdparty-misc-0.2.0.jar:0.2.0]
	at java.util.concurrent.ThreadPoolExecutor.runWorker(ThreadPoolExecutor.java:1149) [?:1.8.0_212]
	at java.util.concurrent.ThreadPoolExecutor$Worker.run(ThreadPoolExecutor.java:624) [?:1.8.0_212]
	at java.lang.Thread.run(Thread.java:748) [?:1.8.0_212]
19:22:14.325 [grpc-default-executor-3] ERROR DNAudit - user=null | ip=null | op=WRITE_CHUNK {blockData=conID: 1 locID: 102435764833026059 bcsId: 11} | ret=FAILURE
org.apache.hadoop.hdds.scm.container.common.helpers.ContainerNotOpenException: Container 1 in CLOSED state
	at org.apache.hadoop.ozone.container.common.impl.HddsDispatcher.validateContainerCommand(HddsDispatcher.java:408) ~[hadoop-hdds-container-service-0.5.0-SNAPSHOT.jar:?]
	at org.apache.hadoop.ozone.container.common.transport.server.ratis.ContainerStateMachine.startTransaction(ContainerStateMachine.java:271) ~[hadoop-hdds-container-service-0.5.0-SNAPSHOT.jar:?]
	at org.apache.ratis.server.impl.RaftServerImpl.submitClientRequestAsync(RaftServerImpl.java:566) ~[ratis-server-0.4.0-2337318-SNAPSHOT.jar:0.4.0-2337318-SNAPSHOT]
	at org.apache.ratis.server.impl.RaftServerProxy.lambda$submitClientRequestAsync$7(RaftServerProxy.java:333) ~[ratis-server-0.4.0-2337318-SNAPSHOT.jar:0.4.0-2337318-SNAPSHOT]
	at org.apache.ratis.server.impl.RaftServerProxy.lambda$null$5(RaftServerProxy.java:328) ~[ratis-server-0.4.0-2337318-SNAPSHOT.jar:0.4.0-2337318-SNAPSHOT]
	at org.apache.ratis.util.JavaUtils.callAsUnchecked(JavaUtils.java:109) ~[ratis-common-0.4.0-2337318-SNAPSHOT.jar:0.4.0-2337318-SNAPSHOT]
	at org.apache.ratis.server.impl.RaftServerProxy.lambda$submitRequest$6(RaftServerProxy.java:328) ~[ratis-server-0.4.0-2337318-SNAPSHOT.jar:0.4.0-2337318-SNAPSHOT]
	at java.util.concurrent.CompletableFuture.uniComposeStage(CompletableFuture.java:981) ~[?:1.8.0_212]
	at java.util.concurrent.CompletableFuture.thenCompose(CompletableFuture.java:2124) ~[?:1.8.0_212]
	at org.apache.ratis.server.impl.RaftServerProxy.submitRequest(RaftServerProxy.java:327) ~[ratis-server-0.4.0-2337318-SNAPSHOT.jar:0.4.0-2337318-SNAPSHOT]
	at org.apache.ratis.server.impl.RaftServerProxy.submitClientRequestAsync(RaftServerProxy.java:333) ~[ratis-server-0.4.0-2337318-SNAPSHOT.jar:0.4.0-2337318-SNAPSHOT]
	at org.apache.ratis.grpc.client.GrpcClientProtocolService$RequestStreamObserver.processClientRequest(GrpcClientProtocolService.java:220) ~[ratis-grpc-0.4.0-2337318-SNAPSHOT.jar:0.4.0-2337318-SNAPSHOT]
	at org.apache.ratis.grpc.client.GrpcClientProtocolService$OrderedRequestStreamObserver.processClientRequest(GrpcClientProtocolService.java:326) ~[ratis-grpc-0.4.0-2337318-SNAPSHOT.jar:0.4.0-2337318-SNAPSHOT]
	at org.apache.ratis.util.SlidingWindow$Server.processRequestsFromHead(SlidingWindow.java:429) [ratis-common-0.4.0-2337318-SNAPSHOT.jar:0.4.0-2337318-SNAPSHOT]
	at org.apache.ratis.util.SlidingWindow$Server.receivedRequest(SlidingWindow.java:421) [ratis-common-0.4.0-2337318-SNAPSHOT.jar:0.4.0-2337318-SNAPSHOT]
	at org.apache.ratis.grpc.client.GrpcClientProtocolService$OrderedRequestStreamObserver.processClientRequest(GrpcClientProtocolService.java:345) [ratis-grpc-0.4.0-2337318-SNAPSHOT.jar:0.4.0-2337318-SNAPSHOT]
	at org.apache.ratis.grpc.client.GrpcClientProtocolService$RequestStreamObserver.onNext(GrpcClientProtocolService.java:240) [ratis-grpc-0.4.0-2337318-SNAPSHOT.jar:0.4.0-2337318-SNAPSHOT]
	at org.apache.ratis.grpc.client.GrpcClientProtocolService$RequestStreamObserver.onNext(GrpcClientProtocolService.java:168) [ratis-grpc-0.4.0-2337318-SNAPSHOT.jar:0.4.0-2337318-SNAPSHOT]
	at org.apache.ratis.thirdparty.io.grpc.stub.ServerCalls$StreamingServerCallHandler$StreamingServerCallListener.onMessage(ServerCalls.java:248) [ratis-thirdparty-misc-0.2.0.jar:0.2.0]
	at org.apache.ratis.thirdparty.io.grpc.internal.ServerCallImpl$ServerStreamListenerImpl.messagesAvailable(ServerCallImpl.java:263) [ratis-thirdparty-misc-0.2.0.jar:0.2.0]
	at org.apache.ratis.thirdparty.io.grpc.internal.ServerImpl$JumpToApplicationThreadServerStreamListener$1MessagesAvailable.runInContext(ServerImpl.java:686) [ratis-thirdparty-misc-0.2.0.jar:0.2.0]
	at org.apache.ratis.thirdparty.io.grpc.internal.ContextRunnable.run(ContextRunnable.java:37) [ratis-thirdparty-misc-0.2.0.jar:0.2.0]
	at org.apache.ratis.thirdparty.io.grpc.internal.SerializingExecutor.run(SerializingExecutor.java:123) [ratis-thirdparty-misc-0.2.0.jar:0.2.0]
	at java.util.concurrent.ThreadPoolExecutor.runWorker(ThreadPoolExecutor.java:1149) [?:1.8.0_212]
	at java.util.concurrent.ThreadPoolExecutor$Worker.run(ThreadPoolExecutor.java:624) [?:1.8.0_212]
	at java.lang.Thread.run(Thread.java:748) [?:1.8.0_212]
2019-07-13 19:22:14,327 INFO  client.GrpcClientProtocolClient (GrpcClientProtocolClient.java:onNext(255)) - client-194C571F567E->5b3b3b2e-452c-4a37-b606-6e20ad3d9255: receive RaftClientReply:client-194C571F567E->5b3b3b2e-452c-4a37-b606-6e20ad3d9255@group-820F6CD15153, cid=148, FAILED org.apache.ratis.protocol.StateMachineException: org.apache.hadoop.hdds.scm.container.common.helpers.ContainerNotOpenException from Server 5b3b3b2e-452c-4a37-b606-6e20ad3d9255: Container 1 in CLOSED state, logIndex=0, commits[5b3b3b2e-452c-4a37-b606-6e20ad3d9255:c15]
19:22:14.327 [grpc-default-executor-3] ERROR DNAudit - user=null | ip=null | op=PUT_BLOCK {blockData=[blockId=conID: 1 locID: 102435764833026059 bcsId: 0,size=650]} | ret=FAILURE
org.apache.hadoop.hdds.scm.container.common.helpers.ContainerNotOpenException: Container 1 in CLOSED state
	at org.apache.hadoop.ozone.container.common.impl.HddsDispatcher.validateContainerCommand(HddsDispatcher.java:408) ~[hadoop-hdds-container-service-0.5.0-SNAPSHOT.jar:?]
	at org.apache.hadoop.ozone.container.common.transport.server.ratis.ContainerStateMachine.startTransaction(ContainerStateMachine.java:271) ~[hadoop-hdds-container-service-0.5.0-SNAPSHOT.jar:?]
	at org.apache.ratis.server.impl.RaftServerImpl.submitClientRequestAsync(RaftServerImpl.java:566) ~[ratis-server-0.4.0-2337318-SNAPSHOT.jar:0.4.0-2337318-SNAPSHOT]
	at org.apache.ratis.server.impl.RaftServerProxy.lambda$submitClientRequestAsync$7(RaftServerProxy.java:333) ~[ratis-server-0.4.0-2337318-SNAPSHOT.jar:0.4.0-2337318-SNAPSHOT]
	at org.apache.ratis.server.impl.RaftServerProxy.lambda$null$5(RaftServerProxy.java:328) ~[ratis-server-0.4.0-2337318-SNAPSHOT.jar:0.4.0-2337318-SNAPSHOT]
	at org.apache.ratis.util.JavaUtils.callAsUnchecked(JavaUtils.java:109) ~[ratis-common-0.4.0-2337318-SNAPSHOT.jar:0.4.0-2337318-SNAPSHOT]
	at org.apache.ratis.server.impl.RaftServerProxy.lambda$submitRequest$6(RaftServerProxy.java:328) ~[ratis-server-0.4.0-2337318-SNAPSHOT.jar:0.4.0-2337318-SNAPSHOT]
	at java.util.concurrent.CompletableFuture.uniComposeStage(CompletableFuture.java:981) ~[?:1.8.0_212]
	at java.util.concurrent.CompletableFuture.thenCompose(CompletableFuture.java:2124) ~[?:1.8.0_212]
	at org.apache.ratis.server.impl.RaftServerProxy.submitRequest(RaftServerProxy.java:327) ~[ratis-server-0.4.0-2337318-SNAPSHOT.jar:0.4.0-2337318-SNAPSHOT]
	at org.apache.ratis.server.impl.RaftServerProxy.submitClientRequestAsync(RaftServerProxy.java:333) ~[ratis-server-0.4.0-2337318-SNAPSHOT.jar:0.4.0-2337318-SNAPSHOT]
	at org.apache.ratis.grpc.client.GrpcClientProtocolService$RequestStreamObserver.processClientRequest(GrpcClientProtocolService.java:220) ~[ratis-grpc-0.4.0-2337318-SNAPSHOT.jar:0.4.0-2337318-SNAPSHOT]
	at org.apache.ratis.grpc.client.GrpcClientProtocolService$OrderedRequestStreamObserver.processClientRequest(GrpcClientProtocolService.java:326) ~[ratis-grpc-0.4.0-2337318-SNAPSHOT.jar:0.4.0-2337318-SNAPSHOT]
	at org.apache.ratis.util.SlidingWindow$Server.processRequestsFromHead(SlidingWindow.java:429) [ratis-common-0.4.0-2337318-SNAPSHOT.jar:0.4.0-2337318-SNAPSHOT]
	at org.apache.ratis.util.SlidingWindow$Server.receivedRequest(SlidingWindow.java:421) [ratis-common-0.4.0-2337318-SNAPSHOT.jar:0.4.0-2337318-SNAPSHOT]
	at org.apache.ratis.grpc.client.GrpcClientProtocolService$OrderedRequestStreamObserver.processClientRequest(GrpcClientProtocolService.java:345) [ratis-grpc-0.4.0-2337318-SNAPSHOT.jar:0.4.0-2337318-SNAPSHOT]
	at org.apache.ratis.grpc.client.GrpcClientProtocolService$RequestStreamObserver.onNext(GrpcClientProtocolService.java:240) [ratis-grpc-0.4.0-2337318-SNAPSHOT.jar:0.4.0-2337318-SNAPSHOT]
	at org.apache.ratis.grpc.client.GrpcClientProtocolService$RequestStreamObserver.onNext(GrpcClientProtocolService.java:168) [ratis-grpc-0.4.0-2337318-SNAPSHOT.jar:0.4.0-2337318-SNAPSHOT]
	at org.apache.ratis.thirdparty.io.grpc.stub.ServerCalls$StreamingServerCallHandler$StreamingServerCallListener.onMessage(ServerCalls.java:248) [ratis-thirdparty-misc-0.2.0.jar:0.2.0]
	at org.apache.ratis.thirdparty.io.grpc.internal.ServerCallImpl$ServerStreamListenerImpl.messagesAvailable(ServerCallImpl.java:263) [ratis-thirdparty-misc-0.2.0.jar:0.2.0]
	at org.apache.ratis.thirdparty.io.grpc.internal.ServerImpl$JumpToApplicationThreadServerStreamListener$1MessagesAvailable.runInContext(ServerImpl.java:686) [ratis-thirdparty-misc-0.2.0.jar:0.2.0]
	at org.apache.ratis.thirdparty.io.grpc.internal.ContextRunnable.run(ContextRunnable.java:37) [ratis-thirdparty-misc-0.2.0.jar:0.2.0]
	at org.apache.ratis.thirdparty.io.grpc.internal.SerializingExecutor.run(SerializingExecutor.java:123) [ratis-thirdparty-misc-0.2.0.jar:0.2.0]
	at java.util.concurrent.ThreadPoolExecutor.runWorker(ThreadPoolExecutor.java:1149) [?:1.8.0_212]
	at java.util.concurrent.ThreadPoolExecutor$Worker.run(ThreadPoolExecutor.java:624) [?:1.8.0_212]
	at java.lang.Thread.run(Thread.java:748) [?:1.8.0_212]
19:22:14.335 [grpc-default-executor-3] ERROR DNAudit - user=null | ip=null | op=WRITE_CHUNK {blockData=conID: 1 locID: 102435764833026059 bcsId: 11} | ret=FAILURE
org.apache.hadoop.hdds.scm.container.common.helpers.ContainerNotOpenException: Container 1 in CLOSED state
	at org.apache.hadoop.ozone.container.common.impl.HddsDispatcher.validateContainerCommand(HddsDispatcher.java:408) ~[hadoop-hdds-container-service-0.5.0-SNAPSHOT.jar:?]
	at org.apache.hadoop.ozone.container.common.transport.server.ratis.ContainerStateMachine.startTransaction(ContainerStateMachine.java:271) ~[hadoop-hdds-container-service-0.5.0-SNAPSHOT.jar:?]
	at org.apache.ratis.server.impl.RaftServerImpl.submitClientRequestAsync(RaftServerImpl.java:566) ~[ratis-server-0.4.0-2337318-SNAPSHOT.jar:0.4.0-2337318-SNAPSHOT]
	at org.apache.ratis.server.impl.RaftServerProxy.lambda$submitClientRequestAsync$7(RaftServerProxy.java:333) ~[ratis-server-0.4.0-2337318-SNAPSHOT.jar:0.4.0-2337318-SNAPSHOT]
	at org.apache.ratis.server.impl.RaftServerProxy.lambda$null$5(RaftServerProxy.java:328) ~[ratis-server-0.4.0-2337318-SNAPSHOT.jar:0.4.0-2337318-SNAPSHOT]
	at org.apache.ratis.util.JavaUtils.callAsUnchecked(JavaUtils.java:109) ~[ratis-common-0.4.0-2337318-SNAPSHOT.jar:0.4.0-2337318-SNAPSHOT]
	at org.apache.ratis.server.impl.RaftServerProxy.lambda$submitRequest$6(RaftServerProxy.java:328) ~[ratis-server-0.4.0-2337318-SNAPSHOT.jar:0.4.0-2337318-SNAPSHOT]
	at java.util.concurrent.CompletableFuture.uniComposeStage(CompletableFuture.java:981) ~[?:1.8.0_212]
	at java.util.concurrent.CompletableFuture.thenCompose(CompletableFuture.java:2124) ~[?:1.8.0_212]
	at org.apache.ratis.server.impl.RaftServerProxy.submitRequest(RaftServerProxy.java:327) ~[ratis-server-0.4.0-2337318-SNAPSHOT.jar:0.4.0-2337318-SNAPSHOT]
	at org.apache.ratis.server.impl.RaftServerProxy.submitClientRequestAsync(RaftServerProxy.java:333) ~[ratis-server-0.4.0-2337318-SNAPSHOT.jar:0.4.0-2337318-SNAPSHOT]
	at org.apache.ratis.grpc.client.GrpcClientProtocolService$RequestStreamObserver.processClientRequest(GrpcClientProtocolService.java:220) ~[ratis-grpc-0.4.0-2337318-SNAPSHOT.jar:0.4.0-2337318-SNAPSHOT]
	at org.apache.ratis.grpc.client.GrpcClientProtocolService$OrderedRequestStreamObserver.processClientRequest(GrpcClientProtocolService.java:326) ~[ratis-grpc-0.4.0-2337318-SNAPSHOT.jar:0.4.0-2337318-SNAPSHOT]
	at org.apache.ratis.util.SlidingWindow$Server.processRequestsFromHead(SlidingWindow.java:429) [ratis-common-0.4.0-2337318-SNAPSHOT.jar:0.4.0-2337318-SNAPSHOT]
	at org.apache.ratis.util.SlidingWindow$Server.receivedRequest(SlidingWindow.java:421) [ratis-common-0.4.0-2337318-SNAPSHOT.jar:0.4.0-2337318-SNAPSHOT]
	at org.apache.ratis.grpc.client.GrpcClientProtocolService$OrderedRequestStreamObserver.processClientRequest(GrpcClientProtocolService.java:345) [ratis-grpc-0.4.0-2337318-SNAPSHOT.jar:0.4.0-2337318-SNAPSHOT]
	at org.apache.ratis.grpc.client.GrpcClientProtocolService$RequestStreamObserver.onNext(GrpcClientProtocolService.java:240) [ratis-grpc-0.4.0-2337318-SNAPSHOT.jar:0.4.0-2337318-SNAPSHOT]
	at org.apache.ratis.grpc.client.GrpcClientProtocolService$RequestStreamObserver.onNext(GrpcClientProtocolService.java:168) [ratis-grpc-0.4.0-2337318-SNAPSHOT.jar:0.4.0-2337318-SNAPSHOT]
	at org.apache.ratis.thirdparty.io.grpc.stub.ServerCalls$StreamingServerCallHandler$StreamingServerCallListener.onMessage(ServerCalls.java:248) [ratis-thirdparty-misc-0.2.0.jar:0.2.0]
	at org.apache.ratis.thirdparty.io.grpc.internal.ServerCallImpl$ServerStreamListenerImpl.messagesAvailable(ServerCallImpl.java:263) [ratis-thirdparty-misc-0.2.0.jar:0.2.0]
	at org.apache.ratis.thirdparty.io.grpc.internal.ServerImpl$JumpToApplicationThreadServerStreamListener$1MessagesAvailable.runInContext(ServerImpl.java:686) [ratis-thirdparty-misc-0.2.0.jar:0.2.0]
	at org.apache.ratis.thirdparty.io.grpc.internal.ContextRunnable.run(ContextRunnable.java:37) [ratis-thirdparty-misc-0.2.0.jar:0.2.0]
	at org.apache.ratis.thirdparty.io.grpc.internal.SerializingExecutor.run(SerializingExecutor.java:123) [ratis-thirdparty-misc-0.2.0.jar:0.2.0]
	at java.util.concurrent.ThreadPoolExecutor.runWorker(ThreadPoolExecutor.java:1149) [?:1.8.0_212]
	at java.util.concurrent.ThreadPoolExecutor$Worker.run(ThreadPoolExecutor.java:624) [?:1.8.0_212]
	at java.lang.Thread.run(Thread.java:748) [?:1.8.0_212]
2019-07-13 19:22:14,337 INFO  client.GrpcClientProtocolClient (GrpcClientProtocolClient.java:onNext(255)) - client-194C571F567E->5b3b3b2e-452c-4a37-b606-6e20ad3d9255: receive RaftClientReply:client-194C571F567E->5b3b3b2e-452c-4a37-b606-6e20ad3d9255@group-820F6CD15153, cid=149, FAILED org.apache.ratis.protocol.StateMachineException: org.apache.hadoop.hdds.scm.container.common.helpers.ContainerNotOpenException from Server 5b3b3b2e-452c-4a37-b606-6e20ad3d9255: Container 1 in CLOSED state, logIndex=0, commits[5b3b3b2e-452c-4a37-b606-6e20ad3d9255:c15]
19:22:14.343 [grpc-default-executor-3] ERROR DNAudit - user=null | ip=null | op=WRITE_CHUNK {blockData=conID: 1 locID: 102435764833026059 bcsId: 11} | ret=FAILURE
org.apache.hadoop.hdds.scm.container.common.helpers.ContainerNotOpenException: Container 1 in CLOSED state
	at org.apache.hadoop.ozone.container.common.impl.HddsDispatcher.validateContainerCommand(HddsDispatcher.java:408) ~[hadoop-hdds-container-service-0.5.0-SNAPSHOT.jar:?]
	at org.apache.hadoop.ozone.container.common.transport.server.ratis.ContainerStateMachine.startTransaction(ContainerStateMachine.java:271) ~[hadoop-hdds-container-service-0.5.0-SNAPSHOT.jar:?]
	at org.apache.ratis.server.impl.RaftServerImpl.submitClientRequestAsync(RaftServerImpl.java:566) ~[ratis-server-0.4.0-2337318-SNAPSHOT.jar:0.4.0-2337318-SNAPSHOT]
	at org.apache.ratis.server.impl.RaftServerProxy.lambda$submitClientRequestAsync$7(RaftServerProxy.java:333) ~[ratis-server-0.4.0-2337318-SNAPSHOT.jar:0.4.0-2337318-SNAPSHOT]
	at org.apache.ratis.server.impl.RaftServerProxy.lambda$null$5(RaftServerProxy.java:328) ~[ratis-server-0.4.0-2337318-SNAPSHOT.jar:0.4.0-2337318-SNAPSHOT]
	at org.apache.ratis.util.JavaUtils.callAsUnchecked(JavaUtils.java:109) ~[ratis-common-0.4.0-2337318-SNAPSHOT.jar:0.4.0-2337318-SNAPSHOT]
	at org.apache.ratis.server.impl.RaftServerProxy.lambda$submitRequest$6(RaftServerProxy.java:328) ~[ratis-server-0.4.0-2337318-SNAPSHOT.jar:0.4.0-2337318-SNAPSHOT]
	at java.util.concurrent.CompletableFuture.uniComposeStage(CompletableFuture.java:981) ~[?:1.8.0_212]
	at java.util.concurrent.CompletableFuture.thenCompose(CompletableFuture.java:2124) ~[?:1.8.0_212]
	at org.apache.ratis.server.impl.RaftServerProxy.submitRequest(RaftServerProxy.java:327) ~[ratis-server-0.4.0-2337318-SNAPSHOT.jar:0.4.0-2337318-SNAPSHOT]
	at org.apache.ratis.server.impl.RaftServerProxy.submitClientRequestAsync(RaftServerProxy.java:333) ~[ratis-server-0.4.0-2337318-SNAPSHOT.jar:0.4.0-2337318-SNAPSHOT]
	at org.apache.ratis.grpc.client.GrpcClientProtocolService$RequestStreamObserver.processClientRequest(GrpcClientProtocolService.java:220) ~[ratis-grpc-0.4.0-2337318-SNAPSHOT.jar:0.4.0-2337318-SNAPSHOT]
	at org.apache.ratis.grpc.client.GrpcClientProtocolService$OrderedRequestStreamObserver.processClientRequest(GrpcClientProtocolService.java:326) ~[ratis-grpc-0.4.0-2337318-SNAPSHOT.jar:0.4.0-2337318-SNAPSHOT]
	at org.apache.ratis.util.SlidingWindow$Server.processRequestsFromHead(SlidingWindow.java:429) [ratis-common-0.4.0-2337318-SNAPSHOT.jar:0.4.0-2337318-SNAPSHOT]
	at org.apache.ratis.util.SlidingWindow$Server.receivedRequest(SlidingWindow.java:421) [ratis-common-0.4.0-2337318-SNAPSHOT.jar:0.4.0-2337318-SNAPSHOT]
	at org.apache.ratis.grpc.client.GrpcClientProtocolService$OrderedRequestStreamObserver.processClientRequest(GrpcClientProtocolService.java:345) [ratis-grpc-0.4.0-2337318-SNAPSHOT.jar:0.4.0-2337318-SNAPSHOT]
	at org.apache.ratis.grpc.client.GrpcClientProtocolService$RequestStreamObserver.onNext(GrpcClientProtocolService.java:240) [ratis-grpc-0.4.0-2337318-SNAPSHOT.jar:0.4.0-2337318-SNAPSHOT]
	at org.apache.ratis.grpc.client.GrpcClientProtocolService$RequestStreamObserver.onNext(GrpcClientProtocolService.java:168) [ratis-grpc-0.4.0-2337318-SNAPSHOT.jar:0.4.0-2337318-SNAPSHOT]
	at org.apache.ratis.thirdparty.io.grpc.stub.ServerCalls$StreamingServerCallHandler$StreamingServerCallListener.onMessage(ServerCalls.java:248) [ratis-thirdparty-misc-0.2.0.jar:0.2.0]
	at org.apache.ratis.thirdparty.io.grpc.internal.ServerCallImpl$ServerStreamListenerImpl.messagesAvailable(ServerCallImpl.java:263) [ratis-thirdparty-misc-0.2.0.jar:0.2.0]
	at org.apache.ratis.thirdparty.io.grpc.internal.ServerImpl$JumpToApplicationThreadServerStreamListener$1MessagesAvailable.runInContext(ServerImpl.java:686) [ratis-thirdparty-misc-0.2.0.jar:0.2.0]
	at org.apache.ratis.thirdparty.io.grpc.internal.ContextRunnable.run(ContextRunnable.java:37) [ratis-thirdparty-misc-0.2.0.jar:0.2.0]
	at org.apache.ratis.thirdparty.io.grpc.internal.SerializingExecutor.run(SerializingExecutor.java:123) [ratis-thirdparty-misc-0.2.0.jar:0.2.0]
	at java.util.concurrent.ThreadPoolExecutor.runWorker(ThreadPoolExecutor.java:1149) [?:1.8.0_212]
	at java.util.concurrent.ThreadPoolExecutor$Worker.run(ThreadPoolExecutor.java:624) [?:1.8.0_212]
	at java.lang.Thread.run(Thread.java:748) [?:1.8.0_212]
2019-07-13 19:22:14,349 INFO  client.GrpcClientProtocolClient (GrpcClientProtocolClient.java:onNext(255)) - client-194C571F567E->5b3b3b2e-452c-4a37-b606-6e20ad3d9255: receive RaftClientReply:client-194C571F567E->5b3b3b2e-452c-4a37-b606-6e20ad3d9255@group-820F6CD15153, cid=150, FAILED org.apache.ratis.protocol.StateMachineException: org.apache.hadoop.hdds.scm.container.common.helpers.ContainerNotOpenException from Server 5b3b3b2e-452c-4a37-b606-6e20ad3d9255: Container 1 in CLOSED state, logIndex=0, commits[5b3b3b2e-452c-4a37-b606-6e20ad3d9255:c15]
19:22:14.350 [grpc-default-executor-3] ERROR DNAudit - user=null | ip=null | op=PUT_BLOCK {blockData=[blockId=conID: 1 locID: 102435764833026059 bcsId: 0,size=800]} | ret=FAILURE
org.apache.hadoop.hdds.scm.container.common.helpers.ContainerNotOpenException: Container 1 in CLOSED state
	at org.apache.hadoop.ozone.container.common.impl.HddsDispatcher.validateContainerCommand(HddsDispatcher.java:408) ~[hadoop-hdds-container-service-0.5.0-SNAPSHOT.jar:?]
	at org.apache.hadoop.ozone.container.common.transport.server.ratis.ContainerStateMachine.startTransaction(ContainerStateMachine.java:271) ~[hadoop-hdds-container-service-0.5.0-SNAPSHOT.jar:?]
	at org.apache.ratis.server.impl.RaftServerImpl.submitClientRequestAsync(RaftServerImpl.java:566) ~[ratis-server-0.4.0-2337318-SNAPSHOT.jar:0.4.0-2337318-SNAPSHOT]
	at org.apache.ratis.server.impl.RaftServerProxy.lambda$submitClientRequestAsync$7(RaftServerProxy.java:333) ~[ratis-server-0.4.0-2337318-SNAPSHOT.jar:0.4.0-2337318-SNAPSHOT]
	at org.apache.ratis.server.impl.RaftServerProxy.lambda$null$5(RaftServerProxy.java:328) ~[ratis-server-0.4.0-2337318-SNAPSHOT.jar:0.4.0-2337318-SNAPSHOT]
	at org.apache.ratis.util.JavaUtils.callAsUnchecked(JavaUtils.java:109) ~[ratis-common-0.4.0-2337318-SNAPSHOT.jar:0.4.0-2337318-SNAPSHOT]
	at org.apache.ratis.server.impl.RaftServerProxy.lambda$submitRequest$6(RaftServerProxy.java:328) ~[ratis-server-0.4.0-2337318-SNAPSHOT.jar:0.4.0-2337318-SNAPSHOT]
	at java.util.concurrent.CompletableFuture.uniComposeStage(CompletableFuture.java:981) ~[?:1.8.0_212]
	at java.util.concurrent.CompletableFuture.thenCompose(CompletableFuture.java:2124) ~[?:1.8.0_212]
	at org.apache.ratis.server.impl.RaftServerProxy.submitRequest(RaftServerProxy.java:327) ~[ratis-server-0.4.0-2337318-SNAPSHOT.jar:0.4.0-2337318-SNAPSHOT]
	at org.apache.ratis.server.impl.RaftServerProxy.submitClientRequestAsync(RaftServerProxy.java:333) ~[ratis-server-0.4.0-2337318-SNAPSHOT.jar:0.4.0-2337318-SNAPSHOT]
	at org.apache.ratis.grpc.client.GrpcClientProtocolService$RequestStreamObserver.processClientRequest(GrpcClientProtocolService.java:220) ~[ratis-grpc-0.4.0-2337318-SNAPSHOT.jar:0.4.0-2337318-SNAPSHOT]
	at org.apache.ratis.grpc.client.GrpcClientProtocolService$OrderedRequestStreamObserver.processClientRequest(GrpcClientProtocolService.java:326) ~[ratis-grpc-0.4.0-2337318-SNAPSHOT.jar:0.4.0-2337318-SNAPSHOT]
	at org.apache.ratis.util.SlidingWindow$Server.processRequestsFromHead(SlidingWindow.java:429) [ratis-common-0.4.0-2337318-SNAPSHOT.jar:0.4.0-2337318-SNAPSHOT]
	at org.apache.ratis.util.SlidingWindow$Server.receivedRequest(SlidingWindow.java:421) [ratis-common-0.4.0-2337318-SNAPSHOT.jar:0.4.0-2337318-SNAPSHOT]
	at org.apache.ratis.grpc.client.GrpcClientProtocolService$OrderedRequestStreamObserver.processClientRequest(GrpcClientProtocolService.java:345) [ratis-grpc-0.4.0-2337318-SNAPSHOT.jar:0.4.0-2337318-SNAPSHOT]
	at org.apache.ratis.grpc.client.GrpcClientProtocolService$RequestStreamObserver.onNext(GrpcClientProtocolService.java:240) [ratis-grpc-0.4.0-2337318-SNAPSHOT.jar:0.4.0-2337318-SNAPSHOT]
	at org.apache.ratis.grpc.client.GrpcClientProtocolService$RequestStreamObserver.onNext(GrpcClientProtocolService.java:168) [ratis-grpc-0.4.0-2337318-SNAPSHOT.jar:0.4.0-2337318-SNAPSHOT]
	at org.apache.ratis.thirdparty.io.grpc.stub.ServerCalls$StreamingServerCallHandler$StreamingServerCallListener.onMessage(ServerCalls.java:248) [ratis-thirdparty-misc-0.2.0.jar:0.2.0]
	at org.apache.ratis.thirdparty.io.grpc.internal.ServerCallImpl$ServerStreamListenerImpl.messagesAvailable(ServerCallImpl.java:263) [ratis-thirdparty-misc-0.2.0.jar:0.2.0]
	at org.apache.ratis.thirdparty.io.grpc.internal.ServerImpl$JumpToApplicationThreadServerStreamListener$1MessagesAvailable.runInContext(ServerImpl.java:686) [ratis-thirdparty-misc-0.2.0.jar:0.2.0]
	at org.apache.ratis.thirdparty.io.grpc.internal.ContextRunnable.run(ContextRunnable.java:37) [ratis-thirdparty-misc-0.2.0.jar:0.2.0]
	at org.apache.ratis.thirdparty.io.grpc.internal.SerializingExecutor.run(SerializingExecutor.java:123) [ratis-thirdparty-misc-0.2.0.jar:0.2.0]
	at java.util.concurrent.ThreadPoolExecutor.runWorker(ThreadPoolExecutor.java:1149) [?:1.8.0_212]
	at java.util.concurrent.ThreadPoolExecutor$Worker.run(ThreadPoolExecutor.java:624) [?:1.8.0_212]
	at java.lang.Thread.run(Thread.java:748) [?:1.8.0_212]
2019-07-13 19:22:14,351 INFO  client.GrpcClientProtocolClient (GrpcClientProtocolClient.java:onNext(255)) - client-194C571F567E->5b3b3b2e-452c-4a37-b606-6e20ad3d9255: receive RaftClientReply:client-194C571F567E->5b3b3b2e-452c-4a37-b606-6e20ad3d9255@group-820F6CD15153, cid=151, FAILED org.apache.ratis.protocol.StateMachineException: org.apache.hadoop.hdds.scm.container.common.helpers.ContainerNotOpenException from Server 5b3b3b2e-452c-4a37-b606-6e20ad3d9255: Container 1 in CLOSED state, logIndex=0, commits[5b3b3b2e-452c-4a37-b606-6e20ad3d9255:c15]
2019-07-13 19:22:14,362 INFO  client.GrpcClientProtocolClient (GrpcClientProtocolClient.java:onNext(255)) - client-194C571F567E->5b3b3b2e-452c-4a37-b606-6e20ad3d9255: receive RaftClientReply:client-194C571F567E->5b3b3b2e-452c-4a37-b606-6e20ad3d9255@group-820F6CD15153, cid=152, FAILED org.apache.ratis.protocol.StateMachineException: org.apache.hadoop.hdds.scm.container.common.helpers.ContainerNotOpenException from Server 5b3b3b2e-452c-4a37-b606-6e20ad3d9255: Container 1 in CLOSED state, logIndex=0, commits[5b3b3b2e-452c-4a37-b606-6e20ad3d9255:c15]
2019-07-13 19:22:14,364 INFO  client.GrpcClientProtocolClient (GrpcClientProtocolClient.java:onNext(255)) - client-194C571F567E->5b3b3b2e-452c-4a37-b606-6e20ad3d9255: receive RaftClientReply:client-194C571F567E->5b3b3b2e-452c-4a37-b606-6e20ad3d9255@group-820F6CD15153, cid=153, FAILED org.apache.ratis.protocol.StateMachineException: org.apache.hadoop.hdds.scm.container.common.helpers.ContainerNotOpenException from Server 5b3b3b2e-452c-4a37-b606-6e20ad3d9255: Container 1 in CLOSED state, logIndex=0, commits[5b3b3b2e-452c-4a37-b606-6e20ad3d9255:c15]
2019-07-13 19:22:14,472 INFO  client.GrpcClientProtocolClient (GrpcClientProtocolClient.java:onNext(255)) - client-4FB0FB332767->2bb5f45b-311d-4fce-af42-27d5f93d7f80: receive RaftClientReply:client-4FB0FB332767->2bb5f45b-311d-4fce-af42-27d5f93d7f80@group-BA252AA49506, cid=154, SUCCESS, logIndex=1, commits[2bb5f45b-311d-4fce-af42-27d5f93d7f80:c1]
2019-07-13 19:22:14,495 INFO  client.GrpcClientProtocolClient (GrpcClientProtocolClient.java:onNext(255)) - client-4FB0FB332767->2bb5f45b-311d-4fce-af42-27d5f93d7f80: receive RaftClientReply:client-4FB0FB332767->2bb5f45b-311d-4fce-af42-27d5f93d7f80@group-BA252AA49506, cid=155, SUCCESS, logIndex=3, commits[2bb5f45b-311d-4fce-af42-27d5f93d7f80:c3]
2019-07-13 19:22:14,568 INFO  client.GrpcClientProtocolClient (GrpcClientProtocolClient.java:onNext(255)) - client-4FB0FB332767->2bb5f45b-311d-4fce-af42-27d5f93d7f80: receive RaftClientReply:client-4FB0FB332767->2bb5f45b-311d-4fce-af42-27d5f93d7f80@group-BA252AA49506, cid=156, SUCCESS, logIndex=4, commits[2bb5f45b-311d-4fce-af42-27d5f93d7f80:c9]
2019-07-13 19:22:14,568 INFO  client.GrpcClientProtocolClient (GrpcClientProtocolClient.java:onNext(255)) - client-4FB0FB332767->2bb5f45b-311d-4fce-af42-27d5f93d7f80: receive RaftClientReply:client-4FB0FB332767->2bb5f45b-311d-4fce-af42-27d5f93d7f80@group-BA252AA49506, cid=157, SUCCESS, logIndex=5, commits[2bb5f45b-311d-4fce-af42-27d5f93d7f80:c9]
2019-07-13 19:22:14,569 INFO  client.GrpcClientProtocolClient (GrpcClientProtocolClient.java:onNext(255)) - client-4FB0FB332767->2bb5f45b-311d-4fce-af42-27d5f93d7f80: receive RaftClientReply:client-4FB0FB332767->2bb5f45b-311d-4fce-af42-27d5f93d7f80@group-BA252AA49506, cid=158, SUCCESS, logIndex=6, commits[2bb5f45b-311d-4fce-af42-27d5f93d7f80:c9]
2019-07-13 19:22:14,570 INFO  client.GrpcClientProtocolClient (GrpcClientProtocolClient.java:onNext(255)) - client-4FB0FB332767->2bb5f45b-311d-4fce-af42-27d5f93d7f80: receive RaftClientReply:client-4FB0FB332767->2bb5f45b-311d-4fce-af42-27d5f93d7f80@group-BA252AA49506, cid=159, SUCCESS, logIndex=7, commits[2bb5f45b-311d-4fce-af42-27d5f93d7f80:c9]
2019-07-13 19:22:14,587 INFO  client.GrpcClientProtocolClient (GrpcClientProtocolClient.java:onNext(255)) - client-4FB0FB332767->2bb5f45b-311d-4fce-af42-27d5f93d7f80: receive RaftClientReply:client-4FB0FB332767->2bb5f45b-311d-4fce-af42-27d5f93d7f80@group-BA252AA49506, cid=160, SUCCESS, logIndex=10, commits[2bb5f45b-311d-4fce-af42-27d5f93d7f80:c11]
2019-07-13 19:22:14,587 INFO  client.GrpcClientProtocolClient (GrpcClientProtocolClient.java:onNext(255)) - client-4FB0FB332767->2bb5f45b-311d-4fce-af42-27d5f93d7f80: receive RaftClientReply:client-4FB0FB332767->2bb5f45b-311d-4fce-af42-27d5f93d7f80@group-BA252AA49506, cid=161, SUCCESS, logIndex=11, commits[2bb5f45b-311d-4fce-af42-27d5f93d7f80:c11]
2019-07-13 19:22:14,604 INFO  pipeline.Pipeline (Pipeline.java:getProtobufMessage(195)) - Serialize pipeline PipelineID=d52edd26-10cd-4183-b407-ba252aa49506 with nodesInOrder{ }
2019-07-13 19:22:14,605 INFO  ozone.MiniOzoneClusterImpl (MiniOzoneClusterImpl.java:shutdown(321)) - Shutting down the Mini Ozone Cluster
2019-07-13 19:22:14,605 INFO  ozone.MiniOzoneClusterImpl (MiniOzoneClusterImpl.java:stop(336)) - Stopping the Mini Ozone Cluster
2019-07-13 19:22:14,605 INFO  ozone.MiniOzoneClusterImpl (MiniOzoneClusterImpl.java:stop(338)) - Stopping the OzoneManager
2019-07-13 19:22:14,605 INFO  ipc.Server (Server.java:stop(3082)) - Stopping server on 42321
2019-07-13 19:22:14,614 INFO  ipc.Server (Server.java:run(1185)) - Stopping IPC Server listener on 42321
2019-07-13 19:22:14,619 INFO  ipc.Server (Server.java:run(1319)) - Stopping IPC Server Responder
2019-07-13 19:22:14,614 INFO  utils.BackgroundService (BackgroundService.java:shutdown(148)) - Shutting down service KeyDeletingService
2019-07-13 19:22:14,660 INFO  handler.ContextHandler (ContextHandler.java:doStop(910)) - Stopped o.e.j.w.WebAppContext@6e466fdf{/,null,UNAVAILABLE}{/ozoneManager}
2019-07-13 19:22:14,661 INFO  server.AbstractConnector (AbstractConnector.java:doStop(318)) - Stopped ServerConnector@84e43fb{HTTP/1.1,[http/1.1]}{0.0.0.0:0}
2019-07-13 19:22:14,661 INFO  handler.ContextHandler (ContextHandler.java:doStop(910)) - Stopped o.e.j.s.ServletContextHandler@236206f8{/static,file:///tmp/workdir/hadoop-ozone/integration-test/target/test-classes/webapps/static,UNAVAILABLE}
2019-07-13 19:22:14,661 INFO  handler.ContextHandler (ContextHandler.java:doStop(910)) - Stopped o.e.j.s.ServletContextHandler@5c2ae7d7{/logs,file:///tmp/workdir/hadoop-ozone/integration-test/target/log,UNAVAILABLE}
2019-07-13 19:22:14,675 INFO  ozone.MiniOzoneClusterImpl (MiniOzoneClusterImpl.java:stop(344)) - Shutting the HddsDatanodes
2019-07-13 19:22:14,675 INFO  datanode.ObjectStoreHandler (ObjectStoreHandler.java:close(155)) - Closing ObjectStoreHandler.
2019-07-13 19:22:14,675 INFO  datanode.ObjectStoreHandler (ObjectStoreHandler.java:close(155)) - Closing ObjectStoreHandler.
2019-07-13 19:22:14,675 INFO  ozone.HddsDatanodeService (HddsDatanodeService.java:stop(452)) - Stopped plug-in org.apache.hadoop.ozone.web.OzoneHddsDatanodeService@12d28106
2019-07-13 19:22:14,676 INFO  ozone.HddsDatanodeService (HddsDatanodeService.java:stop(452)) - Stopped plug-in org.apache.hadoop.ozone.web.OzoneHddsDatanodeService@22a1d77b
2019-07-13 19:22:15,204 INFO  statemachine.DatanodeStateMachine (DatanodeStateMachine.java:lambda$startDaemon$0(350)) - Ozone container server started.
2019-07-13 19:22:15,624 INFO  statemachine.DatanodeStateMachine (DatanodeStateMachine.java:lambda$startDaemon$0(350)) - Ozone container server started.
2019-07-13 19:22:19,282 INFO  node.StaleNodeHandler (StaleNodeHandler.java:onMessage(58)) - Datanode 5b3b3b2e-452c-4a37-b606-6e20ad3d9255{ip: 192.168.69.122, host: trunk-nightly-fxqsz-774976932, networkLocation: /default-rack, certSerialId: null} moved to stale state. Finalizing its pipelines [PipelineID=38170cf0-827e-4e0b-a7dc-820f6cd15153, PipelineID=86cc287d-2517-445c-9718-f7f2cecdc02a]
2019-07-13 19:22:19,282 INFO  pipeline.SCMPipelineManager (SCMPipelineManager.java:finalizeAndDestroyPipeline(309)) - destroying pipeline:Pipeline[ Id: 38170cf0-827e-4e0b-a7dc-820f6cd15153, Nodes: 5b3b3b2e-452c-4a37-b606-6e20ad3d9255{ip: 192.168.69.122, host: trunk-nightly-fxqsz-774976932, networkLocation: /default-rack, certSerialId: null}, Type:RATIS, Factor:ONE, State:OPEN]
2019-07-13 19:22:19,282 INFO  pipeline.PipelineStateManager (PipelineStateManager.java:finalizePipeline(123)) - Pipeline Pipeline[ Id: 38170cf0-827e-4e0b-a7dc-820f6cd15153, Nodes: 5b3b3b2e-452c-4a37-b606-6e20ad3d9255{ip: 192.168.69.122, host: trunk-nightly-fxqsz-774976932, networkLocation: /default-rack, certSerialId: null}, Type:RATIS, Factor:ONE, State:CLOSED] moved to CLOSED state
2019-07-13 19:22:19,283 INFO  pipeline.SCMPipelineManager (SCMPipelineManager.java:finalizeAndDestroyPipeline(309)) - destroying pipeline:Pipeline[ Id: 86cc287d-2517-445c-9718-f7f2cecdc02a, Nodes: 5b3b3b2e-452c-4a37-b606-6e20ad3d9255{ip: 192.168.69.122, host: trunk-nightly-fxqsz-774976932, networkLocation: /default-rack, certSerialId: null}2bb5f45b-311d-4fce-af42-27d5f93d7f80{ip: 192.168.69.122, host: trunk-nightly-fxqsz-774976932, networkLocation: /default-rack, certSerialId: null}edb20bde-d900-42bd-bbb7-2cc639063cbb{ip: 192.168.69.122, host: trunk-nightly-fxqsz-774976932, networkLocation: /default-rack, certSerialId: null}, Type:RATIS, Factor:THREE, State:OPEN]
2019-07-13 19:22:19,283 INFO  pipeline.PipelineStateManager (PipelineStateManager.java:finalizePipeline(123)) - Pipeline Pipeline[ Id: 86cc287d-2517-445c-9718-f7f2cecdc02a, Nodes: 5b3b3b2e-452c-4a37-b606-6e20ad3d9255{ip: 192.168.69.122, host: trunk-nightly-fxqsz-774976932, networkLocation: /default-rack, certSerialId: null}2bb5f45b-311d-4fce-af42-27d5f93d7f80{ip: 192.168.69.122, host: trunk-nightly-fxqsz-774976932, networkLocation: /default-rack, certSerialId: null}edb20bde-d900-42bd-bbb7-2cc639063cbb{ip: 192.168.69.122, host: trunk-nightly-fxqsz-774976932, networkLocation: /default-rack, certSerialId: null}, Type:RATIS, Factor:THREE, State:CLOSED] moved to CLOSED state
2019-07-13 19:22:19,676 INFO  ozoneimpl.OzoneContainer (OzoneContainer.java:stop(199)) - Attempting to stop container services.
2019-07-13 19:22:19,676 INFO  ozoneimpl.OzoneContainer (OzoneContainer.java:stop(199)) - Attempting to stop container services.
2019-07-13 19:22:19,677 INFO  impl.RaftServerProxy (RaftServerProxy.java:lambda$close$4(314)) - 6c79c513-1c27-44fa-9506-e7c2c2929bbe: close
2019-07-13 19:22:19,677 INFO  impl.RaftServerProxy (RaftServerProxy.java:lambda$close$4(314)) - 5b3b3b2e-452c-4a37-b606-6e20ad3d9255: close
2019-07-13 19:22:19,678 INFO  impl.RaftServerImpl (RaftServerImpl.java:lambda$shutdown$3(245)) - 6c79c513-1c27-44fa-9506-e7c2c2929bbe: shutdown group-BABAF7AF4F4F
2019-07-13 19:22:19,678 INFO  impl.RaftServerImpl (RaftServerImpl.java:lambda$shutdown$3(245)) - 5b3b3b2e-452c-4a37-b606-6e20ad3d9255: shutdown group-820F6CD15153
2019-07-13 19:22:19,678 INFO  util.JmxRegister (JmxRegister.java:unregister(73)) - Successfully un-registered JMX Bean with object name Ratis:service=RaftServer,group=group-BABAF7AF4F4F,id=6c79c513-1c27-44fa-9506-e7c2c2929bbe
2019-07-13 19:22:19,679 INFO  impl.RoleInfo (RoleInfo.java:shutdownLeaderState(104)) - 6c79c513-1c27-44fa-9506-e7c2c2929bbe: shutdown LeaderState
2019-07-13 19:22:19,678 INFO  util.JmxRegister (JmxRegister.java:unregister(73)) - Successfully un-registered JMX Bean with object name Ratis:service=RaftServer,group=group-820F6CD15153,id=5b3b3b2e-452c-4a37-b606-6e20ad3d9255
2019-07-13 19:22:19,679 INFO  impl.PendingRequests (PendingRequests.java:sendNotLeaderResponses(202)) - 6c79c513-1c27-44fa-9506-e7c2c2929bbe-PendingRequests: sendNotLeaderResponses
2019-07-13 19:22:19,679 INFO  impl.RoleInfo (RoleInfo.java:shutdownLeaderState(104)) - 5b3b3b2e-452c-4a37-b606-6e20ad3d9255: shutdown LeaderState
2019-07-13 19:22:19,680 INFO  ratis.ContainerStateMachine (ContainerStateMachine.java:takeSnapshot(246)) - Taking snapshot at termIndex:(t:0, i:~)
2019-07-13 19:22:19,680 INFO  impl.StateMachineUpdater (StateMachineUpdater.java:stopAndJoin(115)) - StateMachineUpdater:6c79c513-1c27-44fa-9506-e7c2c2929bbe:group-BABAF7AF4F4F: set stopIndex = 0
2019-07-13 19:22:19,694 INFO  impl.RaftServerImpl (ServerState.java:close(394)) - 6c79c513-1c27-44fa-9506-e7c2c2929bbe:group-BABAF7AF4F4F closes. The last applied log index is 0
2019-07-13 19:22:19,694 INFO  node.StaleNodeHandler (StaleNodeHandler.java:onMessage(58)) - Datanode 6c79c513-1c27-44fa-9506-e7c2c2929bbe{ip: 192.168.69.122, host: trunk-nightly-fxqsz-774976932, networkLocation: /default-rack, certSerialId: null} moved to stale state. Finalizing its pipelines [PipelineID=c265c783-c142-4b8d-8a6b-babaf7af4f4f, PipelineID=ba35cda8-5fae-440a-9b96-0ece2354ca0d]
2019-07-13 19:22:19,695 INFO  segmented.SegmentedRaftLogWorker (SegmentedRaftLogWorker.java:run(313)) - 6c79c513-1c27-44fa-9506-e7c2c2929bbe-SegmentedRaftLogWorker:Storage Directory /tmp/workdir/hadoop-ozone/integration-test/target/test-dir/MiniOzoneClusterImpl-8ac25ccc-f850-4385-b614-50e0998aea5d/datanode-4/data/ratis/c265c783-c142-4b8d-8a6b-babaf7af4f4f was interrupted, exiting. There are 0 tasks remaining in the queue.
2019-07-13 19:22:19,680 INFO  impl.PendingRequests (PendingRequests.java:sendNotLeaderResponses(202)) - 5b3b3b2e-452c-4a37-b606-6e20ad3d9255-PendingRequests: sendNotLeaderResponses
2019-07-13 19:22:19,697 INFO  segmented.SegmentedRaftLogWorker (SegmentedRaftLogWorker.java:close(228)) - 6c79c513-1c27-44fa-9506-e7c2c2929bbe-SegmentedRaftLogWorker:Storage Directory /tmp/workdir/hadoop-ozone/integration-test/target/test-dir/MiniOzoneClusterImpl-8ac25ccc-f850-4385-b614-50e0998aea5d/datanode-4/data/ratis/c265c783-c142-4b8d-8a6b-babaf7af4f4f close()
2019-07-13 19:22:19,695 INFO  pipeline.SCMPipelineManager (SCMPipelineManager.java:finalizeAndDestroyPipeline(309)) - destroying pipeline:Pipeline[ Id: c265c783-c142-4b8d-8a6b-babaf7af4f4f, Nodes: 6c79c513-1c27-44fa-9506-e7c2c2929bbe{ip: 192.168.69.122, host: trunk-nightly-fxqsz-774976932, networkLocation: /default-rack, certSerialId: null}, Type:RATIS, Factor:ONE, State:OPEN]
2019-07-13 19:22:19,715 INFO  impl.RaftServerImpl (RaftServerImpl.java:lambda$shutdown$3(245)) - 6c79c513-1c27-44fa-9506-e7c2c2929bbe: shutdown group-0ECE2354CA0D
2019-07-13 19:22:19,706 INFO  ratis.ContainerStateMachine (ContainerStateMachine.java:takeSnapshot(246)) - Taking snapshot at termIndex:(t:1, i:15)
2019-07-13 19:22:19,718 INFO  ratis.ContainerStateMachine (ContainerStateMachine.java:takeSnapshot(250)) - Taking a snapshot to file /tmp/workdir/hadoop-ozone/integration-test/target/test-dir/MiniOzoneClusterImpl-8ac25ccc-f850-4385-b614-50e0998aea5d/datanode-1/data/ratis/38170cf0-827e-4e0b-a7dc-820f6cd15153/sm/snapshot.1_15
2019-07-13 19:22:19,706 INFO  impl.StateMachineUpdater (StateMachineUpdater.java:stopAndJoin(115)) - StateMachineUpdater:5b3b3b2e-452c-4a37-b606-6e20ad3d9255:group-820F6CD15153: set stopIndex = 15
2019-07-13 19:22:19,718 INFO  util.JmxRegister (JmxRegister.java:unregister(73)) - Successfully un-registered JMX Bean with object name Ratis:service=RaftServer,group=group-0ECE2354CA0D,id=6c79c513-1c27-44fa-9506-e7c2c2929bbe
2019-07-13 19:22:19,719 INFO  impl.RoleInfo (RoleInfo.java:shutdownLeaderState(104)) - 6c79c513-1c27-44fa-9506-e7c2c2929bbe: shutdown LeaderState
2019-07-13 19:22:19,715 INFO  pipeline.PipelineStateManager (PipelineStateManager.java:finalizePipeline(123)) - Pipeline Pipeline[ Id: c265c783-c142-4b8d-8a6b-babaf7af4f4f, Nodes: 6c79c513-1c27-44fa-9506-e7c2c2929bbe{ip: 192.168.69.122, host: trunk-nightly-fxqsz-774976932, networkLocation: /default-rack, certSerialId: null}, Type:RATIS, Factor:ONE, State:CLOSED] moved to CLOSED state
2019-07-13 19:22:19,723 INFO  impl.PendingRequests (PendingRequests.java:sendNotLeaderResponses(202)) - 6c79c513-1c27-44fa-9506-e7c2c2929bbe-PendingRequests: sendNotLeaderResponses
2019-07-13 19:22:19,718 INFO  impl.StateMachineUpdater (StateMachineUpdater.java:takeSnapshot(242)) - StateMachineUpdater:5b3b3b2e-452c-4a37-b606-6e20ad3d9255:group-820F6CD15153: Took a snapshot at index 15
2019-07-13 19:22:19,724 INFO  ratis.ContainerStateMachine (ContainerStateMachine.java:takeSnapshot(246)) - Taking snapshot at termIndex:(t:0, i:~)
2019-07-13 19:22:19,724 INFO  impl.StateMachineUpdater (StateMachineUpdater.java:stopAndJoin(115)) - StateMachineUpdater:6c79c513-1c27-44fa-9506-e7c2c2929bbe:group-0ECE2354CA0D: set stopIndex = 0
2019-07-13 19:22:19,723 INFO  pipeline.SCMPipelineManager (SCMPipelineManager.java:finalizeAndDestroyPipeline(309)) - destroying pipeline:Pipeline[ Id: ba35cda8-5fae-440a-9b96-0ece2354ca0d, Nodes: 8bda1305-bea0-4fb6-bdb4-bce9e83556a4{ip: 192.168.69.122, host: trunk-nightly-fxqsz-774976932, networkLocation: /default-rack, certSerialId: null}365270af-ddf4-4d5a-b2ca-c5b76da69d60{ip: 192.168.69.122, host: trunk-nightly-fxqsz-774976932, networkLocation: /default-rack, certSerialId: null}6c79c513-1c27-44fa-9506-e7c2c2929bbe{ip: 192.168.69.122, host: trunk-nightly-fxqsz-774976932, networkLocation: /default-rack, certSerialId: null}, Type:RATIS, Factor:THREE, State:OPEN]
2019-07-13 19:22:19,723 WARN  server.GrpcLogAppender (GrpcLogAppender.java:mayWait(143)) - GrpcLogAppender(6c79c513-1c27-44fa-9506-e7c2c2929bbe->365270af-ddf4-4d5a-b2ca-c5b76da69d60): Wait interrupted by java.lang.InterruptedException
2019-07-13 19:22:19,723 WARN  server.GrpcLogAppender (GrpcLogAppender.java:mayWait(143)) - GrpcLogAppender(6c79c513-1c27-44fa-9506-e7c2c2929bbe->8bda1305-bea0-4fb6-bdb4-bce9e83556a4): Wait interrupted by java.lang.InterruptedException
2019-07-13 19:22:19,724 INFO  pipeline.PipelineStateManager (PipelineStateManager.java:finalizePipeline(123)) - Pipeline Pipeline[ Id: ba35cda8-5fae-440a-9b96-0ece2354ca0d, Nodes: 8bda1305-bea0-4fb6-bdb4-bce9e83556a4{ip: 192.168.69.122, host: trunk-nightly-fxqsz-774976932, networkLocation: /default-rack, certSerialId: null}365270af-ddf4-4d5a-b2ca-c5b76da69d60{ip: 192.168.69.122, host: trunk-nightly-fxqsz-774976932, networkLocation: /default-rack, certSerialId: null}6c79c513-1c27-44fa-9506-e7c2c2929bbe{ip: 192.168.69.122, host: trunk-nightly-fxqsz-774976932, networkLocation: /default-rack, certSerialId: null}, Type:RATIS, Factor:THREE, State:CLOSED] moved to CLOSED state
2019-07-13 19:22:19,724 INFO  impl.RaftServerImpl (ServerState.java:close(394)) - 6c79c513-1c27-44fa-9506-e7c2c2929bbe:group-0ECE2354CA0D closes. The last applied log index is 0
2019-07-13 19:22:19,724 INFO  impl.StateMachineUpdater (StateMachineUpdater.java:lambda$new$0(80)) - StateMachineUpdater:5b3b3b2e-452c-4a37-b606-6e20ad3d9255:group-820F6CD15153: snapshotIndex: updateIncreasingly -1 -> 15
2019-07-13 19:22:19,726 INFO  segmented.SegmentedRaftLogWorker (SegmentedRaftLogWorker.java:run(313)) - 6c79c513-1c27-44fa-9506-e7c2c2929bbe-SegmentedRaftLogWorker:Storage Directory /tmp/workdir/hadoop-ozone/integration-test/target/test-dir/MiniOzoneClusterImpl-8ac25ccc-f850-4385-b614-50e0998aea5d/datanode-4/data/ratis/ba35cda8-5fae-440a-9b96-0ece2354ca0d was interrupted, exiting. There are 0 tasks remaining in the queue.
2019-07-13 19:22:19,725 INFO  server.GrpcServerProtocolService (GrpcServerProtocolService.java:onCompleted(104)) - 8bda1305-bea0-4fb6-bdb4-bce9e83556a4: appendEntries completed
2019-07-13 19:22:19,728 INFO  segmented.SegmentedRaftLogWorker (SegmentedRaftLogWorker.java:close(228)) - 6c79c513-1c27-44fa-9506-e7c2c2929bbe-SegmentedRaftLogWorker:Storage Directory /tmp/workdir/hadoop-ozone/integration-test/target/test-dir/MiniOzoneClusterImpl-8ac25ccc-f850-4385-b614-50e0998aea5d/datanode-4/data/ratis/ba35cda8-5fae-440a-9b96-0ece2354ca0d close()
2019-07-13 19:22:19,725 INFO  server.GrpcServerProtocolService (GrpcServerProtocolService.java:onCompleted(104)) - 365270af-ddf4-4d5a-b2ca-c5b76da69d60: appendEntries completed
2019-07-13 19:22:19,730 INFO  server.GrpcService (GrpcService.java:closeImpl(155)) - 6c79c513-1c27-44fa-9506-e7c2c2929bbe: shutdown server with port 35100 now
2019-07-13 19:22:19,730 INFO  server.GrpcLogAppender (GrpcLogAppender.java:onCompleted(292)) - 6c79c513-1c27-44fa-9506-e7c2c2929bbe->365270af-ddf4-4d5a-b2ca-c5b76da69d60: follower responses appendEntries COMPLETED
2019-07-13 19:22:19,731 INFO  server.GrpcService (GrpcService.java:closeImpl(163)) - 6c79c513-1c27-44fa-9506-e7c2c2929bbe: shutdown server with port 35100 successfully
2019-07-13 19:22:19,728 INFO  server.GrpcLogAppender (GrpcLogAppender.java:onCompleted(292)) - 6c79c513-1c27-44fa-9506-e7c2c2929bbe->8bda1305-bea0-4fb6-bdb4-bce9e83556a4: follower responses appendEntries COMPLETED
2019-07-13 19:22:19,728 INFO  impl.RaftServerImpl (ServerState.java:close(394)) - 5b3b3b2e-452c-4a37-b606-6e20ad3d9255:group-820F6CD15153 closes. The last applied log index is 15
2019-07-13 19:22:19,731 INFO  impl.FollowerInfo (FollowerInfo.java:lambda$new$0(50)) - 6c79c513-1c27-44fa-9506-e7c2c2929bbe->8bda1305-bea0-4fb6-bdb4-bce9e83556a4: nextIndex: updateUnconditionally 1 -> 0
2019-07-13 19:22:19,731 INFO  impl.FollowerInfo (FollowerInfo.java:lambda$new$0(50)) - 6c79c513-1c27-44fa-9506-e7c2c2929bbe->365270af-ddf4-4d5a-b2ca-c5b76da69d60: nextIndex: updateUnconditionally 1 -> 0
2019-07-13 19:22:19,732 INFO  utils.BackgroundService (BackgroundService.java:shutdown(148)) - Shutting down service BlockDeletingService
2019-07-13 19:22:19,732 INFO  segmented.SegmentedRaftLogWorker (SegmentedRaftLogWorker.java:run(313)) - 5b3b3b2e-452c-4a37-b606-6e20ad3d9255-SegmentedRaftLogWorker:Storage Directory /tmp/workdir/hadoop-ozone/integration-test/target/test-dir/MiniOzoneClusterImpl-8ac25ccc-f850-4385-b614-50e0998aea5d/datanode-1/data/ratis/38170cf0-827e-4e0b-a7dc-820f6cd15153 was interrupted, exiting. There are 0 tasks remaining in the queue.
2019-07-13 19:22:19,736 INFO  segmented.SegmentedRaftLogWorker (SegmentedRaftLogWorker.java:close(228)) - 5b3b3b2e-452c-4a37-b606-6e20ad3d9255-SegmentedRaftLogWorker:Storage Directory /tmp/workdir/hadoop-ozone/integration-test/target/test-dir/MiniOzoneClusterImpl-8ac25ccc-f850-4385-b614-50e0998aea5d/datanode-1/data/ratis/38170cf0-827e-4e0b-a7dc-820f6cd15153 close()
2019-07-13 19:22:19,738 INFO  impl.RaftServerImpl (RaftServerImpl.java:lambda$shutdown$3(245)) - 5b3b3b2e-452c-4a37-b606-6e20ad3d9255: shutdown group-F7F2CECDC02A
2019-07-13 19:22:19,738 WARN  fs.CachingGetSpaceUsed (CachingGetSpaceUsed.java:run(183)) - Thread Interrupted waiting to refresh disk information: sleep interrupted
2019-07-13 19:22:19,739 INFO  util.JmxRegister (JmxRegister.java:unregister(73)) - Successfully un-registered JMX Bean with object name Ratis:service=RaftServer,group=group-F7F2CECDC02A,id=5b3b3b2e-452c-4a37-b606-6e20ad3d9255
2019-07-13 19:22:19,739 INFO  impl.RoleInfo (RoleInfo.java:shutdownFollowerState(121)) - 5b3b3b2e-452c-4a37-b606-6e20ad3d9255: shutdown FollowerState
2019-07-13 19:22:19,740 INFO  impl.StateMachineUpdater (StateMachineUpdater.java:stopAndJoin(115)) - StateMachineUpdater:5b3b3b2e-452c-4a37-b606-6e20ad3d9255:group-F7F2CECDC02A: set stopIndex = 0
2019-07-13 19:22:19,740 INFO  ratis.ContainerStateMachine (ContainerStateMachine.java:takeSnapshot(246)) - Taking snapshot at termIndex:(t:0, i:~)
2019-07-13 19:22:19,740 INFO  impl.RaftServerImpl (ServerState.java:close(394)) - 5b3b3b2e-452c-4a37-b606-6e20ad3d9255:group-F7F2CECDC02A closes. The last applied log index is 0
2019-07-13 19:22:19,741 INFO  segmented.SegmentedRaftLogWorker (SegmentedRaftLogWorker.java:run(313)) - 5b3b3b2e-452c-4a37-b606-6e20ad3d9255-SegmentedRaftLogWorker:Storage Directory /tmp/workdir/hadoop-ozone/integration-test/target/test-dir/MiniOzoneClusterImpl-8ac25ccc-f850-4385-b614-50e0998aea5d/datanode-1/data/ratis/86cc287d-2517-445c-9718-f7f2cecdc02a was interrupted, exiting. There are 0 tasks remaining in the queue.
2019-07-13 19:22:19,744 INFO  impl.FollowerState (FollowerState.java:run(114)) - 5b3b3b2e-452c-4a37-b606-6e20ad3d9255: FollowerState was interrupted: java.lang.InterruptedException: sleep interrupted
2019-07-13 19:22:19,744 INFO  segmented.SegmentedRaftLogWorker (SegmentedRaftLogWorker.java:close(228)) - 5b3b3b2e-452c-4a37-b606-6e20ad3d9255-SegmentedRaftLogWorker:Storage Directory /tmp/workdir/hadoop-ozone/integration-test/target/test-dir/MiniOzoneClusterImpl-8ac25ccc-f850-4385-b614-50e0998aea5d/datanode-1/data/ratis/86cc287d-2517-445c-9718-f7f2cecdc02a close()
2019-07-13 19:22:19,746 INFO  server.GrpcService (GrpcService.java:closeImpl(155)) - 5b3b3b2e-452c-4a37-b606-6e20ad3d9255: shutdown server with port 44671 now
2019-07-13 19:22:19,747 WARN  server.GrpcServerProtocolService (LogUtils.java:warn(134)) - 5b3b3b2e-452c-4a37-b606-6e20ad3d9255: appendEntries onError: org.apache.ratis.thirdparty.io.grpc.StatusRuntimeException: CANCELLED: cancelled before receiving half close
2019-07-13 19:22:19,755 INFO  server.GrpcService (GrpcService.java:closeImpl(163)) - 5b3b3b2e-452c-4a37-b606-6e20ad3d9255: shutdown server with port 44671 successfully
2019-07-13 19:22:19,755 WARN  server.GrpcLogAppender (LogUtils.java:warn(134)) - edb20bde-d900-42bd-bbb7-2cc639063cbb->5b3b3b2e-452c-4a37-b606-6e20ad3d9255: Failed appendEntries: org.apache.ratis.thirdparty.io.grpc.StatusRuntimeException: CANCELLED: HTTP/2 error code: CANCEL
Received Rst Stream
2019-07-13 19:22:19,756 INFO  impl.FollowerInfo (FollowerInfo.java:lambda$new$0(50)) - edb20bde-d900-42bd-bbb7-2cc639063cbb->5b3b3b2e-452c-4a37-b606-6e20ad3d9255: nextIndex: updateUnconditionally 1 -> 0
2019-07-13 19:22:19,756 INFO  utils.BackgroundService (BackgroundService.java:shutdown(148)) - Shutting down service BlockDeletingService
2019-07-13 19:22:19,757 WARN  fs.CachingGetSpaceUsed (CachingGetSpaceUsed.java:run(183)) - Thread Interrupted waiting to refresh disk information: sleep interrupted
2019-07-13 19:22:19,772 INFO  statemachine.DatanodeStateMachine (DatanodeStateMachine.java:stopDaemon(395)) - Ozone container server stopped.
2019-07-13 19:22:19,773 INFO  handler.ContextHandler (ContextHandler.java:doStop(910)) - Stopped o.e.j.w.WebAppContext@6ab6ec33{/,null,UNAVAILABLE}{/hddsDatanode}
2019-07-13 19:22:19,774 INFO  server.AbstractConnector (AbstractConnector.java:doStop(318)) - Stopped ServerConnector@594965c9{HTTP/1.1,[http/1.1]}{0.0.0.0:0}
2019-07-13 19:22:19,774 INFO  handler.ContextHandler (ContextHandler.java:doStop(910)) - Stopped o.e.j.s.ServletContextHandler@45430a27{/static,jar:file:/home/user/.m2/repository/org/apache/hadoop/hadoop-hdds-container-service/0.5.0-SNAPSHOT/hadoop-hdds-container-service-0.5.0-SNAPSHOT.jar!/webapps/static,UNAVAILABLE}
2019-07-13 19:22:19,775 INFO  handler.ContextHandler (ContextHandler.java:doStop(910)) - Stopped o.e.j.s.ServletContextHandler@34074149{/logs,file:///tmp/workdir/hadoop-ozone/integration-test/target/log,UNAVAILABLE}
2019-07-13 19:22:19,775 INFO  datanode.ObjectStoreHandler (ObjectStoreHandler.java:close(155)) - Closing ObjectStoreHandler.
2019-07-13 19:22:19,776 INFO  ozone.HddsDatanodeService (HddsDatanodeService.java:stop(452)) - Stopped plug-in org.apache.hadoop.ozone.web.OzoneHddsDatanodeService@6d5fea64
2019-07-13 19:22:19,783 INFO  statemachine.DatanodeStateMachine (DatanodeStateMachine.java:stopDaemon(395)) - Ozone container server stopped.
2019-07-13 19:22:19,789 INFO  handler.ContextHandler (ContextHandler.java:doStop(910)) - Stopped o.e.j.w.WebAppContext@4220468{/,null,UNAVAILABLE}{/hddsDatanode}
2019-07-13 19:22:19,789 INFO  server.AbstractConnector (AbstractConnector.java:doStop(318)) - Stopped ServerConnector@727e61ed{HTTP/1.1,[http/1.1]}{0.0.0.0:0}
2019-07-13 19:22:19,791 INFO  handler.ContextHandler (ContextHandler.java:doStop(910)) - Stopped o.e.j.s.ServletContextHandler@3e7ddb7e{/static,jar:file:/home/user/.m2/repository/org/apache/hadoop/hadoop-hdds-container-service/0.5.0-SNAPSHOT/hadoop-hdds-container-service-0.5.0-SNAPSHOT.jar!/webapps/static,UNAVAILABLE}
2019-07-13 19:22:19,793 INFO  handler.ContextHandler (ContextHandler.java:doStop(910)) - Stopped o.e.j.s.ServletContextHandler@1822a61b{/logs,file:///tmp/workdir/hadoop-ozone/integration-test/target/log,UNAVAILABLE}
2019-07-13 19:22:19,794 INFO  datanode.ObjectStoreHandler (ObjectStoreHandler.java:close(155)) - Closing ObjectStoreHandler.
2019-07-13 19:22:19,795 INFO  ozone.HddsDatanodeService (HddsDatanodeService.java:stop(452)) - Stopped plug-in org.apache.hadoop.ozone.web.OzoneHddsDatanodeService@5625ba2
2019-07-13 19:22:20,295 INFO  statemachine.DatanodeStateMachine (DatanodeStateMachine.java:lambda$startDaemon$0(350)) - Ozone container server started.
2019-07-13 19:22:20,455 INFO  statemachine.DatanodeStateMachine (DatanodeStateMachine.java:lambda$startDaemon$0(350)) - Ozone container server started.
2019-07-13 19:22:21,636 WARN  server.GrpcLogAppender (LogUtils.java:warn(134)) - edb20bde-d900-42bd-bbb7-2cc639063cbb->5b3b3b2e-452c-4a37-b606-6e20ad3d9255: Failed appendEntries: org.apache.ratis.thirdparty.io.grpc.StatusRuntimeException: UNAVAILABLE: io exception
2019-07-13 19:22:21,637 INFO  impl.FollowerInfo (FollowerInfo.java:lambda$new$0(50)) - edb20bde-d900-42bd-bbb7-2cc639063cbb->5b3b3b2e-452c-4a37-b606-6e20ad3d9255: nextIndex: updateUnconditionally 0 -> 0
2019-07-13 19:22:24,137 WARN  server.GrpcLogAppender (LogUtils.java:warn(134)) - edb20bde-d900-42bd-bbb7-2cc639063cbb->5b3b3b2e-452c-4a37-b606-6e20ad3d9255: Failed appendEntries: org.apache.ratis.thirdparty.io.grpc.StatusRuntimeException: UNAVAILABLE: io exception
2019-07-13 19:22:24,138 INFO  impl.FollowerInfo (FollowerInfo.java:lambda$new$0(50)) - edb20bde-d900-42bd-bbb7-2cc639063cbb->5b3b3b2e-452c-4a37-b606-6e20ad3d9255: nextIndex: updateUnconditionally 0 -> 0
2019-07-13 19:22:24,300 INFO  node.StaleNodeHandler (StaleNodeHandler.java:onMessage(58)) - Datanode edb20bde-d900-42bd-bbb7-2cc639063cbb{ip: 192.168.69.122, host: trunk-nightly-fxqsz-774976932, networkLocation: /default-rack, certSerialId: null} moved to stale state. Finalizing its pipelines [PipelineID=200b8781-c3bc-4533-8e50-aee66c7d0d2e, PipelineID=86cc287d-2517-445c-9718-f7f2cecdc02a]
2019-07-13 19:22:24,301 INFO  pipeline.SCMPipelineManager (SCMPipelineManager.java:finalizeAndDestroyPipeline(309)) - destroying pipeline:Pipeline[ Id: 200b8781-c3bc-4533-8e50-aee66c7d0d2e, Nodes: edb20bde-d900-42bd-bbb7-2cc639063cbb{ip: 192.168.69.122, host: trunk-nightly-fxqsz-774976932, networkLocation: /default-rack, certSerialId: null}, Type:RATIS, Factor:ONE, State:OPEN]
2019-07-13 19:22:24,301 INFO  pipeline.PipelineStateManager (PipelineStateManager.java:finalizePipeline(123)) - Pipeline Pipeline[ Id: 200b8781-c3bc-4533-8e50-aee66c7d0d2e, Nodes: edb20bde-d900-42bd-bbb7-2cc639063cbb{ip: 192.168.69.122, host: trunk-nightly-fxqsz-774976932, networkLocation: /default-rack, certSerialId: null}, Type:RATIS, Factor:ONE, State:CLOSED] moved to CLOSED state
2019-07-13 19:22:24,301 INFO  pipeline.SCMPipelineManager (SCMPipelineManager.java:finalizeAndDestroyPipeline(309)) - destroying pipeline:Pipeline[ Id: 86cc287d-2517-445c-9718-f7f2cecdc02a, Nodes: 5b3b3b2e-452c-4a37-b606-6e20ad3d9255{ip: 192.168.69.122, host: trunk-nightly-fxqsz-774976932, networkLocation: /default-rack, certSerialId: null}2bb5f45b-311d-4fce-af42-27d5f93d7f80{ip: 192.168.69.122, host: trunk-nightly-fxqsz-774976932, networkLocation: /default-rack, certSerialId: null}edb20bde-d900-42bd-bbb7-2cc639063cbb{ip: 192.168.69.122, host: trunk-nightly-fxqsz-774976932, networkLocation: /default-rack, certSerialId: null}, Type:RATIS, Factor:THREE, State:CLOSED]
2019-07-13 19:22:24,501 INFO  node.StaleNodeHandler (StaleNodeHandler.java:onMessage(58)) - Datanode 365270af-ddf4-4d5a-b2ca-c5b76da69d60{ip: 192.168.69.122, host: trunk-nightly-fxqsz-774976932, networkLocation: /default-rack, certSerialId: null} moved to stale state. Finalizing its pipelines [PipelineID=fbf194dc-ef4a-46e0-9253-b05658a0ab30, PipelineID=ba35cda8-5fae-440a-9b96-0ece2354ca0d]
2019-07-13 19:22:24,501 INFO  pipeline.SCMPipelineManager (SCMPipelineManager.java:finalizeAndDestroyPipeline(309)) - destroying pipeline:Pipeline[ Id: fbf194dc-ef4a-46e0-9253-b05658a0ab30, Nodes: 365270af-ddf4-4d5a-b2ca-c5b76da69d60{ip: 192.168.69.122, host: trunk-nightly-fxqsz-774976932, networkLocation: /default-rack, certSerialId: null}, Type:RATIS, Factor:ONE, State:OPEN]
2019-07-13 19:22:24,501 INFO  pipeline.PipelineStateManager (PipelineStateManager.java:finalizePipeline(123)) - Pipeline Pipeline[ Id: fbf194dc-ef4a-46e0-9253-b05658a0ab30, Nodes: 365270af-ddf4-4d5a-b2ca-c5b76da69d60{ip: 192.168.69.122, host: trunk-nightly-fxqsz-774976932, networkLocation: /default-rack, certSerialId: null}, Type:RATIS, Factor:ONE, State:CLOSED] moved to CLOSED state
2019-07-13 19:22:24,501 INFO  pipeline.SCMPipelineManager (SCMPipelineManager.java:finalizeAndDestroyPipeline(309)) - destroying pipeline:Pipeline[ Id: ba35cda8-5fae-440a-9b96-0ece2354ca0d, Nodes: 8bda1305-bea0-4fb6-bdb4-bce9e83556a4{ip: 192.168.69.122, host: trunk-nightly-fxqsz-774976932, networkLocation: /default-rack, certSerialId: null}365270af-ddf4-4d5a-b2ca-c5b76da69d60{ip: 192.168.69.122, host: trunk-nightly-fxqsz-774976932, networkLocation: /default-rack, certSerialId: null}6c79c513-1c27-44fa-9506-e7c2c2929bbe{ip: 192.168.69.122, host: trunk-nightly-fxqsz-774976932, networkLocation: /default-rack, certSerialId: null}, Type:RATIS, Factor:THREE, State:CLOSED]
2019-07-13 19:22:24,777 INFO  ozoneimpl.OzoneContainer (OzoneContainer.java:stop(199)) - Attempting to stop container services.
2019-07-13 19:22:24,777 INFO  impl.RaftServerProxy (RaftServerProxy.java:lambda$close$4(314)) - 365270af-ddf4-4d5a-b2ca-c5b76da69d60: close
2019-07-13 19:22:24,778 INFO  impl.RaftServerImpl (RaftServerImpl.java:lambda$shutdown$3(245)) - 365270af-ddf4-4d5a-b2ca-c5b76da69d60: shutdown group-B05658A0AB30
2019-07-13 19:22:24,778 INFO  util.JmxRegister (JmxRegister.java:unregister(73)) - Successfully un-registered JMX Bean with object name Ratis:service=RaftServer,group=group-B05658A0AB30,id=365270af-ddf4-4d5a-b2ca-c5b76da69d60
2019-07-13 19:22:24,779 INFO  impl.RoleInfo (RoleInfo.java:shutdownLeaderState(104)) - 365270af-ddf4-4d5a-b2ca-c5b76da69d60: shutdown LeaderState
2019-07-13 19:22:24,779 INFO  impl.PendingRequests (PendingRequests.java:sendNotLeaderResponses(202)) - 365270af-ddf4-4d5a-b2ca-c5b76da69d60-PendingRequests: sendNotLeaderResponses
2019-07-13 19:22:24,780 INFO  impl.StateMachineUpdater (StateMachineUpdater.java:stopAndJoin(115)) - StateMachineUpdater:365270af-ddf4-4d5a-b2ca-c5b76da69d60:group-B05658A0AB30: set stopIndex = 0
2019-07-13 19:22:24,780 INFO  ratis.ContainerStateMachine (ContainerStateMachine.java:takeSnapshot(246)) - Taking snapshot at termIndex:(t:0, i:~)
2019-07-13 19:22:24,780 INFO  impl.RaftServerImpl (ServerState.java:close(394)) - 365270af-ddf4-4d5a-b2ca-c5b76da69d60:group-B05658A0AB30 closes. The last applied log index is 0
2019-07-13 19:22:24,781 INFO  segmented.SegmentedRaftLogWorker (SegmentedRaftLogWorker.java:run(313)) - 365270af-ddf4-4d5a-b2ca-c5b76da69d60-SegmentedRaftLogWorker:Storage Directory /tmp/workdir/hadoop-ozone/integration-test/target/test-dir/MiniOzoneClusterImpl-8ac25ccc-f850-4385-b614-50e0998aea5d/datanode-3/data/ratis/fbf194dc-ef4a-46e0-9253-b05658a0ab30 was interrupted, exiting. There are 0 tasks remaining in the queue.
2019-07-13 19:22:24,784 INFO  segmented.SegmentedRaftLogWorker (SegmentedRaftLogWorker.java:close(228)) - 365270af-ddf4-4d5a-b2ca-c5b76da69d60-SegmentedRaftLogWorker:Storage Directory /tmp/workdir/hadoop-ozone/integration-test/target/test-dir/MiniOzoneClusterImpl-8ac25ccc-f850-4385-b614-50e0998aea5d/datanode-3/data/ratis/fbf194dc-ef4a-46e0-9253-b05658a0ab30 close()
2019-07-13 19:22:24,786 INFO  impl.RaftServerImpl (RaftServerImpl.java:lambda$shutdown$3(245)) - 365270af-ddf4-4d5a-b2ca-c5b76da69d60: shutdown group-0ECE2354CA0D
2019-07-13 19:22:24,787 INFO  util.JmxRegister (JmxRegister.java:unregister(73)) - Successfully un-registered JMX Bean with object name Ratis:service=RaftServer,group=group-0ECE2354CA0D,id=365270af-ddf4-4d5a-b2ca-c5b76da69d60
2019-07-13 19:22:24,787 INFO  impl.RoleInfo (RoleInfo.java:shutdownFollowerState(121)) - 365270af-ddf4-4d5a-b2ca-c5b76da69d60: shutdown FollowerState
2019-07-13 19:22:24,787 INFO  impl.StateMachineUpdater (StateMachineUpdater.java:stopAndJoin(115)) - StateMachineUpdater:365270af-ddf4-4d5a-b2ca-c5b76da69d60:group-0ECE2354CA0D: set stopIndex = 0
2019-07-13 19:22:24,787 INFO  ratis.ContainerStateMachine (ContainerStateMachine.java:takeSnapshot(246)) - Taking snapshot at termIndex:(t:0, i:~)
2019-07-13 19:22:24,788 INFO  impl.FollowerState (FollowerState.java:run(114)) - 365270af-ddf4-4d5a-b2ca-c5b76da69d60: FollowerState was interrupted: java.lang.InterruptedException: sleep interrupted
2019-07-13 19:22:24,788 INFO  impl.RaftServerImpl (ServerState.java:close(394)) - 365270af-ddf4-4d5a-b2ca-c5b76da69d60:group-0ECE2354CA0D closes. The last applied log index is 0
2019-07-13 19:22:24,791 INFO  segmented.SegmentedRaftLogWorker (SegmentedRaftLogWorker.java:run(313)) - 365270af-ddf4-4d5a-b2ca-c5b76da69d60-SegmentedRaftLogWorker:Storage Directory /tmp/workdir/hadoop-ozone/integration-test/target/test-dir/MiniOzoneClusterImpl-8ac25ccc-f850-4385-b614-50e0998aea5d/datanode-3/data/ratis/ba35cda8-5fae-440a-9b96-0ece2354ca0d was interrupted, exiting. There are 0 tasks remaining in the queue.
2019-07-13 19:22:24,793 INFO  segmented.SegmentedRaftLogWorker (SegmentedRaftLogWorker.java:close(228)) - 365270af-ddf4-4d5a-b2ca-c5b76da69d60-SegmentedRaftLogWorker:Storage Directory /tmp/workdir/hadoop-ozone/integration-test/target/test-dir/MiniOzoneClusterImpl-8ac25ccc-f850-4385-b614-50e0998aea5d/datanode-3/data/ratis/ba35cda8-5fae-440a-9b96-0ece2354ca0d close()
2019-07-13 19:22:24,795 INFO  server.GrpcService (GrpcService.java:closeImpl(155)) - 365270af-ddf4-4d5a-b2ca-c5b76da69d60: shutdown server with port 40671 now
2019-07-13 19:22:24,795 INFO  ozoneimpl.OzoneContainer (OzoneContainer.java:stop(199)) - Attempting to stop container services.
2019-07-13 19:22:24,795 INFO  server.GrpcService (GrpcService.java:closeImpl(163)) - 365270af-ddf4-4d5a-b2ca-c5b76da69d60: shutdown server with port 40671 successfully
2019-07-13 19:22:24,796 INFO  impl.RaftServerProxy (RaftServerProxy.java:lambda$close$4(314)) - edb20bde-d900-42bd-bbb7-2cc639063cbb: close
2019-07-13 19:22:24,796 INFO  impl.RaftServerImpl (RaftServerImpl.java:lambda$shutdown$3(245)) - edb20bde-d900-42bd-bbb7-2cc639063cbb: shutdown group-AEE66C7D0D2E
2019-07-13 19:22:24,797 INFO  util.JmxRegister (JmxRegister.java:unregister(73)) - Successfully un-registered JMX Bean with object name Ratis:service=RaftServer,group=group-AEE66C7D0D2E,id=edb20bde-d900-42bd-bbb7-2cc639063cbb
2019-07-13 19:22:24,797 INFO  utils.BackgroundService (BackgroundService.java:shutdown(148)) - Shutting down service BlockDeletingService
2019-07-13 19:22:24,797 INFO  impl.RoleInfo (RoleInfo.java:shutdownLeaderState(104)) - edb20bde-d900-42bd-bbb7-2cc639063cbb: shutdown LeaderState
2019-07-13 19:22:24,798 INFO  impl.PendingRequests (PendingRequests.java:sendNotLeaderResponses(202)) - edb20bde-d900-42bd-bbb7-2cc639063cbb-PendingRequests: sendNotLeaderResponses
2019-07-13 19:22:24,798 WARN  fs.CachingGetSpaceUsed (CachingGetSpaceUsed.java:run(183)) - Thread Interrupted waiting to refresh disk information: sleep interrupted
2019-07-13 19:22:24,798 INFO  impl.StateMachineUpdater (StateMachineUpdater.java:stopAndJoin(115)) - StateMachineUpdater:edb20bde-d900-42bd-bbb7-2cc639063cbb:group-AEE66C7D0D2E: set stopIndex = 0
2019-07-13 19:22:24,798 INFO  ratis.ContainerStateMachine (ContainerStateMachine.java:takeSnapshot(246)) - Taking snapshot at termIndex:(t:0, i:~)
2019-07-13 19:22:24,799 INFO  impl.RaftServerImpl (ServerState.java:close(394)) - edb20bde-d900-42bd-bbb7-2cc639063cbb:group-AEE66C7D0D2E closes. The last applied log index is 0
2019-07-13 19:22:24,799 INFO  segmented.SegmentedRaftLogWorker (SegmentedRaftLogWorker.java:run(313)) - edb20bde-d900-42bd-bbb7-2cc639063cbb-SegmentedRaftLogWorker:Storage Directory /tmp/workdir/hadoop-ozone/integration-test/target/test-dir/MiniOzoneClusterImpl-8ac25ccc-f850-4385-b614-50e0998aea5d/datanode-2/data/ratis/200b8781-c3bc-4533-8e50-aee66c7d0d2e was interrupted, exiting. There are 0 tasks remaining in the queue.
2019-07-13 19:22:24,802 INFO  segmented.SegmentedRaftLogWorker (SegmentedRaftLogWorker.java:close(228)) - edb20bde-d900-42bd-bbb7-2cc639063cbb-SegmentedRaftLogWorker:Storage Directory /tmp/workdir/hadoop-ozone/integration-test/target/test-dir/MiniOzoneClusterImpl-8ac25ccc-f850-4385-b614-50e0998aea5d/datanode-2/data/ratis/200b8781-c3bc-4533-8e50-aee66c7d0d2e close()
2019-07-13 19:22:24,804 INFO  impl.RaftServerImpl (RaftServerImpl.java:lambda$shutdown$3(245)) - edb20bde-d900-42bd-bbb7-2cc639063cbb: shutdown group-F7F2CECDC02A
2019-07-13 19:22:24,805 INFO  util.JmxRegister (JmxRegister.java:unregister(73)) - Successfully un-registered JMX Bean with object name Ratis:service=RaftServer,group=group-F7F2CECDC02A,id=edb20bde-d900-42bd-bbb7-2cc639063cbb
2019-07-13 19:22:24,805 INFO  impl.RoleInfo (RoleInfo.java:shutdownLeaderState(104)) - edb20bde-d900-42bd-bbb7-2cc639063cbb: shutdown LeaderState
2019-07-13 19:22:24,809 INFO  impl.PendingRequests (PendingRequests.java:sendNotLeaderResponses(202)) - edb20bde-d900-42bd-bbb7-2cc639063cbb-PendingRequests: sendNotLeaderResponses
2019-07-13 19:22:24,809 WARN  server.GrpcLogAppender (GrpcLogAppender.java:mayWait(143)) - GrpcLogAppender(edb20bde-d900-42bd-bbb7-2cc639063cbb->2bb5f45b-311d-4fce-af42-27d5f93d7f80): Wait interrupted by java.lang.InterruptedException
2019-07-13 19:22:24,809 WARN  server.GrpcLogAppender (GrpcLogAppender.java:mayWait(143)) - GrpcLogAppender(edb20bde-d900-42bd-bbb7-2cc639063cbb->5b3b3b2e-452c-4a37-b606-6e20ad3d9255): Wait interrupted by java.lang.InterruptedException
2019-07-13 19:22:24,809 INFO  ratis.ContainerStateMachine (ContainerStateMachine.java:takeSnapshot(246)) - Taking snapshot at termIndex:(t:0, i:~)
2019-07-13 19:22:24,809 INFO  impl.StateMachineUpdater (StateMachineUpdater.java:stopAndJoin(115)) - StateMachineUpdater:edb20bde-d900-42bd-bbb7-2cc639063cbb:group-F7F2CECDC02A: set stopIndex = 0
2019-07-13 19:22:24,809 INFO  server.GrpcServerProtocolService (GrpcServerProtocolService.java:onCompleted(104)) - 2bb5f45b-311d-4fce-af42-27d5f93d7f80: appendEntries completed
2019-07-13 19:22:24,810 INFO  impl.RaftServerImpl (ServerState.java:close(394)) - edb20bde-d900-42bd-bbb7-2cc639063cbb:group-F7F2CECDC02A closes. The last applied log index is 0
2019-07-13 19:22:24,810 INFO  segmented.SegmentedRaftLogWorker (SegmentedRaftLogWorker.java:run(313)) - edb20bde-d900-42bd-bbb7-2cc639063cbb-SegmentedRaftLogWorker:Storage Directory /tmp/workdir/hadoop-ozone/integration-test/target/test-dir/MiniOzoneClusterImpl-8ac25ccc-f850-4385-b614-50e0998aea5d/datanode-2/data/ratis/86cc287d-2517-445c-9718-f7f2cecdc02a was interrupted, exiting. There are 0 tasks remaining in the queue.
2019-07-13 19:22:24,810 INFO  server.GrpcLogAppender (GrpcLogAppender.java:onCompleted(292)) - edb20bde-d900-42bd-bbb7-2cc639063cbb->2bb5f45b-311d-4fce-af42-27d5f93d7f80: follower responses appendEntries COMPLETED
2019-07-13 19:22:24,812 INFO  segmented.SegmentedRaftLogWorker (SegmentedRaftLogWorker.java:close(228)) - edb20bde-d900-42bd-bbb7-2cc639063cbb-SegmentedRaftLogWorker:Storage Directory /tmp/workdir/hadoop-ozone/integration-test/target/test-dir/MiniOzoneClusterImpl-8ac25ccc-f850-4385-b614-50e0998aea5d/datanode-2/data/ratis/86cc287d-2517-445c-9718-f7f2cecdc02a close()
2019-07-13 19:22:24,812 INFO  impl.FollowerInfo (FollowerInfo.java:lambda$new$0(50)) - edb20bde-d900-42bd-bbb7-2cc639063cbb->2bb5f45b-311d-4fce-af42-27d5f93d7f80: nextIndex: updateUnconditionally 1 -> 0
2019-07-13 19:22:24,814 INFO  server.GrpcService (GrpcService.java:closeImpl(155)) - edb20bde-d900-42bd-bbb7-2cc639063cbb: shutdown server with port 36362 now
2019-07-13 19:22:24,815 INFO  server.GrpcService (GrpcService.java:closeImpl(163)) - edb20bde-d900-42bd-bbb7-2cc639063cbb: shutdown server with port 36362 successfully
2019-07-13 19:22:24,816 INFO  utils.BackgroundService (BackgroundService.java:shutdown(148)) - Shutting down service BlockDeletingService
2019-07-13 19:22:24,817 WARN  fs.CachingGetSpaceUsed (CachingGetSpaceUsed.java:run(183)) - Thread Interrupted waiting to refresh disk information: sleep interrupted
2019-07-13 19:22:24,831 INFO  statemachine.DatanodeStateMachine (DatanodeStateMachine.java:stopDaemon(395)) - Ozone container server stopped.
2019-07-13 19:22:24,832 INFO  handler.ContextHandler (ContextHandler.java:doStop(910)) - Stopped o.e.j.w.WebAppContext@2c955487{/,null,UNAVAILABLE}{/hddsDatanode}
2019-07-13 19:22:24,833 INFO  server.AbstractConnector (AbstractConnector.java:doStop(318)) - Stopped ServerConnector@38ae69f7{HTTP/1.1,[http/1.1]}{0.0.0.0:0}
2019-07-13 19:22:24,833 INFO  handler.ContextHandler (ContextHandler.java:doStop(910)) - Stopped o.e.j.s.ServletContextHandler@4a467ada{/static,jar:file:/home/user/.m2/repository/org/apache/hadoop/hadoop-hdds-container-service/0.5.0-SNAPSHOT/hadoop-hdds-container-service-0.5.0-SNAPSHOT.jar!/webapps/static,UNAVAILABLE}
2019-07-13 19:22:24,834 INFO  handler.ContextHandler (ContextHandler.java:doStop(910)) - Stopped o.e.j.s.ServletContextHandler@6f986031{/logs,file:///tmp/workdir/hadoop-ozone/integration-test/target/log,UNAVAILABLE}
2019-07-13 19:22:24,834 INFO  datanode.ObjectStoreHandler (ObjectStoreHandler.java:close(155)) - Closing ObjectStoreHandler.
2019-07-13 19:22:24,835 INFO  ozone.HddsDatanodeService (HddsDatanodeService.java:stop(452)) - Stopped plug-in org.apache.hadoop.ozone.web.OzoneHddsDatanodeService@1e387974
2019-07-13 19:22:24,840 INFO  statemachine.DatanodeStateMachine (DatanodeStateMachine.java:stopDaemon(395)) - Ozone container server stopped.
2019-07-13 19:22:24,846 INFO  handler.ContextHandler (ContextHandler.java:doStop(910)) - Stopped o.e.j.w.WebAppContext@46df794e{/,null,UNAVAILABLE}{/hddsDatanode}
2019-07-13 19:22:24,846 INFO  server.AbstractConnector (AbstractConnector.java:doStop(318)) - Stopped ServerConnector@5cd6a827{HTTP/1.1,[http/1.1]}{0.0.0.0:0}
2019-07-13 19:22:24,848 INFO  handler.ContextHandler (ContextHandler.java:doStop(910)) - Stopped o.e.j.s.ServletContextHandler@62c1259f{/static,jar:file:/home/user/.m2/repository/org/apache/hadoop/hadoop-hdds-container-service/0.5.0-SNAPSHOT/hadoop-hdds-container-service-0.5.0-SNAPSHOT.jar!/webapps/static,UNAVAILABLE}
2019-07-13 19:22:24,849 INFO  handler.ContextHandler (ContextHandler.java:doStop(910)) - Stopped o.e.j.s.ServletContextHandler@5cb32140{/logs,file:///tmp/workdir/hadoop-ozone/integration-test/target/log,UNAVAILABLE}
2019-07-13 19:22:24,850 INFO  datanode.ObjectStoreHandler (ObjectStoreHandler.java:close(155)) - Closing ObjectStoreHandler.
2019-07-13 19:22:24,851 INFO  ozone.HddsDatanodeService (HddsDatanodeService.java:stop(452)) - Stopped plug-in org.apache.hadoop.ozone.web.OzoneHddsDatanodeService@4d682397
2019-07-13 19:22:24,971 INFO  statemachine.DatanodeStateMachine (DatanodeStateMachine.java:lambda$startDaemon$0(350)) - Ozone container server started.
2019-07-13 19:22:25,452 INFO  statemachine.DatanodeStateMachine (DatanodeStateMachine.java:lambda$startDaemon$0(350)) - Ozone container server started.
2019-07-13 19:22:27,225 INFO  impl.FollowerState (FollowerState.java:run(106)) - 8bda1305-bea0-4fb6-bdb4-bce9e83556a4:group-0ECE2354CA0D changes to CANDIDATE, lastRpcTime:7698, electionTimeout:5111ms
2019-07-13 19:22:27,225 INFO  impl.RoleInfo (RoleInfo.java:shutdownFollowerState(121)) - 8bda1305-bea0-4fb6-bdb4-bce9e83556a4: shutdown FollowerState
2019-07-13 19:22:27,228 INFO  impl.RaftServerImpl (RaftServerImpl.java:setRole(171)) - 8bda1305-bea0-4fb6-bdb4-bce9e83556a4:group-0ECE2354CA0D changes role from FOLLOWER to CANDIDATE at term 1 for changeToCandidate
2019-07-13 19:22:27,228 INFO  impl.RoleInfo (RoleInfo.java:updateAndGet(143)) - 8bda1305-bea0-4fb6-bdb4-bce9e83556a4: start LeaderElection
2019-07-13 19:22:27,230 INFO  impl.RaftServerImpl (ServerState.java:setLeader(263)) - 8bda1305-bea0-4fb6-bdb4-bce9e83556a4:group-0ECE2354CA0D change Leader from 6c79c513-1c27-44fa-9506-e7c2c2929bbe to null at term 1 for initElection
2019-07-13 19:22:27,245 INFO  impl.LeaderElection (LeaderElection.java:askForVotes(181)) - 8bda1305-bea0-4fb6-bdb4-bce9e83556a4:group-0ECE2354CA0D:LeaderElection53: begin an election at term 2 for 0: [6c79c513-1c27-44fa-9506-e7c2c2929bbe:192.168.69.122:35100, 365270af-ddf4-4d5a-b2ca-c5b76da69d60:192.168.69.122:40671, 8bda1305-bea0-4fb6-bdb4-bce9e83556a4:192.168.69.122:41981], old=null
2019-07-13 19:22:27,248 INFO  impl.LeaderElection (LogUtils.java:infoOrTrace(149)) - 8bda1305-bea0-4fb6-bdb4-bce9e83556a4:group-0ECE2354CA0D:LeaderElection53 got exception when requesting votes: {}
java.util.concurrent.ExecutionException: org.apache.ratis.thirdparty.io.grpc.StatusRuntimeException: UNAVAILABLE: io exception
	at java.util.concurrent.FutureTask.report(FutureTask.java:122)
	at java.util.concurrent.FutureTask.get(FutureTask.java:192)
	at org.apache.ratis.server.impl.LeaderElection.waitForResults(LeaderElection.java:262)
	at org.apache.ratis.server.impl.LeaderElection.askForVotes(LeaderElection.java:200)
	at org.apache.ratis.server.impl.LeaderElection.run(LeaderElection.java:130)
	at java.lang.Thread.run(Thread.java:748)
Caused by: org.apache.ratis.thirdparty.io.grpc.StatusRuntimeException: UNAVAILABLE: io exception
	at org.apache.ratis.thirdparty.io.grpc.stub.ClientCalls.toStatusRuntimeException(ClientCalls.java:233)
	at org.apache.ratis.thirdparty.io.grpc.stub.ClientCalls.getUnchecked(ClientCalls.java:214)
	at org.apache.ratis.thirdparty.io.grpc.stub.ClientCalls.blockingUnaryCall(ClientCalls.java:139)
	at org.apache.ratis.proto.grpc.RaftServerProtocolServiceGrpc$RaftServerProtocolServiceBlockingStub.requestVote(RaftServerProtocolServiceGrpc.java:265)
	at org.apache.ratis.grpc.server.GrpcServerProtocolClient.requestVote(GrpcServerProtocolClient.java:83)
	at org.apache.ratis.grpc.server.GrpcService.requestVote(GrpcService.java:195)
	at org.apache.ratis.server.impl.LeaderElection.lambda$submitRequests$1(LeaderElection.java:237)
	at java.util.concurrent.FutureTask.run(FutureTask.java:266)
	at java.util.concurrent.Executors$RunnableAdapter.call(Executors.java:511)
	at java.util.concurrent.FutureTask.run(FutureTask.java:266)
	at java.util.concurrent.ThreadPoolExecutor.runWorker(ThreadPoolExecutor.java:1149)
	at java.util.concurrent.ThreadPoolExecutor$Worker.run(ThreadPoolExecutor.java:624)
	... 1 more
Caused by: org.apache.ratis.thirdparty.io.netty.channel.AbstractChannel$AnnotatedConnectException: Connection refused: /192.168.69.122:40671
	at sun.nio.ch.SocketChannelImpl.checkConnect(Native Method)
	at sun.nio.ch.SocketChannelImpl.finishConnect(SocketChannelImpl.java:717)
	at org.apache.ratis.thirdparty.io.netty.channel.socket.nio.NioSocketChannel.doFinishConnect(NioSocketChannel.java:327)
	at org.apache.ratis.thirdparty.io.netty.channel.nio.AbstractNioChannel$AbstractNioUnsafe.finishConnect(AbstractNioChannel.java:340)
	at org.apache.ratis.thirdparty.io.netty.channel.nio.NioEventLoop.processSelectedKey(NioEventLoop.java:632)
	at org.apache.ratis.thirdparty.io.netty.channel.nio.NioEventLoop.processSelectedKeysOptimized(NioEventLoop.java:579)
	at org.apache.ratis.thirdparty.io.netty.channel.nio.NioEventLoop.processSelectedKeys(NioEventLoop.java:496)
	at org.apache.ratis.thirdparty.io.netty.channel.nio.NioEventLoop.run(NioEventLoop.java:458)
	at org.apache.ratis.thirdparty.io.netty.util.concurrent.SingleThreadEventExecutor$5.run(SingleThreadEventExecutor.java:897)
	at org.apache.ratis.thirdparty.io.netty.util.concurrent.FastThreadLocalRunnable.run(FastThreadLocalRunnable.java:30)
	... 1 more
Caused by: java.net.ConnectException: Connection refused
	... 11 more
2019-07-13 19:22:27,250 INFO  impl.LeaderElection (LogUtils.java:infoOrTrace(149)) - 8bda1305-bea0-4fb6-bdb4-bce9e83556a4:group-0ECE2354CA0D:LeaderElection53 got exception when requesting votes: {}
java.util.concurrent.ExecutionException: org.apache.ratis.thirdparty.io.grpc.StatusRuntimeException: UNAVAILABLE: io exception
	at java.util.concurrent.FutureTask.report(FutureTask.java:122)
	at java.util.concurrent.FutureTask.get(FutureTask.java:192)
	at org.apache.ratis.server.impl.LeaderElection.waitForResults(LeaderElection.java:262)
	at org.apache.ratis.server.impl.LeaderElection.askForVotes(LeaderElection.java:200)
	at org.apache.ratis.server.impl.LeaderElection.run(LeaderElection.java:130)
	at java.lang.Thread.run(Thread.java:748)
Caused by: org.apache.ratis.thirdparty.io.grpc.StatusRuntimeException: UNAVAILABLE: io exception
	at org.apache.ratis.thirdparty.io.grpc.stub.ClientCalls.toStatusRuntimeException(ClientCalls.java:233)
	at org.apache.ratis.thirdparty.io.grpc.stub.ClientCalls.getUnchecked(ClientCalls.java:214)
	at org.apache.ratis.thirdparty.io.grpc.stub.ClientCalls.blockingUnaryCall(ClientCalls.java:139)
	at org.apache.ratis.proto.grpc.RaftServerProtocolServiceGrpc$RaftServerProtocolServiceBlockingStub.requestVote(RaftServerProtocolServiceGrpc.java:265)
	at org.apache.ratis.grpc.server.GrpcServerProtocolClient.requestVote(GrpcServerProtocolClient.java:83)
	at org.apache.ratis.grpc.server.GrpcService.requestVote(GrpcService.java:195)
	at org.apache.ratis.server.impl.LeaderElection.lambda$submitRequests$1(LeaderElection.java:237)
	at java.util.concurrent.FutureTask.run(FutureTask.java:266)
	at java.util.concurrent.Executors$RunnableAdapter.call(Executors.java:511)
	at java.util.concurrent.FutureTask.run(FutureTask.java:266)
	at java.util.concurrent.ThreadPoolExecutor.runWorker(ThreadPoolExecutor.java:1149)
	at java.util.concurrent.ThreadPoolExecutor$Worker.run(ThreadPoolExecutor.java:624)
	... 1 more
Caused by: org.apache.ratis.thirdparty.io.netty.channel.AbstractChannel$AnnotatedConnectException: Connection refused: /192.168.69.122:35100
	at sun.nio.ch.SocketChannelImpl.checkConnect(Native Method)
	at sun.nio.ch.SocketChannelImpl.finishConnect(SocketChannelImpl.java:717)
	at org.apache.ratis.thirdparty.io.netty.channel.socket.nio.NioSocketChannel.doFinishConnect(NioSocketChannel.java:327)
	at org.apache.ratis.thirdparty.io.netty.channel.nio.AbstractNioChannel$AbstractNioUnsafe.finishConnect(AbstractNioChannel.java:340)
	at org.apache.ratis.thirdparty.io.netty.channel.nio.NioEventLoop.processSelectedKey(NioEventLoop.java:632)
	at org.apache.ratis.thirdparty.io.netty.channel.nio.NioEventLoop.processSelectedKeysOptimized(NioEventLoop.java:579)
	at org.apache.ratis.thirdparty.io.netty.channel.nio.NioEventLoop.processSelectedKeys(NioEventLoop.java:496)
	at org.apache.ratis.thirdparty.io.netty.channel.nio.NioEventLoop.run(NioEventLoop.java:458)
	at org.apache.ratis.thirdparty.io.netty.util.concurrent.SingleThreadEventExecutor$5.run(SingleThreadEventExecutor.java:897)
	at org.apache.ratis.thirdparty.io.netty.util.concurrent.FastThreadLocalRunnable.run(FastThreadLocalRunnable.java:30)
	... 1 more
Caused by: java.net.ConnectException: Connection refused
	... 11 more
2019-07-13 19:22:27,252 INFO  impl.LeaderElection (LeaderElection.java:logAndReturn(56)) - 8bda1305-bea0-4fb6-bdb4-bce9e83556a4:group-0ECE2354CA0D:LeaderElection53: Election REJECTED; received 0 response(s) [] and 2 exception(s); 8bda1305-bea0-4fb6-bdb4-bce9e83556a4:t2, leader=null, voted=8bda1305-bea0-4fb6-bdb4-bce9e83556a4, raftlog=8bda1305-bea0-4fb6-bdb4-bce9e83556a4-SegmentedRaftLog:OPENED:c0,f0,i0, conf=0: [6c79c513-1c27-44fa-9506-e7c2c2929bbe:192.168.69.122:35100, 365270af-ddf4-4d5a-b2ca-c5b76da69d60:192.168.69.122:40671, 8bda1305-bea0-4fb6-bdb4-bce9e83556a4:192.168.69.122:41981], old=null
2019-07-13 19:22:27,252 INFO  impl.LeaderElection (LogUtils.java:infoOrTrace(149)) -   Exception 0: {}
java.util.concurrent.ExecutionException: org.apache.ratis.thirdparty.io.grpc.StatusRuntimeException: UNAVAILABLE: io exception
	at java.util.concurrent.FutureTask.report(FutureTask.java:122)
	at java.util.concurrent.FutureTask.get(FutureTask.java:192)
	at org.apache.ratis.server.impl.LeaderElection.waitForResults(LeaderElection.java:262)
	at org.apache.ratis.server.impl.LeaderElection.askForVotes(LeaderElection.java:200)
	at org.apache.ratis.server.impl.LeaderElection.run(LeaderElection.java:130)
	at java.lang.Thread.run(Thread.java:748)
Caused by: org.apache.ratis.thirdparty.io.grpc.StatusRuntimeException: UNAVAILABLE: io exception
	at org.apache.ratis.thirdparty.io.grpc.stub.ClientCalls.toStatusRuntimeException(ClientCalls.java:233)
	at org.apache.ratis.thirdparty.io.grpc.stub.ClientCalls.getUnchecked(ClientCalls.java:214)
	at org.apache.ratis.thirdparty.io.grpc.stub.ClientCalls.blockingUnaryCall(ClientCalls.java:139)
	at org.apache.ratis.proto.grpc.RaftServerProtocolServiceGrpc$RaftServerProtocolServiceBlockingStub.requestVote(RaftServerProtocolServiceGrpc.java:265)
	at org.apache.ratis.grpc.server.GrpcServerProtocolClient.requestVote(GrpcServerProtocolClient.java:83)
	at org.apache.ratis.grpc.server.GrpcService.requestVote(GrpcService.java:195)
	at org.apache.ratis.server.impl.LeaderElection.lambda$submitRequests$1(LeaderElection.java:237)
	at java.util.concurrent.FutureTask.run(FutureTask.java:266)
	at java.util.concurrent.Executors$RunnableAdapter.call(Executors.java:511)
	at java.util.concurrent.FutureTask.run(FutureTask.java:266)
	at java.util.concurrent.ThreadPoolExecutor.runWorker(ThreadPoolExecutor.java:1149)
	at java.util.concurrent.ThreadPoolExecutor$Worker.run(ThreadPoolExecutor.java:624)
	... 1 more
Caused by: org.apache.ratis.thirdparty.io.netty.channel.AbstractChannel$AnnotatedConnectException: Connection refused: /192.168.69.122:40671
	at sun.nio.ch.SocketChannelImpl.checkConnect(Native Method)
	at sun.nio.ch.SocketChannelImpl.finishConnect(SocketChannelImpl.java:717)
	at org.apache.ratis.thirdparty.io.netty.channel.socket.nio.NioSocketChannel.doFinishConnect(NioSocketChannel.java:327)
	at org.apache.ratis.thirdparty.io.netty.channel.nio.AbstractNioChannel$AbstractNioUnsafe.finishConnect(AbstractNioChannel.java:340)
	at org.apache.ratis.thirdparty.io.netty.channel.nio.NioEventLoop.processSelectedKey(NioEventLoop.java:632)
	at org.apache.ratis.thirdparty.io.netty.channel.nio.NioEventLoop.processSelectedKeysOptimized(NioEventLoop.java:579)
	at org.apache.ratis.thirdparty.io.netty.channel.nio.NioEventLoop.processSelectedKeys(NioEventLoop.java:496)
	at org.apache.ratis.thirdparty.io.netty.channel.nio.NioEventLoop.run(NioEventLoop.java:458)
	at org.apache.ratis.thirdparty.io.netty.util.concurrent.SingleThreadEventExecutor$5.run(SingleThreadEventExecutor.java:897)
	at org.apache.ratis.thirdparty.io.netty.util.concurrent.FastThreadLocalRunnable.run(FastThreadLocalRunnable.java:30)
	... 1 more
Caused by: java.net.ConnectException: Connection refused
	... 11 more
2019-07-13 19:22:27,252 INFO  impl.LeaderElection (LogUtils.java:infoOrTrace(149)) -   Exception 1: {}
java.util.concurrent.ExecutionException: org.apache.ratis.thirdparty.io.grpc.StatusRuntimeException: UNAVAILABLE: io exception
	at java.util.concurrent.FutureTask.report(FutureTask.java:122)
	at java.util.concurrent.FutureTask.get(FutureTask.java:192)
	at org.apache.ratis.server.impl.LeaderElection.waitForResults(LeaderElection.java:262)
	at org.apache.ratis.server.impl.LeaderElection.askForVotes(LeaderElection.java:200)
	at org.apache.ratis.server.impl.LeaderElection.run(LeaderElection.java:130)
	at java.lang.Thread.run(Thread.java:748)
Caused by: org.apache.ratis.thirdparty.io.grpc.StatusRuntimeException: UNAVAILABLE: io exception
	at org.apache.ratis.thirdparty.io.grpc.stub.ClientCalls.toStatusRuntimeException(ClientCalls.java:233)
	at org.apache.ratis.thirdparty.io.grpc.stub.ClientCalls.getUnchecked(ClientCalls.java:214)
	at org.apache.ratis.thirdparty.io.grpc.stub.ClientCalls.blockingUnaryCall(ClientCalls.java:139)
	at org.apache.ratis.proto.grpc.RaftServerProtocolServiceGrpc$RaftServerProtocolServiceBlockingStub.requestVote(RaftServerProtocolServiceGrpc.java:265)
	at org.apache.ratis.grpc.server.GrpcServerProtocolClient.requestVote(GrpcServerProtocolClient.java:83)
	at org.apache.ratis.grpc.server.GrpcService.requestVote(GrpcService.java:195)
	at org.apache.ratis.server.impl.LeaderElection.lambda$submitRequests$1(LeaderElection.java:237)
	at java.util.concurrent.FutureTask.run(FutureTask.java:266)
	at java.util.concurrent.Executors$RunnableAdapter.call(Executors.java:511)
	at java.util.concurrent.FutureTask.run(FutureTask.java:266)
	at java.util.concurrent.ThreadPoolExecutor.runWorker(ThreadPoolExecutor.java:1149)
	at java.util.concurrent.ThreadPoolExecutor$Worker.run(ThreadPoolExecutor.java:624)
	... 1 more
Caused by: org.apache.ratis.thirdparty.io.netty.channel.AbstractChannel$AnnotatedConnectException: Connection refused: /192.168.69.122:35100
	at sun.nio.ch.SocketChannelImpl.checkConnect(Native Method)
	at sun.nio.ch.SocketChannelImpl.finishConnect(SocketChannelImpl.java:717)
	at org.apache.ratis.thirdparty.io.netty.channel.socket.nio.NioSocketChannel.doFinishConnect(NioSocketChannel.java:327)
	at org.apache.ratis.thirdparty.io.netty.channel.nio.AbstractNioChannel$AbstractNioUnsafe.finishConnect(AbstractNioChannel.java:340)
	at org.apache.ratis.thirdparty.io.netty.channel.nio.NioEventLoop.processSelectedKey(NioEventLoop.java:632)
	at org.apache.ratis.thirdparty.io.netty.channel.nio.NioEventLoop.processSelectedKeysOptimized(NioEventLoop.java:579)
	at org.apache.ratis.thirdparty.io.netty.channel.nio.NioEventLoop.processSelectedKeys(NioEventLoop.java:496)
	at org.apache.ratis.thirdparty.io.netty.channel.nio.NioEventLoop.run(NioEventLoop.java:458)
	at org.apache.ratis.thirdparty.io.netty.util.concurrent.SingleThreadEventExecutor$5.run(SingleThreadEventExecutor.java:897)
	at org.apache.ratis.thirdparty.io.netty.util.concurrent.FastThreadLocalRunnable.run(FastThreadLocalRunnable.java:30)
	... 1 more
Caused by: java.net.ConnectException: Connection refused
	... 11 more
2019-07-13 19:22:27,253 INFO  impl.RaftServerImpl (RaftServerImpl.java:setRole(171)) - 8bda1305-bea0-4fb6-bdb4-bce9e83556a4:group-0ECE2354CA0D changes role from CANDIDATE to FOLLOWER at term 2 for DISCOVERED_A_NEW_TERM
2019-07-13 19:22:27,254 INFO  impl.RoleInfo (RoleInfo.java:shutdownLeaderElection(134)) - 8bda1305-bea0-4fb6-bdb4-bce9e83556a4: shutdown LeaderElection
2019-07-13 19:22:27,254 INFO  impl.RoleInfo (RoleInfo.java:updateAndGet(143)) - 8bda1305-bea0-4fb6-bdb4-bce9e83556a4: start FollowerState
2019-07-13 19:22:29,008 INFO  node.StaleNodeHandler (StaleNodeHandler.java:onMessage(58)) - Datanode 95668776-f1a2-4718-bfb8-aa19d815cc55{ip: 192.168.69.122, host: trunk-nightly-fxqsz-774976932, networkLocation: /default-rack, certSerialId: null} moved to stale state. Finalizing its pipelines [PipelineID=23f07e9b-4e6c-4add-a933-a03b09736c66]
2019-07-13 19:22:29,008 INFO  pipeline.SCMPipelineManager (SCMPipelineManager.java:finalizeAndDestroyPipeline(309)) - destroying pipeline:Pipeline[ Id: 23f07e9b-4e6c-4add-a933-a03b09736c66, Nodes: 95668776-f1a2-4718-bfb8-aa19d815cc55{ip: 192.168.69.122, host: trunk-nightly-fxqsz-774976932, networkLocation: /default-rack, certSerialId: null}, Type:RATIS, Factor:ONE, State:OPEN]
2019-07-13 19:22:29,009 INFO  pipeline.PipelineStateManager (PipelineStateManager.java:finalizePipeline(123)) - Pipeline Pipeline[ Id: 23f07e9b-4e6c-4add-a933-a03b09736c66, Nodes: 95668776-f1a2-4718-bfb8-aa19d815cc55{ip: 192.168.69.122, host: trunk-nightly-fxqsz-774976932, networkLocation: /default-rack, certSerialId: null}, Type:RATIS, Factor:ONE, State:CLOSED] moved to CLOSED state
2019-07-13 19:22:29,509 INFO  node.StaleNodeHandler (StaleNodeHandler.java:onMessage(58)) - Datanode 2bb5f45b-311d-4fce-af42-27d5f93d7f80{ip: 192.168.69.122, host: trunk-nightly-fxqsz-774976932, networkLocation: /default-rack, certSerialId: null} moved to stale state. Finalizing its pipelines [PipelineID=d52edd26-10cd-4183-b407-ba252aa49506, PipelineID=86cc287d-2517-445c-9718-f7f2cecdc02a]
2019-07-13 19:22:29,509 INFO  pipeline.SCMPipelineManager (SCMPipelineManager.java:finalizeAndDestroyPipeline(309)) - destroying pipeline:Pipeline[ Id: d52edd26-10cd-4183-b407-ba252aa49506, Nodes: 2bb5f45b-311d-4fce-af42-27d5f93d7f80{ip: 192.168.69.122, host: trunk-nightly-fxqsz-774976932, networkLocation: /default-rack, certSerialId: null}, Type:RATIS, Factor:ONE, State:OPEN]
2019-07-13 19:22:29,509 INFO  pipeline.PipelineStateManager (PipelineStateManager.java:finalizePipeline(123)) - Pipeline Pipeline[ Id: d52edd26-10cd-4183-b407-ba252aa49506, Nodes: 2bb5f45b-311d-4fce-af42-27d5f93d7f80{ip: 192.168.69.122, host: trunk-nightly-fxqsz-774976932, networkLocation: /default-rack, certSerialId: null}, Type:RATIS, Factor:ONE, State:CLOSED] moved to CLOSED state
2019-07-13 19:22:29,509 INFO  container.CloseContainerEventHandler (CloseContainerEventHandler.java:onMessage(61)) - Close container Event triggered for container : #2
2019-07-13 19:22:29,509 INFO  pipeline.SCMPipelineManager (SCMPipelineManager.java:finalizeAndDestroyPipeline(309)) - destroying pipeline:Pipeline[ Id: 86cc287d-2517-445c-9718-f7f2cecdc02a, Nodes: 5b3b3b2e-452c-4a37-b606-6e20ad3d9255{ip: 192.168.69.122, host: trunk-nightly-fxqsz-774976932, networkLocation: /default-rack, certSerialId: null}2bb5f45b-311d-4fce-af42-27d5f93d7f80{ip: 192.168.69.122, host: trunk-nightly-fxqsz-774976932, networkLocation: /default-rack, certSerialId: null}edb20bde-d900-42bd-bbb7-2cc639063cbb{ip: 192.168.69.122, host: trunk-nightly-fxqsz-774976932, networkLocation: /default-rack, certSerialId: null}, Type:RATIS, Factor:THREE, State:CLOSED]
2019-07-13 19:22:29,836 INFO  ozoneimpl.OzoneContainer (OzoneContainer.java:stop(199)) - Attempting to stop container services.
2019-07-13 19:22:29,836 INFO  impl.RaftServerProxy (RaftServerProxy.java:lambda$close$4(314)) - 95668776-f1a2-4718-bfb8-aa19d815cc55: close
2019-07-13 19:22:29,837 INFO  impl.RaftServerImpl (RaftServerImpl.java:lambda$shutdown$3(245)) - 95668776-f1a2-4718-bfb8-aa19d815cc55: shutdown group-A03B09736C66
2019-07-13 19:22:29,837 INFO  util.JmxRegister (JmxRegister.java:unregister(73)) - Successfully un-registered JMX Bean with object name Ratis:service=RaftServer,group=group-A03B09736C66,id=95668776-f1a2-4718-bfb8-aa19d815cc55
2019-07-13 19:22:29,838 INFO  impl.RoleInfo (RoleInfo.java:shutdownLeaderState(104)) - 95668776-f1a2-4718-bfb8-aa19d815cc55: shutdown LeaderState
2019-07-13 19:22:29,838 INFO  impl.PendingRequests (PendingRequests.java:sendNotLeaderResponses(202)) - 95668776-f1a2-4718-bfb8-aa19d815cc55-PendingRequests: sendNotLeaderResponses
2019-07-13 19:22:29,839 INFO  impl.StateMachineUpdater (StateMachineUpdater.java:stopAndJoin(115)) - StateMachineUpdater:95668776-f1a2-4718-bfb8-aa19d815cc55:group-A03B09736C66: set stopIndex = 0
2019-07-13 19:22:29,839 INFO  ratis.ContainerStateMachine (ContainerStateMachine.java:takeSnapshot(246)) - Taking snapshot at termIndex:(t:0, i:~)
2019-07-13 19:22:29,839 INFO  impl.RaftServerImpl (ServerState.java:close(394)) - 95668776-f1a2-4718-bfb8-aa19d815cc55:group-A03B09736C66 closes. The last applied log index is 0
2019-07-13 19:22:29,840 INFO  segmented.SegmentedRaftLogWorker (SegmentedRaftLogWorker.java:run(313)) - 95668776-f1a2-4718-bfb8-aa19d815cc55-SegmentedRaftLogWorker:Storage Directory /tmp/workdir/hadoop-ozone/integration-test/target/test-dir/MiniOzoneClusterImpl-8ac25ccc-f850-4385-b614-50e0998aea5d/datanode-6/data/ratis/23f07e9b-4e6c-4add-a933-a03b09736c66 was interrupted, exiting. There are 0 tasks remaining in the queue.
2019-07-13 19:22:29,843 INFO  segmented.SegmentedRaftLogWorker (SegmentedRaftLogWorker.java:close(228)) - 95668776-f1a2-4718-bfb8-aa19d815cc55-SegmentedRaftLogWorker:Storage Directory /tmp/workdir/hadoop-ozone/integration-test/target/test-dir/MiniOzoneClusterImpl-8ac25ccc-f850-4385-b614-50e0998aea5d/datanode-6/data/ratis/23f07e9b-4e6c-4add-a933-a03b09736c66 close()
2019-07-13 19:22:29,845 INFO  server.GrpcService (GrpcService.java:closeImpl(155)) - 95668776-f1a2-4718-bfb8-aa19d815cc55: shutdown server with port 37970 now
2019-07-13 19:22:29,847 INFO  server.GrpcService (GrpcService.java:closeImpl(163)) - 95668776-f1a2-4718-bfb8-aa19d815cc55: shutdown server with port 37970 successfully
2019-07-13 19:22:29,848 INFO  utils.BackgroundService (BackgroundService.java:shutdown(148)) - Shutting down service BlockDeletingService
2019-07-13 19:22:29,849 WARN  fs.CachingGetSpaceUsed (CachingGetSpaceUsed.java:run(183)) - Thread Interrupted waiting to refresh disk information: sleep interrupted
2019-07-13 19:22:29,852 INFO  ozoneimpl.OzoneContainer (OzoneContainer.java:stop(199)) - Attempting to stop container services.
2019-07-13 19:22:29,852 INFO  impl.RaftServerProxy (RaftServerProxy.java:lambda$close$4(314)) - 2bb5f45b-311d-4fce-af42-27d5f93d7f80: close
2019-07-13 19:22:29,852 INFO  impl.RaftServerImpl (RaftServerImpl.java:lambda$shutdown$3(245)) - 2bb5f45b-311d-4fce-af42-27d5f93d7f80: shutdown group-BA252AA49506
2019-07-13 19:22:29,853 INFO  util.JmxRegister (JmxRegister.java:unregister(73)) - Successfully un-registered JMX Bean with object name Ratis:service=RaftServer,group=group-BA252AA49506,id=2bb5f45b-311d-4fce-af42-27d5f93d7f80
2019-07-13 19:22:29,853 INFO  impl.RoleInfo (RoleInfo.java:shutdownLeaderState(104)) - 2bb5f45b-311d-4fce-af42-27d5f93d7f80: shutdown LeaderState
2019-07-13 19:22:29,853 INFO  impl.PendingRequests (PendingRequests.java:sendNotLeaderResponses(202)) - 2bb5f45b-311d-4fce-af42-27d5f93d7f80-PendingRequests: sendNotLeaderResponses
2019-07-13 19:22:29,859 INFO  impl.StateMachineUpdater (StateMachineUpdater.java:stopAndJoin(115)) - StateMachineUpdater:2bb5f45b-311d-4fce-af42-27d5f93d7f80:group-BA252AA49506: set stopIndex = 12
2019-07-13 19:22:29,859 INFO  ratis.ContainerStateMachine (ContainerStateMachine.java:takeSnapshot(246)) - Taking snapshot at termIndex:(t:1, i:11)
2019-07-13 19:22:29,859 INFO  ratis.ContainerStateMachine (ContainerStateMachine.java:takeSnapshot(250)) - Taking a snapshot to file /tmp/workdir/hadoop-ozone/integration-test/target/test-dir/MiniOzoneClusterImpl-8ac25ccc-f850-4385-b614-50e0998aea5d/datanode-0/data/ratis/d52edd26-10cd-4183-b407-ba252aa49506/sm/snapshot.1_11
2019-07-13 19:22:29,860 INFO  impl.StateMachineUpdater (StateMachineUpdater.java:takeSnapshot(242)) - StateMachineUpdater:2bb5f45b-311d-4fce-af42-27d5f93d7f80:group-BA252AA49506: Took a snapshot at index 11
2019-07-13 19:22:29,860 INFO  impl.StateMachineUpdater (StateMachineUpdater.java:lambda$new$0(80)) - StateMachineUpdater:2bb5f45b-311d-4fce-af42-27d5f93d7f80:group-BA252AA49506: snapshotIndex: updateIncreasingly -1 -> 11
2019-07-13 19:22:29,860 INFO  impl.RaftServerImpl (ServerState.java:close(394)) - 2bb5f45b-311d-4fce-af42-27d5f93d7f80:group-BA252AA49506 closes. The last applied log index is 12
2019-07-13 19:22:29,861 INFO  segmented.SegmentedRaftLogWorker (SegmentedRaftLogWorker.java:run(313)) - 2bb5f45b-311d-4fce-af42-27d5f93d7f80-SegmentedRaftLogWorker:Storage Directory /tmp/workdir/hadoop-ozone/integration-test/target/test-dir/MiniOzoneClusterImpl-8ac25ccc-f850-4385-b614-50e0998aea5d/datanode-0/data/ratis/d52edd26-10cd-4183-b407-ba252aa49506 was interrupted, exiting. There are 0 tasks remaining in the queue.
2019-07-13 19:22:29,862 INFO  segmented.SegmentedRaftLogWorker (SegmentedRaftLogWorker.java:close(228)) - 2bb5f45b-311d-4fce-af42-27d5f93d7f80-SegmentedRaftLogWorker:Storage Directory /tmp/workdir/hadoop-ozone/integration-test/target/test-dir/MiniOzoneClusterImpl-8ac25ccc-f850-4385-b614-50e0998aea5d/datanode-0/data/ratis/d52edd26-10cd-4183-b407-ba252aa49506 close()
2019-07-13 19:22:29,868 INFO  impl.RaftServerImpl (RaftServerImpl.java:lambda$shutdown$3(245)) - 2bb5f45b-311d-4fce-af42-27d5f93d7f80: shutdown group-F7F2CECDC02A
2019-07-13 19:22:29,868 INFO  util.JmxRegister (JmxRegister.java:unregister(73)) - Successfully un-registered JMX Bean with object name Ratis:service=RaftServer,group=group-F7F2CECDC02A,id=2bb5f45b-311d-4fce-af42-27d5f93d7f80
2019-07-13 19:22:29,869 INFO  impl.RoleInfo (RoleInfo.java:shutdownFollowerState(121)) - 2bb5f45b-311d-4fce-af42-27d5f93d7f80: shutdown FollowerState
2019-07-13 19:22:29,869 INFO  impl.StateMachineUpdater (StateMachineUpdater.java:stopAndJoin(115)) - StateMachineUpdater:2bb5f45b-311d-4fce-af42-27d5f93d7f80:group-F7F2CECDC02A: set stopIndex = 0
2019-07-13 19:22:29,869 INFO  impl.FollowerState (FollowerState.java:run(114)) - 2bb5f45b-311d-4fce-af42-27d5f93d7f80: FollowerState was interrupted: java.lang.InterruptedException: sleep interrupted
2019-07-13 19:22:29,869 INFO  ratis.ContainerStateMachine (ContainerStateMachine.java:takeSnapshot(246)) - Taking snapshot at termIndex:(t:0, i:~)
2019-07-13 19:22:29,869 INFO  impl.RaftServerImpl (ServerState.java:close(394)) - 2bb5f45b-311d-4fce-af42-27d5f93d7f80:group-F7F2CECDC02A closes. The last applied log index is 0
2019-07-13 19:22:29,870 INFO  segmented.SegmentedRaftLogWorker (SegmentedRaftLogWorker.java:run(313)) - 2bb5f45b-311d-4fce-af42-27d5f93d7f80-SegmentedRaftLogWorker:Storage Directory /tmp/workdir/hadoop-ozone/integration-test/target/test-dir/MiniOzoneClusterImpl-8ac25ccc-f850-4385-b614-50e0998aea5d/datanode-0/data/ratis/86cc287d-2517-445c-9718-f7f2cecdc02a was interrupted, exiting. There are 0 tasks remaining in the queue.
2019-07-13 19:22:29,870 INFO  segmented.SegmentedRaftLogWorker (SegmentedRaftLogWorker.java:close(228)) - 2bb5f45b-311d-4fce-af42-27d5f93d7f80-SegmentedRaftLogWorker:Storage Directory /tmp/workdir/hadoop-ozone/integration-test/target/test-dir/MiniOzoneClusterImpl-8ac25ccc-f850-4385-b614-50e0998aea5d/datanode-0/data/ratis/86cc287d-2517-445c-9718-f7f2cecdc02a close()
2019-07-13 19:22:29,871 INFO  server.GrpcService (GrpcService.java:closeImpl(155)) - 2bb5f45b-311d-4fce-af42-27d5f93d7f80: shutdown server with port 44062 now
2019-07-13 19:22:29,871 INFO  server.GrpcService (GrpcService.java:closeImpl(163)) - 2bb5f45b-311d-4fce-af42-27d5f93d7f80: shutdown server with port 44062 successfully
2019-07-13 19:22:29,875 INFO  utils.BackgroundService (BackgroundService.java:shutdown(148)) - Shutting down service BlockDeletingService
2019-07-13 19:22:29,877 WARN  fs.CachingGetSpaceUsed (CachingGetSpaceUsed.java:run(183)) - Thread Interrupted waiting to refresh disk information: sleep interrupted
2019-07-13 19:22:29,881 INFO  statemachine.DatanodeStateMachine (DatanodeStateMachine.java:stopDaemon(395)) - Ozone container server stopped.
2019-07-13 19:22:29,882 INFO  handler.ContextHandler (ContextHandler.java:doStop(910)) - Stopped o.e.j.w.WebAppContext@65cf8da0{/,null,UNAVAILABLE}{/hddsDatanode}
2019-07-13 19:22:29,883 INFO  server.AbstractConnector (AbstractConnector.java:doStop(318)) - Stopped ServerConnector@823f978{HTTP/1.1,[http/1.1]}{0.0.0.0:0}
2019-07-13 19:22:29,883 INFO  handler.ContextHandler (ContextHandler.java:doStop(910)) - Stopped o.e.j.s.ServletContextHandler@59d7d574{/static,jar:file:/home/user/.m2/repository/org/apache/hadoop/hadoop-hdds-container-service/0.5.0-SNAPSHOT/hadoop-hdds-container-service-0.5.0-SNAPSHOT.jar!/webapps/static,UNAVAILABLE}
2019-07-13 19:22:29,884 INFO  handler.ContextHandler (ContextHandler.java:doStop(910)) - Stopped o.e.j.s.ServletContextHandler@4e00723b{/logs,file:///tmp/workdir/hadoop-ozone/integration-test/target/log,UNAVAILABLE}
2019-07-13 19:22:29,885 INFO  datanode.ObjectStoreHandler (ObjectStoreHandler.java:close(155)) - Closing ObjectStoreHandler.
2019-07-13 19:22:29,885 INFO  ozone.HddsDatanodeService (HddsDatanodeService.java:stop(452)) - Stopped plug-in org.apache.hadoop.ozone.web.OzoneHddsDatanodeService@213c812a
2019-07-13 19:22:29,898 INFO  statemachine.DatanodeStateMachine (DatanodeStateMachine.java:stopDaemon(395)) - Ozone container server stopped.
2019-07-13 19:22:29,902 INFO  handler.ContextHandler (ContextHandler.java:doStop(910)) - Stopped o.e.j.w.WebAppContext@19bbb216{/,null,UNAVAILABLE}{/hddsDatanode}
2019-07-13 19:22:29,903 INFO  server.AbstractConnector (AbstractConnector.java:doStop(318)) - Stopped ServerConnector@6cfac0bd{HTTP/1.1,[http/1.1]}{0.0.0.0:0}
2019-07-13 19:22:29,904 INFO  handler.ContextHandler (ContextHandler.java:doStop(910)) - Stopped o.e.j.s.ServletContextHandler@32050628{/static,jar:file:/home/user/.m2/repository/org/apache/hadoop/hadoop-hdds-container-service/0.5.0-SNAPSHOT/hadoop-hdds-container-service-0.5.0-SNAPSHOT.jar!/webapps/static,UNAVAILABLE}
2019-07-13 19:22:29,906 INFO  handler.ContextHandler (ContextHandler.java:doStop(910)) - Stopped o.e.j.s.ServletContextHandler@13bf5fd{/logs,file:///tmp/workdir/hadoop-ozone/integration-test/target/log,UNAVAILABLE}
2019-07-13 19:22:30,792 INFO  statemachine.DatanodeStateMachine (DatanodeStateMachine.java:lambda$startDaemon$0(350)) - Ozone container server started.
2019-07-13 19:22:32,431 INFO  impl.FollowerState (FollowerState.java:run(106)) - 8bda1305-bea0-4fb6-bdb4-bce9e83556a4:group-0ECE2354CA0D changes to CANDIDATE, lastRpcTime:5176, electionTimeout:5173ms
2019-07-13 19:22:32,431 INFO  impl.RoleInfo (RoleInfo.java:shutdownFollowerState(121)) - 8bda1305-bea0-4fb6-bdb4-bce9e83556a4: shutdown FollowerState
2019-07-13 19:22:32,431 INFO  impl.RaftServerImpl (RaftServerImpl.java:setRole(171)) - 8bda1305-bea0-4fb6-bdb4-bce9e83556a4:group-0ECE2354CA0D changes role from FOLLOWER to CANDIDATE at term 2 for changeToCandidate
2019-07-13 19:22:32,431 INFO  impl.RoleInfo (RoleInfo.java:updateAndGet(143)) - 8bda1305-bea0-4fb6-bdb4-bce9e83556a4: start LeaderElection
2019-07-13 19:22:32,448 INFO  impl.LeaderElection (LeaderElection.java:askForVotes(181)) - 8bda1305-bea0-4fb6-bdb4-bce9e83556a4:group-0ECE2354CA0D:LeaderElection54: begin an election at term 3 for 0: [6c79c513-1c27-44fa-9506-e7c2c2929bbe:192.168.69.122:35100, 365270af-ddf4-4d5a-b2ca-c5b76da69d60:192.168.69.122:40671, 8bda1305-bea0-4fb6-bdb4-bce9e83556a4:192.168.69.122:41981], old=null
2019-07-13 19:22:32,449 INFO  impl.LeaderElection (LogUtils.java:infoOrTrace(149)) - 8bda1305-bea0-4fb6-bdb4-bce9e83556a4:group-0ECE2354CA0D:LeaderElection54 got exception when requesting votes: {}
java.util.concurrent.ExecutionException: org.apache.ratis.thirdparty.io.grpc.StatusRuntimeException: UNAVAILABLE: io exception
	at java.util.concurrent.FutureTask.report(FutureTask.java:122)
	at java.util.concurrent.FutureTask.get(FutureTask.java:192)
	at org.apache.ratis.server.impl.LeaderElection.waitForResults(LeaderElection.java:262)
	at org.apache.ratis.server.impl.LeaderElection.askForVotes(LeaderElection.java:200)
	at org.apache.ratis.server.impl.LeaderElection.run(LeaderElection.java:130)
	at java.lang.Thread.run(Thread.java:748)
Caused by: org.apache.ratis.thirdparty.io.grpc.StatusRuntimeException: UNAVAILABLE: io exception
	at org.apache.ratis.thirdparty.io.grpc.stub.ClientCalls.toStatusRuntimeException(ClientCalls.java:233)
	at org.apache.ratis.thirdparty.io.grpc.stub.ClientCalls.getUnchecked(ClientCalls.java:214)
	at org.apache.ratis.thirdparty.io.grpc.stub.ClientCalls.blockingUnaryCall(ClientCalls.java:139)
	at org.apache.ratis.proto.grpc.RaftServerProtocolServiceGrpc$RaftServerProtocolServiceBlockingStub.requestVote(RaftServerProtocolServiceGrpc.java:265)
	at org.apache.ratis.grpc.server.GrpcServerProtocolClient.requestVote(GrpcServerProtocolClient.java:83)
	at org.apache.ratis.grpc.server.GrpcService.requestVote(GrpcService.java:195)
	at org.apache.ratis.server.impl.LeaderElection.lambda$submitRequests$1(LeaderElection.java:237)
	at java.util.concurrent.FutureTask.run(FutureTask.java:266)
	at java.util.concurrent.Executors$RunnableAdapter.call(Executors.java:511)
	at java.util.concurrent.FutureTask.run(FutureTask.java:266)
	at java.util.concurrent.ThreadPoolExecutor.runWorker(ThreadPoolExecutor.java:1149)
	at java.util.concurrent.ThreadPoolExecutor$Worker.run(ThreadPoolExecutor.java:624)
	... 1 more
Caused by: org.apache.ratis.thirdparty.io.netty.channel.AbstractChannel$AnnotatedConnectException: Connection refused: /192.168.69.122:35100
	at sun.nio.ch.SocketChannelImpl.checkConnect(Native Method)
	at sun.nio.ch.SocketChannelImpl.finishConnect(SocketChannelImpl.java:717)
	at org.apache.ratis.thirdparty.io.netty.channel.socket.nio.NioSocketChannel.doFinishConnect(NioSocketChannel.java:327)
	at org.apache.ratis.thirdparty.io.netty.channel.nio.AbstractNioChannel$AbstractNioUnsafe.finishConnect(AbstractNioChannel.java:340)
	at org.apache.ratis.thirdparty.io.netty.channel.nio.NioEventLoop.processSelectedKey(NioEventLoop.java:632)
	at org.apache.ratis.thirdparty.io.netty.channel.nio.NioEventLoop.processSelectedKeysOptimized(NioEventLoop.java:579)
	at org.apache.ratis.thirdparty.io.netty.channel.nio.NioEventLoop.processSelectedKeys(NioEventLoop.java:496)
	at org.apache.ratis.thirdparty.io.netty.channel.nio.NioEventLoop.run(NioEventLoop.java:458)
	at org.apache.ratis.thirdparty.io.netty.util.concurrent.SingleThreadEventExecutor$5.run(SingleThreadEventExecutor.java:897)
	at org.apache.ratis.thirdparty.io.netty.util.concurrent.FastThreadLocalRunnable.run(FastThreadLocalRunnable.java:30)
	... 1 more
Caused by: java.net.ConnectException: Connection refused
	... 11 more
2019-07-13 19:22:32,451 INFO  impl.LeaderElection (LogUtils.java:infoOrTrace(149)) - 8bda1305-bea0-4fb6-bdb4-bce9e83556a4:group-0ECE2354CA0D:LeaderElection54 got exception when requesting votes: {}
java.util.concurrent.ExecutionException: org.apache.ratis.thirdparty.io.grpc.StatusRuntimeException: UNAVAILABLE: io exception
	at java.util.concurrent.FutureTask.report(FutureTask.java:122)
	at java.util.concurrent.FutureTask.get(FutureTask.java:192)
	at org.apache.ratis.server.impl.LeaderElection.waitForResults(LeaderElection.java:262)
	at org.apache.ratis.server.impl.LeaderElection.askForVotes(LeaderElection.java:200)
	at org.apache.ratis.server.impl.LeaderElection.run(LeaderElection.java:130)
	at java.lang.Thread.run(Thread.java:748)
Caused by: org.apache.ratis.thirdparty.io.grpc.StatusRuntimeException: UNAVAILABLE: io exception
	at org.apache.ratis.thirdparty.io.grpc.stub.ClientCalls.toStatusRuntimeException(ClientCalls.java:233)
	at org.apache.ratis.thirdparty.io.grpc.stub.ClientCalls.getUnchecked(ClientCalls.java:214)
	at org.apache.ratis.thirdparty.io.grpc.stub.ClientCalls.blockingUnaryCall(ClientCalls.java:139)
	at org.apache.ratis.proto.grpc.RaftServerProtocolServiceGrpc$RaftServerProtocolServiceBlockingStub.requestVote(RaftServerProtocolServiceGrpc.java:265)
	at org.apache.ratis.grpc.server.GrpcServerProtocolClient.requestVote(GrpcServerProtocolClient.java:83)
	at org.apache.ratis.grpc.server.GrpcService.requestVote(GrpcService.java:195)
	at org.apache.ratis.server.impl.LeaderElection.lambda$submitRequests$1(LeaderElection.java:237)
	at java.util.concurrent.FutureTask.run(FutureTask.java:266)
	at java.util.concurrent.Executors$RunnableAdapter.call(Executors.java:511)
	at java.util.concurrent.FutureTask.run(FutureTask.java:266)
	at java.util.concurrent.ThreadPoolExecutor.runWorker(ThreadPoolExecutor.java:1149)
	at java.util.concurrent.ThreadPoolExecutor$Worker.run(ThreadPoolExecutor.java:624)
	... 1 more
Caused by: org.apache.ratis.thirdparty.io.netty.channel.AbstractChannel$AnnotatedConnectException: Connection refused: /192.168.69.122:40671
	at sun.nio.ch.SocketChannelImpl.checkConnect(Native Method)
	at sun.nio.ch.SocketChannelImpl.finishConnect(SocketChannelImpl.java:717)
	at org.apache.ratis.thirdparty.io.netty.channel.socket.nio.NioSocketChannel.doFinishConnect(NioSocketChannel.java:327)
	at org.apache.ratis.thirdparty.io.netty.channel.nio.AbstractNioChannel$AbstractNioUnsafe.finishConnect(AbstractNioChannel.java:340)
	at org.apache.ratis.thirdparty.io.netty.channel.nio.NioEventLoop.processSelectedKey(NioEventLoop.java:632)
	at org.apache.ratis.thirdparty.io.netty.channel.nio.NioEventLoop.processSelectedKeysOptimized(NioEventLoop.java:579)
	at org.apache.ratis.thirdparty.io.netty.channel.nio.NioEventLoop.processSelectedKeys(NioEventLoop.java:496)
	at org.apache.ratis.thirdparty.io.netty.channel.nio.NioEventLoop.run(NioEventLoop.java:458)
	at org.apache.ratis.thirdparty.io.netty.util.concurrent.SingleThreadEventExecutor$5.run(SingleThreadEventExecutor.java:897)
	at org.apache.ratis.thirdparty.io.netty.util.concurrent.FastThreadLocalRunnable.run(FastThreadLocalRunnable.java:30)
	... 1 more
Caused by: java.net.ConnectException: Connection refused
	... 11 more
2019-07-13 19:22:32,453 INFO  impl.LeaderElection (LeaderElection.java:logAndReturn(56)) - 8bda1305-bea0-4fb6-bdb4-bce9e83556a4:group-0ECE2354CA0D:LeaderElection54: Election REJECTED; received 0 response(s) [] and 2 exception(s); 8bda1305-bea0-4fb6-bdb4-bce9e83556a4:t3, leader=null, voted=8bda1305-bea0-4fb6-bdb4-bce9e83556a4, raftlog=8bda1305-bea0-4fb6-bdb4-bce9e83556a4-SegmentedRaftLog:OPENED:c0,f0,i0, conf=0: [6c79c513-1c27-44fa-9506-e7c2c2929bbe:192.168.69.122:35100, 365270af-ddf4-4d5a-b2ca-c5b76da69d60:192.168.69.122:40671, 8bda1305-bea0-4fb6-bdb4-bce9e83556a4:192.168.69.122:41981], old=null
2019-07-13 19:22:32,453 INFO  impl.LeaderElection (LogUtils.java:infoOrTrace(149)) -   Exception 0: {}
java.util.concurrent.ExecutionException: org.apache.ratis.thirdparty.io.grpc.StatusRuntimeException: UNAVAILABLE: io exception
	at java.util.concurrent.FutureTask.report(FutureTask.java:122)
	at java.util.concurrent.FutureTask.get(FutureTask.java:192)
	at org.apache.ratis.server.impl.LeaderElection.waitForResults(LeaderElection.java:262)
	at org.apache.ratis.server.impl.LeaderElection.askForVotes(LeaderElection.java:200)
	at org.apache.ratis.server.impl.LeaderElection.run(LeaderElection.java:130)
	at java.lang.Thread.run(Thread.java:748)
Caused by: org.apache.ratis.thirdparty.io.grpc.StatusRuntimeException: UNAVAILABLE: io exception
	at org.apache.ratis.thirdparty.io.grpc.stub.ClientCalls.toStatusRuntimeException(ClientCalls.java:233)
	at org.apache.ratis.thirdparty.io.grpc.stub.ClientCalls.getUnchecked(ClientCalls.java:214)
	at org.apache.ratis.thirdparty.io.grpc.stub.ClientCalls.blockingUnaryCall(ClientCalls.java:139)
	at org.apache.ratis.proto.grpc.RaftServerProtocolServiceGrpc$RaftServerProtocolServiceBlockingStub.requestVote(RaftServerProtocolServiceGrpc.java:265)
	at org.apache.ratis.grpc.server.GrpcServerProtocolClient.requestVote(GrpcServerProtocolClient.java:83)
	at org.apache.ratis.grpc.server.GrpcService.requestVote(GrpcService.java:195)
	at org.apache.ratis.server.impl.LeaderElection.lambda$submitRequests$1(LeaderElection.java:237)
	at java.util.concurrent.FutureTask.run(FutureTask.java:266)
	at java.util.concurrent.Executors$RunnableAdapter.call(Executors.java:511)
	at java.util.concurrent.FutureTask.run(FutureTask.java:266)
	at java.util.concurrent.ThreadPoolExecutor.runWorker(ThreadPoolExecutor.java:1149)
	at java.util.concurrent.ThreadPoolExecutor$Worker.run(ThreadPoolExecutor.java:624)
	... 1 more
Caused by: org.apache.ratis.thirdparty.io.netty.channel.AbstractChannel$AnnotatedConnectException: Connection refused: /192.168.69.122:35100
	at sun.nio.ch.SocketChannelImpl.checkConnect(Native Method)
	at sun.nio.ch.SocketChannelImpl.finishConnect(SocketChannelImpl.java:717)
	at org.apache.ratis.thirdparty.io.netty.channel.socket.nio.NioSocketChannel.doFinishConnect(NioSocketChannel.java:327)
	at org.apache.ratis.thirdparty.io.netty.channel.nio.AbstractNioChannel$AbstractNioUnsafe.finishConnect(AbstractNioChannel.java:340)
	at org.apache.ratis.thirdparty.io.netty.channel.nio.NioEventLoop.processSelectedKey(NioEventLoop.java:632)
	at org.apache.ratis.thirdparty.io.netty.channel.nio.NioEventLoop.processSelectedKeysOptimized(NioEventLoop.java:579)
	at org.apache.ratis.thirdparty.io.netty.channel.nio.NioEventLoop.processSelectedKeys(NioEventLoop.java:496)
	at org.apache.ratis.thirdparty.io.netty.channel.nio.NioEventLoop.run(NioEventLoop.java:458)
	at org.apache.ratis.thirdparty.io.netty.util.concurrent.SingleThreadEventExecutor$5.run(SingleThreadEventExecutor.java:897)
	at org.apache.ratis.thirdparty.io.netty.util.concurrent.FastThreadLocalRunnable.run(FastThreadLocalRunnable.java:30)
	... 1 more
Caused by: java.net.ConnectException: Connection refused
	... 11 more
2019-07-13 19:22:32,453 INFO  impl.LeaderElection (LogUtils.java:infoOrTrace(149)) -   Exception 1: {}
java.util.concurrent.ExecutionException: org.apache.ratis.thirdparty.io.grpc.StatusRuntimeException: UNAVAILABLE: io exception
	at java.util.concurrent.FutureTask.report(FutureTask.java:122)
	at java.util.concurrent.FutureTask.get(FutureTask.java:192)
	at org.apache.ratis.server.impl.LeaderElection.waitForResults(LeaderElection.java:262)
	at org.apache.ratis.server.impl.LeaderElection.askForVotes(LeaderElection.java:200)
	at org.apache.ratis.server.impl.LeaderElection.run(LeaderElection.java:130)
	at java.lang.Thread.run(Thread.java:748)
Caused by: org.apache.ratis.thirdparty.io.grpc.StatusRuntimeException: UNAVAILABLE: io exception
	at org.apache.ratis.thirdparty.io.grpc.stub.ClientCalls.toStatusRuntimeException(ClientCalls.java:233)
	at org.apache.ratis.thirdparty.io.grpc.stub.ClientCalls.getUnchecked(ClientCalls.java:214)
	at org.apache.ratis.thirdparty.io.grpc.stub.ClientCalls.blockingUnaryCall(ClientCalls.java:139)
	at org.apache.ratis.proto.grpc.RaftServerProtocolServiceGrpc$RaftServerProtocolServiceBlockingStub.requestVote(RaftServerProtocolServiceGrpc.java:265)
	at org.apache.ratis.grpc.server.GrpcServerProtocolClient.requestVote(GrpcServerProtocolClient.java:83)
	at org.apache.ratis.grpc.server.GrpcService.requestVote(GrpcService.java:195)
	at org.apache.ratis.server.impl.LeaderElection.lambda$submitRequests$1(LeaderElection.java:237)
	at java.util.concurrent.FutureTask.run(FutureTask.java:266)
	at java.util.concurrent.Executors$RunnableAdapter.call(Executors.java:511)
	at java.util.concurrent.FutureTask.run(FutureTask.java:266)
	at java.util.concurrent.ThreadPoolExecutor.runWorker(ThreadPoolExecutor.java:1149)
	at java.util.concurrent.ThreadPoolExecutor$Worker.run(ThreadPoolExecutor.java:624)
	... 1 more
Caused by: org.apache.ratis.thirdparty.io.netty.channel.AbstractChannel$AnnotatedConnectException: Connection refused: /192.168.69.122:40671
	at sun.nio.ch.SocketChannelImpl.checkConnect(Native Method)
	at sun.nio.ch.SocketChannelImpl.finishConnect(SocketChannelImpl.java:717)
	at org.apache.ratis.thirdparty.io.netty.channel.socket.nio.NioSocketChannel.doFinishConnect(NioSocketChannel.java:327)
	at org.apache.ratis.thirdparty.io.netty.channel.nio.AbstractNioChannel$AbstractNioUnsafe.finishConnect(AbstractNioChannel.java:340)
	at org.apache.ratis.thirdparty.io.netty.channel.nio.NioEventLoop.processSelectedKey(NioEventLoop.java:632)
	at org.apache.ratis.thirdparty.io.netty.channel.nio.NioEventLoop.processSelectedKeysOptimized(NioEventLoop.java:579)
	at org.apache.ratis.thirdparty.io.netty.channel.nio.NioEventLoop.processSelectedKeys(NioEventLoop.java:496)
	at org.apache.ratis.thirdparty.io.netty.channel.nio.NioEventLoop.run(NioEventLoop.java:458)
	at org.apache.ratis.thirdparty.io.netty.util.concurrent.SingleThreadEventExecutor$5.run(SingleThreadEventExecutor.java:897)
	at org.apache.ratis.thirdparty.io.netty.util.concurrent.FastThreadLocalRunnable.run(FastThreadLocalRunnable.java:30)
	... 1 more
Caused by: java.net.ConnectException: Connection refused
	... 11 more
2019-07-13 19:22:32,453 INFO  impl.RaftServerImpl (RaftServerImpl.java:setRole(171)) - 8bda1305-bea0-4fb6-bdb4-bce9e83556a4:group-0ECE2354CA0D changes role from CANDIDATE to FOLLOWER at term 3 for DISCOVERED_A_NEW_TERM
2019-07-13 19:22:32,454 INFO  impl.RoleInfo (RoleInfo.java:shutdownLeaderElection(134)) - 8bda1305-bea0-4fb6-bdb4-bce9e83556a4: shutdown LeaderElection
2019-07-13 19:22:32,455 INFO  impl.RoleInfo (RoleInfo.java:updateAndGet(143)) - 8bda1305-bea0-4fb6-bdb4-bce9e83556a4: start FollowerState
2019-07-13 19:22:34,816 INFO  node.StaleNodeHandler (StaleNodeHandler.java:onMessage(58)) - Datanode 8bda1305-bea0-4fb6-bdb4-bce9e83556a4{ip: 192.168.69.122, host: trunk-nightly-fxqsz-774976932, networkLocation: /default-rack, certSerialId: null} moved to stale state. Finalizing its pipelines [PipelineID=eabef16c-e699-47c0-a31d-ea83358cc07b, PipelineID=ba35cda8-5fae-440a-9b96-0ece2354ca0d]
2019-07-13 19:22:34,816 INFO  pipeline.SCMPipelineManager (SCMPipelineManager.java:finalizeAndDestroyPipeline(309)) - destroying pipeline:Pipeline[ Id: eabef16c-e699-47c0-a31d-ea83358cc07b, Nodes: 8bda1305-bea0-4fb6-bdb4-bce9e83556a4{ip: 192.168.69.122, host: trunk-nightly-fxqsz-774976932, networkLocation: /default-rack, certSerialId: null}, Type:RATIS, Factor:ONE, State:OPEN]
2019-07-13 19:22:34,816 INFO  pipeline.PipelineStateManager (PipelineStateManager.java:finalizePipeline(123)) - Pipeline Pipeline[ Id: eabef16c-e699-47c0-a31d-ea83358cc07b, Nodes: 8bda1305-bea0-4fb6-bdb4-bce9e83556a4{ip: 192.168.69.122, host: trunk-nightly-fxqsz-774976932, networkLocation: /default-rack, certSerialId: null}, Type:RATIS, Factor:ONE, State:CLOSED] moved to CLOSED state
2019-07-13 19:22:34,817 INFO  pipeline.SCMPipelineManager (SCMPipelineManager.java:finalizeAndDestroyPipeline(309)) - destroying pipeline:Pipeline[ Id: ba35cda8-5fae-440a-9b96-0ece2354ca0d, Nodes: 8bda1305-bea0-4fb6-bdb4-bce9e83556a4{ip: 192.168.69.122, host: trunk-nightly-fxqsz-774976932, networkLocation: /default-rack, certSerialId: null}365270af-ddf4-4d5a-b2ca-c5b76da69d60{ip: 192.168.69.122, host: trunk-nightly-fxqsz-774976932, networkLocation: /default-rack, certSerialId: null}6c79c513-1c27-44fa-9506-e7c2c2929bbe{ip: 192.168.69.122, host: trunk-nightly-fxqsz-774976932, networkLocation: /default-rack, certSerialId: null}, Type:RATIS, Factor:THREE, State:CLOSED]
2019-07-13 19:22:34,886 INFO  ozoneimpl.OzoneContainer (OzoneContainer.java:stop(199)) - Attempting to stop container services.
2019-07-13 19:22:34,887 INFO  impl.RaftServerProxy (RaftServerProxy.java:lambda$close$4(314)) - 8bda1305-bea0-4fb6-bdb4-bce9e83556a4: close
2019-07-13 19:22:34,888 INFO  impl.RaftServerImpl (RaftServerImpl.java:lambda$shutdown$3(245)) - 8bda1305-bea0-4fb6-bdb4-bce9e83556a4: shutdown group-EA83358CC07B
2019-07-13 19:22:34,888 INFO  impl.RaftServerImpl (RaftServerImpl.java:lambda$shutdown$3(245)) - 8bda1305-bea0-4fb6-bdb4-bce9e83556a4: shutdown group-0ECE2354CA0D
2019-07-13 19:22:34,888 INFO  util.JmxRegister (JmxRegister.java:unregister(73)) - Successfully un-registered JMX Bean with object name Ratis:service=RaftServer,group=group-EA83358CC07B,id=8bda1305-bea0-4fb6-bdb4-bce9e83556a4
2019-07-13 19:22:34,889 INFO  impl.RoleInfo (RoleInfo.java:shutdownLeaderState(104)) - 8bda1305-bea0-4fb6-bdb4-bce9e83556a4: shutdown LeaderState
2019-07-13 19:22:34,889 INFO  util.JmxRegister (JmxRegister.java:unregister(73)) - Successfully un-registered JMX Bean with object name Ratis:service=RaftServer,group=group-0ECE2354CA0D,id=8bda1305-bea0-4fb6-bdb4-bce9e83556a4
2019-07-13 19:22:34,889 INFO  impl.PendingRequests (PendingRequests.java:sendNotLeaderResponses(202)) - 8bda1305-bea0-4fb6-bdb4-bce9e83556a4-PendingRequests: sendNotLeaderResponses
2019-07-13 19:22:34,890 INFO  impl.RoleInfo (RoleInfo.java:shutdownFollowerState(121)) - 8bda1305-bea0-4fb6-bdb4-bce9e83556a4: shutdown FollowerState
2019-07-13 19:22:34,890 INFO  ratis.ContainerStateMachine (ContainerStateMachine.java:takeSnapshot(246)) - Taking snapshot at termIndex:(t:0, i:~)
2019-07-13 19:22:34,890 INFO  impl.StateMachineUpdater (StateMachineUpdater.java:stopAndJoin(115)) - StateMachineUpdater:8bda1305-bea0-4fb6-bdb4-bce9e83556a4:group-EA83358CC07B: set stopIndex = 0
2019-07-13 19:22:34,891 INFO  impl.RaftServerImpl (ServerState.java:close(394)) - 8bda1305-bea0-4fb6-bdb4-bce9e83556a4:group-EA83358CC07B closes. The last applied log index is 0
2019-07-13 19:22:34,891 INFO  ratis.ContainerStateMachine (ContainerStateMachine.java:takeSnapshot(246)) - Taking snapshot at termIndex:(t:0, i:~)
2019-07-13 19:22:34,892 INFO  segmented.SegmentedRaftLogWorker (SegmentedRaftLogWorker.java:run(313)) - 8bda1305-bea0-4fb6-bdb4-bce9e83556a4-SegmentedRaftLogWorker:Storage Directory /tmp/workdir/hadoop-ozone/integration-test/target/test-dir/MiniOzoneClusterImpl-8ac25ccc-f850-4385-b614-50e0998aea5d/datanode-5/data/ratis/eabef16c-e699-47c0-a31d-ea83358cc07b was interrupted, exiting. There are 0 tasks remaining in the queue.
2019-07-13 19:22:34,890 INFO  impl.FollowerState (FollowerState.java:run(114)) - 8bda1305-bea0-4fb6-bdb4-bce9e83556a4: FollowerState was interrupted: java.lang.InterruptedException: sleep interrupted
2019-07-13 19:22:34,890 INFO  impl.StateMachineUpdater (StateMachineUpdater.java:stopAndJoin(115)) - StateMachineUpdater:8bda1305-bea0-4fb6-bdb4-bce9e83556a4:group-0ECE2354CA0D: set stopIndex = 0
2019-07-13 19:22:34,894 INFO  impl.RaftServerImpl (ServerState.java:close(394)) - 8bda1305-bea0-4fb6-bdb4-bce9e83556a4:group-0ECE2354CA0D closes. The last applied log index is 0
2019-07-13 19:22:34,894 INFO  segmented.SegmentedRaftLogWorker (SegmentedRaftLogWorker.java:close(228)) - 8bda1305-bea0-4fb6-bdb4-bce9e83556a4-SegmentedRaftLogWorker:Storage Directory /tmp/workdir/hadoop-ozone/integration-test/target/test-dir/MiniOzoneClusterImpl-8ac25ccc-f850-4385-b614-50e0998aea5d/datanode-5/data/ratis/eabef16c-e699-47c0-a31d-ea83358cc07b close()
2019-07-13 19:22:34,894 INFO  segmented.SegmentedRaftLogWorker (SegmentedRaftLogWorker.java:run(313)) - 8bda1305-bea0-4fb6-bdb4-bce9e83556a4-SegmentedRaftLogWorker:Storage Directory /tmp/workdir/hadoop-ozone/integration-test/target/test-dir/MiniOzoneClusterImpl-8ac25ccc-f850-4385-b614-50e0998aea5d/datanode-5/data/ratis/ba35cda8-5fae-440a-9b96-0ece2354ca0d was interrupted, exiting. There are 0 tasks remaining in the queue.
2019-07-13 19:22:34,895 INFO  segmented.SegmentedRaftLogWorker (SegmentedRaftLogWorker.java:close(228)) - 8bda1305-bea0-4fb6-bdb4-bce9e83556a4-SegmentedRaftLogWorker:Storage Directory /tmp/workdir/hadoop-ozone/integration-test/target/test-dir/MiniOzoneClusterImpl-8ac25ccc-f850-4385-b614-50e0998aea5d/datanode-5/data/ratis/ba35cda8-5fae-440a-9b96-0ece2354ca0d close()
2019-07-13 19:22:34,895 INFO  server.GrpcService (GrpcService.java:closeImpl(155)) - 8bda1305-bea0-4fb6-bdb4-bce9e83556a4: shutdown server with port 41981 now
2019-07-13 19:22:34,896 INFO  server.GrpcService (GrpcService.java:closeImpl(163)) - 8bda1305-bea0-4fb6-bdb4-bce9e83556a4: shutdown server with port 41981 successfully
2019-07-13 19:22:34,897 INFO  utils.BackgroundService (BackgroundService.java:shutdown(148)) - Shutting down service BlockDeletingService
2019-07-13 19:22:34,898 WARN  fs.CachingGetSpaceUsed (CachingGetSpaceUsed.java:run(183)) - Thread Interrupted waiting to refresh disk information: sleep interrupted
2019-07-13 19:22:34,917 INFO  statemachine.DatanodeStateMachine (DatanodeStateMachine.java:stopDaemon(395)) - Ozone container server stopped.
2019-07-13 19:22:34,918 INFO  handler.ContextHandler (ContextHandler.java:doStop(910)) - Stopped o.e.j.w.WebAppContext@38dc1c50{/,null,UNAVAILABLE}{/hddsDatanode}
2019-07-13 19:22:34,919 INFO  server.AbstractConnector (AbstractConnector.java:doStop(318)) - Stopped ServerConnector@ccea4be{HTTP/1.1,[http/1.1]}{0.0.0.0:0}
2019-07-13 19:22:34,919 INFO  handler.ContextHandler (ContextHandler.java:doStop(910)) - Stopped o.e.j.s.ServletContextHandler@514c6ca0{/static,jar:file:/home/user/.m2/repository/org/apache/hadoop/hadoop-hdds-container-service/0.5.0-SNAPSHOT/hadoop-hdds-container-service-0.5.0-SNAPSHOT.jar!/webapps/static,UNAVAILABLE}
2019-07-13 19:22:34,920 INFO  handler.ContextHandler (ContextHandler.java:doStop(910)) - Stopped o.e.j.s.ServletContextHandler@7bdaf563{/logs,file:///tmp/workdir/hadoop-ozone/integration-test/target/log,UNAVAILABLE}
2019-07-13 19:22:34,921 INFO  ozone.MiniOzoneClusterImpl (MiniOzoneClusterImpl.java:stop(353)) - Stopping the StorageContainerManager
2019-07-13 19:22:34,921 INFO  server.StorageContainerManager (StorageContainerManager.java:stop(796)) - Stopping Replication Manager Service.
2019-07-13 19:22:34,921 INFO  container.ReplicationManager (ReplicationManager.java:stop(187)) - Stopping Replication Monitor Thread.
2019-07-13 19:22:34,921 INFO  server.StorageContainerManager (StorageContainerManager.java:stop(803)) - Stopping Lease Manager of the command watchers
2019-07-13 19:22:34,921 INFO  server.StorageContainerManager (StorageContainerManager.java:stop(810)) - Stopping datanode service RPC server
2019-07-13 19:22:34,922 INFO  server.SCMDatanodeProtocolServer (SCMDatanodeProtocolServer.java:stop(375)) - Stopping the RPC server for DataNodes
2019-07-13 19:22:34,922 INFO  ipc.Server (Server.java:stop(3082)) - Stopping server on 35327
2019-07-13 19:22:34,924 INFO  ipc.Server (Server.java:run(1185)) - Stopping IPC Server listener on 35327
2019-07-13 19:22:34,924 INFO  ipc.Server (Server.java:run(1319)) - Stopping IPC Server Responder
2019-07-13 19:22:35,016 WARN  node.NodeStateManager (NodeStateManager.java:scheduleNextHealthCheck(631)) - Current Thread is interrupted, shutting down HB processing thread for Node Manager.
2019-07-13 19:22:35,017 INFO  server.StorageContainerManager (StorageContainerManager.java:stop(818)) - Stopping block service RPC server
2019-07-13 19:22:35,017 INFO  server.SCMBlockProtocolServer (SCMBlockProtocolServer.java:stop(148)) - Stopping the RPC server for Block Protocol
2019-07-13 19:22:35,018 INFO  ipc.Server (Server.java:stop(3082)) - Stopping server on 38413
2019-07-13 19:22:35,020 INFO  ipc.Server (Server.java:run(1185)) - Stopping IPC Server listener on 38413
2019-07-13 19:22:35,020 INFO  server.StorageContainerManager (StorageContainerManager.java:stop(825)) - Stopping the StorageContainerLocationProtocol RPC server
2019-07-13 19:22:35,021 INFO  server.SCMClientProtocolServer (SCMClientProtocolServer.java:stop(157)) - Stopping the RPC server for Client Protocol
2019-07-13 19:22:35,021 INFO  ipc.Server (Server.java:stop(3082)) - Stopping server on 41319
2019-07-13 19:22:35,020 INFO  ipc.Server (Server.java:run(1319)) - Stopping IPC Server Responder
2019-07-13 19:22:35,023 INFO  ipc.Server (Server.java:run(1185)) - Stopping IPC Server listener on 41319
2019-07-13 19:22:35,023 INFO  ipc.Server (Server.java:run(1319)) - Stopping IPC Server Responder
2019-07-13 19:22:35,023 INFO  server.StorageContainerManager (StorageContainerManager.java:stop(832)) - Stopping Storage Container Manager HTTP server.
2019-07-13 19:22:35,026 INFO  handler.ContextHandler (ContextHandler.java:doStop(910)) - Stopped o.e.j.w.WebAppContext@1e5e2e06{/,null,UNAVAILABLE}{/scm}
2019-07-13 19:22:35,026 INFO  server.AbstractConnector (AbstractConnector.java:doStop(318)) - Stopped ServerConnector@26c1f3eb{HTTP/1.1,[http/1.1]}{0.0.0.0:0}
2019-07-13 19:22:35,027 INFO  handler.ContextHandler (ContextHandler.java:doStop(910)) - Stopped o.e.j.s.ServletContextHandler@4efa7d2f{/static,file:///tmp/workdir/hadoop-ozone/integration-test/target/test-classes/webapps/static,UNAVAILABLE}
2019-07-13 19:22:35,027 INFO  handler.ContextHandler (ContextHandler.java:doStop(910)) - Stopped o.e.j.s.ServletContextHandler@50aa9a91{/logs,file:///tmp/workdir/hadoop-ozone/integration-test/target/log,UNAVAILABLE}
2019-07-13 19:22:35,028 INFO  server.StorageContainerManager (StorageContainerManager.java:stop(843)) - Stopping Block Manager Service.
2019-07-13 19:22:35,028 INFO  utils.BackgroundService (BackgroundService.java:shutdown(148)) - Shutting down service SCMBlockDeletingService
2019-07-13 19:22:35,029 INFO  utils.BackgroundService (BackgroundService.java:shutdown(148)) - Shutting down service SCMBlockDeletingService
2019-07-13 19:22:35,029 INFO  server.StorageContainerManager (StorageContainerManager.java:stop(865)) - Stopping SCM Event Queue.
2019-07-13 19:22:35,044 INFO  impl.MetricsSystemImpl (MetricsSystemImpl.java:stop(210)) - Stopping HddsDatanode metrics system...
2019-07-13 19:22:35,049 INFO  impl.MetricsSystemImpl (MetricsSystemImpl.java:stop(216)) - HddsDatanode metrics system stopped.
]]></system-out>
    <system-err><![CDATA[Jul 13, 2019 7:22:01 PM com.sun.jersey.server.impl.application.WebApplicationImpl _initiate
INFO: Initiating Jersey application, version 'Jersey: 1.19 02/11/2015 03:25 AM'
Jul 13, 2019 7:22:01 PM com.sun.jersey.server.impl.application.WebApplicationImpl _initiate
INFO: Initiating Jersey application, version 'Jersey: 1.19 02/11/2015 03:25 AM'
Jul 13, 2019 7:22:02 PM com.sun.jersey.server.impl.application.WebApplicationImpl _initiate
INFO: Initiating Jersey application, version 'Jersey: 1.19 02/11/2015 03:25 AM'
Jul 13, 2019 7:22:02 PM com.sun.jersey.server.impl.application.WebApplicationImpl _initiate
INFO: Initiating Jersey application, version 'Jersey: 1.19 02/11/2015 03:25 AM'
Jul 13, 2019 7:22:02 PM com.sun.jersey.server.impl.application.WebApplicationImpl _initiate
INFO: Initiating Jersey application, version 'Jersey: 1.19 02/11/2015 03:25 AM'
Jul 13, 2019 7:22:02 PM com.sun.jersey.server.impl.application.WebApplicationImpl _initiate
INFO: Initiating Jersey application, version 'Jersey: 1.19 02/11/2015 03:25 AM'
Jul 13, 2019 7:22:02 PM com.sun.jersey.server.impl.application.WebApplicationImpl _initiate
INFO: Initiating Jersey application, version 'Jersey: 1.19 02/11/2015 03:25 AM'
Jul 13, 2019 7:22:05 PM org.apache.ratis.thirdparty.io.grpc.internal.ManagedChannelOrphanWrapper$ManagedChannelReference cleanQueue
SEVERE: *~*~*~ Channel ManagedChannelImpl{logId=2403, target=192.168.69.122:34921} was not shutdown properly!!! ~*~*~*
    Make sure to call shutdown()/shutdownNow() and wait until awaitTermination() returns true.
java.lang.RuntimeException: ManagedChannel allocation site
	at org.apache.ratis.thirdparty.io.grpc.internal.ManagedChannelOrphanWrapper$ManagedChannelReference.<init>(ManagedChannelOrphanWrapper.java:103)
	at org.apache.ratis.thirdparty.io.grpc.internal.ManagedChannelOrphanWrapper.<init>(ManagedChannelOrphanWrapper.java:53)
	at org.apache.ratis.thirdparty.io.grpc.internal.ManagedChannelOrphanWrapper.<init>(ManagedChannelOrphanWrapper.java:44)
	at org.apache.ratis.thirdparty.io.grpc.internal.AbstractManagedChannelImplBuilder.build(AbstractManagedChannelImplBuilder.java:411)
	at org.apache.hadoop.hdds.scm.XceiverClientGrpc.connectToDatanode(XceiverClientGrpc.java:172)
	at org.apache.hadoop.hdds.scm.XceiverClientGrpc.reconnect(XceiverClientGrpc.java:417)
	at org.apache.hadoop.hdds.scm.XceiverClientGrpc.sendCommandAsync(XceiverClientGrpc.java:366)
	at org.apache.hadoop.hdds.scm.XceiverClientGrpc.sendCommandWithRetry(XceiverClientGrpc.java:279)
	at org.apache.hadoop.hdds.scm.XceiverClientGrpc.sendCommandWithTraceIDAndRetry(XceiverClientGrpc.java:248)
	at org.apache.hadoop.hdds.scm.XceiverClientGrpc.sendCommand(XceiverClientGrpc.java:231)
	at org.apache.hadoop.hdds.scm.storage.ContainerProtocolCalls.getBlock(ContainerProtocolCalls.java:118)
	at org.apache.hadoop.hdds.scm.storage.BlockInputStream.getChunkInfos(BlockInputStream.java:167)
	at org.apache.hadoop.hdds.scm.storage.BlockInputStream.initialize(BlockInputStream.java:118)
	at org.apache.hadoop.hdds.scm.storage.BlockInputStream.read(BlockInputStream.java:222)
	at org.apache.hadoop.ozone.client.io.KeyInputStream.read(KeyInputStream.java:171)
	at org.apache.hadoop.ozone.client.io.OzoneInputStream.read(OzoneInputStream.java:47)
	at java.io.InputStream.read(InputStream.java:101)
	at org.apache.hadoop.ozone.container.ContainerTestHelper.validateData(ContainerTestHelper.java:709)
	at org.apache.hadoop.ozone.client.rpc.TestBlockOutputStreamWithFailures.validateData(TestBlockOutputStreamWithFailures.java:1212)
	at org.apache.hadoop.ozone.client.rpc.TestBlockOutputStreamWithFailures.testDatanodeFailureWithSingleNodeRatis(TestBlockOutputStreamWithFailures.java:1054)
	at sun.reflect.NativeMethodAccessorImpl.invoke0(Native Method)
	at sun.reflect.NativeMethodAccessorImpl.invoke(NativeMethodAccessorImpl.java:62)
	at sun.reflect.DelegatingMethodAccessorImpl.invoke(DelegatingMethodAccessorImpl.java:43)
	at java.lang.reflect.Method.invoke(Method.java:498)
	at org.junit.runners.model.FrameworkMethod$1.runReflectiveCall(FrameworkMethod.java:47)
	at org.junit.internal.runners.model.ReflectiveCallable.run(ReflectiveCallable.java:12)
	at org.junit.runners.model.FrameworkMethod.invokeExplosively(FrameworkMethod.java:44)
	at org.junit.internal.runners.statements.InvokeMethod.evaluate(InvokeMethod.java:17)
	at org.junit.internal.runners.statements.RunBefores.evaluate(RunBefores.java:26)
	at org.junit.internal.runners.statements.RunAfters.evaluate(RunAfters.java:27)
	at org.junit.runners.ParentRunner.runLeaf(ParentRunner.java:271)
	at org.junit.runners.BlockJUnit4ClassRunner.runChild(BlockJUnit4ClassRunner.java:70)
	at org.junit.runners.BlockJUnit4ClassRunner.runChild(BlockJUnit4ClassRunner.java:50)
	at org.junit.runners.ParentRunner$3.run(ParentRunner.java:238)
	at org.junit.runners.ParentRunner$1.schedule(ParentRunner.java:63)
	at org.junit.runners.ParentRunner.runChildren(ParentRunner.java:236)
	at org.junit.runners.ParentRunner.access$000(ParentRunner.java:53)
	at org.junit.runners.ParentRunner$2.evaluate(ParentRunner.java:229)
	at org.junit.runners.ParentRunner.run(ParentRunner.java:309)
	at org.apache.maven.surefire.junit4.JUnit4Provider.execute(JUnit4Provider.java:365)
	at org.apache.maven.surefire.junit4.JUnit4Provider.executeWithRerun(JUnit4Provider.java:273)
	at org.apache.maven.surefire.junit4.JUnit4Provider.executeTestSet(JUnit4Provider.java:238)
	at org.apache.maven.surefire.junit4.JUnit4Provider.invoke(JUnit4Provider.java:159)
	at org.apache.maven.surefire.booter.ForkedBooter.invokeProviderInSameClassLoader(ForkedBooter.java:384)
	at org.apache.maven.surefire.booter.ForkedBooter.runSuitesInProcess(ForkedBooter.java:345)
	at org.apache.maven.surefire.booter.ForkedBooter.execute(ForkedBooter.java:126)
	at org.apache.maven.surefire.booter.ForkedBooter.main(ForkedBooter.java:418)

Jul 13, 2019 7:22:05 PM org.apache.ratis.thirdparty.io.grpc.internal.ManagedChannelOrphanWrapper$ManagedChannelReference cleanQueue
SEVERE: *~*~*~ Channel ManagedChannelImpl{logId=2373, target=192.168.69.122:43661} was not shutdown properly!!! ~*~*~*
    Make sure to call shutdown()/shutdownNow() and wait until awaitTermination() returns true.
java.lang.RuntimeException: ManagedChannel allocation site
	at org.apache.ratis.thirdparty.io.grpc.internal.ManagedChannelOrphanWrapper$ManagedChannelReference.<init>(ManagedChannelOrphanWrapper.java:103)
	at org.apache.ratis.thirdparty.io.grpc.internal.ManagedChannelOrphanWrapper.<init>(ManagedChannelOrphanWrapper.java:53)
	at org.apache.ratis.thirdparty.io.grpc.internal.ManagedChannelOrphanWrapper.<init>(ManagedChannelOrphanWrapper.java:44)
	at org.apache.ratis.thirdparty.io.grpc.internal.AbstractManagedChannelImplBuilder.build(AbstractManagedChannelImplBuilder.java:411)
	at org.apache.ratis.grpc.client.GrpcClientProtocolClient.<init>(GrpcClientProtocolClient.java:119)
	at org.apache.ratis.grpc.client.GrpcClientRpc.lambda$new$0(GrpcClientRpc.java:55)
	at org.apache.ratis.util.PeerProxyMap$PeerAndProxy.lambda$getProxy$0(PeerProxyMap.java:61)
	at org.apache.ratis.util.LifeCycle.startAndTransition(LifeCycle.java:202)
	at org.apache.ratis.util.PeerProxyMap$PeerAndProxy.getProxy(PeerProxyMap.java:60)
	at org.apache.ratis.util.PeerProxyMap.getProxy(PeerProxyMap.java:107)
	at org.apache.ratis.grpc.client.GrpcClientRpc.sendRequestAsync(GrpcClientRpc.java:66)
	at org.apache.ratis.client.impl.OrderedAsync.sendRequest(OrderedAsync.java:208)
	at org.apache.ratis.client.impl.OrderedAsync.sendRequestWithRetry(OrderedAsync.java:169)
	at org.apache.ratis.util.SlidingWindow$Client.sendOrDelayRequest(SlidingWindow.java:278)
	at org.apache.ratis.util.SlidingWindow$Client.submitNewRequest(SlidingWindow.java:257)
	at org.apache.ratis.client.impl.OrderedAsync.send(OrderedAsync.java:155)
	at org.apache.ratis.client.impl.RaftClientImpl.sendAsync(RaftClientImpl.java:145)
	at org.apache.ratis.client.impl.RaftClientImpl.sendAsync(RaftClientImpl.java:125)
	at org.apache.hadoop.hdds.scm.XceiverClientRatis.sendRequestAsync(XceiverClientRatis.java:224)
	at org.apache.hadoop.hdds.scm.XceiverClientRatis.sendCommandAsync(XceiverClientRatis.java:302)
	at org.apache.hadoop.hdds.scm.storage.ContainerProtocolCalls.writeChunkAsync(ContainerProtocolCalls.java:310)
	at org.apache.hadoop.hdds.scm.storage.BlockOutputStream.writeChunkToContainer(BlockOutputStream.java:610)
	at org.apache.hadoop.hdds.scm.storage.BlockOutputStream.writeChunk(BlockOutputStream.java:467)
	at org.apache.hadoop.hdds.scm.storage.BlockOutputStream.writeOnRetry(BlockOutputStream.java:293)
	at org.apache.hadoop.ozone.client.io.BlockOutputStreamEntry.writeOnRetry(BlockOutputStreamEntry.java:200)
	at org.apache.hadoop.ozone.client.io.KeyOutputStream.handleWrite(KeyOutputStream.java:209)
	at org.apache.hadoop.ozone.client.io.KeyOutputStream.handleRetry(KeyOutputStream.java:376)
	at org.apache.hadoop.ozone.client.io.KeyOutputStream.handleException(KeyOutputStream.java:325)
	at org.apache.hadoop.ozone.client.io.KeyOutputStream.handleFlushOrClose(KeyOutputStream.java:448)
	at org.apache.hadoop.ozone.client.io.KeyOutputStream.handleWrite(KeyOutputStream.java:235)
	at org.apache.hadoop.ozone.client.io.KeyOutputStream.write(KeyOutputStream.java:193)
	at org.apache.hadoop.ozone.client.io.OzoneOutputStream.write(OzoneOutputStream.java:49)
	at java.io.OutputStream.write(OutputStream.java:75)
	at org.apache.hadoop.ozone.client.rpc.TestBlockOutputStreamWithFailures.testDatanodeFailureWithSingleNodeRatis(TestBlockOutputStreamWithFailures.java:1017)
	at sun.reflect.NativeMethodAccessorImpl.invoke0(Native Method)
	at sun.reflect.NativeMethodAccessorImpl.invoke(NativeMethodAccessorImpl.java:62)
	at sun.reflect.DelegatingMethodAccessorImpl.invoke(DelegatingMethodAccessorImpl.java:43)
	at java.lang.reflect.Method.invoke(Method.java:498)
	at org.junit.runners.model.FrameworkMethod$1.runReflectiveCall(FrameworkMethod.java:47)
	at org.junit.internal.runners.model.ReflectiveCallable.run(ReflectiveCallable.java:12)
	at org.junit.runners.model.FrameworkMethod.invokeExplosively(FrameworkMethod.java:44)
	at org.junit.internal.runners.statements.InvokeMethod.evaluate(InvokeMethod.java:17)
	at org.junit.internal.runners.statements.RunBefores.evaluate(RunBefores.java:26)
	at org.junit.internal.runners.statements.RunAfters.evaluate(RunAfters.java:27)
	at org.junit.runners.ParentRunner.runLeaf(ParentRunner.java:271)
	at org.junit.runners.BlockJUnit4ClassRunner.runChild(BlockJUnit4ClassRunner.java:70)
	at org.junit.runners.BlockJUnit4ClassRunner.runChild(BlockJUnit4ClassRunner.java:50)
	at org.junit.runners.ParentRunner$3.run(ParentRunner.java:238)
	at org.junit.runners.ParentRunner$1.schedule(ParentRunner.java:63)
	at org.junit.runners.ParentRunner.runChildren(ParentRunner.java:236)
	at org.junit.runners.ParentRunner.access$000(ParentRunner.java:53)
	at org.junit.runners.ParentRunner$2.evaluate(ParentRunner.java:229)
	at org.junit.runners.ParentRunner.run(ParentRunner.java:309)
	at org.apache.maven.surefire.junit4.JUnit4Provider.execute(JUnit4Provider.java:365)
	at org.apache.maven.surefire.junit4.JUnit4Provider.executeWithRerun(JUnit4Provider.java:273)
	at org.apache.maven.surefire.junit4.JUnit4Provider.executeTestSet(JUnit4Provider.java:238)
	at org.apache.maven.surefire.junit4.JUnit4Provider.invoke(JUnit4Provider.java:159)
	at org.apache.maven.surefire.booter.ForkedBooter.invokeProviderInSameClassLoader(ForkedBooter.java:384)
	at org.apache.maven.surefire.booter.ForkedBooter.runSuitesInProcess(ForkedBooter.java:345)
	at org.apache.maven.surefire.booter.ForkedBooter.execute(ForkedBooter.java:126)
	at org.apache.maven.surefire.booter.ForkedBooter.main(ForkedBooter.java:418)

Jul 13, 2019 7:22:05 PM org.apache.ratis.thirdparty.io.grpc.internal.ManagedChannelOrphanWrapper$ManagedChannelReference cleanQueue
SEVERE: *~*~*~ Channel ManagedChannelImpl{logId=2369, target=192.168.69.122:38451} was not shutdown properly!!! ~*~*~*
    Make sure to call shutdown()/shutdownNow() and wait until awaitTermination() returns true.
java.lang.RuntimeException: ManagedChannel allocation site
	at org.apache.ratis.thirdparty.io.grpc.internal.ManagedChannelOrphanWrapper$ManagedChannelReference.<init>(ManagedChannelOrphanWrapper.java:103)
	at org.apache.ratis.thirdparty.io.grpc.internal.ManagedChannelOrphanWrapper.<init>(ManagedChannelOrphanWrapper.java:53)
	at org.apache.ratis.thirdparty.io.grpc.internal.ManagedChannelOrphanWrapper.<init>(ManagedChannelOrphanWrapper.java:44)
	at org.apache.ratis.thirdparty.io.grpc.internal.AbstractManagedChannelImplBuilder.build(AbstractManagedChannelImplBuilder.java:411)
	at org.apache.ratis.grpc.client.GrpcClientProtocolClient.<init>(GrpcClientProtocolClient.java:119)
	at org.apache.ratis.grpc.client.GrpcClientRpc.lambda$new$0(GrpcClientRpc.java:55)
	at org.apache.ratis.util.PeerProxyMap$PeerAndProxy.lambda$getProxy$0(PeerProxyMap.java:61)
	at org.apache.ratis.util.LifeCycle.startAndTransition(LifeCycle.java:202)
	at org.apache.ratis.util.PeerProxyMap$PeerAndProxy.getProxy(PeerProxyMap.java:60)
	at org.apache.ratis.util.PeerProxyMap.getProxy(PeerProxyMap.java:107)
	at org.apache.ratis.grpc.client.GrpcClientRpc.sendRequestAsync(GrpcClientRpc.java:66)
	at org.apache.ratis.client.impl.OrderedAsync.sendRequest(OrderedAsync.java:208)
	at org.apache.ratis.client.impl.OrderedAsync.sendRequestWithRetry(OrderedAsync.java:169)
	at org.apache.ratis.util.SlidingWindow$Client.sendOrDelayRequest(SlidingWindow.java:278)
	at org.apache.ratis.util.SlidingWindow$Client.retry(SlidingWindow.java:294)
	at org.apache.ratis.client.impl.OrderedAsync.lambda$scheduleWithTimeout$7(OrderedAsync.java:195)
	at org.apache.ratis.util.TimeoutScheduler.lambda$onTimeout$0(TimeoutScheduler.java:85)
	at org.apache.ratis.util.TimeoutScheduler.lambda$onTimeout$1(TimeoutScheduler.java:104)
	at org.apache.ratis.util.LogUtils.runAndLog(LogUtils.java:50)
	at org.apache.ratis.util.LogUtils$1.run(LogUtils.java:91)
	at java.util.concurrent.Executors$RunnableAdapter.call(Executors.java:511)
	at java.util.concurrent.FutureTask.run(FutureTask.java:266)
	at java.util.concurrent.ScheduledThreadPoolExecutor$ScheduledFutureTask.access$201(ScheduledThreadPoolExecutor.java:180)
	at java.util.concurrent.ScheduledThreadPoolExecutor$ScheduledFutureTask.run(ScheduledThreadPoolExecutor.java:293)
	at java.util.concurrent.ThreadPoolExecutor.runWorker(ThreadPoolExecutor.java:1149)
	at java.util.concurrent.ThreadPoolExecutor$Worker.run(ThreadPoolExecutor.java:624)
	at java.lang.Thread.run(Thread.java:748)

Jul 13, 2019 7:22:05 PM org.apache.ratis.thirdparty.io.grpc.internal.ManagedChannelOrphanWrapper$ManagedChannelReference cleanQueue
SEVERE: *~*~*~ Channel ManagedChannelImpl{logId=2408, target=192.168.69.122:37850} was not shutdown properly!!! ~*~*~*
    Make sure to call shutdown()/shutdownNow() and wait until awaitTermination() returns true.
java.lang.RuntimeException: ManagedChannel allocation site
	at org.apache.ratis.thirdparty.io.grpc.internal.ManagedChannelOrphanWrapper$ManagedChannelReference.<init>(ManagedChannelOrphanWrapper.java:103)
	at org.apache.ratis.thirdparty.io.grpc.internal.ManagedChannelOrphanWrapper.<init>(ManagedChannelOrphanWrapper.java:53)
	at org.apache.ratis.thirdparty.io.grpc.internal.ManagedChannelOrphanWrapper.<init>(ManagedChannelOrphanWrapper.java:44)
	at org.apache.ratis.thirdparty.io.grpc.internal.AbstractManagedChannelImplBuilder.build(AbstractManagedChannelImplBuilder.java:411)
	at org.apache.hadoop.hdds.scm.XceiverClientGrpc.connectToDatanode(XceiverClientGrpc.java:172)
	at org.apache.hadoop.hdds.scm.XceiverClientGrpc.reconnect(XceiverClientGrpc.java:417)
	at org.apache.hadoop.hdds.scm.XceiverClientGrpc.sendCommandAsync(XceiverClientGrpc.java:366)
	at org.apache.hadoop.hdds.scm.XceiverClientGrpc.sendCommandWithRetry(XceiverClientGrpc.java:279)
	at org.apache.hadoop.hdds.scm.XceiverClientGrpc.sendCommandWithTraceIDAndRetry(XceiverClientGrpc.java:248)
	at org.apache.hadoop.hdds.scm.XceiverClientGrpc.sendCommand(XceiverClientGrpc.java:231)
	at org.apache.hadoop.hdds.scm.storage.ContainerProtocolCalls.getBlock(ContainerProtocolCalls.java:118)
	at org.apache.hadoop.hdds.scm.storage.BlockInputStream.getChunkInfos(BlockInputStream.java:167)
	at org.apache.hadoop.hdds.scm.storage.BlockInputStream.initialize(BlockInputStream.java:118)
	at org.apache.hadoop.hdds.scm.storage.BlockInputStream.read(BlockInputStream.java:222)
	at org.apache.hadoop.ozone.client.io.KeyInputStream.read(KeyInputStream.java:171)
	at org.apache.hadoop.ozone.client.io.OzoneInputStream.read(OzoneInputStream.java:47)
	at java.io.InputStream.read(InputStream.java:101)
	at org.apache.hadoop.ozone.container.ContainerTestHelper.validateData(ContainerTestHelper.java:709)
	at org.apache.hadoop.ozone.client.rpc.TestBlockOutputStreamWithFailures.validateData(TestBlockOutputStreamWithFailures.java:1212)
	at org.apache.hadoop.ozone.client.rpc.TestBlockOutputStreamWithFailures.testDatanodeFailureWithSingleNodeRatis(TestBlockOutputStreamWithFailures.java:1054)
	at sun.reflect.NativeMethodAccessorImpl.invoke0(Native Method)
	at sun.reflect.NativeMethodAccessorImpl.invoke(NativeMethodAccessorImpl.java:62)
	at sun.reflect.DelegatingMethodAccessorImpl.invoke(DelegatingMethodAccessorImpl.java:43)
	at java.lang.reflect.Method.invoke(Method.java:498)
	at org.junit.runners.model.FrameworkMethod$1.runReflectiveCall(FrameworkMethod.java:47)
	at org.junit.internal.runners.model.ReflectiveCallable.run(ReflectiveCallable.java:12)
	at org.junit.runners.model.FrameworkMethod.invokeExplosively(FrameworkMethod.java:44)
	at org.junit.internal.runners.statements.InvokeMethod.evaluate(InvokeMethod.java:17)
	at org.junit.internal.runners.statements.RunBefores.evaluate(RunBefores.java:26)
	at org.junit.internal.runners.statements.RunAfters.evaluate(RunAfters.java:27)
	at org.junit.runners.ParentRunner.runLeaf(ParentRunner.java:271)
	at org.junit.runners.BlockJUnit4ClassRunner.runChild(BlockJUnit4ClassRunner.java:70)
	at org.junit.runners.BlockJUnit4ClassRunner.runChild(BlockJUnit4ClassRunner.java:50)
	at org.junit.runners.ParentRunner$3.run(ParentRunner.java:238)
	at org.junit.runners.ParentRunner$1.schedule(ParentRunner.java:63)
	at org.junit.runners.ParentRunner.runChildren(ParentRunner.java:236)
	at org.junit.runners.ParentRunner.access$000(ParentRunner.java:53)
	at org.junit.runners.ParentRunner$2.evaluate(ParentRunner.java:229)
	at org.junit.runners.ParentRunner.run(ParentRunner.java:309)
	at org.apache.maven.surefire.junit4.JUnit4Provider.execute(JUnit4Provider.java:365)
	at org.apache.maven.surefire.junit4.JUnit4Provider.executeWithRerun(JUnit4Provider.java:273)
	at org.apache.maven.surefire.junit4.JUnit4Provider.executeTestSet(JUnit4Provider.java:238)
	at org.apache.maven.surefire.junit4.JUnit4Provider.invoke(JUnit4Provider.java:159)
	at org.apache.maven.surefire.booter.ForkedBooter.invokeProviderInSameClassLoader(ForkedBooter.java:384)
	at org.apache.maven.surefire.booter.ForkedBooter.runSuitesInProcess(ForkedBooter.java:345)
	at org.apache.maven.surefire.booter.ForkedBooter.execute(ForkedBooter.java:126)
	at org.apache.maven.surefire.booter.ForkedBooter.main(ForkedBooter.java:418)

]]></system-err>
  </testcase>
  <testcase name="testWatchForCommitDatanodeFailure" classname="org.apache.hadoop.ozone.client.rpc.TestBlockOutputStreamWithFailures" time="33.512">
    <error type="java.lang.UnsupportedOperationException">java.lang.UnsupportedOperationException
	at java.util.AbstractList.add(AbstractList.java:148)
	at java.util.AbstractList.add(AbstractList.java:108)
	at java.util.AbstractCollection.addAll(AbstractCollection.java:344)
	at org.apache.hadoop.hdds.scm.storage.BlockOutputStream.watchForCommit(BlockOutputStream.java:363)
	at org.apache.hadoop.hdds.scm.storage.BlockOutputStream.handleFlush(BlockOutputStream.java:487)
	at org.apache.hadoop.hdds.scm.storage.BlockOutputStream.close(BlockOutputStream.java:501)
	at org.apache.hadoop.ozone.client.io.BlockOutputStreamEntry.close(BlockOutputStreamEntry.java:143)
	at org.apache.hadoop.ozone.client.io.KeyOutputStream.handleFlushOrClose(KeyOutputStream.java:438)
	at org.apache.hadoop.ozone.client.io.KeyOutputStream.handleWrite(KeyOutputStream.java:235)
	at org.apache.hadoop.ozone.client.io.KeyOutputStream.write(KeyOutputStream.java:193)
	at org.apache.hadoop.ozone.client.io.OzoneOutputStream.write(OzoneOutputStream.java:49)
	at java.io.OutputStream.write(OutputStream.java:75)
	at org.apache.hadoop.ozone.client.rpc.TestBlockOutputStreamWithFailures.testWatchForCommitDatanodeFailure(TestBlockOutputStreamWithFailures.java:363)
	at sun.reflect.NativeMethodAccessorImpl.invoke0(Native Method)
	at sun.reflect.NativeMethodAccessorImpl.invoke(NativeMethodAccessorImpl.java:62)
	at sun.reflect.DelegatingMethodAccessorImpl.invoke(DelegatingMethodAccessorImpl.java:43)
	at java.lang.reflect.Method.invoke(Method.java:498)
	at org.junit.runners.model.FrameworkMethod$1.runReflectiveCall(FrameworkMethod.java:47)
	at org.junit.internal.runners.model.ReflectiveCallable.run(ReflectiveCallable.java:12)
	at org.junit.runners.model.FrameworkMethod.invokeExplosively(FrameworkMethod.java:44)
	at org.junit.internal.runners.statements.InvokeMethod.evaluate(InvokeMethod.java:17)
	at org.junit.internal.runners.statements.RunBefores.evaluate(RunBefores.java:26)
	at org.junit.internal.runners.statements.RunAfters.evaluate(RunAfters.java:27)
	at org.junit.runners.ParentRunner.runLeaf(ParentRunner.java:271)
	at org.junit.runners.BlockJUnit4ClassRunner.runChild(BlockJUnit4ClassRunner.java:70)
	at org.junit.runners.BlockJUnit4ClassRunner.runChild(BlockJUnit4ClassRunner.java:50)
	at org.junit.runners.ParentRunner$3.run(ParentRunner.java:238)
	at org.junit.runners.ParentRunner$1.schedule(ParentRunner.java:63)
	at org.junit.runners.ParentRunner.runChildren(ParentRunner.java:236)
	at org.junit.runners.ParentRunner.access$000(ParentRunner.java:53)
	at org.junit.runners.ParentRunner$2.evaluate(ParentRunner.java:229)
	at org.junit.runners.ParentRunner.run(ParentRunner.java:309)
	at org.apache.maven.surefire.junit4.JUnit4Provider.execute(JUnit4Provider.java:365)
	at org.apache.maven.surefire.junit4.JUnit4Provider.executeWithRerun(JUnit4Provider.java:273)
	at org.apache.maven.surefire.junit4.JUnit4Provider.executeTestSet(JUnit4Provider.java:238)
	at org.apache.maven.surefire.junit4.JUnit4Provider.invoke(JUnit4Provider.java:159)
	at org.apache.maven.surefire.booter.ForkedBooter.invokeProviderInSameClassLoader(ForkedBooter.java:384)
	at org.apache.maven.surefire.booter.ForkedBooter.runSuitesInProcess(ForkedBooter.java:345)
	at org.apache.maven.surefire.booter.ForkedBooter.execute(ForkedBooter.java:126)
	at org.apache.maven.surefire.booter.ForkedBooter.main(ForkedBooter.java:418)
</error>
    <system-out><![CDATA[2019-07-13 19:22:35,095 WARN  server.ServerUtils (ServerUtils.java:getScmDbDir(145)) - ozone.scm.db.dirs is not configured. We recommend adding this setting. Falling back to ozone.metadata.dirs instead.
2019-07-13 19:22:35,121 WARN  server.ServerUtils (ServerUtils.java:getScmDbDir(145)) - ozone.scm.db.dirs is not configured. We recommend adding this setting. Falling back to ozone.metadata.dirs instead.
2019-07-13 19:22:35,122 WARN  server.ServerUtils (ServerUtils.java:getScmDbDir(145)) - ozone.scm.db.dirs is not configured. We recommend adding this setting. Falling back to ozone.metadata.dirs instead.
2019-07-13 19:22:35,122 INFO  db.DBStoreBuilder (DBStoreBuilder.java:addTable(110)) - using custom profile for table: deletedBlocks
2019-07-13 19:22:35,122 INFO  db.DBStoreBuilder (DBStoreBuilder.java:processTables(161)) - Using default column profile:DBProfile.DISK for Table:deletedBlocks
2019-07-13 19:22:35,123 INFO  db.DBStoreBuilder (DBStoreBuilder.java:addTable(110)) - using custom profile for table: validCerts
2019-07-13 19:22:35,123 INFO  db.DBStoreBuilder (DBStoreBuilder.java:processTables(161)) - Using default column profile:DBProfile.DISK for Table:validCerts
2019-07-13 19:22:35,123 INFO  db.DBStoreBuilder (DBStoreBuilder.java:addTable(110)) - using custom profile for table: revokedCerts
2019-07-13 19:22:35,123 INFO  db.DBStoreBuilder (DBStoreBuilder.java:processTables(161)) - Using default column profile:DBProfile.DISK for Table:revokedCerts
2019-07-13 19:22:35,124 INFO  db.DBStoreBuilder (DBStoreBuilder.java:addTable(110)) - using custom profile for table: default
2019-07-13 19:22:35,124 INFO  db.DBStoreBuilder (DBStoreBuilder.java:processTables(167)) - Using default column profile:DBProfile.DISK for Table:default
2019-07-13 19:22:35,124 INFO  db.DBStoreBuilder (DBStoreBuilder.java:getDbProfile(198)) - Using default options. DBProfile.DISK
2019-07-13 19:22:35,280 INFO  net.NodeSchemaLoader (NodeSchemaLoader.java:loadSchemaFromFile(125)) - Loading file from sun.misc.CompoundEnumeration@1ec98548
2019-07-13 19:22:35,280 INFO  net.NodeSchemaLoader (NodeSchemaLoader.java:loadSchema(171)) - Loading network topology layer schema file
2019-07-13 19:22:35,285 INFO  node.SCMNodeManager (SCMNodeManager.java:<init>(119)) - Entering startup safe mode.
2019-07-13 19:22:35,286 WARN  server.ServerUtils (ServerUtils.java:getScmDbDir(145)) - ozone.scm.db.dirs is not configured. We recommend adding this setting. Falling back to ozone.metadata.dirs instead.
2019-07-13 19:22:35,332 INFO  pipeline.SCMPipelineManager (SCMPipelineManager.java:initializePipelineState(126)) - No pipeline exists in current db
2019-07-13 19:22:35,332 WARN  server.ServerUtils (ServerUtils.java:getScmDbDir(145)) - ozone.scm.db.dirs is not configured. We recommend adding this setting. Falling back to ozone.metadata.dirs instead.
2019-07-13 19:22:35,385 WARN  events.EventQueue (EventQueue.java:fireEvent(175)) - No event handler registered for event TypedEvent{payloadType=SafeModeStatus, name='SafeModeStatus'}
2019-07-13 19:22:35,386 INFO  ipc.CallQueueManager (CallQueueManager.java:<init>(84)) - Using callQueue: class java.util.concurrent.LinkedBlockingQueue, queueCapacity: 2000, scheduler: class org.apache.hadoop.ipc.DefaultRpcScheduler, ipcBackoff: false.
2019-07-13 19:22:35,387 INFO  ipc.Server (Server.java:run(1074)) - Starting Socket Reader #1 for port 34024
2019-07-13 19:22:35,389 INFO  ipc.CallQueueManager (CallQueueManager.java:<init>(84)) - Using callQueue: class java.util.concurrent.LinkedBlockingQueue, queueCapacity: 2000, scheduler: class org.apache.hadoop.ipc.DefaultRpcScheduler, ipcBackoff: false.
2019-07-13 19:22:35,389 INFO  ipc.Server (Server.java:run(1074)) - Starting Socket Reader #1 for port 46826
2019-07-13 19:22:35,391 INFO  ipc.CallQueueManager (CallQueueManager.java:<init>(84)) - Using callQueue: class java.util.concurrent.LinkedBlockingQueue, queueCapacity: 2000, scheduler: class org.apache.hadoop.ipc.DefaultRpcScheduler, ipcBackoff: false.
2019-07-13 19:22:35,392 INFO  ipc.Server (Server.java:run(1074)) - Starting Socket Reader #1 for port 45494
2019-07-13 19:22:35,395 INFO  hdfs.DFSUtil (DFSUtil.java:httpServerTemplateForNNAndJN(1641)) - Starting Web-server for scm at: http://0.0.0.0:0
2019-07-13 19:22:35,398 INFO  server.AuthenticationFilter (AuthenticationFilter.java:constructSecretProvider(240)) - Unable to initialize FileSignerSecretProvider, falling back to use random secrets.
2019-07-13 19:22:35,398 WARN  http.HttpRequestLog (HttpRequestLog.java:getRequestLog(97)) - Jetty request log can only be enabled using Log4j
2019-07-13 19:22:35,401 INFO  http.HttpServer2 (HttpServer2.java:addGlobalFilter(975)) - Added global filter 'safety' (class=org.apache.hadoop.http.HttpServer2$QuotingInputFilter)
2019-07-13 19:22:35,402 INFO  http.HttpServer2 (HttpServer2.java:addFilter(948)) - Added filter static_user_filter (class=org.apache.hadoop.http.lib.StaticUserWebFilter$StaticUserFilter) to context scm
2019-07-13 19:22:35,402 INFO  http.HttpServer2 (HttpServer2.java:addFilter(958)) - Added filter static_user_filter (class=org.apache.hadoop.http.lib.StaticUserWebFilter$StaticUserFilter) to context logs
2019-07-13 19:22:35,402 INFO  http.HttpServer2 (HttpServer2.java:addFilter(958)) - Added filter static_user_filter (class=org.apache.hadoop.http.lib.StaticUserWebFilter$StaticUserFilter) to context static
2019-07-13 19:22:35,406 INFO  server.StorageContainerManager (StorageContainerManager.java:start(759)) - StorageContainerLocationProtocol RPC server is listening at /0.0.0.0:45494
2019-07-13 19:22:35,409 WARN  impl.MetricsConfig (MetricsConfig.java:loadFirst(134)) - Cannot locate configuration: tried hadoop-metrics2-storagecontainermanager.properties,hadoop-metrics2.properties
2019-07-13 19:22:35,410 INFO  impl.MetricsSystemImpl (MetricsSystemImpl.java:startTimer(374)) - Scheduled Metric snapshot period at 10 second(s).
2019-07-13 19:22:35,410 INFO  impl.MetricsSystemImpl (MetricsSystemImpl.java:start(191)) - StorageContainerManager metrics system started
2019-07-13 19:22:35,464 INFO  server.SCMClientProtocolServer (SCMClientProtocolServer.java:start(149)) - RPC server for Client  is listening at /0.0.0.0:45494
2019-07-13 19:22:35,465 INFO  ipc.Server (Server.java:run(1314)) - IPC Server Responder: starting
2019-07-13 19:22:35,465 INFO  ipc.Server (Server.java:run(1153)) - IPC Server listener on 45494: starting
2019-07-13 19:22:35,471 INFO  server.StorageContainerManager (StorageContainerManager.java:start(768)) - ScmBlockLocationProtocol RPC server is listening at /0.0.0.0:46826
2019-07-13 19:22:35,471 INFO  server.SCMBlockProtocolServer (SCMBlockProtocolServer.java:start(140)) - RPC server for Block Protocol is listening at /0.0.0.0:46826
2019-07-13 19:22:35,471 INFO  ipc.Server (Server.java:run(1314)) - IPC Server Responder: starting
2019-07-13 19:22:35,472 INFO  ipc.Server (Server.java:run(1153)) - IPC Server listener on 46826: starting
2019-07-13 19:22:35,475 INFO  server.StorageContainerManager (StorageContainerManager.java:start(772)) - ScmDatanodeProtocl RPC server is listening at /0.0.0.0:34024
2019-07-13 19:22:35,475 INFO  server.SCMDatanodeProtocolServer (SCMDatanodeProtocolServer.java:start(191)) - RPC server for DataNodes is listening at /0.0.0.0:34024
2019-07-13 19:22:35,476 INFO  ipc.Server (Server.java:run(1314)) - IPC Server Responder: starting
2019-07-13 19:22:35,476 INFO  ipc.Server (Server.java:run(1153)) - IPC Server listener on 34024: starting
2019-07-13 19:22:35,481 INFO  http.HttpServer2 (HttpServer2.java:bindListener(1191)) - Jetty bound to port 41792
2019-07-13 19:22:35,481 INFO  server.Server (Server.java:doStart(351)) - jetty-9.3.24.v20180605, build timestamp: 2018-06-05T17:11:56Z, git hash: 84205aa28f11a4f31f2a3b86d1bba2cc8ab69827
2019-07-13 19:22:35,483 INFO  handler.ContextHandler (ContextHandler.java:doStart(781)) - Started o.e.j.s.ServletContextHandler@16422f27{/logs,file:///tmp/workdir/hadoop-ozone/integration-test/target/log,AVAILABLE}
2019-07-13 19:22:35,484 INFO  handler.ContextHandler (ContextHandler.java:doStart(781)) - Started o.e.j.s.ServletContextHandler@f4aec23{/static,file:///tmp/workdir/hadoop-ozone/integration-test/target/test-classes/webapps/static,AVAILABLE}
2019-07-13 19:22:35,490 INFO  handler.ContextHandler (ContextHandler.java:doStart(781)) - Started o.e.j.w.WebAppContext@2e1003d9{/,file:///tmp/workdir/hadoop-ozone/integration-test/target/test-classes/webapps/scm/,AVAILABLE}{/scm}
2019-07-13 19:22:35,491 INFO  server.AbstractConnector (AbstractConnector.java:doStart(278)) - Started ServerConnector@4e9d1119{HTTP/1.1,[http/1.1]}{0.0.0.0:41792}
2019-07-13 19:22:35,492 INFO  server.Server (Server.java:doStart(419)) - Started @529610ms
2019-07-13 19:22:35,493 INFO  server.BaseHttpServer (BaseHttpServer.java:updateConnectorAddress(207)) - HTTP server of SCM is listening at http://0.0.0.0:41792
2019-07-13 19:22:35,493 WARN  server.ServerUtils (ServerUtils.java:getDBPath(222)) - ozone.om.db.dirs is not configured. We recommend adding this setting. Falling back to ozone.metadata.dirs instead.
2019-07-13 19:22:35,494 INFO  util.JvmPauseMonitor (JvmPauseMonitor.java:run(188)) - Starting JVM pause monitor
2019-07-13 19:22:35,507 WARN  server.ServerUtils (ServerUtils.java:getDBPath(222)) - ozone.om.db.dirs is not configured. We recommend adding this setting. Falling back to ozone.metadata.dirs instead.
2019-07-13 19:22:35,508 INFO  om.OzoneManager (OzoneManager.java:setOMNodeDetails(630)) - OM Service ID is not set. Setting it to the default ID: omServiceIdDefault
2019-07-13 19:22:35,508 INFO  om.OzoneManager (OzoneManager.java:setOMNodeDetails(636)) - OM Node ID is not set. Setting it to the OmStorage's OmID: 3e434aae-4cc8-4c57-bf5a-285ea0f0811d
2019-07-13 19:22:35,508 INFO  om.OzoneManager (OzoneManager.java:loadOMHAConfigs(587)) - Found matching OM address with OMServiceId: null, OMNodeId: null, RPC Address: localhost:0 and Ratis port: 9872
2019-07-13 19:22:35,515 WARN  server.ServerUtils (ServerUtils.java:getDBPath(222)) - ozone.om.db.dirs is not configured. We recommend adding this setting. Falling back to ozone.metadata.dirs instead.
2019-07-13 19:22:35,516 INFO  db.DBStoreBuilder (DBStoreBuilder.java:addTable(110)) - using custom profile for table: userTable
2019-07-13 19:22:35,516 INFO  db.DBStoreBuilder (DBStoreBuilder.java:processTables(161)) - Using default column profile:DBProfile.DISK for Table:userTable
2019-07-13 19:22:35,516 INFO  db.DBStoreBuilder (DBStoreBuilder.java:addTable(110)) - using custom profile for table: volumeTable
2019-07-13 19:22:35,517 INFO  db.DBStoreBuilder (DBStoreBuilder.java:processTables(161)) - Using default column profile:DBProfile.DISK for Table:volumeTable
2019-07-13 19:22:35,517 INFO  db.DBStoreBuilder (DBStoreBuilder.java:addTable(110)) - using custom profile for table: bucketTable
2019-07-13 19:22:35,517 INFO  db.DBStoreBuilder (DBStoreBuilder.java:processTables(161)) - Using default column profile:DBProfile.DISK for Table:bucketTable
2019-07-13 19:22:35,517 INFO  db.DBStoreBuilder (DBStoreBuilder.java:addTable(110)) - using custom profile for table: keyTable
2019-07-13 19:22:35,517 INFO  db.DBStoreBuilder (DBStoreBuilder.java:processTables(161)) - Using default column profile:DBProfile.DISK for Table:keyTable
2019-07-13 19:22:35,518 INFO  db.DBStoreBuilder (DBStoreBuilder.java:addTable(110)) - using custom profile for table: deletedTable
2019-07-13 19:22:35,518 INFO  db.DBStoreBuilder (DBStoreBuilder.java:processTables(161)) - Using default column profile:DBProfile.DISK for Table:deletedTable
2019-07-13 19:22:35,518 INFO  db.DBStoreBuilder (DBStoreBuilder.java:addTable(110)) - using custom profile for table: openKeyTable
2019-07-13 19:22:35,518 INFO  db.DBStoreBuilder (DBStoreBuilder.java:processTables(161)) - Using default column profile:DBProfile.DISK for Table:openKeyTable
2019-07-13 19:22:35,519 INFO  db.DBStoreBuilder (DBStoreBuilder.java:addTable(110)) - using custom profile for table: s3Table
2019-07-13 19:22:35,519 INFO  db.DBStoreBuilder (DBStoreBuilder.java:processTables(161)) - Using default column profile:DBProfile.DISK for Table:s3Table
2019-07-13 19:22:35,519 INFO  db.DBStoreBuilder (DBStoreBuilder.java:addTable(110)) - using custom profile for table: multipartInfoTable
2019-07-13 19:22:35,519 INFO  db.DBStoreBuilder (DBStoreBuilder.java:processTables(161)) - Using default column profile:DBProfile.DISK for Table:multipartInfoTable
2019-07-13 19:22:35,519 INFO  db.DBStoreBuilder (DBStoreBuilder.java:addTable(110)) - using custom profile for table: dTokenTable
2019-07-13 19:22:35,520 INFO  db.DBStoreBuilder (DBStoreBuilder.java:processTables(161)) - Using default column profile:DBProfile.DISK for Table:dTokenTable
2019-07-13 19:22:35,520 INFO  db.DBStoreBuilder (DBStoreBuilder.java:addTable(110)) - using custom profile for table: s3SecretTable
2019-07-13 19:22:35,520 INFO  db.DBStoreBuilder (DBStoreBuilder.java:processTables(161)) - Using default column profile:DBProfile.DISK for Table:s3SecretTable
2019-07-13 19:22:35,520 INFO  db.DBStoreBuilder (DBStoreBuilder.java:addTable(110)) - using custom profile for table: prefixTable
2019-07-13 19:22:35,520 INFO  db.DBStoreBuilder (DBStoreBuilder.java:processTables(161)) - Using default column profile:DBProfile.DISK for Table:prefixTable
2019-07-13 19:22:35,521 INFO  db.DBStoreBuilder (DBStoreBuilder.java:addTable(110)) - using custom profile for table: default
2019-07-13 19:22:35,521 INFO  db.DBStoreBuilder (DBStoreBuilder.java:processTables(167)) - Using default column profile:DBProfile.DISK for Table:default
2019-07-13 19:22:35,521 INFO  db.DBStoreBuilder (DBStoreBuilder.java:getDbProfile(198)) - Using default options. DBProfile.DISK
2019-07-13 19:22:36,025 INFO  ipc.CallQueueManager (CallQueueManager.java:<init>(84)) - Using callQueue: class java.util.concurrent.LinkedBlockingQueue, queueCapacity: 2000, scheduler: class org.apache.hadoop.ipc.DefaultRpcScheduler, ipcBackoff: false.
2019-07-13 19:22:36,027 INFO  ipc.Server (Server.java:run(1074)) - Starting Socket Reader #1 for port 35909
2019-07-13 19:22:36,044 WARN  server.ServerUtils (ServerUtils.java:getDBPath(222)) - ozone.om.db.dirs is not configured. We recommend adding this setting. Falling back to ozone.metadata.dirs instead.
2019-07-13 19:22:36,045 INFO  om.OzoneManager (OzoneManager.java:start(1228)) - OzoneManager RPC server is listening at localhost/127.0.0.1:35909
2019-07-13 19:22:36,045 INFO  impl.MetricsSystemImpl (MetricsSystemImpl.java:init(158)) - OzoneManager metrics system started (again)
2019-07-13 19:22:36,046 INFO  ipc.Server (Server.java:run(1314)) - IPC Server Responder: starting
2019-07-13 19:22:36,046 INFO  ipc.Server (Server.java:run(1153)) - IPC Server listener on 35909: starting
2019-07-13 19:22:36,052 INFO  hdfs.DFSUtil (DFSUtil.java:httpServerTemplateForNNAndJN(1641)) - Starting Web-server for ozoneManager at: http://0.0.0.0:0
2019-07-13 19:22:36,055 INFO  server.AuthenticationFilter (AuthenticationFilter.java:constructSecretProvider(240)) - Unable to initialize FileSignerSecretProvider, falling back to use random secrets.
2019-07-13 19:22:36,056 WARN  http.HttpRequestLog (HttpRequestLog.java:getRequestLog(97)) - Jetty request log can only be enabled using Log4j
2019-07-13 19:22:36,058 INFO  http.HttpServer2 (HttpServer2.java:addGlobalFilter(975)) - Added global filter 'safety' (class=org.apache.hadoop.http.HttpServer2$QuotingInputFilter)
2019-07-13 19:22:36,059 INFO  http.HttpServer2 (HttpServer2.java:addFilter(948)) - Added filter static_user_filter (class=org.apache.hadoop.http.lib.StaticUserWebFilter$StaticUserFilter) to context ozoneManager
2019-07-13 19:22:36,059 INFO  http.HttpServer2 (HttpServer2.java:addFilter(958)) - Added filter static_user_filter (class=org.apache.hadoop.http.lib.StaticUserWebFilter$StaticUserFilter) to context logs
2019-07-13 19:22:36,059 INFO  http.HttpServer2 (HttpServer2.java:addFilter(958)) - Added filter static_user_filter (class=org.apache.hadoop.http.lib.StaticUserWebFilter$StaticUserFilter) to context static
2019-07-13 19:22:36,060 INFO  http.HttpServer2 (HttpServer2.java:bindListener(1191)) - Jetty bound to port 33541
2019-07-13 19:22:36,060 INFO  server.Server (Server.java:doStart(351)) - jetty-9.3.24.v20180605, build timestamp: 2018-06-05T17:11:56Z, git hash: 84205aa28f11a4f31f2a3b86d1bba2cc8ab69827
2019-07-13 19:22:36,063 INFO  handler.ContextHandler (ContextHandler.java:doStart(781)) - Started o.e.j.s.ServletContextHandler@7bbe5548{/logs,file:///tmp/workdir/hadoop-ozone/integration-test/target/log,AVAILABLE}
2019-07-13 19:22:36,064 INFO  handler.ContextHandler (ContextHandler.java:doStart(781)) - Started o.e.j.s.ServletContextHandler@3ed2a30c{/static,file:///tmp/workdir/hadoop-ozone/integration-test/target/test-classes/webapps/static,AVAILABLE}
2019-07-13 19:22:36,071 INFO  handler.ContextHandler (ContextHandler.java:doStart(781)) - Started o.e.j.w.WebAppContext@52dc71b2{/,file:///tmp/workdir/hadoop-ozone/integration-test/target/test-classes/webapps/ozoneManager/,AVAILABLE}{/ozoneManager}
2019-07-13 19:22:36,071 INFO  server.AbstractConnector (AbstractConnector.java:doStart(278)) - Started ServerConnector@e1d2781{HTTP/1.1,[http/1.1]}{0.0.0.0:33541}
2019-07-13 19:22:36,072 INFO  server.Server (Server.java:doStart(419)) - Started @530191ms
2019-07-13 19:22:36,073 INFO  server.BaseHttpServer (BaseHttpServer.java:updateConnectorAddress(207)) - HTTP server of OZONEMANAGER is listening at http://0.0.0.0:33541
2019-07-13 19:22:36,099 INFO  impl.MetricsSystemImpl (MetricsSystemImpl.java:init(158)) - HddsDatanode metrics system started (again)
2019-07-13 19:22:36,099 INFO  ozone.HddsDatanodeService (HddsDatanodeService.java:start(185)) - HddsDatanodeService host:trunk-nightly-fxqsz-774976932 ip:192.168.69.122
2019-07-13 19:22:36,112 INFO  volume.HddsVolume (HddsVolume.java:<init>(176)) - Creating Volume: /tmp/workdir/hadoop-ozone/integration-test/target/test-dir/MiniOzoneClusterImpl-3d6cd069-ff82-4110-982d-1189e8e75f72/datanode-0/data/containers/hdds of  storage type : DISK and capacity : 52710309888
2019-07-13 19:22:36,112 INFO  volume.VolumeSet (VolumeSet.java:initializeVolumeSet(170)) - Added Volume : /tmp/workdir/hadoop-ozone/integration-test/target/test-dir/MiniOzoneClusterImpl-3d6cd069-ff82-4110-982d-1189e8e75f72/datanode-0/data/containers/hdds to VolumeSet
2019-07-13 19:22:36,112 INFO  volume.ThrottledAsyncChecker (ThrottledAsyncChecker.java:schedule(140)) - Scheduling a check for org.apache.hadoop.ozone.container.common.volume.HddsVolume@614d01b
2019-07-13 19:22:36,113 INFO  volume.HddsVolumeChecker (HddsVolumeChecker.java:checkAllVolumes(203)) - Scheduled health check for volume org.apache.hadoop.ozone.container.common.volume.HddsVolume@614d01b
2019-07-13 19:22:36,131 INFO  impl.RaftServerProxy (ConfUtils.java:logGet(43)) - raft.rpc.type = GRPC (default)
2019-07-13 19:22:36,132 INFO  grpc.GrpcFactory (GrpcFactory.java:checkPooledByteBufAllocatorUseCacheForAllThreads(45)) - PERFORMANCE WARNING: useCacheForAllThreads is true that may cause Netty to create a lot garbage objects and, as a result, trigger GC.
	It is recommended to disable useCacheForAllThreads by setting -Dorg.apache.ratis.thirdparty.io.netty.allocator.useCacheForAllThreads=false in command line.
2019-07-13 19:22:36,132 INFO  grpc.GrpcConfigKeys$Server (ConfUtils.java:logGet(43)) - raft.grpc.server.port = 0 (default)
2019-07-13 19:22:36,132 INFO  server.GrpcService (ConfUtils.java:logGet(43)) - raft.grpc.message.size.max = 33570816 (custom)
2019-07-13 19:22:36,132 INFO  server.RaftServerConfigKeys (ConfUtils.java:logGet(43)) - raft.server.log.appender.buffer.byte-limit = 33554432 (custom)
2019-07-13 19:22:36,132 INFO  server.GrpcService (ConfUtils.java:logGet(43)) - raft.grpc.flow.control.window = 1MB (=1048576) (default)
2019-07-13 19:22:36,133 INFO  server.RaftServerConfigKeys (ConfUtils.java:logGet(43)) - raft.server.rpc.request.timeout = 3000ms (default)
2019-07-13 19:22:36,133 INFO  server.RaftServerConfigKeys (ConfUtils.java:logGet(43)) - raft.server.storage.dir = [/tmp/workdir/hadoop-ozone/integration-test/target/test-dir/MiniOzoneClusterImpl-3d6cd069-ff82-4110-982d-1189e8e75f72/datanode-0/data/ratis] (custom)
2019-07-13 19:22:36,134 INFO  replication.SimpleContainerDownloader (SimpleContainerDownloader.java:<init>(72)) - Starting container downloader service to copy containers to replicate.
2019-07-13 19:22:36,135 INFO  hdfs.DFSUtil (DFSUtil.java:httpServerTemplateForNNAndJN(1641)) - Starting Web-server for hddsDatanode at: http://0.0.0.0:0
2019-07-13 19:22:36,137 INFO  server.AuthenticationFilter (AuthenticationFilter.java:constructSecretProvider(240)) - Unable to initialize FileSignerSecretProvider, falling back to use random secrets.
2019-07-13 19:22:36,138 WARN  http.HttpRequestLog (HttpRequestLog.java:getRequestLog(97)) - Jetty request log can only be enabled using Log4j
2019-07-13 19:22:36,140 INFO  http.HttpServer2 (HttpServer2.java:addGlobalFilter(975)) - Added global filter 'safety' (class=org.apache.hadoop.http.HttpServer2$QuotingInputFilter)
2019-07-13 19:22:36,140 INFO  http.HttpServer2 (HttpServer2.java:addFilter(948)) - Added filter static_user_filter (class=org.apache.hadoop.http.lib.StaticUserWebFilter$StaticUserFilter) to context hddsDatanode
2019-07-13 19:22:36,141 INFO  http.HttpServer2 (HttpServer2.java:addFilter(958)) - Added filter static_user_filter (class=org.apache.hadoop.http.lib.StaticUserWebFilter$StaticUserFilter) to context logs
2019-07-13 19:22:36,141 INFO  http.HttpServer2 (HttpServer2.java:addFilter(958)) - Added filter static_user_filter (class=org.apache.hadoop.http.lib.StaticUserWebFilter$StaticUserFilter) to context static
2019-07-13 19:22:36,142 INFO  http.HttpServer2 (HttpServer2.java:bindListener(1191)) - Jetty bound to port 37361
2019-07-13 19:22:36,142 INFO  server.Server (Server.java:doStart(351)) - jetty-9.3.24.v20180605, build timestamp: 2018-06-05T17:11:56Z, git hash: 84205aa28f11a4f31f2a3b86d1bba2cc8ab69827
2019-07-13 19:22:36,144 INFO  handler.ContextHandler (ContextHandler.java:doStart(781)) - Started o.e.j.s.ServletContextHandler@380cd266{/logs,file:///tmp/workdir/hadoop-ozone/integration-test/target/log,AVAILABLE}
2019-07-13 19:22:36,145 INFO  handler.ContextHandler (ContextHandler.java:doStart(781)) - Started o.e.j.s.ServletContextHandler@21d561c9{/static,jar:file:/home/user/.m2/repository/org/apache/hadoop/hadoop-hdds-container-service/0.5.0-SNAPSHOT/hadoop-hdds-container-service-0.5.0-SNAPSHOT.jar!/webapps/static,AVAILABLE}
2019-07-13 19:22:36,177 INFO  handler.ContextHandler (ContextHandler.java:doStart(781)) - Started o.e.j.w.WebAppContext@4fd70118{/,file:///tmp/jetty-0.0.0.0-37361-hddsDatanode-_-any-7126759654777544183.dir/webapp/,AVAILABLE}{/hddsDatanode}
2019-07-13 19:22:36,177 INFO  server.AbstractConnector (AbstractConnector.java:doStart(278)) - Started ServerConnector@1db7c267{HTTP/1.1,[http/1.1]}{0.0.0.0:37361}
2019-07-13 19:22:36,178 INFO  server.Server (Server.java:doStart(419)) - Started @530296ms
2019-07-13 19:22:36,179 INFO  server.BaseHttpServer (BaseHttpServer.java:updateConnectorAddress(207)) - HTTP server of HDDSDATANODE is listening at http://0.0.0.0:37361
2019-07-13 19:22:36,298 INFO  ozone.HddsDatanodeService (HddsDatanodeService.java:startPlugins(396)) - Started plug-in org.apache.hadoop.ozone.web.OzoneHddsDatanodeService@5c3ad125
2019-07-13 19:22:36,298 INFO  impl.MetricsSystemImpl (MetricsSystemImpl.java:init(158)) - HddsDatanode metrics system started (again)
2019-07-13 19:22:36,299 INFO  ozone.HddsDatanodeService (HddsDatanodeService.java:start(185)) - HddsDatanodeService host:trunk-nightly-fxqsz-774976932 ip:192.168.69.122
2019-07-13 19:22:36,302 INFO  util.JvmPauseMonitor (JvmPauseMonitor.java:run(188)) - Starting JVM pause monitor
2019-07-13 19:22:36,304 INFO  datanode.InitDatanodeState (InitDatanodeState.java:persistContainerDatanodeDetails(140)) - DatanodeDetails is persisted to /tmp/workdir/hadoop-ozone/integration-test/target/test-dir/MiniOzoneClusterImpl-3d6cd069-ff82-4110-982d-1189e8e75f72/datanode-0/meta/datanode.id
2019-07-13 19:22:36,311 INFO  volume.HddsVolume (HddsVolume.java:<init>(176)) - Creating Volume: /tmp/workdir/hadoop-ozone/integration-test/target/test-dir/MiniOzoneClusterImpl-3d6cd069-ff82-4110-982d-1189e8e75f72/datanode-1/data/containers/hdds of  storage type : DISK and capacity : 52710309888
2019-07-13 19:22:36,311 INFO  volume.VolumeSet (VolumeSet.java:initializeVolumeSet(170)) - Added Volume : /tmp/workdir/hadoop-ozone/integration-test/target/test-dir/MiniOzoneClusterImpl-3d6cd069-ff82-4110-982d-1189e8e75f72/datanode-1/data/containers/hdds to VolumeSet
2019-07-13 19:22:36,311 INFO  volume.ThrottledAsyncChecker (ThrottledAsyncChecker.java:schedule(140)) - Scheduling a check for org.apache.hadoop.ozone.container.common.volume.HddsVolume@2c9430c6
2019-07-13 19:22:36,312 INFO  volume.HddsVolumeChecker (HddsVolumeChecker.java:checkAllVolumes(203)) - Scheduled health check for volume org.apache.hadoop.ozone.container.common.volume.HddsVolume@2c9430c6
2019-07-13 19:22:36,325 INFO  impl.RaftServerProxy (ConfUtils.java:logGet(43)) - raft.rpc.type = GRPC (default)
2019-07-13 19:22:36,326 INFO  grpc.GrpcFactory (GrpcFactory.java:checkPooledByteBufAllocatorUseCacheForAllThreads(45)) - PERFORMANCE WARNING: useCacheForAllThreads is true that may cause Netty to create a lot garbage objects and, as a result, trigger GC.
	It is recommended to disable useCacheForAllThreads by setting -Dorg.apache.ratis.thirdparty.io.netty.allocator.useCacheForAllThreads=false in command line.
2019-07-13 19:22:36,326 INFO  grpc.GrpcConfigKeys$Server (ConfUtils.java:logGet(43)) - raft.grpc.server.port = 0 (default)
2019-07-13 19:22:36,326 INFO  server.GrpcService (ConfUtils.java:logGet(43)) - raft.grpc.message.size.max = 33570816 (custom)
2019-07-13 19:22:36,326 INFO  server.RaftServerConfigKeys (ConfUtils.java:logGet(43)) - raft.server.log.appender.buffer.byte-limit = 33554432 (custom)
2019-07-13 19:22:36,327 INFO  server.GrpcService (ConfUtils.java:logGet(43)) - raft.grpc.flow.control.window = 1MB (=1048576) (default)
2019-07-13 19:22:36,327 INFO  server.RaftServerConfigKeys (ConfUtils.java:logGet(43)) - raft.server.rpc.request.timeout = 3000ms (default)
2019-07-13 19:22:36,327 INFO  server.RaftServerConfigKeys (ConfUtils.java:logGet(43)) - raft.server.storage.dir = [/tmp/workdir/hadoop-ozone/integration-test/target/test-dir/MiniOzoneClusterImpl-3d6cd069-ff82-4110-982d-1189e8e75f72/datanode-1/data/ratis] (custom)
2019-07-13 19:22:36,328 INFO  replication.SimpleContainerDownloader (SimpleContainerDownloader.java:<init>(72)) - Starting container downloader service to copy containers to replicate.
2019-07-13 19:22:36,329 INFO  hdfs.DFSUtil (DFSUtil.java:httpServerTemplateForNNAndJN(1641)) - Starting Web-server for hddsDatanode at: http://0.0.0.0:0
2019-07-13 19:22:36,330 INFO  server.AuthenticationFilter (AuthenticationFilter.java:constructSecretProvider(240)) - Unable to initialize FileSignerSecretProvider, falling back to use random secrets.
2019-07-13 19:22:36,330 WARN  http.HttpRequestLog (HttpRequestLog.java:getRequestLog(97)) - Jetty request log can only be enabled using Log4j
2019-07-13 19:22:36,332 INFO  http.HttpServer2 (HttpServer2.java:addGlobalFilter(975)) - Added global filter 'safety' (class=org.apache.hadoop.http.HttpServer2$QuotingInputFilter)
2019-07-13 19:22:36,332 INFO  http.HttpServer2 (HttpServer2.java:addFilter(948)) - Added filter static_user_filter (class=org.apache.hadoop.http.lib.StaticUserWebFilter$StaticUserFilter) to context hddsDatanode
2019-07-13 19:22:36,332 INFO  http.HttpServer2 (HttpServer2.java:addFilter(958)) - Added filter static_user_filter (class=org.apache.hadoop.http.lib.StaticUserWebFilter$StaticUserFilter) to context static
2019-07-13 19:22:36,332 INFO  http.HttpServer2 (HttpServer2.java:addFilter(958)) - Added filter static_user_filter (class=org.apache.hadoop.http.lib.StaticUserWebFilter$StaticUserFilter) to context logs
2019-07-13 19:22:36,333 INFO  http.HttpServer2 (HttpServer2.java:bindListener(1191)) - Jetty bound to port 39457
2019-07-13 19:22:36,333 INFO  server.Server (Server.java:doStart(351)) - jetty-9.3.24.v20180605, build timestamp: 2018-06-05T17:11:56Z, git hash: 84205aa28f11a4f31f2a3b86d1bba2cc8ab69827
2019-07-13 19:22:36,334 INFO  handler.ContextHandler (ContextHandler.java:doStart(781)) - Started o.e.j.s.ServletContextHandler@53c0424a{/logs,file:///tmp/workdir/hadoop-ozone/integration-test/target/log,AVAILABLE}
2019-07-13 19:22:36,335 INFO  handler.ContextHandler (ContextHandler.java:doStart(781)) - Started o.e.j.s.ServletContextHandler@408a0e92{/static,jar:file:/home/user/.m2/repository/org/apache/hadoop/hadoop-hdds-container-service/0.5.0-SNAPSHOT/hadoop-hdds-container-service-0.5.0-SNAPSHOT.jar!/webapps/static,AVAILABLE}
2019-07-13 19:22:36,361 INFO  handler.ContextHandler (ContextHandler.java:doStart(781)) - Started o.e.j.w.WebAppContext@492e9e87{/,file:///tmp/jetty-0.0.0.0-39457-hddsDatanode-_-any-1137469234176139633.dir/webapp/,AVAILABLE}{/hddsDatanode}
2019-07-13 19:22:36,362 INFO  server.AbstractConnector (AbstractConnector.java:doStart(278)) - Started ServerConnector@7322013f{HTTP/1.1,[http/1.1]}{0.0.0.0:39457}
2019-07-13 19:22:36,362 INFO  server.Server (Server.java:doStart(419)) - Started @530481ms
2019-07-13 19:22:36,363 INFO  server.BaseHttpServer (BaseHttpServer.java:updateConnectorAddress(207)) - HTTP server of HDDSDATANODE is listening at http://0.0.0.0:39457
2019-07-13 19:22:36,492 INFO  ozone.HddsDatanodeService (HddsDatanodeService.java:startPlugins(396)) - Started plug-in org.apache.hadoop.ozone.web.OzoneHddsDatanodeService@3638120f
2019-07-13 19:22:36,492 INFO  impl.MetricsSystemImpl (MetricsSystemImpl.java:init(158)) - HddsDatanode metrics system started (again)
2019-07-13 19:22:36,495 INFO  ozone.HddsDatanodeService (HddsDatanodeService.java:start(185)) - HddsDatanodeService host:trunk-nightly-fxqsz-774976932 ip:192.168.69.122
2019-07-13 19:22:36,496 INFO  util.JvmPauseMonitor (JvmPauseMonitor.java:run(188)) - Starting JVM pause monitor
2019-07-13 19:22:36,498 INFO  datanode.InitDatanodeState (InitDatanodeState.java:persistContainerDatanodeDetails(140)) - DatanodeDetails is persisted to /tmp/workdir/hadoop-ozone/integration-test/target/test-dir/MiniOzoneClusterImpl-3d6cd069-ff82-4110-982d-1189e8e75f72/datanode-1/meta/datanode.id
2019-07-13 19:22:36,507 INFO  volume.HddsVolume (HddsVolume.java:<init>(176)) - Creating Volume: /tmp/workdir/hadoop-ozone/integration-test/target/test-dir/MiniOzoneClusterImpl-3d6cd069-ff82-4110-982d-1189e8e75f72/datanode-2/data/containers/hdds of  storage type : DISK and capacity : 52710309888
2019-07-13 19:22:36,507 INFO  volume.VolumeSet (VolumeSet.java:initializeVolumeSet(170)) - Added Volume : /tmp/workdir/hadoop-ozone/integration-test/target/test-dir/MiniOzoneClusterImpl-3d6cd069-ff82-4110-982d-1189e8e75f72/datanode-2/data/containers/hdds to VolumeSet
2019-07-13 19:22:36,507 INFO  volume.ThrottledAsyncChecker (ThrottledAsyncChecker.java:schedule(140)) - Scheduling a check for org.apache.hadoop.ozone.container.common.volume.HddsVolume@47a72c32
2019-07-13 19:22:36,508 INFO  volume.HddsVolumeChecker (HddsVolumeChecker.java:checkAllVolumes(203)) - Scheduled health check for volume org.apache.hadoop.ozone.container.common.volume.HddsVolume@47a72c32
2019-07-13 19:22:36,526 INFO  impl.RaftServerProxy (ConfUtils.java:logGet(43)) - raft.rpc.type = GRPC (default)
2019-07-13 19:22:36,527 INFO  grpc.GrpcFactory (GrpcFactory.java:checkPooledByteBufAllocatorUseCacheForAllThreads(45)) - PERFORMANCE WARNING: useCacheForAllThreads is true that may cause Netty to create a lot garbage objects and, as a result, trigger GC.
	It is recommended to disable useCacheForAllThreads by setting -Dorg.apache.ratis.thirdparty.io.netty.allocator.useCacheForAllThreads=false in command line.
2019-07-13 19:22:36,527 INFO  grpc.GrpcConfigKeys$Server (ConfUtils.java:logGet(43)) - raft.grpc.server.port = 0 (default)
2019-07-13 19:22:36,527 INFO  server.GrpcService (ConfUtils.java:logGet(43)) - raft.grpc.message.size.max = 33570816 (custom)
2019-07-13 19:22:36,527 INFO  server.RaftServerConfigKeys (ConfUtils.java:logGet(43)) - raft.server.log.appender.buffer.byte-limit = 33554432 (custom)
2019-07-13 19:22:36,528 INFO  server.GrpcService (ConfUtils.java:logGet(43)) - raft.grpc.flow.control.window = 1MB (=1048576) (default)
2019-07-13 19:22:36,528 INFO  server.RaftServerConfigKeys (ConfUtils.java:logGet(43)) - raft.server.rpc.request.timeout = 3000ms (default)
2019-07-13 19:22:36,528 INFO  server.RaftServerConfigKeys (ConfUtils.java:logGet(43)) - raft.server.storage.dir = [/tmp/workdir/hadoop-ozone/integration-test/target/test-dir/MiniOzoneClusterImpl-3d6cd069-ff82-4110-982d-1189e8e75f72/datanode-2/data/ratis] (custom)
2019-07-13 19:22:36,529 INFO  replication.SimpleContainerDownloader (SimpleContainerDownloader.java:<init>(72)) - Starting container downloader service to copy containers to replicate.
2019-07-13 19:22:36,530 INFO  hdfs.DFSUtil (DFSUtil.java:httpServerTemplateForNNAndJN(1641)) - Starting Web-server for hddsDatanode at: http://0.0.0.0:0
2019-07-13 19:22:36,532 INFO  server.AuthenticationFilter (AuthenticationFilter.java:constructSecretProvider(240)) - Unable to initialize FileSignerSecretProvider, falling back to use random secrets.
2019-07-13 19:22:36,533 WARN  http.HttpRequestLog (HttpRequestLog.java:getRequestLog(97)) - Jetty request log can only be enabled using Log4j
2019-07-13 19:22:36,535 INFO  http.HttpServer2 (HttpServer2.java:addGlobalFilter(975)) - Added global filter 'safety' (class=org.apache.hadoop.http.HttpServer2$QuotingInputFilter)
2019-07-13 19:22:36,536 INFO  http.HttpServer2 (HttpServer2.java:addFilter(948)) - Added filter static_user_filter (class=org.apache.hadoop.http.lib.StaticUserWebFilter$StaticUserFilter) to context hddsDatanode
2019-07-13 19:22:36,536 INFO  http.HttpServer2 (HttpServer2.java:addFilter(958)) - Added filter static_user_filter (class=org.apache.hadoop.http.lib.StaticUserWebFilter$StaticUserFilter) to context static
2019-07-13 19:22:36,537 INFO  http.HttpServer2 (HttpServer2.java:addFilter(958)) - Added filter static_user_filter (class=org.apache.hadoop.http.lib.StaticUserWebFilter$StaticUserFilter) to context logs
2019-07-13 19:22:36,538 INFO  http.HttpServer2 (HttpServer2.java:bindListener(1191)) - Jetty bound to port 36472
2019-07-13 19:22:36,538 INFO  server.Server (Server.java:doStart(351)) - jetty-9.3.24.v20180605, build timestamp: 2018-06-05T17:11:56Z, git hash: 84205aa28f11a4f31f2a3b86d1bba2cc8ab69827
2019-07-13 19:22:36,541 INFO  handler.ContextHandler (ContextHandler.java:doStart(781)) - Started o.e.j.s.ServletContextHandler@7271320c{/logs,file:///tmp/workdir/hadoop-ozone/integration-test/target/log,AVAILABLE}
2019-07-13 19:22:36,542 INFO  handler.ContextHandler (ContextHandler.java:doStart(781)) - Started o.e.j.s.ServletContextHandler@36299b83{/static,jar:file:/home/user/.m2/repository/org/apache/hadoop/hadoop-hdds-container-service/0.5.0-SNAPSHOT/hadoop-hdds-container-service-0.5.0-SNAPSHOT.jar!/webapps/static,AVAILABLE}
2019-07-13 19:22:36,585 INFO  handler.ContextHandler (ContextHandler.java:doStart(781)) - Started o.e.j.w.WebAppContext@2e1b1d22{/,file:///tmp/jetty-0.0.0.0-36472-hddsDatanode-_-any-673595787509495453.dir/webapp/,AVAILABLE}{/hddsDatanode}
2019-07-13 19:22:36,585 INFO  server.AbstractConnector (AbstractConnector.java:doStart(278)) - Started ServerConnector@653c0c9c{HTTP/1.1,[http/1.1]}{0.0.0.0:36472}
2019-07-13 19:22:36,586 INFO  server.Server (Server.java:doStart(419)) - Started @530705ms
2019-07-13 19:22:36,587 INFO  server.BaseHttpServer (BaseHttpServer.java:updateConnectorAddress(207)) - HTTP server of HDDSDATANODE is listening at http://0.0.0.0:36472
2019-07-13 19:22:36,729 INFO  ozone.HddsDatanodeService (HddsDatanodeService.java:startPlugins(396)) - Started plug-in org.apache.hadoop.ozone.web.OzoneHddsDatanodeService@5a0b925a
2019-07-13 19:22:36,730 INFO  impl.MetricsSystemImpl (MetricsSystemImpl.java:init(158)) - HddsDatanode metrics system started (again)
2019-07-13 19:22:36,732 INFO  ozone.HddsDatanodeService (HddsDatanodeService.java:start(185)) - HddsDatanodeService host:trunk-nightly-fxqsz-774976932 ip:192.168.69.122
2019-07-13 19:22:36,734 INFO  util.JvmPauseMonitor (JvmPauseMonitor.java:run(188)) - Starting JVM pause monitor
2019-07-13 19:22:36,737 INFO  datanode.InitDatanodeState (InitDatanodeState.java:persistContainerDatanodeDetails(140)) - DatanodeDetails is persisted to /tmp/workdir/hadoop-ozone/integration-test/target/test-dir/MiniOzoneClusterImpl-3d6cd069-ff82-4110-982d-1189e8e75f72/datanode-2/meta/datanode.id
2019-07-13 19:22:36,745 INFO  volume.HddsVolume (HddsVolume.java:<init>(176)) - Creating Volume: /tmp/workdir/hadoop-ozone/integration-test/target/test-dir/MiniOzoneClusterImpl-3d6cd069-ff82-4110-982d-1189e8e75f72/datanode-3/data/containers/hdds of  storage type : DISK and capacity : 52710309888
2019-07-13 19:22:36,745 INFO  volume.VolumeSet (VolumeSet.java:initializeVolumeSet(170)) - Added Volume : /tmp/workdir/hadoop-ozone/integration-test/target/test-dir/MiniOzoneClusterImpl-3d6cd069-ff82-4110-982d-1189e8e75f72/datanode-3/data/containers/hdds to VolumeSet
2019-07-13 19:22:36,745 INFO  volume.ThrottledAsyncChecker (ThrottledAsyncChecker.java:schedule(140)) - Scheduling a check for org.apache.hadoop.ozone.container.common.volume.HddsVolume@719e8f9f
2019-07-13 19:22:36,746 INFO  volume.HddsVolumeChecker (HddsVolumeChecker.java:checkAllVolumes(203)) - Scheduled health check for volume org.apache.hadoop.ozone.container.common.volume.HddsVolume@719e8f9f
2019-07-13 19:22:36,762 INFO  impl.RaftServerProxy (ConfUtils.java:logGet(43)) - raft.rpc.type = GRPC (default)
2019-07-13 19:22:36,762 INFO  grpc.GrpcFactory (GrpcFactory.java:checkPooledByteBufAllocatorUseCacheForAllThreads(45)) - PERFORMANCE WARNING: useCacheForAllThreads is true that may cause Netty to create a lot garbage objects and, as a result, trigger GC.
	It is recommended to disable useCacheForAllThreads by setting -Dorg.apache.ratis.thirdparty.io.netty.allocator.useCacheForAllThreads=false in command line.
2019-07-13 19:22:36,763 INFO  grpc.GrpcConfigKeys$Server (ConfUtils.java:logGet(43)) - raft.grpc.server.port = 0 (default)
2019-07-13 19:22:36,763 INFO  server.GrpcService (ConfUtils.java:logGet(43)) - raft.grpc.message.size.max = 33570816 (custom)
2019-07-13 19:22:36,763 INFO  server.RaftServerConfigKeys (ConfUtils.java:logGet(43)) - raft.server.log.appender.buffer.byte-limit = 33554432 (custom)
2019-07-13 19:22:36,763 INFO  server.GrpcService (ConfUtils.java:logGet(43)) - raft.grpc.flow.control.window = 1MB (=1048576) (default)
2019-07-13 19:22:36,764 INFO  server.RaftServerConfigKeys (ConfUtils.java:logGet(43)) - raft.server.rpc.request.timeout = 3000ms (default)
2019-07-13 19:22:36,764 INFO  server.RaftServerConfigKeys (ConfUtils.java:logGet(43)) - raft.server.storage.dir = [/tmp/workdir/hadoop-ozone/integration-test/target/test-dir/MiniOzoneClusterImpl-3d6cd069-ff82-4110-982d-1189e8e75f72/datanode-3/data/ratis] (custom)
2019-07-13 19:22:36,765 INFO  replication.SimpleContainerDownloader (SimpleContainerDownloader.java:<init>(72)) - Starting container downloader service to copy containers to replicate.
2019-07-13 19:22:36,766 INFO  hdfs.DFSUtil (DFSUtil.java:httpServerTemplateForNNAndJN(1641)) - Starting Web-server for hddsDatanode at: http://0.0.0.0:0
2019-07-13 19:22:36,768 INFO  server.AuthenticationFilter (AuthenticationFilter.java:constructSecretProvider(240)) - Unable to initialize FileSignerSecretProvider, falling back to use random secrets.
2019-07-13 19:22:36,769 WARN  http.HttpRequestLog (HttpRequestLog.java:getRequestLog(97)) - Jetty request log can only be enabled using Log4j
2019-07-13 19:22:36,771 INFO  http.HttpServer2 (HttpServer2.java:addGlobalFilter(975)) - Added global filter 'safety' (class=org.apache.hadoop.http.HttpServer2$QuotingInputFilter)
2019-07-13 19:22:36,771 INFO  http.HttpServer2 (HttpServer2.java:addFilter(948)) - Added filter static_user_filter (class=org.apache.hadoop.http.lib.StaticUserWebFilter$StaticUserFilter) to context hddsDatanode
2019-07-13 19:22:36,772 INFO  http.HttpServer2 (HttpServer2.java:addFilter(958)) - Added filter static_user_filter (class=org.apache.hadoop.http.lib.StaticUserWebFilter$StaticUserFilter) to context static
2019-07-13 19:22:36,772 INFO  http.HttpServer2 (HttpServer2.java:addFilter(958)) - Added filter static_user_filter (class=org.apache.hadoop.http.lib.StaticUserWebFilter$StaticUserFilter) to context logs
2019-07-13 19:22:36,773 INFO  http.HttpServer2 (HttpServer2.java:bindListener(1191)) - Jetty bound to port 32833
2019-07-13 19:22:36,773 INFO  server.Server (Server.java:doStart(351)) - jetty-9.3.24.v20180605, build timestamp: 2018-06-05T17:11:56Z, git hash: 84205aa28f11a4f31f2a3b86d1bba2cc8ab69827
2019-07-13 19:22:36,776 INFO  handler.ContextHandler (ContextHandler.java:doStart(781)) - Started o.e.j.s.ServletContextHandler@63b85d97{/logs,file:///tmp/workdir/hadoop-ozone/integration-test/target/log,AVAILABLE}
2019-07-13 19:22:36,776 INFO  handler.ContextHandler (ContextHandler.java:doStart(781)) - Started o.e.j.s.ServletContextHandler@7d583602{/static,jar:file:/home/user/.m2/repository/org/apache/hadoop/hadoop-hdds-container-service/0.5.0-SNAPSHOT/hadoop-hdds-container-service-0.5.0-SNAPSHOT.jar!/webapps/static,AVAILABLE}
2019-07-13 19:22:36,822 INFO  handler.ContextHandler (ContextHandler.java:doStart(781)) - Started o.e.j.w.WebAppContext@3678f32e{/,file:///tmp/jetty-0.0.0.0-32833-hddsDatanode-_-any-8403686669804152321.dir/webapp/,AVAILABLE}{/hddsDatanode}
2019-07-13 19:22:36,822 INFO  server.AbstractConnector (AbstractConnector.java:doStart(278)) - Started ServerConnector@678c0310{HTTP/1.1,[http/1.1]}{0.0.0.0:32833}
2019-07-13 19:22:36,824 INFO  server.Server (Server.java:doStart(419)) - Started @530943ms
2019-07-13 19:22:36,825 INFO  server.BaseHttpServer (BaseHttpServer.java:updateConnectorAddress(207)) - HTTP server of HDDSDATANODE is listening at http://0.0.0.0:32833
2019-07-13 19:22:36,935 INFO  ozone.HddsDatanodeService (HddsDatanodeService.java:startPlugins(396)) - Started plug-in org.apache.hadoop.ozone.web.OzoneHddsDatanodeService@4f5d587c
2019-07-13 19:22:36,935 INFO  impl.MetricsSystemImpl (MetricsSystemImpl.java:init(158)) - HddsDatanode metrics system started (again)
2019-07-13 19:22:36,937 INFO  ozone.HddsDatanodeService (HddsDatanodeService.java:start(185)) - HddsDatanodeService host:trunk-nightly-fxqsz-774976932 ip:192.168.69.122
2019-07-13 19:22:36,939 INFO  util.JvmPauseMonitor (JvmPauseMonitor.java:run(188)) - Starting JVM pause monitor
2019-07-13 19:22:36,940 INFO  datanode.InitDatanodeState (InitDatanodeState.java:persistContainerDatanodeDetails(140)) - DatanodeDetails is persisted to /tmp/workdir/hadoop-ozone/integration-test/target/test-dir/MiniOzoneClusterImpl-3d6cd069-ff82-4110-982d-1189e8e75f72/datanode-3/meta/datanode.id
2019-07-13 19:22:36,949 INFO  volume.HddsVolume (HddsVolume.java:<init>(176)) - Creating Volume: /tmp/workdir/hadoop-ozone/integration-test/target/test-dir/MiniOzoneClusterImpl-3d6cd069-ff82-4110-982d-1189e8e75f72/datanode-4/data/containers/hdds of  storage type : DISK and capacity : 52710309888
2019-07-13 19:22:36,949 INFO  volume.VolumeSet (VolumeSet.java:initializeVolumeSet(170)) - Added Volume : /tmp/workdir/hadoop-ozone/integration-test/target/test-dir/MiniOzoneClusterImpl-3d6cd069-ff82-4110-982d-1189e8e75f72/datanode-4/data/containers/hdds to VolumeSet
2019-07-13 19:22:36,949 INFO  volume.ThrottledAsyncChecker (ThrottledAsyncChecker.java:schedule(140)) - Scheduling a check for org.apache.hadoop.ozone.container.common.volume.HddsVolume@4d2bcca8
2019-07-13 19:22:36,950 INFO  volume.HddsVolumeChecker (HddsVolumeChecker.java:checkAllVolumes(203)) - Scheduled health check for volume org.apache.hadoop.ozone.container.common.volume.HddsVolume@4d2bcca8
2019-07-13 19:22:36,962 INFO  impl.RaftServerProxy (ConfUtils.java:logGet(43)) - raft.rpc.type = GRPC (default)
2019-07-13 19:22:36,962 INFO  grpc.GrpcFactory (GrpcFactory.java:checkPooledByteBufAllocatorUseCacheForAllThreads(45)) - PERFORMANCE WARNING: useCacheForAllThreads is true that may cause Netty to create a lot garbage objects and, as a result, trigger GC.
	It is recommended to disable useCacheForAllThreads by setting -Dorg.apache.ratis.thirdparty.io.netty.allocator.useCacheForAllThreads=false in command line.
2019-07-13 19:22:36,963 INFO  grpc.GrpcConfigKeys$Server (ConfUtils.java:logGet(43)) - raft.grpc.server.port = 0 (default)
2019-07-13 19:22:36,963 INFO  server.GrpcService (ConfUtils.java:logGet(43)) - raft.grpc.message.size.max = 33570816 (custom)
2019-07-13 19:22:36,963 INFO  server.RaftServerConfigKeys (ConfUtils.java:logGet(43)) - raft.server.log.appender.buffer.byte-limit = 33554432 (custom)
2019-07-13 19:22:36,963 INFO  server.GrpcService (ConfUtils.java:logGet(43)) - raft.grpc.flow.control.window = 1MB (=1048576) (default)
2019-07-13 19:22:36,963 INFO  server.RaftServerConfigKeys (ConfUtils.java:logGet(43)) - raft.server.rpc.request.timeout = 3000ms (default)
2019-07-13 19:22:36,964 INFO  server.RaftServerConfigKeys (ConfUtils.java:logGet(43)) - raft.server.storage.dir = [/tmp/workdir/hadoop-ozone/integration-test/target/test-dir/MiniOzoneClusterImpl-3d6cd069-ff82-4110-982d-1189e8e75f72/datanode-4/data/ratis] (custom)
2019-07-13 19:22:36,964 INFO  replication.SimpleContainerDownloader (SimpleContainerDownloader.java:<init>(72)) - Starting container downloader service to copy containers to replicate.
2019-07-13 19:22:36,965 INFO  hdfs.DFSUtil (DFSUtil.java:httpServerTemplateForNNAndJN(1641)) - Starting Web-server for hddsDatanode at: http://0.0.0.0:0
2019-07-13 19:22:36,966 INFO  server.AuthenticationFilter (AuthenticationFilter.java:constructSecretProvider(240)) - Unable to initialize FileSignerSecretProvider, falling back to use random secrets.
2019-07-13 19:22:36,966 WARN  http.HttpRequestLog (HttpRequestLog.java:getRequestLog(97)) - Jetty request log can only be enabled using Log4j
2019-07-13 19:22:36,967 INFO  http.HttpServer2 (HttpServer2.java:addGlobalFilter(975)) - Added global filter 'safety' (class=org.apache.hadoop.http.HttpServer2$QuotingInputFilter)
2019-07-13 19:22:36,968 INFO  http.HttpServer2 (HttpServer2.java:addFilter(948)) - Added filter static_user_filter (class=org.apache.hadoop.http.lib.StaticUserWebFilter$StaticUserFilter) to context hddsDatanode
2019-07-13 19:22:36,968 INFO  http.HttpServer2 (HttpServer2.java:addFilter(958)) - Added filter static_user_filter (class=org.apache.hadoop.http.lib.StaticUserWebFilter$StaticUserFilter) to context static
2019-07-13 19:22:36,968 INFO  http.HttpServer2 (HttpServer2.java:addFilter(958)) - Added filter static_user_filter (class=org.apache.hadoop.http.lib.StaticUserWebFilter$StaticUserFilter) to context logs
2019-07-13 19:22:36,969 INFO  http.HttpServer2 (HttpServer2.java:bindListener(1191)) - Jetty bound to port 32810
2019-07-13 19:22:36,969 INFO  server.Server (Server.java:doStart(351)) - jetty-9.3.24.v20180605, build timestamp: 2018-06-05T17:11:56Z, git hash: 84205aa28f11a4f31f2a3b86d1bba2cc8ab69827
2019-07-13 19:22:36,970 INFO  handler.ContextHandler (ContextHandler.java:doStart(781)) - Started o.e.j.s.ServletContextHandler@7a8d6eb3{/logs,file:///tmp/workdir/hadoop-ozone/integration-test/target/log,AVAILABLE}
2019-07-13 19:22:36,971 INFO  handler.ContextHandler (ContextHandler.java:doStart(781)) - Started o.e.j.s.ServletContextHandler@cc4a0dd{/static,jar:file:/home/user/.m2/repository/org/apache/hadoop/hadoop-hdds-container-service/0.5.0-SNAPSHOT/hadoop-hdds-container-service-0.5.0-SNAPSHOT.jar!/webapps/static,AVAILABLE}
2019-07-13 19:22:36,997 INFO  handler.ContextHandler (ContextHandler.java:doStart(781)) - Started o.e.j.w.WebAppContext@56511eda{/,file:///tmp/jetty-0.0.0.0-32810-hddsDatanode-_-any-8074897496579497477.dir/webapp/,AVAILABLE}{/hddsDatanode}
2019-07-13 19:22:36,997 INFO  server.AbstractConnector (AbstractConnector.java:doStart(278)) - Started ServerConnector@303a484e{HTTP/1.1,[http/1.1]}{0.0.0.0:32810}
2019-07-13 19:22:36,997 INFO  server.Server (Server.java:doStart(419)) - Started @531116ms
2019-07-13 19:22:36,999 INFO  server.BaseHttpServer (BaseHttpServer.java:updateConnectorAddress(207)) - HTTP server of HDDSDATANODE is listening at http://0.0.0.0:32810
2019-07-13 19:22:37,241 INFO  ozone.HddsDatanodeService (HddsDatanodeService.java:startPlugins(396)) - Started plug-in org.apache.hadoop.ozone.web.OzoneHddsDatanodeService@23c24c0e
2019-07-13 19:22:37,241 INFO  impl.MetricsSystemImpl (MetricsSystemImpl.java:init(158)) - HddsDatanode metrics system started (again)
2019-07-13 19:22:37,244 INFO  ozone.HddsDatanodeService (HddsDatanodeService.java:start(185)) - HddsDatanodeService host:trunk-nightly-fxqsz-774976932 ip:192.168.69.122
2019-07-13 19:22:37,245 INFO  util.JvmPauseMonitor (JvmPauseMonitor.java:run(188)) - Starting JVM pause monitor
2019-07-13 19:22:37,247 INFO  datanode.InitDatanodeState (InitDatanodeState.java:persistContainerDatanodeDetails(140)) - DatanodeDetails is persisted to /tmp/workdir/hadoop-ozone/integration-test/target/test-dir/MiniOzoneClusterImpl-3d6cd069-ff82-4110-982d-1189e8e75f72/datanode-4/meta/datanode.id
2019-07-13 19:22:37,257 INFO  volume.HddsVolume (HddsVolume.java:<init>(176)) - Creating Volume: /tmp/workdir/hadoop-ozone/integration-test/target/test-dir/MiniOzoneClusterImpl-3d6cd069-ff82-4110-982d-1189e8e75f72/datanode-5/data/containers/hdds of  storage type : DISK and capacity : 52710309888
2019-07-13 19:22:37,257 INFO  volume.VolumeSet (VolumeSet.java:initializeVolumeSet(170)) - Added Volume : /tmp/workdir/hadoop-ozone/integration-test/target/test-dir/MiniOzoneClusterImpl-3d6cd069-ff82-4110-982d-1189e8e75f72/datanode-5/data/containers/hdds to VolumeSet
2019-07-13 19:22:37,258 INFO  volume.ThrottledAsyncChecker (ThrottledAsyncChecker.java:schedule(140)) - Scheduling a check for org.apache.hadoop.ozone.container.common.volume.HddsVolume@64ee9290
2019-07-13 19:22:37,258 INFO  volume.HddsVolumeChecker (HddsVolumeChecker.java:checkAllVolumes(203)) - Scheduled health check for volume org.apache.hadoop.ozone.container.common.volume.HddsVolume@64ee9290
2019-07-13 19:22:37,275 INFO  impl.RaftServerProxy (ConfUtils.java:logGet(43)) - raft.rpc.type = GRPC (default)
2019-07-13 19:22:37,275 INFO  grpc.GrpcFactory (GrpcFactory.java:checkPooledByteBufAllocatorUseCacheForAllThreads(45)) - PERFORMANCE WARNING: useCacheForAllThreads is true that may cause Netty to create a lot garbage objects and, as a result, trigger GC.
	It is recommended to disable useCacheForAllThreads by setting -Dorg.apache.ratis.thirdparty.io.netty.allocator.useCacheForAllThreads=false in command line.
2019-07-13 19:22:37,275 INFO  grpc.GrpcConfigKeys$Server (ConfUtils.java:logGet(43)) - raft.grpc.server.port = 0 (default)
2019-07-13 19:22:37,275 INFO  server.GrpcService (ConfUtils.java:logGet(43)) - raft.grpc.message.size.max = 33570816 (custom)
2019-07-13 19:22:37,276 INFO  server.RaftServerConfigKeys (ConfUtils.java:logGet(43)) - raft.server.log.appender.buffer.byte-limit = 33554432 (custom)
2019-07-13 19:22:37,276 INFO  server.GrpcService (ConfUtils.java:logGet(43)) - raft.grpc.flow.control.window = 1MB (=1048576) (default)
2019-07-13 19:22:37,276 INFO  server.RaftServerConfigKeys (ConfUtils.java:logGet(43)) - raft.server.rpc.request.timeout = 3000ms (default)
2019-07-13 19:22:37,277 INFO  server.RaftServerConfigKeys (ConfUtils.java:logGet(43)) - raft.server.storage.dir = [/tmp/workdir/hadoop-ozone/integration-test/target/test-dir/MiniOzoneClusterImpl-3d6cd069-ff82-4110-982d-1189e8e75f72/datanode-5/data/ratis] (custom)
2019-07-13 19:22:37,277 INFO  replication.SimpleContainerDownloader (SimpleContainerDownloader.java:<init>(72)) - Starting container downloader service to copy containers to replicate.
2019-07-13 19:22:37,278 INFO  hdfs.DFSUtil (DFSUtil.java:httpServerTemplateForNNAndJN(1641)) - Starting Web-server for hddsDatanode at: http://0.0.0.0:0
2019-07-13 19:22:37,280 INFO  server.AuthenticationFilter (AuthenticationFilter.java:constructSecretProvider(240)) - Unable to initialize FileSignerSecretProvider, falling back to use random secrets.
2019-07-13 19:22:37,280 WARN  http.HttpRequestLog (HttpRequestLog.java:getRequestLog(97)) - Jetty request log can only be enabled using Log4j
2019-07-13 19:22:37,281 INFO  http.HttpServer2 (HttpServer2.java:addGlobalFilter(975)) - Added global filter 'safety' (class=org.apache.hadoop.http.HttpServer2$QuotingInputFilter)
2019-07-13 19:22:37,282 INFO  http.HttpServer2 (HttpServer2.java:addFilter(948)) - Added filter static_user_filter (class=org.apache.hadoop.http.lib.StaticUserWebFilter$StaticUserFilter) to context hddsDatanode
2019-07-13 19:22:37,282 INFO  http.HttpServer2 (HttpServer2.java:addFilter(958)) - Added filter static_user_filter (class=org.apache.hadoop.http.lib.StaticUserWebFilter$StaticUserFilter) to context static
2019-07-13 19:22:37,282 INFO  http.HttpServer2 (HttpServer2.java:addFilter(958)) - Added filter static_user_filter (class=org.apache.hadoop.http.lib.StaticUserWebFilter$StaticUserFilter) to context logs
2019-07-13 19:22:37,283 INFO  http.HttpServer2 (HttpServer2.java:bindListener(1191)) - Jetty bound to port 33310
2019-07-13 19:22:37,283 INFO  server.Server (Server.java:doStart(351)) - jetty-9.3.24.v20180605, build timestamp: 2018-06-05T17:11:56Z, git hash: 84205aa28f11a4f31f2a3b86d1bba2cc8ab69827
2019-07-13 19:22:37,285 INFO  handler.ContextHandler (ContextHandler.java:doStart(781)) - Started o.e.j.s.ServletContextHandler@27f6854b{/logs,file:///tmp/workdir/hadoop-ozone/integration-test/target/log,AVAILABLE}
2019-07-13 19:22:37,286 INFO  handler.ContextHandler (ContextHandler.java:doStart(781)) - Started o.e.j.s.ServletContextHandler@65145fb7{/static,jar:file:/home/user/.m2/repository/org/apache/hadoop/hadoop-hdds-container-service/0.5.0-SNAPSHOT/hadoop-hdds-container-service-0.5.0-SNAPSHOT.jar!/webapps/static,AVAILABLE}
2019-07-13 19:22:37,318 INFO  handler.ContextHandler (ContextHandler.java:doStart(781)) - Started o.e.j.w.WebAppContext@8c54f48{/,file:///tmp/jetty-0.0.0.0-33310-hddsDatanode-_-any-7886346872514006335.dir/webapp/,AVAILABLE}{/hddsDatanode}
2019-07-13 19:22:37,318 INFO  server.AbstractConnector (AbstractConnector.java:doStart(278)) - Started ServerConnector@119f02d2{HTTP/1.1,[http/1.1]}{0.0.0.0:33310}
2019-07-13 19:22:37,320 INFO  server.Server (Server.java:doStart(419)) - Started @531437ms
2019-07-13 19:22:37,320 INFO  server.BaseHttpServer (BaseHttpServer.java:updateConnectorAddress(207)) - HTTP server of HDDSDATANODE is listening at http://0.0.0.0:33310
2019-07-13 19:22:37,418 INFO  ozone.HddsDatanodeService (HddsDatanodeService.java:startPlugins(396)) - Started plug-in org.apache.hadoop.ozone.web.OzoneHddsDatanodeService@7e3b101b
2019-07-13 19:22:37,419 INFO  impl.MetricsSystemImpl (MetricsSystemImpl.java:init(158)) - HddsDatanode metrics system started (again)
2019-07-13 19:22:37,421 INFO  ozone.HddsDatanodeService (HddsDatanodeService.java:start(185)) - HddsDatanodeService host:trunk-nightly-fxqsz-774976932 ip:192.168.69.122
2019-07-13 19:22:37,423 INFO  util.JvmPauseMonitor (JvmPauseMonitor.java:run(188)) - Starting JVM pause monitor
2019-07-13 19:22:37,424 INFO  datanode.InitDatanodeState (InitDatanodeState.java:persistContainerDatanodeDetails(140)) - DatanodeDetails is persisted to /tmp/workdir/hadoop-ozone/integration-test/target/test-dir/MiniOzoneClusterImpl-3d6cd069-ff82-4110-982d-1189e8e75f72/datanode-5/meta/datanode.id
2019-07-13 19:22:37,433 INFO  volume.HddsVolume (HddsVolume.java:<init>(176)) - Creating Volume: /tmp/workdir/hadoop-ozone/integration-test/target/test-dir/MiniOzoneClusterImpl-3d6cd069-ff82-4110-982d-1189e8e75f72/datanode-6/data/containers/hdds of  storage type : DISK and capacity : 52710309888
2019-07-13 19:22:37,434 INFO  volume.VolumeSet (VolumeSet.java:initializeVolumeSet(170)) - Added Volume : /tmp/workdir/hadoop-ozone/integration-test/target/test-dir/MiniOzoneClusterImpl-3d6cd069-ff82-4110-982d-1189e8e75f72/datanode-6/data/containers/hdds to VolumeSet
2019-07-13 19:22:37,434 INFO  volume.ThrottledAsyncChecker (ThrottledAsyncChecker.java:schedule(140)) - Scheduling a check for org.apache.hadoop.ozone.container.common.volume.HddsVolume@7442be61
2019-07-13 19:22:37,434 INFO  volume.HddsVolumeChecker (HddsVolumeChecker.java:checkAllVolumes(203)) - Scheduled health check for volume org.apache.hadoop.ozone.container.common.volume.HddsVolume@7442be61
2019-07-13 19:22:37,454 INFO  impl.RaftServerProxy (ConfUtils.java:logGet(43)) - raft.rpc.type = GRPC (default)
2019-07-13 19:22:37,454 INFO  grpc.GrpcFactory (GrpcFactory.java:checkPooledByteBufAllocatorUseCacheForAllThreads(45)) - PERFORMANCE WARNING: useCacheForAllThreads is true that may cause Netty to create a lot garbage objects and, as a result, trigger GC.
	It is recommended to disable useCacheForAllThreads by setting -Dorg.apache.ratis.thirdparty.io.netty.allocator.useCacheForAllThreads=false in command line.
2019-07-13 19:22:37,454 INFO  grpc.GrpcConfigKeys$Server (ConfUtils.java:logGet(43)) - raft.grpc.server.port = 0 (default)
2019-07-13 19:22:37,455 INFO  server.GrpcService (ConfUtils.java:logGet(43)) - raft.grpc.message.size.max = 33570816 (custom)
2019-07-13 19:22:37,455 INFO  server.RaftServerConfigKeys (ConfUtils.java:logGet(43)) - raft.server.log.appender.buffer.byte-limit = 33554432 (custom)
2019-07-13 19:22:37,455 INFO  server.GrpcService (ConfUtils.java:logGet(43)) - raft.grpc.flow.control.window = 1MB (=1048576) (default)
2019-07-13 19:22:37,455 INFO  server.RaftServerConfigKeys (ConfUtils.java:logGet(43)) - raft.server.rpc.request.timeout = 3000ms (default)
2019-07-13 19:22:37,456 INFO  server.RaftServerConfigKeys (ConfUtils.java:logGet(43)) - raft.server.storage.dir = [/tmp/workdir/hadoop-ozone/integration-test/target/test-dir/MiniOzoneClusterImpl-3d6cd069-ff82-4110-982d-1189e8e75f72/datanode-6/data/ratis] (custom)
2019-07-13 19:22:37,456 INFO  replication.SimpleContainerDownloader (SimpleContainerDownloader.java:<init>(72)) - Starting container downloader service to copy containers to replicate.
2019-07-13 19:22:37,457 INFO  hdfs.DFSUtil (DFSUtil.java:httpServerTemplateForNNAndJN(1641)) - Starting Web-server for hddsDatanode at: http://0.0.0.0:0
2019-07-13 19:22:37,458 INFO  server.AuthenticationFilter (AuthenticationFilter.java:constructSecretProvider(240)) - Unable to initialize FileSignerSecretProvider, falling back to use random secrets.
2019-07-13 19:22:37,458 WARN  http.HttpRequestLog (HttpRequestLog.java:getRequestLog(97)) - Jetty request log can only be enabled using Log4j
2019-07-13 19:22:37,459 INFO  http.HttpServer2 (HttpServer2.java:addGlobalFilter(975)) - Added global filter 'safety' (class=org.apache.hadoop.http.HttpServer2$QuotingInputFilter)
2019-07-13 19:22:37,460 INFO  http.HttpServer2 (HttpServer2.java:addFilter(948)) - Added filter static_user_filter (class=org.apache.hadoop.http.lib.StaticUserWebFilter$StaticUserFilter) to context hddsDatanode
2019-07-13 19:22:37,460 INFO  http.HttpServer2 (HttpServer2.java:addFilter(958)) - Added filter static_user_filter (class=org.apache.hadoop.http.lib.StaticUserWebFilter$StaticUserFilter) to context logs
2019-07-13 19:22:37,460 INFO  http.HttpServer2 (HttpServer2.java:addFilter(958)) - Added filter static_user_filter (class=org.apache.hadoop.http.lib.StaticUserWebFilter$StaticUserFilter) to context static
2019-07-13 19:22:37,461 INFO  http.HttpServer2 (HttpServer2.java:bindListener(1191)) - Jetty bound to port 46435
2019-07-13 19:22:37,461 INFO  server.Server (Server.java:doStart(351)) - jetty-9.3.24.v20180605, build timestamp: 2018-06-05T17:11:56Z, git hash: 84205aa28f11a4f31f2a3b86d1bba2cc8ab69827
2019-07-13 19:22:37,462 INFO  handler.ContextHandler (ContextHandler.java:doStart(781)) - Started o.e.j.s.ServletContextHandler@381ed137{/logs,file:///tmp/workdir/hadoop-ozone/integration-test/target/log,AVAILABLE}
2019-07-13 19:22:37,463 INFO  handler.ContextHandler (ContextHandler.java:doStart(781)) - Started o.e.j.s.ServletContextHandler@1912ba29{/static,jar:file:/home/user/.m2/repository/org/apache/hadoop/hadoop-hdds-container-service/0.5.0-SNAPSHOT/hadoop-hdds-container-service-0.5.0-SNAPSHOT.jar!/webapps/static,AVAILABLE}
2019-07-13 19:22:37,489 INFO  handler.ContextHandler (ContextHandler.java:doStart(781)) - Started o.e.j.w.WebAppContext@44eda25b{/,file:///tmp/jetty-0.0.0.0-46435-hddsDatanode-_-any-769273267369752559.dir/webapp/,AVAILABLE}{/hddsDatanode}
2019-07-13 19:22:37,489 INFO  server.AbstractConnector (AbstractConnector.java:doStart(278)) - Started ServerConnector@5e3a577a{HTTP/1.1,[http/1.1]}{0.0.0.0:46435}
2019-07-13 19:22:37,489 INFO  server.Server (Server.java:doStart(419)) - Started @531608ms
2019-07-13 19:22:37,494 INFO  server.BaseHttpServer (BaseHttpServer.java:updateConnectorAddress(207)) - HTTP server of HDDSDATANODE is listening at http://0.0.0.0:46435
2019-07-13 19:22:37,591 INFO  ozone.HddsDatanodeService (HddsDatanodeService.java:startPlugins(396)) - Started plug-in org.apache.hadoop.ozone.web.OzoneHddsDatanodeService@289fff3c
2019-07-13 19:22:37,592 INFO  ozone.MiniOzoneClusterImpl (MiniOzoneClusterImpl.java:lambda$waitForClusterToBeReady$0(142)) - Waiting for cluster to be ready. Got 0 of 7 DN Heartbeats.
2019-07-13 19:22:37,595 INFO  util.JvmPauseMonitor (JvmPauseMonitor.java:run(188)) - Starting JVM pause monitor
2019-07-13 19:22:37,597 INFO  datanode.InitDatanodeState (InitDatanodeState.java:persistContainerDatanodeDetails(140)) - DatanodeDetails is persisted to /tmp/workdir/hadoop-ozone/integration-test/target/test-dir/MiniOzoneClusterImpl-3d6cd069-ff82-4110-982d-1189e8e75f72/datanode-6/meta/datanode.id
2019-07-13 19:22:38,332 INFO  ozoneimpl.OzoneContainer (OzoneContainer.java:start(186)) - Attempting to start container services.
2019-07-13 19:22:38,334 INFO  ozoneimpl.OzoneContainer (OzoneContainer.java:startContainerScrub(160)) - Background container scrubber has been disabled by hdds.containerscrub.enabled
2019-07-13 19:22:38,335 INFO  ratis.XceiverServerRatis (XceiverServerRatis.java:start(418)) - Starting XceiverServerRatis cc74f7b4-3b0a-4c1d-9d1b-a355a8cc6784 at port 0
2019-07-13 19:22:38,342 INFO  impl.RaftServerProxy (RaftServerProxy.java:lambda$start$3(299)) - cc74f7b4-3b0a-4c1d-9d1b-a355a8cc6784: start RPC server
2019-07-13 19:22:38,343 INFO  server.GrpcService (GrpcService.java:startImpl(149)) - cc74f7b4-3b0a-4c1d-9d1b-a355a8cc6784: GrpcService started, listening on 0.0.0.0/0.0.0.0:33581
2019-07-13 19:22:38,343 INFO  ratis.XceiverServerRatis (XceiverServerRatis.java:start(428)) - XceiverServerRatis cc74f7b4-3b0a-4c1d-9d1b-a355a8cc6784 is started using port 33581
2019-07-13 19:22:38,345 INFO  server.XceiverServerGrpc (XceiverServerGrpc.java:start(161)) - XceiverServerGrpc cc74f7b4-3b0a-4c1d-9d1b-a355a8cc6784 is started using port 34661
2019-07-13 19:22:38,510 INFO  ozoneimpl.OzoneContainer (OzoneContainer.java:start(186)) - Attempting to start container services.
2019-07-13 19:22:38,513 INFO  ozoneimpl.OzoneContainer (OzoneContainer.java:startContainerScrub(160)) - Background container scrubber has been disabled by hdds.containerscrub.enabled
2019-07-13 19:22:38,513 INFO  ratis.XceiverServerRatis (XceiverServerRatis.java:start(418)) - Starting XceiverServerRatis 5fece8fe-f5e9-4805-86ac-f9c24e79798a at port 0
2019-07-13 19:22:38,522 INFO  impl.RaftServerProxy (RaftServerProxy.java:lambda$start$3(299)) - 5fece8fe-f5e9-4805-86ac-f9c24e79798a: start RPC server
2019-07-13 19:22:38,522 INFO  server.GrpcService (GrpcService.java:startImpl(149)) - 5fece8fe-f5e9-4805-86ac-f9c24e79798a: GrpcService started, listening on 0.0.0.0/0.0.0.0:39935
2019-07-13 19:22:38,522 INFO  ratis.XceiverServerRatis (XceiverServerRatis.java:start(428)) - XceiverServerRatis 5fece8fe-f5e9-4805-86ac-f9c24e79798a is started using port 39935
2019-07-13 19:22:38,524 INFO  server.XceiverServerGrpc (XceiverServerGrpc.java:start(161)) - XceiverServerGrpc 5fece8fe-f5e9-4805-86ac-f9c24e79798a is started using port 32773
2019-07-13 19:22:38,594 INFO  ozone.MiniOzoneClusterImpl (MiniOzoneClusterImpl.java:lambda$waitForClusterToBeReady$0(142)) - Waiting for cluster to be ready. Got 0 of 7 DN Heartbeats.
2019-07-13 19:22:38,750 INFO  ozoneimpl.OzoneContainer (OzoneContainer.java:start(186)) - Attempting to start container services.
2019-07-13 19:22:38,756 INFO  ozoneimpl.OzoneContainer (OzoneContainer.java:startContainerScrub(160)) - Background container scrubber has been disabled by hdds.containerscrub.enabled
2019-07-13 19:22:38,756 INFO  ratis.XceiverServerRatis (XceiverServerRatis.java:start(418)) - Starting XceiverServerRatis 56b5fcf5-9ede-4007-ba3d-f93a881d2260 at port 0
2019-07-13 19:22:38,764 INFO  impl.RaftServerProxy (RaftServerProxy.java:lambda$start$3(299)) - 56b5fcf5-9ede-4007-ba3d-f93a881d2260: start RPC server
2019-07-13 19:22:38,766 INFO  server.GrpcService (GrpcService.java:startImpl(149)) - 56b5fcf5-9ede-4007-ba3d-f93a881d2260: GrpcService started, listening on 0.0.0.0/0.0.0.0:35072
2019-07-13 19:22:38,766 INFO  ratis.XceiverServerRatis (XceiverServerRatis.java:start(428)) - XceiverServerRatis 56b5fcf5-9ede-4007-ba3d-f93a881d2260 is started using port 35072
2019-07-13 19:22:38,767 INFO  server.XceiverServerGrpc (XceiverServerGrpc.java:start(161)) - XceiverServerGrpc 56b5fcf5-9ede-4007-ba3d-f93a881d2260 is started using port 39999
2019-07-13 19:22:38,953 INFO  ozoneimpl.OzoneContainer (OzoneContainer.java:start(186)) - Attempting to start container services.
2019-07-13 19:22:38,953 INFO  ozoneimpl.OzoneContainer (OzoneContainer.java:startContainerScrub(160)) - Background container scrubber has been disabled by hdds.containerscrub.enabled
2019-07-13 19:22:38,954 INFO  ratis.XceiverServerRatis (XceiverServerRatis.java:start(418)) - Starting XceiverServerRatis 61924693-d283-4f9d-bc33-1ba4a640d0c5 at port 0
2019-07-13 19:22:38,962 INFO  impl.RaftServerProxy (RaftServerProxy.java:lambda$start$3(299)) - 61924693-d283-4f9d-bc33-1ba4a640d0c5: start RPC server
2019-07-13 19:22:38,962 INFO  server.GrpcService (GrpcService.java:startImpl(149)) - 61924693-d283-4f9d-bc33-1ba4a640d0c5: GrpcService started, listening on 0.0.0.0/0.0.0.0:34632
2019-07-13 19:22:38,962 INFO  ratis.XceiverServerRatis (XceiverServerRatis.java:start(428)) - XceiverServerRatis 61924693-d283-4f9d-bc33-1ba4a640d0c5 is started using port 34632
2019-07-13 19:22:38,963 INFO  server.XceiverServerGrpc (XceiverServerGrpc.java:start(161)) - XceiverServerGrpc 61924693-d283-4f9d-bc33-1ba4a640d0c5 is started using port 39590
2019-07-13 19:22:39,261 INFO  ozoneimpl.OzoneContainer (OzoneContainer.java:start(186)) - Attempting to start container services.
2019-07-13 19:22:39,261 INFO  ozoneimpl.OzoneContainer (OzoneContainer.java:startContainerScrub(160)) - Background container scrubber has been disabled by hdds.containerscrub.enabled
2019-07-13 19:22:39,261 INFO  ratis.XceiverServerRatis (XceiverServerRatis.java:start(418)) - Starting XceiverServerRatis 53fdef79-a21b-4ea1-a273-496996ac2873 at port 0
2019-07-13 19:22:39,269 INFO  impl.RaftServerProxy (RaftServerProxy.java:lambda$start$3(299)) - 53fdef79-a21b-4ea1-a273-496996ac2873: start RPC server
2019-07-13 19:22:39,272 INFO  server.GrpcService (GrpcService.java:startImpl(149)) - 53fdef79-a21b-4ea1-a273-496996ac2873: GrpcService started, listening on 0.0.0.0/0.0.0.0:40240
2019-07-13 19:22:39,272 INFO  ratis.XceiverServerRatis (XceiverServerRatis.java:start(428)) - XceiverServerRatis 53fdef79-a21b-4ea1-a273-496996ac2873 is started using port 40240
2019-07-13 19:22:39,273 INFO  server.XceiverServerGrpc (XceiverServerGrpc.java:start(161)) - XceiverServerGrpc 53fdef79-a21b-4ea1-a273-496996ac2873 is started using port 45957
2019-07-13 19:22:39,438 INFO  ozoneimpl.OzoneContainer (OzoneContainer.java:start(186)) - Attempting to start container services.
2019-07-13 19:22:39,439 INFO  ozoneimpl.OzoneContainer (OzoneContainer.java:startContainerScrub(160)) - Background container scrubber has been disabled by hdds.containerscrub.enabled
2019-07-13 19:22:39,439 INFO  ratis.XceiverServerRatis (XceiverServerRatis.java:start(418)) - Starting XceiverServerRatis 4ea882ca-b825-4296-8082-3f2409f5f6db at port 0
2019-07-13 19:22:39,447 INFO  impl.RaftServerProxy (RaftServerProxy.java:lambda$start$3(299)) - 4ea882ca-b825-4296-8082-3f2409f5f6db: start RPC server
2019-07-13 19:22:39,450 INFO  server.GrpcService (GrpcService.java:startImpl(149)) - 4ea882ca-b825-4296-8082-3f2409f5f6db: GrpcService started, listening on 0.0.0.0/0.0.0.0:42857
2019-07-13 19:22:39,450 INFO  ratis.XceiverServerRatis (XceiverServerRatis.java:start(428)) - XceiverServerRatis 4ea882ca-b825-4296-8082-3f2409f5f6db is started using port 42857
2019-07-13 19:22:39,450 INFO  server.XceiverServerGrpc (XceiverServerGrpc.java:start(161)) - XceiverServerGrpc 4ea882ca-b825-4296-8082-3f2409f5f6db is started using port 38794
2019-07-13 19:22:39,595 INFO  ozone.MiniOzoneClusterImpl (MiniOzoneClusterImpl.java:lambda$waitForClusterToBeReady$0(142)) - Waiting for cluster to be ready. Got 0 of 7 DN Heartbeats.
2019-07-13 19:22:39,609 INFO  ozoneimpl.OzoneContainer (OzoneContainer.java:start(186)) - Attempting to start container services.
2019-07-13 19:22:39,609 INFO  ozoneimpl.OzoneContainer (OzoneContainer.java:startContainerScrub(160)) - Background container scrubber has been disabled by hdds.containerscrub.enabled
2019-07-13 19:22:39,609 INFO  ratis.XceiverServerRatis (XceiverServerRatis.java:start(418)) - Starting XceiverServerRatis 4fe38d82-0098-41af-a355-833501dc5333 at port 0
2019-07-13 19:22:39,618 INFO  impl.RaftServerProxy (RaftServerProxy.java:lambda$start$3(299)) - 4fe38d82-0098-41af-a355-833501dc5333: start RPC server
2019-07-13 19:22:39,621 INFO  server.GrpcService (GrpcService.java:startImpl(149)) - 4fe38d82-0098-41af-a355-833501dc5333: GrpcService started, listening on 0.0.0.0/0.0.0.0:37704
2019-07-13 19:22:39,621 INFO  ratis.XceiverServerRatis (XceiverServerRatis.java:start(428)) - XceiverServerRatis 4fe38d82-0098-41af-a355-833501dc5333 is started using port 37704
2019-07-13 19:22:39,632 INFO  server.XceiverServerGrpc (XceiverServerGrpc.java:start(161)) - XceiverServerGrpc 4fe38d82-0098-41af-a355-833501dc5333 is started using port 45022
2019-07-13 19:22:40,307 INFO  net.NetworkTopology (NetworkTopologyImpl.java:add(110)) - Added a new node: /default-rack/192.168.69.122
2019-07-13 19:22:40,310 INFO  node.SCMNodeManager (SCMNodeManager.java:register(269)) - Registered Data node : cc74f7b4-3b0a-4c1d-9d1b-a355a8cc6784{ip: 192.168.69.122, host: trunk-nightly-fxqsz-774976932, networkLocation: /default-rack, certSerialId: null}
2019-07-13 19:22:40,311 INFO  safemode.SCMSafeModeManager (DataNodeSafeModeRule.java:process(71)) - SCM in safe mode. 1 DataNodes registered, 1 required.
2019-07-13 19:22:40,313 INFO  safemode.SCMSafeModeManager (SCMSafeModeManager.java:validateSafeModeExitRules(177)) - ScmSafeModeManager, all rules are successfully validated
2019-07-13 19:22:40,314 INFO  safemode.SCMSafeModeManager (SCMSafeModeManager.java:exitSafeMode(193)) - SCM exiting safe mode.
2019-07-13 19:22:40,335 INFO  impl.RaftServerProxy (RaftServerProxy.java:addNew(89)) - cc74f7b4-3b0a-4c1d-9d1b-a355a8cc6784: addNew group-A9D73FD1A2D5:[cc74f7b4-3b0a-4c1d-9d1b-a355a8cc6784:192.168.69.122:33581] returns group-A9D73FD1A2D5:java.util.concurrent.CompletableFuture@2f2919d9[Not completed]
2019-07-13 19:22:40,336 INFO  impl.RaftServerImpl (RaftServerImpl.java:<init>(93)) - cc74f7b4-3b0a-4c1d-9d1b-a355a8cc6784: new RaftServerImpl for group-A9D73FD1A2D5:[cc74f7b4-3b0a-4c1d-9d1b-a355a8cc6784:192.168.69.122:33581] with ContainerStateMachine:uninitialized
2019-07-13 19:22:40,336 INFO  server.RaftServerConfigKeys (ConfUtils.java:logGet(43)) - raft.server.rpc.timeout.min = 5s (custom)
2019-07-13 19:22:40,336 INFO  server.RaftServerConfigKeys (ConfUtils.java:logGet(43)) - raft.server.rpc.timeout.max = 5200ms (custom)
2019-07-13 19:22:40,336 INFO  server.RaftServerConfigKeys (ConfUtils.java:logGet(43)) - raft.server.rpcslowness.timeout = 120s (custom)
2019-07-13 19:22:40,337 INFO  server.RaftServerConfigKeys (ConfUtils.java:logGet(43)) - raft.server.sleep.deviation.threshold = 300 (default)
2019-07-13 19:22:40,337 INFO  server.RaftServerConfigKeys (ConfUtils.java:logGet(43)) - raft.server.log.appender.install.snapshot.enabled = false (custom)
2019-07-13 19:22:40,337 INFO  impl.RaftServerImpl (ServerState.java:<init>(105)) - cc74f7b4-3b0a-4c1d-9d1b-a355a8cc6784:group-A9D73FD1A2D5 ConfigurationManager, init=-1: [cc74f7b4-3b0a-4c1d-9d1b-a355a8cc6784:192.168.69.122:33581], old=null, confs=<EMPTY_MAP>
2019-07-13 19:22:40,337 INFO  server.RaftServerConfigKeys (ConfUtils.java:logGet(43)) - raft.server.storage.dir = [/tmp/workdir/hadoop-ozone/integration-test/target/test-dir/MiniOzoneClusterImpl-3d6cd069-ff82-4110-982d-1189e8e75f72/datanode-0/data/ratis] (custom)
2019-07-13 19:22:40,338 INFO  storage.RaftStorageDirectory (RaftStorageDirectory.java:analyzeStorage(246)) - The storage directory /tmp/workdir/hadoop-ozone/integration-test/target/test-dir/MiniOzoneClusterImpl-3d6cd069-ff82-4110-982d-1189e8e75f72/datanode-0/data/ratis/8f8820f3-4df9-4ad9-a798-a9d73fd1a2d5 does not exist. Creating ...
2019-07-13 19:22:40,352 INFO  storage.RaftStorageDirectory (RaftStorageDirectory.java:tryLock(328)) - Lock on /tmp/workdir/hadoop-ozone/integration-test/target/test-dir/MiniOzoneClusterImpl-3d6cd069-ff82-4110-982d-1189e8e75f72/datanode-0/data/ratis/8f8820f3-4df9-4ad9-a798-a9d73fd1a2d5/in_use.lock acquired by nodename 22884@trunk-nightly-fxqsz-774976932
2019-07-13 19:22:40,365 INFO  storage.RaftStorage (RaftStorage.java:format(72)) - Storage directory /tmp/workdir/hadoop-ozone/integration-test/target/test-dir/MiniOzoneClusterImpl-3d6cd069-ff82-4110-982d-1189e8e75f72/datanode-0/data/ratis/8f8820f3-4df9-4ad9-a798-a9d73fd1a2d5 has been successfully formatted.
2019-07-13 19:22:40,365 INFO  ratis.ContainerStateMachine (ContainerStateMachine.java:loadSnapshot(200)) - The snapshot info is null.Setting the last applied index to:(t:0, i:~)
2019-07-13 19:22:40,366 INFO  server.RaftServerConfigKeys (ConfUtils.java:logGet(43)) - raft.server.leader.election.timeout = 120s (custom)
2019-07-13 19:22:40,366 INFO  server.RaftServerConfigKeys (ConfUtils.java:logGet(43)) - raft.server.log.use.memory = false (default)
2019-07-13 19:22:40,366 INFO  server.RaftServerConfigKeys (ConfUtils.java:logGet(43)) - raft.server.log.purge.gap = 1000000000 (custom)
2019-07-13 19:22:40,366 INFO  server.RaftServerConfigKeys (ConfUtils.java:logGet(43)) - raft.server.log.appender.buffer.byte-limit = 33554432 (custom)
2019-07-13 19:22:40,366 INFO  server.RaftServerConfigKeys (ConfUtils.java:logGet(43)) - raft.server.log.segment.size.max = 1048576 (custom)
2019-07-13 19:22:40,367 INFO  server.RaftServerConfigKeys (ConfUtils.java:logGet(43)) - raft.server.log.segment.cache.num.max = 2 (custom)
2019-07-13 19:22:40,367 INFO  segmented.SegmentedRaftLogWorker (SegmentedRaftLogWorker.java:<init>(172)) - new cc74f7b4-3b0a-4c1d-9d1b-a355a8cc6784-SegmentedRaftLogWorker:Storage Directory /tmp/workdir/hadoop-ozone/integration-test/target/test-dir/MiniOzoneClusterImpl-3d6cd069-ff82-4110-982d-1189e8e75f72/datanode-0/data/ratis/8f8820f3-4df9-4ad9-a798-a9d73fd1a2d5 for RaftStorage:Storage Directory /tmp/workdir/hadoop-ozone/integration-test/target/test-dir/MiniOzoneClusterImpl-3d6cd069-ff82-4110-982d-1189e8e75f72/datanode-0/data/ratis/8f8820f3-4df9-4ad9-a798-a9d73fd1a2d5
2019-07-13 19:22:40,367 INFO  server.RaftServerConfigKeys (ConfUtils.java:logGet(43)) - raft.server.log.queue.byte-limit = 2147483647 (custom)
2019-07-13 19:22:40,367 INFO  server.RaftServerConfigKeys (ConfUtils.java:logGet(43)) - raft.server.log.queue.element-limit = 1024 (custom)
2019-07-13 19:22:40,368 INFO  server.RaftServerConfigKeys (ConfUtils.java:logGet(43)) - raft.server.log.segment.size.max = 1048576 (custom)
2019-07-13 19:22:40,368 INFO  server.RaftServerConfigKeys (ConfUtils.java:logGet(43)) - raft.server.log.preallocated.size = 16384 (custom)
2019-07-13 19:22:40,368 INFO  server.RaftServerConfigKeys (ConfUtils.java:logGet(43)) - raft.server.log.write.buffer.size = 33554432 (custom)
2019-07-13 19:22:40,368 INFO  server.RaftServerConfigKeys (ConfUtils.java:logGet(43)) - raft.server.log.force.sync.num = 128 (default)
2019-07-13 19:22:40,368 INFO  server.RaftServerConfigKeys (ConfUtils.java:logGet(43)) - raft.server.log.statemachine.data.sync = true (default)
2019-07-13 19:22:40,369 INFO  server.RaftServerConfigKeys (ConfUtils.java:logGet(43)) - raft.server.log.statemachine.data.sync.timeout = 10s (default)
2019-07-13 19:22:40,369 INFO  server.RaftServerConfigKeys (ConfUtils.java:logGet(43)) - raft.server.log.statemachine.data.sync.timeout.retry = -1 (default)
2019-07-13 19:22:40,369 INFO  server.RaftServerConfigKeys (ConfUtils.java:logGet(43)) - raft.server.log.statemachine.data.caching.enabled = true (custom)
2019-07-13 19:22:40,370 INFO  segmented.SegmentedRaftLogWorker (SegmentedRaftLogWorker.java:lambda$new$0(132)) - cc74f7b4-3b0a-4c1d-9d1b-a355a8cc6784-SegmentedRaftLogWorker:Storage Directory /tmp/workdir/hadoop-ozone/integration-test/target/test-dir/MiniOzoneClusterImpl-3d6cd069-ff82-4110-982d-1189e8e75f72/datanode-0/data/ratis/8f8820f3-4df9-4ad9-a798-a9d73fd1a2d5: flushIndex: setUnconditionally 0 -> -1
2019-07-13 19:22:40,370 INFO  server.RaftServerConfigKeys (ConfUtils.java:logGet(43)) - raft.server.snapshot.auto.trigger.enabled = true (custom)
2019-07-13 19:22:40,370 INFO  server.RaftServerConfigKeys (ConfUtils.java:logGet(43)) - raft.server.snapshot.auto.trigger.threshold = 10000 (custom)
2019-07-13 19:22:40,371 INFO  server.RaftServerConfigKeys (ConfUtils.java:logGet(43)) - raft.server.retrycache.expirytime = 600000ms (custom)
2019-07-13 19:22:40,372 INFO  impl.RaftServerImpl (RaftServerImpl.java:start(180)) - cc74f7b4-3b0a-4c1d-9d1b-a355a8cc6784: start group-A9D73FD1A2D5
2019-07-13 19:22:40,372 INFO  impl.RaftServerImpl (RaftServerImpl.java:setRole(171)) - cc74f7b4-3b0a-4c1d-9d1b-a355a8cc6784:group-A9D73FD1A2D5 changes role from null to FOLLOWER at term 0 for startAsFollower
2019-07-13 19:22:40,372 INFO  impl.RoleInfo (RoleInfo.java:updateAndGet(143)) - cc74f7b4-3b0a-4c1d-9d1b-a355a8cc6784: start FollowerState
2019-07-13 19:22:40,384 INFO  util.JmxRegister (JmxRegister.java:tryRegister(44)) - Successfully registered JMX Bean with object name Ratis:service=RaftServer,group=group-A9D73FD1A2D5,id=cc74f7b4-3b0a-4c1d-9d1b-a355a8cc6784
2019-07-13 19:22:40,398 INFO  pipeline.PipelineStateManager (PipelineStateManager.java:addPipeline(56)) - Created pipeline Pipeline[ Id: 8f8820f3-4df9-4ad9-a798-a9d73fd1a2d5, Nodes: cc74f7b4-3b0a-4c1d-9d1b-a355a8cc6784{ip: 192.168.69.122, host: trunk-nightly-fxqsz-774976932, networkLocation: /default-rack, certSerialId: null}, Type:RATIS, Factor:ONE, State:OPEN]
2019-07-13 19:22:40,497 INFO  node.SCMNodeManager (SCMNodeManager.java:register(269)) - Registered Data node : 5fece8fe-f5e9-4805-86ac-f9c24e79798a{ip: 192.168.69.122, host: trunk-nightly-fxqsz-774976932, networkLocation: /default-rack, certSerialId: null}
2019-07-13 19:22:40,505 INFO  impl.RaftServerProxy (RaftServerProxy.java:addNew(89)) - 5fece8fe-f5e9-4805-86ac-f9c24e79798a: addNew group-316EE74A0853:[5fece8fe-f5e9-4805-86ac-f9c24e79798a:192.168.69.122:39935] returns group-316EE74A0853:java.util.concurrent.CompletableFuture@3552bd0f[Not completed]
2019-07-13 19:22:40,506 INFO  impl.RaftServerImpl (RaftServerImpl.java:<init>(93)) - 5fece8fe-f5e9-4805-86ac-f9c24e79798a: new RaftServerImpl for group-316EE74A0853:[5fece8fe-f5e9-4805-86ac-f9c24e79798a:192.168.69.122:39935] with ContainerStateMachine:uninitialized
2019-07-13 19:22:40,506 INFO  server.RaftServerConfigKeys (ConfUtils.java:logGet(43)) - raft.server.rpc.timeout.min = 5s (custom)
2019-07-13 19:22:40,506 INFO  server.RaftServerConfigKeys (ConfUtils.java:logGet(43)) - raft.server.rpc.timeout.max = 5200ms (custom)
2019-07-13 19:22:40,506 INFO  server.RaftServerConfigKeys (ConfUtils.java:logGet(43)) - raft.server.rpcslowness.timeout = 120s (custom)
2019-07-13 19:22:40,506 INFO  server.RaftServerConfigKeys (ConfUtils.java:logGet(43)) - raft.server.sleep.deviation.threshold = 300 (default)
2019-07-13 19:22:40,506 INFO  server.RaftServerConfigKeys (ConfUtils.java:logGet(43)) - raft.server.log.appender.install.snapshot.enabled = false (custom)
2019-07-13 19:22:40,506 INFO  impl.RaftServerImpl (ServerState.java:<init>(105)) - 5fece8fe-f5e9-4805-86ac-f9c24e79798a:group-316EE74A0853 ConfigurationManager, init=-1: [5fece8fe-f5e9-4805-86ac-f9c24e79798a:192.168.69.122:39935], old=null, confs=<EMPTY_MAP>
2019-07-13 19:22:40,507 INFO  server.RaftServerConfigKeys (ConfUtils.java:logGet(43)) - raft.server.storage.dir = [/tmp/workdir/hadoop-ozone/integration-test/target/test-dir/MiniOzoneClusterImpl-3d6cd069-ff82-4110-982d-1189e8e75f72/datanode-1/data/ratis] (custom)
2019-07-13 19:22:40,507 INFO  storage.RaftStorageDirectory (RaftStorageDirectory.java:analyzeStorage(246)) - The storage directory /tmp/workdir/hadoop-ozone/integration-test/target/test-dir/MiniOzoneClusterImpl-3d6cd069-ff82-4110-982d-1189e8e75f72/datanode-1/data/ratis/da9513e2-a15f-46eb-a809-316ee74a0853 does not exist. Creating ...
2019-07-13 19:22:40,520 INFO  storage.RaftStorageDirectory (RaftStorageDirectory.java:tryLock(328)) - Lock on /tmp/workdir/hadoop-ozone/integration-test/target/test-dir/MiniOzoneClusterImpl-3d6cd069-ff82-4110-982d-1189e8e75f72/datanode-1/data/ratis/da9513e2-a15f-46eb-a809-316ee74a0853/in_use.lock acquired by nodename 22884@trunk-nightly-fxqsz-774976932
2019-07-13 19:22:40,534 INFO  storage.RaftStorage (RaftStorage.java:format(72)) - Storage directory /tmp/workdir/hadoop-ozone/integration-test/target/test-dir/MiniOzoneClusterImpl-3d6cd069-ff82-4110-982d-1189e8e75f72/datanode-1/data/ratis/da9513e2-a15f-46eb-a809-316ee74a0853 has been successfully formatted.
2019-07-13 19:22:40,534 INFO  ratis.ContainerStateMachine (ContainerStateMachine.java:loadSnapshot(200)) - The snapshot info is null.Setting the last applied index to:(t:0, i:~)
2019-07-13 19:22:40,534 INFO  server.RaftServerConfigKeys (ConfUtils.java:logGet(43)) - raft.server.leader.election.timeout = 120s (custom)
2019-07-13 19:22:40,534 INFO  server.RaftServerConfigKeys (ConfUtils.java:logGet(43)) - raft.server.log.use.memory = false (default)
2019-07-13 19:22:40,534 INFO  server.RaftServerConfigKeys (ConfUtils.java:logGet(43)) - raft.server.log.purge.gap = 1000000000 (custom)
2019-07-13 19:22:40,535 INFO  server.RaftServerConfigKeys (ConfUtils.java:logGet(43)) - raft.server.log.appender.buffer.byte-limit = 33554432 (custom)
2019-07-13 19:22:40,535 INFO  server.RaftServerConfigKeys (ConfUtils.java:logGet(43)) - raft.server.log.segment.size.max = 1048576 (custom)
2019-07-13 19:22:40,535 INFO  server.RaftServerConfigKeys (ConfUtils.java:logGet(43)) - raft.server.log.segment.cache.num.max = 2 (custom)
2019-07-13 19:22:40,535 INFO  segmented.SegmentedRaftLogWorker (SegmentedRaftLogWorker.java:<init>(172)) - new 5fece8fe-f5e9-4805-86ac-f9c24e79798a-SegmentedRaftLogWorker:Storage Directory /tmp/workdir/hadoop-ozone/integration-test/target/test-dir/MiniOzoneClusterImpl-3d6cd069-ff82-4110-982d-1189e8e75f72/datanode-1/data/ratis/da9513e2-a15f-46eb-a809-316ee74a0853 for RaftStorage:Storage Directory /tmp/workdir/hadoop-ozone/integration-test/target/test-dir/MiniOzoneClusterImpl-3d6cd069-ff82-4110-982d-1189e8e75f72/datanode-1/data/ratis/da9513e2-a15f-46eb-a809-316ee74a0853
2019-07-13 19:22:40,535 INFO  server.RaftServerConfigKeys (ConfUtils.java:logGet(43)) - raft.server.log.queue.byte-limit = 2147483647 (custom)
2019-07-13 19:22:40,535 INFO  server.RaftServerConfigKeys (ConfUtils.java:logGet(43)) - raft.server.log.queue.element-limit = 1024 (custom)
2019-07-13 19:22:40,536 INFO  server.RaftServerConfigKeys (ConfUtils.java:logGet(43)) - raft.server.log.segment.size.max = 1048576 (custom)
2019-07-13 19:22:40,536 INFO  server.RaftServerConfigKeys (ConfUtils.java:logGet(43)) - raft.server.log.preallocated.size = 16384 (custom)
2019-07-13 19:22:40,536 INFO  server.RaftServerConfigKeys (ConfUtils.java:logGet(43)) - raft.server.log.write.buffer.size = 33554432 (custom)
2019-07-13 19:22:40,536 INFO  server.RaftServerConfigKeys (ConfUtils.java:logGet(43)) - raft.server.log.force.sync.num = 128 (default)
2019-07-13 19:22:40,536 INFO  server.RaftServerConfigKeys (ConfUtils.java:logGet(43)) - raft.server.log.statemachine.data.sync = true (default)
2019-07-13 19:22:40,536 INFO  server.RaftServerConfigKeys (ConfUtils.java:logGet(43)) - raft.server.log.statemachine.data.sync.timeout = 10s (default)
2019-07-13 19:22:40,536 INFO  server.RaftServerConfigKeys (ConfUtils.java:logGet(43)) - raft.server.log.statemachine.data.sync.timeout.retry = -1 (default)
2019-07-13 19:22:40,537 INFO  server.RaftServerConfigKeys (ConfUtils.java:logGet(43)) - raft.server.log.statemachine.data.caching.enabled = true (custom)
2019-07-13 19:22:40,537 INFO  segmented.SegmentedRaftLogWorker (SegmentedRaftLogWorker.java:lambda$new$0(132)) - 5fece8fe-f5e9-4805-86ac-f9c24e79798a-SegmentedRaftLogWorker:Storage Directory /tmp/workdir/hadoop-ozone/integration-test/target/test-dir/MiniOzoneClusterImpl-3d6cd069-ff82-4110-982d-1189e8e75f72/datanode-1/data/ratis/da9513e2-a15f-46eb-a809-316ee74a0853: flushIndex: setUnconditionally 0 -> -1
2019-07-13 19:22:40,538 INFO  server.RaftServerConfigKeys (ConfUtils.java:logGet(43)) - raft.server.snapshot.auto.trigger.enabled = true (custom)
2019-07-13 19:22:40,538 INFO  server.RaftServerConfigKeys (ConfUtils.java:logGet(43)) - raft.server.snapshot.auto.trigger.threshold = 10000 (custom)
2019-07-13 19:22:40,538 INFO  server.RaftServerConfigKeys (ConfUtils.java:logGet(43)) - raft.server.retrycache.expirytime = 600000ms (custom)
2019-07-13 19:22:40,538 INFO  impl.RaftServerImpl (RaftServerImpl.java:start(180)) - 5fece8fe-f5e9-4805-86ac-f9c24e79798a: start group-316EE74A0853
2019-07-13 19:22:40,538 INFO  impl.RaftServerImpl (RaftServerImpl.java:setRole(171)) - 5fece8fe-f5e9-4805-86ac-f9c24e79798a:group-316EE74A0853 changes role from null to FOLLOWER at term 0 for startAsFollower
2019-07-13 19:22:40,538 INFO  impl.RoleInfo (RoleInfo.java:updateAndGet(143)) - 5fece8fe-f5e9-4805-86ac-f9c24e79798a: start FollowerState
2019-07-13 19:22:40,539 INFO  util.JmxRegister (JmxRegister.java:tryRegister(44)) - Successfully registered JMX Bean with object name Ratis:service=RaftServer,group=group-316EE74A0853,id=5fece8fe-f5e9-4805-86ac-f9c24e79798a
2019-07-13 19:22:40,543 INFO  pipeline.PipelineStateManager (PipelineStateManager.java:addPipeline(56)) - Created pipeline Pipeline[ Id: da9513e2-a15f-46eb-a809-316ee74a0853, Nodes: 5fece8fe-f5e9-4805-86ac-f9c24e79798a{ip: 192.168.69.122, host: trunk-nightly-fxqsz-774976932, networkLocation: /default-rack, certSerialId: null}, Type:RATIS, Factor:ONE, State:OPEN]
2019-07-13 19:22:40,595 INFO  ozone.MiniOzoneClusterImpl (MiniOzoneClusterImpl.java:lambda$waitForClusterToBeReady$0(142)) - Waiting for cluster to be ready. Got 2 of 7 DN Heartbeats.
2019-07-13 19:22:40,734 INFO  node.SCMNodeManager (SCMNodeManager.java:register(269)) - Registered Data node : 56b5fcf5-9ede-4007-ba3d-f93a881d2260{ip: 192.168.69.122, host: trunk-nightly-fxqsz-774976932, networkLocation: /default-rack, certSerialId: null}
2019-07-13 19:22:40,746 INFO  impl.RaftServerProxy (RaftServerProxy.java:addNew(89)) - 56b5fcf5-9ede-4007-ba3d-f93a881d2260: addNew group-C5091433973F:[56b5fcf5-9ede-4007-ba3d-f93a881d2260:192.168.69.122:35072] returns group-C5091433973F:java.util.concurrent.CompletableFuture@713bb23d[Not completed]
2019-07-13 19:22:40,747 INFO  impl.RaftServerImpl (RaftServerImpl.java:<init>(93)) - 56b5fcf5-9ede-4007-ba3d-f93a881d2260: new RaftServerImpl for group-C5091433973F:[56b5fcf5-9ede-4007-ba3d-f93a881d2260:192.168.69.122:35072] with ContainerStateMachine:uninitialized
2019-07-13 19:22:40,747 INFO  server.RaftServerConfigKeys (ConfUtils.java:logGet(43)) - raft.server.rpc.timeout.min = 5s (custom)
2019-07-13 19:22:40,747 INFO  server.RaftServerConfigKeys (ConfUtils.java:logGet(43)) - raft.server.rpc.timeout.max = 5200ms (custom)
2019-07-13 19:22:40,748 INFO  server.RaftServerConfigKeys (ConfUtils.java:logGet(43)) - raft.server.rpcslowness.timeout = 120s (custom)
2019-07-13 19:22:40,748 INFO  server.RaftServerConfigKeys (ConfUtils.java:logGet(43)) - raft.server.sleep.deviation.threshold = 300 (default)
2019-07-13 19:22:40,748 INFO  server.RaftServerConfigKeys (ConfUtils.java:logGet(43)) - raft.server.log.appender.install.snapshot.enabled = false (custom)
2019-07-13 19:22:40,748 INFO  impl.RaftServerImpl (ServerState.java:<init>(105)) - 56b5fcf5-9ede-4007-ba3d-f93a881d2260:group-C5091433973F ConfigurationManager, init=-1: [56b5fcf5-9ede-4007-ba3d-f93a881d2260:192.168.69.122:35072], old=null, confs=<EMPTY_MAP>
2019-07-13 19:22:40,748 INFO  server.RaftServerConfigKeys (ConfUtils.java:logGet(43)) - raft.server.storage.dir = [/tmp/workdir/hadoop-ozone/integration-test/target/test-dir/MiniOzoneClusterImpl-3d6cd069-ff82-4110-982d-1189e8e75f72/datanode-2/data/ratis] (custom)
2019-07-13 19:22:40,749 INFO  storage.RaftStorageDirectory (RaftStorageDirectory.java:analyzeStorage(246)) - The storage directory /tmp/workdir/hadoop-ozone/integration-test/target/test-dir/MiniOzoneClusterImpl-3d6cd069-ff82-4110-982d-1189e8e75f72/datanode-2/data/ratis/665e9246-3ccd-4cfd-ab35-c5091433973f does not exist. Creating ...
2019-07-13 19:22:40,763 INFO  storage.RaftStorageDirectory (RaftStorageDirectory.java:tryLock(328)) - Lock on /tmp/workdir/hadoop-ozone/integration-test/target/test-dir/MiniOzoneClusterImpl-3d6cd069-ff82-4110-982d-1189e8e75f72/datanode-2/data/ratis/665e9246-3ccd-4cfd-ab35-c5091433973f/in_use.lock acquired by nodename 22884@trunk-nightly-fxqsz-774976932
2019-07-13 19:22:40,776 INFO  storage.RaftStorage (RaftStorage.java:format(72)) - Storage directory /tmp/workdir/hadoop-ozone/integration-test/target/test-dir/MiniOzoneClusterImpl-3d6cd069-ff82-4110-982d-1189e8e75f72/datanode-2/data/ratis/665e9246-3ccd-4cfd-ab35-c5091433973f has been successfully formatted.
2019-07-13 19:22:40,777 INFO  ratis.ContainerStateMachine (ContainerStateMachine.java:loadSnapshot(200)) - The snapshot info is null.Setting the last applied index to:(t:0, i:~)
2019-07-13 19:22:40,777 INFO  server.RaftServerConfigKeys (ConfUtils.java:logGet(43)) - raft.server.leader.election.timeout = 120s (custom)
2019-07-13 19:22:40,777 INFO  server.RaftServerConfigKeys (ConfUtils.java:logGet(43)) - raft.server.log.use.memory = false (default)
2019-07-13 19:22:40,777 INFO  server.RaftServerConfigKeys (ConfUtils.java:logGet(43)) - raft.server.log.purge.gap = 1000000000 (custom)
2019-07-13 19:22:40,777 INFO  server.RaftServerConfigKeys (ConfUtils.java:logGet(43)) - raft.server.log.appender.buffer.byte-limit = 33554432 (custom)
2019-07-13 19:22:40,777 INFO  server.RaftServerConfigKeys (ConfUtils.java:logGet(43)) - raft.server.log.segment.size.max = 1048576 (custom)
2019-07-13 19:22:40,778 INFO  server.RaftServerConfigKeys (ConfUtils.java:logGet(43)) - raft.server.log.segment.cache.num.max = 2 (custom)
2019-07-13 19:22:40,778 INFO  segmented.SegmentedRaftLogWorker (SegmentedRaftLogWorker.java:<init>(172)) - new 56b5fcf5-9ede-4007-ba3d-f93a881d2260-SegmentedRaftLogWorker:Storage Directory /tmp/workdir/hadoop-ozone/integration-test/target/test-dir/MiniOzoneClusterImpl-3d6cd069-ff82-4110-982d-1189e8e75f72/datanode-2/data/ratis/665e9246-3ccd-4cfd-ab35-c5091433973f for RaftStorage:Storage Directory /tmp/workdir/hadoop-ozone/integration-test/target/test-dir/MiniOzoneClusterImpl-3d6cd069-ff82-4110-982d-1189e8e75f72/datanode-2/data/ratis/665e9246-3ccd-4cfd-ab35-c5091433973f
2019-07-13 19:22:40,778 INFO  server.RaftServerConfigKeys (ConfUtils.java:logGet(43)) - raft.server.log.queue.byte-limit = 2147483647 (custom)
2019-07-13 19:22:40,778 INFO  server.RaftServerConfigKeys (ConfUtils.java:logGet(43)) - raft.server.log.queue.element-limit = 1024 (custom)
2019-07-13 19:22:40,778 INFO  server.RaftServerConfigKeys (ConfUtils.java:logGet(43)) - raft.server.log.segment.size.max = 1048576 (custom)
2019-07-13 19:22:40,779 INFO  server.RaftServerConfigKeys (ConfUtils.java:logGet(43)) - raft.server.log.preallocated.size = 16384 (custom)
2019-07-13 19:22:40,779 INFO  server.RaftServerConfigKeys (ConfUtils.java:logGet(43)) - raft.server.log.write.buffer.size = 33554432 (custom)
2019-07-13 19:22:40,779 INFO  server.RaftServerConfigKeys (ConfUtils.java:logGet(43)) - raft.server.log.force.sync.num = 128 (default)
2019-07-13 19:22:40,779 INFO  server.RaftServerConfigKeys (ConfUtils.java:logGet(43)) - raft.server.log.statemachine.data.sync = true (default)
2019-07-13 19:22:40,779 INFO  server.RaftServerConfigKeys (ConfUtils.java:logGet(43)) - raft.server.log.statemachine.data.sync.timeout = 10s (default)
2019-07-13 19:22:40,779 INFO  server.RaftServerConfigKeys (ConfUtils.java:logGet(43)) - raft.server.log.statemachine.data.sync.timeout.retry = -1 (default)
2019-07-13 19:22:40,779 INFO  server.RaftServerConfigKeys (ConfUtils.java:logGet(43)) - raft.server.log.statemachine.data.caching.enabled = true (custom)
2019-07-13 19:22:40,780 INFO  segmented.SegmentedRaftLogWorker (SegmentedRaftLogWorker.java:lambda$new$0(132)) - 56b5fcf5-9ede-4007-ba3d-f93a881d2260-SegmentedRaftLogWorker:Storage Directory /tmp/workdir/hadoop-ozone/integration-test/target/test-dir/MiniOzoneClusterImpl-3d6cd069-ff82-4110-982d-1189e8e75f72/datanode-2/data/ratis/665e9246-3ccd-4cfd-ab35-c5091433973f: flushIndex: setUnconditionally 0 -> -1
2019-07-13 19:22:40,780 INFO  server.RaftServerConfigKeys (ConfUtils.java:logGet(43)) - raft.server.snapshot.auto.trigger.enabled = true (custom)
2019-07-13 19:22:40,780 INFO  server.RaftServerConfigKeys (ConfUtils.java:logGet(43)) - raft.server.snapshot.auto.trigger.threshold = 10000 (custom)
2019-07-13 19:22:40,780 INFO  server.RaftServerConfigKeys (ConfUtils.java:logGet(43)) - raft.server.retrycache.expirytime = 600000ms (custom)
2019-07-13 19:22:40,781 INFO  impl.RaftServerImpl (RaftServerImpl.java:start(180)) - 56b5fcf5-9ede-4007-ba3d-f93a881d2260: start group-C5091433973F
2019-07-13 19:22:40,781 INFO  impl.RaftServerImpl (RaftServerImpl.java:setRole(171)) - 56b5fcf5-9ede-4007-ba3d-f93a881d2260:group-C5091433973F changes role from null to FOLLOWER at term 0 for startAsFollower
2019-07-13 19:22:40,781 INFO  impl.RoleInfo (RoleInfo.java:updateAndGet(143)) - 56b5fcf5-9ede-4007-ba3d-f93a881d2260: start FollowerState
2019-07-13 19:22:40,781 INFO  util.JmxRegister (JmxRegister.java:tryRegister(44)) - Successfully registered JMX Bean with object name Ratis:service=RaftServer,group=group-C5091433973F,id=56b5fcf5-9ede-4007-ba3d-f93a881d2260
2019-07-13 19:22:40,786 INFO  pipeline.PipelineStateManager (PipelineStateManager.java:addPipeline(56)) - Created pipeline Pipeline[ Id: 665e9246-3ccd-4cfd-ab35-c5091433973f, Nodes: 56b5fcf5-9ede-4007-ba3d-f93a881d2260{ip: 192.168.69.122, host: trunk-nightly-fxqsz-774976932, networkLocation: /default-rack, certSerialId: null}, Type:RATIS, Factor:ONE, State:OPEN]
2019-07-13 19:22:40,799 INFO  impl.RaftServerProxy (RaftServerProxy.java:addNew(89)) - cc74f7b4-3b0a-4c1d-9d1b-a355a8cc6784: addNew group-85A5A3CA223E:[5fece8fe-f5e9-4805-86ac-f9c24e79798a:192.168.69.122:39935, 56b5fcf5-9ede-4007-ba3d-f93a881d2260:192.168.69.122:35072, cc74f7b4-3b0a-4c1d-9d1b-a355a8cc6784:192.168.69.122:33581] returns group-85A5A3CA223E:java.util.concurrent.CompletableFuture@367d96bd[Not completed]
2019-07-13 19:22:40,799 INFO  impl.RaftServerProxy (RaftServerProxy.java:addNew(89)) - 5fece8fe-f5e9-4805-86ac-f9c24e79798a: addNew group-85A5A3CA223E:[5fece8fe-f5e9-4805-86ac-f9c24e79798a:192.168.69.122:39935, 56b5fcf5-9ede-4007-ba3d-f93a881d2260:192.168.69.122:35072, cc74f7b4-3b0a-4c1d-9d1b-a355a8cc6784:192.168.69.122:33581] returns group-85A5A3CA223E:java.util.concurrent.CompletableFuture@78225f9f[Not completed]
2019-07-13 19:22:40,799 INFO  impl.RaftServerProxy (RaftServerProxy.java:addNew(89)) - 56b5fcf5-9ede-4007-ba3d-f93a881d2260: addNew group-85A5A3CA223E:[5fece8fe-f5e9-4805-86ac-f9c24e79798a:192.168.69.122:39935, 56b5fcf5-9ede-4007-ba3d-f93a881d2260:192.168.69.122:35072, cc74f7b4-3b0a-4c1d-9d1b-a355a8cc6784:192.168.69.122:33581] returns group-85A5A3CA223E:java.util.concurrent.CompletableFuture@175883bc[Not completed]
2019-07-13 19:22:40,800 INFO  impl.RaftServerImpl (RaftServerImpl.java:<init>(93)) - 5fece8fe-f5e9-4805-86ac-f9c24e79798a: new RaftServerImpl for group-85A5A3CA223E:[5fece8fe-f5e9-4805-86ac-f9c24e79798a:192.168.69.122:39935, 56b5fcf5-9ede-4007-ba3d-f93a881d2260:192.168.69.122:35072, cc74f7b4-3b0a-4c1d-9d1b-a355a8cc6784:192.168.69.122:33581] with ContainerStateMachine:uninitialized
2019-07-13 19:22:40,800 INFO  server.RaftServerConfigKeys (ConfUtils.java:logGet(43)) - raft.server.rpc.timeout.min = 5s (custom)
2019-07-13 19:22:40,800 INFO  server.RaftServerConfigKeys (ConfUtils.java:logGet(43)) - raft.server.rpc.timeout.max = 5200ms (custom)
2019-07-13 19:22:40,800 INFO  server.RaftServerConfigKeys (ConfUtils.java:logGet(43)) - raft.server.rpcslowness.timeout = 120s (custom)
2019-07-13 19:22:40,801 INFO  server.RaftServerConfigKeys (ConfUtils.java:logGet(43)) - raft.server.sleep.deviation.threshold = 300 (default)
2019-07-13 19:22:40,801 INFO  impl.RaftServerImpl (RaftServerImpl.java:<init>(93)) - 56b5fcf5-9ede-4007-ba3d-f93a881d2260: new RaftServerImpl for group-85A5A3CA223E:[5fece8fe-f5e9-4805-86ac-f9c24e79798a:192.168.69.122:39935, 56b5fcf5-9ede-4007-ba3d-f93a881d2260:192.168.69.122:35072, cc74f7b4-3b0a-4c1d-9d1b-a355a8cc6784:192.168.69.122:33581] with ContainerStateMachine:uninitialized
2019-07-13 19:22:40,801 INFO  server.RaftServerConfigKeys (ConfUtils.java:logGet(43)) - raft.server.log.appender.install.snapshot.enabled = false (custom)
2019-07-13 19:22:40,801 INFO  server.RaftServerConfigKeys (ConfUtils.java:logGet(43)) - raft.server.rpc.timeout.min = 5s (custom)
2019-07-13 19:22:40,801 INFO  impl.RaftServerImpl (ServerState.java:<init>(105)) - 5fece8fe-f5e9-4805-86ac-f9c24e79798a:group-85A5A3CA223E ConfigurationManager, init=-1: [5fece8fe-f5e9-4805-86ac-f9c24e79798a:192.168.69.122:39935, 56b5fcf5-9ede-4007-ba3d-f93a881d2260:192.168.69.122:35072, cc74f7b4-3b0a-4c1d-9d1b-a355a8cc6784:192.168.69.122:33581], old=null, confs=<EMPTY_MAP>
2019-07-13 19:22:40,801 INFO  server.RaftServerConfigKeys (ConfUtils.java:logGet(43)) - raft.server.rpc.timeout.max = 5200ms (custom)
2019-07-13 19:22:40,801 INFO  server.RaftServerConfigKeys (ConfUtils.java:logGet(43)) - raft.server.rpcslowness.timeout = 120s (custom)
2019-07-13 19:22:40,801 INFO  impl.RaftServerImpl (RaftServerImpl.java:<init>(93)) - cc74f7b4-3b0a-4c1d-9d1b-a355a8cc6784: new RaftServerImpl for group-85A5A3CA223E:[5fece8fe-f5e9-4805-86ac-f9c24e79798a:192.168.69.122:39935, 56b5fcf5-9ede-4007-ba3d-f93a881d2260:192.168.69.122:35072, cc74f7b4-3b0a-4c1d-9d1b-a355a8cc6784:192.168.69.122:33581] with ContainerStateMachine:uninitialized
2019-07-13 19:22:40,801 INFO  server.RaftServerConfigKeys (ConfUtils.java:logGet(43)) - raft.server.storage.dir = [/tmp/workdir/hadoop-ozone/integration-test/target/test-dir/MiniOzoneClusterImpl-3d6cd069-ff82-4110-982d-1189e8e75f72/datanode-1/data/ratis] (custom)
2019-07-13 19:22:40,802 INFO  server.RaftServerConfigKeys (ConfUtils.java:logGet(43)) - raft.server.rpc.timeout.min = 5s (custom)
2019-07-13 19:22:40,801 INFO  server.RaftServerConfigKeys (ConfUtils.java:logGet(43)) - raft.server.sleep.deviation.threshold = 300 (default)
2019-07-13 19:22:40,802 INFO  storage.RaftStorageDirectory (RaftStorageDirectory.java:analyzeStorage(246)) - The storage directory /tmp/workdir/hadoop-ozone/integration-test/target/test-dir/MiniOzoneClusterImpl-3d6cd069-ff82-4110-982d-1189e8e75f72/datanode-1/data/ratis/6a2117a1-a417-45b8-8b51-85a5a3ca223e does not exist. Creating ...
2019-07-13 19:22:40,802 INFO  server.RaftServerConfigKeys (ConfUtils.java:logGet(43)) - raft.server.rpc.timeout.max = 5200ms (custom)
2019-07-13 19:22:40,802 INFO  server.RaftServerConfigKeys (ConfUtils.java:logGet(43)) - raft.server.log.appender.install.snapshot.enabled = false (custom)
2019-07-13 19:22:40,802 INFO  server.RaftServerConfigKeys (ConfUtils.java:logGet(43)) - raft.server.rpcslowness.timeout = 120s (custom)
2019-07-13 19:22:40,803 INFO  impl.RaftServerImpl (ServerState.java:<init>(105)) - 56b5fcf5-9ede-4007-ba3d-f93a881d2260:group-85A5A3CA223E ConfigurationManager, init=-1: [5fece8fe-f5e9-4805-86ac-f9c24e79798a:192.168.69.122:39935, 56b5fcf5-9ede-4007-ba3d-f93a881d2260:192.168.69.122:35072, cc74f7b4-3b0a-4c1d-9d1b-a355a8cc6784:192.168.69.122:33581], old=null, confs=<EMPTY_MAP>
2019-07-13 19:22:40,803 INFO  server.RaftServerConfigKeys (ConfUtils.java:logGet(43)) - raft.server.sleep.deviation.threshold = 300 (default)
2019-07-13 19:22:40,803 INFO  server.RaftServerConfigKeys (ConfUtils.java:logGet(43)) - raft.server.storage.dir = [/tmp/workdir/hadoop-ozone/integration-test/target/test-dir/MiniOzoneClusterImpl-3d6cd069-ff82-4110-982d-1189e8e75f72/datanode-2/data/ratis] (custom)
2019-07-13 19:22:40,803 INFO  server.RaftServerConfigKeys (ConfUtils.java:logGet(43)) - raft.server.log.appender.install.snapshot.enabled = false (custom)
2019-07-13 19:22:40,803 INFO  impl.RaftServerImpl (ServerState.java:<init>(105)) - cc74f7b4-3b0a-4c1d-9d1b-a355a8cc6784:group-85A5A3CA223E ConfigurationManager, init=-1: [5fece8fe-f5e9-4805-86ac-f9c24e79798a:192.168.69.122:39935, 56b5fcf5-9ede-4007-ba3d-f93a881d2260:192.168.69.122:35072, cc74f7b4-3b0a-4c1d-9d1b-a355a8cc6784:192.168.69.122:33581], old=null, confs=<EMPTY_MAP>
2019-07-13 19:22:40,803 INFO  storage.RaftStorageDirectory (RaftStorageDirectory.java:analyzeStorage(246)) - The storage directory /tmp/workdir/hadoop-ozone/integration-test/target/test-dir/MiniOzoneClusterImpl-3d6cd069-ff82-4110-982d-1189e8e75f72/datanode-2/data/ratis/6a2117a1-a417-45b8-8b51-85a5a3ca223e does not exist. Creating ...
2019-07-13 19:22:40,804 INFO  server.RaftServerConfigKeys (ConfUtils.java:logGet(43)) - raft.server.storage.dir = [/tmp/workdir/hadoop-ozone/integration-test/target/test-dir/MiniOzoneClusterImpl-3d6cd069-ff82-4110-982d-1189e8e75f72/datanode-0/data/ratis] (custom)
2019-07-13 19:22:40,804 INFO  storage.RaftStorageDirectory (RaftStorageDirectory.java:analyzeStorage(246)) - The storage directory /tmp/workdir/hadoop-ozone/integration-test/target/test-dir/MiniOzoneClusterImpl-3d6cd069-ff82-4110-982d-1189e8e75f72/datanode-0/data/ratis/6a2117a1-a417-45b8-8b51-85a5a3ca223e does not exist. Creating ...
2019-07-13 19:22:40,816 INFO  storage.RaftStorageDirectory (RaftStorageDirectory.java:tryLock(328)) - Lock on /tmp/workdir/hadoop-ozone/integration-test/target/test-dir/MiniOzoneClusterImpl-3d6cd069-ff82-4110-982d-1189e8e75f72/datanode-0/data/ratis/6a2117a1-a417-45b8-8b51-85a5a3ca223e/in_use.lock acquired by nodename 22884@trunk-nightly-fxqsz-774976932
2019-07-13 19:22:40,816 INFO  storage.RaftStorageDirectory (RaftStorageDirectory.java:tryLock(328)) - Lock on /tmp/workdir/hadoop-ozone/integration-test/target/test-dir/MiniOzoneClusterImpl-3d6cd069-ff82-4110-982d-1189e8e75f72/datanode-1/data/ratis/6a2117a1-a417-45b8-8b51-85a5a3ca223e/in_use.lock acquired by nodename 22884@trunk-nightly-fxqsz-774976932
2019-07-13 19:22:40,816 INFO  storage.RaftStorageDirectory (RaftStorageDirectory.java:tryLock(328)) - Lock on /tmp/workdir/hadoop-ozone/integration-test/target/test-dir/MiniOzoneClusterImpl-3d6cd069-ff82-4110-982d-1189e8e75f72/datanode-2/data/ratis/6a2117a1-a417-45b8-8b51-85a5a3ca223e/in_use.lock acquired by nodename 22884@trunk-nightly-fxqsz-774976932
2019-07-13 19:22:40,830 INFO  storage.RaftStorage (RaftStorage.java:format(72)) - Storage directory /tmp/workdir/hadoop-ozone/integration-test/target/test-dir/MiniOzoneClusterImpl-3d6cd069-ff82-4110-982d-1189e8e75f72/datanode-0/data/ratis/6a2117a1-a417-45b8-8b51-85a5a3ca223e has been successfully formatted.
2019-07-13 19:22:40,830 INFO  storage.RaftStorage (RaftStorage.java:format(72)) - Storage directory /tmp/workdir/hadoop-ozone/integration-test/target/test-dir/MiniOzoneClusterImpl-3d6cd069-ff82-4110-982d-1189e8e75f72/datanode-2/data/ratis/6a2117a1-a417-45b8-8b51-85a5a3ca223e has been successfully formatted.
2019-07-13 19:22:40,830 INFO  ratis.ContainerStateMachine (ContainerStateMachine.java:loadSnapshot(200)) - The snapshot info is null.Setting the last applied index to:(t:0, i:~)
2019-07-13 19:22:40,830 INFO  server.RaftServerConfigKeys (ConfUtils.java:logGet(43)) - raft.server.leader.election.timeout = 120s (custom)
2019-07-13 19:22:40,830 INFO  storage.RaftStorage (RaftStorage.java:format(72)) - Storage directory /tmp/workdir/hadoop-ozone/integration-test/target/test-dir/MiniOzoneClusterImpl-3d6cd069-ff82-4110-982d-1189e8e75f72/datanode-1/data/ratis/6a2117a1-a417-45b8-8b51-85a5a3ca223e has been successfully formatted.
2019-07-13 19:22:40,831 INFO  server.RaftServerConfigKeys (ConfUtils.java:logGet(43)) - raft.server.log.use.memory = false (default)
2019-07-13 19:22:40,830 INFO  ratis.ContainerStateMachine (ContainerStateMachine.java:loadSnapshot(200)) - The snapshot info is null.Setting the last applied index to:(t:0, i:~)
2019-07-13 19:22:40,831 INFO  server.RaftServerConfigKeys (ConfUtils.java:logGet(43)) - raft.server.log.purge.gap = 1000000000 (custom)
2019-07-13 19:22:40,831 INFO  ratis.ContainerStateMachine (ContainerStateMachine.java:loadSnapshot(200)) - The snapshot info is null.Setting the last applied index to:(t:0, i:~)
2019-07-13 19:22:40,831 INFO  server.RaftServerConfigKeys (ConfUtils.java:logGet(43)) - raft.server.log.appender.buffer.byte-limit = 33554432 (custom)
2019-07-13 19:22:40,831 INFO  server.RaftServerConfigKeys (ConfUtils.java:logGet(43)) - raft.server.leader.election.timeout = 120s (custom)
2019-07-13 19:22:40,832 INFO  server.RaftServerConfigKeys (ConfUtils.java:logGet(43)) - raft.server.log.segment.size.max = 1048576 (custom)
2019-07-13 19:22:40,831 INFO  server.RaftServerConfigKeys (ConfUtils.java:logGet(43)) - raft.server.leader.election.timeout = 120s (custom)
2019-07-13 19:22:40,832 INFO  server.RaftServerConfigKeys (ConfUtils.java:logGet(43)) - raft.server.log.segment.cache.num.max = 2 (custom)
2019-07-13 19:22:40,832 INFO  server.RaftServerConfigKeys (ConfUtils.java:logGet(43)) - raft.server.log.use.memory = false (default)
2019-07-13 19:22:40,832 INFO  segmented.SegmentedRaftLogWorker (SegmentedRaftLogWorker.java:<init>(172)) - new cc74f7b4-3b0a-4c1d-9d1b-a355a8cc6784-SegmentedRaftLogWorker:Storage Directory /tmp/workdir/hadoop-ozone/integration-test/target/test-dir/MiniOzoneClusterImpl-3d6cd069-ff82-4110-982d-1189e8e75f72/datanode-0/data/ratis/6a2117a1-a417-45b8-8b51-85a5a3ca223e for RaftStorage:Storage Directory /tmp/workdir/hadoop-ozone/integration-test/target/test-dir/MiniOzoneClusterImpl-3d6cd069-ff82-4110-982d-1189e8e75f72/datanode-0/data/ratis/6a2117a1-a417-45b8-8b51-85a5a3ca223e
2019-07-13 19:22:40,832 INFO  server.RaftServerConfigKeys (ConfUtils.java:logGet(43)) - raft.server.log.use.memory = false (default)
2019-07-13 19:22:40,833 INFO  server.RaftServerConfigKeys (ConfUtils.java:logGet(43)) - raft.server.log.queue.byte-limit = 2147483647 (custom)
2019-07-13 19:22:40,832 INFO  server.RaftServerConfigKeys (ConfUtils.java:logGet(43)) - raft.server.log.purge.gap = 1000000000 (custom)
2019-07-13 19:22:40,833 INFO  server.RaftServerConfigKeys (ConfUtils.java:logGet(43)) - raft.server.log.queue.element-limit = 1024 (custom)
2019-07-13 19:22:40,833 INFO  server.RaftServerConfigKeys (ConfUtils.java:logGet(43)) - raft.server.log.purge.gap = 1000000000 (custom)
2019-07-13 19:22:40,833 INFO  server.RaftServerConfigKeys (ConfUtils.java:logGet(43)) - raft.server.log.segment.size.max = 1048576 (custom)
2019-07-13 19:22:40,833 INFO  server.RaftServerConfigKeys (ConfUtils.java:logGet(43)) - raft.server.log.appender.buffer.byte-limit = 33554432 (custom)
2019-07-13 19:22:40,834 INFO  server.RaftServerConfigKeys (ConfUtils.java:logGet(43)) - raft.server.log.preallocated.size = 16384 (custom)
2019-07-13 19:22:40,833 INFO  server.RaftServerConfigKeys (ConfUtils.java:logGet(43)) - raft.server.log.appender.buffer.byte-limit = 33554432 (custom)
2019-07-13 19:22:40,834 INFO  server.RaftServerConfigKeys (ConfUtils.java:logGet(43)) - raft.server.log.write.buffer.size = 33554432 (custom)
2019-07-13 19:22:40,834 INFO  server.RaftServerConfigKeys (ConfUtils.java:logGet(43)) - raft.server.log.segment.size.max = 1048576 (custom)
2019-07-13 19:22:40,834 INFO  server.RaftServerConfigKeys (ConfUtils.java:logGet(43)) - raft.server.log.force.sync.num = 128 (default)
2019-07-13 19:22:40,835 INFO  server.RaftServerConfigKeys (ConfUtils.java:logGet(43)) - raft.server.log.statemachine.data.sync = true (default)
2019-07-13 19:22:40,834 INFO  server.RaftServerConfigKeys (ConfUtils.java:logGet(43)) - raft.server.log.segment.size.max = 1048576 (custom)
2019-07-13 19:22:40,835 INFO  server.RaftServerConfigKeys (ConfUtils.java:logGet(43)) - raft.server.log.statemachine.data.sync.timeout = 10s (default)
2019-07-13 19:22:40,834 INFO  server.RaftServerConfigKeys (ConfUtils.java:logGet(43)) - raft.server.log.segment.cache.num.max = 2 (custom)
2019-07-13 19:22:40,835 INFO  server.RaftServerConfigKeys (ConfUtils.java:logGet(43)) - raft.server.log.statemachine.data.sync.timeout.retry = -1 (default)
2019-07-13 19:22:40,835 INFO  server.RaftServerConfigKeys (ConfUtils.java:logGet(43)) - raft.server.log.segment.cache.num.max = 2 (custom)
2019-07-13 19:22:40,835 INFO  server.RaftServerConfigKeys (ConfUtils.java:logGet(43)) - raft.server.log.statemachine.data.caching.enabled = true (custom)
2019-07-13 19:22:40,835 INFO  segmented.SegmentedRaftLogWorker (SegmentedRaftLogWorker.java:<init>(172)) - new 56b5fcf5-9ede-4007-ba3d-f93a881d2260-SegmentedRaftLogWorker:Storage Directory /tmp/workdir/hadoop-ozone/integration-test/target/test-dir/MiniOzoneClusterImpl-3d6cd069-ff82-4110-982d-1189e8e75f72/datanode-2/data/ratis/6a2117a1-a417-45b8-8b51-85a5a3ca223e for RaftStorage:Storage Directory /tmp/workdir/hadoop-ozone/integration-test/target/test-dir/MiniOzoneClusterImpl-3d6cd069-ff82-4110-982d-1189e8e75f72/datanode-2/data/ratis/6a2117a1-a417-45b8-8b51-85a5a3ca223e
2019-07-13 19:22:40,836 INFO  segmented.SegmentedRaftLogWorker (SegmentedRaftLogWorker.java:<init>(172)) - new 5fece8fe-f5e9-4805-86ac-f9c24e79798a-SegmentedRaftLogWorker:Storage Directory /tmp/workdir/hadoop-ozone/integration-test/target/test-dir/MiniOzoneClusterImpl-3d6cd069-ff82-4110-982d-1189e8e75f72/datanode-1/data/ratis/6a2117a1-a417-45b8-8b51-85a5a3ca223e for RaftStorage:Storage Directory /tmp/workdir/hadoop-ozone/integration-test/target/test-dir/MiniOzoneClusterImpl-3d6cd069-ff82-4110-982d-1189e8e75f72/datanode-1/data/ratis/6a2117a1-a417-45b8-8b51-85a5a3ca223e
2019-07-13 19:22:40,836 INFO  segmented.SegmentedRaftLogWorker (SegmentedRaftLogWorker.java:lambda$new$0(132)) - cc74f7b4-3b0a-4c1d-9d1b-a355a8cc6784-SegmentedRaftLogWorker:Storage Directory /tmp/workdir/hadoop-ozone/integration-test/target/test-dir/MiniOzoneClusterImpl-3d6cd069-ff82-4110-982d-1189e8e75f72/datanode-0/data/ratis/6a2117a1-a417-45b8-8b51-85a5a3ca223e: flushIndex: setUnconditionally 0 -> -1
2019-07-13 19:22:40,836 INFO  server.RaftServerConfigKeys (ConfUtils.java:logGet(43)) - raft.server.log.queue.byte-limit = 2147483647 (custom)
2019-07-13 19:22:40,836 INFO  server.RaftServerConfigKeys (ConfUtils.java:logGet(43)) - raft.server.log.queue.element-limit = 1024 (custom)
2019-07-13 19:22:40,836 INFO  server.RaftServerConfigKeys (ConfUtils.java:logGet(43)) - raft.server.log.queue.byte-limit = 2147483647 (custom)
2019-07-13 19:22:40,837 INFO  server.RaftServerConfigKeys (ConfUtils.java:logGet(43)) - raft.server.log.segment.size.max = 1048576 (custom)
2019-07-13 19:22:40,837 INFO  server.RaftServerConfigKeys (ConfUtils.java:logGet(43)) - raft.server.snapshot.auto.trigger.enabled = true (custom)
2019-07-13 19:22:40,837 INFO  server.RaftServerConfigKeys (ConfUtils.java:logGet(43)) - raft.server.log.preallocated.size = 16384 (custom)
2019-07-13 19:22:40,837 INFO  server.RaftServerConfigKeys (ConfUtils.java:logGet(43)) - raft.server.log.write.buffer.size = 33554432 (custom)
2019-07-13 19:22:40,837 INFO  server.RaftServerConfigKeys (ConfUtils.java:logGet(43)) - raft.server.log.queue.element-limit = 1024 (custom)
2019-07-13 19:22:40,837 INFO  server.RaftServerConfigKeys (ConfUtils.java:logGet(43)) - raft.server.log.force.sync.num = 128 (default)
2019-07-13 19:22:40,838 INFO  server.RaftServerConfigKeys (ConfUtils.java:logGet(43)) - raft.server.log.statemachine.data.sync = true (default)
2019-07-13 19:22:40,837 INFO  server.RaftServerConfigKeys (ConfUtils.java:logGet(43)) - raft.server.snapshot.auto.trigger.threshold = 10000 (custom)
2019-07-13 19:22:40,838 INFO  server.RaftServerConfigKeys (ConfUtils.java:logGet(43)) - raft.server.log.statemachine.data.sync.timeout = 10s (default)
2019-07-13 19:22:40,838 INFO  server.RaftServerConfigKeys (ConfUtils.java:logGet(43)) - raft.server.log.statemachine.data.sync.timeout.retry = -1 (default)
2019-07-13 19:22:40,838 INFO  server.RaftServerConfigKeys (ConfUtils.java:logGet(43)) - raft.server.log.segment.size.max = 1048576 (custom)
2019-07-13 19:22:40,838 INFO  server.RaftServerConfigKeys (ConfUtils.java:logGet(43)) - raft.server.log.statemachine.data.caching.enabled = true (custom)
2019-07-13 19:22:40,838 INFO  server.RaftServerConfigKeys (ConfUtils.java:logGet(43)) - raft.server.retrycache.expirytime = 600000ms (custom)
2019-07-13 19:22:40,839 INFO  server.RaftServerConfigKeys (ConfUtils.java:logGet(43)) - raft.server.log.preallocated.size = 16384 (custom)
2019-07-13 19:22:40,839 INFO  segmented.SegmentedRaftLogWorker (SegmentedRaftLogWorker.java:lambda$new$0(132)) - 56b5fcf5-9ede-4007-ba3d-f93a881d2260-SegmentedRaftLogWorker:Storage Directory /tmp/workdir/hadoop-ozone/integration-test/target/test-dir/MiniOzoneClusterImpl-3d6cd069-ff82-4110-982d-1189e8e75f72/datanode-2/data/ratis/6a2117a1-a417-45b8-8b51-85a5a3ca223e: flushIndex: setUnconditionally 0 -> -1
2019-07-13 19:22:40,839 INFO  impl.RaftServerImpl (RaftServerImpl.java:start(180)) - cc74f7b4-3b0a-4c1d-9d1b-a355a8cc6784: start group-85A5A3CA223E
2019-07-13 19:22:40,839 INFO  impl.RaftServerImpl (RaftServerImpl.java:setRole(171)) - cc74f7b4-3b0a-4c1d-9d1b-a355a8cc6784:group-85A5A3CA223E changes role from null to FOLLOWER at term 0 for startAsFollower
2019-07-13 19:22:40,839 INFO  server.RaftServerConfigKeys (ConfUtils.java:logGet(43)) - raft.server.log.write.buffer.size = 33554432 (custom)
2019-07-13 19:22:40,840 INFO  impl.RoleInfo (RoleInfo.java:updateAndGet(143)) - cc74f7b4-3b0a-4c1d-9d1b-a355a8cc6784: start FollowerState
2019-07-13 19:22:40,839 INFO  server.RaftServerConfigKeys (ConfUtils.java:logGet(43)) - raft.server.snapshot.auto.trigger.enabled = true (custom)
2019-07-13 19:22:40,840 INFO  server.RaftServerConfigKeys (ConfUtils.java:logGet(43)) - raft.server.log.force.sync.num = 128 (default)
2019-07-13 19:22:40,840 INFO  util.JmxRegister (JmxRegister.java:tryRegister(44)) - Successfully registered JMX Bean with object name Ratis:service=RaftServer,group=group-85A5A3CA223E,id=cc74f7b4-3b0a-4c1d-9d1b-a355a8cc6784
2019-07-13 19:22:40,840 INFO  server.RaftServerConfigKeys (ConfUtils.java:logGet(43)) - raft.server.snapshot.auto.trigger.threshold = 10000 (custom)
2019-07-13 19:22:40,840 INFO  server.RaftServerConfigKeys (ConfUtils.java:logGet(43)) - raft.server.log.statemachine.data.sync = true (default)
2019-07-13 19:22:40,840 INFO  server.RaftServerConfigKeys (ConfUtils.java:logGet(43)) - raft.server.retrycache.expirytime = 600000ms (custom)
2019-07-13 19:22:40,841 INFO  server.RaftServerConfigKeys (ConfUtils.java:logGet(43)) - raft.server.log.statemachine.data.sync.timeout = 10s (default)
2019-07-13 19:22:40,841 INFO  impl.RaftServerImpl (RaftServerImpl.java:start(180)) - 56b5fcf5-9ede-4007-ba3d-f93a881d2260: start group-85A5A3CA223E
2019-07-13 19:22:40,841 INFO  server.RaftServerConfigKeys (ConfUtils.java:logGet(43)) - raft.server.log.statemachine.data.sync.timeout.retry = -1 (default)
2019-07-13 19:22:40,841 INFO  impl.RaftServerImpl (RaftServerImpl.java:setRole(171)) - 56b5fcf5-9ede-4007-ba3d-f93a881d2260:group-85A5A3CA223E changes role from null to FOLLOWER at term 0 for startAsFollower
2019-07-13 19:22:40,841 INFO  server.RaftServerConfigKeys (ConfUtils.java:logGet(43)) - raft.server.log.statemachine.data.caching.enabled = true (custom)
2019-07-13 19:22:40,841 INFO  impl.RoleInfo (RoleInfo.java:updateAndGet(143)) - 56b5fcf5-9ede-4007-ba3d-f93a881d2260: start FollowerState
2019-07-13 19:22:40,844 INFO  segmented.SegmentedRaftLogWorker (SegmentedRaftLogWorker.java:lambda$new$0(132)) - 5fece8fe-f5e9-4805-86ac-f9c24e79798a-SegmentedRaftLogWorker:Storage Directory /tmp/workdir/hadoop-ozone/integration-test/target/test-dir/MiniOzoneClusterImpl-3d6cd069-ff82-4110-982d-1189e8e75f72/datanode-1/data/ratis/6a2117a1-a417-45b8-8b51-85a5a3ca223e: flushIndex: setUnconditionally 0 -> -1
2019-07-13 19:22:40,844 INFO  util.JmxRegister (JmxRegister.java:tryRegister(44)) - Successfully registered JMX Bean with object name Ratis:service=RaftServer,group=group-85A5A3CA223E,id=56b5fcf5-9ede-4007-ba3d-f93a881d2260
2019-07-13 19:22:40,844 INFO  server.RaftServerConfigKeys (ConfUtils.java:logGet(43)) - raft.server.snapshot.auto.trigger.enabled = true (custom)
2019-07-13 19:22:40,844 INFO  server.RaftServerConfigKeys (ConfUtils.java:logGet(43)) - raft.server.snapshot.auto.trigger.threshold = 10000 (custom)
2019-07-13 19:22:40,845 INFO  server.RaftServerConfigKeys (ConfUtils.java:logGet(43)) - raft.server.retrycache.expirytime = 600000ms (custom)
2019-07-13 19:22:40,845 INFO  impl.RaftServerImpl (RaftServerImpl.java:start(180)) - 5fece8fe-f5e9-4805-86ac-f9c24e79798a: start group-85A5A3CA223E
2019-07-13 19:22:40,845 INFO  impl.RaftServerImpl (RaftServerImpl.java:setRole(171)) - 5fece8fe-f5e9-4805-86ac-f9c24e79798a:group-85A5A3CA223E changes role from null to FOLLOWER at term 0 for startAsFollower
2019-07-13 19:22:40,845 INFO  impl.RoleInfo (RoleInfo.java:updateAndGet(143)) - 5fece8fe-f5e9-4805-86ac-f9c24e79798a: start FollowerState
2019-07-13 19:22:40,848 INFO  util.JmxRegister (JmxRegister.java:tryRegister(44)) - Successfully registered JMX Bean with object name Ratis:service=RaftServer,group=group-85A5A3CA223E,id=5fece8fe-f5e9-4805-86ac-f9c24e79798a
2019-07-13 19:22:40,853 INFO  pipeline.PipelineStateManager (PipelineStateManager.java:addPipeline(56)) - Created pipeline Pipeline[ Id: 6a2117a1-a417-45b8-8b51-85a5a3ca223e, Nodes: cc74f7b4-3b0a-4c1d-9d1b-a355a8cc6784{ip: 192.168.69.122, host: trunk-nightly-fxqsz-774976932, networkLocation: /default-rack, certSerialId: null}5fece8fe-f5e9-4805-86ac-f9c24e79798a{ip: 192.168.69.122, host: trunk-nightly-fxqsz-774976932, networkLocation: /default-rack, certSerialId: null}56b5fcf5-9ede-4007-ba3d-f93a881d2260{ip: 192.168.69.122, host: trunk-nightly-fxqsz-774976932, networkLocation: /default-rack, certSerialId: null}, Type:RATIS, Factor:THREE, State:OPEN]
2019-07-13 19:22:40,939 INFO  node.SCMNodeManager (SCMNodeManager.java:register(269)) - Registered Data node : 61924693-d283-4f9d-bc33-1ba4a640d0c5{ip: 192.168.69.122, host: trunk-nightly-fxqsz-774976932, networkLocation: /default-rack, certSerialId: null}
2019-07-13 19:22:40,949 INFO  impl.RaftServerProxy (RaftServerProxy.java:addNew(89)) - 61924693-d283-4f9d-bc33-1ba4a640d0c5: addNew group-F31826F8A81B:[61924693-d283-4f9d-bc33-1ba4a640d0c5:192.168.69.122:34632] returns group-F31826F8A81B:java.util.concurrent.CompletableFuture@8010cf3[Not completed]
2019-07-13 19:22:40,950 INFO  impl.RaftServerImpl (RaftServerImpl.java:<init>(93)) - 61924693-d283-4f9d-bc33-1ba4a640d0c5: new RaftServerImpl for group-F31826F8A81B:[61924693-d283-4f9d-bc33-1ba4a640d0c5:192.168.69.122:34632] with ContainerStateMachine:uninitialized
2019-07-13 19:22:40,950 INFO  server.RaftServerConfigKeys (ConfUtils.java:logGet(43)) - raft.server.rpc.timeout.min = 5s (custom)
2019-07-13 19:22:40,950 INFO  server.RaftServerConfigKeys (ConfUtils.java:logGet(43)) - raft.server.rpc.timeout.max = 5200ms (custom)
2019-07-13 19:22:40,950 INFO  server.RaftServerConfigKeys (ConfUtils.java:logGet(43)) - raft.server.rpcslowness.timeout = 120s (custom)
2019-07-13 19:22:40,950 INFO  server.RaftServerConfigKeys (ConfUtils.java:logGet(43)) - raft.server.sleep.deviation.threshold = 300 (default)
2019-07-13 19:22:40,950 INFO  server.RaftServerConfigKeys (ConfUtils.java:logGet(43)) - raft.server.log.appender.install.snapshot.enabled = false (custom)
2019-07-13 19:22:40,950 INFO  impl.RaftServerImpl (ServerState.java:<init>(105)) - 61924693-d283-4f9d-bc33-1ba4a640d0c5:group-F31826F8A81B ConfigurationManager, init=-1: [61924693-d283-4f9d-bc33-1ba4a640d0c5:192.168.69.122:34632], old=null, confs=<EMPTY_MAP>
2019-07-13 19:22:40,951 INFO  server.RaftServerConfigKeys (ConfUtils.java:logGet(43)) - raft.server.storage.dir = [/tmp/workdir/hadoop-ozone/integration-test/target/test-dir/MiniOzoneClusterImpl-3d6cd069-ff82-4110-982d-1189e8e75f72/datanode-3/data/ratis] (custom)
2019-07-13 19:22:40,951 INFO  storage.RaftStorageDirectory (RaftStorageDirectory.java:analyzeStorage(246)) - The storage directory /tmp/workdir/hadoop-ozone/integration-test/target/test-dir/MiniOzoneClusterImpl-3d6cd069-ff82-4110-982d-1189e8e75f72/datanode-3/data/ratis/bf74d44c-1022-4028-91bd-f31826f8a81b does not exist. Creating ...
2019-07-13 19:22:40,964 INFO  storage.RaftStorageDirectory (RaftStorageDirectory.java:tryLock(328)) - Lock on /tmp/workdir/hadoop-ozone/integration-test/target/test-dir/MiniOzoneClusterImpl-3d6cd069-ff82-4110-982d-1189e8e75f72/datanode-3/data/ratis/bf74d44c-1022-4028-91bd-f31826f8a81b/in_use.lock acquired by nodename 22884@trunk-nightly-fxqsz-774976932
2019-07-13 19:22:40,977 INFO  storage.RaftStorage (RaftStorage.java:format(72)) - Storage directory /tmp/workdir/hadoop-ozone/integration-test/target/test-dir/MiniOzoneClusterImpl-3d6cd069-ff82-4110-982d-1189e8e75f72/datanode-3/data/ratis/bf74d44c-1022-4028-91bd-f31826f8a81b has been successfully formatted.
2019-07-13 19:22:40,977 INFO  ratis.ContainerStateMachine (ContainerStateMachine.java:loadSnapshot(200)) - The snapshot info is null.Setting the last applied index to:(t:0, i:~)
2019-07-13 19:22:40,978 INFO  server.RaftServerConfigKeys (ConfUtils.java:logGet(43)) - raft.server.leader.election.timeout = 120s (custom)
2019-07-13 19:22:40,978 INFO  server.RaftServerConfigKeys (ConfUtils.java:logGet(43)) - raft.server.log.use.memory = false (default)
2019-07-13 19:22:40,978 INFO  server.RaftServerConfigKeys (ConfUtils.java:logGet(43)) - raft.server.log.purge.gap = 1000000000 (custom)
2019-07-13 19:22:40,978 INFO  server.RaftServerConfigKeys (ConfUtils.java:logGet(43)) - raft.server.log.appender.buffer.byte-limit = 33554432 (custom)
2019-07-13 19:22:40,978 INFO  server.RaftServerConfigKeys (ConfUtils.java:logGet(43)) - raft.server.log.segment.size.max = 1048576 (custom)
2019-07-13 19:22:40,978 INFO  server.RaftServerConfigKeys (ConfUtils.java:logGet(43)) - raft.server.log.segment.cache.num.max = 2 (custom)
2019-07-13 19:22:40,978 INFO  segmented.SegmentedRaftLogWorker (SegmentedRaftLogWorker.java:<init>(172)) - new 61924693-d283-4f9d-bc33-1ba4a640d0c5-SegmentedRaftLogWorker:Storage Directory /tmp/workdir/hadoop-ozone/integration-test/target/test-dir/MiniOzoneClusterImpl-3d6cd069-ff82-4110-982d-1189e8e75f72/datanode-3/data/ratis/bf74d44c-1022-4028-91bd-f31826f8a81b for RaftStorage:Storage Directory /tmp/workdir/hadoop-ozone/integration-test/target/test-dir/MiniOzoneClusterImpl-3d6cd069-ff82-4110-982d-1189e8e75f72/datanode-3/data/ratis/bf74d44c-1022-4028-91bd-f31826f8a81b
2019-07-13 19:22:40,979 INFO  server.RaftServerConfigKeys (ConfUtils.java:logGet(43)) - raft.server.log.queue.byte-limit = 2147483647 (custom)
2019-07-13 19:22:40,979 INFO  server.RaftServerConfigKeys (ConfUtils.java:logGet(43)) - raft.server.log.queue.element-limit = 1024 (custom)
2019-07-13 19:22:40,979 INFO  server.RaftServerConfigKeys (ConfUtils.java:logGet(43)) - raft.server.log.segment.size.max = 1048576 (custom)
2019-07-13 19:22:40,979 INFO  server.RaftServerConfigKeys (ConfUtils.java:logGet(43)) - raft.server.log.preallocated.size = 16384 (custom)
2019-07-13 19:22:40,979 INFO  server.RaftServerConfigKeys (ConfUtils.java:logGet(43)) - raft.server.log.write.buffer.size = 33554432 (custom)
2019-07-13 19:22:40,979 INFO  server.RaftServerConfigKeys (ConfUtils.java:logGet(43)) - raft.server.log.force.sync.num = 128 (default)
2019-07-13 19:22:40,980 INFO  server.RaftServerConfigKeys (ConfUtils.java:logGet(43)) - raft.server.log.statemachine.data.sync = true (default)
2019-07-13 19:22:40,980 INFO  server.RaftServerConfigKeys (ConfUtils.java:logGet(43)) - raft.server.log.statemachine.data.sync.timeout = 10s (default)
2019-07-13 19:22:40,980 INFO  server.RaftServerConfigKeys (ConfUtils.java:logGet(43)) - raft.server.log.statemachine.data.sync.timeout.retry = -1 (default)
2019-07-13 19:22:40,980 INFO  server.RaftServerConfigKeys (ConfUtils.java:logGet(43)) - raft.server.log.statemachine.data.caching.enabled = true (custom)
2019-07-13 19:22:40,980 INFO  segmented.SegmentedRaftLogWorker (SegmentedRaftLogWorker.java:lambda$new$0(132)) - 61924693-d283-4f9d-bc33-1ba4a640d0c5-SegmentedRaftLogWorker:Storage Directory /tmp/workdir/hadoop-ozone/integration-test/target/test-dir/MiniOzoneClusterImpl-3d6cd069-ff82-4110-982d-1189e8e75f72/datanode-3/data/ratis/bf74d44c-1022-4028-91bd-f31826f8a81b: flushIndex: setUnconditionally 0 -> -1
2019-07-13 19:22:40,981 INFO  server.RaftServerConfigKeys (ConfUtils.java:logGet(43)) - raft.server.snapshot.auto.trigger.enabled = true (custom)
2019-07-13 19:22:40,981 INFO  server.RaftServerConfigKeys (ConfUtils.java:logGet(43)) - raft.server.snapshot.auto.trigger.threshold = 10000 (custom)
2019-07-13 19:22:40,981 INFO  server.RaftServerConfigKeys (ConfUtils.java:logGet(43)) - raft.server.retrycache.expirytime = 600000ms (custom)
2019-07-13 19:22:40,981 INFO  impl.RaftServerImpl (RaftServerImpl.java:start(180)) - 61924693-d283-4f9d-bc33-1ba4a640d0c5: start group-F31826F8A81B
2019-07-13 19:22:40,981 INFO  impl.RaftServerImpl (RaftServerImpl.java:setRole(171)) - 61924693-d283-4f9d-bc33-1ba4a640d0c5:group-F31826F8A81B changes role from null to FOLLOWER at term 0 for startAsFollower
2019-07-13 19:22:40,981 INFO  impl.RoleInfo (RoleInfo.java:updateAndGet(143)) - 61924693-d283-4f9d-bc33-1ba4a640d0c5: start FollowerState
2019-07-13 19:22:40,982 INFO  util.JmxRegister (JmxRegister.java:tryRegister(44)) - Successfully registered JMX Bean with object name Ratis:service=RaftServer,group=group-F31826F8A81B,id=61924693-d283-4f9d-bc33-1ba4a640d0c5
2019-07-13 19:22:40,986 INFO  pipeline.PipelineStateManager (PipelineStateManager.java:addPipeline(56)) - Created pipeline Pipeline[ Id: bf74d44c-1022-4028-91bd-f31826f8a81b, Nodes: 61924693-d283-4f9d-bc33-1ba4a640d0c5{ip: 192.168.69.122, host: trunk-nightly-fxqsz-774976932, networkLocation: /default-rack, certSerialId: null}, Type:RATIS, Factor:ONE, State:OPEN]
2019-07-13 19:22:41,246 INFO  node.SCMNodeManager (SCMNodeManager.java:register(269)) - Registered Data node : 53fdef79-a21b-4ea1-a273-496996ac2873{ip: 192.168.69.122, host: trunk-nightly-fxqsz-774976932, networkLocation: /default-rack, certSerialId: null}
2019-07-13 19:22:41,255 INFO  impl.RaftServerProxy (RaftServerProxy.java:addNew(89)) - 53fdef79-a21b-4ea1-a273-496996ac2873: addNew group-D333F4F3A5F7:[53fdef79-a21b-4ea1-a273-496996ac2873:192.168.69.122:40240] returns group-D333F4F3A5F7:java.util.concurrent.CompletableFuture@4072faf1[Not completed]
2019-07-13 19:22:41,256 INFO  impl.RaftServerImpl (RaftServerImpl.java:<init>(93)) - 53fdef79-a21b-4ea1-a273-496996ac2873: new RaftServerImpl for group-D333F4F3A5F7:[53fdef79-a21b-4ea1-a273-496996ac2873:192.168.69.122:40240] with ContainerStateMachine:uninitialized
2019-07-13 19:22:41,257 INFO  server.RaftServerConfigKeys (ConfUtils.java:logGet(43)) - raft.server.rpc.timeout.min = 5s (custom)
2019-07-13 19:22:41,257 INFO  server.RaftServerConfigKeys (ConfUtils.java:logGet(43)) - raft.server.rpc.timeout.max = 5200ms (custom)
2019-07-13 19:22:41,257 INFO  server.RaftServerConfigKeys (ConfUtils.java:logGet(43)) - raft.server.rpcslowness.timeout = 120s (custom)
2019-07-13 19:22:41,257 INFO  server.RaftServerConfigKeys (ConfUtils.java:logGet(43)) - raft.server.sleep.deviation.threshold = 300 (default)
2019-07-13 19:22:41,257 INFO  server.RaftServerConfigKeys (ConfUtils.java:logGet(43)) - raft.server.log.appender.install.snapshot.enabled = false (custom)
2019-07-13 19:22:41,257 INFO  impl.RaftServerImpl (ServerState.java:<init>(105)) - 53fdef79-a21b-4ea1-a273-496996ac2873:group-D333F4F3A5F7 ConfigurationManager, init=-1: [53fdef79-a21b-4ea1-a273-496996ac2873:192.168.69.122:40240], old=null, confs=<EMPTY_MAP>
2019-07-13 19:22:41,257 INFO  server.RaftServerConfigKeys (ConfUtils.java:logGet(43)) - raft.server.storage.dir = [/tmp/workdir/hadoop-ozone/integration-test/target/test-dir/MiniOzoneClusterImpl-3d6cd069-ff82-4110-982d-1189e8e75f72/datanode-4/data/ratis] (custom)
2019-07-13 19:22:41,258 INFO  storage.RaftStorageDirectory (RaftStorageDirectory.java:analyzeStorage(246)) - The storage directory /tmp/workdir/hadoop-ozone/integration-test/target/test-dir/MiniOzoneClusterImpl-3d6cd069-ff82-4110-982d-1189e8e75f72/datanode-4/data/ratis/5e367322-fe33-40bf-b748-d333f4f3a5f7 does not exist. Creating ...
2019-07-13 19:22:41,271 INFO  storage.RaftStorageDirectory (RaftStorageDirectory.java:tryLock(328)) - Lock on /tmp/workdir/hadoop-ozone/integration-test/target/test-dir/MiniOzoneClusterImpl-3d6cd069-ff82-4110-982d-1189e8e75f72/datanode-4/data/ratis/5e367322-fe33-40bf-b748-d333f4f3a5f7/in_use.lock acquired by nodename 22884@trunk-nightly-fxqsz-774976932
2019-07-13 19:22:41,284 INFO  storage.RaftStorage (RaftStorage.java:format(72)) - Storage directory /tmp/workdir/hadoop-ozone/integration-test/target/test-dir/MiniOzoneClusterImpl-3d6cd069-ff82-4110-982d-1189e8e75f72/datanode-4/data/ratis/5e367322-fe33-40bf-b748-d333f4f3a5f7 has been successfully formatted.
2019-07-13 19:22:41,284 INFO  ratis.ContainerStateMachine (ContainerStateMachine.java:loadSnapshot(200)) - The snapshot info is null.Setting the last applied index to:(t:0, i:~)
2019-07-13 19:22:41,285 INFO  server.RaftServerConfigKeys (ConfUtils.java:logGet(43)) - raft.server.leader.election.timeout = 120s (custom)
2019-07-13 19:22:41,285 INFO  server.RaftServerConfigKeys (ConfUtils.java:logGet(43)) - raft.server.log.use.memory = false (default)
2019-07-13 19:22:41,285 INFO  server.RaftServerConfigKeys (ConfUtils.java:logGet(43)) - raft.server.log.purge.gap = 1000000000 (custom)
2019-07-13 19:22:41,285 INFO  server.RaftServerConfigKeys (ConfUtils.java:logGet(43)) - raft.server.log.appender.buffer.byte-limit = 33554432 (custom)
2019-07-13 19:22:41,285 INFO  server.RaftServerConfigKeys (ConfUtils.java:logGet(43)) - raft.server.log.segment.size.max = 1048576 (custom)
2019-07-13 19:22:41,285 INFO  server.RaftServerConfigKeys (ConfUtils.java:logGet(43)) - raft.server.log.segment.cache.num.max = 2 (custom)
2019-07-13 19:22:41,286 INFO  segmented.SegmentedRaftLogWorker (SegmentedRaftLogWorker.java:<init>(172)) - new 53fdef79-a21b-4ea1-a273-496996ac2873-SegmentedRaftLogWorker:Storage Directory /tmp/workdir/hadoop-ozone/integration-test/target/test-dir/MiniOzoneClusterImpl-3d6cd069-ff82-4110-982d-1189e8e75f72/datanode-4/data/ratis/5e367322-fe33-40bf-b748-d333f4f3a5f7 for RaftStorage:Storage Directory /tmp/workdir/hadoop-ozone/integration-test/target/test-dir/MiniOzoneClusterImpl-3d6cd069-ff82-4110-982d-1189e8e75f72/datanode-4/data/ratis/5e367322-fe33-40bf-b748-d333f4f3a5f7
2019-07-13 19:22:41,286 INFO  server.RaftServerConfigKeys (ConfUtils.java:logGet(43)) - raft.server.log.queue.byte-limit = 2147483647 (custom)
2019-07-13 19:22:41,286 INFO  server.RaftServerConfigKeys (ConfUtils.java:logGet(43)) - raft.server.log.queue.element-limit = 1024 (custom)
2019-07-13 19:22:41,286 INFO  server.RaftServerConfigKeys (ConfUtils.java:logGet(43)) - raft.server.log.segment.size.max = 1048576 (custom)
2019-07-13 19:22:41,286 INFO  server.RaftServerConfigKeys (ConfUtils.java:logGet(43)) - raft.server.log.preallocated.size = 16384 (custom)
2019-07-13 19:22:41,287 INFO  server.RaftServerConfigKeys (ConfUtils.java:logGet(43)) - raft.server.log.write.buffer.size = 33554432 (custom)
2019-07-13 19:22:41,287 INFO  server.RaftServerConfigKeys (ConfUtils.java:logGet(43)) - raft.server.log.force.sync.num = 128 (default)
2019-07-13 19:22:41,287 INFO  server.RaftServerConfigKeys (ConfUtils.java:logGet(43)) - raft.server.log.statemachine.data.sync = true (default)
2019-07-13 19:22:41,287 INFO  server.RaftServerConfigKeys (ConfUtils.java:logGet(43)) - raft.server.log.statemachine.data.sync.timeout = 10s (default)
2019-07-13 19:22:41,287 INFO  server.RaftServerConfigKeys (ConfUtils.java:logGet(43)) - raft.server.log.statemachine.data.sync.timeout.retry = -1 (default)
2019-07-13 19:22:41,287 INFO  server.RaftServerConfigKeys (ConfUtils.java:logGet(43)) - raft.server.log.statemachine.data.caching.enabled = true (custom)
2019-07-13 19:22:41,288 INFO  segmented.SegmentedRaftLogWorker (SegmentedRaftLogWorker.java:lambda$new$0(132)) - 53fdef79-a21b-4ea1-a273-496996ac2873-SegmentedRaftLogWorker:Storage Directory /tmp/workdir/hadoop-ozone/integration-test/target/test-dir/MiniOzoneClusterImpl-3d6cd069-ff82-4110-982d-1189e8e75f72/datanode-4/data/ratis/5e367322-fe33-40bf-b748-d333f4f3a5f7: flushIndex: setUnconditionally 0 -> -1
2019-07-13 19:22:41,288 INFO  server.RaftServerConfigKeys (ConfUtils.java:logGet(43)) - raft.server.snapshot.auto.trigger.enabled = true (custom)
2019-07-13 19:22:41,288 INFO  server.RaftServerConfigKeys (ConfUtils.java:logGet(43)) - raft.server.snapshot.auto.trigger.threshold = 10000 (custom)
2019-07-13 19:22:41,288 INFO  server.RaftServerConfigKeys (ConfUtils.java:logGet(43)) - raft.server.retrycache.expirytime = 600000ms (custom)
2019-07-13 19:22:41,289 INFO  impl.RaftServerImpl (RaftServerImpl.java:start(180)) - 53fdef79-a21b-4ea1-a273-496996ac2873: start group-D333F4F3A5F7
2019-07-13 19:22:41,289 INFO  impl.RaftServerImpl (RaftServerImpl.java:setRole(171)) - 53fdef79-a21b-4ea1-a273-496996ac2873:group-D333F4F3A5F7 changes role from null to FOLLOWER at term 0 for startAsFollower
2019-07-13 19:22:41,289 INFO  impl.RoleInfo (RoleInfo.java:updateAndGet(143)) - 53fdef79-a21b-4ea1-a273-496996ac2873: start FollowerState
2019-07-13 19:22:41,289 INFO  util.JmxRegister (JmxRegister.java:tryRegister(44)) - Successfully registered JMX Bean with object name Ratis:service=RaftServer,group=group-D333F4F3A5F7,id=53fdef79-a21b-4ea1-a273-496996ac2873
2019-07-13 19:22:41,294 INFO  pipeline.PipelineStateManager (PipelineStateManager.java:addPipeline(56)) - Created pipeline Pipeline[ Id: 5e367322-fe33-40bf-b748-d333f4f3a5f7, Nodes: 53fdef79-a21b-4ea1-a273-496996ac2873{ip: 192.168.69.122, host: trunk-nightly-fxqsz-774976932, networkLocation: /default-rack, certSerialId: null}, Type:RATIS, Factor:ONE, State:OPEN]
2019-07-13 19:22:41,424 INFO  node.SCMNodeManager (SCMNodeManager.java:register(269)) - Registered Data node : 4ea882ca-b825-4296-8082-3f2409f5f6db{ip: 192.168.69.122, host: trunk-nightly-fxqsz-774976932, networkLocation: /default-rack, certSerialId: null}
2019-07-13 19:22:41,431 INFO  impl.RaftServerProxy (RaftServerProxy.java:addNew(89)) - 4ea882ca-b825-4296-8082-3f2409f5f6db: addNew group-331A39D2C098:[4ea882ca-b825-4296-8082-3f2409f5f6db:192.168.69.122:42857] returns group-331A39D2C098:java.util.concurrent.CompletableFuture@44f657a8[Not completed]
2019-07-13 19:22:41,432 INFO  impl.RaftServerImpl (RaftServerImpl.java:<init>(93)) - 4ea882ca-b825-4296-8082-3f2409f5f6db: new RaftServerImpl for group-331A39D2C098:[4ea882ca-b825-4296-8082-3f2409f5f6db:192.168.69.122:42857] with ContainerStateMachine:uninitialized
2019-07-13 19:22:41,432 INFO  server.RaftServerConfigKeys (ConfUtils.java:logGet(43)) - raft.server.rpc.timeout.min = 5s (custom)
2019-07-13 19:22:41,432 INFO  server.RaftServerConfigKeys (ConfUtils.java:logGet(43)) - raft.server.rpc.timeout.max = 5200ms (custom)
2019-07-13 19:22:41,433 INFO  server.RaftServerConfigKeys (ConfUtils.java:logGet(43)) - raft.server.rpcslowness.timeout = 120s (custom)
2019-07-13 19:22:41,433 INFO  server.RaftServerConfigKeys (ConfUtils.java:logGet(43)) - raft.server.sleep.deviation.threshold = 300 (default)
2019-07-13 19:22:41,433 INFO  server.RaftServerConfigKeys (ConfUtils.java:logGet(43)) - raft.server.log.appender.install.snapshot.enabled = false (custom)
2019-07-13 19:22:41,433 INFO  impl.RaftServerImpl (ServerState.java:<init>(105)) - 4ea882ca-b825-4296-8082-3f2409f5f6db:group-331A39D2C098 ConfigurationManager, init=-1: [4ea882ca-b825-4296-8082-3f2409f5f6db:192.168.69.122:42857], old=null, confs=<EMPTY_MAP>
2019-07-13 19:22:41,433 INFO  server.RaftServerConfigKeys (ConfUtils.java:logGet(43)) - raft.server.storage.dir = [/tmp/workdir/hadoop-ozone/integration-test/target/test-dir/MiniOzoneClusterImpl-3d6cd069-ff82-4110-982d-1189e8e75f72/datanode-5/data/ratis] (custom)
2019-07-13 19:22:41,434 INFO  storage.RaftStorageDirectory (RaftStorageDirectory.java:analyzeStorage(246)) - The storage directory /tmp/workdir/hadoop-ozone/integration-test/target/test-dir/MiniOzoneClusterImpl-3d6cd069-ff82-4110-982d-1189e8e75f72/datanode-5/data/ratis/9eee443d-0adb-4dc7-9687-331a39d2c098 does not exist. Creating ...
2019-07-13 19:22:41,447 INFO  storage.RaftStorageDirectory (RaftStorageDirectory.java:tryLock(328)) - Lock on /tmp/workdir/hadoop-ozone/integration-test/target/test-dir/MiniOzoneClusterImpl-3d6cd069-ff82-4110-982d-1189e8e75f72/datanode-5/data/ratis/9eee443d-0adb-4dc7-9687-331a39d2c098/in_use.lock acquired by nodename 22884@trunk-nightly-fxqsz-774976932
2019-07-13 19:22:41,460 INFO  storage.RaftStorage (RaftStorage.java:format(72)) - Storage directory /tmp/workdir/hadoop-ozone/integration-test/target/test-dir/MiniOzoneClusterImpl-3d6cd069-ff82-4110-982d-1189e8e75f72/datanode-5/data/ratis/9eee443d-0adb-4dc7-9687-331a39d2c098 has been successfully formatted.
2019-07-13 19:22:41,460 INFO  ratis.ContainerStateMachine (ContainerStateMachine.java:loadSnapshot(200)) - The snapshot info is null.Setting the last applied index to:(t:0, i:~)
2019-07-13 19:22:41,461 INFO  server.RaftServerConfigKeys (ConfUtils.java:logGet(43)) - raft.server.leader.election.timeout = 120s (custom)
2019-07-13 19:22:41,461 INFO  server.RaftServerConfigKeys (ConfUtils.java:logGet(43)) - raft.server.log.use.memory = false (default)
2019-07-13 19:22:41,461 INFO  server.RaftServerConfigKeys (ConfUtils.java:logGet(43)) - raft.server.log.purge.gap = 1000000000 (custom)
2019-07-13 19:22:41,461 INFO  server.RaftServerConfigKeys (ConfUtils.java:logGet(43)) - raft.server.log.appender.buffer.byte-limit = 33554432 (custom)
2019-07-13 19:22:41,461 INFO  server.RaftServerConfigKeys (ConfUtils.java:logGet(43)) - raft.server.log.segment.size.max = 1048576 (custom)
2019-07-13 19:22:41,461 INFO  server.RaftServerConfigKeys (ConfUtils.java:logGet(43)) - raft.server.log.segment.cache.num.max = 2 (custom)
2019-07-13 19:22:41,462 INFO  segmented.SegmentedRaftLogWorker (SegmentedRaftLogWorker.java:<init>(172)) - new 4ea882ca-b825-4296-8082-3f2409f5f6db-SegmentedRaftLogWorker:Storage Directory /tmp/workdir/hadoop-ozone/integration-test/target/test-dir/MiniOzoneClusterImpl-3d6cd069-ff82-4110-982d-1189e8e75f72/datanode-5/data/ratis/9eee443d-0adb-4dc7-9687-331a39d2c098 for RaftStorage:Storage Directory /tmp/workdir/hadoop-ozone/integration-test/target/test-dir/MiniOzoneClusterImpl-3d6cd069-ff82-4110-982d-1189e8e75f72/datanode-5/data/ratis/9eee443d-0adb-4dc7-9687-331a39d2c098
2019-07-13 19:22:41,462 INFO  server.RaftServerConfigKeys (ConfUtils.java:logGet(43)) - raft.server.log.queue.byte-limit = 2147483647 (custom)
2019-07-13 19:22:41,462 INFO  server.RaftServerConfigKeys (ConfUtils.java:logGet(43)) - raft.server.log.queue.element-limit = 1024 (custom)
2019-07-13 19:22:41,462 INFO  server.RaftServerConfigKeys (ConfUtils.java:logGet(43)) - raft.server.log.segment.size.max = 1048576 (custom)
2019-07-13 19:22:41,462 INFO  server.RaftServerConfigKeys (ConfUtils.java:logGet(43)) - raft.server.log.preallocated.size = 16384 (custom)
2019-07-13 19:22:41,462 INFO  server.RaftServerConfigKeys (ConfUtils.java:logGet(43)) - raft.server.log.write.buffer.size = 33554432 (custom)
2019-07-13 19:22:41,463 INFO  server.RaftServerConfigKeys (ConfUtils.java:logGet(43)) - raft.server.log.force.sync.num = 128 (default)
2019-07-13 19:22:41,463 INFO  server.RaftServerConfigKeys (ConfUtils.java:logGet(43)) - raft.server.log.statemachine.data.sync = true (default)
2019-07-13 19:22:41,463 INFO  server.RaftServerConfigKeys (ConfUtils.java:logGet(43)) - raft.server.log.statemachine.data.sync.timeout = 10s (default)
2019-07-13 19:22:41,463 INFO  server.RaftServerConfigKeys (ConfUtils.java:logGet(43)) - raft.server.log.statemachine.data.sync.timeout.retry = -1 (default)
2019-07-13 19:22:41,463 INFO  server.RaftServerConfigKeys (ConfUtils.java:logGet(43)) - raft.server.log.statemachine.data.caching.enabled = true (custom)
2019-07-13 19:22:41,464 INFO  segmented.SegmentedRaftLogWorker (SegmentedRaftLogWorker.java:lambda$new$0(132)) - 4ea882ca-b825-4296-8082-3f2409f5f6db-SegmentedRaftLogWorker:Storage Directory /tmp/workdir/hadoop-ozone/integration-test/target/test-dir/MiniOzoneClusterImpl-3d6cd069-ff82-4110-982d-1189e8e75f72/datanode-5/data/ratis/9eee443d-0adb-4dc7-9687-331a39d2c098: flushIndex: setUnconditionally 0 -> -1
2019-07-13 19:22:41,464 INFO  server.RaftServerConfigKeys (ConfUtils.java:logGet(43)) - raft.server.snapshot.auto.trigger.enabled = true (custom)
2019-07-13 19:22:41,464 INFO  server.RaftServerConfigKeys (ConfUtils.java:logGet(43)) - raft.server.snapshot.auto.trigger.threshold = 10000 (custom)
2019-07-13 19:22:41,464 INFO  server.RaftServerConfigKeys (ConfUtils.java:logGet(43)) - raft.server.retrycache.expirytime = 600000ms (custom)
2019-07-13 19:22:41,465 INFO  impl.RaftServerImpl (RaftServerImpl.java:start(180)) - 4ea882ca-b825-4296-8082-3f2409f5f6db: start group-331A39D2C098
2019-07-13 19:22:41,465 INFO  impl.RaftServerImpl (RaftServerImpl.java:setRole(171)) - 4ea882ca-b825-4296-8082-3f2409f5f6db:group-331A39D2C098 changes role from null to FOLLOWER at term 0 for startAsFollower
2019-07-13 19:22:41,465 INFO  impl.RoleInfo (RoleInfo.java:updateAndGet(143)) - 4ea882ca-b825-4296-8082-3f2409f5f6db: start FollowerState
2019-07-13 19:22:41,465 INFO  util.JmxRegister (JmxRegister.java:tryRegister(44)) - Successfully registered JMX Bean with object name Ratis:service=RaftServer,group=group-331A39D2C098,id=4ea882ca-b825-4296-8082-3f2409f5f6db
2019-07-13 19:22:41,470 INFO  pipeline.PipelineStateManager (PipelineStateManager.java:addPipeline(56)) - Created pipeline Pipeline[ Id: 9eee443d-0adb-4dc7-9687-331a39d2c098, Nodes: 4ea882ca-b825-4296-8082-3f2409f5f6db{ip: 192.168.69.122, host: trunk-nightly-fxqsz-774976932, networkLocation: /default-rack, certSerialId: null}, Type:RATIS, Factor:ONE, State:OPEN]
2019-07-13 19:22:41,485 INFO  impl.RaftServerProxy (RaftServerProxy.java:addNew(89)) - 4ea882ca-b825-4296-8082-3f2409f5f6db: addNew group-C81448EB3658:[4ea882ca-b825-4296-8082-3f2409f5f6db:192.168.69.122:42857, 61924693-d283-4f9d-bc33-1ba4a640d0c5:192.168.69.122:34632, 53fdef79-a21b-4ea1-a273-496996ac2873:192.168.69.122:40240] returns group-C81448EB3658:java.util.concurrent.CompletableFuture@21685de5[Not completed]
2019-07-13 19:22:41,485 INFO  impl.RaftServerProxy (RaftServerProxy.java:addNew(89)) - 61924693-d283-4f9d-bc33-1ba4a640d0c5: addNew group-C81448EB3658:[4ea882ca-b825-4296-8082-3f2409f5f6db:192.168.69.122:42857, 61924693-d283-4f9d-bc33-1ba4a640d0c5:192.168.69.122:34632, 53fdef79-a21b-4ea1-a273-496996ac2873:192.168.69.122:40240] returns group-C81448EB3658:java.util.concurrent.CompletableFuture@73744a9d[Not completed]
2019-07-13 19:22:41,485 INFO  impl.RaftServerProxy (RaftServerProxy.java:addNew(89)) - 53fdef79-a21b-4ea1-a273-496996ac2873: addNew group-C81448EB3658:[4ea882ca-b825-4296-8082-3f2409f5f6db:192.168.69.122:42857, 61924693-d283-4f9d-bc33-1ba4a640d0c5:192.168.69.122:34632, 53fdef79-a21b-4ea1-a273-496996ac2873:192.168.69.122:40240] returns group-C81448EB3658:java.util.concurrent.CompletableFuture@bedea1[Not completed]
2019-07-13 19:22:41,486 INFO  impl.RaftServerImpl (RaftServerImpl.java:<init>(93)) - 53fdef79-a21b-4ea1-a273-496996ac2873: new RaftServerImpl for group-C81448EB3658:[4ea882ca-b825-4296-8082-3f2409f5f6db:192.168.69.122:42857, 61924693-d283-4f9d-bc33-1ba4a640d0c5:192.168.69.122:34632, 53fdef79-a21b-4ea1-a273-496996ac2873:192.168.69.122:40240] with ContainerStateMachine:uninitialized
2019-07-13 19:22:41,486 INFO  server.RaftServerConfigKeys (ConfUtils.java:logGet(43)) - raft.server.rpc.timeout.min = 5s (custom)
2019-07-13 19:22:41,486 INFO  server.RaftServerConfigKeys (ConfUtils.java:logGet(43)) - raft.server.rpc.timeout.max = 5200ms (custom)
2019-07-13 19:22:41,487 INFO  server.RaftServerConfigKeys (ConfUtils.java:logGet(43)) - raft.server.rpcslowness.timeout = 120s (custom)
2019-07-13 19:22:41,487 INFO  impl.RaftServerImpl (RaftServerImpl.java:<init>(93)) - 61924693-d283-4f9d-bc33-1ba4a640d0c5: new RaftServerImpl for group-C81448EB3658:[4ea882ca-b825-4296-8082-3f2409f5f6db:192.168.69.122:42857, 61924693-d283-4f9d-bc33-1ba4a640d0c5:192.168.69.122:34632, 53fdef79-a21b-4ea1-a273-496996ac2873:192.168.69.122:40240] with ContainerStateMachine:uninitialized
2019-07-13 19:22:41,487 INFO  server.RaftServerConfigKeys (ConfUtils.java:logGet(43)) - raft.server.sleep.deviation.threshold = 300 (default)
2019-07-13 19:22:41,487 INFO  server.RaftServerConfigKeys (ConfUtils.java:logGet(43)) - raft.server.rpc.timeout.min = 5s (custom)
2019-07-13 19:22:41,487 INFO  server.RaftServerConfigKeys (ConfUtils.java:logGet(43)) - raft.server.log.appender.install.snapshot.enabled = false (custom)
2019-07-13 19:22:41,487 INFO  impl.RaftServerImpl (RaftServerImpl.java:<init>(93)) - 4ea882ca-b825-4296-8082-3f2409f5f6db: new RaftServerImpl for group-C81448EB3658:[4ea882ca-b825-4296-8082-3f2409f5f6db:192.168.69.122:42857, 61924693-d283-4f9d-bc33-1ba4a640d0c5:192.168.69.122:34632, 53fdef79-a21b-4ea1-a273-496996ac2873:192.168.69.122:40240] with ContainerStateMachine:uninitialized
2019-07-13 19:22:41,487 INFO  impl.RaftServerImpl (ServerState.java:<init>(105)) - 53fdef79-a21b-4ea1-a273-496996ac2873:group-C81448EB3658 ConfigurationManager, init=-1: [4ea882ca-b825-4296-8082-3f2409f5f6db:192.168.69.122:42857, 61924693-d283-4f9d-bc33-1ba4a640d0c5:192.168.69.122:34632, 53fdef79-a21b-4ea1-a273-496996ac2873:192.168.69.122:40240], old=null, confs=<EMPTY_MAP>
2019-07-13 19:22:41,487 INFO  server.RaftServerConfigKeys (ConfUtils.java:logGet(43)) - raft.server.rpc.timeout.max = 5200ms (custom)
2019-07-13 19:22:41,488 INFO  server.RaftServerConfigKeys (ConfUtils.java:logGet(43)) - raft.server.storage.dir = [/tmp/workdir/hadoop-ozone/integration-test/target/test-dir/MiniOzoneClusterImpl-3d6cd069-ff82-4110-982d-1189e8e75f72/datanode-4/data/ratis] (custom)
2019-07-13 19:22:41,487 INFO  server.RaftServerConfigKeys (ConfUtils.java:logGet(43)) - raft.server.rpc.timeout.min = 5s (custom)
2019-07-13 19:22:41,488 INFO  server.RaftServerConfigKeys (ConfUtils.java:logGet(43)) - raft.server.rpcslowness.timeout = 120s (custom)
2019-07-13 19:22:41,488 INFO  storage.RaftStorageDirectory (RaftStorageDirectory.java:analyzeStorage(246)) - The storage directory /tmp/workdir/hadoop-ozone/integration-test/target/test-dir/MiniOzoneClusterImpl-3d6cd069-ff82-4110-982d-1189e8e75f72/datanode-4/data/ratis/14a22127-73e6-40a2-9736-c81448eb3658 does not exist. Creating ...
2019-07-13 19:22:41,488 INFO  server.RaftServerConfigKeys (ConfUtils.java:logGet(43)) - raft.server.rpc.timeout.max = 5200ms (custom)
2019-07-13 19:22:41,488 INFO  server.RaftServerConfigKeys (ConfUtils.java:logGet(43)) - raft.server.sleep.deviation.threshold = 300 (default)
2019-07-13 19:22:41,488 INFO  server.RaftServerConfigKeys (ConfUtils.java:logGet(43)) - raft.server.rpcslowness.timeout = 120s (custom)
2019-07-13 19:22:41,489 INFO  server.RaftServerConfigKeys (ConfUtils.java:logGet(43)) - raft.server.log.appender.install.snapshot.enabled = false (custom)
2019-07-13 19:22:41,489 INFO  server.RaftServerConfigKeys (ConfUtils.java:logGet(43)) - raft.server.sleep.deviation.threshold = 300 (default)
2019-07-13 19:22:41,489 INFO  impl.RaftServerImpl (ServerState.java:<init>(105)) - 61924693-d283-4f9d-bc33-1ba4a640d0c5:group-C81448EB3658 ConfigurationManager, init=-1: [4ea882ca-b825-4296-8082-3f2409f5f6db:192.168.69.122:42857, 61924693-d283-4f9d-bc33-1ba4a640d0c5:192.168.69.122:34632, 53fdef79-a21b-4ea1-a273-496996ac2873:192.168.69.122:40240], old=null, confs=<EMPTY_MAP>
2019-07-13 19:22:41,489 INFO  server.RaftServerConfigKeys (ConfUtils.java:logGet(43)) - raft.server.log.appender.install.snapshot.enabled = false (custom)
2019-07-13 19:22:41,489 INFO  server.RaftServerConfigKeys (ConfUtils.java:logGet(43)) - raft.server.storage.dir = [/tmp/workdir/hadoop-ozone/integration-test/target/test-dir/MiniOzoneClusterImpl-3d6cd069-ff82-4110-982d-1189e8e75f72/datanode-3/data/ratis] (custom)
2019-07-13 19:22:41,489 INFO  impl.RaftServerImpl (ServerState.java:<init>(105)) - 4ea882ca-b825-4296-8082-3f2409f5f6db:group-C81448EB3658 ConfigurationManager, init=-1: [4ea882ca-b825-4296-8082-3f2409f5f6db:192.168.69.122:42857, 61924693-d283-4f9d-bc33-1ba4a640d0c5:192.168.69.122:34632, 53fdef79-a21b-4ea1-a273-496996ac2873:192.168.69.122:40240], old=null, confs=<EMPTY_MAP>
2019-07-13 19:22:41,490 INFO  server.RaftServerConfigKeys (ConfUtils.java:logGet(43)) - raft.server.storage.dir = [/tmp/workdir/hadoop-ozone/integration-test/target/test-dir/MiniOzoneClusterImpl-3d6cd069-ff82-4110-982d-1189e8e75f72/datanode-5/data/ratis] (custom)
2019-07-13 19:22:41,490 INFO  storage.RaftStorageDirectory (RaftStorageDirectory.java:analyzeStorage(246)) - The storage directory /tmp/workdir/hadoop-ozone/integration-test/target/test-dir/MiniOzoneClusterImpl-3d6cd069-ff82-4110-982d-1189e8e75f72/datanode-3/data/ratis/14a22127-73e6-40a2-9736-c81448eb3658 does not exist. Creating ...
2019-07-13 19:22:41,490 INFO  storage.RaftStorageDirectory (RaftStorageDirectory.java:analyzeStorage(246)) - The storage directory /tmp/workdir/hadoop-ozone/integration-test/target/test-dir/MiniOzoneClusterImpl-3d6cd069-ff82-4110-982d-1189e8e75f72/datanode-5/data/ratis/14a22127-73e6-40a2-9736-c81448eb3658 does not exist. Creating ...
2019-07-13 19:22:41,502 INFO  storage.RaftStorageDirectory (RaftStorageDirectory.java:tryLock(328)) - Lock on /tmp/workdir/hadoop-ozone/integration-test/target/test-dir/MiniOzoneClusterImpl-3d6cd069-ff82-4110-982d-1189e8e75f72/datanode-3/data/ratis/14a22127-73e6-40a2-9736-c81448eb3658/in_use.lock acquired by nodename 22884@trunk-nightly-fxqsz-774976932
2019-07-13 19:22:41,502 INFO  storage.RaftStorageDirectory (RaftStorageDirectory.java:tryLock(328)) - Lock on /tmp/workdir/hadoop-ozone/integration-test/target/test-dir/MiniOzoneClusterImpl-3d6cd069-ff82-4110-982d-1189e8e75f72/datanode-4/data/ratis/14a22127-73e6-40a2-9736-c81448eb3658/in_use.lock acquired by nodename 22884@trunk-nightly-fxqsz-774976932
2019-07-13 19:22:41,502 INFO  storage.RaftStorageDirectory (RaftStorageDirectory.java:tryLock(328)) - Lock on /tmp/workdir/hadoop-ozone/integration-test/target/test-dir/MiniOzoneClusterImpl-3d6cd069-ff82-4110-982d-1189e8e75f72/datanode-5/data/ratis/14a22127-73e6-40a2-9736-c81448eb3658/in_use.lock acquired by nodename 22884@trunk-nightly-fxqsz-774976932
2019-07-13 19:22:41,516 INFO  storage.RaftStorage (RaftStorage.java:format(72)) - Storage directory /tmp/workdir/hadoop-ozone/integration-test/target/test-dir/MiniOzoneClusterImpl-3d6cd069-ff82-4110-982d-1189e8e75f72/datanode-3/data/ratis/14a22127-73e6-40a2-9736-c81448eb3658 has been successfully formatted.
2019-07-13 19:22:41,516 INFO  storage.RaftStorage (RaftStorage.java:format(72)) - Storage directory /tmp/workdir/hadoop-ozone/integration-test/target/test-dir/MiniOzoneClusterImpl-3d6cd069-ff82-4110-982d-1189e8e75f72/datanode-4/data/ratis/14a22127-73e6-40a2-9736-c81448eb3658 has been successfully formatted.
2019-07-13 19:22:41,516 INFO  storage.RaftStorage (RaftStorage.java:format(72)) - Storage directory /tmp/workdir/hadoop-ozone/integration-test/target/test-dir/MiniOzoneClusterImpl-3d6cd069-ff82-4110-982d-1189e8e75f72/datanode-5/data/ratis/14a22127-73e6-40a2-9736-c81448eb3658 has been successfully formatted.
2019-07-13 19:22:41,517 INFO  ratis.ContainerStateMachine (ContainerStateMachine.java:loadSnapshot(200)) - The snapshot info is null.Setting the last applied index to:(t:0, i:~)
2019-07-13 19:22:41,517 INFO  ratis.ContainerStateMachine (ContainerStateMachine.java:loadSnapshot(200)) - The snapshot info is null.Setting the last applied index to:(t:0, i:~)
2019-07-13 19:22:41,516 INFO  ratis.ContainerStateMachine (ContainerStateMachine.java:loadSnapshot(200)) - The snapshot info is null.Setting the last applied index to:(t:0, i:~)
2019-07-13 19:22:41,517 INFO  server.RaftServerConfigKeys (ConfUtils.java:logGet(43)) - raft.server.leader.election.timeout = 120s (custom)
2019-07-13 19:22:41,517 INFO  server.RaftServerConfigKeys (ConfUtils.java:logGet(43)) - raft.server.log.use.memory = false (default)
2019-07-13 19:22:41,517 INFO  server.RaftServerConfigKeys (ConfUtils.java:logGet(43)) - raft.server.leader.election.timeout = 120s (custom)
2019-07-13 19:22:41,517 INFO  server.RaftServerConfigKeys (ConfUtils.java:logGet(43)) - raft.server.log.purge.gap = 1000000000 (custom)
2019-07-13 19:22:41,518 INFO  server.RaftServerConfigKeys (ConfUtils.java:logGet(43)) - raft.server.log.appender.buffer.byte-limit = 33554432 (custom)
2019-07-13 19:22:41,517 INFO  server.RaftServerConfigKeys (ConfUtils.java:logGet(43)) - raft.server.leader.election.timeout = 120s (custom)
2019-07-13 19:22:41,518 INFO  server.RaftServerConfigKeys (ConfUtils.java:logGet(43)) - raft.server.log.segment.size.max = 1048576 (custom)
2019-07-13 19:22:41,518 INFO  server.RaftServerConfigKeys (ConfUtils.java:logGet(43)) - raft.server.log.segment.cache.num.max = 2 (custom)
2019-07-13 19:22:41,518 INFO  server.RaftServerConfigKeys (ConfUtils.java:logGet(43)) - raft.server.log.use.memory = false (default)
2019-07-13 19:22:41,518 INFO  segmented.SegmentedRaftLogWorker (SegmentedRaftLogWorker.java:<init>(172)) - new 4ea882ca-b825-4296-8082-3f2409f5f6db-SegmentedRaftLogWorker:Storage Directory /tmp/workdir/hadoop-ozone/integration-test/target/test-dir/MiniOzoneClusterImpl-3d6cd069-ff82-4110-982d-1189e8e75f72/datanode-5/data/ratis/14a22127-73e6-40a2-9736-c81448eb3658 for RaftStorage:Storage Directory /tmp/workdir/hadoop-ozone/integration-test/target/test-dir/MiniOzoneClusterImpl-3d6cd069-ff82-4110-982d-1189e8e75f72/datanode-5/data/ratis/14a22127-73e6-40a2-9736-c81448eb3658
2019-07-13 19:22:41,518 INFO  server.RaftServerConfigKeys (ConfUtils.java:logGet(43)) - raft.server.log.use.memory = false (default)
2019-07-13 19:22:41,519 INFO  server.RaftServerConfigKeys (ConfUtils.java:logGet(43)) - raft.server.log.queue.byte-limit = 2147483647 (custom)
2019-07-13 19:22:41,519 INFO  server.RaftServerConfigKeys (ConfUtils.java:logGet(43)) - raft.server.log.purge.gap = 1000000000 (custom)
2019-07-13 19:22:41,519 INFO  server.RaftServerConfigKeys (ConfUtils.java:logGet(43)) - raft.server.log.queue.element-limit = 1024 (custom)
2019-07-13 19:22:41,519 INFO  server.RaftServerConfigKeys (ConfUtils.java:logGet(43)) - raft.server.log.purge.gap = 1000000000 (custom)
2019-07-13 19:22:41,519 INFO  server.RaftServerConfigKeys (ConfUtils.java:logGet(43)) - raft.server.log.segment.size.max = 1048576 (custom)
2019-07-13 19:22:41,520 INFO  server.RaftServerConfigKeys (ConfUtils.java:logGet(43)) - raft.server.log.preallocated.size = 16384 (custom)
2019-07-13 19:22:41,519 INFO  server.RaftServerConfigKeys (ConfUtils.java:logGet(43)) - raft.server.log.appender.buffer.byte-limit = 33554432 (custom)
2019-07-13 19:22:41,520 INFO  server.RaftServerConfigKeys (ConfUtils.java:logGet(43)) - raft.server.log.write.buffer.size = 33554432 (custom)
2019-07-13 19:22:41,520 INFO  server.RaftServerConfigKeys (ConfUtils.java:logGet(43)) - raft.server.log.force.sync.num = 128 (default)
2019-07-13 19:22:41,520 INFO  server.RaftServerConfigKeys (ConfUtils.java:logGet(43)) - raft.server.log.appender.buffer.byte-limit = 33554432 (custom)
2019-07-13 19:22:41,520 INFO  server.RaftServerConfigKeys (ConfUtils.java:logGet(43)) - raft.server.log.statemachine.data.sync = true (default)
2019-07-13 19:22:41,520 INFO  server.RaftServerConfigKeys (ConfUtils.java:logGet(43)) - raft.server.log.segment.size.max = 1048576 (custom)
2019-07-13 19:22:41,521 INFO  server.RaftServerConfigKeys (ConfUtils.java:logGet(43)) - raft.server.log.statemachine.data.sync.timeout = 10s (default)
2019-07-13 19:22:41,520 INFO  server.RaftServerConfigKeys (ConfUtils.java:logGet(43)) - raft.server.log.segment.size.max = 1048576 (custom)
2019-07-13 19:22:41,521 INFO  server.RaftServerConfigKeys (ConfUtils.java:logGet(43)) - raft.server.log.statemachine.data.sync.timeout.retry = -1 (default)
2019-07-13 19:22:41,521 INFO  server.RaftServerConfigKeys (ConfUtils.java:logGet(43)) - raft.server.log.segment.cache.num.max = 2 (custom)
2019-07-13 19:22:41,521 INFO  server.RaftServerConfigKeys (ConfUtils.java:logGet(43)) - raft.server.log.statemachine.data.caching.enabled = true (custom)
2019-07-13 19:22:41,521 INFO  server.RaftServerConfigKeys (ConfUtils.java:logGet(43)) - raft.server.log.segment.cache.num.max = 2 (custom)
2019-07-13 19:22:41,521 INFO  segmented.SegmentedRaftLogWorker (SegmentedRaftLogWorker.java:<init>(172)) - new 53fdef79-a21b-4ea1-a273-496996ac2873-SegmentedRaftLogWorker:Storage Directory /tmp/workdir/hadoop-ozone/integration-test/target/test-dir/MiniOzoneClusterImpl-3d6cd069-ff82-4110-982d-1189e8e75f72/datanode-4/data/ratis/14a22127-73e6-40a2-9736-c81448eb3658 for RaftStorage:Storage Directory /tmp/workdir/hadoop-ozone/integration-test/target/test-dir/MiniOzoneClusterImpl-3d6cd069-ff82-4110-982d-1189e8e75f72/datanode-4/data/ratis/14a22127-73e6-40a2-9736-c81448eb3658
2019-07-13 19:22:41,522 INFO  segmented.SegmentedRaftLogWorker (SegmentedRaftLogWorker.java:<init>(172)) - new 61924693-d283-4f9d-bc33-1ba4a640d0c5-SegmentedRaftLogWorker:Storage Directory /tmp/workdir/hadoop-ozone/integration-test/target/test-dir/MiniOzoneClusterImpl-3d6cd069-ff82-4110-982d-1189e8e75f72/datanode-3/data/ratis/14a22127-73e6-40a2-9736-c81448eb3658 for RaftStorage:Storage Directory /tmp/workdir/hadoop-ozone/integration-test/target/test-dir/MiniOzoneClusterImpl-3d6cd069-ff82-4110-982d-1189e8e75f72/datanode-3/data/ratis/14a22127-73e6-40a2-9736-c81448eb3658
2019-07-13 19:22:41,522 INFO  server.RaftServerConfigKeys (ConfUtils.java:logGet(43)) - raft.server.log.queue.byte-limit = 2147483647 (custom)
2019-07-13 19:22:41,522 INFO  server.RaftServerConfigKeys (ConfUtils.java:logGet(43)) - raft.server.log.queue.byte-limit = 2147483647 (custom)
2019-07-13 19:22:41,522 INFO  server.RaftServerConfigKeys (ConfUtils.java:logGet(43)) - raft.server.log.queue.element-limit = 1024 (custom)
2019-07-13 19:22:41,523 INFO  segmented.SegmentedRaftLogWorker (SegmentedRaftLogWorker.java:lambda$new$0(132)) - 4ea882ca-b825-4296-8082-3f2409f5f6db-SegmentedRaftLogWorker:Storage Directory /tmp/workdir/hadoop-ozone/integration-test/target/test-dir/MiniOzoneClusterImpl-3d6cd069-ff82-4110-982d-1189e8e75f72/datanode-5/data/ratis/14a22127-73e6-40a2-9736-c81448eb3658: flushIndex: setUnconditionally 0 -> -1
2019-07-13 19:22:41,522 INFO  server.RaftServerConfigKeys (ConfUtils.java:logGet(43)) - raft.server.log.queue.element-limit = 1024 (custom)
2019-07-13 19:22:41,523 INFO  server.RaftServerConfigKeys (ConfUtils.java:logGet(43)) - raft.server.log.segment.size.max = 1048576 (custom)
2019-07-13 19:22:41,523 INFO  server.RaftServerConfigKeys (ConfUtils.java:logGet(43)) - raft.server.snapshot.auto.trigger.enabled = true (custom)
2019-07-13 19:22:41,523 INFO  server.RaftServerConfigKeys (ConfUtils.java:logGet(43)) - raft.server.log.segment.size.max = 1048576 (custom)
2019-07-13 19:22:41,523 INFO  server.RaftServerConfigKeys (ConfUtils.java:logGet(43)) - raft.server.snapshot.auto.trigger.threshold = 10000 (custom)
2019-07-13 19:22:41,523 INFO  server.RaftServerConfigKeys (ConfUtils.java:logGet(43)) - raft.server.log.preallocated.size = 16384 (custom)
2019-07-13 19:22:41,524 INFO  server.RaftServerConfigKeys (ConfUtils.java:logGet(43)) - raft.server.retrycache.expirytime = 600000ms (custom)
2019-07-13 19:22:41,523 INFO  server.RaftServerConfigKeys (ConfUtils.java:logGet(43)) - raft.server.log.preallocated.size = 16384 (custom)
2019-07-13 19:22:41,524 INFO  impl.RaftServerImpl (RaftServerImpl.java:start(180)) - 4ea882ca-b825-4296-8082-3f2409f5f6db: start group-C81448EB3658
2019-07-13 19:22:41,524 INFO  impl.RaftServerImpl (RaftServerImpl.java:setRole(171)) - 4ea882ca-b825-4296-8082-3f2409f5f6db:group-C81448EB3658 changes role from null to FOLLOWER at term 0 for startAsFollower
2019-07-13 19:22:41,524 INFO  server.RaftServerConfigKeys (ConfUtils.java:logGet(43)) - raft.server.log.write.buffer.size = 33554432 (custom)
2019-07-13 19:22:41,524 INFO  impl.RoleInfo (RoleInfo.java:updateAndGet(143)) - 4ea882ca-b825-4296-8082-3f2409f5f6db: start FollowerState
2019-07-13 19:22:41,524 INFO  server.RaftServerConfigKeys (ConfUtils.java:logGet(43)) - raft.server.log.write.buffer.size = 33554432 (custom)
2019-07-13 19:22:41,525 INFO  server.RaftServerConfigKeys (ConfUtils.java:logGet(43)) - raft.server.log.force.sync.num = 128 (default)
2019-07-13 19:22:41,525 INFO  util.JmxRegister (JmxRegister.java:tryRegister(44)) - Successfully registered JMX Bean with object name Ratis:service=RaftServer,group=group-C81448EB3658,id=4ea882ca-b825-4296-8082-3f2409f5f6db
2019-07-13 19:22:41,525 INFO  server.RaftServerConfigKeys (ConfUtils.java:logGet(43)) - raft.server.log.force.sync.num = 128 (default)
2019-07-13 19:22:41,525 INFO  server.RaftServerConfigKeys (ConfUtils.java:logGet(43)) - raft.server.log.statemachine.data.sync = true (default)
2019-07-13 19:22:41,525 INFO  server.RaftServerConfigKeys (ConfUtils.java:logGet(43)) - raft.server.log.statemachine.data.sync = true (default)
2019-07-13 19:22:41,526 INFO  server.RaftServerConfigKeys (ConfUtils.java:logGet(43)) - raft.server.log.statemachine.data.sync.timeout = 10s (default)
2019-07-13 19:22:41,526 INFO  server.RaftServerConfigKeys (ConfUtils.java:logGet(43)) - raft.server.log.statemachine.data.sync.timeout = 10s (default)
2019-07-13 19:22:41,526 INFO  server.RaftServerConfigKeys (ConfUtils.java:logGet(43)) - raft.server.log.statemachine.data.sync.timeout.retry = -1 (default)
2019-07-13 19:22:41,526 INFO  server.RaftServerConfigKeys (ConfUtils.java:logGet(43)) - raft.server.log.statemachine.data.sync.timeout.retry = -1 (default)
2019-07-13 19:22:41,526 INFO  server.RaftServerConfigKeys (ConfUtils.java:logGet(43)) - raft.server.log.statemachine.data.caching.enabled = true (custom)
2019-07-13 19:22:41,529 INFO  server.RaftServerConfigKeys (ConfUtils.java:logGet(43)) - raft.server.log.statemachine.data.caching.enabled = true (custom)
2019-07-13 19:22:41,529 INFO  segmented.SegmentedRaftLogWorker (SegmentedRaftLogWorker.java:lambda$new$0(132)) - 53fdef79-a21b-4ea1-a273-496996ac2873-SegmentedRaftLogWorker:Storage Directory /tmp/workdir/hadoop-ozone/integration-test/target/test-dir/MiniOzoneClusterImpl-3d6cd069-ff82-4110-982d-1189e8e75f72/datanode-4/data/ratis/14a22127-73e6-40a2-9736-c81448eb3658: flushIndex: setUnconditionally 0 -> -1
2019-07-13 19:22:41,529 INFO  segmented.SegmentedRaftLogWorker (SegmentedRaftLogWorker.java:lambda$new$0(132)) - 61924693-d283-4f9d-bc33-1ba4a640d0c5-SegmentedRaftLogWorker:Storage Directory /tmp/workdir/hadoop-ozone/integration-test/target/test-dir/MiniOzoneClusterImpl-3d6cd069-ff82-4110-982d-1189e8e75f72/datanode-3/data/ratis/14a22127-73e6-40a2-9736-c81448eb3658: flushIndex: setUnconditionally 0 -> -1
2019-07-13 19:22:41,530 INFO  server.RaftServerConfigKeys (ConfUtils.java:logGet(43)) - raft.server.snapshot.auto.trigger.enabled = true (custom)
2019-07-13 19:22:41,530 INFO  server.RaftServerConfigKeys (ConfUtils.java:logGet(43)) - raft.server.snapshot.auto.trigger.enabled = true (custom)
2019-07-13 19:22:41,530 INFO  server.RaftServerConfigKeys (ConfUtils.java:logGet(43)) - raft.server.snapshot.auto.trigger.threshold = 10000 (custom)
2019-07-13 19:22:41,530 INFO  server.RaftServerConfigKeys (ConfUtils.java:logGet(43)) - raft.server.snapshot.auto.trigger.threshold = 10000 (custom)
2019-07-13 19:22:41,530 INFO  server.RaftServerConfigKeys (ConfUtils.java:logGet(43)) - raft.server.retrycache.expirytime = 600000ms (custom)
2019-07-13 19:22:41,530 INFO  server.RaftServerConfigKeys (ConfUtils.java:logGet(43)) - raft.server.retrycache.expirytime = 600000ms (custom)
2019-07-13 19:22:41,530 INFO  impl.RaftServerImpl (RaftServerImpl.java:start(180)) - 53fdef79-a21b-4ea1-a273-496996ac2873: start group-C81448EB3658
2019-07-13 19:22:41,531 INFO  impl.RaftServerImpl (RaftServerImpl.java:start(180)) - 61924693-d283-4f9d-bc33-1ba4a640d0c5: start group-C81448EB3658
2019-07-13 19:22:41,531 INFO  impl.RaftServerImpl (RaftServerImpl.java:setRole(171)) - 53fdef79-a21b-4ea1-a273-496996ac2873:group-C81448EB3658 changes role from null to FOLLOWER at term 0 for startAsFollower
2019-07-13 19:22:41,531 INFO  impl.RaftServerImpl (RaftServerImpl.java:setRole(171)) - 61924693-d283-4f9d-bc33-1ba4a640d0c5:group-C81448EB3658 changes role from null to FOLLOWER at term 0 for startAsFollower
2019-07-13 19:22:41,531 INFO  impl.RoleInfo (RoleInfo.java:updateAndGet(143)) - 53fdef79-a21b-4ea1-a273-496996ac2873: start FollowerState
2019-07-13 19:22:41,531 INFO  impl.RoleInfo (RoleInfo.java:updateAndGet(143)) - 61924693-d283-4f9d-bc33-1ba4a640d0c5: start FollowerState
2019-07-13 19:22:41,531 INFO  util.JmxRegister (JmxRegister.java:tryRegister(44)) - Successfully registered JMX Bean with object name Ratis:service=RaftServer,group=group-C81448EB3658,id=53fdef79-a21b-4ea1-a273-496996ac2873
2019-07-13 19:22:41,532 INFO  util.JmxRegister (JmxRegister.java:tryRegister(44)) - Successfully registered JMX Bean with object name Ratis:service=RaftServer,group=group-C81448EB3658,id=61924693-d283-4f9d-bc33-1ba4a640d0c5
2019-07-13 19:22:41,537 INFO  pipeline.PipelineStateManager (PipelineStateManager.java:addPipeline(56)) - Created pipeline Pipeline[ Id: 14a22127-73e6-40a2-9736-c81448eb3658, Nodes: 4ea882ca-b825-4296-8082-3f2409f5f6db{ip: 192.168.69.122, host: trunk-nightly-fxqsz-774976932, networkLocation: /default-rack, certSerialId: null}53fdef79-a21b-4ea1-a273-496996ac2873{ip: 192.168.69.122, host: trunk-nightly-fxqsz-774976932, networkLocation: /default-rack, certSerialId: null}61924693-d283-4f9d-bc33-1ba4a640d0c5{ip: 192.168.69.122, host: trunk-nightly-fxqsz-774976932, networkLocation: /default-rack, certSerialId: null}, Type:RATIS, Factor:THREE, State:OPEN]
2019-07-13 19:22:41,596 INFO  ozone.MiniOzoneClusterImpl (MiniOzoneClusterImpl.java:lambda$waitForClusterToBeReady$0(142)) - Waiting for cluster to be ready. Got 6 of 7 DN Heartbeats.
2019-07-13 19:22:41,597 INFO  node.SCMNodeManager (SCMNodeManager.java:register(269)) - Registered Data node : 4fe38d82-0098-41af-a355-833501dc5333{ip: 192.168.69.122, host: trunk-nightly-fxqsz-774976932, networkLocation: /default-rack, certSerialId: null}
2019-07-13 19:22:41,604 INFO  impl.RaftServerProxy (RaftServerProxy.java:addNew(89)) - 4fe38d82-0098-41af-a355-833501dc5333: addNew group-1842EAF3B1EE:[4fe38d82-0098-41af-a355-833501dc5333:192.168.69.122:37704] returns group-1842EAF3B1EE:java.util.concurrent.CompletableFuture@6d07b7c4[Not completed]
2019-07-13 19:22:41,605 INFO  impl.RaftServerImpl (RaftServerImpl.java:<init>(93)) - 4fe38d82-0098-41af-a355-833501dc5333: new RaftServerImpl for group-1842EAF3B1EE:[4fe38d82-0098-41af-a355-833501dc5333:192.168.69.122:37704] with ContainerStateMachine:uninitialized
2019-07-13 19:22:41,605 INFO  server.RaftServerConfigKeys (ConfUtils.java:logGet(43)) - raft.server.rpc.timeout.min = 5s (custom)
2019-07-13 19:22:41,605 INFO  server.RaftServerConfigKeys (ConfUtils.java:logGet(43)) - raft.server.rpc.timeout.max = 5200ms (custom)
2019-07-13 19:22:41,605 INFO  server.RaftServerConfigKeys (ConfUtils.java:logGet(43)) - raft.server.rpcslowness.timeout = 120s (custom)
2019-07-13 19:22:41,605 INFO  server.RaftServerConfigKeys (ConfUtils.java:logGet(43)) - raft.server.sleep.deviation.threshold = 300 (default)
2019-07-13 19:22:41,605 INFO  server.RaftServerConfigKeys (ConfUtils.java:logGet(43)) - raft.server.log.appender.install.snapshot.enabled = false (custom)
2019-07-13 19:22:41,605 INFO  impl.RaftServerImpl (ServerState.java:<init>(105)) - 4fe38d82-0098-41af-a355-833501dc5333:group-1842EAF3B1EE ConfigurationManager, init=-1: [4fe38d82-0098-41af-a355-833501dc5333:192.168.69.122:37704], old=null, confs=<EMPTY_MAP>
2019-07-13 19:22:41,606 INFO  server.RaftServerConfigKeys (ConfUtils.java:logGet(43)) - raft.server.storage.dir = [/tmp/workdir/hadoop-ozone/integration-test/target/test-dir/MiniOzoneClusterImpl-3d6cd069-ff82-4110-982d-1189e8e75f72/datanode-6/data/ratis] (custom)
2019-07-13 19:22:41,606 INFO  storage.RaftStorageDirectory (RaftStorageDirectory.java:analyzeStorage(246)) - The storage directory /tmp/workdir/hadoop-ozone/integration-test/target/test-dir/MiniOzoneClusterImpl-3d6cd069-ff82-4110-982d-1189e8e75f72/datanode-6/data/ratis/761de2e3-c3ee-4d3f-af0a-1842eaf3b1ee does not exist. Creating ...
2019-07-13 19:22:41,619 INFO  storage.RaftStorageDirectory (RaftStorageDirectory.java:tryLock(328)) - Lock on /tmp/workdir/hadoop-ozone/integration-test/target/test-dir/MiniOzoneClusterImpl-3d6cd069-ff82-4110-982d-1189e8e75f72/datanode-6/data/ratis/761de2e3-c3ee-4d3f-af0a-1842eaf3b1ee/in_use.lock acquired by nodename 22884@trunk-nightly-fxqsz-774976932
2019-07-13 19:22:41,622 INFO  storage.RaftStorage (RaftStorage.java:format(72)) - Storage directory /tmp/workdir/hadoop-ozone/integration-test/target/test-dir/MiniOzoneClusterImpl-3d6cd069-ff82-4110-982d-1189e8e75f72/datanode-6/data/ratis/761de2e3-c3ee-4d3f-af0a-1842eaf3b1ee has been successfully formatted.
2019-07-13 19:22:41,622 INFO  ratis.ContainerStateMachine (ContainerStateMachine.java:loadSnapshot(200)) - The snapshot info is null.Setting the last applied index to:(t:0, i:~)
2019-07-13 19:22:41,623 INFO  server.RaftServerConfigKeys (ConfUtils.java:logGet(43)) - raft.server.leader.election.timeout = 120s (custom)
2019-07-13 19:22:41,623 INFO  server.RaftServerConfigKeys (ConfUtils.java:logGet(43)) - raft.server.log.use.memory = false (default)
2019-07-13 19:22:41,623 INFO  server.RaftServerConfigKeys (ConfUtils.java:logGet(43)) - raft.server.log.purge.gap = 1000000000 (custom)
2019-07-13 19:22:41,623 INFO  server.RaftServerConfigKeys (ConfUtils.java:logGet(43)) - raft.server.log.appender.buffer.byte-limit = 33554432 (custom)
2019-07-13 19:22:41,623 INFO  server.RaftServerConfigKeys (ConfUtils.java:logGet(43)) - raft.server.log.segment.size.max = 1048576 (custom)
2019-07-13 19:22:41,623 INFO  server.RaftServerConfigKeys (ConfUtils.java:logGet(43)) - raft.server.log.segment.cache.num.max = 2 (custom)
2019-07-13 19:22:41,623 INFO  segmented.SegmentedRaftLogWorker (SegmentedRaftLogWorker.java:<init>(172)) - new 4fe38d82-0098-41af-a355-833501dc5333-SegmentedRaftLogWorker:Storage Directory /tmp/workdir/hadoop-ozone/integration-test/target/test-dir/MiniOzoneClusterImpl-3d6cd069-ff82-4110-982d-1189e8e75f72/datanode-6/data/ratis/761de2e3-c3ee-4d3f-af0a-1842eaf3b1ee for RaftStorage:Storage Directory /tmp/workdir/hadoop-ozone/integration-test/target/test-dir/MiniOzoneClusterImpl-3d6cd069-ff82-4110-982d-1189e8e75f72/datanode-6/data/ratis/761de2e3-c3ee-4d3f-af0a-1842eaf3b1ee
2019-07-13 19:22:41,624 INFO  server.RaftServerConfigKeys (ConfUtils.java:logGet(43)) - raft.server.log.queue.byte-limit = 2147483647 (custom)
2019-07-13 19:22:41,624 INFO  server.RaftServerConfigKeys (ConfUtils.java:logGet(43)) - raft.server.log.queue.element-limit = 1024 (custom)
2019-07-13 19:22:41,624 INFO  server.RaftServerConfigKeys (ConfUtils.java:logGet(43)) - raft.server.log.segment.size.max = 1048576 (custom)
2019-07-13 19:22:41,624 INFO  server.RaftServerConfigKeys (ConfUtils.java:logGet(43)) - raft.server.log.preallocated.size = 16384 (custom)
2019-07-13 19:22:41,624 INFO  server.RaftServerConfigKeys (ConfUtils.java:logGet(43)) - raft.server.log.write.buffer.size = 33554432 (custom)
2019-07-13 19:22:41,624 INFO  server.RaftServerConfigKeys (ConfUtils.java:logGet(43)) - raft.server.log.force.sync.num = 128 (default)
2019-07-13 19:22:41,624 INFO  server.RaftServerConfigKeys (ConfUtils.java:logGet(43)) - raft.server.log.statemachine.data.sync = true (default)
2019-07-13 19:22:41,625 INFO  server.RaftServerConfigKeys (ConfUtils.java:logGet(43)) - raft.server.log.statemachine.data.sync.timeout = 10s (default)
2019-07-13 19:22:41,625 INFO  server.RaftServerConfigKeys (ConfUtils.java:logGet(43)) - raft.server.log.statemachine.data.sync.timeout.retry = -1 (default)
2019-07-13 19:22:41,625 INFO  server.RaftServerConfigKeys (ConfUtils.java:logGet(43)) - raft.server.log.statemachine.data.caching.enabled = true (custom)
2019-07-13 19:22:41,625 INFO  segmented.SegmentedRaftLogWorker (SegmentedRaftLogWorker.java:lambda$new$0(132)) - 4fe38d82-0098-41af-a355-833501dc5333-SegmentedRaftLogWorker:Storage Directory /tmp/workdir/hadoop-ozone/integration-test/target/test-dir/MiniOzoneClusterImpl-3d6cd069-ff82-4110-982d-1189e8e75f72/datanode-6/data/ratis/761de2e3-c3ee-4d3f-af0a-1842eaf3b1ee: flushIndex: setUnconditionally 0 -> -1
2019-07-13 19:22:41,626 INFO  server.RaftServerConfigKeys (ConfUtils.java:logGet(43)) - raft.server.snapshot.auto.trigger.enabled = true (custom)
2019-07-13 19:22:41,626 INFO  server.RaftServerConfigKeys (ConfUtils.java:logGet(43)) - raft.server.snapshot.auto.trigger.threshold = 10000 (custom)
2019-07-13 19:22:41,626 INFO  server.RaftServerConfigKeys (ConfUtils.java:logGet(43)) - raft.server.retrycache.expirytime = 600000ms (custom)
2019-07-13 19:22:41,626 INFO  impl.RaftServerImpl (RaftServerImpl.java:start(180)) - 4fe38d82-0098-41af-a355-833501dc5333: start group-1842EAF3B1EE
2019-07-13 19:22:41,626 INFO  impl.RaftServerImpl (RaftServerImpl.java:setRole(171)) - 4fe38d82-0098-41af-a355-833501dc5333:group-1842EAF3B1EE changes role from null to FOLLOWER at term 0 for startAsFollower
2019-07-13 19:22:41,626 INFO  impl.RoleInfo (RoleInfo.java:updateAndGet(143)) - 4fe38d82-0098-41af-a355-833501dc5333: start FollowerState
2019-07-13 19:22:41,627 INFO  util.JmxRegister (JmxRegister.java:tryRegister(44)) - Successfully registered JMX Bean with object name Ratis:service=RaftServer,group=group-1842EAF3B1EE,id=4fe38d82-0098-41af-a355-833501dc5333
2019-07-13 19:22:41,631 INFO  pipeline.PipelineStateManager (PipelineStateManager.java:addPipeline(56)) - Created pipeline Pipeline[ Id: 761de2e3-c3ee-4d3f-af0a-1842eaf3b1ee, Nodes: 4fe38d82-0098-41af-a355-833501dc5333{ip: 192.168.69.122, host: trunk-nightly-fxqsz-774976932, networkLocation: /default-rack, certSerialId: null}, Type:RATIS, Factor:ONE, State:OPEN]
2019-07-13 19:22:42,596 INFO  ozone.MiniOzoneClusterImpl (MiniOzoneClusterImpl.java:lambda$waitForClusterToBeReady$0(142)) - Cluster is ready. Got 7 of 7 DN Heartbeats.
2019-07-13 19:22:42,643 INFO  rpc.RpcClient (RpcClient.java:createVolume(287)) - Creating Volume: testblockoutputstream, with jenkins1000 as owner.
2019-07-13 19:22:42,660 INFO  rpc.RpcClient (RpcClient.java:createBucket(424)) - Creating Bucket: testblockoutputstream/testblockoutputstream, with Versioning false and Storage Type set to DISK and Encryption set to false 
2019-07-13 19:22:42,702 INFO  client.GrpcClientProtocolClient (GrpcClientProtocolClient.java:onNext(255)) - client-4581611B5F74->cc74f7b4-3b0a-4c1d-9d1b-a355a8cc6784: receive RaftClientReply:client-4581611B5F74->cc74f7b4-3b0a-4c1d-9d1b-a355a8cc6784@group-85A5A3CA223E, cid=175, FAILED org.apache.ratis.protocol.NotLeaderException: Server cc74f7b4-3b0a-4c1d-9d1b-a355a8cc6784 is not the leader (null). Request must be sent to leader., logIndex=0, commits[cc74f7b4-3b0a-4c1d-9d1b-a355a8cc6784:c-1]
2019-07-13 19:22:43,319 INFO  container.ReplicationManager (ReplicationManager.java:start(155)) - Starting Replication Monitor Thread.
2019-07-13 19:22:43,322 INFO  container.ReplicationManager (ReplicationManager.java:run(207)) - Replication Monitor Thread took 0 milliseconds for processing 1 containers.
2019-07-13 19:22:43,717 INFO  client.GrpcClientProtocolClient (GrpcClientProtocolClient.java:onNext(255)) - client-4581611B5F74->5fece8fe-f5e9-4805-86ac-f9c24e79798a: receive RaftClientReply:client-4581611B5F74->5fece8fe-f5e9-4805-86ac-f9c24e79798a@group-85A5A3CA223E, cid=175, FAILED org.apache.ratis.protocol.NotLeaderException: Server 5fece8fe-f5e9-4805-86ac-f9c24e79798a is not the leader (null). Request must be sent to leader., logIndex=0, commits[5fece8fe-f5e9-4805-86ac-f9c24e79798a:c-1]
2019-07-13 19:22:44,732 INFO  client.GrpcClientProtocolClient (GrpcClientProtocolClient.java:onNext(255)) - client-4581611B5F74->cc74f7b4-3b0a-4c1d-9d1b-a355a8cc6784: receive RaftClientReply:client-4581611B5F74->cc74f7b4-3b0a-4c1d-9d1b-a355a8cc6784@group-85A5A3CA223E, cid=175, FAILED org.apache.ratis.protocol.NotLeaderException: Server cc74f7b4-3b0a-4c1d-9d1b-a355a8cc6784 is not the leader (null). Request must be sent to leader., logIndex=0, commits[cc74f7b4-3b0a-4c1d-9d1b-a355a8cc6784:c-1]
2019-07-13 19:22:45,509 INFO  impl.FollowerState (FollowerState.java:run(106)) - cc74f7b4-3b0a-4c1d-9d1b-a355a8cc6784:group-A9D73FD1A2D5 changes to CANDIDATE, lastRpcTime:5136, electionTimeout:5136ms
2019-07-13 19:22:45,509 INFO  impl.RoleInfo (RoleInfo.java:shutdownFollowerState(121)) - cc74f7b4-3b0a-4c1d-9d1b-a355a8cc6784: shutdown FollowerState
2019-07-13 19:22:45,510 INFO  impl.RaftServerImpl (RaftServerImpl.java:setRole(171)) - cc74f7b4-3b0a-4c1d-9d1b-a355a8cc6784:group-A9D73FD1A2D5 changes role from FOLLOWER to CANDIDATE at term 0 for changeToCandidate
2019-07-13 19:22:45,510 INFO  impl.RoleInfo (RoleInfo.java:updateAndGet(143)) - cc74f7b4-3b0a-4c1d-9d1b-a355a8cc6784: start LeaderElection
2019-07-13 19:22:45,529 INFO  impl.LeaderElection (LeaderElection.java:askForVotes(181)) - cc74f7b4-3b0a-4c1d-9d1b-a355a8cc6784:group-A9D73FD1A2D5:LeaderElection55: begin an election at term 1 for -1: [cc74f7b4-3b0a-4c1d-9d1b-a355a8cc6784:192.168.69.122:33581], old=null
2019-07-13 19:22:45,529 INFO  impl.RoleInfo (RoleInfo.java:shutdownLeaderElection(134)) - cc74f7b4-3b0a-4c1d-9d1b-a355a8cc6784: shutdown LeaderElection
2019-07-13 19:22:45,529 INFO  impl.RaftServerImpl (RaftServerImpl.java:setRole(171)) - cc74f7b4-3b0a-4c1d-9d1b-a355a8cc6784:group-A9D73FD1A2D5 changes role from CANDIDATE to LEADER at term 1 for changeToLeader
2019-07-13 19:22:45,530 INFO  impl.RaftServerImpl (ServerState.java:setLeader(263)) - cc74f7b4-3b0a-4c1d-9d1b-a355a8cc6784:group-A9D73FD1A2D5 change Leader from null to cc74f7b4-3b0a-4c1d-9d1b-a355a8cc6784 at term 1 for becomeLeader, leader elected after 5164ms
2019-07-13 19:22:45,532 INFO  server.RaftServerConfigKeys (ConfUtils.java:logGet(43)) - raft.server.staging.catchup.gap = 1000 (default)
2019-07-13 19:22:45,532 INFO  server.RaftServerConfigKeys (ConfUtils.java:logGet(43)) - raft.server.rpc.sleep.time = 25ms (default)
2019-07-13 19:22:45,532 INFO  server.RaftServerConfigKeys (ConfUtils.java:logGet(43)) - raft.server.write.element-limit = 4096 (default)
2019-07-13 19:22:45,532 INFO  server.RaftServerConfigKeys (ConfUtils.java:logGet(43)) - raft.server.watch.timeout = 10s (default)
2019-07-13 19:22:45,532 INFO  server.RaftServerConfigKeys (ConfUtils.java:logGet(43)) - raft.server.watch.timeout.denomination = 1s (default)
2019-07-13 19:22:45,533 INFO  server.RaftServerConfigKeys (ConfUtils.java:logGet(43)) - raft.server.watch.element-limit = 65536 (default)
2019-07-13 19:22:45,533 INFO  impl.RoleInfo (RoleInfo.java:updateAndGet(143)) - cc74f7b4-3b0a-4c1d-9d1b-a355a8cc6784: start LeaderState
2019-07-13 19:22:45,533 INFO  segmented.SegmentedRaftLogWorker (SegmentedRaftLogWorker.java:startLogSegment(380)) - cc74f7b4-3b0a-4c1d-9d1b-a355a8cc6784-SegmentedRaftLogWorker:Storage Directory /tmp/workdir/hadoop-ozone/integration-test/target/test-dir/MiniOzoneClusterImpl-3d6cd069-ff82-4110-982d-1189e8e75f72/datanode-0/data/ratis/8f8820f3-4df9-4ad9-a798-a9d73fd1a2d5: Starting segment from index:0
2019-07-13 19:22:45,534 INFO  impl.RaftServerImpl (ServerState.java:setRaftConf(361)) - cc74f7b4-3b0a-4c1d-9d1b-a355a8cc6784:group-A9D73FD1A2D5 set configuration 0: [cc74f7b4-3b0a-4c1d-9d1b-a355a8cc6784:192.168.69.122:33581], old=null at 0
2019-07-13 19:22:45,562 INFO  segmented.SegmentedRaftLogWorker (SegmentedRaftLogWorker.java:execute(569)) - cc74f7b4-3b0a-4c1d-9d1b-a355a8cc6784-SegmentedRaftLogWorker:Storage Directory /tmp/workdir/hadoop-ozone/integration-test/target/test-dir/MiniOzoneClusterImpl-3d6cd069-ff82-4110-982d-1189e8e75f72/datanode-0/data/ratis/8f8820f3-4df9-4ad9-a798-a9d73fd1a2d5: created new log segment /tmp/workdir/hadoop-ozone/integration-test/target/test-dir/MiniOzoneClusterImpl-3d6cd069-ff82-4110-982d-1189e8e75f72/datanode-0/data/ratis/8f8820f3-4df9-4ad9-a798-a9d73fd1a2d5/current/log_inprogress_0
2019-07-13 19:22:45,626 INFO  impl.FollowerState (FollowerState.java:run(106)) - 5fece8fe-f5e9-4805-86ac-f9c24e79798a:group-316EE74A0853 changes to CANDIDATE, lastRpcTime:5087, electionTimeout:5087ms
2019-07-13 19:22:45,626 INFO  impl.RoleInfo (RoleInfo.java:shutdownFollowerState(121)) - 5fece8fe-f5e9-4805-86ac-f9c24e79798a: shutdown FollowerState
2019-07-13 19:22:45,626 INFO  impl.RaftServerImpl (RaftServerImpl.java:setRole(171)) - 5fece8fe-f5e9-4805-86ac-f9c24e79798a:group-316EE74A0853 changes role from FOLLOWER to CANDIDATE at term 0 for changeToCandidate
2019-07-13 19:22:45,626 INFO  impl.RoleInfo (RoleInfo.java:updateAndGet(143)) - 5fece8fe-f5e9-4805-86ac-f9c24e79798a: start LeaderElection
2019-07-13 19:22:45,639 INFO  impl.LeaderElection (LeaderElection.java:askForVotes(181)) - 5fece8fe-f5e9-4805-86ac-f9c24e79798a:group-316EE74A0853:LeaderElection56: begin an election at term 1 for -1: [5fece8fe-f5e9-4805-86ac-f9c24e79798a:192.168.69.122:39935], old=null
2019-07-13 19:22:45,639 INFO  impl.RoleInfo (RoleInfo.java:shutdownLeaderElection(134)) - 5fece8fe-f5e9-4805-86ac-f9c24e79798a: shutdown LeaderElection
2019-07-13 19:22:45,639 INFO  impl.RaftServerImpl (RaftServerImpl.java:setRole(171)) - 5fece8fe-f5e9-4805-86ac-f9c24e79798a:group-316EE74A0853 changes role from CANDIDATE to LEADER at term 1 for changeToLeader
2019-07-13 19:22:45,640 INFO  impl.RaftServerImpl (ServerState.java:setLeader(263)) - 5fece8fe-f5e9-4805-86ac-f9c24e79798a:group-316EE74A0853 change Leader from null to 5fece8fe-f5e9-4805-86ac-f9c24e79798a at term 1 for becomeLeader, leader elected after 5105ms
2019-07-13 19:22:45,642 INFO  server.RaftServerConfigKeys (ConfUtils.java:logGet(43)) - raft.server.staging.catchup.gap = 1000 (default)
2019-07-13 19:22:45,642 INFO  server.RaftServerConfigKeys (ConfUtils.java:logGet(43)) - raft.server.rpc.sleep.time = 25ms (default)
2019-07-13 19:22:45,642 INFO  server.RaftServerConfigKeys (ConfUtils.java:logGet(43)) - raft.server.write.element-limit = 4096 (default)
2019-07-13 19:22:45,642 INFO  server.RaftServerConfigKeys (ConfUtils.java:logGet(43)) - raft.server.watch.timeout = 10s (default)
2019-07-13 19:22:45,642 INFO  server.RaftServerConfigKeys (ConfUtils.java:logGet(43)) - raft.server.watch.timeout.denomination = 1s (default)
2019-07-13 19:22:45,643 INFO  server.RaftServerConfigKeys (ConfUtils.java:logGet(43)) - raft.server.watch.element-limit = 65536 (default)
2019-07-13 19:22:45,643 INFO  impl.RoleInfo (RoleInfo.java:updateAndGet(143)) - 5fece8fe-f5e9-4805-86ac-f9c24e79798a: start LeaderState
2019-07-13 19:22:45,643 INFO  segmented.SegmentedRaftLogWorker (SegmentedRaftLogWorker.java:startLogSegment(380)) - 5fece8fe-f5e9-4805-86ac-f9c24e79798a-SegmentedRaftLogWorker:Storage Directory /tmp/workdir/hadoop-ozone/integration-test/target/test-dir/MiniOzoneClusterImpl-3d6cd069-ff82-4110-982d-1189e8e75f72/datanode-1/data/ratis/da9513e2-a15f-46eb-a809-316ee74a0853: Starting segment from index:0
2019-07-13 19:22:45,644 INFO  impl.RaftServerImpl (ServerState.java:setRaftConf(361)) - 5fece8fe-f5e9-4805-86ac-f9c24e79798a:group-316EE74A0853 set configuration 0: [5fece8fe-f5e9-4805-86ac-f9c24e79798a:192.168.69.122:39935], old=null at 0
2019-07-13 19:22:45,678 INFO  segmented.SegmentedRaftLogWorker (SegmentedRaftLogWorker.java:execute(569)) - 5fece8fe-f5e9-4805-86ac-f9c24e79798a-SegmentedRaftLogWorker:Storage Directory /tmp/workdir/hadoop-ozone/integration-test/target/test-dir/MiniOzoneClusterImpl-3d6cd069-ff82-4110-982d-1189e8e75f72/datanode-1/data/ratis/da9513e2-a15f-46eb-a809-316ee74a0853: created new log segment /tmp/workdir/hadoop-ozone/integration-test/target/test-dir/MiniOzoneClusterImpl-3d6cd069-ff82-4110-982d-1189e8e75f72/datanode-1/data/ratis/da9513e2-a15f-46eb-a809-316ee74a0853/current/log_inprogress_0
2019-07-13 19:22:45,742 INFO  client.GrpcClientProtocolClient (GrpcClientProtocolClient.java:onNext(255)) - client-4581611B5F74->56b5fcf5-9ede-4007-ba3d-f93a881d2260: receive RaftClientReply:client-4581611B5F74->56b5fcf5-9ede-4007-ba3d-f93a881d2260@group-85A5A3CA223E, cid=175, FAILED org.apache.ratis.protocol.NotLeaderException: Server 56b5fcf5-9ede-4007-ba3d-f93a881d2260 is not the leader (null). Request must be sent to leader., logIndex=0, commits[56b5fcf5-9ede-4007-ba3d-f93a881d2260:c-1]
2019-07-13 19:22:45,814 INFO  impl.FollowerState (FollowerState.java:run(106)) - 56b5fcf5-9ede-4007-ba3d-f93a881d2260:group-C5091433973F changes to CANDIDATE, lastRpcTime:5032, electionTimeout:5032ms
2019-07-13 19:22:45,814 INFO  impl.RoleInfo (RoleInfo.java:shutdownFollowerState(121)) - 56b5fcf5-9ede-4007-ba3d-f93a881d2260: shutdown FollowerState
2019-07-13 19:22:45,814 INFO  impl.RaftServerImpl (RaftServerImpl.java:setRole(171)) - 56b5fcf5-9ede-4007-ba3d-f93a881d2260:group-C5091433973F changes role from FOLLOWER to CANDIDATE at term 0 for changeToCandidate
2019-07-13 19:22:45,814 INFO  impl.RoleInfo (RoleInfo.java:updateAndGet(143)) - 56b5fcf5-9ede-4007-ba3d-f93a881d2260: start LeaderElection
2019-07-13 19:22:45,833 INFO  impl.LeaderElection (LeaderElection.java:askForVotes(181)) - 56b5fcf5-9ede-4007-ba3d-f93a881d2260:group-C5091433973F:LeaderElection57: begin an election at term 1 for -1: [56b5fcf5-9ede-4007-ba3d-f93a881d2260:192.168.69.122:35072], old=null
2019-07-13 19:22:45,833 INFO  impl.RoleInfo (RoleInfo.java:shutdownLeaderElection(134)) - 56b5fcf5-9ede-4007-ba3d-f93a881d2260: shutdown LeaderElection
2019-07-13 19:22:45,833 INFO  impl.RaftServerImpl (RaftServerImpl.java:setRole(171)) - 56b5fcf5-9ede-4007-ba3d-f93a881d2260:group-C5091433973F changes role from CANDIDATE to LEADER at term 1 for changeToLeader
2019-07-13 19:22:45,833 INFO  impl.RaftServerImpl (ServerState.java:setLeader(263)) - 56b5fcf5-9ede-4007-ba3d-f93a881d2260:group-C5091433973F change Leader from null to 56b5fcf5-9ede-4007-ba3d-f93a881d2260 at term 1 for becomeLeader, leader elected after 5056ms
2019-07-13 19:22:45,835 INFO  server.RaftServerConfigKeys (ConfUtils.java:logGet(43)) - raft.server.staging.catchup.gap = 1000 (default)
2019-07-13 19:22:45,836 INFO  server.RaftServerConfigKeys (ConfUtils.java:logGet(43)) - raft.server.rpc.sleep.time = 25ms (default)
2019-07-13 19:22:45,836 INFO  server.RaftServerConfigKeys (ConfUtils.java:logGet(43)) - raft.server.write.element-limit = 4096 (default)
2019-07-13 19:22:45,836 INFO  server.RaftServerConfigKeys (ConfUtils.java:logGet(43)) - raft.server.watch.timeout = 10s (default)
2019-07-13 19:22:45,836 INFO  server.RaftServerConfigKeys (ConfUtils.java:logGet(43)) - raft.server.watch.timeout.denomination = 1s (default)
2019-07-13 19:22:45,836 INFO  server.RaftServerConfigKeys (ConfUtils.java:logGet(43)) - raft.server.watch.element-limit = 65536 (default)
2019-07-13 19:22:45,836 INFO  impl.RoleInfo (RoleInfo.java:updateAndGet(143)) - 56b5fcf5-9ede-4007-ba3d-f93a881d2260: start LeaderState
2019-07-13 19:22:45,837 INFO  segmented.SegmentedRaftLogWorker (SegmentedRaftLogWorker.java:startLogSegment(380)) - 56b5fcf5-9ede-4007-ba3d-f93a881d2260-SegmentedRaftLogWorker:Storage Directory /tmp/workdir/hadoop-ozone/integration-test/target/test-dir/MiniOzoneClusterImpl-3d6cd069-ff82-4110-982d-1189e8e75f72/datanode-2/data/ratis/665e9246-3ccd-4cfd-ab35-c5091433973f: Starting segment from index:0
2019-07-13 19:22:45,837 INFO  impl.RaftServerImpl (ServerState.java:setRaftConf(361)) - 56b5fcf5-9ede-4007-ba3d-f93a881d2260:group-C5091433973F set configuration 0: [56b5fcf5-9ede-4007-ba3d-f93a881d2260:192.168.69.122:35072], old=null at 0
2019-07-13 19:22:45,870 INFO  segmented.SegmentedRaftLogWorker (SegmentedRaftLogWorker.java:execute(569)) - 56b5fcf5-9ede-4007-ba3d-f93a881d2260-SegmentedRaftLogWorker:Storage Directory /tmp/workdir/hadoop-ozone/integration-test/target/test-dir/MiniOzoneClusterImpl-3d6cd069-ff82-4110-982d-1189e8e75f72/datanode-2/data/ratis/665e9246-3ccd-4cfd-ab35-c5091433973f: created new log segment /tmp/workdir/hadoop-ozone/integration-test/target/test-dir/MiniOzoneClusterImpl-3d6cd069-ff82-4110-982d-1189e8e75f72/datanode-2/data/ratis/665e9246-3ccd-4cfd-ab35-c5091433973f/current/log_inprogress_0
2019-07-13 19:22:45,871 INFO  impl.FollowerState (FollowerState.java:run(106)) - 56b5fcf5-9ede-4007-ba3d-f93a881d2260:group-85A5A3CA223E changes to CANDIDATE, lastRpcTime:5030, electionTimeout:5027ms
2019-07-13 19:22:45,871 INFO  impl.RoleInfo (RoleInfo.java:shutdownFollowerState(121)) - 56b5fcf5-9ede-4007-ba3d-f93a881d2260: shutdown FollowerState
2019-07-13 19:22:45,872 INFO  impl.RaftServerImpl (RaftServerImpl.java:setRole(171)) - 56b5fcf5-9ede-4007-ba3d-f93a881d2260:group-85A5A3CA223E changes role from FOLLOWER to CANDIDATE at term 0 for changeToCandidate
2019-07-13 19:22:45,872 INFO  impl.RoleInfo (RoleInfo.java:updateAndGet(143)) - 56b5fcf5-9ede-4007-ba3d-f93a881d2260: start LeaderElection
2019-07-13 19:22:45,883 INFO  impl.LeaderElection (LeaderElection.java:askForVotes(181)) - 56b5fcf5-9ede-4007-ba3d-f93a881d2260:group-85A5A3CA223E:LeaderElection58: begin an election at term 1 for -1: [5fece8fe-f5e9-4805-86ac-f9c24e79798a:192.168.69.122:39935, 56b5fcf5-9ede-4007-ba3d-f93a881d2260:192.168.69.122:35072, cc74f7b4-3b0a-4c1d-9d1b-a355a8cc6784:192.168.69.122:33581], old=null
2019-07-13 19:22:45,888 INFO  impl.RaftServerImpl (RaftServerImpl.java:setRole(171)) - cc74f7b4-3b0a-4c1d-9d1b-a355a8cc6784:group-85A5A3CA223E changes role from FOLLOWER to FOLLOWER at term 1 for recognizeCandidate:56b5fcf5-9ede-4007-ba3d-f93a881d2260
2019-07-13 19:22:45,888 INFO  impl.RaftServerImpl (RaftServerImpl.java:setRole(171)) - 5fece8fe-f5e9-4805-86ac-f9c24e79798a:group-85A5A3CA223E changes role from FOLLOWER to FOLLOWER at term 1 for recognizeCandidate:56b5fcf5-9ede-4007-ba3d-f93a881d2260
2019-07-13 19:22:45,888 INFO  impl.RoleInfo (RoleInfo.java:shutdownFollowerState(121)) - cc74f7b4-3b0a-4c1d-9d1b-a355a8cc6784: shutdown FollowerState
2019-07-13 19:22:45,888 INFO  impl.RoleInfo (RoleInfo.java:shutdownFollowerState(121)) - 5fece8fe-f5e9-4805-86ac-f9c24e79798a: shutdown FollowerState
2019-07-13 19:22:45,888 INFO  impl.FollowerState (FollowerState.java:run(114)) - cc74f7b4-3b0a-4c1d-9d1b-a355a8cc6784: FollowerState was interrupted: java.lang.InterruptedException: sleep interrupted
2019-07-13 19:22:45,888 INFO  impl.RoleInfo (RoleInfo.java:updateAndGet(143)) - cc74f7b4-3b0a-4c1d-9d1b-a355a8cc6784: start FollowerState
2019-07-13 19:22:45,889 INFO  impl.FollowerState (FollowerState.java:run(114)) - 5fece8fe-f5e9-4805-86ac-f9c24e79798a: FollowerState was interrupted: java.lang.InterruptedException: sleep interrupted
2019-07-13 19:22:45,889 INFO  impl.RoleInfo (RoleInfo.java:updateAndGet(143)) - 5fece8fe-f5e9-4805-86ac-f9c24e79798a: start FollowerState
2019-07-13 19:22:45,909 INFO  impl.LeaderElection (LeaderElection.java:logAndReturn(56)) - 56b5fcf5-9ede-4007-ba3d-f93a881d2260:group-85A5A3CA223E:LeaderElection58: Election PASSED; received 1 response(s) [56b5fcf5-9ede-4007-ba3d-f93a881d2260<-5fece8fe-f5e9-4805-86ac-f9c24e79798a#0:OK-t1] and 0 exception(s); 56b5fcf5-9ede-4007-ba3d-f93a881d2260:t1, leader=null, voted=56b5fcf5-9ede-4007-ba3d-f93a881d2260, raftlog=56b5fcf5-9ede-4007-ba3d-f93a881d2260-SegmentedRaftLog:OPENED:c-1,f-1,i0, conf=-1: [5fece8fe-f5e9-4805-86ac-f9c24e79798a:192.168.69.122:39935, 56b5fcf5-9ede-4007-ba3d-f93a881d2260:192.168.69.122:35072, cc74f7b4-3b0a-4c1d-9d1b-a355a8cc6784:192.168.69.122:33581], old=null
2019-07-13 19:22:45,909 INFO  impl.RoleInfo (RoleInfo.java:shutdownLeaderElection(134)) - 56b5fcf5-9ede-4007-ba3d-f93a881d2260: shutdown LeaderElection
2019-07-13 19:22:45,911 INFO  impl.RaftServerImpl (RaftServerImpl.java:setRole(171)) - 56b5fcf5-9ede-4007-ba3d-f93a881d2260:group-85A5A3CA223E changes role from CANDIDATE to LEADER at term 1 for changeToLeader
2019-07-13 19:22:45,911 INFO  impl.RaftServerImpl (ServerState.java:setLeader(263)) - 56b5fcf5-9ede-4007-ba3d-f93a881d2260:group-85A5A3CA223E change Leader from null to 56b5fcf5-9ede-4007-ba3d-f93a881d2260 at term 1 for becomeLeader, leader elected after 5079ms
2019-07-13 19:22:45,911 INFO  server.RaftServerConfigKeys (ConfUtils.java:logGet(43)) - raft.server.staging.catchup.gap = 1000 (default)
2019-07-13 19:22:45,911 INFO  server.RaftServerConfigKeys (ConfUtils.java:logGet(43)) - raft.server.rpc.sleep.time = 25ms (default)
2019-07-13 19:22:45,911 INFO  server.RaftServerConfigKeys (ConfUtils.java:logGet(43)) - raft.server.write.element-limit = 4096 (default)
2019-07-13 19:22:45,911 INFO  server.RaftServerConfigKeys (ConfUtils.java:logGet(43)) - raft.server.watch.timeout = 10s (default)
2019-07-13 19:22:45,911 INFO  server.RaftServerConfigKeys (ConfUtils.java:logGet(43)) - raft.server.watch.timeout.denomination = 1s (default)
2019-07-13 19:22:45,911 INFO  server.RaftServerConfigKeys (ConfUtils.java:logGet(43)) - raft.server.watch.element-limit = 65536 (default)
2019-07-13 19:22:45,912 INFO  server.RaftServerConfigKeys (ConfUtils.java:logGet(43)) - raft.server.log.appender.snapshot.chunk.size.max = 16MB (=16777216) (default)
2019-07-13 19:22:45,912 INFO  server.RaftServerConfigKeys (ConfUtils.java:logGet(43)) - raft.server.log.appender.buffer.byte-limit = 33554432 (custom)
2019-07-13 19:22:45,912 INFO  server.RaftServerConfigKeys (ConfUtils.java:logGet(43)) - raft.server.log.appender.buffer.element-limit = 1 (custom)
2019-07-13 19:22:45,912 INFO  grpc.GrpcConfigKeys$Server (ConfUtils.java:logGet(43)) - raft.grpc.server.leader.outstanding.appends.max = 128 (default)
2019-07-13 19:22:45,912 INFO  server.RaftServerConfigKeys (ConfUtils.java:logGet(43)) - raft.server.rpc.request.timeout = 3000ms (default)
2019-07-13 19:22:45,912 INFO  server.RaftServerConfigKeys (ConfUtils.java:logGet(43)) - raft.server.log.appender.install.snapshot.enabled = false (custom)
2019-07-13 19:22:45,913 INFO  server.RaftServerConfigKeys (ConfUtils.java:logGet(43)) - raft.server.log.appender.snapshot.chunk.size.max = 16MB (=16777216) (default)
2019-07-13 19:22:45,913 INFO  server.RaftServerConfigKeys (ConfUtils.java:logGet(43)) - raft.server.log.appender.buffer.byte-limit = 33554432 (custom)
2019-07-13 19:22:45,913 INFO  server.RaftServerConfigKeys (ConfUtils.java:logGet(43)) - raft.server.log.appender.buffer.element-limit = 1 (custom)
2019-07-13 19:22:45,913 INFO  grpc.GrpcConfigKeys$Server (ConfUtils.java:logGet(43)) - raft.grpc.server.leader.outstanding.appends.max = 128 (default)
2019-07-13 19:22:45,913 INFO  server.RaftServerConfigKeys (ConfUtils.java:logGet(43)) - raft.server.rpc.request.timeout = 3000ms (default)
2019-07-13 19:22:45,913 INFO  server.RaftServerConfigKeys (ConfUtils.java:logGet(43)) - raft.server.log.appender.install.snapshot.enabled = false (custom)
2019-07-13 19:22:45,913 INFO  impl.RoleInfo (RoleInfo.java:updateAndGet(143)) - 56b5fcf5-9ede-4007-ba3d-f93a881d2260: start LeaderState
2019-07-13 19:22:45,914 INFO  segmented.SegmentedRaftLogWorker (SegmentedRaftLogWorker.java:startLogSegment(380)) - 56b5fcf5-9ede-4007-ba3d-f93a881d2260-SegmentedRaftLogWorker:Storage Directory /tmp/workdir/hadoop-ozone/integration-test/target/test-dir/MiniOzoneClusterImpl-3d6cd069-ff82-4110-982d-1189e8e75f72/datanode-2/data/ratis/6a2117a1-a417-45b8-8b51-85a5a3ca223e: Starting segment from index:0
2019-07-13 19:22:45,914 INFO  impl.RaftServerImpl (ServerState.java:setRaftConf(361)) - 56b5fcf5-9ede-4007-ba3d-f93a881d2260:group-85A5A3CA223E set configuration 0: [5fece8fe-f5e9-4805-86ac-f9c24e79798a:192.168.69.122:39935, 56b5fcf5-9ede-4007-ba3d-f93a881d2260:192.168.69.122:35072, cc74f7b4-3b0a-4c1d-9d1b-a355a8cc6784:192.168.69.122:33581], old=null at 0
2019-07-13 19:22:45,935 INFO  impl.RaftServerImpl (ServerState.java:setLeader(263)) - cc74f7b4-3b0a-4c1d-9d1b-a355a8cc6784:group-85A5A3CA223E change Leader from null to 56b5fcf5-9ede-4007-ba3d-f93a881d2260 at term 1 for appendEntries, leader elected after 5104ms
2019-07-13 19:22:45,945 INFO  segmented.SegmentedRaftLogWorker (SegmentedRaftLogWorker.java:execute(569)) - 56b5fcf5-9ede-4007-ba3d-f93a881d2260-SegmentedRaftLogWorker:Storage Directory /tmp/workdir/hadoop-ozone/integration-test/target/test-dir/MiniOzoneClusterImpl-3d6cd069-ff82-4110-982d-1189e8e75f72/datanode-2/data/ratis/6a2117a1-a417-45b8-8b51-85a5a3ca223e: created new log segment /tmp/workdir/hadoop-ozone/integration-test/target/test-dir/MiniOzoneClusterImpl-3d6cd069-ff82-4110-982d-1189e8e75f72/datanode-2/data/ratis/6a2117a1-a417-45b8-8b51-85a5a3ca223e/current/log_inprogress_0
2019-07-13 19:22:45,944 INFO  impl.RaftServerImpl (ServerState.java:setLeader(263)) - 5fece8fe-f5e9-4805-86ac-f9c24e79798a:group-85A5A3CA223E change Leader from null to 56b5fcf5-9ede-4007-ba3d-f93a881d2260 at term 1 for appendEntries, leader elected after 5112ms
2019-07-13 19:22:45,949 INFO  impl.RaftServerImpl (ServerState.java:setRaftConf(361)) - 5fece8fe-f5e9-4805-86ac-f9c24e79798a:group-85A5A3CA223E set configuration 0: [5fece8fe-f5e9-4805-86ac-f9c24e79798a:192.168.69.122:39935, 56b5fcf5-9ede-4007-ba3d-f93a881d2260:192.168.69.122:35072, cc74f7b4-3b0a-4c1d-9d1b-a355a8cc6784:192.168.69.122:33581], old=null at 0
2019-07-13 19:22:45,949 INFO  impl.RaftServerImpl (ServerState.java:setRaftConf(361)) - cc74f7b4-3b0a-4c1d-9d1b-a355a8cc6784:group-85A5A3CA223E set configuration 0: [5fece8fe-f5e9-4805-86ac-f9c24e79798a:192.168.69.122:39935, 56b5fcf5-9ede-4007-ba3d-f93a881d2260:192.168.69.122:35072, cc74f7b4-3b0a-4c1d-9d1b-a355a8cc6784:192.168.69.122:33581], old=null at 0
2019-07-13 19:22:45,949 INFO  segmented.SegmentedRaftLogWorker (SegmentedRaftLogWorker.java:startLogSegment(380)) - 5fece8fe-f5e9-4805-86ac-f9c24e79798a-SegmentedRaftLogWorker:Storage Directory /tmp/workdir/hadoop-ozone/integration-test/target/test-dir/MiniOzoneClusterImpl-3d6cd069-ff82-4110-982d-1189e8e75f72/datanode-1/data/ratis/6a2117a1-a417-45b8-8b51-85a5a3ca223e: Starting segment from index:0
2019-07-13 19:22:45,949 INFO  segmented.SegmentedRaftLogWorker (SegmentedRaftLogWorker.java:startLogSegment(380)) - cc74f7b4-3b0a-4c1d-9d1b-a355a8cc6784-SegmentedRaftLogWorker:Storage Directory /tmp/workdir/hadoop-ozone/integration-test/target/test-dir/MiniOzoneClusterImpl-3d6cd069-ff82-4110-982d-1189e8e75f72/datanode-0/data/ratis/6a2117a1-a417-45b8-8b51-85a5a3ca223e: Starting segment from index:0
2019-07-13 19:22:45,977 INFO  segmented.SegmentedRaftLogWorker (SegmentedRaftLogWorker.java:execute(569)) - 5fece8fe-f5e9-4805-86ac-f9c24e79798a-SegmentedRaftLogWorker:Storage Directory /tmp/workdir/hadoop-ozone/integration-test/target/test-dir/MiniOzoneClusterImpl-3d6cd069-ff82-4110-982d-1189e8e75f72/datanode-1/data/ratis/6a2117a1-a417-45b8-8b51-85a5a3ca223e: created new log segment /tmp/workdir/hadoop-ozone/integration-test/target/test-dir/MiniOzoneClusterImpl-3d6cd069-ff82-4110-982d-1189e8e75f72/datanode-1/data/ratis/6a2117a1-a417-45b8-8b51-85a5a3ca223e/current/log_inprogress_0
2019-07-13 19:22:45,977 INFO  segmented.SegmentedRaftLogWorker (SegmentedRaftLogWorker.java:execute(569)) - cc74f7b4-3b0a-4c1d-9d1b-a355a8cc6784-SegmentedRaftLogWorker:Storage Directory /tmp/workdir/hadoop-ozone/integration-test/target/test-dir/MiniOzoneClusterImpl-3d6cd069-ff82-4110-982d-1189e8e75f72/datanode-0/data/ratis/6a2117a1-a417-45b8-8b51-85a5a3ca223e: created new log segment /tmp/workdir/hadoop-ozone/integration-test/target/test-dir/MiniOzoneClusterImpl-3d6cd069-ff82-4110-982d-1189e8e75f72/datanode-0/data/ratis/6a2117a1-a417-45b8-8b51-85a5a3ca223e/current/log_inprogress_0
2019-07-13 19:22:46,011 INFO  impl.FollowerState (FollowerState.java:run(106)) - 61924693-d283-4f9d-bc33-1ba4a640d0c5:group-F31826F8A81B changes to CANDIDATE, lastRpcTime:5029, electionTimeout:5029ms
2019-07-13 19:22:46,011 INFO  impl.RoleInfo (RoleInfo.java:shutdownFollowerState(121)) - 61924693-d283-4f9d-bc33-1ba4a640d0c5: shutdown FollowerState
2019-07-13 19:22:46,011 INFO  impl.RaftServerImpl (RaftServerImpl.java:setRole(171)) - 61924693-d283-4f9d-bc33-1ba4a640d0c5:group-F31826F8A81B changes role from FOLLOWER to CANDIDATE at term 0 for changeToCandidate
2019-07-13 19:22:46,011 INFO  impl.RoleInfo (RoleInfo.java:updateAndGet(143)) - 61924693-d283-4f9d-bc33-1ba4a640d0c5: start LeaderElection
2019-07-13 19:22:46,030 INFO  impl.LeaderElection (LeaderElection.java:askForVotes(181)) - 61924693-d283-4f9d-bc33-1ba4a640d0c5:group-F31826F8A81B:LeaderElection59: begin an election at term 1 for -1: [61924693-d283-4f9d-bc33-1ba4a640d0c5:192.168.69.122:34632], old=null
2019-07-13 19:22:46,030 INFO  impl.RoleInfo (RoleInfo.java:shutdownLeaderElection(134)) - 61924693-d283-4f9d-bc33-1ba4a640d0c5: shutdown LeaderElection
2019-07-13 19:22:46,030 INFO  impl.RaftServerImpl (RaftServerImpl.java:setRole(171)) - 61924693-d283-4f9d-bc33-1ba4a640d0c5:group-F31826F8A81B changes role from CANDIDATE to LEADER at term 1 for changeToLeader
2019-07-13 19:22:46,030 INFO  impl.RaftServerImpl (ServerState.java:setLeader(263)) - 61924693-d283-4f9d-bc33-1ba4a640d0c5:group-F31826F8A81B change Leader from null to 61924693-d283-4f9d-bc33-1ba4a640d0c5 at term 1 for becomeLeader, leader elected after 5052ms
2019-07-13 19:22:46,032 INFO  server.RaftServerConfigKeys (ConfUtils.java:logGet(43)) - raft.server.staging.catchup.gap = 1000 (default)
2019-07-13 19:22:46,033 INFO  server.RaftServerConfigKeys (ConfUtils.java:logGet(43)) - raft.server.rpc.sleep.time = 25ms (default)
2019-07-13 19:22:46,033 INFO  server.RaftServerConfigKeys (ConfUtils.java:logGet(43)) - raft.server.write.element-limit = 4096 (default)
2019-07-13 19:22:46,033 INFO  server.RaftServerConfigKeys (ConfUtils.java:logGet(43)) - raft.server.watch.timeout = 10s (default)
2019-07-13 19:22:46,033 INFO  server.RaftServerConfigKeys (ConfUtils.java:logGet(43)) - raft.server.watch.timeout.denomination = 1s (default)
2019-07-13 19:22:46,033 INFO  server.RaftServerConfigKeys (ConfUtils.java:logGet(43)) - raft.server.watch.element-limit = 65536 (default)
2019-07-13 19:22:46,033 INFO  impl.RoleInfo (RoleInfo.java:updateAndGet(143)) - 61924693-d283-4f9d-bc33-1ba4a640d0c5: start LeaderState
2019-07-13 19:22:46,034 INFO  segmented.SegmentedRaftLogWorker (SegmentedRaftLogWorker.java:startLogSegment(380)) - 61924693-d283-4f9d-bc33-1ba4a640d0c5-SegmentedRaftLogWorker:Storage Directory /tmp/workdir/hadoop-ozone/integration-test/target/test-dir/MiniOzoneClusterImpl-3d6cd069-ff82-4110-982d-1189e8e75f72/datanode-3/data/ratis/bf74d44c-1022-4028-91bd-f31826f8a81b: Starting segment from index:0
2019-07-13 19:22:46,034 INFO  impl.RaftServerImpl (ServerState.java:setRaftConf(361)) - 61924693-d283-4f9d-bc33-1ba4a640d0c5:group-F31826F8A81B set configuration 0: [61924693-d283-4f9d-bc33-1ba4a640d0c5:192.168.69.122:34632], old=null at 0
2019-07-13 19:22:46,064 INFO  segmented.SegmentedRaftLogWorker (SegmentedRaftLogWorker.java:execute(569)) - 61924693-d283-4f9d-bc33-1ba4a640d0c5-SegmentedRaftLogWorker:Storage Directory /tmp/workdir/hadoop-ozone/integration-test/target/test-dir/MiniOzoneClusterImpl-3d6cd069-ff82-4110-982d-1189e8e75f72/datanode-3/data/ratis/bf74d44c-1022-4028-91bd-f31826f8a81b: created new log segment /tmp/workdir/hadoop-ozone/integration-test/target/test-dir/MiniOzoneClusterImpl-3d6cd069-ff82-4110-982d-1189e8e75f72/datanode-3/data/ratis/bf74d44c-1022-4028-91bd-f31826f8a81b/current/log_inprogress_0
2019-07-13 19:22:46,395 INFO  impl.FollowerState (FollowerState.java:run(106)) - 53fdef79-a21b-4ea1-a273-496996ac2873:group-D333F4F3A5F7 changes to CANDIDATE, lastRpcTime:5105, electionTimeout:5105ms
2019-07-13 19:22:46,395 INFO  impl.RoleInfo (RoleInfo.java:shutdownFollowerState(121)) - 53fdef79-a21b-4ea1-a273-496996ac2873: shutdown FollowerState
2019-07-13 19:22:46,395 INFO  impl.RaftServerImpl (RaftServerImpl.java:setRole(171)) - 53fdef79-a21b-4ea1-a273-496996ac2873:group-D333F4F3A5F7 changes role from FOLLOWER to CANDIDATE at term 0 for changeToCandidate
2019-07-13 19:22:46,395 INFO  impl.RoleInfo (RoleInfo.java:updateAndGet(143)) - 53fdef79-a21b-4ea1-a273-496996ac2873: start LeaderElection
2019-07-13 19:22:46,414 INFO  impl.LeaderElection (LeaderElection.java:askForVotes(181)) - 53fdef79-a21b-4ea1-a273-496996ac2873:group-D333F4F3A5F7:LeaderElection60: begin an election at term 1 for -1: [53fdef79-a21b-4ea1-a273-496996ac2873:192.168.69.122:40240], old=null
2019-07-13 19:22:46,414 INFO  impl.RoleInfo (RoleInfo.java:shutdownLeaderElection(134)) - 53fdef79-a21b-4ea1-a273-496996ac2873: shutdown LeaderElection
2019-07-13 19:22:46,414 INFO  impl.RaftServerImpl (RaftServerImpl.java:setRole(171)) - 53fdef79-a21b-4ea1-a273-496996ac2873:group-D333F4F3A5F7 changes role from CANDIDATE to LEADER at term 1 for changeToLeader
2019-07-13 19:22:46,414 INFO  impl.RaftServerImpl (ServerState.java:setLeader(263)) - 53fdef79-a21b-4ea1-a273-496996ac2873:group-D333F4F3A5F7 change Leader from null to 53fdef79-a21b-4ea1-a273-496996ac2873 at term 1 for becomeLeader, leader elected after 5129ms
2019-07-13 19:22:46,417 INFO  server.RaftServerConfigKeys (ConfUtils.java:logGet(43)) - raft.server.staging.catchup.gap = 1000 (default)
2019-07-13 19:22:46,417 INFO  server.RaftServerConfigKeys (ConfUtils.java:logGet(43)) - raft.server.rpc.sleep.time = 25ms (default)
2019-07-13 19:22:46,417 INFO  server.RaftServerConfigKeys (ConfUtils.java:logGet(43)) - raft.server.write.element-limit = 4096 (default)
2019-07-13 19:22:46,417 INFO  server.RaftServerConfigKeys (ConfUtils.java:logGet(43)) - raft.server.watch.timeout = 10s (default)
2019-07-13 19:22:46,417 INFO  server.RaftServerConfigKeys (ConfUtils.java:logGet(43)) - raft.server.watch.timeout.denomination = 1s (default)
2019-07-13 19:22:46,417 INFO  server.RaftServerConfigKeys (ConfUtils.java:logGet(43)) - raft.server.watch.element-limit = 65536 (default)
2019-07-13 19:22:46,418 INFO  impl.RoleInfo (RoleInfo.java:updateAndGet(143)) - 53fdef79-a21b-4ea1-a273-496996ac2873: start LeaderState
2019-07-13 19:22:46,418 INFO  segmented.SegmentedRaftLogWorker (SegmentedRaftLogWorker.java:startLogSegment(380)) - 53fdef79-a21b-4ea1-a273-496996ac2873-SegmentedRaftLogWorker:Storage Directory /tmp/workdir/hadoop-ozone/integration-test/target/test-dir/MiniOzoneClusterImpl-3d6cd069-ff82-4110-982d-1189e8e75f72/datanode-4/data/ratis/5e367322-fe33-40bf-b748-d333f4f3a5f7: Starting segment from index:0
2019-07-13 19:22:46,418 INFO  impl.RaftServerImpl (ServerState.java:setRaftConf(361)) - 53fdef79-a21b-4ea1-a273-496996ac2873:group-D333F4F3A5F7 set configuration 0: [53fdef79-a21b-4ea1-a273-496996ac2873:192.168.69.122:40240], old=null at 0
2019-07-13 19:22:46,450 INFO  segmented.SegmentedRaftLogWorker (SegmentedRaftLogWorker.java:execute(569)) - 53fdef79-a21b-4ea1-a273-496996ac2873-SegmentedRaftLogWorker:Storage Directory /tmp/workdir/hadoop-ozone/integration-test/target/test-dir/MiniOzoneClusterImpl-3d6cd069-ff82-4110-982d-1189e8e75f72/datanode-4/data/ratis/5e367322-fe33-40bf-b748-d333f4f3a5f7: created new log segment /tmp/workdir/hadoop-ozone/integration-test/target/test-dir/MiniOzoneClusterImpl-3d6cd069-ff82-4110-982d-1189e8e75f72/datanode-4/data/ratis/5e367322-fe33-40bf-b748-d333f4f3a5f7/current/log_inprogress_0
2019-07-13 19:22:46,573 INFO  impl.FollowerState (FollowerState.java:run(106)) - 4ea882ca-b825-4296-8082-3f2409f5f6db:group-C81448EB3658 changes to CANDIDATE, lastRpcTime:5049, electionTimeout:5048ms
2019-07-13 19:22:46,574 INFO  impl.RoleInfo (RoleInfo.java:shutdownFollowerState(121)) - 4ea882ca-b825-4296-8082-3f2409f5f6db: shutdown FollowerState
2019-07-13 19:22:46,574 INFO  impl.RaftServerImpl (RaftServerImpl.java:setRole(171)) - 4ea882ca-b825-4296-8082-3f2409f5f6db:group-C81448EB3658 changes role from FOLLOWER to CANDIDATE at term 0 for changeToCandidate
2019-07-13 19:22:46,574 INFO  impl.RoleInfo (RoleInfo.java:updateAndGet(143)) - 4ea882ca-b825-4296-8082-3f2409f5f6db: start LeaderElection
2019-07-13 19:22:46,593 INFO  impl.LeaderElection (LeaderElection.java:askForVotes(181)) - 4ea882ca-b825-4296-8082-3f2409f5f6db:group-C81448EB3658:LeaderElection61: begin an election at term 1 for -1: [4ea882ca-b825-4296-8082-3f2409f5f6db:192.168.69.122:42857, 61924693-d283-4f9d-bc33-1ba4a640d0c5:192.168.69.122:34632, 53fdef79-a21b-4ea1-a273-496996ac2873:192.168.69.122:40240], old=null
2019-07-13 19:22:46,600 INFO  impl.RaftServerImpl (RaftServerImpl.java:setRole(171)) - 53fdef79-a21b-4ea1-a273-496996ac2873:group-C81448EB3658 changes role from FOLLOWER to FOLLOWER at term 1 for recognizeCandidate:4ea882ca-b825-4296-8082-3f2409f5f6db
2019-07-13 19:22:46,600 INFO  impl.RaftServerImpl (RaftServerImpl.java:setRole(171)) - 61924693-d283-4f9d-bc33-1ba4a640d0c5:group-C81448EB3658 changes role from FOLLOWER to FOLLOWER at term 1 for recognizeCandidate:4ea882ca-b825-4296-8082-3f2409f5f6db
2019-07-13 19:22:46,600 INFO  impl.RoleInfo (RoleInfo.java:shutdownFollowerState(121)) - 53fdef79-a21b-4ea1-a273-496996ac2873: shutdown FollowerState
2019-07-13 19:22:46,600 INFO  impl.RoleInfo (RoleInfo.java:shutdownFollowerState(121)) - 61924693-d283-4f9d-bc33-1ba4a640d0c5: shutdown FollowerState
2019-07-13 19:22:46,600 INFO  impl.FollowerState (FollowerState.java:run(114)) - 53fdef79-a21b-4ea1-a273-496996ac2873: FollowerState was interrupted: java.lang.InterruptedException: sleep interrupted
2019-07-13 19:22:46,600 INFO  impl.RoleInfo (RoleInfo.java:updateAndGet(143)) - 53fdef79-a21b-4ea1-a273-496996ac2873: start FollowerState
2019-07-13 19:22:46,600 INFO  impl.FollowerState (FollowerState.java:run(114)) - 61924693-d283-4f9d-bc33-1ba4a640d0c5: FollowerState was interrupted: java.lang.InterruptedException: sleep interrupted
2019-07-13 19:22:46,600 INFO  impl.RoleInfo (RoleInfo.java:updateAndGet(143)) - 61924693-d283-4f9d-bc33-1ba4a640d0c5: start FollowerState
2019-07-13 19:22:46,628 INFO  impl.LeaderElection (LeaderElection.java:logAndReturn(56)) - 4ea882ca-b825-4296-8082-3f2409f5f6db:group-C81448EB3658:LeaderElection61: Election PASSED; received 1 response(s) [4ea882ca-b825-4296-8082-3f2409f5f6db<-53fdef79-a21b-4ea1-a273-496996ac2873#0:OK-t1] and 0 exception(s); 4ea882ca-b825-4296-8082-3f2409f5f6db:t1, leader=null, voted=4ea882ca-b825-4296-8082-3f2409f5f6db, raftlog=4ea882ca-b825-4296-8082-3f2409f5f6db-SegmentedRaftLog:OPENED:c-1,f-1,i0, conf=-1: [4ea882ca-b825-4296-8082-3f2409f5f6db:192.168.69.122:42857, 61924693-d283-4f9d-bc33-1ba4a640d0c5:192.168.69.122:34632, 53fdef79-a21b-4ea1-a273-496996ac2873:192.168.69.122:40240], old=null
2019-07-13 19:22:46,629 INFO  impl.RoleInfo (RoleInfo.java:shutdownLeaderElection(134)) - 4ea882ca-b825-4296-8082-3f2409f5f6db: shutdown LeaderElection
2019-07-13 19:22:46,629 INFO  impl.RaftServerImpl (RaftServerImpl.java:setRole(171)) - 4ea882ca-b825-4296-8082-3f2409f5f6db:group-C81448EB3658 changes role from CANDIDATE to LEADER at term 1 for changeToLeader
2019-07-13 19:22:46,631 INFO  impl.RaftServerImpl (ServerState.java:setLeader(263)) - 4ea882ca-b825-4296-8082-3f2409f5f6db:group-C81448EB3658 change Leader from null to 4ea882ca-b825-4296-8082-3f2409f5f6db at term 1 for becomeLeader, leader elected after 5114ms
2019-07-13 19:22:46,634 INFO  server.RaftServerConfigKeys (ConfUtils.java:logGet(43)) - raft.server.staging.catchup.gap = 1000 (default)
2019-07-13 19:22:46,634 INFO  server.RaftServerConfigKeys (ConfUtils.java:logGet(43)) - raft.server.rpc.sleep.time = 25ms (default)
2019-07-13 19:22:46,634 INFO  server.RaftServerConfigKeys (ConfUtils.java:logGet(43)) - raft.server.write.element-limit = 4096 (default)
2019-07-13 19:22:46,634 INFO  server.RaftServerConfigKeys (ConfUtils.java:logGet(43)) - raft.server.watch.timeout = 10s (default)
2019-07-13 19:22:46,634 INFO  server.RaftServerConfigKeys (ConfUtils.java:logGet(43)) - raft.server.watch.timeout.denomination = 1s (default)
2019-07-13 19:22:46,635 INFO  server.RaftServerConfigKeys (ConfUtils.java:logGet(43)) - raft.server.watch.element-limit = 65536 (default)
2019-07-13 19:22:46,635 INFO  server.RaftServerConfigKeys (ConfUtils.java:logGet(43)) - raft.server.log.appender.snapshot.chunk.size.max = 16MB (=16777216) (default)
2019-07-13 19:22:46,635 INFO  server.RaftServerConfigKeys (ConfUtils.java:logGet(43)) - raft.server.log.appender.buffer.byte-limit = 33554432 (custom)
2019-07-13 19:22:46,635 INFO  server.RaftServerConfigKeys (ConfUtils.java:logGet(43)) - raft.server.log.appender.buffer.element-limit = 1 (custom)
2019-07-13 19:22:46,635 INFO  grpc.GrpcConfigKeys$Server (ConfUtils.java:logGet(43)) - raft.grpc.server.leader.outstanding.appends.max = 128 (default)
2019-07-13 19:22:46,636 INFO  server.RaftServerConfigKeys (ConfUtils.java:logGet(43)) - raft.server.rpc.request.timeout = 3000ms (default)
2019-07-13 19:22:46,636 INFO  server.RaftServerConfigKeys (ConfUtils.java:logGet(43)) - raft.server.log.appender.install.snapshot.enabled = false (custom)
2019-07-13 19:22:46,636 INFO  server.RaftServerConfigKeys (ConfUtils.java:logGet(43)) - raft.server.log.appender.snapshot.chunk.size.max = 16MB (=16777216) (default)
2019-07-13 19:22:46,636 INFO  server.RaftServerConfigKeys (ConfUtils.java:logGet(43)) - raft.server.log.appender.buffer.byte-limit = 33554432 (custom)
2019-07-13 19:22:46,636 INFO  server.RaftServerConfigKeys (ConfUtils.java:logGet(43)) - raft.server.log.appender.buffer.element-limit = 1 (custom)
2019-07-13 19:22:46,636 INFO  grpc.GrpcConfigKeys$Server (ConfUtils.java:logGet(43)) - raft.grpc.server.leader.outstanding.appends.max = 128 (default)
2019-07-13 19:22:46,637 INFO  server.RaftServerConfigKeys (ConfUtils.java:logGet(43)) - raft.server.rpc.request.timeout = 3000ms (default)
2019-07-13 19:22:46,637 INFO  server.RaftServerConfigKeys (ConfUtils.java:logGet(43)) - raft.server.log.appender.install.snapshot.enabled = false (custom)
2019-07-13 19:22:46,637 INFO  impl.RoleInfo (RoleInfo.java:updateAndGet(143)) - 4ea882ca-b825-4296-8082-3f2409f5f6db: start LeaderState
2019-07-13 19:22:46,637 INFO  segmented.SegmentedRaftLogWorker (SegmentedRaftLogWorker.java:startLogSegment(380)) - 4ea882ca-b825-4296-8082-3f2409f5f6db-SegmentedRaftLogWorker:Storage Directory /tmp/workdir/hadoop-ozone/integration-test/target/test-dir/MiniOzoneClusterImpl-3d6cd069-ff82-4110-982d-1189e8e75f72/datanode-5/data/ratis/14a22127-73e6-40a2-9736-c81448eb3658: Starting segment from index:0
2019-07-13 19:22:46,638 INFO  impl.RaftServerImpl (ServerState.java:setRaftConf(361)) - 4ea882ca-b825-4296-8082-3f2409f5f6db:group-C81448EB3658 set configuration 0: [4ea882ca-b825-4296-8082-3f2409f5f6db:192.168.69.122:42857, 61924693-d283-4f9d-bc33-1ba4a640d0c5:192.168.69.122:34632, 53fdef79-a21b-4ea1-a273-496996ac2873:192.168.69.122:40240], old=null at 0
2019-07-13 19:22:46,657 INFO  impl.FollowerState (FollowerState.java:run(106)) - 4ea882ca-b825-4296-8082-3f2409f5f6db:group-331A39D2C098 changes to CANDIDATE, lastRpcTime:5192, electionTimeout:5188ms
2019-07-13 19:22:46,657 INFO  impl.RoleInfo (RoleInfo.java:shutdownFollowerState(121)) - 4ea882ca-b825-4296-8082-3f2409f5f6db: shutdown FollowerState
2019-07-13 19:22:46,657 INFO  impl.RaftServerImpl (RaftServerImpl.java:setRole(171)) - 4ea882ca-b825-4296-8082-3f2409f5f6db:group-331A39D2C098 changes role from FOLLOWER to CANDIDATE at term 0 for changeToCandidate
2019-07-13 19:22:46,658 INFO  impl.RoleInfo (RoleInfo.java:updateAndGet(143)) - 4ea882ca-b825-4296-8082-3f2409f5f6db: start LeaderElection
2019-07-13 19:22:46,661 INFO  impl.RaftServerImpl (ServerState.java:setLeader(263)) - 53fdef79-a21b-4ea1-a273-496996ac2873:group-C81448EB3658 change Leader from null to 4ea882ca-b825-4296-8082-3f2409f5f6db at term 1 for appendEntries, leader elected after 5143ms
2019-07-13 19:22:46,661 INFO  impl.RaftServerImpl (ServerState.java:setLeader(263)) - 61924693-d283-4f9d-bc33-1ba4a640d0c5:group-C81448EB3658 change Leader from null to 4ea882ca-b825-4296-8082-3f2409f5f6db at term 1 for appendEntries, leader elected after 5143ms
2019-07-13 19:22:46,669 INFO  impl.RaftServerImpl (ServerState.java:setRaftConf(361)) - 53fdef79-a21b-4ea1-a273-496996ac2873:group-C81448EB3658 set configuration 0: [4ea882ca-b825-4296-8082-3f2409f5f6db:192.168.69.122:42857, 61924693-d283-4f9d-bc33-1ba4a640d0c5:192.168.69.122:34632, 53fdef79-a21b-4ea1-a273-496996ac2873:192.168.69.122:40240], old=null at 0
2019-07-13 19:22:46,669 INFO  segmented.SegmentedRaftLogWorker (SegmentedRaftLogWorker.java:startLogSegment(380)) - 53fdef79-a21b-4ea1-a273-496996ac2873-SegmentedRaftLogWorker:Storage Directory /tmp/workdir/hadoop-ozone/integration-test/target/test-dir/MiniOzoneClusterImpl-3d6cd069-ff82-4110-982d-1189e8e75f72/datanode-4/data/ratis/14a22127-73e6-40a2-9736-c81448eb3658: Starting segment from index:0
2019-07-13 19:22:46,671 INFO  impl.LeaderElection (LeaderElection.java:askForVotes(181)) - 4ea882ca-b825-4296-8082-3f2409f5f6db:group-331A39D2C098:LeaderElection62: begin an election at term 1 for -1: [4ea882ca-b825-4296-8082-3f2409f5f6db:192.168.69.122:42857], old=null
2019-07-13 19:22:46,671 INFO  impl.RaftServerImpl (ServerState.java:setRaftConf(361)) - 61924693-d283-4f9d-bc33-1ba4a640d0c5:group-C81448EB3658 set configuration 0: [4ea882ca-b825-4296-8082-3f2409f5f6db:192.168.69.122:42857, 61924693-d283-4f9d-bc33-1ba4a640d0c5:192.168.69.122:34632, 53fdef79-a21b-4ea1-a273-496996ac2873:192.168.69.122:40240], old=null at 0
2019-07-13 19:22:46,671 INFO  segmented.SegmentedRaftLogWorker (SegmentedRaftLogWorker.java:execute(569)) - 4ea882ca-b825-4296-8082-3f2409f5f6db-SegmentedRaftLogWorker:Storage Directory /tmp/workdir/hadoop-ozone/integration-test/target/test-dir/MiniOzoneClusterImpl-3d6cd069-ff82-4110-982d-1189e8e75f72/datanode-5/data/ratis/14a22127-73e6-40a2-9736-c81448eb3658: created new log segment /tmp/workdir/hadoop-ozone/integration-test/target/test-dir/MiniOzoneClusterImpl-3d6cd069-ff82-4110-982d-1189e8e75f72/datanode-5/data/ratis/14a22127-73e6-40a2-9736-c81448eb3658/current/log_inprogress_0
2019-07-13 19:22:46,672 INFO  segmented.SegmentedRaftLogWorker (SegmentedRaftLogWorker.java:startLogSegment(380)) - 61924693-d283-4f9d-bc33-1ba4a640d0c5-SegmentedRaftLogWorker:Storage Directory /tmp/workdir/hadoop-ozone/integration-test/target/test-dir/MiniOzoneClusterImpl-3d6cd069-ff82-4110-982d-1189e8e75f72/datanode-3/data/ratis/14a22127-73e6-40a2-9736-c81448eb3658: Starting segment from index:0
2019-07-13 19:22:46,671 INFO  impl.RoleInfo (RoleInfo.java:shutdownLeaderElection(134)) - 4ea882ca-b825-4296-8082-3f2409f5f6db: shutdown LeaderElection
2019-07-13 19:22:46,672 INFO  impl.RaftServerImpl (RaftServerImpl.java:setRole(171)) - 4ea882ca-b825-4296-8082-3f2409f5f6db:group-331A39D2C098 changes role from CANDIDATE to LEADER at term 1 for changeToLeader
2019-07-13 19:22:46,672 INFO  impl.RaftServerImpl (ServerState.java:setLeader(263)) - 4ea882ca-b825-4296-8082-3f2409f5f6db:group-331A39D2C098 change Leader from null to 4ea882ca-b825-4296-8082-3f2409f5f6db at term 1 for becomeLeader, leader elected after 5211ms
2019-07-13 19:22:46,672 INFO  server.RaftServerConfigKeys (ConfUtils.java:logGet(43)) - raft.server.staging.catchup.gap = 1000 (default)
2019-07-13 19:22:46,672 INFO  server.RaftServerConfigKeys (ConfUtils.java:logGet(43)) - raft.server.rpc.sleep.time = 25ms (default)
2019-07-13 19:22:46,673 INFO  server.RaftServerConfigKeys (ConfUtils.java:logGet(43)) - raft.server.write.element-limit = 4096 (default)
2019-07-13 19:22:46,673 INFO  server.RaftServerConfigKeys (ConfUtils.java:logGet(43)) - raft.server.watch.timeout = 10s (default)
2019-07-13 19:22:46,673 INFO  server.RaftServerConfigKeys (ConfUtils.java:logGet(43)) - raft.server.watch.timeout.denomination = 1s (default)
2019-07-13 19:22:46,673 INFO  server.RaftServerConfigKeys (ConfUtils.java:logGet(43)) - raft.server.watch.element-limit = 65536 (default)
2019-07-13 19:22:46,673 INFO  impl.RoleInfo (RoleInfo.java:updateAndGet(143)) - 4ea882ca-b825-4296-8082-3f2409f5f6db: start LeaderState
2019-07-13 19:22:46,673 INFO  segmented.SegmentedRaftLogWorker (SegmentedRaftLogWorker.java:startLogSegment(380)) - 4ea882ca-b825-4296-8082-3f2409f5f6db-SegmentedRaftLogWorker:Storage Directory /tmp/workdir/hadoop-ozone/integration-test/target/test-dir/MiniOzoneClusterImpl-3d6cd069-ff82-4110-982d-1189e8e75f72/datanode-5/data/ratis/9eee443d-0adb-4dc7-9687-331a39d2c098: Starting segment from index:0
2019-07-13 19:22:46,674 INFO  impl.RaftServerImpl (ServerState.java:setRaftConf(361)) - 4ea882ca-b825-4296-8082-3f2409f5f6db:group-331A39D2C098 set configuration 0: [4ea882ca-b825-4296-8082-3f2409f5f6db:192.168.69.122:42857], old=null at 0
2019-07-13 19:22:46,707 INFO  segmented.SegmentedRaftLogWorker (SegmentedRaftLogWorker.java:execute(569)) - 53fdef79-a21b-4ea1-a273-496996ac2873-SegmentedRaftLogWorker:Storage Directory /tmp/workdir/hadoop-ozone/integration-test/target/test-dir/MiniOzoneClusterImpl-3d6cd069-ff82-4110-982d-1189e8e75f72/datanode-4/data/ratis/14a22127-73e6-40a2-9736-c81448eb3658: created new log segment /tmp/workdir/hadoop-ozone/integration-test/target/test-dir/MiniOzoneClusterImpl-3d6cd069-ff82-4110-982d-1189e8e75f72/datanode-4/data/ratis/14a22127-73e6-40a2-9736-c81448eb3658/current/log_inprogress_0
2019-07-13 19:22:46,707 INFO  segmented.SegmentedRaftLogWorker (SegmentedRaftLogWorker.java:execute(569)) - 61924693-d283-4f9d-bc33-1ba4a640d0c5-SegmentedRaftLogWorker:Storage Directory /tmp/workdir/hadoop-ozone/integration-test/target/test-dir/MiniOzoneClusterImpl-3d6cd069-ff82-4110-982d-1189e8e75f72/datanode-3/data/ratis/14a22127-73e6-40a2-9736-c81448eb3658: created new log segment /tmp/workdir/hadoop-ozone/integration-test/target/test-dir/MiniOzoneClusterImpl-3d6cd069-ff82-4110-982d-1189e8e75f72/datanode-3/data/ratis/14a22127-73e6-40a2-9736-c81448eb3658/current/log_inprogress_0
2019-07-13 19:22:46,719 INFO  segmented.SegmentedRaftLogWorker (SegmentedRaftLogWorker.java:execute(569)) - 4ea882ca-b825-4296-8082-3f2409f5f6db-SegmentedRaftLogWorker:Storage Directory /tmp/workdir/hadoop-ozone/integration-test/target/test-dir/MiniOzoneClusterImpl-3d6cd069-ff82-4110-982d-1189e8e75f72/datanode-5/data/ratis/9eee443d-0adb-4dc7-9687-331a39d2c098: created new log segment /tmp/workdir/hadoop-ozone/integration-test/target/test-dir/MiniOzoneClusterImpl-3d6cd069-ff82-4110-982d-1189e8e75f72/datanode-5/data/ratis/9eee443d-0adb-4dc7-9687-331a39d2c098/current/log_inprogress_0
2019-07-13 19:22:46,751 INFO  client.GrpcClientProtocolClient (GrpcClientProtocolClient.java:onNext(255)) - client-4581611B5F74->5fece8fe-f5e9-4805-86ac-f9c24e79798a: receive RaftClientReply:client-4581611B5F74->5fece8fe-f5e9-4805-86ac-f9c24e79798a@group-85A5A3CA223E, cid=175, FAILED org.apache.ratis.protocol.NotLeaderException: Server 5fece8fe-f5e9-4805-86ac-f9c24e79798a is not the leader (56b5fcf5-9ede-4007-ba3d-f93a881d2260:192.168.69.122:35072). Request must be sent to leader., logIndex=0, commits[5fece8fe-f5e9-4805-86ac-f9c24e79798a:c-1, 56b5fcf5-9ede-4007-ba3d-f93a881d2260:c-1, cc74f7b4-3b0a-4c1d-9d1b-a355a8cc6784:c-1]
2019-07-13 19:22:46,796 INFO  impl.FollowerState (FollowerState.java:run(106)) - 4fe38d82-0098-41af-a355-833501dc5333:group-1842EAF3B1EE changes to CANDIDATE, lastRpcTime:5169, electionTimeout:5169ms
2019-07-13 19:22:46,796 INFO  impl.RoleInfo (RoleInfo.java:shutdownFollowerState(121)) - 4fe38d82-0098-41af-a355-833501dc5333: shutdown FollowerState
2019-07-13 19:22:46,796 INFO  impl.RaftServerImpl (RaftServerImpl.java:setRole(171)) - 4fe38d82-0098-41af-a355-833501dc5333:group-1842EAF3B1EE changes role from FOLLOWER to CANDIDATE at term 0 for changeToCandidate
2019-07-13 19:22:46,796 INFO  impl.RoleInfo (RoleInfo.java:updateAndGet(143)) - 4fe38d82-0098-41af-a355-833501dc5333: start LeaderElection
2019-07-13 19:22:46,805 INFO  impl.LeaderElection (LeaderElection.java:askForVotes(181)) - 4fe38d82-0098-41af-a355-833501dc5333:group-1842EAF3B1EE:LeaderElection63: begin an election at term 1 for -1: [4fe38d82-0098-41af-a355-833501dc5333:192.168.69.122:37704], old=null
2019-07-13 19:22:46,805 INFO  impl.RoleInfo (RoleInfo.java:shutdownLeaderElection(134)) - 4fe38d82-0098-41af-a355-833501dc5333: shutdown LeaderElection
2019-07-13 19:22:46,806 INFO  impl.RaftServerImpl (RaftServerImpl.java:setRole(171)) - 4fe38d82-0098-41af-a355-833501dc5333:group-1842EAF3B1EE changes role from CANDIDATE to LEADER at term 1 for changeToLeader
2019-07-13 19:22:46,806 INFO  impl.RaftServerImpl (ServerState.java:setLeader(263)) - 4fe38d82-0098-41af-a355-833501dc5333:group-1842EAF3B1EE change Leader from null to 4fe38d82-0098-41af-a355-833501dc5333 at term 1 for becomeLeader, leader elected after 5183ms
2019-07-13 19:22:46,808 INFO  server.RaftServerConfigKeys (ConfUtils.java:logGet(43)) - raft.server.staging.catchup.gap = 1000 (default)
2019-07-13 19:22:46,808 INFO  server.RaftServerConfigKeys (ConfUtils.java:logGet(43)) - raft.server.rpc.sleep.time = 25ms (default)
2019-07-13 19:22:46,808 INFO  server.RaftServerConfigKeys (ConfUtils.java:logGet(43)) - raft.server.write.element-limit = 4096 (default)
2019-07-13 19:22:46,808 INFO  server.RaftServerConfigKeys (ConfUtils.java:logGet(43)) - raft.server.watch.timeout = 10s (default)
2019-07-13 19:22:46,808 INFO  server.RaftServerConfigKeys (ConfUtils.java:logGet(43)) - raft.server.watch.timeout.denomination = 1s (default)
2019-07-13 19:22:46,808 INFO  server.RaftServerConfigKeys (ConfUtils.java:logGet(43)) - raft.server.watch.element-limit = 65536 (default)
2019-07-13 19:22:46,809 INFO  impl.RoleInfo (RoleInfo.java:updateAndGet(143)) - 4fe38d82-0098-41af-a355-833501dc5333: start LeaderState
2019-07-13 19:22:46,809 INFO  segmented.SegmentedRaftLogWorker (SegmentedRaftLogWorker.java:startLogSegment(380)) - 4fe38d82-0098-41af-a355-833501dc5333-SegmentedRaftLogWorker:Storage Directory /tmp/workdir/hadoop-ozone/integration-test/target/test-dir/MiniOzoneClusterImpl-3d6cd069-ff82-4110-982d-1189e8e75f72/datanode-6/data/ratis/761de2e3-c3ee-4d3f-af0a-1842eaf3b1ee: Starting segment from index:0
2019-07-13 19:22:46,810 INFO  impl.RaftServerImpl (ServerState.java:setRaftConf(361)) - 4fe38d82-0098-41af-a355-833501dc5333:group-1842EAF3B1EE set configuration 0: [4fe38d82-0098-41af-a355-833501dc5333:192.168.69.122:37704], old=null at 0
2019-07-13 19:22:46,848 INFO  segmented.SegmentedRaftLogWorker (SegmentedRaftLogWorker.java:execute(569)) - 4fe38d82-0098-41af-a355-833501dc5333-SegmentedRaftLogWorker:Storage Directory /tmp/workdir/hadoop-ozone/integration-test/target/test-dir/MiniOzoneClusterImpl-3d6cd069-ff82-4110-982d-1189e8e75f72/datanode-6/data/ratis/761de2e3-c3ee-4d3f-af0a-1842eaf3b1ee: created new log segment /tmp/workdir/hadoop-ozone/integration-test/target/test-dir/MiniOzoneClusterImpl-3d6cd069-ff82-4110-982d-1189e8e75f72/datanode-6/data/ratis/761de2e3-c3ee-4d3f-af0a-1842eaf3b1ee/current/log_inprogress_0
2019-07-13 19:22:46,874 INFO  client.GrpcClientProtocolClient (GrpcClientProtocolClient.java:onNext(255)) - client-4581611B5F74->56b5fcf5-9ede-4007-ba3d-f93a881d2260: receive RaftClientReply:client-4581611B5F74->56b5fcf5-9ede-4007-ba3d-f93a881d2260@group-85A5A3CA223E, cid=175, SUCCESS, logIndex=1, commits[56b5fcf5-9ede-4007-ba3d-f93a881d2260:c1, 5fece8fe-f5e9-4805-86ac-f9c24e79798a:c0, cc74f7b4-3b0a-4c1d-9d1b-a355a8cc6784:c0]
2019-07-13 19:22:46,901 INFO  client.GrpcClientProtocolClient (GrpcClientProtocolClient.java:onNext(255)) - client-4581611B5F74->56b5fcf5-9ede-4007-ba3d-f93a881d2260: receive RaftClientReply:client-4581611B5F74->56b5fcf5-9ede-4007-ba3d-f93a881d2260@group-85A5A3CA223E, cid=176, SUCCESS, logIndex=3, commits[56b5fcf5-9ede-4007-ba3d-f93a881d2260:c5, 5fece8fe-f5e9-4805-86ac-f9c24e79798a:c1, cc74f7b4-3b0a-4c1d-9d1b-a355a8cc6784:c1]
2019-07-13 19:22:46,932 INFO  client.GrpcClientProtocolClient (GrpcClientProtocolClient.java:onNext(255)) - client-4581611B5F74->56b5fcf5-9ede-4007-ba3d-f93a881d2260: receive RaftClientReply:client-4581611B5F74->56b5fcf5-9ede-4007-ba3d-f93a881d2260@group-85A5A3CA223E, cid=177, SUCCESS, logIndex=4, commits[56b5fcf5-9ede-4007-ba3d-f93a881d2260:c10, 5fece8fe-f5e9-4805-86ac-f9c24e79798a:c7, cc74f7b4-3b0a-4c1d-9d1b-a355a8cc6784:c7]
2019-07-13 19:22:46,933 INFO  client.GrpcClientProtocolClient (GrpcClientProtocolClient.java:onNext(255)) - client-4581611B5F74->56b5fcf5-9ede-4007-ba3d-f93a881d2260: receive RaftClientReply:client-4581611B5F74->56b5fcf5-9ede-4007-ba3d-f93a881d2260@group-85A5A3CA223E, cid=178, SUCCESS, logIndex=5, commits[56b5fcf5-9ede-4007-ba3d-f93a881d2260:c10, 5fece8fe-f5e9-4805-86ac-f9c24e79798a:c7, cc74f7b4-3b0a-4c1d-9d1b-a355a8cc6784:c7]
2019-07-13 19:22:46,933 INFO  client.GrpcClientProtocolClient (GrpcClientProtocolClient.java:onNext(255)) - client-4581611B5F74->56b5fcf5-9ede-4007-ba3d-f93a881d2260: receive RaftClientReply:client-4581611B5F74->56b5fcf5-9ede-4007-ba3d-f93a881d2260@group-85A5A3CA223E, cid=179, SUCCESS, logIndex=6, commits[56b5fcf5-9ede-4007-ba3d-f93a881d2260:c10, 5fece8fe-f5e9-4805-86ac-f9c24e79798a:c7, cc74f7b4-3b0a-4c1d-9d1b-a355a8cc6784:c7]
2019-07-13 19:22:47,021 INFO  client.GrpcClientProtocolClient (GrpcClientProtocolClient.java:onNext(255)) - client-4581611B5F74->56b5fcf5-9ede-4007-ba3d-f93a881d2260: receive RaftClientReply:client-4581611B5F74->56b5fcf5-9ede-4007-ba3d-f93a881d2260@group-85A5A3CA223E, cid=180, SUCCESS, logIndex=7, commits[56b5fcf5-9ede-4007-ba3d-f93a881d2260:c10, 5fece8fe-f5e9-4805-86ac-f9c24e79798a:c7, cc74f7b4-3b0a-4c1d-9d1b-a355a8cc6784:c7]
2019-07-13 19:22:47,044 INFO  client.GrpcClientProtocolClient (GrpcClientProtocolClient.java:onNext(255)) - client-4581611B5F74->56b5fcf5-9ede-4007-ba3d-f93a881d2260: receive RaftClientReply:client-4581611B5F74->56b5fcf5-9ede-4007-ba3d-f93a881d2260@group-85A5A3CA223E, cid=181, SUCCESS, logIndex=11, commits[56b5fcf5-9ede-4007-ba3d-f93a881d2260:c12, 5fece8fe-f5e9-4805-86ac-f9c24e79798a:c10, cc74f7b4-3b0a-4c1d-9d1b-a355a8cc6784:c10]
2019-07-13 19:22:47,044 INFO  client.GrpcClientProtocolClient (GrpcClientProtocolClient.java:onNext(255)) - client-4581611B5F74->56b5fcf5-9ede-4007-ba3d-f93a881d2260: receive RaftClientReply:client-4581611B5F74->56b5fcf5-9ede-4007-ba3d-f93a881d2260@group-85A5A3CA223E, cid=182, SUCCESS, logIndex=12, commits[56b5fcf5-9ede-4007-ba3d-f93a881d2260:c12, 5fece8fe-f5e9-4805-86ac-f9c24e79798a:c10, cc74f7b4-3b0a-4c1d-9d1b-a355a8cc6784:c10]
2019-07-13 19:22:47,057 INFO  client.GrpcClientProtocolClient (GrpcClientProtocolClient.java:onNext(255)) - client-4581611B5F74->56b5fcf5-9ede-4007-ba3d-f93a881d2260: receive RaftClientReply:client-4581611B5F74->56b5fcf5-9ede-4007-ba3d-f93a881d2260@group-85A5A3CA223E, cid=183, SUCCESS, logIndex=0, commits[56b5fcf5-9ede-4007-ba3d-f93a881d2260:c13, 5fece8fe-f5e9-4805-86ac-f9c24e79798a:c12, cc74f7b4-3b0a-4c1d-9d1b-a355a8cc6784:c12]
2019-07-13 19:22:47,057 INFO  datanode.ObjectStoreHandler (ObjectStoreHandler.java:close(155)) - Closing ObjectStoreHandler.
2019-07-13 19:22:47,058 INFO  ozone.HddsDatanodeService (HddsDatanodeService.java:stop(452)) - Stopped plug-in org.apache.hadoop.ozone.web.OzoneHddsDatanodeService@5c3ad125
2019-07-13 19:22:47,865 INFO  statemachine.DatanodeStateMachine (DatanodeStateMachine.java:lambda$startDaemon$0(350)) - Ozone container server started.
2019-07-13 19:22:51,897 INFO  node.StaleNodeHandler (StaleNodeHandler.java:onMessage(58)) - Datanode cc74f7b4-3b0a-4c1d-9d1b-a355a8cc6784{ip: 192.168.69.122, host: trunk-nightly-fxqsz-774976932, networkLocation: /default-rack, certSerialId: null} moved to stale state. Finalizing its pipelines [PipelineID=8f8820f3-4df9-4ad9-a798-a9d73fd1a2d5, PipelineID=6a2117a1-a417-45b8-8b51-85a5a3ca223e]
2019-07-13 19:22:51,898 INFO  pipeline.SCMPipelineManager (SCMPipelineManager.java:finalizeAndDestroyPipeline(309)) - destroying pipeline:Pipeline[ Id: 8f8820f3-4df9-4ad9-a798-a9d73fd1a2d5, Nodes: cc74f7b4-3b0a-4c1d-9d1b-a355a8cc6784{ip: 192.168.69.122, host: trunk-nightly-fxqsz-774976932, networkLocation: /default-rack, certSerialId: null}, Type:RATIS, Factor:ONE, State:OPEN]
2019-07-13 19:22:51,898 INFO  pipeline.PipelineStateManager (PipelineStateManager.java:finalizePipeline(123)) - Pipeline Pipeline[ Id: 8f8820f3-4df9-4ad9-a798-a9d73fd1a2d5, Nodes: cc74f7b4-3b0a-4c1d-9d1b-a355a8cc6784{ip: 192.168.69.122, host: trunk-nightly-fxqsz-774976932, networkLocation: /default-rack, certSerialId: null}, Type:RATIS, Factor:ONE, State:CLOSED] moved to CLOSED state
2019-07-13 19:22:51,898 INFO  pipeline.SCMPipelineManager (SCMPipelineManager.java:finalizeAndDestroyPipeline(309)) - destroying pipeline:Pipeline[ Id: 6a2117a1-a417-45b8-8b51-85a5a3ca223e, Nodes: cc74f7b4-3b0a-4c1d-9d1b-a355a8cc6784{ip: 192.168.69.122, host: trunk-nightly-fxqsz-774976932, networkLocation: /default-rack, certSerialId: null}5fece8fe-f5e9-4805-86ac-f9c24e79798a{ip: 192.168.69.122, host: trunk-nightly-fxqsz-774976932, networkLocation: /default-rack, certSerialId: null}56b5fcf5-9ede-4007-ba3d-f93a881d2260{ip: 192.168.69.122, host: trunk-nightly-fxqsz-774976932, networkLocation: /default-rack, certSerialId: null}, Type:RATIS, Factor:THREE, State:OPEN]
2019-07-13 19:22:51,898 INFO  pipeline.PipelineStateManager (PipelineStateManager.java:finalizePipeline(123)) - Pipeline Pipeline[ Id: 6a2117a1-a417-45b8-8b51-85a5a3ca223e, Nodes: cc74f7b4-3b0a-4c1d-9d1b-a355a8cc6784{ip: 192.168.69.122, host: trunk-nightly-fxqsz-774976932, networkLocation: /default-rack, certSerialId: null}5fece8fe-f5e9-4805-86ac-f9c24e79798a{ip: 192.168.69.122, host: trunk-nightly-fxqsz-774976932, networkLocation: /default-rack, certSerialId: null}56b5fcf5-9ede-4007-ba3d-f93a881d2260{ip: 192.168.69.122, host: trunk-nightly-fxqsz-774976932, networkLocation: /default-rack, certSerialId: null}, Type:RATIS, Factor:THREE, State:CLOSED] moved to CLOSED state
2019-07-13 19:22:51,899 INFO  container.CloseContainerEventHandler (CloseContainerEventHandler.java:onMessage(61)) - Close container Event triggered for container : #1
2019-07-13 19:22:52,059 INFO  ozoneimpl.OzoneContainer (OzoneContainer.java:stop(199)) - Attempting to stop container services.
2019-07-13 19:22:52,060 INFO  impl.RaftServerProxy (RaftServerProxy.java:lambda$close$4(314)) - cc74f7b4-3b0a-4c1d-9d1b-a355a8cc6784: close
2019-07-13 19:22:52,060 INFO  impl.RaftServerImpl (RaftServerImpl.java:lambda$shutdown$3(245)) - cc74f7b4-3b0a-4c1d-9d1b-a355a8cc6784: shutdown group-A9D73FD1A2D5
2019-07-13 19:22:52,060 INFO  impl.RaftServerImpl (RaftServerImpl.java:lambda$shutdown$3(245)) - cc74f7b4-3b0a-4c1d-9d1b-a355a8cc6784: shutdown group-85A5A3CA223E
2019-07-13 19:22:52,061 INFO  util.JmxRegister (JmxRegister.java:unregister(73)) - Successfully un-registered JMX Bean with object name Ratis:service=RaftServer,group=group-A9D73FD1A2D5,id=cc74f7b4-3b0a-4c1d-9d1b-a355a8cc6784
2019-07-13 19:22:52,065 INFO  impl.RoleInfo (RoleInfo.java:shutdownLeaderState(104)) - cc74f7b4-3b0a-4c1d-9d1b-a355a8cc6784: shutdown LeaderState
2019-07-13 19:22:52,061 INFO  util.JmxRegister (JmxRegister.java:unregister(73)) - Successfully un-registered JMX Bean with object name Ratis:service=RaftServer,group=group-85A5A3CA223E,id=cc74f7b4-3b0a-4c1d-9d1b-a355a8cc6784
2019-07-13 19:22:52,065 INFO  impl.PendingRequests (PendingRequests.java:sendNotLeaderResponses(202)) - cc74f7b4-3b0a-4c1d-9d1b-a355a8cc6784-PendingRequests: sendNotLeaderResponses
2019-07-13 19:22:52,066 INFO  impl.RoleInfo (RoleInfo.java:shutdownFollowerState(121)) - cc74f7b4-3b0a-4c1d-9d1b-a355a8cc6784: shutdown FollowerState
2019-07-13 19:22:52,066 INFO  impl.StateMachineUpdater (StateMachineUpdater.java:stopAndJoin(115)) - StateMachineUpdater:cc74f7b4-3b0a-4c1d-9d1b-a355a8cc6784:group-A9D73FD1A2D5: set stopIndex = 0
2019-07-13 19:22:52,066 INFO  impl.FollowerState (FollowerState.java:run(114)) - cc74f7b4-3b0a-4c1d-9d1b-a355a8cc6784: FollowerState was interrupted: java.lang.InterruptedException: sleep interrupted
2019-07-13 19:22:52,066 INFO  ratis.ContainerStateMachine (ContainerStateMachine.java:takeSnapshot(246)) - Taking snapshot at termIndex:(t:1, i:12)
2019-07-13 19:22:52,072 INFO  ratis.ContainerStateMachine (ContainerStateMachine.java:takeSnapshot(250)) - Taking a snapshot to file /tmp/workdir/hadoop-ozone/integration-test/target/test-dir/MiniOzoneClusterImpl-3d6cd069-ff82-4110-982d-1189e8e75f72/datanode-0/data/ratis/6a2117a1-a417-45b8-8b51-85a5a3ca223e/sm/snapshot.1_12
2019-07-13 19:22:52,066 INFO  impl.StateMachineUpdater (StateMachineUpdater.java:stopAndJoin(115)) - StateMachineUpdater:cc74f7b4-3b0a-4c1d-9d1b-a355a8cc6784:group-85A5A3CA223E: set stopIndex = 14
2019-07-13 19:22:52,066 INFO  ratis.ContainerStateMachine (ContainerStateMachine.java:takeSnapshot(246)) - Taking snapshot at termIndex:(t:0, i:~)
2019-07-13 19:22:52,075 INFO  impl.RaftServerImpl (ServerState.java:close(394)) - cc74f7b4-3b0a-4c1d-9d1b-a355a8cc6784:group-A9D73FD1A2D5 closes. The last applied log index is 0
2019-07-13 19:22:52,075 INFO  segmented.SegmentedRaftLogWorker (SegmentedRaftLogWorker.java:run(313)) - cc74f7b4-3b0a-4c1d-9d1b-a355a8cc6784-SegmentedRaftLogWorker:Storage Directory /tmp/workdir/hadoop-ozone/integration-test/target/test-dir/MiniOzoneClusterImpl-3d6cd069-ff82-4110-982d-1189e8e75f72/datanode-0/data/ratis/8f8820f3-4df9-4ad9-a798-a9d73fd1a2d5 was interrupted, exiting. There are 0 tasks remaining in the queue.
2019-07-13 19:22:52,084 INFO  impl.StateMachineUpdater (StateMachineUpdater.java:takeSnapshot(242)) - StateMachineUpdater:cc74f7b4-3b0a-4c1d-9d1b-a355a8cc6784:group-85A5A3CA223E: Took a snapshot at index 12
2019-07-13 19:22:52,084 INFO  segmented.SegmentedRaftLogWorker (SegmentedRaftLogWorker.java:close(228)) - cc74f7b4-3b0a-4c1d-9d1b-a355a8cc6784-SegmentedRaftLogWorker:Storage Directory /tmp/workdir/hadoop-ozone/integration-test/target/test-dir/MiniOzoneClusterImpl-3d6cd069-ff82-4110-982d-1189e8e75f72/datanode-0/data/ratis/8f8820f3-4df9-4ad9-a798-a9d73fd1a2d5 close()
2019-07-13 19:22:52,084 INFO  impl.StateMachineUpdater (StateMachineUpdater.java:lambda$new$0(80)) - StateMachineUpdater:cc74f7b4-3b0a-4c1d-9d1b-a355a8cc6784:group-85A5A3CA223E: snapshotIndex: updateIncreasingly -1 -> 12
2019-07-13 19:22:52,090 INFO  impl.RaftServerImpl (ServerState.java:close(394)) - cc74f7b4-3b0a-4c1d-9d1b-a355a8cc6784:group-85A5A3CA223E closes. The last applied log index is 14
2019-07-13 19:22:52,090 INFO  segmented.SegmentedRaftLogWorker (SegmentedRaftLogWorker.java:run(313)) - cc74f7b4-3b0a-4c1d-9d1b-a355a8cc6784-SegmentedRaftLogWorker:Storage Directory /tmp/workdir/hadoop-ozone/integration-test/target/test-dir/MiniOzoneClusterImpl-3d6cd069-ff82-4110-982d-1189e8e75f72/datanode-0/data/ratis/6a2117a1-a417-45b8-8b51-85a5a3ca223e was interrupted, exiting. There are 0 tasks remaining in the queue.
2019-07-13 19:22:52,093 INFO  segmented.SegmentedRaftLogWorker (SegmentedRaftLogWorker.java:close(228)) - cc74f7b4-3b0a-4c1d-9d1b-a355a8cc6784-SegmentedRaftLogWorker:Storage Directory /tmp/workdir/hadoop-ozone/integration-test/target/test-dir/MiniOzoneClusterImpl-3d6cd069-ff82-4110-982d-1189e8e75f72/datanode-0/data/ratis/6a2117a1-a417-45b8-8b51-85a5a3ca223e close()
2019-07-13 19:22:52,098 INFO  server.GrpcService (GrpcService.java:closeImpl(155)) - cc74f7b4-3b0a-4c1d-9d1b-a355a8cc6784: shutdown server with port 33581 now
2019-07-13 19:22:52,099 WARN  server.GrpcServerProtocolService (LogUtils.java:warn(134)) - cc74f7b4-3b0a-4c1d-9d1b-a355a8cc6784: appendEntries onError: org.apache.ratis.thirdparty.io.grpc.StatusRuntimeException: CANCELLED: cancelled before receiving half close
2019-07-13 19:22:52,099 INFO  server.GrpcService (GrpcService.java:closeImpl(163)) - cc74f7b4-3b0a-4c1d-9d1b-a355a8cc6784: shutdown server with port 33581 successfully
2019-07-13 19:22:52,099 WARN  server.GrpcLogAppender (LogUtils.java:warn(134)) - 56b5fcf5-9ede-4007-ba3d-f93a881d2260->cc74f7b4-3b0a-4c1d-9d1b-a355a8cc6784: Failed appendEntries: org.apache.ratis.thirdparty.io.grpc.StatusRuntimeException: CANCELLED: HTTP/2 error code: CANCEL
Received Rst Stream
2019-07-13 19:22:52,100 INFO  impl.FollowerInfo (FollowerInfo.java:lambda$new$0(50)) - 56b5fcf5-9ede-4007-ba3d-f93a881d2260->cc74f7b4-3b0a-4c1d-9d1b-a355a8cc6784: nextIndex: updateUnconditionally 15 -> 14
2019-07-13 19:22:52,100 INFO  utils.BackgroundService (BackgroundService.java:shutdown(148)) - Shutting down service BlockDeletingService
2019-07-13 19:22:52,102 WARN  fs.CachingGetSpaceUsed (CachingGetSpaceUsed.java:run(183)) - Thread Interrupted waiting to refresh disk information: sleep interrupted
2019-07-13 19:22:52,123 INFO  statemachine.DatanodeStateMachine (DatanodeStateMachine.java:stopDaemon(395)) - Ozone container server stopped.
2019-07-13 19:22:52,135 INFO  handler.ContextHandler (ContextHandler.java:doStop(910)) - Stopped o.e.j.w.WebAppContext@4fd70118{/,null,UNAVAILABLE}{/hddsDatanode}
2019-07-13 19:22:52,136 INFO  server.AbstractConnector (AbstractConnector.java:doStop(318)) - Stopped ServerConnector@1db7c267{HTTP/1.1,[http/1.1]}{0.0.0.0:0}
2019-07-13 19:22:52,136 INFO  handler.ContextHandler (ContextHandler.java:doStop(910)) - Stopped o.e.j.s.ServletContextHandler@21d561c9{/static,jar:file:/home/user/.m2/repository/org/apache/hadoop/hadoop-hdds-container-service/0.5.0-SNAPSHOT/hadoop-hdds-container-service-0.5.0-SNAPSHOT.jar!/webapps/static,UNAVAILABLE}
2019-07-13 19:22:52,137 INFO  handler.ContextHandler (ContextHandler.java:doStop(910)) - Stopped o.e.j.s.ServletContextHandler@380cd266{/logs,file:///tmp/workdir/hadoop-ozone/integration-test/target/log,UNAVAILABLE}
2019-07-13 19:22:52,143 WARN  server.GrpcLogAppender (LogUtils.java:warn(134)) - 56b5fcf5-9ede-4007-ba3d-f93a881d2260->cc74f7b4-3b0a-4c1d-9d1b-a355a8cc6784: Failed appendEntries: org.apache.ratis.thirdparty.io.grpc.StatusRuntimeException: UNAVAILABLE: io exception
2019-07-13 19:22:52,143 INFO  impl.FollowerInfo (FollowerInfo.java:lambda$new$0(50)) - 56b5fcf5-9ede-4007-ba3d-f93a881d2260->cc74f7b4-3b0a-4c1d-9d1b-a355a8cc6784: nextIndex: updateUnconditionally 15 -> 14
2019-07-13 19:22:52,145 WARN  server.GrpcLogAppender (LogUtils.java:warn(134)) - 56b5fcf5-9ede-4007-ba3d-f93a881d2260->cc74f7b4-3b0a-4c1d-9d1b-a355a8cc6784: Failed appendEntries: org.apache.ratis.thirdparty.io.grpc.StatusRuntimeException: UNAVAILABLE: io exception
2019-07-13 19:22:52,145 INFO  impl.FollowerInfo (FollowerInfo.java:lambda$new$0(50)) - 56b5fcf5-9ede-4007-ba3d-f93a881d2260->cc74f7b4-3b0a-4c1d-9d1b-a355a8cc6784: nextIndex: updateUnconditionally 15 -> 14
2019-07-13 19:22:52,157 WARN  server.GrpcLogAppender (LogUtils.java:warn(134)) - 56b5fcf5-9ede-4007-ba3d-f93a881d2260->cc74f7b4-3b0a-4c1d-9d1b-a355a8cc6784: Failed appendEntries: org.apache.ratis.thirdparty.io.grpc.StatusRuntimeException: UNAVAILABLE: io exception
2019-07-13 19:22:52,157 INFO  client.GrpcClientProtocolClient (GrpcClientProtocolClient.java:onNext(255)) - client-4581611B5F74->56b5fcf5-9ede-4007-ba3d-f93a881d2260: receive RaftClientReply:client-4581611B5F74->56b5fcf5-9ede-4007-ba3d-f93a881d2260@group-85A5A3CA223E, cid=184, SUCCESS, logIndex=15, commits[56b5fcf5-9ede-4007-ba3d-f93a881d2260:c17, 5fece8fe-f5e9-4805-86ac-f9c24e79798a:c14, cc74f7b4-3b0a-4c1d-9d1b-a355a8cc6784:c14]
2019-07-13 19:22:52,157 INFO  impl.FollowerInfo (FollowerInfo.java:lambda$new$0(50)) - 56b5fcf5-9ede-4007-ba3d-f93a881d2260->cc74f7b4-3b0a-4c1d-9d1b-a355a8cc6784: nextIndex: updateUnconditionally 15 -> 14
2019-07-13 19:22:52,158 INFO  client.GrpcClientProtocolClient (GrpcClientProtocolClient.java:onNext(255)) - client-4581611B5F74->56b5fcf5-9ede-4007-ba3d-f93a881d2260: receive RaftClientReply:client-4581611B5F74->56b5fcf5-9ede-4007-ba3d-f93a881d2260@group-85A5A3CA223E, cid=185, SUCCESS, logIndex=16, commits[56b5fcf5-9ede-4007-ba3d-f93a881d2260:c20, 5fece8fe-f5e9-4805-86ac-f9c24e79798a:c14, cc74f7b4-3b0a-4c1d-9d1b-a355a8cc6784:c14]
2019-07-13 19:22:52,158 INFO  client.GrpcClientProtocolClient (GrpcClientProtocolClient.java:onNext(255)) - client-4581611B5F74->56b5fcf5-9ede-4007-ba3d-f93a881d2260: receive RaftClientReply:client-4581611B5F74->56b5fcf5-9ede-4007-ba3d-f93a881d2260@group-85A5A3CA223E, cid=186, SUCCESS, logIndex=17, commits[56b5fcf5-9ede-4007-ba3d-f93a881d2260:c20, 5fece8fe-f5e9-4805-86ac-f9c24e79798a:c14, cc74f7b4-3b0a-4c1d-9d1b-a355a8cc6784:c14]
2019-07-13 19:22:52,159 INFO  client.GrpcClientProtocolClient (GrpcClientProtocolClient.java:onNext(255)) - client-4581611B5F74->56b5fcf5-9ede-4007-ba3d-f93a881d2260: receive RaftClientReply:client-4581611B5F74->56b5fcf5-9ede-4007-ba3d-f93a881d2260@group-85A5A3CA223E, cid=187, SUCCESS, logIndex=18, commits[56b5fcf5-9ede-4007-ba3d-f93a881d2260:c20, 5fece8fe-f5e9-4805-86ac-f9c24e79798a:c14, cc74f7b4-3b0a-4c1d-9d1b-a355a8cc6784:c14]
2019-07-13 19:22:52,160 INFO  client.GrpcClientProtocolClient (GrpcClientProtocolClient.java:onNext(255)) - client-4581611B5F74->56b5fcf5-9ede-4007-ba3d-f93a881d2260: receive RaftClientReply:client-4581611B5F74->56b5fcf5-9ede-4007-ba3d-f93a881d2260@group-85A5A3CA223E, cid=188, SUCCESS, logIndex=19, commits[56b5fcf5-9ede-4007-ba3d-f93a881d2260:c20, 5fece8fe-f5e9-4805-86ac-f9c24e79798a:c14, cc74f7b4-3b0a-4c1d-9d1b-a355a8cc6784:c14]
2019-07-13 19:22:52,161 INFO  client.GrpcClientProtocolClient (GrpcClientProtocolClient.java:onNext(255)) - client-4581611B5F74->56b5fcf5-9ede-4007-ba3d-f93a881d2260: receive RaftClientReply:client-4581611B5F74->56b5fcf5-9ede-4007-ba3d-f93a881d2260@group-85A5A3CA223E, cid=189, SUCCESS, logIndex=20, commits[56b5fcf5-9ede-4007-ba3d-f93a881d2260:c20, 5fece8fe-f5e9-4805-86ac-f9c24e79798a:c14, cc74f7b4-3b0a-4c1d-9d1b-a355a8cc6784:c14]
2019-07-13 19:22:52,170 WARN  server.GrpcLogAppender (LogUtils.java:warn(134)) - 56b5fcf5-9ede-4007-ba3d-f93a881d2260->cc74f7b4-3b0a-4c1d-9d1b-a355a8cc6784: Failed appendEntries: org.apache.ratis.thirdparty.io.grpc.StatusRuntimeException: UNAVAILABLE: io exception
2019-07-13 19:22:52,170 INFO  impl.FollowerInfo (FollowerInfo.java:lambda$new$0(50)) - 56b5fcf5-9ede-4007-ba3d-f93a881d2260->cc74f7b4-3b0a-4c1d-9d1b-a355a8cc6784: nextIndex: updateUnconditionally 15 -> 14
2019-07-13 19:22:53,162 WARN  scm.XceiverClientRatis (XceiverClientRatis.java:watchForCommit(262)) - 3 way commit failed on pipeline Pipeline[ Id: 6a2117a1-a417-45b8-8b51-85a5a3ca223e, Nodes: cc74f7b4-3b0a-4c1d-9d1b-a355a8cc6784{ip: 192.168.69.122, host: trunk-nightly-fxqsz-774976932, networkLocation: /default-rack, certSerialId: null}5fece8fe-f5e9-4805-86ac-f9c24e79798a{ip: 192.168.69.122, host: trunk-nightly-fxqsz-774976932, networkLocation: /default-rack, certSerialId: null}56b5fcf5-9ede-4007-ba3d-f93a881d2260{ip: 192.168.69.122, host: trunk-nightly-fxqsz-774976932, networkLocation: /default-rack, certSerialId: null}, Type:RATIS, Factor:THREE, State:OPEN]
java.util.concurrent.TimeoutException
	at java.util.concurrent.CompletableFuture.timedGet(CompletableFuture.java:1771)
	at java.util.concurrent.CompletableFuture.get(CompletableFuture.java:1915)
	at org.apache.hadoop.hdds.scm.XceiverClientRatis.watchForCommit(XceiverClientRatis.java:259)
	at org.apache.hadoop.hdds.scm.storage.CommitWatcher.watchForCommit(CommitWatcher.java:194)
	at org.apache.hadoop.hdds.scm.storage.CommitWatcher.watchOnLastIndex(CommitWatcher.java:157)
	at org.apache.hadoop.hdds.scm.storage.BlockOutputStream.watchForCommit(BlockOutputStream.java:355)
	at org.apache.hadoop.hdds.scm.storage.BlockOutputStream.handleFlush(BlockOutputStream.java:487)
	at org.apache.hadoop.hdds.scm.storage.BlockOutputStream.close(BlockOutputStream.java:501)
	at org.apache.hadoop.ozone.client.io.BlockOutputStreamEntry.close(BlockOutputStreamEntry.java:143)
	at org.apache.hadoop.ozone.client.io.KeyOutputStream.handleFlushOrClose(KeyOutputStream.java:438)
	at org.apache.hadoop.ozone.client.io.KeyOutputStream.handleWrite(KeyOutputStream.java:235)
	at org.apache.hadoop.ozone.client.io.KeyOutputStream.write(KeyOutputStream.java:193)
	at org.apache.hadoop.ozone.client.io.OzoneOutputStream.write(OzoneOutputStream.java:49)
	at java.io.OutputStream.write(OutputStream.java:75)
	at org.apache.hadoop.ozone.client.rpc.TestBlockOutputStreamWithFailures.testWatchForCommitDatanodeFailure(TestBlockOutputStreamWithFailures.java:363)
	at sun.reflect.NativeMethodAccessorImpl.invoke0(Native Method)
	at sun.reflect.NativeMethodAccessorImpl.invoke(NativeMethodAccessorImpl.java:62)
	at sun.reflect.DelegatingMethodAccessorImpl.invoke(DelegatingMethodAccessorImpl.java:43)
	at java.lang.reflect.Method.invoke(Method.java:498)
	at org.junit.runners.model.FrameworkMethod$1.runReflectiveCall(FrameworkMethod.java:47)
	at org.junit.internal.runners.model.ReflectiveCallable.run(ReflectiveCallable.java:12)
	at org.junit.runners.model.FrameworkMethod.invokeExplosively(FrameworkMethod.java:44)
	at org.junit.internal.runners.statements.InvokeMethod.evaluate(InvokeMethod.java:17)
	at org.junit.internal.runners.statements.RunBefores.evaluate(RunBefores.java:26)
	at org.junit.internal.runners.statements.RunAfters.evaluate(RunAfters.java:27)
	at org.junit.runners.ParentRunner.runLeaf(ParentRunner.java:271)
	at org.junit.runners.BlockJUnit4ClassRunner.runChild(BlockJUnit4ClassRunner.java:70)
	at org.junit.runners.BlockJUnit4ClassRunner.runChild(BlockJUnit4ClassRunner.java:50)
	at org.junit.runners.ParentRunner$3.run(ParentRunner.java:238)
	at org.junit.runners.ParentRunner$1.schedule(ParentRunner.java:63)
	at org.junit.runners.ParentRunner.runChildren(ParentRunner.java:236)
	at org.junit.runners.ParentRunner.access$000(ParentRunner.java:53)
	at org.junit.runners.ParentRunner$2.evaluate(ParentRunner.java:229)
	at org.junit.runners.ParentRunner.run(ParentRunner.java:309)
	at org.apache.maven.surefire.junit4.JUnit4Provider.execute(JUnit4Provider.java:365)
	at org.apache.maven.surefire.junit4.JUnit4Provider.executeWithRerun(JUnit4Provider.java:273)
	at org.apache.maven.surefire.junit4.JUnit4Provider.executeTestSet(JUnit4Provider.java:238)
	at org.apache.maven.surefire.junit4.JUnit4Provider.invoke(JUnit4Provider.java:159)
	at org.apache.maven.surefire.booter.ForkedBooter.invokeProviderInSameClassLoader(ForkedBooter.java:384)
	at org.apache.maven.surefire.booter.ForkedBooter.runSuitesInProcess(ForkedBooter.java:345)
	at org.apache.maven.surefire.booter.ForkedBooter.execute(ForkedBooter.java:126)
	at org.apache.maven.surefire.booter.ForkedBooter.main(ForkedBooter.java:418)
2019-07-13 19:22:53,165 INFO  client.GrpcClientProtocolClient (GrpcClientProtocolClient.java:onNext(255)) - client-4581611B5F74->56b5fcf5-9ede-4007-ba3d-f93a881d2260: receive RaftClientReply:client-4581611B5F74->56b5fcf5-9ede-4007-ba3d-f93a881d2260@group-85A5A3CA223E, cid=191, SUCCESS, logIndex=0, commits[56b5fcf5-9ede-4007-ba3d-f93a881d2260:c23, 5fece8fe-f5e9-4805-86ac-f9c24e79798a:c20, cc74f7b4-3b0a-4c1d-9d1b-a355a8cc6784:c14]
2019-07-13 19:22:53,168 INFO  scm.XceiverClientRatis (XceiverClientRatis.java:lambda$watchForCommit$7(280)) - Could not commit index 20 on pipeline Pipeline[ Id: 6a2117a1-a417-45b8-8b51-85a5a3ca223e, Nodes: cc74f7b4-3b0a-4c1d-9d1b-a355a8cc6784{ip: 192.168.69.122, host: trunk-nightly-fxqsz-774976932, networkLocation: /default-rack, certSerialId: null}5fece8fe-f5e9-4805-86ac-f9c24e79798a{ip: 192.168.69.122, host: trunk-nightly-fxqsz-774976932, networkLocation: /default-rack, certSerialId: null}56b5fcf5-9ede-4007-ba3d-f93a881d2260{ip: 192.168.69.122, host: trunk-nightly-fxqsz-774976932, networkLocation: /default-rack, certSerialId: null}, Type:RATIS, Factor:THREE, State:OPEN] to all the nodes. Server cc74f7b4-3b0a-4c1d-9d1b-a355a8cc6784 has failed. Committed by majority.
2019-07-13 19:22:53,169 WARN  storage.BlockOutputStream (BlockOutputStream.java:watchForCommit(361)) - Failed to commit BlockId conID: 1 locID: 102435767102799886 bcsId: 20 on Pipeline[ Id: 6a2117a1-a417-45b8-8b51-85a5a3ca223e, Nodes: cc74f7b4-3b0a-4c1d-9d1b-a355a8cc6784{ip: 192.168.69.122, host: trunk-nightly-fxqsz-774976932, networkLocation: /default-rack, certSerialId: null}5fece8fe-f5e9-4805-86ac-f9c24e79798a{ip: 192.168.69.122, host: trunk-nightly-fxqsz-774976932, networkLocation: /default-rack, certSerialId: null}56b5fcf5-9ede-4007-ba3d-f93a881d2260{ip: 192.168.69.122, host: trunk-nightly-fxqsz-774976932, networkLocation: /default-rack, certSerialId: null}, Type:RATIS, Factor:THREE, State:OPEN]. Failed nodes: [cc74f7b4-3b0a-4c1d-9d1b-a355a8cc6784{ip: null, host: null, networkLocation: /default-rack, certSerialId: null}]
2019-07-13 19:22:53,170 INFO  ozone.MiniOzoneClusterImpl (MiniOzoneClusterImpl.java:shutdown(321)) - Shutting down the Mini Ozone Cluster
2019-07-13 19:22:53,170 INFO  ozone.MiniOzoneClusterImpl (MiniOzoneClusterImpl.java:stop(336)) - Stopping the Mini Ozone Cluster
2019-07-13 19:22:53,170 INFO  ozone.MiniOzoneClusterImpl (MiniOzoneClusterImpl.java:stop(338)) - Stopping the OzoneManager
2019-07-13 19:22:53,170 INFO  ipc.Server (Server.java:stop(3082)) - Stopping server on 35909
2019-07-13 19:22:53,184 INFO  ipc.Server (Server.java:run(1185)) - Stopping IPC Server listener on 35909
2019-07-13 19:22:53,188 INFO  ipc.Server (Server.java:run(1319)) - Stopping IPC Server Responder
2019-07-13 19:22:53,184 INFO  utils.BackgroundService (BackgroundService.java:shutdown(148)) - Shutting down service KeyDeletingService
2019-07-13 19:22:53,217 INFO  handler.ContextHandler (ContextHandler.java:doStop(910)) - Stopped o.e.j.w.WebAppContext@52dc71b2{/,null,UNAVAILABLE}{/ozoneManager}
2019-07-13 19:22:53,218 INFO  server.AbstractConnector (AbstractConnector.java:doStop(318)) - Stopped ServerConnector@e1d2781{HTTP/1.1,[http/1.1]}{0.0.0.0:0}
2019-07-13 19:22:53,219 INFO  handler.ContextHandler (ContextHandler.java:doStop(910)) - Stopped o.e.j.s.ServletContextHandler@3ed2a30c{/static,file:///tmp/workdir/hadoop-ozone/integration-test/target/test-classes/webapps/static,UNAVAILABLE}
2019-07-13 19:22:53,219 INFO  handler.ContextHandler (ContextHandler.java:doStop(910)) - Stopped o.e.j.s.ServletContextHandler@7bbe5548{/logs,file:///tmp/workdir/hadoop-ozone/integration-test/target/log,UNAVAILABLE}
2019-07-13 19:22:53,233 INFO  ozone.MiniOzoneClusterImpl (MiniOzoneClusterImpl.java:stop(344)) - Shutting the HddsDatanodes
2019-07-13 19:22:53,233 INFO  datanode.ObjectStoreHandler (ObjectStoreHandler.java:close(155)) - Closing ObjectStoreHandler.
2019-07-13 19:22:53,234 INFO  datanode.ObjectStoreHandler (ObjectStoreHandler.java:close(155)) - Closing ObjectStoreHandler.
2019-07-13 19:22:53,234 INFO  ozone.HddsDatanodeService (HddsDatanodeService.java:stop(452)) - Stopped plug-in org.apache.hadoop.ozone.web.OzoneHddsDatanodeService@23c24c0e
2019-07-13 19:22:53,234 INFO  ozone.HddsDatanodeService (HddsDatanodeService.java:stop(452)) - Stopped plug-in org.apache.hadoop.ozone.web.OzoneHddsDatanodeService@3638120f
2019-07-13 19:22:53,245 INFO  statemachine.DatanodeStateMachine (DatanodeStateMachine.java:lambda$startDaemon$0(350)) - Ozone container server started.
2019-07-13 19:22:53,866 WARN  server.GrpcLogAppender (LogUtils.java:warn(134)) - 56b5fcf5-9ede-4007-ba3d-f93a881d2260->cc74f7b4-3b0a-4c1d-9d1b-a355a8cc6784: Failed appendEntries: org.apache.ratis.thirdparty.io.grpc.StatusRuntimeException: UNAVAILABLE: io exception
2019-07-13 19:22:53,866 INFO  impl.FollowerInfo (FollowerInfo.java:lambda$new$0(50)) - 56b5fcf5-9ede-4007-ba3d-f93a881d2260->cc74f7b4-3b0a-4c1d-9d1b-a355a8cc6784: nextIndex: updateUnconditionally 15 -> 14
2019-07-13 19:22:53,867 INFO  statemachine.DatanodeStateMachine (DatanodeStateMachine.java:lambda$startDaemon$0(350)) - Ozone container server started.
2019-07-13 19:22:53,877 WARN  server.GrpcLogAppender (LogUtils.java:warn(134)) - 56b5fcf5-9ede-4007-ba3d-f93a881d2260->cc74f7b4-3b0a-4c1d-9d1b-a355a8cc6784: Failed appendEntries: org.apache.ratis.thirdparty.io.grpc.StatusRuntimeException: UNAVAILABLE: io exception
2019-07-13 19:22:53,878 INFO  impl.FollowerInfo (FollowerInfo.java:lambda$new$0(50)) - 56b5fcf5-9ede-4007-ba3d-f93a881d2260->cc74f7b4-3b0a-4c1d-9d1b-a355a8cc6784: nextIndex: updateUnconditionally 15 -> 14
2019-07-13 19:22:53,890 WARN  server.GrpcLogAppender (LogUtils.java:warn(134)) - 56b5fcf5-9ede-4007-ba3d-f93a881d2260->cc74f7b4-3b0a-4c1d-9d1b-a355a8cc6784: Failed appendEntries: org.apache.ratis.thirdparty.io.grpc.StatusRuntimeException: UNAVAILABLE: io exception
2019-07-13 19:22:53,890 INFO  impl.FollowerInfo (FollowerInfo.java:lambda$new$0(50)) - 56b5fcf5-9ede-4007-ba3d-f93a881d2260->cc74f7b4-3b0a-4c1d-9d1b-a355a8cc6784: nextIndex: updateUnconditionally 15 -> 14
2019-07-13 19:22:53,921 INFO  interfaces.Container (KeyValueContainer.java:compactDB(356)) - Container 1 is closed with bcsId 20.
2019-07-13 19:22:53,948 INFO  interfaces.Container (KeyValueContainer.java:compactDB(356)) - Container 1 is closed with bcsId 20.
2019-07-13 19:22:56,391 WARN  server.GrpcLogAppender (LogUtils.java:warn(134)) - 56b5fcf5-9ede-4007-ba3d-f93a881d2260->cc74f7b4-3b0a-4c1d-9d1b-a355a8cc6784: Failed appendEntries: org.apache.ratis.thirdparty.io.grpc.StatusRuntimeException: UNAVAILABLE: io exception
2019-07-13 19:22:56,391 INFO  impl.FollowerInfo (FollowerInfo.java:lambda$new$0(50)) - 56b5fcf5-9ede-4007-ba3d-f93a881d2260->cc74f7b4-3b0a-4c1d-9d1b-a355a8cc6784: nextIndex: updateUnconditionally 14 -> 13
2019-07-13 19:22:57,309 INFO  node.StaleNodeHandler (StaleNodeHandler.java:onMessage(58)) - Datanode 53fdef79-a21b-4ea1-a273-496996ac2873{ip: 192.168.69.122, host: trunk-nightly-fxqsz-774976932, networkLocation: /default-rack, certSerialId: null} moved to stale state. Finalizing its pipelines [PipelineID=14a22127-73e6-40a2-9736-c81448eb3658, PipelineID=5e367322-fe33-40bf-b748-d333f4f3a5f7]
2019-07-13 19:22:57,309 INFO  pipeline.SCMPipelineManager (SCMPipelineManager.java:finalizeAndDestroyPipeline(309)) - destroying pipeline:Pipeline[ Id: 14a22127-73e6-40a2-9736-c81448eb3658, Nodes: 4ea882ca-b825-4296-8082-3f2409f5f6db{ip: 192.168.69.122, host: trunk-nightly-fxqsz-774976932, networkLocation: /default-rack, certSerialId: null}53fdef79-a21b-4ea1-a273-496996ac2873{ip: 192.168.69.122, host: trunk-nightly-fxqsz-774976932, networkLocation: /default-rack, certSerialId: null}61924693-d283-4f9d-bc33-1ba4a640d0c5{ip: 192.168.69.122, host: trunk-nightly-fxqsz-774976932, networkLocation: /default-rack, certSerialId: null}, Type:RATIS, Factor:THREE, State:OPEN]
2019-07-13 19:22:57,309 INFO  pipeline.PipelineStateManager (PipelineStateManager.java:finalizePipeline(123)) - Pipeline Pipeline[ Id: 14a22127-73e6-40a2-9736-c81448eb3658, Nodes: 4ea882ca-b825-4296-8082-3f2409f5f6db{ip: 192.168.69.122, host: trunk-nightly-fxqsz-774976932, networkLocation: /default-rack, certSerialId: null}53fdef79-a21b-4ea1-a273-496996ac2873{ip: 192.168.69.122, host: trunk-nightly-fxqsz-774976932, networkLocation: /default-rack, certSerialId: null}61924693-d283-4f9d-bc33-1ba4a640d0c5{ip: 192.168.69.122, host: trunk-nightly-fxqsz-774976932, networkLocation: /default-rack, certSerialId: null}, Type:RATIS, Factor:THREE, State:CLOSED] moved to CLOSED state
2019-07-13 19:22:57,310 INFO  pipeline.SCMPipelineManager (SCMPipelineManager.java:finalizeAndDestroyPipeline(309)) - destroying pipeline:Pipeline[ Id: 5e367322-fe33-40bf-b748-d333f4f3a5f7, Nodes: 53fdef79-a21b-4ea1-a273-496996ac2873{ip: 192.168.69.122, host: trunk-nightly-fxqsz-774976932, networkLocation: /default-rack, certSerialId: null}, Type:RATIS, Factor:ONE, State:OPEN]
2019-07-13 19:22:57,310 INFO  pipeline.PipelineStateManager (PipelineStateManager.java:finalizePipeline(123)) - Pipeline Pipeline[ Id: 5e367322-fe33-40bf-b748-d333f4f3a5f7, Nodes: 53fdef79-a21b-4ea1-a273-496996ac2873{ip: 192.168.69.122, host: trunk-nightly-fxqsz-774976932, networkLocation: /default-rack, certSerialId: null}, Type:RATIS, Factor:ONE, State:CLOSED] moved to CLOSED state
2019-07-13 19:22:57,910 INFO  node.StaleNodeHandler (StaleNodeHandler.java:onMessage(58)) - Datanode 5fece8fe-f5e9-4805-86ac-f9c24e79798a{ip: 192.168.69.122, host: trunk-nightly-fxqsz-774976932, networkLocation: /default-rack, certSerialId: null} moved to stale state. Finalizing its pipelines [PipelineID=da9513e2-a15f-46eb-a809-316ee74a0853, PipelineID=6a2117a1-a417-45b8-8b51-85a5a3ca223e]
2019-07-13 19:22:57,910 INFO  pipeline.SCMPipelineManager (SCMPipelineManager.java:finalizeAndDestroyPipeline(309)) - destroying pipeline:Pipeline[ Id: da9513e2-a15f-46eb-a809-316ee74a0853, Nodes: 5fece8fe-f5e9-4805-86ac-f9c24e79798a{ip: 192.168.69.122, host: trunk-nightly-fxqsz-774976932, networkLocation: /default-rack, certSerialId: null}, Type:RATIS, Factor:ONE, State:OPEN]
2019-07-13 19:22:57,910 INFO  pipeline.PipelineStateManager (PipelineStateManager.java:finalizePipeline(123)) - Pipeline Pipeline[ Id: da9513e2-a15f-46eb-a809-316ee74a0853, Nodes: 5fece8fe-f5e9-4805-86ac-f9c24e79798a{ip: 192.168.69.122, host: trunk-nightly-fxqsz-774976932, networkLocation: /default-rack, certSerialId: null}, Type:RATIS, Factor:ONE, State:CLOSED] moved to CLOSED state
2019-07-13 19:22:57,911 INFO  pipeline.SCMPipelineManager (SCMPipelineManager.java:finalizeAndDestroyPipeline(309)) - destroying pipeline:Pipeline[ Id: 6a2117a1-a417-45b8-8b51-85a5a3ca223e, Nodes: cc74f7b4-3b0a-4c1d-9d1b-a355a8cc6784{ip: 192.168.69.122, host: trunk-nightly-fxqsz-774976932, networkLocation: /default-rack, certSerialId: null}5fece8fe-f5e9-4805-86ac-f9c24e79798a{ip: 192.168.69.122, host: trunk-nightly-fxqsz-774976932, networkLocation: /default-rack, certSerialId: null}56b5fcf5-9ede-4007-ba3d-f93a881d2260{ip: 192.168.69.122, host: trunk-nightly-fxqsz-774976932, networkLocation: /default-rack, certSerialId: null}, Type:RATIS, Factor:THREE, State:CLOSED]
2019-07-13 19:22:58,235 INFO  ozoneimpl.OzoneContainer (OzoneContainer.java:stop(199)) - Attempting to stop container services.
2019-07-13 19:22:58,235 INFO  ozoneimpl.OzoneContainer (OzoneContainer.java:stop(199)) - Attempting to stop container services.
2019-07-13 19:22:58,236 INFO  impl.RaftServerProxy (RaftServerProxy.java:lambda$close$4(314)) - 53fdef79-a21b-4ea1-a273-496996ac2873: close
2019-07-13 19:22:58,236 INFO  impl.RaftServerProxy (RaftServerProxy.java:lambda$close$4(314)) - 5fece8fe-f5e9-4805-86ac-f9c24e79798a: close
2019-07-13 19:22:58,236 INFO  impl.RaftServerImpl (RaftServerImpl.java:lambda$shutdown$3(245)) - 53fdef79-a21b-4ea1-a273-496996ac2873: shutdown group-C81448EB3658
2019-07-13 19:22:58,236 INFO  impl.RaftServerImpl (RaftServerImpl.java:lambda$shutdown$3(245)) - 5fece8fe-f5e9-4805-86ac-f9c24e79798a: shutdown group-316EE74A0853
2019-07-13 19:22:58,237 INFO  util.JmxRegister (JmxRegister.java:unregister(73)) - Successfully un-registered JMX Bean with object name Ratis:service=RaftServer,group=group-C81448EB3658,id=53fdef79-a21b-4ea1-a273-496996ac2873
2019-07-13 19:22:58,237 INFO  util.JmxRegister (JmxRegister.java:unregister(73)) - Successfully un-registered JMX Bean with object name Ratis:service=RaftServer,group=group-316EE74A0853,id=5fece8fe-f5e9-4805-86ac-f9c24e79798a
2019-07-13 19:22:58,238 INFO  impl.RoleInfo (RoleInfo.java:shutdownFollowerState(121)) - 53fdef79-a21b-4ea1-a273-496996ac2873: shutdown FollowerState
2019-07-13 19:22:58,238 INFO  impl.RoleInfo (RoleInfo.java:shutdownLeaderState(104)) - 5fece8fe-f5e9-4805-86ac-f9c24e79798a: shutdown LeaderState
2019-07-13 19:22:58,238 INFO  impl.FollowerState (FollowerState.java:run(114)) - 53fdef79-a21b-4ea1-a273-496996ac2873: FollowerState was interrupted: java.lang.InterruptedException: sleep interrupted
2019-07-13 19:22:58,238 INFO  ratis.ContainerStateMachine (ContainerStateMachine.java:takeSnapshot(246)) - Taking snapshot at termIndex:(t:0, i:~)
2019-07-13 19:22:58,238 INFO  impl.StateMachineUpdater (StateMachineUpdater.java:stopAndJoin(115)) - StateMachineUpdater:53fdef79-a21b-4ea1-a273-496996ac2873:group-C81448EB3658: set stopIndex = 0
2019-07-13 19:22:58,239 INFO  impl.PendingRequests (PendingRequests.java:sendNotLeaderResponses(202)) - 5fece8fe-f5e9-4805-86ac-f9c24e79798a-PendingRequests: sendNotLeaderResponses
2019-07-13 19:22:58,245 INFO  impl.RaftServerImpl (ServerState.java:close(394)) - 53fdef79-a21b-4ea1-a273-496996ac2873:group-C81448EB3658 closes. The last applied log index is 0
2019-07-13 19:22:58,245 INFO  ratis.ContainerStateMachine (ContainerStateMachine.java:takeSnapshot(246)) - Taking snapshot at termIndex:(t:0, i:~)
2019-07-13 19:22:58,245 INFO  impl.StateMachineUpdater (StateMachineUpdater.java:stopAndJoin(115)) - StateMachineUpdater:5fece8fe-f5e9-4805-86ac-f9c24e79798a:group-316EE74A0853: set stopIndex = 0
2019-07-13 19:22:58,246 INFO  segmented.SegmentedRaftLogWorker (SegmentedRaftLogWorker.java:run(313)) - 53fdef79-a21b-4ea1-a273-496996ac2873-SegmentedRaftLogWorker:Storage Directory /tmp/workdir/hadoop-ozone/integration-test/target/test-dir/MiniOzoneClusterImpl-3d6cd069-ff82-4110-982d-1189e8e75f72/datanode-4/data/ratis/14a22127-73e6-40a2-9736-c81448eb3658 was interrupted, exiting. There are 0 tasks remaining in the queue.
2019-07-13 19:22:58,248 INFO  impl.RaftServerImpl (ServerState.java:close(394)) - 5fece8fe-f5e9-4805-86ac-f9c24e79798a:group-316EE74A0853 closes. The last applied log index is 0
2019-07-13 19:22:58,251 INFO  segmented.SegmentedRaftLogWorker (SegmentedRaftLogWorker.java:close(228)) - 53fdef79-a21b-4ea1-a273-496996ac2873-SegmentedRaftLogWorker:Storage Directory /tmp/workdir/hadoop-ozone/integration-test/target/test-dir/MiniOzoneClusterImpl-3d6cd069-ff82-4110-982d-1189e8e75f72/datanode-4/data/ratis/14a22127-73e6-40a2-9736-c81448eb3658 close()
2019-07-13 19:22:58,251 INFO  segmented.SegmentedRaftLogWorker (SegmentedRaftLogWorker.java:run(313)) - 5fece8fe-f5e9-4805-86ac-f9c24e79798a-SegmentedRaftLogWorker:Storage Directory /tmp/workdir/hadoop-ozone/integration-test/target/test-dir/MiniOzoneClusterImpl-3d6cd069-ff82-4110-982d-1189e8e75f72/datanode-1/data/ratis/da9513e2-a15f-46eb-a809-316ee74a0853 was interrupted, exiting. There are 0 tasks remaining in the queue.
2019-07-13 19:22:58,255 INFO  impl.RaftServerImpl (RaftServerImpl.java:lambda$shutdown$3(245)) - 53fdef79-a21b-4ea1-a273-496996ac2873: shutdown group-D333F4F3A5F7
2019-07-13 19:22:58,257 INFO  segmented.SegmentedRaftLogWorker (SegmentedRaftLogWorker.java:close(228)) - 5fece8fe-f5e9-4805-86ac-f9c24e79798a-SegmentedRaftLogWorker:Storage Directory /tmp/workdir/hadoop-ozone/integration-test/target/test-dir/MiniOzoneClusterImpl-3d6cd069-ff82-4110-982d-1189e8e75f72/datanode-1/data/ratis/da9513e2-a15f-46eb-a809-316ee74a0853 close()
2019-07-13 19:22:58,257 INFO  util.JmxRegister (JmxRegister.java:unregister(73)) - Successfully un-registered JMX Bean with object name Ratis:service=RaftServer,group=group-D333F4F3A5F7,id=53fdef79-a21b-4ea1-a273-496996ac2873
2019-07-13 19:22:58,261 INFO  impl.RaftServerImpl (RaftServerImpl.java:lambda$shutdown$3(245)) - 5fece8fe-f5e9-4805-86ac-f9c24e79798a: shutdown group-85A5A3CA223E
2019-07-13 19:22:58,262 INFO  impl.RoleInfo (RoleInfo.java:shutdownLeaderState(104)) - 53fdef79-a21b-4ea1-a273-496996ac2873: shutdown LeaderState
2019-07-13 19:22:58,262 INFO  util.JmxRegister (JmxRegister.java:unregister(73)) - Successfully un-registered JMX Bean with object name Ratis:service=RaftServer,group=group-85A5A3CA223E,id=5fece8fe-f5e9-4805-86ac-f9c24e79798a
2019-07-13 19:22:58,262 INFO  impl.PendingRequests (PendingRequests.java:sendNotLeaderResponses(202)) - 53fdef79-a21b-4ea1-a273-496996ac2873-PendingRequests: sendNotLeaderResponses
2019-07-13 19:22:58,262 INFO  impl.RoleInfo (RoleInfo.java:shutdownFollowerState(121)) - 5fece8fe-f5e9-4805-86ac-f9c24e79798a: shutdown FollowerState
2019-07-13 19:22:58,263 INFO  ratis.ContainerStateMachine (ContainerStateMachine.java:takeSnapshot(246)) - Taking snapshot at termIndex:(t:0, i:~)
2019-07-13 19:22:58,263 INFO  impl.StateMachineUpdater (StateMachineUpdater.java:stopAndJoin(115)) - StateMachineUpdater:53fdef79-a21b-4ea1-a273-496996ac2873:group-D333F4F3A5F7: set stopIndex = 0
2019-07-13 19:22:58,274 INFO  impl.FollowerState (FollowerState.java:run(114)) - 5fece8fe-f5e9-4805-86ac-f9c24e79798a: FollowerState was interrupted: java.lang.InterruptedException: sleep interrupted
2019-07-13 19:22:58,263 INFO  ratis.ContainerStateMachine (ContainerStateMachine.java:takeSnapshot(246)) - Taking snapshot at termIndex:(t:1, i:24)
2019-07-13 19:22:58,277 INFO  ratis.ContainerStateMachine (ContainerStateMachine.java:takeSnapshot(250)) - Taking a snapshot to file /tmp/workdir/hadoop-ozone/integration-test/target/test-dir/MiniOzoneClusterImpl-3d6cd069-ff82-4110-982d-1189e8e75f72/datanode-1/data/ratis/6a2117a1-a417-45b8-8b51-85a5a3ca223e/sm/snapshot.1_24
2019-07-13 19:22:58,263 INFO  impl.StateMachineUpdater (StateMachineUpdater.java:stopAndJoin(115)) - StateMachineUpdater:5fece8fe-f5e9-4805-86ac-f9c24e79798a:group-85A5A3CA223E: set stopIndex = 25
2019-07-13 19:22:58,275 INFO  impl.RaftServerImpl (ServerState.java:close(394)) - 53fdef79-a21b-4ea1-a273-496996ac2873:group-D333F4F3A5F7 closes. The last applied log index is 0
2019-07-13 19:22:58,277 INFO  impl.StateMachineUpdater (StateMachineUpdater.java:takeSnapshot(242)) - StateMachineUpdater:5fece8fe-f5e9-4805-86ac-f9c24e79798a:group-85A5A3CA223E: Took a snapshot at index 24
2019-07-13 19:22:58,277 INFO  impl.StateMachineUpdater (StateMachineUpdater.java:lambda$new$0(80)) - StateMachineUpdater:5fece8fe-f5e9-4805-86ac-f9c24e79798a:group-85A5A3CA223E: snapshotIndex: updateIncreasingly -1 -> 24
2019-07-13 19:22:58,278 INFO  segmented.SegmentedRaftLogWorker (SegmentedRaftLogWorker.java:run(313)) - 53fdef79-a21b-4ea1-a273-496996ac2873-SegmentedRaftLogWorker:Storage Directory /tmp/workdir/hadoop-ozone/integration-test/target/test-dir/MiniOzoneClusterImpl-3d6cd069-ff82-4110-982d-1189e8e75f72/datanode-4/data/ratis/5e367322-fe33-40bf-b748-d333f4f3a5f7 was interrupted, exiting. There are 0 tasks remaining in the queue.
2019-07-13 19:22:58,280 INFO  impl.RaftServerImpl (ServerState.java:close(394)) - 5fece8fe-f5e9-4805-86ac-f9c24e79798a:group-85A5A3CA223E closes. The last applied log index is 25
2019-07-13 19:22:58,280 INFO  segmented.SegmentedRaftLogWorker (SegmentedRaftLogWorker.java:close(228)) - 53fdef79-a21b-4ea1-a273-496996ac2873-SegmentedRaftLogWorker:Storage Directory /tmp/workdir/hadoop-ozone/integration-test/target/test-dir/MiniOzoneClusterImpl-3d6cd069-ff82-4110-982d-1189e8e75f72/datanode-4/data/ratis/5e367322-fe33-40bf-b748-d333f4f3a5f7 close()
2019-07-13 19:22:58,280 INFO  segmented.SegmentedRaftLogWorker (SegmentedRaftLogWorker.java:run(313)) - 5fece8fe-f5e9-4805-86ac-f9c24e79798a-SegmentedRaftLogWorker:Storage Directory /tmp/workdir/hadoop-ozone/integration-test/target/test-dir/MiniOzoneClusterImpl-3d6cd069-ff82-4110-982d-1189e8e75f72/datanode-1/data/ratis/6a2117a1-a417-45b8-8b51-85a5a3ca223e was interrupted, exiting. There are 0 tasks remaining in the queue.
2019-07-13 19:22:58,286 INFO  server.GrpcService (GrpcService.java:closeImpl(155)) - 53fdef79-a21b-4ea1-a273-496996ac2873: shutdown server with port 40240 now
2019-07-13 19:22:58,286 INFO  segmented.SegmentedRaftLogWorker (SegmentedRaftLogWorker.java:close(228)) - 5fece8fe-f5e9-4805-86ac-f9c24e79798a-SegmentedRaftLogWorker:Storage Directory /tmp/workdir/hadoop-ozone/integration-test/target/test-dir/MiniOzoneClusterImpl-3d6cd069-ff82-4110-982d-1189e8e75f72/datanode-1/data/ratis/6a2117a1-a417-45b8-8b51-85a5a3ca223e close()
2019-07-13 19:22:58,290 INFO  server.GrpcService (GrpcService.java:closeImpl(155)) - 5fece8fe-f5e9-4805-86ac-f9c24e79798a: shutdown server with port 39935 now
2019-07-13 19:22:58,290 WARN  server.GrpcServerProtocolService (LogUtils.java:warn(134)) - 53fdef79-a21b-4ea1-a273-496996ac2873: appendEntries onError: org.apache.ratis.thirdparty.io.grpc.StatusRuntimeException: CANCELLED: cancelled before receiving half close
2019-07-13 19:22:58,290 INFO  server.GrpcService (GrpcService.java:closeImpl(163)) - 53fdef79-a21b-4ea1-a273-496996ac2873: shutdown server with port 40240 successfully
2019-07-13 19:22:58,291 WARN  server.GrpcServerProtocolService (LogUtils.java:warn(134)) - 5fece8fe-f5e9-4805-86ac-f9c24e79798a: appendEntries onError: org.apache.ratis.thirdparty.io.grpc.StatusRuntimeException: CANCELLED: cancelled before receiving half close
2019-07-13 19:22:58,290 WARN  server.GrpcLogAppender (LogUtils.java:warn(134)) - 4ea882ca-b825-4296-8082-3f2409f5f6db->53fdef79-a21b-4ea1-a273-496996ac2873: Failed appendEntries: org.apache.ratis.thirdparty.io.grpc.StatusRuntimeException: CANCELLED: HTTP/2 error code: CANCEL
Received Rst Stream
2019-07-13 19:22:58,292 INFO  server.GrpcService (GrpcService.java:closeImpl(163)) - 5fece8fe-f5e9-4805-86ac-f9c24e79798a: shutdown server with port 39935 successfully
2019-07-13 19:22:58,293 WARN  server.GrpcLogAppender (LogUtils.java:warn(134)) - 56b5fcf5-9ede-4007-ba3d-f93a881d2260->5fece8fe-f5e9-4805-86ac-f9c24e79798a: Failed appendEntries: org.apache.ratis.thirdparty.io.grpc.StatusRuntimeException: CANCELLED: HTTP/2 error code: CANCEL
Received Rst Stream
2019-07-13 19:22:58,292 INFO  impl.FollowerInfo (FollowerInfo.java:lambda$new$0(50)) - 4ea882ca-b825-4296-8082-3f2409f5f6db->53fdef79-a21b-4ea1-a273-496996ac2873: nextIndex: updateUnconditionally 1 -> 0
2019-07-13 19:22:58,292 INFO  utils.BackgroundService (BackgroundService.java:shutdown(148)) - Shutting down service BlockDeletingService
2019-07-13 19:22:58,295 INFO  impl.FollowerInfo (FollowerInfo.java:lambda$new$0(50)) - 56b5fcf5-9ede-4007-ba3d-f93a881d2260->5fece8fe-f5e9-4805-86ac-f9c24e79798a: nextIndex: updateUnconditionally 26 -> 25
2019-07-13 19:22:58,298 WARN  fs.CachingGetSpaceUsed (CachingGetSpaceUsed.java:run(183)) - Thread Interrupted waiting to refresh disk information: sleep interrupted
2019-07-13 19:22:58,299 INFO  utils.BackgroundService (BackgroundService.java:shutdown(148)) - Shutting down service BlockDeletingService
2019-07-13 19:22:58,302 WARN  fs.CachingGetSpaceUsed (CachingGetSpaceUsed.java:run(183)) - Thread Interrupted waiting to refresh disk information: sleep interrupted
2019-07-13 19:22:58,319 INFO  statemachine.DatanodeStateMachine (DatanodeStateMachine.java:stopDaemon(395)) - Ozone container server stopped.
2019-07-13 19:22:58,324 INFO  handler.ContextHandler (ContextHandler.java:doStop(910)) - Stopped o.e.j.w.WebAppContext@56511eda{/,null,UNAVAILABLE}{/hddsDatanode}
2019-07-13 19:22:58,326 INFO  statemachine.DatanodeStateMachine (DatanodeStateMachine.java:stopDaemon(395)) - Ozone container server stopped.
2019-07-13 19:22:58,331 INFO  server.AbstractConnector (AbstractConnector.java:doStop(318)) - Stopped ServerConnector@303a484e{HTTP/1.1,[http/1.1]}{0.0.0.0:0}
2019-07-13 19:22:58,333 INFO  handler.ContextHandler (ContextHandler.java:doStop(910)) - Stopped o.e.j.s.ServletContextHandler@cc4a0dd{/static,jar:file:/home/user/.m2/repository/org/apache/hadoop/hadoop-hdds-container-service/0.5.0-SNAPSHOT/hadoop-hdds-container-service-0.5.0-SNAPSHOT.jar!/webapps/static,UNAVAILABLE}
2019-07-13 19:22:58,333 INFO  handler.ContextHandler (ContextHandler.java:doStop(910)) - Stopped o.e.j.w.WebAppContext@492e9e87{/,null,UNAVAILABLE}{/hddsDatanode}
2019-07-13 19:22:58,333 INFO  handler.ContextHandler (ContextHandler.java:doStop(910)) - Stopped o.e.j.s.ServletContextHandler@7a8d6eb3{/logs,file:///tmp/workdir/hadoop-ozone/integration-test/target/log,UNAVAILABLE}
2019-07-13 19:22:58,333 INFO  server.AbstractConnector (AbstractConnector.java:doStop(318)) - Stopped ServerConnector@7322013f{HTTP/1.1,[http/1.1]}{0.0.0.0:0}
2019-07-13 19:22:58,335 INFO  handler.ContextHandler (ContextHandler.java:doStop(910)) - Stopped o.e.j.s.ServletContextHandler@408a0e92{/static,jar:file:/home/user/.m2/repository/org/apache/hadoop/hadoop-hdds-container-service/0.5.0-SNAPSHOT/hadoop-hdds-container-service-0.5.0-SNAPSHOT.jar!/webapps/static,UNAVAILABLE}
2019-07-13 19:22:58,335 INFO  datanode.ObjectStoreHandler (ObjectStoreHandler.java:close(155)) - Closing ObjectStoreHandler.
2019-07-13 19:22:58,337 INFO  handler.ContextHandler (ContextHandler.java:doStop(910)) - Stopped o.e.j.s.ServletContextHandler@53c0424a{/logs,file:///tmp/workdir/hadoop-ozone/integration-test/target/log,UNAVAILABLE}
2019-07-13 19:22:58,337 INFO  ozone.HddsDatanodeService (HddsDatanodeService.java:stop(452)) - Stopped plug-in org.apache.hadoop.ozone.web.OzoneHddsDatanodeService@4f5d587c
2019-07-13 19:22:58,338 INFO  datanode.ObjectStoreHandler (ObjectStoreHandler.java:close(155)) - Closing ObjectStoreHandler.
2019-07-13 19:22:58,338 INFO  ozone.HddsDatanodeService (HddsDatanodeService.java:stop(452)) - Stopped plug-in org.apache.hadoop.ozone.web.OzoneHddsDatanodeService@5a0b925a
2019-07-13 19:22:58,892 WARN  server.GrpcLogAppender (LogUtils.java:warn(134)) - 56b5fcf5-9ede-4007-ba3d-f93a881d2260->cc74f7b4-3b0a-4c1d-9d1b-a355a8cc6784: Failed appendEntries: org.apache.ratis.thirdparty.io.grpc.StatusRuntimeException: UNAVAILABLE: io exception
2019-07-13 19:22:58,892 INFO  impl.FollowerInfo (FollowerInfo.java:lambda$new$0(50)) - 56b5fcf5-9ede-4007-ba3d-f93a881d2260->cc74f7b4-3b0a-4c1d-9d1b-a355a8cc6784: nextIndex: updateUnconditionally 13 -> 12
2019-07-13 19:22:58,892 WARN  server.GrpcLogAppender (LogUtils.java:warn(134)) - 56b5fcf5-9ede-4007-ba3d-f93a881d2260->5fece8fe-f5e9-4805-86ac-f9c24e79798a: Failed appendEntries: org.apache.ratis.thirdparty.io.grpc.StatusRuntimeException: UNAVAILABLE: io exception
2019-07-13 19:22:58,893 INFO  impl.FollowerInfo (FollowerInfo.java:lambda$new$0(50)) - 56b5fcf5-9ede-4007-ba3d-f93a881d2260->5fece8fe-f5e9-4805-86ac-f9c24e79798a: nextIndex: updateUnconditionally 25 -> 24
2019-07-13 19:22:58,922 INFO  statemachine.DatanodeStateMachine (DatanodeStateMachine.java:lambda$startDaemon$0(350)) - Ozone container server started.
2019-07-13 19:22:58,946 INFO  statemachine.DatanodeStateMachine (DatanodeStateMachine.java:lambda$startDaemon$0(350)) - Ozone container server started.
2019-07-13 19:22:59,231 WARN  server.GrpcLogAppender (LogUtils.java:warn(134)) - 4ea882ca-b825-4296-8082-3f2409f5f6db->53fdef79-a21b-4ea1-a273-496996ac2873: Failed appendEntries: org.apache.ratis.thirdparty.io.grpc.StatusRuntimeException: UNAVAILABLE: io exception
2019-07-13 19:22:59,231 INFO  impl.FollowerInfo (FollowerInfo.java:lambda$new$0(50)) - 4ea882ca-b825-4296-8082-3f2409f5f6db->53fdef79-a21b-4ea1-a273-496996ac2873: nextIndex: updateUnconditionally 0 -> 0
2019-07-13 19:23:01,393 WARN  server.GrpcLogAppender (LogUtils.java:warn(134)) - 56b5fcf5-9ede-4007-ba3d-f93a881d2260->cc74f7b4-3b0a-4c1d-9d1b-a355a8cc6784: Failed appendEntries: org.apache.ratis.thirdparty.io.grpc.StatusRuntimeException: UNAVAILABLE: io exception
2019-07-13 19:23:01,393 WARN  server.GrpcLogAppender (LogUtils.java:warn(134)) - 56b5fcf5-9ede-4007-ba3d-f93a881d2260->5fece8fe-f5e9-4805-86ac-f9c24e79798a: Failed appendEntries: org.apache.ratis.thirdparty.io.grpc.StatusRuntimeException: UNAVAILABLE: io exception
2019-07-13 19:23:01,393 INFO  impl.FollowerInfo (FollowerInfo.java:lambda$new$0(50)) - 56b5fcf5-9ede-4007-ba3d-f93a881d2260->cc74f7b4-3b0a-4c1d-9d1b-a355a8cc6784: nextIndex: updateUnconditionally 12 -> 11
2019-07-13 19:23:01,394 INFO  impl.FollowerInfo (FollowerInfo.java:lambda$new$0(50)) - 56b5fcf5-9ede-4007-ba3d-f93a881d2260->5fece8fe-f5e9-4805-86ac-f9c24e79798a: nextIndex: updateUnconditionally 24 -> 23
2019-07-13 19:23:01,731 WARN  server.GrpcLogAppender (LogUtils.java:warn(134)) - 4ea882ca-b825-4296-8082-3f2409f5f6db->53fdef79-a21b-4ea1-a273-496996ac2873: Failed appendEntries: org.apache.ratis.thirdparty.io.grpc.StatusRuntimeException: UNAVAILABLE: io exception
2019-07-13 19:23:01,732 INFO  impl.FollowerInfo (FollowerInfo.java:lambda$new$0(50)) - 4ea882ca-b825-4296-8082-3f2409f5f6db->53fdef79-a21b-4ea1-a273-496996ac2873: nextIndex: updateUnconditionally 0 -> 0
2019-07-13 19:23:02,885 INFO  client.GrpcClientProtocolService (GrpcClientProtocolService.java:lambda$processClientRequest$0(278)) - Failed RaftClientRequest:client-4581611B5F74->56b5fcf5-9ede-4007-ba3d-f93a881d2260@group-85A5A3CA223E, cid=190, seq=0, Watch-ALL_COMMITTED(20), Message:<EMPTY>, reply=RaftClientReply:client-4581611B5F74->56b5fcf5-9ede-4007-ba3d-f93a881d2260@group-85A5A3CA223E, cid=190, FAILED org.apache.ratis.protocol.NotReplicatedException: Request with call Id 190 and log index 20 is not yet replicated to ALL_COMMITTED, logIndex=20, commits[56b5fcf5-9ede-4007-ba3d-f93a881d2260:c25, 5fece8fe-f5e9-4805-86ac-f9c24e79798a:c25, cc74f7b4-3b0a-4c1d-9d1b-a355a8cc6784:c14]
2019-07-13 19:23:02,891 INFO  client.GrpcClientProtocolClient (GrpcClientProtocolClient.java:onNext(255)) - client-4581611B5F74->56b5fcf5-9ede-4007-ba3d-f93a881d2260: receive RaftClientReply:client-4581611B5F74->56b5fcf5-9ede-4007-ba3d-f93a881d2260@group-85A5A3CA223E, cid=190, FAILED org.apache.ratis.protocol.NotReplicatedException: Request with call Id 190 and log index 20 is not yet replicated to ALL_COMMITTED, logIndex=20, commits[56b5fcf5-9ede-4007-ba3d-f93a881d2260:c25, 5fece8fe-f5e9-4805-86ac-f9c24e79798a:c25, cc74f7b4-3b0a-4c1d-9d1b-a355a8cc6784:c14]
2019-07-13 19:23:03,016 INFO  node.StaleNodeHandler (StaleNodeHandler.java:onMessage(58)) - Datanode 56b5fcf5-9ede-4007-ba3d-f93a881d2260{ip: 192.168.69.122, host: trunk-nightly-fxqsz-774976932, networkLocation: /default-rack, certSerialId: null} moved to stale state. Finalizing its pipelines [PipelineID=665e9246-3ccd-4cfd-ab35-c5091433973f, PipelineID=6a2117a1-a417-45b8-8b51-85a5a3ca223e]
2019-07-13 19:23:03,017 INFO  pipeline.SCMPipelineManager (SCMPipelineManager.java:finalizeAndDestroyPipeline(309)) - destroying pipeline:Pipeline[ Id: 665e9246-3ccd-4cfd-ab35-c5091433973f, Nodes: 56b5fcf5-9ede-4007-ba3d-f93a881d2260{ip: 192.168.69.122, host: trunk-nightly-fxqsz-774976932, networkLocation: /default-rack, certSerialId: null}, Type:RATIS, Factor:ONE, State:OPEN]
2019-07-13 19:23:03,017 INFO  pipeline.PipelineStateManager (PipelineStateManager.java:finalizePipeline(123)) - Pipeline Pipeline[ Id: 665e9246-3ccd-4cfd-ab35-c5091433973f, Nodes: 56b5fcf5-9ede-4007-ba3d-f93a881d2260{ip: 192.168.69.122, host: trunk-nightly-fxqsz-774976932, networkLocation: /default-rack, certSerialId: null}, Type:RATIS, Factor:ONE, State:CLOSED] moved to CLOSED state
2019-07-13 19:23:03,017 INFO  pipeline.SCMPipelineManager (SCMPipelineManager.java:finalizeAndDestroyPipeline(309)) - destroying pipeline:Pipeline[ Id: 6a2117a1-a417-45b8-8b51-85a5a3ca223e, Nodes: cc74f7b4-3b0a-4c1d-9d1b-a355a8cc6784{ip: 192.168.69.122, host: trunk-nightly-fxqsz-774976932, networkLocation: /default-rack, certSerialId: null}5fece8fe-f5e9-4805-86ac-f9c24e79798a{ip: 192.168.69.122, host: trunk-nightly-fxqsz-774976932, networkLocation: /default-rack, certSerialId: null}56b5fcf5-9ede-4007-ba3d-f93a881d2260{ip: 192.168.69.122, host: trunk-nightly-fxqsz-774976932, networkLocation: /default-rack, certSerialId: null}, Type:RATIS, Factor:THREE, State:CLOSED]
2019-07-13 19:23:03,018 INFO  node.StaleNodeHandler (StaleNodeHandler.java:onMessage(58)) - Datanode 61924693-d283-4f9d-bc33-1ba4a640d0c5{ip: 192.168.69.122, host: trunk-nightly-fxqsz-774976932, networkLocation: /default-rack, certSerialId: null} moved to stale state. Finalizing its pipelines [PipelineID=14a22127-73e6-40a2-9736-c81448eb3658, PipelineID=bf74d44c-1022-4028-91bd-f31826f8a81b]
2019-07-13 19:23:03,018 INFO  pipeline.SCMPipelineManager (SCMPipelineManager.java:finalizeAndDestroyPipeline(309)) - destroying pipeline:Pipeline[ Id: 14a22127-73e6-40a2-9736-c81448eb3658, Nodes: 4ea882ca-b825-4296-8082-3f2409f5f6db{ip: 192.168.69.122, host: trunk-nightly-fxqsz-774976932, networkLocation: /default-rack, certSerialId: null}53fdef79-a21b-4ea1-a273-496996ac2873{ip: 192.168.69.122, host: trunk-nightly-fxqsz-774976932, networkLocation: /default-rack, certSerialId: null}61924693-d283-4f9d-bc33-1ba4a640d0c5{ip: 192.168.69.122, host: trunk-nightly-fxqsz-774976932, networkLocation: /default-rack, certSerialId: null}, Type:RATIS, Factor:THREE, State:CLOSED]
2019-07-13 19:23:03,018 INFO  pipeline.SCMPipelineManager (SCMPipelineManager.java:finalizeAndDestroyPipeline(309)) - destroying pipeline:Pipeline[ Id: bf74d44c-1022-4028-91bd-f31826f8a81b, Nodes: 61924693-d283-4f9d-bc33-1ba4a640d0c5{ip: 192.168.69.122, host: trunk-nightly-fxqsz-774976932, networkLocation: /default-rack, certSerialId: null}, Type:RATIS, Factor:ONE, State:OPEN]
2019-07-13 19:23:03,018 INFO  pipeline.PipelineStateManager (PipelineStateManager.java:finalizePipeline(123)) - Pipeline Pipeline[ Id: bf74d44c-1022-4028-91bd-f31826f8a81b, Nodes: 61924693-d283-4f9d-bc33-1ba4a640d0c5{ip: 192.168.69.122, host: trunk-nightly-fxqsz-774976932, networkLocation: /default-rack, certSerialId: null}, Type:RATIS, Factor:ONE, State:CLOSED] moved to CLOSED state
2019-07-13 19:23:03,338 INFO  ozoneimpl.OzoneContainer (OzoneContainer.java:stop(199)) - Attempting to stop container services.
2019-07-13 19:23:03,338 INFO  ozoneimpl.OzoneContainer (OzoneContainer.java:stop(199)) - Attempting to stop container services.
2019-07-13 19:23:03,339 INFO  impl.RaftServerProxy (RaftServerProxy.java:lambda$close$4(314)) - 61924693-d283-4f9d-bc33-1ba4a640d0c5: close
2019-07-13 19:23:03,339 INFO  impl.RaftServerProxy (RaftServerProxy.java:lambda$close$4(314)) - 56b5fcf5-9ede-4007-ba3d-f93a881d2260: close
2019-07-13 19:23:03,339 INFO  impl.RaftServerImpl (RaftServerImpl.java:lambda$shutdown$3(245)) - 61924693-d283-4f9d-bc33-1ba4a640d0c5: shutdown group-C81448EB3658
2019-07-13 19:23:03,340 INFO  util.JmxRegister (JmxRegister.java:unregister(73)) - Successfully un-registered JMX Bean with object name Ratis:service=RaftServer,group=group-C81448EB3658,id=61924693-d283-4f9d-bc33-1ba4a640d0c5
2019-07-13 19:23:03,340 INFO  impl.RoleInfo (RoleInfo.java:shutdownFollowerState(121)) - 61924693-d283-4f9d-bc33-1ba4a640d0c5: shutdown FollowerState
2019-07-13 19:23:03,339 INFO  impl.RaftServerImpl (RaftServerImpl.java:lambda$shutdown$3(245)) - 56b5fcf5-9ede-4007-ba3d-f93a881d2260: shutdown group-C5091433973F
2019-07-13 19:23:03,341 INFO  impl.FollowerState (FollowerState.java:run(114)) - 61924693-d283-4f9d-bc33-1ba4a640d0c5: FollowerState was interrupted: java.lang.InterruptedException: sleep interrupted
2019-07-13 19:23:03,341 INFO  ratis.ContainerStateMachine (ContainerStateMachine.java:takeSnapshot(246)) - Taking snapshot at termIndex:(t:0, i:~)
2019-07-13 19:23:03,341 INFO  impl.StateMachineUpdater (StateMachineUpdater.java:stopAndJoin(115)) - StateMachineUpdater:61924693-d283-4f9d-bc33-1ba4a640d0c5:group-C81448EB3658: set stopIndex = 0
2019-07-13 19:23:03,344 INFO  impl.RaftServerImpl (ServerState.java:close(394)) - 61924693-d283-4f9d-bc33-1ba4a640d0c5:group-C81448EB3658 closes. The last applied log index is 0
2019-07-13 19:23:03,341 INFO  util.JmxRegister (JmxRegister.java:unregister(73)) - Successfully un-registered JMX Bean with object name Ratis:service=RaftServer,group=group-C5091433973F,id=56b5fcf5-9ede-4007-ba3d-f93a881d2260
2019-07-13 19:23:03,345 INFO  segmented.SegmentedRaftLogWorker (SegmentedRaftLogWorker.java:run(313)) - 61924693-d283-4f9d-bc33-1ba4a640d0c5-SegmentedRaftLogWorker:Storage Directory /tmp/workdir/hadoop-ozone/integration-test/target/test-dir/MiniOzoneClusterImpl-3d6cd069-ff82-4110-982d-1189e8e75f72/datanode-3/data/ratis/14a22127-73e6-40a2-9736-c81448eb3658 was interrupted, exiting. There are 0 tasks remaining in the queue.
2019-07-13 19:23:03,345 INFO  impl.RoleInfo (RoleInfo.java:shutdownLeaderState(104)) - 56b5fcf5-9ede-4007-ba3d-f93a881d2260: shutdown LeaderState
2019-07-13 19:23:03,347 INFO  segmented.SegmentedRaftLogWorker (SegmentedRaftLogWorker.java:close(228)) - 61924693-d283-4f9d-bc33-1ba4a640d0c5-SegmentedRaftLogWorker:Storage Directory /tmp/workdir/hadoop-ozone/integration-test/target/test-dir/MiniOzoneClusterImpl-3d6cd069-ff82-4110-982d-1189e8e75f72/datanode-3/data/ratis/14a22127-73e6-40a2-9736-c81448eb3658 close()
2019-07-13 19:23:03,347 INFO  impl.PendingRequests (PendingRequests.java:sendNotLeaderResponses(202)) - 56b5fcf5-9ede-4007-ba3d-f93a881d2260-PendingRequests: sendNotLeaderResponses
2019-07-13 19:23:03,351 INFO  impl.RaftServerImpl (RaftServerImpl.java:lambda$shutdown$3(245)) - 61924693-d283-4f9d-bc33-1ba4a640d0c5: shutdown group-F31826F8A81B
2019-07-13 19:23:03,351 INFO  ratis.ContainerStateMachine (ContainerStateMachine.java:takeSnapshot(246)) - Taking snapshot at termIndex:(t:0, i:~)
2019-07-13 19:23:03,351 INFO  impl.StateMachineUpdater (StateMachineUpdater.java:stopAndJoin(115)) - StateMachineUpdater:56b5fcf5-9ede-4007-ba3d-f93a881d2260:group-C5091433973F: set stopIndex = 0
2019-07-13 19:23:03,352 INFO  util.JmxRegister (JmxRegister.java:unregister(73)) - Successfully un-registered JMX Bean with object name Ratis:service=RaftServer,group=group-F31826F8A81B,id=61924693-d283-4f9d-bc33-1ba4a640d0c5
2019-07-13 19:23:03,352 INFO  impl.RaftServerImpl (ServerState.java:close(394)) - 56b5fcf5-9ede-4007-ba3d-f93a881d2260:group-C5091433973F closes. The last applied log index is 0
2019-07-13 19:23:03,352 INFO  impl.RoleInfo (RoleInfo.java:shutdownLeaderState(104)) - 61924693-d283-4f9d-bc33-1ba4a640d0c5: shutdown LeaderState
2019-07-13 19:23:03,353 INFO  segmented.SegmentedRaftLogWorker (SegmentedRaftLogWorker.java:run(313)) - 56b5fcf5-9ede-4007-ba3d-f93a881d2260-SegmentedRaftLogWorker:Storage Directory /tmp/workdir/hadoop-ozone/integration-test/target/test-dir/MiniOzoneClusterImpl-3d6cd069-ff82-4110-982d-1189e8e75f72/datanode-2/data/ratis/665e9246-3ccd-4cfd-ab35-c5091433973f was interrupted, exiting. There are 0 tasks remaining in the queue.
2019-07-13 19:23:03,353 INFO  impl.PendingRequests (PendingRequests.java:sendNotLeaderResponses(202)) - 61924693-d283-4f9d-bc33-1ba4a640d0c5-PendingRequests: sendNotLeaderResponses
2019-07-13 19:23:03,355 INFO  segmented.SegmentedRaftLogWorker (SegmentedRaftLogWorker.java:close(228)) - 56b5fcf5-9ede-4007-ba3d-f93a881d2260-SegmentedRaftLogWorker:Storage Directory /tmp/workdir/hadoop-ozone/integration-test/target/test-dir/MiniOzoneClusterImpl-3d6cd069-ff82-4110-982d-1189e8e75f72/datanode-2/data/ratis/665e9246-3ccd-4cfd-ab35-c5091433973f close()
2019-07-13 19:23:03,355 INFO  ratis.ContainerStateMachine (ContainerStateMachine.java:takeSnapshot(246)) - Taking snapshot at termIndex:(t:0, i:~)
2019-07-13 19:23:03,355 INFO  impl.StateMachineUpdater (StateMachineUpdater.java:stopAndJoin(115)) - StateMachineUpdater:61924693-d283-4f9d-bc33-1ba4a640d0c5:group-F31826F8A81B: set stopIndex = 0
2019-07-13 19:23:03,359 INFO  impl.RaftServerImpl (ServerState.java:close(394)) - 61924693-d283-4f9d-bc33-1ba4a640d0c5:group-F31826F8A81B closes. The last applied log index is 0
2019-07-13 19:23:03,359 INFO  impl.RaftServerImpl (RaftServerImpl.java:lambda$shutdown$3(245)) - 56b5fcf5-9ede-4007-ba3d-f93a881d2260: shutdown group-85A5A3CA223E
2019-07-13 19:23:03,360 INFO  segmented.SegmentedRaftLogWorker (SegmentedRaftLogWorker.java:run(313)) - 61924693-d283-4f9d-bc33-1ba4a640d0c5-SegmentedRaftLogWorker:Storage Directory /tmp/workdir/hadoop-ozone/integration-test/target/test-dir/MiniOzoneClusterImpl-3d6cd069-ff82-4110-982d-1189e8e75f72/datanode-3/data/ratis/bf74d44c-1022-4028-91bd-f31826f8a81b was interrupted, exiting. There are 0 tasks remaining in the queue.
2019-07-13 19:23:03,360 INFO  util.JmxRegister (JmxRegister.java:unregister(73)) - Successfully un-registered JMX Bean with object name Ratis:service=RaftServer,group=group-85A5A3CA223E,id=56b5fcf5-9ede-4007-ba3d-f93a881d2260
2019-07-13 19:23:03,362 INFO  segmented.SegmentedRaftLogWorker (SegmentedRaftLogWorker.java:close(228)) - 61924693-d283-4f9d-bc33-1ba4a640d0c5-SegmentedRaftLogWorker:Storage Directory /tmp/workdir/hadoop-ozone/integration-test/target/test-dir/MiniOzoneClusterImpl-3d6cd069-ff82-4110-982d-1189e8e75f72/datanode-3/data/ratis/bf74d44c-1022-4028-91bd-f31826f8a81b close()
2019-07-13 19:23:03,362 INFO  impl.RoleInfo (RoleInfo.java:shutdownLeaderState(104)) - 56b5fcf5-9ede-4007-ba3d-f93a881d2260: shutdown LeaderState
2019-07-13 19:23:03,365 INFO  server.GrpcService (GrpcService.java:closeImpl(155)) - 61924693-d283-4f9d-bc33-1ba4a640d0c5: shutdown server with port 34632 now
2019-07-13 19:23:03,369 WARN  server.GrpcLogAppender (GrpcLogAppender.java:mayWait(143)) - GrpcLogAppender(56b5fcf5-9ede-4007-ba3d-f93a881d2260->cc74f7b4-3b0a-4c1d-9d1b-a355a8cc6784): Wait interrupted by java.lang.InterruptedException
2019-07-13 19:23:03,369 WARN  server.GrpcLogAppender (GrpcLogAppender.java:mayWait(143)) - GrpcLogAppender(56b5fcf5-9ede-4007-ba3d-f93a881d2260->5fece8fe-f5e9-4805-86ac-f9c24e79798a): Wait interrupted by java.lang.InterruptedException
2019-07-13 19:23:03,369 INFO  impl.PendingRequests (PendingRequests.java:sendNotLeaderResponses(202)) - 56b5fcf5-9ede-4007-ba3d-f93a881d2260-PendingRequests: sendNotLeaderResponses
2019-07-13 19:23:03,370 WARN  server.GrpcServerProtocolService (LogUtils.java:warn(134)) - 61924693-d283-4f9d-bc33-1ba4a640d0c5: appendEntries onError: org.apache.ratis.thirdparty.io.grpc.StatusRuntimeException: CANCELLED: cancelled before receiving half close
2019-07-13 19:23:03,373 WARN  server.GrpcLogAppender (LogUtils.java:warn(134)) - 4ea882ca-b825-4296-8082-3f2409f5f6db->61924693-d283-4f9d-bc33-1ba4a640d0c5: Failed appendEntries: org.apache.ratis.thirdparty.io.grpc.StatusRuntimeException: CANCELLED: HTTP/2 error code: CANCEL
Received Rst Stream
2019-07-13 19:23:03,373 INFO  server.GrpcService (GrpcService.java:closeImpl(163)) - 61924693-d283-4f9d-bc33-1ba4a640d0c5: shutdown server with port 34632 successfully
2019-07-13 19:23:03,374 INFO  client.GrpcClientProtocolService (GrpcClientProtocolService.java:lambda$processClientRequest$0(278)) - Failed RaftClientRequest:client-4581611B5F74->56b5fcf5-9ede-4007-ba3d-f93a881d2260@group-85A5A3CA223E, cid=190, seq=0, Watch-ALL_COMMITTED(20), Message:<EMPTY>, reply=RaftClientReply:client-4581611B5F74->56b5fcf5-9ede-4007-ba3d-f93a881d2260@group-85A5A3CA223E, cid=190, FAILED org.apache.ratis.protocol.NotLeaderException: Server 56b5fcf5-9ede-4007-ba3d-f93a881d2260 is not the leader (null). Request must be sent to leader., logIndex=0, commits[56b5fcf5-9ede-4007-ba3d-f93a881d2260:c25]
2019-07-13 19:23:03,374 INFO  ratis.ContainerStateMachine (ContainerStateMachine.java:takeSnapshot(246)) - Taking snapshot at termIndex:(t:1, i:25)
2019-07-13 19:23:03,374 INFO  ratis.ContainerStateMachine (ContainerStateMachine.java:takeSnapshot(250)) - Taking a snapshot to file /tmp/workdir/hadoop-ozone/integration-test/target/test-dir/MiniOzoneClusterImpl-3d6cd069-ff82-4110-982d-1189e8e75f72/datanode-2/data/ratis/6a2117a1-a417-45b8-8b51-85a5a3ca223e/sm/snapshot.1_25
2019-07-13 19:23:03,374 INFO  impl.FollowerInfo (FollowerInfo.java:lambda$new$0(50)) - 4ea882ca-b825-4296-8082-3f2409f5f6db->61924693-d283-4f9d-bc33-1ba4a640d0c5: nextIndex: updateUnconditionally 1 -> 0
2019-07-13 19:23:03,374 INFO  impl.StateMachineUpdater (StateMachineUpdater.java:stopAndJoin(115)) - StateMachineUpdater:56b5fcf5-9ede-4007-ba3d-f93a881d2260:group-85A5A3CA223E: set stopIndex = 25
2019-07-13 19:23:03,373 INFO  client.GrpcClientProtocolService (GrpcClientProtocolService.java:lambda$processClientRequest$0(278)) - Failed RaftClientRequest:client-4581611B5F74->56b5fcf5-9ede-4007-ba3d-f93a881d2260@group-85A5A3CA223E, cid=190, seq=0, Watch-ALL_COMMITTED(20), Message:<EMPTY>, reply=RaftClientReply:client-4581611B5F74->56b5fcf5-9ede-4007-ba3d-f93a881d2260@group-85A5A3CA223E, cid=190, FAILED org.apache.ratis.protocol.NotLeaderException: Server 56b5fcf5-9ede-4007-ba3d-f93a881d2260 is not the leader (null). Request must be sent to leader., logIndex=0, commits[56b5fcf5-9ede-4007-ba3d-f93a881d2260:c25]
2019-07-13 19:23:03,375 INFO  client.GrpcClientProtocolClient (GrpcClientProtocolClient.java:onNext(255)) - client-4581611B5F74->56b5fcf5-9ede-4007-ba3d-f93a881d2260: receive RaftClientReply:client-4581611B5F74->56b5fcf5-9ede-4007-ba3d-f93a881d2260@group-85A5A3CA223E, cid=190, FAILED org.apache.ratis.protocol.NotLeaderException: Server 56b5fcf5-9ede-4007-ba3d-f93a881d2260 is not the leader (null). Request must be sent to leader., logIndex=0, commits[56b5fcf5-9ede-4007-ba3d-f93a881d2260:c25]
2019-07-13 19:23:03,375 INFO  impl.StateMachineUpdater (StateMachineUpdater.java:takeSnapshot(242)) - StateMachineUpdater:56b5fcf5-9ede-4007-ba3d-f93a881d2260:group-85A5A3CA223E: Took a snapshot at index 25
2019-07-13 19:23:03,375 INFO  utils.BackgroundService (BackgroundService.java:shutdown(148)) - Shutting down service BlockDeletingService
2019-07-13 19:23:03,375 INFO  impl.StateMachineUpdater (StateMachineUpdater.java:lambda$new$0(80)) - StateMachineUpdater:56b5fcf5-9ede-4007-ba3d-f93a881d2260:group-85A5A3CA223E: snapshotIndex: updateIncreasingly -1 -> 25
2019-07-13 19:23:03,376 INFO  client.GrpcClientProtocolClient (GrpcClientProtocolClient.java:onNext(255)) - client-4581611B5F74->56b5fcf5-9ede-4007-ba3d-f93a881d2260: receive RaftClientReply:client-4581611B5F74->56b5fcf5-9ede-4007-ba3d-f93a881d2260@group-85A5A3CA223E, cid=190, FAILED org.apache.ratis.protocol.NotLeaderException: Server 56b5fcf5-9ede-4007-ba3d-f93a881d2260 is not the leader (null). Request must be sent to leader., logIndex=0, commits[56b5fcf5-9ede-4007-ba3d-f93a881d2260:c25]
2019-07-13 19:23:03,376 INFO  impl.RaftServerImpl (ServerState.java:close(394)) - 56b5fcf5-9ede-4007-ba3d-f93a881d2260:group-85A5A3CA223E closes. The last applied log index is 25
2019-07-13 19:23:03,376 WARN  fs.CachingGetSpaceUsed (CachingGetSpaceUsed.java:run(183)) - Thread Interrupted waiting to refresh disk information: sleep interrupted
2019-07-13 19:23:03,377 INFO  segmented.SegmentedRaftLogWorker (SegmentedRaftLogWorker.java:run(313)) - 56b5fcf5-9ede-4007-ba3d-f93a881d2260-SegmentedRaftLogWorker:Storage Directory /tmp/workdir/hadoop-ozone/integration-test/target/test-dir/MiniOzoneClusterImpl-3d6cd069-ff82-4110-982d-1189e8e75f72/datanode-2/data/ratis/6a2117a1-a417-45b8-8b51-85a5a3ca223e was interrupted, exiting. There are 0 tasks remaining in the queue.
2019-07-13 19:23:03,379 INFO  segmented.SegmentedRaftLogWorker (SegmentedRaftLogWorker.java:close(228)) - 56b5fcf5-9ede-4007-ba3d-f93a881d2260-SegmentedRaftLogWorker:Storage Directory /tmp/workdir/hadoop-ozone/integration-test/target/test-dir/MiniOzoneClusterImpl-3d6cd069-ff82-4110-982d-1189e8e75f72/datanode-2/data/ratis/6a2117a1-a417-45b8-8b51-85a5a3ca223e close()
2019-07-13 19:23:03,382 INFO  server.GrpcService (GrpcService.java:closeImpl(155)) - 56b5fcf5-9ede-4007-ba3d-f93a881d2260: shutdown server with port 35072 now
2019-07-13 19:23:03,385 WARN  client.GrpcClientProtocolService (LogUtils.java:warn(134)) - 2-UnorderedRequestStreamObserver2: onError: org.apache.ratis.thirdparty.io.grpc.StatusRuntimeException: CANCELLED: cancelled before receiving half close
2019-07-13 19:23:03,385 INFO  server.GrpcService (GrpcService.java:closeImpl(163)) - 56b5fcf5-9ede-4007-ba3d-f93a881d2260: shutdown server with port 35072 successfully
2019-07-13 19:23:03,386 INFO  utils.BackgroundService (BackgroundService.java:shutdown(148)) - Shutting down service BlockDeletingService
2019-07-13 19:23:03,392 WARN  fs.CachingGetSpaceUsed (CachingGetSpaceUsed.java:run(183)) - Thread Interrupted waiting to refresh disk information: sleep interrupted
2019-07-13 19:23:03,401 INFO  statemachine.DatanodeStateMachine (DatanodeStateMachine.java:stopDaemon(395)) - Ozone container server stopped.
2019-07-13 19:23:03,412 INFO  statemachine.DatanodeStateMachine (DatanodeStateMachine.java:stopDaemon(395)) - Ozone container server stopped.
2019-07-13 19:23:03,414 INFO  handler.ContextHandler (ContextHandler.java:doStop(910)) - Stopped o.e.j.w.WebAppContext@3678f32e{/,null,UNAVAILABLE}{/hddsDatanode}
2019-07-13 19:23:03,416 INFO  handler.ContextHandler (ContextHandler.java:doStop(910)) - Stopped o.e.j.w.WebAppContext@2e1b1d22{/,null,UNAVAILABLE}{/hddsDatanode}
2019-07-13 19:23:03,417 INFO  server.AbstractConnector (AbstractConnector.java:doStop(318)) - Stopped ServerConnector@678c0310{HTTP/1.1,[http/1.1]}{0.0.0.0:0}
2019-07-13 19:23:03,417 INFO  server.AbstractConnector (AbstractConnector.java:doStop(318)) - Stopped ServerConnector@653c0c9c{HTTP/1.1,[http/1.1]}{0.0.0.0:0}
2019-07-13 19:23:03,417 INFO  handler.ContextHandler (ContextHandler.java:doStop(910)) - Stopped o.e.j.s.ServletContextHandler@7d583602{/static,jar:file:/home/user/.m2/repository/org/apache/hadoop/hadoop-hdds-container-service/0.5.0-SNAPSHOT/hadoop-hdds-container-service-0.5.0-SNAPSHOT.jar!/webapps/static,UNAVAILABLE}
2019-07-13 19:23:03,418 INFO  handler.ContextHandler (ContextHandler.java:doStop(910)) - Stopped o.e.j.s.ServletContextHandler@36299b83{/static,jar:file:/home/user/.m2/repository/org/apache/hadoop/hadoop-hdds-container-service/0.5.0-SNAPSHOT/hadoop-hdds-container-service-0.5.0-SNAPSHOT.jar!/webapps/static,UNAVAILABLE}
2019-07-13 19:23:03,419 INFO  handler.ContextHandler (ContextHandler.java:doStop(910)) - Stopped o.e.j.s.ServletContextHandler@63b85d97{/logs,file:///tmp/workdir/hadoop-ozone/integration-test/target/log,UNAVAILABLE}
2019-07-13 19:23:03,420 INFO  handler.ContextHandler (ContextHandler.java:doStop(910)) - Stopped o.e.j.s.ServletContextHandler@7271320c{/logs,file:///tmp/workdir/hadoop-ozone/integration-test/target/log,UNAVAILABLE}
2019-07-13 19:23:03,421 INFO  datanode.ObjectStoreHandler (ObjectStoreHandler.java:close(155)) - Closing ObjectStoreHandler.
2019-07-13 19:23:03,421 INFO  datanode.ObjectStoreHandler (ObjectStoreHandler.java:close(155)) - Closing ObjectStoreHandler.
2019-07-13 19:23:03,421 INFO  ozone.HddsDatanodeService (HddsDatanodeService.java:stop(452)) - Stopped plug-in org.apache.hadoop.ozone.web.OzoneHddsDatanodeService@289fff3c
2019-07-13 19:23:03,421 INFO  ozone.HddsDatanodeService (HddsDatanodeService.java:stop(452)) - Stopped plug-in org.apache.hadoop.ozone.web.OzoneHddsDatanodeService@7e3b101b
2019-07-13 19:23:03,438 INFO  statemachine.DatanodeStateMachine (DatanodeStateMachine.java:lambda$startDaemon$0(350)) - Ozone container server started.
2019-07-13 19:23:03,598 INFO  statemachine.DatanodeStateMachine (DatanodeStateMachine.java:lambda$startDaemon$0(350)) - Ozone container server started.
2019-07-13 19:23:04,232 WARN  server.GrpcLogAppender (LogUtils.java:warn(134)) - 4ea882ca-b825-4296-8082-3f2409f5f6db->53fdef79-a21b-4ea1-a273-496996ac2873: Failed appendEntries: org.apache.ratis.thirdparty.io.grpc.StatusRuntimeException: UNAVAILABLE: io exception
2019-07-13 19:23:04,233 INFO  impl.FollowerInfo (FollowerInfo.java:lambda$new$0(50)) - 4ea882ca-b825-4296-8082-3f2409f5f6db->53fdef79-a21b-4ea1-a273-496996ac2873: nextIndex: updateUnconditionally 0 -> 0
2019-07-13 19:23:04,235 WARN  server.GrpcLogAppender (LogUtils.java:warn(134)) - 4ea882ca-b825-4296-8082-3f2409f5f6db->61924693-d283-4f9d-bc33-1ba4a640d0c5: Failed appendEntries: org.apache.ratis.thirdparty.io.grpc.StatusRuntimeException: UNAVAILABLE: io exception
2019-07-13 19:23:04,236 INFO  impl.FollowerInfo (FollowerInfo.java:lambda$new$0(50)) - 4ea882ca-b825-4296-8082-3f2409f5f6db->61924693-d283-4f9d-bc33-1ba4a640d0c5: nextIndex: updateUnconditionally 0 -> 0
2019-07-13 19:23:06,733 WARN  server.GrpcLogAppender (LogUtils.java:warn(134)) - 4ea882ca-b825-4296-8082-3f2409f5f6db->53fdef79-a21b-4ea1-a273-496996ac2873: Failed appendEntries: org.apache.ratis.thirdparty.io.grpc.StatusRuntimeException: UNAVAILABLE: io exception
2019-07-13 19:23:06,734 INFO  impl.FollowerInfo (FollowerInfo.java:lambda$new$0(50)) - 4ea882ca-b825-4296-8082-3f2409f5f6db->53fdef79-a21b-4ea1-a273-496996ac2873: nextIndex: updateUnconditionally 0 -> 0
2019-07-13 19:23:06,736 WARN  server.GrpcLogAppender (LogUtils.java:warn(134)) - 4ea882ca-b825-4296-8082-3f2409f5f6db->61924693-d283-4f9d-bc33-1ba4a640d0c5: Failed appendEntries: org.apache.ratis.thirdparty.io.grpc.StatusRuntimeException: UNAVAILABLE: io exception
2019-07-13 19:23:06,737 INFO  impl.FollowerInfo (FollowerInfo.java:lambda$new$0(50)) - 4ea882ca-b825-4296-8082-3f2409f5f6db->61924693-d283-4f9d-bc33-1ba4a640d0c5: nextIndex: updateUnconditionally 0 -> 0
2019-07-13 19:23:07,522 INFO  node.StaleNodeHandler (StaleNodeHandler.java:onMessage(58)) - Datanode 4ea882ca-b825-4296-8082-3f2409f5f6db{ip: 192.168.69.122, host: trunk-nightly-fxqsz-774976932, networkLocation: /default-rack, certSerialId: null} moved to stale state. Finalizing its pipelines [PipelineID=14a22127-73e6-40a2-9736-c81448eb3658, PipelineID=9eee443d-0adb-4dc7-9687-331a39d2c098]
2019-07-13 19:23:07,523 INFO  pipeline.SCMPipelineManager (SCMPipelineManager.java:finalizeAndDestroyPipeline(309)) - destroying pipeline:Pipeline[ Id: 14a22127-73e6-40a2-9736-c81448eb3658, Nodes: 4ea882ca-b825-4296-8082-3f2409f5f6db{ip: 192.168.69.122, host: trunk-nightly-fxqsz-774976932, networkLocation: /default-rack, certSerialId: null}53fdef79-a21b-4ea1-a273-496996ac2873{ip: 192.168.69.122, host: trunk-nightly-fxqsz-774976932, networkLocation: /default-rack, certSerialId: null}61924693-d283-4f9d-bc33-1ba4a640d0c5{ip: 192.168.69.122, host: trunk-nightly-fxqsz-774976932, networkLocation: /default-rack, certSerialId: null}, Type:RATIS, Factor:THREE, State:CLOSED]
2019-07-13 19:23:07,523 INFO  pipeline.SCMPipelineManager (SCMPipelineManager.java:finalizeAndDestroyPipeline(309)) - destroying pipeline:Pipeline[ Id: 9eee443d-0adb-4dc7-9687-331a39d2c098, Nodes: 4ea882ca-b825-4296-8082-3f2409f5f6db{ip: 192.168.69.122, host: trunk-nightly-fxqsz-774976932, networkLocation: /default-rack, certSerialId: null}, Type:RATIS, Factor:ONE, State:OPEN]
2019-07-13 19:23:07,523 INFO  pipeline.PipelineStateManager (PipelineStateManager.java:finalizePipeline(123)) - Pipeline Pipeline[ Id: 9eee443d-0adb-4dc7-9687-331a39d2c098, Nodes: 4ea882ca-b825-4296-8082-3f2409f5f6db{ip: 192.168.69.122, host: trunk-nightly-fxqsz-774976932, networkLocation: /default-rack, certSerialId: null}, Type:RATIS, Factor:ONE, State:CLOSED] moved to CLOSED state
2019-07-13 19:23:07,622 INFO  node.StaleNodeHandler (StaleNodeHandler.java:onMessage(58)) - Datanode 4fe38d82-0098-41af-a355-833501dc5333{ip: 192.168.69.122, host: trunk-nightly-fxqsz-774976932, networkLocation: /default-rack, certSerialId: null} moved to stale state. Finalizing its pipelines [PipelineID=761de2e3-c3ee-4d3f-af0a-1842eaf3b1ee]
2019-07-13 19:23:07,623 INFO  pipeline.SCMPipelineManager (SCMPipelineManager.java:finalizeAndDestroyPipeline(309)) - destroying pipeline:Pipeline[ Id: 761de2e3-c3ee-4d3f-af0a-1842eaf3b1ee, Nodes: 4fe38d82-0098-41af-a355-833501dc5333{ip: 192.168.69.122, host: trunk-nightly-fxqsz-774976932, networkLocation: /default-rack, certSerialId: null}, Type:RATIS, Factor:ONE, State:OPEN]
2019-07-13 19:23:07,623 INFO  pipeline.PipelineStateManager (PipelineStateManager.java:finalizePipeline(123)) - Pipeline Pipeline[ Id: 761de2e3-c3ee-4d3f-af0a-1842eaf3b1ee, Nodes: 4fe38d82-0098-41af-a355-833501dc5333{ip: 192.168.69.122, host: trunk-nightly-fxqsz-774976932, networkLocation: /default-rack, certSerialId: null}, Type:RATIS, Factor:ONE, State:CLOSED] moved to CLOSED state
2019-07-13 19:23:08,422 INFO  ozoneimpl.OzoneContainer (OzoneContainer.java:stop(199)) - Attempting to stop container services.
2019-07-13 19:23:08,422 INFO  ozoneimpl.OzoneContainer (OzoneContainer.java:stop(199)) - Attempting to stop container services.
2019-07-13 19:23:08,423 INFO  impl.RaftServerProxy (RaftServerProxy.java:lambda$close$4(314)) - 4fe38d82-0098-41af-a355-833501dc5333: close
2019-07-13 19:23:08,423 INFO  impl.RaftServerProxy (RaftServerProxy.java:lambda$close$4(314)) - 4ea882ca-b825-4296-8082-3f2409f5f6db: close
2019-07-13 19:23:08,423 INFO  impl.RaftServerImpl (RaftServerImpl.java:lambda$shutdown$3(245)) - 4fe38d82-0098-41af-a355-833501dc5333: shutdown group-1842EAF3B1EE
2019-07-13 19:23:08,423 INFO  impl.RaftServerImpl (RaftServerImpl.java:lambda$shutdown$3(245)) - 4ea882ca-b825-4296-8082-3f2409f5f6db: shutdown group-C81448EB3658
2019-07-13 19:23:08,424 INFO  util.JmxRegister (JmxRegister.java:unregister(73)) - Successfully un-registered JMX Bean with object name Ratis:service=RaftServer,group=group-1842EAF3B1EE,id=4fe38d82-0098-41af-a355-833501dc5333
2019-07-13 19:23:08,424 INFO  util.JmxRegister (JmxRegister.java:unregister(73)) - Successfully un-registered JMX Bean with object name Ratis:service=RaftServer,group=group-C81448EB3658,id=4ea882ca-b825-4296-8082-3f2409f5f6db
2019-07-13 19:23:08,425 INFO  impl.RoleInfo (RoleInfo.java:shutdownLeaderState(104)) - 4fe38d82-0098-41af-a355-833501dc5333: shutdown LeaderState
2019-07-13 19:23:08,425 INFO  impl.RoleInfo (RoleInfo.java:shutdownLeaderState(104)) - 4ea882ca-b825-4296-8082-3f2409f5f6db: shutdown LeaderState
2019-07-13 19:23:08,425 INFO  impl.PendingRequests (PendingRequests.java:sendNotLeaderResponses(202)) - 4fe38d82-0098-41af-a355-833501dc5333-PendingRequests: sendNotLeaderResponses
2019-07-13 19:23:08,429 WARN  server.GrpcLogAppender (GrpcLogAppender.java:mayWait(143)) - GrpcLogAppender(4ea882ca-b825-4296-8082-3f2409f5f6db->53fdef79-a21b-4ea1-a273-496996ac2873): Wait interrupted by java.lang.InterruptedException
2019-07-13 19:23:08,429 INFO  impl.PendingRequests (PendingRequests.java:sendNotLeaderResponses(202)) - 4ea882ca-b825-4296-8082-3f2409f5f6db-PendingRequests: sendNotLeaderResponses
2019-07-13 19:23:08,429 WARN  server.GrpcLogAppender (GrpcLogAppender.java:mayWait(143)) - GrpcLogAppender(4ea882ca-b825-4296-8082-3f2409f5f6db->61924693-d283-4f9d-bc33-1ba4a640d0c5): Wait interrupted by java.lang.InterruptedException
2019-07-13 19:23:08,430 INFO  ratis.ContainerStateMachine (ContainerStateMachine.java:takeSnapshot(246)) - Taking snapshot at termIndex:(t:0, i:~)
2019-07-13 19:23:08,430 INFO  impl.StateMachineUpdater (StateMachineUpdater.java:stopAndJoin(115)) - StateMachineUpdater:4ea882ca-b825-4296-8082-3f2409f5f6db:group-C81448EB3658: set stopIndex = 0
2019-07-13 19:23:08,431 INFO  impl.RaftServerImpl (ServerState.java:close(394)) - 4ea882ca-b825-4296-8082-3f2409f5f6db:group-C81448EB3658 closes. The last applied log index is 0
2019-07-13 19:23:08,430 INFO  ratis.ContainerStateMachine (ContainerStateMachine.java:takeSnapshot(246)) - Taking snapshot at termIndex:(t:0, i:~)
2019-07-13 19:23:08,429 INFO  impl.StateMachineUpdater (StateMachineUpdater.java:stopAndJoin(115)) - StateMachineUpdater:4fe38d82-0098-41af-a355-833501dc5333:group-1842EAF3B1EE: set stopIndex = 0
2019-07-13 19:23:08,431 INFO  segmented.SegmentedRaftLogWorker (SegmentedRaftLogWorker.java:run(313)) - 4ea882ca-b825-4296-8082-3f2409f5f6db-SegmentedRaftLogWorker:Storage Directory /tmp/workdir/hadoop-ozone/integration-test/target/test-dir/MiniOzoneClusterImpl-3d6cd069-ff82-4110-982d-1189e8e75f72/datanode-5/data/ratis/14a22127-73e6-40a2-9736-c81448eb3658 was interrupted, exiting. There are 0 tasks remaining in the queue.
2019-07-13 19:23:08,432 INFO  impl.RaftServerImpl (ServerState.java:close(394)) - 4fe38d82-0098-41af-a355-833501dc5333:group-1842EAF3B1EE closes. The last applied log index is 0
2019-07-13 19:23:08,433 INFO  segmented.SegmentedRaftLogWorker (SegmentedRaftLogWorker.java:close(228)) - 4ea882ca-b825-4296-8082-3f2409f5f6db-SegmentedRaftLogWorker:Storage Directory /tmp/workdir/hadoop-ozone/integration-test/target/test-dir/MiniOzoneClusterImpl-3d6cd069-ff82-4110-982d-1189e8e75f72/datanode-5/data/ratis/14a22127-73e6-40a2-9736-c81448eb3658 close()
2019-07-13 19:23:08,434 INFO  segmented.SegmentedRaftLogWorker (SegmentedRaftLogWorker.java:run(313)) - 4fe38d82-0098-41af-a355-833501dc5333-SegmentedRaftLogWorker:Storage Directory /tmp/workdir/hadoop-ozone/integration-test/target/test-dir/MiniOzoneClusterImpl-3d6cd069-ff82-4110-982d-1189e8e75f72/datanode-6/data/ratis/761de2e3-c3ee-4d3f-af0a-1842eaf3b1ee was interrupted, exiting. There are 0 tasks remaining in the queue.
2019-07-13 19:23:08,436 INFO  impl.RaftServerImpl (RaftServerImpl.java:lambda$shutdown$3(245)) - 4ea882ca-b825-4296-8082-3f2409f5f6db: shutdown group-331A39D2C098
2019-07-13 19:23:08,438 INFO  segmented.SegmentedRaftLogWorker (SegmentedRaftLogWorker.java:close(228)) - 4fe38d82-0098-41af-a355-833501dc5333-SegmentedRaftLogWorker:Storage Directory /tmp/workdir/hadoop-ozone/integration-test/target/test-dir/MiniOzoneClusterImpl-3d6cd069-ff82-4110-982d-1189e8e75f72/datanode-6/data/ratis/761de2e3-c3ee-4d3f-af0a-1842eaf3b1ee close()
2019-07-13 19:23:08,438 INFO  util.JmxRegister (JmxRegister.java:unregister(73)) - Successfully un-registered JMX Bean with object name Ratis:service=RaftServer,group=group-331A39D2C098,id=4ea882ca-b825-4296-8082-3f2409f5f6db
2019-07-13 19:23:08,445 INFO  server.GrpcService (GrpcService.java:closeImpl(155)) - 4fe38d82-0098-41af-a355-833501dc5333: shutdown server with port 37704 now
2019-07-13 19:23:08,445 INFO  impl.RoleInfo (RoleInfo.java:shutdownLeaderState(104)) - 4ea882ca-b825-4296-8082-3f2409f5f6db: shutdown LeaderState
2019-07-13 19:23:08,446 INFO  server.GrpcService (GrpcService.java:closeImpl(163)) - 4fe38d82-0098-41af-a355-833501dc5333: shutdown server with port 37704 successfully
2019-07-13 19:23:08,446 INFO  impl.PendingRequests (PendingRequests.java:sendNotLeaderResponses(202)) - 4ea882ca-b825-4296-8082-3f2409f5f6db-PendingRequests: sendNotLeaderResponses
2019-07-13 19:23:08,447 INFO  impl.StateMachineUpdater (StateMachineUpdater.java:stopAndJoin(115)) - StateMachineUpdater:4ea882ca-b825-4296-8082-3f2409f5f6db:group-331A39D2C098: set stopIndex = 0
2019-07-13 19:23:08,447 INFO  utils.BackgroundService (BackgroundService.java:shutdown(148)) - Shutting down service BlockDeletingService
2019-07-13 19:23:08,447 INFO  ratis.ContainerStateMachine (ContainerStateMachine.java:takeSnapshot(246)) - Taking snapshot at termIndex:(t:0, i:~)
2019-07-13 19:23:08,449 INFO  impl.RaftServerImpl (ServerState.java:close(394)) - 4ea882ca-b825-4296-8082-3f2409f5f6db:group-331A39D2C098 closes. The last applied log index is 0
2019-07-13 19:23:08,449 WARN  fs.CachingGetSpaceUsed (CachingGetSpaceUsed.java:run(183)) - Thread Interrupted waiting to refresh disk information: sleep interrupted
2019-07-13 19:23:08,449 INFO  segmented.SegmentedRaftLogWorker (SegmentedRaftLogWorker.java:run(313)) - 4ea882ca-b825-4296-8082-3f2409f5f6db-SegmentedRaftLogWorker:Storage Directory /tmp/workdir/hadoop-ozone/integration-test/target/test-dir/MiniOzoneClusterImpl-3d6cd069-ff82-4110-982d-1189e8e75f72/datanode-5/data/ratis/9eee443d-0adb-4dc7-9687-331a39d2c098 was interrupted, exiting. There are 0 tasks remaining in the queue.
2019-07-13 19:23:08,450 INFO  segmented.SegmentedRaftLogWorker (SegmentedRaftLogWorker.java:close(228)) - 4ea882ca-b825-4296-8082-3f2409f5f6db-SegmentedRaftLogWorker:Storage Directory /tmp/workdir/hadoop-ozone/integration-test/target/test-dir/MiniOzoneClusterImpl-3d6cd069-ff82-4110-982d-1189e8e75f72/datanode-5/data/ratis/9eee443d-0adb-4dc7-9687-331a39d2c098 close()
2019-07-13 19:23:08,451 INFO  server.GrpcService (GrpcService.java:closeImpl(155)) - 4ea882ca-b825-4296-8082-3f2409f5f6db: shutdown server with port 42857 now
2019-07-13 19:23:08,452 INFO  server.GrpcService (GrpcService.java:closeImpl(163)) - 4ea882ca-b825-4296-8082-3f2409f5f6db: shutdown server with port 42857 successfully
2019-07-13 19:23:08,453 INFO  utils.BackgroundService (BackgroundService.java:shutdown(148)) - Shutting down service BlockDeletingService
2019-07-13 19:23:08,455 WARN  fs.CachingGetSpaceUsed (CachingGetSpaceUsed.java:run(183)) - Thread Interrupted waiting to refresh disk information: sleep interrupted
2019-07-13 19:23:08,471 INFO  statemachine.DatanodeStateMachine (DatanodeStateMachine.java:stopDaemon(395)) - Ozone container server stopped.
2019-07-13 19:23:08,472 INFO  handler.ContextHandler (ContextHandler.java:doStop(910)) - Stopped o.e.j.w.WebAppContext@44eda25b{/,null,UNAVAILABLE}{/hddsDatanode}
2019-07-13 19:23:08,476 INFO  server.AbstractConnector (AbstractConnector.java:doStop(318)) - Stopped ServerConnector@5e3a577a{HTTP/1.1,[http/1.1]}{0.0.0.0:0}
2019-07-13 19:23:08,476 INFO  statemachine.DatanodeStateMachine (DatanodeStateMachine.java:stopDaemon(395)) - Ozone container server stopped.
2019-07-13 19:23:08,477 INFO  handler.ContextHandler (ContextHandler.java:doStop(910)) - Stopped o.e.j.s.ServletContextHandler@1912ba29{/static,jar:file:/home/user/.m2/repository/org/apache/hadoop/hadoop-hdds-container-service/0.5.0-SNAPSHOT/hadoop-hdds-container-service-0.5.0-SNAPSHOT.jar!/webapps/static,UNAVAILABLE}
2019-07-13 19:23:08,479 INFO  handler.ContextHandler (ContextHandler.java:doStop(910)) - Stopped o.e.j.s.ServletContextHandler@381ed137{/logs,file:///tmp/workdir/hadoop-ozone/integration-test/target/log,UNAVAILABLE}
2019-07-13 19:23:08,480 INFO  handler.ContextHandler (ContextHandler.java:doStop(910)) - Stopped o.e.j.w.WebAppContext@8c54f48{/,null,UNAVAILABLE}{/hddsDatanode}
2019-07-13 19:23:08,481 INFO  server.AbstractConnector (AbstractConnector.java:doStop(318)) - Stopped ServerConnector@119f02d2{HTTP/1.1,[http/1.1]}{0.0.0.0:0}
2019-07-13 19:23:08,482 INFO  handler.ContextHandler (ContextHandler.java:doStop(910)) - Stopped o.e.j.s.ServletContextHandler@65145fb7{/static,jar:file:/home/user/.m2/repository/org/apache/hadoop/hadoop-hdds-container-service/0.5.0-SNAPSHOT/hadoop-hdds-container-service-0.5.0-SNAPSHOT.jar!/webapps/static,UNAVAILABLE}
2019-07-13 19:23:08,483 INFO  handler.ContextHandler (ContextHandler.java:doStop(910)) - Stopped o.e.j.s.ServletContextHandler@27f6854b{/logs,file:///tmp/workdir/hadoop-ozone/integration-test/target/log,UNAVAILABLE}
2019-07-13 19:23:08,484 INFO  ozone.MiniOzoneClusterImpl (MiniOzoneClusterImpl.java:stop(353)) - Stopping the StorageContainerManager
2019-07-13 19:23:08,484 INFO  server.StorageContainerManager (StorageContainerManager.java:stop(796)) - Stopping Replication Manager Service.
2019-07-13 19:23:08,484 INFO  container.ReplicationManager (ReplicationManager.java:stop(187)) - Stopping Replication Monitor Thread.
2019-07-13 19:23:08,485 INFO  server.StorageContainerManager (StorageContainerManager.java:stop(803)) - Stopping Lease Manager of the command watchers
2019-07-13 19:23:08,485 INFO  server.StorageContainerManager (StorageContainerManager.java:stop(810)) - Stopping datanode service RPC server
2019-07-13 19:23:08,485 INFO  server.SCMDatanodeProtocolServer (SCMDatanodeProtocolServer.java:stop(375)) - Stopping the RPC server for DataNodes
2019-07-13 19:23:08,485 INFO  ipc.Server (Server.java:stop(3082)) - Stopping server on 34024
2019-07-13 19:23:08,487 INFO  ipc.Server (Server.java:run(1185)) - Stopping IPC Server listener on 34024
2019-07-13 19:23:08,488 INFO  ipc.Server (Server.java:run(1319)) - Stopping IPC Server Responder
2019-07-13 19:23:08,524 WARN  node.NodeStateManager (NodeStateManager.java:scheduleNextHealthCheck(631)) - Current Thread is interrupted, shutting down HB processing thread for Node Manager.
2019-07-13 19:23:08,524 INFO  server.StorageContainerManager (StorageContainerManager.java:stop(818)) - Stopping block service RPC server
2019-07-13 19:23:08,524 INFO  server.SCMBlockProtocolServer (SCMBlockProtocolServer.java:stop(148)) - Stopping the RPC server for Block Protocol
2019-07-13 19:23:08,524 INFO  ipc.Server (Server.java:stop(3082)) - Stopping server on 46826
2019-07-13 19:23:08,526 INFO  ipc.Server (Server.java:run(1185)) - Stopping IPC Server listener on 46826
2019-07-13 19:23:08,527 INFO  server.StorageContainerManager (StorageContainerManager.java:stop(825)) - Stopping the StorageContainerLocationProtocol RPC server
2019-07-13 19:23:08,527 INFO  server.SCMClientProtocolServer (SCMClientProtocolServer.java:stop(157)) - Stopping the RPC server for Client Protocol
2019-07-13 19:23:08,527 INFO  ipc.Server (Server.java:stop(3082)) - Stopping server on 45494
2019-07-13 19:23:08,527 INFO  ipc.Server (Server.java:run(1319)) - Stopping IPC Server Responder
2019-07-13 19:23:08,529 INFO  ipc.Server (Server.java:run(1185)) - Stopping IPC Server listener on 45494
2019-07-13 19:23:08,529 INFO  server.StorageContainerManager (StorageContainerManager.java:stop(832)) - Stopping Storage Container Manager HTTP server.
2019-07-13 19:23:08,530 INFO  handler.ContextHandler (ContextHandler.java:doStop(910)) - Stopped o.e.j.w.WebAppContext@2e1003d9{/,null,UNAVAILABLE}{/scm}
2019-07-13 19:23:08,530 INFO  ipc.Server (Server.java:run(1319)) - Stopping IPC Server Responder
2019-07-13 19:23:08,530 INFO  server.AbstractConnector (AbstractConnector.java:doStop(318)) - Stopped ServerConnector@4e9d1119{HTTP/1.1,[http/1.1]}{0.0.0.0:0}
2019-07-13 19:23:08,531 INFO  handler.ContextHandler (ContextHandler.java:doStop(910)) - Stopped o.e.j.s.ServletContextHandler@f4aec23{/static,file:///tmp/workdir/hadoop-ozone/integration-test/target/test-classes/webapps/static,UNAVAILABLE}
2019-07-13 19:23:08,531 INFO  handler.ContextHandler (ContextHandler.java:doStop(910)) - Stopped o.e.j.s.ServletContextHandler@16422f27{/logs,file:///tmp/workdir/hadoop-ozone/integration-test/target/log,UNAVAILABLE}
2019-07-13 19:23:08,532 INFO  server.StorageContainerManager (StorageContainerManager.java:stop(843)) - Stopping Block Manager Service.
2019-07-13 19:23:08,533 INFO  utils.BackgroundService (BackgroundService.java:shutdown(148)) - Shutting down service SCMBlockDeletingService
2019-07-13 19:23:08,533 INFO  utils.BackgroundService (BackgroundService.java:shutdown(148)) - Shutting down service SCMBlockDeletingService
2019-07-13 19:23:08,533 INFO  server.StorageContainerManager (StorageContainerManager.java:stop(865)) - Stopping SCM Event Queue.
2019-07-13 19:23:08,549 INFO  impl.MetricsSystemImpl (MetricsSystemImpl.java:stop(210)) - Stopping HddsDatanode metrics system...
2019-07-13 19:23:08,559 INFO  impl.MetricsSystemImpl (MetricsSystemImpl.java:stop(216)) - HddsDatanode metrics system stopped.
]]></system-out>
    <system-err><![CDATA[Jul 13, 2019 7:22:36 PM com.sun.jersey.server.impl.application.WebApplicationImpl _initiate
INFO: Initiating Jersey application, version 'Jersey: 1.19 02/11/2015 03:25 AM'
Jul 13, 2019 7:22:36 PM com.sun.jersey.server.impl.application.WebApplicationImpl _initiate
INFO: Initiating Jersey application, version 'Jersey: 1.19 02/11/2015 03:25 AM'
Jul 13, 2019 7:22:36 PM com.sun.jersey.server.impl.application.WebApplicationImpl _initiate
INFO: Initiating Jersey application, version 'Jersey: 1.19 02/11/2015 03:25 AM'
Jul 13, 2019 7:22:36 PM com.sun.jersey.server.impl.application.WebApplicationImpl _initiate
INFO: Initiating Jersey application, version 'Jersey: 1.19 02/11/2015 03:25 AM'
Jul 13, 2019 7:22:37 PM com.sun.jersey.server.impl.application.WebApplicationImpl _initiate
INFO: Initiating Jersey application, version 'Jersey: 1.19 02/11/2015 03:25 AM'
Jul 13, 2019 7:22:37 PM com.sun.jersey.server.impl.application.WebApplicationImpl _initiate
INFO: Initiating Jersey application, version 'Jersey: 1.19 02/11/2015 03:25 AM'
Jul 13, 2019 7:22:37 PM com.sun.jersey.server.impl.application.WebApplicationImpl _initiate
INFO: Initiating Jersey application, version 'Jersey: 1.19 02/11/2015 03:25 AM'
Jul 13, 2019 7:22:40 PM org.apache.ratis.thirdparty.io.grpc.internal.ManagedChannelOrphanWrapper$ManagedChannelReference cleanQueue
SEVERE: *~*~*~ Channel ManagedChannelImpl{logId=2589, target=192.168.69.122:44062} was not shutdown properly!!! ~*~*~*
    Make sure to call shutdown()/shutdownNow() and wait until awaitTermination() returns true.
java.lang.RuntimeException: ManagedChannel allocation site
	at org.apache.ratis.thirdparty.io.grpc.internal.ManagedChannelOrphanWrapper$ManagedChannelReference.<init>(ManagedChannelOrphanWrapper.java:103)
	at org.apache.ratis.thirdparty.io.grpc.internal.ManagedChannelOrphanWrapper.<init>(ManagedChannelOrphanWrapper.java:53)
	at org.apache.ratis.thirdparty.io.grpc.internal.ManagedChannelOrphanWrapper.<init>(ManagedChannelOrphanWrapper.java:44)
	at org.apache.ratis.thirdparty.io.grpc.internal.AbstractManagedChannelImplBuilder.build(AbstractManagedChannelImplBuilder.java:411)
	at org.apache.ratis.grpc.client.GrpcClientProtocolClient.<init>(GrpcClientProtocolClient.java:119)
	at org.apache.ratis.grpc.client.GrpcClientRpc.lambda$new$0(GrpcClientRpc.java:55)
	at org.apache.ratis.util.PeerProxyMap$PeerAndProxy.lambda$getProxy$0(PeerProxyMap.java:61)
	at org.apache.ratis.util.LifeCycle.startAndTransition(LifeCycle.java:202)
	at org.apache.ratis.util.PeerProxyMap$PeerAndProxy.getProxy(PeerProxyMap.java:60)
	at org.apache.ratis.util.PeerProxyMap.getProxy(PeerProxyMap.java:107)
	at org.apache.ratis.grpc.client.GrpcClientRpc.sendRequestAsync(GrpcClientRpc.java:66)
	at org.apache.ratis.client.impl.OrderedAsync.sendRequest(OrderedAsync.java:208)
	at org.apache.ratis.client.impl.OrderedAsync.sendRequestWithRetry(OrderedAsync.java:169)
	at org.apache.ratis.util.SlidingWindow$Client.sendOrDelayRequest(SlidingWindow.java:278)
	at org.apache.ratis.util.SlidingWindow$Client.submitNewRequest(SlidingWindow.java:257)
	at org.apache.ratis.client.impl.OrderedAsync.send(OrderedAsync.java:155)
	at org.apache.ratis.client.impl.RaftClientImpl.sendAsync(RaftClientImpl.java:145)
	at org.apache.ratis.client.impl.RaftClientImpl.sendAsync(RaftClientImpl.java:125)
	at org.apache.hadoop.hdds.scm.XceiverClientRatis.sendRequestAsync(XceiverClientRatis.java:224)
	at org.apache.hadoop.hdds.scm.XceiverClientRatis.sendCommandAsync(XceiverClientRatis.java:302)
	at org.apache.hadoop.hdds.scm.storage.ContainerProtocolCalls.writeChunkAsync(ContainerProtocolCalls.java:310)
	at org.apache.hadoop.hdds.scm.storage.BlockOutputStream.writeChunkToContainer(BlockOutputStream.java:610)
	at org.apache.hadoop.hdds.scm.storage.BlockOutputStream.writeChunk(BlockOutputStream.java:467)
	at org.apache.hadoop.hdds.scm.storage.BlockOutputStream.writeOnRetry(BlockOutputStream.java:293)
	at org.apache.hadoop.ozone.client.io.BlockOutputStreamEntry.writeOnRetry(BlockOutputStreamEntry.java:200)
	at org.apache.hadoop.ozone.client.io.KeyOutputStream.handleWrite(KeyOutputStream.java:209)
	at org.apache.hadoop.ozone.client.io.KeyOutputStream.handleRetry(KeyOutputStream.java:376)
	at org.apache.hadoop.ozone.client.io.KeyOutputStream.handleException(KeyOutputStream.java:325)
	at org.apache.hadoop.ozone.client.io.KeyOutputStream.handleFlushOrClose(KeyOutputStream.java:448)
	at org.apache.hadoop.ozone.client.io.KeyOutputStream.handleWrite(KeyOutputStream.java:235)
	at org.apache.hadoop.ozone.client.io.KeyOutputStream.write(KeyOutputStream.java:193)
	at org.apache.hadoop.ozone.client.io.OzoneOutputStream.write(OzoneOutputStream.java:49)
	at java.io.OutputStream.write(OutputStream.java:75)
	at org.apache.hadoop.ozone.client.rpc.TestBlockOutputStreamWithFailures.testWatchForCommitWithSingleNodeRatis(TestBlockOutputStreamWithFailures.java:881)
	at sun.reflect.NativeMethodAccessorImpl.invoke0(Native Method)
	at sun.reflect.NativeMethodAccessorImpl.invoke(NativeMethodAccessorImpl.java:62)
	at sun.reflect.DelegatingMethodAccessorImpl.invoke(DelegatingMethodAccessorImpl.java:43)
	at java.lang.reflect.Method.invoke(Method.java:498)
	at org.junit.runners.model.FrameworkMethod$1.runReflectiveCall(FrameworkMethod.java:47)
	at org.junit.internal.runners.model.ReflectiveCallable.run(ReflectiveCallable.java:12)
	at org.junit.runners.model.FrameworkMethod.invokeExplosively(FrameworkMethod.java:44)
	at org.junit.internal.runners.statements.InvokeMethod.evaluate(InvokeMethod.java:17)
	at org.junit.internal.runners.statements.RunBefores.evaluate(RunBefores.java:26)
	at org.junit.internal.runners.statements.RunAfters.evaluate(RunAfters.java:27)
	at org.junit.runners.ParentRunner.runLeaf(ParentRunner.java:271)
	at org.junit.runners.BlockJUnit4ClassRunner.runChild(BlockJUnit4ClassRunner.java:70)
	at org.junit.runners.BlockJUnit4ClassRunner.runChild(BlockJUnit4ClassRunner.java:50)
	at org.junit.runners.ParentRunner$3.run(ParentRunner.java:238)
	at org.junit.runners.ParentRunner$1.schedule(ParentRunner.java:63)
	at org.junit.runners.ParentRunner.runChildren(ParentRunner.java:236)
	at org.junit.runners.ParentRunner.access$000(ParentRunner.java:53)
	at org.junit.runners.ParentRunner$2.evaluate(ParentRunner.java:229)
	at org.junit.runners.ParentRunner.run(ParentRunner.java:309)
	at org.apache.maven.surefire.junit4.JUnit4Provider.execute(JUnit4Provider.java:365)
	at org.apache.maven.surefire.junit4.JUnit4Provider.executeWithRerun(JUnit4Provider.java:273)
	at org.apache.maven.surefire.junit4.JUnit4Provider.executeTestSet(JUnit4Provider.java:238)
	at org.apache.maven.surefire.junit4.JUnit4Provider.invoke(JUnit4Provider.java:159)
	at org.apache.maven.surefire.booter.ForkedBooter.invokeProviderInSameClassLoader(ForkedBooter.java:384)
	at org.apache.maven.surefire.booter.ForkedBooter.runSuitesInProcess(ForkedBooter.java:345)
	at org.apache.maven.surefire.booter.ForkedBooter.execute(ForkedBooter.java:126)
	at org.apache.maven.surefire.booter.ForkedBooter.main(ForkedBooter.java:418)

Jul 13, 2019 7:22:40 PM org.apache.ratis.thirdparty.io.grpc.internal.ManagedChannelOrphanWrapper$ManagedChannelReference cleanQueue
SEVERE: *~*~*~ Channel ManagedChannelImpl{logId=2584, target=192.168.69.122:44671} was not shutdown properly!!! ~*~*~*
    Make sure to call shutdown()/shutdownNow() and wait until awaitTermination() returns true.
java.lang.RuntimeException: ManagedChannel allocation site
	at org.apache.ratis.thirdparty.io.grpc.internal.ManagedChannelOrphanWrapper$ManagedChannelReference.<init>(ManagedChannelOrphanWrapper.java:103)
	at org.apache.ratis.thirdparty.io.grpc.internal.ManagedChannelOrphanWrapper.<init>(ManagedChannelOrphanWrapper.java:53)
	at org.apache.ratis.thirdparty.io.grpc.internal.ManagedChannelOrphanWrapper.<init>(ManagedChannelOrphanWrapper.java:44)
	at org.apache.ratis.thirdparty.io.grpc.internal.AbstractManagedChannelImplBuilder.build(AbstractManagedChannelImplBuilder.java:411)
	at org.apache.ratis.grpc.client.GrpcClientProtocolClient.<init>(GrpcClientProtocolClient.java:119)
	at org.apache.ratis.grpc.client.GrpcClientRpc.lambda$new$0(GrpcClientRpc.java:55)
	at org.apache.ratis.util.PeerProxyMap$PeerAndProxy.lambda$getProxy$0(PeerProxyMap.java:61)
	at org.apache.ratis.util.LifeCycle.startAndTransition(LifeCycle.java:202)
	at org.apache.ratis.util.PeerProxyMap$PeerAndProxy.getProxy(PeerProxyMap.java:60)
	at org.apache.ratis.util.PeerProxyMap.getProxy(PeerProxyMap.java:107)
	at org.apache.ratis.grpc.client.GrpcClientRpc.sendRequestAsync(GrpcClientRpc.java:66)
	at org.apache.ratis.client.impl.OrderedAsync.sendRequest(OrderedAsync.java:208)
	at org.apache.ratis.client.impl.OrderedAsync.sendRequestWithRetry(OrderedAsync.java:169)
	at org.apache.ratis.util.SlidingWindow$Client.sendOrDelayRequest(SlidingWindow.java:278)
	at org.apache.ratis.util.SlidingWindow$Client.retry(SlidingWindow.java:294)
	at org.apache.ratis.client.impl.OrderedAsync.lambda$scheduleWithTimeout$7(OrderedAsync.java:195)
	at org.apache.ratis.util.TimeoutScheduler.lambda$onTimeout$0(TimeoutScheduler.java:85)
	at org.apache.ratis.util.TimeoutScheduler.lambda$onTimeout$1(TimeoutScheduler.java:104)
	at org.apache.ratis.util.LogUtils.runAndLog(LogUtils.java:50)
	at org.apache.ratis.util.LogUtils$1.run(LogUtils.java:91)
	at java.util.concurrent.Executors$RunnableAdapter.call(Executors.java:511)
	at java.util.concurrent.FutureTask.run(FutureTask.java:266)
	at java.util.concurrent.ScheduledThreadPoolExecutor$ScheduledFutureTask.access$201(ScheduledThreadPoolExecutor.java:180)
	at java.util.concurrent.ScheduledThreadPoolExecutor$ScheduledFutureTask.run(ScheduledThreadPoolExecutor.java:293)
	at java.util.concurrent.ThreadPoolExecutor.runWorker(ThreadPoolExecutor.java:1149)
	at java.util.concurrent.ThreadPoolExecutor$Worker.run(ThreadPoolExecutor.java:624)
	at java.lang.Thread.run(Thread.java:748)

]]></system-err>
  </testcase>
  <testcase name="testFailureWithPrimeSizedData" classname="org.apache.hadoop.ozone.client.rpc.TestBlockOutputStreamWithFailures" time="33.885">
    <error type="java.lang.IllegalArgumentException">java.lang.IllegalArgumentException
	at com.google.common.base.Preconditions.checkArgument(Preconditions.java:72)
	at org.apache.hadoop.hdds.scm.XceiverClientManager.acquireClient(XceiverClientManager.java:150)
	at org.apache.hadoop.hdds.scm.XceiverClientManager.acquireClientForReadData(XceiverClientManager.java:143)
	at org.apache.hadoop.hdds.scm.storage.BlockInputStream.getChunkInfos(BlockInputStream.java:154)
	at org.apache.hadoop.hdds.scm.storage.BlockInputStream.initialize(BlockInputStream.java:118)
	at org.apache.hadoop.hdds.scm.storage.BlockInputStream.read(BlockInputStream.java:222)
	at org.apache.hadoop.ozone.client.io.KeyInputStream.read(KeyInputStream.java:171)
	at org.apache.hadoop.ozone.client.io.OzoneInputStream.read(OzoneInputStream.java:47)
	at java.io.InputStream.read(InputStream.java:101)
	at org.apache.hadoop.ozone.container.ContainerTestHelper.validateData(ContainerTestHelper.java:709)
	at org.apache.hadoop.ozone.client.rpc.TestBlockOutputStreamWithFailures.validateData(TestBlockOutputStreamWithFailures.java:1212)
	at org.apache.hadoop.ozone.client.rpc.TestBlockOutputStreamWithFailures.testFailureWithPrimeSizedData(TestBlockOutputStreamWithFailures.java:658)
	at sun.reflect.NativeMethodAccessorImpl.invoke0(Native Method)
	at sun.reflect.NativeMethodAccessorImpl.invoke(NativeMethodAccessorImpl.java:62)
	at sun.reflect.DelegatingMethodAccessorImpl.invoke(DelegatingMethodAccessorImpl.java:43)
	at java.lang.reflect.Method.invoke(Method.java:498)
	at org.junit.runners.model.FrameworkMethod$1.runReflectiveCall(FrameworkMethod.java:47)
	at org.junit.internal.runners.model.ReflectiveCallable.run(ReflectiveCallable.java:12)
	at org.junit.runners.model.FrameworkMethod.invokeExplosively(FrameworkMethod.java:44)
	at org.junit.internal.runners.statements.InvokeMethod.evaluate(InvokeMethod.java:17)
	at org.junit.internal.runners.statements.RunBefores.evaluate(RunBefores.java:26)
	at org.junit.internal.runners.statements.RunAfters.evaluate(RunAfters.java:27)
	at org.junit.runners.ParentRunner.runLeaf(ParentRunner.java:271)
	at org.junit.runners.BlockJUnit4ClassRunner.runChild(BlockJUnit4ClassRunner.java:70)
	at org.junit.runners.BlockJUnit4ClassRunner.runChild(BlockJUnit4ClassRunner.java:50)
	at org.junit.runners.ParentRunner$3.run(ParentRunner.java:238)
	at org.junit.runners.ParentRunner$1.schedule(ParentRunner.java:63)
	at org.junit.runners.ParentRunner.runChildren(ParentRunner.java:236)
	at org.junit.runners.ParentRunner.access$000(ParentRunner.java:53)
	at org.junit.runners.ParentRunner$2.evaluate(ParentRunner.java:229)
	at org.junit.runners.ParentRunner.run(ParentRunner.java:309)
	at org.apache.maven.surefire.junit4.JUnit4Provider.execute(JUnit4Provider.java:365)
	at org.apache.maven.surefire.junit4.JUnit4Provider.executeWithRerun(JUnit4Provider.java:273)
	at org.apache.maven.surefire.junit4.JUnit4Provider.executeTestSet(JUnit4Provider.java:238)
	at org.apache.maven.surefire.junit4.JUnit4Provider.invoke(JUnit4Provider.java:159)
	at org.apache.maven.surefire.booter.ForkedBooter.invokeProviderInSameClassLoader(ForkedBooter.java:384)
	at org.apache.maven.surefire.booter.ForkedBooter.runSuitesInProcess(ForkedBooter.java:345)
	at org.apache.maven.surefire.booter.ForkedBooter.execute(ForkedBooter.java:126)
	at org.apache.maven.surefire.booter.ForkedBooter.main(ForkedBooter.java:418)
</error>
    <system-out><![CDATA[2019-07-13 19:23:08,604 WARN  server.ServerUtils (ServerUtils.java:getScmDbDir(145)) - ozone.scm.db.dirs is not configured. We recommend adding this setting. Falling back to ozone.metadata.dirs instead.
2019-07-13 19:23:08,630 WARN  server.ServerUtils (ServerUtils.java:getScmDbDir(145)) - ozone.scm.db.dirs is not configured. We recommend adding this setting. Falling back to ozone.metadata.dirs instead.
2019-07-13 19:23:08,631 WARN  server.ServerUtils (ServerUtils.java:getScmDbDir(145)) - ozone.scm.db.dirs is not configured. We recommend adding this setting. Falling back to ozone.metadata.dirs instead.
2019-07-13 19:23:08,631 INFO  db.DBStoreBuilder (DBStoreBuilder.java:addTable(110)) - using custom profile for table: deletedBlocks
2019-07-13 19:23:08,632 INFO  db.DBStoreBuilder (DBStoreBuilder.java:processTables(161)) - Using default column profile:DBProfile.DISK for Table:deletedBlocks
2019-07-13 19:23:08,632 INFO  db.DBStoreBuilder (DBStoreBuilder.java:addTable(110)) - using custom profile for table: validCerts
2019-07-13 19:23:08,632 INFO  db.DBStoreBuilder (DBStoreBuilder.java:processTables(161)) - Using default column profile:DBProfile.DISK for Table:validCerts
2019-07-13 19:23:08,632 INFO  db.DBStoreBuilder (DBStoreBuilder.java:addTable(110)) - using custom profile for table: revokedCerts
2019-07-13 19:23:08,633 INFO  db.DBStoreBuilder (DBStoreBuilder.java:processTables(161)) - Using default column profile:DBProfile.DISK for Table:revokedCerts
2019-07-13 19:23:08,633 INFO  db.DBStoreBuilder (DBStoreBuilder.java:addTable(110)) - using custom profile for table: default
2019-07-13 19:23:08,633 INFO  db.DBStoreBuilder (DBStoreBuilder.java:processTables(167)) - Using default column profile:DBProfile.DISK for Table:default
2019-07-13 19:23:08,633 INFO  db.DBStoreBuilder (DBStoreBuilder.java:getDbProfile(198)) - Using default options. DBProfile.DISK
2019-07-13 19:23:08,783 INFO  net.NodeSchemaLoader (NodeSchemaLoader.java:loadSchemaFromFile(125)) - Loading file from sun.misc.CompoundEnumeration@6c6fdf5d
2019-07-13 19:23:08,784 INFO  net.NodeSchemaLoader (NodeSchemaLoader.java:loadSchema(171)) - Loading network topology layer schema file
2019-07-13 19:23:08,789 INFO  node.SCMNodeManager (SCMNodeManager.java:<init>(119)) - Entering startup safe mode.
2019-07-13 19:23:08,790 WARN  server.ServerUtils (ServerUtils.java:getScmDbDir(145)) - ozone.scm.db.dirs is not configured. We recommend adding this setting. Falling back to ozone.metadata.dirs instead.
2019-07-13 19:23:08,841 INFO  pipeline.SCMPipelineManager (SCMPipelineManager.java:initializePipelineState(126)) - No pipeline exists in current db
2019-07-13 19:23:08,841 WARN  server.ServerUtils (ServerUtils.java:getScmDbDir(145)) - ozone.scm.db.dirs is not configured. We recommend adding this setting. Falling back to ozone.metadata.dirs instead.
2019-07-13 19:23:08,893 WARN  events.EventQueue (EventQueue.java:fireEvent(175)) - No event handler registered for event TypedEvent{payloadType=SafeModeStatus, name='SafeModeStatus'}
2019-07-13 19:23:08,894 INFO  ipc.CallQueueManager (CallQueueManager.java:<init>(84)) - Using callQueue: class java.util.concurrent.LinkedBlockingQueue, queueCapacity: 2000, scheduler: class org.apache.hadoop.ipc.DefaultRpcScheduler, ipcBackoff: false.
2019-07-13 19:23:08,895 INFO  ipc.Server (Server.java:run(1074)) - Starting Socket Reader #1 for port 46335
2019-07-13 19:23:08,897 INFO  ipc.CallQueueManager (CallQueueManager.java:<init>(84)) - Using callQueue: class java.util.concurrent.LinkedBlockingQueue, queueCapacity: 2000, scheduler: class org.apache.hadoop.ipc.DefaultRpcScheduler, ipcBackoff: false.
2019-07-13 19:23:08,897 INFO  ipc.Server (Server.java:run(1074)) - Starting Socket Reader #1 for port 41725
2019-07-13 19:23:08,899 INFO  ipc.CallQueueManager (CallQueueManager.java:<init>(84)) - Using callQueue: class java.util.concurrent.LinkedBlockingQueue, queueCapacity: 2000, scheduler: class org.apache.hadoop.ipc.DefaultRpcScheduler, ipcBackoff: false.
2019-07-13 19:23:08,899 INFO  ipc.Server (Server.java:run(1074)) - Starting Socket Reader #1 for port 44417
2019-07-13 19:23:08,904 INFO  hdfs.DFSUtil (DFSUtil.java:httpServerTemplateForNNAndJN(1641)) - Starting Web-server for scm at: http://0.0.0.0:0
2019-07-13 19:23:08,908 INFO  server.AuthenticationFilter (AuthenticationFilter.java:constructSecretProvider(240)) - Unable to initialize FileSignerSecretProvider, falling back to use random secrets.
2019-07-13 19:23:08,909 WARN  http.HttpRequestLog (HttpRequestLog.java:getRequestLog(97)) - Jetty request log can only be enabled using Log4j
2019-07-13 19:23:08,911 INFO  http.HttpServer2 (HttpServer2.java:addGlobalFilter(975)) - Added global filter 'safety' (class=org.apache.hadoop.http.HttpServer2$QuotingInputFilter)
2019-07-13 19:23:08,912 INFO  http.HttpServer2 (HttpServer2.java:addFilter(948)) - Added filter static_user_filter (class=org.apache.hadoop.http.lib.StaticUserWebFilter$StaticUserFilter) to context scm
2019-07-13 19:23:08,912 INFO  http.HttpServer2 (HttpServer2.java:addFilter(958)) - Added filter static_user_filter (class=org.apache.hadoop.http.lib.StaticUserWebFilter$StaticUserFilter) to context logs
2019-07-13 19:23:08,912 INFO  http.HttpServer2 (HttpServer2.java:addFilter(958)) - Added filter static_user_filter (class=org.apache.hadoop.http.lib.StaticUserWebFilter$StaticUserFilter) to context static
2019-07-13 19:23:08,915 INFO  server.StorageContainerManager (StorageContainerManager.java:start(759)) - StorageContainerLocationProtocol RPC server is listening at /0.0.0.0:44417
2019-07-13 19:23:08,917 WARN  impl.MetricsConfig (MetricsConfig.java:loadFirst(134)) - Cannot locate configuration: tried hadoop-metrics2-storagecontainermanager.properties,hadoop-metrics2.properties
2019-07-13 19:23:08,918 INFO  impl.MetricsSystemImpl (MetricsSystemImpl.java:startTimer(374)) - Scheduled Metric snapshot period at 10 second(s).
2019-07-13 19:23:08,918 INFO  impl.MetricsSystemImpl (MetricsSystemImpl.java:start(191)) - StorageContainerManager metrics system started
2019-07-13 19:23:08,982 INFO  server.SCMClientProtocolServer (SCMClientProtocolServer.java:start(149)) - RPC server for Client  is listening at /0.0.0.0:44417
2019-07-13 19:23:08,982 INFO  ipc.Server (Server.java:run(1314)) - IPC Server Responder: starting
2019-07-13 19:23:08,983 INFO  ipc.Server (Server.java:run(1153)) - IPC Server listener on 44417: starting
2019-07-13 19:23:08,987 INFO  server.StorageContainerManager (StorageContainerManager.java:start(768)) - ScmBlockLocationProtocol RPC server is listening at /0.0.0.0:41725
2019-07-13 19:23:08,988 INFO  server.SCMBlockProtocolServer (SCMBlockProtocolServer.java:start(140)) - RPC server for Block Protocol is listening at /0.0.0.0:41725
2019-07-13 19:23:08,988 INFO  ipc.Server (Server.java:run(1314)) - IPC Server Responder: starting
2019-07-13 19:23:08,988 INFO  ipc.Server (Server.java:run(1153)) - IPC Server listener on 41725: starting
2019-07-13 19:23:08,993 INFO  server.StorageContainerManager (StorageContainerManager.java:start(772)) - ScmDatanodeProtocl RPC server is listening at /0.0.0.0:46335
2019-07-13 19:23:08,993 INFO  server.SCMDatanodeProtocolServer (SCMDatanodeProtocolServer.java:start(191)) - RPC server for DataNodes is listening at /0.0.0.0:46335
2019-07-13 19:23:08,993 INFO  ipc.Server (Server.java:run(1314)) - IPC Server Responder: starting
2019-07-13 19:23:08,993 INFO  ipc.Server (Server.java:run(1153)) - IPC Server listener on 46335: starting
2019-07-13 19:23:08,998 INFO  http.HttpServer2 (HttpServer2.java:bindListener(1191)) - Jetty bound to port 45467
2019-07-13 19:23:08,998 INFO  server.Server (Server.java:doStart(351)) - jetty-9.3.24.v20180605, build timestamp: 2018-06-05T17:11:56Z, git hash: 84205aa28f11a4f31f2a3b86d1bba2cc8ab69827
2019-07-13 19:23:09,000 INFO  handler.ContextHandler (ContextHandler.java:doStart(781)) - Started o.e.j.s.ServletContextHandler@76958827{/logs,file:///tmp/workdir/hadoop-ozone/integration-test/target/log,AVAILABLE}
2019-07-13 19:23:09,001 INFO  handler.ContextHandler (ContextHandler.java:doStart(781)) - Started o.e.j.s.ServletContextHandler@7225583d{/static,file:///tmp/workdir/hadoop-ozone/integration-test/target/test-classes/webapps/static,AVAILABLE}
2019-07-13 19:23:09,006 INFO  handler.ContextHandler (ContextHandler.java:doStart(781)) - Started o.e.j.w.WebAppContext@2ca8bd50{/,file:///tmp/workdir/hadoop-ozone/integration-test/target/test-classes/webapps/scm/,AVAILABLE}{/scm}
2019-07-13 19:23:09,006 INFO  server.AbstractConnector (AbstractConnector.java:doStart(278)) - Started ServerConnector@47db5b8f{HTTP/1.1,[http/1.1]}{0.0.0.0:45467}
2019-07-13 19:23:09,007 INFO  server.Server (Server.java:doStart(419)) - Started @563126ms
2019-07-13 19:23:09,008 INFO  server.BaseHttpServer (BaseHttpServer.java:updateConnectorAddress(207)) - HTTP server of SCM is listening at http://0.0.0.0:45467
2019-07-13 19:23:09,008 WARN  server.ServerUtils (ServerUtils.java:getDBPath(222)) - ozone.om.db.dirs is not configured. We recommend adding this setting. Falling back to ozone.metadata.dirs instead.
2019-07-13 19:23:09,010 INFO  util.JvmPauseMonitor (JvmPauseMonitor.java:run(188)) - Starting JVM pause monitor
2019-07-13 19:23:09,023 WARN  server.ServerUtils (ServerUtils.java:getDBPath(222)) - ozone.om.db.dirs is not configured. We recommend adding this setting. Falling back to ozone.metadata.dirs instead.
2019-07-13 19:23:09,024 INFO  om.OzoneManager (OzoneManager.java:setOMNodeDetails(630)) - OM Service ID is not set. Setting it to the default ID: omServiceIdDefault
2019-07-13 19:23:09,024 INFO  om.OzoneManager (OzoneManager.java:setOMNodeDetails(636)) - OM Node ID is not set. Setting it to the OmStorage's OmID: 8cfca892-0fa4-40eb-8915-7d32331f570c
2019-07-13 19:23:09,024 INFO  om.OzoneManager (OzoneManager.java:loadOMHAConfigs(587)) - Found matching OM address with OMServiceId: null, OMNodeId: null, RPC Address: localhost:0 and Ratis port: 9872
2019-07-13 19:23:09,031 WARN  server.ServerUtils (ServerUtils.java:getDBPath(222)) - ozone.om.db.dirs is not configured. We recommend adding this setting. Falling back to ozone.metadata.dirs instead.
2019-07-13 19:23:09,031 INFO  db.DBStoreBuilder (DBStoreBuilder.java:addTable(110)) - using custom profile for table: userTable
2019-07-13 19:23:09,031 INFO  db.DBStoreBuilder (DBStoreBuilder.java:processTables(161)) - Using default column profile:DBProfile.DISK for Table:userTable
2019-07-13 19:23:09,032 INFO  db.DBStoreBuilder (DBStoreBuilder.java:addTable(110)) - using custom profile for table: volumeTable
2019-07-13 19:23:09,032 INFO  db.DBStoreBuilder (DBStoreBuilder.java:processTables(161)) - Using default column profile:DBProfile.DISK for Table:volumeTable
2019-07-13 19:23:09,032 INFO  db.DBStoreBuilder (DBStoreBuilder.java:addTable(110)) - using custom profile for table: bucketTable
2019-07-13 19:23:09,032 INFO  db.DBStoreBuilder (DBStoreBuilder.java:processTables(161)) - Using default column profile:DBProfile.DISK for Table:bucketTable
2019-07-13 19:23:09,033 INFO  db.DBStoreBuilder (DBStoreBuilder.java:addTable(110)) - using custom profile for table: keyTable
2019-07-13 19:23:09,033 INFO  db.DBStoreBuilder (DBStoreBuilder.java:processTables(161)) - Using default column profile:DBProfile.DISK for Table:keyTable
2019-07-13 19:23:09,033 INFO  db.DBStoreBuilder (DBStoreBuilder.java:addTable(110)) - using custom profile for table: deletedTable
2019-07-13 19:23:09,033 INFO  db.DBStoreBuilder (DBStoreBuilder.java:processTables(161)) - Using default column profile:DBProfile.DISK for Table:deletedTable
2019-07-13 19:23:09,034 INFO  db.DBStoreBuilder (DBStoreBuilder.java:addTable(110)) - using custom profile for table: openKeyTable
2019-07-13 19:23:09,034 INFO  db.DBStoreBuilder (DBStoreBuilder.java:processTables(161)) - Using default column profile:DBProfile.DISK for Table:openKeyTable
2019-07-13 19:23:09,034 INFO  db.DBStoreBuilder (DBStoreBuilder.java:addTable(110)) - using custom profile for table: s3Table
2019-07-13 19:23:09,034 INFO  db.DBStoreBuilder (DBStoreBuilder.java:processTables(161)) - Using default column profile:DBProfile.DISK for Table:s3Table
2019-07-13 19:23:09,034 INFO  db.DBStoreBuilder (DBStoreBuilder.java:addTable(110)) - using custom profile for table: multipartInfoTable
2019-07-13 19:23:09,035 INFO  db.DBStoreBuilder (DBStoreBuilder.java:processTables(161)) - Using default column profile:DBProfile.DISK for Table:multipartInfoTable
2019-07-13 19:23:09,035 INFO  db.DBStoreBuilder (DBStoreBuilder.java:addTable(110)) - using custom profile for table: dTokenTable
2019-07-13 19:23:09,035 INFO  db.DBStoreBuilder (DBStoreBuilder.java:processTables(161)) - Using default column profile:DBProfile.DISK for Table:dTokenTable
2019-07-13 19:23:09,035 INFO  db.DBStoreBuilder (DBStoreBuilder.java:addTable(110)) - using custom profile for table: s3SecretTable
2019-07-13 19:23:09,035 INFO  db.DBStoreBuilder (DBStoreBuilder.java:processTables(161)) - Using default column profile:DBProfile.DISK for Table:s3SecretTable
2019-07-13 19:23:09,036 INFO  db.DBStoreBuilder (DBStoreBuilder.java:addTable(110)) - using custom profile for table: prefixTable
2019-07-13 19:23:09,036 INFO  db.DBStoreBuilder (DBStoreBuilder.java:processTables(161)) - Using default column profile:DBProfile.DISK for Table:prefixTable
2019-07-13 19:23:09,036 INFO  db.DBStoreBuilder (DBStoreBuilder.java:addTable(110)) - using custom profile for table: default
2019-07-13 19:23:09,036 INFO  db.DBStoreBuilder (DBStoreBuilder.java:processTables(167)) - Using default column profile:DBProfile.DISK for Table:default
2019-07-13 19:23:09,036 INFO  db.DBStoreBuilder (DBStoreBuilder.java:getDbProfile(198)) - Using default options. DBProfile.DISK
2019-07-13 19:23:09,582 INFO  ipc.CallQueueManager (CallQueueManager.java:<init>(84)) - Using callQueue: class java.util.concurrent.LinkedBlockingQueue, queueCapacity: 2000, scheduler: class org.apache.hadoop.ipc.DefaultRpcScheduler, ipcBackoff: false.
2019-07-13 19:23:09,583 INFO  ipc.Server (Server.java:run(1074)) - Starting Socket Reader #1 for port 42458
2019-07-13 19:23:09,599 WARN  server.ServerUtils (ServerUtils.java:getDBPath(222)) - ozone.om.db.dirs is not configured. We recommend adding this setting. Falling back to ozone.metadata.dirs instead.
2019-07-13 19:23:09,599 INFO  om.OzoneManager (OzoneManager.java:start(1228)) - OzoneManager RPC server is listening at localhost/127.0.0.1:42458
2019-07-13 19:23:09,599 INFO  impl.MetricsSystemImpl (MetricsSystemImpl.java:init(158)) - OzoneManager metrics system started (again)
2019-07-13 19:23:09,600 INFO  ipc.Server (Server.java:run(1153)) - IPC Server listener on 42458: starting
2019-07-13 19:23:09,600 INFO  ipc.Server (Server.java:run(1314)) - IPC Server Responder: starting
2019-07-13 19:23:09,609 INFO  hdfs.DFSUtil (DFSUtil.java:httpServerTemplateForNNAndJN(1641)) - Starting Web-server for ozoneManager at: http://0.0.0.0:0
2019-07-13 19:23:09,611 INFO  server.AuthenticationFilter (AuthenticationFilter.java:constructSecretProvider(240)) - Unable to initialize FileSignerSecretProvider, falling back to use random secrets.
2019-07-13 19:23:09,611 WARN  http.HttpRequestLog (HttpRequestLog.java:getRequestLog(97)) - Jetty request log can only be enabled using Log4j
2019-07-13 19:23:09,612 INFO  http.HttpServer2 (HttpServer2.java:addGlobalFilter(975)) - Added global filter 'safety' (class=org.apache.hadoop.http.HttpServer2$QuotingInputFilter)
2019-07-13 19:23:09,613 INFO  http.HttpServer2 (HttpServer2.java:addFilter(948)) - Added filter static_user_filter (class=org.apache.hadoop.http.lib.StaticUserWebFilter$StaticUserFilter) to context ozoneManager
2019-07-13 19:23:09,613 INFO  http.HttpServer2 (HttpServer2.java:addFilter(958)) - Added filter static_user_filter (class=org.apache.hadoop.http.lib.StaticUserWebFilter$StaticUserFilter) to context logs
2019-07-13 19:23:09,613 INFO  http.HttpServer2 (HttpServer2.java:addFilter(958)) - Added filter static_user_filter (class=org.apache.hadoop.http.lib.StaticUserWebFilter$StaticUserFilter) to context static
2019-07-13 19:23:09,614 INFO  http.HttpServer2 (HttpServer2.java:bindListener(1191)) - Jetty bound to port 34766
2019-07-13 19:23:09,614 INFO  server.Server (Server.java:doStart(351)) - jetty-9.3.24.v20180605, build timestamp: 2018-06-05T17:11:56Z, git hash: 84205aa28f11a4f31f2a3b86d1bba2cc8ab69827
2019-07-13 19:23:09,616 INFO  handler.ContextHandler (ContextHandler.java:doStart(781)) - Started o.e.j.s.ServletContextHandler@1dcfbad1{/logs,file:///tmp/workdir/hadoop-ozone/integration-test/target/log,AVAILABLE}
2019-07-13 19:23:09,616 INFO  handler.ContextHandler (ContextHandler.java:doStart(781)) - Started o.e.j.s.ServletContextHandler@12418d3f{/static,file:///tmp/workdir/hadoop-ozone/integration-test/target/test-classes/webapps/static,AVAILABLE}
2019-07-13 19:23:09,620 INFO  handler.ContextHandler (ContextHandler.java:doStart(781)) - Started o.e.j.w.WebAppContext@38f704f4{/,file:///tmp/workdir/hadoop-ozone/integration-test/target/test-classes/webapps/ozoneManager/,AVAILABLE}{/ozoneManager}
2019-07-13 19:23:09,620 INFO  server.AbstractConnector (AbstractConnector.java:doStart(278)) - Started ServerConnector@43f4621b{HTTP/1.1,[http/1.1]}{0.0.0.0:34766}
2019-07-13 19:23:09,620 INFO  server.Server (Server.java:doStart(419)) - Started @563739ms
2019-07-13 19:23:09,622 INFO  server.BaseHttpServer (BaseHttpServer.java:updateConnectorAddress(207)) - HTTP server of OZONEMANAGER is listening at http://0.0.0.0:34766
2019-07-13 19:23:09,635 INFO  impl.MetricsSystemImpl (MetricsSystemImpl.java:init(158)) - HddsDatanode metrics system started (again)
2019-07-13 19:23:09,635 INFO  ozone.HddsDatanodeService (HddsDatanodeService.java:start(185)) - HddsDatanodeService host:trunk-nightly-fxqsz-774976932 ip:192.168.69.122
2019-07-13 19:23:09,648 INFO  volume.HddsVolume (HddsVolume.java:<init>(176)) - Creating Volume: /tmp/workdir/hadoop-ozone/integration-test/target/test-dir/MiniOzoneClusterImpl-659b5396-75a0-48b6-93f6-4f91963722a5/datanode-0/data/containers/hdds of  storage type : DISK and capacity : 52710309888
2019-07-13 19:23:09,648 INFO  volume.VolumeSet (VolumeSet.java:initializeVolumeSet(170)) - Added Volume : /tmp/workdir/hadoop-ozone/integration-test/target/test-dir/MiniOzoneClusterImpl-659b5396-75a0-48b6-93f6-4f91963722a5/datanode-0/data/containers/hdds to VolumeSet
2019-07-13 19:23:09,648 INFO  volume.ThrottledAsyncChecker (ThrottledAsyncChecker.java:schedule(140)) - Scheduling a check for org.apache.hadoop.ozone.container.common.volume.HddsVolume@38950138
2019-07-13 19:23:09,649 INFO  volume.HddsVolumeChecker (HddsVolumeChecker.java:checkAllVolumes(203)) - Scheduled health check for volume org.apache.hadoop.ozone.container.common.volume.HddsVolume@38950138
2019-07-13 19:23:09,663 INFO  impl.RaftServerProxy (ConfUtils.java:logGet(43)) - raft.rpc.type = GRPC (default)
2019-07-13 19:23:09,663 INFO  grpc.GrpcFactory (GrpcFactory.java:checkPooledByteBufAllocatorUseCacheForAllThreads(45)) - PERFORMANCE WARNING: useCacheForAllThreads is true that may cause Netty to create a lot garbage objects and, as a result, trigger GC.
	It is recommended to disable useCacheForAllThreads by setting -Dorg.apache.ratis.thirdparty.io.netty.allocator.useCacheForAllThreads=false in command line.
2019-07-13 19:23:09,663 INFO  grpc.GrpcConfigKeys$Server (ConfUtils.java:logGet(43)) - raft.grpc.server.port = 0 (default)
2019-07-13 19:23:09,664 INFO  server.GrpcService (ConfUtils.java:logGet(43)) - raft.grpc.message.size.max = 33570816 (custom)
2019-07-13 19:23:09,664 INFO  server.RaftServerConfigKeys (ConfUtils.java:logGet(43)) - raft.server.log.appender.buffer.byte-limit = 33554432 (custom)
2019-07-13 19:23:09,664 INFO  server.GrpcService (ConfUtils.java:logGet(43)) - raft.grpc.flow.control.window = 1MB (=1048576) (default)
2019-07-13 19:23:09,664 INFO  server.RaftServerConfigKeys (ConfUtils.java:logGet(43)) - raft.server.rpc.request.timeout = 3000ms (default)
2019-07-13 19:23:09,665 INFO  server.RaftServerConfigKeys (ConfUtils.java:logGet(43)) - raft.server.storage.dir = [/tmp/workdir/hadoop-ozone/integration-test/target/test-dir/MiniOzoneClusterImpl-659b5396-75a0-48b6-93f6-4f91963722a5/datanode-0/data/ratis] (custom)
2019-07-13 19:23:09,665 INFO  replication.SimpleContainerDownloader (SimpleContainerDownloader.java:<init>(72)) - Starting container downloader service to copy containers to replicate.
2019-07-13 19:23:09,666 INFO  hdfs.DFSUtil (DFSUtil.java:httpServerTemplateForNNAndJN(1641)) - Starting Web-server for hddsDatanode at: http://0.0.0.0:0
2019-07-13 19:23:09,667 INFO  server.AuthenticationFilter (AuthenticationFilter.java:constructSecretProvider(240)) - Unable to initialize FileSignerSecretProvider, falling back to use random secrets.
2019-07-13 19:23:09,668 WARN  http.HttpRequestLog (HttpRequestLog.java:getRequestLog(97)) - Jetty request log can only be enabled using Log4j
2019-07-13 19:23:09,669 INFO  http.HttpServer2 (HttpServer2.java:addGlobalFilter(975)) - Added global filter 'safety' (class=org.apache.hadoop.http.HttpServer2$QuotingInputFilter)
2019-07-13 19:23:09,669 INFO  http.HttpServer2 (HttpServer2.java:addFilter(948)) - Added filter static_user_filter (class=org.apache.hadoop.http.lib.StaticUserWebFilter$StaticUserFilter) to context hddsDatanode
2019-07-13 19:23:09,669 INFO  http.HttpServer2 (HttpServer2.java:addFilter(958)) - Added filter static_user_filter (class=org.apache.hadoop.http.lib.StaticUserWebFilter$StaticUserFilter) to context static
2019-07-13 19:23:09,669 INFO  http.HttpServer2 (HttpServer2.java:addFilter(958)) - Added filter static_user_filter (class=org.apache.hadoop.http.lib.StaticUserWebFilter$StaticUserFilter) to context logs
2019-07-13 19:23:09,670 INFO  http.HttpServer2 (HttpServer2.java:bindListener(1191)) - Jetty bound to port 33910
2019-07-13 19:23:09,670 INFO  server.Server (Server.java:doStart(351)) - jetty-9.3.24.v20180605, build timestamp: 2018-06-05T17:11:56Z, git hash: 84205aa28f11a4f31f2a3b86d1bba2cc8ab69827
2019-07-13 19:23:09,672 INFO  handler.ContextHandler (ContextHandler.java:doStart(781)) - Started o.e.j.s.ServletContextHandler@13835bdc{/logs,file:///tmp/workdir/hadoop-ozone/integration-test/target/log,AVAILABLE}
2019-07-13 19:23:09,672 INFO  handler.ContextHandler (ContextHandler.java:doStart(781)) - Started o.e.j.s.ServletContextHandler@4973fb7d{/static,jar:file:/home/user/.m2/repository/org/apache/hadoop/hadoop-hdds-container-service/0.5.0-SNAPSHOT/hadoop-hdds-container-service-0.5.0-SNAPSHOT.jar!/webapps/static,AVAILABLE}
2019-07-13 19:23:09,699 INFO  handler.ContextHandler (ContextHandler.java:doStart(781)) - Started o.e.j.w.WebAppContext@40949bb0{/,file:///tmp/jetty-0.0.0.0-33910-hddsDatanode-_-any-662908426108951373.dir/webapp/,AVAILABLE}{/hddsDatanode}
2019-07-13 19:23:09,700 INFO  server.AbstractConnector (AbstractConnector.java:doStart(278)) - Started ServerConnector@70028163{HTTP/1.1,[http/1.1]}{0.0.0.0:33910}
2019-07-13 19:23:09,700 INFO  server.Server (Server.java:doStart(419)) - Started @563818ms
2019-07-13 19:23:09,701 INFO  server.BaseHttpServer (BaseHttpServer.java:updateConnectorAddress(207)) - HTTP server of HDDSDATANODE is listening at http://0.0.0.0:33910
2019-07-13 19:23:09,798 INFO  ozone.HddsDatanodeService (HddsDatanodeService.java:startPlugins(396)) - Started plug-in org.apache.hadoop.ozone.web.OzoneHddsDatanodeService@8374911
2019-07-13 19:23:09,799 INFO  impl.MetricsSystemImpl (MetricsSystemImpl.java:init(158)) - HddsDatanode metrics system started (again)
2019-07-13 19:23:09,800 INFO  ozone.HddsDatanodeService (HddsDatanodeService.java:start(185)) - HddsDatanodeService host:trunk-nightly-fxqsz-774976932 ip:192.168.69.122
2019-07-13 19:23:09,802 INFO  util.JvmPauseMonitor (JvmPauseMonitor.java:run(188)) - Starting JVM pause monitor
2019-07-13 19:23:09,803 INFO  datanode.InitDatanodeState (InitDatanodeState.java:persistContainerDatanodeDetails(140)) - DatanodeDetails is persisted to /tmp/workdir/hadoop-ozone/integration-test/target/test-dir/MiniOzoneClusterImpl-659b5396-75a0-48b6-93f6-4f91963722a5/datanode-0/meta/datanode.id
2019-07-13 19:23:09,812 INFO  volume.HddsVolume (HddsVolume.java:<init>(176)) - Creating Volume: /tmp/workdir/hadoop-ozone/integration-test/target/test-dir/MiniOzoneClusterImpl-659b5396-75a0-48b6-93f6-4f91963722a5/datanode-1/data/containers/hdds of  storage type : DISK and capacity : 52710309888
2019-07-13 19:23:09,813 INFO  volume.VolumeSet (VolumeSet.java:initializeVolumeSet(170)) - Added Volume : /tmp/workdir/hadoop-ozone/integration-test/target/test-dir/MiniOzoneClusterImpl-659b5396-75a0-48b6-93f6-4f91963722a5/datanode-1/data/containers/hdds to VolumeSet
2019-07-13 19:23:09,813 INFO  volume.ThrottledAsyncChecker (ThrottledAsyncChecker.java:schedule(140)) - Scheduling a check for org.apache.hadoop.ozone.container.common.volume.HddsVolume@5ceb6796
2019-07-13 19:23:09,813 INFO  volume.HddsVolumeChecker (HddsVolumeChecker.java:checkAllVolumes(203)) - Scheduled health check for volume org.apache.hadoop.ozone.container.common.volume.HddsVolume@5ceb6796
2019-07-13 19:23:09,828 INFO  impl.RaftServerProxy (ConfUtils.java:logGet(43)) - raft.rpc.type = GRPC (default)
2019-07-13 19:23:09,828 INFO  grpc.GrpcFactory (GrpcFactory.java:checkPooledByteBufAllocatorUseCacheForAllThreads(45)) - PERFORMANCE WARNING: useCacheForAllThreads is true that may cause Netty to create a lot garbage objects and, as a result, trigger GC.
	It is recommended to disable useCacheForAllThreads by setting -Dorg.apache.ratis.thirdparty.io.netty.allocator.useCacheForAllThreads=false in command line.
2019-07-13 19:23:09,828 INFO  grpc.GrpcConfigKeys$Server (ConfUtils.java:logGet(43)) - raft.grpc.server.port = 0 (default)
2019-07-13 19:23:09,829 INFO  server.GrpcService (ConfUtils.java:logGet(43)) - raft.grpc.message.size.max = 33570816 (custom)
2019-07-13 19:23:09,829 INFO  server.RaftServerConfigKeys (ConfUtils.java:logGet(43)) - raft.server.log.appender.buffer.byte-limit = 33554432 (custom)
2019-07-13 19:23:09,829 INFO  server.GrpcService (ConfUtils.java:logGet(43)) - raft.grpc.flow.control.window = 1MB (=1048576) (default)
2019-07-13 19:23:09,829 INFO  server.RaftServerConfigKeys (ConfUtils.java:logGet(43)) - raft.server.rpc.request.timeout = 3000ms (default)
2019-07-13 19:23:09,829 INFO  server.RaftServerConfigKeys (ConfUtils.java:logGet(43)) - raft.server.storage.dir = [/tmp/workdir/hadoop-ozone/integration-test/target/test-dir/MiniOzoneClusterImpl-659b5396-75a0-48b6-93f6-4f91963722a5/datanode-1/data/ratis] (custom)
2019-07-13 19:23:09,830 INFO  replication.SimpleContainerDownloader (SimpleContainerDownloader.java:<init>(72)) - Starting container downloader service to copy containers to replicate.
2019-07-13 19:23:09,831 INFO  hdfs.DFSUtil (DFSUtil.java:httpServerTemplateForNNAndJN(1641)) - Starting Web-server for hddsDatanode at: http://0.0.0.0:0
2019-07-13 19:23:09,832 INFO  server.AuthenticationFilter (AuthenticationFilter.java:constructSecretProvider(240)) - Unable to initialize FileSignerSecretProvider, falling back to use random secrets.
2019-07-13 19:23:09,832 WARN  http.HttpRequestLog (HttpRequestLog.java:getRequestLog(97)) - Jetty request log can only be enabled using Log4j
2019-07-13 19:23:09,833 INFO  http.HttpServer2 (HttpServer2.java:addGlobalFilter(975)) - Added global filter 'safety' (class=org.apache.hadoop.http.HttpServer2$QuotingInputFilter)
2019-07-13 19:23:09,834 INFO  http.HttpServer2 (HttpServer2.java:addFilter(948)) - Added filter static_user_filter (class=org.apache.hadoop.http.lib.StaticUserWebFilter$StaticUserFilter) to context hddsDatanode
2019-07-13 19:23:09,834 INFO  http.HttpServer2 (HttpServer2.java:addFilter(958)) - Added filter static_user_filter (class=org.apache.hadoop.http.lib.StaticUserWebFilter$StaticUserFilter) to context static
2019-07-13 19:23:09,834 INFO  http.HttpServer2 (HttpServer2.java:addFilter(958)) - Added filter static_user_filter (class=org.apache.hadoop.http.lib.StaticUserWebFilter$StaticUserFilter) to context logs
2019-07-13 19:23:09,834 INFO  http.HttpServer2 (HttpServer2.java:bindListener(1191)) - Jetty bound to port 33363
2019-07-13 19:23:09,834 INFO  server.Server (Server.java:doStart(351)) - jetty-9.3.24.v20180605, build timestamp: 2018-06-05T17:11:56Z, git hash: 84205aa28f11a4f31f2a3b86d1bba2cc8ab69827
2019-07-13 19:23:09,836 INFO  handler.ContextHandler (ContextHandler.java:doStart(781)) - Started o.e.j.s.ServletContextHandler@6dbe6891{/logs,file:///tmp/workdir/hadoop-ozone/integration-test/target/log,AVAILABLE}
2019-07-13 19:23:09,836 INFO  handler.ContextHandler (ContextHandler.java:doStart(781)) - Started o.e.j.s.ServletContextHandler@71c9c7f3{/static,jar:file:/home/user/.m2/repository/org/apache/hadoop/hadoop-hdds-container-service/0.5.0-SNAPSHOT/hadoop-hdds-container-service-0.5.0-SNAPSHOT.jar!/webapps/static,AVAILABLE}
2019-07-13 19:23:09,862 INFO  handler.ContextHandler (ContextHandler.java:doStart(781)) - Started o.e.j.w.WebAppContext@5a349644{/,file:///tmp/jetty-0.0.0.0-33363-hddsDatanode-_-any-2936295551146988513.dir/webapp/,AVAILABLE}{/hddsDatanode}
2019-07-13 19:23:09,863 INFO  server.AbstractConnector (AbstractConnector.java:doStart(278)) - Started ServerConnector@42b6acc2{HTTP/1.1,[http/1.1]}{0.0.0.0:33363}
2019-07-13 19:23:09,863 INFO  server.Server (Server.java:doStart(419)) - Started @563982ms
2019-07-13 19:23:09,866 INFO  server.BaseHttpServer (BaseHttpServer.java:updateConnectorAddress(207)) - HTTP server of HDDSDATANODE is listening at http://0.0.0.0:33363
2019-07-13 19:23:09,961 INFO  ozone.HddsDatanodeService (HddsDatanodeService.java:startPlugins(396)) - Started plug-in org.apache.hadoop.ozone.web.OzoneHddsDatanodeService@2c64e2d0
2019-07-13 19:23:09,962 INFO  impl.MetricsSystemImpl (MetricsSystemImpl.java:init(158)) - HddsDatanode metrics system started (again)
2019-07-13 19:23:09,963 INFO  ozone.HddsDatanodeService (HddsDatanodeService.java:start(185)) - HddsDatanodeService host:trunk-nightly-fxqsz-774976932 ip:192.168.69.122
2019-07-13 19:23:09,965 INFO  util.JvmPauseMonitor (JvmPauseMonitor.java:run(188)) - Starting JVM pause monitor
2019-07-13 19:23:09,967 INFO  datanode.InitDatanodeState (InitDatanodeState.java:persistContainerDatanodeDetails(140)) - DatanodeDetails is persisted to /tmp/workdir/hadoop-ozone/integration-test/target/test-dir/MiniOzoneClusterImpl-659b5396-75a0-48b6-93f6-4f91963722a5/datanode-1/meta/datanode.id
2019-07-13 19:23:09,976 INFO  volume.HddsVolume (HddsVolume.java:<init>(176)) - Creating Volume: /tmp/workdir/hadoop-ozone/integration-test/target/test-dir/MiniOzoneClusterImpl-659b5396-75a0-48b6-93f6-4f91963722a5/datanode-2/data/containers/hdds of  storage type : DISK and capacity : 52710309888
2019-07-13 19:23:09,976 INFO  volume.VolumeSet (VolumeSet.java:initializeVolumeSet(170)) - Added Volume : /tmp/workdir/hadoop-ozone/integration-test/target/test-dir/MiniOzoneClusterImpl-659b5396-75a0-48b6-93f6-4f91963722a5/datanode-2/data/containers/hdds to VolumeSet
2019-07-13 19:23:09,977 INFO  volume.ThrottledAsyncChecker (ThrottledAsyncChecker.java:schedule(140)) - Scheduling a check for org.apache.hadoop.ozone.container.common.volume.HddsVolume@3a7abd4
2019-07-13 19:23:09,977 INFO  volume.HddsVolumeChecker (HddsVolumeChecker.java:checkAllVolumes(203)) - Scheduled health check for volume org.apache.hadoop.ozone.container.common.volume.HddsVolume@3a7abd4
2019-07-13 19:23:09,991 INFO  impl.RaftServerProxy (ConfUtils.java:logGet(43)) - raft.rpc.type = GRPC (default)
2019-07-13 19:23:09,991 INFO  grpc.GrpcFactory (GrpcFactory.java:checkPooledByteBufAllocatorUseCacheForAllThreads(45)) - PERFORMANCE WARNING: useCacheForAllThreads is true that may cause Netty to create a lot garbage objects and, as a result, trigger GC.
	It is recommended to disable useCacheForAllThreads by setting -Dorg.apache.ratis.thirdparty.io.netty.allocator.useCacheForAllThreads=false in command line.
2019-07-13 19:23:09,991 INFO  grpc.GrpcConfigKeys$Server (ConfUtils.java:logGet(43)) - raft.grpc.server.port = 0 (default)
2019-07-13 19:23:09,991 INFO  server.GrpcService (ConfUtils.java:logGet(43)) - raft.grpc.message.size.max = 33570816 (custom)
2019-07-13 19:23:09,991 INFO  server.RaftServerConfigKeys (ConfUtils.java:logGet(43)) - raft.server.log.appender.buffer.byte-limit = 33554432 (custom)
2019-07-13 19:23:09,992 INFO  server.GrpcService (ConfUtils.java:logGet(43)) - raft.grpc.flow.control.window = 1MB (=1048576) (default)
2019-07-13 19:23:09,992 INFO  server.RaftServerConfigKeys (ConfUtils.java:logGet(43)) - raft.server.rpc.request.timeout = 3000ms (default)
2019-07-13 19:23:09,992 INFO  server.RaftServerConfigKeys (ConfUtils.java:logGet(43)) - raft.server.storage.dir = [/tmp/workdir/hadoop-ozone/integration-test/target/test-dir/MiniOzoneClusterImpl-659b5396-75a0-48b6-93f6-4f91963722a5/datanode-2/data/ratis] (custom)
2019-07-13 19:23:09,993 INFO  replication.SimpleContainerDownloader (SimpleContainerDownloader.java:<init>(72)) - Starting container downloader service to copy containers to replicate.
2019-07-13 19:23:09,994 INFO  hdfs.DFSUtil (DFSUtil.java:httpServerTemplateForNNAndJN(1641)) - Starting Web-server for hddsDatanode at: http://0.0.0.0:0
2019-07-13 19:23:09,995 INFO  server.AuthenticationFilter (AuthenticationFilter.java:constructSecretProvider(240)) - Unable to initialize FileSignerSecretProvider, falling back to use random secrets.
2019-07-13 19:23:09,995 WARN  http.HttpRequestLog (HttpRequestLog.java:getRequestLog(97)) - Jetty request log can only be enabled using Log4j
2019-07-13 19:23:09,996 INFO  http.HttpServer2 (HttpServer2.java:addGlobalFilter(975)) - Added global filter 'safety' (class=org.apache.hadoop.http.HttpServer2$QuotingInputFilter)
2019-07-13 19:23:09,996 INFO  http.HttpServer2 (HttpServer2.java:addFilter(948)) - Added filter static_user_filter (class=org.apache.hadoop.http.lib.StaticUserWebFilter$StaticUserFilter) to context hddsDatanode
2019-07-13 19:23:09,997 INFO  http.HttpServer2 (HttpServer2.java:addFilter(958)) - Added filter static_user_filter (class=org.apache.hadoop.http.lib.StaticUserWebFilter$StaticUserFilter) to context logs
2019-07-13 19:23:09,997 INFO  http.HttpServer2 (HttpServer2.java:addFilter(958)) - Added filter static_user_filter (class=org.apache.hadoop.http.lib.StaticUserWebFilter$StaticUserFilter) to context static
2019-07-13 19:23:09,997 INFO  http.HttpServer2 (HttpServer2.java:bindListener(1191)) - Jetty bound to port 43377
2019-07-13 19:23:09,997 INFO  server.Server (Server.java:doStart(351)) - jetty-9.3.24.v20180605, build timestamp: 2018-06-05T17:11:56Z, git hash: 84205aa28f11a4f31f2a3b86d1bba2cc8ab69827
2019-07-13 19:23:09,999 INFO  handler.ContextHandler (ContextHandler.java:doStart(781)) - Started o.e.j.s.ServletContextHandler@1f6af096{/logs,file:///tmp/workdir/hadoop-ozone/integration-test/target/log,AVAILABLE}
2019-07-13 19:23:09,999 INFO  handler.ContextHandler (ContextHandler.java:doStart(781)) - Started o.e.j.s.ServletContextHandler@2fc698a9{/static,jar:file:/home/user/.m2/repository/org/apache/hadoop/hadoop-hdds-container-service/0.5.0-SNAPSHOT/hadoop-hdds-container-service-0.5.0-SNAPSHOT.jar!/webapps/static,AVAILABLE}
2019-07-13 19:23:10,026 INFO  handler.ContextHandler (ContextHandler.java:doStart(781)) - Started o.e.j.w.WebAppContext@7c3c6564{/,file:///tmp/jetty-0.0.0.0-43377-hddsDatanode-_-any-2874725282697644873.dir/webapp/,AVAILABLE}{/hddsDatanode}
2019-07-13 19:23:10,026 INFO  server.AbstractConnector (AbstractConnector.java:doStart(278)) - Started ServerConnector@7655dc27{HTTP/1.1,[http/1.1]}{0.0.0.0:43377}
2019-07-13 19:23:10,027 INFO  server.Server (Server.java:doStart(419)) - Started @564145ms
2019-07-13 19:23:10,028 INFO  server.BaseHttpServer (BaseHttpServer.java:updateConnectorAddress(207)) - HTTP server of HDDSDATANODE is listening at http://0.0.0.0:43377
2019-07-13 19:23:10,123 INFO  ozone.HddsDatanodeService (HddsDatanodeService.java:startPlugins(396)) - Started plug-in org.apache.hadoop.ozone.web.OzoneHddsDatanodeService@323fa578
2019-07-13 19:23:10,124 INFO  impl.MetricsSystemImpl (MetricsSystemImpl.java:init(158)) - HddsDatanode metrics system started (again)
2019-07-13 19:23:10,126 INFO  ozone.HddsDatanodeService (HddsDatanodeService.java:start(185)) - HddsDatanodeService host:trunk-nightly-fxqsz-774976932 ip:192.168.69.122
2019-07-13 19:23:10,127 INFO  util.JvmPauseMonitor (JvmPauseMonitor.java:run(188)) - Starting JVM pause monitor
2019-07-13 19:23:10,129 INFO  datanode.InitDatanodeState (InitDatanodeState.java:persistContainerDatanodeDetails(140)) - DatanodeDetails is persisted to /tmp/workdir/hadoop-ozone/integration-test/target/test-dir/MiniOzoneClusterImpl-659b5396-75a0-48b6-93f6-4f91963722a5/datanode-2/meta/datanode.id
2019-07-13 19:23:10,138 INFO  volume.HddsVolume (HddsVolume.java:<init>(176)) - Creating Volume: /tmp/workdir/hadoop-ozone/integration-test/target/test-dir/MiniOzoneClusterImpl-659b5396-75a0-48b6-93f6-4f91963722a5/datanode-3/data/containers/hdds of  storage type : DISK and capacity : 52710309888
2019-07-13 19:23:10,138 INFO  volume.VolumeSet (VolumeSet.java:initializeVolumeSet(170)) - Added Volume : /tmp/workdir/hadoop-ozone/integration-test/target/test-dir/MiniOzoneClusterImpl-659b5396-75a0-48b6-93f6-4f91963722a5/datanode-3/data/containers/hdds to VolumeSet
2019-07-13 19:23:10,138 INFO  volume.ThrottledAsyncChecker (ThrottledAsyncChecker.java:schedule(140)) - Scheduling a check for org.apache.hadoop.ozone.container.common.volume.HddsVolume@502a9b30
2019-07-13 19:23:10,138 INFO  volume.HddsVolumeChecker (HddsVolumeChecker.java:checkAllVolumes(203)) - Scheduled health check for volume org.apache.hadoop.ozone.container.common.volume.HddsVolume@502a9b30
2019-07-13 19:23:10,152 INFO  impl.RaftServerProxy (ConfUtils.java:logGet(43)) - raft.rpc.type = GRPC (default)
2019-07-13 19:23:10,152 INFO  grpc.GrpcFactory (GrpcFactory.java:checkPooledByteBufAllocatorUseCacheForAllThreads(45)) - PERFORMANCE WARNING: useCacheForAllThreads is true that may cause Netty to create a lot garbage objects and, as a result, trigger GC.
	It is recommended to disable useCacheForAllThreads by setting -Dorg.apache.ratis.thirdparty.io.netty.allocator.useCacheForAllThreads=false in command line.
2019-07-13 19:23:10,152 INFO  grpc.GrpcConfigKeys$Server (ConfUtils.java:logGet(43)) - raft.grpc.server.port = 0 (default)
2019-07-13 19:23:10,152 INFO  server.GrpcService (ConfUtils.java:logGet(43)) - raft.grpc.message.size.max = 33570816 (custom)
2019-07-13 19:23:10,152 INFO  server.RaftServerConfigKeys (ConfUtils.java:logGet(43)) - raft.server.log.appender.buffer.byte-limit = 33554432 (custom)
2019-07-13 19:23:10,153 INFO  server.GrpcService (ConfUtils.java:logGet(43)) - raft.grpc.flow.control.window = 1MB (=1048576) (default)
2019-07-13 19:23:10,153 INFO  server.RaftServerConfigKeys (ConfUtils.java:logGet(43)) - raft.server.rpc.request.timeout = 3000ms (default)
2019-07-13 19:23:10,153 INFO  server.RaftServerConfigKeys (ConfUtils.java:logGet(43)) - raft.server.storage.dir = [/tmp/workdir/hadoop-ozone/integration-test/target/test-dir/MiniOzoneClusterImpl-659b5396-75a0-48b6-93f6-4f91963722a5/datanode-3/data/ratis] (custom)
2019-07-13 19:23:10,154 INFO  replication.SimpleContainerDownloader (SimpleContainerDownloader.java:<init>(72)) - Starting container downloader service to copy containers to replicate.
2019-07-13 19:23:10,155 INFO  hdfs.DFSUtil (DFSUtil.java:httpServerTemplateForNNAndJN(1641)) - Starting Web-server for hddsDatanode at: http://0.0.0.0:0
2019-07-13 19:23:10,156 INFO  server.AuthenticationFilter (AuthenticationFilter.java:constructSecretProvider(240)) - Unable to initialize FileSignerSecretProvider, falling back to use random secrets.
2019-07-13 19:23:10,156 WARN  http.HttpRequestLog (HttpRequestLog.java:getRequestLog(97)) - Jetty request log can only be enabled using Log4j
2019-07-13 19:23:10,157 INFO  http.HttpServer2 (HttpServer2.java:addGlobalFilter(975)) - Added global filter 'safety' (class=org.apache.hadoop.http.HttpServer2$QuotingInputFilter)
2019-07-13 19:23:10,157 INFO  http.HttpServer2 (HttpServer2.java:addFilter(948)) - Added filter static_user_filter (class=org.apache.hadoop.http.lib.StaticUserWebFilter$StaticUserFilter) to context hddsDatanode
2019-07-13 19:23:10,158 INFO  http.HttpServer2 (HttpServer2.java:addFilter(958)) - Added filter static_user_filter (class=org.apache.hadoop.http.lib.StaticUserWebFilter$StaticUserFilter) to context logs
2019-07-13 19:23:10,158 INFO  http.HttpServer2 (HttpServer2.java:addFilter(958)) - Added filter static_user_filter (class=org.apache.hadoop.http.lib.StaticUserWebFilter$StaticUserFilter) to context static
2019-07-13 19:23:10,158 INFO  http.HttpServer2 (HttpServer2.java:bindListener(1191)) - Jetty bound to port 45402
2019-07-13 19:23:10,158 INFO  server.Server (Server.java:doStart(351)) - jetty-9.3.24.v20180605, build timestamp: 2018-06-05T17:11:56Z, git hash: 84205aa28f11a4f31f2a3b86d1bba2cc8ab69827
2019-07-13 19:23:10,160 INFO  handler.ContextHandler (ContextHandler.java:doStart(781)) - Started o.e.j.s.ServletContextHandler@5769679b{/logs,file:///tmp/workdir/hadoop-ozone/integration-test/target/log,AVAILABLE}
2019-07-13 19:23:10,160 INFO  handler.ContextHandler (ContextHandler.java:doStart(781)) - Started o.e.j.s.ServletContextHandler@7bd76b79{/static,jar:file:/home/user/.m2/repository/org/apache/hadoop/hadoop-hdds-container-service/0.5.0-SNAPSHOT/hadoop-hdds-container-service-0.5.0-SNAPSHOT.jar!/webapps/static,AVAILABLE}
2019-07-13 19:23:10,186 INFO  handler.ContextHandler (ContextHandler.java:doStart(781)) - Started o.e.j.w.WebAppContext@3bea7134{/,file:///tmp/jetty-0.0.0.0-45402-hddsDatanode-_-any-6874121944649823507.dir/webapp/,AVAILABLE}{/hddsDatanode}
2019-07-13 19:23:10,186 INFO  server.AbstractConnector (AbstractConnector.java:doStart(278)) - Started ServerConnector@10c95d9b{HTTP/1.1,[http/1.1]}{0.0.0.0:45402}
2019-07-13 19:23:10,187 INFO  server.Server (Server.java:doStart(419)) - Started @564305ms
2019-07-13 19:23:10,188 INFO  server.BaseHttpServer (BaseHttpServer.java:updateConnectorAddress(207)) - HTTP server of HDDSDATANODE is listening at http://0.0.0.0:45402
2019-07-13 19:23:10,283 INFO  ozone.HddsDatanodeService (HddsDatanodeService.java:startPlugins(396)) - Started plug-in org.apache.hadoop.ozone.web.OzoneHddsDatanodeService@37c1e2a4
2019-07-13 19:23:10,284 INFO  impl.MetricsSystemImpl (MetricsSystemImpl.java:init(158)) - HddsDatanode metrics system started (again)
2019-07-13 19:23:10,285 INFO  ozone.HddsDatanodeService (HddsDatanodeService.java:start(185)) - HddsDatanodeService host:trunk-nightly-fxqsz-774976932 ip:192.168.69.122
2019-07-13 19:23:10,288 INFO  util.JvmPauseMonitor (JvmPauseMonitor.java:run(188)) - Starting JVM pause monitor
2019-07-13 19:23:10,289 INFO  datanode.InitDatanodeState (InitDatanodeState.java:persistContainerDatanodeDetails(140)) - DatanodeDetails is persisted to /tmp/workdir/hadoop-ozone/integration-test/target/test-dir/MiniOzoneClusterImpl-659b5396-75a0-48b6-93f6-4f91963722a5/datanode-3/meta/datanode.id
2019-07-13 19:23:10,304 INFO  volume.HddsVolume (HddsVolume.java:<init>(176)) - Creating Volume: /tmp/workdir/hadoop-ozone/integration-test/target/test-dir/MiniOzoneClusterImpl-659b5396-75a0-48b6-93f6-4f91963722a5/datanode-4/data/containers/hdds of  storage type : DISK and capacity : 52710309888
2019-07-13 19:23:10,305 INFO  volume.VolumeSet (VolumeSet.java:initializeVolumeSet(170)) - Added Volume : /tmp/workdir/hadoop-ozone/integration-test/target/test-dir/MiniOzoneClusterImpl-659b5396-75a0-48b6-93f6-4f91963722a5/datanode-4/data/containers/hdds to VolumeSet
2019-07-13 19:23:10,305 INFO  volume.ThrottledAsyncChecker (ThrottledAsyncChecker.java:schedule(140)) - Scheduling a check for org.apache.hadoop.ozone.container.common.volume.HddsVolume@27e0906f
2019-07-13 19:23:10,305 INFO  volume.HddsVolumeChecker (HddsVolumeChecker.java:checkAllVolumes(203)) - Scheduled health check for volume org.apache.hadoop.ozone.container.common.volume.HddsVolume@27e0906f
2019-07-13 19:23:10,318 INFO  impl.RaftServerProxy (ConfUtils.java:logGet(43)) - raft.rpc.type = GRPC (default)
2019-07-13 19:23:10,318 INFO  grpc.GrpcFactory (GrpcFactory.java:checkPooledByteBufAllocatorUseCacheForAllThreads(45)) - PERFORMANCE WARNING: useCacheForAllThreads is true that may cause Netty to create a lot garbage objects and, as a result, trigger GC.
	It is recommended to disable useCacheForAllThreads by setting -Dorg.apache.ratis.thirdparty.io.netty.allocator.useCacheForAllThreads=false in command line.
2019-07-13 19:23:10,319 INFO  grpc.GrpcConfigKeys$Server (ConfUtils.java:logGet(43)) - raft.grpc.server.port = 0 (default)
2019-07-13 19:23:10,319 INFO  server.GrpcService (ConfUtils.java:logGet(43)) - raft.grpc.message.size.max = 33570816 (custom)
2019-07-13 19:23:10,319 INFO  server.RaftServerConfigKeys (ConfUtils.java:logGet(43)) - raft.server.log.appender.buffer.byte-limit = 33554432 (custom)
2019-07-13 19:23:10,319 INFO  server.GrpcService (ConfUtils.java:logGet(43)) - raft.grpc.flow.control.window = 1MB (=1048576) (default)
2019-07-13 19:23:10,319 INFO  server.RaftServerConfigKeys (ConfUtils.java:logGet(43)) - raft.server.rpc.request.timeout = 3000ms (default)
2019-07-13 19:23:10,320 INFO  server.RaftServerConfigKeys (ConfUtils.java:logGet(43)) - raft.server.storage.dir = [/tmp/workdir/hadoop-ozone/integration-test/target/test-dir/MiniOzoneClusterImpl-659b5396-75a0-48b6-93f6-4f91963722a5/datanode-4/data/ratis] (custom)
2019-07-13 19:23:10,320 INFO  replication.SimpleContainerDownloader (SimpleContainerDownloader.java:<init>(72)) - Starting container downloader service to copy containers to replicate.
2019-07-13 19:23:10,321 INFO  hdfs.DFSUtil (DFSUtil.java:httpServerTemplateForNNAndJN(1641)) - Starting Web-server for hddsDatanode at: http://0.0.0.0:0
2019-07-13 19:23:10,322 INFO  server.AuthenticationFilter (AuthenticationFilter.java:constructSecretProvider(240)) - Unable to initialize FileSignerSecretProvider, falling back to use random secrets.
2019-07-13 19:23:10,322 WARN  http.HttpRequestLog (HttpRequestLog.java:getRequestLog(97)) - Jetty request log can only be enabled using Log4j
2019-07-13 19:23:10,323 INFO  http.HttpServer2 (HttpServer2.java:addGlobalFilter(975)) - Added global filter 'safety' (class=org.apache.hadoop.http.HttpServer2$QuotingInputFilter)
2019-07-13 19:23:10,324 INFO  http.HttpServer2 (HttpServer2.java:addFilter(948)) - Added filter static_user_filter (class=org.apache.hadoop.http.lib.StaticUserWebFilter$StaticUserFilter) to context hddsDatanode
2019-07-13 19:23:10,324 INFO  http.HttpServer2 (HttpServer2.java:addFilter(958)) - Added filter static_user_filter (class=org.apache.hadoop.http.lib.StaticUserWebFilter$StaticUserFilter) to context logs
2019-07-13 19:23:10,324 INFO  http.HttpServer2 (HttpServer2.java:addFilter(958)) - Added filter static_user_filter (class=org.apache.hadoop.http.lib.StaticUserWebFilter$StaticUserFilter) to context static
2019-07-13 19:23:10,325 INFO  http.HttpServer2 (HttpServer2.java:bindListener(1191)) - Jetty bound to port 42050
2019-07-13 19:23:10,325 INFO  server.Server (Server.java:doStart(351)) - jetty-9.3.24.v20180605, build timestamp: 2018-06-05T17:11:56Z, git hash: 84205aa28f11a4f31f2a3b86d1bba2cc8ab69827
2019-07-13 19:23:10,326 INFO  handler.ContextHandler (ContextHandler.java:doStart(781)) - Started o.e.j.s.ServletContextHandler@61d4e070{/logs,file:///tmp/workdir/hadoop-ozone/integration-test/target/log,AVAILABLE}
2019-07-13 19:23:10,327 INFO  handler.ContextHandler (ContextHandler.java:doStart(781)) - Started o.e.j.s.ServletContextHandler@6311898c{/static,jar:file:/home/user/.m2/repository/org/apache/hadoop/hadoop-hdds-container-service/0.5.0-SNAPSHOT/hadoop-hdds-container-service-0.5.0-SNAPSHOT.jar!/webapps/static,AVAILABLE}
2019-07-13 19:23:10,353 INFO  handler.ContextHandler (ContextHandler.java:doStart(781)) - Started o.e.j.w.WebAppContext@99e03a9{/,file:///tmp/jetty-0.0.0.0-42050-hddsDatanode-_-any-949306207760368246.dir/webapp/,AVAILABLE}{/hddsDatanode}
2019-07-13 19:23:10,353 INFO  server.AbstractConnector (AbstractConnector.java:doStart(278)) - Started ServerConnector@5a07088b{HTTP/1.1,[http/1.1]}{0.0.0.0:42050}
2019-07-13 19:23:10,353 INFO  server.Server (Server.java:doStart(419)) - Started @564472ms
2019-07-13 19:23:10,355 INFO  server.BaseHttpServer (BaseHttpServer.java:updateConnectorAddress(207)) - HTTP server of HDDSDATANODE is listening at http://0.0.0.0:42050
2019-07-13 19:23:10,459 INFO  ozone.HddsDatanodeService (HddsDatanodeService.java:startPlugins(396)) - Started plug-in org.apache.hadoop.ozone.web.OzoneHddsDatanodeService@7980eb2
2019-07-13 19:23:10,459 INFO  impl.MetricsSystemImpl (MetricsSystemImpl.java:init(158)) - HddsDatanode metrics system started (again)
2019-07-13 19:23:10,462 INFO  ozone.HddsDatanodeService (HddsDatanodeService.java:start(185)) - HddsDatanodeService host:trunk-nightly-fxqsz-774976932 ip:192.168.69.122
2019-07-13 19:23:10,463 INFO  util.JvmPauseMonitor (JvmPauseMonitor.java:run(188)) - Starting JVM pause monitor
2019-07-13 19:23:10,465 INFO  datanode.InitDatanodeState (InitDatanodeState.java:persistContainerDatanodeDetails(140)) - DatanodeDetails is persisted to /tmp/workdir/hadoop-ozone/integration-test/target/test-dir/MiniOzoneClusterImpl-659b5396-75a0-48b6-93f6-4f91963722a5/datanode-4/meta/datanode.id
2019-07-13 19:23:10,474 INFO  volume.HddsVolume (HddsVolume.java:<init>(176)) - Creating Volume: /tmp/workdir/hadoop-ozone/integration-test/target/test-dir/MiniOzoneClusterImpl-659b5396-75a0-48b6-93f6-4f91963722a5/datanode-5/data/containers/hdds of  storage type : DISK and capacity : 52710309888
2019-07-13 19:23:10,474 INFO  volume.VolumeSet (VolumeSet.java:initializeVolumeSet(170)) - Added Volume : /tmp/workdir/hadoop-ozone/integration-test/target/test-dir/MiniOzoneClusterImpl-659b5396-75a0-48b6-93f6-4f91963722a5/datanode-5/data/containers/hdds to VolumeSet
2019-07-13 19:23:10,474 INFO  volume.ThrottledAsyncChecker (ThrottledAsyncChecker.java:schedule(140)) - Scheduling a check for org.apache.hadoop.ozone.container.common.volume.HddsVolume@69eb88a7
2019-07-13 19:23:10,475 INFO  volume.HddsVolumeChecker (HddsVolumeChecker.java:checkAllVolumes(203)) - Scheduled health check for volume org.apache.hadoop.ozone.container.common.volume.HddsVolume@69eb88a7
2019-07-13 19:23:10,490 INFO  impl.RaftServerProxy (ConfUtils.java:logGet(43)) - raft.rpc.type = GRPC (default)
2019-07-13 19:23:10,490 INFO  grpc.GrpcFactory (GrpcFactory.java:checkPooledByteBufAllocatorUseCacheForAllThreads(45)) - PERFORMANCE WARNING: useCacheForAllThreads is true that may cause Netty to create a lot garbage objects and, as a result, trigger GC.
	It is recommended to disable useCacheForAllThreads by setting -Dorg.apache.ratis.thirdparty.io.netty.allocator.useCacheForAllThreads=false in command line.
2019-07-13 19:23:10,490 INFO  grpc.GrpcConfigKeys$Server (ConfUtils.java:logGet(43)) - raft.grpc.server.port = 0 (default)
2019-07-13 19:23:10,490 INFO  server.GrpcService (ConfUtils.java:logGet(43)) - raft.grpc.message.size.max = 33570816 (custom)
2019-07-13 19:23:10,491 INFO  server.RaftServerConfigKeys (ConfUtils.java:logGet(43)) - raft.server.log.appender.buffer.byte-limit = 33554432 (custom)
2019-07-13 19:23:10,491 INFO  server.GrpcService (ConfUtils.java:logGet(43)) - raft.grpc.flow.control.window = 1MB (=1048576) (default)
2019-07-13 19:23:10,491 INFO  server.RaftServerConfigKeys (ConfUtils.java:logGet(43)) - raft.server.rpc.request.timeout = 3000ms (default)
2019-07-13 19:23:10,491 INFO  server.RaftServerConfigKeys (ConfUtils.java:logGet(43)) - raft.server.storage.dir = [/tmp/workdir/hadoop-ozone/integration-test/target/test-dir/MiniOzoneClusterImpl-659b5396-75a0-48b6-93f6-4f91963722a5/datanode-5/data/ratis] (custom)
2019-07-13 19:23:10,492 INFO  replication.SimpleContainerDownloader (SimpleContainerDownloader.java:<init>(72)) - Starting container downloader service to copy containers to replicate.
2019-07-13 19:23:10,493 INFO  hdfs.DFSUtil (DFSUtil.java:httpServerTemplateForNNAndJN(1641)) - Starting Web-server for hddsDatanode at: http://0.0.0.0:0
2019-07-13 19:23:10,494 INFO  server.AuthenticationFilter (AuthenticationFilter.java:constructSecretProvider(240)) - Unable to initialize FileSignerSecretProvider, falling back to use random secrets.
2019-07-13 19:23:10,494 WARN  http.HttpRequestLog (HttpRequestLog.java:getRequestLog(97)) - Jetty request log can only be enabled using Log4j
2019-07-13 19:23:10,495 INFO  http.HttpServer2 (HttpServer2.java:addGlobalFilter(975)) - Added global filter 'safety' (class=org.apache.hadoop.http.HttpServer2$QuotingInputFilter)
2019-07-13 19:23:10,495 INFO  http.HttpServer2 (HttpServer2.java:addFilter(948)) - Added filter static_user_filter (class=org.apache.hadoop.http.lib.StaticUserWebFilter$StaticUserFilter) to context hddsDatanode
2019-07-13 19:23:10,496 INFO  http.HttpServer2 (HttpServer2.java:addFilter(958)) - Added filter static_user_filter (class=org.apache.hadoop.http.lib.StaticUserWebFilter$StaticUserFilter) to context static
2019-07-13 19:23:10,496 INFO  http.HttpServer2 (HttpServer2.java:addFilter(958)) - Added filter static_user_filter (class=org.apache.hadoop.http.lib.StaticUserWebFilter$StaticUserFilter) to context logs
2019-07-13 19:23:10,496 INFO  http.HttpServer2 (HttpServer2.java:bindListener(1191)) - Jetty bound to port 41349
2019-07-13 19:23:10,496 INFO  server.Server (Server.java:doStart(351)) - jetty-9.3.24.v20180605, build timestamp: 2018-06-05T17:11:56Z, git hash: 84205aa28f11a4f31f2a3b86d1bba2cc8ab69827
2019-07-13 19:23:10,498 INFO  handler.ContextHandler (ContextHandler.java:doStart(781)) - Started o.e.j.s.ServletContextHandler@10014459{/logs,file:///tmp/workdir/hadoop-ozone/integration-test/target/log,AVAILABLE}
2019-07-13 19:23:10,498 INFO  handler.ContextHandler (ContextHandler.java:doStart(781)) - Started o.e.j.s.ServletContextHandler@216a3aba{/static,jar:file:/home/user/.m2/repository/org/apache/hadoop/hadoop-hdds-container-service/0.5.0-SNAPSHOT/hadoop-hdds-container-service-0.5.0-SNAPSHOT.jar!/webapps/static,AVAILABLE}
2019-07-13 19:23:10,525 INFO  handler.ContextHandler (ContextHandler.java:doStart(781)) - Started o.e.j.w.WebAppContext@5aeb2c8a{/,file:///tmp/jetty-0.0.0.0-41349-hddsDatanode-_-any-7860444474685233040.dir/webapp/,AVAILABLE}{/hddsDatanode}
2019-07-13 19:23:10,525 INFO  server.AbstractConnector (AbstractConnector.java:doStart(278)) - Started ServerConnector@962e03a{HTTP/1.1,[http/1.1]}{0.0.0.0:41349}
2019-07-13 19:23:10,525 INFO  server.Server (Server.java:doStart(419)) - Started @564644ms
2019-07-13 19:23:10,527 INFO  server.BaseHttpServer (BaseHttpServer.java:updateConnectorAddress(207)) - HTTP server of HDDSDATANODE is listening at http://0.0.0.0:41349
2019-07-13 19:23:10,624 INFO  ozone.HddsDatanodeService (HddsDatanodeService.java:startPlugins(396)) - Started plug-in org.apache.hadoop.ozone.web.OzoneHddsDatanodeService@7eee42fc
2019-07-13 19:23:10,624 INFO  impl.MetricsSystemImpl (MetricsSystemImpl.java:init(158)) - HddsDatanode metrics system started (again)
2019-07-13 19:23:10,627 INFO  ozone.HddsDatanodeService (HddsDatanodeService.java:start(185)) - HddsDatanodeService host:trunk-nightly-fxqsz-774976932 ip:192.168.69.122
2019-07-13 19:23:10,628 INFO  util.JvmPauseMonitor (JvmPauseMonitor.java:run(188)) - Starting JVM pause monitor
2019-07-13 19:23:10,629 INFO  datanode.InitDatanodeState (InitDatanodeState.java:persistContainerDatanodeDetails(140)) - DatanodeDetails is persisted to /tmp/workdir/hadoop-ozone/integration-test/target/test-dir/MiniOzoneClusterImpl-659b5396-75a0-48b6-93f6-4f91963722a5/datanode-5/meta/datanode.id
2019-07-13 19:23:10,640 INFO  volume.HddsVolume (HddsVolume.java:<init>(176)) - Creating Volume: /tmp/workdir/hadoop-ozone/integration-test/target/test-dir/MiniOzoneClusterImpl-659b5396-75a0-48b6-93f6-4f91963722a5/datanode-6/data/containers/hdds of  storage type : DISK and capacity : 52710309888
2019-07-13 19:23:10,640 INFO  volume.VolumeSet (VolumeSet.java:initializeVolumeSet(170)) - Added Volume : /tmp/workdir/hadoop-ozone/integration-test/target/test-dir/MiniOzoneClusterImpl-659b5396-75a0-48b6-93f6-4f91963722a5/datanode-6/data/containers/hdds to VolumeSet
2019-07-13 19:23:10,640 INFO  volume.ThrottledAsyncChecker (ThrottledAsyncChecker.java:schedule(140)) - Scheduling a check for org.apache.hadoop.ozone.container.common.volume.HddsVolume@5d5ad1e2
2019-07-13 19:23:10,641 INFO  volume.HddsVolumeChecker (HddsVolumeChecker.java:checkAllVolumes(203)) - Scheduled health check for volume org.apache.hadoop.ozone.container.common.volume.HddsVolume@5d5ad1e2
2019-07-13 19:23:10,655 INFO  impl.RaftServerProxy (ConfUtils.java:logGet(43)) - raft.rpc.type = GRPC (default)
2019-07-13 19:23:10,656 INFO  grpc.GrpcFactory (GrpcFactory.java:checkPooledByteBufAllocatorUseCacheForAllThreads(45)) - PERFORMANCE WARNING: useCacheForAllThreads is true that may cause Netty to create a lot garbage objects and, as a result, trigger GC.
	It is recommended to disable useCacheForAllThreads by setting -Dorg.apache.ratis.thirdparty.io.netty.allocator.useCacheForAllThreads=false in command line.
2019-07-13 19:23:10,656 INFO  grpc.GrpcConfigKeys$Server (ConfUtils.java:logGet(43)) - raft.grpc.server.port = 0 (default)
2019-07-13 19:23:10,656 INFO  server.GrpcService (ConfUtils.java:logGet(43)) - raft.grpc.message.size.max = 33570816 (custom)
2019-07-13 19:23:10,656 INFO  server.RaftServerConfigKeys (ConfUtils.java:logGet(43)) - raft.server.log.appender.buffer.byte-limit = 33554432 (custom)
2019-07-13 19:23:10,656 INFO  server.GrpcService (ConfUtils.java:logGet(43)) - raft.grpc.flow.control.window = 1MB (=1048576) (default)
2019-07-13 19:23:10,656 INFO  server.RaftServerConfigKeys (ConfUtils.java:logGet(43)) - raft.server.rpc.request.timeout = 3000ms (default)
2019-07-13 19:23:10,657 INFO  server.RaftServerConfigKeys (ConfUtils.java:logGet(43)) - raft.server.storage.dir = [/tmp/workdir/hadoop-ozone/integration-test/target/test-dir/MiniOzoneClusterImpl-659b5396-75a0-48b6-93f6-4f91963722a5/datanode-6/data/ratis] (custom)
2019-07-13 19:23:10,657 INFO  replication.SimpleContainerDownloader (SimpleContainerDownloader.java:<init>(72)) - Starting container downloader service to copy containers to replicate.
2019-07-13 19:23:10,658 INFO  hdfs.DFSUtil (DFSUtil.java:httpServerTemplateForNNAndJN(1641)) - Starting Web-server for hddsDatanode at: http://0.0.0.0:0
2019-07-13 19:23:10,659 INFO  server.AuthenticationFilter (AuthenticationFilter.java:constructSecretProvider(240)) - Unable to initialize FileSignerSecretProvider, falling back to use random secrets.
2019-07-13 19:23:10,660 WARN  http.HttpRequestLog (HttpRequestLog.java:getRequestLog(97)) - Jetty request log can only be enabled using Log4j
2019-07-13 19:23:10,661 INFO  http.HttpServer2 (HttpServer2.java:addGlobalFilter(975)) - Added global filter 'safety' (class=org.apache.hadoop.http.HttpServer2$QuotingInputFilter)
2019-07-13 19:23:10,661 INFO  http.HttpServer2 (HttpServer2.java:addFilter(948)) - Added filter static_user_filter (class=org.apache.hadoop.http.lib.StaticUserWebFilter$StaticUserFilter) to context hddsDatanode
2019-07-13 19:23:10,661 INFO  http.HttpServer2 (HttpServer2.java:addFilter(958)) - Added filter static_user_filter (class=org.apache.hadoop.http.lib.StaticUserWebFilter$StaticUserFilter) to context logs
2019-07-13 19:23:10,662 INFO  http.HttpServer2 (HttpServer2.java:addFilter(958)) - Added filter static_user_filter (class=org.apache.hadoop.http.lib.StaticUserWebFilter$StaticUserFilter) to context static
2019-07-13 19:23:10,662 INFO  http.HttpServer2 (HttpServer2.java:bindListener(1191)) - Jetty bound to port 39755
2019-07-13 19:23:10,662 INFO  server.Server (Server.java:doStart(351)) - jetty-9.3.24.v20180605, build timestamp: 2018-06-05T17:11:56Z, git hash: 84205aa28f11a4f31f2a3b86d1bba2cc8ab69827
2019-07-13 19:23:10,664 INFO  handler.ContextHandler (ContextHandler.java:doStart(781)) - Started o.e.j.s.ServletContextHandler@bf3aa52{/logs,file:///tmp/workdir/hadoop-ozone/integration-test/target/log,AVAILABLE}
2019-07-13 19:23:10,664 INFO  handler.ContextHandler (ContextHandler.java:doStart(781)) - Started o.e.j.s.ServletContextHandler@1504db11{/static,jar:file:/home/user/.m2/repository/org/apache/hadoop/hadoop-hdds-container-service/0.5.0-SNAPSHOT/hadoop-hdds-container-service-0.5.0-SNAPSHOT.jar!/webapps/static,AVAILABLE}
2019-07-13 19:23:10,691 INFO  handler.ContextHandler (ContextHandler.java:doStart(781)) - Started o.e.j.w.WebAppContext@1baef878{/,file:///tmp/jetty-0.0.0.0-39755-hddsDatanode-_-any-1606391817108839290.dir/webapp/,AVAILABLE}{/hddsDatanode}
2019-07-13 19:23:10,691 INFO  server.AbstractConnector (AbstractConnector.java:doStart(278)) - Started ServerConnector@6208f81c{HTTP/1.1,[http/1.1]}{0.0.0.0:39755}
2019-07-13 19:23:10,691 INFO  server.Server (Server.java:doStart(419)) - Started @564810ms
2019-07-13 19:23:10,693 INFO  server.BaseHttpServer (BaseHttpServer.java:updateConnectorAddress(207)) - HTTP server of HDDSDATANODE is listening at http://0.0.0.0:39755
2019-07-13 19:23:10,901 INFO  ozone.HddsDatanodeService (HddsDatanodeService.java:startPlugins(396)) - Started plug-in org.apache.hadoop.ozone.web.OzoneHddsDatanodeService@6f2d0d25
2019-07-13 19:23:10,903 INFO  ozone.MiniOzoneClusterImpl (MiniOzoneClusterImpl.java:lambda$waitForClusterToBeReady$0(142)) - Waiting for cluster to be ready. Got 0 of 7 DN Heartbeats.
2019-07-13 19:23:10,914 INFO  util.JvmPauseMonitor (JvmPauseMonitor.java:run(188)) - Starting JVM pause monitor
2019-07-13 19:23:10,915 INFO  datanode.InitDatanodeState (InitDatanodeState.java:persistContainerDatanodeDetails(140)) - DatanodeDetails is persisted to /tmp/workdir/hadoop-ozone/integration-test/target/test-dir/MiniOzoneClusterImpl-659b5396-75a0-48b6-93f6-4f91963722a5/datanode-6/meta/datanode.id
2019-07-13 19:23:11,824 INFO  ozoneimpl.OzoneContainer (OzoneContainer.java:start(186)) - Attempting to start container services.
2019-07-13 19:23:11,827 INFO  ozoneimpl.OzoneContainer (OzoneContainer.java:startContainerScrub(160)) - Background container scrubber has been disabled by hdds.containerscrub.enabled
2019-07-13 19:23:11,827 INFO  ratis.XceiverServerRatis (XceiverServerRatis.java:start(418)) - Starting XceiverServerRatis 33189823-c2a7-4143-b8a9-25d7cfe64aa3 at port 0
2019-07-13 19:23:11,834 INFO  impl.RaftServerProxy (RaftServerProxy.java:lambda$start$3(299)) - 33189823-c2a7-4143-b8a9-25d7cfe64aa3: start RPC server
2019-07-13 19:23:11,836 INFO  server.GrpcService (GrpcService.java:startImpl(149)) - 33189823-c2a7-4143-b8a9-25d7cfe64aa3: GrpcService started, listening on 0.0.0.0/0.0.0.0:37434
2019-07-13 19:23:11,836 INFO  ratis.XceiverServerRatis (XceiverServerRatis.java:start(428)) - XceiverServerRatis 33189823-c2a7-4143-b8a9-25d7cfe64aa3 is started using port 37434
2019-07-13 19:23:11,836 INFO  server.XceiverServerGrpc (XceiverServerGrpc.java:start(161)) - XceiverServerGrpc 33189823-c2a7-4143-b8a9-25d7cfe64aa3 is started using port 43307
2019-07-13 19:23:11,903 INFO  ozone.MiniOzoneClusterImpl (MiniOzoneClusterImpl.java:lambda$waitForClusterToBeReady$0(142)) - Waiting for cluster to be ready. Got 0 of 7 DN Heartbeats.
2019-07-13 19:23:11,988 INFO  ozoneimpl.OzoneContainer (OzoneContainer.java:start(186)) - Attempting to start container services.
2019-07-13 19:23:11,991 INFO  ozoneimpl.OzoneContainer (OzoneContainer.java:startContainerScrub(160)) - Background container scrubber has been disabled by hdds.containerscrub.enabled
2019-07-13 19:23:11,991 INFO  ratis.XceiverServerRatis (XceiverServerRatis.java:start(418)) - Starting XceiverServerRatis 9fd79525-e0ea-4574-a6fd-f2467b182dbd at port 0
2019-07-13 19:23:11,999 INFO  impl.RaftServerProxy (RaftServerProxy.java:lambda$start$3(299)) - 9fd79525-e0ea-4574-a6fd-f2467b182dbd: start RPC server
2019-07-13 19:23:11,999 INFO  server.GrpcService (GrpcService.java:startImpl(149)) - 9fd79525-e0ea-4574-a6fd-f2467b182dbd: GrpcService started, listening on 0.0.0.0/0.0.0.0:36306
2019-07-13 19:23:11,999 INFO  ratis.XceiverServerRatis (XceiverServerRatis.java:start(428)) - XceiverServerRatis 9fd79525-e0ea-4574-a6fd-f2467b182dbd is started using port 36306
2019-07-13 19:23:12,000 INFO  server.XceiverServerGrpc (XceiverServerGrpc.java:start(161)) - XceiverServerGrpc 9fd79525-e0ea-4574-a6fd-f2467b182dbd is started using port 33829
2019-07-13 19:23:12,141 INFO  ozoneimpl.OzoneContainer (OzoneContainer.java:start(186)) - Attempting to start container services.
2019-07-13 19:23:12,149 INFO  ozoneimpl.OzoneContainer (OzoneContainer.java:startContainerScrub(160)) - Background container scrubber has been disabled by hdds.containerscrub.enabled
2019-07-13 19:23:12,149 INFO  ratis.XceiverServerRatis (XceiverServerRatis.java:start(418)) - Starting XceiverServerRatis 6de9ba50-7a2d-4d3a-bb7a-466933beabb1 at port 0
2019-07-13 19:23:12,157 INFO  impl.RaftServerProxy (RaftServerProxy.java:lambda$start$3(299)) - 6de9ba50-7a2d-4d3a-bb7a-466933beabb1: start RPC server
2019-07-13 19:23:12,160 INFO  server.GrpcService (GrpcService.java:startImpl(149)) - 6de9ba50-7a2d-4d3a-bb7a-466933beabb1: GrpcService started, listening on 0.0.0.0/0.0.0.0:38852
2019-07-13 19:23:12,160 INFO  ratis.XceiverServerRatis (XceiverServerRatis.java:start(428)) - XceiverServerRatis 6de9ba50-7a2d-4d3a-bb7a-466933beabb1 is started using port 38852
2019-07-13 19:23:12,168 INFO  server.XceiverServerGrpc (XceiverServerGrpc.java:start(161)) - XceiverServerGrpc 6de9ba50-7a2d-4d3a-bb7a-466933beabb1 is started using port 35981
2019-07-13 19:23:12,302 INFO  ozoneimpl.OzoneContainer (OzoneContainer.java:start(186)) - Attempting to start container services.
2019-07-13 19:23:12,302 INFO  ozoneimpl.OzoneContainer (OzoneContainer.java:startContainerScrub(160)) - Background container scrubber has been disabled by hdds.containerscrub.enabled
2019-07-13 19:23:12,302 INFO  ratis.XceiverServerRatis (XceiverServerRatis.java:start(418)) - Starting XceiverServerRatis 30386d35-0be0-4422-8a64-413b8a43814a at port 0
2019-07-13 19:23:12,309 INFO  impl.RaftServerProxy (RaftServerProxy.java:lambda$start$3(299)) - 30386d35-0be0-4422-8a64-413b8a43814a: start RPC server
2019-07-13 19:23:12,310 INFO  server.GrpcService (GrpcService.java:startImpl(149)) - 30386d35-0be0-4422-8a64-413b8a43814a: GrpcService started, listening on 0.0.0.0/0.0.0.0:43340
2019-07-13 19:23:12,310 INFO  ratis.XceiverServerRatis (XceiverServerRatis.java:start(428)) - XceiverServerRatis 30386d35-0be0-4422-8a64-413b8a43814a is started using port 43340
2019-07-13 19:23:12,311 INFO  server.XceiverServerGrpc (XceiverServerGrpc.java:start(161)) - XceiverServerGrpc 30386d35-0be0-4422-8a64-413b8a43814a is started using port 46542
2019-07-13 19:23:12,478 INFO  ozoneimpl.OzoneContainer (OzoneContainer.java:start(186)) - Attempting to start container services.
2019-07-13 19:23:12,478 INFO  ozoneimpl.OzoneContainer (OzoneContainer.java:startContainerScrub(160)) - Background container scrubber has been disabled by hdds.containerscrub.enabled
2019-07-13 19:23:12,478 INFO  ratis.XceiverServerRatis (XceiverServerRatis.java:start(418)) - Starting XceiverServerRatis 6a4f42d8-2d8e-44e9-b53f-1e19ed7896af at port 0
2019-07-13 19:23:12,486 INFO  impl.RaftServerProxy (RaftServerProxy.java:lambda$start$3(299)) - 6a4f42d8-2d8e-44e9-b53f-1e19ed7896af: start RPC server
2019-07-13 19:23:12,487 INFO  server.GrpcService (GrpcService.java:startImpl(149)) - 6a4f42d8-2d8e-44e9-b53f-1e19ed7896af: GrpcService started, listening on 0.0.0.0/0.0.0.0:36608
2019-07-13 19:23:12,487 INFO  ratis.XceiverServerRatis (XceiverServerRatis.java:start(428)) - XceiverServerRatis 6a4f42d8-2d8e-44e9-b53f-1e19ed7896af is started using port 36608
2019-07-13 19:23:12,487 INFO  server.XceiverServerGrpc (XceiverServerGrpc.java:start(161)) - XceiverServerGrpc 6a4f42d8-2d8e-44e9-b53f-1e19ed7896af is started using port 37802
2019-07-13 19:23:12,642 INFO  ozoneimpl.OzoneContainer (OzoneContainer.java:start(186)) - Attempting to start container services.
2019-07-13 19:23:12,642 INFO  ozoneimpl.OzoneContainer (OzoneContainer.java:startContainerScrub(160)) - Background container scrubber has been disabled by hdds.containerscrub.enabled
2019-07-13 19:23:12,642 INFO  ratis.XceiverServerRatis (XceiverServerRatis.java:start(418)) - Starting XceiverServerRatis de9e4c39-ff85-4d2d-9c33-705ce08d6b43 at port 0
2019-07-13 19:23:12,650 INFO  impl.RaftServerProxy (RaftServerProxy.java:lambda$start$3(299)) - de9e4c39-ff85-4d2d-9c33-705ce08d6b43: start RPC server
2019-07-13 19:23:12,650 INFO  server.GrpcService (GrpcService.java:startImpl(149)) - de9e4c39-ff85-4d2d-9c33-705ce08d6b43: GrpcService started, listening on 0.0.0.0/0.0.0.0:38094
2019-07-13 19:23:12,650 INFO  ratis.XceiverServerRatis (XceiverServerRatis.java:start(428)) - XceiverServerRatis de9e4c39-ff85-4d2d-9c33-705ce08d6b43 is started using port 38094
2019-07-13 19:23:12,651 INFO  server.XceiverServerGrpc (XceiverServerGrpc.java:start(161)) - XceiverServerGrpc de9e4c39-ff85-4d2d-9c33-705ce08d6b43 is started using port 35255
2019-07-13 19:23:12,904 INFO  ozone.MiniOzoneClusterImpl (MiniOzoneClusterImpl.java:lambda$waitForClusterToBeReady$0(142)) - Waiting for cluster to be ready. Got 0 of 7 DN Heartbeats.
2019-07-13 19:23:12,927 INFO  ozoneimpl.OzoneContainer (OzoneContainer.java:start(186)) - Attempting to start container services.
2019-07-13 19:23:12,927 INFO  ozoneimpl.OzoneContainer (OzoneContainer.java:startContainerScrub(160)) - Background container scrubber has been disabled by hdds.containerscrub.enabled
2019-07-13 19:23:12,927 INFO  ratis.XceiverServerRatis (XceiverServerRatis.java:start(418)) - Starting XceiverServerRatis 893c3ace-9d50-443f-bcdf-504df625c909 at port 0
2019-07-13 19:23:12,935 INFO  impl.RaftServerProxy (RaftServerProxy.java:lambda$start$3(299)) - 893c3ace-9d50-443f-bcdf-504df625c909: start RPC server
2019-07-13 19:23:12,936 INFO  server.GrpcService (GrpcService.java:startImpl(149)) - 893c3ace-9d50-443f-bcdf-504df625c909: GrpcService started, listening on 0.0.0.0/0.0.0.0:32858
2019-07-13 19:23:12,936 INFO  ratis.XceiverServerRatis (XceiverServerRatis.java:start(428)) - XceiverServerRatis 893c3ace-9d50-443f-bcdf-504df625c909 is started using port 32858
2019-07-13 19:23:12,936 INFO  server.XceiverServerGrpc (XceiverServerGrpc.java:start(161)) - XceiverServerGrpc 893c3ace-9d50-443f-bcdf-504df625c909 is started using port 35298
2019-07-13 19:23:13,808 INFO  net.NetworkTopology (NetworkTopologyImpl.java:add(110)) - Added a new node: /default-rack/192.168.69.122
2019-07-13 19:23:13,811 INFO  node.SCMNodeManager (SCMNodeManager.java:register(269)) - Registered Data node : 33189823-c2a7-4143-b8a9-25d7cfe64aa3{ip: 192.168.69.122, host: trunk-nightly-fxqsz-774976932, networkLocation: /default-rack, certSerialId: null}
2019-07-13 19:23:13,812 INFO  safemode.SCMSafeModeManager (DataNodeSafeModeRule.java:process(71)) - SCM in safe mode. 1 DataNodes registered, 1 required.
2019-07-13 19:23:13,815 INFO  safemode.SCMSafeModeManager (SCMSafeModeManager.java:validateSafeModeExitRules(177)) - ScmSafeModeManager, all rules are successfully validated
2019-07-13 19:23:13,815 INFO  safemode.SCMSafeModeManager (SCMSafeModeManager.java:exitSafeMode(193)) - SCM exiting safe mode.
2019-07-13 19:23:13,833 INFO  impl.RaftServerProxy (RaftServerProxy.java:addNew(89)) - 33189823-c2a7-4143-b8a9-25d7cfe64aa3: addNew group-B8F157A541E1:[33189823-c2a7-4143-b8a9-25d7cfe64aa3:192.168.69.122:37434] returns group-B8F157A541E1:java.util.concurrent.CompletableFuture@7a210616[Not completed]
2019-07-13 19:23:13,834 INFO  impl.RaftServerImpl (RaftServerImpl.java:<init>(93)) - 33189823-c2a7-4143-b8a9-25d7cfe64aa3: new RaftServerImpl for group-B8F157A541E1:[33189823-c2a7-4143-b8a9-25d7cfe64aa3:192.168.69.122:37434] with ContainerStateMachine:uninitialized
2019-07-13 19:23:13,834 INFO  server.RaftServerConfigKeys (ConfUtils.java:logGet(43)) - raft.server.rpc.timeout.min = 5s (custom)
2019-07-13 19:23:13,834 INFO  server.RaftServerConfigKeys (ConfUtils.java:logGet(43)) - raft.server.rpc.timeout.max = 5200ms (custom)
2019-07-13 19:23:13,834 INFO  server.RaftServerConfigKeys (ConfUtils.java:logGet(43)) - raft.server.rpcslowness.timeout = 120s (custom)
2019-07-13 19:23:13,834 INFO  server.RaftServerConfigKeys (ConfUtils.java:logGet(43)) - raft.server.sleep.deviation.threshold = 300 (default)
2019-07-13 19:23:13,835 INFO  server.RaftServerConfigKeys (ConfUtils.java:logGet(43)) - raft.server.log.appender.install.snapshot.enabled = false (custom)
2019-07-13 19:23:13,835 INFO  impl.RaftServerImpl (ServerState.java:<init>(105)) - 33189823-c2a7-4143-b8a9-25d7cfe64aa3:group-B8F157A541E1 ConfigurationManager, init=-1: [33189823-c2a7-4143-b8a9-25d7cfe64aa3:192.168.69.122:37434], old=null, confs=<EMPTY_MAP>
2019-07-13 19:23:13,835 INFO  server.RaftServerConfigKeys (ConfUtils.java:logGet(43)) - raft.server.storage.dir = [/tmp/workdir/hadoop-ozone/integration-test/target/test-dir/MiniOzoneClusterImpl-659b5396-75a0-48b6-93f6-4f91963722a5/datanode-0/data/ratis] (custom)
2019-07-13 19:23:13,835 INFO  storage.RaftStorageDirectory (RaftStorageDirectory.java:analyzeStorage(246)) - The storage directory /tmp/workdir/hadoop-ozone/integration-test/target/test-dir/MiniOzoneClusterImpl-659b5396-75a0-48b6-93f6-4f91963722a5/datanode-0/data/ratis/73d1f850-ebd2-4e7c-b763-b8f157a541e1 does not exist. Creating ...
2019-07-13 19:23:13,849 INFO  storage.RaftStorageDirectory (RaftStorageDirectory.java:tryLock(328)) - Lock on /tmp/workdir/hadoop-ozone/integration-test/target/test-dir/MiniOzoneClusterImpl-659b5396-75a0-48b6-93f6-4f91963722a5/datanode-0/data/ratis/73d1f850-ebd2-4e7c-b763-b8f157a541e1/in_use.lock acquired by nodename 22884@trunk-nightly-fxqsz-774976932
2019-07-13 19:23:13,862 INFO  storage.RaftStorage (RaftStorage.java:format(72)) - Storage directory /tmp/workdir/hadoop-ozone/integration-test/target/test-dir/MiniOzoneClusterImpl-659b5396-75a0-48b6-93f6-4f91963722a5/datanode-0/data/ratis/73d1f850-ebd2-4e7c-b763-b8f157a541e1 has been successfully formatted.
2019-07-13 19:23:13,863 INFO  ratis.ContainerStateMachine (ContainerStateMachine.java:loadSnapshot(200)) - The snapshot info is null.Setting the last applied index to:(t:0, i:~)
2019-07-13 19:23:13,863 INFO  server.RaftServerConfigKeys (ConfUtils.java:logGet(43)) - raft.server.leader.election.timeout = 120s (custom)
2019-07-13 19:23:13,863 INFO  server.RaftServerConfigKeys (ConfUtils.java:logGet(43)) - raft.server.log.use.memory = false (default)
2019-07-13 19:23:13,863 INFO  server.RaftServerConfigKeys (ConfUtils.java:logGet(43)) - raft.server.log.purge.gap = 1000000000 (custom)
2019-07-13 19:23:13,863 INFO  server.RaftServerConfigKeys (ConfUtils.java:logGet(43)) - raft.server.log.appender.buffer.byte-limit = 33554432 (custom)
2019-07-13 19:23:13,863 INFO  server.RaftServerConfigKeys (ConfUtils.java:logGet(43)) - raft.server.log.segment.size.max = 1048576 (custom)
2019-07-13 19:23:13,864 INFO  server.RaftServerConfigKeys (ConfUtils.java:logGet(43)) - raft.server.log.segment.cache.num.max = 2 (custom)
2019-07-13 19:23:13,864 INFO  segmented.SegmentedRaftLogWorker (SegmentedRaftLogWorker.java:<init>(172)) - new 33189823-c2a7-4143-b8a9-25d7cfe64aa3-SegmentedRaftLogWorker:Storage Directory /tmp/workdir/hadoop-ozone/integration-test/target/test-dir/MiniOzoneClusterImpl-659b5396-75a0-48b6-93f6-4f91963722a5/datanode-0/data/ratis/73d1f850-ebd2-4e7c-b763-b8f157a541e1 for RaftStorage:Storage Directory /tmp/workdir/hadoop-ozone/integration-test/target/test-dir/MiniOzoneClusterImpl-659b5396-75a0-48b6-93f6-4f91963722a5/datanode-0/data/ratis/73d1f850-ebd2-4e7c-b763-b8f157a541e1
2019-07-13 19:23:13,864 INFO  server.RaftServerConfigKeys (ConfUtils.java:logGet(43)) - raft.server.log.queue.byte-limit = 2147483647 (custom)
2019-07-13 19:23:13,864 INFO  server.RaftServerConfigKeys (ConfUtils.java:logGet(43)) - raft.server.log.queue.element-limit = 1024 (custom)
2019-07-13 19:23:13,865 INFO  server.RaftServerConfigKeys (ConfUtils.java:logGet(43)) - raft.server.log.segment.size.max = 1048576 (custom)
2019-07-13 19:23:13,865 INFO  server.RaftServerConfigKeys (ConfUtils.java:logGet(43)) - raft.server.log.preallocated.size = 16384 (custom)
2019-07-13 19:23:13,865 INFO  server.RaftServerConfigKeys (ConfUtils.java:logGet(43)) - raft.server.log.write.buffer.size = 33554432 (custom)
2019-07-13 19:23:13,865 INFO  server.RaftServerConfigKeys (ConfUtils.java:logGet(43)) - raft.server.log.force.sync.num = 128 (default)
2019-07-13 19:23:13,865 INFO  server.RaftServerConfigKeys (ConfUtils.java:logGet(43)) - raft.server.log.statemachine.data.sync = true (default)
2019-07-13 19:23:13,865 INFO  server.RaftServerConfigKeys (ConfUtils.java:logGet(43)) - raft.server.log.statemachine.data.sync.timeout = 10s (default)
2019-07-13 19:23:13,865 INFO  server.RaftServerConfigKeys (ConfUtils.java:logGet(43)) - raft.server.log.statemachine.data.sync.timeout.retry = -1 (default)
2019-07-13 19:23:13,866 INFO  server.RaftServerConfigKeys (ConfUtils.java:logGet(43)) - raft.server.log.statemachine.data.caching.enabled = true (custom)
2019-07-13 19:23:13,866 INFO  segmented.SegmentedRaftLogWorker (SegmentedRaftLogWorker.java:lambda$new$0(132)) - 33189823-c2a7-4143-b8a9-25d7cfe64aa3-SegmentedRaftLogWorker:Storage Directory /tmp/workdir/hadoop-ozone/integration-test/target/test-dir/MiniOzoneClusterImpl-659b5396-75a0-48b6-93f6-4f91963722a5/datanode-0/data/ratis/73d1f850-ebd2-4e7c-b763-b8f157a541e1: flushIndex: setUnconditionally 0 -> -1
2019-07-13 19:23:13,867 INFO  server.RaftServerConfigKeys (ConfUtils.java:logGet(43)) - raft.server.snapshot.auto.trigger.enabled = true (custom)
2019-07-13 19:23:13,867 INFO  server.RaftServerConfigKeys (ConfUtils.java:logGet(43)) - raft.server.snapshot.auto.trigger.threshold = 10000 (custom)
2019-07-13 19:23:13,867 INFO  server.RaftServerConfigKeys (ConfUtils.java:logGet(43)) - raft.server.retrycache.expirytime = 600000ms (custom)
2019-07-13 19:23:13,867 INFO  impl.RaftServerImpl (RaftServerImpl.java:start(180)) - 33189823-c2a7-4143-b8a9-25d7cfe64aa3: start group-B8F157A541E1
2019-07-13 19:23:13,867 INFO  impl.RaftServerImpl (RaftServerImpl.java:setRole(171)) - 33189823-c2a7-4143-b8a9-25d7cfe64aa3:group-B8F157A541E1 changes role from null to FOLLOWER at term 0 for startAsFollower
2019-07-13 19:23:13,868 INFO  impl.RoleInfo (RoleInfo.java:updateAndGet(143)) - 33189823-c2a7-4143-b8a9-25d7cfe64aa3: start FollowerState
2019-07-13 19:23:13,869 INFO  util.JmxRegister (JmxRegister.java:tryRegister(44)) - Successfully registered JMX Bean with object name Ratis:service=RaftServer,group=group-B8F157A541E1,id=33189823-c2a7-4143-b8a9-25d7cfe64aa3
2019-07-13 19:23:13,874 INFO  pipeline.PipelineStateManager (PipelineStateManager.java:addPipeline(56)) - Created pipeline Pipeline[ Id: 73d1f850-ebd2-4e7c-b763-b8f157a541e1, Nodes: 33189823-c2a7-4143-b8a9-25d7cfe64aa3{ip: 192.168.69.122, host: trunk-nightly-fxqsz-774976932, networkLocation: /default-rack, certSerialId: null}, Type:RATIS, Factor:ONE, State:OPEN]
2019-07-13 19:23:13,904 INFO  ozone.MiniOzoneClusterImpl (MiniOzoneClusterImpl.java:lambda$waitForClusterToBeReady$0(142)) - Waiting for cluster to be ready. Got 1 of 7 DN Heartbeats.
2019-07-13 19:23:13,966 INFO  node.SCMNodeManager (SCMNodeManager.java:register(269)) - Registered Data node : 9fd79525-e0ea-4574-a6fd-f2467b182dbd{ip: 192.168.69.122, host: trunk-nightly-fxqsz-774976932, networkLocation: /default-rack, certSerialId: null}
2019-07-13 19:23:13,974 INFO  impl.RaftServerProxy (RaftServerProxy.java:addNew(89)) - 9fd79525-e0ea-4574-a6fd-f2467b182dbd: addNew group-E15AC6E08600:[9fd79525-e0ea-4574-a6fd-f2467b182dbd:192.168.69.122:36306] returns group-E15AC6E08600:java.util.concurrent.CompletableFuture@31cb6218[Not completed]
2019-07-13 19:23:13,975 INFO  impl.RaftServerImpl (RaftServerImpl.java:<init>(93)) - 9fd79525-e0ea-4574-a6fd-f2467b182dbd: new RaftServerImpl for group-E15AC6E08600:[9fd79525-e0ea-4574-a6fd-f2467b182dbd:192.168.69.122:36306] with ContainerStateMachine:uninitialized
2019-07-13 19:23:13,975 INFO  server.RaftServerConfigKeys (ConfUtils.java:logGet(43)) - raft.server.rpc.timeout.min = 5s (custom)
2019-07-13 19:23:13,975 INFO  server.RaftServerConfigKeys (ConfUtils.java:logGet(43)) - raft.server.rpc.timeout.max = 5200ms (custom)
2019-07-13 19:23:13,975 INFO  server.RaftServerConfigKeys (ConfUtils.java:logGet(43)) - raft.server.rpcslowness.timeout = 120s (custom)
2019-07-13 19:23:13,975 INFO  server.RaftServerConfigKeys (ConfUtils.java:logGet(43)) - raft.server.sleep.deviation.threshold = 300 (default)
2019-07-13 19:23:13,975 INFO  server.RaftServerConfigKeys (ConfUtils.java:logGet(43)) - raft.server.log.appender.install.snapshot.enabled = false (custom)
2019-07-13 19:23:13,976 INFO  impl.RaftServerImpl (ServerState.java:<init>(105)) - 9fd79525-e0ea-4574-a6fd-f2467b182dbd:group-E15AC6E08600 ConfigurationManager, init=-1: [9fd79525-e0ea-4574-a6fd-f2467b182dbd:192.168.69.122:36306], old=null, confs=<EMPTY_MAP>
2019-07-13 19:23:13,976 INFO  server.RaftServerConfigKeys (ConfUtils.java:logGet(43)) - raft.server.storage.dir = [/tmp/workdir/hadoop-ozone/integration-test/target/test-dir/MiniOzoneClusterImpl-659b5396-75a0-48b6-93f6-4f91963722a5/datanode-1/data/ratis] (custom)
2019-07-13 19:23:13,976 INFO  storage.RaftStorageDirectory (RaftStorageDirectory.java:analyzeStorage(246)) - The storage directory /tmp/workdir/hadoop-ozone/integration-test/target/test-dir/MiniOzoneClusterImpl-659b5396-75a0-48b6-93f6-4f91963722a5/datanode-1/data/ratis/056543f4-36fe-437e-8683-e15ac6e08600 does not exist. Creating ...
2019-07-13 19:23:13,989 INFO  storage.RaftStorageDirectory (RaftStorageDirectory.java:tryLock(328)) - Lock on /tmp/workdir/hadoop-ozone/integration-test/target/test-dir/MiniOzoneClusterImpl-659b5396-75a0-48b6-93f6-4f91963722a5/datanode-1/data/ratis/056543f4-36fe-437e-8683-e15ac6e08600/in_use.lock acquired by nodename 22884@trunk-nightly-fxqsz-774976932
2019-07-13 19:23:14,003 INFO  storage.RaftStorage (RaftStorage.java:format(72)) - Storage directory /tmp/workdir/hadoop-ozone/integration-test/target/test-dir/MiniOzoneClusterImpl-659b5396-75a0-48b6-93f6-4f91963722a5/datanode-1/data/ratis/056543f4-36fe-437e-8683-e15ac6e08600 has been successfully formatted.
2019-07-13 19:23:14,003 INFO  ratis.ContainerStateMachine (ContainerStateMachine.java:loadSnapshot(200)) - The snapshot info is null.Setting the last applied index to:(t:0, i:~)
2019-07-13 19:23:14,003 INFO  server.RaftServerConfigKeys (ConfUtils.java:logGet(43)) - raft.server.leader.election.timeout = 120s (custom)
2019-07-13 19:23:14,003 INFO  server.RaftServerConfigKeys (ConfUtils.java:logGet(43)) - raft.server.log.use.memory = false (default)
2019-07-13 19:23:14,004 INFO  server.RaftServerConfigKeys (ConfUtils.java:logGet(43)) - raft.server.log.purge.gap = 1000000000 (custom)
2019-07-13 19:23:14,004 INFO  server.RaftServerConfigKeys (ConfUtils.java:logGet(43)) - raft.server.log.appender.buffer.byte-limit = 33554432 (custom)
2019-07-13 19:23:14,004 INFO  server.RaftServerConfigKeys (ConfUtils.java:logGet(43)) - raft.server.log.segment.size.max = 1048576 (custom)
2019-07-13 19:23:14,004 INFO  server.RaftServerConfigKeys (ConfUtils.java:logGet(43)) - raft.server.log.segment.cache.num.max = 2 (custom)
2019-07-13 19:23:14,004 INFO  segmented.SegmentedRaftLogWorker (SegmentedRaftLogWorker.java:<init>(172)) - new 9fd79525-e0ea-4574-a6fd-f2467b182dbd-SegmentedRaftLogWorker:Storage Directory /tmp/workdir/hadoop-ozone/integration-test/target/test-dir/MiniOzoneClusterImpl-659b5396-75a0-48b6-93f6-4f91963722a5/datanode-1/data/ratis/056543f4-36fe-437e-8683-e15ac6e08600 for RaftStorage:Storage Directory /tmp/workdir/hadoop-ozone/integration-test/target/test-dir/MiniOzoneClusterImpl-659b5396-75a0-48b6-93f6-4f91963722a5/datanode-1/data/ratis/056543f4-36fe-437e-8683-e15ac6e08600
2019-07-13 19:23:14,004 INFO  server.RaftServerConfigKeys (ConfUtils.java:logGet(43)) - raft.server.log.queue.byte-limit = 2147483647 (custom)
2019-07-13 19:23:14,005 INFO  server.RaftServerConfigKeys (ConfUtils.java:logGet(43)) - raft.server.log.queue.element-limit = 1024 (custom)
2019-07-13 19:23:14,005 INFO  server.RaftServerConfigKeys (ConfUtils.java:logGet(43)) - raft.server.log.segment.size.max = 1048576 (custom)
2019-07-13 19:23:14,005 INFO  server.RaftServerConfigKeys (ConfUtils.java:logGet(43)) - raft.server.log.preallocated.size = 16384 (custom)
2019-07-13 19:23:14,005 INFO  server.RaftServerConfigKeys (ConfUtils.java:logGet(43)) - raft.server.log.write.buffer.size = 33554432 (custom)
2019-07-13 19:23:14,005 INFO  server.RaftServerConfigKeys (ConfUtils.java:logGet(43)) - raft.server.log.force.sync.num = 128 (default)
2019-07-13 19:23:14,005 INFO  server.RaftServerConfigKeys (ConfUtils.java:logGet(43)) - raft.server.log.statemachine.data.sync = true (default)
2019-07-13 19:23:14,006 INFO  server.RaftServerConfigKeys (ConfUtils.java:logGet(43)) - raft.server.log.statemachine.data.sync.timeout = 10s (default)
2019-07-13 19:23:14,006 INFO  server.RaftServerConfigKeys (ConfUtils.java:logGet(43)) - raft.server.log.statemachine.data.sync.timeout.retry = -1 (default)
2019-07-13 19:23:14,006 INFO  server.RaftServerConfigKeys (ConfUtils.java:logGet(43)) - raft.server.log.statemachine.data.caching.enabled = true (custom)
2019-07-13 19:23:14,006 INFO  segmented.SegmentedRaftLogWorker (SegmentedRaftLogWorker.java:lambda$new$0(132)) - 9fd79525-e0ea-4574-a6fd-f2467b182dbd-SegmentedRaftLogWorker:Storage Directory /tmp/workdir/hadoop-ozone/integration-test/target/test-dir/MiniOzoneClusterImpl-659b5396-75a0-48b6-93f6-4f91963722a5/datanode-1/data/ratis/056543f4-36fe-437e-8683-e15ac6e08600: flushIndex: setUnconditionally 0 -> -1
2019-07-13 19:23:14,007 INFO  server.RaftServerConfigKeys (ConfUtils.java:logGet(43)) - raft.server.snapshot.auto.trigger.enabled = true (custom)
2019-07-13 19:23:14,007 INFO  server.RaftServerConfigKeys (ConfUtils.java:logGet(43)) - raft.server.snapshot.auto.trigger.threshold = 10000 (custom)
2019-07-13 19:23:14,007 INFO  server.RaftServerConfigKeys (ConfUtils.java:logGet(43)) - raft.server.retrycache.expirytime = 600000ms (custom)
2019-07-13 19:23:14,007 INFO  impl.RaftServerImpl (RaftServerImpl.java:start(180)) - 9fd79525-e0ea-4574-a6fd-f2467b182dbd: start group-E15AC6E08600
2019-07-13 19:23:14,007 INFO  impl.RaftServerImpl (RaftServerImpl.java:setRole(171)) - 9fd79525-e0ea-4574-a6fd-f2467b182dbd:group-E15AC6E08600 changes role from null to FOLLOWER at term 0 for startAsFollower
2019-07-13 19:23:14,007 INFO  impl.RoleInfo (RoleInfo.java:updateAndGet(143)) - 9fd79525-e0ea-4574-a6fd-f2467b182dbd: start FollowerState
2019-07-13 19:23:14,008 INFO  util.JmxRegister (JmxRegister.java:tryRegister(44)) - Successfully registered JMX Bean with object name Ratis:service=RaftServer,group=group-E15AC6E08600,id=9fd79525-e0ea-4574-a6fd-f2467b182dbd
2019-07-13 19:23:14,012 INFO  pipeline.PipelineStateManager (PipelineStateManager.java:addPipeline(56)) - Created pipeline Pipeline[ Id: 056543f4-36fe-437e-8683-e15ac6e08600, Nodes: 9fd79525-e0ea-4574-a6fd-f2467b182dbd{ip: 192.168.69.122, host: trunk-nightly-fxqsz-774976932, networkLocation: /default-rack, certSerialId: null}, Type:RATIS, Factor:ONE, State:OPEN]
2019-07-13 19:23:14,129 INFO  node.SCMNodeManager (SCMNodeManager.java:register(269)) - Registered Data node : 6de9ba50-7a2d-4d3a-bb7a-466933beabb1{ip: 192.168.69.122, host: trunk-nightly-fxqsz-774976932, networkLocation: /default-rack, certSerialId: null}
2019-07-13 19:23:14,139 INFO  impl.RaftServerProxy (RaftServerProxy.java:addNew(89)) - 6de9ba50-7a2d-4d3a-bb7a-466933beabb1: addNew group-0F786D1157E4:[6de9ba50-7a2d-4d3a-bb7a-466933beabb1:192.168.69.122:38852] returns group-0F786D1157E4:java.util.concurrent.CompletableFuture@1f212073[Not completed]
2019-07-13 19:23:14,140 INFO  impl.RaftServerImpl (RaftServerImpl.java:<init>(93)) - 6de9ba50-7a2d-4d3a-bb7a-466933beabb1: new RaftServerImpl for group-0F786D1157E4:[6de9ba50-7a2d-4d3a-bb7a-466933beabb1:192.168.69.122:38852] with ContainerStateMachine:uninitialized
2019-07-13 19:23:14,141 INFO  server.RaftServerConfigKeys (ConfUtils.java:logGet(43)) - raft.server.rpc.timeout.min = 5s (custom)
2019-07-13 19:23:14,141 INFO  server.RaftServerConfigKeys (ConfUtils.java:logGet(43)) - raft.server.rpc.timeout.max = 5200ms (custom)
2019-07-13 19:23:14,141 INFO  server.RaftServerConfigKeys (ConfUtils.java:logGet(43)) - raft.server.rpcslowness.timeout = 120s (custom)
2019-07-13 19:23:14,141 INFO  server.RaftServerConfigKeys (ConfUtils.java:logGet(43)) - raft.server.sleep.deviation.threshold = 300 (default)
2019-07-13 19:23:14,141 INFO  server.RaftServerConfigKeys (ConfUtils.java:logGet(43)) - raft.server.log.appender.install.snapshot.enabled = false (custom)
2019-07-13 19:23:14,141 INFO  impl.RaftServerImpl (ServerState.java:<init>(105)) - 6de9ba50-7a2d-4d3a-bb7a-466933beabb1:group-0F786D1157E4 ConfigurationManager, init=-1: [6de9ba50-7a2d-4d3a-bb7a-466933beabb1:192.168.69.122:38852], old=null, confs=<EMPTY_MAP>
2019-07-13 19:23:14,142 INFO  server.RaftServerConfigKeys (ConfUtils.java:logGet(43)) - raft.server.storage.dir = [/tmp/workdir/hadoop-ozone/integration-test/target/test-dir/MiniOzoneClusterImpl-659b5396-75a0-48b6-93f6-4f91963722a5/datanode-2/data/ratis] (custom)
2019-07-13 19:23:14,142 INFO  storage.RaftStorageDirectory (RaftStorageDirectory.java:analyzeStorage(246)) - The storage directory /tmp/workdir/hadoop-ozone/integration-test/target/test-dir/MiniOzoneClusterImpl-659b5396-75a0-48b6-93f6-4f91963722a5/datanode-2/data/ratis/22bb558d-a3fd-4966-9688-0f786d1157e4 does not exist. Creating ...
2019-07-13 19:23:14,156 INFO  storage.RaftStorageDirectory (RaftStorageDirectory.java:tryLock(328)) - Lock on /tmp/workdir/hadoop-ozone/integration-test/target/test-dir/MiniOzoneClusterImpl-659b5396-75a0-48b6-93f6-4f91963722a5/datanode-2/data/ratis/22bb558d-a3fd-4966-9688-0f786d1157e4/in_use.lock acquired by nodename 22884@trunk-nightly-fxqsz-774976932
2019-07-13 19:23:14,169 INFO  storage.RaftStorage (RaftStorage.java:format(72)) - Storage directory /tmp/workdir/hadoop-ozone/integration-test/target/test-dir/MiniOzoneClusterImpl-659b5396-75a0-48b6-93f6-4f91963722a5/datanode-2/data/ratis/22bb558d-a3fd-4966-9688-0f786d1157e4 has been successfully formatted.
2019-07-13 19:23:14,169 INFO  ratis.ContainerStateMachine (ContainerStateMachine.java:loadSnapshot(200)) - The snapshot info is null.Setting the last applied index to:(t:0, i:~)
2019-07-13 19:23:14,170 INFO  server.RaftServerConfigKeys (ConfUtils.java:logGet(43)) - raft.server.leader.election.timeout = 120s (custom)
2019-07-13 19:23:14,170 INFO  server.RaftServerConfigKeys (ConfUtils.java:logGet(43)) - raft.server.log.use.memory = false (default)
2019-07-13 19:23:14,170 INFO  server.RaftServerConfigKeys (ConfUtils.java:logGet(43)) - raft.server.log.purge.gap = 1000000000 (custom)
2019-07-13 19:23:14,170 INFO  server.RaftServerConfigKeys (ConfUtils.java:logGet(43)) - raft.server.log.appender.buffer.byte-limit = 33554432 (custom)
2019-07-13 19:23:14,170 INFO  server.RaftServerConfigKeys (ConfUtils.java:logGet(43)) - raft.server.log.segment.size.max = 1048576 (custom)
2019-07-13 19:23:14,170 INFO  server.RaftServerConfigKeys (ConfUtils.java:logGet(43)) - raft.server.log.segment.cache.num.max = 2 (custom)
2019-07-13 19:23:14,171 INFO  segmented.SegmentedRaftLogWorker (SegmentedRaftLogWorker.java:<init>(172)) - new 6de9ba50-7a2d-4d3a-bb7a-466933beabb1-SegmentedRaftLogWorker:Storage Directory /tmp/workdir/hadoop-ozone/integration-test/target/test-dir/MiniOzoneClusterImpl-659b5396-75a0-48b6-93f6-4f91963722a5/datanode-2/data/ratis/22bb558d-a3fd-4966-9688-0f786d1157e4 for RaftStorage:Storage Directory /tmp/workdir/hadoop-ozone/integration-test/target/test-dir/MiniOzoneClusterImpl-659b5396-75a0-48b6-93f6-4f91963722a5/datanode-2/data/ratis/22bb558d-a3fd-4966-9688-0f786d1157e4
2019-07-13 19:23:14,171 INFO  server.RaftServerConfigKeys (ConfUtils.java:logGet(43)) - raft.server.log.queue.byte-limit = 2147483647 (custom)
2019-07-13 19:23:14,171 INFO  server.RaftServerConfigKeys (ConfUtils.java:logGet(43)) - raft.server.log.queue.element-limit = 1024 (custom)
2019-07-13 19:23:14,171 INFO  server.RaftServerConfigKeys (ConfUtils.java:logGet(43)) - raft.server.log.segment.size.max = 1048576 (custom)
2019-07-13 19:23:14,171 INFO  server.RaftServerConfigKeys (ConfUtils.java:logGet(43)) - raft.server.log.preallocated.size = 16384 (custom)
2019-07-13 19:23:14,172 INFO  server.RaftServerConfigKeys (ConfUtils.java:logGet(43)) - raft.server.log.write.buffer.size = 33554432 (custom)
2019-07-13 19:23:14,172 INFO  server.RaftServerConfigKeys (ConfUtils.java:logGet(43)) - raft.server.log.force.sync.num = 128 (default)
2019-07-13 19:23:14,172 INFO  server.RaftServerConfigKeys (ConfUtils.java:logGet(43)) - raft.server.log.statemachine.data.sync = true (default)
2019-07-13 19:23:14,172 INFO  server.RaftServerConfigKeys (ConfUtils.java:logGet(43)) - raft.server.log.statemachine.data.sync.timeout = 10s (default)
2019-07-13 19:23:14,172 INFO  server.RaftServerConfigKeys (ConfUtils.java:logGet(43)) - raft.server.log.statemachine.data.sync.timeout.retry = -1 (default)
2019-07-13 19:23:14,172 INFO  server.RaftServerConfigKeys (ConfUtils.java:logGet(43)) - raft.server.log.statemachine.data.caching.enabled = true (custom)
2019-07-13 19:23:14,173 INFO  segmented.SegmentedRaftLogWorker (SegmentedRaftLogWorker.java:lambda$new$0(132)) - 6de9ba50-7a2d-4d3a-bb7a-466933beabb1-SegmentedRaftLogWorker:Storage Directory /tmp/workdir/hadoop-ozone/integration-test/target/test-dir/MiniOzoneClusterImpl-659b5396-75a0-48b6-93f6-4f91963722a5/datanode-2/data/ratis/22bb558d-a3fd-4966-9688-0f786d1157e4: flushIndex: setUnconditionally 0 -> -1
2019-07-13 19:23:14,173 INFO  server.RaftServerConfigKeys (ConfUtils.java:logGet(43)) - raft.server.snapshot.auto.trigger.enabled = true (custom)
2019-07-13 19:23:14,173 INFO  server.RaftServerConfigKeys (ConfUtils.java:logGet(43)) - raft.server.snapshot.auto.trigger.threshold = 10000 (custom)
2019-07-13 19:23:14,174 INFO  server.RaftServerConfigKeys (ConfUtils.java:logGet(43)) - raft.server.retrycache.expirytime = 600000ms (custom)
2019-07-13 19:23:14,174 INFO  impl.RaftServerImpl (RaftServerImpl.java:start(180)) - 6de9ba50-7a2d-4d3a-bb7a-466933beabb1: start group-0F786D1157E4
2019-07-13 19:23:14,174 INFO  impl.RaftServerImpl (RaftServerImpl.java:setRole(171)) - 6de9ba50-7a2d-4d3a-bb7a-466933beabb1:group-0F786D1157E4 changes role from null to FOLLOWER at term 0 for startAsFollower
2019-07-13 19:23:14,174 INFO  impl.RoleInfo (RoleInfo.java:updateAndGet(143)) - 6de9ba50-7a2d-4d3a-bb7a-466933beabb1: start FollowerState
2019-07-13 19:23:14,174 INFO  util.JmxRegister (JmxRegister.java:tryRegister(44)) - Successfully registered JMX Bean with object name Ratis:service=RaftServer,group=group-0F786D1157E4,id=6de9ba50-7a2d-4d3a-bb7a-466933beabb1
2019-07-13 19:23:14,181 INFO  pipeline.PipelineStateManager (PipelineStateManager.java:addPipeline(56)) - Created pipeline Pipeline[ Id: 22bb558d-a3fd-4966-9688-0f786d1157e4, Nodes: 6de9ba50-7a2d-4d3a-bb7a-466933beabb1{ip: 192.168.69.122, host: trunk-nightly-fxqsz-774976932, networkLocation: /default-rack, certSerialId: null}, Type:RATIS, Factor:ONE, State:OPEN]
2019-07-13 19:23:14,206 INFO  impl.RaftServerProxy (RaftServerProxy.java:addNew(89)) - 33189823-c2a7-4143-b8a9-25d7cfe64aa3: addNew group-4ED3DB7C4FA0:[33189823-c2a7-4143-b8a9-25d7cfe64aa3:192.168.69.122:37434, 6de9ba50-7a2d-4d3a-bb7a-466933beabb1:192.168.69.122:38852, 9fd79525-e0ea-4574-a6fd-f2467b182dbd:192.168.69.122:36306] returns group-4ED3DB7C4FA0:java.util.concurrent.CompletableFuture@7021abd5[Not completed]
2019-07-13 19:23:14,206 INFO  impl.RaftServerProxy (RaftServerProxy.java:addNew(89)) - 6de9ba50-7a2d-4d3a-bb7a-466933beabb1: addNew group-4ED3DB7C4FA0:[33189823-c2a7-4143-b8a9-25d7cfe64aa3:192.168.69.122:37434, 6de9ba50-7a2d-4d3a-bb7a-466933beabb1:192.168.69.122:38852, 9fd79525-e0ea-4574-a6fd-f2467b182dbd:192.168.69.122:36306] returns group-4ED3DB7C4FA0:java.util.concurrent.CompletableFuture@2c8e2c80[Not completed]
2019-07-13 19:23:14,206 INFO  impl.RaftServerProxy (RaftServerProxy.java:addNew(89)) - 9fd79525-e0ea-4574-a6fd-f2467b182dbd: addNew group-4ED3DB7C4FA0:[33189823-c2a7-4143-b8a9-25d7cfe64aa3:192.168.69.122:37434, 6de9ba50-7a2d-4d3a-bb7a-466933beabb1:192.168.69.122:38852, 9fd79525-e0ea-4574-a6fd-f2467b182dbd:192.168.69.122:36306] returns group-4ED3DB7C4FA0:java.util.concurrent.CompletableFuture@3e071583[Not completed]
2019-07-13 19:23:14,207 INFO  impl.RaftServerImpl (RaftServerImpl.java:<init>(93)) - 33189823-c2a7-4143-b8a9-25d7cfe64aa3: new RaftServerImpl for group-4ED3DB7C4FA0:[33189823-c2a7-4143-b8a9-25d7cfe64aa3:192.168.69.122:37434, 6de9ba50-7a2d-4d3a-bb7a-466933beabb1:192.168.69.122:38852, 9fd79525-e0ea-4574-a6fd-f2467b182dbd:192.168.69.122:36306] with ContainerStateMachine:uninitialized
2019-07-13 19:23:14,207 INFO  server.RaftServerConfigKeys (ConfUtils.java:logGet(43)) - raft.server.rpc.timeout.min = 5s (custom)
2019-07-13 19:23:14,207 INFO  server.RaftServerConfigKeys (ConfUtils.java:logGet(43)) - raft.server.rpc.timeout.max = 5200ms (custom)
2019-07-13 19:23:14,207 INFO  server.RaftServerConfigKeys (ConfUtils.java:logGet(43)) - raft.server.rpcslowness.timeout = 120s (custom)
2019-07-13 19:23:14,207 INFO  server.RaftServerConfigKeys (ConfUtils.java:logGet(43)) - raft.server.sleep.deviation.threshold = 300 (default)
2019-07-13 19:23:14,207 INFO  server.RaftServerConfigKeys (ConfUtils.java:logGet(43)) - raft.server.log.appender.install.snapshot.enabled = false (custom)
2019-07-13 19:23:14,207 INFO  impl.RaftServerImpl (RaftServerImpl.java:<init>(93)) - 6de9ba50-7a2d-4d3a-bb7a-466933beabb1: new RaftServerImpl for group-4ED3DB7C4FA0:[33189823-c2a7-4143-b8a9-25d7cfe64aa3:192.168.69.122:37434, 6de9ba50-7a2d-4d3a-bb7a-466933beabb1:192.168.69.122:38852, 9fd79525-e0ea-4574-a6fd-f2467b182dbd:192.168.69.122:36306] with ContainerStateMachine:uninitialized
2019-07-13 19:23:14,207 INFO  impl.RaftServerImpl (ServerState.java:<init>(105)) - 33189823-c2a7-4143-b8a9-25d7cfe64aa3:group-4ED3DB7C4FA0 ConfigurationManager, init=-1: [33189823-c2a7-4143-b8a9-25d7cfe64aa3:192.168.69.122:37434, 6de9ba50-7a2d-4d3a-bb7a-466933beabb1:192.168.69.122:38852, 9fd79525-e0ea-4574-a6fd-f2467b182dbd:192.168.69.122:36306], old=null, confs=<EMPTY_MAP>
2019-07-13 19:23:14,208 INFO  impl.RaftServerImpl (RaftServerImpl.java:<init>(93)) - 9fd79525-e0ea-4574-a6fd-f2467b182dbd: new RaftServerImpl for group-4ED3DB7C4FA0:[33189823-c2a7-4143-b8a9-25d7cfe64aa3:192.168.69.122:37434, 6de9ba50-7a2d-4d3a-bb7a-466933beabb1:192.168.69.122:38852, 9fd79525-e0ea-4574-a6fd-f2467b182dbd:192.168.69.122:36306] with ContainerStateMachine:uninitialized
2019-07-13 19:23:14,208 INFO  server.RaftServerConfigKeys (ConfUtils.java:logGet(43)) - raft.server.rpc.timeout.min = 5s (custom)
2019-07-13 19:23:14,208 INFO  server.RaftServerConfigKeys (ConfUtils.java:logGet(43)) - raft.server.rpc.timeout.min = 5s (custom)
2019-07-13 19:23:14,208 INFO  server.RaftServerConfigKeys (ConfUtils.java:logGet(43)) - raft.server.rpc.timeout.max = 5200ms (custom)
2019-07-13 19:23:14,208 INFO  server.RaftServerConfigKeys (ConfUtils.java:logGet(43)) - raft.server.storage.dir = [/tmp/workdir/hadoop-ozone/integration-test/target/test-dir/MiniOzoneClusterImpl-659b5396-75a0-48b6-93f6-4f91963722a5/datanode-0/data/ratis] (custom)
2019-07-13 19:23:14,208 INFO  server.RaftServerConfigKeys (ConfUtils.java:logGet(43)) - raft.server.rpcslowness.timeout = 120s (custom)
2019-07-13 19:23:14,209 INFO  server.RaftServerConfigKeys (ConfUtils.java:logGet(43)) - raft.server.sleep.deviation.threshold = 300 (default)
2019-07-13 19:23:14,209 INFO  server.RaftServerConfigKeys (ConfUtils.java:logGet(43)) - raft.server.log.appender.install.snapshot.enabled = false (custom)
2019-07-13 19:23:14,208 INFO  server.RaftServerConfigKeys (ConfUtils.java:logGet(43)) - raft.server.rpc.timeout.max = 5200ms (custom)
2019-07-13 19:23:14,209 INFO  impl.RaftServerImpl (ServerState.java:<init>(105)) - 9fd79525-e0ea-4574-a6fd-f2467b182dbd:group-4ED3DB7C4FA0 ConfigurationManager, init=-1: [33189823-c2a7-4143-b8a9-25d7cfe64aa3:192.168.69.122:37434, 6de9ba50-7a2d-4d3a-bb7a-466933beabb1:192.168.69.122:38852, 9fd79525-e0ea-4574-a6fd-f2467b182dbd:192.168.69.122:36306], old=null, confs=<EMPTY_MAP>
2019-07-13 19:23:14,209 INFO  storage.RaftStorageDirectory (RaftStorageDirectory.java:analyzeStorage(246)) - The storage directory /tmp/workdir/hadoop-ozone/integration-test/target/test-dir/MiniOzoneClusterImpl-659b5396-75a0-48b6-93f6-4f91963722a5/datanode-0/data/ratis/a1ab02a7-5915-4661-b958-4ed3db7c4fa0 does not exist. Creating ...
2019-07-13 19:23:14,209 INFO  server.RaftServerConfigKeys (ConfUtils.java:logGet(43)) - raft.server.storage.dir = [/tmp/workdir/hadoop-ozone/integration-test/target/test-dir/MiniOzoneClusterImpl-659b5396-75a0-48b6-93f6-4f91963722a5/datanode-1/data/ratis] (custom)
2019-07-13 19:23:14,209 INFO  server.RaftServerConfigKeys (ConfUtils.java:logGet(43)) - raft.server.rpcslowness.timeout = 120s (custom)
2019-07-13 19:23:14,209 INFO  storage.RaftStorageDirectory (RaftStorageDirectory.java:analyzeStorage(246)) - The storage directory /tmp/workdir/hadoop-ozone/integration-test/target/test-dir/MiniOzoneClusterImpl-659b5396-75a0-48b6-93f6-4f91963722a5/datanode-1/data/ratis/a1ab02a7-5915-4661-b958-4ed3db7c4fa0 does not exist. Creating ...
2019-07-13 19:23:14,209 INFO  server.RaftServerConfigKeys (ConfUtils.java:logGet(43)) - raft.server.sleep.deviation.threshold = 300 (default)
2019-07-13 19:23:14,210 INFO  server.RaftServerConfigKeys (ConfUtils.java:logGet(43)) - raft.server.log.appender.install.snapshot.enabled = false (custom)
2019-07-13 19:23:14,210 INFO  impl.RaftServerImpl (ServerState.java:<init>(105)) - 6de9ba50-7a2d-4d3a-bb7a-466933beabb1:group-4ED3DB7C4FA0 ConfigurationManager, init=-1: [33189823-c2a7-4143-b8a9-25d7cfe64aa3:192.168.69.122:37434, 6de9ba50-7a2d-4d3a-bb7a-466933beabb1:192.168.69.122:38852, 9fd79525-e0ea-4574-a6fd-f2467b182dbd:192.168.69.122:36306], old=null, confs=<EMPTY_MAP>
2019-07-13 19:23:14,210 INFO  server.RaftServerConfigKeys (ConfUtils.java:logGet(43)) - raft.server.storage.dir = [/tmp/workdir/hadoop-ozone/integration-test/target/test-dir/MiniOzoneClusterImpl-659b5396-75a0-48b6-93f6-4f91963722a5/datanode-2/data/ratis] (custom)
2019-07-13 19:23:14,211 INFO  storage.RaftStorageDirectory (RaftStorageDirectory.java:analyzeStorage(246)) - The storage directory /tmp/workdir/hadoop-ozone/integration-test/target/test-dir/MiniOzoneClusterImpl-659b5396-75a0-48b6-93f6-4f91963722a5/datanode-2/data/ratis/a1ab02a7-5915-4661-b958-4ed3db7c4fa0 does not exist. Creating ...
2019-07-13 19:23:14,222 INFO  storage.RaftStorageDirectory (RaftStorageDirectory.java:tryLock(328)) - Lock on /tmp/workdir/hadoop-ozone/integration-test/target/test-dir/MiniOzoneClusterImpl-659b5396-75a0-48b6-93f6-4f91963722a5/datanode-1/data/ratis/a1ab02a7-5915-4661-b958-4ed3db7c4fa0/in_use.lock acquired by nodename 22884@trunk-nightly-fxqsz-774976932
2019-07-13 19:23:14,222 INFO  storage.RaftStorageDirectory (RaftStorageDirectory.java:tryLock(328)) - Lock on /tmp/workdir/hadoop-ozone/integration-test/target/test-dir/MiniOzoneClusterImpl-659b5396-75a0-48b6-93f6-4f91963722a5/datanode-2/data/ratis/a1ab02a7-5915-4661-b958-4ed3db7c4fa0/in_use.lock acquired by nodename 22884@trunk-nightly-fxqsz-774976932
2019-07-13 19:23:14,222 INFO  storage.RaftStorageDirectory (RaftStorageDirectory.java:tryLock(328)) - Lock on /tmp/workdir/hadoop-ozone/integration-test/target/test-dir/MiniOzoneClusterImpl-659b5396-75a0-48b6-93f6-4f91963722a5/datanode-0/data/ratis/a1ab02a7-5915-4661-b958-4ed3db7c4fa0/in_use.lock acquired by nodename 22884@trunk-nightly-fxqsz-774976932
2019-07-13 19:23:14,248 INFO  storage.RaftStorage (RaftStorage.java:format(72)) - Storage directory /tmp/workdir/hadoop-ozone/integration-test/target/test-dir/MiniOzoneClusterImpl-659b5396-75a0-48b6-93f6-4f91963722a5/datanode-2/data/ratis/a1ab02a7-5915-4661-b958-4ed3db7c4fa0 has been successfully formatted.
2019-07-13 19:23:14,248 INFO  storage.RaftStorage (RaftStorage.java:format(72)) - Storage directory /tmp/workdir/hadoop-ozone/integration-test/target/test-dir/MiniOzoneClusterImpl-659b5396-75a0-48b6-93f6-4f91963722a5/datanode-1/data/ratis/a1ab02a7-5915-4661-b958-4ed3db7c4fa0 has been successfully formatted.
2019-07-13 19:23:14,248 INFO  ratis.ContainerStateMachine (ContainerStateMachine.java:loadSnapshot(200)) - The snapshot info is null.Setting the last applied index to:(t:0, i:~)
2019-07-13 19:23:14,248 INFO  storage.RaftStorage (RaftStorage.java:format(72)) - Storage directory /tmp/workdir/hadoop-ozone/integration-test/target/test-dir/MiniOzoneClusterImpl-659b5396-75a0-48b6-93f6-4f91963722a5/datanode-0/data/ratis/a1ab02a7-5915-4661-b958-4ed3db7c4fa0 has been successfully formatted.
2019-07-13 19:23:14,248 INFO  server.RaftServerConfigKeys (ConfUtils.java:logGet(43)) - raft.server.leader.election.timeout = 120s (custom)
2019-07-13 19:23:14,248 INFO  ratis.ContainerStateMachine (ContainerStateMachine.java:loadSnapshot(200)) - The snapshot info is null.Setting the last applied index to:(t:0, i:~)
2019-07-13 19:23:14,249 INFO  server.RaftServerConfigKeys (ConfUtils.java:logGet(43)) - raft.server.log.use.memory = false (default)
2019-07-13 19:23:14,249 INFO  ratis.ContainerStateMachine (ContainerStateMachine.java:loadSnapshot(200)) - The snapshot info is null.Setting the last applied index to:(t:0, i:~)
2019-07-13 19:23:14,249 INFO  server.RaftServerConfigKeys (ConfUtils.java:logGet(43)) - raft.server.log.purge.gap = 1000000000 (custom)
2019-07-13 19:23:14,249 INFO  server.RaftServerConfigKeys (ConfUtils.java:logGet(43)) - raft.server.log.appender.buffer.byte-limit = 33554432 (custom)
2019-07-13 19:23:14,249 INFO  server.RaftServerConfigKeys (ConfUtils.java:logGet(43)) - raft.server.leader.election.timeout = 120s (custom)
2019-07-13 19:23:14,249 INFO  server.RaftServerConfigKeys (ConfUtils.java:logGet(43)) - raft.server.log.segment.size.max = 1048576 (custom)
2019-07-13 19:23:14,249 INFO  server.RaftServerConfigKeys (ConfUtils.java:logGet(43)) - raft.server.leader.election.timeout = 120s (custom)
2019-07-13 19:23:14,250 INFO  server.RaftServerConfigKeys (ConfUtils.java:logGet(43)) - raft.server.log.segment.cache.num.max = 2 (custom)
2019-07-13 19:23:14,250 INFO  server.RaftServerConfigKeys (ConfUtils.java:logGet(43)) - raft.server.log.use.memory = false (default)
2019-07-13 19:23:14,250 INFO  segmented.SegmentedRaftLogWorker (SegmentedRaftLogWorker.java:<init>(172)) - new 6de9ba50-7a2d-4d3a-bb7a-466933beabb1-SegmentedRaftLogWorker:Storage Directory /tmp/workdir/hadoop-ozone/integration-test/target/test-dir/MiniOzoneClusterImpl-659b5396-75a0-48b6-93f6-4f91963722a5/datanode-2/data/ratis/a1ab02a7-5915-4661-b958-4ed3db7c4fa0 for RaftStorage:Storage Directory /tmp/workdir/hadoop-ozone/integration-test/target/test-dir/MiniOzoneClusterImpl-659b5396-75a0-48b6-93f6-4f91963722a5/datanode-2/data/ratis/a1ab02a7-5915-4661-b958-4ed3db7c4fa0
2019-07-13 19:23:14,250 INFO  server.RaftServerConfigKeys (ConfUtils.java:logGet(43)) - raft.server.log.use.memory = false (default)
2019-07-13 19:23:14,250 INFO  server.RaftServerConfigKeys (ConfUtils.java:logGet(43)) - raft.server.log.queue.byte-limit = 2147483647 (custom)
2019-07-13 19:23:14,251 INFO  server.RaftServerConfigKeys (ConfUtils.java:logGet(43)) - raft.server.log.queue.element-limit = 1024 (custom)
2019-07-13 19:23:14,250 INFO  server.RaftServerConfigKeys (ConfUtils.java:logGet(43)) - raft.server.log.purge.gap = 1000000000 (custom)
2019-07-13 19:23:14,251 INFO  server.RaftServerConfigKeys (ConfUtils.java:logGet(43)) - raft.server.log.segment.size.max = 1048576 (custom)
2019-07-13 19:23:14,251 INFO  server.RaftServerConfigKeys (ConfUtils.java:logGet(43)) - raft.server.log.preallocated.size = 16384 (custom)
2019-07-13 19:23:14,250 INFO  server.RaftServerConfigKeys (ConfUtils.java:logGet(43)) - raft.server.log.purge.gap = 1000000000 (custom)
2019-07-13 19:23:14,251 INFO  server.RaftServerConfigKeys (ConfUtils.java:logGet(43)) - raft.server.log.write.buffer.size = 33554432 (custom)
2019-07-13 19:23:14,251 INFO  server.RaftServerConfigKeys (ConfUtils.java:logGet(43)) - raft.server.log.appender.buffer.byte-limit = 33554432 (custom)
2019-07-13 19:23:14,252 INFO  server.RaftServerConfigKeys (ConfUtils.java:logGet(43)) - raft.server.log.force.sync.num = 128 (default)
2019-07-13 19:23:14,251 INFO  server.RaftServerConfigKeys (ConfUtils.java:logGet(43)) - raft.server.log.appender.buffer.byte-limit = 33554432 (custom)
2019-07-13 19:23:14,252 INFO  server.RaftServerConfigKeys (ConfUtils.java:logGet(43)) - raft.server.log.statemachine.data.sync = true (default)
2019-07-13 19:23:14,252 INFO  server.RaftServerConfigKeys (ConfUtils.java:logGet(43)) - raft.server.log.statemachine.data.sync.timeout = 10s (default)
2019-07-13 19:23:14,252 INFO  server.RaftServerConfigKeys (ConfUtils.java:logGet(43)) - raft.server.log.segment.size.max = 1048576 (custom)
2019-07-13 19:23:14,252 INFO  server.RaftServerConfigKeys (ConfUtils.java:logGet(43)) - raft.server.log.statemachine.data.sync.timeout.retry = -1 (default)
2019-07-13 19:23:14,252 INFO  server.RaftServerConfigKeys (ConfUtils.java:logGet(43)) - raft.server.log.segment.size.max = 1048576 (custom)
2019-07-13 19:23:14,253 INFO  server.RaftServerConfigKeys (ConfUtils.java:logGet(43)) - raft.server.log.statemachine.data.caching.enabled = true (custom)
2019-07-13 19:23:14,253 INFO  server.RaftServerConfigKeys (ConfUtils.java:logGet(43)) - raft.server.log.segment.cache.num.max = 2 (custom)
2019-07-13 19:23:14,253 INFO  server.RaftServerConfigKeys (ConfUtils.java:logGet(43)) - raft.server.log.segment.cache.num.max = 2 (custom)
2019-07-13 19:23:14,253 INFO  segmented.SegmentedRaftLogWorker (SegmentedRaftLogWorker.java:<init>(172)) - new 9fd79525-e0ea-4574-a6fd-f2467b182dbd-SegmentedRaftLogWorker:Storage Directory /tmp/workdir/hadoop-ozone/integration-test/target/test-dir/MiniOzoneClusterImpl-659b5396-75a0-48b6-93f6-4f91963722a5/datanode-1/data/ratis/a1ab02a7-5915-4661-b958-4ed3db7c4fa0 for RaftStorage:Storage Directory /tmp/workdir/hadoop-ozone/integration-test/target/test-dir/MiniOzoneClusterImpl-659b5396-75a0-48b6-93f6-4f91963722a5/datanode-1/data/ratis/a1ab02a7-5915-4661-b958-4ed3db7c4fa0
2019-07-13 19:23:14,253 INFO  segmented.SegmentedRaftLogWorker (SegmentedRaftLogWorker.java:lambda$new$0(132)) - 6de9ba50-7a2d-4d3a-bb7a-466933beabb1-SegmentedRaftLogWorker:Storage Directory /tmp/workdir/hadoop-ozone/integration-test/target/test-dir/MiniOzoneClusterImpl-659b5396-75a0-48b6-93f6-4f91963722a5/datanode-2/data/ratis/a1ab02a7-5915-4661-b958-4ed3db7c4fa0: flushIndex: setUnconditionally 0 -> -1
2019-07-13 19:23:14,254 INFO  server.RaftServerConfigKeys (ConfUtils.java:logGet(43)) - raft.server.log.queue.byte-limit = 2147483647 (custom)
2019-07-13 19:23:14,253 INFO  segmented.SegmentedRaftLogWorker (SegmentedRaftLogWorker.java:<init>(172)) - new 33189823-c2a7-4143-b8a9-25d7cfe64aa3-SegmentedRaftLogWorker:Storage Directory /tmp/workdir/hadoop-ozone/integration-test/target/test-dir/MiniOzoneClusterImpl-659b5396-75a0-48b6-93f6-4f91963722a5/datanode-0/data/ratis/a1ab02a7-5915-4661-b958-4ed3db7c4fa0 for RaftStorage:Storage Directory /tmp/workdir/hadoop-ozone/integration-test/target/test-dir/MiniOzoneClusterImpl-659b5396-75a0-48b6-93f6-4f91963722a5/datanode-0/data/ratis/a1ab02a7-5915-4661-b958-4ed3db7c4fa0
2019-07-13 19:23:14,254 INFO  server.RaftServerConfigKeys (ConfUtils.java:logGet(43)) - raft.server.snapshot.auto.trigger.enabled = true (custom)
2019-07-13 19:23:14,254 INFO  server.RaftServerConfigKeys (ConfUtils.java:logGet(43)) - raft.server.log.queue.element-limit = 1024 (custom)
2019-07-13 19:23:14,254 INFO  server.RaftServerConfigKeys (ConfUtils.java:logGet(43)) - raft.server.snapshot.auto.trigger.threshold = 10000 (custom)
2019-07-13 19:23:14,254 INFO  server.RaftServerConfigKeys (ConfUtils.java:logGet(43)) - raft.server.log.queue.byte-limit = 2147483647 (custom)
2019-07-13 19:23:14,254 INFO  server.RaftServerConfigKeys (ConfUtils.java:logGet(43)) - raft.server.retrycache.expirytime = 600000ms (custom)
2019-07-13 19:23:14,254 INFO  server.RaftServerConfigKeys (ConfUtils.java:logGet(43)) - raft.server.log.segment.size.max = 1048576 (custom)
2019-07-13 19:23:14,255 INFO  impl.RaftServerImpl (RaftServerImpl.java:start(180)) - 6de9ba50-7a2d-4d3a-bb7a-466933beabb1: start group-4ED3DB7C4FA0
2019-07-13 19:23:14,255 INFO  server.RaftServerConfigKeys (ConfUtils.java:logGet(43)) - raft.server.log.queue.element-limit = 1024 (custom)
2019-07-13 19:23:14,255 INFO  impl.RaftServerImpl (RaftServerImpl.java:setRole(171)) - 6de9ba50-7a2d-4d3a-bb7a-466933beabb1:group-4ED3DB7C4FA0 changes role from null to FOLLOWER at term 0 for startAsFollower
2019-07-13 19:23:14,255 INFO  server.RaftServerConfigKeys (ConfUtils.java:logGet(43)) - raft.server.log.preallocated.size = 16384 (custom)
2019-07-13 19:23:14,255 INFO  impl.RoleInfo (RoleInfo.java:updateAndGet(143)) - 6de9ba50-7a2d-4d3a-bb7a-466933beabb1: start FollowerState
2019-07-13 19:23:14,255 INFO  server.RaftServerConfigKeys (ConfUtils.java:logGet(43)) - raft.server.log.segment.size.max = 1048576 (custom)
2019-07-13 19:23:14,255 INFO  server.RaftServerConfigKeys (ConfUtils.java:logGet(43)) - raft.server.log.write.buffer.size = 33554432 (custom)
2019-07-13 19:23:14,256 INFO  server.RaftServerConfigKeys (ConfUtils.java:logGet(43)) - raft.server.log.preallocated.size = 16384 (custom)
2019-07-13 19:23:14,256 INFO  server.RaftServerConfigKeys (ConfUtils.java:logGet(43)) - raft.server.log.force.sync.num = 128 (default)
2019-07-13 19:23:14,256 INFO  util.JmxRegister (JmxRegister.java:tryRegister(44)) - Successfully registered JMX Bean with object name Ratis:service=RaftServer,group=group-4ED3DB7C4FA0,id=6de9ba50-7a2d-4d3a-bb7a-466933beabb1
2019-07-13 19:23:14,256 INFO  server.RaftServerConfigKeys (ConfUtils.java:logGet(43)) - raft.server.log.statemachine.data.sync = true (default)
2019-07-13 19:23:14,256 INFO  server.RaftServerConfigKeys (ConfUtils.java:logGet(43)) - raft.server.log.write.buffer.size = 33554432 (custom)
2019-07-13 19:23:14,256 INFO  server.RaftServerConfigKeys (ConfUtils.java:logGet(43)) - raft.server.log.statemachine.data.sync.timeout = 10s (default)
2019-07-13 19:23:14,257 INFO  server.RaftServerConfigKeys (ConfUtils.java:logGet(43)) - raft.server.log.force.sync.num = 128 (default)
2019-07-13 19:23:14,257 INFO  server.RaftServerConfigKeys (ConfUtils.java:logGet(43)) - raft.server.log.statemachine.data.sync.timeout.retry = -1 (default)
2019-07-13 19:23:14,257 INFO  server.RaftServerConfigKeys (ConfUtils.java:logGet(43)) - raft.server.log.statemachine.data.sync = true (default)
2019-07-13 19:23:14,257 INFO  server.RaftServerConfigKeys (ConfUtils.java:logGet(43)) - raft.server.log.statemachine.data.caching.enabled = true (custom)
2019-07-13 19:23:14,257 INFO  server.RaftServerConfigKeys (ConfUtils.java:logGet(43)) - raft.server.log.statemachine.data.sync.timeout = 10s (default)
2019-07-13 19:23:14,260 INFO  segmented.SegmentedRaftLogWorker (SegmentedRaftLogWorker.java:lambda$new$0(132)) - 9fd79525-e0ea-4574-a6fd-f2467b182dbd-SegmentedRaftLogWorker:Storage Directory /tmp/workdir/hadoop-ozone/integration-test/target/test-dir/MiniOzoneClusterImpl-659b5396-75a0-48b6-93f6-4f91963722a5/datanode-1/data/ratis/a1ab02a7-5915-4661-b958-4ed3db7c4fa0: flushIndex: setUnconditionally 0 -> -1
2019-07-13 19:23:14,260 INFO  server.RaftServerConfigKeys (ConfUtils.java:logGet(43)) - raft.server.log.statemachine.data.sync.timeout.retry = -1 (default)
2019-07-13 19:23:14,260 INFO  server.RaftServerConfigKeys (ConfUtils.java:logGet(43)) - raft.server.log.statemachine.data.caching.enabled = true (custom)
2019-07-13 19:23:14,260 INFO  server.RaftServerConfigKeys (ConfUtils.java:logGet(43)) - raft.server.snapshot.auto.trigger.enabled = true (custom)
2019-07-13 19:23:14,260 INFO  server.RaftServerConfigKeys (ConfUtils.java:logGet(43)) - raft.server.snapshot.auto.trigger.threshold = 10000 (custom)
2019-07-13 19:23:14,261 INFO  segmented.SegmentedRaftLogWorker (SegmentedRaftLogWorker.java:lambda$new$0(132)) - 33189823-c2a7-4143-b8a9-25d7cfe64aa3-SegmentedRaftLogWorker:Storage Directory /tmp/workdir/hadoop-ozone/integration-test/target/test-dir/MiniOzoneClusterImpl-659b5396-75a0-48b6-93f6-4f91963722a5/datanode-0/data/ratis/a1ab02a7-5915-4661-b958-4ed3db7c4fa0: flushIndex: setUnconditionally 0 -> -1
2019-07-13 19:23:14,261 INFO  server.RaftServerConfigKeys (ConfUtils.java:logGet(43)) - raft.server.retrycache.expirytime = 600000ms (custom)
2019-07-13 19:23:14,261 INFO  server.RaftServerConfigKeys (ConfUtils.java:logGet(43)) - raft.server.snapshot.auto.trigger.enabled = true (custom)
2019-07-13 19:23:14,261 INFO  impl.RaftServerImpl (RaftServerImpl.java:start(180)) - 9fd79525-e0ea-4574-a6fd-f2467b182dbd: start group-4ED3DB7C4FA0
2019-07-13 19:23:14,261 INFO  server.RaftServerConfigKeys (ConfUtils.java:logGet(43)) - raft.server.snapshot.auto.trigger.threshold = 10000 (custom)
2019-07-13 19:23:14,261 INFO  impl.RaftServerImpl (RaftServerImpl.java:setRole(171)) - 9fd79525-e0ea-4574-a6fd-f2467b182dbd:group-4ED3DB7C4FA0 changes role from null to FOLLOWER at term 0 for startAsFollower
2019-07-13 19:23:14,261 INFO  server.RaftServerConfigKeys (ConfUtils.java:logGet(43)) - raft.server.retrycache.expirytime = 600000ms (custom)
2019-07-13 19:23:14,262 INFO  impl.RoleInfo (RoleInfo.java:updateAndGet(143)) - 9fd79525-e0ea-4574-a6fd-f2467b182dbd: start FollowerState
2019-07-13 19:23:14,262 INFO  impl.RaftServerImpl (RaftServerImpl.java:start(180)) - 33189823-c2a7-4143-b8a9-25d7cfe64aa3: start group-4ED3DB7C4FA0
2019-07-13 19:23:14,262 INFO  impl.RaftServerImpl (RaftServerImpl.java:setRole(171)) - 33189823-c2a7-4143-b8a9-25d7cfe64aa3:group-4ED3DB7C4FA0 changes role from null to FOLLOWER at term 0 for startAsFollower
2019-07-13 19:23:14,262 INFO  impl.RoleInfo (RoleInfo.java:updateAndGet(143)) - 33189823-c2a7-4143-b8a9-25d7cfe64aa3: start FollowerState
2019-07-13 19:23:14,262 INFO  util.JmxRegister (JmxRegister.java:tryRegister(44)) - Successfully registered JMX Bean with object name Ratis:service=RaftServer,group=group-4ED3DB7C4FA0,id=9fd79525-e0ea-4574-a6fd-f2467b182dbd
2019-07-13 19:23:14,262 INFO  util.JmxRegister (JmxRegister.java:tryRegister(44)) - Successfully registered JMX Bean with object name Ratis:service=RaftServer,group=group-4ED3DB7C4FA0,id=33189823-c2a7-4143-b8a9-25d7cfe64aa3
2019-07-13 19:23:14,269 INFO  pipeline.PipelineStateManager (PipelineStateManager.java:addPipeline(56)) - Created pipeline Pipeline[ Id: a1ab02a7-5915-4661-b958-4ed3db7c4fa0, Nodes: 9fd79525-e0ea-4574-a6fd-f2467b182dbd{ip: 192.168.69.122, host: trunk-nightly-fxqsz-774976932, networkLocation: /default-rack, certSerialId: null}6de9ba50-7a2d-4d3a-bb7a-466933beabb1{ip: 192.168.69.122, host: trunk-nightly-fxqsz-774976932, networkLocation: /default-rack, certSerialId: null}33189823-c2a7-4143-b8a9-25d7cfe64aa3{ip: 192.168.69.122, host: trunk-nightly-fxqsz-774976932, networkLocation: /default-rack, certSerialId: null}, Type:RATIS, Factor:THREE, State:OPEN]
2019-07-13 19:23:14,288 INFO  node.SCMNodeManager (SCMNodeManager.java:register(269)) - Registered Data node : 30386d35-0be0-4422-8a64-413b8a43814a{ip: 192.168.69.122, host: trunk-nightly-fxqsz-774976932, networkLocation: /default-rack, certSerialId: null}
2019-07-13 19:23:14,296 INFO  impl.RaftServerProxy (RaftServerProxy.java:addNew(89)) - 30386d35-0be0-4422-8a64-413b8a43814a: addNew group-59AC153D513B:[30386d35-0be0-4422-8a64-413b8a43814a:192.168.69.122:43340] returns group-59AC153D513B:java.util.concurrent.CompletableFuture@28cade6d[Not completed]
2019-07-13 19:23:14,297 INFO  impl.RaftServerImpl (RaftServerImpl.java:<init>(93)) - 30386d35-0be0-4422-8a64-413b8a43814a: new RaftServerImpl for group-59AC153D513B:[30386d35-0be0-4422-8a64-413b8a43814a:192.168.69.122:43340] with ContainerStateMachine:uninitialized
2019-07-13 19:23:14,297 INFO  server.RaftServerConfigKeys (ConfUtils.java:logGet(43)) - raft.server.rpc.timeout.min = 5s (custom)
2019-07-13 19:23:14,298 INFO  server.RaftServerConfigKeys (ConfUtils.java:logGet(43)) - raft.server.rpc.timeout.max = 5200ms (custom)
2019-07-13 19:23:14,298 INFO  server.RaftServerConfigKeys (ConfUtils.java:logGet(43)) - raft.server.rpcslowness.timeout = 120s (custom)
2019-07-13 19:23:14,298 INFO  server.RaftServerConfigKeys (ConfUtils.java:logGet(43)) - raft.server.sleep.deviation.threshold = 300 (default)
2019-07-13 19:23:14,298 INFO  server.RaftServerConfigKeys (ConfUtils.java:logGet(43)) - raft.server.log.appender.install.snapshot.enabled = false (custom)
2019-07-13 19:23:14,298 INFO  impl.RaftServerImpl (ServerState.java:<init>(105)) - 30386d35-0be0-4422-8a64-413b8a43814a:group-59AC153D513B ConfigurationManager, init=-1: [30386d35-0be0-4422-8a64-413b8a43814a:192.168.69.122:43340], old=null, confs=<EMPTY_MAP>
2019-07-13 19:23:14,298 INFO  server.RaftServerConfigKeys (ConfUtils.java:logGet(43)) - raft.server.storage.dir = [/tmp/workdir/hadoop-ozone/integration-test/target/test-dir/MiniOzoneClusterImpl-659b5396-75a0-48b6-93f6-4f91963722a5/datanode-3/data/ratis] (custom)
2019-07-13 19:23:14,299 INFO  storage.RaftStorageDirectory (RaftStorageDirectory.java:analyzeStorage(246)) - The storage directory /tmp/workdir/hadoop-ozone/integration-test/target/test-dir/MiniOzoneClusterImpl-659b5396-75a0-48b6-93f6-4f91963722a5/datanode-3/data/ratis/12d39326-127b-40b5-962c-59ac153d513b does not exist. Creating ...
2019-07-13 19:23:14,311 INFO  storage.RaftStorageDirectory (RaftStorageDirectory.java:tryLock(328)) - Lock on /tmp/workdir/hadoop-ozone/integration-test/target/test-dir/MiniOzoneClusterImpl-659b5396-75a0-48b6-93f6-4f91963722a5/datanode-3/data/ratis/12d39326-127b-40b5-962c-59ac153d513b/in_use.lock acquired by nodename 22884@trunk-nightly-fxqsz-774976932
2019-07-13 19:23:14,324 INFO  storage.RaftStorage (RaftStorage.java:format(72)) - Storage directory /tmp/workdir/hadoop-ozone/integration-test/target/test-dir/MiniOzoneClusterImpl-659b5396-75a0-48b6-93f6-4f91963722a5/datanode-3/data/ratis/12d39326-127b-40b5-962c-59ac153d513b has been successfully formatted.
2019-07-13 19:23:14,324 INFO  ratis.ContainerStateMachine (ContainerStateMachine.java:loadSnapshot(200)) - The snapshot info is null.Setting the last applied index to:(t:0, i:~)
2019-07-13 19:23:14,324 INFO  server.RaftServerConfigKeys (ConfUtils.java:logGet(43)) - raft.server.leader.election.timeout = 120s (custom)
2019-07-13 19:23:14,325 INFO  server.RaftServerConfigKeys (ConfUtils.java:logGet(43)) - raft.server.log.use.memory = false (default)
2019-07-13 19:23:14,325 INFO  server.RaftServerConfigKeys (ConfUtils.java:logGet(43)) - raft.server.log.purge.gap = 1000000000 (custom)
2019-07-13 19:23:14,325 INFO  server.RaftServerConfigKeys (ConfUtils.java:logGet(43)) - raft.server.log.appender.buffer.byte-limit = 33554432 (custom)
2019-07-13 19:23:14,325 INFO  server.RaftServerConfigKeys (ConfUtils.java:logGet(43)) - raft.server.log.segment.size.max = 1048576 (custom)
2019-07-13 19:23:14,325 INFO  server.RaftServerConfigKeys (ConfUtils.java:logGet(43)) - raft.server.log.segment.cache.num.max = 2 (custom)
2019-07-13 19:23:14,325 INFO  segmented.SegmentedRaftLogWorker (SegmentedRaftLogWorker.java:<init>(172)) - new 30386d35-0be0-4422-8a64-413b8a43814a-SegmentedRaftLogWorker:Storage Directory /tmp/workdir/hadoop-ozone/integration-test/target/test-dir/MiniOzoneClusterImpl-659b5396-75a0-48b6-93f6-4f91963722a5/datanode-3/data/ratis/12d39326-127b-40b5-962c-59ac153d513b for RaftStorage:Storage Directory /tmp/workdir/hadoop-ozone/integration-test/target/test-dir/MiniOzoneClusterImpl-659b5396-75a0-48b6-93f6-4f91963722a5/datanode-3/data/ratis/12d39326-127b-40b5-962c-59ac153d513b
2019-07-13 19:23:14,326 INFO  server.RaftServerConfigKeys (ConfUtils.java:logGet(43)) - raft.server.log.queue.byte-limit = 2147483647 (custom)
2019-07-13 19:23:14,326 INFO  server.RaftServerConfigKeys (ConfUtils.java:logGet(43)) - raft.server.log.queue.element-limit = 1024 (custom)
2019-07-13 19:23:14,326 INFO  server.RaftServerConfigKeys (ConfUtils.java:logGet(43)) - raft.server.log.segment.size.max = 1048576 (custom)
2019-07-13 19:23:14,326 INFO  server.RaftServerConfigKeys (ConfUtils.java:logGet(43)) - raft.server.log.preallocated.size = 16384 (custom)
2019-07-13 19:23:14,326 INFO  server.RaftServerConfigKeys (ConfUtils.java:logGet(43)) - raft.server.log.write.buffer.size = 33554432 (custom)
2019-07-13 19:23:14,326 INFO  server.RaftServerConfigKeys (ConfUtils.java:logGet(43)) - raft.server.log.force.sync.num = 128 (default)
2019-07-13 19:23:14,327 INFO  server.RaftServerConfigKeys (ConfUtils.java:logGet(43)) - raft.server.log.statemachine.data.sync = true (default)
2019-07-13 19:23:14,327 INFO  server.RaftServerConfigKeys (ConfUtils.java:logGet(43)) - raft.server.log.statemachine.data.sync.timeout = 10s (default)
2019-07-13 19:23:14,327 INFO  server.RaftServerConfigKeys (ConfUtils.java:logGet(43)) - raft.server.log.statemachine.data.sync.timeout.retry = -1 (default)
2019-07-13 19:23:14,327 INFO  server.RaftServerConfigKeys (ConfUtils.java:logGet(43)) - raft.server.log.statemachine.data.caching.enabled = true (custom)
2019-07-13 19:23:14,327 INFO  segmented.SegmentedRaftLogWorker (SegmentedRaftLogWorker.java:lambda$new$0(132)) - 30386d35-0be0-4422-8a64-413b8a43814a-SegmentedRaftLogWorker:Storage Directory /tmp/workdir/hadoop-ozone/integration-test/target/test-dir/MiniOzoneClusterImpl-659b5396-75a0-48b6-93f6-4f91963722a5/datanode-3/data/ratis/12d39326-127b-40b5-962c-59ac153d513b: flushIndex: setUnconditionally 0 -> -1
2019-07-13 19:23:14,328 INFO  server.RaftServerConfigKeys (ConfUtils.java:logGet(43)) - raft.server.snapshot.auto.trigger.enabled = true (custom)
2019-07-13 19:23:14,328 INFO  server.RaftServerConfigKeys (ConfUtils.java:logGet(43)) - raft.server.snapshot.auto.trigger.threshold = 10000 (custom)
2019-07-13 19:23:14,328 INFO  server.RaftServerConfigKeys (ConfUtils.java:logGet(43)) - raft.server.retrycache.expirytime = 600000ms (custom)
2019-07-13 19:23:14,328 INFO  impl.RaftServerImpl (RaftServerImpl.java:start(180)) - 30386d35-0be0-4422-8a64-413b8a43814a: start group-59AC153D513B
2019-07-13 19:23:14,329 INFO  impl.RaftServerImpl (RaftServerImpl.java:setRole(171)) - 30386d35-0be0-4422-8a64-413b8a43814a:group-59AC153D513B changes role from null to FOLLOWER at term 0 for startAsFollower
2019-07-13 19:23:14,329 INFO  impl.RoleInfo (RoleInfo.java:updateAndGet(143)) - 30386d35-0be0-4422-8a64-413b8a43814a: start FollowerState
2019-07-13 19:23:14,329 INFO  util.JmxRegister (JmxRegister.java:tryRegister(44)) - Successfully registered JMX Bean with object name Ratis:service=RaftServer,group=group-59AC153D513B,id=30386d35-0be0-4422-8a64-413b8a43814a
2019-07-13 19:23:14,334 INFO  pipeline.PipelineStateManager (PipelineStateManager.java:addPipeline(56)) - Created pipeline Pipeline[ Id: 12d39326-127b-40b5-962c-59ac153d513b, Nodes: 30386d35-0be0-4422-8a64-413b8a43814a{ip: 192.168.69.122, host: trunk-nightly-fxqsz-774976932, networkLocation: /default-rack, certSerialId: null}, Type:RATIS, Factor:ONE, State:OPEN]
2019-07-13 19:23:14,465 INFO  node.SCMNodeManager (SCMNodeManager.java:register(269)) - Registered Data node : 6a4f42d8-2d8e-44e9-b53f-1e19ed7896af{ip: 192.168.69.122, host: trunk-nightly-fxqsz-774976932, networkLocation: /default-rack, certSerialId: null}
2019-07-13 19:23:14,481 INFO  impl.RaftServerProxy (RaftServerProxy.java:addNew(89)) - 6a4f42d8-2d8e-44e9-b53f-1e19ed7896af: addNew group-BA980F089D86:[6a4f42d8-2d8e-44e9-b53f-1e19ed7896af:192.168.69.122:36608] returns group-BA980F089D86:java.util.concurrent.CompletableFuture@334d9437[Not completed]
2019-07-13 19:23:14,482 INFO  impl.RaftServerImpl (RaftServerImpl.java:<init>(93)) - 6a4f42d8-2d8e-44e9-b53f-1e19ed7896af: new RaftServerImpl for group-BA980F089D86:[6a4f42d8-2d8e-44e9-b53f-1e19ed7896af:192.168.69.122:36608] with ContainerStateMachine:uninitialized
2019-07-13 19:23:14,482 INFO  server.RaftServerConfigKeys (ConfUtils.java:logGet(43)) - raft.server.rpc.timeout.min = 5s (custom)
2019-07-13 19:23:14,482 INFO  server.RaftServerConfigKeys (ConfUtils.java:logGet(43)) - raft.server.rpc.timeout.max = 5200ms (custom)
2019-07-13 19:23:14,482 INFO  server.RaftServerConfigKeys (ConfUtils.java:logGet(43)) - raft.server.rpcslowness.timeout = 120s (custom)
2019-07-13 19:23:14,482 INFO  server.RaftServerConfigKeys (ConfUtils.java:logGet(43)) - raft.server.sleep.deviation.threshold = 300 (default)
2019-07-13 19:23:14,482 INFO  server.RaftServerConfigKeys (ConfUtils.java:logGet(43)) - raft.server.log.appender.install.snapshot.enabled = false (custom)
2019-07-13 19:23:14,483 INFO  impl.RaftServerImpl (ServerState.java:<init>(105)) - 6a4f42d8-2d8e-44e9-b53f-1e19ed7896af:group-BA980F089D86 ConfigurationManager, init=-1: [6a4f42d8-2d8e-44e9-b53f-1e19ed7896af:192.168.69.122:36608], old=null, confs=<EMPTY_MAP>
2019-07-13 19:23:14,483 INFO  server.RaftServerConfigKeys (ConfUtils.java:logGet(43)) - raft.server.storage.dir = [/tmp/workdir/hadoop-ozone/integration-test/target/test-dir/MiniOzoneClusterImpl-659b5396-75a0-48b6-93f6-4f91963722a5/datanode-4/data/ratis] (custom)
2019-07-13 19:23:14,483 INFO  storage.RaftStorageDirectory (RaftStorageDirectory.java:analyzeStorage(246)) - The storage directory /tmp/workdir/hadoop-ozone/integration-test/target/test-dir/MiniOzoneClusterImpl-659b5396-75a0-48b6-93f6-4f91963722a5/datanode-4/data/ratis/b03bddf2-2ecf-40f6-a7fc-ba980f089d86 does not exist. Creating ...
2019-07-13 19:23:14,496 INFO  storage.RaftStorageDirectory (RaftStorageDirectory.java:tryLock(328)) - Lock on /tmp/workdir/hadoop-ozone/integration-test/target/test-dir/MiniOzoneClusterImpl-659b5396-75a0-48b6-93f6-4f91963722a5/datanode-4/data/ratis/b03bddf2-2ecf-40f6-a7fc-ba980f089d86/in_use.lock acquired by nodename 22884@trunk-nightly-fxqsz-774976932
2019-07-13 19:23:14,509 INFO  storage.RaftStorage (RaftStorage.java:format(72)) - Storage directory /tmp/workdir/hadoop-ozone/integration-test/target/test-dir/MiniOzoneClusterImpl-659b5396-75a0-48b6-93f6-4f91963722a5/datanode-4/data/ratis/b03bddf2-2ecf-40f6-a7fc-ba980f089d86 has been successfully formatted.
2019-07-13 19:23:14,510 INFO  ratis.ContainerStateMachine (ContainerStateMachine.java:loadSnapshot(200)) - The snapshot info is null.Setting the last applied index to:(t:0, i:~)
2019-07-13 19:23:14,510 INFO  server.RaftServerConfigKeys (ConfUtils.java:logGet(43)) - raft.server.leader.election.timeout = 120s (custom)
2019-07-13 19:23:14,510 INFO  server.RaftServerConfigKeys (ConfUtils.java:logGet(43)) - raft.server.log.use.memory = false (default)
2019-07-13 19:23:14,510 INFO  server.RaftServerConfigKeys (ConfUtils.java:logGet(43)) - raft.server.log.purge.gap = 1000000000 (custom)
2019-07-13 19:23:14,510 INFO  server.RaftServerConfigKeys (ConfUtils.java:logGet(43)) - raft.server.log.appender.buffer.byte-limit = 33554432 (custom)
2019-07-13 19:23:14,510 INFO  server.RaftServerConfigKeys (ConfUtils.java:logGet(43)) - raft.server.log.segment.size.max = 1048576 (custom)
2019-07-13 19:23:14,511 INFO  server.RaftServerConfigKeys (ConfUtils.java:logGet(43)) - raft.server.log.segment.cache.num.max = 2 (custom)
2019-07-13 19:23:14,511 INFO  segmented.SegmentedRaftLogWorker (SegmentedRaftLogWorker.java:<init>(172)) - new 6a4f42d8-2d8e-44e9-b53f-1e19ed7896af-SegmentedRaftLogWorker:Storage Directory /tmp/workdir/hadoop-ozone/integration-test/target/test-dir/MiniOzoneClusterImpl-659b5396-75a0-48b6-93f6-4f91963722a5/datanode-4/data/ratis/b03bddf2-2ecf-40f6-a7fc-ba980f089d86 for RaftStorage:Storage Directory /tmp/workdir/hadoop-ozone/integration-test/target/test-dir/MiniOzoneClusterImpl-659b5396-75a0-48b6-93f6-4f91963722a5/datanode-4/data/ratis/b03bddf2-2ecf-40f6-a7fc-ba980f089d86
2019-07-13 19:23:14,511 INFO  server.RaftServerConfigKeys (ConfUtils.java:logGet(43)) - raft.server.log.queue.byte-limit = 2147483647 (custom)
2019-07-13 19:23:14,511 INFO  server.RaftServerConfigKeys (ConfUtils.java:logGet(43)) - raft.server.log.queue.element-limit = 1024 (custom)
2019-07-13 19:23:14,511 INFO  server.RaftServerConfigKeys (ConfUtils.java:logGet(43)) - raft.server.log.segment.size.max = 1048576 (custom)
2019-07-13 19:23:14,511 INFO  server.RaftServerConfigKeys (ConfUtils.java:logGet(43)) - raft.server.log.preallocated.size = 16384 (custom)
2019-07-13 19:23:14,512 INFO  server.RaftServerConfigKeys (ConfUtils.java:logGet(43)) - raft.server.log.write.buffer.size = 33554432 (custom)
2019-07-13 19:23:14,512 INFO  server.RaftServerConfigKeys (ConfUtils.java:logGet(43)) - raft.server.log.force.sync.num = 128 (default)
2019-07-13 19:23:14,512 INFO  server.RaftServerConfigKeys (ConfUtils.java:logGet(43)) - raft.server.log.statemachine.data.sync = true (default)
2019-07-13 19:23:14,512 INFO  server.RaftServerConfigKeys (ConfUtils.java:logGet(43)) - raft.server.log.statemachine.data.sync.timeout = 10s (default)
2019-07-13 19:23:14,512 INFO  server.RaftServerConfigKeys (ConfUtils.java:logGet(43)) - raft.server.log.statemachine.data.sync.timeout.retry = -1 (default)
2019-07-13 19:23:14,512 INFO  server.RaftServerConfigKeys (ConfUtils.java:logGet(43)) - raft.server.log.statemachine.data.caching.enabled = true (custom)
2019-07-13 19:23:14,513 INFO  segmented.SegmentedRaftLogWorker (SegmentedRaftLogWorker.java:lambda$new$0(132)) - 6a4f42d8-2d8e-44e9-b53f-1e19ed7896af-SegmentedRaftLogWorker:Storage Directory /tmp/workdir/hadoop-ozone/integration-test/target/test-dir/MiniOzoneClusterImpl-659b5396-75a0-48b6-93f6-4f91963722a5/datanode-4/data/ratis/b03bddf2-2ecf-40f6-a7fc-ba980f089d86: flushIndex: setUnconditionally 0 -> -1
2019-07-13 19:23:14,513 INFO  server.RaftServerConfigKeys (ConfUtils.java:logGet(43)) - raft.server.snapshot.auto.trigger.enabled = true (custom)
2019-07-13 19:23:14,513 INFO  server.RaftServerConfigKeys (ConfUtils.java:logGet(43)) - raft.server.snapshot.auto.trigger.threshold = 10000 (custom)
2019-07-13 19:23:14,513 INFO  server.RaftServerConfigKeys (ConfUtils.java:logGet(43)) - raft.server.retrycache.expirytime = 600000ms (custom)
2019-07-13 19:23:14,513 INFO  impl.RaftServerImpl (RaftServerImpl.java:start(180)) - 6a4f42d8-2d8e-44e9-b53f-1e19ed7896af: start group-BA980F089D86
2019-07-13 19:23:14,514 INFO  impl.RaftServerImpl (RaftServerImpl.java:setRole(171)) - 6a4f42d8-2d8e-44e9-b53f-1e19ed7896af:group-BA980F089D86 changes role from null to FOLLOWER at term 0 for startAsFollower
2019-07-13 19:23:14,514 INFO  impl.RoleInfo (RoleInfo.java:updateAndGet(143)) - 6a4f42d8-2d8e-44e9-b53f-1e19ed7896af: start FollowerState
2019-07-13 19:23:14,514 INFO  util.JmxRegister (JmxRegister.java:tryRegister(44)) - Successfully registered JMX Bean with object name Ratis:service=RaftServer,group=group-BA980F089D86,id=6a4f42d8-2d8e-44e9-b53f-1e19ed7896af
2019-07-13 19:23:14,519 INFO  pipeline.PipelineStateManager (PipelineStateManager.java:addPipeline(56)) - Created pipeline Pipeline[ Id: b03bddf2-2ecf-40f6-a7fc-ba980f089d86, Nodes: 6a4f42d8-2d8e-44e9-b53f-1e19ed7896af{ip: 192.168.69.122, host: trunk-nightly-fxqsz-774976932, networkLocation: /default-rack, certSerialId: null}, Type:RATIS, Factor:ONE, State:OPEN]
2019-07-13 19:23:14,628 INFO  node.SCMNodeManager (SCMNodeManager.java:register(269)) - Registered Data node : de9e4c39-ff85-4d2d-9c33-705ce08d6b43{ip: 192.168.69.122, host: trunk-nightly-fxqsz-774976932, networkLocation: /default-rack, certSerialId: null}
2019-07-13 19:23:14,636 INFO  impl.RaftServerProxy (RaftServerProxy.java:addNew(89)) - de9e4c39-ff85-4d2d-9c33-705ce08d6b43: addNew group-DCAE14C9CDD0:[de9e4c39-ff85-4d2d-9c33-705ce08d6b43:192.168.69.122:38094] returns group-DCAE14C9CDD0:java.util.concurrent.CompletableFuture@1fb399ae[Not completed]
2019-07-13 19:23:14,637 INFO  impl.RaftServerImpl (RaftServerImpl.java:<init>(93)) - de9e4c39-ff85-4d2d-9c33-705ce08d6b43: new RaftServerImpl for group-DCAE14C9CDD0:[de9e4c39-ff85-4d2d-9c33-705ce08d6b43:192.168.69.122:38094] with ContainerStateMachine:uninitialized
2019-07-13 19:23:14,638 INFO  server.RaftServerConfigKeys (ConfUtils.java:logGet(43)) - raft.server.rpc.timeout.min = 5s (custom)
2019-07-13 19:23:14,638 INFO  server.RaftServerConfigKeys (ConfUtils.java:logGet(43)) - raft.server.rpc.timeout.max = 5200ms (custom)
2019-07-13 19:23:14,638 INFO  server.RaftServerConfigKeys (ConfUtils.java:logGet(43)) - raft.server.rpcslowness.timeout = 120s (custom)
2019-07-13 19:23:14,638 INFO  server.RaftServerConfigKeys (ConfUtils.java:logGet(43)) - raft.server.sleep.deviation.threshold = 300 (default)
2019-07-13 19:23:14,638 INFO  server.RaftServerConfigKeys (ConfUtils.java:logGet(43)) - raft.server.log.appender.install.snapshot.enabled = false (custom)
2019-07-13 19:23:14,638 INFO  impl.RaftServerImpl (ServerState.java:<init>(105)) - de9e4c39-ff85-4d2d-9c33-705ce08d6b43:group-DCAE14C9CDD0 ConfigurationManager, init=-1: [de9e4c39-ff85-4d2d-9c33-705ce08d6b43:192.168.69.122:38094], old=null, confs=<EMPTY_MAP>
2019-07-13 19:23:14,638 INFO  server.RaftServerConfigKeys (ConfUtils.java:logGet(43)) - raft.server.storage.dir = [/tmp/workdir/hadoop-ozone/integration-test/target/test-dir/MiniOzoneClusterImpl-659b5396-75a0-48b6-93f6-4f91963722a5/datanode-5/data/ratis] (custom)
2019-07-13 19:23:14,639 INFO  storage.RaftStorageDirectory (RaftStorageDirectory.java:analyzeStorage(246)) - The storage directory /tmp/workdir/hadoop-ozone/integration-test/target/test-dir/MiniOzoneClusterImpl-659b5396-75a0-48b6-93f6-4f91963722a5/datanode-5/data/ratis/169455e6-3245-420f-ac11-dcae14c9cdd0 does not exist. Creating ...
2019-07-13 19:23:14,652 INFO  storage.RaftStorageDirectory (RaftStorageDirectory.java:tryLock(328)) - Lock on /tmp/workdir/hadoop-ozone/integration-test/target/test-dir/MiniOzoneClusterImpl-659b5396-75a0-48b6-93f6-4f91963722a5/datanode-5/data/ratis/169455e6-3245-420f-ac11-dcae14c9cdd0/in_use.lock acquired by nodename 22884@trunk-nightly-fxqsz-774976932
2019-07-13 19:23:14,666 INFO  storage.RaftStorage (RaftStorage.java:format(72)) - Storage directory /tmp/workdir/hadoop-ozone/integration-test/target/test-dir/MiniOzoneClusterImpl-659b5396-75a0-48b6-93f6-4f91963722a5/datanode-5/data/ratis/169455e6-3245-420f-ac11-dcae14c9cdd0 has been successfully formatted.
2019-07-13 19:23:14,666 INFO  ratis.ContainerStateMachine (ContainerStateMachine.java:loadSnapshot(200)) - The snapshot info is null.Setting the last applied index to:(t:0, i:~)
2019-07-13 19:23:14,666 INFO  server.RaftServerConfigKeys (ConfUtils.java:logGet(43)) - raft.server.leader.election.timeout = 120s (custom)
2019-07-13 19:23:14,666 INFO  server.RaftServerConfigKeys (ConfUtils.java:logGet(43)) - raft.server.log.use.memory = false (default)
2019-07-13 19:23:14,667 INFO  server.RaftServerConfigKeys (ConfUtils.java:logGet(43)) - raft.server.log.purge.gap = 1000000000 (custom)
2019-07-13 19:23:14,667 INFO  server.RaftServerConfigKeys (ConfUtils.java:logGet(43)) - raft.server.log.appender.buffer.byte-limit = 33554432 (custom)
2019-07-13 19:23:14,667 INFO  server.RaftServerConfigKeys (ConfUtils.java:logGet(43)) - raft.server.log.segment.size.max = 1048576 (custom)
2019-07-13 19:23:14,667 INFO  server.RaftServerConfigKeys (ConfUtils.java:logGet(43)) - raft.server.log.segment.cache.num.max = 2 (custom)
2019-07-13 19:23:14,667 INFO  segmented.SegmentedRaftLogWorker (SegmentedRaftLogWorker.java:<init>(172)) - new de9e4c39-ff85-4d2d-9c33-705ce08d6b43-SegmentedRaftLogWorker:Storage Directory /tmp/workdir/hadoop-ozone/integration-test/target/test-dir/MiniOzoneClusterImpl-659b5396-75a0-48b6-93f6-4f91963722a5/datanode-5/data/ratis/169455e6-3245-420f-ac11-dcae14c9cdd0 for RaftStorage:Storage Directory /tmp/workdir/hadoop-ozone/integration-test/target/test-dir/MiniOzoneClusterImpl-659b5396-75a0-48b6-93f6-4f91963722a5/datanode-5/data/ratis/169455e6-3245-420f-ac11-dcae14c9cdd0
2019-07-13 19:23:14,668 INFO  server.RaftServerConfigKeys (ConfUtils.java:logGet(43)) - raft.server.log.queue.byte-limit = 2147483647 (custom)
2019-07-13 19:23:14,668 INFO  server.RaftServerConfigKeys (ConfUtils.java:logGet(43)) - raft.server.log.queue.element-limit = 1024 (custom)
2019-07-13 19:23:14,668 INFO  server.RaftServerConfigKeys (ConfUtils.java:logGet(43)) - raft.server.log.segment.size.max = 1048576 (custom)
2019-07-13 19:23:14,668 INFO  server.RaftServerConfigKeys (ConfUtils.java:logGet(43)) - raft.server.log.preallocated.size = 16384 (custom)
2019-07-13 19:23:14,668 INFO  server.RaftServerConfigKeys (ConfUtils.java:logGet(43)) - raft.server.log.write.buffer.size = 33554432 (custom)
2019-07-13 19:23:14,668 INFO  server.RaftServerConfigKeys (ConfUtils.java:logGet(43)) - raft.server.log.force.sync.num = 128 (default)
2019-07-13 19:23:14,669 INFO  server.RaftServerConfigKeys (ConfUtils.java:logGet(43)) - raft.server.log.statemachine.data.sync = true (default)
2019-07-13 19:23:14,669 INFO  server.RaftServerConfigKeys (ConfUtils.java:logGet(43)) - raft.server.log.statemachine.data.sync.timeout = 10s (default)
2019-07-13 19:23:14,669 INFO  server.RaftServerConfigKeys (ConfUtils.java:logGet(43)) - raft.server.log.statemachine.data.sync.timeout.retry = -1 (default)
2019-07-13 19:23:14,669 INFO  server.RaftServerConfigKeys (ConfUtils.java:logGet(43)) - raft.server.log.statemachine.data.caching.enabled = true (custom)
2019-07-13 19:23:14,670 INFO  segmented.SegmentedRaftLogWorker (SegmentedRaftLogWorker.java:lambda$new$0(132)) - de9e4c39-ff85-4d2d-9c33-705ce08d6b43-SegmentedRaftLogWorker:Storage Directory /tmp/workdir/hadoop-ozone/integration-test/target/test-dir/MiniOzoneClusterImpl-659b5396-75a0-48b6-93f6-4f91963722a5/datanode-5/data/ratis/169455e6-3245-420f-ac11-dcae14c9cdd0: flushIndex: setUnconditionally 0 -> -1
2019-07-13 19:23:14,670 INFO  server.RaftServerConfigKeys (ConfUtils.java:logGet(43)) - raft.server.snapshot.auto.trigger.enabled = true (custom)
2019-07-13 19:23:14,670 INFO  server.RaftServerConfigKeys (ConfUtils.java:logGet(43)) - raft.server.snapshot.auto.trigger.threshold = 10000 (custom)
2019-07-13 19:23:14,670 INFO  server.RaftServerConfigKeys (ConfUtils.java:logGet(43)) - raft.server.retrycache.expirytime = 600000ms (custom)
2019-07-13 19:23:14,670 INFO  impl.RaftServerImpl (RaftServerImpl.java:start(180)) - de9e4c39-ff85-4d2d-9c33-705ce08d6b43: start group-DCAE14C9CDD0
2019-07-13 19:23:14,671 INFO  impl.RaftServerImpl (RaftServerImpl.java:setRole(171)) - de9e4c39-ff85-4d2d-9c33-705ce08d6b43:group-DCAE14C9CDD0 changes role from null to FOLLOWER at term 0 for startAsFollower
2019-07-13 19:23:14,671 INFO  impl.RoleInfo (RoleInfo.java:updateAndGet(143)) - de9e4c39-ff85-4d2d-9c33-705ce08d6b43: start FollowerState
2019-07-13 19:23:14,671 INFO  util.JmxRegister (JmxRegister.java:tryRegister(44)) - Successfully registered JMX Bean with object name Ratis:service=RaftServer,group=group-DCAE14C9CDD0,id=de9e4c39-ff85-4d2d-9c33-705ce08d6b43
2019-07-13 19:23:14,676 INFO  pipeline.PipelineStateManager (PipelineStateManager.java:addPipeline(56)) - Created pipeline Pipeline[ Id: 169455e6-3245-420f-ac11-dcae14c9cdd0, Nodes: de9e4c39-ff85-4d2d-9c33-705ce08d6b43{ip: 192.168.69.122, host: trunk-nightly-fxqsz-774976932, networkLocation: /default-rack, certSerialId: null}, Type:RATIS, Factor:ONE, State:OPEN]
2019-07-13 19:23:14,689 INFO  impl.RaftServerProxy (RaftServerProxy.java:addNew(89)) - de9e4c39-ff85-4d2d-9c33-705ce08d6b43: addNew group-50EC5750B585:[6a4f42d8-2d8e-44e9-b53f-1e19ed7896af:192.168.69.122:36608, 30386d35-0be0-4422-8a64-413b8a43814a:192.168.69.122:43340, de9e4c39-ff85-4d2d-9c33-705ce08d6b43:192.168.69.122:38094] returns group-50EC5750B585:java.util.concurrent.CompletableFuture@1a86bdc8[Not completed]
2019-07-13 19:23:14,689 INFO  impl.RaftServerProxy (RaftServerProxy.java:addNew(89)) - 6a4f42d8-2d8e-44e9-b53f-1e19ed7896af: addNew group-50EC5750B585:[6a4f42d8-2d8e-44e9-b53f-1e19ed7896af:192.168.69.122:36608, 30386d35-0be0-4422-8a64-413b8a43814a:192.168.69.122:43340, de9e4c39-ff85-4d2d-9c33-705ce08d6b43:192.168.69.122:38094] returns group-50EC5750B585:java.util.concurrent.CompletableFuture@5dfb81f3[Not completed]
2019-07-13 19:23:14,689 INFO  impl.RaftServerProxy (RaftServerProxy.java:addNew(89)) - 30386d35-0be0-4422-8a64-413b8a43814a: addNew group-50EC5750B585:[6a4f42d8-2d8e-44e9-b53f-1e19ed7896af:192.168.69.122:36608, 30386d35-0be0-4422-8a64-413b8a43814a:192.168.69.122:43340, de9e4c39-ff85-4d2d-9c33-705ce08d6b43:192.168.69.122:38094] returns group-50EC5750B585:java.util.concurrent.CompletableFuture@7ba5c934[Not completed]
2019-07-13 19:23:14,690 INFO  impl.RaftServerImpl (RaftServerImpl.java:<init>(93)) - de9e4c39-ff85-4d2d-9c33-705ce08d6b43: new RaftServerImpl for group-50EC5750B585:[6a4f42d8-2d8e-44e9-b53f-1e19ed7896af:192.168.69.122:36608, 30386d35-0be0-4422-8a64-413b8a43814a:192.168.69.122:43340, de9e4c39-ff85-4d2d-9c33-705ce08d6b43:192.168.69.122:38094] with ContainerStateMachine:uninitialized
2019-07-13 19:23:14,691 INFO  server.RaftServerConfigKeys (ConfUtils.java:logGet(43)) - raft.server.rpc.timeout.min = 5s (custom)
2019-07-13 19:23:14,691 INFO  server.RaftServerConfigKeys (ConfUtils.java:logGet(43)) - raft.server.rpc.timeout.max = 5200ms (custom)
2019-07-13 19:23:14,691 INFO  impl.RaftServerImpl (RaftServerImpl.java:<init>(93)) - 6a4f42d8-2d8e-44e9-b53f-1e19ed7896af: new RaftServerImpl for group-50EC5750B585:[6a4f42d8-2d8e-44e9-b53f-1e19ed7896af:192.168.69.122:36608, 30386d35-0be0-4422-8a64-413b8a43814a:192.168.69.122:43340, de9e4c39-ff85-4d2d-9c33-705ce08d6b43:192.168.69.122:38094] with ContainerStateMachine:uninitialized
2019-07-13 19:23:14,691 INFO  server.RaftServerConfigKeys (ConfUtils.java:logGet(43)) - raft.server.rpcslowness.timeout = 120s (custom)
2019-07-13 19:23:14,691 INFO  server.RaftServerConfigKeys (ConfUtils.java:logGet(43)) - raft.server.rpc.timeout.min = 5s (custom)
2019-07-13 19:23:14,691 INFO  impl.RaftServerImpl (RaftServerImpl.java:<init>(93)) - 30386d35-0be0-4422-8a64-413b8a43814a: new RaftServerImpl for group-50EC5750B585:[6a4f42d8-2d8e-44e9-b53f-1e19ed7896af:192.168.69.122:36608, 30386d35-0be0-4422-8a64-413b8a43814a:192.168.69.122:43340, de9e4c39-ff85-4d2d-9c33-705ce08d6b43:192.168.69.122:38094] with ContainerStateMachine:uninitialized
2019-07-13 19:23:14,691 INFO  server.RaftServerConfigKeys (ConfUtils.java:logGet(43)) - raft.server.sleep.deviation.threshold = 300 (default)
2019-07-13 19:23:14,691 INFO  server.RaftServerConfigKeys (ConfUtils.java:logGet(43)) - raft.server.rpc.timeout.min = 5s (custom)
2019-07-13 19:23:14,692 INFO  server.RaftServerConfigKeys (ConfUtils.java:logGet(43)) - raft.server.rpc.timeout.max = 5200ms (custom)
2019-07-13 19:23:14,691 INFO  server.RaftServerConfigKeys (ConfUtils.java:logGet(43)) - raft.server.rpc.timeout.max = 5200ms (custom)
2019-07-13 19:23:14,692 INFO  server.RaftServerConfigKeys (ConfUtils.java:logGet(43)) - raft.server.rpcslowness.timeout = 120s (custom)
2019-07-13 19:23:14,692 INFO  server.RaftServerConfigKeys (ConfUtils.java:logGet(43)) - raft.server.sleep.deviation.threshold = 300 (default)
2019-07-13 19:23:14,692 INFO  server.RaftServerConfigKeys (ConfUtils.java:logGet(43)) - raft.server.log.appender.install.snapshot.enabled = false (custom)
2019-07-13 19:23:14,692 INFO  server.RaftServerConfigKeys (ConfUtils.java:logGet(43)) - raft.server.log.appender.install.snapshot.enabled = false (custom)
2019-07-13 19:23:14,692 INFO  server.RaftServerConfigKeys (ConfUtils.java:logGet(43)) - raft.server.rpcslowness.timeout = 120s (custom)
2019-07-13 19:23:14,693 INFO  impl.RaftServerImpl (ServerState.java:<init>(105)) - 30386d35-0be0-4422-8a64-413b8a43814a:group-50EC5750B585 ConfigurationManager, init=-1: [6a4f42d8-2d8e-44e9-b53f-1e19ed7896af:192.168.69.122:36608, 30386d35-0be0-4422-8a64-413b8a43814a:192.168.69.122:43340, de9e4c39-ff85-4d2d-9c33-705ce08d6b43:192.168.69.122:38094], old=null, confs=<EMPTY_MAP>
2019-07-13 19:23:14,693 INFO  impl.RaftServerImpl (ServerState.java:<init>(105)) - de9e4c39-ff85-4d2d-9c33-705ce08d6b43:group-50EC5750B585 ConfigurationManager, init=-1: [6a4f42d8-2d8e-44e9-b53f-1e19ed7896af:192.168.69.122:36608, 30386d35-0be0-4422-8a64-413b8a43814a:192.168.69.122:43340, de9e4c39-ff85-4d2d-9c33-705ce08d6b43:192.168.69.122:38094], old=null, confs=<EMPTY_MAP>
2019-07-13 19:23:14,693 INFO  server.RaftServerConfigKeys (ConfUtils.java:logGet(43)) - raft.server.storage.dir = [/tmp/workdir/hadoop-ozone/integration-test/target/test-dir/MiniOzoneClusterImpl-659b5396-75a0-48b6-93f6-4f91963722a5/datanode-3/data/ratis] (custom)
2019-07-13 19:23:14,693 INFO  server.RaftServerConfigKeys (ConfUtils.java:logGet(43)) - raft.server.sleep.deviation.threshold = 300 (default)
2019-07-13 19:23:14,693 INFO  server.RaftServerConfigKeys (ConfUtils.java:logGet(43)) - raft.server.storage.dir = [/tmp/workdir/hadoop-ozone/integration-test/target/test-dir/MiniOzoneClusterImpl-659b5396-75a0-48b6-93f6-4f91963722a5/datanode-5/data/ratis] (custom)
2019-07-13 19:23:14,694 INFO  storage.RaftStorageDirectory (RaftStorageDirectory.java:analyzeStorage(246)) - The storage directory /tmp/workdir/hadoop-ozone/integration-test/target/test-dir/MiniOzoneClusterImpl-659b5396-75a0-48b6-93f6-4f91963722a5/datanode-3/data/ratis/35e47b4d-2f48-449c-9e65-50ec5750b585 does not exist. Creating ...
2019-07-13 19:23:14,694 INFO  server.RaftServerConfigKeys (ConfUtils.java:logGet(43)) - raft.server.log.appender.install.snapshot.enabled = false (custom)
2019-07-13 19:23:14,694 INFO  storage.RaftStorageDirectory (RaftStorageDirectory.java:analyzeStorage(246)) - The storage directory /tmp/workdir/hadoop-ozone/integration-test/target/test-dir/MiniOzoneClusterImpl-659b5396-75a0-48b6-93f6-4f91963722a5/datanode-5/data/ratis/35e47b4d-2f48-449c-9e65-50ec5750b585 does not exist. Creating ...
2019-07-13 19:23:14,694 INFO  impl.RaftServerImpl (ServerState.java:<init>(105)) - 6a4f42d8-2d8e-44e9-b53f-1e19ed7896af:group-50EC5750B585 ConfigurationManager, init=-1: [6a4f42d8-2d8e-44e9-b53f-1e19ed7896af:192.168.69.122:36608, 30386d35-0be0-4422-8a64-413b8a43814a:192.168.69.122:43340, de9e4c39-ff85-4d2d-9c33-705ce08d6b43:192.168.69.122:38094], old=null, confs=<EMPTY_MAP>
2019-07-13 19:23:14,694 INFO  server.RaftServerConfigKeys (ConfUtils.java:logGet(43)) - raft.server.storage.dir = [/tmp/workdir/hadoop-ozone/integration-test/target/test-dir/MiniOzoneClusterImpl-659b5396-75a0-48b6-93f6-4f91963722a5/datanode-4/data/ratis] (custom)
2019-07-13 19:23:14,695 INFO  storage.RaftStorageDirectory (RaftStorageDirectory.java:analyzeStorage(246)) - The storage directory /tmp/workdir/hadoop-ozone/integration-test/target/test-dir/MiniOzoneClusterImpl-659b5396-75a0-48b6-93f6-4f91963722a5/datanode-4/data/ratis/35e47b4d-2f48-449c-9e65-50ec5750b585 does not exist. Creating ...
2019-07-13 19:23:14,708 INFO  storage.RaftStorageDirectory (RaftStorageDirectory.java:tryLock(328)) - Lock on /tmp/workdir/hadoop-ozone/integration-test/target/test-dir/MiniOzoneClusterImpl-659b5396-75a0-48b6-93f6-4f91963722a5/datanode-5/data/ratis/35e47b4d-2f48-449c-9e65-50ec5750b585/in_use.lock acquired by nodename 22884@trunk-nightly-fxqsz-774976932
2019-07-13 19:23:14,708 INFO  storage.RaftStorageDirectory (RaftStorageDirectory.java:tryLock(328)) - Lock on /tmp/workdir/hadoop-ozone/integration-test/target/test-dir/MiniOzoneClusterImpl-659b5396-75a0-48b6-93f6-4f91963722a5/datanode-4/data/ratis/35e47b4d-2f48-449c-9e65-50ec5750b585/in_use.lock acquired by nodename 22884@trunk-nightly-fxqsz-774976932
2019-07-13 19:23:14,708 INFO  storage.RaftStorageDirectory (RaftStorageDirectory.java:tryLock(328)) - Lock on /tmp/workdir/hadoop-ozone/integration-test/target/test-dir/MiniOzoneClusterImpl-659b5396-75a0-48b6-93f6-4f91963722a5/datanode-3/data/ratis/35e47b4d-2f48-449c-9e65-50ec5750b585/in_use.lock acquired by nodename 22884@trunk-nightly-fxqsz-774976932
2019-07-13 19:23:14,730 INFO  storage.RaftStorage (RaftStorage.java:format(72)) - Storage directory /tmp/workdir/hadoop-ozone/integration-test/target/test-dir/MiniOzoneClusterImpl-659b5396-75a0-48b6-93f6-4f91963722a5/datanode-3/data/ratis/35e47b4d-2f48-449c-9e65-50ec5750b585 has been successfully formatted.
2019-07-13 19:23:14,730 INFO  storage.RaftStorage (RaftStorage.java:format(72)) - Storage directory /tmp/workdir/hadoop-ozone/integration-test/target/test-dir/MiniOzoneClusterImpl-659b5396-75a0-48b6-93f6-4f91963722a5/datanode-5/data/ratis/35e47b4d-2f48-449c-9e65-50ec5750b585 has been successfully formatted.
2019-07-13 19:23:14,730 INFO  ratis.ContainerStateMachine (ContainerStateMachine.java:loadSnapshot(200)) - The snapshot info is null.Setting the last applied index to:(t:0, i:~)
2019-07-13 19:23:14,730 INFO  server.RaftServerConfigKeys (ConfUtils.java:logGet(43)) - raft.server.leader.election.timeout = 120s (custom)
2019-07-13 19:23:14,730 INFO  storage.RaftStorage (RaftStorage.java:format(72)) - Storage directory /tmp/workdir/hadoop-ozone/integration-test/target/test-dir/MiniOzoneClusterImpl-659b5396-75a0-48b6-93f6-4f91963722a5/datanode-4/data/ratis/35e47b4d-2f48-449c-9e65-50ec5750b585 has been successfully formatted.
2019-07-13 19:23:14,730 INFO  server.RaftServerConfigKeys (ConfUtils.java:logGet(43)) - raft.server.log.use.memory = false (default)
2019-07-13 19:23:14,731 INFO  ratis.ContainerStateMachine (ContainerStateMachine.java:loadSnapshot(200)) - The snapshot info is null.Setting the last applied index to:(t:0, i:~)
2019-07-13 19:23:14,730 INFO  ratis.ContainerStateMachine (ContainerStateMachine.java:loadSnapshot(200)) - The snapshot info is null.Setting the last applied index to:(t:0, i:~)
2019-07-13 19:23:14,731 INFO  server.RaftServerConfigKeys (ConfUtils.java:logGet(43)) - raft.server.leader.election.timeout = 120s (custom)
2019-07-13 19:23:14,731 INFO  server.RaftServerConfigKeys (ConfUtils.java:logGet(43)) - raft.server.log.purge.gap = 1000000000 (custom)
2019-07-13 19:23:14,731 INFO  server.RaftServerConfigKeys (ConfUtils.java:logGet(43)) - raft.server.log.use.memory = false (default)
2019-07-13 19:23:14,731 INFO  server.RaftServerConfigKeys (ConfUtils.java:logGet(43)) - raft.server.leader.election.timeout = 120s (custom)
2019-07-13 19:23:14,732 INFO  server.RaftServerConfigKeys (ConfUtils.java:logGet(43)) - raft.server.log.purge.gap = 1000000000 (custom)
2019-07-13 19:23:14,731 INFO  server.RaftServerConfigKeys (ConfUtils.java:logGet(43)) - raft.server.log.appender.buffer.byte-limit = 33554432 (custom)
2019-07-13 19:23:14,732 INFO  server.RaftServerConfigKeys (ConfUtils.java:logGet(43)) - raft.server.log.appender.buffer.byte-limit = 33554432 (custom)
2019-07-13 19:23:14,732 INFO  server.RaftServerConfigKeys (ConfUtils.java:logGet(43)) - raft.server.log.segment.size.max = 1048576 (custom)
2019-07-13 19:23:14,732 INFO  server.RaftServerConfigKeys (ConfUtils.java:logGet(43)) - raft.server.log.use.memory = false (default)
2019-07-13 19:23:14,732 INFO  server.RaftServerConfigKeys (ConfUtils.java:logGet(43)) - raft.server.log.segment.cache.num.max = 2 (custom)
2019-07-13 19:23:14,732 INFO  server.RaftServerConfigKeys (ConfUtils.java:logGet(43)) - raft.server.log.segment.size.max = 1048576 (custom)
2019-07-13 19:23:14,733 INFO  segmented.SegmentedRaftLogWorker (SegmentedRaftLogWorker.java:<init>(172)) - new 6a4f42d8-2d8e-44e9-b53f-1e19ed7896af-SegmentedRaftLogWorker:Storage Directory /tmp/workdir/hadoop-ozone/integration-test/target/test-dir/MiniOzoneClusterImpl-659b5396-75a0-48b6-93f6-4f91963722a5/datanode-4/data/ratis/35e47b4d-2f48-449c-9e65-50ec5750b585 for RaftStorage:Storage Directory /tmp/workdir/hadoop-ozone/integration-test/target/test-dir/MiniOzoneClusterImpl-659b5396-75a0-48b6-93f6-4f91963722a5/datanode-4/data/ratis/35e47b4d-2f48-449c-9e65-50ec5750b585
2019-07-13 19:23:14,733 INFO  server.RaftServerConfigKeys (ConfUtils.java:logGet(43)) - raft.server.log.purge.gap = 1000000000 (custom)
2019-07-13 19:23:14,733 INFO  server.RaftServerConfigKeys (ConfUtils.java:logGet(43)) - raft.server.log.queue.byte-limit = 2147483647 (custom)
2019-07-13 19:23:14,733 INFO  server.RaftServerConfigKeys (ConfUtils.java:logGet(43)) - raft.server.log.segment.cache.num.max = 2 (custom)
2019-07-13 19:23:14,733 INFO  server.RaftServerConfigKeys (ConfUtils.java:logGet(43)) - raft.server.log.queue.element-limit = 1024 (custom)
2019-07-13 19:23:14,733 INFO  server.RaftServerConfigKeys (ConfUtils.java:logGet(43)) - raft.server.log.appender.buffer.byte-limit = 33554432 (custom)
2019-07-13 19:23:14,734 INFO  server.RaftServerConfigKeys (ConfUtils.java:logGet(43)) - raft.server.log.segment.size.max = 1048576 (custom)
2019-07-13 19:23:14,734 INFO  segmented.SegmentedRaftLogWorker (SegmentedRaftLogWorker.java:<init>(172)) - new 30386d35-0be0-4422-8a64-413b8a43814a-SegmentedRaftLogWorker:Storage Directory /tmp/workdir/hadoop-ozone/integration-test/target/test-dir/MiniOzoneClusterImpl-659b5396-75a0-48b6-93f6-4f91963722a5/datanode-3/data/ratis/35e47b4d-2f48-449c-9e65-50ec5750b585 for RaftStorage:Storage Directory /tmp/workdir/hadoop-ozone/integration-test/target/test-dir/MiniOzoneClusterImpl-659b5396-75a0-48b6-93f6-4f91963722a5/datanode-3/data/ratis/35e47b4d-2f48-449c-9e65-50ec5750b585
2019-07-13 19:23:14,734 INFO  server.RaftServerConfigKeys (ConfUtils.java:logGet(43)) - raft.server.log.preallocated.size = 16384 (custom)
2019-07-13 19:23:14,734 INFO  server.RaftServerConfigKeys (ConfUtils.java:logGet(43)) - raft.server.log.write.buffer.size = 33554432 (custom)
2019-07-13 19:23:14,734 INFO  server.RaftServerConfigKeys (ConfUtils.java:logGet(43)) - raft.server.log.segment.size.max = 1048576 (custom)
2019-07-13 19:23:14,734 INFO  server.RaftServerConfigKeys (ConfUtils.java:logGet(43)) - raft.server.log.force.sync.num = 128 (default)
2019-07-13 19:23:14,735 INFO  server.RaftServerConfigKeys (ConfUtils.java:logGet(43)) - raft.server.log.statemachine.data.sync = true (default)
2019-07-13 19:23:14,734 INFO  server.RaftServerConfigKeys (ConfUtils.java:logGet(43)) - raft.server.log.queue.byte-limit = 2147483647 (custom)
2019-07-13 19:23:14,735 INFO  server.RaftServerConfigKeys (ConfUtils.java:logGet(43)) - raft.server.log.statemachine.data.sync.timeout = 10s (default)
2019-07-13 19:23:14,735 INFO  server.RaftServerConfigKeys (ConfUtils.java:logGet(43)) - raft.server.log.statemachine.data.sync.timeout.retry = -1 (default)
2019-07-13 19:23:14,735 INFO  server.RaftServerConfigKeys (ConfUtils.java:logGet(43)) - raft.server.log.segment.cache.num.max = 2 (custom)
2019-07-13 19:23:14,736 INFO  server.RaftServerConfigKeys (ConfUtils.java:logGet(43)) - raft.server.log.statemachine.data.caching.enabled = true (custom)
2019-07-13 19:23:14,735 INFO  server.RaftServerConfigKeys (ConfUtils.java:logGet(43)) - raft.server.log.queue.element-limit = 1024 (custom)
2019-07-13 19:23:14,736 INFO  segmented.SegmentedRaftLogWorker (SegmentedRaftLogWorker.java:lambda$new$0(132)) - 6a4f42d8-2d8e-44e9-b53f-1e19ed7896af-SegmentedRaftLogWorker:Storage Directory /tmp/workdir/hadoop-ozone/integration-test/target/test-dir/MiniOzoneClusterImpl-659b5396-75a0-48b6-93f6-4f91963722a5/datanode-4/data/ratis/35e47b4d-2f48-449c-9e65-50ec5750b585: flushIndex: setUnconditionally 0 -> -1
2019-07-13 19:23:14,736 INFO  segmented.SegmentedRaftLogWorker (SegmentedRaftLogWorker.java:<init>(172)) - new de9e4c39-ff85-4d2d-9c33-705ce08d6b43-SegmentedRaftLogWorker:Storage Directory /tmp/workdir/hadoop-ozone/integration-test/target/test-dir/MiniOzoneClusterImpl-659b5396-75a0-48b6-93f6-4f91963722a5/datanode-5/data/ratis/35e47b4d-2f48-449c-9e65-50ec5750b585 for RaftStorage:Storage Directory /tmp/workdir/hadoop-ozone/integration-test/target/test-dir/MiniOzoneClusterImpl-659b5396-75a0-48b6-93f6-4f91963722a5/datanode-5/data/ratis/35e47b4d-2f48-449c-9e65-50ec5750b585
2019-07-13 19:23:14,736 INFO  server.RaftServerConfigKeys (ConfUtils.java:logGet(43)) - raft.server.snapshot.auto.trigger.enabled = true (custom)
2019-07-13 19:23:14,736 INFO  server.RaftServerConfigKeys (ConfUtils.java:logGet(43)) - raft.server.log.segment.size.max = 1048576 (custom)
2019-07-13 19:23:14,737 INFO  server.RaftServerConfigKeys (ConfUtils.java:logGet(43)) - raft.server.snapshot.auto.trigger.threshold = 10000 (custom)
2019-07-13 19:23:14,736 INFO  server.RaftServerConfigKeys (ConfUtils.java:logGet(43)) - raft.server.log.queue.byte-limit = 2147483647 (custom)
2019-07-13 19:23:14,737 INFO  server.RaftServerConfigKeys (ConfUtils.java:logGet(43)) - raft.server.retrycache.expirytime = 600000ms (custom)
2019-07-13 19:23:14,737 INFO  server.RaftServerConfigKeys (ConfUtils.java:logGet(43)) - raft.server.log.preallocated.size = 16384 (custom)
2019-07-13 19:23:14,737 INFO  impl.RaftServerImpl (RaftServerImpl.java:start(180)) - 6a4f42d8-2d8e-44e9-b53f-1e19ed7896af: start group-50EC5750B585
2019-07-13 19:23:14,737 INFO  server.RaftServerConfigKeys (ConfUtils.java:logGet(43)) - raft.server.log.queue.element-limit = 1024 (custom)
2019-07-13 19:23:14,738 INFO  impl.RaftServerImpl (RaftServerImpl.java:setRole(171)) - 6a4f42d8-2d8e-44e9-b53f-1e19ed7896af:group-50EC5750B585 changes role from null to FOLLOWER at term 0 for startAsFollower
2019-07-13 19:23:14,738 INFO  impl.RoleInfo (RoleInfo.java:updateAndGet(143)) - 6a4f42d8-2d8e-44e9-b53f-1e19ed7896af: start FollowerState
2019-07-13 19:23:14,737 INFO  server.RaftServerConfigKeys (ConfUtils.java:logGet(43)) - raft.server.log.write.buffer.size = 33554432 (custom)
2019-07-13 19:23:14,738 INFO  server.RaftServerConfigKeys (ConfUtils.java:logGet(43)) - raft.server.log.force.sync.num = 128 (default)
2019-07-13 19:23:14,738 INFO  server.RaftServerConfigKeys (ConfUtils.java:logGet(43)) - raft.server.log.segment.size.max = 1048576 (custom)
2019-07-13 19:23:14,738 INFO  server.RaftServerConfigKeys (ConfUtils.java:logGet(43)) - raft.server.log.statemachine.data.sync = true (default)
2019-07-13 19:23:14,738 INFO  util.JmxRegister (JmxRegister.java:tryRegister(44)) - Successfully registered JMX Bean with object name Ratis:service=RaftServer,group=group-50EC5750B585,id=6a4f42d8-2d8e-44e9-b53f-1e19ed7896af
2019-07-13 19:23:14,739 INFO  server.RaftServerConfigKeys (ConfUtils.java:logGet(43)) - raft.server.log.statemachine.data.sync.timeout = 10s (default)
2019-07-13 19:23:14,739 INFO  server.RaftServerConfigKeys (ConfUtils.java:logGet(43)) - raft.server.log.statemachine.data.sync.timeout.retry = -1 (default)
2019-07-13 19:23:14,739 INFO  server.RaftServerConfigKeys (ConfUtils.java:logGet(43)) - raft.server.log.preallocated.size = 16384 (custom)
2019-07-13 19:23:14,739 INFO  server.RaftServerConfigKeys (ConfUtils.java:logGet(43)) - raft.server.log.statemachine.data.caching.enabled = true (custom)
2019-07-13 19:23:14,740 INFO  server.RaftServerConfigKeys (ConfUtils.java:logGet(43)) - raft.server.log.write.buffer.size = 33554432 (custom)
2019-07-13 19:23:14,740 INFO  server.RaftServerConfigKeys (ConfUtils.java:logGet(43)) - raft.server.log.force.sync.num = 128 (default)
2019-07-13 19:23:14,740 INFO  segmented.SegmentedRaftLogWorker (SegmentedRaftLogWorker.java:lambda$new$0(132)) - 30386d35-0be0-4422-8a64-413b8a43814a-SegmentedRaftLogWorker:Storage Directory /tmp/workdir/hadoop-ozone/integration-test/target/test-dir/MiniOzoneClusterImpl-659b5396-75a0-48b6-93f6-4f91963722a5/datanode-3/data/ratis/35e47b4d-2f48-449c-9e65-50ec5750b585: flushIndex: setUnconditionally 0 -> -1
2019-07-13 19:23:14,740 INFO  server.RaftServerConfigKeys (ConfUtils.java:logGet(43)) - raft.server.log.statemachine.data.sync = true (default)
2019-07-13 19:23:14,743 INFO  server.RaftServerConfigKeys (ConfUtils.java:logGet(43)) - raft.server.snapshot.auto.trigger.enabled = true (custom)
2019-07-13 19:23:14,743 INFO  server.RaftServerConfigKeys (ConfUtils.java:logGet(43)) - raft.server.log.statemachine.data.sync.timeout = 10s (default)
2019-07-13 19:23:14,743 INFO  server.RaftServerConfigKeys (ConfUtils.java:logGet(43)) - raft.server.snapshot.auto.trigger.threshold = 10000 (custom)
2019-07-13 19:23:14,743 INFO  server.RaftServerConfigKeys (ConfUtils.java:logGet(43)) - raft.server.log.statemachine.data.sync.timeout.retry = -1 (default)
2019-07-13 19:23:14,744 INFO  server.RaftServerConfigKeys (ConfUtils.java:logGet(43)) - raft.server.retrycache.expirytime = 600000ms (custom)
2019-07-13 19:23:14,744 INFO  server.RaftServerConfigKeys (ConfUtils.java:logGet(43)) - raft.server.log.statemachine.data.caching.enabled = true (custom)
2019-07-13 19:23:14,744 INFO  impl.RaftServerImpl (RaftServerImpl.java:start(180)) - 30386d35-0be0-4422-8a64-413b8a43814a: start group-50EC5750B585
2019-07-13 19:23:14,744 INFO  impl.RaftServerImpl (RaftServerImpl.java:setRole(171)) - 30386d35-0be0-4422-8a64-413b8a43814a:group-50EC5750B585 changes role from null to FOLLOWER at term 0 for startAsFollower
2019-07-13 19:23:14,744 INFO  segmented.SegmentedRaftLogWorker (SegmentedRaftLogWorker.java:lambda$new$0(132)) - de9e4c39-ff85-4d2d-9c33-705ce08d6b43-SegmentedRaftLogWorker:Storage Directory /tmp/workdir/hadoop-ozone/integration-test/target/test-dir/MiniOzoneClusterImpl-659b5396-75a0-48b6-93f6-4f91963722a5/datanode-5/data/ratis/35e47b4d-2f48-449c-9e65-50ec5750b585: flushIndex: setUnconditionally 0 -> -1
2019-07-13 19:23:14,744 INFO  impl.RoleInfo (RoleInfo.java:updateAndGet(143)) - 30386d35-0be0-4422-8a64-413b8a43814a: start FollowerState
2019-07-13 19:23:14,745 INFO  server.RaftServerConfigKeys (ConfUtils.java:logGet(43)) - raft.server.snapshot.auto.trigger.enabled = true (custom)
2019-07-13 19:23:14,745 INFO  server.RaftServerConfigKeys (ConfUtils.java:logGet(43)) - raft.server.snapshot.auto.trigger.threshold = 10000 (custom)
2019-07-13 19:23:14,745 INFO  util.JmxRegister (JmxRegister.java:tryRegister(44)) - Successfully registered JMX Bean with object name Ratis:service=RaftServer,group=group-50EC5750B585,id=30386d35-0be0-4422-8a64-413b8a43814a
2019-07-13 19:23:14,745 INFO  server.RaftServerConfigKeys (ConfUtils.java:logGet(43)) - raft.server.retrycache.expirytime = 600000ms (custom)
2019-07-13 19:23:14,745 INFO  impl.RaftServerImpl (RaftServerImpl.java:start(180)) - de9e4c39-ff85-4d2d-9c33-705ce08d6b43: start group-50EC5750B585
2019-07-13 19:23:14,745 INFO  impl.RaftServerImpl (RaftServerImpl.java:setRole(171)) - de9e4c39-ff85-4d2d-9c33-705ce08d6b43:group-50EC5750B585 changes role from null to FOLLOWER at term 0 for startAsFollower
2019-07-13 19:23:14,745 INFO  impl.RoleInfo (RoleInfo.java:updateAndGet(143)) - de9e4c39-ff85-4d2d-9c33-705ce08d6b43: start FollowerState
2019-07-13 19:23:14,746 INFO  util.JmxRegister (JmxRegister.java:tryRegister(44)) - Successfully registered JMX Bean with object name Ratis:service=RaftServer,group=group-50EC5750B585,id=de9e4c39-ff85-4d2d-9c33-705ce08d6b43
2019-07-13 19:23:14,753 INFO  pipeline.PipelineStateManager (PipelineStateManager.java:addPipeline(56)) - Created pipeline Pipeline[ Id: 35e47b4d-2f48-449c-9e65-50ec5750b585, Nodes: 6a4f42d8-2d8e-44e9-b53f-1e19ed7896af{ip: 192.168.69.122, host: trunk-nightly-fxqsz-774976932, networkLocation: /default-rack, certSerialId: null}30386d35-0be0-4422-8a64-413b8a43814a{ip: 192.168.69.122, host: trunk-nightly-fxqsz-774976932, networkLocation: /default-rack, certSerialId: null}de9e4c39-ff85-4d2d-9c33-705ce08d6b43{ip: 192.168.69.122, host: trunk-nightly-fxqsz-774976932, networkLocation: /default-rack, certSerialId: null}, Type:RATIS, Factor:THREE, State:OPEN]
2019-07-13 19:23:14,905 INFO  ozone.MiniOzoneClusterImpl (MiniOzoneClusterImpl.java:lambda$waitForClusterToBeReady$0(142)) - Waiting for cluster to be ready. Got 6 of 7 DN Heartbeats.
2019-07-13 19:23:14,914 INFO  node.SCMNodeManager (SCMNodeManager.java:register(269)) - Registered Data node : 893c3ace-9d50-443f-bcdf-504df625c909{ip: 192.168.69.122, host: trunk-nightly-fxqsz-774976932, networkLocation: /default-rack, certSerialId: null}
2019-07-13 19:23:14,926 INFO  impl.RaftServerProxy (RaftServerProxy.java:addNew(89)) - 893c3ace-9d50-443f-bcdf-504df625c909: addNew group-92807F145E13:[893c3ace-9d50-443f-bcdf-504df625c909:192.168.69.122:32858] returns group-92807F145E13:java.util.concurrent.CompletableFuture@7f7821f0[Not completed]
2019-07-13 19:23:14,927 INFO  impl.RaftServerImpl (RaftServerImpl.java:<init>(93)) - 893c3ace-9d50-443f-bcdf-504df625c909: new RaftServerImpl for group-92807F145E13:[893c3ace-9d50-443f-bcdf-504df625c909:192.168.69.122:32858] with ContainerStateMachine:uninitialized
2019-07-13 19:23:14,927 INFO  server.RaftServerConfigKeys (ConfUtils.java:logGet(43)) - raft.server.rpc.timeout.min = 5s (custom)
2019-07-13 19:23:14,928 INFO  server.RaftServerConfigKeys (ConfUtils.java:logGet(43)) - raft.server.rpc.timeout.max = 5200ms (custom)
2019-07-13 19:23:14,928 INFO  server.RaftServerConfigKeys (ConfUtils.java:logGet(43)) - raft.server.rpcslowness.timeout = 120s (custom)
2019-07-13 19:23:14,928 INFO  server.RaftServerConfigKeys (ConfUtils.java:logGet(43)) - raft.server.sleep.deviation.threshold = 300 (default)
2019-07-13 19:23:14,928 INFO  server.RaftServerConfigKeys (ConfUtils.java:logGet(43)) - raft.server.log.appender.install.snapshot.enabled = false (custom)
2019-07-13 19:23:14,928 INFO  impl.RaftServerImpl (ServerState.java:<init>(105)) - 893c3ace-9d50-443f-bcdf-504df625c909:group-92807F145E13 ConfigurationManager, init=-1: [893c3ace-9d50-443f-bcdf-504df625c909:192.168.69.122:32858], old=null, confs=<EMPTY_MAP>
2019-07-13 19:23:14,928 INFO  server.RaftServerConfigKeys (ConfUtils.java:logGet(43)) - raft.server.storage.dir = [/tmp/workdir/hadoop-ozone/integration-test/target/test-dir/MiniOzoneClusterImpl-659b5396-75a0-48b6-93f6-4f91963722a5/datanode-6/data/ratis] (custom)
2019-07-13 19:23:14,929 INFO  storage.RaftStorageDirectory (RaftStorageDirectory.java:analyzeStorage(246)) - The storage directory /tmp/workdir/hadoop-ozone/integration-test/target/test-dir/MiniOzoneClusterImpl-659b5396-75a0-48b6-93f6-4f91963722a5/datanode-6/data/ratis/1ae40868-0c48-4b71-ac6a-92807f145e13 does not exist. Creating ...
2019-07-13 19:23:14,942 INFO  storage.RaftStorageDirectory (RaftStorageDirectory.java:tryLock(328)) - Lock on /tmp/workdir/hadoop-ozone/integration-test/target/test-dir/MiniOzoneClusterImpl-659b5396-75a0-48b6-93f6-4f91963722a5/datanode-6/data/ratis/1ae40868-0c48-4b71-ac6a-92807f145e13/in_use.lock acquired by nodename 22884@trunk-nightly-fxqsz-774976932
2019-07-13 19:23:14,955 INFO  storage.RaftStorage (RaftStorage.java:format(72)) - Storage directory /tmp/workdir/hadoop-ozone/integration-test/target/test-dir/MiniOzoneClusterImpl-659b5396-75a0-48b6-93f6-4f91963722a5/datanode-6/data/ratis/1ae40868-0c48-4b71-ac6a-92807f145e13 has been successfully formatted.
2019-07-13 19:23:14,955 INFO  ratis.ContainerStateMachine (ContainerStateMachine.java:loadSnapshot(200)) - The snapshot info is null.Setting the last applied index to:(t:0, i:~)
2019-07-13 19:23:14,956 INFO  server.RaftServerConfigKeys (ConfUtils.java:logGet(43)) - raft.server.leader.election.timeout = 120s (custom)
2019-07-13 19:23:14,956 INFO  server.RaftServerConfigKeys (ConfUtils.java:logGet(43)) - raft.server.log.use.memory = false (default)
2019-07-13 19:23:14,956 INFO  server.RaftServerConfigKeys (ConfUtils.java:logGet(43)) - raft.server.log.purge.gap = 1000000000 (custom)
2019-07-13 19:23:14,956 INFO  server.RaftServerConfigKeys (ConfUtils.java:logGet(43)) - raft.server.log.appender.buffer.byte-limit = 33554432 (custom)
2019-07-13 19:23:14,956 INFO  server.RaftServerConfigKeys (ConfUtils.java:logGet(43)) - raft.server.log.segment.size.max = 1048576 (custom)
2019-07-13 19:23:14,956 INFO  server.RaftServerConfigKeys (ConfUtils.java:logGet(43)) - raft.server.log.segment.cache.num.max = 2 (custom)
2019-07-13 19:23:14,957 INFO  segmented.SegmentedRaftLogWorker (SegmentedRaftLogWorker.java:<init>(172)) - new 893c3ace-9d50-443f-bcdf-504df625c909-SegmentedRaftLogWorker:Storage Directory /tmp/workdir/hadoop-ozone/integration-test/target/test-dir/MiniOzoneClusterImpl-659b5396-75a0-48b6-93f6-4f91963722a5/datanode-6/data/ratis/1ae40868-0c48-4b71-ac6a-92807f145e13 for RaftStorage:Storage Directory /tmp/workdir/hadoop-ozone/integration-test/target/test-dir/MiniOzoneClusterImpl-659b5396-75a0-48b6-93f6-4f91963722a5/datanode-6/data/ratis/1ae40868-0c48-4b71-ac6a-92807f145e13
2019-07-13 19:23:14,957 INFO  server.RaftServerConfigKeys (ConfUtils.java:logGet(43)) - raft.server.log.queue.byte-limit = 2147483647 (custom)
2019-07-13 19:23:14,957 INFO  server.RaftServerConfigKeys (ConfUtils.java:logGet(43)) - raft.server.log.queue.element-limit = 1024 (custom)
2019-07-13 19:23:14,957 INFO  server.RaftServerConfigKeys (ConfUtils.java:logGet(43)) - raft.server.log.segment.size.max = 1048576 (custom)
2019-07-13 19:23:14,957 INFO  server.RaftServerConfigKeys (ConfUtils.java:logGet(43)) - raft.server.log.preallocated.size = 16384 (custom)
2019-07-13 19:23:14,957 INFO  server.RaftServerConfigKeys (ConfUtils.java:logGet(43)) - raft.server.log.write.buffer.size = 33554432 (custom)
2019-07-13 19:23:14,958 INFO  server.RaftServerConfigKeys (ConfUtils.java:logGet(43)) - raft.server.log.force.sync.num = 128 (default)
2019-07-13 19:23:14,958 INFO  server.RaftServerConfigKeys (ConfUtils.java:logGet(43)) - raft.server.log.statemachine.data.sync = true (default)
2019-07-13 19:23:14,958 INFO  server.RaftServerConfigKeys (ConfUtils.java:logGet(43)) - raft.server.log.statemachine.data.sync.timeout = 10s (default)
2019-07-13 19:23:14,958 INFO  server.RaftServerConfigKeys (ConfUtils.java:logGet(43)) - raft.server.log.statemachine.data.sync.timeout.retry = -1 (default)
2019-07-13 19:23:14,958 INFO  server.RaftServerConfigKeys (ConfUtils.java:logGet(43)) - raft.server.log.statemachine.data.caching.enabled = true (custom)
2019-07-13 19:23:14,959 INFO  segmented.SegmentedRaftLogWorker (SegmentedRaftLogWorker.java:lambda$new$0(132)) - 893c3ace-9d50-443f-bcdf-504df625c909-SegmentedRaftLogWorker:Storage Directory /tmp/workdir/hadoop-ozone/integration-test/target/test-dir/MiniOzoneClusterImpl-659b5396-75a0-48b6-93f6-4f91963722a5/datanode-6/data/ratis/1ae40868-0c48-4b71-ac6a-92807f145e13: flushIndex: setUnconditionally 0 -> -1
2019-07-13 19:23:14,959 INFO  server.RaftServerConfigKeys (ConfUtils.java:logGet(43)) - raft.server.snapshot.auto.trigger.enabled = true (custom)
2019-07-13 19:23:14,959 INFO  server.RaftServerConfigKeys (ConfUtils.java:logGet(43)) - raft.server.snapshot.auto.trigger.threshold = 10000 (custom)
2019-07-13 19:23:14,959 INFO  server.RaftServerConfigKeys (ConfUtils.java:logGet(43)) - raft.server.retrycache.expirytime = 600000ms (custom)
2019-07-13 19:23:14,960 INFO  impl.RaftServerImpl (RaftServerImpl.java:start(180)) - 893c3ace-9d50-443f-bcdf-504df625c909: start group-92807F145E13
2019-07-13 19:23:14,960 INFO  impl.RaftServerImpl (RaftServerImpl.java:setRole(171)) - 893c3ace-9d50-443f-bcdf-504df625c909:group-92807F145E13 changes role from null to FOLLOWER at term 0 for startAsFollower
2019-07-13 19:23:14,960 INFO  impl.RoleInfo (RoleInfo.java:updateAndGet(143)) - 893c3ace-9d50-443f-bcdf-504df625c909: start FollowerState
2019-07-13 19:23:14,960 INFO  util.JmxRegister (JmxRegister.java:tryRegister(44)) - Successfully registered JMX Bean with object name Ratis:service=RaftServer,group=group-92807F145E13,id=893c3ace-9d50-443f-bcdf-504df625c909
2019-07-13 19:23:14,965 INFO  pipeline.PipelineStateManager (PipelineStateManager.java:addPipeline(56)) - Created pipeline Pipeline[ Id: 1ae40868-0c48-4b71-ac6a-92807f145e13, Nodes: 893c3ace-9d50-443f-bcdf-504df625c909{ip: 192.168.69.122, host: trunk-nightly-fxqsz-774976932, networkLocation: /default-rack, certSerialId: null}, Type:RATIS, Factor:ONE, State:OPEN]
2019-07-13 19:23:15,905 INFO  ozone.MiniOzoneClusterImpl (MiniOzoneClusterImpl.java:lambda$waitForClusterToBeReady$0(142)) - Cluster is ready. Got 7 of 7 DN Heartbeats.
2019-07-13 19:23:15,936 INFO  rpc.RpcClient (RpcClient.java:createVolume(287)) - Creating Volume: testblockoutputstream, with jenkins1000 as owner.
2019-07-13 19:23:15,952 INFO  rpc.RpcClient (RpcClient.java:createBucket(424)) - Creating Bucket: testblockoutputstream/testblockoutputstream, with Versioning false and Storage Type set to DISK and Encryption set to false 
2019-07-13 19:23:15,981 INFO  client.GrpcClientProtocolClient (GrpcClientProtocolClient.java:onNext(255)) - client-6D04946F215D->6a4f42d8-2d8e-44e9-b53f-1e19ed7896af: receive RaftClientReply:client-6D04946F215D->6a4f42d8-2d8e-44e9-b53f-1e19ed7896af@group-50EC5750B585, cid=205, FAILED org.apache.ratis.protocol.NotLeaderException: Server 6a4f42d8-2d8e-44e9-b53f-1e19ed7896af is not the leader (null). Request must be sent to leader., logIndex=0, commits[6a4f42d8-2d8e-44e9-b53f-1e19ed7896af:c-1]
2019-07-13 19:23:16,823 INFO  container.ReplicationManager (ReplicationManager.java:start(155)) - Starting Replication Monitor Thread.
2019-07-13 19:23:16,828 INFO  container.ReplicationManager (ReplicationManager.java:run(207)) - Replication Monitor Thread took 0 milliseconds for processing 1 containers.
2019-07-13 19:23:17,001 INFO  client.GrpcClientProtocolClient (GrpcClientProtocolClient.java:onNext(255)) - client-6D04946F215D->de9e4c39-ff85-4d2d-9c33-705ce08d6b43: receive RaftClientReply:client-6D04946F215D->de9e4c39-ff85-4d2d-9c33-705ce08d6b43@group-50EC5750B585, cid=205, FAILED org.apache.ratis.protocol.NotLeaderException: Server de9e4c39-ff85-4d2d-9c33-705ce08d6b43 is not the leader (null). Request must be sent to leader., logIndex=0, commits[de9e4c39-ff85-4d2d-9c33-705ce08d6b43:c-1]
2019-07-13 19:23:18,020 INFO  client.GrpcClientProtocolClient (GrpcClientProtocolClient.java:onNext(255)) - client-6D04946F215D->30386d35-0be0-4422-8a64-413b8a43814a: receive RaftClientReply:client-6D04946F215D->30386d35-0be0-4422-8a64-413b8a43814a@group-50EC5750B585, cid=205, FAILED org.apache.ratis.protocol.NotLeaderException: Server 30386d35-0be0-4422-8a64-413b8a43814a is not the leader (null). Request must be sent to leader., logIndex=0, commits[30386d35-0be0-4422-8a64-413b8a43814a:c-1]
2019-07-13 19:23:18,874 INFO  impl.FollowerState (FollowerState.java:run(106)) - 33189823-c2a7-4143-b8a9-25d7cfe64aa3:group-B8F157A541E1 changes to CANDIDATE, lastRpcTime:5006, electionTimeout:5006ms
2019-07-13 19:23:18,875 INFO  impl.RoleInfo (RoleInfo.java:shutdownFollowerState(121)) - 33189823-c2a7-4143-b8a9-25d7cfe64aa3: shutdown FollowerState
2019-07-13 19:23:18,875 INFO  impl.RaftServerImpl (RaftServerImpl.java:setRole(171)) - 33189823-c2a7-4143-b8a9-25d7cfe64aa3:group-B8F157A541E1 changes role from FOLLOWER to CANDIDATE at term 0 for changeToCandidate
2019-07-13 19:23:18,875 INFO  impl.RoleInfo (RoleInfo.java:updateAndGet(143)) - 33189823-c2a7-4143-b8a9-25d7cfe64aa3: start LeaderElection
2019-07-13 19:23:18,898 INFO  impl.LeaderElection (LeaderElection.java:askForVotes(181)) - 33189823-c2a7-4143-b8a9-25d7cfe64aa3:group-B8F157A541E1:LeaderElection64: begin an election at term 1 for -1: [33189823-c2a7-4143-b8a9-25d7cfe64aa3:192.168.69.122:37434], old=null
2019-07-13 19:23:18,899 INFO  impl.RoleInfo (RoleInfo.java:shutdownLeaderElection(134)) - 33189823-c2a7-4143-b8a9-25d7cfe64aa3: shutdown LeaderElection
2019-07-13 19:23:18,899 INFO  impl.RaftServerImpl (RaftServerImpl.java:setRole(171)) - 33189823-c2a7-4143-b8a9-25d7cfe64aa3:group-B8F157A541E1 changes role from CANDIDATE to LEADER at term 1 for changeToLeader
2019-07-13 19:23:18,899 INFO  impl.RaftServerImpl (ServerState.java:setLeader(263)) - 33189823-c2a7-4143-b8a9-25d7cfe64aa3:group-B8F157A541E1 change Leader from null to 33189823-c2a7-4143-b8a9-25d7cfe64aa3 at term 1 for becomeLeader, leader elected after 5035ms
2019-07-13 19:23:18,901 INFO  server.RaftServerConfigKeys (ConfUtils.java:logGet(43)) - raft.server.staging.catchup.gap = 1000 (default)
2019-07-13 19:23:18,901 INFO  server.RaftServerConfigKeys (ConfUtils.java:logGet(43)) - raft.server.rpc.sleep.time = 25ms (default)
2019-07-13 19:23:18,902 INFO  server.RaftServerConfigKeys (ConfUtils.java:logGet(43)) - raft.server.write.element-limit = 4096 (default)
2019-07-13 19:23:18,902 INFO  server.RaftServerConfigKeys (ConfUtils.java:logGet(43)) - raft.server.watch.timeout = 10s (default)
2019-07-13 19:23:18,902 INFO  server.RaftServerConfigKeys (ConfUtils.java:logGet(43)) - raft.server.watch.timeout.denomination = 1s (default)
2019-07-13 19:23:18,902 INFO  server.RaftServerConfigKeys (ConfUtils.java:logGet(43)) - raft.server.watch.element-limit = 65536 (default)
2019-07-13 19:23:18,902 INFO  impl.RoleInfo (RoleInfo.java:updateAndGet(143)) - 33189823-c2a7-4143-b8a9-25d7cfe64aa3: start LeaderState
2019-07-13 19:23:18,903 INFO  segmented.SegmentedRaftLogWorker (SegmentedRaftLogWorker.java:startLogSegment(380)) - 33189823-c2a7-4143-b8a9-25d7cfe64aa3-SegmentedRaftLogWorker:Storage Directory /tmp/workdir/hadoop-ozone/integration-test/target/test-dir/MiniOzoneClusterImpl-659b5396-75a0-48b6-93f6-4f91963722a5/datanode-0/data/ratis/73d1f850-ebd2-4e7c-b763-b8f157a541e1: Starting segment from index:0
2019-07-13 19:23:18,903 INFO  impl.RaftServerImpl (ServerState.java:setRaftConf(361)) - 33189823-c2a7-4143-b8a9-25d7cfe64aa3:group-B8F157A541E1 set configuration 0: [33189823-c2a7-4143-b8a9-25d7cfe64aa3:192.168.69.122:37434], old=null at 0
2019-07-13 19:23:18,937 INFO  segmented.SegmentedRaftLogWorker (SegmentedRaftLogWorker.java:execute(569)) - 33189823-c2a7-4143-b8a9-25d7cfe64aa3-SegmentedRaftLogWorker:Storage Directory /tmp/workdir/hadoop-ozone/integration-test/target/test-dir/MiniOzoneClusterImpl-659b5396-75a0-48b6-93f6-4f91963722a5/datanode-0/data/ratis/73d1f850-ebd2-4e7c-b763-b8f157a541e1: created new log segment /tmp/workdir/hadoop-ozone/integration-test/target/test-dir/MiniOzoneClusterImpl-659b5396-75a0-48b6-93f6-4f91963722a5/datanode-0/data/ratis/73d1f850-ebd2-4e7c-b763-b8f157a541e1/current/log_inprogress_0
2019-07-13 19:23:19,045 INFO  client.GrpcClientProtocolClient (GrpcClientProtocolClient.java:onNext(255)) - client-6D04946F215D->de9e4c39-ff85-4d2d-9c33-705ce08d6b43: receive RaftClientReply:client-6D04946F215D->de9e4c39-ff85-4d2d-9c33-705ce08d6b43@group-50EC5750B585, cid=205, FAILED org.apache.ratis.protocol.NotLeaderException: Server de9e4c39-ff85-4d2d-9c33-705ce08d6b43 is not the leader (null). Request must be sent to leader., logIndex=0, commits[de9e4c39-ff85-4d2d-9c33-705ce08d6b43:c-1]
2019-07-13 19:23:19,096 INFO  impl.FollowerState (FollowerState.java:run(106)) - 9fd79525-e0ea-4574-a6fd-f2467b182dbd:group-E15AC6E08600 changes to CANDIDATE, lastRpcTime:5088, electionTimeout:5088ms
2019-07-13 19:23:19,096 INFO  impl.RoleInfo (RoleInfo.java:shutdownFollowerState(121)) - 9fd79525-e0ea-4574-a6fd-f2467b182dbd: shutdown FollowerState
2019-07-13 19:23:19,096 INFO  impl.RaftServerImpl (RaftServerImpl.java:setRole(171)) - 9fd79525-e0ea-4574-a6fd-f2467b182dbd:group-E15AC6E08600 changes role from FOLLOWER to CANDIDATE at term 0 for changeToCandidate
2019-07-13 19:23:19,096 INFO  impl.RoleInfo (RoleInfo.java:updateAndGet(143)) - 9fd79525-e0ea-4574-a6fd-f2467b182dbd: start LeaderElection
2019-07-13 19:23:19,117 INFO  impl.LeaderElection (LeaderElection.java:askForVotes(181)) - 9fd79525-e0ea-4574-a6fd-f2467b182dbd:group-E15AC6E08600:LeaderElection65: begin an election at term 1 for -1: [9fd79525-e0ea-4574-a6fd-f2467b182dbd:192.168.69.122:36306], old=null
2019-07-13 19:23:19,117 INFO  impl.RoleInfo (RoleInfo.java:shutdownLeaderElection(134)) - 9fd79525-e0ea-4574-a6fd-f2467b182dbd: shutdown LeaderElection
2019-07-13 19:23:19,117 INFO  impl.RaftServerImpl (RaftServerImpl.java:setRole(171)) - 9fd79525-e0ea-4574-a6fd-f2467b182dbd:group-E15AC6E08600 changes role from CANDIDATE to LEADER at term 1 for changeToLeader
2019-07-13 19:23:19,117 INFO  impl.RaftServerImpl (ServerState.java:setLeader(263)) - 9fd79525-e0ea-4574-a6fd-f2467b182dbd:group-E15AC6E08600 change Leader from null to 9fd79525-e0ea-4574-a6fd-f2467b182dbd at term 1 for becomeLeader, leader elected after 5113ms
2019-07-13 19:23:19,120 INFO  server.RaftServerConfigKeys (ConfUtils.java:logGet(43)) - raft.server.staging.catchup.gap = 1000 (default)
2019-07-13 19:23:19,120 INFO  server.RaftServerConfigKeys (ConfUtils.java:logGet(43)) - raft.server.rpc.sleep.time = 25ms (default)
2019-07-13 19:23:19,120 INFO  server.RaftServerConfigKeys (ConfUtils.java:logGet(43)) - raft.server.write.element-limit = 4096 (default)
2019-07-13 19:23:19,120 INFO  server.RaftServerConfigKeys (ConfUtils.java:logGet(43)) - raft.server.watch.timeout = 10s (default)
2019-07-13 19:23:19,120 INFO  server.RaftServerConfigKeys (ConfUtils.java:logGet(43)) - raft.server.watch.timeout.denomination = 1s (default)
2019-07-13 19:23:19,120 INFO  server.RaftServerConfigKeys (ConfUtils.java:logGet(43)) - raft.server.watch.element-limit = 65536 (default)
2019-07-13 19:23:19,121 INFO  impl.RoleInfo (RoleInfo.java:updateAndGet(143)) - 9fd79525-e0ea-4574-a6fd-f2467b182dbd: start LeaderState
2019-07-13 19:23:19,121 INFO  segmented.SegmentedRaftLogWorker (SegmentedRaftLogWorker.java:startLogSegment(380)) - 9fd79525-e0ea-4574-a6fd-f2467b182dbd-SegmentedRaftLogWorker:Storage Directory /tmp/workdir/hadoop-ozone/integration-test/target/test-dir/MiniOzoneClusterImpl-659b5396-75a0-48b6-93f6-4f91963722a5/datanode-1/data/ratis/056543f4-36fe-437e-8683-e15ac6e08600: Starting segment from index:0
2019-07-13 19:23:19,121 INFO  impl.RaftServerImpl (ServerState.java:setRaftConf(361)) - 9fd79525-e0ea-4574-a6fd-f2467b182dbd:group-E15AC6E08600 set configuration 0: [9fd79525-e0ea-4574-a6fd-f2467b182dbd:192.168.69.122:36306], old=null at 0
2019-07-13 19:23:19,154 INFO  segmented.SegmentedRaftLogWorker (SegmentedRaftLogWorker.java:execute(569)) - 9fd79525-e0ea-4574-a6fd-f2467b182dbd-SegmentedRaftLogWorker:Storage Directory /tmp/workdir/hadoop-ozone/integration-test/target/test-dir/MiniOzoneClusterImpl-659b5396-75a0-48b6-93f6-4f91963722a5/datanode-1/data/ratis/056543f4-36fe-437e-8683-e15ac6e08600: created new log segment /tmp/workdir/hadoop-ozone/integration-test/target/test-dir/MiniOzoneClusterImpl-659b5396-75a0-48b6-93f6-4f91963722a5/datanode-1/data/ratis/056543f4-36fe-437e-8683-e15ac6e08600/current/log_inprogress_0
2019-07-13 19:23:19,232 INFO  impl.FollowerState (FollowerState.java:run(106)) - 6de9ba50-7a2d-4d3a-bb7a-466933beabb1:group-0F786D1157E4 changes to CANDIDATE, lastRpcTime:5057, electionTimeout:5057ms
2019-07-13 19:23:19,232 INFO  impl.RoleInfo (RoleInfo.java:shutdownFollowerState(121)) - 6de9ba50-7a2d-4d3a-bb7a-466933beabb1: shutdown FollowerState
2019-07-13 19:23:19,232 INFO  impl.RaftServerImpl (RaftServerImpl.java:setRole(171)) - 6de9ba50-7a2d-4d3a-bb7a-466933beabb1:group-0F786D1157E4 changes role from FOLLOWER to CANDIDATE at term 0 for changeToCandidate
2019-07-13 19:23:19,232 INFO  impl.RoleInfo (RoleInfo.java:updateAndGet(143)) - 6de9ba50-7a2d-4d3a-bb7a-466933beabb1: start LeaderElection
2019-07-13 19:23:19,263 INFO  impl.LeaderElection (LeaderElection.java:askForVotes(181)) - 6de9ba50-7a2d-4d3a-bb7a-466933beabb1:group-0F786D1157E4:LeaderElection66: begin an election at term 1 for -1: [6de9ba50-7a2d-4d3a-bb7a-466933beabb1:192.168.69.122:38852], old=null
2019-07-13 19:23:19,263 INFO  impl.RoleInfo (RoleInfo.java:shutdownLeaderElection(134)) - 6de9ba50-7a2d-4d3a-bb7a-466933beabb1: shutdown LeaderElection
2019-07-13 19:23:19,263 INFO  impl.RaftServerImpl (RaftServerImpl.java:setRole(171)) - 6de9ba50-7a2d-4d3a-bb7a-466933beabb1:group-0F786D1157E4 changes role from CANDIDATE to LEADER at term 1 for changeToLeader
2019-07-13 19:23:19,263 INFO  impl.RaftServerImpl (ServerState.java:setLeader(263)) - 6de9ba50-7a2d-4d3a-bb7a-466933beabb1:group-0F786D1157E4 change Leader from null to 6de9ba50-7a2d-4d3a-bb7a-466933beabb1 at term 1 for becomeLeader, leader elected after 5093ms
2019-07-13 19:23:19,266 INFO  server.RaftServerConfigKeys (ConfUtils.java:logGet(43)) - raft.server.staging.catchup.gap = 1000 (default)
2019-07-13 19:23:19,266 INFO  server.RaftServerConfigKeys (ConfUtils.java:logGet(43)) - raft.server.rpc.sleep.time = 25ms (default)
2019-07-13 19:23:19,266 INFO  server.RaftServerConfigKeys (ConfUtils.java:logGet(43)) - raft.server.write.element-limit = 4096 (default)
2019-07-13 19:23:19,266 INFO  server.RaftServerConfigKeys (ConfUtils.java:logGet(43)) - raft.server.watch.timeout = 10s (default)
2019-07-13 19:23:19,267 INFO  server.RaftServerConfigKeys (ConfUtils.java:logGet(43)) - raft.server.watch.timeout.denomination = 1s (default)
2019-07-13 19:23:19,267 INFO  server.RaftServerConfigKeys (ConfUtils.java:logGet(43)) - raft.server.watch.element-limit = 65536 (default)
2019-07-13 19:23:19,267 INFO  impl.RoleInfo (RoleInfo.java:updateAndGet(143)) - 6de9ba50-7a2d-4d3a-bb7a-466933beabb1: start LeaderState
2019-07-13 19:23:19,267 INFO  segmented.SegmentedRaftLogWorker (SegmentedRaftLogWorker.java:startLogSegment(380)) - 6de9ba50-7a2d-4d3a-bb7a-466933beabb1-SegmentedRaftLogWorker:Storage Directory /tmp/workdir/hadoop-ozone/integration-test/target/test-dir/MiniOzoneClusterImpl-659b5396-75a0-48b6-93f6-4f91963722a5/datanode-2/data/ratis/22bb558d-a3fd-4966-9688-0f786d1157e4: Starting segment from index:0
2019-07-13 19:23:19,268 INFO  impl.RaftServerImpl (ServerState.java:setRaftConf(361)) - 6de9ba50-7a2d-4d3a-bb7a-466933beabb1:group-0F786D1157E4 set configuration 0: [6de9ba50-7a2d-4d3a-bb7a-466933beabb1:192.168.69.122:38852], old=null at 0
2019-07-13 19:23:19,288 INFO  impl.FollowerState (FollowerState.java:run(106)) - 9fd79525-e0ea-4574-a6fd-f2467b182dbd:group-4ED3DB7C4FA0 changes to CANDIDATE, lastRpcTime:5026, electionTimeout:5022ms
2019-07-13 19:23:19,288 INFO  impl.RoleInfo (RoleInfo.java:shutdownFollowerState(121)) - 9fd79525-e0ea-4574-a6fd-f2467b182dbd: shutdown FollowerState
2019-07-13 19:23:19,288 INFO  impl.RaftServerImpl (RaftServerImpl.java:setRole(171)) - 9fd79525-e0ea-4574-a6fd-f2467b182dbd:group-4ED3DB7C4FA0 changes role from FOLLOWER to CANDIDATE at term 0 for changeToCandidate
2019-07-13 19:23:19,288 INFO  impl.RoleInfo (RoleInfo.java:updateAndGet(143)) - 9fd79525-e0ea-4574-a6fd-f2467b182dbd: start LeaderElection
2019-07-13 19:23:19,300 INFO  impl.FollowerState (FollowerState.java:run(106)) - 33189823-c2a7-4143-b8a9-25d7cfe64aa3:group-4ED3DB7C4FA0 changes to CANDIDATE, lastRpcTime:5037, electionTimeout:5037ms
2019-07-13 19:23:19,300 INFO  impl.RoleInfo (RoleInfo.java:shutdownFollowerState(121)) - 33189823-c2a7-4143-b8a9-25d7cfe64aa3: shutdown FollowerState
2019-07-13 19:23:19,300 INFO  impl.RaftServerImpl (RaftServerImpl.java:setRole(171)) - 33189823-c2a7-4143-b8a9-25d7cfe64aa3:group-4ED3DB7C4FA0 changes role from FOLLOWER to CANDIDATE at term 0 for changeToCandidate
2019-07-13 19:23:19,300 INFO  impl.RoleInfo (RoleInfo.java:updateAndGet(143)) - 33189823-c2a7-4143-b8a9-25d7cfe64aa3: start LeaderElection
2019-07-13 19:23:19,305 INFO  segmented.SegmentedRaftLogWorker (SegmentedRaftLogWorker.java:execute(569)) - 6de9ba50-7a2d-4d3a-bb7a-466933beabb1-SegmentedRaftLogWorker:Storage Directory /tmp/workdir/hadoop-ozone/integration-test/target/test-dir/MiniOzoneClusterImpl-659b5396-75a0-48b6-93f6-4f91963722a5/datanode-2/data/ratis/22bb558d-a3fd-4966-9688-0f786d1157e4: created new log segment /tmp/workdir/hadoop-ozone/integration-test/target/test-dir/MiniOzoneClusterImpl-659b5396-75a0-48b6-93f6-4f91963722a5/datanode-2/data/ratis/22bb558d-a3fd-4966-9688-0f786d1157e4/current/log_inprogress_0
2019-07-13 19:23:19,305 INFO  impl.LeaderElection (LeaderElection.java:askForVotes(181)) - 9fd79525-e0ea-4574-a6fd-f2467b182dbd:group-4ED3DB7C4FA0:LeaderElection67: begin an election at term 1 for -1: [33189823-c2a7-4143-b8a9-25d7cfe64aa3:192.168.69.122:37434, 6de9ba50-7a2d-4d3a-bb7a-466933beabb1:192.168.69.122:38852, 9fd79525-e0ea-4574-a6fd-f2467b182dbd:192.168.69.122:36306], old=null
2019-07-13 19:23:19,307 INFO  impl.FollowerState (FollowerState.java:run(106)) - 6de9ba50-7a2d-4d3a-bb7a-466933beabb1:group-4ED3DB7C4FA0 changes to CANDIDATE, lastRpcTime:5051, electionTimeout:5051ms
2019-07-13 19:23:19,307 INFO  impl.RoleInfo (RoleInfo.java:shutdownFollowerState(121)) - 6de9ba50-7a2d-4d3a-bb7a-466933beabb1: shutdown FollowerState
2019-07-13 19:23:19,307 INFO  impl.RaftServerImpl (RaftServerImpl.java:setRole(171)) - 6de9ba50-7a2d-4d3a-bb7a-466933beabb1:group-4ED3DB7C4FA0 changes role from FOLLOWER to CANDIDATE at term 0 for changeToCandidate
2019-07-13 19:23:19,307 INFO  impl.RoleInfo (RoleInfo.java:updateAndGet(143)) - 6de9ba50-7a2d-4d3a-bb7a-466933beabb1: start LeaderElection
2019-07-13 19:23:19,318 INFO  impl.LeaderElection (LeaderElection.java:askForVotes(181)) - 33189823-c2a7-4143-b8a9-25d7cfe64aa3:group-4ED3DB7C4FA0:LeaderElection68: begin an election at term 1 for -1: [33189823-c2a7-4143-b8a9-25d7cfe64aa3:192.168.69.122:37434, 6de9ba50-7a2d-4d3a-bb7a-466933beabb1:192.168.69.122:38852, 9fd79525-e0ea-4574-a6fd-f2467b182dbd:192.168.69.122:36306], old=null
2019-07-13 19:23:19,318 INFO  impl.LeaderElection (LeaderElection.java:askForVotes(181)) - 6de9ba50-7a2d-4d3a-bb7a-466933beabb1:group-4ED3DB7C4FA0:LeaderElection69: begin an election at term 1 for -1: [33189823-c2a7-4143-b8a9-25d7cfe64aa3:192.168.69.122:37434, 6de9ba50-7a2d-4d3a-bb7a-466933beabb1:192.168.69.122:38852, 9fd79525-e0ea-4574-a6fd-f2467b182dbd:192.168.69.122:36306], old=null
2019-07-13 19:23:19,322 INFO  impl.LeaderElection (LeaderElection.java:logAndReturn(56)) - 9fd79525-e0ea-4574-a6fd-f2467b182dbd:group-4ED3DB7C4FA0:LeaderElection67: Election REJECTED; received 2 response(s) [9fd79525-e0ea-4574-a6fd-f2467b182dbd<-33189823-c2a7-4143-b8a9-25d7cfe64aa3#0:FAIL-t1, 9fd79525-e0ea-4574-a6fd-f2467b182dbd<-6de9ba50-7a2d-4d3a-bb7a-466933beabb1#0:FAIL-t1] and 0 exception(s); 9fd79525-e0ea-4574-a6fd-f2467b182dbd:t1, leader=null, voted=9fd79525-e0ea-4574-a6fd-f2467b182dbd, raftlog=9fd79525-e0ea-4574-a6fd-f2467b182dbd-SegmentedRaftLog:OPENED:c-1,f-1,i0, conf=-1: [33189823-c2a7-4143-b8a9-25d7cfe64aa3:192.168.69.122:37434, 6de9ba50-7a2d-4d3a-bb7a-466933beabb1:192.168.69.122:38852, 9fd79525-e0ea-4574-a6fd-f2467b182dbd:192.168.69.122:36306], old=null
2019-07-13 19:23:19,322 INFO  impl.RaftServerImpl (RaftServerImpl.java:setRole(171)) - 9fd79525-e0ea-4574-a6fd-f2467b182dbd:group-4ED3DB7C4FA0 changes role from CANDIDATE to FOLLOWER at term 1 for DISCOVERED_A_NEW_TERM
2019-07-13 19:23:19,325 INFO  impl.RoleInfo (RoleInfo.java:shutdownLeaderElection(134)) - 9fd79525-e0ea-4574-a6fd-f2467b182dbd: shutdown LeaderElection
2019-07-13 19:23:19,328 INFO  impl.RoleInfo (RoleInfo.java:updateAndGet(143)) - 9fd79525-e0ea-4574-a6fd-f2467b182dbd: start FollowerState
2019-07-13 19:23:19,339 INFO  impl.LeaderElection (LeaderElection.java:logAndReturn(56)) - 6de9ba50-7a2d-4d3a-bb7a-466933beabb1:group-4ED3DB7C4FA0:LeaderElection69: Election REJECTED; received 2 response(s) [6de9ba50-7a2d-4d3a-bb7a-466933beabb1<-33189823-c2a7-4143-b8a9-25d7cfe64aa3#0:FAIL-t1, 6de9ba50-7a2d-4d3a-bb7a-466933beabb1<-9fd79525-e0ea-4574-a6fd-f2467b182dbd#0:FAIL-t1] and 0 exception(s); 6de9ba50-7a2d-4d3a-bb7a-466933beabb1:t1, leader=null, voted=6de9ba50-7a2d-4d3a-bb7a-466933beabb1, raftlog=6de9ba50-7a2d-4d3a-bb7a-466933beabb1-SegmentedRaftLog:OPENED:c-1,f-1,i0, conf=-1: [33189823-c2a7-4143-b8a9-25d7cfe64aa3:192.168.69.122:37434, 6de9ba50-7a2d-4d3a-bb7a-466933beabb1:192.168.69.122:38852, 9fd79525-e0ea-4574-a6fd-f2467b182dbd:192.168.69.122:36306], old=null
2019-07-13 19:23:19,339 INFO  impl.RaftServerImpl (RaftServerImpl.java:setRole(171)) - 6de9ba50-7a2d-4d3a-bb7a-466933beabb1:group-4ED3DB7C4FA0 changes role from CANDIDATE to FOLLOWER at term 1 for DISCOVERED_A_NEW_TERM
2019-07-13 19:23:19,342 INFO  impl.RoleInfo (RoleInfo.java:shutdownLeaderElection(134)) - 6de9ba50-7a2d-4d3a-bb7a-466933beabb1: shutdown LeaderElection
2019-07-13 19:23:19,342 INFO  impl.RoleInfo (RoleInfo.java:updateAndGet(143)) - 6de9ba50-7a2d-4d3a-bb7a-466933beabb1: start FollowerState
2019-07-13 19:23:19,342 INFO  impl.LeaderElection (LeaderElection.java:logAndReturn(56)) - 33189823-c2a7-4143-b8a9-25d7cfe64aa3:group-4ED3DB7C4FA0:LeaderElection68: Election REJECTED; received 2 response(s) [33189823-c2a7-4143-b8a9-25d7cfe64aa3<-6de9ba50-7a2d-4d3a-bb7a-466933beabb1#0:FAIL-t1, 33189823-c2a7-4143-b8a9-25d7cfe64aa3<-9fd79525-e0ea-4574-a6fd-f2467b182dbd#0:FAIL-t1] and 0 exception(s); 33189823-c2a7-4143-b8a9-25d7cfe64aa3:t1, leader=null, voted=33189823-c2a7-4143-b8a9-25d7cfe64aa3, raftlog=33189823-c2a7-4143-b8a9-25d7cfe64aa3-SegmentedRaftLog:OPENED:c-1,f-1,i0, conf=-1: [33189823-c2a7-4143-b8a9-25d7cfe64aa3:192.168.69.122:37434, 6de9ba50-7a2d-4d3a-bb7a-466933beabb1:192.168.69.122:38852, 9fd79525-e0ea-4574-a6fd-f2467b182dbd:192.168.69.122:36306], old=null
2019-07-13 19:23:19,345 INFO  impl.RaftServerImpl (RaftServerImpl.java:setRole(171)) - 33189823-c2a7-4143-b8a9-25d7cfe64aa3:group-4ED3DB7C4FA0 changes role from CANDIDATE to FOLLOWER at term 1 for DISCOVERED_A_NEW_TERM
2019-07-13 19:23:19,350 INFO  impl.RoleInfo (RoleInfo.java:shutdownLeaderElection(134)) - 33189823-c2a7-4143-b8a9-25d7cfe64aa3: shutdown LeaderElection
2019-07-13 19:23:19,350 INFO  impl.RoleInfo (RoleInfo.java:updateAndGet(143)) - 33189823-c2a7-4143-b8a9-25d7cfe64aa3: start FollowerState
2019-07-13 19:23:19,414 INFO  impl.FollowerState (FollowerState.java:run(106)) - 30386d35-0be0-4422-8a64-413b8a43814a:group-59AC153D513B changes to CANDIDATE, lastRpcTime:5085, electionTimeout:5085ms
2019-07-13 19:23:19,414 INFO  impl.RoleInfo (RoleInfo.java:shutdownFollowerState(121)) - 30386d35-0be0-4422-8a64-413b8a43814a: shutdown FollowerState
2019-07-13 19:23:19,415 INFO  impl.RaftServerImpl (RaftServerImpl.java:setRole(171)) - 30386d35-0be0-4422-8a64-413b8a43814a:group-59AC153D513B changes role from FOLLOWER to CANDIDATE at term 0 for changeToCandidate
2019-07-13 19:23:19,415 INFO  impl.RoleInfo (RoleInfo.java:updateAndGet(143)) - 30386d35-0be0-4422-8a64-413b8a43814a: start LeaderElection
2019-07-13 19:23:19,433 INFO  impl.LeaderElection (LeaderElection.java:askForVotes(181)) - 30386d35-0be0-4422-8a64-413b8a43814a:group-59AC153D513B:LeaderElection70: begin an election at term 1 for -1: [30386d35-0be0-4422-8a64-413b8a43814a:192.168.69.122:43340], old=null
2019-07-13 19:23:19,433 INFO  impl.RoleInfo (RoleInfo.java:shutdownLeaderElection(134)) - 30386d35-0be0-4422-8a64-413b8a43814a: shutdown LeaderElection
2019-07-13 19:23:19,433 INFO  impl.RaftServerImpl (RaftServerImpl.java:setRole(171)) - 30386d35-0be0-4422-8a64-413b8a43814a:group-59AC153D513B changes role from CANDIDATE to LEADER at term 1 for changeToLeader
2019-07-13 19:23:19,433 INFO  impl.RaftServerImpl (ServerState.java:setLeader(263)) - 30386d35-0be0-4422-8a64-413b8a43814a:group-59AC153D513B change Leader from null to 30386d35-0be0-4422-8a64-413b8a43814a at term 1 for becomeLeader, leader elected after 5108ms
2019-07-13 19:23:19,436 INFO  server.RaftServerConfigKeys (ConfUtils.java:logGet(43)) - raft.server.staging.catchup.gap = 1000 (default)
2019-07-13 19:23:19,436 INFO  server.RaftServerConfigKeys (ConfUtils.java:logGet(43)) - raft.server.rpc.sleep.time = 25ms (default)
2019-07-13 19:23:19,436 INFO  server.RaftServerConfigKeys (ConfUtils.java:logGet(43)) - raft.server.write.element-limit = 4096 (default)
2019-07-13 19:23:19,436 INFO  server.RaftServerConfigKeys (ConfUtils.java:logGet(43)) - raft.server.watch.timeout = 10s (default)
2019-07-13 19:23:19,436 INFO  server.RaftServerConfigKeys (ConfUtils.java:logGet(43)) - raft.server.watch.timeout.denomination = 1s (default)
2019-07-13 19:23:19,437 INFO  server.RaftServerConfigKeys (ConfUtils.java:logGet(43)) - raft.server.watch.element-limit = 65536 (default)
2019-07-13 19:23:19,437 INFO  impl.RoleInfo (RoleInfo.java:updateAndGet(143)) - 30386d35-0be0-4422-8a64-413b8a43814a: start LeaderState
2019-07-13 19:23:19,437 INFO  segmented.SegmentedRaftLogWorker (SegmentedRaftLogWorker.java:startLogSegment(380)) - 30386d35-0be0-4422-8a64-413b8a43814a-SegmentedRaftLogWorker:Storage Directory /tmp/workdir/hadoop-ozone/integration-test/target/test-dir/MiniOzoneClusterImpl-659b5396-75a0-48b6-93f6-4f91963722a5/datanode-3/data/ratis/12d39326-127b-40b5-962c-59ac153d513b: Starting segment from index:0
2019-07-13 19:23:19,437 INFO  impl.RaftServerImpl (ServerState.java:setRaftConf(361)) - 30386d35-0be0-4422-8a64-413b8a43814a:group-59AC153D513B set configuration 0: [30386d35-0be0-4422-8a64-413b8a43814a:192.168.69.122:43340], old=null at 0
2019-07-13 19:23:19,471 INFO  segmented.SegmentedRaftLogWorker (SegmentedRaftLogWorker.java:execute(569)) - 30386d35-0be0-4422-8a64-413b8a43814a-SegmentedRaftLogWorker:Storage Directory /tmp/workdir/hadoop-ozone/integration-test/target/test-dir/MiniOzoneClusterImpl-659b5396-75a0-48b6-93f6-4f91963722a5/datanode-3/data/ratis/12d39326-127b-40b5-962c-59ac153d513b: created new log segment /tmp/workdir/hadoop-ozone/integration-test/target/test-dir/MiniOzoneClusterImpl-659b5396-75a0-48b6-93f6-4f91963722a5/datanode-3/data/ratis/12d39326-127b-40b5-962c-59ac153d513b/current/log_inprogress_0
2019-07-13 19:23:19,594 INFO  impl.FollowerState (FollowerState.java:run(106)) - 6a4f42d8-2d8e-44e9-b53f-1e19ed7896af:group-BA980F089D86 changes to CANDIDATE, lastRpcTime:5080, electionTimeout:5080ms
2019-07-13 19:23:19,594 INFO  impl.RoleInfo (RoleInfo.java:shutdownFollowerState(121)) - 6a4f42d8-2d8e-44e9-b53f-1e19ed7896af: shutdown FollowerState
2019-07-13 19:23:19,595 INFO  impl.RaftServerImpl (RaftServerImpl.java:setRole(171)) - 6a4f42d8-2d8e-44e9-b53f-1e19ed7896af:group-BA980F089D86 changes role from FOLLOWER to CANDIDATE at term 0 for changeToCandidate
2019-07-13 19:23:19,595 INFO  impl.RoleInfo (RoleInfo.java:updateAndGet(143)) - 6a4f42d8-2d8e-44e9-b53f-1e19ed7896af: start LeaderElection
2019-07-13 19:23:19,613 INFO  impl.LeaderElection (LeaderElection.java:askForVotes(181)) - 6a4f42d8-2d8e-44e9-b53f-1e19ed7896af:group-BA980F089D86:LeaderElection71: begin an election at term 1 for -1: [6a4f42d8-2d8e-44e9-b53f-1e19ed7896af:192.168.69.122:36608], old=null
2019-07-13 19:23:19,613 INFO  impl.RoleInfo (RoleInfo.java:shutdownLeaderElection(134)) - 6a4f42d8-2d8e-44e9-b53f-1e19ed7896af: shutdown LeaderElection
2019-07-13 19:23:19,613 INFO  impl.RaftServerImpl (RaftServerImpl.java:setRole(171)) - 6a4f42d8-2d8e-44e9-b53f-1e19ed7896af:group-BA980F089D86 changes role from CANDIDATE to LEADER at term 1 for changeToLeader
2019-07-13 19:23:19,613 INFO  impl.RaftServerImpl (ServerState.java:setLeader(263)) - 6a4f42d8-2d8e-44e9-b53f-1e19ed7896af:group-BA980F089D86 change Leader from null to 6a4f42d8-2d8e-44e9-b53f-1e19ed7896af at term 1 for becomeLeader, leader elected after 5103ms
2019-07-13 19:23:19,616 INFO  server.RaftServerConfigKeys (ConfUtils.java:logGet(43)) - raft.server.staging.catchup.gap = 1000 (default)
2019-07-13 19:23:19,616 INFO  server.RaftServerConfigKeys (ConfUtils.java:logGet(43)) - raft.server.rpc.sleep.time = 25ms (default)
2019-07-13 19:23:19,616 INFO  server.RaftServerConfigKeys (ConfUtils.java:logGet(43)) - raft.server.write.element-limit = 4096 (default)
2019-07-13 19:23:19,616 INFO  server.RaftServerConfigKeys (ConfUtils.java:logGet(43)) - raft.server.watch.timeout = 10s (default)
2019-07-13 19:23:19,616 INFO  server.RaftServerConfigKeys (ConfUtils.java:logGet(43)) - raft.server.watch.timeout.denomination = 1s (default)
2019-07-13 19:23:19,616 INFO  server.RaftServerConfigKeys (ConfUtils.java:logGet(43)) - raft.server.watch.element-limit = 65536 (default)
2019-07-13 19:23:19,616 INFO  impl.RoleInfo (RoleInfo.java:updateAndGet(143)) - 6a4f42d8-2d8e-44e9-b53f-1e19ed7896af: start LeaderState
2019-07-13 19:23:19,617 INFO  segmented.SegmentedRaftLogWorker (SegmentedRaftLogWorker.java:startLogSegment(380)) - 6a4f42d8-2d8e-44e9-b53f-1e19ed7896af-SegmentedRaftLogWorker:Storage Directory /tmp/workdir/hadoop-ozone/integration-test/target/test-dir/MiniOzoneClusterImpl-659b5396-75a0-48b6-93f6-4f91963722a5/datanode-4/data/ratis/b03bddf2-2ecf-40f6-a7fc-ba980f089d86: Starting segment from index:0
2019-07-13 19:23:19,617 INFO  impl.RaftServerImpl (ServerState.java:setRaftConf(361)) - 6a4f42d8-2d8e-44e9-b53f-1e19ed7896af:group-BA980F089D86 set configuration 0: [6a4f42d8-2d8e-44e9-b53f-1e19ed7896af:192.168.69.122:36608], old=null at 0
2019-07-13 19:23:19,652 INFO  segmented.SegmentedRaftLogWorker (SegmentedRaftLogWorker.java:execute(569)) - 6a4f42d8-2d8e-44e9-b53f-1e19ed7896af-SegmentedRaftLogWorker:Storage Directory /tmp/workdir/hadoop-ozone/integration-test/target/test-dir/MiniOzoneClusterImpl-659b5396-75a0-48b6-93f6-4f91963722a5/datanode-4/data/ratis/b03bddf2-2ecf-40f6-a7fc-ba980f089d86: created new log segment /tmp/workdir/hadoop-ozone/integration-test/target/test-dir/MiniOzoneClusterImpl-659b5396-75a0-48b6-93f6-4f91963722a5/datanode-4/data/ratis/b03bddf2-2ecf-40f6-a7fc-ba980f089d86/current/log_inprogress_0
2019-07-13 19:23:19,758 INFO  impl.FollowerState (FollowerState.java:run(106)) - 6a4f42d8-2d8e-44e9-b53f-1e19ed7896af:group-50EC5750B585 changes to CANDIDATE, lastRpcTime:5020, electionTimeout:5020ms
2019-07-13 19:23:19,759 INFO  impl.RoleInfo (RoleInfo.java:shutdownFollowerState(121)) - 6a4f42d8-2d8e-44e9-b53f-1e19ed7896af: shutdown FollowerState
2019-07-13 19:23:19,759 INFO  impl.RaftServerImpl (RaftServerImpl.java:setRole(171)) - 6a4f42d8-2d8e-44e9-b53f-1e19ed7896af:group-50EC5750B585 changes role from FOLLOWER to CANDIDATE at term 0 for changeToCandidate
2019-07-13 19:23:19,759 INFO  impl.RoleInfo (RoleInfo.java:updateAndGet(143)) - 6a4f42d8-2d8e-44e9-b53f-1e19ed7896af: start LeaderElection
2019-07-13 19:23:19,786 INFO  impl.FollowerState (FollowerState.java:run(106)) - 30386d35-0be0-4422-8a64-413b8a43814a:group-50EC5750B585 changes to CANDIDATE, lastRpcTime:5041, electionTimeout:5041ms
2019-07-13 19:23:19,786 INFO  impl.RoleInfo (RoleInfo.java:shutdownFollowerState(121)) - 30386d35-0be0-4422-8a64-413b8a43814a: shutdown FollowerState
2019-07-13 19:23:19,786 INFO  impl.RaftServerImpl (RaftServerImpl.java:setRole(171)) - 30386d35-0be0-4422-8a64-413b8a43814a:group-50EC5750B585 changes role from FOLLOWER to CANDIDATE at term 0 for changeToCandidate
2019-07-13 19:23:19,786 INFO  impl.RoleInfo (RoleInfo.java:updateAndGet(143)) - 30386d35-0be0-4422-8a64-413b8a43814a: start LeaderElection
2019-07-13 19:23:19,791 INFO  impl.LeaderElection (LeaderElection.java:askForVotes(181)) - 6a4f42d8-2d8e-44e9-b53f-1e19ed7896af:group-50EC5750B585:LeaderElection72: begin an election at term 1 for -1: [6a4f42d8-2d8e-44e9-b53f-1e19ed7896af:192.168.69.122:36608, 30386d35-0be0-4422-8a64-413b8a43814a:192.168.69.122:43340, de9e4c39-ff85-4d2d-9c33-705ce08d6b43:192.168.69.122:38094], old=null
2019-07-13 19:23:19,793 INFO  impl.LeaderElection (LeaderElection.java:askForVotes(181)) - 30386d35-0be0-4422-8a64-413b8a43814a:group-50EC5750B585:LeaderElection73: begin an election at term 1 for -1: [6a4f42d8-2d8e-44e9-b53f-1e19ed7896af:192.168.69.122:36608, 30386d35-0be0-4422-8a64-413b8a43814a:192.168.69.122:43340, de9e4c39-ff85-4d2d-9c33-705ce08d6b43:192.168.69.122:38094], old=null
2019-07-13 19:23:19,795 INFO  impl.RaftServerImpl (RaftServerImpl.java:setRole(171)) - de9e4c39-ff85-4d2d-9c33-705ce08d6b43:group-50EC5750B585 changes role from FOLLOWER to FOLLOWER at term 1 for recognizeCandidate:6a4f42d8-2d8e-44e9-b53f-1e19ed7896af
2019-07-13 19:23:19,795 INFO  impl.RoleInfo (RoleInfo.java:shutdownFollowerState(121)) - de9e4c39-ff85-4d2d-9c33-705ce08d6b43: shutdown FollowerState
2019-07-13 19:23:19,795 INFO  impl.RoleInfo (RoleInfo.java:updateAndGet(143)) - de9e4c39-ff85-4d2d-9c33-705ce08d6b43: start FollowerState
2019-07-13 19:23:19,796 INFO  impl.FollowerState (FollowerState.java:run(114)) - de9e4c39-ff85-4d2d-9c33-705ce08d6b43: FollowerState was interrupted: java.lang.InterruptedException: sleep interrupted
2019-07-13 19:23:19,817 INFO  impl.LeaderElection (LeaderElection.java:logAndReturn(56)) - 6a4f42d8-2d8e-44e9-b53f-1e19ed7896af:group-50EC5750B585:LeaderElection72: Election PASSED; received 2 response(s) [6a4f42d8-2d8e-44e9-b53f-1e19ed7896af<-30386d35-0be0-4422-8a64-413b8a43814a#0:FAIL-t1, 6a4f42d8-2d8e-44e9-b53f-1e19ed7896af<-de9e4c39-ff85-4d2d-9c33-705ce08d6b43#0:OK-t1] and 0 exception(s); 6a4f42d8-2d8e-44e9-b53f-1e19ed7896af:t1, leader=null, voted=6a4f42d8-2d8e-44e9-b53f-1e19ed7896af, raftlog=6a4f42d8-2d8e-44e9-b53f-1e19ed7896af-SegmentedRaftLog:OPENED:c-1,f-1,i0, conf=-1: [6a4f42d8-2d8e-44e9-b53f-1e19ed7896af:192.168.69.122:36608, 30386d35-0be0-4422-8a64-413b8a43814a:192.168.69.122:43340, de9e4c39-ff85-4d2d-9c33-705ce08d6b43:192.168.69.122:38094], old=null
2019-07-13 19:23:19,817 INFO  impl.RoleInfo (RoleInfo.java:shutdownLeaderElection(134)) - 6a4f42d8-2d8e-44e9-b53f-1e19ed7896af: shutdown LeaderElection
2019-07-13 19:23:19,819 INFO  impl.RaftServerImpl (RaftServerImpl.java:setRole(171)) - 6a4f42d8-2d8e-44e9-b53f-1e19ed7896af:group-50EC5750B585 changes role from CANDIDATE to LEADER at term 1 for changeToLeader
2019-07-13 19:23:19,819 INFO  impl.LeaderElection (LeaderElection.java:logAndReturn(56)) - 30386d35-0be0-4422-8a64-413b8a43814a:group-50EC5750B585:LeaderElection73: Election REJECTED; received 2 response(s) [30386d35-0be0-4422-8a64-413b8a43814a<-6a4f42d8-2d8e-44e9-b53f-1e19ed7896af#0:FAIL-t1, 30386d35-0be0-4422-8a64-413b8a43814a<-de9e4c39-ff85-4d2d-9c33-705ce08d6b43#0:FAIL-t1] and 0 exception(s); 30386d35-0be0-4422-8a64-413b8a43814a:t1, leader=null, voted=30386d35-0be0-4422-8a64-413b8a43814a, raftlog=30386d35-0be0-4422-8a64-413b8a43814a-SegmentedRaftLog:OPENED:c-1,f-1,i0, conf=-1: [6a4f42d8-2d8e-44e9-b53f-1e19ed7896af:192.168.69.122:36608, 30386d35-0be0-4422-8a64-413b8a43814a:192.168.69.122:43340, de9e4c39-ff85-4d2d-9c33-705ce08d6b43:192.168.69.122:38094], old=null
2019-07-13 19:23:19,820 INFO  impl.RaftServerImpl (ServerState.java:setLeader(263)) - 6a4f42d8-2d8e-44e9-b53f-1e19ed7896af:group-50EC5750B585 change Leader from null to 6a4f42d8-2d8e-44e9-b53f-1e19ed7896af at term 1 for becomeLeader, leader elected after 5088ms
2019-07-13 19:23:19,820 INFO  impl.RaftServerImpl (RaftServerImpl.java:setRole(171)) - 30386d35-0be0-4422-8a64-413b8a43814a:group-50EC5750B585 changes role from CANDIDATE to FOLLOWER at term 1 for DISCOVERED_A_NEW_TERM
2019-07-13 19:23:19,832 INFO  server.RaftServerConfigKeys (ConfUtils.java:logGet(43)) - raft.server.staging.catchup.gap = 1000 (default)
2019-07-13 19:23:19,832 INFO  server.RaftServerConfigKeys (ConfUtils.java:logGet(43)) - raft.server.rpc.sleep.time = 25ms (default)
2019-07-13 19:23:19,832 INFO  impl.FollowerState (FollowerState.java:run(106)) - de9e4c39-ff85-4d2d-9c33-705ce08d6b43:group-DCAE14C9CDD0 changes to CANDIDATE, lastRpcTime:5161, electionTimeout:5151ms
2019-07-13 19:23:19,833 INFO  server.RaftServerConfigKeys (ConfUtils.java:logGet(43)) - raft.server.write.element-limit = 4096 (default)
2019-07-13 19:23:19,832 INFO  impl.RoleInfo (RoleInfo.java:shutdownLeaderElection(134)) - 30386d35-0be0-4422-8a64-413b8a43814a: shutdown LeaderElection
2019-07-13 19:23:19,833 INFO  server.RaftServerConfigKeys (ConfUtils.java:logGet(43)) - raft.server.watch.timeout = 10s (default)
2019-07-13 19:23:19,833 INFO  server.RaftServerConfigKeys (ConfUtils.java:logGet(43)) - raft.server.watch.timeout.denomination = 1s (default)
2019-07-13 19:23:19,833 INFO  impl.RoleInfo (RoleInfo.java:shutdownFollowerState(121)) - de9e4c39-ff85-4d2d-9c33-705ce08d6b43: shutdown FollowerState
2019-07-13 19:23:19,833 INFO  server.RaftServerConfigKeys (ConfUtils.java:logGet(43)) - raft.server.watch.element-limit = 65536 (default)
2019-07-13 19:23:19,833 INFO  impl.RoleInfo (RoleInfo.java:updateAndGet(143)) - 30386d35-0be0-4422-8a64-413b8a43814a: start FollowerState
2019-07-13 19:23:19,834 INFO  server.RaftServerConfigKeys (ConfUtils.java:logGet(43)) - raft.server.log.appender.snapshot.chunk.size.max = 16MB (=16777216) (default)
2019-07-13 19:23:19,833 INFO  impl.RaftServerImpl (RaftServerImpl.java:setRole(171)) - de9e4c39-ff85-4d2d-9c33-705ce08d6b43:group-DCAE14C9CDD0 changes role from FOLLOWER to CANDIDATE at term 0 for changeToCandidate
2019-07-13 19:23:19,834 INFO  server.RaftServerConfigKeys (ConfUtils.java:logGet(43)) - raft.server.log.appender.buffer.byte-limit = 33554432 (custom)
2019-07-13 19:23:19,834 INFO  impl.RoleInfo (RoleInfo.java:updateAndGet(143)) - de9e4c39-ff85-4d2d-9c33-705ce08d6b43: start LeaderElection
2019-07-13 19:23:19,834 INFO  server.RaftServerConfigKeys (ConfUtils.java:logGet(43)) - raft.server.log.appender.buffer.element-limit = 1 (custom)
2019-07-13 19:23:19,835 INFO  grpc.GrpcConfigKeys$Server (ConfUtils.java:logGet(43)) - raft.grpc.server.leader.outstanding.appends.max = 128 (default)
2019-07-13 19:23:19,835 INFO  server.RaftServerConfigKeys (ConfUtils.java:logGet(43)) - raft.server.rpc.request.timeout = 3000ms (default)
2019-07-13 19:23:19,840 INFO  server.RaftServerConfigKeys (ConfUtils.java:logGet(43)) - raft.server.log.appender.install.snapshot.enabled = false (custom)
2019-07-13 19:23:19,840 INFO  server.RaftServerConfigKeys (ConfUtils.java:logGet(43)) - raft.server.log.appender.snapshot.chunk.size.max = 16MB (=16777216) (default)
2019-07-13 19:23:19,840 INFO  server.RaftServerConfigKeys (ConfUtils.java:logGet(43)) - raft.server.log.appender.buffer.byte-limit = 33554432 (custom)
2019-07-13 19:23:19,840 INFO  server.RaftServerConfigKeys (ConfUtils.java:logGet(43)) - raft.server.log.appender.buffer.element-limit = 1 (custom)
2019-07-13 19:23:19,840 INFO  grpc.GrpcConfigKeys$Server (ConfUtils.java:logGet(43)) - raft.grpc.server.leader.outstanding.appends.max = 128 (default)
2019-07-13 19:23:19,840 INFO  server.RaftServerConfigKeys (ConfUtils.java:logGet(43)) - raft.server.rpc.request.timeout = 3000ms (default)
2019-07-13 19:23:19,841 INFO  server.RaftServerConfigKeys (ConfUtils.java:logGet(43)) - raft.server.log.appender.install.snapshot.enabled = false (custom)
2019-07-13 19:23:19,841 INFO  impl.RoleInfo (RoleInfo.java:updateAndGet(143)) - 6a4f42d8-2d8e-44e9-b53f-1e19ed7896af: start LeaderState
2019-07-13 19:23:19,841 INFO  segmented.SegmentedRaftLogWorker (SegmentedRaftLogWorker.java:startLogSegment(380)) - 6a4f42d8-2d8e-44e9-b53f-1e19ed7896af-SegmentedRaftLogWorker:Storage Directory /tmp/workdir/hadoop-ozone/integration-test/target/test-dir/MiniOzoneClusterImpl-659b5396-75a0-48b6-93f6-4f91963722a5/datanode-4/data/ratis/35e47b4d-2f48-449c-9e65-50ec5750b585: Starting segment from index:0
2019-07-13 19:23:19,842 INFO  impl.RaftServerImpl (ServerState.java:setRaftConf(361)) - 6a4f42d8-2d8e-44e9-b53f-1e19ed7896af:group-50EC5750B585 set configuration 0: [6a4f42d8-2d8e-44e9-b53f-1e19ed7896af:192.168.69.122:36608, 30386d35-0be0-4422-8a64-413b8a43814a:192.168.69.122:43340, de9e4c39-ff85-4d2d-9c33-705ce08d6b43:192.168.69.122:38094], old=null at 0
2019-07-13 19:23:19,843 INFO  impl.RaftServerImpl (ServerState.java:setLeader(263)) - 30386d35-0be0-4422-8a64-413b8a43814a:group-50EC5750B585 change Leader from null to 6a4f42d8-2d8e-44e9-b53f-1e19ed7896af at term 1 for appendEntries, leader elected after 5112ms
2019-07-13 19:23:19,843 INFO  impl.RaftServerImpl (ServerState.java:setLeader(263)) - de9e4c39-ff85-4d2d-9c33-705ce08d6b43:group-50EC5750B585 change Leader from null to 6a4f42d8-2d8e-44e9-b53f-1e19ed7896af at term 1 for appendEntries, leader elected after 5112ms
2019-07-13 19:23:19,846 INFO  impl.RaftServerImpl (ServerState.java:setRaftConf(361)) - 30386d35-0be0-4422-8a64-413b8a43814a:group-50EC5750B585 set configuration 0: [6a4f42d8-2d8e-44e9-b53f-1e19ed7896af:192.168.69.122:36608, 30386d35-0be0-4422-8a64-413b8a43814a:192.168.69.122:43340, de9e4c39-ff85-4d2d-9c33-705ce08d6b43:192.168.69.122:38094], old=null at 0
2019-07-13 19:23:19,846 INFO  impl.RaftServerImpl (ServerState.java:setRaftConf(361)) - de9e4c39-ff85-4d2d-9c33-705ce08d6b43:group-50EC5750B585 set configuration 0: [6a4f42d8-2d8e-44e9-b53f-1e19ed7896af:192.168.69.122:36608, 30386d35-0be0-4422-8a64-413b8a43814a:192.168.69.122:43340, de9e4c39-ff85-4d2d-9c33-705ce08d6b43:192.168.69.122:38094], old=null at 0
2019-07-13 19:23:19,846 INFO  segmented.SegmentedRaftLogWorker (SegmentedRaftLogWorker.java:startLogSegment(380)) - 30386d35-0be0-4422-8a64-413b8a43814a-SegmentedRaftLogWorker:Storage Directory /tmp/workdir/hadoop-ozone/integration-test/target/test-dir/MiniOzoneClusterImpl-659b5396-75a0-48b6-93f6-4f91963722a5/datanode-3/data/ratis/35e47b4d-2f48-449c-9e65-50ec5750b585: Starting segment from index:0
2019-07-13 19:23:19,847 INFO  segmented.SegmentedRaftLogWorker (SegmentedRaftLogWorker.java:startLogSegment(380)) - de9e4c39-ff85-4d2d-9c33-705ce08d6b43-SegmentedRaftLogWorker:Storage Directory /tmp/workdir/hadoop-ozone/integration-test/target/test-dir/MiniOzoneClusterImpl-659b5396-75a0-48b6-93f6-4f91963722a5/datanode-5/data/ratis/35e47b4d-2f48-449c-9e65-50ec5750b585: Starting segment from index:0
2019-07-13 19:23:19,853 INFO  impl.LeaderElection (LeaderElection.java:askForVotes(181)) - de9e4c39-ff85-4d2d-9c33-705ce08d6b43:group-DCAE14C9CDD0:LeaderElection74: begin an election at term 1 for -1: [de9e4c39-ff85-4d2d-9c33-705ce08d6b43:192.168.69.122:38094], old=null
2019-07-13 19:23:19,853 INFO  impl.RoleInfo (RoleInfo.java:shutdownLeaderElection(134)) - de9e4c39-ff85-4d2d-9c33-705ce08d6b43: shutdown LeaderElection
2019-07-13 19:23:19,853 INFO  impl.RaftServerImpl (RaftServerImpl.java:setRole(171)) - de9e4c39-ff85-4d2d-9c33-705ce08d6b43:group-DCAE14C9CDD0 changes role from CANDIDATE to LEADER at term 1 for changeToLeader
2019-07-13 19:23:19,853 INFO  impl.RaftServerImpl (ServerState.java:setLeader(263)) - de9e4c39-ff85-4d2d-9c33-705ce08d6b43:group-DCAE14C9CDD0 change Leader from null to de9e4c39-ff85-4d2d-9c33-705ce08d6b43 at term 1 for becomeLeader, leader elected after 5186ms
2019-07-13 19:23:19,871 INFO  server.RaftServerConfigKeys (ConfUtils.java:logGet(43)) - raft.server.staging.catchup.gap = 1000 (default)
2019-07-13 19:23:19,871 INFO  server.RaftServerConfigKeys (ConfUtils.java:logGet(43)) - raft.server.rpc.sleep.time = 25ms (default)
2019-07-13 19:23:19,871 INFO  server.RaftServerConfigKeys (ConfUtils.java:logGet(43)) - raft.server.write.element-limit = 4096 (default)
2019-07-13 19:23:19,872 INFO  server.RaftServerConfigKeys (ConfUtils.java:logGet(43)) - raft.server.watch.timeout = 10s (default)
2019-07-13 19:23:19,872 INFO  server.RaftServerConfigKeys (ConfUtils.java:logGet(43)) - raft.server.watch.timeout.denomination = 1s (default)
2019-07-13 19:23:19,872 INFO  server.RaftServerConfigKeys (ConfUtils.java:logGet(43)) - raft.server.watch.element-limit = 65536 (default)
2019-07-13 19:23:19,872 INFO  impl.RoleInfo (RoleInfo.java:updateAndGet(143)) - de9e4c39-ff85-4d2d-9c33-705ce08d6b43: start LeaderState
2019-07-13 19:23:19,872 INFO  segmented.SegmentedRaftLogWorker (SegmentedRaftLogWorker.java:startLogSegment(380)) - de9e4c39-ff85-4d2d-9c33-705ce08d6b43-SegmentedRaftLogWorker:Storage Directory /tmp/workdir/hadoop-ozone/integration-test/target/test-dir/MiniOzoneClusterImpl-659b5396-75a0-48b6-93f6-4f91963722a5/datanode-5/data/ratis/169455e6-3245-420f-ac11-dcae14c9cdd0: Starting segment from index:0
2019-07-13 19:23:19,873 INFO  impl.RaftServerImpl (ServerState.java:setRaftConf(361)) - de9e4c39-ff85-4d2d-9c33-705ce08d6b43:group-DCAE14C9CDD0 set configuration 0: [de9e4c39-ff85-4d2d-9c33-705ce08d6b43:192.168.69.122:38094], old=null at 0
2019-07-13 19:23:19,884 INFO  segmented.SegmentedRaftLogWorker (SegmentedRaftLogWorker.java:execute(569)) - 30386d35-0be0-4422-8a64-413b8a43814a-SegmentedRaftLogWorker:Storage Directory /tmp/workdir/hadoop-ozone/integration-test/target/test-dir/MiniOzoneClusterImpl-659b5396-75a0-48b6-93f6-4f91963722a5/datanode-3/data/ratis/35e47b4d-2f48-449c-9e65-50ec5750b585: created new log segment /tmp/workdir/hadoop-ozone/integration-test/target/test-dir/MiniOzoneClusterImpl-659b5396-75a0-48b6-93f6-4f91963722a5/datanode-3/data/ratis/35e47b4d-2f48-449c-9e65-50ec5750b585/current/log_inprogress_0
2019-07-13 19:23:19,884 INFO  segmented.SegmentedRaftLogWorker (SegmentedRaftLogWorker.java:execute(569)) - de9e4c39-ff85-4d2d-9c33-705ce08d6b43-SegmentedRaftLogWorker:Storage Directory /tmp/workdir/hadoop-ozone/integration-test/target/test-dir/MiniOzoneClusterImpl-659b5396-75a0-48b6-93f6-4f91963722a5/datanode-5/data/ratis/35e47b4d-2f48-449c-9e65-50ec5750b585: created new log segment /tmp/workdir/hadoop-ozone/integration-test/target/test-dir/MiniOzoneClusterImpl-659b5396-75a0-48b6-93f6-4f91963722a5/datanode-5/data/ratis/35e47b4d-2f48-449c-9e65-50ec5750b585/current/log_inprogress_0
2019-07-13 19:23:19,884 INFO  segmented.SegmentedRaftLogWorker (SegmentedRaftLogWorker.java:execute(569)) - 6a4f42d8-2d8e-44e9-b53f-1e19ed7896af-SegmentedRaftLogWorker:Storage Directory /tmp/workdir/hadoop-ozone/integration-test/target/test-dir/MiniOzoneClusterImpl-659b5396-75a0-48b6-93f6-4f91963722a5/datanode-4/data/ratis/35e47b4d-2f48-449c-9e65-50ec5750b585: created new log segment /tmp/workdir/hadoop-ozone/integration-test/target/test-dir/MiniOzoneClusterImpl-659b5396-75a0-48b6-93f6-4f91963722a5/datanode-4/data/ratis/35e47b4d-2f48-449c-9e65-50ec5750b585/current/log_inprogress_0
2019-07-13 19:23:19,900 INFO  segmented.SegmentedRaftLogWorker (SegmentedRaftLogWorker.java:execute(569)) - de9e4c39-ff85-4d2d-9c33-705ce08d6b43-SegmentedRaftLogWorker:Storage Directory /tmp/workdir/hadoop-ozone/integration-test/target/test-dir/MiniOzoneClusterImpl-659b5396-75a0-48b6-93f6-4f91963722a5/datanode-5/data/ratis/169455e6-3245-420f-ac11-dcae14c9cdd0: created new log segment /tmp/workdir/hadoop-ozone/integration-test/target/test-dir/MiniOzoneClusterImpl-659b5396-75a0-48b6-93f6-4f91963722a5/datanode-5/data/ratis/169455e6-3245-420f-ac11-dcae14c9cdd0/current/log_inprogress_0
2019-07-13 19:23:20,048 INFO  impl.FollowerState (FollowerState.java:run(106)) - 893c3ace-9d50-443f-bcdf-504df625c909:group-92807F145E13 changes to CANDIDATE, lastRpcTime:5088, electionTimeout:5088ms
2019-07-13 19:23:20,049 INFO  impl.RoleInfo (RoleInfo.java:shutdownFollowerState(121)) - 893c3ace-9d50-443f-bcdf-504df625c909: shutdown FollowerState
2019-07-13 19:23:20,049 INFO  impl.RaftServerImpl (RaftServerImpl.java:setRole(171)) - 893c3ace-9d50-443f-bcdf-504df625c909:group-92807F145E13 changes role from FOLLOWER to CANDIDATE at term 0 for changeToCandidate
2019-07-13 19:23:20,049 INFO  impl.RoleInfo (RoleInfo.java:updateAndGet(143)) - 893c3ace-9d50-443f-bcdf-504df625c909: start LeaderElection
2019-07-13 19:23:20,095 INFO  impl.LeaderElection (LeaderElection.java:askForVotes(181)) - 893c3ace-9d50-443f-bcdf-504df625c909:group-92807F145E13:LeaderElection75: begin an election at term 1 for -1: [893c3ace-9d50-443f-bcdf-504df625c909:192.168.69.122:32858], old=null
2019-07-13 19:23:20,095 INFO  impl.RoleInfo (RoleInfo.java:shutdownLeaderElection(134)) - 893c3ace-9d50-443f-bcdf-504df625c909: shutdown LeaderElection
2019-07-13 19:23:20,096 INFO  impl.RaftServerImpl (RaftServerImpl.java:setRole(171)) - 893c3ace-9d50-443f-bcdf-504df625c909:group-92807F145E13 changes role from CANDIDATE to LEADER at term 1 for changeToLeader
2019-07-13 19:23:20,096 INFO  impl.RaftServerImpl (ServerState.java:setLeader(263)) - 893c3ace-9d50-443f-bcdf-504df625c909:group-92807F145E13 change Leader from null to 893c3ace-9d50-443f-bcdf-504df625c909 at term 1 for becomeLeader, leader elected after 5140ms
2019-07-13 19:23:20,098 INFO  server.RaftServerConfigKeys (ConfUtils.java:logGet(43)) - raft.server.staging.catchup.gap = 1000 (default)
2019-07-13 19:23:20,098 INFO  server.RaftServerConfigKeys (ConfUtils.java:logGet(43)) - raft.server.rpc.sleep.time = 25ms (default)
2019-07-13 19:23:20,098 INFO  server.RaftServerConfigKeys (ConfUtils.java:logGet(43)) - raft.server.write.element-limit = 4096 (default)
2019-07-13 19:23:20,099 INFO  server.RaftServerConfigKeys (ConfUtils.java:logGet(43)) - raft.server.watch.timeout = 10s (default)
2019-07-13 19:23:20,099 INFO  server.RaftServerConfigKeys (ConfUtils.java:logGet(43)) - raft.server.watch.timeout.denomination = 1s (default)
2019-07-13 19:23:20,099 INFO  server.RaftServerConfigKeys (ConfUtils.java:logGet(43)) - raft.server.watch.element-limit = 65536 (default)
2019-07-13 19:23:20,099 INFO  impl.RoleInfo (RoleInfo.java:updateAndGet(143)) - 893c3ace-9d50-443f-bcdf-504df625c909: start LeaderState
2019-07-13 19:23:20,099 INFO  segmented.SegmentedRaftLogWorker (SegmentedRaftLogWorker.java:startLogSegment(380)) - 893c3ace-9d50-443f-bcdf-504df625c909-SegmentedRaftLogWorker:Storage Directory /tmp/workdir/hadoop-ozone/integration-test/target/test-dir/MiniOzoneClusterImpl-659b5396-75a0-48b6-93f6-4f91963722a5/datanode-6/data/ratis/1ae40868-0c48-4b71-ac6a-92807f145e13: Starting segment from index:0
2019-07-13 19:23:20,100 INFO  impl.RaftServerImpl (ServerState.java:setRaftConf(361)) - 893c3ace-9d50-443f-bcdf-504df625c909:group-92807F145E13 set configuration 0: [893c3ace-9d50-443f-bcdf-504df625c909:192.168.69.122:32858], old=null at 0
2019-07-13 19:23:20,124 INFO  segmented.SegmentedRaftLogWorker (SegmentedRaftLogWorker.java:execute(569)) - 893c3ace-9d50-443f-bcdf-504df625c909-SegmentedRaftLogWorker:Storage Directory /tmp/workdir/hadoop-ozone/integration-test/target/test-dir/MiniOzoneClusterImpl-659b5396-75a0-48b6-93f6-4f91963722a5/datanode-6/data/ratis/1ae40868-0c48-4b71-ac6a-92807f145e13: created new log segment /tmp/workdir/hadoop-ozone/integration-test/target/test-dir/MiniOzoneClusterImpl-659b5396-75a0-48b6-93f6-4f91963722a5/datanode-6/data/ratis/1ae40868-0c48-4b71-ac6a-92807f145e13/current/log_inprogress_0
2019-07-13 19:23:20,205 INFO  client.GrpcClientProtocolClient (GrpcClientProtocolClient.java:onNext(255)) - client-6D04946F215D->6a4f42d8-2d8e-44e9-b53f-1e19ed7896af: receive RaftClientReply:client-6D04946F215D->6a4f42d8-2d8e-44e9-b53f-1e19ed7896af@group-50EC5750B585, cid=205, SUCCESS, logIndex=1, commits[6a4f42d8-2d8e-44e9-b53f-1e19ed7896af:c1, 30386d35-0be0-4422-8a64-413b8a43814a:c0, de9e4c39-ff85-4d2d-9c33-705ce08d6b43:c0]
2019-07-13 19:23:20,231 INFO  client.GrpcClientProtocolClient (GrpcClientProtocolClient.java:onNext(255)) - client-6D04946F215D->6a4f42d8-2d8e-44e9-b53f-1e19ed7896af: receive RaftClientReply:client-6D04946F215D->6a4f42d8-2d8e-44e9-b53f-1e19ed7896af@group-50EC5750B585, cid=206, SUCCESS, logIndex=3, commits[6a4f42d8-2d8e-44e9-b53f-1e19ed7896af:c4, 30386d35-0be0-4422-8a64-413b8a43814a:c2, de9e4c39-ff85-4d2d-9c33-705ce08d6b43:c2]
2019-07-13 19:23:20,275 INFO  client.GrpcClientProtocolClient (GrpcClientProtocolClient.java:onNext(255)) - client-6D04946F215D->6a4f42d8-2d8e-44e9-b53f-1e19ed7896af: receive RaftClientReply:client-6D04946F215D->6a4f42d8-2d8e-44e9-b53f-1e19ed7896af@group-50EC5750B585, cid=207, SUCCESS, logIndex=4, commits[6a4f42d8-2d8e-44e9-b53f-1e19ed7896af:c6, 30386d35-0be0-4422-8a64-413b8a43814a:c4, de9e4c39-ff85-4d2d-9c33-705ce08d6b43:c4]
2019-07-13 19:23:20,276 INFO  container.CloseContainerEventHandler (CloseContainerEventHandler.java:onMessage(61)) - Close container Event triggered for container : #1
2019-07-13 19:23:20,277 INFO  container.CloseContainerEventHandler (CloseContainerEventHandler.java:onMessage(61)) - Close container Event triggered for container : #1
2019-07-13 19:23:20,277 INFO  container.CloseContainerEventHandler (CloseContainerEventHandler.java:onMessage(61)) - Close container Event triggered for container : #1
2019-07-13 19:23:21,515 INFO  interfaces.Container (KeyValueContainer.java:compactDB(356)) - Container 1 is closed with bcsId 4.
2019-07-13 19:23:21,530 INFO  interfaces.Container (KeyValueContainer.java:compactDB(356)) - Container 1 is closed with bcsId 4.
2019-07-13 19:23:21,545 INFO  interfaces.Container (KeyValueContainer.java:compactDB(356)) - Container 1 is closed with bcsId 4.
19:23:21.779 [grpc-default-executor-7] ERROR DNAudit - user=null | ip=null | op=WRITE_CHUNK {blockData=conID: 1 locID: 102435769284296720 bcsId: 4} | ret=FAILURE
org.apache.hadoop.hdds.scm.container.common.helpers.ContainerNotOpenException: Container 1 in CLOSED state
	at org.apache.hadoop.ozone.container.common.impl.HddsDispatcher.validateContainerCommand(HddsDispatcher.java:408) ~[hadoop-hdds-container-service-0.5.0-SNAPSHOT.jar:?]
	at org.apache.hadoop.ozone.container.common.transport.server.ratis.ContainerStateMachine.startTransaction(ContainerStateMachine.java:271) ~[hadoop-hdds-container-service-0.5.0-SNAPSHOT.jar:?]
	at org.apache.ratis.server.impl.RaftServerImpl.submitClientRequestAsync(RaftServerImpl.java:566) ~[ratis-server-0.4.0-2337318-SNAPSHOT.jar:0.4.0-2337318-SNAPSHOT]
	at org.apache.ratis.server.impl.RaftServerProxy.lambda$submitClientRequestAsync$7(RaftServerProxy.java:333) ~[ratis-server-0.4.0-2337318-SNAPSHOT.jar:0.4.0-2337318-SNAPSHOT]
	at org.apache.ratis.server.impl.RaftServerProxy.lambda$null$5(RaftServerProxy.java:328) ~[ratis-server-0.4.0-2337318-SNAPSHOT.jar:0.4.0-2337318-SNAPSHOT]
	at org.apache.ratis.util.JavaUtils.callAsUnchecked(JavaUtils.java:109) ~[ratis-common-0.4.0-2337318-SNAPSHOT.jar:0.4.0-2337318-SNAPSHOT]
	at org.apache.ratis.server.impl.RaftServerProxy.lambda$submitRequest$6(RaftServerProxy.java:328) ~[ratis-server-0.4.0-2337318-SNAPSHOT.jar:0.4.0-2337318-SNAPSHOT]
	at java.util.concurrent.CompletableFuture.uniComposeStage(CompletableFuture.java:981) ~[?:1.8.0_212]
	at java.util.concurrent.CompletableFuture.thenCompose(CompletableFuture.java:2124) ~[?:1.8.0_212]
	at org.apache.ratis.server.impl.RaftServerProxy.submitRequest(RaftServerProxy.java:327) ~[ratis-server-0.4.0-2337318-SNAPSHOT.jar:0.4.0-2337318-SNAPSHOT]
	at org.apache.ratis.server.impl.RaftServerProxy.submitClientRequestAsync(RaftServerProxy.java:333) ~[ratis-server-0.4.0-2337318-SNAPSHOT.jar:0.4.0-2337318-SNAPSHOT]
	at org.apache.ratis.grpc.client.GrpcClientProtocolService$RequestStreamObserver.processClientRequest(GrpcClientProtocolService.java:220) ~[ratis-grpc-0.4.0-2337318-SNAPSHOT.jar:0.4.0-2337318-SNAPSHOT]
	at org.apache.ratis.grpc.client.GrpcClientProtocolService$OrderedRequestStreamObserver.processClientRequest(GrpcClientProtocolService.java:326) ~[ratis-grpc-0.4.0-2337318-SNAPSHOT.jar:0.4.0-2337318-SNAPSHOT]
	at org.apache.ratis.util.SlidingWindow$Server.processRequestsFromHead(SlidingWindow.java:429) [ratis-common-0.4.0-2337318-SNAPSHOT.jar:0.4.0-2337318-SNAPSHOT]
	at org.apache.ratis.util.SlidingWindow$Server.receivedRequest(SlidingWindow.java:421) [ratis-common-0.4.0-2337318-SNAPSHOT.jar:0.4.0-2337318-SNAPSHOT]
	at org.apache.ratis.grpc.client.GrpcClientProtocolService$OrderedRequestStreamObserver.processClientRequest(GrpcClientProtocolService.java:345) [ratis-grpc-0.4.0-2337318-SNAPSHOT.jar:0.4.0-2337318-SNAPSHOT]
	at org.apache.ratis.grpc.client.GrpcClientProtocolService$RequestStreamObserver.onNext(GrpcClientProtocolService.java:240) [ratis-grpc-0.4.0-2337318-SNAPSHOT.jar:0.4.0-2337318-SNAPSHOT]
	at org.apache.ratis.grpc.client.GrpcClientProtocolService$RequestStreamObserver.onNext(GrpcClientProtocolService.java:168) [ratis-grpc-0.4.0-2337318-SNAPSHOT.jar:0.4.0-2337318-SNAPSHOT]
	at org.apache.ratis.thirdparty.io.grpc.stub.ServerCalls$StreamingServerCallHandler$StreamingServerCallListener.onMessage(ServerCalls.java:248) [ratis-thirdparty-misc-0.2.0.jar:0.2.0]
	at org.apache.ratis.thirdparty.io.grpc.internal.ServerCallImpl$ServerStreamListenerImpl.messagesAvailable(ServerCallImpl.java:263) [ratis-thirdparty-misc-0.2.0.jar:0.2.0]
	at org.apache.ratis.thirdparty.io.grpc.internal.ServerImpl$JumpToApplicationThreadServerStreamListener$1MessagesAvailable.runInContext(ServerImpl.java:686) [ratis-thirdparty-misc-0.2.0.jar:0.2.0]
	at org.apache.ratis.thirdparty.io.grpc.internal.ContextRunnable.run(ContextRunnable.java:37) [ratis-thirdparty-misc-0.2.0.jar:0.2.0]
	at org.apache.ratis.thirdparty.io.grpc.internal.SerializingExecutor.run(SerializingExecutor.java:123) [ratis-thirdparty-misc-0.2.0.jar:0.2.0]
	at java.util.concurrent.ThreadPoolExecutor.runWorker(ThreadPoolExecutor.java:1149) [?:1.8.0_212]
	at java.util.concurrent.ThreadPoolExecutor$Worker.run(ThreadPoolExecutor.java:624) [?:1.8.0_212]
	at java.lang.Thread.run(Thread.java:748) [?:1.8.0_212]
19:23:21.788 [grpc-default-executor-7] ERROR DNAudit - user=null | ip=null | op=WRITE_CHUNK {blockData=conID: 1 locID: 102435769284296720 bcsId: 4} | ret=FAILURE
org.apache.hadoop.hdds.scm.container.common.helpers.ContainerNotOpenException: Container 1 in CLOSED state
	at org.apache.hadoop.ozone.container.common.impl.HddsDispatcher.validateContainerCommand(HddsDispatcher.java:408) ~[hadoop-hdds-container-service-0.5.0-SNAPSHOT.jar:?]
	at org.apache.hadoop.ozone.container.common.transport.server.ratis.ContainerStateMachine.startTransaction(ContainerStateMachine.java:271) ~[hadoop-hdds-container-service-0.5.0-SNAPSHOT.jar:?]
	at org.apache.ratis.server.impl.RaftServerImpl.submitClientRequestAsync(RaftServerImpl.java:566) ~[ratis-server-0.4.0-2337318-SNAPSHOT.jar:0.4.0-2337318-SNAPSHOT]
	at org.apache.ratis.server.impl.RaftServerProxy.lambda$submitClientRequestAsync$7(RaftServerProxy.java:333) ~[ratis-server-0.4.0-2337318-SNAPSHOT.jar:0.4.0-2337318-SNAPSHOT]
	at org.apache.ratis.server.impl.RaftServerProxy.lambda$null$5(RaftServerProxy.java:328) ~[ratis-server-0.4.0-2337318-SNAPSHOT.jar:0.4.0-2337318-SNAPSHOT]
	at org.apache.ratis.util.JavaUtils.callAsUnchecked(JavaUtils.java:109) ~[ratis-common-0.4.0-2337318-SNAPSHOT.jar:0.4.0-2337318-SNAPSHOT]
	at org.apache.ratis.server.impl.RaftServerProxy.lambda$submitRequest$6(RaftServerProxy.java:328) ~[ratis-server-0.4.0-2337318-SNAPSHOT.jar:0.4.0-2337318-SNAPSHOT]
	at java.util.concurrent.CompletableFuture.uniComposeStage(CompletableFuture.java:981) ~[?:1.8.0_212]
	at java.util.concurrent.CompletableFuture.thenCompose(CompletableFuture.java:2124) ~[?:1.8.0_212]
	at org.apache.ratis.server.impl.RaftServerProxy.submitRequest(RaftServerProxy.java:327) ~[ratis-server-0.4.0-2337318-SNAPSHOT.jar:0.4.0-2337318-SNAPSHOT]
	at org.apache.ratis.server.impl.RaftServerProxy.submitClientRequestAsync(RaftServerProxy.java:333) ~[ratis-server-0.4.0-2337318-SNAPSHOT.jar:0.4.0-2337318-SNAPSHOT]
	at org.apache.ratis.grpc.client.GrpcClientProtocolService$RequestStreamObserver.processClientRequest(GrpcClientProtocolService.java:220) ~[ratis-grpc-0.4.0-2337318-SNAPSHOT.jar:0.4.0-2337318-SNAPSHOT]
	at org.apache.ratis.grpc.client.GrpcClientProtocolService$OrderedRequestStreamObserver.processClientRequest(GrpcClientProtocolService.java:326) ~[ratis-grpc-0.4.0-2337318-SNAPSHOT.jar:0.4.0-2337318-SNAPSHOT]
	at org.apache.ratis.util.SlidingWindow$Server.processRequestsFromHead(SlidingWindow.java:429) [ratis-common-0.4.0-2337318-SNAPSHOT.jar:0.4.0-2337318-SNAPSHOT]
	at org.apache.ratis.util.SlidingWindow$Server.receivedRequest(SlidingWindow.java:421) [ratis-common-0.4.0-2337318-SNAPSHOT.jar:0.4.0-2337318-SNAPSHOT]
	at org.apache.ratis.grpc.client.GrpcClientProtocolService$OrderedRequestStreamObserver.processClientRequest(GrpcClientProtocolService.java:345) [ratis-grpc-0.4.0-2337318-SNAPSHOT.jar:0.4.0-2337318-SNAPSHOT]
	at org.apache.ratis.grpc.client.GrpcClientProtocolService$RequestStreamObserver.onNext(GrpcClientProtocolService.java:240) [ratis-grpc-0.4.0-2337318-SNAPSHOT.jar:0.4.0-2337318-SNAPSHOT]
	at org.apache.ratis.grpc.client.GrpcClientProtocolService$RequestStreamObserver.onNext(GrpcClientProtocolService.java:168) [ratis-grpc-0.4.0-2337318-SNAPSHOT.jar:0.4.0-2337318-SNAPSHOT]
	at org.apache.ratis.thirdparty.io.grpc.stub.ServerCalls$StreamingServerCallHandler$StreamingServerCallListener.onMessage(ServerCalls.java:248) [ratis-thirdparty-misc-0.2.0.jar:0.2.0]
	at org.apache.ratis.thirdparty.io.grpc.internal.ServerCallImpl$ServerStreamListenerImpl.messagesAvailable(ServerCallImpl.java:263) [ratis-thirdparty-misc-0.2.0.jar:0.2.0]
	at org.apache.ratis.thirdparty.io.grpc.internal.ServerImpl$JumpToApplicationThreadServerStreamListener$1MessagesAvailable.runInContext(ServerImpl.java:686) [ratis-thirdparty-misc-0.2.0.jar:0.2.0]
	at org.apache.ratis.thirdparty.io.grpc.internal.ContextRunnable.run(ContextRunnable.java:37) [ratis-thirdparty-misc-0.2.0.jar:0.2.0]
	at org.apache.ratis.thirdparty.io.grpc.internal.SerializingExecutor.run(SerializingExecutor.java:123) [ratis-thirdparty-misc-0.2.0.jar:0.2.0]
	at java.util.concurrent.ThreadPoolExecutor.runWorker(ThreadPoolExecutor.java:1149) [?:1.8.0_212]
	at java.util.concurrent.ThreadPoolExecutor$Worker.run(ThreadPoolExecutor.java:624) [?:1.8.0_212]
	at java.lang.Thread.run(Thread.java:748) [?:1.8.0_212]
2019-07-13 19:23:21,790 INFO  client.GrpcClientProtocolClient (GrpcClientProtocolClient.java:onNext(255)) - client-6D04946F215D->6a4f42d8-2d8e-44e9-b53f-1e19ed7896af: receive RaftClientReply:client-6D04946F215D->6a4f42d8-2d8e-44e9-b53f-1e19ed7896af@group-50EC5750B585, cid=208, FAILED org.apache.ratis.protocol.StateMachineException: org.apache.hadoop.hdds.scm.container.common.helpers.ContainerNotOpenException from Server 6a4f42d8-2d8e-44e9-b53f-1e19ed7896af: Container 1 in CLOSED state, logIndex=0, commits[6a4f42d8-2d8e-44e9-b53f-1e19ed7896af:c8, 30386d35-0be0-4422-8a64-413b8a43814a:c7, de9e4c39-ff85-4d2d-9c33-705ce08d6b43:c7]
19:23:21.797 [grpc-default-executor-7] ERROR DNAudit - user=null | ip=null | op=PUT_BLOCK {blockData=[blockId=conID: 1 locID: 102435769284296720 bcsId: 0,size=334]} | ret=FAILURE
org.apache.hadoop.hdds.scm.container.common.helpers.ContainerNotOpenException: Container 1 in CLOSED state
	at org.apache.hadoop.ozone.container.common.impl.HddsDispatcher.validateContainerCommand(HddsDispatcher.java:408) ~[hadoop-hdds-container-service-0.5.0-SNAPSHOT.jar:?]
	at org.apache.hadoop.ozone.container.common.transport.server.ratis.ContainerStateMachine.startTransaction(ContainerStateMachine.java:271) ~[hadoop-hdds-container-service-0.5.0-SNAPSHOT.jar:?]
	at org.apache.ratis.server.impl.RaftServerImpl.submitClientRequestAsync(RaftServerImpl.java:566) ~[ratis-server-0.4.0-2337318-SNAPSHOT.jar:0.4.0-2337318-SNAPSHOT]
	at org.apache.ratis.server.impl.RaftServerProxy.lambda$submitClientRequestAsync$7(RaftServerProxy.java:333) ~[ratis-server-0.4.0-2337318-SNAPSHOT.jar:0.4.0-2337318-SNAPSHOT]
	at org.apache.ratis.server.impl.RaftServerProxy.lambda$null$5(RaftServerProxy.java:328) ~[ratis-server-0.4.0-2337318-SNAPSHOT.jar:0.4.0-2337318-SNAPSHOT]
	at org.apache.ratis.util.JavaUtils.callAsUnchecked(JavaUtils.java:109) ~[ratis-common-0.4.0-2337318-SNAPSHOT.jar:0.4.0-2337318-SNAPSHOT]
	at org.apache.ratis.server.impl.RaftServerProxy.lambda$submitRequest$6(RaftServerProxy.java:328) ~[ratis-server-0.4.0-2337318-SNAPSHOT.jar:0.4.0-2337318-SNAPSHOT]
	at java.util.concurrent.CompletableFuture.uniComposeStage(CompletableFuture.java:981) ~[?:1.8.0_212]
	at java.util.concurrent.CompletableFuture.thenCompose(CompletableFuture.java:2124) ~[?:1.8.0_212]
	at org.apache.ratis.server.impl.RaftServerProxy.submitRequest(RaftServerProxy.java:327) ~[ratis-server-0.4.0-2337318-SNAPSHOT.jar:0.4.0-2337318-SNAPSHOT]
	at org.apache.ratis.server.impl.RaftServerProxy.submitClientRequestAsync(RaftServerProxy.java:333) ~[ratis-server-0.4.0-2337318-SNAPSHOT.jar:0.4.0-2337318-SNAPSHOT]
	at org.apache.ratis.grpc.client.GrpcClientProtocolService$RequestStreamObserver.processClientRequest(GrpcClientProtocolService.java:220) ~[ratis-grpc-0.4.0-2337318-SNAPSHOT.jar:0.4.0-2337318-SNAPSHOT]
	at org.apache.ratis.grpc.client.GrpcClientProtocolService$OrderedRequestStreamObserver.processClientRequest(GrpcClientProtocolService.java:326) ~[ratis-grpc-0.4.0-2337318-SNAPSHOT.jar:0.4.0-2337318-SNAPSHOT]
	at org.apache.ratis.util.SlidingWindow$Server.processRequestsFromHead(SlidingWindow.java:429) [ratis-common-0.4.0-2337318-SNAPSHOT.jar:0.4.0-2337318-SNAPSHOT]
	at org.apache.ratis.util.SlidingWindow$Server.receivedRequest(SlidingWindow.java:421) [ratis-common-0.4.0-2337318-SNAPSHOT.jar:0.4.0-2337318-SNAPSHOT]
	at org.apache.ratis.grpc.client.GrpcClientProtocolService$OrderedRequestStreamObserver.processClientRequest(GrpcClientProtocolService.java:345) [ratis-grpc-0.4.0-2337318-SNAPSHOT.jar:0.4.0-2337318-SNAPSHOT]
	at org.apache.ratis.grpc.client.GrpcClientProtocolService$RequestStreamObserver.onNext(GrpcClientProtocolService.java:240) [ratis-grpc-0.4.0-2337318-SNAPSHOT.jar:0.4.0-2337318-SNAPSHOT]
	at org.apache.ratis.grpc.client.GrpcClientProtocolService$RequestStreamObserver.onNext(GrpcClientProtocolService.java:168) [ratis-grpc-0.4.0-2337318-SNAPSHOT.jar:0.4.0-2337318-SNAPSHOT]
	at org.apache.ratis.thirdparty.io.grpc.stub.ServerCalls$StreamingServerCallHandler$StreamingServerCallListener.onMessage(ServerCalls.java:248) [ratis-thirdparty-misc-0.2.0.jar:0.2.0]
	at org.apache.ratis.thirdparty.io.grpc.internal.ServerCallImpl$ServerStreamListenerImpl.messagesAvailable(ServerCallImpl.java:263) [ratis-thirdparty-misc-0.2.0.jar:0.2.0]
	at org.apache.ratis.thirdparty.io.grpc.internal.ServerImpl$JumpToApplicationThreadServerStreamListener$1MessagesAvailable.runInContext(ServerImpl.java:686) [ratis-thirdparty-misc-0.2.0.jar:0.2.0]
	at org.apache.ratis.thirdparty.io.grpc.internal.ContextRunnable.run(ContextRunnable.java:37) [ratis-thirdparty-misc-0.2.0.jar:0.2.0]
	at org.apache.ratis.thirdparty.io.grpc.internal.SerializingExecutor.run(SerializingExecutor.java:123) [ratis-thirdparty-misc-0.2.0.jar:0.2.0]
	at java.util.concurrent.ThreadPoolExecutor.runWorker(ThreadPoolExecutor.java:1149) [?:1.8.0_212]
	at java.util.concurrent.ThreadPoolExecutor$Worker.run(ThreadPoolExecutor.java:624) [?:1.8.0_212]
	at java.lang.Thread.run(Thread.java:748) [?:1.8.0_212]
2019-07-13 19:23:21,798 INFO  client.GrpcClientProtocolClient (GrpcClientProtocolClient.java:onNext(255)) - client-6D04946F215D->6a4f42d8-2d8e-44e9-b53f-1e19ed7896af: receive RaftClientReply:client-6D04946F215D->6a4f42d8-2d8e-44e9-b53f-1e19ed7896af@group-50EC5750B585, cid=209, FAILED org.apache.ratis.protocol.StateMachineException: org.apache.hadoop.hdds.scm.container.common.helpers.ContainerNotOpenException from Server 6a4f42d8-2d8e-44e9-b53f-1e19ed7896af: Container 1 in CLOSED state, logIndex=0, commits[6a4f42d8-2d8e-44e9-b53f-1e19ed7896af:c8, 30386d35-0be0-4422-8a64-413b8a43814a:c7, de9e4c39-ff85-4d2d-9c33-705ce08d6b43:c7]
2019-07-13 19:23:21,806 INFO  client.GrpcClientProtocolClient (GrpcClientProtocolClient.java:onNext(255)) - client-6D04946F215D->6a4f42d8-2d8e-44e9-b53f-1e19ed7896af: receive RaftClientReply:client-6D04946F215D->6a4f42d8-2d8e-44e9-b53f-1e19ed7896af@group-50EC5750B585, cid=210, FAILED org.apache.ratis.protocol.StateMachineException: org.apache.hadoop.hdds.scm.container.common.helpers.ContainerNotOpenException from Server 6a4f42d8-2d8e-44e9-b53f-1e19ed7896af: Container 1 in CLOSED state, logIndex=0, commits[6a4f42d8-2d8e-44e9-b53f-1e19ed7896af:c8, 30386d35-0be0-4422-8a64-413b8a43814a:c7, de9e4c39-ff85-4d2d-9c33-705ce08d6b43:c7]
2019-07-13 19:23:21,927 INFO  client.GrpcClientProtocolClient (GrpcClientProtocolClient.java:onNext(255)) - client-6D04946F215D->6a4f42d8-2d8e-44e9-b53f-1e19ed7896af: receive RaftClientReply:client-6D04946F215D->6a4f42d8-2d8e-44e9-b53f-1e19ed7896af@group-50EC5750B585, cid=211, SUCCESS, logIndex=9, commits[6a4f42d8-2d8e-44e9-b53f-1e19ed7896af:c11, 30386d35-0be0-4422-8a64-413b8a43814a:c8, de9e4c39-ff85-4d2d-9c33-705ce08d6b43:c8]
2019-07-13 19:23:21,928 INFO  client.GrpcClientProtocolClient (GrpcClientProtocolClient.java:onNext(255)) - client-6D04946F215D->6a4f42d8-2d8e-44e9-b53f-1e19ed7896af: receive RaftClientReply:client-6D04946F215D->6a4f42d8-2d8e-44e9-b53f-1e19ed7896af@group-50EC5750B585, cid=212, SUCCESS, logIndex=10, commits[6a4f42d8-2d8e-44e9-b53f-1e19ed7896af:c11, 30386d35-0be0-4422-8a64-413b8a43814a:c8, de9e4c39-ff85-4d2d-9c33-705ce08d6b43:c8]
2019-07-13 19:23:21,971 INFO  client.GrpcClientProtocolClient (GrpcClientProtocolClient.java:onNext(255)) - client-6D04946F215D->6a4f42d8-2d8e-44e9-b53f-1e19ed7896af: receive RaftClientReply:client-6D04946F215D->6a4f42d8-2d8e-44e9-b53f-1e19ed7896af@group-50EC5750B585, cid=213, SUCCESS, logIndex=11, commits[6a4f42d8-2d8e-44e9-b53f-1e19ed7896af:c14, 30386d35-0be0-4422-8a64-413b8a43814a:c11, de9e4c39-ff85-4d2d-9c33-705ce08d6b43:c11]
2019-07-13 19:23:21,990 INFO  pipeline.Pipeline (Pipeline.java:getProtobufMessage(195)) - Serialize pipeline PipelineID=35e47b4d-2f48-449c-9e65-50ec5750b585 with nodesInOrder{ }
2019-07-13 19:23:21,991 INFO  ozone.MiniOzoneClusterImpl (MiniOzoneClusterImpl.java:shutdown(321)) - Shutting down the Mini Ozone Cluster
2019-07-13 19:23:21,991 INFO  ozone.MiniOzoneClusterImpl (MiniOzoneClusterImpl.java:stop(336)) - Stopping the Mini Ozone Cluster
2019-07-13 19:23:21,991 INFO  ozone.MiniOzoneClusterImpl (MiniOzoneClusterImpl.java:stop(338)) - Stopping the OzoneManager
2019-07-13 19:23:21,991 INFO  ipc.Server (Server.java:stop(3082)) - Stopping server on 42458
2019-07-13 19:23:22,013 INFO  utils.BackgroundService (BackgroundService.java:shutdown(148)) - Shutting down service KeyDeletingService
2019-07-13 19:23:22,014 INFO  ipc.Server (Server.java:run(1185)) - Stopping IPC Server listener on 42458
2019-07-13 19:23:22,013 INFO  ipc.Server (Server.java:run(1319)) - Stopping IPC Server Responder
2019-07-13 19:23:22,032 INFO  handler.ContextHandler (ContextHandler.java:doStop(910)) - Stopped o.e.j.w.WebAppContext@38f704f4{/,null,UNAVAILABLE}{/ozoneManager}
2019-07-13 19:23:22,032 INFO  server.AbstractConnector (AbstractConnector.java:doStop(318)) - Stopped ServerConnector@43f4621b{HTTP/1.1,[http/1.1]}{0.0.0.0:0}
2019-07-13 19:23:22,033 INFO  handler.ContextHandler (ContextHandler.java:doStop(910)) - Stopped o.e.j.s.ServletContextHandler@12418d3f{/static,file:///tmp/workdir/hadoop-ozone/integration-test/target/test-classes/webapps/static,UNAVAILABLE}
2019-07-13 19:23:22,033 INFO  handler.ContextHandler (ContextHandler.java:doStop(910)) - Stopped o.e.j.s.ServletContextHandler@1dcfbad1{/logs,file:///tmp/workdir/hadoop-ozone/integration-test/target/log,UNAVAILABLE}
2019-07-13 19:23:22,038 INFO  ozone.MiniOzoneClusterImpl (MiniOzoneClusterImpl.java:stop(344)) - Shutting the HddsDatanodes
2019-07-13 19:23:22,038 INFO  datanode.ObjectStoreHandler (ObjectStoreHandler.java:close(155)) - Closing ObjectStoreHandler.
2019-07-13 19:23:22,038 INFO  datanode.ObjectStoreHandler (ObjectStoreHandler.java:close(155)) - Closing ObjectStoreHandler.
2019-07-13 19:23:22,038 INFO  ozone.HddsDatanodeService (HddsDatanodeService.java:stop(452)) - Stopped plug-in org.apache.hadoop.ozone.web.OzoneHddsDatanodeService@7980eb2
2019-07-13 19:23:22,038 INFO  ozone.HddsDatanodeService (HddsDatanodeService.java:stop(452)) - Stopped plug-in org.apache.hadoop.ozone.web.OzoneHddsDatanodeService@2c64e2d0
2019-07-13 19:23:22,914 INFO  statemachine.DatanodeStateMachine (DatanodeStateMachine.java:lambda$startDaemon$0(350)) - Ozone container server started.
2019-07-13 19:23:22,969 INFO  statemachine.DatanodeStateMachine (DatanodeStateMachine.java:lambda$startDaemon$0(350)) - Ozone container server started.
2019-07-13 19:23:24,407 INFO  impl.FollowerState (FollowerState.java:run(106)) - 6de9ba50-7a2d-4d3a-bb7a-466933beabb1:group-4ED3DB7C4FA0 changes to CANDIDATE, lastRpcTime:5064, electionTimeout:5062ms
2019-07-13 19:23:24,407 INFO  impl.RoleInfo (RoleInfo.java:shutdownFollowerState(121)) - 6de9ba50-7a2d-4d3a-bb7a-466933beabb1: shutdown FollowerState
2019-07-13 19:23:24,407 INFO  impl.RaftServerImpl (RaftServerImpl.java:setRole(171)) - 6de9ba50-7a2d-4d3a-bb7a-466933beabb1:group-4ED3DB7C4FA0 changes role from FOLLOWER to CANDIDATE at term 1 for changeToCandidate
2019-07-13 19:23:24,408 INFO  impl.RoleInfo (RoleInfo.java:updateAndGet(143)) - 6de9ba50-7a2d-4d3a-bb7a-466933beabb1: start LeaderElection
2019-07-13 19:23:24,419 INFO  impl.LeaderElection (LeaderElection.java:askForVotes(181)) - 6de9ba50-7a2d-4d3a-bb7a-466933beabb1:group-4ED3DB7C4FA0:LeaderElection76: begin an election at term 2 for -1: [33189823-c2a7-4143-b8a9-25d7cfe64aa3:192.168.69.122:37434, 6de9ba50-7a2d-4d3a-bb7a-466933beabb1:192.168.69.122:38852, 9fd79525-e0ea-4574-a6fd-f2467b182dbd:192.168.69.122:36306], old=null
2019-07-13 19:23:24,422 INFO  impl.RaftServerImpl (RaftServerImpl.java:setRole(171)) - 33189823-c2a7-4143-b8a9-25d7cfe64aa3:group-4ED3DB7C4FA0 changes role from FOLLOWER to FOLLOWER at term 2 for recognizeCandidate:6de9ba50-7a2d-4d3a-bb7a-466933beabb1
2019-07-13 19:23:24,422 INFO  impl.RaftServerImpl (RaftServerImpl.java:setRole(171)) - 9fd79525-e0ea-4574-a6fd-f2467b182dbd:group-4ED3DB7C4FA0 changes role from FOLLOWER to FOLLOWER at term 2 for recognizeCandidate:6de9ba50-7a2d-4d3a-bb7a-466933beabb1
2019-07-13 19:23:24,422 INFO  impl.RoleInfo (RoleInfo.java:shutdownFollowerState(121)) - 33189823-c2a7-4143-b8a9-25d7cfe64aa3: shutdown FollowerState
2019-07-13 19:23:24,423 INFO  impl.RoleInfo (RoleInfo.java:shutdownFollowerState(121)) - 9fd79525-e0ea-4574-a6fd-f2467b182dbd: shutdown FollowerState
2019-07-13 19:23:24,423 INFO  impl.FollowerState (FollowerState.java:run(114)) - 33189823-c2a7-4143-b8a9-25d7cfe64aa3: FollowerState was interrupted: java.lang.InterruptedException: sleep interrupted
2019-07-13 19:23:24,423 INFO  impl.RoleInfo (RoleInfo.java:updateAndGet(143)) - 33189823-c2a7-4143-b8a9-25d7cfe64aa3: start FollowerState
2019-07-13 19:23:24,423 INFO  impl.FollowerState (FollowerState.java:run(114)) - 9fd79525-e0ea-4574-a6fd-f2467b182dbd: FollowerState was interrupted: java.lang.InterruptedException: sleep interrupted
2019-07-13 19:23:24,423 INFO  impl.RoleInfo (RoleInfo.java:updateAndGet(143)) - 9fd79525-e0ea-4574-a6fd-f2467b182dbd: start FollowerState
2019-07-13 19:23:24,443 INFO  impl.LeaderElection (LeaderElection.java:logAndReturn(56)) - 6de9ba50-7a2d-4d3a-bb7a-466933beabb1:group-4ED3DB7C4FA0:LeaderElection76: Election PASSED; received 1 response(s) [6de9ba50-7a2d-4d3a-bb7a-466933beabb1<-9fd79525-e0ea-4574-a6fd-f2467b182dbd#0:OK-t2] and 0 exception(s); 6de9ba50-7a2d-4d3a-bb7a-466933beabb1:t2, leader=null, voted=6de9ba50-7a2d-4d3a-bb7a-466933beabb1, raftlog=6de9ba50-7a2d-4d3a-bb7a-466933beabb1-SegmentedRaftLog:OPENED:c-1,f-1,i0, conf=-1: [33189823-c2a7-4143-b8a9-25d7cfe64aa3:192.168.69.122:37434, 6de9ba50-7a2d-4d3a-bb7a-466933beabb1:192.168.69.122:38852, 9fd79525-e0ea-4574-a6fd-f2467b182dbd:192.168.69.122:36306], old=null
2019-07-13 19:23:24,443 INFO  impl.RoleInfo (RoleInfo.java:shutdownLeaderElection(134)) - 6de9ba50-7a2d-4d3a-bb7a-466933beabb1: shutdown LeaderElection
2019-07-13 19:23:24,443 INFO  impl.RaftServerImpl (RaftServerImpl.java:setRole(171)) - 6de9ba50-7a2d-4d3a-bb7a-466933beabb1:group-4ED3DB7C4FA0 changes role from CANDIDATE to LEADER at term 2 for changeToLeader
2019-07-13 19:23:24,443 INFO  impl.RaftServerImpl (ServerState.java:setLeader(263)) - 6de9ba50-7a2d-4d3a-bb7a-466933beabb1:group-4ED3DB7C4FA0 change Leader from null to 6de9ba50-7a2d-4d3a-bb7a-466933beabb1 at term 2 for becomeLeader, leader elected after 10195ms
2019-07-13 19:23:24,444 INFO  server.RaftServerConfigKeys (ConfUtils.java:logGet(43)) - raft.server.staging.catchup.gap = 1000 (default)
2019-07-13 19:23:24,444 INFO  server.RaftServerConfigKeys (ConfUtils.java:logGet(43)) - raft.server.rpc.sleep.time = 25ms (default)
2019-07-13 19:23:24,444 INFO  server.RaftServerConfigKeys (ConfUtils.java:logGet(43)) - raft.server.write.element-limit = 4096 (default)
2019-07-13 19:23:24,444 INFO  server.RaftServerConfigKeys (ConfUtils.java:logGet(43)) - raft.server.watch.timeout = 10s (default)
2019-07-13 19:23:24,444 INFO  server.RaftServerConfigKeys (ConfUtils.java:logGet(43)) - raft.server.watch.timeout.denomination = 1s (default)
2019-07-13 19:23:24,444 INFO  server.RaftServerConfigKeys (ConfUtils.java:logGet(43)) - raft.server.watch.element-limit = 65536 (default)
2019-07-13 19:23:24,444 INFO  server.RaftServerConfigKeys (ConfUtils.java:logGet(43)) - raft.server.log.appender.snapshot.chunk.size.max = 16MB (=16777216) (default)
2019-07-13 19:23:24,445 INFO  server.RaftServerConfigKeys (ConfUtils.java:logGet(43)) - raft.server.log.appender.buffer.byte-limit = 33554432 (custom)
2019-07-13 19:23:24,445 INFO  server.RaftServerConfigKeys (ConfUtils.java:logGet(43)) - raft.server.log.appender.buffer.element-limit = 1 (custom)
2019-07-13 19:23:24,445 INFO  grpc.GrpcConfigKeys$Server (ConfUtils.java:logGet(43)) - raft.grpc.server.leader.outstanding.appends.max = 128 (default)
2019-07-13 19:23:24,445 INFO  server.RaftServerConfigKeys (ConfUtils.java:logGet(43)) - raft.server.rpc.request.timeout = 3000ms (default)
2019-07-13 19:23:24,445 INFO  server.RaftServerConfigKeys (ConfUtils.java:logGet(43)) - raft.server.log.appender.install.snapshot.enabled = false (custom)
2019-07-13 19:23:24,446 INFO  server.RaftServerConfigKeys (ConfUtils.java:logGet(43)) - raft.server.log.appender.snapshot.chunk.size.max = 16MB (=16777216) (default)
2019-07-13 19:23:24,446 INFO  server.RaftServerConfigKeys (ConfUtils.java:logGet(43)) - raft.server.log.appender.buffer.byte-limit = 33554432 (custom)
2019-07-13 19:23:24,446 INFO  server.RaftServerConfigKeys (ConfUtils.java:logGet(43)) - raft.server.log.appender.buffer.element-limit = 1 (custom)
2019-07-13 19:23:24,446 INFO  grpc.GrpcConfigKeys$Server (ConfUtils.java:logGet(43)) - raft.grpc.server.leader.outstanding.appends.max = 128 (default)
2019-07-13 19:23:24,446 INFO  server.RaftServerConfigKeys (ConfUtils.java:logGet(43)) - raft.server.rpc.request.timeout = 3000ms (default)
2019-07-13 19:23:24,446 INFO  server.RaftServerConfigKeys (ConfUtils.java:logGet(43)) - raft.server.log.appender.install.snapshot.enabled = false (custom)
2019-07-13 19:23:24,447 INFO  impl.RoleInfo (RoleInfo.java:updateAndGet(143)) - 6de9ba50-7a2d-4d3a-bb7a-466933beabb1: start LeaderState
2019-07-13 19:23:24,447 INFO  segmented.SegmentedRaftLogWorker (SegmentedRaftLogWorker.java:startLogSegment(380)) - 6de9ba50-7a2d-4d3a-bb7a-466933beabb1-SegmentedRaftLogWorker:Storage Directory /tmp/workdir/hadoop-ozone/integration-test/target/test-dir/MiniOzoneClusterImpl-659b5396-75a0-48b6-93f6-4f91963722a5/datanode-2/data/ratis/a1ab02a7-5915-4661-b958-4ed3db7c4fa0: Starting segment from index:0
2019-07-13 19:23:24,448 INFO  impl.RaftServerImpl (ServerState.java:setRaftConf(361)) - 6de9ba50-7a2d-4d3a-bb7a-466933beabb1:group-4ED3DB7C4FA0 set configuration 0: [33189823-c2a7-4143-b8a9-25d7cfe64aa3:192.168.69.122:37434, 6de9ba50-7a2d-4d3a-bb7a-466933beabb1:192.168.69.122:38852, 9fd79525-e0ea-4574-a6fd-f2467b182dbd:192.168.69.122:36306], old=null at 0
2019-07-13 19:23:24,449 INFO  impl.RaftServerImpl (ServerState.java:setLeader(263)) - 9fd79525-e0ea-4574-a6fd-f2467b182dbd:group-4ED3DB7C4FA0 change Leader from null to 6de9ba50-7a2d-4d3a-bb7a-466933beabb1 at term 2 for appendEntries, leader elected after 10200ms
2019-07-13 19:23:24,449 INFO  impl.RaftServerImpl (ServerState.java:setLeader(263)) - 33189823-c2a7-4143-b8a9-25d7cfe64aa3:group-4ED3DB7C4FA0 change Leader from null to 6de9ba50-7a2d-4d3a-bb7a-466933beabb1 at term 2 for appendEntries, leader elected after 10200ms
2019-07-13 19:23:24,452 INFO  impl.RaftServerImpl (ServerState.java:setRaftConf(361)) - 9fd79525-e0ea-4574-a6fd-f2467b182dbd:group-4ED3DB7C4FA0 set configuration 0: [33189823-c2a7-4143-b8a9-25d7cfe64aa3:192.168.69.122:37434, 6de9ba50-7a2d-4d3a-bb7a-466933beabb1:192.168.69.122:38852, 9fd79525-e0ea-4574-a6fd-f2467b182dbd:192.168.69.122:36306], old=null at 0
2019-07-13 19:23:24,452 INFO  segmented.SegmentedRaftLogWorker (SegmentedRaftLogWorker.java:startLogSegment(380)) - 9fd79525-e0ea-4574-a6fd-f2467b182dbd-SegmentedRaftLogWorker:Storage Directory /tmp/workdir/hadoop-ozone/integration-test/target/test-dir/MiniOzoneClusterImpl-659b5396-75a0-48b6-93f6-4f91963722a5/datanode-1/data/ratis/a1ab02a7-5915-4661-b958-4ed3db7c4fa0: Starting segment from index:0
2019-07-13 19:23:24,453 INFO  impl.RaftServerImpl (ServerState.java:setRaftConf(361)) - 33189823-c2a7-4143-b8a9-25d7cfe64aa3:group-4ED3DB7C4FA0 set configuration 0: [33189823-c2a7-4143-b8a9-25d7cfe64aa3:192.168.69.122:37434, 6de9ba50-7a2d-4d3a-bb7a-466933beabb1:192.168.69.122:38852, 9fd79525-e0ea-4574-a6fd-f2467b182dbd:192.168.69.122:36306], old=null at 0
2019-07-13 19:23:24,453 INFO  segmented.SegmentedRaftLogWorker (SegmentedRaftLogWorker.java:startLogSegment(380)) - 33189823-c2a7-4143-b8a9-25d7cfe64aa3-SegmentedRaftLogWorker:Storage Directory /tmp/workdir/hadoop-ozone/integration-test/target/test-dir/MiniOzoneClusterImpl-659b5396-75a0-48b6-93f6-4f91963722a5/datanode-0/data/ratis/a1ab02a7-5915-4661-b958-4ed3db7c4fa0: Starting segment from index:0
2019-07-13 19:23:24,479 INFO  segmented.SegmentedRaftLogWorker (SegmentedRaftLogWorker.java:execute(569)) - 6de9ba50-7a2d-4d3a-bb7a-466933beabb1-SegmentedRaftLogWorker:Storage Directory /tmp/workdir/hadoop-ozone/integration-test/target/test-dir/MiniOzoneClusterImpl-659b5396-75a0-48b6-93f6-4f91963722a5/datanode-2/data/ratis/a1ab02a7-5915-4661-b958-4ed3db7c4fa0: created new log segment /tmp/workdir/hadoop-ozone/integration-test/target/test-dir/MiniOzoneClusterImpl-659b5396-75a0-48b6-93f6-4f91963722a5/datanode-2/data/ratis/a1ab02a7-5915-4661-b958-4ed3db7c4fa0/current/log_inprogress_0
2019-07-13 19:23:24,479 INFO  segmented.SegmentedRaftLogWorker (SegmentedRaftLogWorker.java:execute(569)) - 33189823-c2a7-4143-b8a9-25d7cfe64aa3-SegmentedRaftLogWorker:Storage Directory /tmp/workdir/hadoop-ozone/integration-test/target/test-dir/MiniOzoneClusterImpl-659b5396-75a0-48b6-93f6-4f91963722a5/datanode-0/data/ratis/a1ab02a7-5915-4661-b958-4ed3db7c4fa0: created new log segment /tmp/workdir/hadoop-ozone/integration-test/target/test-dir/MiniOzoneClusterImpl-659b5396-75a0-48b6-93f6-4f91963722a5/datanode-0/data/ratis/a1ab02a7-5915-4661-b958-4ed3db7c4fa0/current/log_inprogress_0
2019-07-13 19:23:24,479 INFO  segmented.SegmentedRaftLogWorker (SegmentedRaftLogWorker.java:execute(569)) - 9fd79525-e0ea-4574-a6fd-f2467b182dbd-SegmentedRaftLogWorker:Storage Directory /tmp/workdir/hadoop-ozone/integration-test/target/test-dir/MiniOzoneClusterImpl-659b5396-75a0-48b6-93f6-4f91963722a5/datanode-1/data/ratis/a1ab02a7-5915-4661-b958-4ed3db7c4fa0: created new log segment /tmp/workdir/hadoop-ozone/integration-test/target/test-dir/MiniOzoneClusterImpl-659b5396-75a0-48b6-93f6-4f91963722a5/datanode-1/data/ratis/a1ab02a7-5915-4661-b958-4ed3db7c4fa0/current/log_inprogress_0
2019-07-13 19:23:26,982 INFO  node.StaleNodeHandler (StaleNodeHandler.java:onMessage(58)) - Datanode 6a4f42d8-2d8e-44e9-b53f-1e19ed7896af{ip: 192.168.69.122, host: trunk-nightly-fxqsz-774976932, networkLocation: /default-rack, certSerialId: null} moved to stale state. Finalizing its pipelines [PipelineID=35e47b4d-2f48-449c-9e65-50ec5750b585, PipelineID=b03bddf2-2ecf-40f6-a7fc-ba980f089d86]
2019-07-13 19:23:26,982 INFO  pipeline.SCMPipelineManager (SCMPipelineManager.java:finalizeAndDestroyPipeline(309)) - destroying pipeline:Pipeline[ Id: 35e47b4d-2f48-449c-9e65-50ec5750b585, Nodes: 6a4f42d8-2d8e-44e9-b53f-1e19ed7896af{ip: 192.168.69.122, host: trunk-nightly-fxqsz-774976932, networkLocation: /default-rack, certSerialId: null}30386d35-0be0-4422-8a64-413b8a43814a{ip: 192.168.69.122, host: trunk-nightly-fxqsz-774976932, networkLocation: /default-rack, certSerialId: null}de9e4c39-ff85-4d2d-9c33-705ce08d6b43{ip: 192.168.69.122, host: trunk-nightly-fxqsz-774976932, networkLocation: /default-rack, certSerialId: null}, Type:RATIS, Factor:THREE, State:OPEN]
2019-07-13 19:23:26,983 INFO  pipeline.PipelineStateManager (PipelineStateManager.java:finalizePipeline(123)) - Pipeline Pipeline[ Id: 35e47b4d-2f48-449c-9e65-50ec5750b585, Nodes: 6a4f42d8-2d8e-44e9-b53f-1e19ed7896af{ip: 192.168.69.122, host: trunk-nightly-fxqsz-774976932, networkLocation: /default-rack, certSerialId: null}30386d35-0be0-4422-8a64-413b8a43814a{ip: 192.168.69.122, host: trunk-nightly-fxqsz-774976932, networkLocation: /default-rack, certSerialId: null}de9e4c39-ff85-4d2d-9c33-705ce08d6b43{ip: 192.168.69.122, host: trunk-nightly-fxqsz-774976932, networkLocation: /default-rack, certSerialId: null}, Type:RATIS, Factor:THREE, State:CLOSED] moved to CLOSED state
2019-07-13 19:23:26,983 INFO  container.CloseContainerEventHandler (CloseContainerEventHandler.java:onMessage(61)) - Close container Event triggered for container : #2
2019-07-13 19:23:26,983 INFO  pipeline.SCMPipelineManager (SCMPipelineManager.java:finalizeAndDestroyPipeline(309)) - destroying pipeline:Pipeline[ Id: b03bddf2-2ecf-40f6-a7fc-ba980f089d86, Nodes: 6a4f42d8-2d8e-44e9-b53f-1e19ed7896af{ip: 192.168.69.122, host: trunk-nightly-fxqsz-774976932, networkLocation: /default-rack, certSerialId: null}, Type:RATIS, Factor:ONE, State:OPEN]
2019-07-13 19:23:26,983 INFO  pipeline.PipelineStateManager (PipelineStateManager.java:finalizePipeline(123)) - Pipeline Pipeline[ Id: b03bddf2-2ecf-40f6-a7fc-ba980f089d86, Nodes: 6a4f42d8-2d8e-44e9-b53f-1e19ed7896af{ip: 192.168.69.122, host: trunk-nightly-fxqsz-774976932, networkLocation: /default-rack, certSerialId: null}, Type:RATIS, Factor:ONE, State:CLOSED] moved to CLOSED state
2019-07-13 19:23:26,984 INFO  node.StaleNodeHandler (StaleNodeHandler.java:onMessage(58)) - Datanode 9fd79525-e0ea-4574-a6fd-f2467b182dbd{ip: 192.168.69.122, host: trunk-nightly-fxqsz-774976932, networkLocation: /default-rack, certSerialId: null} moved to stale state. Finalizing its pipelines [PipelineID=056543f4-36fe-437e-8683-e15ac6e08600, PipelineID=a1ab02a7-5915-4661-b958-4ed3db7c4fa0]
2019-07-13 19:23:26,984 INFO  pipeline.SCMPipelineManager (SCMPipelineManager.java:finalizeAndDestroyPipeline(309)) - destroying pipeline:Pipeline[ Id: 056543f4-36fe-437e-8683-e15ac6e08600, Nodes: 9fd79525-e0ea-4574-a6fd-f2467b182dbd{ip: 192.168.69.122, host: trunk-nightly-fxqsz-774976932, networkLocation: /default-rack, certSerialId: null}, Type:RATIS, Factor:ONE, State:OPEN]
2019-07-13 19:23:26,984 INFO  pipeline.PipelineStateManager (PipelineStateManager.java:finalizePipeline(123)) - Pipeline Pipeline[ Id: 056543f4-36fe-437e-8683-e15ac6e08600, Nodes: 9fd79525-e0ea-4574-a6fd-f2467b182dbd{ip: 192.168.69.122, host: trunk-nightly-fxqsz-774976932, networkLocation: /default-rack, certSerialId: null}, Type:RATIS, Factor:ONE, State:CLOSED] moved to CLOSED state
2019-07-13 19:23:26,984 INFO  pipeline.SCMPipelineManager (SCMPipelineManager.java:finalizeAndDestroyPipeline(309)) - destroying pipeline:Pipeline[ Id: a1ab02a7-5915-4661-b958-4ed3db7c4fa0, Nodes: 9fd79525-e0ea-4574-a6fd-f2467b182dbd{ip: 192.168.69.122, host: trunk-nightly-fxqsz-774976932, networkLocation: /default-rack, certSerialId: null}6de9ba50-7a2d-4d3a-bb7a-466933beabb1{ip: 192.168.69.122, host: trunk-nightly-fxqsz-774976932, networkLocation: /default-rack, certSerialId: null}33189823-c2a7-4143-b8a9-25d7cfe64aa3{ip: 192.168.69.122, host: trunk-nightly-fxqsz-774976932, networkLocation: /default-rack, certSerialId: null}, Type:RATIS, Factor:THREE, State:OPEN]
2019-07-13 19:23:26,984 INFO  pipeline.PipelineStateManager (PipelineStateManager.java:finalizePipeline(123)) - Pipeline Pipeline[ Id: a1ab02a7-5915-4661-b958-4ed3db7c4fa0, Nodes: 9fd79525-e0ea-4574-a6fd-f2467b182dbd{ip: 192.168.69.122, host: trunk-nightly-fxqsz-774976932, networkLocation: /default-rack, certSerialId: null}6de9ba50-7a2d-4d3a-bb7a-466933beabb1{ip: 192.168.69.122, host: trunk-nightly-fxqsz-774976932, networkLocation: /default-rack, certSerialId: null}33189823-c2a7-4143-b8a9-25d7cfe64aa3{ip: 192.168.69.122, host: trunk-nightly-fxqsz-774976932, networkLocation: /default-rack, certSerialId: null}, Type:RATIS, Factor:THREE, State:CLOSED] moved to CLOSED state
2019-07-13 19:23:27,039 INFO  ozoneimpl.OzoneContainer (OzoneContainer.java:stop(199)) - Attempting to stop container services.
2019-07-13 19:23:27,039 INFO  ozoneimpl.OzoneContainer (OzoneContainer.java:stop(199)) - Attempting to stop container services.
2019-07-13 19:23:27,040 INFO  impl.RaftServerProxy (RaftServerProxy.java:lambda$close$4(314)) - 6a4f42d8-2d8e-44e9-b53f-1e19ed7896af: close
2019-07-13 19:23:27,040 INFO  impl.RaftServerProxy (RaftServerProxy.java:lambda$close$4(314)) - 9fd79525-e0ea-4574-a6fd-f2467b182dbd: close
2019-07-13 19:23:27,040 INFO  impl.RaftServerImpl (RaftServerImpl.java:lambda$shutdown$3(245)) - 6a4f42d8-2d8e-44e9-b53f-1e19ed7896af: shutdown group-50EC5750B585
2019-07-13 19:23:27,040 INFO  impl.RaftServerImpl (RaftServerImpl.java:lambda$shutdown$3(245)) - 9fd79525-e0ea-4574-a6fd-f2467b182dbd: shutdown group-E15AC6E08600
2019-07-13 19:23:27,041 INFO  util.JmxRegister (JmxRegister.java:unregister(73)) - Successfully un-registered JMX Bean with object name Ratis:service=RaftServer,group=group-50EC5750B585,id=6a4f42d8-2d8e-44e9-b53f-1e19ed7896af
2019-07-13 19:23:27,041 INFO  util.JmxRegister (JmxRegister.java:unregister(73)) - Successfully un-registered JMX Bean with object name Ratis:service=RaftServer,group=group-E15AC6E08600,id=9fd79525-e0ea-4574-a6fd-f2467b182dbd
2019-07-13 19:23:27,042 INFO  impl.RoleInfo (RoleInfo.java:shutdownLeaderState(104)) - 6a4f42d8-2d8e-44e9-b53f-1e19ed7896af: shutdown LeaderState
2019-07-13 19:23:27,042 INFO  impl.RoleInfo (RoleInfo.java:shutdownLeaderState(104)) - 9fd79525-e0ea-4574-a6fd-f2467b182dbd: shutdown LeaderState
2019-07-13 19:23:27,047 WARN  server.GrpcLogAppender (GrpcLogAppender.java:mayWait(143)) - GrpcLogAppender(6a4f42d8-2d8e-44e9-b53f-1e19ed7896af->30386d35-0be0-4422-8a64-413b8a43814a): Wait interrupted by java.lang.InterruptedException
2019-07-13 19:23:27,047 INFO  impl.PendingRequests (PendingRequests.java:sendNotLeaderResponses(202)) - 6a4f42d8-2d8e-44e9-b53f-1e19ed7896af-PendingRequests: sendNotLeaderResponses
2019-07-13 19:23:27,047 WARN  server.GrpcLogAppender (GrpcLogAppender.java:mayWait(143)) - GrpcLogAppender(6a4f42d8-2d8e-44e9-b53f-1e19ed7896af->de9e4c39-ff85-4d2d-9c33-705ce08d6b43): Wait interrupted by java.lang.InterruptedException
2019-07-13 19:23:27,048 INFO  server.GrpcServerProtocolService (GrpcServerProtocolService.java:onCompleted(104)) - 30386d35-0be0-4422-8a64-413b8a43814a: appendEntries completed
2019-07-13 19:23:27,048 INFO  impl.PendingRequests (PendingRequests.java:sendNotLeaderResponses(202)) - 9fd79525-e0ea-4574-a6fd-f2467b182dbd-PendingRequests: sendNotLeaderResponses
2019-07-13 19:23:27,067 INFO  server.GrpcLogAppender (GrpcLogAppender.java:onCompleted(292)) - 6a4f42d8-2d8e-44e9-b53f-1e19ed7896af->30386d35-0be0-4422-8a64-413b8a43814a: follower responses appendEntries COMPLETED
2019-07-13 19:23:27,066 INFO  server.GrpcServerProtocolService (GrpcServerProtocolService.java:onCompleted(104)) - de9e4c39-ff85-4d2d-9c33-705ce08d6b43: appendEntries completed
2019-07-13 19:23:27,066 INFO  ratis.ContainerStateMachine (ContainerStateMachine.java:takeSnapshot(246)) - Taking snapshot at termIndex:(t:1, i:14)
2019-07-13 19:23:27,067 INFO  ratis.ContainerStateMachine (ContainerStateMachine.java:takeSnapshot(250)) - Taking a snapshot to file /tmp/workdir/hadoop-ozone/integration-test/target/test-dir/MiniOzoneClusterImpl-659b5396-75a0-48b6-93f6-4f91963722a5/datanode-4/data/ratis/35e47b4d-2f48-449c-9e65-50ec5750b585/sm/snapshot.1_14
2019-07-13 19:23:27,067 INFO  server.GrpcLogAppender (GrpcLogAppender.java:onCompleted(292)) - 6a4f42d8-2d8e-44e9-b53f-1e19ed7896af->de9e4c39-ff85-4d2d-9c33-705ce08d6b43: follower responses appendEntries COMPLETED
2019-07-13 19:23:27,066 INFO  impl.StateMachineUpdater (StateMachineUpdater.java:stopAndJoin(115)) - StateMachineUpdater:6a4f42d8-2d8e-44e9-b53f-1e19ed7896af:group-50EC5750B585: set stopIndex = 14
2019-07-13 19:23:27,068 INFO  impl.FollowerInfo (FollowerInfo.java:lambda$new$0(50)) - 6a4f42d8-2d8e-44e9-b53f-1e19ed7896af->de9e4c39-ff85-4d2d-9c33-705ce08d6b43: nextIndex: updateUnconditionally 15 -> 14
2019-07-13 19:23:27,068 INFO  impl.StateMachineUpdater (StateMachineUpdater.java:takeSnapshot(242)) - StateMachineUpdater:6a4f42d8-2d8e-44e9-b53f-1e19ed7896af:group-50EC5750B585: Took a snapshot at index 14
2019-07-13 19:23:27,068 INFO  impl.StateMachineUpdater (StateMachineUpdater.java:lambda$new$0(80)) - StateMachineUpdater:6a4f42d8-2d8e-44e9-b53f-1e19ed7896af:group-50EC5750B585: snapshotIndex: updateIncreasingly -1 -> 14
2019-07-13 19:23:27,067 INFO  impl.FollowerInfo (FollowerInfo.java:lambda$new$0(50)) - 6a4f42d8-2d8e-44e9-b53f-1e19ed7896af->30386d35-0be0-4422-8a64-413b8a43814a: nextIndex: updateUnconditionally 15 -> 14
2019-07-13 19:23:27,069 INFO  impl.RaftServerImpl (ServerState.java:close(394)) - 6a4f42d8-2d8e-44e9-b53f-1e19ed7896af:group-50EC5750B585 closes. The last applied log index is 14
2019-07-13 19:23:27,067 INFO  ratis.ContainerStateMachine (ContainerStateMachine.java:takeSnapshot(246)) - Taking snapshot at termIndex:(t:0, i:~)
2019-07-13 19:23:27,069 INFO  segmented.SegmentedRaftLogWorker (SegmentedRaftLogWorker.java:run(313)) - 6a4f42d8-2d8e-44e9-b53f-1e19ed7896af-SegmentedRaftLogWorker:Storage Directory /tmp/workdir/hadoop-ozone/integration-test/target/test-dir/MiniOzoneClusterImpl-659b5396-75a0-48b6-93f6-4f91963722a5/datanode-4/data/ratis/35e47b4d-2f48-449c-9e65-50ec5750b585 was interrupted, exiting. There are 0 tasks remaining in the queue.
2019-07-13 19:23:27,067 INFO  impl.StateMachineUpdater (StateMachineUpdater.java:stopAndJoin(115)) - StateMachineUpdater:9fd79525-e0ea-4574-a6fd-f2467b182dbd:group-E15AC6E08600: set stopIndex = 0
2019-07-13 19:23:27,072 INFO  impl.RaftServerImpl (ServerState.java:close(394)) - 9fd79525-e0ea-4574-a6fd-f2467b182dbd:group-E15AC6E08600 closes. The last applied log index is 0
2019-07-13 19:23:27,072 INFO  segmented.SegmentedRaftLogWorker (SegmentedRaftLogWorker.java:close(228)) - 6a4f42d8-2d8e-44e9-b53f-1e19ed7896af-SegmentedRaftLogWorker:Storage Directory /tmp/workdir/hadoop-ozone/integration-test/target/test-dir/MiniOzoneClusterImpl-659b5396-75a0-48b6-93f6-4f91963722a5/datanode-4/data/ratis/35e47b4d-2f48-449c-9e65-50ec5750b585 close()
2019-07-13 19:23:27,073 INFO  segmented.SegmentedRaftLogWorker (SegmentedRaftLogWorker.java:run(313)) - 9fd79525-e0ea-4574-a6fd-f2467b182dbd-SegmentedRaftLogWorker:Storage Directory /tmp/workdir/hadoop-ozone/integration-test/target/test-dir/MiniOzoneClusterImpl-659b5396-75a0-48b6-93f6-4f91963722a5/datanode-1/data/ratis/056543f4-36fe-437e-8683-e15ac6e08600 was interrupted, exiting. There are 0 tasks remaining in the queue.
2019-07-13 19:23:27,078 INFO  impl.RaftServerImpl (RaftServerImpl.java:lambda$shutdown$3(245)) - 6a4f42d8-2d8e-44e9-b53f-1e19ed7896af: shutdown group-BA980F089D86
2019-07-13 19:23:27,080 INFO  segmented.SegmentedRaftLogWorker (SegmentedRaftLogWorker.java:close(228)) - 9fd79525-e0ea-4574-a6fd-f2467b182dbd-SegmentedRaftLogWorker:Storage Directory /tmp/workdir/hadoop-ozone/integration-test/target/test-dir/MiniOzoneClusterImpl-659b5396-75a0-48b6-93f6-4f91963722a5/datanode-1/data/ratis/056543f4-36fe-437e-8683-e15ac6e08600 close()
2019-07-13 19:23:27,081 INFO  util.JmxRegister (JmxRegister.java:unregister(73)) - Successfully un-registered JMX Bean with object name Ratis:service=RaftServer,group=group-BA980F089D86,id=6a4f42d8-2d8e-44e9-b53f-1e19ed7896af
2019-07-13 19:23:27,086 INFO  impl.RoleInfo (RoleInfo.java:shutdownLeaderState(104)) - 6a4f42d8-2d8e-44e9-b53f-1e19ed7896af: shutdown LeaderState
2019-07-13 19:23:27,085 INFO  impl.RaftServerImpl (RaftServerImpl.java:lambda$shutdown$3(245)) - 9fd79525-e0ea-4574-a6fd-f2467b182dbd: shutdown group-4ED3DB7C4FA0
2019-07-13 19:23:27,086 INFO  impl.PendingRequests (PendingRequests.java:sendNotLeaderResponses(202)) - 6a4f42d8-2d8e-44e9-b53f-1e19ed7896af-PendingRequests: sendNotLeaderResponses
2019-07-13 19:23:27,086 INFO  util.JmxRegister (JmxRegister.java:unregister(73)) - Successfully un-registered JMX Bean with object name Ratis:service=RaftServer,group=group-4ED3DB7C4FA0,id=9fd79525-e0ea-4574-a6fd-f2467b182dbd
2019-07-13 19:23:27,087 INFO  ratis.ContainerStateMachine (ContainerStateMachine.java:takeSnapshot(246)) - Taking snapshot at termIndex:(t:0, i:~)
2019-07-13 19:23:27,087 INFO  impl.StateMachineUpdater (StateMachineUpdater.java:stopAndJoin(115)) - StateMachineUpdater:6a4f42d8-2d8e-44e9-b53f-1e19ed7896af:group-BA980F089D86: set stopIndex = 0
2019-07-13 19:23:27,087 INFO  impl.RoleInfo (RoleInfo.java:shutdownFollowerState(121)) - 9fd79525-e0ea-4574-a6fd-f2467b182dbd: shutdown FollowerState
2019-07-13 19:23:27,088 INFO  impl.RaftServerImpl (ServerState.java:close(394)) - 6a4f42d8-2d8e-44e9-b53f-1e19ed7896af:group-BA980F089D86 closes. The last applied log index is 0
2019-07-13 19:23:27,088 INFO  impl.FollowerState (FollowerState.java:run(114)) - 9fd79525-e0ea-4574-a6fd-f2467b182dbd: FollowerState was interrupted: java.lang.InterruptedException: sleep interrupted
2019-07-13 19:23:27,088 INFO  segmented.SegmentedRaftLogWorker (SegmentedRaftLogWorker.java:run(313)) - 6a4f42d8-2d8e-44e9-b53f-1e19ed7896af-SegmentedRaftLogWorker:Storage Directory /tmp/workdir/hadoop-ozone/integration-test/target/test-dir/MiniOzoneClusterImpl-659b5396-75a0-48b6-93f6-4f91963722a5/datanode-4/data/ratis/b03bddf2-2ecf-40f6-a7fc-ba980f089d86 was interrupted, exiting. There are 0 tasks remaining in the queue.
2019-07-13 19:23:27,088 INFO  ratis.ContainerStateMachine (ContainerStateMachine.java:takeSnapshot(246)) - Taking snapshot at termIndex:(t:0, i:~)
2019-07-13 19:23:27,088 INFO  impl.StateMachineUpdater (StateMachineUpdater.java:stopAndJoin(115)) - StateMachineUpdater:9fd79525-e0ea-4574-a6fd-f2467b182dbd:group-4ED3DB7C4FA0: set stopIndex = 0
2019-07-13 19:23:27,093 INFO  impl.RaftServerImpl (ServerState.java:close(394)) - 9fd79525-e0ea-4574-a6fd-f2467b182dbd:group-4ED3DB7C4FA0 closes. The last applied log index is 0
2019-07-13 19:23:27,093 INFO  segmented.SegmentedRaftLogWorker (SegmentedRaftLogWorker.java:close(228)) - 6a4f42d8-2d8e-44e9-b53f-1e19ed7896af-SegmentedRaftLogWorker:Storage Directory /tmp/workdir/hadoop-ozone/integration-test/target/test-dir/MiniOzoneClusterImpl-659b5396-75a0-48b6-93f6-4f91963722a5/datanode-4/data/ratis/b03bddf2-2ecf-40f6-a7fc-ba980f089d86 close()
2019-07-13 19:23:27,094 INFO  segmented.SegmentedRaftLogWorker (SegmentedRaftLogWorker.java:run(313)) - 9fd79525-e0ea-4574-a6fd-f2467b182dbd-SegmentedRaftLogWorker:Storage Directory /tmp/workdir/hadoop-ozone/integration-test/target/test-dir/MiniOzoneClusterImpl-659b5396-75a0-48b6-93f6-4f91963722a5/datanode-1/data/ratis/a1ab02a7-5915-4661-b958-4ed3db7c4fa0 was interrupted, exiting. There are 0 tasks remaining in the queue.
2019-07-13 19:23:27,098 INFO  server.GrpcService (GrpcService.java:closeImpl(155)) - 6a4f42d8-2d8e-44e9-b53f-1e19ed7896af: shutdown server with port 36608 now
2019-07-13 19:23:27,100 INFO  segmented.SegmentedRaftLogWorker (SegmentedRaftLogWorker.java:close(228)) - 9fd79525-e0ea-4574-a6fd-f2467b182dbd-SegmentedRaftLogWorker:Storage Directory /tmp/workdir/hadoop-ozone/integration-test/target/test-dir/MiniOzoneClusterImpl-659b5396-75a0-48b6-93f6-4f91963722a5/datanode-1/data/ratis/a1ab02a7-5915-4661-b958-4ed3db7c4fa0 close()
2019-07-13 19:23:27,105 INFO  server.GrpcService (GrpcService.java:closeImpl(155)) - 9fd79525-e0ea-4574-a6fd-f2467b182dbd: shutdown server with port 36306 now
2019-07-13 19:23:27,105 INFO  server.GrpcService (GrpcService.java:closeImpl(163)) - 6a4f42d8-2d8e-44e9-b53f-1e19ed7896af: shutdown server with port 36608 successfully
2019-07-13 19:23:27,105 WARN  server.GrpcServerProtocolService (LogUtils.java:warn(134)) - 9fd79525-e0ea-4574-a6fd-f2467b182dbd: appendEntries onError: org.apache.ratis.thirdparty.io.grpc.StatusRuntimeException: CANCELLED: cancelled before receiving half close
2019-07-13 19:23:27,106 INFO  server.GrpcService (GrpcService.java:closeImpl(163)) - 9fd79525-e0ea-4574-a6fd-f2467b182dbd: shutdown server with port 36306 successfully
2019-07-13 19:23:27,106 WARN  server.GrpcLogAppender (LogUtils.java:warn(134)) - 6de9ba50-7a2d-4d3a-bb7a-466933beabb1->9fd79525-e0ea-4574-a6fd-f2467b182dbd: Failed appendEntries: org.apache.ratis.thirdparty.io.grpc.StatusRuntimeException: CANCELLED: HTTP/2 error code: CANCEL
Received Rst Stream
2019-07-13 19:23:27,107 INFO  impl.FollowerInfo (FollowerInfo.java:lambda$new$0(50)) - 6de9ba50-7a2d-4d3a-bb7a-466933beabb1->9fd79525-e0ea-4574-a6fd-f2467b182dbd: nextIndex: updateUnconditionally 1 -> 0
2019-07-13 19:23:27,107 INFO  utils.BackgroundService (BackgroundService.java:shutdown(148)) - Shutting down service BlockDeletingService
2019-07-13 19:23:27,107 INFO  utils.BackgroundService (BackgroundService.java:shutdown(148)) - Shutting down service BlockDeletingService
2019-07-13 19:23:27,115 WARN  fs.CachingGetSpaceUsed (CachingGetSpaceUsed.java:run(183)) - Thread Interrupted waiting to refresh disk information: sleep interrupted
2019-07-13 19:23:27,115 WARN  fs.CachingGetSpaceUsed (CachingGetSpaceUsed.java:run(183)) - Thread Interrupted waiting to refresh disk information: sleep interrupted
2019-07-13 19:23:27,134 INFO  statemachine.DatanodeStateMachine (DatanodeStateMachine.java:stopDaemon(395)) - Ozone container server stopped.
2019-07-13 19:23:27,145 INFO  statemachine.DatanodeStateMachine (DatanodeStateMachine.java:stopDaemon(395)) - Ozone container server stopped.
2019-07-13 19:23:27,147 INFO  handler.ContextHandler (ContextHandler.java:doStop(910)) - Stopped o.e.j.w.WebAppContext@5a349644{/,null,UNAVAILABLE}{/hddsDatanode}
2019-07-13 19:23:27,148 INFO  handler.ContextHandler (ContextHandler.java:doStop(910)) - Stopped o.e.j.w.WebAppContext@99e03a9{/,null,UNAVAILABLE}{/hddsDatanode}
2019-07-13 19:23:27,148 INFO  server.AbstractConnector (AbstractConnector.java:doStop(318)) - Stopped ServerConnector@42b6acc2{HTTP/1.1,[http/1.1]}{0.0.0.0:0}
2019-07-13 19:23:27,155 INFO  handler.ContextHandler (ContextHandler.java:doStop(910)) - Stopped o.e.j.s.ServletContextHandler@71c9c7f3{/static,jar:file:/home/user/.m2/repository/org/apache/hadoop/hadoop-hdds-container-service/0.5.0-SNAPSHOT/hadoop-hdds-container-service-0.5.0-SNAPSHOT.jar!/webapps/static,UNAVAILABLE}
2019-07-13 19:23:27,155 INFO  server.AbstractConnector (AbstractConnector.java:doStop(318)) - Stopped ServerConnector@5a07088b{HTTP/1.1,[http/1.1]}{0.0.0.0:0}
2019-07-13 19:23:27,155 INFO  handler.ContextHandler (ContextHandler.java:doStop(910)) - Stopped o.e.j.s.ServletContextHandler@6dbe6891{/logs,file:///tmp/workdir/hadoop-ozone/integration-test/target/log,UNAVAILABLE}
2019-07-13 19:23:27,155 INFO  handler.ContextHandler (ContextHandler.java:doStop(910)) - Stopped o.e.j.s.ServletContextHandler@6311898c{/static,jar:file:/home/user/.m2/repository/org/apache/hadoop/hadoop-hdds-container-service/0.5.0-SNAPSHOT/hadoop-hdds-container-service-0.5.0-SNAPSHOT.jar!/webapps/static,UNAVAILABLE}
2019-07-13 19:23:27,156 INFO  handler.ContextHandler (ContextHandler.java:doStop(910)) - Stopped o.e.j.s.ServletContextHandler@61d4e070{/logs,file:///tmp/workdir/hadoop-ozone/integration-test/target/log,UNAVAILABLE}
2019-07-13 19:23:27,156 INFO  datanode.ObjectStoreHandler (ObjectStoreHandler.java:close(155)) - Closing ObjectStoreHandler.
2019-07-13 19:23:27,157 INFO  ozone.HddsDatanodeService (HddsDatanodeService.java:stop(452)) - Stopped plug-in org.apache.hadoop.ozone.web.OzoneHddsDatanodeService@323fa578
2019-07-13 19:23:27,157 INFO  datanode.ObjectStoreHandler (ObjectStoreHandler.java:close(155)) - Closing ObjectStoreHandler.
2019-07-13 19:23:27,157 INFO  ozone.HddsDatanodeService (HddsDatanodeService.java:stop(452)) - Stopped plug-in org.apache.hadoop.ozone.web.OzoneHddsDatanodeService@37c1e2a4
2019-07-13 19:23:27,914 INFO  statemachine.DatanodeStateMachine (DatanodeStateMachine.java:lambda$startDaemon$0(350)) - Ozone container server started.
2019-07-13 19:23:28,142 INFO  statemachine.DatanodeStateMachine (DatanodeStateMachine.java:lambda$startDaemon$0(350)) - Ozone container server started.
2019-07-13 19:23:29,496 WARN  server.GrpcLogAppender (LogUtils.java:warn(134)) - 6de9ba50-7a2d-4d3a-bb7a-466933beabb1->9fd79525-e0ea-4574-a6fd-f2467b182dbd: Failed appendEntries: org.apache.ratis.thirdparty.io.grpc.StatusRuntimeException: UNAVAILABLE: io exception
2019-07-13 19:23:29,497 INFO  impl.FollowerInfo (FollowerInfo.java:lambda$new$0(50)) - 6de9ba50-7a2d-4d3a-bb7a-466933beabb1->9fd79525-e0ea-4574-a6fd-f2467b182dbd: nextIndex: updateUnconditionally 0 -> 0
2019-07-13 19:23:31,990 INFO  node.StaleNodeHandler (StaleNodeHandler.java:onMessage(58)) - Datanode 30386d35-0be0-4422-8a64-413b8a43814a{ip: 192.168.69.122, host: trunk-nightly-fxqsz-774976932, networkLocation: /default-rack, certSerialId: null} moved to stale state. Finalizing its pipelines [PipelineID=35e47b4d-2f48-449c-9e65-50ec5750b585, PipelineID=12d39326-127b-40b5-962c-59ac153d513b]
2019-07-13 19:23:31,990 INFO  pipeline.SCMPipelineManager (SCMPipelineManager.java:finalizeAndDestroyPipeline(309)) - destroying pipeline:Pipeline[ Id: 35e47b4d-2f48-449c-9e65-50ec5750b585, Nodes: 6a4f42d8-2d8e-44e9-b53f-1e19ed7896af{ip: 192.168.69.122, host: trunk-nightly-fxqsz-774976932, networkLocation: /default-rack, certSerialId: null}30386d35-0be0-4422-8a64-413b8a43814a{ip: 192.168.69.122, host: trunk-nightly-fxqsz-774976932, networkLocation: /default-rack, certSerialId: null}de9e4c39-ff85-4d2d-9c33-705ce08d6b43{ip: 192.168.69.122, host: trunk-nightly-fxqsz-774976932, networkLocation: /default-rack, certSerialId: null}, Type:RATIS, Factor:THREE, State:CLOSED]
2019-07-13 19:23:31,990 INFO  pipeline.SCMPipelineManager (SCMPipelineManager.java:finalizeAndDestroyPipeline(309)) - destroying pipeline:Pipeline[ Id: 12d39326-127b-40b5-962c-59ac153d513b, Nodes: 30386d35-0be0-4422-8a64-413b8a43814a{ip: 192.168.69.122, host: trunk-nightly-fxqsz-774976932, networkLocation: /default-rack, certSerialId: null}, Type:RATIS, Factor:ONE, State:OPEN]
2019-07-13 19:23:31,990 INFO  pipeline.PipelineStateManager (PipelineStateManager.java:finalizePipeline(123)) - Pipeline Pipeline[ Id: 12d39326-127b-40b5-962c-59ac153d513b, Nodes: 30386d35-0be0-4422-8a64-413b8a43814a{ip: 192.168.69.122, host: trunk-nightly-fxqsz-774976932, networkLocation: /default-rack, certSerialId: null}, Type:RATIS, Factor:ONE, State:CLOSED] moved to CLOSED state
2019-07-13 19:23:31,997 WARN  server.GrpcLogAppender (LogUtils.java:warn(134)) - 6de9ba50-7a2d-4d3a-bb7a-466933beabb1->9fd79525-e0ea-4574-a6fd-f2467b182dbd: Failed appendEntries: org.apache.ratis.thirdparty.io.grpc.StatusRuntimeException: UNAVAILABLE: io exception
2019-07-13 19:23:31,997 INFO  impl.FollowerInfo (FollowerInfo.java:lambda$new$0(50)) - 6de9ba50-7a2d-4d3a-bb7a-466933beabb1->9fd79525-e0ea-4574-a6fd-f2467b182dbd: nextIndex: updateUnconditionally 0 -> 0
2019-07-13 19:23:32,157 INFO  ozoneimpl.OzoneContainer (OzoneContainer.java:stop(199)) - Attempting to stop container services.
2019-07-13 19:23:32,158 INFO  impl.RaftServerProxy (RaftServerProxy.java:lambda$close$4(314)) - 6de9ba50-7a2d-4d3a-bb7a-466933beabb1: close
2019-07-13 19:23:32,158 INFO  ozoneimpl.OzoneContainer (OzoneContainer.java:stop(199)) - Attempting to stop container services.
2019-07-13 19:23:32,158 INFO  impl.RaftServerImpl (RaftServerImpl.java:lambda$shutdown$3(245)) - 6de9ba50-7a2d-4d3a-bb7a-466933beabb1: shutdown group-0F786D1157E4
2019-07-13 19:23:32,159 INFO  impl.RaftServerProxy (RaftServerProxy.java:lambda$close$4(314)) - 30386d35-0be0-4422-8a64-413b8a43814a: close
2019-07-13 19:23:32,159 INFO  util.JmxRegister (JmxRegister.java:unregister(73)) - Successfully un-registered JMX Bean with object name Ratis:service=RaftServer,group=group-0F786D1157E4,id=6de9ba50-7a2d-4d3a-bb7a-466933beabb1
2019-07-13 19:23:32,159 INFO  impl.RaftServerImpl (RaftServerImpl.java:lambda$shutdown$3(245)) - 30386d35-0be0-4422-8a64-413b8a43814a: shutdown group-50EC5750B585
2019-07-13 19:23:32,160 INFO  util.JmxRegister (JmxRegister.java:unregister(73)) - Successfully un-registered JMX Bean with object name Ratis:service=RaftServer,group=group-50EC5750B585,id=30386d35-0be0-4422-8a64-413b8a43814a
2019-07-13 19:23:32,160 INFO  impl.RoleInfo (RoleInfo.java:shutdownFollowerState(121)) - 30386d35-0be0-4422-8a64-413b8a43814a: shutdown FollowerState
2019-07-13 19:23:32,161 INFO  impl.StateMachineUpdater (StateMachineUpdater.java:stopAndJoin(115)) - StateMachineUpdater:30386d35-0be0-4422-8a64-413b8a43814a:group-50EC5750B585: set stopIndex = 14
2019-07-13 19:23:32,160 INFO  impl.RoleInfo (RoleInfo.java:shutdownLeaderState(104)) - 6de9ba50-7a2d-4d3a-bb7a-466933beabb1: shutdown LeaderState
2019-07-13 19:23:32,161 INFO  ratis.ContainerStateMachine (ContainerStateMachine.java:takeSnapshot(246)) - Taking snapshot at termIndex:(t:1, i:11)
2019-07-13 19:23:32,162 INFO  ratis.ContainerStateMachine (ContainerStateMachine.java:takeSnapshot(250)) - Taking a snapshot to file /tmp/workdir/hadoop-ozone/integration-test/target/test-dir/MiniOzoneClusterImpl-659b5396-75a0-48b6-93f6-4f91963722a5/datanode-3/data/ratis/35e47b4d-2f48-449c-9e65-50ec5750b585/sm/snapshot.1_11
2019-07-13 19:23:32,161 INFO  impl.FollowerState (FollowerState.java:run(114)) - 30386d35-0be0-4422-8a64-413b8a43814a: FollowerState was interrupted: java.lang.InterruptedException: sleep interrupted
2019-07-13 19:23:32,162 INFO  impl.PendingRequests (PendingRequests.java:sendNotLeaderResponses(202)) - 6de9ba50-7a2d-4d3a-bb7a-466933beabb1-PendingRequests: sendNotLeaderResponses
2019-07-13 19:23:32,165 INFO  impl.StateMachineUpdater (StateMachineUpdater.java:takeSnapshot(242)) - StateMachineUpdater:30386d35-0be0-4422-8a64-413b8a43814a:group-50EC5750B585: Took a snapshot at index 11
2019-07-13 19:23:32,165 INFO  impl.StateMachineUpdater (StateMachineUpdater.java:stopAndJoin(115)) - StateMachineUpdater:6de9ba50-7a2d-4d3a-bb7a-466933beabb1:group-0F786D1157E4: set stopIndex = 0
2019-07-13 19:23:32,165 INFO  impl.StateMachineUpdater (StateMachineUpdater.java:lambda$new$0(80)) - StateMachineUpdater:30386d35-0be0-4422-8a64-413b8a43814a:group-50EC5750B585: snapshotIndex: updateIncreasingly -1 -> 11
2019-07-13 19:23:32,165 INFO  ratis.ContainerStateMachine (ContainerStateMachine.java:takeSnapshot(246)) - Taking snapshot at termIndex:(t:0, i:~)
2019-07-13 19:23:32,166 INFO  impl.RaftServerImpl (ServerState.java:close(394)) - 30386d35-0be0-4422-8a64-413b8a43814a:group-50EC5750B585 closes. The last applied log index is 14
2019-07-13 19:23:32,166 INFO  impl.RaftServerImpl (ServerState.java:close(394)) - 6de9ba50-7a2d-4d3a-bb7a-466933beabb1:group-0F786D1157E4 closes. The last applied log index is 0
2019-07-13 19:23:32,166 INFO  segmented.SegmentedRaftLogWorker (SegmentedRaftLogWorker.java:run(313)) - 30386d35-0be0-4422-8a64-413b8a43814a-SegmentedRaftLogWorker:Storage Directory /tmp/workdir/hadoop-ozone/integration-test/target/test-dir/MiniOzoneClusterImpl-659b5396-75a0-48b6-93f6-4f91963722a5/datanode-3/data/ratis/35e47b4d-2f48-449c-9e65-50ec5750b585 was interrupted, exiting. There are 0 tasks remaining in the queue.
2019-07-13 19:23:32,167 INFO  segmented.SegmentedRaftLogWorker (SegmentedRaftLogWorker.java:run(313)) - 6de9ba50-7a2d-4d3a-bb7a-466933beabb1-SegmentedRaftLogWorker:Storage Directory /tmp/workdir/hadoop-ozone/integration-test/target/test-dir/MiniOzoneClusterImpl-659b5396-75a0-48b6-93f6-4f91963722a5/datanode-2/data/ratis/22bb558d-a3fd-4966-9688-0f786d1157e4 was interrupted, exiting. There are 0 tasks remaining in the queue.
2019-07-13 19:23:32,169 INFO  segmented.SegmentedRaftLogWorker (SegmentedRaftLogWorker.java:close(228)) - 30386d35-0be0-4422-8a64-413b8a43814a-SegmentedRaftLogWorker:Storage Directory /tmp/workdir/hadoop-ozone/integration-test/target/test-dir/MiniOzoneClusterImpl-659b5396-75a0-48b6-93f6-4f91963722a5/datanode-3/data/ratis/35e47b4d-2f48-449c-9e65-50ec5750b585 close()
2019-07-13 19:23:32,171 INFO  segmented.SegmentedRaftLogWorker (SegmentedRaftLogWorker.java:close(228)) - 6de9ba50-7a2d-4d3a-bb7a-466933beabb1-SegmentedRaftLogWorker:Storage Directory /tmp/workdir/hadoop-ozone/integration-test/target/test-dir/MiniOzoneClusterImpl-659b5396-75a0-48b6-93f6-4f91963722a5/datanode-2/data/ratis/22bb558d-a3fd-4966-9688-0f786d1157e4 close()
2019-07-13 19:23:32,175 INFO  impl.RaftServerImpl (RaftServerImpl.java:lambda$shutdown$3(245)) - 30386d35-0be0-4422-8a64-413b8a43814a: shutdown group-59AC153D513B
2019-07-13 19:23:32,179 INFO  impl.RaftServerImpl (RaftServerImpl.java:lambda$shutdown$3(245)) - 6de9ba50-7a2d-4d3a-bb7a-466933beabb1: shutdown group-4ED3DB7C4FA0
2019-07-13 19:23:32,180 INFO  util.JmxRegister (JmxRegister.java:unregister(73)) - Successfully un-registered JMX Bean with object name Ratis:service=RaftServer,group=group-59AC153D513B,id=30386d35-0be0-4422-8a64-413b8a43814a
2019-07-13 19:23:32,180 INFO  util.JmxRegister (JmxRegister.java:unregister(73)) - Successfully un-registered JMX Bean with object name Ratis:service=RaftServer,group=group-4ED3DB7C4FA0,id=6de9ba50-7a2d-4d3a-bb7a-466933beabb1
2019-07-13 19:23:32,180 INFO  impl.RoleInfo (RoleInfo.java:shutdownLeaderState(104)) - 30386d35-0be0-4422-8a64-413b8a43814a: shutdown LeaderState
2019-07-13 19:23:32,181 INFO  impl.RoleInfo (RoleInfo.java:shutdownLeaderState(104)) - 6de9ba50-7a2d-4d3a-bb7a-466933beabb1: shutdown LeaderState
2019-07-13 19:23:32,181 INFO  impl.PendingRequests (PendingRequests.java:sendNotLeaderResponses(202)) - 30386d35-0be0-4422-8a64-413b8a43814a-PendingRequests: sendNotLeaderResponses
2019-07-13 19:23:32,185 WARN  server.GrpcLogAppender (GrpcLogAppender.java:mayWait(143)) - GrpcLogAppender(6de9ba50-7a2d-4d3a-bb7a-466933beabb1->33189823-c2a7-4143-b8a9-25d7cfe64aa3): Wait interrupted by java.lang.InterruptedException
2019-07-13 19:23:32,186 INFO  ratis.ContainerStateMachine (ContainerStateMachine.java:takeSnapshot(246)) - Taking snapshot at termIndex:(t:0, i:~)
2019-07-13 19:23:32,185 WARN  server.GrpcLogAppender (GrpcLogAppender.java:mayWait(143)) - GrpcLogAppender(6de9ba50-7a2d-4d3a-bb7a-466933beabb1->9fd79525-e0ea-4574-a6fd-f2467b182dbd): Wait interrupted by java.lang.InterruptedException
2019-07-13 19:23:32,185 INFO  impl.PendingRequests (PendingRequests.java:sendNotLeaderResponses(202)) - 6de9ba50-7a2d-4d3a-bb7a-466933beabb1-PendingRequests: sendNotLeaderResponses
2019-07-13 19:23:32,186 INFO  server.GrpcServerProtocolService (GrpcServerProtocolService.java:onCompleted(104)) - 33189823-c2a7-4143-b8a9-25d7cfe64aa3: appendEntries completed
2019-07-13 19:23:32,186 INFO  impl.StateMachineUpdater (StateMachineUpdater.java:stopAndJoin(115)) - StateMachineUpdater:30386d35-0be0-4422-8a64-413b8a43814a:group-59AC153D513B: set stopIndex = 0
2019-07-13 19:23:32,187 INFO  server.GrpcLogAppender (GrpcLogAppender.java:onCompleted(292)) - 6de9ba50-7a2d-4d3a-bb7a-466933beabb1->33189823-c2a7-4143-b8a9-25d7cfe64aa3: follower responses appendEntries COMPLETED
2019-07-13 19:23:32,186 INFO  ratis.ContainerStateMachine (ContainerStateMachine.java:takeSnapshot(246)) - Taking snapshot at termIndex:(t:0, i:~)
2019-07-13 19:23:32,188 INFO  impl.FollowerInfo (FollowerInfo.java:lambda$new$0(50)) - 6de9ba50-7a2d-4d3a-bb7a-466933beabb1->33189823-c2a7-4143-b8a9-25d7cfe64aa3: nextIndex: updateUnconditionally 1 -> 0
2019-07-13 19:23:32,186 INFO  impl.StateMachineUpdater (StateMachineUpdater.java:stopAndJoin(115)) - StateMachineUpdater:6de9ba50-7a2d-4d3a-bb7a-466933beabb1:group-4ED3DB7C4FA0: set stopIndex = 0
2019-07-13 19:23:32,187 INFO  impl.RaftServerImpl (ServerState.java:close(394)) - 30386d35-0be0-4422-8a64-413b8a43814a:group-59AC153D513B closes. The last applied log index is 0
2019-07-13 19:23:32,188 INFO  impl.RaftServerImpl (ServerState.java:close(394)) - 6de9ba50-7a2d-4d3a-bb7a-466933beabb1:group-4ED3DB7C4FA0 closes. The last applied log index is 0
2019-07-13 19:23:32,189 INFO  segmented.SegmentedRaftLogWorker (SegmentedRaftLogWorker.java:run(313)) - 30386d35-0be0-4422-8a64-413b8a43814a-SegmentedRaftLogWorker:Storage Directory /tmp/workdir/hadoop-ozone/integration-test/target/test-dir/MiniOzoneClusterImpl-659b5396-75a0-48b6-93f6-4f91963722a5/datanode-3/data/ratis/12d39326-127b-40b5-962c-59ac153d513b was interrupted, exiting. There are 0 tasks remaining in the queue.
2019-07-13 19:23:32,189 INFO  segmented.SegmentedRaftLogWorker (SegmentedRaftLogWorker.java:run(313)) - 6de9ba50-7a2d-4d3a-bb7a-466933beabb1-SegmentedRaftLogWorker:Storage Directory /tmp/workdir/hadoop-ozone/integration-test/target/test-dir/MiniOzoneClusterImpl-659b5396-75a0-48b6-93f6-4f91963722a5/datanode-2/data/ratis/a1ab02a7-5915-4661-b958-4ed3db7c4fa0 was interrupted, exiting. There are 0 tasks remaining in the queue.
2019-07-13 19:23:32,191 INFO  segmented.SegmentedRaftLogWorker (SegmentedRaftLogWorker.java:close(228)) - 30386d35-0be0-4422-8a64-413b8a43814a-SegmentedRaftLogWorker:Storage Directory /tmp/workdir/hadoop-ozone/integration-test/target/test-dir/MiniOzoneClusterImpl-659b5396-75a0-48b6-93f6-4f91963722a5/datanode-3/data/ratis/12d39326-127b-40b5-962c-59ac153d513b close()
2019-07-13 19:23:32,193 INFO  segmented.SegmentedRaftLogWorker (SegmentedRaftLogWorker.java:close(228)) - 6de9ba50-7a2d-4d3a-bb7a-466933beabb1-SegmentedRaftLogWorker:Storage Directory /tmp/workdir/hadoop-ozone/integration-test/target/test-dir/MiniOzoneClusterImpl-659b5396-75a0-48b6-93f6-4f91963722a5/datanode-2/data/ratis/a1ab02a7-5915-4661-b958-4ed3db7c4fa0 close()
2019-07-13 19:23:32,191 INFO  node.StaleNodeHandler (StaleNodeHandler.java:onMessage(58)) - Datanode 6de9ba50-7a2d-4d3a-bb7a-466933beabb1{ip: 192.168.69.122, host: trunk-nightly-fxqsz-774976932, networkLocation: /default-rack, certSerialId: null} moved to stale state. Finalizing its pipelines [PipelineID=22bb558d-a3fd-4966-9688-0f786d1157e4, PipelineID=a1ab02a7-5915-4661-b958-4ed3db7c4fa0]
2019-07-13 19:23:32,206 INFO  server.GrpcService (GrpcService.java:closeImpl(155)) - 6de9ba50-7a2d-4d3a-bb7a-466933beabb1: shutdown server with port 38852 now
2019-07-13 19:23:32,204 INFO  server.GrpcService (GrpcService.java:closeImpl(155)) - 30386d35-0be0-4422-8a64-413b8a43814a: shutdown server with port 43340 now
2019-07-13 19:23:32,206 INFO  pipeline.SCMPipelineManager (SCMPipelineManager.java:finalizeAndDestroyPipeline(309)) - destroying pipeline:Pipeline[ Id: 22bb558d-a3fd-4966-9688-0f786d1157e4, Nodes: 6de9ba50-7a2d-4d3a-bb7a-466933beabb1{ip: 192.168.69.122, host: trunk-nightly-fxqsz-774976932, networkLocation: /default-rack, certSerialId: null}, Type:RATIS, Factor:ONE, State:OPEN]
2019-07-13 19:23:32,207 INFO  server.GrpcService (GrpcService.java:closeImpl(163)) - 30386d35-0be0-4422-8a64-413b8a43814a: shutdown server with port 43340 successfully
2019-07-13 19:23:32,207 INFO  pipeline.PipelineStateManager (PipelineStateManager.java:finalizePipeline(123)) - Pipeline Pipeline[ Id: 22bb558d-a3fd-4966-9688-0f786d1157e4, Nodes: 6de9ba50-7a2d-4d3a-bb7a-466933beabb1{ip: 192.168.69.122, host: trunk-nightly-fxqsz-774976932, networkLocation: /default-rack, certSerialId: null}, Type:RATIS, Factor:ONE, State:CLOSED] moved to CLOSED state
2019-07-13 19:23:32,207 INFO  server.GrpcService (GrpcService.java:closeImpl(163)) - 6de9ba50-7a2d-4d3a-bb7a-466933beabb1: shutdown server with port 38852 successfully
2019-07-13 19:23:32,208 INFO  pipeline.SCMPipelineManager (SCMPipelineManager.java:finalizeAndDestroyPipeline(309)) - destroying pipeline:Pipeline[ Id: a1ab02a7-5915-4661-b958-4ed3db7c4fa0, Nodes: 9fd79525-e0ea-4574-a6fd-f2467b182dbd{ip: 192.168.69.122, host: trunk-nightly-fxqsz-774976932, networkLocation: /default-rack, certSerialId: null}6de9ba50-7a2d-4d3a-bb7a-466933beabb1{ip: 192.168.69.122, host: trunk-nightly-fxqsz-774976932, networkLocation: /default-rack, certSerialId: null}33189823-c2a7-4143-b8a9-25d7cfe64aa3{ip: 192.168.69.122, host: trunk-nightly-fxqsz-774976932, networkLocation: /default-rack, certSerialId: null}, Type:RATIS, Factor:THREE, State:CLOSED]
2019-07-13 19:23:32,209 INFO  utils.BackgroundService (BackgroundService.java:shutdown(148)) - Shutting down service BlockDeletingService
2019-07-13 19:23:32,209 INFO  utils.BackgroundService (BackgroundService.java:shutdown(148)) - Shutting down service BlockDeletingService
2019-07-13 19:23:32,211 WARN  fs.CachingGetSpaceUsed (CachingGetSpaceUsed.java:run(183)) - Thread Interrupted waiting to refresh disk information: sleep interrupted
2019-07-13 19:23:32,212 WARN  fs.CachingGetSpaceUsed (CachingGetSpaceUsed.java:run(183)) - Thread Interrupted waiting to refresh disk information: sleep interrupted
2019-07-13 19:23:32,248 INFO  statemachine.DatanodeStateMachine (DatanodeStateMachine.java:stopDaemon(395)) - Ozone container server stopped.
2019-07-13 19:23:32,248 INFO  statemachine.DatanodeStateMachine (DatanodeStateMachine.java:stopDaemon(395)) - Ozone container server stopped.
2019-07-13 19:23:32,262 INFO  handler.ContextHandler (ContextHandler.java:doStop(910)) - Stopped o.e.j.w.WebAppContext@3bea7134{/,null,UNAVAILABLE}{/hddsDatanode}
2019-07-13 19:23:32,264 INFO  handler.ContextHandler (ContextHandler.java:doStop(910)) - Stopped o.e.j.w.WebAppContext@7c3c6564{/,null,UNAVAILABLE}{/hddsDatanode}
2019-07-13 19:23:32,265 INFO  server.AbstractConnector (AbstractConnector.java:doStop(318)) - Stopped ServerConnector@10c95d9b{HTTP/1.1,[http/1.1]}{0.0.0.0:0}
2019-07-13 19:23:32,265 INFO  server.AbstractConnector (AbstractConnector.java:doStop(318)) - Stopped ServerConnector@7655dc27{HTTP/1.1,[http/1.1]}{0.0.0.0:0}
2019-07-13 19:23:32,265 INFO  handler.ContextHandler (ContextHandler.java:doStop(910)) - Stopped o.e.j.s.ServletContextHandler@7bd76b79{/static,jar:file:/home/user/.m2/repository/org/apache/hadoop/hadoop-hdds-container-service/0.5.0-SNAPSHOT/hadoop-hdds-container-service-0.5.0-SNAPSHOT.jar!/webapps/static,UNAVAILABLE}
2019-07-13 19:23:32,265 INFO  handler.ContextHandler (ContextHandler.java:doStop(910)) - Stopped o.e.j.s.ServletContextHandler@2fc698a9{/static,jar:file:/home/user/.m2/repository/org/apache/hadoop/hadoop-hdds-container-service/0.5.0-SNAPSHOT/hadoop-hdds-container-service-0.5.0-SNAPSHOT.jar!/webapps/static,UNAVAILABLE}
2019-07-13 19:23:32,266 INFO  handler.ContextHandler (ContextHandler.java:doStop(910)) - Stopped o.e.j.s.ServletContextHandler@5769679b{/logs,file:///tmp/workdir/hadoop-ozone/integration-test/target/log,UNAVAILABLE}
2019-07-13 19:23:32,266 INFO  handler.ContextHandler (ContextHandler.java:doStop(910)) - Stopped o.e.j.s.ServletContextHandler@1f6af096{/logs,file:///tmp/workdir/hadoop-ozone/integration-test/target/log,UNAVAILABLE}
2019-07-13 19:23:32,267 INFO  datanode.ObjectStoreHandler (ObjectStoreHandler.java:close(155)) - Closing ObjectStoreHandler.
2019-07-13 19:23:32,267 INFO  datanode.ObjectStoreHandler (ObjectStoreHandler.java:close(155)) - Closing ObjectStoreHandler.
2019-07-13 19:23:32,267 INFO  ozone.HddsDatanodeService (HddsDatanodeService.java:stop(452)) - Stopped plug-in org.apache.hadoop.ozone.web.OzoneHddsDatanodeService@6f2d0d25
2019-07-13 19:23:32,267 INFO  ozone.HddsDatanodeService (HddsDatanodeService.java:stop(452)) - Stopped plug-in org.apache.hadoop.ozone.web.OzoneHddsDatanodeService@8374911
2019-07-13 19:23:32,808 INFO  statemachine.DatanodeStateMachine (DatanodeStateMachine.java:lambda$startDaemon$0(350)) - Ozone container server started.
2019-07-13 19:23:32,928 INFO  statemachine.DatanodeStateMachine (DatanodeStateMachine.java:lambda$startDaemon$0(350)) - Ozone container server started.
2019-07-13 19:23:35,094 INFO  impl.FollowerState (FollowerState.java:run(106)) - de9e4c39-ff85-4d2d-9c33-705ce08d6b43:group-50EC5750B585 changes to CANDIDATE, lastRpcTime:8149, electionTimeout:5134ms
2019-07-13 19:23:35,094 INFO  impl.RoleInfo (RoleInfo.java:shutdownFollowerState(121)) - de9e4c39-ff85-4d2d-9c33-705ce08d6b43: shutdown FollowerState
2019-07-13 19:23:35,094 INFO  impl.RaftServerImpl (RaftServerImpl.java:setRole(171)) - de9e4c39-ff85-4d2d-9c33-705ce08d6b43:group-50EC5750B585 changes role from FOLLOWER to CANDIDATE at term 1 for changeToCandidate
2019-07-13 19:23:35,095 INFO  impl.RoleInfo (RoleInfo.java:updateAndGet(143)) - de9e4c39-ff85-4d2d-9c33-705ce08d6b43: start LeaderElection
2019-07-13 19:23:35,097 INFO  impl.RaftServerImpl (ServerState.java:setLeader(263)) - de9e4c39-ff85-4d2d-9c33-705ce08d6b43:group-50EC5750B585 change Leader from 6a4f42d8-2d8e-44e9-b53f-1e19ed7896af to null at term 1 for initElection
2019-07-13 19:23:35,111 INFO  impl.LeaderElection (LeaderElection.java:askForVotes(181)) - de9e4c39-ff85-4d2d-9c33-705ce08d6b43:group-50EC5750B585:LeaderElection77: begin an election at term 2 for 0: [6a4f42d8-2d8e-44e9-b53f-1e19ed7896af:192.168.69.122:36608, 30386d35-0be0-4422-8a64-413b8a43814a:192.168.69.122:43340, de9e4c39-ff85-4d2d-9c33-705ce08d6b43:192.168.69.122:38094], old=null
2019-07-13 19:23:35,114 INFO  impl.LeaderElection (LogUtils.java:infoOrTrace(149)) - de9e4c39-ff85-4d2d-9c33-705ce08d6b43:group-50EC5750B585:LeaderElection77 got exception when requesting votes: {}
java.util.concurrent.ExecutionException: org.apache.ratis.thirdparty.io.grpc.StatusRuntimeException: UNAVAILABLE: io exception
	at java.util.concurrent.FutureTask.report(FutureTask.java:122)
	at java.util.concurrent.FutureTask.get(FutureTask.java:192)
	at org.apache.ratis.server.impl.LeaderElection.waitForResults(LeaderElection.java:262)
	at org.apache.ratis.server.impl.LeaderElection.askForVotes(LeaderElection.java:200)
	at org.apache.ratis.server.impl.LeaderElection.run(LeaderElection.java:130)
	at java.lang.Thread.run(Thread.java:748)
Caused by: org.apache.ratis.thirdparty.io.grpc.StatusRuntimeException: UNAVAILABLE: io exception
	at org.apache.ratis.thirdparty.io.grpc.stub.ClientCalls.toStatusRuntimeException(ClientCalls.java:233)
	at org.apache.ratis.thirdparty.io.grpc.stub.ClientCalls.getUnchecked(ClientCalls.java:214)
	at org.apache.ratis.thirdparty.io.grpc.stub.ClientCalls.blockingUnaryCall(ClientCalls.java:139)
	at org.apache.ratis.proto.grpc.RaftServerProtocolServiceGrpc$RaftServerProtocolServiceBlockingStub.requestVote(RaftServerProtocolServiceGrpc.java:265)
	at org.apache.ratis.grpc.server.GrpcServerProtocolClient.requestVote(GrpcServerProtocolClient.java:83)
	at org.apache.ratis.grpc.server.GrpcService.requestVote(GrpcService.java:195)
	at org.apache.ratis.server.impl.LeaderElection.lambda$submitRequests$1(LeaderElection.java:237)
	at java.util.concurrent.FutureTask.run(FutureTask.java:266)
	at java.util.concurrent.Executors$RunnableAdapter.call(Executors.java:511)
	at java.util.concurrent.FutureTask.run(FutureTask.java:266)
	at java.util.concurrent.ThreadPoolExecutor.runWorker(ThreadPoolExecutor.java:1149)
	at java.util.concurrent.ThreadPoolExecutor$Worker.run(ThreadPoolExecutor.java:624)
	... 1 more
Caused by: org.apache.ratis.thirdparty.io.netty.channel.AbstractChannel$AnnotatedConnectException: Connection refused: /192.168.69.122:43340
	at sun.nio.ch.SocketChannelImpl.checkConnect(Native Method)
	at sun.nio.ch.SocketChannelImpl.finishConnect(SocketChannelImpl.java:717)
	at org.apache.ratis.thirdparty.io.netty.channel.socket.nio.NioSocketChannel.doFinishConnect(NioSocketChannel.java:327)
	at org.apache.ratis.thirdparty.io.netty.channel.nio.AbstractNioChannel$AbstractNioUnsafe.finishConnect(AbstractNioChannel.java:340)
	at org.apache.ratis.thirdparty.io.netty.channel.nio.NioEventLoop.processSelectedKey(NioEventLoop.java:632)
	at org.apache.ratis.thirdparty.io.netty.channel.nio.NioEventLoop.processSelectedKeysOptimized(NioEventLoop.java:579)
	at org.apache.ratis.thirdparty.io.netty.channel.nio.NioEventLoop.processSelectedKeys(NioEventLoop.java:496)
	at org.apache.ratis.thirdparty.io.netty.channel.nio.NioEventLoop.run(NioEventLoop.java:458)
	at org.apache.ratis.thirdparty.io.netty.util.concurrent.SingleThreadEventExecutor$5.run(SingleThreadEventExecutor.java:897)
	at org.apache.ratis.thirdparty.io.netty.util.concurrent.FastThreadLocalRunnable.run(FastThreadLocalRunnable.java:30)
	... 1 more
Caused by: java.net.ConnectException: Connection refused
	... 11 more
2019-07-13 19:23:35,116 INFO  impl.LeaderElection (LogUtils.java:infoOrTrace(149)) - de9e4c39-ff85-4d2d-9c33-705ce08d6b43:group-50EC5750B585:LeaderElection77 got exception when requesting votes: {}
java.util.concurrent.ExecutionException: org.apache.ratis.thirdparty.io.grpc.StatusRuntimeException: UNAVAILABLE: io exception
	at java.util.concurrent.FutureTask.report(FutureTask.java:122)
	at java.util.concurrent.FutureTask.get(FutureTask.java:192)
	at org.apache.ratis.server.impl.LeaderElection.waitForResults(LeaderElection.java:262)
	at org.apache.ratis.server.impl.LeaderElection.askForVotes(LeaderElection.java:200)
	at org.apache.ratis.server.impl.LeaderElection.run(LeaderElection.java:130)
	at java.lang.Thread.run(Thread.java:748)
Caused by: org.apache.ratis.thirdparty.io.grpc.StatusRuntimeException: UNAVAILABLE: io exception
	at org.apache.ratis.thirdparty.io.grpc.stub.ClientCalls.toStatusRuntimeException(ClientCalls.java:233)
	at org.apache.ratis.thirdparty.io.grpc.stub.ClientCalls.getUnchecked(ClientCalls.java:214)
	at org.apache.ratis.thirdparty.io.grpc.stub.ClientCalls.blockingUnaryCall(ClientCalls.java:139)
	at org.apache.ratis.proto.grpc.RaftServerProtocolServiceGrpc$RaftServerProtocolServiceBlockingStub.requestVote(RaftServerProtocolServiceGrpc.java:265)
	at org.apache.ratis.grpc.server.GrpcServerProtocolClient.requestVote(GrpcServerProtocolClient.java:83)
	at org.apache.ratis.grpc.server.GrpcService.requestVote(GrpcService.java:195)
	at org.apache.ratis.server.impl.LeaderElection.lambda$submitRequests$1(LeaderElection.java:237)
	at java.util.concurrent.FutureTask.run(FutureTask.java:266)
	at java.util.concurrent.Executors$RunnableAdapter.call(Executors.java:511)
	at java.util.concurrent.FutureTask.run(FutureTask.java:266)
	at java.util.concurrent.ThreadPoolExecutor.runWorker(ThreadPoolExecutor.java:1149)
	at java.util.concurrent.ThreadPoolExecutor$Worker.run(ThreadPoolExecutor.java:624)
	... 1 more
Caused by: org.apache.ratis.thirdparty.io.netty.channel.AbstractChannel$AnnotatedConnectException: Connection refused: /192.168.69.122:36608
	at sun.nio.ch.SocketChannelImpl.checkConnect(Native Method)
	at sun.nio.ch.SocketChannelImpl.finishConnect(SocketChannelImpl.java:717)
	at org.apache.ratis.thirdparty.io.netty.channel.socket.nio.NioSocketChannel.doFinishConnect(NioSocketChannel.java:327)
	at org.apache.ratis.thirdparty.io.netty.channel.nio.AbstractNioChannel$AbstractNioUnsafe.finishConnect(AbstractNioChannel.java:340)
	at org.apache.ratis.thirdparty.io.netty.channel.nio.NioEventLoop.processSelectedKey(NioEventLoop.java:632)
	at org.apache.ratis.thirdparty.io.netty.channel.nio.NioEventLoop.processSelectedKeysOptimized(NioEventLoop.java:579)
	at org.apache.ratis.thirdparty.io.netty.channel.nio.NioEventLoop.processSelectedKeys(NioEventLoop.java:496)
	at org.apache.ratis.thirdparty.io.netty.channel.nio.NioEventLoop.run(NioEventLoop.java:458)
	at org.apache.ratis.thirdparty.io.netty.util.concurrent.SingleThreadEventExecutor$5.run(SingleThreadEventExecutor.java:897)
	at org.apache.ratis.thirdparty.io.netty.util.concurrent.FastThreadLocalRunnable.run(FastThreadLocalRunnable.java:30)
	... 1 more
Caused by: java.net.ConnectException: Connection refused
	... 11 more
2019-07-13 19:23:35,118 INFO  impl.LeaderElection (LeaderElection.java:logAndReturn(56)) - de9e4c39-ff85-4d2d-9c33-705ce08d6b43:group-50EC5750B585:LeaderElection77: Election REJECTED; received 0 response(s) [] and 2 exception(s); de9e4c39-ff85-4d2d-9c33-705ce08d6b43:t2, leader=null, voted=de9e4c39-ff85-4d2d-9c33-705ce08d6b43, raftlog=de9e4c39-ff85-4d2d-9c33-705ce08d6b43-SegmentedRaftLog:OPENED:c14,f14,i14, conf=0: [6a4f42d8-2d8e-44e9-b53f-1e19ed7896af:192.168.69.122:36608, 30386d35-0be0-4422-8a64-413b8a43814a:192.168.69.122:43340, de9e4c39-ff85-4d2d-9c33-705ce08d6b43:192.168.69.122:38094], old=null
2019-07-13 19:23:35,118 INFO  impl.LeaderElection (LogUtils.java:infoOrTrace(149)) -   Exception 0: {}
java.util.concurrent.ExecutionException: org.apache.ratis.thirdparty.io.grpc.StatusRuntimeException: UNAVAILABLE: io exception
	at java.util.concurrent.FutureTask.report(FutureTask.java:122)
	at java.util.concurrent.FutureTask.get(FutureTask.java:192)
	at org.apache.ratis.server.impl.LeaderElection.waitForResults(LeaderElection.java:262)
	at org.apache.ratis.server.impl.LeaderElection.askForVotes(LeaderElection.java:200)
	at org.apache.ratis.server.impl.LeaderElection.run(LeaderElection.java:130)
	at java.lang.Thread.run(Thread.java:748)
Caused by: org.apache.ratis.thirdparty.io.grpc.StatusRuntimeException: UNAVAILABLE: io exception
	at org.apache.ratis.thirdparty.io.grpc.stub.ClientCalls.toStatusRuntimeException(ClientCalls.java:233)
	at org.apache.ratis.thirdparty.io.grpc.stub.ClientCalls.getUnchecked(ClientCalls.java:214)
	at org.apache.ratis.thirdparty.io.grpc.stub.ClientCalls.blockingUnaryCall(ClientCalls.java:139)
	at org.apache.ratis.proto.grpc.RaftServerProtocolServiceGrpc$RaftServerProtocolServiceBlockingStub.requestVote(RaftServerProtocolServiceGrpc.java:265)
	at org.apache.ratis.grpc.server.GrpcServerProtocolClient.requestVote(GrpcServerProtocolClient.java:83)
	at org.apache.ratis.grpc.server.GrpcService.requestVote(GrpcService.java:195)
	at org.apache.ratis.server.impl.LeaderElection.lambda$submitRequests$1(LeaderElection.java:237)
	at java.util.concurrent.FutureTask.run(FutureTask.java:266)
	at java.util.concurrent.Executors$RunnableAdapter.call(Executors.java:511)
	at java.util.concurrent.FutureTask.run(FutureTask.java:266)
	at java.util.concurrent.ThreadPoolExecutor.runWorker(ThreadPoolExecutor.java:1149)
	at java.util.concurrent.ThreadPoolExecutor$Worker.run(ThreadPoolExecutor.java:624)
	... 1 more
Caused by: org.apache.ratis.thirdparty.io.netty.channel.AbstractChannel$AnnotatedConnectException: Connection refused: /192.168.69.122:43340
	at sun.nio.ch.SocketChannelImpl.checkConnect(Native Method)
	at sun.nio.ch.SocketChannelImpl.finishConnect(SocketChannelImpl.java:717)
	at org.apache.ratis.thirdparty.io.netty.channel.socket.nio.NioSocketChannel.doFinishConnect(NioSocketChannel.java:327)
	at org.apache.ratis.thirdparty.io.netty.channel.nio.AbstractNioChannel$AbstractNioUnsafe.finishConnect(AbstractNioChannel.java:340)
	at org.apache.ratis.thirdparty.io.netty.channel.nio.NioEventLoop.processSelectedKey(NioEventLoop.java:632)
	at org.apache.ratis.thirdparty.io.netty.channel.nio.NioEventLoop.processSelectedKeysOptimized(NioEventLoop.java:579)
	at org.apache.ratis.thirdparty.io.netty.channel.nio.NioEventLoop.processSelectedKeys(NioEventLoop.java:496)
	at org.apache.ratis.thirdparty.io.netty.channel.nio.NioEventLoop.run(NioEventLoop.java:458)
	at org.apache.ratis.thirdparty.io.netty.util.concurrent.SingleThreadEventExecutor$5.run(SingleThreadEventExecutor.java:897)
	at org.apache.ratis.thirdparty.io.netty.util.concurrent.FastThreadLocalRunnable.run(FastThreadLocalRunnable.java:30)
	... 1 more
Caused by: java.net.ConnectException: Connection refused
	... 11 more
2019-07-13 19:23:35,119 INFO  impl.LeaderElection (LogUtils.java:infoOrTrace(149)) -   Exception 1: {}
java.util.concurrent.ExecutionException: org.apache.ratis.thirdparty.io.grpc.StatusRuntimeException: UNAVAILABLE: io exception
	at java.util.concurrent.FutureTask.report(FutureTask.java:122)
	at java.util.concurrent.FutureTask.get(FutureTask.java:192)
	at org.apache.ratis.server.impl.LeaderElection.waitForResults(LeaderElection.java:262)
	at org.apache.ratis.server.impl.LeaderElection.askForVotes(LeaderElection.java:200)
	at org.apache.ratis.server.impl.LeaderElection.run(LeaderElection.java:130)
	at java.lang.Thread.run(Thread.java:748)
Caused by: org.apache.ratis.thirdparty.io.grpc.StatusRuntimeException: UNAVAILABLE: io exception
	at org.apache.ratis.thirdparty.io.grpc.stub.ClientCalls.toStatusRuntimeException(ClientCalls.java:233)
	at org.apache.ratis.thirdparty.io.grpc.stub.ClientCalls.getUnchecked(ClientCalls.java:214)
	at org.apache.ratis.thirdparty.io.grpc.stub.ClientCalls.blockingUnaryCall(ClientCalls.java:139)
	at org.apache.ratis.proto.grpc.RaftServerProtocolServiceGrpc$RaftServerProtocolServiceBlockingStub.requestVote(RaftServerProtocolServiceGrpc.java:265)
	at org.apache.ratis.grpc.server.GrpcServerProtocolClient.requestVote(GrpcServerProtocolClient.java:83)
	at org.apache.ratis.grpc.server.GrpcService.requestVote(GrpcService.java:195)
	at org.apache.ratis.server.impl.LeaderElection.lambda$submitRequests$1(LeaderElection.java:237)
	at java.util.concurrent.FutureTask.run(FutureTask.java:266)
	at java.util.concurrent.Executors$RunnableAdapter.call(Executors.java:511)
	at java.util.concurrent.FutureTask.run(FutureTask.java:266)
	at java.util.concurrent.ThreadPoolExecutor.runWorker(ThreadPoolExecutor.java:1149)
	at java.util.concurrent.ThreadPoolExecutor$Worker.run(ThreadPoolExecutor.java:624)
	... 1 more
Caused by: org.apache.ratis.thirdparty.io.netty.channel.AbstractChannel$AnnotatedConnectException: Connection refused: /192.168.69.122:36608
	at sun.nio.ch.SocketChannelImpl.checkConnect(Native Method)
	at sun.nio.ch.SocketChannelImpl.finishConnect(SocketChannelImpl.java:717)
	at org.apache.ratis.thirdparty.io.netty.channel.socket.nio.NioSocketChannel.doFinishConnect(NioSocketChannel.java:327)
	at org.apache.ratis.thirdparty.io.netty.channel.nio.AbstractNioChannel$AbstractNioUnsafe.finishConnect(AbstractNioChannel.java:340)
	at org.apache.ratis.thirdparty.io.netty.channel.nio.NioEventLoop.processSelectedKey(NioEventLoop.java:632)
	at org.apache.ratis.thirdparty.io.netty.channel.nio.NioEventLoop.processSelectedKeysOptimized(NioEventLoop.java:579)
	at org.apache.ratis.thirdparty.io.netty.channel.nio.NioEventLoop.processSelectedKeys(NioEventLoop.java:496)
	at org.apache.ratis.thirdparty.io.netty.channel.nio.NioEventLoop.run(NioEventLoop.java:458)
	at org.apache.ratis.thirdparty.io.netty.util.concurrent.SingleThreadEventExecutor$5.run(SingleThreadEventExecutor.java:897)
	at org.apache.ratis.thirdparty.io.netty.util.concurrent.FastThreadLocalRunnable.run(FastThreadLocalRunnable.java:30)
	... 1 more
Caused by: java.net.ConnectException: Connection refused
	... 11 more
2019-07-13 19:23:35,119 INFO  impl.RaftServerImpl (RaftServerImpl.java:setRole(171)) - de9e4c39-ff85-4d2d-9c33-705ce08d6b43:group-50EC5750B585 changes role from CANDIDATE to FOLLOWER at term 2 for DISCOVERED_A_NEW_TERM
2019-07-13 19:23:35,119 INFO  impl.RoleInfo (RoleInfo.java:shutdownLeaderElection(134)) - de9e4c39-ff85-4d2d-9c33-705ce08d6b43: shutdown LeaderElection
2019-07-13 19:23:35,119 INFO  impl.RoleInfo (RoleInfo.java:updateAndGet(143)) - de9e4c39-ff85-4d2d-9c33-705ce08d6b43: start FollowerState
2019-07-13 19:23:36,897 INFO  node.StaleNodeHandler (StaleNodeHandler.java:onMessage(58)) - Datanode 33189823-c2a7-4143-b8a9-25d7cfe64aa3{ip: 192.168.69.122, host: trunk-nightly-fxqsz-774976932, networkLocation: /default-rack, certSerialId: null} moved to stale state. Finalizing its pipelines [PipelineID=73d1f850-ebd2-4e7c-b763-b8f157a541e1, PipelineID=a1ab02a7-5915-4661-b958-4ed3db7c4fa0]
2019-07-13 19:23:36,898 INFO  pipeline.SCMPipelineManager (SCMPipelineManager.java:finalizeAndDestroyPipeline(309)) - destroying pipeline:Pipeline[ Id: 73d1f850-ebd2-4e7c-b763-b8f157a541e1, Nodes: 33189823-c2a7-4143-b8a9-25d7cfe64aa3{ip: 192.168.69.122, host: trunk-nightly-fxqsz-774976932, networkLocation: /default-rack, certSerialId: null}, Type:RATIS, Factor:ONE, State:OPEN]
2019-07-13 19:23:36,898 INFO  pipeline.PipelineStateManager (PipelineStateManager.java:finalizePipeline(123)) - Pipeline Pipeline[ Id: 73d1f850-ebd2-4e7c-b763-b8f157a541e1, Nodes: 33189823-c2a7-4143-b8a9-25d7cfe64aa3{ip: 192.168.69.122, host: trunk-nightly-fxqsz-774976932, networkLocation: /default-rack, certSerialId: null}, Type:RATIS, Factor:ONE, State:CLOSED] moved to CLOSED state
2019-07-13 19:23:36,898 INFO  pipeline.SCMPipelineManager (SCMPipelineManager.java:finalizeAndDestroyPipeline(309)) - destroying pipeline:Pipeline[ Id: a1ab02a7-5915-4661-b958-4ed3db7c4fa0, Nodes: 9fd79525-e0ea-4574-a6fd-f2467b182dbd{ip: 192.168.69.122, host: trunk-nightly-fxqsz-774976932, networkLocation: /default-rack, certSerialId: null}6de9ba50-7a2d-4d3a-bb7a-466933beabb1{ip: 192.168.69.122, host: trunk-nightly-fxqsz-774976932, networkLocation: /default-rack, certSerialId: null}33189823-c2a7-4143-b8a9-25d7cfe64aa3{ip: 192.168.69.122, host: trunk-nightly-fxqsz-774976932, networkLocation: /default-rack, certSerialId: null}, Type:RATIS, Factor:THREE, State:CLOSED]
2019-07-13 19:23:36,997 INFO  node.StaleNodeHandler (StaleNodeHandler.java:onMessage(58)) - Datanode 893c3ace-9d50-443f-bcdf-504df625c909{ip: 192.168.69.122, host: trunk-nightly-fxqsz-774976932, networkLocation: /default-rack, certSerialId: null} moved to stale state. Finalizing its pipelines [PipelineID=1ae40868-0c48-4b71-ac6a-92807f145e13]
2019-07-13 19:23:36,998 INFO  pipeline.SCMPipelineManager (SCMPipelineManager.java:finalizeAndDestroyPipeline(309)) - destroying pipeline:Pipeline[ Id: 1ae40868-0c48-4b71-ac6a-92807f145e13, Nodes: 893c3ace-9d50-443f-bcdf-504df625c909{ip: 192.168.69.122, host: trunk-nightly-fxqsz-774976932, networkLocation: /default-rack, certSerialId: null}, Type:RATIS, Factor:ONE, State:OPEN]
2019-07-13 19:23:36,998 INFO  pipeline.PipelineStateManager (PipelineStateManager.java:finalizePipeline(123)) - Pipeline Pipeline[ Id: 1ae40868-0c48-4b71-ac6a-92807f145e13, Nodes: 893c3ace-9d50-443f-bcdf-504df625c909{ip: 192.168.69.122, host: trunk-nightly-fxqsz-774976932, networkLocation: /default-rack, certSerialId: null}, Type:RATIS, Factor:ONE, State:CLOSED] moved to CLOSED state
2019-07-13 19:23:37,268 INFO  ozoneimpl.OzoneContainer (OzoneContainer.java:stop(199)) - Attempting to stop container services.
2019-07-13 19:23:37,268 INFO  ozoneimpl.OzoneContainer (OzoneContainer.java:stop(199)) - Attempting to stop container services.
2019-07-13 19:23:37,269 INFO  impl.RaftServerProxy (RaftServerProxy.java:lambda$close$4(314)) - 893c3ace-9d50-443f-bcdf-504df625c909: close
2019-07-13 19:23:37,269 INFO  impl.RaftServerProxy (RaftServerProxy.java:lambda$close$4(314)) - 33189823-c2a7-4143-b8a9-25d7cfe64aa3: close
2019-07-13 19:23:37,269 INFO  impl.RaftServerImpl (RaftServerImpl.java:lambda$shutdown$3(245)) - 893c3ace-9d50-443f-bcdf-504df625c909: shutdown group-92807F145E13
2019-07-13 19:23:37,270 INFO  impl.RaftServerImpl (RaftServerImpl.java:lambda$shutdown$3(245)) - 33189823-c2a7-4143-b8a9-25d7cfe64aa3: shutdown group-B8F157A541E1
2019-07-13 19:23:37,270 INFO  util.JmxRegister (JmxRegister.java:unregister(73)) - Successfully un-registered JMX Bean with object name Ratis:service=RaftServer,group=group-92807F145E13,id=893c3ace-9d50-443f-bcdf-504df625c909
2019-07-13 19:23:37,271 INFO  impl.RoleInfo (RoleInfo.java:shutdownLeaderState(104)) - 893c3ace-9d50-443f-bcdf-504df625c909: shutdown LeaderState
2019-07-13 19:23:37,270 INFO  util.JmxRegister (JmxRegister.java:unregister(73)) - Successfully un-registered JMX Bean with object name Ratis:service=RaftServer,group=group-B8F157A541E1,id=33189823-c2a7-4143-b8a9-25d7cfe64aa3
2019-07-13 19:23:37,271 INFO  impl.PendingRequests (PendingRequests.java:sendNotLeaderResponses(202)) - 893c3ace-9d50-443f-bcdf-504df625c909-PendingRequests: sendNotLeaderResponses
2019-07-13 19:23:37,271 INFO  impl.RoleInfo (RoleInfo.java:shutdownLeaderState(104)) - 33189823-c2a7-4143-b8a9-25d7cfe64aa3: shutdown LeaderState
2019-07-13 19:23:37,272 INFO  ratis.ContainerStateMachine (ContainerStateMachine.java:takeSnapshot(246)) - Taking snapshot at termIndex:(t:0, i:~)
2019-07-13 19:23:37,272 INFO  impl.StateMachineUpdater (StateMachineUpdater.java:stopAndJoin(115)) - StateMachineUpdater:893c3ace-9d50-443f-bcdf-504df625c909:group-92807F145E13: set stopIndex = 0
2019-07-13 19:23:37,272 INFO  impl.PendingRequests (PendingRequests.java:sendNotLeaderResponses(202)) - 33189823-c2a7-4143-b8a9-25d7cfe64aa3-PendingRequests: sendNotLeaderResponses
2019-07-13 19:23:37,273 INFO  impl.RaftServerImpl (ServerState.java:close(394)) - 893c3ace-9d50-443f-bcdf-504df625c909:group-92807F145E13 closes. The last applied log index is 0
2019-07-13 19:23:37,273 INFO  ratis.ContainerStateMachine (ContainerStateMachine.java:takeSnapshot(246)) - Taking snapshot at termIndex:(t:0, i:~)
2019-07-13 19:23:37,273 INFO  impl.StateMachineUpdater (StateMachineUpdater.java:stopAndJoin(115)) - StateMachineUpdater:33189823-c2a7-4143-b8a9-25d7cfe64aa3:group-B8F157A541E1: set stopIndex = 0
2019-07-13 19:23:37,274 INFO  impl.RaftServerImpl (ServerState.java:close(394)) - 33189823-c2a7-4143-b8a9-25d7cfe64aa3:group-B8F157A541E1 closes. The last applied log index is 0
2019-07-13 19:23:37,274 INFO  segmented.SegmentedRaftLogWorker (SegmentedRaftLogWorker.java:run(313)) - 893c3ace-9d50-443f-bcdf-504df625c909-SegmentedRaftLogWorker:Storage Directory /tmp/workdir/hadoop-ozone/integration-test/target/test-dir/MiniOzoneClusterImpl-659b5396-75a0-48b6-93f6-4f91963722a5/datanode-6/data/ratis/1ae40868-0c48-4b71-ac6a-92807f145e13 was interrupted, exiting. There are 0 tasks remaining in the queue.
2019-07-13 19:23:37,275 INFO  segmented.SegmentedRaftLogWorker (SegmentedRaftLogWorker.java:run(313)) - 33189823-c2a7-4143-b8a9-25d7cfe64aa3-SegmentedRaftLogWorker:Storage Directory /tmp/workdir/hadoop-ozone/integration-test/target/test-dir/MiniOzoneClusterImpl-659b5396-75a0-48b6-93f6-4f91963722a5/datanode-0/data/ratis/73d1f850-ebd2-4e7c-b763-b8f157a541e1 was interrupted, exiting. There are 0 tasks remaining in the queue.
2019-07-13 19:23:37,279 INFO  segmented.SegmentedRaftLogWorker (SegmentedRaftLogWorker.java:close(228)) - 893c3ace-9d50-443f-bcdf-504df625c909-SegmentedRaftLogWorker:Storage Directory /tmp/workdir/hadoop-ozone/integration-test/target/test-dir/MiniOzoneClusterImpl-659b5396-75a0-48b6-93f6-4f91963722a5/datanode-6/data/ratis/1ae40868-0c48-4b71-ac6a-92807f145e13 close()
2019-07-13 19:23:37,279 INFO  segmented.SegmentedRaftLogWorker (SegmentedRaftLogWorker.java:close(228)) - 33189823-c2a7-4143-b8a9-25d7cfe64aa3-SegmentedRaftLogWorker:Storage Directory /tmp/workdir/hadoop-ozone/integration-test/target/test-dir/MiniOzoneClusterImpl-659b5396-75a0-48b6-93f6-4f91963722a5/datanode-0/data/ratis/73d1f850-ebd2-4e7c-b763-b8f157a541e1 close()
2019-07-13 19:23:37,281 INFO  server.GrpcService (GrpcService.java:closeImpl(155)) - 893c3ace-9d50-443f-bcdf-504df625c909: shutdown server with port 32858 now
2019-07-13 19:23:37,283 INFO  impl.RaftServerImpl (RaftServerImpl.java:lambda$shutdown$3(245)) - 33189823-c2a7-4143-b8a9-25d7cfe64aa3: shutdown group-4ED3DB7C4FA0
2019-07-13 19:23:37,285 INFO  util.JmxRegister (JmxRegister.java:unregister(73)) - Successfully un-registered JMX Bean with object name Ratis:service=RaftServer,group=group-4ED3DB7C4FA0,id=33189823-c2a7-4143-b8a9-25d7cfe64aa3
2019-07-13 19:23:37,285 INFO  server.GrpcService (GrpcService.java:closeImpl(163)) - 893c3ace-9d50-443f-bcdf-504df625c909: shutdown server with port 32858 successfully
2019-07-13 19:23:37,285 INFO  impl.RoleInfo (RoleInfo.java:shutdownFollowerState(121)) - 33189823-c2a7-4143-b8a9-25d7cfe64aa3: shutdown FollowerState
2019-07-13 19:23:37,286 INFO  impl.StateMachineUpdater (StateMachineUpdater.java:stopAndJoin(115)) - StateMachineUpdater:33189823-c2a7-4143-b8a9-25d7cfe64aa3:group-4ED3DB7C4FA0: set stopIndex = 0
2019-07-13 19:23:37,286 INFO  ratis.ContainerStateMachine (ContainerStateMachine.java:takeSnapshot(246)) - Taking snapshot at termIndex:(t:0, i:~)
2019-07-13 19:23:37,286 INFO  impl.FollowerState (FollowerState.java:run(114)) - 33189823-c2a7-4143-b8a9-25d7cfe64aa3: FollowerState was interrupted: java.lang.InterruptedException: sleep interrupted
2019-07-13 19:23:37,286 INFO  impl.RaftServerImpl (ServerState.java:close(394)) - 33189823-c2a7-4143-b8a9-25d7cfe64aa3:group-4ED3DB7C4FA0 closes. The last applied log index is 0
2019-07-13 19:23:37,286 INFO  utils.BackgroundService (BackgroundService.java:shutdown(148)) - Shutting down service BlockDeletingService
2019-07-13 19:23:37,289 INFO  segmented.SegmentedRaftLogWorker (SegmentedRaftLogWorker.java:run(313)) - 33189823-c2a7-4143-b8a9-25d7cfe64aa3-SegmentedRaftLogWorker:Storage Directory /tmp/workdir/hadoop-ozone/integration-test/target/test-dir/MiniOzoneClusterImpl-659b5396-75a0-48b6-93f6-4f91963722a5/datanode-0/data/ratis/a1ab02a7-5915-4661-b958-4ed3db7c4fa0 was interrupted, exiting. There are 0 tasks remaining in the queue.
2019-07-13 19:23:37,291 INFO  segmented.SegmentedRaftLogWorker (SegmentedRaftLogWorker.java:close(228)) - 33189823-c2a7-4143-b8a9-25d7cfe64aa3-SegmentedRaftLogWorker:Storage Directory /tmp/workdir/hadoop-ozone/integration-test/target/test-dir/MiniOzoneClusterImpl-659b5396-75a0-48b6-93f6-4f91963722a5/datanode-0/data/ratis/a1ab02a7-5915-4661-b958-4ed3db7c4fa0 close()
2019-07-13 19:23:37,292 WARN  fs.CachingGetSpaceUsed (CachingGetSpaceUsed.java:run(183)) - Thread Interrupted waiting to refresh disk information: sleep interrupted
2019-07-13 19:23:37,293 INFO  server.GrpcService (GrpcService.java:closeImpl(155)) - 33189823-c2a7-4143-b8a9-25d7cfe64aa3: shutdown server with port 37434 now
2019-07-13 19:23:37,294 INFO  server.GrpcService (GrpcService.java:closeImpl(163)) - 33189823-c2a7-4143-b8a9-25d7cfe64aa3: shutdown server with port 37434 successfully
2019-07-13 19:23:37,298 INFO  utils.BackgroundService (BackgroundService.java:shutdown(148)) - Shutting down service BlockDeletingService
2019-07-13 19:23:37,299 WARN  fs.CachingGetSpaceUsed (CachingGetSpaceUsed.java:run(183)) - Thread Interrupted waiting to refresh disk information: sleep interrupted
2019-07-13 19:23:37,311 INFO  statemachine.DatanodeStateMachine (DatanodeStateMachine.java:stopDaemon(395)) - Ozone container server stopped.
2019-07-13 19:23:37,323 INFO  statemachine.DatanodeStateMachine (DatanodeStateMachine.java:stopDaemon(395)) - Ozone container server stopped.
2019-07-13 19:23:37,324 INFO  handler.ContextHandler (ContextHandler.java:doStop(910)) - Stopped o.e.j.w.WebAppContext@1baef878{/,null,UNAVAILABLE}{/hddsDatanode}
2019-07-13 19:23:37,326 INFO  handler.ContextHandler (ContextHandler.java:doStop(910)) - Stopped o.e.j.w.WebAppContext@40949bb0{/,null,UNAVAILABLE}{/hddsDatanode}
2019-07-13 19:23:37,326 INFO  server.AbstractConnector (AbstractConnector.java:doStop(318)) - Stopped ServerConnector@6208f81c{HTTP/1.1,[http/1.1]}{0.0.0.0:0}
2019-07-13 19:23:37,327 INFO  handler.ContextHandler (ContextHandler.java:doStop(910)) - Stopped o.e.j.s.ServletContextHandler@1504db11{/static,jar:file:/home/user/.m2/repository/org/apache/hadoop/hadoop-hdds-container-service/0.5.0-SNAPSHOT/hadoop-hdds-container-service-0.5.0-SNAPSHOT.jar!/webapps/static,UNAVAILABLE}
2019-07-13 19:23:37,327 INFO  server.AbstractConnector (AbstractConnector.java:doStop(318)) - Stopped ServerConnector@70028163{HTTP/1.1,[http/1.1]}{0.0.0.0:0}
2019-07-13 19:23:37,327 INFO  handler.ContextHandler (ContextHandler.java:doStop(910)) - Stopped o.e.j.s.ServletContextHandler@bf3aa52{/logs,file:///tmp/workdir/hadoop-ozone/integration-test/target/log,UNAVAILABLE}
2019-07-13 19:23:37,328 INFO  handler.ContextHandler (ContextHandler.java:doStop(910)) - Stopped o.e.j.s.ServletContextHandler@4973fb7d{/static,jar:file:/home/user/.m2/repository/org/apache/hadoop/hadoop-hdds-container-service/0.5.0-SNAPSHOT/hadoop-hdds-container-service-0.5.0-SNAPSHOT.jar!/webapps/static,UNAVAILABLE}
2019-07-13 19:23:37,328 INFO  handler.ContextHandler (ContextHandler.java:doStop(910)) - Stopped o.e.j.s.ServletContextHandler@13835bdc{/logs,file:///tmp/workdir/hadoop-ozone/integration-test/target/log,UNAVAILABLE}
2019-07-13 19:23:37,328 INFO  datanode.ObjectStoreHandler (ObjectStoreHandler.java:close(155)) - Closing ObjectStoreHandler.
2019-07-13 19:23:37,329 INFO  ozone.HddsDatanodeService (HddsDatanodeService.java:stop(452)) - Stopped plug-in org.apache.hadoop.ozone.web.OzoneHddsDatanodeService@7eee42fc
2019-07-13 19:23:37,919 INFO  statemachine.DatanodeStateMachine (DatanodeStateMachine.java:lambda$startDaemon$0(350)) - Ozone container server started.
2019-07-13 19:23:40,128 INFO  impl.FollowerState (FollowerState.java:run(106)) - de9e4c39-ff85-4d2d-9c33-705ce08d6b43:group-50EC5750B585 changes to CANDIDATE, lastRpcTime:5008, electionTimeout:5008ms
2019-07-13 19:23:40,128 INFO  impl.RoleInfo (RoleInfo.java:shutdownFollowerState(121)) - de9e4c39-ff85-4d2d-9c33-705ce08d6b43: shutdown FollowerState
2019-07-13 19:23:40,128 INFO  impl.RaftServerImpl (RaftServerImpl.java:setRole(171)) - de9e4c39-ff85-4d2d-9c33-705ce08d6b43:group-50EC5750B585 changes role from FOLLOWER to CANDIDATE at term 2 for changeToCandidate
2019-07-13 19:23:40,128 INFO  impl.RoleInfo (RoleInfo.java:updateAndGet(143)) - de9e4c39-ff85-4d2d-9c33-705ce08d6b43: start LeaderElection
2019-07-13 19:23:40,145 INFO  impl.LeaderElection (LeaderElection.java:askForVotes(181)) - de9e4c39-ff85-4d2d-9c33-705ce08d6b43:group-50EC5750B585:LeaderElection78: begin an election at term 3 for 0: [6a4f42d8-2d8e-44e9-b53f-1e19ed7896af:192.168.69.122:36608, 30386d35-0be0-4422-8a64-413b8a43814a:192.168.69.122:43340, de9e4c39-ff85-4d2d-9c33-705ce08d6b43:192.168.69.122:38094], old=null
2019-07-13 19:23:40,146 INFO  impl.LeaderElection (LogUtils.java:infoOrTrace(149)) - de9e4c39-ff85-4d2d-9c33-705ce08d6b43:group-50EC5750B585:LeaderElection78 got exception when requesting votes: {}
java.util.concurrent.ExecutionException: org.apache.ratis.thirdparty.io.grpc.StatusRuntimeException: UNAVAILABLE: io exception
	at java.util.concurrent.FutureTask.report(FutureTask.java:122)
	at java.util.concurrent.FutureTask.get(FutureTask.java:192)
	at org.apache.ratis.server.impl.LeaderElection.waitForResults(LeaderElection.java:262)
	at org.apache.ratis.server.impl.LeaderElection.askForVotes(LeaderElection.java:200)
	at org.apache.ratis.server.impl.LeaderElection.run(LeaderElection.java:130)
	at java.lang.Thread.run(Thread.java:748)
Caused by: org.apache.ratis.thirdparty.io.grpc.StatusRuntimeException: UNAVAILABLE: io exception
	at org.apache.ratis.thirdparty.io.grpc.stub.ClientCalls.toStatusRuntimeException(ClientCalls.java:233)
	at org.apache.ratis.thirdparty.io.grpc.stub.ClientCalls.getUnchecked(ClientCalls.java:214)
	at org.apache.ratis.thirdparty.io.grpc.stub.ClientCalls.blockingUnaryCall(ClientCalls.java:139)
	at org.apache.ratis.proto.grpc.RaftServerProtocolServiceGrpc$RaftServerProtocolServiceBlockingStub.requestVote(RaftServerProtocolServiceGrpc.java:265)
	at org.apache.ratis.grpc.server.GrpcServerProtocolClient.requestVote(GrpcServerProtocolClient.java:83)
	at org.apache.ratis.grpc.server.GrpcService.requestVote(GrpcService.java:195)
	at org.apache.ratis.server.impl.LeaderElection.lambda$submitRequests$1(LeaderElection.java:237)
	at java.util.concurrent.FutureTask.run(FutureTask.java:266)
	at java.util.concurrent.Executors$RunnableAdapter.call(Executors.java:511)
	at java.util.concurrent.FutureTask.run(FutureTask.java:266)
	at java.util.concurrent.ThreadPoolExecutor.runWorker(ThreadPoolExecutor.java:1149)
	at java.util.concurrent.ThreadPoolExecutor$Worker.run(ThreadPoolExecutor.java:624)
	... 1 more
Caused by: org.apache.ratis.thirdparty.io.netty.channel.AbstractChannel$AnnotatedConnectException: Connection refused: /192.168.69.122:36608
	at sun.nio.ch.SocketChannelImpl.checkConnect(Native Method)
	at sun.nio.ch.SocketChannelImpl.finishConnect(SocketChannelImpl.java:717)
	at org.apache.ratis.thirdparty.io.netty.channel.socket.nio.NioSocketChannel.doFinishConnect(NioSocketChannel.java:327)
	at org.apache.ratis.thirdparty.io.netty.channel.nio.AbstractNioChannel$AbstractNioUnsafe.finishConnect(AbstractNioChannel.java:340)
	at org.apache.ratis.thirdparty.io.netty.channel.nio.NioEventLoop.processSelectedKey(NioEventLoop.java:632)
	at org.apache.ratis.thirdparty.io.netty.channel.nio.NioEventLoop.processSelectedKeysOptimized(NioEventLoop.java:579)
	at org.apache.ratis.thirdparty.io.netty.channel.nio.NioEventLoop.processSelectedKeys(NioEventLoop.java:496)
	at org.apache.ratis.thirdparty.io.netty.channel.nio.NioEventLoop.run(NioEventLoop.java:458)
	at org.apache.ratis.thirdparty.io.netty.util.concurrent.SingleThreadEventExecutor$5.run(SingleThreadEventExecutor.java:897)
	at org.apache.ratis.thirdparty.io.netty.util.concurrent.FastThreadLocalRunnable.run(FastThreadLocalRunnable.java:30)
	... 1 more
Caused by: java.net.ConnectException: Connection refused
	... 11 more
2019-07-13 19:23:40,148 INFO  impl.LeaderElection (LogUtils.java:infoOrTrace(149)) - de9e4c39-ff85-4d2d-9c33-705ce08d6b43:group-50EC5750B585:LeaderElection78 got exception when requesting votes: {}
java.util.concurrent.ExecutionException: org.apache.ratis.thirdparty.io.grpc.StatusRuntimeException: UNAVAILABLE: io exception
	at java.util.concurrent.FutureTask.report(FutureTask.java:122)
	at java.util.concurrent.FutureTask.get(FutureTask.java:192)
	at org.apache.ratis.server.impl.LeaderElection.waitForResults(LeaderElection.java:262)
	at org.apache.ratis.server.impl.LeaderElection.askForVotes(LeaderElection.java:200)
	at org.apache.ratis.server.impl.LeaderElection.run(LeaderElection.java:130)
	at java.lang.Thread.run(Thread.java:748)
Caused by: org.apache.ratis.thirdparty.io.grpc.StatusRuntimeException: UNAVAILABLE: io exception
	at org.apache.ratis.thirdparty.io.grpc.stub.ClientCalls.toStatusRuntimeException(ClientCalls.java:233)
	at org.apache.ratis.thirdparty.io.grpc.stub.ClientCalls.getUnchecked(ClientCalls.java:214)
	at org.apache.ratis.thirdparty.io.grpc.stub.ClientCalls.blockingUnaryCall(ClientCalls.java:139)
	at org.apache.ratis.proto.grpc.RaftServerProtocolServiceGrpc$RaftServerProtocolServiceBlockingStub.requestVote(RaftServerProtocolServiceGrpc.java:265)
	at org.apache.ratis.grpc.server.GrpcServerProtocolClient.requestVote(GrpcServerProtocolClient.java:83)
	at org.apache.ratis.grpc.server.GrpcService.requestVote(GrpcService.java:195)
	at org.apache.ratis.server.impl.LeaderElection.lambda$submitRequests$1(LeaderElection.java:237)
	at java.util.concurrent.FutureTask.run(FutureTask.java:266)
	at java.util.concurrent.Executors$RunnableAdapter.call(Executors.java:511)
	at java.util.concurrent.FutureTask.run(FutureTask.java:266)
	at java.util.concurrent.ThreadPoolExecutor.runWorker(ThreadPoolExecutor.java:1149)
	at java.util.concurrent.ThreadPoolExecutor$Worker.run(ThreadPoolExecutor.java:624)
	... 1 more
Caused by: org.apache.ratis.thirdparty.io.netty.channel.AbstractChannel$AnnotatedConnectException: Connection refused: /192.168.69.122:43340
	at sun.nio.ch.SocketChannelImpl.checkConnect(Native Method)
	at sun.nio.ch.SocketChannelImpl.finishConnect(SocketChannelImpl.java:717)
	at org.apache.ratis.thirdparty.io.netty.channel.socket.nio.NioSocketChannel.doFinishConnect(NioSocketChannel.java:327)
	at org.apache.ratis.thirdparty.io.netty.channel.nio.AbstractNioChannel$AbstractNioUnsafe.finishConnect(AbstractNioChannel.java:340)
	at org.apache.ratis.thirdparty.io.netty.channel.nio.NioEventLoop.processSelectedKey(NioEventLoop.java:632)
	at org.apache.ratis.thirdparty.io.netty.channel.nio.NioEventLoop.processSelectedKeysOptimized(NioEventLoop.java:579)
	at org.apache.ratis.thirdparty.io.netty.channel.nio.NioEventLoop.processSelectedKeys(NioEventLoop.java:496)
	at org.apache.ratis.thirdparty.io.netty.channel.nio.NioEventLoop.run(NioEventLoop.java:458)
	at org.apache.ratis.thirdparty.io.netty.util.concurrent.SingleThreadEventExecutor$5.run(SingleThreadEventExecutor.java:897)
	at org.apache.ratis.thirdparty.io.netty.util.concurrent.FastThreadLocalRunnable.run(FastThreadLocalRunnable.java:30)
	... 1 more
Caused by: java.net.ConnectException: Connection refused
	... 11 more
2019-07-13 19:23:40,149 INFO  impl.LeaderElection (LeaderElection.java:logAndReturn(56)) - de9e4c39-ff85-4d2d-9c33-705ce08d6b43:group-50EC5750B585:LeaderElection78: Election REJECTED; received 0 response(s) [] and 2 exception(s); de9e4c39-ff85-4d2d-9c33-705ce08d6b43:t3, leader=null, voted=de9e4c39-ff85-4d2d-9c33-705ce08d6b43, raftlog=de9e4c39-ff85-4d2d-9c33-705ce08d6b43-SegmentedRaftLog:OPENED:c14,f14,i14, conf=0: [6a4f42d8-2d8e-44e9-b53f-1e19ed7896af:192.168.69.122:36608, 30386d35-0be0-4422-8a64-413b8a43814a:192.168.69.122:43340, de9e4c39-ff85-4d2d-9c33-705ce08d6b43:192.168.69.122:38094], old=null
2019-07-13 19:23:40,150 INFO  impl.LeaderElection (LogUtils.java:infoOrTrace(149)) -   Exception 0: {}
java.util.concurrent.ExecutionException: org.apache.ratis.thirdparty.io.grpc.StatusRuntimeException: UNAVAILABLE: io exception
	at java.util.concurrent.FutureTask.report(FutureTask.java:122)
	at java.util.concurrent.FutureTask.get(FutureTask.java:192)
	at org.apache.ratis.server.impl.LeaderElection.waitForResults(LeaderElection.java:262)
	at org.apache.ratis.server.impl.LeaderElection.askForVotes(LeaderElection.java:200)
	at org.apache.ratis.server.impl.LeaderElection.run(LeaderElection.java:130)
	at java.lang.Thread.run(Thread.java:748)
Caused by: org.apache.ratis.thirdparty.io.grpc.StatusRuntimeException: UNAVAILABLE: io exception
	at org.apache.ratis.thirdparty.io.grpc.stub.ClientCalls.toStatusRuntimeException(ClientCalls.java:233)
	at org.apache.ratis.thirdparty.io.grpc.stub.ClientCalls.getUnchecked(ClientCalls.java:214)
	at org.apache.ratis.thirdparty.io.grpc.stub.ClientCalls.blockingUnaryCall(ClientCalls.java:139)
	at org.apache.ratis.proto.grpc.RaftServerProtocolServiceGrpc$RaftServerProtocolServiceBlockingStub.requestVote(RaftServerProtocolServiceGrpc.java:265)
	at org.apache.ratis.grpc.server.GrpcServerProtocolClient.requestVote(GrpcServerProtocolClient.java:83)
	at org.apache.ratis.grpc.server.GrpcService.requestVote(GrpcService.java:195)
	at org.apache.ratis.server.impl.LeaderElection.lambda$submitRequests$1(LeaderElection.java:237)
	at java.util.concurrent.FutureTask.run(FutureTask.java:266)
	at java.util.concurrent.Executors$RunnableAdapter.call(Executors.java:511)
	at java.util.concurrent.FutureTask.run(FutureTask.java:266)
	at java.util.concurrent.ThreadPoolExecutor.runWorker(ThreadPoolExecutor.java:1149)
	at java.util.concurrent.ThreadPoolExecutor$Worker.run(ThreadPoolExecutor.java:624)
	... 1 more
Caused by: org.apache.ratis.thirdparty.io.netty.channel.AbstractChannel$AnnotatedConnectException: Connection refused: /192.168.69.122:36608
	at sun.nio.ch.SocketChannelImpl.checkConnect(Native Method)
	at sun.nio.ch.SocketChannelImpl.finishConnect(SocketChannelImpl.java:717)
	at org.apache.ratis.thirdparty.io.netty.channel.socket.nio.NioSocketChannel.doFinishConnect(NioSocketChannel.java:327)
	at org.apache.ratis.thirdparty.io.netty.channel.nio.AbstractNioChannel$AbstractNioUnsafe.finishConnect(AbstractNioChannel.java:340)
	at org.apache.ratis.thirdparty.io.netty.channel.nio.NioEventLoop.processSelectedKey(NioEventLoop.java:632)
	at org.apache.ratis.thirdparty.io.netty.channel.nio.NioEventLoop.processSelectedKeysOptimized(NioEventLoop.java:579)
	at org.apache.ratis.thirdparty.io.netty.channel.nio.NioEventLoop.processSelectedKeys(NioEventLoop.java:496)
	at org.apache.ratis.thirdparty.io.netty.channel.nio.NioEventLoop.run(NioEventLoop.java:458)
	at org.apache.ratis.thirdparty.io.netty.util.concurrent.SingleThreadEventExecutor$5.run(SingleThreadEventExecutor.java:897)
	at org.apache.ratis.thirdparty.io.netty.util.concurrent.FastThreadLocalRunnable.run(FastThreadLocalRunnable.java:30)
	... 1 more
Caused by: java.net.ConnectException: Connection refused
	... 11 more
2019-07-13 19:23:40,150 INFO  impl.LeaderElection (LogUtils.java:infoOrTrace(149)) -   Exception 1: {}
java.util.concurrent.ExecutionException: org.apache.ratis.thirdparty.io.grpc.StatusRuntimeException: UNAVAILABLE: io exception
	at java.util.concurrent.FutureTask.report(FutureTask.java:122)
	at java.util.concurrent.FutureTask.get(FutureTask.java:192)
	at org.apache.ratis.server.impl.LeaderElection.waitForResults(LeaderElection.java:262)
	at org.apache.ratis.server.impl.LeaderElection.askForVotes(LeaderElection.java:200)
	at org.apache.ratis.server.impl.LeaderElection.run(LeaderElection.java:130)
	at java.lang.Thread.run(Thread.java:748)
Caused by: org.apache.ratis.thirdparty.io.grpc.StatusRuntimeException: UNAVAILABLE: io exception
	at org.apache.ratis.thirdparty.io.grpc.stub.ClientCalls.toStatusRuntimeException(ClientCalls.java:233)
	at org.apache.ratis.thirdparty.io.grpc.stub.ClientCalls.getUnchecked(ClientCalls.java:214)
	at org.apache.ratis.thirdparty.io.grpc.stub.ClientCalls.blockingUnaryCall(ClientCalls.java:139)
	at org.apache.ratis.proto.grpc.RaftServerProtocolServiceGrpc$RaftServerProtocolServiceBlockingStub.requestVote(RaftServerProtocolServiceGrpc.java:265)
	at org.apache.ratis.grpc.server.GrpcServerProtocolClient.requestVote(GrpcServerProtocolClient.java:83)
	at org.apache.ratis.grpc.server.GrpcService.requestVote(GrpcService.java:195)
	at org.apache.ratis.server.impl.LeaderElection.lambda$submitRequests$1(LeaderElection.java:237)
	at java.util.concurrent.FutureTask.run(FutureTask.java:266)
	at java.util.concurrent.Executors$RunnableAdapter.call(Executors.java:511)
	at java.util.concurrent.FutureTask.run(FutureTask.java:266)
	at java.util.concurrent.ThreadPoolExecutor.runWorker(ThreadPoolExecutor.java:1149)
	at java.util.concurrent.ThreadPoolExecutor$Worker.run(ThreadPoolExecutor.java:624)
	... 1 more
Caused by: org.apache.ratis.thirdparty.io.netty.channel.AbstractChannel$AnnotatedConnectException: Connection refused: /192.168.69.122:43340
	at sun.nio.ch.SocketChannelImpl.checkConnect(Native Method)
	at sun.nio.ch.SocketChannelImpl.finishConnect(SocketChannelImpl.java:717)
	at org.apache.ratis.thirdparty.io.netty.channel.socket.nio.NioSocketChannel.doFinishConnect(NioSocketChannel.java:327)
	at org.apache.ratis.thirdparty.io.netty.channel.nio.AbstractNioChannel$AbstractNioUnsafe.finishConnect(AbstractNioChannel.java:340)
	at org.apache.ratis.thirdparty.io.netty.channel.nio.NioEventLoop.processSelectedKey(NioEventLoop.java:632)
	at org.apache.ratis.thirdparty.io.netty.channel.nio.NioEventLoop.processSelectedKeysOptimized(NioEventLoop.java:579)
	at org.apache.ratis.thirdparty.io.netty.channel.nio.NioEventLoop.processSelectedKeys(NioEventLoop.java:496)
	at org.apache.ratis.thirdparty.io.netty.channel.nio.NioEventLoop.run(NioEventLoop.java:458)
	at org.apache.ratis.thirdparty.io.netty.util.concurrent.SingleThreadEventExecutor$5.run(SingleThreadEventExecutor.java:897)
	at org.apache.ratis.thirdparty.io.netty.util.concurrent.FastThreadLocalRunnable.run(FastThreadLocalRunnable.java:30)
	... 1 more
Caused by: java.net.ConnectException: Connection refused
	... 11 more
2019-07-13 19:23:40,150 INFO  impl.RaftServerImpl (RaftServerImpl.java:setRole(171)) - de9e4c39-ff85-4d2d-9c33-705ce08d6b43:group-50EC5750B585 changes role from CANDIDATE to FOLLOWER at term 3 for DISCOVERED_A_NEW_TERM
2019-07-13 19:23:40,150 INFO  impl.RoleInfo (RoleInfo.java:shutdownLeaderElection(134)) - de9e4c39-ff85-4d2d-9c33-705ce08d6b43: shutdown LeaderElection
2019-07-13 19:23:40,150 INFO  impl.RoleInfo (RoleInfo.java:updateAndGet(143)) - de9e4c39-ff85-4d2d-9c33-705ce08d6b43: start FollowerState
2019-07-13 19:23:42,004 INFO  node.StaleNodeHandler (StaleNodeHandler.java:onMessage(58)) - Datanode de9e4c39-ff85-4d2d-9c33-705ce08d6b43{ip: 192.168.69.122, host: trunk-nightly-fxqsz-774976932, networkLocation: /default-rack, certSerialId: null} moved to stale state. Finalizing its pipelines [PipelineID=35e47b4d-2f48-449c-9e65-50ec5750b585, PipelineID=169455e6-3245-420f-ac11-dcae14c9cdd0]
2019-07-13 19:23:42,004 INFO  pipeline.SCMPipelineManager (SCMPipelineManager.java:finalizeAndDestroyPipeline(309)) - destroying pipeline:Pipeline[ Id: 35e47b4d-2f48-449c-9e65-50ec5750b585, Nodes: 6a4f42d8-2d8e-44e9-b53f-1e19ed7896af{ip: 192.168.69.122, host: trunk-nightly-fxqsz-774976932, networkLocation: /default-rack, certSerialId: null}30386d35-0be0-4422-8a64-413b8a43814a{ip: 192.168.69.122, host: trunk-nightly-fxqsz-774976932, networkLocation: /default-rack, certSerialId: null}de9e4c39-ff85-4d2d-9c33-705ce08d6b43{ip: 192.168.69.122, host: trunk-nightly-fxqsz-774976932, networkLocation: /default-rack, certSerialId: null}, Type:RATIS, Factor:THREE, State:CLOSED]
2019-07-13 19:23:42,005 INFO  pipeline.SCMPipelineManager (SCMPipelineManager.java:finalizeAndDestroyPipeline(309)) - destroying pipeline:Pipeline[ Id: 169455e6-3245-420f-ac11-dcae14c9cdd0, Nodes: de9e4c39-ff85-4d2d-9c33-705ce08d6b43{ip: 192.168.69.122, host: trunk-nightly-fxqsz-774976932, networkLocation: /default-rack, certSerialId: null}, Type:RATIS, Factor:ONE, State:OPEN]
2019-07-13 19:23:42,005 INFO  pipeline.PipelineStateManager (PipelineStateManager.java:finalizePipeline(123)) - Pipeline Pipeline[ Id: 169455e6-3245-420f-ac11-dcae14c9cdd0, Nodes: de9e4c39-ff85-4d2d-9c33-705ce08d6b43{ip: 192.168.69.122, host: trunk-nightly-fxqsz-774976932, networkLocation: /default-rack, certSerialId: null}, Type:RATIS, Factor:ONE, State:CLOSED] moved to CLOSED state
2019-07-13 19:23:42,330 INFO  ozoneimpl.OzoneContainer (OzoneContainer.java:stop(199)) - Attempting to stop container services.
2019-07-13 19:23:42,330 INFO  impl.RaftServerProxy (RaftServerProxy.java:lambda$close$4(314)) - de9e4c39-ff85-4d2d-9c33-705ce08d6b43: close
2019-07-13 19:23:42,331 INFO  impl.RaftServerImpl (RaftServerImpl.java:lambda$shutdown$3(245)) - de9e4c39-ff85-4d2d-9c33-705ce08d6b43: shutdown group-50EC5750B585
2019-07-13 19:23:42,331 INFO  impl.RaftServerImpl (RaftServerImpl.java:lambda$shutdown$3(245)) - de9e4c39-ff85-4d2d-9c33-705ce08d6b43: shutdown group-DCAE14C9CDD0
2019-07-13 19:23:42,332 INFO  util.JmxRegister (JmxRegister.java:unregister(73)) - Successfully un-registered JMX Bean with object name Ratis:service=RaftServer,group=group-50EC5750B585,id=de9e4c39-ff85-4d2d-9c33-705ce08d6b43
2019-07-13 19:23:42,332 INFO  util.JmxRegister (JmxRegister.java:unregister(73)) - Successfully un-registered JMX Bean with object name Ratis:service=RaftServer,group=group-DCAE14C9CDD0,id=de9e4c39-ff85-4d2d-9c33-705ce08d6b43
2019-07-13 19:23:42,332 INFO  impl.RoleInfo (RoleInfo.java:shutdownFollowerState(121)) - de9e4c39-ff85-4d2d-9c33-705ce08d6b43: shutdown FollowerState
2019-07-13 19:23:42,333 INFO  impl.StateMachineUpdater (StateMachineUpdater.java:stopAndJoin(115)) - StateMachineUpdater:de9e4c39-ff85-4d2d-9c33-705ce08d6b43:group-50EC5750B585: set stopIndex = 14
2019-07-13 19:23:42,333 INFO  impl.RoleInfo (RoleInfo.java:shutdownLeaderState(104)) - de9e4c39-ff85-4d2d-9c33-705ce08d6b43: shutdown LeaderState
2019-07-13 19:23:42,333 INFO  impl.FollowerState (FollowerState.java:run(114)) - de9e4c39-ff85-4d2d-9c33-705ce08d6b43: FollowerState was interrupted: java.lang.InterruptedException: sleep interrupted
2019-07-13 19:23:42,333 INFO  ratis.ContainerStateMachine (ContainerStateMachine.java:takeSnapshot(246)) - Taking snapshot at termIndex:(t:1, i:11)
2019-07-13 19:23:42,336 INFO  ratis.ContainerStateMachine (ContainerStateMachine.java:takeSnapshot(250)) - Taking a snapshot to file /tmp/workdir/hadoop-ozone/integration-test/target/test-dir/MiniOzoneClusterImpl-659b5396-75a0-48b6-93f6-4f91963722a5/datanode-5/data/ratis/35e47b4d-2f48-449c-9e65-50ec5750b585/sm/snapshot.1_11
2019-07-13 19:23:42,334 INFO  impl.PendingRequests (PendingRequests.java:sendNotLeaderResponses(202)) - de9e4c39-ff85-4d2d-9c33-705ce08d6b43-PendingRequests: sendNotLeaderResponses
2019-07-13 19:23:42,336 INFO  impl.StateMachineUpdater (StateMachineUpdater.java:stopAndJoin(115)) - StateMachineUpdater:de9e4c39-ff85-4d2d-9c33-705ce08d6b43:group-DCAE14C9CDD0: set stopIndex = 0
2019-07-13 19:23:42,336 INFO  ratis.ContainerStateMachine (ContainerStateMachine.java:takeSnapshot(246)) - Taking snapshot at termIndex:(t:0, i:~)
2019-07-13 19:23:42,336 INFO  impl.StateMachineUpdater (StateMachineUpdater.java:takeSnapshot(242)) - StateMachineUpdater:de9e4c39-ff85-4d2d-9c33-705ce08d6b43:group-50EC5750B585: Took a snapshot at index 11
2019-07-13 19:23:42,337 INFO  impl.RaftServerImpl (ServerState.java:close(394)) - de9e4c39-ff85-4d2d-9c33-705ce08d6b43:group-DCAE14C9CDD0 closes. The last applied log index is 0
2019-07-13 19:23:42,337 INFO  impl.StateMachineUpdater (StateMachineUpdater.java:lambda$new$0(80)) - StateMachineUpdater:de9e4c39-ff85-4d2d-9c33-705ce08d6b43:group-50EC5750B585: snapshotIndex: updateIncreasingly -1 -> 11
2019-07-13 19:23:42,337 INFO  segmented.SegmentedRaftLogWorker (SegmentedRaftLogWorker.java:run(313)) - de9e4c39-ff85-4d2d-9c33-705ce08d6b43-SegmentedRaftLogWorker:Storage Directory /tmp/workdir/hadoop-ozone/integration-test/target/test-dir/MiniOzoneClusterImpl-659b5396-75a0-48b6-93f6-4f91963722a5/datanode-5/data/ratis/169455e6-3245-420f-ac11-dcae14c9cdd0 was interrupted, exiting. There are 0 tasks remaining in the queue.
2019-07-13 19:23:42,337 INFO  impl.RaftServerImpl (ServerState.java:close(394)) - de9e4c39-ff85-4d2d-9c33-705ce08d6b43:group-50EC5750B585 closes. The last applied log index is 14
2019-07-13 19:23:42,338 INFO  segmented.SegmentedRaftLogWorker (SegmentedRaftLogWorker.java:close(228)) - de9e4c39-ff85-4d2d-9c33-705ce08d6b43-SegmentedRaftLogWorker:Storage Directory /tmp/workdir/hadoop-ozone/integration-test/target/test-dir/MiniOzoneClusterImpl-659b5396-75a0-48b6-93f6-4f91963722a5/datanode-5/data/ratis/169455e6-3245-420f-ac11-dcae14c9cdd0 close()
2019-07-13 19:23:42,339 INFO  segmented.SegmentedRaftLogWorker (SegmentedRaftLogWorker.java:run(313)) - de9e4c39-ff85-4d2d-9c33-705ce08d6b43-SegmentedRaftLogWorker:Storage Directory /tmp/workdir/hadoop-ozone/integration-test/target/test-dir/MiniOzoneClusterImpl-659b5396-75a0-48b6-93f6-4f91963722a5/datanode-5/data/ratis/35e47b4d-2f48-449c-9e65-50ec5750b585 was interrupted, exiting. There are 0 tasks remaining in the queue.
2019-07-13 19:23:42,341 INFO  segmented.SegmentedRaftLogWorker (SegmentedRaftLogWorker.java:close(228)) - de9e4c39-ff85-4d2d-9c33-705ce08d6b43-SegmentedRaftLogWorker:Storage Directory /tmp/workdir/hadoop-ozone/integration-test/target/test-dir/MiniOzoneClusterImpl-659b5396-75a0-48b6-93f6-4f91963722a5/datanode-5/data/ratis/35e47b4d-2f48-449c-9e65-50ec5750b585 close()
2019-07-13 19:23:42,343 INFO  server.GrpcService (GrpcService.java:closeImpl(155)) - de9e4c39-ff85-4d2d-9c33-705ce08d6b43: shutdown server with port 38094 now
2019-07-13 19:23:42,344 INFO  server.GrpcService (GrpcService.java:closeImpl(163)) - de9e4c39-ff85-4d2d-9c33-705ce08d6b43: shutdown server with port 38094 successfully
2019-07-13 19:23:42,347 INFO  utils.BackgroundService (BackgroundService.java:shutdown(148)) - Shutting down service BlockDeletingService
2019-07-13 19:23:42,349 WARN  fs.CachingGetSpaceUsed (CachingGetSpaceUsed.java:run(183)) - Thread Interrupted waiting to refresh disk information: sleep interrupted
2019-07-13 19:23:42,364 INFO  statemachine.DatanodeStateMachine (DatanodeStateMachine.java:stopDaemon(395)) - Ozone container server stopped.
2019-07-13 19:23:42,376 INFO  handler.ContextHandler (ContextHandler.java:doStop(910)) - Stopped o.e.j.w.WebAppContext@5aeb2c8a{/,null,UNAVAILABLE}{/hddsDatanode}
2019-07-13 19:23:42,377 INFO  server.AbstractConnector (AbstractConnector.java:doStop(318)) - Stopped ServerConnector@962e03a{HTTP/1.1,[http/1.1]}{0.0.0.0:0}
2019-07-13 19:23:42,377 INFO  handler.ContextHandler (ContextHandler.java:doStop(910)) - Stopped o.e.j.s.ServletContextHandler@216a3aba{/static,jar:file:/home/user/.m2/repository/org/apache/hadoop/hadoop-hdds-container-service/0.5.0-SNAPSHOT/hadoop-hdds-container-service-0.5.0-SNAPSHOT.jar!/webapps/static,UNAVAILABLE}
2019-07-13 19:23:42,378 INFO  handler.ContextHandler (ContextHandler.java:doStop(910)) - Stopped o.e.j.s.ServletContextHandler@10014459{/logs,file:///tmp/workdir/hadoop-ozone/integration-test/target/log,UNAVAILABLE}
2019-07-13 19:23:42,379 INFO  ozone.MiniOzoneClusterImpl (MiniOzoneClusterImpl.java:stop(353)) - Stopping the StorageContainerManager
2019-07-13 19:23:42,379 INFO  server.StorageContainerManager (StorageContainerManager.java:stop(796)) - Stopping Replication Manager Service.
2019-07-13 19:23:42,379 INFO  container.ReplicationManager (ReplicationManager.java:stop(187)) - Stopping Replication Monitor Thread.
2019-07-13 19:23:42,379 INFO  server.StorageContainerManager (StorageContainerManager.java:stop(803)) - Stopping Lease Manager of the command watchers
2019-07-13 19:23:42,379 INFO  server.StorageContainerManager (StorageContainerManager.java:stop(810)) - Stopping datanode service RPC server
2019-07-13 19:23:42,380 INFO  server.SCMDatanodeProtocolServer (SCMDatanodeProtocolServer.java:stop(375)) - Stopping the RPC server for DataNodes
2019-07-13 19:23:42,380 INFO  ipc.Server (Server.java:stop(3082)) - Stopping server on 46335
2019-07-13 19:23:42,382 INFO  ipc.Server (Server.java:run(1185)) - Stopping IPC Server listener on 46335
2019-07-13 19:23:42,382 INFO  ipc.Server (Server.java:run(1319)) - Stopping IPC Server Responder
2019-07-13 19:23:42,404 WARN  node.NodeStateManager (NodeStateManager.java:scheduleNextHealthCheck(631)) - Current Thread is interrupted, shutting down HB processing thread for Node Manager.
2019-07-13 19:23:42,405 INFO  server.StorageContainerManager (StorageContainerManager.java:stop(818)) - Stopping block service RPC server
2019-07-13 19:23:42,405 INFO  server.SCMBlockProtocolServer (SCMBlockProtocolServer.java:stop(148)) - Stopping the RPC server for Block Protocol
2019-07-13 19:23:42,405 INFO  ipc.Server (Server.java:stop(3082)) - Stopping server on 41725
2019-07-13 19:23:42,407 INFO  ipc.Server (Server.java:run(1185)) - Stopping IPC Server listener on 41725
2019-07-13 19:23:42,407 INFO  server.StorageContainerManager (StorageContainerManager.java:stop(825)) - Stopping the StorageContainerLocationProtocol RPC server
2019-07-13 19:23:42,408 INFO  server.SCMClientProtocolServer (SCMClientProtocolServer.java:stop(157)) - Stopping the RPC server for Client Protocol
2019-07-13 19:23:42,408 INFO  ipc.Server (Server.java:stop(3082)) - Stopping server on 44417
2019-07-13 19:23:42,407 INFO  ipc.Server (Server.java:run(1319)) - Stopping IPC Server Responder
2019-07-13 19:23:42,410 INFO  ipc.Server (Server.java:run(1185)) - Stopping IPC Server listener on 44417
2019-07-13 19:23:42,413 INFO  server.StorageContainerManager (StorageContainerManager.java:stop(832)) - Stopping Storage Container Manager HTTP server.
2019-07-13 19:23:42,414 INFO  ipc.Server (Server.java:run(1319)) - Stopping IPC Server Responder
2019-07-13 19:23:42,414 INFO  handler.ContextHandler (ContextHandler.java:doStop(910)) - Stopped o.e.j.w.WebAppContext@2ca8bd50{/,null,UNAVAILABLE}{/scm}
2019-07-13 19:23:42,415 INFO  server.AbstractConnector (AbstractConnector.java:doStop(318)) - Stopped ServerConnector@47db5b8f{HTTP/1.1,[http/1.1]}{0.0.0.0:0}
2019-07-13 19:23:42,415 INFO  handler.ContextHandler (ContextHandler.java:doStop(910)) - Stopped o.e.j.s.ServletContextHandler@7225583d{/static,file:///tmp/workdir/hadoop-ozone/integration-test/target/test-classes/webapps/static,UNAVAILABLE}
2019-07-13 19:23:42,416 INFO  handler.ContextHandler (ContextHandler.java:doStop(910)) - Stopped o.e.j.s.ServletContextHandler@76958827{/logs,file:///tmp/workdir/hadoop-ozone/integration-test/target/log,UNAVAILABLE}
2019-07-13 19:23:42,417 INFO  server.StorageContainerManager (StorageContainerManager.java:stop(843)) - Stopping Block Manager Service.
2019-07-13 19:23:42,417 INFO  utils.BackgroundService (BackgroundService.java:shutdown(148)) - Shutting down service SCMBlockDeletingService
2019-07-13 19:23:42,417 INFO  utils.BackgroundService (BackgroundService.java:shutdown(148)) - Shutting down service SCMBlockDeletingService
2019-07-13 19:23:42,418 INFO  server.StorageContainerManager (StorageContainerManager.java:stop(865)) - Stopping SCM Event Queue.
2019-07-13 19:23:42,432 INFO  impl.MetricsSystemImpl (MetricsSystemImpl.java:stop(210)) - Stopping HddsDatanode metrics system...
2019-07-13 19:23:42,440 INFO  impl.MetricsSystemImpl (MetricsSystemImpl.java:stop(216)) - HddsDatanode metrics system stopped.
]]></system-out>
    <system-err><![CDATA[Jul 13, 2019 7:23:09 PM com.sun.jersey.server.impl.application.WebApplicationImpl _initiate
INFO: Initiating Jersey application, version 'Jersey: 1.19 02/11/2015 03:25 AM'
Jul 13, 2019 7:23:09 PM com.sun.jersey.server.impl.application.WebApplicationImpl _initiate
INFO: Initiating Jersey application, version 'Jersey: 1.19 02/11/2015 03:25 AM'
Jul 13, 2019 7:23:10 PM com.sun.jersey.server.impl.application.WebApplicationImpl _initiate
INFO: Initiating Jersey application, version 'Jersey: 1.19 02/11/2015 03:25 AM'
Jul 13, 2019 7:23:10 PM com.sun.jersey.server.impl.application.WebApplicationImpl _initiate
INFO: Initiating Jersey application, version 'Jersey: 1.19 02/11/2015 03:25 AM'
Jul 13, 2019 7:23:10 PM com.sun.jersey.server.impl.application.WebApplicationImpl _initiate
INFO: Initiating Jersey application, version 'Jersey: 1.19 02/11/2015 03:25 AM'
Jul 13, 2019 7:23:10 PM com.sun.jersey.server.impl.application.WebApplicationImpl _initiate
INFO: Initiating Jersey application, version 'Jersey: 1.19 02/11/2015 03:25 AM'
Jul 13, 2019 7:23:10 PM com.sun.jersey.server.impl.application.WebApplicationImpl _initiate
INFO: Initiating Jersey application, version 'Jersey: 1.19 02/11/2015 03:25 AM'
Jul 13, 2019 7:23:13 PM org.apache.ratis.thirdparty.io.grpc.internal.ManagedChannelOrphanWrapper$ManagedChannelReference cleanQueue
SEVERE: *~*~*~ Channel ManagedChannelImpl{logId=2768, target=192.168.69.122:35072} was not shutdown properly!!! ~*~*~*
    Make sure to call shutdown()/shutdownNow() and wait until awaitTermination() returns true.
java.lang.RuntimeException: ManagedChannel allocation site
	at org.apache.ratis.thirdparty.io.grpc.internal.ManagedChannelOrphanWrapper$ManagedChannelReference.<init>(ManagedChannelOrphanWrapper.java:103)
	at org.apache.ratis.thirdparty.io.grpc.internal.ManagedChannelOrphanWrapper.<init>(ManagedChannelOrphanWrapper.java:53)
	at org.apache.ratis.thirdparty.io.grpc.internal.ManagedChannelOrphanWrapper.<init>(ManagedChannelOrphanWrapper.java:44)
	at org.apache.ratis.thirdparty.io.grpc.internal.AbstractManagedChannelImplBuilder.build(AbstractManagedChannelImplBuilder.java:411)
	at org.apache.ratis.grpc.client.GrpcClientProtocolClient.<init>(GrpcClientProtocolClient.java:119)
	at org.apache.ratis.grpc.client.GrpcClientRpc.lambda$new$0(GrpcClientRpc.java:55)
	at org.apache.ratis.util.PeerProxyMap$PeerAndProxy.lambda$getProxy$0(PeerProxyMap.java:61)
	at org.apache.ratis.util.LifeCycle.startAndTransition(LifeCycle.java:202)
	at org.apache.ratis.util.PeerProxyMap$PeerAndProxy.getProxy(PeerProxyMap.java:60)
	at org.apache.ratis.util.PeerProxyMap.getProxy(PeerProxyMap.java:107)
	at org.apache.ratis.grpc.client.GrpcClientRpc.sendRequestAsync(GrpcClientRpc.java:66)
	at org.apache.ratis.client.impl.OrderedAsync.sendRequest(OrderedAsync.java:208)
	at org.apache.ratis.client.impl.OrderedAsync.sendRequestWithRetry(OrderedAsync.java:169)
	at org.apache.ratis.util.SlidingWindow$Client.sendOrDelayRequest(SlidingWindow.java:278)
	at org.apache.ratis.util.SlidingWindow$Client.retry(SlidingWindow.java:294)
	at org.apache.ratis.client.impl.OrderedAsync.lambda$scheduleWithTimeout$7(OrderedAsync.java:195)
	at org.apache.ratis.util.TimeoutScheduler.lambda$onTimeout$0(TimeoutScheduler.java:85)
	at org.apache.ratis.util.TimeoutScheduler.lambda$onTimeout$1(TimeoutScheduler.java:104)
	at org.apache.ratis.util.LogUtils.runAndLog(LogUtils.java:50)
	at org.apache.ratis.util.LogUtils$1.run(LogUtils.java:91)
	at java.util.concurrent.Executors$RunnableAdapter.call(Executors.java:511)
	at java.util.concurrent.FutureTask.run(FutureTask.java:266)
	at java.util.concurrent.ScheduledThreadPoolExecutor$ScheduledFutureTask.access$201(ScheduledThreadPoolExecutor.java:180)
	at java.util.concurrent.ScheduledThreadPoolExecutor$ScheduledFutureTask.run(ScheduledThreadPoolExecutor.java:293)
	at java.util.concurrent.ThreadPoolExecutor.runWorker(ThreadPoolExecutor.java:1149)
	at java.util.concurrent.ThreadPoolExecutor$Worker.run(ThreadPoolExecutor.java:624)
	at java.lang.Thread.run(Thread.java:748)

]]></system-err>
  </testcase>
  <testcase name="testWatchForCommitWithCloseContainerException" classname="org.apache.hadoop.ozone.client.rpc.TestBlockOutputStreamWithFailures" time="34.535">
    <error type="java.lang.IllegalArgumentException">java.lang.IllegalArgumentException
	at com.google.common.base.Preconditions.checkArgument(Preconditions.java:72)
	at org.apache.hadoop.hdds.scm.XceiverClientManager.acquireClient(XceiverClientManager.java:150)
	at org.apache.hadoop.hdds.scm.XceiverClientManager.acquireClientForReadData(XceiverClientManager.java:143)
	at org.apache.hadoop.hdds.scm.storage.BlockInputStream.getChunkInfos(BlockInputStream.java:154)
	at org.apache.hadoop.hdds.scm.storage.BlockInputStream.initialize(BlockInputStream.java:118)
	at org.apache.hadoop.hdds.scm.storage.BlockInputStream.read(BlockInputStream.java:222)
	at org.apache.hadoop.ozone.client.io.KeyInputStream.read(KeyInputStream.java:171)
	at org.apache.hadoop.ozone.client.io.OzoneInputStream.read(OzoneInputStream.java:47)
	at java.io.InputStream.read(InputStream.java:101)
	at org.apache.hadoop.ozone.container.ContainerTestHelper.validateData(ContainerTestHelper.java:709)
	at org.apache.hadoop.ozone.client.rpc.TestBlockOutputStreamWithFailures.validateData(TestBlockOutputStreamWithFailures.java:1212)
	at org.apache.hadoop.ozone.client.rpc.TestBlockOutputStreamWithFailures.testWatchForCommitWithCloseContainerException(TestBlockOutputStreamWithFailures.java:260)
	at sun.reflect.NativeMethodAccessorImpl.invoke0(Native Method)
	at sun.reflect.NativeMethodAccessorImpl.invoke(NativeMethodAccessorImpl.java:62)
	at sun.reflect.DelegatingMethodAccessorImpl.invoke(DelegatingMethodAccessorImpl.java:43)
	at java.lang.reflect.Method.invoke(Method.java:498)
	at org.junit.runners.model.FrameworkMethod$1.runReflectiveCall(FrameworkMethod.java:47)
	at org.junit.internal.runners.model.ReflectiveCallable.run(ReflectiveCallable.java:12)
	at org.junit.runners.model.FrameworkMethod.invokeExplosively(FrameworkMethod.java:44)
	at org.junit.internal.runners.statements.InvokeMethod.evaluate(InvokeMethod.java:17)
	at org.junit.internal.runners.statements.RunBefores.evaluate(RunBefores.java:26)
	at org.junit.internal.runners.statements.RunAfters.evaluate(RunAfters.java:27)
	at org.junit.runners.ParentRunner.runLeaf(ParentRunner.java:271)
	at org.junit.runners.BlockJUnit4ClassRunner.runChild(BlockJUnit4ClassRunner.java:70)
	at org.junit.runners.BlockJUnit4ClassRunner.runChild(BlockJUnit4ClassRunner.java:50)
	at org.junit.runners.ParentRunner$3.run(ParentRunner.java:238)
	at org.junit.runners.ParentRunner$1.schedule(ParentRunner.java:63)
	at org.junit.runners.ParentRunner.runChildren(ParentRunner.java:236)
	at org.junit.runners.ParentRunner.access$000(ParentRunner.java:53)
	at org.junit.runners.ParentRunner$2.evaluate(ParentRunner.java:229)
	at org.junit.runners.ParentRunner.run(ParentRunner.java:309)
	at org.apache.maven.surefire.junit4.JUnit4Provider.execute(JUnit4Provider.java:365)
	at org.apache.maven.surefire.junit4.JUnit4Provider.executeWithRerun(JUnit4Provider.java:273)
	at org.apache.maven.surefire.junit4.JUnit4Provider.executeTestSet(JUnit4Provider.java:238)
	at org.apache.maven.surefire.junit4.JUnit4Provider.invoke(JUnit4Provider.java:159)
	at org.apache.maven.surefire.booter.ForkedBooter.invokeProviderInSameClassLoader(ForkedBooter.java:384)
	at org.apache.maven.surefire.booter.ForkedBooter.runSuitesInProcess(ForkedBooter.java:345)
	at org.apache.maven.surefire.booter.ForkedBooter.execute(ForkedBooter.java:126)
	at org.apache.maven.surefire.booter.ForkedBooter.main(ForkedBooter.java:418)
</error>
    <system-out><![CDATA[2019-07-13 19:23:42,489 WARN  server.ServerUtils (ServerUtils.java:getScmDbDir(145)) - ozone.scm.db.dirs is not configured. We recommend adding this setting. Falling back to ozone.metadata.dirs instead.
2019-07-13 19:23:42,504 WARN  server.ServerUtils (ServerUtils.java:getScmDbDir(145)) - ozone.scm.db.dirs is not configured. We recommend adding this setting. Falling back to ozone.metadata.dirs instead.
2019-07-13 19:23:42,505 WARN  server.ServerUtils (ServerUtils.java:getScmDbDir(145)) - ozone.scm.db.dirs is not configured. We recommend adding this setting. Falling back to ozone.metadata.dirs instead.
2019-07-13 19:23:42,505 INFO  db.DBStoreBuilder (DBStoreBuilder.java:addTable(110)) - using custom profile for table: deletedBlocks
2019-07-13 19:23:42,505 INFO  db.DBStoreBuilder (DBStoreBuilder.java:processTables(161)) - Using default column profile:DBProfile.DISK for Table:deletedBlocks
2019-07-13 19:23:42,506 INFO  db.DBStoreBuilder (DBStoreBuilder.java:addTable(110)) - using custom profile for table: validCerts
2019-07-13 19:23:42,506 INFO  db.DBStoreBuilder (DBStoreBuilder.java:processTables(161)) - Using default column profile:DBProfile.DISK for Table:validCerts
2019-07-13 19:23:42,506 INFO  db.DBStoreBuilder (DBStoreBuilder.java:addTable(110)) - using custom profile for table: revokedCerts
2019-07-13 19:23:42,506 INFO  db.DBStoreBuilder (DBStoreBuilder.java:processTables(161)) - Using default column profile:DBProfile.DISK for Table:revokedCerts
2019-07-13 19:23:42,507 INFO  db.DBStoreBuilder (DBStoreBuilder.java:addTable(110)) - using custom profile for table: default
2019-07-13 19:23:42,507 INFO  db.DBStoreBuilder (DBStoreBuilder.java:processTables(167)) - Using default column profile:DBProfile.DISK for Table:default
2019-07-13 19:23:42,507 INFO  db.DBStoreBuilder (DBStoreBuilder.java:getDbProfile(198)) - Using default options. DBProfile.DISK
2019-07-13 19:23:42,682 INFO  net.NodeSchemaLoader (NodeSchemaLoader.java:loadSchemaFromFile(125)) - Loading file from sun.misc.CompoundEnumeration@522fdf0c
2019-07-13 19:23:42,682 INFO  net.NodeSchemaLoader (NodeSchemaLoader.java:loadSchema(171)) - Loading network topology layer schema file
2019-07-13 19:23:42,687 INFO  node.SCMNodeManager (SCMNodeManager.java:<init>(119)) - Entering startup safe mode.
2019-07-13 19:23:42,688 WARN  server.ServerUtils (ServerUtils.java:getScmDbDir(145)) - ozone.scm.db.dirs is not configured. We recommend adding this setting. Falling back to ozone.metadata.dirs instead.
2019-07-13 19:23:42,736 INFO  pipeline.SCMPipelineManager (SCMPipelineManager.java:initializePipelineState(126)) - No pipeline exists in current db
2019-07-13 19:23:42,737 WARN  server.ServerUtils (ServerUtils.java:getScmDbDir(145)) - ozone.scm.db.dirs is not configured. We recommend adding this setting. Falling back to ozone.metadata.dirs instead.
2019-07-13 19:23:42,792 WARN  events.EventQueue (EventQueue.java:fireEvent(175)) - No event handler registered for event TypedEvent{payloadType=SafeModeStatus, name='SafeModeStatus'}
2019-07-13 19:23:42,792 INFO  ipc.CallQueueManager (CallQueueManager.java:<init>(84)) - Using callQueue: class java.util.concurrent.LinkedBlockingQueue, queueCapacity: 2000, scheduler: class org.apache.hadoop.ipc.DefaultRpcScheduler, ipcBackoff: false.
2019-07-13 19:23:42,793 INFO  ipc.Server (Server.java:run(1074)) - Starting Socket Reader #1 for port 36482
2019-07-13 19:23:42,796 INFO  ipc.CallQueueManager (CallQueueManager.java:<init>(84)) - Using callQueue: class java.util.concurrent.LinkedBlockingQueue, queueCapacity: 2000, scheduler: class org.apache.hadoop.ipc.DefaultRpcScheduler, ipcBackoff: false.
2019-07-13 19:23:42,796 INFO  ipc.Server (Server.java:run(1074)) - Starting Socket Reader #1 for port 34100
2019-07-13 19:23:42,798 INFO  ipc.CallQueueManager (CallQueueManager.java:<init>(84)) - Using callQueue: class java.util.concurrent.LinkedBlockingQueue, queueCapacity: 2000, scheduler: class org.apache.hadoop.ipc.DefaultRpcScheduler, ipcBackoff: false.
2019-07-13 19:23:42,799 INFO  ipc.Server (Server.java:run(1074)) - Starting Socket Reader #1 for port 42421
2019-07-13 19:23:42,802 INFO  hdfs.DFSUtil (DFSUtil.java:httpServerTemplateForNNAndJN(1641)) - Starting Web-server for scm at: http://0.0.0.0:0
2019-07-13 19:23:42,805 INFO  server.AuthenticationFilter (AuthenticationFilter.java:constructSecretProvider(240)) - Unable to initialize FileSignerSecretProvider, falling back to use random secrets.
2019-07-13 19:23:42,806 WARN  http.HttpRequestLog (HttpRequestLog.java:getRequestLog(97)) - Jetty request log can only be enabled using Log4j
2019-07-13 19:23:42,810 INFO  http.HttpServer2 (HttpServer2.java:addGlobalFilter(975)) - Added global filter 'safety' (class=org.apache.hadoop.http.HttpServer2$QuotingInputFilter)
2019-07-13 19:23:42,813 INFO  http.HttpServer2 (HttpServer2.java:addFilter(948)) - Added filter static_user_filter (class=org.apache.hadoop.http.lib.StaticUserWebFilter$StaticUserFilter) to context scm
2019-07-13 19:23:42,813 INFO  http.HttpServer2 (HttpServer2.java:addFilter(958)) - Added filter static_user_filter (class=org.apache.hadoop.http.lib.StaticUserWebFilter$StaticUserFilter) to context logs
2019-07-13 19:23:42,813 INFO  http.HttpServer2 (HttpServer2.java:addFilter(958)) - Added filter static_user_filter (class=org.apache.hadoop.http.lib.StaticUserWebFilter$StaticUserFilter) to context static
2019-07-13 19:23:42,816 INFO  server.StorageContainerManager (StorageContainerManager.java:start(759)) - StorageContainerLocationProtocol RPC server is listening at /0.0.0.0:42421
2019-07-13 19:23:42,823 WARN  impl.MetricsConfig (MetricsConfig.java:loadFirst(134)) - Cannot locate configuration: tried hadoop-metrics2-storagecontainermanager.properties,hadoop-metrics2.properties
2019-07-13 19:23:42,824 INFO  impl.MetricsSystemImpl (MetricsSystemImpl.java:startTimer(374)) - Scheduled Metric snapshot period at 10 second(s).
2019-07-13 19:23:42,824 INFO  impl.MetricsSystemImpl (MetricsSystemImpl.java:start(191)) - StorageContainerManager metrics system started
2019-07-13 19:23:42,884 INFO  server.SCMClientProtocolServer (SCMClientProtocolServer.java:start(149)) - RPC server for Client  is listening at /0.0.0.0:42421
2019-07-13 19:23:42,884 INFO  ipc.Server (Server.java:run(1314)) - IPC Server Responder: starting
2019-07-13 19:23:42,886 INFO  ipc.Server (Server.java:run(1153)) - IPC Server listener on 42421: starting
2019-07-13 19:23:42,890 INFO  server.StorageContainerManager (StorageContainerManager.java:start(768)) - ScmBlockLocationProtocol RPC server is listening at /0.0.0.0:34100
2019-07-13 19:23:42,891 INFO  server.SCMBlockProtocolServer (SCMBlockProtocolServer.java:start(140)) - RPC server for Block Protocol is listening at /0.0.0.0:34100
2019-07-13 19:23:42,891 INFO  ipc.Server (Server.java:run(1314)) - IPC Server Responder: starting
2019-07-13 19:23:42,892 INFO  ipc.Server (Server.java:run(1153)) - IPC Server listener on 34100: starting
2019-07-13 19:23:42,897 INFO  server.StorageContainerManager (StorageContainerManager.java:start(772)) - ScmDatanodeProtocl RPC server is listening at /0.0.0.0:36482
2019-07-13 19:23:42,897 INFO  server.SCMDatanodeProtocolServer (SCMDatanodeProtocolServer.java:start(191)) - RPC server for DataNodes is listening at /0.0.0.0:36482
2019-07-13 19:23:42,897 INFO  ipc.Server (Server.java:run(1314)) - IPC Server Responder: starting
2019-07-13 19:23:42,897 INFO  ipc.Server (Server.java:run(1153)) - IPC Server listener on 36482: starting
2019-07-13 19:23:42,903 INFO  http.HttpServer2 (HttpServer2.java:bindListener(1191)) - Jetty bound to port 37896
2019-07-13 19:23:42,903 INFO  server.Server (Server.java:doStart(351)) - jetty-9.3.24.v20180605, build timestamp: 2018-06-05T17:11:56Z, git hash: 84205aa28f11a4f31f2a3b86d1bba2cc8ab69827
2019-07-13 19:23:42,905 INFO  handler.ContextHandler (ContextHandler.java:doStart(781)) - Started o.e.j.s.ServletContextHandler@1766b7{/logs,file:///tmp/workdir/hadoop-ozone/integration-test/target/log,AVAILABLE}
2019-07-13 19:23:42,906 INFO  handler.ContextHandler (ContextHandler.java:doStart(781)) - Started o.e.j.s.ServletContextHandler@56587330{/static,file:///tmp/workdir/hadoop-ozone/integration-test/target/test-classes/webapps/static,AVAILABLE}
2019-07-13 19:23:42,910 INFO  handler.ContextHandler (ContextHandler.java:doStart(781)) - Started o.e.j.w.WebAppContext@6311640d{/,file:///tmp/workdir/hadoop-ozone/integration-test/target/test-classes/webapps/scm/,AVAILABLE}{/scm}
2019-07-13 19:23:42,910 INFO  server.AbstractConnector (AbstractConnector.java:doStart(278)) - Started ServerConnector@3a42610{HTTP/1.1,[http/1.1]}{0.0.0.0:37896}
2019-07-13 19:23:42,911 INFO  server.Server (Server.java:doStart(419)) - Started @597030ms
2019-07-13 19:23:42,913 INFO  server.BaseHttpServer (BaseHttpServer.java:updateConnectorAddress(207)) - HTTP server of SCM is listening at http://0.0.0.0:37896
2019-07-13 19:23:42,914 WARN  server.ServerUtils (ServerUtils.java:getDBPath(222)) - ozone.om.db.dirs is not configured. We recommend adding this setting. Falling back to ozone.metadata.dirs instead.
2019-07-13 19:23:42,915 INFO  util.JvmPauseMonitor (JvmPauseMonitor.java:run(188)) - Starting JVM pause monitor
2019-07-13 19:23:42,928 WARN  server.ServerUtils (ServerUtils.java:getDBPath(222)) - ozone.om.db.dirs is not configured. We recommend adding this setting. Falling back to ozone.metadata.dirs instead.
2019-07-13 19:23:42,929 INFO  om.OzoneManager (OzoneManager.java:setOMNodeDetails(630)) - OM Service ID is not set. Setting it to the default ID: omServiceIdDefault
2019-07-13 19:23:42,929 INFO  om.OzoneManager (OzoneManager.java:setOMNodeDetails(636)) - OM Node ID is not set. Setting it to the OmStorage's OmID: c6dd7b6e-908a-4d00-9d1a-1752a662ec9b
2019-07-13 19:23:42,929 INFO  om.OzoneManager (OzoneManager.java:loadOMHAConfigs(587)) - Found matching OM address with OMServiceId: null, OMNodeId: null, RPC Address: localhost:0 and Ratis port: 9872
2019-07-13 19:23:42,936 WARN  server.ServerUtils (ServerUtils.java:getDBPath(222)) - ozone.om.db.dirs is not configured. We recommend adding this setting. Falling back to ozone.metadata.dirs instead.
2019-07-13 19:23:42,936 INFO  db.DBStoreBuilder (DBStoreBuilder.java:addTable(110)) - using custom profile for table: userTable
2019-07-13 19:23:42,936 INFO  db.DBStoreBuilder (DBStoreBuilder.java:processTables(161)) - Using default column profile:DBProfile.DISK for Table:userTable
2019-07-13 19:23:42,937 INFO  db.DBStoreBuilder (DBStoreBuilder.java:addTable(110)) - using custom profile for table: volumeTable
2019-07-13 19:23:42,937 INFO  db.DBStoreBuilder (DBStoreBuilder.java:processTables(161)) - Using default column profile:DBProfile.DISK for Table:volumeTable
2019-07-13 19:23:42,937 INFO  db.DBStoreBuilder (DBStoreBuilder.java:addTable(110)) - using custom profile for table: bucketTable
2019-07-13 19:23:42,937 INFO  db.DBStoreBuilder (DBStoreBuilder.java:processTables(161)) - Using default column profile:DBProfile.DISK for Table:bucketTable
2019-07-13 19:23:42,937 INFO  db.DBStoreBuilder (DBStoreBuilder.java:addTable(110)) - using custom profile for table: keyTable
2019-07-13 19:23:42,938 INFO  db.DBStoreBuilder (DBStoreBuilder.java:processTables(161)) - Using default column profile:DBProfile.DISK for Table:keyTable
2019-07-13 19:23:42,938 INFO  db.DBStoreBuilder (DBStoreBuilder.java:addTable(110)) - using custom profile for table: deletedTable
2019-07-13 19:23:42,938 INFO  db.DBStoreBuilder (DBStoreBuilder.java:processTables(161)) - Using default column profile:DBProfile.DISK for Table:deletedTable
2019-07-13 19:23:42,938 INFO  db.DBStoreBuilder (DBStoreBuilder.java:addTable(110)) - using custom profile for table: openKeyTable
2019-07-13 19:23:42,939 INFO  db.DBStoreBuilder (DBStoreBuilder.java:processTables(161)) - Using default column profile:DBProfile.DISK for Table:openKeyTable
2019-07-13 19:23:42,939 INFO  db.DBStoreBuilder (DBStoreBuilder.java:addTable(110)) - using custom profile for table: s3Table
2019-07-13 19:23:42,939 INFO  db.DBStoreBuilder (DBStoreBuilder.java:processTables(161)) - Using default column profile:DBProfile.DISK for Table:s3Table
2019-07-13 19:23:42,939 INFO  db.DBStoreBuilder (DBStoreBuilder.java:addTable(110)) - using custom profile for table: multipartInfoTable
2019-07-13 19:23:42,939 INFO  db.DBStoreBuilder (DBStoreBuilder.java:processTables(161)) - Using default column profile:DBProfile.DISK for Table:multipartInfoTable
2019-07-13 19:23:42,940 INFO  db.DBStoreBuilder (DBStoreBuilder.java:addTable(110)) - using custom profile for table: dTokenTable
2019-07-13 19:23:42,940 INFO  db.DBStoreBuilder (DBStoreBuilder.java:processTables(161)) - Using default column profile:DBProfile.DISK for Table:dTokenTable
2019-07-13 19:23:42,940 INFO  db.DBStoreBuilder (DBStoreBuilder.java:addTable(110)) - using custom profile for table: s3SecretTable
2019-07-13 19:23:42,940 INFO  db.DBStoreBuilder (DBStoreBuilder.java:processTables(161)) - Using default column profile:DBProfile.DISK for Table:s3SecretTable
2019-07-13 19:23:42,940 INFO  db.DBStoreBuilder (DBStoreBuilder.java:addTable(110)) - using custom profile for table: prefixTable
2019-07-13 19:23:42,941 INFO  db.DBStoreBuilder (DBStoreBuilder.java:processTables(161)) - Using default column profile:DBProfile.DISK for Table:prefixTable
2019-07-13 19:23:42,941 INFO  db.DBStoreBuilder (DBStoreBuilder.java:addTable(110)) - using custom profile for table: default
2019-07-13 19:23:42,941 INFO  db.DBStoreBuilder (DBStoreBuilder.java:processTables(167)) - Using default column profile:DBProfile.DISK for Table:default
2019-07-13 19:23:42,941 INFO  db.DBStoreBuilder (DBStoreBuilder.java:getDbProfile(198)) - Using default options. DBProfile.DISK
2019-07-13 19:23:43,443 INFO  ipc.CallQueueManager (CallQueueManager.java:<init>(84)) - Using callQueue: class java.util.concurrent.LinkedBlockingQueue, queueCapacity: 2000, scheduler: class org.apache.hadoop.ipc.DefaultRpcScheduler, ipcBackoff: false.
2019-07-13 19:23:43,444 INFO  ipc.Server (Server.java:run(1074)) - Starting Socket Reader #1 for port 44013
2019-07-13 19:23:43,464 WARN  server.ServerUtils (ServerUtils.java:getDBPath(222)) - ozone.om.db.dirs is not configured. We recommend adding this setting. Falling back to ozone.metadata.dirs instead.
2019-07-13 19:23:43,464 INFO  om.OzoneManager (OzoneManager.java:start(1228)) - OzoneManager RPC server is listening at localhost/127.0.0.1:44013
2019-07-13 19:23:43,464 INFO  impl.MetricsSystemImpl (MetricsSystemImpl.java:init(158)) - OzoneManager metrics system started (again)
2019-07-13 19:23:43,465 INFO  ipc.Server (Server.java:run(1314)) - IPC Server Responder: starting
2019-07-13 19:23:43,467 INFO  ipc.Server (Server.java:run(1153)) - IPC Server listener on 44013: starting
2019-07-13 19:23:43,472 INFO  hdfs.DFSUtil (DFSUtil.java:httpServerTemplateForNNAndJN(1641)) - Starting Web-server for ozoneManager at: http://0.0.0.0:0
2019-07-13 19:23:43,475 INFO  server.AuthenticationFilter (AuthenticationFilter.java:constructSecretProvider(240)) - Unable to initialize FileSignerSecretProvider, falling back to use random secrets.
2019-07-13 19:23:43,475 WARN  http.HttpRequestLog (HttpRequestLog.java:getRequestLog(97)) - Jetty request log can only be enabled using Log4j
2019-07-13 19:23:43,478 INFO  http.HttpServer2 (HttpServer2.java:addGlobalFilter(975)) - Added global filter 'safety' (class=org.apache.hadoop.http.HttpServer2$QuotingInputFilter)
2019-07-13 19:23:43,479 INFO  http.HttpServer2 (HttpServer2.java:addFilter(948)) - Added filter static_user_filter (class=org.apache.hadoop.http.lib.StaticUserWebFilter$StaticUserFilter) to context ozoneManager
2019-07-13 19:23:43,479 INFO  http.HttpServer2 (HttpServer2.java:addFilter(958)) - Added filter static_user_filter (class=org.apache.hadoop.http.lib.StaticUserWebFilter$StaticUserFilter) to context static
2019-07-13 19:23:43,479 INFO  http.HttpServer2 (HttpServer2.java:addFilter(958)) - Added filter static_user_filter (class=org.apache.hadoop.http.lib.StaticUserWebFilter$StaticUserFilter) to context logs
2019-07-13 19:23:43,480 INFO  http.HttpServer2 (HttpServer2.java:bindListener(1191)) - Jetty bound to port 39407
2019-07-13 19:23:43,481 INFO  server.Server (Server.java:doStart(351)) - jetty-9.3.24.v20180605, build timestamp: 2018-06-05T17:11:56Z, git hash: 84205aa28f11a4f31f2a3b86d1bba2cc8ab69827
2019-07-13 19:23:43,483 INFO  handler.ContextHandler (ContextHandler.java:doStart(781)) - Started o.e.j.s.ServletContextHandler@53eb4dae{/logs,file:///tmp/workdir/hadoop-ozone/integration-test/target/log,AVAILABLE}
2019-07-13 19:23:43,484 INFO  handler.ContextHandler (ContextHandler.java:doStart(781)) - Started o.e.j.s.ServletContextHandler@3d980928{/static,file:///tmp/workdir/hadoop-ozone/integration-test/target/test-classes/webapps/static,AVAILABLE}
2019-07-13 19:23:43,490 INFO  handler.ContextHandler (ContextHandler.java:doStart(781)) - Started o.e.j.w.WebAppContext@3938e876{/,file:///tmp/workdir/hadoop-ozone/integration-test/target/test-classes/webapps/ozoneManager/,AVAILABLE}{/ozoneManager}
2019-07-13 19:23:43,491 INFO  server.AbstractConnector (AbstractConnector.java:doStart(278)) - Started ServerConnector@70b2819f{HTTP/1.1,[http/1.1]}{0.0.0.0:39407}
2019-07-13 19:23:43,492 INFO  server.Server (Server.java:doStart(419)) - Started @597611ms
2019-07-13 19:23:43,493 INFO  server.BaseHttpServer (BaseHttpServer.java:updateConnectorAddress(207)) - HTTP server of OZONEMANAGER is listening at http://0.0.0.0:39407
2019-07-13 19:23:43,512 INFO  impl.MetricsSystemImpl (MetricsSystemImpl.java:init(158)) - HddsDatanode metrics system started (again)
2019-07-13 19:23:43,512 INFO  ozone.HddsDatanodeService (HddsDatanodeService.java:start(185)) - HddsDatanodeService host:trunk-nightly-fxqsz-774976932 ip:192.168.69.122
2019-07-13 19:23:43,528 INFO  volume.HddsVolume (HddsVolume.java:<init>(176)) - Creating Volume: /tmp/workdir/hadoop-ozone/integration-test/target/test-dir/MiniOzoneClusterImpl-f32f9215-da2e-405c-a6ea-b120bba4df1b/datanode-0/data/containers/hdds of  storage type : DISK and capacity : 52710309888
2019-07-13 19:23:43,528 INFO  volume.VolumeSet (VolumeSet.java:initializeVolumeSet(170)) - Added Volume : /tmp/workdir/hadoop-ozone/integration-test/target/test-dir/MiniOzoneClusterImpl-f32f9215-da2e-405c-a6ea-b120bba4df1b/datanode-0/data/containers/hdds to VolumeSet
2019-07-13 19:23:43,529 INFO  volume.ThrottledAsyncChecker (ThrottledAsyncChecker.java:schedule(140)) - Scheduling a check for org.apache.hadoop.ozone.container.common.volume.HddsVolume@2e962cec
2019-07-13 19:23:43,530 INFO  volume.HddsVolumeChecker (HddsVolumeChecker.java:checkAllVolumes(203)) - Scheduled health check for volume org.apache.hadoop.ozone.container.common.volume.HddsVolume@2e962cec
2019-07-13 19:23:43,547 INFO  impl.RaftServerProxy (ConfUtils.java:logGet(43)) - raft.rpc.type = GRPC (default)
2019-07-13 19:23:43,548 INFO  grpc.GrpcFactory (GrpcFactory.java:checkPooledByteBufAllocatorUseCacheForAllThreads(45)) - PERFORMANCE WARNING: useCacheForAllThreads is true that may cause Netty to create a lot garbage objects and, as a result, trigger GC.
	It is recommended to disable useCacheForAllThreads by setting -Dorg.apache.ratis.thirdparty.io.netty.allocator.useCacheForAllThreads=false in command line.
2019-07-13 19:23:43,548 INFO  grpc.GrpcConfigKeys$Server (ConfUtils.java:logGet(43)) - raft.grpc.server.port = 0 (default)
2019-07-13 19:23:43,548 INFO  server.GrpcService (ConfUtils.java:logGet(43)) - raft.grpc.message.size.max = 33570816 (custom)
2019-07-13 19:23:43,549 INFO  server.RaftServerConfigKeys (ConfUtils.java:logGet(43)) - raft.server.log.appender.buffer.byte-limit = 33554432 (custom)
2019-07-13 19:23:43,549 INFO  server.GrpcService (ConfUtils.java:logGet(43)) - raft.grpc.flow.control.window = 1MB (=1048576) (default)
2019-07-13 19:23:43,549 INFO  server.RaftServerConfigKeys (ConfUtils.java:logGet(43)) - raft.server.rpc.request.timeout = 3000ms (default)
2019-07-13 19:23:43,550 INFO  server.RaftServerConfigKeys (ConfUtils.java:logGet(43)) - raft.server.storage.dir = [/tmp/workdir/hadoop-ozone/integration-test/target/test-dir/MiniOzoneClusterImpl-f32f9215-da2e-405c-a6ea-b120bba4df1b/datanode-0/data/ratis] (custom)
2019-07-13 19:23:43,550 INFO  replication.SimpleContainerDownloader (SimpleContainerDownloader.java:<init>(72)) - Starting container downloader service to copy containers to replicate.
2019-07-13 19:23:43,552 INFO  hdfs.DFSUtil (DFSUtil.java:httpServerTemplateForNNAndJN(1641)) - Starting Web-server for hddsDatanode at: http://0.0.0.0:0
2019-07-13 19:23:43,553 INFO  server.AuthenticationFilter (AuthenticationFilter.java:constructSecretProvider(240)) - Unable to initialize FileSignerSecretProvider, falling back to use random secrets.
2019-07-13 19:23:43,554 WARN  http.HttpRequestLog (HttpRequestLog.java:getRequestLog(97)) - Jetty request log can only be enabled using Log4j
2019-07-13 19:23:43,555 INFO  http.HttpServer2 (HttpServer2.java:addGlobalFilter(975)) - Added global filter 'safety' (class=org.apache.hadoop.http.HttpServer2$QuotingInputFilter)
2019-07-13 19:23:43,556 INFO  http.HttpServer2 (HttpServer2.java:addFilter(948)) - Added filter static_user_filter (class=org.apache.hadoop.http.lib.StaticUserWebFilter$StaticUserFilter) to context hddsDatanode
2019-07-13 19:23:43,556 INFO  http.HttpServer2 (HttpServer2.java:addFilter(958)) - Added filter static_user_filter (class=org.apache.hadoop.http.lib.StaticUserWebFilter$StaticUserFilter) to context logs
2019-07-13 19:23:43,556 INFO  http.HttpServer2 (HttpServer2.java:addFilter(958)) - Added filter static_user_filter (class=org.apache.hadoop.http.lib.StaticUserWebFilter$StaticUserFilter) to context static
2019-07-13 19:23:43,557 INFO  http.HttpServer2 (HttpServer2.java:bindListener(1191)) - Jetty bound to port 39470
2019-07-13 19:23:43,557 INFO  server.Server (Server.java:doStart(351)) - jetty-9.3.24.v20180605, build timestamp: 2018-06-05T17:11:56Z, git hash: 84205aa28f11a4f31f2a3b86d1bba2cc8ab69827
2019-07-13 19:23:43,559 INFO  handler.ContextHandler (ContextHandler.java:doStart(781)) - Started o.e.j.s.ServletContextHandler@3bad0efd{/logs,file:///tmp/workdir/hadoop-ozone/integration-test/target/log,AVAILABLE}
2019-07-13 19:23:43,560 INFO  handler.ContextHandler (ContextHandler.java:doStart(781)) - Started o.e.j.s.ServletContextHandler@626967a0{/static,jar:file:/home/user/.m2/repository/org/apache/hadoop/hadoop-hdds-container-service/0.5.0-SNAPSHOT/hadoop-hdds-container-service-0.5.0-SNAPSHOT.jar!/webapps/static,AVAILABLE}
2019-07-13 19:23:43,590 INFO  handler.ContextHandler (ContextHandler.java:doStart(781)) - Started o.e.j.w.WebAppContext@211ffbd0{/,file:///tmp/jetty-0.0.0.0-39470-hddsDatanode-_-any-1622176698768228515.dir/webapp/,AVAILABLE}{/hddsDatanode}
2019-07-13 19:23:43,591 INFO  server.AbstractConnector (AbstractConnector.java:doStart(278)) - Started ServerConnector@472d201{HTTP/1.1,[http/1.1]}{0.0.0.0:39470}
2019-07-13 19:23:43,591 INFO  server.Server (Server.java:doStart(419)) - Started @597709ms
2019-07-13 19:23:43,592 INFO  server.BaseHttpServer (BaseHttpServer.java:updateConnectorAddress(207)) - HTTP server of HDDSDATANODE is listening at http://0.0.0.0:39470
2019-07-13 19:23:43,718 INFO  ozone.HddsDatanodeService (HddsDatanodeService.java:startPlugins(396)) - Started plug-in org.apache.hadoop.ozone.web.OzoneHddsDatanodeService@5d6e77a4
2019-07-13 19:23:43,719 INFO  impl.MetricsSystemImpl (MetricsSystemImpl.java:init(158)) - HddsDatanode metrics system started (again)
2019-07-13 19:23:43,721 INFO  ozone.HddsDatanodeService (HddsDatanodeService.java:start(185)) - HddsDatanodeService host:trunk-nightly-fxqsz-774976932 ip:192.168.69.122
2019-07-13 19:23:43,723 INFO  util.JvmPauseMonitor (JvmPauseMonitor.java:run(188)) - Starting JVM pause monitor
2019-07-13 19:23:43,725 INFO  datanode.InitDatanodeState (InitDatanodeState.java:persistContainerDatanodeDetails(140)) - DatanodeDetails is persisted to /tmp/workdir/hadoop-ozone/integration-test/target/test-dir/MiniOzoneClusterImpl-f32f9215-da2e-405c-a6ea-b120bba4df1b/datanode-0/meta/datanode.id
2019-07-13 19:23:43,734 INFO  volume.HddsVolume (HddsVolume.java:<init>(176)) - Creating Volume: /tmp/workdir/hadoop-ozone/integration-test/target/test-dir/MiniOzoneClusterImpl-f32f9215-da2e-405c-a6ea-b120bba4df1b/datanode-1/data/containers/hdds of  storage type : DISK and capacity : 52710309888
2019-07-13 19:23:43,734 INFO  volume.VolumeSet (VolumeSet.java:initializeVolumeSet(170)) - Added Volume : /tmp/workdir/hadoop-ozone/integration-test/target/test-dir/MiniOzoneClusterImpl-f32f9215-da2e-405c-a6ea-b120bba4df1b/datanode-1/data/containers/hdds to VolumeSet
2019-07-13 19:23:43,734 INFO  volume.ThrottledAsyncChecker (ThrottledAsyncChecker.java:schedule(140)) - Scheduling a check for org.apache.hadoop.ozone.container.common.volume.HddsVolume@7902b006
2019-07-13 19:23:43,735 INFO  volume.HddsVolumeChecker (HddsVolumeChecker.java:checkAllVolumes(203)) - Scheduled health check for volume org.apache.hadoop.ozone.container.common.volume.HddsVolume@7902b006
2019-07-13 19:23:43,748 INFO  impl.RaftServerProxy (ConfUtils.java:logGet(43)) - raft.rpc.type = GRPC (default)
2019-07-13 19:23:43,748 INFO  grpc.GrpcFactory (GrpcFactory.java:checkPooledByteBufAllocatorUseCacheForAllThreads(45)) - PERFORMANCE WARNING: useCacheForAllThreads is true that may cause Netty to create a lot garbage objects and, as a result, trigger GC.
	It is recommended to disable useCacheForAllThreads by setting -Dorg.apache.ratis.thirdparty.io.netty.allocator.useCacheForAllThreads=false in command line.
2019-07-13 19:23:43,748 INFO  grpc.GrpcConfigKeys$Server (ConfUtils.java:logGet(43)) - raft.grpc.server.port = 0 (default)
2019-07-13 19:23:43,748 INFO  server.GrpcService (ConfUtils.java:logGet(43)) - raft.grpc.message.size.max = 33570816 (custom)
2019-07-13 19:23:43,749 INFO  server.RaftServerConfigKeys (ConfUtils.java:logGet(43)) - raft.server.log.appender.buffer.byte-limit = 33554432 (custom)
2019-07-13 19:23:43,749 INFO  server.GrpcService (ConfUtils.java:logGet(43)) - raft.grpc.flow.control.window = 1MB (=1048576) (default)
2019-07-13 19:23:43,749 INFO  server.RaftServerConfigKeys (ConfUtils.java:logGet(43)) - raft.server.rpc.request.timeout = 3000ms (default)
2019-07-13 19:23:43,749 INFO  server.RaftServerConfigKeys (ConfUtils.java:logGet(43)) - raft.server.storage.dir = [/tmp/workdir/hadoop-ozone/integration-test/target/test-dir/MiniOzoneClusterImpl-f32f9215-da2e-405c-a6ea-b120bba4df1b/datanode-1/data/ratis] (custom)
2019-07-13 19:23:43,750 INFO  replication.SimpleContainerDownloader (SimpleContainerDownloader.java:<init>(72)) - Starting container downloader service to copy containers to replicate.
2019-07-13 19:23:43,751 INFO  hdfs.DFSUtil (DFSUtil.java:httpServerTemplateForNNAndJN(1641)) - Starting Web-server for hddsDatanode at: http://0.0.0.0:0
2019-07-13 19:23:43,752 INFO  server.AuthenticationFilter (AuthenticationFilter.java:constructSecretProvider(240)) - Unable to initialize FileSignerSecretProvider, falling back to use random secrets.
2019-07-13 19:23:43,752 WARN  http.HttpRequestLog (HttpRequestLog.java:getRequestLog(97)) - Jetty request log can only be enabled using Log4j
2019-07-13 19:23:43,753 INFO  http.HttpServer2 (HttpServer2.java:addGlobalFilter(975)) - Added global filter 'safety' (class=org.apache.hadoop.http.HttpServer2$QuotingInputFilter)
2019-07-13 19:23:43,754 INFO  http.HttpServer2 (HttpServer2.java:addFilter(948)) - Added filter static_user_filter (class=org.apache.hadoop.http.lib.StaticUserWebFilter$StaticUserFilter) to context hddsDatanode
2019-07-13 19:23:43,754 INFO  http.HttpServer2 (HttpServer2.java:addFilter(958)) - Added filter static_user_filter (class=org.apache.hadoop.http.lib.StaticUserWebFilter$StaticUserFilter) to context static
2019-07-13 19:23:43,754 INFO  http.HttpServer2 (HttpServer2.java:addFilter(958)) - Added filter static_user_filter (class=org.apache.hadoop.http.lib.StaticUserWebFilter$StaticUserFilter) to context logs
2019-07-13 19:23:43,755 INFO  http.HttpServer2 (HttpServer2.java:bindListener(1191)) - Jetty bound to port 40984
2019-07-13 19:23:43,755 INFO  server.Server (Server.java:doStart(351)) - jetty-9.3.24.v20180605, build timestamp: 2018-06-05T17:11:56Z, git hash: 84205aa28f11a4f31f2a3b86d1bba2cc8ab69827
2019-07-13 19:23:43,756 INFO  handler.ContextHandler (ContextHandler.java:doStart(781)) - Started o.e.j.s.ServletContextHandler@4a0b1701{/logs,file:///tmp/workdir/hadoop-ozone/integration-test/target/log,AVAILABLE}
2019-07-13 19:23:43,757 INFO  handler.ContextHandler (ContextHandler.java:doStart(781)) - Started o.e.j.s.ServletContextHandler@20de9df{/static,jar:file:/home/user/.m2/repository/org/apache/hadoop/hadoop-hdds-container-service/0.5.0-SNAPSHOT/hadoop-hdds-container-service-0.5.0-SNAPSHOT.jar!/webapps/static,AVAILABLE}
2019-07-13 19:23:43,783 INFO  handler.ContextHandler (ContextHandler.java:doStart(781)) - Started o.e.j.w.WebAppContext@c82f6bd{/,file:///tmp/jetty-0.0.0.0-40984-hddsDatanode-_-any-6301741372305594756.dir/webapp/,AVAILABLE}{/hddsDatanode}
2019-07-13 19:23:43,783 INFO  server.AbstractConnector (AbstractConnector.java:doStart(278)) - Started ServerConnector@2e70d072{HTTP/1.1,[http/1.1]}{0.0.0.0:40984}
2019-07-13 19:23:43,783 INFO  server.Server (Server.java:doStart(419)) - Started @597902ms
2019-07-13 19:23:43,785 INFO  server.BaseHttpServer (BaseHttpServer.java:updateConnectorAddress(207)) - HTTP server of HDDSDATANODE is listening at http://0.0.0.0:40984
2019-07-13 19:23:43,880 INFO  ozone.HddsDatanodeService (HddsDatanodeService.java:startPlugins(396)) - Started plug-in org.apache.hadoop.ozone.web.OzoneHddsDatanodeService@25c887ca
2019-07-13 19:23:43,881 INFO  impl.MetricsSystemImpl (MetricsSystemImpl.java:init(158)) - HddsDatanode metrics system started (again)
2019-07-13 19:23:43,882 INFO  ozone.HddsDatanodeService (HddsDatanodeService.java:start(185)) - HddsDatanodeService host:trunk-nightly-fxqsz-774976932 ip:192.168.69.122
2019-07-13 19:23:43,884 INFO  util.JvmPauseMonitor (JvmPauseMonitor.java:run(188)) - Starting JVM pause monitor
2019-07-13 19:23:43,886 INFO  datanode.InitDatanodeState (InitDatanodeState.java:persistContainerDatanodeDetails(140)) - DatanodeDetails is persisted to /tmp/workdir/hadoop-ozone/integration-test/target/test-dir/MiniOzoneClusterImpl-f32f9215-da2e-405c-a6ea-b120bba4df1b/datanode-1/meta/datanode.id
2019-07-13 19:23:43,897 INFO  volume.HddsVolume (HddsVolume.java:<init>(176)) - Creating Volume: /tmp/workdir/hadoop-ozone/integration-test/target/test-dir/MiniOzoneClusterImpl-f32f9215-da2e-405c-a6ea-b120bba4df1b/datanode-2/data/containers/hdds of  storage type : DISK and capacity : 52710309888
2019-07-13 19:23:43,897 INFO  volume.VolumeSet (VolumeSet.java:initializeVolumeSet(170)) - Added Volume : /tmp/workdir/hadoop-ozone/integration-test/target/test-dir/MiniOzoneClusterImpl-f32f9215-da2e-405c-a6ea-b120bba4df1b/datanode-2/data/containers/hdds to VolumeSet
2019-07-13 19:23:43,897 INFO  volume.ThrottledAsyncChecker (ThrottledAsyncChecker.java:schedule(140)) - Scheduling a check for org.apache.hadoop.ozone.container.common.volume.HddsVolume@87f8146
2019-07-13 19:23:43,898 INFO  volume.HddsVolumeChecker (HddsVolumeChecker.java:checkAllVolumes(203)) - Scheduled health check for volume org.apache.hadoop.ozone.container.common.volume.HddsVolume@87f8146
2019-07-13 19:23:43,911 INFO  impl.RaftServerProxy (ConfUtils.java:logGet(43)) - raft.rpc.type = GRPC (default)
2019-07-13 19:23:43,911 INFO  grpc.GrpcFactory (GrpcFactory.java:checkPooledByteBufAllocatorUseCacheForAllThreads(45)) - PERFORMANCE WARNING: useCacheForAllThreads is true that may cause Netty to create a lot garbage objects and, as a result, trigger GC.
	It is recommended to disable useCacheForAllThreads by setting -Dorg.apache.ratis.thirdparty.io.netty.allocator.useCacheForAllThreads=false in command line.
2019-07-13 19:23:43,911 INFO  grpc.GrpcConfigKeys$Server (ConfUtils.java:logGet(43)) - raft.grpc.server.port = 0 (default)
2019-07-13 19:23:43,912 INFO  server.GrpcService (ConfUtils.java:logGet(43)) - raft.grpc.message.size.max = 33570816 (custom)
2019-07-13 19:23:43,912 INFO  server.RaftServerConfigKeys (ConfUtils.java:logGet(43)) - raft.server.log.appender.buffer.byte-limit = 33554432 (custom)
2019-07-13 19:23:43,912 INFO  server.GrpcService (ConfUtils.java:logGet(43)) - raft.grpc.flow.control.window = 1MB (=1048576) (default)
2019-07-13 19:23:43,912 INFO  server.RaftServerConfigKeys (ConfUtils.java:logGet(43)) - raft.server.rpc.request.timeout = 3000ms (default)
2019-07-13 19:23:43,913 INFO  server.RaftServerConfigKeys (ConfUtils.java:logGet(43)) - raft.server.storage.dir = [/tmp/workdir/hadoop-ozone/integration-test/target/test-dir/MiniOzoneClusterImpl-f32f9215-da2e-405c-a6ea-b120bba4df1b/datanode-2/data/ratis] (custom)
2019-07-13 19:23:43,913 INFO  replication.SimpleContainerDownloader (SimpleContainerDownloader.java:<init>(72)) - Starting container downloader service to copy containers to replicate.
2019-07-13 19:23:43,914 INFO  hdfs.DFSUtil (DFSUtil.java:httpServerTemplateForNNAndJN(1641)) - Starting Web-server for hddsDatanode at: http://0.0.0.0:0
2019-07-13 19:23:43,915 INFO  server.AuthenticationFilter (AuthenticationFilter.java:constructSecretProvider(240)) - Unable to initialize FileSignerSecretProvider, falling back to use random secrets.
2019-07-13 19:23:43,915 WARN  http.HttpRequestLog (HttpRequestLog.java:getRequestLog(97)) - Jetty request log can only be enabled using Log4j
2019-07-13 19:23:43,916 INFO  http.HttpServer2 (HttpServer2.java:addGlobalFilter(975)) - Added global filter 'safety' (class=org.apache.hadoop.http.HttpServer2$QuotingInputFilter)
2019-07-13 19:23:43,917 INFO  http.HttpServer2 (HttpServer2.java:addFilter(948)) - Added filter static_user_filter (class=org.apache.hadoop.http.lib.StaticUserWebFilter$StaticUserFilter) to context hddsDatanode
2019-07-13 19:23:43,917 INFO  http.HttpServer2 (HttpServer2.java:addFilter(958)) - Added filter static_user_filter (class=org.apache.hadoop.http.lib.StaticUserWebFilter$StaticUserFilter) to context static
2019-07-13 19:23:43,917 INFO  http.HttpServer2 (HttpServer2.java:addFilter(958)) - Added filter static_user_filter (class=org.apache.hadoop.http.lib.StaticUserWebFilter$StaticUserFilter) to context logs
2019-07-13 19:23:43,918 INFO  http.HttpServer2 (HttpServer2.java:bindListener(1191)) - Jetty bound to port 36969
2019-07-13 19:23:43,918 INFO  server.Server (Server.java:doStart(351)) - jetty-9.3.24.v20180605, build timestamp: 2018-06-05T17:11:56Z, git hash: 84205aa28f11a4f31f2a3b86d1bba2cc8ab69827
2019-07-13 19:23:43,920 INFO  handler.ContextHandler (ContextHandler.java:doStart(781)) - Started o.e.j.s.ServletContextHandler@13653a0b{/logs,file:///tmp/workdir/hadoop-ozone/integration-test/target/log,AVAILABLE}
2019-07-13 19:23:43,920 INFO  handler.ContextHandler (ContextHandler.java:doStart(781)) - Started o.e.j.s.ServletContextHandler@32a37d12{/static,jar:file:/home/user/.m2/repository/org/apache/hadoop/hadoop-hdds-container-service/0.5.0-SNAPSHOT/hadoop-hdds-container-service-0.5.0-SNAPSHOT.jar!/webapps/static,AVAILABLE}
2019-07-13 19:23:43,946 INFO  handler.ContextHandler (ContextHandler.java:doStart(781)) - Started o.e.j.w.WebAppContext@136dc728{/,file:///tmp/jetty-0.0.0.0-36969-hddsDatanode-_-any-3553806286805968596.dir/webapp/,AVAILABLE}{/hddsDatanode}
2019-07-13 19:23:43,947 INFO  server.AbstractConnector (AbstractConnector.java:doStart(278)) - Started ServerConnector@47bc4445{HTTP/1.1,[http/1.1]}{0.0.0.0:36969}
2019-07-13 19:23:43,947 INFO  server.Server (Server.java:doStart(419)) - Started @598066ms
2019-07-13 19:23:43,949 INFO  server.BaseHttpServer (BaseHttpServer.java:updateConnectorAddress(207)) - HTTP server of HDDSDATANODE is listening at http://0.0.0.0:36969
2019-07-13 19:23:44,054 INFO  ozone.HddsDatanodeService (HddsDatanodeService.java:startPlugins(396)) - Started plug-in org.apache.hadoop.ozone.web.OzoneHddsDatanodeService@330a6b76
2019-07-13 19:23:44,054 INFO  impl.MetricsSystemImpl (MetricsSystemImpl.java:init(158)) - HddsDatanode metrics system started (again)
2019-07-13 19:23:44,057 INFO  ozone.HddsDatanodeService (HddsDatanodeService.java:start(185)) - HddsDatanodeService host:trunk-nightly-fxqsz-774976932 ip:192.168.69.122
2019-07-13 19:23:44,059 INFO  util.JvmPauseMonitor (JvmPauseMonitor.java:run(188)) - Starting JVM pause monitor
2019-07-13 19:23:44,061 INFO  datanode.InitDatanodeState (InitDatanodeState.java:persistContainerDatanodeDetails(140)) - DatanodeDetails is persisted to /tmp/workdir/hadoop-ozone/integration-test/target/test-dir/MiniOzoneClusterImpl-f32f9215-da2e-405c-a6ea-b120bba4df1b/datanode-2/meta/datanode.id
2019-07-13 19:23:44,071 INFO  volume.HddsVolume (HddsVolume.java:<init>(176)) - Creating Volume: /tmp/workdir/hadoop-ozone/integration-test/target/test-dir/MiniOzoneClusterImpl-f32f9215-da2e-405c-a6ea-b120bba4df1b/datanode-3/data/containers/hdds of  storage type : DISK and capacity : 52710309888
2019-07-13 19:23:44,071 INFO  volume.VolumeSet (VolumeSet.java:initializeVolumeSet(170)) - Added Volume : /tmp/workdir/hadoop-ozone/integration-test/target/test-dir/MiniOzoneClusterImpl-f32f9215-da2e-405c-a6ea-b120bba4df1b/datanode-3/data/containers/hdds to VolumeSet
2019-07-13 19:23:44,071 INFO  volume.ThrottledAsyncChecker (ThrottledAsyncChecker.java:schedule(140)) - Scheduling a check for org.apache.hadoop.ozone.container.common.volume.HddsVolume@d0c3793
2019-07-13 19:23:44,072 INFO  volume.HddsVolumeChecker (HddsVolumeChecker.java:checkAllVolumes(203)) - Scheduled health check for volume org.apache.hadoop.ozone.container.common.volume.HddsVolume@d0c3793
2019-07-13 19:23:44,086 INFO  impl.RaftServerProxy (ConfUtils.java:logGet(43)) - raft.rpc.type = GRPC (default)
2019-07-13 19:23:44,086 INFO  grpc.GrpcFactory (GrpcFactory.java:checkPooledByteBufAllocatorUseCacheForAllThreads(45)) - PERFORMANCE WARNING: useCacheForAllThreads is true that may cause Netty to create a lot garbage objects and, as a result, trigger GC.
	It is recommended to disable useCacheForAllThreads by setting -Dorg.apache.ratis.thirdparty.io.netty.allocator.useCacheForAllThreads=false in command line.
2019-07-13 19:23:44,086 INFO  grpc.GrpcConfigKeys$Server (ConfUtils.java:logGet(43)) - raft.grpc.server.port = 0 (default)
2019-07-13 19:23:44,086 INFO  server.GrpcService (ConfUtils.java:logGet(43)) - raft.grpc.message.size.max = 33570816 (custom)
2019-07-13 19:23:44,087 INFO  server.RaftServerConfigKeys (ConfUtils.java:logGet(43)) - raft.server.log.appender.buffer.byte-limit = 33554432 (custom)
2019-07-13 19:23:44,087 INFO  server.GrpcService (ConfUtils.java:logGet(43)) - raft.grpc.flow.control.window = 1MB (=1048576) (default)
2019-07-13 19:23:44,087 INFO  server.RaftServerConfigKeys (ConfUtils.java:logGet(43)) - raft.server.rpc.request.timeout = 3000ms (default)
2019-07-13 19:23:44,088 INFO  server.RaftServerConfigKeys (ConfUtils.java:logGet(43)) - raft.server.storage.dir = [/tmp/workdir/hadoop-ozone/integration-test/target/test-dir/MiniOzoneClusterImpl-f32f9215-da2e-405c-a6ea-b120bba4df1b/datanode-3/data/ratis] (custom)
2019-07-13 19:23:44,088 INFO  replication.SimpleContainerDownloader (SimpleContainerDownloader.java:<init>(72)) - Starting container downloader service to copy containers to replicate.
2019-07-13 19:23:44,089 INFO  hdfs.DFSUtil (DFSUtil.java:httpServerTemplateForNNAndJN(1641)) - Starting Web-server for hddsDatanode at: http://0.0.0.0:0
2019-07-13 19:23:44,090 INFO  server.AuthenticationFilter (AuthenticationFilter.java:constructSecretProvider(240)) - Unable to initialize FileSignerSecretProvider, falling back to use random secrets.
2019-07-13 19:23:44,091 WARN  http.HttpRequestLog (HttpRequestLog.java:getRequestLog(97)) - Jetty request log can only be enabled using Log4j
2019-07-13 19:23:44,092 INFO  http.HttpServer2 (HttpServer2.java:addGlobalFilter(975)) - Added global filter 'safety' (class=org.apache.hadoop.http.HttpServer2$QuotingInputFilter)
2019-07-13 19:23:44,092 INFO  http.HttpServer2 (HttpServer2.java:addFilter(948)) - Added filter static_user_filter (class=org.apache.hadoop.http.lib.StaticUserWebFilter$StaticUserFilter) to context hddsDatanode
2019-07-13 19:23:44,092 INFO  http.HttpServer2 (HttpServer2.java:addFilter(958)) - Added filter static_user_filter (class=org.apache.hadoop.http.lib.StaticUserWebFilter$StaticUserFilter) to context logs
2019-07-13 19:23:44,093 INFO  http.HttpServer2 (HttpServer2.java:addFilter(958)) - Added filter static_user_filter (class=org.apache.hadoop.http.lib.StaticUserWebFilter$StaticUserFilter) to context static
2019-07-13 19:23:44,094 INFO  http.HttpServer2 (HttpServer2.java:bindListener(1191)) - Jetty bound to port 43857
2019-07-13 19:23:44,094 INFO  server.Server (Server.java:doStart(351)) - jetty-9.3.24.v20180605, build timestamp: 2018-06-05T17:11:56Z, git hash: 84205aa28f11a4f31f2a3b86d1bba2cc8ab69827
2019-07-13 19:23:44,095 INFO  handler.ContextHandler (ContextHandler.java:doStart(781)) - Started o.e.j.s.ServletContextHandler@4cf5db07{/logs,file:///tmp/workdir/hadoop-ozone/integration-test/target/log,AVAILABLE}
2019-07-13 19:23:44,096 INFO  handler.ContextHandler (ContextHandler.java:doStart(781)) - Started o.e.j.s.ServletContextHandler@5cdf6bb1{/static,jar:file:/home/user/.m2/repository/org/apache/hadoop/hadoop-hdds-container-service/0.5.0-SNAPSHOT/hadoop-hdds-container-service-0.5.0-SNAPSHOT.jar!/webapps/static,AVAILABLE}
2019-07-13 19:23:44,123 INFO  handler.ContextHandler (ContextHandler.java:doStart(781)) - Started o.e.j.w.WebAppContext@171a6fd1{/,file:///tmp/jetty-0.0.0.0-43857-hddsDatanode-_-any-7897182463296619446.dir/webapp/,AVAILABLE}{/hddsDatanode}
2019-07-13 19:23:44,123 INFO  server.AbstractConnector (AbstractConnector.java:doStart(278)) - Started ServerConnector@a929b6{HTTP/1.1,[http/1.1]}{0.0.0.0:43857}
2019-07-13 19:23:44,125 INFO  server.Server (Server.java:doStart(419)) - Started @598244ms
2019-07-13 19:23:44,126 INFO  server.BaseHttpServer (BaseHttpServer.java:updateConnectorAddress(207)) - HTTP server of HDDSDATANODE is listening at http://0.0.0.0:43857
2019-07-13 19:23:44,230 INFO  ozone.HddsDatanodeService (HddsDatanodeService.java:startPlugins(396)) - Started plug-in org.apache.hadoop.ozone.web.OzoneHddsDatanodeService@2caf182e
2019-07-13 19:23:44,230 INFO  impl.MetricsSystemImpl (MetricsSystemImpl.java:init(158)) - HddsDatanode metrics system started (again)
2019-07-13 19:23:44,233 INFO  ozone.HddsDatanodeService (HddsDatanodeService.java:start(185)) - HddsDatanodeService host:trunk-nightly-fxqsz-774976932 ip:192.168.69.122
2019-07-13 19:23:44,234 INFO  util.JvmPauseMonitor (JvmPauseMonitor.java:run(188)) - Starting JVM pause monitor
2019-07-13 19:23:44,237 INFO  datanode.InitDatanodeState (InitDatanodeState.java:persistContainerDatanodeDetails(140)) - DatanodeDetails is persisted to /tmp/workdir/hadoop-ozone/integration-test/target/test-dir/MiniOzoneClusterImpl-f32f9215-da2e-405c-a6ea-b120bba4df1b/datanode-3/meta/datanode.id
2019-07-13 19:23:44,246 INFO  volume.HddsVolume (HddsVolume.java:<init>(176)) - Creating Volume: /tmp/workdir/hadoop-ozone/integration-test/target/test-dir/MiniOzoneClusterImpl-f32f9215-da2e-405c-a6ea-b120bba4df1b/datanode-4/data/containers/hdds of  storage type : DISK and capacity : 52710309888
2019-07-13 19:23:44,247 INFO  volume.VolumeSet (VolumeSet.java:initializeVolumeSet(170)) - Added Volume : /tmp/workdir/hadoop-ozone/integration-test/target/test-dir/MiniOzoneClusterImpl-f32f9215-da2e-405c-a6ea-b120bba4df1b/datanode-4/data/containers/hdds to VolumeSet
2019-07-13 19:23:44,247 INFO  volume.ThrottledAsyncChecker (ThrottledAsyncChecker.java:schedule(140)) - Scheduling a check for org.apache.hadoop.ozone.container.common.volume.HddsVolume@689afbb0
2019-07-13 19:23:44,247 INFO  volume.HddsVolumeChecker (HddsVolumeChecker.java:checkAllVolumes(203)) - Scheduled health check for volume org.apache.hadoop.ozone.container.common.volume.HddsVolume@689afbb0
2019-07-13 19:23:44,262 INFO  impl.RaftServerProxy (ConfUtils.java:logGet(43)) - raft.rpc.type = GRPC (default)
2019-07-13 19:23:44,262 INFO  grpc.GrpcFactory (GrpcFactory.java:checkPooledByteBufAllocatorUseCacheForAllThreads(45)) - PERFORMANCE WARNING: useCacheForAllThreads is true that may cause Netty to create a lot garbage objects and, as a result, trigger GC.
	It is recommended to disable useCacheForAllThreads by setting -Dorg.apache.ratis.thirdparty.io.netty.allocator.useCacheForAllThreads=false in command line.
2019-07-13 19:23:44,262 INFO  grpc.GrpcConfigKeys$Server (ConfUtils.java:logGet(43)) - raft.grpc.server.port = 0 (default)
2019-07-13 19:23:44,262 INFO  server.GrpcService (ConfUtils.java:logGet(43)) - raft.grpc.message.size.max = 33570816 (custom)
2019-07-13 19:23:44,263 INFO  server.RaftServerConfigKeys (ConfUtils.java:logGet(43)) - raft.server.log.appender.buffer.byte-limit = 33554432 (custom)
2019-07-13 19:23:44,263 INFO  server.GrpcService (ConfUtils.java:logGet(43)) - raft.grpc.flow.control.window = 1MB (=1048576) (default)
2019-07-13 19:23:44,263 INFO  server.RaftServerConfigKeys (ConfUtils.java:logGet(43)) - raft.server.rpc.request.timeout = 3000ms (default)
2019-07-13 19:23:44,263 INFO  server.RaftServerConfigKeys (ConfUtils.java:logGet(43)) - raft.server.storage.dir = [/tmp/workdir/hadoop-ozone/integration-test/target/test-dir/MiniOzoneClusterImpl-f32f9215-da2e-405c-a6ea-b120bba4df1b/datanode-4/data/ratis] (custom)
2019-07-13 19:23:44,264 INFO  replication.SimpleContainerDownloader (SimpleContainerDownloader.java:<init>(72)) - Starting container downloader service to copy containers to replicate.
2019-07-13 19:23:44,265 INFO  hdfs.DFSUtil (DFSUtil.java:httpServerTemplateForNNAndJN(1641)) - Starting Web-server for hddsDatanode at: http://0.0.0.0:0
2019-07-13 19:23:44,266 INFO  server.AuthenticationFilter (AuthenticationFilter.java:constructSecretProvider(240)) - Unable to initialize FileSignerSecretProvider, falling back to use random secrets.
2019-07-13 19:23:44,267 WARN  http.HttpRequestLog (HttpRequestLog.java:getRequestLog(97)) - Jetty request log can only be enabled using Log4j
2019-07-13 19:23:44,268 INFO  http.HttpServer2 (HttpServer2.java:addGlobalFilter(975)) - Added global filter 'safety' (class=org.apache.hadoop.http.HttpServer2$QuotingInputFilter)
2019-07-13 19:23:44,269 INFO  http.HttpServer2 (HttpServer2.java:addFilter(948)) - Added filter static_user_filter (class=org.apache.hadoop.http.lib.StaticUserWebFilter$StaticUserFilter) to context hddsDatanode
2019-07-13 19:23:44,269 INFO  http.HttpServer2 (HttpServer2.java:addFilter(958)) - Added filter static_user_filter (class=org.apache.hadoop.http.lib.StaticUserWebFilter$StaticUserFilter) to context logs
2019-07-13 19:23:44,269 INFO  http.HttpServer2 (HttpServer2.java:addFilter(958)) - Added filter static_user_filter (class=org.apache.hadoop.http.lib.StaticUserWebFilter$StaticUserFilter) to context static
2019-07-13 19:23:44,269 INFO  http.HttpServer2 (HttpServer2.java:bindListener(1191)) - Jetty bound to port 37957
2019-07-13 19:23:44,270 INFO  server.Server (Server.java:doStart(351)) - jetty-9.3.24.v20180605, build timestamp: 2018-06-05T17:11:56Z, git hash: 84205aa28f11a4f31f2a3b86d1bba2cc8ab69827
2019-07-13 19:23:44,271 INFO  handler.ContextHandler (ContextHandler.java:doStart(781)) - Started o.e.j.s.ServletContextHandler@51cbd1d{/logs,file:///tmp/workdir/hadoop-ozone/integration-test/target/log,AVAILABLE}
2019-07-13 19:23:44,272 INFO  handler.ContextHandler (ContextHandler.java:doStart(781)) - Started o.e.j.s.ServletContextHandler@3e13a74{/static,jar:file:/home/user/.m2/repository/org/apache/hadoop/hadoop-hdds-container-service/0.5.0-SNAPSHOT/hadoop-hdds-container-service-0.5.0-SNAPSHOT.jar!/webapps/static,AVAILABLE}
2019-07-13 19:23:44,299 INFO  handler.ContextHandler (ContextHandler.java:doStart(781)) - Started o.e.j.w.WebAppContext@586be63c{/,file:///tmp/jetty-0.0.0.0-37957-hddsDatanode-_-any-6232373416491782979.dir/webapp/,AVAILABLE}{/hddsDatanode}
2019-07-13 19:23:44,299 INFO  server.AbstractConnector (AbstractConnector.java:doStart(278)) - Started ServerConnector@4d13b552{HTTP/1.1,[http/1.1]}{0.0.0.0:37957}
2019-07-13 19:23:44,299 INFO  server.Server (Server.java:doStart(419)) - Started @598418ms
2019-07-13 19:23:44,302 INFO  server.BaseHttpServer (BaseHttpServer.java:updateConnectorAddress(207)) - HTTP server of HDDSDATANODE is listening at http://0.0.0.0:37957
2019-07-13 19:23:44,413 INFO  ozone.HddsDatanodeService (HddsDatanodeService.java:startPlugins(396)) - Started plug-in org.apache.hadoop.ozone.web.OzoneHddsDatanodeService@7a2b8501
2019-07-13 19:23:44,413 INFO  impl.MetricsSystemImpl (MetricsSystemImpl.java:init(158)) - HddsDatanode metrics system started (again)
2019-07-13 19:23:44,417 INFO  util.JvmPauseMonitor (JvmPauseMonitor.java:run(188)) - Starting JVM pause monitor
2019-07-13 19:23:44,417 INFO  ozone.HddsDatanodeService (HddsDatanodeService.java:start(185)) - HddsDatanodeService host:trunk-nightly-fxqsz-774976932 ip:192.168.69.122
2019-07-13 19:23:44,418 INFO  datanode.InitDatanodeState (InitDatanodeState.java:persistContainerDatanodeDetails(140)) - DatanodeDetails is persisted to /tmp/workdir/hadoop-ozone/integration-test/target/test-dir/MiniOzoneClusterImpl-f32f9215-da2e-405c-a6ea-b120bba4df1b/datanode-4/meta/datanode.id
2019-07-13 19:23:44,432 INFO  volume.HddsVolume (HddsVolume.java:<init>(176)) - Creating Volume: /tmp/workdir/hadoop-ozone/integration-test/target/test-dir/MiniOzoneClusterImpl-f32f9215-da2e-405c-a6ea-b120bba4df1b/datanode-5/data/containers/hdds of  storage type : DISK and capacity : 52710309888
2019-07-13 19:23:44,432 INFO  volume.VolumeSet (VolumeSet.java:initializeVolumeSet(170)) - Added Volume : /tmp/workdir/hadoop-ozone/integration-test/target/test-dir/MiniOzoneClusterImpl-f32f9215-da2e-405c-a6ea-b120bba4df1b/datanode-5/data/containers/hdds to VolumeSet
2019-07-13 19:23:44,432 INFO  volume.ThrottledAsyncChecker (ThrottledAsyncChecker.java:schedule(140)) - Scheduling a check for org.apache.hadoop.ozone.container.common.volume.HddsVolume@54b45cfe
2019-07-13 19:23:44,433 INFO  volume.HddsVolumeChecker (HddsVolumeChecker.java:checkAllVolumes(203)) - Scheduled health check for volume org.apache.hadoop.ozone.container.common.volume.HddsVolume@54b45cfe
2019-07-13 19:23:44,452 INFO  impl.RaftServerProxy (ConfUtils.java:logGet(43)) - raft.rpc.type = GRPC (default)
2019-07-13 19:23:44,452 INFO  grpc.GrpcFactory (GrpcFactory.java:checkPooledByteBufAllocatorUseCacheForAllThreads(45)) - PERFORMANCE WARNING: useCacheForAllThreads is true that may cause Netty to create a lot garbage objects and, as a result, trigger GC.
	It is recommended to disable useCacheForAllThreads by setting -Dorg.apache.ratis.thirdparty.io.netty.allocator.useCacheForAllThreads=false in command line.
2019-07-13 19:23:44,452 INFO  grpc.GrpcConfigKeys$Server (ConfUtils.java:logGet(43)) - raft.grpc.server.port = 0 (default)
2019-07-13 19:23:44,453 INFO  server.GrpcService (ConfUtils.java:logGet(43)) - raft.grpc.message.size.max = 33570816 (custom)
2019-07-13 19:23:44,453 INFO  server.RaftServerConfigKeys (ConfUtils.java:logGet(43)) - raft.server.log.appender.buffer.byte-limit = 33554432 (custom)
2019-07-13 19:23:44,453 INFO  server.GrpcService (ConfUtils.java:logGet(43)) - raft.grpc.flow.control.window = 1MB (=1048576) (default)
2019-07-13 19:23:44,453 INFO  server.RaftServerConfigKeys (ConfUtils.java:logGet(43)) - raft.server.rpc.request.timeout = 3000ms (default)
2019-07-13 19:23:44,454 INFO  server.RaftServerConfigKeys (ConfUtils.java:logGet(43)) - raft.server.storage.dir = [/tmp/workdir/hadoop-ozone/integration-test/target/test-dir/MiniOzoneClusterImpl-f32f9215-da2e-405c-a6ea-b120bba4df1b/datanode-5/data/ratis] (custom)
2019-07-13 19:23:44,455 INFO  replication.SimpleContainerDownloader (SimpleContainerDownloader.java:<init>(72)) - Starting container downloader service to copy containers to replicate.
2019-07-13 19:23:44,456 INFO  hdfs.DFSUtil (DFSUtil.java:httpServerTemplateForNNAndJN(1641)) - Starting Web-server for hddsDatanode at: http://0.0.0.0:0
2019-07-13 19:23:44,457 INFO  server.AuthenticationFilter (AuthenticationFilter.java:constructSecretProvider(240)) - Unable to initialize FileSignerSecretProvider, falling back to use random secrets.
2019-07-13 19:23:44,457 WARN  http.HttpRequestLog (HttpRequestLog.java:getRequestLog(97)) - Jetty request log can only be enabled using Log4j
2019-07-13 19:23:44,459 INFO  http.HttpServer2 (HttpServer2.java:addGlobalFilter(975)) - Added global filter 'safety' (class=org.apache.hadoop.http.HttpServer2$QuotingInputFilter)
2019-07-13 19:23:44,459 INFO  http.HttpServer2 (HttpServer2.java:addFilter(948)) - Added filter static_user_filter (class=org.apache.hadoop.http.lib.StaticUserWebFilter$StaticUserFilter) to context hddsDatanode
2019-07-13 19:23:44,459 INFO  http.HttpServer2 (HttpServer2.java:addFilter(958)) - Added filter static_user_filter (class=org.apache.hadoop.http.lib.StaticUserWebFilter$StaticUserFilter) to context static
2019-07-13 19:23:44,459 INFO  http.HttpServer2 (HttpServer2.java:addFilter(958)) - Added filter static_user_filter (class=org.apache.hadoop.http.lib.StaticUserWebFilter$StaticUserFilter) to context logs
2019-07-13 19:23:44,460 INFO  http.HttpServer2 (HttpServer2.java:bindListener(1191)) - Jetty bound to port 36756
2019-07-13 19:23:44,460 INFO  server.Server (Server.java:doStart(351)) - jetty-9.3.24.v20180605, build timestamp: 2018-06-05T17:11:56Z, git hash: 84205aa28f11a4f31f2a3b86d1bba2cc8ab69827
2019-07-13 19:23:44,462 INFO  handler.ContextHandler (ContextHandler.java:doStart(781)) - Started o.e.j.s.ServletContextHandler@1abc3085{/logs,file:///tmp/workdir/hadoop-ozone/integration-test/target/log,AVAILABLE}
2019-07-13 19:23:44,462 INFO  handler.ContextHandler (ContextHandler.java:doStart(781)) - Started o.e.j.s.ServletContextHandler@4037a204{/static,jar:file:/home/user/.m2/repository/org/apache/hadoop/hadoop-hdds-container-service/0.5.0-SNAPSHOT/hadoop-hdds-container-service-0.5.0-SNAPSHOT.jar!/webapps/static,AVAILABLE}
2019-07-13 19:23:44,511 INFO  handler.ContextHandler (ContextHandler.java:doStart(781)) - Started o.e.j.w.WebAppContext@7b70596d{/,file:///tmp/jetty-0.0.0.0-36756-hddsDatanode-_-any-6229641623744988465.dir/webapp/,AVAILABLE}{/hddsDatanode}
2019-07-13 19:23:44,511 INFO  server.AbstractConnector (AbstractConnector.java:doStart(278)) - Started ServerConnector@696e9e14{HTTP/1.1,[http/1.1]}{0.0.0.0:36756}
2019-07-13 19:23:44,513 INFO  server.Server (Server.java:doStart(419)) - Started @598632ms
2019-07-13 19:23:44,514 INFO  server.BaseHttpServer (BaseHttpServer.java:updateConnectorAddress(207)) - HTTP server of HDDSDATANODE is listening at http://0.0.0.0:36756
2019-07-13 19:23:44,649 INFO  ozone.HddsDatanodeService (HddsDatanodeService.java:startPlugins(396)) - Started plug-in org.apache.hadoop.ozone.web.OzoneHddsDatanodeService@4ea4e0f3
2019-07-13 19:23:44,650 INFO  impl.MetricsSystemImpl (MetricsSystemImpl.java:init(158)) - HddsDatanode metrics system started (again)
2019-07-13 19:23:44,653 INFO  ozone.HddsDatanodeService (HddsDatanodeService.java:start(185)) - HddsDatanodeService host:trunk-nightly-fxqsz-774976932 ip:192.168.69.122
2019-07-13 19:23:44,654 INFO  util.JvmPauseMonitor (JvmPauseMonitor.java:run(188)) - Starting JVM pause monitor
2019-07-13 19:23:44,655 INFO  datanode.InitDatanodeState (InitDatanodeState.java:persistContainerDatanodeDetails(140)) - DatanodeDetails is persisted to /tmp/workdir/hadoop-ozone/integration-test/target/test-dir/MiniOzoneClusterImpl-f32f9215-da2e-405c-a6ea-b120bba4df1b/datanode-5/meta/datanode.id
2019-07-13 19:23:44,668 INFO  volume.HddsVolume (HddsVolume.java:<init>(176)) - Creating Volume: /tmp/workdir/hadoop-ozone/integration-test/target/test-dir/MiniOzoneClusterImpl-f32f9215-da2e-405c-a6ea-b120bba4df1b/datanode-6/data/containers/hdds of  storage type : DISK and capacity : 52710309888
2019-07-13 19:23:44,668 INFO  volume.VolumeSet (VolumeSet.java:initializeVolumeSet(170)) - Added Volume : /tmp/workdir/hadoop-ozone/integration-test/target/test-dir/MiniOzoneClusterImpl-f32f9215-da2e-405c-a6ea-b120bba4df1b/datanode-6/data/containers/hdds to VolumeSet
2019-07-13 19:23:44,668 INFO  volume.ThrottledAsyncChecker (ThrottledAsyncChecker.java:schedule(140)) - Scheduling a check for org.apache.hadoop.ozone.container.common.volume.HddsVolume@12e4c6a0
2019-07-13 19:23:44,669 INFO  volume.HddsVolumeChecker (HddsVolumeChecker.java:checkAllVolumes(203)) - Scheduled health check for volume org.apache.hadoop.ozone.container.common.volume.HddsVolume@12e4c6a0
2019-07-13 19:23:44,689 INFO  impl.RaftServerProxy (ConfUtils.java:logGet(43)) - raft.rpc.type = GRPC (default)
2019-07-13 19:23:44,689 INFO  grpc.GrpcFactory (GrpcFactory.java:checkPooledByteBufAllocatorUseCacheForAllThreads(45)) - PERFORMANCE WARNING: useCacheForAllThreads is true that may cause Netty to create a lot garbage objects and, as a result, trigger GC.
	It is recommended to disable useCacheForAllThreads by setting -Dorg.apache.ratis.thirdparty.io.netty.allocator.useCacheForAllThreads=false in command line.
2019-07-13 19:23:44,689 INFO  grpc.GrpcConfigKeys$Server (ConfUtils.java:logGet(43)) - raft.grpc.server.port = 0 (default)
2019-07-13 19:23:44,690 INFO  server.GrpcService (ConfUtils.java:logGet(43)) - raft.grpc.message.size.max = 33570816 (custom)
2019-07-13 19:23:44,690 INFO  server.RaftServerConfigKeys (ConfUtils.java:logGet(43)) - raft.server.log.appender.buffer.byte-limit = 33554432 (custom)
2019-07-13 19:23:44,690 INFO  server.GrpcService (ConfUtils.java:logGet(43)) - raft.grpc.flow.control.window = 1MB (=1048576) (default)
2019-07-13 19:23:44,690 INFO  server.RaftServerConfigKeys (ConfUtils.java:logGet(43)) - raft.server.rpc.request.timeout = 3000ms (default)
2019-07-13 19:23:44,691 INFO  server.RaftServerConfigKeys (ConfUtils.java:logGet(43)) - raft.server.storage.dir = [/tmp/workdir/hadoop-ozone/integration-test/target/test-dir/MiniOzoneClusterImpl-f32f9215-da2e-405c-a6ea-b120bba4df1b/datanode-6/data/ratis] (custom)
2019-07-13 19:23:44,691 INFO  replication.SimpleContainerDownloader (SimpleContainerDownloader.java:<init>(72)) - Starting container downloader service to copy containers to replicate.
2019-07-13 19:23:44,693 INFO  hdfs.DFSUtil (DFSUtil.java:httpServerTemplateForNNAndJN(1641)) - Starting Web-server for hddsDatanode at: http://0.0.0.0:0
2019-07-13 19:23:44,695 INFO  server.AuthenticationFilter (AuthenticationFilter.java:constructSecretProvider(240)) - Unable to initialize FileSignerSecretProvider, falling back to use random secrets.
2019-07-13 19:23:44,695 WARN  http.HttpRequestLog (HttpRequestLog.java:getRequestLog(97)) - Jetty request log can only be enabled using Log4j
2019-07-13 19:23:44,697 INFO  http.HttpServer2 (HttpServer2.java:addGlobalFilter(975)) - Added global filter 'safety' (class=org.apache.hadoop.http.HttpServer2$QuotingInputFilter)
2019-07-13 19:23:44,698 INFO  http.HttpServer2 (HttpServer2.java:addFilter(948)) - Added filter static_user_filter (class=org.apache.hadoop.http.lib.StaticUserWebFilter$StaticUserFilter) to context hddsDatanode
2019-07-13 19:23:44,698 INFO  http.HttpServer2 (HttpServer2.java:addFilter(958)) - Added filter static_user_filter (class=org.apache.hadoop.http.lib.StaticUserWebFilter$StaticUserFilter) to context logs
2019-07-13 19:23:44,698 INFO  http.HttpServer2 (HttpServer2.java:addFilter(958)) - Added filter static_user_filter (class=org.apache.hadoop.http.lib.StaticUserWebFilter$StaticUserFilter) to context static
2019-07-13 19:23:44,699 INFO  http.HttpServer2 (HttpServer2.java:bindListener(1191)) - Jetty bound to port 34162
2019-07-13 19:23:44,699 INFO  server.Server (Server.java:doStart(351)) - jetty-9.3.24.v20180605, build timestamp: 2018-06-05T17:11:56Z, git hash: 84205aa28f11a4f31f2a3b86d1bba2cc8ab69827
2019-07-13 19:23:44,701 INFO  handler.ContextHandler (ContextHandler.java:doStart(781)) - Started o.e.j.s.ServletContextHandler@21ec723c{/logs,file:///tmp/workdir/hadoop-ozone/integration-test/target/log,AVAILABLE}
2019-07-13 19:23:44,702 INFO  handler.ContextHandler (ContextHandler.java:doStart(781)) - Started o.e.j.s.ServletContextHandler@6537dc79{/static,jar:file:/home/user/.m2/repository/org/apache/hadoop/hadoop-hdds-container-service/0.5.0-SNAPSHOT/hadoop-hdds-container-service-0.5.0-SNAPSHOT.jar!/webapps/static,AVAILABLE}
2019-07-13 19:23:44,746 INFO  handler.ContextHandler (ContextHandler.java:doStart(781)) - Started o.e.j.w.WebAppContext@29514616{/,file:///tmp/jetty-0.0.0.0-34162-hddsDatanode-_-any-8207873214167713000.dir/webapp/,AVAILABLE}{/hddsDatanode}
2019-07-13 19:23:44,746 INFO  server.AbstractConnector (AbstractConnector.java:doStart(278)) - Started ServerConnector@38ce90b4{HTTP/1.1,[http/1.1]}{0.0.0.0:34162}
2019-07-13 19:23:44,747 INFO  server.Server (Server.java:doStart(419)) - Started @598865ms
2019-07-13 19:23:44,749 INFO  server.BaseHttpServer (BaseHttpServer.java:updateConnectorAddress(207)) - HTTP server of HDDSDATANODE is listening at http://0.0.0.0:34162
2019-07-13 19:23:44,894 INFO  ozone.HddsDatanodeService (HddsDatanodeService.java:startPlugins(396)) - Started plug-in org.apache.hadoop.ozone.web.OzoneHddsDatanodeService@6074f8f9
2019-07-13 19:23:44,895 INFO  ozone.MiniOzoneClusterImpl (MiniOzoneClusterImpl.java:lambda$waitForClusterToBeReady$0(142)) - Waiting for cluster to be ready. Got 0 of 7 DN Heartbeats.
2019-07-13 19:23:44,899 INFO  util.JvmPauseMonitor (JvmPauseMonitor.java:run(188)) - Starting JVM pause monitor
2019-07-13 19:23:44,901 INFO  datanode.InitDatanodeState (InitDatanodeState.java:persistContainerDatanodeDetails(140)) - DatanodeDetails is persisted to /tmp/workdir/hadoop-ozone/integration-test/target/test-dir/MiniOzoneClusterImpl-f32f9215-da2e-405c-a6ea-b120bba4df1b/datanode-6/meta/datanode.id
2019-07-13 19:23:45,744 INFO  ozoneimpl.OzoneContainer (OzoneContainer.java:start(186)) - Attempting to start container services.
2019-07-13 19:23:45,747 INFO  ozoneimpl.OzoneContainer (OzoneContainer.java:startContainerScrub(160)) - Background container scrubber has been disabled by hdds.containerscrub.enabled
2019-07-13 19:23:45,748 INFO  ratis.XceiverServerRatis (XceiverServerRatis.java:start(418)) - Starting XceiverServerRatis 4f660045-096b-44e3-abb1-718e2f71488a at port 0
2019-07-13 19:23:45,756 INFO  impl.RaftServerProxy (RaftServerProxy.java:lambda$start$3(299)) - 4f660045-096b-44e3-abb1-718e2f71488a: start RPC server
2019-07-13 19:23:45,758 INFO  server.GrpcService (GrpcService.java:startImpl(149)) - 4f660045-096b-44e3-abb1-718e2f71488a: GrpcService started, listening on 0.0.0.0/0.0.0.0:42499
2019-07-13 19:23:45,758 INFO  ratis.XceiverServerRatis (XceiverServerRatis.java:start(428)) - XceiverServerRatis 4f660045-096b-44e3-abb1-718e2f71488a is started using port 42499
2019-07-13 19:23:45,759 INFO  server.XceiverServerGrpc (XceiverServerGrpc.java:start(161)) - XceiverServerGrpc 4f660045-096b-44e3-abb1-718e2f71488a is started using port 43767
2019-07-13 19:23:45,898 INFO  ozone.MiniOzoneClusterImpl (MiniOzoneClusterImpl.java:lambda$waitForClusterToBeReady$0(142)) - Waiting for cluster to be ready. Got 0 of 7 DN Heartbeats.
2019-07-13 19:23:45,901 INFO  ozoneimpl.OzoneContainer (OzoneContainer.java:start(186)) - Attempting to start container services.
2019-07-13 19:23:45,904 INFO  ozoneimpl.OzoneContainer (OzoneContainer.java:startContainerScrub(160)) - Background container scrubber has been disabled by hdds.containerscrub.enabled
2019-07-13 19:23:45,904 INFO  ratis.XceiverServerRatis (XceiverServerRatis.java:start(418)) - Starting XceiverServerRatis 9b70db6e-3b92-47df-b3e9-5c6dfc748ecf at port 0
2019-07-13 19:23:45,915 INFO  impl.RaftServerProxy (RaftServerProxy.java:lambda$start$3(299)) - 9b70db6e-3b92-47df-b3e9-5c6dfc748ecf: start RPC server
2019-07-13 19:23:45,923 INFO  server.GrpcService (GrpcService.java:startImpl(149)) - 9b70db6e-3b92-47df-b3e9-5c6dfc748ecf: GrpcService started, listening on 0.0.0.0/0.0.0.0:44174
2019-07-13 19:23:45,923 INFO  ratis.XceiverServerRatis (XceiverServerRatis.java:start(428)) - XceiverServerRatis 9b70db6e-3b92-47df-b3e9-5c6dfc748ecf is started using port 44174
2019-07-13 19:23:45,923 INFO  server.XceiverServerGrpc (XceiverServerGrpc.java:start(161)) - XceiverServerGrpc 9b70db6e-3b92-47df-b3e9-5c6dfc748ecf is started using port 43223
2019-07-13 19:23:46,073 INFO  ozoneimpl.OzoneContainer (OzoneContainer.java:start(186)) - Attempting to start container services.
2019-07-13 19:23:46,079 INFO  ozoneimpl.OzoneContainer (OzoneContainer.java:startContainerScrub(160)) - Background container scrubber has been disabled by hdds.containerscrub.enabled
2019-07-13 19:23:46,079 INFO  ratis.XceiverServerRatis (XceiverServerRatis.java:start(418)) - Starting XceiverServerRatis aac5a20c-afdd-48e6-b166-10de1dd2e40a at port 0
2019-07-13 19:23:46,087 INFO  impl.RaftServerProxy (RaftServerProxy.java:lambda$start$3(299)) - aac5a20c-afdd-48e6-b166-10de1dd2e40a: start RPC server
2019-07-13 19:23:46,088 INFO  server.GrpcService (GrpcService.java:startImpl(149)) - aac5a20c-afdd-48e6-b166-10de1dd2e40a: GrpcService started, listening on 0.0.0.0/0.0.0.0:38285
2019-07-13 19:23:46,088 INFO  ratis.XceiverServerRatis (XceiverServerRatis.java:start(428)) - XceiverServerRatis aac5a20c-afdd-48e6-b166-10de1dd2e40a is started using port 38285
2019-07-13 19:23:46,088 INFO  server.XceiverServerGrpc (XceiverServerGrpc.java:start(161)) - XceiverServerGrpc aac5a20c-afdd-48e6-b166-10de1dd2e40a is started using port 41006
2019-07-13 19:23:46,248 INFO  ozoneimpl.OzoneContainer (OzoneContainer.java:start(186)) - Attempting to start container services.
2019-07-13 19:23:46,248 INFO  ozoneimpl.OzoneContainer (OzoneContainer.java:startContainerScrub(160)) - Background container scrubber has been disabled by hdds.containerscrub.enabled
2019-07-13 19:23:46,248 INFO  ratis.XceiverServerRatis (XceiverServerRatis.java:start(418)) - Starting XceiverServerRatis 1978dc95-4d28-443c-916a-613efc6d37c9 at port 0
2019-07-13 19:23:46,257 INFO  impl.RaftServerProxy (RaftServerProxy.java:lambda$start$3(299)) - 1978dc95-4d28-443c-916a-613efc6d37c9: start RPC server
2019-07-13 19:23:46,260 INFO  server.GrpcService (GrpcService.java:startImpl(149)) - 1978dc95-4d28-443c-916a-613efc6d37c9: GrpcService started, listening on 0.0.0.0/0.0.0.0:37009
2019-07-13 19:23:46,261 INFO  ratis.XceiverServerRatis (XceiverServerRatis.java:start(428)) - XceiverServerRatis 1978dc95-4d28-443c-916a-613efc6d37c9 is started using port 37009
2019-07-13 19:23:46,261 INFO  server.XceiverServerGrpc (XceiverServerGrpc.java:start(161)) - XceiverServerGrpc 1978dc95-4d28-443c-916a-613efc6d37c9 is started using port 33967
2019-07-13 19:23:46,432 INFO  ozoneimpl.OzoneContainer (OzoneContainer.java:start(186)) - Attempting to start container services.
2019-07-13 19:23:46,432 INFO  ozoneimpl.OzoneContainer (OzoneContainer.java:startContainerScrub(160)) - Background container scrubber has been disabled by hdds.containerscrub.enabled
2019-07-13 19:23:46,432 INFO  ratis.XceiverServerRatis (XceiverServerRatis.java:start(418)) - Starting XceiverServerRatis cbf97dea-2830-4088-8803-65db8039c739 at port 0
2019-07-13 19:23:46,440 INFO  impl.RaftServerProxy (RaftServerProxy.java:lambda$start$3(299)) - cbf97dea-2830-4088-8803-65db8039c739: start RPC server
2019-07-13 19:23:46,444 INFO  server.GrpcService (GrpcService.java:startImpl(149)) - cbf97dea-2830-4088-8803-65db8039c739: GrpcService started, listening on 0.0.0.0/0.0.0.0:45624
2019-07-13 19:23:46,444 INFO  ratis.XceiverServerRatis (XceiverServerRatis.java:start(428)) - XceiverServerRatis cbf97dea-2830-4088-8803-65db8039c739 is started using port 45624
2019-07-13 19:23:46,445 INFO  server.XceiverServerGrpc (XceiverServerGrpc.java:start(161)) - XceiverServerGrpc cbf97dea-2830-4088-8803-65db8039c739 is started using port 40150
2019-07-13 19:23:46,669 INFO  ozoneimpl.OzoneContainer (OzoneContainer.java:start(186)) - Attempting to start container services.
2019-07-13 19:23:46,670 INFO  ozoneimpl.OzoneContainer (OzoneContainer.java:startContainerScrub(160)) - Background container scrubber has been disabled by hdds.containerscrub.enabled
2019-07-13 19:23:46,670 INFO  ratis.XceiverServerRatis (XceiverServerRatis.java:start(418)) - Starting XceiverServerRatis 27c138d4-b7f8-49f6-9984-f82b7ebef8a8 at port 0
2019-07-13 19:23:46,678 INFO  impl.RaftServerProxy (RaftServerProxy.java:lambda$start$3(299)) - 27c138d4-b7f8-49f6-9984-f82b7ebef8a8: start RPC server
2019-07-13 19:23:46,682 INFO  server.GrpcService (GrpcService.java:startImpl(149)) - 27c138d4-b7f8-49f6-9984-f82b7ebef8a8: GrpcService started, listening on 0.0.0.0/0.0.0.0:35751
2019-07-13 19:23:46,682 INFO  ratis.XceiverServerRatis (XceiverServerRatis.java:start(428)) - XceiverServerRatis 27c138d4-b7f8-49f6-9984-f82b7ebef8a8 is started using port 35751
2019-07-13 19:23:46,684 INFO  server.XceiverServerGrpc (XceiverServerGrpc.java:start(161)) - XceiverServerGrpc 27c138d4-b7f8-49f6-9984-f82b7ebef8a8 is started using port 39737
2019-07-13 19:23:46,898 INFO  ozone.MiniOzoneClusterImpl (MiniOzoneClusterImpl.java:lambda$waitForClusterToBeReady$0(142)) - Waiting for cluster to be ready. Got 0 of 7 DN Heartbeats.
2019-07-13 19:23:46,915 INFO  ozoneimpl.OzoneContainer (OzoneContainer.java:start(186)) - Attempting to start container services.
2019-07-13 19:23:46,915 INFO  ozoneimpl.OzoneContainer (OzoneContainer.java:startContainerScrub(160)) - Background container scrubber has been disabled by hdds.containerscrub.enabled
2019-07-13 19:23:46,915 INFO  ratis.XceiverServerRatis (XceiverServerRatis.java:start(418)) - Starting XceiverServerRatis c74533c3-a60a-4bf1-8b3c-8c12f10c773e at port 0
2019-07-13 19:23:46,923 INFO  impl.RaftServerProxy (RaftServerProxy.java:lambda$start$3(299)) - c74533c3-a60a-4bf1-8b3c-8c12f10c773e: start RPC server
2019-07-13 19:23:46,928 INFO  server.GrpcService (GrpcService.java:startImpl(149)) - c74533c3-a60a-4bf1-8b3c-8c12f10c773e: GrpcService started, listening on 0.0.0.0/0.0.0.0:34177
2019-07-13 19:23:46,928 INFO  ratis.XceiverServerRatis (XceiverServerRatis.java:start(428)) - XceiverServerRatis c74533c3-a60a-4bf1-8b3c-8c12f10c773e is started using port 34177
2019-07-13 19:23:46,929 INFO  server.XceiverServerGrpc (XceiverServerGrpc.java:start(161)) - XceiverServerGrpc c74533c3-a60a-4bf1-8b3c-8c12f10c773e is started using port 41956
2019-07-13 19:23:47,728 INFO  net.NetworkTopology (NetworkTopologyImpl.java:add(110)) - Added a new node: /default-rack/192.168.69.122
2019-07-13 19:23:47,731 INFO  node.SCMNodeManager (SCMNodeManager.java:register(269)) - Registered Data node : 4f660045-096b-44e3-abb1-718e2f71488a{ip: 192.168.69.122, host: trunk-nightly-fxqsz-774976932, networkLocation: /default-rack, certSerialId: null}
2019-07-13 19:23:47,732 INFO  safemode.SCMSafeModeManager (DataNodeSafeModeRule.java:process(71)) - SCM in safe mode. 1 DataNodes registered, 1 required.
2019-07-13 19:23:47,735 INFO  safemode.SCMSafeModeManager (SCMSafeModeManager.java:validateSafeModeExitRules(177)) - ScmSafeModeManager, all rules are successfully validated
2019-07-13 19:23:47,735 INFO  safemode.SCMSafeModeManager (SCMSafeModeManager.java:exitSafeMode(193)) - SCM exiting safe mode.
2019-07-13 19:23:47,750 INFO  impl.RaftServerProxy (RaftServerProxy.java:addNew(89)) - 4f660045-096b-44e3-abb1-718e2f71488a: addNew group-A2E14DF2A751:[4f660045-096b-44e3-abb1-718e2f71488a:192.168.69.122:42499] returns group-A2E14DF2A751:java.util.concurrent.CompletableFuture@76017d0d[Not completed]
2019-07-13 19:23:47,751 INFO  impl.RaftServerImpl (RaftServerImpl.java:<init>(93)) - 4f660045-096b-44e3-abb1-718e2f71488a: new RaftServerImpl for group-A2E14DF2A751:[4f660045-096b-44e3-abb1-718e2f71488a:192.168.69.122:42499] with ContainerStateMachine:uninitialized
2019-07-13 19:23:47,751 INFO  server.RaftServerConfigKeys (ConfUtils.java:logGet(43)) - raft.server.rpc.timeout.min = 5s (custom)
2019-07-13 19:23:47,752 INFO  server.RaftServerConfigKeys (ConfUtils.java:logGet(43)) - raft.server.rpc.timeout.max = 5200ms (custom)
2019-07-13 19:23:47,752 INFO  server.RaftServerConfigKeys (ConfUtils.java:logGet(43)) - raft.server.rpcslowness.timeout = 120s (custom)
2019-07-13 19:23:47,752 INFO  server.RaftServerConfigKeys (ConfUtils.java:logGet(43)) - raft.server.sleep.deviation.threshold = 300 (default)
2019-07-13 19:23:47,752 INFO  server.RaftServerConfigKeys (ConfUtils.java:logGet(43)) - raft.server.log.appender.install.snapshot.enabled = false (custom)
2019-07-13 19:23:47,752 INFO  impl.RaftServerImpl (ServerState.java:<init>(105)) - 4f660045-096b-44e3-abb1-718e2f71488a:group-A2E14DF2A751 ConfigurationManager, init=-1: [4f660045-096b-44e3-abb1-718e2f71488a:192.168.69.122:42499], old=null, confs=<EMPTY_MAP>
2019-07-13 19:23:47,752 INFO  server.RaftServerConfigKeys (ConfUtils.java:logGet(43)) - raft.server.storage.dir = [/tmp/workdir/hadoop-ozone/integration-test/target/test-dir/MiniOzoneClusterImpl-f32f9215-da2e-405c-a6ea-b120bba4df1b/datanode-0/data/ratis] (custom)
2019-07-13 19:23:47,754 INFO  storage.RaftStorageDirectory (RaftStorageDirectory.java:analyzeStorage(246)) - The storage directory /tmp/workdir/hadoop-ozone/integration-test/target/test-dir/MiniOzoneClusterImpl-f32f9215-da2e-405c-a6ea-b120bba4df1b/datanode-0/data/ratis/c1553f1b-ca5f-44c0-a3b5-a2e14df2a751 does not exist. Creating ...
2019-07-13 19:23:47,768 INFO  storage.RaftStorageDirectory (RaftStorageDirectory.java:tryLock(328)) - Lock on /tmp/workdir/hadoop-ozone/integration-test/target/test-dir/MiniOzoneClusterImpl-f32f9215-da2e-405c-a6ea-b120bba4df1b/datanode-0/data/ratis/c1553f1b-ca5f-44c0-a3b5-a2e14df2a751/in_use.lock acquired by nodename 22884@trunk-nightly-fxqsz-774976932
2019-07-13 19:23:47,782 INFO  storage.RaftStorage (RaftStorage.java:format(72)) - Storage directory /tmp/workdir/hadoop-ozone/integration-test/target/test-dir/MiniOzoneClusterImpl-f32f9215-da2e-405c-a6ea-b120bba4df1b/datanode-0/data/ratis/c1553f1b-ca5f-44c0-a3b5-a2e14df2a751 has been successfully formatted.
2019-07-13 19:23:47,782 INFO  ratis.ContainerStateMachine (ContainerStateMachine.java:loadSnapshot(200)) - The snapshot info is null.Setting the last applied index to:(t:0, i:~)
2019-07-13 19:23:47,782 INFO  server.RaftServerConfigKeys (ConfUtils.java:logGet(43)) - raft.server.leader.election.timeout = 120s (custom)
2019-07-13 19:23:47,782 INFO  server.RaftServerConfigKeys (ConfUtils.java:logGet(43)) - raft.server.log.use.memory = false (default)
2019-07-13 19:23:47,783 INFO  server.RaftServerConfigKeys (ConfUtils.java:logGet(43)) - raft.server.log.purge.gap = 1000000000 (custom)
2019-07-13 19:23:47,783 INFO  server.RaftServerConfigKeys (ConfUtils.java:logGet(43)) - raft.server.log.appender.buffer.byte-limit = 33554432 (custom)
2019-07-13 19:23:47,783 INFO  server.RaftServerConfigKeys (ConfUtils.java:logGet(43)) - raft.server.log.segment.size.max = 1048576 (custom)
2019-07-13 19:23:47,783 INFO  server.RaftServerConfigKeys (ConfUtils.java:logGet(43)) - raft.server.log.segment.cache.num.max = 2 (custom)
2019-07-13 19:23:47,784 INFO  segmented.SegmentedRaftLogWorker (SegmentedRaftLogWorker.java:<init>(172)) - new 4f660045-096b-44e3-abb1-718e2f71488a-SegmentedRaftLogWorker:Storage Directory /tmp/workdir/hadoop-ozone/integration-test/target/test-dir/MiniOzoneClusterImpl-f32f9215-da2e-405c-a6ea-b120bba4df1b/datanode-0/data/ratis/c1553f1b-ca5f-44c0-a3b5-a2e14df2a751 for RaftStorage:Storage Directory /tmp/workdir/hadoop-ozone/integration-test/target/test-dir/MiniOzoneClusterImpl-f32f9215-da2e-405c-a6ea-b120bba4df1b/datanode-0/data/ratis/c1553f1b-ca5f-44c0-a3b5-a2e14df2a751
2019-07-13 19:23:47,784 INFO  server.RaftServerConfigKeys (ConfUtils.java:logGet(43)) - raft.server.log.queue.byte-limit = 2147483647 (custom)
2019-07-13 19:23:47,784 INFO  server.RaftServerConfigKeys (ConfUtils.java:logGet(43)) - raft.server.log.queue.element-limit = 1024 (custom)
2019-07-13 19:23:47,785 INFO  server.RaftServerConfigKeys (ConfUtils.java:logGet(43)) - raft.server.log.segment.size.max = 1048576 (custom)
2019-07-13 19:23:47,785 INFO  server.RaftServerConfigKeys (ConfUtils.java:logGet(43)) - raft.server.log.preallocated.size = 16384 (custom)
2019-07-13 19:23:47,785 INFO  server.RaftServerConfigKeys (ConfUtils.java:logGet(43)) - raft.server.log.write.buffer.size = 33554432 (custom)
2019-07-13 19:23:47,785 INFO  server.RaftServerConfigKeys (ConfUtils.java:logGet(43)) - raft.server.log.force.sync.num = 128 (default)
2019-07-13 19:23:47,785 INFO  server.RaftServerConfigKeys (ConfUtils.java:logGet(43)) - raft.server.log.statemachine.data.sync = true (default)
2019-07-13 19:23:47,785 INFO  server.RaftServerConfigKeys (ConfUtils.java:logGet(43)) - raft.server.log.statemachine.data.sync.timeout = 10s (default)
2019-07-13 19:23:47,785 INFO  server.RaftServerConfigKeys (ConfUtils.java:logGet(43)) - raft.server.log.statemachine.data.sync.timeout.retry = -1 (default)
2019-07-13 19:23:47,786 INFO  server.RaftServerConfigKeys (ConfUtils.java:logGet(43)) - raft.server.log.statemachine.data.caching.enabled = true (custom)
2019-07-13 19:23:47,786 INFO  segmented.SegmentedRaftLogWorker (SegmentedRaftLogWorker.java:lambda$new$0(132)) - 4f660045-096b-44e3-abb1-718e2f71488a-SegmentedRaftLogWorker:Storage Directory /tmp/workdir/hadoop-ozone/integration-test/target/test-dir/MiniOzoneClusterImpl-f32f9215-da2e-405c-a6ea-b120bba4df1b/datanode-0/data/ratis/c1553f1b-ca5f-44c0-a3b5-a2e14df2a751: flushIndex: setUnconditionally 0 -> -1
2019-07-13 19:23:47,787 INFO  server.RaftServerConfigKeys (ConfUtils.java:logGet(43)) - raft.server.snapshot.auto.trigger.enabled = true (custom)
2019-07-13 19:23:47,787 INFO  server.RaftServerConfigKeys (ConfUtils.java:logGet(43)) - raft.server.snapshot.auto.trigger.threshold = 10000 (custom)
2019-07-13 19:23:47,787 INFO  server.RaftServerConfigKeys (ConfUtils.java:logGet(43)) - raft.server.retrycache.expirytime = 600000ms (custom)
2019-07-13 19:23:47,787 INFO  impl.RaftServerImpl (RaftServerImpl.java:start(180)) - 4f660045-096b-44e3-abb1-718e2f71488a: start group-A2E14DF2A751
2019-07-13 19:23:47,788 INFO  impl.RaftServerImpl (RaftServerImpl.java:setRole(171)) - 4f660045-096b-44e3-abb1-718e2f71488a:group-A2E14DF2A751 changes role from null to FOLLOWER at term 0 for startAsFollower
2019-07-13 19:23:47,788 INFO  impl.RoleInfo (RoleInfo.java:updateAndGet(143)) - 4f660045-096b-44e3-abb1-718e2f71488a: start FollowerState
2019-07-13 19:23:47,788 INFO  util.JmxRegister (JmxRegister.java:tryRegister(44)) - Successfully registered JMX Bean with object name Ratis:service=RaftServer,group=group-A2E14DF2A751,id=4f660045-096b-44e3-abb1-718e2f71488a
2019-07-13 19:23:47,796 INFO  pipeline.PipelineStateManager (PipelineStateManager.java:addPipeline(56)) - Created pipeline Pipeline[ Id: c1553f1b-ca5f-44c0-a3b5-a2e14df2a751, Nodes: 4f660045-096b-44e3-abb1-718e2f71488a{ip: 192.168.69.122, host: trunk-nightly-fxqsz-774976932, networkLocation: /default-rack, certSerialId: null}, Type:RATIS, Factor:ONE, State:OPEN]
2019-07-13 19:23:47,887 INFO  node.SCMNodeManager (SCMNodeManager.java:register(269)) - Registered Data node : 9b70db6e-3b92-47df-b3e9-5c6dfc748ecf{ip: 192.168.69.122, host: trunk-nightly-fxqsz-774976932, networkLocation: /default-rack, certSerialId: null}
2019-07-13 19:23:47,904 INFO  ozone.MiniOzoneClusterImpl (MiniOzoneClusterImpl.java:lambda$waitForClusterToBeReady$0(142)) - Waiting for cluster to be ready. Got 2 of 7 DN Heartbeats.
2019-07-13 19:23:47,913 INFO  impl.RaftServerProxy (RaftServerProxy.java:addNew(89)) - 9b70db6e-3b92-47df-b3e9-5c6dfc748ecf: addNew group-E40B0B258B34:[9b70db6e-3b92-47df-b3e9-5c6dfc748ecf:192.168.69.122:44174] returns group-E40B0B258B34:java.util.concurrent.CompletableFuture@73d6d01f[Not completed]
2019-07-13 19:23:47,914 INFO  impl.RaftServerImpl (RaftServerImpl.java:<init>(93)) - 9b70db6e-3b92-47df-b3e9-5c6dfc748ecf: new RaftServerImpl for group-E40B0B258B34:[9b70db6e-3b92-47df-b3e9-5c6dfc748ecf:192.168.69.122:44174] with ContainerStateMachine:uninitialized
2019-07-13 19:23:47,914 INFO  server.RaftServerConfigKeys (ConfUtils.java:logGet(43)) - raft.server.rpc.timeout.min = 5s (custom)
2019-07-13 19:23:47,914 INFO  server.RaftServerConfigKeys (ConfUtils.java:logGet(43)) - raft.server.rpc.timeout.max = 5200ms (custom)
2019-07-13 19:23:47,914 INFO  server.RaftServerConfigKeys (ConfUtils.java:logGet(43)) - raft.server.rpcslowness.timeout = 120s (custom)
2019-07-13 19:23:47,914 INFO  server.RaftServerConfigKeys (ConfUtils.java:logGet(43)) - raft.server.sleep.deviation.threshold = 300 (default)
2019-07-13 19:23:47,915 INFO  server.RaftServerConfigKeys (ConfUtils.java:logGet(43)) - raft.server.log.appender.install.snapshot.enabled = false (custom)
2019-07-13 19:23:47,915 INFO  impl.RaftServerImpl (ServerState.java:<init>(105)) - 9b70db6e-3b92-47df-b3e9-5c6dfc748ecf:group-E40B0B258B34 ConfigurationManager, init=-1: [9b70db6e-3b92-47df-b3e9-5c6dfc748ecf:192.168.69.122:44174], old=null, confs=<EMPTY_MAP>
2019-07-13 19:23:47,915 INFO  server.RaftServerConfigKeys (ConfUtils.java:logGet(43)) - raft.server.storage.dir = [/tmp/workdir/hadoop-ozone/integration-test/target/test-dir/MiniOzoneClusterImpl-f32f9215-da2e-405c-a6ea-b120bba4df1b/datanode-1/data/ratis] (custom)
2019-07-13 19:23:47,915 INFO  storage.RaftStorageDirectory (RaftStorageDirectory.java:analyzeStorage(246)) - The storage directory /tmp/workdir/hadoop-ozone/integration-test/target/test-dir/MiniOzoneClusterImpl-f32f9215-da2e-405c-a6ea-b120bba4df1b/datanode-1/data/ratis/a57783e0-f97e-4429-9ffe-e40b0b258b34 does not exist. Creating ...
2019-07-13 19:23:47,929 INFO  storage.RaftStorageDirectory (RaftStorageDirectory.java:tryLock(328)) - Lock on /tmp/workdir/hadoop-ozone/integration-test/target/test-dir/MiniOzoneClusterImpl-f32f9215-da2e-405c-a6ea-b120bba4df1b/datanode-1/data/ratis/a57783e0-f97e-4429-9ffe-e40b0b258b34/in_use.lock acquired by nodename 22884@trunk-nightly-fxqsz-774976932
2019-07-13 19:23:47,943 INFO  storage.RaftStorage (RaftStorage.java:format(72)) - Storage directory /tmp/workdir/hadoop-ozone/integration-test/target/test-dir/MiniOzoneClusterImpl-f32f9215-da2e-405c-a6ea-b120bba4df1b/datanode-1/data/ratis/a57783e0-f97e-4429-9ffe-e40b0b258b34 has been successfully formatted.
2019-07-13 19:23:47,943 INFO  ratis.ContainerStateMachine (ContainerStateMachine.java:loadSnapshot(200)) - The snapshot info is null.Setting the last applied index to:(t:0, i:~)
2019-07-13 19:23:47,943 INFO  server.RaftServerConfigKeys (ConfUtils.java:logGet(43)) - raft.server.leader.election.timeout = 120s (custom)
2019-07-13 19:23:47,944 INFO  server.RaftServerConfigKeys (ConfUtils.java:logGet(43)) - raft.server.log.use.memory = false (default)
2019-07-13 19:23:47,944 INFO  server.RaftServerConfigKeys (ConfUtils.java:logGet(43)) - raft.server.log.purge.gap = 1000000000 (custom)
2019-07-13 19:23:47,944 INFO  server.RaftServerConfigKeys (ConfUtils.java:logGet(43)) - raft.server.log.appender.buffer.byte-limit = 33554432 (custom)
2019-07-13 19:23:47,944 INFO  server.RaftServerConfigKeys (ConfUtils.java:logGet(43)) - raft.server.log.segment.size.max = 1048576 (custom)
2019-07-13 19:23:47,944 INFO  server.RaftServerConfigKeys (ConfUtils.java:logGet(43)) - raft.server.log.segment.cache.num.max = 2 (custom)
2019-07-13 19:23:47,944 INFO  segmented.SegmentedRaftLogWorker (SegmentedRaftLogWorker.java:<init>(172)) - new 9b70db6e-3b92-47df-b3e9-5c6dfc748ecf-SegmentedRaftLogWorker:Storage Directory /tmp/workdir/hadoop-ozone/integration-test/target/test-dir/MiniOzoneClusterImpl-f32f9215-da2e-405c-a6ea-b120bba4df1b/datanode-1/data/ratis/a57783e0-f97e-4429-9ffe-e40b0b258b34 for RaftStorage:Storage Directory /tmp/workdir/hadoop-ozone/integration-test/target/test-dir/MiniOzoneClusterImpl-f32f9215-da2e-405c-a6ea-b120bba4df1b/datanode-1/data/ratis/a57783e0-f97e-4429-9ffe-e40b0b258b34
2019-07-13 19:23:47,945 INFO  server.RaftServerConfigKeys (ConfUtils.java:logGet(43)) - raft.server.log.queue.byte-limit = 2147483647 (custom)
2019-07-13 19:23:47,945 INFO  server.RaftServerConfigKeys (ConfUtils.java:logGet(43)) - raft.server.log.queue.element-limit = 1024 (custom)
2019-07-13 19:23:47,945 INFO  server.RaftServerConfigKeys (ConfUtils.java:logGet(43)) - raft.server.log.segment.size.max = 1048576 (custom)
2019-07-13 19:23:47,945 INFO  server.RaftServerConfigKeys (ConfUtils.java:logGet(43)) - raft.server.log.preallocated.size = 16384 (custom)
2019-07-13 19:23:47,945 INFO  server.RaftServerConfigKeys (ConfUtils.java:logGet(43)) - raft.server.log.write.buffer.size = 33554432 (custom)
2019-07-13 19:23:47,945 INFO  server.RaftServerConfigKeys (ConfUtils.java:logGet(43)) - raft.server.log.force.sync.num = 128 (default)
2019-07-13 19:23:47,946 INFO  server.RaftServerConfigKeys (ConfUtils.java:logGet(43)) - raft.server.log.statemachine.data.sync = true (default)
2019-07-13 19:23:47,946 INFO  server.RaftServerConfigKeys (ConfUtils.java:logGet(43)) - raft.server.log.statemachine.data.sync.timeout = 10s (default)
2019-07-13 19:23:47,946 INFO  server.RaftServerConfigKeys (ConfUtils.java:logGet(43)) - raft.server.log.statemachine.data.sync.timeout.retry = -1 (default)
2019-07-13 19:23:47,946 INFO  server.RaftServerConfigKeys (ConfUtils.java:logGet(43)) - raft.server.log.statemachine.data.caching.enabled = true (custom)
2019-07-13 19:23:47,947 INFO  segmented.SegmentedRaftLogWorker (SegmentedRaftLogWorker.java:lambda$new$0(132)) - 9b70db6e-3b92-47df-b3e9-5c6dfc748ecf-SegmentedRaftLogWorker:Storage Directory /tmp/workdir/hadoop-ozone/integration-test/target/test-dir/MiniOzoneClusterImpl-f32f9215-da2e-405c-a6ea-b120bba4df1b/datanode-1/data/ratis/a57783e0-f97e-4429-9ffe-e40b0b258b34: flushIndex: setUnconditionally 0 -> -1
2019-07-13 19:23:47,947 INFO  server.RaftServerConfigKeys (ConfUtils.java:logGet(43)) - raft.server.snapshot.auto.trigger.enabled = true (custom)
2019-07-13 19:23:47,947 INFO  server.RaftServerConfigKeys (ConfUtils.java:logGet(43)) - raft.server.snapshot.auto.trigger.threshold = 10000 (custom)
2019-07-13 19:23:47,947 INFO  server.RaftServerConfigKeys (ConfUtils.java:logGet(43)) - raft.server.retrycache.expirytime = 600000ms (custom)
2019-07-13 19:23:47,948 INFO  impl.RaftServerImpl (RaftServerImpl.java:start(180)) - 9b70db6e-3b92-47df-b3e9-5c6dfc748ecf: start group-E40B0B258B34
2019-07-13 19:23:47,948 INFO  impl.RaftServerImpl (RaftServerImpl.java:setRole(171)) - 9b70db6e-3b92-47df-b3e9-5c6dfc748ecf:group-E40B0B258B34 changes role from null to FOLLOWER at term 0 for startAsFollower
2019-07-13 19:23:47,948 INFO  impl.RoleInfo (RoleInfo.java:updateAndGet(143)) - 9b70db6e-3b92-47df-b3e9-5c6dfc748ecf: start FollowerState
2019-07-13 19:23:47,948 INFO  util.JmxRegister (JmxRegister.java:tryRegister(44)) - Successfully registered JMX Bean with object name Ratis:service=RaftServer,group=group-E40B0B258B34,id=9b70db6e-3b92-47df-b3e9-5c6dfc748ecf
2019-07-13 19:23:47,953 INFO  pipeline.PipelineStateManager (PipelineStateManager.java:addPipeline(56)) - Created pipeline Pipeline[ Id: a57783e0-f97e-4429-9ffe-e40b0b258b34, Nodes: 9b70db6e-3b92-47df-b3e9-5c6dfc748ecf{ip: 192.168.69.122, host: trunk-nightly-fxqsz-774976932, networkLocation: /default-rack, certSerialId: null}, Type:RATIS, Factor:ONE, State:OPEN]
2019-07-13 19:23:48,060 INFO  node.SCMNodeManager (SCMNodeManager.java:register(269)) - Registered Data node : aac5a20c-afdd-48e6-b166-10de1dd2e40a{ip: 192.168.69.122, host: trunk-nightly-fxqsz-774976932, networkLocation: /default-rack, certSerialId: null}
2019-07-13 19:23:48,068 INFO  impl.RaftServerProxy (RaftServerProxy.java:addNew(89)) - aac5a20c-afdd-48e6-b166-10de1dd2e40a: addNew group-6C2927CB243A:[aac5a20c-afdd-48e6-b166-10de1dd2e40a:192.168.69.122:38285] returns group-6C2927CB243A:java.util.concurrent.CompletableFuture@22f79b58[Not completed]
2019-07-13 19:23:48,069 INFO  impl.RaftServerImpl (RaftServerImpl.java:<init>(93)) - aac5a20c-afdd-48e6-b166-10de1dd2e40a: new RaftServerImpl for group-6C2927CB243A:[aac5a20c-afdd-48e6-b166-10de1dd2e40a:192.168.69.122:38285] with ContainerStateMachine:uninitialized
2019-07-13 19:23:48,069 INFO  server.RaftServerConfigKeys (ConfUtils.java:logGet(43)) - raft.server.rpc.timeout.min = 5s (custom)
2019-07-13 19:23:48,069 INFO  server.RaftServerConfigKeys (ConfUtils.java:logGet(43)) - raft.server.rpc.timeout.max = 5200ms (custom)
2019-07-13 19:23:48,069 INFO  server.RaftServerConfigKeys (ConfUtils.java:logGet(43)) - raft.server.rpcslowness.timeout = 120s (custom)
2019-07-13 19:23:48,069 INFO  server.RaftServerConfigKeys (ConfUtils.java:logGet(43)) - raft.server.sleep.deviation.threshold = 300 (default)
2019-07-13 19:23:48,069 INFO  server.RaftServerConfigKeys (ConfUtils.java:logGet(43)) - raft.server.log.appender.install.snapshot.enabled = false (custom)
2019-07-13 19:23:48,069 INFO  impl.RaftServerImpl (ServerState.java:<init>(105)) - aac5a20c-afdd-48e6-b166-10de1dd2e40a:group-6C2927CB243A ConfigurationManager, init=-1: [aac5a20c-afdd-48e6-b166-10de1dd2e40a:192.168.69.122:38285], old=null, confs=<EMPTY_MAP>
2019-07-13 19:23:48,069 INFO  server.RaftServerConfigKeys (ConfUtils.java:logGet(43)) - raft.server.storage.dir = [/tmp/workdir/hadoop-ozone/integration-test/target/test-dir/MiniOzoneClusterImpl-f32f9215-da2e-405c-a6ea-b120bba4df1b/datanode-2/data/ratis] (custom)
2019-07-13 19:23:48,070 INFO  storage.RaftStorageDirectory (RaftStorageDirectory.java:analyzeStorage(246)) - The storage directory /tmp/workdir/hadoop-ozone/integration-test/target/test-dir/MiniOzoneClusterImpl-f32f9215-da2e-405c-a6ea-b120bba4df1b/datanode-2/data/ratis/d31d32e1-3890-46b6-82c2-6c2927cb243a does not exist. Creating ...
2019-07-13 19:23:48,078 INFO  storage.RaftStorageDirectory (RaftStorageDirectory.java:tryLock(328)) - Lock on /tmp/workdir/hadoop-ozone/integration-test/target/test-dir/MiniOzoneClusterImpl-f32f9215-da2e-405c-a6ea-b120bba4df1b/datanode-2/data/ratis/d31d32e1-3890-46b6-82c2-6c2927cb243a/in_use.lock acquired by nodename 22884@trunk-nightly-fxqsz-774976932
2019-07-13 19:23:48,093 INFO  storage.RaftStorage (RaftStorage.java:format(72)) - Storage directory /tmp/workdir/hadoop-ozone/integration-test/target/test-dir/MiniOzoneClusterImpl-f32f9215-da2e-405c-a6ea-b120bba4df1b/datanode-2/data/ratis/d31d32e1-3890-46b6-82c2-6c2927cb243a has been successfully formatted.
2019-07-13 19:23:48,093 INFO  ratis.ContainerStateMachine (ContainerStateMachine.java:loadSnapshot(200)) - The snapshot info is null.Setting the last applied index to:(t:0, i:~)
2019-07-13 19:23:48,093 INFO  server.RaftServerConfigKeys (ConfUtils.java:logGet(43)) - raft.server.leader.election.timeout = 120s (custom)
2019-07-13 19:23:48,093 INFO  server.RaftServerConfigKeys (ConfUtils.java:logGet(43)) - raft.server.log.use.memory = false (default)
2019-07-13 19:23:48,094 INFO  server.RaftServerConfigKeys (ConfUtils.java:logGet(43)) - raft.server.log.purge.gap = 1000000000 (custom)
2019-07-13 19:23:48,094 INFO  server.RaftServerConfigKeys (ConfUtils.java:logGet(43)) - raft.server.log.appender.buffer.byte-limit = 33554432 (custom)
2019-07-13 19:23:48,094 INFO  server.RaftServerConfigKeys (ConfUtils.java:logGet(43)) - raft.server.log.segment.size.max = 1048576 (custom)
2019-07-13 19:23:48,094 INFO  server.RaftServerConfigKeys (ConfUtils.java:logGet(43)) - raft.server.log.segment.cache.num.max = 2 (custom)
2019-07-13 19:23:48,094 INFO  segmented.SegmentedRaftLogWorker (SegmentedRaftLogWorker.java:<init>(172)) - new aac5a20c-afdd-48e6-b166-10de1dd2e40a-SegmentedRaftLogWorker:Storage Directory /tmp/workdir/hadoop-ozone/integration-test/target/test-dir/MiniOzoneClusterImpl-f32f9215-da2e-405c-a6ea-b120bba4df1b/datanode-2/data/ratis/d31d32e1-3890-46b6-82c2-6c2927cb243a for RaftStorage:Storage Directory /tmp/workdir/hadoop-ozone/integration-test/target/test-dir/MiniOzoneClusterImpl-f32f9215-da2e-405c-a6ea-b120bba4df1b/datanode-2/data/ratis/d31d32e1-3890-46b6-82c2-6c2927cb243a
2019-07-13 19:23:48,094 INFO  server.RaftServerConfigKeys (ConfUtils.java:logGet(43)) - raft.server.log.queue.byte-limit = 2147483647 (custom)
2019-07-13 19:23:48,094 INFO  server.RaftServerConfigKeys (ConfUtils.java:logGet(43)) - raft.server.log.queue.element-limit = 1024 (custom)
2019-07-13 19:23:48,094 INFO  server.RaftServerConfigKeys (ConfUtils.java:logGet(43)) - raft.server.log.segment.size.max = 1048576 (custom)
2019-07-13 19:23:48,095 INFO  server.RaftServerConfigKeys (ConfUtils.java:logGet(43)) - raft.server.log.preallocated.size = 16384 (custom)
2019-07-13 19:23:48,095 INFO  server.RaftServerConfigKeys (ConfUtils.java:logGet(43)) - raft.server.log.write.buffer.size = 33554432 (custom)
2019-07-13 19:23:48,095 INFO  server.RaftServerConfigKeys (ConfUtils.java:logGet(43)) - raft.server.log.force.sync.num = 128 (default)
2019-07-13 19:23:48,095 INFO  server.RaftServerConfigKeys (ConfUtils.java:logGet(43)) - raft.server.log.statemachine.data.sync = true (default)
2019-07-13 19:23:48,095 INFO  server.RaftServerConfigKeys (ConfUtils.java:logGet(43)) - raft.server.log.statemachine.data.sync.timeout = 10s (default)
2019-07-13 19:23:48,095 INFO  server.RaftServerConfigKeys (ConfUtils.java:logGet(43)) - raft.server.log.statemachine.data.sync.timeout.retry = -1 (default)
2019-07-13 19:23:48,095 INFO  server.RaftServerConfigKeys (ConfUtils.java:logGet(43)) - raft.server.log.statemachine.data.caching.enabled = true (custom)
2019-07-13 19:23:48,096 INFO  segmented.SegmentedRaftLogWorker (SegmentedRaftLogWorker.java:lambda$new$0(132)) - aac5a20c-afdd-48e6-b166-10de1dd2e40a-SegmentedRaftLogWorker:Storage Directory /tmp/workdir/hadoop-ozone/integration-test/target/test-dir/MiniOzoneClusterImpl-f32f9215-da2e-405c-a6ea-b120bba4df1b/datanode-2/data/ratis/d31d32e1-3890-46b6-82c2-6c2927cb243a: flushIndex: setUnconditionally 0 -> -1
2019-07-13 19:23:48,096 INFO  server.RaftServerConfigKeys (ConfUtils.java:logGet(43)) - raft.server.snapshot.auto.trigger.enabled = true (custom)
2019-07-13 19:23:48,096 INFO  server.RaftServerConfigKeys (ConfUtils.java:logGet(43)) - raft.server.snapshot.auto.trigger.threshold = 10000 (custom)
2019-07-13 19:23:48,096 INFO  server.RaftServerConfigKeys (ConfUtils.java:logGet(43)) - raft.server.retrycache.expirytime = 600000ms (custom)
2019-07-13 19:23:48,096 INFO  impl.RaftServerImpl (RaftServerImpl.java:start(180)) - aac5a20c-afdd-48e6-b166-10de1dd2e40a: start group-6C2927CB243A
2019-07-13 19:23:48,096 INFO  impl.RaftServerImpl (RaftServerImpl.java:setRole(171)) - aac5a20c-afdd-48e6-b166-10de1dd2e40a:group-6C2927CB243A changes role from null to FOLLOWER at term 0 for startAsFollower
2019-07-13 19:23:48,097 INFO  impl.RoleInfo (RoleInfo.java:updateAndGet(143)) - aac5a20c-afdd-48e6-b166-10de1dd2e40a: start FollowerState
2019-07-13 19:23:48,097 INFO  util.JmxRegister (JmxRegister.java:tryRegister(44)) - Successfully registered JMX Bean with object name Ratis:service=RaftServer,group=group-6C2927CB243A,id=aac5a20c-afdd-48e6-b166-10de1dd2e40a
2019-07-13 19:23:48,101 INFO  pipeline.PipelineStateManager (PipelineStateManager.java:addPipeline(56)) - Created pipeline Pipeline[ Id: d31d32e1-3890-46b6-82c2-6c2927cb243a, Nodes: aac5a20c-afdd-48e6-b166-10de1dd2e40a{ip: 192.168.69.122, host: trunk-nightly-fxqsz-774976932, networkLocation: /default-rack, certSerialId: null}, Type:RATIS, Factor:ONE, State:OPEN]
2019-07-13 19:23:48,111 INFO  impl.RaftServerProxy (RaftServerProxy.java:addNew(89)) - 4f660045-096b-44e3-abb1-718e2f71488a: addNew group-260EC2E5638D:[4f660045-096b-44e3-abb1-718e2f71488a:192.168.69.122:42499, aac5a20c-afdd-48e6-b166-10de1dd2e40a:192.168.69.122:38285, 9b70db6e-3b92-47df-b3e9-5c6dfc748ecf:192.168.69.122:44174] returns group-260EC2E5638D:java.util.concurrent.CompletableFuture@4e58ada4[Not completed]
2019-07-13 19:23:48,112 INFO  impl.RaftServerProxy (RaftServerProxy.java:addNew(89)) - aac5a20c-afdd-48e6-b166-10de1dd2e40a: addNew group-260EC2E5638D:[4f660045-096b-44e3-abb1-718e2f71488a:192.168.69.122:42499, aac5a20c-afdd-48e6-b166-10de1dd2e40a:192.168.69.122:38285, 9b70db6e-3b92-47df-b3e9-5c6dfc748ecf:192.168.69.122:44174] returns group-260EC2E5638D:java.util.concurrent.CompletableFuture@78aa666a[Not completed]
2019-07-13 19:23:48,111 INFO  impl.RaftServerProxy (RaftServerProxy.java:addNew(89)) - 9b70db6e-3b92-47df-b3e9-5c6dfc748ecf: addNew group-260EC2E5638D:[4f660045-096b-44e3-abb1-718e2f71488a:192.168.69.122:42499, aac5a20c-afdd-48e6-b166-10de1dd2e40a:192.168.69.122:38285, 9b70db6e-3b92-47df-b3e9-5c6dfc748ecf:192.168.69.122:44174] returns group-260EC2E5638D:java.util.concurrent.CompletableFuture@7cccb272[Not completed]
2019-07-13 19:23:48,113 INFO  impl.RaftServerImpl (RaftServerImpl.java:<init>(93)) - 4f660045-096b-44e3-abb1-718e2f71488a: new RaftServerImpl for group-260EC2E5638D:[4f660045-096b-44e3-abb1-718e2f71488a:192.168.69.122:42499, aac5a20c-afdd-48e6-b166-10de1dd2e40a:192.168.69.122:38285, 9b70db6e-3b92-47df-b3e9-5c6dfc748ecf:192.168.69.122:44174] with ContainerStateMachine:uninitialized
2019-07-13 19:23:48,113 INFO  server.RaftServerConfigKeys (ConfUtils.java:logGet(43)) - raft.server.rpc.timeout.min = 5s (custom)
2019-07-13 19:23:48,113 INFO  server.RaftServerConfigKeys (ConfUtils.java:logGet(43)) - raft.server.rpc.timeout.max = 5200ms (custom)
2019-07-13 19:23:48,113 INFO  server.RaftServerConfigKeys (ConfUtils.java:logGet(43)) - raft.server.rpcslowness.timeout = 120s (custom)
2019-07-13 19:23:48,113 INFO  server.RaftServerConfigKeys (ConfUtils.java:logGet(43)) - raft.server.sleep.deviation.threshold = 300 (default)
2019-07-13 19:23:48,113 INFO  impl.RaftServerImpl (RaftServerImpl.java:<init>(93)) - 9b70db6e-3b92-47df-b3e9-5c6dfc748ecf: new RaftServerImpl for group-260EC2E5638D:[4f660045-096b-44e3-abb1-718e2f71488a:192.168.69.122:42499, aac5a20c-afdd-48e6-b166-10de1dd2e40a:192.168.69.122:38285, 9b70db6e-3b92-47df-b3e9-5c6dfc748ecf:192.168.69.122:44174] with ContainerStateMachine:uninitialized
2019-07-13 19:23:48,114 INFO  server.RaftServerConfigKeys (ConfUtils.java:logGet(43)) - raft.server.log.appender.install.snapshot.enabled = false (custom)
2019-07-13 19:23:48,114 INFO  server.RaftServerConfigKeys (ConfUtils.java:logGet(43)) - raft.server.rpc.timeout.min = 5s (custom)
2019-07-13 19:23:48,114 INFO  impl.RaftServerImpl (ServerState.java:<init>(105)) - 4f660045-096b-44e3-abb1-718e2f71488a:group-260EC2E5638D ConfigurationManager, init=-1: [4f660045-096b-44e3-abb1-718e2f71488a:192.168.69.122:42499, aac5a20c-afdd-48e6-b166-10de1dd2e40a:192.168.69.122:38285, 9b70db6e-3b92-47df-b3e9-5c6dfc748ecf:192.168.69.122:44174], old=null, confs=<EMPTY_MAP>
2019-07-13 19:23:48,114 INFO  server.RaftServerConfigKeys (ConfUtils.java:logGet(43)) - raft.server.rpc.timeout.max = 5200ms (custom)
2019-07-13 19:23:48,114 INFO  server.RaftServerConfigKeys (ConfUtils.java:logGet(43)) - raft.server.storage.dir = [/tmp/workdir/hadoop-ozone/integration-test/target/test-dir/MiniOzoneClusterImpl-f32f9215-da2e-405c-a6ea-b120bba4df1b/datanode-0/data/ratis] (custom)
2019-07-13 19:23:48,114 INFO  impl.RaftServerImpl (RaftServerImpl.java:<init>(93)) - aac5a20c-afdd-48e6-b166-10de1dd2e40a: new RaftServerImpl for group-260EC2E5638D:[4f660045-096b-44e3-abb1-718e2f71488a:192.168.69.122:42499, aac5a20c-afdd-48e6-b166-10de1dd2e40a:192.168.69.122:38285, 9b70db6e-3b92-47df-b3e9-5c6dfc748ecf:192.168.69.122:44174] with ContainerStateMachine:uninitialized
2019-07-13 19:23:48,114 INFO  server.RaftServerConfigKeys (ConfUtils.java:logGet(43)) - raft.server.rpcslowness.timeout = 120s (custom)
2019-07-13 19:23:48,114 INFO  storage.RaftStorageDirectory (RaftStorageDirectory.java:analyzeStorage(246)) - The storage directory /tmp/workdir/hadoop-ozone/integration-test/target/test-dir/MiniOzoneClusterImpl-f32f9215-da2e-405c-a6ea-b120bba4df1b/datanode-0/data/ratis/7f0b5c92-472e-499c-b3d8-260ec2e5638d does not exist. Creating ...
2019-07-13 19:23:48,114 INFO  server.RaftServerConfigKeys (ConfUtils.java:logGet(43)) - raft.server.rpc.timeout.min = 5s (custom)
2019-07-13 19:23:48,114 INFO  server.RaftServerConfigKeys (ConfUtils.java:logGet(43)) - raft.server.sleep.deviation.threshold = 300 (default)
2019-07-13 19:23:48,115 INFO  server.RaftServerConfigKeys (ConfUtils.java:logGet(43)) - raft.server.rpc.timeout.max = 5200ms (custom)
2019-07-13 19:23:48,115 INFO  server.RaftServerConfigKeys (ConfUtils.java:logGet(43)) - raft.server.log.appender.install.snapshot.enabled = false (custom)
2019-07-13 19:23:48,115 INFO  server.RaftServerConfigKeys (ConfUtils.java:logGet(43)) - raft.server.rpcslowness.timeout = 120s (custom)
2019-07-13 19:23:48,115 INFO  impl.RaftServerImpl (ServerState.java:<init>(105)) - 9b70db6e-3b92-47df-b3e9-5c6dfc748ecf:group-260EC2E5638D ConfigurationManager, init=-1: [4f660045-096b-44e3-abb1-718e2f71488a:192.168.69.122:42499, aac5a20c-afdd-48e6-b166-10de1dd2e40a:192.168.69.122:38285, 9b70db6e-3b92-47df-b3e9-5c6dfc748ecf:192.168.69.122:44174], old=null, confs=<EMPTY_MAP>
2019-07-13 19:23:48,115 INFO  server.RaftServerConfigKeys (ConfUtils.java:logGet(43)) - raft.server.sleep.deviation.threshold = 300 (default)
2019-07-13 19:23:48,115 INFO  server.RaftServerConfigKeys (ConfUtils.java:logGet(43)) - raft.server.storage.dir = [/tmp/workdir/hadoop-ozone/integration-test/target/test-dir/MiniOzoneClusterImpl-f32f9215-da2e-405c-a6ea-b120bba4df1b/datanode-1/data/ratis] (custom)
2019-07-13 19:23:48,115 INFO  server.RaftServerConfigKeys (ConfUtils.java:logGet(43)) - raft.server.log.appender.install.snapshot.enabled = false (custom)
2019-07-13 19:23:48,116 INFO  impl.RaftServerImpl (ServerState.java:<init>(105)) - aac5a20c-afdd-48e6-b166-10de1dd2e40a:group-260EC2E5638D ConfigurationManager, init=-1: [4f660045-096b-44e3-abb1-718e2f71488a:192.168.69.122:42499, aac5a20c-afdd-48e6-b166-10de1dd2e40a:192.168.69.122:38285, 9b70db6e-3b92-47df-b3e9-5c6dfc748ecf:192.168.69.122:44174], old=null, confs=<EMPTY_MAP>
2019-07-13 19:23:48,116 INFO  storage.RaftStorageDirectory (RaftStorageDirectory.java:analyzeStorage(246)) - The storage directory /tmp/workdir/hadoop-ozone/integration-test/target/test-dir/MiniOzoneClusterImpl-f32f9215-da2e-405c-a6ea-b120bba4df1b/datanode-1/data/ratis/7f0b5c92-472e-499c-b3d8-260ec2e5638d does not exist. Creating ...
2019-07-13 19:23:48,116 INFO  server.RaftServerConfigKeys (ConfUtils.java:logGet(43)) - raft.server.storage.dir = [/tmp/workdir/hadoop-ozone/integration-test/target/test-dir/MiniOzoneClusterImpl-f32f9215-da2e-405c-a6ea-b120bba4df1b/datanode-2/data/ratis] (custom)
2019-07-13 19:23:48,116 INFO  storage.RaftStorageDirectory (RaftStorageDirectory.java:analyzeStorage(246)) - The storage directory /tmp/workdir/hadoop-ozone/integration-test/target/test-dir/MiniOzoneClusterImpl-f32f9215-da2e-405c-a6ea-b120bba4df1b/datanode-2/data/ratis/7f0b5c92-472e-499c-b3d8-260ec2e5638d does not exist. Creating ...
2019-07-13 19:23:48,128 INFO  storage.RaftStorageDirectory (RaftStorageDirectory.java:tryLock(328)) - Lock on /tmp/workdir/hadoop-ozone/integration-test/target/test-dir/MiniOzoneClusterImpl-f32f9215-da2e-405c-a6ea-b120bba4df1b/datanode-1/data/ratis/7f0b5c92-472e-499c-b3d8-260ec2e5638d/in_use.lock acquired by nodename 22884@trunk-nightly-fxqsz-774976932
2019-07-13 19:23:48,128 INFO  storage.RaftStorageDirectory (RaftStorageDirectory.java:tryLock(328)) - Lock on /tmp/workdir/hadoop-ozone/integration-test/target/test-dir/MiniOzoneClusterImpl-f32f9215-da2e-405c-a6ea-b120bba4df1b/datanode-2/data/ratis/7f0b5c92-472e-499c-b3d8-260ec2e5638d/in_use.lock acquired by nodename 22884@trunk-nightly-fxqsz-774976932
2019-07-13 19:23:48,128 INFO  storage.RaftStorageDirectory (RaftStorageDirectory.java:tryLock(328)) - Lock on /tmp/workdir/hadoop-ozone/integration-test/target/test-dir/MiniOzoneClusterImpl-f32f9215-da2e-405c-a6ea-b120bba4df1b/datanode-0/data/ratis/7f0b5c92-472e-499c-b3d8-260ec2e5638d/in_use.lock acquired by nodename 22884@trunk-nightly-fxqsz-774976932
2019-07-13 19:23:48,142 INFO  storage.RaftStorage (RaftStorage.java:format(72)) - Storage directory /tmp/workdir/hadoop-ozone/integration-test/target/test-dir/MiniOzoneClusterImpl-f32f9215-da2e-405c-a6ea-b120bba4df1b/datanode-0/data/ratis/7f0b5c92-472e-499c-b3d8-260ec2e5638d has been successfully formatted.
2019-07-13 19:23:48,142 INFO  storage.RaftStorage (RaftStorage.java:format(72)) - Storage directory /tmp/workdir/hadoop-ozone/integration-test/target/test-dir/MiniOzoneClusterImpl-f32f9215-da2e-405c-a6ea-b120bba4df1b/datanode-1/data/ratis/7f0b5c92-472e-499c-b3d8-260ec2e5638d has been successfully formatted.
2019-07-13 19:23:48,142 INFO  storage.RaftStorage (RaftStorage.java:format(72)) - Storage directory /tmp/workdir/hadoop-ozone/integration-test/target/test-dir/MiniOzoneClusterImpl-f32f9215-da2e-405c-a6ea-b120bba4df1b/datanode-2/data/ratis/7f0b5c92-472e-499c-b3d8-260ec2e5638d has been successfully formatted.
2019-07-13 19:23:48,142 INFO  ratis.ContainerStateMachine (ContainerStateMachine.java:loadSnapshot(200)) - The snapshot info is null.Setting the last applied index to:(t:0, i:~)
2019-07-13 19:23:48,142 INFO  ratis.ContainerStateMachine (ContainerStateMachine.java:loadSnapshot(200)) - The snapshot info is null.Setting the last applied index to:(t:0, i:~)
2019-07-13 19:23:48,142 INFO  server.RaftServerConfigKeys (ConfUtils.java:logGet(43)) - raft.server.leader.election.timeout = 120s (custom)
2019-07-13 19:23:48,142 INFO  server.RaftServerConfigKeys (ConfUtils.java:logGet(43)) - raft.server.log.use.memory = false (default)
2019-07-13 19:23:48,142 INFO  ratis.ContainerStateMachine (ContainerStateMachine.java:loadSnapshot(200)) - The snapshot info is null.Setting the last applied index to:(t:0, i:~)
2019-07-13 19:23:48,142 INFO  server.RaftServerConfigKeys (ConfUtils.java:logGet(43)) - raft.server.log.purge.gap = 1000000000 (custom)
2019-07-13 19:23:48,142 INFO  server.RaftServerConfigKeys (ConfUtils.java:logGet(43)) - raft.server.leader.election.timeout = 120s (custom)
2019-07-13 19:23:48,143 INFO  server.RaftServerConfigKeys (ConfUtils.java:logGet(43)) - raft.server.log.appender.buffer.byte-limit = 33554432 (custom)
2019-07-13 19:23:48,143 INFO  server.RaftServerConfigKeys (ConfUtils.java:logGet(43)) - raft.server.leader.election.timeout = 120s (custom)
2019-07-13 19:23:48,143 INFO  server.RaftServerConfigKeys (ConfUtils.java:logGet(43)) - raft.server.log.segment.size.max = 1048576 (custom)
2019-07-13 19:23:48,143 INFO  server.RaftServerConfigKeys (ConfUtils.java:logGet(43)) - raft.server.log.use.memory = false (default)
2019-07-13 19:23:48,143 INFO  server.RaftServerConfigKeys (ConfUtils.java:logGet(43)) - raft.server.log.segment.cache.num.max = 2 (custom)
2019-07-13 19:23:48,143 INFO  server.RaftServerConfigKeys (ConfUtils.java:logGet(43)) - raft.server.log.use.memory = false (default)
2019-07-13 19:23:48,143 INFO  segmented.SegmentedRaftLogWorker (SegmentedRaftLogWorker.java:<init>(172)) - new 9b70db6e-3b92-47df-b3e9-5c6dfc748ecf-SegmentedRaftLogWorker:Storage Directory /tmp/workdir/hadoop-ozone/integration-test/target/test-dir/MiniOzoneClusterImpl-f32f9215-da2e-405c-a6ea-b120bba4df1b/datanode-1/data/ratis/7f0b5c92-472e-499c-b3d8-260ec2e5638d for RaftStorage:Storage Directory /tmp/workdir/hadoop-ozone/integration-test/target/test-dir/MiniOzoneClusterImpl-f32f9215-da2e-405c-a6ea-b120bba4df1b/datanode-1/data/ratis/7f0b5c92-472e-499c-b3d8-260ec2e5638d
2019-07-13 19:23:48,143 INFO  server.RaftServerConfigKeys (ConfUtils.java:logGet(43)) - raft.server.log.purge.gap = 1000000000 (custom)
2019-07-13 19:23:48,143 INFO  server.RaftServerConfigKeys (ConfUtils.java:logGet(43)) - raft.server.log.queue.byte-limit = 2147483647 (custom)
2019-07-13 19:23:48,143 INFO  server.RaftServerConfigKeys (ConfUtils.java:logGet(43)) - raft.server.log.purge.gap = 1000000000 (custom)
2019-07-13 19:23:48,144 INFO  server.RaftServerConfigKeys (ConfUtils.java:logGet(43)) - raft.server.log.queue.element-limit = 1024 (custom)
2019-07-13 19:23:48,144 INFO  server.RaftServerConfigKeys (ConfUtils.java:logGet(43)) - raft.server.log.appender.buffer.byte-limit = 33554432 (custom)
2019-07-13 19:23:48,144 INFO  server.RaftServerConfigKeys (ConfUtils.java:logGet(43)) - raft.server.log.segment.size.max = 1048576 (custom)
2019-07-13 19:23:48,144 INFO  server.RaftServerConfigKeys (ConfUtils.java:logGet(43)) - raft.server.log.appender.buffer.byte-limit = 33554432 (custom)
2019-07-13 19:23:48,144 INFO  server.RaftServerConfigKeys (ConfUtils.java:logGet(43)) - raft.server.log.preallocated.size = 16384 (custom)
2019-07-13 19:23:48,144 INFO  server.RaftServerConfigKeys (ConfUtils.java:logGet(43)) - raft.server.log.segment.size.max = 1048576 (custom)
2019-07-13 19:23:48,144 INFO  server.RaftServerConfigKeys (ConfUtils.java:logGet(43)) - raft.server.log.write.buffer.size = 33554432 (custom)
2019-07-13 19:23:48,144 INFO  server.RaftServerConfigKeys (ConfUtils.java:logGet(43)) - raft.server.log.force.sync.num = 128 (default)
2019-07-13 19:23:48,144 INFO  server.RaftServerConfigKeys (ConfUtils.java:logGet(43)) - raft.server.log.segment.size.max = 1048576 (custom)
2019-07-13 19:23:48,145 INFO  server.RaftServerConfigKeys (ConfUtils.java:logGet(43)) - raft.server.log.statemachine.data.sync = true (default)
2019-07-13 19:23:48,144 INFO  server.RaftServerConfigKeys (ConfUtils.java:logGet(43)) - raft.server.log.segment.cache.num.max = 2 (custom)
2019-07-13 19:23:48,145 INFO  server.RaftServerConfigKeys (ConfUtils.java:logGet(43)) - raft.server.log.statemachine.data.sync.timeout = 10s (default)
2019-07-13 19:23:48,145 INFO  server.RaftServerConfigKeys (ConfUtils.java:logGet(43)) - raft.server.log.statemachine.data.sync.timeout.retry = -1 (default)
2019-07-13 19:23:48,145 INFO  server.RaftServerConfigKeys (ConfUtils.java:logGet(43)) - raft.server.log.segment.cache.num.max = 2 (custom)
2019-07-13 19:23:48,145 INFO  server.RaftServerConfigKeys (ConfUtils.java:logGet(43)) - raft.server.log.statemachine.data.caching.enabled = true (custom)
2019-07-13 19:23:48,145 INFO  segmented.SegmentedRaftLogWorker (SegmentedRaftLogWorker.java:<init>(172)) - new aac5a20c-afdd-48e6-b166-10de1dd2e40a-SegmentedRaftLogWorker:Storage Directory /tmp/workdir/hadoop-ozone/integration-test/target/test-dir/MiniOzoneClusterImpl-f32f9215-da2e-405c-a6ea-b120bba4df1b/datanode-2/data/ratis/7f0b5c92-472e-499c-b3d8-260ec2e5638d for RaftStorage:Storage Directory /tmp/workdir/hadoop-ozone/integration-test/target/test-dir/MiniOzoneClusterImpl-f32f9215-da2e-405c-a6ea-b120bba4df1b/datanode-2/data/ratis/7f0b5c92-472e-499c-b3d8-260ec2e5638d
2019-07-13 19:23:48,146 INFO  segmented.SegmentedRaftLogWorker (SegmentedRaftLogWorker.java:lambda$new$0(132)) - 9b70db6e-3b92-47df-b3e9-5c6dfc748ecf-SegmentedRaftLogWorker:Storage Directory /tmp/workdir/hadoop-ozone/integration-test/target/test-dir/MiniOzoneClusterImpl-f32f9215-da2e-405c-a6ea-b120bba4df1b/datanode-1/data/ratis/7f0b5c92-472e-499c-b3d8-260ec2e5638d: flushIndex: setUnconditionally 0 -> -1
2019-07-13 19:23:48,145 INFO  segmented.SegmentedRaftLogWorker (SegmentedRaftLogWorker.java:<init>(172)) - new 4f660045-096b-44e3-abb1-718e2f71488a-SegmentedRaftLogWorker:Storage Directory /tmp/workdir/hadoop-ozone/integration-test/target/test-dir/MiniOzoneClusterImpl-f32f9215-da2e-405c-a6ea-b120bba4df1b/datanode-0/data/ratis/7f0b5c92-472e-499c-b3d8-260ec2e5638d for RaftStorage:Storage Directory /tmp/workdir/hadoop-ozone/integration-test/target/test-dir/MiniOzoneClusterImpl-f32f9215-da2e-405c-a6ea-b120bba4df1b/datanode-0/data/ratis/7f0b5c92-472e-499c-b3d8-260ec2e5638d
2019-07-13 19:23:48,146 INFO  server.RaftServerConfigKeys (ConfUtils.java:logGet(43)) - raft.server.log.queue.byte-limit = 2147483647 (custom)
2019-07-13 19:23:48,146 INFO  server.RaftServerConfigKeys (ConfUtils.java:logGet(43)) - raft.server.snapshot.auto.trigger.enabled = true (custom)
2019-07-13 19:23:48,146 INFO  server.RaftServerConfigKeys (ConfUtils.java:logGet(43)) - raft.server.log.queue.byte-limit = 2147483647 (custom)
2019-07-13 19:23:48,146 INFO  server.RaftServerConfigKeys (ConfUtils.java:logGet(43)) - raft.server.snapshot.auto.trigger.threshold = 10000 (custom)
2019-07-13 19:23:48,146 INFO  server.RaftServerConfigKeys (ConfUtils.java:logGet(43)) - raft.server.log.queue.element-limit = 1024 (custom)
2019-07-13 19:23:48,146 INFO  server.RaftServerConfigKeys (ConfUtils.java:logGet(43)) - raft.server.retrycache.expirytime = 600000ms (custom)
2019-07-13 19:23:48,146 INFO  server.RaftServerConfigKeys (ConfUtils.java:logGet(43)) - raft.server.log.queue.element-limit = 1024 (custom)
2019-07-13 19:23:48,147 INFO  impl.RaftServerImpl (RaftServerImpl.java:start(180)) - 9b70db6e-3b92-47df-b3e9-5c6dfc748ecf: start group-260EC2E5638D
2019-07-13 19:23:48,146 INFO  server.RaftServerConfigKeys (ConfUtils.java:logGet(43)) - raft.server.log.segment.size.max = 1048576 (custom)
2019-07-13 19:23:48,147 INFO  impl.RaftServerImpl (RaftServerImpl.java:setRole(171)) - 9b70db6e-3b92-47df-b3e9-5c6dfc748ecf:group-260EC2E5638D changes role from null to FOLLOWER at term 0 for startAsFollower
2019-07-13 19:23:48,147 INFO  server.RaftServerConfigKeys (ConfUtils.java:logGet(43)) - raft.server.log.segment.size.max = 1048576 (custom)
2019-07-13 19:23:48,147 INFO  impl.RoleInfo (RoleInfo.java:updateAndGet(143)) - 9b70db6e-3b92-47df-b3e9-5c6dfc748ecf: start FollowerState
2019-07-13 19:23:48,147 INFO  server.RaftServerConfigKeys (ConfUtils.java:logGet(43)) - raft.server.log.preallocated.size = 16384 (custom)
2019-07-13 19:23:48,147 INFO  server.RaftServerConfigKeys (ConfUtils.java:logGet(43)) - raft.server.log.preallocated.size = 16384 (custom)
2019-07-13 19:23:48,147 INFO  server.RaftServerConfigKeys (ConfUtils.java:logGet(43)) - raft.server.log.write.buffer.size = 33554432 (custom)
2019-07-13 19:23:48,147 INFO  util.JmxRegister (JmxRegister.java:tryRegister(44)) - Successfully registered JMX Bean with object name Ratis:service=RaftServer,group=group-260EC2E5638D,id=9b70db6e-3b92-47df-b3e9-5c6dfc748ecf
2019-07-13 19:23:48,147 INFO  server.RaftServerConfigKeys (ConfUtils.java:logGet(43)) - raft.server.log.write.buffer.size = 33554432 (custom)
2019-07-13 19:23:48,147 INFO  server.RaftServerConfigKeys (ConfUtils.java:logGet(43)) - raft.server.log.force.sync.num = 128 (default)
2019-07-13 19:23:48,148 INFO  server.RaftServerConfigKeys (ConfUtils.java:logGet(43)) - raft.server.log.force.sync.num = 128 (default)
2019-07-13 19:23:48,148 INFO  server.RaftServerConfigKeys (ConfUtils.java:logGet(43)) - raft.server.log.statemachine.data.sync = true (default)
2019-07-13 19:23:48,148 INFO  server.RaftServerConfigKeys (ConfUtils.java:logGet(43)) - raft.server.log.statemachine.data.sync = true (default)
2019-07-13 19:23:48,148 INFO  server.RaftServerConfigKeys (ConfUtils.java:logGet(43)) - raft.server.log.statemachine.data.sync.timeout = 10s (default)
2019-07-13 19:23:48,148 INFO  server.RaftServerConfigKeys (ConfUtils.java:logGet(43)) - raft.server.log.statemachine.data.sync.timeout = 10s (default)
2019-07-13 19:23:48,148 INFO  server.RaftServerConfigKeys (ConfUtils.java:logGet(43)) - raft.server.log.statemachine.data.sync.timeout.retry = -1 (default)
2019-07-13 19:23:48,148 INFO  server.RaftServerConfigKeys (ConfUtils.java:logGet(43)) - raft.server.log.statemachine.data.sync.timeout.retry = -1 (default)
2019-07-13 19:23:48,148 INFO  server.RaftServerConfigKeys (ConfUtils.java:logGet(43)) - raft.server.log.statemachine.data.caching.enabled = true (custom)
2019-07-13 19:23:48,148 INFO  server.RaftServerConfigKeys (ConfUtils.java:logGet(43)) - raft.server.log.statemachine.data.caching.enabled = true (custom)
2019-07-13 19:23:48,151 INFO  segmented.SegmentedRaftLogWorker (SegmentedRaftLogWorker.java:lambda$new$0(132)) - aac5a20c-afdd-48e6-b166-10de1dd2e40a-SegmentedRaftLogWorker:Storage Directory /tmp/workdir/hadoop-ozone/integration-test/target/test-dir/MiniOzoneClusterImpl-f32f9215-da2e-405c-a6ea-b120bba4df1b/datanode-2/data/ratis/7f0b5c92-472e-499c-b3d8-260ec2e5638d: flushIndex: setUnconditionally 0 -> -1
2019-07-13 19:23:48,151 INFO  segmented.SegmentedRaftLogWorker (SegmentedRaftLogWorker.java:lambda$new$0(132)) - 4f660045-096b-44e3-abb1-718e2f71488a-SegmentedRaftLogWorker:Storage Directory /tmp/workdir/hadoop-ozone/integration-test/target/test-dir/MiniOzoneClusterImpl-f32f9215-da2e-405c-a6ea-b120bba4df1b/datanode-0/data/ratis/7f0b5c92-472e-499c-b3d8-260ec2e5638d: flushIndex: setUnconditionally 0 -> -1
2019-07-13 19:23:48,151 INFO  server.RaftServerConfigKeys (ConfUtils.java:logGet(43)) - raft.server.snapshot.auto.trigger.enabled = true (custom)
2019-07-13 19:23:48,151 INFO  server.RaftServerConfigKeys (ConfUtils.java:logGet(43)) - raft.server.snapshot.auto.trigger.enabled = true (custom)
2019-07-13 19:23:48,151 INFO  server.RaftServerConfigKeys (ConfUtils.java:logGet(43)) - raft.server.snapshot.auto.trigger.threshold = 10000 (custom)
2019-07-13 19:23:48,151 INFO  server.RaftServerConfigKeys (ConfUtils.java:logGet(43)) - raft.server.snapshot.auto.trigger.threshold = 10000 (custom)
2019-07-13 19:23:48,151 INFO  server.RaftServerConfigKeys (ConfUtils.java:logGet(43)) - raft.server.retrycache.expirytime = 600000ms (custom)
2019-07-13 19:23:48,151 INFO  server.RaftServerConfigKeys (ConfUtils.java:logGet(43)) - raft.server.retrycache.expirytime = 600000ms (custom)
2019-07-13 19:23:48,151 INFO  impl.RaftServerImpl (RaftServerImpl.java:start(180)) - aac5a20c-afdd-48e6-b166-10de1dd2e40a: start group-260EC2E5638D
2019-07-13 19:23:48,152 INFO  impl.RaftServerImpl (RaftServerImpl.java:start(180)) - 4f660045-096b-44e3-abb1-718e2f71488a: start group-260EC2E5638D
2019-07-13 19:23:48,152 INFO  impl.RaftServerImpl (RaftServerImpl.java:setRole(171)) - aac5a20c-afdd-48e6-b166-10de1dd2e40a:group-260EC2E5638D changes role from null to FOLLOWER at term 0 for startAsFollower
2019-07-13 19:23:48,152 INFO  impl.RaftServerImpl (RaftServerImpl.java:setRole(171)) - 4f660045-096b-44e3-abb1-718e2f71488a:group-260EC2E5638D changes role from null to FOLLOWER at term 0 for startAsFollower
2019-07-13 19:23:48,152 INFO  impl.RoleInfo (RoleInfo.java:updateAndGet(143)) - aac5a20c-afdd-48e6-b166-10de1dd2e40a: start FollowerState
2019-07-13 19:23:48,152 INFO  impl.RoleInfo (RoleInfo.java:updateAndGet(143)) - 4f660045-096b-44e3-abb1-718e2f71488a: start FollowerState
2019-07-13 19:23:48,152 INFO  util.JmxRegister (JmxRegister.java:tryRegister(44)) - Successfully registered JMX Bean with object name Ratis:service=RaftServer,group=group-260EC2E5638D,id=aac5a20c-afdd-48e6-b166-10de1dd2e40a
2019-07-13 19:23:48,152 INFO  util.JmxRegister (JmxRegister.java:tryRegister(44)) - Successfully registered JMX Bean with object name Ratis:service=RaftServer,group=group-260EC2E5638D,id=4f660045-096b-44e3-abb1-718e2f71488a
2019-07-13 19:23:48,157 INFO  pipeline.PipelineStateManager (PipelineStateManager.java:addPipeline(56)) - Created pipeline Pipeline[ Id: 7f0b5c92-472e-499c-b3d8-260ec2e5638d, Nodes: aac5a20c-afdd-48e6-b166-10de1dd2e40a{ip: 192.168.69.122, host: trunk-nightly-fxqsz-774976932, networkLocation: /default-rack, certSerialId: null}9b70db6e-3b92-47df-b3e9-5c6dfc748ecf{ip: 192.168.69.122, host: trunk-nightly-fxqsz-774976932, networkLocation: /default-rack, certSerialId: null}4f660045-096b-44e3-abb1-718e2f71488a{ip: 192.168.69.122, host: trunk-nightly-fxqsz-774976932, networkLocation: /default-rack, certSerialId: null}, Type:RATIS, Factor:THREE, State:OPEN]
2019-07-13 19:23:48,236 INFO  node.SCMNodeManager (SCMNodeManager.java:register(269)) - Registered Data node : 1978dc95-4d28-443c-916a-613efc6d37c9{ip: 192.168.69.122, host: trunk-nightly-fxqsz-774976932, networkLocation: /default-rack, certSerialId: null}
2019-07-13 19:23:48,246 INFO  impl.RaftServerProxy (RaftServerProxy.java:addNew(89)) - 1978dc95-4d28-443c-916a-613efc6d37c9: addNew group-6DF6DCF06298:[1978dc95-4d28-443c-916a-613efc6d37c9:192.168.69.122:37009] returns group-6DF6DCF06298:java.util.concurrent.CompletableFuture@5cd5d3f6[Not completed]
2019-07-13 19:23:48,247 INFO  impl.RaftServerImpl (RaftServerImpl.java:<init>(93)) - 1978dc95-4d28-443c-916a-613efc6d37c9: new RaftServerImpl for group-6DF6DCF06298:[1978dc95-4d28-443c-916a-613efc6d37c9:192.168.69.122:37009] with ContainerStateMachine:uninitialized
2019-07-13 19:23:48,248 INFO  server.RaftServerConfigKeys (ConfUtils.java:logGet(43)) - raft.server.rpc.timeout.min = 5s (custom)
2019-07-13 19:23:48,248 INFO  server.RaftServerConfigKeys (ConfUtils.java:logGet(43)) - raft.server.rpc.timeout.max = 5200ms (custom)
2019-07-13 19:23:48,248 INFO  server.RaftServerConfigKeys (ConfUtils.java:logGet(43)) - raft.server.rpcslowness.timeout = 120s (custom)
2019-07-13 19:23:48,248 INFO  server.RaftServerConfigKeys (ConfUtils.java:logGet(43)) - raft.server.sleep.deviation.threshold = 300 (default)
2019-07-13 19:23:48,248 INFO  server.RaftServerConfigKeys (ConfUtils.java:logGet(43)) - raft.server.log.appender.install.snapshot.enabled = false (custom)
2019-07-13 19:23:48,248 INFO  impl.RaftServerImpl (ServerState.java:<init>(105)) - 1978dc95-4d28-443c-916a-613efc6d37c9:group-6DF6DCF06298 ConfigurationManager, init=-1: [1978dc95-4d28-443c-916a-613efc6d37c9:192.168.69.122:37009], old=null, confs=<EMPTY_MAP>
2019-07-13 19:23:48,248 INFO  server.RaftServerConfigKeys (ConfUtils.java:logGet(43)) - raft.server.storage.dir = [/tmp/workdir/hadoop-ozone/integration-test/target/test-dir/MiniOzoneClusterImpl-f32f9215-da2e-405c-a6ea-b120bba4df1b/datanode-3/data/ratis] (custom)
2019-07-13 19:23:48,249 INFO  storage.RaftStorageDirectory (RaftStorageDirectory.java:analyzeStorage(246)) - The storage directory /tmp/workdir/hadoop-ozone/integration-test/target/test-dir/MiniOzoneClusterImpl-f32f9215-da2e-405c-a6ea-b120bba4df1b/datanode-3/data/ratis/1d284292-13bf-4a2e-8906-6df6dcf06298 does not exist. Creating ...
2019-07-13 19:23:48,262 INFO  storage.RaftStorageDirectory (RaftStorageDirectory.java:tryLock(328)) - Lock on /tmp/workdir/hadoop-ozone/integration-test/target/test-dir/MiniOzoneClusterImpl-f32f9215-da2e-405c-a6ea-b120bba4df1b/datanode-3/data/ratis/1d284292-13bf-4a2e-8906-6df6dcf06298/in_use.lock acquired by nodename 22884@trunk-nightly-fxqsz-774976932
2019-07-13 19:23:48,275 INFO  storage.RaftStorage (RaftStorage.java:format(72)) - Storage directory /tmp/workdir/hadoop-ozone/integration-test/target/test-dir/MiniOzoneClusterImpl-f32f9215-da2e-405c-a6ea-b120bba4df1b/datanode-3/data/ratis/1d284292-13bf-4a2e-8906-6df6dcf06298 has been successfully formatted.
2019-07-13 19:23:48,276 INFO  ratis.ContainerStateMachine (ContainerStateMachine.java:loadSnapshot(200)) - The snapshot info is null.Setting the last applied index to:(t:0, i:~)
2019-07-13 19:23:48,276 INFO  server.RaftServerConfigKeys (ConfUtils.java:logGet(43)) - raft.server.leader.election.timeout = 120s (custom)
2019-07-13 19:23:48,276 INFO  server.RaftServerConfigKeys (ConfUtils.java:logGet(43)) - raft.server.log.use.memory = false (default)
2019-07-13 19:23:48,276 INFO  server.RaftServerConfigKeys (ConfUtils.java:logGet(43)) - raft.server.log.purge.gap = 1000000000 (custom)
2019-07-13 19:23:48,276 INFO  server.RaftServerConfigKeys (ConfUtils.java:logGet(43)) - raft.server.log.appender.buffer.byte-limit = 33554432 (custom)
2019-07-13 19:23:48,276 INFO  server.RaftServerConfigKeys (ConfUtils.java:logGet(43)) - raft.server.log.segment.size.max = 1048576 (custom)
2019-07-13 19:23:48,276 INFO  server.RaftServerConfigKeys (ConfUtils.java:logGet(43)) - raft.server.log.segment.cache.num.max = 2 (custom)
2019-07-13 19:23:48,277 INFO  segmented.SegmentedRaftLogWorker (SegmentedRaftLogWorker.java:<init>(172)) - new 1978dc95-4d28-443c-916a-613efc6d37c9-SegmentedRaftLogWorker:Storage Directory /tmp/workdir/hadoop-ozone/integration-test/target/test-dir/MiniOzoneClusterImpl-f32f9215-da2e-405c-a6ea-b120bba4df1b/datanode-3/data/ratis/1d284292-13bf-4a2e-8906-6df6dcf06298 for RaftStorage:Storage Directory /tmp/workdir/hadoop-ozone/integration-test/target/test-dir/MiniOzoneClusterImpl-f32f9215-da2e-405c-a6ea-b120bba4df1b/datanode-3/data/ratis/1d284292-13bf-4a2e-8906-6df6dcf06298
2019-07-13 19:23:48,277 INFO  server.RaftServerConfigKeys (ConfUtils.java:logGet(43)) - raft.server.log.queue.byte-limit = 2147483647 (custom)
2019-07-13 19:23:48,277 INFO  server.RaftServerConfigKeys (ConfUtils.java:logGet(43)) - raft.server.log.queue.element-limit = 1024 (custom)
2019-07-13 19:23:48,277 INFO  server.RaftServerConfigKeys (ConfUtils.java:logGet(43)) - raft.server.log.segment.size.max = 1048576 (custom)
2019-07-13 19:23:48,277 INFO  server.RaftServerConfigKeys (ConfUtils.java:logGet(43)) - raft.server.log.preallocated.size = 16384 (custom)
2019-07-13 19:23:48,278 INFO  server.RaftServerConfigKeys (ConfUtils.java:logGet(43)) - raft.server.log.write.buffer.size = 33554432 (custom)
2019-07-13 19:23:48,278 INFO  server.RaftServerConfigKeys (ConfUtils.java:logGet(43)) - raft.server.log.force.sync.num = 128 (default)
2019-07-13 19:23:48,278 INFO  server.RaftServerConfigKeys (ConfUtils.java:logGet(43)) - raft.server.log.statemachine.data.sync = true (default)
2019-07-13 19:23:48,278 INFO  server.RaftServerConfigKeys (ConfUtils.java:logGet(43)) - raft.server.log.statemachine.data.sync.timeout = 10s (default)
2019-07-13 19:23:48,278 INFO  server.RaftServerConfigKeys (ConfUtils.java:logGet(43)) - raft.server.log.statemachine.data.sync.timeout.retry = -1 (default)
2019-07-13 19:23:48,278 INFO  server.RaftServerConfigKeys (ConfUtils.java:logGet(43)) - raft.server.log.statemachine.data.caching.enabled = true (custom)
2019-07-13 19:23:48,279 INFO  segmented.SegmentedRaftLogWorker (SegmentedRaftLogWorker.java:lambda$new$0(132)) - 1978dc95-4d28-443c-916a-613efc6d37c9-SegmentedRaftLogWorker:Storage Directory /tmp/workdir/hadoop-ozone/integration-test/target/test-dir/MiniOzoneClusterImpl-f32f9215-da2e-405c-a6ea-b120bba4df1b/datanode-3/data/ratis/1d284292-13bf-4a2e-8906-6df6dcf06298: flushIndex: setUnconditionally 0 -> -1
2019-07-13 19:23:48,279 INFO  server.RaftServerConfigKeys (ConfUtils.java:logGet(43)) - raft.server.snapshot.auto.trigger.enabled = true (custom)
2019-07-13 19:23:48,279 INFO  server.RaftServerConfigKeys (ConfUtils.java:logGet(43)) - raft.server.snapshot.auto.trigger.threshold = 10000 (custom)
2019-07-13 19:23:48,279 INFO  server.RaftServerConfigKeys (ConfUtils.java:logGet(43)) - raft.server.retrycache.expirytime = 600000ms (custom)
2019-07-13 19:23:48,280 INFO  impl.RaftServerImpl (RaftServerImpl.java:start(180)) - 1978dc95-4d28-443c-916a-613efc6d37c9: start group-6DF6DCF06298
2019-07-13 19:23:48,280 INFO  impl.RaftServerImpl (RaftServerImpl.java:setRole(171)) - 1978dc95-4d28-443c-916a-613efc6d37c9:group-6DF6DCF06298 changes role from null to FOLLOWER at term 0 for startAsFollower
2019-07-13 19:23:48,280 INFO  impl.RoleInfo (RoleInfo.java:updateAndGet(143)) - 1978dc95-4d28-443c-916a-613efc6d37c9: start FollowerState
2019-07-13 19:23:48,290 INFO  util.JmxRegister (JmxRegister.java:tryRegister(44)) - Successfully registered JMX Bean with object name Ratis:service=RaftServer,group=group-6DF6DCF06298,id=1978dc95-4d28-443c-916a-613efc6d37c9
2019-07-13 19:23:48,301 INFO  pipeline.PipelineStateManager (PipelineStateManager.java:addPipeline(56)) - Created pipeline Pipeline[ Id: 1d284292-13bf-4a2e-8906-6df6dcf06298, Nodes: 1978dc95-4d28-443c-916a-613efc6d37c9{ip: 192.168.69.122, host: trunk-nightly-fxqsz-774976932, networkLocation: /default-rack, certSerialId: null}, Type:RATIS, Factor:ONE, State:OPEN]
2019-07-13 19:23:48,418 INFO  node.SCMNodeManager (SCMNodeManager.java:register(269)) - Registered Data node : cbf97dea-2830-4088-8803-65db8039c739{ip: 192.168.69.122, host: trunk-nightly-fxqsz-774976932, networkLocation: /default-rack, certSerialId: null}
2019-07-13 19:23:48,426 INFO  impl.RaftServerProxy (RaftServerProxy.java:addNew(89)) - cbf97dea-2830-4088-8803-65db8039c739: addNew group-E28DF651FA31:[cbf97dea-2830-4088-8803-65db8039c739:192.168.69.122:45624] returns group-E28DF651FA31:java.util.concurrent.CompletableFuture@b363dbd[Not completed]
2019-07-13 19:23:48,427 INFO  impl.RaftServerImpl (RaftServerImpl.java:<init>(93)) - cbf97dea-2830-4088-8803-65db8039c739: new RaftServerImpl for group-E28DF651FA31:[cbf97dea-2830-4088-8803-65db8039c739:192.168.69.122:45624] with ContainerStateMachine:uninitialized
2019-07-13 19:23:48,427 INFO  server.RaftServerConfigKeys (ConfUtils.java:logGet(43)) - raft.server.rpc.timeout.min = 5s (custom)
2019-07-13 19:23:48,427 INFO  server.RaftServerConfigKeys (ConfUtils.java:logGet(43)) - raft.server.rpc.timeout.max = 5200ms (custom)
2019-07-13 19:23:48,427 INFO  server.RaftServerConfigKeys (ConfUtils.java:logGet(43)) - raft.server.rpcslowness.timeout = 120s (custom)
2019-07-13 19:23:48,427 INFO  server.RaftServerConfigKeys (ConfUtils.java:logGet(43)) - raft.server.sleep.deviation.threshold = 300 (default)
2019-07-13 19:23:48,428 INFO  server.RaftServerConfigKeys (ConfUtils.java:logGet(43)) - raft.server.log.appender.install.snapshot.enabled = false (custom)
2019-07-13 19:23:48,428 INFO  impl.RaftServerImpl (ServerState.java:<init>(105)) - cbf97dea-2830-4088-8803-65db8039c739:group-E28DF651FA31 ConfigurationManager, init=-1: [cbf97dea-2830-4088-8803-65db8039c739:192.168.69.122:45624], old=null, confs=<EMPTY_MAP>
2019-07-13 19:23:48,428 INFO  server.RaftServerConfigKeys (ConfUtils.java:logGet(43)) - raft.server.storage.dir = [/tmp/workdir/hadoop-ozone/integration-test/target/test-dir/MiniOzoneClusterImpl-f32f9215-da2e-405c-a6ea-b120bba4df1b/datanode-4/data/ratis] (custom)
2019-07-13 19:23:48,428 INFO  storage.RaftStorageDirectory (RaftStorageDirectory.java:analyzeStorage(246)) - The storage directory /tmp/workdir/hadoop-ozone/integration-test/target/test-dir/MiniOzoneClusterImpl-f32f9215-da2e-405c-a6ea-b120bba4df1b/datanode-4/data/ratis/c572fda3-8c6f-48f4-8a8a-e28df651fa31 does not exist. Creating ...
2019-07-13 19:23:48,442 INFO  storage.RaftStorageDirectory (RaftStorageDirectory.java:tryLock(328)) - Lock on /tmp/workdir/hadoop-ozone/integration-test/target/test-dir/MiniOzoneClusterImpl-f32f9215-da2e-405c-a6ea-b120bba4df1b/datanode-4/data/ratis/c572fda3-8c6f-48f4-8a8a-e28df651fa31/in_use.lock acquired by nodename 22884@trunk-nightly-fxqsz-774976932
2019-07-13 19:23:48,455 INFO  storage.RaftStorage (RaftStorage.java:format(72)) - Storage directory /tmp/workdir/hadoop-ozone/integration-test/target/test-dir/MiniOzoneClusterImpl-f32f9215-da2e-405c-a6ea-b120bba4df1b/datanode-4/data/ratis/c572fda3-8c6f-48f4-8a8a-e28df651fa31 has been successfully formatted.
2019-07-13 19:23:48,455 INFO  ratis.ContainerStateMachine (ContainerStateMachine.java:loadSnapshot(200)) - The snapshot info is null.Setting the last applied index to:(t:0, i:~)
2019-07-13 19:23:48,456 INFO  server.RaftServerConfigKeys (ConfUtils.java:logGet(43)) - raft.server.leader.election.timeout = 120s (custom)
2019-07-13 19:23:48,456 INFO  server.RaftServerConfigKeys (ConfUtils.java:logGet(43)) - raft.server.log.use.memory = false (default)
2019-07-13 19:23:48,456 INFO  server.RaftServerConfigKeys (ConfUtils.java:logGet(43)) - raft.server.log.purge.gap = 1000000000 (custom)
2019-07-13 19:23:48,456 INFO  server.RaftServerConfigKeys (ConfUtils.java:logGet(43)) - raft.server.log.appender.buffer.byte-limit = 33554432 (custom)
2019-07-13 19:23:48,456 INFO  server.RaftServerConfigKeys (ConfUtils.java:logGet(43)) - raft.server.log.segment.size.max = 1048576 (custom)
2019-07-13 19:23:48,456 INFO  server.RaftServerConfigKeys (ConfUtils.java:logGet(43)) - raft.server.log.segment.cache.num.max = 2 (custom)
2019-07-13 19:23:48,456 INFO  segmented.SegmentedRaftLogWorker (SegmentedRaftLogWorker.java:<init>(172)) - new cbf97dea-2830-4088-8803-65db8039c739-SegmentedRaftLogWorker:Storage Directory /tmp/workdir/hadoop-ozone/integration-test/target/test-dir/MiniOzoneClusterImpl-f32f9215-da2e-405c-a6ea-b120bba4df1b/datanode-4/data/ratis/c572fda3-8c6f-48f4-8a8a-e28df651fa31 for RaftStorage:Storage Directory /tmp/workdir/hadoop-ozone/integration-test/target/test-dir/MiniOzoneClusterImpl-f32f9215-da2e-405c-a6ea-b120bba4df1b/datanode-4/data/ratis/c572fda3-8c6f-48f4-8a8a-e28df651fa31
2019-07-13 19:23:48,457 INFO  server.RaftServerConfigKeys (ConfUtils.java:logGet(43)) - raft.server.log.queue.byte-limit = 2147483647 (custom)
2019-07-13 19:23:48,457 INFO  server.RaftServerConfigKeys (ConfUtils.java:logGet(43)) - raft.server.log.queue.element-limit = 1024 (custom)
2019-07-13 19:23:48,457 INFO  server.RaftServerConfigKeys (ConfUtils.java:logGet(43)) - raft.server.log.segment.size.max = 1048576 (custom)
2019-07-13 19:23:48,457 INFO  server.RaftServerConfigKeys (ConfUtils.java:logGet(43)) - raft.server.log.preallocated.size = 16384 (custom)
2019-07-13 19:23:48,457 INFO  server.RaftServerConfigKeys (ConfUtils.java:logGet(43)) - raft.server.log.write.buffer.size = 33554432 (custom)
2019-07-13 19:23:48,457 INFO  server.RaftServerConfigKeys (ConfUtils.java:logGet(43)) - raft.server.log.force.sync.num = 128 (default)
2019-07-13 19:23:48,458 INFO  server.RaftServerConfigKeys (ConfUtils.java:logGet(43)) - raft.server.log.statemachine.data.sync = true (default)
2019-07-13 19:23:48,458 INFO  server.RaftServerConfigKeys (ConfUtils.java:logGet(43)) - raft.server.log.statemachine.data.sync.timeout = 10s (default)
2019-07-13 19:23:48,458 INFO  server.RaftServerConfigKeys (ConfUtils.java:logGet(43)) - raft.server.log.statemachine.data.sync.timeout.retry = -1 (default)
2019-07-13 19:23:48,458 INFO  server.RaftServerConfigKeys (ConfUtils.java:logGet(43)) - raft.server.log.statemachine.data.caching.enabled = true (custom)
2019-07-13 19:23:48,458 INFO  segmented.SegmentedRaftLogWorker (SegmentedRaftLogWorker.java:lambda$new$0(132)) - cbf97dea-2830-4088-8803-65db8039c739-SegmentedRaftLogWorker:Storage Directory /tmp/workdir/hadoop-ozone/integration-test/target/test-dir/MiniOzoneClusterImpl-f32f9215-da2e-405c-a6ea-b120bba4df1b/datanode-4/data/ratis/c572fda3-8c6f-48f4-8a8a-e28df651fa31: flushIndex: setUnconditionally 0 -> -1
2019-07-13 19:23:48,459 INFO  server.RaftServerConfigKeys (ConfUtils.java:logGet(43)) - raft.server.snapshot.auto.trigger.enabled = true (custom)
2019-07-13 19:23:48,459 INFO  server.RaftServerConfigKeys (ConfUtils.java:logGet(43)) - raft.server.snapshot.auto.trigger.threshold = 10000 (custom)
2019-07-13 19:23:48,459 INFO  server.RaftServerConfigKeys (ConfUtils.java:logGet(43)) - raft.server.retrycache.expirytime = 600000ms (custom)
2019-07-13 19:23:48,459 INFO  impl.RaftServerImpl (RaftServerImpl.java:start(180)) - cbf97dea-2830-4088-8803-65db8039c739: start group-E28DF651FA31
2019-07-13 19:23:48,459 INFO  impl.RaftServerImpl (RaftServerImpl.java:setRole(171)) - cbf97dea-2830-4088-8803-65db8039c739:group-E28DF651FA31 changes role from null to FOLLOWER at term 0 for startAsFollower
2019-07-13 19:23:48,459 INFO  impl.RoleInfo (RoleInfo.java:updateAndGet(143)) - cbf97dea-2830-4088-8803-65db8039c739: start FollowerState
2019-07-13 19:23:48,460 INFO  util.JmxRegister (JmxRegister.java:tryRegister(44)) - Successfully registered JMX Bean with object name Ratis:service=RaftServer,group=group-E28DF651FA31,id=cbf97dea-2830-4088-8803-65db8039c739
2019-07-13 19:23:48,465 INFO  pipeline.PipelineStateManager (PipelineStateManager.java:addPipeline(56)) - Created pipeline Pipeline[ Id: c572fda3-8c6f-48f4-8a8a-e28df651fa31, Nodes: cbf97dea-2830-4088-8803-65db8039c739{ip: 192.168.69.122, host: trunk-nightly-fxqsz-774976932, networkLocation: /default-rack, certSerialId: null}, Type:RATIS, Factor:ONE, State:OPEN]
2019-07-13 19:23:48,655 INFO  node.SCMNodeManager (SCMNodeManager.java:register(269)) - Registered Data node : 27c138d4-b7f8-49f6-9984-f82b7ebef8a8{ip: 192.168.69.122, host: trunk-nightly-fxqsz-774976932, networkLocation: /default-rack, certSerialId: null}
2019-07-13 19:23:48,666 INFO  impl.RaftServerProxy (RaftServerProxy.java:addNew(89)) - 27c138d4-b7f8-49f6-9984-f82b7ebef8a8: addNew group-D5BAE845B679:[27c138d4-b7f8-49f6-9984-f82b7ebef8a8:192.168.69.122:35751] returns group-D5BAE845B679:java.util.concurrent.CompletableFuture@5d4ed291[Not completed]
2019-07-13 19:23:48,667 INFO  impl.RaftServerImpl (RaftServerImpl.java:<init>(93)) - 27c138d4-b7f8-49f6-9984-f82b7ebef8a8: new RaftServerImpl for group-D5BAE845B679:[27c138d4-b7f8-49f6-9984-f82b7ebef8a8:192.168.69.122:35751] with ContainerStateMachine:uninitialized
2019-07-13 19:23:48,667 INFO  server.RaftServerConfigKeys (ConfUtils.java:logGet(43)) - raft.server.rpc.timeout.min = 5s (custom)
2019-07-13 19:23:48,668 INFO  server.RaftServerConfigKeys (ConfUtils.java:logGet(43)) - raft.server.rpc.timeout.max = 5200ms (custom)
2019-07-13 19:23:48,668 INFO  server.RaftServerConfigKeys (ConfUtils.java:logGet(43)) - raft.server.rpcslowness.timeout = 120s (custom)
2019-07-13 19:23:48,668 INFO  server.RaftServerConfigKeys (ConfUtils.java:logGet(43)) - raft.server.sleep.deviation.threshold = 300 (default)
2019-07-13 19:23:48,668 INFO  server.RaftServerConfigKeys (ConfUtils.java:logGet(43)) - raft.server.log.appender.install.snapshot.enabled = false (custom)
2019-07-13 19:23:48,668 INFO  impl.RaftServerImpl (ServerState.java:<init>(105)) - 27c138d4-b7f8-49f6-9984-f82b7ebef8a8:group-D5BAE845B679 ConfigurationManager, init=-1: [27c138d4-b7f8-49f6-9984-f82b7ebef8a8:192.168.69.122:35751], old=null, confs=<EMPTY_MAP>
2019-07-13 19:23:48,668 INFO  server.RaftServerConfigKeys (ConfUtils.java:logGet(43)) - raft.server.storage.dir = [/tmp/workdir/hadoop-ozone/integration-test/target/test-dir/MiniOzoneClusterImpl-f32f9215-da2e-405c-a6ea-b120bba4df1b/datanode-5/data/ratis] (custom)
2019-07-13 19:23:48,669 INFO  storage.RaftStorageDirectory (RaftStorageDirectory.java:analyzeStorage(246)) - The storage directory /tmp/workdir/hadoop-ozone/integration-test/target/test-dir/MiniOzoneClusterImpl-f32f9215-da2e-405c-a6ea-b120bba4df1b/datanode-5/data/ratis/c1446483-63de-4f9c-9939-d5bae845b679 does not exist. Creating ...
2019-07-13 19:23:48,680 INFO  storage.RaftStorageDirectory (RaftStorageDirectory.java:tryLock(328)) - Lock on /tmp/workdir/hadoop-ozone/integration-test/target/test-dir/MiniOzoneClusterImpl-f32f9215-da2e-405c-a6ea-b120bba4df1b/datanode-5/data/ratis/c1446483-63de-4f9c-9939-d5bae845b679/in_use.lock acquired by nodename 22884@trunk-nightly-fxqsz-774976932
2019-07-13 19:23:48,694 INFO  storage.RaftStorage (RaftStorage.java:format(72)) - Storage directory /tmp/workdir/hadoop-ozone/integration-test/target/test-dir/MiniOzoneClusterImpl-f32f9215-da2e-405c-a6ea-b120bba4df1b/datanode-5/data/ratis/c1446483-63de-4f9c-9939-d5bae845b679 has been successfully formatted.
2019-07-13 19:23:48,694 INFO  ratis.ContainerStateMachine (ContainerStateMachine.java:loadSnapshot(200)) - The snapshot info is null.Setting the last applied index to:(t:0, i:~)
2019-07-13 19:23:48,695 INFO  server.RaftServerConfigKeys (ConfUtils.java:logGet(43)) - raft.server.leader.election.timeout = 120s (custom)
2019-07-13 19:23:48,695 INFO  server.RaftServerConfigKeys (ConfUtils.java:logGet(43)) - raft.server.log.use.memory = false (default)
2019-07-13 19:23:48,695 INFO  server.RaftServerConfigKeys (ConfUtils.java:logGet(43)) - raft.server.log.purge.gap = 1000000000 (custom)
2019-07-13 19:23:48,695 INFO  server.RaftServerConfigKeys (ConfUtils.java:logGet(43)) - raft.server.log.appender.buffer.byte-limit = 33554432 (custom)
2019-07-13 19:23:48,695 INFO  server.RaftServerConfigKeys (ConfUtils.java:logGet(43)) - raft.server.log.segment.size.max = 1048576 (custom)
2019-07-13 19:23:48,695 INFO  server.RaftServerConfigKeys (ConfUtils.java:logGet(43)) - raft.server.log.segment.cache.num.max = 2 (custom)
2019-07-13 19:23:48,695 INFO  segmented.SegmentedRaftLogWorker (SegmentedRaftLogWorker.java:<init>(172)) - new 27c138d4-b7f8-49f6-9984-f82b7ebef8a8-SegmentedRaftLogWorker:Storage Directory /tmp/workdir/hadoop-ozone/integration-test/target/test-dir/MiniOzoneClusterImpl-f32f9215-da2e-405c-a6ea-b120bba4df1b/datanode-5/data/ratis/c1446483-63de-4f9c-9939-d5bae845b679 for RaftStorage:Storage Directory /tmp/workdir/hadoop-ozone/integration-test/target/test-dir/MiniOzoneClusterImpl-f32f9215-da2e-405c-a6ea-b120bba4df1b/datanode-5/data/ratis/c1446483-63de-4f9c-9939-d5bae845b679
2019-07-13 19:23:48,696 INFO  server.RaftServerConfigKeys (ConfUtils.java:logGet(43)) - raft.server.log.queue.byte-limit = 2147483647 (custom)
2019-07-13 19:23:48,696 INFO  server.RaftServerConfigKeys (ConfUtils.java:logGet(43)) - raft.server.log.queue.element-limit = 1024 (custom)
2019-07-13 19:23:48,696 INFO  server.RaftServerConfigKeys (ConfUtils.java:logGet(43)) - raft.server.log.segment.size.max = 1048576 (custom)
2019-07-13 19:23:48,696 INFO  server.RaftServerConfigKeys (ConfUtils.java:logGet(43)) - raft.server.log.preallocated.size = 16384 (custom)
2019-07-13 19:23:48,696 INFO  server.RaftServerConfigKeys (ConfUtils.java:logGet(43)) - raft.server.log.write.buffer.size = 33554432 (custom)
2019-07-13 19:23:48,696 INFO  server.RaftServerConfigKeys (ConfUtils.java:logGet(43)) - raft.server.log.force.sync.num = 128 (default)
2019-07-13 19:23:48,696 INFO  server.RaftServerConfigKeys (ConfUtils.java:logGet(43)) - raft.server.log.statemachine.data.sync = true (default)
2019-07-13 19:23:48,697 INFO  server.RaftServerConfigKeys (ConfUtils.java:logGet(43)) - raft.server.log.statemachine.data.sync.timeout = 10s (default)
2019-07-13 19:23:48,697 INFO  server.RaftServerConfigKeys (ConfUtils.java:logGet(43)) - raft.server.log.statemachine.data.sync.timeout.retry = -1 (default)
2019-07-13 19:23:48,697 INFO  server.RaftServerConfigKeys (ConfUtils.java:logGet(43)) - raft.server.log.statemachine.data.caching.enabled = true (custom)
2019-07-13 19:23:48,697 INFO  segmented.SegmentedRaftLogWorker (SegmentedRaftLogWorker.java:lambda$new$0(132)) - 27c138d4-b7f8-49f6-9984-f82b7ebef8a8-SegmentedRaftLogWorker:Storage Directory /tmp/workdir/hadoop-ozone/integration-test/target/test-dir/MiniOzoneClusterImpl-f32f9215-da2e-405c-a6ea-b120bba4df1b/datanode-5/data/ratis/c1446483-63de-4f9c-9939-d5bae845b679: flushIndex: setUnconditionally 0 -> -1
2019-07-13 19:23:48,698 INFO  server.RaftServerConfigKeys (ConfUtils.java:logGet(43)) - raft.server.snapshot.auto.trigger.enabled = true (custom)
2019-07-13 19:23:48,698 INFO  server.RaftServerConfigKeys (ConfUtils.java:logGet(43)) - raft.server.snapshot.auto.trigger.threshold = 10000 (custom)
2019-07-13 19:23:48,698 INFO  server.RaftServerConfigKeys (ConfUtils.java:logGet(43)) - raft.server.retrycache.expirytime = 600000ms (custom)
2019-07-13 19:23:48,698 INFO  impl.RaftServerImpl (RaftServerImpl.java:start(180)) - 27c138d4-b7f8-49f6-9984-f82b7ebef8a8: start group-D5BAE845B679
2019-07-13 19:23:48,698 INFO  impl.RaftServerImpl (RaftServerImpl.java:setRole(171)) - 27c138d4-b7f8-49f6-9984-f82b7ebef8a8:group-D5BAE845B679 changes role from null to FOLLOWER at term 0 for startAsFollower
2019-07-13 19:23:48,698 INFO  impl.RoleInfo (RoleInfo.java:updateAndGet(143)) - 27c138d4-b7f8-49f6-9984-f82b7ebef8a8: start FollowerState
2019-07-13 19:23:48,699 INFO  util.JmxRegister (JmxRegister.java:tryRegister(44)) - Successfully registered JMX Bean with object name Ratis:service=RaftServer,group=group-D5BAE845B679,id=27c138d4-b7f8-49f6-9984-f82b7ebef8a8
2019-07-13 19:23:48,704 INFO  pipeline.PipelineStateManager (PipelineStateManager.java:addPipeline(56)) - Created pipeline Pipeline[ Id: c1446483-63de-4f9c-9939-d5bae845b679, Nodes: 27c138d4-b7f8-49f6-9984-f82b7ebef8a8{ip: 192.168.69.122, host: trunk-nightly-fxqsz-774976932, networkLocation: /default-rack, certSerialId: null}, Type:RATIS, Factor:ONE, State:OPEN]
2019-07-13 19:23:48,716 INFO  impl.RaftServerProxy (RaftServerProxy.java:addNew(89)) - 27c138d4-b7f8-49f6-9984-f82b7ebef8a8: addNew group-5F3C293467F1:[1978dc95-4d28-443c-916a-613efc6d37c9:192.168.69.122:37009, 27c138d4-b7f8-49f6-9984-f82b7ebef8a8:192.168.69.122:35751, cbf97dea-2830-4088-8803-65db8039c739:192.168.69.122:45624] returns group-5F3C293467F1:java.util.concurrent.CompletableFuture@130dab62[Not completed]
2019-07-13 19:23:48,716 INFO  impl.RaftServerProxy (RaftServerProxy.java:addNew(89)) - 1978dc95-4d28-443c-916a-613efc6d37c9: addNew group-5F3C293467F1:[1978dc95-4d28-443c-916a-613efc6d37c9:192.168.69.122:37009, 27c138d4-b7f8-49f6-9984-f82b7ebef8a8:192.168.69.122:35751, cbf97dea-2830-4088-8803-65db8039c739:192.168.69.122:45624] returns group-5F3C293467F1:java.util.concurrent.CompletableFuture@78e76f1f[Not completed]
2019-07-13 19:23:48,716 INFO  impl.RaftServerProxy (RaftServerProxy.java:addNew(89)) - cbf97dea-2830-4088-8803-65db8039c739: addNew group-5F3C293467F1:[1978dc95-4d28-443c-916a-613efc6d37c9:192.168.69.122:37009, 27c138d4-b7f8-49f6-9984-f82b7ebef8a8:192.168.69.122:35751, cbf97dea-2830-4088-8803-65db8039c739:192.168.69.122:45624] returns group-5F3C293467F1:java.util.concurrent.CompletableFuture@6e028a9e[Not completed]
2019-07-13 19:23:48,716 INFO  impl.RaftServerImpl (RaftServerImpl.java:<init>(93)) - 27c138d4-b7f8-49f6-9984-f82b7ebef8a8: new RaftServerImpl for group-5F3C293467F1:[1978dc95-4d28-443c-916a-613efc6d37c9:192.168.69.122:37009, 27c138d4-b7f8-49f6-9984-f82b7ebef8a8:192.168.69.122:35751, cbf97dea-2830-4088-8803-65db8039c739:192.168.69.122:45624] with ContainerStateMachine:uninitialized
2019-07-13 19:23:48,717 INFO  server.RaftServerConfigKeys (ConfUtils.java:logGet(43)) - raft.server.rpc.timeout.min = 5s (custom)
2019-07-13 19:23:48,717 INFO  server.RaftServerConfigKeys (ConfUtils.java:logGet(43)) - raft.server.rpc.timeout.max = 5200ms (custom)
2019-07-13 19:23:48,717 INFO  impl.RaftServerImpl (RaftServerImpl.java:<init>(93)) - 1978dc95-4d28-443c-916a-613efc6d37c9: new RaftServerImpl for group-5F3C293467F1:[1978dc95-4d28-443c-916a-613efc6d37c9:192.168.69.122:37009, 27c138d4-b7f8-49f6-9984-f82b7ebef8a8:192.168.69.122:35751, cbf97dea-2830-4088-8803-65db8039c739:192.168.69.122:45624] with ContainerStateMachine:uninitialized
2019-07-13 19:23:48,717 INFO  server.RaftServerConfigKeys (ConfUtils.java:logGet(43)) - raft.server.rpcslowness.timeout = 120s (custom)
2019-07-13 19:23:48,717 INFO  server.RaftServerConfigKeys (ConfUtils.java:logGet(43)) - raft.server.rpc.timeout.min = 5s (custom)
2019-07-13 19:23:48,717 INFO  impl.RaftServerImpl (RaftServerImpl.java:<init>(93)) - cbf97dea-2830-4088-8803-65db8039c739: new RaftServerImpl for group-5F3C293467F1:[1978dc95-4d28-443c-916a-613efc6d37c9:192.168.69.122:37009, 27c138d4-b7f8-49f6-9984-f82b7ebef8a8:192.168.69.122:35751, cbf97dea-2830-4088-8803-65db8039c739:192.168.69.122:45624] with ContainerStateMachine:uninitialized
2019-07-13 19:23:48,717 INFO  server.RaftServerConfigKeys (ConfUtils.java:logGet(43)) - raft.server.sleep.deviation.threshold = 300 (default)
2019-07-13 19:23:48,717 INFO  server.RaftServerConfigKeys (ConfUtils.java:logGet(43)) - raft.server.rpc.timeout.min = 5s (custom)
2019-07-13 19:23:48,717 INFO  server.RaftServerConfigKeys (ConfUtils.java:logGet(43)) - raft.server.rpc.timeout.max = 5200ms (custom)
2019-07-13 19:23:48,718 INFO  server.RaftServerConfigKeys (ConfUtils.java:logGet(43)) - raft.server.rpc.timeout.max = 5200ms (custom)
2019-07-13 19:23:48,718 INFO  server.RaftServerConfigKeys (ConfUtils.java:logGet(43)) - raft.server.rpcslowness.timeout = 120s (custom)
2019-07-13 19:23:48,718 INFO  server.RaftServerConfigKeys (ConfUtils.java:logGet(43)) - raft.server.log.appender.install.snapshot.enabled = false (custom)
2019-07-13 19:23:48,718 INFO  server.RaftServerConfigKeys (ConfUtils.java:logGet(43)) - raft.server.sleep.deviation.threshold = 300 (default)
2019-07-13 19:23:48,718 INFO  server.RaftServerConfigKeys (ConfUtils.java:logGet(43)) - raft.server.log.appender.install.snapshot.enabled = false (custom)
2019-07-13 19:23:48,718 INFO  server.RaftServerConfigKeys (ConfUtils.java:logGet(43)) - raft.server.rpcslowness.timeout = 120s (custom)
2019-07-13 19:23:48,719 INFO  impl.RaftServerImpl (ServerState.java:<init>(105)) - cbf97dea-2830-4088-8803-65db8039c739:group-5F3C293467F1 ConfigurationManager, init=-1: [1978dc95-4d28-443c-916a-613efc6d37c9:192.168.69.122:37009, 27c138d4-b7f8-49f6-9984-f82b7ebef8a8:192.168.69.122:35751, cbf97dea-2830-4088-8803-65db8039c739:192.168.69.122:45624], old=null, confs=<EMPTY_MAP>
2019-07-13 19:23:48,718 INFO  impl.RaftServerImpl (ServerState.java:<init>(105)) - 27c138d4-b7f8-49f6-9984-f82b7ebef8a8:group-5F3C293467F1 ConfigurationManager, init=-1: [1978dc95-4d28-443c-916a-613efc6d37c9:192.168.69.122:37009, 27c138d4-b7f8-49f6-9984-f82b7ebef8a8:192.168.69.122:35751, cbf97dea-2830-4088-8803-65db8039c739:192.168.69.122:45624], old=null, confs=<EMPTY_MAP>
2019-07-13 19:23:48,719 INFO  server.RaftServerConfigKeys (ConfUtils.java:logGet(43)) - raft.server.storage.dir = [/tmp/workdir/hadoop-ozone/integration-test/target/test-dir/MiniOzoneClusterImpl-f32f9215-da2e-405c-a6ea-b120bba4df1b/datanode-4/data/ratis] (custom)
2019-07-13 19:23:48,719 INFO  server.RaftServerConfigKeys (ConfUtils.java:logGet(43)) - raft.server.sleep.deviation.threshold = 300 (default)
2019-07-13 19:23:48,719 INFO  server.RaftServerConfigKeys (ConfUtils.java:logGet(43)) - raft.server.storage.dir = [/tmp/workdir/hadoop-ozone/integration-test/target/test-dir/MiniOzoneClusterImpl-f32f9215-da2e-405c-a6ea-b120bba4df1b/datanode-5/data/ratis] (custom)
2019-07-13 19:23:48,719 INFO  storage.RaftStorageDirectory (RaftStorageDirectory.java:analyzeStorage(246)) - The storage directory /tmp/workdir/hadoop-ozone/integration-test/target/test-dir/MiniOzoneClusterImpl-f32f9215-da2e-405c-a6ea-b120bba4df1b/datanode-4/data/ratis/1bf03224-f461-45aa-a792-5f3c293467f1 does not exist. Creating ...
2019-07-13 19:23:48,719 INFO  server.RaftServerConfigKeys (ConfUtils.java:logGet(43)) - raft.server.log.appender.install.snapshot.enabled = false (custom)
2019-07-13 19:23:48,720 INFO  storage.RaftStorageDirectory (RaftStorageDirectory.java:analyzeStorage(246)) - The storage directory /tmp/workdir/hadoop-ozone/integration-test/target/test-dir/MiniOzoneClusterImpl-f32f9215-da2e-405c-a6ea-b120bba4df1b/datanode-5/data/ratis/1bf03224-f461-45aa-a792-5f3c293467f1 does not exist. Creating ...
2019-07-13 19:23:48,720 INFO  impl.RaftServerImpl (ServerState.java:<init>(105)) - 1978dc95-4d28-443c-916a-613efc6d37c9:group-5F3C293467F1 ConfigurationManager, init=-1: [1978dc95-4d28-443c-916a-613efc6d37c9:192.168.69.122:37009, 27c138d4-b7f8-49f6-9984-f82b7ebef8a8:192.168.69.122:35751, cbf97dea-2830-4088-8803-65db8039c739:192.168.69.122:45624], old=null, confs=<EMPTY_MAP>
2019-07-13 19:23:48,720 INFO  server.RaftServerConfigKeys (ConfUtils.java:logGet(43)) - raft.server.storage.dir = [/tmp/workdir/hadoop-ozone/integration-test/target/test-dir/MiniOzoneClusterImpl-f32f9215-da2e-405c-a6ea-b120bba4df1b/datanode-3/data/ratis] (custom)
2019-07-13 19:23:48,720 INFO  storage.RaftStorageDirectory (RaftStorageDirectory.java:analyzeStorage(246)) - The storage directory /tmp/workdir/hadoop-ozone/integration-test/target/test-dir/MiniOzoneClusterImpl-f32f9215-da2e-405c-a6ea-b120bba4df1b/datanode-3/data/ratis/1bf03224-f461-45aa-a792-5f3c293467f1 does not exist. Creating ...
2019-07-13 19:23:48,733 INFO  storage.RaftStorageDirectory (RaftStorageDirectory.java:tryLock(328)) - Lock on /tmp/workdir/hadoop-ozone/integration-test/target/test-dir/MiniOzoneClusterImpl-f32f9215-da2e-405c-a6ea-b120bba4df1b/datanode-3/data/ratis/1bf03224-f461-45aa-a792-5f3c293467f1/in_use.lock acquired by nodename 22884@trunk-nightly-fxqsz-774976932
2019-07-13 19:23:48,733 INFO  storage.RaftStorageDirectory (RaftStorageDirectory.java:tryLock(328)) - Lock on /tmp/workdir/hadoop-ozone/integration-test/target/test-dir/MiniOzoneClusterImpl-f32f9215-da2e-405c-a6ea-b120bba4df1b/datanode-5/data/ratis/1bf03224-f461-45aa-a792-5f3c293467f1/in_use.lock acquired by nodename 22884@trunk-nightly-fxqsz-774976932
2019-07-13 19:23:48,733 INFO  storage.RaftStorageDirectory (RaftStorageDirectory.java:tryLock(328)) - Lock on /tmp/workdir/hadoop-ozone/integration-test/target/test-dir/MiniOzoneClusterImpl-f32f9215-da2e-405c-a6ea-b120bba4df1b/datanode-4/data/ratis/1bf03224-f461-45aa-a792-5f3c293467f1/in_use.lock acquired by nodename 22884@trunk-nightly-fxqsz-774976932
2019-07-13 19:23:48,747 INFO  storage.RaftStorage (RaftStorage.java:format(72)) - Storage directory /tmp/workdir/hadoop-ozone/integration-test/target/test-dir/MiniOzoneClusterImpl-f32f9215-da2e-405c-a6ea-b120bba4df1b/datanode-4/data/ratis/1bf03224-f461-45aa-a792-5f3c293467f1 has been successfully formatted.
2019-07-13 19:23:48,747 INFO  storage.RaftStorage (RaftStorage.java:format(72)) - Storage directory /tmp/workdir/hadoop-ozone/integration-test/target/test-dir/MiniOzoneClusterImpl-f32f9215-da2e-405c-a6ea-b120bba4df1b/datanode-3/data/ratis/1bf03224-f461-45aa-a792-5f3c293467f1 has been successfully formatted.
2019-07-13 19:23:48,747 INFO  storage.RaftStorage (RaftStorage.java:format(72)) - Storage directory /tmp/workdir/hadoop-ozone/integration-test/target/test-dir/MiniOzoneClusterImpl-f32f9215-da2e-405c-a6ea-b120bba4df1b/datanode-5/data/ratis/1bf03224-f461-45aa-a792-5f3c293467f1 has been successfully formatted.
2019-07-13 19:23:48,747 INFO  ratis.ContainerStateMachine (ContainerStateMachine.java:loadSnapshot(200)) - The snapshot info is null.Setting the last applied index to:(t:0, i:~)
2019-07-13 19:23:48,747 INFO  ratis.ContainerStateMachine (ContainerStateMachine.java:loadSnapshot(200)) - The snapshot info is null.Setting the last applied index to:(t:0, i:~)
2019-07-13 19:23:48,747 INFO  server.RaftServerConfigKeys (ConfUtils.java:logGet(43)) - raft.server.leader.election.timeout = 120s (custom)
2019-07-13 19:23:48,747 INFO  ratis.ContainerStateMachine (ContainerStateMachine.java:loadSnapshot(200)) - The snapshot info is null.Setting the last applied index to:(t:0, i:~)
2019-07-13 19:23:48,747 INFO  server.RaftServerConfigKeys (ConfUtils.java:logGet(43)) - raft.server.log.use.memory = false (default)
2019-07-13 19:23:48,747 INFO  server.RaftServerConfigKeys (ConfUtils.java:logGet(43)) - raft.server.leader.election.timeout = 120s (custom)
2019-07-13 19:23:48,748 INFO  server.RaftServerConfigKeys (ConfUtils.java:logGet(43)) - raft.server.log.purge.gap = 1000000000 (custom)
2019-07-13 19:23:48,748 INFO  server.RaftServerConfigKeys (ConfUtils.java:logGet(43)) - raft.server.leader.election.timeout = 120s (custom)
2019-07-13 19:23:48,748 INFO  server.RaftServerConfigKeys (ConfUtils.java:logGet(43)) - raft.server.log.appender.buffer.byte-limit = 33554432 (custom)
2019-07-13 19:23:48,748 INFO  server.RaftServerConfigKeys (ConfUtils.java:logGet(43)) - raft.server.log.use.memory = false (default)
2019-07-13 19:23:48,748 INFO  server.RaftServerConfigKeys (ConfUtils.java:logGet(43)) - raft.server.log.segment.size.max = 1048576 (custom)
2019-07-13 19:23:48,748 INFO  server.RaftServerConfigKeys (ConfUtils.java:logGet(43)) - raft.server.log.use.memory = false (default)
2019-07-13 19:23:48,748 INFO  server.RaftServerConfigKeys (ConfUtils.java:logGet(43)) - raft.server.log.segment.cache.num.max = 2 (custom)
2019-07-13 19:23:48,748 INFO  server.RaftServerConfigKeys (ConfUtils.java:logGet(43)) - raft.server.log.purge.gap = 1000000000 (custom)
2019-07-13 19:23:48,749 INFO  segmented.SegmentedRaftLogWorker (SegmentedRaftLogWorker.java:<init>(172)) - new 1978dc95-4d28-443c-916a-613efc6d37c9-SegmentedRaftLogWorker:Storage Directory /tmp/workdir/hadoop-ozone/integration-test/target/test-dir/MiniOzoneClusterImpl-f32f9215-da2e-405c-a6ea-b120bba4df1b/datanode-3/data/ratis/1bf03224-f461-45aa-a792-5f3c293467f1 for RaftStorage:Storage Directory /tmp/workdir/hadoop-ozone/integration-test/target/test-dir/MiniOzoneClusterImpl-f32f9215-da2e-405c-a6ea-b120bba4df1b/datanode-3/data/ratis/1bf03224-f461-45aa-a792-5f3c293467f1
2019-07-13 19:23:48,749 INFO  server.RaftServerConfigKeys (ConfUtils.java:logGet(43)) - raft.server.log.purge.gap = 1000000000 (custom)
2019-07-13 19:23:48,749 INFO  server.RaftServerConfigKeys (ConfUtils.java:logGet(43)) - raft.server.log.queue.byte-limit = 2147483647 (custom)
2019-07-13 19:23:48,749 INFO  server.RaftServerConfigKeys (ConfUtils.java:logGet(43)) - raft.server.log.queue.element-limit = 1024 (custom)
2019-07-13 19:23:48,749 INFO  server.RaftServerConfigKeys (ConfUtils.java:logGet(43)) - raft.server.log.appender.buffer.byte-limit = 33554432 (custom)
2019-07-13 19:23:48,749 INFO  server.RaftServerConfigKeys (ConfUtils.java:logGet(43)) - raft.server.log.segment.size.max = 1048576 (custom)
2019-07-13 19:23:48,750 INFO  server.RaftServerConfigKeys (ConfUtils.java:logGet(43)) - raft.server.log.preallocated.size = 16384 (custom)
2019-07-13 19:23:48,749 INFO  server.RaftServerConfigKeys (ConfUtils.java:logGet(43)) - raft.server.log.appender.buffer.byte-limit = 33554432 (custom)
2019-07-13 19:23:48,750 INFO  server.RaftServerConfigKeys (ConfUtils.java:logGet(43)) - raft.server.log.write.buffer.size = 33554432 (custom)
2019-07-13 19:23:48,750 INFO  server.RaftServerConfigKeys (ConfUtils.java:logGet(43)) - raft.server.log.segment.size.max = 1048576 (custom)
2019-07-13 19:23:48,750 INFO  server.RaftServerConfigKeys (ConfUtils.java:logGet(43)) - raft.server.log.force.sync.num = 128 (default)
2019-07-13 19:23:48,750 INFO  server.RaftServerConfigKeys (ConfUtils.java:logGet(43)) - raft.server.log.segment.size.max = 1048576 (custom)
2019-07-13 19:23:48,750 INFO  server.RaftServerConfigKeys (ConfUtils.java:logGet(43)) - raft.server.log.statemachine.data.sync = true (default)
2019-07-13 19:23:48,750 INFO  server.RaftServerConfigKeys (ConfUtils.java:logGet(43)) - raft.server.log.segment.cache.num.max = 2 (custom)
2019-07-13 19:23:48,751 INFO  server.RaftServerConfigKeys (ConfUtils.java:logGet(43)) - raft.server.log.statemachine.data.sync.timeout = 10s (default)
2019-07-13 19:23:48,750 INFO  server.RaftServerConfigKeys (ConfUtils.java:logGet(43)) - raft.server.log.segment.cache.num.max = 2 (custom)
2019-07-13 19:23:48,751 INFO  server.RaftServerConfigKeys (ConfUtils.java:logGet(43)) - raft.server.log.statemachine.data.sync.timeout.retry = -1 (default)
2019-07-13 19:23:48,751 INFO  segmented.SegmentedRaftLogWorker (SegmentedRaftLogWorker.java:<init>(172)) - new cbf97dea-2830-4088-8803-65db8039c739-SegmentedRaftLogWorker:Storage Directory /tmp/workdir/hadoop-ozone/integration-test/target/test-dir/MiniOzoneClusterImpl-f32f9215-da2e-405c-a6ea-b120bba4df1b/datanode-4/data/ratis/1bf03224-f461-45aa-a792-5f3c293467f1 for RaftStorage:Storage Directory /tmp/workdir/hadoop-ozone/integration-test/target/test-dir/MiniOzoneClusterImpl-f32f9215-da2e-405c-a6ea-b120bba4df1b/datanode-4/data/ratis/1bf03224-f461-45aa-a792-5f3c293467f1
2019-07-13 19:23:48,751 INFO  server.RaftServerConfigKeys (ConfUtils.java:logGet(43)) - raft.server.log.statemachine.data.caching.enabled = true (custom)
2019-07-13 19:23:48,751 INFO  segmented.SegmentedRaftLogWorker (SegmentedRaftLogWorker.java:<init>(172)) - new 27c138d4-b7f8-49f6-9984-f82b7ebef8a8-SegmentedRaftLogWorker:Storage Directory /tmp/workdir/hadoop-ozone/integration-test/target/test-dir/MiniOzoneClusterImpl-f32f9215-da2e-405c-a6ea-b120bba4df1b/datanode-5/data/ratis/1bf03224-f461-45aa-a792-5f3c293467f1 for RaftStorage:Storage Directory /tmp/workdir/hadoop-ozone/integration-test/target/test-dir/MiniOzoneClusterImpl-f32f9215-da2e-405c-a6ea-b120bba4df1b/datanode-5/data/ratis/1bf03224-f461-45aa-a792-5f3c293467f1
2019-07-13 19:23:48,752 INFO  segmented.SegmentedRaftLogWorker (SegmentedRaftLogWorker.java:lambda$new$0(132)) - 1978dc95-4d28-443c-916a-613efc6d37c9-SegmentedRaftLogWorker:Storage Directory /tmp/workdir/hadoop-ozone/integration-test/target/test-dir/MiniOzoneClusterImpl-f32f9215-da2e-405c-a6ea-b120bba4df1b/datanode-3/data/ratis/1bf03224-f461-45aa-a792-5f3c293467f1: flushIndex: setUnconditionally 0 -> -1
2019-07-13 19:23:48,751 INFO  server.RaftServerConfigKeys (ConfUtils.java:logGet(43)) - raft.server.log.queue.byte-limit = 2147483647 (custom)
2019-07-13 19:23:48,752 INFO  server.RaftServerConfigKeys (ConfUtils.java:logGet(43)) - raft.server.log.queue.byte-limit = 2147483647 (custom)
2019-07-13 19:23:48,752 INFO  server.RaftServerConfigKeys (ConfUtils.java:logGet(43)) - raft.server.snapshot.auto.trigger.enabled = true (custom)
2019-07-13 19:23:48,752 INFO  server.RaftServerConfigKeys (ConfUtils.java:logGet(43)) - raft.server.log.queue.element-limit = 1024 (custom)
2019-07-13 19:23:48,752 INFO  server.RaftServerConfigKeys (ConfUtils.java:logGet(43)) - raft.server.snapshot.auto.trigger.threshold = 10000 (custom)
2019-07-13 19:23:48,752 INFO  server.RaftServerConfigKeys (ConfUtils.java:logGet(43)) - raft.server.log.queue.element-limit = 1024 (custom)
2019-07-13 19:23:48,752 INFO  server.RaftServerConfigKeys (ConfUtils.java:logGet(43)) - raft.server.retrycache.expirytime = 600000ms (custom)
2019-07-13 19:23:48,752 INFO  server.RaftServerConfigKeys (ConfUtils.java:logGet(43)) - raft.server.log.segment.size.max = 1048576 (custom)
2019-07-13 19:23:48,753 INFO  impl.RaftServerImpl (RaftServerImpl.java:start(180)) - 1978dc95-4d28-443c-916a-613efc6d37c9: start group-5F3C293467F1
2019-07-13 19:23:48,753 INFO  server.RaftServerConfigKeys (ConfUtils.java:logGet(43)) - raft.server.log.segment.size.max = 1048576 (custom)
2019-07-13 19:23:48,753 INFO  impl.RaftServerImpl (RaftServerImpl.java:setRole(171)) - 1978dc95-4d28-443c-916a-613efc6d37c9:group-5F3C293467F1 changes role from null to FOLLOWER at term 0 for startAsFollower
2019-07-13 19:23:48,753 INFO  server.RaftServerConfigKeys (ConfUtils.java:logGet(43)) - raft.server.log.preallocated.size = 16384 (custom)
2019-07-13 19:23:48,753 INFO  impl.RoleInfo (RoleInfo.java:updateAndGet(143)) - 1978dc95-4d28-443c-916a-613efc6d37c9: start FollowerState
2019-07-13 19:23:48,753 INFO  server.RaftServerConfigKeys (ConfUtils.java:logGet(43)) - raft.server.log.preallocated.size = 16384 (custom)
2019-07-13 19:23:48,753 INFO  server.RaftServerConfigKeys (ConfUtils.java:logGet(43)) - raft.server.log.write.buffer.size = 33554432 (custom)
2019-07-13 19:23:48,754 INFO  util.JmxRegister (JmxRegister.java:tryRegister(44)) - Successfully registered JMX Bean with object name Ratis:service=RaftServer,group=group-5F3C293467F1,id=1978dc95-4d28-443c-916a-613efc6d37c9
2019-07-13 19:23:48,754 INFO  server.RaftServerConfigKeys (ConfUtils.java:logGet(43)) - raft.server.log.write.buffer.size = 33554432 (custom)
2019-07-13 19:23:48,754 INFO  server.RaftServerConfigKeys (ConfUtils.java:logGet(43)) - raft.server.log.force.sync.num = 128 (default)
2019-07-13 19:23:48,754 INFO  server.RaftServerConfigKeys (ConfUtils.java:logGet(43)) - raft.server.log.force.sync.num = 128 (default)
2019-07-13 19:23:48,754 INFO  server.RaftServerConfigKeys (ConfUtils.java:logGet(43)) - raft.server.log.statemachine.data.sync = true (default)
2019-07-13 19:23:48,754 INFO  server.RaftServerConfigKeys (ConfUtils.java:logGet(43)) - raft.server.log.statemachine.data.sync = true (default)
2019-07-13 19:23:48,754 INFO  server.RaftServerConfigKeys (ConfUtils.java:logGet(43)) - raft.server.log.statemachine.data.sync.timeout = 10s (default)
2019-07-13 19:23:48,755 INFO  server.RaftServerConfigKeys (ConfUtils.java:logGet(43)) - raft.server.log.statemachine.data.sync.timeout = 10s (default)
2019-07-13 19:23:48,755 INFO  server.RaftServerConfigKeys (ConfUtils.java:logGet(43)) - raft.server.log.statemachine.data.sync.timeout.retry = -1 (default)
2019-07-13 19:23:48,758 INFO  server.RaftServerConfigKeys (ConfUtils.java:logGet(43)) - raft.server.log.statemachine.data.sync.timeout.retry = -1 (default)
2019-07-13 19:23:48,758 INFO  server.RaftServerConfigKeys (ConfUtils.java:logGet(43)) - raft.server.log.statemachine.data.caching.enabled = true (custom)
2019-07-13 19:23:48,758 INFO  server.RaftServerConfigKeys (ConfUtils.java:logGet(43)) - raft.server.log.statemachine.data.caching.enabled = true (custom)
2019-07-13 19:23:48,758 INFO  segmented.SegmentedRaftLogWorker (SegmentedRaftLogWorker.java:lambda$new$0(132)) - cbf97dea-2830-4088-8803-65db8039c739-SegmentedRaftLogWorker:Storage Directory /tmp/workdir/hadoop-ozone/integration-test/target/test-dir/MiniOzoneClusterImpl-f32f9215-da2e-405c-a6ea-b120bba4df1b/datanode-4/data/ratis/1bf03224-f461-45aa-a792-5f3c293467f1: flushIndex: setUnconditionally 0 -> -1
2019-07-13 19:23:48,758 INFO  segmented.SegmentedRaftLogWorker (SegmentedRaftLogWorker.java:lambda$new$0(132)) - 27c138d4-b7f8-49f6-9984-f82b7ebef8a8-SegmentedRaftLogWorker:Storage Directory /tmp/workdir/hadoop-ozone/integration-test/target/test-dir/MiniOzoneClusterImpl-f32f9215-da2e-405c-a6ea-b120bba4df1b/datanode-5/data/ratis/1bf03224-f461-45aa-a792-5f3c293467f1: flushIndex: setUnconditionally 0 -> -1
2019-07-13 19:23:48,759 INFO  server.RaftServerConfigKeys (ConfUtils.java:logGet(43)) - raft.server.snapshot.auto.trigger.enabled = true (custom)
2019-07-13 19:23:48,759 INFO  server.RaftServerConfigKeys (ConfUtils.java:logGet(43)) - raft.server.snapshot.auto.trigger.threshold = 10000 (custom)
2019-07-13 19:23:48,759 INFO  server.RaftServerConfigKeys (ConfUtils.java:logGet(43)) - raft.server.snapshot.auto.trigger.enabled = true (custom)
2019-07-13 19:23:48,759 INFO  server.RaftServerConfigKeys (ConfUtils.java:logGet(43)) - raft.server.retrycache.expirytime = 600000ms (custom)
2019-07-13 19:23:48,759 INFO  server.RaftServerConfigKeys (ConfUtils.java:logGet(43)) - raft.server.snapshot.auto.trigger.threshold = 10000 (custom)
2019-07-13 19:23:48,759 INFO  impl.RaftServerImpl (RaftServerImpl.java:start(180)) - cbf97dea-2830-4088-8803-65db8039c739: start group-5F3C293467F1
2019-07-13 19:23:48,759 INFO  server.RaftServerConfigKeys (ConfUtils.java:logGet(43)) - raft.server.retrycache.expirytime = 600000ms (custom)
2019-07-13 19:23:48,759 INFO  impl.RaftServerImpl (RaftServerImpl.java:setRole(171)) - cbf97dea-2830-4088-8803-65db8039c739:group-5F3C293467F1 changes role from null to FOLLOWER at term 0 for startAsFollower
2019-07-13 19:23:48,760 INFO  impl.RaftServerImpl (RaftServerImpl.java:start(180)) - 27c138d4-b7f8-49f6-9984-f82b7ebef8a8: start group-5F3C293467F1
2019-07-13 19:23:48,760 INFO  impl.RoleInfo (RoleInfo.java:updateAndGet(143)) - cbf97dea-2830-4088-8803-65db8039c739: start FollowerState
2019-07-13 19:23:48,760 INFO  impl.RaftServerImpl (RaftServerImpl.java:setRole(171)) - 27c138d4-b7f8-49f6-9984-f82b7ebef8a8:group-5F3C293467F1 changes role from null to FOLLOWER at term 0 for startAsFollower
2019-07-13 19:23:48,760 INFO  impl.RoleInfo (RoleInfo.java:updateAndGet(143)) - 27c138d4-b7f8-49f6-9984-f82b7ebef8a8: start FollowerState
2019-07-13 19:23:48,760 INFO  util.JmxRegister (JmxRegister.java:tryRegister(44)) - Successfully registered JMX Bean with object name Ratis:service=RaftServer,group=group-5F3C293467F1,id=cbf97dea-2830-4088-8803-65db8039c739
2019-07-13 19:23:48,760 INFO  util.JmxRegister (JmxRegister.java:tryRegister(44)) - Successfully registered JMX Bean with object name Ratis:service=RaftServer,group=group-5F3C293467F1,id=27c138d4-b7f8-49f6-9984-f82b7ebef8a8
2019-07-13 19:23:48,779 INFO  pipeline.PipelineStateManager (PipelineStateManager.java:addPipeline(56)) - Created pipeline Pipeline[ Id: 1bf03224-f461-45aa-a792-5f3c293467f1, Nodes: 27c138d4-b7f8-49f6-9984-f82b7ebef8a8{ip: 192.168.69.122, host: trunk-nightly-fxqsz-774976932, networkLocation: /default-rack, certSerialId: null}cbf97dea-2830-4088-8803-65db8039c739{ip: 192.168.69.122, host: trunk-nightly-fxqsz-774976932, networkLocation: /default-rack, certSerialId: null}1978dc95-4d28-443c-916a-613efc6d37c9{ip: 192.168.69.122, host: trunk-nightly-fxqsz-774976932, networkLocation: /default-rack, certSerialId: null}, Type:RATIS, Factor:THREE, State:OPEN]
2019-07-13 19:23:48,901 INFO  node.SCMNodeManager (SCMNodeManager.java:register(269)) - Registered Data node : c74533c3-a60a-4bf1-8b3c-8c12f10c773e{ip: 192.168.69.122, host: trunk-nightly-fxqsz-774976932, networkLocation: /default-rack, certSerialId: null}
2019-07-13 19:23:48,904 INFO  ozone.MiniOzoneClusterImpl (MiniOzoneClusterImpl.java:lambda$waitForClusterToBeReady$0(142)) - Cluster is ready. Got 7 of 7 DN Heartbeats.
2019-07-13 19:23:48,908 INFO  impl.RaftServerProxy (RaftServerProxy.java:addNew(89)) - c74533c3-a60a-4bf1-8b3c-8c12f10c773e: addNew group-5E1FEF4140A2:[c74533c3-a60a-4bf1-8b3c-8c12f10c773e:192.168.69.122:34177] returns group-5E1FEF4140A2:java.util.concurrent.CompletableFuture@1afdc12f[Not completed]
2019-07-13 19:23:48,909 INFO  impl.RaftServerImpl (RaftServerImpl.java:<init>(93)) - c74533c3-a60a-4bf1-8b3c-8c12f10c773e: new RaftServerImpl for group-5E1FEF4140A2:[c74533c3-a60a-4bf1-8b3c-8c12f10c773e:192.168.69.122:34177] with ContainerStateMachine:uninitialized
2019-07-13 19:23:48,909 INFO  server.RaftServerConfigKeys (ConfUtils.java:logGet(43)) - raft.server.rpc.timeout.min = 5s (custom)
2019-07-13 19:23:48,909 INFO  server.RaftServerConfigKeys (ConfUtils.java:logGet(43)) - raft.server.rpc.timeout.max = 5200ms (custom)
2019-07-13 19:23:48,909 INFO  server.RaftServerConfigKeys (ConfUtils.java:logGet(43)) - raft.server.rpcslowness.timeout = 120s (custom)
2019-07-13 19:23:48,909 INFO  server.RaftServerConfigKeys (ConfUtils.java:logGet(43)) - raft.server.sleep.deviation.threshold = 300 (default)
2019-07-13 19:23:48,910 INFO  server.RaftServerConfigKeys (ConfUtils.java:logGet(43)) - raft.server.log.appender.install.snapshot.enabled = false (custom)
2019-07-13 19:23:48,910 INFO  impl.RaftServerImpl (ServerState.java:<init>(105)) - c74533c3-a60a-4bf1-8b3c-8c12f10c773e:group-5E1FEF4140A2 ConfigurationManager, init=-1: [c74533c3-a60a-4bf1-8b3c-8c12f10c773e:192.168.69.122:34177], old=null, confs=<EMPTY_MAP>
2019-07-13 19:23:48,910 INFO  server.RaftServerConfigKeys (ConfUtils.java:logGet(43)) - raft.server.storage.dir = [/tmp/workdir/hadoop-ozone/integration-test/target/test-dir/MiniOzoneClusterImpl-f32f9215-da2e-405c-a6ea-b120bba4df1b/datanode-6/data/ratis] (custom)
2019-07-13 19:23:48,910 INFO  storage.RaftStorageDirectory (RaftStorageDirectory.java:analyzeStorage(246)) - The storage directory /tmp/workdir/hadoop-ozone/integration-test/target/test-dir/MiniOzoneClusterImpl-f32f9215-da2e-405c-a6ea-b120bba4df1b/datanode-6/data/ratis/8818222d-7496-43b0-922f-5e1fef4140a2 does not exist. Creating ...
2019-07-13 19:23:48,928 INFO  storage.RaftStorageDirectory (RaftStorageDirectory.java:tryLock(328)) - Lock on /tmp/workdir/hadoop-ozone/integration-test/target/test-dir/MiniOzoneClusterImpl-f32f9215-da2e-405c-a6ea-b120bba4df1b/datanode-6/data/ratis/8818222d-7496-43b0-922f-5e1fef4140a2/in_use.lock acquired by nodename 22884@trunk-nightly-fxqsz-774976932
2019-07-13 19:23:48,943 INFO  rpc.RpcClient (RpcClient.java:createVolume(287)) - Creating Volume: testblockoutputstream, with jenkins1000 as owner.
2019-07-13 19:23:48,958 INFO  storage.RaftStorage (RaftStorage.java:format(72)) - Storage directory /tmp/workdir/hadoop-ozone/integration-test/target/test-dir/MiniOzoneClusterImpl-f32f9215-da2e-405c-a6ea-b120bba4df1b/datanode-6/data/ratis/8818222d-7496-43b0-922f-5e1fef4140a2 has been successfully formatted.
2019-07-13 19:23:48,958 INFO  ratis.ContainerStateMachine (ContainerStateMachine.java:loadSnapshot(200)) - The snapshot info is null.Setting the last applied index to:(t:0, i:~)
2019-07-13 19:23:48,958 INFO  server.RaftServerConfigKeys (ConfUtils.java:logGet(43)) - raft.server.leader.election.timeout = 120s (custom)
2019-07-13 19:23:48,958 INFO  rpc.RpcClient (RpcClient.java:createBucket(424)) - Creating Bucket: testblockoutputstream/testblockoutputstream, with Versioning false and Storage Type set to DISK and Encryption set to false 
2019-07-13 19:23:48,959 INFO  server.RaftServerConfigKeys (ConfUtils.java:logGet(43)) - raft.server.log.use.memory = false (default)
2019-07-13 19:23:48,959 INFO  server.RaftServerConfigKeys (ConfUtils.java:logGet(43)) - raft.server.log.purge.gap = 1000000000 (custom)
2019-07-13 19:23:48,959 INFO  server.RaftServerConfigKeys (ConfUtils.java:logGet(43)) - raft.server.log.appender.buffer.byte-limit = 33554432 (custom)
2019-07-13 19:23:48,959 INFO  server.RaftServerConfigKeys (ConfUtils.java:logGet(43)) - raft.server.log.segment.size.max = 1048576 (custom)
2019-07-13 19:23:48,960 INFO  server.RaftServerConfigKeys (ConfUtils.java:logGet(43)) - raft.server.log.segment.cache.num.max = 2 (custom)
2019-07-13 19:23:48,962 INFO  segmented.SegmentedRaftLogWorker (SegmentedRaftLogWorker.java:<init>(172)) - new c74533c3-a60a-4bf1-8b3c-8c12f10c773e-SegmentedRaftLogWorker:Storage Directory /tmp/workdir/hadoop-ozone/integration-test/target/test-dir/MiniOzoneClusterImpl-f32f9215-da2e-405c-a6ea-b120bba4df1b/datanode-6/data/ratis/8818222d-7496-43b0-922f-5e1fef4140a2 for RaftStorage:Storage Directory /tmp/workdir/hadoop-ozone/integration-test/target/test-dir/MiniOzoneClusterImpl-f32f9215-da2e-405c-a6ea-b120bba4df1b/datanode-6/data/ratis/8818222d-7496-43b0-922f-5e1fef4140a2
2019-07-13 19:23:48,962 INFO  server.RaftServerConfigKeys (ConfUtils.java:logGet(43)) - raft.server.log.queue.byte-limit = 2147483647 (custom)
2019-07-13 19:23:48,962 INFO  server.RaftServerConfigKeys (ConfUtils.java:logGet(43)) - raft.server.log.queue.element-limit = 1024 (custom)
2019-07-13 19:23:48,963 INFO  server.RaftServerConfigKeys (ConfUtils.java:logGet(43)) - raft.server.log.segment.size.max = 1048576 (custom)
2019-07-13 19:23:48,963 INFO  server.RaftServerConfigKeys (ConfUtils.java:logGet(43)) - raft.server.log.preallocated.size = 16384 (custom)
2019-07-13 19:23:48,963 INFO  server.RaftServerConfigKeys (ConfUtils.java:logGet(43)) - raft.server.log.write.buffer.size = 33554432 (custom)
2019-07-13 19:23:48,964 INFO  server.RaftServerConfigKeys (ConfUtils.java:logGet(43)) - raft.server.log.force.sync.num = 128 (default)
2019-07-13 19:23:48,964 INFO  server.RaftServerConfigKeys (ConfUtils.java:logGet(43)) - raft.server.log.statemachine.data.sync = true (default)
2019-07-13 19:23:48,964 INFO  server.RaftServerConfigKeys (ConfUtils.java:logGet(43)) - raft.server.log.statemachine.data.sync.timeout = 10s (default)
2019-07-13 19:23:48,964 INFO  server.RaftServerConfigKeys (ConfUtils.java:logGet(43)) - raft.server.log.statemachine.data.sync.timeout.retry = -1 (default)
2019-07-13 19:23:48,965 INFO  server.RaftServerConfigKeys (ConfUtils.java:logGet(43)) - raft.server.log.statemachine.data.caching.enabled = true (custom)
2019-07-13 19:23:48,965 INFO  segmented.SegmentedRaftLogWorker (SegmentedRaftLogWorker.java:lambda$new$0(132)) - c74533c3-a60a-4bf1-8b3c-8c12f10c773e-SegmentedRaftLogWorker:Storage Directory /tmp/workdir/hadoop-ozone/integration-test/target/test-dir/MiniOzoneClusterImpl-f32f9215-da2e-405c-a6ea-b120bba4df1b/datanode-6/data/ratis/8818222d-7496-43b0-922f-5e1fef4140a2: flushIndex: setUnconditionally 0 -> -1
2019-07-13 19:23:48,965 INFO  server.RaftServerConfigKeys (ConfUtils.java:logGet(43)) - raft.server.snapshot.auto.trigger.enabled = true (custom)
2019-07-13 19:23:48,966 INFO  server.RaftServerConfigKeys (ConfUtils.java:logGet(43)) - raft.server.snapshot.auto.trigger.threshold = 10000 (custom)
2019-07-13 19:23:48,966 INFO  server.RaftServerConfigKeys (ConfUtils.java:logGet(43)) - raft.server.retrycache.expirytime = 600000ms (custom)
2019-07-13 19:23:48,966 INFO  impl.RaftServerImpl (RaftServerImpl.java:start(180)) - c74533c3-a60a-4bf1-8b3c-8c12f10c773e: start group-5E1FEF4140A2
2019-07-13 19:23:48,966 INFO  impl.RaftServerImpl (RaftServerImpl.java:setRole(171)) - c74533c3-a60a-4bf1-8b3c-8c12f10c773e:group-5E1FEF4140A2 changes role from null to FOLLOWER at term 0 for startAsFollower
2019-07-13 19:23:48,966 INFO  impl.RoleInfo (RoleInfo.java:updateAndGet(143)) - c74533c3-a60a-4bf1-8b3c-8c12f10c773e: start FollowerState
2019-07-13 19:23:48,967 INFO  util.JmxRegister (JmxRegister.java:tryRegister(44)) - Successfully registered JMX Bean with object name Ratis:service=RaftServer,group=group-5E1FEF4140A2,id=c74533c3-a60a-4bf1-8b3c-8c12f10c773e
2019-07-13 19:23:48,971 INFO  pipeline.PipelineStateManager (PipelineStateManager.java:addPipeline(56)) - Created pipeline Pipeline[ Id: 8818222d-7496-43b0-922f-5e1fef4140a2, Nodes: c74533c3-a60a-4bf1-8b3c-8c12f10c773e{ip: 192.168.69.122, host: trunk-nightly-fxqsz-774976932, networkLocation: /default-rack, certSerialId: null}, Type:RATIS, Factor:ONE, State:OPEN]
2019-07-13 19:23:48,993 INFO  client.GrpcClientProtocolClient (GrpcClientProtocolClient.java:onNext(255)) - client-DB64FEED9983->27c138d4-b7f8-49f6-9984-f82b7ebef8a8: receive RaftClientReply:client-DB64FEED9983->27c138d4-b7f8-49f6-9984-f82b7ebef8a8@group-5F3C293467F1, cid=227, FAILED org.apache.ratis.protocol.NotLeaderException: Server 27c138d4-b7f8-49f6-9984-f82b7ebef8a8 is not the leader (null). Request must be sent to leader., logIndex=0, commits[27c138d4-b7f8-49f6-9984-f82b7ebef8a8:c-1]
2019-07-13 19:23:50,012 INFO  client.GrpcClientProtocolClient (GrpcClientProtocolClient.java:onNext(255)) - client-DB64FEED9983->1978dc95-4d28-443c-916a-613efc6d37c9: receive RaftClientReply:client-DB64FEED9983->1978dc95-4d28-443c-916a-613efc6d37c9@group-5F3C293467F1, cid=227, FAILED org.apache.ratis.protocol.NotLeaderException: Server 1978dc95-4d28-443c-916a-613efc6d37c9 is not the leader (null). Request must be sent to leader., logIndex=0, commits[1978dc95-4d28-443c-916a-613efc6d37c9:c-1]
2019-07-13 19:23:50,740 INFO  container.ReplicationManager (ReplicationManager.java:start(155)) - Starting Replication Monitor Thread.
2019-07-13 19:23:50,744 INFO  container.ReplicationManager (ReplicationManager.java:run(207)) - Replication Monitor Thread took 0 milliseconds for processing 1 containers.
2019-07-13 19:23:51,022 INFO  client.GrpcClientProtocolClient (GrpcClientProtocolClient.java:onNext(255)) - client-DB64FEED9983->27c138d4-b7f8-49f6-9984-f82b7ebef8a8: receive RaftClientReply:client-DB64FEED9983->27c138d4-b7f8-49f6-9984-f82b7ebef8a8@group-5F3C293467F1, cid=227, FAILED org.apache.ratis.protocol.NotLeaderException: Server 27c138d4-b7f8-49f6-9984-f82b7ebef8a8 is not the leader (null). Request must be sent to leader., logIndex=0, commits[27c138d4-b7f8-49f6-9984-f82b7ebef8a8:c-1]
2019-07-13 19:23:52,038 INFO  client.GrpcClientProtocolClient (GrpcClientProtocolClient.java:onNext(255)) - client-DB64FEED9983->cbf97dea-2830-4088-8803-65db8039c739: receive RaftClientReply:client-DB64FEED9983->cbf97dea-2830-4088-8803-65db8039c739@group-5F3C293467F1, cid=227, FAILED org.apache.ratis.protocol.NotLeaderException: Server cbf97dea-2830-4088-8803-65db8039c739 is not the leader (null). Request must be sent to leader., logIndex=0, commits[cbf97dea-2830-4088-8803-65db8039c739:c-1]
2019-07-13 19:23:52,915 INFO  impl.FollowerState (FollowerState.java:run(106)) - 4f660045-096b-44e3-abb1-718e2f71488a:group-A2E14DF2A751 changes to CANDIDATE, lastRpcTime:5127, electionTimeout:5127ms
2019-07-13 19:23:52,916 INFO  impl.RoleInfo (RoleInfo.java:shutdownFollowerState(121)) - 4f660045-096b-44e3-abb1-718e2f71488a: shutdown FollowerState
2019-07-13 19:23:52,916 INFO  impl.RaftServerImpl (RaftServerImpl.java:setRole(171)) - 4f660045-096b-44e3-abb1-718e2f71488a:group-A2E14DF2A751 changes role from FOLLOWER to CANDIDATE at term 0 for changeToCandidate
2019-07-13 19:23:52,916 INFO  impl.RoleInfo (RoleInfo.java:updateAndGet(143)) - 4f660045-096b-44e3-abb1-718e2f71488a: start LeaderElection
2019-07-13 19:23:52,939 INFO  impl.LeaderElection (LeaderElection.java:askForVotes(181)) - 4f660045-096b-44e3-abb1-718e2f71488a:group-A2E14DF2A751:LeaderElection79: begin an election at term 1 for -1: [4f660045-096b-44e3-abb1-718e2f71488a:192.168.69.122:42499], old=null
2019-07-13 19:23:52,939 INFO  impl.RoleInfo (RoleInfo.java:shutdownLeaderElection(134)) - 4f660045-096b-44e3-abb1-718e2f71488a: shutdown LeaderElection
2019-07-13 19:23:52,939 INFO  impl.RaftServerImpl (RaftServerImpl.java:setRole(171)) - 4f660045-096b-44e3-abb1-718e2f71488a:group-A2E14DF2A751 changes role from CANDIDATE to LEADER at term 1 for changeToLeader
2019-07-13 19:23:52,939 INFO  impl.RaftServerImpl (ServerState.java:setLeader(263)) - 4f660045-096b-44e3-abb1-718e2f71488a:group-A2E14DF2A751 change Leader from null to 4f660045-096b-44e3-abb1-718e2f71488a at term 1 for becomeLeader, leader elected after 5157ms
2019-07-13 19:23:52,942 INFO  server.RaftServerConfigKeys (ConfUtils.java:logGet(43)) - raft.server.staging.catchup.gap = 1000 (default)
2019-07-13 19:23:52,942 INFO  server.RaftServerConfigKeys (ConfUtils.java:logGet(43)) - raft.server.rpc.sleep.time = 25ms (default)
2019-07-13 19:23:52,942 INFO  server.RaftServerConfigKeys (ConfUtils.java:logGet(43)) - raft.server.write.element-limit = 4096 (default)
2019-07-13 19:23:52,943 INFO  server.RaftServerConfigKeys (ConfUtils.java:logGet(43)) - raft.server.watch.timeout = 10s (default)
2019-07-13 19:23:52,943 INFO  server.RaftServerConfigKeys (ConfUtils.java:logGet(43)) - raft.server.watch.timeout.denomination = 1s (default)
2019-07-13 19:23:52,943 INFO  server.RaftServerConfigKeys (ConfUtils.java:logGet(43)) - raft.server.watch.element-limit = 65536 (default)
2019-07-13 19:23:52,943 INFO  impl.RoleInfo (RoleInfo.java:updateAndGet(143)) - 4f660045-096b-44e3-abb1-718e2f71488a: start LeaderState
2019-07-13 19:23:52,943 INFO  segmented.SegmentedRaftLogWorker (SegmentedRaftLogWorker.java:startLogSegment(380)) - 4f660045-096b-44e3-abb1-718e2f71488a-SegmentedRaftLogWorker:Storage Directory /tmp/workdir/hadoop-ozone/integration-test/target/test-dir/MiniOzoneClusterImpl-f32f9215-da2e-405c-a6ea-b120bba4df1b/datanode-0/data/ratis/c1553f1b-ca5f-44c0-a3b5-a2e14df2a751: Starting segment from index:0
2019-07-13 19:23:52,944 INFO  impl.RaftServerImpl (ServerState.java:setRaftConf(361)) - 4f660045-096b-44e3-abb1-718e2f71488a:group-A2E14DF2A751 set configuration 0: [4f660045-096b-44e3-abb1-718e2f71488a:192.168.69.122:42499], old=null at 0
2019-07-13 19:23:52,987 INFO  segmented.SegmentedRaftLogWorker (SegmentedRaftLogWorker.java:execute(569)) - 4f660045-096b-44e3-abb1-718e2f71488a-SegmentedRaftLogWorker:Storage Directory /tmp/workdir/hadoop-ozone/integration-test/target/test-dir/MiniOzoneClusterImpl-f32f9215-da2e-405c-a6ea-b120bba4df1b/datanode-0/data/ratis/c1553f1b-ca5f-44c0-a3b5-a2e14df2a751: created new log segment /tmp/workdir/hadoop-ozone/integration-test/target/test-dir/MiniOzoneClusterImpl-f32f9215-da2e-405c-a6ea-b120bba4df1b/datanode-0/data/ratis/c1553f1b-ca5f-44c0-a3b5-a2e14df2a751/current/log_inprogress_0
2019-07-13 19:23:53,052 INFO  client.GrpcClientProtocolClient (GrpcClientProtocolClient.java:onNext(255)) - client-DB64FEED9983->27c138d4-b7f8-49f6-9984-f82b7ebef8a8: receive RaftClientReply:client-DB64FEED9983->27c138d4-b7f8-49f6-9984-f82b7ebef8a8@group-5F3C293467F1, cid=227, FAILED org.apache.ratis.protocol.NotLeaderException: Server 27c138d4-b7f8-49f6-9984-f82b7ebef8a8 is not the leader (null). Request must be sent to leader., logIndex=0, commits[27c138d4-b7f8-49f6-9984-f82b7ebef8a8:c-1]
2019-07-13 19:23:53,135 INFO  impl.FollowerState (FollowerState.java:run(106)) - 9b70db6e-3b92-47df-b3e9-5c6dfc748ecf:group-E40B0B258B34 changes to CANDIDATE, lastRpcTime:5187, electionTimeout:5187ms
2019-07-13 19:23:53,136 INFO  impl.RoleInfo (RoleInfo.java:shutdownFollowerState(121)) - 9b70db6e-3b92-47df-b3e9-5c6dfc748ecf: shutdown FollowerState
2019-07-13 19:23:53,136 INFO  impl.RaftServerImpl (RaftServerImpl.java:setRole(171)) - 9b70db6e-3b92-47df-b3e9-5c6dfc748ecf:group-E40B0B258B34 changes role from FOLLOWER to CANDIDATE at term 0 for changeToCandidate
2019-07-13 19:23:53,136 INFO  impl.RoleInfo (RoleInfo.java:updateAndGet(143)) - 9b70db6e-3b92-47df-b3e9-5c6dfc748ecf: start LeaderElection
2019-07-13 19:23:53,157 INFO  impl.LeaderElection (LeaderElection.java:askForVotes(181)) - 9b70db6e-3b92-47df-b3e9-5c6dfc748ecf:group-E40B0B258B34:LeaderElection80: begin an election at term 1 for -1: [9b70db6e-3b92-47df-b3e9-5c6dfc748ecf:192.168.69.122:44174], old=null
2019-07-13 19:23:53,157 INFO  impl.RoleInfo (RoleInfo.java:shutdownLeaderElection(134)) - 9b70db6e-3b92-47df-b3e9-5c6dfc748ecf: shutdown LeaderElection
2019-07-13 19:23:53,157 INFO  impl.RaftServerImpl (RaftServerImpl.java:setRole(171)) - 9b70db6e-3b92-47df-b3e9-5c6dfc748ecf:group-E40B0B258B34 changes role from CANDIDATE to LEADER at term 1 for changeToLeader
2019-07-13 19:23:53,157 INFO  impl.RaftServerImpl (ServerState.java:setLeader(263)) - 9b70db6e-3b92-47df-b3e9-5c6dfc748ecf:group-E40B0B258B34 change Leader from null to 9b70db6e-3b92-47df-b3e9-5c6dfc748ecf at term 1 for becomeLeader, leader elected after 5213ms
2019-07-13 19:23:53,159 INFO  server.RaftServerConfigKeys (ConfUtils.java:logGet(43)) - raft.server.staging.catchup.gap = 1000 (default)
2019-07-13 19:23:53,160 INFO  server.RaftServerConfigKeys (ConfUtils.java:logGet(43)) - raft.server.rpc.sleep.time = 25ms (default)
2019-07-13 19:23:53,160 INFO  server.RaftServerConfigKeys (ConfUtils.java:logGet(43)) - raft.server.write.element-limit = 4096 (default)
2019-07-13 19:23:53,160 INFO  server.RaftServerConfigKeys (ConfUtils.java:logGet(43)) - raft.server.watch.timeout = 10s (default)
2019-07-13 19:23:53,160 INFO  server.RaftServerConfigKeys (ConfUtils.java:logGet(43)) - raft.server.watch.timeout.denomination = 1s (default)
2019-07-13 19:23:53,160 INFO  server.RaftServerConfigKeys (ConfUtils.java:logGet(43)) - raft.server.watch.element-limit = 65536 (default)
2019-07-13 19:23:53,161 INFO  impl.RoleInfo (RoleInfo.java:updateAndGet(143)) - 9b70db6e-3b92-47df-b3e9-5c6dfc748ecf: start LeaderState
2019-07-13 19:23:53,161 INFO  segmented.SegmentedRaftLogWorker (SegmentedRaftLogWorker.java:startLogSegment(380)) - 9b70db6e-3b92-47df-b3e9-5c6dfc748ecf-SegmentedRaftLogWorker:Storage Directory /tmp/workdir/hadoop-ozone/integration-test/target/test-dir/MiniOzoneClusterImpl-f32f9215-da2e-405c-a6ea-b120bba4df1b/datanode-1/data/ratis/a57783e0-f97e-4429-9ffe-e40b0b258b34: Starting segment from index:0
2019-07-13 19:23:53,161 INFO  impl.RaftServerImpl (ServerState.java:setRaftConf(361)) - 9b70db6e-3b92-47df-b3e9-5c6dfc748ecf:group-E40B0B258B34 set configuration 0: [9b70db6e-3b92-47df-b3e9-5c6dfc748ecf:192.168.69.122:44174], old=null at 0
2019-07-13 19:23:53,192 INFO  segmented.SegmentedRaftLogWorker (SegmentedRaftLogWorker.java:execute(569)) - 9b70db6e-3b92-47df-b3e9-5c6dfc748ecf-SegmentedRaftLogWorker:Storage Directory /tmp/workdir/hadoop-ozone/integration-test/target/test-dir/MiniOzoneClusterImpl-f32f9215-da2e-405c-a6ea-b120bba4df1b/datanode-1/data/ratis/a57783e0-f97e-4429-9ffe-e40b0b258b34: created new log segment /tmp/workdir/hadoop-ozone/integration-test/target/test-dir/MiniOzoneClusterImpl-f32f9215-da2e-405c-a6ea-b120bba4df1b/datanode-1/data/ratis/a57783e0-f97e-4429-9ffe-e40b0b258b34/current/log_inprogress_0
2019-07-13 19:23:53,231 INFO  impl.FollowerState (FollowerState.java:run(106)) - aac5a20c-afdd-48e6-b166-10de1dd2e40a:group-260EC2E5638D changes to CANDIDATE, lastRpcTime:5079, electionTimeout:5079ms
2019-07-13 19:23:53,232 INFO  impl.RoleInfo (RoleInfo.java:shutdownFollowerState(121)) - aac5a20c-afdd-48e6-b166-10de1dd2e40a: shutdown FollowerState
2019-07-13 19:23:53,232 INFO  impl.RaftServerImpl (RaftServerImpl.java:setRole(171)) - aac5a20c-afdd-48e6-b166-10de1dd2e40a:group-260EC2E5638D changes role from FOLLOWER to CANDIDATE at term 0 for changeToCandidate
2019-07-13 19:23:53,232 INFO  impl.RoleInfo (RoleInfo.java:updateAndGet(143)) - aac5a20c-afdd-48e6-b166-10de1dd2e40a: start LeaderElection
2019-07-13 19:23:53,240 INFO  impl.FollowerState (FollowerState.java:run(106)) - 9b70db6e-3b92-47df-b3e9-5c6dfc748ecf:group-260EC2E5638D changes to CANDIDATE, lastRpcTime:5093, electionTimeout:5093ms
2019-07-13 19:23:53,241 INFO  impl.RoleInfo (RoleInfo.java:shutdownFollowerState(121)) - 9b70db6e-3b92-47df-b3e9-5c6dfc748ecf: shutdown FollowerState
2019-07-13 19:23:53,241 INFO  impl.RaftServerImpl (RaftServerImpl.java:setRole(171)) - 9b70db6e-3b92-47df-b3e9-5c6dfc748ecf:group-260EC2E5638D changes role from FOLLOWER to CANDIDATE at term 0 for changeToCandidate
2019-07-13 19:23:53,241 INFO  impl.RoleInfo (RoleInfo.java:updateAndGet(143)) - 9b70db6e-3b92-47df-b3e9-5c6dfc748ecf: start LeaderElection
2019-07-13 19:23:53,259 INFO  impl.FollowerState (FollowerState.java:run(106)) - aac5a20c-afdd-48e6-b166-10de1dd2e40a:group-6C2927CB243A changes to CANDIDATE, lastRpcTime:5162, electionTimeout:5157ms
2019-07-13 19:23:53,259 INFO  impl.RoleInfo (RoleInfo.java:shutdownFollowerState(121)) - aac5a20c-afdd-48e6-b166-10de1dd2e40a: shutdown FollowerState
2019-07-13 19:23:53,259 INFO  impl.LeaderElection (LeaderElection.java:askForVotes(181)) - aac5a20c-afdd-48e6-b166-10de1dd2e40a:group-260EC2E5638D:LeaderElection81: begin an election at term 1 for -1: [4f660045-096b-44e3-abb1-718e2f71488a:192.168.69.122:42499, aac5a20c-afdd-48e6-b166-10de1dd2e40a:192.168.69.122:38285, 9b70db6e-3b92-47df-b3e9-5c6dfc748ecf:192.168.69.122:44174], old=null
2019-07-13 19:23:53,259 INFO  impl.RaftServerImpl (RaftServerImpl.java:setRole(171)) - aac5a20c-afdd-48e6-b166-10de1dd2e40a:group-6C2927CB243A changes role from FOLLOWER to CANDIDATE at term 0 for changeToCandidate
2019-07-13 19:23:53,259 INFO  impl.RoleInfo (RoleInfo.java:updateAndGet(143)) - aac5a20c-afdd-48e6-b166-10de1dd2e40a: start LeaderElection
2019-07-13 19:23:53,269 INFO  impl.RaftServerImpl (RaftServerImpl.java:setRole(171)) - 4f660045-096b-44e3-abb1-718e2f71488a:group-260EC2E5638D changes role from FOLLOWER to FOLLOWER at term 1 for recognizeCandidate:aac5a20c-afdd-48e6-b166-10de1dd2e40a
2019-07-13 19:23:53,269 INFO  impl.RoleInfo (RoleInfo.java:shutdownFollowerState(121)) - 4f660045-096b-44e3-abb1-718e2f71488a: shutdown FollowerState
2019-07-13 19:23:53,269 INFO  impl.RoleInfo (RoleInfo.java:updateAndGet(143)) - 4f660045-096b-44e3-abb1-718e2f71488a: start FollowerState
2019-07-13 19:23:53,270 INFO  impl.FollowerState (FollowerState.java:run(114)) - 4f660045-096b-44e3-abb1-718e2f71488a: FollowerState was interrupted: java.lang.InterruptedException: sleep interrupted
2019-07-13 19:23:53,272 INFO  impl.LeaderElection (LeaderElection.java:askForVotes(181)) - aac5a20c-afdd-48e6-b166-10de1dd2e40a:group-6C2927CB243A:LeaderElection83: begin an election at term 1 for -1: [aac5a20c-afdd-48e6-b166-10de1dd2e40a:192.168.69.122:38285], old=null
2019-07-13 19:23:53,272 INFO  impl.LeaderElection (LeaderElection.java:askForVotes(181)) - 9b70db6e-3b92-47df-b3e9-5c6dfc748ecf:group-260EC2E5638D:LeaderElection82: begin an election at term 1 for -1: [4f660045-096b-44e3-abb1-718e2f71488a:192.168.69.122:42499, aac5a20c-afdd-48e6-b166-10de1dd2e40a:192.168.69.122:38285, 9b70db6e-3b92-47df-b3e9-5c6dfc748ecf:192.168.69.122:44174], old=null
2019-07-13 19:23:53,275 INFO  impl.RoleInfo (RoleInfo.java:shutdownLeaderElection(134)) - aac5a20c-afdd-48e6-b166-10de1dd2e40a: shutdown LeaderElection
2019-07-13 19:23:53,275 INFO  impl.RaftServerImpl (RaftServerImpl.java:setRole(171)) - aac5a20c-afdd-48e6-b166-10de1dd2e40a:group-6C2927CB243A changes role from CANDIDATE to LEADER at term 1 for changeToLeader
2019-07-13 19:23:53,275 INFO  impl.RaftServerImpl (ServerState.java:setLeader(263)) - aac5a20c-afdd-48e6-b166-10de1dd2e40a:group-6C2927CB243A change Leader from null to aac5a20c-afdd-48e6-b166-10de1dd2e40a at term 1 for becomeLeader, leader elected after 5181ms
2019-07-13 19:23:53,278 INFO  server.RaftServerConfigKeys (ConfUtils.java:logGet(43)) - raft.server.staging.catchup.gap = 1000 (default)
2019-07-13 19:23:53,278 INFO  server.RaftServerConfigKeys (ConfUtils.java:logGet(43)) - raft.server.rpc.sleep.time = 25ms (default)
2019-07-13 19:23:53,278 INFO  server.RaftServerConfigKeys (ConfUtils.java:logGet(43)) - raft.server.write.element-limit = 4096 (default)
2019-07-13 19:23:53,279 INFO  server.RaftServerConfigKeys (ConfUtils.java:logGet(43)) - raft.server.watch.timeout = 10s (default)
2019-07-13 19:23:53,279 INFO  server.RaftServerConfigKeys (ConfUtils.java:logGet(43)) - raft.server.watch.timeout.denomination = 1s (default)
2019-07-13 19:23:53,279 INFO  server.RaftServerConfigKeys (ConfUtils.java:logGet(43)) - raft.server.watch.element-limit = 65536 (default)
2019-07-13 19:23:53,279 INFO  impl.RoleInfo (RoleInfo.java:updateAndGet(143)) - aac5a20c-afdd-48e6-b166-10de1dd2e40a: start LeaderState
2019-07-13 19:23:53,279 INFO  segmented.SegmentedRaftLogWorker (SegmentedRaftLogWorker.java:startLogSegment(380)) - aac5a20c-afdd-48e6-b166-10de1dd2e40a-SegmentedRaftLogWorker:Storage Directory /tmp/workdir/hadoop-ozone/integration-test/target/test-dir/MiniOzoneClusterImpl-f32f9215-da2e-405c-a6ea-b120bba4df1b/datanode-2/data/ratis/d31d32e1-3890-46b6-82c2-6c2927cb243a: Starting segment from index:0
2019-07-13 19:23:53,283 INFO  impl.RaftServerImpl (ServerState.java:setRaftConf(361)) - aac5a20c-afdd-48e6-b166-10de1dd2e40a:group-6C2927CB243A set configuration 0: [aac5a20c-afdd-48e6-b166-10de1dd2e40a:192.168.69.122:38285], old=null at 0
2019-07-13 19:23:53,317 INFO  segmented.SegmentedRaftLogWorker (SegmentedRaftLogWorker.java:execute(569)) - aac5a20c-afdd-48e6-b166-10de1dd2e40a-SegmentedRaftLogWorker:Storage Directory /tmp/workdir/hadoop-ozone/integration-test/target/test-dir/MiniOzoneClusterImpl-f32f9215-da2e-405c-a6ea-b120bba4df1b/datanode-2/data/ratis/d31d32e1-3890-46b6-82c2-6c2927cb243a: created new log segment /tmp/workdir/hadoop-ozone/integration-test/target/test-dir/MiniOzoneClusterImpl-f32f9215-da2e-405c-a6ea-b120bba4df1b/datanode-2/data/ratis/d31d32e1-3890-46b6-82c2-6c2927cb243a/current/log_inprogress_0
2019-07-13 19:23:53,317 INFO  impl.LeaderElection (LeaderElection.java:logAndReturn(56)) - aac5a20c-afdd-48e6-b166-10de1dd2e40a:group-260EC2E5638D:LeaderElection81: Election PASSED; received 2 response(s) [aac5a20c-afdd-48e6-b166-10de1dd2e40a<-4f660045-096b-44e3-abb1-718e2f71488a#0:OK-t1, aac5a20c-afdd-48e6-b166-10de1dd2e40a<-9b70db6e-3b92-47df-b3e9-5c6dfc748ecf#0:FAIL-t1] and 0 exception(s); aac5a20c-afdd-48e6-b166-10de1dd2e40a:t1, leader=null, voted=aac5a20c-afdd-48e6-b166-10de1dd2e40a, raftlog=aac5a20c-afdd-48e6-b166-10de1dd2e40a-SegmentedRaftLog:OPENED:c-1,f-1,i0, conf=-1: [4f660045-096b-44e3-abb1-718e2f71488a:192.168.69.122:42499, aac5a20c-afdd-48e6-b166-10de1dd2e40a:192.168.69.122:38285, 9b70db6e-3b92-47df-b3e9-5c6dfc748ecf:192.168.69.122:44174], old=null
2019-07-13 19:23:53,318 INFO  impl.RoleInfo (RoleInfo.java:shutdownLeaderElection(134)) - aac5a20c-afdd-48e6-b166-10de1dd2e40a: shutdown LeaderElection
2019-07-13 19:23:53,323 INFO  impl.RaftServerImpl (RaftServerImpl.java:setRole(171)) - aac5a20c-afdd-48e6-b166-10de1dd2e40a:group-260EC2E5638D changes role from CANDIDATE to LEADER at term 1 for changeToLeader
2019-07-13 19:23:53,323 INFO  impl.RaftServerImpl (ServerState.java:setLeader(263)) - aac5a20c-afdd-48e6-b166-10de1dd2e40a:group-260EC2E5638D change Leader from null to aac5a20c-afdd-48e6-b166-10de1dd2e40a at term 1 for becomeLeader, leader elected after 5180ms
2019-07-13 19:23:53,323 INFO  server.RaftServerConfigKeys (ConfUtils.java:logGet(43)) - raft.server.staging.catchup.gap = 1000 (default)
2019-07-13 19:23:53,323 INFO  server.RaftServerConfigKeys (ConfUtils.java:logGet(43)) - raft.server.rpc.sleep.time = 25ms (default)
2019-07-13 19:23:53,323 INFO  server.RaftServerConfigKeys (ConfUtils.java:logGet(43)) - raft.server.write.element-limit = 4096 (default)
2019-07-13 19:23:53,323 INFO  impl.LeaderElection (LeaderElection.java:logAndReturn(56)) - 9b70db6e-3b92-47df-b3e9-5c6dfc748ecf:group-260EC2E5638D:LeaderElection82: Election REJECTED; received 2 response(s) [9b70db6e-3b92-47df-b3e9-5c6dfc748ecf<-4f660045-096b-44e3-abb1-718e2f71488a#0:FAIL-t1, 9b70db6e-3b92-47df-b3e9-5c6dfc748ecf<-aac5a20c-afdd-48e6-b166-10de1dd2e40a#0:FAIL-t1] and 0 exception(s); 9b70db6e-3b92-47df-b3e9-5c6dfc748ecf:t1, leader=null, voted=9b70db6e-3b92-47df-b3e9-5c6dfc748ecf, raftlog=9b70db6e-3b92-47df-b3e9-5c6dfc748ecf-SegmentedRaftLog:OPENED:c-1,f-1,i0, conf=-1: [4f660045-096b-44e3-abb1-718e2f71488a:192.168.69.122:42499, aac5a20c-afdd-48e6-b166-10de1dd2e40a:192.168.69.122:38285, 9b70db6e-3b92-47df-b3e9-5c6dfc748ecf:192.168.69.122:44174], old=null
2019-07-13 19:23:53,323 INFO  server.RaftServerConfigKeys (ConfUtils.java:logGet(43)) - raft.server.watch.timeout = 10s (default)
2019-07-13 19:23:53,324 INFO  impl.RaftServerImpl (RaftServerImpl.java:setRole(171)) - 9b70db6e-3b92-47df-b3e9-5c6dfc748ecf:group-260EC2E5638D changes role from CANDIDATE to FOLLOWER at term 1 for DISCOVERED_A_NEW_TERM
2019-07-13 19:23:53,324 INFO  server.RaftServerConfigKeys (ConfUtils.java:logGet(43)) - raft.server.watch.timeout.denomination = 1s (default)
2019-07-13 19:23:53,324 INFO  impl.RoleInfo (RoleInfo.java:shutdownLeaderElection(134)) - 9b70db6e-3b92-47df-b3e9-5c6dfc748ecf: shutdown LeaderElection
2019-07-13 19:23:53,324 INFO  server.RaftServerConfigKeys (ConfUtils.java:logGet(43)) - raft.server.watch.element-limit = 65536 (default)
2019-07-13 19:23:53,324 INFO  impl.RoleInfo (RoleInfo.java:updateAndGet(143)) - 9b70db6e-3b92-47df-b3e9-5c6dfc748ecf: start FollowerState
2019-07-13 19:23:53,325 INFO  server.RaftServerConfigKeys (ConfUtils.java:logGet(43)) - raft.server.log.appender.snapshot.chunk.size.max = 16MB (=16777216) (default)
2019-07-13 19:23:53,325 INFO  server.RaftServerConfigKeys (ConfUtils.java:logGet(43)) - raft.server.log.appender.buffer.byte-limit = 33554432 (custom)
2019-07-13 19:23:53,325 INFO  server.RaftServerConfigKeys (ConfUtils.java:logGet(43)) - raft.server.log.appender.buffer.element-limit = 1 (custom)
2019-07-13 19:23:53,325 INFO  grpc.GrpcConfigKeys$Server (ConfUtils.java:logGet(43)) - raft.grpc.server.leader.outstanding.appends.max = 128 (default)
2019-07-13 19:23:53,325 INFO  server.RaftServerConfigKeys (ConfUtils.java:logGet(43)) - raft.server.rpc.request.timeout = 3000ms (default)
2019-07-13 19:23:53,326 INFO  server.RaftServerConfigKeys (ConfUtils.java:logGet(43)) - raft.server.log.appender.install.snapshot.enabled = false (custom)
2019-07-13 19:23:53,326 INFO  server.RaftServerConfigKeys (ConfUtils.java:logGet(43)) - raft.server.log.appender.snapshot.chunk.size.max = 16MB (=16777216) (default)
2019-07-13 19:23:53,326 INFO  server.RaftServerConfigKeys (ConfUtils.java:logGet(43)) - raft.server.log.appender.buffer.byte-limit = 33554432 (custom)
2019-07-13 19:23:53,326 INFO  server.RaftServerConfigKeys (ConfUtils.java:logGet(43)) - raft.server.log.appender.buffer.element-limit = 1 (custom)
2019-07-13 19:23:53,326 INFO  grpc.GrpcConfigKeys$Server (ConfUtils.java:logGet(43)) - raft.grpc.server.leader.outstanding.appends.max = 128 (default)
2019-07-13 19:23:53,327 INFO  server.RaftServerConfigKeys (ConfUtils.java:logGet(43)) - raft.server.rpc.request.timeout = 3000ms (default)
2019-07-13 19:23:53,327 INFO  server.RaftServerConfigKeys (ConfUtils.java:logGet(43)) - raft.server.log.appender.install.snapshot.enabled = false (custom)
2019-07-13 19:23:53,327 INFO  impl.RoleInfo (RoleInfo.java:updateAndGet(143)) - aac5a20c-afdd-48e6-b166-10de1dd2e40a: start LeaderState
2019-07-13 19:23:53,327 INFO  segmented.SegmentedRaftLogWorker (SegmentedRaftLogWorker.java:startLogSegment(380)) - aac5a20c-afdd-48e6-b166-10de1dd2e40a-SegmentedRaftLogWorker:Storage Directory /tmp/workdir/hadoop-ozone/integration-test/target/test-dir/MiniOzoneClusterImpl-f32f9215-da2e-405c-a6ea-b120bba4df1b/datanode-2/data/ratis/7f0b5c92-472e-499c-b3d8-260ec2e5638d: Starting segment from index:0
2019-07-13 19:23:53,328 INFO  impl.RaftServerImpl (ServerState.java:setRaftConf(361)) - aac5a20c-afdd-48e6-b166-10de1dd2e40a:group-260EC2E5638D set configuration 0: [4f660045-096b-44e3-abb1-718e2f71488a:192.168.69.122:42499, aac5a20c-afdd-48e6-b166-10de1dd2e40a:192.168.69.122:38285, 9b70db6e-3b92-47df-b3e9-5c6dfc748ecf:192.168.69.122:44174], old=null at 0
2019-07-13 19:23:53,330 INFO  impl.RaftServerImpl (ServerState.java:setLeader(263)) - 4f660045-096b-44e3-abb1-718e2f71488a:group-260EC2E5638D change Leader from null to aac5a20c-afdd-48e6-b166-10de1dd2e40a at term 1 for appendEntries, leader elected after 5187ms
2019-07-13 19:23:53,330 INFO  impl.RaftServerImpl (ServerState.java:setLeader(263)) - 9b70db6e-3b92-47df-b3e9-5c6dfc748ecf:group-260EC2E5638D change Leader from null to aac5a20c-afdd-48e6-b166-10de1dd2e40a at term 1 for appendEntries, leader elected after 5187ms
2019-07-13 19:23:53,334 INFO  impl.RaftServerImpl (ServerState.java:setRaftConf(361)) - 9b70db6e-3b92-47df-b3e9-5c6dfc748ecf:group-260EC2E5638D set configuration 0: [4f660045-096b-44e3-abb1-718e2f71488a:192.168.69.122:42499, aac5a20c-afdd-48e6-b166-10de1dd2e40a:192.168.69.122:38285, 9b70db6e-3b92-47df-b3e9-5c6dfc748ecf:192.168.69.122:44174], old=null at 0
2019-07-13 19:23:53,334 INFO  impl.RaftServerImpl (ServerState.java:setRaftConf(361)) - 4f660045-096b-44e3-abb1-718e2f71488a:group-260EC2E5638D set configuration 0: [4f660045-096b-44e3-abb1-718e2f71488a:192.168.69.122:42499, aac5a20c-afdd-48e6-b166-10de1dd2e40a:192.168.69.122:38285, 9b70db6e-3b92-47df-b3e9-5c6dfc748ecf:192.168.69.122:44174], old=null at 0
2019-07-13 19:23:53,334 INFO  segmented.SegmentedRaftLogWorker (SegmentedRaftLogWorker.java:startLogSegment(380)) - 9b70db6e-3b92-47df-b3e9-5c6dfc748ecf-SegmentedRaftLogWorker:Storage Directory /tmp/workdir/hadoop-ozone/integration-test/target/test-dir/MiniOzoneClusterImpl-f32f9215-da2e-405c-a6ea-b120bba4df1b/datanode-1/data/ratis/7f0b5c92-472e-499c-b3d8-260ec2e5638d: Starting segment from index:0
2019-07-13 19:23:53,335 INFO  segmented.SegmentedRaftLogWorker (SegmentedRaftLogWorker.java:startLogSegment(380)) - 4f660045-096b-44e3-abb1-718e2f71488a-SegmentedRaftLogWorker:Storage Directory /tmp/workdir/hadoop-ozone/integration-test/target/test-dir/MiniOzoneClusterImpl-f32f9215-da2e-405c-a6ea-b120bba4df1b/datanode-0/data/ratis/7f0b5c92-472e-499c-b3d8-260ec2e5638d: Starting segment from index:0
2019-07-13 19:23:53,357 INFO  segmented.SegmentedRaftLogWorker (SegmentedRaftLogWorker.java:execute(569)) - aac5a20c-afdd-48e6-b166-10de1dd2e40a-SegmentedRaftLogWorker:Storage Directory /tmp/workdir/hadoop-ozone/integration-test/target/test-dir/MiniOzoneClusterImpl-f32f9215-da2e-405c-a6ea-b120bba4df1b/datanode-2/data/ratis/7f0b5c92-472e-499c-b3d8-260ec2e5638d: created new log segment /tmp/workdir/hadoop-ozone/integration-test/target/test-dir/MiniOzoneClusterImpl-f32f9215-da2e-405c-a6ea-b120bba4df1b/datanode-2/data/ratis/7f0b5c92-472e-499c-b3d8-260ec2e5638d/current/log_inprogress_0
2019-07-13 19:23:53,357 INFO  segmented.SegmentedRaftLogWorker (SegmentedRaftLogWorker.java:execute(569)) - 4f660045-096b-44e3-abb1-718e2f71488a-SegmentedRaftLogWorker:Storage Directory /tmp/workdir/hadoop-ozone/integration-test/target/test-dir/MiniOzoneClusterImpl-f32f9215-da2e-405c-a6ea-b120bba4df1b/datanode-0/data/ratis/7f0b5c92-472e-499c-b3d8-260ec2e5638d: created new log segment /tmp/workdir/hadoop-ozone/integration-test/target/test-dir/MiniOzoneClusterImpl-f32f9215-da2e-405c-a6ea-b120bba4df1b/datanode-0/data/ratis/7f0b5c92-472e-499c-b3d8-260ec2e5638d/current/log_inprogress_0
2019-07-13 19:23:53,357 INFO  segmented.SegmentedRaftLogWorker (SegmentedRaftLogWorker.java:execute(569)) - 9b70db6e-3b92-47df-b3e9-5c6dfc748ecf-SegmentedRaftLogWorker:Storage Directory /tmp/workdir/hadoop-ozone/integration-test/target/test-dir/MiniOzoneClusterImpl-f32f9215-da2e-405c-a6ea-b120bba4df1b/datanode-1/data/ratis/7f0b5c92-472e-499c-b3d8-260ec2e5638d: created new log segment /tmp/workdir/hadoop-ozone/integration-test/target/test-dir/MiniOzoneClusterImpl-f32f9215-da2e-405c-a6ea-b120bba4df1b/datanode-1/data/ratis/7f0b5c92-472e-499c-b3d8-260ec2e5638d/current/log_inprogress_0
2019-07-13 19:23:53,452 INFO  impl.FollowerState (FollowerState.java:run(106)) - 1978dc95-4d28-443c-916a-613efc6d37c9:group-6DF6DCF06298 changes to CANDIDATE, lastRpcTime:5172, electionTimeout:5172ms
2019-07-13 19:23:53,453 INFO  impl.RoleInfo (RoleInfo.java:shutdownFollowerState(121)) - 1978dc95-4d28-443c-916a-613efc6d37c9: shutdown FollowerState
2019-07-13 19:23:53,453 INFO  impl.RaftServerImpl (RaftServerImpl.java:setRole(171)) - 1978dc95-4d28-443c-916a-613efc6d37c9:group-6DF6DCF06298 changes role from FOLLOWER to CANDIDATE at term 0 for changeToCandidate
2019-07-13 19:23:53,453 INFO  impl.RoleInfo (RoleInfo.java:updateAndGet(143)) - 1978dc95-4d28-443c-916a-613efc6d37c9: start LeaderElection
2019-07-13 19:23:53,481 INFO  impl.LeaderElection (LeaderElection.java:askForVotes(181)) - 1978dc95-4d28-443c-916a-613efc6d37c9:group-6DF6DCF06298:LeaderElection84: begin an election at term 1 for -1: [1978dc95-4d28-443c-916a-613efc6d37c9:192.168.69.122:37009], old=null
2019-07-13 19:23:53,481 INFO  impl.RoleInfo (RoleInfo.java:shutdownLeaderElection(134)) - 1978dc95-4d28-443c-916a-613efc6d37c9: shutdown LeaderElection
2019-07-13 19:23:53,481 INFO  impl.RaftServerImpl (RaftServerImpl.java:setRole(171)) - 1978dc95-4d28-443c-916a-613efc6d37c9:group-6DF6DCF06298 changes role from CANDIDATE to LEADER at term 1 for changeToLeader
2019-07-13 19:23:53,482 INFO  impl.RaftServerImpl (ServerState.java:setLeader(263)) - 1978dc95-4d28-443c-916a-613efc6d37c9:group-6DF6DCF06298 change Leader from null to 1978dc95-4d28-443c-916a-613efc6d37c9 at term 1 for becomeLeader, leader elected after 5205ms
2019-07-13 19:23:53,484 INFO  server.RaftServerConfigKeys (ConfUtils.java:logGet(43)) - raft.server.staging.catchup.gap = 1000 (default)
2019-07-13 19:23:53,484 INFO  server.RaftServerConfigKeys (ConfUtils.java:logGet(43)) - raft.server.rpc.sleep.time = 25ms (default)
2019-07-13 19:23:53,484 INFO  server.RaftServerConfigKeys (ConfUtils.java:logGet(43)) - raft.server.write.element-limit = 4096 (default)
2019-07-13 19:23:53,484 INFO  server.RaftServerConfigKeys (ConfUtils.java:logGet(43)) - raft.server.watch.timeout = 10s (default)
2019-07-13 19:23:53,485 INFO  server.RaftServerConfigKeys (ConfUtils.java:logGet(43)) - raft.server.watch.timeout.denomination = 1s (default)
2019-07-13 19:23:53,485 INFO  server.RaftServerConfigKeys (ConfUtils.java:logGet(43)) - raft.server.watch.element-limit = 65536 (default)
2019-07-13 19:23:53,485 INFO  impl.RoleInfo (RoleInfo.java:updateAndGet(143)) - 1978dc95-4d28-443c-916a-613efc6d37c9: start LeaderState
2019-07-13 19:23:53,485 INFO  segmented.SegmentedRaftLogWorker (SegmentedRaftLogWorker.java:startLogSegment(380)) - 1978dc95-4d28-443c-916a-613efc6d37c9-SegmentedRaftLogWorker:Storage Directory /tmp/workdir/hadoop-ozone/integration-test/target/test-dir/MiniOzoneClusterImpl-f32f9215-da2e-405c-a6ea-b120bba4df1b/datanode-3/data/ratis/1d284292-13bf-4a2e-8906-6df6dcf06298: Starting segment from index:0
2019-07-13 19:23:53,486 INFO  impl.RaftServerImpl (ServerState.java:setRaftConf(361)) - 1978dc95-4d28-443c-916a-613efc6d37c9:group-6DF6DCF06298 set configuration 0: [1978dc95-4d28-443c-916a-613efc6d37c9:192.168.69.122:37009], old=null at 0
2019-07-13 19:23:53,522 INFO  segmented.SegmentedRaftLogWorker (SegmentedRaftLogWorker.java:execute(569)) - 1978dc95-4d28-443c-916a-613efc6d37c9-SegmentedRaftLogWorker:Storage Directory /tmp/workdir/hadoop-ozone/integration-test/target/test-dir/MiniOzoneClusterImpl-f32f9215-da2e-405c-a6ea-b120bba4df1b/datanode-3/data/ratis/1d284292-13bf-4a2e-8906-6df6dcf06298: created new log segment /tmp/workdir/hadoop-ozone/integration-test/target/test-dir/MiniOzoneClusterImpl-f32f9215-da2e-405c-a6ea-b120bba4df1b/datanode-3/data/ratis/1d284292-13bf-4a2e-8906-6df6dcf06298/current/log_inprogress_0
2019-07-13 19:23:53,619 INFO  impl.FollowerState (FollowerState.java:run(106)) - cbf97dea-2830-4088-8803-65db8039c739:group-E28DF651FA31 changes to CANDIDATE, lastRpcTime:5159, electionTimeout:5159ms
2019-07-13 19:23:53,619 INFO  impl.RoleInfo (RoleInfo.java:shutdownFollowerState(121)) - cbf97dea-2830-4088-8803-65db8039c739: shutdown FollowerState
2019-07-13 19:23:53,619 INFO  impl.RaftServerImpl (RaftServerImpl.java:setRole(171)) - cbf97dea-2830-4088-8803-65db8039c739:group-E28DF651FA31 changes role from FOLLOWER to CANDIDATE at term 0 for changeToCandidate
2019-07-13 19:23:53,619 INFO  impl.RoleInfo (RoleInfo.java:updateAndGet(143)) - cbf97dea-2830-4088-8803-65db8039c739: start LeaderElection
2019-07-13 19:23:53,638 INFO  impl.LeaderElection (LeaderElection.java:askForVotes(181)) - cbf97dea-2830-4088-8803-65db8039c739:group-E28DF651FA31:LeaderElection85: begin an election at term 1 for -1: [cbf97dea-2830-4088-8803-65db8039c739:192.168.69.122:45624], old=null
2019-07-13 19:23:53,638 INFO  impl.RoleInfo (RoleInfo.java:shutdownLeaderElection(134)) - cbf97dea-2830-4088-8803-65db8039c739: shutdown LeaderElection
2019-07-13 19:23:53,638 INFO  impl.RaftServerImpl (RaftServerImpl.java:setRole(171)) - cbf97dea-2830-4088-8803-65db8039c739:group-E28DF651FA31 changes role from CANDIDATE to LEADER at term 1 for changeToLeader
2019-07-13 19:23:53,638 INFO  impl.RaftServerImpl (ServerState.java:setLeader(263)) - cbf97dea-2830-4088-8803-65db8039c739:group-E28DF651FA31 change Leader from null to cbf97dea-2830-4088-8803-65db8039c739 at term 1 for becomeLeader, leader elected after 5182ms
2019-07-13 19:23:53,641 INFO  server.RaftServerConfigKeys (ConfUtils.java:logGet(43)) - raft.server.staging.catchup.gap = 1000 (default)
2019-07-13 19:23:53,641 INFO  server.RaftServerConfigKeys (ConfUtils.java:logGet(43)) - raft.server.rpc.sleep.time = 25ms (default)
2019-07-13 19:23:53,641 INFO  server.RaftServerConfigKeys (ConfUtils.java:logGet(43)) - raft.server.write.element-limit = 4096 (default)
2019-07-13 19:23:53,641 INFO  server.RaftServerConfigKeys (ConfUtils.java:logGet(43)) - raft.server.watch.timeout = 10s (default)
2019-07-13 19:23:53,642 INFO  server.RaftServerConfigKeys (ConfUtils.java:logGet(43)) - raft.server.watch.timeout.denomination = 1s (default)
2019-07-13 19:23:53,642 INFO  server.RaftServerConfigKeys (ConfUtils.java:logGet(43)) - raft.server.watch.element-limit = 65536 (default)
2019-07-13 19:23:53,642 INFO  impl.RoleInfo (RoleInfo.java:updateAndGet(143)) - cbf97dea-2830-4088-8803-65db8039c739: start LeaderState
2019-07-13 19:23:53,642 INFO  segmented.SegmentedRaftLogWorker (SegmentedRaftLogWorker.java:startLogSegment(380)) - cbf97dea-2830-4088-8803-65db8039c739-SegmentedRaftLogWorker:Storage Directory /tmp/workdir/hadoop-ozone/integration-test/target/test-dir/MiniOzoneClusterImpl-f32f9215-da2e-405c-a6ea-b120bba4df1b/datanode-4/data/ratis/c572fda3-8c6f-48f4-8a8a-e28df651fa31: Starting segment from index:0
2019-07-13 19:23:53,643 INFO  impl.RaftServerImpl (ServerState.java:setRaftConf(361)) - cbf97dea-2830-4088-8803-65db8039c739:group-E28DF651FA31 set configuration 0: [cbf97dea-2830-4088-8803-65db8039c739:192.168.69.122:45624], old=null at 0
2019-07-13 19:23:53,675 INFO  segmented.SegmentedRaftLogWorker (SegmentedRaftLogWorker.java:execute(569)) - cbf97dea-2830-4088-8803-65db8039c739-SegmentedRaftLogWorker:Storage Directory /tmp/workdir/hadoop-ozone/integration-test/target/test-dir/MiniOzoneClusterImpl-f32f9215-da2e-405c-a6ea-b120bba4df1b/datanode-4/data/ratis/c572fda3-8c6f-48f4-8a8a-e28df651fa31: created new log segment /tmp/workdir/hadoop-ozone/integration-test/target/test-dir/MiniOzoneClusterImpl-f32f9215-da2e-405c-a6ea-b120bba4df1b/datanode-4/data/ratis/c572fda3-8c6f-48f4-8a8a-e28df651fa31/current/log_inprogress_0
2019-07-13 19:23:53,790 INFO  impl.FollowerState (FollowerState.java:run(106)) - 27c138d4-b7f8-49f6-9984-f82b7ebef8a8:group-D5BAE845B679 changes to CANDIDATE, lastRpcTime:5091, electionTimeout:5091ms
2019-07-13 19:23:53,790 INFO  impl.RoleInfo (RoleInfo.java:shutdownFollowerState(121)) - 27c138d4-b7f8-49f6-9984-f82b7ebef8a8: shutdown FollowerState
2019-07-13 19:23:53,790 INFO  impl.RaftServerImpl (RaftServerImpl.java:setRole(171)) - 27c138d4-b7f8-49f6-9984-f82b7ebef8a8:group-D5BAE845B679 changes role from FOLLOWER to CANDIDATE at term 0 for changeToCandidate
2019-07-13 19:23:53,790 INFO  impl.RoleInfo (RoleInfo.java:updateAndGet(143)) - 27c138d4-b7f8-49f6-9984-f82b7ebef8a8: start LeaderElection
2019-07-13 19:23:53,798 INFO  impl.FollowerState (FollowerState.java:run(106)) - cbf97dea-2830-4088-8803-65db8039c739:group-5F3C293467F1 changes to CANDIDATE, lastRpcTime:5038, electionTimeout:5038ms
2019-07-13 19:23:53,798 INFO  impl.RoleInfo (RoleInfo.java:shutdownFollowerState(121)) - cbf97dea-2830-4088-8803-65db8039c739: shutdown FollowerState
2019-07-13 19:23:53,798 INFO  impl.RaftServerImpl (RaftServerImpl.java:setRole(171)) - cbf97dea-2830-4088-8803-65db8039c739:group-5F3C293467F1 changes role from FOLLOWER to CANDIDATE at term 0 for changeToCandidate
2019-07-13 19:23:53,799 INFO  impl.RoleInfo (RoleInfo.java:updateAndGet(143)) - cbf97dea-2830-4088-8803-65db8039c739: start LeaderElection
2019-07-13 19:23:53,810 INFO  impl.LeaderElection (LeaderElection.java:askForVotes(181)) - cbf97dea-2830-4088-8803-65db8039c739:group-5F3C293467F1:LeaderElection87: begin an election at term 1 for -1: [1978dc95-4d28-443c-916a-613efc6d37c9:192.168.69.122:37009, 27c138d4-b7f8-49f6-9984-f82b7ebef8a8:192.168.69.122:35751, cbf97dea-2830-4088-8803-65db8039c739:192.168.69.122:45624], old=null
2019-07-13 19:23:53,810 INFO  impl.LeaderElection (LeaderElection.java:askForVotes(181)) - 27c138d4-b7f8-49f6-9984-f82b7ebef8a8:group-D5BAE845B679:LeaderElection86: begin an election at term 1 for -1: [27c138d4-b7f8-49f6-9984-f82b7ebef8a8:192.168.69.122:35751], old=null
2019-07-13 19:23:53,810 INFO  impl.RoleInfo (RoleInfo.java:shutdownLeaderElection(134)) - 27c138d4-b7f8-49f6-9984-f82b7ebef8a8: shutdown LeaderElection
2019-07-13 19:23:53,811 INFO  impl.RaftServerImpl (RaftServerImpl.java:setRole(171)) - 27c138d4-b7f8-49f6-9984-f82b7ebef8a8:group-D5BAE845B679 changes role from CANDIDATE to LEADER at term 1 for changeToLeader
2019-07-13 19:23:53,811 INFO  impl.RaftServerImpl (ServerState.java:setLeader(263)) - 27c138d4-b7f8-49f6-9984-f82b7ebef8a8:group-D5BAE845B679 change Leader from null to 27c138d4-b7f8-49f6-9984-f82b7ebef8a8 at term 1 for becomeLeader, leader elected after 5116ms
2019-07-13 19:23:53,813 INFO  server.RaftServerConfigKeys (ConfUtils.java:logGet(43)) - raft.server.staging.catchup.gap = 1000 (default)
2019-07-13 19:23:53,814 INFO  server.RaftServerConfigKeys (ConfUtils.java:logGet(43)) - raft.server.rpc.sleep.time = 25ms (default)
2019-07-13 19:23:53,814 INFO  server.RaftServerConfigKeys (ConfUtils.java:logGet(43)) - raft.server.write.element-limit = 4096 (default)
2019-07-13 19:23:53,814 INFO  server.RaftServerConfigKeys (ConfUtils.java:logGet(43)) - raft.server.watch.timeout = 10s (default)
2019-07-13 19:23:53,814 INFO  server.RaftServerConfigKeys (ConfUtils.java:logGet(43)) - raft.server.watch.timeout.denomination = 1s (default)
2019-07-13 19:23:53,814 INFO  server.RaftServerConfigKeys (ConfUtils.java:logGet(43)) - raft.server.watch.element-limit = 65536 (default)
2019-07-13 19:23:53,815 INFO  impl.RoleInfo (RoleInfo.java:updateAndGet(143)) - 27c138d4-b7f8-49f6-9984-f82b7ebef8a8: start LeaderState
2019-07-13 19:23:53,815 INFO  segmented.SegmentedRaftLogWorker (SegmentedRaftLogWorker.java:startLogSegment(380)) - 27c138d4-b7f8-49f6-9984-f82b7ebef8a8-SegmentedRaftLogWorker:Storage Directory /tmp/workdir/hadoop-ozone/integration-test/target/test-dir/MiniOzoneClusterImpl-f32f9215-da2e-405c-a6ea-b120bba4df1b/datanode-5/data/ratis/c1446483-63de-4f9c-9939-d5bae845b679: Starting segment from index:0
2019-07-13 19:23:53,815 INFO  impl.RaftServerImpl (ServerState.java:setRaftConf(361)) - 27c138d4-b7f8-49f6-9984-f82b7ebef8a8:group-D5BAE845B679 set configuration 0: [27c138d4-b7f8-49f6-9984-f82b7ebef8a8:192.168.69.122:35751], old=null at 0
2019-07-13 19:23:53,840 INFO  impl.RaftServerImpl (RaftServerImpl.java:setRole(171)) - 27c138d4-b7f8-49f6-9984-f82b7ebef8a8:group-5F3C293467F1 changes role from FOLLOWER to FOLLOWER at term 1 for recognizeCandidate:cbf97dea-2830-4088-8803-65db8039c739
2019-07-13 19:23:53,840 INFO  impl.RoleInfo (RoleInfo.java:shutdownFollowerState(121)) - 27c138d4-b7f8-49f6-9984-f82b7ebef8a8: shutdown FollowerState
2019-07-13 19:23:53,840 INFO  impl.RaftServerImpl (RaftServerImpl.java:setRole(171)) - 1978dc95-4d28-443c-916a-613efc6d37c9:group-5F3C293467F1 changes role from FOLLOWER to FOLLOWER at term 1 for recognizeCandidate:cbf97dea-2830-4088-8803-65db8039c739
2019-07-13 19:23:53,840 INFO  impl.FollowerState (FollowerState.java:run(114)) - 27c138d4-b7f8-49f6-9984-f82b7ebef8a8: FollowerState was interrupted: java.lang.InterruptedException: sleep interrupted
2019-07-13 19:23:53,840 INFO  impl.RoleInfo (RoleInfo.java:updateAndGet(143)) - 27c138d4-b7f8-49f6-9984-f82b7ebef8a8: start FollowerState
2019-07-13 19:23:53,840 INFO  impl.RoleInfo (RoleInfo.java:shutdownFollowerState(121)) - 1978dc95-4d28-443c-916a-613efc6d37c9: shutdown FollowerState
2019-07-13 19:23:53,844 INFO  impl.RoleInfo (RoleInfo.java:updateAndGet(143)) - 1978dc95-4d28-443c-916a-613efc6d37c9: start FollowerState
2019-07-13 19:23:53,844 INFO  impl.FollowerState (FollowerState.java:run(114)) - 1978dc95-4d28-443c-916a-613efc6d37c9: FollowerState was interrupted: java.lang.InterruptedException: sleep interrupted
2019-07-13 19:23:53,851 INFO  segmented.SegmentedRaftLogWorker (SegmentedRaftLogWorker.java:execute(569)) - 27c138d4-b7f8-49f6-9984-f82b7ebef8a8-SegmentedRaftLogWorker:Storage Directory /tmp/workdir/hadoop-ozone/integration-test/target/test-dir/MiniOzoneClusterImpl-f32f9215-da2e-405c-a6ea-b120bba4df1b/datanode-5/data/ratis/c1446483-63de-4f9c-9939-d5bae845b679: created new log segment /tmp/workdir/hadoop-ozone/integration-test/target/test-dir/MiniOzoneClusterImpl-f32f9215-da2e-405c-a6ea-b120bba4df1b/datanode-5/data/ratis/c1446483-63de-4f9c-9939-d5bae845b679/current/log_inprogress_0
2019-07-13 19:23:53,855 INFO  impl.LeaderElection (LeaderElection.java:logAndReturn(56)) - cbf97dea-2830-4088-8803-65db8039c739:group-5F3C293467F1:LeaderElection87: Election PASSED; received 1 response(s) [cbf97dea-2830-4088-8803-65db8039c739<-27c138d4-b7f8-49f6-9984-f82b7ebef8a8#0:OK-t1] and 0 exception(s); cbf97dea-2830-4088-8803-65db8039c739:t1, leader=null, voted=cbf97dea-2830-4088-8803-65db8039c739, raftlog=cbf97dea-2830-4088-8803-65db8039c739-SegmentedRaftLog:OPENED:c-1,f-1,i0, conf=-1: [1978dc95-4d28-443c-916a-613efc6d37c9:192.168.69.122:37009, 27c138d4-b7f8-49f6-9984-f82b7ebef8a8:192.168.69.122:35751, cbf97dea-2830-4088-8803-65db8039c739:192.168.69.122:45624], old=null
2019-07-13 19:23:53,855 INFO  impl.RoleInfo (RoleInfo.java:shutdownLeaderElection(134)) - cbf97dea-2830-4088-8803-65db8039c739: shutdown LeaderElection
2019-07-13 19:23:53,856 INFO  impl.RaftServerImpl (RaftServerImpl.java:setRole(171)) - cbf97dea-2830-4088-8803-65db8039c739:group-5F3C293467F1 changes role from CANDIDATE to LEADER at term 1 for changeToLeader
2019-07-13 19:23:53,856 INFO  impl.RaftServerImpl (ServerState.java:setLeader(263)) - cbf97dea-2830-4088-8803-65db8039c739:group-5F3C293467F1 change Leader from null to cbf97dea-2830-4088-8803-65db8039c739 at term 1 for becomeLeader, leader elected after 5108ms
2019-07-13 19:23:53,856 INFO  server.RaftServerConfigKeys (ConfUtils.java:logGet(43)) - raft.server.staging.catchup.gap = 1000 (default)
2019-07-13 19:23:53,856 INFO  server.RaftServerConfigKeys (ConfUtils.java:logGet(43)) - raft.server.rpc.sleep.time = 25ms (default)
2019-07-13 19:23:53,856 INFO  server.RaftServerConfigKeys (ConfUtils.java:logGet(43)) - raft.server.write.element-limit = 4096 (default)
2019-07-13 19:23:53,856 INFO  server.RaftServerConfigKeys (ConfUtils.java:logGet(43)) - raft.server.watch.timeout = 10s (default)
2019-07-13 19:23:53,856 INFO  server.RaftServerConfigKeys (ConfUtils.java:logGet(43)) - raft.server.watch.timeout.denomination = 1s (default)
2019-07-13 19:23:53,857 INFO  server.RaftServerConfigKeys (ConfUtils.java:logGet(43)) - raft.server.watch.element-limit = 65536 (default)
2019-07-13 19:23:53,857 INFO  server.RaftServerConfigKeys (ConfUtils.java:logGet(43)) - raft.server.log.appender.snapshot.chunk.size.max = 16MB (=16777216) (default)
2019-07-13 19:23:53,857 INFO  server.RaftServerConfigKeys (ConfUtils.java:logGet(43)) - raft.server.log.appender.buffer.byte-limit = 33554432 (custom)
2019-07-13 19:23:53,857 INFO  server.RaftServerConfigKeys (ConfUtils.java:logGet(43)) - raft.server.log.appender.buffer.element-limit = 1 (custom)
2019-07-13 19:23:53,857 INFO  grpc.GrpcConfigKeys$Server (ConfUtils.java:logGet(43)) - raft.grpc.server.leader.outstanding.appends.max = 128 (default)
2019-07-13 19:23:53,858 INFO  server.RaftServerConfigKeys (ConfUtils.java:logGet(43)) - raft.server.rpc.request.timeout = 3000ms (default)
2019-07-13 19:23:53,858 INFO  server.RaftServerConfigKeys (ConfUtils.java:logGet(43)) - raft.server.log.appender.install.snapshot.enabled = false (custom)
2019-07-13 19:23:53,858 INFO  server.RaftServerConfigKeys (ConfUtils.java:logGet(43)) - raft.server.log.appender.snapshot.chunk.size.max = 16MB (=16777216) (default)
2019-07-13 19:23:53,858 INFO  server.RaftServerConfigKeys (ConfUtils.java:logGet(43)) - raft.server.log.appender.buffer.byte-limit = 33554432 (custom)
2019-07-13 19:23:53,858 INFO  server.RaftServerConfigKeys (ConfUtils.java:logGet(43)) - raft.server.log.appender.buffer.element-limit = 1 (custom)
2019-07-13 19:23:53,859 INFO  grpc.GrpcConfigKeys$Server (ConfUtils.java:logGet(43)) - raft.grpc.server.leader.outstanding.appends.max = 128 (default)
2019-07-13 19:23:53,859 INFO  server.RaftServerConfigKeys (ConfUtils.java:logGet(43)) - raft.server.rpc.request.timeout = 3000ms (default)
2019-07-13 19:23:53,859 INFO  server.RaftServerConfigKeys (ConfUtils.java:logGet(43)) - raft.server.log.appender.install.snapshot.enabled = false (custom)
2019-07-13 19:23:53,859 INFO  impl.RoleInfo (RoleInfo.java:updateAndGet(143)) - cbf97dea-2830-4088-8803-65db8039c739: start LeaderState
2019-07-13 19:23:53,859 INFO  segmented.SegmentedRaftLogWorker (SegmentedRaftLogWorker.java:startLogSegment(380)) - cbf97dea-2830-4088-8803-65db8039c739-SegmentedRaftLogWorker:Storage Directory /tmp/workdir/hadoop-ozone/integration-test/target/test-dir/MiniOzoneClusterImpl-f32f9215-da2e-405c-a6ea-b120bba4df1b/datanode-4/data/ratis/1bf03224-f461-45aa-a792-5f3c293467f1: Starting segment from index:0
2019-07-13 19:23:53,860 INFO  impl.RaftServerImpl (ServerState.java:setRaftConf(361)) - cbf97dea-2830-4088-8803-65db8039c739:group-5F3C293467F1 set configuration 0: [1978dc95-4d28-443c-916a-613efc6d37c9:192.168.69.122:37009, 27c138d4-b7f8-49f6-9984-f82b7ebef8a8:192.168.69.122:35751, cbf97dea-2830-4088-8803-65db8039c739:192.168.69.122:45624], old=null at 0
2019-07-13 19:23:53,881 INFO  impl.RaftServerImpl (ServerState.java:setLeader(263)) - 1978dc95-4d28-443c-916a-613efc6d37c9:group-5F3C293467F1 change Leader from null to cbf97dea-2830-4088-8803-65db8039c739 at term 1 for appendEntries, leader elected after 5133ms
2019-07-13 19:23:53,881 INFO  impl.RaftServerImpl (ServerState.java:setLeader(263)) - 27c138d4-b7f8-49f6-9984-f82b7ebef8a8:group-5F3C293467F1 change Leader from null to cbf97dea-2830-4088-8803-65db8039c739 at term 1 for appendEntries, leader elected after 5133ms
2019-07-13 19:23:53,883 INFO  impl.RaftServerImpl (ServerState.java:setRaftConf(361)) - 1978dc95-4d28-443c-916a-613efc6d37c9:group-5F3C293467F1 set configuration 0: [1978dc95-4d28-443c-916a-613efc6d37c9:192.168.69.122:37009, 27c138d4-b7f8-49f6-9984-f82b7ebef8a8:192.168.69.122:35751, cbf97dea-2830-4088-8803-65db8039c739:192.168.69.122:45624], old=null at 0
2019-07-13 19:23:53,883 INFO  segmented.SegmentedRaftLogWorker (SegmentedRaftLogWorker.java:startLogSegment(380)) - 1978dc95-4d28-443c-916a-613efc6d37c9-SegmentedRaftLogWorker:Storage Directory /tmp/workdir/hadoop-ozone/integration-test/target/test-dir/MiniOzoneClusterImpl-f32f9215-da2e-405c-a6ea-b120bba4df1b/datanode-3/data/ratis/1bf03224-f461-45aa-a792-5f3c293467f1: Starting segment from index:0
2019-07-13 19:23:53,884 INFO  impl.RaftServerImpl (ServerState.java:setRaftConf(361)) - 27c138d4-b7f8-49f6-9984-f82b7ebef8a8:group-5F3C293467F1 set configuration 0: [1978dc95-4d28-443c-916a-613efc6d37c9:192.168.69.122:37009, 27c138d4-b7f8-49f6-9984-f82b7ebef8a8:192.168.69.122:35751, cbf97dea-2830-4088-8803-65db8039c739:192.168.69.122:45624], old=null at 0
2019-07-13 19:23:53,884 INFO  segmented.SegmentedRaftLogWorker (SegmentedRaftLogWorker.java:startLogSegment(380)) - 27c138d4-b7f8-49f6-9984-f82b7ebef8a8-SegmentedRaftLogWorker:Storage Directory /tmp/workdir/hadoop-ozone/integration-test/target/test-dir/MiniOzoneClusterImpl-f32f9215-da2e-405c-a6ea-b120bba4df1b/datanode-5/data/ratis/1bf03224-f461-45aa-a792-5f3c293467f1: Starting segment from index:0
2019-07-13 19:23:53,893 INFO  segmented.SegmentedRaftLogWorker (SegmentedRaftLogWorker.java:execute(569)) - cbf97dea-2830-4088-8803-65db8039c739-SegmentedRaftLogWorker:Storage Directory /tmp/workdir/hadoop-ozone/integration-test/target/test-dir/MiniOzoneClusterImpl-f32f9215-da2e-405c-a6ea-b120bba4df1b/datanode-4/data/ratis/1bf03224-f461-45aa-a792-5f3c293467f1: created new log segment /tmp/workdir/hadoop-ozone/integration-test/target/test-dir/MiniOzoneClusterImpl-f32f9215-da2e-405c-a6ea-b120bba4df1b/datanode-4/data/ratis/1bf03224-f461-45aa-a792-5f3c293467f1/current/log_inprogress_0
2019-07-13 19:23:53,915 INFO  segmented.SegmentedRaftLogWorker (SegmentedRaftLogWorker.java:execute(569)) - 1978dc95-4d28-443c-916a-613efc6d37c9-SegmentedRaftLogWorker:Storage Directory /tmp/workdir/hadoop-ozone/integration-test/target/test-dir/MiniOzoneClusterImpl-f32f9215-da2e-405c-a6ea-b120bba4df1b/datanode-3/data/ratis/1bf03224-f461-45aa-a792-5f3c293467f1: created new log segment /tmp/workdir/hadoop-ozone/integration-test/target/test-dir/MiniOzoneClusterImpl-f32f9215-da2e-405c-a6ea-b120bba4df1b/datanode-3/data/ratis/1bf03224-f461-45aa-a792-5f3c293467f1/current/log_inprogress_0
2019-07-13 19:23:53,915 INFO  segmented.SegmentedRaftLogWorker (SegmentedRaftLogWorker.java:execute(569)) - 27c138d4-b7f8-49f6-9984-f82b7ebef8a8-SegmentedRaftLogWorker:Storage Directory /tmp/workdir/hadoop-ozone/integration-test/target/test-dir/MiniOzoneClusterImpl-f32f9215-da2e-405c-a6ea-b120bba4df1b/datanode-5/data/ratis/1bf03224-f461-45aa-a792-5f3c293467f1: created new log segment /tmp/workdir/hadoop-ozone/integration-test/target/test-dir/MiniOzoneClusterImpl-f32f9215-da2e-405c-a6ea-b120bba4df1b/datanode-5/data/ratis/1bf03224-f461-45aa-a792-5f3c293467f1/current/log_inprogress_0
2019-07-13 19:23:54,050 INFO  impl.FollowerState (FollowerState.java:run(106)) - c74533c3-a60a-4bf1-8b3c-8c12f10c773e:group-5E1FEF4140A2 changes to CANDIDATE, lastRpcTime:5083, electionTimeout:5083ms
2019-07-13 19:23:54,050 INFO  impl.RoleInfo (RoleInfo.java:shutdownFollowerState(121)) - c74533c3-a60a-4bf1-8b3c-8c12f10c773e: shutdown FollowerState
2019-07-13 19:23:54,050 INFO  impl.RaftServerImpl (RaftServerImpl.java:setRole(171)) - c74533c3-a60a-4bf1-8b3c-8c12f10c773e:group-5E1FEF4140A2 changes role from FOLLOWER to CANDIDATE at term 0 for changeToCandidate
2019-07-13 19:23:54,051 INFO  impl.RoleInfo (RoleInfo.java:updateAndGet(143)) - c74533c3-a60a-4bf1-8b3c-8c12f10c773e: start LeaderElection
2019-07-13 19:23:54,068 INFO  client.GrpcClientProtocolClient (GrpcClientProtocolClient.java:onNext(255)) - client-DB64FEED9983->1978dc95-4d28-443c-916a-613efc6d37c9: receive RaftClientReply:client-DB64FEED9983->1978dc95-4d28-443c-916a-613efc6d37c9@group-5F3C293467F1, cid=227, FAILED org.apache.ratis.protocol.NotLeaderException: Server 1978dc95-4d28-443c-916a-613efc6d37c9 is not the leader (cbf97dea-2830-4088-8803-65db8039c739:192.168.69.122:45624). Request must be sent to leader., logIndex=0, commits[1978dc95-4d28-443c-916a-613efc6d37c9:c-1, 27c138d4-b7f8-49f6-9984-f82b7ebef8a8:c-1, cbf97dea-2830-4088-8803-65db8039c739:c-1]
2019-07-13 19:23:54,076 INFO  impl.LeaderElection (LeaderElection.java:askForVotes(181)) - c74533c3-a60a-4bf1-8b3c-8c12f10c773e:group-5E1FEF4140A2:LeaderElection88: begin an election at term 1 for -1: [c74533c3-a60a-4bf1-8b3c-8c12f10c773e:192.168.69.122:34177], old=null
2019-07-13 19:23:54,076 INFO  impl.RoleInfo (RoleInfo.java:shutdownLeaderElection(134)) - c74533c3-a60a-4bf1-8b3c-8c12f10c773e: shutdown LeaderElection
2019-07-13 19:23:54,076 INFO  impl.RaftServerImpl (RaftServerImpl.java:setRole(171)) - c74533c3-a60a-4bf1-8b3c-8c12f10c773e:group-5E1FEF4140A2 changes role from CANDIDATE to LEADER at term 1 for changeToLeader
2019-07-13 19:23:54,076 INFO  impl.RaftServerImpl (ServerState.java:setLeader(263)) - c74533c3-a60a-4bf1-8b3c-8c12f10c773e:group-5E1FEF4140A2 change Leader from null to c74533c3-a60a-4bf1-8b3c-8c12f10c773e at term 1 for becomeLeader, leader elected after 5117ms
2019-07-13 19:23:54,079 INFO  server.RaftServerConfigKeys (ConfUtils.java:logGet(43)) - raft.server.staging.catchup.gap = 1000 (default)
2019-07-13 19:23:54,079 INFO  server.RaftServerConfigKeys (ConfUtils.java:logGet(43)) - raft.server.rpc.sleep.time = 25ms (default)
2019-07-13 19:23:54,079 INFO  server.RaftServerConfigKeys (ConfUtils.java:logGet(43)) - raft.server.write.element-limit = 4096 (default)
2019-07-13 19:23:54,079 INFO  server.RaftServerConfigKeys (ConfUtils.java:logGet(43)) - raft.server.watch.timeout = 10s (default)
2019-07-13 19:23:54,079 INFO  server.RaftServerConfigKeys (ConfUtils.java:logGet(43)) - raft.server.watch.timeout.denomination = 1s (default)
2019-07-13 19:23:54,079 INFO  server.RaftServerConfigKeys (ConfUtils.java:logGet(43)) - raft.server.watch.element-limit = 65536 (default)
2019-07-13 19:23:54,080 INFO  impl.RoleInfo (RoleInfo.java:updateAndGet(143)) - c74533c3-a60a-4bf1-8b3c-8c12f10c773e: start LeaderState
2019-07-13 19:23:54,080 INFO  segmented.SegmentedRaftLogWorker (SegmentedRaftLogWorker.java:startLogSegment(380)) - c74533c3-a60a-4bf1-8b3c-8c12f10c773e-SegmentedRaftLogWorker:Storage Directory /tmp/workdir/hadoop-ozone/integration-test/target/test-dir/MiniOzoneClusterImpl-f32f9215-da2e-405c-a6ea-b120bba4df1b/datanode-6/data/ratis/8818222d-7496-43b0-922f-5e1fef4140a2: Starting segment from index:0
2019-07-13 19:23:54,104 INFO  impl.RaftServerImpl (ServerState.java:setRaftConf(361)) - c74533c3-a60a-4bf1-8b3c-8c12f10c773e:group-5E1FEF4140A2 set configuration 0: [c74533c3-a60a-4bf1-8b3c-8c12f10c773e:192.168.69.122:34177], old=null at 0
2019-07-13 19:23:54,120 INFO  segmented.SegmentedRaftLogWorker (SegmentedRaftLogWorker.java:execute(569)) - c74533c3-a60a-4bf1-8b3c-8c12f10c773e-SegmentedRaftLogWorker:Storage Directory /tmp/workdir/hadoop-ozone/integration-test/target/test-dir/MiniOzoneClusterImpl-f32f9215-da2e-405c-a6ea-b120bba4df1b/datanode-6/data/ratis/8818222d-7496-43b0-922f-5e1fef4140a2: created new log segment /tmp/workdir/hadoop-ozone/integration-test/target/test-dir/MiniOzoneClusterImpl-f32f9215-da2e-405c-a6ea-b120bba4df1b/datanode-6/data/ratis/8818222d-7496-43b0-922f-5e1fef4140a2/current/log_inprogress_0
2019-07-13 19:23:54,228 INFO  client.GrpcClientProtocolClient (GrpcClientProtocolClient.java:onNext(255)) - client-DB64FEED9983->cbf97dea-2830-4088-8803-65db8039c739: receive RaftClientReply:client-DB64FEED9983->cbf97dea-2830-4088-8803-65db8039c739@group-5F3C293467F1, cid=227, SUCCESS, logIndex=1, commits[cbf97dea-2830-4088-8803-65db8039c739:c1, 1978dc95-4d28-443c-916a-613efc6d37c9:c0, 27c138d4-b7f8-49f6-9984-f82b7ebef8a8:c0]
2019-07-13 19:23:54,238 INFO  client.GrpcClientProtocolClient (GrpcClientProtocolClient.java:onNext(255)) - client-DB64FEED9983->cbf97dea-2830-4088-8803-65db8039c739: receive RaftClientReply:client-DB64FEED9983->cbf97dea-2830-4088-8803-65db8039c739@group-5F3C293467F1, cid=228, SUCCESS, logIndex=3, commits[cbf97dea-2830-4088-8803-65db8039c739:c4, 1978dc95-4d28-443c-916a-613efc6d37c9:c1, 27c138d4-b7f8-49f6-9984-f82b7ebef8a8:c1]
2019-07-13 19:23:54,285 INFO  client.GrpcClientProtocolClient (GrpcClientProtocolClient.java:onNext(255)) - client-DB64FEED9983->cbf97dea-2830-4088-8803-65db8039c739: receive RaftClientReply:client-DB64FEED9983->cbf97dea-2830-4088-8803-65db8039c739@group-5F3C293467F1, cid=229, SUCCESS, logIndex=4, commits[cbf97dea-2830-4088-8803-65db8039c739:c12, 1978dc95-4d28-443c-916a-613efc6d37c9:c8, 27c138d4-b7f8-49f6-9984-f82b7ebef8a8:c8]
2019-07-13 19:23:54,286 INFO  client.GrpcClientProtocolClient (GrpcClientProtocolClient.java:onNext(255)) - client-DB64FEED9983->cbf97dea-2830-4088-8803-65db8039c739: receive RaftClientReply:client-DB64FEED9983->cbf97dea-2830-4088-8803-65db8039c739@group-5F3C293467F1, cid=230, SUCCESS, logIndex=5, commits[cbf97dea-2830-4088-8803-65db8039c739:c12, 1978dc95-4d28-443c-916a-613efc6d37c9:c8, 27c138d4-b7f8-49f6-9984-f82b7ebef8a8:c8]
2019-07-13 19:23:54,286 INFO  client.GrpcClientProtocolClient (GrpcClientProtocolClient.java:onNext(255)) - client-DB64FEED9983->cbf97dea-2830-4088-8803-65db8039c739: receive RaftClientReply:client-DB64FEED9983->cbf97dea-2830-4088-8803-65db8039c739@group-5F3C293467F1, cid=231, SUCCESS, logIndex=6, commits[cbf97dea-2830-4088-8803-65db8039c739:c12, 1978dc95-4d28-443c-916a-613efc6d37c9:c8, 27c138d4-b7f8-49f6-9984-f82b7ebef8a8:c8]
2019-07-13 19:23:54,379 INFO  client.GrpcClientProtocolClient (GrpcClientProtocolClient.java:onNext(255)) - client-DB64FEED9983->cbf97dea-2830-4088-8803-65db8039c739: receive RaftClientReply:client-DB64FEED9983->cbf97dea-2830-4088-8803-65db8039c739@group-5F3C293467F1, cid=232, SUCCESS, logIndex=7, commits[cbf97dea-2830-4088-8803-65db8039c739:c12, 1978dc95-4d28-443c-916a-613efc6d37c9:c8, 27c138d4-b7f8-49f6-9984-f82b7ebef8a8:c8]
2019-07-13 19:23:54,401 INFO  client.GrpcClientProtocolClient (GrpcClientProtocolClient.java:onNext(255)) - client-DB64FEED9983->cbf97dea-2830-4088-8803-65db8039c739: receive RaftClientReply:client-DB64FEED9983->cbf97dea-2830-4088-8803-65db8039c739@group-5F3C293467F1, cid=233, SUCCESS, logIndex=13, commits[cbf97dea-2830-4088-8803-65db8039c739:c14, 1978dc95-4d28-443c-916a-613efc6d37c9:c12, 27c138d4-b7f8-49f6-9984-f82b7ebef8a8:c12]
2019-07-13 19:23:54,402 INFO  client.GrpcClientProtocolClient (GrpcClientProtocolClient.java:onNext(255)) - client-DB64FEED9983->cbf97dea-2830-4088-8803-65db8039c739: receive RaftClientReply:client-DB64FEED9983->cbf97dea-2830-4088-8803-65db8039c739@group-5F3C293467F1, cid=234, SUCCESS, logIndex=14, commits[cbf97dea-2830-4088-8803-65db8039c739:c14, 1978dc95-4d28-443c-916a-613efc6d37c9:c12, 27c138d4-b7f8-49f6-9984-f82b7ebef8a8:c12]
2019-07-13 19:23:54,416 INFO  client.GrpcClientProtocolClient (GrpcClientProtocolClient.java:onNext(255)) - client-DB64FEED9983->cbf97dea-2830-4088-8803-65db8039c739: receive RaftClientReply:client-DB64FEED9983->cbf97dea-2830-4088-8803-65db8039c739@group-5F3C293467F1, cid=235, SUCCESS, logIndex=0, commits[cbf97dea-2830-4088-8803-65db8039c739:c15, 1978dc95-4d28-443c-916a-613efc6d37c9:c14, 27c138d4-b7f8-49f6-9984-f82b7ebef8a8:c14]
2019-07-13 19:23:54,417 INFO  container.CloseContainerEventHandler (CloseContainerEventHandler.java:onMessage(61)) - Close container Event triggered for container : #1
2019-07-13 19:23:54,418 INFO  container.CloseContainerEventHandler (CloseContainerEventHandler.java:onMessage(61)) - Close container Event triggered for container : #1
2019-07-13 19:23:54,418 INFO  container.CloseContainerEventHandler (CloseContainerEventHandler.java:onMessage(61)) - Close container Event triggered for container : #1
2019-07-13 19:23:55,466 INFO  interfaces.Container (KeyValueContainer.java:compactDB(356)) - Container 1 is closed with bcsId 14.
2019-07-13 19:23:55,472 INFO  interfaces.Container (KeyValueContainer.java:compactDB(356)) - Container 1 is closed with bcsId 14.
2019-07-13 19:23:55,477 INFO  interfaces.Container (KeyValueContainer.java:compactDB(356)) - Container 1 is closed with bcsId 14.
19:23:55.920 [grpc-default-executor-4] ERROR DNAudit - user=null | ip=null | op=WRITE_CHUNK {blockData=conID: 1 locID: 102435771447836691 bcsId: 14} | ret=FAILURE
org.apache.hadoop.hdds.scm.container.common.helpers.ContainerNotOpenException: Container 1 in CLOSED state
	at org.apache.hadoop.ozone.container.common.impl.HddsDispatcher.validateContainerCommand(HddsDispatcher.java:408) ~[hadoop-hdds-container-service-0.5.0-SNAPSHOT.jar:?]
	at org.apache.hadoop.ozone.container.common.transport.server.ratis.ContainerStateMachine.startTransaction(ContainerStateMachine.java:271) ~[hadoop-hdds-container-service-0.5.0-SNAPSHOT.jar:?]
	at org.apache.ratis.server.impl.RaftServerImpl.submitClientRequestAsync(RaftServerImpl.java:566) ~[ratis-server-0.4.0-2337318-SNAPSHOT.jar:0.4.0-2337318-SNAPSHOT]
	at org.apache.ratis.server.impl.RaftServerProxy.lambda$submitClientRequestAsync$7(RaftServerProxy.java:333) ~[ratis-server-0.4.0-2337318-SNAPSHOT.jar:0.4.0-2337318-SNAPSHOT]
	at org.apache.ratis.server.impl.RaftServerProxy.lambda$null$5(RaftServerProxy.java:328) ~[ratis-server-0.4.0-2337318-SNAPSHOT.jar:0.4.0-2337318-SNAPSHOT]
	at org.apache.ratis.util.JavaUtils.callAsUnchecked(JavaUtils.java:109) ~[ratis-common-0.4.0-2337318-SNAPSHOT.jar:0.4.0-2337318-SNAPSHOT]
	at org.apache.ratis.server.impl.RaftServerProxy.lambda$submitRequest$6(RaftServerProxy.java:328) ~[ratis-server-0.4.0-2337318-SNAPSHOT.jar:0.4.0-2337318-SNAPSHOT]
	at java.util.concurrent.CompletableFuture.uniComposeStage(CompletableFuture.java:981) ~[?:1.8.0_212]
	at java.util.concurrent.CompletableFuture.thenCompose(CompletableFuture.java:2124) ~[?:1.8.0_212]
	at org.apache.ratis.server.impl.RaftServerProxy.submitRequest(RaftServerProxy.java:327) ~[ratis-server-0.4.0-2337318-SNAPSHOT.jar:0.4.0-2337318-SNAPSHOT]
	at org.apache.ratis.server.impl.RaftServerProxy.submitClientRequestAsync(RaftServerProxy.java:333) ~[ratis-server-0.4.0-2337318-SNAPSHOT.jar:0.4.0-2337318-SNAPSHOT]
	at org.apache.ratis.grpc.client.GrpcClientProtocolService$RequestStreamObserver.processClientRequest(GrpcClientProtocolService.java:220) ~[ratis-grpc-0.4.0-2337318-SNAPSHOT.jar:0.4.0-2337318-SNAPSHOT]
	at org.apache.ratis.grpc.client.GrpcClientProtocolService$OrderedRequestStreamObserver.processClientRequest(GrpcClientProtocolService.java:326) ~[ratis-grpc-0.4.0-2337318-SNAPSHOT.jar:0.4.0-2337318-SNAPSHOT]
	at org.apache.ratis.util.SlidingWindow$Server.processRequestsFromHead(SlidingWindow.java:429) [ratis-common-0.4.0-2337318-SNAPSHOT.jar:0.4.0-2337318-SNAPSHOT]
	at org.apache.ratis.util.SlidingWindow$Server.receivedRequest(SlidingWindow.java:421) [ratis-common-0.4.0-2337318-SNAPSHOT.jar:0.4.0-2337318-SNAPSHOT]
	at org.apache.ratis.grpc.client.GrpcClientProtocolService$OrderedRequestStreamObserver.processClientRequest(GrpcClientProtocolService.java:345) [ratis-grpc-0.4.0-2337318-SNAPSHOT.jar:0.4.0-2337318-SNAPSHOT]
	at org.apache.ratis.grpc.client.GrpcClientProtocolService$RequestStreamObserver.onNext(GrpcClientProtocolService.java:240) [ratis-grpc-0.4.0-2337318-SNAPSHOT.jar:0.4.0-2337318-SNAPSHOT]
	at org.apache.ratis.grpc.client.GrpcClientProtocolService$RequestStreamObserver.onNext(GrpcClientProtocolService.java:168) [ratis-grpc-0.4.0-2337318-SNAPSHOT.jar:0.4.0-2337318-SNAPSHOT]
	at org.apache.ratis.thirdparty.io.grpc.stub.ServerCalls$StreamingServerCallHandler$StreamingServerCallListener.onMessage(ServerCalls.java:248) [ratis-thirdparty-misc-0.2.0.jar:0.2.0]
	at org.apache.ratis.thirdparty.io.grpc.internal.ServerCallImpl$ServerStreamListenerImpl.messagesAvailable(ServerCallImpl.java:263) [ratis-thirdparty-misc-0.2.0.jar:0.2.0]
	at org.apache.ratis.thirdparty.io.grpc.internal.ServerImpl$JumpToApplicationThreadServerStreamListener$1MessagesAvailable.runInContext(ServerImpl.java:686) [ratis-thirdparty-misc-0.2.0.jar:0.2.0]
	at org.apache.ratis.thirdparty.io.grpc.internal.ContextRunnable.run(ContextRunnable.java:37) [ratis-thirdparty-misc-0.2.0.jar:0.2.0]
	at org.apache.ratis.thirdparty.io.grpc.internal.SerializingExecutor.run(SerializingExecutor.java:123) [ratis-thirdparty-misc-0.2.0.jar:0.2.0]
	at java.util.concurrent.ThreadPoolExecutor.runWorker(ThreadPoolExecutor.java:1149) [?:1.8.0_212]
	at java.util.concurrent.ThreadPoolExecutor$Worker.run(ThreadPoolExecutor.java:624) [?:1.8.0_212]
	at java.lang.Thread.run(Thread.java:748) [?:1.8.0_212]
19:23:55.930 [grpc-default-executor-4] ERROR DNAudit - user=null | ip=null | op=WRITE_CHUNK {blockData=conID: 1 locID: 102435771447836691 bcsId: 14} | ret=FAILURE
org.apache.hadoop.hdds.scm.container.common.helpers.ContainerNotOpenException: Container 1 in CLOSED state
	at org.apache.hadoop.ozone.container.common.impl.HddsDispatcher.validateContainerCommand(HddsDispatcher.java:408) ~[hadoop-hdds-container-service-0.5.0-SNAPSHOT.jar:?]
	at org.apache.hadoop.ozone.container.common.transport.server.ratis.ContainerStateMachine.startTransaction(ContainerStateMachine.java:271) ~[hadoop-hdds-container-service-0.5.0-SNAPSHOT.jar:?]
	at org.apache.ratis.server.impl.RaftServerImpl.submitClientRequestAsync(RaftServerImpl.java:566) ~[ratis-server-0.4.0-2337318-SNAPSHOT.jar:0.4.0-2337318-SNAPSHOT]
	at org.apache.ratis.server.impl.RaftServerProxy.lambda$submitClientRequestAsync$7(RaftServerProxy.java:333) ~[ratis-server-0.4.0-2337318-SNAPSHOT.jar:0.4.0-2337318-SNAPSHOT]
	at org.apache.ratis.server.impl.RaftServerProxy.lambda$null$5(RaftServerProxy.java:328) ~[ratis-server-0.4.0-2337318-SNAPSHOT.jar:0.4.0-2337318-SNAPSHOT]
	at org.apache.ratis.util.JavaUtils.callAsUnchecked(JavaUtils.java:109) ~[ratis-common-0.4.0-2337318-SNAPSHOT.jar:0.4.0-2337318-SNAPSHOT]
	at org.apache.ratis.server.impl.RaftServerProxy.lambda$submitRequest$6(RaftServerProxy.java:328) ~[ratis-server-0.4.0-2337318-SNAPSHOT.jar:0.4.0-2337318-SNAPSHOT]
	at java.util.concurrent.CompletableFuture.uniComposeStage(CompletableFuture.java:981) ~[?:1.8.0_212]
	at java.util.concurrent.CompletableFuture.thenCompose(CompletableFuture.java:2124) ~[?:1.8.0_212]
	at org.apache.ratis.server.impl.RaftServerProxy.submitRequest(RaftServerProxy.java:327) ~[ratis-server-0.4.0-2337318-SNAPSHOT.jar:0.4.0-2337318-SNAPSHOT]
	at org.apache.ratis.server.impl.RaftServerProxy.submitClientRequestAsync(RaftServerProxy.java:333) ~[ratis-server-0.4.0-2337318-SNAPSHOT.jar:0.4.0-2337318-SNAPSHOT]
	at org.apache.ratis.grpc.client.GrpcClientProtocolService$RequestStreamObserver.processClientRequest(GrpcClientProtocolService.java:220) ~[ratis-grpc-0.4.0-2337318-SNAPSHOT.jar:0.4.0-2337318-SNAPSHOT]
	at org.apache.ratis.grpc.client.GrpcClientProtocolService$OrderedRequestStreamObserver.processClientRequest(GrpcClientProtocolService.java:326) ~[ratis-grpc-0.4.0-2337318-SNAPSHOT.jar:0.4.0-2337318-SNAPSHOT]
	at org.apache.ratis.util.SlidingWindow$Server.processRequestsFromHead(SlidingWindow.java:429) [ratis-common-0.4.0-2337318-SNAPSHOT.jar:0.4.0-2337318-SNAPSHOT]
	at org.apache.ratis.util.SlidingWindow$Server.receivedRequest(SlidingWindow.java:421) [ratis-common-0.4.0-2337318-SNAPSHOT.jar:0.4.0-2337318-SNAPSHOT]
	at org.apache.ratis.grpc.client.GrpcClientProtocolService$OrderedRequestStreamObserver.processClientRequest(GrpcClientProtocolService.java:345) [ratis-grpc-0.4.0-2337318-SNAPSHOT.jar:0.4.0-2337318-SNAPSHOT]
	at org.apache.ratis.grpc.client.GrpcClientProtocolService$RequestStreamObserver.onNext(GrpcClientProtocolService.java:240) [ratis-grpc-0.4.0-2337318-SNAPSHOT.jar:0.4.0-2337318-SNAPSHOT]
	at org.apache.ratis.grpc.client.GrpcClientProtocolService$RequestStreamObserver.onNext(GrpcClientProtocolService.java:168) [ratis-grpc-0.4.0-2337318-SNAPSHOT.jar:0.4.0-2337318-SNAPSHOT]
	at org.apache.ratis.thirdparty.io.grpc.stub.ServerCalls$StreamingServerCallHandler$StreamingServerCallListener.onMessage(ServerCalls.java:248) [ratis-thirdparty-misc-0.2.0.jar:0.2.0]
	at org.apache.ratis.thirdparty.io.grpc.internal.ServerCallImpl$ServerStreamListenerImpl.messagesAvailable(ServerCallImpl.java:263) [ratis-thirdparty-misc-0.2.0.jar:0.2.0]
	at org.apache.ratis.thirdparty.io.grpc.internal.ServerImpl$JumpToApplicationThreadServerStreamListener$1MessagesAvailable.runInContext(ServerImpl.java:686) [ratis-thirdparty-misc-0.2.0.jar:0.2.0]
	at org.apache.ratis.thirdparty.io.grpc.internal.ContextRunnable.run(ContextRunnable.java:37) [ratis-thirdparty-misc-0.2.0.jar:0.2.0]
	at org.apache.ratis.thirdparty.io.grpc.internal.SerializingExecutor.run(SerializingExecutor.java:123) [ratis-thirdparty-misc-0.2.0.jar:0.2.0]
	at java.util.concurrent.ThreadPoolExecutor.runWorker(ThreadPoolExecutor.java:1149) [?:1.8.0_212]
	at java.util.concurrent.ThreadPoolExecutor$Worker.run(ThreadPoolExecutor.java:624) [?:1.8.0_212]
	at java.lang.Thread.run(Thread.java:748) [?:1.8.0_212]
2019-07-13 19:23:55,945 INFO  client.GrpcClientProtocolClient (GrpcClientProtocolClient.java:onNext(255)) - client-DB64FEED9983->cbf97dea-2830-4088-8803-65db8039c739: receive RaftClientReply:client-DB64FEED9983->cbf97dea-2830-4088-8803-65db8039c739@group-5F3C293467F1, cid=236, FAILED org.apache.ratis.protocol.StateMachineException: org.apache.hadoop.hdds.scm.container.common.helpers.ContainerNotOpenException from Server cbf97dea-2830-4088-8803-65db8039c739: Container 1 in CLOSED state, logIndex=0, commits[cbf97dea-2830-4088-8803-65db8039c739:c18, 1978dc95-4d28-443c-916a-613efc6d37c9:c17, 27c138d4-b7f8-49f6-9984-f82b7ebef8a8:c17]
19:23:55.945 [grpc-default-executor-4] ERROR DNAudit - user=null | ip=null | op=PUT_BLOCK {blockData=[blockId=conID: 1 locID: 102435771447836691 bcsId: 0,size=650]} | ret=FAILURE
org.apache.hadoop.hdds.scm.container.common.helpers.ContainerNotOpenException: Container 1 in CLOSED state
	at org.apache.hadoop.ozone.container.common.impl.HddsDispatcher.validateContainerCommand(HddsDispatcher.java:408) ~[hadoop-hdds-container-service-0.5.0-SNAPSHOT.jar:?]
	at org.apache.hadoop.ozone.container.common.transport.server.ratis.ContainerStateMachine.startTransaction(ContainerStateMachine.java:271) ~[hadoop-hdds-container-service-0.5.0-SNAPSHOT.jar:?]
	at org.apache.ratis.server.impl.RaftServerImpl.submitClientRequestAsync(RaftServerImpl.java:566) ~[ratis-server-0.4.0-2337318-SNAPSHOT.jar:0.4.0-2337318-SNAPSHOT]
	at org.apache.ratis.server.impl.RaftServerProxy.lambda$submitClientRequestAsync$7(RaftServerProxy.java:333) ~[ratis-server-0.4.0-2337318-SNAPSHOT.jar:0.4.0-2337318-SNAPSHOT]
	at org.apache.ratis.server.impl.RaftServerProxy.lambda$null$5(RaftServerProxy.java:328) ~[ratis-server-0.4.0-2337318-SNAPSHOT.jar:0.4.0-2337318-SNAPSHOT]
	at org.apache.ratis.util.JavaUtils.callAsUnchecked(JavaUtils.java:109) ~[ratis-common-0.4.0-2337318-SNAPSHOT.jar:0.4.0-2337318-SNAPSHOT]
	at org.apache.ratis.server.impl.RaftServerProxy.lambda$submitRequest$6(RaftServerProxy.java:328) ~[ratis-server-0.4.0-2337318-SNAPSHOT.jar:0.4.0-2337318-SNAPSHOT]
	at java.util.concurrent.CompletableFuture.uniComposeStage(CompletableFuture.java:981) ~[?:1.8.0_212]
	at java.util.concurrent.CompletableFuture.thenCompose(CompletableFuture.java:2124) ~[?:1.8.0_212]
	at org.apache.ratis.server.impl.RaftServerProxy.submitRequest(RaftServerProxy.java:327) ~[ratis-server-0.4.0-2337318-SNAPSHOT.jar:0.4.0-2337318-SNAPSHOT]
	at org.apache.ratis.server.impl.RaftServerProxy.submitClientRequestAsync(RaftServerProxy.java:333) ~[ratis-server-0.4.0-2337318-SNAPSHOT.jar:0.4.0-2337318-SNAPSHOT]
	at org.apache.ratis.grpc.client.GrpcClientProtocolService$RequestStreamObserver.processClientRequest(GrpcClientProtocolService.java:220) ~[ratis-grpc-0.4.0-2337318-SNAPSHOT.jar:0.4.0-2337318-SNAPSHOT]
	at org.apache.ratis.grpc.client.GrpcClientProtocolService$OrderedRequestStreamObserver.processClientRequest(GrpcClientProtocolService.java:326) ~[ratis-grpc-0.4.0-2337318-SNAPSHOT.jar:0.4.0-2337318-SNAPSHOT]
	at org.apache.ratis.util.SlidingWindow$Server.processRequestsFromHead(SlidingWindow.java:429) [ratis-common-0.4.0-2337318-SNAPSHOT.jar:0.4.0-2337318-SNAPSHOT]
	at org.apache.ratis.util.SlidingWindow$Server.receivedRequest(SlidingWindow.java:421) [ratis-common-0.4.0-2337318-SNAPSHOT.jar:0.4.0-2337318-SNAPSHOT]
	at org.apache.ratis.grpc.client.GrpcClientProtocolService$OrderedRequestStreamObserver.processClientRequest(GrpcClientProtocolService.java:345) [ratis-grpc-0.4.0-2337318-SNAPSHOT.jar:0.4.0-2337318-SNAPSHOT]
	at org.apache.ratis.grpc.client.GrpcClientProtocolService$RequestStreamObserver.onNext(GrpcClientProtocolService.java:240) [ratis-grpc-0.4.0-2337318-SNAPSHOT.jar:0.4.0-2337318-SNAPSHOT]
	at org.apache.ratis.grpc.client.GrpcClientProtocolService$RequestStreamObserver.onNext(GrpcClientProtocolService.java:168) [ratis-grpc-0.4.0-2337318-SNAPSHOT.jar:0.4.0-2337318-SNAPSHOT]
	at org.apache.ratis.thirdparty.io.grpc.stub.ServerCalls$StreamingServerCallHandler$StreamingServerCallListener.onMessage(ServerCalls.java:248) [ratis-thirdparty-misc-0.2.0.jar:0.2.0]
	at org.apache.ratis.thirdparty.io.grpc.internal.ServerCallImpl$ServerStreamListenerImpl.messagesAvailable(ServerCallImpl.java:263) [ratis-thirdparty-misc-0.2.0.jar:0.2.0]
	at org.apache.ratis.thirdparty.io.grpc.internal.ServerImpl$JumpToApplicationThreadServerStreamListener$1MessagesAvailable.runInContext(ServerImpl.java:686) [ratis-thirdparty-misc-0.2.0.jar:0.2.0]
	at org.apache.ratis.thirdparty.io.grpc.internal.ContextRunnable.run(ContextRunnable.java:37) [ratis-thirdparty-misc-0.2.0.jar:0.2.0]
	at org.apache.ratis.thirdparty.io.grpc.internal.SerializingExecutor.run(SerializingExecutor.java:123) [ratis-thirdparty-misc-0.2.0.jar:0.2.0]
	at java.util.concurrent.ThreadPoolExecutor.runWorker(ThreadPoolExecutor.java:1149) [?:1.8.0_212]
	at java.util.concurrent.ThreadPoolExecutor$Worker.run(ThreadPoolExecutor.java:624) [?:1.8.0_212]
	at java.lang.Thread.run(Thread.java:748) [?:1.8.0_212]
2019-07-13 19:23:55,946 INFO  client.GrpcClientProtocolClient (GrpcClientProtocolClient.java:onNext(255)) - client-DB64FEED9983->cbf97dea-2830-4088-8803-65db8039c739: receive RaftClientReply:client-DB64FEED9983->cbf97dea-2830-4088-8803-65db8039c739@group-5F3C293467F1, cid=237, FAILED org.apache.ratis.protocol.StateMachineException: org.apache.hadoop.hdds.scm.container.common.helpers.ContainerNotOpenException from Server cbf97dea-2830-4088-8803-65db8039c739: Container 1 in CLOSED state, logIndex=0, commits[cbf97dea-2830-4088-8803-65db8039c739:c18, 1978dc95-4d28-443c-916a-613efc6d37c9:c17, 27c138d4-b7f8-49f6-9984-f82b7ebef8a8:c17]
2019-07-13 19:23:55,952 INFO  client.GrpcClientProtocolClient (GrpcClientProtocolClient.java:onNext(255)) - client-DB64FEED9983->cbf97dea-2830-4088-8803-65db8039c739: receive RaftClientReply:client-DB64FEED9983->cbf97dea-2830-4088-8803-65db8039c739@group-5F3C293467F1, cid=238, FAILED org.apache.ratis.protocol.StateMachineException: org.apache.hadoop.hdds.scm.container.common.helpers.ContainerNotOpenException from Server cbf97dea-2830-4088-8803-65db8039c739: Container 1 in CLOSED state, logIndex=0, commits[cbf97dea-2830-4088-8803-65db8039c739:c18, 1978dc95-4d28-443c-916a-613efc6d37c9:c17, 27c138d4-b7f8-49f6-9984-f82b7ebef8a8:c17]
19:23:55.952 [grpc-default-executor-4] ERROR DNAudit - user=null | ip=null | op=WRITE_CHUNK {blockData=conID: 1 locID: 102435771447836691 bcsId: 14} | ret=FAILURE
org.apache.hadoop.hdds.scm.container.common.helpers.ContainerNotOpenException: Container 1 in CLOSED state
	at org.apache.hadoop.ozone.container.common.impl.HddsDispatcher.validateContainerCommand(HddsDispatcher.java:408) ~[hadoop-hdds-container-service-0.5.0-SNAPSHOT.jar:?]
	at org.apache.hadoop.ozone.container.common.transport.server.ratis.ContainerStateMachine.startTransaction(ContainerStateMachine.java:271) ~[hadoop-hdds-container-service-0.5.0-SNAPSHOT.jar:?]
	at org.apache.ratis.server.impl.RaftServerImpl.submitClientRequestAsync(RaftServerImpl.java:566) ~[ratis-server-0.4.0-2337318-SNAPSHOT.jar:0.4.0-2337318-SNAPSHOT]
	at org.apache.ratis.server.impl.RaftServerProxy.lambda$submitClientRequestAsync$7(RaftServerProxy.java:333) ~[ratis-server-0.4.0-2337318-SNAPSHOT.jar:0.4.0-2337318-SNAPSHOT]
	at org.apache.ratis.server.impl.RaftServerProxy.lambda$null$5(RaftServerProxy.java:328) ~[ratis-server-0.4.0-2337318-SNAPSHOT.jar:0.4.0-2337318-SNAPSHOT]
	at org.apache.ratis.util.JavaUtils.callAsUnchecked(JavaUtils.java:109) ~[ratis-common-0.4.0-2337318-SNAPSHOT.jar:0.4.0-2337318-SNAPSHOT]
	at org.apache.ratis.server.impl.RaftServerProxy.lambda$submitRequest$6(RaftServerProxy.java:328) ~[ratis-server-0.4.0-2337318-SNAPSHOT.jar:0.4.0-2337318-SNAPSHOT]
	at java.util.concurrent.CompletableFuture.uniComposeStage(CompletableFuture.java:981) ~[?:1.8.0_212]
	at java.util.concurrent.CompletableFuture.thenCompose(CompletableFuture.java:2124) ~[?:1.8.0_212]
	at org.apache.ratis.server.impl.RaftServerProxy.submitRequest(RaftServerProxy.java:327) ~[ratis-server-0.4.0-2337318-SNAPSHOT.jar:0.4.0-2337318-SNAPSHOT]
	at org.apache.ratis.server.impl.RaftServerProxy.submitClientRequestAsync(RaftServerProxy.java:333) ~[ratis-server-0.4.0-2337318-SNAPSHOT.jar:0.4.0-2337318-SNAPSHOT]
	at org.apache.ratis.grpc.client.GrpcClientProtocolService$RequestStreamObserver.processClientRequest(GrpcClientProtocolService.java:220) ~[ratis-grpc-0.4.0-2337318-SNAPSHOT.jar:0.4.0-2337318-SNAPSHOT]
	at org.apache.ratis.grpc.client.GrpcClientProtocolService$OrderedRequestStreamObserver.processClientRequest(GrpcClientProtocolService.java:326) ~[ratis-grpc-0.4.0-2337318-SNAPSHOT.jar:0.4.0-2337318-SNAPSHOT]
	at org.apache.ratis.util.SlidingWindow$Server.processRequestsFromHead(SlidingWindow.java:429) [ratis-common-0.4.0-2337318-SNAPSHOT.jar:0.4.0-2337318-SNAPSHOT]
	at org.apache.ratis.util.SlidingWindow$Server.receivedRequest(SlidingWindow.java:421) [ratis-common-0.4.0-2337318-SNAPSHOT.jar:0.4.0-2337318-SNAPSHOT]
	at org.apache.ratis.grpc.client.GrpcClientProtocolService$OrderedRequestStreamObserver.processClientRequest(GrpcClientProtocolService.java:345) [ratis-grpc-0.4.0-2337318-SNAPSHOT.jar:0.4.0-2337318-SNAPSHOT]
	at org.apache.ratis.grpc.client.GrpcClientProtocolService$RequestStreamObserver.onNext(GrpcClientProtocolService.java:240) [ratis-grpc-0.4.0-2337318-SNAPSHOT.jar:0.4.0-2337318-SNAPSHOT]
	at org.apache.ratis.grpc.client.GrpcClientProtocolService$RequestStreamObserver.onNext(GrpcClientProtocolService.java:168) [ratis-grpc-0.4.0-2337318-SNAPSHOT.jar:0.4.0-2337318-SNAPSHOT]
	at org.apache.ratis.thirdparty.io.grpc.stub.ServerCalls$StreamingServerCallHandler$StreamingServerCallListener.onMessage(ServerCalls.java:248) [ratis-thirdparty-misc-0.2.0.jar:0.2.0]
	at org.apache.ratis.thirdparty.io.grpc.internal.ServerCallImpl$ServerStreamListenerImpl.messagesAvailable(ServerCallImpl.java:263) [ratis-thirdparty-misc-0.2.0.jar:0.2.0]
	at org.apache.ratis.thirdparty.io.grpc.internal.ServerImpl$JumpToApplicationThreadServerStreamListener$1MessagesAvailable.runInContext(ServerImpl.java:686) [ratis-thirdparty-misc-0.2.0.jar:0.2.0]
	at org.apache.ratis.thirdparty.io.grpc.internal.ContextRunnable.run(ContextRunnable.java:37) [ratis-thirdparty-misc-0.2.0.jar:0.2.0]
	at org.apache.ratis.thirdparty.io.grpc.internal.SerializingExecutor.run(SerializingExecutor.java:123) [ratis-thirdparty-misc-0.2.0.jar:0.2.0]
	at java.util.concurrent.ThreadPoolExecutor.runWorker(ThreadPoolExecutor.java:1149) [?:1.8.0_212]
	at java.util.concurrent.ThreadPoolExecutor$Worker.run(ThreadPoolExecutor.java:624) [?:1.8.0_212]
	at java.lang.Thread.run(Thread.java:748) [?:1.8.0_212]
2019-07-13 19:23:55,959 INFO  client.GrpcClientProtocolClient (GrpcClientProtocolClient.java:onNext(255)) - client-DB64FEED9983->cbf97dea-2830-4088-8803-65db8039c739: receive RaftClientReply:client-DB64FEED9983->cbf97dea-2830-4088-8803-65db8039c739@group-5F3C293467F1, cid=239, FAILED org.apache.ratis.protocol.StateMachineException: org.apache.hadoop.hdds.scm.container.common.helpers.ContainerNotOpenException from Server cbf97dea-2830-4088-8803-65db8039c739: Container 1 in CLOSED state, logIndex=0, commits[cbf97dea-2830-4088-8803-65db8039c739:c18, 1978dc95-4d28-443c-916a-613efc6d37c9:c17, 27c138d4-b7f8-49f6-9984-f82b7ebef8a8:c17]
19:23:55.958 [grpc-default-executor-4] ERROR DNAudit - user=null | ip=null | op=WRITE_CHUNK {blockData=conID: 1 locID: 102435771447836691 bcsId: 14} | ret=FAILURE
org.apache.hadoop.hdds.scm.container.common.helpers.ContainerNotOpenException: Container 1 in CLOSED state
	at org.apache.hadoop.ozone.container.common.impl.HddsDispatcher.validateContainerCommand(HddsDispatcher.java:408) ~[hadoop-hdds-container-service-0.5.0-SNAPSHOT.jar:?]
	at org.apache.hadoop.ozone.container.common.transport.server.ratis.ContainerStateMachine.startTransaction(ContainerStateMachine.java:271) ~[hadoop-hdds-container-service-0.5.0-SNAPSHOT.jar:?]
	at org.apache.ratis.server.impl.RaftServerImpl.submitClientRequestAsync(RaftServerImpl.java:566) ~[ratis-server-0.4.0-2337318-SNAPSHOT.jar:0.4.0-2337318-SNAPSHOT]
	at org.apache.ratis.server.impl.RaftServerProxy.lambda$submitClientRequestAsync$7(RaftServerProxy.java:333) ~[ratis-server-0.4.0-2337318-SNAPSHOT.jar:0.4.0-2337318-SNAPSHOT]
	at org.apache.ratis.server.impl.RaftServerProxy.lambda$null$5(RaftServerProxy.java:328) ~[ratis-server-0.4.0-2337318-SNAPSHOT.jar:0.4.0-2337318-SNAPSHOT]
	at org.apache.ratis.util.JavaUtils.callAsUnchecked(JavaUtils.java:109) ~[ratis-common-0.4.0-2337318-SNAPSHOT.jar:0.4.0-2337318-SNAPSHOT]
	at org.apache.ratis.server.impl.RaftServerProxy.lambda$submitRequest$6(RaftServerProxy.java:328) ~[ratis-server-0.4.0-2337318-SNAPSHOT.jar:0.4.0-2337318-SNAPSHOT]
	at java.util.concurrent.CompletableFuture.uniComposeStage(CompletableFuture.java:981) ~[?:1.8.0_212]
	at java.util.concurrent.CompletableFuture.thenCompose(CompletableFuture.java:2124) ~[?:1.8.0_212]
	at org.apache.ratis.server.impl.RaftServerProxy.submitRequest(RaftServerProxy.java:327) ~[ratis-server-0.4.0-2337318-SNAPSHOT.jar:0.4.0-2337318-SNAPSHOT]
	at org.apache.ratis.server.impl.RaftServerProxy.submitClientRequestAsync(RaftServerProxy.java:333) ~[ratis-server-0.4.0-2337318-SNAPSHOT.jar:0.4.0-2337318-SNAPSHOT]
	at org.apache.ratis.grpc.client.GrpcClientProtocolService$RequestStreamObserver.processClientRequest(GrpcClientProtocolService.java:220) ~[ratis-grpc-0.4.0-2337318-SNAPSHOT.jar:0.4.0-2337318-SNAPSHOT]
	at org.apache.ratis.grpc.client.GrpcClientProtocolService$OrderedRequestStreamObserver.processClientRequest(GrpcClientProtocolService.java:326) ~[ratis-grpc-0.4.0-2337318-SNAPSHOT.jar:0.4.0-2337318-SNAPSHOT]
	at org.apache.ratis.util.SlidingWindow$Server.processRequestsFromHead(SlidingWindow.java:429) [ratis-common-0.4.0-2337318-SNAPSHOT.jar:0.4.0-2337318-SNAPSHOT]
	at org.apache.ratis.util.SlidingWindow$Server.receivedRequest(SlidingWindow.java:421) [ratis-common-0.4.0-2337318-SNAPSHOT.jar:0.4.0-2337318-SNAPSHOT]
	at org.apache.ratis.grpc.client.GrpcClientProtocolService$OrderedRequestStreamObserver.processClientRequest(GrpcClientProtocolService.java:345) [ratis-grpc-0.4.0-2337318-SNAPSHOT.jar:0.4.0-2337318-SNAPSHOT]
	at org.apache.ratis.grpc.client.GrpcClientProtocolService$RequestStreamObserver.onNext(GrpcClientProtocolService.java:240) [ratis-grpc-0.4.0-2337318-SNAPSHOT.jar:0.4.0-2337318-SNAPSHOT]
	at org.apache.ratis.grpc.client.GrpcClientProtocolService$RequestStreamObserver.onNext(GrpcClientProtocolService.java:168) [ratis-grpc-0.4.0-2337318-SNAPSHOT.jar:0.4.0-2337318-SNAPSHOT]
	at org.apache.ratis.thirdparty.io.grpc.stub.ServerCalls$StreamingServerCallHandler$StreamingServerCallListener.onMessage(ServerCalls.java:248) [ratis-thirdparty-misc-0.2.0.jar:0.2.0]
	at org.apache.ratis.thirdparty.io.grpc.internal.ServerCallImpl$ServerStreamListenerImpl.messagesAvailable(ServerCallImpl.java:263) [ratis-thirdparty-misc-0.2.0.jar:0.2.0]
	at org.apache.ratis.thirdparty.io.grpc.internal.ServerImpl$JumpToApplicationThreadServerStreamListener$1MessagesAvailable.runInContext(ServerImpl.java:686) [ratis-thirdparty-misc-0.2.0.jar:0.2.0]
	at org.apache.ratis.thirdparty.io.grpc.internal.ContextRunnable.run(ContextRunnable.java:37) [ratis-thirdparty-misc-0.2.0.jar:0.2.0]
	at org.apache.ratis.thirdparty.io.grpc.internal.SerializingExecutor.run(SerializingExecutor.java:123) [ratis-thirdparty-misc-0.2.0.jar:0.2.0]
	at java.util.concurrent.ThreadPoolExecutor.runWorker(ThreadPoolExecutor.java:1149) [?:1.8.0_212]
	at java.util.concurrent.ThreadPoolExecutor$Worker.run(ThreadPoolExecutor.java:624) [?:1.8.0_212]
	at java.lang.Thread.run(Thread.java:748) [?:1.8.0_212]
19:23:55.970 [grpc-default-executor-4] ERROR DNAudit - user=null | ip=null | op=PUT_BLOCK {blockData=[blockId=conID: 1 locID: 102435771447836691 bcsId: 0,size=800]} | ret=FAILURE
org.apache.hadoop.hdds.scm.container.common.helpers.ContainerNotOpenException: Container 1 in CLOSED state
	at org.apache.hadoop.ozone.container.common.impl.HddsDispatcher.validateContainerCommand(HddsDispatcher.java:408) ~[hadoop-hdds-container-service-0.5.0-SNAPSHOT.jar:?]
	at org.apache.hadoop.ozone.container.common.transport.server.ratis.ContainerStateMachine.startTransaction(ContainerStateMachine.java:271) ~[hadoop-hdds-container-service-0.5.0-SNAPSHOT.jar:?]
	at org.apache.ratis.server.impl.RaftServerImpl.submitClientRequestAsync(RaftServerImpl.java:566) ~[ratis-server-0.4.0-2337318-SNAPSHOT.jar:0.4.0-2337318-SNAPSHOT]
	at org.apache.ratis.server.impl.RaftServerProxy.lambda$submitClientRequestAsync$7(RaftServerProxy.java:333) ~[ratis-server-0.4.0-2337318-SNAPSHOT.jar:0.4.0-2337318-SNAPSHOT]
	at org.apache.ratis.server.impl.RaftServerProxy.lambda$null$5(RaftServerProxy.java:328) ~[ratis-server-0.4.0-2337318-SNAPSHOT.jar:0.4.0-2337318-SNAPSHOT]
	at org.apache.ratis.util.JavaUtils.callAsUnchecked(JavaUtils.java:109) ~[ratis-common-0.4.0-2337318-SNAPSHOT.jar:0.4.0-2337318-SNAPSHOT]
	at org.apache.ratis.server.impl.RaftServerProxy.lambda$submitRequest$6(RaftServerProxy.java:328) ~[ratis-server-0.4.0-2337318-SNAPSHOT.jar:0.4.0-2337318-SNAPSHOT]
	at java.util.concurrent.CompletableFuture.uniComposeStage(CompletableFuture.java:981) ~[?:1.8.0_212]
	at java.util.concurrent.CompletableFuture.thenCompose(CompletableFuture.java:2124) ~[?:1.8.0_212]
	at org.apache.ratis.server.impl.RaftServerProxy.submitRequest(RaftServerProxy.java:327) ~[ratis-server-0.4.0-2337318-SNAPSHOT.jar:0.4.0-2337318-SNAPSHOT]
	at org.apache.ratis.server.impl.RaftServerProxy.submitClientRequestAsync(RaftServerProxy.java:333) ~[ratis-server-0.4.0-2337318-SNAPSHOT.jar:0.4.0-2337318-SNAPSHOT]
	at org.apache.ratis.grpc.client.GrpcClientProtocolService$RequestStreamObserver.processClientRequest(GrpcClientProtocolService.java:220) ~[ratis-grpc-0.4.0-2337318-SNAPSHOT.jar:0.4.0-2337318-SNAPSHOT]
	at org.apache.ratis.grpc.client.GrpcClientProtocolService$OrderedRequestStreamObserver.processClientRequest(GrpcClientProtocolService.java:326) ~[ratis-grpc-0.4.0-2337318-SNAPSHOT.jar:0.4.0-2337318-SNAPSHOT]
	at org.apache.ratis.util.SlidingWindow$Server.processRequestsFromHead(SlidingWindow.java:429) [ratis-common-0.4.0-2337318-SNAPSHOT.jar:0.4.0-2337318-SNAPSHOT]
	at org.apache.ratis.util.SlidingWindow$Server.receivedRequest(SlidingWindow.java:421) [ratis-common-0.4.0-2337318-SNAPSHOT.jar:0.4.0-2337318-SNAPSHOT]
	at org.apache.ratis.grpc.client.GrpcClientProtocolService$OrderedRequestStreamObserver.processClientRequest(GrpcClientProtocolService.java:345) [ratis-grpc-0.4.0-2337318-SNAPSHOT.jar:0.4.0-2337318-SNAPSHOT]
	at org.apache.ratis.grpc.client.GrpcClientProtocolService$RequestStreamObserver.onNext(GrpcClientProtocolService.java:240) [ratis-grpc-0.4.0-2337318-SNAPSHOT.jar:0.4.0-2337318-SNAPSHOT]
	at org.apache.ratis.grpc.client.GrpcClientProtocolService$RequestStreamObserver.onNext(GrpcClientProtocolService.java:168) [ratis-grpc-0.4.0-2337318-SNAPSHOT.jar:0.4.0-2337318-SNAPSHOT]
	at org.apache.ratis.thirdparty.io.grpc.stub.ServerCalls$StreamingServerCallHandler$StreamingServerCallListener.onMessage(ServerCalls.java:248) [ratis-thirdparty-misc-0.2.0.jar:0.2.0]
	at org.apache.ratis.thirdparty.io.grpc.internal.ServerCallImpl$ServerStreamListenerImpl.messagesAvailable(ServerCallImpl.java:263) [ratis-thirdparty-misc-0.2.0.jar:0.2.0]
	at org.apache.ratis.thirdparty.io.grpc.internal.ServerImpl$JumpToApplicationThreadServerStreamListener$1MessagesAvailable.runInContext(ServerImpl.java:686) [ratis-thirdparty-misc-0.2.0.jar:0.2.0]
	at org.apache.ratis.thirdparty.io.grpc.internal.ContextRunnable.run(ContextRunnable.java:37) [ratis-thirdparty-misc-0.2.0.jar:0.2.0]
	at org.apache.ratis.thirdparty.io.grpc.internal.SerializingExecutor.run(SerializingExecutor.java:123) [ratis-thirdparty-misc-0.2.0.jar:0.2.0]
	at java.util.concurrent.ThreadPoolExecutor.runWorker(ThreadPoolExecutor.java:1149) [?:1.8.0_212]
	at java.util.concurrent.ThreadPoolExecutor$Worker.run(ThreadPoolExecutor.java:624) [?:1.8.0_212]
	at java.lang.Thread.run(Thread.java:748) [?:1.8.0_212]
2019-07-13 19:23:55,971 INFO  client.GrpcClientProtocolClient (GrpcClientProtocolClient.java:onNext(255)) - client-DB64FEED9983->cbf97dea-2830-4088-8803-65db8039c739: receive RaftClientReply:client-DB64FEED9983->cbf97dea-2830-4088-8803-65db8039c739@group-5F3C293467F1, cid=240, FAILED org.apache.ratis.protocol.StateMachineException: org.apache.hadoop.hdds.scm.container.common.helpers.ContainerNotOpenException from Server cbf97dea-2830-4088-8803-65db8039c739: Container 1 in CLOSED state, logIndex=0, commits[cbf97dea-2830-4088-8803-65db8039c739:c18, 1978dc95-4d28-443c-916a-613efc6d37c9:c17, 27c138d4-b7f8-49f6-9984-f82b7ebef8a8:c17]
2019-07-13 19:23:55,977 INFO  client.GrpcClientProtocolClient (GrpcClientProtocolClient.java:onNext(255)) - client-DB64FEED9983->cbf97dea-2830-4088-8803-65db8039c739: receive RaftClientReply:client-DB64FEED9983->cbf97dea-2830-4088-8803-65db8039c739@group-5F3C293467F1, cid=241, FAILED org.apache.ratis.protocol.StateMachineException: org.apache.hadoop.hdds.scm.container.common.helpers.ContainerNotOpenException from Server cbf97dea-2830-4088-8803-65db8039c739: Container 1 in CLOSED state, logIndex=0, commits[cbf97dea-2830-4088-8803-65db8039c739:c18, 1978dc95-4d28-443c-916a-613efc6d37c9:c17, 27c138d4-b7f8-49f6-9984-f82b7ebef8a8:c17]
2019-07-13 19:23:56,125 INFO  client.GrpcClientProtocolClient (GrpcClientProtocolClient.java:onNext(255)) - client-B911DD53456B->aac5a20c-afdd-48e6-b166-10de1dd2e40a: receive RaftClientReply:client-B911DD53456B->aac5a20c-afdd-48e6-b166-10de1dd2e40a@group-260EC2E5638D, cid=242, SUCCESS, logIndex=1, commits[aac5a20c-afdd-48e6-b166-10de1dd2e40a:c1, 4f660045-096b-44e3-abb1-718e2f71488a:c0, 9b70db6e-3b92-47df-b3e9-5c6dfc748ecf:c0]
2019-07-13 19:23:56,149 INFO  client.GrpcClientProtocolClient (GrpcClientProtocolClient.java:onNext(255)) - client-B911DD53456B->aac5a20c-afdd-48e6-b166-10de1dd2e40a: receive RaftClientReply:client-B911DD53456B->aac5a20c-afdd-48e6-b166-10de1dd2e40a@group-260EC2E5638D, cid=243, SUCCESS, logIndex=3, commits[aac5a20c-afdd-48e6-b166-10de1dd2e40a:c5, 4f660045-096b-44e3-abb1-718e2f71488a:c1, 9b70db6e-3b92-47df-b3e9-5c6dfc748ecf:c1]
2019-07-13 19:23:56,196 INFO  client.GrpcClientProtocolClient (GrpcClientProtocolClient.java:onNext(255)) - client-B911DD53456B->aac5a20c-afdd-48e6-b166-10de1dd2e40a: receive RaftClientReply:client-B911DD53456B->aac5a20c-afdd-48e6-b166-10de1dd2e40a@group-260EC2E5638D, cid=244, SUCCESS, logIndex=4, commits[aac5a20c-afdd-48e6-b166-10de1dd2e40a:c12, 4f660045-096b-44e3-abb1-718e2f71488a:c7, 9b70db6e-3b92-47df-b3e9-5c6dfc748ecf:c7]
2019-07-13 19:23:56,196 INFO  client.GrpcClientProtocolClient (GrpcClientProtocolClient.java:onNext(255)) - client-B911DD53456B->aac5a20c-afdd-48e6-b166-10de1dd2e40a: receive RaftClientReply:client-B911DD53456B->aac5a20c-afdd-48e6-b166-10de1dd2e40a@group-260EC2E5638D, cid=245, SUCCESS, logIndex=5, commits[aac5a20c-afdd-48e6-b166-10de1dd2e40a:c12, 4f660045-096b-44e3-abb1-718e2f71488a:c7, 9b70db6e-3b92-47df-b3e9-5c6dfc748ecf:c7]
2019-07-13 19:23:56,197 INFO  client.GrpcClientProtocolClient (GrpcClientProtocolClient.java:onNext(255)) - client-B911DD53456B->aac5a20c-afdd-48e6-b166-10de1dd2e40a: receive RaftClientReply:client-B911DD53456B->aac5a20c-afdd-48e6-b166-10de1dd2e40a@group-260EC2E5638D, cid=246, SUCCESS, logIndex=6, commits[aac5a20c-afdd-48e6-b166-10de1dd2e40a:c12, 4f660045-096b-44e3-abb1-718e2f71488a:c7, 9b70db6e-3b92-47df-b3e9-5c6dfc748ecf:c7]
2019-07-13 19:23:56,290 INFO  client.GrpcClientProtocolClient (GrpcClientProtocolClient.java:onNext(255)) - client-B911DD53456B->aac5a20c-afdd-48e6-b166-10de1dd2e40a: receive RaftClientReply:client-B911DD53456B->aac5a20c-afdd-48e6-b166-10de1dd2e40a@group-260EC2E5638D, cid=247, SUCCESS, logIndex=7, commits[aac5a20c-afdd-48e6-b166-10de1dd2e40a:c12, 4f660045-096b-44e3-abb1-718e2f71488a:c7, 9b70db6e-3b92-47df-b3e9-5c6dfc748ecf:c7]
2019-07-13 19:23:56,307 INFO  client.GrpcClientProtocolClient (GrpcClientProtocolClient.java:onNext(255)) - client-B911DD53456B->aac5a20c-afdd-48e6-b166-10de1dd2e40a: receive RaftClientReply:client-B911DD53456B->aac5a20c-afdd-48e6-b166-10de1dd2e40a@group-260EC2E5638D, cid=248, SUCCESS, logIndex=13, commits[aac5a20c-afdd-48e6-b166-10de1dd2e40a:c14, 4f660045-096b-44e3-abb1-718e2f71488a:c12, 9b70db6e-3b92-47df-b3e9-5c6dfc748ecf:c12]
2019-07-13 19:23:56,308 INFO  client.GrpcClientProtocolClient (GrpcClientProtocolClient.java:onNext(255)) - client-B911DD53456B->aac5a20c-afdd-48e6-b166-10de1dd2e40a: receive RaftClientReply:client-B911DD53456B->aac5a20c-afdd-48e6-b166-10de1dd2e40a@group-260EC2E5638D, cid=249, SUCCESS, logIndex=14, commits[aac5a20c-afdd-48e6-b166-10de1dd2e40a:c14, 4f660045-096b-44e3-abb1-718e2f71488a:c12, 9b70db6e-3b92-47df-b3e9-5c6dfc748ecf:c12]
2019-07-13 19:23:56,322 INFO  client.GrpcClientProtocolClient (GrpcClientProtocolClient.java:onNext(255)) - client-B911DD53456B->aac5a20c-afdd-48e6-b166-10de1dd2e40a: receive RaftClientReply:client-B911DD53456B->aac5a20c-afdd-48e6-b166-10de1dd2e40a@group-260EC2E5638D, cid=250, SUCCESS, logIndex=0, commits[aac5a20c-afdd-48e6-b166-10de1dd2e40a:c15, 4f660045-096b-44e3-abb1-718e2f71488a:c14, 9b70db6e-3b92-47df-b3e9-5c6dfc748ecf:c14]
2019-07-13 19:23:56,339 INFO  pipeline.Pipeline (Pipeline.java:getProtobufMessage(195)) - Serialize pipeline PipelineID=7f0b5c92-472e-499c-b3d8-260ec2e5638d with nodesInOrder{ }
2019-07-13 19:23:56,340 INFO  ozone.MiniOzoneClusterImpl (MiniOzoneClusterImpl.java:shutdown(321)) - Shutting down the Mini Ozone Cluster
2019-07-13 19:23:56,341 INFO  ozone.MiniOzoneClusterImpl (MiniOzoneClusterImpl.java:stop(336)) - Stopping the Mini Ozone Cluster
2019-07-13 19:23:56,341 INFO  ozone.MiniOzoneClusterImpl (MiniOzoneClusterImpl.java:stop(338)) - Stopping the OzoneManager
2019-07-13 19:23:56,341 INFO  ipc.Server (Server.java:stop(3082)) - Stopping server on 44013
2019-07-13 19:23:56,353 INFO  ipc.Server (Server.java:run(1185)) - Stopping IPC Server listener on 44013
2019-07-13 19:23:56,353 INFO  utils.BackgroundService (BackgroundService.java:shutdown(148)) - Shutting down service KeyDeletingService
2019-07-13 19:23:56,357 INFO  ipc.Server (Server.java:run(1319)) - Stopping IPC Server Responder
2019-07-13 19:23:56,377 INFO  handler.ContextHandler (ContextHandler.java:doStop(910)) - Stopped o.e.j.w.WebAppContext@3938e876{/,null,UNAVAILABLE}{/ozoneManager}
2019-07-13 19:23:56,378 INFO  server.AbstractConnector (AbstractConnector.java:doStop(318)) - Stopped ServerConnector@70b2819f{HTTP/1.1,[http/1.1]}{0.0.0.0:0}
2019-07-13 19:23:56,378 INFO  handler.ContextHandler (ContextHandler.java:doStop(910)) - Stopped o.e.j.s.ServletContextHandler@3d980928{/static,file:///tmp/workdir/hadoop-ozone/integration-test/target/test-classes/webapps/static,UNAVAILABLE}
2019-07-13 19:23:56,378 INFO  handler.ContextHandler (ContextHandler.java:doStop(910)) - Stopped o.e.j.s.ServletContextHandler@53eb4dae{/logs,file:///tmp/workdir/hadoop-ozone/integration-test/target/log,UNAVAILABLE}
2019-07-13 19:23:56,391 INFO  ozone.MiniOzoneClusterImpl (MiniOzoneClusterImpl.java:stop(344)) - Shutting the HddsDatanodes
2019-07-13 19:23:56,392 INFO  datanode.ObjectStoreHandler (ObjectStoreHandler.java:close(155)) - Closing ObjectStoreHandler.
2019-07-13 19:23:56,392 INFO  datanode.ObjectStoreHandler (ObjectStoreHandler.java:close(155)) - Closing ObjectStoreHandler.
2019-07-13 19:23:56,392 INFO  ozone.HddsDatanodeService (HddsDatanodeService.java:stop(452)) - Stopped plug-in org.apache.hadoop.ozone.web.OzoneHddsDatanodeService@7a2b8501
2019-07-13 19:23:56,392 INFO  ozone.HddsDatanodeService (HddsDatanodeService.java:stop(452)) - Stopped plug-in org.apache.hadoop.ozone.web.OzoneHddsDatanodeService@25c887ca
2019-07-13 19:23:56,467 INFO  statemachine.DatanodeStateMachine (DatanodeStateMachine.java:lambda$startDaemon$0(350)) - Ozone container server started.
2019-07-13 19:23:57,112 INFO  statemachine.DatanodeStateMachine (DatanodeStateMachine.java:lambda$startDaemon$0(350)) - Ozone container server started.
2019-07-13 19:24:00,552 INFO  node.StaleNodeHandler (StaleNodeHandler.java:onMessage(58)) - Datanode cbf97dea-2830-4088-8803-65db8039c739{ip: 192.168.69.122, host: trunk-nightly-fxqsz-774976932, networkLocation: /default-rack, certSerialId: null} moved to stale state. Finalizing its pipelines [PipelineID=1bf03224-f461-45aa-a792-5f3c293467f1, PipelineID=c572fda3-8c6f-48f4-8a8a-e28df651fa31]
2019-07-13 19:24:00,552 INFO  pipeline.SCMPipelineManager (SCMPipelineManager.java:finalizeAndDestroyPipeline(309)) - destroying pipeline:Pipeline[ Id: 1bf03224-f461-45aa-a792-5f3c293467f1, Nodes: 27c138d4-b7f8-49f6-9984-f82b7ebef8a8{ip: 192.168.69.122, host: trunk-nightly-fxqsz-774976932, networkLocation: /default-rack, certSerialId: null}cbf97dea-2830-4088-8803-65db8039c739{ip: 192.168.69.122, host: trunk-nightly-fxqsz-774976932, networkLocation: /default-rack, certSerialId: null}1978dc95-4d28-443c-916a-613efc6d37c9{ip: 192.168.69.122, host: trunk-nightly-fxqsz-774976932, networkLocation: /default-rack, certSerialId: null}, Type:RATIS, Factor:THREE, State:OPEN]
2019-07-13 19:24:00,553 INFO  pipeline.PipelineStateManager (PipelineStateManager.java:finalizePipeline(123)) - Pipeline Pipeline[ Id: 1bf03224-f461-45aa-a792-5f3c293467f1, Nodes: 27c138d4-b7f8-49f6-9984-f82b7ebef8a8{ip: 192.168.69.122, host: trunk-nightly-fxqsz-774976932, networkLocation: /default-rack, certSerialId: null}cbf97dea-2830-4088-8803-65db8039c739{ip: 192.168.69.122, host: trunk-nightly-fxqsz-774976932, networkLocation: /default-rack, certSerialId: null}1978dc95-4d28-443c-916a-613efc6d37c9{ip: 192.168.69.122, host: trunk-nightly-fxqsz-774976932, networkLocation: /default-rack, certSerialId: null}, Type:RATIS, Factor:THREE, State:CLOSED] moved to CLOSED state
2019-07-13 19:24:00,553 INFO  pipeline.SCMPipelineManager (SCMPipelineManager.java:finalizeAndDestroyPipeline(309)) - destroying pipeline:Pipeline[ Id: c572fda3-8c6f-48f4-8a8a-e28df651fa31, Nodes: cbf97dea-2830-4088-8803-65db8039c739{ip: 192.168.69.122, host: trunk-nightly-fxqsz-774976932, networkLocation: /default-rack, certSerialId: null}, Type:RATIS, Factor:ONE, State:OPEN]
2019-07-13 19:24:00,553 INFO  pipeline.PipelineStateManager (PipelineStateManager.java:finalizePipeline(123)) - Pipeline Pipeline[ Id: c572fda3-8c6f-48f4-8a8a-e28df651fa31, Nodes: cbf97dea-2830-4088-8803-65db8039c739{ip: 192.168.69.122, host: trunk-nightly-fxqsz-774976932, networkLocation: /default-rack, certSerialId: null}, Type:RATIS, Factor:ONE, State:CLOSED] moved to CLOSED state
2019-07-13 19:24:01,153 INFO  node.StaleNodeHandler (StaleNodeHandler.java:onMessage(58)) - Datanode 9b70db6e-3b92-47df-b3e9-5c6dfc748ecf{ip: 192.168.69.122, host: trunk-nightly-fxqsz-774976932, networkLocation: /default-rack, certSerialId: null} moved to stale state. Finalizing its pipelines [PipelineID=a57783e0-f97e-4429-9ffe-e40b0b258b34, PipelineID=7f0b5c92-472e-499c-b3d8-260ec2e5638d]
2019-07-13 19:24:01,153 INFO  pipeline.SCMPipelineManager (SCMPipelineManager.java:finalizeAndDestroyPipeline(309)) - destroying pipeline:Pipeline[ Id: a57783e0-f97e-4429-9ffe-e40b0b258b34, Nodes: 9b70db6e-3b92-47df-b3e9-5c6dfc748ecf{ip: 192.168.69.122, host: trunk-nightly-fxqsz-774976932, networkLocation: /default-rack, certSerialId: null}, Type:RATIS, Factor:ONE, State:OPEN]
2019-07-13 19:24:01,153 INFO  pipeline.PipelineStateManager (PipelineStateManager.java:finalizePipeline(123)) - Pipeline Pipeline[ Id: a57783e0-f97e-4429-9ffe-e40b0b258b34, Nodes: 9b70db6e-3b92-47df-b3e9-5c6dfc748ecf{ip: 192.168.69.122, host: trunk-nightly-fxqsz-774976932, networkLocation: /default-rack, certSerialId: null}, Type:RATIS, Factor:ONE, State:CLOSED] moved to CLOSED state
2019-07-13 19:24:01,154 INFO  pipeline.SCMPipelineManager (SCMPipelineManager.java:finalizeAndDestroyPipeline(309)) - destroying pipeline:Pipeline[ Id: 7f0b5c92-472e-499c-b3d8-260ec2e5638d, Nodes: aac5a20c-afdd-48e6-b166-10de1dd2e40a{ip: 192.168.69.122, host: trunk-nightly-fxqsz-774976932, networkLocation: /default-rack, certSerialId: null}9b70db6e-3b92-47df-b3e9-5c6dfc748ecf{ip: 192.168.69.122, host: trunk-nightly-fxqsz-774976932, networkLocation: /default-rack, certSerialId: null}4f660045-096b-44e3-abb1-718e2f71488a{ip: 192.168.69.122, host: trunk-nightly-fxqsz-774976932, networkLocation: /default-rack, certSerialId: null}, Type:RATIS, Factor:THREE, State:OPEN]
2019-07-13 19:24:01,154 INFO  pipeline.PipelineStateManager (PipelineStateManager.java:finalizePipeline(123)) - Pipeline Pipeline[ Id: 7f0b5c92-472e-499c-b3d8-260ec2e5638d, Nodes: aac5a20c-afdd-48e6-b166-10de1dd2e40a{ip: 192.168.69.122, host: trunk-nightly-fxqsz-774976932, networkLocation: /default-rack, certSerialId: null}9b70db6e-3b92-47df-b3e9-5c6dfc748ecf{ip: 192.168.69.122, host: trunk-nightly-fxqsz-774976932, networkLocation: /default-rack, certSerialId: null}4f660045-096b-44e3-abb1-718e2f71488a{ip: 192.168.69.122, host: trunk-nightly-fxqsz-774976932, networkLocation: /default-rack, certSerialId: null}, Type:RATIS, Factor:THREE, State:CLOSED] moved to CLOSED state
2019-07-13 19:24:01,154 INFO  container.CloseContainerEventHandler (CloseContainerEventHandler.java:onMessage(61)) - Close container Event triggered for container : #2
2019-07-13 19:24:01,393 INFO  ozoneimpl.OzoneContainer (OzoneContainer.java:stop(199)) - Attempting to stop container services.
2019-07-13 19:24:01,393 INFO  ozoneimpl.OzoneContainer (OzoneContainer.java:stop(199)) - Attempting to stop container services.
2019-07-13 19:24:01,394 INFO  impl.RaftServerProxy (RaftServerProxy.java:lambda$close$4(314)) - cbf97dea-2830-4088-8803-65db8039c739: close
2019-07-13 19:24:01,394 INFO  impl.RaftServerProxy (RaftServerProxy.java:lambda$close$4(314)) - 9b70db6e-3b92-47df-b3e9-5c6dfc748ecf: close
2019-07-13 19:24:01,394 INFO  impl.RaftServerImpl (RaftServerImpl.java:lambda$shutdown$3(245)) - cbf97dea-2830-4088-8803-65db8039c739: shutdown group-5F3C293467F1
2019-07-13 19:24:01,395 INFO  util.JmxRegister (JmxRegister.java:unregister(73)) - Successfully un-registered JMX Bean with object name Ratis:service=RaftServer,group=group-5F3C293467F1,id=cbf97dea-2830-4088-8803-65db8039c739
2019-07-13 19:24:01,395 INFO  impl.RoleInfo (RoleInfo.java:shutdownLeaderState(104)) - cbf97dea-2830-4088-8803-65db8039c739: shutdown LeaderState
2019-07-13 19:24:01,394 INFO  impl.RaftServerImpl (RaftServerImpl.java:lambda$shutdown$3(245)) - 9b70db6e-3b92-47df-b3e9-5c6dfc748ecf: shutdown group-E40B0B258B34
2019-07-13 19:24:01,401 WARN  server.GrpcLogAppender (GrpcLogAppender.java:mayWait(143)) - GrpcLogAppender(cbf97dea-2830-4088-8803-65db8039c739->1978dc95-4d28-443c-916a-613efc6d37c9): Wait interrupted by java.lang.InterruptedException
2019-07-13 19:24:01,401 WARN  server.GrpcLogAppender (GrpcLogAppender.java:mayWait(143)) - GrpcLogAppender(cbf97dea-2830-4088-8803-65db8039c739->27c138d4-b7f8-49f6-9984-f82b7ebef8a8): Wait interrupted by java.lang.InterruptedException
2019-07-13 19:24:01,401 INFO  impl.PendingRequests (PendingRequests.java:sendNotLeaderResponses(202)) - cbf97dea-2830-4088-8803-65db8039c739-PendingRequests: sendNotLeaderResponses
2019-07-13 19:24:01,402 INFO  server.GrpcServerProtocolService (GrpcServerProtocolService.java:onCompleted(104)) - 27c138d4-b7f8-49f6-9984-f82b7ebef8a8: appendEntries completed
2019-07-13 19:24:01,402 INFO  server.GrpcServerProtocolService (GrpcServerProtocolService.java:onCompleted(104)) - 1978dc95-4d28-443c-916a-613efc6d37c9: appendEntries completed
2019-07-13 19:24:01,401 INFO  util.JmxRegister (JmxRegister.java:unregister(73)) - Successfully un-registered JMX Bean with object name Ratis:service=RaftServer,group=group-E40B0B258B34,id=9b70db6e-3b92-47df-b3e9-5c6dfc748ecf
2019-07-13 19:24:01,407 INFO  server.GrpcLogAppender (GrpcLogAppender.java:onCompleted(292)) - cbf97dea-2830-4088-8803-65db8039c739->1978dc95-4d28-443c-916a-613efc6d37c9: follower responses appendEntries COMPLETED
2019-07-13 19:24:01,407 INFO  server.GrpcLogAppender (GrpcLogAppender.java:onCompleted(292)) - cbf97dea-2830-4088-8803-65db8039c739->27c138d4-b7f8-49f6-9984-f82b7ebef8a8: follower responses appendEntries COMPLETED
2019-07-13 19:24:01,407 INFO  ratis.ContainerStateMachine (ContainerStateMachine.java:takeSnapshot(246)) - Taking snapshot at termIndex:(t:1, i:18)
2019-07-13 19:24:01,408 INFO  ratis.ContainerStateMachine (ContainerStateMachine.java:takeSnapshot(250)) - Taking a snapshot to file /tmp/workdir/hadoop-ozone/integration-test/target/test-dir/MiniOzoneClusterImpl-f32f9215-da2e-405c-a6ea-b120bba4df1b/datanode-4/data/ratis/1bf03224-f461-45aa-a792-5f3c293467f1/sm/snapshot.1_18
2019-07-13 19:24:01,407 INFO  impl.StateMachineUpdater (StateMachineUpdater.java:stopAndJoin(115)) - StateMachineUpdater:cbf97dea-2830-4088-8803-65db8039c739:group-5F3C293467F1: set stopIndex = 18
2019-07-13 19:24:01,408 INFO  impl.FollowerInfo (FollowerInfo.java:lambda$new$0(50)) - cbf97dea-2830-4088-8803-65db8039c739->27c138d4-b7f8-49f6-9984-f82b7ebef8a8: nextIndex: updateUnconditionally 19 -> 18
2019-07-13 19:24:01,408 INFO  impl.FollowerInfo (FollowerInfo.java:lambda$new$0(50)) - cbf97dea-2830-4088-8803-65db8039c739->1978dc95-4d28-443c-916a-613efc6d37c9: nextIndex: updateUnconditionally 19 -> 18
2019-07-13 19:24:01,407 INFO  impl.RoleInfo (RoleInfo.java:shutdownLeaderState(104)) - 9b70db6e-3b92-47df-b3e9-5c6dfc748ecf: shutdown LeaderState
2019-07-13 19:24:01,409 INFO  impl.StateMachineUpdater (StateMachineUpdater.java:takeSnapshot(242)) - StateMachineUpdater:cbf97dea-2830-4088-8803-65db8039c739:group-5F3C293467F1: Took a snapshot at index 18
2019-07-13 19:24:01,410 INFO  impl.PendingRequests (PendingRequests.java:sendNotLeaderResponses(202)) - 9b70db6e-3b92-47df-b3e9-5c6dfc748ecf-PendingRequests: sendNotLeaderResponses
2019-07-13 19:24:01,410 INFO  impl.StateMachineUpdater (StateMachineUpdater.java:lambda$new$0(80)) - StateMachineUpdater:cbf97dea-2830-4088-8803-65db8039c739:group-5F3C293467F1: snapshotIndex: updateIncreasingly -1 -> 18
2019-07-13 19:24:01,410 INFO  impl.StateMachineUpdater (StateMachineUpdater.java:stopAndJoin(115)) - StateMachineUpdater:9b70db6e-3b92-47df-b3e9-5c6dfc748ecf:group-E40B0B258B34: set stopIndex = 0
2019-07-13 19:24:01,411 INFO  impl.RaftServerImpl (ServerState.java:close(394)) - cbf97dea-2830-4088-8803-65db8039c739:group-5F3C293467F1 closes. The last applied log index is 18
2019-07-13 19:24:01,410 INFO  ratis.ContainerStateMachine (ContainerStateMachine.java:takeSnapshot(246)) - Taking snapshot at termIndex:(t:0, i:~)
2019-07-13 19:24:01,411 INFO  segmented.SegmentedRaftLogWorker (SegmentedRaftLogWorker.java:run(313)) - cbf97dea-2830-4088-8803-65db8039c739-SegmentedRaftLogWorker:Storage Directory /tmp/workdir/hadoop-ozone/integration-test/target/test-dir/MiniOzoneClusterImpl-f32f9215-da2e-405c-a6ea-b120bba4df1b/datanode-4/data/ratis/1bf03224-f461-45aa-a792-5f3c293467f1 was interrupted, exiting. There are 0 tasks remaining in the queue.
2019-07-13 19:24:01,411 INFO  impl.RaftServerImpl (ServerState.java:close(394)) - 9b70db6e-3b92-47df-b3e9-5c6dfc748ecf:group-E40B0B258B34 closes. The last applied log index is 0
2019-07-13 19:24:01,414 INFO  segmented.SegmentedRaftLogWorker (SegmentedRaftLogWorker.java:run(313)) - 9b70db6e-3b92-47df-b3e9-5c6dfc748ecf-SegmentedRaftLogWorker:Storage Directory /tmp/workdir/hadoop-ozone/integration-test/target/test-dir/MiniOzoneClusterImpl-f32f9215-da2e-405c-a6ea-b120bba4df1b/datanode-1/data/ratis/a57783e0-f97e-4429-9ffe-e40b0b258b34 was interrupted, exiting. There are 0 tasks remaining in the queue.
2019-07-13 19:24:01,421 INFO  segmented.SegmentedRaftLogWorker (SegmentedRaftLogWorker.java:close(228)) - cbf97dea-2830-4088-8803-65db8039c739-SegmentedRaftLogWorker:Storage Directory /tmp/workdir/hadoop-ozone/integration-test/target/test-dir/MiniOzoneClusterImpl-f32f9215-da2e-405c-a6ea-b120bba4df1b/datanode-4/data/ratis/1bf03224-f461-45aa-a792-5f3c293467f1 close()
2019-07-13 19:24:01,421 INFO  segmented.SegmentedRaftLogWorker (SegmentedRaftLogWorker.java:close(228)) - 9b70db6e-3b92-47df-b3e9-5c6dfc748ecf-SegmentedRaftLogWorker:Storage Directory /tmp/workdir/hadoop-ozone/integration-test/target/test-dir/MiniOzoneClusterImpl-f32f9215-da2e-405c-a6ea-b120bba4df1b/datanode-1/data/ratis/a57783e0-f97e-4429-9ffe-e40b0b258b34 close()
2019-07-13 19:24:01,426 INFO  impl.RaftServerImpl (RaftServerImpl.java:lambda$shutdown$3(245)) - cbf97dea-2830-4088-8803-65db8039c739: shutdown group-E28DF651FA31
2019-07-13 19:24:01,431 INFO  impl.RaftServerImpl (RaftServerImpl.java:lambda$shutdown$3(245)) - 9b70db6e-3b92-47df-b3e9-5c6dfc748ecf: shutdown group-260EC2E5638D
2019-07-13 19:24:01,431 INFO  util.JmxRegister (JmxRegister.java:unregister(73)) - Successfully un-registered JMX Bean with object name Ratis:service=RaftServer,group=group-E28DF651FA31,id=cbf97dea-2830-4088-8803-65db8039c739
2019-07-13 19:24:01,431 INFO  util.JmxRegister (JmxRegister.java:unregister(73)) - Successfully un-registered JMX Bean with object name Ratis:service=RaftServer,group=group-260EC2E5638D,id=9b70db6e-3b92-47df-b3e9-5c6dfc748ecf
2019-07-13 19:24:01,432 INFO  impl.RoleInfo (RoleInfo.java:shutdownLeaderState(104)) - cbf97dea-2830-4088-8803-65db8039c739: shutdown LeaderState
2019-07-13 19:24:01,432 INFO  impl.RoleInfo (RoleInfo.java:shutdownFollowerState(121)) - 9b70db6e-3b92-47df-b3e9-5c6dfc748ecf: shutdown FollowerState
2019-07-13 19:24:01,433 INFO  impl.PendingRequests (PendingRequests.java:sendNotLeaderResponses(202)) - cbf97dea-2830-4088-8803-65db8039c739-PendingRequests: sendNotLeaderResponses
2019-07-13 19:24:01,433 INFO  ratis.ContainerStateMachine (ContainerStateMachine.java:takeSnapshot(246)) - Taking snapshot at termIndex:(t:1, i:14)
2019-07-13 19:24:01,433 INFO  ratis.ContainerStateMachine (ContainerStateMachine.java:takeSnapshot(246)) - Taking snapshot at termIndex:(t:0, i:~)
2019-07-13 19:24:01,433 INFO  impl.FollowerState (FollowerState.java:run(114)) - 9b70db6e-3b92-47df-b3e9-5c6dfc748ecf: FollowerState was interrupted: java.lang.InterruptedException: sleep interrupted
2019-07-13 19:24:01,433 INFO  impl.StateMachineUpdater (StateMachineUpdater.java:stopAndJoin(115)) - StateMachineUpdater:9b70db6e-3b92-47df-b3e9-5c6dfc748ecf:group-260EC2E5638D: set stopIndex = 16
2019-07-13 19:24:01,433 INFO  ratis.ContainerStateMachine (ContainerStateMachine.java:takeSnapshot(250)) - Taking a snapshot to file /tmp/workdir/hadoop-ozone/integration-test/target/test-dir/MiniOzoneClusterImpl-f32f9215-da2e-405c-a6ea-b120bba4df1b/datanode-1/data/ratis/7f0b5c92-472e-499c-b3d8-260ec2e5638d/sm/snapshot.1_14
2019-07-13 19:24:01,433 INFO  impl.StateMachineUpdater (StateMachineUpdater.java:stopAndJoin(115)) - StateMachineUpdater:cbf97dea-2830-4088-8803-65db8039c739:group-E28DF651FA31: set stopIndex = 0
2019-07-13 19:24:01,436 INFO  impl.StateMachineUpdater (StateMachineUpdater.java:takeSnapshot(242)) - StateMachineUpdater:9b70db6e-3b92-47df-b3e9-5c6dfc748ecf:group-260EC2E5638D: Took a snapshot at index 14
2019-07-13 19:24:01,437 INFO  impl.RaftServerImpl (ServerState.java:close(394)) - cbf97dea-2830-4088-8803-65db8039c739:group-E28DF651FA31 closes. The last applied log index is 0
2019-07-13 19:24:01,437 INFO  impl.StateMachineUpdater (StateMachineUpdater.java:lambda$new$0(80)) - StateMachineUpdater:9b70db6e-3b92-47df-b3e9-5c6dfc748ecf:group-260EC2E5638D: snapshotIndex: updateIncreasingly -1 -> 14
2019-07-13 19:24:01,437 INFO  segmented.SegmentedRaftLogWorker (SegmentedRaftLogWorker.java:run(313)) - cbf97dea-2830-4088-8803-65db8039c739-SegmentedRaftLogWorker:Storage Directory /tmp/workdir/hadoop-ozone/integration-test/target/test-dir/MiniOzoneClusterImpl-f32f9215-da2e-405c-a6ea-b120bba4df1b/datanode-4/data/ratis/c572fda3-8c6f-48f4-8a8a-e28df651fa31 was interrupted, exiting. There are 0 tasks remaining in the queue.
2019-07-13 19:24:01,437 INFO  impl.RaftServerImpl (ServerState.java:close(394)) - 9b70db6e-3b92-47df-b3e9-5c6dfc748ecf:group-260EC2E5638D closes. The last applied log index is 16
2019-07-13 19:24:01,440 INFO  segmented.SegmentedRaftLogWorker (SegmentedRaftLogWorker.java:close(228)) - cbf97dea-2830-4088-8803-65db8039c739-SegmentedRaftLogWorker:Storage Directory /tmp/workdir/hadoop-ozone/integration-test/target/test-dir/MiniOzoneClusterImpl-f32f9215-da2e-405c-a6ea-b120bba4df1b/datanode-4/data/ratis/c572fda3-8c6f-48f4-8a8a-e28df651fa31 close()
2019-07-13 19:24:01,440 INFO  segmented.SegmentedRaftLogWorker (SegmentedRaftLogWorker.java:run(313)) - 9b70db6e-3b92-47df-b3e9-5c6dfc748ecf-SegmentedRaftLogWorker:Storage Directory /tmp/workdir/hadoop-ozone/integration-test/target/test-dir/MiniOzoneClusterImpl-f32f9215-da2e-405c-a6ea-b120bba4df1b/datanode-1/data/ratis/7f0b5c92-472e-499c-b3d8-260ec2e5638d was interrupted, exiting. There are 0 tasks remaining in the queue.
2019-07-13 19:24:01,445 INFO  server.GrpcService (GrpcService.java:closeImpl(155)) - cbf97dea-2830-4088-8803-65db8039c739: shutdown server with port 45624 now
2019-07-13 19:24:01,447 INFO  segmented.SegmentedRaftLogWorker (SegmentedRaftLogWorker.java:close(228)) - 9b70db6e-3b92-47df-b3e9-5c6dfc748ecf-SegmentedRaftLogWorker:Storage Directory /tmp/workdir/hadoop-ozone/integration-test/target/test-dir/MiniOzoneClusterImpl-f32f9215-da2e-405c-a6ea-b120bba4df1b/datanode-1/data/ratis/7f0b5c92-472e-499c-b3d8-260ec2e5638d close()
2019-07-13 19:24:01,452 INFO  server.GrpcService (GrpcService.java:closeImpl(155)) - 9b70db6e-3b92-47df-b3e9-5c6dfc748ecf: shutdown server with port 44174 now
2019-07-13 19:24:01,452 WARN  client.GrpcClientProtocolService (LogUtils.java:warn(134)) - 2-UnorderedRequestStreamObserver2: onError: org.apache.ratis.thirdparty.io.grpc.StatusRuntimeException: CANCELLED: cancelled before receiving half close
2019-07-13 19:24:01,452 INFO  server.GrpcService (GrpcService.java:closeImpl(163)) - cbf97dea-2830-4088-8803-65db8039c739: shutdown server with port 45624 successfully
2019-07-13 19:24:01,453 INFO  server.GrpcService (GrpcService.java:closeImpl(163)) - 9b70db6e-3b92-47df-b3e9-5c6dfc748ecf: shutdown server with port 44174 successfully
2019-07-13 19:24:01,453 WARN  server.GrpcServerProtocolService (LogUtils.java:warn(134)) - 9b70db6e-3b92-47df-b3e9-5c6dfc748ecf: appendEntries onError: org.apache.ratis.thirdparty.io.grpc.StatusRuntimeException: CANCELLED: cancelled before receiving half close
2019-07-13 19:24:01,453 WARN  server.GrpcLogAppender (LogUtils.java:warn(134)) - aac5a20c-afdd-48e6-b166-10de1dd2e40a->9b70db6e-3b92-47df-b3e9-5c6dfc748ecf: Failed appendEntries: org.apache.ratis.thirdparty.io.grpc.StatusRuntimeException: CANCELLED: HTTP/2 error code: CANCEL
Received Rst Stream
2019-07-13 19:24:01,454 INFO  impl.FollowerInfo (FollowerInfo.java:lambda$new$0(50)) - aac5a20c-afdd-48e6-b166-10de1dd2e40a->9b70db6e-3b92-47df-b3e9-5c6dfc748ecf: nextIndex: updateUnconditionally 17 -> 16
2019-07-13 19:24:01,454 INFO  utils.BackgroundService (BackgroundService.java:shutdown(148)) - Shutting down service BlockDeletingService
2019-07-13 19:24:01,455 INFO  utils.BackgroundService (BackgroundService.java:shutdown(148)) - Shutting down service BlockDeletingService
2019-07-13 19:24:01,456 WARN  fs.CachingGetSpaceUsed (CachingGetSpaceUsed.java:run(183)) - Thread Interrupted waiting to refresh disk information: sleep interrupted
2019-07-13 19:24:01,456 WARN  fs.CachingGetSpaceUsed (CachingGetSpaceUsed.java:run(183)) - Thread Interrupted waiting to refresh disk information: sleep interrupted
2019-07-13 19:24:01,477 INFO  statemachine.DatanodeStateMachine (DatanodeStateMachine.java:stopDaemon(395)) - Ozone container server stopped.
2019-07-13 19:24:01,483 INFO  statemachine.DatanodeStateMachine (DatanodeStateMachine.java:stopDaemon(395)) - Ozone container server stopped.
2019-07-13 19:24:01,489 INFO  handler.ContextHandler (ContextHandler.java:doStop(910)) - Stopped o.e.j.w.WebAppContext@c82f6bd{/,null,UNAVAILABLE}{/hddsDatanode}
2019-07-13 19:24:01,489 INFO  handler.ContextHandler (ContextHandler.java:doStop(910)) - Stopped o.e.j.w.WebAppContext@586be63c{/,null,UNAVAILABLE}{/hddsDatanode}
2019-07-13 19:24:01,490 INFO  server.AbstractConnector (AbstractConnector.java:doStop(318)) - Stopped ServerConnector@2e70d072{HTTP/1.1,[http/1.1]}{0.0.0.0:0}
2019-07-13 19:24:01,492 INFO  handler.ContextHandler (ContextHandler.java:doStop(910)) - Stopped o.e.j.s.ServletContextHandler@20de9df{/static,jar:file:/home/user/.m2/repository/org/apache/hadoop/hadoop-hdds-container-service/0.5.0-SNAPSHOT/hadoop-hdds-container-service-0.5.0-SNAPSHOT.jar!/webapps/static,UNAVAILABLE}
2019-07-13 19:24:01,492 INFO  server.AbstractConnector (AbstractConnector.java:doStop(318)) - Stopped ServerConnector@4d13b552{HTTP/1.1,[http/1.1]}{0.0.0.0:0}
2019-07-13 19:24:01,494 INFO  handler.ContextHandler (ContextHandler.java:doStop(910)) - Stopped o.e.j.s.ServletContextHandler@4a0b1701{/logs,file:///tmp/workdir/hadoop-ozone/integration-test/target/log,UNAVAILABLE}
2019-07-13 19:24:01,494 INFO  handler.ContextHandler (ContextHandler.java:doStop(910)) - Stopped o.e.j.s.ServletContextHandler@3e13a74{/static,jar:file:/home/user/.m2/repository/org/apache/hadoop/hadoop-hdds-container-service/0.5.0-SNAPSHOT/hadoop-hdds-container-service-0.5.0-SNAPSHOT.jar!/webapps/static,UNAVAILABLE}
2019-07-13 19:24:01,495 INFO  handler.ContextHandler (ContextHandler.java:doStop(910)) - Stopped o.e.j.s.ServletContextHandler@51cbd1d{/logs,file:///tmp/workdir/hadoop-ozone/integration-test/target/log,UNAVAILABLE}
2019-07-13 19:24:01,495 INFO  datanode.ObjectStoreHandler (ObjectStoreHandler.java:close(155)) - Closing ObjectStoreHandler.
2019-07-13 19:24:01,496 INFO  ozone.HddsDatanodeService (HddsDatanodeService.java:stop(452)) - Stopped plug-in org.apache.hadoop.ozone.web.OzoneHddsDatanodeService@330a6b76
2019-07-13 19:24:01,496 INFO  datanode.ObjectStoreHandler (ObjectStoreHandler.java:close(155)) - Closing ObjectStoreHandler.
2019-07-13 19:24:01,496 INFO  ozone.HddsDatanodeService (HddsDatanodeService.java:stop(452)) - Stopped plug-in org.apache.hadoop.ozone.web.OzoneHddsDatanodeService@2caf182e
2019-07-13 19:24:02,109 INFO  statemachine.DatanodeStateMachine (DatanodeStateMachine.java:lambda$startDaemon$0(350)) - Ozone container server started.
2019-07-13 19:24:02,475 INFO  statemachine.DatanodeStateMachine (DatanodeStateMachine.java:lambda$startDaemon$0(350)) - Ozone container server started.
2019-07-13 19:24:03,829 WARN  server.GrpcLogAppender (LogUtils.java:warn(134)) - aac5a20c-afdd-48e6-b166-10de1dd2e40a->9b70db6e-3b92-47df-b3e9-5c6dfc748ecf: Failed appendEntries: org.apache.ratis.thirdparty.io.grpc.StatusRuntimeException: UNAVAILABLE: io exception
2019-07-13 19:24:03,830 INFO  impl.FollowerInfo (FollowerInfo.java:lambda$new$0(50)) - aac5a20c-afdd-48e6-b166-10de1dd2e40a->9b70db6e-3b92-47df-b3e9-5c6dfc748ecf: nextIndex: updateUnconditionally 16 -> 15
2019-07-13 19:24:06,159 INFO  node.StaleNodeHandler (StaleNodeHandler.java:onMessage(58)) - Datanode aac5a20c-afdd-48e6-b166-10de1dd2e40a{ip: 192.168.69.122, host: trunk-nightly-fxqsz-774976932, networkLocation: /default-rack, certSerialId: null} moved to stale state. Finalizing its pipelines [PipelineID=d31d32e1-3890-46b6-82c2-6c2927cb243a, PipelineID=7f0b5c92-472e-499c-b3d8-260ec2e5638d]
2019-07-13 19:24:06,160 INFO  pipeline.SCMPipelineManager (SCMPipelineManager.java:finalizeAndDestroyPipeline(309)) - destroying pipeline:Pipeline[ Id: d31d32e1-3890-46b6-82c2-6c2927cb243a, Nodes: aac5a20c-afdd-48e6-b166-10de1dd2e40a{ip: 192.168.69.122, host: trunk-nightly-fxqsz-774976932, networkLocation: /default-rack, certSerialId: null}, Type:RATIS, Factor:ONE, State:OPEN]
2019-07-13 19:24:06,160 INFO  pipeline.PipelineStateManager (PipelineStateManager.java:finalizePipeline(123)) - Pipeline Pipeline[ Id: d31d32e1-3890-46b6-82c2-6c2927cb243a, Nodes: aac5a20c-afdd-48e6-b166-10de1dd2e40a{ip: 192.168.69.122, host: trunk-nightly-fxqsz-774976932, networkLocation: /default-rack, certSerialId: null}, Type:RATIS, Factor:ONE, State:CLOSED] moved to CLOSED state
2019-07-13 19:24:06,160 INFO  pipeline.SCMPipelineManager (SCMPipelineManager.java:finalizeAndDestroyPipeline(309)) - destroying pipeline:Pipeline[ Id: 7f0b5c92-472e-499c-b3d8-260ec2e5638d, Nodes: aac5a20c-afdd-48e6-b166-10de1dd2e40a{ip: 192.168.69.122, host: trunk-nightly-fxqsz-774976932, networkLocation: /default-rack, certSerialId: null}9b70db6e-3b92-47df-b3e9-5c6dfc748ecf{ip: 192.168.69.122, host: trunk-nightly-fxqsz-774976932, networkLocation: /default-rack, certSerialId: null}4f660045-096b-44e3-abb1-718e2f71488a{ip: 192.168.69.122, host: trunk-nightly-fxqsz-774976932, networkLocation: /default-rack, certSerialId: null}, Type:RATIS, Factor:THREE, State:CLOSED]
2019-07-13 19:24:06,329 WARN  server.GrpcLogAppender (LogUtils.java:warn(134)) - aac5a20c-afdd-48e6-b166-10de1dd2e40a->9b70db6e-3b92-47df-b3e9-5c6dfc748ecf: Failed appendEntries: org.apache.ratis.thirdparty.io.grpc.StatusRuntimeException: UNAVAILABLE: io exception
2019-07-13 19:24:06,330 INFO  impl.FollowerInfo (FollowerInfo.java:lambda$new$0(50)) - aac5a20c-afdd-48e6-b166-10de1dd2e40a->9b70db6e-3b92-47df-b3e9-5c6dfc748ecf: nextIndex: updateUnconditionally 15 -> 14
2019-07-13 19:24:06,496 INFO  ozoneimpl.OzoneContainer (OzoneContainer.java:stop(199)) - Attempting to stop container services.
2019-07-13 19:24:06,497 INFO  impl.RaftServerProxy (RaftServerProxy.java:lambda$close$4(314)) - aac5a20c-afdd-48e6-b166-10de1dd2e40a: close
2019-07-13 19:24:06,497 INFO  ozoneimpl.OzoneContainer (OzoneContainer.java:stop(199)) - Attempting to stop container services.
2019-07-13 19:24:06,497 INFO  impl.RaftServerImpl (RaftServerImpl.java:lambda$shutdown$3(245)) - aac5a20c-afdd-48e6-b166-10de1dd2e40a: shutdown group-6C2927CB243A
2019-07-13 19:24:06,498 INFO  impl.RaftServerProxy (RaftServerProxy.java:lambda$close$4(314)) - 1978dc95-4d28-443c-916a-613efc6d37c9: close
2019-07-13 19:24:06,498 INFO  util.JmxRegister (JmxRegister.java:unregister(73)) - Successfully un-registered JMX Bean with object name Ratis:service=RaftServer,group=group-6C2927CB243A,id=aac5a20c-afdd-48e6-b166-10de1dd2e40a
2019-07-13 19:24:06,498 INFO  impl.RaftServerImpl (RaftServerImpl.java:lambda$shutdown$3(245)) - 1978dc95-4d28-443c-916a-613efc6d37c9: shutdown group-6DF6DCF06298
2019-07-13 19:24:06,498 INFO  impl.RoleInfo (RoleInfo.java:shutdownLeaderState(104)) - aac5a20c-afdd-48e6-b166-10de1dd2e40a: shutdown LeaderState
2019-07-13 19:24:06,499 INFO  util.JmxRegister (JmxRegister.java:unregister(73)) - Successfully un-registered JMX Bean with object name Ratis:service=RaftServer,group=group-6DF6DCF06298,id=1978dc95-4d28-443c-916a-613efc6d37c9
2019-07-13 19:24:06,499 INFO  impl.PendingRequests (PendingRequests.java:sendNotLeaderResponses(202)) - aac5a20c-afdd-48e6-b166-10de1dd2e40a-PendingRequests: sendNotLeaderResponses
2019-07-13 19:24:06,499 INFO  impl.RoleInfo (RoleInfo.java:shutdownLeaderState(104)) - 1978dc95-4d28-443c-916a-613efc6d37c9: shutdown LeaderState
2019-07-13 19:24:06,500 INFO  ratis.ContainerStateMachine (ContainerStateMachine.java:takeSnapshot(246)) - Taking snapshot at termIndex:(t:0, i:~)
2019-07-13 19:24:06,500 INFO  impl.StateMachineUpdater (StateMachineUpdater.java:stopAndJoin(115)) - StateMachineUpdater:aac5a20c-afdd-48e6-b166-10de1dd2e40a:group-6C2927CB243A: set stopIndex = 0
2019-07-13 19:24:06,500 INFO  impl.PendingRequests (PendingRequests.java:sendNotLeaderResponses(202)) - 1978dc95-4d28-443c-916a-613efc6d37c9-PendingRequests: sendNotLeaderResponses
2019-07-13 19:24:06,501 INFO  impl.RaftServerImpl (ServerState.java:close(394)) - aac5a20c-afdd-48e6-b166-10de1dd2e40a:group-6C2927CB243A closes. The last applied log index is 0
2019-07-13 19:24:06,501 INFO  ratis.ContainerStateMachine (ContainerStateMachine.java:takeSnapshot(246)) - Taking snapshot at termIndex:(t:0, i:~)
2019-07-13 19:24:06,501 INFO  impl.StateMachineUpdater (StateMachineUpdater.java:stopAndJoin(115)) - StateMachineUpdater:1978dc95-4d28-443c-916a-613efc6d37c9:group-6DF6DCF06298: set stopIndex = 0
2019-07-13 19:24:06,502 INFO  segmented.SegmentedRaftLogWorker (SegmentedRaftLogWorker.java:run(313)) - aac5a20c-afdd-48e6-b166-10de1dd2e40a-SegmentedRaftLogWorker:Storage Directory /tmp/workdir/hadoop-ozone/integration-test/target/test-dir/MiniOzoneClusterImpl-f32f9215-da2e-405c-a6ea-b120bba4df1b/datanode-2/data/ratis/d31d32e1-3890-46b6-82c2-6c2927cb243a was interrupted, exiting. There are 0 tasks remaining in the queue.
2019-07-13 19:24:06,502 INFO  impl.RaftServerImpl (ServerState.java:close(394)) - 1978dc95-4d28-443c-916a-613efc6d37c9:group-6DF6DCF06298 closes. The last applied log index is 0
2019-07-13 19:24:06,506 INFO  segmented.SegmentedRaftLogWorker (SegmentedRaftLogWorker.java:run(313)) - 1978dc95-4d28-443c-916a-613efc6d37c9-SegmentedRaftLogWorker:Storage Directory /tmp/workdir/hadoop-ozone/integration-test/target/test-dir/MiniOzoneClusterImpl-f32f9215-da2e-405c-a6ea-b120bba4df1b/datanode-3/data/ratis/1d284292-13bf-4a2e-8906-6df6dcf06298 was interrupted, exiting. There are 0 tasks remaining in the queue.
2019-07-13 19:24:06,517 INFO  segmented.SegmentedRaftLogWorker (SegmentedRaftLogWorker.java:close(228)) - aac5a20c-afdd-48e6-b166-10de1dd2e40a-SegmentedRaftLogWorker:Storage Directory /tmp/workdir/hadoop-ozone/integration-test/target/test-dir/MiniOzoneClusterImpl-f32f9215-da2e-405c-a6ea-b120bba4df1b/datanode-2/data/ratis/d31d32e1-3890-46b6-82c2-6c2927cb243a close()
2019-07-13 19:24:06,517 INFO  segmented.SegmentedRaftLogWorker (SegmentedRaftLogWorker.java:close(228)) - 1978dc95-4d28-443c-916a-613efc6d37c9-SegmentedRaftLogWorker:Storage Directory /tmp/workdir/hadoop-ozone/integration-test/target/test-dir/MiniOzoneClusterImpl-f32f9215-da2e-405c-a6ea-b120bba4df1b/datanode-3/data/ratis/1d284292-13bf-4a2e-8906-6df6dcf06298 close()
2019-07-13 19:24:06,519 INFO  impl.RaftServerImpl (RaftServerImpl.java:lambda$shutdown$3(245)) - aac5a20c-afdd-48e6-b166-10de1dd2e40a: shutdown group-260EC2E5638D
2019-07-13 19:24:06,522 INFO  impl.RaftServerImpl (RaftServerImpl.java:lambda$shutdown$3(245)) - 1978dc95-4d28-443c-916a-613efc6d37c9: shutdown group-5F3C293467F1
2019-07-13 19:24:06,522 INFO  util.JmxRegister (JmxRegister.java:unregister(73)) - Successfully un-registered JMX Bean with object name Ratis:service=RaftServer,group=group-260EC2E5638D,id=aac5a20c-afdd-48e6-b166-10de1dd2e40a
2019-07-13 19:24:06,522 INFO  util.JmxRegister (JmxRegister.java:unregister(73)) - Successfully un-registered JMX Bean with object name Ratis:service=RaftServer,group=group-5F3C293467F1,id=1978dc95-4d28-443c-916a-613efc6d37c9
2019-07-13 19:24:06,522 INFO  impl.RoleInfo (RoleInfo.java:shutdownLeaderState(104)) - aac5a20c-afdd-48e6-b166-10de1dd2e40a: shutdown LeaderState
2019-07-13 19:24:06,523 INFO  impl.RoleInfo (RoleInfo.java:shutdownFollowerState(121)) - 1978dc95-4d28-443c-916a-613efc6d37c9: shutdown FollowerState
2019-07-13 19:24:06,527 WARN  server.GrpcLogAppender (GrpcLogAppender.java:mayWait(143)) - GrpcLogAppender(aac5a20c-afdd-48e6-b166-10de1dd2e40a->4f660045-096b-44e3-abb1-718e2f71488a): Wait interrupted by java.lang.InterruptedException
2019-07-13 19:24:06,528 INFO  impl.FollowerState (FollowerState.java:run(114)) - 1978dc95-4d28-443c-916a-613efc6d37c9: FollowerState was interrupted: java.lang.InterruptedException: sleep interrupted
2019-07-13 19:24:06,527 WARN  server.GrpcLogAppender (GrpcLogAppender.java:mayWait(143)) - GrpcLogAppender(aac5a20c-afdd-48e6-b166-10de1dd2e40a->9b70db6e-3b92-47df-b3e9-5c6dfc748ecf): Wait interrupted by java.lang.InterruptedException
2019-07-13 19:24:06,527 INFO  impl.PendingRequests (PendingRequests.java:sendNotLeaderResponses(202)) - aac5a20c-afdd-48e6-b166-10de1dd2e40a-PendingRequests: sendNotLeaderResponses
2019-07-13 19:24:06,530 INFO  server.GrpcServerProtocolService (GrpcServerProtocolService.java:onCompleted(104)) - 4f660045-096b-44e3-abb1-718e2f71488a: appendEntries completed
2019-07-13 19:24:06,528 INFO  ratis.ContainerStateMachine (ContainerStateMachine.java:takeSnapshot(246)) - Taking snapshot at termIndex:(t:1, i:17)
2019-07-13 19:24:06,534 INFO  ratis.ContainerStateMachine (ContainerStateMachine.java:takeSnapshot(250)) - Taking a snapshot to file /tmp/workdir/hadoop-ozone/integration-test/target/test-dir/MiniOzoneClusterImpl-f32f9215-da2e-405c-a6ea-b120bba4df1b/datanode-3/data/ratis/1bf03224-f461-45aa-a792-5f3c293467f1/sm/snapshot.1_17
2019-07-13 19:24:06,527 INFO  impl.StateMachineUpdater (StateMachineUpdater.java:stopAndJoin(115)) - StateMachineUpdater:1978dc95-4d28-443c-916a-613efc6d37c9:group-5F3C293467F1: set stopIndex = 18
2019-07-13 19:24:06,535 INFO  impl.StateMachineUpdater (StateMachineUpdater.java:takeSnapshot(242)) - StateMachineUpdater:1978dc95-4d28-443c-916a-613efc6d37c9:group-5F3C293467F1: Took a snapshot at index 17
2019-07-13 19:24:06,535 INFO  impl.StateMachineUpdater (StateMachineUpdater.java:lambda$new$0(80)) - StateMachineUpdater:1978dc95-4d28-443c-916a-613efc6d37c9:group-5F3C293467F1: snapshotIndex: updateIncreasingly -1 -> 17
2019-07-13 19:24:06,534 INFO  server.GrpcLogAppender (GrpcLogAppender.java:onCompleted(292)) - aac5a20c-afdd-48e6-b166-10de1dd2e40a->4f660045-096b-44e3-abb1-718e2f71488a: follower responses appendEntries COMPLETED
2019-07-13 19:24:06,534 INFO  ratis.ContainerStateMachine (ContainerStateMachine.java:takeSnapshot(246)) - Taking snapshot at termIndex:(t:1, i:14)
2019-07-13 19:24:06,534 INFO  impl.StateMachineUpdater (StateMachineUpdater.java:stopAndJoin(115)) - StateMachineUpdater:aac5a20c-afdd-48e6-b166-10de1dd2e40a:group-260EC2E5638D: set stopIndex = 16
2019-07-13 19:24:06,536 INFO  ratis.ContainerStateMachine (ContainerStateMachine.java:takeSnapshot(250)) - Taking a snapshot to file /tmp/workdir/hadoop-ozone/integration-test/target/test-dir/MiniOzoneClusterImpl-f32f9215-da2e-405c-a6ea-b120bba4df1b/datanode-2/data/ratis/7f0b5c92-472e-499c-b3d8-260ec2e5638d/sm/snapshot.1_14
2019-07-13 19:24:06,535 INFO  impl.FollowerInfo (FollowerInfo.java:lambda$new$0(50)) - aac5a20c-afdd-48e6-b166-10de1dd2e40a->4f660045-096b-44e3-abb1-718e2f71488a: nextIndex: updateUnconditionally 17 -> 16
2019-07-13 19:24:06,535 INFO  impl.RaftServerImpl (ServerState.java:close(394)) - 1978dc95-4d28-443c-916a-613efc6d37c9:group-5F3C293467F1 closes. The last applied log index is 18
2019-07-13 19:24:06,536 INFO  impl.StateMachineUpdater (StateMachineUpdater.java:takeSnapshot(242)) - StateMachineUpdater:aac5a20c-afdd-48e6-b166-10de1dd2e40a:group-260EC2E5638D: Took a snapshot at index 14
2019-07-13 19:24:06,537 INFO  impl.StateMachineUpdater (StateMachineUpdater.java:lambda$new$0(80)) - StateMachineUpdater:aac5a20c-afdd-48e6-b166-10de1dd2e40a:group-260EC2E5638D: snapshotIndex: updateIncreasingly -1 -> 14
2019-07-13 19:24:06,537 INFO  segmented.SegmentedRaftLogWorker (SegmentedRaftLogWorker.java:run(313)) - 1978dc95-4d28-443c-916a-613efc6d37c9-SegmentedRaftLogWorker:Storage Directory /tmp/workdir/hadoop-ozone/integration-test/target/test-dir/MiniOzoneClusterImpl-f32f9215-da2e-405c-a6ea-b120bba4df1b/datanode-3/data/ratis/1bf03224-f461-45aa-a792-5f3c293467f1 was interrupted, exiting. There are 0 tasks remaining in the queue.
2019-07-13 19:24:06,537 INFO  impl.RaftServerImpl (ServerState.java:close(394)) - aac5a20c-afdd-48e6-b166-10de1dd2e40a:group-260EC2E5638D closes. The last applied log index is 16
2019-07-13 19:24:06,537 INFO  segmented.SegmentedRaftLogWorker (SegmentedRaftLogWorker.java:close(228)) - 1978dc95-4d28-443c-916a-613efc6d37c9-SegmentedRaftLogWorker:Storage Directory /tmp/workdir/hadoop-ozone/integration-test/target/test-dir/MiniOzoneClusterImpl-f32f9215-da2e-405c-a6ea-b120bba4df1b/datanode-3/data/ratis/1bf03224-f461-45aa-a792-5f3c293467f1 close()
2019-07-13 19:24:06,538 INFO  segmented.SegmentedRaftLogWorker (SegmentedRaftLogWorker.java:run(313)) - aac5a20c-afdd-48e6-b166-10de1dd2e40a-SegmentedRaftLogWorker:Storage Directory /tmp/workdir/hadoop-ozone/integration-test/target/test-dir/MiniOzoneClusterImpl-f32f9215-da2e-405c-a6ea-b120bba4df1b/datanode-2/data/ratis/7f0b5c92-472e-499c-b3d8-260ec2e5638d was interrupted, exiting. There are 0 tasks remaining in the queue.
2019-07-13 19:24:06,540 INFO  server.GrpcService (GrpcService.java:closeImpl(155)) - 1978dc95-4d28-443c-916a-613efc6d37c9: shutdown server with port 37009 now
2019-07-13 19:24:06,540 INFO  segmented.SegmentedRaftLogWorker (SegmentedRaftLogWorker.java:close(228)) - aac5a20c-afdd-48e6-b166-10de1dd2e40a-SegmentedRaftLogWorker:Storage Directory /tmp/workdir/hadoop-ozone/integration-test/target/test-dir/MiniOzoneClusterImpl-f32f9215-da2e-405c-a6ea-b120bba4df1b/datanode-2/data/ratis/7f0b5c92-472e-499c-b3d8-260ec2e5638d close()
2019-07-13 19:24:06,541 INFO  server.GrpcService (GrpcService.java:closeImpl(163)) - 1978dc95-4d28-443c-916a-613efc6d37c9: shutdown server with port 37009 successfully
2019-07-13 19:24:06,543 INFO  server.GrpcService (GrpcService.java:closeImpl(155)) - aac5a20c-afdd-48e6-b166-10de1dd2e40a: shutdown server with port 38285 now
2019-07-13 19:24:06,544 WARN  client.GrpcClientProtocolService (LogUtils.java:warn(134)) - 1-UnorderedRequestStreamObserver1: onError: org.apache.ratis.thirdparty.io.grpc.StatusRuntimeException: CANCELLED: cancelled before receiving half close
2019-07-13 19:24:06,544 INFO  server.GrpcService (GrpcService.java:closeImpl(163)) - aac5a20c-afdd-48e6-b166-10de1dd2e40a: shutdown server with port 38285 successfully
2019-07-13 19:24:06,544 INFO  utils.BackgroundService (BackgroundService.java:shutdown(148)) - Shutting down service BlockDeletingService
2019-07-13 19:24:06,546 INFO  utils.BackgroundService (BackgroundService.java:shutdown(148)) - Shutting down service BlockDeletingService
2019-07-13 19:24:06,548 WARN  fs.CachingGetSpaceUsed (CachingGetSpaceUsed.java:run(183)) - Thread Interrupted waiting to refresh disk information: sleep interrupted
2019-07-13 19:24:06,722 INFO  node.StaleNodeHandler (StaleNodeHandler.java:onMessage(58)) - Datanode 1978dc95-4d28-443c-916a-613efc6d37c9{ip: 192.168.69.122, host: trunk-nightly-fxqsz-774976932, networkLocation: /default-rack, certSerialId: null} moved to stale state. Finalizing its pipelines [PipelineID=1d284292-13bf-4a2e-8906-6df6dcf06298, PipelineID=1bf03224-f461-45aa-a792-5f3c293467f1]
2019-07-13 19:24:06,722 INFO  pipeline.SCMPipelineManager (SCMPipelineManager.java:finalizeAndDestroyPipeline(309)) - destroying pipeline:Pipeline[ Id: 1d284292-13bf-4a2e-8906-6df6dcf06298, Nodes: 1978dc95-4d28-443c-916a-613efc6d37c9{ip: 192.168.69.122, host: trunk-nightly-fxqsz-774976932, networkLocation: /default-rack, certSerialId: null}, Type:RATIS, Factor:ONE, State:OPEN]
2019-07-13 19:24:06,722 INFO  pipeline.PipelineStateManager (PipelineStateManager.java:finalizePipeline(123)) - Pipeline Pipeline[ Id: 1d284292-13bf-4a2e-8906-6df6dcf06298, Nodes: 1978dc95-4d28-443c-916a-613efc6d37c9{ip: 192.168.69.122, host: trunk-nightly-fxqsz-774976932, networkLocation: /default-rack, certSerialId: null}, Type:RATIS, Factor:ONE, State:CLOSED] moved to CLOSED state
2019-07-13 19:24:06,722 INFO  pipeline.SCMPipelineManager (SCMPipelineManager.java:finalizeAndDestroyPipeline(309)) - destroying pipeline:Pipeline[ Id: 1bf03224-f461-45aa-a792-5f3c293467f1, Nodes: 27c138d4-b7f8-49f6-9984-f82b7ebef8a8{ip: 192.168.69.122, host: trunk-nightly-fxqsz-774976932, networkLocation: /default-rack, certSerialId: null}cbf97dea-2830-4088-8803-65db8039c739{ip: 192.168.69.122, host: trunk-nightly-fxqsz-774976932, networkLocation: /default-rack, certSerialId: null}1978dc95-4d28-443c-916a-613efc6d37c9{ip: 192.168.69.122, host: trunk-nightly-fxqsz-774976932, networkLocation: /default-rack, certSerialId: null}, Type:RATIS, Factor:THREE, State:CLOSED]
2019-07-13 19:24:06,725 WARN  fs.CachingGetSpaceUsed (CachingGetSpaceUsed.java:run(183)) - Thread Interrupted waiting to refresh disk information: sleep interrupted
2019-07-13 19:24:06,745 INFO  statemachine.DatanodeStateMachine (DatanodeStateMachine.java:stopDaemon(395)) - Ozone container server stopped.
2019-07-13 19:24:06,757 INFO  handler.ContextHandler (ContextHandler.java:doStop(910)) - Stopped o.e.j.w.WebAppContext@136dc728{/,null,UNAVAILABLE}{/hddsDatanode}
2019-07-13 19:24:06,761 INFO  server.AbstractConnector (AbstractConnector.java:doStop(318)) - Stopped ServerConnector@47bc4445{HTTP/1.1,[http/1.1]}{0.0.0.0:0}
2019-07-13 19:24:06,763 INFO  handler.ContextHandler (ContextHandler.java:doStop(910)) - Stopped o.e.j.s.ServletContextHandler@32a37d12{/static,jar:file:/home/user/.m2/repository/org/apache/hadoop/hadoop-hdds-container-service/0.5.0-SNAPSHOT/hadoop-hdds-container-service-0.5.0-SNAPSHOT.jar!/webapps/static,UNAVAILABLE}
2019-07-13 19:24:06,765 INFO  handler.ContextHandler (ContextHandler.java:doStop(910)) - Stopped o.e.j.s.ServletContextHandler@13653a0b{/logs,file:///tmp/workdir/hadoop-ozone/integration-test/target/log,UNAVAILABLE}
2019-07-13 19:24:06,765 INFO  datanode.ObjectStoreHandler (ObjectStoreHandler.java:close(155)) - Closing ObjectStoreHandler.
2019-07-13 19:24:06,766 INFO  ozone.HddsDatanodeService (HddsDatanodeService.java:stop(452)) - Stopped plug-in org.apache.hadoop.ozone.web.OzoneHddsDatanodeService@5d6e77a4
2019-07-13 19:24:06,777 INFO  statemachine.DatanodeStateMachine (DatanodeStateMachine.java:stopDaemon(395)) - Ozone container server stopped.
2019-07-13 19:24:06,778 INFO  handler.ContextHandler (ContextHandler.java:doStop(910)) - Stopped o.e.j.w.WebAppContext@171a6fd1{/,null,UNAVAILABLE}{/hddsDatanode}
2019-07-13 19:24:06,779 INFO  server.AbstractConnector (AbstractConnector.java:doStop(318)) - Stopped ServerConnector@a929b6{HTTP/1.1,[http/1.1]}{0.0.0.0:0}
2019-07-13 19:24:06,779 INFO  handler.ContextHandler (ContextHandler.java:doStop(910)) - Stopped o.e.j.s.ServletContextHandler@5cdf6bb1{/static,jar:file:/home/user/.m2/repository/org/apache/hadoop/hadoop-hdds-container-service/0.5.0-SNAPSHOT/hadoop-hdds-container-service-0.5.0-SNAPSHOT.jar!/webapps/static,UNAVAILABLE}
2019-07-13 19:24:06,780 INFO  handler.ContextHandler (ContextHandler.java:doStop(910)) - Stopped o.e.j.s.ServletContextHandler@4cf5db07{/logs,file:///tmp/workdir/hadoop-ozone/integration-test/target/log,UNAVAILABLE}
2019-07-13 19:24:06,780 INFO  datanode.ObjectStoreHandler (ObjectStoreHandler.java:close(155)) - Closing ObjectStoreHandler.
2019-07-13 19:24:06,781 INFO  ozone.HddsDatanodeService (HddsDatanodeService.java:stop(452)) - Stopped plug-in org.apache.hadoop.ozone.web.OzoneHddsDatanodeService@6074f8f9
2019-07-13 19:24:06,900 INFO  statemachine.DatanodeStateMachine (DatanodeStateMachine.java:lambda$startDaemon$0(350)) - Ozone container server started.
2019-07-13 19:24:07,116 INFO  statemachine.DatanodeStateMachine (DatanodeStateMachine.java:lambda$startDaemon$0(350)) - Ozone container server started.
2019-07-13 19:24:09,019 INFO  impl.FollowerState (FollowerState.java:run(106)) - 27c138d4-b7f8-49f6-9984-f82b7ebef8a8:group-5F3C293467F1 changes to CANDIDATE, lastRpcTime:8570, electionTimeout:5020ms
2019-07-13 19:24:09,019 INFO  impl.RoleInfo (RoleInfo.java:shutdownFollowerState(121)) - 27c138d4-b7f8-49f6-9984-f82b7ebef8a8: shutdown FollowerState
2019-07-13 19:24:09,020 INFO  impl.RaftServerImpl (RaftServerImpl.java:setRole(171)) - 27c138d4-b7f8-49f6-9984-f82b7ebef8a8:group-5F3C293467F1 changes role from FOLLOWER to CANDIDATE at term 1 for changeToCandidate
2019-07-13 19:24:09,020 INFO  impl.RoleInfo (RoleInfo.java:updateAndGet(143)) - 27c138d4-b7f8-49f6-9984-f82b7ebef8a8: start LeaderElection
2019-07-13 19:24:09,022 INFO  impl.RaftServerImpl (ServerState.java:setLeader(263)) - 27c138d4-b7f8-49f6-9984-f82b7ebef8a8:group-5F3C293467F1 change Leader from cbf97dea-2830-4088-8803-65db8039c739 to null at term 1 for initElection
2019-07-13 19:24:09,037 INFO  impl.LeaderElection (LeaderElection.java:askForVotes(181)) - 27c138d4-b7f8-49f6-9984-f82b7ebef8a8:group-5F3C293467F1:LeaderElection89: begin an election at term 2 for 0: [1978dc95-4d28-443c-916a-613efc6d37c9:192.168.69.122:37009, 27c138d4-b7f8-49f6-9984-f82b7ebef8a8:192.168.69.122:35751, cbf97dea-2830-4088-8803-65db8039c739:192.168.69.122:45624], old=null
2019-07-13 19:24:09,043 INFO  impl.LeaderElection (LogUtils.java:infoOrTrace(149)) - 27c138d4-b7f8-49f6-9984-f82b7ebef8a8:group-5F3C293467F1:LeaderElection89 got exception when requesting votes: {}
java.util.concurrent.ExecutionException: org.apache.ratis.thirdparty.io.grpc.StatusRuntimeException: UNAVAILABLE: io exception
	at java.util.concurrent.FutureTask.report(FutureTask.java:122)
	at java.util.concurrent.FutureTask.get(FutureTask.java:192)
	at org.apache.ratis.server.impl.LeaderElection.waitForResults(LeaderElection.java:262)
	at org.apache.ratis.server.impl.LeaderElection.askForVotes(LeaderElection.java:200)
	at org.apache.ratis.server.impl.LeaderElection.run(LeaderElection.java:130)
	at java.lang.Thread.run(Thread.java:748)
Caused by: org.apache.ratis.thirdparty.io.grpc.StatusRuntimeException: UNAVAILABLE: io exception
	at org.apache.ratis.thirdparty.io.grpc.stub.ClientCalls.toStatusRuntimeException(ClientCalls.java:233)
	at org.apache.ratis.thirdparty.io.grpc.stub.ClientCalls.getUnchecked(ClientCalls.java:214)
	at org.apache.ratis.thirdparty.io.grpc.stub.ClientCalls.blockingUnaryCall(ClientCalls.java:139)
	at org.apache.ratis.proto.grpc.RaftServerProtocolServiceGrpc$RaftServerProtocolServiceBlockingStub.requestVote(RaftServerProtocolServiceGrpc.java:265)
	at org.apache.ratis.grpc.server.GrpcServerProtocolClient.requestVote(GrpcServerProtocolClient.java:83)
	at org.apache.ratis.grpc.server.GrpcService.requestVote(GrpcService.java:195)
	at org.apache.ratis.server.impl.LeaderElection.lambda$submitRequests$1(LeaderElection.java:237)
	at java.util.concurrent.FutureTask.run(FutureTask.java:266)
	at java.util.concurrent.Executors$RunnableAdapter.call(Executors.java:511)
	at java.util.concurrent.FutureTask.run(FutureTask.java:266)
	at java.util.concurrent.ThreadPoolExecutor.runWorker(ThreadPoolExecutor.java:1149)
	at java.util.concurrent.ThreadPoolExecutor$Worker.run(ThreadPoolExecutor.java:624)
	... 1 more
Caused by: org.apache.ratis.thirdparty.io.netty.channel.AbstractChannel$AnnotatedConnectException: Connection refused: /192.168.69.122:45624
	at sun.nio.ch.SocketChannelImpl.checkConnect(Native Method)
	at sun.nio.ch.SocketChannelImpl.finishConnect(SocketChannelImpl.java:717)
	at org.apache.ratis.thirdparty.io.netty.channel.socket.nio.NioSocketChannel.doFinishConnect(NioSocketChannel.java:327)
	at org.apache.ratis.thirdparty.io.netty.channel.nio.AbstractNioChannel$AbstractNioUnsafe.finishConnect(AbstractNioChannel.java:340)
	at org.apache.ratis.thirdparty.io.netty.channel.nio.NioEventLoop.processSelectedKey(NioEventLoop.java:632)
	at org.apache.ratis.thirdparty.io.netty.channel.nio.NioEventLoop.processSelectedKeysOptimized(NioEventLoop.java:579)
	at org.apache.ratis.thirdparty.io.netty.channel.nio.NioEventLoop.processSelectedKeys(NioEventLoop.java:496)
	at org.apache.ratis.thirdparty.io.netty.channel.nio.NioEventLoop.run(NioEventLoop.java:458)
	at org.apache.ratis.thirdparty.io.netty.util.concurrent.SingleThreadEventExecutor$5.run(SingleThreadEventExecutor.java:897)
	at org.apache.ratis.thirdparty.io.netty.util.concurrent.FastThreadLocalRunnable.run(FastThreadLocalRunnable.java:30)
	... 1 more
Caused by: java.net.ConnectException: Connection refused
	... 11 more
2019-07-13 19:24:09,045 INFO  impl.LeaderElection (LogUtils.java:infoOrTrace(149)) - 27c138d4-b7f8-49f6-9984-f82b7ebef8a8:group-5F3C293467F1:LeaderElection89 got exception when requesting votes: {}
java.util.concurrent.ExecutionException: org.apache.ratis.thirdparty.io.grpc.StatusRuntimeException: UNAVAILABLE: io exception
	at java.util.concurrent.FutureTask.report(FutureTask.java:122)
	at java.util.concurrent.FutureTask.get(FutureTask.java:192)
	at org.apache.ratis.server.impl.LeaderElection.waitForResults(LeaderElection.java:262)
	at org.apache.ratis.server.impl.LeaderElection.askForVotes(LeaderElection.java:200)
	at org.apache.ratis.server.impl.LeaderElection.run(LeaderElection.java:130)
	at java.lang.Thread.run(Thread.java:748)
Caused by: org.apache.ratis.thirdparty.io.grpc.StatusRuntimeException: UNAVAILABLE: io exception
	at org.apache.ratis.thirdparty.io.grpc.stub.ClientCalls.toStatusRuntimeException(ClientCalls.java:233)
	at org.apache.ratis.thirdparty.io.grpc.stub.ClientCalls.getUnchecked(ClientCalls.java:214)
	at org.apache.ratis.thirdparty.io.grpc.stub.ClientCalls.blockingUnaryCall(ClientCalls.java:139)
	at org.apache.ratis.proto.grpc.RaftServerProtocolServiceGrpc$RaftServerProtocolServiceBlockingStub.requestVote(RaftServerProtocolServiceGrpc.java:265)
	at org.apache.ratis.grpc.server.GrpcServerProtocolClient.requestVote(GrpcServerProtocolClient.java:83)
	at org.apache.ratis.grpc.server.GrpcService.requestVote(GrpcService.java:195)
	at org.apache.ratis.server.impl.LeaderElection.lambda$submitRequests$1(LeaderElection.java:237)
	at java.util.concurrent.FutureTask.run(FutureTask.java:266)
	at java.util.concurrent.Executors$RunnableAdapter.call(Executors.java:511)
	at java.util.concurrent.FutureTask.run(FutureTask.java:266)
	at java.util.concurrent.ThreadPoolExecutor.runWorker(ThreadPoolExecutor.java:1149)
	at java.util.concurrent.ThreadPoolExecutor$Worker.run(ThreadPoolExecutor.java:624)
	... 1 more
Caused by: org.apache.ratis.thirdparty.io.netty.channel.AbstractChannel$AnnotatedConnectException: Connection refused: /192.168.69.122:37009
	at sun.nio.ch.SocketChannelImpl.checkConnect(Native Method)
	at sun.nio.ch.SocketChannelImpl.finishConnect(SocketChannelImpl.java:717)
	at org.apache.ratis.thirdparty.io.netty.channel.socket.nio.NioSocketChannel.doFinishConnect(NioSocketChannel.java:327)
	at org.apache.ratis.thirdparty.io.netty.channel.nio.AbstractNioChannel$AbstractNioUnsafe.finishConnect(AbstractNioChannel.java:340)
	at org.apache.ratis.thirdparty.io.netty.channel.nio.NioEventLoop.processSelectedKey(NioEventLoop.java:632)
	at org.apache.ratis.thirdparty.io.netty.channel.nio.NioEventLoop.processSelectedKeysOptimized(NioEventLoop.java:579)
	at org.apache.ratis.thirdparty.io.netty.channel.nio.NioEventLoop.processSelectedKeys(NioEventLoop.java:496)
	at org.apache.ratis.thirdparty.io.netty.channel.nio.NioEventLoop.run(NioEventLoop.java:458)
	at org.apache.ratis.thirdparty.io.netty.util.concurrent.SingleThreadEventExecutor$5.run(SingleThreadEventExecutor.java:897)
	at org.apache.ratis.thirdparty.io.netty.util.concurrent.FastThreadLocalRunnable.run(FastThreadLocalRunnable.java:30)
	... 1 more
Caused by: java.net.ConnectException: Connection refused
	... 11 more
2019-07-13 19:24:09,047 INFO  impl.LeaderElection (LeaderElection.java:logAndReturn(56)) - 27c138d4-b7f8-49f6-9984-f82b7ebef8a8:group-5F3C293467F1:LeaderElection89: Election REJECTED; received 0 response(s) [] and 2 exception(s); 27c138d4-b7f8-49f6-9984-f82b7ebef8a8:t2, leader=null, voted=27c138d4-b7f8-49f6-9984-f82b7ebef8a8, raftlog=27c138d4-b7f8-49f6-9984-f82b7ebef8a8-SegmentedRaftLog:OPENED:c18,f18,i18, conf=0: [1978dc95-4d28-443c-916a-613efc6d37c9:192.168.69.122:37009, 27c138d4-b7f8-49f6-9984-f82b7ebef8a8:192.168.69.122:35751, cbf97dea-2830-4088-8803-65db8039c739:192.168.69.122:45624], old=null
2019-07-13 19:24:09,047 INFO  impl.LeaderElection (LogUtils.java:infoOrTrace(149)) -   Exception 0: {}
java.util.concurrent.ExecutionException: org.apache.ratis.thirdparty.io.grpc.StatusRuntimeException: UNAVAILABLE: io exception
	at java.util.concurrent.FutureTask.report(FutureTask.java:122)
	at java.util.concurrent.FutureTask.get(FutureTask.java:192)
	at org.apache.ratis.server.impl.LeaderElection.waitForResults(LeaderElection.java:262)
	at org.apache.ratis.server.impl.LeaderElection.askForVotes(LeaderElection.java:200)
	at org.apache.ratis.server.impl.LeaderElection.run(LeaderElection.java:130)
	at java.lang.Thread.run(Thread.java:748)
Caused by: org.apache.ratis.thirdparty.io.grpc.StatusRuntimeException: UNAVAILABLE: io exception
	at org.apache.ratis.thirdparty.io.grpc.stub.ClientCalls.toStatusRuntimeException(ClientCalls.java:233)
	at org.apache.ratis.thirdparty.io.grpc.stub.ClientCalls.getUnchecked(ClientCalls.java:214)
	at org.apache.ratis.thirdparty.io.grpc.stub.ClientCalls.blockingUnaryCall(ClientCalls.java:139)
	at org.apache.ratis.proto.grpc.RaftServerProtocolServiceGrpc$RaftServerProtocolServiceBlockingStub.requestVote(RaftServerProtocolServiceGrpc.java:265)
	at org.apache.ratis.grpc.server.GrpcServerProtocolClient.requestVote(GrpcServerProtocolClient.java:83)
	at org.apache.ratis.grpc.server.GrpcService.requestVote(GrpcService.java:195)
	at org.apache.ratis.server.impl.LeaderElection.lambda$submitRequests$1(LeaderElection.java:237)
	at java.util.concurrent.FutureTask.run(FutureTask.java:266)
	at java.util.concurrent.Executors$RunnableAdapter.call(Executors.java:511)
	at java.util.concurrent.FutureTask.run(FutureTask.java:266)
	at java.util.concurrent.ThreadPoolExecutor.runWorker(ThreadPoolExecutor.java:1149)
	at java.util.concurrent.ThreadPoolExecutor$Worker.run(ThreadPoolExecutor.java:624)
	... 1 more
Caused by: org.apache.ratis.thirdparty.io.netty.channel.AbstractChannel$AnnotatedConnectException: Connection refused: /192.168.69.122:45624
	at sun.nio.ch.SocketChannelImpl.checkConnect(Native Method)
	at sun.nio.ch.SocketChannelImpl.finishConnect(SocketChannelImpl.java:717)
	at org.apache.ratis.thirdparty.io.netty.channel.socket.nio.NioSocketChannel.doFinishConnect(NioSocketChannel.java:327)
	at org.apache.ratis.thirdparty.io.netty.channel.nio.AbstractNioChannel$AbstractNioUnsafe.finishConnect(AbstractNioChannel.java:340)
	at org.apache.ratis.thirdparty.io.netty.channel.nio.NioEventLoop.processSelectedKey(NioEventLoop.java:632)
	at org.apache.ratis.thirdparty.io.netty.channel.nio.NioEventLoop.processSelectedKeysOptimized(NioEventLoop.java:579)
	at org.apache.ratis.thirdparty.io.netty.channel.nio.NioEventLoop.processSelectedKeys(NioEventLoop.java:496)
	at org.apache.ratis.thirdparty.io.netty.channel.nio.NioEventLoop.run(NioEventLoop.java:458)
	at org.apache.ratis.thirdparty.io.netty.util.concurrent.SingleThreadEventExecutor$5.run(SingleThreadEventExecutor.java:897)
	at org.apache.ratis.thirdparty.io.netty.util.concurrent.FastThreadLocalRunnable.run(FastThreadLocalRunnable.java:30)
	... 1 more
Caused by: java.net.ConnectException: Connection refused
	... 11 more
2019-07-13 19:24:09,048 INFO  impl.LeaderElection (LogUtils.java:infoOrTrace(149)) -   Exception 1: {}
java.util.concurrent.ExecutionException: org.apache.ratis.thirdparty.io.grpc.StatusRuntimeException: UNAVAILABLE: io exception
	at java.util.concurrent.FutureTask.report(FutureTask.java:122)
	at java.util.concurrent.FutureTask.get(FutureTask.java:192)
	at org.apache.ratis.server.impl.LeaderElection.waitForResults(LeaderElection.java:262)
	at org.apache.ratis.server.impl.LeaderElection.askForVotes(LeaderElection.java:200)
	at org.apache.ratis.server.impl.LeaderElection.run(LeaderElection.java:130)
	at java.lang.Thread.run(Thread.java:748)
Caused by: org.apache.ratis.thirdparty.io.grpc.StatusRuntimeException: UNAVAILABLE: io exception
	at org.apache.ratis.thirdparty.io.grpc.stub.ClientCalls.toStatusRuntimeException(ClientCalls.java:233)
	at org.apache.ratis.thirdparty.io.grpc.stub.ClientCalls.getUnchecked(ClientCalls.java:214)
	at org.apache.ratis.thirdparty.io.grpc.stub.ClientCalls.blockingUnaryCall(ClientCalls.java:139)
	at org.apache.ratis.proto.grpc.RaftServerProtocolServiceGrpc$RaftServerProtocolServiceBlockingStub.requestVote(RaftServerProtocolServiceGrpc.java:265)
	at org.apache.ratis.grpc.server.GrpcServerProtocolClient.requestVote(GrpcServerProtocolClient.java:83)
	at org.apache.ratis.grpc.server.GrpcService.requestVote(GrpcService.java:195)
	at org.apache.ratis.server.impl.LeaderElection.lambda$submitRequests$1(LeaderElection.java:237)
	at java.util.concurrent.FutureTask.run(FutureTask.java:266)
	at java.util.concurrent.Executors$RunnableAdapter.call(Executors.java:511)
	at java.util.concurrent.FutureTask.run(FutureTask.java:266)
	at java.util.concurrent.ThreadPoolExecutor.runWorker(ThreadPoolExecutor.java:1149)
	at java.util.concurrent.ThreadPoolExecutor$Worker.run(ThreadPoolExecutor.java:624)
	... 1 more
Caused by: org.apache.ratis.thirdparty.io.netty.channel.AbstractChannel$AnnotatedConnectException: Connection refused: /192.168.69.122:37009
	at sun.nio.ch.SocketChannelImpl.checkConnect(Native Method)
	at sun.nio.ch.SocketChannelImpl.finishConnect(SocketChannelImpl.java:717)
	at org.apache.ratis.thirdparty.io.netty.channel.socket.nio.NioSocketChannel.doFinishConnect(NioSocketChannel.java:327)
	at org.apache.ratis.thirdparty.io.netty.channel.nio.AbstractNioChannel$AbstractNioUnsafe.finishConnect(AbstractNioChannel.java:340)
	at org.apache.ratis.thirdparty.io.netty.channel.nio.NioEventLoop.processSelectedKey(NioEventLoop.java:632)
	at org.apache.ratis.thirdparty.io.netty.channel.nio.NioEventLoop.processSelectedKeysOptimized(NioEventLoop.java:579)
	at org.apache.ratis.thirdparty.io.netty.channel.nio.NioEventLoop.processSelectedKeys(NioEventLoop.java:496)
	at org.apache.ratis.thirdparty.io.netty.channel.nio.NioEventLoop.run(NioEventLoop.java:458)
	at org.apache.ratis.thirdparty.io.netty.util.concurrent.SingleThreadEventExecutor$5.run(SingleThreadEventExecutor.java:897)
	at org.apache.ratis.thirdparty.io.netty.util.concurrent.FastThreadLocalRunnable.run(FastThreadLocalRunnable.java:30)
	... 1 more
Caused by: java.net.ConnectException: Connection refused
	... 11 more
2019-07-13 19:24:09,048 INFO  impl.RaftServerImpl (RaftServerImpl.java:setRole(171)) - 27c138d4-b7f8-49f6-9984-f82b7ebef8a8:group-5F3C293467F1 changes role from CANDIDATE to FOLLOWER at term 2 for DISCOVERED_A_NEW_TERM
2019-07-13 19:24:09,048 INFO  impl.RoleInfo (RoleInfo.java:shutdownLeaderElection(134)) - 27c138d4-b7f8-49f6-9984-f82b7ebef8a8: shutdown LeaderElection
2019-07-13 19:24:09,048 INFO  impl.RoleInfo (RoleInfo.java:updateAndGet(143)) - 27c138d4-b7f8-49f6-9984-f82b7ebef8a8: start FollowerState
2019-07-13 19:24:10,926 INFO  node.StaleNodeHandler (StaleNodeHandler.java:onMessage(58)) - Datanode c74533c3-a60a-4bf1-8b3c-8c12f10c773e{ip: 192.168.69.122, host: trunk-nightly-fxqsz-774976932, networkLocation: /default-rack, certSerialId: null} moved to stale state. Finalizing its pipelines [PipelineID=8818222d-7496-43b0-922f-5e1fef4140a2]
2019-07-13 19:24:10,926 INFO  pipeline.SCMPipelineManager (SCMPipelineManager.java:finalizeAndDestroyPipeline(309)) - destroying pipeline:Pipeline[ Id: 8818222d-7496-43b0-922f-5e1fef4140a2, Nodes: c74533c3-a60a-4bf1-8b3c-8c12f10c773e{ip: 192.168.69.122, host: trunk-nightly-fxqsz-774976932, networkLocation: /default-rack, certSerialId: null}, Type:RATIS, Factor:ONE, State:OPEN]
2019-07-13 19:24:10,927 INFO  pipeline.PipelineStateManager (PipelineStateManager.java:finalizePipeline(123)) - Pipeline Pipeline[ Id: 8818222d-7496-43b0-922f-5e1fef4140a2, Nodes: c74533c3-a60a-4bf1-8b3c-8c12f10c773e{ip: 192.168.69.122, host: trunk-nightly-fxqsz-774976932, networkLocation: /default-rack, certSerialId: null}, Type:RATIS, Factor:ONE, State:CLOSED] moved to CLOSED state
2019-07-13 19:24:11,126 INFO  node.StaleNodeHandler (StaleNodeHandler.java:onMessage(58)) - Datanode 4f660045-096b-44e3-abb1-718e2f71488a{ip: 192.168.69.122, host: trunk-nightly-fxqsz-774976932, networkLocation: /default-rack, certSerialId: null} moved to stale state. Finalizing its pipelines [PipelineID=7f0b5c92-472e-499c-b3d8-260ec2e5638d, PipelineID=c1553f1b-ca5f-44c0-a3b5-a2e14df2a751]
2019-07-13 19:24:11,127 INFO  pipeline.SCMPipelineManager (SCMPipelineManager.java:finalizeAndDestroyPipeline(309)) - destroying pipeline:Pipeline[ Id: 7f0b5c92-472e-499c-b3d8-260ec2e5638d, Nodes: aac5a20c-afdd-48e6-b166-10de1dd2e40a{ip: 192.168.69.122, host: trunk-nightly-fxqsz-774976932, networkLocation: /default-rack, certSerialId: null}9b70db6e-3b92-47df-b3e9-5c6dfc748ecf{ip: 192.168.69.122, host: trunk-nightly-fxqsz-774976932, networkLocation: /default-rack, certSerialId: null}4f660045-096b-44e3-abb1-718e2f71488a{ip: 192.168.69.122, host: trunk-nightly-fxqsz-774976932, networkLocation: /default-rack, certSerialId: null}, Type:RATIS, Factor:THREE, State:CLOSED]
2019-07-13 19:24:11,127 INFO  pipeline.SCMPipelineManager (SCMPipelineManager.java:finalizeAndDestroyPipeline(309)) - destroying pipeline:Pipeline[ Id: c1553f1b-ca5f-44c0-a3b5-a2e14df2a751, Nodes: 4f660045-096b-44e3-abb1-718e2f71488a{ip: 192.168.69.122, host: trunk-nightly-fxqsz-774976932, networkLocation: /default-rack, certSerialId: null}, Type:RATIS, Factor:ONE, State:OPEN]
2019-07-13 19:24:11,127 INFO  pipeline.PipelineStateManager (PipelineStateManager.java:finalizePipeline(123)) - Pipeline Pipeline[ Id: c1553f1b-ca5f-44c0-a3b5-a2e14df2a751, Nodes: 4f660045-096b-44e3-abb1-718e2f71488a{ip: 192.168.69.122, host: trunk-nightly-fxqsz-774976932, networkLocation: /default-rack, certSerialId: null}, Type:RATIS, Factor:ONE, State:CLOSED] moved to CLOSED state
2019-07-13 19:24:11,767 INFO  ozoneimpl.OzoneContainer (OzoneContainer.java:stop(199)) - Attempting to stop container services.
2019-07-13 19:24:11,767 INFO  impl.RaftServerProxy (RaftServerProxy.java:lambda$close$4(314)) - 4f660045-096b-44e3-abb1-718e2f71488a: close
2019-07-13 19:24:11,767 INFO  impl.RaftServerImpl (RaftServerImpl.java:lambda$shutdown$3(245)) - 4f660045-096b-44e3-abb1-718e2f71488a: shutdown group-260EC2E5638D
2019-07-13 19:24:11,768 INFO  util.JmxRegister (JmxRegister.java:unregister(73)) - Successfully un-registered JMX Bean with object name Ratis:service=RaftServer,group=group-260EC2E5638D,id=4f660045-096b-44e3-abb1-718e2f71488a
2019-07-13 19:24:11,768 INFO  impl.RoleInfo (RoleInfo.java:shutdownFollowerState(121)) - 4f660045-096b-44e3-abb1-718e2f71488a: shutdown FollowerState
2019-07-13 19:24:11,768 INFO  impl.StateMachineUpdater (StateMachineUpdater.java:stopAndJoin(115)) - StateMachineUpdater:4f660045-096b-44e3-abb1-718e2f71488a:group-260EC2E5638D: set stopIndex = 16
2019-07-13 19:24:11,768 INFO  impl.FollowerState (FollowerState.java:run(114)) - 4f660045-096b-44e3-abb1-718e2f71488a: FollowerState was interrupted: java.lang.InterruptedException: sleep interrupted
2019-07-13 19:24:11,768 INFO  ratis.ContainerStateMachine (ContainerStateMachine.java:takeSnapshot(246)) - Taking snapshot at termIndex:(t:1, i:14)
2019-07-13 19:24:11,771 INFO  ratis.ContainerStateMachine (ContainerStateMachine.java:takeSnapshot(250)) - Taking a snapshot to file /tmp/workdir/hadoop-ozone/integration-test/target/test-dir/MiniOzoneClusterImpl-f32f9215-da2e-405c-a6ea-b120bba4df1b/datanode-0/data/ratis/7f0b5c92-472e-499c-b3d8-260ec2e5638d/sm/snapshot.1_14
2019-07-13 19:24:11,772 INFO  impl.StateMachineUpdater (StateMachineUpdater.java:takeSnapshot(242)) - StateMachineUpdater:4f660045-096b-44e3-abb1-718e2f71488a:group-260EC2E5638D: Took a snapshot at index 14
2019-07-13 19:24:11,772 INFO  impl.StateMachineUpdater (StateMachineUpdater.java:lambda$new$0(80)) - StateMachineUpdater:4f660045-096b-44e3-abb1-718e2f71488a:group-260EC2E5638D: snapshotIndex: updateIncreasingly -1 -> 14
2019-07-13 19:24:11,772 INFO  impl.RaftServerImpl (ServerState.java:close(394)) - 4f660045-096b-44e3-abb1-718e2f71488a:group-260EC2E5638D closes. The last applied log index is 16
2019-07-13 19:24:11,773 INFO  segmented.SegmentedRaftLogWorker (SegmentedRaftLogWorker.java:run(313)) - 4f660045-096b-44e3-abb1-718e2f71488a-SegmentedRaftLogWorker:Storage Directory /tmp/workdir/hadoop-ozone/integration-test/target/test-dir/MiniOzoneClusterImpl-f32f9215-da2e-405c-a6ea-b120bba4df1b/datanode-0/data/ratis/7f0b5c92-472e-499c-b3d8-260ec2e5638d was interrupted, exiting. There are 0 tasks remaining in the queue.
2019-07-13 19:24:11,773 INFO  segmented.SegmentedRaftLogWorker (SegmentedRaftLogWorker.java:close(228)) - 4f660045-096b-44e3-abb1-718e2f71488a-SegmentedRaftLogWorker:Storage Directory /tmp/workdir/hadoop-ozone/integration-test/target/test-dir/MiniOzoneClusterImpl-f32f9215-da2e-405c-a6ea-b120bba4df1b/datanode-0/data/ratis/7f0b5c92-472e-499c-b3d8-260ec2e5638d close()
2019-07-13 19:24:11,775 INFO  impl.RaftServerImpl (RaftServerImpl.java:lambda$shutdown$3(245)) - 4f660045-096b-44e3-abb1-718e2f71488a: shutdown group-A2E14DF2A751
2019-07-13 19:24:11,775 INFO  util.JmxRegister (JmxRegister.java:unregister(73)) - Successfully un-registered JMX Bean with object name Ratis:service=RaftServer,group=group-A2E14DF2A751,id=4f660045-096b-44e3-abb1-718e2f71488a
2019-07-13 19:24:11,775 INFO  impl.RoleInfo (RoleInfo.java:shutdownLeaderState(104)) - 4f660045-096b-44e3-abb1-718e2f71488a: shutdown LeaderState
2019-07-13 19:24:11,776 INFO  impl.PendingRequests (PendingRequests.java:sendNotLeaderResponses(202)) - 4f660045-096b-44e3-abb1-718e2f71488a-PendingRequests: sendNotLeaderResponses
2019-07-13 19:24:11,776 INFO  impl.StateMachineUpdater (StateMachineUpdater.java:stopAndJoin(115)) - StateMachineUpdater:4f660045-096b-44e3-abb1-718e2f71488a:group-A2E14DF2A751: set stopIndex = 0
2019-07-13 19:24:11,776 INFO  ratis.ContainerStateMachine (ContainerStateMachine.java:takeSnapshot(246)) - Taking snapshot at termIndex:(t:0, i:~)
2019-07-13 19:24:11,777 INFO  impl.RaftServerImpl (ServerState.java:close(394)) - 4f660045-096b-44e3-abb1-718e2f71488a:group-A2E14DF2A751 closes. The last applied log index is 0
2019-07-13 19:24:11,777 INFO  segmented.SegmentedRaftLogWorker (SegmentedRaftLogWorker.java:run(313)) - 4f660045-096b-44e3-abb1-718e2f71488a-SegmentedRaftLogWorker:Storage Directory /tmp/workdir/hadoop-ozone/integration-test/target/test-dir/MiniOzoneClusterImpl-f32f9215-da2e-405c-a6ea-b120bba4df1b/datanode-0/data/ratis/c1553f1b-ca5f-44c0-a3b5-a2e14df2a751 was interrupted, exiting. There are 0 tasks remaining in the queue.
2019-07-13 19:24:11,777 INFO  segmented.SegmentedRaftLogWorker (SegmentedRaftLogWorker.java:close(228)) - 4f660045-096b-44e3-abb1-718e2f71488a-SegmentedRaftLogWorker:Storage Directory /tmp/workdir/hadoop-ozone/integration-test/target/test-dir/MiniOzoneClusterImpl-f32f9215-da2e-405c-a6ea-b120bba4df1b/datanode-0/data/ratis/c1553f1b-ca5f-44c0-a3b5-a2e14df2a751 close()
2019-07-13 19:24:11,779 INFO  server.GrpcService (GrpcService.java:closeImpl(155)) - 4f660045-096b-44e3-abb1-718e2f71488a: shutdown server with port 42499 now
2019-07-13 19:24:11,780 INFO  server.GrpcService (GrpcService.java:closeImpl(163)) - 4f660045-096b-44e3-abb1-718e2f71488a: shutdown server with port 42499 successfully
2019-07-13 19:24:11,781 INFO  ozoneimpl.OzoneContainer (OzoneContainer.java:stop(199)) - Attempting to stop container services.
2019-07-13 19:24:11,782 INFO  impl.RaftServerProxy (RaftServerProxy.java:lambda$close$4(314)) - c74533c3-a60a-4bf1-8b3c-8c12f10c773e: close
2019-07-13 19:24:11,783 INFO  impl.RaftServerImpl (RaftServerImpl.java:lambda$shutdown$3(245)) - c74533c3-a60a-4bf1-8b3c-8c12f10c773e: shutdown group-5E1FEF4140A2
2019-07-13 19:24:11,783 INFO  utils.BackgroundService (BackgroundService.java:shutdown(148)) - Shutting down service BlockDeletingService
2019-07-13 19:24:11,783 INFO  util.JmxRegister (JmxRegister.java:unregister(73)) - Successfully un-registered JMX Bean with object name Ratis:service=RaftServer,group=group-5E1FEF4140A2,id=c74533c3-a60a-4bf1-8b3c-8c12f10c773e
2019-07-13 19:24:11,784 INFO  impl.RoleInfo (RoleInfo.java:shutdownLeaderState(104)) - c74533c3-a60a-4bf1-8b3c-8c12f10c773e: shutdown LeaderState
2019-07-13 19:24:11,784 INFO  impl.PendingRequests (PendingRequests.java:sendNotLeaderResponses(202)) - c74533c3-a60a-4bf1-8b3c-8c12f10c773e-PendingRequests: sendNotLeaderResponses
2019-07-13 19:24:11,785 INFO  impl.StateMachineUpdater (StateMachineUpdater.java:stopAndJoin(115)) - StateMachineUpdater:c74533c3-a60a-4bf1-8b3c-8c12f10c773e:group-5E1FEF4140A2: set stopIndex = 0
2019-07-13 19:24:11,785 INFO  ratis.ContainerStateMachine (ContainerStateMachine.java:takeSnapshot(246)) - Taking snapshot at termIndex:(t:0, i:~)
2019-07-13 19:24:11,785 WARN  fs.CachingGetSpaceUsed (CachingGetSpaceUsed.java:run(183)) - Thread Interrupted waiting to refresh disk information: sleep interrupted
2019-07-13 19:24:11,786 INFO  impl.RaftServerImpl (ServerState.java:close(394)) - c74533c3-a60a-4bf1-8b3c-8c12f10c773e:group-5E1FEF4140A2 closes. The last applied log index is 0
2019-07-13 19:24:11,786 INFO  segmented.SegmentedRaftLogWorker (SegmentedRaftLogWorker.java:run(313)) - c74533c3-a60a-4bf1-8b3c-8c12f10c773e-SegmentedRaftLogWorker:Storage Directory /tmp/workdir/hadoop-ozone/integration-test/target/test-dir/MiniOzoneClusterImpl-f32f9215-da2e-405c-a6ea-b120bba4df1b/datanode-6/data/ratis/8818222d-7496-43b0-922f-5e1fef4140a2 was interrupted, exiting. There are 0 tasks remaining in the queue.
2019-07-13 19:24:11,787 INFO  segmented.SegmentedRaftLogWorker (SegmentedRaftLogWorker.java:close(228)) - c74533c3-a60a-4bf1-8b3c-8c12f10c773e-SegmentedRaftLogWorker:Storage Directory /tmp/workdir/hadoop-ozone/integration-test/target/test-dir/MiniOzoneClusterImpl-f32f9215-da2e-405c-a6ea-b120bba4df1b/datanode-6/data/ratis/8818222d-7496-43b0-922f-5e1fef4140a2 close()
2019-07-13 19:24:11,789 INFO  server.GrpcService (GrpcService.java:closeImpl(155)) - c74533c3-a60a-4bf1-8b3c-8c12f10c773e: shutdown server with port 34177 now
2019-07-13 19:24:11,791 INFO  server.GrpcService (GrpcService.java:closeImpl(163)) - c74533c3-a60a-4bf1-8b3c-8c12f10c773e: shutdown server with port 34177 successfully
2019-07-13 19:24:11,792 INFO  utils.BackgroundService (BackgroundService.java:shutdown(148)) - Shutting down service BlockDeletingService
2019-07-13 19:24:11,797 WARN  fs.CachingGetSpaceUsed (CachingGetSpaceUsed.java:run(183)) - Thread Interrupted waiting to refresh disk information: sleep interrupted
2019-07-13 19:24:11,810 INFO  statemachine.DatanodeStateMachine (DatanodeStateMachine.java:stopDaemon(395)) - Ozone container server stopped.
2019-07-13 19:24:11,812 INFO  handler.ContextHandler (ContextHandler.java:doStop(910)) - Stopped o.e.j.w.WebAppContext@211ffbd0{/,null,UNAVAILABLE}{/hddsDatanode}
2019-07-13 19:24:11,813 INFO  server.AbstractConnector (AbstractConnector.java:doStop(318)) - Stopped ServerConnector@472d201{HTTP/1.1,[http/1.1]}{0.0.0.0:0}
2019-07-13 19:24:11,814 INFO  handler.ContextHandler (ContextHandler.java:doStop(910)) - Stopped o.e.j.s.ServletContextHandler@626967a0{/static,jar:file:/home/user/.m2/repository/org/apache/hadoop/hadoop-hdds-container-service/0.5.0-SNAPSHOT/hadoop-hdds-container-service-0.5.0-SNAPSHOT.jar!/webapps/static,UNAVAILABLE}
2019-07-13 19:24:11,816 INFO  handler.ContextHandler (ContextHandler.java:doStop(910)) - Stopped o.e.j.s.ServletContextHandler@3bad0efd{/logs,file:///tmp/workdir/hadoop-ozone/integration-test/target/log,UNAVAILABLE}
2019-07-13 19:24:11,817 INFO  datanode.ObjectStoreHandler (ObjectStoreHandler.java:close(155)) - Closing ObjectStoreHandler.
2019-07-13 19:24:11,817 INFO  ozone.HddsDatanodeService (HddsDatanodeService.java:stop(452)) - Stopped plug-in org.apache.hadoop.ozone.web.OzoneHddsDatanodeService@4ea4e0f3
2019-07-13 19:24:11,821 INFO  statemachine.DatanodeStateMachine (DatanodeStateMachine.java:stopDaemon(395)) - Ozone container server stopped.
2019-07-13 19:24:11,822 INFO  handler.ContextHandler (ContextHandler.java:doStop(910)) - Stopped o.e.j.w.WebAppContext@29514616{/,null,UNAVAILABLE}{/hddsDatanode}
2019-07-13 19:24:11,823 INFO  server.AbstractConnector (AbstractConnector.java:doStop(318)) - Stopped ServerConnector@38ce90b4{HTTP/1.1,[http/1.1]}{0.0.0.0:0}
2019-07-13 19:24:11,823 INFO  handler.ContextHandler (ContextHandler.java:doStop(910)) - Stopped o.e.j.s.ServletContextHandler@6537dc79{/static,jar:file:/home/user/.m2/repository/org/apache/hadoop/hadoop-hdds-container-service/0.5.0-SNAPSHOT/hadoop-hdds-container-service-0.5.0-SNAPSHOT.jar!/webapps/static,UNAVAILABLE}
2019-07-13 19:24:11,824 INFO  handler.ContextHandler (ContextHandler.java:doStop(910)) - Stopped o.e.j.s.ServletContextHandler@21ec723c{/logs,file:///tmp/workdir/hadoop-ozone/integration-test/target/log,UNAVAILABLE}
2019-07-13 19:24:12,481 INFO  statemachine.DatanodeStateMachine (DatanodeStateMachine.java:lambda$startDaemon$0(350)) - Ozone container server started.
2019-07-13 19:24:14,205 INFO  impl.FollowerState (FollowerState.java:run(106)) - 27c138d4-b7f8-49f6-9984-f82b7ebef8a8:group-5F3C293467F1 changes to CANDIDATE, lastRpcTime:5156, electionTimeout:5156ms
2019-07-13 19:24:14,205 INFO  impl.RoleInfo (RoleInfo.java:shutdownFollowerState(121)) - 27c138d4-b7f8-49f6-9984-f82b7ebef8a8: shutdown FollowerState
2019-07-13 19:24:14,205 INFO  impl.RaftServerImpl (RaftServerImpl.java:setRole(171)) - 27c138d4-b7f8-49f6-9984-f82b7ebef8a8:group-5F3C293467F1 changes role from FOLLOWER to CANDIDATE at term 2 for changeToCandidate
2019-07-13 19:24:14,205 INFO  impl.RoleInfo (RoleInfo.java:updateAndGet(143)) - 27c138d4-b7f8-49f6-9984-f82b7ebef8a8: start LeaderElection
2019-07-13 19:24:14,212 INFO  impl.LeaderElection (LeaderElection.java:askForVotes(181)) - 27c138d4-b7f8-49f6-9984-f82b7ebef8a8:group-5F3C293467F1:LeaderElection90: begin an election at term 3 for 0: [1978dc95-4d28-443c-916a-613efc6d37c9:192.168.69.122:37009, 27c138d4-b7f8-49f6-9984-f82b7ebef8a8:192.168.69.122:35751, cbf97dea-2830-4088-8803-65db8039c739:192.168.69.122:45624], old=null
2019-07-13 19:24:14,213 INFO  impl.LeaderElection (LogUtils.java:infoOrTrace(149)) - 27c138d4-b7f8-49f6-9984-f82b7ebef8a8:group-5F3C293467F1:LeaderElection90 got exception when requesting votes: {}
java.util.concurrent.ExecutionException: org.apache.ratis.thirdparty.io.grpc.StatusRuntimeException: UNAVAILABLE: io exception
	at java.util.concurrent.FutureTask.report(FutureTask.java:122)
	at java.util.concurrent.FutureTask.get(FutureTask.java:192)
	at org.apache.ratis.server.impl.LeaderElection.waitForResults(LeaderElection.java:262)
	at org.apache.ratis.server.impl.LeaderElection.askForVotes(LeaderElection.java:200)
	at org.apache.ratis.server.impl.LeaderElection.run(LeaderElection.java:130)
	at java.lang.Thread.run(Thread.java:748)
Caused by: org.apache.ratis.thirdparty.io.grpc.StatusRuntimeException: UNAVAILABLE: io exception
	at org.apache.ratis.thirdparty.io.grpc.stub.ClientCalls.toStatusRuntimeException(ClientCalls.java:233)
	at org.apache.ratis.thirdparty.io.grpc.stub.ClientCalls.getUnchecked(ClientCalls.java:214)
	at org.apache.ratis.thirdparty.io.grpc.stub.ClientCalls.blockingUnaryCall(ClientCalls.java:139)
	at org.apache.ratis.proto.grpc.RaftServerProtocolServiceGrpc$RaftServerProtocolServiceBlockingStub.requestVote(RaftServerProtocolServiceGrpc.java:265)
	at org.apache.ratis.grpc.server.GrpcServerProtocolClient.requestVote(GrpcServerProtocolClient.java:83)
	at org.apache.ratis.grpc.server.GrpcService.requestVote(GrpcService.java:195)
	at org.apache.ratis.server.impl.LeaderElection.lambda$submitRequests$1(LeaderElection.java:237)
	at java.util.concurrent.FutureTask.run(FutureTask.java:266)
	at java.util.concurrent.Executors$RunnableAdapter.call(Executors.java:511)
	at java.util.concurrent.FutureTask.run(FutureTask.java:266)
	at java.util.concurrent.ThreadPoolExecutor.runWorker(ThreadPoolExecutor.java:1149)
	at java.util.concurrent.ThreadPoolExecutor$Worker.run(ThreadPoolExecutor.java:624)
	... 1 more
Caused by: org.apache.ratis.thirdparty.io.netty.channel.AbstractChannel$AnnotatedConnectException: Connection refused: /192.168.69.122:37009
	at sun.nio.ch.SocketChannelImpl.checkConnect(Native Method)
	at sun.nio.ch.SocketChannelImpl.finishConnect(SocketChannelImpl.java:717)
	at org.apache.ratis.thirdparty.io.netty.channel.socket.nio.NioSocketChannel.doFinishConnect(NioSocketChannel.java:327)
	at org.apache.ratis.thirdparty.io.netty.channel.nio.AbstractNioChannel$AbstractNioUnsafe.finishConnect(AbstractNioChannel.java:340)
	at org.apache.ratis.thirdparty.io.netty.channel.nio.NioEventLoop.processSelectedKey(NioEventLoop.java:632)
	at org.apache.ratis.thirdparty.io.netty.channel.nio.NioEventLoop.processSelectedKeysOptimized(NioEventLoop.java:579)
	at org.apache.ratis.thirdparty.io.netty.channel.nio.NioEventLoop.processSelectedKeys(NioEventLoop.java:496)
	at org.apache.ratis.thirdparty.io.netty.channel.nio.NioEventLoop.run(NioEventLoop.java:458)
	at org.apache.ratis.thirdparty.io.netty.util.concurrent.SingleThreadEventExecutor$5.run(SingleThreadEventExecutor.java:897)
	at org.apache.ratis.thirdparty.io.netty.util.concurrent.FastThreadLocalRunnable.run(FastThreadLocalRunnable.java:30)
	... 1 more
Caused by: java.net.ConnectException: Connection refused
	... 11 more
2019-07-13 19:24:14,215 INFO  impl.LeaderElection (LogUtils.java:infoOrTrace(149)) - 27c138d4-b7f8-49f6-9984-f82b7ebef8a8:group-5F3C293467F1:LeaderElection90 got exception when requesting votes: {}
java.util.concurrent.ExecutionException: org.apache.ratis.thirdparty.io.grpc.StatusRuntimeException: UNAVAILABLE: io exception
	at java.util.concurrent.FutureTask.report(FutureTask.java:122)
	at java.util.concurrent.FutureTask.get(FutureTask.java:192)
	at org.apache.ratis.server.impl.LeaderElection.waitForResults(LeaderElection.java:262)
	at org.apache.ratis.server.impl.LeaderElection.askForVotes(LeaderElection.java:200)
	at org.apache.ratis.server.impl.LeaderElection.run(LeaderElection.java:130)
	at java.lang.Thread.run(Thread.java:748)
Caused by: org.apache.ratis.thirdparty.io.grpc.StatusRuntimeException: UNAVAILABLE: io exception
	at org.apache.ratis.thirdparty.io.grpc.stub.ClientCalls.toStatusRuntimeException(ClientCalls.java:233)
	at org.apache.ratis.thirdparty.io.grpc.stub.ClientCalls.getUnchecked(ClientCalls.java:214)
	at org.apache.ratis.thirdparty.io.grpc.stub.ClientCalls.blockingUnaryCall(ClientCalls.java:139)
	at org.apache.ratis.proto.grpc.RaftServerProtocolServiceGrpc$RaftServerProtocolServiceBlockingStub.requestVote(RaftServerProtocolServiceGrpc.java:265)
	at org.apache.ratis.grpc.server.GrpcServerProtocolClient.requestVote(GrpcServerProtocolClient.java:83)
	at org.apache.ratis.grpc.server.GrpcService.requestVote(GrpcService.java:195)
	at org.apache.ratis.server.impl.LeaderElection.lambda$submitRequests$1(LeaderElection.java:237)
	at java.util.concurrent.FutureTask.run(FutureTask.java:266)
	at java.util.concurrent.Executors$RunnableAdapter.call(Executors.java:511)
	at java.util.concurrent.FutureTask.run(FutureTask.java:266)
	at java.util.concurrent.ThreadPoolExecutor.runWorker(ThreadPoolExecutor.java:1149)
	at java.util.concurrent.ThreadPoolExecutor$Worker.run(ThreadPoolExecutor.java:624)
	... 1 more
Caused by: org.apache.ratis.thirdparty.io.netty.channel.AbstractChannel$AnnotatedConnectException: Connection refused: /192.168.69.122:45624
	at sun.nio.ch.SocketChannelImpl.checkConnect(Native Method)
	at sun.nio.ch.SocketChannelImpl.finishConnect(SocketChannelImpl.java:717)
	at org.apache.ratis.thirdparty.io.netty.channel.socket.nio.NioSocketChannel.doFinishConnect(NioSocketChannel.java:327)
	at org.apache.ratis.thirdparty.io.netty.channel.nio.AbstractNioChannel$AbstractNioUnsafe.finishConnect(AbstractNioChannel.java:340)
	at org.apache.ratis.thirdparty.io.netty.channel.nio.NioEventLoop.processSelectedKey(NioEventLoop.java:632)
	at org.apache.ratis.thirdparty.io.netty.channel.nio.NioEventLoop.processSelectedKeysOptimized(NioEventLoop.java:579)
	at org.apache.ratis.thirdparty.io.netty.channel.nio.NioEventLoop.processSelectedKeys(NioEventLoop.java:496)
	at org.apache.ratis.thirdparty.io.netty.channel.nio.NioEventLoop.run(NioEventLoop.java:458)
	at org.apache.ratis.thirdparty.io.netty.util.concurrent.SingleThreadEventExecutor$5.run(SingleThreadEventExecutor.java:897)
	at org.apache.ratis.thirdparty.io.netty.util.concurrent.FastThreadLocalRunnable.run(FastThreadLocalRunnable.java:30)
	... 1 more
Caused by: java.net.ConnectException: Connection refused
	... 11 more
2019-07-13 19:24:14,216 INFO  impl.LeaderElection (LeaderElection.java:logAndReturn(56)) - 27c138d4-b7f8-49f6-9984-f82b7ebef8a8:group-5F3C293467F1:LeaderElection90: Election REJECTED; received 0 response(s) [] and 2 exception(s); 27c138d4-b7f8-49f6-9984-f82b7ebef8a8:t3, leader=null, voted=27c138d4-b7f8-49f6-9984-f82b7ebef8a8, raftlog=27c138d4-b7f8-49f6-9984-f82b7ebef8a8-SegmentedRaftLog:OPENED:c18,f18,i18, conf=0: [1978dc95-4d28-443c-916a-613efc6d37c9:192.168.69.122:37009, 27c138d4-b7f8-49f6-9984-f82b7ebef8a8:192.168.69.122:35751, cbf97dea-2830-4088-8803-65db8039c739:192.168.69.122:45624], old=null
2019-07-13 19:24:14,217 INFO  impl.LeaderElection (LogUtils.java:infoOrTrace(149)) -   Exception 0: {}
java.util.concurrent.ExecutionException: org.apache.ratis.thirdparty.io.grpc.StatusRuntimeException: UNAVAILABLE: io exception
	at java.util.concurrent.FutureTask.report(FutureTask.java:122)
	at java.util.concurrent.FutureTask.get(FutureTask.java:192)
	at org.apache.ratis.server.impl.LeaderElection.waitForResults(LeaderElection.java:262)
	at org.apache.ratis.server.impl.LeaderElection.askForVotes(LeaderElection.java:200)
	at org.apache.ratis.server.impl.LeaderElection.run(LeaderElection.java:130)
	at java.lang.Thread.run(Thread.java:748)
Caused by: org.apache.ratis.thirdparty.io.grpc.StatusRuntimeException: UNAVAILABLE: io exception
	at org.apache.ratis.thirdparty.io.grpc.stub.ClientCalls.toStatusRuntimeException(ClientCalls.java:233)
	at org.apache.ratis.thirdparty.io.grpc.stub.ClientCalls.getUnchecked(ClientCalls.java:214)
	at org.apache.ratis.thirdparty.io.grpc.stub.ClientCalls.blockingUnaryCall(ClientCalls.java:139)
	at org.apache.ratis.proto.grpc.RaftServerProtocolServiceGrpc$RaftServerProtocolServiceBlockingStub.requestVote(RaftServerProtocolServiceGrpc.java:265)
	at org.apache.ratis.grpc.server.GrpcServerProtocolClient.requestVote(GrpcServerProtocolClient.java:83)
	at org.apache.ratis.grpc.server.GrpcService.requestVote(GrpcService.java:195)
	at org.apache.ratis.server.impl.LeaderElection.lambda$submitRequests$1(LeaderElection.java:237)
	at java.util.concurrent.FutureTask.run(FutureTask.java:266)
	at java.util.concurrent.Executors$RunnableAdapter.call(Executors.java:511)
	at java.util.concurrent.FutureTask.run(FutureTask.java:266)
	at java.util.concurrent.ThreadPoolExecutor.runWorker(ThreadPoolExecutor.java:1149)
	at java.util.concurrent.ThreadPoolExecutor$Worker.run(ThreadPoolExecutor.java:624)
	... 1 more
Caused by: org.apache.ratis.thirdparty.io.netty.channel.AbstractChannel$AnnotatedConnectException: Connection refused: /192.168.69.122:37009
	at sun.nio.ch.SocketChannelImpl.checkConnect(Native Method)
	at sun.nio.ch.SocketChannelImpl.finishConnect(SocketChannelImpl.java:717)
	at org.apache.ratis.thirdparty.io.netty.channel.socket.nio.NioSocketChannel.doFinishConnect(NioSocketChannel.java:327)
	at org.apache.ratis.thirdparty.io.netty.channel.nio.AbstractNioChannel$AbstractNioUnsafe.finishConnect(AbstractNioChannel.java:340)
	at org.apache.ratis.thirdparty.io.netty.channel.nio.NioEventLoop.processSelectedKey(NioEventLoop.java:632)
	at org.apache.ratis.thirdparty.io.netty.channel.nio.NioEventLoop.processSelectedKeysOptimized(NioEventLoop.java:579)
	at org.apache.ratis.thirdparty.io.netty.channel.nio.NioEventLoop.processSelectedKeys(NioEventLoop.java:496)
	at org.apache.ratis.thirdparty.io.netty.channel.nio.NioEventLoop.run(NioEventLoop.java:458)
	at org.apache.ratis.thirdparty.io.netty.util.concurrent.SingleThreadEventExecutor$5.run(SingleThreadEventExecutor.java:897)
	at org.apache.ratis.thirdparty.io.netty.util.concurrent.FastThreadLocalRunnable.run(FastThreadLocalRunnable.java:30)
	... 1 more
Caused by: java.net.ConnectException: Connection refused
	... 11 more
2019-07-13 19:24:14,217 INFO  impl.LeaderElection (LogUtils.java:infoOrTrace(149)) -   Exception 1: {}
java.util.concurrent.ExecutionException: org.apache.ratis.thirdparty.io.grpc.StatusRuntimeException: UNAVAILABLE: io exception
	at java.util.concurrent.FutureTask.report(FutureTask.java:122)
	at java.util.concurrent.FutureTask.get(FutureTask.java:192)
	at org.apache.ratis.server.impl.LeaderElection.waitForResults(LeaderElection.java:262)
	at org.apache.ratis.server.impl.LeaderElection.askForVotes(LeaderElection.java:200)
	at org.apache.ratis.server.impl.LeaderElection.run(LeaderElection.java:130)
	at java.lang.Thread.run(Thread.java:748)
Caused by: org.apache.ratis.thirdparty.io.grpc.StatusRuntimeException: UNAVAILABLE: io exception
	at org.apache.ratis.thirdparty.io.grpc.stub.ClientCalls.toStatusRuntimeException(ClientCalls.java:233)
	at org.apache.ratis.thirdparty.io.grpc.stub.ClientCalls.getUnchecked(ClientCalls.java:214)
	at org.apache.ratis.thirdparty.io.grpc.stub.ClientCalls.blockingUnaryCall(ClientCalls.java:139)
	at org.apache.ratis.proto.grpc.RaftServerProtocolServiceGrpc$RaftServerProtocolServiceBlockingStub.requestVote(RaftServerProtocolServiceGrpc.java:265)
	at org.apache.ratis.grpc.server.GrpcServerProtocolClient.requestVote(GrpcServerProtocolClient.java:83)
	at org.apache.ratis.grpc.server.GrpcService.requestVote(GrpcService.java:195)
	at org.apache.ratis.server.impl.LeaderElection.lambda$submitRequests$1(LeaderElection.java:237)
	at java.util.concurrent.FutureTask.run(FutureTask.java:266)
	at java.util.concurrent.Executors$RunnableAdapter.call(Executors.java:511)
	at java.util.concurrent.FutureTask.run(FutureTask.java:266)
	at java.util.concurrent.ThreadPoolExecutor.runWorker(ThreadPoolExecutor.java:1149)
	at java.util.concurrent.ThreadPoolExecutor$Worker.run(ThreadPoolExecutor.java:624)
	... 1 more
Caused by: org.apache.ratis.thirdparty.io.netty.channel.AbstractChannel$AnnotatedConnectException: Connection refused: /192.168.69.122:45624
	at sun.nio.ch.SocketChannelImpl.checkConnect(Native Method)
	at sun.nio.ch.SocketChannelImpl.finishConnect(SocketChannelImpl.java:717)
	at org.apache.ratis.thirdparty.io.netty.channel.socket.nio.NioSocketChannel.doFinishConnect(NioSocketChannel.java:327)
	at org.apache.ratis.thirdparty.io.netty.channel.nio.AbstractNioChannel$AbstractNioUnsafe.finishConnect(AbstractNioChannel.java:340)
	at org.apache.ratis.thirdparty.io.netty.channel.nio.NioEventLoop.processSelectedKey(NioEventLoop.java:632)
	at org.apache.ratis.thirdparty.io.netty.channel.nio.NioEventLoop.processSelectedKeysOptimized(NioEventLoop.java:579)
	at org.apache.ratis.thirdparty.io.netty.channel.nio.NioEventLoop.processSelectedKeys(NioEventLoop.java:496)
	at org.apache.ratis.thirdparty.io.netty.channel.nio.NioEventLoop.run(NioEventLoop.java:458)
	at org.apache.ratis.thirdparty.io.netty.util.concurrent.SingleThreadEventExecutor$5.run(SingleThreadEventExecutor.java:897)
	at org.apache.ratis.thirdparty.io.netty.util.concurrent.FastThreadLocalRunnable.run(FastThreadLocalRunnable.java:30)
	... 1 more
Caused by: java.net.ConnectException: Connection refused
	... 11 more
2019-07-13 19:24:14,217 INFO  impl.RaftServerImpl (RaftServerImpl.java:setRole(171)) - 27c138d4-b7f8-49f6-9984-f82b7ebef8a8:group-5F3C293467F1 changes role from CANDIDATE to FOLLOWER at term 3 for DISCOVERED_A_NEW_TERM
2019-07-13 19:24:14,217 INFO  impl.RoleInfo (RoleInfo.java:shutdownLeaderElection(134)) - 27c138d4-b7f8-49f6-9984-f82b7ebef8a8: shutdown LeaderElection
2019-07-13 19:24:14,217 INFO  impl.RoleInfo (RoleInfo.java:updateAndGet(143)) - 27c138d4-b7f8-49f6-9984-f82b7ebef8a8: start FollowerState
2019-07-13 19:24:16,533 INFO  node.StaleNodeHandler (StaleNodeHandler.java:onMessage(58)) - Datanode 27c138d4-b7f8-49f6-9984-f82b7ebef8a8{ip: 192.168.69.122, host: trunk-nightly-fxqsz-774976932, networkLocation: /default-rack, certSerialId: null} moved to stale state. Finalizing its pipelines [PipelineID=1bf03224-f461-45aa-a792-5f3c293467f1, PipelineID=c1446483-63de-4f9c-9939-d5bae845b679]
2019-07-13 19:24:16,534 INFO  pipeline.SCMPipelineManager (SCMPipelineManager.java:finalizeAndDestroyPipeline(309)) - destroying pipeline:Pipeline[ Id: 1bf03224-f461-45aa-a792-5f3c293467f1, Nodes: 27c138d4-b7f8-49f6-9984-f82b7ebef8a8{ip: 192.168.69.122, host: trunk-nightly-fxqsz-774976932, networkLocation: /default-rack, certSerialId: null}cbf97dea-2830-4088-8803-65db8039c739{ip: 192.168.69.122, host: trunk-nightly-fxqsz-774976932, networkLocation: /default-rack, certSerialId: null}1978dc95-4d28-443c-916a-613efc6d37c9{ip: 192.168.69.122, host: trunk-nightly-fxqsz-774976932, networkLocation: /default-rack, certSerialId: null}, Type:RATIS, Factor:THREE, State:CLOSED]
2019-07-13 19:24:16,534 INFO  pipeline.SCMPipelineManager (SCMPipelineManager.java:finalizeAndDestroyPipeline(309)) - destroying pipeline:Pipeline[ Id: c1446483-63de-4f9c-9939-d5bae845b679, Nodes: 27c138d4-b7f8-49f6-9984-f82b7ebef8a8{ip: 192.168.69.122, host: trunk-nightly-fxqsz-774976932, networkLocation: /default-rack, certSerialId: null}, Type:RATIS, Factor:ONE, State:OPEN]
2019-07-13 19:24:16,534 INFO  pipeline.PipelineStateManager (PipelineStateManager.java:finalizePipeline(123)) - Pipeline Pipeline[ Id: c1446483-63de-4f9c-9939-d5bae845b679, Nodes: 27c138d4-b7f8-49f6-9984-f82b7ebef8a8{ip: 192.168.69.122, host: trunk-nightly-fxqsz-774976932, networkLocation: /default-rack, certSerialId: null}, Type:RATIS, Factor:ONE, State:CLOSED] moved to CLOSED state
2019-07-13 19:24:16,818 INFO  ozoneimpl.OzoneContainer (OzoneContainer.java:stop(199)) - Attempting to stop container services.
2019-07-13 19:24:16,818 INFO  impl.RaftServerProxy (RaftServerProxy.java:lambda$close$4(314)) - 27c138d4-b7f8-49f6-9984-f82b7ebef8a8: close
2019-07-13 19:24:16,818 INFO  impl.RaftServerImpl (RaftServerImpl.java:lambda$shutdown$3(245)) - 27c138d4-b7f8-49f6-9984-f82b7ebef8a8: shutdown group-5F3C293467F1
2019-07-13 19:24:16,819 INFO  util.JmxRegister (JmxRegister.java:unregister(73)) - Successfully un-registered JMX Bean with object name Ratis:service=RaftServer,group=group-5F3C293467F1,id=27c138d4-b7f8-49f6-9984-f82b7ebef8a8
2019-07-13 19:24:16,819 INFO  impl.RoleInfo (RoleInfo.java:shutdownFollowerState(121)) - 27c138d4-b7f8-49f6-9984-f82b7ebef8a8: shutdown FollowerState
2019-07-13 19:24:16,819 INFO  impl.StateMachineUpdater (StateMachineUpdater.java:stopAndJoin(115)) - StateMachineUpdater:27c138d4-b7f8-49f6-9984-f82b7ebef8a8:group-5F3C293467F1: set stopIndex = 18
2019-07-13 19:24:16,819 INFO  ratis.ContainerStateMachine (ContainerStateMachine.java:takeSnapshot(246)) - Taking snapshot at termIndex:(t:1, i:17)
2019-07-13 19:24:16,820 INFO  impl.FollowerState (FollowerState.java:run(114)) - 27c138d4-b7f8-49f6-9984-f82b7ebef8a8: FollowerState was interrupted: java.lang.InterruptedException: sleep interrupted
2019-07-13 19:24:16,820 INFO  ratis.ContainerStateMachine (ContainerStateMachine.java:takeSnapshot(250)) - Taking a snapshot to file /tmp/workdir/hadoop-ozone/integration-test/target/test-dir/MiniOzoneClusterImpl-f32f9215-da2e-405c-a6ea-b120bba4df1b/datanode-5/data/ratis/1bf03224-f461-45aa-a792-5f3c293467f1/sm/snapshot.1_17
2019-07-13 19:24:16,822 INFO  impl.StateMachineUpdater (StateMachineUpdater.java:takeSnapshot(242)) - StateMachineUpdater:27c138d4-b7f8-49f6-9984-f82b7ebef8a8:group-5F3C293467F1: Took a snapshot at index 17
2019-07-13 19:24:16,823 INFO  impl.StateMachineUpdater (StateMachineUpdater.java:lambda$new$0(80)) - StateMachineUpdater:27c138d4-b7f8-49f6-9984-f82b7ebef8a8:group-5F3C293467F1: snapshotIndex: updateIncreasingly -1 -> 17
2019-07-13 19:24:16,823 INFO  impl.RaftServerImpl (ServerState.java:close(394)) - 27c138d4-b7f8-49f6-9984-f82b7ebef8a8:group-5F3C293467F1 closes. The last applied log index is 18
2019-07-13 19:24:16,823 INFO  segmented.SegmentedRaftLogWorker (SegmentedRaftLogWorker.java:run(313)) - 27c138d4-b7f8-49f6-9984-f82b7ebef8a8-SegmentedRaftLogWorker:Storage Directory /tmp/workdir/hadoop-ozone/integration-test/target/test-dir/MiniOzoneClusterImpl-f32f9215-da2e-405c-a6ea-b120bba4df1b/datanode-5/data/ratis/1bf03224-f461-45aa-a792-5f3c293467f1 was interrupted, exiting. There are 0 tasks remaining in the queue.
2019-07-13 19:24:16,824 INFO  segmented.SegmentedRaftLogWorker (SegmentedRaftLogWorker.java:close(228)) - 27c138d4-b7f8-49f6-9984-f82b7ebef8a8-SegmentedRaftLogWorker:Storage Directory /tmp/workdir/hadoop-ozone/integration-test/target/test-dir/MiniOzoneClusterImpl-f32f9215-da2e-405c-a6ea-b120bba4df1b/datanode-5/data/ratis/1bf03224-f461-45aa-a792-5f3c293467f1 close()
2019-07-13 19:24:16,825 INFO  impl.RaftServerImpl (RaftServerImpl.java:lambda$shutdown$3(245)) - 27c138d4-b7f8-49f6-9984-f82b7ebef8a8: shutdown group-D5BAE845B679
2019-07-13 19:24:16,826 INFO  util.JmxRegister (JmxRegister.java:unregister(73)) - Successfully un-registered JMX Bean with object name Ratis:service=RaftServer,group=group-D5BAE845B679,id=27c138d4-b7f8-49f6-9984-f82b7ebef8a8
2019-07-13 19:24:16,826 INFO  impl.RoleInfo (RoleInfo.java:shutdownLeaderState(104)) - 27c138d4-b7f8-49f6-9984-f82b7ebef8a8: shutdown LeaderState
2019-07-13 19:24:16,826 INFO  impl.PendingRequests (PendingRequests.java:sendNotLeaderResponses(202)) - 27c138d4-b7f8-49f6-9984-f82b7ebef8a8-PendingRequests: sendNotLeaderResponses
2019-07-13 19:24:16,827 INFO  impl.StateMachineUpdater (StateMachineUpdater.java:stopAndJoin(115)) - StateMachineUpdater:27c138d4-b7f8-49f6-9984-f82b7ebef8a8:group-D5BAE845B679: set stopIndex = 0
2019-07-13 19:24:16,827 INFO  ratis.ContainerStateMachine (ContainerStateMachine.java:takeSnapshot(246)) - Taking snapshot at termIndex:(t:0, i:~)
2019-07-13 19:24:16,827 INFO  impl.RaftServerImpl (ServerState.java:close(394)) - 27c138d4-b7f8-49f6-9984-f82b7ebef8a8:group-D5BAE845B679 closes. The last applied log index is 0
2019-07-13 19:24:16,828 INFO  segmented.SegmentedRaftLogWorker (SegmentedRaftLogWorker.java:run(313)) - 27c138d4-b7f8-49f6-9984-f82b7ebef8a8-SegmentedRaftLogWorker:Storage Directory /tmp/workdir/hadoop-ozone/integration-test/target/test-dir/MiniOzoneClusterImpl-f32f9215-da2e-405c-a6ea-b120bba4df1b/datanode-5/data/ratis/c1446483-63de-4f9c-9939-d5bae845b679 was interrupted, exiting. There are 0 tasks remaining in the queue.
2019-07-13 19:24:16,828 INFO  segmented.SegmentedRaftLogWorker (SegmentedRaftLogWorker.java:close(228)) - 27c138d4-b7f8-49f6-9984-f82b7ebef8a8-SegmentedRaftLogWorker:Storage Directory /tmp/workdir/hadoop-ozone/integration-test/target/test-dir/MiniOzoneClusterImpl-f32f9215-da2e-405c-a6ea-b120bba4df1b/datanode-5/data/ratis/c1446483-63de-4f9c-9939-d5bae845b679 close()
2019-07-13 19:24:16,830 INFO  server.GrpcService (GrpcService.java:closeImpl(155)) - 27c138d4-b7f8-49f6-9984-f82b7ebef8a8: shutdown server with port 35751 now
2019-07-13 19:24:16,830 INFO  server.GrpcService (GrpcService.java:closeImpl(163)) - 27c138d4-b7f8-49f6-9984-f82b7ebef8a8: shutdown server with port 35751 successfully
2019-07-13 19:24:16,831 INFO  utils.BackgroundService (BackgroundService.java:shutdown(148)) - Shutting down service BlockDeletingService
2019-07-13 19:24:16,832 WARN  fs.CachingGetSpaceUsed (CachingGetSpaceUsed.java:run(183)) - Thread Interrupted waiting to refresh disk information: sleep interrupted
2019-07-13 19:24:16,850 INFO  statemachine.DatanodeStateMachine (DatanodeStateMachine.java:stopDaemon(395)) - Ozone container server stopped.
2019-07-13 19:24:16,853 INFO  handler.ContextHandler (ContextHandler.java:doStop(910)) - Stopped o.e.j.w.WebAppContext@7b70596d{/,null,UNAVAILABLE}{/hddsDatanode}
2019-07-13 19:24:16,854 INFO  server.AbstractConnector (AbstractConnector.java:doStop(318)) - Stopped ServerConnector@696e9e14{HTTP/1.1,[http/1.1]}{0.0.0.0:0}
2019-07-13 19:24:16,856 INFO  handler.ContextHandler (ContextHandler.java:doStop(910)) - Stopped o.e.j.s.ServletContextHandler@4037a204{/static,jar:file:/home/user/.m2/repository/org/apache/hadoop/hadoop-hdds-container-service/0.5.0-SNAPSHOT/hadoop-hdds-container-service-0.5.0-SNAPSHOT.jar!/webapps/static,UNAVAILABLE}
2019-07-13 19:24:16,857 INFO  handler.ContextHandler (ContextHandler.java:doStop(910)) - Stopped o.e.j.s.ServletContextHandler@1abc3085{/logs,file:///tmp/workdir/hadoop-ozone/integration-test/target/log,UNAVAILABLE}
2019-07-13 19:24:16,858 INFO  ozone.MiniOzoneClusterImpl (MiniOzoneClusterImpl.java:stop(353)) - Stopping the StorageContainerManager
2019-07-13 19:24:16,858 INFO  server.StorageContainerManager (StorageContainerManager.java:stop(796)) - Stopping Replication Manager Service.
2019-07-13 19:24:16,858 INFO  container.ReplicationManager (ReplicationManager.java:stop(187)) - Stopping Replication Monitor Thread.
2019-07-13 19:24:16,859 INFO  server.StorageContainerManager (StorageContainerManager.java:stop(803)) - Stopping Lease Manager of the command watchers
2019-07-13 19:24:16,859 INFO  server.StorageContainerManager (StorageContainerManager.java:stop(810)) - Stopping datanode service RPC server
2019-07-13 19:24:16,859 INFO  server.SCMDatanodeProtocolServer (SCMDatanodeProtocolServer.java:stop(375)) - Stopping the RPC server for DataNodes
2019-07-13 19:24:16,859 INFO  ipc.Server (Server.java:stop(3082)) - Stopping server on 36482
2019-07-13 19:24:16,861 INFO  ipc.Server (Server.java:run(1185)) - Stopping IPC Server listener on 36482
2019-07-13 19:24:16,862 INFO  ipc.Server (Server.java:run(1319)) - Stopping IPC Server Responder
2019-07-13 19:24:16,934 WARN  node.NodeStateManager (NodeStateManager.java:scheduleNextHealthCheck(631)) - Current Thread is interrupted, shutting down HB processing thread for Node Manager.
2019-07-13 19:24:16,934 INFO  server.StorageContainerManager (StorageContainerManager.java:stop(818)) - Stopping block service RPC server
2019-07-13 19:24:16,934 INFO  server.SCMBlockProtocolServer (SCMBlockProtocolServer.java:stop(148)) - Stopping the RPC server for Block Protocol
2019-07-13 19:24:16,935 INFO  ipc.Server (Server.java:stop(3082)) - Stopping server on 34100
2019-07-13 19:24:16,937 INFO  ipc.Server (Server.java:run(1185)) - Stopping IPC Server listener on 34100
2019-07-13 19:24:16,937 INFO  server.StorageContainerManager (StorageContainerManager.java:stop(825)) - Stopping the StorageContainerLocationProtocol RPC server
2019-07-13 19:24:16,937 INFO  server.SCMClientProtocolServer (SCMClientProtocolServer.java:stop(157)) - Stopping the RPC server for Client Protocol
2019-07-13 19:24:16,938 INFO  ipc.Server (Server.java:run(1319)) - Stopping IPC Server Responder
2019-07-13 19:24:16,938 INFO  ipc.Server (Server.java:stop(3082)) - Stopping server on 42421
2019-07-13 19:24:16,940 INFO  ipc.Server (Server.java:run(1185)) - Stopping IPC Server listener on 42421
2019-07-13 19:24:16,940 INFO  server.StorageContainerManager (StorageContainerManager.java:stop(832)) - Stopping Storage Container Manager HTTP server.
2019-07-13 19:24:16,941 INFO  ipc.Server (Server.java:run(1319)) - Stopping IPC Server Responder
2019-07-13 19:24:16,942 INFO  handler.ContextHandler (ContextHandler.java:doStop(910)) - Stopped o.e.j.w.WebAppContext@6311640d{/,null,UNAVAILABLE}{/scm}
2019-07-13 19:24:16,943 INFO  server.AbstractConnector (AbstractConnector.java:doStop(318)) - Stopped ServerConnector@3a42610{HTTP/1.1,[http/1.1]}{0.0.0.0:0}
2019-07-13 19:24:16,944 INFO  handler.ContextHandler (ContextHandler.java:doStop(910)) - Stopped o.e.j.s.ServletContextHandler@56587330{/static,file:///tmp/workdir/hadoop-ozone/integration-test/target/test-classes/webapps/static,UNAVAILABLE}
2019-07-13 19:24:16,944 INFO  handler.ContextHandler (ContextHandler.java:doStop(910)) - Stopped o.e.j.s.ServletContextHandler@1766b7{/logs,file:///tmp/workdir/hadoop-ozone/integration-test/target/log,UNAVAILABLE}
2019-07-13 19:24:16,945 INFO  server.StorageContainerManager (StorageContainerManager.java:stop(843)) - Stopping Block Manager Service.
2019-07-13 19:24:16,945 INFO  utils.BackgroundService (BackgroundService.java:shutdown(148)) - Shutting down service SCMBlockDeletingService
2019-07-13 19:24:16,946 INFO  utils.BackgroundService (BackgroundService.java:shutdown(148)) - Shutting down service SCMBlockDeletingService
2019-07-13 19:24:16,946 INFO  server.StorageContainerManager (StorageContainerManager.java:stop(865)) - Stopping SCM Event Queue.
2019-07-13 19:24:16,951 INFO  impl.MetricsSystemImpl (MetricsSystemImpl.java:stop(210)) - Stopping HddsDatanode metrics system...
2019-07-13 19:24:16,962 INFO  impl.MetricsSystemImpl (MetricsSystemImpl.java:stop(216)) - HddsDatanode metrics system stopped.
]]></system-out>
    <system-err><![CDATA[Jul 13, 2019 7:23:43 PM com.sun.jersey.server.impl.application.WebApplicationImpl _initiate
INFO: Initiating Jersey application, version 'Jersey: 1.19 02/11/2015 03:25 AM'
Jul 13, 2019 7:23:43 PM com.sun.jersey.server.impl.application.WebApplicationImpl _initiate
INFO: Initiating Jersey application, version 'Jersey: 1.19 02/11/2015 03:25 AM'
Jul 13, 2019 7:23:43 PM com.sun.jersey.server.impl.application.WebApplicationImpl _initiate
INFO: Initiating Jersey application, version 'Jersey: 1.19 02/11/2015 03:25 AM'
Jul 13, 2019 7:23:44 PM com.sun.jersey.server.impl.application.WebApplicationImpl _initiate
INFO: Initiating Jersey application, version 'Jersey: 1.19 02/11/2015 03:25 AM'
Jul 13, 2019 7:23:44 PM com.sun.jersey.server.impl.application.WebApplicationImpl _initiate
INFO: Initiating Jersey application, version 'Jersey: 1.19 02/11/2015 03:25 AM'
Jul 13, 2019 7:23:44 PM com.sun.jersey.server.impl.application.WebApplicationImpl _initiate
INFO: Initiating Jersey application, version 'Jersey: 1.19 02/11/2015 03:25 AM'
Jul 13, 2019 7:23:44 PM com.sun.jersey.server.impl.application.WebApplicationImpl _initiate
INFO: Initiating Jersey application, version 'Jersey: 1.19 02/11/2015 03:25 AM'
Jul 13, 2019 7:24:09 PM org.apache.ratis.thirdparty.io.grpc.internal.ManagedChannelOrphanWrapper$ManagedChannelReference cleanQueue
SEVERE: *~*~*~ Channel ManagedChannelImpl{logId=3022, target=192.168.69.122:36608} was not shutdown properly!!! ~*~*~*
    Make sure to call shutdown()/shutdownNow() and wait until awaitTermination() returns true.
java.lang.RuntimeException: ManagedChannel allocation site
	at org.apache.ratis.thirdparty.io.grpc.internal.ManagedChannelOrphanWrapper$ManagedChannelReference.<init>(ManagedChannelOrphanWrapper.java:103)
	at org.apache.ratis.thirdparty.io.grpc.internal.ManagedChannelOrphanWrapper.<init>(ManagedChannelOrphanWrapper.java:53)
	at org.apache.ratis.thirdparty.io.grpc.internal.ManagedChannelOrphanWrapper.<init>(ManagedChannelOrphanWrapper.java:44)
	at org.apache.ratis.thirdparty.io.grpc.internal.AbstractManagedChannelImplBuilder.build(AbstractManagedChannelImplBuilder.java:411)
	at org.apache.ratis.grpc.client.GrpcClientProtocolClient.<init>(GrpcClientProtocolClient.java:119)
	at org.apache.ratis.grpc.client.GrpcClientRpc.lambda$new$0(GrpcClientRpc.java:55)
	at org.apache.ratis.util.PeerProxyMap$PeerAndProxy.lambda$getProxy$0(PeerProxyMap.java:61)
	at org.apache.ratis.util.LifeCycle.startAndTransition(LifeCycle.java:202)
	at org.apache.ratis.util.PeerProxyMap$PeerAndProxy.getProxy(PeerProxyMap.java:60)
	at org.apache.ratis.util.PeerProxyMap.getProxy(PeerProxyMap.java:107)
	at org.apache.ratis.grpc.client.GrpcClientRpc.sendRequestAsync(GrpcClientRpc.java:66)
	at org.apache.ratis.client.impl.OrderedAsync.sendRequest(OrderedAsync.java:208)
	at org.apache.ratis.client.impl.OrderedAsync.sendRequestWithRetry(OrderedAsync.java:169)
	at org.apache.ratis.util.SlidingWindow$Client.sendOrDelayRequest(SlidingWindow.java:278)
	at org.apache.ratis.util.SlidingWindow$Client.retry(SlidingWindow.java:294)
	at org.apache.ratis.client.impl.OrderedAsync.lambda$scheduleWithTimeout$7(OrderedAsync.java:195)
	at org.apache.ratis.util.TimeoutScheduler.lambda$onTimeout$0(TimeoutScheduler.java:85)
	at org.apache.ratis.util.TimeoutScheduler.lambda$onTimeout$1(TimeoutScheduler.java:104)
	at org.apache.ratis.util.LogUtils.runAndLog(LogUtils.java:50)
	at org.apache.ratis.util.LogUtils$1.run(LogUtils.java:91)
	at java.util.concurrent.Executors$RunnableAdapter.call(Executors.java:511)
	at java.util.concurrent.FutureTask.run(FutureTask.java:266)
	at java.util.concurrent.ScheduledThreadPoolExecutor$ScheduledFutureTask.access$201(ScheduledThreadPoolExecutor.java:180)
	at java.util.concurrent.ScheduledThreadPoolExecutor$ScheduledFutureTask.run(ScheduledThreadPoolExecutor.java:293)
	at java.util.concurrent.ThreadPoolExecutor.runWorker(ThreadPoolExecutor.java:1149)
	at java.util.concurrent.ThreadPoolExecutor$Worker.run(ThreadPoolExecutor.java:624)
	at java.lang.Thread.run(Thread.java:748)

]]></system-err>
  </testcase>
  <testcase name="testExceptionDuringClose" classname="org.apache.hadoop.ozone.client.rpc.TestBlockOutputStreamWithFailures" time="33.98">
    <error type="java.lang.IllegalArgumentException">java.lang.IllegalArgumentException
	at com.google.common.base.Preconditions.checkArgument(Preconditions.java:72)
	at org.apache.hadoop.hdds.scm.XceiverClientManager.acquireClient(XceiverClientManager.java:150)
	at org.apache.hadoop.hdds.scm.XceiverClientManager.acquireClientForReadData(XceiverClientManager.java:143)
	at org.apache.hadoop.hdds.scm.storage.BlockInputStream.getChunkInfos(BlockInputStream.java:154)
	at org.apache.hadoop.hdds.scm.storage.BlockInputStream.initialize(BlockInputStream.java:118)
	at org.apache.hadoop.hdds.scm.storage.BlockInputStream.read(BlockInputStream.java:222)
	at org.apache.hadoop.ozone.client.io.KeyInputStream.read(KeyInputStream.java:171)
	at org.apache.hadoop.ozone.client.io.OzoneInputStream.read(OzoneInputStream.java:47)
	at java.io.InputStream.read(InputStream.java:101)
	at org.apache.hadoop.ozone.container.ContainerTestHelper.validateData(ContainerTestHelper.java:709)
	at org.apache.hadoop.ozone.client.rpc.TestBlockOutputStreamWithFailures.validateData(TestBlockOutputStreamWithFailures.java:1212)
	at org.apache.hadoop.ozone.client.rpc.TestBlockOutputStreamWithFailures.testExceptionDuringClose(TestBlockOutputStreamWithFailures.java:773)
	at sun.reflect.NativeMethodAccessorImpl.invoke0(Native Method)
	at sun.reflect.NativeMethodAccessorImpl.invoke(NativeMethodAccessorImpl.java:62)
	at sun.reflect.DelegatingMethodAccessorImpl.invoke(DelegatingMethodAccessorImpl.java:43)
	at java.lang.reflect.Method.invoke(Method.java:498)
	at org.junit.runners.model.FrameworkMethod$1.runReflectiveCall(FrameworkMethod.java:47)
	at org.junit.internal.runners.model.ReflectiveCallable.run(ReflectiveCallable.java:12)
	at org.junit.runners.model.FrameworkMethod.invokeExplosively(FrameworkMethod.java:44)
	at org.junit.internal.runners.statements.InvokeMethod.evaluate(InvokeMethod.java:17)
	at org.junit.internal.runners.statements.RunBefores.evaluate(RunBefores.java:26)
	at org.junit.internal.runners.statements.RunAfters.evaluate(RunAfters.java:27)
	at org.junit.runners.ParentRunner.runLeaf(ParentRunner.java:271)
	at org.junit.runners.BlockJUnit4ClassRunner.runChild(BlockJUnit4ClassRunner.java:70)
	at org.junit.runners.BlockJUnit4ClassRunner.runChild(BlockJUnit4ClassRunner.java:50)
	at org.junit.runners.ParentRunner$3.run(ParentRunner.java:238)
	at org.junit.runners.ParentRunner$1.schedule(ParentRunner.java:63)
	at org.junit.runners.ParentRunner.runChildren(ParentRunner.java:236)
	at org.junit.runners.ParentRunner.access$000(ParentRunner.java:53)
	at org.junit.runners.ParentRunner$2.evaluate(ParentRunner.java:229)
	at org.junit.runners.ParentRunner.run(ParentRunner.java:309)
	at org.apache.maven.surefire.junit4.JUnit4Provider.execute(JUnit4Provider.java:365)
	at org.apache.maven.surefire.junit4.JUnit4Provider.executeWithRerun(JUnit4Provider.java:273)
	at org.apache.maven.surefire.junit4.JUnit4Provider.executeTestSet(JUnit4Provider.java:238)
	at org.apache.maven.surefire.junit4.JUnit4Provider.invoke(JUnit4Provider.java:159)
	at org.apache.maven.surefire.booter.ForkedBooter.invokeProviderInSameClassLoader(ForkedBooter.java:384)
	at org.apache.maven.surefire.booter.ForkedBooter.runSuitesInProcess(ForkedBooter.java:345)
	at org.apache.maven.surefire.booter.ForkedBooter.execute(ForkedBooter.java:126)
	at org.apache.maven.surefire.booter.ForkedBooter.main(ForkedBooter.java:418)
</error>
    <system-out><![CDATA[2019-07-13 19:24:17,025 WARN  server.ServerUtils (ServerUtils.java:getScmDbDir(145)) - ozone.scm.db.dirs is not configured. We recommend adding this setting. Falling back to ozone.metadata.dirs instead.
2019-07-13 19:24:17,052 WARN  server.ServerUtils (ServerUtils.java:getScmDbDir(145)) - ozone.scm.db.dirs is not configured. We recommend adding this setting. Falling back to ozone.metadata.dirs instead.
2019-07-13 19:24:17,053 WARN  server.ServerUtils (ServerUtils.java:getScmDbDir(145)) - ozone.scm.db.dirs is not configured. We recommend adding this setting. Falling back to ozone.metadata.dirs instead.
2019-07-13 19:24:17,053 INFO  db.DBStoreBuilder (DBStoreBuilder.java:addTable(110)) - using custom profile for table: deletedBlocks
2019-07-13 19:24:17,054 INFO  db.DBStoreBuilder (DBStoreBuilder.java:processTables(161)) - Using default column profile:DBProfile.DISK for Table:deletedBlocks
2019-07-13 19:24:17,054 INFO  db.DBStoreBuilder (DBStoreBuilder.java:addTable(110)) - using custom profile for table: validCerts
2019-07-13 19:24:17,054 INFO  db.DBStoreBuilder (DBStoreBuilder.java:processTables(161)) - Using default column profile:DBProfile.DISK for Table:validCerts
2019-07-13 19:24:17,054 INFO  db.DBStoreBuilder (DBStoreBuilder.java:addTable(110)) - using custom profile for table: revokedCerts
2019-07-13 19:24:17,055 INFO  db.DBStoreBuilder (DBStoreBuilder.java:processTables(161)) - Using default column profile:DBProfile.DISK for Table:revokedCerts
2019-07-13 19:24:17,055 INFO  db.DBStoreBuilder (DBStoreBuilder.java:addTable(110)) - using custom profile for table: default
2019-07-13 19:24:17,055 INFO  db.DBStoreBuilder (DBStoreBuilder.java:processTables(167)) - Using default column profile:DBProfile.DISK for Table:default
2019-07-13 19:24:17,055 INFO  db.DBStoreBuilder (DBStoreBuilder.java:getDbProfile(198)) - Using default options. DBProfile.DISK
2019-07-13 19:24:17,211 INFO  net.NodeSchemaLoader (NodeSchemaLoader.java:loadSchemaFromFile(125)) - Loading file from sun.misc.CompoundEnumeration@d181ca3
2019-07-13 19:24:17,211 INFO  net.NodeSchemaLoader (NodeSchemaLoader.java:loadSchema(171)) - Loading network topology layer schema file
2019-07-13 19:24:17,218 INFO  node.SCMNodeManager (SCMNodeManager.java:<init>(119)) - Entering startup safe mode.
2019-07-13 19:24:17,219 WARN  server.ServerUtils (ServerUtils.java:getScmDbDir(145)) - ozone.scm.db.dirs is not configured. We recommend adding this setting. Falling back to ozone.metadata.dirs instead.
2019-07-13 19:24:17,263 INFO  pipeline.SCMPipelineManager (SCMPipelineManager.java:initializePipelineState(126)) - No pipeline exists in current db
2019-07-13 19:24:17,264 WARN  server.ServerUtils (ServerUtils.java:getScmDbDir(145)) - ozone.scm.db.dirs is not configured. We recommend adding this setting. Falling back to ozone.metadata.dirs instead.
2019-07-13 19:24:17,318 WARN  events.EventQueue (EventQueue.java:fireEvent(175)) - No event handler registered for event TypedEvent{payloadType=SafeModeStatus, name='SafeModeStatus'}
2019-07-13 19:24:17,319 INFO  ipc.CallQueueManager (CallQueueManager.java:<init>(84)) - Using callQueue: class java.util.concurrent.LinkedBlockingQueue, queueCapacity: 2000, scheduler: class org.apache.hadoop.ipc.DefaultRpcScheduler, ipcBackoff: false.
2019-07-13 19:24:17,320 INFO  ipc.Server (Server.java:run(1074)) - Starting Socket Reader #1 for port 46558
2019-07-13 19:24:17,322 INFO  ipc.CallQueueManager (CallQueueManager.java:<init>(84)) - Using callQueue: class java.util.concurrent.LinkedBlockingQueue, queueCapacity: 2000, scheduler: class org.apache.hadoop.ipc.DefaultRpcScheduler, ipcBackoff: false.
2019-07-13 19:24:17,323 INFO  ipc.Server (Server.java:run(1074)) - Starting Socket Reader #1 for port 46410
2019-07-13 19:24:17,327 INFO  ipc.CallQueueManager (CallQueueManager.java:<init>(84)) - Using callQueue: class java.util.concurrent.LinkedBlockingQueue, queueCapacity: 2000, scheduler: class org.apache.hadoop.ipc.DefaultRpcScheduler, ipcBackoff: false.
2019-07-13 19:24:17,328 INFO  ipc.Server (Server.java:run(1074)) - Starting Socket Reader #1 for port 36820
2019-07-13 19:24:17,331 INFO  hdfs.DFSUtil (DFSUtil.java:httpServerTemplateForNNAndJN(1641)) - Starting Web-server for scm at: http://0.0.0.0:0
2019-07-13 19:24:17,333 INFO  server.AuthenticationFilter (AuthenticationFilter.java:constructSecretProvider(240)) - Unable to initialize FileSignerSecretProvider, falling back to use random secrets.
2019-07-13 19:24:17,334 WARN  http.HttpRequestLog (HttpRequestLog.java:getRequestLog(97)) - Jetty request log can only be enabled using Log4j
2019-07-13 19:24:17,336 INFO  http.HttpServer2 (HttpServer2.java:addGlobalFilter(975)) - Added global filter 'safety' (class=org.apache.hadoop.http.HttpServer2$QuotingInputFilter)
2019-07-13 19:24:17,337 INFO  http.HttpServer2 (HttpServer2.java:addFilter(948)) - Added filter static_user_filter (class=org.apache.hadoop.http.lib.StaticUserWebFilter$StaticUserFilter) to context scm
2019-07-13 19:24:17,337 INFO  http.HttpServer2 (HttpServer2.java:addFilter(958)) - Added filter static_user_filter (class=org.apache.hadoop.http.lib.StaticUserWebFilter$StaticUserFilter) to context logs
2019-07-13 19:24:17,337 INFO  http.HttpServer2 (HttpServer2.java:addFilter(958)) - Added filter static_user_filter (class=org.apache.hadoop.http.lib.StaticUserWebFilter$StaticUserFilter) to context static
2019-07-13 19:24:17,339 INFO  server.StorageContainerManager (StorageContainerManager.java:start(759)) - StorageContainerLocationProtocol RPC server is listening at /0.0.0.0:36820
2019-07-13 19:24:17,341 WARN  impl.MetricsConfig (MetricsConfig.java:loadFirst(134)) - Cannot locate configuration: tried hadoop-metrics2-storagecontainermanager.properties,hadoop-metrics2.properties
2019-07-13 19:24:17,342 INFO  impl.MetricsSystemImpl (MetricsSystemImpl.java:startTimer(374)) - Scheduled Metric snapshot period at 10 second(s).
2019-07-13 19:24:17,342 INFO  impl.MetricsSystemImpl (MetricsSystemImpl.java:start(191)) - StorageContainerManager metrics system started
2019-07-13 19:24:17,406 INFO  server.SCMClientProtocolServer (SCMClientProtocolServer.java:start(149)) - RPC server for Client  is listening at /0.0.0.0:36820
2019-07-13 19:24:17,406 INFO  ipc.Server (Server.java:run(1314)) - IPC Server Responder: starting
2019-07-13 19:24:17,406 INFO  ipc.Server (Server.java:run(1153)) - IPC Server listener on 36820: starting
2019-07-13 19:24:17,411 INFO  server.StorageContainerManager (StorageContainerManager.java:start(768)) - ScmBlockLocationProtocol RPC server is listening at /0.0.0.0:46410
2019-07-13 19:24:17,411 INFO  server.SCMBlockProtocolServer (SCMBlockProtocolServer.java:start(140)) - RPC server for Block Protocol is listening at /0.0.0.0:46410
2019-07-13 19:24:17,411 INFO  ipc.Server (Server.java:run(1314)) - IPC Server Responder: starting
2019-07-13 19:24:17,412 INFO  ipc.Server (Server.java:run(1153)) - IPC Server listener on 46410: starting
2019-07-13 19:24:17,416 INFO  server.StorageContainerManager (StorageContainerManager.java:start(772)) - ScmDatanodeProtocl RPC server is listening at /0.0.0.0:46558
2019-07-13 19:24:17,416 INFO  server.SCMDatanodeProtocolServer (SCMDatanodeProtocolServer.java:start(191)) - RPC server for DataNodes is listening at /0.0.0.0:46558
2019-07-13 19:24:17,416 INFO  ipc.Server (Server.java:run(1314)) - IPC Server Responder: starting
2019-07-13 19:24:17,416 INFO  ipc.Server (Server.java:run(1153)) - IPC Server listener on 46558: starting
2019-07-13 19:24:17,421 INFO  http.HttpServer2 (HttpServer2.java:bindListener(1191)) - Jetty bound to port 38933
2019-07-13 19:24:17,421 INFO  server.Server (Server.java:doStart(351)) - jetty-9.3.24.v20180605, build timestamp: 2018-06-05T17:11:56Z, git hash: 84205aa28f11a4f31f2a3b86d1bba2cc8ab69827
2019-07-13 19:24:17,422 INFO  handler.ContextHandler (ContextHandler.java:doStart(781)) - Started o.e.j.s.ServletContextHandler@3f2cc8ab{/logs,file:///tmp/workdir/hadoop-ozone/integration-test/target/log,AVAILABLE}
2019-07-13 19:24:17,423 INFO  handler.ContextHandler (ContextHandler.java:doStart(781)) - Started o.e.j.s.ServletContextHandler@2de4045a{/static,file:///tmp/workdir/hadoop-ozone/integration-test/target/test-classes/webapps/static,AVAILABLE}
2019-07-13 19:24:17,426 INFO  handler.ContextHandler (ContextHandler.java:doStart(781)) - Started o.e.j.w.WebAppContext@ffa60c9{/,file:///tmp/workdir/hadoop-ozone/integration-test/target/test-classes/webapps/scm/,AVAILABLE}{/scm}
2019-07-13 19:24:17,427 INFO  server.AbstractConnector (AbstractConnector.java:doStart(278)) - Started ServerConnector@646ba7be{HTTP/1.1,[http/1.1]}{0.0.0.0:38933}
2019-07-13 19:24:17,430 INFO  server.Server (Server.java:doStart(419)) - Started @631549ms
2019-07-13 19:24:17,432 INFO  server.BaseHttpServer (BaseHttpServer.java:updateConnectorAddress(207)) - HTTP server of SCM is listening at http://0.0.0.0:38933
2019-07-13 19:24:17,432 WARN  server.ServerUtils (ServerUtils.java:getDBPath(222)) - ozone.om.db.dirs is not configured. We recommend adding this setting. Falling back to ozone.metadata.dirs instead.
2019-07-13 19:24:17,433 INFO  util.JvmPauseMonitor (JvmPauseMonitor.java:run(188)) - Starting JVM pause monitor
2019-07-13 19:24:17,447 WARN  server.ServerUtils (ServerUtils.java:getDBPath(222)) - ozone.om.db.dirs is not configured. We recommend adding this setting. Falling back to ozone.metadata.dirs instead.
2019-07-13 19:24:17,447 INFO  om.OzoneManager (OzoneManager.java:setOMNodeDetails(630)) - OM Service ID is not set. Setting it to the default ID: omServiceIdDefault
2019-07-13 19:24:17,447 INFO  om.OzoneManager (OzoneManager.java:setOMNodeDetails(636)) - OM Node ID is not set. Setting it to the OmStorage's OmID: ac324b4d-3b2c-464c-a340-f716e6de2a16
2019-07-13 19:24:17,447 INFO  om.OzoneManager (OzoneManager.java:loadOMHAConfigs(587)) - Found matching OM address with OMServiceId: null, OMNodeId: null, RPC Address: localhost:0 and Ratis port: 9872
2019-07-13 19:24:17,455 WARN  server.ServerUtils (ServerUtils.java:getDBPath(222)) - ozone.om.db.dirs is not configured. We recommend adding this setting. Falling back to ozone.metadata.dirs instead.
2019-07-13 19:24:17,455 INFO  db.DBStoreBuilder (DBStoreBuilder.java:addTable(110)) - using custom profile for table: userTable
2019-07-13 19:24:17,455 INFO  db.DBStoreBuilder (DBStoreBuilder.java:processTables(161)) - Using default column profile:DBProfile.DISK for Table:userTable
2019-07-13 19:24:17,456 INFO  db.DBStoreBuilder (DBStoreBuilder.java:addTable(110)) - using custom profile for table: volumeTable
2019-07-13 19:24:17,456 INFO  db.DBStoreBuilder (DBStoreBuilder.java:processTables(161)) - Using default column profile:DBProfile.DISK for Table:volumeTable
2019-07-13 19:24:17,456 INFO  db.DBStoreBuilder (DBStoreBuilder.java:addTable(110)) - using custom profile for table: bucketTable
2019-07-13 19:24:17,456 INFO  db.DBStoreBuilder (DBStoreBuilder.java:processTables(161)) - Using default column profile:DBProfile.DISK for Table:bucketTable
2019-07-13 19:24:17,456 INFO  db.DBStoreBuilder (DBStoreBuilder.java:addTable(110)) - using custom profile for table: keyTable
2019-07-13 19:24:17,456 INFO  db.DBStoreBuilder (DBStoreBuilder.java:processTables(161)) - Using default column profile:DBProfile.DISK for Table:keyTable
2019-07-13 19:24:17,456 INFO  db.DBStoreBuilder (DBStoreBuilder.java:addTable(110)) - using custom profile for table: deletedTable
2019-07-13 19:24:17,457 INFO  db.DBStoreBuilder (DBStoreBuilder.java:processTables(161)) - Using default column profile:DBProfile.DISK for Table:deletedTable
2019-07-13 19:24:17,457 INFO  db.DBStoreBuilder (DBStoreBuilder.java:addTable(110)) - using custom profile for table: openKeyTable
2019-07-13 19:24:17,457 INFO  db.DBStoreBuilder (DBStoreBuilder.java:processTables(161)) - Using default column profile:DBProfile.DISK for Table:openKeyTable
2019-07-13 19:24:17,457 INFO  db.DBStoreBuilder (DBStoreBuilder.java:addTable(110)) - using custom profile for table: s3Table
2019-07-13 19:24:17,457 INFO  db.DBStoreBuilder (DBStoreBuilder.java:processTables(161)) - Using default column profile:DBProfile.DISK for Table:s3Table
2019-07-13 19:24:17,457 INFO  db.DBStoreBuilder (DBStoreBuilder.java:addTable(110)) - using custom profile for table: multipartInfoTable
2019-07-13 19:24:17,458 INFO  db.DBStoreBuilder (DBStoreBuilder.java:processTables(161)) - Using default column profile:DBProfile.DISK for Table:multipartInfoTable
2019-07-13 19:24:17,458 INFO  db.DBStoreBuilder (DBStoreBuilder.java:addTable(110)) - using custom profile for table: dTokenTable
2019-07-13 19:24:17,458 INFO  db.DBStoreBuilder (DBStoreBuilder.java:processTables(161)) - Using default column profile:DBProfile.DISK for Table:dTokenTable
2019-07-13 19:24:17,458 INFO  db.DBStoreBuilder (DBStoreBuilder.java:addTable(110)) - using custom profile for table: s3SecretTable
2019-07-13 19:24:17,458 INFO  db.DBStoreBuilder (DBStoreBuilder.java:processTables(161)) - Using default column profile:DBProfile.DISK for Table:s3SecretTable
2019-07-13 19:24:17,458 INFO  db.DBStoreBuilder (DBStoreBuilder.java:addTable(110)) - using custom profile for table: prefixTable
2019-07-13 19:24:17,458 INFO  db.DBStoreBuilder (DBStoreBuilder.java:processTables(161)) - Using default column profile:DBProfile.DISK for Table:prefixTable
2019-07-13 19:24:17,459 INFO  db.DBStoreBuilder (DBStoreBuilder.java:addTable(110)) - using custom profile for table: default
2019-07-13 19:24:17,459 INFO  db.DBStoreBuilder (DBStoreBuilder.java:processTables(167)) - Using default column profile:DBProfile.DISK for Table:default
2019-07-13 19:24:17,459 INFO  db.DBStoreBuilder (DBStoreBuilder.java:getDbProfile(198)) - Using default options. DBProfile.DISK
2019-07-13 19:24:17,962 INFO  ipc.CallQueueManager (CallQueueManager.java:<init>(84)) - Using callQueue: class java.util.concurrent.LinkedBlockingQueue, queueCapacity: 2000, scheduler: class org.apache.hadoop.ipc.DefaultRpcScheduler, ipcBackoff: false.
2019-07-13 19:24:17,963 INFO  ipc.Server (Server.java:run(1074)) - Starting Socket Reader #1 for port 36155
2019-07-13 19:24:17,983 WARN  server.ServerUtils (ServerUtils.java:getDBPath(222)) - ozone.om.db.dirs is not configured. We recommend adding this setting. Falling back to ozone.metadata.dirs instead.
2019-07-13 19:24:17,984 INFO  om.OzoneManager (OzoneManager.java:start(1228)) - OzoneManager RPC server is listening at localhost/127.0.0.1:36155
2019-07-13 19:24:17,984 INFO  impl.MetricsSystemImpl (MetricsSystemImpl.java:init(158)) - OzoneManager metrics system started (again)
2019-07-13 19:24:17,985 INFO  ipc.Server (Server.java:run(1314)) - IPC Server Responder: starting
2019-07-13 19:24:17,985 INFO  ipc.Server (Server.java:run(1153)) - IPC Server listener on 36155: starting
2019-07-13 19:24:17,992 INFO  hdfs.DFSUtil (DFSUtil.java:httpServerTemplateForNNAndJN(1641)) - Starting Web-server for ozoneManager at: http://0.0.0.0:0
2019-07-13 19:24:17,994 INFO  server.AuthenticationFilter (AuthenticationFilter.java:constructSecretProvider(240)) - Unable to initialize FileSignerSecretProvider, falling back to use random secrets.
2019-07-13 19:24:17,995 WARN  http.HttpRequestLog (HttpRequestLog.java:getRequestLog(97)) - Jetty request log can only be enabled using Log4j
2019-07-13 19:24:17,997 INFO  http.HttpServer2 (HttpServer2.java:addGlobalFilter(975)) - Added global filter 'safety' (class=org.apache.hadoop.http.HttpServer2$QuotingInputFilter)
2019-07-13 19:24:17,998 INFO  http.HttpServer2 (HttpServer2.java:addFilter(948)) - Added filter static_user_filter (class=org.apache.hadoop.http.lib.StaticUserWebFilter$StaticUserFilter) to context ozoneManager
2019-07-13 19:24:17,998 INFO  http.HttpServer2 (HttpServer2.java:addFilter(958)) - Added filter static_user_filter (class=org.apache.hadoop.http.lib.StaticUserWebFilter$StaticUserFilter) to context logs
2019-07-13 19:24:17,998 INFO  http.HttpServer2 (HttpServer2.java:addFilter(958)) - Added filter static_user_filter (class=org.apache.hadoop.http.lib.StaticUserWebFilter$StaticUserFilter) to context static
2019-07-13 19:24:17,999 INFO  http.HttpServer2 (HttpServer2.java:bindListener(1191)) - Jetty bound to port 44062
2019-07-13 19:24:17,999 INFO  server.Server (Server.java:doStart(351)) - jetty-9.3.24.v20180605, build timestamp: 2018-06-05T17:11:56Z, git hash: 84205aa28f11a4f31f2a3b86d1bba2cc8ab69827
2019-07-13 19:24:18,001 INFO  handler.ContextHandler (ContextHandler.java:doStart(781)) - Started o.e.j.s.ServletContextHandler@5e0e97b6{/logs,file:///tmp/workdir/hadoop-ozone/integration-test/target/log,AVAILABLE}
2019-07-13 19:24:18,002 INFO  handler.ContextHandler (ContextHandler.java:doStart(781)) - Started o.e.j.s.ServletContextHandler@46f03d6d{/static,file:///tmp/workdir/hadoop-ozone/integration-test/target/test-classes/webapps/static,AVAILABLE}
2019-07-13 19:24:18,007 INFO  handler.ContextHandler (ContextHandler.java:doStart(781)) - Started o.e.j.w.WebAppContext@1d4ae17e{/,file:///tmp/workdir/hadoop-ozone/integration-test/target/test-classes/webapps/ozoneManager/,AVAILABLE}{/ozoneManager}
2019-07-13 19:24:18,008 INFO  server.AbstractConnector (AbstractConnector.java:doStart(278)) - Started ServerConnector@44e69674{HTTP/1.1,[http/1.1]}{0.0.0.0:44062}
2019-07-13 19:24:18,010 INFO  server.Server (Server.java:doStart(419)) - Started @632128ms
2019-07-13 19:24:18,011 INFO  server.BaseHttpServer (BaseHttpServer.java:updateConnectorAddress(207)) - HTTP server of OZONEMANAGER is listening at http://0.0.0.0:44062
2019-07-13 19:24:18,028 INFO  impl.MetricsSystemImpl (MetricsSystemImpl.java:init(158)) - HddsDatanode metrics system started (again)
2019-07-13 19:24:18,029 INFO  ozone.HddsDatanodeService (HddsDatanodeService.java:start(185)) - HddsDatanodeService host:trunk-nightly-fxqsz-774976932 ip:192.168.69.122
2019-07-13 19:24:18,042 INFO  volume.HddsVolume (HddsVolume.java:<init>(176)) - Creating Volume: /tmp/workdir/hadoop-ozone/integration-test/target/test-dir/MiniOzoneClusterImpl-4a0fc0af-9b4c-46e4-8239-469c87631420/datanode-0/data/containers/hdds of  storage type : DISK and capacity : 52710309888
2019-07-13 19:24:18,043 INFO  volume.VolumeSet (VolumeSet.java:initializeVolumeSet(170)) - Added Volume : /tmp/workdir/hadoop-ozone/integration-test/target/test-dir/MiniOzoneClusterImpl-4a0fc0af-9b4c-46e4-8239-469c87631420/datanode-0/data/containers/hdds to VolumeSet
2019-07-13 19:24:18,043 INFO  volume.ThrottledAsyncChecker (ThrottledAsyncChecker.java:schedule(140)) - Scheduling a check for org.apache.hadoop.ozone.container.common.volume.HddsVolume@728ad254
2019-07-13 19:24:18,044 INFO  volume.HddsVolumeChecker (HddsVolumeChecker.java:checkAllVolumes(203)) - Scheduled health check for volume org.apache.hadoop.ozone.container.common.volume.HddsVolume@728ad254
2019-07-13 19:24:18,061 INFO  impl.RaftServerProxy (ConfUtils.java:logGet(43)) - raft.rpc.type = GRPC (default)
2019-07-13 19:24:18,061 INFO  grpc.GrpcFactory (GrpcFactory.java:checkPooledByteBufAllocatorUseCacheForAllThreads(45)) - PERFORMANCE WARNING: useCacheForAllThreads is true that may cause Netty to create a lot garbage objects and, as a result, trigger GC.
	It is recommended to disable useCacheForAllThreads by setting -Dorg.apache.ratis.thirdparty.io.netty.allocator.useCacheForAllThreads=false in command line.
2019-07-13 19:24:18,061 INFO  grpc.GrpcConfigKeys$Server (ConfUtils.java:logGet(43)) - raft.grpc.server.port = 0 (default)
2019-07-13 19:24:18,061 INFO  server.GrpcService (ConfUtils.java:logGet(43)) - raft.grpc.message.size.max = 33570816 (custom)
2019-07-13 19:24:18,062 INFO  server.RaftServerConfigKeys (ConfUtils.java:logGet(43)) - raft.server.log.appender.buffer.byte-limit = 33554432 (custom)
2019-07-13 19:24:18,062 INFO  server.GrpcService (ConfUtils.java:logGet(43)) - raft.grpc.flow.control.window = 1MB (=1048576) (default)
2019-07-13 19:24:18,062 INFO  server.RaftServerConfigKeys (ConfUtils.java:logGet(43)) - raft.server.rpc.request.timeout = 3000ms (default)
2019-07-13 19:24:18,063 INFO  server.RaftServerConfigKeys (ConfUtils.java:logGet(43)) - raft.server.storage.dir = [/tmp/workdir/hadoop-ozone/integration-test/target/test-dir/MiniOzoneClusterImpl-4a0fc0af-9b4c-46e4-8239-469c87631420/datanode-0/data/ratis] (custom)
2019-07-13 19:24:18,063 INFO  replication.SimpleContainerDownloader (SimpleContainerDownloader.java:<init>(72)) - Starting container downloader service to copy containers to replicate.
2019-07-13 19:24:18,064 INFO  hdfs.DFSUtil (DFSUtil.java:httpServerTemplateForNNAndJN(1641)) - Starting Web-server for hddsDatanode at: http://0.0.0.0:0
2019-07-13 19:24:18,067 INFO  server.AuthenticationFilter (AuthenticationFilter.java:constructSecretProvider(240)) - Unable to initialize FileSignerSecretProvider, falling back to use random secrets.
2019-07-13 19:24:18,067 WARN  http.HttpRequestLog (HttpRequestLog.java:getRequestLog(97)) - Jetty request log can only be enabled using Log4j
2019-07-13 19:24:18,068 INFO  http.HttpServer2 (HttpServer2.java:addGlobalFilter(975)) - Added global filter 'safety' (class=org.apache.hadoop.http.HttpServer2$QuotingInputFilter)
2019-07-13 19:24:18,069 INFO  http.HttpServer2 (HttpServer2.java:addFilter(948)) - Added filter static_user_filter (class=org.apache.hadoop.http.lib.StaticUserWebFilter$StaticUserFilter) to context hddsDatanode
2019-07-13 19:24:18,069 INFO  http.HttpServer2 (HttpServer2.java:addFilter(958)) - Added filter static_user_filter (class=org.apache.hadoop.http.lib.StaticUserWebFilter$StaticUserFilter) to context logs
2019-07-13 19:24:18,069 INFO  http.HttpServer2 (HttpServer2.java:addFilter(958)) - Added filter static_user_filter (class=org.apache.hadoop.http.lib.StaticUserWebFilter$StaticUserFilter) to context static
2019-07-13 19:24:18,070 INFO  http.HttpServer2 (HttpServer2.java:bindListener(1191)) - Jetty bound to port 45223
2019-07-13 19:24:18,070 INFO  server.Server (Server.java:doStart(351)) - jetty-9.3.24.v20180605, build timestamp: 2018-06-05T17:11:56Z, git hash: 84205aa28f11a4f31f2a3b86d1bba2cc8ab69827
2019-07-13 19:24:18,071 INFO  handler.ContextHandler (ContextHandler.java:doStart(781)) - Started o.e.j.s.ServletContextHandler@ee9b7ac{/logs,file:///tmp/workdir/hadoop-ozone/integration-test/target/log,AVAILABLE}
2019-07-13 19:24:18,072 INFO  handler.ContextHandler (ContextHandler.java:doStart(781)) - Started o.e.j.s.ServletContextHandler@11ae5497{/static,jar:file:/home/user/.m2/repository/org/apache/hadoop/hadoop-hdds-container-service/0.5.0-SNAPSHOT/hadoop-hdds-container-service-0.5.0-SNAPSHOT.jar!/webapps/static,AVAILABLE}
2019-07-13 19:24:18,102 INFO  handler.ContextHandler (ContextHandler.java:doStart(781)) - Started o.e.j.w.WebAppContext@bafb3bd{/,file:///tmp/jetty-0.0.0.0-45223-hddsDatanode-_-any-2345293471094371918.dir/webapp/,AVAILABLE}{/hddsDatanode}
2019-07-13 19:24:18,103 INFO  server.AbstractConnector (AbstractConnector.java:doStart(278)) - Started ServerConnector@5ae6a240{HTTP/1.1,[http/1.1]}{0.0.0.0:45223}
2019-07-13 19:24:18,104 INFO  server.Server (Server.java:doStart(419)) - Started @632223ms
2019-07-13 19:24:18,105 INFO  server.BaseHttpServer (BaseHttpServer.java:updateConnectorAddress(207)) - HTTP server of HDDSDATANODE is listening at http://0.0.0.0:45223
2019-07-13 19:24:18,203 INFO  ozone.HddsDatanodeService (HddsDatanodeService.java:startPlugins(396)) - Started plug-in org.apache.hadoop.ozone.web.OzoneHddsDatanodeService@6cee6eb7
2019-07-13 19:24:18,203 INFO  impl.MetricsSystemImpl (MetricsSystemImpl.java:init(158)) - HddsDatanode metrics system started (again)
2019-07-13 19:24:18,204 INFO  ozone.HddsDatanodeService (HddsDatanodeService.java:start(185)) - HddsDatanodeService host:trunk-nightly-fxqsz-774976932 ip:192.168.69.122
2019-07-13 19:24:18,205 INFO  util.JvmPauseMonitor (JvmPauseMonitor.java:run(188)) - Starting JVM pause monitor
2019-07-13 19:24:18,207 INFO  datanode.InitDatanodeState (InitDatanodeState.java:persistContainerDatanodeDetails(140)) - DatanodeDetails is persisted to /tmp/workdir/hadoop-ozone/integration-test/target/test-dir/MiniOzoneClusterImpl-4a0fc0af-9b4c-46e4-8239-469c87631420/datanode-0/meta/datanode.id
2019-07-13 19:24:18,215 INFO  volume.HddsVolume (HddsVolume.java:<init>(176)) - Creating Volume: /tmp/workdir/hadoop-ozone/integration-test/target/test-dir/MiniOzoneClusterImpl-4a0fc0af-9b4c-46e4-8239-469c87631420/datanode-1/data/containers/hdds of  storage type : DISK and capacity : 52710309888
2019-07-13 19:24:18,216 INFO  volume.VolumeSet (VolumeSet.java:initializeVolumeSet(170)) - Added Volume : /tmp/workdir/hadoop-ozone/integration-test/target/test-dir/MiniOzoneClusterImpl-4a0fc0af-9b4c-46e4-8239-469c87631420/datanode-1/data/containers/hdds to VolumeSet
2019-07-13 19:24:18,216 INFO  volume.ThrottledAsyncChecker (ThrottledAsyncChecker.java:schedule(140)) - Scheduling a check for org.apache.hadoop.ozone.container.common.volume.HddsVolume@6409a49a
2019-07-13 19:24:18,216 INFO  volume.HddsVolumeChecker (HddsVolumeChecker.java:checkAllVolumes(203)) - Scheduled health check for volume org.apache.hadoop.ozone.container.common.volume.HddsVolume@6409a49a
2019-07-13 19:24:18,228 INFO  impl.RaftServerProxy (ConfUtils.java:logGet(43)) - raft.rpc.type = GRPC (default)
2019-07-13 19:24:18,229 INFO  grpc.GrpcFactory (GrpcFactory.java:checkPooledByteBufAllocatorUseCacheForAllThreads(45)) - PERFORMANCE WARNING: useCacheForAllThreads is true that may cause Netty to create a lot garbage objects and, as a result, trigger GC.
	It is recommended to disable useCacheForAllThreads by setting -Dorg.apache.ratis.thirdparty.io.netty.allocator.useCacheForAllThreads=false in command line.
2019-07-13 19:24:18,229 INFO  grpc.GrpcConfigKeys$Server (ConfUtils.java:logGet(43)) - raft.grpc.server.port = 0 (default)
2019-07-13 19:24:18,229 INFO  server.GrpcService (ConfUtils.java:logGet(43)) - raft.grpc.message.size.max = 33570816 (custom)
2019-07-13 19:24:18,229 INFO  server.RaftServerConfigKeys (ConfUtils.java:logGet(43)) - raft.server.log.appender.buffer.byte-limit = 33554432 (custom)
2019-07-13 19:24:18,229 INFO  server.GrpcService (ConfUtils.java:logGet(43)) - raft.grpc.flow.control.window = 1MB (=1048576) (default)
2019-07-13 19:24:18,230 INFO  server.RaftServerConfigKeys (ConfUtils.java:logGet(43)) - raft.server.rpc.request.timeout = 3000ms (default)
2019-07-13 19:24:18,230 INFO  server.RaftServerConfigKeys (ConfUtils.java:logGet(43)) - raft.server.storage.dir = [/tmp/workdir/hadoop-ozone/integration-test/target/test-dir/MiniOzoneClusterImpl-4a0fc0af-9b4c-46e4-8239-469c87631420/datanode-1/data/ratis] (custom)
2019-07-13 19:24:18,230 INFO  replication.SimpleContainerDownloader (SimpleContainerDownloader.java:<init>(72)) - Starting container downloader service to copy containers to replicate.
2019-07-13 19:24:18,231 INFO  hdfs.DFSUtil (DFSUtil.java:httpServerTemplateForNNAndJN(1641)) - Starting Web-server for hddsDatanode at: http://0.0.0.0:0
2019-07-13 19:24:18,233 INFO  server.AuthenticationFilter (AuthenticationFilter.java:constructSecretProvider(240)) - Unable to initialize FileSignerSecretProvider, falling back to use random secrets.
2019-07-13 19:24:18,234 WARN  http.HttpRequestLog (HttpRequestLog.java:getRequestLog(97)) - Jetty request log can only be enabled using Log4j
2019-07-13 19:24:18,235 INFO  http.HttpServer2 (HttpServer2.java:addGlobalFilter(975)) - Added global filter 'safety' (class=org.apache.hadoop.http.HttpServer2$QuotingInputFilter)
2019-07-13 19:24:18,235 INFO  http.HttpServer2 (HttpServer2.java:addFilter(948)) - Added filter static_user_filter (class=org.apache.hadoop.http.lib.StaticUserWebFilter$StaticUserFilter) to context hddsDatanode
2019-07-13 19:24:18,235 INFO  http.HttpServer2 (HttpServer2.java:addFilter(958)) - Added filter static_user_filter (class=org.apache.hadoop.http.lib.StaticUserWebFilter$StaticUserFilter) to context static
2019-07-13 19:24:18,235 INFO  http.HttpServer2 (HttpServer2.java:addFilter(958)) - Added filter static_user_filter (class=org.apache.hadoop.http.lib.StaticUserWebFilter$StaticUserFilter) to context logs
2019-07-13 19:24:18,236 INFO  http.HttpServer2 (HttpServer2.java:bindListener(1191)) - Jetty bound to port 43845
2019-07-13 19:24:18,236 INFO  server.Server (Server.java:doStart(351)) - jetty-9.3.24.v20180605, build timestamp: 2018-06-05T17:11:56Z, git hash: 84205aa28f11a4f31f2a3b86d1bba2cc8ab69827
2019-07-13 19:24:18,237 INFO  handler.ContextHandler (ContextHandler.java:doStart(781)) - Started o.e.j.s.ServletContextHandler@34577542{/logs,file:///tmp/workdir/hadoop-ozone/integration-test/target/log,AVAILABLE}
2019-07-13 19:24:18,238 INFO  handler.ContextHandler (ContextHandler.java:doStart(781)) - Started o.e.j.s.ServletContextHandler@3817d886{/static,jar:file:/home/user/.m2/repository/org/apache/hadoop/hadoop-hdds-container-service/0.5.0-SNAPSHOT/hadoop-hdds-container-service-0.5.0-SNAPSHOT.jar!/webapps/static,AVAILABLE}
2019-07-13 19:24:18,264 INFO  handler.ContextHandler (ContextHandler.java:doStart(781)) - Started o.e.j.w.WebAppContext@49afa057{/,file:///tmp/jetty-0.0.0.0-43845-hddsDatanode-_-any-3811094695672194498.dir/webapp/,AVAILABLE}{/hddsDatanode}
2019-07-13 19:24:18,264 INFO  server.AbstractConnector (AbstractConnector.java:doStart(278)) - Started ServerConnector@78b5b2f9{HTTP/1.1,[http/1.1]}{0.0.0.0:43845}
2019-07-13 19:24:18,265 INFO  server.Server (Server.java:doStart(419)) - Started @632384ms
2019-07-13 19:24:18,266 INFO  server.BaseHttpServer (BaseHttpServer.java:updateConnectorAddress(207)) - HTTP server of HDDSDATANODE is listening at http://0.0.0.0:43845
2019-07-13 19:24:18,389 INFO  ozone.HddsDatanodeService (HddsDatanodeService.java:startPlugins(396)) - Started plug-in org.apache.hadoop.ozone.web.OzoneHddsDatanodeService@73021987
2019-07-13 19:24:18,390 INFO  impl.MetricsSystemImpl (MetricsSystemImpl.java:init(158)) - HddsDatanode metrics system started (again)
2019-07-13 19:24:18,391 INFO  ozone.HddsDatanodeService (HddsDatanodeService.java:start(185)) - HddsDatanodeService host:trunk-nightly-fxqsz-774976932 ip:192.168.69.122
2019-07-13 19:24:18,392 INFO  util.JvmPauseMonitor (JvmPauseMonitor.java:run(188)) - Starting JVM pause monitor
2019-07-13 19:24:18,393 INFO  datanode.InitDatanodeState (InitDatanodeState.java:persistContainerDatanodeDetails(140)) - DatanodeDetails is persisted to /tmp/workdir/hadoop-ozone/integration-test/target/test-dir/MiniOzoneClusterImpl-4a0fc0af-9b4c-46e4-8239-469c87631420/datanode-1/meta/datanode.id
2019-07-13 19:24:18,405 INFO  volume.HddsVolume (HddsVolume.java:<init>(176)) - Creating Volume: /tmp/workdir/hadoop-ozone/integration-test/target/test-dir/MiniOzoneClusterImpl-4a0fc0af-9b4c-46e4-8239-469c87631420/datanode-2/data/containers/hdds of  storage type : DISK and capacity : 52710309888
2019-07-13 19:24:18,405 INFO  volume.VolumeSet (VolumeSet.java:initializeVolumeSet(170)) - Added Volume : /tmp/workdir/hadoop-ozone/integration-test/target/test-dir/MiniOzoneClusterImpl-4a0fc0af-9b4c-46e4-8239-469c87631420/datanode-2/data/containers/hdds to VolumeSet
2019-07-13 19:24:18,405 INFO  volume.ThrottledAsyncChecker (ThrottledAsyncChecker.java:schedule(140)) - Scheduling a check for org.apache.hadoop.ozone.container.common.volume.HddsVolume@7e2723d2
2019-07-13 19:24:18,406 INFO  volume.HddsVolumeChecker (HddsVolumeChecker.java:checkAllVolumes(203)) - Scheduled health check for volume org.apache.hadoop.ozone.container.common.volume.HddsVolume@7e2723d2
2019-07-13 19:24:18,421 INFO  impl.RaftServerProxy (ConfUtils.java:logGet(43)) - raft.rpc.type = GRPC (default)
2019-07-13 19:24:18,422 INFO  grpc.GrpcFactory (GrpcFactory.java:checkPooledByteBufAllocatorUseCacheForAllThreads(45)) - PERFORMANCE WARNING: useCacheForAllThreads is true that may cause Netty to create a lot garbage objects and, as a result, trigger GC.
	It is recommended to disable useCacheForAllThreads by setting -Dorg.apache.ratis.thirdparty.io.netty.allocator.useCacheForAllThreads=false in command line.
2019-07-13 19:24:18,422 INFO  grpc.GrpcConfigKeys$Server (ConfUtils.java:logGet(43)) - raft.grpc.server.port = 0 (default)
2019-07-13 19:24:18,422 INFO  server.GrpcService (ConfUtils.java:logGet(43)) - raft.grpc.message.size.max = 33570816 (custom)
2019-07-13 19:24:18,422 INFO  server.RaftServerConfigKeys (ConfUtils.java:logGet(43)) - raft.server.log.appender.buffer.byte-limit = 33554432 (custom)
2019-07-13 19:24:18,423 INFO  server.GrpcService (ConfUtils.java:logGet(43)) - raft.grpc.flow.control.window = 1MB (=1048576) (default)
2019-07-13 19:24:18,423 INFO  server.RaftServerConfigKeys (ConfUtils.java:logGet(43)) - raft.server.rpc.request.timeout = 3000ms (default)
2019-07-13 19:24:18,423 INFO  server.RaftServerConfigKeys (ConfUtils.java:logGet(43)) - raft.server.storage.dir = [/tmp/workdir/hadoop-ozone/integration-test/target/test-dir/MiniOzoneClusterImpl-4a0fc0af-9b4c-46e4-8239-469c87631420/datanode-2/data/ratis] (custom)
2019-07-13 19:24:18,424 INFO  replication.SimpleContainerDownloader (SimpleContainerDownloader.java:<init>(72)) - Starting container downloader service to copy containers to replicate.
2019-07-13 19:24:18,425 INFO  hdfs.DFSUtil (DFSUtil.java:httpServerTemplateForNNAndJN(1641)) - Starting Web-server for hddsDatanode at: http://0.0.0.0:0
2019-07-13 19:24:18,427 INFO  server.AuthenticationFilter (AuthenticationFilter.java:constructSecretProvider(240)) - Unable to initialize FileSignerSecretProvider, falling back to use random secrets.
2019-07-13 19:24:18,428 WARN  http.HttpRequestLog (HttpRequestLog.java:getRequestLog(97)) - Jetty request log can only be enabled using Log4j
2019-07-13 19:24:18,429 INFO  http.HttpServer2 (HttpServer2.java:addGlobalFilter(975)) - Added global filter 'safety' (class=org.apache.hadoop.http.HttpServer2$QuotingInputFilter)
2019-07-13 19:24:18,430 INFO  http.HttpServer2 (HttpServer2.java:addFilter(948)) - Added filter static_user_filter (class=org.apache.hadoop.http.lib.StaticUserWebFilter$StaticUserFilter) to context hddsDatanode
2019-07-13 19:24:18,430 INFO  http.HttpServer2 (HttpServer2.java:addFilter(958)) - Added filter static_user_filter (class=org.apache.hadoop.http.lib.StaticUserWebFilter$StaticUserFilter) to context static
2019-07-13 19:24:18,430 INFO  http.HttpServer2 (HttpServer2.java:addFilter(958)) - Added filter static_user_filter (class=org.apache.hadoop.http.lib.StaticUserWebFilter$StaticUserFilter) to context logs
2019-07-13 19:24:18,431 INFO  http.HttpServer2 (HttpServer2.java:bindListener(1191)) - Jetty bound to port 41884
2019-07-13 19:24:18,432 INFO  server.Server (Server.java:doStart(351)) - jetty-9.3.24.v20180605, build timestamp: 2018-06-05T17:11:56Z, git hash: 84205aa28f11a4f31f2a3b86d1bba2cc8ab69827
2019-07-13 19:24:18,434 INFO  handler.ContextHandler (ContextHandler.java:doStart(781)) - Started o.e.j.s.ServletContextHandler@68ae86a2{/logs,file:///tmp/workdir/hadoop-ozone/integration-test/target/log,AVAILABLE}
2019-07-13 19:24:18,434 INFO  handler.ContextHandler (ContextHandler.java:doStart(781)) - Started o.e.j.s.ServletContextHandler@33d9904f{/static,jar:file:/home/user/.m2/repository/org/apache/hadoop/hadoop-hdds-container-service/0.5.0-SNAPSHOT/hadoop-hdds-container-service-0.5.0-SNAPSHOT.jar!/webapps/static,AVAILABLE}
2019-07-13 19:24:18,478 INFO  handler.ContextHandler (ContextHandler.java:doStart(781)) - Started o.e.j.w.WebAppContext@31a65ddd{/,file:///tmp/jetty-0.0.0.0-41884-hddsDatanode-_-any-991995472004315014.dir/webapp/,AVAILABLE}{/hddsDatanode}
2019-07-13 19:24:18,478 INFO  server.AbstractConnector (AbstractConnector.java:doStart(278)) - Started ServerConnector@3ca1a69b{HTTP/1.1,[http/1.1]}{0.0.0.0:41884}
2019-07-13 19:24:18,480 INFO  server.Server (Server.java:doStart(419)) - Started @632597ms
2019-07-13 19:24:18,481 INFO  server.BaseHttpServer (BaseHttpServer.java:updateConnectorAddress(207)) - HTTP server of HDDSDATANODE is listening at http://0.0.0.0:41884
2019-07-13 19:24:18,586 INFO  ozone.HddsDatanodeService (HddsDatanodeService.java:startPlugins(396)) - Started plug-in org.apache.hadoop.ozone.web.OzoneHddsDatanodeService@302e3484
2019-07-13 19:24:18,598 INFO  impl.MetricsSystemImpl (MetricsSystemImpl.java:init(158)) - HddsDatanode metrics system started (again)
2019-07-13 19:24:18,601 INFO  ozone.HddsDatanodeService (HddsDatanodeService.java:start(185)) - HddsDatanodeService host:trunk-nightly-fxqsz-774976932 ip:192.168.69.122
2019-07-13 19:24:18,602 INFO  util.JvmPauseMonitor (JvmPauseMonitor.java:run(188)) - Starting JVM pause monitor
2019-07-13 19:24:18,603 INFO  datanode.InitDatanodeState (InitDatanodeState.java:persistContainerDatanodeDetails(140)) - DatanodeDetails is persisted to /tmp/workdir/hadoop-ozone/integration-test/target/test-dir/MiniOzoneClusterImpl-4a0fc0af-9b4c-46e4-8239-469c87631420/datanode-2/meta/datanode.id
2019-07-13 19:24:18,616 INFO  volume.HddsVolume (HddsVolume.java:<init>(176)) - Creating Volume: /tmp/workdir/hadoop-ozone/integration-test/target/test-dir/MiniOzoneClusterImpl-4a0fc0af-9b4c-46e4-8239-469c87631420/datanode-3/data/containers/hdds of  storage type : DISK and capacity : 52710309888
2019-07-13 19:24:18,616 INFO  volume.VolumeSet (VolumeSet.java:initializeVolumeSet(170)) - Added Volume : /tmp/workdir/hadoop-ozone/integration-test/target/test-dir/MiniOzoneClusterImpl-4a0fc0af-9b4c-46e4-8239-469c87631420/datanode-3/data/containers/hdds to VolumeSet
2019-07-13 19:24:18,617 INFO  volume.ThrottledAsyncChecker (ThrottledAsyncChecker.java:schedule(140)) - Scheduling a check for org.apache.hadoop.ozone.container.common.volume.HddsVolume@24a5df6a
2019-07-13 19:24:18,617 INFO  volume.HddsVolumeChecker (HddsVolumeChecker.java:checkAllVolumes(203)) - Scheduled health check for volume org.apache.hadoop.ozone.container.common.volume.HddsVolume@24a5df6a
2019-07-13 19:24:18,637 INFO  impl.RaftServerProxy (ConfUtils.java:logGet(43)) - raft.rpc.type = GRPC (default)
2019-07-13 19:24:18,637 INFO  grpc.GrpcFactory (GrpcFactory.java:checkPooledByteBufAllocatorUseCacheForAllThreads(45)) - PERFORMANCE WARNING: useCacheForAllThreads is true that may cause Netty to create a lot garbage objects and, as a result, trigger GC.
	It is recommended to disable useCacheForAllThreads by setting -Dorg.apache.ratis.thirdparty.io.netty.allocator.useCacheForAllThreads=false in command line.
2019-07-13 19:24:18,637 INFO  grpc.GrpcConfigKeys$Server (ConfUtils.java:logGet(43)) - raft.grpc.server.port = 0 (default)
2019-07-13 19:24:18,638 INFO  server.GrpcService (ConfUtils.java:logGet(43)) - raft.grpc.message.size.max = 33570816 (custom)
2019-07-13 19:24:18,638 INFO  server.RaftServerConfigKeys (ConfUtils.java:logGet(43)) - raft.server.log.appender.buffer.byte-limit = 33554432 (custom)
2019-07-13 19:24:18,638 INFO  server.GrpcService (ConfUtils.java:logGet(43)) - raft.grpc.flow.control.window = 1MB (=1048576) (default)
2019-07-13 19:24:18,639 INFO  server.RaftServerConfigKeys (ConfUtils.java:logGet(43)) - raft.server.rpc.request.timeout = 3000ms (default)
2019-07-13 19:24:18,639 INFO  server.RaftServerConfigKeys (ConfUtils.java:logGet(43)) - raft.server.storage.dir = [/tmp/workdir/hadoop-ozone/integration-test/target/test-dir/MiniOzoneClusterImpl-4a0fc0af-9b4c-46e4-8239-469c87631420/datanode-3/data/ratis] (custom)
2019-07-13 19:24:18,640 INFO  replication.SimpleContainerDownloader (SimpleContainerDownloader.java:<init>(72)) - Starting container downloader service to copy containers to replicate.
2019-07-13 19:24:18,641 INFO  hdfs.DFSUtil (DFSUtil.java:httpServerTemplateForNNAndJN(1641)) - Starting Web-server for hddsDatanode at: http://0.0.0.0:0
2019-07-13 19:24:18,643 INFO  server.AuthenticationFilter (AuthenticationFilter.java:constructSecretProvider(240)) - Unable to initialize FileSignerSecretProvider, falling back to use random secrets.
2019-07-13 19:24:18,643 WARN  http.HttpRequestLog (HttpRequestLog.java:getRequestLog(97)) - Jetty request log can only be enabled using Log4j
2019-07-13 19:24:18,645 INFO  http.HttpServer2 (HttpServer2.java:addGlobalFilter(975)) - Added global filter 'safety' (class=org.apache.hadoop.http.HttpServer2$QuotingInputFilter)
2019-07-13 19:24:18,645 INFO  http.HttpServer2 (HttpServer2.java:addFilter(948)) - Added filter static_user_filter (class=org.apache.hadoop.http.lib.StaticUserWebFilter$StaticUserFilter) to context hddsDatanode
2019-07-13 19:24:18,646 INFO  http.HttpServer2 (HttpServer2.java:addFilter(958)) - Added filter static_user_filter (class=org.apache.hadoop.http.lib.StaticUserWebFilter$StaticUserFilter) to context static
2019-07-13 19:24:18,646 INFO  http.HttpServer2 (HttpServer2.java:addFilter(958)) - Added filter static_user_filter (class=org.apache.hadoop.http.lib.StaticUserWebFilter$StaticUserFilter) to context logs
2019-07-13 19:24:18,647 INFO  http.HttpServer2 (HttpServer2.java:bindListener(1191)) - Jetty bound to port 43630
2019-07-13 19:24:18,647 INFO  server.Server (Server.java:doStart(351)) - jetty-9.3.24.v20180605, build timestamp: 2018-06-05T17:11:56Z, git hash: 84205aa28f11a4f31f2a3b86d1bba2cc8ab69827
2019-07-13 19:24:18,649 INFO  handler.ContextHandler (ContextHandler.java:doStart(781)) - Started o.e.j.s.ServletContextHandler@2b7e2212{/logs,file:///tmp/workdir/hadoop-ozone/integration-test/target/log,AVAILABLE}
2019-07-13 19:24:18,649 INFO  handler.ContextHandler (ContextHandler.java:doStart(781)) - Started o.e.j.s.ServletContextHandler@6325ef80{/static,jar:file:/home/user/.m2/repository/org/apache/hadoop/hadoop-hdds-container-service/0.5.0-SNAPSHOT/hadoop-hdds-container-service-0.5.0-SNAPSHOT.jar!/webapps/static,AVAILABLE}
2019-07-13 19:24:18,688 INFO  handler.ContextHandler (ContextHandler.java:doStart(781)) - Started o.e.j.w.WebAppContext@1933e1dc{/,file:///tmp/jetty-0.0.0.0-43630-hddsDatanode-_-any-6468297444052756426.dir/webapp/,AVAILABLE}{/hddsDatanode}
2019-07-13 19:24:18,689 INFO  server.AbstractConnector (AbstractConnector.java:doStart(278)) - Started ServerConnector@53963f8e{HTTP/1.1,[http/1.1]}{0.0.0.0:43630}
2019-07-13 19:24:18,690 INFO  server.Server (Server.java:doStart(419)) - Started @632809ms
2019-07-13 19:24:18,691 INFO  server.BaseHttpServer (BaseHttpServer.java:updateConnectorAddress(207)) - HTTP server of HDDSDATANODE is listening at http://0.0.0.0:43630
2019-07-13 19:24:18,794 INFO  ozone.HddsDatanodeService (HddsDatanodeService.java:startPlugins(396)) - Started plug-in org.apache.hadoop.ozone.web.OzoneHddsDatanodeService@62d42eb7
2019-07-13 19:24:18,795 INFO  impl.MetricsSystemImpl (MetricsSystemImpl.java:init(158)) - HddsDatanode metrics system started (again)
2019-07-13 19:24:18,797 INFO  ozone.HddsDatanodeService (HddsDatanodeService.java:start(185)) - HddsDatanodeService host:trunk-nightly-fxqsz-774976932 ip:192.168.69.122
2019-07-13 19:24:18,798 INFO  util.JvmPauseMonitor (JvmPauseMonitor.java:run(188)) - Starting JVM pause monitor
2019-07-13 19:24:18,800 INFO  datanode.InitDatanodeState (InitDatanodeState.java:persistContainerDatanodeDetails(140)) - DatanodeDetails is persisted to /tmp/workdir/hadoop-ozone/integration-test/target/test-dir/MiniOzoneClusterImpl-4a0fc0af-9b4c-46e4-8239-469c87631420/datanode-3/meta/datanode.id
2019-07-13 19:24:18,812 INFO  volume.HddsVolume (HddsVolume.java:<init>(176)) - Creating Volume: /tmp/workdir/hadoop-ozone/integration-test/target/test-dir/MiniOzoneClusterImpl-4a0fc0af-9b4c-46e4-8239-469c87631420/datanode-4/data/containers/hdds of  storage type : DISK and capacity : 52710309888
2019-07-13 19:24:18,812 INFO  volume.VolumeSet (VolumeSet.java:initializeVolumeSet(170)) - Added Volume : /tmp/workdir/hadoop-ozone/integration-test/target/test-dir/MiniOzoneClusterImpl-4a0fc0af-9b4c-46e4-8239-469c87631420/datanode-4/data/containers/hdds to VolumeSet
2019-07-13 19:24:18,812 INFO  volume.ThrottledAsyncChecker (ThrottledAsyncChecker.java:schedule(140)) - Scheduling a check for org.apache.hadoop.ozone.container.common.volume.HddsVolume@2d60947f
2019-07-13 19:24:18,812 INFO  volume.HddsVolumeChecker (HddsVolumeChecker.java:checkAllVolumes(203)) - Scheduled health check for volume org.apache.hadoop.ozone.container.common.volume.HddsVolume@2d60947f
2019-07-13 19:24:18,832 INFO  impl.RaftServerProxy (ConfUtils.java:logGet(43)) - raft.rpc.type = GRPC (default)
2019-07-13 19:24:18,832 INFO  grpc.GrpcFactory (GrpcFactory.java:checkPooledByteBufAllocatorUseCacheForAllThreads(45)) - PERFORMANCE WARNING: useCacheForAllThreads is true that may cause Netty to create a lot garbage objects and, as a result, trigger GC.
	It is recommended to disable useCacheForAllThreads by setting -Dorg.apache.ratis.thirdparty.io.netty.allocator.useCacheForAllThreads=false in command line.
2019-07-13 19:24:18,833 INFO  grpc.GrpcConfigKeys$Server (ConfUtils.java:logGet(43)) - raft.grpc.server.port = 0 (default)
2019-07-13 19:24:18,833 INFO  server.GrpcService (ConfUtils.java:logGet(43)) - raft.grpc.message.size.max = 33570816 (custom)
2019-07-13 19:24:18,833 INFO  server.RaftServerConfigKeys (ConfUtils.java:logGet(43)) - raft.server.log.appender.buffer.byte-limit = 33554432 (custom)
2019-07-13 19:24:18,833 INFO  server.GrpcService (ConfUtils.java:logGet(43)) - raft.grpc.flow.control.window = 1MB (=1048576) (default)
2019-07-13 19:24:18,834 INFO  server.RaftServerConfigKeys (ConfUtils.java:logGet(43)) - raft.server.rpc.request.timeout = 3000ms (default)
2019-07-13 19:24:18,834 INFO  server.RaftServerConfigKeys (ConfUtils.java:logGet(43)) - raft.server.storage.dir = [/tmp/workdir/hadoop-ozone/integration-test/target/test-dir/MiniOzoneClusterImpl-4a0fc0af-9b4c-46e4-8239-469c87631420/datanode-4/data/ratis] (custom)
2019-07-13 19:24:18,835 INFO  replication.SimpleContainerDownloader (SimpleContainerDownloader.java:<init>(72)) - Starting container downloader service to copy containers to replicate.
2019-07-13 19:24:18,836 INFO  hdfs.DFSUtil (DFSUtil.java:httpServerTemplateForNNAndJN(1641)) - Starting Web-server for hddsDatanode at: http://0.0.0.0:0
2019-07-13 19:24:18,837 INFO  server.AuthenticationFilter (AuthenticationFilter.java:constructSecretProvider(240)) - Unable to initialize FileSignerSecretProvider, falling back to use random secrets.
2019-07-13 19:24:18,837 WARN  http.HttpRequestLog (HttpRequestLog.java:getRequestLog(97)) - Jetty request log can only be enabled using Log4j
2019-07-13 19:24:18,838 INFO  http.HttpServer2 (HttpServer2.java:addGlobalFilter(975)) - Added global filter 'safety' (class=org.apache.hadoop.http.HttpServer2$QuotingInputFilter)
2019-07-13 19:24:18,839 INFO  http.HttpServer2 (HttpServer2.java:addFilter(948)) - Added filter static_user_filter (class=org.apache.hadoop.http.lib.StaticUserWebFilter$StaticUserFilter) to context hddsDatanode
2019-07-13 19:24:18,839 INFO  http.HttpServer2 (HttpServer2.java:addFilter(958)) - Added filter static_user_filter (class=org.apache.hadoop.http.lib.StaticUserWebFilter$StaticUserFilter) to context static
2019-07-13 19:24:18,839 INFO  http.HttpServer2 (HttpServer2.java:addFilter(958)) - Added filter static_user_filter (class=org.apache.hadoop.http.lib.StaticUserWebFilter$StaticUserFilter) to context logs
2019-07-13 19:24:18,840 INFO  http.HttpServer2 (HttpServer2.java:bindListener(1191)) - Jetty bound to port 36013
2019-07-13 19:24:18,840 INFO  server.Server (Server.java:doStart(351)) - jetty-9.3.24.v20180605, build timestamp: 2018-06-05T17:11:56Z, git hash: 84205aa28f11a4f31f2a3b86d1bba2cc8ab69827
2019-07-13 19:24:18,841 INFO  handler.ContextHandler (ContextHandler.java:doStart(781)) - Started o.e.j.s.ServletContextHandler@374b1d85{/logs,file:///tmp/workdir/hadoop-ozone/integration-test/target/log,AVAILABLE}
2019-07-13 19:24:18,842 INFO  handler.ContextHandler (ContextHandler.java:doStart(781)) - Started o.e.j.s.ServletContextHandler@a95c1f6{/static,jar:file:/home/user/.m2/repository/org/apache/hadoop/hadoop-hdds-container-service/0.5.0-SNAPSHOT/hadoop-hdds-container-service-0.5.0-SNAPSHOT.jar!/webapps/static,AVAILABLE}
2019-07-13 19:24:18,869 INFO  handler.ContextHandler (ContextHandler.java:doStart(781)) - Started o.e.j.w.WebAppContext@5c15d1bc{/,file:///tmp/jetty-0.0.0.0-36013-hddsDatanode-_-any-5953263032731268567.dir/webapp/,AVAILABLE}{/hddsDatanode}
2019-07-13 19:24:18,869 INFO  server.AbstractConnector (AbstractConnector.java:doStart(278)) - Started ServerConnector@1581c6fe{HTTP/1.1,[http/1.1]}{0.0.0.0:36013}
2019-07-13 19:24:18,870 INFO  server.Server (Server.java:doStart(419)) - Started @632988ms
2019-07-13 19:24:18,872 INFO  server.BaseHttpServer (BaseHttpServer.java:updateConnectorAddress(207)) - HTTP server of HDDSDATANODE is listening at http://0.0.0.0:36013
2019-07-13 19:24:18,967 INFO  ozone.HddsDatanodeService (HddsDatanodeService.java:startPlugins(396)) - Started plug-in org.apache.hadoop.ozone.web.OzoneHddsDatanodeService@64476bb5
2019-07-13 19:24:18,967 INFO  impl.MetricsSystemImpl (MetricsSystemImpl.java:init(158)) - HddsDatanode metrics system started (again)
2019-07-13 19:24:18,970 INFO  ozone.HddsDatanodeService (HddsDatanodeService.java:start(185)) - HddsDatanodeService host:trunk-nightly-fxqsz-774976932 ip:192.168.69.122
2019-07-13 19:24:18,971 INFO  util.JvmPauseMonitor (JvmPauseMonitor.java:run(188)) - Starting JVM pause monitor
2019-07-13 19:24:18,973 INFO  datanode.InitDatanodeState (InitDatanodeState.java:persistContainerDatanodeDetails(140)) - DatanodeDetails is persisted to /tmp/workdir/hadoop-ozone/integration-test/target/test-dir/MiniOzoneClusterImpl-4a0fc0af-9b4c-46e4-8239-469c87631420/datanode-4/meta/datanode.id
2019-07-13 19:24:18,985 INFO  volume.HddsVolume (HddsVolume.java:<init>(176)) - Creating Volume: /tmp/workdir/hadoop-ozone/integration-test/target/test-dir/MiniOzoneClusterImpl-4a0fc0af-9b4c-46e4-8239-469c87631420/datanode-5/data/containers/hdds of  storage type : DISK and capacity : 52710309888
2019-07-13 19:24:18,985 INFO  volume.VolumeSet (VolumeSet.java:initializeVolumeSet(170)) - Added Volume : /tmp/workdir/hadoop-ozone/integration-test/target/test-dir/MiniOzoneClusterImpl-4a0fc0af-9b4c-46e4-8239-469c87631420/datanode-5/data/containers/hdds to VolumeSet
2019-07-13 19:24:18,985 INFO  volume.ThrottledAsyncChecker (ThrottledAsyncChecker.java:schedule(140)) - Scheduling a check for org.apache.hadoop.ozone.container.common.volume.HddsVolume@37b117dd
2019-07-13 19:24:18,986 INFO  volume.HddsVolumeChecker (HddsVolumeChecker.java:checkAllVolumes(203)) - Scheduled health check for volume org.apache.hadoop.ozone.container.common.volume.HddsVolume@37b117dd
2019-07-13 19:24:18,999 INFO  impl.RaftServerProxy (ConfUtils.java:logGet(43)) - raft.rpc.type = GRPC (default)
2019-07-13 19:24:19,000 INFO  grpc.GrpcFactory (GrpcFactory.java:checkPooledByteBufAllocatorUseCacheForAllThreads(45)) - PERFORMANCE WARNING: useCacheForAllThreads is true that may cause Netty to create a lot garbage objects and, as a result, trigger GC.
	It is recommended to disable useCacheForAllThreads by setting -Dorg.apache.ratis.thirdparty.io.netty.allocator.useCacheForAllThreads=false in command line.
2019-07-13 19:24:19,000 INFO  grpc.GrpcConfigKeys$Server (ConfUtils.java:logGet(43)) - raft.grpc.server.port = 0 (default)
2019-07-13 19:24:19,000 INFO  server.GrpcService (ConfUtils.java:logGet(43)) - raft.grpc.message.size.max = 33570816 (custom)
2019-07-13 19:24:19,000 INFO  server.RaftServerConfigKeys (ConfUtils.java:logGet(43)) - raft.server.log.appender.buffer.byte-limit = 33554432 (custom)
2019-07-13 19:24:19,000 INFO  server.GrpcService (ConfUtils.java:logGet(43)) - raft.grpc.flow.control.window = 1MB (=1048576) (default)
2019-07-13 19:24:19,001 INFO  server.RaftServerConfigKeys (ConfUtils.java:logGet(43)) - raft.server.rpc.request.timeout = 3000ms (default)
2019-07-13 19:24:19,001 INFO  server.RaftServerConfigKeys (ConfUtils.java:logGet(43)) - raft.server.storage.dir = [/tmp/workdir/hadoop-ozone/integration-test/target/test-dir/MiniOzoneClusterImpl-4a0fc0af-9b4c-46e4-8239-469c87631420/datanode-5/data/ratis] (custom)
2019-07-13 19:24:19,001 INFO  replication.SimpleContainerDownloader (SimpleContainerDownloader.java:<init>(72)) - Starting container downloader service to copy containers to replicate.
2019-07-13 19:24:19,002 INFO  hdfs.DFSUtil (DFSUtil.java:httpServerTemplateForNNAndJN(1641)) - Starting Web-server for hddsDatanode at: http://0.0.0.0:0
2019-07-13 19:24:19,003 INFO  server.AuthenticationFilter (AuthenticationFilter.java:constructSecretProvider(240)) - Unable to initialize FileSignerSecretProvider, falling back to use random secrets.
2019-07-13 19:24:19,003 WARN  http.HttpRequestLog (HttpRequestLog.java:getRequestLog(97)) - Jetty request log can only be enabled using Log4j
2019-07-13 19:24:19,004 INFO  http.HttpServer2 (HttpServer2.java:addGlobalFilter(975)) - Added global filter 'safety' (class=org.apache.hadoop.http.HttpServer2$QuotingInputFilter)
2019-07-13 19:24:19,005 INFO  http.HttpServer2 (HttpServer2.java:addFilter(948)) - Added filter static_user_filter (class=org.apache.hadoop.http.lib.StaticUserWebFilter$StaticUserFilter) to context hddsDatanode
2019-07-13 19:24:19,005 INFO  http.HttpServer2 (HttpServer2.java:addFilter(958)) - Added filter static_user_filter (class=org.apache.hadoop.http.lib.StaticUserWebFilter$StaticUserFilter) to context logs
2019-07-13 19:24:19,005 INFO  http.HttpServer2 (HttpServer2.java:addFilter(958)) - Added filter static_user_filter (class=org.apache.hadoop.http.lib.StaticUserWebFilter$StaticUserFilter) to context static
2019-07-13 19:24:19,006 INFO  http.HttpServer2 (HttpServer2.java:bindListener(1191)) - Jetty bound to port 35160
2019-07-13 19:24:19,006 INFO  server.Server (Server.java:doStart(351)) - jetty-9.3.24.v20180605, build timestamp: 2018-06-05T17:11:56Z, git hash: 84205aa28f11a4f31f2a3b86d1bba2cc8ab69827
2019-07-13 19:24:19,007 INFO  handler.ContextHandler (ContextHandler.java:doStart(781)) - Started o.e.j.s.ServletContextHandler@62d26820{/logs,file:///tmp/workdir/hadoop-ozone/integration-test/target/log,AVAILABLE}
2019-07-13 19:24:19,007 INFO  handler.ContextHandler (ContextHandler.java:doStart(781)) - Started o.e.j.s.ServletContextHandler@49a14b44{/static,jar:file:/home/user/.m2/repository/org/apache/hadoop/hadoop-hdds-container-service/0.5.0-SNAPSHOT/hadoop-hdds-container-service-0.5.0-SNAPSHOT.jar!/webapps/static,AVAILABLE}
2019-07-13 19:24:19,034 INFO  handler.ContextHandler (ContextHandler.java:doStart(781)) - Started o.e.j.w.WebAppContext@562998d3{/,file:///tmp/jetty-0.0.0.0-35160-hddsDatanode-_-any-5689023656926635215.dir/webapp/,AVAILABLE}{/hddsDatanode}
2019-07-13 19:24:19,034 INFO  server.AbstractConnector (AbstractConnector.java:doStart(278)) - Started ServerConnector@729fc36a{HTTP/1.1,[http/1.1]}{0.0.0.0:35160}
2019-07-13 19:24:19,034 INFO  server.Server (Server.java:doStart(419)) - Started @633153ms
2019-07-13 19:24:19,037 INFO  server.BaseHttpServer (BaseHttpServer.java:updateConnectorAddress(207)) - HTTP server of HDDSDATANODE is listening at http://0.0.0.0:35160
2019-07-13 19:24:19,131 INFO  ozone.HddsDatanodeService (HddsDatanodeService.java:startPlugins(396)) - Started plug-in org.apache.hadoop.ozone.web.OzoneHddsDatanodeService@6c23667e
2019-07-13 19:24:19,132 INFO  impl.MetricsSystemImpl (MetricsSystemImpl.java:init(158)) - HddsDatanode metrics system started (again)
2019-07-13 19:24:19,135 INFO  ozone.HddsDatanodeService (HddsDatanodeService.java:start(185)) - HddsDatanodeService host:trunk-nightly-fxqsz-774976932 ip:192.168.69.122
2019-07-13 19:24:19,136 INFO  util.JvmPauseMonitor (JvmPauseMonitor.java:run(188)) - Starting JVM pause monitor
2019-07-13 19:24:19,137 INFO  datanode.InitDatanodeState (InitDatanodeState.java:persistContainerDatanodeDetails(140)) - DatanodeDetails is persisted to /tmp/workdir/hadoop-ozone/integration-test/target/test-dir/MiniOzoneClusterImpl-4a0fc0af-9b4c-46e4-8239-469c87631420/datanode-5/meta/datanode.id
2019-07-13 19:24:19,149 INFO  volume.HddsVolume (HddsVolume.java:<init>(176)) - Creating Volume: /tmp/workdir/hadoop-ozone/integration-test/target/test-dir/MiniOzoneClusterImpl-4a0fc0af-9b4c-46e4-8239-469c87631420/datanode-6/data/containers/hdds of  storage type : DISK and capacity : 52710309888
2019-07-13 19:24:19,149 INFO  volume.VolumeSet (VolumeSet.java:initializeVolumeSet(170)) - Added Volume : /tmp/workdir/hadoop-ozone/integration-test/target/test-dir/MiniOzoneClusterImpl-4a0fc0af-9b4c-46e4-8239-469c87631420/datanode-6/data/containers/hdds to VolumeSet
2019-07-13 19:24:19,149 INFO  volume.ThrottledAsyncChecker (ThrottledAsyncChecker.java:schedule(140)) - Scheduling a check for org.apache.hadoop.ozone.container.common.volume.HddsVolume@250284ae
2019-07-13 19:24:19,150 INFO  volume.HddsVolumeChecker (HddsVolumeChecker.java:checkAllVolumes(203)) - Scheduled health check for volume org.apache.hadoop.ozone.container.common.volume.HddsVolume@250284ae
2019-07-13 19:24:19,164 INFO  impl.RaftServerProxy (ConfUtils.java:logGet(43)) - raft.rpc.type = GRPC (default)
2019-07-13 19:24:19,164 INFO  grpc.GrpcFactory (GrpcFactory.java:checkPooledByteBufAllocatorUseCacheForAllThreads(45)) - PERFORMANCE WARNING: useCacheForAllThreads is true that may cause Netty to create a lot garbage objects and, as a result, trigger GC.
	It is recommended to disable useCacheForAllThreads by setting -Dorg.apache.ratis.thirdparty.io.netty.allocator.useCacheForAllThreads=false in command line.
2019-07-13 19:24:19,164 INFO  grpc.GrpcConfigKeys$Server (ConfUtils.java:logGet(43)) - raft.grpc.server.port = 0 (default)
2019-07-13 19:24:19,164 INFO  server.GrpcService (ConfUtils.java:logGet(43)) - raft.grpc.message.size.max = 33570816 (custom)
2019-07-13 19:24:19,164 INFO  server.RaftServerConfigKeys (ConfUtils.java:logGet(43)) - raft.server.log.appender.buffer.byte-limit = 33554432 (custom)
2019-07-13 19:24:19,165 INFO  server.GrpcService (ConfUtils.java:logGet(43)) - raft.grpc.flow.control.window = 1MB (=1048576) (default)
2019-07-13 19:24:19,165 INFO  server.RaftServerConfigKeys (ConfUtils.java:logGet(43)) - raft.server.rpc.request.timeout = 3000ms (default)
2019-07-13 19:24:19,165 INFO  server.RaftServerConfigKeys (ConfUtils.java:logGet(43)) - raft.server.storage.dir = [/tmp/workdir/hadoop-ozone/integration-test/target/test-dir/MiniOzoneClusterImpl-4a0fc0af-9b4c-46e4-8239-469c87631420/datanode-6/data/ratis] (custom)
2019-07-13 19:24:19,166 INFO  replication.SimpleContainerDownloader (SimpleContainerDownloader.java:<init>(72)) - Starting container downloader service to copy containers to replicate.
2019-07-13 19:24:19,166 INFO  hdfs.DFSUtil (DFSUtil.java:httpServerTemplateForNNAndJN(1641)) - Starting Web-server for hddsDatanode at: http://0.0.0.0:0
2019-07-13 19:24:19,167 INFO  server.AuthenticationFilter (AuthenticationFilter.java:constructSecretProvider(240)) - Unable to initialize FileSignerSecretProvider, falling back to use random secrets.
2019-07-13 19:24:19,168 WARN  http.HttpRequestLog (HttpRequestLog.java:getRequestLog(97)) - Jetty request log can only be enabled using Log4j
2019-07-13 19:24:19,168 INFO  http.HttpServer2 (HttpServer2.java:addGlobalFilter(975)) - Added global filter 'safety' (class=org.apache.hadoop.http.HttpServer2$QuotingInputFilter)
2019-07-13 19:24:19,169 INFO  http.HttpServer2 (HttpServer2.java:addFilter(948)) - Added filter static_user_filter (class=org.apache.hadoop.http.lib.StaticUserWebFilter$StaticUserFilter) to context hddsDatanode
2019-07-13 19:24:19,169 INFO  http.HttpServer2 (HttpServer2.java:addFilter(958)) - Added filter static_user_filter (class=org.apache.hadoop.http.lib.StaticUserWebFilter$StaticUserFilter) to context static
2019-07-13 19:24:19,169 INFO  http.HttpServer2 (HttpServer2.java:addFilter(958)) - Added filter static_user_filter (class=org.apache.hadoop.http.lib.StaticUserWebFilter$StaticUserFilter) to context logs
2019-07-13 19:24:19,170 INFO  http.HttpServer2 (HttpServer2.java:bindListener(1191)) - Jetty bound to port 35043
2019-07-13 19:24:19,170 INFO  server.Server (Server.java:doStart(351)) - jetty-9.3.24.v20180605, build timestamp: 2018-06-05T17:11:56Z, git hash: 84205aa28f11a4f31f2a3b86d1bba2cc8ab69827
2019-07-13 19:24:19,171 INFO  handler.ContextHandler (ContextHandler.java:doStart(781)) - Started o.e.j.s.ServletContextHandler@19323826{/logs,file:///tmp/workdir/hadoop-ozone/integration-test/target/log,AVAILABLE}
2019-07-13 19:24:19,172 INFO  handler.ContextHandler (ContextHandler.java:doStart(781)) - Started o.e.j.s.ServletContextHandler@76466a5{/static,jar:file:/home/user/.m2/repository/org/apache/hadoop/hadoop-hdds-container-service/0.5.0-SNAPSHOT/hadoop-hdds-container-service-0.5.0-SNAPSHOT.jar!/webapps/static,AVAILABLE}
2019-07-13 19:24:19,198 INFO  handler.ContextHandler (ContextHandler.java:doStart(781)) - Started o.e.j.w.WebAppContext@2e706bc6{/,file:///tmp/jetty-0.0.0.0-35043-hddsDatanode-_-any-2443482910514900605.dir/webapp/,AVAILABLE}{/hddsDatanode}
2019-07-13 19:24:19,198 INFO  server.AbstractConnector (AbstractConnector.java:doStart(278)) - Started ServerConnector@653bfc3d{HTTP/1.1,[http/1.1]}{0.0.0.0:35043}
2019-07-13 19:24:19,198 INFO  server.Server (Server.java:doStart(419)) - Started @633317ms
2019-07-13 19:24:19,200 INFO  server.BaseHttpServer (BaseHttpServer.java:updateConnectorAddress(207)) - HTTP server of HDDSDATANODE is listening at http://0.0.0.0:35043
2019-07-13 19:24:19,295 INFO  ozone.HddsDatanodeService (HddsDatanodeService.java:startPlugins(396)) - Started plug-in org.apache.hadoop.ozone.web.OzoneHddsDatanodeService@5fada492
2019-07-13 19:24:19,296 INFO  ozone.MiniOzoneClusterImpl (MiniOzoneClusterImpl.java:lambda$waitForClusterToBeReady$0(142)) - Waiting for cluster to be ready. Got 0 of 7 DN Heartbeats.
2019-07-13 19:24:19,300 INFO  util.JvmPauseMonitor (JvmPauseMonitor.java:run(188)) - Starting JVM pause monitor
2019-07-13 19:24:19,301 INFO  datanode.InitDatanodeState (InitDatanodeState.java:persistContainerDatanodeDetails(140)) - DatanodeDetails is persisted to /tmp/workdir/hadoop-ozone/integration-test/target/test-dir/MiniOzoneClusterImpl-4a0fc0af-9b4c-46e4-8239-469c87631420/datanode-6/meta/datanode.id
2019-07-13 19:24:20,228 INFO  ozoneimpl.OzoneContainer (OzoneContainer.java:start(186)) - Attempting to start container services.
2019-07-13 19:24:20,231 INFO  ozoneimpl.OzoneContainer (OzoneContainer.java:startContainerScrub(160)) - Background container scrubber has been disabled by hdds.containerscrub.enabled
2019-07-13 19:24:20,231 INFO  ratis.XceiverServerRatis (XceiverServerRatis.java:start(418)) - Starting XceiverServerRatis 62184408-7eb2-4416-9ece-01a663426769 at port 0
2019-07-13 19:24:20,238 INFO  impl.RaftServerProxy (RaftServerProxy.java:lambda$start$3(299)) - 62184408-7eb2-4416-9ece-01a663426769: start RPC server
2019-07-13 19:24:20,240 INFO  server.GrpcService (GrpcService.java:startImpl(149)) - 62184408-7eb2-4416-9ece-01a663426769: GrpcService started, listening on 0.0.0.0/0.0.0.0:40700
2019-07-13 19:24:20,240 INFO  ratis.XceiverServerRatis (XceiverServerRatis.java:start(428)) - XceiverServerRatis 62184408-7eb2-4416-9ece-01a663426769 is started using port 40700
2019-07-13 19:24:20,240 INFO  server.XceiverServerGrpc (XceiverServerGrpc.java:start(161)) - XceiverServerGrpc 62184408-7eb2-4416-9ece-01a663426769 is started using port 38894
2019-07-13 19:24:20,296 INFO  ozone.MiniOzoneClusterImpl (MiniOzoneClusterImpl.java:lambda$waitForClusterToBeReady$0(142)) - Waiting for cluster to be ready. Got 0 of 7 DN Heartbeats.
2019-07-13 19:24:20,407 INFO  ozoneimpl.OzoneContainer (OzoneContainer.java:start(186)) - Attempting to start container services.
2019-07-13 19:24:20,410 INFO  ozoneimpl.OzoneContainer (OzoneContainer.java:startContainerScrub(160)) - Background container scrubber has been disabled by hdds.containerscrub.enabled
2019-07-13 19:24:20,411 INFO  ratis.XceiverServerRatis (XceiverServerRatis.java:start(418)) - Starting XceiverServerRatis e3e59723-a214-489c-85bf-165f3068cc6d at port 0
2019-07-13 19:24:20,418 INFO  impl.RaftServerProxy (RaftServerProxy.java:lambda$start$3(299)) - e3e59723-a214-489c-85bf-165f3068cc6d: start RPC server
2019-07-13 19:24:20,426 INFO  server.GrpcService (GrpcService.java:startImpl(149)) - e3e59723-a214-489c-85bf-165f3068cc6d: GrpcService started, listening on 0.0.0.0/0.0.0.0:46414
2019-07-13 19:24:20,426 INFO  ratis.XceiverServerRatis (XceiverServerRatis.java:start(428)) - XceiverServerRatis e3e59723-a214-489c-85bf-165f3068cc6d is started using port 46414
2019-07-13 19:24:20,427 INFO  server.XceiverServerGrpc (XceiverServerGrpc.java:start(161)) - XceiverServerGrpc e3e59723-a214-489c-85bf-165f3068cc6d is started using port 35652
2019-07-13 19:24:20,616 INFO  ozoneimpl.OzoneContainer (OzoneContainer.java:start(186)) - Attempting to start container services.
2019-07-13 19:24:20,622 INFO  ozoneimpl.OzoneContainer (OzoneContainer.java:startContainerScrub(160)) - Background container scrubber has been disabled by hdds.containerscrub.enabled
2019-07-13 19:24:20,622 INFO  ratis.XceiverServerRatis (XceiverServerRatis.java:start(418)) - Starting XceiverServerRatis fdb98542-434e-4b81-b826-43812cb55508 at port 0
2019-07-13 19:24:20,630 INFO  impl.RaftServerProxy (RaftServerProxy.java:lambda$start$3(299)) - fdb98542-434e-4b81-b826-43812cb55508: start RPC server
2019-07-13 19:24:20,632 INFO  server.GrpcService (GrpcService.java:startImpl(149)) - fdb98542-434e-4b81-b826-43812cb55508: GrpcService started, listening on 0.0.0.0/0.0.0.0:33118
2019-07-13 19:24:20,632 INFO  ratis.XceiverServerRatis (XceiverServerRatis.java:start(428)) - XceiverServerRatis fdb98542-434e-4b81-b826-43812cb55508 is started using port 33118
2019-07-13 19:24:20,640 INFO  server.XceiverServerGrpc (XceiverServerGrpc.java:start(161)) - XceiverServerGrpc fdb98542-434e-4b81-b826-43812cb55508 is started using port 38902
2019-07-13 19:24:20,813 INFO  ozoneimpl.OzoneContainer (OzoneContainer.java:start(186)) - Attempting to start container services.
2019-07-13 19:24:20,813 INFO  ozoneimpl.OzoneContainer (OzoneContainer.java:startContainerScrub(160)) - Background container scrubber has been disabled by hdds.containerscrub.enabled
2019-07-13 19:24:20,813 INFO  ratis.XceiverServerRatis (XceiverServerRatis.java:start(418)) - Starting XceiverServerRatis eed5c648-ddd6-4c02-9f5e-b334fefb281b at port 0
2019-07-13 19:24:20,821 INFO  impl.RaftServerProxy (RaftServerProxy.java:lambda$start$3(299)) - eed5c648-ddd6-4c02-9f5e-b334fefb281b: start RPC server
2019-07-13 19:24:20,824 INFO  server.GrpcService (GrpcService.java:startImpl(149)) - eed5c648-ddd6-4c02-9f5e-b334fefb281b: GrpcService started, listening on 0.0.0.0/0.0.0.0:33402
2019-07-13 19:24:20,824 INFO  ratis.XceiverServerRatis (XceiverServerRatis.java:start(428)) - XceiverServerRatis eed5c648-ddd6-4c02-9f5e-b334fefb281b is started using port 33402
2019-07-13 19:24:20,825 INFO  server.XceiverServerGrpc (XceiverServerGrpc.java:start(161)) - XceiverServerGrpc eed5c648-ddd6-4c02-9f5e-b334fefb281b is started using port 44905
2019-07-13 19:24:20,985 INFO  ozoneimpl.OzoneContainer (OzoneContainer.java:start(186)) - Attempting to start container services.
2019-07-13 19:24:20,985 INFO  ozoneimpl.OzoneContainer (OzoneContainer.java:startContainerScrub(160)) - Background container scrubber has been disabled by hdds.containerscrub.enabled
2019-07-13 19:24:20,985 INFO  ratis.XceiverServerRatis (XceiverServerRatis.java:start(418)) - Starting XceiverServerRatis ec61217a-c36d-4325-a744-4eef837c4b1b at port 0
2019-07-13 19:24:20,993 INFO  impl.RaftServerProxy (RaftServerProxy.java:lambda$start$3(299)) - ec61217a-c36d-4325-a744-4eef837c4b1b: start RPC server
2019-07-13 19:24:20,994 INFO  server.GrpcService (GrpcService.java:startImpl(149)) - ec61217a-c36d-4325-a744-4eef837c4b1b: GrpcService started, listening on 0.0.0.0/0.0.0.0:34872
2019-07-13 19:24:20,994 INFO  ratis.XceiverServerRatis (XceiverServerRatis.java:start(428)) - XceiverServerRatis ec61217a-c36d-4325-a744-4eef837c4b1b is started using port 34872
2019-07-13 19:24:20,995 INFO  server.XceiverServerGrpc (XceiverServerGrpc.java:start(161)) - XceiverServerGrpc ec61217a-c36d-4325-a744-4eef837c4b1b is started using port 33293
2019-07-13 19:24:21,149 INFO  ozoneimpl.OzoneContainer (OzoneContainer.java:start(186)) - Attempting to start container services.
2019-07-13 19:24:21,149 INFO  ozoneimpl.OzoneContainer (OzoneContainer.java:startContainerScrub(160)) - Background container scrubber has been disabled by hdds.containerscrub.enabled
2019-07-13 19:24:21,150 INFO  ratis.XceiverServerRatis (XceiverServerRatis.java:start(418)) - Starting XceiverServerRatis 5acdc1a5-2360-4ed6-8079-db033c400996 at port 0
2019-07-13 19:24:21,157 INFO  impl.RaftServerProxy (RaftServerProxy.java:lambda$start$3(299)) - 5acdc1a5-2360-4ed6-8079-db033c400996: start RPC server
2019-07-13 19:24:21,157 INFO  server.GrpcService (GrpcService.java:startImpl(149)) - 5acdc1a5-2360-4ed6-8079-db033c400996: GrpcService started, listening on 0.0.0.0/0.0.0.0:44461
2019-07-13 19:24:21,157 INFO  ratis.XceiverServerRatis (XceiverServerRatis.java:start(428)) - XceiverServerRatis 5acdc1a5-2360-4ed6-8079-db033c400996 is started using port 44461
2019-07-13 19:24:21,158 INFO  server.XceiverServerGrpc (XceiverServerGrpc.java:start(161)) - XceiverServerGrpc 5acdc1a5-2360-4ed6-8079-db033c400996 is started using port 36379
2019-07-13 19:24:21,296 INFO  ozone.MiniOzoneClusterImpl (MiniOzoneClusterImpl.java:lambda$waitForClusterToBeReady$0(142)) - Waiting for cluster to be ready. Got 0 of 7 DN Heartbeats.
2019-07-13 19:24:21,314 INFO  ozoneimpl.OzoneContainer (OzoneContainer.java:start(186)) - Attempting to start container services.
2019-07-13 19:24:21,314 INFO  ozoneimpl.OzoneContainer (OzoneContainer.java:startContainerScrub(160)) - Background container scrubber has been disabled by hdds.containerscrub.enabled
2019-07-13 19:24:21,314 INFO  ratis.XceiverServerRatis (XceiverServerRatis.java:start(418)) - Starting XceiverServerRatis 386e0f33-33d7-4881-a1d9-368b4483c00b at port 0
2019-07-13 19:24:21,321 INFO  impl.RaftServerProxy (RaftServerProxy.java:lambda$start$3(299)) - 386e0f33-33d7-4881-a1d9-368b4483c00b: start RPC server
2019-07-13 19:24:21,322 INFO  server.GrpcService (GrpcService.java:startImpl(149)) - 386e0f33-33d7-4881-a1d9-368b4483c00b: GrpcService started, listening on 0.0.0.0/0.0.0.0:37201
2019-07-13 19:24:21,322 INFO  ratis.XceiverServerRatis (XceiverServerRatis.java:start(428)) - XceiverServerRatis 386e0f33-33d7-4881-a1d9-368b4483c00b is started using port 37201
2019-07-13 19:24:21,326 INFO  server.XceiverServerGrpc (XceiverServerGrpc.java:start(161)) - XceiverServerGrpc 386e0f33-33d7-4881-a1d9-368b4483c00b is started using port 41296
2019-07-13 19:24:22,211 INFO  net.NetworkTopology (NetworkTopologyImpl.java:add(110)) - Added a new node: /default-rack/192.168.69.122
2019-07-13 19:24:22,214 INFO  node.SCMNodeManager (SCMNodeManager.java:register(269)) - Registered Data node : 62184408-7eb2-4416-9ece-01a663426769{ip: 192.168.69.122, host: trunk-nightly-fxqsz-774976932, networkLocation: /default-rack, certSerialId: null}
2019-07-13 19:24:22,215 INFO  safemode.SCMSafeModeManager (DataNodeSafeModeRule.java:process(71)) - SCM in safe mode. 1 DataNodes registered, 1 required.
2019-07-13 19:24:22,218 INFO  safemode.SCMSafeModeManager (SCMSafeModeManager.java:validateSafeModeExitRules(177)) - ScmSafeModeManager, all rules are successfully validated
2019-07-13 19:24:22,218 INFO  safemode.SCMSafeModeManager (SCMSafeModeManager.java:exitSafeMode(193)) - SCM exiting safe mode.
2019-07-13 19:24:22,229 INFO  impl.RaftServerProxy (RaftServerProxy.java:addNew(89)) - 62184408-7eb2-4416-9ece-01a663426769: addNew group-FFC1ECAA9FC2:[62184408-7eb2-4416-9ece-01a663426769:192.168.69.122:40700] returns group-FFC1ECAA9FC2:java.util.concurrent.CompletableFuture@1fa44598[Not completed]
2019-07-13 19:24:22,230 INFO  impl.RaftServerImpl (RaftServerImpl.java:<init>(93)) - 62184408-7eb2-4416-9ece-01a663426769: new RaftServerImpl for group-FFC1ECAA9FC2:[62184408-7eb2-4416-9ece-01a663426769:192.168.69.122:40700] with ContainerStateMachine:uninitialized
2019-07-13 19:24:22,231 INFO  server.RaftServerConfigKeys (ConfUtils.java:logGet(43)) - raft.server.rpc.timeout.min = 5s (custom)
2019-07-13 19:24:22,231 INFO  server.RaftServerConfigKeys (ConfUtils.java:logGet(43)) - raft.server.rpc.timeout.max = 5200ms (custom)
2019-07-13 19:24:22,231 INFO  server.RaftServerConfigKeys (ConfUtils.java:logGet(43)) - raft.server.rpcslowness.timeout = 120s (custom)
2019-07-13 19:24:22,231 INFO  server.RaftServerConfigKeys (ConfUtils.java:logGet(43)) - raft.server.sleep.deviation.threshold = 300 (default)
2019-07-13 19:24:22,231 INFO  server.RaftServerConfigKeys (ConfUtils.java:logGet(43)) - raft.server.log.appender.install.snapshot.enabled = false (custom)
2019-07-13 19:24:22,231 INFO  impl.RaftServerImpl (ServerState.java:<init>(105)) - 62184408-7eb2-4416-9ece-01a663426769:group-FFC1ECAA9FC2 ConfigurationManager, init=-1: [62184408-7eb2-4416-9ece-01a663426769:192.168.69.122:40700], old=null, confs=<EMPTY_MAP>
2019-07-13 19:24:22,231 INFO  server.RaftServerConfigKeys (ConfUtils.java:logGet(43)) - raft.server.storage.dir = [/tmp/workdir/hadoop-ozone/integration-test/target/test-dir/MiniOzoneClusterImpl-4a0fc0af-9b4c-46e4-8239-469c87631420/datanode-0/data/ratis] (custom)
2019-07-13 19:24:22,232 INFO  storage.RaftStorageDirectory (RaftStorageDirectory.java:analyzeStorage(246)) - The storage directory /tmp/workdir/hadoop-ozone/integration-test/target/test-dir/MiniOzoneClusterImpl-4a0fc0af-9b4c-46e4-8239-469c87631420/datanode-0/data/ratis/cbd7d263-de2d-4795-a1eb-ffc1ecaa9fc2 does not exist. Creating ...
2019-07-13 19:24:22,245 INFO  storage.RaftStorageDirectory (RaftStorageDirectory.java:tryLock(328)) - Lock on /tmp/workdir/hadoop-ozone/integration-test/target/test-dir/MiniOzoneClusterImpl-4a0fc0af-9b4c-46e4-8239-469c87631420/datanode-0/data/ratis/cbd7d263-de2d-4795-a1eb-ffc1ecaa9fc2/in_use.lock acquired by nodename 22884@trunk-nightly-fxqsz-774976932
2019-07-13 19:24:22,258 INFO  storage.RaftStorage (RaftStorage.java:format(72)) - Storage directory /tmp/workdir/hadoop-ozone/integration-test/target/test-dir/MiniOzoneClusterImpl-4a0fc0af-9b4c-46e4-8239-469c87631420/datanode-0/data/ratis/cbd7d263-de2d-4795-a1eb-ffc1ecaa9fc2 has been successfully formatted.
2019-07-13 19:24:22,258 INFO  ratis.ContainerStateMachine (ContainerStateMachine.java:loadSnapshot(200)) - The snapshot info is null.Setting the last applied index to:(t:0, i:~)
2019-07-13 19:24:22,259 INFO  server.RaftServerConfigKeys (ConfUtils.java:logGet(43)) - raft.server.leader.election.timeout = 120s (custom)
2019-07-13 19:24:22,259 INFO  server.RaftServerConfigKeys (ConfUtils.java:logGet(43)) - raft.server.log.use.memory = false (default)
2019-07-13 19:24:22,259 INFO  server.RaftServerConfigKeys (ConfUtils.java:logGet(43)) - raft.server.log.purge.gap = 1000000000 (custom)
2019-07-13 19:24:22,259 INFO  server.RaftServerConfigKeys (ConfUtils.java:logGet(43)) - raft.server.log.appender.buffer.byte-limit = 33554432 (custom)
2019-07-13 19:24:22,259 INFO  server.RaftServerConfigKeys (ConfUtils.java:logGet(43)) - raft.server.log.segment.size.max = 1048576 (custom)
2019-07-13 19:24:22,259 INFO  server.RaftServerConfigKeys (ConfUtils.java:logGet(43)) - raft.server.log.segment.cache.num.max = 2 (custom)
2019-07-13 19:24:22,260 INFO  segmented.SegmentedRaftLogWorker (SegmentedRaftLogWorker.java:<init>(172)) - new 62184408-7eb2-4416-9ece-01a663426769-SegmentedRaftLogWorker:Storage Directory /tmp/workdir/hadoop-ozone/integration-test/target/test-dir/MiniOzoneClusterImpl-4a0fc0af-9b4c-46e4-8239-469c87631420/datanode-0/data/ratis/cbd7d263-de2d-4795-a1eb-ffc1ecaa9fc2 for RaftStorage:Storage Directory /tmp/workdir/hadoop-ozone/integration-test/target/test-dir/MiniOzoneClusterImpl-4a0fc0af-9b4c-46e4-8239-469c87631420/datanode-0/data/ratis/cbd7d263-de2d-4795-a1eb-ffc1ecaa9fc2
2019-07-13 19:24:22,260 INFO  server.RaftServerConfigKeys (ConfUtils.java:logGet(43)) - raft.server.log.queue.byte-limit = 2147483647 (custom)
2019-07-13 19:24:22,260 INFO  server.RaftServerConfigKeys (ConfUtils.java:logGet(43)) - raft.server.log.queue.element-limit = 1024 (custom)
2019-07-13 19:24:22,260 INFO  server.RaftServerConfigKeys (ConfUtils.java:logGet(43)) - raft.server.log.segment.size.max = 1048576 (custom)
2019-07-13 19:24:22,260 INFO  server.RaftServerConfigKeys (ConfUtils.java:logGet(43)) - raft.server.log.preallocated.size = 16384 (custom)
2019-07-13 19:24:22,261 INFO  server.RaftServerConfigKeys (ConfUtils.java:logGet(43)) - raft.server.log.write.buffer.size = 33554432 (custom)
2019-07-13 19:24:22,261 INFO  server.RaftServerConfigKeys (ConfUtils.java:logGet(43)) - raft.server.log.force.sync.num = 128 (default)
2019-07-13 19:24:22,261 INFO  server.RaftServerConfigKeys (ConfUtils.java:logGet(43)) - raft.server.log.statemachine.data.sync = true (default)
2019-07-13 19:24:22,261 INFO  server.RaftServerConfigKeys (ConfUtils.java:logGet(43)) - raft.server.log.statemachine.data.sync.timeout = 10s (default)
2019-07-13 19:24:22,261 INFO  server.RaftServerConfigKeys (ConfUtils.java:logGet(43)) - raft.server.log.statemachine.data.sync.timeout.retry = -1 (default)
2019-07-13 19:24:22,261 INFO  server.RaftServerConfigKeys (ConfUtils.java:logGet(43)) - raft.server.log.statemachine.data.caching.enabled = true (custom)
2019-07-13 19:24:22,262 INFO  segmented.SegmentedRaftLogWorker (SegmentedRaftLogWorker.java:lambda$new$0(132)) - 62184408-7eb2-4416-9ece-01a663426769-SegmentedRaftLogWorker:Storage Directory /tmp/workdir/hadoop-ozone/integration-test/target/test-dir/MiniOzoneClusterImpl-4a0fc0af-9b4c-46e4-8239-469c87631420/datanode-0/data/ratis/cbd7d263-de2d-4795-a1eb-ffc1ecaa9fc2: flushIndex: setUnconditionally 0 -> -1
2019-07-13 19:24:22,262 INFO  server.RaftServerConfigKeys (ConfUtils.java:logGet(43)) - raft.server.snapshot.auto.trigger.enabled = true (custom)
2019-07-13 19:24:22,262 INFO  server.RaftServerConfigKeys (ConfUtils.java:logGet(43)) - raft.server.snapshot.auto.trigger.threshold = 10000 (custom)
2019-07-13 19:24:22,263 INFO  server.RaftServerConfigKeys (ConfUtils.java:logGet(43)) - raft.server.retrycache.expirytime = 600000ms (custom)
2019-07-13 19:24:22,263 INFO  impl.RaftServerImpl (RaftServerImpl.java:start(180)) - 62184408-7eb2-4416-9ece-01a663426769: start group-FFC1ECAA9FC2
2019-07-13 19:24:22,263 INFO  impl.RaftServerImpl (RaftServerImpl.java:setRole(171)) - 62184408-7eb2-4416-9ece-01a663426769:group-FFC1ECAA9FC2 changes role from null to FOLLOWER at term 0 for startAsFollower
2019-07-13 19:24:22,263 INFO  impl.RoleInfo (RoleInfo.java:updateAndGet(143)) - 62184408-7eb2-4416-9ece-01a663426769: start FollowerState
2019-07-13 19:24:22,264 INFO  util.JmxRegister (JmxRegister.java:tryRegister(44)) - Successfully registered JMX Bean with object name Ratis:service=RaftServer,group=group-FFC1ECAA9FC2,id=62184408-7eb2-4416-9ece-01a663426769
2019-07-13 19:24:22,269 INFO  pipeline.PipelineStateManager (PipelineStateManager.java:addPipeline(56)) - Created pipeline Pipeline[ Id: cbd7d263-de2d-4795-a1eb-ffc1ecaa9fc2, Nodes: 62184408-7eb2-4416-9ece-01a663426769{ip: 192.168.69.122, host: trunk-nightly-fxqsz-774976932, networkLocation: /default-rack, certSerialId: null}, Type:RATIS, Factor:ONE, State:OPEN]
2019-07-13 19:24:22,297 INFO  ozone.MiniOzoneClusterImpl (MiniOzoneClusterImpl.java:lambda$waitForClusterToBeReady$0(142)) - Waiting for cluster to be ready. Got 1 of 7 DN Heartbeats.
2019-07-13 19:24:22,393 INFO  node.SCMNodeManager (SCMNodeManager.java:register(269)) - Registered Data node : e3e59723-a214-489c-85bf-165f3068cc6d{ip: 192.168.69.122, host: trunk-nightly-fxqsz-774976932, networkLocation: /default-rack, certSerialId: null}
2019-07-13 19:24:22,400 INFO  impl.RaftServerProxy (RaftServerProxy.java:addNew(89)) - e3e59723-a214-489c-85bf-165f3068cc6d: addNew group-61512A09717F:[e3e59723-a214-489c-85bf-165f3068cc6d:192.168.69.122:46414] returns group-61512A09717F:java.util.concurrent.CompletableFuture@26bf6ec8[Not completed]
2019-07-13 19:24:22,400 INFO  impl.RaftServerImpl (RaftServerImpl.java:<init>(93)) - e3e59723-a214-489c-85bf-165f3068cc6d: new RaftServerImpl for group-61512A09717F:[e3e59723-a214-489c-85bf-165f3068cc6d:192.168.69.122:46414] with ContainerStateMachine:uninitialized
2019-07-13 19:24:22,401 INFO  server.RaftServerConfigKeys (ConfUtils.java:logGet(43)) - raft.server.rpc.timeout.min = 5s (custom)
2019-07-13 19:24:22,401 INFO  server.RaftServerConfigKeys (ConfUtils.java:logGet(43)) - raft.server.rpc.timeout.max = 5200ms (custom)
2019-07-13 19:24:22,401 INFO  server.RaftServerConfigKeys (ConfUtils.java:logGet(43)) - raft.server.rpcslowness.timeout = 120s (custom)
2019-07-13 19:24:22,401 INFO  server.RaftServerConfigKeys (ConfUtils.java:logGet(43)) - raft.server.sleep.deviation.threshold = 300 (default)
2019-07-13 19:24:22,401 INFO  server.RaftServerConfigKeys (ConfUtils.java:logGet(43)) - raft.server.log.appender.install.snapshot.enabled = false (custom)
2019-07-13 19:24:22,401 INFO  impl.RaftServerImpl (ServerState.java:<init>(105)) - e3e59723-a214-489c-85bf-165f3068cc6d:group-61512A09717F ConfigurationManager, init=-1: [e3e59723-a214-489c-85bf-165f3068cc6d:192.168.69.122:46414], old=null, confs=<EMPTY_MAP>
2019-07-13 19:24:22,402 INFO  server.RaftServerConfigKeys (ConfUtils.java:logGet(43)) - raft.server.storage.dir = [/tmp/workdir/hadoop-ozone/integration-test/target/test-dir/MiniOzoneClusterImpl-4a0fc0af-9b4c-46e4-8239-469c87631420/datanode-1/data/ratis] (custom)
2019-07-13 19:24:22,402 INFO  storage.RaftStorageDirectory (RaftStorageDirectory.java:analyzeStorage(246)) - The storage directory /tmp/workdir/hadoop-ozone/integration-test/target/test-dir/MiniOzoneClusterImpl-4a0fc0af-9b4c-46e4-8239-469c87631420/datanode-1/data/ratis/0436f37c-e16f-4e7e-a332-61512a09717f does not exist. Creating ...
2019-07-13 19:24:22,415 INFO  storage.RaftStorageDirectory (RaftStorageDirectory.java:tryLock(328)) - Lock on /tmp/workdir/hadoop-ozone/integration-test/target/test-dir/MiniOzoneClusterImpl-4a0fc0af-9b4c-46e4-8239-469c87631420/datanode-1/data/ratis/0436f37c-e16f-4e7e-a332-61512a09717f/in_use.lock acquired by nodename 22884@trunk-nightly-fxqsz-774976932
2019-07-13 19:24:22,429 INFO  storage.RaftStorage (RaftStorage.java:format(72)) - Storage directory /tmp/workdir/hadoop-ozone/integration-test/target/test-dir/MiniOzoneClusterImpl-4a0fc0af-9b4c-46e4-8239-469c87631420/datanode-1/data/ratis/0436f37c-e16f-4e7e-a332-61512a09717f has been successfully formatted.
2019-07-13 19:24:22,429 INFO  ratis.ContainerStateMachine (ContainerStateMachine.java:loadSnapshot(200)) - The snapshot info is null.Setting the last applied index to:(t:0, i:~)
2019-07-13 19:24:22,429 INFO  server.RaftServerConfigKeys (ConfUtils.java:logGet(43)) - raft.server.leader.election.timeout = 120s (custom)
2019-07-13 19:24:22,429 INFO  server.RaftServerConfigKeys (ConfUtils.java:logGet(43)) - raft.server.log.use.memory = false (default)
2019-07-13 19:24:22,429 INFO  server.RaftServerConfigKeys (ConfUtils.java:logGet(43)) - raft.server.log.purge.gap = 1000000000 (custom)
2019-07-13 19:24:22,429 INFO  server.RaftServerConfigKeys (ConfUtils.java:logGet(43)) - raft.server.log.appender.buffer.byte-limit = 33554432 (custom)
2019-07-13 19:24:22,430 INFO  server.RaftServerConfigKeys (ConfUtils.java:logGet(43)) - raft.server.log.segment.size.max = 1048576 (custom)
2019-07-13 19:24:22,430 INFO  server.RaftServerConfigKeys (ConfUtils.java:logGet(43)) - raft.server.log.segment.cache.num.max = 2 (custom)
2019-07-13 19:24:22,430 INFO  segmented.SegmentedRaftLogWorker (SegmentedRaftLogWorker.java:<init>(172)) - new e3e59723-a214-489c-85bf-165f3068cc6d-SegmentedRaftLogWorker:Storage Directory /tmp/workdir/hadoop-ozone/integration-test/target/test-dir/MiniOzoneClusterImpl-4a0fc0af-9b4c-46e4-8239-469c87631420/datanode-1/data/ratis/0436f37c-e16f-4e7e-a332-61512a09717f for RaftStorage:Storage Directory /tmp/workdir/hadoop-ozone/integration-test/target/test-dir/MiniOzoneClusterImpl-4a0fc0af-9b4c-46e4-8239-469c87631420/datanode-1/data/ratis/0436f37c-e16f-4e7e-a332-61512a09717f
2019-07-13 19:24:22,430 INFO  server.RaftServerConfigKeys (ConfUtils.java:logGet(43)) - raft.server.log.queue.byte-limit = 2147483647 (custom)
2019-07-13 19:24:22,430 INFO  server.RaftServerConfigKeys (ConfUtils.java:logGet(43)) - raft.server.log.queue.element-limit = 1024 (custom)
2019-07-13 19:24:22,430 INFO  server.RaftServerConfigKeys (ConfUtils.java:logGet(43)) - raft.server.log.segment.size.max = 1048576 (custom)
2019-07-13 19:24:22,430 INFO  server.RaftServerConfigKeys (ConfUtils.java:logGet(43)) - raft.server.log.preallocated.size = 16384 (custom)
2019-07-13 19:24:22,431 INFO  server.RaftServerConfigKeys (ConfUtils.java:logGet(43)) - raft.server.log.write.buffer.size = 33554432 (custom)
2019-07-13 19:24:22,431 INFO  server.RaftServerConfigKeys (ConfUtils.java:logGet(43)) - raft.server.log.force.sync.num = 128 (default)
2019-07-13 19:24:22,431 INFO  server.RaftServerConfigKeys (ConfUtils.java:logGet(43)) - raft.server.log.statemachine.data.sync = true (default)
2019-07-13 19:24:22,431 INFO  server.RaftServerConfigKeys (ConfUtils.java:logGet(43)) - raft.server.log.statemachine.data.sync.timeout = 10s (default)
2019-07-13 19:24:22,431 INFO  server.RaftServerConfigKeys (ConfUtils.java:logGet(43)) - raft.server.log.statemachine.data.sync.timeout.retry = -1 (default)
2019-07-13 19:24:22,431 INFO  server.RaftServerConfigKeys (ConfUtils.java:logGet(43)) - raft.server.log.statemachine.data.caching.enabled = true (custom)
2019-07-13 19:24:22,432 INFO  segmented.SegmentedRaftLogWorker (SegmentedRaftLogWorker.java:lambda$new$0(132)) - e3e59723-a214-489c-85bf-165f3068cc6d-SegmentedRaftLogWorker:Storage Directory /tmp/workdir/hadoop-ozone/integration-test/target/test-dir/MiniOzoneClusterImpl-4a0fc0af-9b4c-46e4-8239-469c87631420/datanode-1/data/ratis/0436f37c-e16f-4e7e-a332-61512a09717f: flushIndex: setUnconditionally 0 -> -1
2019-07-13 19:24:22,432 INFO  server.RaftServerConfigKeys (ConfUtils.java:logGet(43)) - raft.server.snapshot.auto.trigger.enabled = true (custom)
2019-07-13 19:24:22,432 INFO  server.RaftServerConfigKeys (ConfUtils.java:logGet(43)) - raft.server.snapshot.auto.trigger.threshold = 10000 (custom)
2019-07-13 19:24:22,432 INFO  server.RaftServerConfigKeys (ConfUtils.java:logGet(43)) - raft.server.retrycache.expirytime = 600000ms (custom)
2019-07-13 19:24:22,432 INFO  impl.RaftServerImpl (RaftServerImpl.java:start(180)) - e3e59723-a214-489c-85bf-165f3068cc6d: start group-61512A09717F
2019-07-13 19:24:22,433 INFO  impl.RaftServerImpl (RaftServerImpl.java:setRole(171)) - e3e59723-a214-489c-85bf-165f3068cc6d:group-61512A09717F changes role from null to FOLLOWER at term 0 for startAsFollower
2019-07-13 19:24:22,433 INFO  impl.RoleInfo (RoleInfo.java:updateAndGet(143)) - e3e59723-a214-489c-85bf-165f3068cc6d: start FollowerState
2019-07-13 19:24:22,433 INFO  util.JmxRegister (JmxRegister.java:tryRegister(44)) - Successfully registered JMX Bean with object name Ratis:service=RaftServer,group=group-61512A09717F,id=e3e59723-a214-489c-85bf-165f3068cc6d
2019-07-13 19:24:22,438 INFO  pipeline.PipelineStateManager (PipelineStateManager.java:addPipeline(56)) - Created pipeline Pipeline[ Id: 0436f37c-e16f-4e7e-a332-61512a09717f, Nodes: e3e59723-a214-489c-85bf-165f3068cc6d{ip: 192.168.69.122, host: trunk-nightly-fxqsz-774976932, networkLocation: /default-rack, certSerialId: null}, Type:RATIS, Factor:ONE, State:OPEN]
2019-07-13 19:24:22,603 INFO  node.SCMNodeManager (SCMNodeManager.java:register(269)) - Registered Data node : fdb98542-434e-4b81-b826-43812cb55508{ip: 192.168.69.122, host: trunk-nightly-fxqsz-774976932, networkLocation: /default-rack, certSerialId: null}
2019-07-13 19:24:22,612 INFO  impl.RaftServerProxy (RaftServerProxy.java:addNew(89)) - fdb98542-434e-4b81-b826-43812cb55508: addNew group-C1A7D5E36A89:[fdb98542-434e-4b81-b826-43812cb55508:192.168.69.122:33118] returns group-C1A7D5E36A89:java.util.concurrent.CompletableFuture@76f34552[Not completed]
2019-07-13 19:24:22,612 INFO  impl.RaftServerImpl (RaftServerImpl.java:<init>(93)) - fdb98542-434e-4b81-b826-43812cb55508: new RaftServerImpl for group-C1A7D5E36A89:[fdb98542-434e-4b81-b826-43812cb55508:192.168.69.122:33118] with ContainerStateMachine:uninitialized
2019-07-13 19:24:22,613 INFO  server.RaftServerConfigKeys (ConfUtils.java:logGet(43)) - raft.server.rpc.timeout.min = 5s (custom)
2019-07-13 19:24:22,613 INFO  server.RaftServerConfigKeys (ConfUtils.java:logGet(43)) - raft.server.rpc.timeout.max = 5200ms (custom)
2019-07-13 19:24:22,613 INFO  server.RaftServerConfigKeys (ConfUtils.java:logGet(43)) - raft.server.rpcslowness.timeout = 120s (custom)
2019-07-13 19:24:22,613 INFO  server.RaftServerConfigKeys (ConfUtils.java:logGet(43)) - raft.server.sleep.deviation.threshold = 300 (default)
2019-07-13 19:24:22,613 INFO  server.RaftServerConfigKeys (ConfUtils.java:logGet(43)) - raft.server.log.appender.install.snapshot.enabled = false (custom)
2019-07-13 19:24:22,613 INFO  impl.RaftServerImpl (ServerState.java:<init>(105)) - fdb98542-434e-4b81-b826-43812cb55508:group-C1A7D5E36A89 ConfigurationManager, init=-1: [fdb98542-434e-4b81-b826-43812cb55508:192.168.69.122:33118], old=null, confs=<EMPTY_MAP>
2019-07-13 19:24:22,613 INFO  server.RaftServerConfigKeys (ConfUtils.java:logGet(43)) - raft.server.storage.dir = [/tmp/workdir/hadoop-ozone/integration-test/target/test-dir/MiniOzoneClusterImpl-4a0fc0af-9b4c-46e4-8239-469c87631420/datanode-2/data/ratis] (custom)
2019-07-13 19:24:22,614 INFO  storage.RaftStorageDirectory (RaftStorageDirectory.java:analyzeStorage(246)) - The storage directory /tmp/workdir/hadoop-ozone/integration-test/target/test-dir/MiniOzoneClusterImpl-4a0fc0af-9b4c-46e4-8239-469c87631420/datanode-2/data/ratis/de39fa0f-c707-4664-9dd1-c1a7d5e36a89 does not exist. Creating ...
2019-07-13 19:24:22,627 INFO  storage.RaftStorageDirectory (RaftStorageDirectory.java:tryLock(328)) - Lock on /tmp/workdir/hadoop-ozone/integration-test/target/test-dir/MiniOzoneClusterImpl-4a0fc0af-9b4c-46e4-8239-469c87631420/datanode-2/data/ratis/de39fa0f-c707-4664-9dd1-c1a7d5e36a89/in_use.lock acquired by nodename 22884@trunk-nightly-fxqsz-774976932
2019-07-13 19:24:22,640 INFO  storage.RaftStorage (RaftStorage.java:format(72)) - Storage directory /tmp/workdir/hadoop-ozone/integration-test/target/test-dir/MiniOzoneClusterImpl-4a0fc0af-9b4c-46e4-8239-469c87631420/datanode-2/data/ratis/de39fa0f-c707-4664-9dd1-c1a7d5e36a89 has been successfully formatted.
2019-07-13 19:24:22,640 INFO  ratis.ContainerStateMachine (ContainerStateMachine.java:loadSnapshot(200)) - The snapshot info is null.Setting the last applied index to:(t:0, i:~)
2019-07-13 19:24:22,641 INFO  server.RaftServerConfigKeys (ConfUtils.java:logGet(43)) - raft.server.leader.election.timeout = 120s (custom)
2019-07-13 19:24:22,641 INFO  server.RaftServerConfigKeys (ConfUtils.java:logGet(43)) - raft.server.log.use.memory = false (default)
2019-07-13 19:24:22,641 INFO  server.RaftServerConfigKeys (ConfUtils.java:logGet(43)) - raft.server.log.purge.gap = 1000000000 (custom)
2019-07-13 19:24:22,641 INFO  server.RaftServerConfigKeys (ConfUtils.java:logGet(43)) - raft.server.log.appender.buffer.byte-limit = 33554432 (custom)
2019-07-13 19:24:22,641 INFO  server.RaftServerConfigKeys (ConfUtils.java:logGet(43)) - raft.server.log.segment.size.max = 1048576 (custom)
2019-07-13 19:24:22,641 INFO  server.RaftServerConfigKeys (ConfUtils.java:logGet(43)) - raft.server.log.segment.cache.num.max = 2 (custom)
2019-07-13 19:24:22,641 INFO  segmented.SegmentedRaftLogWorker (SegmentedRaftLogWorker.java:<init>(172)) - new fdb98542-434e-4b81-b826-43812cb55508-SegmentedRaftLogWorker:Storage Directory /tmp/workdir/hadoop-ozone/integration-test/target/test-dir/MiniOzoneClusterImpl-4a0fc0af-9b4c-46e4-8239-469c87631420/datanode-2/data/ratis/de39fa0f-c707-4664-9dd1-c1a7d5e36a89 for RaftStorage:Storage Directory /tmp/workdir/hadoop-ozone/integration-test/target/test-dir/MiniOzoneClusterImpl-4a0fc0af-9b4c-46e4-8239-469c87631420/datanode-2/data/ratis/de39fa0f-c707-4664-9dd1-c1a7d5e36a89
2019-07-13 19:24:22,641 INFO  server.RaftServerConfigKeys (ConfUtils.java:logGet(43)) - raft.server.log.queue.byte-limit = 2147483647 (custom)
2019-07-13 19:24:22,642 INFO  server.RaftServerConfigKeys (ConfUtils.java:logGet(43)) - raft.server.log.queue.element-limit = 1024 (custom)
2019-07-13 19:24:22,642 INFO  server.RaftServerConfigKeys (ConfUtils.java:logGet(43)) - raft.server.log.segment.size.max = 1048576 (custom)
2019-07-13 19:24:22,642 INFO  server.RaftServerConfigKeys (ConfUtils.java:logGet(43)) - raft.server.log.preallocated.size = 16384 (custom)
2019-07-13 19:24:22,642 INFO  server.RaftServerConfigKeys (ConfUtils.java:logGet(43)) - raft.server.log.write.buffer.size = 33554432 (custom)
2019-07-13 19:24:22,642 INFO  server.RaftServerConfigKeys (ConfUtils.java:logGet(43)) - raft.server.log.force.sync.num = 128 (default)
2019-07-13 19:24:22,642 INFO  server.RaftServerConfigKeys (ConfUtils.java:logGet(43)) - raft.server.log.statemachine.data.sync = true (default)
2019-07-13 19:24:22,643 INFO  server.RaftServerConfigKeys (ConfUtils.java:logGet(43)) - raft.server.log.statemachine.data.sync.timeout = 10s (default)
2019-07-13 19:24:22,643 INFO  server.RaftServerConfigKeys (ConfUtils.java:logGet(43)) - raft.server.log.statemachine.data.sync.timeout.retry = -1 (default)
2019-07-13 19:24:22,643 INFO  server.RaftServerConfigKeys (ConfUtils.java:logGet(43)) - raft.server.log.statemachine.data.caching.enabled = true (custom)
2019-07-13 19:24:22,643 INFO  segmented.SegmentedRaftLogWorker (SegmentedRaftLogWorker.java:lambda$new$0(132)) - fdb98542-434e-4b81-b826-43812cb55508-SegmentedRaftLogWorker:Storage Directory /tmp/workdir/hadoop-ozone/integration-test/target/test-dir/MiniOzoneClusterImpl-4a0fc0af-9b4c-46e4-8239-469c87631420/datanode-2/data/ratis/de39fa0f-c707-4664-9dd1-c1a7d5e36a89: flushIndex: setUnconditionally 0 -> -1
2019-07-13 19:24:22,644 INFO  server.RaftServerConfigKeys (ConfUtils.java:logGet(43)) - raft.server.snapshot.auto.trigger.enabled = true (custom)
2019-07-13 19:24:22,644 INFO  server.RaftServerConfigKeys (ConfUtils.java:logGet(43)) - raft.server.snapshot.auto.trigger.threshold = 10000 (custom)
2019-07-13 19:24:22,644 INFO  server.RaftServerConfigKeys (ConfUtils.java:logGet(43)) - raft.server.retrycache.expirytime = 600000ms (custom)
2019-07-13 19:24:22,644 INFO  impl.RaftServerImpl (RaftServerImpl.java:start(180)) - fdb98542-434e-4b81-b826-43812cb55508: start group-C1A7D5E36A89
2019-07-13 19:24:22,644 INFO  impl.RaftServerImpl (RaftServerImpl.java:setRole(171)) - fdb98542-434e-4b81-b826-43812cb55508:group-C1A7D5E36A89 changes role from null to FOLLOWER at term 0 for startAsFollower
2019-07-13 19:24:22,644 INFO  impl.RoleInfo (RoleInfo.java:updateAndGet(143)) - fdb98542-434e-4b81-b826-43812cb55508: start FollowerState
2019-07-13 19:24:22,645 INFO  util.JmxRegister (JmxRegister.java:tryRegister(44)) - Successfully registered JMX Bean with object name Ratis:service=RaftServer,group=group-C1A7D5E36A89,id=fdb98542-434e-4b81-b826-43812cb55508
2019-07-13 19:24:22,649 INFO  pipeline.PipelineStateManager (PipelineStateManager.java:addPipeline(56)) - Created pipeline Pipeline[ Id: de39fa0f-c707-4664-9dd1-c1a7d5e36a89, Nodes: fdb98542-434e-4b81-b826-43812cb55508{ip: 192.168.69.122, host: trunk-nightly-fxqsz-774976932, networkLocation: /default-rack, certSerialId: null}, Type:RATIS, Factor:ONE, State:OPEN]
2019-07-13 19:24:22,661 INFO  impl.RaftServerProxy (RaftServerProxy.java:addNew(89)) - e3e59723-a214-489c-85bf-165f3068cc6d: addNew group-2310A8A00DD4:[e3e59723-a214-489c-85bf-165f3068cc6d:192.168.69.122:46414, 62184408-7eb2-4416-9ece-01a663426769:192.168.69.122:40700, fdb98542-434e-4b81-b826-43812cb55508:192.168.69.122:33118] returns group-2310A8A00DD4:java.util.concurrent.CompletableFuture@3243e0ce[Not completed]
2019-07-13 19:24:22,661 INFO  impl.RaftServerProxy (RaftServerProxy.java:addNew(89)) - 62184408-7eb2-4416-9ece-01a663426769: addNew group-2310A8A00DD4:[e3e59723-a214-489c-85bf-165f3068cc6d:192.168.69.122:46414, 62184408-7eb2-4416-9ece-01a663426769:192.168.69.122:40700, fdb98542-434e-4b81-b826-43812cb55508:192.168.69.122:33118] returns group-2310A8A00DD4:java.util.concurrent.CompletableFuture@639dfc63[Not completed]
2019-07-13 19:24:22,661 INFO  impl.RaftServerProxy (RaftServerProxy.java:addNew(89)) - fdb98542-434e-4b81-b826-43812cb55508: addNew group-2310A8A00DD4:[e3e59723-a214-489c-85bf-165f3068cc6d:192.168.69.122:46414, 62184408-7eb2-4416-9ece-01a663426769:192.168.69.122:40700, fdb98542-434e-4b81-b826-43812cb55508:192.168.69.122:33118] returns group-2310A8A00DD4:java.util.concurrent.CompletableFuture@4496cd63[Not completed]
2019-07-13 19:24:22,662 INFO  impl.RaftServerImpl (RaftServerImpl.java:<init>(93)) - e3e59723-a214-489c-85bf-165f3068cc6d: new RaftServerImpl for group-2310A8A00DD4:[e3e59723-a214-489c-85bf-165f3068cc6d:192.168.69.122:46414, 62184408-7eb2-4416-9ece-01a663426769:192.168.69.122:40700, fdb98542-434e-4b81-b826-43812cb55508:192.168.69.122:33118] with ContainerStateMachine:uninitialized
2019-07-13 19:24:22,662 INFO  server.RaftServerConfigKeys (ConfUtils.java:logGet(43)) - raft.server.rpc.timeout.min = 5s (custom)
2019-07-13 19:24:22,662 INFO  server.RaftServerConfigKeys (ConfUtils.java:logGet(43)) - raft.server.rpc.timeout.max = 5200ms (custom)
2019-07-13 19:24:22,662 INFO  impl.RaftServerImpl (RaftServerImpl.java:<init>(93)) - 62184408-7eb2-4416-9ece-01a663426769: new RaftServerImpl for group-2310A8A00DD4:[e3e59723-a214-489c-85bf-165f3068cc6d:192.168.69.122:46414, 62184408-7eb2-4416-9ece-01a663426769:192.168.69.122:40700, fdb98542-434e-4b81-b826-43812cb55508:192.168.69.122:33118] with ContainerStateMachine:uninitialized
2019-07-13 19:24:22,662 INFO  server.RaftServerConfigKeys (ConfUtils.java:logGet(43)) - raft.server.rpcslowness.timeout = 120s (custom)
2019-07-13 19:24:22,663 INFO  server.RaftServerConfigKeys (ConfUtils.java:logGet(43)) - raft.server.rpc.timeout.min = 5s (custom)
2019-07-13 19:24:22,663 INFO  impl.RaftServerImpl (RaftServerImpl.java:<init>(93)) - fdb98542-434e-4b81-b826-43812cb55508: new RaftServerImpl for group-2310A8A00DD4:[e3e59723-a214-489c-85bf-165f3068cc6d:192.168.69.122:46414, 62184408-7eb2-4416-9ece-01a663426769:192.168.69.122:40700, fdb98542-434e-4b81-b826-43812cb55508:192.168.69.122:33118] with ContainerStateMachine:uninitialized
2019-07-13 19:24:22,663 INFO  server.RaftServerConfigKeys (ConfUtils.java:logGet(43)) - raft.server.sleep.deviation.threshold = 300 (default)
2019-07-13 19:24:22,663 INFO  server.RaftServerConfigKeys (ConfUtils.java:logGet(43)) - raft.server.rpc.timeout.min = 5s (custom)
2019-07-13 19:24:22,663 INFO  server.RaftServerConfigKeys (ConfUtils.java:logGet(43)) - raft.server.rpc.timeout.max = 5200ms (custom)
2019-07-13 19:24:22,663 INFO  server.RaftServerConfigKeys (ConfUtils.java:logGet(43)) - raft.server.rpc.timeout.max = 5200ms (custom)
2019-07-13 19:24:22,664 INFO  server.RaftServerConfigKeys (ConfUtils.java:logGet(43)) - raft.server.rpcslowness.timeout = 120s (custom)
2019-07-13 19:24:22,663 INFO  server.RaftServerConfigKeys (ConfUtils.java:logGet(43)) - raft.server.log.appender.install.snapshot.enabled = false (custom)
2019-07-13 19:24:22,664 INFO  server.RaftServerConfigKeys (ConfUtils.java:logGet(43)) - raft.server.sleep.deviation.threshold = 300 (default)
2019-07-13 19:24:22,664 INFO  server.RaftServerConfigKeys (ConfUtils.java:logGet(43)) - raft.server.log.appender.install.snapshot.enabled = false (custom)
2019-07-13 19:24:22,663 INFO  server.RaftServerConfigKeys (ConfUtils.java:logGet(43)) - raft.server.rpcslowness.timeout = 120s (custom)
2019-07-13 19:24:22,664 INFO  impl.RaftServerImpl (ServerState.java:<init>(105)) - fdb98542-434e-4b81-b826-43812cb55508:group-2310A8A00DD4 ConfigurationManager, init=-1: [e3e59723-a214-489c-85bf-165f3068cc6d:192.168.69.122:46414, 62184408-7eb2-4416-9ece-01a663426769:192.168.69.122:40700, fdb98542-434e-4b81-b826-43812cb55508:192.168.69.122:33118], old=null, confs=<EMPTY_MAP>
2019-07-13 19:24:22,664 INFO  impl.RaftServerImpl (ServerState.java:<init>(105)) - e3e59723-a214-489c-85bf-165f3068cc6d:group-2310A8A00DD4 ConfigurationManager, init=-1: [e3e59723-a214-489c-85bf-165f3068cc6d:192.168.69.122:46414, 62184408-7eb2-4416-9ece-01a663426769:192.168.69.122:40700, fdb98542-434e-4b81-b826-43812cb55508:192.168.69.122:33118], old=null, confs=<EMPTY_MAP>
2019-07-13 19:24:22,664 INFO  server.RaftServerConfigKeys (ConfUtils.java:logGet(43)) - raft.server.storage.dir = [/tmp/workdir/hadoop-ozone/integration-test/target/test-dir/MiniOzoneClusterImpl-4a0fc0af-9b4c-46e4-8239-469c87631420/datanode-2/data/ratis] (custom)
2019-07-13 19:24:22,664 INFO  server.RaftServerConfigKeys (ConfUtils.java:logGet(43)) - raft.server.sleep.deviation.threshold = 300 (default)
2019-07-13 19:24:22,665 INFO  server.RaftServerConfigKeys (ConfUtils.java:logGet(43)) - raft.server.storage.dir = [/tmp/workdir/hadoop-ozone/integration-test/target/test-dir/MiniOzoneClusterImpl-4a0fc0af-9b4c-46e4-8239-469c87631420/datanode-1/data/ratis] (custom)
2019-07-13 19:24:22,665 INFO  server.RaftServerConfigKeys (ConfUtils.java:logGet(43)) - raft.server.log.appender.install.snapshot.enabled = false (custom)
2019-07-13 19:24:22,665 INFO  storage.RaftStorageDirectory (RaftStorageDirectory.java:analyzeStorage(246)) - The storage directory /tmp/workdir/hadoop-ozone/integration-test/target/test-dir/MiniOzoneClusterImpl-4a0fc0af-9b4c-46e4-8239-469c87631420/datanode-2/data/ratis/74e28484-6543-45c4-ac54-2310a8a00dd4 does not exist. Creating ...
2019-07-13 19:24:22,665 INFO  storage.RaftStorageDirectory (RaftStorageDirectory.java:analyzeStorage(246)) - The storage directory /tmp/workdir/hadoop-ozone/integration-test/target/test-dir/MiniOzoneClusterImpl-4a0fc0af-9b4c-46e4-8239-469c87631420/datanode-1/data/ratis/74e28484-6543-45c4-ac54-2310a8a00dd4 does not exist. Creating ...
2019-07-13 19:24:22,665 INFO  impl.RaftServerImpl (ServerState.java:<init>(105)) - 62184408-7eb2-4416-9ece-01a663426769:group-2310A8A00DD4 ConfigurationManager, init=-1: [e3e59723-a214-489c-85bf-165f3068cc6d:192.168.69.122:46414, 62184408-7eb2-4416-9ece-01a663426769:192.168.69.122:40700, fdb98542-434e-4b81-b826-43812cb55508:192.168.69.122:33118], old=null, confs=<EMPTY_MAP>
2019-07-13 19:24:22,666 INFO  server.RaftServerConfigKeys (ConfUtils.java:logGet(43)) - raft.server.storage.dir = [/tmp/workdir/hadoop-ozone/integration-test/target/test-dir/MiniOzoneClusterImpl-4a0fc0af-9b4c-46e4-8239-469c87631420/datanode-0/data/ratis] (custom)
2019-07-13 19:24:22,666 INFO  storage.RaftStorageDirectory (RaftStorageDirectory.java:analyzeStorage(246)) - The storage directory /tmp/workdir/hadoop-ozone/integration-test/target/test-dir/MiniOzoneClusterImpl-4a0fc0af-9b4c-46e4-8239-469c87631420/datanode-0/data/ratis/74e28484-6543-45c4-ac54-2310a8a00dd4 does not exist. Creating ...
2019-07-13 19:24:22,679 INFO  storage.RaftStorageDirectory (RaftStorageDirectory.java:tryLock(328)) - Lock on /tmp/workdir/hadoop-ozone/integration-test/target/test-dir/MiniOzoneClusterImpl-4a0fc0af-9b4c-46e4-8239-469c87631420/datanode-0/data/ratis/74e28484-6543-45c4-ac54-2310a8a00dd4/in_use.lock acquired by nodename 22884@trunk-nightly-fxqsz-774976932
2019-07-13 19:24:22,679 INFO  storage.RaftStorageDirectory (RaftStorageDirectory.java:tryLock(328)) - Lock on /tmp/workdir/hadoop-ozone/integration-test/target/test-dir/MiniOzoneClusterImpl-4a0fc0af-9b4c-46e4-8239-469c87631420/datanode-2/data/ratis/74e28484-6543-45c4-ac54-2310a8a00dd4/in_use.lock acquired by nodename 22884@trunk-nightly-fxqsz-774976932
2019-07-13 19:24:22,679 INFO  storage.RaftStorageDirectory (RaftStorageDirectory.java:tryLock(328)) - Lock on /tmp/workdir/hadoop-ozone/integration-test/target/test-dir/MiniOzoneClusterImpl-4a0fc0af-9b4c-46e4-8239-469c87631420/datanode-1/data/ratis/74e28484-6543-45c4-ac54-2310a8a00dd4/in_use.lock acquired by nodename 22884@trunk-nightly-fxqsz-774976932
2019-07-13 19:24:22,693 INFO  storage.RaftStorage (RaftStorage.java:format(72)) - Storage directory /tmp/workdir/hadoop-ozone/integration-test/target/test-dir/MiniOzoneClusterImpl-4a0fc0af-9b4c-46e4-8239-469c87631420/datanode-0/data/ratis/74e28484-6543-45c4-ac54-2310a8a00dd4 has been successfully formatted.
2019-07-13 19:24:22,693 INFO  storage.RaftStorage (RaftStorage.java:format(72)) - Storage directory /tmp/workdir/hadoop-ozone/integration-test/target/test-dir/MiniOzoneClusterImpl-4a0fc0af-9b4c-46e4-8239-469c87631420/datanode-2/data/ratis/74e28484-6543-45c4-ac54-2310a8a00dd4 has been successfully formatted.
2019-07-13 19:24:22,693 INFO  storage.RaftStorage (RaftStorage.java:format(72)) - Storage directory /tmp/workdir/hadoop-ozone/integration-test/target/test-dir/MiniOzoneClusterImpl-4a0fc0af-9b4c-46e4-8239-469c87631420/datanode-1/data/ratis/74e28484-6543-45c4-ac54-2310a8a00dd4 has been successfully formatted.
2019-07-13 19:24:22,694 INFO  ratis.ContainerStateMachine (ContainerStateMachine.java:loadSnapshot(200)) - The snapshot info is null.Setting the last applied index to:(t:0, i:~)
2019-07-13 19:24:22,694 INFO  ratis.ContainerStateMachine (ContainerStateMachine.java:loadSnapshot(200)) - The snapshot info is null.Setting the last applied index to:(t:0, i:~)
2019-07-13 19:24:22,693 INFO  ratis.ContainerStateMachine (ContainerStateMachine.java:loadSnapshot(200)) - The snapshot info is null.Setting the last applied index to:(t:0, i:~)
2019-07-13 19:24:22,694 INFO  server.RaftServerConfigKeys (ConfUtils.java:logGet(43)) - raft.server.leader.election.timeout = 120s (custom)
2019-07-13 19:24:22,694 INFO  server.RaftServerConfigKeys (ConfUtils.java:logGet(43)) - raft.server.leader.election.timeout = 120s (custom)
2019-07-13 19:24:22,694 INFO  server.RaftServerConfigKeys (ConfUtils.java:logGet(43)) - raft.server.log.use.memory = false (default)
2019-07-13 19:24:22,694 INFO  server.RaftServerConfigKeys (ConfUtils.java:logGet(43)) - raft.server.leader.election.timeout = 120s (custom)
2019-07-13 19:24:22,695 INFO  server.RaftServerConfigKeys (ConfUtils.java:logGet(43)) - raft.server.log.purge.gap = 1000000000 (custom)
2019-07-13 19:24:22,694 INFO  server.RaftServerConfigKeys (ConfUtils.java:logGet(43)) - raft.server.log.use.memory = false (default)
2019-07-13 19:24:22,695 INFO  server.RaftServerConfigKeys (ConfUtils.java:logGet(43)) - raft.server.log.appender.buffer.byte-limit = 33554432 (custom)
2019-07-13 19:24:22,695 INFO  server.RaftServerConfigKeys (ConfUtils.java:logGet(43)) - raft.server.log.use.memory = false (default)
2019-07-13 19:24:22,695 INFO  server.RaftServerConfigKeys (ConfUtils.java:logGet(43)) - raft.server.log.segment.size.max = 1048576 (custom)
2019-07-13 19:24:22,695 INFO  server.RaftServerConfigKeys (ConfUtils.java:logGet(43)) - raft.server.log.purge.gap = 1000000000 (custom)
2019-07-13 19:24:22,695 INFO  server.RaftServerConfigKeys (ConfUtils.java:logGet(43)) - raft.server.log.segment.cache.num.max = 2 (custom)
2019-07-13 19:24:22,695 INFO  server.RaftServerConfigKeys (ConfUtils.java:logGet(43)) - raft.server.log.purge.gap = 1000000000 (custom)
2019-07-13 19:24:22,696 INFO  segmented.SegmentedRaftLogWorker (SegmentedRaftLogWorker.java:<init>(172)) - new e3e59723-a214-489c-85bf-165f3068cc6d-SegmentedRaftLogWorker:Storage Directory /tmp/workdir/hadoop-ozone/integration-test/target/test-dir/MiniOzoneClusterImpl-4a0fc0af-9b4c-46e4-8239-469c87631420/datanode-1/data/ratis/74e28484-6543-45c4-ac54-2310a8a00dd4 for RaftStorage:Storage Directory /tmp/workdir/hadoop-ozone/integration-test/target/test-dir/MiniOzoneClusterImpl-4a0fc0af-9b4c-46e4-8239-469c87631420/datanode-1/data/ratis/74e28484-6543-45c4-ac54-2310a8a00dd4
2019-07-13 19:24:22,696 INFO  server.RaftServerConfigKeys (ConfUtils.java:logGet(43)) - raft.server.log.appender.buffer.byte-limit = 33554432 (custom)
2019-07-13 19:24:22,696 INFO  server.RaftServerConfigKeys (ConfUtils.java:logGet(43)) - raft.server.log.queue.byte-limit = 2147483647 (custom)
2019-07-13 19:24:22,696 INFO  server.RaftServerConfigKeys (ConfUtils.java:logGet(43)) - raft.server.log.appender.buffer.byte-limit = 33554432 (custom)
2019-07-13 19:24:22,696 INFO  server.RaftServerConfigKeys (ConfUtils.java:logGet(43)) - raft.server.log.queue.element-limit = 1024 (custom)
2019-07-13 19:24:22,696 INFO  server.RaftServerConfigKeys (ConfUtils.java:logGet(43)) - raft.server.log.segment.size.max = 1048576 (custom)
2019-07-13 19:24:22,697 INFO  server.RaftServerConfigKeys (ConfUtils.java:logGet(43)) - raft.server.log.segment.size.max = 1048576 (custom)
2019-07-13 19:24:22,696 INFO  server.RaftServerConfigKeys (ConfUtils.java:logGet(43)) - raft.server.log.segment.size.max = 1048576 (custom)
2019-07-13 19:24:22,697 INFO  server.RaftServerConfigKeys (ConfUtils.java:logGet(43)) - raft.server.log.preallocated.size = 16384 (custom)
2019-07-13 19:24:22,697 INFO  server.RaftServerConfigKeys (ConfUtils.java:logGet(43)) - raft.server.log.write.buffer.size = 33554432 (custom)
2019-07-13 19:24:22,697 INFO  server.RaftServerConfigKeys (ConfUtils.java:logGet(43)) - raft.server.log.segment.cache.num.max = 2 (custom)
2019-07-13 19:24:22,697 INFO  server.RaftServerConfigKeys (ConfUtils.java:logGet(43)) - raft.server.log.force.sync.num = 128 (default)
2019-07-13 19:24:22,698 INFO  server.RaftServerConfigKeys (ConfUtils.java:logGet(43)) - raft.server.log.statemachine.data.sync = true (default)
2019-07-13 19:24:22,697 INFO  server.RaftServerConfigKeys (ConfUtils.java:logGet(43)) - raft.server.log.segment.cache.num.max = 2 (custom)
2019-07-13 19:24:22,698 INFO  server.RaftServerConfigKeys (ConfUtils.java:logGet(43)) - raft.server.log.statemachine.data.sync.timeout = 10s (default)
2019-07-13 19:24:22,698 INFO  server.RaftServerConfigKeys (ConfUtils.java:logGet(43)) - raft.server.log.statemachine.data.sync.timeout.retry = -1 (default)
2019-07-13 19:24:22,698 INFO  segmented.SegmentedRaftLogWorker (SegmentedRaftLogWorker.java:<init>(172)) - new fdb98542-434e-4b81-b826-43812cb55508-SegmentedRaftLogWorker:Storage Directory /tmp/workdir/hadoop-ozone/integration-test/target/test-dir/MiniOzoneClusterImpl-4a0fc0af-9b4c-46e4-8239-469c87631420/datanode-2/data/ratis/74e28484-6543-45c4-ac54-2310a8a00dd4 for RaftStorage:Storage Directory /tmp/workdir/hadoop-ozone/integration-test/target/test-dir/MiniOzoneClusterImpl-4a0fc0af-9b4c-46e4-8239-469c87631420/datanode-2/data/ratis/74e28484-6543-45c4-ac54-2310a8a00dd4
2019-07-13 19:24:22,698 INFO  server.RaftServerConfigKeys (ConfUtils.java:logGet(43)) - raft.server.log.statemachine.data.caching.enabled = true (custom)
2019-07-13 19:24:22,698 INFO  segmented.SegmentedRaftLogWorker (SegmentedRaftLogWorker.java:<init>(172)) - new 62184408-7eb2-4416-9ece-01a663426769-SegmentedRaftLogWorker:Storage Directory /tmp/workdir/hadoop-ozone/integration-test/target/test-dir/MiniOzoneClusterImpl-4a0fc0af-9b4c-46e4-8239-469c87631420/datanode-0/data/ratis/74e28484-6543-45c4-ac54-2310a8a00dd4 for RaftStorage:Storage Directory /tmp/workdir/hadoop-ozone/integration-test/target/test-dir/MiniOzoneClusterImpl-4a0fc0af-9b4c-46e4-8239-469c87631420/datanode-0/data/ratis/74e28484-6543-45c4-ac54-2310a8a00dd4
2019-07-13 19:24:22,699 INFO  server.RaftServerConfigKeys (ConfUtils.java:logGet(43)) - raft.server.log.queue.byte-limit = 2147483647 (custom)
2019-07-13 19:24:22,699 INFO  segmented.SegmentedRaftLogWorker (SegmentedRaftLogWorker.java:lambda$new$0(132)) - e3e59723-a214-489c-85bf-165f3068cc6d-SegmentedRaftLogWorker:Storage Directory /tmp/workdir/hadoop-ozone/integration-test/target/test-dir/MiniOzoneClusterImpl-4a0fc0af-9b4c-46e4-8239-469c87631420/datanode-1/data/ratis/74e28484-6543-45c4-ac54-2310a8a00dd4: flushIndex: setUnconditionally 0 -> -1
2019-07-13 19:24:22,699 INFO  server.RaftServerConfigKeys (ConfUtils.java:logGet(43)) - raft.server.log.queue.byte-limit = 2147483647 (custom)
2019-07-13 19:24:22,699 INFO  server.RaftServerConfigKeys (ConfUtils.java:logGet(43)) - raft.server.log.queue.element-limit = 1024 (custom)
2019-07-13 19:24:22,699 INFO  server.RaftServerConfigKeys (ConfUtils.java:logGet(43)) - raft.server.snapshot.auto.trigger.enabled = true (custom)
2019-07-13 19:24:22,699 INFO  server.RaftServerConfigKeys (ConfUtils.java:logGet(43)) - raft.server.log.queue.element-limit = 1024 (custom)
2019-07-13 19:24:22,700 INFO  server.RaftServerConfigKeys (ConfUtils.java:logGet(43)) - raft.server.snapshot.auto.trigger.threshold = 10000 (custom)
2019-07-13 19:24:22,699 INFO  server.RaftServerConfigKeys (ConfUtils.java:logGet(43)) - raft.server.log.segment.size.max = 1048576 (custom)
2019-07-13 19:24:22,700 INFO  server.RaftServerConfigKeys (ConfUtils.java:logGet(43)) - raft.server.retrycache.expirytime = 600000ms (custom)
2019-07-13 19:24:22,700 INFO  server.RaftServerConfigKeys (ConfUtils.java:logGet(43)) - raft.server.log.segment.size.max = 1048576 (custom)
2019-07-13 19:24:22,700 INFO  impl.RaftServerImpl (RaftServerImpl.java:start(180)) - e3e59723-a214-489c-85bf-165f3068cc6d: start group-2310A8A00DD4
2019-07-13 19:24:22,700 INFO  impl.RaftServerImpl (RaftServerImpl.java:setRole(171)) - e3e59723-a214-489c-85bf-165f3068cc6d:group-2310A8A00DD4 changes role from null to FOLLOWER at term 0 for startAsFollower
2019-07-13 19:24:22,700 INFO  server.RaftServerConfigKeys (ConfUtils.java:logGet(43)) - raft.server.log.preallocated.size = 16384 (custom)
2019-07-13 19:24:22,701 INFO  impl.RoleInfo (RoleInfo.java:updateAndGet(143)) - e3e59723-a214-489c-85bf-165f3068cc6d: start FollowerState
2019-07-13 19:24:22,700 INFO  server.RaftServerConfigKeys (ConfUtils.java:logGet(43)) - raft.server.log.preallocated.size = 16384 (custom)
2019-07-13 19:24:22,701 INFO  server.RaftServerConfigKeys (ConfUtils.java:logGet(43)) - raft.server.log.write.buffer.size = 33554432 (custom)
2019-07-13 19:24:22,701 INFO  util.JmxRegister (JmxRegister.java:tryRegister(44)) - Successfully registered JMX Bean with object name Ratis:service=RaftServer,group=group-2310A8A00DD4,id=e3e59723-a214-489c-85bf-165f3068cc6d
2019-07-13 19:24:22,701 INFO  server.RaftServerConfigKeys (ConfUtils.java:logGet(43)) - raft.server.log.write.buffer.size = 33554432 (custom)
2019-07-13 19:24:22,701 INFO  server.RaftServerConfigKeys (ConfUtils.java:logGet(43)) - raft.server.log.force.sync.num = 128 (default)
2019-07-13 19:24:22,701 INFO  server.RaftServerConfigKeys (ConfUtils.java:logGet(43)) - raft.server.log.force.sync.num = 128 (default)
2019-07-13 19:24:22,702 INFO  server.RaftServerConfigKeys (ConfUtils.java:logGet(43)) - raft.server.log.statemachine.data.sync = true (default)
2019-07-13 19:24:22,702 INFO  server.RaftServerConfigKeys (ConfUtils.java:logGet(43)) - raft.server.log.statemachine.data.sync = true (default)
2019-07-13 19:24:22,702 INFO  server.RaftServerConfigKeys (ConfUtils.java:logGet(43)) - raft.server.log.statemachine.data.sync.timeout = 10s (default)
2019-07-13 19:24:22,702 INFO  server.RaftServerConfigKeys (ConfUtils.java:logGet(43)) - raft.server.log.statemachine.data.sync.timeout = 10s (default)
2019-07-13 19:24:22,702 INFO  server.RaftServerConfigKeys (ConfUtils.java:logGet(43)) - raft.server.log.statemachine.data.sync.timeout.retry = -1 (default)
2019-07-13 19:24:22,702 INFO  server.RaftServerConfigKeys (ConfUtils.java:logGet(43)) - raft.server.log.statemachine.data.sync.timeout.retry = -1 (default)
2019-07-13 19:24:22,705 INFO  server.RaftServerConfigKeys (ConfUtils.java:logGet(43)) - raft.server.log.statemachine.data.caching.enabled = true (custom)
2019-07-13 19:24:22,705 INFO  server.RaftServerConfigKeys (ConfUtils.java:logGet(43)) - raft.server.log.statemachine.data.caching.enabled = true (custom)
2019-07-13 19:24:22,706 INFO  segmented.SegmentedRaftLogWorker (SegmentedRaftLogWorker.java:lambda$new$0(132)) - 62184408-7eb2-4416-9ece-01a663426769-SegmentedRaftLogWorker:Storage Directory /tmp/workdir/hadoop-ozone/integration-test/target/test-dir/MiniOzoneClusterImpl-4a0fc0af-9b4c-46e4-8239-469c87631420/datanode-0/data/ratis/74e28484-6543-45c4-ac54-2310a8a00dd4: flushIndex: setUnconditionally 0 -> -1
2019-07-13 19:24:22,706 INFO  segmented.SegmentedRaftLogWorker (SegmentedRaftLogWorker.java:lambda$new$0(132)) - fdb98542-434e-4b81-b826-43812cb55508-SegmentedRaftLogWorker:Storage Directory /tmp/workdir/hadoop-ozone/integration-test/target/test-dir/MiniOzoneClusterImpl-4a0fc0af-9b4c-46e4-8239-469c87631420/datanode-2/data/ratis/74e28484-6543-45c4-ac54-2310a8a00dd4: flushIndex: setUnconditionally 0 -> -1
2019-07-13 19:24:22,706 INFO  server.RaftServerConfigKeys (ConfUtils.java:logGet(43)) - raft.server.snapshot.auto.trigger.enabled = true (custom)
2019-07-13 19:24:22,706 INFO  server.RaftServerConfigKeys (ConfUtils.java:logGet(43)) - raft.server.snapshot.auto.trigger.threshold = 10000 (custom)
2019-07-13 19:24:22,706 INFO  server.RaftServerConfigKeys (ConfUtils.java:logGet(43)) - raft.server.retrycache.expirytime = 600000ms (custom)
2019-07-13 19:24:22,706 INFO  server.RaftServerConfigKeys (ConfUtils.java:logGet(43)) - raft.server.snapshot.auto.trigger.enabled = true (custom)
2019-07-13 19:24:22,706 INFO  impl.RaftServerImpl (RaftServerImpl.java:start(180)) - 62184408-7eb2-4416-9ece-01a663426769: start group-2310A8A00DD4
2019-07-13 19:24:22,706 INFO  server.RaftServerConfigKeys (ConfUtils.java:logGet(43)) - raft.server.snapshot.auto.trigger.threshold = 10000 (custom)
2019-07-13 19:24:22,707 INFO  impl.RaftServerImpl (RaftServerImpl.java:setRole(171)) - 62184408-7eb2-4416-9ece-01a663426769:group-2310A8A00DD4 changes role from null to FOLLOWER at term 0 for startAsFollower
2019-07-13 19:24:22,707 INFO  server.RaftServerConfigKeys (ConfUtils.java:logGet(43)) - raft.server.retrycache.expirytime = 600000ms (custom)
2019-07-13 19:24:22,707 INFO  impl.RoleInfo (RoleInfo.java:updateAndGet(143)) - 62184408-7eb2-4416-9ece-01a663426769: start FollowerState
2019-07-13 19:24:22,707 INFO  impl.RaftServerImpl (RaftServerImpl.java:start(180)) - fdb98542-434e-4b81-b826-43812cb55508: start group-2310A8A00DD4
2019-07-13 19:24:22,707 INFO  impl.RaftServerImpl (RaftServerImpl.java:setRole(171)) - fdb98542-434e-4b81-b826-43812cb55508:group-2310A8A00DD4 changes role from null to FOLLOWER at term 0 for startAsFollower
2019-07-13 19:24:22,707 INFO  util.JmxRegister (JmxRegister.java:tryRegister(44)) - Successfully registered JMX Bean with object name Ratis:service=RaftServer,group=group-2310A8A00DD4,id=62184408-7eb2-4416-9ece-01a663426769
2019-07-13 19:24:22,707 INFO  impl.RoleInfo (RoleInfo.java:updateAndGet(143)) - fdb98542-434e-4b81-b826-43812cb55508: start FollowerState
2019-07-13 19:24:22,708 INFO  util.JmxRegister (JmxRegister.java:tryRegister(44)) - Successfully registered JMX Bean with object name Ratis:service=RaftServer,group=group-2310A8A00DD4,id=fdb98542-434e-4b81-b826-43812cb55508
2019-07-13 19:24:22,715 INFO  pipeline.PipelineStateManager (PipelineStateManager.java:addPipeline(56)) - Created pipeline Pipeline[ Id: 74e28484-6543-45c4-ac54-2310a8a00dd4, Nodes: 62184408-7eb2-4416-9ece-01a663426769{ip: 192.168.69.122, host: trunk-nightly-fxqsz-774976932, networkLocation: /default-rack, certSerialId: null}e3e59723-a214-489c-85bf-165f3068cc6d{ip: 192.168.69.122, host: trunk-nightly-fxqsz-774976932, networkLocation: /default-rack, certSerialId: null}fdb98542-434e-4b81-b826-43812cb55508{ip: 192.168.69.122, host: trunk-nightly-fxqsz-774976932, networkLocation: /default-rack, certSerialId: null}, Type:RATIS, Factor:THREE, State:OPEN]
2019-07-13 19:24:22,799 INFO  node.SCMNodeManager (SCMNodeManager.java:register(269)) - Registered Data node : eed5c648-ddd6-4c02-9f5e-b334fefb281b{ip: 192.168.69.122, host: trunk-nightly-fxqsz-774976932, networkLocation: /default-rack, certSerialId: null}
2019-07-13 19:24:22,806 INFO  impl.RaftServerProxy (RaftServerProxy.java:addNew(89)) - eed5c648-ddd6-4c02-9f5e-b334fefb281b: addNew group-A6073ACEBEDF:[eed5c648-ddd6-4c02-9f5e-b334fefb281b:192.168.69.122:33402] returns group-A6073ACEBEDF:java.util.concurrent.CompletableFuture@18f30071[Not completed]
2019-07-13 19:24:22,807 INFO  impl.RaftServerImpl (RaftServerImpl.java:<init>(93)) - eed5c648-ddd6-4c02-9f5e-b334fefb281b: new RaftServerImpl for group-A6073ACEBEDF:[eed5c648-ddd6-4c02-9f5e-b334fefb281b:192.168.69.122:33402] with ContainerStateMachine:uninitialized
2019-07-13 19:24:22,807 INFO  server.RaftServerConfigKeys (ConfUtils.java:logGet(43)) - raft.server.rpc.timeout.min = 5s (custom)
2019-07-13 19:24:22,807 INFO  server.RaftServerConfigKeys (ConfUtils.java:logGet(43)) - raft.server.rpc.timeout.max = 5200ms (custom)
2019-07-13 19:24:22,807 INFO  server.RaftServerConfigKeys (ConfUtils.java:logGet(43)) - raft.server.rpcslowness.timeout = 120s (custom)
2019-07-13 19:24:22,808 INFO  server.RaftServerConfigKeys (ConfUtils.java:logGet(43)) - raft.server.sleep.deviation.threshold = 300 (default)
2019-07-13 19:24:22,808 INFO  server.RaftServerConfigKeys (ConfUtils.java:logGet(43)) - raft.server.log.appender.install.snapshot.enabled = false (custom)
2019-07-13 19:24:22,808 INFO  impl.RaftServerImpl (ServerState.java:<init>(105)) - eed5c648-ddd6-4c02-9f5e-b334fefb281b:group-A6073ACEBEDF ConfigurationManager, init=-1: [eed5c648-ddd6-4c02-9f5e-b334fefb281b:192.168.69.122:33402], old=null, confs=<EMPTY_MAP>
2019-07-13 19:24:22,808 INFO  server.RaftServerConfigKeys (ConfUtils.java:logGet(43)) - raft.server.storage.dir = [/tmp/workdir/hadoop-ozone/integration-test/target/test-dir/MiniOzoneClusterImpl-4a0fc0af-9b4c-46e4-8239-469c87631420/datanode-3/data/ratis] (custom)
2019-07-13 19:24:22,808 INFO  storage.RaftStorageDirectory (RaftStorageDirectory.java:analyzeStorage(246)) - The storage directory /tmp/workdir/hadoop-ozone/integration-test/target/test-dir/MiniOzoneClusterImpl-4a0fc0af-9b4c-46e4-8239-469c87631420/datanode-3/data/ratis/6c094641-98fa-427e-a755-a6073acebedf does not exist. Creating ...
2019-07-13 19:24:22,821 INFO  storage.RaftStorageDirectory (RaftStorageDirectory.java:tryLock(328)) - Lock on /tmp/workdir/hadoop-ozone/integration-test/target/test-dir/MiniOzoneClusterImpl-4a0fc0af-9b4c-46e4-8239-469c87631420/datanode-3/data/ratis/6c094641-98fa-427e-a755-a6073acebedf/in_use.lock acquired by nodename 22884@trunk-nightly-fxqsz-774976932
2019-07-13 19:24:22,834 INFO  storage.RaftStorage (RaftStorage.java:format(72)) - Storage directory /tmp/workdir/hadoop-ozone/integration-test/target/test-dir/MiniOzoneClusterImpl-4a0fc0af-9b4c-46e4-8239-469c87631420/datanode-3/data/ratis/6c094641-98fa-427e-a755-a6073acebedf has been successfully formatted.
2019-07-13 19:24:22,834 INFO  ratis.ContainerStateMachine (ContainerStateMachine.java:loadSnapshot(200)) - The snapshot info is null.Setting the last applied index to:(t:0, i:~)
2019-07-13 19:24:22,834 INFO  server.RaftServerConfigKeys (ConfUtils.java:logGet(43)) - raft.server.leader.election.timeout = 120s (custom)
2019-07-13 19:24:22,834 INFO  server.RaftServerConfigKeys (ConfUtils.java:logGet(43)) - raft.server.log.use.memory = false (default)
2019-07-13 19:24:22,835 INFO  server.RaftServerConfigKeys (ConfUtils.java:logGet(43)) - raft.server.log.purge.gap = 1000000000 (custom)
2019-07-13 19:24:22,835 INFO  server.RaftServerConfigKeys (ConfUtils.java:logGet(43)) - raft.server.log.appender.buffer.byte-limit = 33554432 (custom)
2019-07-13 19:24:22,835 INFO  server.RaftServerConfigKeys (ConfUtils.java:logGet(43)) - raft.server.log.segment.size.max = 1048576 (custom)
2019-07-13 19:24:22,835 INFO  server.RaftServerConfigKeys (ConfUtils.java:logGet(43)) - raft.server.log.segment.cache.num.max = 2 (custom)
2019-07-13 19:24:22,835 INFO  segmented.SegmentedRaftLogWorker (SegmentedRaftLogWorker.java:<init>(172)) - new eed5c648-ddd6-4c02-9f5e-b334fefb281b-SegmentedRaftLogWorker:Storage Directory /tmp/workdir/hadoop-ozone/integration-test/target/test-dir/MiniOzoneClusterImpl-4a0fc0af-9b4c-46e4-8239-469c87631420/datanode-3/data/ratis/6c094641-98fa-427e-a755-a6073acebedf for RaftStorage:Storage Directory /tmp/workdir/hadoop-ozone/integration-test/target/test-dir/MiniOzoneClusterImpl-4a0fc0af-9b4c-46e4-8239-469c87631420/datanode-3/data/ratis/6c094641-98fa-427e-a755-a6073acebedf
2019-07-13 19:24:22,835 INFO  server.RaftServerConfigKeys (ConfUtils.java:logGet(43)) - raft.server.log.queue.byte-limit = 2147483647 (custom)
2019-07-13 19:24:22,836 INFO  server.RaftServerConfigKeys (ConfUtils.java:logGet(43)) - raft.server.log.queue.element-limit = 1024 (custom)
2019-07-13 19:24:22,836 INFO  server.RaftServerConfigKeys (ConfUtils.java:logGet(43)) - raft.server.log.segment.size.max = 1048576 (custom)
2019-07-13 19:24:22,836 INFO  server.RaftServerConfigKeys (ConfUtils.java:logGet(43)) - raft.server.log.preallocated.size = 16384 (custom)
2019-07-13 19:24:22,836 INFO  server.RaftServerConfigKeys (ConfUtils.java:logGet(43)) - raft.server.log.write.buffer.size = 33554432 (custom)
2019-07-13 19:24:22,836 INFO  server.RaftServerConfigKeys (ConfUtils.java:logGet(43)) - raft.server.log.force.sync.num = 128 (default)
2019-07-13 19:24:22,836 INFO  server.RaftServerConfigKeys (ConfUtils.java:logGet(43)) - raft.server.log.statemachine.data.sync = true (default)
2019-07-13 19:24:22,836 INFO  server.RaftServerConfigKeys (ConfUtils.java:logGet(43)) - raft.server.log.statemachine.data.sync.timeout = 10s (default)
2019-07-13 19:24:22,837 INFO  server.RaftServerConfigKeys (ConfUtils.java:logGet(43)) - raft.server.log.statemachine.data.sync.timeout.retry = -1 (default)
2019-07-13 19:24:22,837 INFO  server.RaftServerConfigKeys (ConfUtils.java:logGet(43)) - raft.server.log.statemachine.data.caching.enabled = true (custom)
2019-07-13 19:24:22,837 INFO  segmented.SegmentedRaftLogWorker (SegmentedRaftLogWorker.java:lambda$new$0(132)) - eed5c648-ddd6-4c02-9f5e-b334fefb281b-SegmentedRaftLogWorker:Storage Directory /tmp/workdir/hadoop-ozone/integration-test/target/test-dir/MiniOzoneClusterImpl-4a0fc0af-9b4c-46e4-8239-469c87631420/datanode-3/data/ratis/6c094641-98fa-427e-a755-a6073acebedf: flushIndex: setUnconditionally 0 -> -1
2019-07-13 19:24:22,838 INFO  server.RaftServerConfigKeys (ConfUtils.java:logGet(43)) - raft.server.snapshot.auto.trigger.enabled = true (custom)
2019-07-13 19:24:22,838 INFO  server.RaftServerConfigKeys (ConfUtils.java:logGet(43)) - raft.server.snapshot.auto.trigger.threshold = 10000 (custom)
2019-07-13 19:24:22,838 INFO  server.RaftServerConfigKeys (ConfUtils.java:logGet(43)) - raft.server.retrycache.expirytime = 600000ms (custom)
2019-07-13 19:24:22,838 INFO  impl.RaftServerImpl (RaftServerImpl.java:start(180)) - eed5c648-ddd6-4c02-9f5e-b334fefb281b: start group-A6073ACEBEDF
2019-07-13 19:24:22,838 INFO  impl.RaftServerImpl (RaftServerImpl.java:setRole(171)) - eed5c648-ddd6-4c02-9f5e-b334fefb281b:group-A6073ACEBEDF changes role from null to FOLLOWER at term 0 for startAsFollower
2019-07-13 19:24:22,838 INFO  impl.RoleInfo (RoleInfo.java:updateAndGet(143)) - eed5c648-ddd6-4c02-9f5e-b334fefb281b: start FollowerState
2019-07-13 19:24:22,839 INFO  util.JmxRegister (JmxRegister.java:tryRegister(44)) - Successfully registered JMX Bean with object name Ratis:service=RaftServer,group=group-A6073ACEBEDF,id=eed5c648-ddd6-4c02-9f5e-b334fefb281b
2019-07-13 19:24:22,843 INFO  pipeline.PipelineStateManager (PipelineStateManager.java:addPipeline(56)) - Created pipeline Pipeline[ Id: 6c094641-98fa-427e-a755-a6073acebedf, Nodes: eed5c648-ddd6-4c02-9f5e-b334fefb281b{ip: 192.168.69.122, host: trunk-nightly-fxqsz-774976932, networkLocation: /default-rack, certSerialId: null}, Type:RATIS, Factor:ONE, State:OPEN]
2019-07-13 19:24:22,973 INFO  node.SCMNodeManager (SCMNodeManager.java:register(269)) - Registered Data node : ec61217a-c36d-4325-a744-4eef837c4b1b{ip: 192.168.69.122, host: trunk-nightly-fxqsz-774976932, networkLocation: /default-rack, certSerialId: null}
2019-07-13 19:24:22,982 INFO  impl.RaftServerProxy (RaftServerProxy.java:addNew(89)) - ec61217a-c36d-4325-a744-4eef837c4b1b: addNew group-BE4DD9A09412:[ec61217a-c36d-4325-a744-4eef837c4b1b:192.168.69.122:34872] returns group-BE4DD9A09412:java.util.concurrent.CompletableFuture@5b055d82[Not completed]
2019-07-13 19:24:22,983 INFO  impl.RaftServerImpl (RaftServerImpl.java:<init>(93)) - ec61217a-c36d-4325-a744-4eef837c4b1b: new RaftServerImpl for group-BE4DD9A09412:[ec61217a-c36d-4325-a744-4eef837c4b1b:192.168.69.122:34872] with ContainerStateMachine:uninitialized
2019-07-13 19:24:22,983 INFO  server.RaftServerConfigKeys (ConfUtils.java:logGet(43)) - raft.server.rpc.timeout.min = 5s (custom)
2019-07-13 19:24:22,983 INFO  server.RaftServerConfigKeys (ConfUtils.java:logGet(43)) - raft.server.rpc.timeout.max = 5200ms (custom)
2019-07-13 19:24:22,983 INFO  server.RaftServerConfigKeys (ConfUtils.java:logGet(43)) - raft.server.rpcslowness.timeout = 120s (custom)
2019-07-13 19:24:22,983 INFO  server.RaftServerConfigKeys (ConfUtils.java:logGet(43)) - raft.server.sleep.deviation.threshold = 300 (default)
2019-07-13 19:24:22,983 INFO  server.RaftServerConfigKeys (ConfUtils.java:logGet(43)) - raft.server.log.appender.install.snapshot.enabled = false (custom)
2019-07-13 19:24:22,983 INFO  impl.RaftServerImpl (ServerState.java:<init>(105)) - ec61217a-c36d-4325-a744-4eef837c4b1b:group-BE4DD9A09412 ConfigurationManager, init=-1: [ec61217a-c36d-4325-a744-4eef837c4b1b:192.168.69.122:34872], old=null, confs=<EMPTY_MAP>
2019-07-13 19:24:22,984 INFO  server.RaftServerConfigKeys (ConfUtils.java:logGet(43)) - raft.server.storage.dir = [/tmp/workdir/hadoop-ozone/integration-test/target/test-dir/MiniOzoneClusterImpl-4a0fc0af-9b4c-46e4-8239-469c87631420/datanode-4/data/ratis] (custom)
2019-07-13 19:24:22,984 INFO  storage.RaftStorageDirectory (RaftStorageDirectory.java:analyzeStorage(246)) - The storage directory /tmp/workdir/hadoop-ozone/integration-test/target/test-dir/MiniOzoneClusterImpl-4a0fc0af-9b4c-46e4-8239-469c87631420/datanode-4/data/ratis/dd40e49e-bfbf-4af8-b344-be4dd9a09412 does not exist. Creating ...
2019-07-13 19:24:22,998 INFO  storage.RaftStorageDirectory (RaftStorageDirectory.java:tryLock(328)) - Lock on /tmp/workdir/hadoop-ozone/integration-test/target/test-dir/MiniOzoneClusterImpl-4a0fc0af-9b4c-46e4-8239-469c87631420/datanode-4/data/ratis/dd40e49e-bfbf-4af8-b344-be4dd9a09412/in_use.lock acquired by nodename 22884@trunk-nightly-fxqsz-774976932
2019-07-13 19:24:23,022 INFO  storage.RaftStorage (RaftStorage.java:format(72)) - Storage directory /tmp/workdir/hadoop-ozone/integration-test/target/test-dir/MiniOzoneClusterImpl-4a0fc0af-9b4c-46e4-8239-469c87631420/datanode-4/data/ratis/dd40e49e-bfbf-4af8-b344-be4dd9a09412 has been successfully formatted.
2019-07-13 19:24:23,023 INFO  ratis.ContainerStateMachine (ContainerStateMachine.java:loadSnapshot(200)) - The snapshot info is null.Setting the last applied index to:(t:0, i:~)
2019-07-13 19:24:23,023 INFO  server.RaftServerConfigKeys (ConfUtils.java:logGet(43)) - raft.server.leader.election.timeout = 120s (custom)
2019-07-13 19:24:23,023 INFO  server.RaftServerConfigKeys (ConfUtils.java:logGet(43)) - raft.server.log.use.memory = false (default)
2019-07-13 19:24:23,023 INFO  server.RaftServerConfigKeys (ConfUtils.java:logGet(43)) - raft.server.log.purge.gap = 1000000000 (custom)
2019-07-13 19:24:23,023 INFO  server.RaftServerConfigKeys (ConfUtils.java:logGet(43)) - raft.server.log.appender.buffer.byte-limit = 33554432 (custom)
2019-07-13 19:24:23,023 INFO  server.RaftServerConfigKeys (ConfUtils.java:logGet(43)) - raft.server.log.segment.size.max = 1048576 (custom)
2019-07-13 19:24:23,024 INFO  server.RaftServerConfigKeys (ConfUtils.java:logGet(43)) - raft.server.log.segment.cache.num.max = 2 (custom)
2019-07-13 19:24:23,024 INFO  segmented.SegmentedRaftLogWorker (SegmentedRaftLogWorker.java:<init>(172)) - new ec61217a-c36d-4325-a744-4eef837c4b1b-SegmentedRaftLogWorker:Storage Directory /tmp/workdir/hadoop-ozone/integration-test/target/test-dir/MiniOzoneClusterImpl-4a0fc0af-9b4c-46e4-8239-469c87631420/datanode-4/data/ratis/dd40e49e-bfbf-4af8-b344-be4dd9a09412 for RaftStorage:Storage Directory /tmp/workdir/hadoop-ozone/integration-test/target/test-dir/MiniOzoneClusterImpl-4a0fc0af-9b4c-46e4-8239-469c87631420/datanode-4/data/ratis/dd40e49e-bfbf-4af8-b344-be4dd9a09412
2019-07-13 19:24:23,024 INFO  server.RaftServerConfigKeys (ConfUtils.java:logGet(43)) - raft.server.log.queue.byte-limit = 2147483647 (custom)
2019-07-13 19:24:23,024 INFO  server.RaftServerConfigKeys (ConfUtils.java:logGet(43)) - raft.server.log.queue.element-limit = 1024 (custom)
2019-07-13 19:24:23,024 INFO  server.RaftServerConfigKeys (ConfUtils.java:logGet(43)) - raft.server.log.segment.size.max = 1048576 (custom)
2019-07-13 19:24:23,024 INFO  server.RaftServerConfigKeys (ConfUtils.java:logGet(43)) - raft.server.log.preallocated.size = 16384 (custom)
2019-07-13 19:24:23,024 INFO  server.RaftServerConfigKeys (ConfUtils.java:logGet(43)) - raft.server.log.write.buffer.size = 33554432 (custom)
2019-07-13 19:24:23,025 INFO  server.RaftServerConfigKeys (ConfUtils.java:logGet(43)) - raft.server.log.force.sync.num = 128 (default)
2019-07-13 19:24:23,025 INFO  server.RaftServerConfigKeys (ConfUtils.java:logGet(43)) - raft.server.log.statemachine.data.sync = true (default)
2019-07-13 19:24:23,025 INFO  server.RaftServerConfigKeys (ConfUtils.java:logGet(43)) - raft.server.log.statemachine.data.sync.timeout = 10s (default)
2019-07-13 19:24:23,025 INFO  server.RaftServerConfigKeys (ConfUtils.java:logGet(43)) - raft.server.log.statemachine.data.sync.timeout.retry = -1 (default)
2019-07-13 19:24:23,025 INFO  server.RaftServerConfigKeys (ConfUtils.java:logGet(43)) - raft.server.log.statemachine.data.caching.enabled = true (custom)
2019-07-13 19:24:23,026 INFO  segmented.SegmentedRaftLogWorker (SegmentedRaftLogWorker.java:lambda$new$0(132)) - ec61217a-c36d-4325-a744-4eef837c4b1b-SegmentedRaftLogWorker:Storage Directory /tmp/workdir/hadoop-ozone/integration-test/target/test-dir/MiniOzoneClusterImpl-4a0fc0af-9b4c-46e4-8239-469c87631420/datanode-4/data/ratis/dd40e49e-bfbf-4af8-b344-be4dd9a09412: flushIndex: setUnconditionally 0 -> -1
2019-07-13 19:24:23,026 INFO  server.RaftServerConfigKeys (ConfUtils.java:logGet(43)) - raft.server.snapshot.auto.trigger.enabled = true (custom)
2019-07-13 19:24:23,026 INFO  server.RaftServerConfigKeys (ConfUtils.java:logGet(43)) - raft.server.snapshot.auto.trigger.threshold = 10000 (custom)
2019-07-13 19:24:23,026 INFO  server.RaftServerConfigKeys (ConfUtils.java:logGet(43)) - raft.server.retrycache.expirytime = 600000ms (custom)
2019-07-13 19:24:23,026 INFO  impl.RaftServerImpl (RaftServerImpl.java:start(180)) - ec61217a-c36d-4325-a744-4eef837c4b1b: start group-BE4DD9A09412
2019-07-13 19:24:23,027 INFO  impl.RaftServerImpl (RaftServerImpl.java:setRole(171)) - ec61217a-c36d-4325-a744-4eef837c4b1b:group-BE4DD9A09412 changes role from null to FOLLOWER at term 0 for startAsFollower
2019-07-13 19:24:23,027 INFO  impl.RoleInfo (RoleInfo.java:updateAndGet(143)) - ec61217a-c36d-4325-a744-4eef837c4b1b: start FollowerState
2019-07-13 19:24:23,027 INFO  util.JmxRegister (JmxRegister.java:tryRegister(44)) - Successfully registered JMX Bean with object name Ratis:service=RaftServer,group=group-BE4DD9A09412,id=ec61217a-c36d-4325-a744-4eef837c4b1b
2019-07-13 19:24:23,032 INFO  pipeline.PipelineStateManager (PipelineStateManager.java:addPipeline(56)) - Created pipeline Pipeline[ Id: dd40e49e-bfbf-4af8-b344-be4dd9a09412, Nodes: ec61217a-c36d-4325-a744-4eef837c4b1b{ip: 192.168.69.122, host: trunk-nightly-fxqsz-774976932, networkLocation: /default-rack, certSerialId: null}, Type:RATIS, Factor:ONE, State:OPEN]
2019-07-13 19:24:23,136 INFO  node.SCMNodeManager (SCMNodeManager.java:register(269)) - Registered Data node : 5acdc1a5-2360-4ed6-8079-db033c400996{ip: 192.168.69.122, host: trunk-nightly-fxqsz-774976932, networkLocation: /default-rack, certSerialId: null}
2019-07-13 19:24:23,142 INFO  impl.RaftServerProxy (RaftServerProxy.java:addNew(89)) - 5acdc1a5-2360-4ed6-8079-db033c400996: addNew group-222CF2853544:[5acdc1a5-2360-4ed6-8079-db033c400996:192.168.69.122:44461] returns group-222CF2853544:java.util.concurrent.CompletableFuture@4493a9c1[Not completed]
2019-07-13 19:24:23,144 INFO  impl.RaftServerImpl (RaftServerImpl.java:<init>(93)) - 5acdc1a5-2360-4ed6-8079-db033c400996: new RaftServerImpl for group-222CF2853544:[5acdc1a5-2360-4ed6-8079-db033c400996:192.168.69.122:44461] with ContainerStateMachine:uninitialized
2019-07-13 19:24:23,144 INFO  server.RaftServerConfigKeys (ConfUtils.java:logGet(43)) - raft.server.rpc.timeout.min = 5s (custom)
2019-07-13 19:24:23,144 INFO  server.RaftServerConfigKeys (ConfUtils.java:logGet(43)) - raft.server.rpc.timeout.max = 5200ms (custom)
2019-07-13 19:24:23,144 INFO  server.RaftServerConfigKeys (ConfUtils.java:logGet(43)) - raft.server.rpcslowness.timeout = 120s (custom)
2019-07-13 19:24:23,144 INFO  server.RaftServerConfigKeys (ConfUtils.java:logGet(43)) - raft.server.sleep.deviation.threshold = 300 (default)
2019-07-13 19:24:23,144 INFO  server.RaftServerConfigKeys (ConfUtils.java:logGet(43)) - raft.server.log.appender.install.snapshot.enabled = false (custom)
2019-07-13 19:24:23,144 INFO  impl.RaftServerImpl (ServerState.java:<init>(105)) - 5acdc1a5-2360-4ed6-8079-db033c400996:group-222CF2853544 ConfigurationManager, init=-1: [5acdc1a5-2360-4ed6-8079-db033c400996:192.168.69.122:44461], old=null, confs=<EMPTY_MAP>
2019-07-13 19:24:23,145 INFO  server.RaftServerConfigKeys (ConfUtils.java:logGet(43)) - raft.server.storage.dir = [/tmp/workdir/hadoop-ozone/integration-test/target/test-dir/MiniOzoneClusterImpl-4a0fc0af-9b4c-46e4-8239-469c87631420/datanode-5/data/ratis] (custom)
2019-07-13 19:24:23,145 INFO  storage.RaftStorageDirectory (RaftStorageDirectory.java:analyzeStorage(246)) - The storage directory /tmp/workdir/hadoop-ozone/integration-test/target/test-dir/MiniOzoneClusterImpl-4a0fc0af-9b4c-46e4-8239-469c87631420/datanode-5/data/ratis/44a4f30d-023e-47c6-bd82-222cf2853544 does not exist. Creating ...
2019-07-13 19:24:23,158 INFO  storage.RaftStorageDirectory (RaftStorageDirectory.java:tryLock(328)) - Lock on /tmp/workdir/hadoop-ozone/integration-test/target/test-dir/MiniOzoneClusterImpl-4a0fc0af-9b4c-46e4-8239-469c87631420/datanode-5/data/ratis/44a4f30d-023e-47c6-bd82-222cf2853544/in_use.lock acquired by nodename 22884@trunk-nightly-fxqsz-774976932
2019-07-13 19:24:23,181 INFO  storage.RaftStorage (RaftStorage.java:format(72)) - Storage directory /tmp/workdir/hadoop-ozone/integration-test/target/test-dir/MiniOzoneClusterImpl-4a0fc0af-9b4c-46e4-8239-469c87631420/datanode-5/data/ratis/44a4f30d-023e-47c6-bd82-222cf2853544 has been successfully formatted.
2019-07-13 19:24:23,181 INFO  ratis.ContainerStateMachine (ContainerStateMachine.java:loadSnapshot(200)) - The snapshot info is null.Setting the last applied index to:(t:0, i:~)
2019-07-13 19:24:23,181 INFO  server.RaftServerConfigKeys (ConfUtils.java:logGet(43)) - raft.server.leader.election.timeout = 120s (custom)
2019-07-13 19:24:23,181 INFO  server.RaftServerConfigKeys (ConfUtils.java:logGet(43)) - raft.server.log.use.memory = false (default)
2019-07-13 19:24:23,182 INFO  server.RaftServerConfigKeys (ConfUtils.java:logGet(43)) - raft.server.log.purge.gap = 1000000000 (custom)
2019-07-13 19:24:23,182 INFO  server.RaftServerConfigKeys (ConfUtils.java:logGet(43)) - raft.server.log.appender.buffer.byte-limit = 33554432 (custom)
2019-07-13 19:24:23,182 INFO  server.RaftServerConfigKeys (ConfUtils.java:logGet(43)) - raft.server.log.segment.size.max = 1048576 (custom)
2019-07-13 19:24:23,182 INFO  server.RaftServerConfigKeys (ConfUtils.java:logGet(43)) - raft.server.log.segment.cache.num.max = 2 (custom)
2019-07-13 19:24:23,182 INFO  segmented.SegmentedRaftLogWorker (SegmentedRaftLogWorker.java:<init>(172)) - new 5acdc1a5-2360-4ed6-8079-db033c400996-SegmentedRaftLogWorker:Storage Directory /tmp/workdir/hadoop-ozone/integration-test/target/test-dir/MiniOzoneClusterImpl-4a0fc0af-9b4c-46e4-8239-469c87631420/datanode-5/data/ratis/44a4f30d-023e-47c6-bd82-222cf2853544 for RaftStorage:Storage Directory /tmp/workdir/hadoop-ozone/integration-test/target/test-dir/MiniOzoneClusterImpl-4a0fc0af-9b4c-46e4-8239-469c87631420/datanode-5/data/ratis/44a4f30d-023e-47c6-bd82-222cf2853544
2019-07-13 19:24:23,182 INFO  server.RaftServerConfigKeys (ConfUtils.java:logGet(43)) - raft.server.log.queue.byte-limit = 2147483647 (custom)
2019-07-13 19:24:23,182 INFO  server.RaftServerConfigKeys (ConfUtils.java:logGet(43)) - raft.server.log.queue.element-limit = 1024 (custom)
2019-07-13 19:24:23,183 INFO  server.RaftServerConfigKeys (ConfUtils.java:logGet(43)) - raft.server.log.segment.size.max = 1048576 (custom)
2019-07-13 19:24:23,183 INFO  server.RaftServerConfigKeys (ConfUtils.java:logGet(43)) - raft.server.log.preallocated.size = 16384 (custom)
2019-07-13 19:24:23,183 INFO  server.RaftServerConfigKeys (ConfUtils.java:logGet(43)) - raft.server.log.write.buffer.size = 33554432 (custom)
2019-07-13 19:24:23,183 INFO  server.RaftServerConfigKeys (ConfUtils.java:logGet(43)) - raft.server.log.force.sync.num = 128 (default)
2019-07-13 19:24:23,183 INFO  server.RaftServerConfigKeys (ConfUtils.java:logGet(43)) - raft.server.log.statemachine.data.sync = true (default)
2019-07-13 19:24:23,183 INFO  server.RaftServerConfigKeys (ConfUtils.java:logGet(43)) - raft.server.log.statemachine.data.sync.timeout = 10s (default)
2019-07-13 19:24:23,184 INFO  server.RaftServerConfigKeys (ConfUtils.java:logGet(43)) - raft.server.log.statemachine.data.sync.timeout.retry = -1 (default)
2019-07-13 19:24:23,184 INFO  server.RaftServerConfigKeys (ConfUtils.java:logGet(43)) - raft.server.log.statemachine.data.caching.enabled = true (custom)
2019-07-13 19:24:23,184 INFO  segmented.SegmentedRaftLogWorker (SegmentedRaftLogWorker.java:lambda$new$0(132)) - 5acdc1a5-2360-4ed6-8079-db033c400996-SegmentedRaftLogWorker:Storage Directory /tmp/workdir/hadoop-ozone/integration-test/target/test-dir/MiniOzoneClusterImpl-4a0fc0af-9b4c-46e4-8239-469c87631420/datanode-5/data/ratis/44a4f30d-023e-47c6-bd82-222cf2853544: flushIndex: setUnconditionally 0 -> -1
2019-07-13 19:24:23,185 INFO  server.RaftServerConfigKeys (ConfUtils.java:logGet(43)) - raft.server.snapshot.auto.trigger.enabled = true (custom)
2019-07-13 19:24:23,185 INFO  server.RaftServerConfigKeys (ConfUtils.java:logGet(43)) - raft.server.snapshot.auto.trigger.threshold = 10000 (custom)
2019-07-13 19:24:23,185 INFO  server.RaftServerConfigKeys (ConfUtils.java:logGet(43)) - raft.server.retrycache.expirytime = 600000ms (custom)
2019-07-13 19:24:23,185 INFO  impl.RaftServerImpl (RaftServerImpl.java:start(180)) - 5acdc1a5-2360-4ed6-8079-db033c400996: start group-222CF2853544
2019-07-13 19:24:23,185 INFO  impl.RaftServerImpl (RaftServerImpl.java:setRole(171)) - 5acdc1a5-2360-4ed6-8079-db033c400996:group-222CF2853544 changes role from null to FOLLOWER at term 0 for startAsFollower
2019-07-13 19:24:23,185 INFO  impl.RoleInfo (RoleInfo.java:updateAndGet(143)) - 5acdc1a5-2360-4ed6-8079-db033c400996: start FollowerState
2019-07-13 19:24:23,186 INFO  util.JmxRegister (JmxRegister.java:tryRegister(44)) - Successfully registered JMX Bean with object name Ratis:service=RaftServer,group=group-222CF2853544,id=5acdc1a5-2360-4ed6-8079-db033c400996
2019-07-13 19:24:23,192 INFO  pipeline.PipelineStateManager (PipelineStateManager.java:addPipeline(56)) - Created pipeline Pipeline[ Id: 44a4f30d-023e-47c6-bd82-222cf2853544, Nodes: 5acdc1a5-2360-4ed6-8079-db033c400996{ip: 192.168.69.122, host: trunk-nightly-fxqsz-774976932, networkLocation: /default-rack, certSerialId: null}, Type:RATIS, Factor:ONE, State:OPEN]
2019-07-13 19:24:23,202 INFO  impl.RaftServerProxy (RaftServerProxy.java:addNew(89)) - ec61217a-c36d-4325-a744-4eef837c4b1b: addNew group-82C50E8539B1:[ec61217a-c36d-4325-a744-4eef837c4b1b:192.168.69.122:34872, eed5c648-ddd6-4c02-9f5e-b334fefb281b:192.168.69.122:33402, 5acdc1a5-2360-4ed6-8079-db033c400996:192.168.69.122:44461] returns group-82C50E8539B1:java.util.concurrent.CompletableFuture@4c2f9a17[Not completed]
2019-07-13 19:24:23,202 INFO  impl.RaftServerProxy (RaftServerProxy.java:addNew(89)) - 5acdc1a5-2360-4ed6-8079-db033c400996: addNew group-82C50E8539B1:[ec61217a-c36d-4325-a744-4eef837c4b1b:192.168.69.122:34872, eed5c648-ddd6-4c02-9f5e-b334fefb281b:192.168.69.122:33402, 5acdc1a5-2360-4ed6-8079-db033c400996:192.168.69.122:44461] returns group-82C50E8539B1:java.util.concurrent.CompletableFuture@4fb8ba57[Not completed]
2019-07-13 19:24:23,202 INFO  impl.RaftServerProxy (RaftServerProxy.java:addNew(89)) - eed5c648-ddd6-4c02-9f5e-b334fefb281b: addNew group-82C50E8539B1:[ec61217a-c36d-4325-a744-4eef837c4b1b:192.168.69.122:34872, eed5c648-ddd6-4c02-9f5e-b334fefb281b:192.168.69.122:33402, 5acdc1a5-2360-4ed6-8079-db033c400996:192.168.69.122:44461] returns group-82C50E8539B1:java.util.concurrent.CompletableFuture@477cf0d0[Not completed]
2019-07-13 19:24:23,203 INFO  impl.RaftServerImpl (RaftServerImpl.java:<init>(93)) - 5acdc1a5-2360-4ed6-8079-db033c400996: new RaftServerImpl for group-82C50E8539B1:[ec61217a-c36d-4325-a744-4eef837c4b1b:192.168.69.122:34872, eed5c648-ddd6-4c02-9f5e-b334fefb281b:192.168.69.122:33402, 5acdc1a5-2360-4ed6-8079-db033c400996:192.168.69.122:44461] with ContainerStateMachine:uninitialized
2019-07-13 19:24:23,203 INFO  server.RaftServerConfigKeys (ConfUtils.java:logGet(43)) - raft.server.rpc.timeout.min = 5s (custom)
2019-07-13 19:24:23,203 INFO  server.RaftServerConfigKeys (ConfUtils.java:logGet(43)) - raft.server.rpc.timeout.max = 5200ms (custom)
2019-07-13 19:24:23,203 INFO  server.RaftServerConfigKeys (ConfUtils.java:logGet(43)) - raft.server.rpcslowness.timeout = 120s (custom)
2019-07-13 19:24:23,204 INFO  server.RaftServerConfigKeys (ConfUtils.java:logGet(43)) - raft.server.sleep.deviation.threshold = 300 (default)
2019-07-13 19:24:23,204 INFO  impl.RaftServerImpl (RaftServerImpl.java:<init>(93)) - eed5c648-ddd6-4c02-9f5e-b334fefb281b: new RaftServerImpl for group-82C50E8539B1:[ec61217a-c36d-4325-a744-4eef837c4b1b:192.168.69.122:34872, eed5c648-ddd6-4c02-9f5e-b334fefb281b:192.168.69.122:33402, 5acdc1a5-2360-4ed6-8079-db033c400996:192.168.69.122:44461] with ContainerStateMachine:uninitialized
2019-07-13 19:24:23,204 INFO  server.RaftServerConfigKeys (ConfUtils.java:logGet(43)) - raft.server.log.appender.install.snapshot.enabled = false (custom)
2019-07-13 19:24:23,204 INFO  impl.RaftServerImpl (RaftServerImpl.java:<init>(93)) - ec61217a-c36d-4325-a744-4eef837c4b1b: new RaftServerImpl for group-82C50E8539B1:[ec61217a-c36d-4325-a744-4eef837c4b1b:192.168.69.122:34872, eed5c648-ddd6-4c02-9f5e-b334fefb281b:192.168.69.122:33402, 5acdc1a5-2360-4ed6-8079-db033c400996:192.168.69.122:44461] with ContainerStateMachine:uninitialized
2019-07-13 19:24:23,204 INFO  server.RaftServerConfigKeys (ConfUtils.java:logGet(43)) - raft.server.rpc.timeout.min = 5s (custom)
2019-07-13 19:24:23,204 INFO  server.RaftServerConfigKeys (ConfUtils.java:logGet(43)) - raft.server.rpc.timeout.min = 5s (custom)
2019-07-13 19:24:23,204 INFO  impl.RaftServerImpl (ServerState.java:<init>(105)) - 5acdc1a5-2360-4ed6-8079-db033c400996:group-82C50E8539B1 ConfigurationManager, init=-1: [ec61217a-c36d-4325-a744-4eef837c4b1b:192.168.69.122:34872, eed5c648-ddd6-4c02-9f5e-b334fefb281b:192.168.69.122:33402, 5acdc1a5-2360-4ed6-8079-db033c400996:192.168.69.122:44461], old=null, confs=<EMPTY_MAP>
2019-07-13 19:24:23,204 INFO  server.RaftServerConfigKeys (ConfUtils.java:logGet(43)) - raft.server.rpc.timeout.max = 5200ms (custom)
2019-07-13 19:24:23,204 INFO  server.RaftServerConfigKeys (ConfUtils.java:logGet(43)) - raft.server.rpc.timeout.max = 5200ms (custom)
2019-07-13 19:24:23,205 INFO  server.RaftServerConfigKeys (ConfUtils.java:logGet(43)) - raft.server.rpcslowness.timeout = 120s (custom)
2019-07-13 19:24:23,205 INFO  server.RaftServerConfigKeys (ConfUtils.java:logGet(43)) - raft.server.storage.dir = [/tmp/workdir/hadoop-ozone/integration-test/target/test-dir/MiniOzoneClusterImpl-4a0fc0af-9b4c-46e4-8239-469c87631420/datanode-5/data/ratis] (custom)
2019-07-13 19:24:23,205 INFO  server.RaftServerConfigKeys (ConfUtils.java:logGet(43)) - raft.server.sleep.deviation.threshold = 300 (default)
2019-07-13 19:24:23,205 INFO  server.RaftServerConfigKeys (ConfUtils.java:logGet(43)) - raft.server.rpcslowness.timeout = 120s (custom)
2019-07-13 19:24:23,205 INFO  server.RaftServerConfigKeys (ConfUtils.java:logGet(43)) - raft.server.log.appender.install.snapshot.enabled = false (custom)
2019-07-13 19:24:23,205 INFO  server.RaftServerConfigKeys (ConfUtils.java:logGet(43)) - raft.server.sleep.deviation.threshold = 300 (default)
2019-07-13 19:24:23,205 INFO  storage.RaftStorageDirectory (RaftStorageDirectory.java:analyzeStorage(246)) - The storage directory /tmp/workdir/hadoop-ozone/integration-test/target/test-dir/MiniOzoneClusterImpl-4a0fc0af-9b4c-46e4-8239-469c87631420/datanode-5/data/ratis/b0e99ba0-15ad-49b4-b68c-82c50e8539b1 does not exist. Creating ...
2019-07-13 19:24:23,206 INFO  server.RaftServerConfigKeys (ConfUtils.java:logGet(43)) - raft.server.log.appender.install.snapshot.enabled = false (custom)
2019-07-13 19:24:23,206 INFO  impl.RaftServerImpl (ServerState.java:<init>(105)) - ec61217a-c36d-4325-a744-4eef837c4b1b:group-82C50E8539B1 ConfigurationManager, init=-1: [ec61217a-c36d-4325-a744-4eef837c4b1b:192.168.69.122:34872, eed5c648-ddd6-4c02-9f5e-b334fefb281b:192.168.69.122:33402, 5acdc1a5-2360-4ed6-8079-db033c400996:192.168.69.122:44461], old=null, confs=<EMPTY_MAP>
2019-07-13 19:24:23,206 INFO  impl.RaftServerImpl (ServerState.java:<init>(105)) - eed5c648-ddd6-4c02-9f5e-b334fefb281b:group-82C50E8539B1 ConfigurationManager, init=-1: [ec61217a-c36d-4325-a744-4eef837c4b1b:192.168.69.122:34872, eed5c648-ddd6-4c02-9f5e-b334fefb281b:192.168.69.122:33402, 5acdc1a5-2360-4ed6-8079-db033c400996:192.168.69.122:44461], old=null, confs=<EMPTY_MAP>
2019-07-13 19:24:23,206 INFO  server.RaftServerConfigKeys (ConfUtils.java:logGet(43)) - raft.server.storage.dir = [/tmp/workdir/hadoop-ozone/integration-test/target/test-dir/MiniOzoneClusterImpl-4a0fc0af-9b4c-46e4-8239-469c87631420/datanode-4/data/ratis] (custom)
2019-07-13 19:24:23,206 INFO  server.RaftServerConfigKeys (ConfUtils.java:logGet(43)) - raft.server.storage.dir = [/tmp/workdir/hadoop-ozone/integration-test/target/test-dir/MiniOzoneClusterImpl-4a0fc0af-9b4c-46e4-8239-469c87631420/datanode-3/data/ratis] (custom)
2019-07-13 19:24:23,207 INFO  storage.RaftStorageDirectory (RaftStorageDirectory.java:analyzeStorage(246)) - The storage directory /tmp/workdir/hadoop-ozone/integration-test/target/test-dir/MiniOzoneClusterImpl-4a0fc0af-9b4c-46e4-8239-469c87631420/datanode-4/data/ratis/b0e99ba0-15ad-49b4-b68c-82c50e8539b1 does not exist. Creating ...
2019-07-13 19:24:23,207 INFO  storage.RaftStorageDirectory (RaftStorageDirectory.java:analyzeStorage(246)) - The storage directory /tmp/workdir/hadoop-ozone/integration-test/target/test-dir/MiniOzoneClusterImpl-4a0fc0af-9b4c-46e4-8239-469c87631420/datanode-3/data/ratis/b0e99ba0-15ad-49b4-b68c-82c50e8539b1 does not exist. Creating ...
2019-07-13 19:24:23,221 INFO  storage.RaftStorageDirectory (RaftStorageDirectory.java:tryLock(328)) - Lock on /tmp/workdir/hadoop-ozone/integration-test/target/test-dir/MiniOzoneClusterImpl-4a0fc0af-9b4c-46e4-8239-469c87631420/datanode-3/data/ratis/b0e99ba0-15ad-49b4-b68c-82c50e8539b1/in_use.lock acquired by nodename 22884@trunk-nightly-fxqsz-774976932
2019-07-13 19:24:23,221 INFO  storage.RaftStorageDirectory (RaftStorageDirectory.java:tryLock(328)) - Lock on /tmp/workdir/hadoop-ozone/integration-test/target/test-dir/MiniOzoneClusterImpl-4a0fc0af-9b4c-46e4-8239-469c87631420/datanode-5/data/ratis/b0e99ba0-15ad-49b4-b68c-82c50e8539b1/in_use.lock acquired by nodename 22884@trunk-nightly-fxqsz-774976932
2019-07-13 19:24:23,221 INFO  storage.RaftStorageDirectory (RaftStorageDirectory.java:tryLock(328)) - Lock on /tmp/workdir/hadoop-ozone/integration-test/target/test-dir/MiniOzoneClusterImpl-4a0fc0af-9b4c-46e4-8239-469c87631420/datanode-4/data/ratis/b0e99ba0-15ad-49b4-b68c-82c50e8539b1/in_use.lock acquired by nodename 22884@trunk-nightly-fxqsz-774976932
2019-07-13 19:24:23,235 INFO  storage.RaftStorage (RaftStorage.java:format(72)) - Storage directory /tmp/workdir/hadoop-ozone/integration-test/target/test-dir/MiniOzoneClusterImpl-4a0fc0af-9b4c-46e4-8239-469c87631420/datanode-5/data/ratis/b0e99ba0-15ad-49b4-b68c-82c50e8539b1 has been successfully formatted.
2019-07-13 19:24:23,235 INFO  storage.RaftStorage (RaftStorage.java:format(72)) - Storage directory /tmp/workdir/hadoop-ozone/integration-test/target/test-dir/MiniOzoneClusterImpl-4a0fc0af-9b4c-46e4-8239-469c87631420/datanode-3/data/ratis/b0e99ba0-15ad-49b4-b68c-82c50e8539b1 has been successfully formatted.
2019-07-13 19:24:23,236 INFO  storage.RaftStorage (RaftStorage.java:format(72)) - Storage directory /tmp/workdir/hadoop-ozone/integration-test/target/test-dir/MiniOzoneClusterImpl-4a0fc0af-9b4c-46e4-8239-469c87631420/datanode-4/data/ratis/b0e99ba0-15ad-49b4-b68c-82c50e8539b1 has been successfully formatted.
2019-07-13 19:24:23,236 INFO  ratis.ContainerStateMachine (ContainerStateMachine.java:loadSnapshot(200)) - The snapshot info is null.Setting the last applied index to:(t:0, i:~)
2019-07-13 19:24:23,236 INFO  ratis.ContainerStateMachine (ContainerStateMachine.java:loadSnapshot(200)) - The snapshot info is null.Setting the last applied index to:(t:0, i:~)
2019-07-13 19:24:23,236 INFO  ratis.ContainerStateMachine (ContainerStateMachine.java:loadSnapshot(200)) - The snapshot info is null.Setting the last applied index to:(t:0, i:~)
2019-07-13 19:24:23,236 INFO  server.RaftServerConfigKeys (ConfUtils.java:logGet(43)) - raft.server.leader.election.timeout = 120s (custom)
2019-07-13 19:24:23,236 INFO  server.RaftServerConfigKeys (ConfUtils.java:logGet(43)) - raft.server.leader.election.timeout = 120s (custom)
2019-07-13 19:24:23,236 INFO  server.RaftServerConfigKeys (ConfUtils.java:logGet(43)) - raft.server.log.use.memory = false (default)
2019-07-13 19:24:23,236 INFO  server.RaftServerConfigKeys (ConfUtils.java:logGet(43)) - raft.server.leader.election.timeout = 120s (custom)
2019-07-13 19:24:23,237 INFO  server.RaftServerConfigKeys (ConfUtils.java:logGet(43)) - raft.server.log.purge.gap = 1000000000 (custom)
2019-07-13 19:24:23,236 INFO  server.RaftServerConfigKeys (ConfUtils.java:logGet(43)) - raft.server.log.use.memory = false (default)
2019-07-13 19:24:23,237 INFO  server.RaftServerConfigKeys (ConfUtils.java:logGet(43)) - raft.server.log.appender.buffer.byte-limit = 33554432 (custom)
2019-07-13 19:24:23,237 INFO  server.RaftServerConfigKeys (ConfUtils.java:logGet(43)) - raft.server.log.use.memory = false (default)
2019-07-13 19:24:23,237 INFO  server.RaftServerConfigKeys (ConfUtils.java:logGet(43)) - raft.server.log.segment.size.max = 1048576 (custom)
2019-07-13 19:24:23,237 INFO  server.RaftServerConfigKeys (ConfUtils.java:logGet(43)) - raft.server.log.purge.gap = 1000000000 (custom)
2019-07-13 19:24:23,237 INFO  server.RaftServerConfigKeys (ConfUtils.java:logGet(43)) - raft.server.log.segment.cache.num.max = 2 (custom)
2019-07-13 19:24:23,237 INFO  server.RaftServerConfigKeys (ConfUtils.java:logGet(43)) - raft.server.log.purge.gap = 1000000000 (custom)
2019-07-13 19:24:23,238 INFO  segmented.SegmentedRaftLogWorker (SegmentedRaftLogWorker.java:<init>(172)) - new ec61217a-c36d-4325-a744-4eef837c4b1b-SegmentedRaftLogWorker:Storage Directory /tmp/workdir/hadoop-ozone/integration-test/target/test-dir/MiniOzoneClusterImpl-4a0fc0af-9b4c-46e4-8239-469c87631420/datanode-4/data/ratis/b0e99ba0-15ad-49b4-b68c-82c50e8539b1 for RaftStorage:Storage Directory /tmp/workdir/hadoop-ozone/integration-test/target/test-dir/MiniOzoneClusterImpl-4a0fc0af-9b4c-46e4-8239-469c87631420/datanode-4/data/ratis/b0e99ba0-15ad-49b4-b68c-82c50e8539b1
2019-07-13 19:24:23,237 INFO  server.RaftServerConfigKeys (ConfUtils.java:logGet(43)) - raft.server.log.appender.buffer.byte-limit = 33554432 (custom)
2019-07-13 19:24:23,238 INFO  server.RaftServerConfigKeys (ConfUtils.java:logGet(43)) - raft.server.log.queue.byte-limit = 2147483647 (custom)
2019-07-13 19:24:23,238 INFO  server.RaftServerConfigKeys (ConfUtils.java:logGet(43)) - raft.server.log.appender.buffer.byte-limit = 33554432 (custom)
2019-07-13 19:24:23,238 INFO  server.RaftServerConfigKeys (ConfUtils.java:logGet(43)) - raft.server.log.queue.element-limit = 1024 (custom)
2019-07-13 19:24:23,238 INFO  server.RaftServerConfigKeys (ConfUtils.java:logGet(43)) - raft.server.log.segment.size.max = 1048576 (custom)
2019-07-13 19:24:23,238 INFO  server.RaftServerConfigKeys (ConfUtils.java:logGet(43)) - raft.server.log.segment.size.max = 1048576 (custom)
2019-07-13 19:24:23,239 INFO  server.RaftServerConfigKeys (ConfUtils.java:logGet(43)) - raft.server.log.preallocated.size = 16384 (custom)
2019-07-13 19:24:23,238 INFO  server.RaftServerConfigKeys (ConfUtils.java:logGet(43)) - raft.server.log.segment.size.max = 1048576 (custom)
2019-07-13 19:24:23,239 INFO  server.RaftServerConfigKeys (ConfUtils.java:logGet(43)) - raft.server.log.write.buffer.size = 33554432 (custom)
2019-07-13 19:24:23,238 INFO  server.RaftServerConfigKeys (ConfUtils.java:logGet(43)) - raft.server.log.segment.cache.num.max = 2 (custom)
2019-07-13 19:24:23,239 INFO  server.RaftServerConfigKeys (ConfUtils.java:logGet(43)) - raft.server.log.force.sync.num = 128 (default)
2019-07-13 19:24:23,239 INFO  server.RaftServerConfigKeys (ConfUtils.java:logGet(43)) - raft.server.log.statemachine.data.sync = true (default)
2019-07-13 19:24:23,239 INFO  server.RaftServerConfigKeys (ConfUtils.java:logGet(43)) - raft.server.log.segment.cache.num.max = 2 (custom)
2019-07-13 19:24:23,239 INFO  server.RaftServerConfigKeys (ConfUtils.java:logGet(43)) - raft.server.log.statemachine.data.sync.timeout = 10s (default)
2019-07-13 19:24:23,239 INFO  segmented.SegmentedRaftLogWorker (SegmentedRaftLogWorker.java:<init>(172)) - new 5acdc1a5-2360-4ed6-8079-db033c400996-SegmentedRaftLogWorker:Storage Directory /tmp/workdir/hadoop-ozone/integration-test/target/test-dir/MiniOzoneClusterImpl-4a0fc0af-9b4c-46e4-8239-469c87631420/datanode-5/data/ratis/b0e99ba0-15ad-49b4-b68c-82c50e8539b1 for RaftStorage:Storage Directory /tmp/workdir/hadoop-ozone/integration-test/target/test-dir/MiniOzoneClusterImpl-4a0fc0af-9b4c-46e4-8239-469c87631420/datanode-5/data/ratis/b0e99ba0-15ad-49b4-b68c-82c50e8539b1
2019-07-13 19:24:23,240 INFO  server.RaftServerConfigKeys (ConfUtils.java:logGet(43)) - raft.server.log.statemachine.data.sync.timeout.retry = -1 (default)
2019-07-13 19:24:23,239 INFO  segmented.SegmentedRaftLogWorker (SegmentedRaftLogWorker.java:<init>(172)) - new eed5c648-ddd6-4c02-9f5e-b334fefb281b-SegmentedRaftLogWorker:Storage Directory /tmp/workdir/hadoop-ozone/integration-test/target/test-dir/MiniOzoneClusterImpl-4a0fc0af-9b4c-46e4-8239-469c87631420/datanode-3/data/ratis/b0e99ba0-15ad-49b4-b68c-82c50e8539b1 for RaftStorage:Storage Directory /tmp/workdir/hadoop-ozone/integration-test/target/test-dir/MiniOzoneClusterImpl-4a0fc0af-9b4c-46e4-8239-469c87631420/datanode-3/data/ratis/b0e99ba0-15ad-49b4-b68c-82c50e8539b1
2019-07-13 19:24:23,240 INFO  server.RaftServerConfigKeys (ConfUtils.java:logGet(43)) - raft.server.log.statemachine.data.caching.enabled = true (custom)
2019-07-13 19:24:23,240 INFO  server.RaftServerConfigKeys (ConfUtils.java:logGet(43)) - raft.server.log.queue.byte-limit = 2147483647 (custom)
2019-07-13 19:24:23,240 INFO  server.RaftServerConfigKeys (ConfUtils.java:logGet(43)) - raft.server.log.queue.byte-limit = 2147483647 (custom)
2019-07-13 19:24:23,240 INFO  segmented.SegmentedRaftLogWorker (SegmentedRaftLogWorker.java:lambda$new$0(132)) - ec61217a-c36d-4325-a744-4eef837c4b1b-SegmentedRaftLogWorker:Storage Directory /tmp/workdir/hadoop-ozone/integration-test/target/test-dir/MiniOzoneClusterImpl-4a0fc0af-9b4c-46e4-8239-469c87631420/datanode-4/data/ratis/b0e99ba0-15ad-49b4-b68c-82c50e8539b1: flushIndex: setUnconditionally 0 -> -1
2019-07-13 19:24:23,240 INFO  server.RaftServerConfigKeys (ConfUtils.java:logGet(43)) - raft.server.log.queue.element-limit = 1024 (custom)
2019-07-13 19:24:23,240 INFO  server.RaftServerConfigKeys (ConfUtils.java:logGet(43)) - raft.server.log.queue.element-limit = 1024 (custom)
2019-07-13 19:24:23,241 INFO  server.RaftServerConfigKeys (ConfUtils.java:logGet(43)) - raft.server.snapshot.auto.trigger.enabled = true (custom)
2019-07-13 19:24:23,241 INFO  server.RaftServerConfigKeys (ConfUtils.java:logGet(43)) - raft.server.log.segment.size.max = 1048576 (custom)
2019-07-13 19:24:23,241 INFO  server.RaftServerConfigKeys (ConfUtils.java:logGet(43)) - raft.server.snapshot.auto.trigger.threshold = 10000 (custom)
2019-07-13 19:24:23,241 INFO  server.RaftServerConfigKeys (ConfUtils.java:logGet(43)) - raft.server.log.segment.size.max = 1048576 (custom)
2019-07-13 19:24:23,241 INFO  server.RaftServerConfigKeys (ConfUtils.java:logGet(43)) - raft.server.retrycache.expirytime = 600000ms (custom)
2019-07-13 19:24:23,241 INFO  server.RaftServerConfigKeys (ConfUtils.java:logGet(43)) - raft.server.log.preallocated.size = 16384 (custom)
2019-07-13 19:24:23,241 INFO  impl.RaftServerImpl (RaftServerImpl.java:start(180)) - ec61217a-c36d-4325-a744-4eef837c4b1b: start group-82C50E8539B1
2019-07-13 19:24:23,241 INFO  server.RaftServerConfigKeys (ConfUtils.java:logGet(43)) - raft.server.log.preallocated.size = 16384 (custom)
2019-07-13 19:24:23,242 INFO  impl.RaftServerImpl (RaftServerImpl.java:setRole(171)) - ec61217a-c36d-4325-a744-4eef837c4b1b:group-82C50E8539B1 changes role from null to FOLLOWER at term 0 for startAsFollower
2019-07-13 19:24:23,242 INFO  server.RaftServerConfigKeys (ConfUtils.java:logGet(43)) - raft.server.log.write.buffer.size = 33554432 (custom)
2019-07-13 19:24:23,242 INFO  impl.RoleInfo (RoleInfo.java:updateAndGet(143)) - ec61217a-c36d-4325-a744-4eef837c4b1b: start FollowerState
2019-07-13 19:24:23,242 INFO  server.RaftServerConfigKeys (ConfUtils.java:logGet(43)) - raft.server.log.write.buffer.size = 33554432 (custom)
2019-07-13 19:24:23,242 INFO  server.RaftServerConfigKeys (ConfUtils.java:logGet(43)) - raft.server.log.force.sync.num = 128 (default)
2019-07-13 19:24:23,242 INFO  server.RaftServerConfigKeys (ConfUtils.java:logGet(43)) - raft.server.log.force.sync.num = 128 (default)
2019-07-13 19:24:23,243 INFO  util.JmxRegister (JmxRegister.java:tryRegister(44)) - Successfully registered JMX Bean with object name Ratis:service=RaftServer,group=group-82C50E8539B1,id=ec61217a-c36d-4325-a744-4eef837c4b1b
2019-07-13 19:24:23,243 INFO  server.RaftServerConfigKeys (ConfUtils.java:logGet(43)) - raft.server.log.statemachine.data.sync = true (default)
2019-07-13 19:24:23,243 INFO  server.RaftServerConfigKeys (ConfUtils.java:logGet(43)) - raft.server.log.statemachine.data.sync = true (default)
2019-07-13 19:24:23,243 INFO  server.RaftServerConfigKeys (ConfUtils.java:logGet(43)) - raft.server.log.statemachine.data.sync.timeout = 10s (default)
2019-07-13 19:24:23,243 INFO  server.RaftServerConfigKeys (ConfUtils.java:logGet(43)) - raft.server.log.statemachine.data.sync.timeout = 10s (default)
2019-07-13 19:24:23,243 INFO  server.RaftServerConfigKeys (ConfUtils.java:logGet(43)) - raft.server.log.statemachine.data.sync.timeout.retry = -1 (default)
2019-07-13 19:24:23,243 INFO  server.RaftServerConfigKeys (ConfUtils.java:logGet(43)) - raft.server.log.statemachine.data.sync.timeout.retry = -1 (default)
2019-07-13 19:24:23,244 INFO  server.RaftServerConfigKeys (ConfUtils.java:logGet(43)) - raft.server.log.statemachine.data.caching.enabled = true (custom)
2019-07-13 19:24:23,244 INFO  server.RaftServerConfigKeys (ConfUtils.java:logGet(43)) - raft.server.log.statemachine.data.caching.enabled = true (custom)
2019-07-13 19:24:23,248 INFO  segmented.SegmentedRaftLogWorker (SegmentedRaftLogWorker.java:lambda$new$0(132)) - 5acdc1a5-2360-4ed6-8079-db033c400996-SegmentedRaftLogWorker:Storage Directory /tmp/workdir/hadoop-ozone/integration-test/target/test-dir/MiniOzoneClusterImpl-4a0fc0af-9b4c-46e4-8239-469c87631420/datanode-5/data/ratis/b0e99ba0-15ad-49b4-b68c-82c50e8539b1: flushIndex: setUnconditionally 0 -> -1
2019-07-13 19:24:23,248 INFO  segmented.SegmentedRaftLogWorker (SegmentedRaftLogWorker.java:lambda$new$0(132)) - eed5c648-ddd6-4c02-9f5e-b334fefb281b-SegmentedRaftLogWorker:Storage Directory /tmp/workdir/hadoop-ozone/integration-test/target/test-dir/MiniOzoneClusterImpl-4a0fc0af-9b4c-46e4-8239-469c87631420/datanode-3/data/ratis/b0e99ba0-15ad-49b4-b68c-82c50e8539b1: flushIndex: setUnconditionally 0 -> -1
2019-07-13 19:24:23,248 INFO  server.RaftServerConfigKeys (ConfUtils.java:logGet(43)) - raft.server.snapshot.auto.trigger.enabled = true (custom)
2019-07-13 19:24:23,248 INFO  server.RaftServerConfigKeys (ConfUtils.java:logGet(43)) - raft.server.snapshot.auto.trigger.threshold = 10000 (custom)
2019-07-13 19:24:23,248 INFO  server.RaftServerConfigKeys (ConfUtils.java:logGet(43)) - raft.server.snapshot.auto.trigger.enabled = true (custom)
2019-07-13 19:24:23,248 INFO  server.RaftServerConfigKeys (ConfUtils.java:logGet(43)) - raft.server.retrycache.expirytime = 600000ms (custom)
2019-07-13 19:24:23,248 INFO  server.RaftServerConfigKeys (ConfUtils.java:logGet(43)) - raft.server.snapshot.auto.trigger.threshold = 10000 (custom)
2019-07-13 19:24:23,248 INFO  impl.RaftServerImpl (RaftServerImpl.java:start(180)) - 5acdc1a5-2360-4ed6-8079-db033c400996: start group-82C50E8539B1
2019-07-13 19:24:23,249 INFO  server.RaftServerConfigKeys (ConfUtils.java:logGet(43)) - raft.server.retrycache.expirytime = 600000ms (custom)
2019-07-13 19:24:23,249 INFO  impl.RaftServerImpl (RaftServerImpl.java:setRole(171)) - 5acdc1a5-2360-4ed6-8079-db033c400996:group-82C50E8539B1 changes role from null to FOLLOWER at term 0 for startAsFollower
2019-07-13 19:24:23,249 INFO  impl.RaftServerImpl (RaftServerImpl.java:start(180)) - eed5c648-ddd6-4c02-9f5e-b334fefb281b: start group-82C50E8539B1
2019-07-13 19:24:23,249 INFO  impl.RoleInfo (RoleInfo.java:updateAndGet(143)) - 5acdc1a5-2360-4ed6-8079-db033c400996: start FollowerState
2019-07-13 19:24:23,249 INFO  impl.RaftServerImpl (RaftServerImpl.java:setRole(171)) - eed5c648-ddd6-4c02-9f5e-b334fefb281b:group-82C50E8539B1 changes role from null to FOLLOWER at term 0 for startAsFollower
2019-07-13 19:24:23,249 INFO  impl.RoleInfo (RoleInfo.java:updateAndGet(143)) - eed5c648-ddd6-4c02-9f5e-b334fefb281b: start FollowerState
2019-07-13 19:24:23,249 INFO  util.JmxRegister (JmxRegister.java:tryRegister(44)) - Successfully registered JMX Bean with object name Ratis:service=RaftServer,group=group-82C50E8539B1,id=5acdc1a5-2360-4ed6-8079-db033c400996
2019-07-13 19:24:23,249 INFO  util.JmxRegister (JmxRegister.java:tryRegister(44)) - Successfully registered JMX Bean with object name Ratis:service=RaftServer,group=group-82C50E8539B1,id=eed5c648-ddd6-4c02-9f5e-b334fefb281b
2019-07-13 19:24:23,255 INFO  pipeline.PipelineStateManager (PipelineStateManager.java:addPipeline(56)) - Created pipeline Pipeline[ Id: b0e99ba0-15ad-49b4-b68c-82c50e8539b1, Nodes: 5acdc1a5-2360-4ed6-8079-db033c400996{ip: 192.168.69.122, host: trunk-nightly-fxqsz-774976932, networkLocation: /default-rack, certSerialId: null}eed5c648-ddd6-4c02-9f5e-b334fefb281b{ip: 192.168.69.122, host: trunk-nightly-fxqsz-774976932, networkLocation: /default-rack, certSerialId: null}ec61217a-c36d-4325-a744-4eef837c4b1b{ip: 192.168.69.122, host: trunk-nightly-fxqsz-774976932, networkLocation: /default-rack, certSerialId: null}, Type:RATIS, Factor:THREE, State:OPEN]
2019-07-13 19:24:23,297 INFO  ozone.MiniOzoneClusterImpl (MiniOzoneClusterImpl.java:lambda$waitForClusterToBeReady$0(142)) - Waiting for cluster to be ready. Got 6 of 7 DN Heartbeats.
2019-07-13 19:24:23,301 INFO  node.SCMNodeManager (SCMNodeManager.java:register(269)) - Registered Data node : 386e0f33-33d7-4881-a1d9-368b4483c00b{ip: 192.168.69.122, host: trunk-nightly-fxqsz-774976932, networkLocation: /default-rack, certSerialId: null}
2019-07-13 19:24:23,308 INFO  impl.RaftServerProxy (RaftServerProxy.java:addNew(89)) - 386e0f33-33d7-4881-a1d9-368b4483c00b: addNew group-E3CA9D66862E:[386e0f33-33d7-4881-a1d9-368b4483c00b:192.168.69.122:37201] returns group-E3CA9D66862E:java.util.concurrent.CompletableFuture@44fbafc5[Not completed]
2019-07-13 19:24:23,309 INFO  impl.RaftServerImpl (RaftServerImpl.java:<init>(93)) - 386e0f33-33d7-4881-a1d9-368b4483c00b: new RaftServerImpl for group-E3CA9D66862E:[386e0f33-33d7-4881-a1d9-368b4483c00b:192.168.69.122:37201] with ContainerStateMachine:uninitialized
2019-07-13 19:24:23,309 INFO  server.RaftServerConfigKeys (ConfUtils.java:logGet(43)) - raft.server.rpc.timeout.min = 5s (custom)
2019-07-13 19:24:23,309 INFO  server.RaftServerConfigKeys (ConfUtils.java:logGet(43)) - raft.server.rpc.timeout.max = 5200ms (custom)
2019-07-13 19:24:23,309 INFO  server.RaftServerConfigKeys (ConfUtils.java:logGet(43)) - raft.server.rpcslowness.timeout = 120s (custom)
2019-07-13 19:24:23,309 INFO  server.RaftServerConfigKeys (ConfUtils.java:logGet(43)) - raft.server.sleep.deviation.threshold = 300 (default)
2019-07-13 19:24:23,309 INFO  server.RaftServerConfigKeys (ConfUtils.java:logGet(43)) - raft.server.log.appender.install.snapshot.enabled = false (custom)
2019-07-13 19:24:23,309 INFO  impl.RaftServerImpl (ServerState.java:<init>(105)) - 386e0f33-33d7-4881-a1d9-368b4483c00b:group-E3CA9D66862E ConfigurationManager, init=-1: [386e0f33-33d7-4881-a1d9-368b4483c00b:192.168.69.122:37201], old=null, confs=<EMPTY_MAP>
2019-07-13 19:24:23,310 INFO  server.RaftServerConfigKeys (ConfUtils.java:logGet(43)) - raft.server.storage.dir = [/tmp/workdir/hadoop-ozone/integration-test/target/test-dir/MiniOzoneClusterImpl-4a0fc0af-9b4c-46e4-8239-469c87631420/datanode-6/data/ratis] (custom)
2019-07-13 19:24:23,310 INFO  storage.RaftStorageDirectory (RaftStorageDirectory.java:analyzeStorage(246)) - The storage directory /tmp/workdir/hadoop-ozone/integration-test/target/test-dir/MiniOzoneClusterImpl-4a0fc0af-9b4c-46e4-8239-469c87631420/datanode-6/data/ratis/8e5788f1-17a6-4b99-8eae-e3ca9d66862e does not exist. Creating ...
2019-07-13 19:24:23,323 INFO  storage.RaftStorageDirectory (RaftStorageDirectory.java:tryLock(328)) - Lock on /tmp/workdir/hadoop-ozone/integration-test/target/test-dir/MiniOzoneClusterImpl-4a0fc0af-9b4c-46e4-8239-469c87631420/datanode-6/data/ratis/8e5788f1-17a6-4b99-8eae-e3ca9d66862e/in_use.lock acquired by nodename 22884@trunk-nightly-fxqsz-774976932
2019-07-13 19:24:23,336 INFO  storage.RaftStorage (RaftStorage.java:format(72)) - Storage directory /tmp/workdir/hadoop-ozone/integration-test/target/test-dir/MiniOzoneClusterImpl-4a0fc0af-9b4c-46e4-8239-469c87631420/datanode-6/data/ratis/8e5788f1-17a6-4b99-8eae-e3ca9d66862e has been successfully formatted.
2019-07-13 19:24:23,337 INFO  ratis.ContainerStateMachine (ContainerStateMachine.java:loadSnapshot(200)) - The snapshot info is null.Setting the last applied index to:(t:0, i:~)
2019-07-13 19:24:23,337 INFO  server.RaftServerConfigKeys (ConfUtils.java:logGet(43)) - raft.server.leader.election.timeout = 120s (custom)
2019-07-13 19:24:23,337 INFO  server.RaftServerConfigKeys (ConfUtils.java:logGet(43)) - raft.server.log.use.memory = false (default)
2019-07-13 19:24:23,337 INFO  server.RaftServerConfigKeys (ConfUtils.java:logGet(43)) - raft.server.log.purge.gap = 1000000000 (custom)
2019-07-13 19:24:23,337 INFO  server.RaftServerConfigKeys (ConfUtils.java:logGet(43)) - raft.server.log.appender.buffer.byte-limit = 33554432 (custom)
2019-07-13 19:24:23,337 INFO  server.RaftServerConfigKeys (ConfUtils.java:logGet(43)) - raft.server.log.segment.size.max = 1048576 (custom)
2019-07-13 19:24:23,337 INFO  server.RaftServerConfigKeys (ConfUtils.java:logGet(43)) - raft.server.log.segment.cache.num.max = 2 (custom)
2019-07-13 19:24:23,338 INFO  segmented.SegmentedRaftLogWorker (SegmentedRaftLogWorker.java:<init>(172)) - new 386e0f33-33d7-4881-a1d9-368b4483c00b-SegmentedRaftLogWorker:Storage Directory /tmp/workdir/hadoop-ozone/integration-test/target/test-dir/MiniOzoneClusterImpl-4a0fc0af-9b4c-46e4-8239-469c87631420/datanode-6/data/ratis/8e5788f1-17a6-4b99-8eae-e3ca9d66862e for RaftStorage:Storage Directory /tmp/workdir/hadoop-ozone/integration-test/target/test-dir/MiniOzoneClusterImpl-4a0fc0af-9b4c-46e4-8239-469c87631420/datanode-6/data/ratis/8e5788f1-17a6-4b99-8eae-e3ca9d66862e
2019-07-13 19:24:23,338 INFO  server.RaftServerConfigKeys (ConfUtils.java:logGet(43)) - raft.server.log.queue.byte-limit = 2147483647 (custom)
2019-07-13 19:24:23,338 INFO  server.RaftServerConfigKeys (ConfUtils.java:logGet(43)) - raft.server.log.queue.element-limit = 1024 (custom)
2019-07-13 19:24:23,338 INFO  server.RaftServerConfigKeys (ConfUtils.java:logGet(43)) - raft.server.log.segment.size.max = 1048576 (custom)
2019-07-13 19:24:23,338 INFO  server.RaftServerConfigKeys (ConfUtils.java:logGet(43)) - raft.server.log.preallocated.size = 16384 (custom)
2019-07-13 19:24:23,338 INFO  server.RaftServerConfigKeys (ConfUtils.java:logGet(43)) - raft.server.log.write.buffer.size = 33554432 (custom)
2019-07-13 19:24:23,338 INFO  server.RaftServerConfigKeys (ConfUtils.java:logGet(43)) - raft.server.log.force.sync.num = 128 (default)
2019-07-13 19:24:23,339 INFO  server.RaftServerConfigKeys (ConfUtils.java:logGet(43)) - raft.server.log.statemachine.data.sync = true (default)
2019-07-13 19:24:23,339 INFO  server.RaftServerConfigKeys (ConfUtils.java:logGet(43)) - raft.server.log.statemachine.data.sync.timeout = 10s (default)
2019-07-13 19:24:23,339 INFO  server.RaftServerConfigKeys (ConfUtils.java:logGet(43)) - raft.server.log.statemachine.data.sync.timeout.retry = -1 (default)
2019-07-13 19:24:23,339 INFO  server.RaftServerConfigKeys (ConfUtils.java:logGet(43)) - raft.server.log.statemachine.data.caching.enabled = true (custom)
2019-07-13 19:24:23,339 INFO  segmented.SegmentedRaftLogWorker (SegmentedRaftLogWorker.java:lambda$new$0(132)) - 386e0f33-33d7-4881-a1d9-368b4483c00b-SegmentedRaftLogWorker:Storage Directory /tmp/workdir/hadoop-ozone/integration-test/target/test-dir/MiniOzoneClusterImpl-4a0fc0af-9b4c-46e4-8239-469c87631420/datanode-6/data/ratis/8e5788f1-17a6-4b99-8eae-e3ca9d66862e: flushIndex: setUnconditionally 0 -> -1
2019-07-13 19:24:23,340 INFO  server.RaftServerConfigKeys (ConfUtils.java:logGet(43)) - raft.server.snapshot.auto.trigger.enabled = true (custom)
2019-07-13 19:24:23,340 INFO  server.RaftServerConfigKeys (ConfUtils.java:logGet(43)) - raft.server.snapshot.auto.trigger.threshold = 10000 (custom)
2019-07-13 19:24:23,340 INFO  server.RaftServerConfigKeys (ConfUtils.java:logGet(43)) - raft.server.retrycache.expirytime = 600000ms (custom)
2019-07-13 19:24:23,340 INFO  impl.RaftServerImpl (RaftServerImpl.java:start(180)) - 386e0f33-33d7-4881-a1d9-368b4483c00b: start group-E3CA9D66862E
2019-07-13 19:24:23,340 INFO  impl.RaftServerImpl (RaftServerImpl.java:setRole(171)) - 386e0f33-33d7-4881-a1d9-368b4483c00b:group-E3CA9D66862E changes role from null to FOLLOWER at term 0 for startAsFollower
2019-07-13 19:24:23,340 INFO  impl.RoleInfo (RoleInfo.java:updateAndGet(143)) - 386e0f33-33d7-4881-a1d9-368b4483c00b: start FollowerState
2019-07-13 19:24:23,341 INFO  util.JmxRegister (JmxRegister.java:tryRegister(44)) - Successfully registered JMX Bean with object name Ratis:service=RaftServer,group=group-E3CA9D66862E,id=386e0f33-33d7-4881-a1d9-368b4483c00b
2019-07-13 19:24:23,345 INFO  pipeline.PipelineStateManager (PipelineStateManager.java:addPipeline(56)) - Created pipeline Pipeline[ Id: 8e5788f1-17a6-4b99-8eae-e3ca9d66862e, Nodes: 386e0f33-33d7-4881-a1d9-368b4483c00b{ip: 192.168.69.122, host: trunk-nightly-fxqsz-774976932, networkLocation: /default-rack, certSerialId: null}, Type:RATIS, Factor:ONE, State:OPEN]
2019-07-13 19:24:24,298 INFO  ozone.MiniOzoneClusterImpl (MiniOzoneClusterImpl.java:lambda$waitForClusterToBeReady$0(142)) - Cluster is ready. Got 7 of 7 DN Heartbeats.
2019-07-13 19:24:24,326 INFO  rpc.RpcClient (RpcClient.java:createVolume(287)) - Creating Volume: testblockoutputstream, with jenkins1000 as owner.
2019-07-13 19:24:24,345 INFO  rpc.RpcClient (RpcClient.java:createBucket(424)) - Creating Bucket: testblockoutputstream/testblockoutputstream, with Versioning false and Storage Type set to DISK and Encryption set to false 
2019-07-13 19:24:24,385 INFO  client.GrpcClientProtocolClient (GrpcClientProtocolClient.java:onNext(255)) - client-6BB33572455E->5acdc1a5-2360-4ed6-8079-db033c400996: receive RaftClientReply:client-6BB33572455E->5acdc1a5-2360-4ed6-8079-db033c400996@group-82C50E8539B1, cid=264, FAILED org.apache.ratis.protocol.NotLeaderException: Server 5acdc1a5-2360-4ed6-8079-db033c400996 is not the leader (null). Request must be sent to leader., logIndex=0, commits[5acdc1a5-2360-4ed6-8079-db033c400996:c-1]
2019-07-13 19:24:25,223 INFO  container.ReplicationManager (ReplicationManager.java:start(155)) - Starting Replication Monitor Thread.
2019-07-13 19:24:25,227 INFO  container.ReplicationManager (ReplicationManager.java:run(207)) - Replication Monitor Thread took 0 milliseconds for processing 1 containers.
2019-07-13 19:24:25,402 INFO  client.GrpcClientProtocolClient (GrpcClientProtocolClient.java:onNext(255)) - client-6BB33572455E->eed5c648-ddd6-4c02-9f5e-b334fefb281b: receive RaftClientReply:client-6BB33572455E->eed5c648-ddd6-4c02-9f5e-b334fefb281b@group-82C50E8539B1, cid=264, FAILED org.apache.ratis.protocol.NotLeaderException: Server eed5c648-ddd6-4c02-9f5e-b334fefb281b is not the leader (null). Request must be sent to leader., logIndex=0, commits[eed5c648-ddd6-4c02-9f5e-b334fefb281b:c-1]
2019-07-13 19:24:26,413 INFO  client.GrpcClientProtocolClient (GrpcClientProtocolClient.java:onNext(255)) - client-6BB33572455E->5acdc1a5-2360-4ed6-8079-db033c400996: receive RaftClientReply:client-6BB33572455E->5acdc1a5-2360-4ed6-8079-db033c400996@group-82C50E8539B1, cid=264, FAILED org.apache.ratis.protocol.NotLeaderException: Server 5acdc1a5-2360-4ed6-8079-db033c400996 is not the leader (null). Request must be sent to leader., logIndex=0, commits[5acdc1a5-2360-4ed6-8079-db033c400996:c-1]
2019-07-13 19:24:27,344 INFO  impl.FollowerState (FollowerState.java:run(106)) - 62184408-7eb2-4416-9ece-01a663426769:group-FFC1ECAA9FC2 changes to CANDIDATE, lastRpcTime:5080, electionTimeout:5080ms
2019-07-13 19:24:27,344 INFO  impl.RoleInfo (RoleInfo.java:shutdownFollowerState(121)) - 62184408-7eb2-4416-9ece-01a663426769: shutdown FollowerState
2019-07-13 19:24:27,344 INFO  impl.RaftServerImpl (RaftServerImpl.java:setRole(171)) - 62184408-7eb2-4416-9ece-01a663426769:group-FFC1ECAA9FC2 changes role from FOLLOWER to CANDIDATE at term 0 for changeToCandidate
2019-07-13 19:24:27,344 INFO  impl.RoleInfo (RoleInfo.java:updateAndGet(143)) - 62184408-7eb2-4416-9ece-01a663426769: start LeaderElection
2019-07-13 19:24:27,376 INFO  impl.LeaderElection (LeaderElection.java:askForVotes(181)) - 62184408-7eb2-4416-9ece-01a663426769:group-FFC1ECAA9FC2:LeaderElection91: begin an election at term 1 for -1: [62184408-7eb2-4416-9ece-01a663426769:192.168.69.122:40700], old=null
2019-07-13 19:24:27,376 INFO  impl.RoleInfo (RoleInfo.java:shutdownLeaderElection(134)) - 62184408-7eb2-4416-9ece-01a663426769: shutdown LeaderElection
2019-07-13 19:24:27,376 INFO  impl.RaftServerImpl (RaftServerImpl.java:setRole(171)) - 62184408-7eb2-4416-9ece-01a663426769:group-FFC1ECAA9FC2 changes role from CANDIDATE to LEADER at term 1 for changeToLeader
2019-07-13 19:24:27,376 INFO  impl.RaftServerImpl (ServerState.java:setLeader(263)) - 62184408-7eb2-4416-9ece-01a663426769:group-FFC1ECAA9FC2 change Leader from null to 62184408-7eb2-4416-9ece-01a663426769 at term 1 for becomeLeader, leader elected after 5117ms
2019-07-13 19:24:27,379 INFO  server.RaftServerConfigKeys (ConfUtils.java:logGet(43)) - raft.server.staging.catchup.gap = 1000 (default)
2019-07-13 19:24:27,379 INFO  server.RaftServerConfigKeys (ConfUtils.java:logGet(43)) - raft.server.rpc.sleep.time = 25ms (default)
2019-07-13 19:24:27,379 INFO  server.RaftServerConfigKeys (ConfUtils.java:logGet(43)) - raft.server.write.element-limit = 4096 (default)
2019-07-13 19:24:27,379 INFO  server.RaftServerConfigKeys (ConfUtils.java:logGet(43)) - raft.server.watch.timeout = 10s (default)
2019-07-13 19:24:27,379 INFO  server.RaftServerConfigKeys (ConfUtils.java:logGet(43)) - raft.server.watch.timeout.denomination = 1s (default)
2019-07-13 19:24:27,380 INFO  server.RaftServerConfigKeys (ConfUtils.java:logGet(43)) - raft.server.watch.element-limit = 65536 (default)
2019-07-13 19:24:27,380 INFO  impl.RoleInfo (RoleInfo.java:updateAndGet(143)) - 62184408-7eb2-4416-9ece-01a663426769: start LeaderState
2019-07-13 19:24:27,380 INFO  segmented.SegmentedRaftLogWorker (SegmentedRaftLogWorker.java:startLogSegment(380)) - 62184408-7eb2-4416-9ece-01a663426769-SegmentedRaftLogWorker:Storage Directory /tmp/workdir/hadoop-ozone/integration-test/target/test-dir/MiniOzoneClusterImpl-4a0fc0af-9b4c-46e4-8239-469c87631420/datanode-0/data/ratis/cbd7d263-de2d-4795-a1eb-ffc1ecaa9fc2: Starting segment from index:0
2019-07-13 19:24:27,381 INFO  impl.RaftServerImpl (ServerState.java:setRaftConf(361)) - 62184408-7eb2-4416-9ece-01a663426769:group-FFC1ECAA9FC2 set configuration 0: [62184408-7eb2-4416-9ece-01a663426769:192.168.69.122:40700], old=null at 0
2019-07-13 19:24:27,412 INFO  segmented.SegmentedRaftLogWorker (SegmentedRaftLogWorker.java:execute(569)) - 62184408-7eb2-4416-9ece-01a663426769-SegmentedRaftLogWorker:Storage Directory /tmp/workdir/hadoop-ozone/integration-test/target/test-dir/MiniOzoneClusterImpl-4a0fc0af-9b4c-46e4-8239-469c87631420/datanode-0/data/ratis/cbd7d263-de2d-4795-a1eb-ffc1ecaa9fc2: created new log segment /tmp/workdir/hadoop-ozone/integration-test/target/test-dir/MiniOzoneClusterImpl-4a0fc0af-9b4c-46e4-8239-469c87631420/datanode-0/data/ratis/cbd7d263-de2d-4795-a1eb-ffc1ecaa9fc2/current/log_inprogress_0
2019-07-13 19:24:27,424 INFO  client.GrpcClientProtocolClient (GrpcClientProtocolClient.java:onNext(255)) - client-6BB33572455E->eed5c648-ddd6-4c02-9f5e-b334fefb281b: receive RaftClientReply:client-6BB33572455E->eed5c648-ddd6-4c02-9f5e-b334fefb281b@group-82C50E8539B1, cid=264, FAILED org.apache.ratis.protocol.NotLeaderException: Server eed5c648-ddd6-4c02-9f5e-b334fefb281b is not the leader (null). Request must be sent to leader., logIndex=0, commits[eed5c648-ddd6-4c02-9f5e-b334fefb281b:c-1]
2019-07-13 19:24:27,553 INFO  impl.FollowerState (FollowerState.java:run(106)) - e3e59723-a214-489c-85bf-165f3068cc6d:group-61512A09717F changes to CANDIDATE, lastRpcTime:5120, electionTimeout:5120ms
2019-07-13 19:24:27,554 INFO  impl.RoleInfo (RoleInfo.java:shutdownFollowerState(121)) - e3e59723-a214-489c-85bf-165f3068cc6d: shutdown FollowerState
2019-07-13 19:24:27,555 INFO  impl.RaftServerImpl (RaftServerImpl.java:setRole(171)) - e3e59723-a214-489c-85bf-165f3068cc6d:group-61512A09717F changes role from FOLLOWER to CANDIDATE at term 0 for changeToCandidate
2019-07-13 19:24:27,555 INFO  impl.RoleInfo (RoleInfo.java:updateAndGet(143)) - e3e59723-a214-489c-85bf-165f3068cc6d: start LeaderElection
2019-07-13 19:24:27,574 INFO  impl.LeaderElection (LeaderElection.java:askForVotes(181)) - e3e59723-a214-489c-85bf-165f3068cc6d:group-61512A09717F:LeaderElection92: begin an election at term 1 for -1: [e3e59723-a214-489c-85bf-165f3068cc6d:192.168.69.122:46414], old=null
2019-07-13 19:24:27,574 INFO  impl.RoleInfo (RoleInfo.java:shutdownLeaderElection(134)) - e3e59723-a214-489c-85bf-165f3068cc6d: shutdown LeaderElection
2019-07-13 19:24:27,574 INFO  impl.RaftServerImpl (RaftServerImpl.java:setRole(171)) - e3e59723-a214-489c-85bf-165f3068cc6d:group-61512A09717F changes role from CANDIDATE to LEADER at term 1 for changeToLeader
2019-07-13 19:24:27,574 INFO  impl.RaftServerImpl (ServerState.java:setLeader(263)) - e3e59723-a214-489c-85bf-165f3068cc6d:group-61512A09717F change Leader from null to e3e59723-a214-489c-85bf-165f3068cc6d at term 1 for becomeLeader, leader elected after 5145ms
2019-07-13 19:24:27,576 INFO  server.RaftServerConfigKeys (ConfUtils.java:logGet(43)) - raft.server.staging.catchup.gap = 1000 (default)
2019-07-13 19:24:27,576 INFO  server.RaftServerConfigKeys (ConfUtils.java:logGet(43)) - raft.server.rpc.sleep.time = 25ms (default)
2019-07-13 19:24:27,577 INFO  server.RaftServerConfigKeys (ConfUtils.java:logGet(43)) - raft.server.write.element-limit = 4096 (default)
2019-07-13 19:24:27,577 INFO  server.RaftServerConfigKeys (ConfUtils.java:logGet(43)) - raft.server.watch.timeout = 10s (default)
2019-07-13 19:24:27,577 INFO  server.RaftServerConfigKeys (ConfUtils.java:logGet(43)) - raft.server.watch.timeout.denomination = 1s (default)
2019-07-13 19:24:27,577 INFO  server.RaftServerConfigKeys (ConfUtils.java:logGet(43)) - raft.server.watch.element-limit = 65536 (default)
2019-07-13 19:24:27,577 INFO  impl.RoleInfo (RoleInfo.java:updateAndGet(143)) - e3e59723-a214-489c-85bf-165f3068cc6d: start LeaderState
2019-07-13 19:24:27,578 INFO  segmented.SegmentedRaftLogWorker (SegmentedRaftLogWorker.java:startLogSegment(380)) - e3e59723-a214-489c-85bf-165f3068cc6d-SegmentedRaftLogWorker:Storage Directory /tmp/workdir/hadoop-ozone/integration-test/target/test-dir/MiniOzoneClusterImpl-4a0fc0af-9b4c-46e4-8239-469c87631420/datanode-1/data/ratis/0436f37c-e16f-4e7e-a332-61512a09717f: Starting segment from index:0
2019-07-13 19:24:27,578 INFO  impl.RaftServerImpl (ServerState.java:setRaftConf(361)) - e3e59723-a214-489c-85bf-165f3068cc6d:group-61512A09717F set configuration 0: [e3e59723-a214-489c-85bf-165f3068cc6d:192.168.69.122:46414], old=null at 0
2019-07-13 19:24:27,610 INFO  segmented.SegmentedRaftLogWorker (SegmentedRaftLogWorker.java:execute(569)) - e3e59723-a214-489c-85bf-165f3068cc6d-SegmentedRaftLogWorker:Storage Directory /tmp/workdir/hadoop-ozone/integration-test/target/test-dir/MiniOzoneClusterImpl-4a0fc0af-9b4c-46e4-8239-469c87631420/datanode-1/data/ratis/0436f37c-e16f-4e7e-a332-61512a09717f: created new log segment /tmp/workdir/hadoop-ozone/integration-test/target/test-dir/MiniOzoneClusterImpl-4a0fc0af-9b4c-46e4-8239-469c87631420/datanode-1/data/ratis/0436f37c-e16f-4e7e-a332-61512a09717f/current/log_inprogress_0
2019-07-13 19:24:27,663 INFO  impl.FollowerState (FollowerState.java:run(106)) - fdb98542-434e-4b81-b826-43812cb55508:group-C1A7D5E36A89 changes to CANDIDATE, lastRpcTime:5018, electionTimeout:5018ms
2019-07-13 19:24:27,663 INFO  impl.RoleInfo (RoleInfo.java:shutdownFollowerState(121)) - fdb98542-434e-4b81-b826-43812cb55508: shutdown FollowerState
2019-07-13 19:24:27,663 INFO  impl.RaftServerImpl (RaftServerImpl.java:setRole(171)) - fdb98542-434e-4b81-b826-43812cb55508:group-C1A7D5E36A89 changes role from FOLLOWER to CANDIDATE at term 0 for changeToCandidate
2019-07-13 19:24:27,663 INFO  impl.RoleInfo (RoleInfo.java:updateAndGet(143)) - fdb98542-434e-4b81-b826-43812cb55508: start LeaderElection
2019-07-13 19:24:27,677 INFO  impl.LeaderElection (LeaderElection.java:askForVotes(181)) - fdb98542-434e-4b81-b826-43812cb55508:group-C1A7D5E36A89:LeaderElection93: begin an election at term 1 for -1: [fdb98542-434e-4b81-b826-43812cb55508:192.168.69.122:33118], old=null
2019-07-13 19:24:27,677 INFO  impl.RoleInfo (RoleInfo.java:shutdownLeaderElection(134)) - fdb98542-434e-4b81-b826-43812cb55508: shutdown LeaderElection
2019-07-13 19:24:27,677 INFO  impl.RaftServerImpl (RaftServerImpl.java:setRole(171)) - fdb98542-434e-4b81-b826-43812cb55508:group-C1A7D5E36A89 changes role from CANDIDATE to LEADER at term 1 for changeToLeader
2019-07-13 19:24:27,677 INFO  impl.RaftServerImpl (ServerState.java:setLeader(263)) - fdb98542-434e-4b81-b826-43812cb55508:group-C1A7D5E36A89 change Leader from null to fdb98542-434e-4b81-b826-43812cb55508 at term 1 for becomeLeader, leader elected after 5036ms
2019-07-13 19:24:27,680 INFO  server.RaftServerConfigKeys (ConfUtils.java:logGet(43)) - raft.server.staging.catchup.gap = 1000 (default)
2019-07-13 19:24:27,680 INFO  server.RaftServerConfigKeys (ConfUtils.java:logGet(43)) - raft.server.rpc.sleep.time = 25ms (default)
2019-07-13 19:24:27,680 INFO  server.RaftServerConfigKeys (ConfUtils.java:logGet(43)) - raft.server.write.element-limit = 4096 (default)
2019-07-13 19:24:27,680 INFO  server.RaftServerConfigKeys (ConfUtils.java:logGet(43)) - raft.server.watch.timeout = 10s (default)
2019-07-13 19:24:27,680 INFO  server.RaftServerConfigKeys (ConfUtils.java:logGet(43)) - raft.server.watch.timeout.denomination = 1s (default)
2019-07-13 19:24:27,680 INFO  server.RaftServerConfigKeys (ConfUtils.java:logGet(43)) - raft.server.watch.element-limit = 65536 (default)
2019-07-13 19:24:27,681 INFO  impl.RoleInfo (RoleInfo.java:updateAndGet(143)) - fdb98542-434e-4b81-b826-43812cb55508: start LeaderState
2019-07-13 19:24:27,681 INFO  segmented.SegmentedRaftLogWorker (SegmentedRaftLogWorker.java:startLogSegment(380)) - fdb98542-434e-4b81-b826-43812cb55508-SegmentedRaftLogWorker:Storage Directory /tmp/workdir/hadoop-ozone/integration-test/target/test-dir/MiniOzoneClusterImpl-4a0fc0af-9b4c-46e4-8239-469c87631420/datanode-2/data/ratis/de39fa0f-c707-4664-9dd1-c1a7d5e36a89: Starting segment from index:0
2019-07-13 19:24:27,681 INFO  impl.RaftServerImpl (ServerState.java:setRaftConf(361)) - fdb98542-434e-4b81-b826-43812cb55508:group-C1A7D5E36A89 set configuration 0: [fdb98542-434e-4b81-b826-43812cb55508:192.168.69.122:33118], old=null at 0
2019-07-13 19:24:27,713 INFO  segmented.SegmentedRaftLogWorker (SegmentedRaftLogWorker.java:execute(569)) - fdb98542-434e-4b81-b826-43812cb55508-SegmentedRaftLogWorker:Storage Directory /tmp/workdir/hadoop-ozone/integration-test/target/test-dir/MiniOzoneClusterImpl-4a0fc0af-9b4c-46e4-8239-469c87631420/datanode-2/data/ratis/de39fa0f-c707-4664-9dd1-c1a7d5e36a89: created new log segment /tmp/workdir/hadoop-ozone/integration-test/target/test-dir/MiniOzoneClusterImpl-4a0fc0af-9b4c-46e4-8239-469c87631420/datanode-2/data/ratis/de39fa0f-c707-4664-9dd1-c1a7d5e36a89/current/log_inprogress_0
2019-07-13 19:24:27,739 INFO  impl.FollowerState (FollowerState.java:run(106)) - 62184408-7eb2-4416-9ece-01a663426769:group-2310A8A00DD4 changes to CANDIDATE, lastRpcTime:5032, electionTimeout:5032ms
2019-07-13 19:24:27,740 INFO  impl.RoleInfo (RoleInfo.java:shutdownFollowerState(121)) - 62184408-7eb2-4416-9ece-01a663426769: shutdown FollowerState
2019-07-13 19:24:27,740 INFO  impl.RaftServerImpl (RaftServerImpl.java:setRole(171)) - 62184408-7eb2-4416-9ece-01a663426769:group-2310A8A00DD4 changes role from FOLLOWER to CANDIDATE at term 0 for changeToCandidate
2019-07-13 19:24:27,740 INFO  impl.RoleInfo (RoleInfo.java:updateAndGet(143)) - 62184408-7eb2-4416-9ece-01a663426769: start LeaderElection
2019-07-13 19:24:27,761 INFO  impl.LeaderElection (LeaderElection.java:askForVotes(181)) - 62184408-7eb2-4416-9ece-01a663426769:group-2310A8A00DD4:LeaderElection94: begin an election at term 1 for -1: [e3e59723-a214-489c-85bf-165f3068cc6d:192.168.69.122:46414, 62184408-7eb2-4416-9ece-01a663426769:192.168.69.122:40700, fdb98542-434e-4b81-b826-43812cb55508:192.168.69.122:33118], old=null
2019-07-13 19:24:27,772 INFO  impl.RaftServerImpl (RaftServerImpl.java:setRole(171)) - e3e59723-a214-489c-85bf-165f3068cc6d:group-2310A8A00DD4 changes role from FOLLOWER to FOLLOWER at term 1 for recognizeCandidate:62184408-7eb2-4416-9ece-01a663426769
2019-07-13 19:24:27,772 INFO  impl.RaftServerImpl (RaftServerImpl.java:setRole(171)) - fdb98542-434e-4b81-b826-43812cb55508:group-2310A8A00DD4 changes role from FOLLOWER to FOLLOWER at term 1 for recognizeCandidate:62184408-7eb2-4416-9ece-01a663426769
2019-07-13 19:24:27,772 INFO  impl.RoleInfo (RoleInfo.java:shutdownFollowerState(121)) - e3e59723-a214-489c-85bf-165f3068cc6d: shutdown FollowerState
2019-07-13 19:24:27,772 INFO  impl.RoleInfo (RoleInfo.java:shutdownFollowerState(121)) - fdb98542-434e-4b81-b826-43812cb55508: shutdown FollowerState
2019-07-13 19:24:27,773 INFO  impl.FollowerState (FollowerState.java:run(114)) - e3e59723-a214-489c-85bf-165f3068cc6d: FollowerState was interrupted: java.lang.InterruptedException: sleep interrupted
2019-07-13 19:24:27,773 INFO  impl.RoleInfo (RoleInfo.java:updateAndGet(143)) - e3e59723-a214-489c-85bf-165f3068cc6d: start FollowerState
2019-07-13 19:24:27,773 INFO  impl.RoleInfo (RoleInfo.java:updateAndGet(143)) - fdb98542-434e-4b81-b826-43812cb55508: start FollowerState
2019-07-13 19:24:27,790 INFO  impl.LeaderElection (LeaderElection.java:logAndReturn(56)) - 62184408-7eb2-4416-9ece-01a663426769:group-2310A8A00DD4:LeaderElection94: Election PASSED; received 1 response(s) [62184408-7eb2-4416-9ece-01a663426769<-e3e59723-a214-489c-85bf-165f3068cc6d#0:OK-t1] and 0 exception(s); 62184408-7eb2-4416-9ece-01a663426769:t1, leader=null, voted=62184408-7eb2-4416-9ece-01a663426769, raftlog=62184408-7eb2-4416-9ece-01a663426769-SegmentedRaftLog:OPENED:c-1,f-1,i0, conf=-1: [e3e59723-a214-489c-85bf-165f3068cc6d:192.168.69.122:46414, 62184408-7eb2-4416-9ece-01a663426769:192.168.69.122:40700, fdb98542-434e-4b81-b826-43812cb55508:192.168.69.122:33118], old=null
2019-07-13 19:24:27,791 INFO  impl.RoleInfo (RoleInfo.java:shutdownLeaderElection(134)) - 62184408-7eb2-4416-9ece-01a663426769: shutdown LeaderElection
2019-07-13 19:24:27,791 INFO  impl.RaftServerImpl (RaftServerImpl.java:setRole(171)) - 62184408-7eb2-4416-9ece-01a663426769:group-2310A8A00DD4 changes role from CANDIDATE to LEADER at term 1 for changeToLeader
2019-07-13 19:24:27,791 INFO  impl.RaftServerImpl (ServerState.java:setLeader(263)) - 62184408-7eb2-4416-9ece-01a663426769:group-2310A8A00DD4 change Leader from null to 62184408-7eb2-4416-9ece-01a663426769 at term 1 for becomeLeader, leader elected after 5096ms
2019-07-13 19:24:27,791 INFO  server.RaftServerConfigKeys (ConfUtils.java:logGet(43)) - raft.server.staging.catchup.gap = 1000 (default)
2019-07-13 19:24:27,791 INFO  server.RaftServerConfigKeys (ConfUtils.java:logGet(43)) - raft.server.rpc.sleep.time = 25ms (default)
2019-07-13 19:24:27,791 INFO  server.RaftServerConfigKeys (ConfUtils.java:logGet(43)) - raft.server.write.element-limit = 4096 (default)
2019-07-13 19:24:27,791 INFO  server.RaftServerConfigKeys (ConfUtils.java:logGet(43)) - raft.server.watch.timeout = 10s (default)
2019-07-13 19:24:27,792 INFO  server.RaftServerConfigKeys (ConfUtils.java:logGet(43)) - raft.server.watch.timeout.denomination = 1s (default)
2019-07-13 19:24:27,792 INFO  server.RaftServerConfigKeys (ConfUtils.java:logGet(43)) - raft.server.watch.element-limit = 65536 (default)
2019-07-13 19:24:27,792 INFO  server.RaftServerConfigKeys (ConfUtils.java:logGet(43)) - raft.server.log.appender.snapshot.chunk.size.max = 16MB (=16777216) (default)
2019-07-13 19:24:27,792 INFO  server.RaftServerConfigKeys (ConfUtils.java:logGet(43)) - raft.server.log.appender.buffer.byte-limit = 33554432 (custom)
2019-07-13 19:24:27,792 INFO  server.RaftServerConfigKeys (ConfUtils.java:logGet(43)) - raft.server.log.appender.buffer.element-limit = 1 (custom)
2019-07-13 19:24:27,792 INFO  grpc.GrpcConfigKeys$Server (ConfUtils.java:logGet(43)) - raft.grpc.server.leader.outstanding.appends.max = 128 (default)
2019-07-13 19:24:27,793 INFO  server.RaftServerConfigKeys (ConfUtils.java:logGet(43)) - raft.server.rpc.request.timeout = 3000ms (default)
2019-07-13 19:24:27,793 INFO  server.RaftServerConfigKeys (ConfUtils.java:logGet(43)) - raft.server.log.appender.install.snapshot.enabled = false (custom)
2019-07-13 19:24:27,793 INFO  server.RaftServerConfigKeys (ConfUtils.java:logGet(43)) - raft.server.log.appender.snapshot.chunk.size.max = 16MB (=16777216) (default)
2019-07-13 19:24:27,793 INFO  server.RaftServerConfigKeys (ConfUtils.java:logGet(43)) - raft.server.log.appender.buffer.byte-limit = 33554432 (custom)
2019-07-13 19:24:27,793 INFO  server.RaftServerConfigKeys (ConfUtils.java:logGet(43)) - raft.server.log.appender.buffer.element-limit = 1 (custom)
2019-07-13 19:24:27,793 INFO  grpc.GrpcConfigKeys$Server (ConfUtils.java:logGet(43)) - raft.grpc.server.leader.outstanding.appends.max = 128 (default)
2019-07-13 19:24:27,794 INFO  server.RaftServerConfigKeys (ConfUtils.java:logGet(43)) - raft.server.rpc.request.timeout = 3000ms (default)
2019-07-13 19:24:27,794 INFO  server.RaftServerConfigKeys (ConfUtils.java:logGet(43)) - raft.server.log.appender.install.snapshot.enabled = false (custom)
2019-07-13 19:24:27,794 INFO  impl.RoleInfo (RoleInfo.java:updateAndGet(143)) - 62184408-7eb2-4416-9ece-01a663426769: start LeaderState
2019-07-13 19:24:27,794 INFO  segmented.SegmentedRaftLogWorker (SegmentedRaftLogWorker.java:startLogSegment(380)) - 62184408-7eb2-4416-9ece-01a663426769-SegmentedRaftLogWorker:Storage Directory /tmp/workdir/hadoop-ozone/integration-test/target/test-dir/MiniOzoneClusterImpl-4a0fc0af-9b4c-46e4-8239-469c87631420/datanode-0/data/ratis/74e28484-6543-45c4-ac54-2310a8a00dd4: Starting segment from index:0
2019-07-13 19:24:27,795 INFO  impl.RaftServerImpl (ServerState.java:setRaftConf(361)) - 62184408-7eb2-4416-9ece-01a663426769:group-2310A8A00DD4 set configuration 0: [e3e59723-a214-489c-85bf-165f3068cc6d:192.168.69.122:46414, 62184408-7eb2-4416-9ece-01a663426769:192.168.69.122:40700, fdb98542-434e-4b81-b826-43812cb55508:192.168.69.122:33118], old=null at 0
2019-07-13 19:24:27,815 INFO  impl.RaftServerImpl (ServerState.java:setLeader(263)) - e3e59723-a214-489c-85bf-165f3068cc6d:group-2310A8A00DD4 change Leader from null to 62184408-7eb2-4416-9ece-01a663426769 at term 1 for appendEntries, leader elected after 5121ms
2019-07-13 19:24:27,815 INFO  impl.RaftServerImpl (ServerState.java:setLeader(263)) - fdb98542-434e-4b81-b826-43812cb55508:group-2310A8A00DD4 change Leader from null to 62184408-7eb2-4416-9ece-01a663426769 at term 1 for appendEntries, leader elected after 5121ms
2019-07-13 19:24:27,818 INFO  impl.RaftServerImpl (ServerState.java:setRaftConf(361)) - e3e59723-a214-489c-85bf-165f3068cc6d:group-2310A8A00DD4 set configuration 0: [e3e59723-a214-489c-85bf-165f3068cc6d:192.168.69.122:46414, 62184408-7eb2-4416-9ece-01a663426769:192.168.69.122:40700, fdb98542-434e-4b81-b826-43812cb55508:192.168.69.122:33118], old=null at 0
2019-07-13 19:24:27,818 INFO  impl.RaftServerImpl (ServerState.java:setRaftConf(361)) - fdb98542-434e-4b81-b826-43812cb55508:group-2310A8A00DD4 set configuration 0: [e3e59723-a214-489c-85bf-165f3068cc6d:192.168.69.122:46414, 62184408-7eb2-4416-9ece-01a663426769:192.168.69.122:40700, fdb98542-434e-4b81-b826-43812cb55508:192.168.69.122:33118], old=null at 0
2019-07-13 19:24:27,818 INFO  segmented.SegmentedRaftLogWorker (SegmentedRaftLogWorker.java:startLogSegment(380)) - e3e59723-a214-489c-85bf-165f3068cc6d-SegmentedRaftLogWorker:Storage Directory /tmp/workdir/hadoop-ozone/integration-test/target/test-dir/MiniOzoneClusterImpl-4a0fc0af-9b4c-46e4-8239-469c87631420/datanode-1/data/ratis/74e28484-6543-45c4-ac54-2310a8a00dd4: Starting segment from index:0
2019-07-13 19:24:27,818 INFO  segmented.SegmentedRaftLogWorker (SegmentedRaftLogWorker.java:startLogSegment(380)) - fdb98542-434e-4b81-b826-43812cb55508-SegmentedRaftLogWorker:Storage Directory /tmp/workdir/hadoop-ozone/integration-test/target/test-dir/MiniOzoneClusterImpl-4a0fc0af-9b4c-46e4-8239-469c87631420/datanode-2/data/ratis/74e28484-6543-45c4-ac54-2310a8a00dd4: Starting segment from index:0
2019-07-13 19:24:27,828 INFO  segmented.SegmentedRaftLogWorker (SegmentedRaftLogWorker.java:execute(569)) - 62184408-7eb2-4416-9ece-01a663426769-SegmentedRaftLogWorker:Storage Directory /tmp/workdir/hadoop-ozone/integration-test/target/test-dir/MiniOzoneClusterImpl-4a0fc0af-9b4c-46e4-8239-469c87631420/datanode-0/data/ratis/74e28484-6543-45c4-ac54-2310a8a00dd4: created new log segment /tmp/workdir/hadoop-ozone/integration-test/target/test-dir/MiniOzoneClusterImpl-4a0fc0af-9b4c-46e4-8239-469c87631420/datanode-0/data/ratis/74e28484-6543-45c4-ac54-2310a8a00dd4/current/log_inprogress_0
2019-07-13 19:24:27,841 INFO  impl.FollowerState (FollowerState.java:run(106)) - eed5c648-ddd6-4c02-9f5e-b334fefb281b:group-A6073ACEBEDF changes to CANDIDATE, lastRpcTime:5002, electionTimeout:5002ms
2019-07-13 19:24:27,841 INFO  impl.RoleInfo (RoleInfo.java:shutdownFollowerState(121)) - eed5c648-ddd6-4c02-9f5e-b334fefb281b: shutdown FollowerState
2019-07-13 19:24:27,841 INFO  impl.RaftServerImpl (RaftServerImpl.java:setRole(171)) - eed5c648-ddd6-4c02-9f5e-b334fefb281b:group-A6073ACEBEDF changes role from FOLLOWER to CANDIDATE at term 0 for changeToCandidate
2019-07-13 19:24:27,841 INFO  segmented.SegmentedRaftLogWorker (SegmentedRaftLogWorker.java:execute(569)) - e3e59723-a214-489c-85bf-165f3068cc6d-SegmentedRaftLogWorker:Storage Directory /tmp/workdir/hadoop-ozone/integration-test/target/test-dir/MiniOzoneClusterImpl-4a0fc0af-9b4c-46e4-8239-469c87631420/datanode-1/data/ratis/74e28484-6543-45c4-ac54-2310a8a00dd4: created new log segment /tmp/workdir/hadoop-ozone/integration-test/target/test-dir/MiniOzoneClusterImpl-4a0fc0af-9b4c-46e4-8239-469c87631420/datanode-1/data/ratis/74e28484-6543-45c4-ac54-2310a8a00dd4/current/log_inprogress_0
2019-07-13 19:24:27,841 INFO  impl.RoleInfo (RoleInfo.java:updateAndGet(143)) - eed5c648-ddd6-4c02-9f5e-b334fefb281b: start LeaderElection
2019-07-13 19:24:27,841 INFO  segmented.SegmentedRaftLogWorker (SegmentedRaftLogWorker.java:execute(569)) - fdb98542-434e-4b81-b826-43812cb55508-SegmentedRaftLogWorker:Storage Directory /tmp/workdir/hadoop-ozone/integration-test/target/test-dir/MiniOzoneClusterImpl-4a0fc0af-9b4c-46e4-8239-469c87631420/datanode-2/data/ratis/74e28484-6543-45c4-ac54-2310a8a00dd4: created new log segment /tmp/workdir/hadoop-ozone/integration-test/target/test-dir/MiniOzoneClusterImpl-4a0fc0af-9b4c-46e4-8239-469c87631420/datanode-2/data/ratis/74e28484-6543-45c4-ac54-2310a8a00dd4/current/log_inprogress_0
2019-07-13 19:24:27,859 INFO  impl.LeaderElection (LeaderElection.java:askForVotes(181)) - eed5c648-ddd6-4c02-9f5e-b334fefb281b:group-A6073ACEBEDF:LeaderElection95: begin an election at term 1 for -1: [eed5c648-ddd6-4c02-9f5e-b334fefb281b:192.168.69.122:33402], old=null
2019-07-13 19:24:27,859 INFO  impl.RoleInfo (RoleInfo.java:shutdownLeaderElection(134)) - eed5c648-ddd6-4c02-9f5e-b334fefb281b: shutdown LeaderElection
2019-07-13 19:24:27,859 INFO  impl.RaftServerImpl (RaftServerImpl.java:setRole(171)) - eed5c648-ddd6-4c02-9f5e-b334fefb281b:group-A6073ACEBEDF changes role from CANDIDATE to LEADER at term 1 for changeToLeader
2019-07-13 19:24:27,859 INFO  impl.RaftServerImpl (ServerState.java:setLeader(263)) - eed5c648-ddd6-4c02-9f5e-b334fefb281b:group-A6073ACEBEDF change Leader from null to eed5c648-ddd6-4c02-9f5e-b334fefb281b at term 1 for becomeLeader, leader elected after 5024ms
2019-07-13 19:24:27,861 INFO  server.RaftServerConfigKeys (ConfUtils.java:logGet(43)) - raft.server.staging.catchup.gap = 1000 (default)
2019-07-13 19:24:27,861 INFO  server.RaftServerConfigKeys (ConfUtils.java:logGet(43)) - raft.server.rpc.sleep.time = 25ms (default)
2019-07-13 19:24:27,861 INFO  server.RaftServerConfigKeys (ConfUtils.java:logGet(43)) - raft.server.write.element-limit = 4096 (default)
2019-07-13 19:24:27,862 INFO  server.RaftServerConfigKeys (ConfUtils.java:logGet(43)) - raft.server.watch.timeout = 10s (default)
2019-07-13 19:24:27,862 INFO  server.RaftServerConfigKeys (ConfUtils.java:logGet(43)) - raft.server.watch.timeout.denomination = 1s (default)
2019-07-13 19:24:27,862 INFO  server.RaftServerConfigKeys (ConfUtils.java:logGet(43)) - raft.server.watch.element-limit = 65536 (default)
2019-07-13 19:24:27,862 INFO  impl.RoleInfo (RoleInfo.java:updateAndGet(143)) - eed5c648-ddd6-4c02-9f5e-b334fefb281b: start LeaderState
2019-07-13 19:24:27,862 INFO  segmented.SegmentedRaftLogWorker (SegmentedRaftLogWorker.java:startLogSegment(380)) - eed5c648-ddd6-4c02-9f5e-b334fefb281b-SegmentedRaftLogWorker:Storage Directory /tmp/workdir/hadoop-ozone/integration-test/target/test-dir/MiniOzoneClusterImpl-4a0fc0af-9b4c-46e4-8239-469c87631420/datanode-3/data/ratis/6c094641-98fa-427e-a755-a6073acebedf: Starting segment from index:0
2019-07-13 19:24:27,863 INFO  impl.RaftServerImpl (ServerState.java:setRaftConf(361)) - eed5c648-ddd6-4c02-9f5e-b334fefb281b:group-A6073ACEBEDF set configuration 0: [eed5c648-ddd6-4c02-9f5e-b334fefb281b:192.168.69.122:33402], old=null at 0
2019-07-13 19:24:27,892 INFO  segmented.SegmentedRaftLogWorker (SegmentedRaftLogWorker.java:execute(569)) - eed5c648-ddd6-4c02-9f5e-b334fefb281b-SegmentedRaftLogWorker:Storage Directory /tmp/workdir/hadoop-ozone/integration-test/target/test-dir/MiniOzoneClusterImpl-4a0fc0af-9b4c-46e4-8239-469c87631420/datanode-3/data/ratis/6c094641-98fa-427e-a755-a6073acebedf: created new log segment /tmp/workdir/hadoop-ozone/integration-test/target/test-dir/MiniOzoneClusterImpl-4a0fc0af-9b4c-46e4-8239-469c87631420/datanode-3/data/ratis/6c094641-98fa-427e-a755-a6073acebedf/current/log_inprogress_0
2019-07-13 19:24:28,151 INFO  impl.FollowerState (FollowerState.java:run(106)) - ec61217a-c36d-4325-a744-4eef837c4b1b:group-BE4DD9A09412 changes to CANDIDATE, lastRpcTime:5124, electionTimeout:5124ms
2019-07-13 19:24:28,151 INFO  impl.RoleInfo (RoleInfo.java:shutdownFollowerState(121)) - ec61217a-c36d-4325-a744-4eef837c4b1b: shutdown FollowerState
2019-07-13 19:24:28,152 INFO  impl.RaftServerImpl (RaftServerImpl.java:setRole(171)) - ec61217a-c36d-4325-a744-4eef837c4b1b:group-BE4DD9A09412 changes role from FOLLOWER to CANDIDATE at term 0 for changeToCandidate
2019-07-13 19:24:28,152 INFO  impl.RoleInfo (RoleInfo.java:updateAndGet(143)) - ec61217a-c36d-4325-a744-4eef837c4b1b: start LeaderElection
2019-07-13 19:24:28,170 INFO  impl.LeaderElection (LeaderElection.java:askForVotes(181)) - ec61217a-c36d-4325-a744-4eef837c4b1b:group-BE4DD9A09412:LeaderElection96: begin an election at term 1 for -1: [ec61217a-c36d-4325-a744-4eef837c4b1b:192.168.69.122:34872], old=null
2019-07-13 19:24:28,170 INFO  impl.RoleInfo (RoleInfo.java:shutdownLeaderElection(134)) - ec61217a-c36d-4325-a744-4eef837c4b1b: shutdown LeaderElection
2019-07-13 19:24:28,170 INFO  impl.RaftServerImpl (RaftServerImpl.java:setRole(171)) - ec61217a-c36d-4325-a744-4eef837c4b1b:group-BE4DD9A09412 changes role from CANDIDATE to LEADER at term 1 for changeToLeader
2019-07-13 19:24:28,170 INFO  impl.RaftServerImpl (ServerState.java:setLeader(263)) - ec61217a-c36d-4325-a744-4eef837c4b1b:group-BE4DD9A09412 change Leader from null to ec61217a-c36d-4325-a744-4eef837c4b1b at term 1 for becomeLeader, leader elected after 5147ms
2019-07-13 19:24:28,172 INFO  server.RaftServerConfigKeys (ConfUtils.java:logGet(43)) - raft.server.staging.catchup.gap = 1000 (default)
2019-07-13 19:24:28,173 INFO  server.RaftServerConfigKeys (ConfUtils.java:logGet(43)) - raft.server.rpc.sleep.time = 25ms (default)
2019-07-13 19:24:28,173 INFO  server.RaftServerConfigKeys (ConfUtils.java:logGet(43)) - raft.server.write.element-limit = 4096 (default)
2019-07-13 19:24:28,173 INFO  server.RaftServerConfigKeys (ConfUtils.java:logGet(43)) - raft.server.watch.timeout = 10s (default)
2019-07-13 19:24:28,173 INFO  server.RaftServerConfigKeys (ConfUtils.java:logGet(43)) - raft.server.watch.timeout.denomination = 1s (default)
2019-07-13 19:24:28,173 INFO  server.RaftServerConfigKeys (ConfUtils.java:logGet(43)) - raft.server.watch.element-limit = 65536 (default)
2019-07-13 19:24:28,173 INFO  impl.RoleInfo (RoleInfo.java:updateAndGet(143)) - ec61217a-c36d-4325-a744-4eef837c4b1b: start LeaderState
2019-07-13 19:24:28,174 INFO  segmented.SegmentedRaftLogWorker (SegmentedRaftLogWorker.java:startLogSegment(380)) - ec61217a-c36d-4325-a744-4eef837c4b1b-SegmentedRaftLogWorker:Storage Directory /tmp/workdir/hadoop-ozone/integration-test/target/test-dir/MiniOzoneClusterImpl-4a0fc0af-9b4c-46e4-8239-469c87631420/datanode-4/data/ratis/dd40e49e-bfbf-4af8-b344-be4dd9a09412: Starting segment from index:0
2019-07-13 19:24:28,174 INFO  impl.RaftServerImpl (ServerState.java:setRaftConf(361)) - ec61217a-c36d-4325-a744-4eef837c4b1b:group-BE4DD9A09412 set configuration 0: [ec61217a-c36d-4325-a744-4eef837c4b1b:192.168.69.122:34872], old=null at 0
2019-07-13 19:24:28,203 INFO  segmented.SegmentedRaftLogWorker (SegmentedRaftLogWorker.java:execute(569)) - ec61217a-c36d-4325-a744-4eef837c4b1b-SegmentedRaftLogWorker:Storage Directory /tmp/workdir/hadoop-ozone/integration-test/target/test-dir/MiniOzoneClusterImpl-4a0fc0af-9b4c-46e4-8239-469c87631420/datanode-4/data/ratis/dd40e49e-bfbf-4af8-b344-be4dd9a09412: created new log segment /tmp/workdir/hadoop-ozone/integration-test/target/test-dir/MiniOzoneClusterImpl-4a0fc0af-9b4c-46e4-8239-469c87631420/datanode-4/data/ratis/dd40e49e-bfbf-4af8-b344-be4dd9a09412/current/log_inprogress_0
2019-07-13 19:24:28,255 INFO  impl.FollowerState (FollowerState.java:run(106)) - 5acdc1a5-2360-4ed6-8079-db033c400996:group-82C50E8539B1 changes to CANDIDATE, lastRpcTime:5006, electionTimeout:5006ms
2019-07-13 19:24:28,256 INFO  impl.RoleInfo (RoleInfo.java:shutdownFollowerState(121)) - 5acdc1a5-2360-4ed6-8079-db033c400996: shutdown FollowerState
2019-07-13 19:24:28,256 INFO  impl.RaftServerImpl (RaftServerImpl.java:setRole(171)) - 5acdc1a5-2360-4ed6-8079-db033c400996:group-82C50E8539B1 changes role from FOLLOWER to CANDIDATE at term 0 for changeToCandidate
2019-07-13 19:24:28,256 INFO  impl.RoleInfo (RoleInfo.java:updateAndGet(143)) - 5acdc1a5-2360-4ed6-8079-db033c400996: start LeaderElection
2019-07-13 19:24:28,273 INFO  impl.LeaderElection (LeaderElection.java:askForVotes(181)) - 5acdc1a5-2360-4ed6-8079-db033c400996:group-82C50E8539B1:LeaderElection97: begin an election at term 1 for -1: [ec61217a-c36d-4325-a744-4eef837c4b1b:192.168.69.122:34872, eed5c648-ddd6-4c02-9f5e-b334fefb281b:192.168.69.122:33402, 5acdc1a5-2360-4ed6-8079-db033c400996:192.168.69.122:44461], old=null
2019-07-13 19:24:28,278 INFO  impl.RaftServerImpl (RaftServerImpl.java:setRole(171)) - eed5c648-ddd6-4c02-9f5e-b334fefb281b:group-82C50E8539B1 changes role from FOLLOWER to FOLLOWER at term 1 for recognizeCandidate:5acdc1a5-2360-4ed6-8079-db033c400996
2019-07-13 19:24:28,280 INFO  impl.RaftServerImpl (RaftServerImpl.java:setRole(171)) - ec61217a-c36d-4325-a744-4eef837c4b1b:group-82C50E8539B1 changes role from FOLLOWER to FOLLOWER at term 1 for recognizeCandidate:5acdc1a5-2360-4ed6-8079-db033c400996
2019-07-13 19:24:28,281 INFO  impl.RoleInfo (RoleInfo.java:shutdownFollowerState(121)) - eed5c648-ddd6-4c02-9f5e-b334fefb281b: shutdown FollowerState
2019-07-13 19:24:28,281 INFO  impl.RoleInfo (RoleInfo.java:shutdownFollowerState(121)) - ec61217a-c36d-4325-a744-4eef837c4b1b: shutdown FollowerState
2019-07-13 19:24:28,281 INFO  impl.FollowerState (FollowerState.java:run(114)) - eed5c648-ddd6-4c02-9f5e-b334fefb281b: FollowerState was interrupted: java.lang.InterruptedException: sleep interrupted
2019-07-13 19:24:28,281 INFO  impl.FollowerState (FollowerState.java:run(114)) - ec61217a-c36d-4325-a744-4eef837c4b1b: FollowerState was interrupted: java.lang.InterruptedException: sleep interrupted
2019-07-13 19:24:28,281 INFO  impl.RoleInfo (RoleInfo.java:updateAndGet(143)) - eed5c648-ddd6-4c02-9f5e-b334fefb281b: start FollowerState
2019-07-13 19:24:28,281 INFO  impl.RoleInfo (RoleInfo.java:updateAndGet(143)) - ec61217a-c36d-4325-a744-4eef837c4b1b: start FollowerState
2019-07-13 19:24:28,284 INFO  impl.FollowerState (FollowerState.java:run(106)) - 5acdc1a5-2360-4ed6-8079-db033c400996:group-222CF2853544 changes to CANDIDATE, lastRpcTime:5098, electionTimeout:5098ms
2019-07-13 19:24:28,284 INFO  impl.RoleInfo (RoleInfo.java:shutdownFollowerState(121)) - 5acdc1a5-2360-4ed6-8079-db033c400996: shutdown FollowerState
2019-07-13 19:24:28,284 INFO  impl.RaftServerImpl (RaftServerImpl.java:setRole(171)) - 5acdc1a5-2360-4ed6-8079-db033c400996:group-222CF2853544 changes role from FOLLOWER to CANDIDATE at term 0 for changeToCandidate
2019-07-13 19:24:28,284 INFO  impl.RoleInfo (RoleInfo.java:updateAndGet(143)) - 5acdc1a5-2360-4ed6-8079-db033c400996: start LeaderElection
2019-07-13 19:24:28,295 INFO  impl.LeaderElection (LeaderElection.java:askForVotes(181)) - 5acdc1a5-2360-4ed6-8079-db033c400996:group-222CF2853544:LeaderElection98: begin an election at term 1 for -1: [5acdc1a5-2360-4ed6-8079-db033c400996:192.168.69.122:44461], old=null
2019-07-13 19:24:28,296 INFO  impl.RoleInfo (RoleInfo.java:shutdownLeaderElection(134)) - 5acdc1a5-2360-4ed6-8079-db033c400996: shutdown LeaderElection
2019-07-13 19:24:28,296 INFO  impl.RaftServerImpl (RaftServerImpl.java:setRole(171)) - 5acdc1a5-2360-4ed6-8079-db033c400996:group-222CF2853544 changes role from CANDIDATE to LEADER at term 1 for changeToLeader
2019-07-13 19:24:28,296 INFO  impl.RaftServerImpl (ServerState.java:setLeader(263)) - 5acdc1a5-2360-4ed6-8079-db033c400996:group-222CF2853544 change Leader from null to 5acdc1a5-2360-4ed6-8079-db033c400996 at term 1 for becomeLeader, leader elected after 5114ms
2019-07-13 19:24:28,311 INFO  server.RaftServerConfigKeys (ConfUtils.java:logGet(43)) - raft.server.staging.catchup.gap = 1000 (default)
2019-07-13 19:24:28,311 INFO  server.RaftServerConfigKeys (ConfUtils.java:logGet(43)) - raft.server.rpc.sleep.time = 25ms (default)
2019-07-13 19:24:28,312 INFO  server.RaftServerConfigKeys (ConfUtils.java:logGet(43)) - raft.server.write.element-limit = 4096 (default)
2019-07-13 19:24:28,312 INFO  impl.LeaderElection (LeaderElection.java:logAndReturn(56)) - 5acdc1a5-2360-4ed6-8079-db033c400996:group-82C50E8539B1:LeaderElection97: Election PASSED; received 1 response(s) [5acdc1a5-2360-4ed6-8079-db033c400996<-eed5c648-ddd6-4c02-9f5e-b334fefb281b#0:OK-t1] and 0 exception(s); 5acdc1a5-2360-4ed6-8079-db033c400996:t1, leader=null, voted=5acdc1a5-2360-4ed6-8079-db033c400996, raftlog=5acdc1a5-2360-4ed6-8079-db033c400996-SegmentedRaftLog:OPENED:c-1,f-1,i0, conf=-1: [ec61217a-c36d-4325-a744-4eef837c4b1b:192.168.69.122:34872, eed5c648-ddd6-4c02-9f5e-b334fefb281b:192.168.69.122:33402, 5acdc1a5-2360-4ed6-8079-db033c400996:192.168.69.122:44461], old=null
2019-07-13 19:24:28,312 INFO  server.RaftServerConfigKeys (ConfUtils.java:logGet(43)) - raft.server.watch.timeout = 10s (default)
2019-07-13 19:24:28,312 INFO  impl.RoleInfo (RoleInfo.java:shutdownLeaderElection(134)) - 5acdc1a5-2360-4ed6-8079-db033c400996: shutdown LeaderElection
2019-07-13 19:24:28,312 INFO  server.RaftServerConfigKeys (ConfUtils.java:logGet(43)) - raft.server.watch.timeout.denomination = 1s (default)
2019-07-13 19:24:28,312 INFO  impl.RaftServerImpl (RaftServerImpl.java:setRole(171)) - 5acdc1a5-2360-4ed6-8079-db033c400996:group-82C50E8539B1 changes role from CANDIDATE to LEADER at term 1 for changeToLeader
2019-07-13 19:24:28,312 INFO  server.RaftServerConfigKeys (ConfUtils.java:logGet(43)) - raft.server.watch.element-limit = 65536 (default)
2019-07-13 19:24:28,313 INFO  impl.RaftServerImpl (ServerState.java:setLeader(263)) - 5acdc1a5-2360-4ed6-8079-db033c400996:group-82C50E8539B1 change Leader from null to 5acdc1a5-2360-4ed6-8079-db033c400996 at term 1 for becomeLeader, leader elected after 5076ms
2019-07-13 19:24:28,313 INFO  impl.RoleInfo (RoleInfo.java:updateAndGet(143)) - 5acdc1a5-2360-4ed6-8079-db033c400996: start LeaderState
2019-07-13 19:24:28,313 INFO  server.RaftServerConfigKeys (ConfUtils.java:logGet(43)) - raft.server.staging.catchup.gap = 1000 (default)
2019-07-13 19:24:28,313 INFO  segmented.SegmentedRaftLogWorker (SegmentedRaftLogWorker.java:startLogSegment(380)) - 5acdc1a5-2360-4ed6-8079-db033c400996-SegmentedRaftLogWorker:Storage Directory /tmp/workdir/hadoop-ozone/integration-test/target/test-dir/MiniOzoneClusterImpl-4a0fc0af-9b4c-46e4-8239-469c87631420/datanode-5/data/ratis/44a4f30d-023e-47c6-bd82-222cf2853544: Starting segment from index:0
2019-07-13 19:24:28,313 INFO  server.RaftServerConfigKeys (ConfUtils.java:logGet(43)) - raft.server.rpc.sleep.time = 25ms (default)
2019-07-13 19:24:28,313 INFO  server.RaftServerConfigKeys (ConfUtils.java:logGet(43)) - raft.server.write.element-limit = 4096 (default)
2019-07-13 19:24:28,313 INFO  impl.RaftServerImpl (ServerState.java:setRaftConf(361)) - 5acdc1a5-2360-4ed6-8079-db033c400996:group-222CF2853544 set configuration 0: [5acdc1a5-2360-4ed6-8079-db033c400996:192.168.69.122:44461], old=null at 0
2019-07-13 19:24:28,314 INFO  server.RaftServerConfigKeys (ConfUtils.java:logGet(43)) - raft.server.watch.timeout = 10s (default)
2019-07-13 19:24:28,314 INFO  server.RaftServerConfigKeys (ConfUtils.java:logGet(43)) - raft.server.watch.timeout.denomination = 1s (default)
2019-07-13 19:24:28,314 INFO  server.RaftServerConfigKeys (ConfUtils.java:logGet(43)) - raft.server.watch.element-limit = 65536 (default)
2019-07-13 19:24:28,314 INFO  server.RaftServerConfigKeys (ConfUtils.java:logGet(43)) - raft.server.log.appender.snapshot.chunk.size.max = 16MB (=16777216) (default)
2019-07-13 19:24:28,314 INFO  server.RaftServerConfigKeys (ConfUtils.java:logGet(43)) - raft.server.log.appender.buffer.byte-limit = 33554432 (custom)
2019-07-13 19:24:28,315 INFO  server.RaftServerConfigKeys (ConfUtils.java:logGet(43)) - raft.server.log.appender.buffer.element-limit = 1 (custom)
2019-07-13 19:24:28,315 INFO  grpc.GrpcConfigKeys$Server (ConfUtils.java:logGet(43)) - raft.grpc.server.leader.outstanding.appends.max = 128 (default)
2019-07-13 19:24:28,315 INFO  server.RaftServerConfigKeys (ConfUtils.java:logGet(43)) - raft.server.rpc.request.timeout = 3000ms (default)
2019-07-13 19:24:28,315 INFO  server.RaftServerConfigKeys (ConfUtils.java:logGet(43)) - raft.server.log.appender.install.snapshot.enabled = false (custom)
2019-07-13 19:24:28,315 INFO  server.RaftServerConfigKeys (ConfUtils.java:logGet(43)) - raft.server.log.appender.snapshot.chunk.size.max = 16MB (=16777216) (default)
2019-07-13 19:24:28,315 INFO  server.RaftServerConfigKeys (ConfUtils.java:logGet(43)) - raft.server.log.appender.buffer.byte-limit = 33554432 (custom)
2019-07-13 19:24:28,316 INFO  server.RaftServerConfigKeys (ConfUtils.java:logGet(43)) - raft.server.log.appender.buffer.element-limit = 1 (custom)
2019-07-13 19:24:28,316 INFO  grpc.GrpcConfigKeys$Server (ConfUtils.java:logGet(43)) - raft.grpc.server.leader.outstanding.appends.max = 128 (default)
2019-07-13 19:24:28,316 INFO  server.RaftServerConfigKeys (ConfUtils.java:logGet(43)) - raft.server.rpc.request.timeout = 3000ms (default)
2019-07-13 19:24:28,316 INFO  server.RaftServerConfigKeys (ConfUtils.java:logGet(43)) - raft.server.log.appender.install.snapshot.enabled = false (custom)
2019-07-13 19:24:28,316 INFO  impl.RoleInfo (RoleInfo.java:updateAndGet(143)) - 5acdc1a5-2360-4ed6-8079-db033c400996: start LeaderState
2019-07-13 19:24:28,316 INFO  segmented.SegmentedRaftLogWorker (SegmentedRaftLogWorker.java:startLogSegment(380)) - 5acdc1a5-2360-4ed6-8079-db033c400996-SegmentedRaftLogWorker:Storage Directory /tmp/workdir/hadoop-ozone/integration-test/target/test-dir/MiniOzoneClusterImpl-4a0fc0af-9b4c-46e4-8239-469c87631420/datanode-5/data/ratis/b0e99ba0-15ad-49b4-b68c-82c50e8539b1: Starting segment from index:0
2019-07-13 19:24:28,319 INFO  impl.RaftServerImpl (ServerState.java:setRaftConf(361)) - 5acdc1a5-2360-4ed6-8079-db033c400996:group-82C50E8539B1 set configuration 0: [ec61217a-c36d-4325-a744-4eef837c4b1b:192.168.69.122:34872, eed5c648-ddd6-4c02-9f5e-b334fefb281b:192.168.69.122:33402, 5acdc1a5-2360-4ed6-8079-db033c400996:192.168.69.122:44461], old=null at 0
2019-07-13 19:24:28,352 INFO  impl.RaftServerImpl (ServerState.java:setLeader(263)) - ec61217a-c36d-4325-a744-4eef837c4b1b:group-82C50E8539B1 change Leader from null to 5acdc1a5-2360-4ed6-8079-db033c400996 at term 1 for appendEntries, leader elected after 5116ms
2019-07-13 19:24:28,352 INFO  impl.RaftServerImpl (ServerState.java:setLeader(263)) - eed5c648-ddd6-4c02-9f5e-b334fefb281b:group-82C50E8539B1 change Leader from null to 5acdc1a5-2360-4ed6-8079-db033c400996 at term 1 for appendEntries, leader elected after 5116ms
2019-07-13 19:24:28,354 INFO  impl.RaftServerImpl (ServerState.java:setRaftConf(361)) - ec61217a-c36d-4325-a744-4eef837c4b1b:group-82C50E8539B1 set configuration 0: [ec61217a-c36d-4325-a744-4eef837c4b1b:192.168.69.122:34872, eed5c648-ddd6-4c02-9f5e-b334fefb281b:192.168.69.122:33402, 5acdc1a5-2360-4ed6-8079-db033c400996:192.168.69.122:44461], old=null at 0
2019-07-13 19:24:28,354 INFO  impl.RaftServerImpl (ServerState.java:setRaftConf(361)) - eed5c648-ddd6-4c02-9f5e-b334fefb281b:group-82C50E8539B1 set configuration 0: [ec61217a-c36d-4325-a744-4eef837c4b1b:192.168.69.122:34872, eed5c648-ddd6-4c02-9f5e-b334fefb281b:192.168.69.122:33402, 5acdc1a5-2360-4ed6-8079-db033c400996:192.168.69.122:44461], old=null at 0
2019-07-13 19:24:28,354 INFO  segmented.SegmentedRaftLogWorker (SegmentedRaftLogWorker.java:startLogSegment(380)) - ec61217a-c36d-4325-a744-4eef837c4b1b-SegmentedRaftLogWorker:Storage Directory /tmp/workdir/hadoop-ozone/integration-test/target/test-dir/MiniOzoneClusterImpl-4a0fc0af-9b4c-46e4-8239-469c87631420/datanode-4/data/ratis/b0e99ba0-15ad-49b4-b68c-82c50e8539b1: Starting segment from index:0
2019-07-13 19:24:28,355 INFO  segmented.SegmentedRaftLogWorker (SegmentedRaftLogWorker.java:startLogSegment(380)) - eed5c648-ddd6-4c02-9f5e-b334fefb281b-SegmentedRaftLogWorker:Storage Directory /tmp/workdir/hadoop-ozone/integration-test/target/test-dir/MiniOzoneClusterImpl-4a0fc0af-9b4c-46e4-8239-469c87631420/datanode-3/data/ratis/b0e99ba0-15ad-49b4-b68c-82c50e8539b1: Starting segment from index:0
2019-07-13 19:24:28,365 INFO  segmented.SegmentedRaftLogWorker (SegmentedRaftLogWorker.java:execute(569)) - 5acdc1a5-2360-4ed6-8079-db033c400996-SegmentedRaftLogWorker:Storage Directory /tmp/workdir/hadoop-ozone/integration-test/target/test-dir/MiniOzoneClusterImpl-4a0fc0af-9b4c-46e4-8239-469c87631420/datanode-5/data/ratis/44a4f30d-023e-47c6-bd82-222cf2853544: created new log segment /tmp/workdir/hadoop-ozone/integration-test/target/test-dir/MiniOzoneClusterImpl-4a0fc0af-9b4c-46e4-8239-469c87631420/datanode-5/data/ratis/44a4f30d-023e-47c6-bd82-222cf2853544/current/log_inprogress_0
2019-07-13 19:24:28,365 INFO  segmented.SegmentedRaftLogWorker (SegmentedRaftLogWorker.java:execute(569)) - 5acdc1a5-2360-4ed6-8079-db033c400996-SegmentedRaftLogWorker:Storage Directory /tmp/workdir/hadoop-ozone/integration-test/target/test-dir/MiniOzoneClusterImpl-4a0fc0af-9b4c-46e4-8239-469c87631420/datanode-5/data/ratis/b0e99ba0-15ad-49b4-b68c-82c50e8539b1: created new log segment /tmp/workdir/hadoop-ozone/integration-test/target/test-dir/MiniOzoneClusterImpl-4a0fc0af-9b4c-46e4-8239-469c87631420/datanode-5/data/ratis/b0e99ba0-15ad-49b4-b68c-82c50e8539b1/current/log_inprogress_0
2019-07-13 19:24:28,383 INFO  segmented.SegmentedRaftLogWorker (SegmentedRaftLogWorker.java:execute(569)) - ec61217a-c36d-4325-a744-4eef837c4b1b-SegmentedRaftLogWorker:Storage Directory /tmp/workdir/hadoop-ozone/integration-test/target/test-dir/MiniOzoneClusterImpl-4a0fc0af-9b4c-46e4-8239-469c87631420/datanode-4/data/ratis/b0e99ba0-15ad-49b4-b68c-82c50e8539b1: created new log segment /tmp/workdir/hadoop-ozone/integration-test/target/test-dir/MiniOzoneClusterImpl-4a0fc0af-9b4c-46e4-8239-469c87631420/datanode-4/data/ratis/b0e99ba0-15ad-49b4-b68c-82c50e8539b1/current/log_inprogress_0
2019-07-13 19:24:28,383 INFO  segmented.SegmentedRaftLogWorker (SegmentedRaftLogWorker.java:execute(569)) - eed5c648-ddd6-4c02-9f5e-b334fefb281b-SegmentedRaftLogWorker:Storage Directory /tmp/workdir/hadoop-ozone/integration-test/target/test-dir/MiniOzoneClusterImpl-4a0fc0af-9b4c-46e4-8239-469c87631420/datanode-3/data/ratis/b0e99ba0-15ad-49b4-b68c-82c50e8539b1: created new log segment /tmp/workdir/hadoop-ozone/integration-test/target/test-dir/MiniOzoneClusterImpl-4a0fc0af-9b4c-46e4-8239-469c87631420/datanode-3/data/ratis/b0e99ba0-15ad-49b4-b68c-82c50e8539b1/current/log_inprogress_0
2019-07-13 19:24:28,413 INFO  impl.FollowerState (FollowerState.java:run(106)) - 386e0f33-33d7-4881-a1d9-368b4483c00b:group-E3CA9D66862E changes to CANDIDATE, lastRpcTime:5072, electionTimeout:5072ms
2019-07-13 19:24:28,413 INFO  impl.RoleInfo (RoleInfo.java:shutdownFollowerState(121)) - 386e0f33-33d7-4881-a1d9-368b4483c00b: shutdown FollowerState
2019-07-13 19:24:28,413 INFO  impl.RaftServerImpl (RaftServerImpl.java:setRole(171)) - 386e0f33-33d7-4881-a1d9-368b4483c00b:group-E3CA9D66862E changes role from FOLLOWER to CANDIDATE at term 0 for changeToCandidate
2019-07-13 19:24:28,413 INFO  impl.RoleInfo (RoleInfo.java:updateAndGet(143)) - 386e0f33-33d7-4881-a1d9-368b4483c00b: start LeaderElection
2019-07-13 19:24:28,434 INFO  impl.LeaderElection (LeaderElection.java:askForVotes(181)) - 386e0f33-33d7-4881-a1d9-368b4483c00b:group-E3CA9D66862E:LeaderElection99: begin an election at term 1 for -1: [386e0f33-33d7-4881-a1d9-368b4483c00b:192.168.69.122:37201], old=null
2019-07-13 19:24:28,435 INFO  impl.RoleInfo (RoleInfo.java:shutdownLeaderElection(134)) - 386e0f33-33d7-4881-a1d9-368b4483c00b: shutdown LeaderElection
2019-07-13 19:24:28,435 INFO  client.GrpcClientProtocolClient (GrpcClientProtocolClient.java:onNext(255)) - client-6BB33572455E->ec61217a-c36d-4325-a744-4eef837c4b1b: receive RaftClientReply:client-6BB33572455E->ec61217a-c36d-4325-a744-4eef837c4b1b@group-82C50E8539B1, cid=264, FAILED org.apache.ratis.protocol.NotLeaderException: Server ec61217a-c36d-4325-a744-4eef837c4b1b is not the leader (5acdc1a5-2360-4ed6-8079-db033c400996:192.168.69.122:44461). Request must be sent to leader., logIndex=0, commits[ec61217a-c36d-4325-a744-4eef837c4b1b:c-1, eed5c648-ddd6-4c02-9f5e-b334fefb281b:c-1, 5acdc1a5-2360-4ed6-8079-db033c400996:c-1]
2019-07-13 19:24:28,435 INFO  impl.RaftServerImpl (RaftServerImpl.java:setRole(171)) - 386e0f33-33d7-4881-a1d9-368b4483c00b:group-E3CA9D66862E changes role from CANDIDATE to LEADER at term 1 for changeToLeader
2019-07-13 19:24:28,435 INFO  impl.RaftServerImpl (ServerState.java:setLeader(263)) - 386e0f33-33d7-4881-a1d9-368b4483c00b:group-E3CA9D66862E change Leader from null to 386e0f33-33d7-4881-a1d9-368b4483c00b at term 1 for becomeLeader, leader elected after 5098ms
2019-07-13 19:24:28,438 INFO  server.RaftServerConfigKeys (ConfUtils.java:logGet(43)) - raft.server.staging.catchup.gap = 1000 (default)
2019-07-13 19:24:28,438 INFO  server.RaftServerConfigKeys (ConfUtils.java:logGet(43)) - raft.server.rpc.sleep.time = 25ms (default)
2019-07-13 19:24:28,441 INFO  server.RaftServerConfigKeys (ConfUtils.java:logGet(43)) - raft.server.write.element-limit = 4096 (default)
2019-07-13 19:24:28,441 INFO  server.RaftServerConfigKeys (ConfUtils.java:logGet(43)) - raft.server.watch.timeout = 10s (default)
2019-07-13 19:24:28,441 INFO  server.RaftServerConfigKeys (ConfUtils.java:logGet(43)) - raft.server.watch.timeout.denomination = 1s (default)
2019-07-13 19:24:28,441 INFO  server.RaftServerConfigKeys (ConfUtils.java:logGet(43)) - raft.server.watch.element-limit = 65536 (default)
2019-07-13 19:24:28,441 INFO  impl.RoleInfo (RoleInfo.java:updateAndGet(143)) - 386e0f33-33d7-4881-a1d9-368b4483c00b: start LeaderState
2019-07-13 19:24:28,442 INFO  segmented.SegmentedRaftLogWorker (SegmentedRaftLogWorker.java:startLogSegment(380)) - 386e0f33-33d7-4881-a1d9-368b4483c00b-SegmentedRaftLogWorker:Storage Directory /tmp/workdir/hadoop-ozone/integration-test/target/test-dir/MiniOzoneClusterImpl-4a0fc0af-9b4c-46e4-8239-469c87631420/datanode-6/data/ratis/8e5788f1-17a6-4b99-8eae-e3ca9d66862e: Starting segment from index:0
2019-07-13 19:24:28,442 INFO  impl.RaftServerImpl (ServerState.java:setRaftConf(361)) - 386e0f33-33d7-4881-a1d9-368b4483c00b:group-E3CA9D66862E set configuration 0: [386e0f33-33d7-4881-a1d9-368b4483c00b:192.168.69.122:37201], old=null at 0
2019-07-13 19:24:28,480 INFO  segmented.SegmentedRaftLogWorker (SegmentedRaftLogWorker.java:execute(569)) - 386e0f33-33d7-4881-a1d9-368b4483c00b-SegmentedRaftLogWorker:Storage Directory /tmp/workdir/hadoop-ozone/integration-test/target/test-dir/MiniOzoneClusterImpl-4a0fc0af-9b4c-46e4-8239-469c87631420/datanode-6/data/ratis/8e5788f1-17a6-4b99-8eae-e3ca9d66862e: created new log segment /tmp/workdir/hadoop-ozone/integration-test/target/test-dir/MiniOzoneClusterImpl-4a0fc0af-9b4c-46e4-8239-469c87631420/datanode-6/data/ratis/8e5788f1-17a6-4b99-8eae-e3ca9d66862e/current/log_inprogress_0
2019-07-13 19:24:28,606 INFO  client.GrpcClientProtocolClient (GrpcClientProtocolClient.java:onNext(255)) - client-6BB33572455E->5acdc1a5-2360-4ed6-8079-db033c400996: receive RaftClientReply:client-6BB33572455E->5acdc1a5-2360-4ed6-8079-db033c400996@group-82C50E8539B1, cid=264, SUCCESS, logIndex=1, commits[5acdc1a5-2360-4ed6-8079-db033c400996:c1, ec61217a-c36d-4325-a744-4eef837c4b1b:c0, eed5c648-ddd6-4c02-9f5e-b334fefb281b:c0]
2019-07-13 19:24:28,632 INFO  client.GrpcClientProtocolClient (GrpcClientProtocolClient.java:onNext(255)) - client-6BB33572455E->5acdc1a5-2360-4ed6-8079-db033c400996: receive RaftClientReply:client-6BB33572455E->5acdc1a5-2360-4ed6-8079-db033c400996@group-82C50E8539B1, cid=265, SUCCESS, logIndex=3, commits[5acdc1a5-2360-4ed6-8079-db033c400996:c3, ec61217a-c36d-4325-a744-4eef837c4b1b:c2, eed5c648-ddd6-4c02-9f5e-b334fefb281b:c2]
2019-07-13 19:24:28,673 INFO  client.GrpcClientProtocolClient (GrpcClientProtocolClient.java:onNext(255)) - client-6BB33572455E->5acdc1a5-2360-4ed6-8079-db033c400996: receive RaftClientReply:client-6BB33572455E->5acdc1a5-2360-4ed6-8079-db033c400996@group-82C50E8539B1, cid=266, SUCCESS, logIndex=4, commits[5acdc1a5-2360-4ed6-8079-db033c400996:c6, ec61217a-c36d-4325-a744-4eef837c4b1b:c4, eed5c648-ddd6-4c02-9f5e-b334fefb281b:c4]
2019-07-13 19:24:28,674 INFO  container.CloseContainerEventHandler (CloseContainerEventHandler.java:onMessage(61)) - Close container Event triggered for container : #1
2019-07-13 19:24:28,675 INFO  container.CloseContainerEventHandler (CloseContainerEventHandler.java:onMessage(61)) - Close container Event triggered for container : #1
2019-07-13 19:24:28,675 INFO  container.CloseContainerEventHandler (CloseContainerEventHandler.java:onMessage(61)) - Close container Event triggered for container : #1
19:24:30.177 [grpc-default-executor-6] ERROR DNAudit - user=null | ip=null | op=WRITE_CHUNK {blockData=conID: 1 locID: 102435773766828054 bcsId: 4} | ret=FAILURE
org.apache.hadoop.hdds.scm.container.common.helpers.ContainerNotOpenException: Container 1 in CLOSED state
	at org.apache.hadoop.ozone.container.common.impl.HddsDispatcher.validateContainerCommand(HddsDispatcher.java:408) ~[hadoop-hdds-container-service-0.5.0-SNAPSHOT.jar:?]
	at org.apache.hadoop.ozone.container.common.transport.server.ratis.ContainerStateMachine.startTransaction(ContainerStateMachine.java:271) ~[hadoop-hdds-container-service-0.5.0-SNAPSHOT.jar:?]
	at org.apache.ratis.server.impl.RaftServerImpl.submitClientRequestAsync(RaftServerImpl.java:566) ~[ratis-server-0.4.0-2337318-SNAPSHOT.jar:0.4.0-2337318-SNAPSHOT]
	at org.apache.ratis.server.impl.RaftServerProxy.lambda$submitClientRequestAsync$7(RaftServerProxy.java:333) ~[ratis-server-0.4.0-2337318-SNAPSHOT.jar:0.4.0-2337318-SNAPSHOT]
	at org.apache.ratis.server.impl.RaftServerProxy.lambda$null$5(RaftServerProxy.java:328) ~[ratis-server-0.4.0-2337318-SNAPSHOT.jar:0.4.0-2337318-SNAPSHOT]
	at org.apache.ratis.util.JavaUtils.callAsUnchecked(JavaUtils.java:109) ~[ratis-common-0.4.0-2337318-SNAPSHOT.jar:0.4.0-2337318-SNAPSHOT]
	at org.apache.ratis.server.impl.RaftServerProxy.lambda$submitRequest$6(RaftServerProxy.java:328) ~[ratis-server-0.4.0-2337318-SNAPSHOT.jar:0.4.0-2337318-SNAPSHOT]
	at java.util.concurrent.CompletableFuture.uniComposeStage(CompletableFuture.java:981) ~[?:1.8.0_212]
	at java.util.concurrent.CompletableFuture.thenCompose(CompletableFuture.java:2124) ~[?:1.8.0_212]
	at org.apache.ratis.server.impl.RaftServerProxy.submitRequest(RaftServerProxy.java:327) ~[ratis-server-0.4.0-2337318-SNAPSHOT.jar:0.4.0-2337318-SNAPSHOT]
	at org.apache.ratis.server.impl.RaftServerProxy.submitClientRequestAsync(RaftServerProxy.java:333) ~[ratis-server-0.4.0-2337318-SNAPSHOT.jar:0.4.0-2337318-SNAPSHOT]
	at org.apache.ratis.grpc.client.GrpcClientProtocolService$RequestStreamObserver.processClientRequest(GrpcClientProtocolService.java:220) ~[ratis-grpc-0.4.0-2337318-SNAPSHOT.jar:0.4.0-2337318-SNAPSHOT]
	at org.apache.ratis.grpc.client.GrpcClientProtocolService$OrderedRequestStreamObserver.processClientRequest(GrpcClientProtocolService.java:326) ~[ratis-grpc-0.4.0-2337318-SNAPSHOT.jar:0.4.0-2337318-SNAPSHOT]
	at org.apache.ratis.util.SlidingWindow$Server.processRequestsFromHead(SlidingWindow.java:429) [ratis-common-0.4.0-2337318-SNAPSHOT.jar:0.4.0-2337318-SNAPSHOT]
	at org.apache.ratis.util.SlidingWindow$Server.receivedRequest(SlidingWindow.java:421) [ratis-common-0.4.0-2337318-SNAPSHOT.jar:0.4.0-2337318-SNAPSHOT]
	at org.apache.ratis.grpc.client.GrpcClientProtocolService$OrderedRequestStreamObserver.processClientRequest(GrpcClientProtocolService.java:345) [ratis-grpc-0.4.0-2337318-SNAPSHOT.jar:0.4.0-2337318-SNAPSHOT]
	at org.apache.ratis.grpc.client.GrpcClientProtocolService$RequestStreamObserver.onNext(GrpcClientProtocolService.java:240) [ratis-grpc-0.4.0-2337318-SNAPSHOT.jar:0.4.0-2337318-SNAPSHOT]
	at org.apache.ratis.grpc.client.GrpcClientProtocolService$RequestStreamObserver.onNext(GrpcClientProtocolService.java:168) [ratis-grpc-0.4.0-2337318-SNAPSHOT.jar:0.4.0-2337318-SNAPSHOT]
	at org.apache.ratis.thirdparty.io.grpc.stub.ServerCalls$StreamingServerCallHandler$StreamingServerCallListener.onMessage(ServerCalls.java:248) [ratis-thirdparty-misc-0.2.0.jar:0.2.0]
	at org.apache.ratis.thirdparty.io.grpc.internal.ServerCallImpl$ServerStreamListenerImpl.messagesAvailable(ServerCallImpl.java:263) [ratis-thirdparty-misc-0.2.0.jar:0.2.0]
	at org.apache.ratis.thirdparty.io.grpc.internal.ServerImpl$JumpToApplicationThreadServerStreamListener$1MessagesAvailable.runInContext(ServerImpl.java:686) [ratis-thirdparty-misc-0.2.0.jar:0.2.0]
	at org.apache.ratis.thirdparty.io.grpc.internal.ContextRunnable.run(ContextRunnable.java:37) [ratis-thirdparty-misc-0.2.0.jar:0.2.0]
	at org.apache.ratis.thirdparty.io.grpc.internal.SerializingExecutor.run(SerializingExecutor.java:123) [ratis-thirdparty-misc-0.2.0.jar:0.2.0]
	at java.util.concurrent.ThreadPoolExecutor.runWorker(ThreadPoolExecutor.java:1149) [?:1.8.0_212]
	at java.util.concurrent.ThreadPoolExecutor$Worker.run(ThreadPoolExecutor.java:624) [?:1.8.0_212]
	at java.lang.Thread.run(Thread.java:748) [?:1.8.0_212]
19:24:30.185 [grpc-default-executor-6] ERROR DNAudit - user=null | ip=null | op=WRITE_CHUNK {blockData=conID: 1 locID: 102435773766828054 bcsId: 4} | ret=FAILURE
org.apache.hadoop.hdds.scm.container.common.helpers.ContainerNotOpenException: Container 1 in CLOSED state
	at org.apache.hadoop.ozone.container.common.impl.HddsDispatcher.validateContainerCommand(HddsDispatcher.java:408) ~[hadoop-hdds-container-service-0.5.0-SNAPSHOT.jar:?]
	at org.apache.hadoop.ozone.container.common.transport.server.ratis.ContainerStateMachine.startTransaction(ContainerStateMachine.java:271) ~[hadoop-hdds-container-service-0.5.0-SNAPSHOT.jar:?]
	at org.apache.ratis.server.impl.RaftServerImpl.submitClientRequestAsync(RaftServerImpl.java:566) ~[ratis-server-0.4.0-2337318-SNAPSHOT.jar:0.4.0-2337318-SNAPSHOT]
	at org.apache.ratis.server.impl.RaftServerProxy.lambda$submitClientRequestAsync$7(RaftServerProxy.java:333) ~[ratis-server-0.4.0-2337318-SNAPSHOT.jar:0.4.0-2337318-SNAPSHOT]
	at org.apache.ratis.server.impl.RaftServerProxy.lambda$null$5(RaftServerProxy.java:328) ~[ratis-server-0.4.0-2337318-SNAPSHOT.jar:0.4.0-2337318-SNAPSHOT]
	at org.apache.ratis.util.JavaUtils.callAsUnchecked(JavaUtils.java:109) ~[ratis-common-0.4.0-2337318-SNAPSHOT.jar:0.4.0-2337318-SNAPSHOT]
	at org.apache.ratis.server.impl.RaftServerProxy.lambda$submitRequest$6(RaftServerProxy.java:328) ~[ratis-server-0.4.0-2337318-SNAPSHOT.jar:0.4.0-2337318-SNAPSHOT]
	at java.util.concurrent.CompletableFuture.uniComposeStage(CompletableFuture.java:981) ~[?:1.8.0_212]
	at java.util.concurrent.CompletableFuture.thenCompose(CompletableFuture.java:2124) ~[?:1.8.0_212]
	at org.apache.ratis.server.impl.RaftServerProxy.submitRequest(RaftServerProxy.java:327) ~[ratis-server-0.4.0-2337318-SNAPSHOT.jar:0.4.0-2337318-SNAPSHOT]
	at org.apache.ratis.server.impl.RaftServerProxy.submitClientRequestAsync(RaftServerProxy.java:333) ~[ratis-server-0.4.0-2337318-SNAPSHOT.jar:0.4.0-2337318-SNAPSHOT]
	at org.apache.ratis.grpc.client.GrpcClientProtocolService$RequestStreamObserver.processClientRequest(GrpcClientProtocolService.java:220) ~[ratis-grpc-0.4.0-2337318-SNAPSHOT.jar:0.4.0-2337318-SNAPSHOT]
	at org.apache.ratis.grpc.client.GrpcClientProtocolService$OrderedRequestStreamObserver.processClientRequest(GrpcClientProtocolService.java:326) ~[ratis-grpc-0.4.0-2337318-SNAPSHOT.jar:0.4.0-2337318-SNAPSHOT]
	at org.apache.ratis.util.SlidingWindow$Server.processRequestsFromHead(SlidingWindow.java:429) [ratis-common-0.4.0-2337318-SNAPSHOT.jar:0.4.0-2337318-SNAPSHOT]
	at org.apache.ratis.util.SlidingWindow$Server.receivedRequest(SlidingWindow.java:421) [ratis-common-0.4.0-2337318-SNAPSHOT.jar:0.4.0-2337318-SNAPSHOT]
	at org.apache.ratis.grpc.client.GrpcClientProtocolService$OrderedRequestStreamObserver.processClientRequest(GrpcClientProtocolService.java:345) [ratis-grpc-0.4.0-2337318-SNAPSHOT.jar:0.4.0-2337318-SNAPSHOT]
	at org.apache.ratis.grpc.client.GrpcClientProtocolService$RequestStreamObserver.onNext(GrpcClientProtocolService.java:240) [ratis-grpc-0.4.0-2337318-SNAPSHOT.jar:0.4.0-2337318-SNAPSHOT]
	at org.apache.ratis.grpc.client.GrpcClientProtocolService$RequestStreamObserver.onNext(GrpcClientProtocolService.java:168) [ratis-grpc-0.4.0-2337318-SNAPSHOT.jar:0.4.0-2337318-SNAPSHOT]
	at org.apache.ratis.thirdparty.io.grpc.stub.ServerCalls$StreamingServerCallHandler$StreamingServerCallListener.onMessage(ServerCalls.java:248) [ratis-thirdparty-misc-0.2.0.jar:0.2.0]
	at org.apache.ratis.thirdparty.io.grpc.internal.ServerCallImpl$ServerStreamListenerImpl.messagesAvailable(ServerCallImpl.java:263) [ratis-thirdparty-misc-0.2.0.jar:0.2.0]
	at org.apache.ratis.thirdparty.io.grpc.internal.ServerImpl$JumpToApplicationThreadServerStreamListener$1MessagesAvailable.runInContext(ServerImpl.java:686) [ratis-thirdparty-misc-0.2.0.jar:0.2.0]
	at org.apache.ratis.thirdparty.io.grpc.internal.ContextRunnable.run(ContextRunnable.java:37) [ratis-thirdparty-misc-0.2.0.jar:0.2.0]
	at org.apache.ratis.thirdparty.io.grpc.internal.SerializingExecutor.run(SerializingExecutor.java:123) [ratis-thirdparty-misc-0.2.0.jar:0.2.0]
	at java.util.concurrent.ThreadPoolExecutor.runWorker(ThreadPoolExecutor.java:1149) [?:1.8.0_212]
	at java.util.concurrent.ThreadPoolExecutor$Worker.run(ThreadPoolExecutor.java:624) [?:1.8.0_212]
	at java.lang.Thread.run(Thread.java:748) [?:1.8.0_212]
2019-07-13 19:24:30,191 INFO  client.GrpcClientProtocolClient (GrpcClientProtocolClient.java:onNext(255)) - client-6BB33572455E->5acdc1a5-2360-4ed6-8079-db033c400996: receive RaftClientReply:client-6BB33572455E->5acdc1a5-2360-4ed6-8079-db033c400996@group-82C50E8539B1, cid=267, FAILED org.apache.ratis.protocol.StateMachineException: org.apache.hadoop.hdds.scm.container.common.helpers.ContainerNotOpenException from Server 5acdc1a5-2360-4ed6-8079-db033c400996: Container 1 in CLOSED state, logIndex=0, commits[5acdc1a5-2360-4ed6-8079-db033c400996:c8, ec61217a-c36d-4325-a744-4eef837c4b1b:c7, eed5c648-ddd6-4c02-9f5e-b334fefb281b:c7]
2019-07-13 19:24:30,193 INFO  client.GrpcClientProtocolClient (GrpcClientProtocolClient.java:onNext(255)) - client-6BB33572455E->5acdc1a5-2360-4ed6-8079-db033c400996: receive RaftClientReply:client-6BB33572455E->5acdc1a5-2360-4ed6-8079-db033c400996@group-82C50E8539B1, cid=268, FAILED org.apache.ratis.protocol.StateMachineException: org.apache.hadoop.hdds.scm.container.common.helpers.ContainerNotOpenException from Server 5acdc1a5-2360-4ed6-8079-db033c400996: Container 1 in CLOSED state, logIndex=0, commits[5acdc1a5-2360-4ed6-8079-db033c400996:c8, ec61217a-c36d-4325-a744-4eef837c4b1b:c7, eed5c648-ddd6-4c02-9f5e-b334fefb281b:c7]
19:24:30.192 [grpc-default-executor-6] ERROR DNAudit - user=null | ip=null | op=PUT_BLOCK {blockData=[blockId=conID: 1 locID: 102435773766828054 bcsId: 0,size=334]} | ret=FAILURE
org.apache.hadoop.hdds.scm.container.common.helpers.ContainerNotOpenException: Container 1 in CLOSED state
	at org.apache.hadoop.ozone.container.common.impl.HddsDispatcher.validateContainerCommand(HddsDispatcher.java:408) ~[hadoop-hdds-container-service-0.5.0-SNAPSHOT.jar:?]
	at org.apache.hadoop.ozone.container.common.transport.server.ratis.ContainerStateMachine.startTransaction(ContainerStateMachine.java:271) ~[hadoop-hdds-container-service-0.5.0-SNAPSHOT.jar:?]
	at org.apache.ratis.server.impl.RaftServerImpl.submitClientRequestAsync(RaftServerImpl.java:566) ~[ratis-server-0.4.0-2337318-SNAPSHOT.jar:0.4.0-2337318-SNAPSHOT]
	at org.apache.ratis.server.impl.RaftServerProxy.lambda$submitClientRequestAsync$7(RaftServerProxy.java:333) ~[ratis-server-0.4.0-2337318-SNAPSHOT.jar:0.4.0-2337318-SNAPSHOT]
	at org.apache.ratis.server.impl.RaftServerProxy.lambda$null$5(RaftServerProxy.java:328) ~[ratis-server-0.4.0-2337318-SNAPSHOT.jar:0.4.0-2337318-SNAPSHOT]
	at org.apache.ratis.util.JavaUtils.callAsUnchecked(JavaUtils.java:109) ~[ratis-common-0.4.0-2337318-SNAPSHOT.jar:0.4.0-2337318-SNAPSHOT]
	at org.apache.ratis.server.impl.RaftServerProxy.lambda$submitRequest$6(RaftServerProxy.java:328) ~[ratis-server-0.4.0-2337318-SNAPSHOT.jar:0.4.0-2337318-SNAPSHOT]
	at java.util.concurrent.CompletableFuture.uniComposeStage(CompletableFuture.java:981) ~[?:1.8.0_212]
	at java.util.concurrent.CompletableFuture.thenCompose(CompletableFuture.java:2124) ~[?:1.8.0_212]
	at org.apache.ratis.server.impl.RaftServerProxy.submitRequest(RaftServerProxy.java:327) ~[ratis-server-0.4.0-2337318-SNAPSHOT.jar:0.4.0-2337318-SNAPSHOT]
	at org.apache.ratis.server.impl.RaftServerProxy.submitClientRequestAsync(RaftServerProxy.java:333) ~[ratis-server-0.4.0-2337318-SNAPSHOT.jar:0.4.0-2337318-SNAPSHOT]
	at org.apache.ratis.grpc.client.GrpcClientProtocolService$RequestStreamObserver.processClientRequest(GrpcClientProtocolService.java:220) ~[ratis-grpc-0.4.0-2337318-SNAPSHOT.jar:0.4.0-2337318-SNAPSHOT]
	at org.apache.ratis.grpc.client.GrpcClientProtocolService$OrderedRequestStreamObserver.processClientRequest(GrpcClientProtocolService.java:326) ~[ratis-grpc-0.4.0-2337318-SNAPSHOT.jar:0.4.0-2337318-SNAPSHOT]
	at org.apache.ratis.util.SlidingWindow$Server.processRequestsFromHead(SlidingWindow.java:429) [ratis-common-0.4.0-2337318-SNAPSHOT.jar:0.4.0-2337318-SNAPSHOT]
	at org.apache.ratis.util.SlidingWindow$Server.receivedRequest(SlidingWindow.java:421) [ratis-common-0.4.0-2337318-SNAPSHOT.jar:0.4.0-2337318-SNAPSHOT]
	at org.apache.ratis.grpc.client.GrpcClientProtocolService$OrderedRequestStreamObserver.processClientRequest(GrpcClientProtocolService.java:345) [ratis-grpc-0.4.0-2337318-SNAPSHOT.jar:0.4.0-2337318-SNAPSHOT]
	at org.apache.ratis.grpc.client.GrpcClientProtocolService$RequestStreamObserver.onNext(GrpcClientProtocolService.java:240) [ratis-grpc-0.4.0-2337318-SNAPSHOT.jar:0.4.0-2337318-SNAPSHOT]
	at org.apache.ratis.grpc.client.GrpcClientProtocolService$RequestStreamObserver.onNext(GrpcClientProtocolService.java:168) [ratis-grpc-0.4.0-2337318-SNAPSHOT.jar:0.4.0-2337318-SNAPSHOT]
	at org.apache.ratis.thirdparty.io.grpc.stub.ServerCalls$StreamingServerCallHandler$StreamingServerCallListener.onMessage(ServerCalls.java:248) [ratis-thirdparty-misc-0.2.0.jar:0.2.0]
	at org.apache.ratis.thirdparty.io.grpc.internal.ServerCallImpl$ServerStreamListenerImpl.messagesAvailable(ServerCallImpl.java:263) [ratis-thirdparty-misc-0.2.0.jar:0.2.0]
	at org.apache.ratis.thirdparty.io.grpc.internal.ServerImpl$JumpToApplicationThreadServerStreamListener$1MessagesAvailable.runInContext(ServerImpl.java:686) [ratis-thirdparty-misc-0.2.0.jar:0.2.0]
	at org.apache.ratis.thirdparty.io.grpc.internal.ContextRunnable.run(ContextRunnable.java:37) [ratis-thirdparty-misc-0.2.0.jar:0.2.0]
	at org.apache.ratis.thirdparty.io.grpc.internal.SerializingExecutor.run(SerializingExecutor.java:123) [ratis-thirdparty-misc-0.2.0.jar:0.2.0]
	at java.util.concurrent.ThreadPoolExecutor.runWorker(ThreadPoolExecutor.java:1149) [?:1.8.0_212]
	at java.util.concurrent.ThreadPoolExecutor$Worker.run(ThreadPoolExecutor.java:624) [?:1.8.0_212]
	at java.lang.Thread.run(Thread.java:748) [?:1.8.0_212]
2019-07-13 19:24:30,200 INFO  client.GrpcClientProtocolClient (GrpcClientProtocolClient.java:onNext(255)) - client-6BB33572455E->5acdc1a5-2360-4ed6-8079-db033c400996: receive RaftClientReply:client-6BB33572455E->5acdc1a5-2360-4ed6-8079-db033c400996@group-82C50E8539B1, cid=269, FAILED org.apache.ratis.protocol.StateMachineException: org.apache.hadoop.hdds.scm.container.common.helpers.ContainerNotOpenException from Server 5acdc1a5-2360-4ed6-8079-db033c400996: Container 1 in CLOSED state, logIndex=0, commits[5acdc1a5-2360-4ed6-8079-db033c400996:c8, ec61217a-c36d-4325-a744-4eef837c4b1b:c7, eed5c648-ddd6-4c02-9f5e-b334fefb281b:c7]
2019-07-13 19:24:30,216 INFO  interfaces.Container (KeyValueContainer.java:compactDB(356)) - Container 1 is closed with bcsId 4.
2019-07-13 19:24:30,219 INFO  interfaces.Container (KeyValueContainer.java:compactDB(356)) - Container 1 is closed with bcsId 4.
2019-07-13 19:24:30,233 INFO  interfaces.Container (KeyValueContainer.java:compactDB(356)) - Container 1 is closed with bcsId 4.
2019-07-13 19:24:30,400 INFO  client.GrpcClientProtocolClient (GrpcClientProtocolClient.java:onNext(255)) - client-720A135CAA75->62184408-7eb2-4416-9ece-01a663426769: receive RaftClientReply:client-720A135CAA75->62184408-7eb2-4416-9ece-01a663426769@group-2310A8A00DD4, cid=270, SUCCESS, logIndex=1, commits[62184408-7eb2-4416-9ece-01a663426769:c1, e3e59723-a214-489c-85bf-165f3068cc6d:c0, fdb98542-434e-4b81-b826-43812cb55508:c0]
2019-07-13 19:24:30,428 INFO  client.GrpcClientProtocolClient (GrpcClientProtocolClient.java:onNext(255)) - client-720A135CAA75->62184408-7eb2-4416-9ece-01a663426769: receive RaftClientReply:client-720A135CAA75->62184408-7eb2-4416-9ece-01a663426769@group-2310A8A00DD4, cid=271, SUCCESS, logIndex=3, commits[62184408-7eb2-4416-9ece-01a663426769:c4, e3e59723-a214-489c-85bf-165f3068cc6d:c2, fdb98542-434e-4b81-b826-43812cb55508:c2]
2019-07-13 19:24:30,470 INFO  client.GrpcClientProtocolClient (GrpcClientProtocolClient.java:onNext(255)) - client-720A135CAA75->62184408-7eb2-4416-9ece-01a663426769: receive RaftClientReply:client-720A135CAA75->62184408-7eb2-4416-9ece-01a663426769@group-2310A8A00DD4, cid=272, SUCCESS, logIndex=4, commits[62184408-7eb2-4416-9ece-01a663426769:c6, e3e59723-a214-489c-85bf-165f3068cc6d:c4, fdb98542-434e-4b81-b826-43812cb55508:c4]
2019-07-13 19:24:30,486 INFO  pipeline.Pipeline (Pipeline.java:getProtobufMessage(195)) - Serialize pipeline PipelineID=74e28484-6543-45c4-ac54-2310a8a00dd4 with nodesInOrder{ }
2019-07-13 19:24:30,488 INFO  ozone.MiniOzoneClusterImpl (MiniOzoneClusterImpl.java:shutdown(321)) - Shutting down the Mini Ozone Cluster
2019-07-13 19:24:30,488 INFO  ozone.MiniOzoneClusterImpl (MiniOzoneClusterImpl.java:stop(336)) - Stopping the Mini Ozone Cluster
2019-07-13 19:24:30,488 INFO  ozone.MiniOzoneClusterImpl (MiniOzoneClusterImpl.java:stop(338)) - Stopping the OzoneManager
2019-07-13 19:24:30,489 INFO  ipc.Server (Server.java:stop(3082)) - Stopping server on 36155
2019-07-13 19:24:30,498 INFO  ipc.Server (Server.java:run(1185)) - Stopping IPC Server listener on 36155
2019-07-13 19:24:30,498 INFO  utils.BackgroundService (BackgroundService.java:shutdown(148)) - Shutting down service KeyDeletingService
2019-07-13 19:24:30,498 INFO  ipc.Server (Server.java:run(1319)) - Stopping IPC Server Responder
2019-07-13 19:24:30,532 INFO  handler.ContextHandler (ContextHandler.java:doStop(910)) - Stopped o.e.j.w.WebAppContext@1d4ae17e{/,null,UNAVAILABLE}{/ozoneManager}
2019-07-13 19:24:30,533 INFO  server.AbstractConnector (AbstractConnector.java:doStop(318)) - Stopped ServerConnector@44e69674{HTTP/1.1,[http/1.1]}{0.0.0.0:0}
2019-07-13 19:24:30,533 INFO  handler.ContextHandler (ContextHandler.java:doStop(910)) - Stopped o.e.j.s.ServletContextHandler@46f03d6d{/static,file:///tmp/workdir/hadoop-ozone/integration-test/target/test-classes/webapps/static,UNAVAILABLE}
2019-07-13 19:24:30,534 INFO  handler.ContextHandler (ContextHandler.java:doStop(910)) - Stopped o.e.j.s.ServletContextHandler@5e0e97b6{/logs,file:///tmp/workdir/hadoop-ozone/integration-test/target/log,UNAVAILABLE}
2019-07-13 19:24:30,549 INFO  ozone.MiniOzoneClusterImpl (MiniOzoneClusterImpl.java:stop(344)) - Shutting the HddsDatanodes
2019-07-13 19:24:30,549 INFO  datanode.ObjectStoreHandler (ObjectStoreHandler.java:close(155)) - Closing ObjectStoreHandler.
2019-07-13 19:24:30,549 INFO  datanode.ObjectStoreHandler (ObjectStoreHandler.java:close(155)) - Closing ObjectStoreHandler.
2019-07-13 19:24:30,550 INFO  ozone.HddsDatanodeService (HddsDatanodeService.java:stop(452)) - Stopped plug-in org.apache.hadoop.ozone.web.OzoneHddsDatanodeService@64476bb5
2019-07-13 19:24:30,550 INFO  ozone.HddsDatanodeService (HddsDatanodeService.java:stop(452)) - Stopped plug-in org.apache.hadoop.ozone.web.OzoneHddsDatanodeService@73021987
2019-07-13 19:24:31,220 INFO  statemachine.DatanodeStateMachine (DatanodeStateMachine.java:lambda$startDaemon$0(350)) - Ozone container server started.
2019-07-13 19:24:31,383 INFO  statemachine.DatanodeStateMachine (DatanodeStateMachine.java:lambda$startDaemon$0(350)) - Ozone container server started.
2019-07-13 19:24:35,275 INFO  node.StaleNodeHandler (StaleNodeHandler.java:onMessage(58)) - Datanode ec61217a-c36d-4325-a744-4eef837c4b1b{ip: 192.168.69.122, host: trunk-nightly-fxqsz-774976932, networkLocation: /default-rack, certSerialId: null} moved to stale state. Finalizing its pipelines [PipelineID=dd40e49e-bfbf-4af8-b344-be4dd9a09412, PipelineID=b0e99ba0-15ad-49b4-b68c-82c50e8539b1]
2019-07-13 19:24:35,275 INFO  pipeline.SCMPipelineManager (SCMPipelineManager.java:finalizeAndDestroyPipeline(309)) - destroying pipeline:Pipeline[ Id: dd40e49e-bfbf-4af8-b344-be4dd9a09412, Nodes: ec61217a-c36d-4325-a744-4eef837c4b1b{ip: 192.168.69.122, host: trunk-nightly-fxqsz-774976932, networkLocation: /default-rack, certSerialId: null}, Type:RATIS, Factor:ONE, State:OPEN]
2019-07-13 19:24:35,275 INFO  pipeline.PipelineStateManager (PipelineStateManager.java:finalizePipeline(123)) - Pipeline Pipeline[ Id: dd40e49e-bfbf-4af8-b344-be4dd9a09412, Nodes: ec61217a-c36d-4325-a744-4eef837c4b1b{ip: 192.168.69.122, host: trunk-nightly-fxqsz-774976932, networkLocation: /default-rack, certSerialId: null}, Type:RATIS, Factor:ONE, State:CLOSED] moved to CLOSED state
2019-07-13 19:24:35,276 INFO  pipeline.SCMPipelineManager (SCMPipelineManager.java:finalizeAndDestroyPipeline(309)) - destroying pipeline:Pipeline[ Id: b0e99ba0-15ad-49b4-b68c-82c50e8539b1, Nodes: 5acdc1a5-2360-4ed6-8079-db033c400996{ip: 192.168.69.122, host: trunk-nightly-fxqsz-774976932, networkLocation: /default-rack, certSerialId: null}eed5c648-ddd6-4c02-9f5e-b334fefb281b{ip: 192.168.69.122, host: trunk-nightly-fxqsz-774976932, networkLocation: /default-rack, certSerialId: null}ec61217a-c36d-4325-a744-4eef837c4b1b{ip: 192.168.69.122, host: trunk-nightly-fxqsz-774976932, networkLocation: /default-rack, certSerialId: null}, Type:RATIS, Factor:THREE, State:OPEN]
2019-07-13 19:24:35,276 INFO  pipeline.PipelineStateManager (PipelineStateManager.java:finalizePipeline(123)) - Pipeline Pipeline[ Id: b0e99ba0-15ad-49b4-b68c-82c50e8539b1, Nodes: 5acdc1a5-2360-4ed6-8079-db033c400996{ip: 192.168.69.122, host: trunk-nightly-fxqsz-774976932, networkLocation: /default-rack, certSerialId: null}eed5c648-ddd6-4c02-9f5e-b334fefb281b{ip: 192.168.69.122, host: trunk-nightly-fxqsz-774976932, networkLocation: /default-rack, certSerialId: null}ec61217a-c36d-4325-a744-4eef837c4b1b{ip: 192.168.69.122, host: trunk-nightly-fxqsz-774976932, networkLocation: /default-rack, certSerialId: null}, Type:RATIS, Factor:THREE, State:CLOSED] moved to CLOSED state
2019-07-13 19:24:35,475 INFO  node.StaleNodeHandler (StaleNodeHandler.java:onMessage(58)) - Datanode e3e59723-a214-489c-85bf-165f3068cc6d{ip: 192.168.69.122, host: trunk-nightly-fxqsz-774976932, networkLocation: /default-rack, certSerialId: null} moved to stale state. Finalizing its pipelines [PipelineID=74e28484-6543-45c4-ac54-2310a8a00dd4, PipelineID=0436f37c-e16f-4e7e-a332-61512a09717f]
2019-07-13 19:24:35,475 INFO  pipeline.SCMPipelineManager (SCMPipelineManager.java:finalizeAndDestroyPipeline(309)) - destroying pipeline:Pipeline[ Id: 74e28484-6543-45c4-ac54-2310a8a00dd4, Nodes: 62184408-7eb2-4416-9ece-01a663426769{ip: 192.168.69.122, host: trunk-nightly-fxqsz-774976932, networkLocation: /default-rack, certSerialId: null}e3e59723-a214-489c-85bf-165f3068cc6d{ip: 192.168.69.122, host: trunk-nightly-fxqsz-774976932, networkLocation: /default-rack, certSerialId: null}fdb98542-434e-4b81-b826-43812cb55508{ip: 192.168.69.122, host: trunk-nightly-fxqsz-774976932, networkLocation: /default-rack, certSerialId: null}, Type:RATIS, Factor:THREE, State:OPEN]
2019-07-13 19:24:35,475 INFO  pipeline.PipelineStateManager (PipelineStateManager.java:finalizePipeline(123)) - Pipeline Pipeline[ Id: 74e28484-6543-45c4-ac54-2310a8a00dd4, Nodes: 62184408-7eb2-4416-9ece-01a663426769{ip: 192.168.69.122, host: trunk-nightly-fxqsz-774976932, networkLocation: /default-rack, certSerialId: null}e3e59723-a214-489c-85bf-165f3068cc6d{ip: 192.168.69.122, host: trunk-nightly-fxqsz-774976932, networkLocation: /default-rack, certSerialId: null}fdb98542-434e-4b81-b826-43812cb55508{ip: 192.168.69.122, host: trunk-nightly-fxqsz-774976932, networkLocation: /default-rack, certSerialId: null}, Type:RATIS, Factor:THREE, State:CLOSED] moved to CLOSED state
2019-07-13 19:24:35,475 INFO  pipeline.SCMPipelineManager (SCMPipelineManager.java:finalizeAndDestroyPipeline(309)) - destroying pipeline:Pipeline[ Id: 0436f37c-e16f-4e7e-a332-61512a09717f, Nodes: e3e59723-a214-489c-85bf-165f3068cc6d{ip: 192.168.69.122, host: trunk-nightly-fxqsz-774976932, networkLocation: /default-rack, certSerialId: null}, Type:RATIS, Factor:ONE, State:OPEN]
2019-07-13 19:24:35,475 INFO  container.CloseContainerEventHandler (CloseContainerEventHandler.java:onMessage(61)) - Close container Event triggered for container : #2
2019-07-13 19:24:35,476 INFO  pipeline.PipelineStateManager (PipelineStateManager.java:finalizePipeline(123)) - Pipeline Pipeline[ Id: 0436f37c-e16f-4e7e-a332-61512a09717f, Nodes: e3e59723-a214-489c-85bf-165f3068cc6d{ip: 192.168.69.122, host: trunk-nightly-fxqsz-774976932, networkLocation: /default-rack, certSerialId: null}, Type:RATIS, Factor:ONE, State:CLOSED] moved to CLOSED state
2019-07-13 19:24:35,550 INFO  ozoneimpl.OzoneContainer (OzoneContainer.java:stop(199)) - Attempting to stop container services.
2019-07-13 19:24:35,551 INFO  ozoneimpl.OzoneContainer (OzoneContainer.java:stop(199)) - Attempting to stop container services.
2019-07-13 19:24:35,551 INFO  impl.RaftServerProxy (RaftServerProxy.java:lambda$close$4(314)) - ec61217a-c36d-4325-a744-4eef837c4b1b: close
2019-07-13 19:24:35,551 INFO  impl.RaftServerProxy (RaftServerProxy.java:lambda$close$4(314)) - e3e59723-a214-489c-85bf-165f3068cc6d: close
2019-07-13 19:24:35,552 INFO  impl.RaftServerImpl (RaftServerImpl.java:lambda$shutdown$3(245)) - ec61217a-c36d-4325-a744-4eef837c4b1b: shutdown group-BE4DD9A09412
2019-07-13 19:24:35,552 INFO  impl.RaftServerImpl (RaftServerImpl.java:lambda$shutdown$3(245)) - e3e59723-a214-489c-85bf-165f3068cc6d: shutdown group-2310A8A00DD4
2019-07-13 19:24:35,552 INFO  util.JmxRegister (JmxRegister.java:unregister(73)) - Successfully un-registered JMX Bean with object name Ratis:service=RaftServer,group=group-BE4DD9A09412,id=ec61217a-c36d-4325-a744-4eef837c4b1b
2019-07-13 19:24:35,553 INFO  util.JmxRegister (JmxRegister.java:unregister(73)) - Successfully un-registered JMX Bean with object name Ratis:service=RaftServer,group=group-2310A8A00DD4,id=e3e59723-a214-489c-85bf-165f3068cc6d
2019-07-13 19:24:35,553 INFO  impl.RoleInfo (RoleInfo.java:shutdownLeaderState(104)) - ec61217a-c36d-4325-a744-4eef837c4b1b: shutdown LeaderState
2019-07-13 19:24:35,554 INFO  impl.RoleInfo (RoleInfo.java:shutdownFollowerState(121)) - e3e59723-a214-489c-85bf-165f3068cc6d: shutdown FollowerState
2019-07-13 19:24:35,554 INFO  impl.PendingRequests (PendingRequests.java:sendNotLeaderResponses(202)) - ec61217a-c36d-4325-a744-4eef837c4b1b-PendingRequests: sendNotLeaderResponses
2019-07-13 19:24:35,554 INFO  impl.FollowerState (FollowerState.java:run(114)) - e3e59723-a214-489c-85bf-165f3068cc6d: FollowerState was interrupted: java.lang.InterruptedException: sleep interrupted
2019-07-13 19:24:35,554 INFO  ratis.ContainerStateMachine (ContainerStateMachine.java:takeSnapshot(246)) - Taking snapshot at termIndex:(t:1, i:4)
2019-07-13 19:24:35,559 INFO  ratis.ContainerStateMachine (ContainerStateMachine.java:takeSnapshot(250)) - Taking a snapshot to file /tmp/workdir/hadoop-ozone/integration-test/target/test-dir/MiniOzoneClusterImpl-4a0fc0af-9b4c-46e4-8239-469c87631420/datanode-1/data/ratis/74e28484-6543-45c4-ac54-2310a8a00dd4/sm/snapshot.1_4
2019-07-13 19:24:35,554 INFO  impl.StateMachineUpdater (StateMachineUpdater.java:stopAndJoin(115)) - StateMachineUpdater:e3e59723-a214-489c-85bf-165f3068cc6d:group-2310A8A00DD4: set stopIndex = 6
2019-07-13 19:24:35,555 INFO  ratis.ContainerStateMachine (ContainerStateMachine.java:takeSnapshot(246)) - Taking snapshot at termIndex:(t:0, i:~)
2019-07-13 19:24:35,555 INFO  impl.StateMachineUpdater (StateMachineUpdater.java:stopAndJoin(115)) - StateMachineUpdater:ec61217a-c36d-4325-a744-4eef837c4b1b:group-BE4DD9A09412: set stopIndex = 0
2019-07-13 19:24:35,560 INFO  impl.RaftServerImpl (ServerState.java:close(394)) - ec61217a-c36d-4325-a744-4eef837c4b1b:group-BE4DD9A09412 closes. The last applied log index is 0
2019-07-13 19:24:35,560 INFO  impl.StateMachineUpdater (StateMachineUpdater.java:takeSnapshot(242)) - StateMachineUpdater:e3e59723-a214-489c-85bf-165f3068cc6d:group-2310A8A00DD4: Took a snapshot at index 4
2019-07-13 19:24:35,561 INFO  segmented.SegmentedRaftLogWorker (SegmentedRaftLogWorker.java:run(313)) - ec61217a-c36d-4325-a744-4eef837c4b1b-SegmentedRaftLogWorker:Storage Directory /tmp/workdir/hadoop-ozone/integration-test/target/test-dir/MiniOzoneClusterImpl-4a0fc0af-9b4c-46e4-8239-469c87631420/datanode-4/data/ratis/dd40e49e-bfbf-4af8-b344-be4dd9a09412 was interrupted, exiting. There are 0 tasks remaining in the queue.
2019-07-13 19:24:35,561 INFO  impl.StateMachineUpdater (StateMachineUpdater.java:lambda$new$0(80)) - StateMachineUpdater:e3e59723-a214-489c-85bf-165f3068cc6d:group-2310A8A00DD4: snapshotIndex: updateIncreasingly -1 -> 4
2019-07-13 19:24:35,564 INFO  segmented.SegmentedRaftLogWorker (SegmentedRaftLogWorker.java:close(228)) - ec61217a-c36d-4325-a744-4eef837c4b1b-SegmentedRaftLogWorker:Storage Directory /tmp/workdir/hadoop-ozone/integration-test/target/test-dir/MiniOzoneClusterImpl-4a0fc0af-9b4c-46e4-8239-469c87631420/datanode-4/data/ratis/dd40e49e-bfbf-4af8-b344-be4dd9a09412 close()
2019-07-13 19:24:35,564 INFO  impl.RaftServerImpl (ServerState.java:close(394)) - e3e59723-a214-489c-85bf-165f3068cc6d:group-2310A8A00DD4 closes. The last applied log index is 6
2019-07-13 19:24:35,569 INFO  impl.RaftServerImpl (RaftServerImpl.java:lambda$shutdown$3(245)) - ec61217a-c36d-4325-a744-4eef837c4b1b: shutdown group-82C50E8539B1
2019-07-13 19:24:35,570 INFO  util.JmxRegister (JmxRegister.java:unregister(73)) - Successfully un-registered JMX Bean with object name Ratis:service=RaftServer,group=group-82C50E8539B1,id=ec61217a-c36d-4325-a744-4eef837c4b1b
2019-07-13 19:24:35,570 INFO  impl.RoleInfo (RoleInfo.java:shutdownFollowerState(121)) - ec61217a-c36d-4325-a744-4eef837c4b1b: shutdown FollowerState
2019-07-13 19:24:35,571 INFO  impl.StateMachineUpdater (StateMachineUpdater.java:stopAndJoin(115)) - StateMachineUpdater:ec61217a-c36d-4325-a744-4eef837c4b1b:group-82C50E8539B1: set stopIndex = 8
2019-07-13 19:24:35,570 INFO  segmented.SegmentedRaftLogWorker (SegmentedRaftLogWorker.java:run(313)) - e3e59723-a214-489c-85bf-165f3068cc6d-SegmentedRaftLogWorker:Storage Directory /tmp/workdir/hadoop-ozone/integration-test/target/test-dir/MiniOzoneClusterImpl-4a0fc0af-9b4c-46e4-8239-469c87631420/datanode-1/data/ratis/74e28484-6543-45c4-ac54-2310a8a00dd4 was interrupted, exiting. There are 0 tasks remaining in the queue.
2019-07-13 19:24:35,571 INFO  impl.FollowerState (FollowerState.java:run(114)) - ec61217a-c36d-4325-a744-4eef837c4b1b: FollowerState was interrupted: java.lang.InterruptedException: sleep interrupted
2019-07-13 19:24:35,571 INFO  ratis.ContainerStateMachine (ContainerStateMachine.java:takeSnapshot(246)) - Taking snapshot at termIndex:(t:1, i:7)
2019-07-13 19:24:35,576 INFO  segmented.SegmentedRaftLogWorker (SegmentedRaftLogWorker.java:close(228)) - e3e59723-a214-489c-85bf-165f3068cc6d-SegmentedRaftLogWorker:Storage Directory /tmp/workdir/hadoop-ozone/integration-test/target/test-dir/MiniOzoneClusterImpl-4a0fc0af-9b4c-46e4-8239-469c87631420/datanode-1/data/ratis/74e28484-6543-45c4-ac54-2310a8a00dd4 close()
2019-07-13 19:24:35,577 INFO  ratis.ContainerStateMachine (ContainerStateMachine.java:takeSnapshot(250)) - Taking a snapshot to file /tmp/workdir/hadoop-ozone/integration-test/target/test-dir/MiniOzoneClusterImpl-4a0fc0af-9b4c-46e4-8239-469c87631420/datanode-4/data/ratis/b0e99ba0-15ad-49b4-b68c-82c50e8539b1/sm/snapshot.1_7
2019-07-13 19:24:35,582 INFO  impl.RaftServerImpl (RaftServerImpl.java:lambda$shutdown$3(245)) - e3e59723-a214-489c-85bf-165f3068cc6d: shutdown group-61512A09717F
2019-07-13 19:24:35,582 INFO  impl.StateMachineUpdater (StateMachineUpdater.java:takeSnapshot(242)) - StateMachineUpdater:ec61217a-c36d-4325-a744-4eef837c4b1b:group-82C50E8539B1: Took a snapshot at index 7
2019-07-13 19:24:35,582 INFO  util.JmxRegister (JmxRegister.java:unregister(73)) - Successfully un-registered JMX Bean with object name Ratis:service=RaftServer,group=group-61512A09717F,id=e3e59723-a214-489c-85bf-165f3068cc6d
2019-07-13 19:24:35,583 INFO  impl.StateMachineUpdater (StateMachineUpdater.java:lambda$new$0(80)) - StateMachineUpdater:ec61217a-c36d-4325-a744-4eef837c4b1b:group-82C50E8539B1: snapshotIndex: updateIncreasingly -1 -> 7
2019-07-13 19:24:35,583 INFO  impl.RoleInfo (RoleInfo.java:shutdownLeaderState(104)) - e3e59723-a214-489c-85bf-165f3068cc6d: shutdown LeaderState
2019-07-13 19:24:35,583 INFO  impl.RaftServerImpl (ServerState.java:close(394)) - ec61217a-c36d-4325-a744-4eef837c4b1b:group-82C50E8539B1 closes. The last applied log index is 8
2019-07-13 19:24:35,583 INFO  impl.PendingRequests (PendingRequests.java:sendNotLeaderResponses(202)) - e3e59723-a214-489c-85bf-165f3068cc6d-PendingRequests: sendNotLeaderResponses
2019-07-13 19:24:35,584 INFO  segmented.SegmentedRaftLogWorker (SegmentedRaftLogWorker.java:run(313)) - ec61217a-c36d-4325-a744-4eef837c4b1b-SegmentedRaftLogWorker:Storage Directory /tmp/workdir/hadoop-ozone/integration-test/target/test-dir/MiniOzoneClusterImpl-4a0fc0af-9b4c-46e4-8239-469c87631420/datanode-4/data/ratis/b0e99ba0-15ad-49b4-b68c-82c50e8539b1 was interrupted, exiting. There are 0 tasks remaining in the queue.
2019-07-13 19:24:35,584 INFO  impl.StateMachineUpdater (StateMachineUpdater.java:stopAndJoin(115)) - StateMachineUpdater:e3e59723-a214-489c-85bf-165f3068cc6d:group-61512A09717F: set stopIndex = 0
2019-07-13 19:24:35,584 INFO  ratis.ContainerStateMachine (ContainerStateMachine.java:takeSnapshot(246)) - Taking snapshot at termIndex:(t:0, i:~)
2019-07-13 19:24:35,587 INFO  impl.RaftServerImpl (ServerState.java:close(394)) - e3e59723-a214-489c-85bf-165f3068cc6d:group-61512A09717F closes. The last applied log index is 0
2019-07-13 19:24:35,588 INFO  segmented.SegmentedRaftLogWorker (SegmentedRaftLogWorker.java:run(313)) - e3e59723-a214-489c-85bf-165f3068cc6d-SegmentedRaftLogWorker:Storage Directory /tmp/workdir/hadoop-ozone/integration-test/target/test-dir/MiniOzoneClusterImpl-4a0fc0af-9b4c-46e4-8239-469c87631420/datanode-1/data/ratis/0436f37c-e16f-4e7e-a332-61512a09717f was interrupted, exiting. There are 0 tasks remaining in the queue.
2019-07-13 19:24:35,596 INFO  segmented.SegmentedRaftLogWorker (SegmentedRaftLogWorker.java:close(228)) - e3e59723-a214-489c-85bf-165f3068cc6d-SegmentedRaftLogWorker:Storage Directory /tmp/workdir/hadoop-ozone/integration-test/target/test-dir/MiniOzoneClusterImpl-4a0fc0af-9b4c-46e4-8239-469c87631420/datanode-1/data/ratis/0436f37c-e16f-4e7e-a332-61512a09717f close()
2019-07-13 19:24:35,596 INFO  segmented.SegmentedRaftLogWorker (SegmentedRaftLogWorker.java:close(228)) - ec61217a-c36d-4325-a744-4eef837c4b1b-SegmentedRaftLogWorker:Storage Directory /tmp/workdir/hadoop-ozone/integration-test/target/test-dir/MiniOzoneClusterImpl-4a0fc0af-9b4c-46e4-8239-469c87631420/datanode-4/data/ratis/b0e99ba0-15ad-49b4-b68c-82c50e8539b1 close()
2019-07-13 19:24:35,601 INFO  server.GrpcService (GrpcService.java:closeImpl(155)) - e3e59723-a214-489c-85bf-165f3068cc6d: shutdown server with port 46414 now
2019-07-13 19:24:35,606 INFO  server.GrpcService (GrpcService.java:closeImpl(155)) - ec61217a-c36d-4325-a744-4eef837c4b1b: shutdown server with port 34872 now
2019-07-13 19:24:35,606 WARN  server.GrpcServerProtocolService (LogUtils.java:warn(134)) - e3e59723-a214-489c-85bf-165f3068cc6d: appendEntries onError: org.apache.ratis.thirdparty.io.grpc.StatusRuntimeException: CANCELLED: cancelled before receiving half close
2019-07-13 19:24:35,607 INFO  server.GrpcService (GrpcService.java:closeImpl(163)) - e3e59723-a214-489c-85bf-165f3068cc6d: shutdown server with port 46414 successfully
2019-07-13 19:24:35,607 WARN  server.GrpcServerProtocolService (LogUtils.java:warn(134)) - ec61217a-c36d-4325-a744-4eef837c4b1b: appendEntries onError: org.apache.ratis.thirdparty.io.grpc.StatusRuntimeException: CANCELLED: cancelled before receiving half close
2019-07-13 19:24:35,607 WARN  server.GrpcLogAppender (LogUtils.java:warn(134)) - 62184408-7eb2-4416-9ece-01a663426769->e3e59723-a214-489c-85bf-165f3068cc6d: Failed appendEntries: org.apache.ratis.thirdparty.io.grpc.StatusRuntimeException: CANCELLED: HTTP/2 error code: CANCEL
Received Rst Stream
2019-07-13 19:24:35,607 WARN  server.GrpcLogAppender (LogUtils.java:warn(134)) - 5acdc1a5-2360-4ed6-8079-db033c400996->ec61217a-c36d-4325-a744-4eef837c4b1b: Failed appendEntries: org.apache.ratis.thirdparty.io.grpc.StatusRuntimeException: CANCELLED: HTTP/2 error code: CANCEL
Received Rst Stream
2019-07-13 19:24:35,607 INFO  server.GrpcService (GrpcService.java:closeImpl(163)) - ec61217a-c36d-4325-a744-4eef837c4b1b: shutdown server with port 34872 successfully
2019-07-13 19:24:35,608 INFO  impl.FollowerInfo (FollowerInfo.java:lambda$new$0(50)) - 5acdc1a5-2360-4ed6-8079-db033c400996->ec61217a-c36d-4325-a744-4eef837c4b1b: nextIndex: updateUnconditionally 9 -> 8
2019-07-13 19:24:35,608 INFO  utils.BackgroundService (BackgroundService.java:shutdown(148)) - Shutting down service BlockDeletingService
2019-07-13 19:24:35,607 INFO  impl.FollowerInfo (FollowerInfo.java:lambda$new$0(50)) - 62184408-7eb2-4416-9ece-01a663426769->e3e59723-a214-489c-85bf-165f3068cc6d: nextIndex: updateUnconditionally 7 -> 6
2019-07-13 19:24:35,610 INFO  utils.BackgroundService (BackgroundService.java:shutdown(148)) - Shutting down service BlockDeletingService
2019-07-13 19:24:35,610 WARN  fs.CachingGetSpaceUsed (CachingGetSpaceUsed.java:run(183)) - Thread Interrupted waiting to refresh disk information: sleep interrupted
2019-07-13 19:24:35,611 WARN  fs.CachingGetSpaceUsed (CachingGetSpaceUsed.java:run(183)) - Thread Interrupted waiting to refresh disk information: sleep interrupted
2019-07-13 19:24:35,632 INFO  statemachine.DatanodeStateMachine (DatanodeStateMachine.java:stopDaemon(395)) - Ozone container server stopped.
2019-07-13 19:24:35,637 INFO  handler.ContextHandler (ContextHandler.java:doStop(910)) - Stopped o.e.j.w.WebAppContext@5c15d1bc{/,null,UNAVAILABLE}{/hddsDatanode}
2019-07-13 19:24:35,639 INFO  statemachine.DatanodeStateMachine (DatanodeStateMachine.java:stopDaemon(395)) - Ozone container server stopped.
2019-07-13 19:24:35,643 INFO  server.AbstractConnector (AbstractConnector.java:doStop(318)) - Stopped ServerConnector@1581c6fe{HTTP/1.1,[http/1.1]}{0.0.0.0:0}
2019-07-13 19:24:35,645 INFO  handler.ContextHandler (ContextHandler.java:doStop(910)) - Stopped o.e.j.w.WebAppContext@49afa057{/,null,UNAVAILABLE}{/hddsDatanode}
2019-07-13 19:24:35,646 INFO  handler.ContextHandler (ContextHandler.java:doStop(910)) - Stopped o.e.j.s.ServletContextHandler@a95c1f6{/static,jar:file:/home/user/.m2/repository/org/apache/hadoop/hadoop-hdds-container-service/0.5.0-SNAPSHOT/hadoop-hdds-container-service-0.5.0-SNAPSHOT.jar!/webapps/static,UNAVAILABLE}
2019-07-13 19:24:35,646 INFO  server.AbstractConnector (AbstractConnector.java:doStop(318)) - Stopped ServerConnector@78b5b2f9{HTTP/1.1,[http/1.1]}{0.0.0.0:0}
2019-07-13 19:24:35,646 INFO  handler.ContextHandler (ContextHandler.java:doStop(910)) - Stopped o.e.j.s.ServletContextHandler@374b1d85{/logs,file:///tmp/workdir/hadoop-ozone/integration-test/target/log,UNAVAILABLE}
2019-07-13 19:24:35,648 INFO  handler.ContextHandler (ContextHandler.java:doStop(910)) - Stopped o.e.j.s.ServletContextHandler@3817d886{/static,jar:file:/home/user/.m2/repository/org/apache/hadoop/hadoop-hdds-container-service/0.5.0-SNAPSHOT/hadoop-hdds-container-service-0.5.0-SNAPSHOT.jar!/webapps/static,UNAVAILABLE}
2019-07-13 19:24:35,651 INFO  handler.ContextHandler (ContextHandler.java:doStop(910)) - Stopped o.e.j.s.ServletContextHandler@34577542{/logs,file:///tmp/workdir/hadoop-ozone/integration-test/target/log,UNAVAILABLE}
2019-07-13 19:24:35,651 INFO  datanode.ObjectStoreHandler (ObjectStoreHandler.java:close(155)) - Closing ObjectStoreHandler.
2019-07-13 19:24:35,652 INFO  ozone.HddsDatanodeService (HddsDatanodeService.java:stop(452)) - Stopped plug-in org.apache.hadoop.ozone.web.OzoneHddsDatanodeService@62d42eb7
2019-07-13 19:24:35,652 INFO  datanode.ObjectStoreHandler (ObjectStoreHandler.java:close(155)) - Closing ObjectStoreHandler.
2019-07-13 19:24:35,652 INFO  ozone.HddsDatanodeService (HddsDatanodeService.java:stop(452)) - Stopped plug-in org.apache.hadoop.ozone.web.OzoneHddsDatanodeService@302e3484
2019-07-13 19:24:36,234 INFO  statemachine.DatanodeStateMachine (DatanodeStateMachine.java:lambda$startDaemon$0(350)) - Ozone container server started.
2019-07-13 19:24:36,389 INFO  statemachine.DatanodeStateMachine (DatanodeStateMachine.java:lambda$startDaemon$0(350)) - Ozone container server started.
2019-07-13 19:24:37,397 WARN  server.GrpcLogAppender (LogUtils.java:warn(134)) - 62184408-7eb2-4416-9ece-01a663426769->e3e59723-a214-489c-85bf-165f3068cc6d: Failed appendEntries: org.apache.ratis.thirdparty.io.grpc.StatusRuntimeException: UNAVAILABLE: io exception
2019-07-13 19:24:37,397 INFO  impl.FollowerInfo (FollowerInfo.java:lambda$new$0(50)) - 62184408-7eb2-4416-9ece-01a663426769->e3e59723-a214-489c-85bf-165f3068cc6d: nextIndex: updateUnconditionally 7 -> 6
2019-07-13 19:24:37,408 WARN  server.GrpcLogAppender (LogUtils.java:warn(134)) - 62184408-7eb2-4416-9ece-01a663426769->e3e59723-a214-489c-85bf-165f3068cc6d: Failed appendEntries: org.apache.ratis.thirdparty.io.grpc.StatusRuntimeException: UNAVAILABLE: io exception
2019-07-13 19:24:37,408 INFO  impl.FollowerInfo (FollowerInfo.java:lambda$new$0(50)) - 62184408-7eb2-4416-9ece-01a663426769->e3e59723-a214-489c-85bf-165f3068cc6d: nextIndex: updateUnconditionally 7 -> 6
2019-07-13 19:24:37,420 WARN  server.GrpcLogAppender (LogUtils.java:warn(134)) - 62184408-7eb2-4416-9ece-01a663426769->e3e59723-a214-489c-85bf-165f3068cc6d: Failed appendEntries: org.apache.ratis.thirdparty.io.grpc.StatusRuntimeException: UNAVAILABLE: io exception
2019-07-13 19:24:37,420 INFO  impl.FollowerInfo (FollowerInfo.java:lambda$new$0(50)) - 62184408-7eb2-4416-9ece-01a663426769->e3e59723-a214-489c-85bf-165f3068cc6d: nextIndex: updateUnconditionally 7 -> 6
2019-07-13 19:24:37,439 INFO  interfaces.Container (KeyValueContainer.java:compactDB(356)) - Container 2 is closed with bcsId 4.
2019-07-13 19:24:37,466 INFO  interfaces.Container (KeyValueContainer.java:compactDB(356)) - Container 2 is closed with bcsId 4.
2019-07-13 19:24:37,669 WARN  server.GrpcLogAppender (LogUtils.java:warn(134)) - 5acdc1a5-2360-4ed6-8079-db033c400996->ec61217a-c36d-4325-a744-4eef837c4b1b: Failed appendEntries: org.apache.ratis.thirdparty.io.grpc.StatusRuntimeException: UNAVAILABLE: io exception
2019-07-13 19:24:37,669 INFO  impl.FollowerInfo (FollowerInfo.java:lambda$new$0(50)) - 5acdc1a5-2360-4ed6-8079-db033c400996->ec61217a-c36d-4325-a744-4eef837c4b1b: nextIndex: updateUnconditionally 8 -> 7
2019-07-13 19:24:39,921 WARN  server.GrpcLogAppender (LogUtils.java:warn(134)) - 62184408-7eb2-4416-9ece-01a663426769->e3e59723-a214-489c-85bf-165f3068cc6d: Failed appendEntries: org.apache.ratis.thirdparty.io.grpc.StatusRuntimeException: UNAVAILABLE: io exception
2019-07-13 19:24:39,922 INFO  impl.FollowerInfo (FollowerInfo.java:lambda$new$0(50)) - 62184408-7eb2-4416-9ece-01a663426769->e3e59723-a214-489c-85bf-165f3068cc6d: nextIndex: updateUnconditionally 6 -> 5
2019-07-13 19:24:40,170 WARN  server.GrpcLogAppender (LogUtils.java:warn(134)) - 5acdc1a5-2360-4ed6-8079-db033c400996->ec61217a-c36d-4325-a744-4eef837c4b1b: Failed appendEntries: org.apache.ratis.thirdparty.io.grpc.StatusRuntimeException: UNAVAILABLE: io exception
2019-07-13 19:24:40,170 INFO  impl.FollowerInfo (FollowerInfo.java:lambda$new$0(50)) - 5acdc1a5-2360-4ed6-8079-db033c400996->ec61217a-c36d-4325-a744-4eef837c4b1b: nextIndex: updateUnconditionally 7 -> 6
2019-07-13 19:24:40,283 INFO  node.StaleNodeHandler (StaleNodeHandler.java:onMessage(58)) - Datanode eed5c648-ddd6-4c02-9f5e-b334fefb281b{ip: 192.168.69.122, host: trunk-nightly-fxqsz-774976932, networkLocation: /default-rack, certSerialId: null} moved to stale state. Finalizing its pipelines [PipelineID=b0e99ba0-15ad-49b4-b68c-82c50e8539b1, PipelineID=6c094641-98fa-427e-a755-a6073acebedf]
2019-07-13 19:24:40,283 INFO  pipeline.SCMPipelineManager (SCMPipelineManager.java:finalizeAndDestroyPipeline(309)) - destroying pipeline:Pipeline[ Id: b0e99ba0-15ad-49b4-b68c-82c50e8539b1, Nodes: 5acdc1a5-2360-4ed6-8079-db033c400996{ip: 192.168.69.122, host: trunk-nightly-fxqsz-774976932, networkLocation: /default-rack, certSerialId: null}eed5c648-ddd6-4c02-9f5e-b334fefb281b{ip: 192.168.69.122, host: trunk-nightly-fxqsz-774976932, networkLocation: /default-rack, certSerialId: null}ec61217a-c36d-4325-a744-4eef837c4b1b{ip: 192.168.69.122, host: trunk-nightly-fxqsz-774976932, networkLocation: /default-rack, certSerialId: null}, Type:RATIS, Factor:THREE, State:CLOSED]
2019-07-13 19:24:40,283 INFO  pipeline.SCMPipelineManager (SCMPipelineManager.java:finalizeAndDestroyPipeline(309)) - destroying pipeline:Pipeline[ Id: 6c094641-98fa-427e-a755-a6073acebedf, Nodes: eed5c648-ddd6-4c02-9f5e-b334fefb281b{ip: 192.168.69.122, host: trunk-nightly-fxqsz-774976932, networkLocation: /default-rack, certSerialId: null}, Type:RATIS, Factor:ONE, State:OPEN]
2019-07-13 19:24:40,283 INFO  pipeline.PipelineStateManager (PipelineStateManager.java:finalizePipeline(123)) - Pipeline Pipeline[ Id: 6c094641-98fa-427e-a755-a6073acebedf, Nodes: eed5c648-ddd6-4c02-9f5e-b334fefb281b{ip: 192.168.69.122, host: trunk-nightly-fxqsz-774976932, networkLocation: /default-rack, certSerialId: null}, Type:RATIS, Factor:ONE, State:CLOSED] moved to CLOSED state
2019-07-13 19:24:40,483 INFO  node.StaleNodeHandler (StaleNodeHandler.java:onMessage(58)) - Datanode fdb98542-434e-4b81-b826-43812cb55508{ip: 192.168.69.122, host: trunk-nightly-fxqsz-774976932, networkLocation: /default-rack, certSerialId: null} moved to stale state. Finalizing its pipelines [PipelineID=74e28484-6543-45c4-ac54-2310a8a00dd4, PipelineID=de39fa0f-c707-4664-9dd1-c1a7d5e36a89]
2019-07-13 19:24:40,483 INFO  pipeline.SCMPipelineManager (SCMPipelineManager.java:finalizeAndDestroyPipeline(309)) - destroying pipeline:Pipeline[ Id: 74e28484-6543-45c4-ac54-2310a8a00dd4, Nodes: 62184408-7eb2-4416-9ece-01a663426769{ip: 192.168.69.122, host: trunk-nightly-fxqsz-774976932, networkLocation: /default-rack, certSerialId: null}e3e59723-a214-489c-85bf-165f3068cc6d{ip: 192.168.69.122, host: trunk-nightly-fxqsz-774976932, networkLocation: /default-rack, certSerialId: null}fdb98542-434e-4b81-b826-43812cb55508{ip: 192.168.69.122, host: trunk-nightly-fxqsz-774976932, networkLocation: /default-rack, certSerialId: null}, Type:RATIS, Factor:THREE, State:CLOSED]
2019-07-13 19:24:40,483 INFO  pipeline.SCMPipelineManager (SCMPipelineManager.java:finalizeAndDestroyPipeline(309)) - destroying pipeline:Pipeline[ Id: de39fa0f-c707-4664-9dd1-c1a7d5e36a89, Nodes: fdb98542-434e-4b81-b826-43812cb55508{ip: 192.168.69.122, host: trunk-nightly-fxqsz-774976932, networkLocation: /default-rack, certSerialId: null}, Type:RATIS, Factor:ONE, State:OPEN]
2019-07-13 19:24:40,484 INFO  pipeline.PipelineStateManager (PipelineStateManager.java:finalizePipeline(123)) - Pipeline Pipeline[ Id: de39fa0f-c707-4664-9dd1-c1a7d5e36a89, Nodes: fdb98542-434e-4b81-b826-43812cb55508{ip: 192.168.69.122, host: trunk-nightly-fxqsz-774976932, networkLocation: /default-rack, certSerialId: null}, Type:RATIS, Factor:ONE, State:CLOSED] moved to CLOSED state
2019-07-13 19:24:40,652 INFO  ozoneimpl.OzoneContainer (OzoneContainer.java:stop(199)) - Attempting to stop container services.
2019-07-13 19:24:40,653 INFO  ozoneimpl.OzoneContainer (OzoneContainer.java:stop(199)) - Attempting to stop container services.
2019-07-13 19:24:40,653 INFO  impl.RaftServerProxy (RaftServerProxy.java:lambda$close$4(314)) - eed5c648-ddd6-4c02-9f5e-b334fefb281b: close
2019-07-13 19:24:40,653 INFO  impl.RaftServerProxy (RaftServerProxy.java:lambda$close$4(314)) - fdb98542-434e-4b81-b826-43812cb55508: close
2019-07-13 19:24:40,654 INFO  impl.RaftServerImpl (RaftServerImpl.java:lambda$shutdown$3(245)) - eed5c648-ddd6-4c02-9f5e-b334fefb281b: shutdown group-82C50E8539B1
2019-07-13 19:24:40,654 INFO  impl.RaftServerImpl (RaftServerImpl.java:lambda$shutdown$3(245)) - fdb98542-434e-4b81-b826-43812cb55508: shutdown group-2310A8A00DD4
2019-07-13 19:24:40,654 INFO  util.JmxRegister (JmxRegister.java:unregister(73)) - Successfully un-registered JMX Bean with object name Ratis:service=RaftServer,group=group-82C50E8539B1,id=eed5c648-ddd6-4c02-9f5e-b334fefb281b
2019-07-13 19:24:40,655 INFO  util.JmxRegister (JmxRegister.java:unregister(73)) - Successfully un-registered JMX Bean with object name Ratis:service=RaftServer,group=group-2310A8A00DD4,id=fdb98542-434e-4b81-b826-43812cb55508
2019-07-13 19:24:40,655 INFO  impl.RoleInfo (RoleInfo.java:shutdownFollowerState(121)) - eed5c648-ddd6-4c02-9f5e-b334fefb281b: shutdown FollowerState
2019-07-13 19:24:40,656 INFO  impl.StateMachineUpdater (StateMachineUpdater.java:stopAndJoin(115)) - StateMachineUpdater:eed5c648-ddd6-4c02-9f5e-b334fefb281b:group-82C50E8539B1: set stopIndex = 8
2019-07-13 19:24:40,655 INFO  impl.RoleInfo (RoleInfo.java:shutdownFollowerState(121)) - fdb98542-434e-4b81-b826-43812cb55508: shutdown FollowerState
2019-07-13 19:24:40,656 INFO  impl.FollowerState (FollowerState.java:run(114)) - eed5c648-ddd6-4c02-9f5e-b334fefb281b: FollowerState was interrupted: java.lang.InterruptedException: sleep interrupted
2019-07-13 19:24:40,657 INFO  impl.FollowerState (FollowerState.java:run(114)) - fdb98542-434e-4b81-b826-43812cb55508: FollowerState was interrupted: java.lang.InterruptedException: sleep interrupted
2019-07-13 19:24:40,656 INFO  ratis.ContainerStateMachine (ContainerStateMachine.java:takeSnapshot(246)) - Taking snapshot at termIndex:(t:1, i:7)
2019-07-13 19:24:40,662 INFO  ratis.ContainerStateMachine (ContainerStateMachine.java:takeSnapshot(250)) - Taking a snapshot to file /tmp/workdir/hadoop-ozone/integration-test/target/test-dir/MiniOzoneClusterImpl-4a0fc0af-9b4c-46e4-8239-469c87631420/datanode-3/data/ratis/b0e99ba0-15ad-49b4-b68c-82c50e8539b1/sm/snapshot.1_7
2019-07-13 19:24:40,657 INFO  ratis.ContainerStateMachine (ContainerStateMachine.java:takeSnapshot(246)) - Taking snapshot at termIndex:(t:1, i:7)
2019-07-13 19:24:40,662 INFO  ratis.ContainerStateMachine (ContainerStateMachine.java:takeSnapshot(250)) - Taking a snapshot to file /tmp/workdir/hadoop-ozone/integration-test/target/test-dir/MiniOzoneClusterImpl-4a0fc0af-9b4c-46e4-8239-469c87631420/datanode-2/data/ratis/74e28484-6543-45c4-ac54-2310a8a00dd4/sm/snapshot.1_7
2019-07-13 19:24:40,657 INFO  impl.StateMachineUpdater (StateMachineUpdater.java:stopAndJoin(115)) - StateMachineUpdater:fdb98542-434e-4b81-b826-43812cb55508:group-2310A8A00DD4: set stopIndex = 8
2019-07-13 19:24:40,663 INFO  impl.StateMachineUpdater (StateMachineUpdater.java:takeSnapshot(242)) - StateMachineUpdater:fdb98542-434e-4b81-b826-43812cb55508:group-2310A8A00DD4: Took a snapshot at index 7
2019-07-13 19:24:40,663 INFO  impl.StateMachineUpdater (StateMachineUpdater.java:takeSnapshot(242)) - StateMachineUpdater:eed5c648-ddd6-4c02-9f5e-b334fefb281b:group-82C50E8539B1: Took a snapshot at index 7
2019-07-13 19:24:40,663 INFO  impl.StateMachineUpdater (StateMachineUpdater.java:lambda$new$0(80)) - StateMachineUpdater:fdb98542-434e-4b81-b826-43812cb55508:group-2310A8A00DD4: snapshotIndex: updateIncreasingly -1 -> 7
2019-07-13 19:24:40,663 INFO  impl.StateMachineUpdater (StateMachineUpdater.java:lambda$new$0(80)) - StateMachineUpdater:eed5c648-ddd6-4c02-9f5e-b334fefb281b:group-82C50E8539B1: snapshotIndex: updateIncreasingly -1 -> 7
2019-07-13 19:24:40,663 INFO  impl.RaftServerImpl (ServerState.java:close(394)) - fdb98542-434e-4b81-b826-43812cb55508:group-2310A8A00DD4 closes. The last applied log index is 8
2019-07-13 19:24:40,664 INFO  impl.RaftServerImpl (ServerState.java:close(394)) - eed5c648-ddd6-4c02-9f5e-b334fefb281b:group-82C50E8539B1 closes. The last applied log index is 8
2019-07-13 19:24:40,664 INFO  segmented.SegmentedRaftLogWorker (SegmentedRaftLogWorker.java:run(313)) - fdb98542-434e-4b81-b826-43812cb55508-SegmentedRaftLogWorker:Storage Directory /tmp/workdir/hadoop-ozone/integration-test/target/test-dir/MiniOzoneClusterImpl-4a0fc0af-9b4c-46e4-8239-469c87631420/datanode-2/data/ratis/74e28484-6543-45c4-ac54-2310a8a00dd4 was interrupted, exiting. There are 0 tasks remaining in the queue.
2019-07-13 19:24:40,664 INFO  segmented.SegmentedRaftLogWorker (SegmentedRaftLogWorker.java:run(313)) - eed5c648-ddd6-4c02-9f5e-b334fefb281b-SegmentedRaftLogWorker:Storage Directory /tmp/workdir/hadoop-ozone/integration-test/target/test-dir/MiniOzoneClusterImpl-4a0fc0af-9b4c-46e4-8239-469c87631420/datanode-3/data/ratis/b0e99ba0-15ad-49b4-b68c-82c50e8539b1 was interrupted, exiting. There are 0 tasks remaining in the queue.
2019-07-13 19:24:40,666 INFO  segmented.SegmentedRaftLogWorker (SegmentedRaftLogWorker.java:close(228)) - fdb98542-434e-4b81-b826-43812cb55508-SegmentedRaftLogWorker:Storage Directory /tmp/workdir/hadoop-ozone/integration-test/target/test-dir/MiniOzoneClusterImpl-4a0fc0af-9b4c-46e4-8239-469c87631420/datanode-2/data/ratis/74e28484-6543-45c4-ac54-2310a8a00dd4 close()
2019-07-13 19:24:40,668 INFO  segmented.SegmentedRaftLogWorker (SegmentedRaftLogWorker.java:close(228)) - eed5c648-ddd6-4c02-9f5e-b334fefb281b-SegmentedRaftLogWorker:Storage Directory /tmp/workdir/hadoop-ozone/integration-test/target/test-dir/MiniOzoneClusterImpl-4a0fc0af-9b4c-46e4-8239-469c87631420/datanode-3/data/ratis/b0e99ba0-15ad-49b4-b68c-82c50e8539b1 close()
2019-07-13 19:24:40,673 INFO  impl.RaftServerImpl (RaftServerImpl.java:lambda$shutdown$3(245)) - fdb98542-434e-4b81-b826-43812cb55508: shutdown group-C1A7D5E36A89
2019-07-13 19:24:40,677 INFO  impl.RaftServerImpl (RaftServerImpl.java:lambda$shutdown$3(245)) - eed5c648-ddd6-4c02-9f5e-b334fefb281b: shutdown group-A6073ACEBEDF
2019-07-13 19:24:40,677 INFO  util.JmxRegister (JmxRegister.java:unregister(73)) - Successfully un-registered JMX Bean with object name Ratis:service=RaftServer,group=group-C1A7D5E36A89,id=fdb98542-434e-4b81-b826-43812cb55508
2019-07-13 19:24:40,678 INFO  util.JmxRegister (JmxRegister.java:unregister(73)) - Successfully un-registered JMX Bean with object name Ratis:service=RaftServer,group=group-A6073ACEBEDF,id=eed5c648-ddd6-4c02-9f5e-b334fefb281b
2019-07-13 19:24:40,678 INFO  impl.RoleInfo (RoleInfo.java:shutdownLeaderState(104)) - fdb98542-434e-4b81-b826-43812cb55508: shutdown LeaderState
2019-07-13 19:24:40,678 INFO  impl.RoleInfo (RoleInfo.java:shutdownLeaderState(104)) - eed5c648-ddd6-4c02-9f5e-b334fefb281b: shutdown LeaderState
2019-07-13 19:24:40,679 INFO  impl.PendingRequests (PendingRequests.java:sendNotLeaderResponses(202)) - fdb98542-434e-4b81-b826-43812cb55508-PendingRequests: sendNotLeaderResponses
2019-07-13 19:24:40,679 INFO  impl.PendingRequests (PendingRequests.java:sendNotLeaderResponses(202)) - eed5c648-ddd6-4c02-9f5e-b334fefb281b-PendingRequests: sendNotLeaderResponses
2019-07-13 19:24:40,679 INFO  ratis.ContainerStateMachine (ContainerStateMachine.java:takeSnapshot(246)) - Taking snapshot at termIndex:(t:0, i:~)
2019-07-13 19:24:40,679 INFO  impl.StateMachineUpdater (StateMachineUpdater.java:stopAndJoin(115)) - StateMachineUpdater:fdb98542-434e-4b81-b826-43812cb55508:group-C1A7D5E36A89: set stopIndex = 0
2019-07-13 19:24:40,680 INFO  impl.RaftServerImpl (ServerState.java:close(394)) - fdb98542-434e-4b81-b826-43812cb55508:group-C1A7D5E36A89 closes. The last applied log index is 0
2019-07-13 19:24:40,680 INFO  ratis.ContainerStateMachine (ContainerStateMachine.java:takeSnapshot(246)) - Taking snapshot at termIndex:(t:0, i:~)
2019-07-13 19:24:40,680 INFO  impl.StateMachineUpdater (StateMachineUpdater.java:stopAndJoin(115)) - StateMachineUpdater:eed5c648-ddd6-4c02-9f5e-b334fefb281b:group-A6073ACEBEDF: set stopIndex = 0
2019-07-13 19:24:40,681 INFO  impl.RaftServerImpl (ServerState.java:close(394)) - eed5c648-ddd6-4c02-9f5e-b334fefb281b:group-A6073ACEBEDF closes. The last applied log index is 0
2019-07-13 19:24:40,680 INFO  segmented.SegmentedRaftLogWorker (SegmentedRaftLogWorker.java:run(313)) - fdb98542-434e-4b81-b826-43812cb55508-SegmentedRaftLogWorker:Storage Directory /tmp/workdir/hadoop-ozone/integration-test/target/test-dir/MiniOzoneClusterImpl-4a0fc0af-9b4c-46e4-8239-469c87631420/datanode-2/data/ratis/de39fa0f-c707-4664-9dd1-c1a7d5e36a89 was interrupted, exiting. There are 0 tasks remaining in the queue.
2019-07-13 19:24:40,681 INFO  segmented.SegmentedRaftLogWorker (SegmentedRaftLogWorker.java:run(313)) - eed5c648-ddd6-4c02-9f5e-b334fefb281b-SegmentedRaftLogWorker:Storage Directory /tmp/workdir/hadoop-ozone/integration-test/target/test-dir/MiniOzoneClusterImpl-4a0fc0af-9b4c-46e4-8239-469c87631420/datanode-3/data/ratis/6c094641-98fa-427e-a755-a6073acebedf was interrupted, exiting. There are 0 tasks remaining in the queue.
2019-07-13 19:24:40,684 INFO  segmented.SegmentedRaftLogWorker (SegmentedRaftLogWorker.java:close(228)) - fdb98542-434e-4b81-b826-43812cb55508-SegmentedRaftLogWorker:Storage Directory /tmp/workdir/hadoop-ozone/integration-test/target/test-dir/MiniOzoneClusterImpl-4a0fc0af-9b4c-46e4-8239-469c87631420/datanode-2/data/ratis/de39fa0f-c707-4664-9dd1-c1a7d5e36a89 close()
2019-07-13 19:24:40,686 INFO  segmented.SegmentedRaftLogWorker (SegmentedRaftLogWorker.java:close(228)) - eed5c648-ddd6-4c02-9f5e-b334fefb281b-SegmentedRaftLogWorker:Storage Directory /tmp/workdir/hadoop-ozone/integration-test/target/test-dir/MiniOzoneClusterImpl-4a0fc0af-9b4c-46e4-8239-469c87631420/datanode-3/data/ratis/6c094641-98fa-427e-a755-a6073acebedf close()
2019-07-13 19:24:40,695 INFO  server.GrpcService (GrpcService.java:closeImpl(155)) - fdb98542-434e-4b81-b826-43812cb55508: shutdown server with port 33118 now
2019-07-13 19:24:40,696 INFO  server.GrpcService (GrpcService.java:closeImpl(155)) - eed5c648-ddd6-4c02-9f5e-b334fefb281b: shutdown server with port 33402 now
2019-07-13 19:24:40,697 WARN  server.GrpcServerProtocolService (LogUtils.java:warn(134)) - fdb98542-434e-4b81-b826-43812cb55508: appendEntries onError: org.apache.ratis.thirdparty.io.grpc.StatusRuntimeException: CANCELLED: cancelled before receiving half close
2019-07-13 19:24:40,697 INFO  server.GrpcService (GrpcService.java:closeImpl(163)) - fdb98542-434e-4b81-b826-43812cb55508: shutdown server with port 33118 successfully
2019-07-13 19:24:40,697 WARN  server.GrpcServerProtocolService (LogUtils.java:warn(134)) - eed5c648-ddd6-4c02-9f5e-b334fefb281b: appendEntries onError: org.apache.ratis.thirdparty.io.grpc.StatusRuntimeException: CANCELLED: cancelled before receiving half close
2019-07-13 19:24:40,698 WARN  server.GrpcLogAppender (LogUtils.java:warn(134)) - 5acdc1a5-2360-4ed6-8079-db033c400996->eed5c648-ddd6-4c02-9f5e-b334fefb281b: Failed appendEntries: org.apache.ratis.thirdparty.io.grpc.StatusRuntimeException: CANCELLED: HTTP/2 error code: CANCEL
Received Rst Stream
2019-07-13 19:24:40,698 INFO  server.GrpcService (GrpcService.java:closeImpl(163)) - eed5c648-ddd6-4c02-9f5e-b334fefb281b: shutdown server with port 33402 successfully
2019-07-13 19:24:40,699 INFO  utils.BackgroundService (BackgroundService.java:shutdown(148)) - Shutting down service BlockDeletingService
2019-07-13 19:24:40,698 WARN  server.GrpcLogAppender (LogUtils.java:warn(134)) - 62184408-7eb2-4416-9ece-01a663426769->fdb98542-434e-4b81-b826-43812cb55508: Failed appendEntries: org.apache.ratis.thirdparty.io.grpc.StatusRuntimeException: CANCELLED: HTTP/2 error code: CANCEL
Received Rst Stream
2019-07-13 19:24:40,698 INFO  impl.FollowerInfo (FollowerInfo.java:lambda$new$0(50)) - 5acdc1a5-2360-4ed6-8079-db033c400996->eed5c648-ddd6-4c02-9f5e-b334fefb281b: nextIndex: updateUnconditionally 9 -> 8
2019-07-13 19:24:40,699 INFO  impl.FollowerInfo (FollowerInfo.java:lambda$new$0(50)) - 62184408-7eb2-4416-9ece-01a663426769->fdb98542-434e-4b81-b826-43812cb55508: nextIndex: updateUnconditionally 9 -> 8
2019-07-13 19:24:40,700 INFO  utils.BackgroundService (BackgroundService.java:shutdown(148)) - Shutting down service BlockDeletingService
2019-07-13 19:24:40,700 WARN  fs.CachingGetSpaceUsed (CachingGetSpaceUsed.java:run(183)) - Thread Interrupted waiting to refresh disk information: sleep interrupted
2019-07-13 19:24:40,701 WARN  fs.CachingGetSpaceUsed (CachingGetSpaceUsed.java:run(183)) - Thread Interrupted waiting to refresh disk information: sleep interrupted
2019-07-13 19:24:40,721 INFO  statemachine.DatanodeStateMachine (DatanodeStateMachine.java:stopDaemon(395)) - Ozone container server stopped.
2019-07-13 19:24:40,722 INFO  handler.ContextHandler (ContextHandler.java:doStop(910)) - Stopped o.e.j.w.WebAppContext@1933e1dc{/,null,UNAVAILABLE}{/hddsDatanode}
2019-07-13 19:24:40,723 INFO  server.AbstractConnector (AbstractConnector.java:doStop(318)) - Stopped ServerConnector@53963f8e{HTTP/1.1,[http/1.1]}{0.0.0.0:0}
2019-07-13 19:24:40,723 INFO  handler.ContextHandler (ContextHandler.java:doStop(910)) - Stopped o.e.j.s.ServletContextHandler@6325ef80{/static,jar:file:/home/user/.m2/repository/org/apache/hadoop/hadoop-hdds-container-service/0.5.0-SNAPSHOT/hadoop-hdds-container-service-0.5.0-SNAPSHOT.jar!/webapps/static,UNAVAILABLE}
2019-07-13 19:24:40,723 INFO  handler.ContextHandler (ContextHandler.java:doStop(910)) - Stopped o.e.j.s.ServletContextHandler@2b7e2212{/logs,file:///tmp/workdir/hadoop-ozone/integration-test/target/log,UNAVAILABLE}
2019-07-13 19:24:40,727 INFO  statemachine.DatanodeStateMachine (DatanodeStateMachine.java:stopDaemon(395)) - Ozone container server stopped.
2019-07-13 19:24:40,732 INFO  handler.ContextHandler (ContextHandler.java:doStop(910)) - Stopped o.e.j.w.WebAppContext@31a65ddd{/,null,UNAVAILABLE}{/hddsDatanode}
2019-07-13 19:24:40,732 INFO  datanode.ObjectStoreHandler (ObjectStoreHandler.java:close(155)) - Closing ObjectStoreHandler.
2019-07-13 19:24:40,733 INFO  ozone.HddsDatanodeService (HddsDatanodeService.java:stop(452)) - Stopped plug-in org.apache.hadoop.ozone.web.OzoneHddsDatanodeService@5fada492
2019-07-13 19:24:40,733 INFO  server.AbstractConnector (AbstractConnector.java:doStop(318)) - Stopped ServerConnector@3ca1a69b{HTTP/1.1,[http/1.1]}{0.0.0.0:0}
2019-07-13 19:24:40,735 INFO  handler.ContextHandler (ContextHandler.java:doStop(910)) - Stopped o.e.j.s.ServletContextHandler@33d9904f{/static,jar:file:/home/user/.m2/repository/org/apache/hadoop/hadoop-hdds-container-service/0.5.0-SNAPSHOT/hadoop-hdds-container-service-0.5.0-SNAPSHOT.jar!/webapps/static,UNAVAILABLE}
2019-07-13 19:24:40,736 INFO  handler.ContextHandler (ContextHandler.java:doStop(910)) - Stopped o.e.j.s.ServletContextHandler@68ae86a2{/logs,file:///tmp/workdir/hadoop-ozone/integration-test/target/log,UNAVAILABLE}
2019-07-13 19:24:40,737 INFO  datanode.ObjectStoreHandler (ObjectStoreHandler.java:close(155)) - Closing ObjectStoreHandler.
2019-07-13 19:24:40,737 INFO  ozone.HddsDatanodeService (HddsDatanodeService.java:stop(452)) - Stopped plug-in org.apache.hadoop.ozone.web.OzoneHddsDatanodeService@6cee6eb7
2019-07-13 19:24:41,315 INFO  statemachine.DatanodeStateMachine (DatanodeStateMachine.java:lambda$startDaemon$0(350)) - Ozone container server started.
2019-07-13 19:24:41,439 INFO  statemachine.DatanodeStateMachine (DatanodeStateMachine.java:lambda$startDaemon$0(350)) - Ozone container server started.
2019-07-13 19:24:42,422 WARN  server.GrpcLogAppender (LogUtils.java:warn(134)) - 62184408-7eb2-4416-9ece-01a663426769->e3e59723-a214-489c-85bf-165f3068cc6d: Failed appendEntries: org.apache.ratis.thirdparty.io.grpc.StatusRuntimeException: UNAVAILABLE: io exception
2019-07-13 19:24:42,422 INFO  impl.FollowerInfo (FollowerInfo.java:lambda$new$0(50)) - 62184408-7eb2-4416-9ece-01a663426769->e3e59723-a214-489c-85bf-165f3068cc6d: nextIndex: updateUnconditionally 5 -> 4
2019-07-13 19:24:42,423 WARN  server.GrpcLogAppender (LogUtils.java:warn(134)) - 62184408-7eb2-4416-9ece-01a663426769->fdb98542-434e-4b81-b826-43812cb55508: Failed appendEntries: org.apache.ratis.thirdparty.io.grpc.StatusRuntimeException: UNAVAILABLE: io exception
2019-07-13 19:24:42,423 INFO  impl.FollowerInfo (FollowerInfo.java:lambda$new$0(50)) - 62184408-7eb2-4416-9ece-01a663426769->fdb98542-434e-4b81-b826-43812cb55508: nextIndex: updateUnconditionally 8 -> 7
2019-07-13 19:24:42,672 WARN  server.GrpcLogAppender (LogUtils.java:warn(134)) - 5acdc1a5-2360-4ed6-8079-db033c400996->ec61217a-c36d-4325-a744-4eef837c4b1b: Failed appendEntries: org.apache.ratis.thirdparty.io.grpc.StatusRuntimeException: UNAVAILABLE: io exception
2019-07-13 19:24:42,672 WARN  server.GrpcLogAppender (LogUtils.java:warn(134)) - 5acdc1a5-2360-4ed6-8079-db033c400996->eed5c648-ddd6-4c02-9f5e-b334fefb281b: Failed appendEntries: org.apache.ratis.thirdparty.io.grpc.StatusRuntimeException: UNAVAILABLE: io exception
2019-07-13 19:24:42,672 INFO  impl.FollowerInfo (FollowerInfo.java:lambda$new$0(50)) - 5acdc1a5-2360-4ed6-8079-db033c400996->ec61217a-c36d-4325-a744-4eef837c4b1b: nextIndex: updateUnconditionally 6 -> 5
2019-07-13 19:24:42,673 INFO  impl.FollowerInfo (FollowerInfo.java:lambda$new$0(50)) - 5acdc1a5-2360-4ed6-8079-db033c400996->eed5c648-ddd6-4c02-9f5e-b334fefb281b: nextIndex: updateUnconditionally 8 -> 7
2019-07-13 19:24:44,923 WARN  server.GrpcLogAppender (LogUtils.java:warn(134)) - 62184408-7eb2-4416-9ece-01a663426769->e3e59723-a214-489c-85bf-165f3068cc6d: Failed appendEntries: org.apache.ratis.thirdparty.io.grpc.StatusRuntimeException: UNAVAILABLE: io exception
2019-07-13 19:24:44,923 INFO  impl.FollowerInfo (FollowerInfo.java:lambda$new$0(50)) - 62184408-7eb2-4416-9ece-01a663426769->e3e59723-a214-489c-85bf-165f3068cc6d: nextIndex: updateUnconditionally 4 -> 3
2019-07-13 19:24:44,923 WARN  server.GrpcLogAppender (LogUtils.java:warn(134)) - 62184408-7eb2-4416-9ece-01a663426769->fdb98542-434e-4b81-b826-43812cb55508: Failed appendEntries: org.apache.ratis.thirdparty.io.grpc.StatusRuntimeException: UNAVAILABLE: io exception
2019-07-13 19:24:44,924 INFO  impl.FollowerInfo (FollowerInfo.java:lambda$new$0(50)) - 62184408-7eb2-4416-9ece-01a663426769->fdb98542-434e-4b81-b826-43812cb55508: nextIndex: updateUnconditionally 7 -> 6
2019-07-13 19:24:45,172 WARN  server.GrpcLogAppender (LogUtils.java:warn(134)) - 5acdc1a5-2360-4ed6-8079-db033c400996->ec61217a-c36d-4325-a744-4eef837c4b1b: Failed appendEntries: org.apache.ratis.thirdparty.io.grpc.StatusRuntimeException: UNAVAILABLE: io exception
2019-07-13 19:24:45,173 INFO  impl.FollowerInfo (FollowerInfo.java:lambda$new$0(50)) - 5acdc1a5-2360-4ed6-8079-db033c400996->ec61217a-c36d-4325-a744-4eef837c4b1b: nextIndex: updateUnconditionally 5 -> 4
2019-07-13 19:24:45,173 WARN  server.GrpcLogAppender (LogUtils.java:warn(134)) - 5acdc1a5-2360-4ed6-8079-db033c400996->eed5c648-ddd6-4c02-9f5e-b334fefb281b: Failed appendEntries: org.apache.ratis.thirdparty.io.grpc.StatusRuntimeException: UNAVAILABLE: io exception
2019-07-13 19:24:45,174 INFO  impl.FollowerInfo (FollowerInfo.java:lambda$new$0(50)) - 5acdc1a5-2360-4ed6-8079-db033c400996->eed5c648-ddd6-4c02-9f5e-b334fefb281b: nextIndex: updateUnconditionally 7 -> 6
2019-07-13 19:24:45,391 INFO  node.StaleNodeHandler (StaleNodeHandler.java:onMessage(58)) - Datanode 386e0f33-33d7-4881-a1d9-368b4483c00b{ip: 192.168.69.122, host: trunk-nightly-fxqsz-774976932, networkLocation: /default-rack, certSerialId: null} moved to stale state. Finalizing its pipelines [PipelineID=8e5788f1-17a6-4b99-8eae-e3ca9d66862e]
2019-07-13 19:24:45,391 INFO  pipeline.SCMPipelineManager (SCMPipelineManager.java:finalizeAndDestroyPipeline(309)) - destroying pipeline:Pipeline[ Id: 8e5788f1-17a6-4b99-8eae-e3ca9d66862e, Nodes: 386e0f33-33d7-4881-a1d9-368b4483c00b{ip: 192.168.69.122, host: trunk-nightly-fxqsz-774976932, networkLocation: /default-rack, certSerialId: null}, Type:RATIS, Factor:ONE, State:OPEN]
2019-07-13 19:24:45,392 INFO  pipeline.PipelineStateManager (PipelineStateManager.java:finalizePipeline(123)) - Pipeline Pipeline[ Id: 8e5788f1-17a6-4b99-8eae-e3ca9d66862e, Nodes: 386e0f33-33d7-4881-a1d9-368b4483c00b{ip: 192.168.69.122, host: trunk-nightly-fxqsz-774976932, networkLocation: /default-rack, certSerialId: null}, Type:RATIS, Factor:ONE, State:CLOSED] moved to CLOSED state
2019-07-13 19:24:45,491 INFO  node.StaleNodeHandler (StaleNodeHandler.java:onMessage(58)) - Datanode 62184408-7eb2-4416-9ece-01a663426769{ip: 192.168.69.122, host: trunk-nightly-fxqsz-774976932, networkLocation: /default-rack, certSerialId: null} moved to stale state. Finalizing its pipelines [PipelineID=74e28484-6543-45c4-ac54-2310a8a00dd4, PipelineID=cbd7d263-de2d-4795-a1eb-ffc1ecaa9fc2]
2019-07-13 19:24:45,491 INFO  pipeline.SCMPipelineManager (SCMPipelineManager.java:finalizeAndDestroyPipeline(309)) - destroying pipeline:Pipeline[ Id: 74e28484-6543-45c4-ac54-2310a8a00dd4, Nodes: 62184408-7eb2-4416-9ece-01a663426769{ip: 192.168.69.122, host: trunk-nightly-fxqsz-774976932, networkLocation: /default-rack, certSerialId: null}e3e59723-a214-489c-85bf-165f3068cc6d{ip: 192.168.69.122, host: trunk-nightly-fxqsz-774976932, networkLocation: /default-rack, certSerialId: null}fdb98542-434e-4b81-b826-43812cb55508{ip: 192.168.69.122, host: trunk-nightly-fxqsz-774976932, networkLocation: /default-rack, certSerialId: null}, Type:RATIS, Factor:THREE, State:CLOSED]
2019-07-13 19:24:45,492 INFO  pipeline.SCMPipelineManager (SCMPipelineManager.java:finalizeAndDestroyPipeline(309)) - destroying pipeline:Pipeline[ Id: cbd7d263-de2d-4795-a1eb-ffc1ecaa9fc2, Nodes: 62184408-7eb2-4416-9ece-01a663426769{ip: 192.168.69.122, host: trunk-nightly-fxqsz-774976932, networkLocation: /default-rack, certSerialId: null}, Type:RATIS, Factor:ONE, State:OPEN]
2019-07-13 19:24:45,492 INFO  pipeline.PipelineStateManager (PipelineStateManager.java:finalizePipeline(123)) - Pipeline Pipeline[ Id: cbd7d263-de2d-4795-a1eb-ffc1ecaa9fc2, Nodes: 62184408-7eb2-4416-9ece-01a663426769{ip: 192.168.69.122, host: trunk-nightly-fxqsz-774976932, networkLocation: /default-rack, certSerialId: null}, Type:RATIS, Factor:ONE, State:CLOSED] moved to CLOSED state
2019-07-13 19:24:45,735 INFO  ozoneimpl.OzoneContainer (OzoneContainer.java:stop(199)) - Attempting to stop container services.
2019-07-13 19:24:45,736 INFO  impl.RaftServerProxy (RaftServerProxy.java:lambda$close$4(314)) - 386e0f33-33d7-4881-a1d9-368b4483c00b: close
2019-07-13 19:24:45,736 INFO  impl.RaftServerImpl (RaftServerImpl.java:lambda$shutdown$3(245)) - 386e0f33-33d7-4881-a1d9-368b4483c00b: shutdown group-E3CA9D66862E
2019-07-13 19:24:45,737 INFO  util.JmxRegister (JmxRegister.java:unregister(73)) - Successfully un-registered JMX Bean with object name Ratis:service=RaftServer,group=group-E3CA9D66862E,id=386e0f33-33d7-4881-a1d9-368b4483c00b
2019-07-13 19:24:45,737 INFO  impl.RoleInfo (RoleInfo.java:shutdownLeaderState(104)) - 386e0f33-33d7-4881-a1d9-368b4483c00b: shutdown LeaderState
2019-07-13 19:24:45,737 INFO  impl.PendingRequests (PendingRequests.java:sendNotLeaderResponses(202)) - 386e0f33-33d7-4881-a1d9-368b4483c00b-PendingRequests: sendNotLeaderResponses
2019-07-13 19:24:45,737 INFO  ozoneimpl.OzoneContainer (OzoneContainer.java:stop(199)) - Attempting to stop container services.
2019-07-13 19:24:45,738 INFO  ratis.ContainerStateMachine (ContainerStateMachine.java:takeSnapshot(246)) - Taking snapshot at termIndex:(t:0, i:~)
2019-07-13 19:24:45,738 INFO  impl.StateMachineUpdater (StateMachineUpdater.java:stopAndJoin(115)) - StateMachineUpdater:386e0f33-33d7-4881-a1d9-368b4483c00b:group-E3CA9D66862E: set stopIndex = 0
2019-07-13 19:24:45,739 INFO  impl.RaftServerImpl (ServerState.java:close(394)) - 386e0f33-33d7-4881-a1d9-368b4483c00b:group-E3CA9D66862E closes. The last applied log index is 0
2019-07-13 19:24:45,738 INFO  impl.RaftServerProxy (RaftServerProxy.java:lambda$close$4(314)) - 62184408-7eb2-4416-9ece-01a663426769: close
2019-07-13 19:24:45,739 INFO  segmented.SegmentedRaftLogWorker (SegmentedRaftLogWorker.java:run(313)) - 386e0f33-33d7-4881-a1d9-368b4483c00b-SegmentedRaftLogWorker:Storage Directory /tmp/workdir/hadoop-ozone/integration-test/target/test-dir/MiniOzoneClusterImpl-4a0fc0af-9b4c-46e4-8239-469c87631420/datanode-6/data/ratis/8e5788f1-17a6-4b99-8eae-e3ca9d66862e was interrupted, exiting. There are 0 tasks remaining in the queue.
2019-07-13 19:24:45,739 INFO  impl.RaftServerImpl (RaftServerImpl.java:lambda$shutdown$3(245)) - 62184408-7eb2-4416-9ece-01a663426769: shutdown group-2310A8A00DD4
2019-07-13 19:24:45,742 INFO  segmented.SegmentedRaftLogWorker (SegmentedRaftLogWorker.java:close(228)) - 386e0f33-33d7-4881-a1d9-368b4483c00b-SegmentedRaftLogWorker:Storage Directory /tmp/workdir/hadoop-ozone/integration-test/target/test-dir/MiniOzoneClusterImpl-4a0fc0af-9b4c-46e4-8239-469c87631420/datanode-6/data/ratis/8e5788f1-17a6-4b99-8eae-e3ca9d66862e close()
2019-07-13 19:24:45,742 INFO  util.JmxRegister (JmxRegister.java:unregister(73)) - Successfully un-registered JMX Bean with object name Ratis:service=RaftServer,group=group-2310A8A00DD4,id=62184408-7eb2-4416-9ece-01a663426769
2019-07-13 19:24:45,744 INFO  server.GrpcService (GrpcService.java:closeImpl(155)) - 386e0f33-33d7-4881-a1d9-368b4483c00b: shutdown server with port 37201 now
2019-07-13 19:24:45,744 INFO  impl.RoleInfo (RoleInfo.java:shutdownLeaderState(104)) - 62184408-7eb2-4416-9ece-01a663426769: shutdown LeaderState
2019-07-13 19:24:45,745 INFO  server.GrpcService (GrpcService.java:closeImpl(163)) - 386e0f33-33d7-4881-a1d9-368b4483c00b: shutdown server with port 37201 successfully
2019-07-13 19:24:45,748 WARN  server.GrpcLogAppender (GrpcLogAppender.java:mayWait(143)) - GrpcLogAppender(62184408-7eb2-4416-9ece-01a663426769->fdb98542-434e-4b81-b826-43812cb55508): Wait interrupted by java.lang.InterruptedException
2019-07-13 19:24:45,748 INFO  impl.PendingRequests (PendingRequests.java:sendNotLeaderResponses(202)) - 62184408-7eb2-4416-9ece-01a663426769-PendingRequests: sendNotLeaderResponses
2019-07-13 19:24:45,748 WARN  server.GrpcLogAppender (GrpcLogAppender.java:mayWait(143)) - GrpcLogAppender(62184408-7eb2-4416-9ece-01a663426769->e3e59723-a214-489c-85bf-165f3068cc6d): Wait interrupted by java.lang.InterruptedException
2019-07-13 19:24:45,753 INFO  impl.StateMachineUpdater (StateMachineUpdater.java:stopAndJoin(115)) - StateMachineUpdater:62184408-7eb2-4416-9ece-01a663426769:group-2310A8A00DD4: set stopIndex = 8
2019-07-13 19:24:45,753 INFO  utils.BackgroundService (BackgroundService.java:shutdown(148)) - Shutting down service BlockDeletingService
2019-07-13 19:24:45,753 INFO  ratis.ContainerStateMachine (ContainerStateMachine.java:takeSnapshot(246)) - Taking snapshot at termIndex:(t:1, i:8)
2019-07-13 19:24:45,754 INFO  ratis.ContainerStateMachine (ContainerStateMachine.java:takeSnapshot(250)) - Taking a snapshot to file /tmp/workdir/hadoop-ozone/integration-test/target/test-dir/MiniOzoneClusterImpl-4a0fc0af-9b4c-46e4-8239-469c87631420/datanode-0/data/ratis/74e28484-6543-45c4-ac54-2310a8a00dd4/sm/snapshot.1_8
2019-07-13 19:24:45,754 INFO  impl.StateMachineUpdater (StateMachineUpdater.java:takeSnapshot(242)) - StateMachineUpdater:62184408-7eb2-4416-9ece-01a663426769:group-2310A8A00DD4: Took a snapshot at index 8
2019-07-13 19:24:45,754 INFO  impl.StateMachineUpdater (StateMachineUpdater.java:lambda$new$0(80)) - StateMachineUpdater:62184408-7eb2-4416-9ece-01a663426769:group-2310A8A00DD4: snapshotIndex: updateIncreasingly -1 -> 8
2019-07-13 19:24:45,755 INFO  impl.RaftServerImpl (ServerState.java:close(394)) - 62184408-7eb2-4416-9ece-01a663426769:group-2310A8A00DD4 closes. The last applied log index is 8
2019-07-13 19:24:45,755 INFO  segmented.SegmentedRaftLogWorker (SegmentedRaftLogWorker.java:run(313)) - 62184408-7eb2-4416-9ece-01a663426769-SegmentedRaftLogWorker:Storage Directory /tmp/workdir/hadoop-ozone/integration-test/target/test-dir/MiniOzoneClusterImpl-4a0fc0af-9b4c-46e4-8239-469c87631420/datanode-0/data/ratis/74e28484-6543-45c4-ac54-2310a8a00dd4 was interrupted, exiting. There are 0 tasks remaining in the queue.
2019-07-13 19:24:45,757 WARN  fs.CachingGetSpaceUsed (CachingGetSpaceUsed.java:run(183)) - Thread Interrupted waiting to refresh disk information: sleep interrupted
2019-07-13 19:24:45,757 INFO  segmented.SegmentedRaftLogWorker (SegmentedRaftLogWorker.java:close(228)) - 62184408-7eb2-4416-9ece-01a663426769-SegmentedRaftLogWorker:Storage Directory /tmp/workdir/hadoop-ozone/integration-test/target/test-dir/MiniOzoneClusterImpl-4a0fc0af-9b4c-46e4-8239-469c87631420/datanode-0/data/ratis/74e28484-6543-45c4-ac54-2310a8a00dd4 close()
2019-07-13 19:24:45,765 INFO  impl.RaftServerImpl (RaftServerImpl.java:lambda$shutdown$3(245)) - 62184408-7eb2-4416-9ece-01a663426769: shutdown group-FFC1ECAA9FC2
2019-07-13 19:24:45,765 INFO  util.JmxRegister (JmxRegister.java:unregister(73)) - Successfully un-registered JMX Bean with object name Ratis:service=RaftServer,group=group-FFC1ECAA9FC2,id=62184408-7eb2-4416-9ece-01a663426769
2019-07-13 19:24:45,765 INFO  impl.RoleInfo (RoleInfo.java:shutdownLeaderState(104)) - 62184408-7eb2-4416-9ece-01a663426769: shutdown LeaderState
2019-07-13 19:24:45,765 INFO  impl.PendingRequests (PendingRequests.java:sendNotLeaderResponses(202)) - 62184408-7eb2-4416-9ece-01a663426769-PendingRequests: sendNotLeaderResponses
2019-07-13 19:24:45,766 INFO  impl.StateMachineUpdater (StateMachineUpdater.java:stopAndJoin(115)) - StateMachineUpdater:62184408-7eb2-4416-9ece-01a663426769:group-FFC1ECAA9FC2: set stopIndex = 0
2019-07-13 19:24:45,766 INFO  ratis.ContainerStateMachine (ContainerStateMachine.java:takeSnapshot(246)) - Taking snapshot at termIndex:(t:0, i:~)
2019-07-13 19:24:45,766 INFO  impl.RaftServerImpl (ServerState.java:close(394)) - 62184408-7eb2-4416-9ece-01a663426769:group-FFC1ECAA9FC2 closes. The last applied log index is 0
2019-07-13 19:24:45,767 INFO  segmented.SegmentedRaftLogWorker (SegmentedRaftLogWorker.java:run(313)) - 62184408-7eb2-4416-9ece-01a663426769-SegmentedRaftLogWorker:Storage Directory /tmp/workdir/hadoop-ozone/integration-test/target/test-dir/MiniOzoneClusterImpl-4a0fc0af-9b4c-46e4-8239-469c87631420/datanode-0/data/ratis/cbd7d263-de2d-4795-a1eb-ffc1ecaa9fc2 was interrupted, exiting. There are 0 tasks remaining in the queue.
2019-07-13 19:24:45,767 INFO  segmented.SegmentedRaftLogWorker (SegmentedRaftLogWorker.java:close(228)) - 62184408-7eb2-4416-9ece-01a663426769-SegmentedRaftLogWorker:Storage Directory /tmp/workdir/hadoop-ozone/integration-test/target/test-dir/MiniOzoneClusterImpl-4a0fc0af-9b4c-46e4-8239-469c87631420/datanode-0/data/ratis/cbd7d263-de2d-4795-a1eb-ffc1ecaa9fc2 close()
2019-07-13 19:24:45,767 INFO  server.GrpcService (GrpcService.java:closeImpl(155)) - 62184408-7eb2-4416-9ece-01a663426769: shutdown server with port 40700 now
2019-07-13 19:24:45,769 INFO  server.GrpcService (GrpcService.java:closeImpl(163)) - 62184408-7eb2-4416-9ece-01a663426769: shutdown server with port 40700 successfully
2019-07-13 19:24:45,771 INFO  utils.BackgroundService (BackgroundService.java:shutdown(148)) - Shutting down service BlockDeletingService
2019-07-13 19:24:45,774 WARN  fs.CachingGetSpaceUsed (CachingGetSpaceUsed.java:run(183)) - Thread Interrupted waiting to refresh disk information: sleep interrupted
2019-07-13 19:24:45,784 INFO  statemachine.DatanodeStateMachine (DatanodeStateMachine.java:stopDaemon(395)) - Ozone container server stopped.
2019-07-13 19:24:45,785 INFO  handler.ContextHandler (ContextHandler.java:doStop(910)) - Stopped o.e.j.w.WebAppContext@2e706bc6{/,null,UNAVAILABLE}{/hddsDatanode}
2019-07-13 19:24:45,786 INFO  server.AbstractConnector (AbstractConnector.java:doStop(318)) - Stopped ServerConnector@653bfc3d{HTTP/1.1,[http/1.1]}{0.0.0.0:0}
2019-07-13 19:24:45,786 INFO  handler.ContextHandler (ContextHandler.java:doStop(910)) - Stopped o.e.j.s.ServletContextHandler@76466a5{/static,jar:file:/home/user/.m2/repository/org/apache/hadoop/hadoop-hdds-container-service/0.5.0-SNAPSHOT/hadoop-hdds-container-service-0.5.0-SNAPSHOT.jar!/webapps/static,UNAVAILABLE}
2019-07-13 19:24:45,786 INFO  handler.ContextHandler (ContextHandler.java:doStop(910)) - Stopped o.e.j.s.ServletContextHandler@19323826{/logs,file:///tmp/workdir/hadoop-ozone/integration-test/target/log,UNAVAILABLE}
2019-07-13 19:24:45,787 INFO  datanode.ObjectStoreHandler (ObjectStoreHandler.java:close(155)) - Closing ObjectStoreHandler.
2019-07-13 19:24:45,788 INFO  ozone.HddsDatanodeService (HddsDatanodeService.java:stop(452)) - Stopped plug-in org.apache.hadoop.ozone.web.OzoneHddsDatanodeService@6c23667e
2019-07-13 19:24:45,795 INFO  statemachine.DatanodeStateMachine (DatanodeStateMachine.java:stopDaemon(395)) - Ozone container server stopped.
2019-07-13 19:24:45,800 INFO  handler.ContextHandler (ContextHandler.java:doStop(910)) - Stopped o.e.j.w.WebAppContext@bafb3bd{/,null,UNAVAILABLE}{/hddsDatanode}
2019-07-13 19:24:45,800 INFO  server.AbstractConnector (AbstractConnector.java:doStop(318)) - Stopped ServerConnector@5ae6a240{HTTP/1.1,[http/1.1]}{0.0.0.0:0}
2019-07-13 19:24:45,805 INFO  handler.ContextHandler (ContextHandler.java:doStop(910)) - Stopped o.e.j.s.ServletContextHandler@11ae5497{/static,jar:file:/home/user/.m2/repository/org/apache/hadoop/hadoop-hdds-container-service/0.5.0-SNAPSHOT/hadoop-hdds-container-service-0.5.0-SNAPSHOT.jar!/webapps/static,UNAVAILABLE}
2019-07-13 19:24:45,805 INFO  handler.ContextHandler (ContextHandler.java:doStop(910)) - Stopped o.e.j.s.ServletContextHandler@ee9b7ac{/logs,file:///tmp/workdir/hadoop-ozone/integration-test/target/log,UNAVAILABLE}
2019-07-13 19:24:46,219 INFO  statemachine.DatanodeStateMachine (DatanodeStateMachine.java:lambda$startDaemon$0(350)) - Ozone container server started.
2019-07-13 19:24:47,674 WARN  server.GrpcLogAppender (LogUtils.java:warn(134)) - 5acdc1a5-2360-4ed6-8079-db033c400996->eed5c648-ddd6-4c02-9f5e-b334fefb281b: Failed appendEntries: org.apache.ratis.thirdparty.io.grpc.StatusRuntimeException: UNAVAILABLE: io exception
2019-07-13 19:24:47,674 WARN  server.GrpcLogAppender (LogUtils.java:warn(134)) - 5acdc1a5-2360-4ed6-8079-db033c400996->ec61217a-c36d-4325-a744-4eef837c4b1b: Failed appendEntries: org.apache.ratis.thirdparty.io.grpc.StatusRuntimeException: UNAVAILABLE: io exception
2019-07-13 19:24:47,674 INFO  impl.FollowerInfo (FollowerInfo.java:lambda$new$0(50)) - 5acdc1a5-2360-4ed6-8079-db033c400996->eed5c648-ddd6-4c02-9f5e-b334fefb281b: nextIndex: updateUnconditionally 6 -> 5
2019-07-13 19:24:47,675 INFO  impl.FollowerInfo (FollowerInfo.java:lambda$new$0(50)) - 5acdc1a5-2360-4ed6-8079-db033c400996->ec61217a-c36d-4325-a744-4eef837c4b1b: nextIndex: updateUnconditionally 4 -> 3
2019-07-13 19:24:50,174 WARN  server.GrpcLogAppender (LogUtils.java:warn(134)) - 5acdc1a5-2360-4ed6-8079-db033c400996->eed5c648-ddd6-4c02-9f5e-b334fefb281b: Failed appendEntries: org.apache.ratis.thirdparty.io.grpc.StatusRuntimeException: UNAVAILABLE: io exception
2019-07-13 19:24:50,174 WARN  server.GrpcLogAppender (LogUtils.java:warn(134)) - 5acdc1a5-2360-4ed6-8079-db033c400996->ec61217a-c36d-4325-a744-4eef837c4b1b: Failed appendEntries: org.apache.ratis.thirdparty.io.grpc.StatusRuntimeException: UNAVAILABLE: io exception
2019-07-13 19:24:50,175 INFO  impl.FollowerInfo (FollowerInfo.java:lambda$new$0(50)) - 5acdc1a5-2360-4ed6-8079-db033c400996->eed5c648-ddd6-4c02-9f5e-b334fefb281b: nextIndex: updateUnconditionally 5 -> 4
2019-07-13 19:24:50,175 INFO  impl.FollowerInfo (FollowerInfo.java:lambda$new$0(50)) - 5acdc1a5-2360-4ed6-8079-db033c400996->ec61217a-c36d-4325-a744-4eef837c4b1b: nextIndex: updateUnconditionally 3 -> 2
2019-07-13 19:24:50,297 INFO  node.StaleNodeHandler (StaleNodeHandler.java:onMessage(58)) - Datanode 5acdc1a5-2360-4ed6-8079-db033c400996{ip: 192.168.69.122, host: trunk-nightly-fxqsz-774976932, networkLocation: /default-rack, certSerialId: null} moved to stale state. Finalizing its pipelines [PipelineID=b0e99ba0-15ad-49b4-b68c-82c50e8539b1, PipelineID=44a4f30d-023e-47c6-bd82-222cf2853544]
2019-07-13 19:24:50,298 INFO  pipeline.SCMPipelineManager (SCMPipelineManager.java:finalizeAndDestroyPipeline(309)) - destroying pipeline:Pipeline[ Id: b0e99ba0-15ad-49b4-b68c-82c50e8539b1, Nodes: 5acdc1a5-2360-4ed6-8079-db033c400996{ip: 192.168.69.122, host: trunk-nightly-fxqsz-774976932, networkLocation: /default-rack, certSerialId: null}eed5c648-ddd6-4c02-9f5e-b334fefb281b{ip: 192.168.69.122, host: trunk-nightly-fxqsz-774976932, networkLocation: /default-rack, certSerialId: null}ec61217a-c36d-4325-a744-4eef837c4b1b{ip: 192.168.69.122, host: trunk-nightly-fxqsz-774976932, networkLocation: /default-rack, certSerialId: null}, Type:RATIS, Factor:THREE, State:CLOSED]
2019-07-13 19:24:50,298 INFO  pipeline.SCMPipelineManager (SCMPipelineManager.java:finalizeAndDestroyPipeline(309)) - destroying pipeline:Pipeline[ Id: 44a4f30d-023e-47c6-bd82-222cf2853544, Nodes: 5acdc1a5-2360-4ed6-8079-db033c400996{ip: 192.168.69.122, host: trunk-nightly-fxqsz-774976932, networkLocation: /default-rack, certSerialId: null}, Type:RATIS, Factor:ONE, State:OPEN]
2019-07-13 19:24:50,298 INFO  pipeline.PipelineStateManager (PipelineStateManager.java:finalizePipeline(123)) - Pipeline Pipeline[ Id: 44a4f30d-023e-47c6-bd82-222cf2853544, Nodes: 5acdc1a5-2360-4ed6-8079-db033c400996{ip: 192.168.69.122, host: trunk-nightly-fxqsz-774976932, networkLocation: /default-rack, certSerialId: null}, Type:RATIS, Factor:ONE, State:CLOSED] moved to CLOSED state
2019-07-13 19:24:50,788 INFO  ozoneimpl.OzoneContainer (OzoneContainer.java:stop(199)) - Attempting to stop container services.
2019-07-13 19:24:50,789 INFO  impl.RaftServerProxy (RaftServerProxy.java:lambda$close$4(314)) - 5acdc1a5-2360-4ed6-8079-db033c400996: close
2019-07-13 19:24:50,790 INFO  impl.RaftServerImpl (RaftServerImpl.java:lambda$shutdown$3(245)) - 5acdc1a5-2360-4ed6-8079-db033c400996: shutdown group-82C50E8539B1
2019-07-13 19:24:50,790 INFO  util.JmxRegister (JmxRegister.java:unregister(73)) - Successfully un-registered JMX Bean with object name Ratis:service=RaftServer,group=group-82C50E8539B1,id=5acdc1a5-2360-4ed6-8079-db033c400996
2019-07-13 19:24:50,791 INFO  impl.RoleInfo (RoleInfo.java:shutdownLeaderState(104)) - 5acdc1a5-2360-4ed6-8079-db033c400996: shutdown LeaderState
2019-07-13 19:24:50,798 INFO  impl.PendingRequests (PendingRequests.java:sendNotLeaderResponses(202)) - 5acdc1a5-2360-4ed6-8079-db033c400996-PendingRequests: sendNotLeaderResponses
2019-07-13 19:24:50,799 WARN  server.GrpcLogAppender (GrpcLogAppender.java:mayWait(143)) - GrpcLogAppender(5acdc1a5-2360-4ed6-8079-db033c400996->eed5c648-ddd6-4c02-9f5e-b334fefb281b): Wait interrupted by java.lang.InterruptedException
2019-07-13 19:24:50,799 WARN  server.GrpcLogAppender (GrpcLogAppender.java:mayWait(143)) - GrpcLogAppender(5acdc1a5-2360-4ed6-8079-db033c400996->ec61217a-c36d-4325-a744-4eef837c4b1b): Wait interrupted by java.lang.InterruptedException
2019-07-13 19:24:50,807 INFO  impl.StateMachineUpdater (StateMachineUpdater.java:stopAndJoin(115)) - StateMachineUpdater:5acdc1a5-2360-4ed6-8079-db033c400996:group-82C50E8539B1: set stopIndex = 8
2019-07-13 19:24:50,807 INFO  ratis.ContainerStateMachine (ContainerStateMachine.java:takeSnapshot(246)) - Taking snapshot at termIndex:(t:1, i:8)
2019-07-13 19:24:50,808 INFO  ratis.ContainerStateMachine (ContainerStateMachine.java:takeSnapshot(250)) - Taking a snapshot to file /tmp/workdir/hadoop-ozone/integration-test/target/test-dir/MiniOzoneClusterImpl-4a0fc0af-9b4c-46e4-8239-469c87631420/datanode-5/data/ratis/b0e99ba0-15ad-49b4-b68c-82c50e8539b1/sm/snapshot.1_8
2019-07-13 19:24:50,809 INFO  impl.StateMachineUpdater (StateMachineUpdater.java:takeSnapshot(242)) - StateMachineUpdater:5acdc1a5-2360-4ed6-8079-db033c400996:group-82C50E8539B1: Took a snapshot at index 8
2019-07-13 19:24:50,809 INFO  impl.StateMachineUpdater (StateMachineUpdater.java:lambda$new$0(80)) - StateMachineUpdater:5acdc1a5-2360-4ed6-8079-db033c400996:group-82C50E8539B1: snapshotIndex: updateIncreasingly -1 -> 8
2019-07-13 19:24:50,809 INFO  impl.RaftServerImpl (ServerState.java:close(394)) - 5acdc1a5-2360-4ed6-8079-db033c400996:group-82C50E8539B1 closes. The last applied log index is 8
2019-07-13 19:24:50,810 INFO  segmented.SegmentedRaftLogWorker (SegmentedRaftLogWorker.java:run(313)) - 5acdc1a5-2360-4ed6-8079-db033c400996-SegmentedRaftLogWorker:Storage Directory /tmp/workdir/hadoop-ozone/integration-test/target/test-dir/MiniOzoneClusterImpl-4a0fc0af-9b4c-46e4-8239-469c87631420/datanode-5/data/ratis/b0e99ba0-15ad-49b4-b68c-82c50e8539b1 was interrupted, exiting. There are 0 tasks remaining in the queue.
2019-07-13 19:24:50,810 INFO  segmented.SegmentedRaftLogWorker (SegmentedRaftLogWorker.java:close(228)) - 5acdc1a5-2360-4ed6-8079-db033c400996-SegmentedRaftLogWorker:Storage Directory /tmp/workdir/hadoop-ozone/integration-test/target/test-dir/MiniOzoneClusterImpl-4a0fc0af-9b4c-46e4-8239-469c87631420/datanode-5/data/ratis/b0e99ba0-15ad-49b4-b68c-82c50e8539b1 close()
2019-07-13 19:24:50,811 INFO  impl.RaftServerImpl (RaftServerImpl.java:lambda$shutdown$3(245)) - 5acdc1a5-2360-4ed6-8079-db033c400996: shutdown group-222CF2853544
2019-07-13 19:24:50,811 INFO  util.JmxRegister (JmxRegister.java:unregister(73)) - Successfully un-registered JMX Bean with object name Ratis:service=RaftServer,group=group-222CF2853544,id=5acdc1a5-2360-4ed6-8079-db033c400996
2019-07-13 19:24:50,811 INFO  impl.RoleInfo (RoleInfo.java:shutdownLeaderState(104)) - 5acdc1a5-2360-4ed6-8079-db033c400996: shutdown LeaderState
2019-07-13 19:24:50,812 INFO  impl.PendingRequests (PendingRequests.java:sendNotLeaderResponses(202)) - 5acdc1a5-2360-4ed6-8079-db033c400996-PendingRequests: sendNotLeaderResponses
2019-07-13 19:24:50,812 INFO  impl.StateMachineUpdater (StateMachineUpdater.java:stopAndJoin(115)) - StateMachineUpdater:5acdc1a5-2360-4ed6-8079-db033c400996:group-222CF2853544: set stopIndex = 0
2019-07-13 19:24:50,812 INFO  ratis.ContainerStateMachine (ContainerStateMachine.java:takeSnapshot(246)) - Taking snapshot at termIndex:(t:0, i:~)
2019-07-13 19:24:50,813 INFO  impl.RaftServerImpl (ServerState.java:close(394)) - 5acdc1a5-2360-4ed6-8079-db033c400996:group-222CF2853544 closes. The last applied log index is 0
2019-07-13 19:24:50,813 INFO  segmented.SegmentedRaftLogWorker (SegmentedRaftLogWorker.java:run(313)) - 5acdc1a5-2360-4ed6-8079-db033c400996-SegmentedRaftLogWorker:Storage Directory /tmp/workdir/hadoop-ozone/integration-test/target/test-dir/MiniOzoneClusterImpl-4a0fc0af-9b4c-46e4-8239-469c87631420/datanode-5/data/ratis/44a4f30d-023e-47c6-bd82-222cf2853544 was interrupted, exiting. There are 0 tasks remaining in the queue.
2019-07-13 19:24:50,814 INFO  segmented.SegmentedRaftLogWorker (SegmentedRaftLogWorker.java:close(228)) - 5acdc1a5-2360-4ed6-8079-db033c400996-SegmentedRaftLogWorker:Storage Directory /tmp/workdir/hadoop-ozone/integration-test/target/test-dir/MiniOzoneClusterImpl-4a0fc0af-9b4c-46e4-8239-469c87631420/datanode-5/data/ratis/44a4f30d-023e-47c6-bd82-222cf2853544 close()
2019-07-13 19:24:50,814 INFO  server.GrpcService (GrpcService.java:closeImpl(155)) - 5acdc1a5-2360-4ed6-8079-db033c400996: shutdown server with port 44461 now
2019-07-13 19:24:50,817 INFO  server.GrpcService (GrpcService.java:closeImpl(163)) - 5acdc1a5-2360-4ed6-8079-db033c400996: shutdown server with port 44461 successfully
2019-07-13 19:24:50,820 INFO  utils.BackgroundService (BackgroundService.java:shutdown(148)) - Shutting down service BlockDeletingService
2019-07-13 19:24:50,822 WARN  fs.CachingGetSpaceUsed (CachingGetSpaceUsed.java:run(183)) - Thread Interrupted waiting to refresh disk information: sleep interrupted
2019-07-13 19:24:50,851 INFO  statemachine.DatanodeStateMachine (DatanodeStateMachine.java:stopDaemon(395)) - Ozone container server stopped.
2019-07-13 19:24:50,852 INFO  handler.ContextHandler (ContextHandler.java:doStop(910)) - Stopped o.e.j.w.WebAppContext@562998d3{/,null,UNAVAILABLE}{/hddsDatanode}
2019-07-13 19:24:50,853 INFO  server.AbstractConnector (AbstractConnector.java:doStop(318)) - Stopped ServerConnector@729fc36a{HTTP/1.1,[http/1.1]}{0.0.0.0:0}
2019-07-13 19:24:50,853 INFO  handler.ContextHandler (ContextHandler.java:doStop(910)) - Stopped o.e.j.s.ServletContextHandler@49a14b44{/static,jar:file:/home/user/.m2/repository/org/apache/hadoop/hadoop-hdds-container-service/0.5.0-SNAPSHOT/hadoop-hdds-container-service-0.5.0-SNAPSHOT.jar!/webapps/static,UNAVAILABLE}
2019-07-13 19:24:50,854 INFO  handler.ContextHandler (ContextHandler.java:doStop(910)) - Stopped o.e.j.s.ServletContextHandler@62d26820{/logs,file:///tmp/workdir/hadoop-ozone/integration-test/target/log,UNAVAILABLE}
2019-07-13 19:24:50,855 INFO  ozone.MiniOzoneClusterImpl (MiniOzoneClusterImpl.java:stop(353)) - Stopping the StorageContainerManager
2019-07-13 19:24:50,855 INFO  server.StorageContainerManager (StorageContainerManager.java:stop(796)) - Stopping Replication Manager Service.
2019-07-13 19:24:50,855 INFO  container.ReplicationManager (ReplicationManager.java:stop(187)) - Stopping Replication Monitor Thread.
2019-07-13 19:24:50,856 INFO  server.StorageContainerManager (StorageContainerManager.java:stop(803)) - Stopping Lease Manager of the command watchers
2019-07-13 19:24:50,856 INFO  server.StorageContainerManager (StorageContainerManager.java:stop(810)) - Stopping datanode service RPC server
2019-07-13 19:24:50,856 INFO  server.SCMDatanodeProtocolServer (SCMDatanodeProtocolServer.java:stop(375)) - Stopping the RPC server for DataNodes
2019-07-13 19:24:50,856 INFO  ipc.Server (Server.java:stop(3082)) - Stopping server on 46558
2019-07-13 19:24:50,860 INFO  ipc.Server (Server.java:run(1185)) - Stopping IPC Server listener on 46558
2019-07-13 19:24:50,861 INFO  ipc.Server (Server.java:run(1319)) - Stopping IPC Server Responder
2019-07-13 19:24:50,898 WARN  node.NodeStateManager (NodeStateManager.java:scheduleNextHealthCheck(631)) - Current Thread is interrupted, shutting down HB processing thread for Node Manager.
2019-07-13 19:24:50,899 INFO  server.StorageContainerManager (StorageContainerManager.java:stop(818)) - Stopping block service RPC server
2019-07-13 19:24:50,899 INFO  server.SCMBlockProtocolServer (SCMBlockProtocolServer.java:stop(148)) - Stopping the RPC server for Block Protocol
2019-07-13 19:24:50,899 INFO  ipc.Server (Server.java:stop(3082)) - Stopping server on 46410
2019-07-13 19:24:50,902 INFO  ipc.Server (Server.java:run(1185)) - Stopping IPC Server listener on 46410
2019-07-13 19:24:50,902 INFO  ipc.Server (Server.java:run(1319)) - Stopping IPC Server Responder
2019-07-13 19:24:50,902 INFO  server.StorageContainerManager (StorageContainerManager.java:stop(825)) - Stopping the StorageContainerLocationProtocol RPC server
2019-07-13 19:24:50,902 INFO  server.SCMClientProtocolServer (SCMClientProtocolServer.java:stop(157)) - Stopping the RPC server for Client Protocol
2019-07-13 19:24:50,904 INFO  ipc.Server (Server.java:stop(3082)) - Stopping server on 36820
2019-07-13 19:24:50,907 INFO  ipc.Server (Server.java:run(1185)) - Stopping IPC Server listener on 36820
2019-07-13 19:24:50,907 INFO  server.StorageContainerManager (StorageContainerManager.java:stop(832)) - Stopping Storage Container Manager HTTP server.
2019-07-13 19:24:50,907 INFO  ipc.Server (Server.java:run(1319)) - Stopping IPC Server Responder
2019-07-13 19:24:50,909 INFO  handler.ContextHandler (ContextHandler.java:doStop(910)) - Stopped o.e.j.w.WebAppContext@ffa60c9{/,null,UNAVAILABLE}{/scm}
2019-07-13 19:24:50,911 INFO  server.AbstractConnector (AbstractConnector.java:doStop(318)) - Stopped ServerConnector@646ba7be{HTTP/1.1,[http/1.1]}{0.0.0.0:0}
2019-07-13 19:24:50,911 INFO  handler.ContextHandler (ContextHandler.java:doStop(910)) - Stopped o.e.j.s.ServletContextHandler@2de4045a{/static,file:///tmp/workdir/hadoop-ozone/integration-test/target/test-classes/webapps/static,UNAVAILABLE}
2019-07-13 19:24:50,911 INFO  handler.ContextHandler (ContextHandler.java:doStop(910)) - Stopped o.e.j.s.ServletContextHandler@3f2cc8ab{/logs,file:///tmp/workdir/hadoop-ozone/integration-test/target/log,UNAVAILABLE}
2019-07-13 19:24:50,912 INFO  server.StorageContainerManager (StorageContainerManager.java:stop(843)) - Stopping Block Manager Service.
2019-07-13 19:24:50,913 INFO  utils.BackgroundService (BackgroundService.java:shutdown(148)) - Shutting down service SCMBlockDeletingService
2019-07-13 19:24:50,913 INFO  utils.BackgroundService (BackgroundService.java:shutdown(148)) - Shutting down service SCMBlockDeletingService
2019-07-13 19:24:50,914 INFO  server.StorageContainerManager (StorageContainerManager.java:stop(865)) - Stopping SCM Event Queue.
2019-07-13 19:24:50,941 INFO  impl.MetricsSystemImpl (MetricsSystemImpl.java:stop(210)) - Stopping HddsDatanode metrics system...
2019-07-13 19:24:50,954 INFO  impl.MetricsSystemImpl (MetricsSystemImpl.java:stop(216)) - HddsDatanode metrics system stopped.
]]></system-out>
    <system-err><![CDATA[Jul 13, 2019 7:24:18 PM com.sun.jersey.server.impl.application.WebApplicationImpl _initiate
INFO: Initiating Jersey application, version 'Jersey: 1.19 02/11/2015 03:25 AM'
Jul 13, 2019 7:24:18 PM com.sun.jersey.server.impl.application.WebApplicationImpl _initiate
INFO: Initiating Jersey application, version 'Jersey: 1.19 02/11/2015 03:25 AM'
Jul 13, 2019 7:24:18 PM com.sun.jersey.server.impl.application.WebApplicationImpl _initiate
INFO: Initiating Jersey application, version 'Jersey: 1.19 02/11/2015 03:25 AM'
Jul 13, 2019 7:24:18 PM com.sun.jersey.server.impl.application.WebApplicationImpl _initiate
INFO: Initiating Jersey application, version 'Jersey: 1.19 02/11/2015 03:25 AM'
Jul 13, 2019 7:24:18 PM com.sun.jersey.server.impl.application.WebApplicationImpl _initiate
INFO: Initiating Jersey application, version 'Jersey: 1.19 02/11/2015 03:25 AM'
Jul 13, 2019 7:24:19 PM com.sun.jersey.server.impl.application.WebApplicationImpl _initiate
INFO: Initiating Jersey application, version 'Jersey: 1.19 02/11/2015 03:25 AM'
Jul 13, 2019 7:24:19 PM com.sun.jersey.server.impl.application.WebApplicationImpl _initiate
INFO: Initiating Jersey application, version 'Jersey: 1.19 02/11/2015 03:25 AM'
]]></system-err>
  </testcase>
</testsuite>